<?xml version="1.0" encoding="UTF-8"?>
<testsuites name="Dispensary_Cms_Suite" time="1982" tests="7" failures="1" errors="4">
   <testsuite name="Dispensary_Cms_Suite" tests="7" failures="1" errors="4" time="1982" timestamp="2018-05-21 09:58:49" hostname="Quality Analyst - DESKTOP-BLFTK83" id="Test Suites/Dispensary_Cms_Suite">
      <properties>
         <property name="deviceName" value=""/>
         <property name="devicePlatform" value=""/>
         <property name="logFolder" value="C:\\Users\\Quality Analyst\\Katalon Studio\\ds\\Reports\\Dispensary_Cms_Suite\\20180521_095828"/>
         <property name="logFiles" value="C:\\Users\\Quality Analyst\\Katalon Studio\\ds\\Reports\\Dispensary_Cms_Suite\\20180521_095828\\execution0.log, C:\\Users\\Quality Analyst\\Katalon Studio\\ds\\Reports\\Dispensary_Cms_Suite\\20180521_095828\\execution1.log"/>
         <property name="attachments" value="C:\\Users\\Quality Analyst\\Katalon Studio\\ds\\Reports\\Dispensary_Cms_Suite\\20180521_095828\\1526877652167.png"/>
         <property name="hostName" value="Quality Analyst - DESKTOP-BLFTK83"/>
         <property name="os" value="Windows 10 64bit"/>
         <property name="katalonVersion" value="5.4.1.1"/>
         <property name="browser" value="Chrome 66.0.3359.139"/>
         <property name="hostAddress" value="192.168.71.2"/>
         <property name="sessionId" value="557d03447983115ce8f4e6f0d133e12d"/>
         <property name="seleniumVersion" value="3.7.1"/>
         <property name="proxyInformation" value="ProxyInformation{proxyOption=NO_PROXY, proxyServerType=HTTP, password=, proxyServerAddress=, proxyServerPort=0}"/>
         <property name="platform" value="Windows 10"/>
      </properties>
      <testcase name="Test Cases/DISPENSARY TEST CASES/TC_DP_013 Verify Schedule 1 Dispensary To CMS Request Are Working Successfully Or Not" classname="Test Cases/DISPENSARY TEST CASES/TC_DP_013 Verify Schedule 1 Dispensary To CMS Request Are Working Successfully Or Not" status="PASSED">
         <system-out><![CDATA[2018-05-21 09:58:50 - [TEST_CASE][PASSED] - Test Cases/DISPENSARY TEST CASES/TC_DP_013 Verify Schedule 1 Dispensary To CMS Request Are Working Successfully Or Not: Test Cases/DISPENSARY TEST CASES/TC_DP_013 Verify Schedule 1 Dispensary To CMS Request Are Working Successfully Or Not

2018-05-21 09:58:50 - [TEST_STEP][PASSED] - openBrowser: Browser is opened with url: ''

2018-05-21 09:58:55 - [MESSAGE][PASSED] - Browser is opened with url: ''

2018-05-21 09:58:55 - [TEST_STEP][PASSED] - navigateToUrl: Navigate to 'http://192.168.137.1/multihospital_new/HDSplashscreen.aspx' successfully

2018-05-21 09:58:59 - [MESSAGE][PASSED] - Navigate to 'http://192.168.137.1/multihospital_new/HDSplashscreen.aspx' successfully

2018-05-21 09:58:59 - [TEST_STEP][PASSED] - maximizeWindow: Current window maximized

2018-05-21 09:59:00 - [MESSAGE][PASSED] - Current window maximized

2018-05-21 09:59:00 - [TEST_STEP][PASSED] - click: Object: 'Object Repository/DispensaryToCms/Page_KDMC/a_Dispensary Store' is clicked on

2018-05-21 09:59:03 - [MESSAGE][PASSED] - Object: 'Object Repository/DispensaryToCms/Page_KDMC/a_Dispensary Store' is clicked on

2018-05-21 09:59:03 - [TEST_STEP][PASSED] - setText: Text 'rajaram' is set on object 'Object Repository/DispensaryToCms/Page_Dispensary Store Login/input_txtusername'

2018-05-21 09:59:03 - [MESSAGE][PASSED] - Text 'rajaram' is set on object 'Object Repository/DispensaryToCms/Page_Dispensary Store Login/input_txtusername'

2018-05-21 09:59:03 - [TEST_STEP][PASSED] - setText: Text '123' is set on object 'Object Repository/DispensaryToCms/Page_Dispensary Store Login/input_txtpassword'

2018-05-21 09:59:03 - [MESSAGE][PASSED] - Text '123' is set on object 'Object Repository/DispensaryToCms/Page_Dispensary Store Login/input_txtpassword'

2018-05-21 09:59:03 - [TEST_STEP][PASSED] - delay: Delayed 3 second(s)

2018-05-21 09:59:06 - [MESSAGE][PASSED] - Delayed 3 second(s)

2018-05-21 09:59:06 - [TEST_STEP][PASSED] - click: Object: 'Object Repository/DispensaryToCms/Page_Dispensary Store Login/button_Sign in' is clicked on

2018-05-21 09:59:07 - [MESSAGE][PASSED] - Object: 'Object Repository/DispensaryToCms/Page_Dispensary Store Login/button_Sign in' is clicked on

2018-05-21 09:59:07 - [TEST_STEP][PASSED] - delay: Delayed 3 second(s)

2018-05-21 09:59:10 - [MESSAGE][PASSED] - Delayed 3 second(s)

2018-05-21 09:59:10 - [TEST_STEP][PASSED] - click: Object: 'Object Repository/DispensaryToCms/Page_Dispensary Store/a_CMS' is clicked on

2018-05-21 09:59:10 - [MESSAGE][PASSED] - Object: 'Object Repository/DispensaryToCms/Page_Dispensary Store/a_CMS' is clicked on

2018-05-21 09:59:10 - [TEST_STEP][PASSED] - click: Object: 'Object Repository/DispensaryToCms/Page_Dispensary Store/a_Request Send' is clicked on

2018-05-21 09:59:11 - [MESSAGE][PASSED] - Object: 'Object Repository/DispensaryToCms/Page_Dispensary Store/a_Request Send' is clicked on

2018-05-21 09:59:11 - [TEST_STEP][PASSED] - delay: Delayed 2 second(s)

2018-05-21 09:59:13 - [MESSAGE][PASSED] - Delayed 2 second(s)

2018-05-21 09:59:13 - [TEST_STEP][PASSED] - selectOptionByIndex: All options with index in [2] are selected on object 'Object Repository/DispensaryToCms/Page_Dispensary Store/select_--Select--'

2018-05-21 09:59:13 - [MESSAGE][PASSED] - All options with index in [2] are selected on object 'Object Repository/DispensaryToCms/Page_Dispensary Store/select_--Select--'

2018-05-21 09:59:13 - [TEST_STEP][PASSED] - selectOptionByIndex: All options with index in [5] are selected on object 'Object Repository/DispensaryToCms/Page_Dispensary Store/select_--Select--Schedule 1Inj'

2018-05-21 09:59:14 - [MESSAGE][PASSED] - All options with index in [5] are selected on object 'Object Repository/DispensaryToCms/Page_Dispensary Store/select_--Select--Schedule 1Inj'

2018-05-21 09:59:14 - [TEST_STEP][PASSED] - Statement - medicineslength = com.kms.katalon.core.webui.keyword.WebUiBuiltInKeywords.getNumberOfTotalOption(com.kms.katalon.core.testobject.ObjectRepository.findTestObject(DispensaryToCms/Page_Dispensary Store/select_--Select--Adernaline 0.)): 17 options of object 'Object Repository/DispensaryToCms/Page_Dispensary Store/select_--Select--Adernaline 0.' counted

2018-05-21 09:59:14 - [MESSAGE][PASSED] - 17 options of object 'Object Repository/DispensaryToCms/Page_Dispensary Store/select_--Select--Adernaline 0.' counted

2018-05-21 09:59:14 - [TEST_STEP][PASSED] - Statement - For ([e = 1, e <= medicineslength - 1, (e++)]): Object: 'Object Repository/DispensaryToCms/Page_Dispensary Store/button_Add' is clicked on

2018-05-21 09:59:14 - [TEST_STEP][PASSED] - selectOptionByIndex: All options with index in [5] are selected on object 'Object Repository/DispensaryToCms/Page_Dispensary Store/select_--Select--Schedule 1Inj'

2018-05-21 09:59:14 - [MESSAGE][PASSED] - All options with index in [5] are selected on object 'Object Repository/DispensaryToCms/Page_Dispensary Store/select_--Select--Schedule 1Inj'

2018-05-21 09:59:14 - [TEST_STEP][PASSED] - selectOptionByIndex: All options with index in [1] are selected on object 'Object Repository/DispensaryToCms/Page_Dispensary Store/select_--Select--Adernaline 0.'

2018-05-21 09:59:14 - [MESSAGE][PASSED] - All options with index in [1] are selected on object 'Object Repository/DispensaryToCms/Page_Dispensary Store/select_--Select--Adernaline 0.'

2018-05-21 09:59:14 - [TEST_STEP][PASSED] - setText: Text '100' is set on object 'Object Repository/DispensaryToCms/Page_Dispensary Store/input_txttreat'

2018-05-21 09:59:14 - [MESSAGE][PASSED] - Text '100' is set on object 'Object Repository/DispensaryToCms/Page_Dispensary Store/input_txttreat'

2018-05-21 09:59:14 - [TEST_STEP][PASSED] - click: Object: 'Object Repository/DispensaryToCms/Page_Dispensary Store/button_Add' is clicked on

2018-05-21 09:59:14 - [MESSAGE][PASSED] - Object: 'Object Repository/DispensaryToCms/Page_Dispensary Store/button_Add' is clicked on

2018-05-21 09:59:14 - [TEST_STEP][PASSED] - selectOptionByIndex: All options with index in [5] are selected on object 'Object Repository/DispensaryToCms/Page_Dispensary Store/select_--Select--Schedule 1Inj'

2018-05-21 09:59:15 - [MESSAGE][PASSED] - All options with index in [5] are selected on object 'Object Repository/DispensaryToCms/Page_Dispensary Store/select_--Select--Schedule 1Inj'

2018-05-21 09:59:15 - [TEST_STEP][PASSED] - selectOptionByIndex: All options with index in [2] are selected on object 'Object Repository/DispensaryToCms/Page_Dispensary Store/select_--Select--Adernaline 0.'

2018-05-21 09:59:15 - [MESSAGE][PASSED] - All options with index in [2] are selected on object 'Object Repository/DispensaryToCms/Page_Dispensary Store/select_--Select--Adernaline 0.'

2018-05-21 09:59:15 - [TEST_STEP][PASSED] - setText: Text '100' is set on object 'Object Repository/DispensaryToCms/Page_Dispensary Store/input_txttreat'

2018-05-21 09:59:15 - [MESSAGE][PASSED] - Text '100' is set on object 'Object Repository/DispensaryToCms/Page_Dispensary Store/input_txttreat'

2018-05-21 09:59:15 - [TEST_STEP][PASSED] - click: Object: 'Object Repository/DispensaryToCms/Page_Dispensary Store/button_Add' is clicked on

2018-05-21 09:59:15 - [MESSAGE][PASSED] - Object: 'Object Repository/DispensaryToCms/Page_Dispensary Store/button_Add' is clicked on

2018-05-21 09:59:15 - [TEST_STEP][PASSED] - selectOptionByIndex: All options with index in [5] are selected on object 'Object Repository/DispensaryToCms/Page_Dispensary Store/select_--Select--Schedule 1Inj'

2018-05-21 09:59:15 - [MESSAGE][PASSED] - All options with index in [5] are selected on object 'Object Repository/DispensaryToCms/Page_Dispensary Store/select_--Select--Schedule 1Inj'

2018-05-21 09:59:15 - [TEST_STEP][PASSED] - selectOptionByIndex: All options with index in [3] are selected on object 'Object Repository/DispensaryToCms/Page_Dispensary Store/select_--Select--Adernaline 0.'

2018-05-21 09:59:15 - [MESSAGE][PASSED] - All options with index in [3] are selected on object 'Object Repository/DispensaryToCms/Page_Dispensary Store/select_--Select--Adernaline 0.'

2018-05-21 09:59:15 - [TEST_STEP][PASSED] - setText: Text '100' is set on object 'Object Repository/DispensaryToCms/Page_Dispensary Store/input_txttreat'

2018-05-21 09:59:15 - [MESSAGE][PASSED] - Text '100' is set on object 'Object Repository/DispensaryToCms/Page_Dispensary Store/input_txttreat'

2018-05-21 09:59:15 - [TEST_STEP][PASSED] - click: Object: 'Object Repository/DispensaryToCms/Page_Dispensary Store/button_Add' is clicked on

2018-05-21 09:59:15 - [MESSAGE][PASSED] - Object: 'Object Repository/DispensaryToCms/Page_Dispensary Store/button_Add' is clicked on

2018-05-21 09:59:15 - [TEST_STEP][PASSED] - selectOptionByIndex: All options with index in [5] are selected on object 'Object Repository/DispensaryToCms/Page_Dispensary Store/select_--Select--Schedule 1Inj'

2018-05-21 09:59:16 - [MESSAGE][PASSED] - All options with index in [5] are selected on object 'Object Repository/DispensaryToCms/Page_Dispensary Store/select_--Select--Schedule 1Inj'

2018-05-21 09:59:16 - [TEST_STEP][PASSED] - selectOptionByIndex: All options with index in [4] are selected on object 'Object Repository/DispensaryToCms/Page_Dispensary Store/select_--Select--Adernaline 0.'

2018-05-21 09:59:16 - [MESSAGE][PASSED] - All options with index in [4] are selected on object 'Object Repository/DispensaryToCms/Page_Dispensary Store/select_--Select--Adernaline 0.'

2018-05-21 09:59:16 - [TEST_STEP][PASSED] - setText: Text '100' is set on object 'Object Repository/DispensaryToCms/Page_Dispensary Store/input_txttreat'

2018-05-21 09:59:16 - [MESSAGE][PASSED] - Text '100' is set on object 'Object Repository/DispensaryToCms/Page_Dispensary Store/input_txttreat'

2018-05-21 09:59:16 - [TEST_STEP][PASSED] - click: Object: 'Object Repository/DispensaryToCms/Page_Dispensary Store/button_Add' is clicked on

2018-05-21 09:59:16 - [MESSAGE][PASSED] - Object: 'Object Repository/DispensaryToCms/Page_Dispensary Store/button_Add' is clicked on

2018-05-21 09:59:16 - [TEST_STEP][PASSED] - selectOptionByIndex: All options with index in [5] are selected on object 'Object Repository/DispensaryToCms/Page_Dispensary Store/select_--Select--Schedule 1Inj'

2018-05-21 09:59:16 - [MESSAGE][PASSED] - All options with index in [5] are selected on object 'Object Repository/DispensaryToCms/Page_Dispensary Store/select_--Select--Schedule 1Inj'

2018-05-21 09:59:16 - [TEST_STEP][PASSED] - selectOptionByIndex: All options with index in [5] are selected on object 'Object Repository/DispensaryToCms/Page_Dispensary Store/select_--Select--Adernaline 0.'

2018-05-21 09:59:16 - [MESSAGE][PASSED] - All options with index in [5] are selected on object 'Object Repository/DispensaryToCms/Page_Dispensary Store/select_--Select--Adernaline 0.'

2018-05-21 09:59:16 - [TEST_STEP][PASSED] - setText: Text '100' is set on object 'Object Repository/DispensaryToCms/Page_Dispensary Store/input_txttreat'

2018-05-21 09:59:17 - [MESSAGE][PASSED] - Text '100' is set on object 'Object Repository/DispensaryToCms/Page_Dispensary Store/input_txttreat'

2018-05-21 09:59:17 - [TEST_STEP][PASSED] - click: Object: 'Object Repository/DispensaryToCms/Page_Dispensary Store/button_Add' is clicked on

2018-05-21 09:59:17 - [MESSAGE][PASSED] - Object: 'Object Repository/DispensaryToCms/Page_Dispensary Store/button_Add' is clicked on

2018-05-21 09:59:17 - [TEST_STEP][PASSED] - selectOptionByIndex: All options with index in [5] are selected on object 'Object Repository/DispensaryToCms/Page_Dispensary Store/select_--Select--Schedule 1Inj'

2018-05-21 09:59:17 - [MESSAGE][PASSED] - All options with index in [5] are selected on object 'Object Repository/DispensaryToCms/Page_Dispensary Store/select_--Select--Schedule 1Inj'

2018-05-21 09:59:17 - [TEST_STEP][PASSED] - selectOptionByIndex: All options with index in [6] are selected on object 'Object Repository/DispensaryToCms/Page_Dispensary Store/select_--Select--Adernaline 0.'

2018-05-21 09:59:17 - [MESSAGE][PASSED] - All options with index in [6] are selected on object 'Object Repository/DispensaryToCms/Page_Dispensary Store/select_--Select--Adernaline 0.'

2018-05-21 09:59:17 - [TEST_STEP][PASSED] - setText: Text '100' is set on object 'Object Repository/DispensaryToCms/Page_Dispensary Store/input_txttreat'

2018-05-21 09:59:17 - [MESSAGE][PASSED] - Text '100' is set on object 'Object Repository/DispensaryToCms/Page_Dispensary Store/input_txttreat'

2018-05-21 09:59:17 - [TEST_STEP][PASSED] - click: Object: 'Object Repository/DispensaryToCms/Page_Dispensary Store/button_Add' is clicked on

2018-05-21 09:59:17 - [MESSAGE][PASSED] - Object: 'Object Repository/DispensaryToCms/Page_Dispensary Store/button_Add' is clicked on

2018-05-21 09:59:17 - [TEST_STEP][PASSED] - selectOptionByIndex: All options with index in [5] are selected on object 'Object Repository/DispensaryToCms/Page_Dispensary Store/select_--Select--Schedule 1Inj'

2018-05-21 09:59:17 - [MESSAGE][PASSED] - All options with index in [5] are selected on object 'Object Repository/DispensaryToCms/Page_Dispensary Store/select_--Select--Schedule 1Inj'

2018-05-21 09:59:17 - [TEST_STEP][PASSED] - selectOptionByIndex: All options with index in [7] are selected on object 'Object Repository/DispensaryToCms/Page_Dispensary Store/select_--Select--Adernaline 0.'

2018-05-21 09:59:18 - [MESSAGE][PASSED] - All options with index in [7] are selected on object 'Object Repository/DispensaryToCms/Page_Dispensary Store/select_--Select--Adernaline 0.'

2018-05-21 09:59:18 - [TEST_STEP][PASSED] - setText: Text '100' is set on object 'Object Repository/DispensaryToCms/Page_Dispensary Store/input_txttreat'

2018-05-21 09:59:18 - [MESSAGE][PASSED] - Text '100' is set on object 'Object Repository/DispensaryToCms/Page_Dispensary Store/input_txttreat'

2018-05-21 09:59:18 - [TEST_STEP][PASSED] - click: Object: 'Object Repository/DispensaryToCms/Page_Dispensary Store/button_Add' is clicked on

2018-05-21 09:59:18 - [MESSAGE][PASSED] - Object: 'Object Repository/DispensaryToCms/Page_Dispensary Store/button_Add' is clicked on

2018-05-21 09:59:18 - [TEST_STEP][PASSED] - selectOptionByIndex: All options with index in [5] are selected on object 'Object Repository/DispensaryToCms/Page_Dispensary Store/select_--Select--Schedule 1Inj'

2018-05-21 09:59:18 - [MESSAGE][PASSED] - All options with index in [5] are selected on object 'Object Repository/DispensaryToCms/Page_Dispensary Store/select_--Select--Schedule 1Inj'

2018-05-21 09:59:18 - [TEST_STEP][PASSED] - selectOptionByIndex: All options with index in [8] are selected on object 'Object Repository/DispensaryToCms/Page_Dispensary Store/select_--Select--Adernaline 0.'

2018-05-21 09:59:18 - [MESSAGE][PASSED] - All options with index in [8] are selected on object 'Object Repository/DispensaryToCms/Page_Dispensary Store/select_--Select--Adernaline 0.'

2018-05-21 09:59:18 - [TEST_STEP][PASSED] - setText: Text '100' is set on object 'Object Repository/DispensaryToCms/Page_Dispensary Store/input_txttreat'

2018-05-21 09:59:18 - [MESSAGE][PASSED] - Text '100' is set on object 'Object Repository/DispensaryToCms/Page_Dispensary Store/input_txttreat'

2018-05-21 09:59:18 - [TEST_STEP][PASSED] - click: Object: 'Object Repository/DispensaryToCms/Page_Dispensary Store/button_Add' is clicked on

2018-05-21 09:59:19 - [MESSAGE][PASSED] - Object: 'Object Repository/DispensaryToCms/Page_Dispensary Store/button_Add' is clicked on

2018-05-21 09:59:19 - [TEST_STEP][PASSED] - selectOptionByIndex: All options with index in [5] are selected on object 'Object Repository/DispensaryToCms/Page_Dispensary Store/select_--Select--Schedule 1Inj'

2018-05-21 09:59:19 - [MESSAGE][PASSED] - All options with index in [5] are selected on object 'Object Repository/DispensaryToCms/Page_Dispensary Store/select_--Select--Schedule 1Inj'

2018-05-21 09:59:19 - [TEST_STEP][PASSED] - selectOptionByIndex: All options with index in [9] are selected on object 'Object Repository/DispensaryToCms/Page_Dispensary Store/select_--Select--Adernaline 0.'

2018-05-21 09:59:19 - [MESSAGE][PASSED] - All options with index in [9] are selected on object 'Object Repository/DispensaryToCms/Page_Dispensary Store/select_--Select--Adernaline 0.'

2018-05-21 09:59:19 - [TEST_STEP][PASSED] - setText: Text '100' is set on object 'Object Repository/DispensaryToCms/Page_Dispensary Store/input_txttreat'

2018-05-21 09:59:19 - [MESSAGE][PASSED] - Text '100' is set on object 'Object Repository/DispensaryToCms/Page_Dispensary Store/input_txttreat'

2018-05-21 09:59:19 - [TEST_STEP][PASSED] - click: Object: 'Object Repository/DispensaryToCms/Page_Dispensary Store/button_Add' is clicked on

2018-05-21 09:59:19 - [MESSAGE][PASSED] - Object: 'Object Repository/DispensaryToCms/Page_Dispensary Store/button_Add' is clicked on

2018-05-21 09:59:19 - [TEST_STEP][PASSED] - selectOptionByIndex: All options with index in [5] are selected on object 'Object Repository/DispensaryToCms/Page_Dispensary Store/select_--Select--Schedule 1Inj'

2018-05-21 09:59:19 - [MESSAGE][PASSED] - All options with index in [5] are selected on object 'Object Repository/DispensaryToCms/Page_Dispensary Store/select_--Select--Schedule 1Inj'

2018-05-21 09:59:19 - [TEST_STEP][PASSED] - selectOptionByIndex: All options with index in [10] are selected on object 'Object Repository/DispensaryToCms/Page_Dispensary Store/select_--Select--Adernaline 0.'

2018-05-21 09:59:20 - [MESSAGE][PASSED] - All options with index in [10] are selected on object 'Object Repository/DispensaryToCms/Page_Dispensary Store/select_--Select--Adernaline 0.'

2018-05-21 09:59:20 - [TEST_STEP][PASSED] - setText: Text '100' is set on object 'Object Repository/DispensaryToCms/Page_Dispensary Store/input_txttreat'

2018-05-21 09:59:20 - [MESSAGE][PASSED] - Text '100' is set on object 'Object Repository/DispensaryToCms/Page_Dispensary Store/input_txttreat'

2018-05-21 09:59:20 - [TEST_STEP][PASSED] - click: Object: 'Object Repository/DispensaryToCms/Page_Dispensary Store/button_Add' is clicked on

2018-05-21 09:59:20 - [MESSAGE][PASSED] - Object: 'Object Repository/DispensaryToCms/Page_Dispensary Store/button_Add' is clicked on

2018-05-21 09:59:20 - [TEST_STEP][PASSED] - selectOptionByIndex: All options with index in [5] are selected on object 'Object Repository/DispensaryToCms/Page_Dispensary Store/select_--Select--Schedule 1Inj'

2018-05-21 09:59:20 - [MESSAGE][PASSED] - All options with index in [5] are selected on object 'Object Repository/DispensaryToCms/Page_Dispensary Store/select_--Select--Schedule 1Inj'

2018-05-21 09:59:20 - [TEST_STEP][PASSED] - selectOptionByIndex: All options with index in [11] are selected on object 'Object Repository/DispensaryToCms/Page_Dispensary Store/select_--Select--Adernaline 0.'

2018-05-21 09:59:20 - [MESSAGE][PASSED] - All options with index in [11] are selected on object 'Object Repository/DispensaryToCms/Page_Dispensary Store/select_--Select--Adernaline 0.'

2018-05-21 09:59:20 - [TEST_STEP][PASSED] - setText: Text '100' is set on object 'Object Repository/DispensaryToCms/Page_Dispensary Store/input_txttreat'

2018-05-21 09:59:20 - [MESSAGE][PASSED] - Text '100' is set on object 'Object Repository/DispensaryToCms/Page_Dispensary Store/input_txttreat'

2018-05-21 09:59:20 - [TEST_STEP][PASSED] - click: Object: 'Object Repository/DispensaryToCms/Page_Dispensary Store/button_Add' is clicked on

2018-05-21 09:59:20 - [MESSAGE][PASSED] - Object: 'Object Repository/DispensaryToCms/Page_Dispensary Store/button_Add' is clicked on

2018-05-21 09:59:20 - [TEST_STEP][PASSED] - selectOptionByIndex: All options with index in [5] are selected on object 'Object Repository/DispensaryToCms/Page_Dispensary Store/select_--Select--Schedule 1Inj'

2018-05-21 09:59:21 - [MESSAGE][PASSED] - All options with index in [5] are selected on object 'Object Repository/DispensaryToCms/Page_Dispensary Store/select_--Select--Schedule 1Inj'

2018-05-21 09:59:21 - [TEST_STEP][PASSED] - selectOptionByIndex: All options with index in [12] are selected on object 'Object Repository/DispensaryToCms/Page_Dispensary Store/select_--Select--Adernaline 0.'

2018-05-21 09:59:21 - [MESSAGE][PASSED] - All options with index in [12] are selected on object 'Object Repository/DispensaryToCms/Page_Dispensary Store/select_--Select--Adernaline 0.'

2018-05-21 09:59:21 - [TEST_STEP][PASSED] - setText: Text '100' is set on object 'Object Repository/DispensaryToCms/Page_Dispensary Store/input_txttreat'

2018-05-21 09:59:21 - [MESSAGE][PASSED] - Text '100' is set on object 'Object Repository/DispensaryToCms/Page_Dispensary Store/input_txttreat'

2018-05-21 09:59:21 - [TEST_STEP][PASSED] - click: Object: 'Object Repository/DispensaryToCms/Page_Dispensary Store/button_Add' is clicked on

2018-05-21 09:59:21 - [MESSAGE][PASSED] - Object: 'Object Repository/DispensaryToCms/Page_Dispensary Store/button_Add' is clicked on

2018-05-21 09:59:21 - [TEST_STEP][PASSED] - selectOptionByIndex: All options with index in [5] are selected on object 'Object Repository/DispensaryToCms/Page_Dispensary Store/select_--Select--Schedule 1Inj'

2018-05-21 09:59:21 - [MESSAGE][PASSED] - All options with index in [5] are selected on object 'Object Repository/DispensaryToCms/Page_Dispensary Store/select_--Select--Schedule 1Inj'

2018-05-21 09:59:21 - [TEST_STEP][PASSED] - selectOptionByIndex: All options with index in [13] are selected on object 'Object Repository/DispensaryToCms/Page_Dispensary Store/select_--Select--Adernaline 0.'

2018-05-21 09:59:22 - [MESSAGE][PASSED] - All options with index in [13] are selected on object 'Object Repository/DispensaryToCms/Page_Dispensary Store/select_--Select--Adernaline 0.'

2018-05-21 09:59:22 - [TEST_STEP][PASSED] - setText: Text '100' is set on object 'Object Repository/DispensaryToCms/Page_Dispensary Store/input_txttreat'

2018-05-21 09:59:22 - [MESSAGE][PASSED] - Text '100' is set on object 'Object Repository/DispensaryToCms/Page_Dispensary Store/input_txttreat'

2018-05-21 09:59:22 - [TEST_STEP][PASSED] - click: Object: 'Object Repository/DispensaryToCms/Page_Dispensary Store/button_Add' is clicked on

2018-05-21 09:59:22 - [MESSAGE][PASSED] - Object: 'Object Repository/DispensaryToCms/Page_Dispensary Store/button_Add' is clicked on

2018-05-21 09:59:22 - [TEST_STEP][PASSED] - selectOptionByIndex: All options with index in [5] are selected on object 'Object Repository/DispensaryToCms/Page_Dispensary Store/select_--Select--Schedule 1Inj'

2018-05-21 09:59:22 - [MESSAGE][PASSED] - All options with index in [5] are selected on object 'Object Repository/DispensaryToCms/Page_Dispensary Store/select_--Select--Schedule 1Inj'

2018-05-21 09:59:22 - [TEST_STEP][PASSED] - selectOptionByIndex: All options with index in [14] are selected on object 'Object Repository/DispensaryToCms/Page_Dispensary Store/select_--Select--Adernaline 0.'

2018-05-21 09:59:22 - [MESSAGE][PASSED] - All options with index in [14] are selected on object 'Object Repository/DispensaryToCms/Page_Dispensary Store/select_--Select--Adernaline 0.'

2018-05-21 09:59:22 - [TEST_STEP][PASSED] - setText: Text '100' is set on object 'Object Repository/DispensaryToCms/Page_Dispensary Store/input_txttreat'

2018-05-21 09:59:22 - [MESSAGE][PASSED] - Text '100' is set on object 'Object Repository/DispensaryToCms/Page_Dispensary Store/input_txttreat'

2018-05-21 09:59:22 - [TEST_STEP][PASSED] - click: Object: 'Object Repository/DispensaryToCms/Page_Dispensary Store/button_Add' is clicked on

2018-05-21 09:59:22 - [MESSAGE][PASSED] - Object: 'Object Repository/DispensaryToCms/Page_Dispensary Store/button_Add' is clicked on

2018-05-21 09:59:22 - [TEST_STEP][PASSED] - selectOptionByIndex: All options with index in [5] are selected on object 'Object Repository/DispensaryToCms/Page_Dispensary Store/select_--Select--Schedule 1Inj'

2018-05-21 09:59:23 - [MESSAGE][PASSED] - All options with index in [5] are selected on object 'Object Repository/DispensaryToCms/Page_Dispensary Store/select_--Select--Schedule 1Inj'

2018-05-21 09:59:23 - [TEST_STEP][PASSED] - selectOptionByIndex: All options with index in [15] are selected on object 'Object Repository/DispensaryToCms/Page_Dispensary Store/select_--Select--Adernaline 0.'

2018-05-21 09:59:23 - [MESSAGE][PASSED] - All options with index in [15] are selected on object 'Object Repository/DispensaryToCms/Page_Dispensary Store/select_--Select--Adernaline 0.'

2018-05-21 09:59:23 - [TEST_STEP][PASSED] - setText: Text '100' is set on object 'Object Repository/DispensaryToCms/Page_Dispensary Store/input_txttreat'

2018-05-21 09:59:23 - [MESSAGE][PASSED] - Text '100' is set on object 'Object Repository/DispensaryToCms/Page_Dispensary Store/input_txttreat'

2018-05-21 09:59:23 - [TEST_STEP][PASSED] - click: Object: 'Object Repository/DispensaryToCms/Page_Dispensary Store/button_Add' is clicked on

2018-05-21 09:59:23 - [MESSAGE][PASSED] - Object: 'Object Repository/DispensaryToCms/Page_Dispensary Store/button_Add' is clicked on

2018-05-21 09:59:23 - [TEST_STEP][PASSED] - selectOptionByIndex: All options with index in [5] are selected on object 'Object Repository/DispensaryToCms/Page_Dispensary Store/select_--Select--Schedule 1Inj'

2018-05-21 09:59:23 - [MESSAGE][PASSED] - All options with index in [5] are selected on object 'Object Repository/DispensaryToCms/Page_Dispensary Store/select_--Select--Schedule 1Inj'

2018-05-21 09:59:23 - [TEST_STEP][PASSED] - selectOptionByIndex: All options with index in [16] are selected on object 'Object Repository/DispensaryToCms/Page_Dispensary Store/select_--Select--Adernaline 0.'

2018-05-21 09:59:24 - [MESSAGE][PASSED] - All options with index in [16] are selected on object 'Object Repository/DispensaryToCms/Page_Dispensary Store/select_--Select--Adernaline 0.'

2018-05-21 09:59:24 - [TEST_STEP][PASSED] - setText: Text '100' is set on object 'Object Repository/DispensaryToCms/Page_Dispensary Store/input_txttreat'

2018-05-21 09:59:24 - [MESSAGE][PASSED] - Text '100' is set on object 'Object Repository/DispensaryToCms/Page_Dispensary Store/input_txttreat'

2018-05-21 09:59:24 - [TEST_STEP][PASSED] - click: Object: 'Object Repository/DispensaryToCms/Page_Dispensary Store/button_Add' is clicked on

2018-05-21 09:59:24 - [MESSAGE][PASSED] - Object: 'Object Repository/DispensaryToCms/Page_Dispensary Store/button_Add' is clicked on

2018-05-21 09:59:24 - [TEST_STEP][PASSED] - scrollToElement: Scroll to object 'Object Repository/DispensaryToCms/Page_Dispensary Store/input_btnsave' successfully

2018-05-21 09:59:24 - [MESSAGE][PASSED] - Scroll to object 'Object Repository/DispensaryToCms/Page_Dispensary Store/input_btnsave' successfully

2018-05-21 09:59:24 - [TEST_STEP][PASSED] - click: Object: 'Object Repository/DispensaryToCms/Page_Dispensary Store/input_btnsave' is clicked on

2018-05-21 09:59:24 - [MESSAGE][PASSED] - Object: 'Object Repository/DispensaryToCms/Page_Dispensary Store/input_btnsave' is clicked on

2018-05-21 09:59:24 - [TEST_STEP][PASSED] - delay: Delayed 3 second(s)

2018-05-21 09:59:27 - [MESSAGE][PASSED] - Delayed 3 second(s)

2018-05-21 09:59:27 - [TEST_STEP][PASSED] - Statement - RN1 = com.kms.katalon.core.webui.keyword.WebUiBuiltInKeywords.getText(com.kms.katalon.core.testobject.ObjectRepository.findTestObject(DispensaryToCms/Page_Dispensary Store/font_PRNO18052018174)): Text of object 'Object Repository/DispensaryToCms/Page_Dispensary Store/font_PRNO18052018174' is: 'PRNO/21052018/281'

2018-05-21 09:59:27 - [MESSAGE][PASSED] - Text of object 'Object Repository/DispensaryToCms/Page_Dispensary Store/font_PRNO18052018174' is: 'PRNO/21052018/281'

2018-05-21 09:59:27 - [TEST_STEP][PASSED] - Statement - out.println(RN1): null

2018-05-21 09:59:27 - [TEST_STEP][PASSED] - Statement - RID = RN1.split("/")[2]: null

2018-05-21 09:59:27 - [TEST_STEP][PASSED] - click: Object: 'Object Repository/DispensaryToCms/Page_Dispensary Store/button_OK' is clicked on

2018-05-21 09:59:28 - [MESSAGE][PASSED] - Object: 'Object Repository/DispensaryToCms/Page_Dispensary Store/button_OK' is clicked on

2018-05-21 09:59:28 - [TEST_STEP][PASSED] - delay: Delayed 3 second(s)

2018-05-21 09:59:31 - [MESSAGE][PASSED] - Delayed 3 second(s)

2018-05-21 09:59:31 - [TEST_STEP][PASSED] - waitForElementPresent: Object 'Object Repository/DispensaryToStore/Page_Dispensary Store/a_dropdown-toggle' is present

2018-05-21 09:59:31 - [MESSAGE][PASSED] - Object 'Object Repository/DispensaryToStore/Page_Dispensary Store/a_dropdown-toggle' is present

2018-05-21 09:59:31 - [TEST_STEP][PASSED] - click: Object: 'Object Repository/DispensaryToCms/Page_Dispensary Store/a_dropdown-toggle' is clicked on

2018-05-21 09:59:31 - [MESSAGE][PASSED] - Object: 'Object Repository/DispensaryToCms/Page_Dispensary Store/a_dropdown-toggle' is clicked on

2018-05-21 09:59:31 - [TEST_STEP][PASSED] - click: Object: 'Object Repository/DispensaryToCms/Page_Dispensary Store/a_Sign out' is clicked on

2018-05-21 09:59:32 - [MESSAGE][PASSED] - Object: 'Object Repository/DispensaryToCms/Page_Dispensary Store/a_Sign out' is clicked on

2018-05-21 09:59:32 - [TEST_STEP][PASSED] - delay: Delayed 3 second(s)

2018-05-21 09:59:35 - [MESSAGE][PASSED] - Delayed 3 second(s)

2018-05-21 09:59:35 - [TEST_STEP][PASSED] - navigateToUrl: Navigate to 'http://192.168.137.1/multihospital_new/' successfully

2018-05-21 09:59:35 - [MESSAGE][PASSED] - Navigate to 'http://192.168.137.1/multihospital_new/' successfully

2018-05-21 09:59:35 - [TEST_STEP][PASSED] - click: Object: 'Object Repository/DispensaryToCms/Page_KDMC/a_CMO' is clicked on

2018-05-21 09:59:36 - [MESSAGE][PASSED] - Object: 'Object Repository/DispensaryToCms/Page_KDMC/a_CMO' is clicked on

2018-05-21 09:59:36 - [TEST_STEP][PASSED] - setText: Text 'guru' is set on object 'Object Repository/DispensaryToCms/Page_CMO login/input_txtusername'

2018-05-21 09:59:36 - [MESSAGE][PASSED] - Text 'guru' is set on object 'Object Repository/DispensaryToCms/Page_CMO login/input_txtusername'

2018-05-21 09:59:36 - [TEST_STEP][PASSED] - setText: Text '123' is set on object 'Object Repository/DispensaryToCms/Page_CMO login/input_txtpassword'

2018-05-21 09:59:36 - [MESSAGE][PASSED] - Text '123' is set on object 'Object Repository/DispensaryToCms/Page_CMO login/input_txtpassword'

2018-05-21 09:59:36 - [TEST_STEP][PASSED] - delay: Delayed 3 second(s)

2018-05-21 09:59:39 - [MESSAGE][PASSED] - Delayed 3 second(s)

2018-05-21 09:59:39 - [TEST_STEP][PASSED] - click: Object: 'Object Repository/DispensaryToCms/Page_CMO login/button_Sign in' is clicked on

2018-05-21 09:59:40 - [MESSAGE][PASSED] - Object: 'Object Repository/DispensaryToCms/Page_CMO login/button_Sign in' is clicked on

2018-05-21 09:59:40 - [TEST_STEP][PASSED] - delay: Delayed 3 second(s)

2018-05-21 09:59:43 - [MESSAGE][PASSED] - Delayed 3 second(s)

2018-05-21 09:59:43 - [TEST_STEP][PASSED] - click: Object: 'Object Repository/DispensaryToCms/Page_KDMC - CMO/a_CMS Request' is clicked on

2018-05-21 09:59:43 - [MESSAGE][PASSED] - Object: 'Object Repository/DispensaryToCms/Page_KDMC - CMO/a_CMS Request' is clicked on

2018-05-21 09:59:43 - [TEST_STEP][PASSED] - delay: Delayed 2 second(s)

2018-05-21 09:59:45 - [MESSAGE][PASSED] - Delayed 2 second(s)

2018-05-21 09:59:45 - [TEST_STEP][PASSED] - click: Object: 'Object Repository/DispensaryToCms/Page_KDMC - CMO/a_Dispensary Store Request' is clicked on

2018-05-21 09:59:46 - [MESSAGE][PASSED] - Object: 'Object Repository/DispensaryToCms/Page_KDMC - CMO/a_Dispensary Store Request' is clicked on

2018-05-21 09:59:46 - [TEST_STEP][PASSED] - selectOptionByIndex: All options with index in [1] are selected on object 'Object Repository/DispensaryToCms/Page_KDMC - CMO/select_--ALL--'

2018-05-21 09:59:46 - [MESSAGE][PASSED] - All options with index in [1] are selected on object 'Object Repository/DispensaryToCms/Page_KDMC - CMO/select_--ALL--'

2018-05-21 09:59:46 - [TEST_STEP][PASSED] - click: Object: 'Object Repository/DispensaryToCms/Page_KDMC - CMO/input_btnsearch' is clicked on

2018-05-21 09:59:46 - [MESSAGE][PASSED] - Object: 'Object Repository/DispensaryToCms/Page_KDMC - CMO/input_btnsearch' is clicked on

2018-05-21 09:59:46 - [TEST_STEP][PASSED] - Statement - ID = com.kms.katalon.core.webui.keyword.WebUiBuiltInKeywords.modifyObjectProperty(com.kms.katalon.core.testobject.ObjectRepository.findTestObject(lab/Page_KDMC - CMO/input_1), "xpath", "equals", "//*[@id=" + RID + "]", true): Modify property of object successfully

2018-05-21 09:59:46 - [MESSAGE][PASSED] - Modify property of object successfully

2018-05-21 09:59:46 - [TEST_STEP][PASSED] - click: Object: 'Object Repository/lab/Page_KDMC - CMO/input_1' is clicked on

2018-05-21 09:59:46 - [MESSAGE][PASSED] - Object: 'Object Repository/lab/Page_KDMC - CMO/input_1' is clicked on

2018-05-21 09:59:46 - [TEST_STEP][PASSED] - delay: Delayed 2 second(s)

2018-05-21 09:59:48 - [MESSAGE][PASSED] - Delayed 2 second(s)

2018-05-21 09:59:48 - [TEST_STEP][PASSED] - selectOptionByIndex: All options with index in [1] are selected on object 'Object Repository/DispensaryToCms/Page_KDMC - CMO/select_--Select--'

2018-05-21 09:59:49 - [MESSAGE][PASSED] - All options with index in [1] are selected on object 'Object Repository/DispensaryToCms/Page_KDMC - CMO/select_--Select--'

2018-05-21 09:59:49 - [TEST_STEP][PASSED] - click: Object: 'Object Repository/DispensaryToCms/Page_KDMC - CMO/input_btnupdate' is clicked on

2018-05-21 09:59:49 - [MESSAGE][PASSED] - Object: 'Object Repository/DispensaryToCms/Page_KDMC - CMO/input_btnupdate' is clicked on

2018-05-21 09:59:49 - [TEST_STEP][PASSED] - delay: Delayed 2 second(s)

2018-05-21 09:59:51 - [MESSAGE][PASSED] - Delayed 2 second(s)

2018-05-21 09:59:51 - [TEST_STEP][PASSED] - click: Object: 'Object Repository/DispensaryToCms/Page_KDMC - CMO/button_OK' is clicked on

2018-05-21 09:59:51 - [MESSAGE][PASSED] - Object: 'Object Repository/DispensaryToCms/Page_KDMC - CMO/button_OK' is clicked on

2018-05-21 09:59:51 - [TEST_STEP][PASSED] - delay: Delayed 3 second(s)

2018-05-21 09:59:54 - [MESSAGE][PASSED] - Delayed 3 second(s)

2018-05-21 09:59:54 - [TEST_STEP][PASSED] - waitForElementPresent: Object 'Object Repository/DispensaryToStore/Page_Dispensary Store/a_dropdown-toggle' is not present after 20 second(s)

2018-05-21 10:00:15 - [MESSAGE][WARNING] - Object 'Object Repository/DispensaryToStore/Page_Dispensary Store/a_dropdown-toggle' is not present after 20 second(s)

2018-05-21 10:00:15 - [TEST_STEP][PASSED] - click: Object: 'Object Repository/DispensaryToCms/Page_KDMC - CMO/a_dropdown-toggle' is clicked on

2018-05-21 10:00:15 - [MESSAGE][PASSED] - Object: 'Object Repository/DispensaryToCms/Page_KDMC - CMO/a_dropdown-toggle' is clicked on

2018-05-21 10:00:15 - [TEST_STEP][PASSED] - click: Object: 'Object Repository/DispensaryToCms/Page_KDMC - CMO/a_Sign out' is clicked on

2018-05-21 10:00:16 - [MESSAGE][PASSED] - Object: 'Object Repository/DispensaryToCms/Page_KDMC - CMO/a_Sign out' is clicked on

2018-05-21 10:00:16 - [TEST_STEP][PASSED] - delay: Delayed 3 second(s)

2018-05-21 10:00:19 - [MESSAGE][PASSED] - Delayed 3 second(s)

2018-05-21 10:00:19 - [TEST_STEP][PASSED] - click: Object: 'Object Repository/DispensaryToCms/Page_KDMC/a_CMS' is clicked on

2018-05-21 10:00:19 - [MESSAGE][PASSED] - Object: 'Object Repository/DispensaryToCms/Page_KDMC/a_CMS' is clicked on

2018-05-21 10:00:19 - [TEST_STEP][PASSED] - setText: Text 'bala' is set on object 'Object Repository/DispensaryToCms/Page_CMS login/input_txtusername'

2018-05-21 10:00:20 - [MESSAGE][PASSED] - Text 'bala' is set on object 'Object Repository/DispensaryToCms/Page_CMS login/input_txtusername'

2018-05-21 10:00:20 - [TEST_STEP][PASSED] - setText: Text '123' is set on object 'Object Repository/DispensaryToCms/Page_CMS login/input_txtpassword'

2018-05-21 10:00:20 - [MESSAGE][PASSED] - Text '123' is set on object 'Object Repository/DispensaryToCms/Page_CMS login/input_txtpassword'

2018-05-21 10:00:20 - [TEST_STEP][PASSED] - delay: Delayed 3 second(s)

2018-05-21 10:00:23 - [MESSAGE][PASSED] - Delayed 3 second(s)

2018-05-21 10:00:23 - [TEST_STEP][PASSED] - click: Object: 'Object Repository/DispensaryToCms/Page_CMS login/button_Sign in' is clicked on

2018-05-21 10:00:25 - [MESSAGE][PASSED] - Object: 'Object Repository/DispensaryToCms/Page_CMS login/button_Sign in' is clicked on

2018-05-21 10:00:25 - [TEST_STEP][PASSED] - delay: Delayed 3 second(s)

2018-05-21 10:00:28 - [MESSAGE][PASSED] - Delayed 3 second(s)

2018-05-21 10:00:28 - [TEST_STEP][PASSED] - click: Object: 'Object Repository/DispensaryToCms/Page_KDMC - CMS/a_Divisional Store' is clicked on

2018-05-21 10:00:28 - [MESSAGE][PASSED] - Object: 'Object Repository/DispensaryToCms/Page_KDMC - CMS/a_Divisional Store' is clicked on

2018-05-21 10:00:28 - [TEST_STEP][PASSED] - delay: Delayed 2 second(s)

2018-05-21 10:00:30 - [MESSAGE][PASSED] - Delayed 2 second(s)

2018-05-21 10:00:30 - [TEST_STEP][PASSED] - click: Object: 'Object Repository/DispensaryToCms/Page_KDMC - CMS/a_Dispatch Items' is clicked on

2018-05-21 10:00:31 - [MESSAGE][PASSED] - Object: 'Object Repository/DispensaryToCms/Page_KDMC - CMS/a_Dispatch Items' is clicked on

2018-05-21 10:00:31 - [TEST_STEP][PASSED] - delay: Delayed 2 second(s)

2018-05-21 10:00:33 - [MESSAGE][PASSED] - Delayed 2 second(s)

2018-05-21 10:00:33 - [TEST_STEP][PASSED] - setText: Text 'PRNO/21052018/281' is set on object 'Object Repository/DispensaryToCms/Page_KDMC - CMS/input'

2018-05-21 10:00:33 - [MESSAGE][PASSED] - Text 'PRNO/21052018/281' is set on object 'Object Repository/DispensaryToCms/Page_KDMC - CMS/input'

2018-05-21 10:00:33 - [TEST_STEP][PASSED] - click: Object: 'Object Repository/DispensaryToCms/Page_KDMC - CMS/input_PRNO18052018174' is clicked on

2018-05-21 10:00:33 - [MESSAGE][PASSED] - Object: 'Object Repository/DispensaryToCms/Page_KDMC - CMS/input_PRNO18052018174' is clicked on

2018-05-21 10:00:33 - [TEST_STEP][PASSED] - Statement - out.println("Length : " + medicineslength): null

2018-05-21 10:00:33 - [TEST_STEP][PASSED] - Statement - For ([row = 0, row < medicineslength - 1, (row++)]): null

2018-05-21 10:00:33 - [TEST_STEP][PASSED] - Statement - batchlength = new com.kms.katalon.core.testobject.TestObject(): null

2018-05-21 10:00:33 - [TEST_STEP][PASSED] - Statement - batchlength = com.kms.katalon.core.webui.keyword.WebUiBuiltInKeywords.modifyObjectProperty(batchlength, "xpath", "equals", "//*[@id = "fldvendor" + row + ""]", true): Modify property of object successfully

2018-05-21 10:00:33 - [MESSAGE][PASSED] - Modify property of object successfully

2018-05-21 10:00:33 - [TEST_STEP][PASSED] - Statement - batchsize = com.kms.katalon.core.webui.keyword.WebUiBuiltInKeywords.getNumberOfTotalOption(batchlength): 9 options of object '' counted

2018-05-21 10:00:34 - [MESSAGE][PASSED] - 9 options of object '' counted

2018-05-21 10:00:34 - [TEST_STEP][PASSED] - Statement - out.println("BatchSize : " + batchsize): null

2018-05-21 10:00:34 - [TEST_STEP][PASSED] - Statement - For ([n = 1, n <= batchsize - 1, (n++)]): null

2018-05-21 10:00:34 - [TEST_STEP][PASSED] - Statement - product = new com.kms.katalon.core.testobject.TestObject(): null

2018-05-21 10:00:34 - [TEST_STEP][PASSED] - Statement - product = com.kms.katalon.core.webui.keyword.WebUiBuiltInKeywords.modifyObjectProperty(product, "xpath", "equals", "//*[@id = "fldvendor" + row + ""]", true): Modify property of object successfully

2018-05-21 10:00:34 - [MESSAGE][PASSED] - Modify property of object successfully

2018-05-21 10:00:34 - [TEST_STEP][PASSED] - selectOptionByIndex: All options with index in [1] are selected on object ''

2018-05-21 10:00:34 - [MESSAGE][PASSED] - All options with index in [1] are selected on object ''

2018-05-21 10:00:34 - [TEST_STEP][PASSED] - Statement - batch = new com.kms.katalon.core.testobject.TestObject(): null

2018-05-21 10:00:34 - [TEST_STEP][PASSED] - Statement - batch = com.kms.katalon.core.webui.keyword.WebUiBuiltInKeywords.modifyObjectProperty(batch, "xpath", "equals", "//*[@id = "txtbthqty" + row + ""]", true): Modify property of object successfully

2018-05-21 10:00:34 - [MESSAGE][PASSED] - Modify property of object successfully

2018-05-21 10:00:34 - [TEST_STEP][PASSED] - Statement - batchqty = com.kms.katalon.core.webui.keyword.WebUiBuiltInKeywords.getAttribute(batch, "value").trim(): Attribute 'value' of object '' is: '200'

2018-05-21 10:00:34 - [MESSAGE][PASSED] - Attribute 'value' of object '' is: '200'

2018-05-21 10:00:34 - [TEST_STEP][PASSED] - Statement - Rqty = 100: null

2018-05-21 10:00:34 - [TEST_STEP][PASSED] - delay: Delayed 2 second(s)

2018-05-21 10:00:36 - [MESSAGE][PASSED] - Delayed 2 second(s)

2018-05-21 10:00:36 - [TEST_STEP][PASSED] - Statement - out.println("BatchQty : " + batchqty): null

2018-05-21 10:00:36 - [TEST_STEP][PASSED] - Statement - out.println("RQty : " + Rqty): null

2018-05-21 10:00:36 - [TEST_STEP][PASSED] - Statement - If (java.lang.Integer.valueOf(batchqty) >= java.lang.Integer.valueOf(Rqty)): null

2018-05-21 10:00:36 - [TEST_STEP][PASSED] - Statement - Break: null

2018-05-21 10:00:36 - [TEST_STEP][PASSED] - Statement - batchlength = new com.kms.katalon.core.testobject.TestObject(): null

2018-05-21 10:00:36 - [TEST_STEP][PASSED] - Statement - batchlength = com.kms.katalon.core.webui.keyword.WebUiBuiltInKeywords.modifyObjectProperty(batchlength, "xpath", "equals", "//*[@id = "fldvendor" + row + ""]", true): Modify property of object successfully

2018-05-21 10:00:36 - [MESSAGE][PASSED] - Modify property of object successfully

2018-05-21 10:00:36 - [TEST_STEP][PASSED] - Statement - batchsize = com.kms.katalon.core.webui.keyword.WebUiBuiltInKeywords.getNumberOfTotalOption(batchlength): 9 options of object '' counted

2018-05-21 10:00:36 - [MESSAGE][PASSED] - 9 options of object '' counted

2018-05-21 10:00:36 - [TEST_STEP][PASSED] - Statement - out.println("BatchSize : " + batchsize): null

2018-05-21 10:00:36 - [TEST_STEP][PASSED] - Statement - For ([n = 1, n <= batchsize - 1, (n++)]): null

2018-05-21 10:00:36 - [TEST_STEP][PASSED] - Statement - product = new com.kms.katalon.core.testobject.TestObject(): null

2018-05-21 10:00:36 - [TEST_STEP][PASSED] - Statement - product = com.kms.katalon.core.webui.keyword.WebUiBuiltInKeywords.modifyObjectProperty(product, "xpath", "equals", "//*[@id = "fldvendor" + row + ""]", true): Modify property of object successfully

2018-05-21 10:00:36 - [MESSAGE][PASSED] - Modify property of object successfully

2018-05-21 10:00:36 - [TEST_STEP][PASSED] - selectOptionByIndex: All options with index in [1] are selected on object ''

2018-05-21 10:00:36 - [MESSAGE][PASSED] - All options with index in [1] are selected on object ''

2018-05-21 10:00:36 - [TEST_STEP][PASSED] - Statement - batch = new com.kms.katalon.core.testobject.TestObject(): null

2018-05-21 10:00:36 - [TEST_STEP][PASSED] - Statement - batch = com.kms.katalon.core.webui.keyword.WebUiBuiltInKeywords.modifyObjectProperty(batch, "xpath", "equals", "//*[@id = "txtbthqty" + row + ""]", true): Modify property of object successfully

2018-05-21 10:00:36 - [MESSAGE][PASSED] - Modify property of object successfully

2018-05-21 10:00:36 - [TEST_STEP][PASSED] - Statement - batchqty = com.kms.katalon.core.webui.keyword.WebUiBuiltInKeywords.getAttribute(batch, "value").trim(): Attribute 'value' of object '' is: '200'

2018-05-21 10:00:36 - [MESSAGE][PASSED] - Attribute 'value' of object '' is: '200'

2018-05-21 10:00:36 - [TEST_STEP][PASSED] - Statement - Rqty = 100: null

2018-05-21 10:00:36 - [TEST_STEP][PASSED] - delay: Delayed 2 second(s)

2018-05-21 10:00:38 - [MESSAGE][PASSED] - Delayed 2 second(s)

2018-05-21 10:00:38 - [TEST_STEP][PASSED] - Statement - out.println("BatchQty : " + batchqty): null

2018-05-21 10:00:38 - [TEST_STEP][PASSED] - Statement - out.println("RQty : " + Rqty): null

2018-05-21 10:00:38 - [TEST_STEP][PASSED] - Statement - If (java.lang.Integer.valueOf(batchqty) >= java.lang.Integer.valueOf(Rqty)): null

2018-05-21 10:00:38 - [TEST_STEP][PASSED] - Statement - Break: null

2018-05-21 10:00:38 - [TEST_STEP][PASSED] - Statement - batchlength = new com.kms.katalon.core.testobject.TestObject(): null

2018-05-21 10:00:38 - [TEST_STEP][PASSED] - Statement - batchlength = com.kms.katalon.core.webui.keyword.WebUiBuiltInKeywords.modifyObjectProperty(batchlength, "xpath", "equals", "//*[@id = "fldvendor" + row + ""]", true): Modify property of object successfully

2018-05-21 10:00:38 - [MESSAGE][PASSED] - Modify property of object successfully

2018-05-21 10:00:38 - [TEST_STEP][PASSED] - Statement - batchsize = com.kms.katalon.core.webui.keyword.WebUiBuiltInKeywords.getNumberOfTotalOption(batchlength): 9 options of object '' counted

2018-05-21 10:00:38 - [MESSAGE][PASSED] - 9 options of object '' counted

2018-05-21 10:00:38 - [TEST_STEP][PASSED] - Statement - out.println("BatchSize : " + batchsize): null

2018-05-21 10:00:38 - [TEST_STEP][PASSED] - Statement - For ([n = 1, n <= batchsize - 1, (n++)]): null

2018-05-21 10:00:38 - [TEST_STEP][PASSED] - Statement - product = new com.kms.katalon.core.testobject.TestObject(): null

2018-05-21 10:00:38 - [TEST_STEP][PASSED] - Statement - product = com.kms.katalon.core.webui.keyword.WebUiBuiltInKeywords.modifyObjectProperty(product, "xpath", "equals", "//*[@id = "fldvendor" + row + ""]", true): Modify property of object successfully

2018-05-21 10:00:38 - [MESSAGE][PASSED] - Modify property of object successfully

2018-05-21 10:00:38 - [TEST_STEP][PASSED] - selectOptionByIndex: All options with index in [1] are selected on object ''

2018-05-21 10:00:38 - [MESSAGE][PASSED] - All options with index in [1] are selected on object ''

2018-05-21 10:00:38 - [TEST_STEP][PASSED] - Statement - batch = new com.kms.katalon.core.testobject.TestObject(): null

2018-05-21 10:00:38 - [TEST_STEP][PASSED] - Statement - batch = com.kms.katalon.core.webui.keyword.WebUiBuiltInKeywords.modifyObjectProperty(batch, "xpath", "equals", "//*[@id = "txtbthqty" + row + ""]", true): Modify property of object successfully

2018-05-21 10:00:38 - [MESSAGE][PASSED] - Modify property of object successfully

2018-05-21 10:00:38 - [TEST_STEP][PASSED] - Statement - batchqty = com.kms.katalon.core.webui.keyword.WebUiBuiltInKeywords.getAttribute(batch, "value").trim(): Attribute 'value' of object '' is: '200'

2018-05-21 10:00:38 - [MESSAGE][PASSED] - Attribute 'value' of object '' is: '200'

2018-05-21 10:00:38 - [TEST_STEP][PASSED] - Statement - Rqty = 100: null

2018-05-21 10:00:38 - [TEST_STEP][PASSED] - delay: Delayed 2 second(s)

2018-05-21 10:00:40 - [MESSAGE][PASSED] - Delayed 2 second(s)

2018-05-21 10:00:40 - [TEST_STEP][PASSED] - Statement - out.println("BatchQty : " + batchqty): null

2018-05-21 10:00:40 - [TEST_STEP][PASSED] - Statement - out.println("RQty : " + Rqty): null

2018-05-21 10:00:40 - [TEST_STEP][PASSED] - Statement - If (java.lang.Integer.valueOf(batchqty) >= java.lang.Integer.valueOf(Rqty)): null

2018-05-21 10:00:40 - [TEST_STEP][PASSED] - Statement - Break: null

2018-05-21 10:00:40 - [TEST_STEP][PASSED] - Statement - batchlength = new com.kms.katalon.core.testobject.TestObject(): null

2018-05-21 10:00:40 - [TEST_STEP][PASSED] - Statement - batchlength = com.kms.katalon.core.webui.keyword.WebUiBuiltInKeywords.modifyObjectProperty(batchlength, "xpath", "equals", "//*[@id = "fldvendor" + row + ""]", true): Modify property of object successfully

2018-05-21 10:00:40 - [MESSAGE][PASSED] - Modify property of object successfully

2018-05-21 10:00:40 - [TEST_STEP][PASSED] - Statement - batchsize = com.kms.katalon.core.webui.keyword.WebUiBuiltInKeywords.getNumberOfTotalOption(batchlength): 8 options of object '' counted

2018-05-21 10:00:41 - [MESSAGE][PASSED] - 8 options of object '' counted

2018-05-21 10:00:41 - [TEST_STEP][PASSED] - Statement - out.println("BatchSize : " + batchsize): null

2018-05-21 10:00:41 - [TEST_STEP][PASSED] - Statement - For ([n = 1, n <= batchsize - 1, (n++)]): null

2018-05-21 10:00:41 - [TEST_STEP][PASSED] - Statement - product = new com.kms.katalon.core.testobject.TestObject(): null

2018-05-21 10:00:41 - [TEST_STEP][PASSED] - Statement - product = com.kms.katalon.core.webui.keyword.WebUiBuiltInKeywords.modifyObjectProperty(product, "xpath", "equals", "//*[@id = "fldvendor" + row + ""]", true): Modify property of object successfully

2018-05-21 10:00:41 - [MESSAGE][PASSED] - Modify property of object successfully

2018-05-21 10:00:41 - [TEST_STEP][PASSED] - selectOptionByIndex: All options with index in [1] are selected on object ''

2018-05-21 10:00:41 - [MESSAGE][PASSED] - All options with index in [1] are selected on object ''

2018-05-21 10:00:41 - [TEST_STEP][PASSED] - Statement - batch = new com.kms.katalon.core.testobject.TestObject(): null

2018-05-21 10:00:41 - [TEST_STEP][PASSED] - Statement - batch = com.kms.katalon.core.webui.keyword.WebUiBuiltInKeywords.modifyObjectProperty(batch, "xpath", "equals", "//*[@id = "txtbthqty" + row + ""]", true): Modify property of object successfully

2018-05-21 10:00:41 - [MESSAGE][PASSED] - Modify property of object successfully

2018-05-21 10:00:41 - [TEST_STEP][PASSED] - Statement - batchqty = com.kms.katalon.core.webui.keyword.WebUiBuiltInKeywords.getAttribute(batch, "value").trim(): Attribute 'value' of object '' is: '3200'

2018-05-21 10:00:41 - [MESSAGE][PASSED] - Attribute 'value' of object '' is: '3200'

2018-05-21 10:00:41 - [TEST_STEP][PASSED] - Statement - Rqty = 100: null

2018-05-21 10:00:41 - [TEST_STEP][PASSED] - delay: Delayed 2 second(s)

2018-05-21 10:00:43 - [MESSAGE][PASSED] - Delayed 2 second(s)

2018-05-21 10:00:43 - [TEST_STEP][PASSED] - Statement - out.println("BatchQty : " + batchqty): null

2018-05-21 10:00:43 - [TEST_STEP][PASSED] - Statement - out.println("RQty : " + Rqty): null

2018-05-21 10:00:43 - [TEST_STEP][PASSED] - Statement - If (java.lang.Integer.valueOf(batchqty) >= java.lang.Integer.valueOf(Rqty)): null

2018-05-21 10:00:43 - [TEST_STEP][PASSED] - Statement - Break: null

2018-05-21 10:00:43 - [TEST_STEP][PASSED] - Statement - batchlength = new com.kms.katalon.core.testobject.TestObject(): null

2018-05-21 10:00:43 - [TEST_STEP][PASSED] - Statement - batchlength = com.kms.katalon.core.webui.keyword.WebUiBuiltInKeywords.modifyObjectProperty(batchlength, "xpath", "equals", "//*[@id = "fldvendor" + row + ""]", true): Modify property of object successfully

2018-05-21 10:00:43 - [MESSAGE][PASSED] - Modify property of object successfully

2018-05-21 10:00:43 - [TEST_STEP][PASSED] - Statement - batchsize = com.kms.katalon.core.webui.keyword.WebUiBuiltInKeywords.getNumberOfTotalOption(batchlength): 9 options of object '' counted

2018-05-21 10:00:43 - [MESSAGE][PASSED] - 9 options of object '' counted

2018-05-21 10:00:43 - [TEST_STEP][PASSED] - Statement - out.println("BatchSize : " + batchsize): null

2018-05-21 10:00:43 - [TEST_STEP][PASSED] - Statement - For ([n = 1, n <= batchsize - 1, (n++)]): null

2018-05-21 10:00:43 - [TEST_STEP][PASSED] - Statement - product = new com.kms.katalon.core.testobject.TestObject(): null

2018-05-21 10:00:43 - [TEST_STEP][PASSED] - Statement - product = com.kms.katalon.core.webui.keyword.WebUiBuiltInKeywords.modifyObjectProperty(product, "xpath", "equals", "//*[@id = "fldvendor" + row + ""]", true): Modify property of object successfully

2018-05-21 10:00:43 - [MESSAGE][PASSED] - Modify property of object successfully

2018-05-21 10:00:43 - [TEST_STEP][PASSED] - selectOptionByIndex: All options with index in [1] are selected on object ''

2018-05-21 10:00:43 - [MESSAGE][PASSED] - All options with index in [1] are selected on object ''

2018-05-21 10:00:43 - [TEST_STEP][PASSED] - Statement - batch = new com.kms.katalon.core.testobject.TestObject(): null

2018-05-21 10:00:43 - [TEST_STEP][PASSED] - Statement - batch = com.kms.katalon.core.webui.keyword.WebUiBuiltInKeywords.modifyObjectProperty(batch, "xpath", "equals", "//*[@id = "txtbthqty" + row + ""]", true): Modify property of object successfully

2018-05-21 10:00:43 - [MESSAGE][PASSED] - Modify property of object successfully

2018-05-21 10:00:43 - [TEST_STEP][PASSED] - Statement - batchqty = com.kms.katalon.core.webui.keyword.WebUiBuiltInKeywords.getAttribute(batch, "value").trim(): Attribute 'value' of object '' is: '200'

2018-05-21 10:00:43 - [MESSAGE][PASSED] - Attribute 'value' of object '' is: '200'

2018-05-21 10:00:43 - [TEST_STEP][PASSED] - Statement - Rqty = 100: null

2018-05-21 10:00:43 - [TEST_STEP][PASSED] - delay: Delayed 2 second(s)

2018-05-21 10:00:45 - [MESSAGE][PASSED] - Delayed 2 second(s)

2018-05-21 10:00:45 - [TEST_STEP][PASSED] - Statement - out.println("BatchQty : " + batchqty): null

2018-05-21 10:00:45 - [TEST_STEP][PASSED] - Statement - out.println("RQty : " + Rqty): null

2018-05-21 10:00:45 - [TEST_STEP][PASSED] - Statement - If (java.lang.Integer.valueOf(batchqty) >= java.lang.Integer.valueOf(Rqty)): null

2018-05-21 10:00:45 - [TEST_STEP][PASSED] - Statement - Break: null

2018-05-21 10:00:45 - [TEST_STEP][PASSED] - Statement - batchlength = new com.kms.katalon.core.testobject.TestObject(): null

2018-05-21 10:00:45 - [TEST_STEP][PASSED] - Statement - batchlength = com.kms.katalon.core.webui.keyword.WebUiBuiltInKeywords.modifyObjectProperty(batchlength, "xpath", "equals", "//*[@id = "fldvendor" + row + ""]", true): Modify property of object successfully

2018-05-21 10:00:45 - [MESSAGE][PASSED] - Modify property of object successfully

2018-05-21 10:00:45 - [TEST_STEP][PASSED] - Statement - batchsize = com.kms.katalon.core.webui.keyword.WebUiBuiltInKeywords.getNumberOfTotalOption(batchlength): 8 options of object '' counted

2018-05-21 10:00:45 - [MESSAGE][PASSED] - 8 options of object '' counted

2018-05-21 10:00:45 - [TEST_STEP][PASSED] - Statement - out.println("BatchSize : " + batchsize): null

2018-05-21 10:00:45 - [TEST_STEP][PASSED] - Statement - For ([n = 1, n <= batchsize - 1, (n++)]): null

2018-05-21 10:00:45 - [TEST_STEP][PASSED] - Statement - product = new com.kms.katalon.core.testobject.TestObject(): null

2018-05-21 10:00:45 - [TEST_STEP][PASSED] - Statement - product = com.kms.katalon.core.webui.keyword.WebUiBuiltInKeywords.modifyObjectProperty(product, "xpath", "equals", "//*[@id = "fldvendor" + row + ""]", true): Modify property of object successfully

2018-05-21 10:00:45 - [MESSAGE][PASSED] - Modify property of object successfully

2018-05-21 10:00:45 - [TEST_STEP][PASSED] - selectOptionByIndex: All options with index in [1] are selected on object ''

2018-05-21 10:00:45 - [MESSAGE][PASSED] - All options with index in [1] are selected on object ''

2018-05-21 10:00:45 - [TEST_STEP][PASSED] - Statement - batch = new com.kms.katalon.core.testobject.TestObject(): null

2018-05-21 10:00:45 - [TEST_STEP][PASSED] - Statement - batch = com.kms.katalon.core.webui.keyword.WebUiBuiltInKeywords.modifyObjectProperty(batch, "xpath", "equals", "//*[@id = "txtbthqty" + row + ""]", true): Modify property of object successfully

2018-05-21 10:00:45 - [MESSAGE][PASSED] - Modify property of object successfully

2018-05-21 10:00:45 - [TEST_STEP][PASSED] - Statement - batchqty = com.kms.katalon.core.webui.keyword.WebUiBuiltInKeywords.getAttribute(batch, "value").trim(): Attribute 'value' of object '' is: '3000'

2018-05-21 10:00:45 - [MESSAGE][PASSED] - Attribute 'value' of object '' is: '3000'

2018-05-21 10:00:45 - [TEST_STEP][PASSED] - Statement - Rqty = 100: null

2018-05-21 10:00:45 - [TEST_STEP][PASSED] - delay: Delayed 2 second(s)

2018-05-21 10:00:47 - [MESSAGE][PASSED] - Delayed 2 second(s)

2018-05-21 10:00:47 - [TEST_STEP][PASSED] - Statement - out.println("BatchQty : " + batchqty): null

2018-05-21 10:00:47 - [TEST_STEP][PASSED] - Statement - out.println("RQty : " + Rqty): null

2018-05-21 10:00:47 - [TEST_STEP][PASSED] - Statement - If (java.lang.Integer.valueOf(batchqty) >= java.lang.Integer.valueOf(Rqty)): null

2018-05-21 10:00:47 - [TEST_STEP][PASSED] - Statement - Break: null

2018-05-21 10:00:47 - [TEST_STEP][PASSED] - Statement - batchlength = new com.kms.katalon.core.testobject.TestObject(): null

2018-05-21 10:00:47 - [TEST_STEP][PASSED] - Statement - batchlength = com.kms.katalon.core.webui.keyword.WebUiBuiltInKeywords.modifyObjectProperty(batchlength, "xpath", "equals", "//*[@id = "fldvendor" + row + ""]", true): Modify property of object successfully

2018-05-21 10:00:47 - [MESSAGE][PASSED] - Modify property of object successfully

2018-05-21 10:00:47 - [TEST_STEP][PASSED] - Statement - batchsize = com.kms.katalon.core.webui.keyword.WebUiBuiltInKeywords.getNumberOfTotalOption(batchlength): 9 options of object '' counted

2018-05-21 10:00:47 - [MESSAGE][PASSED] - 9 options of object '' counted

2018-05-21 10:00:47 - [TEST_STEP][PASSED] - Statement - out.println("BatchSize : " + batchsize): null

2018-05-21 10:00:47 - [TEST_STEP][PASSED] - Statement - For ([n = 1, n <= batchsize - 1, (n++)]): null

2018-05-21 10:00:47 - [TEST_STEP][PASSED] - Statement - product = new com.kms.katalon.core.testobject.TestObject(): null

2018-05-21 10:00:47 - [TEST_STEP][PASSED] - Statement - product = com.kms.katalon.core.webui.keyword.WebUiBuiltInKeywords.modifyObjectProperty(product, "xpath", "equals", "//*[@id = "fldvendor" + row + ""]", true): Modify property of object successfully

2018-05-21 10:00:47 - [MESSAGE][PASSED] - Modify property of object successfully

2018-05-21 10:00:47 - [TEST_STEP][PASSED] - selectOptionByIndex: All options with index in [1] are selected on object ''

2018-05-21 10:00:48 - [MESSAGE][PASSED] - All options with index in [1] are selected on object ''

2018-05-21 10:00:48 - [TEST_STEP][PASSED] - Statement - batch = new com.kms.katalon.core.testobject.TestObject(): null

2018-05-21 10:00:48 - [TEST_STEP][PASSED] - Statement - batch = com.kms.katalon.core.webui.keyword.WebUiBuiltInKeywords.modifyObjectProperty(batch, "xpath", "equals", "//*[@id = "txtbthqty" + row + ""]", true): Modify property of object successfully

2018-05-21 10:00:48 - [MESSAGE][PASSED] - Modify property of object successfully

2018-05-21 10:00:48 - [TEST_STEP][PASSED] - Statement - batchqty = com.kms.katalon.core.webui.keyword.WebUiBuiltInKeywords.getAttribute(batch, "value").trim(): Attribute 'value' of object '' is: '50'

2018-05-21 10:00:48 - [MESSAGE][PASSED] - Attribute 'value' of object '' is: '50'

2018-05-21 10:00:48 - [TEST_STEP][PASSED] - Statement - Rqty = 100: null

2018-05-21 10:00:48 - [TEST_STEP][PASSED] - delay: Delayed 2 second(s)

2018-05-21 10:00:50 - [MESSAGE][PASSED] - Delayed 2 second(s)

2018-05-21 10:00:50 - [TEST_STEP][PASSED] - Statement - out.println("BatchQty : " + batchqty): null

2018-05-21 10:00:50 - [TEST_STEP][PASSED] - Statement - out.println("RQty : " + Rqty): null

2018-05-21 10:00:50 - [TEST_STEP][PASSED] - Statement - If (java.lang.Integer.valueOf(batchqty) >= java.lang.Integer.valueOf(Rqty)): null

2018-05-21 10:00:50 - [TEST_STEP][PASSED] - Statement - Else: null

2018-05-21 10:00:50 - [TEST_STEP][PASSED] - Statement - out.println("Batchqty Is Less Than Rqty"): null

2018-05-21 10:00:50 - [TEST_STEP][PASSED] - Statement - product = new com.kms.katalon.core.testobject.TestObject(): null

2018-05-21 10:00:50 - [TEST_STEP][PASSED] - Statement - product = com.kms.katalon.core.webui.keyword.WebUiBuiltInKeywords.modifyObjectProperty(product, "xpath", "equals", "//*[@id = "fldvendor" + row + ""]", true): Modify property of object successfully

2018-05-21 10:00:50 - [MESSAGE][PASSED] - Modify property of object successfully

2018-05-21 10:00:50 - [TEST_STEP][PASSED] - selectOptionByIndex: All options with index in [2] are selected on object ''

2018-05-21 10:00:50 - [MESSAGE][PASSED] - All options with index in [2] are selected on object ''

2018-05-21 10:00:50 - [TEST_STEP][PASSED] - Statement - batch = new com.kms.katalon.core.testobject.TestObject(): null

2018-05-21 10:00:50 - [TEST_STEP][PASSED] - Statement - batch = com.kms.katalon.core.webui.keyword.WebUiBuiltInKeywords.modifyObjectProperty(batch, "xpath", "equals", "//*[@id = "txtbthqty" + row + ""]", true): Modify property of object successfully

2018-05-21 10:00:50 - [MESSAGE][PASSED] - Modify property of object successfully

2018-05-21 10:00:50 - [TEST_STEP][PASSED] - Statement - batchqty = com.kms.katalon.core.webui.keyword.WebUiBuiltInKeywords.getAttribute(batch, "value").trim(): Attribute 'value' of object '' is: '2800'

2018-05-21 10:00:50 - [MESSAGE][PASSED] - Attribute 'value' of object '' is: '2800'

2018-05-21 10:00:50 - [TEST_STEP][PASSED] - Statement - Rqty = 100: null

2018-05-21 10:00:50 - [TEST_STEP][PASSED] - delay: Delayed 2 second(s)

2018-05-21 10:00:52 - [MESSAGE][PASSED] - Delayed 2 second(s)

2018-05-21 10:00:52 - [TEST_STEP][PASSED] - Statement - out.println("BatchQty : " + batchqty): null

2018-05-21 10:00:52 - [TEST_STEP][PASSED] - Statement - out.println("RQty : " + Rqty): null

2018-05-21 10:00:52 - [TEST_STEP][PASSED] - Statement - If (java.lang.Integer.valueOf(batchqty) >= java.lang.Integer.valueOf(Rqty)): null

2018-05-21 10:00:52 - [TEST_STEP][PASSED] - Statement - Break: null

2018-05-21 10:00:52 - [TEST_STEP][PASSED] - Statement - batchlength = new com.kms.katalon.core.testobject.TestObject(): null

2018-05-21 10:00:52 - [TEST_STEP][PASSED] - Statement - batchlength = com.kms.katalon.core.webui.keyword.WebUiBuiltInKeywords.modifyObjectProperty(batchlength, "xpath", "equals", "//*[@id = "fldvendor" + row + ""]", true): Modify property of object successfully

2018-05-21 10:00:52 - [MESSAGE][PASSED] - Modify property of object successfully

2018-05-21 10:00:52 - [TEST_STEP][PASSED] - Statement - batchsize = com.kms.katalon.core.webui.keyword.WebUiBuiltInKeywords.getNumberOfTotalOption(batchlength): 8 options of object '' counted

2018-05-21 10:00:52 - [MESSAGE][PASSED] - 8 options of object '' counted

2018-05-21 10:00:52 - [TEST_STEP][PASSED] - Statement - out.println("BatchSize : " + batchsize): null

2018-05-21 10:00:52 - [TEST_STEP][PASSED] - Statement - For ([n = 1, n <= batchsize - 1, (n++)]): null

2018-05-21 10:00:52 - [TEST_STEP][PASSED] - Statement - product = new com.kms.katalon.core.testobject.TestObject(): null

2018-05-21 10:00:52 - [TEST_STEP][PASSED] - Statement - product = com.kms.katalon.core.webui.keyword.WebUiBuiltInKeywords.modifyObjectProperty(product, "xpath", "equals", "//*[@id = "fldvendor" + row + ""]", true): Modify property of object successfully

2018-05-21 10:00:52 - [MESSAGE][PASSED] - Modify property of object successfully

2018-05-21 10:00:52 - [TEST_STEP][PASSED] - selectOptionByIndex: All options with index in [1] are selected on object ''

2018-05-21 10:00:52 - [MESSAGE][PASSED] - All options with index in [1] are selected on object ''

2018-05-21 10:00:52 - [TEST_STEP][PASSED] - Statement - batch = new com.kms.katalon.core.testobject.TestObject(): null

2018-05-21 10:00:52 - [TEST_STEP][PASSED] - Statement - batch = com.kms.katalon.core.webui.keyword.WebUiBuiltInKeywords.modifyObjectProperty(batch, "xpath", "equals", "//*[@id = "txtbthqty" + row + ""]", true): Modify property of object successfully

2018-05-21 10:00:52 - [MESSAGE][PASSED] - Modify property of object successfully

2018-05-21 10:00:52 - [TEST_STEP][PASSED] - Statement - batchqty = com.kms.katalon.core.webui.keyword.WebUiBuiltInKeywords.getAttribute(batch, "value").trim(): Attribute 'value' of object '' is: '3000'

2018-05-21 10:00:52 - [MESSAGE][PASSED] - Attribute 'value' of object '' is: '3000'

2018-05-21 10:00:52 - [TEST_STEP][PASSED] - Statement - Rqty = 100: null

2018-05-21 10:00:52 - [TEST_STEP][PASSED] - delay: Delayed 2 second(s)

2018-05-21 10:00:54 - [MESSAGE][PASSED] - Delayed 2 second(s)

2018-05-21 10:00:54 - [TEST_STEP][PASSED] - Statement - out.println("BatchQty : " + batchqty): null

2018-05-21 10:00:54 - [TEST_STEP][PASSED] - Statement - out.println("RQty : " + Rqty): null

2018-05-21 10:00:54 - [TEST_STEP][PASSED] - Statement - If (java.lang.Integer.valueOf(batchqty) >= java.lang.Integer.valueOf(Rqty)): null

2018-05-21 10:00:54 - [TEST_STEP][PASSED] - Statement - Break: null

2018-05-21 10:00:54 - [TEST_STEP][PASSED] - Statement - batchlength = new com.kms.katalon.core.testobject.TestObject(): null

2018-05-21 10:00:54 - [TEST_STEP][PASSED] - Statement - batchlength = com.kms.katalon.core.webui.keyword.WebUiBuiltInKeywords.modifyObjectProperty(batchlength, "xpath", "equals", "//*[@id = "fldvendor" + row + ""]", true): Modify property of object successfully

2018-05-21 10:00:54 - [MESSAGE][PASSED] - Modify property of object successfully

2018-05-21 10:00:54 - [TEST_STEP][PASSED] - Statement - batchsize = com.kms.katalon.core.webui.keyword.WebUiBuiltInKeywords.getNumberOfTotalOption(batchlength): 9 options of object '' counted

2018-05-21 10:00:54 - [MESSAGE][PASSED] - 9 options of object '' counted

2018-05-21 10:00:54 - [TEST_STEP][PASSED] - Statement - out.println("BatchSize : " + batchsize): null

2018-05-21 10:00:54 - [TEST_STEP][PASSED] - Statement - For ([n = 1, n <= batchsize - 1, (n++)]): null

2018-05-21 10:00:54 - [TEST_STEP][PASSED] - Statement - product = new com.kms.katalon.core.testobject.TestObject(): null

2018-05-21 10:00:54 - [TEST_STEP][PASSED] - Statement - product = com.kms.katalon.core.webui.keyword.WebUiBuiltInKeywords.modifyObjectProperty(product, "xpath", "equals", "//*[@id = "fldvendor" + row + ""]", true): Modify property of object successfully

2018-05-21 10:00:54 - [MESSAGE][PASSED] - Modify property of object successfully

2018-05-21 10:00:54 - [TEST_STEP][PASSED] - selectOptionByIndex: All options with index in [1] are selected on object ''

2018-05-21 10:00:54 - [MESSAGE][PASSED] - All options with index in [1] are selected on object ''

2018-05-21 10:00:54 - [TEST_STEP][PASSED] - Statement - batch = new com.kms.katalon.core.testobject.TestObject(): null

2018-05-21 10:00:54 - [TEST_STEP][PASSED] - Statement - batch = com.kms.katalon.core.webui.keyword.WebUiBuiltInKeywords.modifyObjectProperty(batch, "xpath", "equals", "//*[@id = "txtbthqty" + row + ""]", true): Modify property of object successfully

2018-05-21 10:00:54 - [MESSAGE][PASSED] - Modify property of object successfully

2018-05-21 10:00:54 - [TEST_STEP][PASSED] - Statement - batchqty = com.kms.katalon.core.webui.keyword.WebUiBuiltInKeywords.getAttribute(batch, "value").trim(): Attribute 'value' of object '' is: '50'

2018-05-21 10:00:54 - [MESSAGE][PASSED] - Attribute 'value' of object '' is: '50'

2018-05-21 10:00:54 - [TEST_STEP][PASSED] - Statement - Rqty = 100: null

2018-05-21 10:00:54 - [TEST_STEP][PASSED] - delay: Delayed 2 second(s)

2018-05-21 10:00:56 - [MESSAGE][PASSED] - Delayed 2 second(s)

2018-05-21 10:00:56 - [TEST_STEP][PASSED] - Statement - out.println("BatchQty : " + batchqty): null

2018-05-21 10:00:56 - [TEST_STEP][PASSED] - Statement - out.println("RQty : " + Rqty): null

2018-05-21 10:00:56 - [TEST_STEP][PASSED] - Statement - If (java.lang.Integer.valueOf(batchqty) >= java.lang.Integer.valueOf(Rqty)): null

2018-05-21 10:00:56 - [TEST_STEP][PASSED] - Statement - Else: null

2018-05-21 10:00:56 - [TEST_STEP][PASSED] - Statement - out.println("Batchqty Is Less Than Rqty"): null

2018-05-21 10:00:56 - [TEST_STEP][PASSED] - Statement - product = new com.kms.katalon.core.testobject.TestObject(): null

2018-05-21 10:00:56 - [TEST_STEP][PASSED] - Statement - product = com.kms.katalon.core.webui.keyword.WebUiBuiltInKeywords.modifyObjectProperty(product, "xpath", "equals", "//*[@id = "fldvendor" + row + ""]", true): Modify property of object successfully

2018-05-21 10:00:56 - [MESSAGE][PASSED] - Modify property of object successfully

2018-05-21 10:00:56 - [TEST_STEP][PASSED] - selectOptionByIndex: All options with index in [2] are selected on object ''

2018-05-21 10:00:57 - [MESSAGE][PASSED] - All options with index in [2] are selected on object ''

2018-05-21 10:00:57 - [TEST_STEP][PASSED] - Statement - batch = new com.kms.katalon.core.testobject.TestObject(): null

2018-05-21 10:00:57 - [TEST_STEP][PASSED] - Statement - batch = com.kms.katalon.core.webui.keyword.WebUiBuiltInKeywords.modifyObjectProperty(batch, "xpath", "equals", "//*[@id = "txtbthqty" + row + ""]", true): Modify property of object successfully

2018-05-21 10:00:57 - [MESSAGE][PASSED] - Modify property of object successfully

2018-05-21 10:00:57 - [TEST_STEP][PASSED] - Statement - batchqty = com.kms.katalon.core.webui.keyword.WebUiBuiltInKeywords.getAttribute(batch, "value").trim(): Attribute 'value' of object '' is: '2900'

2018-05-21 10:00:57 - [MESSAGE][PASSED] - Attribute 'value' of object '' is: '2900'

2018-05-21 10:00:57 - [TEST_STEP][PASSED] - Statement - Rqty = 100: null

2018-05-21 10:00:57 - [TEST_STEP][PASSED] - delay: Delayed 2 second(s)

2018-05-21 10:00:59 - [MESSAGE][PASSED] - Delayed 2 second(s)

2018-05-21 10:00:59 - [TEST_STEP][PASSED] - Statement - out.println("BatchQty : " + batchqty): null

2018-05-21 10:00:59 - [TEST_STEP][PASSED] - Statement - out.println("RQty : " + Rqty): null

2018-05-21 10:00:59 - [TEST_STEP][PASSED] - Statement - If (java.lang.Integer.valueOf(batchqty) >= java.lang.Integer.valueOf(Rqty)): null

2018-05-21 10:00:59 - [TEST_STEP][PASSED] - Statement - Break: null

2018-05-21 10:00:59 - [TEST_STEP][PASSED] - Statement - batchlength = new com.kms.katalon.core.testobject.TestObject(): null

2018-05-21 10:00:59 - [TEST_STEP][PASSED] - Statement - batchlength = com.kms.katalon.core.webui.keyword.WebUiBuiltInKeywords.modifyObjectProperty(batchlength, "xpath", "equals", "//*[@id = "fldvendor" + row + ""]", true): Modify property of object successfully

2018-05-21 10:00:59 - [MESSAGE][PASSED] - Modify property of object successfully

2018-05-21 10:00:59 - [TEST_STEP][PASSED] - Statement - batchsize = com.kms.katalon.core.webui.keyword.WebUiBuiltInKeywords.getNumberOfTotalOption(batchlength): 9 options of object '' counted

2018-05-21 10:00:59 - [MESSAGE][PASSED] - 9 options of object '' counted

2018-05-21 10:00:59 - [TEST_STEP][PASSED] - Statement - out.println("BatchSize : " + batchsize): null

2018-05-21 10:00:59 - [TEST_STEP][PASSED] - Statement - For ([n = 1, n <= batchsize - 1, (n++)]): null

2018-05-21 10:00:59 - [TEST_STEP][PASSED] - Statement - product = new com.kms.katalon.core.testobject.TestObject(): null

2018-05-21 10:00:59 - [TEST_STEP][PASSED] - Statement - product = com.kms.katalon.core.webui.keyword.WebUiBuiltInKeywords.modifyObjectProperty(product, "xpath", "equals", "//*[@id = "fldvendor" + row + ""]", true): Modify property of object successfully

2018-05-21 10:00:59 - [MESSAGE][PASSED] - Modify property of object successfully

2018-05-21 10:00:59 - [TEST_STEP][PASSED] - selectOptionByIndex: All options with index in [1] are selected on object ''

2018-05-21 10:00:59 - [MESSAGE][PASSED] - All options with index in [1] are selected on object ''

2018-05-21 10:00:59 - [TEST_STEP][PASSED] - Statement - batch = new com.kms.katalon.core.testobject.TestObject(): null

2018-05-21 10:00:59 - [TEST_STEP][PASSED] - Statement - batch = com.kms.katalon.core.webui.keyword.WebUiBuiltInKeywords.modifyObjectProperty(batch, "xpath", "equals", "//*[@id = "txtbthqty" + row + ""]", true): Modify property of object successfully

2018-05-21 10:00:59 - [MESSAGE][PASSED] - Modify property of object successfully

2018-05-21 10:00:59 - [TEST_STEP][PASSED] - Statement - batchqty = com.kms.katalon.core.webui.keyword.WebUiBuiltInKeywords.getAttribute(batch, "value").trim(): Attribute 'value' of object '' is: '200'

2018-05-21 10:00:59 - [MESSAGE][PASSED] - Attribute 'value' of object '' is: '200'

2018-05-21 10:00:59 - [TEST_STEP][PASSED] - Statement - Rqty = 100: null

2018-05-21 10:00:59 - [TEST_STEP][PASSED] - delay: Delayed 2 second(s)

2018-05-21 10:01:01 - [MESSAGE][PASSED] - Delayed 2 second(s)

2018-05-21 10:01:01 - [TEST_STEP][PASSED] - Statement - out.println("BatchQty : " + batchqty): null

2018-05-21 10:01:01 - [TEST_STEP][PASSED] - Statement - out.println("RQty : " + Rqty): null

2018-05-21 10:01:01 - [TEST_STEP][PASSED] - Statement - If (java.lang.Integer.valueOf(batchqty) >= java.lang.Integer.valueOf(Rqty)): null

2018-05-21 10:01:01 - [TEST_STEP][PASSED] - Statement - Break: null

2018-05-21 10:01:01 - [TEST_STEP][PASSED] - Statement - batchlength = new com.kms.katalon.core.testobject.TestObject(): null

2018-05-21 10:01:01 - [TEST_STEP][PASSED] - Statement - batchlength = com.kms.katalon.core.webui.keyword.WebUiBuiltInKeywords.modifyObjectProperty(batchlength, "xpath", "equals", "//*[@id = "fldvendor" + row + ""]", true): Modify property of object successfully

2018-05-21 10:01:01 - [MESSAGE][PASSED] - Modify property of object successfully

2018-05-21 10:01:01 - [TEST_STEP][PASSED] - Statement - batchsize = com.kms.katalon.core.webui.keyword.WebUiBuiltInKeywords.getNumberOfTotalOption(batchlength): 8 options of object '' counted

2018-05-21 10:01:01 - [MESSAGE][PASSED] - 8 options of object '' counted

2018-05-21 10:01:01 - [TEST_STEP][PASSED] - Statement - out.println("BatchSize : " + batchsize): null

2018-05-21 10:01:01 - [TEST_STEP][PASSED] - Statement - For ([n = 1, n <= batchsize - 1, (n++)]): null

2018-05-21 10:01:01 - [TEST_STEP][PASSED] - Statement - product = new com.kms.katalon.core.testobject.TestObject(): null

2018-05-21 10:01:01 - [TEST_STEP][PASSED] - Statement - product = com.kms.katalon.core.webui.keyword.WebUiBuiltInKeywords.modifyObjectProperty(product, "xpath", "equals", "//*[@id = "fldvendor" + row + ""]", true): Modify property of object successfully

2018-05-21 10:01:01 - [MESSAGE][PASSED] - Modify property of object successfully

2018-05-21 10:01:01 - [TEST_STEP][PASSED] - selectOptionByIndex: All options with index in [1] are selected on object ''

2018-05-21 10:01:01 - [MESSAGE][PASSED] - All options with index in [1] are selected on object ''

2018-05-21 10:01:01 - [TEST_STEP][PASSED] - Statement - batch = new com.kms.katalon.core.testobject.TestObject(): null

2018-05-21 10:01:01 - [TEST_STEP][PASSED] - Statement - batch = com.kms.katalon.core.webui.keyword.WebUiBuiltInKeywords.modifyObjectProperty(batch, "xpath", "equals", "//*[@id = "txtbthqty" + row + ""]", true): Modify property of object successfully

2018-05-21 10:01:01 - [MESSAGE][PASSED] - Modify property of object successfully

2018-05-21 10:01:01 - [TEST_STEP][PASSED] - Statement - batchqty = com.kms.katalon.core.webui.keyword.WebUiBuiltInKeywords.getAttribute(batch, "value").trim(): Attribute 'value' of object '' is: '37900'

2018-05-21 10:01:01 - [MESSAGE][PASSED] - Attribute 'value' of object '' is: '37900'

2018-05-21 10:01:01 - [TEST_STEP][PASSED] - Statement - Rqty = 100: null

2018-05-21 10:01:01 - [TEST_STEP][PASSED] - delay: Delayed 2 second(s)

2018-05-21 10:01:03 - [MESSAGE][PASSED] - Delayed 2 second(s)

2018-05-21 10:01:03 - [TEST_STEP][PASSED] - Statement - out.println("BatchQty : " + batchqty): null

2018-05-21 10:01:03 - [TEST_STEP][PASSED] - Statement - out.println("RQty : " + Rqty): null

2018-05-21 10:01:03 - [TEST_STEP][PASSED] - Statement - If (java.lang.Integer.valueOf(batchqty) >= java.lang.Integer.valueOf(Rqty)): null

2018-05-21 10:01:03 - [TEST_STEP][PASSED] - Statement - Break: null

2018-05-21 10:01:03 - [TEST_STEP][PASSED] - Statement - batchlength = new com.kms.katalon.core.testobject.TestObject(): null

2018-05-21 10:01:03 - [TEST_STEP][PASSED] - Statement - batchlength = com.kms.katalon.core.webui.keyword.WebUiBuiltInKeywords.modifyObjectProperty(batchlength, "xpath", "equals", "//*[@id = "fldvendor" + row + ""]", true): Modify property of object successfully

2018-05-21 10:01:03 - [MESSAGE][PASSED] - Modify property of object successfully

2018-05-21 10:01:03 - [TEST_STEP][PASSED] - Statement - batchsize = com.kms.katalon.core.webui.keyword.WebUiBuiltInKeywords.getNumberOfTotalOption(batchlength): 9 options of object '' counted

2018-05-21 10:01:03 - [MESSAGE][PASSED] - 9 options of object '' counted

2018-05-21 10:01:03 - [TEST_STEP][PASSED] - Statement - out.println("BatchSize : " + batchsize): null

2018-05-21 10:01:03 - [TEST_STEP][PASSED] - Statement - For ([n = 1, n <= batchsize - 1, (n++)]): null

2018-05-21 10:01:03 - [TEST_STEP][PASSED] - Statement - product = new com.kms.katalon.core.testobject.TestObject(): null

2018-05-21 10:01:03 - [TEST_STEP][PASSED] - Statement - product = com.kms.katalon.core.webui.keyword.WebUiBuiltInKeywords.modifyObjectProperty(product, "xpath", "equals", "//*[@id = "fldvendor" + row + ""]", true): Modify property of object successfully

2018-05-21 10:01:03 - [MESSAGE][PASSED] - Modify property of object successfully

2018-05-21 10:01:03 - [TEST_STEP][PASSED] - selectOptionByIndex: All options with index in [1] are selected on object ''

2018-05-21 10:01:03 - [MESSAGE][PASSED] - All options with index in [1] are selected on object ''

2018-05-21 10:01:03 - [TEST_STEP][PASSED] - Statement - batch = new com.kms.katalon.core.testobject.TestObject(): null

2018-05-21 10:01:03 - [TEST_STEP][PASSED] - Statement - batch = com.kms.katalon.core.webui.keyword.WebUiBuiltInKeywords.modifyObjectProperty(batch, "xpath", "equals", "//*[@id = "txtbthqty" + row + ""]", true): Modify property of object successfully

2018-05-21 10:01:03 - [MESSAGE][PASSED] - Modify property of object successfully

2018-05-21 10:01:03 - [TEST_STEP][PASSED] - Statement - batchqty = com.kms.katalon.core.webui.keyword.WebUiBuiltInKeywords.getAttribute(batch, "value").trim(): Attribute 'value' of object '' is: '200'

2018-05-21 10:01:03 - [MESSAGE][PASSED] - Attribute 'value' of object '' is: '200'

2018-05-21 10:01:03 - [TEST_STEP][PASSED] - Statement - Rqty = 100: null

2018-05-21 10:01:03 - [TEST_STEP][PASSED] - delay: Delayed 2 second(s)

2018-05-21 10:01:05 - [MESSAGE][PASSED] - Delayed 2 second(s)

2018-05-21 10:01:05 - [TEST_STEP][PASSED] - Statement - out.println("BatchQty : " + batchqty): null

2018-05-21 10:01:05 - [TEST_STEP][PASSED] - Statement - out.println("RQty : " + Rqty): null

2018-05-21 10:01:05 - [TEST_STEP][PASSED] - Statement - If (java.lang.Integer.valueOf(batchqty) >= java.lang.Integer.valueOf(Rqty)): null

2018-05-21 10:01:05 - [TEST_STEP][PASSED] - Statement - Break: null

2018-05-21 10:01:05 - [TEST_STEP][PASSED] - Statement - batchlength = new com.kms.katalon.core.testobject.TestObject(): null

2018-05-21 10:01:05 - [TEST_STEP][PASSED] - Statement - batchlength = com.kms.katalon.core.webui.keyword.WebUiBuiltInKeywords.modifyObjectProperty(batchlength, "xpath", "equals", "//*[@id = "fldvendor" + row + ""]", true): Modify property of object successfully

2018-05-21 10:01:05 - [MESSAGE][PASSED] - Modify property of object successfully

2018-05-21 10:01:05 - [TEST_STEP][PASSED] - Statement - batchsize = com.kms.katalon.core.webui.keyword.WebUiBuiltInKeywords.getNumberOfTotalOption(batchlength): 9 options of object '' counted

2018-05-21 10:01:06 - [MESSAGE][PASSED] - 9 options of object '' counted

2018-05-21 10:01:06 - [TEST_STEP][PASSED] - Statement - out.println("BatchSize : " + batchsize): null

2018-05-21 10:01:06 - [TEST_STEP][PASSED] - Statement - For ([n = 1, n <= batchsize - 1, (n++)]): null

2018-05-21 10:01:06 - [TEST_STEP][PASSED] - Statement - product = new com.kms.katalon.core.testobject.TestObject(): null

2018-05-21 10:01:06 - [TEST_STEP][PASSED] - Statement - product = com.kms.katalon.core.webui.keyword.WebUiBuiltInKeywords.modifyObjectProperty(product, "xpath", "equals", "//*[@id = "fldvendor" + row + ""]", true): Modify property of object successfully

2018-05-21 10:01:06 - [MESSAGE][PASSED] - Modify property of object successfully

2018-05-21 10:01:06 - [TEST_STEP][PASSED] - selectOptionByIndex: All options with index in [1] are selected on object ''

2018-05-21 10:01:06 - [MESSAGE][PASSED] - All options with index in [1] are selected on object ''

2018-05-21 10:01:06 - [TEST_STEP][PASSED] - Statement - batch = new com.kms.katalon.core.testobject.TestObject(): null

2018-05-21 10:01:06 - [TEST_STEP][PASSED] - Statement - batch = com.kms.katalon.core.webui.keyword.WebUiBuiltInKeywords.modifyObjectProperty(batch, "xpath", "equals", "//*[@id = "txtbthqty" + row + ""]", true): Modify property of object successfully

2018-05-21 10:01:06 - [MESSAGE][PASSED] - Modify property of object successfully

2018-05-21 10:01:06 - [TEST_STEP][PASSED] - Statement - batchqty = com.kms.katalon.core.webui.keyword.WebUiBuiltInKeywords.getAttribute(batch, "value").trim(): Attribute 'value' of object '' is: '200'

2018-05-21 10:01:06 - [MESSAGE][PASSED] - Attribute 'value' of object '' is: '200'

2018-05-21 10:01:06 - [TEST_STEP][PASSED] - Statement - Rqty = 100: null

2018-05-21 10:01:06 - [TEST_STEP][PASSED] - delay: Delayed 2 second(s)

2018-05-21 10:01:08 - [MESSAGE][PASSED] - Delayed 2 second(s)

2018-05-21 10:01:08 - [TEST_STEP][PASSED] - Statement - out.println("BatchQty : " + batchqty): null

2018-05-21 10:01:08 - [TEST_STEP][PASSED] - Statement - out.println("RQty : " + Rqty): null

2018-05-21 10:01:08 - [TEST_STEP][PASSED] - Statement - If (java.lang.Integer.valueOf(batchqty) >= java.lang.Integer.valueOf(Rqty)): null

2018-05-21 10:01:08 - [TEST_STEP][PASSED] - Statement - Break: null

2018-05-21 10:01:08 - [TEST_STEP][PASSED] - Statement - batchlength = new com.kms.katalon.core.testobject.TestObject(): null

2018-05-21 10:01:08 - [TEST_STEP][PASSED] - Statement - batchlength = com.kms.katalon.core.webui.keyword.WebUiBuiltInKeywords.modifyObjectProperty(batchlength, "xpath", "equals", "//*[@id = "fldvendor" + row + ""]", true): Modify property of object successfully

2018-05-21 10:01:08 - [MESSAGE][PASSED] - Modify property of object successfully

2018-05-21 10:01:08 - [TEST_STEP][PASSED] - Statement - batchsize = com.kms.katalon.core.webui.keyword.WebUiBuiltInKeywords.getNumberOfTotalOption(batchlength): 8 options of object '' counted

2018-05-21 10:01:08 - [MESSAGE][PASSED] - 8 options of object '' counted

2018-05-21 10:01:08 - [TEST_STEP][PASSED] - Statement - out.println("BatchSize : " + batchsize): null

2018-05-21 10:01:08 - [TEST_STEP][PASSED] - Statement - For ([n = 1, n <= batchsize - 1, (n++)]): null

2018-05-21 10:01:08 - [TEST_STEP][PASSED] - Statement - product = new com.kms.katalon.core.testobject.TestObject(): null

2018-05-21 10:01:08 - [TEST_STEP][PASSED] - Statement - product = com.kms.katalon.core.webui.keyword.WebUiBuiltInKeywords.modifyObjectProperty(product, "xpath", "equals", "//*[@id = "fldvendor" + row + ""]", true): Modify property of object successfully

2018-05-21 10:01:08 - [MESSAGE][PASSED] - Modify property of object successfully

2018-05-21 10:01:08 - [TEST_STEP][PASSED] - selectOptionByIndex: All options with index in [1] are selected on object ''

2018-05-21 10:01:08 - [MESSAGE][PASSED] - All options with index in [1] are selected on object ''

2018-05-21 10:01:08 - [TEST_STEP][PASSED] - Statement - batch = new com.kms.katalon.core.testobject.TestObject(): null

2018-05-21 10:01:08 - [TEST_STEP][PASSED] - Statement - batch = com.kms.katalon.core.webui.keyword.WebUiBuiltInKeywords.modifyObjectProperty(batch, "xpath", "equals", "//*[@id = "txtbthqty" + row + ""]", true): Modify property of object successfully

2018-05-21 10:01:08 - [MESSAGE][PASSED] - Modify property of object successfully

2018-05-21 10:01:08 - [TEST_STEP][PASSED] - Statement - batchqty = com.kms.katalon.core.webui.keyword.WebUiBuiltInKeywords.getAttribute(batch, "value").trim(): Attribute 'value' of object '' is: '3100'

2018-05-21 10:01:08 - [MESSAGE][PASSED] - Attribute 'value' of object '' is: '3100'

2018-05-21 10:01:08 - [TEST_STEP][PASSED] - Statement - Rqty = 100: null

2018-05-21 10:01:08 - [TEST_STEP][PASSED] - delay: Delayed 2 second(s)

2018-05-21 10:01:10 - [MESSAGE][PASSED] - Delayed 2 second(s)

2018-05-21 10:01:10 - [TEST_STEP][PASSED] - Statement - out.println("BatchQty : " + batchqty): null

2018-05-21 10:01:10 - [TEST_STEP][PASSED] - Statement - out.println("RQty : " + Rqty): null

2018-05-21 10:01:10 - [TEST_STEP][PASSED] - Statement - If (java.lang.Integer.valueOf(batchqty) >= java.lang.Integer.valueOf(Rqty)): null

2018-05-21 10:01:10 - [TEST_STEP][PASSED] - Statement - Break: null

2018-05-21 10:01:10 - [TEST_STEP][PASSED] - Statement - batchlength = new com.kms.katalon.core.testobject.TestObject(): null

2018-05-21 10:01:10 - [TEST_STEP][PASSED] - Statement - batchlength = com.kms.katalon.core.webui.keyword.WebUiBuiltInKeywords.modifyObjectProperty(batchlength, "xpath", "equals", "//*[@id = "fldvendor" + row + ""]", true): Modify property of object successfully

2018-05-21 10:01:10 - [MESSAGE][PASSED] - Modify property of object successfully

2018-05-21 10:01:10 - [TEST_STEP][PASSED] - Statement - batchsize = com.kms.katalon.core.webui.keyword.WebUiBuiltInKeywords.getNumberOfTotalOption(batchlength): 7 options of object '' counted

2018-05-21 10:01:10 - [MESSAGE][PASSED] - 7 options of object '' counted

2018-05-21 10:01:10 - [TEST_STEP][PASSED] - Statement - out.println("BatchSize : " + batchsize): null

2018-05-21 10:01:10 - [TEST_STEP][PASSED] - Statement - For ([n = 1, n <= batchsize - 1, (n++)]): null

2018-05-21 10:01:10 - [TEST_STEP][PASSED] - Statement - product = new com.kms.katalon.core.testobject.TestObject(): null

2018-05-21 10:01:10 - [TEST_STEP][PASSED] - Statement - product = com.kms.katalon.core.webui.keyword.WebUiBuiltInKeywords.modifyObjectProperty(product, "xpath", "equals", "//*[@id = "fldvendor" + row + ""]", true): Modify property of object successfully

2018-05-21 10:01:10 - [MESSAGE][PASSED] - Modify property of object successfully

2018-05-21 10:01:10 - [TEST_STEP][PASSED] - selectOptionByIndex: All options with index in [1] are selected on object ''

2018-05-21 10:01:10 - [MESSAGE][PASSED] - All options with index in [1] are selected on object ''

2018-05-21 10:01:10 - [TEST_STEP][PASSED] - Statement - batch = new com.kms.katalon.core.testobject.TestObject(): null

2018-05-21 10:01:10 - [TEST_STEP][PASSED] - Statement - batch = com.kms.katalon.core.webui.keyword.WebUiBuiltInKeywords.modifyObjectProperty(batch, "xpath", "equals", "//*[@id = "txtbthqty" + row + ""]", true): Modify property of object successfully

2018-05-21 10:01:10 - [MESSAGE][PASSED] - Modify property of object successfully

2018-05-21 10:01:10 - [TEST_STEP][PASSED] - Statement - batchqty = com.kms.katalon.core.webui.keyword.WebUiBuiltInKeywords.getAttribute(batch, "value").trim(): Attribute 'value' of object '' is: '3100'

2018-05-21 10:01:10 - [MESSAGE][PASSED] - Attribute 'value' of object '' is: '3100'

2018-05-21 10:01:10 - [TEST_STEP][PASSED] - Statement - Rqty = 100: null

2018-05-21 10:01:10 - [TEST_STEP][PASSED] - delay: Delayed 2 second(s)

2018-05-21 10:01:12 - [MESSAGE][PASSED] - Delayed 2 second(s)

2018-05-21 10:01:12 - [TEST_STEP][PASSED] - Statement - out.println("BatchQty : " + batchqty): null

2018-05-21 10:01:12 - [TEST_STEP][PASSED] - Statement - out.println("RQty : " + Rqty): null

2018-05-21 10:01:12 - [TEST_STEP][PASSED] - Statement - If (java.lang.Integer.valueOf(batchqty) >= java.lang.Integer.valueOf(Rqty)): null

2018-05-21 10:01:12 - [TEST_STEP][PASSED] - Statement - Break: null

2018-05-21 10:01:12 - [TEST_STEP][PASSED] - Statement - batchlength = new com.kms.katalon.core.testobject.TestObject(): null

2018-05-21 10:01:12 - [TEST_STEP][PASSED] - Statement - batchlength = com.kms.katalon.core.webui.keyword.WebUiBuiltInKeywords.modifyObjectProperty(batchlength, "xpath", "equals", "//*[@id = "fldvendor" + row + ""]", true): Modify property of object successfully

2018-05-21 10:01:12 - [MESSAGE][PASSED] - Modify property of object successfully

2018-05-21 10:01:12 - [TEST_STEP][PASSED] - Statement - batchsize = com.kms.katalon.core.webui.keyword.WebUiBuiltInKeywords.getNumberOfTotalOption(batchlength): 8 options of object '' counted

2018-05-21 10:01:12 - [MESSAGE][PASSED] - 8 options of object '' counted

2018-05-21 10:01:12 - [TEST_STEP][PASSED] - Statement - out.println("BatchSize : " + batchsize): null

2018-05-21 10:01:12 - [TEST_STEP][PASSED] - Statement - For ([n = 1, n <= batchsize - 1, (n++)]): null

2018-05-21 10:01:12 - [TEST_STEP][PASSED] - Statement - product = new com.kms.katalon.core.testobject.TestObject(): null

2018-05-21 10:01:12 - [TEST_STEP][PASSED] - Statement - product = com.kms.katalon.core.webui.keyword.WebUiBuiltInKeywords.modifyObjectProperty(product, "xpath", "equals", "//*[@id = "fldvendor" + row + ""]", true): Modify property of object successfully

2018-05-21 10:01:12 - [MESSAGE][PASSED] - Modify property of object successfully

2018-05-21 10:01:12 - [TEST_STEP][PASSED] - selectOptionByIndex: All options with index in [1] are selected on object ''

2018-05-21 10:01:13 - [MESSAGE][PASSED] - All options with index in [1] are selected on object ''

2018-05-21 10:01:13 - [TEST_STEP][PASSED] - Statement - batch = new com.kms.katalon.core.testobject.TestObject(): null

2018-05-21 10:01:13 - [TEST_STEP][PASSED] - Statement - batch = com.kms.katalon.core.webui.keyword.WebUiBuiltInKeywords.modifyObjectProperty(batch, "xpath", "equals", "//*[@id = "txtbthqty" + row + ""]", true): Modify property of object successfully

2018-05-21 10:01:13 - [MESSAGE][PASSED] - Modify property of object successfully

2018-05-21 10:01:13 - [TEST_STEP][PASSED] - Statement - batchqty = com.kms.katalon.core.webui.keyword.WebUiBuiltInKeywords.getAttribute(batch, "value").trim(): Attribute 'value' of object '' is: '100'

2018-05-21 10:01:13 - [MESSAGE][PASSED] - Attribute 'value' of object '' is: '100'

2018-05-21 10:01:13 - [TEST_STEP][PASSED] - Statement - Rqty = 100: null

2018-05-21 10:01:13 - [TEST_STEP][PASSED] - delay: Delayed 2 second(s)

2018-05-21 10:01:15 - [MESSAGE][PASSED] - Delayed 2 second(s)

2018-05-21 10:01:15 - [TEST_STEP][PASSED] - Statement - out.println("BatchQty : " + batchqty): null

2018-05-21 10:01:15 - [TEST_STEP][PASSED] - Statement - out.println("RQty : " + Rqty): null

2018-05-21 10:01:15 - [TEST_STEP][PASSED] - Statement - If (java.lang.Integer.valueOf(batchqty) >= java.lang.Integer.valueOf(Rqty)): null

2018-05-21 10:01:15 - [TEST_STEP][PASSED] - Statement - Break: null

2018-05-21 10:01:15 - [TEST_STEP][PASSED] - delay: Delayed 2 second(s)

2018-05-21 10:01:17 - [MESSAGE][PASSED] - Delayed 2 second(s)

2018-05-21 10:01:17 - [TEST_STEP][PASSED] - click: Object: 'Object Repository/DispensaryToCms/Page_KDMC - CMS/input_btndispatch' is clicked on

2018-05-21 10:01:17 - [MESSAGE][PASSED] - Object: 'Object Repository/DispensaryToCms/Page_KDMC - CMS/input_btndispatch' is clicked on

2018-05-21 10:01:17 - [TEST_STEP][PASSED] - delay: Delayed 3 second(s)

2018-05-21 10:01:20 - [MESSAGE][PASSED] - Delayed 3 second(s)

2018-05-21 10:01:20 - [TEST_STEP][PASSED] - click: Object: 'Object Repository/DispensaryToCms/Page_KDMC - CMS/button_OK' is clicked on

2018-05-21 10:01:20 - [MESSAGE][PASSED] - Object: 'Object Repository/DispensaryToCms/Page_KDMC - CMS/button_OK' is clicked on

2018-05-21 10:01:20 - [TEST_STEP][PASSED] - delay: Delayed 4 second(s)

2018-05-21 10:01:24 - [MESSAGE][PASSED] - Delayed 4 second(s)

2018-05-21 10:01:24 - [TEST_STEP][PASSED] - waitForElementPresent: Object 'Object Repository/DispensaryToStore/Page_Dispensary Store/a_dropdown-toggle' is not present after 20 second(s)

2018-05-21 10:01:45 - [MESSAGE][WARNING] - Object 'Object Repository/DispensaryToStore/Page_Dispensary Store/a_dropdown-toggle' is not present after 20 second(s)

2018-05-21 10:01:45 - [TEST_STEP][PASSED] - click: Object: 'Object Repository/DispensaryToCms/Page_KDMC - CMS/a_dropdown-toggle' is clicked on

2018-05-21 10:01:45 - [MESSAGE][PASSED] - Object: 'Object Repository/DispensaryToCms/Page_KDMC - CMS/a_dropdown-toggle' is clicked on

2018-05-21 10:01:45 - [TEST_STEP][PASSED] - click: Object: 'Object Repository/DispensaryToCms/Page_KDMC - CMS/a_Sign out' is clicked on

2018-05-21 10:01:46 - [MESSAGE][PASSED] - Object: 'Object Repository/DispensaryToCms/Page_KDMC - CMS/a_Sign out' is clicked on

2018-05-21 10:01:46 - [TEST_STEP][PASSED] - delay: Delayed 3 second(s)

2018-05-21 10:01:49 - [MESSAGE][PASSED] - Delayed 3 second(s)

2018-05-21 10:01:49 - [TEST_STEP][PASSED] - navigateToUrl: Navigate to 'http://192.168.137.1/multihospital_new/HDSplashscreen.aspx' successfully

2018-05-21 10:01:50 - [MESSAGE][PASSED] - Navigate to 'http://192.168.137.1/multihospital_new/HDSplashscreen.aspx' successfully

2018-05-21 10:01:50 - [TEST_STEP][PASSED] - click: Object: 'Object Repository/DispensaryToCms/Page_KDMC/a_Dispensary Store' is clicked on

2018-05-21 10:01:50 - [MESSAGE][PASSED] - Object: 'Object Repository/DispensaryToCms/Page_KDMC/a_Dispensary Store' is clicked on

2018-05-21 10:01:50 - [TEST_STEP][PASSED] - setText: Text 'rajaram' is set on object 'Object Repository/DispensaryToCms/Page_Dispensary Store Login/input_txtusername'

2018-05-21 10:01:51 - [MESSAGE][PASSED] - Text 'rajaram' is set on object 'Object Repository/DispensaryToCms/Page_Dispensary Store Login/input_txtusername'

2018-05-21 10:01:51 - [TEST_STEP][PASSED] - setText: Text '123' is set on object 'Object Repository/DispensaryToCms/Page_Dispensary Store Login/input_txtpassword'

2018-05-21 10:01:51 - [MESSAGE][PASSED] - Text '123' is set on object 'Object Repository/DispensaryToCms/Page_Dispensary Store Login/input_txtpassword'

2018-05-21 10:01:51 - [TEST_STEP][PASSED] - delay: Delayed 3 second(s)

2018-05-21 10:01:54 - [MESSAGE][PASSED] - Delayed 3 second(s)

2018-05-21 10:01:54 - [TEST_STEP][PASSED] - click: Object: 'Object Repository/DispensaryToCms/Page_Dispensary Store Login/button_Sign in' is clicked on

2018-05-21 10:01:55 - [MESSAGE][PASSED] - Object: 'Object Repository/DispensaryToCms/Page_Dispensary Store Login/button_Sign in' is clicked on

2018-05-21 10:01:55 - [TEST_STEP][PASSED] - delay: Delayed 3 second(s)

2018-05-21 10:01:58 - [MESSAGE][PASSED] - Delayed 3 second(s)

2018-05-21 10:01:58 - [TEST_STEP][PASSED] - click: Object: 'Object Repository/DispensaryToCms/Page_Dispensary Store/a_CMS' is clicked on

2018-05-21 10:01:58 - [MESSAGE][PASSED] - Object: 'Object Repository/DispensaryToCms/Page_Dispensary Store/a_CMS' is clicked on

2018-05-21 10:01:58 - [TEST_STEP][PASSED] - delay: Delayed 2 second(s)

2018-05-21 10:02:00 - [MESSAGE][PASSED] - Delayed 2 second(s)

2018-05-21 10:02:00 - [TEST_STEP][PASSED] - click: Object: 'Object Repository/DispensaryToCms/Page_Dispensary Store/a_Receiving Goods' is clicked on

2018-05-21 10:02:01 - [MESSAGE][PASSED] - Object: 'Object Repository/DispensaryToCms/Page_Dispensary Store/a_Receiving Goods' is clicked on

2018-05-21 10:02:01 - [TEST_STEP][PASSED] - setText: Text 'PRNO/21052018/281' is set on object 'Object Repository/DispensaryToCms/Page_Dispensary Store/input'

2018-05-21 10:02:03 - [MESSAGE][PASSED] - Text 'PRNO/21052018/281' is set on object 'Object Repository/DispensaryToCms/Page_Dispensary Store/input'

2018-05-21 10:02:03 - [TEST_STEP][PASSED] - click: Object: 'Object Repository/DispensaryToCms/Page_Dispensary Store/input_PRNO18052018174' is clicked on

2018-05-21 10:02:03 - [MESSAGE][PASSED] - Object: 'Object Repository/DispensaryToCms/Page_Dispensary Store/input_PRNO18052018174' is clicked on

2018-05-21 10:02:03 - [TEST_STEP][PASSED] - delay: Delayed 2 second(s)

2018-05-21 10:02:05 - [MESSAGE][PASSED] - Delayed 2 second(s)

2018-05-21 10:02:05 - [TEST_STEP][PASSED] - click: Object: 'Object Repository/DispensaryToCms/Page_Dispensary Store/input_chkrem' is clicked on

2018-05-21 10:02:05 - [MESSAGE][PASSED] - Object: 'Object Repository/DispensaryToCms/Page_Dispensary Store/input_chkrem' is clicked on

2018-05-21 10:02:05 - [TEST_STEP][PASSED] - scrollToElement: Scroll to object 'Object Repository/DispensaryToCms/Page_Dispensary Store/input_btchkroqadd' successfully

2018-05-21 10:02:05 - [MESSAGE][PASSED] - Scroll to object 'Object Repository/DispensaryToCms/Page_Dispensary Store/input_btchkroqadd' successfully

2018-05-21 10:02:05 - [TEST_STEP][PASSED] - click: Object: 'Object Repository/DispensaryToCms/Page_Dispensary Store/input_btchkroqadd' is clicked on

2018-05-21 10:02:05 - [MESSAGE][PASSED] - Object: 'Object Repository/DispensaryToCms/Page_Dispensary Store/input_btchkroqadd' is clicked on

2018-05-21 10:02:05 - [TEST_STEP][PASSED] - delay: Delayed 2 second(s)

2018-05-21 10:02:07 - [MESSAGE][PASSED] - Delayed 2 second(s)

2018-05-21 10:02:07 - [TEST_STEP][PASSED] - refresh: Refresh successfully

2018-05-21 10:02:08 - [MESSAGE][PASSED] - Refresh successfully

2018-05-21 10:02:08 - [TEST_STEP][PASSED] - delay: Delayed 3 second(s)

2018-05-21 10:02:11 - [MESSAGE][PASSED] - Delayed 3 second(s)

2018-05-21 10:02:11 - [TEST_STEP][PASSED] - waitForElementPresent: Object 'Object Repository/DispensaryToStore/Page_Dispensary Store/a_dropdown-toggle' is present

2018-05-21 10:02:11 - [MESSAGE][PASSED] - Object 'Object Repository/DispensaryToStore/Page_Dispensary Store/a_dropdown-toggle' is present

2018-05-21 10:02:11 - [TEST_STEP][PASSED] - click: Object: 'Object Repository/DispensaryToCms/Page_Dispensary Store/a_dropdown-toggle' is clicked on

2018-05-21 10:02:11 - [MESSAGE][PASSED] - Object: 'Object Repository/DispensaryToCms/Page_Dispensary Store/a_dropdown-toggle' is clicked on

2018-05-21 10:02:11 - [TEST_STEP][PASSED] - click: Object: 'Object Repository/DispensaryToCms/Page_Dispensary Store/a_Sign out' is clicked on

2018-05-21 10:02:11 - [MESSAGE][PASSED] - Object: 'Object Repository/DispensaryToCms/Page_Dispensary Store/a_Sign out' is clicked on

2018-05-21 10:02:11 - [TEST_STEP][PASSED] - closeBrowser: Browser is closed

2018-05-21 10:02:12 - [MESSAGE][PASSED] - Browser is closed]]></system-out>
         <system-err><![CDATA[]]></system-err>
      </testcase>
      <testcase name="Test Cases/DISPENSARY TEST CASES/TC_DP_014 Verify Schedule 2 Dispensary To CMS Request Are Working Successfully Or Not" classname="Test Cases/DISPENSARY TEST CASES/TC_DP_014 Verify Schedule 2 Dispensary To CMS Request Are Working Successfully Or Not" status="ERROR">
         <error type="ERROR" message="Test Cases/DISPENSARY TEST CASES/TC_DP_014 Verify Schedule 2 Dispensary To CMS Request Are Working Successfully Or Not FAILED because (of) java.lang.NumberFormatException: For input string: &quot;&quot;"/>
         <system-out><![CDATA[2018-05-21 10:02:12 - [TEST_CASE][ERROR] - Test Cases/DISPENSARY TEST CASES/TC_DP_014 Verify Schedule 2 Dispensary To CMS Request Are Working Successfully Or Not: Test Cases/DISPENSARY TEST CASES/TC_DP_014 Verify Schedule 2 Dispensary To CMS Request Are Working Successfully Or Not FAILED because (of) java.lang.NumberFormatException: For input string: ""

2018-05-21 10:02:13 - [TEST_STEP][PASSED] - openBrowser: Browser is opened with url: ''

2018-05-21 10:02:15 - [MESSAGE][PASSED] - Browser is opened with url: ''

2018-05-21 10:02:15 - [TEST_STEP][PASSED] - navigateToUrl: Navigate to 'http://192.168.137.1/multihospital_new/HDSplashscreen.aspx' successfully

2018-05-21 10:02:19 - [MESSAGE][PASSED] - Navigate to 'http://192.168.137.1/multihospital_new/HDSplashscreen.aspx' successfully

2018-05-21 10:02:19 - [TEST_STEP][PASSED] - maximizeWindow: Current window maximized

2018-05-21 10:02:20 - [MESSAGE][PASSED] - Current window maximized

2018-05-21 10:02:20 - [TEST_STEP][PASSED] - click: Object: 'Object Repository/DispensaryToCms/Page_KDMC/a_Dispensary Store' is clicked on

2018-05-21 10:02:21 - [MESSAGE][PASSED] - Object: 'Object Repository/DispensaryToCms/Page_KDMC/a_Dispensary Store' is clicked on

2018-05-21 10:02:21 - [TEST_STEP][PASSED] - setText: Text 'rajaram' is set on object 'Object Repository/DispensaryToCms/Page_Dispensary Store Login/input_txtusername'

2018-05-21 10:02:21 - [MESSAGE][PASSED] - Text 'rajaram' is set on object 'Object Repository/DispensaryToCms/Page_Dispensary Store Login/input_txtusername'

2018-05-21 10:02:21 - [TEST_STEP][PASSED] - setText: Text '123' is set on object 'Object Repository/DispensaryToCms/Page_Dispensary Store Login/input_txtpassword'

2018-05-21 10:02:21 - [MESSAGE][PASSED] - Text '123' is set on object 'Object Repository/DispensaryToCms/Page_Dispensary Store Login/input_txtpassword'

2018-05-21 10:02:21 - [TEST_STEP][PASSED] - delay: Delayed 3 second(s)

2018-05-21 10:02:24 - [MESSAGE][PASSED] - Delayed 3 second(s)

2018-05-21 10:02:24 - [TEST_STEP][PASSED] - click: Object: 'Object Repository/DispensaryToCms/Page_Dispensary Store Login/button_Sign in' is clicked on

2018-05-21 10:02:25 - [MESSAGE][PASSED] - Object: 'Object Repository/DispensaryToCms/Page_Dispensary Store Login/button_Sign in' is clicked on

2018-05-21 10:02:25 - [TEST_STEP][PASSED] - delay: Delayed 3 second(s)

2018-05-21 10:02:28 - [MESSAGE][PASSED] - Delayed 3 second(s)

2018-05-21 10:02:28 - [TEST_STEP][PASSED] - click: Object: 'Object Repository/DispensaryToCms/Page_Dispensary Store/a_CMS' is clicked on

2018-05-21 10:02:28 - [MESSAGE][PASSED] - Object: 'Object Repository/DispensaryToCms/Page_Dispensary Store/a_CMS' is clicked on

2018-05-21 10:02:28 - [TEST_STEP][PASSED] - click: Object: 'Object Repository/DispensaryToCms/Page_Dispensary Store/a_Request Send' is clicked on

2018-05-21 10:02:29 - [MESSAGE][PASSED] - Object: 'Object Repository/DispensaryToCms/Page_Dispensary Store/a_Request Send' is clicked on

2018-05-21 10:02:29 - [TEST_STEP][PASSED] - delay: Delayed 2 second(s)

2018-05-21 10:02:31 - [MESSAGE][PASSED] - Delayed 2 second(s)

2018-05-21 10:02:31 - [TEST_STEP][PASSED] - selectOptionByIndex: All options with index in [2] are selected on object 'Object Repository/DispensaryToCms/Page_Dispensary Store/select_--Select--'

2018-05-21 10:02:31 - [MESSAGE][PASSED] - All options with index in [2] are selected on object 'Object Repository/DispensaryToCms/Page_Dispensary Store/select_--Select--'

2018-05-21 10:02:31 - [TEST_STEP][PASSED] - selectOptionByIndex: All options with index in [2] are selected on object 'Object Repository/DispensaryToCms/Page_Dispensary Store/select_--Select--Schedule 1Inj'

2018-05-21 10:02:31 - [MESSAGE][PASSED] - All options with index in [2] are selected on object 'Object Repository/DispensaryToCms/Page_Dispensary Store/select_--Select--Schedule 1Inj'

2018-05-21 10:02:31 - [TEST_STEP][PASSED] - Statement - medicineslength = com.kms.katalon.core.webui.keyword.WebUiBuiltInKeywords.getNumberOfTotalOption(com.kms.katalon.core.testobject.ObjectRepository.findTestObject(DispensaryToCms/Page_Dispensary Store/select_--Select--Adernaline 0.)): 73 options of object 'Object Repository/DispensaryToCms/Page_Dispensary Store/select_--Select--Adernaline 0.' counted

2018-05-21 10:02:31 - [MESSAGE][PASSED] - 73 options of object 'Object Repository/DispensaryToCms/Page_Dispensary Store/select_--Select--Adernaline 0.' counted

2018-05-21 10:02:31 - [TEST_STEP][PASSED] - Statement - For ([e = 1, e <= medicineslength - 1, (e++)]): Object: 'Object Repository/DispensaryToCms/Page_Dispensary Store/button_Add' is clicked on

2018-05-21 10:02:31 - [TEST_STEP][PASSED] - selectOptionByIndex: All options with index in [2] are selected on object 'Object Repository/DispensaryToCms/Page_Dispensary Store/select_--Select--Schedule 1Inj'

2018-05-21 10:02:31 - [MESSAGE][PASSED] - All options with index in [2] are selected on object 'Object Repository/DispensaryToCms/Page_Dispensary Store/select_--Select--Schedule 1Inj'

2018-05-21 10:02:31 - [TEST_STEP][PASSED] - selectOptionByIndex: All options with index in [1] are selected on object 'Object Repository/DispensaryToCms/Page_Dispensary Store/select_--Select--Adernaline 0.'

2018-05-21 10:02:32 - [MESSAGE][PASSED] - All options with index in [1] are selected on object 'Object Repository/DispensaryToCms/Page_Dispensary Store/select_--Select--Adernaline 0.'

2018-05-21 10:02:32 - [TEST_STEP][PASSED] - setText: Text '100' is set on object 'Object Repository/DispensaryToCms/Page_Dispensary Store/input_txttreat'

2018-05-21 10:02:32 - [MESSAGE][PASSED] - Text '100' is set on object 'Object Repository/DispensaryToCms/Page_Dispensary Store/input_txttreat'

2018-05-21 10:02:32 - [TEST_STEP][PASSED] - click: Object: 'Object Repository/DispensaryToCms/Page_Dispensary Store/button_Add' is clicked on

2018-05-21 10:02:32 - [MESSAGE][PASSED] - Object: 'Object Repository/DispensaryToCms/Page_Dispensary Store/button_Add' is clicked on

2018-05-21 10:02:32 - [TEST_STEP][PASSED] - selectOptionByIndex: All options with index in [2] are selected on object 'Object Repository/DispensaryToCms/Page_Dispensary Store/select_--Select--Schedule 1Inj'

2018-05-21 10:02:32 - [MESSAGE][PASSED] - All options with index in [2] are selected on object 'Object Repository/DispensaryToCms/Page_Dispensary Store/select_--Select--Schedule 1Inj'

2018-05-21 10:02:32 - [TEST_STEP][PASSED] - selectOptionByIndex: All options with index in [2] are selected on object 'Object Repository/DispensaryToCms/Page_Dispensary Store/select_--Select--Adernaline 0.'

2018-05-21 10:02:32 - [MESSAGE][PASSED] - All options with index in [2] are selected on object 'Object Repository/DispensaryToCms/Page_Dispensary Store/select_--Select--Adernaline 0.'

2018-05-21 10:02:32 - [TEST_STEP][PASSED] - setText: Text '100' is set on object 'Object Repository/DispensaryToCms/Page_Dispensary Store/input_txttreat'

2018-05-21 10:02:32 - [MESSAGE][PASSED] - Text '100' is set on object 'Object Repository/DispensaryToCms/Page_Dispensary Store/input_txttreat'

2018-05-21 10:02:32 - [TEST_STEP][PASSED] - click: Object: 'Object Repository/DispensaryToCms/Page_Dispensary Store/button_Add' is clicked on

2018-05-21 10:02:32 - [MESSAGE][PASSED] - Object: 'Object Repository/DispensaryToCms/Page_Dispensary Store/button_Add' is clicked on

2018-05-21 10:02:32 - [TEST_STEP][PASSED] - selectOptionByIndex: All options with index in [2] are selected on object 'Object Repository/DispensaryToCms/Page_Dispensary Store/select_--Select--Schedule 1Inj'

2018-05-21 10:02:33 - [MESSAGE][PASSED] - All options with index in [2] are selected on object 'Object Repository/DispensaryToCms/Page_Dispensary Store/select_--Select--Schedule 1Inj'

2018-05-21 10:02:33 - [TEST_STEP][PASSED] - selectOptionByIndex: All options with index in [3] are selected on object 'Object Repository/DispensaryToCms/Page_Dispensary Store/select_--Select--Adernaline 0.'

2018-05-21 10:02:33 - [MESSAGE][PASSED] - All options with index in [3] are selected on object 'Object Repository/DispensaryToCms/Page_Dispensary Store/select_--Select--Adernaline 0.'

2018-05-21 10:02:33 - [TEST_STEP][PASSED] - setText: Text '100' is set on object 'Object Repository/DispensaryToCms/Page_Dispensary Store/input_txttreat'

2018-05-21 10:02:33 - [MESSAGE][PASSED] - Text '100' is set on object 'Object Repository/DispensaryToCms/Page_Dispensary Store/input_txttreat'

2018-05-21 10:02:33 - [TEST_STEP][PASSED] - click: Object: 'Object Repository/DispensaryToCms/Page_Dispensary Store/button_Add' is clicked on

2018-05-21 10:02:33 - [MESSAGE][PASSED] - Object: 'Object Repository/DispensaryToCms/Page_Dispensary Store/button_Add' is clicked on

2018-05-21 10:02:33 - [TEST_STEP][PASSED] - selectOptionByIndex: All options with index in [2] are selected on object 'Object Repository/DispensaryToCms/Page_Dispensary Store/select_--Select--Schedule 1Inj'

2018-05-21 10:02:33 - [MESSAGE][PASSED] - All options with index in [2] are selected on object 'Object Repository/DispensaryToCms/Page_Dispensary Store/select_--Select--Schedule 1Inj'

2018-05-21 10:02:33 - [TEST_STEP][PASSED] - selectOptionByIndex: All options with index in [4] are selected on object 'Object Repository/DispensaryToCms/Page_Dispensary Store/select_--Select--Adernaline 0.'

2018-05-21 10:02:33 - [MESSAGE][PASSED] - All options with index in [4] are selected on object 'Object Repository/DispensaryToCms/Page_Dispensary Store/select_--Select--Adernaline 0.'

2018-05-21 10:02:33 - [TEST_STEP][PASSED] - setText: Text '100' is set on object 'Object Repository/DispensaryToCms/Page_Dispensary Store/input_txttreat'

2018-05-21 10:02:34 - [MESSAGE][PASSED] - Text '100' is set on object 'Object Repository/DispensaryToCms/Page_Dispensary Store/input_txttreat'

2018-05-21 10:02:34 - [TEST_STEP][PASSED] - click: Object: 'Object Repository/DispensaryToCms/Page_Dispensary Store/button_Add' is clicked on

2018-05-21 10:02:34 - [MESSAGE][PASSED] - Object: 'Object Repository/DispensaryToCms/Page_Dispensary Store/button_Add' is clicked on

2018-05-21 10:02:34 - [TEST_STEP][PASSED] - selectOptionByIndex: All options with index in [2] are selected on object 'Object Repository/DispensaryToCms/Page_Dispensary Store/select_--Select--Schedule 1Inj'

2018-05-21 10:02:34 - [MESSAGE][PASSED] - All options with index in [2] are selected on object 'Object Repository/DispensaryToCms/Page_Dispensary Store/select_--Select--Schedule 1Inj'

2018-05-21 10:02:34 - [TEST_STEP][PASSED] - selectOptionByIndex: All options with index in [5] are selected on object 'Object Repository/DispensaryToCms/Page_Dispensary Store/select_--Select--Adernaline 0.'

2018-05-21 10:02:34 - [MESSAGE][PASSED] - All options with index in [5] are selected on object 'Object Repository/DispensaryToCms/Page_Dispensary Store/select_--Select--Adernaline 0.'

2018-05-21 10:02:34 - [TEST_STEP][PASSED] - setText: Text '100' is set on object 'Object Repository/DispensaryToCms/Page_Dispensary Store/input_txttreat'

2018-05-21 10:02:34 - [MESSAGE][PASSED] - Text '100' is set on object 'Object Repository/DispensaryToCms/Page_Dispensary Store/input_txttreat'

2018-05-21 10:02:34 - [TEST_STEP][PASSED] - click: Object: 'Object Repository/DispensaryToCms/Page_Dispensary Store/button_Add' is clicked on

2018-05-21 10:02:34 - [MESSAGE][PASSED] - Object: 'Object Repository/DispensaryToCms/Page_Dispensary Store/button_Add' is clicked on

2018-05-21 10:02:34 - [TEST_STEP][PASSED] - selectOptionByIndex: All options with index in [2] are selected on object 'Object Repository/DispensaryToCms/Page_Dispensary Store/select_--Select--Schedule 1Inj'

2018-05-21 10:02:34 - [MESSAGE][PASSED] - All options with index in [2] are selected on object 'Object Repository/DispensaryToCms/Page_Dispensary Store/select_--Select--Schedule 1Inj'

2018-05-21 10:02:34 - [TEST_STEP][PASSED] - selectOptionByIndex: All options with index in [6] are selected on object 'Object Repository/DispensaryToCms/Page_Dispensary Store/select_--Select--Adernaline 0.'

2018-05-21 10:02:35 - [MESSAGE][PASSED] - All options with index in [6] are selected on object 'Object Repository/DispensaryToCms/Page_Dispensary Store/select_--Select--Adernaline 0.'

2018-05-21 10:02:35 - [TEST_STEP][PASSED] - setText: Text '100' is set on object 'Object Repository/DispensaryToCms/Page_Dispensary Store/input_txttreat'

2018-05-21 10:02:35 - [MESSAGE][PASSED] - Text '100' is set on object 'Object Repository/DispensaryToCms/Page_Dispensary Store/input_txttreat'

2018-05-21 10:02:35 - [TEST_STEP][PASSED] - click: Object: 'Object Repository/DispensaryToCms/Page_Dispensary Store/button_Add' is clicked on

2018-05-21 10:02:35 - [MESSAGE][PASSED] - Object: 'Object Repository/DispensaryToCms/Page_Dispensary Store/button_Add' is clicked on

2018-05-21 10:02:35 - [TEST_STEP][PASSED] - selectOptionByIndex: All options with index in [2] are selected on object 'Object Repository/DispensaryToCms/Page_Dispensary Store/select_--Select--Schedule 1Inj'

2018-05-21 10:02:35 - [MESSAGE][PASSED] - All options with index in [2] are selected on object 'Object Repository/DispensaryToCms/Page_Dispensary Store/select_--Select--Schedule 1Inj'

2018-05-21 10:02:35 - [TEST_STEP][PASSED] - selectOptionByIndex: All options with index in [7] are selected on object 'Object Repository/DispensaryToCms/Page_Dispensary Store/select_--Select--Adernaline 0.'

2018-05-21 10:02:35 - [MESSAGE][PASSED] - All options with index in [7] are selected on object 'Object Repository/DispensaryToCms/Page_Dispensary Store/select_--Select--Adernaline 0.'

2018-05-21 10:02:35 - [TEST_STEP][PASSED] - setText: Text '100' is set on object 'Object Repository/DispensaryToCms/Page_Dispensary Store/input_txttreat'

2018-05-21 10:02:35 - [MESSAGE][PASSED] - Text '100' is set on object 'Object Repository/DispensaryToCms/Page_Dispensary Store/input_txttreat'

2018-05-21 10:02:35 - [TEST_STEP][PASSED] - click: Object: 'Object Repository/DispensaryToCms/Page_Dispensary Store/button_Add' is clicked on

2018-05-21 10:02:35 - [MESSAGE][PASSED] - Object: 'Object Repository/DispensaryToCms/Page_Dispensary Store/button_Add' is clicked on

2018-05-21 10:02:35 - [TEST_STEP][PASSED] - selectOptionByIndex: All options with index in [2] are selected on object 'Object Repository/DispensaryToCms/Page_Dispensary Store/select_--Select--Schedule 1Inj'

2018-05-21 10:02:35 - [MESSAGE][PASSED] - All options with index in [2] are selected on object 'Object Repository/DispensaryToCms/Page_Dispensary Store/select_--Select--Schedule 1Inj'

2018-05-21 10:02:35 - [TEST_STEP][PASSED] - selectOptionByIndex: All options with index in [8] are selected on object 'Object Repository/DispensaryToCms/Page_Dispensary Store/select_--Select--Adernaline 0.'

2018-05-21 10:02:36 - [MESSAGE][PASSED] - All options with index in [8] are selected on object 'Object Repository/DispensaryToCms/Page_Dispensary Store/select_--Select--Adernaline 0.'

2018-05-21 10:02:36 - [TEST_STEP][PASSED] - setText: Text '100' is set on object 'Object Repository/DispensaryToCms/Page_Dispensary Store/input_txttreat'

2018-05-21 10:02:36 - [MESSAGE][PASSED] - Text '100' is set on object 'Object Repository/DispensaryToCms/Page_Dispensary Store/input_txttreat'

2018-05-21 10:02:36 - [TEST_STEP][PASSED] - click: Object: 'Object Repository/DispensaryToCms/Page_Dispensary Store/button_Add' is clicked on

2018-05-21 10:02:36 - [MESSAGE][PASSED] - Object: 'Object Repository/DispensaryToCms/Page_Dispensary Store/button_Add' is clicked on

2018-05-21 10:02:36 - [TEST_STEP][PASSED] - selectOptionByIndex: All options with index in [2] are selected on object 'Object Repository/DispensaryToCms/Page_Dispensary Store/select_--Select--Schedule 1Inj'

2018-05-21 10:02:36 - [MESSAGE][PASSED] - All options with index in [2] are selected on object 'Object Repository/DispensaryToCms/Page_Dispensary Store/select_--Select--Schedule 1Inj'

2018-05-21 10:02:36 - [TEST_STEP][PASSED] - selectOptionByIndex: All options with index in [9] are selected on object 'Object Repository/DispensaryToCms/Page_Dispensary Store/select_--Select--Adernaline 0.'

2018-05-21 10:02:36 - [MESSAGE][PASSED] - All options with index in [9] are selected on object 'Object Repository/DispensaryToCms/Page_Dispensary Store/select_--Select--Adernaline 0.'

2018-05-21 10:02:36 - [TEST_STEP][PASSED] - setText: Text '100' is set on object 'Object Repository/DispensaryToCms/Page_Dispensary Store/input_txttreat'

2018-05-21 10:02:36 - [MESSAGE][PASSED] - Text '100' is set on object 'Object Repository/DispensaryToCms/Page_Dispensary Store/input_txttreat'

2018-05-21 10:02:36 - [TEST_STEP][PASSED] - click: Object: 'Object Repository/DispensaryToCms/Page_Dispensary Store/button_Add' is clicked on

2018-05-21 10:02:36 - [MESSAGE][PASSED] - Object: 'Object Repository/DispensaryToCms/Page_Dispensary Store/button_Add' is clicked on

2018-05-21 10:02:36 - [TEST_STEP][PASSED] - selectOptionByIndex: All options with index in [2] are selected on object 'Object Repository/DispensaryToCms/Page_Dispensary Store/select_--Select--Schedule 1Inj'

2018-05-21 10:02:37 - [MESSAGE][PASSED] - All options with index in [2] are selected on object 'Object Repository/DispensaryToCms/Page_Dispensary Store/select_--Select--Schedule 1Inj'

2018-05-21 10:02:37 - [TEST_STEP][PASSED] - selectOptionByIndex: All options with index in [10] are selected on object 'Object Repository/DispensaryToCms/Page_Dispensary Store/select_--Select--Adernaline 0.'

2018-05-21 10:02:37 - [MESSAGE][PASSED] - All options with index in [10] are selected on object 'Object Repository/DispensaryToCms/Page_Dispensary Store/select_--Select--Adernaline 0.'

2018-05-21 10:02:37 - [TEST_STEP][PASSED] - setText: Text '100' is set on object 'Object Repository/DispensaryToCms/Page_Dispensary Store/input_txttreat'

2018-05-21 10:02:37 - [MESSAGE][PASSED] - Text '100' is set on object 'Object Repository/DispensaryToCms/Page_Dispensary Store/input_txttreat'

2018-05-21 10:02:37 - [TEST_STEP][PASSED] - click: Object: 'Object Repository/DispensaryToCms/Page_Dispensary Store/button_Add' is clicked on

2018-05-21 10:02:37 - [MESSAGE][PASSED] - Object: 'Object Repository/DispensaryToCms/Page_Dispensary Store/button_Add' is clicked on

2018-05-21 10:02:37 - [TEST_STEP][PASSED] - selectOptionByIndex: All options with index in [2] are selected on object 'Object Repository/DispensaryToCms/Page_Dispensary Store/select_--Select--Schedule 1Inj'

2018-05-21 10:02:37 - [MESSAGE][PASSED] - All options with index in [2] are selected on object 'Object Repository/DispensaryToCms/Page_Dispensary Store/select_--Select--Schedule 1Inj'

2018-05-21 10:02:37 - [TEST_STEP][PASSED] - selectOptionByIndex: All options with index in [11] are selected on object 'Object Repository/DispensaryToCms/Page_Dispensary Store/select_--Select--Adernaline 0.'

2018-05-21 10:02:38 - [MESSAGE][PASSED] - All options with index in [11] are selected on object 'Object Repository/DispensaryToCms/Page_Dispensary Store/select_--Select--Adernaline 0.'

2018-05-21 10:02:38 - [TEST_STEP][PASSED] - setText: Text '100' is set on object 'Object Repository/DispensaryToCms/Page_Dispensary Store/input_txttreat'

2018-05-21 10:02:38 - [MESSAGE][PASSED] - Text '100' is set on object 'Object Repository/DispensaryToCms/Page_Dispensary Store/input_txttreat'

2018-05-21 10:02:38 - [TEST_STEP][PASSED] - click: Object: 'Object Repository/DispensaryToCms/Page_Dispensary Store/button_Add' is clicked on

2018-05-21 10:02:38 - [MESSAGE][PASSED] - Object: 'Object Repository/DispensaryToCms/Page_Dispensary Store/button_Add' is clicked on

2018-05-21 10:02:38 - [TEST_STEP][PASSED] - selectOptionByIndex: All options with index in [2] are selected on object 'Object Repository/DispensaryToCms/Page_Dispensary Store/select_--Select--Schedule 1Inj'

2018-05-21 10:02:38 - [MESSAGE][PASSED] - All options with index in [2] are selected on object 'Object Repository/DispensaryToCms/Page_Dispensary Store/select_--Select--Schedule 1Inj'

2018-05-21 10:02:38 - [TEST_STEP][PASSED] - selectOptionByIndex: All options with index in [12] are selected on object 'Object Repository/DispensaryToCms/Page_Dispensary Store/select_--Select--Adernaline 0.'

2018-05-21 10:02:38 - [MESSAGE][PASSED] - All options with index in [12] are selected on object 'Object Repository/DispensaryToCms/Page_Dispensary Store/select_--Select--Adernaline 0.'

2018-05-21 10:02:38 - [TEST_STEP][PASSED] - setText: Text '100' is set on object 'Object Repository/DispensaryToCms/Page_Dispensary Store/input_txttreat'

2018-05-21 10:02:38 - [MESSAGE][PASSED] - Text '100' is set on object 'Object Repository/DispensaryToCms/Page_Dispensary Store/input_txttreat'

2018-05-21 10:02:38 - [TEST_STEP][PASSED] - click: Object: 'Object Repository/DispensaryToCms/Page_Dispensary Store/button_Add' is clicked on

2018-05-21 10:02:38 - [MESSAGE][PASSED] - Object: 'Object Repository/DispensaryToCms/Page_Dispensary Store/button_Add' is clicked on

2018-05-21 10:02:38 - [TEST_STEP][PASSED] - selectOptionByIndex: All options with index in [2] are selected on object 'Object Repository/DispensaryToCms/Page_Dispensary Store/select_--Select--Schedule 1Inj'

2018-05-21 10:02:39 - [MESSAGE][PASSED] - All options with index in [2] are selected on object 'Object Repository/DispensaryToCms/Page_Dispensary Store/select_--Select--Schedule 1Inj'

2018-05-21 10:02:39 - [TEST_STEP][PASSED] - selectOptionByIndex: All options with index in [13] are selected on object 'Object Repository/DispensaryToCms/Page_Dispensary Store/select_--Select--Adernaline 0.'

2018-05-21 10:02:39 - [MESSAGE][PASSED] - All options with index in [13] are selected on object 'Object Repository/DispensaryToCms/Page_Dispensary Store/select_--Select--Adernaline 0.'

2018-05-21 10:02:39 - [TEST_STEP][PASSED] - setText: Text '100' is set on object 'Object Repository/DispensaryToCms/Page_Dispensary Store/input_txttreat'

2018-05-21 10:02:39 - [MESSAGE][PASSED] - Text '100' is set on object 'Object Repository/DispensaryToCms/Page_Dispensary Store/input_txttreat'

2018-05-21 10:02:39 - [TEST_STEP][PASSED] - click: Object: 'Object Repository/DispensaryToCms/Page_Dispensary Store/button_Add' is clicked on

2018-05-21 10:02:39 - [MESSAGE][PASSED] - Object: 'Object Repository/DispensaryToCms/Page_Dispensary Store/button_Add' is clicked on

2018-05-21 10:02:39 - [TEST_STEP][PASSED] - selectOptionByIndex: All options with index in [2] are selected on object 'Object Repository/DispensaryToCms/Page_Dispensary Store/select_--Select--Schedule 1Inj'

2018-05-21 10:02:39 - [MESSAGE][PASSED] - All options with index in [2] are selected on object 'Object Repository/DispensaryToCms/Page_Dispensary Store/select_--Select--Schedule 1Inj'

2018-05-21 10:02:39 - [TEST_STEP][PASSED] - selectOptionByIndex: All options with index in [14] are selected on object 'Object Repository/DispensaryToCms/Page_Dispensary Store/select_--Select--Adernaline 0.'

2018-05-21 10:02:39 - [MESSAGE][PASSED] - All options with index in [14] are selected on object 'Object Repository/DispensaryToCms/Page_Dispensary Store/select_--Select--Adernaline 0.'

2018-05-21 10:02:39 - [TEST_STEP][PASSED] - setText: Text '100' is set on object 'Object Repository/DispensaryToCms/Page_Dispensary Store/input_txttreat'

2018-05-21 10:02:40 - [MESSAGE][PASSED] - Text '100' is set on object 'Object Repository/DispensaryToCms/Page_Dispensary Store/input_txttreat'

2018-05-21 10:02:40 - [TEST_STEP][PASSED] - click: Object: 'Object Repository/DispensaryToCms/Page_Dispensary Store/button_Add' is clicked on

2018-05-21 10:02:40 - [MESSAGE][PASSED] - Object: 'Object Repository/DispensaryToCms/Page_Dispensary Store/button_Add' is clicked on

2018-05-21 10:02:40 - [TEST_STEP][PASSED] - selectOptionByIndex: All options with index in [2] are selected on object 'Object Repository/DispensaryToCms/Page_Dispensary Store/select_--Select--Schedule 1Inj'

2018-05-21 10:02:40 - [MESSAGE][PASSED] - All options with index in [2] are selected on object 'Object Repository/DispensaryToCms/Page_Dispensary Store/select_--Select--Schedule 1Inj'

2018-05-21 10:02:40 - [TEST_STEP][PASSED] - selectOptionByIndex: All options with index in [15] are selected on object 'Object Repository/DispensaryToCms/Page_Dispensary Store/select_--Select--Adernaline 0.'

2018-05-21 10:02:40 - [MESSAGE][PASSED] - All options with index in [15] are selected on object 'Object Repository/DispensaryToCms/Page_Dispensary Store/select_--Select--Adernaline 0.'

2018-05-21 10:02:40 - [TEST_STEP][PASSED] - setText: Text '100' is set on object 'Object Repository/DispensaryToCms/Page_Dispensary Store/input_txttreat'

2018-05-21 10:02:40 - [MESSAGE][PASSED] - Text '100' is set on object 'Object Repository/DispensaryToCms/Page_Dispensary Store/input_txttreat'

2018-05-21 10:02:40 - [TEST_STEP][PASSED] - click: Object: 'Object Repository/DispensaryToCms/Page_Dispensary Store/button_Add' is clicked on

2018-05-21 10:02:40 - [MESSAGE][PASSED] - Object: 'Object Repository/DispensaryToCms/Page_Dispensary Store/button_Add' is clicked on

2018-05-21 10:02:40 - [TEST_STEP][PASSED] - selectOptionByIndex: All options with index in [2] are selected on object 'Object Repository/DispensaryToCms/Page_Dispensary Store/select_--Select--Schedule 1Inj'

2018-05-21 10:02:40 - [MESSAGE][PASSED] - All options with index in [2] are selected on object 'Object Repository/DispensaryToCms/Page_Dispensary Store/select_--Select--Schedule 1Inj'

2018-05-21 10:02:40 - [TEST_STEP][PASSED] - selectOptionByIndex: All options with index in [16] are selected on object 'Object Repository/DispensaryToCms/Page_Dispensary Store/select_--Select--Adernaline 0.'

2018-05-21 10:02:41 - [MESSAGE][PASSED] - All options with index in [16] are selected on object 'Object Repository/DispensaryToCms/Page_Dispensary Store/select_--Select--Adernaline 0.'

2018-05-21 10:02:41 - [TEST_STEP][PASSED] - setText: Text '100' is set on object 'Object Repository/DispensaryToCms/Page_Dispensary Store/input_txttreat'

2018-05-21 10:02:41 - [MESSAGE][PASSED] - Text '100' is set on object 'Object Repository/DispensaryToCms/Page_Dispensary Store/input_txttreat'

2018-05-21 10:02:41 - [TEST_STEP][PASSED] - click: Object: 'Object Repository/DispensaryToCms/Page_Dispensary Store/button_Add' is clicked on

2018-05-21 10:02:41 - [MESSAGE][PASSED] - Object: 'Object Repository/DispensaryToCms/Page_Dispensary Store/button_Add' is clicked on

2018-05-21 10:02:41 - [TEST_STEP][PASSED] - selectOptionByIndex: All options with index in [2] are selected on object 'Object Repository/DispensaryToCms/Page_Dispensary Store/select_--Select--Schedule 1Inj'

2018-05-21 10:02:41 - [MESSAGE][PASSED] - All options with index in [2] are selected on object 'Object Repository/DispensaryToCms/Page_Dispensary Store/select_--Select--Schedule 1Inj'

2018-05-21 10:02:41 - [TEST_STEP][PASSED] - selectOptionByIndex: All options with index in [17] are selected on object 'Object Repository/DispensaryToCms/Page_Dispensary Store/select_--Select--Adernaline 0.'

2018-05-21 10:02:41 - [MESSAGE][PASSED] - All options with index in [17] are selected on object 'Object Repository/DispensaryToCms/Page_Dispensary Store/select_--Select--Adernaline 0.'

2018-05-21 10:02:41 - [TEST_STEP][PASSED] - setText: Text '100' is set on object 'Object Repository/DispensaryToCms/Page_Dispensary Store/input_txttreat'

2018-05-21 10:02:42 - [MESSAGE][PASSED] - Text '100' is set on object 'Object Repository/DispensaryToCms/Page_Dispensary Store/input_txttreat'

2018-05-21 10:02:42 - [TEST_STEP][PASSED] - click: Object: 'Object Repository/DispensaryToCms/Page_Dispensary Store/button_Add' is clicked on

2018-05-21 10:02:42 - [MESSAGE][PASSED] - Object: 'Object Repository/DispensaryToCms/Page_Dispensary Store/button_Add' is clicked on

2018-05-21 10:02:42 - [TEST_STEP][PASSED] - selectOptionByIndex: All options with index in [2] are selected on object 'Object Repository/DispensaryToCms/Page_Dispensary Store/select_--Select--Schedule 1Inj'

2018-05-21 10:02:42 - [MESSAGE][PASSED] - All options with index in [2] are selected on object 'Object Repository/DispensaryToCms/Page_Dispensary Store/select_--Select--Schedule 1Inj'

2018-05-21 10:02:42 - [TEST_STEP][PASSED] - selectOptionByIndex: All options with index in [18] are selected on object 'Object Repository/DispensaryToCms/Page_Dispensary Store/select_--Select--Adernaline 0.'

2018-05-21 10:02:42 - [MESSAGE][PASSED] - All options with index in [18] are selected on object 'Object Repository/DispensaryToCms/Page_Dispensary Store/select_--Select--Adernaline 0.'

2018-05-21 10:02:42 - [TEST_STEP][PASSED] - setText: Text '100' is set on object 'Object Repository/DispensaryToCms/Page_Dispensary Store/input_txttreat'

2018-05-21 10:02:42 - [MESSAGE][PASSED] - Text '100' is set on object 'Object Repository/DispensaryToCms/Page_Dispensary Store/input_txttreat'

2018-05-21 10:02:42 - [TEST_STEP][PASSED] - click: Object: 'Object Repository/DispensaryToCms/Page_Dispensary Store/button_Add' is clicked on

2018-05-21 10:02:42 - [MESSAGE][PASSED] - Object: 'Object Repository/DispensaryToCms/Page_Dispensary Store/button_Add' is clicked on

2018-05-21 10:02:42 - [TEST_STEP][PASSED] - selectOptionByIndex: All options with index in [2] are selected on object 'Object Repository/DispensaryToCms/Page_Dispensary Store/select_--Select--Schedule 1Inj'

2018-05-21 10:02:43 - [MESSAGE][PASSED] - All options with index in [2] are selected on object 'Object Repository/DispensaryToCms/Page_Dispensary Store/select_--Select--Schedule 1Inj'

2018-05-21 10:02:43 - [TEST_STEP][PASSED] - selectOptionByIndex: All options with index in [19] are selected on object 'Object Repository/DispensaryToCms/Page_Dispensary Store/select_--Select--Adernaline 0.'

2018-05-21 10:02:43 - [MESSAGE][PASSED] - All options with index in [19] are selected on object 'Object Repository/DispensaryToCms/Page_Dispensary Store/select_--Select--Adernaline 0.'

2018-05-21 10:02:43 - [TEST_STEP][PASSED] - setText: Text '100' is set on object 'Object Repository/DispensaryToCms/Page_Dispensary Store/input_txttreat'

2018-05-21 10:02:43 - [MESSAGE][PASSED] - Text '100' is set on object 'Object Repository/DispensaryToCms/Page_Dispensary Store/input_txttreat'

2018-05-21 10:02:43 - [TEST_STEP][PASSED] - click: Object: 'Object Repository/DispensaryToCms/Page_Dispensary Store/button_Add' is clicked on

2018-05-21 10:02:43 - [MESSAGE][PASSED] - Object: 'Object Repository/DispensaryToCms/Page_Dispensary Store/button_Add' is clicked on

2018-05-21 10:02:43 - [TEST_STEP][PASSED] - selectOptionByIndex: All options with index in [2] are selected on object 'Object Repository/DispensaryToCms/Page_Dispensary Store/select_--Select--Schedule 1Inj'

2018-05-21 10:02:43 - [MESSAGE][PASSED] - All options with index in [2] are selected on object 'Object Repository/DispensaryToCms/Page_Dispensary Store/select_--Select--Schedule 1Inj'

2018-05-21 10:02:43 - [TEST_STEP][PASSED] - selectOptionByIndex: All options with index in [20] are selected on object 'Object Repository/DispensaryToCms/Page_Dispensary Store/select_--Select--Adernaline 0.'

2018-05-21 10:02:44 - [MESSAGE][PASSED] - All options with index in [20] are selected on object 'Object Repository/DispensaryToCms/Page_Dispensary Store/select_--Select--Adernaline 0.'

2018-05-21 10:02:44 - [TEST_STEP][PASSED] - setText: Text '100' is set on object 'Object Repository/DispensaryToCms/Page_Dispensary Store/input_txttreat'

2018-05-21 10:02:44 - [MESSAGE][PASSED] - Text '100' is set on object 'Object Repository/DispensaryToCms/Page_Dispensary Store/input_txttreat'

2018-05-21 10:02:44 - [TEST_STEP][PASSED] - click: Object: 'Object Repository/DispensaryToCms/Page_Dispensary Store/button_Add' is clicked on

2018-05-21 10:02:44 - [MESSAGE][PASSED] - Object: 'Object Repository/DispensaryToCms/Page_Dispensary Store/button_Add' is clicked on

2018-05-21 10:02:44 - [TEST_STEP][PASSED] - selectOptionByIndex: All options with index in [2] are selected on object 'Object Repository/DispensaryToCms/Page_Dispensary Store/select_--Select--Schedule 1Inj'

2018-05-21 10:02:44 - [MESSAGE][PASSED] - All options with index in [2] are selected on object 'Object Repository/DispensaryToCms/Page_Dispensary Store/select_--Select--Schedule 1Inj'

2018-05-21 10:02:44 - [TEST_STEP][PASSED] - selectOptionByIndex: All options with index in [21] are selected on object 'Object Repository/DispensaryToCms/Page_Dispensary Store/select_--Select--Adernaline 0.'

2018-05-21 10:02:44 - [MESSAGE][PASSED] - All options with index in [21] are selected on object 'Object Repository/DispensaryToCms/Page_Dispensary Store/select_--Select--Adernaline 0.'

2018-05-21 10:02:44 - [TEST_STEP][PASSED] - setText: Text '100' is set on object 'Object Repository/DispensaryToCms/Page_Dispensary Store/input_txttreat'

2018-05-21 10:02:44 - [MESSAGE][PASSED] - Text '100' is set on object 'Object Repository/DispensaryToCms/Page_Dispensary Store/input_txttreat'

2018-05-21 10:02:44 - [TEST_STEP][PASSED] - click: Object: 'Object Repository/DispensaryToCms/Page_Dispensary Store/button_Add' is clicked on

2018-05-21 10:02:45 - [MESSAGE][PASSED] - Object: 'Object Repository/DispensaryToCms/Page_Dispensary Store/button_Add' is clicked on

2018-05-21 10:02:45 - [TEST_STEP][PASSED] - selectOptionByIndex: All options with index in [2] are selected on object 'Object Repository/DispensaryToCms/Page_Dispensary Store/select_--Select--Schedule 1Inj'

2018-05-21 10:02:45 - [MESSAGE][PASSED] - All options with index in [2] are selected on object 'Object Repository/DispensaryToCms/Page_Dispensary Store/select_--Select--Schedule 1Inj'

2018-05-21 10:02:45 - [TEST_STEP][PASSED] - selectOptionByIndex: All options with index in [22] are selected on object 'Object Repository/DispensaryToCms/Page_Dispensary Store/select_--Select--Adernaline 0.'

2018-05-21 10:02:45 - [MESSAGE][PASSED] - All options with index in [22] are selected on object 'Object Repository/DispensaryToCms/Page_Dispensary Store/select_--Select--Adernaline 0.'

2018-05-21 10:02:45 - [TEST_STEP][PASSED] - setText: Text '100' is set on object 'Object Repository/DispensaryToCms/Page_Dispensary Store/input_txttreat'

2018-05-21 10:02:45 - [MESSAGE][PASSED] - Text '100' is set on object 'Object Repository/DispensaryToCms/Page_Dispensary Store/input_txttreat'

2018-05-21 10:02:45 - [TEST_STEP][PASSED] - click: Object: 'Object Repository/DispensaryToCms/Page_Dispensary Store/button_Add' is clicked on

2018-05-21 10:02:46 - [MESSAGE][PASSED] - Object: 'Object Repository/DispensaryToCms/Page_Dispensary Store/button_Add' is clicked on

2018-05-21 10:02:46 - [TEST_STEP][PASSED] - selectOptionByIndex: All options with index in [2] are selected on object 'Object Repository/DispensaryToCms/Page_Dispensary Store/select_--Select--Schedule 1Inj'

2018-05-21 10:02:46 - [MESSAGE][PASSED] - All options with index in [2] are selected on object 'Object Repository/DispensaryToCms/Page_Dispensary Store/select_--Select--Schedule 1Inj'

2018-05-21 10:02:46 - [TEST_STEP][PASSED] - selectOptionByIndex: All options with index in [23] are selected on object 'Object Repository/DispensaryToCms/Page_Dispensary Store/select_--Select--Adernaline 0.'

2018-05-21 10:02:46 - [MESSAGE][PASSED] - All options with index in [23] are selected on object 'Object Repository/DispensaryToCms/Page_Dispensary Store/select_--Select--Adernaline 0.'

2018-05-21 10:02:46 - [TEST_STEP][PASSED] - setText: Text '100' is set on object 'Object Repository/DispensaryToCms/Page_Dispensary Store/input_txttreat'

2018-05-21 10:02:46 - [MESSAGE][PASSED] - Text '100' is set on object 'Object Repository/DispensaryToCms/Page_Dispensary Store/input_txttreat'

2018-05-21 10:02:46 - [TEST_STEP][PASSED] - click: Object: 'Object Repository/DispensaryToCms/Page_Dispensary Store/button_Add' is clicked on

2018-05-21 10:02:46 - [MESSAGE][PASSED] - Object: 'Object Repository/DispensaryToCms/Page_Dispensary Store/button_Add' is clicked on

2018-05-21 10:02:46 - [TEST_STEP][PASSED] - selectOptionByIndex: All options with index in [2] are selected on object 'Object Repository/DispensaryToCms/Page_Dispensary Store/select_--Select--Schedule 1Inj'

2018-05-21 10:02:46 - [MESSAGE][PASSED] - All options with index in [2] are selected on object 'Object Repository/DispensaryToCms/Page_Dispensary Store/select_--Select--Schedule 1Inj'

2018-05-21 10:02:46 - [TEST_STEP][PASSED] - selectOptionByIndex: All options with index in [24] are selected on object 'Object Repository/DispensaryToCms/Page_Dispensary Store/select_--Select--Adernaline 0.'

2018-05-21 10:02:47 - [MESSAGE][PASSED] - All options with index in [24] are selected on object 'Object Repository/DispensaryToCms/Page_Dispensary Store/select_--Select--Adernaline 0.'

2018-05-21 10:02:47 - [TEST_STEP][PASSED] - setText: Text '100' is set on object 'Object Repository/DispensaryToCms/Page_Dispensary Store/input_txttreat'

2018-05-21 10:02:47 - [MESSAGE][PASSED] - Text '100' is set on object 'Object Repository/DispensaryToCms/Page_Dispensary Store/input_txttreat'

2018-05-21 10:02:47 - [TEST_STEP][PASSED] - click: Object: 'Object Repository/DispensaryToCms/Page_Dispensary Store/button_Add' is clicked on

2018-05-21 10:02:47 - [MESSAGE][PASSED] - Object: 'Object Repository/DispensaryToCms/Page_Dispensary Store/button_Add' is clicked on

2018-05-21 10:02:47 - [TEST_STEP][PASSED] - selectOptionByIndex: All options with index in [2] are selected on object 'Object Repository/DispensaryToCms/Page_Dispensary Store/select_--Select--Schedule 1Inj'

2018-05-21 10:02:47 - [MESSAGE][PASSED] - All options with index in [2] are selected on object 'Object Repository/DispensaryToCms/Page_Dispensary Store/select_--Select--Schedule 1Inj'

2018-05-21 10:02:47 - [TEST_STEP][PASSED] - selectOptionByIndex: All options with index in [25] are selected on object 'Object Repository/DispensaryToCms/Page_Dispensary Store/select_--Select--Adernaline 0.'

2018-05-21 10:02:48 - [MESSAGE][PASSED] - All options with index in [25] are selected on object 'Object Repository/DispensaryToCms/Page_Dispensary Store/select_--Select--Adernaline 0.'

2018-05-21 10:02:48 - [TEST_STEP][PASSED] - setText: Text '100' is set on object 'Object Repository/DispensaryToCms/Page_Dispensary Store/input_txttreat'

2018-05-21 10:02:48 - [MESSAGE][PASSED] - Text '100' is set on object 'Object Repository/DispensaryToCms/Page_Dispensary Store/input_txttreat'

2018-05-21 10:02:48 - [TEST_STEP][PASSED] - click: Object: 'Object Repository/DispensaryToCms/Page_Dispensary Store/button_Add' is clicked on

2018-05-21 10:02:48 - [MESSAGE][PASSED] - Object: 'Object Repository/DispensaryToCms/Page_Dispensary Store/button_Add' is clicked on

2018-05-21 10:02:48 - [TEST_STEP][PASSED] - selectOptionByIndex: All options with index in [2] are selected on object 'Object Repository/DispensaryToCms/Page_Dispensary Store/select_--Select--Schedule 1Inj'

2018-05-21 10:02:48 - [MESSAGE][PASSED] - All options with index in [2] are selected on object 'Object Repository/DispensaryToCms/Page_Dispensary Store/select_--Select--Schedule 1Inj'

2018-05-21 10:02:48 - [TEST_STEP][PASSED] - selectOptionByIndex: All options with index in [26] are selected on object 'Object Repository/DispensaryToCms/Page_Dispensary Store/select_--Select--Adernaline 0.'

2018-05-21 10:02:48 - [MESSAGE][PASSED] - All options with index in [26] are selected on object 'Object Repository/DispensaryToCms/Page_Dispensary Store/select_--Select--Adernaline 0.'

2018-05-21 10:02:48 - [TEST_STEP][PASSED] - setText: Text '100' is set on object 'Object Repository/DispensaryToCms/Page_Dispensary Store/input_txttreat'

2018-05-21 10:02:48 - [MESSAGE][PASSED] - Text '100' is set on object 'Object Repository/DispensaryToCms/Page_Dispensary Store/input_txttreat'

2018-05-21 10:02:48 - [TEST_STEP][PASSED] - click: Object: 'Object Repository/DispensaryToCms/Page_Dispensary Store/button_Add' is clicked on

2018-05-21 10:02:49 - [MESSAGE][PASSED] - Object: 'Object Repository/DispensaryToCms/Page_Dispensary Store/button_Add' is clicked on

2018-05-21 10:02:49 - [TEST_STEP][PASSED] - selectOptionByIndex: All options with index in [2] are selected on object 'Object Repository/DispensaryToCms/Page_Dispensary Store/select_--Select--Schedule 1Inj'

2018-05-21 10:02:49 - [MESSAGE][PASSED] - All options with index in [2] are selected on object 'Object Repository/DispensaryToCms/Page_Dispensary Store/select_--Select--Schedule 1Inj'

2018-05-21 10:02:49 - [TEST_STEP][PASSED] - selectOptionByIndex: All options with index in [27] are selected on object 'Object Repository/DispensaryToCms/Page_Dispensary Store/select_--Select--Adernaline 0.'

2018-05-21 10:02:49 - [MESSAGE][PASSED] - All options with index in [27] are selected on object 'Object Repository/DispensaryToCms/Page_Dispensary Store/select_--Select--Adernaline 0.'

2018-05-21 10:02:49 - [TEST_STEP][PASSED] - setText: Text '100' is set on object 'Object Repository/DispensaryToCms/Page_Dispensary Store/input_txttreat'

2018-05-21 10:02:49 - [MESSAGE][PASSED] - Text '100' is set on object 'Object Repository/DispensaryToCms/Page_Dispensary Store/input_txttreat'

2018-05-21 10:02:49 - [TEST_STEP][PASSED] - click: Object: 'Object Repository/DispensaryToCms/Page_Dispensary Store/button_Add' is clicked on

2018-05-21 10:02:49 - [MESSAGE][PASSED] - Object: 'Object Repository/DispensaryToCms/Page_Dispensary Store/button_Add' is clicked on

2018-05-21 10:02:49 - [TEST_STEP][PASSED] - selectOptionByIndex: All options with index in [2] are selected on object 'Object Repository/DispensaryToCms/Page_Dispensary Store/select_--Select--Schedule 1Inj'

2018-05-21 10:02:49 - [MESSAGE][PASSED] - All options with index in [2] are selected on object 'Object Repository/DispensaryToCms/Page_Dispensary Store/select_--Select--Schedule 1Inj'

2018-05-21 10:02:49 - [TEST_STEP][PASSED] - selectOptionByIndex: All options with index in [28] are selected on object 'Object Repository/DispensaryToCms/Page_Dispensary Store/select_--Select--Adernaline 0.'

2018-05-21 10:02:50 - [MESSAGE][PASSED] - All options with index in [28] are selected on object 'Object Repository/DispensaryToCms/Page_Dispensary Store/select_--Select--Adernaline 0.'

2018-05-21 10:02:50 - [TEST_STEP][PASSED] - setText: Text '100' is set on object 'Object Repository/DispensaryToCms/Page_Dispensary Store/input_txttreat'

2018-05-21 10:02:50 - [MESSAGE][PASSED] - Text '100' is set on object 'Object Repository/DispensaryToCms/Page_Dispensary Store/input_txttreat'

2018-05-21 10:02:50 - [TEST_STEP][PASSED] - click: Object: 'Object Repository/DispensaryToCms/Page_Dispensary Store/button_Add' is clicked on

2018-05-21 10:02:50 - [MESSAGE][PASSED] - Object: 'Object Repository/DispensaryToCms/Page_Dispensary Store/button_Add' is clicked on

2018-05-21 10:02:50 - [TEST_STEP][PASSED] - selectOptionByIndex: All options with index in [2] are selected on object 'Object Repository/DispensaryToCms/Page_Dispensary Store/select_--Select--Schedule 1Inj'

2018-05-21 10:02:50 - [MESSAGE][PASSED] - All options with index in [2] are selected on object 'Object Repository/DispensaryToCms/Page_Dispensary Store/select_--Select--Schedule 1Inj'

2018-05-21 10:02:50 - [TEST_STEP][PASSED] - selectOptionByIndex: All options with index in [29] are selected on object 'Object Repository/DispensaryToCms/Page_Dispensary Store/select_--Select--Adernaline 0.'

2018-05-21 10:02:51 - [MESSAGE][PASSED] - All options with index in [29] are selected on object 'Object Repository/DispensaryToCms/Page_Dispensary Store/select_--Select--Adernaline 0.'

2018-05-21 10:02:51 - [TEST_STEP][PASSED] - setText: Text '100' is set on object 'Object Repository/DispensaryToCms/Page_Dispensary Store/input_txttreat'

2018-05-21 10:02:51 - [MESSAGE][PASSED] - Text '100' is set on object 'Object Repository/DispensaryToCms/Page_Dispensary Store/input_txttreat'

2018-05-21 10:02:51 - [TEST_STEP][PASSED] - click: Object: 'Object Repository/DispensaryToCms/Page_Dispensary Store/button_Add' is clicked on

2018-05-21 10:02:51 - [MESSAGE][PASSED] - Object: 'Object Repository/DispensaryToCms/Page_Dispensary Store/button_Add' is clicked on

2018-05-21 10:02:51 - [TEST_STEP][PASSED] - selectOptionByIndex: All options with index in [2] are selected on object 'Object Repository/DispensaryToCms/Page_Dispensary Store/select_--Select--Schedule 1Inj'

2018-05-21 10:02:51 - [MESSAGE][PASSED] - All options with index in [2] are selected on object 'Object Repository/DispensaryToCms/Page_Dispensary Store/select_--Select--Schedule 1Inj'

2018-05-21 10:02:51 - [TEST_STEP][PASSED] - selectOptionByIndex: All options with index in [30] are selected on object 'Object Repository/DispensaryToCms/Page_Dispensary Store/select_--Select--Adernaline 0.'

2018-05-21 10:02:51 - [MESSAGE][PASSED] - All options with index in [30] are selected on object 'Object Repository/DispensaryToCms/Page_Dispensary Store/select_--Select--Adernaline 0.'

2018-05-21 10:02:51 - [TEST_STEP][PASSED] - setText: Text '100' is set on object 'Object Repository/DispensaryToCms/Page_Dispensary Store/input_txttreat'

2018-05-21 10:02:52 - [MESSAGE][PASSED] - Text '100' is set on object 'Object Repository/DispensaryToCms/Page_Dispensary Store/input_txttreat'

2018-05-21 10:02:52 - [TEST_STEP][PASSED] - click: Object: 'Object Repository/DispensaryToCms/Page_Dispensary Store/button_Add' is clicked on

2018-05-21 10:02:52 - [MESSAGE][PASSED] - Object: 'Object Repository/DispensaryToCms/Page_Dispensary Store/button_Add' is clicked on

2018-05-21 10:02:52 - [TEST_STEP][PASSED] - selectOptionByIndex: All options with index in [2] are selected on object 'Object Repository/DispensaryToCms/Page_Dispensary Store/select_--Select--Schedule 1Inj'

2018-05-21 10:02:52 - [MESSAGE][PASSED] - All options with index in [2] are selected on object 'Object Repository/DispensaryToCms/Page_Dispensary Store/select_--Select--Schedule 1Inj'

2018-05-21 10:02:52 - [TEST_STEP][PASSED] - selectOptionByIndex: All options with index in [31] are selected on object 'Object Repository/DispensaryToCms/Page_Dispensary Store/select_--Select--Adernaline 0.'

2018-05-21 10:02:52 - [MESSAGE][PASSED] - All options with index in [31] are selected on object 'Object Repository/DispensaryToCms/Page_Dispensary Store/select_--Select--Adernaline 0.'

2018-05-21 10:02:52 - [TEST_STEP][PASSED] - setText: Text '100' is set on object 'Object Repository/DispensaryToCms/Page_Dispensary Store/input_txttreat'

2018-05-21 10:02:52 - [MESSAGE][PASSED] - Text '100' is set on object 'Object Repository/DispensaryToCms/Page_Dispensary Store/input_txttreat'

2018-05-21 10:02:52 - [TEST_STEP][PASSED] - click: Object: 'Object Repository/DispensaryToCms/Page_Dispensary Store/button_Add' is clicked on

2018-05-21 10:02:52 - [MESSAGE][PASSED] - Object: 'Object Repository/DispensaryToCms/Page_Dispensary Store/button_Add' is clicked on

2018-05-21 10:02:52 - [TEST_STEP][PASSED] - selectOptionByIndex: All options with index in [2] are selected on object 'Object Repository/DispensaryToCms/Page_Dispensary Store/select_--Select--Schedule 1Inj'

2018-05-21 10:02:53 - [MESSAGE][PASSED] - All options with index in [2] are selected on object 'Object Repository/DispensaryToCms/Page_Dispensary Store/select_--Select--Schedule 1Inj'

2018-05-21 10:02:53 - [TEST_STEP][PASSED] - selectOptionByIndex: All options with index in [32] are selected on object 'Object Repository/DispensaryToCms/Page_Dispensary Store/select_--Select--Adernaline 0.'

2018-05-21 10:02:53 - [MESSAGE][PASSED] - All options with index in [32] are selected on object 'Object Repository/DispensaryToCms/Page_Dispensary Store/select_--Select--Adernaline 0.'

2018-05-21 10:02:53 - [TEST_STEP][PASSED] - setText: Text '100' is set on object 'Object Repository/DispensaryToCms/Page_Dispensary Store/input_txttreat'

2018-05-21 10:02:53 - [MESSAGE][PASSED] - Text '100' is set on object 'Object Repository/DispensaryToCms/Page_Dispensary Store/input_txttreat'

2018-05-21 10:02:53 - [TEST_STEP][PASSED] - click: Object: 'Object Repository/DispensaryToCms/Page_Dispensary Store/button_Add' is clicked on

2018-05-21 10:02:53 - [MESSAGE][PASSED] - Object: 'Object Repository/DispensaryToCms/Page_Dispensary Store/button_Add' is clicked on

2018-05-21 10:02:53 - [TEST_STEP][PASSED] - selectOptionByIndex: All options with index in [2] are selected on object 'Object Repository/DispensaryToCms/Page_Dispensary Store/select_--Select--Schedule 1Inj'

2018-05-21 10:02:53 - [MESSAGE][PASSED] - All options with index in [2] are selected on object 'Object Repository/DispensaryToCms/Page_Dispensary Store/select_--Select--Schedule 1Inj'

2018-05-21 10:02:53 - [TEST_STEP][PASSED] - selectOptionByIndex: All options with index in [33] are selected on object 'Object Repository/DispensaryToCms/Page_Dispensary Store/select_--Select--Adernaline 0.'

2018-05-21 10:02:54 - [MESSAGE][PASSED] - All options with index in [33] are selected on object 'Object Repository/DispensaryToCms/Page_Dispensary Store/select_--Select--Adernaline 0.'

2018-05-21 10:02:54 - [TEST_STEP][PASSED] - setText: Text '100' is set on object 'Object Repository/DispensaryToCms/Page_Dispensary Store/input_txttreat'

2018-05-21 10:02:54 - [MESSAGE][PASSED] - Text '100' is set on object 'Object Repository/DispensaryToCms/Page_Dispensary Store/input_txttreat'

2018-05-21 10:02:54 - [TEST_STEP][PASSED] - click: Object: 'Object Repository/DispensaryToCms/Page_Dispensary Store/button_Add' is clicked on

2018-05-21 10:02:54 - [MESSAGE][PASSED] - Object: 'Object Repository/DispensaryToCms/Page_Dispensary Store/button_Add' is clicked on

2018-05-21 10:02:54 - [TEST_STEP][PASSED] - selectOptionByIndex: All options with index in [2] are selected on object 'Object Repository/DispensaryToCms/Page_Dispensary Store/select_--Select--Schedule 1Inj'

2018-05-21 10:02:54 - [MESSAGE][PASSED] - All options with index in [2] are selected on object 'Object Repository/DispensaryToCms/Page_Dispensary Store/select_--Select--Schedule 1Inj'

2018-05-21 10:02:54 - [TEST_STEP][PASSED] - selectOptionByIndex: All options with index in [34] are selected on object 'Object Repository/DispensaryToCms/Page_Dispensary Store/select_--Select--Adernaline 0.'

2018-05-21 10:02:55 - [MESSAGE][PASSED] - All options with index in [34] are selected on object 'Object Repository/DispensaryToCms/Page_Dispensary Store/select_--Select--Adernaline 0.'

2018-05-21 10:02:55 - [TEST_STEP][PASSED] - setText: Text '100' is set on object 'Object Repository/DispensaryToCms/Page_Dispensary Store/input_txttreat'

2018-05-21 10:02:55 - [MESSAGE][PASSED] - Text '100' is set on object 'Object Repository/DispensaryToCms/Page_Dispensary Store/input_txttreat'

2018-05-21 10:02:55 - [TEST_STEP][PASSED] - click: Object: 'Object Repository/DispensaryToCms/Page_Dispensary Store/button_Add' is clicked on

2018-05-21 10:02:55 - [MESSAGE][PASSED] - Object: 'Object Repository/DispensaryToCms/Page_Dispensary Store/button_Add' is clicked on

2018-05-21 10:02:55 - [TEST_STEP][PASSED] - selectOptionByIndex: All options with index in [2] are selected on object 'Object Repository/DispensaryToCms/Page_Dispensary Store/select_--Select--Schedule 1Inj'

2018-05-21 10:02:55 - [MESSAGE][PASSED] - All options with index in [2] are selected on object 'Object Repository/DispensaryToCms/Page_Dispensary Store/select_--Select--Schedule 1Inj'

2018-05-21 10:02:55 - [TEST_STEP][PASSED] - selectOptionByIndex: All options with index in [35] are selected on object 'Object Repository/DispensaryToCms/Page_Dispensary Store/select_--Select--Adernaline 0.'

2018-05-21 10:02:56 - [MESSAGE][PASSED] - All options with index in [35] are selected on object 'Object Repository/DispensaryToCms/Page_Dispensary Store/select_--Select--Adernaline 0.'

2018-05-21 10:02:56 - [TEST_STEP][PASSED] - setText: Text '100' is set on object 'Object Repository/DispensaryToCms/Page_Dispensary Store/input_txttreat'

2018-05-21 10:02:56 - [MESSAGE][PASSED] - Text '100' is set on object 'Object Repository/DispensaryToCms/Page_Dispensary Store/input_txttreat'

2018-05-21 10:02:56 - [TEST_STEP][PASSED] - click: Object: 'Object Repository/DispensaryToCms/Page_Dispensary Store/button_Add' is clicked on

2018-05-21 10:02:56 - [MESSAGE][PASSED] - Object: 'Object Repository/DispensaryToCms/Page_Dispensary Store/button_Add' is clicked on

2018-05-21 10:02:56 - [TEST_STEP][PASSED] - selectOptionByIndex: All options with index in [2] are selected on object 'Object Repository/DispensaryToCms/Page_Dispensary Store/select_--Select--Schedule 1Inj'

2018-05-21 10:02:56 - [MESSAGE][PASSED] - All options with index in [2] are selected on object 'Object Repository/DispensaryToCms/Page_Dispensary Store/select_--Select--Schedule 1Inj'

2018-05-21 10:02:56 - [TEST_STEP][PASSED] - selectOptionByIndex: All options with index in [36] are selected on object 'Object Repository/DispensaryToCms/Page_Dispensary Store/select_--Select--Adernaline 0.'

2018-05-21 10:02:56 - [MESSAGE][PASSED] - All options with index in [36] are selected on object 'Object Repository/DispensaryToCms/Page_Dispensary Store/select_--Select--Adernaline 0.'

2018-05-21 10:02:56 - [TEST_STEP][PASSED] - setText: Text '100' is set on object 'Object Repository/DispensaryToCms/Page_Dispensary Store/input_txttreat'

2018-05-21 10:02:57 - [MESSAGE][PASSED] - Text '100' is set on object 'Object Repository/DispensaryToCms/Page_Dispensary Store/input_txttreat'

2018-05-21 10:02:57 - [TEST_STEP][PASSED] - click: Object: 'Object Repository/DispensaryToCms/Page_Dispensary Store/button_Add' is clicked on

2018-05-21 10:02:57 - [MESSAGE][PASSED] - Object: 'Object Repository/DispensaryToCms/Page_Dispensary Store/button_Add' is clicked on

2018-05-21 10:02:57 - [TEST_STEP][PASSED] - selectOptionByIndex: All options with index in [2] are selected on object 'Object Repository/DispensaryToCms/Page_Dispensary Store/select_--Select--Schedule 1Inj'

2018-05-21 10:02:57 - [MESSAGE][PASSED] - All options with index in [2] are selected on object 'Object Repository/DispensaryToCms/Page_Dispensary Store/select_--Select--Schedule 1Inj'

2018-05-21 10:02:57 - [TEST_STEP][PASSED] - selectOptionByIndex: All options with index in [37] are selected on object 'Object Repository/DispensaryToCms/Page_Dispensary Store/select_--Select--Adernaline 0.'

2018-05-21 10:02:57 - [MESSAGE][PASSED] - All options with index in [37] are selected on object 'Object Repository/DispensaryToCms/Page_Dispensary Store/select_--Select--Adernaline 0.'

2018-05-21 10:02:57 - [TEST_STEP][PASSED] - setText: Text '100' is set on object 'Object Repository/DispensaryToCms/Page_Dispensary Store/input_txttreat'

2018-05-21 10:02:57 - [MESSAGE][PASSED] - Text '100' is set on object 'Object Repository/DispensaryToCms/Page_Dispensary Store/input_txttreat'

2018-05-21 10:02:57 - [TEST_STEP][PASSED] - click: Object: 'Object Repository/DispensaryToCms/Page_Dispensary Store/button_Add' is clicked on

2018-05-21 10:02:57 - [MESSAGE][PASSED] - Object: 'Object Repository/DispensaryToCms/Page_Dispensary Store/button_Add' is clicked on

2018-05-21 10:02:57 - [TEST_STEP][PASSED] - selectOptionByIndex: All options with index in [2] are selected on object 'Object Repository/DispensaryToCms/Page_Dispensary Store/select_--Select--Schedule 1Inj'

2018-05-21 10:02:58 - [MESSAGE][PASSED] - All options with index in [2] are selected on object 'Object Repository/DispensaryToCms/Page_Dispensary Store/select_--Select--Schedule 1Inj'

2018-05-21 10:02:58 - [TEST_STEP][PASSED] - selectOptionByIndex: All options with index in [38] are selected on object 'Object Repository/DispensaryToCms/Page_Dispensary Store/select_--Select--Adernaline 0.'

2018-05-21 10:02:58 - [MESSAGE][PASSED] - All options with index in [38] are selected on object 'Object Repository/DispensaryToCms/Page_Dispensary Store/select_--Select--Adernaline 0.'

2018-05-21 10:02:58 - [TEST_STEP][PASSED] - setText: Text '100' is set on object 'Object Repository/DispensaryToCms/Page_Dispensary Store/input_txttreat'

2018-05-21 10:02:58 - [MESSAGE][PASSED] - Text '100' is set on object 'Object Repository/DispensaryToCms/Page_Dispensary Store/input_txttreat'

2018-05-21 10:02:58 - [TEST_STEP][PASSED] - click: Object: 'Object Repository/DispensaryToCms/Page_Dispensary Store/button_Add' is clicked on

2018-05-21 10:02:58 - [MESSAGE][PASSED] - Object: 'Object Repository/DispensaryToCms/Page_Dispensary Store/button_Add' is clicked on

2018-05-21 10:02:58 - [TEST_STEP][PASSED] - selectOptionByIndex: All options with index in [2] are selected on object 'Object Repository/DispensaryToCms/Page_Dispensary Store/select_--Select--Schedule 1Inj'

2018-05-21 10:02:59 - [MESSAGE][PASSED] - All options with index in [2] are selected on object 'Object Repository/DispensaryToCms/Page_Dispensary Store/select_--Select--Schedule 1Inj'

2018-05-21 10:02:59 - [TEST_STEP][PASSED] - selectOptionByIndex: All options with index in [39] are selected on object 'Object Repository/DispensaryToCms/Page_Dispensary Store/select_--Select--Adernaline 0.'

2018-05-21 10:02:59 - [MESSAGE][PASSED] - All options with index in [39] are selected on object 'Object Repository/DispensaryToCms/Page_Dispensary Store/select_--Select--Adernaline 0.'

2018-05-21 10:02:59 - [TEST_STEP][PASSED] - setText: Text '100' is set on object 'Object Repository/DispensaryToCms/Page_Dispensary Store/input_txttreat'

2018-05-21 10:02:59 - [MESSAGE][PASSED] - Text '100' is set on object 'Object Repository/DispensaryToCms/Page_Dispensary Store/input_txttreat'

2018-05-21 10:02:59 - [TEST_STEP][PASSED] - click: Object: 'Object Repository/DispensaryToCms/Page_Dispensary Store/button_Add' is clicked on

2018-05-21 10:02:59 - [MESSAGE][PASSED] - Object: 'Object Repository/DispensaryToCms/Page_Dispensary Store/button_Add' is clicked on

2018-05-21 10:02:59 - [TEST_STEP][PASSED] - selectOptionByIndex: All options with index in [2] are selected on object 'Object Repository/DispensaryToCms/Page_Dispensary Store/select_--Select--Schedule 1Inj'

2018-05-21 10:02:59 - [MESSAGE][PASSED] - All options with index in [2] are selected on object 'Object Repository/DispensaryToCms/Page_Dispensary Store/select_--Select--Schedule 1Inj'

2018-05-21 10:02:59 - [TEST_STEP][PASSED] - selectOptionByIndex: All options with index in [40] are selected on object 'Object Repository/DispensaryToCms/Page_Dispensary Store/select_--Select--Adernaline 0.'

2018-05-21 10:03:00 - [MESSAGE][PASSED] - All options with index in [40] are selected on object 'Object Repository/DispensaryToCms/Page_Dispensary Store/select_--Select--Adernaline 0.'

2018-05-21 10:03:00 - [TEST_STEP][PASSED] - setText: Text '100' is set on object 'Object Repository/DispensaryToCms/Page_Dispensary Store/input_txttreat'

2018-05-21 10:03:00 - [MESSAGE][PASSED] - Text '100' is set on object 'Object Repository/DispensaryToCms/Page_Dispensary Store/input_txttreat'

2018-05-21 10:03:00 - [TEST_STEP][PASSED] - click: Object: 'Object Repository/DispensaryToCms/Page_Dispensary Store/button_Add' is clicked on

2018-05-21 10:03:00 - [MESSAGE][PASSED] - Object: 'Object Repository/DispensaryToCms/Page_Dispensary Store/button_Add' is clicked on

2018-05-21 10:03:00 - [TEST_STEP][PASSED] - selectOptionByIndex: All options with index in [2] are selected on object 'Object Repository/DispensaryToCms/Page_Dispensary Store/select_--Select--Schedule 1Inj'

2018-05-21 10:03:00 - [MESSAGE][PASSED] - All options with index in [2] are selected on object 'Object Repository/DispensaryToCms/Page_Dispensary Store/select_--Select--Schedule 1Inj'

2018-05-21 10:03:00 - [TEST_STEP][PASSED] - selectOptionByIndex: All options with index in [41] are selected on object 'Object Repository/DispensaryToCms/Page_Dispensary Store/select_--Select--Adernaline 0.'

2018-05-21 10:03:01 - [MESSAGE][PASSED] - All options with index in [41] are selected on object 'Object Repository/DispensaryToCms/Page_Dispensary Store/select_--Select--Adernaline 0.'

2018-05-21 10:03:01 - [TEST_STEP][PASSED] - setText: Text '100' is set on object 'Object Repository/DispensaryToCms/Page_Dispensary Store/input_txttreat'

2018-05-21 10:03:01 - [MESSAGE][PASSED] - Text '100' is set on object 'Object Repository/DispensaryToCms/Page_Dispensary Store/input_txttreat'

2018-05-21 10:03:01 - [TEST_STEP][PASSED] - click: Object: 'Object Repository/DispensaryToCms/Page_Dispensary Store/button_Add' is clicked on

2018-05-21 10:03:01 - [MESSAGE][PASSED] - Object: 'Object Repository/DispensaryToCms/Page_Dispensary Store/button_Add' is clicked on

2018-05-21 10:03:01 - [TEST_STEP][PASSED] - selectOptionByIndex: All options with index in [2] are selected on object 'Object Repository/DispensaryToCms/Page_Dispensary Store/select_--Select--Schedule 1Inj'

2018-05-21 10:03:01 - [MESSAGE][PASSED] - All options with index in [2] are selected on object 'Object Repository/DispensaryToCms/Page_Dispensary Store/select_--Select--Schedule 1Inj'

2018-05-21 10:03:01 - [TEST_STEP][PASSED] - selectOptionByIndex: All options with index in [42] are selected on object 'Object Repository/DispensaryToCms/Page_Dispensary Store/select_--Select--Adernaline 0.'

2018-05-21 10:03:02 - [MESSAGE][PASSED] - All options with index in [42] are selected on object 'Object Repository/DispensaryToCms/Page_Dispensary Store/select_--Select--Adernaline 0.'

2018-05-21 10:03:02 - [TEST_STEP][PASSED] - setText: Text '100' is set on object 'Object Repository/DispensaryToCms/Page_Dispensary Store/input_txttreat'

2018-05-21 10:03:02 - [MESSAGE][PASSED] - Text '100' is set on object 'Object Repository/DispensaryToCms/Page_Dispensary Store/input_txttreat'

2018-05-21 10:03:02 - [TEST_STEP][PASSED] - click: Object: 'Object Repository/DispensaryToCms/Page_Dispensary Store/button_Add' is clicked on

2018-05-21 10:03:02 - [MESSAGE][PASSED] - Object: 'Object Repository/DispensaryToCms/Page_Dispensary Store/button_Add' is clicked on

2018-05-21 10:03:02 - [TEST_STEP][PASSED] - selectOptionByIndex: All options with index in [2] are selected on object 'Object Repository/DispensaryToCms/Page_Dispensary Store/select_--Select--Schedule 1Inj'

2018-05-21 10:03:02 - [MESSAGE][PASSED] - All options with index in [2] are selected on object 'Object Repository/DispensaryToCms/Page_Dispensary Store/select_--Select--Schedule 1Inj'

2018-05-21 10:03:02 - [TEST_STEP][PASSED] - selectOptionByIndex: All options with index in [43] are selected on object 'Object Repository/DispensaryToCms/Page_Dispensary Store/select_--Select--Adernaline 0.'

2018-05-21 10:03:03 - [MESSAGE][PASSED] - All options with index in [43] are selected on object 'Object Repository/DispensaryToCms/Page_Dispensary Store/select_--Select--Adernaline 0.'

2018-05-21 10:03:03 - [TEST_STEP][PASSED] - setText: Text '100' is set on object 'Object Repository/DispensaryToCms/Page_Dispensary Store/input_txttreat'

2018-05-21 10:03:03 - [MESSAGE][PASSED] - Text '100' is set on object 'Object Repository/DispensaryToCms/Page_Dispensary Store/input_txttreat'

2018-05-21 10:03:03 - [TEST_STEP][PASSED] - click: Object: 'Object Repository/DispensaryToCms/Page_Dispensary Store/button_Add' is clicked on

2018-05-21 10:03:03 - [MESSAGE][PASSED] - Object: 'Object Repository/DispensaryToCms/Page_Dispensary Store/button_Add' is clicked on

2018-05-21 10:03:03 - [TEST_STEP][PASSED] - selectOptionByIndex: All options with index in [2] are selected on object 'Object Repository/DispensaryToCms/Page_Dispensary Store/select_--Select--Schedule 1Inj'

2018-05-21 10:03:03 - [MESSAGE][PASSED] - All options with index in [2] are selected on object 'Object Repository/DispensaryToCms/Page_Dispensary Store/select_--Select--Schedule 1Inj'

2018-05-21 10:03:03 - [TEST_STEP][PASSED] - selectOptionByIndex: All options with index in [44] are selected on object 'Object Repository/DispensaryToCms/Page_Dispensary Store/select_--Select--Adernaline 0.'

2018-05-21 10:03:04 - [MESSAGE][PASSED] - All options with index in [44] are selected on object 'Object Repository/DispensaryToCms/Page_Dispensary Store/select_--Select--Adernaline 0.'

2018-05-21 10:03:04 - [TEST_STEP][PASSED] - setText: Text '100' is set on object 'Object Repository/DispensaryToCms/Page_Dispensary Store/input_txttreat'

2018-05-21 10:03:04 - [MESSAGE][PASSED] - Text '100' is set on object 'Object Repository/DispensaryToCms/Page_Dispensary Store/input_txttreat'

2018-05-21 10:03:04 - [TEST_STEP][PASSED] - click: Object: 'Object Repository/DispensaryToCms/Page_Dispensary Store/button_Add' is clicked on

2018-05-21 10:03:04 - [MESSAGE][PASSED] - Object: 'Object Repository/DispensaryToCms/Page_Dispensary Store/button_Add' is clicked on

2018-05-21 10:03:04 - [TEST_STEP][PASSED] - selectOptionByIndex: All options with index in [2] are selected on object 'Object Repository/DispensaryToCms/Page_Dispensary Store/select_--Select--Schedule 1Inj'

2018-05-21 10:03:04 - [MESSAGE][PASSED] - All options with index in [2] are selected on object 'Object Repository/DispensaryToCms/Page_Dispensary Store/select_--Select--Schedule 1Inj'

2018-05-21 10:03:04 - [TEST_STEP][PASSED] - selectOptionByIndex: All options with index in [45] are selected on object 'Object Repository/DispensaryToCms/Page_Dispensary Store/select_--Select--Adernaline 0.'

2018-05-21 10:03:05 - [MESSAGE][PASSED] - All options with index in [45] are selected on object 'Object Repository/DispensaryToCms/Page_Dispensary Store/select_--Select--Adernaline 0.'

2018-05-21 10:03:05 - [TEST_STEP][PASSED] - setText: Text '100' is set on object 'Object Repository/DispensaryToCms/Page_Dispensary Store/input_txttreat'

2018-05-21 10:03:05 - [MESSAGE][PASSED] - Text '100' is set on object 'Object Repository/DispensaryToCms/Page_Dispensary Store/input_txttreat'

2018-05-21 10:03:05 - [TEST_STEP][PASSED] - click: Object: 'Object Repository/DispensaryToCms/Page_Dispensary Store/button_Add' is clicked on

2018-05-21 10:03:05 - [MESSAGE][PASSED] - Object: 'Object Repository/DispensaryToCms/Page_Dispensary Store/button_Add' is clicked on

2018-05-21 10:03:05 - [TEST_STEP][PASSED] - selectOptionByIndex: All options with index in [2] are selected on object 'Object Repository/DispensaryToCms/Page_Dispensary Store/select_--Select--Schedule 1Inj'

2018-05-21 10:03:05 - [MESSAGE][PASSED] - All options with index in [2] are selected on object 'Object Repository/DispensaryToCms/Page_Dispensary Store/select_--Select--Schedule 1Inj'

2018-05-21 10:03:05 - [TEST_STEP][PASSED] - selectOptionByIndex: All options with index in [46] are selected on object 'Object Repository/DispensaryToCms/Page_Dispensary Store/select_--Select--Adernaline 0.'

2018-05-21 10:03:06 - [MESSAGE][PASSED] - All options with index in [46] are selected on object 'Object Repository/DispensaryToCms/Page_Dispensary Store/select_--Select--Adernaline 0.'

2018-05-21 10:03:06 - [TEST_STEP][PASSED] - setText: Text '100' is set on object 'Object Repository/DispensaryToCms/Page_Dispensary Store/input_txttreat'

2018-05-21 10:03:06 - [MESSAGE][PASSED] - Text '100' is set on object 'Object Repository/DispensaryToCms/Page_Dispensary Store/input_txttreat'

2018-05-21 10:03:06 - [TEST_STEP][PASSED] - click: Object: 'Object Repository/DispensaryToCms/Page_Dispensary Store/button_Add' is clicked on

2018-05-21 10:03:06 - [MESSAGE][PASSED] - Object: 'Object Repository/DispensaryToCms/Page_Dispensary Store/button_Add' is clicked on

2018-05-21 10:03:06 - [TEST_STEP][PASSED] - selectOptionByIndex: All options with index in [2] are selected on object 'Object Repository/DispensaryToCms/Page_Dispensary Store/select_--Select--Schedule 1Inj'

2018-05-21 10:03:06 - [MESSAGE][PASSED] - All options with index in [2] are selected on object 'Object Repository/DispensaryToCms/Page_Dispensary Store/select_--Select--Schedule 1Inj'

2018-05-21 10:03:06 - [TEST_STEP][PASSED] - selectOptionByIndex: All options with index in [47] are selected on object 'Object Repository/DispensaryToCms/Page_Dispensary Store/select_--Select--Adernaline 0.'

2018-05-21 10:03:07 - [MESSAGE][PASSED] - All options with index in [47] are selected on object 'Object Repository/DispensaryToCms/Page_Dispensary Store/select_--Select--Adernaline 0.'

2018-05-21 10:03:07 - [TEST_STEP][PASSED] - setText: Text '100' is set on object 'Object Repository/DispensaryToCms/Page_Dispensary Store/input_txttreat'

2018-05-21 10:03:07 - [MESSAGE][PASSED] - Text '100' is set on object 'Object Repository/DispensaryToCms/Page_Dispensary Store/input_txttreat'

2018-05-21 10:03:07 - [TEST_STEP][PASSED] - click: Object: 'Object Repository/DispensaryToCms/Page_Dispensary Store/button_Add' is clicked on

2018-05-21 10:03:07 - [MESSAGE][PASSED] - Object: 'Object Repository/DispensaryToCms/Page_Dispensary Store/button_Add' is clicked on

2018-05-21 10:03:07 - [TEST_STEP][PASSED] - selectOptionByIndex: All options with index in [2] are selected on object 'Object Repository/DispensaryToCms/Page_Dispensary Store/select_--Select--Schedule 1Inj'

2018-05-21 10:03:07 - [MESSAGE][PASSED] - All options with index in [2] are selected on object 'Object Repository/DispensaryToCms/Page_Dispensary Store/select_--Select--Schedule 1Inj'

2018-05-21 10:03:07 - [TEST_STEP][PASSED] - selectOptionByIndex: All options with index in [48] are selected on object 'Object Repository/DispensaryToCms/Page_Dispensary Store/select_--Select--Adernaline 0.'

2018-05-21 10:03:08 - [MESSAGE][PASSED] - All options with index in [48] are selected on object 'Object Repository/DispensaryToCms/Page_Dispensary Store/select_--Select--Adernaline 0.'

2018-05-21 10:03:08 - [TEST_STEP][PASSED] - setText: Text '100' is set on object 'Object Repository/DispensaryToCms/Page_Dispensary Store/input_txttreat'

2018-05-21 10:03:08 - [MESSAGE][PASSED] - Text '100' is set on object 'Object Repository/DispensaryToCms/Page_Dispensary Store/input_txttreat'

2018-05-21 10:03:08 - [TEST_STEP][PASSED] - click: Object: 'Object Repository/DispensaryToCms/Page_Dispensary Store/button_Add' is clicked on

2018-05-21 10:03:08 - [MESSAGE][PASSED] - Object: 'Object Repository/DispensaryToCms/Page_Dispensary Store/button_Add' is clicked on

2018-05-21 10:03:08 - [TEST_STEP][PASSED] - selectOptionByIndex: All options with index in [2] are selected on object 'Object Repository/DispensaryToCms/Page_Dispensary Store/select_--Select--Schedule 1Inj'

2018-05-21 10:03:08 - [MESSAGE][PASSED] - All options with index in [2] are selected on object 'Object Repository/DispensaryToCms/Page_Dispensary Store/select_--Select--Schedule 1Inj'

2018-05-21 10:03:08 - [TEST_STEP][PASSED] - selectOptionByIndex: All options with index in [49] are selected on object 'Object Repository/DispensaryToCms/Page_Dispensary Store/select_--Select--Adernaline 0.'

2018-05-21 10:03:09 - [MESSAGE][PASSED] - All options with index in [49] are selected on object 'Object Repository/DispensaryToCms/Page_Dispensary Store/select_--Select--Adernaline 0.'

2018-05-21 10:03:09 - [TEST_STEP][PASSED] - setText: Text '100' is set on object 'Object Repository/DispensaryToCms/Page_Dispensary Store/input_txttreat'

2018-05-21 10:03:09 - [MESSAGE][PASSED] - Text '100' is set on object 'Object Repository/DispensaryToCms/Page_Dispensary Store/input_txttreat'

2018-05-21 10:03:09 - [TEST_STEP][PASSED] - click: Object: 'Object Repository/DispensaryToCms/Page_Dispensary Store/button_Add' is clicked on

2018-05-21 10:03:09 - [MESSAGE][PASSED] - Object: 'Object Repository/DispensaryToCms/Page_Dispensary Store/button_Add' is clicked on

2018-05-21 10:03:09 - [TEST_STEP][PASSED] - selectOptionByIndex: All options with index in [2] are selected on object 'Object Repository/DispensaryToCms/Page_Dispensary Store/select_--Select--Schedule 1Inj'

2018-05-21 10:03:09 - [MESSAGE][PASSED] - All options with index in [2] are selected on object 'Object Repository/DispensaryToCms/Page_Dispensary Store/select_--Select--Schedule 1Inj'

2018-05-21 10:03:09 - [TEST_STEP][PASSED] - selectOptionByIndex: All options with index in [50] are selected on object 'Object Repository/DispensaryToCms/Page_Dispensary Store/select_--Select--Adernaline 0.'

2018-05-21 10:03:10 - [MESSAGE][PASSED] - All options with index in [50] are selected on object 'Object Repository/DispensaryToCms/Page_Dispensary Store/select_--Select--Adernaline 0.'

2018-05-21 10:03:10 - [TEST_STEP][PASSED] - setText: Text '100' is set on object 'Object Repository/DispensaryToCms/Page_Dispensary Store/input_txttreat'

2018-05-21 10:03:10 - [MESSAGE][PASSED] - Text '100' is set on object 'Object Repository/DispensaryToCms/Page_Dispensary Store/input_txttreat'

2018-05-21 10:03:10 - [TEST_STEP][PASSED] - click: Object: 'Object Repository/DispensaryToCms/Page_Dispensary Store/button_Add' is clicked on

2018-05-21 10:03:10 - [MESSAGE][PASSED] - Object: 'Object Repository/DispensaryToCms/Page_Dispensary Store/button_Add' is clicked on

2018-05-21 10:03:10 - [TEST_STEP][PASSED] - selectOptionByIndex: All options with index in [2] are selected on object 'Object Repository/DispensaryToCms/Page_Dispensary Store/select_--Select--Schedule 1Inj'

2018-05-21 10:03:10 - [MESSAGE][PASSED] - All options with index in [2] are selected on object 'Object Repository/DispensaryToCms/Page_Dispensary Store/select_--Select--Schedule 1Inj'

2018-05-21 10:03:10 - [TEST_STEP][PASSED] - selectOptionByIndex: All options with index in [51] are selected on object 'Object Repository/DispensaryToCms/Page_Dispensary Store/select_--Select--Adernaline 0.'

2018-05-21 10:03:11 - [MESSAGE][PASSED] - All options with index in [51] are selected on object 'Object Repository/DispensaryToCms/Page_Dispensary Store/select_--Select--Adernaline 0.'

2018-05-21 10:03:11 - [TEST_STEP][PASSED] - setText: Text '100' is set on object 'Object Repository/DispensaryToCms/Page_Dispensary Store/input_txttreat'

2018-05-21 10:03:11 - [MESSAGE][PASSED] - Text '100' is set on object 'Object Repository/DispensaryToCms/Page_Dispensary Store/input_txttreat'

2018-05-21 10:03:11 - [TEST_STEP][PASSED] - click: Object: 'Object Repository/DispensaryToCms/Page_Dispensary Store/button_Add' is clicked on

2018-05-21 10:03:11 - [MESSAGE][PASSED] - Object: 'Object Repository/DispensaryToCms/Page_Dispensary Store/button_Add' is clicked on

2018-05-21 10:03:11 - [TEST_STEP][PASSED] - selectOptionByIndex: All options with index in [2] are selected on object 'Object Repository/DispensaryToCms/Page_Dispensary Store/select_--Select--Schedule 1Inj'

2018-05-21 10:03:11 - [MESSAGE][PASSED] - All options with index in [2] are selected on object 'Object Repository/DispensaryToCms/Page_Dispensary Store/select_--Select--Schedule 1Inj'

2018-05-21 10:03:11 - [TEST_STEP][PASSED] - selectOptionByIndex: All options with index in [52] are selected on object 'Object Repository/DispensaryToCms/Page_Dispensary Store/select_--Select--Adernaline 0.'

2018-05-21 10:03:12 - [MESSAGE][PASSED] - All options with index in [52] are selected on object 'Object Repository/DispensaryToCms/Page_Dispensary Store/select_--Select--Adernaline 0.'

2018-05-21 10:03:12 - [TEST_STEP][PASSED] - setText: Text '100' is set on object 'Object Repository/DispensaryToCms/Page_Dispensary Store/input_txttreat'

2018-05-21 10:03:12 - [MESSAGE][PASSED] - Text '100' is set on object 'Object Repository/DispensaryToCms/Page_Dispensary Store/input_txttreat'

2018-05-21 10:03:12 - [TEST_STEP][PASSED] - click: Object: 'Object Repository/DispensaryToCms/Page_Dispensary Store/button_Add' is clicked on

2018-05-21 10:03:12 - [MESSAGE][PASSED] - Object: 'Object Repository/DispensaryToCms/Page_Dispensary Store/button_Add' is clicked on

2018-05-21 10:03:12 - [TEST_STEP][PASSED] - selectOptionByIndex: All options with index in [2] are selected on object 'Object Repository/DispensaryToCms/Page_Dispensary Store/select_--Select--Schedule 1Inj'

2018-05-21 10:03:12 - [MESSAGE][PASSED] - All options with index in [2] are selected on object 'Object Repository/DispensaryToCms/Page_Dispensary Store/select_--Select--Schedule 1Inj'

2018-05-21 10:03:12 - [TEST_STEP][PASSED] - selectOptionByIndex: All options with index in [53] are selected on object 'Object Repository/DispensaryToCms/Page_Dispensary Store/select_--Select--Adernaline 0.'

2018-05-21 10:03:13 - [MESSAGE][PASSED] - All options with index in [53] are selected on object 'Object Repository/DispensaryToCms/Page_Dispensary Store/select_--Select--Adernaline 0.'

2018-05-21 10:03:13 - [TEST_STEP][PASSED] - setText: Text '100' is set on object 'Object Repository/DispensaryToCms/Page_Dispensary Store/input_txttreat'

2018-05-21 10:03:13 - [MESSAGE][PASSED] - Text '100' is set on object 'Object Repository/DispensaryToCms/Page_Dispensary Store/input_txttreat'

2018-05-21 10:03:13 - [TEST_STEP][PASSED] - click: Object: 'Object Repository/DispensaryToCms/Page_Dispensary Store/button_Add' is clicked on

2018-05-21 10:03:13 - [MESSAGE][PASSED] - Object: 'Object Repository/DispensaryToCms/Page_Dispensary Store/button_Add' is clicked on

2018-05-21 10:03:13 - [TEST_STEP][PASSED] - selectOptionByIndex: All options with index in [2] are selected on object 'Object Repository/DispensaryToCms/Page_Dispensary Store/select_--Select--Schedule 1Inj'

2018-05-21 10:03:13 - [MESSAGE][PASSED] - All options with index in [2] are selected on object 'Object Repository/DispensaryToCms/Page_Dispensary Store/select_--Select--Schedule 1Inj'

2018-05-21 10:03:13 - [TEST_STEP][PASSED] - selectOptionByIndex: All options with index in [54] are selected on object 'Object Repository/DispensaryToCms/Page_Dispensary Store/select_--Select--Adernaline 0.'

2018-05-21 10:03:14 - [MESSAGE][PASSED] - All options with index in [54] are selected on object 'Object Repository/DispensaryToCms/Page_Dispensary Store/select_--Select--Adernaline 0.'

2018-05-21 10:03:14 - [TEST_STEP][PASSED] - setText: Text '100' is set on object 'Object Repository/DispensaryToCms/Page_Dispensary Store/input_txttreat'

2018-05-21 10:03:14 - [MESSAGE][PASSED] - Text '100' is set on object 'Object Repository/DispensaryToCms/Page_Dispensary Store/input_txttreat'

2018-05-21 10:03:14 - [TEST_STEP][PASSED] - click: Object: 'Object Repository/DispensaryToCms/Page_Dispensary Store/button_Add' is clicked on

2018-05-21 10:03:14 - [MESSAGE][PASSED] - Object: 'Object Repository/DispensaryToCms/Page_Dispensary Store/button_Add' is clicked on

2018-05-21 10:03:14 - [TEST_STEP][PASSED] - selectOptionByIndex: All options with index in [2] are selected on object 'Object Repository/DispensaryToCms/Page_Dispensary Store/select_--Select--Schedule 1Inj'

2018-05-21 10:03:14 - [MESSAGE][PASSED] - All options with index in [2] are selected on object 'Object Repository/DispensaryToCms/Page_Dispensary Store/select_--Select--Schedule 1Inj'

2018-05-21 10:03:14 - [TEST_STEP][PASSED] - selectOptionByIndex: All options with index in [55] are selected on object 'Object Repository/DispensaryToCms/Page_Dispensary Store/select_--Select--Adernaline 0.'

2018-05-21 10:03:15 - [MESSAGE][PASSED] - All options with index in [55] are selected on object 'Object Repository/DispensaryToCms/Page_Dispensary Store/select_--Select--Adernaline 0.'

2018-05-21 10:03:15 - [TEST_STEP][PASSED] - setText: Text '100' is set on object 'Object Repository/DispensaryToCms/Page_Dispensary Store/input_txttreat'

2018-05-21 10:03:15 - [MESSAGE][PASSED] - Text '100' is set on object 'Object Repository/DispensaryToCms/Page_Dispensary Store/input_txttreat'

2018-05-21 10:03:15 - [TEST_STEP][PASSED] - click: Object: 'Object Repository/DispensaryToCms/Page_Dispensary Store/button_Add' is clicked on

2018-05-21 10:03:15 - [MESSAGE][PASSED] - Object: 'Object Repository/DispensaryToCms/Page_Dispensary Store/button_Add' is clicked on

2018-05-21 10:03:15 - [TEST_STEP][PASSED] - selectOptionByIndex: All options with index in [2] are selected on object 'Object Repository/DispensaryToCms/Page_Dispensary Store/select_--Select--Schedule 1Inj'

2018-05-21 10:03:15 - [MESSAGE][PASSED] - All options with index in [2] are selected on object 'Object Repository/DispensaryToCms/Page_Dispensary Store/select_--Select--Schedule 1Inj'

2018-05-21 10:03:15 - [TEST_STEP][PASSED] - selectOptionByIndex: All options with index in [56] are selected on object 'Object Repository/DispensaryToCms/Page_Dispensary Store/select_--Select--Adernaline 0.'

2018-05-21 10:03:16 - [MESSAGE][PASSED] - All options with index in [56] are selected on object 'Object Repository/DispensaryToCms/Page_Dispensary Store/select_--Select--Adernaline 0.'

2018-05-21 10:03:16 - [TEST_STEP][PASSED] - setText: Text '100' is set on object 'Object Repository/DispensaryToCms/Page_Dispensary Store/input_txttreat'

2018-05-21 10:03:16 - [MESSAGE][PASSED] - Text '100' is set on object 'Object Repository/DispensaryToCms/Page_Dispensary Store/input_txttreat'

2018-05-21 10:03:16 - [TEST_STEP][PASSED] - click: Object: 'Object Repository/DispensaryToCms/Page_Dispensary Store/button_Add' is clicked on

2018-05-21 10:03:16 - [MESSAGE][PASSED] - Object: 'Object Repository/DispensaryToCms/Page_Dispensary Store/button_Add' is clicked on

2018-05-21 10:03:16 - [TEST_STEP][PASSED] - selectOptionByIndex: All options with index in [2] are selected on object 'Object Repository/DispensaryToCms/Page_Dispensary Store/select_--Select--Schedule 1Inj'

2018-05-21 10:03:16 - [MESSAGE][PASSED] - All options with index in [2] are selected on object 'Object Repository/DispensaryToCms/Page_Dispensary Store/select_--Select--Schedule 1Inj'

2018-05-21 10:03:16 - [TEST_STEP][PASSED] - selectOptionByIndex: All options with index in [57] are selected on object 'Object Repository/DispensaryToCms/Page_Dispensary Store/select_--Select--Adernaline 0.'

2018-05-21 10:03:17 - [MESSAGE][PASSED] - All options with index in [57] are selected on object 'Object Repository/DispensaryToCms/Page_Dispensary Store/select_--Select--Adernaline 0.'

2018-05-21 10:03:17 - [TEST_STEP][PASSED] - setText: Text '100' is set on object 'Object Repository/DispensaryToCms/Page_Dispensary Store/input_txttreat'

2018-05-21 10:03:17 - [MESSAGE][PASSED] - Text '100' is set on object 'Object Repository/DispensaryToCms/Page_Dispensary Store/input_txttreat'

2018-05-21 10:03:17 - [TEST_STEP][PASSED] - click: Object: 'Object Repository/DispensaryToCms/Page_Dispensary Store/button_Add' is clicked on

2018-05-21 10:03:17 - [MESSAGE][PASSED] - Object: 'Object Repository/DispensaryToCms/Page_Dispensary Store/button_Add' is clicked on

2018-05-21 10:03:17 - [TEST_STEP][PASSED] - selectOptionByIndex: All options with index in [2] are selected on object 'Object Repository/DispensaryToCms/Page_Dispensary Store/select_--Select--Schedule 1Inj'

2018-05-21 10:03:17 - [MESSAGE][PASSED] - All options with index in [2] are selected on object 'Object Repository/DispensaryToCms/Page_Dispensary Store/select_--Select--Schedule 1Inj'

2018-05-21 10:03:17 - [TEST_STEP][PASSED] - selectOptionByIndex: All options with index in [58] are selected on object 'Object Repository/DispensaryToCms/Page_Dispensary Store/select_--Select--Adernaline 0.'

2018-05-21 10:03:18 - [MESSAGE][PASSED] - All options with index in [58] are selected on object 'Object Repository/DispensaryToCms/Page_Dispensary Store/select_--Select--Adernaline 0.'

2018-05-21 10:03:18 - [TEST_STEP][PASSED] - setText: Text '100' is set on object 'Object Repository/DispensaryToCms/Page_Dispensary Store/input_txttreat'

2018-05-21 10:03:18 - [MESSAGE][PASSED] - Text '100' is set on object 'Object Repository/DispensaryToCms/Page_Dispensary Store/input_txttreat'

2018-05-21 10:03:18 - [TEST_STEP][PASSED] - click: Object: 'Object Repository/DispensaryToCms/Page_Dispensary Store/button_Add' is clicked on

2018-05-21 10:03:18 - [MESSAGE][PASSED] - Object: 'Object Repository/DispensaryToCms/Page_Dispensary Store/button_Add' is clicked on

2018-05-21 10:03:18 - [TEST_STEP][PASSED] - selectOptionByIndex: All options with index in [2] are selected on object 'Object Repository/DispensaryToCms/Page_Dispensary Store/select_--Select--Schedule 1Inj'

2018-05-21 10:03:19 - [MESSAGE][PASSED] - All options with index in [2] are selected on object 'Object Repository/DispensaryToCms/Page_Dispensary Store/select_--Select--Schedule 1Inj'

2018-05-21 10:03:19 - [TEST_STEP][PASSED] - selectOptionByIndex: All options with index in [59] are selected on object 'Object Repository/DispensaryToCms/Page_Dispensary Store/select_--Select--Adernaline 0.'

2018-05-21 10:03:19 - [MESSAGE][PASSED] - All options with index in [59] are selected on object 'Object Repository/DispensaryToCms/Page_Dispensary Store/select_--Select--Adernaline 0.'

2018-05-21 10:03:19 - [TEST_STEP][PASSED] - setText: Text '100' is set on object 'Object Repository/DispensaryToCms/Page_Dispensary Store/input_txttreat'

2018-05-21 10:03:19 - [MESSAGE][PASSED] - Text '100' is set on object 'Object Repository/DispensaryToCms/Page_Dispensary Store/input_txttreat'

2018-05-21 10:03:19 - [TEST_STEP][PASSED] - click: Object: 'Object Repository/DispensaryToCms/Page_Dispensary Store/button_Add' is clicked on

2018-05-21 10:03:19 - [MESSAGE][PASSED] - Object: 'Object Repository/DispensaryToCms/Page_Dispensary Store/button_Add' is clicked on

2018-05-21 10:03:19 - [TEST_STEP][PASSED] - selectOptionByIndex: All options with index in [2] are selected on object 'Object Repository/DispensaryToCms/Page_Dispensary Store/select_--Select--Schedule 1Inj'

2018-05-21 10:03:20 - [MESSAGE][PASSED] - All options with index in [2] are selected on object 'Object Repository/DispensaryToCms/Page_Dispensary Store/select_--Select--Schedule 1Inj'

2018-05-21 10:03:20 - [TEST_STEP][PASSED] - selectOptionByIndex: All options with index in [60] are selected on object 'Object Repository/DispensaryToCms/Page_Dispensary Store/select_--Select--Adernaline 0.'

2018-05-21 10:03:20 - [MESSAGE][PASSED] - All options with index in [60] are selected on object 'Object Repository/DispensaryToCms/Page_Dispensary Store/select_--Select--Adernaline 0.'

2018-05-21 10:03:20 - [TEST_STEP][PASSED] - setText: Text '100' is set on object 'Object Repository/DispensaryToCms/Page_Dispensary Store/input_txttreat'

2018-05-21 10:03:20 - [MESSAGE][PASSED] - Text '100' is set on object 'Object Repository/DispensaryToCms/Page_Dispensary Store/input_txttreat'

2018-05-21 10:03:20 - [TEST_STEP][PASSED] - click: Object: 'Object Repository/DispensaryToCms/Page_Dispensary Store/button_Add' is clicked on

2018-05-21 10:03:21 - [MESSAGE][PASSED] - Object: 'Object Repository/DispensaryToCms/Page_Dispensary Store/button_Add' is clicked on

2018-05-21 10:03:21 - [TEST_STEP][PASSED] - selectOptionByIndex: All options with index in [2] are selected on object 'Object Repository/DispensaryToCms/Page_Dispensary Store/select_--Select--Schedule 1Inj'

2018-05-21 10:03:21 - [MESSAGE][PASSED] - All options with index in [2] are selected on object 'Object Repository/DispensaryToCms/Page_Dispensary Store/select_--Select--Schedule 1Inj'

2018-05-21 10:03:21 - [TEST_STEP][PASSED] - selectOptionByIndex: All options with index in [61] are selected on object 'Object Repository/DispensaryToCms/Page_Dispensary Store/select_--Select--Adernaline 0.'

2018-05-21 10:03:21 - [MESSAGE][PASSED] - All options with index in [61] are selected on object 'Object Repository/DispensaryToCms/Page_Dispensary Store/select_--Select--Adernaline 0.'

2018-05-21 10:03:21 - [TEST_STEP][PASSED] - setText: Text '100' is set on object 'Object Repository/DispensaryToCms/Page_Dispensary Store/input_txttreat'

2018-05-21 10:03:22 - [MESSAGE][PASSED] - Text '100' is set on object 'Object Repository/DispensaryToCms/Page_Dispensary Store/input_txttreat'

2018-05-21 10:03:22 - [TEST_STEP][PASSED] - click: Object: 'Object Repository/DispensaryToCms/Page_Dispensary Store/button_Add' is clicked on

2018-05-21 10:03:22 - [MESSAGE][PASSED] - Object: 'Object Repository/DispensaryToCms/Page_Dispensary Store/button_Add' is clicked on

2018-05-21 10:03:22 - [TEST_STEP][PASSED] - selectOptionByIndex: All options with index in [2] are selected on object 'Object Repository/DispensaryToCms/Page_Dispensary Store/select_--Select--Schedule 1Inj'

2018-05-21 10:03:22 - [MESSAGE][PASSED] - All options with index in [2] are selected on object 'Object Repository/DispensaryToCms/Page_Dispensary Store/select_--Select--Schedule 1Inj'

2018-05-21 10:03:22 - [TEST_STEP][PASSED] - selectOptionByIndex: All options with index in [62] are selected on object 'Object Repository/DispensaryToCms/Page_Dispensary Store/select_--Select--Adernaline 0.'

2018-05-21 10:03:23 - [MESSAGE][PASSED] - All options with index in [62] are selected on object 'Object Repository/DispensaryToCms/Page_Dispensary Store/select_--Select--Adernaline 0.'

2018-05-21 10:03:23 - [TEST_STEP][PASSED] - setText: Text '100' is set on object 'Object Repository/DispensaryToCms/Page_Dispensary Store/input_txttreat'

2018-05-21 10:03:23 - [MESSAGE][PASSED] - Text '100' is set on object 'Object Repository/DispensaryToCms/Page_Dispensary Store/input_txttreat'

2018-05-21 10:03:23 - [TEST_STEP][PASSED] - click: Object: 'Object Repository/DispensaryToCms/Page_Dispensary Store/button_Add' is clicked on

2018-05-21 10:03:23 - [MESSAGE][PASSED] - Object: 'Object Repository/DispensaryToCms/Page_Dispensary Store/button_Add' is clicked on

2018-05-21 10:03:23 - [TEST_STEP][PASSED] - selectOptionByIndex: All options with index in [2] are selected on object 'Object Repository/DispensaryToCms/Page_Dispensary Store/select_--Select--Schedule 1Inj'

2018-05-21 10:03:23 - [MESSAGE][PASSED] - All options with index in [2] are selected on object 'Object Repository/DispensaryToCms/Page_Dispensary Store/select_--Select--Schedule 1Inj'

2018-05-21 10:03:23 - [TEST_STEP][PASSED] - selectOptionByIndex: All options with index in [63] are selected on object 'Object Repository/DispensaryToCms/Page_Dispensary Store/select_--Select--Adernaline 0.'

2018-05-21 10:03:24 - [MESSAGE][PASSED] - All options with index in [63] are selected on object 'Object Repository/DispensaryToCms/Page_Dispensary Store/select_--Select--Adernaline 0.'

2018-05-21 10:03:24 - [TEST_STEP][PASSED] - setText: Text '100' is set on object 'Object Repository/DispensaryToCms/Page_Dispensary Store/input_txttreat'

2018-05-21 10:03:24 - [MESSAGE][PASSED] - Text '100' is set on object 'Object Repository/DispensaryToCms/Page_Dispensary Store/input_txttreat'

2018-05-21 10:03:24 - [TEST_STEP][PASSED] - click: Object: 'Object Repository/DispensaryToCms/Page_Dispensary Store/button_Add' is clicked on

2018-05-21 10:03:24 - [MESSAGE][PASSED] - Object: 'Object Repository/DispensaryToCms/Page_Dispensary Store/button_Add' is clicked on

2018-05-21 10:03:24 - [TEST_STEP][PASSED] - selectOptionByIndex: All options with index in [2] are selected on object 'Object Repository/DispensaryToCms/Page_Dispensary Store/select_--Select--Schedule 1Inj'

2018-05-21 10:03:24 - [MESSAGE][PASSED] - All options with index in [2] are selected on object 'Object Repository/DispensaryToCms/Page_Dispensary Store/select_--Select--Schedule 1Inj'

2018-05-21 10:03:24 - [TEST_STEP][PASSED] - selectOptionByIndex: All options with index in [64] are selected on object 'Object Repository/DispensaryToCms/Page_Dispensary Store/select_--Select--Adernaline 0.'

2018-05-21 10:03:25 - [MESSAGE][PASSED] - All options with index in [64] are selected on object 'Object Repository/DispensaryToCms/Page_Dispensary Store/select_--Select--Adernaline 0.'

2018-05-21 10:03:25 - [TEST_STEP][PASSED] - setText: Text '100' is set on object 'Object Repository/DispensaryToCms/Page_Dispensary Store/input_txttreat'

2018-05-21 10:03:25 - [MESSAGE][PASSED] - Text '100' is set on object 'Object Repository/DispensaryToCms/Page_Dispensary Store/input_txttreat'

2018-05-21 10:03:25 - [TEST_STEP][PASSED] - click: Object: 'Object Repository/DispensaryToCms/Page_Dispensary Store/button_Add' is clicked on

2018-05-21 10:03:25 - [MESSAGE][PASSED] - Object: 'Object Repository/DispensaryToCms/Page_Dispensary Store/button_Add' is clicked on

2018-05-21 10:03:25 - [TEST_STEP][PASSED] - selectOptionByIndex: All options with index in [2] are selected on object 'Object Repository/DispensaryToCms/Page_Dispensary Store/select_--Select--Schedule 1Inj'

2018-05-21 10:03:25 - [MESSAGE][PASSED] - All options with index in [2] are selected on object 'Object Repository/DispensaryToCms/Page_Dispensary Store/select_--Select--Schedule 1Inj'

2018-05-21 10:03:25 - [TEST_STEP][PASSED] - selectOptionByIndex: All options with index in [65] are selected on object 'Object Repository/DispensaryToCms/Page_Dispensary Store/select_--Select--Adernaline 0.'

2018-05-21 10:03:26 - [MESSAGE][PASSED] - All options with index in [65] are selected on object 'Object Repository/DispensaryToCms/Page_Dispensary Store/select_--Select--Adernaline 0.'

2018-05-21 10:03:26 - [TEST_STEP][PASSED] - setText: Text '100' is set on object 'Object Repository/DispensaryToCms/Page_Dispensary Store/input_txttreat'

2018-05-21 10:03:26 - [MESSAGE][PASSED] - Text '100' is set on object 'Object Repository/DispensaryToCms/Page_Dispensary Store/input_txttreat'

2018-05-21 10:03:26 - [TEST_STEP][PASSED] - click: Object: 'Object Repository/DispensaryToCms/Page_Dispensary Store/button_Add' is clicked on

2018-05-21 10:03:26 - [MESSAGE][PASSED] - Object: 'Object Repository/DispensaryToCms/Page_Dispensary Store/button_Add' is clicked on

2018-05-21 10:03:26 - [TEST_STEP][PASSED] - selectOptionByIndex: All options with index in [2] are selected on object 'Object Repository/DispensaryToCms/Page_Dispensary Store/select_--Select--Schedule 1Inj'

2018-05-21 10:03:26 - [MESSAGE][PASSED] - All options with index in [2] are selected on object 'Object Repository/DispensaryToCms/Page_Dispensary Store/select_--Select--Schedule 1Inj'

2018-05-21 10:03:26 - [TEST_STEP][PASSED] - selectOptionByIndex: All options with index in [66] are selected on object 'Object Repository/DispensaryToCms/Page_Dispensary Store/select_--Select--Adernaline 0.'

2018-05-21 10:03:27 - [MESSAGE][PASSED] - All options with index in [66] are selected on object 'Object Repository/DispensaryToCms/Page_Dispensary Store/select_--Select--Adernaline 0.'

2018-05-21 10:03:27 - [TEST_STEP][PASSED] - setText: Text '100' is set on object 'Object Repository/DispensaryToCms/Page_Dispensary Store/input_txttreat'

2018-05-21 10:03:27 - [MESSAGE][PASSED] - Text '100' is set on object 'Object Repository/DispensaryToCms/Page_Dispensary Store/input_txttreat'

2018-05-21 10:03:27 - [TEST_STEP][PASSED] - click: Object: 'Object Repository/DispensaryToCms/Page_Dispensary Store/button_Add' is clicked on

2018-05-21 10:03:28 - [MESSAGE][PASSED] - Object: 'Object Repository/DispensaryToCms/Page_Dispensary Store/button_Add' is clicked on

2018-05-21 10:03:28 - [TEST_STEP][PASSED] - selectOptionByIndex: All options with index in [2] are selected on object 'Object Repository/DispensaryToCms/Page_Dispensary Store/select_--Select--Schedule 1Inj'

2018-05-21 10:03:28 - [MESSAGE][PASSED] - All options with index in [2] are selected on object 'Object Repository/DispensaryToCms/Page_Dispensary Store/select_--Select--Schedule 1Inj'

2018-05-21 10:03:28 - [TEST_STEP][PASSED] - selectOptionByIndex: All options with index in [67] are selected on object 'Object Repository/DispensaryToCms/Page_Dispensary Store/select_--Select--Adernaline 0.'

2018-05-21 10:03:29 - [MESSAGE][PASSED] - All options with index in [67] are selected on object 'Object Repository/DispensaryToCms/Page_Dispensary Store/select_--Select--Adernaline 0.'

2018-05-21 10:03:29 - [TEST_STEP][PASSED] - setText: Text '100' is set on object 'Object Repository/DispensaryToCms/Page_Dispensary Store/input_txttreat'

2018-05-21 10:03:29 - [MESSAGE][PASSED] - Text '100' is set on object 'Object Repository/DispensaryToCms/Page_Dispensary Store/input_txttreat'

2018-05-21 10:03:29 - [TEST_STEP][PASSED] - click: Object: 'Object Repository/DispensaryToCms/Page_Dispensary Store/button_Add' is clicked on

2018-05-21 10:03:29 - [MESSAGE][PASSED] - Object: 'Object Repository/DispensaryToCms/Page_Dispensary Store/button_Add' is clicked on

2018-05-21 10:03:29 - [TEST_STEP][PASSED] - selectOptionByIndex: All options with index in [2] are selected on object 'Object Repository/DispensaryToCms/Page_Dispensary Store/select_--Select--Schedule 1Inj'

2018-05-21 10:03:29 - [MESSAGE][PASSED] - All options with index in [2] are selected on object 'Object Repository/DispensaryToCms/Page_Dispensary Store/select_--Select--Schedule 1Inj'

2018-05-21 10:03:29 - [TEST_STEP][PASSED] - selectOptionByIndex: All options with index in [68] are selected on object 'Object Repository/DispensaryToCms/Page_Dispensary Store/select_--Select--Adernaline 0.'

2018-05-21 10:03:30 - [MESSAGE][PASSED] - All options with index in [68] are selected on object 'Object Repository/DispensaryToCms/Page_Dispensary Store/select_--Select--Adernaline 0.'

2018-05-21 10:03:30 - [TEST_STEP][PASSED] - setText: Text '100' is set on object 'Object Repository/DispensaryToCms/Page_Dispensary Store/input_txttreat'

2018-05-21 10:03:30 - [MESSAGE][PASSED] - Text '100' is set on object 'Object Repository/DispensaryToCms/Page_Dispensary Store/input_txttreat'

2018-05-21 10:03:30 - [TEST_STEP][PASSED] - click: Object: 'Object Repository/DispensaryToCms/Page_Dispensary Store/button_Add' is clicked on

2018-05-21 10:03:30 - [MESSAGE][PASSED] - Object: 'Object Repository/DispensaryToCms/Page_Dispensary Store/button_Add' is clicked on

2018-05-21 10:03:30 - [TEST_STEP][PASSED] - selectOptionByIndex: All options with index in [2] are selected on object 'Object Repository/DispensaryToCms/Page_Dispensary Store/select_--Select--Schedule 1Inj'

2018-05-21 10:03:30 - [MESSAGE][PASSED] - All options with index in [2] are selected on object 'Object Repository/DispensaryToCms/Page_Dispensary Store/select_--Select--Schedule 1Inj'

2018-05-21 10:03:30 - [TEST_STEP][PASSED] - selectOptionByIndex: All options with index in [69] are selected on object 'Object Repository/DispensaryToCms/Page_Dispensary Store/select_--Select--Adernaline 0.'

2018-05-21 10:03:31 - [MESSAGE][PASSED] - All options with index in [69] are selected on object 'Object Repository/DispensaryToCms/Page_Dispensary Store/select_--Select--Adernaline 0.'

2018-05-21 10:03:31 - [TEST_STEP][PASSED] - setText: Text '100' is set on object 'Object Repository/DispensaryToCms/Page_Dispensary Store/input_txttreat'

2018-05-21 10:03:31 - [MESSAGE][PASSED] - Text '100' is set on object 'Object Repository/DispensaryToCms/Page_Dispensary Store/input_txttreat'

2018-05-21 10:03:31 - [TEST_STEP][PASSED] - click: Object: 'Object Repository/DispensaryToCms/Page_Dispensary Store/button_Add' is clicked on

2018-05-21 10:03:31 - [MESSAGE][PASSED] - Object: 'Object Repository/DispensaryToCms/Page_Dispensary Store/button_Add' is clicked on

2018-05-21 10:03:31 - [TEST_STEP][PASSED] - selectOptionByIndex: All options with index in [2] are selected on object 'Object Repository/DispensaryToCms/Page_Dispensary Store/select_--Select--Schedule 1Inj'

2018-05-21 10:03:32 - [MESSAGE][PASSED] - All options with index in [2] are selected on object 'Object Repository/DispensaryToCms/Page_Dispensary Store/select_--Select--Schedule 1Inj'

2018-05-21 10:03:32 - [TEST_STEP][PASSED] - selectOptionByIndex: All options with index in [70] are selected on object 'Object Repository/DispensaryToCms/Page_Dispensary Store/select_--Select--Adernaline 0.'

2018-05-21 10:03:32 - [MESSAGE][PASSED] - All options with index in [70] are selected on object 'Object Repository/DispensaryToCms/Page_Dispensary Store/select_--Select--Adernaline 0.'

2018-05-21 10:03:32 - [TEST_STEP][PASSED] - setText: Text '100' is set on object 'Object Repository/DispensaryToCms/Page_Dispensary Store/input_txttreat'

2018-05-21 10:03:33 - [MESSAGE][PASSED] - Text '100' is set on object 'Object Repository/DispensaryToCms/Page_Dispensary Store/input_txttreat'

2018-05-21 10:03:33 - [TEST_STEP][PASSED] - click: Object: 'Object Repository/DispensaryToCms/Page_Dispensary Store/button_Add' is clicked on

2018-05-21 10:03:33 - [MESSAGE][PASSED] - Object: 'Object Repository/DispensaryToCms/Page_Dispensary Store/button_Add' is clicked on

2018-05-21 10:03:33 - [TEST_STEP][PASSED] - selectOptionByIndex: All options with index in [2] are selected on object 'Object Repository/DispensaryToCms/Page_Dispensary Store/select_--Select--Schedule 1Inj'

2018-05-21 10:03:33 - [MESSAGE][PASSED] - All options with index in [2] are selected on object 'Object Repository/DispensaryToCms/Page_Dispensary Store/select_--Select--Schedule 1Inj'

2018-05-21 10:03:33 - [TEST_STEP][PASSED] - selectOptionByIndex: All options with index in [71] are selected on object 'Object Repository/DispensaryToCms/Page_Dispensary Store/select_--Select--Adernaline 0.'

2018-05-21 10:03:34 - [MESSAGE][PASSED] - All options with index in [71] are selected on object 'Object Repository/DispensaryToCms/Page_Dispensary Store/select_--Select--Adernaline 0.'

2018-05-21 10:03:34 - [TEST_STEP][PASSED] - setText: Text '100' is set on object 'Object Repository/DispensaryToCms/Page_Dispensary Store/input_txttreat'

2018-05-21 10:03:34 - [MESSAGE][PASSED] - Text '100' is set on object 'Object Repository/DispensaryToCms/Page_Dispensary Store/input_txttreat'

2018-05-21 10:03:34 - [TEST_STEP][PASSED] - click: Object: 'Object Repository/DispensaryToCms/Page_Dispensary Store/button_Add' is clicked on

2018-05-21 10:03:34 - [MESSAGE][PASSED] - Object: 'Object Repository/DispensaryToCms/Page_Dispensary Store/button_Add' is clicked on

2018-05-21 10:03:34 - [TEST_STEP][PASSED] - selectOptionByIndex: All options with index in [2] are selected on object 'Object Repository/DispensaryToCms/Page_Dispensary Store/select_--Select--Schedule 1Inj'

2018-05-21 10:03:34 - [MESSAGE][PASSED] - All options with index in [2] are selected on object 'Object Repository/DispensaryToCms/Page_Dispensary Store/select_--Select--Schedule 1Inj'

2018-05-21 10:03:34 - [TEST_STEP][PASSED] - selectOptionByIndex: All options with index in [72] are selected on object 'Object Repository/DispensaryToCms/Page_Dispensary Store/select_--Select--Adernaline 0.'

2018-05-21 10:03:35 - [MESSAGE][PASSED] - All options with index in [72] are selected on object 'Object Repository/DispensaryToCms/Page_Dispensary Store/select_--Select--Adernaline 0.'

2018-05-21 10:03:35 - [TEST_STEP][PASSED] - setText: Text '100' is set on object 'Object Repository/DispensaryToCms/Page_Dispensary Store/input_txttreat'

2018-05-21 10:03:35 - [MESSAGE][PASSED] - Text '100' is set on object 'Object Repository/DispensaryToCms/Page_Dispensary Store/input_txttreat'

2018-05-21 10:03:35 - [TEST_STEP][PASSED] - click: Object: 'Object Repository/DispensaryToCms/Page_Dispensary Store/button_Add' is clicked on

2018-05-21 10:03:35 - [MESSAGE][PASSED] - Object: 'Object Repository/DispensaryToCms/Page_Dispensary Store/button_Add' is clicked on

2018-05-21 10:03:35 - [TEST_STEP][PASSED] - scrollToElement: Scroll to object 'Object Repository/DispensaryToCms/Page_Dispensary Store/input_btnsave' successfully

2018-05-21 10:03:35 - [MESSAGE][PASSED] - Scroll to object 'Object Repository/DispensaryToCms/Page_Dispensary Store/input_btnsave' successfully

2018-05-21 10:03:35 - [TEST_STEP][PASSED] - click: Object: 'Object Repository/DispensaryToCms/Page_Dispensary Store/input_btnsave' is clicked on

2018-05-21 10:03:35 - [MESSAGE][PASSED] - Object: 'Object Repository/DispensaryToCms/Page_Dispensary Store/input_btnsave' is clicked on

2018-05-21 10:03:35 - [TEST_STEP][PASSED] - delay: Delayed 3 second(s)

2018-05-21 10:03:38 - [MESSAGE][PASSED] - Delayed 3 second(s)

2018-05-21 10:03:38 - [TEST_STEP][PASSED] - Statement - RN1 = com.kms.katalon.core.webui.keyword.WebUiBuiltInKeywords.getText(com.kms.katalon.core.testobject.ObjectRepository.findTestObject(DispensaryToCms/Page_Dispensary Store/font_PRNO18052018174)): Text of object 'Object Repository/DispensaryToCms/Page_Dispensary Store/font_PRNO18052018174' is: 'PRNO/21052018/282'

2018-05-21 10:03:38 - [MESSAGE][PASSED] - Text of object 'Object Repository/DispensaryToCms/Page_Dispensary Store/font_PRNO18052018174' is: 'PRNO/21052018/282'

2018-05-21 10:03:38 - [TEST_STEP][PASSED] - Statement - out.println(RN1): null

2018-05-21 10:03:38 - [TEST_STEP][PASSED] - Statement - RID = RN1.split("/")[2]: null

2018-05-21 10:03:38 - [TEST_STEP][PASSED] - click: Object: 'Object Repository/DispensaryToCms/Page_Dispensary Store/button_OK' is clicked on

2018-05-21 10:03:39 - [MESSAGE][PASSED] - Object: 'Object Repository/DispensaryToCms/Page_Dispensary Store/button_OK' is clicked on

2018-05-21 10:03:39 - [TEST_STEP][PASSED] - delay: Delayed 3 second(s)

2018-05-21 10:03:42 - [MESSAGE][PASSED] - Delayed 3 second(s)

2018-05-21 10:03:42 - [TEST_STEP][PASSED] - waitForElementPresent: Object 'Object Repository/DispensaryToStore/Page_Dispensary Store/a_dropdown-toggle' is present

2018-05-21 10:03:42 - [MESSAGE][PASSED] - Object 'Object Repository/DispensaryToStore/Page_Dispensary Store/a_dropdown-toggle' is present

2018-05-21 10:03:42 - [TEST_STEP][PASSED] - click: Object: 'Object Repository/DispensaryToCms/Page_Dispensary Store/a_dropdown-toggle' is clicked on

2018-05-21 10:03:42 - [MESSAGE][PASSED] - Object: 'Object Repository/DispensaryToCms/Page_Dispensary Store/a_dropdown-toggle' is clicked on

2018-05-21 10:03:42 - [TEST_STEP][PASSED] - click: Object: 'Object Repository/DispensaryToCms/Page_Dispensary Store/a_Sign out' is clicked on

2018-05-21 10:03:43 - [MESSAGE][PASSED] - Object: 'Object Repository/DispensaryToCms/Page_Dispensary Store/a_Sign out' is clicked on

2018-05-21 10:03:43 - [TEST_STEP][PASSED] - delay: Delayed 3 second(s)

2018-05-21 10:03:46 - [MESSAGE][PASSED] - Delayed 3 second(s)

2018-05-21 10:03:46 - [TEST_STEP][PASSED] - navigateToUrl: Navigate to 'http://192.168.137.1/multihospital_new/' successfully

2018-05-21 10:03:47 - [MESSAGE][PASSED] - Navigate to 'http://192.168.137.1/multihospital_new/' successfully

2018-05-21 10:03:47 - [TEST_STEP][PASSED] - click: Object: 'Object Repository/DispensaryToCms/Page_KDMC/a_CMO' is clicked on

2018-05-21 10:03:47 - [MESSAGE][PASSED] - Object: 'Object Repository/DispensaryToCms/Page_KDMC/a_CMO' is clicked on

2018-05-21 10:03:47 - [TEST_STEP][PASSED] - setText: Text 'guru' is set on object 'Object Repository/DispensaryToCms/Page_CMO login/input_txtusername'

2018-05-21 10:03:48 - [MESSAGE][PASSED] - Text 'guru' is set on object 'Object Repository/DispensaryToCms/Page_CMO login/input_txtusername'

2018-05-21 10:03:48 - [TEST_STEP][PASSED] - setText: Text '123' is set on object 'Object Repository/DispensaryToCms/Page_CMO login/input_txtpassword'

2018-05-21 10:03:48 - [MESSAGE][PASSED] - Text '123' is set on object 'Object Repository/DispensaryToCms/Page_CMO login/input_txtpassword'

2018-05-21 10:03:48 - [TEST_STEP][PASSED] - delay: Delayed 3 second(s)

2018-05-21 10:03:51 - [MESSAGE][PASSED] - Delayed 3 second(s)

2018-05-21 10:03:51 - [TEST_STEP][PASSED] - click: Object: 'Object Repository/DispensaryToCms/Page_CMO login/button_Sign in' is clicked on

2018-05-21 10:03:52 - [MESSAGE][PASSED] - Object: 'Object Repository/DispensaryToCms/Page_CMO login/button_Sign in' is clicked on

2018-05-21 10:03:52 - [TEST_STEP][PASSED] - delay: Delayed 3 second(s)

2018-05-21 10:03:55 - [MESSAGE][PASSED] - Delayed 3 second(s)

2018-05-21 10:03:55 - [TEST_STEP][PASSED] - click: Object: 'Object Repository/DispensaryToCms/Page_KDMC - CMO/a_CMS Request' is clicked on

2018-05-21 10:03:55 - [MESSAGE][PASSED] - Object: 'Object Repository/DispensaryToCms/Page_KDMC - CMO/a_CMS Request' is clicked on

2018-05-21 10:03:55 - [TEST_STEP][PASSED] - delay: Delayed 2 second(s)

2018-05-21 10:03:57 - [MESSAGE][PASSED] - Delayed 2 second(s)

2018-05-21 10:03:57 - [TEST_STEP][PASSED] - click: Object: 'Object Repository/DispensaryToCms/Page_KDMC - CMO/a_Dispensary Store Request' is clicked on

2018-05-21 10:03:58 - [MESSAGE][PASSED] - Object: 'Object Repository/DispensaryToCms/Page_KDMC - CMO/a_Dispensary Store Request' is clicked on

2018-05-21 10:03:58 - [TEST_STEP][PASSED] - selectOptionByIndex: All options with index in [1] are selected on object 'Object Repository/DispensaryToCms/Page_KDMC - CMO/select_--ALL--'

2018-05-21 10:03:58 - [MESSAGE][PASSED] - All options with index in [1] are selected on object 'Object Repository/DispensaryToCms/Page_KDMC - CMO/select_--ALL--'

2018-05-21 10:03:58 - [TEST_STEP][PASSED] - click: Object: 'Object Repository/DispensaryToCms/Page_KDMC - CMO/input_btnsearch' is clicked on

2018-05-21 10:03:58 - [MESSAGE][PASSED] - Object: 'Object Repository/DispensaryToCms/Page_KDMC - CMO/input_btnsearch' is clicked on

2018-05-21 10:03:58 - [TEST_STEP][PASSED] - Statement - ID = com.kms.katalon.core.webui.keyword.WebUiBuiltInKeywords.modifyObjectProperty(com.kms.katalon.core.testobject.ObjectRepository.findTestObject(lab/Page_KDMC - CMO/input_1), "xpath", "equals", "//*[@id=" + RID + "]", true): Modify property of object successfully

2018-05-21 10:03:58 - [MESSAGE][PASSED] - Modify property of object successfully

2018-05-21 10:03:58 - [TEST_STEP][PASSED] - click: Object: 'Object Repository/lab/Page_KDMC - CMO/input_1' is clicked on

2018-05-21 10:03:59 - [MESSAGE][PASSED] - Object: 'Object Repository/lab/Page_KDMC - CMO/input_1' is clicked on

2018-05-21 10:03:59 - [TEST_STEP][PASSED] - delay: Delayed 2 second(s)

2018-05-21 10:04:01 - [MESSAGE][PASSED] - Delayed 2 second(s)

2018-05-21 10:04:01 - [TEST_STEP][PASSED] - selectOptionByIndex: All options with index in [1] are selected on object 'Object Repository/DispensaryToCms/Page_KDMC - CMO/select_--Select--'

2018-05-21 10:04:01 - [MESSAGE][PASSED] - All options with index in [1] are selected on object 'Object Repository/DispensaryToCms/Page_KDMC - CMO/select_--Select--'

2018-05-21 10:04:01 - [TEST_STEP][PASSED] - click: Object: 'Object Repository/DispensaryToCms/Page_KDMC - CMO/input_btnupdate' is clicked on

2018-05-21 10:04:01 - [MESSAGE][PASSED] - Object: 'Object Repository/DispensaryToCms/Page_KDMC - CMO/input_btnupdate' is clicked on

2018-05-21 10:04:01 - [TEST_STEP][PASSED] - delay: Delayed 2 second(s)

2018-05-21 10:04:03 - [MESSAGE][PASSED] - Delayed 2 second(s)

2018-05-21 10:04:03 - [TEST_STEP][PASSED] - click: Object: 'Object Repository/DispensaryToCms/Page_KDMC - CMO/button_OK' is clicked on

2018-05-21 10:04:03 - [MESSAGE][PASSED] - Object: 'Object Repository/DispensaryToCms/Page_KDMC - CMO/button_OK' is clicked on

2018-05-21 10:04:03 - [TEST_STEP][PASSED] - delay: Delayed 3 second(s)

2018-05-21 10:04:06 - [MESSAGE][PASSED] - Delayed 3 second(s)

2018-05-21 10:04:06 - [TEST_STEP][PASSED] - waitForElementPresent: Object 'Object Repository/DispensaryToStore/Page_Dispensary Store/a_dropdown-toggle' is not present after 20 second(s)

2018-05-21 10:04:27 - [MESSAGE][WARNING] - Object 'Object Repository/DispensaryToStore/Page_Dispensary Store/a_dropdown-toggle' is not present after 20 second(s)

2018-05-21 10:04:27 - [TEST_STEP][PASSED] - click: Object: 'Object Repository/DispensaryToCms/Page_KDMC - CMO/a_dropdown-toggle' is clicked on

2018-05-21 10:04:28 - [MESSAGE][PASSED] - Object: 'Object Repository/DispensaryToCms/Page_KDMC - CMO/a_dropdown-toggle' is clicked on

2018-05-21 10:04:28 - [TEST_STEP][PASSED] - click: Object: 'Object Repository/DispensaryToCms/Page_KDMC - CMO/a_Sign out' is clicked on

2018-05-21 10:04:28 - [MESSAGE][PASSED] - Object: 'Object Repository/DispensaryToCms/Page_KDMC - CMO/a_Sign out' is clicked on

2018-05-21 10:04:28 - [TEST_STEP][PASSED] - delay: Delayed 3 second(s)

2018-05-21 10:04:31 - [MESSAGE][PASSED] - Delayed 3 second(s)

2018-05-21 10:04:31 - [TEST_STEP][PASSED] - click: Object: 'Object Repository/DispensaryToCms/Page_KDMC/a_CMS' is clicked on

2018-05-21 10:04:32 - [MESSAGE][PASSED] - Object: 'Object Repository/DispensaryToCms/Page_KDMC/a_CMS' is clicked on

2018-05-21 10:04:32 - [TEST_STEP][PASSED] - setText: Text 'bala' is set on object 'Object Repository/DispensaryToCms/Page_CMS login/input_txtusername'

2018-05-21 10:04:32 - [MESSAGE][PASSED] - Text 'bala' is set on object 'Object Repository/DispensaryToCms/Page_CMS login/input_txtusername'

2018-05-21 10:04:32 - [TEST_STEP][PASSED] - setText: Text '123' is set on object 'Object Repository/DispensaryToCms/Page_CMS login/input_txtpassword'

2018-05-21 10:04:32 - [MESSAGE][PASSED] - Text '123' is set on object 'Object Repository/DispensaryToCms/Page_CMS login/input_txtpassword'

2018-05-21 10:04:32 - [TEST_STEP][PASSED] - delay: Delayed 3 second(s)

2018-05-21 10:04:35 - [MESSAGE][PASSED] - Delayed 3 second(s)

2018-05-21 10:04:35 - [TEST_STEP][PASSED] - click: Object: 'Object Repository/DispensaryToCms/Page_CMS login/button_Sign in' is clicked on

2018-05-21 10:04:35 - [MESSAGE][PASSED] - Object: 'Object Repository/DispensaryToCms/Page_CMS login/button_Sign in' is clicked on

2018-05-21 10:04:35 - [TEST_STEP][PASSED] - delay: Delayed 3 second(s)

2018-05-21 10:04:38 - [MESSAGE][PASSED] - Delayed 3 second(s)

2018-05-21 10:04:38 - [TEST_STEP][PASSED] - click: Object: 'Object Repository/DispensaryToCms/Page_KDMC - CMS/a_Divisional Store' is clicked on

2018-05-21 10:04:39 - [MESSAGE][PASSED] - Object: 'Object Repository/DispensaryToCms/Page_KDMC - CMS/a_Divisional Store' is clicked on

2018-05-21 10:04:39 - [TEST_STEP][PASSED] - delay: Delayed 2 second(s)

2018-05-21 10:04:41 - [MESSAGE][PASSED] - Delayed 2 second(s)

2018-05-21 10:04:41 - [TEST_STEP][PASSED] - click: Object: 'Object Repository/DispensaryToCms/Page_KDMC - CMS/a_Dispatch Items' is clicked on

2018-05-21 10:04:41 - [MESSAGE][PASSED] - Object: 'Object Repository/DispensaryToCms/Page_KDMC - CMS/a_Dispatch Items' is clicked on

2018-05-21 10:04:41 - [TEST_STEP][PASSED] - delay: Delayed 2 second(s)

2018-05-21 10:04:43 - [MESSAGE][PASSED] - Delayed 2 second(s)

2018-05-21 10:04:43 - [TEST_STEP][PASSED] - setText: Text 'PRNO/21052018/282' is set on object 'Object Repository/DispensaryToCms/Page_KDMC - CMS/input'

2018-05-21 10:04:44 - [MESSAGE][PASSED] - Text 'PRNO/21052018/282' is set on object 'Object Repository/DispensaryToCms/Page_KDMC - CMS/input'

2018-05-21 10:04:44 - [TEST_STEP][PASSED] - click: Object: 'Object Repository/DispensaryToCms/Page_KDMC - CMS/input_PRNO18052018174' is clicked on

2018-05-21 10:04:44 - [MESSAGE][PASSED] - Object: 'Object Repository/DispensaryToCms/Page_KDMC - CMS/input_PRNO18052018174' is clicked on

2018-05-21 10:04:44 - [TEST_STEP][PASSED] - Statement - out.println("Length : " + medicineslength): null

2018-05-21 10:04:44 - [TEST_STEP][PASSED] - Statement - For ([row = 0, row < medicineslength - 1, (row++)]): null

2018-05-21 10:04:44 - [TEST_STEP][PASSED] - Statement - batchlength = new com.kms.katalon.core.testobject.TestObject(): null

2018-05-21 10:04:44 - [TEST_STEP][PASSED] - Statement - batchlength = com.kms.katalon.core.webui.keyword.WebUiBuiltInKeywords.modifyObjectProperty(batchlength, "xpath", "equals", "//*[@id = "fldvendor" + row + ""]", true): Modify property of object successfully

2018-05-21 10:04:44 - [MESSAGE][PASSED] - Modify property of object successfully

2018-05-21 10:04:44 - [TEST_STEP][PASSED] - Statement - batchsize = com.kms.katalon.core.webui.keyword.WebUiBuiltInKeywords.getNumberOfTotalOption(batchlength): 5 options of object '' counted

2018-05-21 10:04:45 - [MESSAGE][PASSED] - 5 options of object '' counted

2018-05-21 10:04:45 - [TEST_STEP][PASSED] - Statement - out.println("BatchSize : " + batchsize): null

2018-05-21 10:04:45 - [TEST_STEP][PASSED] - Statement - For ([n = 1, n <= batchsize - 1, (n++)]): null

2018-05-21 10:04:45 - [TEST_STEP][PASSED] - Statement - product = new com.kms.katalon.core.testobject.TestObject(): null

2018-05-21 10:04:45 - [TEST_STEP][PASSED] - Statement - product = com.kms.katalon.core.webui.keyword.WebUiBuiltInKeywords.modifyObjectProperty(product, "xpath", "equals", "//*[@id = "fldvendor" + row + ""]", true): Modify property of object successfully

2018-05-21 10:04:45 - [MESSAGE][PASSED] - Modify property of object successfully

2018-05-21 10:04:45 - [TEST_STEP][PASSED] - selectOptionByIndex: All options with index in [1] are selected on object ''

2018-05-21 10:04:45 - [MESSAGE][PASSED] - All options with index in [1] are selected on object ''

2018-05-21 10:04:45 - [TEST_STEP][PASSED] - Statement - batch = new com.kms.katalon.core.testobject.TestObject(): null

2018-05-21 10:04:45 - [TEST_STEP][PASSED] - Statement - batch = com.kms.katalon.core.webui.keyword.WebUiBuiltInKeywords.modifyObjectProperty(batch, "xpath", "equals", "//*[@id = "txtbthqty" + row + ""]", true): Modify property of object successfully

2018-05-21 10:04:45 - [MESSAGE][PASSED] - Modify property of object successfully

2018-05-21 10:04:45 - [TEST_STEP][PASSED] - Statement - batchqty = com.kms.katalon.core.webui.keyword.WebUiBuiltInKeywords.getAttribute(batch, "value").trim(): Attribute 'value' of object '' is: ''

2018-05-21 10:04:46 - [MESSAGE][PASSED] - Attribute 'value' of object '' is: ''

2018-05-21 10:04:46 - [TEST_STEP][PASSED] - Statement - Rqty = 100: null

2018-05-21 10:04:46 - [TEST_STEP][PASSED] - delay: Delayed 2 second(s)

2018-05-21 10:04:48 - [MESSAGE][PASSED] - Delayed 2 second(s)

2018-05-21 10:04:48 - [TEST_STEP][PASSED] - Statement - out.println("BatchQty : " + batchqty): null

2018-05-21 10:04:48 - [TEST_STEP][PASSED] - Statement - out.println("RQty : " + Rqty): null

2018-05-21 10:04:48 - [TEST_STEP][PASSED] - Statement - If (java.lang.Integer.valueOf(batchqty) >= java.lang.Integer.valueOf(Rqty)): null]]></system-out>
         <system-err><![CDATA[2018-05-21 10:02:12 - [TEST_CASE][ERROR] - Test Cases/DISPENSARY TEST CASES/TC_DP_014 Verify Schedule 2 Dispensary To CMS Request Are Working Successfully Or Not: Test Cases/DISPENSARY TEST CASES/TC_DP_014 Verify Schedule 2 Dispensary To CMS Request Are Working Successfully Or Not FAILED because (of) java.lang.NumberFormatException: For input string: ""]]></system-err>
      </testcase>
      <testcase name="Test Cases/DISPENSARY TEST CASES/TC_DP_015 Verify Schedule 3 Dispensary To CMS Request Are Working Successfully Or Not" classname="Test Cases/DISPENSARY TEST CASES/TC_DP_015 Verify Schedule 3 Dispensary To CMS Request Are Working Successfully Or Not" status="ERROR">
         <error type="ERROR" message="Test Cases/DISPENSARY TEST CASES/TC_DP_015 Verify Schedule 3 Dispensary To CMS Request Are Working Successfully Or Not FAILED because (of) java.lang.NumberFormatException: For input string: &quot;&quot;"/>
         <system-out><![CDATA[2018-05-21 10:04:48 - [TEST_CASE][ERROR] - Test Cases/DISPENSARY TEST CASES/TC_DP_015 Verify Schedule 3 Dispensary To CMS Request Are Working Successfully Or Not: Test Cases/DISPENSARY TEST CASES/TC_DP_015 Verify Schedule 3 Dispensary To CMS Request Are Working Successfully Or Not FAILED because (of) java.lang.NumberFormatException: For input string: ""

2018-05-21 10:04:48 - [TEST_STEP][PASSED] - openBrowser: Browser is opened with url: ''

2018-05-21 10:04:48 - [MESSAGE][WARNING] - A browser is already opened. Closing browser and opening a new one

2018-05-21 10:04:51 - [MESSAGE][PASSED] - Browser is opened with url: ''

2018-05-21 10:04:51 - [TEST_STEP][PASSED] - navigateToUrl: Navigate to 'http://192.168.137.1/multihospital_new/HDSplashscreen.aspx' successfully

2018-05-21 10:04:54 - [MESSAGE][PASSED] - Navigate to 'http://192.168.137.1/multihospital_new/HDSplashscreen.aspx' successfully

2018-05-21 10:04:54 - [TEST_STEP][PASSED] - maximizeWindow: Current window maximized

2018-05-21 10:04:55 - [MESSAGE][PASSED] - Current window maximized

2018-05-21 10:04:55 - [TEST_STEP][PASSED] - click: Object: 'Object Repository/DispensaryToCms/Page_KDMC/a_Dispensary Store' is clicked on

2018-05-21 10:04:57 - [MESSAGE][PASSED] - Object: 'Object Repository/DispensaryToCms/Page_KDMC/a_Dispensary Store' is clicked on

2018-05-21 10:04:57 - [TEST_STEP][PASSED] - setText: Text 'rajaram' is set on object 'Object Repository/DispensaryToCms/Page_Dispensary Store Login/input_txtusername'

2018-05-21 10:04:57 - [MESSAGE][PASSED] - Text 'rajaram' is set on object 'Object Repository/DispensaryToCms/Page_Dispensary Store Login/input_txtusername'

2018-05-21 10:04:57 - [TEST_STEP][PASSED] - setText: Text '123' is set on object 'Object Repository/DispensaryToCms/Page_Dispensary Store Login/input_txtpassword'

2018-05-21 10:04:57 - [MESSAGE][PASSED] - Text '123' is set on object 'Object Repository/DispensaryToCms/Page_Dispensary Store Login/input_txtpassword'

2018-05-21 10:04:57 - [TEST_STEP][PASSED] - delay: Delayed 3 second(s)

2018-05-21 10:05:00 - [MESSAGE][PASSED] - Delayed 3 second(s)

2018-05-21 10:05:00 - [TEST_STEP][PASSED] - click: Object: 'Object Repository/DispensaryToCms/Page_Dispensary Store Login/button_Sign in' is clicked on

2018-05-21 10:05:01 - [MESSAGE][PASSED] - Object: 'Object Repository/DispensaryToCms/Page_Dispensary Store Login/button_Sign in' is clicked on

2018-05-21 10:05:01 - [TEST_STEP][PASSED] - delay: Delayed 3 second(s)

2018-05-21 10:05:04 - [MESSAGE][PASSED] - Delayed 3 second(s)

2018-05-21 10:05:04 - [TEST_STEP][PASSED] - click: Object: 'Object Repository/DispensaryToCms/Page_Dispensary Store/a_CMS' is clicked on

2018-05-21 10:05:04 - [MESSAGE][PASSED] - Object: 'Object Repository/DispensaryToCms/Page_Dispensary Store/a_CMS' is clicked on

2018-05-21 10:05:04 - [TEST_STEP][PASSED] - click: Object: 'Object Repository/DispensaryToCms/Page_Dispensary Store/a_Request Send' is clicked on

2018-05-21 10:05:05 - [MESSAGE][PASSED] - Object: 'Object Repository/DispensaryToCms/Page_Dispensary Store/a_Request Send' is clicked on

2018-05-21 10:05:05 - [TEST_STEP][PASSED] - delay: Delayed 2 second(s)

2018-05-21 10:05:07 - [MESSAGE][PASSED] - Delayed 2 second(s)

2018-05-21 10:05:07 - [TEST_STEP][PASSED] - selectOptionByIndex: All options with index in [2] are selected on object 'Object Repository/DispensaryToCms/Page_Dispensary Store/select_--Select--'

2018-05-21 10:05:07 - [MESSAGE][PASSED] - All options with index in [2] are selected on object 'Object Repository/DispensaryToCms/Page_Dispensary Store/select_--Select--'

2018-05-21 10:05:07 - [TEST_STEP][PASSED] - selectOptionByIndex: All options with index in [3] are selected on object 'Object Repository/DispensaryToCms/Page_Dispensary Store/select_--Select--Schedule 1Inj'

2018-05-21 10:05:07 - [MESSAGE][PASSED] - All options with index in [3] are selected on object 'Object Repository/DispensaryToCms/Page_Dispensary Store/select_--Select--Schedule 1Inj'

2018-05-21 10:05:07 - [TEST_STEP][PASSED] - Statement - medicineslength = com.kms.katalon.core.webui.keyword.WebUiBuiltInKeywords.getNumberOfTotalOption(com.kms.katalon.core.testobject.ObjectRepository.findTestObject(DispensaryToCms/Page_Dispensary Store/select_--Select--Adernaline 0.)): 37 options of object 'Object Repository/DispensaryToCms/Page_Dispensary Store/select_--Select--Adernaline 0.' counted

2018-05-21 10:05:07 - [MESSAGE][PASSED] - 37 options of object 'Object Repository/DispensaryToCms/Page_Dispensary Store/select_--Select--Adernaline 0.' counted

2018-05-21 10:05:07 - [TEST_STEP][PASSED] - Statement - For ([e = 1, e <= medicineslength - 1, (e++)]): Object: 'Object Repository/DispensaryToCms/Page_Dispensary Store/button_Add' is clicked on

2018-05-21 10:05:07 - [TEST_STEP][PASSED] - selectOptionByIndex: All options with index in [3] are selected on object 'Object Repository/DispensaryToCms/Page_Dispensary Store/select_--Select--Schedule 1Inj'

2018-05-21 10:05:07 - [MESSAGE][PASSED] - All options with index in [3] are selected on object 'Object Repository/DispensaryToCms/Page_Dispensary Store/select_--Select--Schedule 1Inj'

2018-05-21 10:05:07 - [TEST_STEP][PASSED] - selectOptionByIndex: All options with index in [1] are selected on object 'Object Repository/DispensaryToCms/Page_Dispensary Store/select_--Select--Adernaline 0.'

2018-05-21 10:05:08 - [MESSAGE][PASSED] - All options with index in [1] are selected on object 'Object Repository/DispensaryToCms/Page_Dispensary Store/select_--Select--Adernaline 0.'

2018-05-21 10:05:08 - [TEST_STEP][PASSED] - setText: Text '100' is set on object 'Object Repository/DispensaryToCms/Page_Dispensary Store/input_txttreat'

2018-05-21 10:05:08 - [MESSAGE][PASSED] - Text '100' is set on object 'Object Repository/DispensaryToCms/Page_Dispensary Store/input_txttreat'

2018-05-21 10:05:08 - [TEST_STEP][PASSED] - click: Object: 'Object Repository/DispensaryToCms/Page_Dispensary Store/button_Add' is clicked on

2018-05-21 10:05:08 - [MESSAGE][PASSED] - Object: 'Object Repository/DispensaryToCms/Page_Dispensary Store/button_Add' is clicked on

2018-05-21 10:05:08 - [TEST_STEP][PASSED] - selectOptionByIndex: All options with index in [3] are selected on object 'Object Repository/DispensaryToCms/Page_Dispensary Store/select_--Select--Schedule 1Inj'

2018-05-21 10:05:08 - [MESSAGE][PASSED] - All options with index in [3] are selected on object 'Object Repository/DispensaryToCms/Page_Dispensary Store/select_--Select--Schedule 1Inj'

2018-05-21 10:05:08 - [TEST_STEP][PASSED] - selectOptionByIndex: All options with index in [2] are selected on object 'Object Repository/DispensaryToCms/Page_Dispensary Store/select_--Select--Adernaline 0.'

2018-05-21 10:05:08 - [MESSAGE][PASSED] - All options with index in [2] are selected on object 'Object Repository/DispensaryToCms/Page_Dispensary Store/select_--Select--Adernaline 0.'

2018-05-21 10:05:08 - [TEST_STEP][PASSED] - setText: Text '100' is set on object 'Object Repository/DispensaryToCms/Page_Dispensary Store/input_txttreat'

2018-05-21 10:05:08 - [MESSAGE][PASSED] - Text '100' is set on object 'Object Repository/DispensaryToCms/Page_Dispensary Store/input_txttreat'

2018-05-21 10:05:08 - [TEST_STEP][PASSED] - click: Object: 'Object Repository/DispensaryToCms/Page_Dispensary Store/button_Add' is clicked on

2018-05-21 10:05:08 - [MESSAGE][PASSED] - Object: 'Object Repository/DispensaryToCms/Page_Dispensary Store/button_Add' is clicked on

2018-05-21 10:05:08 - [TEST_STEP][PASSED] - selectOptionByIndex: All options with index in [3] are selected on object 'Object Repository/DispensaryToCms/Page_Dispensary Store/select_--Select--Schedule 1Inj'

2018-05-21 10:05:09 - [MESSAGE][PASSED] - All options with index in [3] are selected on object 'Object Repository/DispensaryToCms/Page_Dispensary Store/select_--Select--Schedule 1Inj'

2018-05-21 10:05:09 - [TEST_STEP][PASSED] - selectOptionByIndex: All options with index in [3] are selected on object 'Object Repository/DispensaryToCms/Page_Dispensary Store/select_--Select--Adernaline 0.'

2018-05-21 10:05:09 - [MESSAGE][PASSED] - All options with index in [3] are selected on object 'Object Repository/DispensaryToCms/Page_Dispensary Store/select_--Select--Adernaline 0.'

2018-05-21 10:05:09 - [TEST_STEP][PASSED] - setText: Text '100' is set on object 'Object Repository/DispensaryToCms/Page_Dispensary Store/input_txttreat'

2018-05-21 10:05:09 - [MESSAGE][PASSED] - Text '100' is set on object 'Object Repository/DispensaryToCms/Page_Dispensary Store/input_txttreat'

2018-05-21 10:05:09 - [TEST_STEP][PASSED] - click: Object: 'Object Repository/DispensaryToCms/Page_Dispensary Store/button_Add' is clicked on

2018-05-21 10:05:09 - [MESSAGE][PASSED] - Object: 'Object Repository/DispensaryToCms/Page_Dispensary Store/button_Add' is clicked on

2018-05-21 10:05:09 - [TEST_STEP][PASSED] - selectOptionByIndex: All options with index in [3] are selected on object 'Object Repository/DispensaryToCms/Page_Dispensary Store/select_--Select--Schedule 1Inj'

2018-05-21 10:05:09 - [MESSAGE][PASSED] - All options with index in [3] are selected on object 'Object Repository/DispensaryToCms/Page_Dispensary Store/select_--Select--Schedule 1Inj'

2018-05-21 10:05:09 - [TEST_STEP][PASSED] - selectOptionByIndex: All options with index in [4] are selected on object 'Object Repository/DispensaryToCms/Page_Dispensary Store/select_--Select--Adernaline 0.'

2018-05-21 10:05:09 - [MESSAGE][PASSED] - All options with index in [4] are selected on object 'Object Repository/DispensaryToCms/Page_Dispensary Store/select_--Select--Adernaline 0.'

2018-05-21 10:05:09 - [TEST_STEP][PASSED] - setText: Text '100' is set on object 'Object Repository/DispensaryToCms/Page_Dispensary Store/input_txttreat'

2018-05-21 10:05:09 - [MESSAGE][PASSED] - Text '100' is set on object 'Object Repository/DispensaryToCms/Page_Dispensary Store/input_txttreat'

2018-05-21 10:05:09 - [TEST_STEP][PASSED] - click: Object: 'Object Repository/DispensaryToCms/Page_Dispensary Store/button_Add' is clicked on

2018-05-21 10:05:09 - [MESSAGE][PASSED] - Object: 'Object Repository/DispensaryToCms/Page_Dispensary Store/button_Add' is clicked on

2018-05-21 10:05:09 - [TEST_STEP][PASSED] - selectOptionByIndex: All options with index in [3] are selected on object 'Object Repository/DispensaryToCms/Page_Dispensary Store/select_--Select--Schedule 1Inj'

2018-05-21 10:05:10 - [MESSAGE][PASSED] - All options with index in [3] are selected on object 'Object Repository/DispensaryToCms/Page_Dispensary Store/select_--Select--Schedule 1Inj'

2018-05-21 10:05:10 - [TEST_STEP][PASSED] - selectOptionByIndex: All options with index in [5] are selected on object 'Object Repository/DispensaryToCms/Page_Dispensary Store/select_--Select--Adernaline 0.'

2018-05-21 10:05:10 - [MESSAGE][PASSED] - All options with index in [5] are selected on object 'Object Repository/DispensaryToCms/Page_Dispensary Store/select_--Select--Adernaline 0.'

2018-05-21 10:05:10 - [TEST_STEP][PASSED] - setText: Text '100' is set on object 'Object Repository/DispensaryToCms/Page_Dispensary Store/input_txttreat'

2018-05-21 10:05:10 - [MESSAGE][PASSED] - Text '100' is set on object 'Object Repository/DispensaryToCms/Page_Dispensary Store/input_txttreat'

2018-05-21 10:05:10 - [TEST_STEP][PASSED] - click: Object: 'Object Repository/DispensaryToCms/Page_Dispensary Store/button_Add' is clicked on

2018-05-21 10:05:10 - [MESSAGE][PASSED] - Object: 'Object Repository/DispensaryToCms/Page_Dispensary Store/button_Add' is clicked on

2018-05-21 10:05:10 - [TEST_STEP][PASSED] - selectOptionByIndex: All options with index in [3] are selected on object 'Object Repository/DispensaryToCms/Page_Dispensary Store/select_--Select--Schedule 1Inj'

2018-05-21 10:05:10 - [MESSAGE][PASSED] - All options with index in [3] are selected on object 'Object Repository/DispensaryToCms/Page_Dispensary Store/select_--Select--Schedule 1Inj'

2018-05-21 10:05:10 - [TEST_STEP][PASSED] - selectOptionByIndex: All options with index in [6] are selected on object 'Object Repository/DispensaryToCms/Page_Dispensary Store/select_--Select--Adernaline 0.'

2018-05-21 10:05:10 - [MESSAGE][PASSED] - All options with index in [6] are selected on object 'Object Repository/DispensaryToCms/Page_Dispensary Store/select_--Select--Adernaline 0.'

2018-05-21 10:05:10 - [TEST_STEP][PASSED] - setText: Text '100' is set on object 'Object Repository/DispensaryToCms/Page_Dispensary Store/input_txttreat'

2018-05-21 10:05:10 - [MESSAGE][PASSED] - Text '100' is set on object 'Object Repository/DispensaryToCms/Page_Dispensary Store/input_txttreat'

2018-05-21 10:05:10 - [TEST_STEP][PASSED] - click: Object: 'Object Repository/DispensaryToCms/Page_Dispensary Store/button_Add' is clicked on

2018-05-21 10:05:10 - [MESSAGE][PASSED] - Object: 'Object Repository/DispensaryToCms/Page_Dispensary Store/button_Add' is clicked on

2018-05-21 10:05:10 - [TEST_STEP][PASSED] - selectOptionByIndex: All options with index in [3] are selected on object 'Object Repository/DispensaryToCms/Page_Dispensary Store/select_--Select--Schedule 1Inj'

2018-05-21 10:05:11 - [MESSAGE][PASSED] - All options with index in [3] are selected on object 'Object Repository/DispensaryToCms/Page_Dispensary Store/select_--Select--Schedule 1Inj'

2018-05-21 10:05:11 - [TEST_STEP][PASSED] - selectOptionByIndex: All options with index in [7] are selected on object 'Object Repository/DispensaryToCms/Page_Dispensary Store/select_--Select--Adernaline 0.'

2018-05-21 10:05:11 - [MESSAGE][PASSED] - All options with index in [7] are selected on object 'Object Repository/DispensaryToCms/Page_Dispensary Store/select_--Select--Adernaline 0.'

2018-05-21 10:05:11 - [TEST_STEP][PASSED] - setText: Text '100' is set on object 'Object Repository/DispensaryToCms/Page_Dispensary Store/input_txttreat'

2018-05-21 10:05:11 - [MESSAGE][PASSED] - Text '100' is set on object 'Object Repository/DispensaryToCms/Page_Dispensary Store/input_txttreat'

2018-05-21 10:05:11 - [TEST_STEP][PASSED] - click: Object: 'Object Repository/DispensaryToCms/Page_Dispensary Store/button_Add' is clicked on

2018-05-21 10:05:11 - [MESSAGE][PASSED] - Object: 'Object Repository/DispensaryToCms/Page_Dispensary Store/button_Add' is clicked on

2018-05-21 10:05:11 - [TEST_STEP][PASSED] - selectOptionByIndex: All options with index in [3] are selected on object 'Object Repository/DispensaryToCms/Page_Dispensary Store/select_--Select--Schedule 1Inj'

2018-05-21 10:05:11 - [MESSAGE][PASSED] - All options with index in [3] are selected on object 'Object Repository/DispensaryToCms/Page_Dispensary Store/select_--Select--Schedule 1Inj'

2018-05-21 10:05:11 - [TEST_STEP][PASSED] - selectOptionByIndex: All options with index in [8] are selected on object 'Object Repository/DispensaryToCms/Page_Dispensary Store/select_--Select--Adernaline 0.'

2018-05-21 10:05:11 - [MESSAGE][PASSED] - All options with index in [8] are selected on object 'Object Repository/DispensaryToCms/Page_Dispensary Store/select_--Select--Adernaline 0.'

2018-05-21 10:05:11 - [TEST_STEP][PASSED] - setText: Text '100' is set on object 'Object Repository/DispensaryToCms/Page_Dispensary Store/input_txttreat'

2018-05-21 10:05:11 - [MESSAGE][PASSED] - Text '100' is set on object 'Object Repository/DispensaryToCms/Page_Dispensary Store/input_txttreat'

2018-05-21 10:05:11 - [TEST_STEP][PASSED] - click: Object: 'Object Repository/DispensaryToCms/Page_Dispensary Store/button_Add' is clicked on

2018-05-21 10:05:12 - [MESSAGE][PASSED] - Object: 'Object Repository/DispensaryToCms/Page_Dispensary Store/button_Add' is clicked on

2018-05-21 10:05:12 - [TEST_STEP][PASSED] - selectOptionByIndex: All options with index in [3] are selected on object 'Object Repository/DispensaryToCms/Page_Dispensary Store/select_--Select--Schedule 1Inj'

2018-05-21 10:05:12 - [MESSAGE][PASSED] - All options with index in [3] are selected on object 'Object Repository/DispensaryToCms/Page_Dispensary Store/select_--Select--Schedule 1Inj'

2018-05-21 10:05:12 - [TEST_STEP][PASSED] - selectOptionByIndex: All options with index in [9] are selected on object 'Object Repository/DispensaryToCms/Page_Dispensary Store/select_--Select--Adernaline 0.'

2018-05-21 10:05:12 - [MESSAGE][PASSED] - All options with index in [9] are selected on object 'Object Repository/DispensaryToCms/Page_Dispensary Store/select_--Select--Adernaline 0.'

2018-05-21 10:05:12 - [TEST_STEP][PASSED] - setText: Text '100' is set on object 'Object Repository/DispensaryToCms/Page_Dispensary Store/input_txttreat'

2018-05-21 10:05:12 - [MESSAGE][PASSED] - Text '100' is set on object 'Object Repository/DispensaryToCms/Page_Dispensary Store/input_txttreat'

2018-05-21 10:05:12 - [TEST_STEP][PASSED] - click: Object: 'Object Repository/DispensaryToCms/Page_Dispensary Store/button_Add' is clicked on

2018-05-21 10:05:12 - [MESSAGE][PASSED] - Object: 'Object Repository/DispensaryToCms/Page_Dispensary Store/button_Add' is clicked on

2018-05-21 10:05:12 - [TEST_STEP][PASSED] - selectOptionByIndex: All options with index in [3] are selected on object 'Object Repository/DispensaryToCms/Page_Dispensary Store/select_--Select--Schedule 1Inj'

2018-05-21 10:05:12 - [MESSAGE][PASSED] - All options with index in [3] are selected on object 'Object Repository/DispensaryToCms/Page_Dispensary Store/select_--Select--Schedule 1Inj'

2018-05-21 10:05:12 - [TEST_STEP][PASSED] - selectOptionByIndex: All options with index in [10] are selected on object 'Object Repository/DispensaryToCms/Page_Dispensary Store/select_--Select--Adernaline 0.'

2018-05-21 10:05:13 - [MESSAGE][PASSED] - All options with index in [10] are selected on object 'Object Repository/DispensaryToCms/Page_Dispensary Store/select_--Select--Adernaline 0.'

2018-05-21 10:05:13 - [TEST_STEP][PASSED] - setText: Text '100' is set on object 'Object Repository/DispensaryToCms/Page_Dispensary Store/input_txttreat'

2018-05-21 10:05:13 - [MESSAGE][PASSED] - Text '100' is set on object 'Object Repository/DispensaryToCms/Page_Dispensary Store/input_txttreat'

2018-05-21 10:05:13 - [TEST_STEP][PASSED] - click: Object: 'Object Repository/DispensaryToCms/Page_Dispensary Store/button_Add' is clicked on

2018-05-21 10:05:13 - [MESSAGE][PASSED] - Object: 'Object Repository/DispensaryToCms/Page_Dispensary Store/button_Add' is clicked on

2018-05-21 10:05:13 - [TEST_STEP][PASSED] - selectOptionByIndex: All options with index in [3] are selected on object 'Object Repository/DispensaryToCms/Page_Dispensary Store/select_--Select--Schedule 1Inj'

2018-05-21 10:05:13 - [MESSAGE][PASSED] - All options with index in [3] are selected on object 'Object Repository/DispensaryToCms/Page_Dispensary Store/select_--Select--Schedule 1Inj'

2018-05-21 10:05:13 - [TEST_STEP][PASSED] - selectOptionByIndex: All options with index in [11] are selected on object 'Object Repository/DispensaryToCms/Page_Dispensary Store/select_--Select--Adernaline 0.'

2018-05-21 10:05:13 - [MESSAGE][PASSED] - All options with index in [11] are selected on object 'Object Repository/DispensaryToCms/Page_Dispensary Store/select_--Select--Adernaline 0.'

2018-05-21 10:05:13 - [TEST_STEP][PASSED] - setText: Text '100' is set on object 'Object Repository/DispensaryToCms/Page_Dispensary Store/input_txttreat'

2018-05-21 10:05:13 - [MESSAGE][PASSED] - Text '100' is set on object 'Object Repository/DispensaryToCms/Page_Dispensary Store/input_txttreat'

2018-05-21 10:05:13 - [TEST_STEP][PASSED] - click: Object: 'Object Repository/DispensaryToCms/Page_Dispensary Store/button_Add' is clicked on

2018-05-21 10:05:13 - [MESSAGE][PASSED] - Object: 'Object Repository/DispensaryToCms/Page_Dispensary Store/button_Add' is clicked on

2018-05-21 10:05:13 - [TEST_STEP][PASSED] - selectOptionByIndex: All options with index in [3] are selected on object 'Object Repository/DispensaryToCms/Page_Dispensary Store/select_--Select--Schedule 1Inj'

2018-05-21 10:05:13 - [MESSAGE][PASSED] - All options with index in [3] are selected on object 'Object Repository/DispensaryToCms/Page_Dispensary Store/select_--Select--Schedule 1Inj'

2018-05-21 10:05:13 - [TEST_STEP][PASSED] - selectOptionByIndex: All options with index in [12] are selected on object 'Object Repository/DispensaryToCms/Page_Dispensary Store/select_--Select--Adernaline 0.'

2018-05-21 10:05:14 - [MESSAGE][PASSED] - All options with index in [12] are selected on object 'Object Repository/DispensaryToCms/Page_Dispensary Store/select_--Select--Adernaline 0.'

2018-05-21 10:05:14 - [TEST_STEP][PASSED] - setText: Text '100' is set on object 'Object Repository/DispensaryToCms/Page_Dispensary Store/input_txttreat'

2018-05-21 10:05:14 - [MESSAGE][PASSED] - Text '100' is set on object 'Object Repository/DispensaryToCms/Page_Dispensary Store/input_txttreat'

2018-05-21 10:05:14 - [TEST_STEP][PASSED] - click: Object: 'Object Repository/DispensaryToCms/Page_Dispensary Store/button_Add' is clicked on

2018-05-21 10:05:14 - [MESSAGE][PASSED] - Object: 'Object Repository/DispensaryToCms/Page_Dispensary Store/button_Add' is clicked on

2018-05-21 10:05:14 - [TEST_STEP][PASSED] - selectOptionByIndex: All options with index in [3] are selected on object 'Object Repository/DispensaryToCms/Page_Dispensary Store/select_--Select--Schedule 1Inj'

2018-05-21 10:05:14 - [MESSAGE][PASSED] - All options with index in [3] are selected on object 'Object Repository/DispensaryToCms/Page_Dispensary Store/select_--Select--Schedule 1Inj'

2018-05-21 10:05:14 - [TEST_STEP][PASSED] - selectOptionByIndex: All options with index in [13] are selected on object 'Object Repository/DispensaryToCms/Page_Dispensary Store/select_--Select--Adernaline 0.'

2018-05-21 10:05:14 - [MESSAGE][PASSED] - All options with index in [13] are selected on object 'Object Repository/DispensaryToCms/Page_Dispensary Store/select_--Select--Adernaline 0.'

2018-05-21 10:05:14 - [TEST_STEP][PASSED] - setText: Text '100' is set on object 'Object Repository/DispensaryToCms/Page_Dispensary Store/input_txttreat'

2018-05-21 10:05:14 - [MESSAGE][PASSED] - Text '100' is set on object 'Object Repository/DispensaryToCms/Page_Dispensary Store/input_txttreat'

2018-05-21 10:05:14 - [TEST_STEP][PASSED] - click: Object: 'Object Repository/DispensaryToCms/Page_Dispensary Store/button_Add' is clicked on

2018-05-21 10:05:15 - [MESSAGE][PASSED] - Object: 'Object Repository/DispensaryToCms/Page_Dispensary Store/button_Add' is clicked on

2018-05-21 10:05:15 - [TEST_STEP][PASSED] - selectOptionByIndex: All options with index in [3] are selected on object 'Object Repository/DispensaryToCms/Page_Dispensary Store/select_--Select--Schedule 1Inj'

2018-05-21 10:05:15 - [MESSAGE][PASSED] - All options with index in [3] are selected on object 'Object Repository/DispensaryToCms/Page_Dispensary Store/select_--Select--Schedule 1Inj'

2018-05-21 10:05:15 - [TEST_STEP][PASSED] - selectOptionByIndex: All options with index in [14] are selected on object 'Object Repository/DispensaryToCms/Page_Dispensary Store/select_--Select--Adernaline 0.'

2018-05-21 10:05:15 - [MESSAGE][PASSED] - All options with index in [14] are selected on object 'Object Repository/DispensaryToCms/Page_Dispensary Store/select_--Select--Adernaline 0.'

2018-05-21 10:05:15 - [TEST_STEP][PASSED] - setText: Text '100' is set on object 'Object Repository/DispensaryToCms/Page_Dispensary Store/input_txttreat'

2018-05-21 10:05:15 - [MESSAGE][PASSED] - Text '100' is set on object 'Object Repository/DispensaryToCms/Page_Dispensary Store/input_txttreat'

2018-05-21 10:05:15 - [TEST_STEP][PASSED] - click: Object: 'Object Repository/DispensaryToCms/Page_Dispensary Store/button_Add' is clicked on

2018-05-21 10:05:15 - [MESSAGE][PASSED] - Object: 'Object Repository/DispensaryToCms/Page_Dispensary Store/button_Add' is clicked on

2018-05-21 10:05:15 - [TEST_STEP][PASSED] - selectOptionByIndex: All options with index in [3] are selected on object 'Object Repository/DispensaryToCms/Page_Dispensary Store/select_--Select--Schedule 1Inj'

2018-05-21 10:05:15 - [MESSAGE][PASSED] - All options with index in [3] are selected on object 'Object Repository/DispensaryToCms/Page_Dispensary Store/select_--Select--Schedule 1Inj'

2018-05-21 10:05:15 - [TEST_STEP][PASSED] - selectOptionByIndex: All options with index in [15] are selected on object 'Object Repository/DispensaryToCms/Page_Dispensary Store/select_--Select--Adernaline 0.'

2018-05-21 10:05:16 - [MESSAGE][PASSED] - All options with index in [15] are selected on object 'Object Repository/DispensaryToCms/Page_Dispensary Store/select_--Select--Adernaline 0.'

2018-05-21 10:05:16 - [TEST_STEP][PASSED] - setText: Text '100' is set on object 'Object Repository/DispensaryToCms/Page_Dispensary Store/input_txttreat'

2018-05-21 10:05:16 - [MESSAGE][PASSED] - Text '100' is set on object 'Object Repository/DispensaryToCms/Page_Dispensary Store/input_txttreat'

2018-05-21 10:05:16 - [TEST_STEP][PASSED] - click: Object: 'Object Repository/DispensaryToCms/Page_Dispensary Store/button_Add' is clicked on

2018-05-21 10:05:16 - [MESSAGE][PASSED] - Object: 'Object Repository/DispensaryToCms/Page_Dispensary Store/button_Add' is clicked on

2018-05-21 10:05:16 - [TEST_STEP][PASSED] - selectOptionByIndex: All options with index in [3] are selected on object 'Object Repository/DispensaryToCms/Page_Dispensary Store/select_--Select--Schedule 1Inj'

2018-05-21 10:05:16 - [MESSAGE][PASSED] - All options with index in [3] are selected on object 'Object Repository/DispensaryToCms/Page_Dispensary Store/select_--Select--Schedule 1Inj'

2018-05-21 10:05:16 - [TEST_STEP][PASSED] - selectOptionByIndex: All options with index in [16] are selected on object 'Object Repository/DispensaryToCms/Page_Dispensary Store/select_--Select--Adernaline 0.'

2018-05-21 10:05:16 - [MESSAGE][PASSED] - All options with index in [16] are selected on object 'Object Repository/DispensaryToCms/Page_Dispensary Store/select_--Select--Adernaline 0.'

2018-05-21 10:05:16 - [TEST_STEP][PASSED] - setText: Text '100' is set on object 'Object Repository/DispensaryToCms/Page_Dispensary Store/input_txttreat'

2018-05-21 10:05:16 - [MESSAGE][PASSED] - Text '100' is set on object 'Object Repository/DispensaryToCms/Page_Dispensary Store/input_txttreat'

2018-05-21 10:05:16 - [TEST_STEP][PASSED] - click: Object: 'Object Repository/DispensaryToCms/Page_Dispensary Store/button_Add' is clicked on

2018-05-21 10:05:16 - [MESSAGE][PASSED] - Object: 'Object Repository/DispensaryToCms/Page_Dispensary Store/button_Add' is clicked on

2018-05-21 10:05:16 - [TEST_STEP][PASSED] - selectOptionByIndex: All options with index in [3] are selected on object 'Object Repository/DispensaryToCms/Page_Dispensary Store/select_--Select--Schedule 1Inj'

2018-05-21 10:05:17 - [MESSAGE][PASSED] - All options with index in [3] are selected on object 'Object Repository/DispensaryToCms/Page_Dispensary Store/select_--Select--Schedule 1Inj'

2018-05-21 10:05:17 - [TEST_STEP][PASSED] - selectOptionByIndex: All options with index in [17] are selected on object 'Object Repository/DispensaryToCms/Page_Dispensary Store/select_--Select--Adernaline 0.'

2018-05-21 10:05:17 - [MESSAGE][PASSED] - All options with index in [17] are selected on object 'Object Repository/DispensaryToCms/Page_Dispensary Store/select_--Select--Adernaline 0.'

2018-05-21 10:05:17 - [TEST_STEP][PASSED] - setText: Text '100' is set on object 'Object Repository/DispensaryToCms/Page_Dispensary Store/input_txttreat'

2018-05-21 10:05:17 - [MESSAGE][PASSED] - Text '100' is set on object 'Object Repository/DispensaryToCms/Page_Dispensary Store/input_txttreat'

2018-05-21 10:05:17 - [TEST_STEP][PASSED] - click: Object: 'Object Repository/DispensaryToCms/Page_Dispensary Store/button_Add' is clicked on

2018-05-21 10:05:17 - [MESSAGE][PASSED] - Object: 'Object Repository/DispensaryToCms/Page_Dispensary Store/button_Add' is clicked on

2018-05-21 10:05:17 - [TEST_STEP][PASSED] - selectOptionByIndex: All options with index in [3] are selected on object 'Object Repository/DispensaryToCms/Page_Dispensary Store/select_--Select--Schedule 1Inj'

2018-05-21 10:05:17 - [MESSAGE][PASSED] - All options with index in [3] are selected on object 'Object Repository/DispensaryToCms/Page_Dispensary Store/select_--Select--Schedule 1Inj'

2018-05-21 10:05:17 - [TEST_STEP][PASSED] - selectOptionByIndex: All options with index in [18] are selected on object 'Object Repository/DispensaryToCms/Page_Dispensary Store/select_--Select--Adernaline 0.'

2018-05-21 10:05:18 - [MESSAGE][PASSED] - All options with index in [18] are selected on object 'Object Repository/DispensaryToCms/Page_Dispensary Store/select_--Select--Adernaline 0.'

2018-05-21 10:05:18 - [TEST_STEP][PASSED] - setText: Text '100' is set on object 'Object Repository/DispensaryToCms/Page_Dispensary Store/input_txttreat'

2018-05-21 10:05:18 - [MESSAGE][PASSED] - Text '100' is set on object 'Object Repository/DispensaryToCms/Page_Dispensary Store/input_txttreat'

2018-05-21 10:05:18 - [TEST_STEP][PASSED] - click: Object: 'Object Repository/DispensaryToCms/Page_Dispensary Store/button_Add' is clicked on

2018-05-21 10:05:18 - [MESSAGE][PASSED] - Object: 'Object Repository/DispensaryToCms/Page_Dispensary Store/button_Add' is clicked on

2018-05-21 10:05:18 - [TEST_STEP][PASSED] - selectOptionByIndex: All options with index in [3] are selected on object 'Object Repository/DispensaryToCms/Page_Dispensary Store/select_--Select--Schedule 1Inj'

2018-05-21 10:05:18 - [MESSAGE][PASSED] - All options with index in [3] are selected on object 'Object Repository/DispensaryToCms/Page_Dispensary Store/select_--Select--Schedule 1Inj'

2018-05-21 10:05:18 - [TEST_STEP][PASSED] - selectOptionByIndex: All options with index in [19] are selected on object 'Object Repository/DispensaryToCms/Page_Dispensary Store/select_--Select--Adernaline 0.'

2018-05-21 10:05:18 - [MESSAGE][PASSED] - All options with index in [19] are selected on object 'Object Repository/DispensaryToCms/Page_Dispensary Store/select_--Select--Adernaline 0.'

2018-05-21 10:05:18 - [TEST_STEP][PASSED] - setText: Text '100' is set on object 'Object Repository/DispensaryToCms/Page_Dispensary Store/input_txttreat'

2018-05-21 10:05:18 - [MESSAGE][PASSED] - Text '100' is set on object 'Object Repository/DispensaryToCms/Page_Dispensary Store/input_txttreat'

2018-05-21 10:05:18 - [TEST_STEP][PASSED] - click: Object: 'Object Repository/DispensaryToCms/Page_Dispensary Store/button_Add' is clicked on

2018-05-21 10:05:18 - [MESSAGE][PASSED] - Object: 'Object Repository/DispensaryToCms/Page_Dispensary Store/button_Add' is clicked on

2018-05-21 10:05:18 - [TEST_STEP][PASSED] - selectOptionByIndex: All options with index in [3] are selected on object 'Object Repository/DispensaryToCms/Page_Dispensary Store/select_--Select--Schedule 1Inj'

2018-05-21 10:05:19 - [MESSAGE][PASSED] - All options with index in [3] are selected on object 'Object Repository/DispensaryToCms/Page_Dispensary Store/select_--Select--Schedule 1Inj'

2018-05-21 10:05:19 - [TEST_STEP][PASSED] - selectOptionByIndex: All options with index in [20] are selected on object 'Object Repository/DispensaryToCms/Page_Dispensary Store/select_--Select--Adernaline 0.'

2018-05-21 10:05:19 - [MESSAGE][PASSED] - All options with index in [20] are selected on object 'Object Repository/DispensaryToCms/Page_Dispensary Store/select_--Select--Adernaline 0.'

2018-05-21 10:05:19 - [TEST_STEP][PASSED] - setText: Text '100' is set on object 'Object Repository/DispensaryToCms/Page_Dispensary Store/input_txttreat'

2018-05-21 10:05:19 - [MESSAGE][PASSED] - Text '100' is set on object 'Object Repository/DispensaryToCms/Page_Dispensary Store/input_txttreat'

2018-05-21 10:05:19 - [TEST_STEP][PASSED] - click: Object: 'Object Repository/DispensaryToCms/Page_Dispensary Store/button_Add' is clicked on

2018-05-21 10:05:19 - [MESSAGE][PASSED] - Object: 'Object Repository/DispensaryToCms/Page_Dispensary Store/button_Add' is clicked on

2018-05-21 10:05:19 - [TEST_STEP][PASSED] - selectOptionByIndex: All options with index in [3] are selected on object 'Object Repository/DispensaryToCms/Page_Dispensary Store/select_--Select--Schedule 1Inj'

2018-05-21 10:05:19 - [MESSAGE][PASSED] - All options with index in [3] are selected on object 'Object Repository/DispensaryToCms/Page_Dispensary Store/select_--Select--Schedule 1Inj'

2018-05-21 10:05:19 - [TEST_STEP][PASSED] - selectOptionByIndex: All options with index in [21] are selected on object 'Object Repository/DispensaryToCms/Page_Dispensary Store/select_--Select--Adernaline 0.'

2018-05-21 10:05:20 - [MESSAGE][PASSED] - All options with index in [21] are selected on object 'Object Repository/DispensaryToCms/Page_Dispensary Store/select_--Select--Adernaline 0.'

2018-05-21 10:05:20 - [TEST_STEP][PASSED] - setText: Text '100' is set on object 'Object Repository/DispensaryToCms/Page_Dispensary Store/input_txttreat'

2018-05-21 10:05:20 - [MESSAGE][PASSED] - Text '100' is set on object 'Object Repository/DispensaryToCms/Page_Dispensary Store/input_txttreat'

2018-05-21 10:05:20 - [TEST_STEP][PASSED] - click: Object: 'Object Repository/DispensaryToCms/Page_Dispensary Store/button_Add' is clicked on

2018-05-21 10:05:20 - [MESSAGE][PASSED] - Object: 'Object Repository/DispensaryToCms/Page_Dispensary Store/button_Add' is clicked on

2018-05-21 10:05:20 - [TEST_STEP][PASSED] - selectOptionByIndex: All options with index in [3] are selected on object 'Object Repository/DispensaryToCms/Page_Dispensary Store/select_--Select--Schedule 1Inj'

2018-05-21 10:05:20 - [MESSAGE][PASSED] - All options with index in [3] are selected on object 'Object Repository/DispensaryToCms/Page_Dispensary Store/select_--Select--Schedule 1Inj'

2018-05-21 10:05:20 - [TEST_STEP][PASSED] - selectOptionByIndex: All options with index in [22] are selected on object 'Object Repository/DispensaryToCms/Page_Dispensary Store/select_--Select--Adernaline 0.'

2018-05-21 10:05:20 - [MESSAGE][PASSED] - All options with index in [22] are selected on object 'Object Repository/DispensaryToCms/Page_Dispensary Store/select_--Select--Adernaline 0.'

2018-05-21 10:05:20 - [TEST_STEP][PASSED] - setText: Text '100' is set on object 'Object Repository/DispensaryToCms/Page_Dispensary Store/input_txttreat'

2018-05-21 10:05:20 - [MESSAGE][PASSED] - Text '100' is set on object 'Object Repository/DispensaryToCms/Page_Dispensary Store/input_txttreat'

2018-05-21 10:05:20 - [TEST_STEP][PASSED] - click: Object: 'Object Repository/DispensaryToCms/Page_Dispensary Store/button_Add' is clicked on

2018-05-21 10:05:21 - [MESSAGE][PASSED] - Object: 'Object Repository/DispensaryToCms/Page_Dispensary Store/button_Add' is clicked on

2018-05-21 10:05:21 - [TEST_STEP][PASSED] - selectOptionByIndex: All options with index in [3] are selected on object 'Object Repository/DispensaryToCms/Page_Dispensary Store/select_--Select--Schedule 1Inj'

2018-05-21 10:05:21 - [MESSAGE][PASSED] - All options with index in [3] are selected on object 'Object Repository/DispensaryToCms/Page_Dispensary Store/select_--Select--Schedule 1Inj'

2018-05-21 10:05:21 - [TEST_STEP][PASSED] - selectOptionByIndex: All options with index in [23] are selected on object 'Object Repository/DispensaryToCms/Page_Dispensary Store/select_--Select--Adernaline 0.'

2018-05-21 10:05:21 - [MESSAGE][PASSED] - All options with index in [23] are selected on object 'Object Repository/DispensaryToCms/Page_Dispensary Store/select_--Select--Adernaline 0.'

2018-05-21 10:05:21 - [TEST_STEP][PASSED] - setText: Text '100' is set on object 'Object Repository/DispensaryToCms/Page_Dispensary Store/input_txttreat'

2018-05-21 10:05:21 - [MESSAGE][PASSED] - Text '100' is set on object 'Object Repository/DispensaryToCms/Page_Dispensary Store/input_txttreat'

2018-05-21 10:05:21 - [TEST_STEP][PASSED] - click: Object: 'Object Repository/DispensaryToCms/Page_Dispensary Store/button_Add' is clicked on

2018-05-21 10:05:21 - [MESSAGE][PASSED] - Object: 'Object Repository/DispensaryToCms/Page_Dispensary Store/button_Add' is clicked on

2018-05-21 10:05:21 - [TEST_STEP][PASSED] - selectOptionByIndex: All options with index in [3] are selected on object 'Object Repository/DispensaryToCms/Page_Dispensary Store/select_--Select--Schedule 1Inj'

2018-05-21 10:05:22 - [MESSAGE][PASSED] - All options with index in [3] are selected on object 'Object Repository/DispensaryToCms/Page_Dispensary Store/select_--Select--Schedule 1Inj'

2018-05-21 10:05:22 - [TEST_STEP][PASSED] - selectOptionByIndex: All options with index in [24] are selected on object 'Object Repository/DispensaryToCms/Page_Dispensary Store/select_--Select--Adernaline 0.'

2018-05-21 10:05:22 - [MESSAGE][PASSED] - All options with index in [24] are selected on object 'Object Repository/DispensaryToCms/Page_Dispensary Store/select_--Select--Adernaline 0.'

2018-05-21 10:05:22 - [TEST_STEP][PASSED] - setText: Text '100' is set on object 'Object Repository/DispensaryToCms/Page_Dispensary Store/input_txttreat'

2018-05-21 10:05:22 - [MESSAGE][PASSED] - Text '100' is set on object 'Object Repository/DispensaryToCms/Page_Dispensary Store/input_txttreat'

2018-05-21 10:05:22 - [TEST_STEP][PASSED] - click: Object: 'Object Repository/DispensaryToCms/Page_Dispensary Store/button_Add' is clicked on

2018-05-21 10:05:22 - [MESSAGE][PASSED] - Object: 'Object Repository/DispensaryToCms/Page_Dispensary Store/button_Add' is clicked on

2018-05-21 10:05:22 - [TEST_STEP][PASSED] - selectOptionByIndex: All options with index in [3] are selected on object 'Object Repository/DispensaryToCms/Page_Dispensary Store/select_--Select--Schedule 1Inj'

2018-05-21 10:05:22 - [MESSAGE][PASSED] - All options with index in [3] are selected on object 'Object Repository/DispensaryToCms/Page_Dispensary Store/select_--Select--Schedule 1Inj'

2018-05-21 10:05:22 - [TEST_STEP][PASSED] - selectOptionByIndex: All options with index in [25] are selected on object 'Object Repository/DispensaryToCms/Page_Dispensary Store/select_--Select--Adernaline 0.'

2018-05-21 10:05:23 - [MESSAGE][PASSED] - All options with index in [25] are selected on object 'Object Repository/DispensaryToCms/Page_Dispensary Store/select_--Select--Adernaline 0.'

2018-05-21 10:05:23 - [TEST_STEP][PASSED] - setText: Text '100' is set on object 'Object Repository/DispensaryToCms/Page_Dispensary Store/input_txttreat'

2018-05-21 10:05:23 - [MESSAGE][PASSED] - Text '100' is set on object 'Object Repository/DispensaryToCms/Page_Dispensary Store/input_txttreat'

2018-05-21 10:05:23 - [TEST_STEP][PASSED] - click: Object: 'Object Repository/DispensaryToCms/Page_Dispensary Store/button_Add' is clicked on

2018-05-21 10:05:23 - [MESSAGE][PASSED] - Object: 'Object Repository/DispensaryToCms/Page_Dispensary Store/button_Add' is clicked on

2018-05-21 10:05:23 - [TEST_STEP][PASSED] - selectOptionByIndex: All options with index in [3] are selected on object 'Object Repository/DispensaryToCms/Page_Dispensary Store/select_--Select--Schedule 1Inj'

2018-05-21 10:05:23 - [MESSAGE][PASSED] - All options with index in [3] are selected on object 'Object Repository/DispensaryToCms/Page_Dispensary Store/select_--Select--Schedule 1Inj'

2018-05-21 10:05:23 - [TEST_STEP][PASSED] - selectOptionByIndex: All options with index in [26] are selected on object 'Object Repository/DispensaryToCms/Page_Dispensary Store/select_--Select--Adernaline 0.'

2018-05-21 10:05:23 - [MESSAGE][PASSED] - All options with index in [26] are selected on object 'Object Repository/DispensaryToCms/Page_Dispensary Store/select_--Select--Adernaline 0.'

2018-05-21 10:05:23 - [TEST_STEP][PASSED] - setText: Text '100' is set on object 'Object Repository/DispensaryToCms/Page_Dispensary Store/input_txttreat'

2018-05-21 10:05:24 - [MESSAGE][PASSED] - Text '100' is set on object 'Object Repository/DispensaryToCms/Page_Dispensary Store/input_txttreat'

2018-05-21 10:05:24 - [TEST_STEP][PASSED] - click: Object: 'Object Repository/DispensaryToCms/Page_Dispensary Store/button_Add' is clicked on

2018-05-21 10:05:24 - [MESSAGE][PASSED] - Object: 'Object Repository/DispensaryToCms/Page_Dispensary Store/button_Add' is clicked on

2018-05-21 10:05:24 - [TEST_STEP][PASSED] - selectOptionByIndex: All options with index in [3] are selected on object 'Object Repository/DispensaryToCms/Page_Dispensary Store/select_--Select--Schedule 1Inj'

2018-05-21 10:05:24 - [MESSAGE][PASSED] - All options with index in [3] are selected on object 'Object Repository/DispensaryToCms/Page_Dispensary Store/select_--Select--Schedule 1Inj'

2018-05-21 10:05:24 - [TEST_STEP][PASSED] - selectOptionByIndex: All options with index in [27] are selected on object 'Object Repository/DispensaryToCms/Page_Dispensary Store/select_--Select--Adernaline 0.'

2018-05-21 10:05:24 - [MESSAGE][PASSED] - All options with index in [27] are selected on object 'Object Repository/DispensaryToCms/Page_Dispensary Store/select_--Select--Adernaline 0.'

2018-05-21 10:05:24 - [TEST_STEP][PASSED] - setText: Text '100' is set on object 'Object Repository/DispensaryToCms/Page_Dispensary Store/input_txttreat'

2018-05-21 10:05:24 - [MESSAGE][PASSED] - Text '100' is set on object 'Object Repository/DispensaryToCms/Page_Dispensary Store/input_txttreat'

2018-05-21 10:05:24 - [TEST_STEP][PASSED] - click: Object: 'Object Repository/DispensaryToCms/Page_Dispensary Store/button_Add' is clicked on

2018-05-21 10:05:24 - [MESSAGE][PASSED] - Object: 'Object Repository/DispensaryToCms/Page_Dispensary Store/button_Add' is clicked on

2018-05-21 10:05:24 - [TEST_STEP][PASSED] - selectOptionByIndex: All options with index in [3] are selected on object 'Object Repository/DispensaryToCms/Page_Dispensary Store/select_--Select--Schedule 1Inj'

2018-05-21 10:05:24 - [MESSAGE][PASSED] - All options with index in [3] are selected on object 'Object Repository/DispensaryToCms/Page_Dispensary Store/select_--Select--Schedule 1Inj'

2018-05-21 10:05:24 - [TEST_STEP][PASSED] - selectOptionByIndex: All options with index in [28] are selected on object 'Object Repository/DispensaryToCms/Page_Dispensary Store/select_--Select--Adernaline 0.'

2018-05-21 10:05:25 - [MESSAGE][PASSED] - All options with index in [28] are selected on object 'Object Repository/DispensaryToCms/Page_Dispensary Store/select_--Select--Adernaline 0.'

2018-05-21 10:05:25 - [TEST_STEP][PASSED] - setText: Text '100' is set on object 'Object Repository/DispensaryToCms/Page_Dispensary Store/input_txttreat'

2018-05-21 10:05:25 - [MESSAGE][PASSED] - Text '100' is set on object 'Object Repository/DispensaryToCms/Page_Dispensary Store/input_txttreat'

2018-05-21 10:05:25 - [TEST_STEP][PASSED] - click: Object: 'Object Repository/DispensaryToCms/Page_Dispensary Store/button_Add' is clicked on

2018-05-21 10:05:25 - [MESSAGE][PASSED] - Object: 'Object Repository/DispensaryToCms/Page_Dispensary Store/button_Add' is clicked on

2018-05-21 10:05:25 - [TEST_STEP][PASSED] - selectOptionByIndex: All options with index in [3] are selected on object 'Object Repository/DispensaryToCms/Page_Dispensary Store/select_--Select--Schedule 1Inj'

2018-05-21 10:05:25 - [MESSAGE][PASSED] - All options with index in [3] are selected on object 'Object Repository/DispensaryToCms/Page_Dispensary Store/select_--Select--Schedule 1Inj'

2018-05-21 10:05:25 - [TEST_STEP][PASSED] - selectOptionByIndex: All options with index in [29] are selected on object 'Object Repository/DispensaryToCms/Page_Dispensary Store/select_--Select--Adernaline 0.'

2018-05-21 10:05:26 - [MESSAGE][PASSED] - All options with index in [29] are selected on object 'Object Repository/DispensaryToCms/Page_Dispensary Store/select_--Select--Adernaline 0.'

2018-05-21 10:05:26 - [TEST_STEP][PASSED] - setText: Text '100' is set on object 'Object Repository/DispensaryToCms/Page_Dispensary Store/input_txttreat'

2018-05-21 10:05:26 - [MESSAGE][PASSED] - Text '100' is set on object 'Object Repository/DispensaryToCms/Page_Dispensary Store/input_txttreat'

2018-05-21 10:05:26 - [TEST_STEP][PASSED] - click: Object: 'Object Repository/DispensaryToCms/Page_Dispensary Store/button_Add' is clicked on

2018-05-21 10:05:26 - [MESSAGE][PASSED] - Object: 'Object Repository/DispensaryToCms/Page_Dispensary Store/button_Add' is clicked on

2018-05-21 10:05:26 - [TEST_STEP][PASSED] - selectOptionByIndex: All options with index in [3] are selected on object 'Object Repository/DispensaryToCms/Page_Dispensary Store/select_--Select--Schedule 1Inj'

2018-05-21 10:05:26 - [MESSAGE][PASSED] - All options with index in [3] are selected on object 'Object Repository/DispensaryToCms/Page_Dispensary Store/select_--Select--Schedule 1Inj'

2018-05-21 10:05:26 - [TEST_STEP][PASSED] - selectOptionByIndex: All options with index in [30] are selected on object 'Object Repository/DispensaryToCms/Page_Dispensary Store/select_--Select--Adernaline 0.'

2018-05-21 10:05:27 - [MESSAGE][PASSED] - All options with index in [30] are selected on object 'Object Repository/DispensaryToCms/Page_Dispensary Store/select_--Select--Adernaline 0.'

2018-05-21 10:05:27 - [TEST_STEP][PASSED] - setText: Text '100' is set on object 'Object Repository/DispensaryToCms/Page_Dispensary Store/input_txttreat'

2018-05-21 10:05:27 - [MESSAGE][PASSED] - Text '100' is set on object 'Object Repository/DispensaryToCms/Page_Dispensary Store/input_txttreat'

2018-05-21 10:05:27 - [TEST_STEP][PASSED] - click: Object: 'Object Repository/DispensaryToCms/Page_Dispensary Store/button_Add' is clicked on

2018-05-21 10:05:27 - [MESSAGE][PASSED] - Object: 'Object Repository/DispensaryToCms/Page_Dispensary Store/button_Add' is clicked on

2018-05-21 10:05:27 - [TEST_STEP][PASSED] - selectOptionByIndex: All options with index in [3] are selected on object 'Object Repository/DispensaryToCms/Page_Dispensary Store/select_--Select--Schedule 1Inj'

2018-05-21 10:05:27 - [MESSAGE][PASSED] - All options with index in [3] are selected on object 'Object Repository/DispensaryToCms/Page_Dispensary Store/select_--Select--Schedule 1Inj'

2018-05-21 10:05:27 - [TEST_STEP][PASSED] - selectOptionByIndex: All options with index in [31] are selected on object 'Object Repository/DispensaryToCms/Page_Dispensary Store/select_--Select--Adernaline 0.'

2018-05-21 10:05:27 - [MESSAGE][PASSED] - All options with index in [31] are selected on object 'Object Repository/DispensaryToCms/Page_Dispensary Store/select_--Select--Adernaline 0.'

2018-05-21 10:05:27 - [TEST_STEP][PASSED] - setText: Text '100' is set on object 'Object Repository/DispensaryToCms/Page_Dispensary Store/input_txttreat'

2018-05-21 10:05:28 - [MESSAGE][PASSED] - Text '100' is set on object 'Object Repository/DispensaryToCms/Page_Dispensary Store/input_txttreat'

2018-05-21 10:05:28 - [TEST_STEP][PASSED] - click: Object: 'Object Repository/DispensaryToCms/Page_Dispensary Store/button_Add' is clicked on

2018-05-21 10:05:28 - [MESSAGE][PASSED] - Object: 'Object Repository/DispensaryToCms/Page_Dispensary Store/button_Add' is clicked on

2018-05-21 10:05:28 - [TEST_STEP][PASSED] - selectOptionByIndex: All options with index in [3] are selected on object 'Object Repository/DispensaryToCms/Page_Dispensary Store/select_--Select--Schedule 1Inj'

2018-05-21 10:05:28 - [MESSAGE][PASSED] - All options with index in [3] are selected on object 'Object Repository/DispensaryToCms/Page_Dispensary Store/select_--Select--Schedule 1Inj'

2018-05-21 10:05:28 - [TEST_STEP][PASSED] - selectOptionByIndex: All options with index in [32] are selected on object 'Object Repository/DispensaryToCms/Page_Dispensary Store/select_--Select--Adernaline 0.'

2018-05-21 10:05:28 - [MESSAGE][PASSED] - All options with index in [32] are selected on object 'Object Repository/DispensaryToCms/Page_Dispensary Store/select_--Select--Adernaline 0.'

2018-05-21 10:05:28 - [TEST_STEP][PASSED] - setText: Text '100' is set on object 'Object Repository/DispensaryToCms/Page_Dispensary Store/input_txttreat'

2018-05-21 10:05:28 - [MESSAGE][PASSED] - Text '100' is set on object 'Object Repository/DispensaryToCms/Page_Dispensary Store/input_txttreat'

2018-05-21 10:05:28 - [TEST_STEP][PASSED] - click: Object: 'Object Repository/DispensaryToCms/Page_Dispensary Store/button_Add' is clicked on

2018-05-21 10:05:28 - [MESSAGE][PASSED] - Object: 'Object Repository/DispensaryToCms/Page_Dispensary Store/button_Add' is clicked on

2018-05-21 10:05:28 - [TEST_STEP][PASSED] - selectOptionByIndex: All options with index in [3] are selected on object 'Object Repository/DispensaryToCms/Page_Dispensary Store/select_--Select--Schedule 1Inj'

2018-05-21 10:05:29 - [MESSAGE][PASSED] - All options with index in [3] are selected on object 'Object Repository/DispensaryToCms/Page_Dispensary Store/select_--Select--Schedule 1Inj'

2018-05-21 10:05:29 - [TEST_STEP][PASSED] - selectOptionByIndex: All options with index in [33] are selected on object 'Object Repository/DispensaryToCms/Page_Dispensary Store/select_--Select--Adernaline 0.'

2018-05-21 10:05:29 - [MESSAGE][PASSED] - All options with index in [33] are selected on object 'Object Repository/DispensaryToCms/Page_Dispensary Store/select_--Select--Adernaline 0.'

2018-05-21 10:05:29 - [TEST_STEP][PASSED] - setText: Text '100' is set on object 'Object Repository/DispensaryToCms/Page_Dispensary Store/input_txttreat'

2018-05-21 10:05:29 - [MESSAGE][PASSED] - Text '100' is set on object 'Object Repository/DispensaryToCms/Page_Dispensary Store/input_txttreat'

2018-05-21 10:05:29 - [TEST_STEP][PASSED] - click: Object: 'Object Repository/DispensaryToCms/Page_Dispensary Store/button_Add' is clicked on

2018-05-21 10:05:29 - [MESSAGE][PASSED] - Object: 'Object Repository/DispensaryToCms/Page_Dispensary Store/button_Add' is clicked on

2018-05-21 10:05:29 - [TEST_STEP][PASSED] - selectOptionByIndex: All options with index in [3] are selected on object 'Object Repository/DispensaryToCms/Page_Dispensary Store/select_--Select--Schedule 1Inj'

2018-05-21 10:05:29 - [MESSAGE][PASSED] - All options with index in [3] are selected on object 'Object Repository/DispensaryToCms/Page_Dispensary Store/select_--Select--Schedule 1Inj'

2018-05-21 10:05:29 - [TEST_STEP][PASSED] - selectOptionByIndex: All options with index in [34] are selected on object 'Object Repository/DispensaryToCms/Page_Dispensary Store/select_--Select--Adernaline 0.'

2018-05-21 10:05:30 - [MESSAGE][PASSED] - All options with index in [34] are selected on object 'Object Repository/DispensaryToCms/Page_Dispensary Store/select_--Select--Adernaline 0.'

2018-05-21 10:05:30 - [TEST_STEP][PASSED] - setText: Text '100' is set on object 'Object Repository/DispensaryToCms/Page_Dispensary Store/input_txttreat'

2018-05-21 10:05:30 - [MESSAGE][PASSED] - Text '100' is set on object 'Object Repository/DispensaryToCms/Page_Dispensary Store/input_txttreat'

2018-05-21 10:05:30 - [TEST_STEP][PASSED] - click: Object: 'Object Repository/DispensaryToCms/Page_Dispensary Store/button_Add' is clicked on

2018-05-21 10:05:30 - [MESSAGE][PASSED] - Object: 'Object Repository/DispensaryToCms/Page_Dispensary Store/button_Add' is clicked on

2018-05-21 10:05:30 - [TEST_STEP][PASSED] - selectOptionByIndex: All options with index in [3] are selected on object 'Object Repository/DispensaryToCms/Page_Dispensary Store/select_--Select--Schedule 1Inj'

2018-05-21 10:05:30 - [MESSAGE][PASSED] - All options with index in [3] are selected on object 'Object Repository/DispensaryToCms/Page_Dispensary Store/select_--Select--Schedule 1Inj'

2018-05-21 10:05:30 - [TEST_STEP][PASSED] - selectOptionByIndex: All options with index in [35] are selected on object 'Object Repository/DispensaryToCms/Page_Dispensary Store/select_--Select--Adernaline 0.'

2018-05-21 10:05:31 - [MESSAGE][PASSED] - All options with index in [35] are selected on object 'Object Repository/DispensaryToCms/Page_Dispensary Store/select_--Select--Adernaline 0.'

2018-05-21 10:05:31 - [TEST_STEP][PASSED] - setText: Text '100' is set on object 'Object Repository/DispensaryToCms/Page_Dispensary Store/input_txttreat'

2018-05-21 10:05:31 - [MESSAGE][PASSED] - Text '100' is set on object 'Object Repository/DispensaryToCms/Page_Dispensary Store/input_txttreat'

2018-05-21 10:05:31 - [TEST_STEP][PASSED] - click: Object: 'Object Repository/DispensaryToCms/Page_Dispensary Store/button_Add' is clicked on

2018-05-21 10:05:31 - [MESSAGE][PASSED] - Object: 'Object Repository/DispensaryToCms/Page_Dispensary Store/button_Add' is clicked on

2018-05-21 10:05:31 - [TEST_STEP][PASSED] - selectOptionByIndex: All options with index in [3] are selected on object 'Object Repository/DispensaryToCms/Page_Dispensary Store/select_--Select--Schedule 1Inj'

2018-05-21 10:05:31 - [MESSAGE][PASSED] - All options with index in [3] are selected on object 'Object Repository/DispensaryToCms/Page_Dispensary Store/select_--Select--Schedule 1Inj'

2018-05-21 10:05:31 - [TEST_STEP][PASSED] - selectOptionByIndex: All options with index in [36] are selected on object 'Object Repository/DispensaryToCms/Page_Dispensary Store/select_--Select--Adernaline 0.'

2018-05-21 10:05:32 - [MESSAGE][PASSED] - All options with index in [36] are selected on object 'Object Repository/DispensaryToCms/Page_Dispensary Store/select_--Select--Adernaline 0.'

2018-05-21 10:05:32 - [TEST_STEP][PASSED] - setText: Text '100' is set on object 'Object Repository/DispensaryToCms/Page_Dispensary Store/input_txttreat'

2018-05-21 10:05:32 - [MESSAGE][PASSED] - Text '100' is set on object 'Object Repository/DispensaryToCms/Page_Dispensary Store/input_txttreat'

2018-05-21 10:05:32 - [TEST_STEP][PASSED] - click: Object: 'Object Repository/DispensaryToCms/Page_Dispensary Store/button_Add' is clicked on

2018-05-21 10:05:32 - [MESSAGE][PASSED] - Object: 'Object Repository/DispensaryToCms/Page_Dispensary Store/button_Add' is clicked on

2018-05-21 10:05:32 - [TEST_STEP][PASSED] - scrollToElement: Scroll to object 'Object Repository/DispensaryToCms/Page_Dispensary Store/input_btnsave' successfully

2018-05-21 10:05:32 - [MESSAGE][PASSED] - Scroll to object 'Object Repository/DispensaryToCms/Page_Dispensary Store/input_btnsave' successfully

2018-05-21 10:05:32 - [TEST_STEP][PASSED] - click: Object: 'Object Repository/DispensaryToCms/Page_Dispensary Store/input_btnsave' is clicked on

2018-05-21 10:05:32 - [MESSAGE][PASSED] - Object: 'Object Repository/DispensaryToCms/Page_Dispensary Store/input_btnsave' is clicked on

2018-05-21 10:05:32 - [TEST_STEP][PASSED] - delay: Delayed 3 second(s)

2018-05-21 10:05:35 - [MESSAGE][PASSED] - Delayed 3 second(s)

2018-05-21 10:05:35 - [TEST_STEP][PASSED] - Statement - RN1 = com.kms.katalon.core.webui.keyword.WebUiBuiltInKeywords.getText(com.kms.katalon.core.testobject.ObjectRepository.findTestObject(DispensaryToCms/Page_Dispensary Store/font_PRNO18052018174)): Text of object 'Object Repository/DispensaryToCms/Page_Dispensary Store/font_PRNO18052018174' is: 'PRNO/21052018/283'

2018-05-21 10:05:35 - [MESSAGE][PASSED] - Text of object 'Object Repository/DispensaryToCms/Page_Dispensary Store/font_PRNO18052018174' is: 'PRNO/21052018/283'

2018-05-21 10:05:35 - [TEST_STEP][PASSED] - Statement - out.println(RN1): null

2018-05-21 10:05:35 - [TEST_STEP][PASSED] - Statement - RID = RN1.split("/")[2]: null

2018-05-21 10:05:35 - [TEST_STEP][PASSED] - click: Object: 'Object Repository/DispensaryToCms/Page_Dispensary Store/button_OK' is clicked on

2018-05-21 10:05:47 - [MESSAGE][PASSED] - Object: 'Object Repository/DispensaryToCms/Page_Dispensary Store/button_OK' is clicked on

2018-05-21 10:05:47 - [TEST_STEP][PASSED] - delay: Delayed 3 second(s)

2018-05-21 10:05:50 - [MESSAGE][PASSED] - Delayed 3 second(s)

2018-05-21 10:05:50 - [TEST_STEP][PASSED] - waitForElementPresent: Object 'Object Repository/DispensaryToStore/Page_Dispensary Store/a_dropdown-toggle' is present

2018-05-21 10:05:50 - [MESSAGE][PASSED] - Object 'Object Repository/DispensaryToStore/Page_Dispensary Store/a_dropdown-toggle' is present

2018-05-21 10:05:50 - [TEST_STEP][PASSED] - click: Object: 'Object Repository/DispensaryToCms/Page_Dispensary Store/a_dropdown-toggle' is clicked on

2018-05-21 10:05:50 - [MESSAGE][PASSED] - Object: 'Object Repository/DispensaryToCms/Page_Dispensary Store/a_dropdown-toggle' is clicked on

2018-05-21 10:05:50 - [TEST_STEP][PASSED] - click: Object: 'Object Repository/DispensaryToCms/Page_Dispensary Store/a_Sign out' is clicked on

2018-05-21 10:05:50 - [MESSAGE][PASSED] - Object: 'Object Repository/DispensaryToCms/Page_Dispensary Store/a_Sign out' is clicked on

2018-05-21 10:05:50 - [TEST_STEP][PASSED] - delay: Delayed 3 second(s)

2018-05-21 10:05:53 - [MESSAGE][PASSED] - Delayed 3 second(s)

2018-05-21 10:05:53 - [TEST_STEP][PASSED] - navigateToUrl: Navigate to 'http://192.168.137.1/multihospital_new/' successfully

2018-05-21 10:05:54 - [MESSAGE][PASSED] - Navigate to 'http://192.168.137.1/multihospital_new/' successfully

2018-05-21 10:05:54 - [TEST_STEP][PASSED] - click: Object: 'Object Repository/DispensaryToCms/Page_KDMC/a_CMO' is clicked on

2018-05-21 10:05:55 - [MESSAGE][PASSED] - Object: 'Object Repository/DispensaryToCms/Page_KDMC/a_CMO' is clicked on

2018-05-21 10:05:55 - [TEST_STEP][PASSED] - setText: Text 'guru' is set on object 'Object Repository/DispensaryToCms/Page_CMO login/input_txtusername'

2018-05-21 10:05:55 - [MESSAGE][PASSED] - Text 'guru' is set on object 'Object Repository/DispensaryToCms/Page_CMO login/input_txtusername'

2018-05-21 10:05:55 - [TEST_STEP][PASSED] - setText: Text '123' is set on object 'Object Repository/DispensaryToCms/Page_CMO login/input_txtpassword'

2018-05-21 10:05:55 - [MESSAGE][PASSED] - Text '123' is set on object 'Object Repository/DispensaryToCms/Page_CMO login/input_txtpassword'

2018-05-21 10:05:55 - [TEST_STEP][PASSED] - delay: Delayed 3 second(s)

2018-05-21 10:05:58 - [MESSAGE][PASSED] - Delayed 3 second(s)

2018-05-21 10:05:58 - [TEST_STEP][PASSED] - click: Object: 'Object Repository/DispensaryToCms/Page_CMO login/button_Sign in' is clicked on

2018-05-21 10:05:59 - [MESSAGE][PASSED] - Object: 'Object Repository/DispensaryToCms/Page_CMO login/button_Sign in' is clicked on

2018-05-21 10:05:59 - [TEST_STEP][PASSED] - delay: Delayed 3 second(s)

2018-05-21 10:06:02 - [MESSAGE][PASSED] - Delayed 3 second(s)

2018-05-21 10:06:02 - [TEST_STEP][PASSED] - click: Object: 'Object Repository/DispensaryToCms/Page_KDMC - CMO/a_CMS Request' is clicked on

2018-05-21 10:06:02 - [MESSAGE][PASSED] - Object: 'Object Repository/DispensaryToCms/Page_KDMC - CMO/a_CMS Request' is clicked on

2018-05-21 10:06:02 - [TEST_STEP][PASSED] - delay: Delayed 2 second(s)

2018-05-21 10:06:04 - [MESSAGE][PASSED] - Delayed 2 second(s)

2018-05-21 10:06:04 - [TEST_STEP][PASSED] - click: Object: 'Object Repository/DispensaryToCms/Page_KDMC - CMO/a_Dispensary Store Request' is clicked on

2018-05-21 10:06:05 - [MESSAGE][PASSED] - Object: 'Object Repository/DispensaryToCms/Page_KDMC - CMO/a_Dispensary Store Request' is clicked on

2018-05-21 10:06:05 - [TEST_STEP][PASSED] - selectOptionByIndex: All options with index in [1] are selected on object 'Object Repository/DispensaryToCms/Page_KDMC - CMO/select_--ALL--'

2018-05-21 10:06:05 - [MESSAGE][PASSED] - All options with index in [1] are selected on object 'Object Repository/DispensaryToCms/Page_KDMC - CMO/select_--ALL--'

2018-05-21 10:06:05 - [TEST_STEP][PASSED] - click: Object: 'Object Repository/DispensaryToCms/Page_KDMC - CMO/input_btnsearch' is clicked on

2018-05-21 10:06:05 - [MESSAGE][PASSED] - Object: 'Object Repository/DispensaryToCms/Page_KDMC - CMO/input_btnsearch' is clicked on

2018-05-21 10:06:05 - [TEST_STEP][PASSED] - Statement - ID = com.kms.katalon.core.webui.keyword.WebUiBuiltInKeywords.modifyObjectProperty(com.kms.katalon.core.testobject.ObjectRepository.findTestObject(lab/Page_KDMC - CMO/input_1), "xpath", "equals", "//*[@id=" + RID + "]", true): Modify property of object successfully

2018-05-21 10:06:05 - [MESSAGE][PASSED] - Modify property of object successfully

2018-05-21 10:06:05 - [TEST_STEP][PASSED] - click: Object: 'Object Repository/lab/Page_KDMC - CMO/input_1' is clicked on

2018-05-21 10:06:06 - [MESSAGE][PASSED] - Object: 'Object Repository/lab/Page_KDMC - CMO/input_1' is clicked on

2018-05-21 10:06:06 - [TEST_STEP][PASSED] - delay: Delayed 2 second(s)

2018-05-21 10:06:08 - [MESSAGE][PASSED] - Delayed 2 second(s)

2018-05-21 10:06:08 - [TEST_STEP][PASSED] - selectOptionByIndex: All options with index in [1] are selected on object 'Object Repository/DispensaryToCms/Page_KDMC - CMO/select_--Select--'

2018-05-21 10:06:08 - [MESSAGE][PASSED] - All options with index in [1] are selected on object 'Object Repository/DispensaryToCms/Page_KDMC - CMO/select_--Select--'

2018-05-21 10:06:08 - [TEST_STEP][PASSED] - click: Object: 'Object Repository/DispensaryToCms/Page_KDMC - CMO/input_btnupdate' is clicked on

2018-05-21 10:06:08 - [MESSAGE][PASSED] - Object: 'Object Repository/DispensaryToCms/Page_KDMC - CMO/input_btnupdate' is clicked on

2018-05-21 10:06:08 - [TEST_STEP][PASSED] - delay: Delayed 2 second(s)

2018-05-21 10:06:10 - [MESSAGE][PASSED] - Delayed 2 second(s)

2018-05-21 10:06:10 - [TEST_STEP][PASSED] - click: Object: 'Object Repository/DispensaryToCms/Page_KDMC - CMO/button_OK' is clicked on

2018-05-21 10:06:11 - [MESSAGE][PASSED] - Object: 'Object Repository/DispensaryToCms/Page_KDMC - CMO/button_OK' is clicked on

2018-05-21 10:06:11 - [TEST_STEP][PASSED] - delay: Delayed 3 second(s)

2018-05-21 10:06:14 - [MESSAGE][PASSED] - Delayed 3 second(s)

2018-05-21 10:06:14 - [TEST_STEP][PASSED] - waitForElementPresent: Object 'Object Repository/DispensaryToStore/Page_Dispensary Store/a_dropdown-toggle' is not present after 20 second(s)

2018-05-21 10:06:35 - [MESSAGE][WARNING] - Object 'Object Repository/DispensaryToStore/Page_Dispensary Store/a_dropdown-toggle' is not present after 20 second(s)

2018-05-21 10:06:35 - [TEST_STEP][PASSED] - click: Object: 'Object Repository/DispensaryToCms/Page_KDMC - CMO/a_dropdown-toggle' is clicked on

2018-05-21 10:06:35 - [MESSAGE][PASSED] - Object: 'Object Repository/DispensaryToCms/Page_KDMC - CMO/a_dropdown-toggle' is clicked on

2018-05-21 10:06:35 - [TEST_STEP][PASSED] - click: Object: 'Object Repository/DispensaryToCms/Page_KDMC - CMO/a_Sign out' is clicked on

2018-05-21 10:06:36 - [MESSAGE][PASSED] - Object: 'Object Repository/DispensaryToCms/Page_KDMC - CMO/a_Sign out' is clicked on

2018-05-21 10:06:36 - [TEST_STEP][PASSED] - delay: Delayed 3 second(s)

2018-05-21 10:06:39 - [MESSAGE][PASSED] - Delayed 3 second(s)

2018-05-21 10:06:39 - [TEST_STEP][PASSED] - click: Object: 'Object Repository/DispensaryToCms/Page_KDMC/a_CMS' is clicked on

2018-05-21 10:06:39 - [MESSAGE][PASSED] - Object: 'Object Repository/DispensaryToCms/Page_KDMC/a_CMS' is clicked on

2018-05-21 10:06:39 - [TEST_STEP][PASSED] - setText: Text 'bala' is set on object 'Object Repository/DispensaryToCms/Page_CMS login/input_txtusername'

2018-05-21 10:06:39 - [MESSAGE][PASSED] - Text 'bala' is set on object 'Object Repository/DispensaryToCms/Page_CMS login/input_txtusername'

2018-05-21 10:06:39 - [TEST_STEP][PASSED] - setText: Text '123' is set on object 'Object Repository/DispensaryToCms/Page_CMS login/input_txtpassword'

2018-05-21 10:06:40 - [MESSAGE][PASSED] - Text '123' is set on object 'Object Repository/DispensaryToCms/Page_CMS login/input_txtpassword'

2018-05-21 10:06:40 - [TEST_STEP][PASSED] - delay: Delayed 3 second(s)

2018-05-21 10:06:43 - [MESSAGE][PASSED] - Delayed 3 second(s)

2018-05-21 10:06:43 - [TEST_STEP][PASSED] - click: Object: 'Object Repository/DispensaryToCms/Page_CMS login/button_Sign in' is clicked on

2018-05-21 10:06:43 - [MESSAGE][PASSED] - Object: 'Object Repository/DispensaryToCms/Page_CMS login/button_Sign in' is clicked on

2018-05-21 10:06:43 - [TEST_STEP][PASSED] - delay: Delayed 3 second(s)

2018-05-21 10:06:46 - [MESSAGE][PASSED] - Delayed 3 second(s)

2018-05-21 10:06:46 - [TEST_STEP][PASSED] - click: Object: 'Object Repository/DispensaryToCms/Page_KDMC - CMS/a_Divisional Store' is clicked on

2018-05-21 10:06:46 - [MESSAGE][PASSED] - Object: 'Object Repository/DispensaryToCms/Page_KDMC - CMS/a_Divisional Store' is clicked on

2018-05-21 10:06:46 - [TEST_STEP][PASSED] - delay: Delayed 2 second(s)

2018-05-21 10:06:48 - [MESSAGE][PASSED] - Delayed 2 second(s)

2018-05-21 10:06:48 - [TEST_STEP][PASSED] - click: Object: 'Object Repository/DispensaryToCms/Page_KDMC - CMS/a_Dispatch Items' is clicked on

2018-05-21 10:06:49 - [MESSAGE][PASSED] - Object: 'Object Repository/DispensaryToCms/Page_KDMC - CMS/a_Dispatch Items' is clicked on

2018-05-21 10:06:49 - [TEST_STEP][PASSED] - delay: Delayed 2 second(s)

2018-05-21 10:06:51 - [MESSAGE][PASSED] - Delayed 2 second(s)

2018-05-21 10:06:51 - [TEST_STEP][PASSED] - setText: Text 'PRNO/21052018/283' is set on object 'Object Repository/DispensaryToCms/Page_KDMC - CMS/input'

2018-05-21 10:06:52 - [MESSAGE][PASSED] - Text 'PRNO/21052018/283' is set on object 'Object Repository/DispensaryToCms/Page_KDMC - CMS/input'

2018-05-21 10:06:52 - [TEST_STEP][PASSED] - click: Object: 'Object Repository/DispensaryToCms/Page_KDMC - CMS/input_PRNO18052018174' is clicked on

2018-05-21 10:06:52 - [MESSAGE][PASSED] - Object: 'Object Repository/DispensaryToCms/Page_KDMC - CMS/input_PRNO18052018174' is clicked on

2018-05-21 10:06:52 - [TEST_STEP][PASSED] - Statement - out.println("Length : " + medicineslength): null

2018-05-21 10:06:52 - [TEST_STEP][PASSED] - Statement - For ([row = 0, row < medicineslength - 1, (row++)]): null

2018-05-21 10:06:52 - [TEST_STEP][PASSED] - Statement - batchlength = new com.kms.katalon.core.testobject.TestObject(): null

2018-05-21 10:06:52 - [TEST_STEP][PASSED] - Statement - batchlength = com.kms.katalon.core.webui.keyword.WebUiBuiltInKeywords.modifyObjectProperty(batchlength, "xpath", "equals", "//*[@id = "fldvendor" + row + ""]", true): Modify property of object successfully

2018-05-21 10:06:52 - [MESSAGE][PASSED] - Modify property of object successfully

2018-05-21 10:06:52 - [TEST_STEP][PASSED] - Statement - batchsize = com.kms.katalon.core.webui.keyword.WebUiBuiltInKeywords.getNumberOfTotalOption(batchlength): 6 options of object '' counted

2018-05-21 10:06:53 - [MESSAGE][PASSED] - 6 options of object '' counted

2018-05-21 10:06:53 - [TEST_STEP][PASSED] - Statement - out.println("BatchSize : " + batchsize): null

2018-05-21 10:06:53 - [TEST_STEP][PASSED] - Statement - For ([n = 1, n <= batchsize - 1, (n++)]): null

2018-05-21 10:06:53 - [TEST_STEP][PASSED] - Statement - product = new com.kms.katalon.core.testobject.TestObject(): null

2018-05-21 10:06:53 - [TEST_STEP][PASSED] - Statement - product = com.kms.katalon.core.webui.keyword.WebUiBuiltInKeywords.modifyObjectProperty(product, "xpath", "equals", "//*[@id = "fldvendor" + row + ""]", true): Modify property of object successfully

2018-05-21 10:06:53 - [MESSAGE][PASSED] - Modify property of object successfully

2018-05-21 10:06:53 - [TEST_STEP][PASSED] - selectOptionByIndex: All options with index in [1] are selected on object ''

2018-05-21 10:06:53 - [MESSAGE][PASSED] - All options with index in [1] are selected on object ''

2018-05-21 10:06:53 - [TEST_STEP][PASSED] - Statement - batch = new com.kms.katalon.core.testobject.TestObject(): null

2018-05-21 10:06:53 - [TEST_STEP][PASSED] - Statement - batch = com.kms.katalon.core.webui.keyword.WebUiBuiltInKeywords.modifyObjectProperty(batch, "xpath", "equals", "//*[@id = "txtbthqty" + row + ""]", true): Modify property of object successfully

2018-05-21 10:06:53 - [MESSAGE][PASSED] - Modify property of object successfully

2018-05-21 10:06:53 - [TEST_STEP][PASSED] - Statement - batchqty = com.kms.katalon.core.webui.keyword.WebUiBuiltInKeywords.getAttribute(batch, "value").trim(): Attribute 'value' of object '' is: '5000'

2018-05-21 10:06:53 - [MESSAGE][PASSED] - Attribute 'value' of object '' is: '5000'

2018-05-21 10:06:53 - [TEST_STEP][PASSED] - Statement - Rqty = 100: null

2018-05-21 10:06:53 - [TEST_STEP][PASSED] - delay: Delayed 2 second(s)

2018-05-21 10:06:55 - [MESSAGE][PASSED] - Delayed 2 second(s)

2018-05-21 10:06:55 - [TEST_STEP][PASSED] - Statement - out.println("BatchQty : " + batchqty): null

2018-05-21 10:06:55 - [TEST_STEP][PASSED] - Statement - out.println("RQty : " + Rqty): null

2018-05-21 10:06:55 - [TEST_STEP][PASSED] - Statement - If (java.lang.Integer.valueOf(batchqty) >= java.lang.Integer.valueOf(Rqty)): null

2018-05-21 10:06:55 - [TEST_STEP][PASSED] - Statement - Break: null

2018-05-21 10:06:55 - [TEST_STEP][PASSED] - Statement - batchlength = new com.kms.katalon.core.testobject.TestObject(): null

2018-05-21 10:06:55 - [TEST_STEP][PASSED] - Statement - batchlength = com.kms.katalon.core.webui.keyword.WebUiBuiltInKeywords.modifyObjectProperty(batchlength, "xpath", "equals", "//*[@id = "fldvendor" + row + ""]", true): Modify property of object successfully

2018-05-21 10:06:55 - [MESSAGE][PASSED] - Modify property of object successfully

2018-05-21 10:06:55 - [TEST_STEP][PASSED] - Statement - batchsize = com.kms.katalon.core.webui.keyword.WebUiBuiltInKeywords.getNumberOfTotalOption(batchlength): 6 options of object '' counted

2018-05-21 10:06:55 - [MESSAGE][PASSED] - 6 options of object '' counted

2018-05-21 10:06:55 - [TEST_STEP][PASSED] - Statement - out.println("BatchSize : " + batchsize): null

2018-05-21 10:06:55 - [TEST_STEP][PASSED] - Statement - For ([n = 1, n <= batchsize - 1, (n++)]): null

2018-05-21 10:06:55 - [TEST_STEP][PASSED] - Statement - product = new com.kms.katalon.core.testobject.TestObject(): null

2018-05-21 10:06:55 - [TEST_STEP][PASSED] - Statement - product = com.kms.katalon.core.webui.keyword.WebUiBuiltInKeywords.modifyObjectProperty(product, "xpath", "equals", "//*[@id = "fldvendor" + row + ""]", true): Modify property of object successfully

2018-05-21 10:06:55 - [MESSAGE][PASSED] - Modify property of object successfully

2018-05-21 10:06:55 - [TEST_STEP][PASSED] - selectOptionByIndex: All options with index in [1] are selected on object ''

2018-05-21 10:06:55 - [MESSAGE][PASSED] - All options with index in [1] are selected on object ''

2018-05-21 10:06:55 - [TEST_STEP][PASSED] - Statement - batch = new com.kms.katalon.core.testobject.TestObject(): null

2018-05-21 10:06:55 - [TEST_STEP][PASSED] - Statement - batch = com.kms.katalon.core.webui.keyword.WebUiBuiltInKeywords.modifyObjectProperty(batch, "xpath", "equals", "//*[@id = "txtbthqty" + row + ""]", true): Modify property of object successfully

2018-05-21 10:06:55 - [MESSAGE][PASSED] - Modify property of object successfully

2018-05-21 10:06:55 - [TEST_STEP][PASSED] - Statement - batchqty = com.kms.katalon.core.webui.keyword.WebUiBuiltInKeywords.getAttribute(batch, "value").trim(): Attribute 'value' of object '' is: '4985'

2018-05-21 10:06:55 - [MESSAGE][PASSED] - Attribute 'value' of object '' is: '4985'

2018-05-21 10:06:55 - [TEST_STEP][PASSED] - Statement - Rqty = 100: null

2018-05-21 10:06:55 - [TEST_STEP][PASSED] - delay: Delayed 2 second(s)

2018-05-21 10:06:57 - [MESSAGE][PASSED] - Delayed 2 second(s)

2018-05-21 10:06:57 - [TEST_STEP][PASSED] - Statement - out.println("BatchQty : " + batchqty): null

2018-05-21 10:06:57 - [TEST_STEP][PASSED] - Statement - out.println("RQty : " + Rqty): null

2018-05-21 10:06:57 - [TEST_STEP][PASSED] - Statement - If (java.lang.Integer.valueOf(batchqty) >= java.lang.Integer.valueOf(Rqty)): null

2018-05-21 10:06:57 - [TEST_STEP][PASSED] - Statement - Break: null

2018-05-21 10:06:57 - [TEST_STEP][PASSED] - Statement - batchlength = new com.kms.katalon.core.testobject.TestObject(): null

2018-05-21 10:06:57 - [TEST_STEP][PASSED] - Statement - batchlength = com.kms.katalon.core.webui.keyword.WebUiBuiltInKeywords.modifyObjectProperty(batchlength, "xpath", "equals", "//*[@id = "fldvendor" + row + ""]", true): Modify property of object successfully

2018-05-21 10:06:57 - [MESSAGE][PASSED] - Modify property of object successfully

2018-05-21 10:06:57 - [TEST_STEP][PASSED] - Statement - batchsize = com.kms.katalon.core.webui.keyword.WebUiBuiltInKeywords.getNumberOfTotalOption(batchlength): 6 options of object '' counted

2018-05-21 10:06:57 - [MESSAGE][PASSED] - 6 options of object '' counted

2018-05-21 10:06:57 - [TEST_STEP][PASSED] - Statement - out.println("BatchSize : " + batchsize): null

2018-05-21 10:06:57 - [TEST_STEP][PASSED] - Statement - For ([n = 1, n <= batchsize - 1, (n++)]): null

2018-05-21 10:06:57 - [TEST_STEP][PASSED] - Statement - product = new com.kms.katalon.core.testobject.TestObject(): null

2018-05-21 10:06:57 - [TEST_STEP][PASSED] - Statement - product = com.kms.katalon.core.webui.keyword.WebUiBuiltInKeywords.modifyObjectProperty(product, "xpath", "equals", "//*[@id = "fldvendor" + row + ""]", true): Modify property of object successfully

2018-05-21 10:06:57 - [MESSAGE][PASSED] - Modify property of object successfully

2018-05-21 10:06:57 - [TEST_STEP][PASSED] - selectOptionByIndex: All options with index in [1] are selected on object ''

2018-05-21 10:06:58 - [MESSAGE][PASSED] - All options with index in [1] are selected on object ''

2018-05-21 10:06:58 - [TEST_STEP][PASSED] - Statement - batch = new com.kms.katalon.core.testobject.TestObject(): null

2018-05-21 10:06:58 - [TEST_STEP][PASSED] - Statement - batch = com.kms.katalon.core.webui.keyword.WebUiBuiltInKeywords.modifyObjectProperty(batch, "xpath", "equals", "//*[@id = "txtbthqty" + row + ""]", true): Modify property of object successfully

2018-05-21 10:06:58 - [MESSAGE][PASSED] - Modify property of object successfully

2018-05-21 10:06:58 - [TEST_STEP][PASSED] - Statement - batchqty = com.kms.katalon.core.webui.keyword.WebUiBuiltInKeywords.getAttribute(batch, "value").trim(): Attribute 'value' of object '' is: '36900'

2018-05-21 10:06:58 - [MESSAGE][PASSED] - Attribute 'value' of object '' is: '36900'

2018-05-21 10:06:58 - [TEST_STEP][PASSED] - Statement - Rqty = 100: null

2018-05-21 10:06:58 - [TEST_STEP][PASSED] - delay: Delayed 2 second(s)

2018-05-21 10:07:00 - [MESSAGE][PASSED] - Delayed 2 second(s)

2018-05-21 10:07:00 - [TEST_STEP][PASSED] - Statement - out.println("BatchQty : " + batchqty): null

2018-05-21 10:07:00 - [TEST_STEP][PASSED] - Statement - out.println("RQty : " + Rqty): null

2018-05-21 10:07:00 - [TEST_STEP][PASSED] - Statement - If (java.lang.Integer.valueOf(batchqty) >= java.lang.Integer.valueOf(Rqty)): null

2018-05-21 10:07:00 - [TEST_STEP][PASSED] - Statement - Break: null

2018-05-21 10:07:00 - [TEST_STEP][PASSED] - Statement - batchlength = new com.kms.katalon.core.testobject.TestObject(): null

2018-05-21 10:07:00 - [TEST_STEP][PASSED] - Statement - batchlength = com.kms.katalon.core.webui.keyword.WebUiBuiltInKeywords.modifyObjectProperty(batchlength, "xpath", "equals", "//*[@id = "fldvendor" + row + ""]", true): Modify property of object successfully

2018-05-21 10:07:00 - [MESSAGE][PASSED] - Modify property of object successfully

2018-05-21 10:07:00 - [TEST_STEP][PASSED] - Statement - batchsize = com.kms.katalon.core.webui.keyword.WebUiBuiltInKeywords.getNumberOfTotalOption(batchlength): 6 options of object '' counted

2018-05-21 10:07:00 - [MESSAGE][PASSED] - 6 options of object '' counted

2018-05-21 10:07:00 - [TEST_STEP][PASSED] - Statement - out.println("BatchSize : " + batchsize): null

2018-05-21 10:07:00 - [TEST_STEP][PASSED] - Statement - For ([n = 1, n <= batchsize - 1, (n++)]): null

2018-05-21 10:07:00 - [TEST_STEP][PASSED] - Statement - product = new com.kms.katalon.core.testobject.TestObject(): null

2018-05-21 10:07:00 - [TEST_STEP][PASSED] - Statement - product = com.kms.katalon.core.webui.keyword.WebUiBuiltInKeywords.modifyObjectProperty(product, "xpath", "equals", "//*[@id = "fldvendor" + row + ""]", true): Modify property of object successfully

2018-05-21 10:07:00 - [MESSAGE][PASSED] - Modify property of object successfully

2018-05-21 10:07:00 - [TEST_STEP][PASSED] - selectOptionByIndex: All options with index in [1] are selected on object ''

2018-05-21 10:07:00 - [MESSAGE][PASSED] - All options with index in [1] are selected on object ''

2018-05-21 10:07:00 - [TEST_STEP][PASSED] - Statement - batch = new com.kms.katalon.core.testobject.TestObject(): null

2018-05-21 10:07:00 - [TEST_STEP][PASSED] - Statement - batch = com.kms.katalon.core.webui.keyword.WebUiBuiltInKeywords.modifyObjectProperty(batch, "xpath", "equals", "//*[@id = "txtbthqty" + row + ""]", true): Modify property of object successfully

2018-05-21 10:07:00 - [MESSAGE][PASSED] - Modify property of object successfully

2018-05-21 10:07:00 - [TEST_STEP][PASSED] - Statement - batchqty = com.kms.katalon.core.webui.keyword.WebUiBuiltInKeywords.getAttribute(batch, "value").trim(): Attribute 'value' of object '' is: '37900'

2018-05-21 10:07:00 - [MESSAGE][PASSED] - Attribute 'value' of object '' is: '37900'

2018-05-21 10:07:00 - [TEST_STEP][PASSED] - Statement - Rqty = 100: null

2018-05-21 10:07:00 - [TEST_STEP][PASSED] - delay: Delayed 2 second(s)

2018-05-21 10:07:02 - [MESSAGE][PASSED] - Delayed 2 second(s)

2018-05-21 10:07:02 - [TEST_STEP][PASSED] - Statement - out.println("BatchQty : " + batchqty): null

2018-05-21 10:07:02 - [TEST_STEP][PASSED] - Statement - out.println("RQty : " + Rqty): null

2018-05-21 10:07:02 - [TEST_STEP][PASSED] - Statement - If (java.lang.Integer.valueOf(batchqty) >= java.lang.Integer.valueOf(Rqty)): null

2018-05-21 10:07:02 - [TEST_STEP][PASSED] - Statement - Break: null

2018-05-21 10:07:02 - [TEST_STEP][PASSED] - Statement - batchlength = new com.kms.katalon.core.testobject.TestObject(): null

2018-05-21 10:07:02 - [TEST_STEP][PASSED] - Statement - batchlength = com.kms.katalon.core.webui.keyword.WebUiBuiltInKeywords.modifyObjectProperty(batchlength, "xpath", "equals", "//*[@id = "fldvendor" + row + ""]", true): Modify property of object successfully

2018-05-21 10:07:02 - [MESSAGE][PASSED] - Modify property of object successfully

2018-05-21 10:07:02 - [TEST_STEP][PASSED] - Statement - batchsize = com.kms.katalon.core.webui.keyword.WebUiBuiltInKeywords.getNumberOfTotalOption(batchlength): 6 options of object '' counted

2018-05-21 10:07:02 - [MESSAGE][PASSED] - 6 options of object '' counted

2018-05-21 10:07:02 - [TEST_STEP][PASSED] - Statement - out.println("BatchSize : " + batchsize): null

2018-05-21 10:07:02 - [TEST_STEP][PASSED] - Statement - For ([n = 1, n <= batchsize - 1, (n++)]): null

2018-05-21 10:07:02 - [TEST_STEP][PASSED] - Statement - product = new com.kms.katalon.core.testobject.TestObject(): null

2018-05-21 10:07:02 - [TEST_STEP][PASSED] - Statement - product = com.kms.katalon.core.webui.keyword.WebUiBuiltInKeywords.modifyObjectProperty(product, "xpath", "equals", "//*[@id = "fldvendor" + row + ""]", true): Modify property of object successfully

2018-05-21 10:07:02 - [MESSAGE][PASSED] - Modify property of object successfully

2018-05-21 10:07:02 - [TEST_STEP][PASSED] - selectOptionByIndex: All options with index in [1] are selected on object ''

2018-05-21 10:07:02 - [MESSAGE][PASSED] - All options with index in [1] are selected on object ''

2018-05-21 10:07:02 - [TEST_STEP][PASSED] - Statement - batch = new com.kms.katalon.core.testobject.TestObject(): null

2018-05-21 10:07:02 - [TEST_STEP][PASSED] - Statement - batch = com.kms.katalon.core.webui.keyword.WebUiBuiltInKeywords.modifyObjectProperty(batch, "xpath", "equals", "//*[@id = "txtbthqty" + row + ""]", true): Modify property of object successfully

2018-05-21 10:07:02 - [MESSAGE][PASSED] - Modify property of object successfully

2018-05-21 10:07:02 - [TEST_STEP][PASSED] - Statement - batchqty = com.kms.katalon.core.webui.keyword.WebUiBuiltInKeywords.getAttribute(batch, "value").trim(): Attribute 'value' of object '' is: '38900'

2018-05-21 10:07:02 - [MESSAGE][PASSED] - Attribute 'value' of object '' is: '38900'

2018-05-21 10:07:02 - [TEST_STEP][PASSED] - Statement - Rqty = 100: null

2018-05-21 10:07:02 - [TEST_STEP][PASSED] - delay: Delayed 2 second(s)

2018-05-21 10:07:04 - [MESSAGE][PASSED] - Delayed 2 second(s)

2018-05-21 10:07:04 - [TEST_STEP][PASSED] - Statement - out.println("BatchQty : " + batchqty): null

2018-05-21 10:07:04 - [TEST_STEP][PASSED] - Statement - out.println("RQty : " + Rqty): null

2018-05-21 10:07:04 - [TEST_STEP][PASSED] - Statement - If (java.lang.Integer.valueOf(batchqty) >= java.lang.Integer.valueOf(Rqty)): null

2018-05-21 10:07:04 - [TEST_STEP][PASSED] - Statement - Break: null

2018-05-21 10:07:04 - [TEST_STEP][PASSED] - Statement - batchlength = new com.kms.katalon.core.testobject.TestObject(): null

2018-05-21 10:07:04 - [TEST_STEP][PASSED] - Statement - batchlength = com.kms.katalon.core.webui.keyword.WebUiBuiltInKeywords.modifyObjectProperty(batchlength, "xpath", "equals", "//*[@id = "fldvendor" + row + ""]", true): Modify property of object successfully

2018-05-21 10:07:04 - [MESSAGE][PASSED] - Modify property of object successfully

2018-05-21 10:07:04 - [TEST_STEP][PASSED] - Statement - batchsize = com.kms.katalon.core.webui.keyword.WebUiBuiltInKeywords.getNumberOfTotalOption(batchlength): 6 options of object '' counted

2018-05-21 10:07:04 - [MESSAGE][PASSED] - 6 options of object '' counted

2018-05-21 10:07:04 - [TEST_STEP][PASSED] - Statement - out.println("BatchSize : " + batchsize): null

2018-05-21 10:07:04 - [TEST_STEP][PASSED] - Statement - For ([n = 1, n <= batchsize - 1, (n++)]): null

2018-05-21 10:07:04 - [TEST_STEP][PASSED] - Statement - product = new com.kms.katalon.core.testobject.TestObject(): null

2018-05-21 10:07:04 - [TEST_STEP][PASSED] - Statement - product = com.kms.katalon.core.webui.keyword.WebUiBuiltInKeywords.modifyObjectProperty(product, "xpath", "equals", "//*[@id = "fldvendor" + row + ""]", true): Modify property of object successfully

2018-05-21 10:07:04 - [MESSAGE][PASSED] - Modify property of object successfully

2018-05-21 10:07:04 - [TEST_STEP][PASSED] - selectOptionByIndex: All options with index in [1] are selected on object ''

2018-05-21 10:07:04 - [MESSAGE][PASSED] - All options with index in [1] are selected on object ''

2018-05-21 10:07:04 - [TEST_STEP][PASSED] - Statement - batch = new com.kms.katalon.core.testobject.TestObject(): null

2018-05-21 10:07:04 - [TEST_STEP][PASSED] - Statement - batch = com.kms.katalon.core.webui.keyword.WebUiBuiltInKeywords.modifyObjectProperty(batch, "xpath", "equals", "//*[@id = "txtbthqty" + row + ""]", true): Modify property of object successfully

2018-05-21 10:07:04 - [MESSAGE][PASSED] - Modify property of object successfully

2018-05-21 10:07:04 - [TEST_STEP][PASSED] - Statement - batchqty = com.kms.katalon.core.webui.keyword.WebUiBuiltInKeywords.getAttribute(batch, "value").trim(): Attribute 'value' of object '' is: '5000'

2018-05-21 10:07:04 - [MESSAGE][PASSED] - Attribute 'value' of object '' is: '5000'

2018-05-21 10:07:04 - [TEST_STEP][PASSED] - Statement - Rqty = 100: null

2018-05-21 10:07:04 - [TEST_STEP][PASSED] - delay: Delayed 2 second(s)

2018-05-21 10:07:06 - [MESSAGE][PASSED] - Delayed 2 second(s)

2018-05-21 10:07:06 - [TEST_STEP][PASSED] - Statement - out.println("BatchQty : " + batchqty): null

2018-05-21 10:07:06 - [TEST_STEP][PASSED] - Statement - out.println("RQty : " + Rqty): null

2018-05-21 10:07:06 - [TEST_STEP][PASSED] - Statement - If (java.lang.Integer.valueOf(batchqty) >= java.lang.Integer.valueOf(Rqty)): null

2018-05-21 10:07:06 - [TEST_STEP][PASSED] - Statement - Break: null

2018-05-21 10:07:06 - [TEST_STEP][PASSED] - Statement - batchlength = new com.kms.katalon.core.testobject.TestObject(): null

2018-05-21 10:07:06 - [TEST_STEP][PASSED] - Statement - batchlength = com.kms.katalon.core.webui.keyword.WebUiBuiltInKeywords.modifyObjectProperty(batchlength, "xpath", "equals", "//*[@id = "fldvendor" + row + ""]", true): Modify property of object successfully

2018-05-21 10:07:06 - [MESSAGE][PASSED] - Modify property of object successfully

2018-05-21 10:07:06 - [TEST_STEP][PASSED] - Statement - batchsize = com.kms.katalon.core.webui.keyword.WebUiBuiltInKeywords.getNumberOfTotalOption(batchlength): 6 options of object '' counted

2018-05-21 10:07:06 - [MESSAGE][PASSED] - 6 options of object '' counted

2018-05-21 10:07:06 - [TEST_STEP][PASSED] - Statement - out.println("BatchSize : " + batchsize): null

2018-05-21 10:07:06 - [TEST_STEP][PASSED] - Statement - For ([n = 1, n <= batchsize - 1, (n++)]): null

2018-05-21 10:07:06 - [TEST_STEP][PASSED] - Statement - product = new com.kms.katalon.core.testobject.TestObject(): null

2018-05-21 10:07:06 - [TEST_STEP][PASSED] - Statement - product = com.kms.katalon.core.webui.keyword.WebUiBuiltInKeywords.modifyObjectProperty(product, "xpath", "equals", "//*[@id = "fldvendor" + row + ""]", true): Modify property of object successfully

2018-05-21 10:07:06 - [MESSAGE][PASSED] - Modify property of object successfully

2018-05-21 10:07:06 - [TEST_STEP][PASSED] - selectOptionByIndex: All options with index in [1] are selected on object ''

2018-05-21 10:07:07 - [MESSAGE][PASSED] - All options with index in [1] are selected on object ''

2018-05-21 10:07:07 - [TEST_STEP][PASSED] - Statement - batch = new com.kms.katalon.core.testobject.TestObject(): null

2018-05-21 10:07:07 - [TEST_STEP][PASSED] - Statement - batch = com.kms.katalon.core.webui.keyword.WebUiBuiltInKeywords.modifyObjectProperty(batch, "xpath", "equals", "//*[@id = "txtbthqty" + row + ""]", true): Modify property of object successfully

2018-05-21 10:07:07 - [MESSAGE][PASSED] - Modify property of object successfully

2018-05-21 10:07:07 - [TEST_STEP][PASSED] - Statement - batchqty = com.kms.katalon.core.webui.keyword.WebUiBuiltInKeywords.getAttribute(batch, "value").trim(): Attribute 'value' of object '' is: '4000'

2018-05-21 10:07:07 - [MESSAGE][PASSED] - Attribute 'value' of object '' is: '4000'

2018-05-21 10:07:07 - [TEST_STEP][PASSED] - Statement - Rqty = 100: null

2018-05-21 10:07:07 - [TEST_STEP][PASSED] - delay: Delayed 2 second(s)

2018-05-21 10:07:09 - [MESSAGE][PASSED] - Delayed 2 second(s)

2018-05-21 10:07:09 - [TEST_STEP][PASSED] - Statement - out.println("BatchQty : " + batchqty): null

2018-05-21 10:07:09 - [TEST_STEP][PASSED] - Statement - out.println("RQty : " + Rqty): null

2018-05-21 10:07:09 - [TEST_STEP][PASSED] - Statement - If (java.lang.Integer.valueOf(batchqty) >= java.lang.Integer.valueOf(Rqty)): null

2018-05-21 10:07:09 - [TEST_STEP][PASSED] - Statement - Break: null

2018-05-21 10:07:09 - [TEST_STEP][PASSED] - Statement - batchlength = new com.kms.katalon.core.testobject.TestObject(): null

2018-05-21 10:07:09 - [TEST_STEP][PASSED] - Statement - batchlength = com.kms.katalon.core.webui.keyword.WebUiBuiltInKeywords.modifyObjectProperty(batchlength, "xpath", "equals", "//*[@id = "fldvendor" + row + ""]", true): Modify property of object successfully

2018-05-21 10:07:09 - [MESSAGE][PASSED] - Modify property of object successfully

2018-05-21 10:07:09 - [TEST_STEP][PASSED] - Statement - batchsize = com.kms.katalon.core.webui.keyword.WebUiBuiltInKeywords.getNumberOfTotalOption(batchlength): 6 options of object '' counted

2018-05-21 10:07:09 - [MESSAGE][PASSED] - 6 options of object '' counted

2018-05-21 10:07:09 - [TEST_STEP][PASSED] - Statement - out.println("BatchSize : " + batchsize): null

2018-05-21 10:07:09 - [TEST_STEP][PASSED] - Statement - For ([n = 1, n <= batchsize - 1, (n++)]): null

2018-05-21 10:07:09 - [TEST_STEP][PASSED] - Statement - product = new com.kms.katalon.core.testobject.TestObject(): null

2018-05-21 10:07:09 - [TEST_STEP][PASSED] - Statement - product = com.kms.katalon.core.webui.keyword.WebUiBuiltInKeywords.modifyObjectProperty(product, "xpath", "equals", "//*[@id = "fldvendor" + row + ""]", true): Modify property of object successfully

2018-05-21 10:07:09 - [MESSAGE][PASSED] - Modify property of object successfully

2018-05-21 10:07:09 - [TEST_STEP][PASSED] - selectOptionByIndex: All options with index in [1] are selected on object ''

2018-05-21 10:07:09 - [MESSAGE][PASSED] - All options with index in [1] are selected on object ''

2018-05-21 10:07:09 - [TEST_STEP][PASSED] - Statement - batch = new com.kms.katalon.core.testobject.TestObject(): null

2018-05-21 10:07:09 - [TEST_STEP][PASSED] - Statement - batch = com.kms.katalon.core.webui.keyword.WebUiBuiltInKeywords.modifyObjectProperty(batch, "xpath", "equals", "//*[@id = "txtbthqty" + row + ""]", true): Modify property of object successfully

2018-05-21 10:07:09 - [MESSAGE][PASSED] - Modify property of object successfully

2018-05-21 10:07:09 - [TEST_STEP][PASSED] - Statement - batchqty = com.kms.katalon.core.webui.keyword.WebUiBuiltInKeywords.getAttribute(batch, "value").trim(): Attribute 'value' of object '' is: '38900'

2018-05-21 10:07:09 - [MESSAGE][PASSED] - Attribute 'value' of object '' is: '38900'

2018-05-21 10:07:09 - [TEST_STEP][PASSED] - Statement - Rqty = 100: null

2018-05-21 10:07:09 - [TEST_STEP][PASSED] - delay: Delayed 2 second(s)

2018-05-21 10:07:11 - [MESSAGE][PASSED] - Delayed 2 second(s)

2018-05-21 10:07:11 - [TEST_STEP][PASSED] - Statement - out.println("BatchQty : " + batchqty): null

2018-05-21 10:07:11 - [TEST_STEP][PASSED] - Statement - out.println("RQty : " + Rqty): null

2018-05-21 10:07:11 - [TEST_STEP][PASSED] - Statement - If (java.lang.Integer.valueOf(batchqty) >= java.lang.Integer.valueOf(Rqty)): null

2018-05-21 10:07:11 - [TEST_STEP][PASSED] - Statement - Break: null

2018-05-21 10:07:11 - [TEST_STEP][PASSED] - Statement - batchlength = new com.kms.katalon.core.testobject.TestObject(): null

2018-05-21 10:07:11 - [TEST_STEP][PASSED] - Statement - batchlength = com.kms.katalon.core.webui.keyword.WebUiBuiltInKeywords.modifyObjectProperty(batchlength, "xpath", "equals", "//*[@id = "fldvendor" + row + ""]", true): Modify property of object successfully

2018-05-21 10:07:11 - [MESSAGE][PASSED] - Modify property of object successfully

2018-05-21 10:07:11 - [TEST_STEP][PASSED] - Statement - batchsize = com.kms.katalon.core.webui.keyword.WebUiBuiltInKeywords.getNumberOfTotalOption(batchlength): 6 options of object '' counted

2018-05-21 10:07:11 - [MESSAGE][PASSED] - 6 options of object '' counted

2018-05-21 10:07:11 - [TEST_STEP][PASSED] - Statement - out.println("BatchSize : " + batchsize): null

2018-05-21 10:07:11 - [TEST_STEP][PASSED] - Statement - For ([n = 1, n <= batchsize - 1, (n++)]): null

2018-05-21 10:07:11 - [TEST_STEP][PASSED] - Statement - product = new com.kms.katalon.core.testobject.TestObject(): null

2018-05-21 10:07:11 - [TEST_STEP][PASSED] - Statement - product = com.kms.katalon.core.webui.keyword.WebUiBuiltInKeywords.modifyObjectProperty(product, "xpath", "equals", "//*[@id = "fldvendor" + row + ""]", true): Modify property of object successfully

2018-05-21 10:07:11 - [MESSAGE][PASSED] - Modify property of object successfully

2018-05-21 10:07:11 - [TEST_STEP][PASSED] - selectOptionByIndex: All options with index in [1] are selected on object ''

2018-05-21 10:07:11 - [MESSAGE][PASSED] - All options with index in [1] are selected on object ''

2018-05-21 10:07:11 - [TEST_STEP][PASSED] - Statement - batch = new com.kms.katalon.core.testobject.TestObject(): null

2018-05-21 10:07:11 - [TEST_STEP][PASSED] - Statement - batch = com.kms.katalon.core.webui.keyword.WebUiBuiltInKeywords.modifyObjectProperty(batch, "xpath", "equals", "//*[@id = "txtbthqty" + row + ""]", true): Modify property of object successfully

2018-05-21 10:07:11 - [MESSAGE][PASSED] - Modify property of object successfully

2018-05-21 10:07:11 - [TEST_STEP][PASSED] - Statement - batchqty = com.kms.katalon.core.webui.keyword.WebUiBuiltInKeywords.getAttribute(batch, "value").trim(): Attribute 'value' of object '' is: '5000'

2018-05-21 10:07:11 - [MESSAGE][PASSED] - Attribute 'value' of object '' is: '5000'

2018-05-21 10:07:11 - [TEST_STEP][PASSED] - Statement - Rqty = 100: null

2018-05-21 10:07:11 - [TEST_STEP][PASSED] - delay: Delayed 2 second(s)

2018-05-21 10:07:13 - [MESSAGE][PASSED] - Delayed 2 second(s)

2018-05-21 10:07:13 - [TEST_STEP][PASSED] - Statement - out.println("BatchQty : " + batchqty): null

2018-05-21 10:07:13 - [TEST_STEP][PASSED] - Statement - out.println("RQty : " + Rqty): null

2018-05-21 10:07:13 - [TEST_STEP][PASSED] - Statement - If (java.lang.Integer.valueOf(batchqty) >= java.lang.Integer.valueOf(Rqty)): null

2018-05-21 10:07:13 - [TEST_STEP][PASSED] - Statement - Break: null

2018-05-21 10:07:13 - [TEST_STEP][PASSED] - Statement - batchlength = new com.kms.katalon.core.testobject.TestObject(): null

2018-05-21 10:07:13 - [TEST_STEP][PASSED] - Statement - batchlength = com.kms.katalon.core.webui.keyword.WebUiBuiltInKeywords.modifyObjectProperty(batchlength, "xpath", "equals", "//*[@id = "fldvendor" + row + ""]", true): Modify property of object successfully

2018-05-21 10:07:13 - [MESSAGE][PASSED] - Modify property of object successfully

2018-05-21 10:07:13 - [TEST_STEP][PASSED] - Statement - batchsize = com.kms.katalon.core.webui.keyword.WebUiBuiltInKeywords.getNumberOfTotalOption(batchlength): 6 options of object '' counted

2018-05-21 10:07:13 - [MESSAGE][PASSED] - 6 options of object '' counted

2018-05-21 10:07:13 - [TEST_STEP][PASSED] - Statement - out.println("BatchSize : " + batchsize): null

2018-05-21 10:07:13 - [TEST_STEP][PASSED] - Statement - For ([n = 1, n <= batchsize - 1, (n++)]): null

2018-05-21 10:07:13 - [TEST_STEP][PASSED] - Statement - product = new com.kms.katalon.core.testobject.TestObject(): null

2018-05-21 10:07:13 - [TEST_STEP][PASSED] - Statement - product = com.kms.katalon.core.webui.keyword.WebUiBuiltInKeywords.modifyObjectProperty(product, "xpath", "equals", "//*[@id = "fldvendor" + row + ""]", true): Modify property of object successfully

2018-05-21 10:07:13 - [MESSAGE][PASSED] - Modify property of object successfully

2018-05-21 10:07:13 - [TEST_STEP][PASSED] - selectOptionByIndex: All options with index in [1] are selected on object ''

2018-05-21 10:07:13 - [MESSAGE][PASSED] - All options with index in [1] are selected on object ''

2018-05-21 10:07:13 - [TEST_STEP][PASSED] - Statement - batch = new com.kms.katalon.core.testobject.TestObject(): null

2018-05-21 10:07:13 - [TEST_STEP][PASSED] - Statement - batch = com.kms.katalon.core.webui.keyword.WebUiBuiltInKeywords.modifyObjectProperty(batch, "xpath", "equals", "//*[@id = "txtbthqty" + row + ""]", true): Modify property of object successfully

2018-05-21 10:07:13 - [MESSAGE][PASSED] - Modify property of object successfully

2018-05-21 10:07:13 - [TEST_STEP][PASSED] - Statement - batchqty = com.kms.katalon.core.webui.keyword.WebUiBuiltInKeywords.getAttribute(batch, "value").trim(): Attribute 'value' of object '' is: '38900'

2018-05-21 10:07:13 - [MESSAGE][PASSED] - Attribute 'value' of object '' is: '38900'

2018-05-21 10:07:13 - [TEST_STEP][PASSED] - Statement - Rqty = 100: null

2018-05-21 10:07:13 - [TEST_STEP][PASSED] - delay: Delayed 2 second(s)

2018-05-21 10:07:15 - [MESSAGE][PASSED] - Delayed 2 second(s)

2018-05-21 10:07:15 - [TEST_STEP][PASSED] - Statement - out.println("BatchQty : " + batchqty): null

2018-05-21 10:07:15 - [TEST_STEP][PASSED] - Statement - out.println("RQty : " + Rqty): null

2018-05-21 10:07:15 - [TEST_STEP][PASSED] - Statement - If (java.lang.Integer.valueOf(batchqty) >= java.lang.Integer.valueOf(Rqty)): null

2018-05-21 10:07:15 - [TEST_STEP][PASSED] - Statement - Break: null

2018-05-21 10:07:15 - [TEST_STEP][PASSED] - Statement - batchlength = new com.kms.katalon.core.testobject.TestObject(): null

2018-05-21 10:07:15 - [TEST_STEP][PASSED] - Statement - batchlength = com.kms.katalon.core.webui.keyword.WebUiBuiltInKeywords.modifyObjectProperty(batchlength, "xpath", "equals", "//*[@id = "fldvendor" + row + ""]", true): Modify property of object successfully

2018-05-21 10:07:16 - [MESSAGE][PASSED] - Modify property of object successfully

2018-05-21 10:07:16 - [TEST_STEP][PASSED] - Statement - batchsize = com.kms.katalon.core.webui.keyword.WebUiBuiltInKeywords.getNumberOfTotalOption(batchlength): 6 options of object '' counted

2018-05-21 10:07:16 - [MESSAGE][PASSED] - 6 options of object '' counted

2018-05-21 10:07:16 - [TEST_STEP][PASSED] - Statement - out.println("BatchSize : " + batchsize): null

2018-05-21 10:07:16 - [TEST_STEP][PASSED] - Statement - For ([n = 1, n <= batchsize - 1, (n++)]): null

2018-05-21 10:07:16 - [TEST_STEP][PASSED] - Statement - product = new com.kms.katalon.core.testobject.TestObject(): null

2018-05-21 10:07:16 - [TEST_STEP][PASSED] - Statement - product = com.kms.katalon.core.webui.keyword.WebUiBuiltInKeywords.modifyObjectProperty(product, "xpath", "equals", "//*[@id = "fldvendor" + row + ""]", true): Modify property of object successfully

2018-05-21 10:07:16 - [MESSAGE][PASSED] - Modify property of object successfully

2018-05-21 10:07:16 - [TEST_STEP][PASSED] - selectOptionByIndex: All options with index in [1] are selected on object ''

2018-05-21 10:07:16 - [MESSAGE][PASSED] - All options with index in [1] are selected on object ''

2018-05-21 10:07:16 - [TEST_STEP][PASSED] - Statement - batch = new com.kms.katalon.core.testobject.TestObject(): null

2018-05-21 10:07:16 - [TEST_STEP][PASSED] - Statement - batch = com.kms.katalon.core.webui.keyword.WebUiBuiltInKeywords.modifyObjectProperty(batch, "xpath", "equals", "//*[@id = "txtbthqty" + row + ""]", true): Modify property of object successfully

2018-05-21 10:07:16 - [MESSAGE][PASSED] - Modify property of object successfully

2018-05-21 10:07:16 - [TEST_STEP][PASSED] - Statement - batchqty = com.kms.katalon.core.webui.keyword.WebUiBuiltInKeywords.getAttribute(batch, "value").trim(): Attribute 'value' of object '' is: '5000'

2018-05-21 10:07:16 - [MESSAGE][PASSED] - Attribute 'value' of object '' is: '5000'

2018-05-21 10:07:16 - [TEST_STEP][PASSED] - Statement - Rqty = 100: null

2018-05-21 10:07:16 - [TEST_STEP][PASSED] - delay: Delayed 2 second(s)

2018-05-21 10:07:18 - [MESSAGE][PASSED] - Delayed 2 second(s)

2018-05-21 10:07:18 - [TEST_STEP][PASSED] - Statement - out.println("BatchQty : " + batchqty): null

2018-05-21 10:07:18 - [TEST_STEP][PASSED] - Statement - out.println("RQty : " + Rqty): null

2018-05-21 10:07:18 - [TEST_STEP][PASSED] - Statement - If (java.lang.Integer.valueOf(batchqty) >= java.lang.Integer.valueOf(Rqty)): null

2018-05-21 10:07:18 - [TEST_STEP][PASSED] - Statement - Break: null

2018-05-21 10:07:18 - [TEST_STEP][PASSED] - Statement - batchlength = new com.kms.katalon.core.testobject.TestObject(): null

2018-05-21 10:07:18 - [TEST_STEP][PASSED] - Statement - batchlength = com.kms.katalon.core.webui.keyword.WebUiBuiltInKeywords.modifyObjectProperty(batchlength, "xpath", "equals", "//*[@id = "fldvendor" + row + ""]", true): Modify property of object successfully

2018-05-21 10:07:18 - [MESSAGE][PASSED] - Modify property of object successfully

2018-05-21 10:07:18 - [TEST_STEP][PASSED] - Statement - batchsize = com.kms.katalon.core.webui.keyword.WebUiBuiltInKeywords.getNumberOfTotalOption(batchlength): 6 options of object '' counted

2018-05-21 10:07:18 - [MESSAGE][PASSED] - 6 options of object '' counted

2018-05-21 10:07:18 - [TEST_STEP][PASSED] - Statement - out.println("BatchSize : " + batchsize): null

2018-05-21 10:07:18 - [TEST_STEP][PASSED] - Statement - For ([n = 1, n <= batchsize - 1, (n++)]): null

2018-05-21 10:07:18 - [TEST_STEP][PASSED] - Statement - product = new com.kms.katalon.core.testobject.TestObject(): null

2018-05-21 10:07:18 - [TEST_STEP][PASSED] - Statement - product = com.kms.katalon.core.webui.keyword.WebUiBuiltInKeywords.modifyObjectProperty(product, "xpath", "equals", "//*[@id = "fldvendor" + row + ""]", true): Modify property of object successfully

2018-05-21 10:07:18 - [MESSAGE][PASSED] - Modify property of object successfully

2018-05-21 10:07:18 - [TEST_STEP][PASSED] - selectOptionByIndex: All options with index in [1] are selected on object ''

2018-05-21 10:07:18 - [MESSAGE][PASSED] - All options with index in [1] are selected on object ''

2018-05-21 10:07:18 - [TEST_STEP][PASSED] - Statement - batch = new com.kms.katalon.core.testobject.TestObject(): null

2018-05-21 10:07:18 - [TEST_STEP][PASSED] - Statement - batch = com.kms.katalon.core.webui.keyword.WebUiBuiltInKeywords.modifyObjectProperty(batch, "xpath", "equals", "//*[@id = "txtbthqty" + row + ""]", true): Modify property of object successfully

2018-05-21 10:07:18 - [MESSAGE][PASSED] - Modify property of object successfully

2018-05-21 10:07:18 - [TEST_STEP][PASSED] - Statement - batchqty = com.kms.katalon.core.webui.keyword.WebUiBuiltInKeywords.getAttribute(batch, "value").trim(): Attribute 'value' of object '' is: '38900'

2018-05-21 10:07:18 - [MESSAGE][PASSED] - Attribute 'value' of object '' is: '38900'

2018-05-21 10:07:18 - [TEST_STEP][PASSED] - Statement - Rqty = 100: null

2018-05-21 10:07:18 - [TEST_STEP][PASSED] - delay: Delayed 2 second(s)

2018-05-21 10:07:20 - [MESSAGE][PASSED] - Delayed 2 second(s)

2018-05-21 10:07:20 - [TEST_STEP][PASSED] - Statement - out.println("BatchQty : " + batchqty): null

2018-05-21 10:07:20 - [TEST_STEP][PASSED] - Statement - out.println("RQty : " + Rqty): null

2018-05-21 10:07:20 - [TEST_STEP][PASSED] - Statement - If (java.lang.Integer.valueOf(batchqty) >= java.lang.Integer.valueOf(Rqty)): null

2018-05-21 10:07:20 - [TEST_STEP][PASSED] - Statement - Break: null

2018-05-21 10:07:20 - [TEST_STEP][PASSED] - Statement - batchlength = new com.kms.katalon.core.testobject.TestObject(): null

2018-05-21 10:07:20 - [TEST_STEP][PASSED] - Statement - batchlength = com.kms.katalon.core.webui.keyword.WebUiBuiltInKeywords.modifyObjectProperty(batchlength, "xpath", "equals", "//*[@id = "fldvendor" + row + ""]", true): Modify property of object successfully

2018-05-21 10:07:20 - [MESSAGE][PASSED] - Modify property of object successfully

2018-05-21 10:07:20 - [TEST_STEP][PASSED] - Statement - batchsize = com.kms.katalon.core.webui.keyword.WebUiBuiltInKeywords.getNumberOfTotalOption(batchlength): 6 options of object '' counted

2018-05-21 10:07:20 - [MESSAGE][PASSED] - 6 options of object '' counted

2018-05-21 10:07:20 - [TEST_STEP][PASSED] - Statement - out.println("BatchSize : " + batchsize): null

2018-05-21 10:07:20 - [TEST_STEP][PASSED] - Statement - For ([n = 1, n <= batchsize - 1, (n++)]): null

2018-05-21 10:07:20 - [TEST_STEP][PASSED] - Statement - product = new com.kms.katalon.core.testobject.TestObject(): null

2018-05-21 10:07:20 - [TEST_STEP][PASSED] - Statement - product = com.kms.katalon.core.webui.keyword.WebUiBuiltInKeywords.modifyObjectProperty(product, "xpath", "equals", "//*[@id = "fldvendor" + row + ""]", true): Modify property of object successfully

2018-05-21 10:07:20 - [MESSAGE][PASSED] - Modify property of object successfully

2018-05-21 10:07:20 - [TEST_STEP][PASSED] - selectOptionByIndex: All options with index in [1] are selected on object ''

2018-05-21 10:07:20 - [MESSAGE][PASSED] - All options with index in [1] are selected on object ''

2018-05-21 10:07:20 - [TEST_STEP][PASSED] - Statement - batch = new com.kms.katalon.core.testobject.TestObject(): null

2018-05-21 10:07:20 - [TEST_STEP][PASSED] - Statement - batch = com.kms.katalon.core.webui.keyword.WebUiBuiltInKeywords.modifyObjectProperty(batch, "xpath", "equals", "//*[@id = "txtbthqty" + row + ""]", true): Modify property of object successfully

2018-05-21 10:07:20 - [MESSAGE][PASSED] - Modify property of object successfully

2018-05-21 10:07:20 - [TEST_STEP][PASSED] - Statement - batchqty = com.kms.katalon.core.webui.keyword.WebUiBuiltInKeywords.getAttribute(batch, "value").trim(): Attribute 'value' of object '' is: '5000'

2018-05-21 10:07:20 - [MESSAGE][PASSED] - Attribute 'value' of object '' is: '5000'

2018-05-21 10:07:20 - [TEST_STEP][PASSED] - Statement - Rqty = 100: null

2018-05-21 10:07:20 - [TEST_STEP][PASSED] - delay: Delayed 2 second(s)

2018-05-21 10:07:22 - [MESSAGE][PASSED] - Delayed 2 second(s)

2018-05-21 10:07:22 - [TEST_STEP][PASSED] - Statement - out.println("BatchQty : " + batchqty): null

2018-05-21 10:07:22 - [TEST_STEP][PASSED] - Statement - out.println("RQty : " + Rqty): null

2018-05-21 10:07:22 - [TEST_STEP][PASSED] - Statement - If (java.lang.Integer.valueOf(batchqty) >= java.lang.Integer.valueOf(Rqty)): null

2018-05-21 10:07:22 - [TEST_STEP][PASSED] - Statement - Break: null

2018-05-21 10:07:22 - [TEST_STEP][PASSED] - Statement - batchlength = new com.kms.katalon.core.testobject.TestObject(): null

2018-05-21 10:07:22 - [TEST_STEP][PASSED] - Statement - batchlength = com.kms.katalon.core.webui.keyword.WebUiBuiltInKeywords.modifyObjectProperty(batchlength, "xpath", "equals", "//*[@id = "fldvendor" + row + ""]", true): Modify property of object successfully

2018-05-21 10:07:22 - [MESSAGE][PASSED] - Modify property of object successfully

2018-05-21 10:07:22 - [TEST_STEP][PASSED] - Statement - batchsize = com.kms.katalon.core.webui.keyword.WebUiBuiltInKeywords.getNumberOfTotalOption(batchlength): 6 options of object '' counted

2018-05-21 10:07:22 - [MESSAGE][PASSED] - 6 options of object '' counted

2018-05-21 10:07:22 - [TEST_STEP][PASSED] - Statement - out.println("BatchSize : " + batchsize): null

2018-05-21 10:07:22 - [TEST_STEP][PASSED] - Statement - For ([n = 1, n <= batchsize - 1, (n++)]): null

2018-05-21 10:07:22 - [TEST_STEP][PASSED] - Statement - product = new com.kms.katalon.core.testobject.TestObject(): null

2018-05-21 10:07:22 - [TEST_STEP][PASSED] - Statement - product = com.kms.katalon.core.webui.keyword.WebUiBuiltInKeywords.modifyObjectProperty(product, "xpath", "equals", "//*[@id = "fldvendor" + row + ""]", true): Modify property of object successfully

2018-05-21 10:07:22 - [MESSAGE][PASSED] - Modify property of object successfully

2018-05-21 10:07:22 - [TEST_STEP][PASSED] - selectOptionByIndex: All options with index in [1] are selected on object ''

2018-05-21 10:07:23 - [MESSAGE][PASSED] - All options with index in [1] are selected on object ''

2018-05-21 10:07:23 - [TEST_STEP][PASSED] - Statement - batch = new com.kms.katalon.core.testobject.TestObject(): null

2018-05-21 10:07:23 - [TEST_STEP][PASSED] - Statement - batch = com.kms.katalon.core.webui.keyword.WebUiBuiltInKeywords.modifyObjectProperty(batch, "xpath", "equals", "//*[@id = "txtbthqty" + row + ""]", true): Modify property of object successfully

2018-05-21 10:07:23 - [MESSAGE][PASSED] - Modify property of object successfully

2018-05-21 10:07:23 - [TEST_STEP][PASSED] - Statement - batchqty = com.kms.katalon.core.webui.keyword.WebUiBuiltInKeywords.getAttribute(batch, "value").trim(): Attribute 'value' of object '' is: '4000'

2018-05-21 10:07:23 - [MESSAGE][PASSED] - Attribute 'value' of object '' is: '4000'

2018-05-21 10:07:23 - [TEST_STEP][PASSED] - Statement - Rqty = 100: null

2018-05-21 10:07:23 - [TEST_STEP][PASSED] - delay: Delayed 2 second(s)

2018-05-21 10:07:25 - [MESSAGE][PASSED] - Delayed 2 second(s)

2018-05-21 10:07:25 - [TEST_STEP][PASSED] - Statement - out.println("BatchQty : " + batchqty): null

2018-05-21 10:07:25 - [TEST_STEP][PASSED] - Statement - out.println("RQty : " + Rqty): null

2018-05-21 10:07:25 - [TEST_STEP][PASSED] - Statement - If (java.lang.Integer.valueOf(batchqty) >= java.lang.Integer.valueOf(Rqty)): null

2018-05-21 10:07:25 - [TEST_STEP][PASSED] - Statement - Break: null

2018-05-21 10:07:25 - [TEST_STEP][PASSED] - Statement - batchlength = new com.kms.katalon.core.testobject.TestObject(): null

2018-05-21 10:07:25 - [TEST_STEP][PASSED] - Statement - batchlength = com.kms.katalon.core.webui.keyword.WebUiBuiltInKeywords.modifyObjectProperty(batchlength, "xpath", "equals", "//*[@id = "fldvendor" + row + ""]", true): Modify property of object successfully

2018-05-21 10:07:25 - [MESSAGE][PASSED] - Modify property of object successfully

2018-05-21 10:07:25 - [TEST_STEP][PASSED] - Statement - batchsize = com.kms.katalon.core.webui.keyword.WebUiBuiltInKeywords.getNumberOfTotalOption(batchlength): 6 options of object '' counted

2018-05-21 10:07:25 - [MESSAGE][PASSED] - 6 options of object '' counted

2018-05-21 10:07:25 - [TEST_STEP][PASSED] - Statement - out.println("BatchSize : " + batchsize): null

2018-05-21 10:07:25 - [TEST_STEP][PASSED] - Statement - For ([n = 1, n <= batchsize - 1, (n++)]): null

2018-05-21 10:07:25 - [TEST_STEP][PASSED] - Statement - product = new com.kms.katalon.core.testobject.TestObject(): null

2018-05-21 10:07:25 - [TEST_STEP][PASSED] - Statement - product = com.kms.katalon.core.webui.keyword.WebUiBuiltInKeywords.modifyObjectProperty(product, "xpath", "equals", "//*[@id = "fldvendor" + row + ""]", true): Modify property of object successfully

2018-05-21 10:07:25 - [MESSAGE][PASSED] - Modify property of object successfully

2018-05-21 10:07:25 - [TEST_STEP][PASSED] - selectOptionByIndex: All options with index in [1] are selected on object ''

2018-05-21 10:07:25 - [MESSAGE][PASSED] - All options with index in [1] are selected on object ''

2018-05-21 10:07:25 - [TEST_STEP][PASSED] - Statement - batch = new com.kms.katalon.core.testobject.TestObject(): null

2018-05-21 10:07:25 - [TEST_STEP][PASSED] - Statement - batch = com.kms.katalon.core.webui.keyword.WebUiBuiltInKeywords.modifyObjectProperty(batch, "xpath", "equals", "//*[@id = "txtbthqty" + row + ""]", true): Modify property of object successfully

2018-05-21 10:07:25 - [MESSAGE][PASSED] - Modify property of object successfully

2018-05-21 10:07:25 - [TEST_STEP][PASSED] - Statement - batchqty = com.kms.katalon.core.webui.keyword.WebUiBuiltInKeywords.getAttribute(batch, "value").trim(): Attribute 'value' of object '' is: '5000'

2018-05-21 10:07:25 - [MESSAGE][PASSED] - Attribute 'value' of object '' is: '5000'

2018-05-21 10:07:25 - [TEST_STEP][PASSED] - Statement - Rqty = 100: null

2018-05-21 10:07:25 - [TEST_STEP][PASSED] - delay: Delayed 2 second(s)

2018-05-21 10:07:27 - [MESSAGE][PASSED] - Delayed 2 second(s)

2018-05-21 10:07:27 - [TEST_STEP][PASSED] - Statement - out.println("BatchQty : " + batchqty): null

2018-05-21 10:07:27 - [TEST_STEP][PASSED] - Statement - out.println("RQty : " + Rqty): null

2018-05-21 10:07:27 - [TEST_STEP][PASSED] - Statement - If (java.lang.Integer.valueOf(batchqty) >= java.lang.Integer.valueOf(Rqty)): null

2018-05-21 10:07:27 - [TEST_STEP][PASSED] - Statement - Break: null

2018-05-21 10:07:27 - [TEST_STEP][PASSED] - Statement - batchlength = new com.kms.katalon.core.testobject.TestObject(): null

2018-05-21 10:07:27 - [TEST_STEP][PASSED] - Statement - batchlength = com.kms.katalon.core.webui.keyword.WebUiBuiltInKeywords.modifyObjectProperty(batchlength, "xpath", "equals", "//*[@id = "fldvendor" + row + ""]", true): Modify property of object successfully

2018-05-21 10:07:27 - [MESSAGE][PASSED] - Modify property of object successfully

2018-05-21 10:07:27 - [TEST_STEP][PASSED] - Statement - batchsize = com.kms.katalon.core.webui.keyword.WebUiBuiltInKeywords.getNumberOfTotalOption(batchlength): 6 options of object '' counted

2018-05-21 10:07:27 - [MESSAGE][PASSED] - 6 options of object '' counted

2018-05-21 10:07:27 - [TEST_STEP][PASSED] - Statement - out.println("BatchSize : " + batchsize): null

2018-05-21 10:07:27 - [TEST_STEP][PASSED] - Statement - For ([n = 1, n <= batchsize - 1, (n++)]): null

2018-05-21 10:07:27 - [TEST_STEP][PASSED] - Statement - product = new com.kms.katalon.core.testobject.TestObject(): null

2018-05-21 10:07:27 - [TEST_STEP][PASSED] - Statement - product = com.kms.katalon.core.webui.keyword.WebUiBuiltInKeywords.modifyObjectProperty(product, "xpath", "equals", "//*[@id = "fldvendor" + row + ""]", true): Modify property of object successfully

2018-05-21 10:07:27 - [MESSAGE][PASSED] - Modify property of object successfully

2018-05-21 10:07:27 - [TEST_STEP][PASSED] - selectOptionByIndex: All options with index in [1] are selected on object ''

2018-05-21 10:07:27 - [MESSAGE][PASSED] - All options with index in [1] are selected on object ''

2018-05-21 10:07:27 - [TEST_STEP][PASSED] - Statement - batch = new com.kms.katalon.core.testobject.TestObject(): null

2018-05-21 10:07:27 - [TEST_STEP][PASSED] - Statement - batch = com.kms.katalon.core.webui.keyword.WebUiBuiltInKeywords.modifyObjectProperty(batch, "xpath", "equals", "//*[@id = "txtbthqty" + row + ""]", true): Modify property of object successfully

2018-05-21 10:07:27 - [MESSAGE][PASSED] - Modify property of object successfully

2018-05-21 10:07:27 - [TEST_STEP][PASSED] - Statement - batchqty = com.kms.katalon.core.webui.keyword.WebUiBuiltInKeywords.getAttribute(batch, "value").trim(): Attribute 'value' of object '' is: '38750'

2018-05-21 10:07:27 - [MESSAGE][PASSED] - Attribute 'value' of object '' is: '38750'

2018-05-21 10:07:27 - [TEST_STEP][PASSED] - Statement - Rqty = 100: null

2018-05-21 10:07:27 - [TEST_STEP][PASSED] - delay: Delayed 2 second(s)

2018-05-21 10:07:29 - [MESSAGE][PASSED] - Delayed 2 second(s)

2018-05-21 10:07:29 - [TEST_STEP][PASSED] - Statement - out.println("BatchQty : " + batchqty): null

2018-05-21 10:07:29 - [TEST_STEP][PASSED] - Statement - out.println("RQty : " + Rqty): null

2018-05-21 10:07:29 - [TEST_STEP][PASSED] - Statement - If (java.lang.Integer.valueOf(batchqty) >= java.lang.Integer.valueOf(Rqty)): null

2018-05-21 10:07:29 - [TEST_STEP][PASSED] - Statement - Break: null

2018-05-21 10:07:29 - [TEST_STEP][PASSED] - Statement - batchlength = new com.kms.katalon.core.testobject.TestObject(): null

2018-05-21 10:07:29 - [TEST_STEP][PASSED] - Statement - batchlength = com.kms.katalon.core.webui.keyword.WebUiBuiltInKeywords.modifyObjectProperty(batchlength, "xpath", "equals", "//*[@id = "fldvendor" + row + ""]", true): Modify property of object successfully

2018-05-21 10:07:29 - [MESSAGE][PASSED] - Modify property of object successfully

2018-05-21 10:07:29 - [TEST_STEP][PASSED] - Statement - batchsize = com.kms.katalon.core.webui.keyword.WebUiBuiltInKeywords.getNumberOfTotalOption(batchlength): 6 options of object '' counted

2018-05-21 10:07:29 - [MESSAGE][PASSED] - 6 options of object '' counted

2018-05-21 10:07:29 - [TEST_STEP][PASSED] - Statement - out.println("BatchSize : " + batchsize): null

2018-05-21 10:07:29 - [TEST_STEP][PASSED] - Statement - For ([n = 1, n <= batchsize - 1, (n++)]): null

2018-05-21 10:07:29 - [TEST_STEP][PASSED] - Statement - product = new com.kms.katalon.core.testobject.TestObject(): null

2018-05-21 10:07:29 - [TEST_STEP][PASSED] - Statement - product = com.kms.katalon.core.webui.keyword.WebUiBuiltInKeywords.modifyObjectProperty(product, "xpath", "equals", "//*[@id = "fldvendor" + row + ""]", true): Modify property of object successfully

2018-05-21 10:07:29 - [MESSAGE][PASSED] - Modify property of object successfully

2018-05-21 10:07:29 - [TEST_STEP][PASSED] - selectOptionByIndex: All options with index in [1] are selected on object ''

2018-05-21 10:07:29 - [MESSAGE][PASSED] - All options with index in [1] are selected on object ''

2018-05-21 10:07:29 - [TEST_STEP][PASSED] - Statement - batch = new com.kms.katalon.core.testobject.TestObject(): null

2018-05-21 10:07:29 - [TEST_STEP][PASSED] - Statement - batch = com.kms.katalon.core.webui.keyword.WebUiBuiltInKeywords.modifyObjectProperty(batch, "xpath", "equals", "//*[@id = "txtbthqty" + row + ""]", true): Modify property of object successfully

2018-05-21 10:07:29 - [MESSAGE][PASSED] - Modify property of object successfully

2018-05-21 10:07:29 - [TEST_STEP][PASSED] - Statement - batchqty = com.kms.katalon.core.webui.keyword.WebUiBuiltInKeywords.getAttribute(batch, "value").trim(): Attribute 'value' of object '' is: '5000'

2018-05-21 10:07:29 - [MESSAGE][PASSED] - Attribute 'value' of object '' is: '5000'

2018-05-21 10:07:29 - [TEST_STEP][PASSED] - Statement - Rqty = 100: null

2018-05-21 10:07:29 - [TEST_STEP][PASSED] - delay: Delayed 2 second(s)

2018-05-21 10:07:31 - [MESSAGE][PASSED] - Delayed 2 second(s)

2018-05-21 10:07:31 - [TEST_STEP][PASSED] - Statement - out.println("BatchQty : " + batchqty): null

2018-05-21 10:07:31 - [TEST_STEP][PASSED] - Statement - out.println("RQty : " + Rqty): null

2018-05-21 10:07:31 - [TEST_STEP][PASSED] - Statement - If (java.lang.Integer.valueOf(batchqty) >= java.lang.Integer.valueOf(Rqty)): null

2018-05-21 10:07:31 - [TEST_STEP][PASSED] - Statement - Break: null

2018-05-21 10:07:31 - [TEST_STEP][PASSED] - Statement - batchlength = new com.kms.katalon.core.testobject.TestObject(): null

2018-05-21 10:07:31 - [TEST_STEP][PASSED] - Statement - batchlength = com.kms.katalon.core.webui.keyword.WebUiBuiltInKeywords.modifyObjectProperty(batchlength, "xpath", "equals", "//*[@id = "fldvendor" + row + ""]", true): Modify property of object successfully

2018-05-21 10:07:31 - [MESSAGE][PASSED] - Modify property of object successfully

2018-05-21 10:07:31 - [TEST_STEP][PASSED] - Statement - batchsize = com.kms.katalon.core.webui.keyword.WebUiBuiltInKeywords.getNumberOfTotalOption(batchlength): 6 options of object '' counted

2018-05-21 10:07:31 - [MESSAGE][PASSED] - 6 options of object '' counted

2018-05-21 10:07:31 - [TEST_STEP][PASSED] - Statement - out.println("BatchSize : " + batchsize): null

2018-05-21 10:07:31 - [TEST_STEP][PASSED] - Statement - For ([n = 1, n <= batchsize - 1, (n++)]): null

2018-05-21 10:07:31 - [TEST_STEP][PASSED] - Statement - product = new com.kms.katalon.core.testobject.TestObject(): null

2018-05-21 10:07:31 - [TEST_STEP][PASSED] - Statement - product = com.kms.katalon.core.webui.keyword.WebUiBuiltInKeywords.modifyObjectProperty(product, "xpath", "equals", "//*[@id = "fldvendor" + row + ""]", true): Modify property of object successfully

2018-05-21 10:07:31 - [MESSAGE][PASSED] - Modify property of object successfully

2018-05-21 10:07:31 - [TEST_STEP][PASSED] - selectOptionByIndex: All options with index in [1] are selected on object ''

2018-05-21 10:07:32 - [MESSAGE][PASSED] - All options with index in [1] are selected on object ''

2018-05-21 10:07:32 - [TEST_STEP][PASSED] - Statement - batch = new com.kms.katalon.core.testobject.TestObject(): null

2018-05-21 10:07:32 - [TEST_STEP][PASSED] - Statement - batch = com.kms.katalon.core.webui.keyword.WebUiBuiltInKeywords.modifyObjectProperty(batch, "xpath", "equals", "//*[@id = "txtbthqty" + row + ""]", true): Modify property of object successfully

2018-05-21 10:07:32 - [MESSAGE][PASSED] - Modify property of object successfully

2018-05-21 10:07:32 - [TEST_STEP][PASSED] - Statement - batchqty = com.kms.katalon.core.webui.keyword.WebUiBuiltInKeywords.getAttribute(batch, "value").trim(): Attribute 'value' of object '' is: '5000'

2018-05-21 10:07:32 - [MESSAGE][PASSED] - Attribute 'value' of object '' is: '5000'

2018-05-21 10:07:32 - [TEST_STEP][PASSED] - Statement - Rqty = 100: null

2018-05-21 10:07:32 - [TEST_STEP][PASSED] - delay: Delayed 2 second(s)

2018-05-21 10:07:34 - [MESSAGE][PASSED] - Delayed 2 second(s)

2018-05-21 10:07:34 - [TEST_STEP][PASSED] - Statement - out.println("BatchQty : " + batchqty): null

2018-05-21 10:07:34 - [TEST_STEP][PASSED] - Statement - out.println("RQty : " + Rqty): null

2018-05-21 10:07:34 - [TEST_STEP][PASSED] - Statement - If (java.lang.Integer.valueOf(batchqty) >= java.lang.Integer.valueOf(Rqty)): null

2018-05-21 10:07:34 - [TEST_STEP][PASSED] - Statement - Break: null

2018-05-21 10:07:34 - [TEST_STEP][PASSED] - Statement - batchlength = new com.kms.katalon.core.testobject.TestObject(): null

2018-05-21 10:07:34 - [TEST_STEP][PASSED] - Statement - batchlength = com.kms.katalon.core.webui.keyword.WebUiBuiltInKeywords.modifyObjectProperty(batchlength, "xpath", "equals", "//*[@id = "fldvendor" + row + ""]", true): Modify property of object successfully

2018-05-21 10:07:34 - [MESSAGE][PASSED] - Modify property of object successfully

2018-05-21 10:07:34 - [TEST_STEP][PASSED] - Statement - batchsize = com.kms.katalon.core.webui.keyword.WebUiBuiltInKeywords.getNumberOfTotalOption(batchlength): 6 options of object '' counted

2018-05-21 10:07:34 - [MESSAGE][PASSED] - 6 options of object '' counted

2018-05-21 10:07:34 - [TEST_STEP][PASSED] - Statement - out.println("BatchSize : " + batchsize): null

2018-05-21 10:07:34 - [TEST_STEP][PASSED] - Statement - For ([n = 1, n <= batchsize - 1, (n++)]): null

2018-05-21 10:07:34 - [TEST_STEP][PASSED] - Statement - product = new com.kms.katalon.core.testobject.TestObject(): null

2018-05-21 10:07:34 - [TEST_STEP][PASSED] - Statement - product = com.kms.katalon.core.webui.keyword.WebUiBuiltInKeywords.modifyObjectProperty(product, "xpath", "equals", "//*[@id = "fldvendor" + row + ""]", true): Modify property of object successfully

2018-05-21 10:07:34 - [MESSAGE][PASSED] - Modify property of object successfully

2018-05-21 10:07:34 - [TEST_STEP][PASSED] - selectOptionByIndex: All options with index in [1] are selected on object ''

2018-05-21 10:07:34 - [MESSAGE][PASSED] - All options with index in [1] are selected on object ''

2018-05-21 10:07:34 - [TEST_STEP][PASSED] - Statement - batch = new com.kms.katalon.core.testobject.TestObject(): null

2018-05-21 10:07:34 - [TEST_STEP][PASSED] - Statement - batch = com.kms.katalon.core.webui.keyword.WebUiBuiltInKeywords.modifyObjectProperty(batch, "xpath", "equals", "//*[@id = "txtbthqty" + row + ""]", true): Modify property of object successfully

2018-05-21 10:07:34 - [MESSAGE][PASSED] - Modify property of object successfully

2018-05-21 10:07:34 - [TEST_STEP][PASSED] - Statement - batchqty = com.kms.katalon.core.webui.keyword.WebUiBuiltInKeywords.getAttribute(batch, "value").trim(): Attribute 'value' of object '' is: '5000'

2018-05-21 10:07:34 - [MESSAGE][PASSED] - Attribute 'value' of object '' is: '5000'

2018-05-21 10:07:34 - [TEST_STEP][PASSED] - Statement - Rqty = 100: null

2018-05-21 10:07:34 - [TEST_STEP][PASSED] - delay: Delayed 2 second(s)

2018-05-21 10:07:36 - [MESSAGE][PASSED] - Delayed 2 second(s)

2018-05-21 10:07:36 - [TEST_STEP][PASSED] - Statement - out.println("BatchQty : " + batchqty): null

2018-05-21 10:07:36 - [TEST_STEP][PASSED] - Statement - out.println("RQty : " + Rqty): null

2018-05-21 10:07:36 - [TEST_STEP][PASSED] - Statement - If (java.lang.Integer.valueOf(batchqty) >= java.lang.Integer.valueOf(Rqty)): null

2018-05-21 10:07:36 - [TEST_STEP][PASSED] - Statement - Break: null

2018-05-21 10:07:36 - [TEST_STEP][PASSED] - Statement - batchlength = new com.kms.katalon.core.testobject.TestObject(): null

2018-05-21 10:07:36 - [TEST_STEP][PASSED] - Statement - batchlength = com.kms.katalon.core.webui.keyword.WebUiBuiltInKeywords.modifyObjectProperty(batchlength, "xpath", "equals", "//*[@id = "fldvendor" + row + ""]", true): Modify property of object successfully

2018-05-21 10:07:36 - [MESSAGE][PASSED] - Modify property of object successfully

2018-05-21 10:07:36 - [TEST_STEP][PASSED] - Statement - batchsize = com.kms.katalon.core.webui.keyword.WebUiBuiltInKeywords.getNumberOfTotalOption(batchlength): 6 options of object '' counted

2018-05-21 10:07:36 - [MESSAGE][PASSED] - 6 options of object '' counted

2018-05-21 10:07:36 - [TEST_STEP][PASSED] - Statement - out.println("BatchSize : " + batchsize): null

2018-05-21 10:07:36 - [TEST_STEP][PASSED] - Statement - For ([n = 1, n <= batchsize - 1, (n++)]): null

2018-05-21 10:07:36 - [TEST_STEP][PASSED] - Statement - product = new com.kms.katalon.core.testobject.TestObject(): null

2018-05-21 10:07:36 - [TEST_STEP][PASSED] - Statement - product = com.kms.katalon.core.webui.keyword.WebUiBuiltInKeywords.modifyObjectProperty(product, "xpath", "equals", "//*[@id = "fldvendor" + row + ""]", true): Modify property of object successfully

2018-05-21 10:07:36 - [MESSAGE][PASSED] - Modify property of object successfully

2018-05-21 10:07:36 - [TEST_STEP][PASSED] - selectOptionByIndex: All options with index in [1] are selected on object ''

2018-05-21 10:07:36 - [MESSAGE][PASSED] - All options with index in [1] are selected on object ''

2018-05-21 10:07:36 - [TEST_STEP][PASSED] - Statement - batch = new com.kms.katalon.core.testobject.TestObject(): null

2018-05-21 10:07:36 - [TEST_STEP][PASSED] - Statement - batch = com.kms.katalon.core.webui.keyword.WebUiBuiltInKeywords.modifyObjectProperty(batch, "xpath", "equals", "//*[@id = "txtbthqty" + row + ""]", true): Modify property of object successfully

2018-05-21 10:07:36 - [MESSAGE][PASSED] - Modify property of object successfully

2018-05-21 10:07:36 - [TEST_STEP][PASSED] - Statement - batchqty = com.kms.katalon.core.webui.keyword.WebUiBuiltInKeywords.getAttribute(batch, "value").trim(): Attribute 'value' of object '' is: '38900'

2018-05-21 10:07:36 - [MESSAGE][PASSED] - Attribute 'value' of object '' is: '38900'

2018-05-21 10:07:36 - [TEST_STEP][PASSED] - Statement - Rqty = 100: null

2018-05-21 10:07:36 - [TEST_STEP][PASSED] - delay: Delayed 2 second(s)

2018-05-21 10:07:38 - [MESSAGE][PASSED] - Delayed 2 second(s)

2018-05-21 10:07:38 - [TEST_STEP][PASSED] - Statement - out.println("BatchQty : " + batchqty): null

2018-05-21 10:07:38 - [TEST_STEP][PASSED] - Statement - out.println("RQty : " + Rqty): null

2018-05-21 10:07:38 - [TEST_STEP][PASSED] - Statement - If (java.lang.Integer.valueOf(batchqty) >= java.lang.Integer.valueOf(Rqty)): null

2018-05-21 10:07:38 - [TEST_STEP][PASSED] - Statement - Break: null

2018-05-21 10:07:38 - [TEST_STEP][PASSED] - Statement - batchlength = new com.kms.katalon.core.testobject.TestObject(): null

2018-05-21 10:07:38 - [TEST_STEP][PASSED] - Statement - batchlength = com.kms.katalon.core.webui.keyword.WebUiBuiltInKeywords.modifyObjectProperty(batchlength, "xpath", "equals", "//*[@id = "fldvendor" + row + ""]", true): Modify property of object successfully

2018-05-21 10:07:38 - [MESSAGE][PASSED] - Modify property of object successfully

2018-05-21 10:07:38 - [TEST_STEP][PASSED] - Statement - batchsize = com.kms.katalon.core.webui.keyword.WebUiBuiltInKeywords.getNumberOfTotalOption(batchlength): 6 options of object '' counted

2018-05-21 10:07:38 - [MESSAGE][PASSED] - 6 options of object '' counted

2018-05-21 10:07:38 - [TEST_STEP][PASSED] - Statement - out.println("BatchSize : " + batchsize): null

2018-05-21 10:07:38 - [TEST_STEP][PASSED] - Statement - For ([n = 1, n <= batchsize - 1, (n++)]): null

2018-05-21 10:07:38 - [TEST_STEP][PASSED] - Statement - product = new com.kms.katalon.core.testobject.TestObject(): null

2018-05-21 10:07:38 - [TEST_STEP][PASSED] - Statement - product = com.kms.katalon.core.webui.keyword.WebUiBuiltInKeywords.modifyObjectProperty(product, "xpath", "equals", "//*[@id = "fldvendor" + row + ""]", true): Modify property of object successfully

2018-05-21 10:07:38 - [MESSAGE][PASSED] - Modify property of object successfully

2018-05-21 10:07:38 - [TEST_STEP][PASSED] - selectOptionByIndex: All options with index in [1] are selected on object ''

2018-05-21 10:07:38 - [MESSAGE][PASSED] - All options with index in [1] are selected on object ''

2018-05-21 10:07:38 - [TEST_STEP][PASSED] - Statement - batch = new com.kms.katalon.core.testobject.TestObject(): null

2018-05-21 10:07:38 - [TEST_STEP][PASSED] - Statement - batch = com.kms.katalon.core.webui.keyword.WebUiBuiltInKeywords.modifyObjectProperty(batch, "xpath", "equals", "//*[@id = "txtbthqty" + row + ""]", true): Modify property of object successfully

2018-05-21 10:07:38 - [MESSAGE][PASSED] - Modify property of object successfully

2018-05-21 10:07:38 - [TEST_STEP][PASSED] - Statement - batchqty = com.kms.katalon.core.webui.keyword.WebUiBuiltInKeywords.getAttribute(batch, "value").trim(): Attribute 'value' of object '' is: '5000'

2018-05-21 10:07:38 - [MESSAGE][PASSED] - Attribute 'value' of object '' is: '5000'

2018-05-21 10:07:38 - [TEST_STEP][PASSED] - Statement - Rqty = 100: null

2018-05-21 10:07:38 - [TEST_STEP][PASSED] - delay: Delayed 2 second(s)

2018-05-21 10:07:40 - [MESSAGE][PASSED] - Delayed 2 second(s)

2018-05-21 10:07:40 - [TEST_STEP][PASSED] - Statement - out.println("BatchQty : " + batchqty): null

2018-05-21 10:07:40 - [TEST_STEP][PASSED] - Statement - out.println("RQty : " + Rqty): null

2018-05-21 10:07:40 - [TEST_STEP][PASSED] - Statement - If (java.lang.Integer.valueOf(batchqty) >= java.lang.Integer.valueOf(Rqty)): null

2018-05-21 10:07:40 - [TEST_STEP][PASSED] - Statement - Break: null

2018-05-21 10:07:40 - [TEST_STEP][PASSED] - Statement - batchlength = new com.kms.katalon.core.testobject.TestObject(): null

2018-05-21 10:07:40 - [TEST_STEP][PASSED] - Statement - batchlength = com.kms.katalon.core.webui.keyword.WebUiBuiltInKeywords.modifyObjectProperty(batchlength, "xpath", "equals", "//*[@id = "fldvendor" + row + ""]", true): Modify property of object successfully

2018-05-21 10:07:40 - [MESSAGE][PASSED] - Modify property of object successfully

2018-05-21 10:07:40 - [TEST_STEP][PASSED] - Statement - batchsize = com.kms.katalon.core.webui.keyword.WebUiBuiltInKeywords.getNumberOfTotalOption(batchlength): 6 options of object '' counted

2018-05-21 10:07:41 - [MESSAGE][PASSED] - 6 options of object '' counted

2018-05-21 10:07:41 - [TEST_STEP][PASSED] - Statement - out.println("BatchSize : " + batchsize): null

2018-05-21 10:07:41 - [TEST_STEP][PASSED] - Statement - For ([n = 1, n <= batchsize - 1, (n++)]): null

2018-05-21 10:07:41 - [TEST_STEP][PASSED] - Statement - product = new com.kms.katalon.core.testobject.TestObject(): null

2018-05-21 10:07:41 - [TEST_STEP][PASSED] - Statement - product = com.kms.katalon.core.webui.keyword.WebUiBuiltInKeywords.modifyObjectProperty(product, "xpath", "equals", "//*[@id = "fldvendor" + row + ""]", true): Modify property of object successfully

2018-05-21 10:07:41 - [MESSAGE][PASSED] - Modify property of object successfully

2018-05-21 10:07:41 - [TEST_STEP][PASSED] - selectOptionByIndex: All options with index in [1] are selected on object ''

2018-05-21 10:07:41 - [MESSAGE][PASSED] - All options with index in [1] are selected on object ''

2018-05-21 10:07:41 - [TEST_STEP][PASSED] - Statement - batch = new com.kms.katalon.core.testobject.TestObject(): null

2018-05-21 10:07:41 - [TEST_STEP][PASSED] - Statement - batch = com.kms.katalon.core.webui.keyword.WebUiBuiltInKeywords.modifyObjectProperty(batch, "xpath", "equals", "//*[@id = "txtbthqty" + row + ""]", true): Modify property of object successfully

2018-05-21 10:07:41 - [MESSAGE][PASSED] - Modify property of object successfully

2018-05-21 10:07:41 - [TEST_STEP][PASSED] - Statement - batchqty = com.kms.katalon.core.webui.keyword.WebUiBuiltInKeywords.getAttribute(batch, "value").trim(): Attribute 'value' of object '' is: '5000'

2018-05-21 10:07:41 - [MESSAGE][PASSED] - Attribute 'value' of object '' is: '5000'

2018-05-21 10:07:41 - [TEST_STEP][PASSED] - Statement - Rqty = 100: null

2018-05-21 10:07:41 - [TEST_STEP][PASSED] - delay: Delayed 2 second(s)

2018-05-21 10:07:43 - [MESSAGE][PASSED] - Delayed 2 second(s)

2018-05-21 10:07:43 - [TEST_STEP][PASSED] - Statement - out.println("BatchQty : " + batchqty): null

2018-05-21 10:07:43 - [TEST_STEP][PASSED] - Statement - out.println("RQty : " + Rqty): null

2018-05-21 10:07:43 - [TEST_STEP][PASSED] - Statement - If (java.lang.Integer.valueOf(batchqty) >= java.lang.Integer.valueOf(Rqty)): null

2018-05-21 10:07:43 - [TEST_STEP][PASSED] - Statement - Break: null

2018-05-21 10:07:43 - [TEST_STEP][PASSED] - Statement - batchlength = new com.kms.katalon.core.testobject.TestObject(): null

2018-05-21 10:07:43 - [TEST_STEP][PASSED] - Statement - batchlength = com.kms.katalon.core.webui.keyword.WebUiBuiltInKeywords.modifyObjectProperty(batchlength, "xpath", "equals", "//*[@id = "fldvendor" + row + ""]", true): Modify property of object successfully

2018-05-21 10:07:43 - [MESSAGE][PASSED] - Modify property of object successfully

2018-05-21 10:07:43 - [TEST_STEP][PASSED] - Statement - batchsize = com.kms.katalon.core.webui.keyword.WebUiBuiltInKeywords.getNumberOfTotalOption(batchlength): 6 options of object '' counted

2018-05-21 10:07:43 - [MESSAGE][PASSED] - 6 options of object '' counted

2018-05-21 10:07:43 - [TEST_STEP][PASSED] - Statement - out.println("BatchSize : " + batchsize): null

2018-05-21 10:07:43 - [TEST_STEP][PASSED] - Statement - For ([n = 1, n <= batchsize - 1, (n++)]): null

2018-05-21 10:07:43 - [TEST_STEP][PASSED] - Statement - product = new com.kms.katalon.core.testobject.TestObject(): null

2018-05-21 10:07:43 - [TEST_STEP][PASSED] - Statement - product = com.kms.katalon.core.webui.keyword.WebUiBuiltInKeywords.modifyObjectProperty(product, "xpath", "equals", "//*[@id = "fldvendor" + row + ""]", true): Modify property of object successfully

2018-05-21 10:07:43 - [MESSAGE][PASSED] - Modify property of object successfully

2018-05-21 10:07:43 - [TEST_STEP][PASSED] - selectOptionByIndex: All options with index in [1] are selected on object ''

2018-05-21 10:07:43 - [MESSAGE][PASSED] - All options with index in [1] are selected on object ''

2018-05-21 10:07:43 - [TEST_STEP][PASSED] - Statement - batch = new com.kms.katalon.core.testobject.TestObject(): null

2018-05-21 10:07:43 - [TEST_STEP][PASSED] - Statement - batch = com.kms.katalon.core.webui.keyword.WebUiBuiltInKeywords.modifyObjectProperty(batch, "xpath", "equals", "//*[@id = "txtbthqty" + row + ""]", true): Modify property of object successfully

2018-05-21 10:07:43 - [MESSAGE][PASSED] - Modify property of object successfully

2018-05-21 10:07:43 - [TEST_STEP][PASSED] - Statement - batchqty = com.kms.katalon.core.webui.keyword.WebUiBuiltInKeywords.getAttribute(batch, "value").trim(): Attribute 'value' of object '' is: '4000'

2018-05-21 10:07:43 - [MESSAGE][PASSED] - Attribute 'value' of object '' is: '4000'

2018-05-21 10:07:43 - [TEST_STEP][PASSED] - Statement - Rqty = 100: null

2018-05-21 10:07:43 - [TEST_STEP][PASSED] - delay: Delayed 2 second(s)

2018-05-21 10:07:45 - [MESSAGE][PASSED] - Delayed 2 second(s)

2018-05-21 10:07:45 - [TEST_STEP][PASSED] - Statement - out.println("BatchQty : " + batchqty): null

2018-05-21 10:07:45 - [TEST_STEP][PASSED] - Statement - out.println("RQty : " + Rqty): null

2018-05-21 10:07:45 - [TEST_STEP][PASSED] - Statement - If (java.lang.Integer.valueOf(batchqty) >= java.lang.Integer.valueOf(Rqty)): null

2018-05-21 10:07:45 - [TEST_STEP][PASSED] - Statement - Break: null

2018-05-21 10:07:45 - [TEST_STEP][PASSED] - Statement - batchlength = new com.kms.katalon.core.testobject.TestObject(): null

2018-05-21 10:07:45 - [TEST_STEP][PASSED] - Statement - batchlength = com.kms.katalon.core.webui.keyword.WebUiBuiltInKeywords.modifyObjectProperty(batchlength, "xpath", "equals", "//*[@id = "fldvendor" + row + ""]", true): Modify property of object successfully

2018-05-21 10:07:45 - [MESSAGE][PASSED] - Modify property of object successfully

2018-05-21 10:07:45 - [TEST_STEP][PASSED] - Statement - batchsize = com.kms.katalon.core.webui.keyword.WebUiBuiltInKeywords.getNumberOfTotalOption(batchlength): 6 options of object '' counted

2018-05-21 10:07:45 - [MESSAGE][PASSED] - 6 options of object '' counted

2018-05-21 10:07:45 - [TEST_STEP][PASSED] - Statement - out.println("BatchSize : " + batchsize): null

2018-05-21 10:07:45 - [TEST_STEP][PASSED] - Statement - For ([n = 1, n <= batchsize - 1, (n++)]): null

2018-05-21 10:07:45 - [TEST_STEP][PASSED] - Statement - product = new com.kms.katalon.core.testobject.TestObject(): null

2018-05-21 10:07:45 - [TEST_STEP][PASSED] - Statement - product = com.kms.katalon.core.webui.keyword.WebUiBuiltInKeywords.modifyObjectProperty(product, "xpath", "equals", "//*[@id = "fldvendor" + row + ""]", true): Modify property of object successfully

2018-05-21 10:07:45 - [MESSAGE][PASSED] - Modify property of object successfully

2018-05-21 10:07:45 - [TEST_STEP][PASSED] - selectOptionByIndex: All options with index in [1] are selected on object ''

2018-05-21 10:07:45 - [MESSAGE][PASSED] - All options with index in [1] are selected on object ''

2018-05-21 10:07:45 - [TEST_STEP][PASSED] - Statement - batch = new com.kms.katalon.core.testobject.TestObject(): null

2018-05-21 10:07:45 - [TEST_STEP][PASSED] - Statement - batch = com.kms.katalon.core.webui.keyword.WebUiBuiltInKeywords.modifyObjectProperty(batch, "xpath", "equals", "//*[@id = "txtbthqty" + row + ""]", true): Modify property of object successfully

2018-05-21 10:07:45 - [MESSAGE][PASSED] - Modify property of object successfully

2018-05-21 10:07:45 - [TEST_STEP][PASSED] - Statement - batchqty = com.kms.katalon.core.webui.keyword.WebUiBuiltInKeywords.getAttribute(batch, "value").trim(): Attribute 'value' of object '' is: '5000'

2018-05-21 10:07:45 - [MESSAGE][PASSED] - Attribute 'value' of object '' is: '5000'

2018-05-21 10:07:45 - [TEST_STEP][PASSED] - Statement - Rqty = 100: null

2018-05-21 10:07:45 - [TEST_STEP][PASSED] - delay: Delayed 2 second(s)

2018-05-21 10:07:47 - [MESSAGE][PASSED] - Delayed 2 second(s)

2018-05-21 10:07:47 - [TEST_STEP][PASSED] - Statement - out.println("BatchQty : " + batchqty): null

2018-05-21 10:07:47 - [TEST_STEP][PASSED] - Statement - out.println("RQty : " + Rqty): null

2018-05-21 10:07:47 - [TEST_STEP][PASSED] - Statement - If (java.lang.Integer.valueOf(batchqty) >= java.lang.Integer.valueOf(Rqty)): null

2018-05-21 10:07:47 - [TEST_STEP][PASSED] - Statement - Break: null

2018-05-21 10:07:47 - [TEST_STEP][PASSED] - Statement - batchlength = new com.kms.katalon.core.testobject.TestObject(): null

2018-05-21 10:07:47 - [TEST_STEP][PASSED] - Statement - batchlength = com.kms.katalon.core.webui.keyword.WebUiBuiltInKeywords.modifyObjectProperty(batchlength, "xpath", "equals", "//*[@id = "fldvendor" + row + ""]", true): Modify property of object successfully

2018-05-21 10:07:47 - [MESSAGE][PASSED] - Modify property of object successfully

2018-05-21 10:07:47 - [TEST_STEP][PASSED] - Statement - batchsize = com.kms.katalon.core.webui.keyword.WebUiBuiltInKeywords.getNumberOfTotalOption(batchlength): 6 options of object '' counted

2018-05-21 10:07:47 - [MESSAGE][PASSED] - 6 options of object '' counted

2018-05-21 10:07:47 - [TEST_STEP][PASSED] - Statement - out.println("BatchSize : " + batchsize): null

2018-05-21 10:07:47 - [TEST_STEP][PASSED] - Statement - For ([n = 1, n <= batchsize - 1, (n++)]): null

2018-05-21 10:07:47 - [TEST_STEP][PASSED] - Statement - product = new com.kms.katalon.core.testobject.TestObject(): null

2018-05-21 10:07:47 - [TEST_STEP][PASSED] - Statement - product = com.kms.katalon.core.webui.keyword.WebUiBuiltInKeywords.modifyObjectProperty(product, "xpath", "equals", "//*[@id = "fldvendor" + row + ""]", true): Modify property of object successfully

2018-05-21 10:07:47 - [MESSAGE][PASSED] - Modify property of object successfully

2018-05-21 10:07:47 - [TEST_STEP][PASSED] - selectOptionByIndex: All options with index in [1] are selected on object ''

2018-05-21 10:07:48 - [MESSAGE][PASSED] - All options with index in [1] are selected on object ''

2018-05-21 10:07:48 - [TEST_STEP][PASSED] - Statement - batch = new com.kms.katalon.core.testobject.TestObject(): null

2018-05-21 10:07:48 - [TEST_STEP][PASSED] - Statement - batch = com.kms.katalon.core.webui.keyword.WebUiBuiltInKeywords.modifyObjectProperty(batch, "xpath", "equals", "//*[@id = "txtbthqty" + row + ""]", true): Modify property of object successfully

2018-05-21 10:07:48 - [MESSAGE][PASSED] - Modify property of object successfully

2018-05-21 10:07:48 - [TEST_STEP][PASSED] - Statement - batchqty = com.kms.katalon.core.webui.keyword.WebUiBuiltInKeywords.getAttribute(batch, "value").trim(): Attribute 'value' of object '' is: ''

2018-05-21 10:07:48 - [MESSAGE][PASSED] - Attribute 'value' of object '' is: ''

2018-05-21 10:07:48 - [TEST_STEP][PASSED] - Statement - Rqty = 100: null

2018-05-21 10:07:48 - [TEST_STEP][PASSED] - delay: Delayed 2 second(s)

2018-05-21 10:07:50 - [MESSAGE][PASSED] - Delayed 2 second(s)

2018-05-21 10:07:50 - [TEST_STEP][PASSED] - Statement - out.println("BatchQty : " + batchqty): null

2018-05-21 10:07:50 - [TEST_STEP][PASSED] - Statement - out.println("RQty : " + Rqty): null

2018-05-21 10:07:50 - [TEST_STEP][PASSED] - Statement - If (java.lang.Integer.valueOf(batchqty) >= java.lang.Integer.valueOf(Rqty)): null]]></system-out>
         <system-err><![CDATA[2018-05-21 10:04:48 - [TEST_CASE][ERROR] - Test Cases/DISPENSARY TEST CASES/TC_DP_015 Verify Schedule 3 Dispensary To CMS Request Are Working Successfully Or Not: Test Cases/DISPENSARY TEST CASES/TC_DP_015 Verify Schedule 3 Dispensary To CMS Request Are Working Successfully Or Not FAILED because (of) java.lang.NumberFormatException: For input string: ""]]></system-err>
      </testcase>
      <testcase name="Test Cases/DISPENSARY TEST CASES/TC_DP_016 Verify Schedule 4 Dispensary To CMS Request Are Working Successfully Or Not" classname="Test Cases/DISPENSARY TEST CASES/TC_DP_016 Verify Schedule 4 Dispensary To CMS Request Are Working Successfully Or Not" status="PASSED">
         <system-out><![CDATA[2018-05-21 10:07:50 - [TEST_CASE][PASSED] - Test Cases/DISPENSARY TEST CASES/TC_DP_016 Verify Schedule 4 Dispensary To CMS Request Are Working Successfully Or Not: Test Cases/DISPENSARY TEST CASES/TC_DP_016 Verify Schedule 4 Dispensary To CMS Request Are Working Successfully Or Not

2018-05-21 10:07:50 - [TEST_STEP][PASSED] - openBrowser: Browser is opened with url: ''

2018-05-21 10:07:50 - [MESSAGE][WARNING] - A browser is already opened. Closing browser and opening a new one

2018-05-21 10:07:53 - [MESSAGE][PASSED] - Browser is opened with url: ''

2018-05-21 10:07:53 - [TEST_STEP][PASSED] - navigateToUrl: Navigate to 'http://192.168.137.1/multihospital_new/HDSplashscreen.aspx' successfully

2018-05-21 10:07:58 - [MESSAGE][PASSED] - Navigate to 'http://192.168.137.1/multihospital_new/HDSplashscreen.aspx' successfully

2018-05-21 10:07:58 - [TEST_STEP][PASSED] - maximizeWindow: Current window maximized

2018-05-21 10:07:59 - [MESSAGE][PASSED] - Current window maximized

2018-05-21 10:07:59 - [TEST_STEP][PASSED] - click: Object: 'Object Repository/DispensaryToCms/Page_KDMC/a_Dispensary Store' is clicked on

2018-05-21 10:07:59 - [MESSAGE][PASSED] - Object: 'Object Repository/DispensaryToCms/Page_KDMC/a_Dispensary Store' is clicked on

2018-05-21 10:07:59 - [TEST_STEP][PASSED] - setText: Text 'rajaram' is set on object 'Object Repository/DispensaryToCms/Page_Dispensary Store Login/input_txtusername'

2018-05-21 10:08:00 - [MESSAGE][PASSED] - Text 'rajaram' is set on object 'Object Repository/DispensaryToCms/Page_Dispensary Store Login/input_txtusername'

2018-05-21 10:08:00 - [TEST_STEP][PASSED] - setText: Text '123' is set on object 'Object Repository/DispensaryToCms/Page_Dispensary Store Login/input_txtpassword'

2018-05-21 10:08:00 - [MESSAGE][PASSED] - Text '123' is set on object 'Object Repository/DispensaryToCms/Page_Dispensary Store Login/input_txtpassword'

2018-05-21 10:08:00 - [TEST_STEP][PASSED] - delay: Delayed 3 second(s)

2018-05-21 10:08:03 - [MESSAGE][PASSED] - Delayed 3 second(s)

2018-05-21 10:08:03 - [TEST_STEP][PASSED] - click: Object: 'Object Repository/DispensaryToCms/Page_Dispensary Store Login/button_Sign in' is clicked on

2018-05-21 10:08:04 - [MESSAGE][PASSED] - Object: 'Object Repository/DispensaryToCms/Page_Dispensary Store Login/button_Sign in' is clicked on

2018-05-21 10:08:04 - [TEST_STEP][PASSED] - delay: Delayed 3 second(s)

2018-05-21 10:08:07 - [MESSAGE][PASSED] - Delayed 3 second(s)

2018-05-21 10:08:07 - [TEST_STEP][PASSED] - click: Object: 'Object Repository/DispensaryToCms/Page_Dispensary Store/a_CMS' is clicked on

2018-05-21 10:08:07 - [MESSAGE][PASSED] - Object: 'Object Repository/DispensaryToCms/Page_Dispensary Store/a_CMS' is clicked on

2018-05-21 10:08:07 - [TEST_STEP][PASSED] - click: Object: 'Object Repository/DispensaryToCms/Page_Dispensary Store/a_Request Send' is clicked on

2018-05-21 10:08:08 - [MESSAGE][PASSED] - Object: 'Object Repository/DispensaryToCms/Page_Dispensary Store/a_Request Send' is clicked on

2018-05-21 10:08:08 - [TEST_STEP][PASSED] - delay: Delayed 2 second(s)

2018-05-21 10:08:10 - [MESSAGE][PASSED] - Delayed 2 second(s)

2018-05-21 10:08:10 - [TEST_STEP][PASSED] - selectOptionByIndex: All options with index in [2] are selected on object 'Object Repository/DispensaryToCms/Page_Dispensary Store/select_--Select--'

2018-05-21 10:08:11 - [MESSAGE][PASSED] - All options with index in [2] are selected on object 'Object Repository/DispensaryToCms/Page_Dispensary Store/select_--Select--'

2018-05-21 10:08:11 - [TEST_STEP][PASSED] - selectOptionByIndex: All options with index in [4] are selected on object 'Object Repository/DispensaryToCms/Page_Dispensary Store/select_--Select--Schedule 1Inj'

2018-05-21 10:08:11 - [MESSAGE][PASSED] - All options with index in [4] are selected on object 'Object Repository/DispensaryToCms/Page_Dispensary Store/select_--Select--Schedule 1Inj'

2018-05-21 10:08:11 - [TEST_STEP][PASSED] - Statement - medicineslength = com.kms.katalon.core.webui.keyword.WebUiBuiltInKeywords.getNumberOfTotalOption(com.kms.katalon.core.testobject.ObjectRepository.findTestObject(DispensaryToCms/Page_Dispensary Store/select_--Select--Adernaline 0.)): 16 options of object 'Object Repository/DispensaryToCms/Page_Dispensary Store/select_--Select--Adernaline 0.' counted

2018-05-21 10:08:11 - [MESSAGE][PASSED] - 16 options of object 'Object Repository/DispensaryToCms/Page_Dispensary Store/select_--Select--Adernaline 0.' counted

2018-05-21 10:08:11 - [TEST_STEP][PASSED] - Statement - For ([e = 1, e <= medicineslength - 1, (e++)]): Object: 'Object Repository/DispensaryToCms/Page_Dispensary Store/button_Add' is clicked on

2018-05-21 10:08:11 - [TEST_STEP][PASSED] - selectOptionByIndex: All options with index in [4] are selected on object 'Object Repository/DispensaryToCms/Page_Dispensary Store/select_--Select--Schedule 1Inj'

2018-05-21 10:08:11 - [MESSAGE][PASSED] - All options with index in [4] are selected on object 'Object Repository/DispensaryToCms/Page_Dispensary Store/select_--Select--Schedule 1Inj'

2018-05-21 10:08:11 - [TEST_STEP][PASSED] - selectOptionByIndex: All options with index in [1] are selected on object 'Object Repository/DispensaryToCms/Page_Dispensary Store/select_--Select--Adernaline 0.'

2018-05-21 10:08:11 - [MESSAGE][PASSED] - All options with index in [1] are selected on object 'Object Repository/DispensaryToCms/Page_Dispensary Store/select_--Select--Adernaline 0.'

2018-05-21 10:08:11 - [TEST_STEP][PASSED] - setText: Text '100' is set on object 'Object Repository/DispensaryToCms/Page_Dispensary Store/input_txttreat'

2018-05-21 10:08:11 - [MESSAGE][PASSED] - Text '100' is set on object 'Object Repository/DispensaryToCms/Page_Dispensary Store/input_txttreat'

2018-05-21 10:08:11 - [TEST_STEP][PASSED] - click: Object: 'Object Repository/DispensaryToCms/Page_Dispensary Store/button_Add' is clicked on

2018-05-21 10:08:11 - [MESSAGE][PASSED] - Object: 'Object Repository/DispensaryToCms/Page_Dispensary Store/button_Add' is clicked on

2018-05-21 10:08:11 - [TEST_STEP][PASSED] - selectOptionByIndex: All options with index in [4] are selected on object 'Object Repository/DispensaryToCms/Page_Dispensary Store/select_--Select--Schedule 1Inj'

2018-05-21 10:08:12 - [MESSAGE][PASSED] - All options with index in [4] are selected on object 'Object Repository/DispensaryToCms/Page_Dispensary Store/select_--Select--Schedule 1Inj'

2018-05-21 10:08:12 - [TEST_STEP][PASSED] - selectOptionByIndex: All options with index in [2] are selected on object 'Object Repository/DispensaryToCms/Page_Dispensary Store/select_--Select--Adernaline 0.'

2018-05-21 10:08:12 - [MESSAGE][PASSED] - All options with index in [2] are selected on object 'Object Repository/DispensaryToCms/Page_Dispensary Store/select_--Select--Adernaline 0.'

2018-05-21 10:08:12 - [TEST_STEP][PASSED] - setText: Text '100' is set on object 'Object Repository/DispensaryToCms/Page_Dispensary Store/input_txttreat'

2018-05-21 10:08:12 - [MESSAGE][PASSED] - Text '100' is set on object 'Object Repository/DispensaryToCms/Page_Dispensary Store/input_txttreat'

2018-05-21 10:08:12 - [TEST_STEP][PASSED] - click: Object: 'Object Repository/DispensaryToCms/Page_Dispensary Store/button_Add' is clicked on

2018-05-21 10:08:12 - [MESSAGE][PASSED] - Object: 'Object Repository/DispensaryToCms/Page_Dispensary Store/button_Add' is clicked on

2018-05-21 10:08:12 - [TEST_STEP][PASSED] - selectOptionByIndex: All options with index in [4] are selected on object 'Object Repository/DispensaryToCms/Page_Dispensary Store/select_--Select--Schedule 1Inj'

2018-05-21 10:08:12 - [MESSAGE][PASSED] - All options with index in [4] are selected on object 'Object Repository/DispensaryToCms/Page_Dispensary Store/select_--Select--Schedule 1Inj'

2018-05-21 10:08:12 - [TEST_STEP][PASSED] - selectOptionByIndex: All options with index in [3] are selected on object 'Object Repository/DispensaryToCms/Page_Dispensary Store/select_--Select--Adernaline 0.'

2018-05-21 10:08:12 - [MESSAGE][PASSED] - All options with index in [3] are selected on object 'Object Repository/DispensaryToCms/Page_Dispensary Store/select_--Select--Adernaline 0.'

2018-05-21 10:08:12 - [TEST_STEP][PASSED] - setText: Text '100' is set on object 'Object Repository/DispensaryToCms/Page_Dispensary Store/input_txttreat'

2018-05-21 10:08:12 - [MESSAGE][PASSED] - Text '100' is set on object 'Object Repository/DispensaryToCms/Page_Dispensary Store/input_txttreat'

2018-05-21 10:08:12 - [TEST_STEP][PASSED] - click: Object: 'Object Repository/DispensaryToCms/Page_Dispensary Store/button_Add' is clicked on

2018-05-21 10:08:12 - [MESSAGE][PASSED] - Object: 'Object Repository/DispensaryToCms/Page_Dispensary Store/button_Add' is clicked on

2018-05-21 10:08:12 - [TEST_STEP][PASSED] - selectOptionByIndex: All options with index in [4] are selected on object 'Object Repository/DispensaryToCms/Page_Dispensary Store/select_--Select--Schedule 1Inj'

2018-05-21 10:08:13 - [MESSAGE][PASSED] - All options with index in [4] are selected on object 'Object Repository/DispensaryToCms/Page_Dispensary Store/select_--Select--Schedule 1Inj'

2018-05-21 10:08:13 - [TEST_STEP][PASSED] - selectOptionByIndex: All options with index in [4] are selected on object 'Object Repository/DispensaryToCms/Page_Dispensary Store/select_--Select--Adernaline 0.'

2018-05-21 10:08:13 - [MESSAGE][PASSED] - All options with index in [4] are selected on object 'Object Repository/DispensaryToCms/Page_Dispensary Store/select_--Select--Adernaline 0.'

2018-05-21 10:08:13 - [TEST_STEP][PASSED] - setText: Text '100' is set on object 'Object Repository/DispensaryToCms/Page_Dispensary Store/input_txttreat'

2018-05-21 10:08:13 - [MESSAGE][PASSED] - Text '100' is set on object 'Object Repository/DispensaryToCms/Page_Dispensary Store/input_txttreat'

2018-05-21 10:08:13 - [TEST_STEP][PASSED] - click: Object: 'Object Repository/DispensaryToCms/Page_Dispensary Store/button_Add' is clicked on

2018-05-21 10:08:13 - [MESSAGE][PASSED] - Object: 'Object Repository/DispensaryToCms/Page_Dispensary Store/button_Add' is clicked on

2018-05-21 10:08:13 - [TEST_STEP][PASSED] - selectOptionByIndex: All options with index in [4] are selected on object 'Object Repository/DispensaryToCms/Page_Dispensary Store/select_--Select--Schedule 1Inj'

2018-05-21 10:08:13 - [MESSAGE][PASSED] - All options with index in [4] are selected on object 'Object Repository/DispensaryToCms/Page_Dispensary Store/select_--Select--Schedule 1Inj'

2018-05-21 10:08:13 - [TEST_STEP][PASSED] - selectOptionByIndex: All options with index in [5] are selected on object 'Object Repository/DispensaryToCms/Page_Dispensary Store/select_--Select--Adernaline 0.'

2018-05-21 10:08:13 - [MESSAGE][PASSED] - All options with index in [5] are selected on object 'Object Repository/DispensaryToCms/Page_Dispensary Store/select_--Select--Adernaline 0.'

2018-05-21 10:08:13 - [TEST_STEP][PASSED] - setText: Text '100' is set on object 'Object Repository/DispensaryToCms/Page_Dispensary Store/input_txttreat'

2018-05-21 10:08:13 - [MESSAGE][PASSED] - Text '100' is set on object 'Object Repository/DispensaryToCms/Page_Dispensary Store/input_txttreat'

2018-05-21 10:08:13 - [TEST_STEP][PASSED] - click: Object: 'Object Repository/DispensaryToCms/Page_Dispensary Store/button_Add' is clicked on

2018-05-21 10:08:13 - [MESSAGE][PASSED] - Object: 'Object Repository/DispensaryToCms/Page_Dispensary Store/button_Add' is clicked on

2018-05-21 10:08:13 - [TEST_STEP][PASSED] - selectOptionByIndex: All options with index in [4] are selected on object 'Object Repository/DispensaryToCms/Page_Dispensary Store/select_--Select--Schedule 1Inj'

2018-05-21 10:08:14 - [MESSAGE][PASSED] - All options with index in [4] are selected on object 'Object Repository/DispensaryToCms/Page_Dispensary Store/select_--Select--Schedule 1Inj'

2018-05-21 10:08:14 - [TEST_STEP][PASSED] - selectOptionByIndex: All options with index in [6] are selected on object 'Object Repository/DispensaryToCms/Page_Dispensary Store/select_--Select--Adernaline 0.'

2018-05-21 10:08:14 - [MESSAGE][PASSED] - All options with index in [6] are selected on object 'Object Repository/DispensaryToCms/Page_Dispensary Store/select_--Select--Adernaline 0.'

2018-05-21 10:08:14 - [TEST_STEP][PASSED] - setText: Text '100' is set on object 'Object Repository/DispensaryToCms/Page_Dispensary Store/input_txttreat'

2018-05-21 10:08:14 - [MESSAGE][PASSED] - Text '100' is set on object 'Object Repository/DispensaryToCms/Page_Dispensary Store/input_txttreat'

2018-05-21 10:08:14 - [TEST_STEP][PASSED] - click: Object: 'Object Repository/DispensaryToCms/Page_Dispensary Store/button_Add' is clicked on

2018-05-21 10:08:14 - [MESSAGE][PASSED] - Object: 'Object Repository/DispensaryToCms/Page_Dispensary Store/button_Add' is clicked on

2018-05-21 10:08:14 - [TEST_STEP][PASSED] - selectOptionByIndex: All options with index in [4] are selected on object 'Object Repository/DispensaryToCms/Page_Dispensary Store/select_--Select--Schedule 1Inj'

2018-05-21 10:08:14 - [MESSAGE][PASSED] - All options with index in [4] are selected on object 'Object Repository/DispensaryToCms/Page_Dispensary Store/select_--Select--Schedule 1Inj'

2018-05-21 10:08:14 - [TEST_STEP][PASSED] - selectOptionByIndex: All options with index in [7] are selected on object 'Object Repository/DispensaryToCms/Page_Dispensary Store/select_--Select--Adernaline 0.'

2018-05-21 10:08:14 - [MESSAGE][PASSED] - All options with index in [7] are selected on object 'Object Repository/DispensaryToCms/Page_Dispensary Store/select_--Select--Adernaline 0.'

2018-05-21 10:08:14 - [TEST_STEP][PASSED] - setText: Text '100' is set on object 'Object Repository/DispensaryToCms/Page_Dispensary Store/input_txttreat'

2018-05-21 10:08:14 - [MESSAGE][PASSED] - Text '100' is set on object 'Object Repository/DispensaryToCms/Page_Dispensary Store/input_txttreat'

2018-05-21 10:08:14 - [TEST_STEP][PASSED] - click: Object: 'Object Repository/DispensaryToCms/Page_Dispensary Store/button_Add' is clicked on

2018-05-21 10:08:15 - [MESSAGE][PASSED] - Object: 'Object Repository/DispensaryToCms/Page_Dispensary Store/button_Add' is clicked on

2018-05-21 10:08:15 - [TEST_STEP][PASSED] - selectOptionByIndex: All options with index in [4] are selected on object 'Object Repository/DispensaryToCms/Page_Dispensary Store/select_--Select--Schedule 1Inj'

2018-05-21 10:08:15 - [MESSAGE][PASSED] - All options with index in [4] are selected on object 'Object Repository/DispensaryToCms/Page_Dispensary Store/select_--Select--Schedule 1Inj'

2018-05-21 10:08:15 - [TEST_STEP][PASSED] - selectOptionByIndex: All options with index in [8] are selected on object 'Object Repository/DispensaryToCms/Page_Dispensary Store/select_--Select--Adernaline 0.'

2018-05-21 10:08:15 - [MESSAGE][PASSED] - All options with index in [8] are selected on object 'Object Repository/DispensaryToCms/Page_Dispensary Store/select_--Select--Adernaline 0.'

2018-05-21 10:08:15 - [TEST_STEP][PASSED] - setText: Text '100' is set on object 'Object Repository/DispensaryToCms/Page_Dispensary Store/input_txttreat'

2018-05-21 10:08:15 - [MESSAGE][PASSED] - Text '100' is set on object 'Object Repository/DispensaryToCms/Page_Dispensary Store/input_txttreat'

2018-05-21 10:08:15 - [TEST_STEP][PASSED] - click: Object: 'Object Repository/DispensaryToCms/Page_Dispensary Store/button_Add' is clicked on

2018-05-21 10:08:15 - [MESSAGE][PASSED] - Object: 'Object Repository/DispensaryToCms/Page_Dispensary Store/button_Add' is clicked on

2018-05-21 10:08:15 - [TEST_STEP][PASSED] - selectOptionByIndex: All options with index in [4] are selected on object 'Object Repository/DispensaryToCms/Page_Dispensary Store/select_--Select--Schedule 1Inj'

2018-05-21 10:08:15 - [MESSAGE][PASSED] - All options with index in [4] are selected on object 'Object Repository/DispensaryToCms/Page_Dispensary Store/select_--Select--Schedule 1Inj'

2018-05-21 10:08:15 - [TEST_STEP][PASSED] - selectOptionByIndex: All options with index in [9] are selected on object 'Object Repository/DispensaryToCms/Page_Dispensary Store/select_--Select--Adernaline 0.'

2018-05-21 10:08:16 - [MESSAGE][PASSED] - All options with index in [9] are selected on object 'Object Repository/DispensaryToCms/Page_Dispensary Store/select_--Select--Adernaline 0.'

2018-05-21 10:08:16 - [TEST_STEP][PASSED] - setText: Text '100' is set on object 'Object Repository/DispensaryToCms/Page_Dispensary Store/input_txttreat'

2018-05-21 10:08:16 - [MESSAGE][PASSED] - Text '100' is set on object 'Object Repository/DispensaryToCms/Page_Dispensary Store/input_txttreat'

2018-05-21 10:08:16 - [TEST_STEP][PASSED] - click: Object: 'Object Repository/DispensaryToCms/Page_Dispensary Store/button_Add' is clicked on

2018-05-21 10:08:16 - [MESSAGE][PASSED] - Object: 'Object Repository/DispensaryToCms/Page_Dispensary Store/button_Add' is clicked on

2018-05-21 10:08:16 - [TEST_STEP][PASSED] - selectOptionByIndex: All options with index in [4] are selected on object 'Object Repository/DispensaryToCms/Page_Dispensary Store/select_--Select--Schedule 1Inj'

2018-05-21 10:08:16 - [MESSAGE][PASSED] - All options with index in [4] are selected on object 'Object Repository/DispensaryToCms/Page_Dispensary Store/select_--Select--Schedule 1Inj'

2018-05-21 10:08:16 - [TEST_STEP][PASSED] - selectOptionByIndex: All options with index in [10] are selected on object 'Object Repository/DispensaryToCms/Page_Dispensary Store/select_--Select--Adernaline 0.'

2018-05-21 10:08:16 - [MESSAGE][PASSED] - All options with index in [10] are selected on object 'Object Repository/DispensaryToCms/Page_Dispensary Store/select_--Select--Adernaline 0.'

2018-05-21 10:08:16 - [TEST_STEP][PASSED] - setText: Text '100' is set on object 'Object Repository/DispensaryToCms/Page_Dispensary Store/input_txttreat'

2018-05-21 10:08:16 - [MESSAGE][PASSED] - Text '100' is set on object 'Object Repository/DispensaryToCms/Page_Dispensary Store/input_txttreat'

2018-05-21 10:08:16 - [TEST_STEP][PASSED] - click: Object: 'Object Repository/DispensaryToCms/Page_Dispensary Store/button_Add' is clicked on

2018-05-21 10:08:16 - [MESSAGE][PASSED] - Object: 'Object Repository/DispensaryToCms/Page_Dispensary Store/button_Add' is clicked on

2018-05-21 10:08:16 - [TEST_STEP][PASSED] - selectOptionByIndex: All options with index in [4] are selected on object 'Object Repository/DispensaryToCms/Page_Dispensary Store/select_--Select--Schedule 1Inj'

2018-05-21 10:08:16 - [MESSAGE][PASSED] - All options with index in [4] are selected on object 'Object Repository/DispensaryToCms/Page_Dispensary Store/select_--Select--Schedule 1Inj'

2018-05-21 10:08:16 - [TEST_STEP][PASSED] - selectOptionByIndex: All options with index in [11] are selected on object 'Object Repository/DispensaryToCms/Page_Dispensary Store/select_--Select--Adernaline 0.'

2018-05-21 10:08:17 - [MESSAGE][PASSED] - All options with index in [11] are selected on object 'Object Repository/DispensaryToCms/Page_Dispensary Store/select_--Select--Adernaline 0.'

2018-05-21 10:08:17 - [TEST_STEP][PASSED] - setText: Text '100' is set on object 'Object Repository/DispensaryToCms/Page_Dispensary Store/input_txttreat'

2018-05-21 10:08:17 - [MESSAGE][PASSED] - Text '100' is set on object 'Object Repository/DispensaryToCms/Page_Dispensary Store/input_txttreat'

2018-05-21 10:08:17 - [TEST_STEP][PASSED] - click: Object: 'Object Repository/DispensaryToCms/Page_Dispensary Store/button_Add' is clicked on

2018-05-21 10:08:17 - [MESSAGE][PASSED] - Object: 'Object Repository/DispensaryToCms/Page_Dispensary Store/button_Add' is clicked on

2018-05-21 10:08:17 - [TEST_STEP][PASSED] - selectOptionByIndex: All options with index in [4] are selected on object 'Object Repository/DispensaryToCms/Page_Dispensary Store/select_--Select--Schedule 1Inj'

2018-05-21 10:08:17 - [MESSAGE][PASSED] - All options with index in [4] are selected on object 'Object Repository/DispensaryToCms/Page_Dispensary Store/select_--Select--Schedule 1Inj'

2018-05-21 10:08:17 - [TEST_STEP][PASSED] - selectOptionByIndex: All options with index in [12] are selected on object 'Object Repository/DispensaryToCms/Page_Dispensary Store/select_--Select--Adernaline 0.'

2018-05-21 10:08:17 - [MESSAGE][PASSED] - All options with index in [12] are selected on object 'Object Repository/DispensaryToCms/Page_Dispensary Store/select_--Select--Adernaline 0.'

2018-05-21 10:08:17 - [TEST_STEP][PASSED] - setText: Text '100' is set on object 'Object Repository/DispensaryToCms/Page_Dispensary Store/input_txttreat'

2018-05-21 10:08:17 - [MESSAGE][PASSED] - Text '100' is set on object 'Object Repository/DispensaryToCms/Page_Dispensary Store/input_txttreat'

2018-05-21 10:08:17 - [TEST_STEP][PASSED] - click: Object: 'Object Repository/DispensaryToCms/Page_Dispensary Store/button_Add' is clicked on

2018-05-21 10:08:18 - [MESSAGE][PASSED] - Object: 'Object Repository/DispensaryToCms/Page_Dispensary Store/button_Add' is clicked on

2018-05-21 10:08:18 - [TEST_STEP][PASSED] - selectOptionByIndex: All options with index in [4] are selected on object 'Object Repository/DispensaryToCms/Page_Dispensary Store/select_--Select--Schedule 1Inj'

2018-05-21 10:08:18 - [MESSAGE][PASSED] - All options with index in [4] are selected on object 'Object Repository/DispensaryToCms/Page_Dispensary Store/select_--Select--Schedule 1Inj'

2018-05-21 10:08:18 - [TEST_STEP][PASSED] - selectOptionByIndex: All options with index in [13] are selected on object 'Object Repository/DispensaryToCms/Page_Dispensary Store/select_--Select--Adernaline 0.'

2018-05-21 10:08:18 - [MESSAGE][PASSED] - All options with index in [13] are selected on object 'Object Repository/DispensaryToCms/Page_Dispensary Store/select_--Select--Adernaline 0.'

2018-05-21 10:08:18 - [TEST_STEP][PASSED] - setText: Text '100' is set on object 'Object Repository/DispensaryToCms/Page_Dispensary Store/input_txttreat'

2018-05-21 10:08:18 - [MESSAGE][PASSED] - Text '100' is set on object 'Object Repository/DispensaryToCms/Page_Dispensary Store/input_txttreat'

2018-05-21 10:08:18 - [TEST_STEP][PASSED] - click: Object: 'Object Repository/DispensaryToCms/Page_Dispensary Store/button_Add' is clicked on

2018-05-21 10:08:18 - [MESSAGE][PASSED] - Object: 'Object Repository/DispensaryToCms/Page_Dispensary Store/button_Add' is clicked on

2018-05-21 10:08:18 - [TEST_STEP][PASSED] - selectOptionByIndex: All options with index in [4] are selected on object 'Object Repository/DispensaryToCms/Page_Dispensary Store/select_--Select--Schedule 1Inj'

2018-05-21 10:08:18 - [MESSAGE][PASSED] - All options with index in [4] are selected on object 'Object Repository/DispensaryToCms/Page_Dispensary Store/select_--Select--Schedule 1Inj'

2018-05-21 10:08:18 - [TEST_STEP][PASSED] - selectOptionByIndex: All options with index in [14] are selected on object 'Object Repository/DispensaryToCms/Page_Dispensary Store/select_--Select--Adernaline 0.'

2018-05-21 10:08:19 - [MESSAGE][PASSED] - All options with index in [14] are selected on object 'Object Repository/DispensaryToCms/Page_Dispensary Store/select_--Select--Adernaline 0.'

2018-05-21 10:08:19 - [TEST_STEP][PASSED] - setText: Text '100' is set on object 'Object Repository/DispensaryToCms/Page_Dispensary Store/input_txttreat'

2018-05-21 10:08:19 - [MESSAGE][PASSED] - Text '100' is set on object 'Object Repository/DispensaryToCms/Page_Dispensary Store/input_txttreat'

2018-05-21 10:08:19 - [TEST_STEP][PASSED] - click: Object: 'Object Repository/DispensaryToCms/Page_Dispensary Store/button_Add' is clicked on

2018-05-21 10:08:19 - [MESSAGE][PASSED] - Object: 'Object Repository/DispensaryToCms/Page_Dispensary Store/button_Add' is clicked on

2018-05-21 10:08:19 - [TEST_STEP][PASSED] - selectOptionByIndex: All options with index in [4] are selected on object 'Object Repository/DispensaryToCms/Page_Dispensary Store/select_--Select--Schedule 1Inj'

2018-05-21 10:08:19 - [MESSAGE][PASSED] - All options with index in [4] are selected on object 'Object Repository/DispensaryToCms/Page_Dispensary Store/select_--Select--Schedule 1Inj'

2018-05-21 10:08:19 - [TEST_STEP][PASSED] - selectOptionByIndex: All options with index in [15] are selected on object 'Object Repository/DispensaryToCms/Page_Dispensary Store/select_--Select--Adernaline 0.'

2018-05-21 10:08:19 - [MESSAGE][PASSED] - All options with index in [15] are selected on object 'Object Repository/DispensaryToCms/Page_Dispensary Store/select_--Select--Adernaline 0.'

2018-05-21 10:08:19 - [TEST_STEP][PASSED] - setText: Text '100' is set on object 'Object Repository/DispensaryToCms/Page_Dispensary Store/input_txttreat'

2018-05-21 10:08:19 - [MESSAGE][PASSED] - Text '100' is set on object 'Object Repository/DispensaryToCms/Page_Dispensary Store/input_txttreat'

2018-05-21 10:08:19 - [TEST_STEP][PASSED] - click: Object: 'Object Repository/DispensaryToCms/Page_Dispensary Store/button_Add' is clicked on

2018-05-21 10:08:19 - [MESSAGE][PASSED] - Object: 'Object Repository/DispensaryToCms/Page_Dispensary Store/button_Add' is clicked on

2018-05-21 10:08:19 - [TEST_STEP][PASSED] - scrollToElement: Scroll to object 'Object Repository/DispensaryToCms/Page_Dispensary Store/input_btnsave' successfully

2018-05-21 10:08:19 - [MESSAGE][PASSED] - Scroll to object 'Object Repository/DispensaryToCms/Page_Dispensary Store/input_btnsave' successfully

2018-05-21 10:08:19 - [TEST_STEP][PASSED] - click: Object: 'Object Repository/DispensaryToCms/Page_Dispensary Store/input_btnsave' is clicked on

2018-05-21 10:08:19 - [MESSAGE][PASSED] - Object: 'Object Repository/DispensaryToCms/Page_Dispensary Store/input_btnsave' is clicked on

2018-05-21 10:08:19 - [TEST_STEP][PASSED] - delay: Delayed 3 second(s)

2018-05-21 10:08:23 - [MESSAGE][PASSED] - Delayed 3 second(s)

2018-05-21 10:08:23 - [TEST_STEP][PASSED] - Statement - RN1 = com.kms.katalon.core.webui.keyword.WebUiBuiltInKeywords.getText(com.kms.katalon.core.testobject.ObjectRepository.findTestObject(DispensaryToCms/Page_Dispensary Store/font_PRNO18052018174)): Text of object 'Object Repository/DispensaryToCms/Page_Dispensary Store/font_PRNO18052018174' is: 'PRNO/21052018/284'

2018-05-21 10:08:23 - [MESSAGE][PASSED] - Text of object 'Object Repository/DispensaryToCms/Page_Dispensary Store/font_PRNO18052018174' is: 'PRNO/21052018/284'

2018-05-21 10:08:23 - [TEST_STEP][PASSED] - Statement - out.println(RN1): null

2018-05-21 10:08:23 - [TEST_STEP][PASSED] - Statement - RID = RN1.split("/")[2]: null

2018-05-21 10:08:23 - [TEST_STEP][PASSED] - click: Object: 'Object Repository/DispensaryToCms/Page_Dispensary Store/button_OK' is clicked on

2018-05-21 10:08:23 - [MESSAGE][PASSED] - Object: 'Object Repository/DispensaryToCms/Page_Dispensary Store/button_OK' is clicked on

2018-05-21 10:08:23 - [TEST_STEP][PASSED] - delay: Delayed 3 second(s)

2018-05-21 10:08:26 - [MESSAGE][PASSED] - Delayed 3 second(s)

2018-05-21 10:08:26 - [TEST_STEP][PASSED] - click: Object: 'Object Repository/DispensaryToCms/Page_Dispensary Store/a_dropdown-toggle' is clicked on

2018-05-21 10:08:26 - [MESSAGE][PASSED] - Object: 'Object Repository/DispensaryToCms/Page_Dispensary Store/a_dropdown-toggle' is clicked on

2018-05-21 10:08:26 - [TEST_STEP][PASSED] - click: Object: 'Object Repository/DispensaryToCms/Page_Dispensary Store/a_Sign out' is clicked on

2018-05-21 10:08:27 - [MESSAGE][PASSED] - Object: 'Object Repository/DispensaryToCms/Page_Dispensary Store/a_Sign out' is clicked on

2018-05-21 10:08:27 - [TEST_STEP][PASSED] - delay: Delayed 3 second(s)

2018-05-21 10:08:30 - [MESSAGE][PASSED] - Delayed 3 second(s)

2018-05-21 10:08:30 - [TEST_STEP][PASSED] - navigateToUrl: Navigate to 'http://192.168.137.1/multihospital_new/' successfully

2018-05-21 10:08:30 - [MESSAGE][PASSED] - Navigate to 'http://192.168.137.1/multihospital_new/' successfully

2018-05-21 10:08:30 - [TEST_STEP][PASSED] - click: Object: 'Object Repository/DispensaryToCms/Page_KDMC/a_CMO' is clicked on

2018-05-21 10:08:31 - [MESSAGE][PASSED] - Object: 'Object Repository/DispensaryToCms/Page_KDMC/a_CMO' is clicked on

2018-05-21 10:08:31 - [TEST_STEP][PASSED] - setText: Text 'guru' is set on object 'Object Repository/DispensaryToCms/Page_CMO login/input_txtusername'

2018-05-21 10:08:31 - [MESSAGE][PASSED] - Text 'guru' is set on object 'Object Repository/DispensaryToCms/Page_CMO login/input_txtusername'

2018-05-21 10:08:31 - [TEST_STEP][PASSED] - setText: Text '123' is set on object 'Object Repository/DispensaryToCms/Page_CMO login/input_txtpassword'

2018-05-21 10:08:31 - [MESSAGE][PASSED] - Text '123' is set on object 'Object Repository/DispensaryToCms/Page_CMO login/input_txtpassword'

2018-05-21 10:08:31 - [TEST_STEP][PASSED] - delay: Delayed 3 second(s)

2018-05-21 10:08:34 - [MESSAGE][PASSED] - Delayed 3 second(s)

2018-05-21 10:08:34 - [TEST_STEP][PASSED] - click: Object: 'Object Repository/DispensaryToCms/Page_CMO login/button_Sign in' is clicked on

2018-05-21 10:08:36 - [MESSAGE][PASSED] - Object: 'Object Repository/DispensaryToCms/Page_CMO login/button_Sign in' is clicked on

2018-05-21 10:08:36 - [TEST_STEP][PASSED] - delay: Delayed 3 second(s)

2018-05-21 10:08:39 - [MESSAGE][PASSED] - Delayed 3 second(s)

2018-05-21 10:08:39 - [TEST_STEP][PASSED] - click: Object: 'Object Repository/DispensaryToCms/Page_KDMC - CMO/a_CMS Request' is clicked on

2018-05-21 10:08:39 - [MESSAGE][PASSED] - Object: 'Object Repository/DispensaryToCms/Page_KDMC - CMO/a_CMS Request' is clicked on

2018-05-21 10:08:39 - [TEST_STEP][PASSED] - delay: Delayed 2 second(s)

2018-05-21 10:08:41 - [MESSAGE][PASSED] - Delayed 2 second(s)

2018-05-21 10:08:41 - [TEST_STEP][PASSED] - click: Object: 'Object Repository/DispensaryToCms/Page_KDMC - CMO/a_Dispensary Store Request' is clicked on

2018-05-21 10:08:42 - [MESSAGE][PASSED] - Object: 'Object Repository/DispensaryToCms/Page_KDMC - CMO/a_Dispensary Store Request' is clicked on

2018-05-21 10:08:42 - [TEST_STEP][PASSED] - selectOptionByIndex: All options with index in [1] are selected on object 'Object Repository/DispensaryToCms/Page_KDMC - CMO/select_--ALL--'

2018-05-21 10:08:42 - [MESSAGE][PASSED] - All options with index in [1] are selected on object 'Object Repository/DispensaryToCms/Page_KDMC - CMO/select_--ALL--'

2018-05-21 10:08:42 - [TEST_STEP][PASSED] - click: Object: 'Object Repository/DispensaryToCms/Page_KDMC - CMO/input_btnsearch' is clicked on

2018-05-21 10:08:42 - [MESSAGE][PASSED] - Object: 'Object Repository/DispensaryToCms/Page_KDMC - CMO/input_btnsearch' is clicked on

2018-05-21 10:08:42 - [TEST_STEP][PASSED] - Statement - ID = com.kms.katalon.core.webui.keyword.WebUiBuiltInKeywords.modifyObjectProperty(com.kms.katalon.core.testobject.ObjectRepository.findTestObject(lab/Page_KDMC - CMO/input_1), "xpath", "equals", "//*[@id=" + RID + "]", true): Modify property of object successfully

2018-05-21 10:08:42 - [MESSAGE][PASSED] - Modify property of object successfully

2018-05-21 10:08:42 - [TEST_STEP][PASSED] - click: Object: 'Object Repository/lab/Page_KDMC - CMO/input_1' is clicked on

2018-05-21 10:08:43 - [MESSAGE][PASSED] - Object: 'Object Repository/lab/Page_KDMC - CMO/input_1' is clicked on

2018-05-21 10:08:43 - [TEST_STEP][PASSED] - delay: Delayed 2 second(s)

2018-05-21 10:08:45 - [MESSAGE][PASSED] - Delayed 2 second(s)

2018-05-21 10:08:45 - [TEST_STEP][PASSED] - selectOptionByIndex: All options with index in [1] are selected on object 'Object Repository/DispensaryToCms/Page_KDMC - CMO/select_--Select--'

2018-05-21 10:08:45 - [MESSAGE][PASSED] - All options with index in [1] are selected on object 'Object Repository/DispensaryToCms/Page_KDMC - CMO/select_--Select--'

2018-05-21 10:08:45 - [TEST_STEP][PASSED] - click: Object: 'Object Repository/DispensaryToCms/Page_KDMC - CMO/input_btnupdate' is clicked on

2018-05-21 10:08:45 - [MESSAGE][PASSED] - Object: 'Object Repository/DispensaryToCms/Page_KDMC - CMO/input_btnupdate' is clicked on

2018-05-21 10:08:45 - [TEST_STEP][PASSED] - delay: Delayed 2 second(s)

2018-05-21 10:08:47 - [MESSAGE][PASSED] - Delayed 2 second(s)

2018-05-21 10:08:47 - [TEST_STEP][PASSED] - click: Object: 'Object Repository/DispensaryToCms/Page_KDMC - CMO/button_OK' is clicked on

2018-05-21 10:08:48 - [MESSAGE][PASSED] - Object: 'Object Repository/DispensaryToCms/Page_KDMC - CMO/button_OK' is clicked on

2018-05-21 10:08:48 - [TEST_STEP][PASSED] - delay: Delayed 3 second(s)

2018-05-21 10:08:51 - [MESSAGE][PASSED] - Delayed 3 second(s)

2018-05-21 10:08:51 - [TEST_STEP][PASSED] - click: Object: 'Object Repository/DispensaryToCms/Page_KDMC - CMO/a_dropdown-toggle' is clicked on

2018-05-21 10:08:51 - [MESSAGE][PASSED] - Object: 'Object Repository/DispensaryToCms/Page_KDMC - CMO/a_dropdown-toggle' is clicked on

2018-05-21 10:08:51 - [TEST_STEP][PASSED] - click: Object: 'Object Repository/DispensaryToCms/Page_KDMC - CMO/a_Sign out' is clicked on

2018-05-21 10:08:52 - [MESSAGE][PASSED] - Object: 'Object Repository/DispensaryToCms/Page_KDMC - CMO/a_Sign out' is clicked on

2018-05-21 10:08:52 - [TEST_STEP][PASSED] - delay: Delayed 3 second(s)

2018-05-21 10:08:55 - [MESSAGE][PASSED] - Delayed 3 second(s)

2018-05-21 10:08:55 - [TEST_STEP][PASSED] - click: Object: 'Object Repository/DispensaryToCms/Page_KDMC/a_CMS' is clicked on

2018-05-21 10:08:59 - [MESSAGE][PASSED] - Object: 'Object Repository/DispensaryToCms/Page_KDMC/a_CMS' is clicked on

2018-05-21 10:08:59 - [TEST_STEP][PASSED] - setText: Text 'bala' is set on object 'Object Repository/DispensaryToCms/Page_CMS login/input_txtusername'

2018-05-21 10:08:59 - [MESSAGE][PASSED] - Text 'bala' is set on object 'Object Repository/DispensaryToCms/Page_CMS login/input_txtusername'

2018-05-21 10:08:59 - [TEST_STEP][PASSED] - setText: Text '123' is set on object 'Object Repository/DispensaryToCms/Page_CMS login/input_txtpassword'

2018-05-21 10:08:59 - [MESSAGE][PASSED] - Text '123' is set on object 'Object Repository/DispensaryToCms/Page_CMS login/input_txtpassword'

2018-05-21 10:08:59 - [TEST_STEP][PASSED] - delay: Delayed 3 second(s)

2018-05-21 10:09:02 - [MESSAGE][PASSED] - Delayed 3 second(s)

2018-05-21 10:09:02 - [TEST_STEP][PASSED] - click: Object: 'Object Repository/DispensaryToCms/Page_CMS login/button_Sign in' is clicked on

2018-05-21 10:09:03 - [MESSAGE][PASSED] - Object: 'Object Repository/DispensaryToCms/Page_CMS login/button_Sign in' is clicked on

2018-05-21 10:09:03 - [TEST_STEP][PASSED] - delay: Delayed 3 second(s)

2018-05-21 10:09:06 - [MESSAGE][PASSED] - Delayed 3 second(s)

2018-05-21 10:09:06 - [TEST_STEP][PASSED] - click: Object: 'Object Repository/DispensaryToCms/Page_KDMC - CMS/a_Divisional Store' is clicked on

2018-05-21 10:09:06 - [MESSAGE][PASSED] - Object: 'Object Repository/DispensaryToCms/Page_KDMC - CMS/a_Divisional Store' is clicked on

2018-05-21 10:09:06 - [TEST_STEP][PASSED] - delay: Delayed 2 second(s)

2018-05-21 10:09:08 - [MESSAGE][PASSED] - Delayed 2 second(s)

2018-05-21 10:09:08 - [TEST_STEP][PASSED] - click: Object: 'Object Repository/DispensaryToCms/Page_KDMC - CMS/a_Dispatch Items' is clicked on

2018-05-21 10:09:09 - [MESSAGE][PASSED] - Object: 'Object Repository/DispensaryToCms/Page_KDMC - CMS/a_Dispatch Items' is clicked on

2018-05-21 10:09:09 - [TEST_STEP][PASSED] - delay: Delayed 2 second(s)

2018-05-21 10:09:11 - [MESSAGE][PASSED] - Delayed 2 second(s)

2018-05-21 10:09:11 - [TEST_STEP][PASSED] - setText: Text 'PRNO/21052018/284' is set on object 'Object Repository/DispensaryToCms/Page_KDMC - CMS/input'

2018-05-21 10:09:11 - [MESSAGE][PASSED] - Text 'PRNO/21052018/284' is set on object 'Object Repository/DispensaryToCms/Page_KDMC - CMS/input'

2018-05-21 10:09:11 - [TEST_STEP][PASSED] - click: Object: 'Object Repository/DispensaryToCms/Page_KDMC - CMS/input_PRNO18052018174' is clicked on

2018-05-21 10:09:11 - [MESSAGE][PASSED] - Object: 'Object Repository/DispensaryToCms/Page_KDMC - CMS/input_PRNO18052018174' is clicked on

2018-05-21 10:09:11 - [TEST_STEP][PASSED] - Statement - out.println("Length : " + medicineslength): null

2018-05-21 10:09:11 - [TEST_STEP][PASSED] - Statement - For ([row = 0, row < medicineslength - 1, (row++)]): null

2018-05-21 10:09:11 - [TEST_STEP][PASSED] - Statement - batchlength = new com.kms.katalon.core.testobject.TestObject(): null

2018-05-21 10:09:11 - [TEST_STEP][PASSED] - Statement - batchlength = com.kms.katalon.core.webui.keyword.WebUiBuiltInKeywords.modifyObjectProperty(batchlength, "xpath", "equals", "//*[@id = "fldvendor" + row + ""]", true): Modify property of object successfully

2018-05-21 10:09:11 - [MESSAGE][PASSED] - Modify property of object successfully

2018-05-21 10:09:11 - [TEST_STEP][PASSED] - Statement - batchsize = com.kms.katalon.core.webui.keyword.WebUiBuiltInKeywords.getNumberOfTotalOption(batchlength): 8 options of object '' counted

2018-05-21 10:09:12 - [MESSAGE][PASSED] - 8 options of object '' counted

2018-05-21 10:09:12 - [TEST_STEP][PASSED] - Statement - out.println("BatchSize : " + batchsize): null

2018-05-21 10:09:12 - [TEST_STEP][PASSED] - Statement - For ([n = 1, n <= batchsize - 1, (n++)]): null

2018-05-21 10:09:12 - [TEST_STEP][PASSED] - Statement - product = new com.kms.katalon.core.testobject.TestObject(): null

2018-05-21 10:09:12 - [TEST_STEP][PASSED] - Statement - product = com.kms.katalon.core.webui.keyword.WebUiBuiltInKeywords.modifyObjectProperty(product, "xpath", "equals", "//*[@id = "fldvendor" + row + ""]", true): Modify property of object successfully

2018-05-21 10:09:12 - [MESSAGE][PASSED] - Modify property of object successfully

2018-05-21 10:09:12 - [TEST_STEP][PASSED] - selectOptionByIndex: All options with index in [1] are selected on object ''

2018-05-21 10:09:12 - [MESSAGE][PASSED] - All options with index in [1] are selected on object ''

2018-05-21 10:09:12 - [TEST_STEP][PASSED] - Statement - batch = new com.kms.katalon.core.testobject.TestObject(): null

2018-05-21 10:09:12 - [TEST_STEP][PASSED] - Statement - batch = com.kms.katalon.core.webui.keyword.WebUiBuiltInKeywords.modifyObjectProperty(batch, "xpath", "equals", "//*[@id = "txtbthqty" + row + ""]", true): Modify property of object successfully

2018-05-21 10:09:12 - [MESSAGE][PASSED] - Modify property of object successfully

2018-05-21 10:09:12 - [TEST_STEP][PASSED] - Statement - batchqty = com.kms.katalon.core.webui.keyword.WebUiBuiltInKeywords.getAttribute(batch, "value").trim(): Attribute 'value' of object '' is: '4600'

2018-05-21 10:09:12 - [MESSAGE][PASSED] - Attribute 'value' of object '' is: '4600'

2018-05-21 10:09:12 - [TEST_STEP][PASSED] - Statement - Rqty = 100: null

2018-05-21 10:09:12 - [TEST_STEP][PASSED] - delay: Delayed 2 second(s)

2018-05-21 10:09:14 - [MESSAGE][PASSED] - Delayed 2 second(s)

2018-05-21 10:09:14 - [TEST_STEP][PASSED] - Statement - out.println("BatchQty : " + batchqty): null

2018-05-21 10:09:14 - [TEST_STEP][PASSED] - Statement - out.println("RQty : " + Rqty): null

2018-05-21 10:09:14 - [TEST_STEP][PASSED] - Statement - If (java.lang.Integer.valueOf(batchqty) >= java.lang.Integer.valueOf(Rqty)): null

2018-05-21 10:09:14 - [TEST_STEP][PASSED] - Statement - Break: null

2018-05-21 10:09:14 - [TEST_STEP][PASSED] - Statement - batchlength = new com.kms.katalon.core.testobject.TestObject(): null

2018-05-21 10:09:14 - [TEST_STEP][PASSED] - Statement - batchlength = com.kms.katalon.core.webui.keyword.WebUiBuiltInKeywords.modifyObjectProperty(batchlength, "xpath", "equals", "//*[@id = "fldvendor" + row + ""]", true): Modify property of object successfully

2018-05-21 10:09:14 - [MESSAGE][PASSED] - Modify property of object successfully

2018-05-21 10:09:14 - [TEST_STEP][PASSED] - Statement - batchsize = com.kms.katalon.core.webui.keyword.WebUiBuiltInKeywords.getNumberOfTotalOption(batchlength): 7 options of object '' counted

2018-05-21 10:09:14 - [MESSAGE][PASSED] - 7 options of object '' counted

2018-05-21 10:09:14 - [TEST_STEP][PASSED] - Statement - out.println("BatchSize : " + batchsize): null

2018-05-21 10:09:14 - [TEST_STEP][PASSED] - Statement - For ([n = 1, n <= batchsize - 1, (n++)]): null

2018-05-21 10:09:14 - [TEST_STEP][PASSED] - Statement - product = new com.kms.katalon.core.testobject.TestObject(): null

2018-05-21 10:09:14 - [TEST_STEP][PASSED] - Statement - product = com.kms.katalon.core.webui.keyword.WebUiBuiltInKeywords.modifyObjectProperty(product, "xpath", "equals", "//*[@id = "fldvendor" + row + ""]", true): Modify property of object successfully

2018-05-21 10:09:14 - [MESSAGE][PASSED] - Modify property of object successfully

2018-05-21 10:09:14 - [TEST_STEP][PASSED] - selectOptionByIndex: All options with index in [1] are selected on object ''

2018-05-21 10:09:14 - [MESSAGE][PASSED] - All options with index in [1] are selected on object ''

2018-05-21 10:09:14 - [TEST_STEP][PASSED] - Statement - batch = new com.kms.katalon.core.testobject.TestObject(): null

2018-05-21 10:09:14 - [TEST_STEP][PASSED] - Statement - batch = com.kms.katalon.core.webui.keyword.WebUiBuiltInKeywords.modifyObjectProperty(batch, "xpath", "equals", "//*[@id = "txtbthqty" + row + ""]", true): Modify property of object successfully

2018-05-21 10:09:14 - [MESSAGE][PASSED] - Modify property of object successfully

2018-05-21 10:09:14 - [TEST_STEP][PASSED] - Statement - batchqty = com.kms.katalon.core.webui.keyword.WebUiBuiltInKeywords.getAttribute(batch, "value").trim(): Attribute 'value' of object '' is: '4900'

2018-05-21 10:09:14 - [MESSAGE][PASSED] - Attribute 'value' of object '' is: '4900'

2018-05-21 10:09:14 - [TEST_STEP][PASSED] - Statement - Rqty = 100: null

2018-05-21 10:09:14 - [TEST_STEP][PASSED] - delay: Delayed 2 second(s)

2018-05-21 10:09:16 - [MESSAGE][PASSED] - Delayed 2 second(s)

2018-05-21 10:09:16 - [TEST_STEP][PASSED] - Statement - out.println("BatchQty : " + batchqty): null

2018-05-21 10:09:16 - [TEST_STEP][PASSED] - Statement - out.println("RQty : " + Rqty): null

2018-05-21 10:09:16 - [TEST_STEP][PASSED] - Statement - If (java.lang.Integer.valueOf(batchqty) >= java.lang.Integer.valueOf(Rqty)): null

2018-05-21 10:09:16 - [TEST_STEP][PASSED] - Statement - Break: null

2018-05-21 10:09:16 - [TEST_STEP][PASSED] - Statement - batchlength = new com.kms.katalon.core.testobject.TestObject(): null

2018-05-21 10:09:16 - [TEST_STEP][PASSED] - Statement - batchlength = com.kms.katalon.core.webui.keyword.WebUiBuiltInKeywords.modifyObjectProperty(batchlength, "xpath", "equals", "//*[@id = "fldvendor" + row + ""]", true): Modify property of object successfully

2018-05-21 10:09:16 - [MESSAGE][PASSED] - Modify property of object successfully

2018-05-21 10:09:16 - [TEST_STEP][PASSED] - Statement - batchsize = com.kms.katalon.core.webui.keyword.WebUiBuiltInKeywords.getNumberOfTotalOption(batchlength): 7 options of object '' counted

2018-05-21 10:09:16 - [MESSAGE][PASSED] - 7 options of object '' counted

2018-05-21 10:09:16 - [TEST_STEP][PASSED] - Statement - out.println("BatchSize : " + batchsize): null

2018-05-21 10:09:16 - [TEST_STEP][PASSED] - Statement - For ([n = 1, n <= batchsize - 1, (n++)]): null

2018-05-21 10:09:16 - [TEST_STEP][PASSED] - Statement - product = new com.kms.katalon.core.testobject.TestObject(): null

2018-05-21 10:09:16 - [TEST_STEP][PASSED] - Statement - product = com.kms.katalon.core.webui.keyword.WebUiBuiltInKeywords.modifyObjectProperty(product, "xpath", "equals", "//*[@id = "fldvendor" + row + ""]", true): Modify property of object successfully

2018-05-21 10:09:16 - [MESSAGE][PASSED] - Modify property of object successfully

2018-05-21 10:09:16 - [TEST_STEP][PASSED] - selectOptionByIndex: All options with index in [1] are selected on object ''

2018-05-21 10:09:17 - [MESSAGE][PASSED] - All options with index in [1] are selected on object ''

2018-05-21 10:09:17 - [TEST_STEP][PASSED] - Statement - batch = new com.kms.katalon.core.testobject.TestObject(): null

2018-05-21 10:09:17 - [TEST_STEP][PASSED] - Statement - batch = com.kms.katalon.core.webui.keyword.WebUiBuiltInKeywords.modifyObjectProperty(batch, "xpath", "equals", "//*[@id = "txtbthqty" + row + ""]", true): Modify property of object successfully

2018-05-21 10:09:17 - [MESSAGE][PASSED] - Modify property of object successfully

2018-05-21 10:09:17 - [TEST_STEP][PASSED] - Statement - batchqty = com.kms.katalon.core.webui.keyword.WebUiBuiltInKeywords.getAttribute(batch, "value").trim(): Attribute 'value' of object '' is: '4600'

2018-05-21 10:09:17 - [MESSAGE][PASSED] - Attribute 'value' of object '' is: '4600'

2018-05-21 10:09:17 - [TEST_STEP][PASSED] - Statement - Rqty = 100: null

2018-05-21 10:09:17 - [TEST_STEP][PASSED] - delay: Delayed 2 second(s)

2018-05-21 10:09:19 - [MESSAGE][PASSED] - Delayed 2 second(s)

2018-05-21 10:09:19 - [TEST_STEP][PASSED] - Statement - out.println("BatchQty : " + batchqty): null

2018-05-21 10:09:19 - [TEST_STEP][PASSED] - Statement - out.println("RQty : " + Rqty): null

2018-05-21 10:09:19 - [TEST_STEP][PASSED] - Statement - If (java.lang.Integer.valueOf(batchqty) >= java.lang.Integer.valueOf(Rqty)): null

2018-05-21 10:09:19 - [TEST_STEP][PASSED] - Statement - Break: null

2018-05-21 10:09:19 - [TEST_STEP][PASSED] - Statement - batchlength = new com.kms.katalon.core.testobject.TestObject(): null

2018-05-21 10:09:19 - [TEST_STEP][PASSED] - Statement - batchlength = com.kms.katalon.core.webui.keyword.WebUiBuiltInKeywords.modifyObjectProperty(batchlength, "xpath", "equals", "//*[@id = "fldvendor" + row + ""]", true): Modify property of object successfully

2018-05-21 10:09:19 - [MESSAGE][PASSED] - Modify property of object successfully

2018-05-21 10:09:19 - [TEST_STEP][PASSED] - Statement - batchsize = com.kms.katalon.core.webui.keyword.WebUiBuiltInKeywords.getNumberOfTotalOption(batchlength): 7 options of object '' counted

2018-05-21 10:09:19 - [MESSAGE][PASSED] - 7 options of object '' counted

2018-05-21 10:09:19 - [TEST_STEP][PASSED] - Statement - out.println("BatchSize : " + batchsize): null

2018-05-21 10:09:19 - [TEST_STEP][PASSED] - Statement - For ([n = 1, n <= batchsize - 1, (n++)]): null

2018-05-21 10:09:19 - [TEST_STEP][PASSED] - Statement - product = new com.kms.katalon.core.testobject.TestObject(): null

2018-05-21 10:09:19 - [TEST_STEP][PASSED] - Statement - product = com.kms.katalon.core.webui.keyword.WebUiBuiltInKeywords.modifyObjectProperty(product, "xpath", "equals", "//*[@id = "fldvendor" + row + ""]", true): Modify property of object successfully

2018-05-21 10:09:19 - [MESSAGE][PASSED] - Modify property of object successfully

2018-05-21 10:09:19 - [TEST_STEP][PASSED] - selectOptionByIndex: All options with index in [1] are selected on object ''

2018-05-21 10:09:19 - [MESSAGE][PASSED] - All options with index in [1] are selected on object ''

2018-05-21 10:09:19 - [TEST_STEP][PASSED] - Statement - batch = new com.kms.katalon.core.testobject.TestObject(): null

2018-05-21 10:09:19 - [TEST_STEP][PASSED] - Statement - batch = com.kms.katalon.core.webui.keyword.WebUiBuiltInKeywords.modifyObjectProperty(batch, "xpath", "equals", "//*[@id = "txtbthqty" + row + ""]", true): Modify property of object successfully

2018-05-21 10:09:19 - [MESSAGE][PASSED] - Modify property of object successfully

2018-05-21 10:09:19 - [TEST_STEP][PASSED] - Statement - batchqty = com.kms.katalon.core.webui.keyword.WebUiBuiltInKeywords.getAttribute(batch, "value").trim(): Attribute 'value' of object '' is: '50'

2018-05-21 10:09:19 - [MESSAGE][PASSED] - Attribute 'value' of object '' is: '50'

2018-05-21 10:09:19 - [TEST_STEP][PASSED] - Statement - Rqty = 100: null

2018-05-21 10:09:19 - [TEST_STEP][PASSED] - delay: Delayed 2 second(s)

2018-05-21 10:09:21 - [MESSAGE][PASSED] - Delayed 2 second(s)

2018-05-21 10:09:21 - [TEST_STEP][PASSED] - Statement - out.println("BatchQty : " + batchqty): null

2018-05-21 10:09:21 - [TEST_STEP][PASSED] - Statement - out.println("RQty : " + Rqty): null

2018-05-21 10:09:21 - [TEST_STEP][PASSED] - Statement - If (java.lang.Integer.valueOf(batchqty) >= java.lang.Integer.valueOf(Rqty)): null

2018-05-21 10:09:21 - [TEST_STEP][PASSED] - Statement - Else: null

2018-05-21 10:09:21 - [TEST_STEP][PASSED] - Statement - out.println("Batchqty Is Less Than Rqty"): null

2018-05-21 10:09:21 - [TEST_STEP][PASSED] - Statement - product = new com.kms.katalon.core.testobject.TestObject(): null

2018-05-21 10:09:21 - [TEST_STEP][PASSED] - Statement - product = com.kms.katalon.core.webui.keyword.WebUiBuiltInKeywords.modifyObjectProperty(product, "xpath", "equals", "//*[@id = "fldvendor" + row + ""]", true): Modify property of object successfully

2018-05-21 10:09:21 - [MESSAGE][PASSED] - Modify property of object successfully

2018-05-21 10:09:21 - [TEST_STEP][PASSED] - selectOptionByIndex: All options with index in [2] are selected on object ''

2018-05-21 10:09:21 - [MESSAGE][PASSED] - All options with index in [2] are selected on object ''

2018-05-21 10:09:21 - [TEST_STEP][PASSED] - Statement - batch = new com.kms.katalon.core.testobject.TestObject(): null

2018-05-21 10:09:21 - [TEST_STEP][PASSED] - Statement - batch = com.kms.katalon.core.webui.keyword.WebUiBuiltInKeywords.modifyObjectProperty(batch, "xpath", "equals", "//*[@id = "txtbthqty" + row + ""]", true): Modify property of object successfully

2018-05-21 10:09:21 - [MESSAGE][PASSED] - Modify property of object successfully

2018-05-21 10:09:21 - [TEST_STEP][PASSED] - Statement - batchqty = com.kms.katalon.core.webui.keyword.WebUiBuiltInKeywords.getAttribute(batch, "value").trim(): Attribute 'value' of object '' is: '400'

2018-05-21 10:09:21 - [MESSAGE][PASSED] - Attribute 'value' of object '' is: '400'

2018-05-21 10:09:21 - [TEST_STEP][PASSED] - Statement - Rqty = 100: null

2018-05-21 10:09:21 - [TEST_STEP][PASSED] - delay: Delayed 2 second(s)

2018-05-21 10:09:23 - [MESSAGE][PASSED] - Delayed 2 second(s)

2018-05-21 10:09:23 - [TEST_STEP][PASSED] - Statement - out.println("BatchQty : " + batchqty): null

2018-05-21 10:09:23 - [TEST_STEP][PASSED] - Statement - out.println("RQty : " + Rqty): null

2018-05-21 10:09:23 - [TEST_STEP][PASSED] - Statement - If (java.lang.Integer.valueOf(batchqty) >= java.lang.Integer.valueOf(Rqty)): null

2018-05-21 10:09:23 - [TEST_STEP][PASSED] - Statement - Break: null

2018-05-21 10:09:23 - [TEST_STEP][PASSED] - Statement - batchlength = new com.kms.katalon.core.testobject.TestObject(): null

2018-05-21 10:09:23 - [TEST_STEP][PASSED] - Statement - batchlength = com.kms.katalon.core.webui.keyword.WebUiBuiltInKeywords.modifyObjectProperty(batchlength, "xpath", "equals", "//*[@id = "fldvendor" + row + ""]", true): Modify property of object successfully

2018-05-21 10:09:23 - [MESSAGE][PASSED] - Modify property of object successfully

2018-05-21 10:09:23 - [TEST_STEP][PASSED] - Statement - batchsize = com.kms.katalon.core.webui.keyword.WebUiBuiltInKeywords.getNumberOfTotalOption(batchlength): 7 options of object '' counted

2018-05-21 10:09:23 - [MESSAGE][PASSED] - 7 options of object '' counted

2018-05-21 10:09:23 - [TEST_STEP][PASSED] - Statement - out.println("BatchSize : " + batchsize): null

2018-05-21 10:09:23 - [TEST_STEP][PASSED] - Statement - For ([n = 1, n <= batchsize - 1, (n++)]): null

2018-05-21 10:09:23 - [TEST_STEP][PASSED] - Statement - product = new com.kms.katalon.core.testobject.TestObject(): null

2018-05-21 10:09:23 - [TEST_STEP][PASSED] - Statement - product = com.kms.katalon.core.webui.keyword.WebUiBuiltInKeywords.modifyObjectProperty(product, "xpath", "equals", "//*[@id = "fldvendor" + row + ""]", true): Modify property of object successfully

2018-05-21 10:09:23 - [MESSAGE][PASSED] - Modify property of object successfully

2018-05-21 10:09:23 - [TEST_STEP][PASSED] - selectOptionByIndex: All options with index in [1] are selected on object ''

2018-05-21 10:09:23 - [MESSAGE][PASSED] - All options with index in [1] are selected on object ''

2018-05-21 10:09:23 - [TEST_STEP][PASSED] - Statement - batch = new com.kms.katalon.core.testobject.TestObject(): null

2018-05-21 10:09:23 - [TEST_STEP][PASSED] - Statement - batch = com.kms.katalon.core.webui.keyword.WebUiBuiltInKeywords.modifyObjectProperty(batch, "xpath", "equals", "//*[@id = "txtbthqty" + row + ""]", true): Modify property of object successfully

2018-05-21 10:09:23 - [MESSAGE][PASSED] - Modify property of object successfully

2018-05-21 10:09:23 - [TEST_STEP][PASSED] - Statement - batchqty = com.kms.katalon.core.webui.keyword.WebUiBuiltInKeywords.getAttribute(batch, "value").trim(): Attribute 'value' of object '' is: '3600'

2018-05-21 10:09:23 - [MESSAGE][PASSED] - Attribute 'value' of object '' is: '3600'

2018-05-21 10:09:23 - [TEST_STEP][PASSED] - Statement - Rqty = 100: null

2018-05-21 10:09:23 - [TEST_STEP][PASSED] - delay: Delayed 2 second(s)

2018-05-21 10:09:25 - [MESSAGE][PASSED] - Delayed 2 second(s)

2018-05-21 10:09:25 - [TEST_STEP][PASSED] - Statement - out.println("BatchQty : " + batchqty): null

2018-05-21 10:09:25 - [TEST_STEP][PASSED] - Statement - out.println("RQty : " + Rqty): null

2018-05-21 10:09:25 - [TEST_STEP][PASSED] - Statement - If (java.lang.Integer.valueOf(batchqty) >= java.lang.Integer.valueOf(Rqty)): null

2018-05-21 10:09:25 - [TEST_STEP][PASSED] - Statement - Break: null

2018-05-21 10:09:25 - [TEST_STEP][PASSED] - Statement - batchlength = new com.kms.katalon.core.testobject.TestObject(): null

2018-05-21 10:09:25 - [TEST_STEP][PASSED] - Statement - batchlength = com.kms.katalon.core.webui.keyword.WebUiBuiltInKeywords.modifyObjectProperty(batchlength, "xpath", "equals", "//*[@id = "fldvendor" + row + ""]", true): Modify property of object successfully

2018-05-21 10:09:25 - [MESSAGE][PASSED] - Modify property of object successfully

2018-05-21 10:09:25 - [TEST_STEP][PASSED] - Statement - batchsize = com.kms.katalon.core.webui.keyword.WebUiBuiltInKeywords.getNumberOfTotalOption(batchlength): 7 options of object '' counted

2018-05-21 10:09:25 - [MESSAGE][PASSED] - 7 options of object '' counted

2018-05-21 10:09:25 - [TEST_STEP][PASSED] - Statement - out.println("BatchSize : " + batchsize): null

2018-05-21 10:09:25 - [TEST_STEP][PASSED] - Statement - For ([n = 1, n <= batchsize - 1, (n++)]): null

2018-05-21 10:09:25 - [TEST_STEP][PASSED] - Statement - product = new com.kms.katalon.core.testobject.TestObject(): null

2018-05-21 10:09:25 - [TEST_STEP][PASSED] - Statement - product = com.kms.katalon.core.webui.keyword.WebUiBuiltInKeywords.modifyObjectProperty(product, "xpath", "equals", "//*[@id = "fldvendor" + row + ""]", true): Modify property of object successfully

2018-05-21 10:09:25 - [MESSAGE][PASSED] - Modify property of object successfully

2018-05-21 10:09:25 - [TEST_STEP][PASSED] - selectOptionByIndex: All options with index in [1] are selected on object ''

2018-05-21 10:09:26 - [MESSAGE][PASSED] - All options with index in [1] are selected on object ''

2018-05-21 10:09:26 - [TEST_STEP][PASSED] - Statement - batch = new com.kms.katalon.core.testobject.TestObject(): null

2018-05-21 10:09:26 - [TEST_STEP][PASSED] - Statement - batch = com.kms.katalon.core.webui.keyword.WebUiBuiltInKeywords.modifyObjectProperty(batch, "xpath", "equals", "//*[@id = "txtbthqty" + row + ""]", true): Modify property of object successfully

2018-05-21 10:09:26 - [MESSAGE][PASSED] - Modify property of object successfully

2018-05-21 10:09:26 - [TEST_STEP][PASSED] - Statement - batchqty = com.kms.katalon.core.webui.keyword.WebUiBuiltInKeywords.getAttribute(batch, "value").trim(): Attribute 'value' of object '' is: '38500'

2018-05-21 10:09:26 - [MESSAGE][PASSED] - Attribute 'value' of object '' is: '38500'

2018-05-21 10:09:26 - [TEST_STEP][PASSED] - Statement - Rqty = 100: null

2018-05-21 10:09:26 - [TEST_STEP][PASSED] - delay: Delayed 2 second(s)

2018-05-21 10:09:28 - [MESSAGE][PASSED] - Delayed 2 second(s)

2018-05-21 10:09:28 - [TEST_STEP][PASSED] - Statement - out.println("BatchQty : " + batchqty): null

2018-05-21 10:09:28 - [TEST_STEP][PASSED] - Statement - out.println("RQty : " + Rqty): null

2018-05-21 10:09:28 - [TEST_STEP][PASSED] - Statement - If (java.lang.Integer.valueOf(batchqty) >= java.lang.Integer.valueOf(Rqty)): null

2018-05-21 10:09:28 - [TEST_STEP][PASSED] - Statement - Break: null

2018-05-21 10:09:28 - [TEST_STEP][PASSED] - Statement - batchlength = new com.kms.katalon.core.testobject.TestObject(): null

2018-05-21 10:09:28 - [TEST_STEP][PASSED] - Statement - batchlength = com.kms.katalon.core.webui.keyword.WebUiBuiltInKeywords.modifyObjectProperty(batchlength, "xpath", "equals", "//*[@id = "fldvendor" + row + ""]", true): Modify property of object successfully

2018-05-21 10:09:28 - [MESSAGE][PASSED] - Modify property of object successfully

2018-05-21 10:09:28 - [TEST_STEP][PASSED] - Statement - batchsize = com.kms.katalon.core.webui.keyword.WebUiBuiltInKeywords.getNumberOfTotalOption(batchlength): 7 options of object '' counted

2018-05-21 10:09:28 - [MESSAGE][PASSED] - 7 options of object '' counted

2018-05-21 10:09:28 - [TEST_STEP][PASSED] - Statement - out.println("BatchSize : " + batchsize): null

2018-05-21 10:09:28 - [TEST_STEP][PASSED] - Statement - For ([n = 1, n <= batchsize - 1, (n++)]): null

2018-05-21 10:09:28 - [TEST_STEP][PASSED] - Statement - product = new com.kms.katalon.core.testobject.TestObject(): null

2018-05-21 10:09:28 - [TEST_STEP][PASSED] - Statement - product = com.kms.katalon.core.webui.keyword.WebUiBuiltInKeywords.modifyObjectProperty(product, "xpath", "equals", "//*[@id = "fldvendor" + row + ""]", true): Modify property of object successfully

2018-05-21 10:09:28 - [MESSAGE][PASSED] - Modify property of object successfully

2018-05-21 10:09:28 - [TEST_STEP][PASSED] - selectOptionByIndex: All options with index in [1] are selected on object ''

2018-05-21 10:09:28 - [MESSAGE][PASSED] - All options with index in [1] are selected on object ''

2018-05-21 10:09:28 - [TEST_STEP][PASSED] - Statement - batch = new com.kms.katalon.core.testobject.TestObject(): null

2018-05-21 10:09:28 - [TEST_STEP][PASSED] - Statement - batch = com.kms.katalon.core.webui.keyword.WebUiBuiltInKeywords.modifyObjectProperty(batch, "xpath", "equals", "//*[@id = "txtbthqty" + row + ""]", true): Modify property of object successfully

2018-05-21 10:09:28 - [MESSAGE][PASSED] - Modify property of object successfully

2018-05-21 10:09:28 - [TEST_STEP][PASSED] - Statement - batchqty = com.kms.katalon.core.webui.keyword.WebUiBuiltInKeywords.getAttribute(batch, "value").trim(): Attribute 'value' of object '' is: '3600'

2018-05-21 10:09:28 - [MESSAGE][PASSED] - Attribute 'value' of object '' is: '3600'

2018-05-21 10:09:28 - [TEST_STEP][PASSED] - Statement - Rqty = 100: null

2018-05-21 10:09:28 - [TEST_STEP][PASSED] - delay: Delayed 2 second(s)

2018-05-21 10:09:30 - [MESSAGE][PASSED] - Delayed 2 second(s)

2018-05-21 10:09:30 - [TEST_STEP][PASSED] - Statement - out.println("BatchQty : " + batchqty): null

2018-05-21 10:09:30 - [TEST_STEP][PASSED] - Statement - out.println("RQty : " + Rqty): null

2018-05-21 10:09:30 - [TEST_STEP][PASSED] - Statement - If (java.lang.Integer.valueOf(batchqty) >= java.lang.Integer.valueOf(Rqty)): null

2018-05-21 10:09:30 - [TEST_STEP][PASSED] - Statement - Break: null

2018-05-21 10:09:30 - [TEST_STEP][PASSED] - Statement - batchlength = new com.kms.katalon.core.testobject.TestObject(): null

2018-05-21 10:09:30 - [TEST_STEP][PASSED] - Statement - batchlength = com.kms.katalon.core.webui.keyword.WebUiBuiltInKeywords.modifyObjectProperty(batchlength, "xpath", "equals", "//*[@id = "fldvendor" + row + ""]", true): Modify property of object successfully

2018-05-21 10:09:30 - [MESSAGE][PASSED] - Modify property of object successfully

2018-05-21 10:09:30 - [TEST_STEP][PASSED] - Statement - batchsize = com.kms.katalon.core.webui.keyword.WebUiBuiltInKeywords.getNumberOfTotalOption(batchlength): 7 options of object '' counted

2018-05-21 10:09:30 - [MESSAGE][PASSED] - 7 options of object '' counted

2018-05-21 10:09:30 - [TEST_STEP][PASSED] - Statement - out.println("BatchSize : " + batchsize): null

2018-05-21 10:09:30 - [TEST_STEP][PASSED] - Statement - For ([n = 1, n <= batchsize - 1, (n++)]): null

2018-05-21 10:09:30 - [TEST_STEP][PASSED] - Statement - product = new com.kms.katalon.core.testobject.TestObject(): null

2018-05-21 10:09:30 - [TEST_STEP][PASSED] - Statement - product = com.kms.katalon.core.webui.keyword.WebUiBuiltInKeywords.modifyObjectProperty(product, "xpath", "equals", "//*[@id = "fldvendor" + row + ""]", true): Modify property of object successfully

2018-05-21 10:09:30 - [MESSAGE][PASSED] - Modify property of object successfully

2018-05-21 10:09:30 - [TEST_STEP][PASSED] - selectOptionByIndex: All options with index in [1] are selected on object ''

2018-05-21 10:09:30 - [MESSAGE][PASSED] - All options with index in [1] are selected on object ''

2018-05-21 10:09:30 - [TEST_STEP][PASSED] - Statement - batch = new com.kms.katalon.core.testobject.TestObject(): null

2018-05-21 10:09:30 - [TEST_STEP][PASSED] - Statement - batch = com.kms.katalon.core.webui.keyword.WebUiBuiltInKeywords.modifyObjectProperty(batch, "xpath", "equals", "//*[@id = "txtbthqty" + row + ""]", true): Modify property of object successfully

2018-05-21 10:09:30 - [MESSAGE][PASSED] - Modify property of object successfully

2018-05-21 10:09:30 - [TEST_STEP][PASSED] - Statement - batchqty = com.kms.katalon.core.webui.keyword.WebUiBuiltInKeywords.getAttribute(batch, "value").trim(): Attribute 'value' of object '' is: '38500'

2018-05-21 10:09:30 - [MESSAGE][PASSED] - Attribute 'value' of object '' is: '38500'

2018-05-21 10:09:30 - [TEST_STEP][PASSED] - Statement - Rqty = 100: null

2018-05-21 10:09:30 - [TEST_STEP][PASSED] - delay: Delayed 2 second(s)

2018-05-21 10:09:32 - [MESSAGE][PASSED] - Delayed 2 second(s)

2018-05-21 10:09:32 - [TEST_STEP][PASSED] - Statement - out.println("BatchQty : " + batchqty): null

2018-05-21 10:09:32 - [TEST_STEP][PASSED] - Statement - out.println("RQty : " + Rqty): null

2018-05-21 10:09:32 - [TEST_STEP][PASSED] - Statement - If (java.lang.Integer.valueOf(batchqty) >= java.lang.Integer.valueOf(Rqty)): null

2018-05-21 10:09:32 - [TEST_STEP][PASSED] - Statement - Break: null

2018-05-21 10:09:32 - [TEST_STEP][PASSED] - Statement - batchlength = new com.kms.katalon.core.testobject.TestObject(): null

2018-05-21 10:09:32 - [TEST_STEP][PASSED] - Statement - batchlength = com.kms.katalon.core.webui.keyword.WebUiBuiltInKeywords.modifyObjectProperty(batchlength, "xpath", "equals", "//*[@id = "fldvendor" + row + ""]", true): Modify property of object successfully

2018-05-21 10:09:32 - [MESSAGE][PASSED] - Modify property of object successfully

2018-05-21 10:09:32 - [TEST_STEP][PASSED] - Statement - batchsize = com.kms.katalon.core.webui.keyword.WebUiBuiltInKeywords.getNumberOfTotalOption(batchlength): 7 options of object '' counted

2018-05-21 10:09:32 - [MESSAGE][PASSED] - 7 options of object '' counted

2018-05-21 10:09:32 - [TEST_STEP][PASSED] - Statement - out.println("BatchSize : " + batchsize): null

2018-05-21 10:09:32 - [TEST_STEP][PASSED] - Statement - For ([n = 1, n <= batchsize - 1, (n++)]): null

2018-05-21 10:09:32 - [TEST_STEP][PASSED] - Statement - product = new com.kms.katalon.core.testobject.TestObject(): null

2018-05-21 10:09:32 - [TEST_STEP][PASSED] - Statement - product = com.kms.katalon.core.webui.keyword.WebUiBuiltInKeywords.modifyObjectProperty(product, "xpath", "equals", "//*[@id = "fldvendor" + row + ""]", true): Modify property of object successfully

2018-05-21 10:09:32 - [MESSAGE][PASSED] - Modify property of object successfully

2018-05-21 10:09:32 - [TEST_STEP][PASSED] - selectOptionByIndex: All options with index in [1] are selected on object ''

2018-05-21 10:09:32 - [MESSAGE][PASSED] - All options with index in [1] are selected on object ''

2018-05-21 10:09:32 - [TEST_STEP][PASSED] - Statement - batch = new com.kms.katalon.core.testobject.TestObject(): null

2018-05-21 10:09:32 - [TEST_STEP][PASSED] - Statement - batch = com.kms.katalon.core.webui.keyword.WebUiBuiltInKeywords.modifyObjectProperty(batch, "xpath", "equals", "//*[@id = "txtbthqty" + row + ""]", true): Modify property of object successfully

2018-05-21 10:09:32 - [MESSAGE][PASSED] - Modify property of object successfully

2018-05-21 10:09:32 - [TEST_STEP][PASSED] - Statement - batchqty = com.kms.katalon.core.webui.keyword.WebUiBuiltInKeywords.getAttribute(batch, "value").trim(): Attribute 'value' of object '' is: '3600'

2018-05-21 10:09:32 - [MESSAGE][PASSED] - Attribute 'value' of object '' is: '3600'

2018-05-21 10:09:32 - [TEST_STEP][PASSED] - Statement - Rqty = 100: null

2018-05-21 10:09:32 - [TEST_STEP][PASSED] - delay: Delayed 2 second(s)

2018-05-21 10:09:34 - [MESSAGE][PASSED] - Delayed 2 second(s)

2018-05-21 10:09:34 - [TEST_STEP][PASSED] - Statement - out.println("BatchQty : " + batchqty): null

2018-05-21 10:09:34 - [TEST_STEP][PASSED] - Statement - out.println("RQty : " + Rqty): null

2018-05-21 10:09:34 - [TEST_STEP][PASSED] - Statement - If (java.lang.Integer.valueOf(batchqty) >= java.lang.Integer.valueOf(Rqty)): null

2018-05-21 10:09:34 - [TEST_STEP][PASSED] - Statement - Break: null

2018-05-21 10:09:34 - [TEST_STEP][PASSED] - Statement - batchlength = new com.kms.katalon.core.testobject.TestObject(): null

2018-05-21 10:09:34 - [TEST_STEP][PASSED] - Statement - batchlength = com.kms.katalon.core.webui.keyword.WebUiBuiltInKeywords.modifyObjectProperty(batchlength, "xpath", "equals", "//*[@id = "fldvendor" + row + ""]", true): Modify property of object successfully

2018-05-21 10:09:34 - [MESSAGE][PASSED] - Modify property of object successfully

2018-05-21 10:09:34 - [TEST_STEP][PASSED] - Statement - batchsize = com.kms.katalon.core.webui.keyword.WebUiBuiltInKeywords.getNumberOfTotalOption(batchlength): 6 options of object '' counted

2018-05-21 10:09:34 - [MESSAGE][PASSED] - 6 options of object '' counted

2018-05-21 10:09:34 - [TEST_STEP][PASSED] - Statement - out.println("BatchSize : " + batchsize): null

2018-05-21 10:09:34 - [TEST_STEP][PASSED] - Statement - For ([n = 1, n <= batchsize - 1, (n++)]): null

2018-05-21 10:09:34 - [TEST_STEP][PASSED] - Statement - product = new com.kms.katalon.core.testobject.TestObject(): null

2018-05-21 10:09:34 - [TEST_STEP][PASSED] - Statement - product = com.kms.katalon.core.webui.keyword.WebUiBuiltInKeywords.modifyObjectProperty(product, "xpath", "equals", "//*[@id = "fldvendor" + row + ""]", true): Modify property of object successfully

2018-05-21 10:09:34 - [MESSAGE][PASSED] - Modify property of object successfully

2018-05-21 10:09:34 - [TEST_STEP][PASSED] - selectOptionByIndex: All options with index in [1] are selected on object ''

2018-05-21 10:09:35 - [MESSAGE][PASSED] - All options with index in [1] are selected on object ''

2018-05-21 10:09:35 - [TEST_STEP][PASSED] - Statement - batch = new com.kms.katalon.core.testobject.TestObject(): null

2018-05-21 10:09:35 - [TEST_STEP][PASSED] - Statement - batch = com.kms.katalon.core.webui.keyword.WebUiBuiltInKeywords.modifyObjectProperty(batch, "xpath", "equals", "//*[@id = "txtbthqty" + row + ""]", true): Modify property of object successfully

2018-05-21 10:09:35 - [MESSAGE][PASSED] - Modify property of object successfully

2018-05-21 10:09:35 - [TEST_STEP][PASSED] - Statement - batchqty = com.kms.katalon.core.webui.keyword.WebUiBuiltInKeywords.getAttribute(batch, "value").trim(): Attribute 'value' of object '' is: '3900'

2018-05-21 10:09:35 - [MESSAGE][PASSED] - Attribute 'value' of object '' is: '3900'

2018-05-21 10:09:35 - [TEST_STEP][PASSED] - Statement - Rqty = 100: null

2018-05-21 10:09:35 - [TEST_STEP][PASSED] - delay: Delayed 2 second(s)

2018-05-21 10:09:37 - [MESSAGE][PASSED] - Delayed 2 second(s)

2018-05-21 10:09:37 - [TEST_STEP][PASSED] - Statement - out.println("BatchQty : " + batchqty): null

2018-05-21 10:09:37 - [TEST_STEP][PASSED] - Statement - out.println("RQty : " + Rqty): null

2018-05-21 10:09:37 - [TEST_STEP][PASSED] - Statement - If (java.lang.Integer.valueOf(batchqty) >= java.lang.Integer.valueOf(Rqty)): null

2018-05-21 10:09:37 - [TEST_STEP][PASSED] - Statement - Break: null

2018-05-21 10:09:37 - [TEST_STEP][PASSED] - Statement - batchlength = new com.kms.katalon.core.testobject.TestObject(): null

2018-05-21 10:09:37 - [TEST_STEP][PASSED] - Statement - batchlength = com.kms.katalon.core.webui.keyword.WebUiBuiltInKeywords.modifyObjectProperty(batchlength, "xpath", "equals", "//*[@id = "fldvendor" + row + ""]", true): Modify property of object successfully

2018-05-21 10:09:37 - [MESSAGE][PASSED] - Modify property of object successfully

2018-05-21 10:09:37 - [TEST_STEP][PASSED] - Statement - batchsize = com.kms.katalon.core.webui.keyword.WebUiBuiltInKeywords.getNumberOfTotalOption(batchlength): 6 options of object '' counted

2018-05-21 10:09:37 - [MESSAGE][PASSED] - 6 options of object '' counted

2018-05-21 10:09:37 - [TEST_STEP][PASSED] - Statement - out.println("BatchSize : " + batchsize): null

2018-05-21 10:09:37 - [TEST_STEP][PASSED] - Statement - For ([n = 1, n <= batchsize - 1, (n++)]): null

2018-05-21 10:09:37 - [TEST_STEP][PASSED] - Statement - product = new com.kms.katalon.core.testobject.TestObject(): null

2018-05-21 10:09:37 - [TEST_STEP][PASSED] - Statement - product = com.kms.katalon.core.webui.keyword.WebUiBuiltInKeywords.modifyObjectProperty(product, "xpath", "equals", "//*[@id = "fldvendor" + row + ""]", true): Modify property of object successfully

2018-05-21 10:09:37 - [MESSAGE][PASSED] - Modify property of object successfully

2018-05-21 10:09:37 - [TEST_STEP][PASSED] - selectOptionByIndex: All options with index in [1] are selected on object ''

2018-05-21 10:09:37 - [MESSAGE][PASSED] - All options with index in [1] are selected on object ''

2018-05-21 10:09:37 - [TEST_STEP][PASSED] - Statement - batch = new com.kms.katalon.core.testobject.TestObject(): null

2018-05-21 10:09:37 - [TEST_STEP][PASSED] - Statement - batch = com.kms.katalon.core.webui.keyword.WebUiBuiltInKeywords.modifyObjectProperty(batch, "xpath", "equals", "//*[@id = "txtbthqty" + row + ""]", true): Modify property of object successfully

2018-05-21 10:09:37 - [MESSAGE][PASSED] - Modify property of object successfully

2018-05-21 10:09:37 - [TEST_STEP][PASSED] - Statement - batchqty = com.kms.katalon.core.webui.keyword.WebUiBuiltInKeywords.getAttribute(batch, "value").trim(): Attribute 'value' of object '' is: '4900'

2018-05-21 10:09:37 - [MESSAGE][PASSED] - Attribute 'value' of object '' is: '4900'

2018-05-21 10:09:37 - [TEST_STEP][PASSED] - Statement - Rqty = 100: null

2018-05-21 10:09:37 - [TEST_STEP][PASSED] - delay: Delayed 2 second(s)

2018-05-21 10:09:39 - [MESSAGE][PASSED] - Delayed 2 second(s)

2018-05-21 10:09:39 - [TEST_STEP][PASSED] - Statement - out.println("BatchQty : " + batchqty): null

2018-05-21 10:09:39 - [TEST_STEP][PASSED] - Statement - out.println("RQty : " + Rqty): null

2018-05-21 10:09:39 - [TEST_STEP][PASSED] - Statement - If (java.lang.Integer.valueOf(batchqty) >= java.lang.Integer.valueOf(Rqty)): null

2018-05-21 10:09:39 - [TEST_STEP][PASSED] - Statement - Break: null

2018-05-21 10:09:39 - [TEST_STEP][PASSED] - Statement - batchlength = new com.kms.katalon.core.testobject.TestObject(): null

2018-05-21 10:09:39 - [TEST_STEP][PASSED] - Statement - batchlength = com.kms.katalon.core.webui.keyword.WebUiBuiltInKeywords.modifyObjectProperty(batchlength, "xpath", "equals", "//*[@id = "fldvendor" + row + ""]", true): Modify property of object successfully

2018-05-21 10:09:39 - [MESSAGE][PASSED] - Modify property of object successfully

2018-05-21 10:09:39 - [TEST_STEP][PASSED] - Statement - batchsize = com.kms.katalon.core.webui.keyword.WebUiBuiltInKeywords.getNumberOfTotalOption(batchlength): 6 options of object '' counted

2018-05-21 10:09:39 - [MESSAGE][PASSED] - 6 options of object '' counted

2018-05-21 10:09:39 - [TEST_STEP][PASSED] - Statement - out.println("BatchSize : " + batchsize): null

2018-05-21 10:09:39 - [TEST_STEP][PASSED] - Statement - For ([n = 1, n <= batchsize - 1, (n++)]): null

2018-05-21 10:09:39 - [TEST_STEP][PASSED] - Statement - product = new com.kms.katalon.core.testobject.TestObject(): null

2018-05-21 10:09:39 - [TEST_STEP][PASSED] - Statement - product = com.kms.katalon.core.webui.keyword.WebUiBuiltInKeywords.modifyObjectProperty(product, "xpath", "equals", "//*[@id = "fldvendor" + row + ""]", true): Modify property of object successfully

2018-05-21 10:09:39 - [MESSAGE][PASSED] - Modify property of object successfully

2018-05-21 10:09:39 - [TEST_STEP][PASSED] - selectOptionByIndex: All options with index in [1] are selected on object ''

2018-05-21 10:09:39 - [MESSAGE][PASSED] - All options with index in [1] are selected on object ''

2018-05-21 10:09:39 - [TEST_STEP][PASSED] - Statement - batch = new com.kms.katalon.core.testobject.TestObject(): null

2018-05-21 10:09:39 - [TEST_STEP][PASSED] - Statement - batch = com.kms.katalon.core.webui.keyword.WebUiBuiltInKeywords.modifyObjectProperty(batch, "xpath", "equals", "//*[@id = "txtbthqty" + row + ""]", true): Modify property of object successfully

2018-05-21 10:09:39 - [MESSAGE][PASSED] - Modify property of object successfully

2018-05-21 10:09:39 - [TEST_STEP][PASSED] - Statement - batchqty = com.kms.katalon.core.webui.keyword.WebUiBuiltInKeywords.getAttribute(batch, "value").trim(): Attribute 'value' of object '' is: '38800'

2018-05-21 10:09:39 - [MESSAGE][PASSED] - Attribute 'value' of object '' is: '38800'

2018-05-21 10:09:39 - [TEST_STEP][PASSED] - Statement - Rqty = 100: null

2018-05-21 10:09:39 - [TEST_STEP][PASSED] - delay: Delayed 2 second(s)

2018-05-21 10:09:41 - [MESSAGE][PASSED] - Delayed 2 second(s)

2018-05-21 10:09:41 - [TEST_STEP][PASSED] - Statement - out.println("BatchQty : " + batchqty): null

2018-05-21 10:09:41 - [TEST_STEP][PASSED] - Statement - out.println("RQty : " + Rqty): null

2018-05-21 10:09:41 - [TEST_STEP][PASSED] - Statement - If (java.lang.Integer.valueOf(batchqty) >= java.lang.Integer.valueOf(Rqty)): null

2018-05-21 10:09:41 - [TEST_STEP][PASSED] - Statement - Break: null

2018-05-21 10:09:41 - [TEST_STEP][PASSED] - Statement - batchlength = new com.kms.katalon.core.testobject.TestObject(): null

2018-05-21 10:09:41 - [TEST_STEP][PASSED] - Statement - batchlength = com.kms.katalon.core.webui.keyword.WebUiBuiltInKeywords.modifyObjectProperty(batchlength, "xpath", "equals", "//*[@id = "fldvendor" + row + ""]", true): Modify property of object successfully

2018-05-21 10:09:41 - [MESSAGE][PASSED] - Modify property of object successfully

2018-05-21 10:09:41 - [TEST_STEP][PASSED] - Statement - batchsize = com.kms.katalon.core.webui.keyword.WebUiBuiltInKeywords.getNumberOfTotalOption(batchlength): 7 options of object '' counted

2018-05-21 10:09:41 - [MESSAGE][PASSED] - 7 options of object '' counted

2018-05-21 10:09:41 - [TEST_STEP][PASSED] - Statement - out.println("BatchSize : " + batchsize): null

2018-05-21 10:09:41 - [TEST_STEP][PASSED] - Statement - For ([n = 1, n <= batchsize - 1, (n++)]): null

2018-05-21 10:09:41 - [TEST_STEP][PASSED] - Statement - product = new com.kms.katalon.core.testobject.TestObject(): null

2018-05-21 10:09:41 - [TEST_STEP][PASSED] - Statement - product = com.kms.katalon.core.webui.keyword.WebUiBuiltInKeywords.modifyObjectProperty(product, "xpath", "equals", "//*[@id = "fldvendor" + row + ""]", true): Modify property of object successfully

2018-05-21 10:09:41 - [MESSAGE][PASSED] - Modify property of object successfully

2018-05-21 10:09:41 - [TEST_STEP][PASSED] - selectOptionByIndex: All options with index in [1] are selected on object ''

2018-05-21 10:09:41 - [MESSAGE][PASSED] - All options with index in [1] are selected on object ''

2018-05-21 10:09:41 - [TEST_STEP][PASSED] - Statement - batch = new com.kms.katalon.core.testobject.TestObject(): null

2018-05-21 10:09:41 - [TEST_STEP][PASSED] - Statement - batch = com.kms.katalon.core.webui.keyword.WebUiBuiltInKeywords.modifyObjectProperty(batch, "xpath", "equals", "//*[@id = "txtbthqty" + row + ""]", true): Modify property of object successfully

2018-05-21 10:09:41 - [MESSAGE][PASSED] - Modify property of object successfully

2018-05-21 10:09:41 - [TEST_STEP][PASSED] - Statement - batchqty = com.kms.katalon.core.webui.keyword.WebUiBuiltInKeywords.getAttribute(batch, "value").trim(): Attribute 'value' of object '' is: '3600'

2018-05-21 10:09:41 - [MESSAGE][PASSED] - Attribute 'value' of object '' is: '3600'

2018-05-21 10:09:41 - [TEST_STEP][PASSED] - Statement - Rqty = 100: null

2018-05-21 10:09:41 - [TEST_STEP][PASSED] - delay: Delayed 2 second(s)

2018-05-21 10:09:43 - [MESSAGE][PASSED] - Delayed 2 second(s)

2018-05-21 10:09:43 - [TEST_STEP][PASSED] - Statement - out.println("BatchQty : " + batchqty): null

2018-05-21 10:09:43 - [TEST_STEP][PASSED] - Statement - out.println("RQty : " + Rqty): null

2018-05-21 10:09:43 - [TEST_STEP][PASSED] - Statement - If (java.lang.Integer.valueOf(batchqty) >= java.lang.Integer.valueOf(Rqty)): null

2018-05-21 10:09:43 - [TEST_STEP][PASSED] - Statement - Break: null

2018-05-21 10:09:43 - [TEST_STEP][PASSED] - Statement - batchlength = new com.kms.katalon.core.testobject.TestObject(): null

2018-05-21 10:09:43 - [TEST_STEP][PASSED] - Statement - batchlength = com.kms.katalon.core.webui.keyword.WebUiBuiltInKeywords.modifyObjectProperty(batchlength, "xpath", "equals", "//*[@id = "fldvendor" + row + ""]", true): Modify property of object successfully

2018-05-21 10:09:43 - [MESSAGE][PASSED] - Modify property of object successfully

2018-05-21 10:09:43 - [TEST_STEP][PASSED] - Statement - batchsize = com.kms.katalon.core.webui.keyword.WebUiBuiltInKeywords.getNumberOfTotalOption(batchlength): 7 options of object '' counted

2018-05-21 10:09:44 - [MESSAGE][PASSED] - 7 options of object '' counted

2018-05-21 10:09:44 - [TEST_STEP][PASSED] - Statement - out.println("BatchSize : " + batchsize): null

2018-05-21 10:09:44 - [TEST_STEP][PASSED] - Statement - For ([n = 1, n <= batchsize - 1, (n++)]): null

2018-05-21 10:09:44 - [TEST_STEP][PASSED] - Statement - product = new com.kms.katalon.core.testobject.TestObject(): null

2018-05-21 10:09:44 - [TEST_STEP][PASSED] - Statement - product = com.kms.katalon.core.webui.keyword.WebUiBuiltInKeywords.modifyObjectProperty(product, "xpath", "equals", "//*[@id = "fldvendor" + row + ""]", true): Modify property of object successfully

2018-05-21 10:09:44 - [MESSAGE][PASSED] - Modify property of object successfully

2018-05-21 10:09:44 - [TEST_STEP][PASSED] - selectOptionByIndex: All options with index in [1] are selected on object ''

2018-05-21 10:09:44 - [MESSAGE][PASSED] - All options with index in [1] are selected on object ''

2018-05-21 10:09:44 - [TEST_STEP][PASSED] - Statement - batch = new com.kms.katalon.core.testobject.TestObject(): null

2018-05-21 10:09:44 - [TEST_STEP][PASSED] - Statement - batch = com.kms.katalon.core.webui.keyword.WebUiBuiltInKeywords.modifyObjectProperty(batch, "xpath", "equals", "//*[@id = "txtbthqty" + row + ""]", true): Modify property of object successfully

2018-05-21 10:09:44 - [MESSAGE][PASSED] - Modify property of object successfully

2018-05-21 10:09:44 - [TEST_STEP][PASSED] - Statement - batchqty = com.kms.katalon.core.webui.keyword.WebUiBuiltInKeywords.getAttribute(batch, "value").trim(): Attribute 'value' of object '' is: '3600'

2018-05-21 10:09:44 - [MESSAGE][PASSED] - Attribute 'value' of object '' is: '3600'

2018-05-21 10:09:44 - [TEST_STEP][PASSED] - Statement - Rqty = 100: null

2018-05-21 10:09:44 - [TEST_STEP][PASSED] - delay: Delayed 2 second(s)

2018-05-21 10:09:46 - [MESSAGE][PASSED] - Delayed 2 second(s)

2018-05-21 10:09:46 - [TEST_STEP][PASSED] - Statement - out.println("BatchQty : " + batchqty): null

2018-05-21 10:09:46 - [TEST_STEP][PASSED] - Statement - out.println("RQty : " + Rqty): null

2018-05-21 10:09:46 - [TEST_STEP][PASSED] - Statement - If (java.lang.Integer.valueOf(batchqty) >= java.lang.Integer.valueOf(Rqty)): null

2018-05-21 10:09:46 - [TEST_STEP][PASSED] - Statement - Break: null

2018-05-21 10:09:46 - [TEST_STEP][PASSED] - Statement - batchlength = new com.kms.katalon.core.testobject.TestObject(): null

2018-05-21 10:09:46 - [TEST_STEP][PASSED] - Statement - batchlength = com.kms.katalon.core.webui.keyword.WebUiBuiltInKeywords.modifyObjectProperty(batchlength, "xpath", "equals", "//*[@id = "fldvendor" + row + ""]", true): Modify property of object successfully

2018-05-21 10:09:46 - [MESSAGE][PASSED] - Modify property of object successfully

2018-05-21 10:09:46 - [TEST_STEP][PASSED] - Statement - batchsize = com.kms.katalon.core.webui.keyword.WebUiBuiltInKeywords.getNumberOfTotalOption(batchlength): 7 options of object '' counted

2018-05-21 10:09:46 - [MESSAGE][PASSED] - 7 options of object '' counted

2018-05-21 10:09:46 - [TEST_STEP][PASSED] - Statement - out.println("BatchSize : " + batchsize): null

2018-05-21 10:09:46 - [TEST_STEP][PASSED] - Statement - For ([n = 1, n <= batchsize - 1, (n++)]): null

2018-05-21 10:09:46 - [TEST_STEP][PASSED] - Statement - product = new com.kms.katalon.core.testobject.TestObject(): null

2018-05-21 10:09:46 - [TEST_STEP][PASSED] - Statement - product = com.kms.katalon.core.webui.keyword.WebUiBuiltInKeywords.modifyObjectProperty(product, "xpath", "equals", "//*[@id = "fldvendor" + row + ""]", true): Modify property of object successfully

2018-05-21 10:09:46 - [MESSAGE][PASSED] - Modify property of object successfully

2018-05-21 10:09:46 - [TEST_STEP][PASSED] - selectOptionByIndex: All options with index in [1] are selected on object ''

2018-05-21 10:09:46 - [MESSAGE][PASSED] - All options with index in [1] are selected on object ''

2018-05-21 10:09:46 - [TEST_STEP][PASSED] - Statement - batch = new com.kms.katalon.core.testobject.TestObject(): null

2018-05-21 10:09:46 - [TEST_STEP][PASSED] - Statement - batch = com.kms.katalon.core.webui.keyword.WebUiBuiltInKeywords.modifyObjectProperty(batch, "xpath", "equals", "//*[@id = "txtbthqty" + row + ""]", true): Modify property of object successfully

2018-05-21 10:09:46 - [MESSAGE][PASSED] - Modify property of object successfully

2018-05-21 10:09:46 - [TEST_STEP][PASSED] - Statement - batchqty = com.kms.katalon.core.webui.keyword.WebUiBuiltInKeywords.getAttribute(batch, "value").trim(): Attribute 'value' of object '' is: '4600'

2018-05-21 10:09:46 - [MESSAGE][PASSED] - Attribute 'value' of object '' is: '4600'

2018-05-21 10:09:46 - [TEST_STEP][PASSED] - Statement - Rqty = 100: null

2018-05-21 10:09:46 - [TEST_STEP][PASSED] - delay: Delayed 2 second(s)

2018-05-21 10:09:48 - [MESSAGE][PASSED] - Delayed 2 second(s)

2018-05-21 10:09:48 - [TEST_STEP][PASSED] - Statement - out.println("BatchQty : " + batchqty): null

2018-05-21 10:09:48 - [TEST_STEP][PASSED] - Statement - out.println("RQty : " + Rqty): null

2018-05-21 10:09:48 - [TEST_STEP][PASSED] - Statement - If (java.lang.Integer.valueOf(batchqty) >= java.lang.Integer.valueOf(Rqty)): null

2018-05-21 10:09:48 - [TEST_STEP][PASSED] - Statement - Break: null

2018-05-21 10:09:48 - [TEST_STEP][PASSED] - delay: Delayed 2 second(s)

2018-05-21 10:09:50 - [MESSAGE][PASSED] - Delayed 2 second(s)

2018-05-21 10:09:50 - [TEST_STEP][PASSED] - click: Object: 'Object Repository/DispensaryToCms/Page_KDMC - CMS/input_btndispatch' is clicked on

2018-05-21 10:09:50 - [MESSAGE][PASSED] - Object: 'Object Repository/DispensaryToCms/Page_KDMC - CMS/input_btndispatch' is clicked on

2018-05-21 10:09:50 - [TEST_STEP][PASSED] - delay: Delayed 3 second(s)

2018-05-21 10:09:53 - [MESSAGE][PASSED] - Delayed 3 second(s)

2018-05-21 10:09:53 - [TEST_STEP][PASSED] - click: Object: 'Object Repository/DispensaryToCms/Page_KDMC - CMS/button_OK' is clicked on

2018-05-21 10:09:55 - [MESSAGE][PASSED] - Object: 'Object Repository/DispensaryToCms/Page_KDMC - CMS/button_OK' is clicked on

2018-05-21 10:09:55 - [TEST_STEP][PASSED] - delay: Delayed 3 second(s)

2018-05-21 10:09:58 - [MESSAGE][PASSED] - Delayed 3 second(s)

2018-05-21 10:09:58 - [TEST_STEP][PASSED] - click: Object: 'Object Repository/DispensaryToCms/Page_KDMC - CMS/a_dropdown-toggle' is clicked on

2018-05-21 10:09:58 - [MESSAGE][PASSED] - Object: 'Object Repository/DispensaryToCms/Page_KDMC - CMS/a_dropdown-toggle' is clicked on

2018-05-21 10:09:58 - [TEST_STEP][PASSED] - click: Object: 'Object Repository/DispensaryToCms/Page_KDMC - CMS/a_Sign out' is clicked on

2018-05-21 10:10:03 - [MESSAGE][PASSED] - Object: 'Object Repository/DispensaryToCms/Page_KDMC - CMS/a_Sign out' is clicked on

2018-05-21 10:10:03 - [TEST_STEP][PASSED] - delay: Delayed 3 second(s)

2018-05-21 10:10:06 - [MESSAGE][PASSED] - Delayed 3 second(s)

2018-05-21 10:10:06 - [TEST_STEP][PASSED] - navigateToUrl: Navigate to 'http://192.168.137.1/multihospital_new/HDSplashscreen.aspx' successfully

2018-05-21 10:10:06 - [MESSAGE][PASSED] - Navigate to 'http://192.168.137.1/multihospital_new/HDSplashscreen.aspx' successfully

2018-05-21 10:10:06 - [TEST_STEP][PASSED] - click: Object: 'Object Repository/DispensaryToCms/Page_KDMC/a_Dispensary Store' is clicked on

2018-05-21 10:10:07 - [MESSAGE][PASSED] - Object: 'Object Repository/DispensaryToCms/Page_KDMC/a_Dispensary Store' is clicked on

2018-05-21 10:10:07 - [TEST_STEP][PASSED] - setText: Text 'rajaram' is set on object 'Object Repository/DispensaryToCms/Page_Dispensary Store Login/input_txtusername'

2018-05-21 10:10:07 - [MESSAGE][PASSED] - Text 'rajaram' is set on object 'Object Repository/DispensaryToCms/Page_Dispensary Store Login/input_txtusername'

2018-05-21 10:10:07 - [TEST_STEP][PASSED] - setText: Text '123' is set on object 'Object Repository/DispensaryToCms/Page_Dispensary Store Login/input_txtpassword'

2018-05-21 10:10:07 - [MESSAGE][PASSED] - Text '123' is set on object 'Object Repository/DispensaryToCms/Page_Dispensary Store Login/input_txtpassword'

2018-05-21 10:10:07 - [TEST_STEP][PASSED] - delay: Delayed 3 second(s)

2018-05-21 10:10:10 - [MESSAGE][PASSED] - Delayed 3 second(s)

2018-05-21 10:10:10 - [TEST_STEP][PASSED] - click: Object: 'Object Repository/DispensaryToCms/Page_Dispensary Store Login/button_Sign in' is clicked on

2018-05-21 10:10:10 - [MESSAGE][PASSED] - Object: 'Object Repository/DispensaryToCms/Page_Dispensary Store Login/button_Sign in' is clicked on

2018-05-21 10:10:10 - [TEST_STEP][PASSED] - delay: Delayed 3 second(s)

2018-05-21 10:10:13 - [MESSAGE][PASSED] - Delayed 3 second(s)

2018-05-21 10:10:13 - [TEST_STEP][PASSED] - click: Object: 'Object Repository/DispensaryToCms/Page_Dispensary Store/a_CMS' is clicked on

2018-05-21 10:10:14 - [MESSAGE][PASSED] - Object: 'Object Repository/DispensaryToCms/Page_Dispensary Store/a_CMS' is clicked on

2018-05-21 10:10:14 - [TEST_STEP][PASSED] - delay: Delayed 2 second(s)

2018-05-21 10:10:16 - [MESSAGE][PASSED] - Delayed 2 second(s)

2018-05-21 10:10:16 - [TEST_STEP][PASSED] - click: Object: 'Object Repository/DispensaryToCms/Page_Dispensary Store/a_Receiving Goods' is clicked on

2018-05-21 10:10:16 - [MESSAGE][PASSED] - Object: 'Object Repository/DispensaryToCms/Page_Dispensary Store/a_Receiving Goods' is clicked on

2018-05-21 10:10:16 - [TEST_STEP][PASSED] - setText: Text 'PRNO/21052018/284' is set on object 'Object Repository/DispensaryToCms/Page_Dispensary Store/input'

2018-05-21 10:10:19 - [MESSAGE][PASSED] - Text 'PRNO/21052018/284' is set on object 'Object Repository/DispensaryToCms/Page_Dispensary Store/input'

2018-05-21 10:10:19 - [TEST_STEP][PASSED] - click: Object: 'Object Repository/DispensaryToCms/Page_Dispensary Store/input_PRNO18052018174' is clicked on

2018-05-21 10:10:19 - [MESSAGE][PASSED] - Object: 'Object Repository/DispensaryToCms/Page_Dispensary Store/input_PRNO18052018174' is clicked on

2018-05-21 10:10:19 - [TEST_STEP][PASSED] - delay: Delayed 2 second(s)

2018-05-21 10:10:21 - [MESSAGE][PASSED] - Delayed 2 second(s)

2018-05-21 10:10:21 - [TEST_STEP][PASSED] - click: Object: 'Object Repository/DispensaryToCms/Page_Dispensary Store/input_chkrem' is clicked on

2018-05-21 10:10:21 - [MESSAGE][PASSED] - Object: 'Object Repository/DispensaryToCms/Page_Dispensary Store/input_chkrem' is clicked on

2018-05-21 10:10:21 - [TEST_STEP][PASSED] - scrollToElement: Scroll to object 'Object Repository/DispensaryToCms/Page_Dispensary Store/input_btchkroqadd' successfully

2018-05-21 10:10:21 - [MESSAGE][PASSED] - Scroll to object 'Object Repository/DispensaryToCms/Page_Dispensary Store/input_btchkroqadd' successfully

2018-05-21 10:10:21 - [TEST_STEP][PASSED] - click: Object: 'Object Repository/DispensaryToCms/Page_Dispensary Store/input_btchkroqadd' is clicked on

2018-05-21 10:10:21 - [MESSAGE][PASSED] - Object: 'Object Repository/DispensaryToCms/Page_Dispensary Store/input_btchkroqadd' is clicked on

2018-05-21 10:10:21 - [TEST_STEP][PASSED] - delay: Delayed 2 second(s)

2018-05-21 10:10:23 - [MESSAGE][PASSED] - Delayed 2 second(s)

2018-05-21 10:10:23 - [TEST_STEP][PASSED] - refresh: Refresh successfully

2018-05-21 10:10:24 - [MESSAGE][PASSED] - Refresh successfully

2018-05-21 10:10:24 - [TEST_STEP][PASSED] - delay: Delayed 3 second(s)

2018-05-21 10:10:27 - [MESSAGE][PASSED] - Delayed 3 second(s)

2018-05-21 10:10:27 - [TEST_STEP][PASSED] - click: Object: 'Object Repository/DispensaryToCms/Page_Dispensary Store/a_dropdown-toggle' is clicked on

2018-05-21 10:10:27 - [MESSAGE][PASSED] - Object: 'Object Repository/DispensaryToCms/Page_Dispensary Store/a_dropdown-toggle' is clicked on

2018-05-21 10:10:27 - [TEST_STEP][PASSED] - click: Object: 'Object Repository/DispensaryToCms/Page_Dispensary Store/a_Sign out' is clicked on

2018-05-21 10:10:28 - [MESSAGE][PASSED] - Object: 'Object Repository/DispensaryToCms/Page_Dispensary Store/a_Sign out' is clicked on

2018-05-21 10:10:28 - [TEST_STEP][PASSED] - closeBrowser: Browser is closed

2018-05-21 10:10:28 - [MESSAGE][PASSED] - Browser is closed]]></system-out>
         <system-err><![CDATA[]]></system-err>
      </testcase>
      <testcase name="Test Cases/DISPENSARY TEST CASES/TC_DP_017 Verify Schedule 5 Dispensary To CMS Request Are Working Successfully Or Not" classname="Test Cases/DISPENSARY TEST CASES/TC_DP_017 Verify Schedule 5 Dispensary To CMS Request Are Working Successfully Or Not" status="FAILED">
         <failure type="FAILED" message="Unable to select option by index '8' of object 'Object Repository/DispensaryToCms/Page_Dispensary Store/select_--Select--Adernaline 0.' (Root cause: org.openqa.selenium.NoSuchElementException: Cannot locate option with index: 8
For documentation on this error, please visit: http://seleniumhq.org/exceptions/no_such_element.html
Build info: version: '3.7.1', revision: '8a0099a', time: '2017-11-06T21:07:36.161Z'
System info: host: 'DESKTOP-BLFTK83', ip: '192.168.71.2', os.name: 'Windows 10', os.arch: 'amd64', os.version: '10.0', java.version: '1.8.0_102'
Driver info: driver.version: unknown)"/>
         <system-out><![CDATA[2018-05-21 10:10:28 - [TEST_CASE][FAILED] - Test Cases/DISPENSARY TEST CASES/TC_DP_017 Verify Schedule 5 Dispensary To CMS Request Are Working Successfully Or Not: Test Cases/DISPENSARY TEST CASES/TC_DP_017 Verify Schedule 5 Dispensary To CMS Request Are Working Successfully Or Not FAILED because (of) Unable to select option by index '8' of object 'Object Repository/DispensaryToCms/Page_Dispensary Store/select_--Select--Adernaline 0.' (Root cause: org.openqa.selenium.NoSuchElementException: Cannot locate option with index: 8
For documentation on this error, please visit: http://seleniumhq.org/exceptions/no_such_element.html
Build info: version: '3.7.1', revision: '8a0099a', time: '2017-11-06T21:07:36.161Z'
System info: host: 'DESKTOP-BLFTK83', ip: '192.168.71.2', os.name: 'Windows 10', os.arch: 'amd64', os.version: '10.0', java.version: '1.8.0_102'
Driver info: driver.version: unknown)

2018-05-21 10:10:29 - [TEST_STEP][PASSED] - openBrowser: Browser is opened with url: ''

2018-05-21 10:10:31 - [MESSAGE][PASSED] - Browser is opened with url: ''

2018-05-21 10:10:31 - [TEST_STEP][PASSED] - navigateToUrl: Navigate to 'http://192.168.137.1/multihospital_new/HDSplashscreen.aspx' successfully

2018-05-21 10:10:35 - [MESSAGE][PASSED] - Navigate to 'http://192.168.137.1/multihospital_new/HDSplashscreen.aspx' successfully

2018-05-21 10:10:35 - [TEST_STEP][PASSED] - maximizeWindow: Current window maximized

2018-05-21 10:10:37 - [MESSAGE][PASSED] - Current window maximized

2018-05-21 10:10:37 - [TEST_STEP][PASSED] - click: Object: 'Object Repository/DispensaryToCms/Page_KDMC/a_Dispensary Store' is clicked on

2018-05-21 10:10:37 - [MESSAGE][PASSED] - Object: 'Object Repository/DispensaryToCms/Page_KDMC/a_Dispensary Store' is clicked on

2018-05-21 10:10:37 - [TEST_STEP][PASSED] - setText: Text 'rajaram' is set on object 'Object Repository/DispensaryToCms/Page_Dispensary Store Login/input_txtusername'

2018-05-21 10:10:37 - [MESSAGE][PASSED] - Text 'rajaram' is set on object 'Object Repository/DispensaryToCms/Page_Dispensary Store Login/input_txtusername'

2018-05-21 10:10:37 - [TEST_STEP][PASSED] - setText: Text '123' is set on object 'Object Repository/DispensaryToCms/Page_Dispensary Store Login/input_txtpassword'

2018-05-21 10:10:37 - [MESSAGE][PASSED] - Text '123' is set on object 'Object Repository/DispensaryToCms/Page_Dispensary Store Login/input_txtpassword'

2018-05-21 10:10:37 - [TEST_STEP][PASSED] - delay: Delayed 3 second(s)

2018-05-21 10:10:40 - [MESSAGE][PASSED] - Delayed 3 second(s)

2018-05-21 10:10:40 - [TEST_STEP][PASSED] - click: Object: 'Object Repository/DispensaryToCms/Page_Dispensary Store Login/button_Sign in' is clicked on

2018-05-21 10:10:41 - [MESSAGE][PASSED] - Object: 'Object Repository/DispensaryToCms/Page_Dispensary Store Login/button_Sign in' is clicked on

2018-05-21 10:10:41 - [TEST_STEP][PASSED] - delay: Delayed 3 second(s)

2018-05-21 10:10:44 - [MESSAGE][PASSED] - Delayed 3 second(s)

2018-05-21 10:10:44 - [TEST_STEP][PASSED] - click: Object: 'Object Repository/DispensaryToCms/Page_Dispensary Store/a_CMS' is clicked on

2018-05-21 10:10:44 - [MESSAGE][PASSED] - Object: 'Object Repository/DispensaryToCms/Page_Dispensary Store/a_CMS' is clicked on

2018-05-21 10:10:44 - [TEST_STEP][PASSED] - click: Object: 'Object Repository/DispensaryToCms/Page_Dispensary Store/a_Request Send' is clicked on

2018-05-21 10:10:45 - [MESSAGE][PASSED] - Object: 'Object Repository/DispensaryToCms/Page_Dispensary Store/a_Request Send' is clicked on

2018-05-21 10:10:45 - [TEST_STEP][PASSED] - delay: Delayed 2 second(s)

2018-05-21 10:10:47 - [MESSAGE][PASSED] - Delayed 2 second(s)

2018-05-21 10:10:47 - [TEST_STEP][PASSED] - selectOptionByIndex: All options with index in [2] are selected on object 'Object Repository/DispensaryToCms/Page_Dispensary Store/select_--Select--'

2018-05-21 10:10:47 - [MESSAGE][PASSED] - All options with index in [2] are selected on object 'Object Repository/DispensaryToCms/Page_Dispensary Store/select_--Select--'

2018-05-21 10:10:47 - [TEST_STEP][PASSED] - selectOptionByIndex: All options with index in [5] are selected on object 'Object Repository/DispensaryToCms/Page_Dispensary Store/select_--Select--Schedule 1Inj'

2018-05-21 10:10:48 - [MESSAGE][PASSED] - All options with index in [5] are selected on object 'Object Repository/DispensaryToCms/Page_Dispensary Store/select_--Select--Schedule 1Inj'

2018-05-21 10:10:48 - [TEST_STEP][PASSED] - Statement - medicineslength = com.kms.katalon.core.webui.keyword.WebUiBuiltInKeywords.getNumberOfTotalOption(com.kms.katalon.core.testobject.ObjectRepository.findTestObject(DispensaryToCms/Page_Dispensary Store/select_--Select--Adernaline 0.)): 17 options of object 'Object Repository/DispensaryToCms/Page_Dispensary Store/select_--Select--Adernaline 0.' counted

2018-05-21 10:10:48 - [MESSAGE][PASSED] - 17 options of object 'Object Repository/DispensaryToCms/Page_Dispensary Store/select_--Select--Adernaline 0.' counted

2018-05-21 10:10:48 - [TEST_STEP][FAILED] - Statement - For ([e = 1, e <= medicineslength - 1, (e++)]): Unable to select option by index '8' of object 'Object Repository/DispensaryToCms/Page_Dispensary Store/select_--Select--Adernaline 0.' (Root cause: org.openqa.selenium.NoSuchElementException: Cannot locate option with index: 8
For documentation on this error, please visit: http://seleniumhq.org/exceptions/no_such_element.html
Build info: version: '3.7.1', revision: '8a0099a', time: '2017-11-06T21:07:36.161Z'
System info: host: 'DESKTOP-BLFTK83', ip: '192.168.71.2', os.name: 'Windows 10', os.arch: 'amd64', os.version: '10.0', java.version: '1.8.0_102'
Driver info: driver.version: unknown)

2018-05-21 10:10:48 - [TEST_STEP][PASSED] - selectOptionByIndex: All options with index in [5] are selected on object 'Object Repository/DispensaryToCms/Page_Dispensary Store/select_--Select--Schedule 1Inj'

2018-05-21 10:10:48 - [MESSAGE][PASSED] - All options with index in [5] are selected on object 'Object Repository/DispensaryToCms/Page_Dispensary Store/select_--Select--Schedule 1Inj'

2018-05-21 10:10:48 - [TEST_STEP][PASSED] - selectOptionByIndex: All options with index in [1] are selected on object 'Object Repository/DispensaryToCms/Page_Dispensary Store/select_--Select--Adernaline 0.'

2018-05-21 10:10:48 - [MESSAGE][PASSED] - All options with index in [1] are selected on object 'Object Repository/DispensaryToCms/Page_Dispensary Store/select_--Select--Adernaline 0.'

2018-05-21 10:10:48 - [TEST_STEP][PASSED] - setText: Text '100' is set on object 'Object Repository/DispensaryToCms/Page_Dispensary Store/input_txttreat'

2018-05-21 10:10:48 - [MESSAGE][PASSED] - Text '100' is set on object 'Object Repository/DispensaryToCms/Page_Dispensary Store/input_txttreat'

2018-05-21 10:10:48 - [TEST_STEP][PASSED] - click: Object: 'Object Repository/DispensaryToCms/Page_Dispensary Store/button_Add' is clicked on

2018-05-21 10:10:48 - [MESSAGE][PASSED] - Object: 'Object Repository/DispensaryToCms/Page_Dispensary Store/button_Add' is clicked on

2018-05-21 10:10:48 - [TEST_STEP][PASSED] - selectOptionByIndex: All options with index in [5] are selected on object 'Object Repository/DispensaryToCms/Page_Dispensary Store/select_--Select--Schedule 1Inj'

2018-05-21 10:10:48 - [MESSAGE][PASSED] - All options with index in [5] are selected on object 'Object Repository/DispensaryToCms/Page_Dispensary Store/select_--Select--Schedule 1Inj'

2018-05-21 10:10:48 - [TEST_STEP][PASSED] - selectOptionByIndex: All options with index in [2] are selected on object 'Object Repository/DispensaryToCms/Page_Dispensary Store/select_--Select--Adernaline 0.'

2018-05-21 10:10:49 - [MESSAGE][PASSED] - All options with index in [2] are selected on object 'Object Repository/DispensaryToCms/Page_Dispensary Store/select_--Select--Adernaline 0.'

2018-05-21 10:10:49 - [TEST_STEP][PASSED] - setText: Text '100' is set on object 'Object Repository/DispensaryToCms/Page_Dispensary Store/input_txttreat'

2018-05-21 10:10:49 - [MESSAGE][PASSED] - Text '100' is set on object 'Object Repository/DispensaryToCms/Page_Dispensary Store/input_txttreat'

2018-05-21 10:10:49 - [TEST_STEP][PASSED] - click: Object: 'Object Repository/DispensaryToCms/Page_Dispensary Store/button_Add' is clicked on

2018-05-21 10:10:49 - [MESSAGE][PASSED] - Object: 'Object Repository/DispensaryToCms/Page_Dispensary Store/button_Add' is clicked on

2018-05-21 10:10:49 - [TEST_STEP][PASSED] - selectOptionByIndex: All options with index in [5] are selected on object 'Object Repository/DispensaryToCms/Page_Dispensary Store/select_--Select--Schedule 1Inj'

2018-05-21 10:10:49 - [MESSAGE][PASSED] - All options with index in [5] are selected on object 'Object Repository/DispensaryToCms/Page_Dispensary Store/select_--Select--Schedule 1Inj'

2018-05-21 10:10:49 - [TEST_STEP][PASSED] - selectOptionByIndex: All options with index in [3] are selected on object 'Object Repository/DispensaryToCms/Page_Dispensary Store/select_--Select--Adernaline 0.'

2018-05-21 10:10:49 - [MESSAGE][PASSED] - All options with index in [3] are selected on object 'Object Repository/DispensaryToCms/Page_Dispensary Store/select_--Select--Adernaline 0.'

2018-05-21 10:10:49 - [TEST_STEP][PASSED] - setText: Text '100' is set on object 'Object Repository/DispensaryToCms/Page_Dispensary Store/input_txttreat'

2018-05-21 10:10:49 - [MESSAGE][PASSED] - Text '100' is set on object 'Object Repository/DispensaryToCms/Page_Dispensary Store/input_txttreat'

2018-05-21 10:10:49 - [TEST_STEP][PASSED] - click: Object: 'Object Repository/DispensaryToCms/Page_Dispensary Store/button_Add' is clicked on

2018-05-21 10:10:49 - [MESSAGE][PASSED] - Object: 'Object Repository/DispensaryToCms/Page_Dispensary Store/button_Add' is clicked on

2018-05-21 10:10:49 - [TEST_STEP][PASSED] - selectOptionByIndex: All options with index in [5] are selected on object 'Object Repository/DispensaryToCms/Page_Dispensary Store/select_--Select--Schedule 1Inj'

2018-05-21 10:10:49 - [MESSAGE][PASSED] - All options with index in [5] are selected on object 'Object Repository/DispensaryToCms/Page_Dispensary Store/select_--Select--Schedule 1Inj'

2018-05-21 10:10:49 - [TEST_STEP][PASSED] - selectOptionByIndex: All options with index in [4] are selected on object 'Object Repository/DispensaryToCms/Page_Dispensary Store/select_--Select--Adernaline 0.'

2018-05-21 10:10:50 - [MESSAGE][PASSED] - All options with index in [4] are selected on object 'Object Repository/DispensaryToCms/Page_Dispensary Store/select_--Select--Adernaline 0.'

2018-05-21 10:10:50 - [TEST_STEP][PASSED] - setText: Text '100' is set on object 'Object Repository/DispensaryToCms/Page_Dispensary Store/input_txttreat'

2018-05-21 10:10:50 - [MESSAGE][PASSED] - Text '100' is set on object 'Object Repository/DispensaryToCms/Page_Dispensary Store/input_txttreat'

2018-05-21 10:10:50 - [TEST_STEP][PASSED] - click: Object: 'Object Repository/DispensaryToCms/Page_Dispensary Store/button_Add' is clicked on

2018-05-21 10:10:50 - [MESSAGE][PASSED] - Object: 'Object Repository/DispensaryToCms/Page_Dispensary Store/button_Add' is clicked on

2018-05-21 10:10:50 - [TEST_STEP][PASSED] - selectOptionByIndex: All options with index in [5] are selected on object 'Object Repository/DispensaryToCms/Page_Dispensary Store/select_--Select--Schedule 1Inj'

2018-05-21 10:10:50 - [MESSAGE][PASSED] - All options with index in [5] are selected on object 'Object Repository/DispensaryToCms/Page_Dispensary Store/select_--Select--Schedule 1Inj'

2018-05-21 10:10:50 - [TEST_STEP][PASSED] - selectOptionByIndex: All options with index in [5] are selected on object 'Object Repository/DispensaryToCms/Page_Dispensary Store/select_--Select--Adernaline 0.'

2018-05-21 10:10:50 - [MESSAGE][PASSED] - All options with index in [5] are selected on object 'Object Repository/DispensaryToCms/Page_Dispensary Store/select_--Select--Adernaline 0.'

2018-05-21 10:10:50 - [TEST_STEP][PASSED] - setText: Text '100' is set on object 'Object Repository/DispensaryToCms/Page_Dispensary Store/input_txttreat'

2018-05-21 10:10:50 - [MESSAGE][PASSED] - Text '100' is set on object 'Object Repository/DispensaryToCms/Page_Dispensary Store/input_txttreat'

2018-05-21 10:10:50 - [TEST_STEP][PASSED] - click: Object: 'Object Repository/DispensaryToCms/Page_Dispensary Store/button_Add' is clicked on

2018-05-21 10:10:50 - [MESSAGE][PASSED] - Object: 'Object Repository/DispensaryToCms/Page_Dispensary Store/button_Add' is clicked on

2018-05-21 10:10:50 - [TEST_STEP][PASSED] - selectOptionByIndex: All options with index in [5] are selected on object 'Object Repository/DispensaryToCms/Page_Dispensary Store/select_--Select--Schedule 1Inj'

2018-05-21 10:10:50 - [MESSAGE][PASSED] - All options with index in [5] are selected on object 'Object Repository/DispensaryToCms/Page_Dispensary Store/select_--Select--Schedule 1Inj'

2018-05-21 10:10:50 - [TEST_STEP][PASSED] - selectOptionByIndex: All options with index in [6] are selected on object 'Object Repository/DispensaryToCms/Page_Dispensary Store/select_--Select--Adernaline 0.'

2018-05-21 10:10:51 - [MESSAGE][PASSED] - All options with index in [6] are selected on object 'Object Repository/DispensaryToCms/Page_Dispensary Store/select_--Select--Adernaline 0.'

2018-05-21 10:10:51 - [TEST_STEP][PASSED] - setText: Text '100' is set on object 'Object Repository/DispensaryToCms/Page_Dispensary Store/input_txttreat'

2018-05-21 10:10:51 - [MESSAGE][PASSED] - Text '100' is set on object 'Object Repository/DispensaryToCms/Page_Dispensary Store/input_txttreat'

2018-05-21 10:10:51 - [TEST_STEP][PASSED] - click: Object: 'Object Repository/DispensaryToCms/Page_Dispensary Store/button_Add' is clicked on

2018-05-21 10:10:51 - [MESSAGE][PASSED] - Object: 'Object Repository/DispensaryToCms/Page_Dispensary Store/button_Add' is clicked on

2018-05-21 10:10:51 - [TEST_STEP][PASSED] - selectOptionByIndex: All options with index in [5] are selected on object 'Object Repository/DispensaryToCms/Page_Dispensary Store/select_--Select--Schedule 1Inj'

2018-05-21 10:10:51 - [MESSAGE][PASSED] - All options with index in [5] are selected on object 'Object Repository/DispensaryToCms/Page_Dispensary Store/select_--Select--Schedule 1Inj'

2018-05-21 10:10:51 - [TEST_STEP][PASSED] - selectOptionByIndex: All options with index in [7] are selected on object 'Object Repository/DispensaryToCms/Page_Dispensary Store/select_--Select--Adernaline 0.'

2018-05-21 10:10:51 - [MESSAGE][PASSED] - All options with index in [7] are selected on object 'Object Repository/DispensaryToCms/Page_Dispensary Store/select_--Select--Adernaline 0.'

2018-05-21 10:10:51 - [TEST_STEP][PASSED] - setText: Text '100' is set on object 'Object Repository/DispensaryToCms/Page_Dispensary Store/input_txttreat'

2018-05-21 10:10:51 - [MESSAGE][PASSED] - Text '100' is set on object 'Object Repository/DispensaryToCms/Page_Dispensary Store/input_txttreat'

2018-05-21 10:10:51 - [TEST_STEP][PASSED] - click: Object: 'Object Repository/DispensaryToCms/Page_Dispensary Store/button_Add' is clicked on

2018-05-21 10:10:51 - [MESSAGE][PASSED] - Object: 'Object Repository/DispensaryToCms/Page_Dispensary Store/button_Add' is clicked on

2018-05-21 10:10:51 - [TEST_STEP][PASSED] - selectOptionByIndex: All options with index in [5] are selected on object 'Object Repository/DispensaryToCms/Page_Dispensary Store/select_--Select--Schedule 1Inj'

2018-05-21 10:10:52 - [MESSAGE][PASSED] - All options with index in [5] are selected on object 'Object Repository/DispensaryToCms/Page_Dispensary Store/select_--Select--Schedule 1Inj'

2018-05-21 10:10:52 - [TEST_STEP][FAILED] - selectOptionByIndex: Unable to select option by index '8' of object 'Object Repository/DispensaryToCms/Page_Dispensary Store/select_--Select--Adernaline 0.' (Root cause: org.openqa.selenium.NoSuchElementException: Cannot locate option with index: 8
For documentation on this error, please visit: http://seleniumhq.org/exceptions/no_such_element.html
Build info: version: '3.7.1', revision: '8a0099a', time: '2017-11-06T21:07:36.161Z'
System info: host: 'DESKTOP-BLFTK83', ip: '192.168.71.2', os.name: 'Windows 10', os.arch: 'amd64', os.version: '10.0', java.version: '1.8.0_102'
Driver info: driver.version: unknown)

2018-05-21 10:10:52 - [MESSAGE][FAILED] - Unable to select option by index '8' of object 'Object Repository/DispensaryToCms/Page_Dispensary Store/select_--Select--Adernaline 0.' (Root cause: org.openqa.selenium.NoSuchElementException: Cannot locate option with index: 8
For documentation on this error, please visit: http://seleniumhq.org/exceptions/no_such_element.html
Build info: version: '3.7.1', revision: '8a0099a', time: '2017-11-06T21:07:36.161Z'
System info: host: 'DESKTOP-BLFTK83', ip: '192.168.71.2', os.name: 'Windows 10', os.arch: 'amd64', os.version: '10.0', java.version: '1.8.0_102'
Driver info: driver.version: unknown)
[[ATTACHMENT|C:\\Users\\Quality Analyst\\Katalon Studio\\ds\\Reports\\Dispensary_Cms_Suite\\20180521_095828\\1526877652167.png]]]]></system-out>
         <system-err><![CDATA[2018-05-21 10:10:28 - [TEST_CASE][FAILED] - Test Cases/DISPENSARY TEST CASES/TC_DP_017 Verify Schedule 5 Dispensary To CMS Request Are Working Successfully Or Not: Test Cases/DISPENSARY TEST CASES/TC_DP_017 Verify Schedule 5 Dispensary To CMS Request Are Working Successfully Or Not FAILED because (of) Unable to select option by index '8' of object 'Object Repository/DispensaryToCms/Page_Dispensary Store/select_--Select--Adernaline 0.' (Root cause: org.openqa.selenium.NoSuchElementException: Cannot locate option with index: 8
For documentation on this error, please visit: http://seleniumhq.org/exceptions/no_such_element.html
Build info: version: '3.7.1', revision: '8a0099a', time: '2017-11-06T21:07:36.161Z'
System info: host: 'DESKTOP-BLFTK83', ip: '192.168.71.2', os.name: 'Windows 10', os.arch: 'amd64', os.version: '10.0', java.version: '1.8.0_102'
Driver info: driver.version: unknown)]]></system-err>
      </testcase>
      <testcase name="Test Cases/DISPENSARY TEST CASES/TC_DP_018 Verify Schedule 6 Dispensary To CMS Request Are Working Successfully Or Not" classname="Test Cases/DISPENSARY TEST CASES/TC_DP_018 Verify Schedule 6 Dispensary To CMS Request Are Working Successfully Or Not" status="PASSED">
         <system-out><![CDATA[2018-05-21 10:10:52 - [TEST_CASE][PASSED] - Test Cases/DISPENSARY TEST CASES/TC_DP_018 Verify Schedule 6 Dispensary To CMS Request Are Working Successfully Or Not: Test Cases/DISPENSARY TEST CASES/TC_DP_018 Verify Schedule 6 Dispensary To CMS Request Are Working Successfully Or Not

2018-05-21 10:10:52 - [TEST_STEP][PASSED] - openBrowser: Browser is opened with url: ''

2018-05-21 10:10:52 - [MESSAGE][WARNING] - A browser is already opened. Closing browser and opening a new one

2018-05-21 10:10:55 - [MESSAGE][PASSED] - Browser is opened with url: ''

2018-05-21 10:10:55 - [TEST_STEP][PASSED] - navigateToUrl: Navigate to 'http://192.168.137.1/multihospital_new/HDSplashscreen.aspx' successfully

2018-05-21 10:10:58 - [MESSAGE][PASSED] - Navigate to 'http://192.168.137.1/multihospital_new/HDSplashscreen.aspx' successfully

2018-05-21 10:10:58 - [TEST_STEP][PASSED] - maximizeWindow: Current window maximized

2018-05-21 10:10:59 - [MESSAGE][PASSED] - Current window maximized

2018-05-21 10:10:59 - [TEST_STEP][PASSED] - click: Object: 'Object Repository/DispensaryToCms/Page_KDMC/a_Dispensary Store' is clicked on

2018-05-21 10:11:00 - [MESSAGE][PASSED] - Object: 'Object Repository/DispensaryToCms/Page_KDMC/a_Dispensary Store' is clicked on

2018-05-21 10:11:00 - [TEST_STEP][PASSED] - setText: Text 'rajaram' is set on object 'Object Repository/DispensaryToCms/Page_Dispensary Store Login/input_txtusername'

2018-05-21 10:11:00 - [MESSAGE][PASSED] - Text 'rajaram' is set on object 'Object Repository/DispensaryToCms/Page_Dispensary Store Login/input_txtusername'

2018-05-21 10:11:00 - [TEST_STEP][PASSED] - setText: Text '123' is set on object 'Object Repository/DispensaryToCms/Page_Dispensary Store Login/input_txtpassword'

2018-05-21 10:11:00 - [MESSAGE][PASSED] - Text '123' is set on object 'Object Repository/DispensaryToCms/Page_Dispensary Store Login/input_txtpassword'

2018-05-21 10:11:00 - [TEST_STEP][PASSED] - delay: Delayed 3 second(s)

2018-05-21 10:11:03 - [MESSAGE][PASSED] - Delayed 3 second(s)

2018-05-21 10:11:03 - [TEST_STEP][PASSED] - click: Object: 'Object Repository/DispensaryToCms/Page_Dispensary Store Login/button_Sign in' is clicked on

2018-05-21 10:11:04 - [MESSAGE][PASSED] - Object: 'Object Repository/DispensaryToCms/Page_Dispensary Store Login/button_Sign in' is clicked on

2018-05-21 10:11:04 - [TEST_STEP][PASSED] - delay: Delayed 3 second(s)

2018-05-21 10:11:07 - [MESSAGE][PASSED] - Delayed 3 second(s)

2018-05-21 10:11:07 - [TEST_STEP][PASSED] - click: Object: 'Object Repository/DispensaryToCms/Page_Dispensary Store/a_CMS' is clicked on

2018-05-21 10:11:07 - [MESSAGE][PASSED] - Object: 'Object Repository/DispensaryToCms/Page_Dispensary Store/a_CMS' is clicked on

2018-05-21 10:11:07 - [TEST_STEP][PASSED] - click: Object: 'Object Repository/DispensaryToCms/Page_Dispensary Store/a_Request Send' is clicked on

2018-05-21 10:11:08 - [MESSAGE][PASSED] - Object: 'Object Repository/DispensaryToCms/Page_Dispensary Store/a_Request Send' is clicked on

2018-05-21 10:11:08 - [TEST_STEP][PASSED] - delay: Delayed 2 second(s)

2018-05-21 10:11:10 - [MESSAGE][PASSED] - Delayed 2 second(s)

2018-05-21 10:11:10 - [TEST_STEP][PASSED] - selectOptionByIndex: All options with index in [2] are selected on object 'Object Repository/DispensaryToCms/Page_Dispensary Store/select_--Select--'

2018-05-21 10:11:10 - [MESSAGE][PASSED] - All options with index in [2] are selected on object 'Object Repository/DispensaryToCms/Page_Dispensary Store/select_--Select--'

2018-05-21 10:11:10 - [TEST_STEP][PASSED] - selectOptionByIndex: All options with index in [6] are selected on object 'Object Repository/DispensaryToCms/Page_Dispensary Store/select_--Select--Schedule 1Inj'

2018-05-21 10:11:10 - [MESSAGE][PASSED] - All options with index in [6] are selected on object 'Object Repository/DispensaryToCms/Page_Dispensary Store/select_--Select--Schedule 1Inj'

2018-05-21 10:11:10 - [TEST_STEP][PASSED] - Statement - medicineslength = com.kms.katalon.core.webui.keyword.WebUiBuiltInKeywords.getNumberOfTotalOption(com.kms.katalon.core.testobject.ObjectRepository.findTestObject(DispensaryToCms/Page_Dispensary Store/select_--Select--Adernaline 0.)): 14 options of object 'Object Repository/DispensaryToCms/Page_Dispensary Store/select_--Select--Adernaline 0.' counted

2018-05-21 10:11:10 - [MESSAGE][PASSED] - 14 options of object 'Object Repository/DispensaryToCms/Page_Dispensary Store/select_--Select--Adernaline 0.' counted

2018-05-21 10:11:10 - [TEST_STEP][PASSED] - Statement - For ([e = 1, e <= medicineslength - 1, (e++)]): Object: 'Object Repository/DispensaryToCms/Page_Dispensary Store/button_Add' is clicked on

2018-05-21 10:11:10 - [TEST_STEP][PASSED] - selectOptionByIndex: All options with index in [6] are selected on object 'Object Repository/DispensaryToCms/Page_Dispensary Store/select_--Select--Schedule 1Inj'

2018-05-21 10:11:10 - [MESSAGE][PASSED] - All options with index in [6] are selected on object 'Object Repository/DispensaryToCms/Page_Dispensary Store/select_--Select--Schedule 1Inj'

2018-05-21 10:11:10 - [TEST_STEP][PASSED] - selectOptionByIndex: All options with index in [1] are selected on object 'Object Repository/DispensaryToCms/Page_Dispensary Store/select_--Select--Adernaline 0.'

2018-05-21 10:11:10 - [MESSAGE][PASSED] - All options with index in [1] are selected on object 'Object Repository/DispensaryToCms/Page_Dispensary Store/select_--Select--Adernaline 0.'

2018-05-21 10:11:10 - [TEST_STEP][PASSED] - setText: Text '100' is set on object 'Object Repository/DispensaryToCms/Page_Dispensary Store/input_txttreat'

2018-05-21 10:11:11 - [MESSAGE][PASSED] - Text '100' is set on object 'Object Repository/DispensaryToCms/Page_Dispensary Store/input_txttreat'

2018-05-21 10:11:11 - [TEST_STEP][PASSED] - click: Object: 'Object Repository/DispensaryToCms/Page_Dispensary Store/button_Add' is clicked on

2018-05-21 10:11:11 - [MESSAGE][PASSED] - Object: 'Object Repository/DispensaryToCms/Page_Dispensary Store/button_Add' is clicked on

2018-05-21 10:11:11 - [TEST_STEP][PASSED] - selectOptionByIndex: All options with index in [6] are selected on object 'Object Repository/DispensaryToCms/Page_Dispensary Store/select_--Select--Schedule 1Inj'

2018-05-21 10:11:11 - [MESSAGE][PASSED] - All options with index in [6] are selected on object 'Object Repository/DispensaryToCms/Page_Dispensary Store/select_--Select--Schedule 1Inj'

2018-05-21 10:11:11 - [TEST_STEP][PASSED] - selectOptionByIndex: All options with index in [2] are selected on object 'Object Repository/DispensaryToCms/Page_Dispensary Store/select_--Select--Adernaline 0.'

2018-05-21 10:11:11 - [MESSAGE][PASSED] - All options with index in [2] are selected on object 'Object Repository/DispensaryToCms/Page_Dispensary Store/select_--Select--Adernaline 0.'

2018-05-21 10:11:11 - [TEST_STEP][PASSED] - setText: Text '100' is set on object 'Object Repository/DispensaryToCms/Page_Dispensary Store/input_txttreat'

2018-05-21 10:11:11 - [MESSAGE][PASSED] - Text '100' is set on object 'Object Repository/DispensaryToCms/Page_Dispensary Store/input_txttreat'

2018-05-21 10:11:11 - [TEST_STEP][PASSED] - click: Object: 'Object Repository/DispensaryToCms/Page_Dispensary Store/button_Add' is clicked on

2018-05-21 10:11:11 - [MESSAGE][PASSED] - Object: 'Object Repository/DispensaryToCms/Page_Dispensary Store/button_Add' is clicked on

2018-05-21 10:11:11 - [TEST_STEP][PASSED] - selectOptionByIndex: All options with index in [6] are selected on object 'Object Repository/DispensaryToCms/Page_Dispensary Store/select_--Select--Schedule 1Inj'

2018-05-21 10:11:11 - [MESSAGE][PASSED] - All options with index in [6] are selected on object 'Object Repository/DispensaryToCms/Page_Dispensary Store/select_--Select--Schedule 1Inj'

2018-05-21 10:11:11 - [TEST_STEP][PASSED] - selectOptionByIndex: All options with index in [3] are selected on object 'Object Repository/DispensaryToCms/Page_Dispensary Store/select_--Select--Adernaline 0.'

2018-05-21 10:11:12 - [MESSAGE][PASSED] - All options with index in [3] are selected on object 'Object Repository/DispensaryToCms/Page_Dispensary Store/select_--Select--Adernaline 0.'

2018-05-21 10:11:12 - [TEST_STEP][PASSED] - setText: Text '100' is set on object 'Object Repository/DispensaryToCms/Page_Dispensary Store/input_txttreat'

2018-05-21 10:11:12 - [MESSAGE][PASSED] - Text '100' is set on object 'Object Repository/DispensaryToCms/Page_Dispensary Store/input_txttreat'

2018-05-21 10:11:12 - [TEST_STEP][PASSED] - click: Object: 'Object Repository/DispensaryToCms/Page_Dispensary Store/button_Add' is clicked on

2018-05-21 10:11:12 - [MESSAGE][PASSED] - Object: 'Object Repository/DispensaryToCms/Page_Dispensary Store/button_Add' is clicked on

2018-05-21 10:11:12 - [TEST_STEP][PASSED] - selectOptionByIndex: All options with index in [6] are selected on object 'Object Repository/DispensaryToCms/Page_Dispensary Store/select_--Select--Schedule 1Inj'

2018-05-21 10:11:12 - [MESSAGE][PASSED] - All options with index in [6] are selected on object 'Object Repository/DispensaryToCms/Page_Dispensary Store/select_--Select--Schedule 1Inj'

2018-05-21 10:11:12 - [TEST_STEP][PASSED] - selectOptionByIndex: All options with index in [4] are selected on object 'Object Repository/DispensaryToCms/Page_Dispensary Store/select_--Select--Adernaline 0.'

2018-05-21 10:11:12 - [MESSAGE][PASSED] - All options with index in [4] are selected on object 'Object Repository/DispensaryToCms/Page_Dispensary Store/select_--Select--Adernaline 0.'

2018-05-21 10:11:12 - [TEST_STEP][PASSED] - setText: Text '100' is set on object 'Object Repository/DispensaryToCms/Page_Dispensary Store/input_txttreat'

2018-05-21 10:11:12 - [MESSAGE][PASSED] - Text '100' is set on object 'Object Repository/DispensaryToCms/Page_Dispensary Store/input_txttreat'

2018-05-21 10:11:12 - [TEST_STEP][PASSED] - click: Object: 'Object Repository/DispensaryToCms/Page_Dispensary Store/button_Add' is clicked on

2018-05-21 10:11:12 - [MESSAGE][PASSED] - Object: 'Object Repository/DispensaryToCms/Page_Dispensary Store/button_Add' is clicked on

2018-05-21 10:11:12 - [TEST_STEP][PASSED] - selectOptionByIndex: All options with index in [6] are selected on object 'Object Repository/DispensaryToCms/Page_Dispensary Store/select_--Select--Schedule 1Inj'

2018-05-21 10:11:12 - [MESSAGE][PASSED] - All options with index in [6] are selected on object 'Object Repository/DispensaryToCms/Page_Dispensary Store/select_--Select--Schedule 1Inj'

2018-05-21 10:11:12 - [TEST_STEP][PASSED] - selectOptionByIndex: All options with index in [5] are selected on object 'Object Repository/DispensaryToCms/Page_Dispensary Store/select_--Select--Adernaline 0.'

2018-05-21 10:11:13 - [MESSAGE][PASSED] - All options with index in [5] are selected on object 'Object Repository/DispensaryToCms/Page_Dispensary Store/select_--Select--Adernaline 0.'

2018-05-21 10:11:13 - [TEST_STEP][PASSED] - setText: Text '100' is set on object 'Object Repository/DispensaryToCms/Page_Dispensary Store/input_txttreat'

2018-05-21 10:11:13 - [MESSAGE][PASSED] - Text '100' is set on object 'Object Repository/DispensaryToCms/Page_Dispensary Store/input_txttreat'

2018-05-21 10:11:13 - [TEST_STEP][PASSED] - click: Object: 'Object Repository/DispensaryToCms/Page_Dispensary Store/button_Add' is clicked on

2018-05-21 10:11:13 - [MESSAGE][PASSED] - Object: 'Object Repository/DispensaryToCms/Page_Dispensary Store/button_Add' is clicked on

2018-05-21 10:11:13 - [TEST_STEP][PASSED] - selectOptionByIndex: All options with index in [6] are selected on object 'Object Repository/DispensaryToCms/Page_Dispensary Store/select_--Select--Schedule 1Inj'

2018-05-21 10:11:13 - [MESSAGE][PASSED] - All options with index in [6] are selected on object 'Object Repository/DispensaryToCms/Page_Dispensary Store/select_--Select--Schedule 1Inj'

2018-05-21 10:11:13 - [TEST_STEP][PASSED] - selectOptionByIndex: All options with index in [6] are selected on object 'Object Repository/DispensaryToCms/Page_Dispensary Store/select_--Select--Adernaline 0.'

2018-05-21 10:11:13 - [MESSAGE][PASSED] - All options with index in [6] are selected on object 'Object Repository/DispensaryToCms/Page_Dispensary Store/select_--Select--Adernaline 0.'

2018-05-21 10:11:13 - [TEST_STEP][PASSED] - setText: Text '100' is set on object 'Object Repository/DispensaryToCms/Page_Dispensary Store/input_txttreat'

2018-05-21 10:11:13 - [MESSAGE][PASSED] - Text '100' is set on object 'Object Repository/DispensaryToCms/Page_Dispensary Store/input_txttreat'

2018-05-21 10:11:13 - [TEST_STEP][PASSED] - click: Object: 'Object Repository/DispensaryToCms/Page_Dispensary Store/button_Add' is clicked on

2018-05-21 10:11:13 - [MESSAGE][PASSED] - Object: 'Object Repository/DispensaryToCms/Page_Dispensary Store/button_Add' is clicked on

2018-05-21 10:11:13 - [TEST_STEP][PASSED] - selectOptionByIndex: All options with index in [6] are selected on object 'Object Repository/DispensaryToCms/Page_Dispensary Store/select_--Select--Schedule 1Inj'

2018-05-21 10:11:14 - [MESSAGE][PASSED] - All options with index in [6] are selected on object 'Object Repository/DispensaryToCms/Page_Dispensary Store/select_--Select--Schedule 1Inj'

2018-05-21 10:11:14 - [TEST_STEP][PASSED] - selectOptionByIndex: All options with index in [7] are selected on object 'Object Repository/DispensaryToCms/Page_Dispensary Store/select_--Select--Adernaline 0.'

2018-05-21 10:11:14 - [MESSAGE][PASSED] - All options with index in [7] are selected on object 'Object Repository/DispensaryToCms/Page_Dispensary Store/select_--Select--Adernaline 0.'

2018-05-21 10:11:14 - [TEST_STEP][PASSED] - setText: Text '100' is set on object 'Object Repository/DispensaryToCms/Page_Dispensary Store/input_txttreat'

2018-05-21 10:11:14 - [MESSAGE][PASSED] - Text '100' is set on object 'Object Repository/DispensaryToCms/Page_Dispensary Store/input_txttreat'

2018-05-21 10:11:14 - [TEST_STEP][PASSED] - click: Object: 'Object Repository/DispensaryToCms/Page_Dispensary Store/button_Add' is clicked on

2018-05-21 10:11:14 - [MESSAGE][PASSED] - Object: 'Object Repository/DispensaryToCms/Page_Dispensary Store/button_Add' is clicked on

2018-05-21 10:11:14 - [TEST_STEP][PASSED] - selectOptionByIndex: All options with index in [6] are selected on object 'Object Repository/DispensaryToCms/Page_Dispensary Store/select_--Select--Schedule 1Inj'

2018-05-21 10:11:14 - [MESSAGE][PASSED] - All options with index in [6] are selected on object 'Object Repository/DispensaryToCms/Page_Dispensary Store/select_--Select--Schedule 1Inj'

2018-05-21 10:11:14 - [TEST_STEP][PASSED] - selectOptionByIndex: All options with index in [8] are selected on object 'Object Repository/DispensaryToCms/Page_Dispensary Store/select_--Select--Adernaline 0.'

2018-05-21 10:11:14 - [MESSAGE][PASSED] - All options with index in [8] are selected on object 'Object Repository/DispensaryToCms/Page_Dispensary Store/select_--Select--Adernaline 0.'

2018-05-21 10:11:14 - [TEST_STEP][PASSED] - setText: Text '100' is set on object 'Object Repository/DispensaryToCms/Page_Dispensary Store/input_txttreat'

2018-05-21 10:11:14 - [MESSAGE][PASSED] - Text '100' is set on object 'Object Repository/DispensaryToCms/Page_Dispensary Store/input_txttreat'

2018-05-21 10:11:14 - [TEST_STEP][PASSED] - click: Object: 'Object Repository/DispensaryToCms/Page_Dispensary Store/button_Add' is clicked on

2018-05-21 10:11:15 - [MESSAGE][PASSED] - Object: 'Object Repository/DispensaryToCms/Page_Dispensary Store/button_Add' is clicked on

2018-05-21 10:11:15 - [TEST_STEP][PASSED] - selectOptionByIndex: All options with index in [6] are selected on object 'Object Repository/DispensaryToCms/Page_Dispensary Store/select_--Select--Schedule 1Inj'

2018-05-21 10:11:15 - [MESSAGE][PASSED] - All options with index in [6] are selected on object 'Object Repository/DispensaryToCms/Page_Dispensary Store/select_--Select--Schedule 1Inj'

2018-05-21 10:11:15 - [TEST_STEP][PASSED] - selectOptionByIndex: All options with index in [9] are selected on object 'Object Repository/DispensaryToCms/Page_Dispensary Store/select_--Select--Adernaline 0.'

2018-05-21 10:11:15 - [MESSAGE][PASSED] - All options with index in [9] are selected on object 'Object Repository/DispensaryToCms/Page_Dispensary Store/select_--Select--Adernaline 0.'

2018-05-21 10:11:15 - [TEST_STEP][PASSED] - setText: Text '100' is set on object 'Object Repository/DispensaryToCms/Page_Dispensary Store/input_txttreat'

2018-05-21 10:11:15 - [MESSAGE][PASSED] - Text '100' is set on object 'Object Repository/DispensaryToCms/Page_Dispensary Store/input_txttreat'

2018-05-21 10:11:15 - [TEST_STEP][PASSED] - click: Object: 'Object Repository/DispensaryToCms/Page_Dispensary Store/button_Add' is clicked on

2018-05-21 10:11:15 - [MESSAGE][PASSED] - Object: 'Object Repository/DispensaryToCms/Page_Dispensary Store/button_Add' is clicked on

2018-05-21 10:11:15 - [TEST_STEP][PASSED] - selectOptionByIndex: All options with index in [6] are selected on object 'Object Repository/DispensaryToCms/Page_Dispensary Store/select_--Select--Schedule 1Inj'

2018-05-21 10:11:15 - [MESSAGE][PASSED] - All options with index in [6] are selected on object 'Object Repository/DispensaryToCms/Page_Dispensary Store/select_--Select--Schedule 1Inj'

2018-05-21 10:11:15 - [TEST_STEP][PASSED] - selectOptionByIndex: All options with index in [10] are selected on object 'Object Repository/DispensaryToCms/Page_Dispensary Store/select_--Select--Adernaline 0.'

2018-05-21 10:11:16 - [MESSAGE][PASSED] - All options with index in [10] are selected on object 'Object Repository/DispensaryToCms/Page_Dispensary Store/select_--Select--Adernaline 0.'

2018-05-21 10:11:16 - [TEST_STEP][PASSED] - setText: Text '100' is set on object 'Object Repository/DispensaryToCms/Page_Dispensary Store/input_txttreat'

2018-05-21 10:11:16 - [MESSAGE][PASSED] - Text '100' is set on object 'Object Repository/DispensaryToCms/Page_Dispensary Store/input_txttreat'

2018-05-21 10:11:16 - [TEST_STEP][PASSED] - click: Object: 'Object Repository/DispensaryToCms/Page_Dispensary Store/button_Add' is clicked on

2018-05-21 10:11:16 - [MESSAGE][PASSED] - Object: 'Object Repository/DispensaryToCms/Page_Dispensary Store/button_Add' is clicked on

2018-05-21 10:11:16 - [TEST_STEP][PASSED] - selectOptionByIndex: All options with index in [6] are selected on object 'Object Repository/DispensaryToCms/Page_Dispensary Store/select_--Select--Schedule 1Inj'

2018-05-21 10:11:16 - [MESSAGE][PASSED] - All options with index in [6] are selected on object 'Object Repository/DispensaryToCms/Page_Dispensary Store/select_--Select--Schedule 1Inj'

2018-05-21 10:11:16 - [TEST_STEP][PASSED] - selectOptionByIndex: All options with index in [11] are selected on object 'Object Repository/DispensaryToCms/Page_Dispensary Store/select_--Select--Adernaline 0.'

2018-05-21 10:11:16 - [MESSAGE][PASSED] - All options with index in [11] are selected on object 'Object Repository/DispensaryToCms/Page_Dispensary Store/select_--Select--Adernaline 0.'

2018-05-21 10:11:16 - [TEST_STEP][PASSED] - setText: Text '100' is set on object 'Object Repository/DispensaryToCms/Page_Dispensary Store/input_txttreat'

2018-05-21 10:11:16 - [MESSAGE][PASSED] - Text '100' is set on object 'Object Repository/DispensaryToCms/Page_Dispensary Store/input_txttreat'

2018-05-21 10:11:16 - [TEST_STEP][PASSED] - click: Object: 'Object Repository/DispensaryToCms/Page_Dispensary Store/button_Add' is clicked on

2018-05-21 10:11:16 - [MESSAGE][PASSED] - Object: 'Object Repository/DispensaryToCms/Page_Dispensary Store/button_Add' is clicked on

2018-05-21 10:11:16 - [TEST_STEP][PASSED] - selectOptionByIndex: All options with index in [6] are selected on object 'Object Repository/DispensaryToCms/Page_Dispensary Store/select_--Select--Schedule 1Inj'

2018-05-21 10:11:17 - [MESSAGE][PASSED] - All options with index in [6] are selected on object 'Object Repository/DispensaryToCms/Page_Dispensary Store/select_--Select--Schedule 1Inj'

2018-05-21 10:11:17 - [TEST_STEP][PASSED] - selectOptionByIndex: All options with index in [12] are selected on object 'Object Repository/DispensaryToCms/Page_Dispensary Store/select_--Select--Adernaline 0.'

2018-05-21 10:11:17 - [MESSAGE][PASSED] - All options with index in [12] are selected on object 'Object Repository/DispensaryToCms/Page_Dispensary Store/select_--Select--Adernaline 0.'

2018-05-21 10:11:17 - [TEST_STEP][PASSED] - setText: Text '100' is set on object 'Object Repository/DispensaryToCms/Page_Dispensary Store/input_txttreat'

2018-05-21 10:11:17 - [MESSAGE][PASSED] - Text '100' is set on object 'Object Repository/DispensaryToCms/Page_Dispensary Store/input_txttreat'

2018-05-21 10:11:17 - [TEST_STEP][PASSED] - click: Object: 'Object Repository/DispensaryToCms/Page_Dispensary Store/button_Add' is clicked on

2018-05-21 10:11:17 - [MESSAGE][PASSED] - Object: 'Object Repository/DispensaryToCms/Page_Dispensary Store/button_Add' is clicked on

2018-05-21 10:11:17 - [TEST_STEP][PASSED] - selectOptionByIndex: All options with index in [6] are selected on object 'Object Repository/DispensaryToCms/Page_Dispensary Store/select_--Select--Schedule 1Inj'

2018-05-21 10:11:17 - [MESSAGE][PASSED] - All options with index in [6] are selected on object 'Object Repository/DispensaryToCms/Page_Dispensary Store/select_--Select--Schedule 1Inj'

2018-05-21 10:11:17 - [TEST_STEP][PASSED] - selectOptionByIndex: All options with index in [13] are selected on object 'Object Repository/DispensaryToCms/Page_Dispensary Store/select_--Select--Adernaline 0.'

2018-05-21 10:11:17 - [MESSAGE][PASSED] - All options with index in [13] are selected on object 'Object Repository/DispensaryToCms/Page_Dispensary Store/select_--Select--Adernaline 0.'

2018-05-21 10:11:17 - [TEST_STEP][PASSED] - setText: Text '100' is set on object 'Object Repository/DispensaryToCms/Page_Dispensary Store/input_txttreat'

2018-05-21 10:11:18 - [MESSAGE][PASSED] - Text '100' is set on object 'Object Repository/DispensaryToCms/Page_Dispensary Store/input_txttreat'

2018-05-21 10:11:18 - [TEST_STEP][PASSED] - click: Object: 'Object Repository/DispensaryToCms/Page_Dispensary Store/button_Add' is clicked on

2018-05-21 10:11:18 - [MESSAGE][PASSED] - Object: 'Object Repository/DispensaryToCms/Page_Dispensary Store/button_Add' is clicked on

2018-05-21 10:11:18 - [TEST_STEP][PASSED] - scrollToElement: Scroll to object 'Object Repository/DispensaryToCms/Page_Dispensary Store/input_btnsave' successfully

2018-05-21 10:11:18 - [MESSAGE][PASSED] - Scroll to object 'Object Repository/DispensaryToCms/Page_Dispensary Store/input_btnsave' successfully

2018-05-21 10:11:18 - [TEST_STEP][PASSED] - click: Object: 'Object Repository/DispensaryToCms/Page_Dispensary Store/input_btnsave' is clicked on

2018-05-21 10:11:18 - [MESSAGE][PASSED] - Object: 'Object Repository/DispensaryToCms/Page_Dispensary Store/input_btnsave' is clicked on

2018-05-21 10:11:18 - [TEST_STEP][PASSED] - delay: Delayed 3 second(s)

2018-05-21 10:11:21 - [MESSAGE][PASSED] - Delayed 3 second(s)

2018-05-21 10:11:21 - [TEST_STEP][PASSED] - Statement - RN1 = com.kms.katalon.core.webui.keyword.WebUiBuiltInKeywords.getText(com.kms.katalon.core.testobject.ObjectRepository.findTestObject(DispensaryToCms/Page_Dispensary Store/font_PRNO18052018174)): Text of object 'Object Repository/DispensaryToCms/Page_Dispensary Store/font_PRNO18052018174' is: 'PRNO/21052018/285'

2018-05-21 10:11:21 - [MESSAGE][PASSED] - Text of object 'Object Repository/DispensaryToCms/Page_Dispensary Store/font_PRNO18052018174' is: 'PRNO/21052018/285'

2018-05-21 10:11:21 - [TEST_STEP][PASSED] - Statement - out.println(RN1): null

2018-05-21 10:11:21 - [TEST_STEP][PASSED] - Statement - RID = RN1.split("/")[2]: null

2018-05-21 10:11:21 - [TEST_STEP][PASSED] - click: Object: 'Object Repository/DispensaryToCms/Page_Dispensary Store/button_OK' is clicked on

2018-05-21 10:11:21 - [MESSAGE][PASSED] - Object: 'Object Repository/DispensaryToCms/Page_Dispensary Store/button_OK' is clicked on

2018-05-21 10:11:21 - [TEST_STEP][PASSED] - delay: Delayed 3 second(s)

2018-05-21 10:11:24 - [MESSAGE][PASSED] - Delayed 3 second(s)

2018-05-21 10:11:24 - [TEST_STEP][PASSED] - waitForElementPresent: Object 'Object Repository/DispensaryToCms/Page_Dispensary Store/a_dropdown-toggle' is present

2018-05-21 10:11:24 - [MESSAGE][PASSED] - Object 'Object Repository/DispensaryToCms/Page_Dispensary Store/a_dropdown-toggle' is present

2018-05-21 10:11:24 - [TEST_STEP][PASSED] - click: Object: 'Object Repository/DispensaryToCms/Page_Dispensary Store/a_dropdown-toggle' is clicked on

2018-05-21 10:11:25 - [MESSAGE][PASSED] - Object: 'Object Repository/DispensaryToCms/Page_Dispensary Store/a_dropdown-toggle' is clicked on

2018-05-21 10:11:25 - [TEST_STEP][PASSED] - click: Object: 'Object Repository/DispensaryToCms/Page_Dispensary Store/a_Sign out' is clicked on

2018-05-21 10:11:25 - [MESSAGE][PASSED] - Object: 'Object Repository/DispensaryToCms/Page_Dispensary Store/a_Sign out' is clicked on

2018-05-21 10:11:25 - [TEST_STEP][PASSED] - delay: Delayed 3 second(s)

2018-05-21 10:11:28 - [MESSAGE][PASSED] - Delayed 3 second(s)

2018-05-21 10:11:28 - [TEST_STEP][PASSED] - navigateToUrl: Navigate to 'http://192.168.137.1/multihospital_new/' successfully

2018-05-21 10:11:29 - [MESSAGE][PASSED] - Navigate to 'http://192.168.137.1/multihospital_new/' successfully

2018-05-21 10:11:29 - [TEST_STEP][PASSED] - click: Object: 'Object Repository/DispensaryToCms/Page_KDMC/a_CMO' is clicked on

2018-05-21 10:11:31 - [MESSAGE][PASSED] - Object: 'Object Repository/DispensaryToCms/Page_KDMC/a_CMO' is clicked on

2018-05-21 10:11:31 - [TEST_STEP][PASSED] - setText: Text 'guru' is set on object 'Object Repository/DispensaryToCms/Page_CMO login/input_txtusername'

2018-05-21 10:11:31 - [MESSAGE][PASSED] - Text 'guru' is set on object 'Object Repository/DispensaryToCms/Page_CMO login/input_txtusername'

2018-05-21 10:11:31 - [TEST_STEP][PASSED] - setText: Text '123' is set on object 'Object Repository/DispensaryToCms/Page_CMO login/input_txtpassword'

2018-05-21 10:11:31 - [MESSAGE][PASSED] - Text '123' is set on object 'Object Repository/DispensaryToCms/Page_CMO login/input_txtpassword'

2018-05-21 10:11:31 - [TEST_STEP][PASSED] - delay: Delayed 3 second(s)

2018-05-21 10:11:34 - [MESSAGE][PASSED] - Delayed 3 second(s)

2018-05-21 10:11:34 - [TEST_STEP][PASSED] - click: Object: 'Object Repository/DispensaryToCms/Page_CMO login/button_Sign in' is clicked on

2018-05-21 10:11:36 - [MESSAGE][PASSED] - Object: 'Object Repository/DispensaryToCms/Page_CMO login/button_Sign in' is clicked on

2018-05-21 10:11:36 - [TEST_STEP][PASSED] - delay: Delayed 3 second(s)

2018-05-21 10:11:39 - [MESSAGE][PASSED] - Delayed 3 second(s)

2018-05-21 10:11:39 - [TEST_STEP][PASSED] - click: Object: 'Object Repository/DispensaryToCms/Page_KDMC - CMO/a_CMS Request' is clicked on

2018-05-21 10:11:39 - [MESSAGE][PASSED] - Object: 'Object Repository/DispensaryToCms/Page_KDMC - CMO/a_CMS Request' is clicked on

2018-05-21 10:11:39 - [TEST_STEP][PASSED] - delay: Delayed 2 second(s)

2018-05-21 10:11:41 - [MESSAGE][PASSED] - Delayed 2 second(s)

2018-05-21 10:11:41 - [TEST_STEP][PASSED] - click: Object: 'Object Repository/DispensaryToCms/Page_KDMC - CMO/a_Dispensary Store Request' is clicked on

2018-05-21 10:11:42 - [MESSAGE][PASSED] - Object: 'Object Repository/DispensaryToCms/Page_KDMC - CMO/a_Dispensary Store Request' is clicked on

2018-05-21 10:11:42 - [TEST_STEP][PASSED] - selectOptionByIndex: All options with index in [1] are selected on object 'Object Repository/DispensaryToCms/Page_KDMC - CMO/select_--ALL--'

2018-05-21 10:11:42 - [MESSAGE][PASSED] - All options with index in [1] are selected on object 'Object Repository/DispensaryToCms/Page_KDMC - CMO/select_--ALL--'

2018-05-21 10:11:42 - [TEST_STEP][PASSED] - click: Object: 'Object Repository/DispensaryToCms/Page_KDMC - CMO/input_btnsearch' is clicked on

2018-05-21 10:11:42 - [MESSAGE][PASSED] - Object: 'Object Repository/DispensaryToCms/Page_KDMC - CMO/input_btnsearch' is clicked on

2018-05-21 10:11:42 - [TEST_STEP][PASSED] - Statement - ID = com.kms.katalon.core.webui.keyword.WebUiBuiltInKeywords.modifyObjectProperty(com.kms.katalon.core.testobject.ObjectRepository.findTestObject(lab/Page_KDMC - CMO/input_1), "xpath", "equals", "//*[@id=" + RID + "]", true): Modify property of object successfully

2018-05-21 10:11:42 - [MESSAGE][PASSED] - Modify property of object successfully

2018-05-21 10:11:42 - [TEST_STEP][PASSED] - click: Object: 'Object Repository/lab/Page_KDMC - CMO/input_1' is clicked on

2018-05-21 10:11:43 - [MESSAGE][PASSED] - Object: 'Object Repository/lab/Page_KDMC - CMO/input_1' is clicked on

2018-05-21 10:11:43 - [TEST_STEP][PASSED] - delay: Delayed 2 second(s)

2018-05-21 10:11:45 - [MESSAGE][PASSED] - Delayed 2 second(s)

2018-05-21 10:11:45 - [TEST_STEP][PASSED] - selectOptionByIndex: All options with index in [1] are selected on object 'Object Repository/DispensaryToCms/Page_KDMC - CMO/select_--Select--'

2018-05-21 10:11:45 - [MESSAGE][PASSED] - All options with index in [1] are selected on object 'Object Repository/DispensaryToCms/Page_KDMC - CMO/select_--Select--'

2018-05-21 10:11:45 - [TEST_STEP][PASSED] - click: Object: 'Object Repository/DispensaryToCms/Page_KDMC - CMO/input_btnupdate' is clicked on

2018-05-21 10:11:45 - [MESSAGE][PASSED] - Object: 'Object Repository/DispensaryToCms/Page_KDMC - CMO/input_btnupdate' is clicked on

2018-05-21 10:11:45 - [TEST_STEP][PASSED] - delay: Delayed 2 second(s)

2018-05-21 10:11:47 - [MESSAGE][PASSED] - Delayed 2 second(s)

2018-05-21 10:11:47 - [TEST_STEP][PASSED] - click: Object: 'Object Repository/DispensaryToCms/Page_KDMC - CMO/button_OK' is clicked on

2018-05-21 10:11:47 - [MESSAGE][PASSED] - Object: 'Object Repository/DispensaryToCms/Page_KDMC - CMO/button_OK' is clicked on

2018-05-21 10:11:47 - [TEST_STEP][PASSED] - delay: Delayed 3 second(s)

2018-05-21 10:11:50 - [MESSAGE][PASSED] - Delayed 3 second(s)

2018-05-21 10:11:50 - [TEST_STEP][PASSED] - click: Object: 'Object Repository/DispensaryToCms/Page_KDMC - CMO/a_dropdown-toggle' is clicked on

2018-05-21 10:11:50 - [MESSAGE][PASSED] - Object: 'Object Repository/DispensaryToCms/Page_KDMC - CMO/a_dropdown-toggle' is clicked on

2018-05-21 10:11:50 - [TEST_STEP][PASSED] - click: Object: 'Object Repository/DispensaryToCms/Page_KDMC - CMO/a_Sign out' is clicked on

2018-05-21 10:11:51 - [MESSAGE][PASSED] - Object: 'Object Repository/DispensaryToCms/Page_KDMC - CMO/a_Sign out' is clicked on

2018-05-21 10:11:51 - [TEST_STEP][PASSED] - delay: Delayed 3 second(s)

2018-05-21 10:11:54 - [MESSAGE][PASSED] - Delayed 3 second(s)

2018-05-21 10:11:54 - [TEST_STEP][PASSED] - click: Object: 'Object Repository/DispensaryToCms/Page_KDMC/a_CMS' is clicked on

2018-05-21 10:11:54 - [MESSAGE][PASSED] - Object: 'Object Repository/DispensaryToCms/Page_KDMC/a_CMS' is clicked on

2018-05-21 10:11:54 - [TEST_STEP][PASSED] - setText: Text 'bala' is set on object 'Object Repository/DispensaryToCms/Page_CMS login/input_txtusername'

2018-05-21 10:11:54 - [MESSAGE][PASSED] - Text 'bala' is set on object 'Object Repository/DispensaryToCms/Page_CMS login/input_txtusername'

2018-05-21 10:11:54 - [TEST_STEP][PASSED] - setText: Text '123' is set on object 'Object Repository/DispensaryToCms/Page_CMS login/input_txtpassword'

2018-05-21 10:11:55 - [MESSAGE][PASSED] - Text '123' is set on object 'Object Repository/DispensaryToCms/Page_CMS login/input_txtpassword'

2018-05-21 10:11:55 - [TEST_STEP][PASSED] - delay: Delayed 3 second(s)

2018-05-21 10:11:58 - [MESSAGE][PASSED] - Delayed 3 second(s)

2018-05-21 10:11:58 - [TEST_STEP][PASSED] - click: Object: 'Object Repository/DispensaryToCms/Page_CMS login/button_Sign in' is clicked on

2018-05-21 10:11:59 - [MESSAGE][PASSED] - Object: 'Object Repository/DispensaryToCms/Page_CMS login/button_Sign in' is clicked on

2018-05-21 10:11:59 - [TEST_STEP][PASSED] - delay: Delayed 3 second(s)

2018-05-21 10:12:02 - [MESSAGE][PASSED] - Delayed 3 second(s)

2018-05-21 10:12:02 - [TEST_STEP][PASSED] - click: Object: 'Object Repository/DispensaryToCms/Page_KDMC - CMS/a_Divisional Store' is clicked on

2018-05-21 10:12:02 - [MESSAGE][PASSED] - Object: 'Object Repository/DispensaryToCms/Page_KDMC - CMS/a_Divisional Store' is clicked on

2018-05-21 10:12:02 - [TEST_STEP][PASSED] - delay: Delayed 2 second(s)

2018-05-21 10:12:04 - [MESSAGE][PASSED] - Delayed 2 second(s)

2018-05-21 10:12:04 - [TEST_STEP][PASSED] - click: Object: 'Object Repository/DispensaryToCms/Page_KDMC - CMS/a_Dispatch Items' is clicked on

2018-05-21 10:12:04 - [MESSAGE][PASSED] - Object: 'Object Repository/DispensaryToCms/Page_KDMC - CMS/a_Dispatch Items' is clicked on

2018-05-21 10:12:04 - [TEST_STEP][PASSED] - delay: Delayed 2 second(s)

2018-05-21 10:12:06 - [MESSAGE][PASSED] - Delayed 2 second(s)

2018-05-21 10:12:06 - [TEST_STEP][PASSED] - setText: Text 'PRNO/21052018/285' is set on object 'Object Repository/DispensaryToCms/Page_KDMC - CMS/input'

2018-05-21 10:12:07 - [MESSAGE][PASSED] - Text 'PRNO/21052018/285' is set on object 'Object Repository/DispensaryToCms/Page_KDMC - CMS/input'

2018-05-21 10:12:07 - [TEST_STEP][PASSED] - delay: Delayed 1 second(s)

2018-05-21 10:12:08 - [MESSAGE][PASSED] - Delayed 1 second(s)

2018-05-21 10:12:08 - [TEST_STEP][PASSED] - click: Object: 'Object Repository/DispensaryToCms/Page_KDMC - CMS/input_PRNO18052018174' is clicked on

2018-05-21 10:12:08 - [MESSAGE][PASSED] - Object: 'Object Repository/DispensaryToCms/Page_KDMC - CMS/input_PRNO18052018174' is clicked on

2018-05-21 10:12:08 - [TEST_STEP][PASSED] - Statement - out.println("Length : " + medicineslength): null

2018-05-21 10:12:08 - [TEST_STEP][PASSED] - Statement - For ([row = 0, row < medicineslength - 1, (row++)]): null

2018-05-21 10:12:08 - [TEST_STEP][PASSED] - Statement - batchlength = new com.kms.katalon.core.testobject.TestObject(): null

2018-05-21 10:12:08 - [TEST_STEP][PASSED] - Statement - batchlength = com.kms.katalon.core.webui.keyword.WebUiBuiltInKeywords.modifyObjectProperty(batchlength, "xpath", "equals", "//*[@id = "fldvendor" + row + ""]", true): Modify property of object successfully

2018-05-21 10:12:08 - [MESSAGE][PASSED] - Modify property of object successfully

2018-05-21 10:12:08 - [TEST_STEP][PASSED] - Statement - batchsize = com.kms.katalon.core.webui.keyword.WebUiBuiltInKeywords.getNumberOfTotalOption(batchlength): 7 options of object '' counted

2018-05-21 10:12:08 - [MESSAGE][PASSED] - 7 options of object '' counted

2018-05-21 10:12:08 - [TEST_STEP][PASSED] - Statement - out.println("BatchSize : " + batchsize): null

2018-05-21 10:12:08 - [TEST_STEP][PASSED] - Statement - For ([n = 1, n <= batchsize - 1, (n++)]): null

2018-05-21 10:12:08 - [TEST_STEP][PASSED] - Statement - product = new com.kms.katalon.core.testobject.TestObject(): null

2018-05-21 10:12:08 - [TEST_STEP][PASSED] - Statement - product = com.kms.katalon.core.webui.keyword.WebUiBuiltInKeywords.modifyObjectProperty(product, "xpath", "equals", "//*[@id = "fldvendor" + row + ""]", true): Modify property of object successfully

2018-05-21 10:12:08 - [MESSAGE][PASSED] - Modify property of object successfully

2018-05-21 10:12:08 - [TEST_STEP][PASSED] - selectOptionByIndex: All options with index in [1] are selected on object ''

2018-05-21 10:12:08 - [MESSAGE][PASSED] - All options with index in [1] are selected on object ''

2018-05-21 10:12:08 - [TEST_STEP][PASSED] - Statement - batch = new com.kms.katalon.core.testobject.TestObject(): null

2018-05-21 10:12:08 - [TEST_STEP][PASSED] - Statement - batch = com.kms.katalon.core.webui.keyword.WebUiBuiltInKeywords.modifyObjectProperty(batch, "xpath", "equals", "//*[@id = "txtbthqty" + row + ""]", true): Modify property of object successfully

2018-05-21 10:12:08 - [MESSAGE][PASSED] - Modify property of object successfully

2018-05-21 10:12:08 - [TEST_STEP][PASSED] - Statement - batchqty = com.kms.katalon.core.webui.keyword.WebUiBuiltInKeywords.getAttribute(batch, "value").trim(): Attribute 'value' of object '' is: '39600'

2018-05-21 10:12:08 - [MESSAGE][PASSED] - Attribute 'value' of object '' is: '39600'

2018-05-21 10:12:08 - [TEST_STEP][PASSED] - Statement - Rqty = 100: null

2018-05-21 10:12:08 - [TEST_STEP][PASSED] - delay: Delayed 2 second(s)

2018-05-21 10:12:10 - [MESSAGE][PASSED] - Delayed 2 second(s)

2018-05-21 10:12:10 - [TEST_STEP][PASSED] - Statement - out.println("BatchQty : " + batchqty): null

2018-05-21 10:12:10 - [TEST_STEP][PASSED] - Statement - out.println("RQty : " + Rqty): null

2018-05-21 10:12:10 - [TEST_STEP][PASSED] - Statement - If (java.lang.Integer.valueOf(batchqty) >= java.lang.Integer.valueOf(Rqty)): null

2018-05-21 10:12:10 - [TEST_STEP][PASSED] - Statement - Break: null

2018-05-21 10:12:10 - [TEST_STEP][PASSED] - Statement - batchlength = new com.kms.katalon.core.testobject.TestObject(): null

2018-05-21 10:12:10 - [TEST_STEP][PASSED] - Statement - batchlength = com.kms.katalon.core.webui.keyword.WebUiBuiltInKeywords.modifyObjectProperty(batchlength, "xpath", "equals", "//*[@id = "fldvendor" + row + ""]", true): Modify property of object successfully

2018-05-21 10:12:10 - [MESSAGE][PASSED] - Modify property of object successfully

2018-05-21 10:12:10 - [TEST_STEP][PASSED] - Statement - batchsize = com.kms.katalon.core.webui.keyword.WebUiBuiltInKeywords.getNumberOfTotalOption(batchlength): 7 options of object '' counted

2018-05-21 10:12:10 - [MESSAGE][PASSED] - 7 options of object '' counted

2018-05-21 10:12:10 - [TEST_STEP][PASSED] - Statement - out.println("BatchSize : " + batchsize): null

2018-05-21 10:12:10 - [TEST_STEP][PASSED] - Statement - For ([n = 1, n <= batchsize - 1, (n++)]): null

2018-05-21 10:12:10 - [TEST_STEP][PASSED] - Statement - product = new com.kms.katalon.core.testobject.TestObject(): null

2018-05-21 10:12:10 - [TEST_STEP][PASSED] - Statement - product = com.kms.katalon.core.webui.keyword.WebUiBuiltInKeywords.modifyObjectProperty(product, "xpath", "equals", "//*[@id = "fldvendor" + row + ""]", true): Modify property of object successfully

2018-05-21 10:12:10 - [MESSAGE][PASSED] - Modify property of object successfully

2018-05-21 10:12:10 - [TEST_STEP][PASSED] - selectOptionByIndex: All options with index in [1] are selected on object ''

2018-05-21 10:12:11 - [MESSAGE][PASSED] - All options with index in [1] are selected on object ''

2018-05-21 10:12:11 - [TEST_STEP][PASSED] - Statement - batch = new com.kms.katalon.core.testobject.TestObject(): null

2018-05-21 10:12:11 - [TEST_STEP][PASSED] - Statement - batch = com.kms.katalon.core.webui.keyword.WebUiBuiltInKeywords.modifyObjectProperty(batch, "xpath", "equals", "//*[@id = "txtbthqty" + row + ""]", true): Modify property of object successfully

2018-05-21 10:12:11 - [MESSAGE][PASSED] - Modify property of object successfully

2018-05-21 10:12:11 - [TEST_STEP][PASSED] - Statement - batchqty = com.kms.katalon.core.webui.keyword.WebUiBuiltInKeywords.getAttribute(batch, "value").trim(): Attribute 'value' of object '' is: '4700'

2018-05-21 10:12:11 - [MESSAGE][PASSED] - Attribute 'value' of object '' is: '4700'

2018-05-21 10:12:11 - [TEST_STEP][PASSED] - Statement - Rqty = 100: null

2018-05-21 10:12:11 - [TEST_STEP][PASSED] - delay: Delayed 2 second(s)

2018-05-21 10:12:13 - [MESSAGE][PASSED] - Delayed 2 second(s)

2018-05-21 10:12:13 - [TEST_STEP][PASSED] - Statement - out.println("BatchQty : " + batchqty): null

2018-05-21 10:12:13 - [TEST_STEP][PASSED] - Statement - out.println("RQty : " + Rqty): null

2018-05-21 10:12:13 - [TEST_STEP][PASSED] - Statement - If (java.lang.Integer.valueOf(batchqty) >= java.lang.Integer.valueOf(Rqty)): null

2018-05-21 10:12:13 - [TEST_STEP][PASSED] - Statement - Break: null

2018-05-21 10:12:13 - [TEST_STEP][PASSED] - Statement - batchlength = new com.kms.katalon.core.testobject.TestObject(): null

2018-05-21 10:12:13 - [TEST_STEP][PASSED] - Statement - batchlength = com.kms.katalon.core.webui.keyword.WebUiBuiltInKeywords.modifyObjectProperty(batchlength, "xpath", "equals", "//*[@id = "fldvendor" + row + ""]", true): Modify property of object successfully

2018-05-21 10:12:13 - [MESSAGE][PASSED] - Modify property of object successfully

2018-05-21 10:12:13 - [TEST_STEP][PASSED] - Statement - batchsize = com.kms.katalon.core.webui.keyword.WebUiBuiltInKeywords.getNumberOfTotalOption(batchlength): 7 options of object '' counted

2018-05-21 10:12:13 - [MESSAGE][PASSED] - 7 options of object '' counted

2018-05-21 10:12:13 - [TEST_STEP][PASSED] - Statement - out.println("BatchSize : " + batchsize): null

2018-05-21 10:12:13 - [TEST_STEP][PASSED] - Statement - For ([n = 1, n <= batchsize - 1, (n++)]): null

2018-05-21 10:12:13 - [TEST_STEP][PASSED] - Statement - product = new com.kms.katalon.core.testobject.TestObject(): null

2018-05-21 10:12:13 - [TEST_STEP][PASSED] - Statement - product = com.kms.katalon.core.webui.keyword.WebUiBuiltInKeywords.modifyObjectProperty(product, "xpath", "equals", "//*[@id = "fldvendor" + row + ""]", true): Modify property of object successfully

2018-05-21 10:12:13 - [MESSAGE][PASSED] - Modify property of object successfully

2018-05-21 10:12:13 - [TEST_STEP][PASSED] - selectOptionByIndex: All options with index in [1] are selected on object ''

2018-05-21 10:12:13 - [MESSAGE][PASSED] - All options with index in [1] are selected on object ''

2018-05-21 10:12:13 - [TEST_STEP][PASSED] - Statement - batch = new com.kms.katalon.core.testobject.TestObject(): null

2018-05-21 10:12:13 - [TEST_STEP][PASSED] - Statement - batch = com.kms.katalon.core.webui.keyword.WebUiBuiltInKeywords.modifyObjectProperty(batch, "xpath", "equals", "//*[@id = "txtbthqty" + row + ""]", true): Modify property of object successfully

2018-05-21 10:12:13 - [MESSAGE][PASSED] - Modify property of object successfully

2018-05-21 10:12:13 - [TEST_STEP][PASSED] - Statement - batchqty = com.kms.katalon.core.webui.keyword.WebUiBuiltInKeywords.getAttribute(batch, "value").trim(): Attribute 'value' of object '' is: '4500'

2018-05-21 10:12:13 - [MESSAGE][PASSED] - Attribute 'value' of object '' is: '4500'

2018-05-21 10:12:13 - [TEST_STEP][PASSED] - Statement - Rqty = 100: null

2018-05-21 10:12:13 - [TEST_STEP][PASSED] - delay: Delayed 2 second(s)

2018-05-21 10:12:15 - [MESSAGE][PASSED] - Delayed 2 second(s)

2018-05-21 10:12:15 - [TEST_STEP][PASSED] - Statement - out.println("BatchQty : " + batchqty): null

2018-05-21 10:12:15 - [TEST_STEP][PASSED] - Statement - out.println("RQty : " + Rqty): null

2018-05-21 10:12:15 - [TEST_STEP][PASSED] - Statement - If (java.lang.Integer.valueOf(batchqty) >= java.lang.Integer.valueOf(Rqty)): null

2018-05-21 10:12:15 - [TEST_STEP][PASSED] - Statement - Break: null

2018-05-21 10:12:15 - [TEST_STEP][PASSED] - Statement - batchlength = new com.kms.katalon.core.testobject.TestObject(): null

2018-05-21 10:12:15 - [TEST_STEP][PASSED] - Statement - batchlength = com.kms.katalon.core.webui.keyword.WebUiBuiltInKeywords.modifyObjectProperty(batchlength, "xpath", "equals", "//*[@id = "fldvendor" + row + ""]", true): Modify property of object successfully

2018-05-21 10:12:15 - [MESSAGE][PASSED] - Modify property of object successfully

2018-05-21 10:12:15 - [TEST_STEP][PASSED] - Statement - batchsize = com.kms.katalon.core.webui.keyword.WebUiBuiltInKeywords.getNumberOfTotalOption(batchlength): 6 options of object '' counted

2018-05-21 10:12:15 - [MESSAGE][PASSED] - 6 options of object '' counted

2018-05-21 10:12:15 - [TEST_STEP][PASSED] - Statement - out.println("BatchSize : " + batchsize): null

2018-05-21 10:12:15 - [TEST_STEP][PASSED] - Statement - For ([n = 1, n <= batchsize - 1, (n++)]): null

2018-05-21 10:12:15 - [TEST_STEP][PASSED] - Statement - product = new com.kms.katalon.core.testobject.TestObject(): null

2018-05-21 10:12:15 - [TEST_STEP][PASSED] - Statement - product = com.kms.katalon.core.webui.keyword.WebUiBuiltInKeywords.modifyObjectProperty(product, "xpath", "equals", "//*[@id = "fldvendor" + row + ""]", true): Modify property of object successfully

2018-05-21 10:12:15 - [MESSAGE][PASSED] - Modify property of object successfully

2018-05-21 10:12:15 - [TEST_STEP][PASSED] - selectOptionByIndex: All options with index in [1] are selected on object ''

2018-05-21 10:12:15 - [MESSAGE][PASSED] - All options with index in [1] are selected on object ''

2018-05-21 10:12:15 - [TEST_STEP][PASSED] - Statement - batch = new com.kms.katalon.core.testobject.TestObject(): null

2018-05-21 10:12:15 - [TEST_STEP][PASSED] - Statement - batch = com.kms.katalon.core.webui.keyword.WebUiBuiltInKeywords.modifyObjectProperty(batch, "xpath", "equals", "//*[@id = "txtbthqty" + row + ""]", true): Modify property of object successfully

2018-05-21 10:12:15 - [MESSAGE][PASSED] - Modify property of object successfully

2018-05-21 10:12:15 - [TEST_STEP][PASSED] - Statement - batchqty = com.kms.katalon.core.webui.keyword.WebUiBuiltInKeywords.getAttribute(batch, "value").trim(): Attribute 'value' of object '' is: '4700'

2018-05-21 10:12:15 - [MESSAGE][PASSED] - Attribute 'value' of object '' is: '4700'

2018-05-21 10:12:15 - [TEST_STEP][PASSED] - Statement - Rqty = 100: null

2018-05-21 10:12:15 - [TEST_STEP][PASSED] - delay: Delayed 2 second(s)

2018-05-21 10:12:17 - [MESSAGE][PASSED] - Delayed 2 second(s)

2018-05-21 10:12:17 - [TEST_STEP][PASSED] - Statement - out.println("BatchQty : " + batchqty): null

2018-05-21 10:12:17 - [TEST_STEP][PASSED] - Statement - out.println("RQty : " + Rqty): null

2018-05-21 10:12:17 - [TEST_STEP][PASSED] - Statement - If (java.lang.Integer.valueOf(batchqty) >= java.lang.Integer.valueOf(Rqty)): null

2018-05-21 10:12:17 - [TEST_STEP][PASSED] - Statement - Break: null

2018-05-21 10:12:17 - [TEST_STEP][PASSED] - Statement - batchlength = new com.kms.katalon.core.testobject.TestObject(): null

2018-05-21 10:12:17 - [TEST_STEP][PASSED] - Statement - batchlength = com.kms.katalon.core.webui.keyword.WebUiBuiltInKeywords.modifyObjectProperty(batchlength, "xpath", "equals", "//*[@id = "fldvendor" + row + ""]", true): Modify property of object successfully

2018-05-21 10:12:17 - [MESSAGE][PASSED] - Modify property of object successfully

2018-05-21 10:12:17 - [TEST_STEP][PASSED] - Statement - batchsize = com.kms.katalon.core.webui.keyword.WebUiBuiltInKeywords.getNumberOfTotalOption(batchlength): 7 options of object '' counted

2018-05-21 10:12:17 - [MESSAGE][PASSED] - 7 options of object '' counted

2018-05-21 10:12:17 - [TEST_STEP][PASSED] - Statement - out.println("BatchSize : " + batchsize): null

2018-05-21 10:12:17 - [TEST_STEP][PASSED] - Statement - For ([n = 1, n <= batchsize - 1, (n++)]): null

2018-05-21 10:12:17 - [TEST_STEP][PASSED] - Statement - product = new com.kms.katalon.core.testobject.TestObject(): null

2018-05-21 10:12:17 - [TEST_STEP][PASSED] - Statement - product = com.kms.katalon.core.webui.keyword.WebUiBuiltInKeywords.modifyObjectProperty(product, "xpath", "equals", "//*[@id = "fldvendor" + row + ""]", true): Modify property of object successfully

2018-05-21 10:12:17 - [MESSAGE][PASSED] - Modify property of object successfully

2018-05-21 10:12:17 - [TEST_STEP][PASSED] - selectOptionByIndex: All options with index in [1] are selected on object ''

2018-05-21 10:12:17 - [MESSAGE][PASSED] - All options with index in [1] are selected on object ''

2018-05-21 10:12:17 - [TEST_STEP][PASSED] - Statement - batch = new com.kms.katalon.core.testobject.TestObject(): null

2018-05-21 10:12:17 - [TEST_STEP][PASSED] - Statement - batch = com.kms.katalon.core.webui.keyword.WebUiBuiltInKeywords.modifyObjectProperty(batch, "xpath", "equals", "//*[@id = "txtbthqty" + row + ""]", true): Modify property of object successfully

2018-05-21 10:12:17 - [MESSAGE][PASSED] - Modify property of object successfully

2018-05-21 10:12:17 - [TEST_STEP][PASSED] - Statement - batchqty = com.kms.katalon.core.webui.keyword.WebUiBuiltInKeywords.getAttribute(batch, "value").trim(): Attribute 'value' of object '' is: '4600'

2018-05-21 10:12:17 - [MESSAGE][PASSED] - Attribute 'value' of object '' is: '4600'

2018-05-21 10:12:17 - [TEST_STEP][PASSED] - Statement - Rqty = 100: null

2018-05-21 10:12:17 - [TEST_STEP][PASSED] - delay: Delayed 2 second(s)

2018-05-21 10:12:19 - [MESSAGE][PASSED] - Delayed 2 second(s)

2018-05-21 10:12:19 - [TEST_STEP][PASSED] - Statement - out.println("BatchQty : " + batchqty): null

2018-05-21 10:12:19 - [TEST_STEP][PASSED] - Statement - out.println("RQty : " + Rqty): null

2018-05-21 10:12:19 - [TEST_STEP][PASSED] - Statement - If (java.lang.Integer.valueOf(batchqty) >= java.lang.Integer.valueOf(Rqty)): null

2018-05-21 10:12:19 - [TEST_STEP][PASSED] - Statement - Break: null

2018-05-21 10:12:19 - [TEST_STEP][PASSED] - Statement - batchlength = new com.kms.katalon.core.testobject.TestObject(): null

2018-05-21 10:12:19 - [TEST_STEP][PASSED] - Statement - batchlength = com.kms.katalon.core.webui.keyword.WebUiBuiltInKeywords.modifyObjectProperty(batchlength, "xpath", "equals", "//*[@id = "fldvendor" + row + ""]", true): Modify property of object successfully

2018-05-21 10:12:19 - [MESSAGE][PASSED] - Modify property of object successfully

2018-05-21 10:12:19 - [TEST_STEP][PASSED] - Statement - batchsize = com.kms.katalon.core.webui.keyword.WebUiBuiltInKeywords.getNumberOfTotalOption(batchlength): 7 options of object '' counted

2018-05-21 10:12:19 - [MESSAGE][PASSED] - 7 options of object '' counted

2018-05-21 10:12:19 - [TEST_STEP][PASSED] - Statement - out.println("BatchSize : " + batchsize): null

2018-05-21 10:12:19 - [TEST_STEP][PASSED] - Statement - For ([n = 1, n <= batchsize - 1, (n++)]): null

2018-05-21 10:12:19 - [TEST_STEP][PASSED] - Statement - product = new com.kms.katalon.core.testobject.TestObject(): null

2018-05-21 10:12:19 - [TEST_STEP][PASSED] - Statement - product = com.kms.katalon.core.webui.keyword.WebUiBuiltInKeywords.modifyObjectProperty(product, "xpath", "equals", "//*[@id = "fldvendor" + row + ""]", true): Modify property of object successfully

2018-05-21 10:12:19 - [MESSAGE][PASSED] - Modify property of object successfully

2018-05-21 10:12:19 - [TEST_STEP][PASSED] - selectOptionByIndex: All options with index in [1] are selected on object ''

2018-05-21 10:12:20 - [MESSAGE][PASSED] - All options with index in [1] are selected on object ''

2018-05-21 10:12:20 - [TEST_STEP][PASSED] - Statement - batch = new com.kms.katalon.core.testobject.TestObject(): null

2018-05-21 10:12:20 - [TEST_STEP][PASSED] - Statement - batch = com.kms.katalon.core.webui.keyword.WebUiBuiltInKeywords.modifyObjectProperty(batch, "xpath", "equals", "//*[@id = "txtbthqty" + row + ""]", true): Modify property of object successfully

2018-05-21 10:12:20 - [MESSAGE][PASSED] - Modify property of object successfully

2018-05-21 10:12:20 - [TEST_STEP][PASSED] - Statement - batchqty = com.kms.katalon.core.webui.keyword.WebUiBuiltInKeywords.getAttribute(batch, "value").trim(): Attribute 'value' of object '' is: '4700'

2018-05-21 10:12:20 - [MESSAGE][PASSED] - Attribute 'value' of object '' is: '4700'

2018-05-21 10:12:20 - [TEST_STEP][PASSED] - Statement - Rqty = 100: null

2018-05-21 10:12:20 - [TEST_STEP][PASSED] - delay: Delayed 2 second(s)

2018-05-21 10:12:22 - [MESSAGE][PASSED] - Delayed 2 second(s)

2018-05-21 10:12:22 - [TEST_STEP][PASSED] - Statement - out.println("BatchQty : " + batchqty): null

2018-05-21 10:12:22 - [TEST_STEP][PASSED] - Statement - out.println("RQty : " + Rqty): null

2018-05-21 10:12:22 - [TEST_STEP][PASSED] - Statement - If (java.lang.Integer.valueOf(batchqty) >= java.lang.Integer.valueOf(Rqty)): null

2018-05-21 10:12:22 - [TEST_STEP][PASSED] - Statement - Break: null

2018-05-21 10:12:22 - [TEST_STEP][PASSED] - Statement - batchlength = new com.kms.katalon.core.testobject.TestObject(): null

2018-05-21 10:12:22 - [TEST_STEP][PASSED] - Statement - batchlength = com.kms.katalon.core.webui.keyword.WebUiBuiltInKeywords.modifyObjectProperty(batchlength, "xpath", "equals", "//*[@id = "fldvendor" + row + ""]", true): Modify property of object successfully

2018-05-21 10:12:22 - [MESSAGE][PASSED] - Modify property of object successfully

2018-05-21 10:12:22 - [TEST_STEP][PASSED] - Statement - batchsize = com.kms.katalon.core.webui.keyword.WebUiBuiltInKeywords.getNumberOfTotalOption(batchlength): 7 options of object '' counted

2018-05-21 10:12:22 - [MESSAGE][PASSED] - 7 options of object '' counted

2018-05-21 10:12:22 - [TEST_STEP][PASSED] - Statement - out.println("BatchSize : " + batchsize): null

2018-05-21 10:12:22 - [TEST_STEP][PASSED] - Statement - For ([n = 1, n <= batchsize - 1, (n++)]): null

2018-05-21 10:12:22 - [TEST_STEP][PASSED] - Statement - product = new com.kms.katalon.core.testobject.TestObject(): null

2018-05-21 10:12:22 - [TEST_STEP][PASSED] - Statement - product = com.kms.katalon.core.webui.keyword.WebUiBuiltInKeywords.modifyObjectProperty(product, "xpath", "equals", "//*[@id = "fldvendor" + row + ""]", true): Modify property of object successfully

2018-05-21 10:12:22 - [MESSAGE][PASSED] - Modify property of object successfully

2018-05-21 10:12:22 - [TEST_STEP][PASSED] - selectOptionByIndex: All options with index in [1] are selected on object ''

2018-05-21 10:12:22 - [MESSAGE][PASSED] - All options with index in [1] are selected on object ''

2018-05-21 10:12:22 - [TEST_STEP][PASSED] - Statement - batch = new com.kms.katalon.core.testobject.TestObject(): null

2018-05-21 10:12:22 - [TEST_STEP][PASSED] - Statement - batch = com.kms.katalon.core.webui.keyword.WebUiBuiltInKeywords.modifyObjectProperty(batch, "xpath", "equals", "//*[@id = "txtbthqty" + row + ""]", true): Modify property of object successfully

2018-05-21 10:12:22 - [MESSAGE][PASSED] - Modify property of object successfully

2018-05-21 10:12:22 - [TEST_STEP][PASSED] - Statement - batchqty = com.kms.katalon.core.webui.keyword.WebUiBuiltInKeywords.getAttribute(batch, "value").trim(): Attribute 'value' of object '' is: '4500'

2018-05-21 10:12:22 - [MESSAGE][PASSED] - Attribute 'value' of object '' is: '4500'

2018-05-21 10:12:22 - [TEST_STEP][PASSED] - Statement - Rqty = 100: null

2018-05-21 10:12:22 - [TEST_STEP][PASSED] - delay: Delayed 2 second(s)

2018-05-21 10:12:24 - [MESSAGE][PASSED] - Delayed 2 second(s)

2018-05-21 10:12:24 - [TEST_STEP][PASSED] - Statement - out.println("BatchQty : " + batchqty): null

2018-05-21 10:12:24 - [TEST_STEP][PASSED] - Statement - out.println("RQty : " + Rqty): null

2018-05-21 10:12:24 - [TEST_STEP][PASSED] - Statement - If (java.lang.Integer.valueOf(batchqty) >= java.lang.Integer.valueOf(Rqty)): null

2018-05-21 10:12:24 - [TEST_STEP][PASSED] - Statement - Break: null

2018-05-21 10:12:24 - [TEST_STEP][PASSED] - Statement - batchlength = new com.kms.katalon.core.testobject.TestObject(): null

2018-05-21 10:12:24 - [TEST_STEP][PASSED] - Statement - batchlength = com.kms.katalon.core.webui.keyword.WebUiBuiltInKeywords.modifyObjectProperty(batchlength, "xpath", "equals", "//*[@id = "fldvendor" + row + ""]", true): Modify property of object successfully

2018-05-21 10:12:24 - [MESSAGE][PASSED] - Modify property of object successfully

2018-05-21 10:12:24 - [TEST_STEP][PASSED] - Statement - batchsize = com.kms.katalon.core.webui.keyword.WebUiBuiltInKeywords.getNumberOfTotalOption(batchlength): 6 options of object '' counted

2018-05-21 10:12:24 - [MESSAGE][PASSED] - 6 options of object '' counted

2018-05-21 10:12:24 - [TEST_STEP][PASSED] - Statement - out.println("BatchSize : " + batchsize): null

2018-05-21 10:12:24 - [TEST_STEP][PASSED] - Statement - For ([n = 1, n <= batchsize - 1, (n++)]): null

2018-05-21 10:12:24 - [TEST_STEP][PASSED] - Statement - product = new com.kms.katalon.core.testobject.TestObject(): null

2018-05-21 10:12:24 - [TEST_STEP][PASSED] - Statement - product = com.kms.katalon.core.webui.keyword.WebUiBuiltInKeywords.modifyObjectProperty(product, "xpath", "equals", "//*[@id = "fldvendor" + row + ""]", true): Modify property of object successfully

2018-05-21 10:12:24 - [MESSAGE][PASSED] - Modify property of object successfully

2018-05-21 10:12:24 - [TEST_STEP][PASSED] - selectOptionByIndex: All options with index in [1] are selected on object ''

2018-05-21 10:12:24 - [MESSAGE][PASSED] - All options with index in [1] are selected on object ''

2018-05-21 10:12:24 - [TEST_STEP][PASSED] - Statement - batch = new com.kms.katalon.core.testobject.TestObject(): null

2018-05-21 10:12:24 - [TEST_STEP][PASSED] - Statement - batch = com.kms.katalon.core.webui.keyword.WebUiBuiltInKeywords.modifyObjectProperty(batch, "xpath", "equals", "//*[@id = "txtbthqty" + row + ""]", true): Modify property of object successfully

2018-05-21 10:12:24 - [MESSAGE][PASSED] - Modify property of object successfully

2018-05-21 10:12:24 - [TEST_STEP][PASSED] - Statement - batchqty = com.kms.katalon.core.webui.keyword.WebUiBuiltInKeywords.getAttribute(batch, "value").trim(): Attribute 'value' of object '' is: '4700'

2018-05-21 10:12:24 - [MESSAGE][PASSED] - Attribute 'value' of object '' is: '4700'

2018-05-21 10:12:24 - [TEST_STEP][PASSED] - Statement - Rqty = 100: null

2018-05-21 10:12:24 - [TEST_STEP][PASSED] - delay: Delayed 2 second(s)

2018-05-21 10:12:26 - [MESSAGE][PASSED] - Delayed 2 second(s)

2018-05-21 10:12:26 - [TEST_STEP][PASSED] - Statement - out.println("BatchQty : " + batchqty): null

2018-05-21 10:12:26 - [TEST_STEP][PASSED] - Statement - out.println("RQty : " + Rqty): null

2018-05-21 10:12:26 - [TEST_STEP][PASSED] - Statement - If (java.lang.Integer.valueOf(batchqty) >= java.lang.Integer.valueOf(Rqty)): null

2018-05-21 10:12:26 - [TEST_STEP][PASSED] - Statement - Break: null

2018-05-21 10:12:26 - [TEST_STEP][PASSED] - Statement - batchlength = new com.kms.katalon.core.testobject.TestObject(): null

2018-05-21 10:12:26 - [TEST_STEP][PASSED] - Statement - batchlength = com.kms.katalon.core.webui.keyword.WebUiBuiltInKeywords.modifyObjectProperty(batchlength, "xpath", "equals", "//*[@id = "fldvendor" + row + ""]", true): Modify property of object successfully

2018-05-21 10:12:26 - [MESSAGE][PASSED] - Modify property of object successfully

2018-05-21 10:12:26 - [TEST_STEP][PASSED] - Statement - batchsize = com.kms.katalon.core.webui.keyword.WebUiBuiltInKeywords.getNumberOfTotalOption(batchlength): 6 options of object '' counted

2018-05-21 10:12:26 - [MESSAGE][PASSED] - 6 options of object '' counted

2018-05-21 10:12:26 - [TEST_STEP][PASSED] - Statement - out.println("BatchSize : " + batchsize): null

2018-05-21 10:12:26 - [TEST_STEP][PASSED] - Statement - For ([n = 1, n <= batchsize - 1, (n++)]): null

2018-05-21 10:12:26 - [TEST_STEP][PASSED] - Statement - product = new com.kms.katalon.core.testobject.TestObject(): null

2018-05-21 10:12:26 - [TEST_STEP][PASSED] - Statement - product = com.kms.katalon.core.webui.keyword.WebUiBuiltInKeywords.modifyObjectProperty(product, "xpath", "equals", "//*[@id = "fldvendor" + row + ""]", true): Modify property of object successfully

2018-05-21 10:12:26 - [MESSAGE][PASSED] - Modify property of object successfully

2018-05-21 10:12:26 - [TEST_STEP][PASSED] - selectOptionByIndex: All options with index in [1] are selected on object ''

2018-05-21 10:12:26 - [MESSAGE][PASSED] - All options with index in [1] are selected on object ''

2018-05-21 10:12:26 - [TEST_STEP][PASSED] - Statement - batch = new com.kms.katalon.core.testobject.TestObject(): null

2018-05-21 10:12:26 - [TEST_STEP][PASSED] - Statement - batch = com.kms.katalon.core.webui.keyword.WebUiBuiltInKeywords.modifyObjectProperty(batch, "xpath", "equals", "//*[@id = "txtbthqty" + row + ""]", true): Modify property of object successfully

2018-05-21 10:12:26 - [MESSAGE][PASSED] - Modify property of object successfully

2018-05-21 10:12:26 - [TEST_STEP][PASSED] - Statement - batchqty = com.kms.katalon.core.webui.keyword.WebUiBuiltInKeywords.getAttribute(batch, "value").trim(): Attribute 'value' of object '' is: '39600'

2018-05-21 10:12:26 - [MESSAGE][PASSED] - Attribute 'value' of object '' is: '39600'

2018-05-21 10:12:26 - [TEST_STEP][PASSED] - Statement - Rqty = 100: null

2018-05-21 10:12:26 - [TEST_STEP][PASSED] - delay: Delayed 2 second(s)

2018-05-21 10:12:28 - [MESSAGE][PASSED] - Delayed 2 second(s)

2018-05-21 10:12:28 - [TEST_STEP][PASSED] - Statement - out.println("BatchQty : " + batchqty): null

2018-05-21 10:12:28 - [TEST_STEP][PASSED] - Statement - out.println("RQty : " + Rqty): null

2018-05-21 10:12:28 - [TEST_STEP][PASSED] - Statement - If (java.lang.Integer.valueOf(batchqty) >= java.lang.Integer.valueOf(Rqty)): null

2018-05-21 10:12:28 - [TEST_STEP][PASSED] - Statement - Break: null

2018-05-21 10:12:28 - [TEST_STEP][PASSED] - Statement - batchlength = new com.kms.katalon.core.testobject.TestObject(): null

2018-05-21 10:12:28 - [TEST_STEP][PASSED] - Statement - batchlength = com.kms.katalon.core.webui.keyword.WebUiBuiltInKeywords.modifyObjectProperty(batchlength, "xpath", "equals", "//*[@id = "fldvendor" + row + ""]", true): Modify property of object successfully

2018-05-21 10:12:28 - [MESSAGE][PASSED] - Modify property of object successfully

2018-05-21 10:12:28 - [TEST_STEP][PASSED] - Statement - batchsize = com.kms.katalon.core.webui.keyword.WebUiBuiltInKeywords.getNumberOfTotalOption(batchlength): 7 options of object '' counted

2018-05-21 10:12:29 - [MESSAGE][PASSED] - 7 options of object '' counted

2018-05-21 10:12:29 - [TEST_STEP][PASSED] - Statement - out.println("BatchSize : " + batchsize): null

2018-05-21 10:12:29 - [TEST_STEP][PASSED] - Statement - For ([n = 1, n <= batchsize - 1, (n++)]): null

2018-05-21 10:12:29 - [TEST_STEP][PASSED] - Statement - product = new com.kms.katalon.core.testobject.TestObject(): null

2018-05-21 10:12:29 - [TEST_STEP][PASSED] - Statement - product = com.kms.katalon.core.webui.keyword.WebUiBuiltInKeywords.modifyObjectProperty(product, "xpath", "equals", "//*[@id = "fldvendor" + row + ""]", true): Modify property of object successfully

2018-05-21 10:12:29 - [MESSAGE][PASSED] - Modify property of object successfully

2018-05-21 10:12:29 - [TEST_STEP][PASSED] - selectOptionByIndex: All options with index in [1] are selected on object ''

2018-05-21 10:12:29 - [MESSAGE][PASSED] - All options with index in [1] are selected on object ''

2018-05-21 10:12:29 - [TEST_STEP][PASSED] - Statement - batch = new com.kms.katalon.core.testobject.TestObject(): null

2018-05-21 10:12:29 - [TEST_STEP][PASSED] - Statement - batch = com.kms.katalon.core.webui.keyword.WebUiBuiltInKeywords.modifyObjectProperty(batch, "xpath", "equals", "//*[@id = "txtbthqty" + row + ""]", true): Modify property of object successfully

2018-05-21 10:12:29 - [MESSAGE][PASSED] - Modify property of object successfully

2018-05-21 10:12:29 - [TEST_STEP][PASSED] - Statement - batchqty = com.kms.katalon.core.webui.keyword.WebUiBuiltInKeywords.getAttribute(batch, "value").trim(): Attribute 'value' of object '' is: '4700'

2018-05-21 10:12:29 - [MESSAGE][PASSED] - Attribute 'value' of object '' is: '4700'

2018-05-21 10:12:29 - [TEST_STEP][PASSED] - Statement - Rqty = 100: null

2018-05-21 10:12:29 - [TEST_STEP][PASSED] - delay: Delayed 2 second(s)

2018-05-21 10:12:31 - [MESSAGE][PASSED] - Delayed 2 second(s)

2018-05-21 10:12:31 - [TEST_STEP][PASSED] - Statement - out.println("BatchQty : " + batchqty): null

2018-05-21 10:12:31 - [TEST_STEP][PASSED] - Statement - out.println("RQty : " + Rqty): null

2018-05-21 10:12:31 - [TEST_STEP][PASSED] - Statement - If (java.lang.Integer.valueOf(batchqty) >= java.lang.Integer.valueOf(Rqty)): null

2018-05-21 10:12:31 - [TEST_STEP][PASSED] - Statement - Break: null

2018-05-21 10:12:31 - [TEST_STEP][PASSED] - Statement - batchlength = new com.kms.katalon.core.testobject.TestObject(): null

2018-05-21 10:12:31 - [TEST_STEP][PASSED] - Statement - batchlength = com.kms.katalon.core.webui.keyword.WebUiBuiltInKeywords.modifyObjectProperty(batchlength, "xpath", "equals", "//*[@id = "fldvendor" + row + ""]", true): Modify property of object successfully

2018-05-21 10:12:31 - [MESSAGE][PASSED] - Modify property of object successfully

2018-05-21 10:12:31 - [TEST_STEP][PASSED] - Statement - batchsize = com.kms.katalon.core.webui.keyword.WebUiBuiltInKeywords.getNumberOfTotalOption(batchlength): 7 options of object '' counted

2018-05-21 10:12:31 - [MESSAGE][PASSED] - 7 options of object '' counted

2018-05-21 10:12:31 - [TEST_STEP][PASSED] - Statement - out.println("BatchSize : " + batchsize): null

2018-05-21 10:12:31 - [TEST_STEP][PASSED] - Statement - For ([n = 1, n <= batchsize - 1, (n++)]): null

2018-05-21 10:12:31 - [TEST_STEP][PASSED] - Statement - product = new com.kms.katalon.core.testobject.TestObject(): null

2018-05-21 10:12:31 - [TEST_STEP][PASSED] - Statement - product = com.kms.katalon.core.webui.keyword.WebUiBuiltInKeywords.modifyObjectProperty(product, "xpath", "equals", "//*[@id = "fldvendor" + row + ""]", true): Modify property of object successfully

2018-05-21 10:12:31 - [MESSAGE][PASSED] - Modify property of object successfully

2018-05-21 10:12:31 - [TEST_STEP][PASSED] - selectOptionByIndex: All options with index in [1] are selected on object ''

2018-05-21 10:12:31 - [MESSAGE][PASSED] - All options with index in [1] are selected on object ''

2018-05-21 10:12:31 - [TEST_STEP][PASSED] - Statement - batch = new com.kms.katalon.core.testobject.TestObject(): null

2018-05-21 10:12:31 - [TEST_STEP][PASSED] - Statement - batch = com.kms.katalon.core.webui.keyword.WebUiBuiltInKeywords.modifyObjectProperty(batch, "xpath", "equals", "//*[@id = "txtbthqty" + row + ""]", true): Modify property of object successfully

2018-05-21 10:12:31 - [MESSAGE][PASSED] - Modify property of object successfully

2018-05-21 10:12:31 - [TEST_STEP][PASSED] - Statement - batchqty = com.kms.katalon.core.webui.keyword.WebUiBuiltInKeywords.getAttribute(batch, "value").trim(): Attribute 'value' of object '' is: '4500'

2018-05-21 10:12:31 - [MESSAGE][PASSED] - Attribute 'value' of object '' is: '4500'

2018-05-21 10:12:31 - [TEST_STEP][PASSED] - Statement - Rqty = 100: null

2018-05-21 10:12:31 - [TEST_STEP][PASSED] - delay: Delayed 2 second(s)

2018-05-21 10:12:33 - [MESSAGE][PASSED] - Delayed 2 second(s)

2018-05-21 10:12:33 - [TEST_STEP][PASSED] - Statement - out.println("BatchQty : " + batchqty): null

2018-05-21 10:12:33 - [TEST_STEP][PASSED] - Statement - out.println("RQty : " + Rqty): null

2018-05-21 10:12:33 - [TEST_STEP][PASSED] - Statement - If (java.lang.Integer.valueOf(batchqty) >= java.lang.Integer.valueOf(Rqty)): null

2018-05-21 10:12:33 - [TEST_STEP][PASSED] - Statement - Break: null

2018-05-21 10:12:33 - [TEST_STEP][PASSED] - Statement - batchlength = new com.kms.katalon.core.testobject.TestObject(): null

2018-05-21 10:12:33 - [TEST_STEP][PASSED] - Statement - batchlength = com.kms.katalon.core.webui.keyword.WebUiBuiltInKeywords.modifyObjectProperty(batchlength, "xpath", "equals", "//*[@id = "fldvendor" + row + ""]", true): Modify property of object successfully

2018-05-21 10:12:33 - [MESSAGE][PASSED] - Modify property of object successfully

2018-05-21 10:12:33 - [TEST_STEP][PASSED] - Statement - batchsize = com.kms.katalon.core.webui.keyword.WebUiBuiltInKeywords.getNumberOfTotalOption(batchlength): 7 options of object '' counted

2018-05-21 10:12:33 - [MESSAGE][PASSED] - 7 options of object '' counted

2018-05-21 10:12:33 - [TEST_STEP][PASSED] - Statement - out.println("BatchSize : " + batchsize): null

2018-05-21 10:12:33 - [TEST_STEP][PASSED] - Statement - For ([n = 1, n <= batchsize - 1, (n++)]): null

2018-05-21 10:12:33 - [TEST_STEP][PASSED] - Statement - product = new com.kms.katalon.core.testobject.TestObject(): null

2018-05-21 10:12:33 - [TEST_STEP][PASSED] - Statement - product = com.kms.katalon.core.webui.keyword.WebUiBuiltInKeywords.modifyObjectProperty(product, "xpath", "equals", "//*[@id = "fldvendor" + row + ""]", true): Modify property of object successfully

2018-05-21 10:12:33 - [MESSAGE][PASSED] - Modify property of object successfully

2018-05-21 10:12:33 - [TEST_STEP][PASSED] - selectOptionByIndex: All options with index in [1] are selected on object ''

2018-05-21 10:12:33 - [MESSAGE][PASSED] - All options with index in [1] are selected on object ''

2018-05-21 10:12:33 - [TEST_STEP][PASSED] - Statement - batch = new com.kms.katalon.core.testobject.TestObject(): null

2018-05-21 10:12:33 - [TEST_STEP][PASSED] - Statement - batch = com.kms.katalon.core.webui.keyword.WebUiBuiltInKeywords.modifyObjectProperty(batch, "xpath", "equals", "//*[@id = "txtbthqty" + row + ""]", true): Modify property of object successfully

2018-05-21 10:12:33 - [MESSAGE][PASSED] - Modify property of object successfully

2018-05-21 10:12:33 - [TEST_STEP][PASSED] - Statement - batchqty = com.kms.katalon.core.webui.keyword.WebUiBuiltInKeywords.getAttribute(batch, "value").trim(): Attribute 'value' of object '' is: '4700'

2018-05-21 10:12:33 - [MESSAGE][PASSED] - Attribute 'value' of object '' is: '4700'

2018-05-21 10:12:33 - [TEST_STEP][PASSED] - Statement - Rqty = 100: null

2018-05-21 10:12:33 - [TEST_STEP][PASSED] - delay: Delayed 2 second(s)

2018-05-21 10:12:35 - [MESSAGE][PASSED] - Delayed 2 second(s)

2018-05-21 10:12:35 - [TEST_STEP][PASSED] - Statement - out.println("BatchQty : " + batchqty): null

2018-05-21 10:12:35 - [TEST_STEP][PASSED] - Statement - out.println("RQty : " + Rqty): null

2018-05-21 10:12:35 - [TEST_STEP][PASSED] - Statement - If (java.lang.Integer.valueOf(batchqty) >= java.lang.Integer.valueOf(Rqty)): null

2018-05-21 10:12:35 - [TEST_STEP][PASSED] - Statement - Break: null

2018-05-21 10:12:35 - [TEST_STEP][PASSED] - Statement - batchlength = new com.kms.katalon.core.testobject.TestObject(): null

2018-05-21 10:12:35 - [TEST_STEP][PASSED] - Statement - batchlength = com.kms.katalon.core.webui.keyword.WebUiBuiltInKeywords.modifyObjectProperty(batchlength, "xpath", "equals", "//*[@id = "fldvendor" + row + ""]", true): Modify property of object successfully

2018-05-21 10:12:35 - [MESSAGE][PASSED] - Modify property of object successfully

2018-05-21 10:12:35 - [TEST_STEP][PASSED] - Statement - batchsize = com.kms.katalon.core.webui.keyword.WebUiBuiltInKeywords.getNumberOfTotalOption(batchlength): 6 options of object '' counted

2018-05-21 10:12:35 - [MESSAGE][PASSED] - 6 options of object '' counted

2018-05-21 10:12:35 - [TEST_STEP][PASSED] - Statement - out.println("BatchSize : " + batchsize): null

2018-05-21 10:12:35 - [TEST_STEP][PASSED] - Statement - For ([n = 1, n <= batchsize - 1, (n++)]): null

2018-05-21 10:12:35 - [TEST_STEP][PASSED] - Statement - product = new com.kms.katalon.core.testobject.TestObject(): null

2018-05-21 10:12:35 - [TEST_STEP][PASSED] - Statement - product = com.kms.katalon.core.webui.keyword.WebUiBuiltInKeywords.modifyObjectProperty(product, "xpath", "equals", "//*[@id = "fldvendor" + row + ""]", true): Modify property of object successfully

2018-05-21 10:12:35 - [MESSAGE][PASSED] - Modify property of object successfully

2018-05-21 10:12:35 - [TEST_STEP][PASSED] - selectOptionByIndex: All options with index in [1] are selected on object ''

2018-05-21 10:12:35 - [MESSAGE][PASSED] - All options with index in [1] are selected on object ''

2018-05-21 10:12:35 - [TEST_STEP][PASSED] - Statement - batch = new com.kms.katalon.core.testobject.TestObject(): null

2018-05-21 10:12:35 - [TEST_STEP][PASSED] - Statement - batch = com.kms.katalon.core.webui.keyword.WebUiBuiltInKeywords.modifyObjectProperty(batch, "xpath", "equals", "//*[@id = "txtbthqty" + row + ""]", true): Modify property of object successfully

2018-05-21 10:12:35 - [MESSAGE][PASSED] - Modify property of object successfully

2018-05-21 10:12:35 - [TEST_STEP][PASSED] - Statement - batchqty = com.kms.katalon.core.webui.keyword.WebUiBuiltInKeywords.getAttribute(batch, "value").trim(): Attribute 'value' of object '' is: '39600'

2018-05-21 10:12:36 - [MESSAGE][PASSED] - Attribute 'value' of object '' is: '39600'

2018-05-21 10:12:36 - [TEST_STEP][PASSED] - Statement - Rqty = 100: null

2018-05-21 10:12:36 - [TEST_STEP][PASSED] - delay: Delayed 2 second(s)

2018-05-21 10:12:38 - [MESSAGE][PASSED] - Delayed 2 second(s)

2018-05-21 10:12:38 - [TEST_STEP][PASSED] - Statement - out.println("BatchQty : " + batchqty): null

2018-05-21 10:12:38 - [TEST_STEP][PASSED] - Statement - out.println("RQty : " + Rqty): null

2018-05-21 10:12:38 - [TEST_STEP][PASSED] - Statement - If (java.lang.Integer.valueOf(batchqty) >= java.lang.Integer.valueOf(Rqty)): null

2018-05-21 10:12:38 - [TEST_STEP][PASSED] - Statement - Break: null

2018-05-21 10:12:38 - [TEST_STEP][PASSED] - delay: Delayed 2 second(s)

2018-05-21 10:12:40 - [MESSAGE][PASSED] - Delayed 2 second(s)

2018-05-21 10:12:40 - [TEST_STEP][PASSED] - click: Object: 'Object Repository/DispensaryToCms/Page_KDMC - CMS/input_btndispatch' is clicked on

2018-05-21 10:12:40 - [MESSAGE][PASSED] - Object: 'Object Repository/DispensaryToCms/Page_KDMC - CMS/input_btndispatch' is clicked on

2018-05-21 10:12:40 - [TEST_STEP][PASSED] - delay: Delayed 3 second(s)

2018-05-21 10:12:43 - [MESSAGE][PASSED] - Delayed 3 second(s)

2018-05-21 10:12:43 - [TEST_STEP][PASSED] - click: Object: 'Object Repository/DispensaryToCms/Page_KDMC - CMS/button_OK' is clicked on

2018-05-21 10:12:43 - [MESSAGE][PASSED] - Object: 'Object Repository/DispensaryToCms/Page_KDMC - CMS/button_OK' is clicked on

2018-05-21 10:12:43 - [TEST_STEP][PASSED] - delay: Delayed 3 second(s)

2018-05-21 10:12:46 - [MESSAGE][PASSED] - Delayed 3 second(s)

2018-05-21 10:12:46 - [TEST_STEP][PASSED] - click: Object: 'Object Repository/DispensaryToCms/Page_KDMC - CMS/a_dropdown-toggle' is clicked on

2018-05-21 10:12:46 - [MESSAGE][PASSED] - Object: 'Object Repository/DispensaryToCms/Page_KDMC - CMS/a_dropdown-toggle' is clicked on

2018-05-21 10:12:46 - [TEST_STEP][PASSED] - click: Object: 'Object Repository/DispensaryToCms/Page_KDMC - CMS/a_Sign out' is clicked on

2018-05-21 10:12:47 - [MESSAGE][PASSED] - Object: 'Object Repository/DispensaryToCms/Page_KDMC - CMS/a_Sign out' is clicked on

2018-05-21 10:12:47 - [TEST_STEP][PASSED] - delay: Delayed 3 second(s)

2018-05-21 10:12:50 - [MESSAGE][PASSED] - Delayed 3 second(s)

2018-05-21 10:12:50 - [TEST_STEP][PASSED] - navigateToUrl: Navigate to 'http://192.168.137.1/multihospital_new/HDSplashscreen.aspx' successfully

2018-05-21 10:12:51 - [MESSAGE][PASSED] - Navigate to 'http://192.168.137.1/multihospital_new/HDSplashscreen.aspx' successfully

2018-05-21 10:12:51 - [TEST_STEP][PASSED] - click: Object: 'Object Repository/DispensaryToCms/Page_KDMC/a_Dispensary Store' is clicked on

2018-05-21 10:12:53 - [MESSAGE][PASSED] - Object: 'Object Repository/DispensaryToCms/Page_KDMC/a_Dispensary Store' is clicked on

2018-05-21 10:12:53 - [TEST_STEP][PASSED] - setText: Text 'rajaram' is set on object 'Object Repository/DispensaryToCms/Page_Dispensary Store Login/input_txtusername'

2018-05-21 10:12:53 - [MESSAGE][PASSED] - Text 'rajaram' is set on object 'Object Repository/DispensaryToCms/Page_Dispensary Store Login/input_txtusername'

2018-05-21 10:12:53 - [TEST_STEP][PASSED] - setText: Text '123' is set on object 'Object Repository/DispensaryToCms/Page_Dispensary Store Login/input_txtpassword'

2018-05-21 10:12:53 - [MESSAGE][PASSED] - Text '123' is set on object 'Object Repository/DispensaryToCms/Page_Dispensary Store Login/input_txtpassword'

2018-05-21 10:12:53 - [TEST_STEP][PASSED] - delay: Delayed 3 second(s)

2018-05-21 10:12:56 - [MESSAGE][PASSED] - Delayed 3 second(s)

2018-05-21 10:12:56 - [TEST_STEP][PASSED] - click: Object: 'Object Repository/DispensaryToCms/Page_Dispensary Store Login/button_Sign in' is clicked on

2018-05-21 10:12:57 - [MESSAGE][PASSED] - Object: 'Object Repository/DispensaryToCms/Page_Dispensary Store Login/button_Sign in' is clicked on

2018-05-21 10:12:57 - [TEST_STEP][PASSED] - delay: Delayed 3 second(s)

2018-05-21 10:13:00 - [MESSAGE][PASSED] - Delayed 3 second(s)

2018-05-21 10:13:00 - [TEST_STEP][PASSED] - click: Object: 'Object Repository/DispensaryToCms/Page_Dispensary Store/a_CMS' is clicked on

2018-05-21 10:13:00 - [MESSAGE][PASSED] - Object: 'Object Repository/DispensaryToCms/Page_Dispensary Store/a_CMS' is clicked on

2018-05-21 10:13:00 - [TEST_STEP][PASSED] - delay: Delayed 2 second(s)

2018-05-21 10:13:02 - [MESSAGE][PASSED] - Delayed 2 second(s)

2018-05-21 10:13:02 - [TEST_STEP][PASSED] - click: Object: 'Object Repository/DispensaryToCms/Page_Dispensary Store/a_Receiving Goods' is clicked on

2018-05-21 10:13:07 - [MESSAGE][PASSED] - Object: 'Object Repository/DispensaryToCms/Page_Dispensary Store/a_Receiving Goods' is clicked on

2018-05-21 10:13:07 - [TEST_STEP][PASSED] - setText: Text 'PRNO/21052018/285' is set on object 'Object Repository/DispensaryToCms/Page_Dispensary Store/input'

2018-05-21 10:13:07 - [MESSAGE][PASSED] - Text 'PRNO/21052018/285' is set on object 'Object Repository/DispensaryToCms/Page_Dispensary Store/input'

2018-05-21 10:13:07 - [TEST_STEP][PASSED] - click: Object: 'Object Repository/DispensaryToCms/Page_Dispensary Store/input_PRNO18052018174' is clicked on

2018-05-21 10:13:07 - [MESSAGE][PASSED] - Object: 'Object Repository/DispensaryToCms/Page_Dispensary Store/input_PRNO18052018174' is clicked on

2018-05-21 10:13:07 - [TEST_STEP][PASSED] - delay: Delayed 2 second(s)

2018-05-21 10:13:09 - [MESSAGE][PASSED] - Delayed 2 second(s)

2018-05-21 10:13:09 - [TEST_STEP][PASSED] - click: Object: 'Object Repository/DispensaryToCms/Page_Dispensary Store/input_chkrem' is clicked on

2018-05-21 10:13:09 - [MESSAGE][PASSED] - Object: 'Object Repository/DispensaryToCms/Page_Dispensary Store/input_chkrem' is clicked on

2018-05-21 10:13:09 - [TEST_STEP][PASSED] - scrollToElement: Scroll to object 'Object Repository/DispensaryToCms/Page_Dispensary Store/input_btchkroqadd' successfully

2018-05-21 10:13:09 - [MESSAGE][PASSED] - Scroll to object 'Object Repository/DispensaryToCms/Page_Dispensary Store/input_btchkroqadd' successfully

2018-05-21 10:13:09 - [TEST_STEP][PASSED] - click: Object: 'Object Repository/DispensaryToCms/Page_Dispensary Store/input_btchkroqadd' is clicked on

2018-05-21 10:13:09 - [MESSAGE][PASSED] - Object: 'Object Repository/DispensaryToCms/Page_Dispensary Store/input_btchkroqadd' is clicked on

2018-05-21 10:13:09 - [TEST_STEP][PASSED] - delay: Delayed 2 second(s)

2018-05-21 10:13:11 - [MESSAGE][PASSED] - Delayed 2 second(s)

2018-05-21 10:13:11 - [TEST_STEP][PASSED] - refresh: Refresh successfully

2018-05-21 10:13:12 - [MESSAGE][PASSED] - Refresh successfully

2018-05-21 10:13:12 - [TEST_STEP][PASSED] - delay: Delayed 3 second(s)

2018-05-21 10:13:15 - [MESSAGE][PASSED] - Delayed 3 second(s)

2018-05-21 10:13:15 - [TEST_STEP][PASSED] - waitForElementPresent: Object 'Object Repository/DispensaryToCms/Page_Dispensary Store/a_dropdown-toggle' is present

2018-05-21 10:13:15 - [MESSAGE][PASSED] - Object 'Object Repository/DispensaryToCms/Page_Dispensary Store/a_dropdown-toggle' is present

2018-05-21 10:13:15 - [TEST_STEP][PASSED] - click: Object: 'Object Repository/DispensaryToCms/Page_Dispensary Store/a_dropdown-toggle' is clicked on

2018-05-21 10:13:15 - [MESSAGE][PASSED] - Object: 'Object Repository/DispensaryToCms/Page_Dispensary Store/a_dropdown-toggle' is clicked on

2018-05-21 10:13:15 - [TEST_STEP][PASSED] - click: Object: 'Object Repository/DispensaryToCms/Page_Dispensary Store/a_Sign out' is clicked on

2018-05-21 10:13:16 - [MESSAGE][PASSED] - Object: 'Object Repository/DispensaryToCms/Page_Dispensary Store/a_Sign out' is clicked on

2018-05-21 10:13:16 - [TEST_STEP][PASSED] - closeBrowser: Browser is closed

2018-05-21 10:13:17 - [MESSAGE][PASSED] - Browser is closed]]></system-out>
         <system-err><![CDATA[]]></system-err>
      </testcase>
      <testcase name="Test Cases/DISPENSARY TEST CASES/TC_DP_019 Verify Schedule 7 Dispensary To CMS Request Are Working Successfully Or Not" classname="Test Cases/DISPENSARY TEST CASES/TC_DP_019 Verify Schedule 7 Dispensary To CMS Request Are Working Successfully Or Not" status="PASSED">
         <system-out><![CDATA[2018-05-21 10:13:17 - [TEST_CASE][PASSED] - Test Cases/DISPENSARY TEST CASES/TC_DP_019 Verify Schedule 7 Dispensary To CMS Request Are Working Successfully Or Not: Test Cases/DISPENSARY TEST CASES/TC_DP_019 Verify Schedule 7 Dispensary To CMS Request Are Working Successfully Or Not

2018-05-21 10:13:17 - [TEST_STEP][PASSED] - openBrowser: Browser is opened with url: ''

2018-05-21 10:13:19 - [MESSAGE][PASSED] - Browser is opened with url: ''

2018-05-21 10:13:19 - [TEST_STEP][PASSED] - navigateToUrl: Navigate to 'http://192.168.137.1/multihospital_new/HDSplashscreen.aspx' successfully

2018-05-21 10:13:24 - [MESSAGE][PASSED] - Navigate to 'http://192.168.137.1/multihospital_new/HDSplashscreen.aspx' successfully

2018-05-21 10:13:24 - [TEST_STEP][PASSED] - maximizeWindow: Current window maximized

2018-05-21 10:13:25 - [MESSAGE][PASSED] - Current window maximized

2018-05-21 10:13:25 - [TEST_STEP][PASSED] - click: Object: 'Object Repository/DispensaryToCms/Page_KDMC/a_Dispensary Store' is clicked on

2018-05-21 10:13:26 - [MESSAGE][PASSED] - Object: 'Object Repository/DispensaryToCms/Page_KDMC/a_Dispensary Store' is clicked on

2018-05-21 10:13:26 - [TEST_STEP][PASSED] - setText: Text 'rajaram' is set on object 'Object Repository/DispensaryToCms/Page_Dispensary Store Login/input_txtusername'

2018-05-21 10:13:26 - [MESSAGE][PASSED] - Text 'rajaram' is set on object 'Object Repository/DispensaryToCms/Page_Dispensary Store Login/input_txtusername'

2018-05-21 10:13:26 - [TEST_STEP][PASSED] - setText: Text '123' is set on object 'Object Repository/DispensaryToCms/Page_Dispensary Store Login/input_txtpassword'

2018-05-21 10:13:26 - [MESSAGE][PASSED] - Text '123' is set on object 'Object Repository/DispensaryToCms/Page_Dispensary Store Login/input_txtpassword'

2018-05-21 10:13:26 - [TEST_STEP][PASSED] - delay: Delayed 3 second(s)

2018-05-21 10:13:29 - [MESSAGE][PASSED] - Delayed 3 second(s)

2018-05-21 10:13:29 - [TEST_STEP][PASSED] - click: Object: 'Object Repository/DispensaryToCms/Page_Dispensary Store Login/button_Sign in' is clicked on

2018-05-21 10:13:30 - [MESSAGE][PASSED] - Object: 'Object Repository/DispensaryToCms/Page_Dispensary Store Login/button_Sign in' is clicked on

2018-05-21 10:13:30 - [TEST_STEP][PASSED] - delay: Delayed 3 second(s)

2018-05-21 10:13:33 - [MESSAGE][PASSED] - Delayed 3 second(s)

2018-05-21 10:13:33 - [TEST_STEP][PASSED] - click: Object: 'Object Repository/DispensaryToCms/Page_Dispensary Store/a_CMS' is clicked on

2018-05-21 10:13:33 - [MESSAGE][PASSED] - Object: 'Object Repository/DispensaryToCms/Page_Dispensary Store/a_CMS' is clicked on

2018-05-21 10:13:33 - [TEST_STEP][PASSED] - click: Object: 'Object Repository/DispensaryToCms/Page_Dispensary Store/a_Request Send' is clicked on

2018-05-21 10:13:36 - [MESSAGE][PASSED] - Object: 'Object Repository/DispensaryToCms/Page_Dispensary Store/a_Request Send' is clicked on

2018-05-21 10:13:36 - [TEST_STEP][PASSED] - delay: Delayed 2 second(s)

2018-05-21 10:13:38 - [MESSAGE][PASSED] - Delayed 2 second(s)

2018-05-21 10:13:38 - [TEST_STEP][PASSED] - selectOptionByIndex: All options with index in [2] are selected on object 'Object Repository/DispensaryToCms/Page_Dispensary Store/select_--Select--'

2018-05-21 10:13:38 - [MESSAGE][PASSED] - All options with index in [2] are selected on object 'Object Repository/DispensaryToCms/Page_Dispensary Store/select_--Select--'

2018-05-21 10:13:38 - [TEST_STEP][PASSED] - selectOptionByIndex: All options with index in [7] are selected on object 'Object Repository/DispensaryToCms/Page_Dispensary Store/select_--Select--Schedule 1Inj'

2018-05-21 10:13:38 - [MESSAGE][PASSED] - All options with index in [7] are selected on object 'Object Repository/DispensaryToCms/Page_Dispensary Store/select_--Select--Schedule 1Inj'

2018-05-21 10:13:38 - [TEST_STEP][PASSED] - Statement - medicineslength = com.kms.katalon.core.webui.keyword.WebUiBuiltInKeywords.getNumberOfTotalOption(com.kms.katalon.core.testobject.ObjectRepository.findTestObject(DispensaryToCms/Page_Dispensary Store/select_--Select--Adernaline 0.)): 24 options of object 'Object Repository/DispensaryToCms/Page_Dispensary Store/select_--Select--Adernaline 0.' counted

2018-05-21 10:13:38 - [MESSAGE][PASSED] - 24 options of object 'Object Repository/DispensaryToCms/Page_Dispensary Store/select_--Select--Adernaline 0.' counted

2018-05-21 10:13:38 - [TEST_STEP][PASSED] - Statement - For ([e = 1, e <= medicineslength - 1, (e++)]): Object: 'Object Repository/DispensaryToCms/Page_Dispensary Store/button_Add' is clicked on

2018-05-21 10:13:38 - [TEST_STEP][PASSED] - selectOptionByIndex: All options with index in [7] are selected on object 'Object Repository/DispensaryToCms/Page_Dispensary Store/select_--Select--Schedule 1Inj'

2018-05-21 10:13:39 - [MESSAGE][PASSED] - All options with index in [7] are selected on object 'Object Repository/DispensaryToCms/Page_Dispensary Store/select_--Select--Schedule 1Inj'

2018-05-21 10:13:39 - [TEST_STEP][PASSED] - selectOptionByIndex: All options with index in [1] are selected on object 'Object Repository/DispensaryToCms/Page_Dispensary Store/select_--Select--Adernaline 0.'

2018-05-21 10:13:39 - [MESSAGE][PASSED] - All options with index in [1] are selected on object 'Object Repository/DispensaryToCms/Page_Dispensary Store/select_--Select--Adernaline 0.'

2018-05-21 10:13:39 - [TEST_STEP][PASSED] - setText: Text '100' is set on object 'Object Repository/DispensaryToCms/Page_Dispensary Store/input_txttreat'

2018-05-21 10:13:39 - [MESSAGE][PASSED] - Text '100' is set on object 'Object Repository/DispensaryToCms/Page_Dispensary Store/input_txttreat'

2018-05-21 10:13:39 - [TEST_STEP][PASSED] - click: Object: 'Object Repository/DispensaryToCms/Page_Dispensary Store/button_Add' is clicked on

2018-05-21 10:13:39 - [MESSAGE][PASSED] - Object: 'Object Repository/DispensaryToCms/Page_Dispensary Store/button_Add' is clicked on

2018-05-21 10:13:39 - [TEST_STEP][PASSED] - selectOptionByIndex: All options with index in [7] are selected on object 'Object Repository/DispensaryToCms/Page_Dispensary Store/select_--Select--Schedule 1Inj'

2018-05-21 10:13:39 - [MESSAGE][PASSED] - All options with index in [7] are selected on object 'Object Repository/DispensaryToCms/Page_Dispensary Store/select_--Select--Schedule 1Inj'

2018-05-21 10:13:39 - [TEST_STEP][PASSED] - selectOptionByIndex: All options with index in [2] are selected on object 'Object Repository/DispensaryToCms/Page_Dispensary Store/select_--Select--Adernaline 0.'

2018-05-21 10:13:39 - [MESSAGE][PASSED] - All options with index in [2] are selected on object 'Object Repository/DispensaryToCms/Page_Dispensary Store/select_--Select--Adernaline 0.'

2018-05-21 10:13:39 - [TEST_STEP][PASSED] - setText: Text '100' is set on object 'Object Repository/DispensaryToCms/Page_Dispensary Store/input_txttreat'

2018-05-21 10:13:39 - [MESSAGE][PASSED] - Text '100' is set on object 'Object Repository/DispensaryToCms/Page_Dispensary Store/input_txttreat'

2018-05-21 10:13:39 - [TEST_STEP][PASSED] - click: Object: 'Object Repository/DispensaryToCms/Page_Dispensary Store/button_Add' is clicked on

2018-05-21 10:13:40 - [MESSAGE][PASSED] - Object: 'Object Repository/DispensaryToCms/Page_Dispensary Store/button_Add' is clicked on

2018-05-21 10:13:40 - [TEST_STEP][PASSED] - selectOptionByIndex: All options with index in [7] are selected on object 'Object Repository/DispensaryToCms/Page_Dispensary Store/select_--Select--Schedule 1Inj'

2018-05-21 10:13:40 - [MESSAGE][PASSED] - All options with index in [7] are selected on object 'Object Repository/DispensaryToCms/Page_Dispensary Store/select_--Select--Schedule 1Inj'

2018-05-21 10:13:40 - [TEST_STEP][PASSED] - selectOptionByIndex: All options with index in [3] are selected on object 'Object Repository/DispensaryToCms/Page_Dispensary Store/select_--Select--Adernaline 0.'

2018-05-21 10:13:40 - [MESSAGE][PASSED] - All options with index in [3] are selected on object 'Object Repository/DispensaryToCms/Page_Dispensary Store/select_--Select--Adernaline 0.'

2018-05-21 10:13:40 - [TEST_STEP][PASSED] - setText: Text '100' is set on object 'Object Repository/DispensaryToCms/Page_Dispensary Store/input_txttreat'

2018-05-21 10:13:40 - [MESSAGE][PASSED] - Text '100' is set on object 'Object Repository/DispensaryToCms/Page_Dispensary Store/input_txttreat'

2018-05-21 10:13:40 - [TEST_STEP][PASSED] - click: Object: 'Object Repository/DispensaryToCms/Page_Dispensary Store/button_Add' is clicked on

2018-05-21 10:13:40 - [MESSAGE][PASSED] - Object: 'Object Repository/DispensaryToCms/Page_Dispensary Store/button_Add' is clicked on

2018-05-21 10:13:40 - [TEST_STEP][PASSED] - selectOptionByIndex: All options with index in [7] are selected on object 'Object Repository/DispensaryToCms/Page_Dispensary Store/select_--Select--Schedule 1Inj'

2018-05-21 10:13:40 - [MESSAGE][PASSED] - All options with index in [7] are selected on object 'Object Repository/DispensaryToCms/Page_Dispensary Store/select_--Select--Schedule 1Inj'

2018-05-21 10:13:40 - [TEST_STEP][PASSED] - selectOptionByIndex: All options with index in [4] are selected on object 'Object Repository/DispensaryToCms/Page_Dispensary Store/select_--Select--Adernaline 0.'

2018-05-21 10:13:40 - [MESSAGE][PASSED] - All options with index in [4] are selected on object 'Object Repository/DispensaryToCms/Page_Dispensary Store/select_--Select--Adernaline 0.'

2018-05-21 10:13:40 - [TEST_STEP][PASSED] - setText: Text '100' is set on object 'Object Repository/DispensaryToCms/Page_Dispensary Store/input_txttreat'

2018-05-21 10:13:41 - [MESSAGE][PASSED] - Text '100' is set on object 'Object Repository/DispensaryToCms/Page_Dispensary Store/input_txttreat'

2018-05-21 10:13:41 - [TEST_STEP][PASSED] - click: Object: 'Object Repository/DispensaryToCms/Page_Dispensary Store/button_Add' is clicked on

2018-05-21 10:13:41 - [MESSAGE][PASSED] - Object: 'Object Repository/DispensaryToCms/Page_Dispensary Store/button_Add' is clicked on

2018-05-21 10:13:41 - [TEST_STEP][PASSED] - selectOptionByIndex: All options with index in [7] are selected on object 'Object Repository/DispensaryToCms/Page_Dispensary Store/select_--Select--Schedule 1Inj'

2018-05-21 10:13:41 - [MESSAGE][PASSED] - All options with index in [7] are selected on object 'Object Repository/DispensaryToCms/Page_Dispensary Store/select_--Select--Schedule 1Inj'

2018-05-21 10:13:41 - [TEST_STEP][PASSED] - selectOptionByIndex: All options with index in [5] are selected on object 'Object Repository/DispensaryToCms/Page_Dispensary Store/select_--Select--Adernaline 0.'

2018-05-21 10:13:41 - [MESSAGE][PASSED] - All options with index in [5] are selected on object 'Object Repository/DispensaryToCms/Page_Dispensary Store/select_--Select--Adernaline 0.'

2018-05-21 10:13:41 - [TEST_STEP][PASSED] - setText: Text '100' is set on object 'Object Repository/DispensaryToCms/Page_Dispensary Store/input_txttreat'

2018-05-21 10:13:41 - [MESSAGE][PASSED] - Text '100' is set on object 'Object Repository/DispensaryToCms/Page_Dispensary Store/input_txttreat'

2018-05-21 10:13:41 - [TEST_STEP][PASSED] - click: Object: 'Object Repository/DispensaryToCms/Page_Dispensary Store/button_Add' is clicked on

2018-05-21 10:13:41 - [MESSAGE][PASSED] - Object: 'Object Repository/DispensaryToCms/Page_Dispensary Store/button_Add' is clicked on

2018-05-21 10:13:41 - [TEST_STEP][PASSED] - selectOptionByIndex: All options with index in [7] are selected on object 'Object Repository/DispensaryToCms/Page_Dispensary Store/select_--Select--Schedule 1Inj'

2018-05-21 10:13:41 - [MESSAGE][PASSED] - All options with index in [7] are selected on object 'Object Repository/DispensaryToCms/Page_Dispensary Store/select_--Select--Schedule 1Inj'

2018-05-21 10:13:41 - [TEST_STEP][PASSED] - selectOptionByIndex: All options with index in [6] are selected on object 'Object Repository/DispensaryToCms/Page_Dispensary Store/select_--Select--Adernaline 0.'

2018-05-21 10:13:42 - [MESSAGE][PASSED] - All options with index in [6] are selected on object 'Object Repository/DispensaryToCms/Page_Dispensary Store/select_--Select--Adernaline 0.'

2018-05-21 10:13:42 - [TEST_STEP][PASSED] - setText: Text '100' is set on object 'Object Repository/DispensaryToCms/Page_Dispensary Store/input_txttreat'

2018-05-21 10:13:42 - [MESSAGE][PASSED] - Text '100' is set on object 'Object Repository/DispensaryToCms/Page_Dispensary Store/input_txttreat'

2018-05-21 10:13:42 - [TEST_STEP][PASSED] - click: Object: 'Object Repository/DispensaryToCms/Page_Dispensary Store/button_Add' is clicked on

2018-05-21 10:13:42 - [MESSAGE][PASSED] - Object: 'Object Repository/DispensaryToCms/Page_Dispensary Store/button_Add' is clicked on

2018-05-21 10:13:42 - [TEST_STEP][PASSED] - selectOptionByIndex: All options with index in [7] are selected on object 'Object Repository/DispensaryToCms/Page_Dispensary Store/select_--Select--Schedule 1Inj'

2018-05-21 10:13:42 - [MESSAGE][PASSED] - All options with index in [7] are selected on object 'Object Repository/DispensaryToCms/Page_Dispensary Store/select_--Select--Schedule 1Inj'

2018-05-21 10:13:42 - [TEST_STEP][PASSED] - selectOptionByIndex: All options with index in [7] are selected on object 'Object Repository/DispensaryToCms/Page_Dispensary Store/select_--Select--Adernaline 0.'

2018-05-21 10:13:42 - [MESSAGE][PASSED] - All options with index in [7] are selected on object 'Object Repository/DispensaryToCms/Page_Dispensary Store/select_--Select--Adernaline 0.'

2018-05-21 10:13:42 - [TEST_STEP][PASSED] - setText: Text '100' is set on object 'Object Repository/DispensaryToCms/Page_Dispensary Store/input_txttreat'

2018-05-21 10:13:42 - [MESSAGE][PASSED] - Text '100' is set on object 'Object Repository/DispensaryToCms/Page_Dispensary Store/input_txttreat'

2018-05-21 10:13:42 - [TEST_STEP][PASSED] - click: Object: 'Object Repository/DispensaryToCms/Page_Dispensary Store/button_Add' is clicked on

2018-05-21 10:13:42 - [MESSAGE][PASSED] - Object: 'Object Repository/DispensaryToCms/Page_Dispensary Store/button_Add' is clicked on

2018-05-21 10:13:42 - [TEST_STEP][PASSED] - selectOptionByIndex: All options with index in [7] are selected on object 'Object Repository/DispensaryToCms/Page_Dispensary Store/select_--Select--Schedule 1Inj'

2018-05-21 10:13:43 - [MESSAGE][PASSED] - All options with index in [7] are selected on object 'Object Repository/DispensaryToCms/Page_Dispensary Store/select_--Select--Schedule 1Inj'

2018-05-21 10:13:43 - [TEST_STEP][PASSED] - selectOptionByIndex: All options with index in [8] are selected on object 'Object Repository/DispensaryToCms/Page_Dispensary Store/select_--Select--Adernaline 0.'

2018-05-21 10:13:43 - [MESSAGE][PASSED] - All options with index in [8] are selected on object 'Object Repository/DispensaryToCms/Page_Dispensary Store/select_--Select--Adernaline 0.'

2018-05-21 10:13:43 - [TEST_STEP][PASSED] - setText: Text '100' is set on object 'Object Repository/DispensaryToCms/Page_Dispensary Store/input_txttreat'

2018-05-21 10:13:43 - [MESSAGE][PASSED] - Text '100' is set on object 'Object Repository/DispensaryToCms/Page_Dispensary Store/input_txttreat'

2018-05-21 10:13:43 - [TEST_STEP][PASSED] - click: Object: 'Object Repository/DispensaryToCms/Page_Dispensary Store/button_Add' is clicked on

2018-05-21 10:13:43 - [MESSAGE][PASSED] - Object: 'Object Repository/DispensaryToCms/Page_Dispensary Store/button_Add' is clicked on

2018-05-21 10:13:43 - [TEST_STEP][PASSED] - selectOptionByIndex: All options with index in [7] are selected on object 'Object Repository/DispensaryToCms/Page_Dispensary Store/select_--Select--Schedule 1Inj'

2018-05-21 10:13:43 - [MESSAGE][PASSED] - All options with index in [7] are selected on object 'Object Repository/DispensaryToCms/Page_Dispensary Store/select_--Select--Schedule 1Inj'

2018-05-21 10:13:43 - [TEST_STEP][PASSED] - selectOptionByIndex: All options with index in [9] are selected on object 'Object Repository/DispensaryToCms/Page_Dispensary Store/select_--Select--Adernaline 0.'

2018-05-21 10:13:43 - [MESSAGE][PASSED] - All options with index in [9] are selected on object 'Object Repository/DispensaryToCms/Page_Dispensary Store/select_--Select--Adernaline 0.'

2018-05-21 10:13:43 - [TEST_STEP][PASSED] - setText: Text '100' is set on object 'Object Repository/DispensaryToCms/Page_Dispensary Store/input_txttreat'

2018-05-21 10:13:43 - [MESSAGE][PASSED] - Text '100' is set on object 'Object Repository/DispensaryToCms/Page_Dispensary Store/input_txttreat'

2018-05-21 10:13:43 - [TEST_STEP][PASSED] - click: Object: 'Object Repository/DispensaryToCms/Page_Dispensary Store/button_Add' is clicked on

2018-05-21 10:13:44 - [MESSAGE][PASSED] - Object: 'Object Repository/DispensaryToCms/Page_Dispensary Store/button_Add' is clicked on

2018-05-21 10:13:44 - [TEST_STEP][PASSED] - selectOptionByIndex: All options with index in [7] are selected on object 'Object Repository/DispensaryToCms/Page_Dispensary Store/select_--Select--Schedule 1Inj'

2018-05-21 10:13:44 - [MESSAGE][PASSED] - All options with index in [7] are selected on object 'Object Repository/DispensaryToCms/Page_Dispensary Store/select_--Select--Schedule 1Inj'

2018-05-21 10:13:44 - [TEST_STEP][PASSED] - selectOptionByIndex: All options with index in [10] are selected on object 'Object Repository/DispensaryToCms/Page_Dispensary Store/select_--Select--Adernaline 0.'

2018-05-21 10:13:44 - [MESSAGE][PASSED] - All options with index in [10] are selected on object 'Object Repository/DispensaryToCms/Page_Dispensary Store/select_--Select--Adernaline 0.'

2018-05-21 10:13:44 - [TEST_STEP][PASSED] - setText: Text '100' is set on object 'Object Repository/DispensaryToCms/Page_Dispensary Store/input_txttreat'

2018-05-21 10:13:44 - [MESSAGE][PASSED] - Text '100' is set on object 'Object Repository/DispensaryToCms/Page_Dispensary Store/input_txttreat'

2018-05-21 10:13:44 - [TEST_STEP][PASSED] - click: Object: 'Object Repository/DispensaryToCms/Page_Dispensary Store/button_Add' is clicked on

2018-05-21 10:13:44 - [MESSAGE][PASSED] - Object: 'Object Repository/DispensaryToCms/Page_Dispensary Store/button_Add' is clicked on

2018-05-21 10:13:44 - [TEST_STEP][PASSED] - selectOptionByIndex: All options with index in [7] are selected on object 'Object Repository/DispensaryToCms/Page_Dispensary Store/select_--Select--Schedule 1Inj'

2018-05-21 10:13:44 - [MESSAGE][PASSED] - All options with index in [7] are selected on object 'Object Repository/DispensaryToCms/Page_Dispensary Store/select_--Select--Schedule 1Inj'

2018-05-21 10:13:44 - [TEST_STEP][PASSED] - selectOptionByIndex: All options with index in [11] are selected on object 'Object Repository/DispensaryToCms/Page_Dispensary Store/select_--Select--Adernaline 0.'

2018-05-21 10:13:45 - [MESSAGE][PASSED] - All options with index in [11] are selected on object 'Object Repository/DispensaryToCms/Page_Dispensary Store/select_--Select--Adernaline 0.'

2018-05-21 10:13:45 - [TEST_STEP][PASSED] - setText: Text '100' is set on object 'Object Repository/DispensaryToCms/Page_Dispensary Store/input_txttreat'

2018-05-21 10:13:45 - [MESSAGE][PASSED] - Text '100' is set on object 'Object Repository/DispensaryToCms/Page_Dispensary Store/input_txttreat'

2018-05-21 10:13:45 - [TEST_STEP][PASSED] - click: Object: 'Object Repository/DispensaryToCms/Page_Dispensary Store/button_Add' is clicked on

2018-05-21 10:13:45 - [MESSAGE][PASSED] - Object: 'Object Repository/DispensaryToCms/Page_Dispensary Store/button_Add' is clicked on

2018-05-21 10:13:45 - [TEST_STEP][PASSED] - selectOptionByIndex: All options with index in [7] are selected on object 'Object Repository/DispensaryToCms/Page_Dispensary Store/select_--Select--Schedule 1Inj'

2018-05-21 10:13:45 - [MESSAGE][PASSED] - All options with index in [7] are selected on object 'Object Repository/DispensaryToCms/Page_Dispensary Store/select_--Select--Schedule 1Inj'

2018-05-21 10:13:45 - [TEST_STEP][PASSED] - selectOptionByIndex: All options with index in [12] are selected on object 'Object Repository/DispensaryToCms/Page_Dispensary Store/select_--Select--Adernaline 0.'

2018-05-21 10:13:45 - [MESSAGE][PASSED] - All options with index in [12] are selected on object 'Object Repository/DispensaryToCms/Page_Dispensary Store/select_--Select--Adernaline 0.'

2018-05-21 10:13:45 - [TEST_STEP][PASSED] - setText: Text '100' is set on object 'Object Repository/DispensaryToCms/Page_Dispensary Store/input_txttreat'

2018-05-21 10:13:45 - [MESSAGE][PASSED] - Text '100' is set on object 'Object Repository/DispensaryToCms/Page_Dispensary Store/input_txttreat'

2018-05-21 10:13:45 - [TEST_STEP][PASSED] - click: Object: 'Object Repository/DispensaryToCms/Page_Dispensary Store/button_Add' is clicked on

2018-05-21 10:13:45 - [MESSAGE][PASSED] - Object: 'Object Repository/DispensaryToCms/Page_Dispensary Store/button_Add' is clicked on

2018-05-21 10:13:45 - [TEST_STEP][PASSED] - selectOptionByIndex: All options with index in [7] are selected on object 'Object Repository/DispensaryToCms/Page_Dispensary Store/select_--Select--Schedule 1Inj'

2018-05-21 10:13:46 - [MESSAGE][PASSED] - All options with index in [7] are selected on object 'Object Repository/DispensaryToCms/Page_Dispensary Store/select_--Select--Schedule 1Inj'

2018-05-21 10:13:46 - [TEST_STEP][PASSED] - selectOptionByIndex: All options with index in [13] are selected on object 'Object Repository/DispensaryToCms/Page_Dispensary Store/select_--Select--Adernaline 0.'

2018-05-21 10:13:46 - [MESSAGE][PASSED] - All options with index in [13] are selected on object 'Object Repository/DispensaryToCms/Page_Dispensary Store/select_--Select--Adernaline 0.'

2018-05-21 10:13:46 - [TEST_STEP][PASSED] - setText: Text '100' is set on object 'Object Repository/DispensaryToCms/Page_Dispensary Store/input_txttreat'

2018-05-21 10:13:46 - [MESSAGE][PASSED] - Text '100' is set on object 'Object Repository/DispensaryToCms/Page_Dispensary Store/input_txttreat'

2018-05-21 10:13:46 - [TEST_STEP][PASSED] - click: Object: 'Object Repository/DispensaryToCms/Page_Dispensary Store/button_Add' is clicked on

2018-05-21 10:13:46 - [MESSAGE][PASSED] - Object: 'Object Repository/DispensaryToCms/Page_Dispensary Store/button_Add' is clicked on

2018-05-21 10:13:46 - [TEST_STEP][PASSED] - selectOptionByIndex: All options with index in [7] are selected on object 'Object Repository/DispensaryToCms/Page_Dispensary Store/select_--Select--Schedule 1Inj'

2018-05-21 10:13:46 - [MESSAGE][PASSED] - All options with index in [7] are selected on object 'Object Repository/DispensaryToCms/Page_Dispensary Store/select_--Select--Schedule 1Inj'

2018-05-21 10:13:46 - [TEST_STEP][PASSED] - selectOptionByIndex: All options with index in [14] are selected on object 'Object Repository/DispensaryToCms/Page_Dispensary Store/select_--Select--Adernaline 0.'

2018-05-21 10:13:47 - [MESSAGE][PASSED] - All options with index in [14] are selected on object 'Object Repository/DispensaryToCms/Page_Dispensary Store/select_--Select--Adernaline 0.'

2018-05-21 10:13:47 - [TEST_STEP][PASSED] - setText: Text '100' is set on object 'Object Repository/DispensaryToCms/Page_Dispensary Store/input_txttreat'

2018-05-21 10:13:47 - [MESSAGE][PASSED] - Text '100' is set on object 'Object Repository/DispensaryToCms/Page_Dispensary Store/input_txttreat'

2018-05-21 10:13:47 - [TEST_STEP][PASSED] - click: Object: 'Object Repository/DispensaryToCms/Page_Dispensary Store/button_Add' is clicked on

2018-05-21 10:13:47 - [MESSAGE][PASSED] - Object: 'Object Repository/DispensaryToCms/Page_Dispensary Store/button_Add' is clicked on

2018-05-21 10:13:47 - [TEST_STEP][PASSED] - selectOptionByIndex: All options with index in [7] are selected on object 'Object Repository/DispensaryToCms/Page_Dispensary Store/select_--Select--Schedule 1Inj'

2018-05-21 10:13:47 - [MESSAGE][PASSED] - All options with index in [7] are selected on object 'Object Repository/DispensaryToCms/Page_Dispensary Store/select_--Select--Schedule 1Inj'

2018-05-21 10:13:47 - [TEST_STEP][PASSED] - selectOptionByIndex: All options with index in [15] are selected on object 'Object Repository/DispensaryToCms/Page_Dispensary Store/select_--Select--Adernaline 0.'

2018-05-21 10:13:47 - [MESSAGE][PASSED] - All options with index in [15] are selected on object 'Object Repository/DispensaryToCms/Page_Dispensary Store/select_--Select--Adernaline 0.'

2018-05-21 10:13:47 - [TEST_STEP][PASSED] - setText: Text '100' is set on object 'Object Repository/DispensaryToCms/Page_Dispensary Store/input_txttreat'

2018-05-21 10:13:47 - [MESSAGE][PASSED] - Text '100' is set on object 'Object Repository/DispensaryToCms/Page_Dispensary Store/input_txttreat'

2018-05-21 10:13:47 - [TEST_STEP][PASSED] - click: Object: 'Object Repository/DispensaryToCms/Page_Dispensary Store/button_Add' is clicked on

2018-05-21 10:13:47 - [MESSAGE][PASSED] - Object: 'Object Repository/DispensaryToCms/Page_Dispensary Store/button_Add' is clicked on

2018-05-21 10:13:47 - [TEST_STEP][PASSED] - selectOptionByIndex: All options with index in [7] are selected on object 'Object Repository/DispensaryToCms/Page_Dispensary Store/select_--Select--Schedule 1Inj'

2018-05-21 10:13:48 - [MESSAGE][PASSED] - All options with index in [7] are selected on object 'Object Repository/DispensaryToCms/Page_Dispensary Store/select_--Select--Schedule 1Inj'

2018-05-21 10:13:48 - [TEST_STEP][PASSED] - selectOptionByIndex: All options with index in [16] are selected on object 'Object Repository/DispensaryToCms/Page_Dispensary Store/select_--Select--Adernaline 0.'

2018-05-21 10:13:48 - [MESSAGE][PASSED] - All options with index in [16] are selected on object 'Object Repository/DispensaryToCms/Page_Dispensary Store/select_--Select--Adernaline 0.'

2018-05-21 10:13:48 - [TEST_STEP][PASSED] - setText: Text '100' is set on object 'Object Repository/DispensaryToCms/Page_Dispensary Store/input_txttreat'

2018-05-21 10:13:48 - [MESSAGE][PASSED] - Text '100' is set on object 'Object Repository/DispensaryToCms/Page_Dispensary Store/input_txttreat'

2018-05-21 10:13:48 - [TEST_STEP][PASSED] - click: Object: 'Object Repository/DispensaryToCms/Page_Dispensary Store/button_Add' is clicked on

2018-05-21 10:13:48 - [MESSAGE][PASSED] - Object: 'Object Repository/DispensaryToCms/Page_Dispensary Store/button_Add' is clicked on

2018-05-21 10:13:48 - [TEST_STEP][PASSED] - selectOptionByIndex: All options with index in [7] are selected on object 'Object Repository/DispensaryToCms/Page_Dispensary Store/select_--Select--Schedule 1Inj'

2018-05-21 10:13:48 - [MESSAGE][PASSED] - All options with index in [7] are selected on object 'Object Repository/DispensaryToCms/Page_Dispensary Store/select_--Select--Schedule 1Inj'

2018-05-21 10:13:48 - [TEST_STEP][PASSED] - selectOptionByIndex: All options with index in [17] are selected on object 'Object Repository/DispensaryToCms/Page_Dispensary Store/select_--Select--Adernaline 0.'

2018-05-21 10:13:49 - [MESSAGE][PASSED] - All options with index in [17] are selected on object 'Object Repository/DispensaryToCms/Page_Dispensary Store/select_--Select--Adernaline 0.'

2018-05-21 10:13:49 - [TEST_STEP][PASSED] - setText: Text '100' is set on object 'Object Repository/DispensaryToCms/Page_Dispensary Store/input_txttreat'

2018-05-21 10:13:49 - [MESSAGE][PASSED] - Text '100' is set on object 'Object Repository/DispensaryToCms/Page_Dispensary Store/input_txttreat'

2018-05-21 10:13:49 - [TEST_STEP][PASSED] - click: Object: 'Object Repository/DispensaryToCms/Page_Dispensary Store/button_Add' is clicked on

2018-05-21 10:13:49 - [MESSAGE][PASSED] - Object: 'Object Repository/DispensaryToCms/Page_Dispensary Store/button_Add' is clicked on

2018-05-21 10:13:49 - [TEST_STEP][PASSED] - selectOptionByIndex: All options with index in [7] are selected on object 'Object Repository/DispensaryToCms/Page_Dispensary Store/select_--Select--Schedule 1Inj'

2018-05-21 10:13:49 - [MESSAGE][PASSED] - All options with index in [7] are selected on object 'Object Repository/DispensaryToCms/Page_Dispensary Store/select_--Select--Schedule 1Inj'

2018-05-21 10:13:49 - [TEST_STEP][PASSED] - selectOptionByIndex: All options with index in [18] are selected on object 'Object Repository/DispensaryToCms/Page_Dispensary Store/select_--Select--Adernaline 0.'

2018-05-21 10:13:49 - [MESSAGE][PASSED] - All options with index in [18] are selected on object 'Object Repository/DispensaryToCms/Page_Dispensary Store/select_--Select--Adernaline 0.'

2018-05-21 10:13:49 - [TEST_STEP][PASSED] - setText: Text '100' is set on object 'Object Repository/DispensaryToCms/Page_Dispensary Store/input_txttreat'

2018-05-21 10:13:49 - [MESSAGE][PASSED] - Text '100' is set on object 'Object Repository/DispensaryToCms/Page_Dispensary Store/input_txttreat'

2018-05-21 10:13:49 - [TEST_STEP][PASSED] - click: Object: 'Object Repository/DispensaryToCms/Page_Dispensary Store/button_Add' is clicked on

2018-05-21 10:13:49 - [MESSAGE][PASSED] - Object: 'Object Repository/DispensaryToCms/Page_Dispensary Store/button_Add' is clicked on

2018-05-21 10:13:49 - [TEST_STEP][PASSED] - selectOptionByIndex: All options with index in [7] are selected on object 'Object Repository/DispensaryToCms/Page_Dispensary Store/select_--Select--Schedule 1Inj'

2018-05-21 10:13:50 - [MESSAGE][PASSED] - All options with index in [7] are selected on object 'Object Repository/DispensaryToCms/Page_Dispensary Store/select_--Select--Schedule 1Inj'

2018-05-21 10:13:50 - [TEST_STEP][PASSED] - selectOptionByIndex: All options with index in [19] are selected on object 'Object Repository/DispensaryToCms/Page_Dispensary Store/select_--Select--Adernaline 0.'

2018-05-21 10:13:50 - [MESSAGE][PASSED] - All options with index in [19] are selected on object 'Object Repository/DispensaryToCms/Page_Dispensary Store/select_--Select--Adernaline 0.'

2018-05-21 10:13:50 - [TEST_STEP][PASSED] - setText: Text '100' is set on object 'Object Repository/DispensaryToCms/Page_Dispensary Store/input_txttreat'

2018-05-21 10:13:50 - [MESSAGE][PASSED] - Text '100' is set on object 'Object Repository/DispensaryToCms/Page_Dispensary Store/input_txttreat'

2018-05-21 10:13:50 - [TEST_STEP][PASSED] - click: Object: 'Object Repository/DispensaryToCms/Page_Dispensary Store/button_Add' is clicked on

2018-05-21 10:13:50 - [MESSAGE][PASSED] - Object: 'Object Repository/DispensaryToCms/Page_Dispensary Store/button_Add' is clicked on

2018-05-21 10:13:50 - [TEST_STEP][PASSED] - selectOptionByIndex: All options with index in [7] are selected on object 'Object Repository/DispensaryToCms/Page_Dispensary Store/select_--Select--Schedule 1Inj'

2018-05-21 10:13:50 - [MESSAGE][PASSED] - All options with index in [7] are selected on object 'Object Repository/DispensaryToCms/Page_Dispensary Store/select_--Select--Schedule 1Inj'

2018-05-21 10:13:50 - [TEST_STEP][PASSED] - selectOptionByIndex: All options with index in [20] are selected on object 'Object Repository/DispensaryToCms/Page_Dispensary Store/select_--Select--Adernaline 0.'

2018-05-21 10:13:51 - [MESSAGE][PASSED] - All options with index in [20] are selected on object 'Object Repository/DispensaryToCms/Page_Dispensary Store/select_--Select--Adernaline 0.'

2018-05-21 10:13:51 - [TEST_STEP][PASSED] - setText: Text '100' is set on object 'Object Repository/DispensaryToCms/Page_Dispensary Store/input_txttreat'

2018-05-21 10:13:51 - [MESSAGE][PASSED] - Text '100' is set on object 'Object Repository/DispensaryToCms/Page_Dispensary Store/input_txttreat'

2018-05-21 10:13:51 - [TEST_STEP][PASSED] - click: Object: 'Object Repository/DispensaryToCms/Page_Dispensary Store/button_Add' is clicked on

2018-05-21 10:13:51 - [MESSAGE][PASSED] - Object: 'Object Repository/DispensaryToCms/Page_Dispensary Store/button_Add' is clicked on

2018-05-21 10:13:51 - [TEST_STEP][PASSED] - selectOptionByIndex: All options with index in [7] are selected on object 'Object Repository/DispensaryToCms/Page_Dispensary Store/select_--Select--Schedule 1Inj'

2018-05-21 10:13:51 - [MESSAGE][PASSED] - All options with index in [7] are selected on object 'Object Repository/DispensaryToCms/Page_Dispensary Store/select_--Select--Schedule 1Inj'

2018-05-21 10:13:51 - [TEST_STEP][PASSED] - selectOptionByIndex: All options with index in [21] are selected on object 'Object Repository/DispensaryToCms/Page_Dispensary Store/select_--Select--Adernaline 0.'

2018-05-21 10:13:51 - [MESSAGE][PASSED] - All options with index in [21] are selected on object 'Object Repository/DispensaryToCms/Page_Dispensary Store/select_--Select--Adernaline 0.'

2018-05-21 10:13:51 - [TEST_STEP][PASSED] - setText: Text '100' is set on object 'Object Repository/DispensaryToCms/Page_Dispensary Store/input_txttreat'

2018-05-21 10:13:51 - [MESSAGE][PASSED] - Text '100' is set on object 'Object Repository/DispensaryToCms/Page_Dispensary Store/input_txttreat'

2018-05-21 10:13:51 - [TEST_STEP][PASSED] - click: Object: 'Object Repository/DispensaryToCms/Page_Dispensary Store/button_Add' is clicked on

2018-05-21 10:13:52 - [MESSAGE][PASSED] - Object: 'Object Repository/DispensaryToCms/Page_Dispensary Store/button_Add' is clicked on

2018-05-21 10:13:52 - [TEST_STEP][PASSED] - selectOptionByIndex: All options with index in [7] are selected on object 'Object Repository/DispensaryToCms/Page_Dispensary Store/select_--Select--Schedule 1Inj'

2018-05-21 10:13:52 - [MESSAGE][PASSED] - All options with index in [7] are selected on object 'Object Repository/DispensaryToCms/Page_Dispensary Store/select_--Select--Schedule 1Inj'

2018-05-21 10:13:52 - [TEST_STEP][PASSED] - selectOptionByIndex: All options with index in [22] are selected on object 'Object Repository/DispensaryToCms/Page_Dispensary Store/select_--Select--Adernaline 0.'

2018-05-21 10:13:52 - [MESSAGE][PASSED] - All options with index in [22] are selected on object 'Object Repository/DispensaryToCms/Page_Dispensary Store/select_--Select--Adernaline 0.'

2018-05-21 10:13:52 - [TEST_STEP][PASSED] - setText: Text '100' is set on object 'Object Repository/DispensaryToCms/Page_Dispensary Store/input_txttreat'

2018-05-21 10:13:52 - [MESSAGE][PASSED] - Text '100' is set on object 'Object Repository/DispensaryToCms/Page_Dispensary Store/input_txttreat'

2018-05-21 10:13:52 - [TEST_STEP][PASSED] - click: Object: 'Object Repository/DispensaryToCms/Page_Dispensary Store/button_Add' is clicked on

2018-05-21 10:13:52 - [MESSAGE][PASSED] - Object: 'Object Repository/DispensaryToCms/Page_Dispensary Store/button_Add' is clicked on

2018-05-21 10:13:52 - [TEST_STEP][PASSED] - selectOptionByIndex: All options with index in [7] are selected on object 'Object Repository/DispensaryToCms/Page_Dispensary Store/select_--Select--Schedule 1Inj'

2018-05-21 10:13:52 - [MESSAGE][PASSED] - All options with index in [7] are selected on object 'Object Repository/DispensaryToCms/Page_Dispensary Store/select_--Select--Schedule 1Inj'

2018-05-21 10:13:52 - [TEST_STEP][PASSED] - selectOptionByIndex: All options with index in [23] are selected on object 'Object Repository/DispensaryToCms/Page_Dispensary Store/select_--Select--Adernaline 0.'

2018-05-21 10:13:53 - [MESSAGE][PASSED] - All options with index in [23] are selected on object 'Object Repository/DispensaryToCms/Page_Dispensary Store/select_--Select--Adernaline 0.'

2018-05-21 10:13:53 - [TEST_STEP][PASSED] - setText: Text '100' is set on object 'Object Repository/DispensaryToCms/Page_Dispensary Store/input_txttreat'

2018-05-21 10:13:53 - [MESSAGE][PASSED] - Text '100' is set on object 'Object Repository/DispensaryToCms/Page_Dispensary Store/input_txttreat'

2018-05-21 10:13:53 - [TEST_STEP][PASSED] - click: Object: 'Object Repository/DispensaryToCms/Page_Dispensary Store/button_Add' is clicked on

2018-05-21 10:13:53 - [MESSAGE][PASSED] - Object: 'Object Repository/DispensaryToCms/Page_Dispensary Store/button_Add' is clicked on

2018-05-21 10:13:53 - [TEST_STEP][PASSED] - scrollToElement: Scroll to object 'Object Repository/DispensaryToCms/Page_Dispensary Store/input_btnsave' successfully

2018-05-21 10:13:53 - [MESSAGE][PASSED] - Scroll to object 'Object Repository/DispensaryToCms/Page_Dispensary Store/input_btnsave' successfully

2018-05-21 10:13:53 - [TEST_STEP][PASSED] - click: Object: 'Object Repository/DispensaryToCms/Page_Dispensary Store/input_btnsave' is clicked on

2018-05-21 10:13:53 - [MESSAGE][PASSED] - Object: 'Object Repository/DispensaryToCms/Page_Dispensary Store/input_btnsave' is clicked on

2018-05-21 10:13:53 - [TEST_STEP][PASSED] - delay: Delayed 3 second(s)

2018-05-21 10:13:56 - [MESSAGE][PASSED] - Delayed 3 second(s)

2018-05-21 10:13:56 - [TEST_STEP][PASSED] - Statement - RN1 = com.kms.katalon.core.webui.keyword.WebUiBuiltInKeywords.getText(com.kms.katalon.core.testobject.ObjectRepository.findTestObject(DispensaryToCms/Page_Dispensary Store/font_PRNO18052018174)): Text of object 'Object Repository/DispensaryToCms/Page_Dispensary Store/font_PRNO18052018174' is: 'PRNO/21052018/286'

2018-05-21 10:13:56 - [MESSAGE][PASSED] - Text of object 'Object Repository/DispensaryToCms/Page_Dispensary Store/font_PRNO18052018174' is: 'PRNO/21052018/286'

2018-05-21 10:13:56 - [TEST_STEP][PASSED] - Statement - out.println(RN1): null

2018-05-21 10:13:56 - [TEST_STEP][PASSED] - Statement - RID = RN1.split("/")[2]: null

2018-05-21 10:13:56 - [TEST_STEP][PASSED] - click: Object: 'Object Repository/DispensaryToCms/Page_Dispensary Store/button_OK' is clicked on

2018-05-21 10:13:57 - [MESSAGE][PASSED] - Object: 'Object Repository/DispensaryToCms/Page_Dispensary Store/button_OK' is clicked on

2018-05-21 10:13:57 - [TEST_STEP][PASSED] - delay: Delayed 3 second(s)

2018-05-21 10:14:00 - [MESSAGE][PASSED] - Delayed 3 second(s)

2018-05-21 10:14:00 - [TEST_STEP][PASSED] - click: Object: 'Object Repository/DispensaryToCms/Page_Dispensary Store/a_dropdown-toggle' is clicked on

2018-05-21 10:14:00 - [MESSAGE][PASSED] - Object: 'Object Repository/DispensaryToCms/Page_Dispensary Store/a_dropdown-toggle' is clicked on

2018-05-21 10:14:00 - [TEST_STEP][PASSED] - click: Object: 'Object Repository/DispensaryToCms/Page_Dispensary Store/a_Sign out' is clicked on

2018-05-21 10:14:01 - [MESSAGE][PASSED] - Object: 'Object Repository/DispensaryToCms/Page_Dispensary Store/a_Sign out' is clicked on

2018-05-21 10:14:01 - [TEST_STEP][PASSED] - delay: Delayed 3 second(s)

2018-05-21 10:14:04 - [MESSAGE][PASSED] - Delayed 3 second(s)

2018-05-21 10:14:04 - [TEST_STEP][PASSED] - navigateToUrl: Navigate to 'http://192.168.137.1/multihospital_new/' successfully

2018-05-21 10:14:04 - [MESSAGE][PASSED] - Navigate to 'http://192.168.137.1/multihospital_new/' successfully

2018-05-21 10:14:04 - [TEST_STEP][PASSED] - click: Object: 'Object Repository/DispensaryToCms/Page_KDMC/a_CMO' is clicked on

2018-05-21 10:14:05 - [MESSAGE][PASSED] - Object: 'Object Repository/DispensaryToCms/Page_KDMC/a_CMO' is clicked on

2018-05-21 10:14:05 - [TEST_STEP][PASSED] - setText: Text 'guru' is set on object 'Object Repository/DispensaryToCms/Page_CMO login/input_txtusername'

2018-05-21 10:14:05 - [MESSAGE][PASSED] - Text 'guru' is set on object 'Object Repository/DispensaryToCms/Page_CMO login/input_txtusername'

2018-05-21 10:14:05 - [TEST_STEP][PASSED] - setText: Text '123' is set on object 'Object Repository/DispensaryToCms/Page_CMO login/input_txtpassword'

2018-05-21 10:14:05 - [MESSAGE][PASSED] - Text '123' is set on object 'Object Repository/DispensaryToCms/Page_CMO login/input_txtpassword'

2018-05-21 10:14:05 - [TEST_STEP][PASSED] - delay: Delayed 3 second(s)

2018-05-21 10:14:08 - [MESSAGE][PASSED] - Delayed 3 second(s)

2018-05-21 10:14:08 - [TEST_STEP][PASSED] - click: Object: 'Object Repository/DispensaryToCms/Page_CMO login/button_Sign in' is clicked on

2018-05-21 10:14:10 - [MESSAGE][PASSED] - Object: 'Object Repository/DispensaryToCms/Page_CMO login/button_Sign in' is clicked on

2018-05-21 10:14:10 - [TEST_STEP][PASSED] - delay: Delayed 3 second(s)

2018-05-21 10:14:13 - [MESSAGE][PASSED] - Delayed 3 second(s)

2018-05-21 10:14:13 - [TEST_STEP][PASSED] - click: Object: 'Object Repository/DispensaryToCms/Page_KDMC - CMO/a_CMS Request' is clicked on

2018-05-21 10:14:13 - [MESSAGE][PASSED] - Object: 'Object Repository/DispensaryToCms/Page_KDMC - CMO/a_CMS Request' is clicked on

2018-05-21 10:14:13 - [TEST_STEP][PASSED] - delay: Delayed 2 second(s)

2018-05-21 10:14:15 - [MESSAGE][PASSED] - Delayed 2 second(s)

2018-05-21 10:14:15 - [TEST_STEP][PASSED] - click: Object: 'Object Repository/DispensaryToCms/Page_KDMC - CMO/a_Dispensary Store Request' is clicked on

2018-05-21 10:14:16 - [MESSAGE][PASSED] - Object: 'Object Repository/DispensaryToCms/Page_KDMC - CMO/a_Dispensary Store Request' is clicked on

2018-05-21 10:14:16 - [TEST_STEP][PASSED] - selectOptionByIndex: All options with index in [1] are selected on object 'Object Repository/DispensaryToCms/Page_KDMC - CMO/select_--ALL--'

2018-05-21 10:14:16 - [MESSAGE][PASSED] - All options with index in [1] are selected on object 'Object Repository/DispensaryToCms/Page_KDMC - CMO/select_--ALL--'

2018-05-21 10:14:16 - [TEST_STEP][PASSED] - click: Object: 'Object Repository/DispensaryToCms/Page_KDMC - CMO/input_btnsearch' is clicked on

2018-05-21 10:14:16 - [MESSAGE][PASSED] - Object: 'Object Repository/DispensaryToCms/Page_KDMC - CMO/input_btnsearch' is clicked on

2018-05-21 10:14:16 - [TEST_STEP][PASSED] - Statement - ID = com.kms.katalon.core.webui.keyword.WebUiBuiltInKeywords.modifyObjectProperty(com.kms.katalon.core.testobject.ObjectRepository.findTestObject(lab/Page_KDMC - CMO/input_1), "xpath", "equals", "//*[@id=" + RID + "]", true): Modify property of object successfully

2018-05-21 10:14:16 - [MESSAGE][PASSED] - Modify property of object successfully

2018-05-21 10:14:16 - [TEST_STEP][PASSED] - click: Object: 'Object Repository/lab/Page_KDMC - CMO/input_1' is clicked on

2018-05-21 10:14:17 - [MESSAGE][PASSED] - Object: 'Object Repository/lab/Page_KDMC - CMO/input_1' is clicked on

2018-05-21 10:14:17 - [TEST_STEP][PASSED] - delay: Delayed 2 second(s)

2018-05-21 10:14:19 - [MESSAGE][PASSED] - Delayed 2 second(s)

2018-05-21 10:14:19 - [TEST_STEP][PASSED] - selectOptionByIndex: All options with index in [1] are selected on object 'Object Repository/DispensaryToCms/Page_KDMC - CMO/select_--Select--'

2018-05-21 10:14:19 - [MESSAGE][PASSED] - All options with index in [1] are selected on object 'Object Repository/DispensaryToCms/Page_KDMC - CMO/select_--Select--'

2018-05-21 10:14:19 - [TEST_STEP][PASSED] - click: Object: 'Object Repository/DispensaryToCms/Page_KDMC - CMO/input_btnupdate' is clicked on

2018-05-21 10:14:19 - [MESSAGE][PASSED] - Object: 'Object Repository/DispensaryToCms/Page_KDMC - CMO/input_btnupdate' is clicked on

2018-05-21 10:14:19 - [TEST_STEP][PASSED] - delay: Delayed 2 second(s)

2018-05-21 10:14:21 - [MESSAGE][PASSED] - Delayed 2 second(s)

2018-05-21 10:14:21 - [TEST_STEP][PASSED] - click: Object: 'Object Repository/DispensaryToCms/Page_KDMC - CMO/button_OK' is clicked on

2018-05-21 10:14:22 - [MESSAGE][PASSED] - Object: 'Object Repository/DispensaryToCms/Page_KDMC - CMO/button_OK' is clicked on

2018-05-21 10:14:22 - [TEST_STEP][PASSED] - delay: Delayed 3 second(s)

2018-05-21 10:14:25 - [MESSAGE][PASSED] - Delayed 3 second(s)

2018-05-21 10:14:25 - [TEST_STEP][PASSED] - click: Object: 'Object Repository/DispensaryToCms/Page_KDMC - CMO/a_dropdown-toggle' is clicked on

2018-05-21 10:14:25 - [MESSAGE][PASSED] - Object: 'Object Repository/DispensaryToCms/Page_KDMC - CMO/a_dropdown-toggle' is clicked on

2018-05-21 10:14:25 - [TEST_STEP][PASSED] - click: Object: 'Object Repository/DispensaryToCms/Page_KDMC - CMO/a_Sign out' is clicked on

2018-05-21 10:14:26 - [MESSAGE][PASSED] - Object: 'Object Repository/DispensaryToCms/Page_KDMC - CMO/a_Sign out' is clicked on

2018-05-21 10:14:26 - [TEST_STEP][PASSED] - delay: Delayed 3 second(s)

2018-05-21 10:14:29 - [MESSAGE][PASSED] - Delayed 3 second(s)

2018-05-21 10:14:29 - [TEST_STEP][PASSED] - click: Object: 'Object Repository/DispensaryToCms/Page_KDMC/a_CMS' is clicked on

2018-05-21 10:14:30 - [MESSAGE][PASSED] - Object: 'Object Repository/DispensaryToCms/Page_KDMC/a_CMS' is clicked on

2018-05-21 10:14:30 - [TEST_STEP][PASSED] - setText: Text 'bala' is set on object 'Object Repository/DispensaryToCms/Page_CMS login/input_txtusername'

2018-05-21 10:14:30 - [MESSAGE][PASSED] - Text 'bala' is set on object 'Object Repository/DispensaryToCms/Page_CMS login/input_txtusername'

2018-05-21 10:14:30 - [TEST_STEP][PASSED] - setText: Text '123' is set on object 'Object Repository/DispensaryToCms/Page_CMS login/input_txtpassword'

2018-05-21 10:14:30 - [MESSAGE][PASSED] - Text '123' is set on object 'Object Repository/DispensaryToCms/Page_CMS login/input_txtpassword'

2018-05-21 10:14:30 - [TEST_STEP][PASSED] - delay: Delayed 3 second(s)

2018-05-21 10:14:33 - [MESSAGE][PASSED] - Delayed 3 second(s)

2018-05-21 10:14:33 - [TEST_STEP][PASSED] - click: Object: 'Object Repository/DispensaryToCms/Page_CMS login/button_Sign in' is clicked on

2018-05-21 10:14:33 - [MESSAGE][PASSED] - Object: 'Object Repository/DispensaryToCms/Page_CMS login/button_Sign in' is clicked on

2018-05-21 10:14:33 - [TEST_STEP][PASSED] - delay: Delayed 3 second(s)

2018-05-21 10:14:36 - [MESSAGE][PASSED] - Delayed 3 second(s)

2018-05-21 10:14:36 - [TEST_STEP][PASSED] - click: Object: 'Object Repository/DispensaryToCms/Page_KDMC - CMS/a_Divisional Store' is clicked on

2018-05-21 10:14:36 - [MESSAGE][PASSED] - Object: 'Object Repository/DispensaryToCms/Page_KDMC - CMS/a_Divisional Store' is clicked on

2018-05-21 10:14:36 - [TEST_STEP][PASSED] - delay: Delayed 2 second(s)

2018-05-21 10:14:38 - [MESSAGE][PASSED] - Delayed 2 second(s)

2018-05-21 10:14:38 - [TEST_STEP][PASSED] - click: Object: 'Object Repository/DispensaryToCms/Page_KDMC - CMS/a_Dispatch Items' is clicked on

2018-05-21 10:14:39 - [MESSAGE][PASSED] - Object: 'Object Repository/DispensaryToCms/Page_KDMC - CMS/a_Dispatch Items' is clicked on

2018-05-21 10:14:39 - [TEST_STEP][PASSED] - delay: Delayed 2 second(s)

2018-05-21 10:14:41 - [MESSAGE][PASSED] - Delayed 2 second(s)

2018-05-21 10:14:41 - [TEST_STEP][PASSED] - setText: Text 'PRNO/21052018/286' is set on object 'Object Repository/DispensaryToCms/Page_KDMC - CMS/input'

2018-05-21 10:14:41 - [MESSAGE][PASSED] - Text 'PRNO/21052018/286' is set on object 'Object Repository/DispensaryToCms/Page_KDMC - CMS/input'

2018-05-21 10:14:41 - [TEST_STEP][PASSED] - click: Object: 'Object Repository/DispensaryToCms/Page_KDMC - CMS/input_PRNO18052018174' is clicked on

2018-05-21 10:14:41 - [MESSAGE][PASSED] - Object: 'Object Repository/DispensaryToCms/Page_KDMC - CMS/input_PRNO18052018174' is clicked on

2018-05-21 10:14:41 - [TEST_STEP][PASSED] - Statement - out.println("Length : " + medicineslength): null

2018-05-21 10:14:41 - [TEST_STEP][PASSED] - Statement - For ([row = 0, row < medicineslength - 1, (row++)]): null

2018-05-21 10:14:41 - [TEST_STEP][PASSED] - Statement - batchlength = new com.kms.katalon.core.testobject.TestObject(): null

2018-05-21 10:14:41 - [TEST_STEP][PASSED] - Statement - batchlength = com.kms.katalon.core.webui.keyword.WebUiBuiltInKeywords.modifyObjectProperty(batchlength, "xpath", "equals", "//*[@id = "fldvendor" + row + ""]", true): Modify property of object successfully

2018-05-21 10:14:41 - [MESSAGE][PASSED] - Modify property of object successfully

2018-05-21 10:14:41 - [TEST_STEP][PASSED] - Statement - batchsize = com.kms.katalon.core.webui.keyword.WebUiBuiltInKeywords.getNumberOfTotalOption(batchlength): 7 options of object '' counted

2018-05-21 10:14:42 - [MESSAGE][PASSED] - 7 options of object '' counted

2018-05-21 10:14:42 - [TEST_STEP][PASSED] - Statement - out.println("BatchSize : " + batchsize): null

2018-05-21 10:14:42 - [TEST_STEP][PASSED] - Statement - For ([n = 1, n <= batchsize - 1, (n++)]): null

2018-05-21 10:14:42 - [TEST_STEP][PASSED] - Statement - product = new com.kms.katalon.core.testobject.TestObject(): null

2018-05-21 10:14:42 - [TEST_STEP][PASSED] - Statement - product = com.kms.katalon.core.webui.keyword.WebUiBuiltInKeywords.modifyObjectProperty(product, "xpath", "equals", "//*[@id = "fldvendor" + row + ""]", true): Modify property of object successfully

2018-05-21 10:14:42 - [MESSAGE][PASSED] - Modify property of object successfully

2018-05-21 10:14:42 - [TEST_STEP][PASSED] - selectOptionByIndex: All options with index in [1] are selected on object ''

2018-05-21 10:14:42 - [MESSAGE][PASSED] - All options with index in [1] are selected on object ''

2018-05-21 10:14:42 - [TEST_STEP][PASSED] - Statement - batch = new com.kms.katalon.core.testobject.TestObject(): null

2018-05-21 10:14:42 - [TEST_STEP][PASSED] - Statement - batch = com.kms.katalon.core.webui.keyword.WebUiBuiltInKeywords.modifyObjectProperty(batch, "xpath", "equals", "//*[@id = "txtbthqty" + row + ""]", true): Modify property of object successfully

2018-05-21 10:14:42 - [MESSAGE][PASSED] - Modify property of object successfully

2018-05-21 10:14:42 - [TEST_STEP][PASSED] - Statement - batchqty = com.kms.katalon.core.webui.keyword.WebUiBuiltInKeywords.getAttribute(batch, "value").trim(): Attribute 'value' of object '' is: '4500'

2018-05-21 10:14:42 - [MESSAGE][PASSED] - Attribute 'value' of object '' is: '4500'

2018-05-21 10:14:42 - [TEST_STEP][PASSED] - Statement - Rqty = 100: null

2018-05-21 10:14:42 - [TEST_STEP][PASSED] - delay: Delayed 2 second(s)

2018-05-21 10:14:44 - [MESSAGE][PASSED] - Delayed 2 second(s)

2018-05-21 10:14:44 - [TEST_STEP][PASSED] - Statement - out.println("BatchQty : " + batchqty): null

2018-05-21 10:14:44 - [TEST_STEP][PASSED] - Statement - out.println("RQty : " + Rqty): null

2018-05-21 10:14:44 - [TEST_STEP][PASSED] - Statement - If (java.lang.Integer.valueOf(batchqty) >= java.lang.Integer.valueOf(Rqty)): null

2018-05-21 10:14:44 - [TEST_STEP][PASSED] - Statement - Break: null

2018-05-21 10:14:44 - [TEST_STEP][PASSED] - Statement - batchlength = new com.kms.katalon.core.testobject.TestObject(): null

2018-05-21 10:14:44 - [TEST_STEP][PASSED] - Statement - batchlength = com.kms.katalon.core.webui.keyword.WebUiBuiltInKeywords.modifyObjectProperty(batchlength, "xpath", "equals", "//*[@id = "fldvendor" + row + ""]", true): Modify property of object successfully

2018-05-21 10:14:44 - [MESSAGE][PASSED] - Modify property of object successfully

2018-05-21 10:14:44 - [TEST_STEP][PASSED] - Statement - batchsize = com.kms.katalon.core.webui.keyword.WebUiBuiltInKeywords.getNumberOfTotalOption(batchlength): 7 options of object '' counted

2018-05-21 10:14:44 - [MESSAGE][PASSED] - 7 options of object '' counted

2018-05-21 10:14:44 - [TEST_STEP][PASSED] - Statement - out.println("BatchSize : " + batchsize): null

2018-05-21 10:14:44 - [TEST_STEP][PASSED] - Statement - For ([n = 1, n <= batchsize - 1, (n++)]): null

2018-05-21 10:14:44 - [TEST_STEP][PASSED] - Statement - product = new com.kms.katalon.core.testobject.TestObject(): null

2018-05-21 10:14:44 - [TEST_STEP][PASSED] - Statement - product = com.kms.katalon.core.webui.keyword.WebUiBuiltInKeywords.modifyObjectProperty(product, "xpath", "equals", "//*[@id = "fldvendor" + row + ""]", true): Modify property of object successfully

2018-05-21 10:14:44 - [MESSAGE][PASSED] - Modify property of object successfully

2018-05-21 10:14:44 - [TEST_STEP][PASSED] - selectOptionByIndex: All options with index in [1] are selected on object ''

2018-05-21 10:14:44 - [MESSAGE][PASSED] - All options with index in [1] are selected on object ''

2018-05-21 10:14:44 - [TEST_STEP][PASSED] - Statement - batch = new com.kms.katalon.core.testobject.TestObject(): null

2018-05-21 10:14:44 - [TEST_STEP][PASSED] - Statement - batch = com.kms.katalon.core.webui.keyword.WebUiBuiltInKeywords.modifyObjectProperty(batch, "xpath", "equals", "//*[@id = "txtbthqty" + row + ""]", true): Modify property of object successfully

2018-05-21 10:14:44 - [MESSAGE][PASSED] - Modify property of object successfully

2018-05-21 10:14:44 - [TEST_STEP][PASSED] - Statement - batchqty = com.kms.katalon.core.webui.keyword.WebUiBuiltInKeywords.getAttribute(batch, "value").trim(): Attribute 'value' of object '' is: '4500'

2018-05-21 10:14:44 - [MESSAGE][PASSED] - Attribute 'value' of object '' is: '4500'

2018-05-21 10:14:44 - [TEST_STEP][PASSED] - Statement - Rqty = 100: null

2018-05-21 10:14:44 - [TEST_STEP][PASSED] - delay: Delayed 2 second(s)

2018-05-21 10:14:46 - [MESSAGE][PASSED] - Delayed 2 second(s)

2018-05-21 10:14:46 - [TEST_STEP][PASSED] - Statement - out.println("BatchQty : " + batchqty): null

2018-05-21 10:14:46 - [TEST_STEP][PASSED] - Statement - out.println("RQty : " + Rqty): null

2018-05-21 10:14:46 - [TEST_STEP][PASSED] - Statement - If (java.lang.Integer.valueOf(batchqty) >= java.lang.Integer.valueOf(Rqty)): null

2018-05-21 10:14:46 - [TEST_STEP][PASSED] - Statement - Break: null

2018-05-21 10:14:46 - [TEST_STEP][PASSED] - Statement - batchlength = new com.kms.katalon.core.testobject.TestObject(): null

2018-05-21 10:14:46 - [TEST_STEP][PASSED] - Statement - batchlength = com.kms.katalon.core.webui.keyword.WebUiBuiltInKeywords.modifyObjectProperty(batchlength, "xpath", "equals", "//*[@id = "fldvendor" + row + ""]", true): Modify property of object successfully

2018-05-21 10:14:46 - [MESSAGE][PASSED] - Modify property of object successfully

2018-05-21 10:14:46 - [TEST_STEP][PASSED] - Statement - batchsize = com.kms.katalon.core.webui.keyword.WebUiBuiltInKeywords.getNumberOfTotalOption(batchlength): 7 options of object '' counted

2018-05-21 10:14:47 - [MESSAGE][PASSED] - 7 options of object '' counted

2018-05-21 10:14:47 - [TEST_STEP][PASSED] - Statement - out.println("BatchSize : " + batchsize): null

2018-05-21 10:14:47 - [TEST_STEP][PASSED] - Statement - For ([n = 1, n <= batchsize - 1, (n++)]): null

2018-05-21 10:14:47 - [TEST_STEP][PASSED] - Statement - product = new com.kms.katalon.core.testobject.TestObject(): null

2018-05-21 10:14:47 - [TEST_STEP][PASSED] - Statement - product = com.kms.katalon.core.webui.keyword.WebUiBuiltInKeywords.modifyObjectProperty(product, "xpath", "equals", "//*[@id = "fldvendor" + row + ""]", true): Modify property of object successfully

2018-05-21 10:14:47 - [MESSAGE][PASSED] - Modify property of object successfully

2018-05-21 10:14:47 - [TEST_STEP][PASSED] - selectOptionByIndex: All options with index in [1] are selected on object ''

2018-05-21 10:14:47 - [MESSAGE][PASSED] - All options with index in [1] are selected on object ''

2018-05-21 10:14:47 - [TEST_STEP][PASSED] - Statement - batch = new com.kms.katalon.core.testobject.TestObject(): null

2018-05-21 10:14:47 - [TEST_STEP][PASSED] - Statement - batch = com.kms.katalon.core.webui.keyword.WebUiBuiltInKeywords.modifyObjectProperty(batch, "xpath", "equals", "//*[@id = "txtbthqty" + row + ""]", true): Modify property of object successfully

2018-05-21 10:14:47 - [MESSAGE][PASSED] - Modify property of object successfully

2018-05-21 10:14:47 - [TEST_STEP][PASSED] - Statement - batchqty = com.kms.katalon.core.webui.keyword.WebUiBuiltInKeywords.getAttribute(batch, "value").trim(): Attribute 'value' of object '' is: '39500'

2018-05-21 10:14:47 - [MESSAGE][PASSED] - Attribute 'value' of object '' is: '39500'

2018-05-21 10:14:47 - [TEST_STEP][PASSED] - Statement - Rqty = 100: null

2018-05-21 10:14:47 - [TEST_STEP][PASSED] - delay: Delayed 2 second(s)

2018-05-21 10:14:49 - [MESSAGE][PASSED] - Delayed 2 second(s)

2018-05-21 10:14:49 - [TEST_STEP][PASSED] - Statement - out.println("BatchQty : " + batchqty): null

2018-05-21 10:14:49 - [TEST_STEP][PASSED] - Statement - out.println("RQty : " + Rqty): null

2018-05-21 10:14:49 - [TEST_STEP][PASSED] - Statement - If (java.lang.Integer.valueOf(batchqty) >= java.lang.Integer.valueOf(Rqty)): null

2018-05-21 10:14:49 - [TEST_STEP][PASSED] - Statement - Break: null

2018-05-21 10:14:49 - [TEST_STEP][PASSED] - Statement - batchlength = new com.kms.katalon.core.testobject.TestObject(): null

2018-05-21 10:14:49 - [TEST_STEP][PASSED] - Statement - batchlength = com.kms.katalon.core.webui.keyword.WebUiBuiltInKeywords.modifyObjectProperty(batchlength, "xpath", "equals", "//*[@id = "fldvendor" + row + ""]", true): Modify property of object successfully

2018-05-21 10:14:49 - [MESSAGE][PASSED] - Modify property of object successfully

2018-05-21 10:14:49 - [TEST_STEP][PASSED] - Statement - batchsize = com.kms.katalon.core.webui.keyword.WebUiBuiltInKeywords.getNumberOfTotalOption(batchlength): 7 options of object '' counted

2018-05-21 10:14:49 - [MESSAGE][PASSED] - 7 options of object '' counted

2018-05-21 10:14:49 - [TEST_STEP][PASSED] - Statement - out.println("BatchSize : " + batchsize): null

2018-05-21 10:14:49 - [TEST_STEP][PASSED] - Statement - For ([n = 1, n <= batchsize - 1, (n++)]): null

2018-05-21 10:14:49 - [TEST_STEP][PASSED] - Statement - product = new com.kms.katalon.core.testobject.TestObject(): null

2018-05-21 10:14:49 - [TEST_STEP][PASSED] - Statement - product = com.kms.katalon.core.webui.keyword.WebUiBuiltInKeywords.modifyObjectProperty(product, "xpath", "equals", "//*[@id = "fldvendor" + row + ""]", true): Modify property of object successfully

2018-05-21 10:14:49 - [MESSAGE][PASSED] - Modify property of object successfully

2018-05-21 10:14:49 - [TEST_STEP][PASSED] - selectOptionByIndex: All options with index in [1] are selected on object ''

2018-05-21 10:14:49 - [MESSAGE][PASSED] - All options with index in [1] are selected on object ''

2018-05-21 10:14:49 - [TEST_STEP][PASSED] - Statement - batch = new com.kms.katalon.core.testobject.TestObject(): null

2018-05-21 10:14:49 - [TEST_STEP][PASSED] - Statement - batch = com.kms.katalon.core.webui.keyword.WebUiBuiltInKeywords.modifyObjectProperty(batch, "xpath", "equals", "//*[@id = "txtbthqty" + row + ""]", true): Modify property of object successfully

2018-05-21 10:14:49 - [MESSAGE][PASSED] - Modify property of object successfully

2018-05-21 10:14:49 - [TEST_STEP][PASSED] - Statement - batchqty = com.kms.katalon.core.webui.keyword.WebUiBuiltInKeywords.getAttribute(batch, "value").trim(): Attribute 'value' of object '' is: '39500'

2018-05-21 10:14:49 - [MESSAGE][PASSED] - Attribute 'value' of object '' is: '39500'

2018-05-21 10:14:49 - [TEST_STEP][PASSED] - Statement - Rqty = 100: null

2018-05-21 10:14:49 - [TEST_STEP][PASSED] - delay: Delayed 2 second(s)

2018-05-21 10:14:51 - [MESSAGE][PASSED] - Delayed 2 second(s)

2018-05-21 10:14:51 - [TEST_STEP][PASSED] - Statement - out.println("BatchQty : " + batchqty): null

2018-05-21 10:14:51 - [TEST_STEP][PASSED] - Statement - out.println("RQty : " + Rqty): null

2018-05-21 10:14:51 - [TEST_STEP][PASSED] - Statement - If (java.lang.Integer.valueOf(batchqty) >= java.lang.Integer.valueOf(Rqty)): null

2018-05-21 10:14:51 - [TEST_STEP][PASSED] - Statement - Break: null

2018-05-21 10:14:51 - [TEST_STEP][PASSED] - Statement - batchlength = new com.kms.katalon.core.testobject.TestObject(): null

2018-05-21 10:14:51 - [TEST_STEP][PASSED] - Statement - batchlength = com.kms.katalon.core.webui.keyword.WebUiBuiltInKeywords.modifyObjectProperty(batchlength, "xpath", "equals", "//*[@id = "fldvendor" + row + ""]", true): Modify property of object successfully

2018-05-21 10:14:51 - [MESSAGE][PASSED] - Modify property of object successfully

2018-05-21 10:14:51 - [TEST_STEP][PASSED] - Statement - batchsize = com.kms.katalon.core.webui.keyword.WebUiBuiltInKeywords.getNumberOfTotalOption(batchlength): 7 options of object '' counted

2018-05-21 10:14:51 - [MESSAGE][PASSED] - 7 options of object '' counted

2018-05-21 10:14:51 - [TEST_STEP][PASSED] - Statement - out.println("BatchSize : " + batchsize): null

2018-05-21 10:14:51 - [TEST_STEP][PASSED] - Statement - For ([n = 1, n <= batchsize - 1, (n++)]): null

2018-05-21 10:14:51 - [TEST_STEP][PASSED] - Statement - product = new com.kms.katalon.core.testobject.TestObject(): null

2018-05-21 10:14:51 - [TEST_STEP][PASSED] - Statement - product = com.kms.katalon.core.webui.keyword.WebUiBuiltInKeywords.modifyObjectProperty(product, "xpath", "equals", "//*[@id = "fldvendor" + row + ""]", true): Modify property of object successfully

2018-05-21 10:14:51 - [MESSAGE][PASSED] - Modify property of object successfully

2018-05-21 10:14:51 - [TEST_STEP][PASSED] - selectOptionByIndex: All options with index in [1] are selected on object ''

2018-05-21 10:14:51 - [MESSAGE][PASSED] - All options with index in [1] are selected on object ''

2018-05-21 10:14:51 - [TEST_STEP][PASSED] - Statement - batch = new com.kms.katalon.core.testobject.TestObject(): null

2018-05-21 10:14:51 - [TEST_STEP][PASSED] - Statement - batch = com.kms.katalon.core.webui.keyword.WebUiBuiltInKeywords.modifyObjectProperty(batch, "xpath", "equals", "//*[@id = "txtbthqty" + row + ""]", true): Modify property of object successfully

2018-05-21 10:14:51 - [MESSAGE][PASSED] - Modify property of object successfully

2018-05-21 10:14:51 - [TEST_STEP][PASSED] - Statement - batchqty = com.kms.katalon.core.webui.keyword.WebUiBuiltInKeywords.getAttribute(batch, "value").trim(): Attribute 'value' of object '' is: '4600'

2018-05-21 10:14:51 - [MESSAGE][PASSED] - Attribute 'value' of object '' is: '4600'

2018-05-21 10:14:51 - [TEST_STEP][PASSED] - Statement - Rqty = 100: null

2018-05-21 10:14:51 - [TEST_STEP][PASSED] - delay: Delayed 2 second(s)

2018-05-21 10:14:53 - [MESSAGE][PASSED] - Delayed 2 second(s)

2018-05-21 10:14:53 - [TEST_STEP][PASSED] - Statement - out.println("BatchQty : " + batchqty): null

2018-05-21 10:14:53 - [TEST_STEP][PASSED] - Statement - out.println("RQty : " + Rqty): null

2018-05-21 10:14:53 - [TEST_STEP][PASSED] - Statement - If (java.lang.Integer.valueOf(batchqty) >= java.lang.Integer.valueOf(Rqty)): null

2018-05-21 10:14:53 - [TEST_STEP][PASSED] - Statement - Break: null

2018-05-21 10:14:53 - [TEST_STEP][PASSED] - Statement - batchlength = new com.kms.katalon.core.testobject.TestObject(): null

2018-05-21 10:14:53 - [TEST_STEP][PASSED] - Statement - batchlength = com.kms.katalon.core.webui.keyword.WebUiBuiltInKeywords.modifyObjectProperty(batchlength, "xpath", "equals", "//*[@id = "fldvendor" + row + ""]", true): Modify property of object successfully

2018-05-21 10:14:53 - [MESSAGE][PASSED] - Modify property of object successfully

2018-05-21 10:14:53 - [TEST_STEP][PASSED] - Statement - batchsize = com.kms.katalon.core.webui.keyword.WebUiBuiltInKeywords.getNumberOfTotalOption(batchlength): 7 options of object '' counted

2018-05-21 10:14:53 - [MESSAGE][PASSED] - 7 options of object '' counted

2018-05-21 10:14:53 - [TEST_STEP][PASSED] - Statement - out.println("BatchSize : " + batchsize): null

2018-05-21 10:14:53 - [TEST_STEP][PASSED] - Statement - For ([n = 1, n <= batchsize - 1, (n++)]): null

2018-05-21 10:14:53 - [TEST_STEP][PASSED] - Statement - product = new com.kms.katalon.core.testobject.TestObject(): null

2018-05-21 10:14:53 - [TEST_STEP][PASSED] - Statement - product = com.kms.katalon.core.webui.keyword.WebUiBuiltInKeywords.modifyObjectProperty(product, "xpath", "equals", "//*[@id = "fldvendor" + row + ""]", true): Modify property of object successfully

2018-05-21 10:14:53 - [MESSAGE][PASSED] - Modify property of object successfully

2018-05-21 10:14:53 - [TEST_STEP][PASSED] - selectOptionByIndex: All options with index in [1] are selected on object ''

2018-05-21 10:14:53 - [MESSAGE][PASSED] - All options with index in [1] are selected on object ''

2018-05-21 10:14:53 - [TEST_STEP][PASSED] - Statement - batch = new com.kms.katalon.core.testobject.TestObject(): null

2018-05-21 10:14:53 - [TEST_STEP][PASSED] - Statement - batch = com.kms.katalon.core.webui.keyword.WebUiBuiltInKeywords.modifyObjectProperty(batch, "xpath", "equals", "//*[@id = "txtbthqty" + row + ""]", true): Modify property of object successfully

2018-05-21 10:14:53 - [MESSAGE][PASSED] - Modify property of object successfully

2018-05-21 10:14:53 - [TEST_STEP][PASSED] - Statement - batchqty = com.kms.katalon.core.webui.keyword.WebUiBuiltInKeywords.getAttribute(batch, "value").trim(): Attribute 'value' of object '' is: '39500'

2018-05-21 10:14:54 - [MESSAGE][PASSED] - Attribute 'value' of object '' is: '39500'

2018-05-21 10:14:54 - [TEST_STEP][PASSED] - Statement - Rqty = 100: null

2018-05-21 10:14:54 - [TEST_STEP][PASSED] - delay: Delayed 2 second(s)

2018-05-21 10:14:56 - [MESSAGE][PASSED] - Delayed 2 second(s)

2018-05-21 10:14:56 - [TEST_STEP][PASSED] - Statement - out.println("BatchQty : " + batchqty): null

2018-05-21 10:14:56 - [TEST_STEP][PASSED] - Statement - out.println("RQty : " + Rqty): null

2018-05-21 10:14:56 - [TEST_STEP][PASSED] - Statement - If (java.lang.Integer.valueOf(batchqty) >= java.lang.Integer.valueOf(Rqty)): null

2018-05-21 10:14:56 - [TEST_STEP][PASSED] - Statement - Break: null

2018-05-21 10:14:56 - [TEST_STEP][PASSED] - Statement - batchlength = new com.kms.katalon.core.testobject.TestObject(): null

2018-05-21 10:14:56 - [TEST_STEP][PASSED] - Statement - batchlength = com.kms.katalon.core.webui.keyword.WebUiBuiltInKeywords.modifyObjectProperty(batchlength, "xpath", "equals", "//*[@id = "fldvendor" + row + ""]", true): Modify property of object successfully

2018-05-21 10:14:56 - [MESSAGE][PASSED] - Modify property of object successfully

2018-05-21 10:14:56 - [TEST_STEP][PASSED] - Statement - batchsize = com.kms.katalon.core.webui.keyword.WebUiBuiltInKeywords.getNumberOfTotalOption(batchlength): 7 options of object '' counted

2018-05-21 10:14:56 - [MESSAGE][PASSED] - 7 options of object '' counted

2018-05-21 10:14:56 - [TEST_STEP][PASSED] - Statement - out.println("BatchSize : " + batchsize): null

2018-05-21 10:14:56 - [TEST_STEP][PASSED] - Statement - For ([n = 1, n <= batchsize - 1, (n++)]): null

2018-05-21 10:14:56 - [TEST_STEP][PASSED] - Statement - product = new com.kms.katalon.core.testobject.TestObject(): null

2018-05-21 10:14:56 - [TEST_STEP][PASSED] - Statement - product = com.kms.katalon.core.webui.keyword.WebUiBuiltInKeywords.modifyObjectProperty(product, "xpath", "equals", "//*[@id = "fldvendor" + row + ""]", true): Modify property of object successfully

2018-05-21 10:14:56 - [MESSAGE][PASSED] - Modify property of object successfully

2018-05-21 10:14:56 - [TEST_STEP][PASSED] - selectOptionByIndex: All options with index in [1] are selected on object ''

2018-05-21 10:14:56 - [MESSAGE][PASSED] - All options with index in [1] are selected on object ''

2018-05-21 10:14:56 - [TEST_STEP][PASSED] - Statement - batch = new com.kms.katalon.core.testobject.TestObject(): null

2018-05-21 10:14:56 - [TEST_STEP][PASSED] - Statement - batch = com.kms.katalon.core.webui.keyword.WebUiBuiltInKeywords.modifyObjectProperty(batch, "xpath", "equals", "//*[@id = "txtbthqty" + row + ""]", true): Modify property of object successfully

2018-05-21 10:14:56 - [MESSAGE][PASSED] - Modify property of object successfully

2018-05-21 10:14:56 - [TEST_STEP][PASSED] - Statement - batchqty = com.kms.katalon.core.webui.keyword.WebUiBuiltInKeywords.getAttribute(batch, "value").trim(): Attribute 'value' of object '' is: '39500'

2018-05-21 10:14:56 - [MESSAGE][PASSED] - Attribute 'value' of object '' is: '39500'

2018-05-21 10:14:56 - [TEST_STEP][PASSED] - Statement - Rqty = 100: null

2018-05-21 10:14:56 - [TEST_STEP][PASSED] - delay: Delayed 2 second(s)

2018-05-21 10:14:58 - [MESSAGE][PASSED] - Delayed 2 second(s)

2018-05-21 10:14:58 - [TEST_STEP][PASSED] - Statement - out.println("BatchQty : " + batchqty): null

2018-05-21 10:14:58 - [TEST_STEP][PASSED] - Statement - out.println("RQty : " + Rqty): null

2018-05-21 10:14:58 - [TEST_STEP][PASSED] - Statement - If (java.lang.Integer.valueOf(batchqty) >= java.lang.Integer.valueOf(Rqty)): null

2018-05-21 10:14:58 - [TEST_STEP][PASSED] - Statement - Break: null

2018-05-21 10:14:58 - [TEST_STEP][PASSED] - Statement - batchlength = new com.kms.katalon.core.testobject.TestObject(): null

2018-05-21 10:14:58 - [TEST_STEP][PASSED] - Statement - batchlength = com.kms.katalon.core.webui.keyword.WebUiBuiltInKeywords.modifyObjectProperty(batchlength, "xpath", "equals", "//*[@id = "fldvendor" + row + ""]", true): Modify property of object successfully

2018-05-21 10:14:58 - [MESSAGE][PASSED] - Modify property of object successfully

2018-05-21 10:14:58 - [TEST_STEP][PASSED] - Statement - batchsize = com.kms.katalon.core.webui.keyword.WebUiBuiltInKeywords.getNumberOfTotalOption(batchlength): 7 options of object '' counted

2018-05-21 10:14:58 - [MESSAGE][PASSED] - 7 options of object '' counted

2018-05-21 10:14:58 - [TEST_STEP][PASSED] - Statement - out.println("BatchSize : " + batchsize): null

2018-05-21 10:14:58 - [TEST_STEP][PASSED] - Statement - For ([n = 1, n <= batchsize - 1, (n++)]): null

2018-05-21 10:14:58 - [TEST_STEP][PASSED] - Statement - product = new com.kms.katalon.core.testobject.TestObject(): null

2018-05-21 10:14:58 - [TEST_STEP][PASSED] - Statement - product = com.kms.katalon.core.webui.keyword.WebUiBuiltInKeywords.modifyObjectProperty(product, "xpath", "equals", "//*[@id = "fldvendor" + row + ""]", true): Modify property of object successfully

2018-05-21 10:14:58 - [MESSAGE][PASSED] - Modify property of object successfully

2018-05-21 10:14:58 - [TEST_STEP][PASSED] - selectOptionByIndex: All options with index in [1] are selected on object ''

2018-05-21 10:14:58 - [MESSAGE][PASSED] - All options with index in [1] are selected on object ''

2018-05-21 10:14:58 - [TEST_STEP][PASSED] - Statement - batch = new com.kms.katalon.core.testobject.TestObject(): null

2018-05-21 10:14:58 - [TEST_STEP][PASSED] - Statement - batch = com.kms.katalon.core.webui.keyword.WebUiBuiltInKeywords.modifyObjectProperty(batch, "xpath", "equals", "//*[@id = "txtbthqty" + row + ""]", true): Modify property of object successfully

2018-05-21 10:14:58 - [MESSAGE][PASSED] - Modify property of object successfully

2018-05-21 10:14:58 - [TEST_STEP][PASSED] - Statement - batchqty = com.kms.katalon.core.webui.keyword.WebUiBuiltInKeywords.getAttribute(batch, "value").trim(): Attribute 'value' of object '' is: '39500'

2018-05-21 10:14:58 - [MESSAGE][PASSED] - Attribute 'value' of object '' is: '39500'

2018-05-21 10:14:58 - [TEST_STEP][PASSED] - Statement - Rqty = 100: null

2018-05-21 10:14:58 - [TEST_STEP][PASSED] - delay: Delayed 2 second(s)

2018-05-21 10:15:00 - [MESSAGE][PASSED] - Delayed 2 second(s)

2018-05-21 10:15:00 - [TEST_STEP][PASSED] - Statement - out.println("BatchQty : " + batchqty): null

2018-05-21 10:15:00 - [TEST_STEP][PASSED] - Statement - out.println("RQty : " + Rqty): null

2018-05-21 10:15:00 - [TEST_STEP][PASSED] - Statement - If (java.lang.Integer.valueOf(batchqty) >= java.lang.Integer.valueOf(Rqty)): null

2018-05-21 10:15:00 - [TEST_STEP][PASSED] - Statement - Break: null

2018-05-21 10:15:00 - [TEST_STEP][PASSED] - Statement - batchlength = new com.kms.katalon.core.testobject.TestObject(): null

2018-05-21 10:15:00 - [TEST_STEP][PASSED] - Statement - batchlength = com.kms.katalon.core.webui.keyword.WebUiBuiltInKeywords.modifyObjectProperty(batchlength, "xpath", "equals", "//*[@id = "fldvendor" + row + ""]", true): Modify property of object successfully

2018-05-21 10:15:00 - [MESSAGE][PASSED] - Modify property of object successfully

2018-05-21 10:15:00 - [TEST_STEP][PASSED] - Statement - batchsize = com.kms.katalon.core.webui.keyword.WebUiBuiltInKeywords.getNumberOfTotalOption(batchlength): 7 options of object '' counted

2018-05-21 10:15:00 - [MESSAGE][PASSED] - 7 options of object '' counted

2018-05-21 10:15:00 - [TEST_STEP][PASSED] - Statement - out.println("BatchSize : " + batchsize): null

2018-05-21 10:15:00 - [TEST_STEP][PASSED] - Statement - For ([n = 1, n <= batchsize - 1, (n++)]): null

2018-05-21 10:15:00 - [TEST_STEP][PASSED] - Statement - product = new com.kms.katalon.core.testobject.TestObject(): null

2018-05-21 10:15:00 - [TEST_STEP][PASSED] - Statement - product = com.kms.katalon.core.webui.keyword.WebUiBuiltInKeywords.modifyObjectProperty(product, "xpath", "equals", "//*[@id = "fldvendor" + row + ""]", true): Modify property of object successfully

2018-05-21 10:15:00 - [MESSAGE][PASSED] - Modify property of object successfully

2018-05-21 10:15:00 - [TEST_STEP][PASSED] - selectOptionByIndex: All options with index in [1] are selected on object ''

2018-05-21 10:15:00 - [MESSAGE][PASSED] - All options with index in [1] are selected on object ''

2018-05-21 10:15:00 - [TEST_STEP][PASSED] - Statement - batch = new com.kms.katalon.core.testobject.TestObject(): null

2018-05-21 10:15:00 - [TEST_STEP][PASSED] - Statement - batch = com.kms.katalon.core.webui.keyword.WebUiBuiltInKeywords.modifyObjectProperty(batch, "xpath", "equals", "//*[@id = "txtbthqty" + row + ""]", true): Modify property of object successfully

2018-05-21 10:15:00 - [MESSAGE][PASSED] - Modify property of object successfully

2018-05-21 10:15:00 - [TEST_STEP][PASSED] - Statement - batchqty = com.kms.katalon.core.webui.keyword.WebUiBuiltInKeywords.getAttribute(batch, "value").trim(): Attribute 'value' of object '' is: '39500'

2018-05-21 10:15:00 - [MESSAGE][PASSED] - Attribute 'value' of object '' is: '39500'

2018-05-21 10:15:00 - [TEST_STEP][PASSED] - Statement - Rqty = 100: null

2018-05-21 10:15:00 - [TEST_STEP][PASSED] - delay: Delayed 2 second(s)

2018-05-21 10:15:02 - [MESSAGE][PASSED] - Delayed 2 second(s)

2018-05-21 10:15:02 - [TEST_STEP][PASSED] - Statement - out.println("BatchQty : " + batchqty): null

2018-05-21 10:15:02 - [TEST_STEP][PASSED] - Statement - out.println("RQty : " + Rqty): null

2018-05-21 10:15:02 - [TEST_STEP][PASSED] - Statement - If (java.lang.Integer.valueOf(batchqty) >= java.lang.Integer.valueOf(Rqty)): null

2018-05-21 10:15:02 - [TEST_STEP][PASSED] - Statement - Break: null

2018-05-21 10:15:02 - [TEST_STEP][PASSED] - Statement - batchlength = new com.kms.katalon.core.testobject.TestObject(): null

2018-05-21 10:15:02 - [TEST_STEP][PASSED] - Statement - batchlength = com.kms.katalon.core.webui.keyword.WebUiBuiltInKeywords.modifyObjectProperty(batchlength, "xpath", "equals", "//*[@id = "fldvendor" + row + ""]", true): Modify property of object successfully

2018-05-21 10:15:02 - [MESSAGE][PASSED] - Modify property of object successfully

2018-05-21 10:15:02 - [TEST_STEP][PASSED] - Statement - batchsize = com.kms.katalon.core.webui.keyword.WebUiBuiltInKeywords.getNumberOfTotalOption(batchlength): 7 options of object '' counted

2018-05-21 10:15:02 - [MESSAGE][PASSED] - 7 options of object '' counted

2018-05-21 10:15:02 - [TEST_STEP][PASSED] - Statement - out.println("BatchSize : " + batchsize): null

2018-05-21 10:15:02 - [TEST_STEP][PASSED] - Statement - For ([n = 1, n <= batchsize - 1, (n++)]): null

2018-05-21 10:15:02 - [TEST_STEP][PASSED] - Statement - product = new com.kms.katalon.core.testobject.TestObject(): null

2018-05-21 10:15:02 - [TEST_STEP][PASSED] - Statement - product = com.kms.katalon.core.webui.keyword.WebUiBuiltInKeywords.modifyObjectProperty(product, "xpath", "equals", "//*[@id = "fldvendor" + row + ""]", true): Modify property of object successfully

2018-05-21 10:15:02 - [MESSAGE][PASSED] - Modify property of object successfully

2018-05-21 10:15:02 - [TEST_STEP][PASSED] - selectOptionByIndex: All options with index in [1] are selected on object ''

2018-05-21 10:15:03 - [MESSAGE][PASSED] - All options with index in [1] are selected on object ''

2018-05-21 10:15:03 - [TEST_STEP][PASSED] - Statement - batch = new com.kms.katalon.core.testobject.TestObject(): null

2018-05-21 10:15:03 - [TEST_STEP][PASSED] - Statement - batch = com.kms.katalon.core.webui.keyword.WebUiBuiltInKeywords.modifyObjectProperty(batch, "xpath", "equals", "//*[@id = "txtbthqty" + row + ""]", true): Modify property of object successfully

2018-05-21 10:15:03 - [MESSAGE][PASSED] - Modify property of object successfully

2018-05-21 10:15:03 - [TEST_STEP][PASSED] - Statement - batchqty = com.kms.katalon.core.webui.keyword.WebUiBuiltInKeywords.getAttribute(batch, "value").trim(): Attribute 'value' of object '' is: '4600'

2018-05-21 10:15:03 - [MESSAGE][PASSED] - Attribute 'value' of object '' is: '4600'

2018-05-21 10:15:03 - [TEST_STEP][PASSED] - Statement - Rqty = 100: null

2018-05-21 10:15:03 - [TEST_STEP][PASSED] - delay: Delayed 2 second(s)

2018-05-21 10:15:05 - [MESSAGE][PASSED] - Delayed 2 second(s)

2018-05-21 10:15:05 - [TEST_STEP][PASSED] - Statement - out.println("BatchQty : " + batchqty): null

2018-05-21 10:15:05 - [TEST_STEP][PASSED] - Statement - out.println("RQty : " + Rqty): null

2018-05-21 10:15:05 - [TEST_STEP][PASSED] - Statement - If (java.lang.Integer.valueOf(batchqty) >= java.lang.Integer.valueOf(Rqty)): null

2018-05-21 10:15:05 - [TEST_STEP][PASSED] - Statement - Break: null

2018-05-21 10:15:05 - [TEST_STEP][PASSED] - Statement - batchlength = new com.kms.katalon.core.testobject.TestObject(): null

2018-05-21 10:15:05 - [TEST_STEP][PASSED] - Statement - batchlength = com.kms.katalon.core.webui.keyword.WebUiBuiltInKeywords.modifyObjectProperty(batchlength, "xpath", "equals", "//*[@id = "fldvendor" + row + ""]", true): Modify property of object successfully

2018-05-21 10:15:05 - [MESSAGE][PASSED] - Modify property of object successfully

2018-05-21 10:15:05 - [TEST_STEP][PASSED] - Statement - batchsize = com.kms.katalon.core.webui.keyword.WebUiBuiltInKeywords.getNumberOfTotalOption(batchlength): 7 options of object '' counted

2018-05-21 10:15:05 - [MESSAGE][PASSED] - 7 options of object '' counted

2018-05-21 10:15:05 - [TEST_STEP][PASSED] - Statement - out.println("BatchSize : " + batchsize): null

2018-05-21 10:15:05 - [TEST_STEP][PASSED] - Statement - For ([n = 1, n <= batchsize - 1, (n++)]): null

2018-05-21 10:15:05 - [TEST_STEP][PASSED] - Statement - product = new com.kms.katalon.core.testobject.TestObject(): null

2018-05-21 10:15:05 - [TEST_STEP][PASSED] - Statement - product = com.kms.katalon.core.webui.keyword.WebUiBuiltInKeywords.modifyObjectProperty(product, "xpath", "equals", "//*[@id = "fldvendor" + row + ""]", true): Modify property of object successfully

2018-05-21 10:15:05 - [MESSAGE][PASSED] - Modify property of object successfully

2018-05-21 10:15:05 - [TEST_STEP][PASSED] - selectOptionByIndex: All options with index in [1] are selected on object ''

2018-05-21 10:15:05 - [MESSAGE][PASSED] - All options with index in [1] are selected on object ''

2018-05-21 10:15:05 - [TEST_STEP][PASSED] - Statement - batch = new com.kms.katalon.core.testobject.TestObject(): null

2018-05-21 10:15:05 - [TEST_STEP][PASSED] - Statement - batch = com.kms.katalon.core.webui.keyword.WebUiBuiltInKeywords.modifyObjectProperty(batch, "xpath", "equals", "//*[@id = "txtbthqty" + row + ""]", true): Modify property of object successfully

2018-05-21 10:15:05 - [MESSAGE][PASSED] - Modify property of object successfully

2018-05-21 10:15:05 - [TEST_STEP][PASSED] - Statement - batchqty = com.kms.katalon.core.webui.keyword.WebUiBuiltInKeywords.getAttribute(batch, "value").trim(): Attribute 'value' of object '' is: '4500'

2018-05-21 10:15:05 - [MESSAGE][PASSED] - Attribute 'value' of object '' is: '4500'

2018-05-21 10:15:05 - [TEST_STEP][PASSED] - Statement - Rqty = 100: null

2018-05-21 10:15:05 - [TEST_STEP][PASSED] - delay: Delayed 2 second(s)

2018-05-21 10:15:07 - [MESSAGE][PASSED] - Delayed 2 second(s)

2018-05-21 10:15:07 - [TEST_STEP][PASSED] - Statement - out.println("BatchQty : " + batchqty): null

2018-05-21 10:15:07 - [TEST_STEP][PASSED] - Statement - out.println("RQty : " + Rqty): null

2018-05-21 10:15:07 - [TEST_STEP][PASSED] - Statement - If (java.lang.Integer.valueOf(batchqty) >= java.lang.Integer.valueOf(Rqty)): null

2018-05-21 10:15:07 - [TEST_STEP][PASSED] - Statement - Break: null

2018-05-21 10:15:07 - [TEST_STEP][PASSED] - Statement - batchlength = new com.kms.katalon.core.testobject.TestObject(): null

2018-05-21 10:15:07 - [TEST_STEP][PASSED] - Statement - batchlength = com.kms.katalon.core.webui.keyword.WebUiBuiltInKeywords.modifyObjectProperty(batchlength, "xpath", "equals", "//*[@id = "fldvendor" + row + ""]", true): Modify property of object successfully

2018-05-21 10:15:07 - [MESSAGE][PASSED] - Modify property of object successfully

2018-05-21 10:15:07 - [TEST_STEP][PASSED] - Statement - batchsize = com.kms.katalon.core.webui.keyword.WebUiBuiltInKeywords.getNumberOfTotalOption(batchlength): 7 options of object '' counted

2018-05-21 10:15:07 - [MESSAGE][PASSED] - 7 options of object '' counted

2018-05-21 10:15:07 - [TEST_STEP][PASSED] - Statement - out.println("BatchSize : " + batchsize): null

2018-05-21 10:15:07 - [TEST_STEP][PASSED] - Statement - For ([n = 1, n <= batchsize - 1, (n++)]): null

2018-05-21 10:15:07 - [TEST_STEP][PASSED] - Statement - product = new com.kms.katalon.core.testobject.TestObject(): null

2018-05-21 10:15:07 - [TEST_STEP][PASSED] - Statement - product = com.kms.katalon.core.webui.keyword.WebUiBuiltInKeywords.modifyObjectProperty(product, "xpath", "equals", "//*[@id = "fldvendor" + row + ""]", true): Modify property of object successfully

2018-05-21 10:15:07 - [MESSAGE][PASSED] - Modify property of object successfully

2018-05-21 10:15:07 - [TEST_STEP][PASSED] - selectOptionByIndex: All options with index in [1] are selected on object ''

2018-05-21 10:15:07 - [MESSAGE][PASSED] - All options with index in [1] are selected on object ''

2018-05-21 10:15:07 - [TEST_STEP][PASSED] - Statement - batch = new com.kms.katalon.core.testobject.TestObject(): null

2018-05-21 10:15:07 - [TEST_STEP][PASSED] - Statement - batch = com.kms.katalon.core.webui.keyword.WebUiBuiltInKeywords.modifyObjectProperty(batch, "xpath", "equals", "//*[@id = "txtbthqty" + row + ""]", true): Modify property of object successfully

2018-05-21 10:15:07 - [MESSAGE][PASSED] - Modify property of object successfully

2018-05-21 10:15:07 - [TEST_STEP][PASSED] - Statement - batchqty = com.kms.katalon.core.webui.keyword.WebUiBuiltInKeywords.getAttribute(batch, "value").trim(): Attribute 'value' of object '' is: '4400'

2018-05-21 10:15:07 - [MESSAGE][PASSED] - Attribute 'value' of object '' is: '4400'

2018-05-21 10:15:07 - [TEST_STEP][PASSED] - Statement - Rqty = 100: null

2018-05-21 10:15:07 - [TEST_STEP][PASSED] - delay: Delayed 2 second(s)

2018-05-21 10:15:09 - [MESSAGE][PASSED] - Delayed 2 second(s)

2018-05-21 10:15:09 - [TEST_STEP][PASSED] - Statement - out.println("BatchQty : " + batchqty): null

2018-05-21 10:15:09 - [TEST_STEP][PASSED] - Statement - out.println("RQty : " + Rqty): null

2018-05-21 10:15:09 - [TEST_STEP][PASSED] - Statement - If (java.lang.Integer.valueOf(batchqty) >= java.lang.Integer.valueOf(Rqty)): null

2018-05-21 10:15:09 - [TEST_STEP][PASSED] - Statement - Break: null

2018-05-21 10:15:09 - [TEST_STEP][PASSED] - Statement - batchlength = new com.kms.katalon.core.testobject.TestObject(): null

2018-05-21 10:15:09 - [TEST_STEP][PASSED] - Statement - batchlength = com.kms.katalon.core.webui.keyword.WebUiBuiltInKeywords.modifyObjectProperty(batchlength, "xpath", "equals", "//*[@id = "fldvendor" + row + ""]", true): Modify property of object successfully

2018-05-21 10:15:09 - [MESSAGE][PASSED] - Modify property of object successfully

2018-05-21 10:15:09 - [TEST_STEP][PASSED] - Statement - batchsize = com.kms.katalon.core.webui.keyword.WebUiBuiltInKeywords.getNumberOfTotalOption(batchlength): 7 options of object '' counted

2018-05-21 10:15:09 - [MESSAGE][PASSED] - 7 options of object '' counted

2018-05-21 10:15:09 - [TEST_STEP][PASSED] - Statement - out.println("BatchSize : " + batchsize): null

2018-05-21 10:15:09 - [TEST_STEP][PASSED] - Statement - For ([n = 1, n <= batchsize - 1, (n++)]): null

2018-05-21 10:15:09 - [TEST_STEP][PASSED] - Statement - product = new com.kms.katalon.core.testobject.TestObject(): null

2018-05-21 10:15:09 - [TEST_STEP][PASSED] - Statement - product = com.kms.katalon.core.webui.keyword.WebUiBuiltInKeywords.modifyObjectProperty(product, "xpath", "equals", "//*[@id = "fldvendor" + row + ""]", true): Modify property of object successfully

2018-05-21 10:15:09 - [MESSAGE][PASSED] - Modify property of object successfully

2018-05-21 10:15:09 - [TEST_STEP][PASSED] - selectOptionByIndex: All options with index in [1] are selected on object ''

2018-05-21 10:15:09 - [MESSAGE][PASSED] - All options with index in [1] are selected on object ''

2018-05-21 10:15:09 - [TEST_STEP][PASSED] - Statement - batch = new com.kms.katalon.core.testobject.TestObject(): null

2018-05-21 10:15:09 - [TEST_STEP][PASSED] - Statement - batch = com.kms.katalon.core.webui.keyword.WebUiBuiltInKeywords.modifyObjectProperty(batch, "xpath", "equals", "//*[@id = "txtbthqty" + row + ""]", true): Modify property of object successfully

2018-05-21 10:15:09 - [MESSAGE][PASSED] - Modify property of object successfully

2018-05-21 10:15:09 - [TEST_STEP][PASSED] - Statement - batchqty = com.kms.katalon.core.webui.keyword.WebUiBuiltInKeywords.getAttribute(batch, "value").trim(): Attribute 'value' of object '' is: '4600'

2018-05-21 10:15:09 - [MESSAGE][PASSED] - Attribute 'value' of object '' is: '4600'

2018-05-21 10:15:09 - [TEST_STEP][PASSED] - Statement - Rqty = 100: null

2018-05-21 10:15:09 - [TEST_STEP][PASSED] - delay: Delayed 2 second(s)

2018-05-21 10:15:11 - [MESSAGE][PASSED] - Delayed 2 second(s)

2018-05-21 10:15:11 - [TEST_STEP][PASSED] - Statement - out.println("BatchQty : " + batchqty): null

2018-05-21 10:15:11 - [TEST_STEP][PASSED] - Statement - out.println("RQty : " + Rqty): null

2018-05-21 10:15:11 - [TEST_STEP][PASSED] - Statement - If (java.lang.Integer.valueOf(batchqty) >= java.lang.Integer.valueOf(Rqty)): null

2018-05-21 10:15:11 - [TEST_STEP][PASSED] - Statement - Break: null

2018-05-21 10:15:11 - [TEST_STEP][PASSED] - Statement - batchlength = new com.kms.katalon.core.testobject.TestObject(): null

2018-05-21 10:15:11 - [TEST_STEP][PASSED] - Statement - batchlength = com.kms.katalon.core.webui.keyword.WebUiBuiltInKeywords.modifyObjectProperty(batchlength, "xpath", "equals", "//*[@id = "fldvendor" + row + ""]", true): Modify property of object successfully

2018-05-21 10:15:11 - [MESSAGE][PASSED] - Modify property of object successfully

2018-05-21 10:15:11 - [TEST_STEP][PASSED] - Statement - batchsize = com.kms.katalon.core.webui.keyword.WebUiBuiltInKeywords.getNumberOfTotalOption(batchlength): 7 options of object '' counted

2018-05-21 10:15:11 - [MESSAGE][PASSED] - 7 options of object '' counted

2018-05-21 10:15:11 - [TEST_STEP][PASSED] - Statement - out.println("BatchSize : " + batchsize): null

2018-05-21 10:15:11 - [TEST_STEP][PASSED] - Statement - For ([n = 1, n <= batchsize - 1, (n++)]): null

2018-05-21 10:15:11 - [TEST_STEP][PASSED] - Statement - product = new com.kms.katalon.core.testobject.TestObject(): null

2018-05-21 10:15:11 - [TEST_STEP][PASSED] - Statement - product = com.kms.katalon.core.webui.keyword.WebUiBuiltInKeywords.modifyObjectProperty(product, "xpath", "equals", "//*[@id = "fldvendor" + row + ""]", true): Modify property of object successfully

2018-05-21 10:15:11 - [MESSAGE][PASSED] - Modify property of object successfully

2018-05-21 10:15:11 - [TEST_STEP][PASSED] - selectOptionByIndex: All options with index in [1] are selected on object ''

2018-05-21 10:15:12 - [MESSAGE][PASSED] - All options with index in [1] are selected on object ''

2018-05-21 10:15:12 - [TEST_STEP][PASSED] - Statement - batch = new com.kms.katalon.core.testobject.TestObject(): null

2018-05-21 10:15:12 - [TEST_STEP][PASSED] - Statement - batch = com.kms.katalon.core.webui.keyword.WebUiBuiltInKeywords.modifyObjectProperty(batch, "xpath", "equals", "//*[@id = "txtbthqty" + row + ""]", true): Modify property of object successfully

2018-05-21 10:15:12 - [MESSAGE][PASSED] - Modify property of object successfully

2018-05-21 10:15:12 - [TEST_STEP][PASSED] - Statement - batchqty = com.kms.katalon.core.webui.keyword.WebUiBuiltInKeywords.getAttribute(batch, "value").trim(): Attribute 'value' of object '' is: '4400'

2018-05-21 10:15:12 - [MESSAGE][PASSED] - Attribute 'value' of object '' is: '4400'

2018-05-21 10:15:12 - [TEST_STEP][PASSED] - Statement - Rqty = 100: null

2018-05-21 10:15:12 - [TEST_STEP][PASSED] - delay: Delayed 2 second(s)

2018-05-21 10:15:14 - [MESSAGE][PASSED] - Delayed 2 second(s)

2018-05-21 10:15:14 - [TEST_STEP][PASSED] - Statement - out.println("BatchQty : " + batchqty): null

2018-05-21 10:15:14 - [TEST_STEP][PASSED] - Statement - out.println("RQty : " + Rqty): null

2018-05-21 10:15:14 - [TEST_STEP][PASSED] - Statement - If (java.lang.Integer.valueOf(batchqty) >= java.lang.Integer.valueOf(Rqty)): null

2018-05-21 10:15:14 - [TEST_STEP][PASSED] - Statement - Break: null

2018-05-21 10:15:14 - [TEST_STEP][PASSED] - Statement - batchlength = new com.kms.katalon.core.testobject.TestObject(): null

2018-05-21 10:15:14 - [TEST_STEP][PASSED] - Statement - batchlength = com.kms.katalon.core.webui.keyword.WebUiBuiltInKeywords.modifyObjectProperty(batchlength, "xpath", "equals", "//*[@id = "fldvendor" + row + ""]", true): Modify property of object successfully

2018-05-21 10:15:14 - [MESSAGE][PASSED] - Modify property of object successfully

2018-05-21 10:15:14 - [TEST_STEP][PASSED] - Statement - batchsize = com.kms.katalon.core.webui.keyword.WebUiBuiltInKeywords.getNumberOfTotalOption(batchlength): 7 options of object '' counted

2018-05-21 10:15:14 - [MESSAGE][PASSED] - 7 options of object '' counted

2018-05-21 10:15:14 - [TEST_STEP][PASSED] - Statement - out.println("BatchSize : " + batchsize): null

2018-05-21 10:15:14 - [TEST_STEP][PASSED] - Statement - For ([n = 1, n <= batchsize - 1, (n++)]): null

2018-05-21 10:15:14 - [TEST_STEP][PASSED] - Statement - product = new com.kms.katalon.core.testobject.TestObject(): null

2018-05-21 10:15:14 - [TEST_STEP][PASSED] - Statement - product = com.kms.katalon.core.webui.keyword.WebUiBuiltInKeywords.modifyObjectProperty(product, "xpath", "equals", "//*[@id = "fldvendor" + row + ""]", true): Modify property of object successfully

2018-05-21 10:15:14 - [MESSAGE][PASSED] - Modify property of object successfully

2018-05-21 10:15:14 - [TEST_STEP][PASSED] - selectOptionByIndex: All options with index in [1] are selected on object ''

2018-05-21 10:15:14 - [MESSAGE][PASSED] - All options with index in [1] are selected on object ''

2018-05-21 10:15:14 - [TEST_STEP][PASSED] - Statement - batch = new com.kms.katalon.core.testobject.TestObject(): null

2018-05-21 10:15:14 - [TEST_STEP][PASSED] - Statement - batch = com.kms.katalon.core.webui.keyword.WebUiBuiltInKeywords.modifyObjectProperty(batch, "xpath", "equals", "//*[@id = "txtbthqty" + row + ""]", true): Modify property of object successfully

2018-05-21 10:15:14 - [MESSAGE][PASSED] - Modify property of object successfully

2018-05-21 10:15:14 - [TEST_STEP][PASSED] - Statement - batchqty = com.kms.katalon.core.webui.keyword.WebUiBuiltInKeywords.getAttribute(batch, "value").trim(): Attribute 'value' of object '' is: '4400'

2018-05-21 10:15:14 - [MESSAGE][PASSED] - Attribute 'value' of object '' is: '4400'

2018-05-21 10:15:14 - [TEST_STEP][PASSED] - Statement - Rqty = 100: null

2018-05-21 10:15:14 - [TEST_STEP][PASSED] - delay: Delayed 2 second(s)

2018-05-21 10:15:16 - [MESSAGE][PASSED] - Delayed 2 second(s)

2018-05-21 10:15:16 - [TEST_STEP][PASSED] - Statement - out.println("BatchQty : " + batchqty): null

2018-05-21 10:15:16 - [TEST_STEP][PASSED] - Statement - out.println("RQty : " + Rqty): null

2018-05-21 10:15:16 - [TEST_STEP][PASSED] - Statement - If (java.lang.Integer.valueOf(batchqty) >= java.lang.Integer.valueOf(Rqty)): null

2018-05-21 10:15:16 - [TEST_STEP][PASSED] - Statement - Break: null

2018-05-21 10:15:16 - [TEST_STEP][PASSED] - Statement - batchlength = new com.kms.katalon.core.testobject.TestObject(): null

2018-05-21 10:15:16 - [TEST_STEP][PASSED] - Statement - batchlength = com.kms.katalon.core.webui.keyword.WebUiBuiltInKeywords.modifyObjectProperty(batchlength, "xpath", "equals", "//*[@id = "fldvendor" + row + ""]", true): Modify property of object successfully

2018-05-21 10:15:16 - [MESSAGE][PASSED] - Modify property of object successfully

2018-05-21 10:15:16 - [TEST_STEP][PASSED] - Statement - batchsize = com.kms.katalon.core.webui.keyword.WebUiBuiltInKeywords.getNumberOfTotalOption(batchlength): 7 options of object '' counted

2018-05-21 10:15:16 - [MESSAGE][PASSED] - 7 options of object '' counted

2018-05-21 10:15:16 - [TEST_STEP][PASSED] - Statement - out.println("BatchSize : " + batchsize): null

2018-05-21 10:15:16 - [TEST_STEP][PASSED] - Statement - For ([n = 1, n <= batchsize - 1, (n++)]): null

2018-05-21 10:15:16 - [TEST_STEP][PASSED] - Statement - product = new com.kms.katalon.core.testobject.TestObject(): null

2018-05-21 10:15:16 - [TEST_STEP][PASSED] - Statement - product = com.kms.katalon.core.webui.keyword.WebUiBuiltInKeywords.modifyObjectProperty(product, "xpath", "equals", "//*[@id = "fldvendor" + row + ""]", true): Modify property of object successfully

2018-05-21 10:15:16 - [MESSAGE][PASSED] - Modify property of object successfully

2018-05-21 10:15:16 - [TEST_STEP][PASSED] - selectOptionByIndex: All options with index in [1] are selected on object ''

2018-05-21 10:15:16 - [MESSAGE][PASSED] - All options with index in [1] are selected on object ''

2018-05-21 10:15:16 - [TEST_STEP][PASSED] - Statement - batch = new com.kms.katalon.core.testobject.TestObject(): null

2018-05-21 10:15:16 - [TEST_STEP][PASSED] - Statement - batch = com.kms.katalon.core.webui.keyword.WebUiBuiltInKeywords.modifyObjectProperty(batch, "xpath", "equals", "//*[@id = "txtbthqty" + row + ""]", true): Modify property of object successfully

2018-05-21 10:15:16 - [MESSAGE][PASSED] - Modify property of object successfully

2018-05-21 10:15:16 - [TEST_STEP][PASSED] - Statement - batchqty = com.kms.katalon.core.webui.keyword.WebUiBuiltInKeywords.getAttribute(batch, "value").trim(): Attribute 'value' of object '' is: '4600'

2018-05-21 10:15:16 - [MESSAGE][PASSED] - Attribute 'value' of object '' is: '4600'

2018-05-21 10:15:16 - [TEST_STEP][PASSED] - Statement - Rqty = 100: null

2018-05-21 10:15:16 - [TEST_STEP][PASSED] - delay: Delayed 2 second(s)

2018-05-21 10:15:18 - [MESSAGE][PASSED] - Delayed 2 second(s)

2018-05-21 10:15:18 - [TEST_STEP][PASSED] - Statement - out.println("BatchQty : " + batchqty): null

2018-05-21 10:15:18 - [TEST_STEP][PASSED] - Statement - out.println("RQty : " + Rqty): null

2018-05-21 10:15:18 - [TEST_STEP][PASSED] - Statement - If (java.lang.Integer.valueOf(batchqty) >= java.lang.Integer.valueOf(Rqty)): null

2018-05-21 10:15:18 - [TEST_STEP][PASSED] - Statement - Break: null

2018-05-21 10:15:18 - [TEST_STEP][PASSED] - Statement - batchlength = new com.kms.katalon.core.testobject.TestObject(): null

2018-05-21 10:15:18 - [TEST_STEP][PASSED] - Statement - batchlength = com.kms.katalon.core.webui.keyword.WebUiBuiltInKeywords.modifyObjectProperty(batchlength, "xpath", "equals", "//*[@id = "fldvendor" + row + ""]", true): Modify property of object successfully

2018-05-21 10:15:18 - [MESSAGE][PASSED] - Modify property of object successfully

2018-05-21 10:15:18 - [TEST_STEP][PASSED] - Statement - batchsize = com.kms.katalon.core.webui.keyword.WebUiBuiltInKeywords.getNumberOfTotalOption(batchlength): 7 options of object '' counted

2018-05-21 10:15:18 - [MESSAGE][PASSED] - 7 options of object '' counted

2018-05-21 10:15:18 - [TEST_STEP][PASSED] - Statement - out.println("BatchSize : " + batchsize): null

2018-05-21 10:15:18 - [TEST_STEP][PASSED] - Statement - For ([n = 1, n <= batchsize - 1, (n++)]): null

2018-05-21 10:15:18 - [TEST_STEP][PASSED] - Statement - product = new com.kms.katalon.core.testobject.TestObject(): null

2018-05-21 10:15:18 - [TEST_STEP][PASSED] - Statement - product = com.kms.katalon.core.webui.keyword.WebUiBuiltInKeywords.modifyObjectProperty(product, "xpath", "equals", "//*[@id = "fldvendor" + row + ""]", true): Modify property of object successfully

2018-05-21 10:15:18 - [MESSAGE][PASSED] - Modify property of object successfully

2018-05-21 10:15:18 - [TEST_STEP][PASSED] - selectOptionByIndex: All options with index in [1] are selected on object ''

2018-05-21 10:15:18 - [MESSAGE][PASSED] - All options with index in [1] are selected on object ''

2018-05-21 10:15:18 - [TEST_STEP][PASSED] - Statement - batch = new com.kms.katalon.core.testobject.TestObject(): null

2018-05-21 10:15:18 - [TEST_STEP][PASSED] - Statement - batch = com.kms.katalon.core.webui.keyword.WebUiBuiltInKeywords.modifyObjectProperty(batch, "xpath", "equals", "//*[@id = "txtbthqty" + row + ""]", true): Modify property of object successfully

2018-05-21 10:15:18 - [MESSAGE][PASSED] - Modify property of object successfully

2018-05-21 10:15:18 - [TEST_STEP][PASSED] - Statement - batchqty = com.kms.katalon.core.webui.keyword.WebUiBuiltInKeywords.getAttribute(batch, "value").trim(): Attribute 'value' of object '' is: '39500'

2018-05-21 10:15:18 - [MESSAGE][PASSED] - Attribute 'value' of object '' is: '39500'

2018-05-21 10:15:18 - [TEST_STEP][PASSED] - Statement - Rqty = 100: null

2018-05-21 10:15:18 - [TEST_STEP][PASSED] - delay: Delayed 2 second(s)

2018-05-21 10:15:20 - [MESSAGE][PASSED] - Delayed 2 second(s)

2018-05-21 10:15:20 - [TEST_STEP][PASSED] - Statement - out.println("BatchQty : " + batchqty): null

2018-05-21 10:15:20 - [TEST_STEP][PASSED] - Statement - out.println("RQty : " + Rqty): null

2018-05-21 10:15:20 - [TEST_STEP][PASSED] - Statement - If (java.lang.Integer.valueOf(batchqty) >= java.lang.Integer.valueOf(Rqty)): null

2018-05-21 10:15:20 - [TEST_STEP][PASSED] - Statement - Break: null

2018-05-21 10:15:20 - [TEST_STEP][PASSED] - Statement - batchlength = new com.kms.katalon.core.testobject.TestObject(): null

2018-05-21 10:15:20 - [TEST_STEP][PASSED] - Statement - batchlength = com.kms.katalon.core.webui.keyword.WebUiBuiltInKeywords.modifyObjectProperty(batchlength, "xpath", "equals", "//*[@id = "fldvendor" + row + ""]", true): Modify property of object successfully

2018-05-21 10:15:20 - [MESSAGE][PASSED] - Modify property of object successfully

2018-05-21 10:15:20 - [TEST_STEP][PASSED] - Statement - batchsize = com.kms.katalon.core.webui.keyword.WebUiBuiltInKeywords.getNumberOfTotalOption(batchlength): 7 options of object '' counted

2018-05-21 10:15:21 - [MESSAGE][PASSED] - 7 options of object '' counted

2018-05-21 10:15:21 - [TEST_STEP][PASSED] - Statement - out.println("BatchSize : " + batchsize): null

2018-05-21 10:15:21 - [TEST_STEP][PASSED] - Statement - For ([n = 1, n <= batchsize - 1, (n++)]): null

2018-05-21 10:15:21 - [TEST_STEP][PASSED] - Statement - product = new com.kms.katalon.core.testobject.TestObject(): null

2018-05-21 10:15:21 - [TEST_STEP][PASSED] - Statement - product = com.kms.katalon.core.webui.keyword.WebUiBuiltInKeywords.modifyObjectProperty(product, "xpath", "equals", "//*[@id = "fldvendor" + row + ""]", true): Modify property of object successfully

2018-05-21 10:15:21 - [MESSAGE][PASSED] - Modify property of object successfully

2018-05-21 10:15:21 - [TEST_STEP][PASSED] - selectOptionByIndex: All options with index in [1] are selected on object ''

2018-05-21 10:15:21 - [MESSAGE][PASSED] - All options with index in [1] are selected on object ''

2018-05-21 10:15:21 - [TEST_STEP][PASSED] - Statement - batch = new com.kms.katalon.core.testobject.TestObject(): null

2018-05-21 10:15:21 - [TEST_STEP][PASSED] - Statement - batch = com.kms.katalon.core.webui.keyword.WebUiBuiltInKeywords.modifyObjectProperty(batch, "xpath", "equals", "//*[@id = "txtbthqty" + row + ""]", true): Modify property of object successfully

2018-05-21 10:15:21 - [MESSAGE][PASSED] - Modify property of object successfully

2018-05-21 10:15:21 - [TEST_STEP][PASSED] - Statement - batchqty = com.kms.katalon.core.webui.keyword.WebUiBuiltInKeywords.getAttribute(batch, "value").trim(): Attribute 'value' of object '' is: '4600'

2018-05-21 10:15:21 - [MESSAGE][PASSED] - Attribute 'value' of object '' is: '4600'

2018-05-21 10:15:21 - [TEST_STEP][PASSED] - Statement - Rqty = 100: null

2018-05-21 10:15:21 - [TEST_STEP][PASSED] - delay: Delayed 2 second(s)

2018-05-21 10:15:23 - [MESSAGE][PASSED] - Delayed 2 second(s)

2018-05-21 10:15:23 - [TEST_STEP][PASSED] - Statement - out.println("BatchQty : " + batchqty): null

2018-05-21 10:15:23 - [TEST_STEP][PASSED] - Statement - out.println("RQty : " + Rqty): null

2018-05-21 10:15:23 - [TEST_STEP][PASSED] - Statement - If (java.lang.Integer.valueOf(batchqty) >= java.lang.Integer.valueOf(Rqty)): null

2018-05-21 10:15:23 - [TEST_STEP][PASSED] - Statement - Break: null

2018-05-21 10:15:23 - [TEST_STEP][PASSED] - Statement - batchlength = new com.kms.katalon.core.testobject.TestObject(): null

2018-05-21 10:15:23 - [TEST_STEP][PASSED] - Statement - batchlength = com.kms.katalon.core.webui.keyword.WebUiBuiltInKeywords.modifyObjectProperty(batchlength, "xpath", "equals", "//*[@id = "fldvendor" + row + ""]", true): Modify property of object successfully

2018-05-21 10:15:23 - [MESSAGE][PASSED] - Modify property of object successfully

2018-05-21 10:15:23 - [TEST_STEP][PASSED] - Statement - batchsize = com.kms.katalon.core.webui.keyword.WebUiBuiltInKeywords.getNumberOfTotalOption(batchlength): 7 options of object '' counted

2018-05-21 10:15:23 - [MESSAGE][PASSED] - 7 options of object '' counted

2018-05-21 10:15:23 - [TEST_STEP][PASSED] - Statement - out.println("BatchSize : " + batchsize): null

2018-05-21 10:15:23 - [TEST_STEP][PASSED] - Statement - For ([n = 1, n <= batchsize - 1, (n++)]): null

2018-05-21 10:15:23 - [TEST_STEP][PASSED] - Statement - product = new com.kms.katalon.core.testobject.TestObject(): null

2018-05-21 10:15:23 - [TEST_STEP][PASSED] - Statement - product = com.kms.katalon.core.webui.keyword.WebUiBuiltInKeywords.modifyObjectProperty(product, "xpath", "equals", "//*[@id = "fldvendor" + row + ""]", true): Modify property of object successfully

2018-05-21 10:15:23 - [MESSAGE][PASSED] - Modify property of object successfully

2018-05-21 10:15:23 - [TEST_STEP][PASSED] - selectOptionByIndex: All options with index in [1] are selected on object ''

2018-05-21 10:15:23 - [MESSAGE][PASSED] - All options with index in [1] are selected on object ''

2018-05-21 10:15:23 - [TEST_STEP][PASSED] - Statement - batch = new com.kms.katalon.core.testobject.TestObject(): null

2018-05-21 10:15:23 - [TEST_STEP][PASSED] - Statement - batch = com.kms.katalon.core.webui.keyword.WebUiBuiltInKeywords.modifyObjectProperty(batch, "xpath", "equals", "//*[@id = "txtbthqty" + row + ""]", true): Modify property of object successfully

2018-05-21 10:15:23 - [MESSAGE][PASSED] - Modify property of object successfully

2018-05-21 10:15:23 - [TEST_STEP][PASSED] - Statement - batchqty = com.kms.katalon.core.webui.keyword.WebUiBuiltInKeywords.getAttribute(batch, "value").trim(): Attribute 'value' of object '' is: '4600'

2018-05-21 10:15:23 - [MESSAGE][PASSED] - Attribute 'value' of object '' is: '4600'

2018-05-21 10:15:23 - [TEST_STEP][PASSED] - Statement - Rqty = 100: null

2018-05-21 10:15:23 - [TEST_STEP][PASSED] - delay: Delayed 2 second(s)

2018-05-21 10:15:25 - [MESSAGE][PASSED] - Delayed 2 second(s)

2018-05-21 10:15:25 - [TEST_STEP][PASSED] - Statement - out.println("BatchQty : " + batchqty): null

2018-05-21 10:15:25 - [TEST_STEP][PASSED] - Statement - out.println("RQty : " + Rqty): null

2018-05-21 10:15:25 - [TEST_STEP][PASSED] - Statement - If (java.lang.Integer.valueOf(batchqty) >= java.lang.Integer.valueOf(Rqty)): null

2018-05-21 10:15:25 - [TEST_STEP][PASSED] - Statement - Break: null

2018-05-21 10:15:25 - [TEST_STEP][PASSED] - Statement - batchlength = new com.kms.katalon.core.testobject.TestObject(): null

2018-05-21 10:15:25 - [TEST_STEP][PASSED] - Statement - batchlength = com.kms.katalon.core.webui.keyword.WebUiBuiltInKeywords.modifyObjectProperty(batchlength, "xpath", "equals", "//*[@id = "fldvendor" + row + ""]", true): Modify property of object successfully

2018-05-21 10:15:25 - [MESSAGE][PASSED] - Modify property of object successfully

2018-05-21 10:15:25 - [TEST_STEP][PASSED] - Statement - batchsize = com.kms.katalon.core.webui.keyword.WebUiBuiltInKeywords.getNumberOfTotalOption(batchlength): 7 options of object '' counted

2018-05-21 10:15:25 - [MESSAGE][PASSED] - 7 options of object '' counted

2018-05-21 10:15:25 - [TEST_STEP][PASSED] - Statement - out.println("BatchSize : " + batchsize): null

2018-05-21 10:15:25 - [TEST_STEP][PASSED] - Statement - For ([n = 1, n <= batchsize - 1, (n++)]): null

2018-05-21 10:15:25 - [TEST_STEP][PASSED] - Statement - product = new com.kms.katalon.core.testobject.TestObject(): null

2018-05-21 10:15:25 - [TEST_STEP][PASSED] - Statement - product = com.kms.katalon.core.webui.keyword.WebUiBuiltInKeywords.modifyObjectProperty(product, "xpath", "equals", "//*[@id = "fldvendor" + row + ""]", true): Modify property of object successfully

2018-05-21 10:15:25 - [MESSAGE][PASSED] - Modify property of object successfully

2018-05-21 10:15:25 - [TEST_STEP][PASSED] - selectOptionByIndex: All options with index in [1] are selected on object ''

2018-05-21 10:15:25 - [MESSAGE][PASSED] - All options with index in [1] are selected on object ''

2018-05-21 10:15:25 - [TEST_STEP][PASSED] - Statement - batch = new com.kms.katalon.core.testobject.TestObject(): null

2018-05-21 10:15:25 - [TEST_STEP][PASSED] - Statement - batch = com.kms.katalon.core.webui.keyword.WebUiBuiltInKeywords.modifyObjectProperty(batch, "xpath", "equals", "//*[@id = "txtbthqty" + row + ""]", true): Modify property of object successfully

2018-05-21 10:15:25 - [MESSAGE][PASSED] - Modify property of object successfully

2018-05-21 10:15:25 - [TEST_STEP][PASSED] - Statement - batchqty = com.kms.katalon.core.webui.keyword.WebUiBuiltInKeywords.getAttribute(batch, "value").trim(): Attribute 'value' of object '' is: '39500'

2018-05-21 10:15:25 - [MESSAGE][PASSED] - Attribute 'value' of object '' is: '39500'

2018-05-21 10:15:25 - [TEST_STEP][PASSED] - Statement - Rqty = 100: null

2018-05-21 10:15:25 - [TEST_STEP][PASSED] - delay: Delayed 2 second(s)

2018-05-21 10:15:27 - [MESSAGE][PASSED] - Delayed 2 second(s)

2018-05-21 10:15:27 - [TEST_STEP][PASSED] - Statement - out.println("BatchQty : " + batchqty): null

2018-05-21 10:15:27 - [TEST_STEP][PASSED] - Statement - out.println("RQty : " + Rqty): null

2018-05-21 10:15:27 - [TEST_STEP][PASSED] - Statement - If (java.lang.Integer.valueOf(batchqty) >= java.lang.Integer.valueOf(Rqty)): null

2018-05-21 10:15:27 - [TEST_STEP][PASSED] - Statement - Break: null

2018-05-21 10:15:27 - [TEST_STEP][PASSED] - Statement - batchlength = new com.kms.katalon.core.testobject.TestObject(): null

2018-05-21 10:15:27 - [TEST_STEP][PASSED] - Statement - batchlength = com.kms.katalon.core.webui.keyword.WebUiBuiltInKeywords.modifyObjectProperty(batchlength, "xpath", "equals", "//*[@id = "fldvendor" + row + ""]", true): Modify property of object successfully

2018-05-21 10:15:27 - [MESSAGE][PASSED] - Modify property of object successfully

2018-05-21 10:15:27 - [TEST_STEP][PASSED] - Statement - batchsize = com.kms.katalon.core.webui.keyword.WebUiBuiltInKeywords.getNumberOfTotalOption(batchlength): 7 options of object '' counted

2018-05-21 10:15:27 - [MESSAGE][PASSED] - 7 options of object '' counted

2018-05-21 10:15:27 - [TEST_STEP][PASSED] - Statement - out.println("BatchSize : " + batchsize): null

2018-05-21 10:15:27 - [TEST_STEP][PASSED] - Statement - For ([n = 1, n <= batchsize - 1, (n++)]): null

2018-05-21 10:15:27 - [TEST_STEP][PASSED] - Statement - product = new com.kms.katalon.core.testobject.TestObject(): null

2018-05-21 10:15:27 - [TEST_STEP][PASSED] - Statement - product = com.kms.katalon.core.webui.keyword.WebUiBuiltInKeywords.modifyObjectProperty(product, "xpath", "equals", "//*[@id = "fldvendor" + row + ""]", true): Modify property of object successfully

2018-05-21 10:15:27 - [MESSAGE][PASSED] - Modify property of object successfully

2018-05-21 10:15:27 - [TEST_STEP][PASSED] - selectOptionByIndex: All options with index in [1] are selected on object ''

2018-05-21 10:15:27 - [MESSAGE][PASSED] - All options with index in [1] are selected on object ''

2018-05-21 10:15:27 - [TEST_STEP][PASSED] - Statement - batch = new com.kms.katalon.core.testobject.TestObject(): null

2018-05-21 10:15:27 - [TEST_STEP][PASSED] - Statement - batch = com.kms.katalon.core.webui.keyword.WebUiBuiltInKeywords.modifyObjectProperty(batch, "xpath", "equals", "//*[@id = "txtbthqty" + row + ""]", true): Modify property of object successfully

2018-05-21 10:15:27 - [MESSAGE][PASSED] - Modify property of object successfully

2018-05-21 10:15:27 - [TEST_STEP][PASSED] - Statement - batchqty = com.kms.katalon.core.webui.keyword.WebUiBuiltInKeywords.getAttribute(batch, "value").trim(): Attribute 'value' of object '' is: '39500'

2018-05-21 10:15:27 - [MESSAGE][PASSED] - Attribute 'value' of object '' is: '39500'

2018-05-21 10:15:27 - [TEST_STEP][PASSED] - Statement - Rqty = 100: null

2018-05-21 10:15:27 - [TEST_STEP][PASSED] - delay: Delayed 2 second(s)

2018-05-21 10:15:29 - [MESSAGE][PASSED] - Delayed 2 second(s)

2018-05-21 10:15:29 - [TEST_STEP][PASSED] - Statement - out.println("BatchQty : " + batchqty): null

2018-05-21 10:15:29 - [TEST_STEP][PASSED] - Statement - out.println("RQty : " + Rqty): null

2018-05-21 10:15:29 - [TEST_STEP][PASSED] - Statement - If (java.lang.Integer.valueOf(batchqty) >= java.lang.Integer.valueOf(Rqty)): null

2018-05-21 10:15:29 - [TEST_STEP][PASSED] - Statement - Break: null

2018-05-21 10:15:29 - [TEST_STEP][PASSED] - Statement - batchlength = new com.kms.katalon.core.testobject.TestObject(): null

2018-05-21 10:15:29 - [TEST_STEP][PASSED] - Statement - batchlength = com.kms.katalon.core.webui.keyword.WebUiBuiltInKeywords.modifyObjectProperty(batchlength, "xpath", "equals", "//*[@id = "fldvendor" + row + ""]", true): Modify property of object successfully

2018-05-21 10:15:29 - [MESSAGE][PASSED] - Modify property of object successfully

2018-05-21 10:15:29 - [TEST_STEP][PASSED] - Statement - batchsize = com.kms.katalon.core.webui.keyword.WebUiBuiltInKeywords.getNumberOfTotalOption(batchlength): 7 options of object '' counted

2018-05-21 10:15:30 - [MESSAGE][PASSED] - 7 options of object '' counted

2018-05-21 10:15:30 - [TEST_STEP][PASSED] - Statement - out.println("BatchSize : " + batchsize): null

2018-05-21 10:15:30 - [TEST_STEP][PASSED] - Statement - For ([n = 1, n <= batchsize - 1, (n++)]): null

2018-05-21 10:15:30 - [TEST_STEP][PASSED] - Statement - product = new com.kms.katalon.core.testobject.TestObject(): null

2018-05-21 10:15:30 - [TEST_STEP][PASSED] - Statement - product = com.kms.katalon.core.webui.keyword.WebUiBuiltInKeywords.modifyObjectProperty(product, "xpath", "equals", "//*[@id = "fldvendor" + row + ""]", true): Modify property of object successfully

2018-05-21 10:15:30 - [MESSAGE][PASSED] - Modify property of object successfully

2018-05-21 10:15:30 - [TEST_STEP][PASSED] - selectOptionByIndex: All options with index in [1] are selected on object ''

2018-05-21 10:15:30 - [MESSAGE][PASSED] - All options with index in [1] are selected on object ''

2018-05-21 10:15:30 - [TEST_STEP][PASSED] - Statement - batch = new com.kms.katalon.core.testobject.TestObject(): null

2018-05-21 10:15:30 - [TEST_STEP][PASSED] - Statement - batch = com.kms.katalon.core.webui.keyword.WebUiBuiltInKeywords.modifyObjectProperty(batch, "xpath", "equals", "//*[@id = "txtbthqty" + row + ""]", true): Modify property of object successfully

2018-05-21 10:15:30 - [MESSAGE][PASSED] - Modify property of object successfully

2018-05-21 10:15:30 - [TEST_STEP][PASSED] - Statement - batchqty = com.kms.katalon.core.webui.keyword.WebUiBuiltInKeywords.getAttribute(batch, "value").trim(): Attribute 'value' of object '' is: '39500'

2018-05-21 10:15:30 - [MESSAGE][PASSED] - Attribute 'value' of object '' is: '39500'

2018-05-21 10:15:30 - [TEST_STEP][PASSED] - Statement - Rqty = 100: null

2018-05-21 10:15:30 - [TEST_STEP][PASSED] - delay: Delayed 2 second(s)

2018-05-21 10:15:32 - [MESSAGE][PASSED] - Delayed 2 second(s)

2018-05-21 10:15:32 - [TEST_STEP][PASSED] - Statement - out.println("BatchQty : " + batchqty): null

2018-05-21 10:15:32 - [TEST_STEP][PASSED] - Statement - out.println("RQty : " + Rqty): null

2018-05-21 10:15:32 - [TEST_STEP][PASSED] - Statement - If (java.lang.Integer.valueOf(batchqty) >= java.lang.Integer.valueOf(Rqty)): null

2018-05-21 10:15:32 - [TEST_STEP][PASSED] - Statement - Break: null

2018-05-21 10:15:32 - [TEST_STEP][PASSED] - Statement - batchlength = new com.kms.katalon.core.testobject.TestObject(): null

2018-05-21 10:15:32 - [TEST_STEP][PASSED] - Statement - batchlength = com.kms.katalon.core.webui.keyword.WebUiBuiltInKeywords.modifyObjectProperty(batchlength, "xpath", "equals", "//*[@id = "fldvendor" + row + ""]", true): Modify property of object successfully

2018-05-21 10:15:32 - [MESSAGE][PASSED] - Modify property of object successfully

2018-05-21 10:15:32 - [TEST_STEP][PASSED] - Statement - batchsize = com.kms.katalon.core.webui.keyword.WebUiBuiltInKeywords.getNumberOfTotalOption(batchlength): 7 options of object '' counted

2018-05-21 10:15:32 - [MESSAGE][PASSED] - 7 options of object '' counted

2018-05-21 10:15:32 - [TEST_STEP][PASSED] - Statement - out.println("BatchSize : " + batchsize): null

2018-05-21 10:15:32 - [TEST_STEP][PASSED] - Statement - For ([n = 1, n <= batchsize - 1, (n++)]): null

2018-05-21 10:15:32 - [TEST_STEP][PASSED] - Statement - product = new com.kms.katalon.core.testobject.TestObject(): null

2018-05-21 10:15:32 - [TEST_STEP][PASSED] - Statement - product = com.kms.katalon.core.webui.keyword.WebUiBuiltInKeywords.modifyObjectProperty(product, "xpath", "equals", "//*[@id = "fldvendor" + row + ""]", true): Modify property of object successfully

2018-05-21 10:15:32 - [MESSAGE][PASSED] - Modify property of object successfully

2018-05-21 10:15:32 - [TEST_STEP][PASSED] - selectOptionByIndex: All options with index in [1] are selected on object ''

2018-05-21 10:15:32 - [MESSAGE][PASSED] - All options with index in [1] are selected on object ''

2018-05-21 10:15:32 - [TEST_STEP][PASSED] - Statement - batch = new com.kms.katalon.core.testobject.TestObject(): null

2018-05-21 10:15:32 - [TEST_STEP][PASSED] - Statement - batch = com.kms.katalon.core.webui.keyword.WebUiBuiltInKeywords.modifyObjectProperty(batch, "xpath", "equals", "//*[@id = "txtbthqty" + row + ""]", true): Modify property of object successfully

2018-05-21 10:15:32 - [MESSAGE][PASSED] - Modify property of object successfully

2018-05-21 10:15:32 - [TEST_STEP][PASSED] - Statement - batchqty = com.kms.katalon.core.webui.keyword.WebUiBuiltInKeywords.getAttribute(batch, "value").trim(): Attribute 'value' of object '' is: '4500'

2018-05-21 10:15:32 - [MESSAGE][PASSED] - Attribute 'value' of object '' is: '4500'

2018-05-21 10:15:32 - [TEST_STEP][PASSED] - Statement - Rqty = 100: null

2018-05-21 10:15:32 - [TEST_STEP][PASSED] - delay: Delayed 2 second(s)

2018-05-21 10:15:34 - [MESSAGE][PASSED] - Delayed 2 second(s)

2018-05-21 10:15:34 - [TEST_STEP][PASSED] - Statement - out.println("BatchQty : " + batchqty): null

2018-05-21 10:15:34 - [TEST_STEP][PASSED] - Statement - out.println("RQty : " + Rqty): null

2018-05-21 10:15:34 - [TEST_STEP][PASSED] - Statement - If (java.lang.Integer.valueOf(batchqty) >= java.lang.Integer.valueOf(Rqty)): null

2018-05-21 10:15:34 - [TEST_STEP][PASSED] - Statement - Break: null

2018-05-21 10:15:34 - [TEST_STEP][PASSED] - delay: Delayed 2 second(s)

2018-05-21 10:15:36 - [MESSAGE][PASSED] - Delayed 2 second(s)

2018-05-21 10:15:36 - [TEST_STEP][PASSED] - click: Object: 'Object Repository/DispensaryToCms/Page_KDMC - CMS/input_btndispatch' is clicked on

2018-05-21 10:15:36 - [MESSAGE][PASSED] - Object: 'Object Repository/DispensaryToCms/Page_KDMC - CMS/input_btndispatch' is clicked on

2018-05-21 10:15:36 - [TEST_STEP][PASSED] - delay: Delayed 3 second(s)

2018-05-21 10:15:39 - [MESSAGE][PASSED] - Delayed 3 second(s)

2018-05-21 10:15:39 - [TEST_STEP][PASSED] - click: Object: 'Object Repository/DispensaryToCms/Page_KDMC - CMS/button_OK' is clicked on

2018-05-21 10:15:40 - [MESSAGE][PASSED] - Object: 'Object Repository/DispensaryToCms/Page_KDMC - CMS/button_OK' is clicked on

2018-05-21 10:15:40 - [TEST_STEP][PASSED] - delay: Delayed 3 second(s)

2018-05-21 10:15:43 - [MESSAGE][PASSED] - Delayed 3 second(s)

2018-05-21 10:15:43 - [TEST_STEP][PASSED] - click: Object: 'Object Repository/DispensaryToCms/Page_KDMC - CMS/a_dropdown-toggle' is clicked on

2018-05-21 10:15:43 - [MESSAGE][PASSED] - Object: 'Object Repository/DispensaryToCms/Page_KDMC - CMS/a_dropdown-toggle' is clicked on

2018-05-21 10:15:43 - [TEST_STEP][PASSED] - click: Object: 'Object Repository/DispensaryToCms/Page_KDMC - CMS/a_Sign out' is clicked on

2018-05-21 10:15:44 - [MESSAGE][PASSED] - Object: 'Object Repository/DispensaryToCms/Page_KDMC - CMS/a_Sign out' is clicked on

2018-05-21 10:15:44 - [TEST_STEP][PASSED] - delay: Delayed 3 second(s)

2018-05-21 10:15:47 - [MESSAGE][PASSED] - Delayed 3 second(s)

2018-05-21 10:15:47 - [TEST_STEP][PASSED] - navigateToUrl: Navigate to 'http://192.168.137.1/multihospital_new/HDSplashscreen.aspx' successfully

2018-05-21 10:15:47 - [MESSAGE][PASSED] - Navigate to 'http://192.168.137.1/multihospital_new/HDSplashscreen.aspx' successfully

2018-05-21 10:15:47 - [TEST_STEP][PASSED] - click: Object: 'Object Repository/DispensaryToCms/Page_KDMC/a_Dispensary Store' is clicked on

2018-05-21 10:15:48 - [MESSAGE][PASSED] - Object: 'Object Repository/DispensaryToCms/Page_KDMC/a_Dispensary Store' is clicked on

2018-05-21 10:15:48 - [TEST_STEP][PASSED] - setText: Text 'rajaram' is set on object 'Object Repository/DispensaryToCms/Page_Dispensary Store Login/input_txtusername'

2018-05-21 10:15:48 - [MESSAGE][PASSED] - Text 'rajaram' is set on object 'Object Repository/DispensaryToCms/Page_Dispensary Store Login/input_txtusername'

2018-05-21 10:15:48 - [TEST_STEP][PASSED] - setText: Text '123' is set on object 'Object Repository/DispensaryToCms/Page_Dispensary Store Login/input_txtpassword'

2018-05-21 10:15:48 - [MESSAGE][PASSED] - Text '123' is set on object 'Object Repository/DispensaryToCms/Page_Dispensary Store Login/input_txtpassword'

2018-05-21 10:15:48 - [TEST_STEP][PASSED] - delay: Delayed 3 second(s)

2018-05-21 10:15:51 - [MESSAGE][PASSED] - Delayed 3 second(s)

2018-05-21 10:15:51 - [TEST_STEP][PASSED] - click: Object: 'Object Repository/DispensaryToCms/Page_Dispensary Store Login/button_Sign in' is clicked on

2018-05-21 10:15:52 - [MESSAGE][PASSED] - Object: 'Object Repository/DispensaryToCms/Page_Dispensary Store Login/button_Sign in' is clicked on

2018-05-21 10:15:52 - [TEST_STEP][PASSED] - delay: Delayed 3 second(s)

2018-05-21 10:15:55 - [MESSAGE][PASSED] - Delayed 3 second(s)

2018-05-21 10:15:55 - [TEST_STEP][PASSED] - click: Object: 'Object Repository/DispensaryToCms/Page_Dispensary Store/a_CMS' is clicked on

2018-05-21 10:15:55 - [MESSAGE][PASSED] - Object: 'Object Repository/DispensaryToCms/Page_Dispensary Store/a_CMS' is clicked on

2018-05-21 10:15:55 - [TEST_STEP][PASSED] - delay: Delayed 2 second(s)

2018-05-21 10:15:57 - [MESSAGE][PASSED] - Delayed 2 second(s)

2018-05-21 10:15:57 - [TEST_STEP][PASSED] - click: Object: 'Object Repository/DispensaryToCms/Page_Dispensary Store/a_Receiving Goods' is clicked on

2018-05-21 10:15:58 - [MESSAGE][PASSED] - Object: 'Object Repository/DispensaryToCms/Page_Dispensary Store/a_Receiving Goods' is clicked on

2018-05-21 10:15:58 - [TEST_STEP][PASSED] - setText: Text 'PRNO/21052018/286' is set on object 'Object Repository/DispensaryToCms/Page_Dispensary Store/input'

2018-05-21 10:16:01 - [MESSAGE][PASSED] - Text 'PRNO/21052018/286' is set on object 'Object Repository/DispensaryToCms/Page_Dispensary Store/input'

2018-05-21 10:16:01 - [TEST_STEP][PASSED] - click: Object: 'Object Repository/DispensaryToCms/Page_Dispensary Store/input_PRNO18052018174' is clicked on

2018-05-21 10:16:01 - [MESSAGE][PASSED] - Object: 'Object Repository/DispensaryToCms/Page_Dispensary Store/input_PRNO18052018174' is clicked on

2018-05-21 10:16:01 - [TEST_STEP][PASSED] - delay: Delayed 2 second(s)

2018-05-21 10:16:03 - [MESSAGE][PASSED] - Delayed 2 second(s)

2018-05-21 10:16:03 - [TEST_STEP][PASSED] - click: Object: 'Object Repository/DispensaryToCms/Page_Dispensary Store/input_chkrem' is clicked on

2018-05-21 10:16:03 - [MESSAGE][PASSED] - Object: 'Object Repository/DispensaryToCms/Page_Dispensary Store/input_chkrem' is clicked on

2018-05-21 10:16:03 - [TEST_STEP][PASSED] - scrollToElement: Scroll to object 'Object Repository/DispensaryToCms/Page_Dispensary Store/input_btchkroqadd' successfully

2018-05-21 10:16:03 - [MESSAGE][PASSED] - Scroll to object 'Object Repository/DispensaryToCms/Page_Dispensary Store/input_btchkroqadd' successfully

2018-05-21 10:16:03 - [TEST_STEP][PASSED] - click: Object: 'Object Repository/DispensaryToCms/Page_Dispensary Store/input_btchkroqadd' is clicked on

2018-05-21 10:16:04 - [MESSAGE][PASSED] - Object: 'Object Repository/DispensaryToCms/Page_Dispensary Store/input_btchkroqadd' is clicked on

2018-05-21 10:16:04 - [TEST_STEP][PASSED] - delay: Delayed 2 second(s)

2018-05-21 10:16:06 - [MESSAGE][PASSED] - Delayed 2 second(s)

2018-05-21 10:16:06 - [TEST_STEP][PASSED] - refresh: Refresh successfully

2018-05-21 10:16:06 - [MESSAGE][PASSED] - Refresh successfully

2018-05-21 10:16:06 - [TEST_STEP][PASSED] - delay: Delayed 3 second(s)

2018-05-21 10:16:09 - [MESSAGE][PASSED] - Delayed 3 second(s)

2018-05-21 10:16:09 - [TEST_STEP][PASSED] - click: Object: 'Object Repository/DispensaryToCms/Page_Dispensary Store/a_dropdown-toggle' is clicked on

2018-05-21 10:16:09 - [MESSAGE][PASSED] - Object: 'Object Repository/DispensaryToCms/Page_Dispensary Store/a_dropdown-toggle' is clicked on

2018-05-21 10:16:09 - [TEST_STEP][PASSED] - click: Object: 'Object Repository/DispensaryToCms/Page_Dispensary Store/a_Sign out' is clicked on

2018-05-21 10:16:11 - [MESSAGE][PASSED] - Object: 'Object Repository/DispensaryToCms/Page_Dispensary Store/a_Sign out' is clicked on

2018-05-21 10:16:11 - [TEST_STEP][PASSED] - closeBrowser: Browser is closed

2018-05-21 10:16:12 - [MESSAGE][PASSED] - Browser is closed]]></system-out>
         <system-err><![CDATA[]]></system-err>
      </testcase>
      <testcase name="Test Cases/DISPENSARY TEST CASES/TC_DP_020 Verify Schedule 8 Dispensary To CMS Request Are Working Successfully Or Not" classname="Test Cases/DISPENSARY TEST CASES/TC_DP_020 Verify Schedule 8 Dispensary To CMS Request Are Working Successfully Or Not" status="PASSED">
         <system-out><![CDATA[2018-05-21 10:16:12 - [TEST_CASE][PASSED] - Test Cases/DISPENSARY TEST CASES/TC_DP_020 Verify Schedule 8 Dispensary To CMS Request Are Working Successfully Or Not: Test Cases/DISPENSARY TEST CASES/TC_DP_020 Verify Schedule 8 Dispensary To CMS Request Are Working Successfully Or Not

2018-05-21 10:16:12 - [TEST_STEP][PASSED] - openBrowser: Browser is opened with url: ''

2018-05-21 10:16:14 - [MESSAGE][PASSED] - Browser is opened with url: ''

2018-05-21 10:16:14 - [TEST_STEP][PASSED] - navigateToUrl: Navigate to 'http://192.168.137.1/multihospital_new/HDSplashscreen.aspx' successfully

2018-05-21 10:16:20 - [MESSAGE][PASSED] - Navigate to 'http://192.168.137.1/multihospital_new/HDSplashscreen.aspx' successfully

2018-05-21 10:16:20 - [TEST_STEP][PASSED] - maximizeWindow: Current window maximized

2018-05-21 10:16:21 - [MESSAGE][PASSED] - Current window maximized

2018-05-21 10:16:21 - [TEST_STEP][PASSED] - click: Object: 'Object Repository/DispensaryToCms/Page_KDMC/a_Dispensary Store' is clicked on

2018-05-21 10:16:22 - [MESSAGE][PASSED] - Object: 'Object Repository/DispensaryToCms/Page_KDMC/a_Dispensary Store' is clicked on

2018-05-21 10:16:22 - [TEST_STEP][PASSED] - setText: Text 'rajaram' is set on object 'Object Repository/DispensaryToCms/Page_Dispensary Store Login/input_txtusername'

2018-05-21 10:16:23 - [MESSAGE][PASSED] - Text 'rajaram' is set on object 'Object Repository/DispensaryToCms/Page_Dispensary Store Login/input_txtusername'

2018-05-21 10:16:23 - [TEST_STEP][PASSED] - setText: Text '123' is set on object 'Object Repository/DispensaryToCms/Page_Dispensary Store Login/input_txtpassword'

2018-05-21 10:16:23 - [MESSAGE][PASSED] - Text '123' is set on object 'Object Repository/DispensaryToCms/Page_Dispensary Store Login/input_txtpassword'

2018-05-21 10:16:23 - [TEST_STEP][PASSED] - delay: Delayed 3 second(s)

2018-05-21 10:16:26 - [MESSAGE][PASSED] - Delayed 3 second(s)

2018-05-21 10:16:26 - [TEST_STEP][PASSED] - click: Object: 'Object Repository/DispensaryToCms/Page_Dispensary Store Login/button_Sign in' is clicked on

2018-05-21 10:16:27 - [MESSAGE][PASSED] - Object: 'Object Repository/DispensaryToCms/Page_Dispensary Store Login/button_Sign in' is clicked on

2018-05-21 10:16:27 - [TEST_STEP][PASSED] - delay: Delayed 3 second(s)

2018-05-21 10:16:30 - [MESSAGE][PASSED] - Delayed 3 second(s)

2018-05-21 10:16:30 - [TEST_STEP][PASSED] - click: Object: 'Object Repository/DispensaryToCms/Page_Dispensary Store/a_CMS' is clicked on

2018-05-21 10:16:30 - [MESSAGE][PASSED] - Object: 'Object Repository/DispensaryToCms/Page_Dispensary Store/a_CMS' is clicked on

2018-05-21 10:16:30 - [TEST_STEP][PASSED] - click: Object: 'Object Repository/DispensaryToCms/Page_Dispensary Store/a_Request Send' is clicked on

2018-05-21 10:16:31 - [MESSAGE][PASSED] - Object: 'Object Repository/DispensaryToCms/Page_Dispensary Store/a_Request Send' is clicked on

2018-05-21 10:16:31 - [TEST_STEP][PASSED] - delay: Delayed 2 second(s)

2018-05-21 10:16:33 - [MESSAGE][PASSED] - Delayed 2 second(s)

2018-05-21 10:16:33 - [TEST_STEP][PASSED] - selectOptionByIndex: All options with index in [2] are selected on object 'Object Repository/DispensaryToCms/Page_Dispensary Store/select_--Select--'

2018-05-21 10:16:33 - [MESSAGE][PASSED] - All options with index in [2] are selected on object 'Object Repository/DispensaryToCms/Page_Dispensary Store/select_--Select--'

2018-05-21 10:16:33 - [TEST_STEP][PASSED] - selectOptionByIndex: All options with index in [8] are selected on object 'Object Repository/DispensaryToCms/Page_Dispensary Store/select_--Select--Schedule 1Inj'

2018-05-21 10:16:33 - [MESSAGE][PASSED] - All options with index in [8] are selected on object 'Object Repository/DispensaryToCms/Page_Dispensary Store/select_--Select--Schedule 1Inj'

2018-05-21 10:16:33 - [TEST_STEP][PASSED] - Statement - medicineslength = com.kms.katalon.core.webui.keyword.WebUiBuiltInKeywords.getNumberOfTotalOption(com.kms.katalon.core.testobject.ObjectRepository.findTestObject(DispensaryToCms/Page_Dispensary Store/select_--Select--Adernaline 0.)): 18 options of object 'Object Repository/DispensaryToCms/Page_Dispensary Store/select_--Select--Adernaline 0.' counted

2018-05-21 10:16:34 - [MESSAGE][PASSED] - 18 options of object 'Object Repository/DispensaryToCms/Page_Dispensary Store/select_--Select--Adernaline 0.' counted

2018-05-21 10:16:34 - [TEST_STEP][PASSED] - Statement - For ([e = 1, e <= medicineslength - 1, (e++)]): Object: 'Object Repository/DispensaryToCms/Page_Dispensary Store/button_Add' is clicked on

2018-05-21 10:16:34 - [TEST_STEP][PASSED] - selectOptionByIndex: All options with index in [8] are selected on object 'Object Repository/DispensaryToCms/Page_Dispensary Store/select_--Select--Schedule 1Inj'

2018-05-21 10:16:34 - [MESSAGE][PASSED] - All options with index in [8] are selected on object 'Object Repository/DispensaryToCms/Page_Dispensary Store/select_--Select--Schedule 1Inj'

2018-05-21 10:16:34 - [TEST_STEP][PASSED] - selectOptionByIndex: All options with index in [1] are selected on object 'Object Repository/DispensaryToCms/Page_Dispensary Store/select_--Select--Adernaline 0.'

2018-05-21 10:16:34 - [MESSAGE][PASSED] - All options with index in [1] are selected on object 'Object Repository/DispensaryToCms/Page_Dispensary Store/select_--Select--Adernaline 0.'

2018-05-21 10:16:34 - [TEST_STEP][PASSED] - setText: Text '100' is set on object 'Object Repository/DispensaryToCms/Page_Dispensary Store/input_txttreat'

2018-05-21 10:16:34 - [MESSAGE][PASSED] - Text '100' is set on object 'Object Repository/DispensaryToCms/Page_Dispensary Store/input_txttreat'

2018-05-21 10:16:34 - [TEST_STEP][PASSED] - click: Object: 'Object Repository/DispensaryToCms/Page_Dispensary Store/button_Add' is clicked on

2018-05-21 10:16:34 - [MESSAGE][PASSED] - Object: 'Object Repository/DispensaryToCms/Page_Dispensary Store/button_Add' is clicked on

2018-05-21 10:16:34 - [TEST_STEP][PASSED] - selectOptionByIndex: All options with index in [8] are selected on object 'Object Repository/DispensaryToCms/Page_Dispensary Store/select_--Select--Schedule 1Inj'

2018-05-21 10:16:34 - [MESSAGE][PASSED] - All options with index in [8] are selected on object 'Object Repository/DispensaryToCms/Page_Dispensary Store/select_--Select--Schedule 1Inj'

2018-05-21 10:16:34 - [TEST_STEP][PASSED] - selectOptionByIndex: All options with index in [2] are selected on object 'Object Repository/DispensaryToCms/Page_Dispensary Store/select_--Select--Adernaline 0.'

2018-05-21 10:16:34 - [MESSAGE][PASSED] - All options with index in [2] are selected on object 'Object Repository/DispensaryToCms/Page_Dispensary Store/select_--Select--Adernaline 0.'

2018-05-21 10:16:34 - [TEST_STEP][PASSED] - setText: Text '100' is set on object 'Object Repository/DispensaryToCms/Page_Dispensary Store/input_txttreat'

2018-05-21 10:16:34 - [MESSAGE][PASSED] - Text '100' is set on object 'Object Repository/DispensaryToCms/Page_Dispensary Store/input_txttreat'

2018-05-21 10:16:34 - [TEST_STEP][PASSED] - click: Object: 'Object Repository/DispensaryToCms/Page_Dispensary Store/button_Add' is clicked on

2018-05-21 10:16:35 - [MESSAGE][PASSED] - Object: 'Object Repository/DispensaryToCms/Page_Dispensary Store/button_Add' is clicked on

2018-05-21 10:16:35 - [TEST_STEP][PASSED] - selectOptionByIndex: All options with index in [8] are selected on object 'Object Repository/DispensaryToCms/Page_Dispensary Store/select_--Select--Schedule 1Inj'

2018-05-21 10:16:35 - [MESSAGE][PASSED] - All options with index in [8] are selected on object 'Object Repository/DispensaryToCms/Page_Dispensary Store/select_--Select--Schedule 1Inj'

2018-05-21 10:16:35 - [TEST_STEP][PASSED] - selectOptionByIndex: All options with index in [3] are selected on object 'Object Repository/DispensaryToCms/Page_Dispensary Store/select_--Select--Adernaline 0.'

2018-05-21 10:16:35 - [MESSAGE][PASSED] - All options with index in [3] are selected on object 'Object Repository/DispensaryToCms/Page_Dispensary Store/select_--Select--Adernaline 0.'

2018-05-21 10:16:35 - [TEST_STEP][PASSED] - setText: Text '100' is set on object 'Object Repository/DispensaryToCms/Page_Dispensary Store/input_txttreat'

2018-05-21 10:16:35 - [MESSAGE][PASSED] - Text '100' is set on object 'Object Repository/DispensaryToCms/Page_Dispensary Store/input_txttreat'

2018-05-21 10:16:35 - [TEST_STEP][PASSED] - click: Object: 'Object Repository/DispensaryToCms/Page_Dispensary Store/button_Add' is clicked on

2018-05-21 10:16:35 - [MESSAGE][PASSED] - Object: 'Object Repository/DispensaryToCms/Page_Dispensary Store/button_Add' is clicked on

2018-05-21 10:16:35 - [TEST_STEP][PASSED] - selectOptionByIndex: All options with index in [8] are selected on object 'Object Repository/DispensaryToCms/Page_Dispensary Store/select_--Select--Schedule 1Inj'

2018-05-21 10:16:35 - [MESSAGE][PASSED] - All options with index in [8] are selected on object 'Object Repository/DispensaryToCms/Page_Dispensary Store/select_--Select--Schedule 1Inj'

2018-05-21 10:16:35 - [TEST_STEP][PASSED] - selectOptionByIndex: All options with index in [4] are selected on object 'Object Repository/DispensaryToCms/Page_Dispensary Store/select_--Select--Adernaline 0.'

2018-05-21 10:16:35 - [MESSAGE][PASSED] - All options with index in [4] are selected on object 'Object Repository/DispensaryToCms/Page_Dispensary Store/select_--Select--Adernaline 0.'

2018-05-21 10:16:35 - [TEST_STEP][PASSED] - setText: Text '100' is set on object 'Object Repository/DispensaryToCms/Page_Dispensary Store/input_txttreat'

2018-05-21 10:16:36 - [MESSAGE][PASSED] - Text '100' is set on object 'Object Repository/DispensaryToCms/Page_Dispensary Store/input_txttreat'

2018-05-21 10:16:36 - [TEST_STEP][PASSED] - click: Object: 'Object Repository/DispensaryToCms/Page_Dispensary Store/button_Add' is clicked on

2018-05-21 10:16:36 - [MESSAGE][PASSED] - Object: 'Object Repository/DispensaryToCms/Page_Dispensary Store/button_Add' is clicked on

2018-05-21 10:16:36 - [TEST_STEP][PASSED] - selectOptionByIndex: All options with index in [8] are selected on object 'Object Repository/DispensaryToCms/Page_Dispensary Store/select_--Select--Schedule 1Inj'

2018-05-21 10:16:36 - [MESSAGE][PASSED] - All options with index in [8] are selected on object 'Object Repository/DispensaryToCms/Page_Dispensary Store/select_--Select--Schedule 1Inj'

2018-05-21 10:16:36 - [TEST_STEP][PASSED] - selectOptionByIndex: All options with index in [5] are selected on object 'Object Repository/DispensaryToCms/Page_Dispensary Store/select_--Select--Adernaline 0.'

2018-05-21 10:16:36 - [MESSAGE][PASSED] - All options with index in [5] are selected on object 'Object Repository/DispensaryToCms/Page_Dispensary Store/select_--Select--Adernaline 0.'

2018-05-21 10:16:36 - [TEST_STEP][PASSED] - setText: Text '100' is set on object 'Object Repository/DispensaryToCms/Page_Dispensary Store/input_txttreat'

2018-05-21 10:16:36 - [MESSAGE][PASSED] - Text '100' is set on object 'Object Repository/DispensaryToCms/Page_Dispensary Store/input_txttreat'

2018-05-21 10:16:36 - [TEST_STEP][PASSED] - click: Object: 'Object Repository/DispensaryToCms/Page_Dispensary Store/button_Add' is clicked on

2018-05-21 10:16:36 - [MESSAGE][PASSED] - Object: 'Object Repository/DispensaryToCms/Page_Dispensary Store/button_Add' is clicked on

2018-05-21 10:16:36 - [TEST_STEP][PASSED] - selectOptionByIndex: All options with index in [8] are selected on object 'Object Repository/DispensaryToCms/Page_Dispensary Store/select_--Select--Schedule 1Inj'

2018-05-21 10:16:36 - [MESSAGE][PASSED] - All options with index in [8] are selected on object 'Object Repository/DispensaryToCms/Page_Dispensary Store/select_--Select--Schedule 1Inj'

2018-05-21 10:16:36 - [TEST_STEP][PASSED] - selectOptionByIndex: All options with index in [6] are selected on object 'Object Repository/DispensaryToCms/Page_Dispensary Store/select_--Select--Adernaline 0.'

2018-05-21 10:16:37 - [MESSAGE][PASSED] - All options with index in [6] are selected on object 'Object Repository/DispensaryToCms/Page_Dispensary Store/select_--Select--Adernaline 0.'

2018-05-21 10:16:37 - [TEST_STEP][PASSED] - setText: Text '100' is set on object 'Object Repository/DispensaryToCms/Page_Dispensary Store/input_txttreat'

2018-05-21 10:16:37 - [MESSAGE][PASSED] - Text '100' is set on object 'Object Repository/DispensaryToCms/Page_Dispensary Store/input_txttreat'

2018-05-21 10:16:37 - [TEST_STEP][PASSED] - click: Object: 'Object Repository/DispensaryToCms/Page_Dispensary Store/button_Add' is clicked on

2018-05-21 10:16:37 - [MESSAGE][PASSED] - Object: 'Object Repository/DispensaryToCms/Page_Dispensary Store/button_Add' is clicked on

2018-05-21 10:16:37 - [TEST_STEP][PASSED] - selectOptionByIndex: All options with index in [8] are selected on object 'Object Repository/DispensaryToCms/Page_Dispensary Store/select_--Select--Schedule 1Inj'

2018-05-21 10:16:37 - [MESSAGE][PASSED] - All options with index in [8] are selected on object 'Object Repository/DispensaryToCms/Page_Dispensary Store/select_--Select--Schedule 1Inj'

2018-05-21 10:16:37 - [TEST_STEP][PASSED] - selectOptionByIndex: All options with index in [7] are selected on object 'Object Repository/DispensaryToCms/Page_Dispensary Store/select_--Select--Adernaline 0.'

2018-05-21 10:16:37 - [MESSAGE][PASSED] - All options with index in [7] are selected on object 'Object Repository/DispensaryToCms/Page_Dispensary Store/select_--Select--Adernaline 0.'

2018-05-21 10:16:37 - [TEST_STEP][PASSED] - setText: Text '100' is set on object 'Object Repository/DispensaryToCms/Page_Dispensary Store/input_txttreat'

2018-05-21 10:16:37 - [MESSAGE][PASSED] - Text '100' is set on object 'Object Repository/DispensaryToCms/Page_Dispensary Store/input_txttreat'

2018-05-21 10:16:37 - [TEST_STEP][PASSED] - click: Object: 'Object Repository/DispensaryToCms/Page_Dispensary Store/button_Add' is clicked on

2018-05-21 10:16:37 - [MESSAGE][PASSED] - Object: 'Object Repository/DispensaryToCms/Page_Dispensary Store/button_Add' is clicked on

2018-05-21 10:16:37 - [TEST_STEP][PASSED] - selectOptionByIndex: All options with index in [8] are selected on object 'Object Repository/DispensaryToCms/Page_Dispensary Store/select_--Select--Schedule 1Inj'

2018-05-21 10:16:38 - [MESSAGE][PASSED] - All options with index in [8] are selected on object 'Object Repository/DispensaryToCms/Page_Dispensary Store/select_--Select--Schedule 1Inj'

2018-05-21 10:16:38 - [TEST_STEP][PASSED] - selectOptionByIndex: All options with index in [8] are selected on object 'Object Repository/DispensaryToCms/Page_Dispensary Store/select_--Select--Adernaline 0.'

2018-05-21 10:16:38 - [MESSAGE][PASSED] - All options with index in [8] are selected on object 'Object Repository/DispensaryToCms/Page_Dispensary Store/select_--Select--Adernaline 0.'

2018-05-21 10:16:38 - [TEST_STEP][PASSED] - setText: Text '100' is set on object 'Object Repository/DispensaryToCms/Page_Dispensary Store/input_txttreat'

2018-05-21 10:16:38 - [MESSAGE][PASSED] - Text '100' is set on object 'Object Repository/DispensaryToCms/Page_Dispensary Store/input_txttreat'

2018-05-21 10:16:38 - [TEST_STEP][PASSED] - click: Object: 'Object Repository/DispensaryToCms/Page_Dispensary Store/button_Add' is clicked on

2018-05-21 10:16:38 - [MESSAGE][PASSED] - Object: 'Object Repository/DispensaryToCms/Page_Dispensary Store/button_Add' is clicked on

2018-05-21 10:16:38 - [TEST_STEP][PASSED] - selectOptionByIndex: All options with index in [8] are selected on object 'Object Repository/DispensaryToCms/Page_Dispensary Store/select_--Select--Schedule 1Inj'

2018-05-21 10:16:38 - [MESSAGE][PASSED] - All options with index in [8] are selected on object 'Object Repository/DispensaryToCms/Page_Dispensary Store/select_--Select--Schedule 1Inj'

2018-05-21 10:16:38 - [TEST_STEP][PASSED] - selectOptionByIndex: All options with index in [9] are selected on object 'Object Repository/DispensaryToCms/Page_Dispensary Store/select_--Select--Adernaline 0.'

2018-05-21 10:16:38 - [MESSAGE][PASSED] - All options with index in [9] are selected on object 'Object Repository/DispensaryToCms/Page_Dispensary Store/select_--Select--Adernaline 0.'

2018-05-21 10:16:38 - [TEST_STEP][PASSED] - setText: Text '100' is set on object 'Object Repository/DispensaryToCms/Page_Dispensary Store/input_txttreat'

2018-05-21 10:16:39 - [MESSAGE][PASSED] - Text '100' is set on object 'Object Repository/DispensaryToCms/Page_Dispensary Store/input_txttreat'

2018-05-21 10:16:39 - [TEST_STEP][PASSED] - click: Object: 'Object Repository/DispensaryToCms/Page_Dispensary Store/button_Add' is clicked on

2018-05-21 10:16:39 - [MESSAGE][PASSED] - Object: 'Object Repository/DispensaryToCms/Page_Dispensary Store/button_Add' is clicked on

2018-05-21 10:16:39 - [TEST_STEP][PASSED] - selectOptionByIndex: All options with index in [8] are selected on object 'Object Repository/DispensaryToCms/Page_Dispensary Store/select_--Select--Schedule 1Inj'

2018-05-21 10:16:39 - [MESSAGE][PASSED] - All options with index in [8] are selected on object 'Object Repository/DispensaryToCms/Page_Dispensary Store/select_--Select--Schedule 1Inj'

2018-05-21 10:16:39 - [TEST_STEP][PASSED] - selectOptionByIndex: All options with index in [10] are selected on object 'Object Repository/DispensaryToCms/Page_Dispensary Store/select_--Select--Adernaline 0.'

2018-05-21 10:16:39 - [MESSAGE][PASSED] - All options with index in [10] are selected on object 'Object Repository/DispensaryToCms/Page_Dispensary Store/select_--Select--Adernaline 0.'

2018-05-21 10:16:39 - [TEST_STEP][PASSED] - setText: Text '100' is set on object 'Object Repository/DispensaryToCms/Page_Dispensary Store/input_txttreat'

2018-05-21 10:16:39 - [MESSAGE][PASSED] - Text '100' is set on object 'Object Repository/DispensaryToCms/Page_Dispensary Store/input_txttreat'

2018-05-21 10:16:39 - [TEST_STEP][PASSED] - click: Object: 'Object Repository/DispensaryToCms/Page_Dispensary Store/button_Add' is clicked on

2018-05-21 10:16:39 - [MESSAGE][PASSED] - Object: 'Object Repository/DispensaryToCms/Page_Dispensary Store/button_Add' is clicked on

2018-05-21 10:16:39 - [TEST_STEP][PASSED] - selectOptionByIndex: All options with index in [8] are selected on object 'Object Repository/DispensaryToCms/Page_Dispensary Store/select_--Select--Schedule 1Inj'

2018-05-21 10:16:39 - [MESSAGE][PASSED] - All options with index in [8] are selected on object 'Object Repository/DispensaryToCms/Page_Dispensary Store/select_--Select--Schedule 1Inj'

2018-05-21 10:16:39 - [TEST_STEP][PASSED] - selectOptionByIndex: All options with index in [11] are selected on object 'Object Repository/DispensaryToCms/Page_Dispensary Store/select_--Select--Adernaline 0.'

2018-05-21 10:16:40 - [MESSAGE][PASSED] - All options with index in [11] are selected on object 'Object Repository/DispensaryToCms/Page_Dispensary Store/select_--Select--Adernaline 0.'

2018-05-21 10:16:40 - [TEST_STEP][PASSED] - setText: Text '100' is set on object 'Object Repository/DispensaryToCms/Page_Dispensary Store/input_txttreat'

2018-05-21 10:16:40 - [MESSAGE][PASSED] - Text '100' is set on object 'Object Repository/DispensaryToCms/Page_Dispensary Store/input_txttreat'

2018-05-21 10:16:40 - [TEST_STEP][PASSED] - click: Object: 'Object Repository/DispensaryToCms/Page_Dispensary Store/button_Add' is clicked on

2018-05-21 10:16:40 - [MESSAGE][PASSED] - Object: 'Object Repository/DispensaryToCms/Page_Dispensary Store/button_Add' is clicked on

2018-05-21 10:16:40 - [TEST_STEP][PASSED] - selectOptionByIndex: All options with index in [8] are selected on object 'Object Repository/DispensaryToCms/Page_Dispensary Store/select_--Select--Schedule 1Inj'

2018-05-21 10:16:40 - [MESSAGE][PASSED] - All options with index in [8] are selected on object 'Object Repository/DispensaryToCms/Page_Dispensary Store/select_--Select--Schedule 1Inj'

2018-05-21 10:16:40 - [TEST_STEP][PASSED] - selectOptionByIndex: All options with index in [12] are selected on object 'Object Repository/DispensaryToCms/Page_Dispensary Store/select_--Select--Adernaline 0.'

2018-05-21 10:16:40 - [MESSAGE][PASSED] - All options with index in [12] are selected on object 'Object Repository/DispensaryToCms/Page_Dispensary Store/select_--Select--Adernaline 0.'

2018-05-21 10:16:40 - [TEST_STEP][PASSED] - setText: Text '100' is set on object 'Object Repository/DispensaryToCms/Page_Dispensary Store/input_txttreat'

2018-05-21 10:16:40 - [MESSAGE][PASSED] - Text '100' is set on object 'Object Repository/DispensaryToCms/Page_Dispensary Store/input_txttreat'

2018-05-21 10:16:40 - [TEST_STEP][PASSED] - click: Object: 'Object Repository/DispensaryToCms/Page_Dispensary Store/button_Add' is clicked on

2018-05-21 10:16:40 - [MESSAGE][PASSED] - Object: 'Object Repository/DispensaryToCms/Page_Dispensary Store/button_Add' is clicked on

2018-05-21 10:16:40 - [TEST_STEP][PASSED] - selectOptionByIndex: All options with index in [8] are selected on object 'Object Repository/DispensaryToCms/Page_Dispensary Store/select_--Select--Schedule 1Inj'

2018-05-21 10:16:41 - [MESSAGE][PASSED] - All options with index in [8] are selected on object 'Object Repository/DispensaryToCms/Page_Dispensary Store/select_--Select--Schedule 1Inj'

2018-05-21 10:16:41 - [TEST_STEP][PASSED] - selectOptionByIndex: All options with index in [13] are selected on object 'Object Repository/DispensaryToCms/Page_Dispensary Store/select_--Select--Adernaline 0.'

2018-05-21 10:16:41 - [MESSAGE][PASSED] - All options with index in [13] are selected on object 'Object Repository/DispensaryToCms/Page_Dispensary Store/select_--Select--Adernaline 0.'

2018-05-21 10:16:41 - [TEST_STEP][PASSED] - setText: Text '100' is set on object 'Object Repository/DispensaryToCms/Page_Dispensary Store/input_txttreat'

2018-05-21 10:16:41 - [MESSAGE][PASSED] - Text '100' is set on object 'Object Repository/DispensaryToCms/Page_Dispensary Store/input_txttreat'

2018-05-21 10:16:41 - [TEST_STEP][PASSED] - click: Object: 'Object Repository/DispensaryToCms/Page_Dispensary Store/button_Add' is clicked on

2018-05-21 10:16:41 - [MESSAGE][PASSED] - Object: 'Object Repository/DispensaryToCms/Page_Dispensary Store/button_Add' is clicked on

2018-05-21 10:16:41 - [TEST_STEP][PASSED] - selectOptionByIndex: All options with index in [8] are selected on object 'Object Repository/DispensaryToCms/Page_Dispensary Store/select_--Select--Schedule 1Inj'

2018-05-21 10:16:41 - [MESSAGE][PASSED] - All options with index in [8] are selected on object 'Object Repository/DispensaryToCms/Page_Dispensary Store/select_--Select--Schedule 1Inj'

2018-05-21 10:16:41 - [TEST_STEP][PASSED] - selectOptionByIndex: All options with index in [14] are selected on object 'Object Repository/DispensaryToCms/Page_Dispensary Store/select_--Select--Adernaline 0.'

2018-05-21 10:16:42 - [MESSAGE][PASSED] - All options with index in [14] are selected on object 'Object Repository/DispensaryToCms/Page_Dispensary Store/select_--Select--Adernaline 0.'

2018-05-21 10:16:42 - [TEST_STEP][PASSED] - setText: Text '100' is set on object 'Object Repository/DispensaryToCms/Page_Dispensary Store/input_txttreat'

2018-05-21 10:16:42 - [MESSAGE][PASSED] - Text '100' is set on object 'Object Repository/DispensaryToCms/Page_Dispensary Store/input_txttreat'

2018-05-21 10:16:42 - [TEST_STEP][PASSED] - click: Object: 'Object Repository/DispensaryToCms/Page_Dispensary Store/button_Add' is clicked on

2018-05-21 10:16:42 - [MESSAGE][PASSED] - Object: 'Object Repository/DispensaryToCms/Page_Dispensary Store/button_Add' is clicked on

2018-05-21 10:16:42 - [TEST_STEP][PASSED] - selectOptionByIndex: All options with index in [8] are selected on object 'Object Repository/DispensaryToCms/Page_Dispensary Store/select_--Select--Schedule 1Inj'

2018-05-21 10:16:42 - [MESSAGE][PASSED] - All options with index in [8] are selected on object 'Object Repository/DispensaryToCms/Page_Dispensary Store/select_--Select--Schedule 1Inj'

2018-05-21 10:16:42 - [TEST_STEP][PASSED] - selectOptionByIndex: All options with index in [15] are selected on object 'Object Repository/DispensaryToCms/Page_Dispensary Store/select_--Select--Adernaline 0.'

2018-05-21 10:16:42 - [MESSAGE][PASSED] - All options with index in [15] are selected on object 'Object Repository/DispensaryToCms/Page_Dispensary Store/select_--Select--Adernaline 0.'

2018-05-21 10:16:42 - [TEST_STEP][PASSED] - setText: Text '100' is set on object 'Object Repository/DispensaryToCms/Page_Dispensary Store/input_txttreat'

2018-05-21 10:16:42 - [MESSAGE][PASSED] - Text '100' is set on object 'Object Repository/DispensaryToCms/Page_Dispensary Store/input_txttreat'

2018-05-21 10:16:42 - [TEST_STEP][PASSED] - click: Object: 'Object Repository/DispensaryToCms/Page_Dispensary Store/button_Add' is clicked on

2018-05-21 10:16:42 - [MESSAGE][PASSED] - Object: 'Object Repository/DispensaryToCms/Page_Dispensary Store/button_Add' is clicked on

2018-05-21 10:16:42 - [TEST_STEP][PASSED] - selectOptionByIndex: All options with index in [8] are selected on object 'Object Repository/DispensaryToCms/Page_Dispensary Store/select_--Select--Schedule 1Inj'

2018-05-21 10:16:43 - [MESSAGE][PASSED] - All options with index in [8] are selected on object 'Object Repository/DispensaryToCms/Page_Dispensary Store/select_--Select--Schedule 1Inj'

2018-05-21 10:16:43 - [TEST_STEP][PASSED] - selectOptionByIndex: All options with index in [16] are selected on object 'Object Repository/DispensaryToCms/Page_Dispensary Store/select_--Select--Adernaline 0.'

2018-05-21 10:16:43 - [MESSAGE][PASSED] - All options with index in [16] are selected on object 'Object Repository/DispensaryToCms/Page_Dispensary Store/select_--Select--Adernaline 0.'

2018-05-21 10:16:43 - [TEST_STEP][PASSED] - setText: Text '100' is set on object 'Object Repository/DispensaryToCms/Page_Dispensary Store/input_txttreat'

2018-05-21 10:16:43 - [MESSAGE][PASSED] - Text '100' is set on object 'Object Repository/DispensaryToCms/Page_Dispensary Store/input_txttreat'

2018-05-21 10:16:43 - [TEST_STEP][PASSED] - click: Object: 'Object Repository/DispensaryToCms/Page_Dispensary Store/button_Add' is clicked on

2018-05-21 10:16:43 - [MESSAGE][PASSED] - Object: 'Object Repository/DispensaryToCms/Page_Dispensary Store/button_Add' is clicked on

2018-05-21 10:16:43 - [TEST_STEP][PASSED] - selectOptionByIndex: All options with index in [8] are selected on object 'Object Repository/DispensaryToCms/Page_Dispensary Store/select_--Select--Schedule 1Inj'

2018-05-21 10:16:43 - [MESSAGE][PASSED] - All options with index in [8] are selected on object 'Object Repository/DispensaryToCms/Page_Dispensary Store/select_--Select--Schedule 1Inj'

2018-05-21 10:16:43 - [TEST_STEP][PASSED] - selectOptionByIndex: All options with index in [17] are selected on object 'Object Repository/DispensaryToCms/Page_Dispensary Store/select_--Select--Adernaline 0.'

2018-05-21 10:16:44 - [MESSAGE][PASSED] - All options with index in [17] are selected on object 'Object Repository/DispensaryToCms/Page_Dispensary Store/select_--Select--Adernaline 0.'

2018-05-21 10:16:44 - [TEST_STEP][PASSED] - setText: Text '100' is set on object 'Object Repository/DispensaryToCms/Page_Dispensary Store/input_txttreat'

2018-05-21 10:16:44 - [MESSAGE][PASSED] - Text '100' is set on object 'Object Repository/DispensaryToCms/Page_Dispensary Store/input_txttreat'

2018-05-21 10:16:44 - [TEST_STEP][PASSED] - click: Object: 'Object Repository/DispensaryToCms/Page_Dispensary Store/button_Add' is clicked on

2018-05-21 10:16:44 - [MESSAGE][PASSED] - Object: 'Object Repository/DispensaryToCms/Page_Dispensary Store/button_Add' is clicked on

2018-05-21 10:16:44 - [TEST_STEP][PASSED] - scrollToElement: Scroll to object 'Object Repository/DispensaryToCms/Page_Dispensary Store/input_btnsave' successfully

2018-05-21 10:16:44 - [MESSAGE][PASSED] - Scroll to object 'Object Repository/DispensaryToCms/Page_Dispensary Store/input_btnsave' successfully

2018-05-21 10:16:44 - [TEST_STEP][PASSED] - click: Object: 'Object Repository/DispensaryToCms/Page_Dispensary Store/input_btnsave' is clicked on

2018-05-21 10:16:44 - [MESSAGE][PASSED] - Object: 'Object Repository/DispensaryToCms/Page_Dispensary Store/input_btnsave' is clicked on

2018-05-21 10:16:44 - [TEST_STEP][PASSED] - delay: Delayed 3 second(s)

2018-05-21 10:16:47 - [MESSAGE][PASSED] - Delayed 3 second(s)

2018-05-21 10:16:47 - [TEST_STEP][PASSED] - Statement - RN1 = com.kms.katalon.core.webui.keyword.WebUiBuiltInKeywords.getText(com.kms.katalon.core.testobject.ObjectRepository.findTestObject(DispensaryToCms/Page_Dispensary Store/font_PRNO18052018174)): Text of object 'Object Repository/DispensaryToCms/Page_Dispensary Store/font_PRNO18052018174' is: 'PRNO/21052018/287'

2018-05-21 10:16:47 - [MESSAGE][PASSED] - Text of object 'Object Repository/DispensaryToCms/Page_Dispensary Store/font_PRNO18052018174' is: 'PRNO/21052018/287'

2018-05-21 10:16:47 - [TEST_STEP][PASSED] - Statement - out.println(RN1): null

2018-05-21 10:16:47 - [TEST_STEP][PASSED] - Statement - RID = RN1.split("/")[2]: null

2018-05-21 10:16:47 - [TEST_STEP][PASSED] - click: Object: 'Object Repository/DispensaryToCms/Page_Dispensary Store/button_OK' is clicked on

2018-05-21 10:16:48 - [MESSAGE][PASSED] - Object: 'Object Repository/DispensaryToCms/Page_Dispensary Store/button_OK' is clicked on

2018-05-21 10:16:48 - [TEST_STEP][PASSED] - delay: Delayed 3 second(s)

2018-05-21 10:16:51 - [MESSAGE][PASSED] - Delayed 3 second(s)

2018-05-21 10:16:51 - [TEST_STEP][PASSED] - waitForElementPresent: Object 'Object Repository/DispensaryToStore/Page_Dispensary Store/a_dropdown-toggle' is present

2018-05-21 10:16:51 - [MESSAGE][PASSED] - Object 'Object Repository/DispensaryToStore/Page_Dispensary Store/a_dropdown-toggle' is present

2018-05-21 10:16:51 - [TEST_STEP][PASSED] - click: Object: 'Object Repository/DispensaryToCms/Page_Dispensary Store/a_dropdown-toggle' is clicked on

2018-05-21 10:16:51 - [MESSAGE][PASSED] - Object: 'Object Repository/DispensaryToCms/Page_Dispensary Store/a_dropdown-toggle' is clicked on

2018-05-21 10:16:51 - [TEST_STEP][PASSED] - click: Object: 'Object Repository/DispensaryToCms/Page_Dispensary Store/a_Sign out' is clicked on

2018-05-21 10:16:52 - [MESSAGE][PASSED] - Object: 'Object Repository/DispensaryToCms/Page_Dispensary Store/a_Sign out' is clicked on

2018-05-21 10:16:52 - [TEST_STEP][PASSED] - delay: Delayed 3 second(s)

2018-05-21 10:16:55 - [MESSAGE][PASSED] - Delayed 3 second(s)

2018-05-21 10:16:55 - [TEST_STEP][PASSED] - navigateToUrl: Navigate to 'http://192.168.137.1/multihospital_new/' successfully

2018-05-21 10:16:58 - [MESSAGE][PASSED] - Navigate to 'http://192.168.137.1/multihospital_new/' successfully

2018-05-21 10:16:58 - [TEST_STEP][PASSED] - click: Object: 'Object Repository/DispensaryToCms/Page_KDMC/a_CMO' is clicked on

2018-05-21 10:16:58 - [MESSAGE][PASSED] - Object: 'Object Repository/DispensaryToCms/Page_KDMC/a_CMO' is clicked on

2018-05-21 10:16:58 - [TEST_STEP][PASSED] - setText: Text 'guru' is set on object 'Object Repository/DispensaryToCms/Page_CMO login/input_txtusername'

2018-05-21 10:16:59 - [MESSAGE][PASSED] - Text 'guru' is set on object 'Object Repository/DispensaryToCms/Page_CMO login/input_txtusername'

2018-05-21 10:16:59 - [TEST_STEP][PASSED] - setText: Text '123' is set on object 'Object Repository/DispensaryToCms/Page_CMO login/input_txtpassword'

2018-05-21 10:16:59 - [MESSAGE][PASSED] - Text '123' is set on object 'Object Repository/DispensaryToCms/Page_CMO login/input_txtpassword'

2018-05-21 10:16:59 - [TEST_STEP][PASSED] - delay: Delayed 3 second(s)

2018-05-21 10:17:02 - [MESSAGE][PASSED] - Delayed 3 second(s)

2018-05-21 10:17:02 - [TEST_STEP][PASSED] - click: Object: 'Object Repository/DispensaryToCms/Page_CMO login/button_Sign in' is clicked on

2018-05-21 10:17:04 - [MESSAGE][PASSED] - Object: 'Object Repository/DispensaryToCms/Page_CMO login/button_Sign in' is clicked on

2018-05-21 10:17:04 - [TEST_STEP][PASSED] - delay: Delayed 3 second(s)

2018-05-21 10:17:07 - [MESSAGE][PASSED] - Delayed 3 second(s)

2018-05-21 10:17:07 - [TEST_STEP][PASSED] - click: Object: 'Object Repository/DispensaryToCms/Page_KDMC - CMO/a_CMS Request' is clicked on

2018-05-21 10:17:07 - [MESSAGE][PASSED] - Object: 'Object Repository/DispensaryToCms/Page_KDMC - CMO/a_CMS Request' is clicked on

2018-05-21 10:17:07 - [TEST_STEP][PASSED] - delay: Delayed 2 second(s)

2018-05-21 10:17:09 - [MESSAGE][PASSED] - Delayed 2 second(s)

2018-05-21 10:17:09 - [TEST_STEP][PASSED] - click: Object: 'Object Repository/DispensaryToCms/Page_KDMC - CMO/a_Dispensary Store Request' is clicked on

2018-05-21 10:17:10 - [MESSAGE][PASSED] - Object: 'Object Repository/DispensaryToCms/Page_KDMC - CMO/a_Dispensary Store Request' is clicked on

2018-05-21 10:17:10 - [TEST_STEP][PASSED] - selectOptionByIndex: All options with index in [1] are selected on object 'Object Repository/DispensaryToCms/Page_KDMC - CMO/select_--ALL--'

2018-05-21 10:17:10 - [MESSAGE][PASSED] - All options with index in [1] are selected on object 'Object Repository/DispensaryToCms/Page_KDMC - CMO/select_--ALL--'

2018-05-21 10:17:10 - [TEST_STEP][PASSED] - click: Object: 'Object Repository/DispensaryToCms/Page_KDMC - CMO/input_btnsearch' is clicked on

2018-05-21 10:17:10 - [MESSAGE][PASSED] - Object: 'Object Repository/DispensaryToCms/Page_KDMC - CMO/input_btnsearch' is clicked on

2018-05-21 10:17:10 - [TEST_STEP][PASSED] - Statement - ID = com.kms.katalon.core.webui.keyword.WebUiBuiltInKeywords.modifyObjectProperty(com.kms.katalon.core.testobject.ObjectRepository.findTestObject(lab/Page_KDMC - CMO/input_1), "xpath", "equals", "//*[@id=" + RID + "]", true): Modify property of object successfully

2018-05-21 10:17:10 - [MESSAGE][PASSED] - Modify property of object successfully

2018-05-21 10:17:10 - [TEST_STEP][PASSED] - click: Object: 'Object Repository/lab/Page_KDMC - CMO/input_1' is clicked on

2018-05-21 10:17:11 - [MESSAGE][PASSED] - Object: 'Object Repository/lab/Page_KDMC - CMO/input_1' is clicked on

2018-05-21 10:17:11 - [TEST_STEP][PASSED] - delay: Delayed 2 second(s)

2018-05-21 10:17:13 - [MESSAGE][PASSED] - Delayed 2 second(s)

2018-05-21 10:17:13 - [TEST_STEP][PASSED] - selectOptionByIndex: All options with index in [1] are selected on object 'Object Repository/DispensaryToCms/Page_KDMC - CMO/select_--Select--'

2018-05-21 10:17:13 - [MESSAGE][PASSED] - All options with index in [1] are selected on object 'Object Repository/DispensaryToCms/Page_KDMC - CMO/select_--Select--'

2018-05-21 10:17:13 - [TEST_STEP][PASSED] - click: Object: 'Object Repository/DispensaryToCms/Page_KDMC - CMO/input_btnupdate' is clicked on

2018-05-21 10:17:13 - [MESSAGE][PASSED] - Object: 'Object Repository/DispensaryToCms/Page_KDMC - CMO/input_btnupdate' is clicked on

2018-05-21 10:17:13 - [TEST_STEP][PASSED] - delay: Delayed 2 second(s)

2018-05-21 10:17:15 - [MESSAGE][PASSED] - Delayed 2 second(s)

2018-05-21 10:17:15 - [TEST_STEP][PASSED] - click: Object: 'Object Repository/DispensaryToCms/Page_KDMC - CMO/button_OK' is clicked on

2018-05-21 10:17:16 - [MESSAGE][PASSED] - Object: 'Object Repository/DispensaryToCms/Page_KDMC - CMO/button_OK' is clicked on

2018-05-21 10:17:16 - [TEST_STEP][PASSED] - delay: Delayed 3 second(s)

2018-05-21 10:17:19 - [MESSAGE][PASSED] - Delayed 3 second(s)

2018-05-21 10:17:19 - [TEST_STEP][PASSED] - waitForElementPresent: Object 'Object Repository/DispensaryToStore/Page_Dispensary Store/a_dropdown-toggle' is not present after 20 second(s)

2018-05-21 10:17:40 - [MESSAGE][WARNING] - Object 'Object Repository/DispensaryToStore/Page_Dispensary Store/a_dropdown-toggle' is not present after 20 second(s)

2018-05-21 10:17:40 - [TEST_STEP][PASSED] - click: Object: 'Object Repository/DispensaryToCms/Page_KDMC - CMO/a_dropdown-toggle' is clicked on

2018-05-21 10:17:40 - [MESSAGE][PASSED] - Object: 'Object Repository/DispensaryToCms/Page_KDMC - CMO/a_dropdown-toggle' is clicked on

2018-05-21 10:17:40 - [TEST_STEP][PASSED] - click: Object: 'Object Repository/DispensaryToCms/Page_KDMC - CMO/a_Sign out' is clicked on

2018-05-21 10:17:40 - [MESSAGE][PASSED] - Object: 'Object Repository/DispensaryToCms/Page_KDMC - CMO/a_Sign out' is clicked on

2018-05-21 10:17:40 - [TEST_STEP][PASSED] - delay: Delayed 3 second(s)

2018-05-21 10:17:43 - [MESSAGE][PASSED] - Delayed 3 second(s)

2018-05-21 10:17:43 - [TEST_STEP][PASSED] - click: Object: 'Object Repository/DispensaryToCms/Page_KDMC/a_CMS' is clicked on

2018-05-21 10:17:44 - [MESSAGE][PASSED] - Object: 'Object Repository/DispensaryToCms/Page_KDMC/a_CMS' is clicked on

2018-05-21 10:17:44 - [TEST_STEP][PASSED] - setText: Text 'bala' is set on object 'Object Repository/DispensaryToCms/Page_CMS login/input_txtusername'

2018-05-21 10:17:44 - [MESSAGE][PASSED] - Text 'bala' is set on object 'Object Repository/DispensaryToCms/Page_CMS login/input_txtusername'

2018-05-21 10:17:44 - [TEST_STEP][PASSED] - setText: Text '123' is set on object 'Object Repository/DispensaryToCms/Page_CMS login/input_txtpassword'

2018-05-21 10:17:45 - [MESSAGE][PASSED] - Text '123' is set on object 'Object Repository/DispensaryToCms/Page_CMS login/input_txtpassword'

2018-05-21 10:17:45 - [TEST_STEP][PASSED] - delay: Delayed 3 second(s)

2018-05-21 10:17:48 - [MESSAGE][PASSED] - Delayed 3 second(s)

2018-05-21 10:17:48 - [TEST_STEP][PASSED] - click: Object: 'Object Repository/DispensaryToCms/Page_CMS login/button_Sign in' is clicked on

2018-05-21 10:17:49 - [MESSAGE][PASSED] - Object: 'Object Repository/DispensaryToCms/Page_CMS login/button_Sign in' is clicked on

2018-05-21 10:17:49 - [TEST_STEP][PASSED] - delay: Delayed 3 second(s)

2018-05-21 10:17:52 - [MESSAGE][PASSED] - Delayed 3 second(s)

2018-05-21 10:17:52 - [TEST_STEP][PASSED] - click: Object: 'Object Repository/DispensaryToCms/Page_KDMC - CMS/a_Divisional Store' is clicked on

2018-05-21 10:17:52 - [MESSAGE][PASSED] - Object: 'Object Repository/DispensaryToCms/Page_KDMC - CMS/a_Divisional Store' is clicked on

2018-05-21 10:17:52 - [TEST_STEP][PASSED] - delay: Delayed 2 second(s)

2018-05-21 10:17:54 - [MESSAGE][PASSED] - Delayed 2 second(s)

2018-05-21 10:17:54 - [TEST_STEP][PASSED] - click: Object: 'Object Repository/DispensaryToCms/Page_KDMC - CMS/a_Dispatch Items' is clicked on

2018-05-21 10:17:54 - [MESSAGE][PASSED] - Object: 'Object Repository/DispensaryToCms/Page_KDMC - CMS/a_Dispatch Items' is clicked on

2018-05-21 10:17:54 - [TEST_STEP][PASSED] - delay: Delayed 2 second(s)

2018-05-21 10:17:56 - [MESSAGE][PASSED] - Delayed 2 second(s)

2018-05-21 10:17:56 - [TEST_STEP][PASSED] - setText: Text 'PRNO/21052018/287' is set on object 'Object Repository/DispensaryToCms/Page_KDMC - CMS/input'

2018-05-21 10:17:57 - [MESSAGE][PASSED] - Text 'PRNO/21052018/287' is set on object 'Object Repository/DispensaryToCms/Page_KDMC - CMS/input'

2018-05-21 10:17:57 - [TEST_STEP][PASSED] - click: Object: 'Object Repository/DispensaryToCms/Page_KDMC - CMS/input_PRNO18052018174' is clicked on

2018-05-21 10:17:57 - [MESSAGE][PASSED] - Object: 'Object Repository/DispensaryToCms/Page_KDMC - CMS/input_PRNO18052018174' is clicked on

2018-05-21 10:17:57 - [TEST_STEP][PASSED] - Statement - out.println("Length : " + medicineslength): null

2018-05-21 10:17:57 - [TEST_STEP][PASSED] - Statement - For ([row = 0, row < medicineslength - 1, (row++)]): null

2018-05-21 10:17:57 - [TEST_STEP][PASSED] - Statement - batchlength = new com.kms.katalon.core.testobject.TestObject(): null

2018-05-21 10:17:57 - [TEST_STEP][PASSED] - Statement - batchlength = com.kms.katalon.core.webui.keyword.WebUiBuiltInKeywords.modifyObjectProperty(batchlength, "xpath", "equals", "//*[@id = "fldvendor" + row + ""]", true): Modify property of object successfully

2018-05-21 10:17:57 - [MESSAGE][PASSED] - Modify property of object successfully

2018-05-21 10:17:57 - [TEST_STEP][PASSED] - Statement - batchsize = com.kms.katalon.core.webui.keyword.WebUiBuiltInKeywords.getNumberOfTotalOption(batchlength): 9 options of object '' counted

2018-05-21 10:17:57 - [MESSAGE][PASSED] - 9 options of object '' counted

2018-05-21 10:17:57 - [TEST_STEP][PASSED] - Statement - out.println("BatchSize : " + batchsize): null

2018-05-21 10:17:57 - [TEST_STEP][PASSED] - Statement - For ([n = 1, n <= batchsize - 1, (n++)]): null

2018-05-21 10:17:57 - [TEST_STEP][PASSED] - Statement - product = new com.kms.katalon.core.testobject.TestObject(): null

2018-05-21 10:17:57 - [TEST_STEP][PASSED] - Statement - product = com.kms.katalon.core.webui.keyword.WebUiBuiltInKeywords.modifyObjectProperty(product, "xpath", "equals", "//*[@id = "fldvendor" + row + ""]", true): Modify property of object successfully

2018-05-21 10:17:57 - [MESSAGE][PASSED] - Modify property of object successfully

2018-05-21 10:17:57 - [TEST_STEP][PASSED] - selectOptionByIndex: All options with index in [1] are selected on object ''

2018-05-21 10:17:58 - [MESSAGE][PASSED] - All options with index in [1] are selected on object ''

2018-05-21 10:17:58 - [TEST_STEP][PASSED] - Statement - batch = new com.kms.katalon.core.testobject.TestObject(): null

2018-05-21 10:17:58 - [TEST_STEP][PASSED] - Statement - batch = com.kms.katalon.core.webui.keyword.WebUiBuiltInKeywords.modifyObjectProperty(batch, "xpath", "equals", "//*[@id = "txtbthqty" + row + ""]", true): Modify property of object successfully

2018-05-21 10:17:58 - [MESSAGE][PASSED] - Modify property of object successfully

2018-05-21 10:17:58 - [TEST_STEP][PASSED] - Statement - batchqty = com.kms.katalon.core.webui.keyword.WebUiBuiltInKeywords.getAttribute(batch, "value").trim(): Attribute 'value' of object '' is: '28500'

2018-05-21 10:17:58 - [MESSAGE][PASSED] - Attribute 'value' of object '' is: '28500'

2018-05-21 10:17:58 - [TEST_STEP][PASSED] - Statement - Rqty = 100: null

2018-05-21 10:17:58 - [TEST_STEP][PASSED] - delay: Delayed 2 second(s)

2018-05-21 10:18:00 - [MESSAGE][PASSED] - Delayed 2 second(s)

2018-05-21 10:18:00 - [TEST_STEP][PASSED] - Statement - out.println("BatchQty : " + batchqty): null

2018-05-21 10:18:00 - [TEST_STEP][PASSED] - Statement - out.println("RQty : " + Rqty): null

2018-05-21 10:18:00 - [TEST_STEP][PASSED] - Statement - If (java.lang.Integer.valueOf(batchqty) >= java.lang.Integer.valueOf(Rqty)): null

2018-05-21 10:18:00 - [TEST_STEP][PASSED] - Statement - Break: null

2018-05-21 10:18:00 - [TEST_STEP][PASSED] - Statement - batchlength = new com.kms.katalon.core.testobject.TestObject(): null

2018-05-21 10:18:00 - [TEST_STEP][PASSED] - Statement - batchlength = com.kms.katalon.core.webui.keyword.WebUiBuiltInKeywords.modifyObjectProperty(batchlength, "xpath", "equals", "//*[@id = "fldvendor" + row + ""]", true): Modify property of object successfully

2018-05-21 10:18:00 - [MESSAGE][PASSED] - Modify property of object successfully

2018-05-21 10:18:00 - [TEST_STEP][PASSED] - Statement - batchsize = com.kms.katalon.core.webui.keyword.WebUiBuiltInKeywords.getNumberOfTotalOption(batchlength): 10 options of object '' counted

2018-05-21 10:18:00 - [MESSAGE][PASSED] - 10 options of object '' counted

2018-05-21 10:18:00 - [TEST_STEP][PASSED] - Statement - out.println("BatchSize : " + batchsize): null

2018-05-21 10:18:00 - [TEST_STEP][PASSED] - Statement - For ([n = 1, n <= batchsize - 1, (n++)]): null

2018-05-21 10:18:00 - [TEST_STEP][PASSED] - Statement - product = new com.kms.katalon.core.testobject.TestObject(): null

2018-05-21 10:18:00 - [TEST_STEP][PASSED] - Statement - product = com.kms.katalon.core.webui.keyword.WebUiBuiltInKeywords.modifyObjectProperty(product, "xpath", "equals", "//*[@id = "fldvendor" + row + ""]", true): Modify property of object successfully

2018-05-21 10:18:00 - [MESSAGE][PASSED] - Modify property of object successfully

2018-05-21 10:18:00 - [TEST_STEP][PASSED] - selectOptionByIndex: All options with index in [1] are selected on object ''

2018-05-21 10:18:00 - [MESSAGE][PASSED] - All options with index in [1] are selected on object ''

2018-05-21 10:18:00 - [TEST_STEP][PASSED] - Statement - batch = new com.kms.katalon.core.testobject.TestObject(): null

2018-05-21 10:18:00 - [TEST_STEP][PASSED] - Statement - batch = com.kms.katalon.core.webui.keyword.WebUiBuiltInKeywords.modifyObjectProperty(batch, "xpath", "equals", "//*[@id = "txtbthqty" + row + ""]", true): Modify property of object successfully

2018-05-21 10:18:00 - [MESSAGE][PASSED] - Modify property of object successfully

2018-05-21 10:18:00 - [TEST_STEP][PASSED] - Statement - batchqty = com.kms.katalon.core.webui.keyword.WebUiBuiltInKeywords.getAttribute(batch, "value").trim(): Attribute 'value' of object '' is: '4600'

2018-05-21 10:18:00 - [MESSAGE][PASSED] - Attribute 'value' of object '' is: '4600'

2018-05-21 10:18:00 - [TEST_STEP][PASSED] - Statement - Rqty = 100: null

2018-05-21 10:18:00 - [TEST_STEP][PASSED] - delay: Delayed 2 second(s)

2018-05-21 10:18:02 - [MESSAGE][PASSED] - Delayed 2 second(s)

2018-05-21 10:18:02 - [TEST_STEP][PASSED] - Statement - out.println("BatchQty : " + batchqty): null

2018-05-21 10:18:02 - [TEST_STEP][PASSED] - Statement - out.println("RQty : " + Rqty): null

2018-05-21 10:18:02 - [TEST_STEP][PASSED] - Statement - If (java.lang.Integer.valueOf(batchqty) >= java.lang.Integer.valueOf(Rqty)): null

2018-05-21 10:18:02 - [TEST_STEP][PASSED] - Statement - Break: null

2018-05-21 10:18:02 - [TEST_STEP][PASSED] - Statement - batchlength = new com.kms.katalon.core.testobject.TestObject(): null

2018-05-21 10:18:02 - [TEST_STEP][PASSED] - Statement - batchlength = com.kms.katalon.core.webui.keyword.WebUiBuiltInKeywords.modifyObjectProperty(batchlength, "xpath", "equals", "//*[@id = "fldvendor" + row + ""]", true): Modify property of object successfully

2018-05-21 10:18:02 - [MESSAGE][PASSED] - Modify property of object successfully

2018-05-21 10:18:02 - [TEST_STEP][PASSED] - Statement - batchsize = com.kms.katalon.core.webui.keyword.WebUiBuiltInKeywords.getNumberOfTotalOption(batchlength): 10 options of object '' counted

2018-05-21 10:18:02 - [MESSAGE][PASSED] - 10 options of object '' counted

2018-05-21 10:18:02 - [TEST_STEP][PASSED] - Statement - out.println("BatchSize : " + batchsize): null

2018-05-21 10:18:02 - [TEST_STEP][PASSED] - Statement - For ([n = 1, n <= batchsize - 1, (n++)]): null

2018-05-21 10:18:02 - [TEST_STEP][PASSED] - Statement - product = new com.kms.katalon.core.testobject.TestObject(): null

2018-05-21 10:18:02 - [TEST_STEP][PASSED] - Statement - product = com.kms.katalon.core.webui.keyword.WebUiBuiltInKeywords.modifyObjectProperty(product, "xpath", "equals", "//*[@id = "fldvendor" + row + ""]", true): Modify property of object successfully

2018-05-21 10:18:02 - [MESSAGE][PASSED] - Modify property of object successfully

2018-05-21 10:18:02 - [TEST_STEP][PASSED] - selectOptionByIndex: All options with index in [1] are selected on object ''

2018-05-21 10:18:02 - [MESSAGE][PASSED] - All options with index in [1] are selected on object ''

2018-05-21 10:18:02 - [TEST_STEP][PASSED] - Statement - batch = new com.kms.katalon.core.testobject.TestObject(): null

2018-05-21 10:18:02 - [TEST_STEP][PASSED] - Statement - batch = com.kms.katalon.core.webui.keyword.WebUiBuiltInKeywords.modifyObjectProperty(batch, "xpath", "equals", "//*[@id = "txtbthqty" + row + ""]", true): Modify property of object successfully

2018-05-21 10:18:02 - [MESSAGE][PASSED] - Modify property of object successfully

2018-05-21 10:18:02 - [TEST_STEP][PASSED] - Statement - batchqty = com.kms.katalon.core.webui.keyword.WebUiBuiltInKeywords.getAttribute(batch, "value").trim(): Attribute 'value' of object '' is: '3600'

2018-05-21 10:18:02 - [MESSAGE][PASSED] - Attribute 'value' of object '' is: '3600'

2018-05-21 10:18:02 - [TEST_STEP][PASSED] - Statement - Rqty = 100: null

2018-05-21 10:18:02 - [TEST_STEP][PASSED] - delay: Delayed 2 second(s)

2018-05-21 10:18:04 - [MESSAGE][PASSED] - Delayed 2 second(s)

2018-05-21 10:18:04 - [TEST_STEP][PASSED] - Statement - out.println("BatchQty : " + batchqty): null

2018-05-21 10:18:04 - [TEST_STEP][PASSED] - Statement - out.println("RQty : " + Rqty): null

2018-05-21 10:18:04 - [TEST_STEP][PASSED] - Statement - If (java.lang.Integer.valueOf(batchqty) >= java.lang.Integer.valueOf(Rqty)): null

2018-05-21 10:18:04 - [TEST_STEP][PASSED] - Statement - Break: null

2018-05-21 10:18:04 - [TEST_STEP][PASSED] - Statement - batchlength = new com.kms.katalon.core.testobject.TestObject(): null

2018-05-21 10:18:04 - [TEST_STEP][PASSED] - Statement - batchlength = com.kms.katalon.core.webui.keyword.WebUiBuiltInKeywords.modifyObjectProperty(batchlength, "xpath", "equals", "//*[@id = "fldvendor" + row + ""]", true): Modify property of object successfully

2018-05-21 10:18:04 - [MESSAGE][PASSED] - Modify property of object successfully

2018-05-21 10:18:04 - [TEST_STEP][PASSED] - Statement - batchsize = com.kms.katalon.core.webui.keyword.WebUiBuiltInKeywords.getNumberOfTotalOption(batchlength): 10 options of object '' counted

2018-05-21 10:18:04 - [MESSAGE][PASSED] - 10 options of object '' counted

2018-05-21 10:18:04 - [TEST_STEP][PASSED] - Statement - out.println("BatchSize : " + batchsize): null

2018-05-21 10:18:04 - [TEST_STEP][PASSED] - Statement - For ([n = 1, n <= batchsize - 1, (n++)]): null

2018-05-21 10:18:04 - [TEST_STEP][PASSED] - Statement - product = new com.kms.katalon.core.testobject.TestObject(): null

2018-05-21 10:18:04 - [TEST_STEP][PASSED] - Statement - product = com.kms.katalon.core.webui.keyword.WebUiBuiltInKeywords.modifyObjectProperty(product, "xpath", "equals", "//*[@id = "fldvendor" + row + ""]", true): Modify property of object successfully

2018-05-21 10:18:04 - [MESSAGE][PASSED] - Modify property of object successfully

2018-05-21 10:18:04 - [TEST_STEP][PASSED] - selectOptionByIndex: All options with index in [1] are selected on object ''

2018-05-21 10:18:04 - [MESSAGE][PASSED] - All options with index in [1] are selected on object ''

2018-05-21 10:18:04 - [TEST_STEP][PASSED] - Statement - batch = new com.kms.katalon.core.testobject.TestObject(): null

2018-05-21 10:18:04 - [TEST_STEP][PASSED] - Statement - batch = com.kms.katalon.core.webui.keyword.WebUiBuiltInKeywords.modifyObjectProperty(batch, "xpath", "equals", "//*[@id = "txtbthqty" + row + ""]", true): Modify property of object successfully

2018-05-21 10:18:04 - [MESSAGE][PASSED] - Modify property of object successfully

2018-05-21 10:18:04 - [TEST_STEP][PASSED] - Statement - batchqty = com.kms.katalon.core.webui.keyword.WebUiBuiltInKeywords.getAttribute(batch, "value").trim(): Attribute 'value' of object '' is: '4600'

2018-05-21 10:18:04 - [MESSAGE][PASSED] - Attribute 'value' of object '' is: '4600'

2018-05-21 10:18:04 - [TEST_STEP][PASSED] - Statement - Rqty = 100: null

2018-05-21 10:18:04 - [TEST_STEP][PASSED] - delay: Delayed 2 second(s)

2018-05-21 10:18:06 - [MESSAGE][PASSED] - Delayed 2 second(s)

2018-05-21 10:18:06 - [TEST_STEP][PASSED] - Statement - out.println("BatchQty : " + batchqty): null

2018-05-21 10:18:06 - [TEST_STEP][PASSED] - Statement - out.println("RQty : " + Rqty): null

2018-05-21 10:18:06 - [TEST_STEP][PASSED] - Statement - If (java.lang.Integer.valueOf(batchqty) >= java.lang.Integer.valueOf(Rqty)): null

2018-05-21 10:18:06 - [TEST_STEP][PASSED] - Statement - Break: null

2018-05-21 10:18:06 - [TEST_STEP][PASSED] - Statement - batchlength = new com.kms.katalon.core.testobject.TestObject(): null

2018-05-21 10:18:06 - [TEST_STEP][PASSED] - Statement - batchlength = com.kms.katalon.core.webui.keyword.WebUiBuiltInKeywords.modifyObjectProperty(batchlength, "xpath", "equals", "//*[@id = "fldvendor" + row + ""]", true): Modify property of object successfully

2018-05-21 10:18:06 - [MESSAGE][PASSED] - Modify property of object successfully

2018-05-21 10:18:06 - [TEST_STEP][PASSED] - Statement - batchsize = com.kms.katalon.core.webui.keyword.WebUiBuiltInKeywords.getNumberOfTotalOption(batchlength): 10 options of object '' counted

2018-05-21 10:18:07 - [MESSAGE][PASSED] - 10 options of object '' counted

2018-05-21 10:18:07 - [TEST_STEP][PASSED] - Statement - out.println("BatchSize : " + batchsize): null

2018-05-21 10:18:07 - [TEST_STEP][PASSED] - Statement - For ([n = 1, n <= batchsize - 1, (n++)]): null

2018-05-21 10:18:07 - [TEST_STEP][PASSED] - Statement - product = new com.kms.katalon.core.testobject.TestObject(): null

2018-05-21 10:18:07 - [TEST_STEP][PASSED] - Statement - product = com.kms.katalon.core.webui.keyword.WebUiBuiltInKeywords.modifyObjectProperty(product, "xpath", "equals", "//*[@id = "fldvendor" + row + ""]", true): Modify property of object successfully

2018-05-21 10:18:07 - [MESSAGE][PASSED] - Modify property of object successfully

2018-05-21 10:18:07 - [TEST_STEP][PASSED] - selectOptionByIndex: All options with index in [1] are selected on object ''

2018-05-21 10:18:07 - [MESSAGE][PASSED] - All options with index in [1] are selected on object ''

2018-05-21 10:18:07 - [TEST_STEP][PASSED] - Statement - batch = new com.kms.katalon.core.testobject.TestObject(): null

2018-05-21 10:18:07 - [TEST_STEP][PASSED] - Statement - batch = com.kms.katalon.core.webui.keyword.WebUiBuiltInKeywords.modifyObjectProperty(batch, "xpath", "equals", "//*[@id = "txtbthqty" + row + ""]", true): Modify property of object successfully

2018-05-21 10:18:07 - [MESSAGE][PASSED] - Modify property of object successfully

2018-05-21 10:18:07 - [TEST_STEP][PASSED] - Statement - batchqty = com.kms.katalon.core.webui.keyword.WebUiBuiltInKeywords.getAttribute(batch, "value").trim(): Attribute 'value' of object '' is: '4600'

2018-05-21 10:18:07 - [MESSAGE][PASSED] - Attribute 'value' of object '' is: '4600'

2018-05-21 10:18:07 - [TEST_STEP][PASSED] - Statement - Rqty = 100: null

2018-05-21 10:18:07 - [TEST_STEP][PASSED] - delay: Delayed 2 second(s)

2018-05-21 10:18:09 - [MESSAGE][PASSED] - Delayed 2 second(s)

2018-05-21 10:18:09 - [TEST_STEP][PASSED] - Statement - out.println("BatchQty : " + batchqty): null

2018-05-21 10:18:09 - [TEST_STEP][PASSED] - Statement - out.println("RQty : " + Rqty): null

2018-05-21 10:18:09 - [TEST_STEP][PASSED] - Statement - If (java.lang.Integer.valueOf(batchqty) >= java.lang.Integer.valueOf(Rqty)): null

2018-05-21 10:18:09 - [TEST_STEP][PASSED] - Statement - Break: null

2018-05-21 10:18:09 - [TEST_STEP][PASSED] - Statement - batchlength = new com.kms.katalon.core.testobject.TestObject(): null

2018-05-21 10:18:09 - [TEST_STEP][PASSED] - Statement - batchlength = com.kms.katalon.core.webui.keyword.WebUiBuiltInKeywords.modifyObjectProperty(batchlength, "xpath", "equals", "//*[@id = "fldvendor" + row + ""]", true): Modify property of object successfully

2018-05-21 10:18:09 - [MESSAGE][PASSED] - Modify property of object successfully

2018-05-21 10:18:09 - [TEST_STEP][PASSED] - Statement - batchsize = com.kms.katalon.core.webui.keyword.WebUiBuiltInKeywords.getNumberOfTotalOption(batchlength): 10 options of object '' counted

2018-05-21 10:18:09 - [MESSAGE][PASSED] - 10 options of object '' counted

2018-05-21 10:18:09 - [TEST_STEP][PASSED] - Statement - out.println("BatchSize : " + batchsize): null

2018-05-21 10:18:09 - [TEST_STEP][PASSED] - Statement - For ([n = 1, n <= batchsize - 1, (n++)]): null

2018-05-21 10:18:09 - [TEST_STEP][PASSED] - Statement - product = new com.kms.katalon.core.testobject.TestObject(): null

2018-05-21 10:18:09 - [TEST_STEP][PASSED] - Statement - product = com.kms.katalon.core.webui.keyword.WebUiBuiltInKeywords.modifyObjectProperty(product, "xpath", "equals", "//*[@id = "fldvendor" + row + ""]", true): Modify property of object successfully

2018-05-21 10:18:09 - [MESSAGE][PASSED] - Modify property of object successfully

2018-05-21 10:18:09 - [TEST_STEP][PASSED] - selectOptionByIndex: All options with index in [1] are selected on object ''

2018-05-21 10:18:09 - [MESSAGE][PASSED] - All options with index in [1] are selected on object ''

2018-05-21 10:18:09 - [TEST_STEP][PASSED] - Statement - batch = new com.kms.katalon.core.testobject.TestObject(): null

2018-05-21 10:18:09 - [TEST_STEP][PASSED] - Statement - batch = com.kms.katalon.core.webui.keyword.WebUiBuiltInKeywords.modifyObjectProperty(batch, "xpath", "equals", "//*[@id = "txtbthqty" + row + ""]", true): Modify property of object successfully

2018-05-21 10:18:09 - [MESSAGE][PASSED] - Modify property of object successfully

2018-05-21 10:18:09 - [TEST_STEP][PASSED] - Statement - batchqty = com.kms.katalon.core.webui.keyword.WebUiBuiltInKeywords.getAttribute(batch, "value").trim(): Attribute 'value' of object '' is: '4600'

2018-05-21 10:18:09 - [MESSAGE][PASSED] - Attribute 'value' of object '' is: '4600'

2018-05-21 10:18:09 - [TEST_STEP][PASSED] - Statement - Rqty = 100: null

2018-05-21 10:18:09 - [TEST_STEP][PASSED] - delay: Delayed 2 second(s)

2018-05-21 10:18:11 - [MESSAGE][PASSED] - Delayed 2 second(s)

2018-05-21 10:18:11 - [TEST_STEP][PASSED] - Statement - out.println("BatchQty : " + batchqty): null

2018-05-21 10:18:11 - [TEST_STEP][PASSED] - Statement - out.println("RQty : " + Rqty): null

2018-05-21 10:18:11 - [TEST_STEP][PASSED] - Statement - If (java.lang.Integer.valueOf(batchqty) >= java.lang.Integer.valueOf(Rqty)): null

2018-05-21 10:18:11 - [TEST_STEP][PASSED] - Statement - Break: null

2018-05-21 10:18:11 - [TEST_STEP][PASSED] - Statement - batchlength = new com.kms.katalon.core.testobject.TestObject(): null

2018-05-21 10:18:11 - [TEST_STEP][PASSED] - Statement - batchlength = com.kms.katalon.core.webui.keyword.WebUiBuiltInKeywords.modifyObjectProperty(batchlength, "xpath", "equals", "//*[@id = "fldvendor" + row + ""]", true): Modify property of object successfully

2018-05-21 10:18:11 - [MESSAGE][PASSED] - Modify property of object successfully

2018-05-21 10:18:11 - [TEST_STEP][PASSED] - Statement - batchsize = com.kms.katalon.core.webui.keyword.WebUiBuiltInKeywords.getNumberOfTotalOption(batchlength): 10 options of object '' counted

2018-05-21 10:18:11 - [MESSAGE][PASSED] - 10 options of object '' counted

2018-05-21 10:18:11 - [TEST_STEP][PASSED] - Statement - out.println("BatchSize : " + batchsize): null

2018-05-21 10:18:11 - [TEST_STEP][PASSED] - Statement - For ([n = 1, n <= batchsize - 1, (n++)]): null

2018-05-21 10:18:11 - [TEST_STEP][PASSED] - Statement - product = new com.kms.katalon.core.testobject.TestObject(): null

2018-05-21 10:18:11 - [TEST_STEP][PASSED] - Statement - product = com.kms.katalon.core.webui.keyword.WebUiBuiltInKeywords.modifyObjectProperty(product, "xpath", "equals", "//*[@id = "fldvendor" + row + ""]", true): Modify property of object successfully

2018-05-21 10:18:11 - [MESSAGE][PASSED] - Modify property of object successfully

2018-05-21 10:18:11 - [TEST_STEP][PASSED] - selectOptionByIndex: All options with index in [1] are selected on object ''

2018-05-21 10:18:11 - [MESSAGE][PASSED] - All options with index in [1] are selected on object ''

2018-05-21 10:18:11 - [TEST_STEP][PASSED] - Statement - batch = new com.kms.katalon.core.testobject.TestObject(): null

2018-05-21 10:18:11 - [TEST_STEP][PASSED] - Statement - batch = com.kms.katalon.core.webui.keyword.WebUiBuiltInKeywords.modifyObjectProperty(batch, "xpath", "equals", "//*[@id = "txtbthqty" + row + ""]", true): Modify property of object successfully

2018-05-21 10:18:11 - [MESSAGE][PASSED] - Modify property of object successfully

2018-05-21 10:18:11 - [TEST_STEP][PASSED] - Statement - batchqty = com.kms.katalon.core.webui.keyword.WebUiBuiltInKeywords.getAttribute(batch, "value").trim(): Attribute 'value' of object '' is: '28500'

2018-05-21 10:18:11 - [MESSAGE][PASSED] - Attribute 'value' of object '' is: '28500'

2018-05-21 10:18:11 - [TEST_STEP][PASSED] - Statement - Rqty = 100: null

2018-05-21 10:18:11 - [TEST_STEP][PASSED] - delay: Delayed 2 second(s)

2018-05-21 10:18:13 - [MESSAGE][PASSED] - Delayed 2 second(s)

2018-05-21 10:18:13 - [TEST_STEP][PASSED] - Statement - out.println("BatchQty : " + batchqty): null

2018-05-21 10:18:13 - [TEST_STEP][PASSED] - Statement - out.println("RQty : " + Rqty): null

2018-05-21 10:18:13 - [TEST_STEP][PASSED] - Statement - If (java.lang.Integer.valueOf(batchqty) >= java.lang.Integer.valueOf(Rqty)): null

2018-05-21 10:18:13 - [TEST_STEP][PASSED] - Statement - Break: null

2018-05-21 10:18:13 - [TEST_STEP][PASSED] - Statement - batchlength = new com.kms.katalon.core.testobject.TestObject(): null

2018-05-21 10:18:13 - [TEST_STEP][PASSED] - Statement - batchlength = com.kms.katalon.core.webui.keyword.WebUiBuiltInKeywords.modifyObjectProperty(batchlength, "xpath", "equals", "//*[@id = "fldvendor" + row + ""]", true): Modify property of object successfully

2018-05-21 10:18:13 - [MESSAGE][PASSED] - Modify property of object successfully

2018-05-21 10:18:13 - [TEST_STEP][PASSED] - Statement - batchsize = com.kms.katalon.core.webui.keyword.WebUiBuiltInKeywords.getNumberOfTotalOption(batchlength): 10 options of object '' counted

2018-05-21 10:18:13 - [MESSAGE][PASSED] - 10 options of object '' counted

2018-05-21 10:18:13 - [TEST_STEP][PASSED] - Statement - out.println("BatchSize : " + batchsize): null

2018-05-21 10:18:13 - [TEST_STEP][PASSED] - Statement - For ([n = 1, n <= batchsize - 1, (n++)]): null

2018-05-21 10:18:13 - [TEST_STEP][PASSED] - Statement - product = new com.kms.katalon.core.testobject.TestObject(): null

2018-05-21 10:18:13 - [TEST_STEP][PASSED] - Statement - product = com.kms.katalon.core.webui.keyword.WebUiBuiltInKeywords.modifyObjectProperty(product, "xpath", "equals", "//*[@id = "fldvendor" + row + ""]", true): Modify property of object successfully

2018-05-21 10:18:13 - [MESSAGE][PASSED] - Modify property of object successfully

2018-05-21 10:18:13 - [TEST_STEP][PASSED] - selectOptionByIndex: All options with index in [1] are selected on object ''

2018-05-21 10:18:14 - [MESSAGE][PASSED] - All options with index in [1] are selected on object ''

2018-05-21 10:18:14 - [TEST_STEP][PASSED] - Statement - batch = new com.kms.katalon.core.testobject.TestObject(): null

2018-05-21 10:18:14 - [TEST_STEP][PASSED] - Statement - batch = com.kms.katalon.core.webui.keyword.WebUiBuiltInKeywords.modifyObjectProperty(batch, "xpath", "equals", "//*[@id = "txtbthqty" + row + ""]", true): Modify property of object successfully

2018-05-21 10:18:14 - [MESSAGE][PASSED] - Modify property of object successfully

2018-05-21 10:18:14 - [TEST_STEP][PASSED] - Statement - batchqty = com.kms.katalon.core.webui.keyword.WebUiBuiltInKeywords.getAttribute(batch, "value").trim(): Attribute 'value' of object '' is: '3600'

2018-05-21 10:18:14 - [MESSAGE][PASSED] - Attribute 'value' of object '' is: '3600'

2018-05-21 10:18:14 - [TEST_STEP][PASSED] - Statement - Rqty = 100: null

2018-05-21 10:18:14 - [TEST_STEP][PASSED] - delay: Delayed 2 second(s)

2018-05-21 10:18:16 - [MESSAGE][PASSED] - Delayed 2 second(s)

2018-05-21 10:18:16 - [TEST_STEP][PASSED] - Statement - out.println("BatchQty : " + batchqty): null

2018-05-21 10:18:16 - [TEST_STEP][PASSED] - Statement - out.println("RQty : " + Rqty): null

2018-05-21 10:18:16 - [TEST_STEP][PASSED] - Statement - If (java.lang.Integer.valueOf(batchqty) >= java.lang.Integer.valueOf(Rqty)): null

2018-05-21 10:18:16 - [TEST_STEP][PASSED] - Statement - Break: null

2018-05-21 10:18:16 - [TEST_STEP][PASSED] - Statement - batchlength = new com.kms.katalon.core.testobject.TestObject(): null

2018-05-21 10:18:16 - [TEST_STEP][PASSED] - Statement - batchlength = com.kms.katalon.core.webui.keyword.WebUiBuiltInKeywords.modifyObjectProperty(batchlength, "xpath", "equals", "//*[@id = "fldvendor" + row + ""]", true): Modify property of object successfully

2018-05-21 10:18:16 - [MESSAGE][PASSED] - Modify property of object successfully

2018-05-21 10:18:16 - [TEST_STEP][PASSED] - Statement - batchsize = com.kms.katalon.core.webui.keyword.WebUiBuiltInKeywords.getNumberOfTotalOption(batchlength): 10 options of object '' counted

2018-05-21 10:18:16 - [MESSAGE][PASSED] - 10 options of object '' counted

2018-05-21 10:18:16 - [TEST_STEP][PASSED] - Statement - out.println("BatchSize : " + batchsize): null

2018-05-21 10:18:16 - [TEST_STEP][PASSED] - Statement - For ([n = 1, n <= batchsize - 1, (n++)]): null

2018-05-21 10:18:16 - [TEST_STEP][PASSED] - Statement - product = new com.kms.katalon.core.testobject.TestObject(): null

2018-05-21 10:18:16 - [TEST_STEP][PASSED] - Statement - product = com.kms.katalon.core.webui.keyword.WebUiBuiltInKeywords.modifyObjectProperty(product, "xpath", "equals", "//*[@id = "fldvendor" + row + ""]", true): Modify property of object successfully

2018-05-21 10:18:16 - [MESSAGE][PASSED] - Modify property of object successfully

2018-05-21 10:18:16 - [TEST_STEP][PASSED] - selectOptionByIndex: All options with index in [1] are selected on object ''

2018-05-21 10:18:16 - [MESSAGE][PASSED] - All options with index in [1] are selected on object ''

2018-05-21 10:18:16 - [TEST_STEP][PASSED] - Statement - batch = new com.kms.katalon.core.testobject.TestObject(): null

2018-05-21 10:18:16 - [TEST_STEP][PASSED] - Statement - batch = com.kms.katalon.core.webui.keyword.WebUiBuiltInKeywords.modifyObjectProperty(batch, "xpath", "equals", "//*[@id = "txtbthqty" + row + ""]", true): Modify property of object successfully

2018-05-21 10:18:16 - [MESSAGE][PASSED] - Modify property of object successfully

2018-05-21 10:18:16 - [TEST_STEP][PASSED] - Statement - batchqty = com.kms.katalon.core.webui.keyword.WebUiBuiltInKeywords.getAttribute(batch, "value").trim(): Attribute 'value' of object '' is: '4600'

2018-05-21 10:18:16 - [MESSAGE][PASSED] - Attribute 'value' of object '' is: '4600'

2018-05-21 10:18:16 - [TEST_STEP][PASSED] - Statement - Rqty = 100: null

2018-05-21 10:18:16 - [TEST_STEP][PASSED] - delay: Delayed 2 second(s)

2018-05-21 10:18:18 - [MESSAGE][PASSED] - Delayed 2 second(s)

2018-05-21 10:18:18 - [TEST_STEP][PASSED] - Statement - out.println("BatchQty : " + batchqty): null

2018-05-21 10:18:18 - [TEST_STEP][PASSED] - Statement - out.println("RQty : " + Rqty): null

2018-05-21 10:18:18 - [TEST_STEP][PASSED] - Statement - If (java.lang.Integer.valueOf(batchqty) >= java.lang.Integer.valueOf(Rqty)): null

2018-05-21 10:18:18 - [TEST_STEP][PASSED] - Statement - Break: null

2018-05-21 10:18:18 - [TEST_STEP][PASSED] - Statement - batchlength = new com.kms.katalon.core.testobject.TestObject(): null

2018-05-21 10:18:18 - [TEST_STEP][PASSED] - Statement - batchlength = com.kms.katalon.core.webui.keyword.WebUiBuiltInKeywords.modifyObjectProperty(batchlength, "xpath", "equals", "//*[@id = "fldvendor" + row + ""]", true): Modify property of object successfully

2018-05-21 10:18:18 - [MESSAGE][PASSED] - Modify property of object successfully

2018-05-21 10:18:18 - [TEST_STEP][PASSED] - Statement - batchsize = com.kms.katalon.core.webui.keyword.WebUiBuiltInKeywords.getNumberOfTotalOption(batchlength): 10 options of object '' counted

2018-05-21 10:18:18 - [MESSAGE][PASSED] - 10 options of object '' counted

2018-05-21 10:18:18 - [TEST_STEP][PASSED] - Statement - out.println("BatchSize : " + batchsize): null

2018-05-21 10:18:18 - [TEST_STEP][PASSED] - Statement - For ([n = 1, n <= batchsize - 1, (n++)]): null

2018-05-21 10:18:18 - [TEST_STEP][PASSED] - Statement - product = new com.kms.katalon.core.testobject.TestObject(): null

2018-05-21 10:18:18 - [TEST_STEP][PASSED] - Statement - product = com.kms.katalon.core.webui.keyword.WebUiBuiltInKeywords.modifyObjectProperty(product, "xpath", "equals", "//*[@id = "fldvendor" + row + ""]", true): Modify property of object successfully

2018-05-21 10:18:18 - [MESSAGE][PASSED] - Modify property of object successfully

2018-05-21 10:18:18 - [TEST_STEP][PASSED] - selectOptionByIndex: All options with index in [1] are selected on object ''

2018-05-21 10:18:18 - [MESSAGE][PASSED] - All options with index in [1] are selected on object ''

2018-05-21 10:18:18 - [TEST_STEP][PASSED] - Statement - batch = new com.kms.katalon.core.testobject.TestObject(): null

2018-05-21 10:18:18 - [TEST_STEP][PASSED] - Statement - batch = com.kms.katalon.core.webui.keyword.WebUiBuiltInKeywords.modifyObjectProperty(batch, "xpath", "equals", "//*[@id = "txtbthqty" + row + ""]", true): Modify property of object successfully

2018-05-21 10:18:18 - [MESSAGE][PASSED] - Modify property of object successfully

2018-05-21 10:18:18 - [TEST_STEP][PASSED] - Statement - batchqty = com.kms.katalon.core.webui.keyword.WebUiBuiltInKeywords.getAttribute(batch, "value").trim(): Attribute 'value' of object '' is: '28500'

2018-05-21 10:18:18 - [MESSAGE][PASSED] - Attribute 'value' of object '' is: '28500'

2018-05-21 10:18:18 - [TEST_STEP][PASSED] - Statement - Rqty = 100: null

2018-05-21 10:18:18 - [TEST_STEP][PASSED] - delay: Delayed 2 second(s)

2018-05-21 10:18:20 - [MESSAGE][PASSED] - Delayed 2 second(s)

2018-05-21 10:18:20 - [TEST_STEP][PASSED] - Statement - out.println("BatchQty : " + batchqty): null

2018-05-21 10:18:20 - [TEST_STEP][PASSED] - Statement - out.println("RQty : " + Rqty): null

2018-05-21 10:18:20 - [TEST_STEP][PASSED] - Statement - If (java.lang.Integer.valueOf(batchqty) >= java.lang.Integer.valueOf(Rqty)): null

2018-05-21 10:18:20 - [TEST_STEP][PASSED] - Statement - Break: null

2018-05-21 10:18:20 - [TEST_STEP][PASSED] - Statement - batchlength = new com.kms.katalon.core.testobject.TestObject(): null

2018-05-21 10:18:20 - [TEST_STEP][PASSED] - Statement - batchlength = com.kms.katalon.core.webui.keyword.WebUiBuiltInKeywords.modifyObjectProperty(batchlength, "xpath", "equals", "//*[@id = "fldvendor" + row + ""]", true): Modify property of object successfully

2018-05-21 10:18:20 - [MESSAGE][PASSED] - Modify property of object successfully

2018-05-21 10:18:20 - [TEST_STEP][PASSED] - Statement - batchsize = com.kms.katalon.core.webui.keyword.WebUiBuiltInKeywords.getNumberOfTotalOption(batchlength): 10 options of object '' counted

2018-05-21 10:18:20 - [MESSAGE][PASSED] - 10 options of object '' counted

2018-05-21 10:18:20 - [TEST_STEP][PASSED] - Statement - out.println("BatchSize : " + batchsize): null

2018-05-21 10:18:20 - [TEST_STEP][PASSED] - Statement - For ([n = 1, n <= batchsize - 1, (n++)]): null

2018-05-21 10:18:20 - [TEST_STEP][PASSED] - Statement - product = new com.kms.katalon.core.testobject.TestObject(): null

2018-05-21 10:18:20 - [TEST_STEP][PASSED] - Statement - product = com.kms.katalon.core.webui.keyword.WebUiBuiltInKeywords.modifyObjectProperty(product, "xpath", "equals", "//*[@id = "fldvendor" + row + ""]", true): Modify property of object successfully

2018-05-21 10:18:20 - [MESSAGE][PASSED] - Modify property of object successfully

2018-05-21 10:18:20 - [TEST_STEP][PASSED] - selectOptionByIndex: All options with index in [1] are selected on object ''

2018-05-21 10:18:20 - [MESSAGE][PASSED] - All options with index in [1] are selected on object ''

2018-05-21 10:18:20 - [TEST_STEP][PASSED] - Statement - batch = new com.kms.katalon.core.testobject.TestObject(): null

2018-05-21 10:18:20 - [TEST_STEP][PASSED] - Statement - batch = com.kms.katalon.core.webui.keyword.WebUiBuiltInKeywords.modifyObjectProperty(batch, "xpath", "equals", "//*[@id = "txtbthqty" + row + ""]", true): Modify property of object successfully

2018-05-21 10:18:20 - [MESSAGE][PASSED] - Modify property of object successfully

2018-05-21 10:18:20 - [TEST_STEP][PASSED] - Statement - batchqty = com.kms.katalon.core.webui.keyword.WebUiBuiltInKeywords.getAttribute(batch, "value").trim(): Attribute 'value' of object '' is: '4600'

2018-05-21 10:18:20 - [MESSAGE][PASSED] - Attribute 'value' of object '' is: '4600'

2018-05-21 10:18:20 - [TEST_STEP][PASSED] - Statement - Rqty = 100: null

2018-05-21 10:18:20 - [TEST_STEP][PASSED] - delay: Delayed 2 second(s)

2018-05-21 10:18:22 - [MESSAGE][PASSED] - Delayed 2 second(s)

2018-05-21 10:18:22 - [TEST_STEP][PASSED] - Statement - out.println("BatchQty : " + batchqty): null

2018-05-21 10:18:22 - [TEST_STEP][PASSED] - Statement - out.println("RQty : " + Rqty): null

2018-05-21 10:18:22 - [TEST_STEP][PASSED] - Statement - If (java.lang.Integer.valueOf(batchqty) >= java.lang.Integer.valueOf(Rqty)): null

2018-05-21 10:18:22 - [TEST_STEP][PASSED] - Statement - Break: null

2018-05-21 10:18:22 - [TEST_STEP][PASSED] - Statement - batchlength = new com.kms.katalon.core.testobject.TestObject(): null

2018-05-21 10:18:22 - [TEST_STEP][PASSED] - Statement - batchlength = com.kms.katalon.core.webui.keyword.WebUiBuiltInKeywords.modifyObjectProperty(batchlength, "xpath", "equals", "//*[@id = "fldvendor" + row + ""]", true): Modify property of object successfully

2018-05-21 10:18:22 - [MESSAGE][PASSED] - Modify property of object successfully

2018-05-21 10:18:22 - [TEST_STEP][PASSED] - Statement - batchsize = com.kms.katalon.core.webui.keyword.WebUiBuiltInKeywords.getNumberOfTotalOption(batchlength): 10 options of object '' counted

2018-05-21 10:18:22 - [MESSAGE][PASSED] - 10 options of object '' counted

2018-05-21 10:18:22 - [TEST_STEP][PASSED] - Statement - out.println("BatchSize : " + batchsize): null

2018-05-21 10:18:22 - [TEST_STEP][PASSED] - Statement - For ([n = 1, n <= batchsize - 1, (n++)]): null

2018-05-21 10:18:22 - [TEST_STEP][PASSED] - Statement - product = new com.kms.katalon.core.testobject.TestObject(): null

2018-05-21 10:18:22 - [TEST_STEP][PASSED] - Statement - product = com.kms.katalon.core.webui.keyword.WebUiBuiltInKeywords.modifyObjectProperty(product, "xpath", "equals", "//*[@id = "fldvendor" + row + ""]", true): Modify property of object successfully

2018-05-21 10:18:22 - [MESSAGE][PASSED] - Modify property of object successfully

2018-05-21 10:18:22 - [TEST_STEP][PASSED] - selectOptionByIndex: All options with index in [1] are selected on object ''

2018-05-21 10:18:23 - [MESSAGE][PASSED] - All options with index in [1] are selected on object ''

2018-05-21 10:18:23 - [TEST_STEP][PASSED] - Statement - batch = new com.kms.katalon.core.testobject.TestObject(): null

2018-05-21 10:18:23 - [TEST_STEP][PASSED] - Statement - batch = com.kms.katalon.core.webui.keyword.WebUiBuiltInKeywords.modifyObjectProperty(batch, "xpath", "equals", "//*[@id = "txtbthqty" + row + ""]", true): Modify property of object successfully

2018-05-21 10:18:23 - [MESSAGE][PASSED] - Modify property of object successfully

2018-05-21 10:18:23 - [TEST_STEP][PASSED] - Statement - batchqty = com.kms.katalon.core.webui.keyword.WebUiBuiltInKeywords.getAttribute(batch, "value").trim(): Attribute 'value' of object '' is: '28500'

2018-05-21 10:18:23 - [MESSAGE][PASSED] - Attribute 'value' of object '' is: '28500'

2018-05-21 10:18:23 - [TEST_STEP][PASSED] - Statement - Rqty = 100: null

2018-05-21 10:18:23 - [TEST_STEP][PASSED] - delay: Delayed 2 second(s)

2018-05-21 10:18:25 - [MESSAGE][PASSED] - Delayed 2 second(s)

2018-05-21 10:18:25 - [TEST_STEP][PASSED] - Statement - out.println("BatchQty : " + batchqty): null

2018-05-21 10:18:25 - [TEST_STEP][PASSED] - Statement - out.println("RQty : " + Rqty): null

2018-05-21 10:18:25 - [TEST_STEP][PASSED] - Statement - If (java.lang.Integer.valueOf(batchqty) >= java.lang.Integer.valueOf(Rqty)): null

2018-05-21 10:18:25 - [TEST_STEP][PASSED] - Statement - Break: null

2018-05-21 10:18:25 - [TEST_STEP][PASSED] - Statement - batchlength = new com.kms.katalon.core.testobject.TestObject(): null

2018-05-21 10:18:25 - [TEST_STEP][PASSED] - Statement - batchlength = com.kms.katalon.core.webui.keyword.WebUiBuiltInKeywords.modifyObjectProperty(batchlength, "xpath", "equals", "//*[@id = "fldvendor" + row + ""]", true): Modify property of object successfully

2018-05-21 10:18:25 - [MESSAGE][PASSED] - Modify property of object successfully

2018-05-21 10:18:25 - [TEST_STEP][PASSED] - Statement - batchsize = com.kms.katalon.core.webui.keyword.WebUiBuiltInKeywords.getNumberOfTotalOption(batchlength): 10 options of object '' counted

2018-05-21 10:18:25 - [MESSAGE][PASSED] - 10 options of object '' counted

2018-05-21 10:18:25 - [TEST_STEP][PASSED] - Statement - out.println("BatchSize : " + batchsize): null

2018-05-21 10:18:25 - [TEST_STEP][PASSED] - Statement - For ([n = 1, n <= batchsize - 1, (n++)]): null

2018-05-21 10:18:25 - [TEST_STEP][PASSED] - Statement - product = new com.kms.katalon.core.testobject.TestObject(): null

2018-05-21 10:18:25 - [TEST_STEP][PASSED] - Statement - product = com.kms.katalon.core.webui.keyword.WebUiBuiltInKeywords.modifyObjectProperty(product, "xpath", "equals", "//*[@id = "fldvendor" + row + ""]", true): Modify property of object successfully

2018-05-21 10:18:25 - [MESSAGE][PASSED] - Modify property of object successfully

2018-05-21 10:18:25 - [TEST_STEP][PASSED] - selectOptionByIndex: All options with index in [1] are selected on object ''

2018-05-21 10:18:25 - [MESSAGE][PASSED] - All options with index in [1] are selected on object ''

2018-05-21 10:18:25 - [TEST_STEP][PASSED] - Statement - batch = new com.kms.katalon.core.testobject.TestObject(): null

2018-05-21 10:18:25 - [TEST_STEP][PASSED] - Statement - batch = com.kms.katalon.core.webui.keyword.WebUiBuiltInKeywords.modifyObjectProperty(batch, "xpath", "equals", "//*[@id = "txtbthqty" + row + ""]", true): Modify property of object successfully

2018-05-21 10:18:25 - [MESSAGE][PASSED] - Modify property of object successfully

2018-05-21 10:18:25 - [TEST_STEP][PASSED] - Statement - batchqty = com.kms.katalon.core.webui.keyword.WebUiBuiltInKeywords.getAttribute(batch, "value").trim(): Attribute 'value' of object '' is: '4600'

2018-05-21 10:18:25 - [MESSAGE][PASSED] - Attribute 'value' of object '' is: '4600'

2018-05-21 10:18:25 - [TEST_STEP][PASSED] - Statement - Rqty = 100: null

2018-05-21 10:18:25 - [TEST_STEP][PASSED] - delay: Delayed 2 second(s)

2018-05-21 10:18:27 - [MESSAGE][PASSED] - Delayed 2 second(s)

2018-05-21 10:18:27 - [TEST_STEP][PASSED] - Statement - out.println("BatchQty : " + batchqty): null

2018-05-21 10:18:27 - [TEST_STEP][PASSED] - Statement - out.println("RQty : " + Rqty): null

2018-05-21 10:18:27 - [TEST_STEP][PASSED] - Statement - If (java.lang.Integer.valueOf(batchqty) >= java.lang.Integer.valueOf(Rqty)): null

2018-05-21 10:18:27 - [TEST_STEP][PASSED] - Statement - Break: null

2018-05-21 10:18:27 - [TEST_STEP][PASSED] - Statement - batchlength = new com.kms.katalon.core.testobject.TestObject(): null

2018-05-21 10:18:27 - [TEST_STEP][PASSED] - Statement - batchlength = com.kms.katalon.core.webui.keyword.WebUiBuiltInKeywords.modifyObjectProperty(batchlength, "xpath", "equals", "//*[@id = "fldvendor" + row + ""]", true): Modify property of object successfully

2018-05-21 10:18:27 - [MESSAGE][PASSED] - Modify property of object successfully

2018-05-21 10:18:27 - [TEST_STEP][PASSED] - Statement - batchsize = com.kms.katalon.core.webui.keyword.WebUiBuiltInKeywords.getNumberOfTotalOption(batchlength): 19 options of object '' counted

2018-05-21 10:18:27 - [MESSAGE][PASSED] - 19 options of object '' counted

2018-05-21 10:18:27 - [TEST_STEP][PASSED] - Statement - out.println("BatchSize : " + batchsize): null

2018-05-21 10:18:27 - [TEST_STEP][PASSED] - Statement - For ([n = 1, n <= batchsize - 1, (n++)]): null

2018-05-21 10:18:27 - [TEST_STEP][PASSED] - Statement - product = new com.kms.katalon.core.testobject.TestObject(): null

2018-05-21 10:18:27 - [TEST_STEP][PASSED] - Statement - product = com.kms.katalon.core.webui.keyword.WebUiBuiltInKeywords.modifyObjectProperty(product, "xpath", "equals", "//*[@id = "fldvendor" + row + ""]", true): Modify property of object successfully

2018-05-21 10:18:27 - [MESSAGE][PASSED] - Modify property of object successfully

2018-05-21 10:18:27 - [TEST_STEP][PASSED] - selectOptionByIndex: All options with index in [1] are selected on object ''

2018-05-21 10:18:27 - [MESSAGE][PASSED] - All options with index in [1] are selected on object ''

2018-05-21 10:18:27 - [TEST_STEP][PASSED] - Statement - batch = new com.kms.katalon.core.testobject.TestObject(): null

2018-05-21 10:18:27 - [TEST_STEP][PASSED] - Statement - batch = com.kms.katalon.core.webui.keyword.WebUiBuiltInKeywords.modifyObjectProperty(batch, "xpath", "equals", "//*[@id = "txtbthqty" + row + ""]", true): Modify property of object successfully

2018-05-21 10:18:27 - [MESSAGE][PASSED] - Modify property of object successfully

2018-05-21 10:18:27 - [TEST_STEP][PASSED] - Statement - batchqty = com.kms.katalon.core.webui.keyword.WebUiBuiltInKeywords.getAttribute(batch, "value").trim(): Attribute 'value' of object '' is: '7200'

2018-05-21 10:18:27 - [MESSAGE][PASSED] - Attribute 'value' of object '' is: '7200'

2018-05-21 10:18:27 - [TEST_STEP][PASSED] - Statement - Rqty = 100: null

2018-05-21 10:18:27 - [TEST_STEP][PASSED] - delay: Delayed 2 second(s)

2018-05-21 10:18:29 - [MESSAGE][PASSED] - Delayed 2 second(s)

2018-05-21 10:18:29 - [TEST_STEP][PASSED] - Statement - out.println("BatchQty : " + batchqty): null

2018-05-21 10:18:29 - [TEST_STEP][PASSED] - Statement - out.println("RQty : " + Rqty): null

2018-05-21 10:18:29 - [TEST_STEP][PASSED] - Statement - If (java.lang.Integer.valueOf(batchqty) >= java.lang.Integer.valueOf(Rqty)): null

2018-05-21 10:18:29 - [TEST_STEP][PASSED] - Statement - Break: null

2018-05-21 10:18:29 - [TEST_STEP][PASSED] - Statement - batchlength = new com.kms.katalon.core.testobject.TestObject(): null

2018-05-21 10:18:29 - [TEST_STEP][PASSED] - Statement - batchlength = com.kms.katalon.core.webui.keyword.WebUiBuiltInKeywords.modifyObjectProperty(batchlength, "xpath", "equals", "//*[@id = "fldvendor" + row + ""]", true): Modify property of object successfully

2018-05-21 10:18:29 - [MESSAGE][PASSED] - Modify property of object successfully

2018-05-21 10:18:29 - [TEST_STEP][PASSED] - Statement - batchsize = com.kms.katalon.core.webui.keyword.WebUiBuiltInKeywords.getNumberOfTotalOption(batchlength): 19 options of object '' counted

2018-05-21 10:18:29 - [MESSAGE][PASSED] - 19 options of object '' counted

2018-05-21 10:18:29 - [TEST_STEP][PASSED] - Statement - out.println("BatchSize : " + batchsize): null

2018-05-21 10:18:29 - [TEST_STEP][PASSED] - Statement - For ([n = 1, n <= batchsize - 1, (n++)]): null

2018-05-21 10:18:29 - [TEST_STEP][PASSED] - Statement - product = new com.kms.katalon.core.testobject.TestObject(): null

2018-05-21 10:18:29 - [TEST_STEP][PASSED] - Statement - product = com.kms.katalon.core.webui.keyword.WebUiBuiltInKeywords.modifyObjectProperty(product, "xpath", "equals", "//*[@id = "fldvendor" + row + ""]", true): Modify property of object successfully

2018-05-21 10:18:29 - [MESSAGE][PASSED] - Modify property of object successfully

2018-05-21 10:18:29 - [TEST_STEP][PASSED] - selectOptionByIndex: All options with index in [1] are selected on object ''

2018-05-21 10:18:29 - [MESSAGE][PASSED] - All options with index in [1] are selected on object ''

2018-05-21 10:18:29 - [TEST_STEP][PASSED] - Statement - batch = new com.kms.katalon.core.testobject.TestObject(): null

2018-05-21 10:18:29 - [TEST_STEP][PASSED] - Statement - batch = com.kms.katalon.core.webui.keyword.WebUiBuiltInKeywords.modifyObjectProperty(batch, "xpath", "equals", "//*[@id = "txtbthqty" + row + ""]", true): Modify property of object successfully

2018-05-21 10:18:29 - [MESSAGE][PASSED] - Modify property of object successfully

2018-05-21 10:18:29 - [TEST_STEP][PASSED] - Statement - batchqty = com.kms.katalon.core.webui.keyword.WebUiBuiltInKeywords.getAttribute(batch, "value").trim(): Attribute 'value' of object '' is: '7200'

2018-05-21 10:18:29 - [MESSAGE][PASSED] - Attribute 'value' of object '' is: '7200'

2018-05-21 10:18:29 - [TEST_STEP][PASSED] - Statement - Rqty = 100: null

2018-05-21 10:18:29 - [TEST_STEP][PASSED] - delay: Delayed 2 second(s)

2018-05-21 10:18:31 - [MESSAGE][PASSED] - Delayed 2 second(s)

2018-05-21 10:18:31 - [TEST_STEP][PASSED] - Statement - out.println("BatchQty : " + batchqty): null

2018-05-21 10:18:31 - [TEST_STEP][PASSED] - Statement - out.println("RQty : " + Rqty): null

2018-05-21 10:18:31 - [TEST_STEP][PASSED] - Statement - If (java.lang.Integer.valueOf(batchqty) >= java.lang.Integer.valueOf(Rqty)): null

2018-05-21 10:18:31 - [TEST_STEP][PASSED] - Statement - Break: null

2018-05-21 10:18:31 - [TEST_STEP][PASSED] - Statement - batchlength = new com.kms.katalon.core.testobject.TestObject(): null

2018-05-21 10:18:31 - [TEST_STEP][PASSED] - Statement - batchlength = com.kms.katalon.core.webui.keyword.WebUiBuiltInKeywords.modifyObjectProperty(batchlength, "xpath", "equals", "//*[@id = "fldvendor" + row + ""]", true): Modify property of object successfully

2018-05-21 10:18:31 - [MESSAGE][PASSED] - Modify property of object successfully

2018-05-21 10:18:31 - [TEST_STEP][PASSED] - Statement - batchsize = com.kms.katalon.core.webui.keyword.WebUiBuiltInKeywords.getNumberOfTotalOption(batchlength): 10 options of object '' counted

2018-05-21 10:18:32 - [MESSAGE][PASSED] - 10 options of object '' counted

2018-05-21 10:18:32 - [TEST_STEP][PASSED] - Statement - out.println("BatchSize : " + batchsize): null

2018-05-21 10:18:32 - [TEST_STEP][PASSED] - Statement - For ([n = 1, n <= batchsize - 1, (n++)]): null

2018-05-21 10:18:32 - [TEST_STEP][PASSED] - Statement - product = new com.kms.katalon.core.testobject.TestObject(): null

2018-05-21 10:18:32 - [TEST_STEP][PASSED] - Statement - product = com.kms.katalon.core.webui.keyword.WebUiBuiltInKeywords.modifyObjectProperty(product, "xpath", "equals", "//*[@id = "fldvendor" + row + ""]", true): Modify property of object successfully

2018-05-21 10:18:32 - [MESSAGE][PASSED] - Modify property of object successfully

2018-05-21 10:18:32 - [TEST_STEP][PASSED] - selectOptionByIndex: All options with index in [1] are selected on object ''

2018-05-21 10:18:32 - [MESSAGE][PASSED] - All options with index in [1] are selected on object ''

2018-05-21 10:18:32 - [TEST_STEP][PASSED] - Statement - batch = new com.kms.katalon.core.testobject.TestObject(): null

2018-05-21 10:18:32 - [TEST_STEP][PASSED] - Statement - batch = com.kms.katalon.core.webui.keyword.WebUiBuiltInKeywords.modifyObjectProperty(batch, "xpath", "equals", "//*[@id = "txtbthqty" + row + ""]", true): Modify property of object successfully

2018-05-21 10:18:32 - [MESSAGE][PASSED] - Modify property of object successfully

2018-05-21 10:18:32 - [TEST_STEP][PASSED] - Statement - batchqty = com.kms.katalon.core.webui.keyword.WebUiBuiltInKeywords.getAttribute(batch, "value").trim(): Attribute 'value' of object '' is: '4600'

2018-05-21 10:18:32 - [MESSAGE][PASSED] - Attribute 'value' of object '' is: '4600'

2018-05-21 10:18:32 - [TEST_STEP][PASSED] - Statement - Rqty = 100: null

2018-05-21 10:18:32 - [TEST_STEP][PASSED] - delay: Delayed 2 second(s)

2018-05-21 10:18:34 - [MESSAGE][PASSED] - Delayed 2 second(s)

2018-05-21 10:18:34 - [TEST_STEP][PASSED] - Statement - out.println("BatchQty : " + batchqty): null

2018-05-21 10:18:34 - [TEST_STEP][PASSED] - Statement - out.println("RQty : " + Rqty): null

2018-05-21 10:18:34 - [TEST_STEP][PASSED] - Statement - If (java.lang.Integer.valueOf(batchqty) >= java.lang.Integer.valueOf(Rqty)): null

2018-05-21 10:18:34 - [TEST_STEP][PASSED] - Statement - Break: null

2018-05-21 10:18:34 - [TEST_STEP][PASSED] - Statement - batchlength = new com.kms.katalon.core.testobject.TestObject(): null

2018-05-21 10:18:34 - [TEST_STEP][PASSED] - Statement - batchlength = com.kms.katalon.core.webui.keyword.WebUiBuiltInKeywords.modifyObjectProperty(batchlength, "xpath", "equals", "//*[@id = "fldvendor" + row + ""]", true): Modify property of object successfully

2018-05-21 10:18:34 - [MESSAGE][PASSED] - Modify property of object successfully

2018-05-21 10:18:34 - [TEST_STEP][PASSED] - Statement - batchsize = com.kms.katalon.core.webui.keyword.WebUiBuiltInKeywords.getNumberOfTotalOption(batchlength): 10 options of object '' counted

2018-05-21 10:18:34 - [MESSAGE][PASSED] - 10 options of object '' counted

2018-05-21 10:18:34 - [TEST_STEP][PASSED] - Statement - out.println("BatchSize : " + batchsize): null

2018-05-21 10:18:34 - [TEST_STEP][PASSED] - Statement - For ([n = 1, n <= batchsize - 1, (n++)]): null

2018-05-21 10:18:34 - [TEST_STEP][PASSED] - Statement - product = new com.kms.katalon.core.testobject.TestObject(): null

2018-05-21 10:18:34 - [TEST_STEP][PASSED] - Statement - product = com.kms.katalon.core.webui.keyword.WebUiBuiltInKeywords.modifyObjectProperty(product, "xpath", "equals", "//*[@id = "fldvendor" + row + ""]", true): Modify property of object successfully

2018-05-21 10:18:34 - [MESSAGE][PASSED] - Modify property of object successfully

2018-05-21 10:18:34 - [TEST_STEP][PASSED] - selectOptionByIndex: All options with index in [1] are selected on object ''

2018-05-21 10:18:34 - [MESSAGE][PASSED] - All options with index in [1] are selected on object ''

2018-05-21 10:18:34 - [TEST_STEP][PASSED] - Statement - batch = new com.kms.katalon.core.testobject.TestObject(): null

2018-05-21 10:18:34 - [TEST_STEP][PASSED] - Statement - batch = com.kms.katalon.core.webui.keyword.WebUiBuiltInKeywords.modifyObjectProperty(batch, "xpath", "equals", "//*[@id = "txtbthqty" + row + ""]", true): Modify property of object successfully

2018-05-21 10:18:34 - [MESSAGE][PASSED] - Modify property of object successfully

2018-05-21 10:18:34 - [TEST_STEP][PASSED] - Statement - batchqty = com.kms.katalon.core.webui.keyword.WebUiBuiltInKeywords.getAttribute(batch, "value").trim(): Attribute 'value' of object '' is: '28500'

2018-05-21 10:18:34 - [MESSAGE][PASSED] - Attribute 'value' of object '' is: '28500'

2018-05-21 10:18:34 - [TEST_STEP][PASSED] - Statement - Rqty = 100: null

2018-05-21 10:18:34 - [TEST_STEP][PASSED] - delay: Delayed 2 second(s)

2018-05-21 10:18:36 - [MESSAGE][PASSED] - Delayed 2 second(s)

2018-05-21 10:18:36 - [TEST_STEP][PASSED] - Statement - out.println("BatchQty : " + batchqty): null

2018-05-21 10:18:36 - [TEST_STEP][PASSED] - Statement - out.println("RQty : " + Rqty): null

2018-05-21 10:18:36 - [TEST_STEP][PASSED] - Statement - If (java.lang.Integer.valueOf(batchqty) >= java.lang.Integer.valueOf(Rqty)): null

2018-05-21 10:18:36 - [TEST_STEP][PASSED] - Statement - Break: null

2018-05-21 10:18:36 - [TEST_STEP][PASSED] - delay: Delayed 2 second(s)

2018-05-21 10:18:38 - [MESSAGE][PASSED] - Delayed 2 second(s)

2018-05-21 10:18:38 - [TEST_STEP][PASSED] - click: Object: 'Object Repository/DispensaryToCms/Page_KDMC - CMS/input_btndispatch' is clicked on

2018-05-21 10:18:38 - [MESSAGE][PASSED] - Object: 'Object Repository/DispensaryToCms/Page_KDMC - CMS/input_btndispatch' is clicked on

2018-05-21 10:18:38 - [TEST_STEP][PASSED] - delay: Delayed 3 second(s)

2018-05-21 10:18:41 - [MESSAGE][PASSED] - Delayed 3 second(s)

2018-05-21 10:18:41 - [TEST_STEP][PASSED] - click: Object: 'Object Repository/DispensaryToCms/Page_KDMC - CMS/button_OK' is clicked on

2018-05-21 10:18:42 - [MESSAGE][PASSED] - Object: 'Object Repository/DispensaryToCms/Page_KDMC - CMS/button_OK' is clicked on

2018-05-21 10:18:42 - [TEST_STEP][PASSED] - delay: Delayed 3 second(s)

2018-05-21 10:18:45 - [MESSAGE][PASSED] - Delayed 3 second(s)

2018-05-21 10:18:45 - [TEST_STEP][PASSED] - waitForElementPresent: Object 'Object Repository/DispensaryToStore/Page_Dispensary Store/a_dropdown-toggle' is not present after 20 second(s)

2018-05-21 10:19:06 - [MESSAGE][WARNING] - Object 'Object Repository/DispensaryToStore/Page_Dispensary Store/a_dropdown-toggle' is not present after 20 second(s)

2018-05-21 10:19:06 - [TEST_STEP][PASSED] - click: Object: 'Object Repository/DispensaryToCms/Page_KDMC - CMS/a_dropdown-toggle' is clicked on

2018-05-21 10:19:06 - [MESSAGE][PASSED] - Object: 'Object Repository/DispensaryToCms/Page_KDMC - CMS/a_dropdown-toggle' is clicked on

2018-05-21 10:19:06 - [TEST_STEP][PASSED] - click: Object: 'Object Repository/DispensaryToCms/Page_KDMC - CMS/a_Sign out' is clicked on

2018-05-21 10:19:07 - [MESSAGE][PASSED] - Object: 'Object Repository/DispensaryToCms/Page_KDMC - CMS/a_Sign out' is clicked on

2018-05-21 10:19:07 - [TEST_STEP][PASSED] - delay: Delayed 3 second(s)

2018-05-21 10:19:10 - [MESSAGE][PASSED] - Delayed 3 second(s)

2018-05-21 10:19:10 - [TEST_STEP][PASSED] - navigateToUrl: Navigate to 'http://192.168.137.1/multihospital_new/HDSplashscreen.aspx' successfully

2018-05-21 10:19:10 - [MESSAGE][PASSED] - Navigate to 'http://192.168.137.1/multihospital_new/HDSplashscreen.aspx' successfully

2018-05-21 10:19:10 - [TEST_STEP][PASSED] - click: Object: 'Object Repository/DispensaryToCms/Page_KDMC/a_Dispensary Store' is clicked on

2018-05-21 10:19:11 - [MESSAGE][PASSED] - Object: 'Object Repository/DispensaryToCms/Page_KDMC/a_Dispensary Store' is clicked on

2018-05-21 10:19:11 - [TEST_STEP][PASSED] - setText: Text 'rajaram' is set on object 'Object Repository/DispensaryToCms/Page_Dispensary Store Login/input_txtusername'

2018-05-21 10:19:11 - [MESSAGE][PASSED] - Text 'rajaram' is set on object 'Object Repository/DispensaryToCms/Page_Dispensary Store Login/input_txtusername'

2018-05-21 10:19:11 - [TEST_STEP][PASSED] - setText: Text '123' is set on object 'Object Repository/DispensaryToCms/Page_Dispensary Store Login/input_txtpassword'

2018-05-21 10:19:11 - [MESSAGE][PASSED] - Text '123' is set on object 'Object Repository/DispensaryToCms/Page_Dispensary Store Login/input_txtpassword'

2018-05-21 10:19:11 - [TEST_STEP][PASSED] - delay: Delayed 3 second(s)

2018-05-21 10:19:14 - [MESSAGE][PASSED] - Delayed 3 second(s)

2018-05-21 10:19:14 - [TEST_STEP][PASSED] - click: Object: 'Object Repository/DispensaryToCms/Page_Dispensary Store Login/button_Sign in' is clicked on

2018-05-21 10:19:15 - [MESSAGE][PASSED] - Object: 'Object Repository/DispensaryToCms/Page_Dispensary Store Login/button_Sign in' is clicked on

2018-05-21 10:19:15 - [TEST_STEP][PASSED] - delay: Delayed 3 second(s)

2018-05-21 10:19:18 - [MESSAGE][PASSED] - Delayed 3 second(s)

2018-05-21 10:19:18 - [TEST_STEP][PASSED] - click: Object: 'Object Repository/DispensaryToCms/Page_Dispensary Store/a_CMS' is clicked on

2018-05-21 10:19:18 - [MESSAGE][PASSED] - Object: 'Object Repository/DispensaryToCms/Page_Dispensary Store/a_CMS' is clicked on

2018-05-21 10:19:18 - [TEST_STEP][PASSED] - delay: Delayed 2 second(s)

2018-05-21 10:19:20 - [MESSAGE][PASSED] - Delayed 2 second(s)

2018-05-21 10:19:20 - [TEST_STEP][PASSED] - click: Object: 'Object Repository/DispensaryToCms/Page_Dispensary Store/a_Receiving Goods' is clicked on

2018-05-21 10:19:20 - [MESSAGE][PASSED] - Object: 'Object Repository/DispensaryToCms/Page_Dispensary Store/a_Receiving Goods' is clicked on

2018-05-21 10:19:20 - [TEST_STEP][PASSED] - setText: Text 'PRNO/21052018/287' is set on object 'Object Repository/DispensaryToCms/Page_Dispensary Store/input'

2018-05-21 10:19:23 - [MESSAGE][PASSED] - Text 'PRNO/21052018/287' is set on object 'Object Repository/DispensaryToCms/Page_Dispensary Store/input'

2018-05-21 10:19:23 - [TEST_STEP][PASSED] - click: Object: 'Object Repository/DispensaryToCms/Page_Dispensary Store/input_PRNO18052018174' is clicked on

2018-05-21 10:19:23 - [MESSAGE][PASSED] - Object: 'Object Repository/DispensaryToCms/Page_Dispensary Store/input_PRNO18052018174' is clicked on

2018-05-21 10:19:23 - [TEST_STEP][PASSED] - delay: Delayed 2 second(s)

2018-05-21 10:19:25 - [MESSAGE][PASSED] - Delayed 2 second(s)

2018-05-21 10:19:25 - [TEST_STEP][PASSED] - click: Object: 'Object Repository/DispensaryToCms/Page_Dispensary Store/input_chkrem' is clicked on

2018-05-21 10:19:26 - [MESSAGE][PASSED] - Object: 'Object Repository/DispensaryToCms/Page_Dispensary Store/input_chkrem' is clicked on

2018-05-21 10:19:26 - [TEST_STEP][PASSED] - scrollToElement: Scroll to object 'Object Repository/DispensaryToCms/Page_Dispensary Store/input_btchkroqadd' successfully

2018-05-21 10:19:26 - [MESSAGE][PASSED] - Scroll to object 'Object Repository/DispensaryToCms/Page_Dispensary Store/input_btchkroqadd' successfully

2018-05-21 10:19:26 - [TEST_STEP][PASSED] - click: Object: 'Object Repository/DispensaryToCms/Page_Dispensary Store/input_btchkroqadd' is clicked on

2018-05-21 10:19:26 - [MESSAGE][PASSED] - Object: 'Object Repository/DispensaryToCms/Page_Dispensary Store/input_btchkroqadd' is clicked on

2018-05-21 10:19:26 - [TEST_STEP][PASSED] - delay: Delayed 2 second(s)

2018-05-21 10:19:28 - [MESSAGE][PASSED] - Delayed 2 second(s)

2018-05-21 10:19:28 - [TEST_STEP][PASSED] - refresh: Refresh successfully

2018-05-21 10:19:28 - [MESSAGE][PASSED] - Refresh successfully

2018-05-21 10:19:28 - [TEST_STEP][PASSED] - delay: Delayed 3 second(s)

2018-05-21 10:19:31 - [MESSAGE][PASSED] - Delayed 3 second(s)

2018-05-21 10:19:31 - [TEST_STEP][PASSED] - waitForElementPresent: Object 'Object Repository/DispensaryToStore/Page_Dispensary Store/a_dropdown-toggle' is present

2018-05-21 10:19:31 - [MESSAGE][PASSED] - Object 'Object Repository/DispensaryToStore/Page_Dispensary Store/a_dropdown-toggle' is present

2018-05-21 10:19:31 - [TEST_STEP][PASSED] - click: Object: 'Object Repository/DispensaryToCms/Page_Dispensary Store/a_dropdown-toggle' is clicked on

2018-05-21 10:19:31 - [MESSAGE][PASSED] - Object: 'Object Repository/DispensaryToCms/Page_Dispensary Store/a_dropdown-toggle' is clicked on

2018-05-21 10:19:31 - [TEST_STEP][PASSED] - click: Object: 'Object Repository/DispensaryToCms/Page_Dispensary Store/a_Sign out' is clicked on

2018-05-21 10:19:32 - [MESSAGE][PASSED] - Object: 'Object Repository/DispensaryToCms/Page_Dispensary Store/a_Sign out' is clicked on

2018-05-21 10:19:32 - [TEST_STEP][PASSED] - closeBrowser: Browser is closed

2018-05-21 10:19:33 - [MESSAGE][PASSED] - Browser is closed]]></system-out>
         <system-err><![CDATA[]]></system-err>
      </testcase>
      <testcase name="Test Cases/DISPENSARY TEST CASES/TC_DP_021 Verify Schedule 9 Dispensary To CMS Request Are Working Successfully Or Not" classname="Test Cases/DISPENSARY TEST CASES/TC_DP_021 Verify Schedule 9 Dispensary To CMS Request Are Working Successfully Or Not" status="PASSED">
         <system-out><![CDATA[2018-05-21 10:19:33 - [TEST_CASE][PASSED] - Test Cases/DISPENSARY TEST CASES/TC_DP_021 Verify Schedule 9 Dispensary To CMS Request Are Working Successfully Or Not: Test Cases/DISPENSARY TEST CASES/TC_DP_021 Verify Schedule 9 Dispensary To CMS Request Are Working Successfully Or Not

2018-05-21 10:19:33 - [TEST_STEP][PASSED] - openBrowser: Browser is opened with url: ''

2018-05-21 10:19:35 - [MESSAGE][PASSED] - Browser is opened with url: ''

2018-05-21 10:19:35 - [TEST_STEP][PASSED] - navigateToUrl: Navigate to 'http://192.168.137.1/multihospital_new/HDSplashscreen.aspx' successfully

2018-05-21 10:19:43 - [MESSAGE][PASSED] - Navigate to 'http://192.168.137.1/multihospital_new/HDSplashscreen.aspx' successfully

2018-05-21 10:19:43 - [TEST_STEP][PASSED] - maximizeWindow: Current window maximized

2018-05-21 10:19:44 - [MESSAGE][PASSED] - Current window maximized

2018-05-21 10:19:44 - [TEST_STEP][PASSED] - click: Object: 'Object Repository/DispensaryToCms/Page_KDMC/a_Dispensary Store' is clicked on

2018-05-21 10:19:45 - [MESSAGE][PASSED] - Object: 'Object Repository/DispensaryToCms/Page_KDMC/a_Dispensary Store' is clicked on

2018-05-21 10:19:45 - [TEST_STEP][PASSED] - setText: Text 'rajaram' is set on object 'Object Repository/DispensaryToCms/Page_Dispensary Store Login/input_txtusername'

2018-05-21 10:19:45 - [MESSAGE][PASSED] - Text 'rajaram' is set on object 'Object Repository/DispensaryToCms/Page_Dispensary Store Login/input_txtusername'

2018-05-21 10:19:45 - [TEST_STEP][PASSED] - setText: Text '123' is set on object 'Object Repository/DispensaryToCms/Page_Dispensary Store Login/input_txtpassword'

2018-05-21 10:19:45 - [MESSAGE][PASSED] - Text '123' is set on object 'Object Repository/DispensaryToCms/Page_Dispensary Store Login/input_txtpassword'

2018-05-21 10:19:45 - [TEST_STEP][PASSED] - delay: Delayed 3 second(s)

2018-05-21 10:19:48 - [MESSAGE][PASSED] - Delayed 3 second(s)

2018-05-21 10:19:48 - [TEST_STEP][PASSED] - click: Object: 'Object Repository/DispensaryToCms/Page_Dispensary Store Login/button_Sign in' is clicked on

2018-05-21 10:19:49 - [MESSAGE][PASSED] - Object: 'Object Repository/DispensaryToCms/Page_Dispensary Store Login/button_Sign in' is clicked on

2018-05-21 10:19:49 - [TEST_STEP][PASSED] - delay: Delayed 3 second(s)

2018-05-21 10:19:52 - [MESSAGE][PASSED] - Delayed 3 second(s)

2018-05-21 10:19:52 - [TEST_STEP][PASSED] - click: Object: 'Object Repository/DispensaryToCms/Page_Dispensary Store/a_CMS' is clicked on

2018-05-21 10:19:52 - [MESSAGE][PASSED] - Object: 'Object Repository/DispensaryToCms/Page_Dispensary Store/a_CMS' is clicked on

2018-05-21 10:19:52 - [TEST_STEP][PASSED] - click: Object: 'Object Repository/DispensaryToCms/Page_Dispensary Store/a_Request Send' is clicked on

2018-05-21 10:19:52 - [MESSAGE][PASSED] - Object: 'Object Repository/DispensaryToCms/Page_Dispensary Store/a_Request Send' is clicked on

2018-05-21 10:19:52 - [TEST_STEP][PASSED] - delay: Delayed 2 second(s)

2018-05-21 10:19:54 - [MESSAGE][PASSED] - Delayed 2 second(s)

2018-05-21 10:19:54 - [TEST_STEP][PASSED] - selectOptionByIndex: All options with index in [2] are selected on object 'Object Repository/DispensaryToCms/Page_Dispensary Store/select_--Select--'

2018-05-21 10:19:55 - [MESSAGE][PASSED] - All options with index in [2] are selected on object 'Object Repository/DispensaryToCms/Page_Dispensary Store/select_--Select--'

2018-05-21 10:19:55 - [TEST_STEP][PASSED] - selectOptionByIndex: All options with index in [9] are selected on object 'Object Repository/DispensaryToCms/Page_Dispensary Store/select_--Select--Schedule 1Inj'

2018-05-21 10:19:55 - [MESSAGE][PASSED] - All options with index in [9] are selected on object 'Object Repository/DispensaryToCms/Page_Dispensary Store/select_--Select--Schedule 1Inj'

2018-05-21 10:19:55 - [TEST_STEP][PASSED] - Statement - medicineslength = com.kms.katalon.core.webui.keyword.WebUiBuiltInKeywords.getNumberOfTotalOption(com.kms.katalon.core.testobject.ObjectRepository.findTestObject(DispensaryToCms/Page_Dispensary Store/select_--Select--Adernaline 0.)): 36 options of object 'Object Repository/DispensaryToCms/Page_Dispensary Store/select_--Select--Adernaline 0.' counted

2018-05-21 10:19:55 - [MESSAGE][PASSED] - 36 options of object 'Object Repository/DispensaryToCms/Page_Dispensary Store/select_--Select--Adernaline 0.' counted

2018-05-21 10:19:55 - [TEST_STEP][PASSED] - Statement - For ([e = 1, e <= medicineslength - 1, (e++)]): Object: 'Object Repository/DispensaryToCms/Page_Dispensary Store/button_Add' is clicked on

2018-05-21 10:19:55 - [TEST_STEP][PASSED] - selectOptionByIndex: All options with index in [9] are selected on object 'Object Repository/DispensaryToCms/Page_Dispensary Store/select_--Select--Schedule 1Inj'

2018-05-21 10:19:55 - [MESSAGE][PASSED] - All options with index in [9] are selected on object 'Object Repository/DispensaryToCms/Page_Dispensary Store/select_--Select--Schedule 1Inj'

2018-05-21 10:19:55 - [TEST_STEP][PASSED] - selectOptionByIndex: All options with index in [1] are selected on object 'Object Repository/DispensaryToCms/Page_Dispensary Store/select_--Select--Adernaline 0.'

2018-05-21 10:19:55 - [MESSAGE][PASSED] - All options with index in [1] are selected on object 'Object Repository/DispensaryToCms/Page_Dispensary Store/select_--Select--Adernaline 0.'

2018-05-21 10:19:55 - [TEST_STEP][PASSED] - setText: Text '100' is set on object 'Object Repository/DispensaryToCms/Page_Dispensary Store/input_txttreat'

2018-05-21 10:19:55 - [MESSAGE][PASSED] - Text '100' is set on object 'Object Repository/DispensaryToCms/Page_Dispensary Store/input_txttreat'

2018-05-21 10:19:55 - [TEST_STEP][PASSED] - click: Object: 'Object Repository/DispensaryToCms/Page_Dispensary Store/button_Add' is clicked on

2018-05-21 10:19:55 - [MESSAGE][PASSED] - Object: 'Object Repository/DispensaryToCms/Page_Dispensary Store/button_Add' is clicked on

2018-05-21 10:19:55 - [TEST_STEP][PASSED] - selectOptionByIndex: All options with index in [9] are selected on object 'Object Repository/DispensaryToCms/Page_Dispensary Store/select_--Select--Schedule 1Inj'

2018-05-21 10:19:56 - [MESSAGE][PASSED] - All options with index in [9] are selected on object 'Object Repository/DispensaryToCms/Page_Dispensary Store/select_--Select--Schedule 1Inj'

2018-05-21 10:19:56 - [TEST_STEP][PASSED] - selectOptionByIndex: All options with index in [2] are selected on object 'Object Repository/DispensaryToCms/Page_Dispensary Store/select_--Select--Adernaline 0.'

2018-05-21 10:19:56 - [MESSAGE][PASSED] - All options with index in [2] are selected on object 'Object Repository/DispensaryToCms/Page_Dispensary Store/select_--Select--Adernaline 0.'

2018-05-21 10:19:56 - [TEST_STEP][PASSED] - setText: Text '100' is set on object 'Object Repository/DispensaryToCms/Page_Dispensary Store/input_txttreat'

2018-05-21 10:19:56 - [MESSAGE][PASSED] - Text '100' is set on object 'Object Repository/DispensaryToCms/Page_Dispensary Store/input_txttreat'

2018-05-21 10:19:56 - [TEST_STEP][PASSED] - click: Object: 'Object Repository/DispensaryToCms/Page_Dispensary Store/button_Add' is clicked on

2018-05-21 10:19:56 - [MESSAGE][PASSED] - Object: 'Object Repository/DispensaryToCms/Page_Dispensary Store/button_Add' is clicked on

2018-05-21 10:19:56 - [TEST_STEP][PASSED] - selectOptionByIndex: All options with index in [9] are selected on object 'Object Repository/DispensaryToCms/Page_Dispensary Store/select_--Select--Schedule 1Inj'

2018-05-21 10:19:56 - [MESSAGE][PASSED] - All options with index in [9] are selected on object 'Object Repository/DispensaryToCms/Page_Dispensary Store/select_--Select--Schedule 1Inj'

2018-05-21 10:19:56 - [TEST_STEP][PASSED] - selectOptionByIndex: All options with index in [3] are selected on object 'Object Repository/DispensaryToCms/Page_Dispensary Store/select_--Select--Adernaline 0.'

2018-05-21 10:19:56 - [MESSAGE][PASSED] - All options with index in [3] are selected on object 'Object Repository/DispensaryToCms/Page_Dispensary Store/select_--Select--Adernaline 0.'

2018-05-21 10:19:56 - [TEST_STEP][PASSED] - setText: Text '100' is set on object 'Object Repository/DispensaryToCms/Page_Dispensary Store/input_txttreat'

2018-05-21 10:19:56 - [MESSAGE][PASSED] - Text '100' is set on object 'Object Repository/DispensaryToCms/Page_Dispensary Store/input_txttreat'

2018-05-21 10:19:56 - [TEST_STEP][PASSED] - click: Object: 'Object Repository/DispensaryToCms/Page_Dispensary Store/button_Add' is clicked on

2018-05-21 10:19:57 - [MESSAGE][PASSED] - Object: 'Object Repository/DispensaryToCms/Page_Dispensary Store/button_Add' is clicked on

2018-05-21 10:19:57 - [TEST_STEP][PASSED] - selectOptionByIndex: All options with index in [9] are selected on object 'Object Repository/DispensaryToCms/Page_Dispensary Store/select_--Select--Schedule 1Inj'

2018-05-21 10:19:57 - [MESSAGE][PASSED] - All options with index in [9] are selected on object 'Object Repository/DispensaryToCms/Page_Dispensary Store/select_--Select--Schedule 1Inj'

2018-05-21 10:19:57 - [TEST_STEP][PASSED] - selectOptionByIndex: All options with index in [4] are selected on object 'Object Repository/DispensaryToCms/Page_Dispensary Store/select_--Select--Adernaline 0.'

2018-05-21 10:19:57 - [MESSAGE][PASSED] - All options with index in [4] are selected on object 'Object Repository/DispensaryToCms/Page_Dispensary Store/select_--Select--Adernaline 0.'

2018-05-21 10:19:57 - [TEST_STEP][PASSED] - setText: Text '100' is set on object 'Object Repository/DispensaryToCms/Page_Dispensary Store/input_txttreat'

2018-05-21 10:19:57 - [MESSAGE][PASSED] - Text '100' is set on object 'Object Repository/DispensaryToCms/Page_Dispensary Store/input_txttreat'

2018-05-21 10:19:57 - [TEST_STEP][PASSED] - click: Object: 'Object Repository/DispensaryToCms/Page_Dispensary Store/button_Add' is clicked on

2018-05-21 10:19:57 - [MESSAGE][PASSED] - Object: 'Object Repository/DispensaryToCms/Page_Dispensary Store/button_Add' is clicked on

2018-05-21 10:19:57 - [TEST_STEP][PASSED] - selectOptionByIndex: All options with index in [9] are selected on object 'Object Repository/DispensaryToCms/Page_Dispensary Store/select_--Select--Schedule 1Inj'

2018-05-21 10:19:57 - [MESSAGE][PASSED] - All options with index in [9] are selected on object 'Object Repository/DispensaryToCms/Page_Dispensary Store/select_--Select--Schedule 1Inj'

2018-05-21 10:19:57 - [TEST_STEP][PASSED] - selectOptionByIndex: All options with index in [5] are selected on object 'Object Repository/DispensaryToCms/Page_Dispensary Store/select_--Select--Adernaline 0.'

2018-05-21 10:19:58 - [MESSAGE][PASSED] - All options with index in [5] are selected on object 'Object Repository/DispensaryToCms/Page_Dispensary Store/select_--Select--Adernaline 0.'

2018-05-21 10:19:58 - [TEST_STEP][PASSED] - setText: Text '100' is set on object 'Object Repository/DispensaryToCms/Page_Dispensary Store/input_txttreat'

2018-05-21 10:19:58 - [MESSAGE][PASSED] - Text '100' is set on object 'Object Repository/DispensaryToCms/Page_Dispensary Store/input_txttreat'

2018-05-21 10:19:58 - [TEST_STEP][PASSED] - click: Object: 'Object Repository/DispensaryToCms/Page_Dispensary Store/button_Add' is clicked on

2018-05-21 10:19:58 - [MESSAGE][PASSED] - Object: 'Object Repository/DispensaryToCms/Page_Dispensary Store/button_Add' is clicked on

2018-05-21 10:19:58 - [TEST_STEP][PASSED] - selectOptionByIndex: All options with index in [9] are selected on object 'Object Repository/DispensaryToCms/Page_Dispensary Store/select_--Select--Schedule 1Inj'

2018-05-21 10:19:58 - [MESSAGE][PASSED] - All options with index in [9] are selected on object 'Object Repository/DispensaryToCms/Page_Dispensary Store/select_--Select--Schedule 1Inj'

2018-05-21 10:19:58 - [TEST_STEP][PASSED] - selectOptionByIndex: All options with index in [6] are selected on object 'Object Repository/DispensaryToCms/Page_Dispensary Store/select_--Select--Adernaline 0.'

2018-05-21 10:19:58 - [MESSAGE][PASSED] - All options with index in [6] are selected on object 'Object Repository/DispensaryToCms/Page_Dispensary Store/select_--Select--Adernaline 0.'

2018-05-21 10:19:58 - [TEST_STEP][PASSED] - setText: Text '100' is set on object 'Object Repository/DispensaryToCms/Page_Dispensary Store/input_txttreat'

2018-05-21 10:19:58 - [MESSAGE][PASSED] - Text '100' is set on object 'Object Repository/DispensaryToCms/Page_Dispensary Store/input_txttreat'

2018-05-21 10:19:58 - [TEST_STEP][PASSED] - click: Object: 'Object Repository/DispensaryToCms/Page_Dispensary Store/button_Add' is clicked on

2018-05-21 10:19:58 - [MESSAGE][PASSED] - Object: 'Object Repository/DispensaryToCms/Page_Dispensary Store/button_Add' is clicked on

2018-05-21 10:19:58 - [TEST_STEP][PASSED] - selectOptionByIndex: All options with index in [9] are selected on object 'Object Repository/DispensaryToCms/Page_Dispensary Store/select_--Select--Schedule 1Inj'

2018-05-21 10:19:59 - [MESSAGE][PASSED] - All options with index in [9] are selected on object 'Object Repository/DispensaryToCms/Page_Dispensary Store/select_--Select--Schedule 1Inj'

2018-05-21 10:19:59 - [TEST_STEP][PASSED] - selectOptionByIndex: All options with index in [7] are selected on object 'Object Repository/DispensaryToCms/Page_Dispensary Store/select_--Select--Adernaline 0.'

2018-05-21 10:19:59 - [MESSAGE][PASSED] - All options with index in [7] are selected on object 'Object Repository/DispensaryToCms/Page_Dispensary Store/select_--Select--Adernaline 0.'

2018-05-21 10:19:59 - [TEST_STEP][PASSED] - setText: Text '100' is set on object 'Object Repository/DispensaryToCms/Page_Dispensary Store/input_txttreat'

2018-05-21 10:19:59 - [MESSAGE][PASSED] - Text '100' is set on object 'Object Repository/DispensaryToCms/Page_Dispensary Store/input_txttreat'

2018-05-21 10:19:59 - [TEST_STEP][PASSED] - click: Object: 'Object Repository/DispensaryToCms/Page_Dispensary Store/button_Add' is clicked on

2018-05-21 10:19:59 - [MESSAGE][PASSED] - Object: 'Object Repository/DispensaryToCms/Page_Dispensary Store/button_Add' is clicked on

2018-05-21 10:19:59 - [TEST_STEP][PASSED] - selectOptionByIndex: All options with index in [9] are selected on object 'Object Repository/DispensaryToCms/Page_Dispensary Store/select_--Select--Schedule 1Inj'

2018-05-21 10:19:59 - [MESSAGE][PASSED] - All options with index in [9] are selected on object 'Object Repository/DispensaryToCms/Page_Dispensary Store/select_--Select--Schedule 1Inj'

2018-05-21 10:19:59 - [TEST_STEP][PASSED] - selectOptionByIndex: All options with index in [8] are selected on object 'Object Repository/DispensaryToCms/Page_Dispensary Store/select_--Select--Adernaline 0.'

2018-05-21 10:19:59 - [MESSAGE][PASSED] - All options with index in [8] are selected on object 'Object Repository/DispensaryToCms/Page_Dispensary Store/select_--Select--Adernaline 0.'

2018-05-21 10:19:59 - [TEST_STEP][PASSED] - setText: Text '100' is set on object 'Object Repository/DispensaryToCms/Page_Dispensary Store/input_txttreat'

2018-05-21 10:19:59 - [MESSAGE][PASSED] - Text '100' is set on object 'Object Repository/DispensaryToCms/Page_Dispensary Store/input_txttreat'

2018-05-21 10:19:59 - [TEST_STEP][PASSED] - click: Object: 'Object Repository/DispensaryToCms/Page_Dispensary Store/button_Add' is clicked on

2018-05-21 10:20:00 - [MESSAGE][PASSED] - Object: 'Object Repository/DispensaryToCms/Page_Dispensary Store/button_Add' is clicked on

2018-05-21 10:20:00 - [TEST_STEP][PASSED] - selectOptionByIndex: All options with index in [9] are selected on object 'Object Repository/DispensaryToCms/Page_Dispensary Store/select_--Select--Schedule 1Inj'

2018-05-21 10:20:00 - [MESSAGE][PASSED] - All options with index in [9] are selected on object 'Object Repository/DispensaryToCms/Page_Dispensary Store/select_--Select--Schedule 1Inj'

2018-05-21 10:20:00 - [TEST_STEP][PASSED] - selectOptionByIndex: All options with index in [9] are selected on object 'Object Repository/DispensaryToCms/Page_Dispensary Store/select_--Select--Adernaline 0.'

2018-05-21 10:20:00 - [MESSAGE][PASSED] - All options with index in [9] are selected on object 'Object Repository/DispensaryToCms/Page_Dispensary Store/select_--Select--Adernaline 0.'

2018-05-21 10:20:00 - [TEST_STEP][PASSED] - setText: Text '100' is set on object 'Object Repository/DispensaryToCms/Page_Dispensary Store/input_txttreat'

2018-05-21 10:20:00 - [MESSAGE][PASSED] - Text '100' is set on object 'Object Repository/DispensaryToCms/Page_Dispensary Store/input_txttreat'

2018-05-21 10:20:00 - [TEST_STEP][PASSED] - click: Object: 'Object Repository/DispensaryToCms/Page_Dispensary Store/button_Add' is clicked on

2018-05-21 10:20:00 - [MESSAGE][PASSED] - Object: 'Object Repository/DispensaryToCms/Page_Dispensary Store/button_Add' is clicked on

2018-05-21 10:20:00 - [TEST_STEP][PASSED] - selectOptionByIndex: All options with index in [9] are selected on object 'Object Repository/DispensaryToCms/Page_Dispensary Store/select_--Select--Schedule 1Inj'

2018-05-21 10:20:00 - [MESSAGE][PASSED] - All options with index in [9] are selected on object 'Object Repository/DispensaryToCms/Page_Dispensary Store/select_--Select--Schedule 1Inj'

2018-05-21 10:20:00 - [TEST_STEP][PASSED] - selectOptionByIndex: All options with index in [10] are selected on object 'Object Repository/DispensaryToCms/Page_Dispensary Store/select_--Select--Adernaline 0.'

2018-05-21 10:20:01 - [MESSAGE][PASSED] - All options with index in [10] are selected on object 'Object Repository/DispensaryToCms/Page_Dispensary Store/select_--Select--Adernaline 0.'

2018-05-21 10:20:01 - [TEST_STEP][PASSED] - setText: Text '100' is set on object 'Object Repository/DispensaryToCms/Page_Dispensary Store/input_txttreat'

2018-05-21 10:20:01 - [MESSAGE][PASSED] - Text '100' is set on object 'Object Repository/DispensaryToCms/Page_Dispensary Store/input_txttreat'

2018-05-21 10:20:01 - [TEST_STEP][PASSED] - click: Object: 'Object Repository/DispensaryToCms/Page_Dispensary Store/button_Add' is clicked on

2018-05-21 10:20:01 - [MESSAGE][PASSED] - Object: 'Object Repository/DispensaryToCms/Page_Dispensary Store/button_Add' is clicked on

2018-05-21 10:20:01 - [TEST_STEP][PASSED] - selectOptionByIndex: All options with index in [9] are selected on object 'Object Repository/DispensaryToCms/Page_Dispensary Store/select_--Select--Schedule 1Inj'

2018-05-21 10:20:01 - [MESSAGE][PASSED] - All options with index in [9] are selected on object 'Object Repository/DispensaryToCms/Page_Dispensary Store/select_--Select--Schedule 1Inj'

2018-05-21 10:20:01 - [TEST_STEP][PASSED] - selectOptionByIndex: All options with index in [11] are selected on object 'Object Repository/DispensaryToCms/Page_Dispensary Store/select_--Select--Adernaline 0.'

2018-05-21 10:20:01 - [MESSAGE][PASSED] - All options with index in [11] are selected on object 'Object Repository/DispensaryToCms/Page_Dispensary Store/select_--Select--Adernaline 0.'

2018-05-21 10:20:01 - [TEST_STEP][PASSED] - setText: Text '100' is set on object 'Object Repository/DispensaryToCms/Page_Dispensary Store/input_txttreat'

2018-05-21 10:20:01 - [MESSAGE][PASSED] - Text '100' is set on object 'Object Repository/DispensaryToCms/Page_Dispensary Store/input_txttreat'

2018-05-21 10:20:01 - [TEST_STEP][PASSED] - click: Object: 'Object Repository/DispensaryToCms/Page_Dispensary Store/button_Add' is clicked on

2018-05-21 10:20:01 - [MESSAGE][PASSED] - Object: 'Object Repository/DispensaryToCms/Page_Dispensary Store/button_Add' is clicked on

2018-05-21 10:20:01 - [TEST_STEP][PASSED] - selectOptionByIndex: All options with index in [9] are selected on object 'Object Repository/DispensaryToCms/Page_Dispensary Store/select_--Select--Schedule 1Inj'

2018-05-21 10:20:02 - [MESSAGE][PASSED] - All options with index in [9] are selected on object 'Object Repository/DispensaryToCms/Page_Dispensary Store/select_--Select--Schedule 1Inj'

2018-05-21 10:20:02 - [TEST_STEP][PASSED] - selectOptionByIndex: All options with index in [12] are selected on object 'Object Repository/DispensaryToCms/Page_Dispensary Store/select_--Select--Adernaline 0.'

2018-05-21 10:20:02 - [MESSAGE][PASSED] - All options with index in [12] are selected on object 'Object Repository/DispensaryToCms/Page_Dispensary Store/select_--Select--Adernaline 0.'

2018-05-21 10:20:02 - [TEST_STEP][PASSED] - setText: Text '100' is set on object 'Object Repository/DispensaryToCms/Page_Dispensary Store/input_txttreat'

2018-05-21 10:20:02 - [MESSAGE][PASSED] - Text '100' is set on object 'Object Repository/DispensaryToCms/Page_Dispensary Store/input_txttreat'

2018-05-21 10:20:02 - [TEST_STEP][PASSED] - click: Object: 'Object Repository/DispensaryToCms/Page_Dispensary Store/button_Add' is clicked on

2018-05-21 10:20:02 - [MESSAGE][PASSED] - Object: 'Object Repository/DispensaryToCms/Page_Dispensary Store/button_Add' is clicked on

2018-05-21 10:20:02 - [TEST_STEP][PASSED] - selectOptionByIndex: All options with index in [9] are selected on object 'Object Repository/DispensaryToCms/Page_Dispensary Store/select_--Select--Schedule 1Inj'

2018-05-21 10:20:02 - [MESSAGE][PASSED] - All options with index in [9] are selected on object 'Object Repository/DispensaryToCms/Page_Dispensary Store/select_--Select--Schedule 1Inj'

2018-05-21 10:20:02 - [TEST_STEP][PASSED] - selectOptionByIndex: All options with index in [13] are selected on object 'Object Repository/DispensaryToCms/Page_Dispensary Store/select_--Select--Adernaline 0.'

2018-05-21 10:20:03 - [MESSAGE][PASSED] - All options with index in [13] are selected on object 'Object Repository/DispensaryToCms/Page_Dispensary Store/select_--Select--Adernaline 0.'

2018-05-21 10:20:03 - [TEST_STEP][PASSED] - setText: Text '100' is set on object 'Object Repository/DispensaryToCms/Page_Dispensary Store/input_txttreat'

2018-05-21 10:20:03 - [MESSAGE][PASSED] - Text '100' is set on object 'Object Repository/DispensaryToCms/Page_Dispensary Store/input_txttreat'

2018-05-21 10:20:03 - [TEST_STEP][PASSED] - click: Object: 'Object Repository/DispensaryToCms/Page_Dispensary Store/button_Add' is clicked on

2018-05-21 10:20:03 - [MESSAGE][PASSED] - Object: 'Object Repository/DispensaryToCms/Page_Dispensary Store/button_Add' is clicked on

2018-05-21 10:20:03 - [TEST_STEP][PASSED] - selectOptionByIndex: All options with index in [9] are selected on object 'Object Repository/DispensaryToCms/Page_Dispensary Store/select_--Select--Schedule 1Inj'

2018-05-21 10:20:03 - [MESSAGE][PASSED] - All options with index in [9] are selected on object 'Object Repository/DispensaryToCms/Page_Dispensary Store/select_--Select--Schedule 1Inj'

2018-05-21 10:20:03 - [TEST_STEP][PASSED] - selectOptionByIndex: All options with index in [14] are selected on object 'Object Repository/DispensaryToCms/Page_Dispensary Store/select_--Select--Adernaline 0.'

2018-05-21 10:20:03 - [MESSAGE][PASSED] - All options with index in [14] are selected on object 'Object Repository/DispensaryToCms/Page_Dispensary Store/select_--Select--Adernaline 0.'

2018-05-21 10:20:03 - [TEST_STEP][PASSED] - setText: Text '100' is set on object 'Object Repository/DispensaryToCms/Page_Dispensary Store/input_txttreat'

2018-05-21 10:20:03 - [MESSAGE][PASSED] - Text '100' is set on object 'Object Repository/DispensaryToCms/Page_Dispensary Store/input_txttreat'

2018-05-21 10:20:03 - [TEST_STEP][PASSED] - click: Object: 'Object Repository/DispensaryToCms/Page_Dispensary Store/button_Add' is clicked on

2018-05-21 10:20:03 - [MESSAGE][PASSED] - Object: 'Object Repository/DispensaryToCms/Page_Dispensary Store/button_Add' is clicked on

2018-05-21 10:20:03 - [TEST_STEP][PASSED] - selectOptionByIndex: All options with index in [9] are selected on object 'Object Repository/DispensaryToCms/Page_Dispensary Store/select_--Select--Schedule 1Inj'

2018-05-21 10:20:04 - [MESSAGE][PASSED] - All options with index in [9] are selected on object 'Object Repository/DispensaryToCms/Page_Dispensary Store/select_--Select--Schedule 1Inj'

2018-05-21 10:20:04 - [TEST_STEP][PASSED] - selectOptionByIndex: All options with index in [15] are selected on object 'Object Repository/DispensaryToCms/Page_Dispensary Store/select_--Select--Adernaline 0.'

2018-05-21 10:20:04 - [MESSAGE][PASSED] - All options with index in [15] are selected on object 'Object Repository/DispensaryToCms/Page_Dispensary Store/select_--Select--Adernaline 0.'

2018-05-21 10:20:04 - [TEST_STEP][PASSED] - setText: Text '100' is set on object 'Object Repository/DispensaryToCms/Page_Dispensary Store/input_txttreat'

2018-05-21 10:20:04 - [MESSAGE][PASSED] - Text '100' is set on object 'Object Repository/DispensaryToCms/Page_Dispensary Store/input_txttreat'

2018-05-21 10:20:04 - [TEST_STEP][PASSED] - click: Object: 'Object Repository/DispensaryToCms/Page_Dispensary Store/button_Add' is clicked on

2018-05-21 10:20:04 - [MESSAGE][PASSED] - Object: 'Object Repository/DispensaryToCms/Page_Dispensary Store/button_Add' is clicked on

2018-05-21 10:20:04 - [TEST_STEP][PASSED] - selectOptionByIndex: All options with index in [9] are selected on object 'Object Repository/DispensaryToCms/Page_Dispensary Store/select_--Select--Schedule 1Inj'

2018-05-21 10:20:04 - [MESSAGE][PASSED] - All options with index in [9] are selected on object 'Object Repository/DispensaryToCms/Page_Dispensary Store/select_--Select--Schedule 1Inj'

2018-05-21 10:20:04 - [TEST_STEP][PASSED] - selectOptionByIndex: All options with index in [16] are selected on object 'Object Repository/DispensaryToCms/Page_Dispensary Store/select_--Select--Adernaline 0.'

2018-05-21 10:20:05 - [MESSAGE][PASSED] - All options with index in [16] are selected on object 'Object Repository/DispensaryToCms/Page_Dispensary Store/select_--Select--Adernaline 0.'

2018-05-21 10:20:05 - [TEST_STEP][PASSED] - setText: Text '100' is set on object 'Object Repository/DispensaryToCms/Page_Dispensary Store/input_txttreat'

2018-05-21 10:20:05 - [MESSAGE][PASSED] - Text '100' is set on object 'Object Repository/DispensaryToCms/Page_Dispensary Store/input_txttreat'

2018-05-21 10:20:05 - [TEST_STEP][PASSED] - click: Object: 'Object Repository/DispensaryToCms/Page_Dispensary Store/button_Add' is clicked on

2018-05-21 10:20:05 - [MESSAGE][PASSED] - Object: 'Object Repository/DispensaryToCms/Page_Dispensary Store/button_Add' is clicked on

2018-05-21 10:20:05 - [TEST_STEP][PASSED] - selectOptionByIndex: All options with index in [9] are selected on object 'Object Repository/DispensaryToCms/Page_Dispensary Store/select_--Select--Schedule 1Inj'

2018-05-21 10:20:05 - [MESSAGE][PASSED] - All options with index in [9] are selected on object 'Object Repository/DispensaryToCms/Page_Dispensary Store/select_--Select--Schedule 1Inj'

2018-05-21 10:20:05 - [TEST_STEP][PASSED] - selectOptionByIndex: All options with index in [17] are selected on object 'Object Repository/DispensaryToCms/Page_Dispensary Store/select_--Select--Adernaline 0.'

2018-05-21 10:20:05 - [MESSAGE][PASSED] - All options with index in [17] are selected on object 'Object Repository/DispensaryToCms/Page_Dispensary Store/select_--Select--Adernaline 0.'

2018-05-21 10:20:05 - [TEST_STEP][PASSED] - setText: Text '100' is set on object 'Object Repository/DispensaryToCms/Page_Dispensary Store/input_txttreat'

2018-05-21 10:20:05 - [MESSAGE][PASSED] - Text '100' is set on object 'Object Repository/DispensaryToCms/Page_Dispensary Store/input_txttreat'

2018-05-21 10:20:05 - [TEST_STEP][PASSED] - click: Object: 'Object Repository/DispensaryToCms/Page_Dispensary Store/button_Add' is clicked on

2018-05-21 10:20:06 - [MESSAGE][PASSED] - Object: 'Object Repository/DispensaryToCms/Page_Dispensary Store/button_Add' is clicked on

2018-05-21 10:20:06 - [TEST_STEP][PASSED] - selectOptionByIndex: All options with index in [9] are selected on object 'Object Repository/DispensaryToCms/Page_Dispensary Store/select_--Select--Schedule 1Inj'

2018-05-21 10:20:06 - [MESSAGE][PASSED] - All options with index in [9] are selected on object 'Object Repository/DispensaryToCms/Page_Dispensary Store/select_--Select--Schedule 1Inj'

2018-05-21 10:20:06 - [TEST_STEP][PASSED] - selectOptionByIndex: All options with index in [18] are selected on object 'Object Repository/DispensaryToCms/Page_Dispensary Store/select_--Select--Adernaline 0.'

2018-05-21 10:20:06 - [MESSAGE][PASSED] - All options with index in [18] are selected on object 'Object Repository/DispensaryToCms/Page_Dispensary Store/select_--Select--Adernaline 0.'

2018-05-21 10:20:06 - [TEST_STEP][PASSED] - setText: Text '100' is set on object 'Object Repository/DispensaryToCms/Page_Dispensary Store/input_txttreat'

2018-05-21 10:20:06 - [MESSAGE][PASSED] - Text '100' is set on object 'Object Repository/DispensaryToCms/Page_Dispensary Store/input_txttreat'

2018-05-21 10:20:06 - [TEST_STEP][PASSED] - click: Object: 'Object Repository/DispensaryToCms/Page_Dispensary Store/button_Add' is clicked on

2018-05-21 10:20:06 - [MESSAGE][PASSED] - Object: 'Object Repository/DispensaryToCms/Page_Dispensary Store/button_Add' is clicked on

2018-05-21 10:20:06 - [TEST_STEP][PASSED] - selectOptionByIndex: All options with index in [9] are selected on object 'Object Repository/DispensaryToCms/Page_Dispensary Store/select_--Select--Schedule 1Inj'

2018-05-21 10:20:06 - [MESSAGE][PASSED] - All options with index in [9] are selected on object 'Object Repository/DispensaryToCms/Page_Dispensary Store/select_--Select--Schedule 1Inj'

2018-05-21 10:20:06 - [TEST_STEP][PASSED] - selectOptionByIndex: All options with index in [19] are selected on object 'Object Repository/DispensaryToCms/Page_Dispensary Store/select_--Select--Adernaline 0.'

2018-05-21 10:20:07 - [MESSAGE][PASSED] - All options with index in [19] are selected on object 'Object Repository/DispensaryToCms/Page_Dispensary Store/select_--Select--Adernaline 0.'

2018-05-21 10:20:07 - [TEST_STEP][PASSED] - setText: Text '100' is set on object 'Object Repository/DispensaryToCms/Page_Dispensary Store/input_txttreat'

2018-05-21 10:20:07 - [MESSAGE][PASSED] - Text '100' is set on object 'Object Repository/DispensaryToCms/Page_Dispensary Store/input_txttreat'

2018-05-21 10:20:07 - [TEST_STEP][PASSED] - click: Object: 'Object Repository/DispensaryToCms/Page_Dispensary Store/button_Add' is clicked on

2018-05-21 10:20:07 - [MESSAGE][PASSED] - Object: 'Object Repository/DispensaryToCms/Page_Dispensary Store/button_Add' is clicked on

2018-05-21 10:20:07 - [TEST_STEP][PASSED] - selectOptionByIndex: All options with index in [9] are selected on object 'Object Repository/DispensaryToCms/Page_Dispensary Store/select_--Select--Schedule 1Inj'

2018-05-21 10:20:07 - [MESSAGE][PASSED] - All options with index in [9] are selected on object 'Object Repository/DispensaryToCms/Page_Dispensary Store/select_--Select--Schedule 1Inj'

2018-05-21 10:20:07 - [TEST_STEP][PASSED] - selectOptionByIndex: All options with index in [20] are selected on object 'Object Repository/DispensaryToCms/Page_Dispensary Store/select_--Select--Adernaline 0.'

2018-05-21 10:20:08 - [MESSAGE][PASSED] - All options with index in [20] are selected on object 'Object Repository/DispensaryToCms/Page_Dispensary Store/select_--Select--Adernaline 0.'

2018-05-21 10:20:08 - [TEST_STEP][PASSED] - setText: Text '100' is set on object 'Object Repository/DispensaryToCms/Page_Dispensary Store/input_txttreat'

2018-05-21 10:20:08 - [MESSAGE][PASSED] - Text '100' is set on object 'Object Repository/DispensaryToCms/Page_Dispensary Store/input_txttreat'

2018-05-21 10:20:08 - [TEST_STEP][PASSED] - click: Object: 'Object Repository/DispensaryToCms/Page_Dispensary Store/button_Add' is clicked on

2018-05-21 10:20:08 - [MESSAGE][PASSED] - Object: 'Object Repository/DispensaryToCms/Page_Dispensary Store/button_Add' is clicked on

2018-05-21 10:20:08 - [TEST_STEP][PASSED] - selectOptionByIndex: All options with index in [9] are selected on object 'Object Repository/DispensaryToCms/Page_Dispensary Store/select_--Select--Schedule 1Inj'

2018-05-21 10:20:08 - [MESSAGE][PASSED] - All options with index in [9] are selected on object 'Object Repository/DispensaryToCms/Page_Dispensary Store/select_--Select--Schedule 1Inj'

2018-05-21 10:20:08 - [TEST_STEP][PASSED] - selectOptionByIndex: All options with index in [21] are selected on object 'Object Repository/DispensaryToCms/Page_Dispensary Store/select_--Select--Adernaline 0.'

2018-05-21 10:20:08 - [MESSAGE][PASSED] - All options with index in [21] are selected on object 'Object Repository/DispensaryToCms/Page_Dispensary Store/select_--Select--Adernaline 0.'

2018-05-21 10:20:08 - [TEST_STEP][PASSED] - setText: Text '100' is set on object 'Object Repository/DispensaryToCms/Page_Dispensary Store/input_txttreat'

2018-05-21 10:20:08 - [MESSAGE][PASSED] - Text '100' is set on object 'Object Repository/DispensaryToCms/Page_Dispensary Store/input_txttreat'

2018-05-21 10:20:08 - [TEST_STEP][PASSED] - click: Object: 'Object Repository/DispensaryToCms/Page_Dispensary Store/button_Add' is clicked on

2018-05-21 10:20:08 - [MESSAGE][PASSED] - Object: 'Object Repository/DispensaryToCms/Page_Dispensary Store/button_Add' is clicked on

2018-05-21 10:20:08 - [TEST_STEP][PASSED] - selectOptionByIndex: All options with index in [9] are selected on object 'Object Repository/DispensaryToCms/Page_Dispensary Store/select_--Select--Schedule 1Inj'

2018-05-21 10:20:09 - [MESSAGE][PASSED] - All options with index in [9] are selected on object 'Object Repository/DispensaryToCms/Page_Dispensary Store/select_--Select--Schedule 1Inj'

2018-05-21 10:20:09 - [TEST_STEP][PASSED] - selectOptionByIndex: All options with index in [22] are selected on object 'Object Repository/DispensaryToCms/Page_Dispensary Store/select_--Select--Adernaline 0.'

2018-05-21 10:20:09 - [MESSAGE][PASSED] - All options with index in [22] are selected on object 'Object Repository/DispensaryToCms/Page_Dispensary Store/select_--Select--Adernaline 0.'

2018-05-21 10:20:09 - [TEST_STEP][PASSED] - setText: Text '100' is set on object 'Object Repository/DispensaryToCms/Page_Dispensary Store/input_txttreat'

2018-05-21 10:20:09 - [MESSAGE][PASSED] - Text '100' is set on object 'Object Repository/DispensaryToCms/Page_Dispensary Store/input_txttreat'

2018-05-21 10:20:09 - [TEST_STEP][PASSED] - click: Object: 'Object Repository/DispensaryToCms/Page_Dispensary Store/button_Add' is clicked on

2018-05-21 10:20:09 - [MESSAGE][PASSED] - Object: 'Object Repository/DispensaryToCms/Page_Dispensary Store/button_Add' is clicked on

2018-05-21 10:20:09 - [TEST_STEP][PASSED] - selectOptionByIndex: All options with index in [9] are selected on object 'Object Repository/DispensaryToCms/Page_Dispensary Store/select_--Select--Schedule 1Inj'

2018-05-21 10:20:09 - [MESSAGE][PASSED] - All options with index in [9] are selected on object 'Object Repository/DispensaryToCms/Page_Dispensary Store/select_--Select--Schedule 1Inj'

2018-05-21 10:20:09 - [TEST_STEP][PASSED] - selectOptionByIndex: All options with index in [23] are selected on object 'Object Repository/DispensaryToCms/Page_Dispensary Store/select_--Select--Adernaline 0.'

2018-05-21 10:20:10 - [MESSAGE][PASSED] - All options with index in [23] are selected on object 'Object Repository/DispensaryToCms/Page_Dispensary Store/select_--Select--Adernaline 0.'

2018-05-21 10:20:10 - [TEST_STEP][PASSED] - setText: Text '100' is set on object 'Object Repository/DispensaryToCms/Page_Dispensary Store/input_txttreat'

2018-05-21 10:20:10 - [MESSAGE][PASSED] - Text '100' is set on object 'Object Repository/DispensaryToCms/Page_Dispensary Store/input_txttreat'

2018-05-21 10:20:10 - [TEST_STEP][PASSED] - click: Object: 'Object Repository/DispensaryToCms/Page_Dispensary Store/button_Add' is clicked on

2018-05-21 10:20:10 - [MESSAGE][PASSED] - Object: 'Object Repository/DispensaryToCms/Page_Dispensary Store/button_Add' is clicked on

2018-05-21 10:20:10 - [TEST_STEP][PASSED] - selectOptionByIndex: All options with index in [9] are selected on object 'Object Repository/DispensaryToCms/Page_Dispensary Store/select_--Select--Schedule 1Inj'

2018-05-21 10:20:10 - [MESSAGE][PASSED] - All options with index in [9] are selected on object 'Object Repository/DispensaryToCms/Page_Dispensary Store/select_--Select--Schedule 1Inj'

2018-05-21 10:20:10 - [TEST_STEP][PASSED] - selectOptionByIndex: All options with index in [24] are selected on object 'Object Repository/DispensaryToCms/Page_Dispensary Store/select_--Select--Adernaline 0.'

2018-05-21 10:20:11 - [MESSAGE][PASSED] - All options with index in [24] are selected on object 'Object Repository/DispensaryToCms/Page_Dispensary Store/select_--Select--Adernaline 0.'

2018-05-21 10:20:11 - [TEST_STEP][PASSED] - setText: Text '100' is set on object 'Object Repository/DispensaryToCms/Page_Dispensary Store/input_txttreat'

2018-05-21 10:20:11 - [MESSAGE][PASSED] - Text '100' is set on object 'Object Repository/DispensaryToCms/Page_Dispensary Store/input_txttreat'

2018-05-21 10:20:11 - [TEST_STEP][PASSED] - click: Object: 'Object Repository/DispensaryToCms/Page_Dispensary Store/button_Add' is clicked on

2018-05-21 10:20:11 - [MESSAGE][PASSED] - Object: 'Object Repository/DispensaryToCms/Page_Dispensary Store/button_Add' is clicked on

2018-05-21 10:20:11 - [TEST_STEP][PASSED] - selectOptionByIndex: All options with index in [9] are selected on object 'Object Repository/DispensaryToCms/Page_Dispensary Store/select_--Select--Schedule 1Inj'

2018-05-21 10:20:11 - [MESSAGE][PASSED] - All options with index in [9] are selected on object 'Object Repository/DispensaryToCms/Page_Dispensary Store/select_--Select--Schedule 1Inj'

2018-05-21 10:20:11 - [TEST_STEP][PASSED] - selectOptionByIndex: All options with index in [25] are selected on object 'Object Repository/DispensaryToCms/Page_Dispensary Store/select_--Select--Adernaline 0.'

2018-05-21 10:20:11 - [MESSAGE][PASSED] - All options with index in [25] are selected on object 'Object Repository/DispensaryToCms/Page_Dispensary Store/select_--Select--Adernaline 0.'

2018-05-21 10:20:11 - [TEST_STEP][PASSED] - setText: Text '100' is set on object 'Object Repository/DispensaryToCms/Page_Dispensary Store/input_txttreat'

2018-05-21 10:20:11 - [MESSAGE][PASSED] - Text '100' is set on object 'Object Repository/DispensaryToCms/Page_Dispensary Store/input_txttreat'

2018-05-21 10:20:11 - [TEST_STEP][PASSED] - click: Object: 'Object Repository/DispensaryToCms/Page_Dispensary Store/button_Add' is clicked on

2018-05-21 10:20:12 - [MESSAGE][PASSED] - Object: 'Object Repository/DispensaryToCms/Page_Dispensary Store/button_Add' is clicked on

2018-05-21 10:20:12 - [TEST_STEP][PASSED] - selectOptionByIndex: All options with index in [9] are selected on object 'Object Repository/DispensaryToCms/Page_Dispensary Store/select_--Select--Schedule 1Inj'

2018-05-21 10:20:12 - [MESSAGE][PASSED] - All options with index in [9] are selected on object 'Object Repository/DispensaryToCms/Page_Dispensary Store/select_--Select--Schedule 1Inj'

2018-05-21 10:20:12 - [TEST_STEP][PASSED] - selectOptionByIndex: All options with index in [26] are selected on object 'Object Repository/DispensaryToCms/Page_Dispensary Store/select_--Select--Adernaline 0.'

2018-05-21 10:20:12 - [MESSAGE][PASSED] - All options with index in [26] are selected on object 'Object Repository/DispensaryToCms/Page_Dispensary Store/select_--Select--Adernaline 0.'

2018-05-21 10:20:12 - [TEST_STEP][PASSED] - setText: Text '100' is set on object 'Object Repository/DispensaryToCms/Page_Dispensary Store/input_txttreat'

2018-05-21 10:20:12 - [MESSAGE][PASSED] - Text '100' is set on object 'Object Repository/DispensaryToCms/Page_Dispensary Store/input_txttreat'

2018-05-21 10:20:12 - [TEST_STEP][PASSED] - click: Object: 'Object Repository/DispensaryToCms/Page_Dispensary Store/button_Add' is clicked on

2018-05-21 10:20:12 - [MESSAGE][PASSED] - Object: 'Object Repository/DispensaryToCms/Page_Dispensary Store/button_Add' is clicked on

2018-05-21 10:20:12 - [TEST_STEP][PASSED] - selectOptionByIndex: All options with index in [9] are selected on object 'Object Repository/DispensaryToCms/Page_Dispensary Store/select_--Select--Schedule 1Inj'

2018-05-21 10:20:13 - [MESSAGE][PASSED] - All options with index in [9] are selected on object 'Object Repository/DispensaryToCms/Page_Dispensary Store/select_--Select--Schedule 1Inj'

2018-05-21 10:20:13 - [TEST_STEP][PASSED] - selectOptionByIndex: All options with index in [27] are selected on object 'Object Repository/DispensaryToCms/Page_Dispensary Store/select_--Select--Adernaline 0.'

2018-05-21 10:20:13 - [MESSAGE][PASSED] - All options with index in [27] are selected on object 'Object Repository/DispensaryToCms/Page_Dispensary Store/select_--Select--Adernaline 0.'

2018-05-21 10:20:13 - [TEST_STEP][PASSED] - setText: Text '100' is set on object 'Object Repository/DispensaryToCms/Page_Dispensary Store/input_txttreat'

2018-05-21 10:20:13 - [MESSAGE][PASSED] - Text '100' is set on object 'Object Repository/DispensaryToCms/Page_Dispensary Store/input_txttreat'

2018-05-21 10:20:13 - [TEST_STEP][PASSED] - click: Object: 'Object Repository/DispensaryToCms/Page_Dispensary Store/button_Add' is clicked on

2018-05-21 10:20:13 - [MESSAGE][PASSED] - Object: 'Object Repository/DispensaryToCms/Page_Dispensary Store/button_Add' is clicked on

2018-05-21 10:20:13 - [TEST_STEP][PASSED] - selectOptionByIndex: All options with index in [9] are selected on object 'Object Repository/DispensaryToCms/Page_Dispensary Store/select_--Select--Schedule 1Inj'

2018-05-21 10:20:13 - [MESSAGE][PASSED] - All options with index in [9] are selected on object 'Object Repository/DispensaryToCms/Page_Dispensary Store/select_--Select--Schedule 1Inj'

2018-05-21 10:20:13 - [TEST_STEP][PASSED] - selectOptionByIndex: All options with index in [28] are selected on object 'Object Repository/DispensaryToCms/Page_Dispensary Store/select_--Select--Adernaline 0.'

2018-05-21 10:20:14 - [MESSAGE][PASSED] - All options with index in [28] are selected on object 'Object Repository/DispensaryToCms/Page_Dispensary Store/select_--Select--Adernaline 0.'

2018-05-21 10:20:14 - [TEST_STEP][PASSED] - setText: Text '100' is set on object 'Object Repository/DispensaryToCms/Page_Dispensary Store/input_txttreat'

2018-05-21 10:20:14 - [MESSAGE][PASSED] - Text '100' is set on object 'Object Repository/DispensaryToCms/Page_Dispensary Store/input_txttreat'

2018-05-21 10:20:14 - [TEST_STEP][PASSED] - click: Object: 'Object Repository/DispensaryToCms/Page_Dispensary Store/button_Add' is clicked on

2018-05-21 10:20:14 - [MESSAGE][PASSED] - Object: 'Object Repository/DispensaryToCms/Page_Dispensary Store/button_Add' is clicked on

2018-05-21 10:20:14 - [TEST_STEP][PASSED] - selectOptionByIndex: All options with index in [9] are selected on object 'Object Repository/DispensaryToCms/Page_Dispensary Store/select_--Select--Schedule 1Inj'

2018-05-21 10:20:14 - [MESSAGE][PASSED] - All options with index in [9] are selected on object 'Object Repository/DispensaryToCms/Page_Dispensary Store/select_--Select--Schedule 1Inj'

2018-05-21 10:20:14 - [TEST_STEP][PASSED] - selectOptionByIndex: All options with index in [29] are selected on object 'Object Repository/DispensaryToCms/Page_Dispensary Store/select_--Select--Adernaline 0.'

2018-05-21 10:20:15 - [MESSAGE][PASSED] - All options with index in [29] are selected on object 'Object Repository/DispensaryToCms/Page_Dispensary Store/select_--Select--Adernaline 0.'

2018-05-21 10:20:15 - [TEST_STEP][PASSED] - setText: Text '100' is set on object 'Object Repository/DispensaryToCms/Page_Dispensary Store/input_txttreat'

2018-05-21 10:20:15 - [MESSAGE][PASSED] - Text '100' is set on object 'Object Repository/DispensaryToCms/Page_Dispensary Store/input_txttreat'

2018-05-21 10:20:15 - [TEST_STEP][PASSED] - click: Object: 'Object Repository/DispensaryToCms/Page_Dispensary Store/button_Add' is clicked on

2018-05-21 10:20:15 - [MESSAGE][PASSED] - Object: 'Object Repository/DispensaryToCms/Page_Dispensary Store/button_Add' is clicked on

2018-05-21 10:20:15 - [TEST_STEP][PASSED] - selectOptionByIndex: All options with index in [9] are selected on object 'Object Repository/DispensaryToCms/Page_Dispensary Store/select_--Select--Schedule 1Inj'

2018-05-21 10:20:15 - [MESSAGE][PASSED] - All options with index in [9] are selected on object 'Object Repository/DispensaryToCms/Page_Dispensary Store/select_--Select--Schedule 1Inj'

2018-05-21 10:20:15 - [TEST_STEP][PASSED] - selectOptionByIndex: All options with index in [30] are selected on object 'Object Repository/DispensaryToCms/Page_Dispensary Store/select_--Select--Adernaline 0.'

2018-05-21 10:20:15 - [MESSAGE][PASSED] - All options with index in [30] are selected on object 'Object Repository/DispensaryToCms/Page_Dispensary Store/select_--Select--Adernaline 0.'

2018-05-21 10:20:15 - [TEST_STEP][PASSED] - setText: Text '100' is set on object 'Object Repository/DispensaryToCms/Page_Dispensary Store/input_txttreat'

2018-05-21 10:20:15 - [MESSAGE][PASSED] - Text '100' is set on object 'Object Repository/DispensaryToCms/Page_Dispensary Store/input_txttreat'

2018-05-21 10:20:15 - [TEST_STEP][PASSED] - click: Object: 'Object Repository/DispensaryToCms/Page_Dispensary Store/button_Add' is clicked on

2018-05-21 10:20:16 - [MESSAGE][PASSED] - Object: 'Object Repository/DispensaryToCms/Page_Dispensary Store/button_Add' is clicked on

2018-05-21 10:20:16 - [TEST_STEP][PASSED] - selectOptionByIndex: All options with index in [9] are selected on object 'Object Repository/DispensaryToCms/Page_Dispensary Store/select_--Select--Schedule 1Inj'

2018-05-21 10:20:16 - [MESSAGE][PASSED] - All options with index in [9] are selected on object 'Object Repository/DispensaryToCms/Page_Dispensary Store/select_--Select--Schedule 1Inj'

2018-05-21 10:20:16 - [TEST_STEP][PASSED] - selectOptionByIndex: All options with index in [31] are selected on object 'Object Repository/DispensaryToCms/Page_Dispensary Store/select_--Select--Adernaline 0.'

2018-05-21 10:20:16 - [MESSAGE][PASSED] - All options with index in [31] are selected on object 'Object Repository/DispensaryToCms/Page_Dispensary Store/select_--Select--Adernaline 0.'

2018-05-21 10:20:16 - [TEST_STEP][PASSED] - setText: Text '100' is set on object 'Object Repository/DispensaryToCms/Page_Dispensary Store/input_txttreat'

2018-05-21 10:20:16 - [MESSAGE][PASSED] - Text '100' is set on object 'Object Repository/DispensaryToCms/Page_Dispensary Store/input_txttreat'

2018-05-21 10:20:16 - [TEST_STEP][PASSED] - click: Object: 'Object Repository/DispensaryToCms/Page_Dispensary Store/button_Add' is clicked on

2018-05-21 10:20:16 - [MESSAGE][PASSED] - Object: 'Object Repository/DispensaryToCms/Page_Dispensary Store/button_Add' is clicked on

2018-05-21 10:20:16 - [TEST_STEP][PASSED] - selectOptionByIndex: All options with index in [9] are selected on object 'Object Repository/DispensaryToCms/Page_Dispensary Store/select_--Select--Schedule 1Inj'

2018-05-21 10:20:17 - [MESSAGE][PASSED] - All options with index in [9] are selected on object 'Object Repository/DispensaryToCms/Page_Dispensary Store/select_--Select--Schedule 1Inj'

2018-05-21 10:20:17 - [TEST_STEP][PASSED] - selectOptionByIndex: All options with index in [32] are selected on object 'Object Repository/DispensaryToCms/Page_Dispensary Store/select_--Select--Adernaline 0.'

2018-05-21 10:20:17 - [MESSAGE][PASSED] - All options with index in [32] are selected on object 'Object Repository/DispensaryToCms/Page_Dispensary Store/select_--Select--Adernaline 0.'

2018-05-21 10:20:17 - [TEST_STEP][PASSED] - setText: Text '100' is set on object 'Object Repository/DispensaryToCms/Page_Dispensary Store/input_txttreat'

2018-05-21 10:20:17 - [MESSAGE][PASSED] - Text '100' is set on object 'Object Repository/DispensaryToCms/Page_Dispensary Store/input_txttreat'

2018-05-21 10:20:17 - [TEST_STEP][PASSED] - click: Object: 'Object Repository/DispensaryToCms/Page_Dispensary Store/button_Add' is clicked on

2018-05-21 10:20:17 - [MESSAGE][PASSED] - Object: 'Object Repository/DispensaryToCms/Page_Dispensary Store/button_Add' is clicked on

2018-05-21 10:20:17 - [TEST_STEP][PASSED] - selectOptionByIndex: All options with index in [9] are selected on object 'Object Repository/DispensaryToCms/Page_Dispensary Store/select_--Select--Schedule 1Inj'

2018-05-21 10:20:18 - [MESSAGE][PASSED] - All options with index in [9] are selected on object 'Object Repository/DispensaryToCms/Page_Dispensary Store/select_--Select--Schedule 1Inj'

2018-05-21 10:20:18 - [TEST_STEP][PASSED] - selectOptionByIndex: All options with index in [33] are selected on object 'Object Repository/DispensaryToCms/Page_Dispensary Store/select_--Select--Adernaline 0.'

2018-05-21 10:20:18 - [MESSAGE][PASSED] - All options with index in [33] are selected on object 'Object Repository/DispensaryToCms/Page_Dispensary Store/select_--Select--Adernaline 0.'

2018-05-21 10:20:18 - [TEST_STEP][PASSED] - setText: Text '100' is set on object 'Object Repository/DispensaryToCms/Page_Dispensary Store/input_txttreat'

2018-05-21 10:20:18 - [MESSAGE][PASSED] - Text '100' is set on object 'Object Repository/DispensaryToCms/Page_Dispensary Store/input_txttreat'

2018-05-21 10:20:18 - [TEST_STEP][PASSED] - click: Object: 'Object Repository/DispensaryToCms/Page_Dispensary Store/button_Add' is clicked on

2018-05-21 10:20:18 - [MESSAGE][PASSED] - Object: 'Object Repository/DispensaryToCms/Page_Dispensary Store/button_Add' is clicked on

2018-05-21 10:20:18 - [TEST_STEP][PASSED] - selectOptionByIndex: All options with index in [9] are selected on object 'Object Repository/DispensaryToCms/Page_Dispensary Store/select_--Select--Schedule 1Inj'

2018-05-21 10:20:18 - [MESSAGE][PASSED] - All options with index in [9] are selected on object 'Object Repository/DispensaryToCms/Page_Dispensary Store/select_--Select--Schedule 1Inj'

2018-05-21 10:20:18 - [TEST_STEP][PASSED] - selectOptionByIndex: All options with index in [34] are selected on object 'Object Repository/DispensaryToCms/Page_Dispensary Store/select_--Select--Adernaline 0.'

2018-05-21 10:20:19 - [MESSAGE][PASSED] - All options with index in [34] are selected on object 'Object Repository/DispensaryToCms/Page_Dispensary Store/select_--Select--Adernaline 0.'

2018-05-21 10:20:19 - [TEST_STEP][PASSED] - setText: Text '100' is set on object 'Object Repository/DispensaryToCms/Page_Dispensary Store/input_txttreat'

2018-05-21 10:20:19 - [MESSAGE][PASSED] - Text '100' is set on object 'Object Repository/DispensaryToCms/Page_Dispensary Store/input_txttreat'

2018-05-21 10:20:19 - [TEST_STEP][PASSED] - click: Object: 'Object Repository/DispensaryToCms/Page_Dispensary Store/button_Add' is clicked on

2018-05-21 10:20:19 - [MESSAGE][PASSED] - Object: 'Object Repository/DispensaryToCms/Page_Dispensary Store/button_Add' is clicked on

2018-05-21 10:20:19 - [TEST_STEP][PASSED] - selectOptionByIndex: All options with index in [9] are selected on object 'Object Repository/DispensaryToCms/Page_Dispensary Store/select_--Select--Schedule 1Inj'

2018-05-21 10:20:19 - [MESSAGE][PASSED] - All options with index in [9] are selected on object 'Object Repository/DispensaryToCms/Page_Dispensary Store/select_--Select--Schedule 1Inj'

2018-05-21 10:20:19 - [TEST_STEP][PASSED] - selectOptionByIndex: All options with index in [35] are selected on object 'Object Repository/DispensaryToCms/Page_Dispensary Store/select_--Select--Adernaline 0.'

2018-05-21 10:20:20 - [MESSAGE][PASSED] - All options with index in [35] are selected on object 'Object Repository/DispensaryToCms/Page_Dispensary Store/select_--Select--Adernaline 0.'

2018-05-21 10:20:20 - [TEST_STEP][PASSED] - setText: Text '100' is set on object 'Object Repository/DispensaryToCms/Page_Dispensary Store/input_txttreat'

2018-05-21 10:20:20 - [MESSAGE][PASSED] - Text '100' is set on object 'Object Repository/DispensaryToCms/Page_Dispensary Store/input_txttreat'

2018-05-21 10:20:20 - [TEST_STEP][PASSED] - click: Object: 'Object Repository/DispensaryToCms/Page_Dispensary Store/button_Add' is clicked on

2018-05-21 10:20:20 - [MESSAGE][PASSED] - Object: 'Object Repository/DispensaryToCms/Page_Dispensary Store/button_Add' is clicked on

2018-05-21 10:20:20 - [TEST_STEP][PASSED] - scrollToElement: Scroll to object 'Object Repository/DispensaryToCms/Page_Dispensary Store/input_btnsave' successfully

2018-05-21 10:20:20 - [MESSAGE][PASSED] - Scroll to object 'Object Repository/DispensaryToCms/Page_Dispensary Store/input_btnsave' successfully

2018-05-21 10:20:20 - [TEST_STEP][PASSED] - click: Object: 'Object Repository/DispensaryToCms/Page_Dispensary Store/input_btnsave' is clicked on

2018-05-21 10:20:20 - [MESSAGE][PASSED] - Object: 'Object Repository/DispensaryToCms/Page_Dispensary Store/input_btnsave' is clicked on

2018-05-21 10:20:20 - [TEST_STEP][PASSED] - delay: Delayed 3 second(s)

2018-05-21 10:20:23 - [MESSAGE][PASSED] - Delayed 3 second(s)

2018-05-21 10:20:23 - [TEST_STEP][PASSED] - Statement - RN1 = com.kms.katalon.core.webui.keyword.WebUiBuiltInKeywords.getText(com.kms.katalon.core.testobject.ObjectRepository.findTestObject(DispensaryToCms/Page_Dispensary Store/font_PRNO18052018174)): Text of object 'Object Repository/DispensaryToCms/Page_Dispensary Store/font_PRNO18052018174' is: 'PRNO/21052018/288'

2018-05-21 10:20:23 - [MESSAGE][PASSED] - Text of object 'Object Repository/DispensaryToCms/Page_Dispensary Store/font_PRNO18052018174' is: 'PRNO/21052018/288'

2018-05-21 10:20:23 - [TEST_STEP][PASSED] - Statement - out.println(RN1): null

2018-05-21 10:20:23 - [TEST_STEP][PASSED] - Statement - RID = RN1.split("/")[2]: null

2018-05-21 10:20:23 - [TEST_STEP][PASSED] - click: Object: 'Object Repository/DispensaryToCms/Page_Dispensary Store/button_OK' is clicked on

2018-05-21 10:20:25 - [MESSAGE][PASSED] - Object: 'Object Repository/DispensaryToCms/Page_Dispensary Store/button_OK' is clicked on

2018-05-21 10:20:25 - [TEST_STEP][PASSED] - delay: Delayed 3 second(s)

2018-05-21 10:20:28 - [MESSAGE][PASSED] - Delayed 3 second(s)

2018-05-21 10:20:28 - [TEST_STEP][PASSED] - waitForElementPresent: Object 'Object Repository/DispensaryToStore/Page_Dispensary Store/a_dropdown-toggle' is present

2018-05-21 10:20:28 - [MESSAGE][PASSED] - Object 'Object Repository/DispensaryToStore/Page_Dispensary Store/a_dropdown-toggle' is present

2018-05-21 10:20:28 - [TEST_STEP][PASSED] - click: Object: 'Object Repository/DispensaryToCms/Page_Dispensary Store/a_dropdown-toggle' is clicked on

2018-05-21 10:20:28 - [MESSAGE][PASSED] - Object: 'Object Repository/DispensaryToCms/Page_Dispensary Store/a_dropdown-toggle' is clicked on

2018-05-21 10:20:28 - [TEST_STEP][PASSED] - click: Object: 'Object Repository/DispensaryToCms/Page_Dispensary Store/a_Sign out' is clicked on

2018-05-21 10:20:32 - [MESSAGE][PASSED] - Object: 'Object Repository/DispensaryToCms/Page_Dispensary Store/a_Sign out' is clicked on

2018-05-21 10:20:32 - [TEST_STEP][PASSED] - delay: Delayed 3 second(s)

2018-05-21 10:20:35 - [MESSAGE][PASSED] - Delayed 3 second(s)

2018-05-21 10:20:35 - [TEST_STEP][PASSED] - navigateToUrl: Navigate to 'http://192.168.137.1/multihospital_new/' successfully

2018-05-21 10:20:36 - [MESSAGE][PASSED] - Navigate to 'http://192.168.137.1/multihospital_new/' successfully

2018-05-21 10:20:36 - [TEST_STEP][PASSED] - click: Object: 'Object Repository/DispensaryToCms/Page_KDMC/a_CMO' is clicked on

2018-05-21 10:20:37 - [MESSAGE][PASSED] - Object: 'Object Repository/DispensaryToCms/Page_KDMC/a_CMO' is clicked on

2018-05-21 10:20:37 - [TEST_STEP][PASSED] - setText: Text 'guru' is set on object 'Object Repository/DispensaryToCms/Page_CMO login/input_txtusername'

2018-05-21 10:20:37 - [MESSAGE][PASSED] - Text 'guru' is set on object 'Object Repository/DispensaryToCms/Page_CMO login/input_txtusername'

2018-05-21 10:20:37 - [TEST_STEP][PASSED] - setText: Text '123' is set on object 'Object Repository/DispensaryToCms/Page_CMO login/input_txtpassword'

2018-05-21 10:20:37 - [MESSAGE][PASSED] - Text '123' is set on object 'Object Repository/DispensaryToCms/Page_CMO login/input_txtpassword'

2018-05-21 10:20:37 - [TEST_STEP][PASSED] - delay: Delayed 3 second(s)

2018-05-21 10:20:40 - [MESSAGE][PASSED] - Delayed 3 second(s)

2018-05-21 10:20:40 - [TEST_STEP][PASSED] - click: Object: 'Object Repository/DispensaryToCms/Page_CMO login/button_Sign in' is clicked on

2018-05-21 10:20:41 - [MESSAGE][PASSED] - Object: 'Object Repository/DispensaryToCms/Page_CMO login/button_Sign in' is clicked on

2018-05-21 10:20:41 - [TEST_STEP][PASSED] - delay: Delayed 3 second(s)

2018-05-21 10:20:44 - [MESSAGE][PASSED] - Delayed 3 second(s)

2018-05-21 10:20:44 - [TEST_STEP][PASSED] - click: Object: 'Object Repository/DispensaryToCms/Page_KDMC - CMO/a_CMS Request' is clicked on

2018-05-21 10:20:44 - [MESSAGE][PASSED] - Object: 'Object Repository/DispensaryToCms/Page_KDMC - CMO/a_CMS Request' is clicked on

2018-05-21 10:20:44 - [TEST_STEP][PASSED] - delay: Delayed 2 second(s)

2018-05-21 10:20:46 - [MESSAGE][PASSED] - Delayed 2 second(s)

2018-05-21 10:20:46 - [TEST_STEP][PASSED] - click: Object: 'Object Repository/DispensaryToCms/Page_KDMC - CMO/a_Dispensary Store Request' is clicked on

2018-05-21 10:20:46 - [MESSAGE][PASSED] - Object: 'Object Repository/DispensaryToCms/Page_KDMC - CMO/a_Dispensary Store Request' is clicked on

2018-05-21 10:20:46 - [TEST_STEP][PASSED] - selectOptionByIndex: All options with index in [1] are selected on object 'Object Repository/DispensaryToCms/Page_KDMC - CMO/select_--ALL--'

2018-05-21 10:20:47 - [MESSAGE][PASSED] - All options with index in [1] are selected on object 'Object Repository/DispensaryToCms/Page_KDMC - CMO/select_--ALL--'

2018-05-21 10:20:47 - [TEST_STEP][PASSED] - click: Object: 'Object Repository/DispensaryToCms/Page_KDMC - CMO/input_btnsearch' is clicked on

2018-05-21 10:20:47 - [MESSAGE][PASSED] - Object: 'Object Repository/DispensaryToCms/Page_KDMC - CMO/input_btnsearch' is clicked on

2018-05-21 10:20:47 - [TEST_STEP][PASSED] - Statement - ID = com.kms.katalon.core.webui.keyword.WebUiBuiltInKeywords.modifyObjectProperty(com.kms.katalon.core.testobject.ObjectRepository.findTestObject(lab/Page_KDMC - CMO/input_1), "xpath", "equals", "//*[@id=" + RID + "]", true): Modify property of object successfully

2018-05-21 10:20:47 - [MESSAGE][PASSED] - Modify property of object successfully

2018-05-21 10:20:47 - [TEST_STEP][PASSED] - click: Object: 'Object Repository/lab/Page_KDMC - CMO/input_1' is clicked on

2018-05-21 10:20:47 - [MESSAGE][PASSED] - Object: 'Object Repository/lab/Page_KDMC - CMO/input_1' is clicked on

2018-05-21 10:20:47 - [TEST_STEP][PASSED] - delay: Delayed 2 second(s)

2018-05-21 10:20:49 - [MESSAGE][PASSED] - Delayed 2 second(s)

2018-05-21 10:20:49 - [TEST_STEP][PASSED] - selectOptionByIndex: All options with index in [1] are selected on object 'Object Repository/DispensaryToCms/Page_KDMC - CMO/select_--Select--'

2018-05-21 10:20:49 - [MESSAGE][PASSED] - All options with index in [1] are selected on object 'Object Repository/DispensaryToCms/Page_KDMC - CMO/select_--Select--'

2018-05-21 10:20:49 - [TEST_STEP][PASSED] - click: Object: 'Object Repository/DispensaryToCms/Page_KDMC - CMO/input_btnupdate' is clicked on

2018-05-21 10:20:50 - [MESSAGE][PASSED] - Object: 'Object Repository/DispensaryToCms/Page_KDMC - CMO/input_btnupdate' is clicked on

2018-05-21 10:20:50 - [TEST_STEP][PASSED] - delay: Delayed 2 second(s)

2018-05-21 10:20:52 - [MESSAGE][PASSED] - Delayed 2 second(s)

2018-05-21 10:20:52 - [TEST_STEP][PASSED] - click: Object: 'Object Repository/DispensaryToCms/Page_KDMC - CMO/button_OK' is clicked on

2018-05-21 10:20:52 - [MESSAGE][PASSED] - Object: 'Object Repository/DispensaryToCms/Page_KDMC - CMO/button_OK' is clicked on

2018-05-21 10:20:52 - [TEST_STEP][PASSED] - delay: Delayed 3 second(s)

2018-05-21 10:20:55 - [MESSAGE][PASSED] - Delayed 3 second(s)

2018-05-21 10:20:55 - [TEST_STEP][PASSED] - waitForElementPresent: Object 'Object Repository/DispensaryToStore/Page_Dispensary Store/a_dropdown-toggle' is not present after 20 second(s)

2018-05-21 10:21:16 - [MESSAGE][WARNING] - Object 'Object Repository/DispensaryToStore/Page_Dispensary Store/a_dropdown-toggle' is not present after 20 second(s)

2018-05-21 10:21:16 - [TEST_STEP][PASSED] - click: Object: 'Object Repository/DispensaryToCms/Page_KDMC - CMO/a_dropdown-toggle' is clicked on

2018-05-21 10:21:16 - [MESSAGE][PASSED] - Object: 'Object Repository/DispensaryToCms/Page_KDMC - CMO/a_dropdown-toggle' is clicked on

2018-05-21 10:21:16 - [TEST_STEP][PASSED] - click: Object: 'Object Repository/DispensaryToCms/Page_KDMC - CMO/a_Sign out' is clicked on

2018-05-21 10:21:17 - [MESSAGE][PASSED] - Object: 'Object Repository/DispensaryToCms/Page_KDMC - CMO/a_Sign out' is clicked on

2018-05-21 10:21:17 - [TEST_STEP][PASSED] - delay: Delayed 3 second(s)

2018-05-21 10:21:20 - [MESSAGE][PASSED] - Delayed 3 second(s)

2018-05-21 10:21:20 - [TEST_STEP][PASSED] - click: Object: 'Object Repository/DispensaryToCms/Page_KDMC/a_CMS' is clicked on

2018-05-21 10:21:21 - [MESSAGE][PASSED] - Object: 'Object Repository/DispensaryToCms/Page_KDMC/a_CMS' is clicked on

2018-05-21 10:21:21 - [TEST_STEP][PASSED] - setText: Text 'bala' is set on object 'Object Repository/DispensaryToCms/Page_CMS login/input_txtusername'

2018-05-21 10:21:21 - [MESSAGE][PASSED] - Text 'bala' is set on object 'Object Repository/DispensaryToCms/Page_CMS login/input_txtusername'

2018-05-21 10:21:21 - [TEST_STEP][PASSED] - setText: Text '123' is set on object 'Object Repository/DispensaryToCms/Page_CMS login/input_txtpassword'

2018-05-21 10:21:21 - [MESSAGE][PASSED] - Text '123' is set on object 'Object Repository/DispensaryToCms/Page_CMS login/input_txtpassword'

2018-05-21 10:21:21 - [TEST_STEP][PASSED] - delay: Delayed 3 second(s)

2018-05-21 10:21:24 - [MESSAGE][PASSED] - Delayed 3 second(s)

2018-05-21 10:21:24 - [TEST_STEP][PASSED] - click: Object: 'Object Repository/DispensaryToCms/Page_CMS login/button_Sign in' is clicked on

2018-05-21 10:21:25 - [MESSAGE][PASSED] - Object: 'Object Repository/DispensaryToCms/Page_CMS login/button_Sign in' is clicked on

2018-05-21 10:21:25 - [TEST_STEP][PASSED] - delay: Delayed 3 second(s)

2018-05-21 10:21:28 - [MESSAGE][PASSED] - Delayed 3 second(s)

2018-05-21 10:21:28 - [TEST_STEP][PASSED] - click: Object: 'Object Repository/DispensaryToCms/Page_KDMC - CMS/a_Divisional Store' is clicked on

2018-05-21 10:21:28 - [MESSAGE][PASSED] - Object: 'Object Repository/DispensaryToCms/Page_KDMC - CMS/a_Divisional Store' is clicked on

2018-05-21 10:21:28 - [TEST_STEP][PASSED] - delay: Delayed 2 second(s)

2018-05-21 10:21:30 - [MESSAGE][PASSED] - Delayed 2 second(s)

2018-05-21 10:21:30 - [TEST_STEP][PASSED] - click: Object: 'Object Repository/DispensaryToCms/Page_KDMC - CMS/a_Dispatch Items' is clicked on

2018-05-21 10:21:30 - [MESSAGE][PASSED] - Object: 'Object Repository/DispensaryToCms/Page_KDMC - CMS/a_Dispatch Items' is clicked on

2018-05-21 10:21:30 - [TEST_STEP][PASSED] - delay: Delayed 2 second(s)

2018-05-21 10:21:32 - [MESSAGE][PASSED] - Delayed 2 second(s)

2018-05-21 10:21:32 - [TEST_STEP][PASSED] - setText: Text 'PRNO/21052018/288' is set on object 'Object Repository/DispensaryToCms/Page_KDMC - CMS/input'

2018-05-21 10:21:33 - [MESSAGE][PASSED] - Text 'PRNO/21052018/288' is set on object 'Object Repository/DispensaryToCms/Page_KDMC - CMS/input'

2018-05-21 10:21:33 - [TEST_STEP][PASSED] - click: Object: 'Object Repository/DispensaryToCms/Page_KDMC - CMS/input_PRNO18052018174' is clicked on

2018-05-21 10:21:33 - [MESSAGE][PASSED] - Object: 'Object Repository/DispensaryToCms/Page_KDMC - CMS/input_PRNO18052018174' is clicked on

2018-05-21 10:21:33 - [TEST_STEP][PASSED] - Statement - out.println("Length : " + medicineslength): null

2018-05-21 10:21:33 - [TEST_STEP][PASSED] - Statement - For ([row = 0, row < medicineslength - 1, (row++)]): null

2018-05-21 10:21:33 - [TEST_STEP][PASSED] - Statement - batchlength = new com.kms.katalon.core.testobject.TestObject(): null

2018-05-21 10:21:33 - [TEST_STEP][PASSED] - Statement - batchlength = com.kms.katalon.core.webui.keyword.WebUiBuiltInKeywords.modifyObjectProperty(batchlength, "xpath", "equals", "//*[@id = "fldvendor" + row + ""]", true): Modify property of object successfully

2018-05-21 10:21:33 - [MESSAGE][PASSED] - Modify property of object successfully

2018-05-21 10:21:33 - [TEST_STEP][PASSED] - Statement - batchsize = com.kms.katalon.core.webui.keyword.WebUiBuiltInKeywords.getNumberOfTotalOption(batchlength): 9 options of object '' counted

2018-05-21 10:21:34 - [MESSAGE][PASSED] - 9 options of object '' counted

2018-05-21 10:21:34 - [TEST_STEP][PASSED] - Statement - out.println("BatchSize : " + batchsize): null

2018-05-21 10:21:34 - [TEST_STEP][PASSED] - Statement - For ([n = 1, n <= batchsize - 1, (n++)]): null

2018-05-21 10:21:34 - [TEST_STEP][PASSED] - Statement - product = new com.kms.katalon.core.testobject.TestObject(): null

2018-05-21 10:21:34 - [TEST_STEP][PASSED] - Statement - product = com.kms.katalon.core.webui.keyword.WebUiBuiltInKeywords.modifyObjectProperty(product, "xpath", "equals", "//*[@id = "fldvendor" + row + ""]", true): Modify property of object successfully

2018-05-21 10:21:34 - [MESSAGE][PASSED] - Modify property of object successfully

2018-05-21 10:21:34 - [TEST_STEP][PASSED] - selectOptionByIndex: All options with index in [1] are selected on object ''

2018-05-21 10:21:34 - [MESSAGE][PASSED] - All options with index in [1] are selected on object ''

2018-05-21 10:21:34 - [TEST_STEP][PASSED] - Statement - batch = new com.kms.katalon.core.testobject.TestObject(): null

2018-05-21 10:21:34 - [TEST_STEP][PASSED] - Statement - batch = com.kms.katalon.core.webui.keyword.WebUiBuiltInKeywords.modifyObjectProperty(batch, "xpath", "equals", "//*[@id = "txtbthqty" + row + ""]", true): Modify property of object successfully

2018-05-21 10:21:34 - [MESSAGE][PASSED] - Modify property of object successfully

2018-05-21 10:21:34 - [TEST_STEP][PASSED] - Statement - batchqty = com.kms.katalon.core.webui.keyword.WebUiBuiltInKeywords.getAttribute(batch, "value").trim(): Attribute 'value' of object '' is: '4700'

2018-05-21 10:21:34 - [MESSAGE][PASSED] - Attribute 'value' of object '' is: '4700'

2018-05-21 10:21:34 - [TEST_STEP][PASSED] - Statement - Rqty = 100: null

2018-05-21 10:21:34 - [TEST_STEP][PASSED] - delay: Delayed 2 second(s)

2018-05-21 10:21:36 - [MESSAGE][PASSED] - Delayed 2 second(s)

2018-05-21 10:21:36 - [TEST_STEP][PASSED] - Statement - out.println("BatchQty : " + batchqty): null

2018-05-21 10:21:36 - [TEST_STEP][PASSED] - Statement - out.println("RQty : " + Rqty): null

2018-05-21 10:21:36 - [TEST_STEP][PASSED] - Statement - If (java.lang.Integer.valueOf(batchqty) >= java.lang.Integer.valueOf(Rqty)): null

2018-05-21 10:21:36 - [TEST_STEP][PASSED] - Statement - Break: null

2018-05-21 10:21:36 - [TEST_STEP][PASSED] - Statement - batchlength = new com.kms.katalon.core.testobject.TestObject(): null

2018-05-21 10:21:36 - [TEST_STEP][PASSED] - Statement - batchlength = com.kms.katalon.core.webui.keyword.WebUiBuiltInKeywords.modifyObjectProperty(batchlength, "xpath", "equals", "//*[@id = "fldvendor" + row + ""]", true): Modify property of object successfully

2018-05-21 10:21:36 - [MESSAGE][PASSED] - Modify property of object successfully

2018-05-21 10:21:36 - [TEST_STEP][PASSED] - Statement - batchsize = com.kms.katalon.core.webui.keyword.WebUiBuiltInKeywords.getNumberOfTotalOption(batchlength): 9 options of object '' counted

2018-05-21 10:21:36 - [MESSAGE][PASSED] - 9 options of object '' counted

2018-05-21 10:21:36 - [TEST_STEP][PASSED] - Statement - out.println("BatchSize : " + batchsize): null

2018-05-21 10:21:36 - [TEST_STEP][PASSED] - Statement - For ([n = 1, n <= batchsize - 1, (n++)]): null

2018-05-21 10:21:36 - [TEST_STEP][PASSED] - Statement - product = new com.kms.katalon.core.testobject.TestObject(): null

2018-05-21 10:21:36 - [TEST_STEP][PASSED] - Statement - product = com.kms.katalon.core.webui.keyword.WebUiBuiltInKeywords.modifyObjectProperty(product, "xpath", "equals", "//*[@id = "fldvendor" + row + ""]", true): Modify property of object successfully

2018-05-21 10:21:36 - [MESSAGE][PASSED] - Modify property of object successfully

2018-05-21 10:21:36 - [TEST_STEP][PASSED] - selectOptionByIndex: All options with index in [1] are selected on object ''

2018-05-21 10:21:36 - [MESSAGE][PASSED] - All options with index in [1] are selected on object ''

2018-05-21 10:21:36 - [TEST_STEP][PASSED] - Statement - batch = new com.kms.katalon.core.testobject.TestObject(): null

2018-05-21 10:21:36 - [TEST_STEP][PASSED] - Statement - batch = com.kms.katalon.core.webui.keyword.WebUiBuiltInKeywords.modifyObjectProperty(batch, "xpath", "equals", "//*[@id = "txtbthqty" + row + ""]", true): Modify property of object successfully

2018-05-21 10:21:36 - [MESSAGE][PASSED] - Modify property of object successfully

2018-05-21 10:21:36 - [TEST_STEP][PASSED] - Statement - batchqty = com.kms.katalon.core.webui.keyword.WebUiBuiltInKeywords.getAttribute(batch, "value").trim(): Attribute 'value' of object '' is: '4700'

2018-05-21 10:21:36 - [MESSAGE][PASSED] - Attribute 'value' of object '' is: '4700'

2018-05-21 10:21:36 - [TEST_STEP][PASSED] - Statement - Rqty = 100: null

2018-05-21 10:21:36 - [TEST_STEP][PASSED] - delay: Delayed 2 second(s)

2018-05-21 10:21:38 - [MESSAGE][PASSED] - Delayed 2 second(s)

2018-05-21 10:21:38 - [TEST_STEP][PASSED] - Statement - out.println("BatchQty : " + batchqty): null

2018-05-21 10:21:38 - [TEST_STEP][PASSED] - Statement - out.println("RQty : " + Rqty): null

2018-05-21 10:21:38 - [TEST_STEP][PASSED] - Statement - If (java.lang.Integer.valueOf(batchqty) >= java.lang.Integer.valueOf(Rqty)): null

2018-05-21 10:21:38 - [TEST_STEP][PASSED] - Statement - Break: null

2018-05-21 10:21:38 - [TEST_STEP][PASSED] - Statement - batchlength = new com.kms.katalon.core.testobject.TestObject(): null

2018-05-21 10:21:38 - [TEST_STEP][PASSED] - Statement - batchlength = com.kms.katalon.core.webui.keyword.WebUiBuiltInKeywords.modifyObjectProperty(batchlength, "xpath", "equals", "//*[@id = "fldvendor" + row + ""]", true): Modify property of object successfully

2018-05-21 10:21:38 - [MESSAGE][PASSED] - Modify property of object successfully

2018-05-21 10:21:38 - [TEST_STEP][PASSED] - Statement - batchsize = com.kms.katalon.core.webui.keyword.WebUiBuiltInKeywords.getNumberOfTotalOption(batchlength): 9 options of object '' counted

2018-05-21 10:21:38 - [MESSAGE][PASSED] - 9 options of object '' counted

2018-05-21 10:21:38 - [TEST_STEP][PASSED] - Statement - out.println("BatchSize : " + batchsize): null

2018-05-21 10:21:38 - [TEST_STEP][PASSED] - Statement - For ([n = 1, n <= batchsize - 1, (n++)]): null

2018-05-21 10:21:38 - [TEST_STEP][PASSED] - Statement - product = new com.kms.katalon.core.testobject.TestObject(): null

2018-05-21 10:21:38 - [TEST_STEP][PASSED] - Statement - product = com.kms.katalon.core.webui.keyword.WebUiBuiltInKeywords.modifyObjectProperty(product, "xpath", "equals", "//*[@id = "fldvendor" + row + ""]", true): Modify property of object successfully

2018-05-21 10:21:38 - [MESSAGE][PASSED] - Modify property of object successfully

2018-05-21 10:21:38 - [TEST_STEP][PASSED] - selectOptionByIndex: All options with index in [1] are selected on object ''

2018-05-21 10:21:39 - [MESSAGE][PASSED] - All options with index in [1] are selected on object ''

2018-05-21 10:21:39 - [TEST_STEP][PASSED] - Statement - batch = new com.kms.katalon.core.testobject.TestObject(): null

2018-05-21 10:21:39 - [TEST_STEP][PASSED] - Statement - batch = com.kms.katalon.core.webui.keyword.WebUiBuiltInKeywords.modifyObjectProperty(batch, "xpath", "equals", "//*[@id = "txtbthqty" + row + ""]", true): Modify property of object successfully

2018-05-21 10:21:39 - [MESSAGE][PASSED] - Modify property of object successfully

2018-05-21 10:21:39 - [TEST_STEP][PASSED] - Statement - batchqty = com.kms.katalon.core.webui.keyword.WebUiBuiltInKeywords.getAttribute(batch, "value").trim(): Attribute 'value' of object '' is: '32500'

2018-05-21 10:21:39 - [MESSAGE][PASSED] - Attribute 'value' of object '' is: '32500'

2018-05-21 10:21:39 - [TEST_STEP][PASSED] - Statement - Rqty = 100: null

2018-05-21 10:21:39 - [TEST_STEP][PASSED] - delay: Delayed 2 second(s)

2018-05-21 10:21:41 - [MESSAGE][PASSED] - Delayed 2 second(s)

2018-05-21 10:21:41 - [TEST_STEP][PASSED] - Statement - out.println("BatchQty : " + batchqty): null

2018-05-21 10:21:41 - [TEST_STEP][PASSED] - Statement - out.println("RQty : " + Rqty): null

2018-05-21 10:21:41 - [TEST_STEP][PASSED] - Statement - If (java.lang.Integer.valueOf(batchqty) >= java.lang.Integer.valueOf(Rqty)): null

2018-05-21 10:21:41 - [TEST_STEP][PASSED] - Statement - Break: null

2018-05-21 10:21:41 - [TEST_STEP][PASSED] - Statement - batchlength = new com.kms.katalon.core.testobject.TestObject(): null

2018-05-21 10:21:41 - [TEST_STEP][PASSED] - Statement - batchlength = com.kms.katalon.core.webui.keyword.WebUiBuiltInKeywords.modifyObjectProperty(batchlength, "xpath", "equals", "//*[@id = "fldvendor" + row + ""]", true): Modify property of object successfully

2018-05-21 10:21:41 - [MESSAGE][PASSED] - Modify property of object successfully

2018-05-21 10:21:41 - [TEST_STEP][PASSED] - Statement - batchsize = com.kms.katalon.core.webui.keyword.WebUiBuiltInKeywords.getNumberOfTotalOption(batchlength): 9 options of object '' counted

2018-05-21 10:21:41 - [MESSAGE][PASSED] - 9 options of object '' counted

2018-05-21 10:21:41 - [TEST_STEP][PASSED] - Statement - out.println("BatchSize : " + batchsize): null

2018-05-21 10:21:41 - [TEST_STEP][PASSED] - Statement - For ([n = 1, n <= batchsize - 1, (n++)]): null

2018-05-21 10:21:41 - [TEST_STEP][PASSED] - Statement - product = new com.kms.katalon.core.testobject.TestObject(): null

2018-05-21 10:21:41 - [TEST_STEP][PASSED] - Statement - product = com.kms.katalon.core.webui.keyword.WebUiBuiltInKeywords.modifyObjectProperty(product, "xpath", "equals", "//*[@id = "fldvendor" + row + ""]", true): Modify property of object successfully

2018-05-21 10:21:41 - [MESSAGE][PASSED] - Modify property of object successfully

2018-05-21 10:21:41 - [TEST_STEP][PASSED] - selectOptionByIndex: All options with index in [1] are selected on object ''

2018-05-21 10:21:41 - [MESSAGE][PASSED] - All options with index in [1] are selected on object ''

2018-05-21 10:21:41 - [TEST_STEP][PASSED] - Statement - batch = new com.kms.katalon.core.testobject.TestObject(): null

2018-05-21 10:21:41 - [TEST_STEP][PASSED] - Statement - batch = com.kms.katalon.core.webui.keyword.WebUiBuiltInKeywords.modifyObjectProperty(batch, "xpath", "equals", "//*[@id = "txtbthqty" + row + ""]", true): Modify property of object successfully

2018-05-21 10:21:41 - [MESSAGE][PASSED] - Modify property of object successfully

2018-05-21 10:21:41 - [TEST_STEP][PASSED] - Statement - batchqty = com.kms.katalon.core.webui.keyword.WebUiBuiltInKeywords.getAttribute(batch, "value").trim(): Attribute 'value' of object '' is: '31500'

2018-05-21 10:21:41 - [MESSAGE][PASSED] - Attribute 'value' of object '' is: '31500'

2018-05-21 10:21:41 - [TEST_STEP][PASSED] - Statement - Rqty = 100: null

2018-05-21 10:21:41 - [TEST_STEP][PASSED] - delay: Delayed 2 second(s)

2018-05-21 10:21:43 - [MESSAGE][PASSED] - Delayed 2 second(s)

2018-05-21 10:21:43 - [TEST_STEP][PASSED] - Statement - out.println("BatchQty : " + batchqty): null

2018-05-21 10:21:43 - [TEST_STEP][PASSED] - Statement - out.println("RQty : " + Rqty): null

2018-05-21 10:21:43 - [TEST_STEP][PASSED] - Statement - If (java.lang.Integer.valueOf(batchqty) >= java.lang.Integer.valueOf(Rqty)): null

2018-05-21 10:21:43 - [TEST_STEP][PASSED] - Statement - Break: null

2018-05-21 10:21:43 - [TEST_STEP][PASSED] - Statement - batchlength = new com.kms.katalon.core.testobject.TestObject(): null

2018-05-21 10:21:43 - [TEST_STEP][PASSED] - Statement - batchlength = com.kms.katalon.core.webui.keyword.WebUiBuiltInKeywords.modifyObjectProperty(batchlength, "xpath", "equals", "//*[@id = "fldvendor" + row + ""]", true): Modify property of object successfully

2018-05-21 10:21:43 - [MESSAGE][PASSED] - Modify property of object successfully

2018-05-21 10:21:43 - [TEST_STEP][PASSED] - Statement - batchsize = com.kms.katalon.core.webui.keyword.WebUiBuiltInKeywords.getNumberOfTotalOption(batchlength): 9 options of object '' counted

2018-05-21 10:21:43 - [MESSAGE][PASSED] - 9 options of object '' counted

2018-05-21 10:21:43 - [TEST_STEP][PASSED] - Statement - out.println("BatchSize : " + batchsize): null

2018-05-21 10:21:43 - [TEST_STEP][PASSED] - Statement - For ([n = 1, n <= batchsize - 1, (n++)]): null

2018-05-21 10:21:43 - [TEST_STEP][PASSED] - Statement - product = new com.kms.katalon.core.testobject.TestObject(): null

2018-05-21 10:21:43 - [TEST_STEP][PASSED] - Statement - product = com.kms.katalon.core.webui.keyword.WebUiBuiltInKeywords.modifyObjectProperty(product, "xpath", "equals", "//*[@id = "fldvendor" + row + ""]", true): Modify property of object successfully

2018-05-21 10:21:43 - [MESSAGE][PASSED] - Modify property of object successfully

2018-05-21 10:21:43 - [TEST_STEP][PASSED] - selectOptionByIndex: All options with index in [1] are selected on object ''

2018-05-21 10:21:43 - [MESSAGE][PASSED] - All options with index in [1] are selected on object ''

2018-05-21 10:21:43 - [TEST_STEP][PASSED] - Statement - batch = new com.kms.katalon.core.testobject.TestObject(): null

2018-05-21 10:21:43 - [TEST_STEP][PASSED] - Statement - batch = com.kms.katalon.core.webui.keyword.WebUiBuiltInKeywords.modifyObjectProperty(batch, "xpath", "equals", "//*[@id = "txtbthqty" + row + ""]", true): Modify property of object successfully

2018-05-21 10:21:43 - [MESSAGE][PASSED] - Modify property of object successfully

2018-05-21 10:21:43 - [TEST_STEP][PASSED] - Statement - batchqty = com.kms.katalon.core.webui.keyword.WebUiBuiltInKeywords.getAttribute(batch, "value").trim(): Attribute 'value' of object '' is: '4700'

2018-05-21 10:21:43 - [MESSAGE][PASSED] - Attribute 'value' of object '' is: '4700'

2018-05-21 10:21:43 - [TEST_STEP][PASSED] - Statement - Rqty = 100: null

2018-05-21 10:21:43 - [TEST_STEP][PASSED] - delay: Delayed 2 second(s)

2018-05-21 10:21:45 - [MESSAGE][PASSED] - Delayed 2 second(s)

2018-05-21 10:21:45 - [TEST_STEP][PASSED] - Statement - out.println("BatchQty : " + batchqty): null

2018-05-21 10:21:45 - [TEST_STEP][PASSED] - Statement - out.println("RQty : " + Rqty): null

2018-05-21 10:21:45 - [TEST_STEP][PASSED] - Statement - If (java.lang.Integer.valueOf(batchqty) >= java.lang.Integer.valueOf(Rqty)): null

2018-05-21 10:21:45 - [TEST_STEP][PASSED] - Statement - Break: null

2018-05-21 10:21:45 - [TEST_STEP][PASSED] - Statement - batchlength = new com.kms.katalon.core.testobject.TestObject(): null

2018-05-21 10:21:45 - [TEST_STEP][PASSED] - Statement - batchlength = com.kms.katalon.core.webui.keyword.WebUiBuiltInKeywords.modifyObjectProperty(batchlength, "xpath", "equals", "//*[@id = "fldvendor" + row + ""]", true): Modify property of object successfully

2018-05-21 10:21:45 - [MESSAGE][PASSED] - Modify property of object successfully

2018-05-21 10:21:45 - [TEST_STEP][PASSED] - Statement - batchsize = com.kms.katalon.core.webui.keyword.WebUiBuiltInKeywords.getNumberOfTotalOption(batchlength): 9 options of object '' counted

2018-05-21 10:21:45 - [MESSAGE][PASSED] - 9 options of object '' counted

2018-05-21 10:21:45 - [TEST_STEP][PASSED] - Statement - out.println("BatchSize : " + batchsize): null

2018-05-21 10:21:45 - [TEST_STEP][PASSED] - Statement - For ([n = 1, n <= batchsize - 1, (n++)]): null

2018-05-21 10:21:45 - [TEST_STEP][PASSED] - Statement - product = new com.kms.katalon.core.testobject.TestObject(): null

2018-05-21 10:21:45 - [TEST_STEP][PASSED] - Statement - product = com.kms.katalon.core.webui.keyword.WebUiBuiltInKeywords.modifyObjectProperty(product, "xpath", "equals", "//*[@id = "fldvendor" + row + ""]", true): Modify property of object successfully

2018-05-21 10:21:45 - [MESSAGE][PASSED] - Modify property of object successfully

2018-05-21 10:21:45 - [TEST_STEP][PASSED] - selectOptionByIndex: All options with index in [1] are selected on object ''

2018-05-21 10:21:45 - [MESSAGE][PASSED] - All options with index in [1] are selected on object ''

2018-05-21 10:21:45 - [TEST_STEP][PASSED] - Statement - batch = new com.kms.katalon.core.testobject.TestObject(): null

2018-05-21 10:21:45 - [TEST_STEP][PASSED] - Statement - batch = com.kms.katalon.core.webui.keyword.WebUiBuiltInKeywords.modifyObjectProperty(batch, "xpath", "equals", "//*[@id = "txtbthqty" + row + ""]", true): Modify property of object successfully

2018-05-21 10:21:45 - [MESSAGE][PASSED] - Modify property of object successfully

2018-05-21 10:21:45 - [TEST_STEP][PASSED] - Statement - batchqty = com.kms.katalon.core.webui.keyword.WebUiBuiltInKeywords.getAttribute(batch, "value").trim(): Attribute 'value' of object '' is: '38700'

2018-05-21 10:21:45 - [MESSAGE][PASSED] - Attribute 'value' of object '' is: '38700'

2018-05-21 10:21:45 - [TEST_STEP][PASSED] - Statement - Rqty = 100: null

2018-05-21 10:21:45 - [TEST_STEP][PASSED] - delay: Delayed 2 second(s)

2018-05-21 10:21:47 - [MESSAGE][PASSED] - Delayed 2 second(s)

2018-05-21 10:21:47 - [TEST_STEP][PASSED] - Statement - out.println("BatchQty : " + batchqty): null

2018-05-21 10:21:47 - [TEST_STEP][PASSED] - Statement - out.println("RQty : " + Rqty): null

2018-05-21 10:21:47 - [TEST_STEP][PASSED] - Statement - If (java.lang.Integer.valueOf(batchqty) >= java.lang.Integer.valueOf(Rqty)): null

2018-05-21 10:21:47 - [TEST_STEP][PASSED] - Statement - Break: null

2018-05-21 10:21:47 - [TEST_STEP][PASSED] - Statement - batchlength = new com.kms.katalon.core.testobject.TestObject(): null

2018-05-21 10:21:47 - [TEST_STEP][PASSED] - Statement - batchlength = com.kms.katalon.core.webui.keyword.WebUiBuiltInKeywords.modifyObjectProperty(batchlength, "xpath", "equals", "//*[@id = "fldvendor" + row + ""]", true): Modify property of object successfully

2018-05-21 10:21:47 - [MESSAGE][PASSED] - Modify property of object successfully

2018-05-21 10:21:47 - [TEST_STEP][PASSED] - Statement - batchsize = com.kms.katalon.core.webui.keyword.WebUiBuiltInKeywords.getNumberOfTotalOption(batchlength): 9 options of object '' counted

2018-05-21 10:21:48 - [MESSAGE][PASSED] - 9 options of object '' counted

2018-05-21 10:21:48 - [TEST_STEP][PASSED] - Statement - out.println("BatchSize : " + batchsize): null

2018-05-21 10:21:48 - [TEST_STEP][PASSED] - Statement - For ([n = 1, n <= batchsize - 1, (n++)]): null

2018-05-21 10:21:48 - [TEST_STEP][PASSED] - Statement - product = new com.kms.katalon.core.testobject.TestObject(): null

2018-05-21 10:21:48 - [TEST_STEP][PASSED] - Statement - product = com.kms.katalon.core.webui.keyword.WebUiBuiltInKeywords.modifyObjectProperty(product, "xpath", "equals", "//*[@id = "fldvendor" + row + ""]", true): Modify property of object successfully

2018-05-21 10:21:48 - [MESSAGE][PASSED] - Modify property of object successfully

2018-05-21 10:21:48 - [TEST_STEP][PASSED] - selectOptionByIndex: All options with index in [1] are selected on object ''

2018-05-21 10:21:48 - [MESSAGE][PASSED] - All options with index in [1] are selected on object ''

2018-05-21 10:21:48 - [TEST_STEP][PASSED] - Statement - batch = new com.kms.katalon.core.testobject.TestObject(): null

2018-05-21 10:21:48 - [TEST_STEP][PASSED] - Statement - batch = com.kms.katalon.core.webui.keyword.WebUiBuiltInKeywords.modifyObjectProperty(batch, "xpath", "equals", "//*[@id = "txtbthqty" + row + ""]", true): Modify property of object successfully

2018-05-21 10:21:48 - [MESSAGE][PASSED] - Modify property of object successfully

2018-05-21 10:21:48 - [TEST_STEP][PASSED] - Statement - batchqty = com.kms.katalon.core.webui.keyword.WebUiBuiltInKeywords.getAttribute(batch, "value").trim(): Attribute 'value' of object '' is: '4700'

2018-05-21 10:21:48 - [MESSAGE][PASSED] - Attribute 'value' of object '' is: '4700'

2018-05-21 10:21:48 - [TEST_STEP][PASSED] - Statement - Rqty = 100: null

2018-05-21 10:21:48 - [TEST_STEP][PASSED] - delay: Delayed 2 second(s)

2018-05-21 10:21:50 - [MESSAGE][PASSED] - Delayed 2 second(s)

2018-05-21 10:21:50 - [TEST_STEP][PASSED] - Statement - out.println("BatchQty : " + batchqty): null

2018-05-21 10:21:50 - [TEST_STEP][PASSED] - Statement - out.println("RQty : " + Rqty): null

2018-05-21 10:21:50 - [TEST_STEP][PASSED] - Statement - If (java.lang.Integer.valueOf(batchqty) >= java.lang.Integer.valueOf(Rqty)): null

2018-05-21 10:21:50 - [TEST_STEP][PASSED] - Statement - Break: null

2018-05-21 10:21:50 - [TEST_STEP][PASSED] - Statement - batchlength = new com.kms.katalon.core.testobject.TestObject(): null

2018-05-21 10:21:50 - [TEST_STEP][PASSED] - Statement - batchlength = com.kms.katalon.core.webui.keyword.WebUiBuiltInKeywords.modifyObjectProperty(batchlength, "xpath", "equals", "//*[@id = "fldvendor" + row + ""]", true): Modify property of object successfully

2018-05-21 10:21:50 - [MESSAGE][PASSED] - Modify property of object successfully

2018-05-21 10:21:50 - [TEST_STEP][PASSED] - Statement - batchsize = com.kms.katalon.core.webui.keyword.WebUiBuiltInKeywords.getNumberOfTotalOption(batchlength): 9 options of object '' counted

2018-05-21 10:21:50 - [MESSAGE][PASSED] - 9 options of object '' counted

2018-05-21 10:21:50 - [TEST_STEP][PASSED] - Statement - out.println("BatchSize : " + batchsize): null

2018-05-21 10:21:50 - [TEST_STEP][PASSED] - Statement - For ([n = 1, n <= batchsize - 1, (n++)]): null

2018-05-21 10:21:50 - [TEST_STEP][PASSED] - Statement - product = new com.kms.katalon.core.testobject.TestObject(): null

2018-05-21 10:21:50 - [TEST_STEP][PASSED] - Statement - product = com.kms.katalon.core.webui.keyword.WebUiBuiltInKeywords.modifyObjectProperty(product, "xpath", "equals", "//*[@id = "fldvendor" + row + ""]", true): Modify property of object successfully

2018-05-21 10:21:50 - [MESSAGE][PASSED] - Modify property of object successfully

2018-05-21 10:21:50 - [TEST_STEP][PASSED] - selectOptionByIndex: All options with index in [1] are selected on object ''

2018-05-21 10:21:50 - [MESSAGE][PASSED] - All options with index in [1] are selected on object ''

2018-05-21 10:21:50 - [TEST_STEP][PASSED] - Statement - batch = new com.kms.katalon.core.testobject.TestObject(): null

2018-05-21 10:21:50 - [TEST_STEP][PASSED] - Statement - batch = com.kms.katalon.core.webui.keyword.WebUiBuiltInKeywords.modifyObjectProperty(batch, "xpath", "equals", "//*[@id = "txtbthqty" + row + ""]", true): Modify property of object successfully

2018-05-21 10:21:50 - [MESSAGE][PASSED] - Modify property of object successfully

2018-05-21 10:21:50 - [TEST_STEP][PASSED] - Statement - batchqty = com.kms.katalon.core.webui.keyword.WebUiBuiltInKeywords.getAttribute(batch, "value").trim(): Attribute 'value' of object '' is: '3700'

2018-05-21 10:21:50 - [MESSAGE][PASSED] - Attribute 'value' of object '' is: '3700'

2018-05-21 10:21:50 - [TEST_STEP][PASSED] - Statement - Rqty = 100: null

2018-05-21 10:21:50 - [TEST_STEP][PASSED] - delay: Delayed 2 second(s)

2018-05-21 10:21:52 - [MESSAGE][PASSED] - Delayed 2 second(s)

2018-05-21 10:21:52 - [TEST_STEP][PASSED] - Statement - out.println("BatchQty : " + batchqty): null

2018-05-21 10:21:52 - [TEST_STEP][PASSED] - Statement - out.println("RQty : " + Rqty): null

2018-05-21 10:21:52 - [TEST_STEP][PASSED] - Statement - If (java.lang.Integer.valueOf(batchqty) >= java.lang.Integer.valueOf(Rqty)): null

2018-05-21 10:21:52 - [TEST_STEP][PASSED] - Statement - Break: null

2018-05-21 10:21:52 - [TEST_STEP][PASSED] - Statement - batchlength = new com.kms.katalon.core.testobject.TestObject(): null

2018-05-21 10:21:52 - [TEST_STEP][PASSED] - Statement - batchlength = com.kms.katalon.core.webui.keyword.WebUiBuiltInKeywords.modifyObjectProperty(batchlength, "xpath", "equals", "//*[@id = "fldvendor" + row + ""]", true): Modify property of object successfully

2018-05-21 10:21:52 - [MESSAGE][PASSED] - Modify property of object successfully

2018-05-21 10:21:52 - [TEST_STEP][PASSED] - Statement - batchsize = com.kms.katalon.core.webui.keyword.WebUiBuiltInKeywords.getNumberOfTotalOption(batchlength): 9 options of object '' counted

2018-05-21 10:21:52 - [MESSAGE][PASSED] - 9 options of object '' counted

2018-05-21 10:21:52 - [TEST_STEP][PASSED] - Statement - out.println("BatchSize : " + batchsize): null

2018-05-21 10:21:52 - [TEST_STEP][PASSED] - Statement - For ([n = 1, n <= batchsize - 1, (n++)]): null

2018-05-21 10:21:52 - [TEST_STEP][PASSED] - Statement - product = new com.kms.katalon.core.testobject.TestObject(): null

2018-05-21 10:21:52 - [TEST_STEP][PASSED] - Statement - product = com.kms.katalon.core.webui.keyword.WebUiBuiltInKeywords.modifyObjectProperty(product, "xpath", "equals", "//*[@id = "fldvendor" + row + ""]", true): Modify property of object successfully

2018-05-21 10:21:52 - [MESSAGE][PASSED] - Modify property of object successfully

2018-05-21 10:21:52 - [TEST_STEP][PASSED] - selectOptionByIndex: All options with index in [1] are selected on object ''

2018-05-21 10:21:52 - [MESSAGE][PASSED] - All options with index in [1] are selected on object ''

2018-05-21 10:21:52 - [TEST_STEP][PASSED] - Statement - batch = new com.kms.katalon.core.testobject.TestObject(): null

2018-05-21 10:21:52 - [TEST_STEP][PASSED] - Statement - batch = com.kms.katalon.core.webui.keyword.WebUiBuiltInKeywords.modifyObjectProperty(batch, "xpath", "equals", "//*[@id = "txtbthqty" + row + ""]", true): Modify property of object successfully

2018-05-21 10:21:52 - [MESSAGE][PASSED] - Modify property of object successfully

2018-05-21 10:21:52 - [TEST_STEP][PASSED] - Statement - batchqty = com.kms.katalon.core.webui.keyword.WebUiBuiltInKeywords.getAttribute(batch, "value").trim(): Attribute 'value' of object '' is: '4700'

2018-05-21 10:21:52 - [MESSAGE][PASSED] - Attribute 'value' of object '' is: '4700'

2018-05-21 10:21:52 - [TEST_STEP][PASSED] - Statement - Rqty = 100: null

2018-05-21 10:21:52 - [TEST_STEP][PASSED] - delay: Delayed 2 second(s)

2018-05-21 10:21:54 - [MESSAGE][PASSED] - Delayed 2 second(s)

2018-05-21 10:21:54 - [TEST_STEP][PASSED] - Statement - out.println("BatchQty : " + batchqty): null

2018-05-21 10:21:54 - [TEST_STEP][PASSED] - Statement - out.println("RQty : " + Rqty): null

2018-05-21 10:21:54 - [TEST_STEP][PASSED] - Statement - If (java.lang.Integer.valueOf(batchqty) >= java.lang.Integer.valueOf(Rqty)): null

2018-05-21 10:21:54 - [TEST_STEP][PASSED] - Statement - Break: null

2018-05-21 10:21:54 - [TEST_STEP][PASSED] - Statement - batchlength = new com.kms.katalon.core.testobject.TestObject(): null

2018-05-21 10:21:54 - [TEST_STEP][PASSED] - Statement - batchlength = com.kms.katalon.core.webui.keyword.WebUiBuiltInKeywords.modifyObjectProperty(batchlength, "xpath", "equals", "//*[@id = "fldvendor" + row + ""]", true): Modify property of object successfully

2018-05-21 10:21:54 - [MESSAGE][PASSED] - Modify property of object successfully

2018-05-21 10:21:54 - [TEST_STEP][PASSED] - Statement - batchsize = com.kms.katalon.core.webui.keyword.WebUiBuiltInKeywords.getNumberOfTotalOption(batchlength): 9 options of object '' counted

2018-05-21 10:21:54 - [MESSAGE][PASSED] - 9 options of object '' counted

2018-05-21 10:21:54 - [TEST_STEP][PASSED] - Statement - out.println("BatchSize : " + batchsize): null

2018-05-21 10:21:54 - [TEST_STEP][PASSED] - Statement - For ([n = 1, n <= batchsize - 1, (n++)]): null

2018-05-21 10:21:54 - [TEST_STEP][PASSED] - Statement - product = new com.kms.katalon.core.testobject.TestObject(): null

2018-05-21 10:21:54 - [TEST_STEP][PASSED] - Statement - product = com.kms.katalon.core.webui.keyword.WebUiBuiltInKeywords.modifyObjectProperty(product, "xpath", "equals", "//*[@id = "fldvendor" + row + ""]", true): Modify property of object successfully

2018-05-21 10:21:54 - [MESSAGE][PASSED] - Modify property of object successfully

2018-05-21 10:21:54 - [TEST_STEP][PASSED] - selectOptionByIndex: All options with index in [1] are selected on object ''

2018-05-21 10:21:55 - [MESSAGE][PASSED] - All options with index in [1] are selected on object ''

2018-05-21 10:21:55 - [TEST_STEP][PASSED] - Statement - batch = new com.kms.katalon.core.testobject.TestObject(): null

2018-05-21 10:21:55 - [TEST_STEP][PASSED] - Statement - batch = com.kms.katalon.core.webui.keyword.WebUiBuiltInKeywords.modifyObjectProperty(batch, "xpath", "equals", "//*[@id = "txtbthqty" + row + ""]", true): Modify property of object successfully

2018-05-21 10:21:55 - [MESSAGE][PASSED] - Modify property of object successfully

2018-05-21 10:21:55 - [TEST_STEP][PASSED] - Statement - batchqty = com.kms.katalon.core.webui.keyword.WebUiBuiltInKeywords.getAttribute(batch, "value").trim(): Attribute 'value' of object '' is: '4700'

2018-05-21 10:21:55 - [MESSAGE][PASSED] - Attribute 'value' of object '' is: '4700'

2018-05-21 10:21:55 - [TEST_STEP][PASSED] - Statement - Rqty = 100: null

2018-05-21 10:21:55 - [TEST_STEP][PASSED] - delay: Delayed 2 second(s)

2018-05-21 10:21:57 - [MESSAGE][PASSED] - Delayed 2 second(s)

2018-05-21 10:21:57 - [TEST_STEP][PASSED] - Statement - out.println("BatchQty : " + batchqty): null

2018-05-21 10:21:57 - [TEST_STEP][PASSED] - Statement - out.println("RQty : " + Rqty): null

2018-05-21 10:21:57 - [TEST_STEP][PASSED] - Statement - If (java.lang.Integer.valueOf(batchqty) >= java.lang.Integer.valueOf(Rqty)): null

2018-05-21 10:21:57 - [TEST_STEP][PASSED] - Statement - Break: null

2018-05-21 10:21:57 - [TEST_STEP][PASSED] - Statement - batchlength = new com.kms.katalon.core.testobject.TestObject(): null

2018-05-21 10:21:57 - [TEST_STEP][PASSED] - Statement - batchlength = com.kms.katalon.core.webui.keyword.WebUiBuiltInKeywords.modifyObjectProperty(batchlength, "xpath", "equals", "//*[@id = "fldvendor" + row + ""]", true): Modify property of object successfully

2018-05-21 10:21:57 - [MESSAGE][PASSED] - Modify property of object successfully

2018-05-21 10:21:57 - [TEST_STEP][PASSED] - Statement - batchsize = com.kms.katalon.core.webui.keyword.WebUiBuiltInKeywords.getNumberOfTotalOption(batchlength): 9 options of object '' counted

2018-05-21 10:21:57 - [MESSAGE][PASSED] - 9 options of object '' counted

2018-05-21 10:21:57 - [TEST_STEP][PASSED] - Statement - out.println("BatchSize : " + batchsize): null

2018-05-21 10:21:57 - [TEST_STEP][PASSED] - Statement - For ([n = 1, n <= batchsize - 1, (n++)]): null

2018-05-21 10:21:57 - [TEST_STEP][PASSED] - Statement - product = new com.kms.katalon.core.testobject.TestObject(): null

2018-05-21 10:21:57 - [TEST_STEP][PASSED] - Statement - product = com.kms.katalon.core.webui.keyword.WebUiBuiltInKeywords.modifyObjectProperty(product, "xpath", "equals", "//*[@id = "fldvendor" + row + ""]", true): Modify property of object successfully

2018-05-21 10:21:57 - [MESSAGE][PASSED] - Modify property of object successfully

2018-05-21 10:21:57 - [TEST_STEP][PASSED] - selectOptionByIndex: All options with index in [1] are selected on object ''

2018-05-21 10:21:57 - [MESSAGE][PASSED] - All options with index in [1] are selected on object ''

2018-05-21 10:21:57 - [TEST_STEP][PASSED] - Statement - batch = new com.kms.katalon.core.testobject.TestObject(): null

2018-05-21 10:21:57 - [TEST_STEP][PASSED] - Statement - batch = com.kms.katalon.core.webui.keyword.WebUiBuiltInKeywords.modifyObjectProperty(batch, "xpath", "equals", "//*[@id = "txtbthqty" + row + ""]", true): Modify property of object successfully

2018-05-21 10:21:57 - [MESSAGE][PASSED] - Modify property of object successfully

2018-05-21 10:21:57 - [TEST_STEP][PASSED] - Statement - batchqty = com.kms.katalon.core.webui.keyword.WebUiBuiltInKeywords.getAttribute(batch, "value").trim(): Attribute 'value' of object '' is: '3700'

2018-05-21 10:21:57 - [MESSAGE][PASSED] - Attribute 'value' of object '' is: '3700'

2018-05-21 10:21:57 - [TEST_STEP][PASSED] - Statement - Rqty = 100: null

2018-05-21 10:21:57 - [TEST_STEP][PASSED] - delay: Delayed 2 second(s)

2018-05-21 10:21:59 - [MESSAGE][PASSED] - Delayed 2 second(s)

2018-05-21 10:21:59 - [TEST_STEP][PASSED] - Statement - out.println("BatchQty : " + batchqty): null

2018-05-21 10:21:59 - [TEST_STEP][PASSED] - Statement - out.println("RQty : " + Rqty): null

2018-05-21 10:21:59 - [TEST_STEP][PASSED] - Statement - If (java.lang.Integer.valueOf(batchqty) >= java.lang.Integer.valueOf(Rqty)): null

2018-05-21 10:21:59 - [TEST_STEP][PASSED] - Statement - Break: null

2018-05-21 10:21:59 - [TEST_STEP][PASSED] - Statement - batchlength = new com.kms.katalon.core.testobject.TestObject(): null

2018-05-21 10:21:59 - [TEST_STEP][PASSED] - Statement - batchlength = com.kms.katalon.core.webui.keyword.WebUiBuiltInKeywords.modifyObjectProperty(batchlength, "xpath", "equals", "//*[@id = "fldvendor" + row + ""]", true): Modify property of object successfully

2018-05-21 10:21:59 - [MESSAGE][PASSED] - Modify property of object successfully

2018-05-21 10:21:59 - [TEST_STEP][PASSED] - Statement - batchsize = com.kms.katalon.core.webui.keyword.WebUiBuiltInKeywords.getNumberOfTotalOption(batchlength): 9 options of object '' counted

2018-05-21 10:21:59 - [MESSAGE][PASSED] - 9 options of object '' counted

2018-05-21 10:21:59 - [TEST_STEP][PASSED] - Statement - out.println("BatchSize : " + batchsize): null

2018-05-21 10:21:59 - [TEST_STEP][PASSED] - Statement - For ([n = 1, n <= batchsize - 1, (n++)]): null

2018-05-21 10:21:59 - [TEST_STEP][PASSED] - Statement - product = new com.kms.katalon.core.testobject.TestObject(): null

2018-05-21 10:21:59 - [TEST_STEP][PASSED] - Statement - product = com.kms.katalon.core.webui.keyword.WebUiBuiltInKeywords.modifyObjectProperty(product, "xpath", "equals", "//*[@id = "fldvendor" + row + ""]", true): Modify property of object successfully

2018-05-21 10:21:59 - [MESSAGE][PASSED] - Modify property of object successfully

2018-05-21 10:21:59 - [TEST_STEP][PASSED] - selectOptionByIndex: All options with index in [1] are selected on object ''

2018-05-21 10:21:59 - [MESSAGE][PASSED] - All options with index in [1] are selected on object ''

2018-05-21 10:21:59 - [TEST_STEP][PASSED] - Statement - batch = new com.kms.katalon.core.testobject.TestObject(): null

2018-05-21 10:21:59 - [TEST_STEP][PASSED] - Statement - batch = com.kms.katalon.core.webui.keyword.WebUiBuiltInKeywords.modifyObjectProperty(batch, "xpath", "equals", "//*[@id = "txtbthqty" + row + ""]", true): Modify property of object successfully

2018-05-21 10:21:59 - [MESSAGE][PASSED] - Modify property of object successfully

2018-05-21 10:21:59 - [TEST_STEP][PASSED] - Statement - batchqty = com.kms.katalon.core.webui.keyword.WebUiBuiltInKeywords.getAttribute(batch, "value").trim(): Attribute 'value' of object '' is: '39700'

2018-05-21 10:21:59 - [MESSAGE][PASSED] - Attribute 'value' of object '' is: '39700'

2018-05-21 10:21:59 - [TEST_STEP][PASSED] - Statement - Rqty = 100: null

2018-05-21 10:21:59 - [TEST_STEP][PASSED] - delay: Delayed 2 second(s)

2018-05-21 10:22:01 - [MESSAGE][PASSED] - Delayed 2 second(s)

2018-05-21 10:22:01 - [TEST_STEP][PASSED] - Statement - out.println("BatchQty : " + batchqty): null

2018-05-21 10:22:01 - [TEST_STEP][PASSED] - Statement - out.println("RQty : " + Rqty): null

2018-05-21 10:22:01 - [TEST_STEP][PASSED] - Statement - If (java.lang.Integer.valueOf(batchqty) >= java.lang.Integer.valueOf(Rqty)): null

2018-05-21 10:22:01 - [TEST_STEP][PASSED] - Statement - Break: null

2018-05-21 10:22:01 - [TEST_STEP][PASSED] - Statement - batchlength = new com.kms.katalon.core.testobject.TestObject(): null

2018-05-21 10:22:01 - [TEST_STEP][PASSED] - Statement - batchlength = com.kms.katalon.core.webui.keyword.WebUiBuiltInKeywords.modifyObjectProperty(batchlength, "xpath", "equals", "//*[@id = "fldvendor" + row + ""]", true): Modify property of object successfully

2018-05-21 10:22:01 - [MESSAGE][PASSED] - Modify property of object successfully

2018-05-21 10:22:01 - [TEST_STEP][PASSED] - Statement - batchsize = com.kms.katalon.core.webui.keyword.WebUiBuiltInKeywords.getNumberOfTotalOption(batchlength): 9 options of object '' counted

2018-05-21 10:22:01 - [MESSAGE][PASSED] - 9 options of object '' counted

2018-05-21 10:22:01 - [TEST_STEP][PASSED] - Statement - out.println("BatchSize : " + batchsize): null

2018-05-21 10:22:01 - [TEST_STEP][PASSED] - Statement - For ([n = 1, n <= batchsize - 1, (n++)]): null

2018-05-21 10:22:01 - [TEST_STEP][PASSED] - Statement - product = new com.kms.katalon.core.testobject.TestObject(): null

2018-05-21 10:22:01 - [TEST_STEP][PASSED] - Statement - product = com.kms.katalon.core.webui.keyword.WebUiBuiltInKeywords.modifyObjectProperty(product, "xpath", "equals", "//*[@id = "fldvendor" + row + ""]", true): Modify property of object successfully

2018-05-21 10:22:01 - [MESSAGE][PASSED] - Modify property of object successfully

2018-05-21 10:22:01 - [TEST_STEP][PASSED] - selectOptionByIndex: All options with index in [1] are selected on object ''

2018-05-21 10:22:01 - [MESSAGE][PASSED] - All options with index in [1] are selected on object ''

2018-05-21 10:22:01 - [TEST_STEP][PASSED] - Statement - batch = new com.kms.katalon.core.testobject.TestObject(): null

2018-05-21 10:22:01 - [TEST_STEP][PASSED] - Statement - batch = com.kms.katalon.core.webui.keyword.WebUiBuiltInKeywords.modifyObjectProperty(batch, "xpath", "equals", "//*[@id = "txtbthqty" + row + ""]", true): Modify property of object successfully

2018-05-21 10:22:01 - [MESSAGE][PASSED] - Modify property of object successfully

2018-05-21 10:22:01 - [TEST_STEP][PASSED] - Statement - batchqty = com.kms.katalon.core.webui.keyword.WebUiBuiltInKeywords.getAttribute(batch, "value").trim(): Attribute 'value' of object '' is: '3700'

2018-05-21 10:22:01 - [MESSAGE][PASSED] - Attribute 'value' of object '' is: '3700'

2018-05-21 10:22:01 - [TEST_STEP][PASSED] - Statement - Rqty = 100: null

2018-05-21 10:22:01 - [TEST_STEP][PASSED] - delay: Delayed 2 second(s)

2018-05-21 10:22:03 - [MESSAGE][PASSED] - Delayed 2 second(s)

2018-05-21 10:22:03 - [TEST_STEP][PASSED] - Statement - out.println("BatchQty : " + batchqty): null

2018-05-21 10:22:03 - [TEST_STEP][PASSED] - Statement - out.println("RQty : " + Rqty): null

2018-05-21 10:22:03 - [TEST_STEP][PASSED] - Statement - If (java.lang.Integer.valueOf(batchqty) >= java.lang.Integer.valueOf(Rqty)): null

2018-05-21 10:22:03 - [TEST_STEP][PASSED] - Statement - Break: null

2018-05-21 10:22:03 - [TEST_STEP][PASSED] - Statement - batchlength = new com.kms.katalon.core.testobject.TestObject(): null

2018-05-21 10:22:03 - [TEST_STEP][PASSED] - Statement - batchlength = com.kms.katalon.core.webui.keyword.WebUiBuiltInKeywords.modifyObjectProperty(batchlength, "xpath", "equals", "//*[@id = "fldvendor" + row + ""]", true): Modify property of object successfully

2018-05-21 10:22:03 - [MESSAGE][PASSED] - Modify property of object successfully

2018-05-21 10:22:03 - [TEST_STEP][PASSED] - Statement - batchsize = com.kms.katalon.core.webui.keyword.WebUiBuiltInKeywords.getNumberOfTotalOption(batchlength): 9 options of object '' counted

2018-05-21 10:22:03 - [MESSAGE][PASSED] - 9 options of object '' counted

2018-05-21 10:22:03 - [TEST_STEP][PASSED] - Statement - out.println("BatchSize : " + batchsize): null

2018-05-21 10:22:03 - [TEST_STEP][PASSED] - Statement - For ([n = 1, n <= batchsize - 1, (n++)]): null

2018-05-21 10:22:03 - [TEST_STEP][PASSED] - Statement - product = new com.kms.katalon.core.testobject.TestObject(): null

2018-05-21 10:22:03 - [TEST_STEP][PASSED] - Statement - product = com.kms.katalon.core.webui.keyword.WebUiBuiltInKeywords.modifyObjectProperty(product, "xpath", "equals", "//*[@id = "fldvendor" + row + ""]", true): Modify property of object successfully

2018-05-21 10:22:03 - [MESSAGE][PASSED] - Modify property of object successfully

2018-05-21 10:22:03 - [TEST_STEP][PASSED] - selectOptionByIndex: All options with index in [1] are selected on object ''

2018-05-21 10:22:04 - [MESSAGE][PASSED] - All options with index in [1] are selected on object ''

2018-05-21 10:22:04 - [TEST_STEP][PASSED] - Statement - batch = new com.kms.katalon.core.testobject.TestObject(): null

2018-05-21 10:22:04 - [TEST_STEP][PASSED] - Statement - batch = com.kms.katalon.core.webui.keyword.WebUiBuiltInKeywords.modifyObjectProperty(batch, "xpath", "equals", "//*[@id = "txtbthqty" + row + ""]", true): Modify property of object successfully

2018-05-21 10:22:04 - [MESSAGE][PASSED] - Modify property of object successfully

2018-05-21 10:22:04 - [TEST_STEP][PASSED] - Statement - batchqty = com.kms.katalon.core.webui.keyword.WebUiBuiltInKeywords.getAttribute(batch, "value").trim(): Attribute 'value' of object '' is: '4700'

2018-05-21 10:22:04 - [MESSAGE][PASSED] - Attribute 'value' of object '' is: '4700'

2018-05-21 10:22:04 - [TEST_STEP][PASSED] - Statement - Rqty = 100: null

2018-05-21 10:22:04 - [TEST_STEP][PASSED] - delay: Delayed 2 second(s)

2018-05-21 10:22:06 - [MESSAGE][PASSED] - Delayed 2 second(s)

2018-05-21 10:22:06 - [TEST_STEP][PASSED] - Statement - out.println("BatchQty : " + batchqty): null

2018-05-21 10:22:06 - [TEST_STEP][PASSED] - Statement - out.println("RQty : " + Rqty): null

2018-05-21 10:22:06 - [TEST_STEP][PASSED] - Statement - If (java.lang.Integer.valueOf(batchqty) >= java.lang.Integer.valueOf(Rqty)): null

2018-05-21 10:22:06 - [TEST_STEP][PASSED] - Statement - Break: null

2018-05-21 10:22:06 - [TEST_STEP][PASSED] - Statement - batchlength = new com.kms.katalon.core.testobject.TestObject(): null

2018-05-21 10:22:06 - [TEST_STEP][PASSED] - Statement - batchlength = com.kms.katalon.core.webui.keyword.WebUiBuiltInKeywords.modifyObjectProperty(batchlength, "xpath", "equals", "//*[@id = "fldvendor" + row + ""]", true): Modify property of object successfully

2018-05-21 10:22:06 - [MESSAGE][PASSED] - Modify property of object successfully

2018-05-21 10:22:06 - [TEST_STEP][PASSED] - Statement - batchsize = com.kms.katalon.core.webui.keyword.WebUiBuiltInKeywords.getNumberOfTotalOption(batchlength): 9 options of object '' counted

2018-05-21 10:22:06 - [MESSAGE][PASSED] - 9 options of object '' counted

2018-05-21 10:22:06 - [TEST_STEP][PASSED] - Statement - out.println("BatchSize : " + batchsize): null

2018-05-21 10:22:06 - [TEST_STEP][PASSED] - Statement - For ([n = 1, n <= batchsize - 1, (n++)]): null

2018-05-21 10:22:06 - [TEST_STEP][PASSED] - Statement - product = new com.kms.katalon.core.testobject.TestObject(): null

2018-05-21 10:22:06 - [TEST_STEP][PASSED] - Statement - product = com.kms.katalon.core.webui.keyword.WebUiBuiltInKeywords.modifyObjectProperty(product, "xpath", "equals", "//*[@id = "fldvendor" + row + ""]", true): Modify property of object successfully

2018-05-21 10:22:06 - [MESSAGE][PASSED] - Modify property of object successfully

2018-05-21 10:22:06 - [TEST_STEP][PASSED] - selectOptionByIndex: All options with index in [1] are selected on object ''

2018-05-21 10:22:06 - [MESSAGE][PASSED] - All options with index in [1] are selected on object ''

2018-05-21 10:22:06 - [TEST_STEP][PASSED] - Statement - batch = new com.kms.katalon.core.testobject.TestObject(): null

2018-05-21 10:22:06 - [TEST_STEP][PASSED] - Statement - batch = com.kms.katalon.core.webui.keyword.WebUiBuiltInKeywords.modifyObjectProperty(batch, "xpath", "equals", "//*[@id = "txtbthqty" + row + ""]", true): Modify property of object successfully

2018-05-21 10:22:06 - [MESSAGE][PASSED] - Modify property of object successfully

2018-05-21 10:22:06 - [TEST_STEP][PASSED] - Statement - batchqty = com.kms.katalon.core.webui.keyword.WebUiBuiltInKeywords.getAttribute(batch, "value").trim(): Attribute 'value' of object '' is: '3700'

2018-05-21 10:22:06 - [MESSAGE][PASSED] - Attribute 'value' of object '' is: '3700'

2018-05-21 10:22:06 - [TEST_STEP][PASSED] - Statement - Rqty = 100: null

2018-05-21 10:22:06 - [TEST_STEP][PASSED] - delay: Delayed 2 second(s)

2018-05-21 10:22:08 - [MESSAGE][PASSED] - Delayed 2 second(s)

2018-05-21 10:22:08 - [TEST_STEP][PASSED] - Statement - out.println("BatchQty : " + batchqty): null

2018-05-21 10:22:08 - [TEST_STEP][PASSED] - Statement - out.println("RQty : " + Rqty): null

2018-05-21 10:22:08 - [TEST_STEP][PASSED] - Statement - If (java.lang.Integer.valueOf(batchqty) >= java.lang.Integer.valueOf(Rqty)): null

2018-05-21 10:22:08 - [TEST_STEP][PASSED] - Statement - Break: null

2018-05-21 10:22:08 - [TEST_STEP][PASSED] - Statement - batchlength = new com.kms.katalon.core.testobject.TestObject(): null

2018-05-21 10:22:08 - [TEST_STEP][PASSED] - Statement - batchlength = com.kms.katalon.core.webui.keyword.WebUiBuiltInKeywords.modifyObjectProperty(batchlength, "xpath", "equals", "//*[@id = "fldvendor" + row + ""]", true): Modify property of object successfully

2018-05-21 10:22:08 - [MESSAGE][PASSED] - Modify property of object successfully

2018-05-21 10:22:08 - [TEST_STEP][PASSED] - Statement - batchsize = com.kms.katalon.core.webui.keyword.WebUiBuiltInKeywords.getNumberOfTotalOption(batchlength): 9 options of object '' counted

2018-05-21 10:22:08 - [MESSAGE][PASSED] - 9 options of object '' counted

2018-05-21 10:22:08 - [TEST_STEP][PASSED] - Statement - out.println("BatchSize : " + batchsize): null

2018-05-21 10:22:08 - [TEST_STEP][PASSED] - Statement - For ([n = 1, n <= batchsize - 1, (n++)]): null

2018-05-21 10:22:08 - [TEST_STEP][PASSED] - Statement - product = new com.kms.katalon.core.testobject.TestObject(): null

2018-05-21 10:22:08 - [TEST_STEP][PASSED] - Statement - product = com.kms.katalon.core.webui.keyword.WebUiBuiltInKeywords.modifyObjectProperty(product, "xpath", "equals", "//*[@id = "fldvendor" + row + ""]", true): Modify property of object successfully

2018-05-21 10:22:08 - [MESSAGE][PASSED] - Modify property of object successfully

2018-05-21 10:22:08 - [TEST_STEP][PASSED] - selectOptionByIndex: All options with index in [1] are selected on object ''

2018-05-21 10:22:08 - [MESSAGE][PASSED] - All options with index in [1] are selected on object ''

2018-05-21 10:22:08 - [TEST_STEP][PASSED] - Statement - batch = new com.kms.katalon.core.testobject.TestObject(): null

2018-05-21 10:22:08 - [TEST_STEP][PASSED] - Statement - batch = com.kms.katalon.core.webui.keyword.WebUiBuiltInKeywords.modifyObjectProperty(batch, "xpath", "equals", "//*[@id = "txtbthqty" + row + ""]", true): Modify property of object successfully

2018-05-21 10:22:08 - [MESSAGE][PASSED] - Modify property of object successfully

2018-05-21 10:22:08 - [TEST_STEP][PASSED] - Statement - batchqty = com.kms.katalon.core.webui.keyword.WebUiBuiltInKeywords.getAttribute(batch, "value").trim(): Attribute 'value' of object '' is: '4700'

2018-05-21 10:22:08 - [MESSAGE][PASSED] - Attribute 'value' of object '' is: '4700'

2018-05-21 10:22:08 - [TEST_STEP][PASSED] - Statement - Rqty = 100: null

2018-05-21 10:22:08 - [TEST_STEP][PASSED] - delay: Delayed 2 second(s)

2018-05-21 10:22:10 - [MESSAGE][PASSED] - Delayed 2 second(s)

2018-05-21 10:22:10 - [TEST_STEP][PASSED] - Statement - out.println("BatchQty : " + batchqty): null

2018-05-21 10:22:10 - [TEST_STEP][PASSED] - Statement - out.println("RQty : " + Rqty): null

2018-05-21 10:22:10 - [TEST_STEP][PASSED] - Statement - If (java.lang.Integer.valueOf(batchqty) >= java.lang.Integer.valueOf(Rqty)): null

2018-05-21 10:22:10 - [TEST_STEP][PASSED] - Statement - Break: null

2018-05-21 10:22:10 - [TEST_STEP][PASSED] - Statement - batchlength = new com.kms.katalon.core.testobject.TestObject(): null

2018-05-21 10:22:10 - [TEST_STEP][PASSED] - Statement - batchlength = com.kms.katalon.core.webui.keyword.WebUiBuiltInKeywords.modifyObjectProperty(batchlength, "xpath", "equals", "//*[@id = "fldvendor" + row + ""]", true): Modify property of object successfully

2018-05-21 10:22:10 - [MESSAGE][PASSED] - Modify property of object successfully

2018-05-21 10:22:10 - [TEST_STEP][PASSED] - Statement - batchsize = com.kms.katalon.core.webui.keyword.WebUiBuiltInKeywords.getNumberOfTotalOption(batchlength): 9 options of object '' counted

2018-05-21 10:22:10 - [MESSAGE][PASSED] - 9 options of object '' counted

2018-05-21 10:22:10 - [TEST_STEP][PASSED] - Statement - out.println("BatchSize : " + batchsize): null

2018-05-21 10:22:10 - [TEST_STEP][PASSED] - Statement - For ([n = 1, n <= batchsize - 1, (n++)]): null

2018-05-21 10:22:10 - [TEST_STEP][PASSED] - Statement - product = new com.kms.katalon.core.testobject.TestObject(): null

2018-05-21 10:22:10 - [TEST_STEP][PASSED] - Statement - product = com.kms.katalon.core.webui.keyword.WebUiBuiltInKeywords.modifyObjectProperty(product, "xpath", "equals", "//*[@id = "fldvendor" + row + ""]", true): Modify property of object successfully

2018-05-21 10:22:10 - [MESSAGE][PASSED] - Modify property of object successfully

2018-05-21 10:22:10 - [TEST_STEP][PASSED] - selectOptionByIndex: All options with index in [1] are selected on object ''

2018-05-21 10:22:10 - [MESSAGE][PASSED] - All options with index in [1] are selected on object ''

2018-05-21 10:22:10 - [TEST_STEP][PASSED] - Statement - batch = new com.kms.katalon.core.testobject.TestObject(): null

2018-05-21 10:22:10 - [TEST_STEP][PASSED] - Statement - batch = com.kms.katalon.core.webui.keyword.WebUiBuiltInKeywords.modifyObjectProperty(batch, "xpath", "equals", "//*[@id = "txtbthqty" + row + ""]", true): Modify property of object successfully

2018-05-21 10:22:10 - [MESSAGE][PASSED] - Modify property of object successfully

2018-05-21 10:22:10 - [TEST_STEP][PASSED] - Statement - batchqty = com.kms.katalon.core.webui.keyword.WebUiBuiltInKeywords.getAttribute(batch, "value").trim(): Attribute 'value' of object '' is: '3700'

2018-05-21 10:22:10 - [MESSAGE][PASSED] - Attribute 'value' of object '' is: '3700'

2018-05-21 10:22:10 - [TEST_STEP][PASSED] - Statement - Rqty = 100: null

2018-05-21 10:22:10 - [TEST_STEP][PASSED] - delay: Delayed 2 second(s)

2018-05-21 10:22:12 - [MESSAGE][PASSED] - Delayed 2 second(s)

2018-05-21 10:22:12 - [TEST_STEP][PASSED] - Statement - out.println("BatchQty : " + batchqty): null

2018-05-21 10:22:12 - [TEST_STEP][PASSED] - Statement - out.println("RQty : " + Rqty): null

2018-05-21 10:22:12 - [TEST_STEP][PASSED] - Statement - If (java.lang.Integer.valueOf(batchqty) >= java.lang.Integer.valueOf(Rqty)): null

2018-05-21 10:22:12 - [TEST_STEP][PASSED] - Statement - Break: null

2018-05-21 10:22:12 - [TEST_STEP][PASSED] - Statement - batchlength = new com.kms.katalon.core.testobject.TestObject(): null

2018-05-21 10:22:12 - [TEST_STEP][PASSED] - Statement - batchlength = com.kms.katalon.core.webui.keyword.WebUiBuiltInKeywords.modifyObjectProperty(batchlength, "xpath", "equals", "//*[@id = "fldvendor" + row + ""]", true): Modify property of object successfully

2018-05-21 10:22:12 - [MESSAGE][PASSED] - Modify property of object successfully

2018-05-21 10:22:12 - [TEST_STEP][PASSED] - Statement - batchsize = com.kms.katalon.core.webui.keyword.WebUiBuiltInKeywords.getNumberOfTotalOption(batchlength): 9 options of object '' counted

2018-05-21 10:22:13 - [MESSAGE][PASSED] - 9 options of object '' counted

2018-05-21 10:22:13 - [TEST_STEP][PASSED] - Statement - out.println("BatchSize : " + batchsize): null

2018-05-21 10:22:13 - [TEST_STEP][PASSED] - Statement - For ([n = 1, n <= batchsize - 1, (n++)]): null

2018-05-21 10:22:13 - [TEST_STEP][PASSED] - Statement - product = new com.kms.katalon.core.testobject.TestObject(): null

2018-05-21 10:22:13 - [TEST_STEP][PASSED] - Statement - product = com.kms.katalon.core.webui.keyword.WebUiBuiltInKeywords.modifyObjectProperty(product, "xpath", "equals", "//*[@id = "fldvendor" + row + ""]", true): Modify property of object successfully

2018-05-21 10:22:13 - [MESSAGE][PASSED] - Modify property of object successfully

2018-05-21 10:22:13 - [TEST_STEP][PASSED] - selectOptionByIndex: All options with index in [1] are selected on object ''

2018-05-21 10:22:13 - [MESSAGE][PASSED] - All options with index in [1] are selected on object ''

2018-05-21 10:22:13 - [TEST_STEP][PASSED] - Statement - batch = new com.kms.katalon.core.testobject.TestObject(): null

2018-05-21 10:22:13 - [TEST_STEP][PASSED] - Statement - batch = com.kms.katalon.core.webui.keyword.WebUiBuiltInKeywords.modifyObjectProperty(batch, "xpath", "equals", "//*[@id = "txtbthqty" + row + ""]", true): Modify property of object successfully

2018-05-21 10:22:13 - [MESSAGE][PASSED] - Modify property of object successfully

2018-05-21 10:22:13 - [TEST_STEP][PASSED] - Statement - batchqty = com.kms.katalon.core.webui.keyword.WebUiBuiltInKeywords.getAttribute(batch, "value").trim(): Attribute 'value' of object '' is: '39700'

2018-05-21 10:22:13 - [MESSAGE][PASSED] - Attribute 'value' of object '' is: '39700'

2018-05-21 10:22:13 - [TEST_STEP][PASSED] - Statement - Rqty = 100: null

2018-05-21 10:22:13 - [TEST_STEP][PASSED] - delay: Delayed 2 second(s)

2018-05-21 10:22:15 - [MESSAGE][PASSED] - Delayed 2 second(s)

2018-05-21 10:22:15 - [TEST_STEP][PASSED] - Statement - out.println("BatchQty : " + batchqty): null

2018-05-21 10:22:15 - [TEST_STEP][PASSED] - Statement - out.println("RQty : " + Rqty): null

2018-05-21 10:22:15 - [TEST_STEP][PASSED] - Statement - If (java.lang.Integer.valueOf(batchqty) >= java.lang.Integer.valueOf(Rqty)): null

2018-05-21 10:22:15 - [TEST_STEP][PASSED] - Statement - Break: null

2018-05-21 10:22:15 - [TEST_STEP][PASSED] - Statement - batchlength = new com.kms.katalon.core.testobject.TestObject(): null

2018-05-21 10:22:15 - [TEST_STEP][PASSED] - Statement - batchlength = com.kms.katalon.core.webui.keyword.WebUiBuiltInKeywords.modifyObjectProperty(batchlength, "xpath", "equals", "//*[@id = "fldvendor" + row + ""]", true): Modify property of object successfully

2018-05-21 10:22:15 - [MESSAGE][PASSED] - Modify property of object successfully

2018-05-21 10:22:15 - [TEST_STEP][PASSED] - Statement - batchsize = com.kms.katalon.core.webui.keyword.WebUiBuiltInKeywords.getNumberOfTotalOption(batchlength): 10 options of object '' counted

2018-05-21 10:22:15 - [MESSAGE][PASSED] - 10 options of object '' counted

2018-05-21 10:22:15 - [TEST_STEP][PASSED] - Statement - out.println("BatchSize : " + batchsize): null

2018-05-21 10:22:15 - [TEST_STEP][PASSED] - Statement - For ([n = 1, n <= batchsize - 1, (n++)]): null

2018-05-21 10:22:15 - [TEST_STEP][PASSED] - Statement - product = new com.kms.katalon.core.testobject.TestObject(): null

2018-05-21 10:22:15 - [TEST_STEP][PASSED] - Statement - product = com.kms.katalon.core.webui.keyword.WebUiBuiltInKeywords.modifyObjectProperty(product, "xpath", "equals", "//*[@id = "fldvendor" + row + ""]", true): Modify property of object successfully

2018-05-21 10:22:15 - [MESSAGE][PASSED] - Modify property of object successfully

2018-05-21 10:22:15 - [TEST_STEP][PASSED] - selectOptionByIndex: All options with index in [1] are selected on object ''

2018-05-21 10:22:15 - [MESSAGE][PASSED] - All options with index in [1] are selected on object ''

2018-05-21 10:22:15 - [TEST_STEP][PASSED] - Statement - batch = new com.kms.katalon.core.testobject.TestObject(): null

2018-05-21 10:22:15 - [TEST_STEP][PASSED] - Statement - batch = com.kms.katalon.core.webui.keyword.WebUiBuiltInKeywords.modifyObjectProperty(batch, "xpath", "equals", "//*[@id = "txtbthqty" + row + ""]", true): Modify property of object successfully

2018-05-21 10:22:15 - [MESSAGE][PASSED] - Modify property of object successfully

2018-05-21 10:22:15 - [TEST_STEP][PASSED] - Statement - batchqty = com.kms.katalon.core.webui.keyword.WebUiBuiltInKeywords.getAttribute(batch, "value").trim(): Attribute 'value' of object '' is: '4700'

2018-05-21 10:22:15 - [MESSAGE][PASSED] - Attribute 'value' of object '' is: '4700'

2018-05-21 10:22:15 - [TEST_STEP][PASSED] - Statement - Rqty = 100: null

2018-05-21 10:22:15 - [TEST_STEP][PASSED] - delay: Delayed 2 second(s)

2018-05-21 10:22:17 - [MESSAGE][PASSED] - Delayed 2 second(s)

2018-05-21 10:22:17 - [TEST_STEP][PASSED] - Statement - out.println("BatchQty : " + batchqty): null

2018-05-21 10:22:17 - [TEST_STEP][PASSED] - Statement - out.println("RQty : " + Rqty): null

2018-05-21 10:22:17 - [TEST_STEP][PASSED] - Statement - If (java.lang.Integer.valueOf(batchqty) >= java.lang.Integer.valueOf(Rqty)): null

2018-05-21 10:22:17 - [TEST_STEP][PASSED] - Statement - Break: null

2018-05-21 10:22:17 - [TEST_STEP][PASSED] - Statement - batchlength = new com.kms.katalon.core.testobject.TestObject(): null

2018-05-21 10:22:17 - [TEST_STEP][PASSED] - Statement - batchlength = com.kms.katalon.core.webui.keyword.WebUiBuiltInKeywords.modifyObjectProperty(batchlength, "xpath", "equals", "//*[@id = "fldvendor" + row + ""]", true): Modify property of object successfully

2018-05-21 10:22:17 - [MESSAGE][PASSED] - Modify property of object successfully

2018-05-21 10:22:17 - [TEST_STEP][PASSED] - Statement - batchsize = com.kms.katalon.core.webui.keyword.WebUiBuiltInKeywords.getNumberOfTotalOption(batchlength): 9 options of object '' counted

2018-05-21 10:22:17 - [MESSAGE][PASSED] - 9 options of object '' counted

2018-05-21 10:22:17 - [TEST_STEP][PASSED] - Statement - out.println("BatchSize : " + batchsize): null

2018-05-21 10:22:17 - [TEST_STEP][PASSED] - Statement - For ([n = 1, n <= batchsize - 1, (n++)]): null

2018-05-21 10:22:17 - [TEST_STEP][PASSED] - Statement - product = new com.kms.katalon.core.testobject.TestObject(): null

2018-05-21 10:22:17 - [TEST_STEP][PASSED] - Statement - product = com.kms.katalon.core.webui.keyword.WebUiBuiltInKeywords.modifyObjectProperty(product, "xpath", "equals", "//*[@id = "fldvendor" + row + ""]", true): Modify property of object successfully

2018-05-21 10:22:17 - [MESSAGE][PASSED] - Modify property of object successfully

2018-05-21 10:22:17 - [TEST_STEP][PASSED] - selectOptionByIndex: All options with index in [1] are selected on object ''

2018-05-21 10:22:17 - [MESSAGE][PASSED] - All options with index in [1] are selected on object ''

2018-05-21 10:22:17 - [TEST_STEP][PASSED] - Statement - batch = new com.kms.katalon.core.testobject.TestObject(): null

2018-05-21 10:22:17 - [TEST_STEP][PASSED] - Statement - batch = com.kms.katalon.core.webui.keyword.WebUiBuiltInKeywords.modifyObjectProperty(batch, "xpath", "equals", "//*[@id = "txtbthqty" + row + ""]", true): Modify property of object successfully

2018-05-21 10:22:17 - [MESSAGE][PASSED] - Modify property of object successfully

2018-05-21 10:22:17 - [TEST_STEP][PASSED] - Statement - batchqty = com.kms.katalon.core.webui.keyword.WebUiBuiltInKeywords.getAttribute(batch, "value").trim(): Attribute 'value' of object '' is: '38700'

2018-05-21 10:22:17 - [MESSAGE][PASSED] - Attribute 'value' of object '' is: '38700'

2018-05-21 10:22:17 - [TEST_STEP][PASSED] - Statement - Rqty = 100: null

2018-05-21 10:22:17 - [TEST_STEP][PASSED] - delay: Delayed 2 second(s)

2018-05-21 10:22:19 - [MESSAGE][PASSED] - Delayed 2 second(s)

2018-05-21 10:22:19 - [TEST_STEP][PASSED] - Statement - out.println("BatchQty : " + batchqty): null

2018-05-21 10:22:19 - [TEST_STEP][PASSED] - Statement - out.println("RQty : " + Rqty): null

2018-05-21 10:22:19 - [TEST_STEP][PASSED] - Statement - If (java.lang.Integer.valueOf(batchqty) >= java.lang.Integer.valueOf(Rqty)): null

2018-05-21 10:22:19 - [TEST_STEP][PASSED] - Statement - Break: null

2018-05-21 10:22:19 - [TEST_STEP][PASSED] - Statement - batchlength = new com.kms.katalon.core.testobject.TestObject(): null

2018-05-21 10:22:19 - [TEST_STEP][PASSED] - Statement - batchlength = com.kms.katalon.core.webui.keyword.WebUiBuiltInKeywords.modifyObjectProperty(batchlength, "xpath", "equals", "//*[@id = "fldvendor" + row + ""]", true): Modify property of object successfully

2018-05-21 10:22:19 - [MESSAGE][PASSED] - Modify property of object successfully

2018-05-21 10:22:19 - [TEST_STEP][PASSED] - Statement - batchsize = com.kms.katalon.core.webui.keyword.WebUiBuiltInKeywords.getNumberOfTotalOption(batchlength): 9 options of object '' counted

2018-05-21 10:22:19 - [MESSAGE][PASSED] - 9 options of object '' counted

2018-05-21 10:22:19 - [TEST_STEP][PASSED] - Statement - out.println("BatchSize : " + batchsize): null

2018-05-21 10:22:19 - [TEST_STEP][PASSED] - Statement - For ([n = 1, n <= batchsize - 1, (n++)]): null

2018-05-21 10:22:19 - [TEST_STEP][PASSED] - Statement - product = new com.kms.katalon.core.testobject.TestObject(): null

2018-05-21 10:22:19 - [TEST_STEP][PASSED] - Statement - product = com.kms.katalon.core.webui.keyword.WebUiBuiltInKeywords.modifyObjectProperty(product, "xpath", "equals", "//*[@id = "fldvendor" + row + ""]", true): Modify property of object successfully

2018-05-21 10:22:19 - [MESSAGE][PASSED] - Modify property of object successfully

2018-05-21 10:22:19 - [TEST_STEP][PASSED] - selectOptionByIndex: All options with index in [1] are selected on object ''

2018-05-21 10:22:20 - [MESSAGE][PASSED] - All options with index in [1] are selected on object ''

2018-05-21 10:22:20 - [TEST_STEP][PASSED] - Statement - batch = new com.kms.katalon.core.testobject.TestObject(): null

2018-05-21 10:22:20 - [TEST_STEP][PASSED] - Statement - batch = com.kms.katalon.core.webui.keyword.WebUiBuiltInKeywords.modifyObjectProperty(batch, "xpath", "equals", "//*[@id = "txtbthqty" + row + ""]", true): Modify property of object successfully

2018-05-21 10:22:20 - [MESSAGE][PASSED] - Modify property of object successfully

2018-05-21 10:22:20 - [TEST_STEP][PASSED] - Statement - batchqty = com.kms.katalon.core.webui.keyword.WebUiBuiltInKeywords.getAttribute(batch, "value").trim(): Attribute 'value' of object '' is: '38700'

2018-05-21 10:22:20 - [MESSAGE][PASSED] - Attribute 'value' of object '' is: '38700'

2018-05-21 10:22:20 - [TEST_STEP][PASSED] - Statement - Rqty = 100: null

2018-05-21 10:22:20 - [TEST_STEP][PASSED] - delay: Delayed 2 second(s)

2018-05-21 10:22:22 - [MESSAGE][PASSED] - Delayed 2 second(s)

2018-05-21 10:22:22 - [TEST_STEP][PASSED] - Statement - out.println("BatchQty : " + batchqty): null

2018-05-21 10:22:22 - [TEST_STEP][PASSED] - Statement - out.println("RQty : " + Rqty): null

2018-05-21 10:22:22 - [TEST_STEP][PASSED] - Statement - If (java.lang.Integer.valueOf(batchqty) >= java.lang.Integer.valueOf(Rqty)): null

2018-05-21 10:22:22 - [TEST_STEP][PASSED] - Statement - Break: null

2018-05-21 10:22:22 - [TEST_STEP][PASSED] - Statement - batchlength = new com.kms.katalon.core.testobject.TestObject(): null

2018-05-21 10:22:22 - [TEST_STEP][PASSED] - Statement - batchlength = com.kms.katalon.core.webui.keyword.WebUiBuiltInKeywords.modifyObjectProperty(batchlength, "xpath", "equals", "//*[@id = "fldvendor" + row + ""]", true): Modify property of object successfully

2018-05-21 10:22:22 - [MESSAGE][PASSED] - Modify property of object successfully

2018-05-21 10:22:22 - [TEST_STEP][PASSED] - Statement - batchsize = com.kms.katalon.core.webui.keyword.WebUiBuiltInKeywords.getNumberOfTotalOption(batchlength): 9 options of object '' counted

2018-05-21 10:22:22 - [MESSAGE][PASSED] - 9 options of object '' counted

2018-05-21 10:22:22 - [TEST_STEP][PASSED] - Statement - out.println("BatchSize : " + batchsize): null

2018-05-21 10:22:22 - [TEST_STEP][PASSED] - Statement - For ([n = 1, n <= batchsize - 1, (n++)]): null

2018-05-21 10:22:22 - [TEST_STEP][PASSED] - Statement - product = new com.kms.katalon.core.testobject.TestObject(): null

2018-05-21 10:22:22 - [TEST_STEP][PASSED] - Statement - product = com.kms.katalon.core.webui.keyword.WebUiBuiltInKeywords.modifyObjectProperty(product, "xpath", "equals", "//*[@id = "fldvendor" + row + ""]", true): Modify property of object successfully

2018-05-21 10:22:22 - [MESSAGE][PASSED] - Modify property of object successfully

2018-05-21 10:22:22 - [TEST_STEP][PASSED] - selectOptionByIndex: All options with index in [1] are selected on object ''

2018-05-21 10:22:22 - [MESSAGE][PASSED] - All options with index in [1] are selected on object ''

2018-05-21 10:22:22 - [TEST_STEP][PASSED] - Statement - batch = new com.kms.katalon.core.testobject.TestObject(): null

2018-05-21 10:22:22 - [TEST_STEP][PASSED] - Statement - batch = com.kms.katalon.core.webui.keyword.WebUiBuiltInKeywords.modifyObjectProperty(batch, "xpath", "equals", "//*[@id = "txtbthqty" + row + ""]", true): Modify property of object successfully

2018-05-21 10:22:22 - [MESSAGE][PASSED] - Modify property of object successfully

2018-05-21 10:22:22 - [TEST_STEP][PASSED] - Statement - batchqty = com.kms.katalon.core.webui.keyword.WebUiBuiltInKeywords.getAttribute(batch, "value").trim(): Attribute 'value' of object '' is: '39700'

2018-05-21 10:22:22 - [MESSAGE][PASSED] - Attribute 'value' of object '' is: '39700'

2018-05-21 10:22:22 - [TEST_STEP][PASSED] - Statement - Rqty = 100: null

2018-05-21 10:22:22 - [TEST_STEP][PASSED] - delay: Delayed 2 second(s)

2018-05-21 10:22:24 - [MESSAGE][PASSED] - Delayed 2 second(s)

2018-05-21 10:22:24 - [TEST_STEP][PASSED] - Statement - out.println("BatchQty : " + batchqty): null

2018-05-21 10:22:24 - [TEST_STEP][PASSED] - Statement - out.println("RQty : " + Rqty): null

2018-05-21 10:22:24 - [TEST_STEP][PASSED] - Statement - If (java.lang.Integer.valueOf(batchqty) >= java.lang.Integer.valueOf(Rqty)): null

2018-05-21 10:22:24 - [TEST_STEP][PASSED] - Statement - Break: null

2018-05-21 10:22:24 - [TEST_STEP][PASSED] - Statement - batchlength = new com.kms.katalon.core.testobject.TestObject(): null

2018-05-21 10:22:24 - [TEST_STEP][PASSED] - Statement - batchlength = com.kms.katalon.core.webui.keyword.WebUiBuiltInKeywords.modifyObjectProperty(batchlength, "xpath", "equals", "//*[@id = "fldvendor" + row + ""]", true): Modify property of object successfully

2018-05-21 10:22:24 - [MESSAGE][PASSED] - Modify property of object successfully

2018-05-21 10:22:24 - [TEST_STEP][PASSED] - Statement - batchsize = com.kms.katalon.core.webui.keyword.WebUiBuiltInKeywords.getNumberOfTotalOption(batchlength): 9 options of object '' counted

2018-05-21 10:22:24 - [MESSAGE][PASSED] - 9 options of object '' counted

2018-05-21 10:22:24 - [TEST_STEP][PASSED] - Statement - out.println("BatchSize : " + batchsize): null

2018-05-21 10:22:24 - [TEST_STEP][PASSED] - Statement - For ([n = 1, n <= batchsize - 1, (n++)]): null

2018-05-21 10:22:24 - [TEST_STEP][PASSED] - Statement - product = new com.kms.katalon.core.testobject.TestObject(): null

2018-05-21 10:22:24 - [TEST_STEP][PASSED] - Statement - product = com.kms.katalon.core.webui.keyword.WebUiBuiltInKeywords.modifyObjectProperty(product, "xpath", "equals", "//*[@id = "fldvendor" + row + ""]", true): Modify property of object successfully

2018-05-21 10:22:24 - [MESSAGE][PASSED] - Modify property of object successfully

2018-05-21 10:22:24 - [TEST_STEP][PASSED] - selectOptionByIndex: All options with index in [1] are selected on object ''

2018-05-21 10:22:24 - [MESSAGE][PASSED] - All options with index in [1] are selected on object ''

2018-05-21 10:22:24 - [TEST_STEP][PASSED] - Statement - batch = new com.kms.katalon.core.testobject.TestObject(): null

2018-05-21 10:22:24 - [TEST_STEP][PASSED] - Statement - batch = com.kms.katalon.core.webui.keyword.WebUiBuiltInKeywords.modifyObjectProperty(batch, "xpath", "equals", "//*[@id = "txtbthqty" + row + ""]", true): Modify property of object successfully

2018-05-21 10:22:24 - [MESSAGE][PASSED] - Modify property of object successfully

2018-05-21 10:22:24 - [TEST_STEP][PASSED] - Statement - batchqty = com.kms.katalon.core.webui.keyword.WebUiBuiltInKeywords.getAttribute(batch, "value").trim(): Attribute 'value' of object '' is: '3700'

2018-05-21 10:22:24 - [MESSAGE][PASSED] - Attribute 'value' of object '' is: '3700'

2018-05-21 10:22:24 - [TEST_STEP][PASSED] - Statement - Rqty = 100: null

2018-05-21 10:22:24 - [TEST_STEP][PASSED] - delay: Delayed 2 second(s)

2018-05-21 10:22:26 - [MESSAGE][PASSED] - Delayed 2 second(s)

2018-05-21 10:22:26 - [TEST_STEP][PASSED] - Statement - out.println("BatchQty : " + batchqty): null

2018-05-21 10:22:26 - [TEST_STEP][PASSED] - Statement - out.println("RQty : " + Rqty): null

2018-05-21 10:22:26 - [TEST_STEP][PASSED] - Statement - If (java.lang.Integer.valueOf(batchqty) >= java.lang.Integer.valueOf(Rqty)): null

2018-05-21 10:22:26 - [TEST_STEP][PASSED] - Statement - Break: null

2018-05-21 10:22:26 - [TEST_STEP][PASSED] - Statement - batchlength = new com.kms.katalon.core.testobject.TestObject(): null

2018-05-21 10:22:26 - [TEST_STEP][PASSED] - Statement - batchlength = com.kms.katalon.core.webui.keyword.WebUiBuiltInKeywords.modifyObjectProperty(batchlength, "xpath", "equals", "//*[@id = "fldvendor" + row + ""]", true): Modify property of object successfully

2018-05-21 10:22:26 - [MESSAGE][PASSED] - Modify property of object successfully

2018-05-21 10:22:26 - [TEST_STEP][PASSED] - Statement - batchsize = com.kms.katalon.core.webui.keyword.WebUiBuiltInKeywords.getNumberOfTotalOption(batchlength): 9 options of object '' counted

2018-05-21 10:22:26 - [MESSAGE][PASSED] - 9 options of object '' counted

2018-05-21 10:22:26 - [TEST_STEP][PASSED] - Statement - out.println("BatchSize : " + batchsize): null

2018-05-21 10:22:26 - [TEST_STEP][PASSED] - Statement - For ([n = 1, n <= batchsize - 1, (n++)]): null

2018-05-21 10:22:26 - [TEST_STEP][PASSED] - Statement - product = new com.kms.katalon.core.testobject.TestObject(): null

2018-05-21 10:22:26 - [TEST_STEP][PASSED] - Statement - product = com.kms.katalon.core.webui.keyword.WebUiBuiltInKeywords.modifyObjectProperty(product, "xpath", "equals", "//*[@id = "fldvendor" + row + ""]", true): Modify property of object successfully

2018-05-21 10:22:26 - [MESSAGE][PASSED] - Modify property of object successfully

2018-05-21 10:22:26 - [TEST_STEP][PASSED] - selectOptionByIndex: All options with index in [1] are selected on object ''

2018-05-21 10:22:26 - [MESSAGE][PASSED] - All options with index in [1] are selected on object ''

2018-05-21 10:22:26 - [TEST_STEP][PASSED] - Statement - batch = new com.kms.katalon.core.testobject.TestObject(): null

2018-05-21 10:22:26 - [TEST_STEP][PASSED] - Statement - batch = com.kms.katalon.core.webui.keyword.WebUiBuiltInKeywords.modifyObjectProperty(batch, "xpath", "equals", "//*[@id = "txtbthqty" + row + ""]", true): Modify property of object successfully

2018-05-21 10:22:26 - [MESSAGE][PASSED] - Modify property of object successfully

2018-05-21 10:22:26 - [TEST_STEP][PASSED] - Statement - batchqty = com.kms.katalon.core.webui.keyword.WebUiBuiltInKeywords.getAttribute(batch, "value").trim(): Attribute 'value' of object '' is: '4700'

2018-05-21 10:22:26 - [MESSAGE][PASSED] - Attribute 'value' of object '' is: '4700'

2018-05-21 10:22:26 - [TEST_STEP][PASSED] - Statement - Rqty = 100: null

2018-05-21 10:22:26 - [TEST_STEP][PASSED] - delay: Delayed 2 second(s)

2018-05-21 10:22:28 - [MESSAGE][PASSED] - Delayed 2 second(s)

2018-05-21 10:22:28 - [TEST_STEP][PASSED] - Statement - out.println("BatchQty : " + batchqty): null

2018-05-21 10:22:28 - [TEST_STEP][PASSED] - Statement - out.println("RQty : " + Rqty): null

2018-05-21 10:22:28 - [TEST_STEP][PASSED] - Statement - If (java.lang.Integer.valueOf(batchqty) >= java.lang.Integer.valueOf(Rqty)): null

2018-05-21 10:22:28 - [TEST_STEP][PASSED] - Statement - Break: null

2018-05-21 10:22:28 - [TEST_STEP][PASSED] - Statement - batchlength = new com.kms.katalon.core.testobject.TestObject(): null

2018-05-21 10:22:28 - [TEST_STEP][PASSED] - Statement - batchlength = com.kms.katalon.core.webui.keyword.WebUiBuiltInKeywords.modifyObjectProperty(batchlength, "xpath", "equals", "//*[@id = "fldvendor" + row + ""]", true): Modify property of object successfully

2018-05-21 10:22:28 - [MESSAGE][PASSED] - Modify property of object successfully

2018-05-21 10:22:28 - [TEST_STEP][PASSED] - Statement - batchsize = com.kms.katalon.core.webui.keyword.WebUiBuiltInKeywords.getNumberOfTotalOption(batchlength): 9 options of object '' counted

2018-05-21 10:22:28 - [MESSAGE][PASSED] - 9 options of object '' counted

2018-05-21 10:22:28 - [TEST_STEP][PASSED] - Statement - out.println("BatchSize : " + batchsize): null

2018-05-21 10:22:28 - [TEST_STEP][PASSED] - Statement - For ([n = 1, n <= batchsize - 1, (n++)]): null

2018-05-21 10:22:28 - [TEST_STEP][PASSED] - Statement - product = new com.kms.katalon.core.testobject.TestObject(): null

2018-05-21 10:22:28 - [TEST_STEP][PASSED] - Statement - product = com.kms.katalon.core.webui.keyword.WebUiBuiltInKeywords.modifyObjectProperty(product, "xpath", "equals", "//*[@id = "fldvendor" + row + ""]", true): Modify property of object successfully

2018-05-21 10:22:28 - [MESSAGE][PASSED] - Modify property of object successfully

2018-05-21 10:22:28 - [TEST_STEP][PASSED] - selectOptionByIndex: All options with index in [1] are selected on object ''

2018-05-21 10:22:29 - [MESSAGE][PASSED] - All options with index in [1] are selected on object ''

2018-05-21 10:22:29 - [TEST_STEP][PASSED] - Statement - batch = new com.kms.katalon.core.testobject.TestObject(): null

2018-05-21 10:22:29 - [TEST_STEP][PASSED] - Statement - batch = com.kms.katalon.core.webui.keyword.WebUiBuiltInKeywords.modifyObjectProperty(batch, "xpath", "equals", "//*[@id = "txtbthqty" + row + ""]", true): Modify property of object successfully

2018-05-21 10:22:29 - [MESSAGE][PASSED] - Modify property of object successfully

2018-05-21 10:22:29 - [TEST_STEP][PASSED] - Statement - batchqty = com.kms.katalon.core.webui.keyword.WebUiBuiltInKeywords.getAttribute(batch, "value").trim(): Attribute 'value' of object '' is: '3700'

2018-05-21 10:22:29 - [MESSAGE][PASSED] - Attribute 'value' of object '' is: '3700'

2018-05-21 10:22:29 - [TEST_STEP][PASSED] - Statement - Rqty = 100: null

2018-05-21 10:22:29 - [TEST_STEP][PASSED] - delay: Delayed 2 second(s)

2018-05-21 10:22:31 - [MESSAGE][PASSED] - Delayed 2 second(s)

2018-05-21 10:22:31 - [TEST_STEP][PASSED] - Statement - out.println("BatchQty : " + batchqty): null

2018-05-21 10:22:31 - [TEST_STEP][PASSED] - Statement - out.println("RQty : " + Rqty): null

2018-05-21 10:22:31 - [TEST_STEP][PASSED] - Statement - If (java.lang.Integer.valueOf(batchqty) >= java.lang.Integer.valueOf(Rqty)): null

2018-05-21 10:22:31 - [TEST_STEP][PASSED] - Statement - Break: null

2018-05-21 10:22:31 - [TEST_STEP][PASSED] - Statement - batchlength = new com.kms.katalon.core.testobject.TestObject(): null

2018-05-21 10:22:31 - [TEST_STEP][PASSED] - Statement - batchlength = com.kms.katalon.core.webui.keyword.WebUiBuiltInKeywords.modifyObjectProperty(batchlength, "xpath", "equals", "//*[@id = "fldvendor" + row + ""]", true): Modify property of object successfully

2018-05-21 10:22:31 - [MESSAGE][PASSED] - Modify property of object successfully

2018-05-21 10:22:31 - [TEST_STEP][PASSED] - Statement - batchsize = com.kms.katalon.core.webui.keyword.WebUiBuiltInKeywords.getNumberOfTotalOption(batchlength): 9 options of object '' counted

2018-05-21 10:22:31 - [MESSAGE][PASSED] - 9 options of object '' counted

2018-05-21 10:22:31 - [TEST_STEP][PASSED] - Statement - out.println("BatchSize : " + batchsize): null

2018-05-21 10:22:31 - [TEST_STEP][PASSED] - Statement - For ([n = 1, n <= batchsize - 1, (n++)]): null

2018-05-21 10:22:31 - [TEST_STEP][PASSED] - Statement - product = new com.kms.katalon.core.testobject.TestObject(): null

2018-05-21 10:22:31 - [TEST_STEP][PASSED] - Statement - product = com.kms.katalon.core.webui.keyword.WebUiBuiltInKeywords.modifyObjectProperty(product, "xpath", "equals", "//*[@id = "fldvendor" + row + ""]", true): Modify property of object successfully

2018-05-21 10:22:31 - [MESSAGE][PASSED] - Modify property of object successfully

2018-05-21 10:22:31 - [TEST_STEP][PASSED] - selectOptionByIndex: All options with index in [1] are selected on object ''

2018-05-21 10:22:31 - [MESSAGE][PASSED] - All options with index in [1] are selected on object ''

2018-05-21 10:22:31 - [TEST_STEP][PASSED] - Statement - batch = new com.kms.katalon.core.testobject.TestObject(): null

2018-05-21 10:22:31 - [TEST_STEP][PASSED] - Statement - batch = com.kms.katalon.core.webui.keyword.WebUiBuiltInKeywords.modifyObjectProperty(batch, "xpath", "equals", "//*[@id = "txtbthqty" + row + ""]", true): Modify property of object successfully

2018-05-21 10:22:31 - [MESSAGE][PASSED] - Modify property of object successfully

2018-05-21 10:22:31 - [TEST_STEP][PASSED] - Statement - batchqty = com.kms.katalon.core.webui.keyword.WebUiBuiltInKeywords.getAttribute(batch, "value").trim(): Attribute 'value' of object '' is: '4700'

2018-05-21 10:22:31 - [MESSAGE][PASSED] - Attribute 'value' of object '' is: '4700'

2018-05-21 10:22:31 - [TEST_STEP][PASSED] - Statement - Rqty = 100: null

2018-05-21 10:22:31 - [TEST_STEP][PASSED] - delay: Delayed 2 second(s)

2018-05-21 10:22:33 - [MESSAGE][PASSED] - Delayed 2 second(s)

2018-05-21 10:22:33 - [TEST_STEP][PASSED] - Statement - out.println("BatchQty : " + batchqty): null

2018-05-21 10:22:33 - [TEST_STEP][PASSED] - Statement - out.println("RQty : " + Rqty): null

2018-05-21 10:22:33 - [TEST_STEP][PASSED] - Statement - If (java.lang.Integer.valueOf(batchqty) >= java.lang.Integer.valueOf(Rqty)): null

2018-05-21 10:22:33 - [TEST_STEP][PASSED] - Statement - Break: null

2018-05-21 10:22:33 - [TEST_STEP][PASSED] - Statement - batchlength = new com.kms.katalon.core.testobject.TestObject(): null

2018-05-21 10:22:33 - [TEST_STEP][PASSED] - Statement - batchlength = com.kms.katalon.core.webui.keyword.WebUiBuiltInKeywords.modifyObjectProperty(batchlength, "xpath", "equals", "//*[@id = "fldvendor" + row + ""]", true): Modify property of object successfully

2018-05-21 10:22:33 - [MESSAGE][PASSED] - Modify property of object successfully

2018-05-21 10:22:33 - [TEST_STEP][PASSED] - Statement - batchsize = com.kms.katalon.core.webui.keyword.WebUiBuiltInKeywords.getNumberOfTotalOption(batchlength): 9 options of object '' counted

2018-05-21 10:22:33 - [MESSAGE][PASSED] - 9 options of object '' counted

2018-05-21 10:22:33 - [TEST_STEP][PASSED] - Statement - out.println("BatchSize : " + batchsize): null

2018-05-21 10:22:33 - [TEST_STEP][PASSED] - Statement - For ([n = 1, n <= batchsize - 1, (n++)]): null

2018-05-21 10:22:33 - [TEST_STEP][PASSED] - Statement - product = new com.kms.katalon.core.testobject.TestObject(): null

2018-05-21 10:22:33 - [TEST_STEP][PASSED] - Statement - product = com.kms.katalon.core.webui.keyword.WebUiBuiltInKeywords.modifyObjectProperty(product, "xpath", "equals", "//*[@id = "fldvendor" + row + ""]", true): Modify property of object successfully

2018-05-21 10:22:33 - [MESSAGE][PASSED] - Modify property of object successfully

2018-05-21 10:22:33 - [TEST_STEP][PASSED] - selectOptionByIndex: All options with index in [1] are selected on object ''

2018-05-21 10:22:33 - [MESSAGE][PASSED] - All options with index in [1] are selected on object ''

2018-05-21 10:22:33 - [TEST_STEP][PASSED] - Statement - batch = new com.kms.katalon.core.testobject.TestObject(): null

2018-05-21 10:22:33 - [TEST_STEP][PASSED] - Statement - batch = com.kms.katalon.core.webui.keyword.WebUiBuiltInKeywords.modifyObjectProperty(batch, "xpath", "equals", "//*[@id = "txtbthqty" + row + ""]", true): Modify property of object successfully

2018-05-21 10:22:33 - [MESSAGE][PASSED] - Modify property of object successfully

2018-05-21 10:22:33 - [TEST_STEP][PASSED] - Statement - batchqty = com.kms.katalon.core.webui.keyword.WebUiBuiltInKeywords.getAttribute(batch, "value").trim(): Attribute 'value' of object '' is: '4700'

2018-05-21 10:22:33 - [MESSAGE][PASSED] - Attribute 'value' of object '' is: '4700'

2018-05-21 10:22:33 - [TEST_STEP][PASSED] - Statement - Rqty = 100: null

2018-05-21 10:22:33 - [TEST_STEP][PASSED] - delay: Delayed 2 second(s)

2018-05-21 10:22:35 - [MESSAGE][PASSED] - Delayed 2 second(s)

2018-05-21 10:22:35 - [TEST_STEP][PASSED] - Statement - out.println("BatchQty : " + batchqty): null

2018-05-21 10:22:35 - [TEST_STEP][PASSED] - Statement - out.println("RQty : " + Rqty): null

2018-05-21 10:22:35 - [TEST_STEP][PASSED] - Statement - If (java.lang.Integer.valueOf(batchqty) >= java.lang.Integer.valueOf(Rqty)): null

2018-05-21 10:22:35 - [TEST_STEP][PASSED] - Statement - Break: null

2018-05-21 10:22:35 - [TEST_STEP][PASSED] - Statement - batchlength = new com.kms.katalon.core.testobject.TestObject(): null

2018-05-21 10:22:35 - [TEST_STEP][PASSED] - Statement - batchlength = com.kms.katalon.core.webui.keyword.WebUiBuiltInKeywords.modifyObjectProperty(batchlength, "xpath", "equals", "//*[@id = "fldvendor" + row + ""]", true): Modify property of object successfully

2018-05-21 10:22:35 - [MESSAGE][PASSED] - Modify property of object successfully

2018-05-21 10:22:35 - [TEST_STEP][PASSED] - Statement - batchsize = com.kms.katalon.core.webui.keyword.WebUiBuiltInKeywords.getNumberOfTotalOption(batchlength): 9 options of object '' counted

2018-05-21 10:22:35 - [MESSAGE][PASSED] - 9 options of object '' counted

2018-05-21 10:22:35 - [TEST_STEP][PASSED] - Statement - out.println("BatchSize : " + batchsize): null

2018-05-21 10:22:35 - [TEST_STEP][PASSED] - Statement - For ([n = 1, n <= batchsize - 1, (n++)]): null

2018-05-21 10:22:35 - [TEST_STEP][PASSED] - Statement - product = new com.kms.katalon.core.testobject.TestObject(): null

2018-05-21 10:22:35 - [TEST_STEP][PASSED] - Statement - product = com.kms.katalon.core.webui.keyword.WebUiBuiltInKeywords.modifyObjectProperty(product, "xpath", "equals", "//*[@id = "fldvendor" + row + ""]", true): Modify property of object successfully

2018-05-21 10:22:35 - [MESSAGE][PASSED] - Modify property of object successfully

2018-05-21 10:22:35 - [TEST_STEP][PASSED] - selectOptionByIndex: All options with index in [1] are selected on object ''

2018-05-21 10:22:35 - [MESSAGE][PASSED] - All options with index in [1] are selected on object ''

2018-05-21 10:22:35 - [TEST_STEP][PASSED] - Statement - batch = new com.kms.katalon.core.testobject.TestObject(): null

2018-05-21 10:22:35 - [TEST_STEP][PASSED] - Statement - batch = com.kms.katalon.core.webui.keyword.WebUiBuiltInKeywords.modifyObjectProperty(batch, "xpath", "equals", "//*[@id = "txtbthqty" + row + ""]", true): Modify property of object successfully

2018-05-21 10:22:35 - [MESSAGE][PASSED] - Modify property of object successfully

2018-05-21 10:22:35 - [TEST_STEP][PASSED] - Statement - batchqty = com.kms.katalon.core.webui.keyword.WebUiBuiltInKeywords.getAttribute(batch, "value").trim(): Attribute 'value' of object '' is: '4700'

2018-05-21 10:22:36 - [MESSAGE][PASSED] - Attribute 'value' of object '' is: '4700'

2018-05-21 10:22:36 - [TEST_STEP][PASSED] - Statement - Rqty = 100: null

2018-05-21 10:22:36 - [TEST_STEP][PASSED] - delay: Delayed 2 second(s)

2018-05-21 10:22:38 - [MESSAGE][PASSED] - Delayed 2 second(s)

2018-05-21 10:22:38 - [TEST_STEP][PASSED] - Statement - out.println("BatchQty : " + batchqty): null

2018-05-21 10:22:38 - [TEST_STEP][PASSED] - Statement - out.println("RQty : " + Rqty): null

2018-05-21 10:22:38 - [TEST_STEP][PASSED] - Statement - If (java.lang.Integer.valueOf(batchqty) >= java.lang.Integer.valueOf(Rqty)): null

2018-05-21 10:22:38 - [TEST_STEP][PASSED] - Statement - Break: null

2018-05-21 10:22:38 - [TEST_STEP][PASSED] - Statement - batchlength = new com.kms.katalon.core.testobject.TestObject(): null

2018-05-21 10:22:38 - [TEST_STEP][PASSED] - Statement - batchlength = com.kms.katalon.core.webui.keyword.WebUiBuiltInKeywords.modifyObjectProperty(batchlength, "xpath", "equals", "//*[@id = "fldvendor" + row + ""]", true): Modify property of object successfully

2018-05-21 10:22:38 - [MESSAGE][PASSED] - Modify property of object successfully

2018-05-21 10:22:38 - [TEST_STEP][PASSED] - Statement - batchsize = com.kms.katalon.core.webui.keyword.WebUiBuiltInKeywords.getNumberOfTotalOption(batchlength): 9 options of object '' counted

2018-05-21 10:22:38 - [MESSAGE][PASSED] - 9 options of object '' counted

2018-05-21 10:22:38 - [TEST_STEP][PASSED] - Statement - out.println("BatchSize : " + batchsize): null

2018-05-21 10:22:38 - [TEST_STEP][PASSED] - Statement - For ([n = 1, n <= batchsize - 1, (n++)]): null

2018-05-21 10:22:38 - [TEST_STEP][PASSED] - Statement - product = new com.kms.katalon.core.testobject.TestObject(): null

2018-05-21 10:22:38 - [TEST_STEP][PASSED] - Statement - product = com.kms.katalon.core.webui.keyword.WebUiBuiltInKeywords.modifyObjectProperty(product, "xpath", "equals", "//*[@id = "fldvendor" + row + ""]", true): Modify property of object successfully

2018-05-21 10:22:38 - [MESSAGE][PASSED] - Modify property of object successfully

2018-05-21 10:22:38 - [TEST_STEP][PASSED] - selectOptionByIndex: All options with index in [1] are selected on object ''

2018-05-21 10:22:38 - [MESSAGE][PASSED] - All options with index in [1] are selected on object ''

2018-05-21 10:22:38 - [TEST_STEP][PASSED] - Statement - batch = new com.kms.katalon.core.testobject.TestObject(): null

2018-05-21 10:22:38 - [TEST_STEP][PASSED] - Statement - batch = com.kms.katalon.core.webui.keyword.WebUiBuiltInKeywords.modifyObjectProperty(batch, "xpath", "equals", "//*[@id = "txtbthqty" + row + ""]", true): Modify property of object successfully

2018-05-21 10:22:38 - [MESSAGE][PASSED] - Modify property of object successfully

2018-05-21 10:22:38 - [TEST_STEP][PASSED] - Statement - batchqty = com.kms.katalon.core.webui.keyword.WebUiBuiltInKeywords.getAttribute(batch, "value").trim(): Attribute 'value' of object '' is: '39700'

2018-05-21 10:22:38 - [MESSAGE][PASSED] - Attribute 'value' of object '' is: '39700'

2018-05-21 10:22:38 - [TEST_STEP][PASSED] - Statement - Rqty = 100: null

2018-05-21 10:22:38 - [TEST_STEP][PASSED] - delay: Delayed 2 second(s)

2018-05-21 10:22:40 - [MESSAGE][PASSED] - Delayed 2 second(s)

2018-05-21 10:22:40 - [TEST_STEP][PASSED] - Statement - out.println("BatchQty : " + batchqty): null

2018-05-21 10:22:40 - [TEST_STEP][PASSED] - Statement - out.println("RQty : " + Rqty): null

2018-05-21 10:22:40 - [TEST_STEP][PASSED] - Statement - If (java.lang.Integer.valueOf(batchqty) >= java.lang.Integer.valueOf(Rqty)): null

2018-05-21 10:22:40 - [TEST_STEP][PASSED] - Statement - Break: null

2018-05-21 10:22:40 - [TEST_STEP][PASSED] - Statement - batchlength = new com.kms.katalon.core.testobject.TestObject(): null

2018-05-21 10:22:40 - [TEST_STEP][PASSED] - Statement - batchlength = com.kms.katalon.core.webui.keyword.WebUiBuiltInKeywords.modifyObjectProperty(batchlength, "xpath", "equals", "//*[@id = "fldvendor" + row + ""]", true): Modify property of object successfully

2018-05-21 10:22:40 - [MESSAGE][PASSED] - Modify property of object successfully

2018-05-21 10:22:40 - [TEST_STEP][PASSED] - Statement - batchsize = com.kms.katalon.core.webui.keyword.WebUiBuiltInKeywords.getNumberOfTotalOption(batchlength): 9 options of object '' counted

2018-05-21 10:22:40 - [MESSAGE][PASSED] - 9 options of object '' counted

2018-05-21 10:22:40 - [TEST_STEP][PASSED] - Statement - out.println("BatchSize : " + batchsize): null

2018-05-21 10:22:40 - [TEST_STEP][PASSED] - Statement - For ([n = 1, n <= batchsize - 1, (n++)]): null

2018-05-21 10:22:40 - [TEST_STEP][PASSED] - Statement - product = new com.kms.katalon.core.testobject.TestObject(): null

2018-05-21 10:22:40 - [TEST_STEP][PASSED] - Statement - product = com.kms.katalon.core.webui.keyword.WebUiBuiltInKeywords.modifyObjectProperty(product, "xpath", "equals", "//*[@id = "fldvendor" + row + ""]", true): Modify property of object successfully

2018-05-21 10:22:40 - [MESSAGE][PASSED] - Modify property of object successfully

2018-05-21 10:22:40 - [TEST_STEP][PASSED] - selectOptionByIndex: All options with index in [1] are selected on object ''

2018-05-21 10:22:40 - [MESSAGE][PASSED] - All options with index in [1] are selected on object ''

2018-05-21 10:22:40 - [TEST_STEP][PASSED] - Statement - batch = new com.kms.katalon.core.testobject.TestObject(): null

2018-05-21 10:22:40 - [TEST_STEP][PASSED] - Statement - batch = com.kms.katalon.core.webui.keyword.WebUiBuiltInKeywords.modifyObjectProperty(batch, "xpath", "equals", "//*[@id = "txtbthqty" + row + ""]", true): Modify property of object successfully

2018-05-21 10:22:40 - [MESSAGE][PASSED] - Modify property of object successfully

2018-05-21 10:22:40 - [TEST_STEP][PASSED] - Statement - batchqty = com.kms.katalon.core.webui.keyword.WebUiBuiltInKeywords.getAttribute(batch, "value").trim(): Attribute 'value' of object '' is: '3700'

2018-05-21 10:22:40 - [MESSAGE][PASSED] - Attribute 'value' of object '' is: '3700'

2018-05-21 10:22:40 - [TEST_STEP][PASSED] - Statement - Rqty = 100: null

2018-05-21 10:22:40 - [TEST_STEP][PASSED] - delay: Delayed 2 second(s)

2018-05-21 10:22:42 - [MESSAGE][PASSED] - Delayed 2 second(s)

2018-05-21 10:22:42 - [TEST_STEP][PASSED] - Statement - out.println("BatchQty : " + batchqty): null

2018-05-21 10:22:42 - [TEST_STEP][PASSED] - Statement - out.println("RQty : " + Rqty): null

2018-05-21 10:22:42 - [TEST_STEP][PASSED] - Statement - If (java.lang.Integer.valueOf(batchqty) >= java.lang.Integer.valueOf(Rqty)): null

2018-05-21 10:22:42 - [TEST_STEP][PASSED] - Statement - Break: null

2018-05-21 10:22:42 - [TEST_STEP][PASSED] - Statement - batchlength = new com.kms.katalon.core.testobject.TestObject(): null

2018-05-21 10:22:42 - [TEST_STEP][PASSED] - Statement - batchlength = com.kms.katalon.core.webui.keyword.WebUiBuiltInKeywords.modifyObjectProperty(batchlength, "xpath", "equals", "//*[@id = "fldvendor" + row + ""]", true): Modify property of object successfully

2018-05-21 10:22:42 - [MESSAGE][PASSED] - Modify property of object successfully

2018-05-21 10:22:42 - [TEST_STEP][PASSED] - Statement - batchsize = com.kms.katalon.core.webui.keyword.WebUiBuiltInKeywords.getNumberOfTotalOption(batchlength): 9 options of object '' counted

2018-05-21 10:22:42 - [MESSAGE][PASSED] - 9 options of object '' counted

2018-05-21 10:22:42 - [TEST_STEP][PASSED] - Statement - out.println("BatchSize : " + batchsize): null

2018-05-21 10:22:42 - [TEST_STEP][PASSED] - Statement - For ([n = 1, n <= batchsize - 1, (n++)]): null

2018-05-21 10:22:42 - [TEST_STEP][PASSED] - Statement - product = new com.kms.katalon.core.testobject.TestObject(): null

2018-05-21 10:22:42 - [TEST_STEP][PASSED] - Statement - product = com.kms.katalon.core.webui.keyword.WebUiBuiltInKeywords.modifyObjectProperty(product, "xpath", "equals", "//*[@id = "fldvendor" + row + ""]", true): Modify property of object successfully

2018-05-21 10:22:42 - [MESSAGE][PASSED] - Modify property of object successfully

2018-05-21 10:22:42 - [TEST_STEP][PASSED] - selectOptionByIndex: All options with index in [1] are selected on object ''

2018-05-21 10:22:42 - [MESSAGE][PASSED] - All options with index in [1] are selected on object ''

2018-05-21 10:22:42 - [TEST_STEP][PASSED] - Statement - batch = new com.kms.katalon.core.testobject.TestObject(): null

2018-05-21 10:22:42 - [TEST_STEP][PASSED] - Statement - batch = com.kms.katalon.core.webui.keyword.WebUiBuiltInKeywords.modifyObjectProperty(batch, "xpath", "equals", "//*[@id = "txtbthqty" + row + ""]", true): Modify property of object successfully

2018-05-21 10:22:42 - [MESSAGE][PASSED] - Modify property of object successfully

2018-05-21 10:22:42 - [TEST_STEP][PASSED] - Statement - batchqty = com.kms.katalon.core.webui.keyword.WebUiBuiltInKeywords.getAttribute(batch, "value").trim(): Attribute 'value' of object '' is: '3700'

2018-05-21 10:22:42 - [MESSAGE][PASSED] - Attribute 'value' of object '' is: '3700'

2018-05-21 10:22:42 - [TEST_STEP][PASSED] - Statement - Rqty = 100: null

2018-05-21 10:22:42 - [TEST_STEP][PASSED] - delay: Delayed 2 second(s)

2018-05-21 10:22:44 - [MESSAGE][PASSED] - Delayed 2 second(s)

2018-05-21 10:22:44 - [TEST_STEP][PASSED] - Statement - out.println("BatchQty : " + batchqty): null

2018-05-21 10:22:44 - [TEST_STEP][PASSED] - Statement - out.println("RQty : " + Rqty): null

2018-05-21 10:22:44 - [TEST_STEP][PASSED] - Statement - If (java.lang.Integer.valueOf(batchqty) >= java.lang.Integer.valueOf(Rqty)): null

2018-05-21 10:22:44 - [TEST_STEP][PASSED] - Statement - Break: null

2018-05-21 10:22:44 - [TEST_STEP][PASSED] - Statement - batchlength = new com.kms.katalon.core.testobject.TestObject(): null

2018-05-21 10:22:44 - [TEST_STEP][PASSED] - Statement - batchlength = com.kms.katalon.core.webui.keyword.WebUiBuiltInKeywords.modifyObjectProperty(batchlength, "xpath", "equals", "//*[@id = "fldvendor" + row + ""]", true): Modify property of object successfully

2018-05-21 10:22:44 - [MESSAGE][PASSED] - Modify property of object successfully

2018-05-21 10:22:44 - [TEST_STEP][PASSED] - Statement - batchsize = com.kms.katalon.core.webui.keyword.WebUiBuiltInKeywords.getNumberOfTotalOption(batchlength): 9 options of object '' counted

2018-05-21 10:22:44 - [MESSAGE][PASSED] - 9 options of object '' counted

2018-05-21 10:22:44 - [TEST_STEP][PASSED] - Statement - out.println("BatchSize : " + batchsize): null

2018-05-21 10:22:44 - [TEST_STEP][PASSED] - Statement - For ([n = 1, n <= batchsize - 1, (n++)]): null

2018-05-21 10:22:44 - [TEST_STEP][PASSED] - Statement - product = new com.kms.katalon.core.testobject.TestObject(): null

2018-05-21 10:22:44 - [TEST_STEP][PASSED] - Statement - product = com.kms.katalon.core.webui.keyword.WebUiBuiltInKeywords.modifyObjectProperty(product, "xpath", "equals", "//*[@id = "fldvendor" + row + ""]", true): Modify property of object successfully

2018-05-21 10:22:44 - [MESSAGE][PASSED] - Modify property of object successfully

2018-05-21 10:22:44 - [TEST_STEP][PASSED] - selectOptionByIndex: All options with index in [1] are selected on object ''

2018-05-21 10:22:45 - [MESSAGE][PASSED] - All options with index in [1] are selected on object ''

2018-05-21 10:22:45 - [TEST_STEP][PASSED] - Statement - batch = new com.kms.katalon.core.testobject.TestObject(): null

2018-05-21 10:22:45 - [TEST_STEP][PASSED] - Statement - batch = com.kms.katalon.core.webui.keyword.WebUiBuiltInKeywords.modifyObjectProperty(batch, "xpath", "equals", "//*[@id = "txtbthqty" + row + ""]", true): Modify property of object successfully

2018-05-21 10:22:45 - [MESSAGE][PASSED] - Modify property of object successfully

2018-05-21 10:22:45 - [TEST_STEP][PASSED] - Statement - batchqty = com.kms.katalon.core.webui.keyword.WebUiBuiltInKeywords.getAttribute(batch, "value").trim(): Attribute 'value' of object '' is: '3700'

2018-05-21 10:22:45 - [MESSAGE][PASSED] - Attribute 'value' of object '' is: '3700'

2018-05-21 10:22:45 - [TEST_STEP][PASSED] - Statement - Rqty = 100: null

2018-05-21 10:22:45 - [TEST_STEP][PASSED] - delay: Delayed 2 second(s)

2018-05-21 10:22:47 - [MESSAGE][PASSED] - Delayed 2 second(s)

2018-05-21 10:22:47 - [TEST_STEP][PASSED] - Statement - out.println("BatchQty : " + batchqty): null

2018-05-21 10:22:47 - [TEST_STEP][PASSED] - Statement - out.println("RQty : " + Rqty): null

2018-05-21 10:22:47 - [TEST_STEP][PASSED] - Statement - If (java.lang.Integer.valueOf(batchqty) >= java.lang.Integer.valueOf(Rqty)): null

2018-05-21 10:22:47 - [TEST_STEP][PASSED] - Statement - Break: null

2018-05-21 10:22:47 - [TEST_STEP][PASSED] - Statement - batchlength = new com.kms.katalon.core.testobject.TestObject(): null

2018-05-21 10:22:47 - [TEST_STEP][PASSED] - Statement - batchlength = com.kms.katalon.core.webui.keyword.WebUiBuiltInKeywords.modifyObjectProperty(batchlength, "xpath", "equals", "//*[@id = "fldvendor" + row + ""]", true): Modify property of object successfully

2018-05-21 10:22:47 - [MESSAGE][PASSED] - Modify property of object successfully

2018-05-21 10:22:47 - [TEST_STEP][PASSED] - Statement - batchsize = com.kms.katalon.core.webui.keyword.WebUiBuiltInKeywords.getNumberOfTotalOption(batchlength): 9 options of object '' counted

2018-05-21 10:22:47 - [MESSAGE][PASSED] - 9 options of object '' counted

2018-05-21 10:22:47 - [TEST_STEP][PASSED] - Statement - out.println("BatchSize : " + batchsize): null

2018-05-21 10:22:47 - [TEST_STEP][PASSED] - Statement - For ([n = 1, n <= batchsize - 1, (n++)]): null

2018-05-21 10:22:47 - [TEST_STEP][PASSED] - Statement - product = new com.kms.katalon.core.testobject.TestObject(): null

2018-05-21 10:22:47 - [TEST_STEP][PASSED] - Statement - product = com.kms.katalon.core.webui.keyword.WebUiBuiltInKeywords.modifyObjectProperty(product, "xpath", "equals", "//*[@id = "fldvendor" + row + ""]", true): Modify property of object successfully

2018-05-21 10:22:47 - [MESSAGE][PASSED] - Modify property of object successfully

2018-05-21 10:22:47 - [TEST_STEP][PASSED] - selectOptionByIndex: All options with index in [1] are selected on object ''

2018-05-21 10:22:47 - [MESSAGE][PASSED] - All options with index in [1] are selected on object ''

2018-05-21 10:22:47 - [TEST_STEP][PASSED] - Statement - batch = new com.kms.katalon.core.testobject.TestObject(): null

2018-05-21 10:22:47 - [TEST_STEP][PASSED] - Statement - batch = com.kms.katalon.core.webui.keyword.WebUiBuiltInKeywords.modifyObjectProperty(batch, "xpath", "equals", "//*[@id = "txtbthqty" + row + ""]", true): Modify property of object successfully

2018-05-21 10:22:47 - [MESSAGE][PASSED] - Modify property of object successfully

2018-05-21 10:22:47 - [TEST_STEP][PASSED] - Statement - batchqty = com.kms.katalon.core.webui.keyword.WebUiBuiltInKeywords.getAttribute(batch, "value").trim(): Attribute 'value' of object '' is: '3700'

2018-05-21 10:22:47 - [MESSAGE][PASSED] - Attribute 'value' of object '' is: '3700'

2018-05-21 10:22:47 - [TEST_STEP][PASSED] - Statement - Rqty = 100: null

2018-05-21 10:22:47 - [TEST_STEP][PASSED] - delay: Delayed 2 second(s)

2018-05-21 10:22:49 - [MESSAGE][PASSED] - Delayed 2 second(s)

2018-05-21 10:22:49 - [TEST_STEP][PASSED] - Statement - out.println("BatchQty : " + batchqty): null

2018-05-21 10:22:49 - [TEST_STEP][PASSED] - Statement - out.println("RQty : " + Rqty): null

2018-05-21 10:22:49 - [TEST_STEP][PASSED] - Statement - If (java.lang.Integer.valueOf(batchqty) >= java.lang.Integer.valueOf(Rqty)): null

2018-05-21 10:22:49 - [TEST_STEP][PASSED] - Statement - Break: null

2018-05-21 10:22:49 - [TEST_STEP][PASSED] - Statement - batchlength = new com.kms.katalon.core.testobject.TestObject(): null

2018-05-21 10:22:49 - [TEST_STEP][PASSED] - Statement - batchlength = com.kms.katalon.core.webui.keyword.WebUiBuiltInKeywords.modifyObjectProperty(batchlength, "xpath", "equals", "//*[@id = "fldvendor" + row + ""]", true): Modify property of object successfully

2018-05-21 10:22:49 - [MESSAGE][PASSED] - Modify property of object successfully

2018-05-21 10:22:49 - [TEST_STEP][PASSED] - Statement - batchsize = com.kms.katalon.core.webui.keyword.WebUiBuiltInKeywords.getNumberOfTotalOption(batchlength): 9 options of object '' counted

2018-05-21 10:22:49 - [MESSAGE][PASSED] - 9 options of object '' counted

2018-05-21 10:22:49 - [TEST_STEP][PASSED] - Statement - out.println("BatchSize : " + batchsize): null

2018-05-21 10:22:49 - [TEST_STEP][PASSED] - Statement - For ([n = 1, n <= batchsize - 1, (n++)]): null

2018-05-21 10:22:49 - [TEST_STEP][PASSED] - Statement - product = new com.kms.katalon.core.testobject.TestObject(): null

2018-05-21 10:22:49 - [TEST_STEP][PASSED] - Statement - product = com.kms.katalon.core.webui.keyword.WebUiBuiltInKeywords.modifyObjectProperty(product, "xpath", "equals", "//*[@id = "fldvendor" + row + ""]", true): Modify property of object successfully

2018-05-21 10:22:49 - [MESSAGE][PASSED] - Modify property of object successfully

2018-05-21 10:22:49 - [TEST_STEP][PASSED] - selectOptionByIndex: All options with index in [1] are selected on object ''

2018-05-21 10:22:49 - [MESSAGE][PASSED] - All options with index in [1] are selected on object ''

2018-05-21 10:22:49 - [TEST_STEP][PASSED] - Statement - batch = new com.kms.katalon.core.testobject.TestObject(): null

2018-05-21 10:22:49 - [TEST_STEP][PASSED] - Statement - batch = com.kms.katalon.core.webui.keyword.WebUiBuiltInKeywords.modifyObjectProperty(batch, "xpath", "equals", "//*[@id = "txtbthqty" + row + ""]", true): Modify property of object successfully

2018-05-21 10:22:49 - [MESSAGE][PASSED] - Modify property of object successfully

2018-05-21 10:22:49 - [TEST_STEP][PASSED] - Statement - batchqty = com.kms.katalon.core.webui.keyword.WebUiBuiltInKeywords.getAttribute(batch, "value").trim(): Attribute 'value' of object '' is: '4700'

2018-05-21 10:22:49 - [MESSAGE][PASSED] - Attribute 'value' of object '' is: '4700'

2018-05-21 10:22:49 - [TEST_STEP][PASSED] - Statement - Rqty = 100: null

2018-05-21 10:22:49 - [TEST_STEP][PASSED] - delay: Delayed 2 second(s)

2018-05-21 10:22:51 - [MESSAGE][PASSED] - Delayed 2 second(s)

2018-05-21 10:22:51 - [TEST_STEP][PASSED] - Statement - out.println("BatchQty : " + batchqty): null

2018-05-21 10:22:51 - [TEST_STEP][PASSED] - Statement - out.println("RQty : " + Rqty): null

2018-05-21 10:22:51 - [TEST_STEP][PASSED] - Statement - If (java.lang.Integer.valueOf(batchqty) >= java.lang.Integer.valueOf(Rqty)): null

2018-05-21 10:22:51 - [TEST_STEP][PASSED] - Statement - Break: null

2018-05-21 10:22:51 - [TEST_STEP][PASSED] - Statement - batchlength = new com.kms.katalon.core.testobject.TestObject(): null

2018-05-21 10:22:51 - [TEST_STEP][PASSED] - Statement - batchlength = com.kms.katalon.core.webui.keyword.WebUiBuiltInKeywords.modifyObjectProperty(batchlength, "xpath", "equals", "//*[@id = "fldvendor" + row + ""]", true): Modify property of object successfully

2018-05-21 10:22:51 - [MESSAGE][PASSED] - Modify property of object successfully

2018-05-21 10:22:51 - [TEST_STEP][PASSED] - Statement - batchsize = com.kms.katalon.core.webui.keyword.WebUiBuiltInKeywords.getNumberOfTotalOption(batchlength): 9 options of object '' counted

2018-05-21 10:22:51 - [MESSAGE][PASSED] - 9 options of object '' counted

2018-05-21 10:22:51 - [TEST_STEP][PASSED] - Statement - out.println("BatchSize : " + batchsize): null

2018-05-21 10:22:51 - [TEST_STEP][PASSED] - Statement - For ([n = 1, n <= batchsize - 1, (n++)]): null

2018-05-21 10:22:51 - [TEST_STEP][PASSED] - Statement - product = new com.kms.katalon.core.testobject.TestObject(): null

2018-05-21 10:22:51 - [TEST_STEP][PASSED] - Statement - product = com.kms.katalon.core.webui.keyword.WebUiBuiltInKeywords.modifyObjectProperty(product, "xpath", "equals", "//*[@id = "fldvendor" + row + ""]", true): Modify property of object successfully

2018-05-21 10:22:51 - [MESSAGE][PASSED] - Modify property of object successfully

2018-05-21 10:22:51 - [TEST_STEP][PASSED] - selectOptionByIndex: All options with index in [1] are selected on object ''

2018-05-21 10:22:52 - [MESSAGE][PASSED] - All options with index in [1] are selected on object ''

2018-05-21 10:22:52 - [TEST_STEP][PASSED] - Statement - batch = new com.kms.katalon.core.testobject.TestObject(): null

2018-05-21 10:22:52 - [TEST_STEP][PASSED] - Statement - batch = com.kms.katalon.core.webui.keyword.WebUiBuiltInKeywords.modifyObjectProperty(batch, "xpath", "equals", "//*[@id = "txtbthqty" + row + ""]", true): Modify property of object successfully

2018-05-21 10:22:52 - [MESSAGE][PASSED] - Modify property of object successfully

2018-05-21 10:22:52 - [TEST_STEP][PASSED] - Statement - batchqty = com.kms.katalon.core.webui.keyword.WebUiBuiltInKeywords.getAttribute(batch, "value").trim(): Attribute 'value' of object '' is: '38700'

2018-05-21 10:22:52 - [MESSAGE][PASSED] - Attribute 'value' of object '' is: '38700'

2018-05-21 10:22:52 - [TEST_STEP][PASSED] - Statement - Rqty = 100: null

2018-05-21 10:22:52 - [TEST_STEP][PASSED] - delay: Delayed 2 second(s)

2018-05-21 10:22:54 - [MESSAGE][PASSED] - Delayed 2 second(s)

2018-05-21 10:22:54 - [TEST_STEP][PASSED] - Statement - out.println("BatchQty : " + batchqty): null

2018-05-21 10:22:54 - [TEST_STEP][PASSED] - Statement - out.println("RQty : " + Rqty): null

2018-05-21 10:22:54 - [TEST_STEP][PASSED] - Statement - If (java.lang.Integer.valueOf(batchqty) >= java.lang.Integer.valueOf(Rqty)): null

2018-05-21 10:22:54 - [TEST_STEP][PASSED] - Statement - Break: null

2018-05-21 10:22:54 - [TEST_STEP][PASSED] - delay: Delayed 2 second(s)

2018-05-21 10:22:56 - [MESSAGE][PASSED] - Delayed 2 second(s)

2018-05-21 10:22:56 - [TEST_STEP][PASSED] - click: Object: 'Object Repository/DispensaryToCms/Page_KDMC - CMS/input_btndispatch' is clicked on

2018-05-21 10:22:56 - [MESSAGE][PASSED] - Object: 'Object Repository/DispensaryToCms/Page_KDMC - CMS/input_btndispatch' is clicked on

2018-05-21 10:22:56 - [TEST_STEP][PASSED] - delay: Delayed 3 second(s)

2018-05-21 10:22:59 - [MESSAGE][PASSED] - Delayed 3 second(s)

2018-05-21 10:22:59 - [TEST_STEP][PASSED] - click: Object: 'Object Repository/DispensaryToCms/Page_KDMC - CMS/button_OK' is clicked on

2018-05-21 10:22:59 - [MESSAGE][PASSED] - Object: 'Object Repository/DispensaryToCms/Page_KDMC - CMS/button_OK' is clicked on

2018-05-21 10:22:59 - [TEST_STEP][PASSED] - delay: Delayed 3 second(s)

2018-05-21 10:23:02 - [MESSAGE][PASSED] - Delayed 3 second(s)

2018-05-21 10:23:02 - [TEST_STEP][PASSED] - waitForElementPresent: Object 'Object Repository/DispensaryToStore/Page_Dispensary Store/a_dropdown-toggle' is not present after 20 second(s)

2018-05-21 10:23:23 - [MESSAGE][WARNING] - Object 'Object Repository/DispensaryToStore/Page_Dispensary Store/a_dropdown-toggle' is not present after 20 second(s)

2018-05-21 10:23:23 - [TEST_STEP][PASSED] - click: Object: 'Object Repository/DispensaryToCms/Page_KDMC - CMS/a_dropdown-toggle' is clicked on

2018-05-21 10:23:23 - [MESSAGE][PASSED] - Object: 'Object Repository/DispensaryToCms/Page_KDMC - CMS/a_dropdown-toggle' is clicked on

2018-05-21 10:23:23 - [TEST_STEP][PASSED] - click: Object: 'Object Repository/DispensaryToCms/Page_KDMC - CMS/a_Sign out' is clicked on

2018-05-21 10:23:25 - [MESSAGE][PASSED] - Object: 'Object Repository/DispensaryToCms/Page_KDMC - CMS/a_Sign out' is clicked on

2018-05-21 10:23:25 - [TEST_STEP][PASSED] - delay: Delayed 3 second(s)

2018-05-21 10:23:28 - [MESSAGE][PASSED] - Delayed 3 second(s)

2018-05-21 10:23:28 - [TEST_STEP][PASSED] - navigateToUrl: Navigate to 'http://192.168.137.1/multihospital_new/HDSplashscreen.aspx' successfully

2018-05-21 10:23:28 - [MESSAGE][PASSED] - Navigate to 'http://192.168.137.1/multihospital_new/HDSplashscreen.aspx' successfully

2018-05-21 10:23:28 - [TEST_STEP][PASSED] - click: Object: 'Object Repository/DispensaryToCms/Page_KDMC/a_Dispensary Store' is clicked on

2018-05-21 10:23:29 - [MESSAGE][PASSED] - Object: 'Object Repository/DispensaryToCms/Page_KDMC/a_Dispensary Store' is clicked on

2018-05-21 10:23:29 - [TEST_STEP][PASSED] - setText: Text 'rajaram' is set on object 'Object Repository/DispensaryToCms/Page_Dispensary Store Login/input_txtusername'

2018-05-21 10:23:29 - [MESSAGE][PASSED] - Text 'rajaram' is set on object 'Object Repository/DispensaryToCms/Page_Dispensary Store Login/input_txtusername'

2018-05-21 10:23:29 - [TEST_STEP][PASSED] - setText: Text '123' is set on object 'Object Repository/DispensaryToCms/Page_Dispensary Store Login/input_txtpassword'

2018-05-21 10:23:29 - [MESSAGE][PASSED] - Text '123' is set on object 'Object Repository/DispensaryToCms/Page_Dispensary Store Login/input_txtpassword'

2018-05-21 10:23:29 - [TEST_STEP][PASSED] - delay: Delayed 3 second(s)

2018-05-21 10:23:32 - [MESSAGE][PASSED] - Delayed 3 second(s)

2018-05-21 10:23:32 - [TEST_STEP][PASSED] - click: Object: 'Object Repository/DispensaryToCms/Page_Dispensary Store Login/button_Sign in' is clicked on

2018-05-21 10:23:33 - [MESSAGE][PASSED] - Object: 'Object Repository/DispensaryToCms/Page_Dispensary Store Login/button_Sign in' is clicked on

2018-05-21 10:23:33 - [TEST_STEP][PASSED] - delay: Delayed 3 second(s)

2018-05-21 10:23:36 - [MESSAGE][PASSED] - Delayed 3 second(s)

2018-05-21 10:23:36 - [TEST_STEP][PASSED] - click: Object: 'Object Repository/DispensaryToCms/Page_Dispensary Store/a_CMS' is clicked on

2018-05-21 10:23:36 - [MESSAGE][PASSED] - Object: 'Object Repository/DispensaryToCms/Page_Dispensary Store/a_CMS' is clicked on

2018-05-21 10:23:36 - [TEST_STEP][PASSED] - delay: Delayed 2 second(s)

2018-05-21 10:23:38 - [MESSAGE][PASSED] - Delayed 2 second(s)

2018-05-21 10:23:38 - [TEST_STEP][PASSED] - click: Object: 'Object Repository/DispensaryToCms/Page_Dispensary Store/a_Receiving Goods' is clicked on

2018-05-21 10:23:39 - [MESSAGE][PASSED] - Object: 'Object Repository/DispensaryToCms/Page_Dispensary Store/a_Receiving Goods' is clicked on

2018-05-21 10:23:39 - [TEST_STEP][PASSED] - setText: Text 'PRNO/21052018/288' is set on object 'Object Repository/DispensaryToCms/Page_Dispensary Store/input'

2018-05-21 10:23:41 - [MESSAGE][PASSED] - Text 'PRNO/21052018/288' is set on object 'Object Repository/DispensaryToCms/Page_Dispensary Store/input'

2018-05-21 10:23:41 - [TEST_STEP][PASSED] - click: Object: 'Object Repository/DispensaryToCms/Page_Dispensary Store/input_PRNO18052018174' is clicked on

2018-05-21 10:23:42 - [MESSAGE][PASSED] - Object: 'Object Repository/DispensaryToCms/Page_Dispensary Store/input_PRNO18052018174' is clicked on

2018-05-21 10:23:42 - [TEST_STEP][PASSED] - delay: Delayed 2 second(s)

2018-05-21 10:23:44 - [MESSAGE][PASSED] - Delayed 2 second(s)

2018-05-21 10:23:44 - [TEST_STEP][PASSED] - click: Object: 'Object Repository/DispensaryToCms/Page_Dispensary Store/input_chkrem' is clicked on

2018-05-21 10:23:44 - [MESSAGE][PASSED] - Object: 'Object Repository/DispensaryToCms/Page_Dispensary Store/input_chkrem' is clicked on

2018-05-21 10:23:44 - [TEST_STEP][PASSED] - scrollToElement: Scroll to object 'Object Repository/DispensaryToCms/Page_Dispensary Store/input_btchkroqadd' successfully

2018-05-21 10:23:44 - [MESSAGE][PASSED] - Scroll to object 'Object Repository/DispensaryToCms/Page_Dispensary Store/input_btchkroqadd' successfully

2018-05-21 10:23:44 - [TEST_STEP][PASSED] - click: Object: 'Object Repository/DispensaryToCms/Page_Dispensary Store/input_btchkroqadd' is clicked on

2018-05-21 10:23:44 - [MESSAGE][PASSED] - Object: 'Object Repository/DispensaryToCms/Page_Dispensary Store/input_btchkroqadd' is clicked on

2018-05-21 10:23:44 - [TEST_STEP][PASSED] - delay: Delayed 2 second(s)

2018-05-21 10:23:46 - [MESSAGE][PASSED] - Delayed 2 second(s)

2018-05-21 10:23:46 - [TEST_STEP][PASSED] - refresh: Refresh successfully

2018-05-21 10:23:47 - [MESSAGE][PASSED] - Refresh successfully

2018-05-21 10:23:47 - [TEST_STEP][PASSED] - delay: Delayed 3 second(s)

2018-05-21 10:23:50 - [MESSAGE][PASSED] - Delayed 3 second(s)

2018-05-21 10:23:50 - [TEST_STEP][PASSED] - waitForElementPresent: Object 'Object Repository/DispensaryToStore/Page_Dispensary Store/a_dropdown-toggle' is present

2018-05-21 10:23:50 - [MESSAGE][PASSED] - Object 'Object Repository/DispensaryToStore/Page_Dispensary Store/a_dropdown-toggle' is present

2018-05-21 10:23:50 - [TEST_STEP][PASSED] - click: Object: 'Object Repository/DispensaryToCms/Page_Dispensary Store/a_dropdown-toggle' is clicked on

2018-05-21 10:23:50 - [MESSAGE][PASSED] - Object: 'Object Repository/DispensaryToCms/Page_Dispensary Store/a_dropdown-toggle' is clicked on

2018-05-21 10:23:50 - [TEST_STEP][PASSED] - click: Object: 'Object Repository/DispensaryToCms/Page_Dispensary Store/a_Sign out' is clicked on

2018-05-21 10:23:51 - [MESSAGE][PASSED] - Object: 'Object Repository/DispensaryToCms/Page_Dispensary Store/a_Sign out' is clicked on

2018-05-21 10:23:51 - [TEST_STEP][PASSED] - closeBrowser: Browser is closed

2018-05-21 10:23:51 - [MESSAGE][PASSED] - Browser is closed]]></system-out>
         <system-err><![CDATA[]]></system-err>
      </testcase>
      <testcase name="Test Cases/DISPENSARY TEST CASES/TC_DP_022 Verify Schedule 10 Dispensary To CMS Request Are Working Successfully Or Not" classname="Test Cases/DISPENSARY TEST CASES/TC_DP_022 Verify Schedule 10 Dispensary To CMS Request Are Working Successfully Or Not" status="ERROR">
         <error type="ERROR" message="Test Cases/DISPENSARY TEST CASES/TC_DP_022 Verify Schedule 10 Dispensary To CMS Request Are Working Successfully Or Not FAILED because (of) java.lang.NumberFormatException: For input string: &quot;&quot;"/>
         <system-out><![CDATA[2018-05-21 10:23:51 - [TEST_CASE][ERROR] - Test Cases/DISPENSARY TEST CASES/TC_DP_022 Verify Schedule 10 Dispensary To CMS Request Are Working Successfully Or Not: Test Cases/DISPENSARY TEST CASES/TC_DP_022 Verify Schedule 10 Dispensary To CMS Request Are Working Successfully Or Not FAILED because (of) java.lang.NumberFormatException: For input string: ""

2018-05-21 10:23:52 - [TEST_STEP][PASSED] - openBrowser: Browser is opened with url: ''

2018-05-21 10:23:54 - [MESSAGE][PASSED] - Browser is opened with url: ''

2018-05-21 10:23:54 - [TEST_STEP][PASSED] - navigateToUrl: Navigate to 'http://192.168.137.1/multihospital_new/HDSplashscreen.aspx' successfully

2018-05-21 10:24:02 - [MESSAGE][PASSED] - Navigate to 'http://192.168.137.1/multihospital_new/HDSplashscreen.aspx' successfully

2018-05-21 10:24:02 - [TEST_STEP][PASSED] - maximizeWindow: Current window maximized

2018-05-21 10:24:04 - [MESSAGE][PASSED] - Current window maximized

2018-05-21 10:24:04 - [TEST_STEP][PASSED] - click: Object: 'Object Repository/DispensaryToCms/Page_KDMC/a_Dispensary Store' is clicked on

2018-05-21 10:24:05 - [MESSAGE][PASSED] - Object: 'Object Repository/DispensaryToCms/Page_KDMC/a_Dispensary Store' is clicked on

2018-05-21 10:24:05 - [TEST_STEP][PASSED] - setText: Text 'rajaram' is set on object 'Object Repository/DispensaryToCms/Page_Dispensary Store Login/input_txtusername'

2018-05-21 10:24:05 - [MESSAGE][PASSED] - Text 'rajaram' is set on object 'Object Repository/DispensaryToCms/Page_Dispensary Store Login/input_txtusername'

2018-05-21 10:24:05 - [TEST_STEP][PASSED] - setText: Text '123' is set on object 'Object Repository/DispensaryToCms/Page_Dispensary Store Login/input_txtpassword'

2018-05-21 10:24:05 - [MESSAGE][PASSED] - Text '123' is set on object 'Object Repository/DispensaryToCms/Page_Dispensary Store Login/input_txtpassword'

2018-05-21 10:24:05 - [TEST_STEP][PASSED] - delay: Delayed 3 second(s)

2018-05-21 10:24:08 - [MESSAGE][PASSED] - Delayed 3 second(s)

2018-05-21 10:24:08 - [TEST_STEP][PASSED] - click: Object: 'Object Repository/DispensaryToCms/Page_Dispensary Store Login/button_Sign in' is clicked on

2018-05-21 10:24:09 - [MESSAGE][PASSED] - Object: 'Object Repository/DispensaryToCms/Page_Dispensary Store Login/button_Sign in' is clicked on

2018-05-21 10:24:09 - [TEST_STEP][PASSED] - delay: Delayed 3 second(s)

2018-05-21 10:24:12 - [MESSAGE][PASSED] - Delayed 3 second(s)

2018-05-21 10:24:12 - [TEST_STEP][PASSED] - click: Object: 'Object Repository/DispensaryToCms/Page_Dispensary Store/a_CMS' is clicked on

2018-05-21 10:24:12 - [MESSAGE][PASSED] - Object: 'Object Repository/DispensaryToCms/Page_Dispensary Store/a_CMS' is clicked on

2018-05-21 10:24:12 - [TEST_STEP][PASSED] - click: Object: 'Object Repository/DispensaryToCms/Page_Dispensary Store/a_Request Send' is clicked on

2018-05-21 10:24:13 - [MESSAGE][PASSED] - Object: 'Object Repository/DispensaryToCms/Page_Dispensary Store/a_Request Send' is clicked on

2018-05-21 10:24:13 - [TEST_STEP][PASSED] - delay: Delayed 2 second(s)

2018-05-21 10:24:15 - [MESSAGE][PASSED] - Delayed 2 second(s)

2018-05-21 10:24:15 - [TEST_STEP][PASSED] - selectOptionByIndex: All options with index in [2] are selected on object 'Object Repository/DispensaryToCms/Page_Dispensary Store/select_--Select--'

2018-05-21 10:24:15 - [MESSAGE][PASSED] - All options with index in [2] are selected on object 'Object Repository/DispensaryToCms/Page_Dispensary Store/select_--Select--'

2018-05-21 10:24:15 - [TEST_STEP][PASSED] - selectOptionByIndex: All options with index in [10] are selected on object 'Object Repository/DispensaryToCms/Page_Dispensary Store/select_--Select--Schedule 1Inj'

2018-05-21 10:24:15 - [MESSAGE][PASSED] - All options with index in [10] are selected on object 'Object Repository/DispensaryToCms/Page_Dispensary Store/select_--Select--Schedule 1Inj'

2018-05-21 10:24:15 - [TEST_STEP][PASSED] - Statement - medicineslength = com.kms.katalon.core.webui.keyword.WebUiBuiltInKeywords.getNumberOfTotalOption(com.kms.katalon.core.testobject.ObjectRepository.findTestObject(DispensaryToCms/Page_Dispensary Store/select_--Select--Adernaline 0.)): 19 options of object 'Object Repository/DispensaryToCms/Page_Dispensary Store/select_--Select--Adernaline 0.' counted

2018-05-21 10:24:15 - [MESSAGE][PASSED] - 19 options of object 'Object Repository/DispensaryToCms/Page_Dispensary Store/select_--Select--Adernaline 0.' counted

2018-05-21 10:24:15 - [TEST_STEP][PASSED] - Statement - For ([e = 1, e <= medicineslength - 1, (e++)]): Object: 'Object Repository/DispensaryToCms/Page_Dispensary Store/button_Add' is clicked on

2018-05-21 10:24:15 - [TEST_STEP][PASSED] - selectOptionByIndex: All options with index in [10] are selected on object 'Object Repository/DispensaryToCms/Page_Dispensary Store/select_--Select--Schedule 1Inj'

2018-05-21 10:24:15 - [MESSAGE][PASSED] - All options with index in [10] are selected on object 'Object Repository/DispensaryToCms/Page_Dispensary Store/select_--Select--Schedule 1Inj'

2018-05-21 10:24:15 - [TEST_STEP][PASSED] - selectOptionByIndex: All options with index in [1] are selected on object 'Object Repository/DispensaryToCms/Page_Dispensary Store/select_--Select--Adernaline 0.'

2018-05-21 10:24:15 - [MESSAGE][PASSED] - All options with index in [1] are selected on object 'Object Repository/DispensaryToCms/Page_Dispensary Store/select_--Select--Adernaline 0.'

2018-05-21 10:24:15 - [TEST_STEP][PASSED] - setText: Text '100' is set on object 'Object Repository/DispensaryToCms/Page_Dispensary Store/input_txttreat'

2018-05-21 10:24:16 - [MESSAGE][PASSED] - Text '100' is set on object 'Object Repository/DispensaryToCms/Page_Dispensary Store/input_txttreat'

2018-05-21 10:24:16 - [TEST_STEP][PASSED] - click: Object: 'Object Repository/DispensaryToCms/Page_Dispensary Store/button_Add' is clicked on

2018-05-21 10:24:16 - [MESSAGE][PASSED] - Object: 'Object Repository/DispensaryToCms/Page_Dispensary Store/button_Add' is clicked on

2018-05-21 10:24:16 - [TEST_STEP][PASSED] - selectOptionByIndex: All options with index in [10] are selected on object 'Object Repository/DispensaryToCms/Page_Dispensary Store/select_--Select--Schedule 1Inj'

2018-05-21 10:24:16 - [MESSAGE][PASSED] - All options with index in [10] are selected on object 'Object Repository/DispensaryToCms/Page_Dispensary Store/select_--Select--Schedule 1Inj'

2018-05-21 10:24:16 - [TEST_STEP][PASSED] - selectOptionByIndex: All options with index in [2] are selected on object 'Object Repository/DispensaryToCms/Page_Dispensary Store/select_--Select--Adernaline 0.'

2018-05-21 10:24:16 - [MESSAGE][PASSED] - All options with index in [2] are selected on object 'Object Repository/DispensaryToCms/Page_Dispensary Store/select_--Select--Adernaline 0.'

2018-05-21 10:24:16 - [TEST_STEP][PASSED] - setText: Text '100' is set on object 'Object Repository/DispensaryToCms/Page_Dispensary Store/input_txttreat'

2018-05-21 10:24:16 - [MESSAGE][PASSED] - Text '100' is set on object 'Object Repository/DispensaryToCms/Page_Dispensary Store/input_txttreat'

2018-05-21 10:24:16 - [TEST_STEP][PASSED] - click: Object: 'Object Repository/DispensaryToCms/Page_Dispensary Store/button_Add' is clicked on

2018-05-21 10:24:16 - [MESSAGE][PASSED] - Object: 'Object Repository/DispensaryToCms/Page_Dispensary Store/button_Add' is clicked on

2018-05-21 10:24:16 - [TEST_STEP][PASSED] - selectOptionByIndex: All options with index in [10] are selected on object 'Object Repository/DispensaryToCms/Page_Dispensary Store/select_--Select--Schedule 1Inj'

2018-05-21 10:24:17 - [MESSAGE][PASSED] - All options with index in [10] are selected on object 'Object Repository/DispensaryToCms/Page_Dispensary Store/select_--Select--Schedule 1Inj'

2018-05-21 10:24:17 - [TEST_STEP][PASSED] - selectOptionByIndex: All options with index in [3] are selected on object 'Object Repository/DispensaryToCms/Page_Dispensary Store/select_--Select--Adernaline 0.'

2018-05-21 10:24:17 - [MESSAGE][PASSED] - All options with index in [3] are selected on object 'Object Repository/DispensaryToCms/Page_Dispensary Store/select_--Select--Adernaline 0.'

2018-05-21 10:24:17 - [TEST_STEP][PASSED] - setText: Text '100' is set on object 'Object Repository/DispensaryToCms/Page_Dispensary Store/input_txttreat'

2018-05-21 10:24:17 - [MESSAGE][PASSED] - Text '100' is set on object 'Object Repository/DispensaryToCms/Page_Dispensary Store/input_txttreat'

2018-05-21 10:24:17 - [TEST_STEP][PASSED] - click: Object: 'Object Repository/DispensaryToCms/Page_Dispensary Store/button_Add' is clicked on

2018-05-21 10:24:17 - [MESSAGE][PASSED] - Object: 'Object Repository/DispensaryToCms/Page_Dispensary Store/button_Add' is clicked on

2018-05-21 10:24:17 - [TEST_STEP][PASSED] - selectOptionByIndex: All options with index in [10] are selected on object 'Object Repository/DispensaryToCms/Page_Dispensary Store/select_--Select--Schedule 1Inj'

2018-05-21 10:24:17 - [MESSAGE][PASSED] - All options with index in [10] are selected on object 'Object Repository/DispensaryToCms/Page_Dispensary Store/select_--Select--Schedule 1Inj'

2018-05-21 10:24:17 - [TEST_STEP][PASSED] - selectOptionByIndex: All options with index in [4] are selected on object 'Object Repository/DispensaryToCms/Page_Dispensary Store/select_--Select--Adernaline 0.'

2018-05-21 10:24:17 - [MESSAGE][PASSED] - All options with index in [4] are selected on object 'Object Repository/DispensaryToCms/Page_Dispensary Store/select_--Select--Adernaline 0.'

2018-05-21 10:24:17 - [TEST_STEP][PASSED] - setText: Text '100' is set on object 'Object Repository/DispensaryToCms/Page_Dispensary Store/input_txttreat'

2018-05-21 10:24:18 - [MESSAGE][PASSED] - Text '100' is set on object 'Object Repository/DispensaryToCms/Page_Dispensary Store/input_txttreat'

2018-05-21 10:24:18 - [TEST_STEP][PASSED] - click: Object: 'Object Repository/DispensaryToCms/Page_Dispensary Store/button_Add' is clicked on

2018-05-21 10:24:18 - [MESSAGE][PASSED] - Object: 'Object Repository/DispensaryToCms/Page_Dispensary Store/button_Add' is clicked on

2018-05-21 10:24:18 - [TEST_STEP][PASSED] - selectOptionByIndex: All options with index in [10] are selected on object 'Object Repository/DispensaryToCms/Page_Dispensary Store/select_--Select--Schedule 1Inj'

2018-05-21 10:24:18 - [MESSAGE][PASSED] - All options with index in [10] are selected on object 'Object Repository/DispensaryToCms/Page_Dispensary Store/select_--Select--Schedule 1Inj'

2018-05-21 10:24:18 - [TEST_STEP][PASSED] - selectOptionByIndex: All options with index in [5] are selected on object 'Object Repository/DispensaryToCms/Page_Dispensary Store/select_--Select--Adernaline 0.'

2018-05-21 10:24:18 - [MESSAGE][PASSED] - All options with index in [5] are selected on object 'Object Repository/DispensaryToCms/Page_Dispensary Store/select_--Select--Adernaline 0.'

2018-05-21 10:24:18 - [TEST_STEP][PASSED] - setText: Text '100' is set on object 'Object Repository/DispensaryToCms/Page_Dispensary Store/input_txttreat'

2018-05-21 10:24:18 - [MESSAGE][PASSED] - Text '100' is set on object 'Object Repository/DispensaryToCms/Page_Dispensary Store/input_txttreat'

2018-05-21 10:24:18 - [TEST_STEP][PASSED] - click: Object: 'Object Repository/DispensaryToCms/Page_Dispensary Store/button_Add' is clicked on

2018-05-21 10:24:18 - [MESSAGE][PASSED] - Object: 'Object Repository/DispensaryToCms/Page_Dispensary Store/button_Add' is clicked on

2018-05-21 10:24:18 - [TEST_STEP][PASSED] - selectOptionByIndex: All options with index in [10] are selected on object 'Object Repository/DispensaryToCms/Page_Dispensary Store/select_--Select--Schedule 1Inj'

2018-05-21 10:24:18 - [MESSAGE][PASSED] - All options with index in [10] are selected on object 'Object Repository/DispensaryToCms/Page_Dispensary Store/select_--Select--Schedule 1Inj'

2018-05-21 10:24:18 - [TEST_STEP][PASSED] - selectOptionByIndex: All options with index in [6] are selected on object 'Object Repository/DispensaryToCms/Page_Dispensary Store/select_--Select--Adernaline 0.'

2018-05-21 10:24:19 - [MESSAGE][PASSED] - All options with index in [6] are selected on object 'Object Repository/DispensaryToCms/Page_Dispensary Store/select_--Select--Adernaline 0.'

2018-05-21 10:24:19 - [TEST_STEP][PASSED] - setText: Text '100' is set on object 'Object Repository/DispensaryToCms/Page_Dispensary Store/input_txttreat'

2018-05-21 10:24:19 - [MESSAGE][PASSED] - Text '100' is set on object 'Object Repository/DispensaryToCms/Page_Dispensary Store/input_txttreat'

2018-05-21 10:24:19 - [TEST_STEP][PASSED] - click: Object: 'Object Repository/DispensaryToCms/Page_Dispensary Store/button_Add' is clicked on

2018-05-21 10:24:19 - [MESSAGE][PASSED] - Object: 'Object Repository/DispensaryToCms/Page_Dispensary Store/button_Add' is clicked on

2018-05-21 10:24:19 - [TEST_STEP][PASSED] - selectOptionByIndex: All options with index in [10] are selected on object 'Object Repository/DispensaryToCms/Page_Dispensary Store/select_--Select--Schedule 1Inj'

2018-05-21 10:24:19 - [MESSAGE][PASSED] - All options with index in [10] are selected on object 'Object Repository/DispensaryToCms/Page_Dispensary Store/select_--Select--Schedule 1Inj'

2018-05-21 10:24:19 - [TEST_STEP][PASSED] - selectOptionByIndex: All options with index in [7] are selected on object 'Object Repository/DispensaryToCms/Page_Dispensary Store/select_--Select--Adernaline 0.'

2018-05-21 10:24:19 - [MESSAGE][PASSED] - All options with index in [7] are selected on object 'Object Repository/DispensaryToCms/Page_Dispensary Store/select_--Select--Adernaline 0.'

2018-05-21 10:24:19 - [TEST_STEP][PASSED] - setText: Text '100' is set on object 'Object Repository/DispensaryToCms/Page_Dispensary Store/input_txttreat'

2018-05-21 10:24:19 - [MESSAGE][PASSED] - Text '100' is set on object 'Object Repository/DispensaryToCms/Page_Dispensary Store/input_txttreat'

2018-05-21 10:24:19 - [TEST_STEP][PASSED] - click: Object: 'Object Repository/DispensaryToCms/Page_Dispensary Store/button_Add' is clicked on

2018-05-21 10:24:19 - [MESSAGE][PASSED] - Object: 'Object Repository/DispensaryToCms/Page_Dispensary Store/button_Add' is clicked on

2018-05-21 10:24:19 - [TEST_STEP][PASSED] - selectOptionByIndex: All options with index in [10] are selected on object 'Object Repository/DispensaryToCms/Page_Dispensary Store/select_--Select--Schedule 1Inj'

2018-05-21 10:24:20 - [MESSAGE][PASSED] - All options with index in [10] are selected on object 'Object Repository/DispensaryToCms/Page_Dispensary Store/select_--Select--Schedule 1Inj'

2018-05-21 10:24:20 - [TEST_STEP][PASSED] - selectOptionByIndex: All options with index in [8] are selected on object 'Object Repository/DispensaryToCms/Page_Dispensary Store/select_--Select--Adernaline 0.'

2018-05-21 10:24:20 - [MESSAGE][PASSED] - All options with index in [8] are selected on object 'Object Repository/DispensaryToCms/Page_Dispensary Store/select_--Select--Adernaline 0.'

2018-05-21 10:24:20 - [TEST_STEP][PASSED] - setText: Text '100' is set on object 'Object Repository/DispensaryToCms/Page_Dispensary Store/input_txttreat'

2018-05-21 10:24:20 - [MESSAGE][PASSED] - Text '100' is set on object 'Object Repository/DispensaryToCms/Page_Dispensary Store/input_txttreat'

2018-05-21 10:24:20 - [TEST_STEP][PASSED] - click: Object: 'Object Repository/DispensaryToCms/Page_Dispensary Store/button_Add' is clicked on

2018-05-21 10:24:20 - [MESSAGE][PASSED] - Object: 'Object Repository/DispensaryToCms/Page_Dispensary Store/button_Add' is clicked on

2018-05-21 10:24:20 - [TEST_STEP][PASSED] - selectOptionByIndex: All options with index in [10] are selected on object 'Object Repository/DispensaryToCms/Page_Dispensary Store/select_--Select--Schedule 1Inj'

2018-05-21 10:24:20 - [MESSAGE][PASSED] - All options with index in [10] are selected on object 'Object Repository/DispensaryToCms/Page_Dispensary Store/select_--Select--Schedule 1Inj'

2018-05-21 10:24:20 - [TEST_STEP][PASSED] - selectOptionByIndex: All options with index in [9] are selected on object 'Object Repository/DispensaryToCms/Page_Dispensary Store/select_--Select--Adernaline 0.'

2018-05-21 10:24:21 - [MESSAGE][PASSED] - All options with index in [9] are selected on object 'Object Repository/DispensaryToCms/Page_Dispensary Store/select_--Select--Adernaline 0.'

2018-05-21 10:24:21 - [TEST_STEP][PASSED] - setText: Text '100' is set on object 'Object Repository/DispensaryToCms/Page_Dispensary Store/input_txttreat'

2018-05-21 10:24:21 - [MESSAGE][PASSED] - Text '100' is set on object 'Object Repository/DispensaryToCms/Page_Dispensary Store/input_txttreat'

2018-05-21 10:24:21 - [TEST_STEP][PASSED] - click: Object: 'Object Repository/DispensaryToCms/Page_Dispensary Store/button_Add' is clicked on

2018-05-21 10:24:21 - [MESSAGE][PASSED] - Object: 'Object Repository/DispensaryToCms/Page_Dispensary Store/button_Add' is clicked on

2018-05-21 10:24:21 - [TEST_STEP][PASSED] - selectOptionByIndex: All options with index in [10] are selected on object 'Object Repository/DispensaryToCms/Page_Dispensary Store/select_--Select--Schedule 1Inj'

2018-05-21 10:24:21 - [MESSAGE][PASSED] - All options with index in [10] are selected on object 'Object Repository/DispensaryToCms/Page_Dispensary Store/select_--Select--Schedule 1Inj'

2018-05-21 10:24:21 - [TEST_STEP][PASSED] - selectOptionByIndex: All options with index in [10] are selected on object 'Object Repository/DispensaryToCms/Page_Dispensary Store/select_--Select--Adernaline 0.'

2018-05-21 10:24:21 - [MESSAGE][PASSED] - All options with index in [10] are selected on object 'Object Repository/DispensaryToCms/Page_Dispensary Store/select_--Select--Adernaline 0.'

2018-05-21 10:24:21 - [TEST_STEP][PASSED] - setText: Text '100' is set on object 'Object Repository/DispensaryToCms/Page_Dispensary Store/input_txttreat'

2018-05-21 10:24:21 - [MESSAGE][PASSED] - Text '100' is set on object 'Object Repository/DispensaryToCms/Page_Dispensary Store/input_txttreat'

2018-05-21 10:24:21 - [TEST_STEP][PASSED] - click: Object: 'Object Repository/DispensaryToCms/Page_Dispensary Store/button_Add' is clicked on

2018-05-21 10:24:21 - [MESSAGE][PASSED] - Object: 'Object Repository/DispensaryToCms/Page_Dispensary Store/button_Add' is clicked on

2018-05-21 10:24:21 - [TEST_STEP][PASSED] - selectOptionByIndex: All options with index in [10] are selected on object 'Object Repository/DispensaryToCms/Page_Dispensary Store/select_--Select--Schedule 1Inj'

2018-05-21 10:24:22 - [MESSAGE][PASSED] - All options with index in [10] are selected on object 'Object Repository/DispensaryToCms/Page_Dispensary Store/select_--Select--Schedule 1Inj'

2018-05-21 10:24:22 - [TEST_STEP][PASSED] - selectOptionByIndex: All options with index in [11] are selected on object 'Object Repository/DispensaryToCms/Page_Dispensary Store/select_--Select--Adernaline 0.'

2018-05-21 10:24:22 - [MESSAGE][PASSED] - All options with index in [11] are selected on object 'Object Repository/DispensaryToCms/Page_Dispensary Store/select_--Select--Adernaline 0.'

2018-05-21 10:24:22 - [TEST_STEP][PASSED] - setText: Text '100' is set on object 'Object Repository/DispensaryToCms/Page_Dispensary Store/input_txttreat'

2018-05-21 10:24:22 - [MESSAGE][PASSED] - Text '100' is set on object 'Object Repository/DispensaryToCms/Page_Dispensary Store/input_txttreat'

2018-05-21 10:24:22 - [TEST_STEP][PASSED] - click: Object: 'Object Repository/DispensaryToCms/Page_Dispensary Store/button_Add' is clicked on

2018-05-21 10:24:22 - [MESSAGE][PASSED] - Object: 'Object Repository/DispensaryToCms/Page_Dispensary Store/button_Add' is clicked on

2018-05-21 10:24:22 - [TEST_STEP][PASSED] - selectOptionByIndex: All options with index in [10] are selected on object 'Object Repository/DispensaryToCms/Page_Dispensary Store/select_--Select--Schedule 1Inj'

2018-05-21 10:24:22 - [MESSAGE][PASSED] - All options with index in [10] are selected on object 'Object Repository/DispensaryToCms/Page_Dispensary Store/select_--Select--Schedule 1Inj'

2018-05-21 10:24:22 - [TEST_STEP][PASSED] - selectOptionByIndex: All options with index in [12] are selected on object 'Object Repository/DispensaryToCms/Page_Dispensary Store/select_--Select--Adernaline 0.'

2018-05-21 10:24:23 - [MESSAGE][PASSED] - All options with index in [12] are selected on object 'Object Repository/DispensaryToCms/Page_Dispensary Store/select_--Select--Adernaline 0.'

2018-05-21 10:24:23 - [TEST_STEP][PASSED] - setText: Text '100' is set on object 'Object Repository/DispensaryToCms/Page_Dispensary Store/input_txttreat'

2018-05-21 10:24:23 - [MESSAGE][PASSED] - Text '100' is set on object 'Object Repository/DispensaryToCms/Page_Dispensary Store/input_txttreat'

2018-05-21 10:24:23 - [TEST_STEP][PASSED] - click: Object: 'Object Repository/DispensaryToCms/Page_Dispensary Store/button_Add' is clicked on

2018-05-21 10:24:23 - [MESSAGE][PASSED] - Object: 'Object Repository/DispensaryToCms/Page_Dispensary Store/button_Add' is clicked on

2018-05-21 10:24:23 - [TEST_STEP][PASSED] - selectOptionByIndex: All options with index in [10] are selected on object 'Object Repository/DispensaryToCms/Page_Dispensary Store/select_--Select--Schedule 1Inj'

2018-05-21 10:24:23 - [MESSAGE][PASSED] - All options with index in [10] are selected on object 'Object Repository/DispensaryToCms/Page_Dispensary Store/select_--Select--Schedule 1Inj'

2018-05-21 10:24:23 - [TEST_STEP][PASSED] - selectOptionByIndex: All options with index in [13] are selected on object 'Object Repository/DispensaryToCms/Page_Dispensary Store/select_--Select--Adernaline 0.'

2018-05-21 10:24:23 - [MESSAGE][PASSED] - All options with index in [13] are selected on object 'Object Repository/DispensaryToCms/Page_Dispensary Store/select_--Select--Adernaline 0.'

2018-05-21 10:24:23 - [TEST_STEP][PASSED] - setText: Text '100' is set on object 'Object Repository/DispensaryToCms/Page_Dispensary Store/input_txttreat'

2018-05-21 10:24:23 - [MESSAGE][PASSED] - Text '100' is set on object 'Object Repository/DispensaryToCms/Page_Dispensary Store/input_txttreat'

2018-05-21 10:24:23 - [TEST_STEP][PASSED] - click: Object: 'Object Repository/DispensaryToCms/Page_Dispensary Store/button_Add' is clicked on

2018-05-21 10:24:23 - [MESSAGE][PASSED] - Object: 'Object Repository/DispensaryToCms/Page_Dispensary Store/button_Add' is clicked on

2018-05-21 10:24:23 - [TEST_STEP][PASSED] - selectOptionByIndex: All options with index in [10] are selected on object 'Object Repository/DispensaryToCms/Page_Dispensary Store/select_--Select--Schedule 1Inj'

2018-05-21 10:24:24 - [MESSAGE][PASSED] - All options with index in [10] are selected on object 'Object Repository/DispensaryToCms/Page_Dispensary Store/select_--Select--Schedule 1Inj'

2018-05-21 10:24:24 - [TEST_STEP][PASSED] - selectOptionByIndex: All options with index in [14] are selected on object 'Object Repository/DispensaryToCms/Page_Dispensary Store/select_--Select--Adernaline 0.'

2018-05-21 10:24:24 - [MESSAGE][PASSED] - All options with index in [14] are selected on object 'Object Repository/DispensaryToCms/Page_Dispensary Store/select_--Select--Adernaline 0.'

2018-05-21 10:24:24 - [TEST_STEP][PASSED] - setText: Text '100' is set on object 'Object Repository/DispensaryToCms/Page_Dispensary Store/input_txttreat'

2018-05-21 10:24:24 - [MESSAGE][PASSED] - Text '100' is set on object 'Object Repository/DispensaryToCms/Page_Dispensary Store/input_txttreat'

2018-05-21 10:24:24 - [TEST_STEP][PASSED] - click: Object: 'Object Repository/DispensaryToCms/Page_Dispensary Store/button_Add' is clicked on

2018-05-21 10:24:24 - [MESSAGE][PASSED] - Object: 'Object Repository/DispensaryToCms/Page_Dispensary Store/button_Add' is clicked on

2018-05-21 10:24:24 - [TEST_STEP][PASSED] - selectOptionByIndex: All options with index in [10] are selected on object 'Object Repository/DispensaryToCms/Page_Dispensary Store/select_--Select--Schedule 1Inj'

2018-05-21 10:24:24 - [MESSAGE][PASSED] - All options with index in [10] are selected on object 'Object Repository/DispensaryToCms/Page_Dispensary Store/select_--Select--Schedule 1Inj'

2018-05-21 10:24:24 - [TEST_STEP][PASSED] - selectOptionByIndex: All options with index in [15] are selected on object 'Object Repository/DispensaryToCms/Page_Dispensary Store/select_--Select--Adernaline 0.'

2018-05-21 10:24:25 - [MESSAGE][PASSED] - All options with index in [15] are selected on object 'Object Repository/DispensaryToCms/Page_Dispensary Store/select_--Select--Adernaline 0.'

2018-05-21 10:24:25 - [TEST_STEP][PASSED] - setText: Text '100' is set on object 'Object Repository/DispensaryToCms/Page_Dispensary Store/input_txttreat'

2018-05-21 10:24:25 - [MESSAGE][PASSED] - Text '100' is set on object 'Object Repository/DispensaryToCms/Page_Dispensary Store/input_txttreat'

2018-05-21 10:24:25 - [TEST_STEP][PASSED] - click: Object: 'Object Repository/DispensaryToCms/Page_Dispensary Store/button_Add' is clicked on

2018-05-21 10:24:25 - [MESSAGE][PASSED] - Object: 'Object Repository/DispensaryToCms/Page_Dispensary Store/button_Add' is clicked on

2018-05-21 10:24:25 - [TEST_STEP][PASSED] - selectOptionByIndex: All options with index in [10] are selected on object 'Object Repository/DispensaryToCms/Page_Dispensary Store/select_--Select--Schedule 1Inj'

2018-05-21 10:24:25 - [MESSAGE][PASSED] - All options with index in [10] are selected on object 'Object Repository/DispensaryToCms/Page_Dispensary Store/select_--Select--Schedule 1Inj'

2018-05-21 10:24:25 - [TEST_STEP][PASSED] - selectOptionByIndex: All options with index in [16] are selected on object 'Object Repository/DispensaryToCms/Page_Dispensary Store/select_--Select--Adernaline 0.'

2018-05-21 10:24:25 - [MESSAGE][PASSED] - All options with index in [16] are selected on object 'Object Repository/DispensaryToCms/Page_Dispensary Store/select_--Select--Adernaline 0.'

2018-05-21 10:24:25 - [TEST_STEP][PASSED] - setText: Text '100' is set on object 'Object Repository/DispensaryToCms/Page_Dispensary Store/input_txttreat'

2018-05-21 10:24:25 - [MESSAGE][PASSED] - Text '100' is set on object 'Object Repository/DispensaryToCms/Page_Dispensary Store/input_txttreat'

2018-05-21 10:24:25 - [TEST_STEP][PASSED] - click: Object: 'Object Repository/DispensaryToCms/Page_Dispensary Store/button_Add' is clicked on

2018-05-21 10:24:25 - [MESSAGE][PASSED] - Object: 'Object Repository/DispensaryToCms/Page_Dispensary Store/button_Add' is clicked on

2018-05-21 10:24:25 - [TEST_STEP][PASSED] - selectOptionByIndex: All options with index in [10] are selected on object 'Object Repository/DispensaryToCms/Page_Dispensary Store/select_--Select--Schedule 1Inj'

2018-05-21 10:24:26 - [MESSAGE][PASSED] - All options with index in [10] are selected on object 'Object Repository/DispensaryToCms/Page_Dispensary Store/select_--Select--Schedule 1Inj'

2018-05-21 10:24:26 - [TEST_STEP][PASSED] - selectOptionByIndex: All options with index in [17] are selected on object 'Object Repository/DispensaryToCms/Page_Dispensary Store/select_--Select--Adernaline 0.'

2018-05-21 10:24:26 - [MESSAGE][PASSED] - All options with index in [17] are selected on object 'Object Repository/DispensaryToCms/Page_Dispensary Store/select_--Select--Adernaline 0.'

2018-05-21 10:24:26 - [TEST_STEP][PASSED] - setText: Text '100' is set on object 'Object Repository/DispensaryToCms/Page_Dispensary Store/input_txttreat'

2018-05-21 10:24:26 - [MESSAGE][PASSED] - Text '100' is set on object 'Object Repository/DispensaryToCms/Page_Dispensary Store/input_txttreat'

2018-05-21 10:24:26 - [TEST_STEP][PASSED] - click: Object: 'Object Repository/DispensaryToCms/Page_Dispensary Store/button_Add' is clicked on

2018-05-21 10:24:26 - [MESSAGE][PASSED] - Object: 'Object Repository/DispensaryToCms/Page_Dispensary Store/button_Add' is clicked on

2018-05-21 10:24:26 - [TEST_STEP][PASSED] - selectOptionByIndex: All options with index in [10] are selected on object 'Object Repository/DispensaryToCms/Page_Dispensary Store/select_--Select--Schedule 1Inj'

2018-05-21 10:24:26 - [MESSAGE][PASSED] - All options with index in [10] are selected on object 'Object Repository/DispensaryToCms/Page_Dispensary Store/select_--Select--Schedule 1Inj'

2018-05-21 10:24:26 - [TEST_STEP][PASSED] - selectOptionByIndex: All options with index in [18] are selected on object 'Object Repository/DispensaryToCms/Page_Dispensary Store/select_--Select--Adernaline 0.'

2018-05-21 10:24:27 - [MESSAGE][PASSED] - All options with index in [18] are selected on object 'Object Repository/DispensaryToCms/Page_Dispensary Store/select_--Select--Adernaline 0.'

2018-05-21 10:24:27 - [TEST_STEP][PASSED] - setText: Text '100' is set on object 'Object Repository/DispensaryToCms/Page_Dispensary Store/input_txttreat'

2018-05-21 10:24:27 - [MESSAGE][PASSED] - Text '100' is set on object 'Object Repository/DispensaryToCms/Page_Dispensary Store/input_txttreat'

2018-05-21 10:24:27 - [TEST_STEP][PASSED] - click: Object: 'Object Repository/DispensaryToCms/Page_Dispensary Store/button_Add' is clicked on

2018-05-21 10:24:27 - [MESSAGE][PASSED] - Object: 'Object Repository/DispensaryToCms/Page_Dispensary Store/button_Add' is clicked on

2018-05-21 10:24:27 - [TEST_STEP][PASSED] - scrollToElement: Scroll to object 'Object Repository/DispensaryToCms/Page_Dispensary Store/input_btnsave' successfully

2018-05-21 10:24:27 - [MESSAGE][PASSED] - Scroll to object 'Object Repository/DispensaryToCms/Page_Dispensary Store/input_btnsave' successfully

2018-05-21 10:24:27 - [TEST_STEP][PASSED] - click: Object: 'Object Repository/DispensaryToCms/Page_Dispensary Store/input_btnsave' is clicked on

2018-05-21 10:24:27 - [MESSAGE][PASSED] - Object: 'Object Repository/DispensaryToCms/Page_Dispensary Store/input_btnsave' is clicked on

2018-05-21 10:24:27 - [TEST_STEP][PASSED] - delay: Delayed 3 second(s)

2018-05-21 10:24:30 - [MESSAGE][PASSED] - Delayed 3 second(s)

2018-05-21 10:24:30 - [TEST_STEP][PASSED] - Statement - RN1 = com.kms.katalon.core.webui.keyword.WebUiBuiltInKeywords.getText(com.kms.katalon.core.testobject.ObjectRepository.findTestObject(DispensaryToCms/Page_Dispensary Store/font_PRNO18052018174)): Text of object 'Object Repository/DispensaryToCms/Page_Dispensary Store/font_PRNO18052018174' is: 'PRNO/21052018/289'

2018-05-21 10:24:30 - [MESSAGE][PASSED] - Text of object 'Object Repository/DispensaryToCms/Page_Dispensary Store/font_PRNO18052018174' is: 'PRNO/21052018/289'

2018-05-21 10:24:30 - [TEST_STEP][PASSED] - Statement - out.println(RN1): null

2018-05-21 10:24:30 - [TEST_STEP][PASSED] - Statement - RID = RN1.split("/")[2]: null

2018-05-21 10:24:30 - [TEST_STEP][PASSED] - click: Object: 'Object Repository/DispensaryToCms/Page_Dispensary Store/button_OK' is clicked on

2018-05-21 10:24:31 - [MESSAGE][PASSED] - Object: 'Object Repository/DispensaryToCms/Page_Dispensary Store/button_OK' is clicked on

2018-05-21 10:24:31 - [TEST_STEP][PASSED] - delay: Delayed 3 second(s)

2018-05-21 10:24:34 - [MESSAGE][PASSED] - Delayed 3 second(s)

2018-05-21 10:24:34 - [TEST_STEP][PASSED] - waitForElementPresent: Object 'Object Repository/DispensaryToCms/Page_KDMC - CMS/a_dropdown-toggle' is not present after 20 second(s)

2018-05-21 10:24:55 - [MESSAGE][WARNING] - Object 'Object Repository/DispensaryToCms/Page_KDMC - CMS/a_dropdown-toggle' is not present after 20 second(s)

2018-05-21 10:24:55 - [TEST_STEP][PASSED] - click: Object: 'Object Repository/DispensaryToCms/Page_Dispensary Store/a_dropdown-toggle' is clicked on

2018-05-21 10:24:55 - [MESSAGE][PASSED] - Object: 'Object Repository/DispensaryToCms/Page_Dispensary Store/a_dropdown-toggle' is clicked on

2018-05-21 10:24:55 - [TEST_STEP][PASSED] - click: Object: 'Object Repository/DispensaryToCms/Page_Dispensary Store/a_Sign out' is clicked on

2018-05-21 10:24:56 - [MESSAGE][PASSED] - Object: 'Object Repository/DispensaryToCms/Page_Dispensary Store/a_Sign out' is clicked on

2018-05-21 10:24:56 - [TEST_STEP][PASSED] - delay: Delayed 3 second(s)

2018-05-21 10:24:59 - [MESSAGE][PASSED] - Delayed 3 second(s)

2018-05-21 10:24:59 - [TEST_STEP][PASSED] - navigateToUrl: Navigate to 'http://192.168.137.1/multihospital_new/' successfully

2018-05-21 10:24:59 - [MESSAGE][PASSED] - Navigate to 'http://192.168.137.1/multihospital_new/' successfully

2018-05-21 10:24:59 - [TEST_STEP][PASSED] - click: Object: 'Object Repository/DispensaryToCms/Page_KDMC/a_CMO' is clicked on

2018-05-21 10:25:01 - [MESSAGE][PASSED] - Object: 'Object Repository/DispensaryToCms/Page_KDMC/a_CMO' is clicked on

2018-05-21 10:25:01 - [TEST_STEP][PASSED] - setText: Text 'guru' is set on object 'Object Repository/DispensaryToCms/Page_CMO login/input_txtusername'

2018-05-21 10:25:01 - [MESSAGE][PASSED] - Text 'guru' is set on object 'Object Repository/DispensaryToCms/Page_CMO login/input_txtusername'

2018-05-21 10:25:01 - [TEST_STEP][PASSED] - setText: Text '123' is set on object 'Object Repository/DispensaryToCms/Page_CMO login/input_txtpassword'

2018-05-21 10:25:01 - [MESSAGE][PASSED] - Text '123' is set on object 'Object Repository/DispensaryToCms/Page_CMO login/input_txtpassword'

2018-05-21 10:25:01 - [TEST_STEP][PASSED] - delay: Delayed 3 second(s)

2018-05-21 10:25:04 - [MESSAGE][PASSED] - Delayed 3 second(s)

2018-05-21 10:25:04 - [TEST_STEP][PASSED] - click: Object: 'Object Repository/DispensaryToCms/Page_CMO login/button_Sign in' is clicked on

2018-05-21 10:25:06 - [MESSAGE][PASSED] - Object: 'Object Repository/DispensaryToCms/Page_CMO login/button_Sign in' is clicked on

2018-05-21 10:25:06 - [TEST_STEP][PASSED] - delay: Delayed 3 second(s)

2018-05-21 10:25:09 - [MESSAGE][PASSED] - Delayed 3 second(s)

2018-05-21 10:25:09 - [TEST_STEP][PASSED] - click: Object: 'Object Repository/DispensaryToCms/Page_KDMC - CMO/a_CMS Request' is clicked on

2018-05-21 10:25:09 - [MESSAGE][PASSED] - Object: 'Object Repository/DispensaryToCms/Page_KDMC - CMO/a_CMS Request' is clicked on

2018-05-21 10:25:09 - [TEST_STEP][PASSED] - delay: Delayed 2 second(s)

2018-05-21 10:25:11 - [MESSAGE][PASSED] - Delayed 2 second(s)

2018-05-21 10:25:11 - [TEST_STEP][PASSED] - click: Object: 'Object Repository/DispensaryToCms/Page_KDMC - CMO/a_Dispensary Store Request' is clicked on

2018-05-21 10:25:11 - [MESSAGE][PASSED] - Object: 'Object Repository/DispensaryToCms/Page_KDMC - CMO/a_Dispensary Store Request' is clicked on

2018-05-21 10:25:11 - [TEST_STEP][PASSED] - selectOptionByIndex: All options with index in [1] are selected on object 'Object Repository/DispensaryToCms/Page_KDMC - CMO/select_--ALL--'

2018-05-21 10:25:11 - [MESSAGE][PASSED] - All options with index in [1] are selected on object 'Object Repository/DispensaryToCms/Page_KDMC - CMO/select_--ALL--'

2018-05-21 10:25:11 - [TEST_STEP][PASSED] - click: Object: 'Object Repository/DispensaryToCms/Page_KDMC - CMO/input_btnsearch' is clicked on

2018-05-21 10:25:12 - [MESSAGE][PASSED] - Object: 'Object Repository/DispensaryToCms/Page_KDMC - CMO/input_btnsearch' is clicked on

2018-05-21 10:25:12 - [TEST_STEP][PASSED] - Statement - ID = com.kms.katalon.core.webui.keyword.WebUiBuiltInKeywords.modifyObjectProperty(com.kms.katalon.core.testobject.ObjectRepository.findTestObject(lab/Page_KDMC - CMO/input_1), "xpath", "equals", "//*[@id=" + RID + "]", true): Modify property of object successfully

2018-05-21 10:25:12 - [MESSAGE][PASSED] - Modify property of object successfully

2018-05-21 10:25:12 - [TEST_STEP][PASSED] - click: Object: 'Object Repository/lab/Page_KDMC - CMO/input_1' is clicked on

2018-05-21 10:25:12 - [MESSAGE][PASSED] - Object: 'Object Repository/lab/Page_KDMC - CMO/input_1' is clicked on

2018-05-21 10:25:12 - [TEST_STEP][PASSED] - delay: Delayed 2 second(s)

2018-05-21 10:25:14 - [MESSAGE][PASSED] - Delayed 2 second(s)

2018-05-21 10:25:14 - [TEST_STEP][PASSED] - selectOptionByIndex: All options with index in [1] are selected on object 'Object Repository/DispensaryToCms/Page_KDMC - CMO/select_--Select--'

2018-05-21 10:25:14 - [MESSAGE][PASSED] - All options with index in [1] are selected on object 'Object Repository/DispensaryToCms/Page_KDMC - CMO/select_--Select--'

2018-05-21 10:25:14 - [TEST_STEP][PASSED] - click: Object: 'Object Repository/DispensaryToCms/Page_KDMC - CMO/input_btnupdate' is clicked on

2018-05-21 10:25:14 - [MESSAGE][PASSED] - Object: 'Object Repository/DispensaryToCms/Page_KDMC - CMO/input_btnupdate' is clicked on

2018-05-21 10:25:14 - [TEST_STEP][PASSED] - delay: Delayed 2 second(s)

2018-05-21 10:25:16 - [MESSAGE][PASSED] - Delayed 2 second(s)

2018-05-21 10:25:16 - [TEST_STEP][PASSED] - click: Object: 'Object Repository/DispensaryToCms/Page_KDMC - CMO/button_OK' is clicked on

2018-05-21 10:25:17 - [MESSAGE][PASSED] - Object: 'Object Repository/DispensaryToCms/Page_KDMC - CMO/button_OK' is clicked on

2018-05-21 10:25:17 - [TEST_STEP][PASSED] - delay: Delayed 3 second(s)

2018-05-21 10:25:20 - [MESSAGE][PASSED] - Delayed 3 second(s)

2018-05-21 10:25:20 - [TEST_STEP][PASSED] - click: Object: 'Object Repository/DispensaryToCms/Page_KDMC - CMO/a_dropdown-toggle' is clicked on

2018-05-21 10:25:20 - [MESSAGE][PASSED] - Object: 'Object Repository/DispensaryToCms/Page_KDMC - CMO/a_dropdown-toggle' is clicked on

2018-05-21 10:25:20 - [TEST_STEP][PASSED] - click: Object: 'Object Repository/DispensaryToCms/Page_KDMC - CMO/a_Sign out' is clicked on

2018-05-21 10:25:21 - [MESSAGE][PASSED] - Object: 'Object Repository/DispensaryToCms/Page_KDMC - CMO/a_Sign out' is clicked on

2018-05-21 10:25:21 - [TEST_STEP][PASSED] - delay: Delayed 3 second(s)

2018-05-21 10:25:24 - [MESSAGE][PASSED] - Delayed 3 second(s)

2018-05-21 10:25:24 - [TEST_STEP][PASSED] - click: Object: 'Object Repository/DispensaryToCms/Page_KDMC/a_CMS' is clicked on

2018-05-21 10:25:24 - [MESSAGE][PASSED] - Object: 'Object Repository/DispensaryToCms/Page_KDMC/a_CMS' is clicked on

2018-05-21 10:25:24 - [TEST_STEP][PASSED] - setText: Text 'bala' is set on object 'Object Repository/DispensaryToCms/Page_CMS login/input_txtusername'

2018-05-21 10:25:24 - [MESSAGE][PASSED] - Text 'bala' is set on object 'Object Repository/DispensaryToCms/Page_CMS login/input_txtusername'

2018-05-21 10:25:24 - [TEST_STEP][PASSED] - setText: Text '123' is set on object 'Object Repository/DispensaryToCms/Page_CMS login/input_txtpassword'

2018-05-21 10:25:25 - [MESSAGE][PASSED] - Text '123' is set on object 'Object Repository/DispensaryToCms/Page_CMS login/input_txtpassword'

2018-05-21 10:25:25 - [TEST_STEP][PASSED] - delay: Delayed 3 second(s)

2018-05-21 10:25:28 - [MESSAGE][PASSED] - Delayed 3 second(s)

2018-05-21 10:25:28 - [TEST_STEP][PASSED] - click: Object: 'Object Repository/DispensaryToCms/Page_CMS login/button_Sign in' is clicked on

2018-05-21 10:25:28 - [MESSAGE][PASSED] - Object: 'Object Repository/DispensaryToCms/Page_CMS login/button_Sign in' is clicked on

2018-05-21 10:25:28 - [TEST_STEP][PASSED] - delay: Delayed 3 second(s)

2018-05-21 10:25:31 - [MESSAGE][PASSED] - Delayed 3 second(s)

2018-05-21 10:25:31 - [TEST_STEP][PASSED] - click: Object: 'Object Repository/DispensaryToCms/Page_KDMC - CMS/a_Divisional Store' is clicked on

2018-05-21 10:25:31 - [MESSAGE][PASSED] - Object: 'Object Repository/DispensaryToCms/Page_KDMC - CMS/a_Divisional Store' is clicked on

2018-05-21 10:25:31 - [TEST_STEP][PASSED] - delay: Delayed 2 second(s)

2018-05-21 10:25:33 - [MESSAGE][PASSED] - Delayed 2 second(s)

2018-05-21 10:25:33 - [TEST_STEP][PASSED] - click: Object: 'Object Repository/DispensaryToCms/Page_KDMC - CMS/a_Dispatch Items' is clicked on

2018-05-21 10:25:34 - [MESSAGE][PASSED] - Object: 'Object Repository/DispensaryToCms/Page_KDMC - CMS/a_Dispatch Items' is clicked on

2018-05-21 10:25:34 - [TEST_STEP][PASSED] - delay: Delayed 2 second(s)

2018-05-21 10:25:36 - [MESSAGE][PASSED] - Delayed 2 second(s)

2018-05-21 10:25:36 - [TEST_STEP][PASSED] - setText: Text 'PRNO/21052018/289' is set on object 'Object Repository/DispensaryToCms/Page_KDMC - CMS/input'

2018-05-21 10:25:37 - [MESSAGE][PASSED] - Text 'PRNO/21052018/289' is set on object 'Object Repository/DispensaryToCms/Page_KDMC - CMS/input'

2018-05-21 10:25:37 - [TEST_STEP][PASSED] - click: Object: 'Object Repository/DispensaryToCms/Page_KDMC - CMS/input_PRNO18052018174' is clicked on

2018-05-21 10:25:37 - [MESSAGE][PASSED] - Object: 'Object Repository/DispensaryToCms/Page_KDMC - CMS/input_PRNO18052018174' is clicked on

2018-05-21 10:25:37 - [TEST_STEP][PASSED] - Statement - out.println("Length : " + medicineslength): null

2018-05-21 10:25:37 - [TEST_STEP][PASSED] - Statement - For ([row = 0, row < medicineslength - 1, (row++)]): null

2018-05-21 10:25:37 - [TEST_STEP][PASSED] - Statement - batchlength = new com.kms.katalon.core.testobject.TestObject(): null

2018-05-21 10:25:37 - [TEST_STEP][PASSED] - Statement - batchlength = com.kms.katalon.core.webui.keyword.WebUiBuiltInKeywords.modifyObjectProperty(batchlength, "xpath", "equals", "//*[@id = "fldvendor" + row + ""]", true): Modify property of object successfully

2018-05-21 10:25:37 - [MESSAGE][PASSED] - Modify property of object successfully

2018-05-21 10:25:37 - [TEST_STEP][PASSED] - Statement - batchsize = com.kms.katalon.core.webui.keyword.WebUiBuiltInKeywords.getNumberOfTotalOption(batchlength): 6 options of object '' counted

2018-05-21 10:25:37 - [MESSAGE][PASSED] - 6 options of object '' counted

2018-05-21 10:25:37 - [TEST_STEP][PASSED] - Statement - out.println("BatchSize : " + batchsize): null

2018-05-21 10:25:37 - [TEST_STEP][PASSED] - Statement - For ([n = 1, n <= batchsize - 1, (n++)]): null

2018-05-21 10:25:37 - [TEST_STEP][PASSED] - Statement - product = new com.kms.katalon.core.testobject.TestObject(): null

2018-05-21 10:25:37 - [TEST_STEP][PASSED] - Statement - product = com.kms.katalon.core.webui.keyword.WebUiBuiltInKeywords.modifyObjectProperty(product, "xpath", "equals", "//*[@id = "fldvendor" + row + ""]", true): Modify property of object successfully

2018-05-21 10:25:37 - [MESSAGE][PASSED] - Modify property of object successfully

2018-05-21 10:25:37 - [TEST_STEP][PASSED] - selectOptionByIndex: All options with index in [1] are selected on object ''

2018-05-21 10:25:37 - [MESSAGE][PASSED] - All options with index in [1] are selected on object ''

2018-05-21 10:25:37 - [TEST_STEP][PASSED] - Statement - batch = new com.kms.katalon.core.testobject.TestObject(): null

2018-05-21 10:25:37 - [TEST_STEP][PASSED] - Statement - batch = com.kms.katalon.core.webui.keyword.WebUiBuiltInKeywords.modifyObjectProperty(batch, "xpath", "equals", "//*[@id = "txtbthqty" + row + ""]", true): Modify property of object successfully

2018-05-21 10:25:37 - [MESSAGE][PASSED] - Modify property of object successfully

2018-05-21 10:25:37 - [TEST_STEP][PASSED] - Statement - batchqty = com.kms.katalon.core.webui.keyword.WebUiBuiltInKeywords.getAttribute(batch, "value").trim(): Attribute 'value' of object '' is: '49500'

2018-05-21 10:25:37 - [MESSAGE][PASSED] - Attribute 'value' of object '' is: '49500'

2018-05-21 10:25:37 - [TEST_STEP][PASSED] - Statement - Rqty = 100: null

2018-05-21 10:25:37 - [TEST_STEP][PASSED] - delay: Delayed 2 second(s)

2018-05-21 10:25:39 - [MESSAGE][PASSED] - Delayed 2 second(s)

2018-05-21 10:25:39 - [TEST_STEP][PASSED] - Statement - out.println("BatchQty : " + batchqty): null

2018-05-21 10:25:39 - [TEST_STEP][PASSED] - Statement - out.println("RQty : " + Rqty): null

2018-05-21 10:25:39 - [TEST_STEP][PASSED] - Statement - If (java.lang.Integer.valueOf(batchqty) >= java.lang.Integer.valueOf(Rqty)): null

2018-05-21 10:25:39 - [TEST_STEP][PASSED] - Statement - Break: null

2018-05-21 10:25:39 - [TEST_STEP][PASSED] - Statement - batchlength = new com.kms.katalon.core.testobject.TestObject(): null

2018-05-21 10:25:39 - [TEST_STEP][PASSED] - Statement - batchlength = com.kms.katalon.core.webui.keyword.WebUiBuiltInKeywords.modifyObjectProperty(batchlength, "xpath", "equals", "//*[@id = "fldvendor" + row + ""]", true): Modify property of object successfully

2018-05-21 10:25:39 - [MESSAGE][PASSED] - Modify property of object successfully

2018-05-21 10:25:39 - [TEST_STEP][PASSED] - Statement - batchsize = com.kms.katalon.core.webui.keyword.WebUiBuiltInKeywords.getNumberOfTotalOption(batchlength): 6 options of object '' counted

2018-05-21 10:25:39 - [MESSAGE][PASSED] - 6 options of object '' counted

2018-05-21 10:25:39 - [TEST_STEP][PASSED] - Statement - out.println("BatchSize : " + batchsize): null

2018-05-21 10:25:39 - [TEST_STEP][PASSED] - Statement - For ([n = 1, n <= batchsize - 1, (n++)]): null

2018-05-21 10:25:39 - [TEST_STEP][PASSED] - Statement - product = new com.kms.katalon.core.testobject.TestObject(): null

2018-05-21 10:25:39 - [TEST_STEP][PASSED] - Statement - product = com.kms.katalon.core.webui.keyword.WebUiBuiltInKeywords.modifyObjectProperty(product, "xpath", "equals", "//*[@id = "fldvendor" + row + ""]", true): Modify property of object successfully

2018-05-21 10:25:39 - [MESSAGE][PASSED] - Modify property of object successfully

2018-05-21 10:25:39 - [TEST_STEP][PASSED] - selectOptionByIndex: All options with index in [1] are selected on object ''

2018-05-21 10:25:40 - [MESSAGE][PASSED] - All options with index in [1] are selected on object ''

2018-05-21 10:25:40 - [TEST_STEP][PASSED] - Statement - batch = new com.kms.katalon.core.testobject.TestObject(): null

2018-05-21 10:25:40 - [TEST_STEP][PASSED] - Statement - batch = com.kms.katalon.core.webui.keyword.WebUiBuiltInKeywords.modifyObjectProperty(batch, "xpath", "equals", "//*[@id = "txtbthqty" + row + ""]", true): Modify property of object successfully

2018-05-21 10:25:40 - [MESSAGE][PASSED] - Modify property of object successfully

2018-05-21 10:25:40 - [TEST_STEP][PASSED] - Statement - batchqty = com.kms.katalon.core.webui.keyword.WebUiBuiltInKeywords.getAttribute(batch, "value").trim(): Attribute 'value' of object '' is: '4600'

2018-05-21 10:25:40 - [MESSAGE][PASSED] - Attribute 'value' of object '' is: '4600'

2018-05-21 10:25:40 - [TEST_STEP][PASSED] - Statement - Rqty = 100: null

2018-05-21 10:25:40 - [TEST_STEP][PASSED] - delay: Delayed 2 second(s)

2018-05-21 10:25:42 - [MESSAGE][PASSED] - Delayed 2 second(s)

2018-05-21 10:25:42 - [TEST_STEP][PASSED] - Statement - out.println("BatchQty : " + batchqty): null

2018-05-21 10:25:42 - [TEST_STEP][PASSED] - Statement - out.println("RQty : " + Rqty): null

2018-05-21 10:25:42 - [TEST_STEP][PASSED] - Statement - If (java.lang.Integer.valueOf(batchqty) >= java.lang.Integer.valueOf(Rqty)): null

2018-05-21 10:25:42 - [TEST_STEP][PASSED] - Statement - Break: null

2018-05-21 10:25:42 - [TEST_STEP][PASSED] - Statement - batchlength = new com.kms.katalon.core.testobject.TestObject(): null

2018-05-21 10:25:42 - [TEST_STEP][PASSED] - Statement - batchlength = com.kms.katalon.core.webui.keyword.WebUiBuiltInKeywords.modifyObjectProperty(batchlength, "xpath", "equals", "//*[@id = "fldvendor" + row + ""]", true): Modify property of object successfully

2018-05-21 10:25:42 - [MESSAGE][PASSED] - Modify property of object successfully

2018-05-21 10:25:42 - [TEST_STEP][PASSED] - Statement - batchsize = com.kms.katalon.core.webui.keyword.WebUiBuiltInKeywords.getNumberOfTotalOption(batchlength): 6 options of object '' counted

2018-05-21 10:25:42 - [MESSAGE][PASSED] - 6 options of object '' counted

2018-05-21 10:25:42 - [TEST_STEP][PASSED] - Statement - out.println("BatchSize : " + batchsize): null

2018-05-21 10:25:42 - [TEST_STEP][PASSED] - Statement - For ([n = 1, n <= batchsize - 1, (n++)]): null

2018-05-21 10:25:42 - [TEST_STEP][PASSED] - Statement - product = new com.kms.katalon.core.testobject.TestObject(): null

2018-05-21 10:25:42 - [TEST_STEP][PASSED] - Statement - product = com.kms.katalon.core.webui.keyword.WebUiBuiltInKeywords.modifyObjectProperty(product, "xpath", "equals", "//*[@id = "fldvendor" + row + ""]", true): Modify property of object successfully

2018-05-21 10:25:42 - [MESSAGE][PASSED] - Modify property of object successfully

2018-05-21 10:25:42 - [TEST_STEP][PASSED] - selectOptionByIndex: All options with index in [1] are selected on object ''

2018-05-21 10:25:42 - [MESSAGE][PASSED] - All options with index in [1] are selected on object ''

2018-05-21 10:25:42 - [TEST_STEP][PASSED] - Statement - batch = new com.kms.katalon.core.testobject.TestObject(): null

2018-05-21 10:25:42 - [TEST_STEP][PASSED] - Statement - batch = com.kms.katalon.core.webui.keyword.WebUiBuiltInKeywords.modifyObjectProperty(batch, "xpath", "equals", "//*[@id = "txtbthqty" + row + ""]", true): Modify property of object successfully

2018-05-21 10:25:42 - [MESSAGE][PASSED] - Modify property of object successfully

2018-05-21 10:25:42 - [TEST_STEP][PASSED] - Statement - batchqty = com.kms.katalon.core.webui.keyword.WebUiBuiltInKeywords.getAttribute(batch, "value").trim(): Attribute 'value' of object '' is: '4600'

2018-05-21 10:25:42 - [MESSAGE][PASSED] - Attribute 'value' of object '' is: '4600'

2018-05-21 10:25:42 - [TEST_STEP][PASSED] - Statement - Rqty = 100: null

2018-05-21 10:25:42 - [TEST_STEP][PASSED] - delay: Delayed 2 second(s)

2018-05-21 10:25:44 - [MESSAGE][PASSED] - Delayed 2 second(s)

2018-05-21 10:25:44 - [TEST_STEP][PASSED] - Statement - out.println("BatchQty : " + batchqty): null

2018-05-21 10:25:44 - [TEST_STEP][PASSED] - Statement - out.println("RQty : " + Rqty): null

2018-05-21 10:25:44 - [TEST_STEP][PASSED] - Statement - If (java.lang.Integer.valueOf(batchqty) >= java.lang.Integer.valueOf(Rqty)): null

2018-05-21 10:25:44 - [TEST_STEP][PASSED] - Statement - Break: null

2018-05-21 10:25:44 - [TEST_STEP][PASSED] - Statement - batchlength = new com.kms.katalon.core.testobject.TestObject(): null

2018-05-21 10:25:44 - [TEST_STEP][PASSED] - Statement - batchlength = com.kms.katalon.core.webui.keyword.WebUiBuiltInKeywords.modifyObjectProperty(batchlength, "xpath", "equals", "//*[@id = "fldvendor" + row + ""]", true): Modify property of object successfully

2018-05-21 10:25:44 - [MESSAGE][PASSED] - Modify property of object successfully

2018-05-21 10:25:44 - [TEST_STEP][PASSED] - Statement - batchsize = com.kms.katalon.core.webui.keyword.WebUiBuiltInKeywords.getNumberOfTotalOption(batchlength): 6 options of object '' counted

2018-05-21 10:25:44 - [MESSAGE][PASSED] - 6 options of object '' counted

2018-05-21 10:25:44 - [TEST_STEP][PASSED] - Statement - out.println("BatchSize : " + batchsize): null

2018-05-21 10:25:44 - [TEST_STEP][PASSED] - Statement - For ([n = 1, n <= batchsize - 1, (n++)]): null

2018-05-21 10:25:44 - [TEST_STEP][PASSED] - Statement - product = new com.kms.katalon.core.testobject.TestObject(): null

2018-05-21 10:25:44 - [TEST_STEP][PASSED] - Statement - product = com.kms.katalon.core.webui.keyword.WebUiBuiltInKeywords.modifyObjectProperty(product, "xpath", "equals", "//*[@id = "fldvendor" + row + ""]", true): Modify property of object successfully

2018-05-21 10:25:44 - [MESSAGE][PASSED] - Modify property of object successfully

2018-05-21 10:25:44 - [TEST_STEP][PASSED] - selectOptionByIndex: All options with index in [1] are selected on object ''

2018-05-21 10:25:44 - [MESSAGE][PASSED] - All options with index in [1] are selected on object ''

2018-05-21 10:25:44 - [TEST_STEP][PASSED] - Statement - batch = new com.kms.katalon.core.testobject.TestObject(): null

2018-05-21 10:25:44 - [TEST_STEP][PASSED] - Statement - batch = com.kms.katalon.core.webui.keyword.WebUiBuiltInKeywords.modifyObjectProperty(batch, "xpath", "equals", "//*[@id = "txtbthqty" + row + ""]", true): Modify property of object successfully

2018-05-21 10:25:44 - [MESSAGE][PASSED] - Modify property of object successfully

2018-05-21 10:25:44 - [TEST_STEP][PASSED] - Statement - batchqty = com.kms.katalon.core.webui.keyword.WebUiBuiltInKeywords.getAttribute(batch, "value").trim(): Attribute 'value' of object '' is: '49500'

2018-05-21 10:25:44 - [MESSAGE][PASSED] - Attribute 'value' of object '' is: '49500'

2018-05-21 10:25:44 - [TEST_STEP][PASSED] - Statement - Rqty = 100: null

2018-05-21 10:25:44 - [TEST_STEP][PASSED] - delay: Delayed 2 second(s)

2018-05-21 10:25:46 - [MESSAGE][PASSED] - Delayed 2 second(s)

2018-05-21 10:25:46 - [TEST_STEP][PASSED] - Statement - out.println("BatchQty : " + batchqty): null

2018-05-21 10:25:46 - [TEST_STEP][PASSED] - Statement - out.println("RQty : " + Rqty): null

2018-05-21 10:25:46 - [TEST_STEP][PASSED] - Statement - If (java.lang.Integer.valueOf(batchqty) >= java.lang.Integer.valueOf(Rqty)): null

2018-05-21 10:25:46 - [TEST_STEP][PASSED] - Statement - Break: null

2018-05-21 10:25:46 - [TEST_STEP][PASSED] - Statement - batchlength = new com.kms.katalon.core.testobject.TestObject(): null

2018-05-21 10:25:46 - [TEST_STEP][PASSED] - Statement - batchlength = com.kms.katalon.core.webui.keyword.WebUiBuiltInKeywords.modifyObjectProperty(batchlength, "xpath", "equals", "//*[@id = "fldvendor" + row + ""]", true): Modify property of object successfully

2018-05-21 10:25:46 - [MESSAGE][PASSED] - Modify property of object successfully

2018-05-21 10:25:46 - [TEST_STEP][PASSED] - Statement - batchsize = com.kms.katalon.core.webui.keyword.WebUiBuiltInKeywords.getNumberOfTotalOption(batchlength): 6 options of object '' counted

2018-05-21 10:25:46 - [MESSAGE][PASSED] - 6 options of object '' counted

2018-05-21 10:25:46 - [TEST_STEP][PASSED] - Statement - out.println("BatchSize : " + batchsize): null

2018-05-21 10:25:46 - [TEST_STEP][PASSED] - Statement - For ([n = 1, n <= batchsize - 1, (n++)]): null

2018-05-21 10:25:46 - [TEST_STEP][PASSED] - Statement - product = new com.kms.katalon.core.testobject.TestObject(): null

2018-05-21 10:25:46 - [TEST_STEP][PASSED] - Statement - product = com.kms.katalon.core.webui.keyword.WebUiBuiltInKeywords.modifyObjectProperty(product, "xpath", "equals", "//*[@id = "fldvendor" + row + ""]", true): Modify property of object successfully

2018-05-21 10:25:46 - [MESSAGE][PASSED] - Modify property of object successfully

2018-05-21 10:25:46 - [TEST_STEP][PASSED] - selectOptionByIndex: All options with index in [1] are selected on object ''

2018-05-21 10:25:46 - [MESSAGE][PASSED] - All options with index in [1] are selected on object ''

2018-05-21 10:25:46 - [TEST_STEP][PASSED] - Statement - batch = new com.kms.katalon.core.testobject.TestObject(): null

2018-05-21 10:25:46 - [TEST_STEP][PASSED] - Statement - batch = com.kms.katalon.core.webui.keyword.WebUiBuiltInKeywords.modifyObjectProperty(batch, "xpath", "equals", "//*[@id = "txtbthqty" + row + ""]", true): Modify property of object successfully

2018-05-21 10:25:46 - [MESSAGE][PASSED] - Modify property of object successfully

2018-05-21 10:25:46 - [TEST_STEP][PASSED] - Statement - batchqty = com.kms.katalon.core.webui.keyword.WebUiBuiltInKeywords.getAttribute(batch, "value").trim(): Attribute 'value' of object '' is: '3600'

2018-05-21 10:25:46 - [MESSAGE][PASSED] - Attribute 'value' of object '' is: '3600'

2018-05-21 10:25:46 - [TEST_STEP][PASSED] - Statement - Rqty = 100: null

2018-05-21 10:25:46 - [TEST_STEP][PASSED] - delay: Delayed 2 second(s)

2018-05-21 10:25:48 - [MESSAGE][PASSED] - Delayed 2 second(s)

2018-05-21 10:25:48 - [TEST_STEP][PASSED] - Statement - out.println("BatchQty : " + batchqty): null

2018-05-21 10:25:48 - [TEST_STEP][PASSED] - Statement - out.println("RQty : " + Rqty): null

2018-05-21 10:25:48 - [TEST_STEP][PASSED] - Statement - If (java.lang.Integer.valueOf(batchqty) >= java.lang.Integer.valueOf(Rqty)): null

2018-05-21 10:25:48 - [TEST_STEP][PASSED] - Statement - Break: null

2018-05-21 10:25:48 - [TEST_STEP][PASSED] - Statement - batchlength = new com.kms.katalon.core.testobject.TestObject(): null

2018-05-21 10:25:48 - [TEST_STEP][PASSED] - Statement - batchlength = com.kms.katalon.core.webui.keyword.WebUiBuiltInKeywords.modifyObjectProperty(batchlength, "xpath", "equals", "//*[@id = "fldvendor" + row + ""]", true): Modify property of object successfully

2018-05-21 10:25:48 - [MESSAGE][PASSED] - Modify property of object successfully

2018-05-21 10:25:48 - [TEST_STEP][PASSED] - Statement - batchsize = com.kms.katalon.core.webui.keyword.WebUiBuiltInKeywords.getNumberOfTotalOption(batchlength): 6 options of object '' counted

2018-05-21 10:25:49 - [MESSAGE][PASSED] - 6 options of object '' counted

2018-05-21 10:25:49 - [TEST_STEP][PASSED] - Statement - out.println("BatchSize : " + batchsize): null

2018-05-21 10:25:49 - [TEST_STEP][PASSED] - Statement - For ([n = 1, n <= batchsize - 1, (n++)]): null

2018-05-21 10:25:49 - [TEST_STEP][PASSED] - Statement - product = new com.kms.katalon.core.testobject.TestObject(): null

2018-05-21 10:25:49 - [TEST_STEP][PASSED] - Statement - product = com.kms.katalon.core.webui.keyword.WebUiBuiltInKeywords.modifyObjectProperty(product, "xpath", "equals", "//*[@id = "fldvendor" + row + ""]", true): Modify property of object successfully

2018-05-21 10:25:49 - [MESSAGE][PASSED] - Modify property of object successfully

2018-05-21 10:25:49 - [TEST_STEP][PASSED] - selectOptionByIndex: All options with index in [1] are selected on object ''

2018-05-21 10:25:49 - [MESSAGE][PASSED] - All options with index in [1] are selected on object ''

2018-05-21 10:25:49 - [TEST_STEP][PASSED] - Statement - batch = new com.kms.katalon.core.testobject.TestObject(): null

2018-05-21 10:25:49 - [TEST_STEP][PASSED] - Statement - batch = com.kms.katalon.core.webui.keyword.WebUiBuiltInKeywords.modifyObjectProperty(batch, "xpath", "equals", "//*[@id = "txtbthqty" + row + ""]", true): Modify property of object successfully

2018-05-21 10:25:49 - [MESSAGE][PASSED] - Modify property of object successfully

2018-05-21 10:25:49 - [TEST_STEP][PASSED] - Statement - batchqty = com.kms.katalon.core.webui.keyword.WebUiBuiltInKeywords.getAttribute(batch, "value").trim(): Attribute 'value' of object '' is: '3600'

2018-05-21 10:25:49 - [MESSAGE][PASSED] - Attribute 'value' of object '' is: '3600'

2018-05-21 10:25:49 - [TEST_STEP][PASSED] - Statement - Rqty = 100: null

2018-05-21 10:25:49 - [TEST_STEP][PASSED] - delay: Delayed 2 second(s)

2018-05-21 10:25:51 - [MESSAGE][PASSED] - Delayed 2 second(s)

2018-05-21 10:25:51 - [TEST_STEP][PASSED] - Statement - out.println("BatchQty : " + batchqty): null

2018-05-21 10:25:51 - [TEST_STEP][PASSED] - Statement - out.println("RQty : " + Rqty): null

2018-05-21 10:25:51 - [TEST_STEP][PASSED] - Statement - If (java.lang.Integer.valueOf(batchqty) >= java.lang.Integer.valueOf(Rqty)): null

2018-05-21 10:25:51 - [TEST_STEP][PASSED] - Statement - Break: null

2018-05-21 10:25:51 - [TEST_STEP][PASSED] - Statement - batchlength = new com.kms.katalon.core.testobject.TestObject(): null

2018-05-21 10:25:51 - [TEST_STEP][PASSED] - Statement - batchlength = com.kms.katalon.core.webui.keyword.WebUiBuiltInKeywords.modifyObjectProperty(batchlength, "xpath", "equals", "//*[@id = "fldvendor" + row + ""]", true): Modify property of object successfully

2018-05-21 10:25:51 - [MESSAGE][PASSED] - Modify property of object successfully

2018-05-21 10:25:51 - [TEST_STEP][PASSED] - Statement - batchsize = com.kms.katalon.core.webui.keyword.WebUiBuiltInKeywords.getNumberOfTotalOption(batchlength): 6 options of object '' counted

2018-05-21 10:25:51 - [MESSAGE][PASSED] - 6 options of object '' counted

2018-05-21 10:25:51 - [TEST_STEP][PASSED] - Statement - out.println("BatchSize : " + batchsize): null

2018-05-21 10:25:51 - [TEST_STEP][PASSED] - Statement - For ([n = 1, n <= batchsize - 1, (n++)]): null

2018-05-21 10:25:51 - [TEST_STEP][PASSED] - Statement - product = new com.kms.katalon.core.testobject.TestObject(): null

2018-05-21 10:25:51 - [TEST_STEP][PASSED] - Statement - product = com.kms.katalon.core.webui.keyword.WebUiBuiltInKeywords.modifyObjectProperty(product, "xpath", "equals", "//*[@id = "fldvendor" + row + ""]", true): Modify property of object successfully

2018-05-21 10:25:51 - [MESSAGE][PASSED] - Modify property of object successfully

2018-05-21 10:25:51 - [TEST_STEP][PASSED] - selectOptionByIndex: All options with index in [1] are selected on object ''

2018-05-21 10:25:51 - [MESSAGE][PASSED] - All options with index in [1] are selected on object ''

2018-05-21 10:25:51 - [TEST_STEP][PASSED] - Statement - batch = new com.kms.katalon.core.testobject.TestObject(): null

2018-05-21 10:25:51 - [TEST_STEP][PASSED] - Statement - batch = com.kms.katalon.core.webui.keyword.WebUiBuiltInKeywords.modifyObjectProperty(batch, "xpath", "equals", "//*[@id = "txtbthqty" + row + ""]", true): Modify property of object successfully

2018-05-21 10:25:51 - [MESSAGE][PASSED] - Modify property of object successfully

2018-05-21 10:25:51 - [TEST_STEP][PASSED] - Statement - batchqty = com.kms.katalon.core.webui.keyword.WebUiBuiltInKeywords.getAttribute(batch, "value").trim(): Attribute 'value' of object '' is: '49500'

2018-05-21 10:25:51 - [MESSAGE][PASSED] - Attribute 'value' of object '' is: '49500'

2018-05-21 10:25:51 - [TEST_STEP][PASSED] - Statement - Rqty = 100: null

2018-05-21 10:25:51 - [TEST_STEP][PASSED] - delay: Delayed 2 second(s)

2018-05-21 10:25:53 - [MESSAGE][PASSED] - Delayed 2 second(s)

2018-05-21 10:25:53 - [TEST_STEP][PASSED] - Statement - out.println("BatchQty : " + batchqty): null

2018-05-21 10:25:53 - [TEST_STEP][PASSED] - Statement - out.println("RQty : " + Rqty): null

2018-05-21 10:25:53 - [TEST_STEP][PASSED] - Statement - If (java.lang.Integer.valueOf(batchqty) >= java.lang.Integer.valueOf(Rqty)): null

2018-05-21 10:25:53 - [TEST_STEP][PASSED] - Statement - Break: null

2018-05-21 10:25:53 - [TEST_STEP][PASSED] - Statement - batchlength = new com.kms.katalon.core.testobject.TestObject(): null

2018-05-21 10:25:53 - [TEST_STEP][PASSED] - Statement - batchlength = com.kms.katalon.core.webui.keyword.WebUiBuiltInKeywords.modifyObjectProperty(batchlength, "xpath", "equals", "//*[@id = "fldvendor" + row + ""]", true): Modify property of object successfully

2018-05-21 10:25:53 - [MESSAGE][PASSED] - Modify property of object successfully

2018-05-21 10:25:53 - [TEST_STEP][PASSED] - Statement - batchsize = com.kms.katalon.core.webui.keyword.WebUiBuiltInKeywords.getNumberOfTotalOption(batchlength): 6 options of object '' counted

2018-05-21 10:25:53 - [MESSAGE][PASSED] - 6 options of object '' counted

2018-05-21 10:25:53 - [TEST_STEP][PASSED] - Statement - out.println("BatchSize : " + batchsize): null

2018-05-21 10:25:53 - [TEST_STEP][PASSED] - Statement - For ([n = 1, n <= batchsize - 1, (n++)]): null

2018-05-21 10:25:53 - [TEST_STEP][PASSED] - Statement - product = new com.kms.katalon.core.testobject.TestObject(): null

2018-05-21 10:25:53 - [TEST_STEP][PASSED] - Statement - product = com.kms.katalon.core.webui.keyword.WebUiBuiltInKeywords.modifyObjectProperty(product, "xpath", "equals", "//*[@id = "fldvendor" + row + ""]", true): Modify property of object successfully

2018-05-21 10:25:53 - [MESSAGE][PASSED] - Modify property of object successfully

2018-05-21 10:25:53 - [TEST_STEP][PASSED] - selectOptionByIndex: All options with index in [1] are selected on object ''

2018-05-21 10:25:53 - [MESSAGE][PASSED] - All options with index in [1] are selected on object ''

2018-05-21 10:25:53 - [TEST_STEP][PASSED] - Statement - batch = new com.kms.katalon.core.testobject.TestObject(): null

2018-05-21 10:25:53 - [TEST_STEP][PASSED] - Statement - batch = com.kms.katalon.core.webui.keyword.WebUiBuiltInKeywords.modifyObjectProperty(batch, "xpath", "equals", "//*[@id = "txtbthqty" + row + ""]", true): Modify property of object successfully

2018-05-21 10:25:53 - [MESSAGE][PASSED] - Modify property of object successfully

2018-05-21 10:25:53 - [TEST_STEP][PASSED] - Statement - batchqty = com.kms.katalon.core.webui.keyword.WebUiBuiltInKeywords.getAttribute(batch, "value").trim(): Attribute 'value' of object '' is: '49500'

2018-05-21 10:25:53 - [MESSAGE][PASSED] - Attribute 'value' of object '' is: '49500'

2018-05-21 10:25:53 - [TEST_STEP][PASSED] - Statement - Rqty = 100: null

2018-05-21 10:25:53 - [TEST_STEP][PASSED] - delay: Delayed 2 second(s)

2018-05-21 10:25:55 - [MESSAGE][PASSED] - Delayed 2 second(s)

2018-05-21 10:25:55 - [TEST_STEP][PASSED] - Statement - out.println("BatchQty : " + batchqty): null

2018-05-21 10:25:55 - [TEST_STEP][PASSED] - Statement - out.println("RQty : " + Rqty): null

2018-05-21 10:25:55 - [TEST_STEP][PASSED] - Statement - If (java.lang.Integer.valueOf(batchqty) >= java.lang.Integer.valueOf(Rqty)): null

2018-05-21 10:25:55 - [TEST_STEP][PASSED] - Statement - Break: null

2018-05-21 10:25:55 - [TEST_STEP][PASSED] - Statement - batchlength = new com.kms.katalon.core.testobject.TestObject(): null

2018-05-21 10:25:55 - [TEST_STEP][PASSED] - Statement - batchlength = com.kms.katalon.core.webui.keyword.WebUiBuiltInKeywords.modifyObjectProperty(batchlength, "xpath", "equals", "//*[@id = "fldvendor" + row + ""]", true): Modify property of object successfully

2018-05-21 10:25:55 - [MESSAGE][PASSED] - Modify property of object successfully

2018-05-21 10:25:55 - [TEST_STEP][PASSED] - Statement - batchsize = com.kms.katalon.core.webui.keyword.WebUiBuiltInKeywords.getNumberOfTotalOption(batchlength): 6 options of object '' counted

2018-05-21 10:25:55 - [MESSAGE][PASSED] - 6 options of object '' counted

2018-05-21 10:25:55 - [TEST_STEP][PASSED] - Statement - out.println("BatchSize : " + batchsize): null

2018-05-21 10:25:55 - [TEST_STEP][PASSED] - Statement - For ([n = 1, n <= batchsize - 1, (n++)]): null

2018-05-21 10:25:55 - [TEST_STEP][PASSED] - Statement - product = new com.kms.katalon.core.testobject.TestObject(): null

2018-05-21 10:25:55 - [TEST_STEP][PASSED] - Statement - product = com.kms.katalon.core.webui.keyword.WebUiBuiltInKeywords.modifyObjectProperty(product, "xpath", "equals", "//*[@id = "fldvendor" + row + ""]", true): Modify property of object successfully

2018-05-21 10:25:55 - [MESSAGE][PASSED] - Modify property of object successfully

2018-05-21 10:25:55 - [TEST_STEP][PASSED] - selectOptionByIndex: All options with index in [1] are selected on object ''

2018-05-21 10:25:55 - [MESSAGE][PASSED] - All options with index in [1] are selected on object ''

2018-05-21 10:25:55 - [TEST_STEP][PASSED] - Statement - batch = new com.kms.katalon.core.testobject.TestObject(): null

2018-05-21 10:25:55 - [TEST_STEP][PASSED] - Statement - batch = com.kms.katalon.core.webui.keyword.WebUiBuiltInKeywords.modifyObjectProperty(batch, "xpath", "equals", "//*[@id = "txtbthqty" + row + ""]", true): Modify property of object successfully

2018-05-21 10:25:55 - [MESSAGE][PASSED] - Modify property of object successfully

2018-05-21 10:25:55 - [TEST_STEP][PASSED] - Statement - batchqty = com.kms.katalon.core.webui.keyword.WebUiBuiltInKeywords.getAttribute(batch, "value").trim(): Attribute 'value' of object '' is: '4600'

2018-05-21 10:25:55 - [MESSAGE][PASSED] - Attribute 'value' of object '' is: '4600'

2018-05-21 10:25:55 - [TEST_STEP][PASSED] - Statement - Rqty = 100: null

2018-05-21 10:25:55 - [TEST_STEP][PASSED] - delay: Delayed 2 second(s)

2018-05-21 10:25:57 - [MESSAGE][PASSED] - Delayed 2 second(s)

2018-05-21 10:25:57 - [TEST_STEP][PASSED] - Statement - out.println("BatchQty : " + batchqty): null

2018-05-21 10:25:57 - [TEST_STEP][PASSED] - Statement - out.println("RQty : " + Rqty): null

2018-05-21 10:25:57 - [TEST_STEP][PASSED] - Statement - If (java.lang.Integer.valueOf(batchqty) >= java.lang.Integer.valueOf(Rqty)): null

2018-05-21 10:25:57 - [TEST_STEP][PASSED] - Statement - Break: null

2018-05-21 10:25:57 - [TEST_STEP][PASSED] - Statement - batchlength = new com.kms.katalon.core.testobject.TestObject(): null

2018-05-21 10:25:57 - [TEST_STEP][PASSED] - Statement - batchlength = com.kms.katalon.core.webui.keyword.WebUiBuiltInKeywords.modifyObjectProperty(batchlength, "xpath", "equals", "//*[@id = "fldvendor" + row + ""]", true): Modify property of object successfully

2018-05-21 10:25:57 - [MESSAGE][PASSED] - Modify property of object successfully

2018-05-21 10:25:57 - [TEST_STEP][PASSED] - Statement - batchsize = com.kms.katalon.core.webui.keyword.WebUiBuiltInKeywords.getNumberOfTotalOption(batchlength): 6 options of object '' counted

2018-05-21 10:25:58 - [MESSAGE][PASSED] - 6 options of object '' counted

2018-05-21 10:25:58 - [TEST_STEP][PASSED] - Statement - out.println("BatchSize : " + batchsize): null

2018-05-21 10:25:58 - [TEST_STEP][PASSED] - Statement - For ([n = 1, n <= batchsize - 1, (n++)]): null

2018-05-21 10:25:58 - [TEST_STEP][PASSED] - Statement - product = new com.kms.katalon.core.testobject.TestObject(): null

2018-05-21 10:25:58 - [TEST_STEP][PASSED] - Statement - product = com.kms.katalon.core.webui.keyword.WebUiBuiltInKeywords.modifyObjectProperty(product, "xpath", "equals", "//*[@id = "fldvendor" + row + ""]", true): Modify property of object successfully

2018-05-21 10:25:58 - [MESSAGE][PASSED] - Modify property of object successfully

2018-05-21 10:25:58 - [TEST_STEP][PASSED] - selectOptionByIndex: All options with index in [1] are selected on object ''

2018-05-21 10:25:58 - [MESSAGE][PASSED] - All options with index in [1] are selected on object ''

2018-05-21 10:25:58 - [TEST_STEP][PASSED] - Statement - batch = new com.kms.katalon.core.testobject.TestObject(): null

2018-05-21 10:25:58 - [TEST_STEP][PASSED] - Statement - batch = com.kms.katalon.core.webui.keyword.WebUiBuiltInKeywords.modifyObjectProperty(batch, "xpath", "equals", "//*[@id = "txtbthqty" + row + ""]", true): Modify property of object successfully

2018-05-21 10:25:58 - [MESSAGE][PASSED] - Modify property of object successfully

2018-05-21 10:25:58 - [TEST_STEP][PASSED] - Statement - batchqty = com.kms.katalon.core.webui.keyword.WebUiBuiltInKeywords.getAttribute(batch, "value").trim(): Attribute 'value' of object '' is: '49500'

2018-05-21 10:25:58 - [MESSAGE][PASSED] - Attribute 'value' of object '' is: '49500'

2018-05-21 10:25:58 - [TEST_STEP][PASSED] - Statement - Rqty = 100: null

2018-05-21 10:25:58 - [TEST_STEP][PASSED] - delay: Delayed 2 second(s)

2018-05-21 10:26:00 - [MESSAGE][PASSED] - Delayed 2 second(s)

2018-05-21 10:26:00 - [TEST_STEP][PASSED] - Statement - out.println("BatchQty : " + batchqty): null

2018-05-21 10:26:00 - [TEST_STEP][PASSED] - Statement - out.println("RQty : " + Rqty): null

2018-05-21 10:26:00 - [TEST_STEP][PASSED] - Statement - If (java.lang.Integer.valueOf(batchqty) >= java.lang.Integer.valueOf(Rqty)): null

2018-05-21 10:26:00 - [TEST_STEP][PASSED] - Statement - Break: null

2018-05-21 10:26:00 - [TEST_STEP][PASSED] - Statement - batchlength = new com.kms.katalon.core.testobject.TestObject(): null

2018-05-21 10:26:00 - [TEST_STEP][PASSED] - Statement - batchlength = com.kms.katalon.core.webui.keyword.WebUiBuiltInKeywords.modifyObjectProperty(batchlength, "xpath", "equals", "//*[@id = "fldvendor" + row + ""]", true): Modify property of object successfully

2018-05-21 10:26:00 - [MESSAGE][PASSED] - Modify property of object successfully

2018-05-21 10:26:00 - [TEST_STEP][PASSED] - Statement - batchsize = com.kms.katalon.core.webui.keyword.WebUiBuiltInKeywords.getNumberOfTotalOption(batchlength): 6 options of object '' counted

2018-05-21 10:26:00 - [MESSAGE][PASSED] - 6 options of object '' counted

2018-05-21 10:26:00 - [TEST_STEP][PASSED] - Statement - out.println("BatchSize : " + batchsize): null

2018-05-21 10:26:00 - [TEST_STEP][PASSED] - Statement - For ([n = 1, n <= batchsize - 1, (n++)]): null

2018-05-21 10:26:00 - [TEST_STEP][PASSED] - Statement - product = new com.kms.katalon.core.testobject.TestObject(): null

2018-05-21 10:26:00 - [TEST_STEP][PASSED] - Statement - product = com.kms.katalon.core.webui.keyword.WebUiBuiltInKeywords.modifyObjectProperty(product, "xpath", "equals", "//*[@id = "fldvendor" + row + ""]", true): Modify property of object successfully

2018-05-21 10:26:00 - [MESSAGE][PASSED] - Modify property of object successfully

2018-05-21 10:26:00 - [TEST_STEP][PASSED] - selectOptionByIndex: All options with index in [1] are selected on object ''

2018-05-21 10:26:00 - [MESSAGE][PASSED] - All options with index in [1] are selected on object ''

2018-05-21 10:26:00 - [TEST_STEP][PASSED] - Statement - batch = new com.kms.katalon.core.testobject.TestObject(): null

2018-05-21 10:26:00 - [TEST_STEP][PASSED] - Statement - batch = com.kms.katalon.core.webui.keyword.WebUiBuiltInKeywords.modifyObjectProperty(batch, "xpath", "equals", "//*[@id = "txtbthqty" + row + ""]", true): Modify property of object successfully

2018-05-21 10:26:00 - [MESSAGE][PASSED] - Modify property of object successfully

2018-05-21 10:26:00 - [TEST_STEP][PASSED] - Statement - batchqty = com.kms.katalon.core.webui.keyword.WebUiBuiltInKeywords.getAttribute(batch, "value").trim(): Attribute 'value' of object '' is: '4600'

2018-05-21 10:26:00 - [MESSAGE][PASSED] - Attribute 'value' of object '' is: '4600'

2018-05-21 10:26:00 - [TEST_STEP][PASSED] - Statement - Rqty = 100: null

2018-05-21 10:26:00 - [TEST_STEP][PASSED] - delay: Delayed 2 second(s)

2018-05-21 10:26:02 - [MESSAGE][PASSED] - Delayed 2 second(s)

2018-05-21 10:26:02 - [TEST_STEP][PASSED] - Statement - out.println("BatchQty : " + batchqty): null

2018-05-21 10:26:02 - [TEST_STEP][PASSED] - Statement - out.println("RQty : " + Rqty): null

2018-05-21 10:26:02 - [TEST_STEP][PASSED] - Statement - If (java.lang.Integer.valueOf(batchqty) >= java.lang.Integer.valueOf(Rqty)): null

2018-05-21 10:26:02 - [TEST_STEP][PASSED] - Statement - Break: null

2018-05-21 10:26:02 - [TEST_STEP][PASSED] - Statement - batchlength = new com.kms.katalon.core.testobject.TestObject(): null

2018-05-21 10:26:02 - [TEST_STEP][PASSED] - Statement - batchlength = com.kms.katalon.core.webui.keyword.WebUiBuiltInKeywords.modifyObjectProperty(batchlength, "xpath", "equals", "//*[@id = "fldvendor" + row + ""]", true): Modify property of object successfully

2018-05-21 10:26:02 - [MESSAGE][PASSED] - Modify property of object successfully

2018-05-21 10:26:02 - [TEST_STEP][PASSED] - Statement - batchsize = com.kms.katalon.core.webui.keyword.WebUiBuiltInKeywords.getNumberOfTotalOption(batchlength): 6 options of object '' counted

2018-05-21 10:26:02 - [MESSAGE][PASSED] - 6 options of object '' counted

2018-05-21 10:26:02 - [TEST_STEP][PASSED] - Statement - out.println("BatchSize : " + batchsize): null

2018-05-21 10:26:02 - [TEST_STEP][PASSED] - Statement - For ([n = 1, n <= batchsize - 1, (n++)]): null

2018-05-21 10:26:02 - [TEST_STEP][PASSED] - Statement - product = new com.kms.katalon.core.testobject.TestObject(): null

2018-05-21 10:26:02 - [TEST_STEP][PASSED] - Statement - product = com.kms.katalon.core.webui.keyword.WebUiBuiltInKeywords.modifyObjectProperty(product, "xpath", "equals", "//*[@id = "fldvendor" + row + ""]", true): Modify property of object successfully

2018-05-21 10:26:02 - [MESSAGE][PASSED] - Modify property of object successfully

2018-05-21 10:26:02 - [TEST_STEP][PASSED] - selectOptionByIndex: All options with index in [1] are selected on object ''

2018-05-21 10:26:02 - [MESSAGE][PASSED] - All options with index in [1] are selected on object ''

2018-05-21 10:26:02 - [TEST_STEP][PASSED] - Statement - batch = new com.kms.katalon.core.testobject.TestObject(): null

2018-05-21 10:26:02 - [TEST_STEP][PASSED] - Statement - batch = com.kms.katalon.core.webui.keyword.WebUiBuiltInKeywords.modifyObjectProperty(batch, "xpath", "equals", "//*[@id = "txtbthqty" + row + ""]", true): Modify property of object successfully

2018-05-21 10:26:02 - [MESSAGE][PASSED] - Modify property of object successfully

2018-05-21 10:26:02 - [TEST_STEP][PASSED] - Statement - batchqty = com.kms.katalon.core.webui.keyword.WebUiBuiltInKeywords.getAttribute(batch, "value").trim(): Attribute 'value' of object '' is: ''

2018-05-21 10:26:02 - [MESSAGE][PASSED] - Attribute 'value' of object '' is: ''

2018-05-21 10:26:02 - [TEST_STEP][PASSED] - Statement - Rqty = 100: null

2018-05-21 10:26:02 - [TEST_STEP][PASSED] - delay: Delayed 2 second(s)

2018-05-21 10:26:04 - [MESSAGE][PASSED] - Delayed 2 second(s)

2018-05-21 10:26:04 - [TEST_STEP][PASSED] - Statement - out.println("BatchQty : " + batchqty): null

2018-05-21 10:26:04 - [TEST_STEP][PASSED] - Statement - out.println("RQty : " + Rqty): null

2018-05-21 10:26:04 - [TEST_STEP][PASSED] - Statement - If (java.lang.Integer.valueOf(batchqty) >= java.lang.Integer.valueOf(Rqty)): null]]></system-out>
         <system-err><![CDATA[2018-05-21 10:23:51 - [TEST_CASE][ERROR] - Test Cases/DISPENSARY TEST CASES/TC_DP_022 Verify Schedule 10 Dispensary To CMS Request Are Working Successfully Or Not: Test Cases/DISPENSARY TEST CASES/TC_DP_022 Verify Schedule 10 Dispensary To CMS Request Are Working Successfully Or Not FAILED because (of) java.lang.NumberFormatException: For input string: ""]]></system-err>
      </testcase>
      <testcase name="Test Cases/DISPENSARY TEST CASES/TC_DP_023 Verify Schedule 11 Dispensary To CMS Request Are Working Successfully Or Not" classname="Test Cases/DISPENSARY TEST CASES/TC_DP_023 Verify Schedule 11 Dispensary To CMS Request Are Working Successfully Or Not" status="ERROR">
         <error type="ERROR" message="Test Cases/DISPENSARY TEST CASES/TC_DP_023 Verify Schedule 11 Dispensary To CMS Request Are Working Successfully Or Not FAILED because (of) java.lang.NumberFormatException: For input string: &quot;&quot;"/>
         <system-out><![CDATA[2018-05-21 10:26:04 - [TEST_CASE][ERROR] - Test Cases/DISPENSARY TEST CASES/TC_DP_023 Verify Schedule 11 Dispensary To CMS Request Are Working Successfully Or Not: Test Cases/DISPENSARY TEST CASES/TC_DP_023 Verify Schedule 11 Dispensary To CMS Request Are Working Successfully Or Not FAILED because (of) java.lang.NumberFormatException: For input string: ""

2018-05-21 10:26:04 - [TEST_STEP][PASSED] - openBrowser: Browser is opened with url: ''

2018-05-21 10:26:04 - [MESSAGE][WARNING] - A browser is already opened. Closing browser and opening a new one

2018-05-21 10:26:07 - [MESSAGE][PASSED] - Browser is opened with url: ''

2018-05-21 10:26:07 - [TEST_STEP][PASSED] - navigateToUrl: Navigate to 'http://192.168.137.1/multihospital_new/HDSplashscreen.aspx' successfully

2018-05-21 10:26:13 - [MESSAGE][PASSED] - Navigate to 'http://192.168.137.1/multihospital_new/HDSplashscreen.aspx' successfully

2018-05-21 10:26:13 - [TEST_STEP][PASSED] - maximizeWindow: Current window maximized

2018-05-21 10:26:14 - [MESSAGE][PASSED] - Current window maximized

2018-05-21 10:26:14 - [TEST_STEP][PASSED] - click: Object: 'Object Repository/DispensaryToCms/Page_KDMC/a_Dispensary Store' is clicked on

2018-05-21 10:26:15 - [MESSAGE][PASSED] - Object: 'Object Repository/DispensaryToCms/Page_KDMC/a_Dispensary Store' is clicked on

2018-05-21 10:26:15 - [TEST_STEP][PASSED] - setText: Text 'rajaram' is set on object 'Object Repository/DispensaryToCms/Page_Dispensary Store Login/input_txtusername'

2018-05-21 10:26:15 - [MESSAGE][PASSED] - Text 'rajaram' is set on object 'Object Repository/DispensaryToCms/Page_Dispensary Store Login/input_txtusername'

2018-05-21 10:26:15 - [TEST_STEP][PASSED] - setText: Text '123' is set on object 'Object Repository/DispensaryToCms/Page_Dispensary Store Login/input_txtpassword'

2018-05-21 10:26:15 - [MESSAGE][PASSED] - Text '123' is set on object 'Object Repository/DispensaryToCms/Page_Dispensary Store Login/input_txtpassword'

2018-05-21 10:26:15 - [TEST_STEP][PASSED] - delay: Delayed 3 second(s)

2018-05-21 10:26:18 - [MESSAGE][PASSED] - Delayed 3 second(s)

2018-05-21 10:26:18 - [TEST_STEP][PASSED] - click: Object: 'Object Repository/DispensaryToCms/Page_Dispensary Store Login/button_Sign in' is clicked on

2018-05-21 10:26:19 - [MESSAGE][PASSED] - Object: 'Object Repository/DispensaryToCms/Page_Dispensary Store Login/button_Sign in' is clicked on

2018-05-21 10:26:19 - [TEST_STEP][PASSED] - delay: Delayed 3 second(s)

2018-05-21 10:26:22 - [MESSAGE][PASSED] - Delayed 3 second(s)

2018-05-21 10:26:22 - [TEST_STEP][PASSED] - click: Object: 'Object Repository/DispensaryToCms/Page_Dispensary Store/a_CMS' is clicked on

2018-05-21 10:26:22 - [MESSAGE][PASSED] - Object: 'Object Repository/DispensaryToCms/Page_Dispensary Store/a_CMS' is clicked on

2018-05-21 10:26:22 - [TEST_STEP][PASSED] - click: Object: 'Object Repository/DispensaryToCms/Page_Dispensary Store/a_Request Send' is clicked on

2018-05-21 10:26:23 - [MESSAGE][PASSED] - Object: 'Object Repository/DispensaryToCms/Page_Dispensary Store/a_Request Send' is clicked on

2018-05-21 10:26:23 - [TEST_STEP][PASSED] - delay: Delayed 2 second(s)

2018-05-21 10:26:25 - [MESSAGE][PASSED] - Delayed 2 second(s)

2018-05-21 10:26:25 - [TEST_STEP][PASSED] - selectOptionByIndex: All options with index in [2] are selected on object 'Object Repository/DispensaryToCms/Page_Dispensary Store/select_--Select--'

2018-05-21 10:26:25 - [MESSAGE][PASSED] - All options with index in [2] are selected on object 'Object Repository/DispensaryToCms/Page_Dispensary Store/select_--Select--'

2018-05-21 10:26:25 - [TEST_STEP][PASSED] - selectOptionByIndex: All options with index in [11] are selected on object 'Object Repository/DispensaryToCms/Page_Dispensary Store/select_--Select--Schedule 1Inj'

2018-05-21 10:26:25 - [MESSAGE][PASSED] - All options with index in [11] are selected on object 'Object Repository/DispensaryToCms/Page_Dispensary Store/select_--Select--Schedule 1Inj'

2018-05-21 10:26:25 - [TEST_STEP][PASSED] - Statement - medicineslength = com.kms.katalon.core.webui.keyword.WebUiBuiltInKeywords.getNumberOfTotalOption(com.kms.katalon.core.testobject.ObjectRepository.findTestObject(DispensaryToCms/Page_Dispensary Store/select_--Select--Adernaline 0.)): 81 options of object 'Object Repository/DispensaryToCms/Page_Dispensary Store/select_--Select--Adernaline 0.' counted

2018-05-21 10:26:25 - [MESSAGE][PASSED] - 81 options of object 'Object Repository/DispensaryToCms/Page_Dispensary Store/select_--Select--Adernaline 0.' counted

2018-05-21 10:26:25 - [TEST_STEP][PASSED] - Statement - For ([e = 1, e <= medicineslength - 1, (e++)]): Object: 'Object Repository/DispensaryToCms/Page_Dispensary Store/button_Add' is clicked on

2018-05-21 10:26:25 - [TEST_STEP][PASSED] - selectOptionByIndex: All options with index in [11] are selected on object 'Object Repository/DispensaryToCms/Page_Dispensary Store/select_--Select--Schedule 1Inj'

2018-05-21 10:26:26 - [MESSAGE][PASSED] - All options with index in [11] are selected on object 'Object Repository/DispensaryToCms/Page_Dispensary Store/select_--Select--Schedule 1Inj'

2018-05-21 10:26:26 - [TEST_STEP][PASSED] - selectOptionByIndex: All options with index in [1] are selected on object 'Object Repository/DispensaryToCms/Page_Dispensary Store/select_--Select--Adernaline 0.'

2018-05-21 10:26:26 - [MESSAGE][PASSED] - All options with index in [1] are selected on object 'Object Repository/DispensaryToCms/Page_Dispensary Store/select_--Select--Adernaline 0.'

2018-05-21 10:26:26 - [TEST_STEP][PASSED] - setText: Text '100' is set on object 'Object Repository/DispensaryToCms/Page_Dispensary Store/input_txttreat'

2018-05-21 10:26:26 - [MESSAGE][PASSED] - Text '100' is set on object 'Object Repository/DispensaryToCms/Page_Dispensary Store/input_txttreat'

2018-05-21 10:26:26 - [TEST_STEP][PASSED] - click: Object: 'Object Repository/DispensaryToCms/Page_Dispensary Store/button_Add' is clicked on

2018-05-21 10:26:26 - [MESSAGE][PASSED] - Object: 'Object Repository/DispensaryToCms/Page_Dispensary Store/button_Add' is clicked on

2018-05-21 10:26:26 - [TEST_STEP][PASSED] - selectOptionByIndex: All options with index in [11] are selected on object 'Object Repository/DispensaryToCms/Page_Dispensary Store/select_--Select--Schedule 1Inj'

2018-05-21 10:26:26 - [MESSAGE][PASSED] - All options with index in [11] are selected on object 'Object Repository/DispensaryToCms/Page_Dispensary Store/select_--Select--Schedule 1Inj'

2018-05-21 10:26:26 - [TEST_STEP][PASSED] - selectOptionByIndex: All options with index in [2] are selected on object 'Object Repository/DispensaryToCms/Page_Dispensary Store/select_--Select--Adernaline 0.'

2018-05-21 10:26:26 - [MESSAGE][PASSED] - All options with index in [2] are selected on object 'Object Repository/DispensaryToCms/Page_Dispensary Store/select_--Select--Adernaline 0.'

2018-05-21 10:26:26 - [TEST_STEP][PASSED] - setText: Text '100' is set on object 'Object Repository/DispensaryToCms/Page_Dispensary Store/input_txttreat'

2018-05-21 10:26:26 - [MESSAGE][PASSED] - Text '100' is set on object 'Object Repository/DispensaryToCms/Page_Dispensary Store/input_txttreat'

2018-05-21 10:26:26 - [TEST_STEP][PASSED] - click: Object: 'Object Repository/DispensaryToCms/Page_Dispensary Store/button_Add' is clicked on

2018-05-21 10:26:27 - [MESSAGE][PASSED] - Object: 'Object Repository/DispensaryToCms/Page_Dispensary Store/button_Add' is clicked on

2018-05-21 10:26:27 - [TEST_STEP][PASSED] - selectOptionByIndex: All options with index in [11] are selected on object 'Object Repository/DispensaryToCms/Page_Dispensary Store/select_--Select--Schedule 1Inj'

2018-05-21 10:26:27 - [MESSAGE][PASSED] - All options with index in [11] are selected on object 'Object Repository/DispensaryToCms/Page_Dispensary Store/select_--Select--Schedule 1Inj'

2018-05-21 10:26:27 - [TEST_STEP][PASSED] - selectOptionByIndex: All options with index in [3] are selected on object 'Object Repository/DispensaryToCms/Page_Dispensary Store/select_--Select--Adernaline 0.'

2018-05-21 10:26:27 - [MESSAGE][PASSED] - All options with index in [3] are selected on object 'Object Repository/DispensaryToCms/Page_Dispensary Store/select_--Select--Adernaline 0.'

2018-05-21 10:26:27 - [TEST_STEP][PASSED] - setText: Text '100' is set on object 'Object Repository/DispensaryToCms/Page_Dispensary Store/input_txttreat'

2018-05-21 10:26:27 - [MESSAGE][PASSED] - Text '100' is set on object 'Object Repository/DispensaryToCms/Page_Dispensary Store/input_txttreat'

2018-05-21 10:26:27 - [TEST_STEP][PASSED] - click: Object: 'Object Repository/DispensaryToCms/Page_Dispensary Store/button_Add' is clicked on

2018-05-21 10:26:27 - [MESSAGE][PASSED] - Object: 'Object Repository/DispensaryToCms/Page_Dispensary Store/button_Add' is clicked on

2018-05-21 10:26:27 - [TEST_STEP][PASSED] - selectOptionByIndex: All options with index in [11] are selected on object 'Object Repository/DispensaryToCms/Page_Dispensary Store/select_--Select--Schedule 1Inj'

2018-05-21 10:26:27 - [MESSAGE][PASSED] - All options with index in [11] are selected on object 'Object Repository/DispensaryToCms/Page_Dispensary Store/select_--Select--Schedule 1Inj'

2018-05-21 10:26:27 - [TEST_STEP][PASSED] - selectOptionByIndex: All options with index in [4] are selected on object 'Object Repository/DispensaryToCms/Page_Dispensary Store/select_--Select--Adernaline 0.'

2018-05-21 10:26:27 - [MESSAGE][PASSED] - All options with index in [4] are selected on object 'Object Repository/DispensaryToCms/Page_Dispensary Store/select_--Select--Adernaline 0.'

2018-05-21 10:26:27 - [TEST_STEP][PASSED] - setText: Text '100' is set on object 'Object Repository/DispensaryToCms/Page_Dispensary Store/input_txttreat'

2018-05-21 10:26:28 - [MESSAGE][PASSED] - Text '100' is set on object 'Object Repository/DispensaryToCms/Page_Dispensary Store/input_txttreat'

2018-05-21 10:26:28 - [TEST_STEP][PASSED] - click: Object: 'Object Repository/DispensaryToCms/Page_Dispensary Store/button_Add' is clicked on

2018-05-21 10:26:28 - [MESSAGE][PASSED] - Object: 'Object Repository/DispensaryToCms/Page_Dispensary Store/button_Add' is clicked on

2018-05-21 10:26:28 - [TEST_STEP][PASSED] - selectOptionByIndex: All options with index in [11] are selected on object 'Object Repository/DispensaryToCms/Page_Dispensary Store/select_--Select--Schedule 1Inj'

2018-05-21 10:26:28 - [MESSAGE][PASSED] - All options with index in [11] are selected on object 'Object Repository/DispensaryToCms/Page_Dispensary Store/select_--Select--Schedule 1Inj'

2018-05-21 10:26:28 - [TEST_STEP][PASSED] - selectOptionByIndex: All options with index in [5] are selected on object 'Object Repository/DispensaryToCms/Page_Dispensary Store/select_--Select--Adernaline 0.'

2018-05-21 10:26:28 - [MESSAGE][PASSED] - All options with index in [5] are selected on object 'Object Repository/DispensaryToCms/Page_Dispensary Store/select_--Select--Adernaline 0.'

2018-05-21 10:26:28 - [TEST_STEP][PASSED] - setText: Text '100' is set on object 'Object Repository/DispensaryToCms/Page_Dispensary Store/input_txttreat'

2018-05-21 10:26:28 - [MESSAGE][PASSED] - Text '100' is set on object 'Object Repository/DispensaryToCms/Page_Dispensary Store/input_txttreat'

2018-05-21 10:26:28 - [TEST_STEP][PASSED] - click: Object: 'Object Repository/DispensaryToCms/Page_Dispensary Store/button_Add' is clicked on

2018-05-21 10:26:28 - [MESSAGE][PASSED] - Object: 'Object Repository/DispensaryToCms/Page_Dispensary Store/button_Add' is clicked on

2018-05-21 10:26:28 - [TEST_STEP][PASSED] - selectOptionByIndex: All options with index in [11] are selected on object 'Object Repository/DispensaryToCms/Page_Dispensary Store/select_--Select--Schedule 1Inj'

2018-05-21 10:26:28 - [MESSAGE][PASSED] - All options with index in [11] are selected on object 'Object Repository/DispensaryToCms/Page_Dispensary Store/select_--Select--Schedule 1Inj'

2018-05-21 10:26:28 - [TEST_STEP][PASSED] - selectOptionByIndex: All options with index in [6] are selected on object 'Object Repository/DispensaryToCms/Page_Dispensary Store/select_--Select--Adernaline 0.'

2018-05-21 10:26:29 - [MESSAGE][PASSED] - All options with index in [6] are selected on object 'Object Repository/DispensaryToCms/Page_Dispensary Store/select_--Select--Adernaline 0.'

2018-05-21 10:26:29 - [TEST_STEP][PASSED] - setText: Text '100' is set on object 'Object Repository/DispensaryToCms/Page_Dispensary Store/input_txttreat'

2018-05-21 10:26:29 - [MESSAGE][PASSED] - Text '100' is set on object 'Object Repository/DispensaryToCms/Page_Dispensary Store/input_txttreat'

2018-05-21 10:26:29 - [TEST_STEP][PASSED] - click: Object: 'Object Repository/DispensaryToCms/Page_Dispensary Store/button_Add' is clicked on

2018-05-21 10:26:29 - [MESSAGE][PASSED] - Object: 'Object Repository/DispensaryToCms/Page_Dispensary Store/button_Add' is clicked on

2018-05-21 10:26:29 - [TEST_STEP][PASSED] - selectOptionByIndex: All options with index in [11] are selected on object 'Object Repository/DispensaryToCms/Page_Dispensary Store/select_--Select--Schedule 1Inj'

2018-05-21 10:26:29 - [MESSAGE][PASSED] - All options with index in [11] are selected on object 'Object Repository/DispensaryToCms/Page_Dispensary Store/select_--Select--Schedule 1Inj'

2018-05-21 10:26:29 - [TEST_STEP][PASSED] - selectOptionByIndex: All options with index in [7] are selected on object 'Object Repository/DispensaryToCms/Page_Dispensary Store/select_--Select--Adernaline 0.'

2018-05-21 10:26:29 - [MESSAGE][PASSED] - All options with index in [7] are selected on object 'Object Repository/DispensaryToCms/Page_Dispensary Store/select_--Select--Adernaline 0.'

2018-05-21 10:26:29 - [TEST_STEP][PASSED] - setText: Text '100' is set on object 'Object Repository/DispensaryToCms/Page_Dispensary Store/input_txttreat'

2018-05-21 10:26:29 - [MESSAGE][PASSED] - Text '100' is set on object 'Object Repository/DispensaryToCms/Page_Dispensary Store/input_txttreat'

2018-05-21 10:26:29 - [TEST_STEP][PASSED] - click: Object: 'Object Repository/DispensaryToCms/Page_Dispensary Store/button_Add' is clicked on

2018-05-21 10:26:29 - [MESSAGE][PASSED] - Object: 'Object Repository/DispensaryToCms/Page_Dispensary Store/button_Add' is clicked on

2018-05-21 10:26:29 - [TEST_STEP][PASSED] - selectOptionByIndex: All options with index in [11] are selected on object 'Object Repository/DispensaryToCms/Page_Dispensary Store/select_--Select--Schedule 1Inj'

2018-05-21 10:26:30 - [MESSAGE][PASSED] - All options with index in [11] are selected on object 'Object Repository/DispensaryToCms/Page_Dispensary Store/select_--Select--Schedule 1Inj'

2018-05-21 10:26:30 - [TEST_STEP][PASSED] - selectOptionByIndex: All options with index in [8] are selected on object 'Object Repository/DispensaryToCms/Page_Dispensary Store/select_--Select--Adernaline 0.'

2018-05-21 10:26:30 - [MESSAGE][PASSED] - All options with index in [8] are selected on object 'Object Repository/DispensaryToCms/Page_Dispensary Store/select_--Select--Adernaline 0.'

2018-05-21 10:26:30 - [TEST_STEP][PASSED] - setText: Text '100' is set on object 'Object Repository/DispensaryToCms/Page_Dispensary Store/input_txttreat'

2018-05-21 10:26:30 - [MESSAGE][PASSED] - Text '100' is set on object 'Object Repository/DispensaryToCms/Page_Dispensary Store/input_txttreat'

2018-05-21 10:26:30 - [TEST_STEP][PASSED] - click: Object: 'Object Repository/DispensaryToCms/Page_Dispensary Store/button_Add' is clicked on

2018-05-21 10:26:30 - [MESSAGE][PASSED] - Object: 'Object Repository/DispensaryToCms/Page_Dispensary Store/button_Add' is clicked on

2018-05-21 10:26:30 - [TEST_STEP][PASSED] - selectOptionByIndex: All options with index in [11] are selected on object 'Object Repository/DispensaryToCms/Page_Dispensary Store/select_--Select--Schedule 1Inj'

2018-05-21 10:26:30 - [MESSAGE][PASSED] - All options with index in [11] are selected on object 'Object Repository/DispensaryToCms/Page_Dispensary Store/select_--Select--Schedule 1Inj'

2018-05-21 10:26:30 - [TEST_STEP][PASSED] - selectOptionByIndex: All options with index in [9] are selected on object 'Object Repository/DispensaryToCms/Page_Dispensary Store/select_--Select--Adernaline 0.'

2018-05-21 10:26:30 - [MESSAGE][PASSED] - All options with index in [9] are selected on object 'Object Repository/DispensaryToCms/Page_Dispensary Store/select_--Select--Adernaline 0.'

2018-05-21 10:26:30 - [TEST_STEP][PASSED] - setText: Text '100' is set on object 'Object Repository/DispensaryToCms/Page_Dispensary Store/input_txttreat'

2018-05-21 10:26:30 - [MESSAGE][PASSED] - Text '100' is set on object 'Object Repository/DispensaryToCms/Page_Dispensary Store/input_txttreat'

2018-05-21 10:26:30 - [TEST_STEP][PASSED] - click: Object: 'Object Repository/DispensaryToCms/Page_Dispensary Store/button_Add' is clicked on

2018-05-21 10:26:31 - [MESSAGE][PASSED] - Object: 'Object Repository/DispensaryToCms/Page_Dispensary Store/button_Add' is clicked on

2018-05-21 10:26:31 - [TEST_STEP][PASSED] - selectOptionByIndex: All options with index in [11] are selected on object 'Object Repository/DispensaryToCms/Page_Dispensary Store/select_--Select--Schedule 1Inj'

2018-05-21 10:26:31 - [MESSAGE][PASSED] - All options with index in [11] are selected on object 'Object Repository/DispensaryToCms/Page_Dispensary Store/select_--Select--Schedule 1Inj'

2018-05-21 10:26:31 - [TEST_STEP][PASSED] - selectOptionByIndex: All options with index in [10] are selected on object 'Object Repository/DispensaryToCms/Page_Dispensary Store/select_--Select--Adernaline 0.'

2018-05-21 10:26:31 - [MESSAGE][PASSED] - All options with index in [10] are selected on object 'Object Repository/DispensaryToCms/Page_Dispensary Store/select_--Select--Adernaline 0.'

2018-05-21 10:26:31 - [TEST_STEP][PASSED] - setText: Text '100' is set on object 'Object Repository/DispensaryToCms/Page_Dispensary Store/input_txttreat'

2018-05-21 10:26:31 - [MESSAGE][PASSED] - Text '100' is set on object 'Object Repository/DispensaryToCms/Page_Dispensary Store/input_txttreat'

2018-05-21 10:26:31 - [TEST_STEP][PASSED] - click: Object: 'Object Repository/DispensaryToCms/Page_Dispensary Store/button_Add' is clicked on

2018-05-21 10:26:31 - [MESSAGE][PASSED] - Object: 'Object Repository/DispensaryToCms/Page_Dispensary Store/button_Add' is clicked on

2018-05-21 10:26:31 - [TEST_STEP][PASSED] - selectOptionByIndex: All options with index in [11] are selected on object 'Object Repository/DispensaryToCms/Page_Dispensary Store/select_--Select--Schedule 1Inj'

2018-05-21 10:26:31 - [MESSAGE][PASSED] - All options with index in [11] are selected on object 'Object Repository/DispensaryToCms/Page_Dispensary Store/select_--Select--Schedule 1Inj'

2018-05-21 10:26:31 - [TEST_STEP][PASSED] - selectOptionByIndex: All options with index in [11] are selected on object 'Object Repository/DispensaryToCms/Page_Dispensary Store/select_--Select--Adernaline 0.'

2018-05-21 10:26:32 - [MESSAGE][PASSED] - All options with index in [11] are selected on object 'Object Repository/DispensaryToCms/Page_Dispensary Store/select_--Select--Adernaline 0.'

2018-05-21 10:26:32 - [TEST_STEP][PASSED] - setText: Text '100' is set on object 'Object Repository/DispensaryToCms/Page_Dispensary Store/input_txttreat'

2018-05-21 10:26:32 - [MESSAGE][PASSED] - Text '100' is set on object 'Object Repository/DispensaryToCms/Page_Dispensary Store/input_txttreat'

2018-05-21 10:26:32 - [TEST_STEP][PASSED] - click: Object: 'Object Repository/DispensaryToCms/Page_Dispensary Store/button_Add' is clicked on

2018-05-21 10:26:32 - [MESSAGE][PASSED] - Object: 'Object Repository/DispensaryToCms/Page_Dispensary Store/button_Add' is clicked on

2018-05-21 10:26:32 - [TEST_STEP][PASSED] - selectOptionByIndex: All options with index in [11] are selected on object 'Object Repository/DispensaryToCms/Page_Dispensary Store/select_--Select--Schedule 1Inj'

2018-05-21 10:26:32 - [MESSAGE][PASSED] - All options with index in [11] are selected on object 'Object Repository/DispensaryToCms/Page_Dispensary Store/select_--Select--Schedule 1Inj'

2018-05-21 10:26:32 - [TEST_STEP][PASSED] - selectOptionByIndex: All options with index in [12] are selected on object 'Object Repository/DispensaryToCms/Page_Dispensary Store/select_--Select--Adernaline 0.'

2018-05-21 10:26:32 - [MESSAGE][PASSED] - All options with index in [12] are selected on object 'Object Repository/DispensaryToCms/Page_Dispensary Store/select_--Select--Adernaline 0.'

2018-05-21 10:26:32 - [TEST_STEP][PASSED] - setText: Text '100' is set on object 'Object Repository/DispensaryToCms/Page_Dispensary Store/input_txttreat'

2018-05-21 10:26:32 - [MESSAGE][PASSED] - Text '100' is set on object 'Object Repository/DispensaryToCms/Page_Dispensary Store/input_txttreat'

2018-05-21 10:26:32 - [TEST_STEP][PASSED] - click: Object: 'Object Repository/DispensaryToCms/Page_Dispensary Store/button_Add' is clicked on

2018-05-21 10:26:32 - [MESSAGE][PASSED] - Object: 'Object Repository/DispensaryToCms/Page_Dispensary Store/button_Add' is clicked on

2018-05-21 10:26:32 - [TEST_STEP][PASSED] - selectOptionByIndex: All options with index in [11] are selected on object 'Object Repository/DispensaryToCms/Page_Dispensary Store/select_--Select--Schedule 1Inj'

2018-05-21 10:26:33 - [MESSAGE][PASSED] - All options with index in [11] are selected on object 'Object Repository/DispensaryToCms/Page_Dispensary Store/select_--Select--Schedule 1Inj'

2018-05-21 10:26:33 - [TEST_STEP][PASSED] - selectOptionByIndex: All options with index in [13] are selected on object 'Object Repository/DispensaryToCms/Page_Dispensary Store/select_--Select--Adernaline 0.'

2018-05-21 10:26:33 - [MESSAGE][PASSED] - All options with index in [13] are selected on object 'Object Repository/DispensaryToCms/Page_Dispensary Store/select_--Select--Adernaline 0.'

2018-05-21 10:26:33 - [TEST_STEP][PASSED] - setText: Text '100' is set on object 'Object Repository/DispensaryToCms/Page_Dispensary Store/input_txttreat'

2018-05-21 10:26:33 - [MESSAGE][PASSED] - Text '100' is set on object 'Object Repository/DispensaryToCms/Page_Dispensary Store/input_txttreat'

2018-05-21 10:26:33 - [TEST_STEP][PASSED] - click: Object: 'Object Repository/DispensaryToCms/Page_Dispensary Store/button_Add' is clicked on

2018-05-21 10:26:33 - [MESSAGE][PASSED] - Object: 'Object Repository/DispensaryToCms/Page_Dispensary Store/button_Add' is clicked on

2018-05-21 10:26:33 - [TEST_STEP][PASSED] - selectOptionByIndex: All options with index in [11] are selected on object 'Object Repository/DispensaryToCms/Page_Dispensary Store/select_--Select--Schedule 1Inj'

2018-05-21 10:26:33 - [MESSAGE][PASSED] - All options with index in [11] are selected on object 'Object Repository/DispensaryToCms/Page_Dispensary Store/select_--Select--Schedule 1Inj'

2018-05-21 10:26:33 - [TEST_STEP][PASSED] - selectOptionByIndex: All options with index in [14] are selected on object 'Object Repository/DispensaryToCms/Page_Dispensary Store/select_--Select--Adernaline 0.'

2018-05-21 10:26:34 - [MESSAGE][PASSED] - All options with index in [14] are selected on object 'Object Repository/DispensaryToCms/Page_Dispensary Store/select_--Select--Adernaline 0.'

2018-05-21 10:26:34 - [TEST_STEP][PASSED] - setText: Text '100' is set on object 'Object Repository/DispensaryToCms/Page_Dispensary Store/input_txttreat'

2018-05-21 10:26:34 - [MESSAGE][PASSED] - Text '100' is set on object 'Object Repository/DispensaryToCms/Page_Dispensary Store/input_txttreat'

2018-05-21 10:26:34 - [TEST_STEP][PASSED] - click: Object: 'Object Repository/DispensaryToCms/Page_Dispensary Store/button_Add' is clicked on

2018-05-21 10:26:34 - [MESSAGE][PASSED] - Object: 'Object Repository/DispensaryToCms/Page_Dispensary Store/button_Add' is clicked on

2018-05-21 10:26:34 - [TEST_STEP][PASSED] - selectOptionByIndex: All options with index in [11] are selected on object 'Object Repository/DispensaryToCms/Page_Dispensary Store/select_--Select--Schedule 1Inj'

2018-05-21 10:26:34 - [MESSAGE][PASSED] - All options with index in [11] are selected on object 'Object Repository/DispensaryToCms/Page_Dispensary Store/select_--Select--Schedule 1Inj'

2018-05-21 10:26:34 - [TEST_STEP][PASSED] - selectOptionByIndex: All options with index in [15] are selected on object 'Object Repository/DispensaryToCms/Page_Dispensary Store/select_--Select--Adernaline 0.'

2018-05-21 10:26:34 - [MESSAGE][PASSED] - All options with index in [15] are selected on object 'Object Repository/DispensaryToCms/Page_Dispensary Store/select_--Select--Adernaline 0.'

2018-05-21 10:26:34 - [TEST_STEP][PASSED] - setText: Text '100' is set on object 'Object Repository/DispensaryToCms/Page_Dispensary Store/input_txttreat'

2018-05-21 10:26:34 - [MESSAGE][PASSED] - Text '100' is set on object 'Object Repository/DispensaryToCms/Page_Dispensary Store/input_txttreat'

2018-05-21 10:26:34 - [TEST_STEP][PASSED] - click: Object: 'Object Repository/DispensaryToCms/Page_Dispensary Store/button_Add' is clicked on

2018-05-21 10:26:34 - [MESSAGE][PASSED] - Object: 'Object Repository/DispensaryToCms/Page_Dispensary Store/button_Add' is clicked on

2018-05-21 10:26:34 - [TEST_STEP][PASSED] - selectOptionByIndex: All options with index in [11] are selected on object 'Object Repository/DispensaryToCms/Page_Dispensary Store/select_--Select--Schedule 1Inj'

2018-05-21 10:26:35 - [MESSAGE][PASSED] - All options with index in [11] are selected on object 'Object Repository/DispensaryToCms/Page_Dispensary Store/select_--Select--Schedule 1Inj'

2018-05-21 10:26:35 - [TEST_STEP][PASSED] - selectOptionByIndex: All options with index in [16] are selected on object 'Object Repository/DispensaryToCms/Page_Dispensary Store/select_--Select--Adernaline 0.'

2018-05-21 10:26:35 - [MESSAGE][PASSED] - All options with index in [16] are selected on object 'Object Repository/DispensaryToCms/Page_Dispensary Store/select_--Select--Adernaline 0.'

2018-05-21 10:26:35 - [TEST_STEP][PASSED] - setText: Text '100' is set on object 'Object Repository/DispensaryToCms/Page_Dispensary Store/input_txttreat'

2018-05-21 10:26:35 - [MESSAGE][PASSED] - Text '100' is set on object 'Object Repository/DispensaryToCms/Page_Dispensary Store/input_txttreat'

2018-05-21 10:26:35 - [TEST_STEP][PASSED] - click: Object: 'Object Repository/DispensaryToCms/Page_Dispensary Store/button_Add' is clicked on

2018-05-21 10:26:35 - [MESSAGE][PASSED] - Object: 'Object Repository/DispensaryToCms/Page_Dispensary Store/button_Add' is clicked on

2018-05-21 10:26:35 - [TEST_STEP][PASSED] - selectOptionByIndex: All options with index in [11] are selected on object 'Object Repository/DispensaryToCms/Page_Dispensary Store/select_--Select--Schedule 1Inj'

2018-05-21 10:26:35 - [MESSAGE][PASSED] - All options with index in [11] are selected on object 'Object Repository/DispensaryToCms/Page_Dispensary Store/select_--Select--Schedule 1Inj'

2018-05-21 10:26:35 - [TEST_STEP][PASSED] - selectOptionByIndex: All options with index in [17] are selected on object 'Object Repository/DispensaryToCms/Page_Dispensary Store/select_--Select--Adernaline 0.'

2018-05-21 10:26:36 - [MESSAGE][PASSED] - All options with index in [17] are selected on object 'Object Repository/DispensaryToCms/Page_Dispensary Store/select_--Select--Adernaline 0.'

2018-05-21 10:26:36 - [TEST_STEP][PASSED] - setText: Text '100' is set on object 'Object Repository/DispensaryToCms/Page_Dispensary Store/input_txttreat'

2018-05-21 10:26:36 - [MESSAGE][PASSED] - Text '100' is set on object 'Object Repository/DispensaryToCms/Page_Dispensary Store/input_txttreat'

2018-05-21 10:26:36 - [TEST_STEP][PASSED] - click: Object: 'Object Repository/DispensaryToCms/Page_Dispensary Store/button_Add' is clicked on

2018-05-21 10:26:36 - [MESSAGE][PASSED] - Object: 'Object Repository/DispensaryToCms/Page_Dispensary Store/button_Add' is clicked on

2018-05-21 10:26:36 - [TEST_STEP][PASSED] - selectOptionByIndex: All options with index in [11] are selected on object 'Object Repository/DispensaryToCms/Page_Dispensary Store/select_--Select--Schedule 1Inj'

2018-05-21 10:26:36 - [MESSAGE][PASSED] - All options with index in [11] are selected on object 'Object Repository/DispensaryToCms/Page_Dispensary Store/select_--Select--Schedule 1Inj'

2018-05-21 10:26:36 - [TEST_STEP][PASSED] - selectOptionByIndex: All options with index in [18] are selected on object 'Object Repository/DispensaryToCms/Page_Dispensary Store/select_--Select--Adernaline 0.'

2018-05-21 10:26:36 - [MESSAGE][PASSED] - All options with index in [18] are selected on object 'Object Repository/DispensaryToCms/Page_Dispensary Store/select_--Select--Adernaline 0.'

2018-05-21 10:26:36 - [TEST_STEP][PASSED] - setText: Text '100' is set on object 'Object Repository/DispensaryToCms/Page_Dispensary Store/input_txttreat'

2018-05-21 10:26:36 - [MESSAGE][PASSED] - Text '100' is set on object 'Object Repository/DispensaryToCms/Page_Dispensary Store/input_txttreat'

2018-05-21 10:26:36 - [TEST_STEP][PASSED] - click: Object: 'Object Repository/DispensaryToCms/Page_Dispensary Store/button_Add' is clicked on

2018-05-21 10:26:36 - [MESSAGE][PASSED] - Object: 'Object Repository/DispensaryToCms/Page_Dispensary Store/button_Add' is clicked on

2018-05-21 10:26:36 - [TEST_STEP][PASSED] - selectOptionByIndex: All options with index in [11] are selected on object 'Object Repository/DispensaryToCms/Page_Dispensary Store/select_--Select--Schedule 1Inj'

2018-05-21 10:26:37 - [MESSAGE][PASSED] - All options with index in [11] are selected on object 'Object Repository/DispensaryToCms/Page_Dispensary Store/select_--Select--Schedule 1Inj'

2018-05-21 10:26:37 - [TEST_STEP][PASSED] - selectOptionByIndex: All options with index in [19] are selected on object 'Object Repository/DispensaryToCms/Page_Dispensary Store/select_--Select--Adernaline 0.'

2018-05-21 10:26:37 - [MESSAGE][PASSED] - All options with index in [19] are selected on object 'Object Repository/DispensaryToCms/Page_Dispensary Store/select_--Select--Adernaline 0.'

2018-05-21 10:26:37 - [TEST_STEP][PASSED] - setText: Text '100' is set on object 'Object Repository/DispensaryToCms/Page_Dispensary Store/input_txttreat'

2018-05-21 10:26:37 - [MESSAGE][PASSED] - Text '100' is set on object 'Object Repository/DispensaryToCms/Page_Dispensary Store/input_txttreat'

2018-05-21 10:26:37 - [TEST_STEP][PASSED] - click: Object: 'Object Repository/DispensaryToCms/Page_Dispensary Store/button_Add' is clicked on

2018-05-21 10:26:37 - [MESSAGE][PASSED] - Object: 'Object Repository/DispensaryToCms/Page_Dispensary Store/button_Add' is clicked on

2018-05-21 10:26:37 - [TEST_STEP][PASSED] - selectOptionByIndex: All options with index in [11] are selected on object 'Object Repository/DispensaryToCms/Page_Dispensary Store/select_--Select--Schedule 1Inj'

2018-05-21 10:26:37 - [MESSAGE][PASSED] - All options with index in [11] are selected on object 'Object Repository/DispensaryToCms/Page_Dispensary Store/select_--Select--Schedule 1Inj'

2018-05-21 10:26:37 - [TEST_STEP][PASSED] - selectOptionByIndex: All options with index in [20] are selected on object 'Object Repository/DispensaryToCms/Page_Dispensary Store/select_--Select--Adernaline 0.'

2018-05-21 10:26:38 - [MESSAGE][PASSED] - All options with index in [20] are selected on object 'Object Repository/DispensaryToCms/Page_Dispensary Store/select_--Select--Adernaline 0.'

2018-05-21 10:26:38 - [TEST_STEP][PASSED] - setText: Text '100' is set on object 'Object Repository/DispensaryToCms/Page_Dispensary Store/input_txttreat'

2018-05-21 10:26:38 - [MESSAGE][PASSED] - Text '100' is set on object 'Object Repository/DispensaryToCms/Page_Dispensary Store/input_txttreat'

2018-05-21 10:26:38 - [TEST_STEP][PASSED] - click: Object: 'Object Repository/DispensaryToCms/Page_Dispensary Store/button_Add' is clicked on

2018-05-21 10:26:38 - [MESSAGE][PASSED] - Object: 'Object Repository/DispensaryToCms/Page_Dispensary Store/button_Add' is clicked on

2018-05-21 10:26:38 - [TEST_STEP][PASSED] - selectOptionByIndex: All options with index in [11] are selected on object 'Object Repository/DispensaryToCms/Page_Dispensary Store/select_--Select--Schedule 1Inj'

2018-05-21 10:26:38 - [MESSAGE][PASSED] - All options with index in [11] are selected on object 'Object Repository/DispensaryToCms/Page_Dispensary Store/select_--Select--Schedule 1Inj'

2018-05-21 10:26:38 - [TEST_STEP][PASSED] - selectOptionByIndex: All options with index in [21] are selected on object 'Object Repository/DispensaryToCms/Page_Dispensary Store/select_--Select--Adernaline 0.'

2018-05-21 10:26:38 - [MESSAGE][PASSED] - All options with index in [21] are selected on object 'Object Repository/DispensaryToCms/Page_Dispensary Store/select_--Select--Adernaline 0.'

2018-05-21 10:26:38 - [TEST_STEP][PASSED] - setText: Text '100' is set on object 'Object Repository/DispensaryToCms/Page_Dispensary Store/input_txttreat'

2018-05-21 10:26:39 - [MESSAGE][PASSED] - Text '100' is set on object 'Object Repository/DispensaryToCms/Page_Dispensary Store/input_txttreat'

2018-05-21 10:26:39 - [TEST_STEP][PASSED] - click: Object: 'Object Repository/DispensaryToCms/Page_Dispensary Store/button_Add' is clicked on

2018-05-21 10:26:39 - [MESSAGE][PASSED] - Object: 'Object Repository/DispensaryToCms/Page_Dispensary Store/button_Add' is clicked on

2018-05-21 10:26:39 - [TEST_STEP][PASSED] - selectOptionByIndex: All options with index in [11] are selected on object 'Object Repository/DispensaryToCms/Page_Dispensary Store/select_--Select--Schedule 1Inj'

2018-05-21 10:26:39 - [MESSAGE][PASSED] - All options with index in [11] are selected on object 'Object Repository/DispensaryToCms/Page_Dispensary Store/select_--Select--Schedule 1Inj'

2018-05-21 10:26:39 - [TEST_STEP][PASSED] - selectOptionByIndex: All options with index in [22] are selected on object 'Object Repository/DispensaryToCms/Page_Dispensary Store/select_--Select--Adernaline 0.'

2018-05-21 10:26:39 - [MESSAGE][PASSED] - All options with index in [22] are selected on object 'Object Repository/DispensaryToCms/Page_Dispensary Store/select_--Select--Adernaline 0.'

2018-05-21 10:26:39 - [TEST_STEP][PASSED] - setText: Text '100' is set on object 'Object Repository/DispensaryToCms/Page_Dispensary Store/input_txttreat'

2018-05-21 10:26:39 - [MESSAGE][PASSED] - Text '100' is set on object 'Object Repository/DispensaryToCms/Page_Dispensary Store/input_txttreat'

2018-05-21 10:26:39 - [TEST_STEP][PASSED] - click: Object: 'Object Repository/DispensaryToCms/Page_Dispensary Store/button_Add' is clicked on

2018-05-21 10:26:39 - [MESSAGE][PASSED] - Object: 'Object Repository/DispensaryToCms/Page_Dispensary Store/button_Add' is clicked on

2018-05-21 10:26:39 - [TEST_STEP][PASSED] - selectOptionByIndex: All options with index in [11] are selected on object 'Object Repository/DispensaryToCms/Page_Dispensary Store/select_--Select--Schedule 1Inj'

2018-05-21 10:26:40 - [MESSAGE][PASSED] - All options with index in [11] are selected on object 'Object Repository/DispensaryToCms/Page_Dispensary Store/select_--Select--Schedule 1Inj'

2018-05-21 10:26:40 - [TEST_STEP][PASSED] - selectOptionByIndex: All options with index in [23] are selected on object 'Object Repository/DispensaryToCms/Page_Dispensary Store/select_--Select--Adernaline 0.'

2018-05-21 10:26:40 - [MESSAGE][PASSED] - All options with index in [23] are selected on object 'Object Repository/DispensaryToCms/Page_Dispensary Store/select_--Select--Adernaline 0.'

2018-05-21 10:26:40 - [TEST_STEP][PASSED] - setText: Text '100' is set on object 'Object Repository/DispensaryToCms/Page_Dispensary Store/input_txttreat'

2018-05-21 10:26:40 - [MESSAGE][PASSED] - Text '100' is set on object 'Object Repository/DispensaryToCms/Page_Dispensary Store/input_txttreat'

2018-05-21 10:26:40 - [TEST_STEP][PASSED] - click: Object: 'Object Repository/DispensaryToCms/Page_Dispensary Store/button_Add' is clicked on

2018-05-21 10:26:40 - [MESSAGE][PASSED] - Object: 'Object Repository/DispensaryToCms/Page_Dispensary Store/button_Add' is clicked on

2018-05-21 10:26:40 - [TEST_STEP][PASSED] - selectOptionByIndex: All options with index in [11] are selected on object 'Object Repository/DispensaryToCms/Page_Dispensary Store/select_--Select--Schedule 1Inj'

2018-05-21 10:26:40 - [MESSAGE][PASSED] - All options with index in [11] are selected on object 'Object Repository/DispensaryToCms/Page_Dispensary Store/select_--Select--Schedule 1Inj'

2018-05-21 10:26:40 - [TEST_STEP][PASSED] - selectOptionByIndex: All options with index in [24] are selected on object 'Object Repository/DispensaryToCms/Page_Dispensary Store/select_--Select--Adernaline 0.'

2018-05-21 10:26:41 - [MESSAGE][PASSED] - All options with index in [24] are selected on object 'Object Repository/DispensaryToCms/Page_Dispensary Store/select_--Select--Adernaline 0.'

2018-05-21 10:26:41 - [TEST_STEP][PASSED] - setText: Text '100' is set on object 'Object Repository/DispensaryToCms/Page_Dispensary Store/input_txttreat'

2018-05-21 10:26:41 - [MESSAGE][PASSED] - Text '100' is set on object 'Object Repository/DispensaryToCms/Page_Dispensary Store/input_txttreat'

2018-05-21 10:26:41 - [TEST_STEP][PASSED] - click: Object: 'Object Repository/DispensaryToCms/Page_Dispensary Store/button_Add' is clicked on

2018-05-21 10:26:41 - [MESSAGE][PASSED] - Object: 'Object Repository/DispensaryToCms/Page_Dispensary Store/button_Add' is clicked on

2018-05-21 10:26:41 - [TEST_STEP][PASSED] - selectOptionByIndex: All options with index in [11] are selected on object 'Object Repository/DispensaryToCms/Page_Dispensary Store/select_--Select--Schedule 1Inj'

2018-05-21 10:26:41 - [MESSAGE][PASSED] - All options with index in [11] are selected on object 'Object Repository/DispensaryToCms/Page_Dispensary Store/select_--Select--Schedule 1Inj'

2018-05-21 10:26:41 - [TEST_STEP][PASSED] - selectOptionByIndex: All options with index in [25] are selected on object 'Object Repository/DispensaryToCms/Page_Dispensary Store/select_--Select--Adernaline 0.'

2018-05-21 10:26:41 - [MESSAGE][PASSED] - All options with index in [25] are selected on object 'Object Repository/DispensaryToCms/Page_Dispensary Store/select_--Select--Adernaline 0.'

2018-05-21 10:26:41 - [TEST_STEP][PASSED] - setText: Text '100' is set on object 'Object Repository/DispensaryToCms/Page_Dispensary Store/input_txttreat'

2018-05-21 10:26:42 - [MESSAGE][PASSED] - Text '100' is set on object 'Object Repository/DispensaryToCms/Page_Dispensary Store/input_txttreat'

2018-05-21 10:26:42 - [TEST_STEP][PASSED] - click: Object: 'Object Repository/DispensaryToCms/Page_Dispensary Store/button_Add' is clicked on

2018-05-21 10:26:42 - [MESSAGE][PASSED] - Object: 'Object Repository/DispensaryToCms/Page_Dispensary Store/button_Add' is clicked on

2018-05-21 10:26:42 - [TEST_STEP][PASSED] - selectOptionByIndex: All options with index in [11] are selected on object 'Object Repository/DispensaryToCms/Page_Dispensary Store/select_--Select--Schedule 1Inj'

2018-05-21 10:26:42 - [MESSAGE][PASSED] - All options with index in [11] are selected on object 'Object Repository/DispensaryToCms/Page_Dispensary Store/select_--Select--Schedule 1Inj'

2018-05-21 10:26:42 - [TEST_STEP][PASSED] - selectOptionByIndex: All options with index in [26] are selected on object 'Object Repository/DispensaryToCms/Page_Dispensary Store/select_--Select--Adernaline 0.'

2018-05-21 10:26:42 - [MESSAGE][PASSED] - All options with index in [26] are selected on object 'Object Repository/DispensaryToCms/Page_Dispensary Store/select_--Select--Adernaline 0.'

2018-05-21 10:26:42 - [TEST_STEP][PASSED] - setText: Text '100' is set on object 'Object Repository/DispensaryToCms/Page_Dispensary Store/input_txttreat'

2018-05-21 10:26:42 - [MESSAGE][PASSED] - Text '100' is set on object 'Object Repository/DispensaryToCms/Page_Dispensary Store/input_txttreat'

2018-05-21 10:26:42 - [TEST_STEP][PASSED] - click: Object: 'Object Repository/DispensaryToCms/Page_Dispensary Store/button_Add' is clicked on

2018-05-21 10:26:42 - [MESSAGE][PASSED] - Object: 'Object Repository/DispensaryToCms/Page_Dispensary Store/button_Add' is clicked on

2018-05-21 10:26:42 - [TEST_STEP][PASSED] - selectOptionByIndex: All options with index in [11] are selected on object 'Object Repository/DispensaryToCms/Page_Dispensary Store/select_--Select--Schedule 1Inj'

2018-05-21 10:26:43 - [MESSAGE][PASSED] - All options with index in [11] are selected on object 'Object Repository/DispensaryToCms/Page_Dispensary Store/select_--Select--Schedule 1Inj'

2018-05-21 10:26:43 - [TEST_STEP][PASSED] - selectOptionByIndex: All options with index in [27] are selected on object 'Object Repository/DispensaryToCms/Page_Dispensary Store/select_--Select--Adernaline 0.'

2018-05-21 10:26:43 - [MESSAGE][PASSED] - All options with index in [27] are selected on object 'Object Repository/DispensaryToCms/Page_Dispensary Store/select_--Select--Adernaline 0.'

2018-05-21 10:26:43 - [TEST_STEP][PASSED] - setText: Text '100' is set on object 'Object Repository/DispensaryToCms/Page_Dispensary Store/input_txttreat'

2018-05-21 10:26:43 - [MESSAGE][PASSED] - Text '100' is set on object 'Object Repository/DispensaryToCms/Page_Dispensary Store/input_txttreat'

2018-05-21 10:26:43 - [TEST_STEP][PASSED] - click: Object: 'Object Repository/DispensaryToCms/Page_Dispensary Store/button_Add' is clicked on

2018-05-21 10:26:43 - [MESSAGE][PASSED] - Object: 'Object Repository/DispensaryToCms/Page_Dispensary Store/button_Add' is clicked on

2018-05-21 10:26:43 - [TEST_STEP][PASSED] - selectOptionByIndex: All options with index in [11] are selected on object 'Object Repository/DispensaryToCms/Page_Dispensary Store/select_--Select--Schedule 1Inj'

2018-05-21 10:26:43 - [MESSAGE][PASSED] - All options with index in [11] are selected on object 'Object Repository/DispensaryToCms/Page_Dispensary Store/select_--Select--Schedule 1Inj'

2018-05-21 10:26:43 - [TEST_STEP][PASSED] - selectOptionByIndex: All options with index in [28] are selected on object 'Object Repository/DispensaryToCms/Page_Dispensary Store/select_--Select--Adernaline 0.'

2018-05-21 10:26:44 - [MESSAGE][PASSED] - All options with index in [28] are selected on object 'Object Repository/DispensaryToCms/Page_Dispensary Store/select_--Select--Adernaline 0.'

2018-05-21 10:26:44 - [TEST_STEP][PASSED] - setText: Text '100' is set on object 'Object Repository/DispensaryToCms/Page_Dispensary Store/input_txttreat'

2018-05-21 10:26:44 - [MESSAGE][PASSED] - Text '100' is set on object 'Object Repository/DispensaryToCms/Page_Dispensary Store/input_txttreat'

2018-05-21 10:26:44 - [TEST_STEP][PASSED] - click: Object: 'Object Repository/DispensaryToCms/Page_Dispensary Store/button_Add' is clicked on

2018-05-21 10:26:44 - [MESSAGE][PASSED] - Object: 'Object Repository/DispensaryToCms/Page_Dispensary Store/button_Add' is clicked on

2018-05-21 10:26:44 - [TEST_STEP][PASSED] - selectOptionByIndex: All options with index in [11] are selected on object 'Object Repository/DispensaryToCms/Page_Dispensary Store/select_--Select--Schedule 1Inj'

2018-05-21 10:26:44 - [MESSAGE][PASSED] - All options with index in [11] are selected on object 'Object Repository/DispensaryToCms/Page_Dispensary Store/select_--Select--Schedule 1Inj'

2018-05-21 10:26:44 - [TEST_STEP][PASSED] - selectOptionByIndex: All options with index in [29] are selected on object 'Object Repository/DispensaryToCms/Page_Dispensary Store/select_--Select--Adernaline 0.'

2018-05-21 10:26:45 - [MESSAGE][PASSED] - All options with index in [29] are selected on object 'Object Repository/DispensaryToCms/Page_Dispensary Store/select_--Select--Adernaline 0.'

2018-05-21 10:26:45 - [TEST_STEP][PASSED] - setText: Text '100' is set on object 'Object Repository/DispensaryToCms/Page_Dispensary Store/input_txttreat'

2018-05-21 10:26:45 - [MESSAGE][PASSED] - Text '100' is set on object 'Object Repository/DispensaryToCms/Page_Dispensary Store/input_txttreat'

2018-05-21 10:26:45 - [TEST_STEP][PASSED] - click: Object: 'Object Repository/DispensaryToCms/Page_Dispensary Store/button_Add' is clicked on

2018-05-21 10:26:45 - [MESSAGE][PASSED] - Object: 'Object Repository/DispensaryToCms/Page_Dispensary Store/button_Add' is clicked on

2018-05-21 10:26:45 - [TEST_STEP][PASSED] - selectOptionByIndex: All options with index in [11] are selected on object 'Object Repository/DispensaryToCms/Page_Dispensary Store/select_--Select--Schedule 1Inj'

2018-05-21 10:26:45 - [MESSAGE][PASSED] - All options with index in [11] are selected on object 'Object Repository/DispensaryToCms/Page_Dispensary Store/select_--Select--Schedule 1Inj'

2018-05-21 10:26:45 - [TEST_STEP][PASSED] - selectOptionByIndex: All options with index in [30] are selected on object 'Object Repository/DispensaryToCms/Page_Dispensary Store/select_--Select--Adernaline 0.'

2018-05-21 10:26:45 - [MESSAGE][PASSED] - All options with index in [30] are selected on object 'Object Repository/DispensaryToCms/Page_Dispensary Store/select_--Select--Adernaline 0.'

2018-05-21 10:26:45 - [TEST_STEP][PASSED] - setText: Text '100' is set on object 'Object Repository/DispensaryToCms/Page_Dispensary Store/input_txttreat'

2018-05-21 10:26:46 - [MESSAGE][PASSED] - Text '100' is set on object 'Object Repository/DispensaryToCms/Page_Dispensary Store/input_txttreat'

2018-05-21 10:26:46 - [TEST_STEP][PASSED] - click: Object: 'Object Repository/DispensaryToCms/Page_Dispensary Store/button_Add' is clicked on

2018-05-21 10:26:46 - [MESSAGE][PASSED] - Object: 'Object Repository/DispensaryToCms/Page_Dispensary Store/button_Add' is clicked on

2018-05-21 10:26:46 - [TEST_STEP][PASSED] - selectOptionByIndex: All options with index in [11] are selected on object 'Object Repository/DispensaryToCms/Page_Dispensary Store/select_--Select--Schedule 1Inj'

2018-05-21 10:26:46 - [MESSAGE][PASSED] - All options with index in [11] are selected on object 'Object Repository/DispensaryToCms/Page_Dispensary Store/select_--Select--Schedule 1Inj'

2018-05-21 10:26:46 - [TEST_STEP][PASSED] - selectOptionByIndex: All options with index in [31] are selected on object 'Object Repository/DispensaryToCms/Page_Dispensary Store/select_--Select--Adernaline 0.'

2018-05-21 10:26:46 - [MESSAGE][PASSED] - All options with index in [31] are selected on object 'Object Repository/DispensaryToCms/Page_Dispensary Store/select_--Select--Adernaline 0.'

2018-05-21 10:26:46 - [TEST_STEP][PASSED] - setText: Text '100' is set on object 'Object Repository/DispensaryToCms/Page_Dispensary Store/input_txttreat'

2018-05-21 10:26:46 - [MESSAGE][PASSED] - Text '100' is set on object 'Object Repository/DispensaryToCms/Page_Dispensary Store/input_txttreat'

2018-05-21 10:26:46 - [TEST_STEP][PASSED] - click: Object: 'Object Repository/DispensaryToCms/Page_Dispensary Store/button_Add' is clicked on

2018-05-21 10:26:46 - [MESSAGE][PASSED] - Object: 'Object Repository/DispensaryToCms/Page_Dispensary Store/button_Add' is clicked on

2018-05-21 10:26:46 - [TEST_STEP][PASSED] - selectOptionByIndex: All options with index in [11] are selected on object 'Object Repository/DispensaryToCms/Page_Dispensary Store/select_--Select--Schedule 1Inj'

2018-05-21 10:26:47 - [MESSAGE][PASSED] - All options with index in [11] are selected on object 'Object Repository/DispensaryToCms/Page_Dispensary Store/select_--Select--Schedule 1Inj'

2018-05-21 10:26:47 - [TEST_STEP][PASSED] - selectOptionByIndex: All options with index in [32] are selected on object 'Object Repository/DispensaryToCms/Page_Dispensary Store/select_--Select--Adernaline 0.'

2018-05-21 10:26:47 - [MESSAGE][PASSED] - All options with index in [32] are selected on object 'Object Repository/DispensaryToCms/Page_Dispensary Store/select_--Select--Adernaline 0.'

2018-05-21 10:26:47 - [TEST_STEP][PASSED] - setText: Text '100' is set on object 'Object Repository/DispensaryToCms/Page_Dispensary Store/input_txttreat'

2018-05-21 10:26:47 - [MESSAGE][PASSED] - Text '100' is set on object 'Object Repository/DispensaryToCms/Page_Dispensary Store/input_txttreat'

2018-05-21 10:26:47 - [TEST_STEP][PASSED] - click: Object: 'Object Repository/DispensaryToCms/Page_Dispensary Store/button_Add' is clicked on

2018-05-21 10:26:47 - [MESSAGE][PASSED] - Object: 'Object Repository/DispensaryToCms/Page_Dispensary Store/button_Add' is clicked on

2018-05-21 10:26:47 - [TEST_STEP][PASSED] - selectOptionByIndex: All options with index in [11] are selected on object 'Object Repository/DispensaryToCms/Page_Dispensary Store/select_--Select--Schedule 1Inj'

2018-05-21 10:26:47 - [MESSAGE][PASSED] - All options with index in [11] are selected on object 'Object Repository/DispensaryToCms/Page_Dispensary Store/select_--Select--Schedule 1Inj'

2018-05-21 10:26:47 - [TEST_STEP][PASSED] - selectOptionByIndex: All options with index in [33] are selected on object 'Object Repository/DispensaryToCms/Page_Dispensary Store/select_--Select--Adernaline 0.'

2018-05-21 10:26:48 - [MESSAGE][PASSED] - All options with index in [33] are selected on object 'Object Repository/DispensaryToCms/Page_Dispensary Store/select_--Select--Adernaline 0.'

2018-05-21 10:26:48 - [TEST_STEP][PASSED] - setText: Text '100' is set on object 'Object Repository/DispensaryToCms/Page_Dispensary Store/input_txttreat'

2018-05-21 10:26:48 - [MESSAGE][PASSED] - Text '100' is set on object 'Object Repository/DispensaryToCms/Page_Dispensary Store/input_txttreat'

2018-05-21 10:26:48 - [TEST_STEP][PASSED] - click: Object: 'Object Repository/DispensaryToCms/Page_Dispensary Store/button_Add' is clicked on

2018-05-21 10:26:48 - [MESSAGE][PASSED] - Object: 'Object Repository/DispensaryToCms/Page_Dispensary Store/button_Add' is clicked on

2018-05-21 10:26:48 - [TEST_STEP][PASSED] - selectOptionByIndex: All options with index in [11] are selected on object 'Object Repository/DispensaryToCms/Page_Dispensary Store/select_--Select--Schedule 1Inj'

2018-05-21 10:26:48 - [MESSAGE][PASSED] - All options with index in [11] are selected on object 'Object Repository/DispensaryToCms/Page_Dispensary Store/select_--Select--Schedule 1Inj'

2018-05-21 10:26:48 - [TEST_STEP][PASSED] - selectOptionByIndex: All options with index in [34] are selected on object 'Object Repository/DispensaryToCms/Page_Dispensary Store/select_--Select--Adernaline 0.'

2018-05-21 10:26:49 - [MESSAGE][PASSED] - All options with index in [34] are selected on object 'Object Repository/DispensaryToCms/Page_Dispensary Store/select_--Select--Adernaline 0.'

2018-05-21 10:26:49 - [TEST_STEP][PASSED] - setText: Text '100' is set on object 'Object Repository/DispensaryToCms/Page_Dispensary Store/input_txttreat'

2018-05-21 10:26:49 - [MESSAGE][PASSED] - Text '100' is set on object 'Object Repository/DispensaryToCms/Page_Dispensary Store/input_txttreat'

2018-05-21 10:26:49 - [TEST_STEP][PASSED] - click: Object: 'Object Repository/DispensaryToCms/Page_Dispensary Store/button_Add' is clicked on

2018-05-21 10:26:49 - [MESSAGE][PASSED] - Object: 'Object Repository/DispensaryToCms/Page_Dispensary Store/button_Add' is clicked on

2018-05-21 10:26:49 - [TEST_STEP][PASSED] - selectOptionByIndex: All options with index in [11] are selected on object 'Object Repository/DispensaryToCms/Page_Dispensary Store/select_--Select--Schedule 1Inj'

2018-05-21 10:26:49 - [MESSAGE][PASSED] - All options with index in [11] are selected on object 'Object Repository/DispensaryToCms/Page_Dispensary Store/select_--Select--Schedule 1Inj'

2018-05-21 10:26:49 - [TEST_STEP][PASSED] - selectOptionByIndex: All options with index in [35] are selected on object 'Object Repository/DispensaryToCms/Page_Dispensary Store/select_--Select--Adernaline 0.'

2018-05-21 10:26:50 - [MESSAGE][PASSED] - All options with index in [35] are selected on object 'Object Repository/DispensaryToCms/Page_Dispensary Store/select_--Select--Adernaline 0.'

2018-05-21 10:26:50 - [TEST_STEP][PASSED] - setText: Text '100' is set on object 'Object Repository/DispensaryToCms/Page_Dispensary Store/input_txttreat'

2018-05-21 10:26:50 - [MESSAGE][PASSED] - Text '100' is set on object 'Object Repository/DispensaryToCms/Page_Dispensary Store/input_txttreat'

2018-05-21 10:26:50 - [TEST_STEP][PASSED] - click: Object: 'Object Repository/DispensaryToCms/Page_Dispensary Store/button_Add' is clicked on

2018-05-21 10:26:50 - [MESSAGE][PASSED] - Object: 'Object Repository/DispensaryToCms/Page_Dispensary Store/button_Add' is clicked on

2018-05-21 10:26:50 - [TEST_STEP][PASSED] - selectOptionByIndex: All options with index in [11] are selected on object 'Object Repository/DispensaryToCms/Page_Dispensary Store/select_--Select--Schedule 1Inj'

2018-05-21 10:26:50 - [MESSAGE][PASSED] - All options with index in [11] are selected on object 'Object Repository/DispensaryToCms/Page_Dispensary Store/select_--Select--Schedule 1Inj'

2018-05-21 10:26:50 - [TEST_STEP][PASSED] - selectOptionByIndex: All options with index in [36] are selected on object 'Object Repository/DispensaryToCms/Page_Dispensary Store/select_--Select--Adernaline 0.'

2018-05-21 10:26:50 - [MESSAGE][PASSED] - All options with index in [36] are selected on object 'Object Repository/DispensaryToCms/Page_Dispensary Store/select_--Select--Adernaline 0.'

2018-05-21 10:26:50 - [TEST_STEP][PASSED] - setText: Text '100' is set on object 'Object Repository/DispensaryToCms/Page_Dispensary Store/input_txttreat'

2018-05-21 10:26:51 - [MESSAGE][PASSED] - Text '100' is set on object 'Object Repository/DispensaryToCms/Page_Dispensary Store/input_txttreat'

2018-05-21 10:26:51 - [TEST_STEP][PASSED] - click: Object: 'Object Repository/DispensaryToCms/Page_Dispensary Store/button_Add' is clicked on

2018-05-21 10:26:51 - [MESSAGE][PASSED] - Object: 'Object Repository/DispensaryToCms/Page_Dispensary Store/button_Add' is clicked on

2018-05-21 10:26:51 - [TEST_STEP][PASSED] - selectOptionByIndex: All options with index in [11] are selected on object 'Object Repository/DispensaryToCms/Page_Dispensary Store/select_--Select--Schedule 1Inj'

2018-05-21 10:26:51 - [MESSAGE][PASSED] - All options with index in [11] are selected on object 'Object Repository/DispensaryToCms/Page_Dispensary Store/select_--Select--Schedule 1Inj'

2018-05-21 10:26:51 - [TEST_STEP][PASSED] - selectOptionByIndex: All options with index in [37] are selected on object 'Object Repository/DispensaryToCms/Page_Dispensary Store/select_--Select--Adernaline 0.'

2018-05-21 10:26:51 - [MESSAGE][PASSED] - All options with index in [37] are selected on object 'Object Repository/DispensaryToCms/Page_Dispensary Store/select_--Select--Adernaline 0.'

2018-05-21 10:26:51 - [TEST_STEP][PASSED] - setText: Text '100' is set on object 'Object Repository/DispensaryToCms/Page_Dispensary Store/input_txttreat'

2018-05-21 10:26:51 - [MESSAGE][PASSED] - Text '100' is set on object 'Object Repository/DispensaryToCms/Page_Dispensary Store/input_txttreat'

2018-05-21 10:26:51 - [TEST_STEP][PASSED] - click: Object: 'Object Repository/DispensaryToCms/Page_Dispensary Store/button_Add' is clicked on

2018-05-21 10:26:52 - [MESSAGE][PASSED] - Object: 'Object Repository/DispensaryToCms/Page_Dispensary Store/button_Add' is clicked on

2018-05-21 10:26:52 - [TEST_STEP][PASSED] - selectOptionByIndex: All options with index in [11] are selected on object 'Object Repository/DispensaryToCms/Page_Dispensary Store/select_--Select--Schedule 1Inj'

2018-05-21 10:26:52 - [MESSAGE][PASSED] - All options with index in [11] are selected on object 'Object Repository/DispensaryToCms/Page_Dispensary Store/select_--Select--Schedule 1Inj'

2018-05-21 10:26:52 - [TEST_STEP][PASSED] - selectOptionByIndex: All options with index in [38] are selected on object 'Object Repository/DispensaryToCms/Page_Dispensary Store/select_--Select--Adernaline 0.'

2018-05-21 10:26:52 - [MESSAGE][PASSED] - All options with index in [38] are selected on object 'Object Repository/DispensaryToCms/Page_Dispensary Store/select_--Select--Adernaline 0.'

2018-05-21 10:26:52 - [TEST_STEP][PASSED] - setText: Text '100' is set on object 'Object Repository/DispensaryToCms/Page_Dispensary Store/input_txttreat'

2018-05-21 10:26:52 - [MESSAGE][PASSED] - Text '100' is set on object 'Object Repository/DispensaryToCms/Page_Dispensary Store/input_txttreat'

2018-05-21 10:26:52 - [TEST_STEP][PASSED] - click: Object: 'Object Repository/DispensaryToCms/Page_Dispensary Store/button_Add' is clicked on

2018-05-21 10:26:52 - [MESSAGE][PASSED] - Object: 'Object Repository/DispensaryToCms/Page_Dispensary Store/button_Add' is clicked on

2018-05-21 10:26:52 - [TEST_STEP][PASSED] - selectOptionByIndex: All options with index in [11] are selected on object 'Object Repository/DispensaryToCms/Page_Dispensary Store/select_--Select--Schedule 1Inj'

2018-05-21 10:26:53 - [MESSAGE][PASSED] - All options with index in [11] are selected on object 'Object Repository/DispensaryToCms/Page_Dispensary Store/select_--Select--Schedule 1Inj'

2018-05-21 10:26:53 - [TEST_STEP][PASSED] - selectOptionByIndex: All options with index in [39] are selected on object 'Object Repository/DispensaryToCms/Page_Dispensary Store/select_--Select--Adernaline 0.'

2018-05-21 10:26:53 - [MESSAGE][PASSED] - All options with index in [39] are selected on object 'Object Repository/DispensaryToCms/Page_Dispensary Store/select_--Select--Adernaline 0.'

2018-05-21 10:26:53 - [TEST_STEP][PASSED] - setText: Text '100' is set on object 'Object Repository/DispensaryToCms/Page_Dispensary Store/input_txttreat'

2018-05-21 10:26:53 - [MESSAGE][PASSED] - Text '100' is set on object 'Object Repository/DispensaryToCms/Page_Dispensary Store/input_txttreat'

2018-05-21 10:26:53 - [TEST_STEP][PASSED] - click: Object: 'Object Repository/DispensaryToCms/Page_Dispensary Store/button_Add' is clicked on

2018-05-21 10:26:53 - [MESSAGE][PASSED] - Object: 'Object Repository/DispensaryToCms/Page_Dispensary Store/button_Add' is clicked on

2018-05-21 10:26:53 - [TEST_STEP][PASSED] - selectOptionByIndex: All options with index in [11] are selected on object 'Object Repository/DispensaryToCms/Page_Dispensary Store/select_--Select--Schedule 1Inj'

2018-05-21 10:26:53 - [MESSAGE][PASSED] - All options with index in [11] are selected on object 'Object Repository/DispensaryToCms/Page_Dispensary Store/select_--Select--Schedule 1Inj'

2018-05-21 10:26:53 - [TEST_STEP][PASSED] - selectOptionByIndex: All options with index in [40] are selected on object 'Object Repository/DispensaryToCms/Page_Dispensary Store/select_--Select--Adernaline 0.'

2018-05-21 10:26:54 - [MESSAGE][PASSED] - All options with index in [40] are selected on object 'Object Repository/DispensaryToCms/Page_Dispensary Store/select_--Select--Adernaline 0.'

2018-05-21 10:26:54 - [TEST_STEP][PASSED] - setText: Text '100' is set on object 'Object Repository/DispensaryToCms/Page_Dispensary Store/input_txttreat'

2018-05-21 10:26:54 - [MESSAGE][PASSED] - Text '100' is set on object 'Object Repository/DispensaryToCms/Page_Dispensary Store/input_txttreat'

2018-05-21 10:26:54 - [TEST_STEP][PASSED] - click: Object: 'Object Repository/DispensaryToCms/Page_Dispensary Store/button_Add' is clicked on

2018-05-21 10:26:54 - [MESSAGE][PASSED] - Object: 'Object Repository/DispensaryToCms/Page_Dispensary Store/button_Add' is clicked on

2018-05-21 10:26:54 - [TEST_STEP][PASSED] - selectOptionByIndex: All options with index in [11] are selected on object 'Object Repository/DispensaryToCms/Page_Dispensary Store/select_--Select--Schedule 1Inj'

2018-05-21 10:26:54 - [MESSAGE][PASSED] - All options with index in [11] are selected on object 'Object Repository/DispensaryToCms/Page_Dispensary Store/select_--Select--Schedule 1Inj'

2018-05-21 10:26:54 - [TEST_STEP][PASSED] - selectOptionByIndex: All options with index in [41] are selected on object 'Object Repository/DispensaryToCms/Page_Dispensary Store/select_--Select--Adernaline 0.'

2018-05-21 10:26:55 - [MESSAGE][PASSED] - All options with index in [41] are selected on object 'Object Repository/DispensaryToCms/Page_Dispensary Store/select_--Select--Adernaline 0.'

2018-05-21 10:26:55 - [TEST_STEP][PASSED] - setText: Text '100' is set on object 'Object Repository/DispensaryToCms/Page_Dispensary Store/input_txttreat'

2018-05-21 10:26:55 - [MESSAGE][PASSED] - Text '100' is set on object 'Object Repository/DispensaryToCms/Page_Dispensary Store/input_txttreat'

2018-05-21 10:26:55 - [TEST_STEP][PASSED] - click: Object: 'Object Repository/DispensaryToCms/Page_Dispensary Store/button_Add' is clicked on

2018-05-21 10:26:55 - [MESSAGE][PASSED] - Object: 'Object Repository/DispensaryToCms/Page_Dispensary Store/button_Add' is clicked on

2018-05-21 10:26:55 - [TEST_STEP][PASSED] - selectOptionByIndex: All options with index in [11] are selected on object 'Object Repository/DispensaryToCms/Page_Dispensary Store/select_--Select--Schedule 1Inj'

2018-05-21 10:26:55 - [MESSAGE][PASSED] - All options with index in [11] are selected on object 'Object Repository/DispensaryToCms/Page_Dispensary Store/select_--Select--Schedule 1Inj'

2018-05-21 10:26:55 - [TEST_STEP][PASSED] - selectOptionByIndex: All options with index in [42] are selected on object 'Object Repository/DispensaryToCms/Page_Dispensary Store/select_--Select--Adernaline 0.'

2018-05-21 10:26:56 - [MESSAGE][PASSED] - All options with index in [42] are selected on object 'Object Repository/DispensaryToCms/Page_Dispensary Store/select_--Select--Adernaline 0.'

2018-05-21 10:26:56 - [TEST_STEP][PASSED] - setText: Text '100' is set on object 'Object Repository/DispensaryToCms/Page_Dispensary Store/input_txttreat'

2018-05-21 10:26:56 - [MESSAGE][PASSED] - Text '100' is set on object 'Object Repository/DispensaryToCms/Page_Dispensary Store/input_txttreat'

2018-05-21 10:26:56 - [TEST_STEP][PASSED] - click: Object: 'Object Repository/DispensaryToCms/Page_Dispensary Store/button_Add' is clicked on

2018-05-21 10:26:56 - [MESSAGE][PASSED] - Object: 'Object Repository/DispensaryToCms/Page_Dispensary Store/button_Add' is clicked on

2018-05-21 10:26:56 - [TEST_STEP][PASSED] - selectOptionByIndex: All options with index in [11] are selected on object 'Object Repository/DispensaryToCms/Page_Dispensary Store/select_--Select--Schedule 1Inj'

2018-05-21 10:26:56 - [MESSAGE][PASSED] - All options with index in [11] are selected on object 'Object Repository/DispensaryToCms/Page_Dispensary Store/select_--Select--Schedule 1Inj'

2018-05-21 10:26:56 - [TEST_STEP][PASSED] - selectOptionByIndex: All options with index in [43] are selected on object 'Object Repository/DispensaryToCms/Page_Dispensary Store/select_--Select--Adernaline 0.'

2018-05-21 10:26:57 - [MESSAGE][PASSED] - All options with index in [43] are selected on object 'Object Repository/DispensaryToCms/Page_Dispensary Store/select_--Select--Adernaline 0.'

2018-05-21 10:26:57 - [TEST_STEP][PASSED] - setText: Text '100' is set on object 'Object Repository/DispensaryToCms/Page_Dispensary Store/input_txttreat'

2018-05-21 10:26:57 - [MESSAGE][PASSED] - Text '100' is set on object 'Object Repository/DispensaryToCms/Page_Dispensary Store/input_txttreat'

2018-05-21 10:26:57 - [TEST_STEP][PASSED] - click: Object: 'Object Repository/DispensaryToCms/Page_Dispensary Store/button_Add' is clicked on

2018-05-21 10:26:57 - [MESSAGE][PASSED] - Object: 'Object Repository/DispensaryToCms/Page_Dispensary Store/button_Add' is clicked on

2018-05-21 10:26:57 - [TEST_STEP][PASSED] - selectOptionByIndex: All options with index in [11] are selected on object 'Object Repository/DispensaryToCms/Page_Dispensary Store/select_--Select--Schedule 1Inj'

2018-05-21 10:26:57 - [MESSAGE][PASSED] - All options with index in [11] are selected on object 'Object Repository/DispensaryToCms/Page_Dispensary Store/select_--Select--Schedule 1Inj'

2018-05-21 10:26:57 - [TEST_STEP][PASSED] - selectOptionByIndex: All options with index in [44] are selected on object 'Object Repository/DispensaryToCms/Page_Dispensary Store/select_--Select--Adernaline 0.'

2018-05-21 10:26:58 - [MESSAGE][PASSED] - All options with index in [44] are selected on object 'Object Repository/DispensaryToCms/Page_Dispensary Store/select_--Select--Adernaline 0.'

2018-05-21 10:26:58 - [TEST_STEP][PASSED] - setText: Text '100' is set on object 'Object Repository/DispensaryToCms/Page_Dispensary Store/input_txttreat'

2018-05-21 10:26:58 - [MESSAGE][PASSED] - Text '100' is set on object 'Object Repository/DispensaryToCms/Page_Dispensary Store/input_txttreat'

2018-05-21 10:26:58 - [TEST_STEP][PASSED] - click: Object: 'Object Repository/DispensaryToCms/Page_Dispensary Store/button_Add' is clicked on

2018-05-21 10:26:58 - [MESSAGE][PASSED] - Object: 'Object Repository/DispensaryToCms/Page_Dispensary Store/button_Add' is clicked on

2018-05-21 10:26:58 - [TEST_STEP][PASSED] - selectOptionByIndex: All options with index in [11] are selected on object 'Object Repository/DispensaryToCms/Page_Dispensary Store/select_--Select--Schedule 1Inj'

2018-05-21 10:26:58 - [MESSAGE][PASSED] - All options with index in [11] are selected on object 'Object Repository/DispensaryToCms/Page_Dispensary Store/select_--Select--Schedule 1Inj'

2018-05-21 10:26:58 - [TEST_STEP][PASSED] - selectOptionByIndex: All options with index in [45] are selected on object 'Object Repository/DispensaryToCms/Page_Dispensary Store/select_--Select--Adernaline 0.'

2018-05-21 10:26:59 - [MESSAGE][PASSED] - All options with index in [45] are selected on object 'Object Repository/DispensaryToCms/Page_Dispensary Store/select_--Select--Adernaline 0.'

2018-05-21 10:26:59 - [TEST_STEP][PASSED] - setText: Text '100' is set on object 'Object Repository/DispensaryToCms/Page_Dispensary Store/input_txttreat'

2018-05-21 10:26:59 - [MESSAGE][PASSED] - Text '100' is set on object 'Object Repository/DispensaryToCms/Page_Dispensary Store/input_txttreat'

2018-05-21 10:26:59 - [TEST_STEP][PASSED] - click: Object: 'Object Repository/DispensaryToCms/Page_Dispensary Store/button_Add' is clicked on

2018-05-21 10:26:59 - [MESSAGE][PASSED] - Object: 'Object Repository/DispensaryToCms/Page_Dispensary Store/button_Add' is clicked on

2018-05-21 10:26:59 - [TEST_STEP][PASSED] - selectOptionByIndex: All options with index in [11] are selected on object 'Object Repository/DispensaryToCms/Page_Dispensary Store/select_--Select--Schedule 1Inj'

2018-05-21 10:26:59 - [MESSAGE][PASSED] - All options with index in [11] are selected on object 'Object Repository/DispensaryToCms/Page_Dispensary Store/select_--Select--Schedule 1Inj'

2018-05-21 10:26:59 - [TEST_STEP][PASSED] - selectOptionByIndex: All options with index in [46] are selected on object 'Object Repository/DispensaryToCms/Page_Dispensary Store/select_--Select--Adernaline 0.'

2018-05-21 10:27:00 - [MESSAGE][PASSED] - All options with index in [46] are selected on object 'Object Repository/DispensaryToCms/Page_Dispensary Store/select_--Select--Adernaline 0.'

2018-05-21 10:27:00 - [TEST_STEP][PASSED] - setText: Text '100' is set on object 'Object Repository/DispensaryToCms/Page_Dispensary Store/input_txttreat'

2018-05-21 10:27:00 - [MESSAGE][PASSED] - Text '100' is set on object 'Object Repository/DispensaryToCms/Page_Dispensary Store/input_txttreat'

2018-05-21 10:27:00 - [TEST_STEP][PASSED] - click: Object: 'Object Repository/DispensaryToCms/Page_Dispensary Store/button_Add' is clicked on

2018-05-21 10:27:00 - [MESSAGE][PASSED] - Object: 'Object Repository/DispensaryToCms/Page_Dispensary Store/button_Add' is clicked on

2018-05-21 10:27:00 - [TEST_STEP][PASSED] - selectOptionByIndex: All options with index in [11] are selected on object 'Object Repository/DispensaryToCms/Page_Dispensary Store/select_--Select--Schedule 1Inj'

2018-05-21 10:27:00 - [MESSAGE][PASSED] - All options with index in [11] are selected on object 'Object Repository/DispensaryToCms/Page_Dispensary Store/select_--Select--Schedule 1Inj'

2018-05-21 10:27:00 - [TEST_STEP][PASSED] - selectOptionByIndex: All options with index in [47] are selected on object 'Object Repository/DispensaryToCms/Page_Dispensary Store/select_--Select--Adernaline 0.'

2018-05-21 10:27:01 - [MESSAGE][PASSED] - All options with index in [47] are selected on object 'Object Repository/DispensaryToCms/Page_Dispensary Store/select_--Select--Adernaline 0.'

2018-05-21 10:27:01 - [TEST_STEP][PASSED] - setText: Text '100' is set on object 'Object Repository/DispensaryToCms/Page_Dispensary Store/input_txttreat'

2018-05-21 10:27:01 - [MESSAGE][PASSED] - Text '100' is set on object 'Object Repository/DispensaryToCms/Page_Dispensary Store/input_txttreat'

2018-05-21 10:27:01 - [TEST_STEP][PASSED] - click: Object: 'Object Repository/DispensaryToCms/Page_Dispensary Store/button_Add' is clicked on

2018-05-21 10:27:01 - [MESSAGE][PASSED] - Object: 'Object Repository/DispensaryToCms/Page_Dispensary Store/button_Add' is clicked on

2018-05-21 10:27:01 - [TEST_STEP][PASSED] - selectOptionByIndex: All options with index in [11] are selected on object 'Object Repository/DispensaryToCms/Page_Dispensary Store/select_--Select--Schedule 1Inj'

2018-05-21 10:27:01 - [MESSAGE][PASSED] - All options with index in [11] are selected on object 'Object Repository/DispensaryToCms/Page_Dispensary Store/select_--Select--Schedule 1Inj'

2018-05-21 10:27:01 - [TEST_STEP][PASSED] - selectOptionByIndex: All options with index in [48] are selected on object 'Object Repository/DispensaryToCms/Page_Dispensary Store/select_--Select--Adernaline 0.'

2018-05-21 10:27:02 - [MESSAGE][PASSED] - All options with index in [48] are selected on object 'Object Repository/DispensaryToCms/Page_Dispensary Store/select_--Select--Adernaline 0.'

2018-05-21 10:27:02 - [TEST_STEP][PASSED] - setText: Text '100' is set on object 'Object Repository/DispensaryToCms/Page_Dispensary Store/input_txttreat'

2018-05-21 10:27:02 - [MESSAGE][PASSED] - Text '100' is set on object 'Object Repository/DispensaryToCms/Page_Dispensary Store/input_txttreat'

2018-05-21 10:27:02 - [TEST_STEP][PASSED] - click: Object: 'Object Repository/DispensaryToCms/Page_Dispensary Store/button_Add' is clicked on

2018-05-21 10:27:02 - [MESSAGE][PASSED] - Object: 'Object Repository/DispensaryToCms/Page_Dispensary Store/button_Add' is clicked on

2018-05-21 10:27:02 - [TEST_STEP][PASSED] - selectOptionByIndex: All options with index in [11] are selected on object 'Object Repository/DispensaryToCms/Page_Dispensary Store/select_--Select--Schedule 1Inj'

2018-05-21 10:27:02 - [MESSAGE][PASSED] - All options with index in [11] are selected on object 'Object Repository/DispensaryToCms/Page_Dispensary Store/select_--Select--Schedule 1Inj'

2018-05-21 10:27:02 - [TEST_STEP][PASSED] - selectOptionByIndex: All options with index in [49] are selected on object 'Object Repository/DispensaryToCms/Page_Dispensary Store/select_--Select--Adernaline 0.'

2018-05-21 10:27:03 - [MESSAGE][PASSED] - All options with index in [49] are selected on object 'Object Repository/DispensaryToCms/Page_Dispensary Store/select_--Select--Adernaline 0.'

2018-05-21 10:27:03 - [TEST_STEP][PASSED] - setText: Text '100' is set on object 'Object Repository/DispensaryToCms/Page_Dispensary Store/input_txttreat'

2018-05-21 10:27:03 - [MESSAGE][PASSED] - Text '100' is set on object 'Object Repository/DispensaryToCms/Page_Dispensary Store/input_txttreat'

2018-05-21 10:27:03 - [TEST_STEP][PASSED] - click: Object: 'Object Repository/DispensaryToCms/Page_Dispensary Store/button_Add' is clicked on

2018-05-21 10:27:03 - [MESSAGE][PASSED] - Object: 'Object Repository/DispensaryToCms/Page_Dispensary Store/button_Add' is clicked on

2018-05-21 10:27:03 - [TEST_STEP][PASSED] - selectOptionByIndex: All options with index in [11] are selected on object 'Object Repository/DispensaryToCms/Page_Dispensary Store/select_--Select--Schedule 1Inj'

2018-05-21 10:27:03 - [MESSAGE][PASSED] - All options with index in [11] are selected on object 'Object Repository/DispensaryToCms/Page_Dispensary Store/select_--Select--Schedule 1Inj'

2018-05-21 10:27:03 - [TEST_STEP][PASSED] - selectOptionByIndex: All options with index in [50] are selected on object 'Object Repository/DispensaryToCms/Page_Dispensary Store/select_--Select--Adernaline 0.'

2018-05-21 10:27:04 - [MESSAGE][PASSED] - All options with index in [50] are selected on object 'Object Repository/DispensaryToCms/Page_Dispensary Store/select_--Select--Adernaline 0.'

2018-05-21 10:27:04 - [TEST_STEP][PASSED] - setText: Text '100' is set on object 'Object Repository/DispensaryToCms/Page_Dispensary Store/input_txttreat'

2018-05-21 10:27:04 - [MESSAGE][PASSED] - Text '100' is set on object 'Object Repository/DispensaryToCms/Page_Dispensary Store/input_txttreat'

2018-05-21 10:27:04 - [TEST_STEP][PASSED] - click: Object: 'Object Repository/DispensaryToCms/Page_Dispensary Store/button_Add' is clicked on

2018-05-21 10:27:04 - [MESSAGE][PASSED] - Object: 'Object Repository/DispensaryToCms/Page_Dispensary Store/button_Add' is clicked on

2018-05-21 10:27:04 - [TEST_STEP][PASSED] - selectOptionByIndex: All options with index in [11] are selected on object 'Object Repository/DispensaryToCms/Page_Dispensary Store/select_--Select--Schedule 1Inj'

2018-05-21 10:27:04 - [MESSAGE][PASSED] - All options with index in [11] are selected on object 'Object Repository/DispensaryToCms/Page_Dispensary Store/select_--Select--Schedule 1Inj'

2018-05-21 10:27:04 - [TEST_STEP][PASSED] - selectOptionByIndex: All options with index in [51] are selected on object 'Object Repository/DispensaryToCms/Page_Dispensary Store/select_--Select--Adernaline 0.'

2018-05-21 10:27:05 - [MESSAGE][PASSED] - All options with index in [51] are selected on object 'Object Repository/DispensaryToCms/Page_Dispensary Store/select_--Select--Adernaline 0.'

2018-05-21 10:27:05 - [TEST_STEP][PASSED] - setText: Text '100' is set on object 'Object Repository/DispensaryToCms/Page_Dispensary Store/input_txttreat'

2018-05-21 10:27:05 - [MESSAGE][PASSED] - Text '100' is set on object 'Object Repository/DispensaryToCms/Page_Dispensary Store/input_txttreat'

2018-05-21 10:27:05 - [TEST_STEP][PASSED] - click: Object: 'Object Repository/DispensaryToCms/Page_Dispensary Store/button_Add' is clicked on

2018-05-21 10:27:05 - [MESSAGE][PASSED] - Object: 'Object Repository/DispensaryToCms/Page_Dispensary Store/button_Add' is clicked on

2018-05-21 10:27:05 - [TEST_STEP][PASSED] - selectOptionByIndex: All options with index in [11] are selected on object 'Object Repository/DispensaryToCms/Page_Dispensary Store/select_--Select--Schedule 1Inj'

2018-05-21 10:27:05 - [MESSAGE][PASSED] - All options with index in [11] are selected on object 'Object Repository/DispensaryToCms/Page_Dispensary Store/select_--Select--Schedule 1Inj'

2018-05-21 10:27:05 - [TEST_STEP][PASSED] - selectOptionByIndex: All options with index in [52] are selected on object 'Object Repository/DispensaryToCms/Page_Dispensary Store/select_--Select--Adernaline 0.'

2018-05-21 10:27:06 - [MESSAGE][PASSED] - All options with index in [52] are selected on object 'Object Repository/DispensaryToCms/Page_Dispensary Store/select_--Select--Adernaline 0.'

2018-05-21 10:27:06 - [TEST_STEP][PASSED] - setText: Text '100' is set on object 'Object Repository/DispensaryToCms/Page_Dispensary Store/input_txttreat'

2018-05-21 10:27:06 - [MESSAGE][PASSED] - Text '100' is set on object 'Object Repository/DispensaryToCms/Page_Dispensary Store/input_txttreat'

2018-05-21 10:27:06 - [TEST_STEP][PASSED] - click: Object: 'Object Repository/DispensaryToCms/Page_Dispensary Store/button_Add' is clicked on

2018-05-21 10:27:06 - [MESSAGE][PASSED] - Object: 'Object Repository/DispensaryToCms/Page_Dispensary Store/button_Add' is clicked on

2018-05-21 10:27:06 - [TEST_STEP][PASSED] - selectOptionByIndex: All options with index in [11] are selected on object 'Object Repository/DispensaryToCms/Page_Dispensary Store/select_--Select--Schedule 1Inj'

2018-05-21 10:27:06 - [MESSAGE][PASSED] - All options with index in [11] are selected on object 'Object Repository/DispensaryToCms/Page_Dispensary Store/select_--Select--Schedule 1Inj'

2018-05-21 10:27:06 - [TEST_STEP][PASSED] - selectOptionByIndex: All options with index in [53] are selected on object 'Object Repository/DispensaryToCms/Page_Dispensary Store/select_--Select--Adernaline 0.'

2018-05-21 10:27:07 - [MESSAGE][PASSED] - All options with index in [53] are selected on object 'Object Repository/DispensaryToCms/Page_Dispensary Store/select_--Select--Adernaline 0.'

2018-05-21 10:27:07 - [TEST_STEP][PASSED] - setText: Text '100' is set on object 'Object Repository/DispensaryToCms/Page_Dispensary Store/input_txttreat'

2018-05-21 10:27:07 - [MESSAGE][PASSED] - Text '100' is set on object 'Object Repository/DispensaryToCms/Page_Dispensary Store/input_txttreat'

2018-05-21 10:27:07 - [TEST_STEP][PASSED] - click: Object: 'Object Repository/DispensaryToCms/Page_Dispensary Store/button_Add' is clicked on

2018-05-21 10:27:07 - [MESSAGE][PASSED] - Object: 'Object Repository/DispensaryToCms/Page_Dispensary Store/button_Add' is clicked on

2018-05-21 10:27:07 - [TEST_STEP][PASSED] - selectOptionByIndex: All options with index in [11] are selected on object 'Object Repository/DispensaryToCms/Page_Dispensary Store/select_--Select--Schedule 1Inj'

2018-05-21 10:27:07 - [MESSAGE][PASSED] - All options with index in [11] are selected on object 'Object Repository/DispensaryToCms/Page_Dispensary Store/select_--Select--Schedule 1Inj'

2018-05-21 10:27:07 - [TEST_STEP][PASSED] - selectOptionByIndex: All options with index in [54] are selected on object 'Object Repository/DispensaryToCms/Page_Dispensary Store/select_--Select--Adernaline 0.'

2018-05-21 10:27:08 - [MESSAGE][PASSED] - All options with index in [54] are selected on object 'Object Repository/DispensaryToCms/Page_Dispensary Store/select_--Select--Adernaline 0.'

2018-05-21 10:27:08 - [TEST_STEP][PASSED] - setText: Text '100' is set on object 'Object Repository/DispensaryToCms/Page_Dispensary Store/input_txttreat'

2018-05-21 10:27:08 - [MESSAGE][PASSED] - Text '100' is set on object 'Object Repository/DispensaryToCms/Page_Dispensary Store/input_txttreat'

2018-05-21 10:27:08 - [TEST_STEP][PASSED] - click: Object: 'Object Repository/DispensaryToCms/Page_Dispensary Store/button_Add' is clicked on

2018-05-21 10:27:08 - [MESSAGE][PASSED] - Object: 'Object Repository/DispensaryToCms/Page_Dispensary Store/button_Add' is clicked on

2018-05-21 10:27:08 - [TEST_STEP][PASSED] - selectOptionByIndex: All options with index in [11] are selected on object 'Object Repository/DispensaryToCms/Page_Dispensary Store/select_--Select--Schedule 1Inj'

2018-05-21 10:27:08 - [MESSAGE][PASSED] - All options with index in [11] are selected on object 'Object Repository/DispensaryToCms/Page_Dispensary Store/select_--Select--Schedule 1Inj'

2018-05-21 10:27:08 - [TEST_STEP][PASSED] - selectOptionByIndex: All options with index in [55] are selected on object 'Object Repository/DispensaryToCms/Page_Dispensary Store/select_--Select--Adernaline 0.'

2018-05-21 10:27:09 - [MESSAGE][PASSED] - All options with index in [55] are selected on object 'Object Repository/DispensaryToCms/Page_Dispensary Store/select_--Select--Adernaline 0.'

2018-05-21 10:27:09 - [TEST_STEP][PASSED] - setText: Text '100' is set on object 'Object Repository/DispensaryToCms/Page_Dispensary Store/input_txttreat'

2018-05-21 10:27:09 - [MESSAGE][PASSED] - Text '100' is set on object 'Object Repository/DispensaryToCms/Page_Dispensary Store/input_txttreat'

2018-05-21 10:27:09 - [TEST_STEP][PASSED] - click: Object: 'Object Repository/DispensaryToCms/Page_Dispensary Store/button_Add' is clicked on

2018-05-21 10:27:09 - [MESSAGE][PASSED] - Object: 'Object Repository/DispensaryToCms/Page_Dispensary Store/button_Add' is clicked on

2018-05-21 10:27:09 - [TEST_STEP][PASSED] - selectOptionByIndex: All options with index in [11] are selected on object 'Object Repository/DispensaryToCms/Page_Dispensary Store/select_--Select--Schedule 1Inj'

2018-05-21 10:27:09 - [MESSAGE][PASSED] - All options with index in [11] are selected on object 'Object Repository/DispensaryToCms/Page_Dispensary Store/select_--Select--Schedule 1Inj'

2018-05-21 10:27:09 - [TEST_STEP][PASSED] - selectOptionByIndex: All options with index in [56] are selected on object 'Object Repository/DispensaryToCms/Page_Dispensary Store/select_--Select--Adernaline 0.'

2018-05-21 10:27:10 - [MESSAGE][PASSED] - All options with index in [56] are selected on object 'Object Repository/DispensaryToCms/Page_Dispensary Store/select_--Select--Adernaline 0.'

2018-05-21 10:27:10 - [TEST_STEP][PASSED] - setText: Text '100' is set on object 'Object Repository/DispensaryToCms/Page_Dispensary Store/input_txttreat'

2018-05-21 10:27:10 - [MESSAGE][PASSED] - Text '100' is set on object 'Object Repository/DispensaryToCms/Page_Dispensary Store/input_txttreat'

2018-05-21 10:27:10 - [TEST_STEP][PASSED] - click: Object: 'Object Repository/DispensaryToCms/Page_Dispensary Store/button_Add' is clicked on

2018-05-21 10:27:10 - [MESSAGE][PASSED] - Object: 'Object Repository/DispensaryToCms/Page_Dispensary Store/button_Add' is clicked on

2018-05-21 10:27:10 - [TEST_STEP][PASSED] - selectOptionByIndex: All options with index in [11] are selected on object 'Object Repository/DispensaryToCms/Page_Dispensary Store/select_--Select--Schedule 1Inj'

2018-05-21 10:27:10 - [MESSAGE][PASSED] - All options with index in [11] are selected on object 'Object Repository/DispensaryToCms/Page_Dispensary Store/select_--Select--Schedule 1Inj'

2018-05-21 10:27:10 - [TEST_STEP][PASSED] - selectOptionByIndex: All options with index in [57] are selected on object 'Object Repository/DispensaryToCms/Page_Dispensary Store/select_--Select--Adernaline 0.'

2018-05-21 10:27:11 - [MESSAGE][PASSED] - All options with index in [57] are selected on object 'Object Repository/DispensaryToCms/Page_Dispensary Store/select_--Select--Adernaline 0.'

2018-05-21 10:27:11 - [TEST_STEP][PASSED] - setText: Text '100' is set on object 'Object Repository/DispensaryToCms/Page_Dispensary Store/input_txttreat'

2018-05-21 10:27:11 - [MESSAGE][PASSED] - Text '100' is set on object 'Object Repository/DispensaryToCms/Page_Dispensary Store/input_txttreat'

2018-05-21 10:27:11 - [TEST_STEP][PASSED] - click: Object: 'Object Repository/DispensaryToCms/Page_Dispensary Store/button_Add' is clicked on

2018-05-21 10:27:11 - [MESSAGE][PASSED] - Object: 'Object Repository/DispensaryToCms/Page_Dispensary Store/button_Add' is clicked on

2018-05-21 10:27:11 - [TEST_STEP][PASSED] - selectOptionByIndex: All options with index in [11] are selected on object 'Object Repository/DispensaryToCms/Page_Dispensary Store/select_--Select--Schedule 1Inj'

2018-05-21 10:27:12 - [MESSAGE][PASSED] - All options with index in [11] are selected on object 'Object Repository/DispensaryToCms/Page_Dispensary Store/select_--Select--Schedule 1Inj'

2018-05-21 10:27:12 - [TEST_STEP][PASSED] - selectOptionByIndex: All options with index in [58] are selected on object 'Object Repository/DispensaryToCms/Page_Dispensary Store/select_--Select--Adernaline 0.'

2018-05-21 10:27:12 - [MESSAGE][PASSED] - All options with index in [58] are selected on object 'Object Repository/DispensaryToCms/Page_Dispensary Store/select_--Select--Adernaline 0.'

2018-05-21 10:27:12 - [TEST_STEP][PASSED] - setText: Text '100' is set on object 'Object Repository/DispensaryToCms/Page_Dispensary Store/input_txttreat'

2018-05-21 10:27:12 - [MESSAGE][PASSED] - Text '100' is set on object 'Object Repository/DispensaryToCms/Page_Dispensary Store/input_txttreat'

2018-05-21 10:27:12 - [TEST_STEP][PASSED] - click: Object: 'Object Repository/DispensaryToCms/Page_Dispensary Store/button_Add' is clicked on

2018-05-21 10:27:13 - [MESSAGE][PASSED] - Object: 'Object Repository/DispensaryToCms/Page_Dispensary Store/button_Add' is clicked on

2018-05-21 10:27:13 - [TEST_STEP][PASSED] - selectOptionByIndex: All options with index in [11] are selected on object 'Object Repository/DispensaryToCms/Page_Dispensary Store/select_--Select--Schedule 1Inj'

2018-05-21 10:27:13 - [MESSAGE][PASSED] - All options with index in [11] are selected on object 'Object Repository/DispensaryToCms/Page_Dispensary Store/select_--Select--Schedule 1Inj'

2018-05-21 10:27:13 - [TEST_STEP][PASSED] - selectOptionByIndex: All options with index in [59] are selected on object 'Object Repository/DispensaryToCms/Page_Dispensary Store/select_--Select--Adernaline 0.'

2018-05-21 10:27:14 - [MESSAGE][PASSED] - All options with index in [59] are selected on object 'Object Repository/DispensaryToCms/Page_Dispensary Store/select_--Select--Adernaline 0.'

2018-05-21 10:27:14 - [TEST_STEP][PASSED] - setText: Text '100' is set on object 'Object Repository/DispensaryToCms/Page_Dispensary Store/input_txttreat'

2018-05-21 10:27:14 - [MESSAGE][PASSED] - Text '100' is set on object 'Object Repository/DispensaryToCms/Page_Dispensary Store/input_txttreat'

2018-05-21 10:27:14 - [TEST_STEP][PASSED] - click: Object: 'Object Repository/DispensaryToCms/Page_Dispensary Store/button_Add' is clicked on

2018-05-21 10:27:14 - [MESSAGE][PASSED] - Object: 'Object Repository/DispensaryToCms/Page_Dispensary Store/button_Add' is clicked on

2018-05-21 10:27:14 - [TEST_STEP][PASSED] - selectOptionByIndex: All options with index in [11] are selected on object 'Object Repository/DispensaryToCms/Page_Dispensary Store/select_--Select--Schedule 1Inj'

2018-05-21 10:27:14 - [MESSAGE][PASSED] - All options with index in [11] are selected on object 'Object Repository/DispensaryToCms/Page_Dispensary Store/select_--Select--Schedule 1Inj'

2018-05-21 10:27:14 - [TEST_STEP][PASSED] - selectOptionByIndex: All options with index in [60] are selected on object 'Object Repository/DispensaryToCms/Page_Dispensary Store/select_--Select--Adernaline 0.'

2018-05-21 10:27:15 - [MESSAGE][PASSED] - All options with index in [60] are selected on object 'Object Repository/DispensaryToCms/Page_Dispensary Store/select_--Select--Adernaline 0.'

2018-05-21 10:27:15 - [TEST_STEP][PASSED] - setText: Text '100' is set on object 'Object Repository/DispensaryToCms/Page_Dispensary Store/input_txttreat'

2018-05-21 10:27:15 - [MESSAGE][PASSED] - Text '100' is set on object 'Object Repository/DispensaryToCms/Page_Dispensary Store/input_txttreat'

2018-05-21 10:27:15 - [TEST_STEP][PASSED] - click: Object: 'Object Repository/DispensaryToCms/Page_Dispensary Store/button_Add' is clicked on

2018-05-21 10:27:15 - [MESSAGE][PASSED] - Object: 'Object Repository/DispensaryToCms/Page_Dispensary Store/button_Add' is clicked on

2018-05-21 10:27:15 - [TEST_STEP][PASSED] - selectOptionByIndex: All options with index in [11] are selected on object 'Object Repository/DispensaryToCms/Page_Dispensary Store/select_--Select--Schedule 1Inj'

2018-05-21 10:27:15 - [MESSAGE][PASSED] - All options with index in [11] are selected on object 'Object Repository/DispensaryToCms/Page_Dispensary Store/select_--Select--Schedule 1Inj'

2018-05-21 10:27:15 - [TEST_STEP][PASSED] - selectOptionByIndex: All options with index in [61] are selected on object 'Object Repository/DispensaryToCms/Page_Dispensary Store/select_--Select--Adernaline 0.'

2018-05-21 10:27:16 - [MESSAGE][PASSED] - All options with index in [61] are selected on object 'Object Repository/DispensaryToCms/Page_Dispensary Store/select_--Select--Adernaline 0.'

2018-05-21 10:27:16 - [TEST_STEP][PASSED] - setText: Text '100' is set on object 'Object Repository/DispensaryToCms/Page_Dispensary Store/input_txttreat'

2018-05-21 10:27:16 - [MESSAGE][PASSED] - Text '100' is set on object 'Object Repository/DispensaryToCms/Page_Dispensary Store/input_txttreat'

2018-05-21 10:27:16 - [TEST_STEP][PASSED] - click: Object: 'Object Repository/DispensaryToCms/Page_Dispensary Store/button_Add' is clicked on

2018-05-21 10:27:16 - [MESSAGE][PASSED] - Object: 'Object Repository/DispensaryToCms/Page_Dispensary Store/button_Add' is clicked on

2018-05-21 10:27:16 - [TEST_STEP][PASSED] - selectOptionByIndex: All options with index in [11] are selected on object 'Object Repository/DispensaryToCms/Page_Dispensary Store/select_--Select--Schedule 1Inj'

2018-05-21 10:27:16 - [MESSAGE][PASSED] - All options with index in [11] are selected on object 'Object Repository/DispensaryToCms/Page_Dispensary Store/select_--Select--Schedule 1Inj'

2018-05-21 10:27:16 - [TEST_STEP][PASSED] - selectOptionByIndex: All options with index in [62] are selected on object 'Object Repository/DispensaryToCms/Page_Dispensary Store/select_--Select--Adernaline 0.'

2018-05-21 10:27:17 - [MESSAGE][PASSED] - All options with index in [62] are selected on object 'Object Repository/DispensaryToCms/Page_Dispensary Store/select_--Select--Adernaline 0.'

2018-05-21 10:27:17 - [TEST_STEP][PASSED] - setText: Text '100' is set on object 'Object Repository/DispensaryToCms/Page_Dispensary Store/input_txttreat'

2018-05-21 10:27:17 - [MESSAGE][PASSED] - Text '100' is set on object 'Object Repository/DispensaryToCms/Page_Dispensary Store/input_txttreat'

2018-05-21 10:27:17 - [TEST_STEP][PASSED] - click: Object: 'Object Repository/DispensaryToCms/Page_Dispensary Store/button_Add' is clicked on

2018-05-21 10:27:17 - [MESSAGE][PASSED] - Object: 'Object Repository/DispensaryToCms/Page_Dispensary Store/button_Add' is clicked on

2018-05-21 10:27:17 - [TEST_STEP][PASSED] - selectOptionByIndex: All options with index in [11] are selected on object 'Object Repository/DispensaryToCms/Page_Dispensary Store/select_--Select--Schedule 1Inj'

2018-05-21 10:27:17 - [MESSAGE][PASSED] - All options with index in [11] are selected on object 'Object Repository/DispensaryToCms/Page_Dispensary Store/select_--Select--Schedule 1Inj'

2018-05-21 10:27:17 - [TEST_STEP][PASSED] - selectOptionByIndex: All options with index in [63] are selected on object 'Object Repository/DispensaryToCms/Page_Dispensary Store/select_--Select--Adernaline 0.'

2018-05-21 10:27:18 - [MESSAGE][PASSED] - All options with index in [63] are selected on object 'Object Repository/DispensaryToCms/Page_Dispensary Store/select_--Select--Adernaline 0.'

2018-05-21 10:27:18 - [TEST_STEP][PASSED] - setText: Text '100' is set on object 'Object Repository/DispensaryToCms/Page_Dispensary Store/input_txttreat'

2018-05-21 10:27:18 - [MESSAGE][PASSED] - Text '100' is set on object 'Object Repository/DispensaryToCms/Page_Dispensary Store/input_txttreat'

2018-05-21 10:27:18 - [TEST_STEP][PASSED] - click: Object: 'Object Repository/DispensaryToCms/Page_Dispensary Store/button_Add' is clicked on

2018-05-21 10:27:18 - [MESSAGE][PASSED] - Object: 'Object Repository/DispensaryToCms/Page_Dispensary Store/button_Add' is clicked on

2018-05-21 10:27:18 - [TEST_STEP][PASSED] - selectOptionByIndex: All options with index in [11] are selected on object 'Object Repository/DispensaryToCms/Page_Dispensary Store/select_--Select--Schedule 1Inj'

2018-05-21 10:27:19 - [MESSAGE][PASSED] - All options with index in [11] are selected on object 'Object Repository/DispensaryToCms/Page_Dispensary Store/select_--Select--Schedule 1Inj'

2018-05-21 10:27:19 - [TEST_STEP][PASSED] - selectOptionByIndex: All options with index in [64] are selected on object 'Object Repository/DispensaryToCms/Page_Dispensary Store/select_--Select--Adernaline 0.'

2018-05-21 10:27:19 - [MESSAGE][PASSED] - All options with index in [64] are selected on object 'Object Repository/DispensaryToCms/Page_Dispensary Store/select_--Select--Adernaline 0.'

2018-05-21 10:27:19 - [TEST_STEP][PASSED] - setText: Text '100' is set on object 'Object Repository/DispensaryToCms/Page_Dispensary Store/input_txttreat'

2018-05-21 10:27:19 - [MESSAGE][PASSED] - Text '100' is set on object 'Object Repository/DispensaryToCms/Page_Dispensary Store/input_txttreat'

2018-05-21 10:27:19 - [TEST_STEP][PASSED] - click: Object: 'Object Repository/DispensaryToCms/Page_Dispensary Store/button_Add' is clicked on

2018-05-21 10:27:20 - [MESSAGE][PASSED] - Object: 'Object Repository/DispensaryToCms/Page_Dispensary Store/button_Add' is clicked on

2018-05-21 10:27:20 - [TEST_STEP][PASSED] - selectOptionByIndex: All options with index in [11] are selected on object 'Object Repository/DispensaryToCms/Page_Dispensary Store/select_--Select--Schedule 1Inj'

2018-05-21 10:27:20 - [MESSAGE][PASSED] - All options with index in [11] are selected on object 'Object Repository/DispensaryToCms/Page_Dispensary Store/select_--Select--Schedule 1Inj'

2018-05-21 10:27:20 - [TEST_STEP][PASSED] - selectOptionByIndex: All options with index in [65] are selected on object 'Object Repository/DispensaryToCms/Page_Dispensary Store/select_--Select--Adernaline 0.'

2018-05-21 10:27:21 - [MESSAGE][PASSED] - All options with index in [65] are selected on object 'Object Repository/DispensaryToCms/Page_Dispensary Store/select_--Select--Adernaline 0.'

2018-05-21 10:27:21 - [TEST_STEP][PASSED] - setText: Text '100' is set on object 'Object Repository/DispensaryToCms/Page_Dispensary Store/input_txttreat'

2018-05-21 10:27:21 - [MESSAGE][PASSED] - Text '100' is set on object 'Object Repository/DispensaryToCms/Page_Dispensary Store/input_txttreat'

2018-05-21 10:27:21 - [TEST_STEP][PASSED] - click: Object: 'Object Repository/DispensaryToCms/Page_Dispensary Store/button_Add' is clicked on

2018-05-21 10:27:21 - [MESSAGE][PASSED] - Object: 'Object Repository/DispensaryToCms/Page_Dispensary Store/button_Add' is clicked on

2018-05-21 10:27:21 - [TEST_STEP][PASSED] - selectOptionByIndex: All options with index in [11] are selected on object 'Object Repository/DispensaryToCms/Page_Dispensary Store/select_--Select--Schedule 1Inj'

2018-05-21 10:27:21 - [MESSAGE][PASSED] - All options with index in [11] are selected on object 'Object Repository/DispensaryToCms/Page_Dispensary Store/select_--Select--Schedule 1Inj'

2018-05-21 10:27:21 - [TEST_STEP][PASSED] - selectOptionByIndex: All options with index in [66] are selected on object 'Object Repository/DispensaryToCms/Page_Dispensary Store/select_--Select--Adernaline 0.'

2018-05-21 10:27:22 - [MESSAGE][PASSED] - All options with index in [66] are selected on object 'Object Repository/DispensaryToCms/Page_Dispensary Store/select_--Select--Adernaline 0.'

2018-05-21 10:27:22 - [TEST_STEP][PASSED] - setText: Text '100' is set on object 'Object Repository/DispensaryToCms/Page_Dispensary Store/input_txttreat'

2018-05-21 10:27:22 - [MESSAGE][PASSED] - Text '100' is set on object 'Object Repository/DispensaryToCms/Page_Dispensary Store/input_txttreat'

2018-05-21 10:27:22 - [TEST_STEP][PASSED] - click: Object: 'Object Repository/DispensaryToCms/Page_Dispensary Store/button_Add' is clicked on

2018-05-21 10:27:22 - [MESSAGE][PASSED] - Object: 'Object Repository/DispensaryToCms/Page_Dispensary Store/button_Add' is clicked on

2018-05-21 10:27:22 - [TEST_STEP][PASSED] - selectOptionByIndex: All options with index in [11] are selected on object 'Object Repository/DispensaryToCms/Page_Dispensary Store/select_--Select--Schedule 1Inj'

2018-05-21 10:27:22 - [MESSAGE][PASSED] - All options with index in [11] are selected on object 'Object Repository/DispensaryToCms/Page_Dispensary Store/select_--Select--Schedule 1Inj'

2018-05-21 10:27:22 - [TEST_STEP][PASSED] - selectOptionByIndex: All options with index in [67] are selected on object 'Object Repository/DispensaryToCms/Page_Dispensary Store/select_--Select--Adernaline 0.'

2018-05-21 10:27:23 - [MESSAGE][PASSED] - All options with index in [67] are selected on object 'Object Repository/DispensaryToCms/Page_Dispensary Store/select_--Select--Adernaline 0.'

2018-05-21 10:27:23 - [TEST_STEP][PASSED] - setText: Text '100' is set on object 'Object Repository/DispensaryToCms/Page_Dispensary Store/input_txttreat'

2018-05-21 10:27:23 - [MESSAGE][PASSED] - Text '100' is set on object 'Object Repository/DispensaryToCms/Page_Dispensary Store/input_txttreat'

2018-05-21 10:27:23 - [TEST_STEP][PASSED] - click: Object: 'Object Repository/DispensaryToCms/Page_Dispensary Store/button_Add' is clicked on

2018-05-21 10:27:23 - [MESSAGE][PASSED] - Object: 'Object Repository/DispensaryToCms/Page_Dispensary Store/button_Add' is clicked on

2018-05-21 10:27:23 - [TEST_STEP][PASSED] - selectOptionByIndex: All options with index in [11] are selected on object 'Object Repository/DispensaryToCms/Page_Dispensary Store/select_--Select--Schedule 1Inj'

2018-05-21 10:27:24 - [MESSAGE][PASSED] - All options with index in [11] are selected on object 'Object Repository/DispensaryToCms/Page_Dispensary Store/select_--Select--Schedule 1Inj'

2018-05-21 10:27:24 - [TEST_STEP][PASSED] - selectOptionByIndex: All options with index in [68] are selected on object 'Object Repository/DispensaryToCms/Page_Dispensary Store/select_--Select--Adernaline 0.'

2018-05-21 10:27:24 - [MESSAGE][PASSED] - All options with index in [68] are selected on object 'Object Repository/DispensaryToCms/Page_Dispensary Store/select_--Select--Adernaline 0.'

2018-05-21 10:27:24 - [TEST_STEP][PASSED] - setText: Text '100' is set on object 'Object Repository/DispensaryToCms/Page_Dispensary Store/input_txttreat'

2018-05-21 10:27:24 - [MESSAGE][PASSED] - Text '100' is set on object 'Object Repository/DispensaryToCms/Page_Dispensary Store/input_txttreat'

2018-05-21 10:27:24 - [TEST_STEP][PASSED] - click: Object: 'Object Repository/DispensaryToCms/Page_Dispensary Store/button_Add' is clicked on

2018-05-21 10:27:25 - [MESSAGE][PASSED] - Object: 'Object Repository/DispensaryToCms/Page_Dispensary Store/button_Add' is clicked on

2018-05-21 10:27:25 - [TEST_STEP][PASSED] - selectOptionByIndex: All options with index in [11] are selected on object 'Object Repository/DispensaryToCms/Page_Dispensary Store/select_--Select--Schedule 1Inj'

2018-05-21 10:27:25 - [MESSAGE][PASSED] - All options with index in [11] are selected on object 'Object Repository/DispensaryToCms/Page_Dispensary Store/select_--Select--Schedule 1Inj'

2018-05-21 10:27:25 - [TEST_STEP][PASSED] - selectOptionByIndex: All options with index in [69] are selected on object 'Object Repository/DispensaryToCms/Page_Dispensary Store/select_--Select--Adernaline 0.'

2018-05-21 10:27:26 - [MESSAGE][PASSED] - All options with index in [69] are selected on object 'Object Repository/DispensaryToCms/Page_Dispensary Store/select_--Select--Adernaline 0.'

2018-05-21 10:27:26 - [TEST_STEP][PASSED] - setText: Text '100' is set on object 'Object Repository/DispensaryToCms/Page_Dispensary Store/input_txttreat'

2018-05-21 10:27:26 - [MESSAGE][PASSED] - Text '100' is set on object 'Object Repository/DispensaryToCms/Page_Dispensary Store/input_txttreat'

2018-05-21 10:27:26 - [TEST_STEP][PASSED] - click: Object: 'Object Repository/DispensaryToCms/Page_Dispensary Store/button_Add' is clicked on

2018-05-21 10:27:26 - [MESSAGE][PASSED] - Object: 'Object Repository/DispensaryToCms/Page_Dispensary Store/button_Add' is clicked on

2018-05-21 10:27:26 - [TEST_STEP][PASSED] - selectOptionByIndex: All options with index in [11] are selected on object 'Object Repository/DispensaryToCms/Page_Dispensary Store/select_--Select--Schedule 1Inj'

2018-05-21 10:27:26 - [MESSAGE][PASSED] - All options with index in [11] are selected on object 'Object Repository/DispensaryToCms/Page_Dispensary Store/select_--Select--Schedule 1Inj'

2018-05-21 10:27:26 - [TEST_STEP][PASSED] - selectOptionByIndex: All options with index in [70] are selected on object 'Object Repository/DispensaryToCms/Page_Dispensary Store/select_--Select--Adernaline 0.'

2018-05-21 10:27:27 - [MESSAGE][PASSED] - All options with index in [70] are selected on object 'Object Repository/DispensaryToCms/Page_Dispensary Store/select_--Select--Adernaline 0.'

2018-05-21 10:27:27 - [TEST_STEP][PASSED] - setText: Text '100' is set on object 'Object Repository/DispensaryToCms/Page_Dispensary Store/input_txttreat'

2018-05-21 10:27:27 - [MESSAGE][PASSED] - Text '100' is set on object 'Object Repository/DispensaryToCms/Page_Dispensary Store/input_txttreat'

2018-05-21 10:27:27 - [TEST_STEP][PASSED] - click: Object: 'Object Repository/DispensaryToCms/Page_Dispensary Store/button_Add' is clicked on

2018-05-21 10:27:27 - [MESSAGE][PASSED] - Object: 'Object Repository/DispensaryToCms/Page_Dispensary Store/button_Add' is clicked on

2018-05-21 10:27:27 - [TEST_STEP][PASSED] - selectOptionByIndex: All options with index in [11] are selected on object 'Object Repository/DispensaryToCms/Page_Dispensary Store/select_--Select--Schedule 1Inj'

2018-05-21 10:27:27 - [MESSAGE][PASSED] - All options with index in [11] are selected on object 'Object Repository/DispensaryToCms/Page_Dispensary Store/select_--Select--Schedule 1Inj'

2018-05-21 10:27:27 - [TEST_STEP][PASSED] - selectOptionByIndex: All options with index in [71] are selected on object 'Object Repository/DispensaryToCms/Page_Dispensary Store/select_--Select--Adernaline 0.'

2018-05-21 10:27:28 - [MESSAGE][PASSED] - All options with index in [71] are selected on object 'Object Repository/DispensaryToCms/Page_Dispensary Store/select_--Select--Adernaline 0.'

2018-05-21 10:27:28 - [TEST_STEP][PASSED] - setText: Text '100' is set on object 'Object Repository/DispensaryToCms/Page_Dispensary Store/input_txttreat'

2018-05-21 10:27:28 - [MESSAGE][PASSED] - Text '100' is set on object 'Object Repository/DispensaryToCms/Page_Dispensary Store/input_txttreat'

2018-05-21 10:27:28 - [TEST_STEP][PASSED] - click: Object: 'Object Repository/DispensaryToCms/Page_Dispensary Store/button_Add' is clicked on

2018-05-21 10:27:28 - [MESSAGE][PASSED] - Object: 'Object Repository/DispensaryToCms/Page_Dispensary Store/button_Add' is clicked on

2018-05-21 10:27:28 - [TEST_STEP][PASSED] - selectOptionByIndex: All options with index in [11] are selected on object 'Object Repository/DispensaryToCms/Page_Dispensary Store/select_--Select--Schedule 1Inj'

2018-05-21 10:27:28 - [MESSAGE][PASSED] - All options with index in [11] are selected on object 'Object Repository/DispensaryToCms/Page_Dispensary Store/select_--Select--Schedule 1Inj'

2018-05-21 10:27:28 - [TEST_STEP][PASSED] - selectOptionByIndex: All options with index in [72] are selected on object 'Object Repository/DispensaryToCms/Page_Dispensary Store/select_--Select--Adernaline 0.'

2018-05-21 10:27:29 - [MESSAGE][PASSED] - All options with index in [72] are selected on object 'Object Repository/DispensaryToCms/Page_Dispensary Store/select_--Select--Adernaline 0.'

2018-05-21 10:27:29 - [TEST_STEP][PASSED] - setText: Text '100' is set on object 'Object Repository/DispensaryToCms/Page_Dispensary Store/input_txttreat'

2018-05-21 10:27:29 - [MESSAGE][PASSED] - Text '100' is set on object 'Object Repository/DispensaryToCms/Page_Dispensary Store/input_txttreat'

2018-05-21 10:27:29 - [TEST_STEP][PASSED] - click: Object: 'Object Repository/DispensaryToCms/Page_Dispensary Store/button_Add' is clicked on

2018-05-21 10:27:29 - [MESSAGE][PASSED] - Object: 'Object Repository/DispensaryToCms/Page_Dispensary Store/button_Add' is clicked on

2018-05-21 10:27:29 - [TEST_STEP][PASSED] - selectOptionByIndex: All options with index in [11] are selected on object 'Object Repository/DispensaryToCms/Page_Dispensary Store/select_--Select--Schedule 1Inj'

2018-05-21 10:27:30 - [MESSAGE][PASSED] - All options with index in [11] are selected on object 'Object Repository/DispensaryToCms/Page_Dispensary Store/select_--Select--Schedule 1Inj'

2018-05-21 10:27:30 - [TEST_STEP][PASSED] - selectOptionByIndex: All options with index in [73] are selected on object 'Object Repository/DispensaryToCms/Page_Dispensary Store/select_--Select--Adernaline 0.'

2018-05-21 10:27:31 - [MESSAGE][PASSED] - All options with index in [73] are selected on object 'Object Repository/DispensaryToCms/Page_Dispensary Store/select_--Select--Adernaline 0.'

2018-05-21 10:27:31 - [TEST_STEP][PASSED] - setText: Text '100' is set on object 'Object Repository/DispensaryToCms/Page_Dispensary Store/input_txttreat'

2018-05-21 10:27:31 - [MESSAGE][PASSED] - Text '100' is set on object 'Object Repository/DispensaryToCms/Page_Dispensary Store/input_txttreat'

2018-05-21 10:27:31 - [TEST_STEP][PASSED] - click: Object: 'Object Repository/DispensaryToCms/Page_Dispensary Store/button_Add' is clicked on

2018-05-21 10:27:31 - [MESSAGE][PASSED] - Object: 'Object Repository/DispensaryToCms/Page_Dispensary Store/button_Add' is clicked on

2018-05-21 10:27:31 - [TEST_STEP][PASSED] - selectOptionByIndex: All options with index in [11] are selected on object 'Object Repository/DispensaryToCms/Page_Dispensary Store/select_--Select--Schedule 1Inj'

2018-05-21 10:27:31 - [MESSAGE][PASSED] - All options with index in [11] are selected on object 'Object Repository/DispensaryToCms/Page_Dispensary Store/select_--Select--Schedule 1Inj'

2018-05-21 10:27:31 - [TEST_STEP][PASSED] - selectOptionByIndex: All options with index in [74] are selected on object 'Object Repository/DispensaryToCms/Page_Dispensary Store/select_--Select--Adernaline 0.'

2018-05-21 10:27:32 - [MESSAGE][PASSED] - All options with index in [74] are selected on object 'Object Repository/DispensaryToCms/Page_Dispensary Store/select_--Select--Adernaline 0.'

2018-05-21 10:27:32 - [TEST_STEP][PASSED] - setText: Text '100' is set on object 'Object Repository/DispensaryToCms/Page_Dispensary Store/input_txttreat'

2018-05-21 10:27:32 - [MESSAGE][PASSED] - Text '100' is set on object 'Object Repository/DispensaryToCms/Page_Dispensary Store/input_txttreat'

2018-05-21 10:27:32 - [TEST_STEP][PASSED] - click: Object: 'Object Repository/DispensaryToCms/Page_Dispensary Store/button_Add' is clicked on

2018-05-21 10:27:32 - [MESSAGE][PASSED] - Object: 'Object Repository/DispensaryToCms/Page_Dispensary Store/button_Add' is clicked on

2018-05-21 10:27:32 - [TEST_STEP][PASSED] - selectOptionByIndex: All options with index in [11] are selected on object 'Object Repository/DispensaryToCms/Page_Dispensary Store/select_--Select--Schedule 1Inj'

2018-05-21 10:27:32 - [MESSAGE][PASSED] - All options with index in [11] are selected on object 'Object Repository/DispensaryToCms/Page_Dispensary Store/select_--Select--Schedule 1Inj'

2018-05-21 10:27:32 - [TEST_STEP][PASSED] - selectOptionByIndex: All options with index in [75] are selected on object 'Object Repository/DispensaryToCms/Page_Dispensary Store/select_--Select--Adernaline 0.'

2018-05-21 10:27:33 - [MESSAGE][PASSED] - All options with index in [75] are selected on object 'Object Repository/DispensaryToCms/Page_Dispensary Store/select_--Select--Adernaline 0.'

2018-05-21 10:27:33 - [TEST_STEP][PASSED] - setText: Text '100' is set on object 'Object Repository/DispensaryToCms/Page_Dispensary Store/input_txttreat'

2018-05-21 10:27:33 - [MESSAGE][PASSED] - Text '100' is set on object 'Object Repository/DispensaryToCms/Page_Dispensary Store/input_txttreat'

2018-05-21 10:27:33 - [TEST_STEP][PASSED] - click: Object: 'Object Repository/DispensaryToCms/Page_Dispensary Store/button_Add' is clicked on

2018-05-21 10:27:33 - [MESSAGE][PASSED] - Object: 'Object Repository/DispensaryToCms/Page_Dispensary Store/button_Add' is clicked on

2018-05-21 10:27:33 - [TEST_STEP][PASSED] - selectOptionByIndex: All options with index in [11] are selected on object 'Object Repository/DispensaryToCms/Page_Dispensary Store/select_--Select--Schedule 1Inj'

2018-05-21 10:27:33 - [MESSAGE][PASSED] - All options with index in [11] are selected on object 'Object Repository/DispensaryToCms/Page_Dispensary Store/select_--Select--Schedule 1Inj'

2018-05-21 10:27:33 - [TEST_STEP][PASSED] - selectOptionByIndex: All options with index in [76] are selected on object 'Object Repository/DispensaryToCms/Page_Dispensary Store/select_--Select--Adernaline 0.'

2018-05-21 10:27:34 - [MESSAGE][PASSED] - All options with index in [76] are selected on object 'Object Repository/DispensaryToCms/Page_Dispensary Store/select_--Select--Adernaline 0.'

2018-05-21 10:27:34 - [TEST_STEP][PASSED] - setText: Text '100' is set on object 'Object Repository/DispensaryToCms/Page_Dispensary Store/input_txttreat'

2018-05-21 10:27:34 - [MESSAGE][PASSED] - Text '100' is set on object 'Object Repository/DispensaryToCms/Page_Dispensary Store/input_txttreat'

2018-05-21 10:27:34 - [TEST_STEP][PASSED] - click: Object: 'Object Repository/DispensaryToCms/Page_Dispensary Store/button_Add' is clicked on

2018-05-21 10:27:35 - [MESSAGE][PASSED] - Object: 'Object Repository/DispensaryToCms/Page_Dispensary Store/button_Add' is clicked on

2018-05-21 10:27:35 - [TEST_STEP][PASSED] - selectOptionByIndex: All options with index in [11] are selected on object 'Object Repository/DispensaryToCms/Page_Dispensary Store/select_--Select--Schedule 1Inj'

2018-05-21 10:27:35 - [MESSAGE][PASSED] - All options with index in [11] are selected on object 'Object Repository/DispensaryToCms/Page_Dispensary Store/select_--Select--Schedule 1Inj'

2018-05-21 10:27:35 - [TEST_STEP][PASSED] - selectOptionByIndex: All options with index in [77] are selected on object 'Object Repository/DispensaryToCms/Page_Dispensary Store/select_--Select--Adernaline 0.'

2018-05-21 10:27:36 - [MESSAGE][PASSED] - All options with index in [77] are selected on object 'Object Repository/DispensaryToCms/Page_Dispensary Store/select_--Select--Adernaline 0.'

2018-05-21 10:27:36 - [TEST_STEP][PASSED] - setText: Text '100' is set on object 'Object Repository/DispensaryToCms/Page_Dispensary Store/input_txttreat'

2018-05-21 10:27:36 - [MESSAGE][PASSED] - Text '100' is set on object 'Object Repository/DispensaryToCms/Page_Dispensary Store/input_txttreat'

2018-05-21 10:27:36 - [TEST_STEP][PASSED] - click: Object: 'Object Repository/DispensaryToCms/Page_Dispensary Store/button_Add' is clicked on

2018-05-21 10:27:36 - [MESSAGE][PASSED] - Object: 'Object Repository/DispensaryToCms/Page_Dispensary Store/button_Add' is clicked on

2018-05-21 10:27:36 - [TEST_STEP][PASSED] - selectOptionByIndex: All options with index in [11] are selected on object 'Object Repository/DispensaryToCms/Page_Dispensary Store/select_--Select--Schedule 1Inj'

2018-05-21 10:27:36 - [MESSAGE][PASSED] - All options with index in [11] are selected on object 'Object Repository/DispensaryToCms/Page_Dispensary Store/select_--Select--Schedule 1Inj'

2018-05-21 10:27:36 - [TEST_STEP][PASSED] - selectOptionByIndex: All options with index in [78] are selected on object 'Object Repository/DispensaryToCms/Page_Dispensary Store/select_--Select--Adernaline 0.'

2018-05-21 10:27:37 - [MESSAGE][PASSED] - All options with index in [78] are selected on object 'Object Repository/DispensaryToCms/Page_Dispensary Store/select_--Select--Adernaline 0.'

2018-05-21 10:27:37 - [TEST_STEP][PASSED] - setText: Text '100' is set on object 'Object Repository/DispensaryToCms/Page_Dispensary Store/input_txttreat'

2018-05-21 10:27:37 - [MESSAGE][PASSED] - Text '100' is set on object 'Object Repository/DispensaryToCms/Page_Dispensary Store/input_txttreat'

2018-05-21 10:27:37 - [TEST_STEP][PASSED] - click: Object: 'Object Repository/DispensaryToCms/Page_Dispensary Store/button_Add' is clicked on

2018-05-21 10:27:37 - [MESSAGE][PASSED] - Object: 'Object Repository/DispensaryToCms/Page_Dispensary Store/button_Add' is clicked on

2018-05-21 10:27:37 - [TEST_STEP][PASSED] - selectOptionByIndex: All options with index in [11] are selected on object 'Object Repository/DispensaryToCms/Page_Dispensary Store/select_--Select--Schedule 1Inj'

2018-05-21 10:27:37 - [MESSAGE][PASSED] - All options with index in [11] are selected on object 'Object Repository/DispensaryToCms/Page_Dispensary Store/select_--Select--Schedule 1Inj'

2018-05-21 10:27:37 - [TEST_STEP][PASSED] - selectOptionByIndex: All options with index in [79] are selected on object 'Object Repository/DispensaryToCms/Page_Dispensary Store/select_--Select--Adernaline 0.'

2018-05-21 10:27:38 - [MESSAGE][PASSED] - All options with index in [79] are selected on object 'Object Repository/DispensaryToCms/Page_Dispensary Store/select_--Select--Adernaline 0.'

2018-05-21 10:27:38 - [TEST_STEP][PASSED] - setText: Text '100' is set on object 'Object Repository/DispensaryToCms/Page_Dispensary Store/input_txttreat'

2018-05-21 10:27:38 - [MESSAGE][PASSED] - Text '100' is set on object 'Object Repository/DispensaryToCms/Page_Dispensary Store/input_txttreat'

2018-05-21 10:27:38 - [TEST_STEP][PASSED] - click: Object: 'Object Repository/DispensaryToCms/Page_Dispensary Store/button_Add' is clicked on

2018-05-21 10:27:38 - [MESSAGE][PASSED] - Object: 'Object Repository/DispensaryToCms/Page_Dispensary Store/button_Add' is clicked on

2018-05-21 10:27:38 - [TEST_STEP][PASSED] - selectOptionByIndex: All options with index in [11] are selected on object 'Object Repository/DispensaryToCms/Page_Dispensary Store/select_--Select--Schedule 1Inj'

2018-05-21 10:27:39 - [MESSAGE][PASSED] - All options with index in [11] are selected on object 'Object Repository/DispensaryToCms/Page_Dispensary Store/select_--Select--Schedule 1Inj'

2018-05-21 10:27:39 - [TEST_STEP][PASSED] - selectOptionByIndex: All options with index in [80] are selected on object 'Object Repository/DispensaryToCms/Page_Dispensary Store/select_--Select--Adernaline 0.'

2018-05-21 10:27:40 - [MESSAGE][PASSED] - All options with index in [80] are selected on object 'Object Repository/DispensaryToCms/Page_Dispensary Store/select_--Select--Adernaline 0.'

2018-05-21 10:27:40 - [TEST_STEP][PASSED] - setText: Text '100' is set on object 'Object Repository/DispensaryToCms/Page_Dispensary Store/input_txttreat'

2018-05-21 10:27:40 - [MESSAGE][PASSED] - Text '100' is set on object 'Object Repository/DispensaryToCms/Page_Dispensary Store/input_txttreat'

2018-05-21 10:27:40 - [TEST_STEP][PASSED] - click: Object: 'Object Repository/DispensaryToCms/Page_Dispensary Store/button_Add' is clicked on

2018-05-21 10:27:40 - [MESSAGE][PASSED] - Object: 'Object Repository/DispensaryToCms/Page_Dispensary Store/button_Add' is clicked on

2018-05-21 10:27:40 - [TEST_STEP][PASSED] - scrollToElement: Scroll to object 'Object Repository/DispensaryToCms/Page_Dispensary Store/input_btnsave' successfully

2018-05-21 10:27:40 - [MESSAGE][PASSED] - Scroll to object 'Object Repository/DispensaryToCms/Page_Dispensary Store/input_btnsave' successfully

2018-05-21 10:27:40 - [TEST_STEP][PASSED] - click: Object: 'Object Repository/DispensaryToCms/Page_Dispensary Store/input_btnsave' is clicked on

2018-05-21 10:27:40 - [MESSAGE][PASSED] - Object: 'Object Repository/DispensaryToCms/Page_Dispensary Store/input_btnsave' is clicked on

2018-05-21 10:27:40 - [TEST_STEP][PASSED] - delay: Delayed 3 second(s)

2018-05-21 10:27:43 - [MESSAGE][PASSED] - Delayed 3 second(s)

2018-05-21 10:27:43 - [TEST_STEP][PASSED] - Statement - RN1 = com.kms.katalon.core.webui.keyword.WebUiBuiltInKeywords.getText(com.kms.katalon.core.testobject.ObjectRepository.findTestObject(DispensaryToCms/Page_Dispensary Store/font_PRNO18052018174)): Text of object 'Object Repository/DispensaryToCms/Page_Dispensary Store/font_PRNO18052018174' is: 'PRNO/21052018/290'

2018-05-21 10:27:43 - [MESSAGE][PASSED] - Text of object 'Object Repository/DispensaryToCms/Page_Dispensary Store/font_PRNO18052018174' is: 'PRNO/21052018/290'

2018-05-21 10:27:43 - [TEST_STEP][PASSED] - Statement - out.println(RN1): null

2018-05-21 10:27:43 - [TEST_STEP][PASSED] - Statement - RID = RN1.split("/")[2]: null

2018-05-21 10:27:43 - [TEST_STEP][PASSED] - click: Object: 'Object Repository/DispensaryToCms/Page_Dispensary Store/button_OK' is clicked on

2018-05-21 10:27:44 - [MESSAGE][PASSED] - Object: 'Object Repository/DispensaryToCms/Page_Dispensary Store/button_OK' is clicked on

2018-05-21 10:27:44 - [TEST_STEP][PASSED] - delay: Delayed 3 second(s)

2018-05-21 10:27:47 - [MESSAGE][PASSED] - Delayed 3 second(s)

2018-05-21 10:27:47 - [TEST_STEP][PASSED] - waitForElementPresent: Object 'Object Repository/DispensaryToStore/Page_Dispensary Store/a_dropdown-toggle' is present

2018-05-21 10:27:47 - [MESSAGE][PASSED] - Object 'Object Repository/DispensaryToStore/Page_Dispensary Store/a_dropdown-toggle' is present

2018-05-21 10:27:47 - [TEST_STEP][PASSED] - click: Object: 'Object Repository/DispensaryToCms/Page_Dispensary Store/a_dropdown-toggle' is clicked on

2018-05-21 10:27:47 - [MESSAGE][PASSED] - Object: 'Object Repository/DispensaryToCms/Page_Dispensary Store/a_dropdown-toggle' is clicked on

2018-05-21 10:27:47 - [TEST_STEP][PASSED] - click: Object: 'Object Repository/DispensaryToCms/Page_Dispensary Store/a_Sign out' is clicked on

2018-05-21 10:27:48 - [MESSAGE][PASSED] - Object: 'Object Repository/DispensaryToCms/Page_Dispensary Store/a_Sign out' is clicked on

2018-05-21 10:27:48 - [TEST_STEP][PASSED] - delay: Delayed 3 second(s)

2018-05-21 10:27:51 - [MESSAGE][PASSED] - Delayed 3 second(s)

2018-05-21 10:27:51 - [TEST_STEP][PASSED] - navigateToUrl: Navigate to 'http://192.168.137.1/multihospital_new/' successfully

2018-05-21 10:27:51 - [MESSAGE][PASSED] - Navigate to 'http://192.168.137.1/multihospital_new/' successfully

2018-05-21 10:27:51 - [TEST_STEP][PASSED] - click: Object: 'Object Repository/DispensaryToCms/Page_KDMC/a_CMO' is clicked on

2018-05-21 10:27:52 - [MESSAGE][PASSED] - Object: 'Object Repository/DispensaryToCms/Page_KDMC/a_CMO' is clicked on

2018-05-21 10:27:52 - [TEST_STEP][PASSED] - setText: Text 'guru' is set on object 'Object Repository/DispensaryToCms/Page_CMO login/input_txtusername'

2018-05-21 10:27:52 - [MESSAGE][PASSED] - Text 'guru' is set on object 'Object Repository/DispensaryToCms/Page_CMO login/input_txtusername'

2018-05-21 10:27:52 - [TEST_STEP][PASSED] - setText: Text '123' is set on object 'Object Repository/DispensaryToCms/Page_CMO login/input_txtpassword'

2018-05-21 10:27:52 - [MESSAGE][PASSED] - Text '123' is set on object 'Object Repository/DispensaryToCms/Page_CMO login/input_txtpassword'

2018-05-21 10:27:52 - [TEST_STEP][PASSED] - delay: Delayed 3 second(s)

2018-05-21 10:27:55 - [MESSAGE][PASSED] - Delayed 3 second(s)

2018-05-21 10:27:55 - [TEST_STEP][PASSED] - click: Object: 'Object Repository/DispensaryToCms/Page_CMO login/button_Sign in' is clicked on

2018-05-21 10:27:56 - [MESSAGE][PASSED] - Object: 'Object Repository/DispensaryToCms/Page_CMO login/button_Sign in' is clicked on

2018-05-21 10:27:56 - [TEST_STEP][PASSED] - delay: Delayed 3 second(s)

2018-05-21 10:27:59 - [MESSAGE][PASSED] - Delayed 3 second(s)

2018-05-21 10:27:59 - [TEST_STEP][PASSED] - click: Object: 'Object Repository/DispensaryToCms/Page_KDMC - CMO/a_CMS Request' is clicked on

2018-05-21 10:27:59 - [MESSAGE][PASSED] - Object: 'Object Repository/DispensaryToCms/Page_KDMC - CMO/a_CMS Request' is clicked on

2018-05-21 10:27:59 - [TEST_STEP][PASSED] - delay: Delayed 2 second(s)

2018-05-21 10:28:01 - [MESSAGE][PASSED] - Delayed 2 second(s)

2018-05-21 10:28:01 - [TEST_STEP][PASSED] - click: Object: 'Object Repository/DispensaryToCms/Page_KDMC - CMO/a_Dispensary Store Request' is clicked on

2018-05-21 10:28:02 - [MESSAGE][PASSED] - Object: 'Object Repository/DispensaryToCms/Page_KDMC - CMO/a_Dispensary Store Request' is clicked on

2018-05-21 10:28:02 - [TEST_STEP][PASSED] - selectOptionByIndex: All options with index in [1] are selected on object 'Object Repository/DispensaryToCms/Page_KDMC - CMO/select_--ALL--'

2018-05-21 10:28:02 - [MESSAGE][PASSED] - All options with index in [1] are selected on object 'Object Repository/DispensaryToCms/Page_KDMC - CMO/select_--ALL--'

2018-05-21 10:28:02 - [TEST_STEP][PASSED] - click: Object: 'Object Repository/DispensaryToCms/Page_KDMC - CMO/input_btnsearch' is clicked on

2018-05-21 10:28:02 - [MESSAGE][PASSED] - Object: 'Object Repository/DispensaryToCms/Page_KDMC - CMO/input_btnsearch' is clicked on

2018-05-21 10:28:02 - [TEST_STEP][PASSED] - Statement - ID = com.kms.katalon.core.webui.keyword.WebUiBuiltInKeywords.modifyObjectProperty(com.kms.katalon.core.testobject.ObjectRepository.findTestObject(lab/Page_KDMC - CMO/input_1), "xpath", "equals", "//*[@id=" + RID + "]", true): Modify property of object successfully

2018-05-21 10:28:02 - [MESSAGE][PASSED] - Modify property of object successfully

2018-05-21 10:28:02 - [TEST_STEP][PASSED] - click: Object: 'Object Repository/lab/Page_KDMC - CMO/input_1' is clicked on

2018-05-21 10:28:03 - [MESSAGE][PASSED] - Object: 'Object Repository/lab/Page_KDMC - CMO/input_1' is clicked on

2018-05-21 10:28:03 - [TEST_STEP][PASSED] - delay: Delayed 2 second(s)

2018-05-21 10:28:05 - [MESSAGE][PASSED] - Delayed 2 second(s)

2018-05-21 10:28:05 - [TEST_STEP][PASSED] - selectOptionByIndex: All options with index in [1] are selected on object 'Object Repository/DispensaryToCms/Page_KDMC - CMO/select_--Select--'

2018-05-21 10:28:05 - [MESSAGE][PASSED] - All options with index in [1] are selected on object 'Object Repository/DispensaryToCms/Page_KDMC - CMO/select_--Select--'

2018-05-21 10:28:05 - [TEST_STEP][PASSED] - click: Object: 'Object Repository/DispensaryToCms/Page_KDMC - CMO/input_btnupdate' is clicked on

2018-05-21 10:28:05 - [MESSAGE][PASSED] - Object: 'Object Repository/DispensaryToCms/Page_KDMC - CMO/input_btnupdate' is clicked on

2018-05-21 10:28:05 - [TEST_STEP][PASSED] - delay: Delayed 2 second(s)

2018-05-21 10:28:07 - [MESSAGE][PASSED] - Delayed 2 second(s)

2018-05-21 10:28:07 - [TEST_STEP][PASSED] - click: Object: 'Object Repository/DispensaryToCms/Page_KDMC - CMO/button_OK' is clicked on

2018-05-21 10:28:08 - [MESSAGE][PASSED] - Object: 'Object Repository/DispensaryToCms/Page_KDMC - CMO/button_OK' is clicked on

2018-05-21 10:28:08 - [TEST_STEP][PASSED] - delay: Delayed 3 second(s)

2018-05-21 10:28:11 - [MESSAGE][PASSED] - Delayed 3 second(s)

2018-05-21 10:28:11 - [TEST_STEP][PASSED] - waitForElementPresent: Object 'Object Repository/DispensaryToStore/Page_Dispensary Store/a_dropdown-toggle' is not present after 20 second(s)

2018-05-21 10:28:32 - [MESSAGE][WARNING] - Object 'Object Repository/DispensaryToStore/Page_Dispensary Store/a_dropdown-toggle' is not present after 20 second(s)

2018-05-21 10:28:32 - [TEST_STEP][PASSED] - click: Object: 'Object Repository/DispensaryToCms/Page_KDMC - CMO/a_dropdown-toggle' is clicked on

2018-05-21 10:28:32 - [MESSAGE][PASSED] - Object: 'Object Repository/DispensaryToCms/Page_KDMC - CMO/a_dropdown-toggle' is clicked on

2018-05-21 10:28:32 - [TEST_STEP][PASSED] - click: Object: 'Object Repository/DispensaryToCms/Page_KDMC - CMO/a_Sign out' is clicked on

2018-05-21 10:28:33 - [MESSAGE][PASSED] - Object: 'Object Repository/DispensaryToCms/Page_KDMC - CMO/a_Sign out' is clicked on

2018-05-21 10:28:33 - [TEST_STEP][PASSED] - delay: Delayed 3 second(s)

2018-05-21 10:28:36 - [MESSAGE][PASSED] - Delayed 3 second(s)

2018-05-21 10:28:36 - [TEST_STEP][PASSED] - click: Object: 'Object Repository/DispensaryToCms/Page_KDMC/a_CMS' is clicked on

2018-05-21 10:28:37 - [MESSAGE][PASSED] - Object: 'Object Repository/DispensaryToCms/Page_KDMC/a_CMS' is clicked on

2018-05-21 10:28:37 - [TEST_STEP][PASSED] - setText: Text 'bala' is set on object 'Object Repository/DispensaryToCms/Page_CMS login/input_txtusername'

2018-05-21 10:28:37 - [MESSAGE][PASSED] - Text 'bala' is set on object 'Object Repository/DispensaryToCms/Page_CMS login/input_txtusername'

2018-05-21 10:28:37 - [TEST_STEP][PASSED] - setText: Text '123' is set on object 'Object Repository/DispensaryToCms/Page_CMS login/input_txtpassword'

2018-05-21 10:28:37 - [MESSAGE][PASSED] - Text '123' is set on object 'Object Repository/DispensaryToCms/Page_CMS login/input_txtpassword'

2018-05-21 10:28:37 - [TEST_STEP][PASSED] - delay: Delayed 3 second(s)

2018-05-21 10:28:40 - [MESSAGE][PASSED] - Delayed 3 second(s)

2018-05-21 10:28:40 - [TEST_STEP][PASSED] - click: Object: 'Object Repository/DispensaryToCms/Page_CMS login/button_Sign in' is clicked on

2018-05-21 10:28:40 - [MESSAGE][PASSED] - Object: 'Object Repository/DispensaryToCms/Page_CMS login/button_Sign in' is clicked on

2018-05-21 10:28:40 - [TEST_STEP][PASSED] - delay: Delayed 3 second(s)

2018-05-21 10:28:43 - [MESSAGE][PASSED] - Delayed 3 second(s)

2018-05-21 10:28:43 - [TEST_STEP][PASSED] - click: Object: 'Object Repository/DispensaryToCms/Page_KDMC - CMS/a_Divisional Store' is clicked on

2018-05-21 10:28:43 - [MESSAGE][PASSED] - Object: 'Object Repository/DispensaryToCms/Page_KDMC - CMS/a_Divisional Store' is clicked on

2018-05-21 10:28:43 - [TEST_STEP][PASSED] - delay: Delayed 2 second(s)

2018-05-21 10:28:45 - [MESSAGE][PASSED] - Delayed 2 second(s)

2018-05-21 10:28:45 - [TEST_STEP][PASSED] - click: Object: 'Object Repository/DispensaryToCms/Page_KDMC - CMS/a_Dispatch Items' is clicked on

2018-05-21 10:28:46 - [MESSAGE][PASSED] - Object: 'Object Repository/DispensaryToCms/Page_KDMC - CMS/a_Dispatch Items' is clicked on

2018-05-21 10:28:46 - [TEST_STEP][PASSED] - delay: Delayed 2 second(s)

2018-05-21 10:28:48 - [MESSAGE][PASSED] - Delayed 2 second(s)

2018-05-21 10:28:48 - [TEST_STEP][PASSED] - setText: Text 'PRNO/21052018/290' is set on object 'Object Repository/DispensaryToCms/Page_KDMC - CMS/input'

2018-05-21 10:28:48 - [MESSAGE][PASSED] - Text 'PRNO/21052018/290' is set on object 'Object Repository/DispensaryToCms/Page_KDMC - CMS/input'

2018-05-21 10:28:48 - [TEST_STEP][PASSED] - click: Object: 'Object Repository/DispensaryToCms/Page_KDMC - CMS/input_PRNO18052018174' is clicked on

2018-05-21 10:28:48 - [MESSAGE][PASSED] - Object: 'Object Repository/DispensaryToCms/Page_KDMC - CMS/input_PRNO18052018174' is clicked on

2018-05-21 10:28:48 - [TEST_STEP][PASSED] - Statement - out.println("Length : " + medicineslength): null

2018-05-21 10:28:48 - [TEST_STEP][PASSED] - Statement - For ([row = 0, row < medicineslength - 1, (row++)]): null

2018-05-21 10:28:48 - [TEST_STEP][PASSED] - Statement - batchlength = new com.kms.katalon.core.testobject.TestObject(): null

2018-05-21 10:28:48 - [TEST_STEP][PASSED] - Statement - batchlength = com.kms.katalon.core.webui.keyword.WebUiBuiltInKeywords.modifyObjectProperty(batchlength, "xpath", "equals", "//*[@id = "fldvendor" + row + ""]", true): Modify property of object successfully

2018-05-21 10:28:48 - [MESSAGE][PASSED] - Modify property of object successfully

2018-05-21 10:28:48 - [TEST_STEP][PASSED] - Statement - batchsize = com.kms.katalon.core.webui.keyword.WebUiBuiltInKeywords.getNumberOfTotalOption(batchlength): 5 options of object '' counted

2018-05-21 10:28:50 - [MESSAGE][PASSED] - 5 options of object '' counted

2018-05-21 10:28:50 - [TEST_STEP][PASSED] - Statement - out.println("BatchSize : " + batchsize): null

2018-05-21 10:28:50 - [TEST_STEP][PASSED] - Statement - For ([n = 1, n <= batchsize - 1, (n++)]): null

2018-05-21 10:28:50 - [TEST_STEP][PASSED] - Statement - product = new com.kms.katalon.core.testobject.TestObject(): null

2018-05-21 10:28:50 - [TEST_STEP][PASSED] - Statement - product = com.kms.katalon.core.webui.keyword.WebUiBuiltInKeywords.modifyObjectProperty(product, "xpath", "equals", "//*[@id = "fldvendor" + row + ""]", true): Modify property of object successfully

2018-05-21 10:28:50 - [MESSAGE][PASSED] - Modify property of object successfully

2018-05-21 10:28:50 - [TEST_STEP][PASSED] - selectOptionByIndex: All options with index in [1] are selected on object ''

2018-05-21 10:28:50 - [MESSAGE][PASSED] - All options with index in [1] are selected on object ''

2018-05-21 10:28:50 - [TEST_STEP][PASSED] - Statement - batch = new com.kms.katalon.core.testobject.TestObject(): null

2018-05-21 10:28:50 - [TEST_STEP][PASSED] - Statement - batch = com.kms.katalon.core.webui.keyword.WebUiBuiltInKeywords.modifyObjectProperty(batch, "xpath", "equals", "//*[@id = "txtbthqty" + row + ""]", true): Modify property of object successfully

2018-05-21 10:28:50 - [MESSAGE][PASSED] - Modify property of object successfully

2018-05-21 10:28:50 - [TEST_STEP][PASSED] - Statement - batchqty = com.kms.katalon.core.webui.keyword.WebUiBuiltInKeywords.getAttribute(batch, "value").trim(): Attribute 'value' of object '' is: ''

2018-05-21 10:28:50 - [MESSAGE][PASSED] - Attribute 'value' of object '' is: ''

2018-05-21 10:28:50 - [TEST_STEP][PASSED] - Statement - Rqty = 100: null

2018-05-21 10:28:50 - [TEST_STEP][PASSED] - delay: Delayed 2 second(s)

2018-05-21 10:28:52 - [MESSAGE][PASSED] - Delayed 2 second(s)

2018-05-21 10:28:52 - [TEST_STEP][PASSED] - Statement - out.println("BatchQty : " + batchqty): null

2018-05-21 10:28:52 - [TEST_STEP][PASSED] - Statement - out.println("RQty : " + Rqty): null

2018-05-21 10:28:52 - [TEST_STEP][PASSED] - Statement - If (java.lang.Integer.valueOf(batchqty) >= java.lang.Integer.valueOf(Rqty)): null]]></system-out>
         <system-err><![CDATA[2018-05-21 10:26:04 - [TEST_CASE][ERROR] - Test Cases/DISPENSARY TEST CASES/TC_DP_023 Verify Schedule 11 Dispensary To CMS Request Are Working Successfully Or Not: Test Cases/DISPENSARY TEST CASES/TC_DP_023 Verify Schedule 11 Dispensary To CMS Request Are Working Successfully Or Not FAILED because (of) java.lang.NumberFormatException: For input string: ""]]></system-err>
      </testcase>
      <testcase name="Test Cases/DISPENSARY TEST CASES/TC_DP_024 Verify Schedule 12 Dispensary To CMS Request Are Working Successfully Or Not" classname="Test Cases/DISPENSARY TEST CASES/TC_DP_024 Verify Schedule 12 Dispensary To CMS Request Are Working Successfully Or Not" status="PASSED">
         <system-out><![CDATA[2018-05-21 10:28:52 - [TEST_CASE][PASSED] - Test Cases/DISPENSARY TEST CASES/TC_DP_024 Verify Schedule 12 Dispensary To CMS Request Are Working Successfully Or Not: Test Cases/DISPENSARY TEST CASES/TC_DP_024 Verify Schedule 12 Dispensary To CMS Request Are Working Successfully Or Not

2018-05-21 10:28:53 - [TEST_STEP][PASSED] - openBrowser: Browser is opened with url: ''

2018-05-21 10:28:53 - [MESSAGE][WARNING] - A browser is already opened. Closing browser and opening a new one

2018-05-21 10:28:55 - [MESSAGE][PASSED] - Browser is opened with url: ''

2018-05-21 10:28:55 - [TEST_STEP][PASSED] - navigateToUrl: Navigate to 'http://192.168.137.1/multihospital_new/HDSplashscreen.aspx' successfully

2018-05-21 10:29:01 - [MESSAGE][PASSED] - Navigate to 'http://192.168.137.1/multihospital_new/HDSplashscreen.aspx' successfully

2018-05-21 10:29:01 - [TEST_STEP][PASSED] - maximizeWindow: Current window maximized

2018-05-21 10:29:02 - [MESSAGE][PASSED] - Current window maximized

2018-05-21 10:29:02 - [TEST_STEP][PASSED] - click: Object: 'Object Repository/DispensaryToCms/Page_KDMC/a_Dispensary Store' is clicked on

2018-05-21 10:29:03 - [MESSAGE][PASSED] - Object: 'Object Repository/DispensaryToCms/Page_KDMC/a_Dispensary Store' is clicked on

2018-05-21 10:29:03 - [TEST_STEP][PASSED] - setText: Text 'rajaram' is set on object 'Object Repository/DispensaryToCms/Page_Dispensary Store Login/input_txtusername'

2018-05-21 10:29:03 - [MESSAGE][PASSED] - Text 'rajaram' is set on object 'Object Repository/DispensaryToCms/Page_Dispensary Store Login/input_txtusername'

2018-05-21 10:29:03 - [TEST_STEP][PASSED] - setText: Text '123' is set on object 'Object Repository/DispensaryToCms/Page_Dispensary Store Login/input_txtpassword'

2018-05-21 10:29:03 - [MESSAGE][PASSED] - Text '123' is set on object 'Object Repository/DispensaryToCms/Page_Dispensary Store Login/input_txtpassword'

2018-05-21 10:29:03 - [TEST_STEP][PASSED] - delay: Delayed 3 second(s)

2018-05-21 10:29:06 - [MESSAGE][PASSED] - Delayed 3 second(s)

2018-05-21 10:29:06 - [TEST_STEP][PASSED] - click: Object: 'Object Repository/DispensaryToCms/Page_Dispensary Store Login/button_Sign in' is clicked on

2018-05-21 10:29:07 - [MESSAGE][PASSED] - Object: 'Object Repository/DispensaryToCms/Page_Dispensary Store Login/button_Sign in' is clicked on

2018-05-21 10:29:07 - [TEST_STEP][PASSED] - delay: Delayed 3 second(s)

2018-05-21 10:29:10 - [MESSAGE][PASSED] - Delayed 3 second(s)

2018-05-21 10:29:10 - [TEST_STEP][PASSED] - click: Object: 'Object Repository/DispensaryToCms/Page_Dispensary Store/a_CMS' is clicked on

2018-05-21 10:29:10 - [MESSAGE][PASSED] - Object: 'Object Repository/DispensaryToCms/Page_Dispensary Store/a_CMS' is clicked on

2018-05-21 10:29:10 - [TEST_STEP][PASSED] - click: Object: 'Object Repository/DispensaryToCms/Page_Dispensary Store/a_Request Send' is clicked on

2018-05-21 10:29:10 - [MESSAGE][PASSED] - Object: 'Object Repository/DispensaryToCms/Page_Dispensary Store/a_Request Send' is clicked on

2018-05-21 10:29:10 - [TEST_STEP][PASSED] - delay: Delayed 2 second(s)

2018-05-21 10:29:12 - [MESSAGE][PASSED] - Delayed 2 second(s)

2018-05-21 10:29:12 - [TEST_STEP][PASSED] - selectOptionByIndex: All options with index in [2] are selected on object 'Object Repository/DispensaryToCms/Page_Dispensary Store/select_--Select--'

2018-05-21 10:29:13 - [MESSAGE][PASSED] - All options with index in [2] are selected on object 'Object Repository/DispensaryToCms/Page_Dispensary Store/select_--Select--'

2018-05-21 10:29:13 - [TEST_STEP][PASSED] - selectOptionByIndex: All options with index in [12] are selected on object 'Object Repository/DispensaryToCms/Page_Dispensary Store/select_--Select--Schedule 1Inj'

2018-05-21 10:29:13 - [MESSAGE][PASSED] - All options with index in [12] are selected on object 'Object Repository/DispensaryToCms/Page_Dispensary Store/select_--Select--Schedule 1Inj'

2018-05-21 10:29:13 - [TEST_STEP][PASSED] - Statement - medicineslength = com.kms.katalon.core.webui.keyword.WebUiBuiltInKeywords.getNumberOfTotalOption(com.kms.katalon.core.testobject.ObjectRepository.findTestObject(DispensaryToCms/Page_Dispensary Store/select_--Select--Adernaline 0.)): 19 options of object 'Object Repository/DispensaryToCms/Page_Dispensary Store/select_--Select--Adernaline 0.' counted

2018-05-21 10:29:13 - [MESSAGE][PASSED] - 19 options of object 'Object Repository/DispensaryToCms/Page_Dispensary Store/select_--Select--Adernaline 0.' counted

2018-05-21 10:29:13 - [TEST_STEP][PASSED] - Statement - For ([e = 1, e <= medicineslength - 1, (e++)]): Object: 'Object Repository/DispensaryToCms/Page_Dispensary Store/button_Add' is clicked on

2018-05-21 10:29:13 - [TEST_STEP][PASSED] - selectOptionByIndex: All options with index in [12] are selected on object 'Object Repository/DispensaryToCms/Page_Dispensary Store/select_--Select--Schedule 1Inj'

2018-05-21 10:29:13 - [MESSAGE][PASSED] - All options with index in [12] are selected on object 'Object Repository/DispensaryToCms/Page_Dispensary Store/select_--Select--Schedule 1Inj'

2018-05-21 10:29:13 - [TEST_STEP][PASSED] - selectOptionByIndex: All options with index in [1] are selected on object 'Object Repository/DispensaryToCms/Page_Dispensary Store/select_--Select--Adernaline 0.'

2018-05-21 10:29:13 - [MESSAGE][PASSED] - All options with index in [1] are selected on object 'Object Repository/DispensaryToCms/Page_Dispensary Store/select_--Select--Adernaline 0.'

2018-05-21 10:29:13 - [TEST_STEP][PASSED] - setText: Text '100' is set on object 'Object Repository/DispensaryToCms/Page_Dispensary Store/input_txttreat'

2018-05-21 10:29:13 - [MESSAGE][PASSED] - Text '100' is set on object 'Object Repository/DispensaryToCms/Page_Dispensary Store/input_txttreat'

2018-05-21 10:29:13 - [TEST_STEP][PASSED] - click: Object: 'Object Repository/DispensaryToCms/Page_Dispensary Store/button_Add' is clicked on

2018-05-21 10:29:13 - [MESSAGE][PASSED] - Object: 'Object Repository/DispensaryToCms/Page_Dispensary Store/button_Add' is clicked on

2018-05-21 10:29:13 - [TEST_STEP][PASSED] - selectOptionByIndex: All options with index in [12] are selected on object 'Object Repository/DispensaryToCms/Page_Dispensary Store/select_--Select--Schedule 1Inj'

2018-05-21 10:29:14 - [MESSAGE][PASSED] - All options with index in [12] are selected on object 'Object Repository/DispensaryToCms/Page_Dispensary Store/select_--Select--Schedule 1Inj'

2018-05-21 10:29:14 - [TEST_STEP][PASSED] - selectOptionByIndex: All options with index in [2] are selected on object 'Object Repository/DispensaryToCms/Page_Dispensary Store/select_--Select--Adernaline 0.'

2018-05-21 10:29:14 - [MESSAGE][PASSED] - All options with index in [2] are selected on object 'Object Repository/DispensaryToCms/Page_Dispensary Store/select_--Select--Adernaline 0.'

2018-05-21 10:29:14 - [TEST_STEP][PASSED] - setText: Text '100' is set on object 'Object Repository/DispensaryToCms/Page_Dispensary Store/input_txttreat'

2018-05-21 10:29:14 - [MESSAGE][PASSED] - Text '100' is set on object 'Object Repository/DispensaryToCms/Page_Dispensary Store/input_txttreat'

2018-05-21 10:29:14 - [TEST_STEP][PASSED] - click: Object: 'Object Repository/DispensaryToCms/Page_Dispensary Store/button_Add' is clicked on

2018-05-21 10:29:14 - [MESSAGE][PASSED] - Object: 'Object Repository/DispensaryToCms/Page_Dispensary Store/button_Add' is clicked on

2018-05-21 10:29:14 - [TEST_STEP][PASSED] - selectOptionByIndex: All options with index in [12] are selected on object 'Object Repository/DispensaryToCms/Page_Dispensary Store/select_--Select--Schedule 1Inj'

2018-05-21 10:29:14 - [MESSAGE][PASSED] - All options with index in [12] are selected on object 'Object Repository/DispensaryToCms/Page_Dispensary Store/select_--Select--Schedule 1Inj'

2018-05-21 10:29:14 - [TEST_STEP][PASSED] - selectOptionByIndex: All options with index in [3] are selected on object 'Object Repository/DispensaryToCms/Page_Dispensary Store/select_--Select--Adernaline 0.'

2018-05-21 10:29:14 - [MESSAGE][PASSED] - All options with index in [3] are selected on object 'Object Repository/DispensaryToCms/Page_Dispensary Store/select_--Select--Adernaline 0.'

2018-05-21 10:29:14 - [TEST_STEP][PASSED] - setText: Text '100' is set on object 'Object Repository/DispensaryToCms/Page_Dispensary Store/input_txttreat'

2018-05-21 10:29:14 - [MESSAGE][PASSED] - Text '100' is set on object 'Object Repository/DispensaryToCms/Page_Dispensary Store/input_txttreat'

2018-05-21 10:29:14 - [TEST_STEP][PASSED] - click: Object: 'Object Repository/DispensaryToCms/Page_Dispensary Store/button_Add' is clicked on

2018-05-21 10:29:15 - [MESSAGE][PASSED] - Object: 'Object Repository/DispensaryToCms/Page_Dispensary Store/button_Add' is clicked on

2018-05-21 10:29:15 - [TEST_STEP][PASSED] - selectOptionByIndex: All options with index in [12] are selected on object 'Object Repository/DispensaryToCms/Page_Dispensary Store/select_--Select--Schedule 1Inj'

2018-05-21 10:29:15 - [MESSAGE][PASSED] - All options with index in [12] are selected on object 'Object Repository/DispensaryToCms/Page_Dispensary Store/select_--Select--Schedule 1Inj'

2018-05-21 10:29:15 - [TEST_STEP][PASSED] - selectOptionByIndex: All options with index in [4] are selected on object 'Object Repository/DispensaryToCms/Page_Dispensary Store/select_--Select--Adernaline 0.'

2018-05-21 10:29:15 - [MESSAGE][PASSED] - All options with index in [4] are selected on object 'Object Repository/DispensaryToCms/Page_Dispensary Store/select_--Select--Adernaline 0.'

2018-05-21 10:29:15 - [TEST_STEP][PASSED] - setText: Text '100' is set on object 'Object Repository/DispensaryToCms/Page_Dispensary Store/input_txttreat'

2018-05-21 10:29:15 - [MESSAGE][PASSED] - Text '100' is set on object 'Object Repository/DispensaryToCms/Page_Dispensary Store/input_txttreat'

2018-05-21 10:29:15 - [TEST_STEP][PASSED] - click: Object: 'Object Repository/DispensaryToCms/Page_Dispensary Store/button_Add' is clicked on

2018-05-21 10:29:15 - [MESSAGE][PASSED] - Object: 'Object Repository/DispensaryToCms/Page_Dispensary Store/button_Add' is clicked on

2018-05-21 10:29:15 - [TEST_STEP][PASSED] - selectOptionByIndex: All options with index in [12] are selected on object 'Object Repository/DispensaryToCms/Page_Dispensary Store/select_--Select--Schedule 1Inj'

2018-05-21 10:29:15 - [MESSAGE][PASSED] - All options with index in [12] are selected on object 'Object Repository/DispensaryToCms/Page_Dispensary Store/select_--Select--Schedule 1Inj'

2018-05-21 10:29:15 - [TEST_STEP][PASSED] - selectOptionByIndex: All options with index in [5] are selected on object 'Object Repository/DispensaryToCms/Page_Dispensary Store/select_--Select--Adernaline 0.'

2018-05-21 10:29:16 - [MESSAGE][PASSED] - All options with index in [5] are selected on object 'Object Repository/DispensaryToCms/Page_Dispensary Store/select_--Select--Adernaline 0.'

2018-05-21 10:29:16 - [TEST_STEP][PASSED] - setText: Text '100' is set on object 'Object Repository/DispensaryToCms/Page_Dispensary Store/input_txttreat'

2018-05-21 10:29:16 - [MESSAGE][PASSED] - Text '100' is set on object 'Object Repository/DispensaryToCms/Page_Dispensary Store/input_txttreat'

2018-05-21 10:29:16 - [TEST_STEP][PASSED] - click: Object: 'Object Repository/DispensaryToCms/Page_Dispensary Store/button_Add' is clicked on

2018-05-21 10:29:16 - [MESSAGE][PASSED] - Object: 'Object Repository/DispensaryToCms/Page_Dispensary Store/button_Add' is clicked on

2018-05-21 10:29:16 - [TEST_STEP][PASSED] - selectOptionByIndex: All options with index in [12] are selected on object 'Object Repository/DispensaryToCms/Page_Dispensary Store/select_--Select--Schedule 1Inj'

2018-05-21 10:29:16 - [MESSAGE][PASSED] - All options with index in [12] are selected on object 'Object Repository/DispensaryToCms/Page_Dispensary Store/select_--Select--Schedule 1Inj'

2018-05-21 10:29:16 - [TEST_STEP][PASSED] - selectOptionByIndex: All options with index in [6] are selected on object 'Object Repository/DispensaryToCms/Page_Dispensary Store/select_--Select--Adernaline 0.'

2018-05-21 10:29:16 - [MESSAGE][PASSED] - All options with index in [6] are selected on object 'Object Repository/DispensaryToCms/Page_Dispensary Store/select_--Select--Adernaline 0.'

2018-05-21 10:29:16 - [TEST_STEP][PASSED] - setText: Text '100' is set on object 'Object Repository/DispensaryToCms/Page_Dispensary Store/input_txttreat'

2018-05-21 10:29:16 - [MESSAGE][PASSED] - Text '100' is set on object 'Object Repository/DispensaryToCms/Page_Dispensary Store/input_txttreat'

2018-05-21 10:29:16 - [TEST_STEP][PASSED] - click: Object: 'Object Repository/DispensaryToCms/Page_Dispensary Store/button_Add' is clicked on

2018-05-21 10:29:16 - [MESSAGE][PASSED] - Object: 'Object Repository/DispensaryToCms/Page_Dispensary Store/button_Add' is clicked on

2018-05-21 10:29:16 - [TEST_STEP][PASSED] - selectOptionByIndex: All options with index in [12] are selected on object 'Object Repository/DispensaryToCms/Page_Dispensary Store/select_--Select--Schedule 1Inj'

2018-05-21 10:29:16 - [MESSAGE][PASSED] - All options with index in [12] are selected on object 'Object Repository/DispensaryToCms/Page_Dispensary Store/select_--Select--Schedule 1Inj'

2018-05-21 10:29:16 - [TEST_STEP][PASSED] - selectOptionByIndex: All options with index in [7] are selected on object 'Object Repository/DispensaryToCms/Page_Dispensary Store/select_--Select--Adernaline 0.'

2018-05-21 10:29:17 - [MESSAGE][PASSED] - All options with index in [7] are selected on object 'Object Repository/DispensaryToCms/Page_Dispensary Store/select_--Select--Adernaline 0.'

2018-05-21 10:29:17 - [TEST_STEP][PASSED] - setText: Text '100' is set on object 'Object Repository/DispensaryToCms/Page_Dispensary Store/input_txttreat'

2018-05-21 10:29:17 - [MESSAGE][PASSED] - Text '100' is set on object 'Object Repository/DispensaryToCms/Page_Dispensary Store/input_txttreat'

2018-05-21 10:29:17 - [TEST_STEP][PASSED] - click: Object: 'Object Repository/DispensaryToCms/Page_Dispensary Store/button_Add' is clicked on

2018-05-21 10:29:17 - [MESSAGE][PASSED] - Object: 'Object Repository/DispensaryToCms/Page_Dispensary Store/button_Add' is clicked on

2018-05-21 10:29:17 - [TEST_STEP][PASSED] - selectOptionByIndex: All options with index in [12] are selected on object 'Object Repository/DispensaryToCms/Page_Dispensary Store/select_--Select--Schedule 1Inj'

2018-05-21 10:29:17 - [MESSAGE][PASSED] - All options with index in [12] are selected on object 'Object Repository/DispensaryToCms/Page_Dispensary Store/select_--Select--Schedule 1Inj'

2018-05-21 10:29:17 - [TEST_STEP][PASSED] - selectOptionByIndex: All options with index in [8] are selected on object 'Object Repository/DispensaryToCms/Page_Dispensary Store/select_--Select--Adernaline 0.'

2018-05-21 10:29:17 - [MESSAGE][PASSED] - All options with index in [8] are selected on object 'Object Repository/DispensaryToCms/Page_Dispensary Store/select_--Select--Adernaline 0.'

2018-05-21 10:29:17 - [TEST_STEP][PASSED] - setText: Text '100' is set on object 'Object Repository/DispensaryToCms/Page_Dispensary Store/input_txttreat'

2018-05-21 10:29:17 - [MESSAGE][PASSED] - Text '100' is set on object 'Object Repository/DispensaryToCms/Page_Dispensary Store/input_txttreat'

2018-05-21 10:29:17 - [TEST_STEP][PASSED] - click: Object: 'Object Repository/DispensaryToCms/Page_Dispensary Store/button_Add' is clicked on

2018-05-21 10:29:17 - [MESSAGE][PASSED] - Object: 'Object Repository/DispensaryToCms/Page_Dispensary Store/button_Add' is clicked on

2018-05-21 10:29:17 - [TEST_STEP][PASSED] - selectOptionByIndex: All options with index in [12] are selected on object 'Object Repository/DispensaryToCms/Page_Dispensary Store/select_--Select--Schedule 1Inj'

2018-05-21 10:29:18 - [MESSAGE][PASSED] - All options with index in [12] are selected on object 'Object Repository/DispensaryToCms/Page_Dispensary Store/select_--Select--Schedule 1Inj'

2018-05-21 10:29:18 - [TEST_STEP][PASSED] - selectOptionByIndex: All options with index in [9] are selected on object 'Object Repository/DispensaryToCms/Page_Dispensary Store/select_--Select--Adernaline 0.'

2018-05-21 10:29:18 - [MESSAGE][PASSED] - All options with index in [9] are selected on object 'Object Repository/DispensaryToCms/Page_Dispensary Store/select_--Select--Adernaline 0.'

2018-05-21 10:29:18 - [TEST_STEP][PASSED] - setText: Text '100' is set on object 'Object Repository/DispensaryToCms/Page_Dispensary Store/input_txttreat'

2018-05-21 10:29:18 - [MESSAGE][PASSED] - Text '100' is set on object 'Object Repository/DispensaryToCms/Page_Dispensary Store/input_txttreat'

2018-05-21 10:29:18 - [TEST_STEP][PASSED] - click: Object: 'Object Repository/DispensaryToCms/Page_Dispensary Store/button_Add' is clicked on

2018-05-21 10:29:18 - [MESSAGE][PASSED] - Object: 'Object Repository/DispensaryToCms/Page_Dispensary Store/button_Add' is clicked on

2018-05-21 10:29:18 - [TEST_STEP][PASSED] - selectOptionByIndex: All options with index in [12] are selected on object 'Object Repository/DispensaryToCms/Page_Dispensary Store/select_--Select--Schedule 1Inj'

2018-05-21 10:29:18 - [MESSAGE][PASSED] - All options with index in [12] are selected on object 'Object Repository/DispensaryToCms/Page_Dispensary Store/select_--Select--Schedule 1Inj'

2018-05-21 10:29:18 - [TEST_STEP][PASSED] - selectOptionByIndex: All options with index in [10] are selected on object 'Object Repository/DispensaryToCms/Page_Dispensary Store/select_--Select--Adernaline 0.'

2018-05-21 10:29:18 - [MESSAGE][PASSED] - All options with index in [10] are selected on object 'Object Repository/DispensaryToCms/Page_Dispensary Store/select_--Select--Adernaline 0.'

2018-05-21 10:29:18 - [TEST_STEP][PASSED] - setText: Text '100' is set on object 'Object Repository/DispensaryToCms/Page_Dispensary Store/input_txttreat'

2018-05-21 10:29:19 - [MESSAGE][PASSED] - Text '100' is set on object 'Object Repository/DispensaryToCms/Page_Dispensary Store/input_txttreat'

2018-05-21 10:29:19 - [TEST_STEP][PASSED] - click: Object: 'Object Repository/DispensaryToCms/Page_Dispensary Store/button_Add' is clicked on

2018-05-21 10:29:19 - [MESSAGE][PASSED] - Object: 'Object Repository/DispensaryToCms/Page_Dispensary Store/button_Add' is clicked on

2018-05-21 10:29:19 - [TEST_STEP][PASSED] - selectOptionByIndex: All options with index in [12] are selected on object 'Object Repository/DispensaryToCms/Page_Dispensary Store/select_--Select--Schedule 1Inj'

2018-05-21 10:29:19 - [MESSAGE][PASSED] - All options with index in [12] are selected on object 'Object Repository/DispensaryToCms/Page_Dispensary Store/select_--Select--Schedule 1Inj'

2018-05-21 10:29:19 - [TEST_STEP][PASSED] - selectOptionByIndex: All options with index in [11] are selected on object 'Object Repository/DispensaryToCms/Page_Dispensary Store/select_--Select--Adernaline 0.'

2018-05-21 10:29:19 - [MESSAGE][PASSED] - All options with index in [11] are selected on object 'Object Repository/DispensaryToCms/Page_Dispensary Store/select_--Select--Adernaline 0.'

2018-05-21 10:29:19 - [TEST_STEP][PASSED] - setText: Text '100' is set on object 'Object Repository/DispensaryToCms/Page_Dispensary Store/input_txttreat'

2018-05-21 10:29:19 - [MESSAGE][PASSED] - Text '100' is set on object 'Object Repository/DispensaryToCms/Page_Dispensary Store/input_txttreat'

2018-05-21 10:29:19 - [TEST_STEP][PASSED] - click: Object: 'Object Repository/DispensaryToCms/Page_Dispensary Store/button_Add' is clicked on

2018-05-21 10:29:19 - [MESSAGE][PASSED] - Object: 'Object Repository/DispensaryToCms/Page_Dispensary Store/button_Add' is clicked on

2018-05-21 10:29:19 - [TEST_STEP][PASSED] - selectOptionByIndex: All options with index in [12] are selected on object 'Object Repository/DispensaryToCms/Page_Dispensary Store/select_--Select--Schedule 1Inj'

2018-05-21 10:29:19 - [MESSAGE][PASSED] - All options with index in [12] are selected on object 'Object Repository/DispensaryToCms/Page_Dispensary Store/select_--Select--Schedule 1Inj'

2018-05-21 10:29:19 - [TEST_STEP][PASSED] - selectOptionByIndex: All options with index in [12] are selected on object 'Object Repository/DispensaryToCms/Page_Dispensary Store/select_--Select--Adernaline 0.'

2018-05-21 10:29:20 - [MESSAGE][PASSED] - All options with index in [12] are selected on object 'Object Repository/DispensaryToCms/Page_Dispensary Store/select_--Select--Adernaline 0.'

2018-05-21 10:29:20 - [TEST_STEP][PASSED] - setText: Text '100' is set on object 'Object Repository/DispensaryToCms/Page_Dispensary Store/input_txttreat'

2018-05-21 10:29:20 - [MESSAGE][PASSED] - Text '100' is set on object 'Object Repository/DispensaryToCms/Page_Dispensary Store/input_txttreat'

2018-05-21 10:29:20 - [TEST_STEP][PASSED] - click: Object: 'Object Repository/DispensaryToCms/Page_Dispensary Store/button_Add' is clicked on

2018-05-21 10:29:20 - [MESSAGE][PASSED] - Object: 'Object Repository/DispensaryToCms/Page_Dispensary Store/button_Add' is clicked on

2018-05-21 10:29:20 - [TEST_STEP][PASSED] - selectOptionByIndex: All options with index in [12] are selected on object 'Object Repository/DispensaryToCms/Page_Dispensary Store/select_--Select--Schedule 1Inj'

2018-05-21 10:29:20 - [MESSAGE][PASSED] - All options with index in [12] are selected on object 'Object Repository/DispensaryToCms/Page_Dispensary Store/select_--Select--Schedule 1Inj'

2018-05-21 10:29:20 - [TEST_STEP][PASSED] - selectOptionByIndex: All options with index in [13] are selected on object 'Object Repository/DispensaryToCms/Page_Dispensary Store/select_--Select--Adernaline 0.'

2018-05-21 10:29:20 - [MESSAGE][PASSED] - All options with index in [13] are selected on object 'Object Repository/DispensaryToCms/Page_Dispensary Store/select_--Select--Adernaline 0.'

2018-05-21 10:29:20 - [TEST_STEP][PASSED] - setText: Text '100' is set on object 'Object Repository/DispensaryToCms/Page_Dispensary Store/input_txttreat'

2018-05-21 10:29:20 - [MESSAGE][PASSED] - Text '100' is set on object 'Object Repository/DispensaryToCms/Page_Dispensary Store/input_txttreat'

2018-05-21 10:29:20 - [TEST_STEP][PASSED] - click: Object: 'Object Repository/DispensaryToCms/Page_Dispensary Store/button_Add' is clicked on

2018-05-21 10:29:20 - [MESSAGE][PASSED] - Object: 'Object Repository/DispensaryToCms/Page_Dispensary Store/button_Add' is clicked on

2018-05-21 10:29:20 - [TEST_STEP][PASSED] - selectOptionByIndex: All options with index in [12] are selected on object 'Object Repository/DispensaryToCms/Page_Dispensary Store/select_--Select--Schedule 1Inj'

2018-05-21 10:29:21 - [MESSAGE][PASSED] - All options with index in [12] are selected on object 'Object Repository/DispensaryToCms/Page_Dispensary Store/select_--Select--Schedule 1Inj'

2018-05-21 10:29:21 - [TEST_STEP][PASSED] - selectOptionByIndex: All options with index in [14] are selected on object 'Object Repository/DispensaryToCms/Page_Dispensary Store/select_--Select--Adernaline 0.'

2018-05-21 10:29:21 - [MESSAGE][PASSED] - All options with index in [14] are selected on object 'Object Repository/DispensaryToCms/Page_Dispensary Store/select_--Select--Adernaline 0.'

2018-05-21 10:29:21 - [TEST_STEP][PASSED] - setText: Text '100' is set on object 'Object Repository/DispensaryToCms/Page_Dispensary Store/input_txttreat'

2018-05-21 10:29:21 - [MESSAGE][PASSED] - Text '100' is set on object 'Object Repository/DispensaryToCms/Page_Dispensary Store/input_txttreat'

2018-05-21 10:29:21 - [TEST_STEP][PASSED] - click: Object: 'Object Repository/DispensaryToCms/Page_Dispensary Store/button_Add' is clicked on

2018-05-21 10:29:21 - [MESSAGE][PASSED] - Object: 'Object Repository/DispensaryToCms/Page_Dispensary Store/button_Add' is clicked on

2018-05-21 10:29:21 - [TEST_STEP][PASSED] - selectOptionByIndex: All options with index in [12] are selected on object 'Object Repository/DispensaryToCms/Page_Dispensary Store/select_--Select--Schedule 1Inj'

2018-05-21 10:29:21 - [MESSAGE][PASSED] - All options with index in [12] are selected on object 'Object Repository/DispensaryToCms/Page_Dispensary Store/select_--Select--Schedule 1Inj'

2018-05-21 10:29:21 - [TEST_STEP][PASSED] - selectOptionByIndex: All options with index in [15] are selected on object 'Object Repository/DispensaryToCms/Page_Dispensary Store/select_--Select--Adernaline 0.'

2018-05-21 10:29:22 - [MESSAGE][PASSED] - All options with index in [15] are selected on object 'Object Repository/DispensaryToCms/Page_Dispensary Store/select_--Select--Adernaline 0.'

2018-05-21 10:29:22 - [TEST_STEP][PASSED] - setText: Text '100' is set on object 'Object Repository/DispensaryToCms/Page_Dispensary Store/input_txttreat'

2018-05-21 10:29:22 - [MESSAGE][PASSED] - Text '100' is set on object 'Object Repository/DispensaryToCms/Page_Dispensary Store/input_txttreat'

2018-05-21 10:29:22 - [TEST_STEP][PASSED] - click: Object: 'Object Repository/DispensaryToCms/Page_Dispensary Store/button_Add' is clicked on

2018-05-21 10:29:22 - [MESSAGE][PASSED] - Object: 'Object Repository/DispensaryToCms/Page_Dispensary Store/button_Add' is clicked on

2018-05-21 10:29:22 - [TEST_STEP][PASSED] - selectOptionByIndex: All options with index in [12] are selected on object 'Object Repository/DispensaryToCms/Page_Dispensary Store/select_--Select--Schedule 1Inj'

2018-05-21 10:29:22 - [MESSAGE][PASSED] - All options with index in [12] are selected on object 'Object Repository/DispensaryToCms/Page_Dispensary Store/select_--Select--Schedule 1Inj'

2018-05-21 10:29:22 - [TEST_STEP][PASSED] - selectOptionByIndex: All options with index in [16] are selected on object 'Object Repository/DispensaryToCms/Page_Dispensary Store/select_--Select--Adernaline 0.'

2018-05-21 10:29:22 - [MESSAGE][PASSED] - All options with index in [16] are selected on object 'Object Repository/DispensaryToCms/Page_Dispensary Store/select_--Select--Adernaline 0.'

2018-05-21 10:29:22 - [TEST_STEP][PASSED] - setText: Text '100' is set on object 'Object Repository/DispensaryToCms/Page_Dispensary Store/input_txttreat'

2018-05-21 10:29:22 - [MESSAGE][PASSED] - Text '100' is set on object 'Object Repository/DispensaryToCms/Page_Dispensary Store/input_txttreat'

2018-05-21 10:29:22 - [TEST_STEP][PASSED] - click: Object: 'Object Repository/DispensaryToCms/Page_Dispensary Store/button_Add' is clicked on

2018-05-21 10:29:22 - [MESSAGE][PASSED] - Object: 'Object Repository/DispensaryToCms/Page_Dispensary Store/button_Add' is clicked on

2018-05-21 10:29:22 - [TEST_STEP][PASSED] - selectOptionByIndex: All options with index in [12] are selected on object 'Object Repository/DispensaryToCms/Page_Dispensary Store/select_--Select--Schedule 1Inj'

2018-05-21 10:29:23 - [MESSAGE][PASSED] - All options with index in [12] are selected on object 'Object Repository/DispensaryToCms/Page_Dispensary Store/select_--Select--Schedule 1Inj'

2018-05-21 10:29:23 - [TEST_STEP][PASSED] - selectOptionByIndex: All options with index in [17] are selected on object 'Object Repository/DispensaryToCms/Page_Dispensary Store/select_--Select--Adernaline 0.'

2018-05-21 10:29:23 - [MESSAGE][PASSED] - All options with index in [17] are selected on object 'Object Repository/DispensaryToCms/Page_Dispensary Store/select_--Select--Adernaline 0.'

2018-05-21 10:29:23 - [TEST_STEP][PASSED] - setText: Text '100' is set on object 'Object Repository/DispensaryToCms/Page_Dispensary Store/input_txttreat'

2018-05-21 10:29:23 - [MESSAGE][PASSED] - Text '100' is set on object 'Object Repository/DispensaryToCms/Page_Dispensary Store/input_txttreat'

2018-05-21 10:29:23 - [TEST_STEP][PASSED] - click: Object: 'Object Repository/DispensaryToCms/Page_Dispensary Store/button_Add' is clicked on

2018-05-21 10:29:23 - [MESSAGE][PASSED] - Object: 'Object Repository/DispensaryToCms/Page_Dispensary Store/button_Add' is clicked on

2018-05-21 10:29:23 - [TEST_STEP][PASSED] - selectOptionByIndex: All options with index in [12] are selected on object 'Object Repository/DispensaryToCms/Page_Dispensary Store/select_--Select--Schedule 1Inj'

2018-05-21 10:29:23 - [MESSAGE][PASSED] - All options with index in [12] are selected on object 'Object Repository/DispensaryToCms/Page_Dispensary Store/select_--Select--Schedule 1Inj'

2018-05-21 10:29:23 - [TEST_STEP][PASSED] - selectOptionByIndex: All options with index in [18] are selected on object 'Object Repository/DispensaryToCms/Page_Dispensary Store/select_--Select--Adernaline 0.'

2018-05-21 10:29:24 - [MESSAGE][PASSED] - All options with index in [18] are selected on object 'Object Repository/DispensaryToCms/Page_Dispensary Store/select_--Select--Adernaline 0.'

2018-05-21 10:29:24 - [TEST_STEP][PASSED] - setText: Text '100' is set on object 'Object Repository/DispensaryToCms/Page_Dispensary Store/input_txttreat'

2018-05-21 10:29:24 - [MESSAGE][PASSED] - Text '100' is set on object 'Object Repository/DispensaryToCms/Page_Dispensary Store/input_txttreat'

2018-05-21 10:29:24 - [TEST_STEP][PASSED] - click: Object: 'Object Repository/DispensaryToCms/Page_Dispensary Store/button_Add' is clicked on

2018-05-21 10:29:24 - [MESSAGE][PASSED] - Object: 'Object Repository/DispensaryToCms/Page_Dispensary Store/button_Add' is clicked on

2018-05-21 10:29:24 - [TEST_STEP][PASSED] - scrollToElement: Scroll to object 'Object Repository/DispensaryToCms/Page_Dispensary Store/input_btnsave' successfully

2018-05-21 10:29:24 - [MESSAGE][PASSED] - Scroll to object 'Object Repository/DispensaryToCms/Page_Dispensary Store/input_btnsave' successfully

2018-05-21 10:29:24 - [TEST_STEP][PASSED] - click: Object: 'Object Repository/DispensaryToCms/Page_Dispensary Store/input_btnsave' is clicked on

2018-05-21 10:29:24 - [MESSAGE][PASSED] - Object: 'Object Repository/DispensaryToCms/Page_Dispensary Store/input_btnsave' is clicked on

2018-05-21 10:29:24 - [TEST_STEP][PASSED] - delay: Delayed 3 second(s)

2018-05-21 10:29:27 - [MESSAGE][PASSED] - Delayed 3 second(s)

2018-05-21 10:29:27 - [TEST_STEP][PASSED] - Statement - RN1 = com.kms.katalon.core.webui.keyword.WebUiBuiltInKeywords.getText(com.kms.katalon.core.testobject.ObjectRepository.findTestObject(DispensaryToCms/Page_Dispensary Store/font_PRNO18052018174)): Text of object 'Object Repository/DispensaryToCms/Page_Dispensary Store/font_PRNO18052018174' is: 'PRNO/21052018/291'

2018-05-21 10:29:27 - [MESSAGE][PASSED] - Text of object 'Object Repository/DispensaryToCms/Page_Dispensary Store/font_PRNO18052018174' is: 'PRNO/21052018/291'

2018-05-21 10:29:27 - [TEST_STEP][PASSED] - Statement - out.println(RN1): null

2018-05-21 10:29:27 - [TEST_STEP][PASSED] - Statement - RID = RN1.split("/")[2]: null

2018-05-21 10:29:27 - [TEST_STEP][PASSED] - click: Object: 'Object Repository/DispensaryToCms/Page_Dispensary Store/button_OK' is clicked on

2018-05-21 10:29:28 - [MESSAGE][PASSED] - Object: 'Object Repository/DispensaryToCms/Page_Dispensary Store/button_OK' is clicked on

2018-05-21 10:29:28 - [TEST_STEP][PASSED] - delay: Delayed 3 second(s)

2018-05-21 10:29:31 - [MESSAGE][PASSED] - Delayed 3 second(s)

2018-05-21 10:29:31 - [TEST_STEP][PASSED] - waitForElementPresent: Object 'Object Repository/DispensaryToStore/Page_Dispensary Store/a_dropdown-toggle' is present

2018-05-21 10:29:31 - [MESSAGE][PASSED] - Object 'Object Repository/DispensaryToStore/Page_Dispensary Store/a_dropdown-toggle' is present

2018-05-21 10:29:31 - [TEST_STEP][PASSED] - click: Object: 'Object Repository/DispensaryToCms/Page_Dispensary Store/a_dropdown-toggle' is clicked on

2018-05-21 10:29:31 - [MESSAGE][PASSED] - Object: 'Object Repository/DispensaryToCms/Page_Dispensary Store/a_dropdown-toggle' is clicked on

2018-05-21 10:29:31 - [TEST_STEP][PASSED] - click: Object: 'Object Repository/DispensaryToCms/Page_Dispensary Store/a_Sign out' is clicked on

2018-05-21 10:29:31 - [MESSAGE][PASSED] - Object: 'Object Repository/DispensaryToCms/Page_Dispensary Store/a_Sign out' is clicked on

2018-05-21 10:29:31 - [TEST_STEP][PASSED] - delay: Delayed 3 second(s)

2018-05-21 10:29:34 - [MESSAGE][PASSED] - Delayed 3 second(s)

2018-05-21 10:29:34 - [TEST_STEP][PASSED] - navigateToUrl: Navigate to 'http://192.168.137.1/multihospital_new/' successfully

2018-05-21 10:29:35 - [MESSAGE][PASSED] - Navigate to 'http://192.168.137.1/multihospital_new/' successfully

2018-05-21 10:29:35 - [TEST_STEP][PASSED] - click: Object: 'Object Repository/DispensaryToCms/Page_KDMC/a_CMO' is clicked on

2018-05-21 10:29:35 - [MESSAGE][PASSED] - Object: 'Object Repository/DispensaryToCms/Page_KDMC/a_CMO' is clicked on

2018-05-21 10:29:35 - [TEST_STEP][PASSED] - setText: Text 'guru' is set on object 'Object Repository/DispensaryToCms/Page_CMO login/input_txtusername'

2018-05-21 10:29:35 - [MESSAGE][PASSED] - Text 'guru' is set on object 'Object Repository/DispensaryToCms/Page_CMO login/input_txtusername'

2018-05-21 10:29:35 - [TEST_STEP][PASSED] - setText: Text '123' is set on object 'Object Repository/DispensaryToCms/Page_CMO login/input_txtpassword'

2018-05-21 10:29:36 - [MESSAGE][PASSED] - Text '123' is set on object 'Object Repository/DispensaryToCms/Page_CMO login/input_txtpassword'

2018-05-21 10:29:36 - [TEST_STEP][PASSED] - delay: Delayed 3 second(s)

2018-05-21 10:29:39 - [MESSAGE][PASSED] - Delayed 3 second(s)

2018-05-21 10:29:39 - [TEST_STEP][PASSED] - click: Object: 'Object Repository/DispensaryToCms/Page_CMO login/button_Sign in' is clicked on

2018-05-21 10:29:40 - [MESSAGE][PASSED] - Object: 'Object Repository/DispensaryToCms/Page_CMO login/button_Sign in' is clicked on

2018-05-21 10:29:40 - [TEST_STEP][PASSED] - delay: Delayed 3 second(s)

2018-05-21 10:29:43 - [MESSAGE][PASSED] - Delayed 3 second(s)

2018-05-21 10:29:43 - [TEST_STEP][PASSED] - click: Object: 'Object Repository/DispensaryToCms/Page_KDMC - CMO/a_CMS Request' is clicked on

2018-05-21 10:29:43 - [MESSAGE][PASSED] - Object: 'Object Repository/DispensaryToCms/Page_KDMC - CMO/a_CMS Request' is clicked on

2018-05-21 10:29:43 - [TEST_STEP][PASSED] - delay: Delayed 2 second(s)

2018-05-21 10:29:45 - [MESSAGE][PASSED] - Delayed 2 second(s)

2018-05-21 10:29:45 - [TEST_STEP][PASSED] - click: Object: 'Object Repository/DispensaryToCms/Page_KDMC - CMO/a_Dispensary Store Request' is clicked on

2018-05-21 10:29:46 - [MESSAGE][PASSED] - Object: 'Object Repository/DispensaryToCms/Page_KDMC - CMO/a_Dispensary Store Request' is clicked on

2018-05-21 10:29:46 - [TEST_STEP][PASSED] - selectOptionByIndex: All options with index in [1] are selected on object 'Object Repository/DispensaryToCms/Page_KDMC - CMO/select_--ALL--'

2018-05-21 10:29:46 - [MESSAGE][PASSED] - All options with index in [1] are selected on object 'Object Repository/DispensaryToCms/Page_KDMC - CMO/select_--ALL--'

2018-05-21 10:29:46 - [TEST_STEP][PASSED] - click: Object: 'Object Repository/DispensaryToCms/Page_KDMC - CMO/input_btnsearch' is clicked on

2018-05-21 10:29:46 - [MESSAGE][PASSED] - Object: 'Object Repository/DispensaryToCms/Page_KDMC - CMO/input_btnsearch' is clicked on

2018-05-21 10:29:46 - [TEST_STEP][PASSED] - Statement - ID = com.kms.katalon.core.webui.keyword.WebUiBuiltInKeywords.modifyObjectProperty(com.kms.katalon.core.testobject.ObjectRepository.findTestObject(lab/Page_KDMC - CMO/input_1), "xpath", "equals", "//*[@id=" + RID + "]", true): Modify property of object successfully

2018-05-21 10:29:46 - [MESSAGE][PASSED] - Modify property of object successfully

2018-05-21 10:29:46 - [TEST_STEP][PASSED] - click: Object: 'Object Repository/lab/Page_KDMC - CMO/input_1' is clicked on

2018-05-21 10:29:47 - [MESSAGE][PASSED] - Object: 'Object Repository/lab/Page_KDMC - CMO/input_1' is clicked on

2018-05-21 10:29:47 - [TEST_STEP][PASSED] - delay: Delayed 2 second(s)

2018-05-21 10:29:49 - [MESSAGE][PASSED] - Delayed 2 second(s)

2018-05-21 10:29:49 - [TEST_STEP][PASSED] - selectOptionByIndex: All options with index in [1] are selected on object 'Object Repository/DispensaryToCms/Page_KDMC - CMO/select_--Select--'

2018-05-21 10:29:49 - [MESSAGE][PASSED] - All options with index in [1] are selected on object 'Object Repository/DispensaryToCms/Page_KDMC - CMO/select_--Select--'

2018-05-21 10:29:49 - [TEST_STEP][PASSED] - click: Object: 'Object Repository/DispensaryToCms/Page_KDMC - CMO/input_btnupdate' is clicked on

2018-05-21 10:29:49 - [MESSAGE][PASSED] - Object: 'Object Repository/DispensaryToCms/Page_KDMC - CMO/input_btnupdate' is clicked on

2018-05-21 10:29:49 - [TEST_STEP][PASSED] - delay: Delayed 2 second(s)

2018-05-21 10:29:51 - [MESSAGE][PASSED] - Delayed 2 second(s)

2018-05-21 10:29:51 - [TEST_STEP][PASSED] - click: Object: 'Object Repository/DispensaryToCms/Page_KDMC - CMO/button_OK' is clicked on

2018-05-21 10:29:52 - [MESSAGE][PASSED] - Object: 'Object Repository/DispensaryToCms/Page_KDMC - CMO/button_OK' is clicked on

2018-05-21 10:29:52 - [TEST_STEP][PASSED] - delay: Delayed 3 second(s)

2018-05-21 10:29:55 - [MESSAGE][PASSED] - Delayed 3 second(s)

2018-05-21 10:29:55 - [TEST_STEP][PASSED] - waitForElementPresent: Object 'Object Repository/DispensaryToStore/Page_Dispensary Store/a_dropdown-toggle' is not present after 20 second(s)

2018-05-21 10:30:16 - [MESSAGE][WARNING] - Object 'Object Repository/DispensaryToStore/Page_Dispensary Store/a_dropdown-toggle' is not present after 20 second(s)

2018-05-21 10:30:16 - [TEST_STEP][PASSED] - click: Object: 'Object Repository/DispensaryToCms/Page_KDMC - CMO/a_dropdown-toggle' is clicked on

2018-05-21 10:30:16 - [MESSAGE][PASSED] - Object: 'Object Repository/DispensaryToCms/Page_KDMC - CMO/a_dropdown-toggle' is clicked on

2018-05-21 10:30:16 - [TEST_STEP][PASSED] - click: Object: 'Object Repository/DispensaryToCms/Page_KDMC - CMO/a_Sign out' is clicked on

2018-05-21 10:30:18 - [MESSAGE][PASSED] - Object: 'Object Repository/DispensaryToCms/Page_KDMC - CMO/a_Sign out' is clicked on

2018-05-21 10:30:18 - [TEST_STEP][PASSED] - delay: Delayed 3 second(s)

2018-05-21 10:30:21 - [MESSAGE][PASSED] - Delayed 3 second(s)

2018-05-21 10:30:21 - [TEST_STEP][PASSED] - click: Object: 'Object Repository/DispensaryToCms/Page_KDMC/a_CMS' is clicked on

2018-05-21 10:30:22 - [MESSAGE][PASSED] - Object: 'Object Repository/DispensaryToCms/Page_KDMC/a_CMS' is clicked on

2018-05-21 10:30:22 - [TEST_STEP][PASSED] - setText: Text 'bala' is set on object 'Object Repository/DispensaryToCms/Page_CMS login/input_txtusername'

2018-05-21 10:30:22 - [MESSAGE][PASSED] - Text 'bala' is set on object 'Object Repository/DispensaryToCms/Page_CMS login/input_txtusername'

2018-05-21 10:30:22 - [TEST_STEP][PASSED] - setText: Text '123' is set on object 'Object Repository/DispensaryToCms/Page_CMS login/input_txtpassword'

2018-05-21 10:30:22 - [MESSAGE][PASSED] - Text '123' is set on object 'Object Repository/DispensaryToCms/Page_CMS login/input_txtpassword'

2018-05-21 10:30:22 - [TEST_STEP][PASSED] - delay: Delayed 3 second(s)

2018-05-21 10:30:25 - [MESSAGE][PASSED] - Delayed 3 second(s)

2018-05-21 10:30:25 - [TEST_STEP][PASSED] - click: Object: 'Object Repository/DispensaryToCms/Page_CMS login/button_Sign in' is clicked on

2018-05-21 10:30:26 - [MESSAGE][PASSED] - Object: 'Object Repository/DispensaryToCms/Page_CMS login/button_Sign in' is clicked on

2018-05-21 10:30:26 - [TEST_STEP][PASSED] - delay: Delayed 3 second(s)

2018-05-21 10:30:29 - [MESSAGE][PASSED] - Delayed 3 second(s)

2018-05-21 10:30:29 - [TEST_STEP][PASSED] - click: Object: 'Object Repository/DispensaryToCms/Page_KDMC - CMS/a_Divisional Store' is clicked on

2018-05-21 10:30:29 - [MESSAGE][PASSED] - Object: 'Object Repository/DispensaryToCms/Page_KDMC - CMS/a_Divisional Store' is clicked on

2018-05-21 10:30:29 - [TEST_STEP][PASSED] - delay: Delayed 2 second(s)

2018-05-21 10:30:31 - [MESSAGE][PASSED] - Delayed 2 second(s)

2018-05-21 10:30:31 - [TEST_STEP][PASSED] - click: Object: 'Object Repository/DispensaryToCms/Page_KDMC - CMS/a_Dispatch Items' is clicked on

2018-05-21 10:30:31 - [MESSAGE][PASSED] - Object: 'Object Repository/DispensaryToCms/Page_KDMC - CMS/a_Dispatch Items' is clicked on

2018-05-21 10:30:31 - [TEST_STEP][PASSED] - delay: Delayed 2 second(s)

2018-05-21 10:30:33 - [MESSAGE][PASSED] - Delayed 2 second(s)

2018-05-21 10:30:33 - [TEST_STEP][PASSED] - setText: Text 'PRNO/21052018/291' is set on object 'Object Repository/DispensaryToCms/Page_KDMC - CMS/input'

2018-05-21 10:30:34 - [MESSAGE][PASSED] - Text 'PRNO/21052018/291' is set on object 'Object Repository/DispensaryToCms/Page_KDMC - CMS/input'

2018-05-21 10:30:34 - [TEST_STEP][PASSED] - click: Object: 'Object Repository/DispensaryToCms/Page_KDMC - CMS/input_PRNO18052018174' is clicked on

2018-05-21 10:30:34 - [MESSAGE][PASSED] - Object: 'Object Repository/DispensaryToCms/Page_KDMC - CMS/input_PRNO18052018174' is clicked on

2018-05-21 10:30:34 - [TEST_STEP][PASSED] - Statement - out.println("Length : " + medicineslength): null

2018-05-21 10:30:34 - [TEST_STEP][PASSED] - Statement - For ([row = 0, row < medicineslength - 1, (row++)]): null

2018-05-21 10:30:34 - [TEST_STEP][PASSED] - Statement - batchlength = new com.kms.katalon.core.testobject.TestObject(): null

2018-05-21 10:30:34 - [TEST_STEP][PASSED] - Statement - batchlength = com.kms.katalon.core.webui.keyword.WebUiBuiltInKeywords.modifyObjectProperty(batchlength, "xpath", "equals", "//*[@id = "fldvendor" + row + ""]", true): Modify property of object successfully

2018-05-21 10:30:34 - [MESSAGE][PASSED] - Modify property of object successfully

2018-05-21 10:30:34 - [TEST_STEP][PASSED] - Statement - batchsize = com.kms.katalon.core.webui.keyword.WebUiBuiltInKeywords.getNumberOfTotalOption(batchlength): 8 options of object '' counted

2018-05-21 10:30:34 - [MESSAGE][PASSED] - 8 options of object '' counted

2018-05-21 10:30:34 - [TEST_STEP][PASSED] - Statement - out.println("BatchSize : " + batchsize): null

2018-05-21 10:30:34 - [TEST_STEP][PASSED] - Statement - For ([n = 1, n <= batchsize - 1, (n++)]): null

2018-05-21 10:30:34 - [TEST_STEP][PASSED] - Statement - product = new com.kms.katalon.core.testobject.TestObject(): null

2018-05-21 10:30:34 - [TEST_STEP][PASSED] - Statement - product = com.kms.katalon.core.webui.keyword.WebUiBuiltInKeywords.modifyObjectProperty(product, "xpath", "equals", "//*[@id = "fldvendor" + row + ""]", true): Modify property of object successfully

2018-05-21 10:30:34 - [MESSAGE][PASSED] - Modify property of object successfully

2018-05-21 10:30:34 - [TEST_STEP][PASSED] - selectOptionByIndex: All options with index in [1] are selected on object ''

2018-05-21 10:30:35 - [MESSAGE][PASSED] - All options with index in [1] are selected on object ''

2018-05-21 10:30:35 - [TEST_STEP][PASSED] - Statement - batch = new com.kms.katalon.core.testobject.TestObject(): null

2018-05-21 10:30:35 - [TEST_STEP][PASSED] - Statement - batch = com.kms.katalon.core.webui.keyword.WebUiBuiltInKeywords.modifyObjectProperty(batch, "xpath", "equals", "//*[@id = "txtbthqty" + row + ""]", true): Modify property of object successfully

2018-05-21 10:30:35 - [MESSAGE][PASSED] - Modify property of object successfully

2018-05-21 10:30:35 - [TEST_STEP][PASSED] - Statement - batchqty = com.kms.katalon.core.webui.keyword.WebUiBuiltInKeywords.getAttribute(batch, "value").trim(): Attribute 'value' of object '' is: '39800'

2018-05-21 10:30:35 - [MESSAGE][PASSED] - Attribute 'value' of object '' is: '39800'

2018-05-21 10:30:35 - [TEST_STEP][PASSED] - Statement - Rqty = 100: null

2018-05-21 10:30:35 - [TEST_STEP][PASSED] - delay: Delayed 2 second(s)

2018-05-21 10:30:37 - [MESSAGE][PASSED] - Delayed 2 second(s)

2018-05-21 10:30:37 - [TEST_STEP][PASSED] - Statement - out.println("BatchQty : " + batchqty): null

2018-05-21 10:30:37 - [TEST_STEP][PASSED] - Statement - out.println("RQty : " + Rqty): null

2018-05-21 10:30:37 - [TEST_STEP][PASSED] - Statement - If (java.lang.Integer.valueOf(batchqty) >= java.lang.Integer.valueOf(Rqty)): null

2018-05-21 10:30:37 - [TEST_STEP][PASSED] - Statement - Break: null

2018-05-21 10:30:37 - [TEST_STEP][PASSED] - Statement - batchlength = new com.kms.katalon.core.testobject.TestObject(): null

2018-05-21 10:30:37 - [TEST_STEP][PASSED] - Statement - batchlength = com.kms.katalon.core.webui.keyword.WebUiBuiltInKeywords.modifyObjectProperty(batchlength, "xpath", "equals", "//*[@id = "fldvendor" + row + ""]", true): Modify property of object successfully

2018-05-21 10:30:37 - [MESSAGE][PASSED] - Modify property of object successfully

2018-05-21 10:30:37 - [TEST_STEP][PASSED] - Statement - batchsize = com.kms.katalon.core.webui.keyword.WebUiBuiltInKeywords.getNumberOfTotalOption(batchlength): 8 options of object '' counted

2018-05-21 10:30:37 - [MESSAGE][PASSED] - 8 options of object '' counted

2018-05-21 10:30:37 - [TEST_STEP][PASSED] - Statement - out.println("BatchSize : " + batchsize): null

2018-05-21 10:30:37 - [TEST_STEP][PASSED] - Statement - For ([n = 1, n <= batchsize - 1, (n++)]): null

2018-05-21 10:30:37 - [TEST_STEP][PASSED] - Statement - product = new com.kms.katalon.core.testobject.TestObject(): null

2018-05-21 10:30:37 - [TEST_STEP][PASSED] - Statement - product = com.kms.katalon.core.webui.keyword.WebUiBuiltInKeywords.modifyObjectProperty(product, "xpath", "equals", "//*[@id = "fldvendor" + row + ""]", true): Modify property of object successfully

2018-05-21 10:30:37 - [MESSAGE][PASSED] - Modify property of object successfully

2018-05-21 10:30:37 - [TEST_STEP][PASSED] - selectOptionByIndex: All options with index in [1] are selected on object ''

2018-05-21 10:30:37 - [MESSAGE][PASSED] - All options with index in [1] are selected on object ''

2018-05-21 10:30:37 - [TEST_STEP][PASSED] - Statement - batch = new com.kms.katalon.core.testobject.TestObject(): null

2018-05-21 10:30:37 - [TEST_STEP][PASSED] - Statement - batch = com.kms.katalon.core.webui.keyword.WebUiBuiltInKeywords.modifyObjectProperty(batch, "xpath", "equals", "//*[@id = "txtbthqty" + row + ""]", true): Modify property of object successfully

2018-05-21 10:30:37 - [MESSAGE][PASSED] - Modify property of object successfully

2018-05-21 10:30:37 - [TEST_STEP][PASSED] - Statement - batchqty = com.kms.katalon.core.webui.keyword.WebUiBuiltInKeywords.getAttribute(batch, "value").trim(): Attribute 'value' of object '' is: '38600'

2018-05-21 10:30:37 - [MESSAGE][PASSED] - Attribute 'value' of object '' is: '38600'

2018-05-21 10:30:37 - [TEST_STEP][PASSED] - Statement - Rqty = 100: null

2018-05-21 10:30:37 - [TEST_STEP][PASSED] - delay: Delayed 2 second(s)

2018-05-21 10:30:39 - [MESSAGE][PASSED] - Delayed 2 second(s)

2018-05-21 10:30:39 - [TEST_STEP][PASSED] - Statement - out.println("BatchQty : " + batchqty): null

2018-05-21 10:30:39 - [TEST_STEP][PASSED] - Statement - out.println("RQty : " + Rqty): null

2018-05-21 10:30:39 - [TEST_STEP][PASSED] - Statement - If (java.lang.Integer.valueOf(batchqty) >= java.lang.Integer.valueOf(Rqty)): null

2018-05-21 10:30:39 - [TEST_STEP][PASSED] - Statement - Break: null

2018-05-21 10:30:39 - [TEST_STEP][PASSED] - Statement - batchlength = new com.kms.katalon.core.testobject.TestObject(): null

2018-05-21 10:30:39 - [TEST_STEP][PASSED] - Statement - batchlength = com.kms.katalon.core.webui.keyword.WebUiBuiltInKeywords.modifyObjectProperty(batchlength, "xpath", "equals", "//*[@id = "fldvendor" + row + ""]", true): Modify property of object successfully

2018-05-21 10:30:39 - [MESSAGE][PASSED] - Modify property of object successfully

2018-05-21 10:30:39 - [TEST_STEP][PASSED] - Statement - batchsize = com.kms.katalon.core.webui.keyword.WebUiBuiltInKeywords.getNumberOfTotalOption(batchlength): 8 options of object '' counted

2018-05-21 10:30:39 - [MESSAGE][PASSED] - 8 options of object '' counted

2018-05-21 10:30:39 - [TEST_STEP][PASSED] - Statement - out.println("BatchSize : " + batchsize): null

2018-05-21 10:30:39 - [TEST_STEP][PASSED] - Statement - For ([n = 1, n <= batchsize - 1, (n++)]): null

2018-05-21 10:30:39 - [TEST_STEP][PASSED] - Statement - product = new com.kms.katalon.core.testobject.TestObject(): null

2018-05-21 10:30:39 - [TEST_STEP][PASSED] - Statement - product = com.kms.katalon.core.webui.keyword.WebUiBuiltInKeywords.modifyObjectProperty(product, "xpath", "equals", "//*[@id = "fldvendor" + row + ""]", true): Modify property of object successfully

2018-05-21 10:30:39 - [MESSAGE][PASSED] - Modify property of object successfully

2018-05-21 10:30:39 - [TEST_STEP][PASSED] - selectOptionByIndex: All options with index in [1] are selected on object ''

2018-05-21 10:30:39 - [MESSAGE][PASSED] - All options with index in [1] are selected on object ''

2018-05-21 10:30:39 - [TEST_STEP][PASSED] - Statement - batch = new com.kms.katalon.core.testobject.TestObject(): null

2018-05-21 10:30:39 - [TEST_STEP][PASSED] - Statement - batch = com.kms.katalon.core.webui.keyword.WebUiBuiltInKeywords.modifyObjectProperty(batch, "xpath", "equals", "//*[@id = "txtbthqty" + row + ""]", true): Modify property of object successfully

2018-05-21 10:30:39 - [MESSAGE][PASSED] - Modify property of object successfully

2018-05-21 10:30:39 - [TEST_STEP][PASSED] - Statement - batchqty = com.kms.katalon.core.webui.keyword.WebUiBuiltInKeywords.getAttribute(batch, "value").trim(): Attribute 'value' of object '' is: '49800'

2018-05-21 10:30:39 - [MESSAGE][PASSED] - Attribute 'value' of object '' is: '49800'

2018-05-21 10:30:39 - [TEST_STEP][PASSED] - Statement - Rqty = 100: null

2018-05-21 10:30:39 - [TEST_STEP][PASSED] - delay: Delayed 2 second(s)

2018-05-21 10:30:41 - [MESSAGE][PASSED] - Delayed 2 second(s)

2018-05-21 10:30:41 - [TEST_STEP][PASSED] - Statement - out.println("BatchQty : " + batchqty): null

2018-05-21 10:30:41 - [TEST_STEP][PASSED] - Statement - out.println("RQty : " + Rqty): null

2018-05-21 10:30:41 - [TEST_STEP][PASSED] - Statement - If (java.lang.Integer.valueOf(batchqty) >= java.lang.Integer.valueOf(Rqty)): null

2018-05-21 10:30:41 - [TEST_STEP][PASSED] - Statement - Break: null

2018-05-21 10:30:41 - [TEST_STEP][PASSED] - Statement - batchlength = new com.kms.katalon.core.testobject.TestObject(): null

2018-05-21 10:30:41 - [TEST_STEP][PASSED] - Statement - batchlength = com.kms.katalon.core.webui.keyword.WebUiBuiltInKeywords.modifyObjectProperty(batchlength, "xpath", "equals", "//*[@id = "fldvendor" + row + ""]", true): Modify property of object successfully

2018-05-21 10:30:41 - [MESSAGE][PASSED] - Modify property of object successfully

2018-05-21 10:30:41 - [TEST_STEP][PASSED] - Statement - batchsize = com.kms.katalon.core.webui.keyword.WebUiBuiltInKeywords.getNumberOfTotalOption(batchlength): 8 options of object '' counted

2018-05-21 10:30:41 - [MESSAGE][PASSED] - 8 options of object '' counted

2018-05-21 10:30:41 - [TEST_STEP][PASSED] - Statement - out.println("BatchSize : " + batchsize): null

2018-05-21 10:30:41 - [TEST_STEP][PASSED] - Statement - For ([n = 1, n <= batchsize - 1, (n++)]): null

2018-05-21 10:30:41 - [TEST_STEP][PASSED] - Statement - product = new com.kms.katalon.core.testobject.TestObject(): null

2018-05-21 10:30:41 - [TEST_STEP][PASSED] - Statement - product = com.kms.katalon.core.webui.keyword.WebUiBuiltInKeywords.modifyObjectProperty(product, "xpath", "equals", "//*[@id = "fldvendor" + row + ""]", true): Modify property of object successfully

2018-05-21 10:30:41 - [MESSAGE][PASSED] - Modify property of object successfully

2018-05-21 10:30:41 - [TEST_STEP][PASSED] - selectOptionByIndex: All options with index in [1] are selected on object ''

2018-05-21 10:30:41 - [MESSAGE][PASSED] - All options with index in [1] are selected on object ''

2018-05-21 10:30:41 - [TEST_STEP][PASSED] - Statement - batch = new com.kms.katalon.core.testobject.TestObject(): null

2018-05-21 10:30:41 - [TEST_STEP][PASSED] - Statement - batch = com.kms.katalon.core.webui.keyword.WebUiBuiltInKeywords.modifyObjectProperty(batch, "xpath", "equals", "//*[@id = "txtbthqty" + row + ""]", true): Modify property of object successfully

2018-05-21 10:30:41 - [MESSAGE][PASSED] - Modify property of object successfully

2018-05-21 10:30:41 - [TEST_STEP][PASSED] - Statement - batchqty = com.kms.katalon.core.webui.keyword.WebUiBuiltInKeywords.getAttribute(batch, "value").trim(): Attribute 'value' of object '' is: '49800'

2018-05-21 10:30:41 - [MESSAGE][PASSED] - Attribute 'value' of object '' is: '49800'

2018-05-21 10:30:41 - [TEST_STEP][PASSED] - Statement - Rqty = 100: null

2018-05-21 10:30:41 - [TEST_STEP][PASSED] - delay: Delayed 2 second(s)

2018-05-21 10:30:43 - [MESSAGE][PASSED] - Delayed 2 second(s)

2018-05-21 10:30:43 - [TEST_STEP][PASSED] - Statement - out.println("BatchQty : " + batchqty): null

2018-05-21 10:30:43 - [TEST_STEP][PASSED] - Statement - out.println("RQty : " + Rqty): null

2018-05-21 10:30:43 - [TEST_STEP][PASSED] - Statement - If (java.lang.Integer.valueOf(batchqty) >= java.lang.Integer.valueOf(Rqty)): null

2018-05-21 10:30:43 - [TEST_STEP][PASSED] - Statement - Break: null

2018-05-21 10:30:43 - [TEST_STEP][PASSED] - Statement - batchlength = new com.kms.katalon.core.testobject.TestObject(): null

2018-05-21 10:30:43 - [TEST_STEP][PASSED] - Statement - batchlength = com.kms.katalon.core.webui.keyword.WebUiBuiltInKeywords.modifyObjectProperty(batchlength, "xpath", "equals", "//*[@id = "fldvendor" + row + ""]", true): Modify property of object successfully

2018-05-21 10:30:43 - [MESSAGE][PASSED] - Modify property of object successfully

2018-05-21 10:30:43 - [TEST_STEP][PASSED] - Statement - batchsize = com.kms.katalon.core.webui.keyword.WebUiBuiltInKeywords.getNumberOfTotalOption(batchlength): 8 options of object '' counted

2018-05-21 10:30:43 - [MESSAGE][PASSED] - 8 options of object '' counted

2018-05-21 10:30:43 - [TEST_STEP][PASSED] - Statement - out.println("BatchSize : " + batchsize): null

2018-05-21 10:30:43 - [TEST_STEP][PASSED] - Statement - For ([n = 1, n <= batchsize - 1, (n++)]): null

2018-05-21 10:30:43 - [TEST_STEP][PASSED] - Statement - product = new com.kms.katalon.core.testobject.TestObject(): null

2018-05-21 10:30:43 - [TEST_STEP][PASSED] - Statement - product = com.kms.katalon.core.webui.keyword.WebUiBuiltInKeywords.modifyObjectProperty(product, "xpath", "equals", "//*[@id = "fldvendor" + row + ""]", true): Modify property of object successfully

2018-05-21 10:30:43 - [MESSAGE][PASSED] - Modify property of object successfully

2018-05-21 10:30:43 - [TEST_STEP][PASSED] - selectOptionByIndex: All options with index in [1] are selected on object ''

2018-05-21 10:30:44 - [MESSAGE][PASSED] - All options with index in [1] are selected on object ''

2018-05-21 10:30:44 - [TEST_STEP][PASSED] - Statement - batch = new com.kms.katalon.core.testobject.TestObject(): null

2018-05-21 10:30:44 - [TEST_STEP][PASSED] - Statement - batch = com.kms.katalon.core.webui.keyword.WebUiBuiltInKeywords.modifyObjectProperty(batch, "xpath", "equals", "//*[@id = "txtbthqty" + row + ""]", true): Modify property of object successfully

2018-05-21 10:30:44 - [MESSAGE][PASSED] - Modify property of object successfully

2018-05-21 10:30:44 - [TEST_STEP][PASSED] - Statement - batchqty = com.kms.katalon.core.webui.keyword.WebUiBuiltInKeywords.getAttribute(batch, "value").trim(): Attribute 'value' of object '' is: '49800'

2018-05-21 10:30:44 - [MESSAGE][PASSED] - Attribute 'value' of object '' is: '49800'

2018-05-21 10:30:44 - [TEST_STEP][PASSED] - Statement - Rqty = 100: null

2018-05-21 10:30:44 - [TEST_STEP][PASSED] - delay: Delayed 2 second(s)

2018-05-21 10:30:46 - [MESSAGE][PASSED] - Delayed 2 second(s)

2018-05-21 10:30:46 - [TEST_STEP][PASSED] - Statement - out.println("BatchQty : " + batchqty): null

2018-05-21 10:30:46 - [TEST_STEP][PASSED] - Statement - out.println("RQty : " + Rqty): null

2018-05-21 10:30:46 - [TEST_STEP][PASSED] - Statement - If (java.lang.Integer.valueOf(batchqty) >= java.lang.Integer.valueOf(Rqty)): null

2018-05-21 10:30:46 - [TEST_STEP][PASSED] - Statement - Break: null

2018-05-21 10:30:46 - [TEST_STEP][PASSED] - Statement - batchlength = new com.kms.katalon.core.testobject.TestObject(): null

2018-05-21 10:30:46 - [TEST_STEP][PASSED] - Statement - batchlength = com.kms.katalon.core.webui.keyword.WebUiBuiltInKeywords.modifyObjectProperty(batchlength, "xpath", "equals", "//*[@id = "fldvendor" + row + ""]", true): Modify property of object successfully

2018-05-21 10:30:46 - [MESSAGE][PASSED] - Modify property of object successfully

2018-05-21 10:30:46 - [TEST_STEP][PASSED] - Statement - batchsize = com.kms.katalon.core.webui.keyword.WebUiBuiltInKeywords.getNumberOfTotalOption(batchlength): 8 options of object '' counted

2018-05-21 10:30:46 - [MESSAGE][PASSED] - 8 options of object '' counted

2018-05-21 10:30:46 - [TEST_STEP][PASSED] - Statement - out.println("BatchSize : " + batchsize): null

2018-05-21 10:30:46 - [TEST_STEP][PASSED] - Statement - For ([n = 1, n <= batchsize - 1, (n++)]): null

2018-05-21 10:30:46 - [TEST_STEP][PASSED] - Statement - product = new com.kms.katalon.core.testobject.TestObject(): null

2018-05-21 10:30:46 - [TEST_STEP][PASSED] - Statement - product = com.kms.katalon.core.webui.keyword.WebUiBuiltInKeywords.modifyObjectProperty(product, "xpath", "equals", "//*[@id = "fldvendor" + row + ""]", true): Modify property of object successfully

2018-05-21 10:30:46 - [MESSAGE][PASSED] - Modify property of object successfully

2018-05-21 10:30:46 - [TEST_STEP][PASSED] - selectOptionByIndex: All options with index in [1] are selected on object ''

2018-05-21 10:30:46 - [MESSAGE][PASSED] - All options with index in [1] are selected on object ''

2018-05-21 10:30:46 - [TEST_STEP][PASSED] - Statement - batch = new com.kms.katalon.core.testobject.TestObject(): null

2018-05-21 10:30:46 - [TEST_STEP][PASSED] - Statement - batch = com.kms.katalon.core.webui.keyword.WebUiBuiltInKeywords.modifyObjectProperty(batch, "xpath", "equals", "//*[@id = "txtbthqty" + row + ""]", true): Modify property of object successfully

2018-05-21 10:30:46 - [MESSAGE][PASSED] - Modify property of object successfully

2018-05-21 10:30:46 - [TEST_STEP][PASSED] - Statement - batchqty = com.kms.katalon.core.webui.keyword.WebUiBuiltInKeywords.getAttribute(batch, "value").trim(): Attribute 'value' of object '' is: '49800'

2018-05-21 10:30:46 - [MESSAGE][PASSED] - Attribute 'value' of object '' is: '49800'

2018-05-21 10:30:46 - [TEST_STEP][PASSED] - Statement - Rqty = 100: null

2018-05-21 10:30:46 - [TEST_STEP][PASSED] - delay: Delayed 2 second(s)

2018-05-21 10:30:48 - [MESSAGE][PASSED] - Delayed 2 second(s)

2018-05-21 10:30:48 - [TEST_STEP][PASSED] - Statement - out.println("BatchQty : " + batchqty): null

2018-05-21 10:30:48 - [TEST_STEP][PASSED] - Statement - out.println("RQty : " + Rqty): null

2018-05-21 10:30:48 - [TEST_STEP][PASSED] - Statement - If (java.lang.Integer.valueOf(batchqty) >= java.lang.Integer.valueOf(Rqty)): null

2018-05-21 10:30:48 - [TEST_STEP][PASSED] - Statement - Break: null

2018-05-21 10:30:48 - [TEST_STEP][PASSED] - Statement - batchlength = new com.kms.katalon.core.testobject.TestObject(): null

2018-05-21 10:30:48 - [TEST_STEP][PASSED] - Statement - batchlength = com.kms.katalon.core.webui.keyword.WebUiBuiltInKeywords.modifyObjectProperty(batchlength, "xpath", "equals", "//*[@id = "fldvendor" + row + ""]", true): Modify property of object successfully

2018-05-21 10:30:48 - [MESSAGE][PASSED] - Modify property of object successfully

2018-05-21 10:30:48 - [TEST_STEP][PASSED] - Statement - batchsize = com.kms.katalon.core.webui.keyword.WebUiBuiltInKeywords.getNumberOfTotalOption(batchlength): 8 options of object '' counted

2018-05-21 10:30:48 - [MESSAGE][PASSED] - 8 options of object '' counted

2018-05-21 10:30:48 - [TEST_STEP][PASSED] - Statement - out.println("BatchSize : " + batchsize): null

2018-05-21 10:30:48 - [TEST_STEP][PASSED] - Statement - For ([n = 1, n <= batchsize - 1, (n++)]): null

2018-05-21 10:30:48 - [TEST_STEP][PASSED] - Statement - product = new com.kms.katalon.core.testobject.TestObject(): null

2018-05-21 10:30:48 - [TEST_STEP][PASSED] - Statement - product = com.kms.katalon.core.webui.keyword.WebUiBuiltInKeywords.modifyObjectProperty(product, "xpath", "equals", "//*[@id = "fldvendor" + row + ""]", true): Modify property of object successfully

2018-05-21 10:30:48 - [MESSAGE][PASSED] - Modify property of object successfully

2018-05-21 10:30:48 - [TEST_STEP][PASSED] - selectOptionByIndex: All options with index in [1] are selected on object ''

2018-05-21 10:30:48 - [MESSAGE][PASSED] - All options with index in [1] are selected on object ''

2018-05-21 10:30:48 - [TEST_STEP][PASSED] - Statement - batch = new com.kms.katalon.core.testobject.TestObject(): null

2018-05-21 10:30:48 - [TEST_STEP][PASSED] - Statement - batch = com.kms.katalon.core.webui.keyword.WebUiBuiltInKeywords.modifyObjectProperty(batch, "xpath", "equals", "//*[@id = "txtbthqty" + row + ""]", true): Modify property of object successfully

2018-05-21 10:30:48 - [MESSAGE][PASSED] - Modify property of object successfully

2018-05-21 10:30:48 - [TEST_STEP][PASSED] - Statement - batchqty = com.kms.katalon.core.webui.keyword.WebUiBuiltInKeywords.getAttribute(batch, "value").trim(): Attribute 'value' of object '' is: '49800'

2018-05-21 10:30:48 - [MESSAGE][PASSED] - Attribute 'value' of object '' is: '49800'

2018-05-21 10:30:48 - [TEST_STEP][PASSED] - Statement - Rqty = 100: null

2018-05-21 10:30:48 - [TEST_STEP][PASSED] - delay: Delayed 2 second(s)

2018-05-21 10:30:50 - [MESSAGE][PASSED] - Delayed 2 second(s)

2018-05-21 10:30:50 - [TEST_STEP][PASSED] - Statement - out.println("BatchQty : " + batchqty): null

2018-05-21 10:30:50 - [TEST_STEP][PASSED] - Statement - out.println("RQty : " + Rqty): null

2018-05-21 10:30:50 - [TEST_STEP][PASSED] - Statement - If (java.lang.Integer.valueOf(batchqty) >= java.lang.Integer.valueOf(Rqty)): null

2018-05-21 10:30:50 - [TEST_STEP][PASSED] - Statement - Break: null

2018-05-21 10:30:50 - [TEST_STEP][PASSED] - Statement - batchlength = new com.kms.katalon.core.testobject.TestObject(): null

2018-05-21 10:30:50 - [TEST_STEP][PASSED] - Statement - batchlength = com.kms.katalon.core.webui.keyword.WebUiBuiltInKeywords.modifyObjectProperty(batchlength, "xpath", "equals", "//*[@id = "fldvendor" + row + ""]", true): Modify property of object successfully

2018-05-21 10:30:50 - [MESSAGE][PASSED] - Modify property of object successfully

2018-05-21 10:30:50 - [TEST_STEP][PASSED] - Statement - batchsize = com.kms.katalon.core.webui.keyword.WebUiBuiltInKeywords.getNumberOfTotalOption(batchlength): 8 options of object '' counted

2018-05-21 10:30:50 - [MESSAGE][PASSED] - 8 options of object '' counted

2018-05-21 10:30:50 - [TEST_STEP][PASSED] - Statement - out.println("BatchSize : " + batchsize): null

2018-05-21 10:30:50 - [TEST_STEP][PASSED] - Statement - For ([n = 1, n <= batchsize - 1, (n++)]): null

2018-05-21 10:30:50 - [TEST_STEP][PASSED] - Statement - product = new com.kms.katalon.core.testobject.TestObject(): null

2018-05-21 10:30:50 - [TEST_STEP][PASSED] - Statement - product = com.kms.katalon.core.webui.keyword.WebUiBuiltInKeywords.modifyObjectProperty(product, "xpath", "equals", "//*[@id = "fldvendor" + row + ""]", true): Modify property of object successfully

2018-05-21 10:30:50 - [MESSAGE][PASSED] - Modify property of object successfully

2018-05-21 10:30:50 - [TEST_STEP][PASSED] - selectOptionByIndex: All options with index in [1] are selected on object ''

2018-05-21 10:30:50 - [MESSAGE][PASSED] - All options with index in [1] are selected on object ''

2018-05-21 10:30:50 - [TEST_STEP][PASSED] - Statement - batch = new com.kms.katalon.core.testobject.TestObject(): null

2018-05-21 10:30:50 - [TEST_STEP][PASSED] - Statement - batch = com.kms.katalon.core.webui.keyword.WebUiBuiltInKeywords.modifyObjectProperty(batch, "xpath", "equals", "//*[@id = "txtbthqty" + row + ""]", true): Modify property of object successfully

2018-05-21 10:30:50 - [MESSAGE][PASSED] - Modify property of object successfully

2018-05-21 10:30:50 - [TEST_STEP][PASSED] - Statement - batchqty = com.kms.katalon.core.webui.keyword.WebUiBuiltInKeywords.getAttribute(batch, "value").trim(): Attribute 'value' of object '' is: '38800'

2018-05-21 10:30:50 - [MESSAGE][PASSED] - Attribute 'value' of object '' is: '38800'

2018-05-21 10:30:50 - [TEST_STEP][PASSED] - Statement - Rqty = 100: null

2018-05-21 10:30:50 - [TEST_STEP][PASSED] - delay: Delayed 2 second(s)

2018-05-21 10:30:52 - [MESSAGE][PASSED] - Delayed 2 second(s)

2018-05-21 10:30:52 - [TEST_STEP][PASSED] - Statement - out.println("BatchQty : " + batchqty): null

2018-05-21 10:30:52 - [TEST_STEP][PASSED] - Statement - out.println("RQty : " + Rqty): null

2018-05-21 10:30:52 - [TEST_STEP][PASSED] - Statement - If (java.lang.Integer.valueOf(batchqty) >= java.lang.Integer.valueOf(Rqty)): null

2018-05-21 10:30:52 - [TEST_STEP][PASSED] - Statement - Break: null

2018-05-21 10:30:52 - [TEST_STEP][PASSED] - Statement - batchlength = new com.kms.katalon.core.testobject.TestObject(): null

2018-05-21 10:30:52 - [TEST_STEP][PASSED] - Statement - batchlength = com.kms.katalon.core.webui.keyword.WebUiBuiltInKeywords.modifyObjectProperty(batchlength, "xpath", "equals", "//*[@id = "fldvendor" + row + ""]", true): Modify property of object successfully

2018-05-21 10:30:52 - [MESSAGE][PASSED] - Modify property of object successfully

2018-05-21 10:30:52 - [TEST_STEP][PASSED] - Statement - batchsize = com.kms.katalon.core.webui.keyword.WebUiBuiltInKeywords.getNumberOfTotalOption(batchlength): 8 options of object '' counted

2018-05-21 10:30:52 - [MESSAGE][PASSED] - 8 options of object '' counted

2018-05-21 10:30:52 - [TEST_STEP][PASSED] - Statement - out.println("BatchSize : " + batchsize): null

2018-05-21 10:30:52 - [TEST_STEP][PASSED] - Statement - For ([n = 1, n <= batchsize - 1, (n++)]): null

2018-05-21 10:30:52 - [TEST_STEP][PASSED] - Statement - product = new com.kms.katalon.core.testobject.TestObject(): null

2018-05-21 10:30:52 - [TEST_STEP][PASSED] - Statement - product = com.kms.katalon.core.webui.keyword.WebUiBuiltInKeywords.modifyObjectProperty(product, "xpath", "equals", "//*[@id = "fldvendor" + row + ""]", true): Modify property of object successfully

2018-05-21 10:30:52 - [MESSAGE][PASSED] - Modify property of object successfully

2018-05-21 10:30:52 - [TEST_STEP][PASSED] - selectOptionByIndex: All options with index in [1] are selected on object ''

2018-05-21 10:30:53 - [MESSAGE][PASSED] - All options with index in [1] are selected on object ''

2018-05-21 10:30:53 - [TEST_STEP][PASSED] - Statement - batch = new com.kms.katalon.core.testobject.TestObject(): null

2018-05-21 10:30:53 - [TEST_STEP][PASSED] - Statement - batch = com.kms.katalon.core.webui.keyword.WebUiBuiltInKeywords.modifyObjectProperty(batch, "xpath", "equals", "//*[@id = "txtbthqty" + row + ""]", true): Modify property of object successfully

2018-05-21 10:30:53 - [MESSAGE][PASSED] - Modify property of object successfully

2018-05-21 10:30:53 - [TEST_STEP][PASSED] - Statement - batchqty = com.kms.katalon.core.webui.keyword.WebUiBuiltInKeywords.getAttribute(batch, "value").trim(): Attribute 'value' of object '' is: '49800'

2018-05-21 10:30:53 - [MESSAGE][PASSED] - Attribute 'value' of object '' is: '49800'

2018-05-21 10:30:53 - [TEST_STEP][PASSED] - Statement - Rqty = 100: null

2018-05-21 10:30:53 - [TEST_STEP][PASSED] - delay: Delayed 2 second(s)

2018-05-21 10:30:55 - [MESSAGE][PASSED] - Delayed 2 second(s)

2018-05-21 10:30:55 - [TEST_STEP][PASSED] - Statement - out.println("BatchQty : " + batchqty): null

2018-05-21 10:30:55 - [TEST_STEP][PASSED] - Statement - out.println("RQty : " + Rqty): null

2018-05-21 10:30:55 - [TEST_STEP][PASSED] - Statement - If (java.lang.Integer.valueOf(batchqty) >= java.lang.Integer.valueOf(Rqty)): null

2018-05-21 10:30:55 - [TEST_STEP][PASSED] - Statement - Break: null

2018-05-21 10:30:55 - [TEST_STEP][PASSED] - Statement - batchlength = new com.kms.katalon.core.testobject.TestObject(): null

2018-05-21 10:30:55 - [TEST_STEP][PASSED] - Statement - batchlength = com.kms.katalon.core.webui.keyword.WebUiBuiltInKeywords.modifyObjectProperty(batchlength, "xpath", "equals", "//*[@id = "fldvendor" + row + ""]", true): Modify property of object successfully

2018-05-21 10:30:55 - [MESSAGE][PASSED] - Modify property of object successfully

2018-05-21 10:30:55 - [TEST_STEP][PASSED] - Statement - batchsize = com.kms.katalon.core.webui.keyword.WebUiBuiltInKeywords.getNumberOfTotalOption(batchlength): 8 options of object '' counted

2018-05-21 10:30:55 - [MESSAGE][PASSED] - 8 options of object '' counted

2018-05-21 10:30:55 - [TEST_STEP][PASSED] - Statement - out.println("BatchSize : " + batchsize): null

2018-05-21 10:30:55 - [TEST_STEP][PASSED] - Statement - For ([n = 1, n <= batchsize - 1, (n++)]): null

2018-05-21 10:30:55 - [TEST_STEP][PASSED] - Statement - product = new com.kms.katalon.core.testobject.TestObject(): null

2018-05-21 10:30:55 - [TEST_STEP][PASSED] - Statement - product = com.kms.katalon.core.webui.keyword.WebUiBuiltInKeywords.modifyObjectProperty(product, "xpath", "equals", "//*[@id = "fldvendor" + row + ""]", true): Modify property of object successfully

2018-05-21 10:30:55 - [MESSAGE][PASSED] - Modify property of object successfully

2018-05-21 10:30:55 - [TEST_STEP][PASSED] - selectOptionByIndex: All options with index in [1] are selected on object ''

2018-05-21 10:30:55 - [MESSAGE][PASSED] - All options with index in [1] are selected on object ''

2018-05-21 10:30:55 - [TEST_STEP][PASSED] - Statement - batch = new com.kms.katalon.core.testobject.TestObject(): null

2018-05-21 10:30:55 - [TEST_STEP][PASSED] - Statement - batch = com.kms.katalon.core.webui.keyword.WebUiBuiltInKeywords.modifyObjectProperty(batch, "xpath", "equals", "//*[@id = "txtbthqty" + row + ""]", true): Modify property of object successfully

2018-05-21 10:30:55 - [MESSAGE][PASSED] - Modify property of object successfully

2018-05-21 10:30:55 - [TEST_STEP][PASSED] - Statement - batchqty = com.kms.katalon.core.webui.keyword.WebUiBuiltInKeywords.getAttribute(batch, "value").trim(): Attribute 'value' of object '' is: '38800'

2018-05-21 10:30:55 - [MESSAGE][PASSED] - Attribute 'value' of object '' is: '38800'

2018-05-21 10:30:55 - [TEST_STEP][PASSED] - Statement - Rqty = 100: null

2018-05-21 10:30:55 - [TEST_STEP][PASSED] - delay: Delayed 2 second(s)

2018-05-21 10:30:57 - [MESSAGE][PASSED] - Delayed 2 second(s)

2018-05-21 10:30:57 - [TEST_STEP][PASSED] - Statement - out.println("BatchQty : " + batchqty): null

2018-05-21 10:30:57 - [TEST_STEP][PASSED] - Statement - out.println("RQty : " + Rqty): null

2018-05-21 10:30:57 - [TEST_STEP][PASSED] - Statement - If (java.lang.Integer.valueOf(batchqty) >= java.lang.Integer.valueOf(Rqty)): null

2018-05-21 10:30:57 - [TEST_STEP][PASSED] - Statement - Break: null

2018-05-21 10:30:57 - [TEST_STEP][PASSED] - Statement - batchlength = new com.kms.katalon.core.testobject.TestObject(): null

2018-05-21 10:30:57 - [TEST_STEP][PASSED] - Statement - batchlength = com.kms.katalon.core.webui.keyword.WebUiBuiltInKeywords.modifyObjectProperty(batchlength, "xpath", "equals", "//*[@id = "fldvendor" + row + ""]", true): Modify property of object successfully

2018-05-21 10:30:57 - [MESSAGE][PASSED] - Modify property of object successfully

2018-05-21 10:30:57 - [TEST_STEP][PASSED] - Statement - batchsize = com.kms.katalon.core.webui.keyword.WebUiBuiltInKeywords.getNumberOfTotalOption(batchlength): 8 options of object '' counted

2018-05-21 10:30:57 - [MESSAGE][PASSED] - 8 options of object '' counted

2018-05-21 10:30:57 - [TEST_STEP][PASSED] - Statement - out.println("BatchSize : " + batchsize): null

2018-05-21 10:30:57 - [TEST_STEP][PASSED] - Statement - For ([n = 1, n <= batchsize - 1, (n++)]): null

2018-05-21 10:30:57 - [TEST_STEP][PASSED] - Statement - product = new com.kms.katalon.core.testobject.TestObject(): null

2018-05-21 10:30:57 - [TEST_STEP][PASSED] - Statement - product = com.kms.katalon.core.webui.keyword.WebUiBuiltInKeywords.modifyObjectProperty(product, "xpath", "equals", "//*[@id = "fldvendor" + row + ""]", true): Modify property of object successfully

2018-05-21 10:30:57 - [MESSAGE][PASSED] - Modify property of object successfully

2018-05-21 10:30:57 - [TEST_STEP][PASSED] - selectOptionByIndex: All options with index in [1] are selected on object ''

2018-05-21 10:30:57 - [MESSAGE][PASSED] - All options with index in [1] are selected on object ''

2018-05-21 10:30:57 - [TEST_STEP][PASSED] - Statement - batch = new com.kms.katalon.core.testobject.TestObject(): null

2018-05-21 10:30:57 - [TEST_STEP][PASSED] - Statement - batch = com.kms.katalon.core.webui.keyword.WebUiBuiltInKeywords.modifyObjectProperty(batch, "xpath", "equals", "//*[@id = "txtbthqty" + row + ""]", true): Modify property of object successfully

2018-05-21 10:30:57 - [MESSAGE][PASSED] - Modify property of object successfully

2018-05-21 10:30:57 - [TEST_STEP][PASSED] - Statement - batchqty = com.kms.katalon.core.webui.keyword.WebUiBuiltInKeywords.getAttribute(batch, "value").trim(): Attribute 'value' of object '' is: '49800'

2018-05-21 10:30:57 - [MESSAGE][PASSED] - Attribute 'value' of object '' is: '49800'

2018-05-21 10:30:57 - [TEST_STEP][PASSED] - Statement - Rqty = 100: null

2018-05-21 10:30:57 - [TEST_STEP][PASSED] - delay: Delayed 2 second(s)

2018-05-21 10:30:59 - [MESSAGE][PASSED] - Delayed 2 second(s)

2018-05-21 10:30:59 - [TEST_STEP][PASSED] - Statement - out.println("BatchQty : " + batchqty): null

2018-05-21 10:30:59 - [TEST_STEP][PASSED] - Statement - out.println("RQty : " + Rqty): null

2018-05-21 10:30:59 - [TEST_STEP][PASSED] - Statement - If (java.lang.Integer.valueOf(batchqty) >= java.lang.Integer.valueOf(Rqty)): null

2018-05-21 10:30:59 - [TEST_STEP][PASSED] - Statement - Break: null

2018-05-21 10:30:59 - [TEST_STEP][PASSED] - Statement - batchlength = new com.kms.katalon.core.testobject.TestObject(): null

2018-05-21 10:30:59 - [TEST_STEP][PASSED] - Statement - batchlength = com.kms.katalon.core.webui.keyword.WebUiBuiltInKeywords.modifyObjectProperty(batchlength, "xpath", "equals", "//*[@id = "fldvendor" + row + ""]", true): Modify property of object successfully

2018-05-21 10:30:59 - [MESSAGE][PASSED] - Modify property of object successfully

2018-05-21 10:30:59 - [TEST_STEP][PASSED] - Statement - batchsize = com.kms.katalon.core.webui.keyword.WebUiBuiltInKeywords.getNumberOfTotalOption(batchlength): 8 options of object '' counted

2018-05-21 10:30:59 - [MESSAGE][PASSED] - 8 options of object '' counted

2018-05-21 10:30:59 - [TEST_STEP][PASSED] - Statement - out.println("BatchSize : " + batchsize): null

2018-05-21 10:30:59 - [TEST_STEP][PASSED] - Statement - For ([n = 1, n <= batchsize - 1, (n++)]): null

2018-05-21 10:30:59 - [TEST_STEP][PASSED] - Statement - product = new com.kms.katalon.core.testobject.TestObject(): null

2018-05-21 10:30:59 - [TEST_STEP][PASSED] - Statement - product = com.kms.katalon.core.webui.keyword.WebUiBuiltInKeywords.modifyObjectProperty(product, "xpath", "equals", "//*[@id = "fldvendor" + row + ""]", true): Modify property of object successfully

2018-05-21 10:30:59 - [MESSAGE][PASSED] - Modify property of object successfully

2018-05-21 10:30:59 - [TEST_STEP][PASSED] - selectOptionByIndex: All options with index in [1] are selected on object ''

2018-05-21 10:31:00 - [MESSAGE][PASSED] - All options with index in [1] are selected on object ''

2018-05-21 10:31:00 - [TEST_STEP][PASSED] - Statement - batch = new com.kms.katalon.core.testobject.TestObject(): null

2018-05-21 10:31:00 - [TEST_STEP][PASSED] - Statement - batch = com.kms.katalon.core.webui.keyword.WebUiBuiltInKeywords.modifyObjectProperty(batch, "xpath", "equals", "//*[@id = "txtbthqty" + row + ""]", true): Modify property of object successfully

2018-05-21 10:31:00 - [MESSAGE][PASSED] - Modify property of object successfully

2018-05-21 10:31:00 - [TEST_STEP][PASSED] - Statement - batchqty = com.kms.katalon.core.webui.keyword.WebUiBuiltInKeywords.getAttribute(batch, "value").trim(): Attribute 'value' of object '' is: '49800'

2018-05-21 10:31:00 - [MESSAGE][PASSED] - Attribute 'value' of object '' is: '49800'

2018-05-21 10:31:00 - [TEST_STEP][PASSED] - Statement - Rqty = 100: null

2018-05-21 10:31:00 - [TEST_STEP][PASSED] - delay: Delayed 2 second(s)

2018-05-21 10:31:02 - [MESSAGE][PASSED] - Delayed 2 second(s)

2018-05-21 10:31:02 - [TEST_STEP][PASSED] - Statement - out.println("BatchQty : " + batchqty): null

2018-05-21 10:31:02 - [TEST_STEP][PASSED] - Statement - out.println("RQty : " + Rqty): null

2018-05-21 10:31:02 - [TEST_STEP][PASSED] - Statement - If (java.lang.Integer.valueOf(batchqty) >= java.lang.Integer.valueOf(Rqty)): null

2018-05-21 10:31:02 - [TEST_STEP][PASSED] - Statement - Break: null

2018-05-21 10:31:02 - [TEST_STEP][PASSED] - Statement - batchlength = new com.kms.katalon.core.testobject.TestObject(): null

2018-05-21 10:31:02 - [TEST_STEP][PASSED] - Statement - batchlength = com.kms.katalon.core.webui.keyword.WebUiBuiltInKeywords.modifyObjectProperty(batchlength, "xpath", "equals", "//*[@id = "fldvendor" + row + ""]", true): Modify property of object successfully

2018-05-21 10:31:02 - [MESSAGE][PASSED] - Modify property of object successfully

2018-05-21 10:31:02 - [TEST_STEP][PASSED] - Statement - batchsize = com.kms.katalon.core.webui.keyword.WebUiBuiltInKeywords.getNumberOfTotalOption(batchlength): 8 options of object '' counted

2018-05-21 10:31:02 - [MESSAGE][PASSED] - 8 options of object '' counted

2018-05-21 10:31:02 - [TEST_STEP][PASSED] - Statement - out.println("BatchSize : " + batchsize): null

2018-05-21 10:31:02 - [TEST_STEP][PASSED] - Statement - For ([n = 1, n <= batchsize - 1, (n++)]): null

2018-05-21 10:31:02 - [TEST_STEP][PASSED] - Statement - product = new com.kms.katalon.core.testobject.TestObject(): null

2018-05-21 10:31:02 - [TEST_STEP][PASSED] - Statement - product = com.kms.katalon.core.webui.keyword.WebUiBuiltInKeywords.modifyObjectProperty(product, "xpath", "equals", "//*[@id = "fldvendor" + row + ""]", true): Modify property of object successfully

2018-05-21 10:31:02 - [MESSAGE][PASSED] - Modify property of object successfully

2018-05-21 10:31:02 - [TEST_STEP][PASSED] - selectOptionByIndex: All options with index in [1] are selected on object ''

2018-05-21 10:31:02 - [MESSAGE][PASSED] - All options with index in [1] are selected on object ''

2018-05-21 10:31:02 - [TEST_STEP][PASSED] - Statement - batch = new com.kms.katalon.core.testobject.TestObject(): null

2018-05-21 10:31:02 - [TEST_STEP][PASSED] - Statement - batch = com.kms.katalon.core.webui.keyword.WebUiBuiltInKeywords.modifyObjectProperty(batch, "xpath", "equals", "//*[@id = "txtbthqty" + row + ""]", true): Modify property of object successfully

2018-05-21 10:31:02 - [MESSAGE][PASSED] - Modify property of object successfully

2018-05-21 10:31:02 - [TEST_STEP][PASSED] - Statement - batchqty = com.kms.katalon.core.webui.keyword.WebUiBuiltInKeywords.getAttribute(batch, "value").trim(): Attribute 'value' of object '' is: '49800'

2018-05-21 10:31:02 - [MESSAGE][PASSED] - Attribute 'value' of object '' is: '49800'

2018-05-21 10:31:02 - [TEST_STEP][PASSED] - Statement - Rqty = 100: null

2018-05-21 10:31:02 - [TEST_STEP][PASSED] - delay: Delayed 2 second(s)

2018-05-21 10:31:04 - [MESSAGE][PASSED] - Delayed 2 second(s)

2018-05-21 10:31:04 - [TEST_STEP][PASSED] - Statement - out.println("BatchQty : " + batchqty): null

2018-05-21 10:31:04 - [TEST_STEP][PASSED] - Statement - out.println("RQty : " + Rqty): null

2018-05-21 10:31:04 - [TEST_STEP][PASSED] - Statement - If (java.lang.Integer.valueOf(batchqty) >= java.lang.Integer.valueOf(Rqty)): null

2018-05-21 10:31:04 - [TEST_STEP][PASSED] - Statement - Break: null

2018-05-21 10:31:04 - [TEST_STEP][PASSED] - Statement - batchlength = new com.kms.katalon.core.testobject.TestObject(): null

2018-05-21 10:31:04 - [TEST_STEP][PASSED] - Statement - batchlength = com.kms.katalon.core.webui.keyword.WebUiBuiltInKeywords.modifyObjectProperty(batchlength, "xpath", "equals", "//*[@id = "fldvendor" + row + ""]", true): Modify property of object successfully

2018-05-21 10:31:04 - [MESSAGE][PASSED] - Modify property of object successfully

2018-05-21 10:31:04 - [TEST_STEP][PASSED] - Statement - batchsize = com.kms.katalon.core.webui.keyword.WebUiBuiltInKeywords.getNumberOfTotalOption(batchlength): 8 options of object '' counted

2018-05-21 10:31:04 - [MESSAGE][PASSED] - 8 options of object '' counted

2018-05-21 10:31:04 - [TEST_STEP][PASSED] - Statement - out.println("BatchSize : " + batchsize): null

2018-05-21 10:31:04 - [TEST_STEP][PASSED] - Statement - For ([n = 1, n <= batchsize - 1, (n++)]): null

2018-05-21 10:31:04 - [TEST_STEP][PASSED] - Statement - product = new com.kms.katalon.core.testobject.TestObject(): null

2018-05-21 10:31:04 - [TEST_STEP][PASSED] - Statement - product = com.kms.katalon.core.webui.keyword.WebUiBuiltInKeywords.modifyObjectProperty(product, "xpath", "equals", "//*[@id = "fldvendor" + row + ""]", true): Modify property of object successfully

2018-05-21 10:31:04 - [MESSAGE][PASSED] - Modify property of object successfully

2018-05-21 10:31:04 - [TEST_STEP][PASSED] - selectOptionByIndex: All options with index in [1] are selected on object ''

2018-05-21 10:31:04 - [MESSAGE][PASSED] - All options with index in [1] are selected on object ''

2018-05-21 10:31:04 - [TEST_STEP][PASSED] - Statement - batch = new com.kms.katalon.core.testobject.TestObject(): null

2018-05-21 10:31:04 - [TEST_STEP][PASSED] - Statement - batch = com.kms.katalon.core.webui.keyword.WebUiBuiltInKeywords.modifyObjectProperty(batch, "xpath", "equals", "//*[@id = "txtbthqty" + row + ""]", true): Modify property of object successfully

2018-05-21 10:31:04 - [MESSAGE][PASSED] - Modify property of object successfully

2018-05-21 10:31:04 - [TEST_STEP][PASSED] - Statement - batchqty = com.kms.katalon.core.webui.keyword.WebUiBuiltInKeywords.getAttribute(batch, "value").trim(): Attribute 'value' of object '' is: '39800'

2018-05-21 10:31:04 - [MESSAGE][PASSED] - Attribute 'value' of object '' is: '39800'

2018-05-21 10:31:04 - [TEST_STEP][PASSED] - Statement - Rqty = 100: null

2018-05-21 10:31:04 - [TEST_STEP][PASSED] - delay: Delayed 2 second(s)

2018-05-21 10:31:06 - [MESSAGE][PASSED] - Delayed 2 second(s)

2018-05-21 10:31:06 - [TEST_STEP][PASSED] - Statement - out.println("BatchQty : " + batchqty): null

2018-05-21 10:31:06 - [TEST_STEP][PASSED] - Statement - out.println("RQty : " + Rqty): null

2018-05-21 10:31:06 - [TEST_STEP][PASSED] - Statement - If (java.lang.Integer.valueOf(batchqty) >= java.lang.Integer.valueOf(Rqty)): null

2018-05-21 10:31:06 - [TEST_STEP][PASSED] - Statement - Break: null

2018-05-21 10:31:06 - [TEST_STEP][PASSED] - Statement - batchlength = new com.kms.katalon.core.testobject.TestObject(): null

2018-05-21 10:31:06 - [TEST_STEP][PASSED] - Statement - batchlength = com.kms.katalon.core.webui.keyword.WebUiBuiltInKeywords.modifyObjectProperty(batchlength, "xpath", "equals", "//*[@id = "fldvendor" + row + ""]", true): Modify property of object successfully

2018-05-21 10:31:06 - [MESSAGE][PASSED] - Modify property of object successfully

2018-05-21 10:31:06 - [TEST_STEP][PASSED] - Statement - batchsize = com.kms.katalon.core.webui.keyword.WebUiBuiltInKeywords.getNumberOfTotalOption(batchlength): 14 options of object '' counted

2018-05-21 10:31:06 - [MESSAGE][PASSED] - 14 options of object '' counted

2018-05-21 10:31:06 - [TEST_STEP][PASSED] - Statement - out.println("BatchSize : " + batchsize): null

2018-05-21 10:31:06 - [TEST_STEP][PASSED] - Statement - For ([n = 1, n <= batchsize - 1, (n++)]): null

2018-05-21 10:31:06 - [TEST_STEP][PASSED] - Statement - product = new com.kms.katalon.core.testobject.TestObject(): null

2018-05-21 10:31:06 - [TEST_STEP][PASSED] - Statement - product = com.kms.katalon.core.webui.keyword.WebUiBuiltInKeywords.modifyObjectProperty(product, "xpath", "equals", "//*[@id = "fldvendor" + row + ""]", true): Modify property of object successfully

2018-05-21 10:31:06 - [MESSAGE][PASSED] - Modify property of object successfully

2018-05-21 10:31:06 - [TEST_STEP][PASSED] - selectOptionByIndex: All options with index in [1] are selected on object ''

2018-05-21 10:31:07 - [MESSAGE][PASSED] - All options with index in [1] are selected on object ''

2018-05-21 10:31:07 - [TEST_STEP][PASSED] - Statement - batch = new com.kms.katalon.core.testobject.TestObject(): null

2018-05-21 10:31:07 - [TEST_STEP][PASSED] - Statement - batch = com.kms.katalon.core.webui.keyword.WebUiBuiltInKeywords.modifyObjectProperty(batch, "xpath", "equals", "//*[@id = "txtbthqty" + row + ""]", true): Modify property of object successfully

2018-05-21 10:31:07 - [MESSAGE][PASSED] - Modify property of object successfully

2018-05-21 10:31:07 - [TEST_STEP][PASSED] - Statement - batchqty = com.kms.katalon.core.webui.keyword.WebUiBuiltInKeywords.getAttribute(batch, "value").trim(): Attribute 'value' of object '' is: '27800'

2018-05-21 10:31:07 - [MESSAGE][PASSED] - Attribute 'value' of object '' is: '27800'

2018-05-21 10:31:07 - [TEST_STEP][PASSED] - Statement - Rqty = 100: null

2018-05-21 10:31:07 - [TEST_STEP][PASSED] - delay: Delayed 2 second(s)

2018-05-21 10:31:09 - [MESSAGE][PASSED] - Delayed 2 second(s)

2018-05-21 10:31:09 - [TEST_STEP][PASSED] - Statement - out.println("BatchQty : " + batchqty): null

2018-05-21 10:31:09 - [TEST_STEP][PASSED] - Statement - out.println("RQty : " + Rqty): null

2018-05-21 10:31:09 - [TEST_STEP][PASSED] - Statement - If (java.lang.Integer.valueOf(batchqty) >= java.lang.Integer.valueOf(Rqty)): null

2018-05-21 10:31:09 - [TEST_STEP][PASSED] - Statement - Break: null

2018-05-21 10:31:09 - [TEST_STEP][PASSED] - Statement - batchlength = new com.kms.katalon.core.testobject.TestObject(): null

2018-05-21 10:31:09 - [TEST_STEP][PASSED] - Statement - batchlength = com.kms.katalon.core.webui.keyword.WebUiBuiltInKeywords.modifyObjectProperty(batchlength, "xpath", "equals", "//*[@id = "fldvendor" + row + ""]", true): Modify property of object successfully

2018-05-21 10:31:09 - [MESSAGE][PASSED] - Modify property of object successfully

2018-05-21 10:31:09 - [TEST_STEP][PASSED] - Statement - batchsize = com.kms.katalon.core.webui.keyword.WebUiBuiltInKeywords.getNumberOfTotalOption(batchlength): 8 options of object '' counted

2018-05-21 10:31:09 - [MESSAGE][PASSED] - 8 options of object '' counted

2018-05-21 10:31:09 - [TEST_STEP][PASSED] - Statement - out.println("BatchSize : " + batchsize): null

2018-05-21 10:31:09 - [TEST_STEP][PASSED] - Statement - For ([n = 1, n <= batchsize - 1, (n++)]): null

2018-05-21 10:31:09 - [TEST_STEP][PASSED] - Statement - product = new com.kms.katalon.core.testobject.TestObject(): null

2018-05-21 10:31:09 - [TEST_STEP][PASSED] - Statement - product = com.kms.katalon.core.webui.keyword.WebUiBuiltInKeywords.modifyObjectProperty(product, "xpath", "equals", "//*[@id = "fldvendor" + row + ""]", true): Modify property of object successfully

2018-05-21 10:31:09 - [MESSAGE][PASSED] - Modify property of object successfully

2018-05-21 10:31:09 - [TEST_STEP][PASSED] - selectOptionByIndex: All options with index in [1] are selected on object ''

2018-05-21 10:31:09 - [MESSAGE][PASSED] - All options with index in [1] are selected on object ''

2018-05-21 10:31:09 - [TEST_STEP][PASSED] - Statement - batch = new com.kms.katalon.core.testobject.TestObject(): null

2018-05-21 10:31:09 - [TEST_STEP][PASSED] - Statement - batch = com.kms.katalon.core.webui.keyword.WebUiBuiltInKeywords.modifyObjectProperty(batch, "xpath", "equals", "//*[@id = "txtbthqty" + row + ""]", true): Modify property of object successfully

2018-05-21 10:31:09 - [MESSAGE][PASSED] - Modify property of object successfully

2018-05-21 10:31:09 - [TEST_STEP][PASSED] - Statement - batchqty = com.kms.katalon.core.webui.keyword.WebUiBuiltInKeywords.getAttribute(batch, "value").trim(): Attribute 'value' of object '' is: '49800'

2018-05-21 10:31:09 - [MESSAGE][PASSED] - Attribute 'value' of object '' is: '49800'

2018-05-21 10:31:09 - [TEST_STEP][PASSED] - Statement - Rqty = 100: null

2018-05-21 10:31:09 - [TEST_STEP][PASSED] - delay: Delayed 2 second(s)

2018-05-21 10:31:11 - [MESSAGE][PASSED] - Delayed 2 second(s)

2018-05-21 10:31:11 - [TEST_STEP][PASSED] - Statement - out.println("BatchQty : " + batchqty): null

2018-05-21 10:31:11 - [TEST_STEP][PASSED] - Statement - out.println("RQty : " + Rqty): null

2018-05-21 10:31:11 - [TEST_STEP][PASSED] - Statement - If (java.lang.Integer.valueOf(batchqty) >= java.lang.Integer.valueOf(Rqty)): null

2018-05-21 10:31:11 - [TEST_STEP][PASSED] - Statement - Break: null

2018-05-21 10:31:11 - [TEST_STEP][PASSED] - Statement - batchlength = new com.kms.katalon.core.testobject.TestObject(): null

2018-05-21 10:31:11 - [TEST_STEP][PASSED] - Statement - batchlength = com.kms.katalon.core.webui.keyword.WebUiBuiltInKeywords.modifyObjectProperty(batchlength, "xpath", "equals", "//*[@id = "fldvendor" + row + ""]", true): Modify property of object successfully

2018-05-21 10:31:11 - [MESSAGE][PASSED] - Modify property of object successfully

2018-05-21 10:31:11 - [TEST_STEP][PASSED] - Statement - batchsize = com.kms.katalon.core.webui.keyword.WebUiBuiltInKeywords.getNumberOfTotalOption(batchlength): 8 options of object '' counted

2018-05-21 10:31:11 - [MESSAGE][PASSED] - 8 options of object '' counted

2018-05-21 10:31:11 - [TEST_STEP][PASSED] - Statement - out.println("BatchSize : " + batchsize): null

2018-05-21 10:31:11 - [TEST_STEP][PASSED] - Statement - For ([n = 1, n <= batchsize - 1, (n++)]): null

2018-05-21 10:31:11 - [TEST_STEP][PASSED] - Statement - product = new com.kms.katalon.core.testobject.TestObject(): null

2018-05-21 10:31:11 - [TEST_STEP][PASSED] - Statement - product = com.kms.katalon.core.webui.keyword.WebUiBuiltInKeywords.modifyObjectProperty(product, "xpath", "equals", "//*[@id = "fldvendor" + row + ""]", true): Modify property of object successfully

2018-05-21 10:31:11 - [MESSAGE][PASSED] - Modify property of object successfully

2018-05-21 10:31:11 - [TEST_STEP][PASSED] - selectOptionByIndex: All options with index in [1] are selected on object ''

2018-05-21 10:31:11 - [MESSAGE][PASSED] - All options with index in [1] are selected on object ''

2018-05-21 10:31:11 - [TEST_STEP][PASSED] - Statement - batch = new com.kms.katalon.core.testobject.TestObject(): null

2018-05-21 10:31:11 - [TEST_STEP][PASSED] - Statement - batch = com.kms.katalon.core.webui.keyword.WebUiBuiltInKeywords.modifyObjectProperty(batch, "xpath", "equals", "//*[@id = "txtbthqty" + row + ""]", true): Modify property of object successfully

2018-05-21 10:31:11 - [MESSAGE][PASSED] - Modify property of object successfully

2018-05-21 10:31:11 - [TEST_STEP][PASSED] - Statement - batchqty = com.kms.katalon.core.webui.keyword.WebUiBuiltInKeywords.getAttribute(batch, "value").trim(): Attribute 'value' of object '' is: '38800'

2018-05-21 10:31:11 - [MESSAGE][PASSED] - Attribute 'value' of object '' is: '38800'

2018-05-21 10:31:11 - [TEST_STEP][PASSED] - Statement - Rqty = 100: null

2018-05-21 10:31:11 - [TEST_STEP][PASSED] - delay: Delayed 2 second(s)

2018-05-21 10:31:13 - [MESSAGE][PASSED] - Delayed 2 second(s)

2018-05-21 10:31:13 - [TEST_STEP][PASSED] - Statement - out.println("BatchQty : " + batchqty): null

2018-05-21 10:31:13 - [TEST_STEP][PASSED] - Statement - out.println("RQty : " + Rqty): null

2018-05-21 10:31:13 - [TEST_STEP][PASSED] - Statement - If (java.lang.Integer.valueOf(batchqty) >= java.lang.Integer.valueOf(Rqty)): null

2018-05-21 10:31:13 - [TEST_STEP][PASSED] - Statement - Break: null

2018-05-21 10:31:13 - [TEST_STEP][PASSED] - Statement - batchlength = new com.kms.katalon.core.testobject.TestObject(): null

2018-05-21 10:31:13 - [TEST_STEP][PASSED] - Statement - batchlength = com.kms.katalon.core.webui.keyword.WebUiBuiltInKeywords.modifyObjectProperty(batchlength, "xpath", "equals", "//*[@id = "fldvendor" + row + ""]", true): Modify property of object successfully

2018-05-21 10:31:13 - [MESSAGE][PASSED] - Modify property of object successfully

2018-05-21 10:31:13 - [TEST_STEP][PASSED] - Statement - batchsize = com.kms.katalon.core.webui.keyword.WebUiBuiltInKeywords.getNumberOfTotalOption(batchlength): 8 options of object '' counted

2018-05-21 10:31:13 - [MESSAGE][PASSED] - 8 options of object '' counted

2018-05-21 10:31:13 - [TEST_STEP][PASSED] - Statement - out.println("BatchSize : " + batchsize): null

2018-05-21 10:31:13 - [TEST_STEP][PASSED] - Statement - For ([n = 1, n <= batchsize - 1, (n++)]): null

2018-05-21 10:31:13 - [TEST_STEP][PASSED] - Statement - product = new com.kms.katalon.core.testobject.TestObject(): null

2018-05-21 10:31:13 - [TEST_STEP][PASSED] - Statement - product = com.kms.katalon.core.webui.keyword.WebUiBuiltInKeywords.modifyObjectProperty(product, "xpath", "equals", "//*[@id = "fldvendor" + row + ""]", true): Modify property of object successfully

2018-05-21 10:31:13 - [MESSAGE][PASSED] - Modify property of object successfully

2018-05-21 10:31:13 - [TEST_STEP][PASSED] - selectOptionByIndex: All options with index in [1] are selected on object ''

2018-05-21 10:31:13 - [MESSAGE][PASSED] - All options with index in [1] are selected on object ''

2018-05-21 10:31:13 - [TEST_STEP][PASSED] - Statement - batch = new com.kms.katalon.core.testobject.TestObject(): null

2018-05-21 10:31:13 - [TEST_STEP][PASSED] - Statement - batch = com.kms.katalon.core.webui.keyword.WebUiBuiltInKeywords.modifyObjectProperty(batch, "xpath", "equals", "//*[@id = "txtbthqty" + row + ""]", true): Modify property of object successfully

2018-05-21 10:31:13 - [MESSAGE][PASSED] - Modify property of object successfully

2018-05-21 10:31:13 - [TEST_STEP][PASSED] - Statement - batchqty = com.kms.katalon.core.webui.keyword.WebUiBuiltInKeywords.getAttribute(batch, "value").trim(): Attribute 'value' of object '' is: '39800'

2018-05-21 10:31:13 - [MESSAGE][PASSED] - Attribute 'value' of object '' is: '39800'

2018-05-21 10:31:13 - [TEST_STEP][PASSED] - Statement - Rqty = 100: null

2018-05-21 10:31:13 - [TEST_STEP][PASSED] - delay: Delayed 2 second(s)

2018-05-21 10:31:15 - [MESSAGE][PASSED] - Delayed 2 second(s)

2018-05-21 10:31:15 - [TEST_STEP][PASSED] - Statement - out.println("BatchQty : " + batchqty): null

2018-05-21 10:31:15 - [TEST_STEP][PASSED] - Statement - out.println("RQty : " + Rqty): null

2018-05-21 10:31:15 - [TEST_STEP][PASSED] - Statement - If (java.lang.Integer.valueOf(batchqty) >= java.lang.Integer.valueOf(Rqty)): null

2018-05-21 10:31:15 - [TEST_STEP][PASSED] - Statement - Break: null

2018-05-21 10:31:15 - [TEST_STEP][PASSED] - delay: Delayed 2 second(s)

2018-05-21 10:31:17 - [MESSAGE][PASSED] - Delayed 2 second(s)

2018-05-21 10:31:17 - [TEST_STEP][PASSED] - click: Object: 'Object Repository/DispensaryToCms/Page_KDMC - CMS/input_btndispatch' is clicked on

2018-05-21 10:31:18 - [MESSAGE][PASSED] - Object: 'Object Repository/DispensaryToCms/Page_KDMC - CMS/input_btndispatch' is clicked on

2018-05-21 10:31:18 - [TEST_STEP][PASSED] - delay: Delayed 3 second(s)

2018-05-21 10:31:21 - [MESSAGE][PASSED] - Delayed 3 second(s)

2018-05-21 10:31:21 - [TEST_STEP][PASSED] - click: Object: 'Object Repository/DispensaryToCms/Page_KDMC - CMS/button_OK' is clicked on

2018-05-21 10:31:21 - [MESSAGE][PASSED] - Object: 'Object Repository/DispensaryToCms/Page_KDMC - CMS/button_OK' is clicked on

2018-05-21 10:31:21 - [TEST_STEP][PASSED] - delay: Delayed 3 second(s)

2018-05-21 10:31:24 - [MESSAGE][PASSED] - Delayed 3 second(s)

2018-05-21 10:31:24 - [TEST_STEP][PASSED] - click: Object: 'Object Repository/DispensaryToCms/Page_KDMC - CMS/a_dropdown-toggle' is clicked on

2018-05-21 10:31:24 - [MESSAGE][PASSED] - Object: 'Object Repository/DispensaryToCms/Page_KDMC - CMS/a_dropdown-toggle' is clicked on

2018-05-21 10:31:24 - [TEST_STEP][PASSED] - click: Object: 'Object Repository/DispensaryToCms/Page_KDMC - CMS/a_Sign out' is clicked on

2018-05-21 10:31:25 - [MESSAGE][PASSED] - Object: 'Object Repository/DispensaryToCms/Page_KDMC - CMS/a_Sign out' is clicked on

2018-05-21 10:31:25 - [TEST_STEP][PASSED] - delay: Delayed 3 second(s)

2018-05-21 10:31:28 - [MESSAGE][PASSED] - Delayed 3 second(s)

2018-05-21 10:31:28 - [TEST_STEP][PASSED] - navigateToUrl: Navigate to 'http://192.168.137.1/multihospital_new/HDSplashscreen.aspx' successfully

2018-05-21 10:31:29 - [MESSAGE][PASSED] - Navigate to 'http://192.168.137.1/multihospital_new/HDSplashscreen.aspx' successfully

2018-05-21 10:31:29 - [TEST_STEP][PASSED] - click: Object: 'Object Repository/DispensaryToCms/Page_KDMC/a_Dispensary Store' is clicked on

2018-05-21 10:31:29 - [MESSAGE][PASSED] - Object: 'Object Repository/DispensaryToCms/Page_KDMC/a_Dispensary Store' is clicked on

2018-05-21 10:31:29 - [TEST_STEP][PASSED] - setText: Text 'rajaram' is set on object 'Object Repository/DispensaryToCms/Page_Dispensary Store Login/input_txtusername'

2018-05-21 10:31:29 - [MESSAGE][PASSED] - Text 'rajaram' is set on object 'Object Repository/DispensaryToCms/Page_Dispensary Store Login/input_txtusername'

2018-05-21 10:31:29 - [TEST_STEP][PASSED] - setText: Text '123' is set on object 'Object Repository/DispensaryToCms/Page_Dispensary Store Login/input_txtpassword'

2018-05-21 10:31:30 - [MESSAGE][PASSED] - Text '123' is set on object 'Object Repository/DispensaryToCms/Page_Dispensary Store Login/input_txtpassword'

2018-05-21 10:31:30 - [TEST_STEP][PASSED] - delay: Delayed 3 second(s)

2018-05-21 10:31:33 - [MESSAGE][PASSED] - Delayed 3 second(s)

2018-05-21 10:31:33 - [TEST_STEP][PASSED] - click: Object: 'Object Repository/DispensaryToCms/Page_Dispensary Store Login/button_Sign in' is clicked on

2018-05-21 10:31:33 - [MESSAGE][PASSED] - Object: 'Object Repository/DispensaryToCms/Page_Dispensary Store Login/button_Sign in' is clicked on

2018-05-21 10:31:33 - [TEST_STEP][PASSED] - delay: Delayed 3 second(s)

2018-05-21 10:31:36 - [MESSAGE][PASSED] - Delayed 3 second(s)

2018-05-21 10:31:36 - [TEST_STEP][PASSED] - click: Object: 'Object Repository/DispensaryToCms/Page_Dispensary Store/a_CMS' is clicked on

2018-05-21 10:31:36 - [MESSAGE][PASSED] - Object: 'Object Repository/DispensaryToCms/Page_Dispensary Store/a_CMS' is clicked on

2018-05-21 10:31:36 - [TEST_STEP][PASSED] - delay: Delayed 2 second(s)

2018-05-21 10:31:38 - [MESSAGE][PASSED] - Delayed 2 second(s)

2018-05-21 10:31:38 - [TEST_STEP][PASSED] - click: Object: 'Object Repository/DispensaryToCms/Page_Dispensary Store/a_Receiving Goods' is clicked on

2018-05-21 10:31:39 - [MESSAGE][PASSED] - Object: 'Object Repository/DispensaryToCms/Page_Dispensary Store/a_Receiving Goods' is clicked on

2018-05-21 10:31:39 - [TEST_STEP][PASSED] - setText: Text 'PRNO/21052018/291' is set on object 'Object Repository/DispensaryToCms/Page_Dispensary Store/input'

2018-05-21 10:31:42 - [MESSAGE][PASSED] - Text 'PRNO/21052018/291' is set on object 'Object Repository/DispensaryToCms/Page_Dispensary Store/input'

2018-05-21 10:31:42 - [TEST_STEP][PASSED] - click: Object: 'Object Repository/DispensaryToCms/Page_Dispensary Store/input_PRNO18052018174' is clicked on

2018-05-21 10:31:42 - [MESSAGE][PASSED] - Object: 'Object Repository/DispensaryToCms/Page_Dispensary Store/input_PRNO18052018174' is clicked on

2018-05-21 10:31:42 - [TEST_STEP][PASSED] - delay: Delayed 2 second(s)

2018-05-21 10:31:44 - [MESSAGE][PASSED] - Delayed 2 second(s)

2018-05-21 10:31:44 - [TEST_STEP][PASSED] - click: Object: 'Object Repository/DispensaryToCms/Page_Dispensary Store/input_chkrem' is clicked on

2018-05-21 10:31:44 - [MESSAGE][PASSED] - Object: 'Object Repository/DispensaryToCms/Page_Dispensary Store/input_chkrem' is clicked on

2018-05-21 10:31:44 - [TEST_STEP][PASSED] - scrollToElement: Scroll to object 'Object Repository/DispensaryToCms/Page_Dispensary Store/input_btchkroqadd' successfully

2018-05-21 10:31:44 - [MESSAGE][PASSED] - Scroll to object 'Object Repository/DispensaryToCms/Page_Dispensary Store/input_btchkroqadd' successfully

2018-05-21 10:31:44 - [TEST_STEP][PASSED] - click: Object: 'Object Repository/DispensaryToCms/Page_Dispensary Store/input_btchkroqadd' is clicked on

2018-05-21 10:31:44 - [MESSAGE][PASSED] - Object: 'Object Repository/DispensaryToCms/Page_Dispensary Store/input_btchkroqadd' is clicked on

2018-05-21 10:31:44 - [TEST_STEP][PASSED] - delay: Delayed 2 second(s)

2018-05-21 10:31:46 - [MESSAGE][PASSED] - Delayed 2 second(s)

2018-05-21 10:31:46 - [TEST_STEP][PASSED] - refresh: Refresh successfully

2018-05-21 10:31:47 - [MESSAGE][PASSED] - Refresh successfully

2018-05-21 10:31:47 - [TEST_STEP][PASSED] - delay: Delayed 3 second(s)

2018-05-21 10:31:50 - [MESSAGE][PASSED] - Delayed 3 second(s)

2018-05-21 10:31:50 - [TEST_STEP][PASSED] - waitForElementPresent: Object 'Object Repository/DispensaryToStore/Page_Dispensary Store/a_dropdown-toggle' is present

2018-05-21 10:31:50 - [MESSAGE][PASSED] - Object 'Object Repository/DispensaryToStore/Page_Dispensary Store/a_dropdown-toggle' is present

2018-05-21 10:31:50 - [TEST_STEP][PASSED] - click: Object: 'Object Repository/DispensaryToCms/Page_Dispensary Store/a_dropdown-toggle' is clicked on

2018-05-21 10:31:50 - [MESSAGE][PASSED] - Object: 'Object Repository/DispensaryToCms/Page_Dispensary Store/a_dropdown-toggle' is clicked on

2018-05-21 10:31:50 - [TEST_STEP][PASSED] - click: Object: 'Object Repository/DispensaryToCms/Page_Dispensary Store/a_Sign out' is clicked on

2018-05-21 10:31:51 - [MESSAGE][PASSED] - Object: 'Object Repository/DispensaryToCms/Page_Dispensary Store/a_Sign out' is clicked on

2018-05-21 10:31:51 - [TEST_STEP][PASSED] - closeBrowser: Browser is closed

2018-05-21 10:31:52 - [MESSAGE][PASSED] - Browser is closed]]></system-out>
         <system-err><![CDATA[]]></system-err>
      </testcase>
      <system-out><![CDATA[2018-05-21 09:58:49 - [TEST_SUITE][ERROR] - Dispensary_Cms_Suite: Test Cases/DISPENSARY TEST CASES/TC_DP_014 Verify Schedule 2 Dispensary To CMS Request Are Working Successfully Or Not FAILED because (of) java.lang.NumberFormatException: For input string: ""]]></system-out>
      <system-err><![CDATA[2018-05-21 09:58:49 - [TEST_SUITE][ERROR] - Dispensary_Cms_Suite: Test Cases/DISPENSARY TEST CASES/TC_DP_014 Verify Schedule 2 Dispensary To CMS Request Are Working Successfully Or Not FAILED because (of) java.lang.NumberFormatException: For input string: ""]]></system-err>
   </testsuite>
</testsuites>
