<?xml version="1.0" encoding="UTF-8"?>
<testsuites name="HealthPost_Store_Suite" time="860" tests="4" failures="8" errors="0">
   <testsuite name="HealthPost_Store_Suite" tests="4" failures="8" errors="0" time="860" timestamp="2018-05-19 11:09:38" hostname="Quality Analyst - DESKTOP-BLFTK83" id="Test Suites/HealthPost_Store_Suite">
      <properties>
         <property name="deviceName" value=""/>
         <property name="devicePlatform" value=""/>
         <property name="logFolder" value="C:\\Users\\Quality Analyst\\Katalon Studio\\ds\\Reports\\HealthPost_Store_Suite\\20180519_110932"/>
         <property name="logFiles" value="C:\\Users\\Quality Analyst\\Katalon Studio\\ds\\Reports\\HealthPost_Store_Suite\\20180519_110932\\execution0.log"/>
         <property name="attachments" value="C:\\Users\\Quality Analyst\\Katalon Studio\\ds\\Reports\\HealthPost_Store_Suite\\20180519_110932\\1526708424417.png, C:\\Users\\Quality Analyst\\Katalon Studio\\ds\\Reports\\HealthPost_Store_Suite\\20180519_110932\\1526708554283.png, C:\\Users\\Quality Analyst\\Katalon Studio\\ds\\Reports\\HealthPost_Store_Suite\\20180519_110932\\1526708599427.png, C:\\Users\\Quality Analyst\\Katalon Studio\\ds\\Reports\\HealthPost_Store_Suite\\20180519_110932\\1526708644492.png, C:\\Users\\Quality Analyst\\Katalon Studio\\ds\\Reports\\HealthPost_Store_Suite\\20180519_110932\\1526708843477.png, C:\\Users\\Quality Analyst\\Katalon Studio\\ds\\Reports\\HealthPost_Store_Suite\\20180519_110932\\1526708888385.png, C:\\Users\\Quality Analyst\\Katalon Studio\\ds\\Reports\\HealthPost_Store_Suite\\20180519_110932\\1526708951208.png, C:\\Users\\Quality Analyst\\Katalon Studio\\ds\\Reports\\HealthPost_Store_Suite\\20180519_110932\\1526709154023.png"/>
         <property name="hostName" value="Quality Analyst - DESKTOP-BLFTK83"/>
         <property name="os" value="Windows 10 64bit"/>
         <property name="katalonVersion" value="5.4.1.1"/>
         <property name="browser" value="Chrome 66.0.3359.139"/>
         <property name="hostAddress" value="192.168.71.2"/>
         <property name="sessionId" value="8e47a6ec34780ec97b84c24bb049a471"/>
         <property name="seleniumVersion" value="3.7.1"/>
         <property name="proxyInformation" value="ProxyInformation{proxyOption=NO_PROXY, proxyServerType=HTTP, password=, proxyServerAddress=, proxyServerPort=0}"/>
         <property name="platform" value="Windows 10"/>
      </properties>
      <testcase name="Test Cases/HEALTHPOST TEST CASES/TC_HP_001 Verify Schedule 1 Healthpost Request Are Working Successfully Or Not" classname="Test Cases/HEALTHPOST TEST CASES/TC_HP_001 Verify Schedule 1 Healthpost Request Are Working Successfully Or Not" status="FAILED">
         <failure type="FAILED" message="Unable to select option by index '1' of object 'Object Repository/HealthpostToStore/Page_HealthPost Store/select_--Select--Schedule 1Inj' (Root cause: com.kms.katalon.core.webui.exception.WebElementNotFoundException: Web element with id: 'Object Repository/HealthpostToStore/Page_HealthPost Store/select_--Select--Schedule 1Inj' located by 'By.xpath: id(&quot;optcategory&quot;)[count(. | //select[@id = 'optcategory']) = count(//select[@id = 'optcategory'])]' not found)"/>
         <system-out><![CDATA[2018-05-19 11:09:38 - [TEST_CASE][FAILED] - Test Cases/HEALTHPOST TEST CASES/TC_HP_001 Verify Schedule 1 Healthpost Request Are Working Successfully Or Not: Test Cases/HEALTHPOST TEST CASES/TC_HP_001 Verify Schedule 1 Healthpost Request Are Working Successfully Or Not FAILED because (of) Unable to select option by index '1' of object 'Object Repository/HealthpostToStore/Page_HealthPost Store/select_--Select--Schedule 1Inj' (Root cause: com.kms.katalon.core.webui.exception.WebElementNotFoundException: Web element with id: 'Object Repository/HealthpostToStore/Page_HealthPost Store/select_--Select--Schedule 1Inj' located by 'By.xpath: id("optcategory")[count(. | //select[@id = 'optcategory']) = count(//select[@id = 'optcategory'])]' not found)

2018-05-19 11:09:39 - [TEST_STEP][PASSED] - openBrowser: Browser is opened with url: ''

2018-05-19 11:09:41 - [MESSAGE][PASSED] - Browser is opened with url: ''

2018-05-19 11:09:41 - [TEST_STEP][PASSED] - navigateToUrl: Navigate to 'http://192.168.137.1/multihospital_new/HDSplashscreen.aspx' successfully

2018-05-19 11:09:43 - [MESSAGE][PASSED] - Navigate to 'http://192.168.137.1/multihospital_new/HDSplashscreen.aspx' successfully

2018-05-19 11:09:43 - [TEST_STEP][PASSED] - maximizeWindow: Current window maximized

2018-05-19 11:09:44 - [MESSAGE][PASSED] - Current window maximized

2018-05-19 11:09:44 - [TEST_STEP][PASSED] - click: Object: 'Object Repository/HealthpostToStore/Page_KDMC/a_Healthpost Store' is clicked on

2018-05-19 11:09:45 - [MESSAGE][PASSED] - Object: 'Object Repository/HealthpostToStore/Page_KDMC/a_Healthpost Store' is clicked on

2018-05-19 11:09:45 - [TEST_STEP][PASSED] - setText: Text 'raguram' is set on object 'Object Repository/HealthpostToStore/Page_HealthPost Store Login/input_txtusername'

2018-05-19 11:09:45 - [MESSAGE][PASSED] - Text 'raguram' is set on object 'Object Repository/HealthpostToStore/Page_HealthPost Store Login/input_txtusername'

2018-05-19 11:09:45 - [TEST_STEP][PASSED] - setText: Text '123' is set on object 'Object Repository/HealthpostToStore/Page_HealthPost Store Login/input_txtpassword'

2018-05-19 11:09:45 - [MESSAGE][PASSED] - Text '123' is set on object 'Object Repository/HealthpostToStore/Page_HealthPost Store Login/input_txtpassword'

2018-05-19 11:09:45 - [TEST_STEP][PASSED] - delay: Delayed 3 second(s)

2018-05-19 11:09:49 - [MESSAGE][PASSED] - Delayed 3 second(s)

2018-05-19 11:09:49 - [TEST_STEP][PASSED] - sendKeys: Keys 'ENTER + ' sent to object: 'Object Repository/HealthpostToStore/Page_HealthPost Store Login/input_txtpassword'

2018-05-19 11:09:49 - [MESSAGE][PASSED] - Keys 'ENTER + ' sent to object: 'Object Repository/HealthpostToStore/Page_HealthPost Store Login/input_txtpassword'

2018-05-19 11:09:49 - [TEST_STEP][PASSED] - delay: Delayed 3 second(s)

2018-05-19 11:09:52 - [MESSAGE][PASSED] - Delayed 3 second(s)

2018-05-19 11:09:52 - [TEST_STEP][PASSED] - doubleClick: Object: 'Object Repository/HealthpostToStore/Page_HealthPost Store/a_Request to Store' is double clicked on

2018-05-19 11:09:52 - [MESSAGE][PASSED] - Object: 'Object Repository/HealthpostToStore/Page_HealthPost Store/a_Request to Store' is double clicked on

2018-05-19 11:09:52 - [TEST_STEP][PASSED] - doubleClick: Object: 'Object Repository/HealthpostToStore/Page_HealthPost Store/a_Medicine Request' is double clicked on

2018-05-19 11:09:53 - [MESSAGE][PASSED] - Object: 'Object Repository/HealthpostToStore/Page_HealthPost Store/a_Medicine Request' is double clicked on

2018-05-19 11:09:53 - [TEST_STEP][FAILED] - selectOptionByIndex: Unable to select option by index '1' of object 'Object Repository/HealthpostToStore/Page_HealthPost Store/select_--Select--Schedule 1Inj' (Root cause: com.kms.katalon.core.webui.exception.WebElementNotFoundException: Web element with id: 'Object Repository/HealthpostToStore/Page_HealthPost Store/select_--Select--Schedule 1Inj' located by 'By.xpath: id("optcategory")[count(. | //select[@id = 'optcategory']) = count(//select[@id = 'optcategory'])]' not found)

2018-05-19 11:10:24 - [MESSAGE][FAILED] - Unable to select option by index '1' of object 'Object Repository/HealthpostToStore/Page_HealthPost Store/select_--Select--Schedule 1Inj' (Root cause: com.kms.katalon.core.webui.exception.WebElementNotFoundException: Web element with id: 'Object Repository/HealthpostToStore/Page_HealthPost Store/select_--Select--Schedule 1Inj' located by 'By.xpath: id("optcategory")[count(. | //select[@id = 'optcategory']) = count(//select[@id = 'optcategory'])]' not found)
[[ATTACHMENT|C:\\Users\\Quality Analyst\\Katalon Studio\\ds\\Reports\\HealthPost_Store_Suite\\20180519_110932\\1526708424417.png]]]]></system-out>
         <system-err><![CDATA[2018-05-19 11:09:38 - [TEST_CASE][FAILED] - Test Cases/HEALTHPOST TEST CASES/TC_HP_001 Verify Schedule 1 Healthpost Request Are Working Successfully Or Not: Test Cases/HEALTHPOST TEST CASES/TC_HP_001 Verify Schedule 1 Healthpost Request Are Working Successfully Or Not FAILED because (of) Unable to select option by index '1' of object 'Object Repository/HealthpostToStore/Page_HealthPost Store/select_--Select--Schedule 1Inj' (Root cause: com.kms.katalon.core.webui.exception.WebElementNotFoundException: Web element with id: 'Object Repository/HealthpostToStore/Page_HealthPost Store/select_--Select--Schedule 1Inj' located by 'By.xpath: id("optcategory")[count(. | //select[@id = 'optcategory']) = count(//select[@id = 'optcategory'])]' not found)]]></system-err>
      </testcase>
      <testcase name="Test Cases/HEALTHPOST TEST CASES/TC_HP_002 Verify Schedule 2 Healthpost Request Are Working Successfully Or Not" classname="Test Cases/HEALTHPOST TEST CASES/TC_HP_002 Verify Schedule 2 Healthpost Request Are Working Successfully Or Not" status="PASSED">
         <system-out><![CDATA[2018-05-19 11:10:24 - [TEST_CASE][PASSED] - Test Cases/HEALTHPOST TEST CASES/TC_HP_002 Verify Schedule 2 Healthpost Request Are Working Successfully Or Not: Test Cases/HEALTHPOST TEST CASES/TC_HP_002 Verify Schedule 2 Healthpost Request Are Working Successfully Or Not

2018-05-19 11:10:25 - [TEST_STEP][PASSED] - openBrowser: Browser is opened with url: ''

2018-05-19 11:10:25 - [MESSAGE][WARNING] - A browser is already opened. Closing browser and opening a new one

2018-05-19 11:10:27 - [MESSAGE][PASSED] - Browser is opened with url: ''

2018-05-19 11:10:27 - [TEST_STEP][PASSED] - navigateToUrl: Navigate to 'http://192.168.137.1/multihospital_new/HDSplashscreen.aspx' successfully

2018-05-19 11:10:29 - [MESSAGE][PASSED] - Navigate to 'http://192.168.137.1/multihospital_new/HDSplashscreen.aspx' successfully

2018-05-19 11:10:29 - [TEST_STEP][PASSED] - maximizeWindow: Current window maximized

2018-05-19 11:10:30 - [MESSAGE][PASSED] - Current window maximized

2018-05-19 11:10:30 - [TEST_STEP][PASSED] - click: Object: 'Object Repository/HealthpostToStore/Page_KDMC/a_Healthpost Store' is clicked on

2018-05-19 11:10:31 - [MESSAGE][PASSED] - Object: 'Object Repository/HealthpostToStore/Page_KDMC/a_Healthpost Store' is clicked on

2018-05-19 11:10:31 - [TEST_STEP][PASSED] - setText: Text 'raguram' is set on object 'Object Repository/HealthpostToStore/Page_HealthPost Store Login/input_txtusername'

2018-05-19 11:10:31 - [MESSAGE][PASSED] - Text 'raguram' is set on object 'Object Repository/HealthpostToStore/Page_HealthPost Store Login/input_txtusername'

2018-05-19 11:10:31 - [TEST_STEP][PASSED] - setText: Text '123' is set on object 'Object Repository/HealthpostToStore/Page_HealthPost Store Login/input_txtpassword'

2018-05-19 11:10:31 - [MESSAGE][PASSED] - Text '123' is set on object 'Object Repository/HealthpostToStore/Page_HealthPost Store Login/input_txtpassword'

2018-05-19 11:10:31 - [TEST_STEP][PASSED] - delay: Delayed 3 second(s)

2018-05-19 11:10:34 - [MESSAGE][PASSED] - Delayed 3 second(s)

2018-05-19 11:10:34 - [TEST_STEP][PASSED] - sendKeys: Keys 'ENTER + ' sent to object: 'Object Repository/HealthpostToStore/Page_HealthPost Store Login/input_txtpassword'

2018-05-19 11:10:35 - [MESSAGE][PASSED] - Keys 'ENTER + ' sent to object: 'Object Repository/HealthpostToStore/Page_HealthPost Store Login/input_txtpassword'

2018-05-19 11:10:35 - [TEST_STEP][PASSED] - delay: Delayed 3 second(s)

2018-05-19 11:10:38 - [MESSAGE][PASSED] - Delayed 3 second(s)

2018-05-19 11:10:38 - [TEST_STEP][PASSED] - doubleClick: Object: 'Object Repository/HealthpostToStore/Page_HealthPost Store/a_Request to Store' is double clicked on

2018-05-19 11:10:38 - [MESSAGE][PASSED] - Object: 'Object Repository/HealthpostToStore/Page_HealthPost Store/a_Request to Store' is double clicked on

2018-05-19 11:10:38 - [TEST_STEP][PASSED] - doubleClick: Object: 'Object Repository/HealthpostToStore/Page_HealthPost Store/a_Medicine Request' is double clicked on

2018-05-19 11:10:39 - [MESSAGE][PASSED] - Object: 'Object Repository/HealthpostToStore/Page_HealthPost Store/a_Medicine Request' is double clicked on

2018-05-19 11:10:39 - [TEST_STEP][PASSED] - selectOptionByIndex: All options with index in [2] are selected on object 'Object Repository/HealthpostToStore/Page_HealthPost Store/select_--Select--Schedule 1Inj'

2018-05-19 11:10:39 - [MESSAGE][PASSED] - All options with index in [2] are selected on object 'Object Repository/HealthpostToStore/Page_HealthPost Store/select_--Select--Schedule 1Inj'

2018-05-19 11:10:39 - [TEST_STEP][PASSED] - Statement - medicineslength = com.kms.katalon.core.webui.keyword.WebUiBuiltInKeywords.getNumberOfTotalOption(com.kms.katalon.core.testobject.ObjectRepository.findTestObject(HealthpostToStore/Page_HealthPost Store/select_--Select--Adernaline 0.)): 73 options of object 'Object Repository/HealthpostToStore/Page_HealthPost Store/select_--Select--Adernaline 0.' counted

2018-05-19 11:10:39 - [MESSAGE][PASSED] - 73 options of object 'Object Repository/HealthpostToStore/Page_HealthPost Store/select_--Select--Adernaline 0.' counted

2018-05-19 11:10:39 - [TEST_STEP][PASSED] - Statement - For ([e = 1, e <= 5 - 1, (e++)]): Object: 'Object Repository/HealthpostToStore/Page_HealthPost Store/button_Add' is double clicked on

2018-05-19 11:10:39 - [TEST_STEP][PASSED] - selectOptionByIndex: All options with index in [2] are selected on object 'Object Repository/HealthpostToStore/Page_HealthPost Store/select_--Select--Schedule 1Inj'

2018-05-19 11:10:39 - [MESSAGE][PASSED] - All options with index in [2] are selected on object 'Object Repository/HealthpostToStore/Page_HealthPost Store/select_--Select--Schedule 1Inj'

2018-05-19 11:10:39 - [TEST_STEP][PASSED] - selectOptionByIndex: All options with index in [1] are selected on object 'Object Repository/HealthpostToStore/Page_HealthPost Store/select_--Select--Adernaline 0.'

2018-05-19 11:10:39 - [MESSAGE][PASSED] - All options with index in [1] are selected on object 'Object Repository/HealthpostToStore/Page_HealthPost Store/select_--Select--Adernaline 0.'

2018-05-19 11:10:39 - [TEST_STEP][PASSED] - setText: Text '10' is set on object 'Object Repository/HealthpostToStore/Page_HealthPost Store/input_txttreat'

2018-05-19 11:10:39 - [MESSAGE][PASSED] - Text '10' is set on object 'Object Repository/HealthpostToStore/Page_HealthPost Store/input_txttreat'

2018-05-19 11:10:39 - [TEST_STEP][PASSED] - doubleClick: Object: 'Object Repository/HealthpostToStore/Page_HealthPost Store/button_Add' is double clicked on

2018-05-19 11:10:39 - [MESSAGE][PASSED] - Object: 'Object Repository/HealthpostToStore/Page_HealthPost Store/button_Add' is double clicked on

2018-05-19 11:10:39 - [TEST_STEP][PASSED] - selectOptionByIndex: All options with index in [2] are selected on object 'Object Repository/HealthpostToStore/Page_HealthPost Store/select_--Select--Schedule 1Inj'

2018-05-19 11:10:39 - [MESSAGE][PASSED] - All options with index in [2] are selected on object 'Object Repository/HealthpostToStore/Page_HealthPost Store/select_--Select--Schedule 1Inj'

2018-05-19 11:10:39 - [TEST_STEP][PASSED] - selectOptionByIndex: All options with index in [2] are selected on object 'Object Repository/HealthpostToStore/Page_HealthPost Store/select_--Select--Adernaline 0.'

2018-05-19 11:10:40 - [MESSAGE][PASSED] - All options with index in [2] are selected on object 'Object Repository/HealthpostToStore/Page_HealthPost Store/select_--Select--Adernaline 0.'

2018-05-19 11:10:40 - [TEST_STEP][PASSED] - setText: Text '10' is set on object 'Object Repository/HealthpostToStore/Page_HealthPost Store/input_txttreat'

2018-05-19 11:10:40 - [MESSAGE][PASSED] - Text '10' is set on object 'Object Repository/HealthpostToStore/Page_HealthPost Store/input_txttreat'

2018-05-19 11:10:40 - [TEST_STEP][PASSED] - doubleClick: Object: 'Object Repository/HealthpostToStore/Page_HealthPost Store/button_Add' is double clicked on

2018-05-19 11:10:40 - [MESSAGE][PASSED] - Object: 'Object Repository/HealthpostToStore/Page_HealthPost Store/button_Add' is double clicked on

2018-05-19 11:10:40 - [TEST_STEP][PASSED] - selectOptionByIndex: All options with index in [2] are selected on object 'Object Repository/HealthpostToStore/Page_HealthPost Store/select_--Select--Schedule 1Inj'

2018-05-19 11:10:40 - [MESSAGE][PASSED] - All options with index in [2] are selected on object 'Object Repository/HealthpostToStore/Page_HealthPost Store/select_--Select--Schedule 1Inj'

2018-05-19 11:10:40 - [TEST_STEP][PASSED] - selectOptionByIndex: All options with index in [3] are selected on object 'Object Repository/HealthpostToStore/Page_HealthPost Store/select_--Select--Adernaline 0.'

2018-05-19 11:10:40 - [MESSAGE][PASSED] - All options with index in [3] are selected on object 'Object Repository/HealthpostToStore/Page_HealthPost Store/select_--Select--Adernaline 0.'

2018-05-19 11:10:40 - [TEST_STEP][PASSED] - setText: Text '10' is set on object 'Object Repository/HealthpostToStore/Page_HealthPost Store/input_txttreat'

2018-05-19 11:10:40 - [MESSAGE][PASSED] - Text '10' is set on object 'Object Repository/HealthpostToStore/Page_HealthPost Store/input_txttreat'

2018-05-19 11:10:40 - [TEST_STEP][PASSED] - doubleClick: Object: 'Object Repository/HealthpostToStore/Page_HealthPost Store/button_Add' is double clicked on

2018-05-19 11:10:40 - [MESSAGE][PASSED] - Object: 'Object Repository/HealthpostToStore/Page_HealthPost Store/button_Add' is double clicked on

2018-05-19 11:10:40 - [TEST_STEP][PASSED] - selectOptionByIndex: All options with index in [2] are selected on object 'Object Repository/HealthpostToStore/Page_HealthPost Store/select_--Select--Schedule 1Inj'

2018-05-19 11:10:40 - [MESSAGE][PASSED] - All options with index in [2] are selected on object 'Object Repository/HealthpostToStore/Page_HealthPost Store/select_--Select--Schedule 1Inj'

2018-05-19 11:10:40 - [TEST_STEP][PASSED] - selectOptionByIndex: All options with index in [4] are selected on object 'Object Repository/HealthpostToStore/Page_HealthPost Store/select_--Select--Adernaline 0.'

2018-05-19 11:10:41 - [MESSAGE][PASSED] - All options with index in [4] are selected on object 'Object Repository/HealthpostToStore/Page_HealthPost Store/select_--Select--Adernaline 0.'

2018-05-19 11:10:41 - [TEST_STEP][PASSED] - setText: Text '10' is set on object 'Object Repository/HealthpostToStore/Page_HealthPost Store/input_txttreat'

2018-05-19 11:10:41 - [MESSAGE][PASSED] - Text '10' is set on object 'Object Repository/HealthpostToStore/Page_HealthPost Store/input_txttreat'

2018-05-19 11:10:41 - [TEST_STEP][PASSED] - doubleClick: Object: 'Object Repository/HealthpostToStore/Page_HealthPost Store/button_Add' is double clicked on

2018-05-19 11:10:41 - [MESSAGE][PASSED] - Object: 'Object Repository/HealthpostToStore/Page_HealthPost Store/button_Add' is double clicked on

2018-05-19 11:10:41 - [TEST_STEP][PASSED] - scrollToElement: Scroll to object 'Object Repository/HealthpostToStore/Page_HealthPost Store/input_btnsave' successfully

2018-05-19 11:10:41 - [MESSAGE][PASSED] - Scroll to object 'Object Repository/HealthpostToStore/Page_HealthPost Store/input_btnsave' successfully

2018-05-19 11:10:41 - [TEST_STEP][PASSED] - click: Object: 'Object Repository/HealthpostToStore/Page_HealthPost Store/input_btnsave' is clicked on

2018-05-19 11:10:41 - [MESSAGE][PASSED] - Object: 'Object Repository/HealthpostToStore/Page_HealthPost Store/input_btnsave' is clicked on

2018-05-19 11:10:41 - [TEST_STEP][PASSED] - delay: Delayed 3 second(s)

2018-05-19 11:10:44 - [MESSAGE][PASSED] - Delayed 3 second(s)

2018-05-19 11:10:44 - [TEST_STEP][PASSED] - Statement - RN1 = com.kms.katalon.core.webui.keyword.WebUiBuiltInKeywords.getText(com.kms.katalon.core.testobject.ObjectRepository.findTestObject(HealthpostToStore/Page_HealthPost Store/font_HPRNO180520187)): Text of object 'Object Repository/HealthpostToStore/Page_HealthPost Store/font_HPRNO180520187' is: 'HPRNO/19052018/27'

2018-05-19 11:10:44 - [MESSAGE][PASSED] - Text of object 'Object Repository/HealthpostToStore/Page_HealthPost Store/font_HPRNO180520187' is: 'HPRNO/19052018/27'

2018-05-19 11:10:44 - [TEST_STEP][PASSED] - Statement - out.println(RN1): null

2018-05-19 11:10:44 - [TEST_STEP][PASSED] - Statement - RID = RN1.split("/")[2]: null

2018-05-19 11:10:44 - [TEST_STEP][PASSED] - click: Object: 'Object Repository/HealthpostToStore/Page_HealthPost Store/button_OK' is clicked on

2018-05-19 11:10:44 - [MESSAGE][PASSED] - Object: 'Object Repository/HealthpostToStore/Page_HealthPost Store/button_OK' is clicked on

2018-05-19 11:10:44 - [TEST_STEP][PASSED] - delay: Delayed 3 second(s)

2018-05-19 11:10:47 - [MESSAGE][PASSED] - Delayed 3 second(s)

2018-05-19 11:10:47 - [TEST_STEP][PASSED] - click: Object: 'Object Repository/HealthpostToStore/Page_HealthPost Store/a_dropdown-toggle' is clicked on

2018-05-19 11:10:48 - [MESSAGE][PASSED] - Object: 'Object Repository/HealthpostToStore/Page_HealthPost Store/a_dropdown-toggle' is clicked on

2018-05-19 11:10:48 - [TEST_STEP][PASSED] - click: Object: 'Object Repository/HealthpostToStore/Page_HealthPost Store/a_Sign out' is clicked on

2018-05-19 11:10:48 - [MESSAGE][PASSED] - Object: 'Object Repository/HealthpostToStore/Page_HealthPost Store/a_Sign out' is clicked on

2018-05-19 11:10:48 - [TEST_STEP][PASSED] - delay: Delayed 3 second(s)

2018-05-19 11:10:51 - [MESSAGE][PASSED] - Delayed 3 second(s)

2018-05-19 11:10:51 - [TEST_STEP][PASSED] - navigateToUrl: Navigate to 'http://192.168.137.1/multihospital_new/' successfully

2018-05-19 11:10:51 - [MESSAGE][PASSED] - Navigate to 'http://192.168.137.1/multihospital_new/' successfully

2018-05-19 11:10:51 - [TEST_STEP][PASSED] - click: Object: 'Object Repository/HealthpostToStore/Page_KDMC/a_CMO' is clicked on

2018-05-19 11:10:52 - [MESSAGE][PASSED] - Object: 'Object Repository/HealthpostToStore/Page_KDMC/a_CMO' is clicked on

2018-05-19 11:10:52 - [TEST_STEP][PASSED] - setText: Text 'guru' is set on object 'Object Repository/HealthpostToStore/Page_CMO login/input_txtusername'

2018-05-19 11:10:52 - [MESSAGE][PASSED] - Text 'guru' is set on object 'Object Repository/HealthpostToStore/Page_CMO login/input_txtusername'

2018-05-19 11:10:52 - [TEST_STEP][PASSED] - setText: Text '123' is set on object 'Object Repository/HealthpostToStore/Page_CMO login/input_txtpassword'

2018-05-19 11:10:52 - [MESSAGE][PASSED] - Text '123' is set on object 'Object Repository/HealthpostToStore/Page_CMO login/input_txtpassword'

2018-05-19 11:10:52 - [TEST_STEP][PASSED] - delay: Delayed 3 second(s)

2018-05-19 11:10:55 - [MESSAGE][PASSED] - Delayed 3 second(s)

2018-05-19 11:10:55 - [TEST_STEP][PASSED] - click: Object: 'Object Repository/HealthpostToStore/Page_CMO login/button_Sign in' is clicked on

2018-05-19 11:10:56 - [MESSAGE][PASSED] - Object: 'Object Repository/HealthpostToStore/Page_CMO login/button_Sign in' is clicked on

2018-05-19 11:10:56 - [TEST_STEP][PASSED] - click: Object: 'Object Repository/HealthpostToStore/Page_KDMC - CMO/a_Department Wise Request' is clicked on

2018-05-19 11:10:59 - [MESSAGE][PASSED] - Object: 'Object Repository/HealthpostToStore/Page_KDMC - CMO/a_Department Wise Request' is clicked on

2018-05-19 11:10:59 - [TEST_STEP][PASSED] - delay: Delayed 2 second(s)

2018-05-19 11:11:01 - [MESSAGE][PASSED] - Delayed 2 second(s)

2018-05-19 11:11:01 - [TEST_STEP][PASSED] - selectOptionByIndex: All options with index in [5] are selected on object 'Object Repository/HealthpostToStore/Page_KDMC - CMO/select_--ALL--'

2018-05-19 11:11:01 - [MESSAGE][PASSED] - All options with index in [5] are selected on object 'Object Repository/HealthpostToStore/Page_KDMC - CMO/select_--ALL--'

2018-05-19 11:11:01 - [TEST_STEP][PASSED] - click: Object: 'Object Repository/HealthpostToStore/Page_KDMC - CMO/input_btnsearch' is clicked on

2018-05-19 11:11:01 - [MESSAGE][PASSED] - Object: 'Object Repository/HealthpostToStore/Page_KDMC - CMO/input_btnsearch' is clicked on

2018-05-19 11:11:01 - [TEST_STEP][PASSED] - selectOptionByIndex: All options with index in [1] are selected on object 'Object Repository/HealthpostToStore/Page_KDMC - CMO/select_--ALL--                _1'

2018-05-19 11:11:01 - [MESSAGE][PASSED] - All options with index in [1] are selected on object 'Object Repository/HealthpostToStore/Page_KDMC - CMO/select_--ALL--                _1'

2018-05-19 11:11:01 - [TEST_STEP][PASSED] - click: Object: 'Object Repository/HealthpostToStore/Page_KDMC - CMO/input_btnsearch' is clicked on

2018-05-19 11:11:01 - [MESSAGE][PASSED] - Object: 'Object Repository/HealthpostToStore/Page_KDMC - CMO/input_btnsearch' is clicked on

2018-05-19 11:11:01 - [TEST_STEP][PASSED] - Statement - ID = com.kms.katalon.core.webui.keyword.WebUiBuiltInKeywords.modifyObjectProperty(com.kms.katalon.core.testobject.ObjectRepository.findTestObject(lab/Page_KDMC - CMO/input_1), "xpath", "equals", "//*[@id=" + RID + "]", true): Modify property of object successfully

2018-05-19 11:11:01 - [MESSAGE][PASSED] - Modify property of object successfully

2018-05-19 11:11:01 - [TEST_STEP][PASSED] - click: Object: 'Object Repository/lab/Page_KDMC - CMO/input_1' is clicked on

2018-05-19 11:11:02 - [MESSAGE][PASSED] - Object: 'Object Repository/lab/Page_KDMC - CMO/input_1' is clicked on

2018-05-19 11:11:02 - [TEST_STEP][PASSED] - delay: Delayed 2 second(s)

2018-05-19 11:11:04 - [MESSAGE][PASSED] - Delayed 2 second(s)

2018-05-19 11:11:04 - [TEST_STEP][PASSED] - selectOptionByIndex: All options with index in [1] are selected on object 'Object Repository/HealthpostToStore/Page_KDMC - CMO/select_--Select--'

2018-05-19 11:11:04 - [MESSAGE][PASSED] - All options with index in [1] are selected on object 'Object Repository/HealthpostToStore/Page_KDMC - CMO/select_--Select--'

2018-05-19 11:11:04 - [TEST_STEP][PASSED] - click: Object: 'Object Repository/HealthpostToStore/Page_KDMC - CMO/input_btnupdate' is clicked on

2018-05-19 11:11:04 - [MESSAGE][PASSED] - Object: 'Object Repository/HealthpostToStore/Page_KDMC - CMO/input_btnupdate' is clicked on

2018-05-19 11:11:04 - [TEST_STEP][PASSED] - delay: Delayed 2 second(s)

2018-05-19 11:11:06 - [MESSAGE][PASSED] - Delayed 2 second(s)

2018-05-19 11:11:06 - [TEST_STEP][PASSED] - click: Object: 'Object Repository/HealthpostToStore/Page_KDMC - CMO/button_OK' is clicked on

2018-05-19 11:11:06 - [MESSAGE][PASSED] - Object: 'Object Repository/HealthpostToStore/Page_KDMC - CMO/button_OK' is clicked on

2018-05-19 11:11:06 - [TEST_STEP][PASSED] - delay: Delayed 2 second(s)

2018-05-19 11:11:08 - [MESSAGE][PASSED] - Delayed 2 second(s)

2018-05-19 11:11:09 - [TEST_STEP][PASSED] - click: Object: 'Object Repository/HealthpostToStore/Page_KDMC - CMO/a_dropdown-toggle' is clicked on

2018-05-19 11:11:09 - [MESSAGE][PASSED] - Object: 'Object Repository/HealthpostToStore/Page_KDMC - CMO/a_dropdown-toggle' is clicked on

2018-05-19 11:11:09 - [TEST_STEP][PASSED] - click: Object: 'Object Repository/HealthpostToStore/Page_KDMC - CMO/a_Sign out' is clicked on

2018-05-19 11:11:09 - [MESSAGE][PASSED] - Object: 'Object Repository/HealthpostToStore/Page_KDMC - CMO/a_Sign out' is clicked on

2018-05-19 11:11:09 - [TEST_STEP][PASSED] - delay: Delayed 3 second(s)

2018-05-19 11:11:12 - [MESSAGE][PASSED] - Delayed 3 second(s)

2018-05-19 11:11:12 - [TEST_STEP][PASSED] - click: Object: 'Object Repository/HealthpostToStore/Page_KDMC/a_Divisional Store' is clicked on

2018-05-19 11:11:13 - [MESSAGE][PASSED] - Object: 'Object Repository/HealthpostToStore/Page_KDMC/a_Divisional Store' is clicked on

2018-05-19 11:11:13 - [TEST_STEP][PASSED] - setText: Text 'ragu' is set on object 'Object Repository/HealthpostToStore/Page_Divisonal Store Login/input_txtusername'

2018-05-19 11:11:13 - [MESSAGE][PASSED] - Text 'ragu' is set on object 'Object Repository/HealthpostToStore/Page_Divisonal Store Login/input_txtusername'

2018-05-19 11:11:13 - [TEST_STEP][PASSED] - setText: Text '123' is set on object 'Object Repository/HealthpostToStore/Page_Divisonal Store Login/input_txtpassword'

2018-05-19 11:11:13 - [MESSAGE][PASSED] - Text '123' is set on object 'Object Repository/HealthpostToStore/Page_Divisonal Store Login/input_txtpassword'

2018-05-19 11:11:13 - [TEST_STEP][PASSED] - delay: Delayed 3 second(s)

2018-05-19 11:11:16 - [MESSAGE][PASSED] - Delayed 3 second(s)

2018-05-19 11:11:16 - [TEST_STEP][PASSED] - click: Object: 'Object Repository/HealthpostToStore/Page_Divisonal Store Login/button_Sign in' is clicked on

2018-05-19 11:11:18 - [MESSAGE][PASSED] - Object: 'Object Repository/HealthpostToStore/Page_Divisonal Store Login/button_Sign in' is clicked on

2018-05-19 11:11:18 - [TEST_STEP][PASSED] - delay: Delayed 3 second(s)

2018-05-19 11:11:21 - [MESSAGE][PASSED] - Delayed 3 second(s)

2018-05-19 11:11:21 - [TEST_STEP][PASSED] - click: Object: 'Object Repository/HealthpostToStore/Page_Store/a_Health Post Request' is clicked on

2018-05-19 11:11:21 - [MESSAGE][PASSED] - Object: 'Object Repository/HealthpostToStore/Page_Store/a_Health Post Request' is clicked on

2018-05-19 11:11:21 - [TEST_STEP][PASSED] - click: Object: 'Object Repository/HealthpostToStore/Page_Store/a_Request Item HealthPost' is clicked on

2018-05-19 11:11:22 - [MESSAGE][PASSED] - Object: 'Object Repository/HealthpostToStore/Page_Store/a_Request Item HealthPost' is clicked on

2018-05-19 11:11:22 - [TEST_STEP][PASSED] - Statement - ChooseRequest = com.kms.katalon.core.webui.keyword.WebUiBuiltInKeywords.modifyObjectProperty(com.kms.katalon.core.testobject.ObjectRepository.findTestObject(lab/Page_Store/input_1), "xpath", "equals", "//*[@id=" + RID + "]", true): Modify property of object successfully

2018-05-19 11:11:22 - [MESSAGE][PASSED] - Modify property of object successfully

2018-05-19 11:11:22 - [TEST_STEP][PASSED] - click: Object: 'Object Repository/lab/Page_Store/input_1' is clicked on

2018-05-19 11:11:22 - [MESSAGE][PASSED] - Object: 'Object Repository/lab/Page_Store/input_1' is clicked on

2018-05-19 11:11:22 - [TEST_STEP][PASSED] - Statement - selectedoptions = com.kms.katalon.core.webui.keyword.WebUiBuiltInKeywords.getNumberOfTotalOption(com.kms.katalon.core.testobject.ObjectRepository.findTestObject(HealthpostToStore/Page_Store/select_--Select--Adernaline 0.)): 5 options of object 'Object Repository/HealthpostToStore/Page_Store/select_--Select--Adernaline 0.' counted

2018-05-19 11:11:22 - [MESSAGE][PASSED] - 5 options of object 'Object Repository/HealthpostToStore/Page_Store/select_--Select--Adernaline 0.' counted

2018-05-19 11:11:22 - [TEST_STEP][PASSED] - Statement - For ([a = 1, a <= selectedoptions - 1, (a++)]): null

2018-05-19 11:11:22 - [TEST_STEP][PASSED] - selectOptionByIndex: All options with index in [1] are selected on object 'Object Repository/HealthpostToStore/Page_Store/select_--Select--Adernaline 0.'

2018-05-19 11:11:23 - [MESSAGE][PASSED] - All options with index in [1] are selected on object 'Object Repository/HealthpostToStore/Page_Store/select_--Select--Adernaline 0.'

2018-05-19 11:11:23 - [TEST_STEP][PASSED] - delay: Delayed 2 second(s)

2018-05-19 11:11:25 - [MESSAGE][PASSED] - Delayed 2 second(s)

2018-05-19 11:11:25 - [TEST_STEP][PASSED] - Statement - RequestedQty = com.kms.katalon.core.webui.keyword.WebUiBuiltInKeywords.getAttribute(com.kms.katalon.core.testobject.ObjectRepository.findTestObject(HealthpostToStore/Page_Store/input_txttotal), "value"): Attribute 'value' of object 'Object Repository/HealthpostToStore/Page_Store/input_txttotal' is: '10'

2018-05-19 11:11:25 - [MESSAGE][PASSED] - Attribute 'value' of object 'Object Repository/HealthpostToStore/Page_Store/input_txttotal' is: '10'

2018-05-19 11:11:25 - [TEST_STEP][PASSED] - Statement - out.println("Requested QTY : " + RequestedQty): null

2018-05-19 11:11:25 - [TEST_STEP][PASSED] - Statement - BatchNumber = com.kms.katalon.core.webui.keyword.WebUiBuiltInKeywords.getNumberOfTotalOption(com.kms.katalon.core.testobject.ObjectRepository.findTestObject(HealthpostToStore/Page_Store/select_--Select--BA1170BA2376B)): 2 options of object 'Object Repository/HealthpostToStore/Page_Store/select_--Select--BA1170BA2376B' counted

2018-05-19 11:11:25 - [MESSAGE][PASSED] - 2 options of object 'Object Repository/HealthpostToStore/Page_Store/select_--Select--BA1170BA2376B' counted

2018-05-19 11:11:25 - [TEST_STEP][PASSED] - Statement - For ([g = 1, g <= BatchNumber - 1, (g++)]): null

2018-05-19 11:11:25 - [TEST_STEP][PASSED] - selectOptionByIndex: All options with index in [1] are selected on object 'Object Repository/HealthpostToStore/Page_Store/select_--Select--BA1170BA2376B'

2018-05-19 11:11:25 - [MESSAGE][PASSED] - All options with index in [1] are selected on object 'Object Repository/HealthpostToStore/Page_Store/select_--Select--BA1170BA2376B'

2018-05-19 11:11:25 - [TEST_STEP][PASSED] - Statement - Try: null

2018-05-19 11:11:25 - [TEST_STEP][PASSED] - Statement - StockQty = com.kms.katalon.core.webui.keyword.WebUiBuiltInKeywords.getAttribute(com.kms.katalon.core.testobject.ObjectRepository.findTestObject(HealthpostToStore/Page_Store/input_txtprice), "value"): Attribute 'value' of object 'Object Repository/HealthpostToStore/Page_Store/input_txtprice' is: '1130'

2018-05-19 11:11:25 - [MESSAGE][PASSED] - Attribute 'value' of object 'Object Repository/HealthpostToStore/Page_Store/input_txtprice' is: '1130'

2018-05-19 11:11:25 - [TEST_STEP][PASSED] - Statement - out.println("Stock QTY : " + StockQty): null

2018-05-19 11:11:25 - [TEST_STEP][PASSED] - delay: Delayed 2 second(s)

2018-05-19 11:11:27 - [MESSAGE][PASSED] - Delayed 2 second(s)

2018-05-19 11:11:27 - [TEST_STEP][PASSED] - Statement - If (java.lang.String.valueOf(StockQty) >= java.lang.String.valueOf(RequestedQty)): null

2018-05-19 11:11:27 - [TEST_STEP][PASSED] - setText: Text '10' is set on object 'Object Repository/HealthpostToStore/Page_Store/input_txtqty'

2018-05-19 11:11:27 - [MESSAGE][PASSED] - Text '10' is set on object 'Object Repository/HealthpostToStore/Page_Store/input_txtqty'

2018-05-19 11:11:27 - [TEST_STEP][PASSED] - click: Object: 'Object Repository/HealthpostToStore/Page_Store/button_Add' is clicked on

2018-05-19 11:11:27 - [MESSAGE][PASSED] - Object: 'Object Repository/HealthpostToStore/Page_Store/button_Add' is clicked on

2018-05-19 11:11:27 - [TEST_STEP][PASSED] - Statement - Break: null

2018-05-19 11:11:27 - [TEST_STEP][PASSED] - selectOptionByIndex: All options with index in [2] are selected on object 'Object Repository/HealthpostToStore/Page_Store/select_--Select--Adernaline 0.'

2018-05-19 11:11:27 - [MESSAGE][PASSED] - All options with index in [2] are selected on object 'Object Repository/HealthpostToStore/Page_Store/select_--Select--Adernaline 0.'

2018-05-19 11:11:27 - [TEST_STEP][PASSED] - delay: Delayed 2 second(s)

2018-05-19 11:11:29 - [MESSAGE][PASSED] - Delayed 2 second(s)

2018-05-19 11:11:29 - [TEST_STEP][PASSED] - Statement - RequestedQty = com.kms.katalon.core.webui.keyword.WebUiBuiltInKeywords.getAttribute(com.kms.katalon.core.testobject.ObjectRepository.findTestObject(HealthpostToStore/Page_Store/input_txttotal), "value"): Attribute 'value' of object 'Object Repository/HealthpostToStore/Page_Store/input_txttotal' is: '10'

2018-05-19 11:11:29 - [MESSAGE][PASSED] - Attribute 'value' of object 'Object Repository/HealthpostToStore/Page_Store/input_txttotal' is: '10'

2018-05-19 11:11:29 - [TEST_STEP][PASSED] - Statement - out.println("Requested QTY : " + RequestedQty): null

2018-05-19 11:11:29 - [TEST_STEP][PASSED] - Statement - BatchNumber = com.kms.katalon.core.webui.keyword.WebUiBuiltInKeywords.getNumberOfTotalOption(com.kms.katalon.core.testobject.ObjectRepository.findTestObject(HealthpostToStore/Page_Store/select_--Select--BA1170BA2376B)): 2 options of object 'Object Repository/HealthpostToStore/Page_Store/select_--Select--BA1170BA2376B' counted

2018-05-19 11:11:29 - [MESSAGE][PASSED] - 2 options of object 'Object Repository/HealthpostToStore/Page_Store/select_--Select--BA1170BA2376B' counted

2018-05-19 11:11:29 - [TEST_STEP][PASSED] - Statement - For ([g = 1, g <= BatchNumber - 1, (g++)]): null

2018-05-19 11:11:29 - [TEST_STEP][PASSED] - selectOptionByIndex: All options with index in [1] are selected on object 'Object Repository/HealthpostToStore/Page_Store/select_--Select--BA1170BA2376B'

2018-05-19 11:11:29 - [MESSAGE][PASSED] - All options with index in [1] are selected on object 'Object Repository/HealthpostToStore/Page_Store/select_--Select--BA1170BA2376B'

2018-05-19 11:11:29 - [TEST_STEP][PASSED] - Statement - Try: null

2018-05-19 11:11:29 - [TEST_STEP][PASSED] - Statement - StockQty = com.kms.katalon.core.webui.keyword.WebUiBuiltInKeywords.getAttribute(com.kms.katalon.core.testobject.ObjectRepository.findTestObject(HealthpostToStore/Page_Store/input_txtprice), "value"): Attribute 'value' of object 'Object Repository/HealthpostToStore/Page_Store/input_txtprice' is: '950'

2018-05-19 11:11:29 - [MESSAGE][PASSED] - Attribute 'value' of object 'Object Repository/HealthpostToStore/Page_Store/input_txtprice' is: '950'

2018-05-19 11:11:29 - [TEST_STEP][PASSED] - Statement - out.println("Stock QTY : " + StockQty): null

2018-05-19 11:11:29 - [TEST_STEP][PASSED] - delay: Delayed 2 second(s)

2018-05-19 11:11:31 - [MESSAGE][PASSED] - Delayed 2 second(s)

2018-05-19 11:11:31 - [TEST_STEP][PASSED] - Statement - If (java.lang.String.valueOf(StockQty) >= java.lang.String.valueOf(RequestedQty)): null

2018-05-19 11:11:31 - [TEST_STEP][PASSED] - setText: Text '10' is set on object 'Object Repository/HealthpostToStore/Page_Store/input_txtqty'

2018-05-19 11:11:32 - [MESSAGE][PASSED] - Text '10' is set on object 'Object Repository/HealthpostToStore/Page_Store/input_txtqty'

2018-05-19 11:11:32 - [TEST_STEP][PASSED] - click: Object: 'Object Repository/HealthpostToStore/Page_Store/button_Add' is clicked on

2018-05-19 11:11:32 - [MESSAGE][PASSED] - Object: 'Object Repository/HealthpostToStore/Page_Store/button_Add' is clicked on

2018-05-19 11:11:32 - [TEST_STEP][PASSED] - Statement - Break: null

2018-05-19 11:11:32 - [TEST_STEP][PASSED] - selectOptionByIndex: All options with index in [3] are selected on object 'Object Repository/HealthpostToStore/Page_Store/select_--Select--Adernaline 0.'

2018-05-19 11:11:32 - [MESSAGE][PASSED] - All options with index in [3] are selected on object 'Object Repository/HealthpostToStore/Page_Store/select_--Select--Adernaline 0.'

2018-05-19 11:11:32 - [TEST_STEP][PASSED] - delay: Delayed 2 second(s)

2018-05-19 11:11:34 - [MESSAGE][PASSED] - Delayed 2 second(s)

2018-05-19 11:11:34 - [TEST_STEP][PASSED] - Statement - RequestedQty = com.kms.katalon.core.webui.keyword.WebUiBuiltInKeywords.getAttribute(com.kms.katalon.core.testobject.ObjectRepository.findTestObject(HealthpostToStore/Page_Store/input_txttotal), "value"): Attribute 'value' of object 'Object Repository/HealthpostToStore/Page_Store/input_txttotal' is: '10'

2018-05-19 11:11:34 - [MESSAGE][PASSED] - Attribute 'value' of object 'Object Repository/HealthpostToStore/Page_Store/input_txttotal' is: '10'

2018-05-19 11:11:34 - [TEST_STEP][PASSED] - Statement - out.println("Requested QTY : " + RequestedQty): null

2018-05-19 11:11:34 - [TEST_STEP][PASSED] - Statement - BatchNumber = com.kms.katalon.core.webui.keyword.WebUiBuiltInKeywords.getNumberOfTotalOption(com.kms.katalon.core.testobject.ObjectRepository.findTestObject(HealthpostToStore/Page_Store/select_--Select--BA1170BA2376B)): 4 options of object 'Object Repository/HealthpostToStore/Page_Store/select_--Select--BA1170BA2376B' counted

2018-05-19 11:11:34 - [MESSAGE][PASSED] - 4 options of object 'Object Repository/HealthpostToStore/Page_Store/select_--Select--BA1170BA2376B' counted

2018-05-19 11:11:34 - [TEST_STEP][PASSED] - Statement - For ([g = 1, g <= BatchNumber - 1, (g++)]): null

2018-05-19 11:11:34 - [TEST_STEP][PASSED] - selectOptionByIndex: All options with index in [1] are selected on object 'Object Repository/HealthpostToStore/Page_Store/select_--Select--BA1170BA2376B'

2018-05-19 11:11:34 - [MESSAGE][PASSED] - All options with index in [1] are selected on object 'Object Repository/HealthpostToStore/Page_Store/select_--Select--BA1170BA2376B'

2018-05-19 11:11:34 - [TEST_STEP][PASSED] - Statement - Try: null

2018-05-19 11:11:34 - [TEST_STEP][PASSED] - Statement - StockQty = com.kms.katalon.core.webui.keyword.WebUiBuiltInKeywords.getAttribute(com.kms.katalon.core.testobject.ObjectRepository.findTestObject(HealthpostToStore/Page_Store/input_txtprice), "value"): Attribute 'value' of object 'Object Repository/HealthpostToStore/Page_Store/input_txtprice' is: '970'

2018-05-19 11:11:34 - [MESSAGE][PASSED] - Attribute 'value' of object 'Object Repository/HealthpostToStore/Page_Store/input_txtprice' is: '970'

2018-05-19 11:11:34 - [TEST_STEP][PASSED] - Statement - out.println("Stock QTY : " + StockQty): null

2018-05-19 11:11:34 - [TEST_STEP][PASSED] - delay: Delayed 2 second(s)

2018-05-19 11:11:36 - [MESSAGE][PASSED] - Delayed 2 second(s)

2018-05-19 11:11:36 - [TEST_STEP][PASSED] - Statement - If (java.lang.String.valueOf(StockQty) >= java.lang.String.valueOf(RequestedQty)): null

2018-05-19 11:11:36 - [TEST_STEP][PASSED] - setText: Text '10' is set on object 'Object Repository/HealthpostToStore/Page_Store/input_txtqty'

2018-05-19 11:11:36 - [MESSAGE][PASSED] - Text '10' is set on object 'Object Repository/HealthpostToStore/Page_Store/input_txtqty'

2018-05-19 11:11:36 - [TEST_STEP][PASSED] - click: Object: 'Object Repository/HealthpostToStore/Page_Store/button_Add' is clicked on

2018-05-19 11:11:36 - [MESSAGE][PASSED] - Object: 'Object Repository/HealthpostToStore/Page_Store/button_Add' is clicked on

2018-05-19 11:11:36 - [TEST_STEP][PASSED] - Statement - Break: null

2018-05-19 11:11:36 - [TEST_STEP][PASSED] - selectOptionByIndex: All options with index in [4] are selected on object 'Object Repository/HealthpostToStore/Page_Store/select_--Select--Adernaline 0.'

2018-05-19 11:11:36 - [MESSAGE][PASSED] - All options with index in [4] are selected on object 'Object Repository/HealthpostToStore/Page_Store/select_--Select--Adernaline 0.'

2018-05-19 11:11:36 - [TEST_STEP][PASSED] - delay: Delayed 2 second(s)

2018-05-19 11:11:38 - [MESSAGE][PASSED] - Delayed 2 second(s)

2018-05-19 11:11:38 - [TEST_STEP][PASSED] - Statement - RequestedQty = com.kms.katalon.core.webui.keyword.WebUiBuiltInKeywords.getAttribute(com.kms.katalon.core.testobject.ObjectRepository.findTestObject(HealthpostToStore/Page_Store/input_txttotal), "value"): Attribute 'value' of object 'Object Repository/HealthpostToStore/Page_Store/input_txttotal' is: '10'

2018-05-19 11:11:39 - [MESSAGE][PASSED] - Attribute 'value' of object 'Object Repository/HealthpostToStore/Page_Store/input_txttotal' is: '10'

2018-05-19 11:11:39 - [TEST_STEP][PASSED] - Statement - out.println("Requested QTY : " + RequestedQty): null

2018-05-19 11:11:39 - [TEST_STEP][PASSED] - Statement - BatchNumber = com.kms.katalon.core.webui.keyword.WebUiBuiltInKeywords.getNumberOfTotalOption(com.kms.katalon.core.testobject.ObjectRepository.findTestObject(HealthpostToStore/Page_Store/select_--Select--BA1170BA2376B)): 3 options of object 'Object Repository/HealthpostToStore/Page_Store/select_--Select--BA1170BA2376B' counted

2018-05-19 11:11:39 - [MESSAGE][PASSED] - 3 options of object 'Object Repository/HealthpostToStore/Page_Store/select_--Select--BA1170BA2376B' counted

2018-05-19 11:11:39 - [TEST_STEP][PASSED] - Statement - For ([g = 1, g <= BatchNumber - 1, (g++)]): null

2018-05-19 11:11:39 - [TEST_STEP][PASSED] - selectOptionByIndex: All options with index in [1] are selected on object 'Object Repository/HealthpostToStore/Page_Store/select_--Select--BA1170BA2376B'

2018-05-19 11:11:39 - [MESSAGE][PASSED] - All options with index in [1] are selected on object 'Object Repository/HealthpostToStore/Page_Store/select_--Select--BA1170BA2376B'

2018-05-19 11:11:39 - [TEST_STEP][PASSED] - Statement - Try: null

2018-05-19 11:11:39 - [TEST_STEP][PASSED] - Statement - StockQty = com.kms.katalon.core.webui.keyword.WebUiBuiltInKeywords.getAttribute(com.kms.katalon.core.testobject.ObjectRepository.findTestObject(HealthpostToStore/Page_Store/input_txtprice), "value"): Attribute 'value' of object 'Object Repository/HealthpostToStore/Page_Store/input_txtprice' is: '1130'

2018-05-19 11:11:39 - [MESSAGE][PASSED] - Attribute 'value' of object 'Object Repository/HealthpostToStore/Page_Store/input_txtprice' is: '1130'

2018-05-19 11:11:39 - [TEST_STEP][PASSED] - Statement - out.println("Stock QTY : " + StockQty): null

2018-05-19 11:11:39 - [TEST_STEP][PASSED] - delay: Delayed 2 second(s)

2018-05-19 11:11:41 - [MESSAGE][PASSED] - Delayed 2 second(s)

2018-05-19 11:11:41 - [TEST_STEP][PASSED] - Statement - If (java.lang.String.valueOf(StockQty) >= java.lang.String.valueOf(RequestedQty)): null

2018-05-19 11:11:41 - [TEST_STEP][PASSED] - setText: Text '10' is set on object 'Object Repository/HealthpostToStore/Page_Store/input_txtqty'

2018-05-19 11:11:41 - [MESSAGE][PASSED] - Text '10' is set on object 'Object Repository/HealthpostToStore/Page_Store/input_txtqty'

2018-05-19 11:11:41 - [TEST_STEP][PASSED] - click: Object: 'Object Repository/HealthpostToStore/Page_Store/button_Add' is clicked on

2018-05-19 11:11:41 - [MESSAGE][PASSED] - Object: 'Object Repository/HealthpostToStore/Page_Store/button_Add' is clicked on

2018-05-19 11:11:41 - [TEST_STEP][PASSED] - Statement - Break: null

2018-05-19 11:11:41 - [TEST_STEP][PASSED] - scrollToElement: Scroll to object 'Object Repository/HealthpostToStore/Page_Store/input_btnSubmit' successfully

2018-05-19 11:11:41 - [MESSAGE][PASSED] - Scroll to object 'Object Repository/HealthpostToStore/Page_Store/input_btnSubmit' successfully

2018-05-19 11:11:41 - [TEST_STEP][PASSED] - click: Object: 'Object Repository/HealthpostToStore/Page_Store/input_btnSubmit' is clicked on

2018-05-19 11:11:41 - [MESSAGE][PASSED] - Object: 'Object Repository/HealthpostToStore/Page_Store/input_btnSubmit' is clicked on

2018-05-19 11:11:41 - [TEST_STEP][PASSED] - delay: Delayed 3 second(s)

2018-05-19 11:11:44 - [MESSAGE][PASSED] - Delayed 3 second(s)

2018-05-19 11:11:44 - [TEST_STEP][PASSED] - click: Object: 'Object Repository/HealthpostToStore/Page_Store/button_OK' is clicked on

2018-05-19 11:11:45 - [MESSAGE][PASSED] - Object: 'Object Repository/HealthpostToStore/Page_Store/button_OK' is clicked on

2018-05-19 11:11:45 - [TEST_STEP][PASSED] - delay: Delayed 3 second(s)

2018-05-19 11:11:48 - [MESSAGE][PASSED] - Delayed 3 second(s)

2018-05-19 11:11:48 - [TEST_STEP][PASSED] - click: Object: 'Object Repository/HealthpostToStore/Page_Store/a_dropdown-toggle' is clicked on

2018-05-19 11:11:48 - [MESSAGE][PASSED] - Object: 'Object Repository/HealthpostToStore/Page_Store/a_dropdown-toggle' is clicked on

2018-05-19 11:11:48 - [TEST_STEP][PASSED] - click: Object: 'Object Repository/HealthpostToStore/Page_Store/a_Sign out' is clicked on

2018-05-19 11:11:48 - [MESSAGE][PASSED] - Object: 'Object Repository/HealthpostToStore/Page_Store/a_Sign out' is clicked on

2018-05-19 11:11:48 - [TEST_STEP][PASSED] - closeBrowser: Browser is closed

2018-05-19 11:11:49 - [MESSAGE][PASSED] - Browser is closed]]></system-out>
         <system-err><![CDATA[]]></system-err>
      </testcase>
      <testcase name="Test Cases/HEALTHPOST TEST CASES/TC_HP_003 Verify Schedule 3 Healthpost Request Are Working Successfully Or Not" classname="Test Cases/HEALTHPOST TEST CASES/TC_HP_003 Verify Schedule 3 Healthpost Request Are Working Successfully Or Not" status="FAILED">
         <failure type="FAILED" message="Unable to select option by index '3' of object 'Object Repository/HealthpostToStore/Page_HealthPost Store/select_--Select--Schedule 1Inj' (Root cause: com.kms.katalon.core.webui.exception.WebElementNotFoundException: Web element with id: 'Object Repository/HealthpostToStore/Page_HealthPost Store/select_--Select--Schedule 1Inj' located by 'By.xpath: id(&quot;optcategory&quot;)[count(. | //select[@id = 'optcategory']) = count(//select[@id = 'optcategory'])]' not found)"/>
         <system-out><![CDATA[2018-05-19 11:11:49 - [TEST_CASE][FAILED] - Test Cases/HEALTHPOST TEST CASES/TC_HP_003 Verify Schedule 3 Healthpost Request Are Working Successfully Or Not: Test Cases/HEALTHPOST TEST CASES/TC_HP_003 Verify Schedule 3 Healthpost Request Are Working Successfully Or Not FAILED because (of) Unable to select option by index '3' of object 'Object Repository/HealthpostToStore/Page_HealthPost Store/select_--Select--Schedule 1Inj' (Root cause: com.kms.katalon.core.webui.exception.WebElementNotFoundException: Web element with id: 'Object Repository/HealthpostToStore/Page_HealthPost Store/select_--Select--Schedule 1Inj' located by 'By.xpath: id("optcategory")[count(. | //select[@id = 'optcategory']) = count(//select[@id = 'optcategory'])]' not found)

2018-05-19 11:11:49 - [TEST_STEP][PASSED] - openBrowser: Browser is opened with url: ''

2018-05-19 11:11:51 - [MESSAGE][PASSED] - Browser is opened with url: ''

2018-05-19 11:11:51 - [TEST_STEP][PASSED] - navigateToUrl: Navigate to 'http://192.168.137.1/multihospital_new/HDSplashscreen.aspx' successfully

2018-05-19 11:11:53 - [MESSAGE][PASSED] - Navigate to 'http://192.168.137.1/multihospital_new/HDSplashscreen.aspx' successfully

2018-05-19 11:11:53 - [TEST_STEP][PASSED] - maximizeWindow: Current window maximized

2018-05-19 11:11:54 - [MESSAGE][PASSED] - Current window maximized

2018-05-19 11:11:54 - [TEST_STEP][PASSED] - click: Object: 'Object Repository/HealthpostToStore/Page_KDMC/a_Healthpost Store' is clicked on

2018-05-19 11:11:55 - [MESSAGE][PASSED] - Object: 'Object Repository/HealthpostToStore/Page_KDMC/a_Healthpost Store' is clicked on

2018-05-19 11:11:55 - [TEST_STEP][PASSED] - setText: Text 'raguram' is set on object 'Object Repository/HealthpostToStore/Page_HealthPost Store Login/input_txtusername'

2018-05-19 11:11:55 - [MESSAGE][PASSED] - Text 'raguram' is set on object 'Object Repository/HealthpostToStore/Page_HealthPost Store Login/input_txtusername'

2018-05-19 11:11:55 - [TEST_STEP][PASSED] - setText: Text '123' is set on object 'Object Repository/HealthpostToStore/Page_HealthPost Store Login/input_txtpassword'

2018-05-19 11:11:55 - [MESSAGE][PASSED] - Text '123' is set on object 'Object Repository/HealthpostToStore/Page_HealthPost Store Login/input_txtpassword'

2018-05-19 11:11:55 - [TEST_STEP][PASSED] - delay: Delayed 3 second(s)

2018-05-19 11:11:58 - [MESSAGE][PASSED] - Delayed 3 second(s)

2018-05-19 11:11:58 - [TEST_STEP][PASSED] - sendKeys: Keys 'ENTER + ' sent to object: 'Object Repository/HealthpostToStore/Page_HealthPost Store Login/input_txtpassword'

2018-05-19 11:11:59 - [MESSAGE][PASSED] - Keys 'ENTER + ' sent to object: 'Object Repository/HealthpostToStore/Page_HealthPost Store Login/input_txtpassword'

2018-05-19 11:11:59 - [TEST_STEP][PASSED] - delay: Delayed 3 second(s)

2018-05-19 11:12:02 - [MESSAGE][PASSED] - Delayed 3 second(s)

2018-05-19 11:12:02 - [TEST_STEP][PASSED] - doubleClick: Object: 'Object Repository/HealthpostToStore/Page_HealthPost Store/a_Request to Store' is double clicked on

2018-05-19 11:12:02 - [MESSAGE][PASSED] - Object: 'Object Repository/HealthpostToStore/Page_HealthPost Store/a_Request to Store' is double clicked on

2018-05-19 11:12:02 - [TEST_STEP][PASSED] - doubleClick: Object: 'Object Repository/HealthpostToStore/Page_HealthPost Store/a_Medicine Request' is double clicked on

2018-05-19 11:12:03 - [MESSAGE][PASSED] - Object: 'Object Repository/HealthpostToStore/Page_HealthPost Store/a_Medicine Request' is double clicked on

2018-05-19 11:12:03 - [TEST_STEP][FAILED] - selectOptionByIndex: Unable to select option by index '3' of object 'Object Repository/HealthpostToStore/Page_HealthPost Store/select_--Select--Schedule 1Inj' (Root cause: com.kms.katalon.core.webui.exception.WebElementNotFoundException: Web element with id: 'Object Repository/HealthpostToStore/Page_HealthPost Store/select_--Select--Schedule 1Inj' located by 'By.xpath: id("optcategory")[count(. | //select[@id = 'optcategory']) = count(//select[@id = 'optcategory'])]' not found)

2018-05-19 11:12:34 - [MESSAGE][FAILED] - Unable to select option by index '3' of object 'Object Repository/HealthpostToStore/Page_HealthPost Store/select_--Select--Schedule 1Inj' (Root cause: com.kms.katalon.core.webui.exception.WebElementNotFoundException: Web element with id: 'Object Repository/HealthpostToStore/Page_HealthPost Store/select_--Select--Schedule 1Inj' located by 'By.xpath: id("optcategory")[count(. | //select[@id = 'optcategory']) = count(//select[@id = 'optcategory'])]' not found)
[[ATTACHMENT|C:\\Users\\Quality Analyst\\Katalon Studio\\ds\\Reports\\HealthPost_Store_Suite\\20180519_110932\\1526708554283.png]]]]></system-out>
         <system-err><![CDATA[2018-05-19 11:11:49 - [TEST_CASE][FAILED] - Test Cases/HEALTHPOST TEST CASES/TC_HP_003 Verify Schedule 3 Healthpost Request Are Working Successfully Or Not: Test Cases/HEALTHPOST TEST CASES/TC_HP_003 Verify Schedule 3 Healthpost Request Are Working Successfully Or Not FAILED because (of) Unable to select option by index '3' of object 'Object Repository/HealthpostToStore/Page_HealthPost Store/select_--Select--Schedule 1Inj' (Root cause: com.kms.katalon.core.webui.exception.WebElementNotFoundException: Web element with id: 'Object Repository/HealthpostToStore/Page_HealthPost Store/select_--Select--Schedule 1Inj' located by 'By.xpath: id("optcategory")[count(. | //select[@id = 'optcategory']) = count(//select[@id = 'optcategory'])]' not found)]]></system-err>
      </testcase>
      <testcase name="Test Cases/HEALTHPOST TEST CASES/TC_HP_004 Verify Schedule 4 Healthpost Request Are Working Successfully Or Not" classname="Test Cases/HEALTHPOST TEST CASES/TC_HP_004 Verify Schedule 4 Healthpost Request Are Working Successfully Or Not" status="FAILED">
         <failure type="FAILED" message="Unable to select option by index '4' of object 'Object Repository/HealthpostToStore/Page_HealthPost Store/select_--Select--Schedule 1Inj' (Root cause: com.kms.katalon.core.webui.exception.WebElementNotFoundException: Web element with id: 'Object Repository/HealthpostToStore/Page_HealthPost Store/select_--Select--Schedule 1Inj' located by 'By.xpath: id(&quot;optcategory&quot;)[count(. | //select[@id = 'optcategory']) = count(//select[@id = 'optcategory'])]' not found)"/>
         <system-out><![CDATA[2018-05-19 11:12:34 - [TEST_CASE][FAILED] - Test Cases/HEALTHPOST TEST CASES/TC_HP_004 Verify Schedule 4 Healthpost Request Are Working Successfully Or Not: Test Cases/HEALTHPOST TEST CASES/TC_HP_004 Verify Schedule 4 Healthpost Request Are Working Successfully Or Not FAILED because (of) Unable to select option by index '4' of object 'Object Repository/HealthpostToStore/Page_HealthPost Store/select_--Select--Schedule 1Inj' (Root cause: com.kms.katalon.core.webui.exception.WebElementNotFoundException: Web element with id: 'Object Repository/HealthpostToStore/Page_HealthPost Store/select_--Select--Schedule 1Inj' located by 'By.xpath: id("optcategory")[count(. | //select[@id = 'optcategory']) = count(//select[@id = 'optcategory'])]' not found)

2018-05-19 11:12:34 - [TEST_STEP][PASSED] - openBrowser: Browser is opened with url: ''

2018-05-19 11:12:34 - [MESSAGE][WARNING] - A browser is already opened. Closing browser and opening a new one

2018-05-19 11:12:37 - [MESSAGE][PASSED] - Browser is opened with url: ''

2018-05-19 11:12:37 - [TEST_STEP][PASSED] - navigateToUrl: Navigate to 'http://192.168.137.1/multihospital_new/HDSplashscreen.aspx' successfully

2018-05-19 11:12:39 - [MESSAGE][PASSED] - Navigate to 'http://192.168.137.1/multihospital_new/HDSplashscreen.aspx' successfully

2018-05-19 11:12:39 - [TEST_STEP][PASSED] - maximizeWindow: Current window maximized

2018-05-19 11:12:40 - [MESSAGE][PASSED] - Current window maximized

2018-05-19 11:12:40 - [TEST_STEP][PASSED] - click: Object: 'Object Repository/HealthpostToStore/Page_KDMC/a_Healthpost Store' is clicked on

2018-05-19 11:12:41 - [MESSAGE][PASSED] - Object: 'Object Repository/HealthpostToStore/Page_KDMC/a_Healthpost Store' is clicked on

2018-05-19 11:12:41 - [TEST_STEP][PASSED] - setText: Text 'raguram' is set on object 'Object Repository/HealthpostToStore/Page_HealthPost Store Login/input_txtusername'

2018-05-19 11:12:41 - [MESSAGE][PASSED] - Text 'raguram' is set on object 'Object Repository/HealthpostToStore/Page_HealthPost Store Login/input_txtusername'

2018-05-19 11:12:41 - [TEST_STEP][PASSED] - setText: Text '123' is set on object 'Object Repository/HealthpostToStore/Page_HealthPost Store Login/input_txtpassword'

2018-05-19 11:12:41 - [MESSAGE][PASSED] - Text '123' is set on object 'Object Repository/HealthpostToStore/Page_HealthPost Store Login/input_txtpassword'

2018-05-19 11:12:41 - [TEST_STEP][PASSED] - delay: Delayed 3 second(s)

2018-05-19 11:12:44 - [MESSAGE][PASSED] - Delayed 3 second(s)

2018-05-19 11:12:44 - [TEST_STEP][PASSED] - sendKeys: Keys 'ENTER + ' sent to object: 'Object Repository/HealthpostToStore/Page_HealthPost Store Login/input_txtpassword'

2018-05-19 11:12:44 - [MESSAGE][PASSED] - Keys 'ENTER + ' sent to object: 'Object Repository/HealthpostToStore/Page_HealthPost Store Login/input_txtpassword'

2018-05-19 11:12:44 - [TEST_STEP][PASSED] - delay: Delayed 3 second(s)

2018-05-19 11:12:47 - [MESSAGE][PASSED] - Delayed 3 second(s)

2018-05-19 11:12:47 - [TEST_STEP][PASSED] - doubleClick: Object: 'Object Repository/HealthpostToStore/Page_HealthPost Store/a_Request to Store' is double clicked on

2018-05-19 11:12:48 - [MESSAGE][PASSED] - Object: 'Object Repository/HealthpostToStore/Page_HealthPost Store/a_Request to Store' is double clicked on

2018-05-19 11:12:48 - [TEST_STEP][PASSED] - doubleClick: Object: 'Object Repository/HealthpostToStore/Page_HealthPost Store/a_Medicine Request' is double clicked on

2018-05-19 11:12:48 - [MESSAGE][PASSED] - Object: 'Object Repository/HealthpostToStore/Page_HealthPost Store/a_Medicine Request' is double clicked on

2018-05-19 11:12:48 - [TEST_STEP][FAILED] - selectOptionByIndex: Unable to select option by index '4' of object 'Object Repository/HealthpostToStore/Page_HealthPost Store/select_--Select--Schedule 1Inj' (Root cause: com.kms.katalon.core.webui.exception.WebElementNotFoundException: Web element with id: 'Object Repository/HealthpostToStore/Page_HealthPost Store/select_--Select--Schedule 1Inj' located by 'By.xpath: id("optcategory")[count(. | //select[@id = 'optcategory']) = count(//select[@id = 'optcategory'])]' not found)

2018-05-19 11:13:19 - [MESSAGE][FAILED] - Unable to select option by index '4' of object 'Object Repository/HealthpostToStore/Page_HealthPost Store/select_--Select--Schedule 1Inj' (Root cause: com.kms.katalon.core.webui.exception.WebElementNotFoundException: Web element with id: 'Object Repository/HealthpostToStore/Page_HealthPost Store/select_--Select--Schedule 1Inj' located by 'By.xpath: id("optcategory")[count(. | //select[@id = 'optcategory']) = count(//select[@id = 'optcategory'])]' not found)
[[ATTACHMENT|C:\\Users\\Quality Analyst\\Katalon Studio\\ds\\Reports\\HealthPost_Store_Suite\\20180519_110932\\1526708599427.png]]]]></system-out>
         <system-err><![CDATA[2018-05-19 11:12:34 - [TEST_CASE][FAILED] - Test Cases/HEALTHPOST TEST CASES/TC_HP_004 Verify Schedule 4 Healthpost Request Are Working Successfully Or Not: Test Cases/HEALTHPOST TEST CASES/TC_HP_004 Verify Schedule 4 Healthpost Request Are Working Successfully Or Not FAILED because (of) Unable to select option by index '4' of object 'Object Repository/HealthpostToStore/Page_HealthPost Store/select_--Select--Schedule 1Inj' (Root cause: com.kms.katalon.core.webui.exception.WebElementNotFoundException: Web element with id: 'Object Repository/HealthpostToStore/Page_HealthPost Store/select_--Select--Schedule 1Inj' located by 'By.xpath: id("optcategory")[count(. | //select[@id = 'optcategory']) = count(//select[@id = 'optcategory'])]' not found)]]></system-err>
      </testcase>
      <testcase name="Test Cases/HEALTHPOST TEST CASES/TC_HP_005 Verify Schedule 5 Healthpost Request Are Working Successfully Or Not" classname="Test Cases/HEALTHPOST TEST CASES/TC_HP_005 Verify Schedule 5 Healthpost Request Are Working Successfully Or Not" status="FAILED">
         <failure type="FAILED" message="Unable to select option by index '5' of object 'Object Repository/HealthpostToStore/Page_HealthPost Store/select_--Select--Schedule 1Inj' (Root cause: com.kms.katalon.core.webui.exception.WebElementNotFoundException: Web element with id: 'Object Repository/HealthpostToStore/Page_HealthPost Store/select_--Select--Schedule 1Inj' located by 'By.xpath: id(&quot;optcategory&quot;)[count(. | //select[@id = 'optcategory']) = count(//select[@id = 'optcategory'])]' not found)"/>
         <system-out><![CDATA[2018-05-19 11:13:19 - [TEST_CASE][FAILED] - Test Cases/HEALTHPOST TEST CASES/TC_HP_005 Verify Schedule 5 Healthpost Request Are Working Successfully Or Not: Test Cases/HEALTHPOST TEST CASES/TC_HP_005 Verify Schedule 5 Healthpost Request Are Working Successfully Or Not FAILED because (of) Unable to select option by index '5' of object 'Object Repository/HealthpostToStore/Page_HealthPost Store/select_--Select--Schedule 1Inj' (Root cause: com.kms.katalon.core.webui.exception.WebElementNotFoundException: Web element with id: 'Object Repository/HealthpostToStore/Page_HealthPost Store/select_--Select--Schedule 1Inj' located by 'By.xpath: id("optcategory")[count(. | //select[@id = 'optcategory']) = count(//select[@id = 'optcategory'])]' not found)

2018-05-19 11:13:19 - [TEST_STEP][PASSED] - openBrowser: Browser is opened with url: ''

2018-05-19 11:13:19 - [MESSAGE][WARNING] - A browser is already opened. Closing browser and opening a new one

2018-05-19 11:13:22 - [MESSAGE][PASSED] - Browser is opened with url: ''

2018-05-19 11:13:22 - [TEST_STEP][PASSED] - navigateToUrl: Navigate to 'http://192.168.137.1/multihospital_new/HDSplashscreen.aspx' successfully

2018-05-19 11:13:24 - [MESSAGE][PASSED] - Navigate to 'http://192.168.137.1/multihospital_new/HDSplashscreen.aspx' successfully

2018-05-19 11:13:24 - [TEST_STEP][PASSED] - maximizeWindow: Current window maximized

2018-05-19 11:13:25 - [MESSAGE][PASSED] - Current window maximized

2018-05-19 11:13:25 - [TEST_STEP][PASSED] - click: Object: 'Object Repository/HealthpostToStore/Page_KDMC/a_Healthpost Store' is clicked on

2018-05-19 11:13:26 - [MESSAGE][PASSED] - Object: 'Object Repository/HealthpostToStore/Page_KDMC/a_Healthpost Store' is clicked on

2018-05-19 11:13:26 - [TEST_STEP][PASSED] - setText: Text 'raguram' is set on object 'Object Repository/HealthpostToStore/Page_HealthPost Store Login/input_txtusername'

2018-05-19 11:13:26 - [MESSAGE][PASSED] - Text 'raguram' is set on object 'Object Repository/HealthpostToStore/Page_HealthPost Store Login/input_txtusername'

2018-05-19 11:13:26 - [TEST_STEP][PASSED] - setText: Text '123' is set on object 'Object Repository/HealthpostToStore/Page_HealthPost Store Login/input_txtpassword'

2018-05-19 11:13:26 - [MESSAGE][PASSED] - Text '123' is set on object 'Object Repository/HealthpostToStore/Page_HealthPost Store Login/input_txtpassword'

2018-05-19 11:13:26 - [TEST_STEP][PASSED] - delay: Delayed 3 second(s)

2018-05-19 11:13:29 - [MESSAGE][PASSED] - Delayed 3 second(s)

2018-05-19 11:13:29 - [TEST_STEP][PASSED] - sendKeys: Keys 'ENTER + ' sent to object: 'Object Repository/HealthpostToStore/Page_HealthPost Store Login/input_txtpassword'

2018-05-19 11:13:30 - [MESSAGE][PASSED] - Keys 'ENTER + ' sent to object: 'Object Repository/HealthpostToStore/Page_HealthPost Store Login/input_txtpassword'

2018-05-19 11:13:30 - [TEST_STEP][PASSED] - delay: Delayed 3 second(s)

2018-05-19 11:13:33 - [MESSAGE][PASSED] - Delayed 3 second(s)

2018-05-19 11:13:33 - [TEST_STEP][PASSED] - doubleClick: Object: 'Object Repository/HealthpostToStore/Page_HealthPost Store/a_Request to Store' is double clicked on

2018-05-19 11:13:33 - [MESSAGE][PASSED] - Object: 'Object Repository/HealthpostToStore/Page_HealthPost Store/a_Request to Store' is double clicked on

2018-05-19 11:13:33 - [TEST_STEP][PASSED] - doubleClick: Object: 'Object Repository/HealthpostToStore/Page_HealthPost Store/a_Medicine Request' is double clicked on

2018-05-19 11:13:33 - [MESSAGE][PASSED] - Object: 'Object Repository/HealthpostToStore/Page_HealthPost Store/a_Medicine Request' is double clicked on

2018-05-19 11:13:33 - [TEST_STEP][FAILED] - selectOptionByIndex: Unable to select option by index '5' of object 'Object Repository/HealthpostToStore/Page_HealthPost Store/select_--Select--Schedule 1Inj' (Root cause: com.kms.katalon.core.webui.exception.WebElementNotFoundException: Web element with id: 'Object Repository/HealthpostToStore/Page_HealthPost Store/select_--Select--Schedule 1Inj' located by 'By.xpath: id("optcategory")[count(. | //select[@id = 'optcategory']) = count(//select[@id = 'optcategory'])]' not found)

2018-05-19 11:14:04 - [MESSAGE][FAILED] - Unable to select option by index '5' of object 'Object Repository/HealthpostToStore/Page_HealthPost Store/select_--Select--Schedule 1Inj' (Root cause: com.kms.katalon.core.webui.exception.WebElementNotFoundException: Web element with id: 'Object Repository/HealthpostToStore/Page_HealthPost Store/select_--Select--Schedule 1Inj' located by 'By.xpath: id("optcategory")[count(. | //select[@id = 'optcategory']) = count(//select[@id = 'optcategory'])]' not found)
[[ATTACHMENT|C:\\Users\\Quality Analyst\\Katalon Studio\\ds\\Reports\\HealthPost_Store_Suite\\20180519_110932\\1526708644492.png]]]]></system-out>
         <system-err><![CDATA[2018-05-19 11:13:19 - [TEST_CASE][FAILED] - Test Cases/HEALTHPOST TEST CASES/TC_HP_005 Verify Schedule 5 Healthpost Request Are Working Successfully Or Not: Test Cases/HEALTHPOST TEST CASES/TC_HP_005 Verify Schedule 5 Healthpost Request Are Working Successfully Or Not FAILED because (of) Unable to select option by index '5' of object 'Object Repository/HealthpostToStore/Page_HealthPost Store/select_--Select--Schedule 1Inj' (Root cause: com.kms.katalon.core.webui.exception.WebElementNotFoundException: Web element with id: 'Object Repository/HealthpostToStore/Page_HealthPost Store/select_--Select--Schedule 1Inj' located by 'By.xpath: id("optcategory")[count(. | //select[@id = 'optcategory']) = count(//select[@id = 'optcategory'])]' not found)]]></system-err>
      </testcase>
      <testcase name="Test Cases/HEALTHPOST TEST CASES/TC_HP_006 Verify Schedule 6 Healthpost Request Are Working Successfully Or Not" classname="Test Cases/HEALTHPOST TEST CASES/TC_HP_006 Verify Schedule 6 Healthpost Request Are Working Successfully Or Not" status="PASSED">
         <system-out><![CDATA[2018-05-19 11:14:04 - [TEST_CASE][PASSED] - Test Cases/HEALTHPOST TEST CASES/TC_HP_006 Verify Schedule 6 Healthpost Request Are Working Successfully Or Not: Test Cases/HEALTHPOST TEST CASES/TC_HP_006 Verify Schedule 6 Healthpost Request Are Working Successfully Or Not

2018-05-19 11:14:04 - [TEST_STEP][PASSED] - openBrowser: Browser is opened with url: ''

2018-05-19 11:14:04 - [MESSAGE][WARNING] - A browser is already opened. Closing browser and opening a new one

2018-05-19 11:14:07 - [MESSAGE][PASSED] - Browser is opened with url: ''

2018-05-19 11:14:07 - [TEST_STEP][PASSED] - navigateToUrl: Navigate to 'http://192.168.137.1/multihospital_new/HDSplashscreen.aspx' successfully

2018-05-19 11:14:09 - [MESSAGE][PASSED] - Navigate to 'http://192.168.137.1/multihospital_new/HDSplashscreen.aspx' successfully

2018-05-19 11:14:09 - [TEST_STEP][PASSED] - maximizeWindow: Current window maximized

2018-05-19 11:14:10 - [MESSAGE][PASSED] - Current window maximized

2018-05-19 11:14:10 - [TEST_STEP][PASSED] - click: Object: 'Object Repository/HealthpostToStore/Page_KDMC/a_Healthpost Store' is clicked on

2018-05-19 11:14:11 - [MESSAGE][PASSED] - Object: 'Object Repository/HealthpostToStore/Page_KDMC/a_Healthpost Store' is clicked on

2018-05-19 11:14:11 - [TEST_STEP][PASSED] - setText: Text 'raguram' is set on object 'Object Repository/HealthpostToStore/Page_HealthPost Store Login/input_txtusername'

2018-05-19 11:14:11 - [MESSAGE][PASSED] - Text 'raguram' is set on object 'Object Repository/HealthpostToStore/Page_HealthPost Store Login/input_txtusername'

2018-05-19 11:14:11 - [TEST_STEP][PASSED] - setText: Text '123' is set on object 'Object Repository/HealthpostToStore/Page_HealthPost Store Login/input_txtpassword'

2018-05-19 11:14:11 - [MESSAGE][PASSED] - Text '123' is set on object 'Object Repository/HealthpostToStore/Page_HealthPost Store Login/input_txtpassword'

2018-05-19 11:14:11 - [TEST_STEP][PASSED] - delay: Delayed 3 second(s)

2018-05-19 11:14:14 - [MESSAGE][PASSED] - Delayed 3 second(s)

2018-05-19 11:14:14 - [TEST_STEP][PASSED] - sendKeys: Keys 'ENTER + ' sent to object: 'Object Repository/HealthpostToStore/Page_HealthPost Store Login/input_txtpassword'

2018-05-19 11:14:15 - [MESSAGE][PASSED] - Keys 'ENTER + ' sent to object: 'Object Repository/HealthpostToStore/Page_HealthPost Store Login/input_txtpassword'

2018-05-19 11:14:15 - [TEST_STEP][PASSED] - delay: Delayed 3 second(s)

2018-05-19 11:14:18 - [MESSAGE][PASSED] - Delayed 3 second(s)

2018-05-19 11:14:18 - [TEST_STEP][PASSED] - doubleClick: Object: 'Object Repository/HealthpostToStore/Page_HealthPost Store/a_Request to Store' is double clicked on

2018-05-19 11:14:18 - [MESSAGE][PASSED] - Object: 'Object Repository/HealthpostToStore/Page_HealthPost Store/a_Request to Store' is double clicked on

2018-05-19 11:14:18 - [TEST_STEP][PASSED] - doubleClick: Object: 'Object Repository/HealthpostToStore/Page_HealthPost Store/a_Medicine Request' is double clicked on

2018-05-19 11:14:19 - [MESSAGE][PASSED] - Object: 'Object Repository/HealthpostToStore/Page_HealthPost Store/a_Medicine Request' is double clicked on

2018-05-19 11:14:19 - [TEST_STEP][PASSED] - selectOptionByIndex: All options with index in [6] are selected on object 'Object Repository/HealthpostToStore/Page_HealthPost Store/select_--Select--Schedule 1Inj'

2018-05-19 11:14:19 - [MESSAGE][PASSED] - All options with index in [6] are selected on object 'Object Repository/HealthpostToStore/Page_HealthPost Store/select_--Select--Schedule 1Inj'

2018-05-19 11:14:19 - [TEST_STEP][PASSED] - Statement - medicineslength = com.kms.katalon.core.webui.keyword.WebUiBuiltInKeywords.getNumberOfTotalOption(com.kms.katalon.core.testobject.ObjectRepository.findTestObject(HealthpostToStore/Page_HealthPost Store/select_--Select--Adernaline 0.)): 14 options of object 'Object Repository/HealthpostToStore/Page_HealthPost Store/select_--Select--Adernaline 0.' counted

2018-05-19 11:14:19 - [MESSAGE][PASSED] - 14 options of object 'Object Repository/HealthpostToStore/Page_HealthPost Store/select_--Select--Adernaline 0.' counted

2018-05-19 11:14:19 - [TEST_STEP][PASSED] - Statement - For ([e = 1, e <= 5 - 1, (e++)]): Object: 'Object Repository/HealthpostToStore/Page_HealthPost Store/button_Add' is double clicked on

2018-05-19 11:14:19 - [TEST_STEP][PASSED] - selectOptionByIndex: All options with index in [6] are selected on object 'Object Repository/HealthpostToStore/Page_HealthPost Store/select_--Select--Schedule 1Inj'

2018-05-19 11:14:19 - [MESSAGE][PASSED] - All options with index in [6] are selected on object 'Object Repository/HealthpostToStore/Page_HealthPost Store/select_--Select--Schedule 1Inj'

2018-05-19 11:14:19 - [TEST_STEP][PASSED] - selectOptionByIndex: All options with index in [1] are selected on object 'Object Repository/HealthpostToStore/Page_HealthPost Store/select_--Select--Adernaline 0.'

2018-05-19 11:14:19 - [MESSAGE][PASSED] - All options with index in [1] are selected on object 'Object Repository/HealthpostToStore/Page_HealthPost Store/select_--Select--Adernaline 0.'

2018-05-19 11:14:19 - [TEST_STEP][PASSED] - setText: Text '10' is set on object 'Object Repository/HealthpostToStore/Page_HealthPost Store/input_txttreat'

2018-05-19 11:14:19 - [MESSAGE][PASSED] - Text '10' is set on object 'Object Repository/HealthpostToStore/Page_HealthPost Store/input_txttreat'

2018-05-19 11:14:19 - [TEST_STEP][PASSED] - doubleClick: Object: 'Object Repository/HealthpostToStore/Page_HealthPost Store/button_Add' is double clicked on

2018-05-19 11:14:20 - [MESSAGE][PASSED] - Object: 'Object Repository/HealthpostToStore/Page_HealthPost Store/button_Add' is double clicked on

2018-05-19 11:14:20 - [TEST_STEP][PASSED] - selectOptionByIndex: All options with index in [6] are selected on object 'Object Repository/HealthpostToStore/Page_HealthPost Store/select_--Select--Schedule 1Inj'

2018-05-19 11:14:20 - [MESSAGE][PASSED] - All options with index in [6] are selected on object 'Object Repository/HealthpostToStore/Page_HealthPost Store/select_--Select--Schedule 1Inj'

2018-05-19 11:14:20 - [TEST_STEP][PASSED] - selectOptionByIndex: All options with index in [2] are selected on object 'Object Repository/HealthpostToStore/Page_HealthPost Store/select_--Select--Adernaline 0.'

2018-05-19 11:14:20 - [MESSAGE][PASSED] - All options with index in [2] are selected on object 'Object Repository/HealthpostToStore/Page_HealthPost Store/select_--Select--Adernaline 0.'

2018-05-19 11:14:20 - [TEST_STEP][PASSED] - setText: Text '10' is set on object 'Object Repository/HealthpostToStore/Page_HealthPost Store/input_txttreat'

2018-05-19 11:14:20 - [MESSAGE][PASSED] - Text '10' is set on object 'Object Repository/HealthpostToStore/Page_HealthPost Store/input_txttreat'

2018-05-19 11:14:20 - [TEST_STEP][PASSED] - doubleClick: Object: 'Object Repository/HealthpostToStore/Page_HealthPost Store/button_Add' is double clicked on

2018-05-19 11:14:20 - [MESSAGE][PASSED] - Object: 'Object Repository/HealthpostToStore/Page_HealthPost Store/button_Add' is double clicked on

2018-05-19 11:14:20 - [TEST_STEP][PASSED] - selectOptionByIndex: All options with index in [6] are selected on object 'Object Repository/HealthpostToStore/Page_HealthPost Store/select_--Select--Schedule 1Inj'

2018-05-19 11:14:20 - [MESSAGE][PASSED] - All options with index in [6] are selected on object 'Object Repository/HealthpostToStore/Page_HealthPost Store/select_--Select--Schedule 1Inj'

2018-05-19 11:14:20 - [TEST_STEP][PASSED] - selectOptionByIndex: All options with index in [3] are selected on object 'Object Repository/HealthpostToStore/Page_HealthPost Store/select_--Select--Adernaline 0.'

2018-05-19 11:14:20 - [MESSAGE][PASSED] - All options with index in [3] are selected on object 'Object Repository/HealthpostToStore/Page_HealthPost Store/select_--Select--Adernaline 0.'

2018-05-19 11:14:20 - [TEST_STEP][PASSED] - setText: Text '10' is set on object 'Object Repository/HealthpostToStore/Page_HealthPost Store/input_txttreat'

2018-05-19 11:14:21 - [MESSAGE][PASSED] - Text '10' is set on object 'Object Repository/HealthpostToStore/Page_HealthPost Store/input_txttreat'

2018-05-19 11:14:21 - [TEST_STEP][PASSED] - doubleClick: Object: 'Object Repository/HealthpostToStore/Page_HealthPost Store/button_Add' is double clicked on

2018-05-19 11:14:21 - [MESSAGE][PASSED] - Object: 'Object Repository/HealthpostToStore/Page_HealthPost Store/button_Add' is double clicked on

2018-05-19 11:14:21 - [TEST_STEP][PASSED] - selectOptionByIndex: All options with index in [6] are selected on object 'Object Repository/HealthpostToStore/Page_HealthPost Store/select_--Select--Schedule 1Inj'

2018-05-19 11:14:21 - [MESSAGE][PASSED] - All options with index in [6] are selected on object 'Object Repository/HealthpostToStore/Page_HealthPost Store/select_--Select--Schedule 1Inj'

2018-05-19 11:14:21 - [TEST_STEP][PASSED] - selectOptionByIndex: All options with index in [4] are selected on object 'Object Repository/HealthpostToStore/Page_HealthPost Store/select_--Select--Adernaline 0.'

2018-05-19 11:14:21 - [MESSAGE][PASSED] - All options with index in [4] are selected on object 'Object Repository/HealthpostToStore/Page_HealthPost Store/select_--Select--Adernaline 0.'

2018-05-19 11:14:21 - [TEST_STEP][PASSED] - setText: Text '10' is set on object 'Object Repository/HealthpostToStore/Page_HealthPost Store/input_txttreat'

2018-05-19 11:14:21 - [MESSAGE][PASSED] - Text '10' is set on object 'Object Repository/HealthpostToStore/Page_HealthPost Store/input_txttreat'

2018-05-19 11:14:21 - [TEST_STEP][PASSED] - doubleClick: Object: 'Object Repository/HealthpostToStore/Page_HealthPost Store/button_Add' is double clicked on

2018-05-19 11:14:21 - [MESSAGE][PASSED] - Object: 'Object Repository/HealthpostToStore/Page_HealthPost Store/button_Add' is double clicked on

2018-05-19 11:14:21 - [TEST_STEP][PASSED] - scrollToElement: Scroll to object 'Object Repository/HealthpostToStore/Page_HealthPost Store/input_btnsave' successfully

2018-05-19 11:14:21 - [MESSAGE][PASSED] - Scroll to object 'Object Repository/HealthpostToStore/Page_HealthPost Store/input_btnsave' successfully

2018-05-19 11:14:21 - [TEST_STEP][PASSED] - click: Object: 'Object Repository/HealthpostToStore/Page_HealthPost Store/input_btnsave' is clicked on

2018-05-19 11:14:21 - [MESSAGE][PASSED] - Object: 'Object Repository/HealthpostToStore/Page_HealthPost Store/input_btnsave' is clicked on

2018-05-19 11:14:21 - [TEST_STEP][PASSED] - delay: Delayed 3 second(s)

2018-05-19 11:14:24 - [MESSAGE][PASSED] - Delayed 3 second(s)

2018-05-19 11:14:24 - [TEST_STEP][PASSED] - Statement - RN1 = com.kms.katalon.core.webui.keyword.WebUiBuiltInKeywords.getText(com.kms.katalon.core.testobject.ObjectRepository.findTestObject(HealthpostToStore/Page_HealthPost Store/font_HPRNO180520187)): Text of object 'Object Repository/HealthpostToStore/Page_HealthPost Store/font_HPRNO180520187' is: 'HPRNO/19052018/28'

2018-05-19 11:14:24 - [MESSAGE][PASSED] - Text of object 'Object Repository/HealthpostToStore/Page_HealthPost Store/font_HPRNO180520187' is: 'HPRNO/19052018/28'

2018-05-19 11:14:24 - [TEST_STEP][PASSED] - Statement - out.println(RN1): null

2018-05-19 11:14:24 - [TEST_STEP][PASSED] - Statement - RID = RN1.split("/")[2]: null

2018-05-19 11:14:24 - [TEST_STEP][PASSED] - click: Object: 'Object Repository/HealthpostToStore/Page_HealthPost Store/button_OK' is clicked on

2018-05-19 11:14:25 - [MESSAGE][PASSED] - Object: 'Object Repository/HealthpostToStore/Page_HealthPost Store/button_OK' is clicked on

2018-05-19 11:14:25 - [TEST_STEP][PASSED] - delay: Delayed 3 second(s)

2018-05-19 11:14:28 - [MESSAGE][PASSED] - Delayed 3 second(s)

2018-05-19 11:14:28 - [TEST_STEP][PASSED] - click: Object: 'Object Repository/HealthpostToStore/Page_HealthPost Store/a_dropdown-toggle' is clicked on

2018-05-19 11:14:28 - [MESSAGE][PASSED] - Object: 'Object Repository/HealthpostToStore/Page_HealthPost Store/a_dropdown-toggle' is clicked on

2018-05-19 11:14:28 - [TEST_STEP][PASSED] - click: Object: 'Object Repository/HealthpostToStore/Page_HealthPost Store/a_Sign out' is clicked on

2018-05-19 11:14:29 - [MESSAGE][PASSED] - Object: 'Object Repository/HealthpostToStore/Page_HealthPost Store/a_Sign out' is clicked on

2018-05-19 11:14:29 - [TEST_STEP][PASSED] - delay: Delayed 3 second(s)

2018-05-19 11:14:32 - [MESSAGE][PASSED] - Delayed 3 second(s)

2018-05-19 11:14:32 - [TEST_STEP][PASSED] - navigateToUrl: Navigate to 'http://192.168.137.1/multihospital_new/' successfully

2018-05-19 11:14:32 - [MESSAGE][PASSED] - Navigate to 'http://192.168.137.1/multihospital_new/' successfully

2018-05-19 11:14:32 - [TEST_STEP][PASSED] - click: Object: 'Object Repository/HealthpostToStore/Page_KDMC/a_CMO' is clicked on

2018-05-19 11:14:33 - [MESSAGE][PASSED] - Object: 'Object Repository/HealthpostToStore/Page_KDMC/a_CMO' is clicked on

2018-05-19 11:14:33 - [TEST_STEP][PASSED] - setText: Text 'guru' is set on object 'Object Repository/HealthpostToStore/Page_CMO login/input_txtusername'

2018-05-19 11:14:33 - [MESSAGE][PASSED] - Text 'guru' is set on object 'Object Repository/HealthpostToStore/Page_CMO login/input_txtusername'

2018-05-19 11:14:33 - [TEST_STEP][PASSED] - setText: Text '123' is set on object 'Object Repository/HealthpostToStore/Page_CMO login/input_txtpassword'

2018-05-19 11:14:33 - [MESSAGE][PASSED] - Text '123' is set on object 'Object Repository/HealthpostToStore/Page_CMO login/input_txtpassword'

2018-05-19 11:14:33 - [TEST_STEP][PASSED] - delay: Delayed 3 second(s)

2018-05-19 11:14:36 - [MESSAGE][PASSED] - Delayed 3 second(s)

2018-05-19 11:14:36 - [TEST_STEP][PASSED] - click: Object: 'Object Repository/HealthpostToStore/Page_CMO login/button_Sign in' is clicked on

2018-05-19 11:14:37 - [MESSAGE][PASSED] - Object: 'Object Repository/HealthpostToStore/Page_CMO login/button_Sign in' is clicked on

2018-05-19 11:14:37 - [TEST_STEP][PASSED] - click: Object: 'Object Repository/HealthpostToStore/Page_KDMC - CMO/a_Department Wise Request' is clicked on

2018-05-19 11:14:39 - [MESSAGE][PASSED] - Object: 'Object Repository/HealthpostToStore/Page_KDMC - CMO/a_Department Wise Request' is clicked on

2018-05-19 11:14:39 - [TEST_STEP][PASSED] - delay: Delayed 2 second(s)

2018-05-19 11:14:41 - [MESSAGE][PASSED] - Delayed 2 second(s)

2018-05-19 11:14:41 - [TEST_STEP][PASSED] - selectOptionByIndex: All options with index in [5] are selected on object 'Object Repository/HealthpostToStore/Page_KDMC - CMO/select_--ALL--'

2018-05-19 11:14:41 - [MESSAGE][PASSED] - All options with index in [5] are selected on object 'Object Repository/HealthpostToStore/Page_KDMC - CMO/select_--ALL--'

2018-05-19 11:14:41 - [TEST_STEP][PASSED] - click: Object: 'Object Repository/HealthpostToStore/Page_KDMC - CMO/input_btnsearch' is clicked on

2018-05-19 11:14:41 - [MESSAGE][PASSED] - Object: 'Object Repository/HealthpostToStore/Page_KDMC - CMO/input_btnsearch' is clicked on

2018-05-19 11:14:41 - [TEST_STEP][PASSED] - selectOptionByIndex: All options with index in [1] are selected on object 'Object Repository/HealthpostToStore/Page_KDMC - CMO/select_--ALL--                _1'

2018-05-19 11:14:41 - [MESSAGE][PASSED] - All options with index in [1] are selected on object 'Object Repository/HealthpostToStore/Page_KDMC - CMO/select_--ALL--                _1'

2018-05-19 11:14:41 - [TEST_STEP][PASSED] - click: Object: 'Object Repository/HealthpostToStore/Page_KDMC - CMO/input_btnsearch' is clicked on

2018-05-19 11:14:41 - [MESSAGE][PASSED] - Object: 'Object Repository/HealthpostToStore/Page_KDMC - CMO/input_btnsearch' is clicked on

2018-05-19 11:14:41 - [TEST_STEP][PASSED] - Statement - ID = com.kms.katalon.core.webui.keyword.WebUiBuiltInKeywords.modifyObjectProperty(com.kms.katalon.core.testobject.ObjectRepository.findTestObject(lab/Page_KDMC - CMO/input_1), "xpath", "equals", "//*[@id=" + RID + "]", true): Modify property of object successfully

2018-05-19 11:14:41 - [MESSAGE][PASSED] - Modify property of object successfully

2018-05-19 11:14:41 - [TEST_STEP][PASSED] - click: Object: 'Object Repository/lab/Page_KDMC - CMO/input_1' is clicked on

2018-05-19 11:14:42 - [MESSAGE][PASSED] - Object: 'Object Repository/lab/Page_KDMC - CMO/input_1' is clicked on

2018-05-19 11:14:42 - [TEST_STEP][PASSED] - delay: Delayed 2 second(s)

2018-05-19 11:14:44 - [MESSAGE][PASSED] - Delayed 2 second(s)

2018-05-19 11:14:44 - [TEST_STEP][PASSED] - selectOptionByIndex: All options with index in [1] are selected on object 'Object Repository/HealthpostToStore/Page_KDMC - CMO/select_--Select--'

2018-05-19 11:14:44 - [MESSAGE][PASSED] - All options with index in [1] are selected on object 'Object Repository/HealthpostToStore/Page_KDMC - CMO/select_--Select--'

2018-05-19 11:14:44 - [TEST_STEP][PASSED] - click: Object: 'Object Repository/HealthpostToStore/Page_KDMC - CMO/input_btnupdate' is clicked on

2018-05-19 11:14:44 - [MESSAGE][PASSED] - Object: 'Object Repository/HealthpostToStore/Page_KDMC - CMO/input_btnupdate' is clicked on

2018-05-19 11:14:44 - [TEST_STEP][PASSED] - delay: Delayed 2 second(s)

2018-05-19 11:14:46 - [MESSAGE][PASSED] - Delayed 2 second(s)

2018-05-19 11:14:46 - [TEST_STEP][PASSED] - click: Object: 'Object Repository/HealthpostToStore/Page_KDMC - CMO/button_OK' is clicked on

2018-05-19 11:14:47 - [MESSAGE][PASSED] - Object: 'Object Repository/HealthpostToStore/Page_KDMC - CMO/button_OK' is clicked on

2018-05-19 11:14:47 - [TEST_STEP][PASSED] - delay: Delayed 2 second(s)

2018-05-19 11:14:49 - [MESSAGE][PASSED] - Delayed 2 second(s)

2018-05-19 11:14:49 - [TEST_STEP][PASSED] - click: Object: 'Object Repository/HealthpostToStore/Page_KDMC - CMO/a_dropdown-toggle' is clicked on

2018-05-19 11:14:49 - [MESSAGE][PASSED] - Object: 'Object Repository/HealthpostToStore/Page_KDMC - CMO/a_dropdown-toggle' is clicked on

2018-05-19 11:14:49 - [TEST_STEP][PASSED] - click: Object: 'Object Repository/HealthpostToStore/Page_KDMC - CMO/a_Sign out' is clicked on

2018-05-19 11:14:49 - [MESSAGE][PASSED] - Object: 'Object Repository/HealthpostToStore/Page_KDMC - CMO/a_Sign out' is clicked on

2018-05-19 11:14:49 - [TEST_STEP][PASSED] - delay: Delayed 3 second(s)

2018-05-19 11:14:52 - [MESSAGE][PASSED] - Delayed 3 second(s)

2018-05-19 11:14:52 - [TEST_STEP][PASSED] - click: Object: 'Object Repository/HealthpostToStore/Page_KDMC/a_Divisional Store' is clicked on

2018-05-19 11:14:53 - [MESSAGE][PASSED] - Object: 'Object Repository/HealthpostToStore/Page_KDMC/a_Divisional Store' is clicked on

2018-05-19 11:14:53 - [TEST_STEP][PASSED] - setText: Text 'ragu' is set on object 'Object Repository/HealthpostToStore/Page_Divisonal Store Login/input_txtusername'

2018-05-19 11:14:53 - [MESSAGE][PASSED] - Text 'ragu' is set on object 'Object Repository/HealthpostToStore/Page_Divisonal Store Login/input_txtusername'

2018-05-19 11:14:53 - [TEST_STEP][PASSED] - setText: Text '123' is set on object 'Object Repository/HealthpostToStore/Page_Divisonal Store Login/input_txtpassword'

2018-05-19 11:14:53 - [MESSAGE][PASSED] - Text '123' is set on object 'Object Repository/HealthpostToStore/Page_Divisonal Store Login/input_txtpassword'

2018-05-19 11:14:53 - [TEST_STEP][PASSED] - delay: Delayed 3 second(s)

2018-05-19 11:14:56 - [MESSAGE][PASSED] - Delayed 3 second(s)

2018-05-19 11:14:56 - [TEST_STEP][PASSED] - click: Object: 'Object Repository/HealthpostToStore/Page_Divisonal Store Login/button_Sign in' is clicked on

2018-05-19 11:14:57 - [MESSAGE][PASSED] - Object: 'Object Repository/HealthpostToStore/Page_Divisonal Store Login/button_Sign in' is clicked on

2018-05-19 11:14:57 - [TEST_STEP][PASSED] - delay: Delayed 3 second(s)

2018-05-19 11:15:00 - [MESSAGE][PASSED] - Delayed 3 second(s)

2018-05-19 11:15:00 - [TEST_STEP][PASSED] - click: Object: 'Object Repository/HealthpostToStore/Page_Store/a_Health Post Request' is clicked on

2018-05-19 11:15:00 - [MESSAGE][PASSED] - Object: 'Object Repository/HealthpostToStore/Page_Store/a_Health Post Request' is clicked on

2018-05-19 11:15:00 - [TEST_STEP][PASSED] - click: Object: 'Object Repository/HealthpostToStore/Page_Store/a_Request Item HealthPost' is clicked on

2018-05-19 11:15:01 - [MESSAGE][PASSED] - Object: 'Object Repository/HealthpostToStore/Page_Store/a_Request Item HealthPost' is clicked on

2018-05-19 11:15:01 - [TEST_STEP][PASSED] - Statement - ChooseRequest = com.kms.katalon.core.webui.keyword.WebUiBuiltInKeywords.modifyObjectProperty(com.kms.katalon.core.testobject.ObjectRepository.findTestObject(lab/Page_Store/input_1), "xpath", "equals", "//*[@id=" + RID + "]", true): Modify property of object successfully

2018-05-19 11:15:01 - [MESSAGE][PASSED] - Modify property of object successfully

2018-05-19 11:15:01 - [TEST_STEP][PASSED] - click: Object: 'Object Repository/lab/Page_Store/input_1' is clicked on

2018-05-19 11:15:02 - [MESSAGE][PASSED] - Object: 'Object Repository/lab/Page_Store/input_1' is clicked on

2018-05-19 11:15:02 - [TEST_STEP][PASSED] - Statement - selectedoptions = com.kms.katalon.core.webui.keyword.WebUiBuiltInKeywords.getNumberOfTotalOption(com.kms.katalon.core.testobject.ObjectRepository.findTestObject(HealthpostToStore/Page_Store/select_--Select--Adernaline 0.)): 5 options of object 'Object Repository/HealthpostToStore/Page_Store/select_--Select--Adernaline 0.' counted

2018-05-19 11:15:02 - [MESSAGE][PASSED] - 5 options of object 'Object Repository/HealthpostToStore/Page_Store/select_--Select--Adernaline 0.' counted

2018-05-19 11:15:02 - [TEST_STEP][PASSED] - Statement - For ([a = 1, a <= selectedoptions - 1, (a++)]): null

2018-05-19 11:15:02 - [TEST_STEP][PASSED] - selectOptionByIndex: All options with index in [1] are selected on object 'Object Repository/HealthpostToStore/Page_Store/select_--Select--Adernaline 0.'

2018-05-19 11:15:02 - [MESSAGE][PASSED] - All options with index in [1] are selected on object 'Object Repository/HealthpostToStore/Page_Store/select_--Select--Adernaline 0.'

2018-05-19 11:15:02 - [TEST_STEP][PASSED] - delay: Delayed 2 second(s)

2018-05-19 11:15:04 - [MESSAGE][PASSED] - Delayed 2 second(s)

2018-05-19 11:15:04 - [TEST_STEP][PASSED] - Statement - RequestedQty = com.kms.katalon.core.webui.keyword.WebUiBuiltInKeywords.getAttribute(com.kms.katalon.core.testobject.ObjectRepository.findTestObject(HealthpostToStore/Page_Store/input_txttotal), "value"): Attribute 'value' of object 'Object Repository/HealthpostToStore/Page_Store/input_txttotal' is: '10'

2018-05-19 11:15:04 - [MESSAGE][PASSED] - Attribute 'value' of object 'Object Repository/HealthpostToStore/Page_Store/input_txttotal' is: '10'

2018-05-19 11:15:04 - [TEST_STEP][PASSED] - Statement - out.println("Requested QTY : " + RequestedQty): null

2018-05-19 11:15:04 - [TEST_STEP][PASSED] - Statement - BatchNumber = com.kms.katalon.core.webui.keyword.WebUiBuiltInKeywords.getNumberOfTotalOption(com.kms.katalon.core.testobject.ObjectRepository.findTestObject(HealthpostToStore/Page_Store/select_--Select--BA1170BA2376B)): 3 options of object 'Object Repository/HealthpostToStore/Page_Store/select_--Select--BA1170BA2376B' counted

2018-05-19 11:15:04 - [MESSAGE][PASSED] - 3 options of object 'Object Repository/HealthpostToStore/Page_Store/select_--Select--BA1170BA2376B' counted

2018-05-19 11:15:04 - [TEST_STEP][PASSED] - Statement - For ([g = 1, g <= BatchNumber - 1, (g++)]): null

2018-05-19 11:15:04 - [TEST_STEP][PASSED] - selectOptionByIndex: All options with index in [1] are selected on object 'Object Repository/HealthpostToStore/Page_Store/select_--Select--BA1170BA2376B'

2018-05-19 11:15:04 - [MESSAGE][PASSED] - All options with index in [1] are selected on object 'Object Repository/HealthpostToStore/Page_Store/select_--Select--BA1170BA2376B'

2018-05-19 11:15:04 - [TEST_STEP][PASSED] - Statement - Try: null

2018-05-19 11:15:04 - [TEST_STEP][PASSED] - Statement - StockQty = com.kms.katalon.core.webui.keyword.WebUiBuiltInKeywords.getAttribute(com.kms.katalon.core.testobject.ObjectRepository.findTestObject(HealthpostToStore/Page_Store/input_txtprice), "value"): Attribute 'value' of object 'Object Repository/HealthpostToStore/Page_Store/input_txtprice' is: '70'

2018-05-19 11:15:04 - [MESSAGE][PASSED] - Attribute 'value' of object 'Object Repository/HealthpostToStore/Page_Store/input_txtprice' is: '70'

2018-05-19 11:15:04 - [TEST_STEP][PASSED] - Statement - out.println("Stock QTY : " + StockQty): null

2018-05-19 11:15:04 - [TEST_STEP][PASSED] - delay: Delayed 2 second(s)

2018-05-19 11:15:06 - [MESSAGE][PASSED] - Delayed 2 second(s)

2018-05-19 11:15:06 - [TEST_STEP][PASSED] - Statement - If (java.lang.String.valueOf(StockQty) >= java.lang.String.valueOf(RequestedQty)): null

2018-05-19 11:15:06 - [TEST_STEP][PASSED] - setText: Text '10' is set on object 'Object Repository/HealthpostToStore/Page_Store/input_txtqty'

2018-05-19 11:15:06 - [MESSAGE][PASSED] - Text '10' is set on object 'Object Repository/HealthpostToStore/Page_Store/input_txtqty'

2018-05-19 11:15:06 - [TEST_STEP][PASSED] - click: Object: 'Object Repository/HealthpostToStore/Page_Store/button_Add' is clicked on

2018-05-19 11:15:06 - [MESSAGE][PASSED] - Object: 'Object Repository/HealthpostToStore/Page_Store/button_Add' is clicked on

2018-05-19 11:15:06 - [TEST_STEP][PASSED] - Statement - Break: null

2018-05-19 11:15:06 - [TEST_STEP][PASSED] - selectOptionByIndex: All options with index in [2] are selected on object 'Object Repository/HealthpostToStore/Page_Store/select_--Select--Adernaline 0.'

2018-05-19 11:15:06 - [MESSAGE][PASSED] - All options with index in [2] are selected on object 'Object Repository/HealthpostToStore/Page_Store/select_--Select--Adernaline 0.'

2018-05-19 11:15:06 - [TEST_STEP][PASSED] - delay: Delayed 2 second(s)

2018-05-19 11:15:08 - [MESSAGE][PASSED] - Delayed 2 second(s)

2018-05-19 11:15:08 - [TEST_STEP][PASSED] - Statement - RequestedQty = com.kms.katalon.core.webui.keyword.WebUiBuiltInKeywords.getAttribute(com.kms.katalon.core.testobject.ObjectRepository.findTestObject(HealthpostToStore/Page_Store/input_txttotal), "value"): Attribute 'value' of object 'Object Repository/HealthpostToStore/Page_Store/input_txttotal' is: '10'

2018-05-19 11:15:08 - [MESSAGE][PASSED] - Attribute 'value' of object 'Object Repository/HealthpostToStore/Page_Store/input_txttotal' is: '10'

2018-05-19 11:15:08 - [TEST_STEP][PASSED] - Statement - out.println("Requested QTY : " + RequestedQty): null

2018-05-19 11:15:08 - [TEST_STEP][PASSED] - Statement - BatchNumber = com.kms.katalon.core.webui.keyword.WebUiBuiltInKeywords.getNumberOfTotalOption(com.kms.katalon.core.testobject.ObjectRepository.findTestObject(HealthpostToStore/Page_Store/select_--Select--BA1170BA2376B)): 3 options of object 'Object Repository/HealthpostToStore/Page_Store/select_--Select--BA1170BA2376B' counted

2018-05-19 11:15:08 - [MESSAGE][PASSED] - 3 options of object 'Object Repository/HealthpostToStore/Page_Store/select_--Select--BA1170BA2376B' counted

2018-05-19 11:15:08 - [TEST_STEP][PASSED] - Statement - For ([g = 1, g <= BatchNumber - 1, (g++)]): null

2018-05-19 11:15:08 - [TEST_STEP][PASSED] - selectOptionByIndex: All options with index in [1] are selected on object 'Object Repository/HealthpostToStore/Page_Store/select_--Select--BA1170BA2376B'

2018-05-19 11:15:09 - [MESSAGE][PASSED] - All options with index in [1] are selected on object 'Object Repository/HealthpostToStore/Page_Store/select_--Select--BA1170BA2376B'

2018-05-19 11:15:09 - [TEST_STEP][PASSED] - Statement - Try: null

2018-05-19 11:15:09 - [TEST_STEP][PASSED] - Statement - StockQty = com.kms.katalon.core.webui.keyword.WebUiBuiltInKeywords.getAttribute(com.kms.katalon.core.testobject.ObjectRepository.findTestObject(HealthpostToStore/Page_Store/input_txtprice), "value"): Attribute 'value' of object 'Object Repository/HealthpostToStore/Page_Store/input_txtprice' is: '70'

2018-05-19 11:15:09 - [MESSAGE][PASSED] - Attribute 'value' of object 'Object Repository/HealthpostToStore/Page_Store/input_txtprice' is: '70'

2018-05-19 11:15:09 - [TEST_STEP][PASSED] - Statement - out.println("Stock QTY : " + StockQty): null

2018-05-19 11:15:09 - [TEST_STEP][PASSED] - delay: Delayed 2 second(s)

2018-05-19 11:15:11 - [MESSAGE][PASSED] - Delayed 2 second(s)

2018-05-19 11:15:11 - [TEST_STEP][PASSED] - Statement - If (java.lang.String.valueOf(StockQty) >= java.lang.String.valueOf(RequestedQty)): null

2018-05-19 11:15:11 - [TEST_STEP][PASSED] - setText: Text '10' is set on object 'Object Repository/HealthpostToStore/Page_Store/input_txtqty'

2018-05-19 11:15:11 - [MESSAGE][PASSED] - Text '10' is set on object 'Object Repository/HealthpostToStore/Page_Store/input_txtqty'

2018-05-19 11:15:11 - [TEST_STEP][PASSED] - click: Object: 'Object Repository/HealthpostToStore/Page_Store/button_Add' is clicked on

2018-05-19 11:15:11 - [MESSAGE][PASSED] - Object: 'Object Repository/HealthpostToStore/Page_Store/button_Add' is clicked on

2018-05-19 11:15:11 - [TEST_STEP][PASSED] - Statement - Break: null

2018-05-19 11:15:11 - [TEST_STEP][PASSED] - selectOptionByIndex: All options with index in [3] are selected on object 'Object Repository/HealthpostToStore/Page_Store/select_--Select--Adernaline 0.'

2018-05-19 11:15:11 - [MESSAGE][PASSED] - All options with index in [3] are selected on object 'Object Repository/HealthpostToStore/Page_Store/select_--Select--Adernaline 0.'

2018-05-19 11:15:11 - [TEST_STEP][PASSED] - delay: Delayed 2 second(s)

2018-05-19 11:15:13 - [MESSAGE][PASSED] - Delayed 2 second(s)

2018-05-19 11:15:13 - [TEST_STEP][PASSED] - Statement - RequestedQty = com.kms.katalon.core.webui.keyword.WebUiBuiltInKeywords.getAttribute(com.kms.katalon.core.testobject.ObjectRepository.findTestObject(HealthpostToStore/Page_Store/input_txttotal), "value"): Attribute 'value' of object 'Object Repository/HealthpostToStore/Page_Store/input_txttotal' is: '10'

2018-05-19 11:15:13 - [MESSAGE][PASSED] - Attribute 'value' of object 'Object Repository/HealthpostToStore/Page_Store/input_txttotal' is: '10'

2018-05-19 11:15:13 - [TEST_STEP][PASSED] - Statement - out.println("Requested QTY : " + RequestedQty): null

2018-05-19 11:15:13 - [TEST_STEP][PASSED] - Statement - BatchNumber = com.kms.katalon.core.webui.keyword.WebUiBuiltInKeywords.getNumberOfTotalOption(com.kms.katalon.core.testobject.ObjectRepository.findTestObject(HealthpostToStore/Page_Store/select_--Select--BA1170BA2376B)): 2 options of object 'Object Repository/HealthpostToStore/Page_Store/select_--Select--BA1170BA2376B' counted

2018-05-19 11:15:13 - [MESSAGE][PASSED] - 2 options of object 'Object Repository/HealthpostToStore/Page_Store/select_--Select--BA1170BA2376B' counted

2018-05-19 11:15:13 - [TEST_STEP][PASSED] - Statement - For ([g = 1, g <= BatchNumber - 1, (g++)]): null

2018-05-19 11:15:13 - [TEST_STEP][PASSED] - selectOptionByIndex: All options with index in [1] are selected on object 'Object Repository/HealthpostToStore/Page_Store/select_--Select--BA1170BA2376B'

2018-05-19 11:15:13 - [MESSAGE][PASSED] - All options with index in [1] are selected on object 'Object Repository/HealthpostToStore/Page_Store/select_--Select--BA1170BA2376B'

2018-05-19 11:15:13 - [TEST_STEP][PASSED] - Statement - Try: null

2018-05-19 11:15:13 - [TEST_STEP][PASSED] - Statement - StockQty = com.kms.katalon.core.webui.keyword.WebUiBuiltInKeywords.getAttribute(com.kms.katalon.core.testobject.ObjectRepository.findTestObject(HealthpostToStore/Page_Store/input_txtprice), "value"): Attribute 'value' of object 'Object Repository/HealthpostToStore/Page_Store/input_txtprice' is: '110'

2018-05-19 11:15:13 - [MESSAGE][PASSED] - Attribute 'value' of object 'Object Repository/HealthpostToStore/Page_Store/input_txtprice' is: '110'

2018-05-19 11:15:13 - [TEST_STEP][PASSED] - Statement - out.println("Stock QTY : " + StockQty): null

2018-05-19 11:15:13 - [TEST_STEP][PASSED] - delay: Delayed 2 second(s)

2018-05-19 11:15:15 - [MESSAGE][PASSED] - Delayed 2 second(s)

2018-05-19 11:15:15 - [TEST_STEP][PASSED] - Statement - If (java.lang.String.valueOf(StockQty) >= java.lang.String.valueOf(RequestedQty)): null

2018-05-19 11:15:15 - [TEST_STEP][PASSED] - setText: Text '10' is set on object 'Object Repository/HealthpostToStore/Page_Store/input_txtqty'

2018-05-19 11:15:15 - [MESSAGE][PASSED] - Text '10' is set on object 'Object Repository/HealthpostToStore/Page_Store/input_txtqty'

2018-05-19 11:15:15 - [TEST_STEP][PASSED] - click: Object: 'Object Repository/HealthpostToStore/Page_Store/button_Add' is clicked on

2018-05-19 11:15:15 - [MESSAGE][PASSED] - Object: 'Object Repository/HealthpostToStore/Page_Store/button_Add' is clicked on

2018-05-19 11:15:15 - [TEST_STEP][PASSED] - Statement - Break: null

2018-05-19 11:15:15 - [TEST_STEP][PASSED] - selectOptionByIndex: All options with index in [4] are selected on object 'Object Repository/HealthpostToStore/Page_Store/select_--Select--Adernaline 0.'

2018-05-19 11:15:16 - [MESSAGE][PASSED] - All options with index in [4] are selected on object 'Object Repository/HealthpostToStore/Page_Store/select_--Select--Adernaline 0.'

2018-05-19 11:15:16 - [TEST_STEP][PASSED] - delay: Delayed 2 second(s)

2018-05-19 11:15:18 - [MESSAGE][PASSED] - Delayed 2 second(s)

2018-05-19 11:15:18 - [TEST_STEP][PASSED] - Statement - RequestedQty = com.kms.katalon.core.webui.keyword.WebUiBuiltInKeywords.getAttribute(com.kms.katalon.core.testobject.ObjectRepository.findTestObject(HealthpostToStore/Page_Store/input_txttotal), "value"): Attribute 'value' of object 'Object Repository/HealthpostToStore/Page_Store/input_txttotal' is: '10'

2018-05-19 11:15:18 - [MESSAGE][PASSED] - Attribute 'value' of object 'Object Repository/HealthpostToStore/Page_Store/input_txttotal' is: '10'

2018-05-19 11:15:18 - [TEST_STEP][PASSED] - Statement - out.println("Requested QTY : " + RequestedQty): null

2018-05-19 11:15:18 - [TEST_STEP][PASSED] - Statement - BatchNumber = com.kms.katalon.core.webui.keyword.WebUiBuiltInKeywords.getNumberOfTotalOption(com.kms.katalon.core.testobject.ObjectRepository.findTestObject(HealthpostToStore/Page_Store/select_--Select--BA1170BA2376B)): 3 options of object 'Object Repository/HealthpostToStore/Page_Store/select_--Select--BA1170BA2376B' counted

2018-05-19 11:15:18 - [MESSAGE][PASSED] - 3 options of object 'Object Repository/HealthpostToStore/Page_Store/select_--Select--BA1170BA2376B' counted

2018-05-19 11:15:18 - [TEST_STEP][PASSED] - Statement - For ([g = 1, g <= BatchNumber - 1, (g++)]): null

2018-05-19 11:15:18 - [TEST_STEP][PASSED] - selectOptionByIndex: All options with index in [1] are selected on object 'Object Repository/HealthpostToStore/Page_Store/select_--Select--BA1170BA2376B'

2018-05-19 11:15:18 - [MESSAGE][PASSED] - All options with index in [1] are selected on object 'Object Repository/HealthpostToStore/Page_Store/select_--Select--BA1170BA2376B'

2018-05-19 11:15:18 - [TEST_STEP][PASSED] - Statement - Try: null

2018-05-19 11:15:18 - [TEST_STEP][PASSED] - Statement - StockQty = com.kms.katalon.core.webui.keyword.WebUiBuiltInKeywords.getAttribute(com.kms.katalon.core.testobject.ObjectRepository.findTestObject(HealthpostToStore/Page_Store/input_txtprice), "value"): Attribute 'value' of object 'Object Repository/HealthpostToStore/Page_Store/input_txtprice' is: '70'

2018-05-19 11:15:18 - [MESSAGE][PASSED] - Attribute 'value' of object 'Object Repository/HealthpostToStore/Page_Store/input_txtprice' is: '70'

2018-05-19 11:15:18 - [TEST_STEP][PASSED] - Statement - out.println("Stock QTY : " + StockQty): null

2018-05-19 11:15:18 - [TEST_STEP][PASSED] - delay: Delayed 2 second(s)

2018-05-19 11:15:20 - [MESSAGE][PASSED] - Delayed 2 second(s)

2018-05-19 11:15:20 - [TEST_STEP][PASSED] - Statement - If (java.lang.String.valueOf(StockQty) >= java.lang.String.valueOf(RequestedQty)): null

2018-05-19 11:15:20 - [TEST_STEP][PASSED] - setText: Text '10' is set on object 'Object Repository/HealthpostToStore/Page_Store/input_txtqty'

2018-05-19 11:15:20 - [MESSAGE][PASSED] - Text '10' is set on object 'Object Repository/HealthpostToStore/Page_Store/input_txtqty'

2018-05-19 11:15:20 - [TEST_STEP][PASSED] - click: Object: 'Object Repository/HealthpostToStore/Page_Store/button_Add' is clicked on

2018-05-19 11:15:20 - [MESSAGE][PASSED] - Object: 'Object Repository/HealthpostToStore/Page_Store/button_Add' is clicked on

2018-05-19 11:15:20 - [TEST_STEP][PASSED] - Statement - Break: null

2018-05-19 11:15:20 - [TEST_STEP][PASSED] - scrollToElement: Scroll to object 'Object Repository/HealthpostToStore/Page_Store/input_btnSubmit' successfully

2018-05-19 11:15:20 - [MESSAGE][PASSED] - Scroll to object 'Object Repository/HealthpostToStore/Page_Store/input_btnSubmit' successfully

2018-05-19 11:15:20 - [TEST_STEP][PASSED] - click: Object: 'Object Repository/HealthpostToStore/Page_Store/input_btnSubmit' is clicked on

2018-05-19 11:15:20 - [MESSAGE][PASSED] - Object: 'Object Repository/HealthpostToStore/Page_Store/input_btnSubmit' is clicked on

2018-05-19 11:15:20 - [TEST_STEP][PASSED] - delay: Delayed 3 second(s)

2018-05-19 11:15:23 - [MESSAGE][PASSED] - Delayed 3 second(s)

2018-05-19 11:15:23 - [TEST_STEP][PASSED] - click: Object: 'Object Repository/HealthpostToStore/Page_Store/button_OK' is clicked on

2018-05-19 11:15:24 - [MESSAGE][PASSED] - Object: 'Object Repository/HealthpostToStore/Page_Store/button_OK' is clicked on

2018-05-19 11:15:24 - [TEST_STEP][PASSED] - delay: Delayed 3 second(s)

2018-05-19 11:15:27 - [MESSAGE][PASSED] - Delayed 3 second(s)

2018-05-19 11:15:27 - [TEST_STEP][PASSED] - click: Object: 'Object Repository/HealthpostToStore/Page_Store/a_dropdown-toggle' is clicked on

2018-05-19 11:15:27 - [MESSAGE][PASSED] - Object: 'Object Repository/HealthpostToStore/Page_Store/a_dropdown-toggle' is clicked on

2018-05-19 11:15:27 - [TEST_STEP][PASSED] - click: Object: 'Object Repository/HealthpostToStore/Page_Store/a_Sign out' is clicked on

2018-05-19 11:15:27 - [MESSAGE][PASSED] - Object: 'Object Repository/HealthpostToStore/Page_Store/a_Sign out' is clicked on

2018-05-19 11:15:27 - [TEST_STEP][PASSED] - closeBrowser: Browser is closed

2018-05-19 11:15:28 - [MESSAGE][PASSED] - Browser is closed]]></system-out>
         <system-err><![CDATA[]]></system-err>
      </testcase>
      <testcase name="Test Cases/HEALTHPOST TEST CASES/TC_HP_007 Verify Schedule 7 Healthpost Request Are Working Successfully Or Not" classname="Test Cases/HEALTHPOST TEST CASES/TC_HP_007 Verify Schedule 7 Healthpost Request Are Working Successfully Or Not" status="FAILED">
         <failure type="FAILED" message="Unable to get text of object 'Object Repository/HealthpostToStore/Page_HealthPost Store/font_HPRNO180520187' (Root cause: com.kms.katalon.core.webui.exception.WebElementNotFoundException: Web element with id: 'Object Repository/HealthpostToStore/Page_HealthPost Store/font_HPRNO180520187' located by 'By.xpath: /html[1]/body[@class=&quot;skin-blue  pace-done modal-open&quot;]/div[@class=&quot;bootbox modal fade bootbox-alert in&quot;]/div[@class=&quot;modal-dialog&quot;]/div[@class=&quot;modal-content&quot;]/div[@class=&quot;modal-body&quot;]/div[@class=&quot;bootbox-body&quot;]/b[1]/font[1]' not found)"/>
         <system-out><![CDATA[2018-05-19 11:15:28 - [TEST_CASE][FAILED] - Test Cases/HEALTHPOST TEST CASES/TC_HP_007 Verify Schedule 7 Healthpost Request Are Working Successfully Or Not: Test Cases/HEALTHPOST TEST CASES/TC_HP_007 Verify Schedule 7 Healthpost Request Are Working Successfully Or Not FAILED because (of) Unable to get text of object 'Object Repository/HealthpostToStore/Page_HealthPost Store/font_HPRNO180520187' (Root cause: com.kms.katalon.core.webui.exception.WebElementNotFoundException: Web element with id: 'Object Repository/HealthpostToStore/Page_HealthPost Store/font_HPRNO180520187' located by 'By.xpath: /html[1]/body[@class="skin-blue  pace-done modal-open"]/div[@class="bootbox modal fade bootbox-alert in"]/div[@class="modal-dialog"]/div[@class="modal-content"]/div[@class="modal-body"]/div[@class="bootbox-body"]/b[1]/font[1]' not found)

2018-05-19 11:15:28 - [TEST_STEP][PASSED] - openBrowser: Browser is opened with url: ''

2018-05-19 11:15:30 - [MESSAGE][PASSED] - Browser is opened with url: ''

2018-05-19 11:15:30 - [TEST_STEP][PASSED] - navigateToUrl: Navigate to 'http://192.168.137.1/multihospital_new/HDSplashscreen.aspx' successfully

2018-05-19 11:15:32 - [MESSAGE][PASSED] - Navigate to 'http://192.168.137.1/multihospital_new/HDSplashscreen.aspx' successfully

2018-05-19 11:15:32 - [TEST_STEP][PASSED] - maximizeWindow: Current window maximized

2018-05-19 11:15:33 - [MESSAGE][PASSED] - Current window maximized

2018-05-19 11:15:33 - [TEST_STEP][PASSED] - click: Object: 'Object Repository/HealthpostToStore/Page_KDMC/a_Healthpost Store' is clicked on

2018-05-19 11:15:33 - [MESSAGE][PASSED] - Object: 'Object Repository/HealthpostToStore/Page_KDMC/a_Healthpost Store' is clicked on

2018-05-19 11:15:33 - [TEST_STEP][PASSED] - setText: Text 'raguram' is set on object 'Object Repository/HealthpostToStore/Page_HealthPost Store Login/input_txtusername'

2018-05-19 11:15:34 - [MESSAGE][PASSED] - Text 'raguram' is set on object 'Object Repository/HealthpostToStore/Page_HealthPost Store Login/input_txtusername'

2018-05-19 11:15:34 - [TEST_STEP][PASSED] - setText: Text '123' is set on object 'Object Repository/HealthpostToStore/Page_HealthPost Store Login/input_txtpassword'

2018-05-19 11:15:34 - [MESSAGE][PASSED] - Text '123' is set on object 'Object Repository/HealthpostToStore/Page_HealthPost Store Login/input_txtpassword'

2018-05-19 11:15:34 - [TEST_STEP][PASSED] - delay: Delayed 3 second(s)

2018-05-19 11:15:37 - [MESSAGE][PASSED] - Delayed 3 second(s)

2018-05-19 11:15:37 - [TEST_STEP][PASSED] - sendKeys: Keys 'ENTER + ' sent to object: 'Object Repository/HealthpostToStore/Page_HealthPost Store Login/input_txtpassword'

2018-05-19 11:15:37 - [MESSAGE][PASSED] - Keys 'ENTER + ' sent to object: 'Object Repository/HealthpostToStore/Page_HealthPost Store Login/input_txtpassword'

2018-05-19 11:15:37 - [TEST_STEP][PASSED] - delay: Delayed 3 second(s)

2018-05-19 11:15:40 - [MESSAGE][PASSED] - Delayed 3 second(s)

2018-05-19 11:15:40 - [TEST_STEP][PASSED] - doubleClick: Object: 'Object Repository/HealthpostToStore/Page_HealthPost Store/a_Request to Store' is double clicked on

2018-05-19 11:15:50 - [MESSAGE][PASSED] - Object: 'Object Repository/HealthpostToStore/Page_HealthPost Store/a_Request to Store' is double clicked on

2018-05-19 11:15:50 - [TEST_STEP][PASSED] - doubleClick: Object: 'Object Repository/HealthpostToStore/Page_HealthPost Store/a_Medicine Request' is double clicked on

2018-05-19 11:16:01 - [MESSAGE][PASSED] - Object: 'Object Repository/HealthpostToStore/Page_HealthPost Store/a_Medicine Request' is double clicked on

2018-05-19 11:16:01 - [TEST_STEP][PASSED] - selectOptionByIndex: All options with index in [7] are selected on object 'Object Repository/HealthpostToStore/Page_HealthPost Store/select_--Select--Schedule 1Inj'

2018-05-19 11:16:01 - [MESSAGE][PASSED] - All options with index in [7] are selected on object 'Object Repository/HealthpostToStore/Page_HealthPost Store/select_--Select--Schedule 1Inj'

2018-05-19 11:16:01 - [TEST_STEP][PASSED] - Statement - medicineslength = com.kms.katalon.core.webui.keyword.WebUiBuiltInKeywords.getNumberOfTotalOption(com.kms.katalon.core.testobject.ObjectRepository.findTestObject(HealthpostToStore/Page_HealthPost Store/select_--Select--Adernaline 0.)): 24 options of object 'Object Repository/HealthpostToStore/Page_HealthPost Store/select_--Select--Adernaline 0.' counted

2018-05-19 11:16:01 - [MESSAGE][PASSED] - 24 options of object 'Object Repository/HealthpostToStore/Page_HealthPost Store/select_--Select--Adernaline 0.' counted

2018-05-19 11:16:01 - [TEST_STEP][PASSED] - Statement - For ([e = 1, e <= 5 - 1, (e++)]): Object: 'Object Repository/HealthpostToStore/Page_HealthPost Store/button_Add' is double clicked on

2018-05-19 11:16:01 - [TEST_STEP][PASSED] - selectOptionByIndex: All options with index in [7] are selected on object 'Object Repository/HealthpostToStore/Page_HealthPost Store/select_--Select--Schedule 1Inj'

2018-05-19 11:16:02 - [MESSAGE][PASSED] - All options with index in [7] are selected on object 'Object Repository/HealthpostToStore/Page_HealthPost Store/select_--Select--Schedule 1Inj'

2018-05-19 11:16:02 - [TEST_STEP][PASSED] - selectOptionByIndex: All options with index in [1] are selected on object 'Object Repository/HealthpostToStore/Page_HealthPost Store/select_--Select--Adernaline 0.'

2018-05-19 11:16:02 - [MESSAGE][PASSED] - All options with index in [1] are selected on object 'Object Repository/HealthpostToStore/Page_HealthPost Store/select_--Select--Adernaline 0.'

2018-05-19 11:16:02 - [TEST_STEP][PASSED] - setText: Text '10' is set on object 'Object Repository/HealthpostToStore/Page_HealthPost Store/input_txttreat'

2018-05-19 11:16:02 - [MESSAGE][PASSED] - Text '10' is set on object 'Object Repository/HealthpostToStore/Page_HealthPost Store/input_txttreat'

2018-05-19 11:16:02 - [TEST_STEP][PASSED] - doubleClick: Object: 'Object Repository/HealthpostToStore/Page_HealthPost Store/button_Add' is double clicked on

2018-05-19 11:16:12 - [MESSAGE][PASSED] - Object: 'Object Repository/HealthpostToStore/Page_HealthPost Store/button_Add' is double clicked on

2018-05-19 11:16:12 - [TEST_STEP][PASSED] - selectOptionByIndex: All options with index in [7] are selected on object 'Object Repository/HealthpostToStore/Page_HealthPost Store/select_--Select--Schedule 1Inj'

2018-05-19 11:16:12 - [MESSAGE][PASSED] - All options with index in [7] are selected on object 'Object Repository/HealthpostToStore/Page_HealthPost Store/select_--Select--Schedule 1Inj'

2018-05-19 11:16:12 - [TEST_STEP][PASSED] - selectOptionByIndex: All options with index in [2] are selected on object 'Object Repository/HealthpostToStore/Page_HealthPost Store/select_--Select--Adernaline 0.'

2018-05-19 11:16:12 - [MESSAGE][PASSED] - All options with index in [2] are selected on object 'Object Repository/HealthpostToStore/Page_HealthPost Store/select_--Select--Adernaline 0.'

2018-05-19 11:16:12 - [TEST_STEP][PASSED] - setText: Text '10' is set on object 'Object Repository/HealthpostToStore/Page_HealthPost Store/input_txttreat'

2018-05-19 11:16:12 - [MESSAGE][PASSED] - Text '10' is set on object 'Object Repository/HealthpostToStore/Page_HealthPost Store/input_txttreat'

2018-05-19 11:16:12 - [TEST_STEP][PASSED] - doubleClick: Object: 'Object Repository/HealthpostToStore/Page_HealthPost Store/button_Add' is double clicked on

2018-05-19 11:16:23 - [MESSAGE][PASSED] - Object: 'Object Repository/HealthpostToStore/Page_HealthPost Store/button_Add' is double clicked on

2018-05-19 11:16:23 - [TEST_STEP][PASSED] - selectOptionByIndex: All options with index in [7] are selected on object 'Object Repository/HealthpostToStore/Page_HealthPost Store/select_--Select--Schedule 1Inj'

2018-05-19 11:16:23 - [MESSAGE][PASSED] - All options with index in [7] are selected on object 'Object Repository/HealthpostToStore/Page_HealthPost Store/select_--Select--Schedule 1Inj'

2018-05-19 11:16:23 - [TEST_STEP][PASSED] - selectOptionByIndex: All options with index in [3] are selected on object 'Object Repository/HealthpostToStore/Page_HealthPost Store/select_--Select--Adernaline 0.'

2018-05-19 11:16:23 - [MESSAGE][PASSED] - All options with index in [3] are selected on object 'Object Repository/HealthpostToStore/Page_HealthPost Store/select_--Select--Adernaline 0.'

2018-05-19 11:16:23 - [TEST_STEP][PASSED] - setText: Text '10' is set on object 'Object Repository/HealthpostToStore/Page_HealthPost Store/input_txttreat'

2018-05-19 11:16:23 - [MESSAGE][PASSED] - Text '10' is set on object 'Object Repository/HealthpostToStore/Page_HealthPost Store/input_txttreat'

2018-05-19 11:16:23 - [TEST_STEP][PASSED] - doubleClick: Object: 'Object Repository/HealthpostToStore/Page_HealthPost Store/button_Add' is double clicked on

2018-05-19 11:16:33 - [MESSAGE][PASSED] - Object: 'Object Repository/HealthpostToStore/Page_HealthPost Store/button_Add' is double clicked on

2018-05-19 11:16:33 - [TEST_STEP][PASSED] - selectOptionByIndex: All options with index in [7] are selected on object 'Object Repository/HealthpostToStore/Page_HealthPost Store/select_--Select--Schedule 1Inj'

2018-05-19 11:16:33 - [MESSAGE][PASSED] - All options with index in [7] are selected on object 'Object Repository/HealthpostToStore/Page_HealthPost Store/select_--Select--Schedule 1Inj'

2018-05-19 11:16:33 - [TEST_STEP][PASSED] - selectOptionByIndex: All options with index in [4] are selected on object 'Object Repository/HealthpostToStore/Page_HealthPost Store/select_--Select--Adernaline 0.'

2018-05-19 11:16:34 - [MESSAGE][PASSED] - All options with index in [4] are selected on object 'Object Repository/HealthpostToStore/Page_HealthPost Store/select_--Select--Adernaline 0.'

2018-05-19 11:16:34 - [TEST_STEP][PASSED] - setText: Text '10' is set on object 'Object Repository/HealthpostToStore/Page_HealthPost Store/input_txttreat'

2018-05-19 11:16:34 - [MESSAGE][PASSED] - Text '10' is set on object 'Object Repository/HealthpostToStore/Page_HealthPost Store/input_txttreat'

2018-05-19 11:16:34 - [TEST_STEP][PASSED] - doubleClick: Object: 'Object Repository/HealthpostToStore/Page_HealthPost Store/button_Add' is double clicked on

2018-05-19 11:16:44 - [MESSAGE][PASSED] - Object: 'Object Repository/HealthpostToStore/Page_HealthPost Store/button_Add' is double clicked on

2018-05-19 11:16:44 - [TEST_STEP][PASSED] - scrollToElement: Scroll to object 'Object Repository/HealthpostToStore/Page_HealthPost Store/input_btnsave' successfully

2018-05-19 11:16:44 - [MESSAGE][PASSED] - Scroll to object 'Object Repository/HealthpostToStore/Page_HealthPost Store/input_btnsave' successfully

2018-05-19 11:16:44 - [TEST_STEP][PASSED] - click: Object: 'Object Repository/HealthpostToStore/Page_HealthPost Store/input_btnsave' is clicked on

2018-05-19 11:16:49 - [MESSAGE][PASSED] - Object: 'Object Repository/HealthpostToStore/Page_HealthPost Store/input_btnsave' is clicked on

2018-05-19 11:16:49 - [TEST_STEP][PASSED] - delay: Delayed 3 second(s)

2018-05-19 11:16:52 - [MESSAGE][PASSED] - Delayed 3 second(s)

2018-05-19 11:16:52 - [TEST_STEP][FAILED] - Statement - RN1 = com.kms.katalon.core.webui.keyword.WebUiBuiltInKeywords.getText(com.kms.katalon.core.testobject.ObjectRepository.findTestObject(HealthpostToStore/Page_HealthPost Store/font_HPRNO180520187)): Unable to get text of object 'Object Repository/HealthpostToStore/Page_HealthPost Store/font_HPRNO180520187' (Root cause: com.kms.katalon.core.webui.exception.WebElementNotFoundException: Web element with id: 'Object Repository/HealthpostToStore/Page_HealthPost Store/font_HPRNO180520187' located by 'By.xpath: /html[1]/body[@class="skin-blue  pace-done modal-open"]/div[@class="bootbox modal fade bootbox-alert in"]/div[@class="modal-dialog"]/div[@class="modal-content"]/div[@class="modal-body"]/div[@class="bootbox-body"]/b[1]/font[1]' not found)

2018-05-19 11:17:23 - [MESSAGE][FAILED] - Unable to get text of object 'Object Repository/HealthpostToStore/Page_HealthPost Store/font_HPRNO180520187' (Root cause: com.kms.katalon.core.webui.exception.WebElementNotFoundException: Web element with id: 'Object Repository/HealthpostToStore/Page_HealthPost Store/font_HPRNO180520187' located by 'By.xpath: /html[1]/body[@class="skin-blue  pace-done modal-open"]/div[@class="bootbox modal fade bootbox-alert in"]/div[@class="modal-dialog"]/div[@class="modal-content"]/div[@class="modal-body"]/div[@class="bootbox-body"]/b[1]/font[1]' not found)
[[ATTACHMENT|C:\\Users\\Quality Analyst\\Katalon Studio\\ds\\Reports\\HealthPost_Store_Suite\\20180519_110932\\1526708843477.png]]]]></system-out>
         <system-err><![CDATA[2018-05-19 11:15:28 - [TEST_CASE][FAILED] - Test Cases/HEALTHPOST TEST CASES/TC_HP_007 Verify Schedule 7 Healthpost Request Are Working Successfully Or Not: Test Cases/HEALTHPOST TEST CASES/TC_HP_007 Verify Schedule 7 Healthpost Request Are Working Successfully Or Not FAILED because (of) Unable to get text of object 'Object Repository/HealthpostToStore/Page_HealthPost Store/font_HPRNO180520187' (Root cause: com.kms.katalon.core.webui.exception.WebElementNotFoundException: Web element with id: 'Object Repository/HealthpostToStore/Page_HealthPost Store/font_HPRNO180520187' located by 'By.xpath: /html[1]/body[@class="skin-blue  pace-done modal-open"]/div[@class="bootbox modal fade bootbox-alert in"]/div[@class="modal-dialog"]/div[@class="modal-content"]/div[@class="modal-body"]/div[@class="bootbox-body"]/b[1]/font[1]' not found)]]></system-err>
      </testcase>
      <testcase name="Test Cases/HEALTHPOST TEST CASES/TC_HP_008 Verify Schedule 8 Healthpost Request Are Working Successfully Or Not" classname="Test Cases/HEALTHPOST TEST CASES/TC_HP_008 Verify Schedule 8 Healthpost Request Are Working Successfully Or Not" status="FAILED">
         <failure type="FAILED" message="Unable to select option by index '8' of object 'Object Repository/HealthpostToStore/Page_HealthPost Store/select_--Select--Schedule 1Inj' (Root cause: com.kms.katalon.core.webui.exception.WebElementNotFoundException: Web element with id: 'Object Repository/HealthpostToStore/Page_HealthPost Store/select_--Select--Schedule 1Inj' located by 'By.xpath: id(&quot;optcategory&quot;)[count(. | //select[@id = 'optcategory']) = count(//select[@id = 'optcategory'])]' not found)"/>
         <system-out><![CDATA[2018-05-19 11:17:23 - [TEST_CASE][FAILED] - Test Cases/HEALTHPOST TEST CASES/TC_HP_008 Verify Schedule 8 Healthpost Request Are Working Successfully Or Not: Test Cases/HEALTHPOST TEST CASES/TC_HP_008 Verify Schedule 8 Healthpost Request Are Working Successfully Or Not FAILED because (of) Unable to select option by index '8' of object 'Object Repository/HealthpostToStore/Page_HealthPost Store/select_--Select--Schedule 1Inj' (Root cause: com.kms.katalon.core.webui.exception.WebElementNotFoundException: Web element with id: 'Object Repository/HealthpostToStore/Page_HealthPost Store/select_--Select--Schedule 1Inj' located by 'By.xpath: id("optcategory")[count(. | //select[@id = 'optcategory']) = count(//select[@id = 'optcategory'])]' not found)

2018-05-19 11:17:24 - [TEST_STEP][PASSED] - openBrowser: Browser is opened with url: ''

2018-05-19 11:17:24 - [MESSAGE][WARNING] - A browser is already opened. Closing browser and opening a new one

2018-05-19 11:17:26 - [MESSAGE][PASSED] - Browser is opened with url: ''

2018-05-19 11:17:26 - [TEST_STEP][PASSED] - navigateToUrl: Navigate to 'http://192.168.137.1/multihospital_new/HDSplashscreen.aspx' successfully

2018-05-19 11:17:28 - [MESSAGE][PASSED] - Navigate to 'http://192.168.137.1/multihospital_new/HDSplashscreen.aspx' successfully

2018-05-19 11:17:28 - [TEST_STEP][PASSED] - maximizeWindow: Current window maximized

2018-05-19 11:17:29 - [MESSAGE][PASSED] - Current window maximized

2018-05-19 11:17:29 - [TEST_STEP][PASSED] - click: Object: 'Object Repository/HealthpostToStore/Page_KDMC/a_Healthpost Store' is clicked on

2018-05-19 11:17:30 - [MESSAGE][PASSED] - Object: 'Object Repository/HealthpostToStore/Page_KDMC/a_Healthpost Store' is clicked on

2018-05-19 11:17:30 - [TEST_STEP][PASSED] - setText: Text 'raguram' is set on object 'Object Repository/HealthpostToStore/Page_HealthPost Store Login/input_txtusername'

2018-05-19 11:17:30 - [MESSAGE][PASSED] - Text 'raguram' is set on object 'Object Repository/HealthpostToStore/Page_HealthPost Store Login/input_txtusername'

2018-05-19 11:17:30 - [TEST_STEP][PASSED] - setText: Text '123' is set on object 'Object Repository/HealthpostToStore/Page_HealthPost Store Login/input_txtpassword'

2018-05-19 11:17:30 - [MESSAGE][PASSED] - Text '123' is set on object 'Object Repository/HealthpostToStore/Page_HealthPost Store Login/input_txtpassword'

2018-05-19 11:17:30 - [TEST_STEP][PASSED] - delay: Delayed 3 second(s)

2018-05-19 11:17:33 - [MESSAGE][PASSED] - Delayed 3 second(s)

2018-05-19 11:17:33 - [TEST_STEP][PASSED] - sendKeys: Keys 'ENTER + ' sent to object: 'Object Repository/HealthpostToStore/Page_HealthPost Store Login/input_txtpassword'

2018-05-19 11:17:34 - [MESSAGE][PASSED] - Keys 'ENTER + ' sent to object: 'Object Repository/HealthpostToStore/Page_HealthPost Store Login/input_txtpassword'

2018-05-19 11:17:34 - [TEST_STEP][PASSED] - delay: Delayed 3 second(s)

2018-05-19 11:17:37 - [MESSAGE][PASSED] - Delayed 3 second(s)

2018-05-19 11:17:37 - [TEST_STEP][PASSED] - doubleClick: Object: 'Object Repository/HealthpostToStore/Page_HealthPost Store/a_Request to Store' is double clicked on

2018-05-19 11:17:37 - [MESSAGE][PASSED] - Object: 'Object Repository/HealthpostToStore/Page_HealthPost Store/a_Request to Store' is double clicked on

2018-05-19 11:17:37 - [TEST_STEP][PASSED] - doubleClick: Object: 'Object Repository/HealthpostToStore/Page_HealthPost Store/a_Medicine Request' is double clicked on

2018-05-19 11:17:37 - [MESSAGE][PASSED] - Object: 'Object Repository/HealthpostToStore/Page_HealthPost Store/a_Medicine Request' is double clicked on

2018-05-19 11:17:37 - [TEST_STEP][FAILED] - selectOptionByIndex: Unable to select option by index '8' of object 'Object Repository/HealthpostToStore/Page_HealthPost Store/select_--Select--Schedule 1Inj' (Root cause: com.kms.katalon.core.webui.exception.WebElementNotFoundException: Web element with id: 'Object Repository/HealthpostToStore/Page_HealthPost Store/select_--Select--Schedule 1Inj' located by 'By.xpath: id("optcategory")[count(. | //select[@id = 'optcategory']) = count(//select[@id = 'optcategory'])]' not found)

2018-05-19 11:18:08 - [MESSAGE][FAILED] - Unable to select option by index '8' of object 'Object Repository/HealthpostToStore/Page_HealthPost Store/select_--Select--Schedule 1Inj' (Root cause: com.kms.katalon.core.webui.exception.WebElementNotFoundException: Web element with id: 'Object Repository/HealthpostToStore/Page_HealthPost Store/select_--Select--Schedule 1Inj' located by 'By.xpath: id("optcategory")[count(. | //select[@id = 'optcategory']) = count(//select[@id = 'optcategory'])]' not found)
[[ATTACHMENT|C:\\Users\\Quality Analyst\\Katalon Studio\\ds\\Reports\\HealthPost_Store_Suite\\20180519_110932\\1526708888385.png]]]]></system-out>
         <system-err><![CDATA[2018-05-19 11:17:23 - [TEST_CASE][FAILED] - Test Cases/HEALTHPOST TEST CASES/TC_HP_008 Verify Schedule 8 Healthpost Request Are Working Successfully Or Not: Test Cases/HEALTHPOST TEST CASES/TC_HP_008 Verify Schedule 8 Healthpost Request Are Working Successfully Or Not FAILED because (of) Unable to select option by index '8' of object 'Object Repository/HealthpostToStore/Page_HealthPost Store/select_--Select--Schedule 1Inj' (Root cause: com.kms.katalon.core.webui.exception.WebElementNotFoundException: Web element with id: 'Object Repository/HealthpostToStore/Page_HealthPost Store/select_--Select--Schedule 1Inj' located by 'By.xpath: id("optcategory")[count(. | //select[@id = 'optcategory']) = count(//select[@id = 'optcategory'])]' not found)]]></system-err>
      </testcase>
      <testcase name="Test Cases/HEALTHPOST TEST CASES/TC_HP_009 Verify Schedule 9 Healthpost Request Are Working Successfully Or Not" classname="Test Cases/HEALTHPOST TEST CASES/TC_HP_009 Verify Schedule 9 Healthpost Request Are Working Successfully Or Not" status="FAILED">
         <failure type="FAILED" message="Unable to click on object 'Object Repository/HealthpostToStore/Page_KDMC - CMO/a_Department Wise Request' (Root cause: com.kms.katalon.core.webui.exception.WebElementNotFoundException: Web element with id: 'Object Repository/HealthpostToStore/Page_KDMC - CMO/a_Department Wise Request' located by 'By.xpath: /html[1]/body[@class=&quot;skin-blue  pace-done&quot;]/div[@class=&quot;row&quot;]/div[@class=&quot;col-md-12&quot;]/div[@class=&quot;wrapper row-offcanvas row-offcanvas-left&quot;]/aside[@class=&quot;left-side sidebar-offcanvas&quot;]/section[@class=&quot;sidebar&quot;]/ul[@class=&quot;sidebar-menu&quot;]/li[2]/a[1][count(. | //a[@href = 'DivisionalStoreRequest.aspx' and (text() = '
                                    Department Wise Request
                                ' or . = '
                                    Department Wise Request
                                ')]) = count(//a[@href = 'DivisionalStoreRequest.aspx' and (text() = '
                                    Department Wise Request
                                ' or . = '
                                    Department Wise Request
                                ')])]' not found)"/>
         <system-out><![CDATA[2018-05-19 11:18:08 - [TEST_CASE][FAILED] - Test Cases/HEALTHPOST TEST CASES/TC_HP_009 Verify Schedule 9 Healthpost Request Are Working Successfully Or Not: Test Cases/HEALTHPOST TEST CASES/TC_HP_009 Verify Schedule 9 Healthpost Request Are Working Successfully Or Not FAILED because (of) Unable to click on object 'Object Repository/HealthpostToStore/Page_KDMC - CMO/a_Department Wise Request' (Root cause: com.kms.katalon.core.webui.exception.WebElementNotFoundException: Web element with id: 'Object Repository/HealthpostToStore/Page_KDMC - CMO/a_Department Wise Request' located by 'By.xpath: /html[1]/body[@class="skin-blue  pace-done"]/div[@class="row"]/div[@class="col-md-12"]/div[@class="wrapper row-offcanvas row-offcanvas-left"]/aside[@class="left-side sidebar-offcanvas"]/section[@class="sidebar"]/ul[@class="sidebar-menu"]/li[2]/a[1][count(. | //a[@href = 'DivisionalStoreRequest.aspx' and (text() = '
                                    Department Wise Request
                                ' or . = '
                                    Department Wise Request
                                ')]) = count(//a[@href = 'DivisionalStoreRequest.aspx' and (text() = '
                                    Department Wise Request
                                ' or . = '
                                    Department Wise Request
                                ')])]' not found)

2018-05-19 11:18:08 - [TEST_STEP][PASSED] - openBrowser: Browser is opened with url: ''

2018-05-19 11:18:08 - [MESSAGE][WARNING] - A browser is already opened. Closing browser and opening a new one

2018-05-19 11:18:11 - [MESSAGE][PASSED] - Browser is opened with url: ''

2018-05-19 11:18:11 - [TEST_STEP][PASSED] - navigateToUrl: Navigate to 'http://192.168.137.1/multihospital_new/HDSplashscreen.aspx' successfully

2018-05-19 11:18:13 - [MESSAGE][PASSED] - Navigate to 'http://192.168.137.1/multihospital_new/HDSplashscreen.aspx' successfully

2018-05-19 11:18:13 - [TEST_STEP][PASSED] - maximizeWindow: Current window maximized

2018-05-19 11:18:14 - [MESSAGE][PASSED] - Current window maximized

2018-05-19 11:18:14 - [TEST_STEP][PASSED] - click: Object: 'Object Repository/HealthpostToStore/Page_KDMC/a_Healthpost Store' is clicked on

2018-05-19 11:18:14 - [MESSAGE][PASSED] - Object: 'Object Repository/HealthpostToStore/Page_KDMC/a_Healthpost Store' is clicked on

2018-05-19 11:18:14 - [TEST_STEP][PASSED] - setText: Text 'raguram' is set on object 'Object Repository/HealthpostToStore/Page_HealthPost Store Login/input_txtusername'

2018-05-19 11:18:14 - [MESSAGE][PASSED] - Text 'raguram' is set on object 'Object Repository/HealthpostToStore/Page_HealthPost Store Login/input_txtusername'

2018-05-19 11:18:14 - [TEST_STEP][PASSED] - setText: Text '123' is set on object 'Object Repository/HealthpostToStore/Page_HealthPost Store Login/input_txtpassword'

2018-05-19 11:18:15 - [MESSAGE][PASSED] - Text '123' is set on object 'Object Repository/HealthpostToStore/Page_HealthPost Store Login/input_txtpassword'

2018-05-19 11:18:15 - [TEST_STEP][PASSED] - delay: Delayed 3 second(s)

2018-05-19 11:18:18 - [MESSAGE][PASSED] - Delayed 3 second(s)

2018-05-19 11:18:18 - [TEST_STEP][PASSED] - sendKeys: Keys 'ENTER + ' sent to object: 'Object Repository/HealthpostToStore/Page_HealthPost Store Login/input_txtpassword'

2018-05-19 11:18:18 - [MESSAGE][PASSED] - Keys 'ENTER + ' sent to object: 'Object Repository/HealthpostToStore/Page_HealthPost Store Login/input_txtpassword'

2018-05-19 11:18:18 - [TEST_STEP][PASSED] - delay: Delayed 3 second(s)

2018-05-19 11:18:21 - [MESSAGE][PASSED] - Delayed 3 second(s)

2018-05-19 11:18:21 - [TEST_STEP][PASSED] - doubleClick: Object: 'Object Repository/HealthpostToStore/Page_HealthPost Store/a_Request to Store' is double clicked on

2018-05-19 11:18:21 - [MESSAGE][PASSED] - Object: 'Object Repository/HealthpostToStore/Page_HealthPost Store/a_Request to Store' is double clicked on

2018-05-19 11:18:21 - [TEST_STEP][PASSED] - doubleClick: Object: 'Object Repository/HealthpostToStore/Page_HealthPost Store/a_Medicine Request' is double clicked on

2018-05-19 11:18:22 - [MESSAGE][PASSED] - Object: 'Object Repository/HealthpostToStore/Page_HealthPost Store/a_Medicine Request' is double clicked on

2018-05-19 11:18:22 - [TEST_STEP][PASSED] - selectOptionByIndex: All options with index in [9] are selected on object 'Object Repository/HealthpostToStore/Page_HealthPost Store/select_--Select--Schedule 1Inj'

2018-05-19 11:18:22 - [MESSAGE][PASSED] - All options with index in [9] are selected on object 'Object Repository/HealthpostToStore/Page_HealthPost Store/select_--Select--Schedule 1Inj'

2018-05-19 11:18:22 - [TEST_STEP][PASSED] - Statement - medicineslength = com.kms.katalon.core.webui.keyword.WebUiBuiltInKeywords.getNumberOfTotalOption(com.kms.katalon.core.testobject.ObjectRepository.findTestObject(HealthpostToStore/Page_HealthPost Store/select_--Select--Adernaline 0.)): 36 options of object 'Object Repository/HealthpostToStore/Page_HealthPost Store/select_--Select--Adernaline 0.' counted

2018-05-19 11:18:22 - [MESSAGE][PASSED] - 36 options of object 'Object Repository/HealthpostToStore/Page_HealthPost Store/select_--Select--Adernaline 0.' counted

2018-05-19 11:18:22 - [TEST_STEP][PASSED] - Statement - For ([e = 1, e <= 5 - 1, (e++)]): Object: 'Object Repository/HealthpostToStore/Page_HealthPost Store/button_Add' is double clicked on

2018-05-19 11:18:22 - [TEST_STEP][PASSED] - selectOptionByIndex: All options with index in [9] are selected on object 'Object Repository/HealthpostToStore/Page_HealthPost Store/select_--Select--Schedule 1Inj'

2018-05-19 11:18:22 - [MESSAGE][PASSED] - All options with index in [9] are selected on object 'Object Repository/HealthpostToStore/Page_HealthPost Store/select_--Select--Schedule 1Inj'

2018-05-19 11:18:22 - [TEST_STEP][PASSED] - selectOptionByIndex: All options with index in [1] are selected on object 'Object Repository/HealthpostToStore/Page_HealthPost Store/select_--Select--Adernaline 0.'

2018-05-19 11:18:22 - [MESSAGE][PASSED] - All options with index in [1] are selected on object 'Object Repository/HealthpostToStore/Page_HealthPost Store/select_--Select--Adernaline 0.'

2018-05-19 11:18:22 - [TEST_STEP][PASSED] - setText: Text '10' is set on object 'Object Repository/HealthpostToStore/Page_HealthPost Store/input_txttreat'

2018-05-19 11:18:23 - [MESSAGE][PASSED] - Text '10' is set on object 'Object Repository/HealthpostToStore/Page_HealthPost Store/input_txttreat'

2018-05-19 11:18:23 - [TEST_STEP][PASSED] - doubleClick: Object: 'Object Repository/HealthpostToStore/Page_HealthPost Store/button_Add' is double clicked on

2018-05-19 11:18:23 - [MESSAGE][PASSED] - Object: 'Object Repository/HealthpostToStore/Page_HealthPost Store/button_Add' is double clicked on

2018-05-19 11:18:23 - [TEST_STEP][PASSED] - selectOptionByIndex: All options with index in [9] are selected on object 'Object Repository/HealthpostToStore/Page_HealthPost Store/select_--Select--Schedule 1Inj'

2018-05-19 11:18:23 - [MESSAGE][PASSED] - All options with index in [9] are selected on object 'Object Repository/HealthpostToStore/Page_HealthPost Store/select_--Select--Schedule 1Inj'

2018-05-19 11:18:23 - [TEST_STEP][PASSED] - selectOptionByIndex: All options with index in [2] are selected on object 'Object Repository/HealthpostToStore/Page_HealthPost Store/select_--Select--Adernaline 0.'

2018-05-19 11:18:23 - [MESSAGE][PASSED] - All options with index in [2] are selected on object 'Object Repository/HealthpostToStore/Page_HealthPost Store/select_--Select--Adernaline 0.'

2018-05-19 11:18:23 - [TEST_STEP][PASSED] - setText: Text '10' is set on object 'Object Repository/HealthpostToStore/Page_HealthPost Store/input_txttreat'

2018-05-19 11:18:23 - [MESSAGE][PASSED] - Text '10' is set on object 'Object Repository/HealthpostToStore/Page_HealthPost Store/input_txttreat'

2018-05-19 11:18:23 - [TEST_STEP][PASSED] - doubleClick: Object: 'Object Repository/HealthpostToStore/Page_HealthPost Store/button_Add' is double clicked on

2018-05-19 11:18:23 - [MESSAGE][PASSED] - Object: 'Object Repository/HealthpostToStore/Page_HealthPost Store/button_Add' is double clicked on

2018-05-19 11:18:23 - [TEST_STEP][PASSED] - selectOptionByIndex: All options with index in [9] are selected on object 'Object Repository/HealthpostToStore/Page_HealthPost Store/select_--Select--Schedule 1Inj'

2018-05-19 11:18:23 - [MESSAGE][PASSED] - All options with index in [9] are selected on object 'Object Repository/HealthpostToStore/Page_HealthPost Store/select_--Select--Schedule 1Inj'

2018-05-19 11:18:23 - [TEST_STEP][PASSED] - selectOptionByIndex: All options with index in [3] are selected on object 'Object Repository/HealthpostToStore/Page_HealthPost Store/select_--Select--Adernaline 0.'

2018-05-19 11:18:24 - [MESSAGE][PASSED] - All options with index in [3] are selected on object 'Object Repository/HealthpostToStore/Page_HealthPost Store/select_--Select--Adernaline 0.'

2018-05-19 11:18:24 - [TEST_STEP][PASSED] - setText: Text '10' is set on object 'Object Repository/HealthpostToStore/Page_HealthPost Store/input_txttreat'

2018-05-19 11:18:24 - [MESSAGE][PASSED] - Text '10' is set on object 'Object Repository/HealthpostToStore/Page_HealthPost Store/input_txttreat'

2018-05-19 11:18:24 - [TEST_STEP][PASSED] - doubleClick: Object: 'Object Repository/HealthpostToStore/Page_HealthPost Store/button_Add' is double clicked on

2018-05-19 11:18:24 - [MESSAGE][PASSED] - Object: 'Object Repository/HealthpostToStore/Page_HealthPost Store/button_Add' is double clicked on

2018-05-19 11:18:24 - [TEST_STEP][PASSED] - selectOptionByIndex: All options with index in [9] are selected on object 'Object Repository/HealthpostToStore/Page_HealthPost Store/select_--Select--Schedule 1Inj'

2018-05-19 11:18:24 - [MESSAGE][PASSED] - All options with index in [9] are selected on object 'Object Repository/HealthpostToStore/Page_HealthPost Store/select_--Select--Schedule 1Inj'

2018-05-19 11:18:24 - [TEST_STEP][PASSED] - selectOptionByIndex: All options with index in [4] are selected on object 'Object Repository/HealthpostToStore/Page_HealthPost Store/select_--Select--Adernaline 0.'

2018-05-19 11:18:24 - [MESSAGE][PASSED] - All options with index in [4] are selected on object 'Object Repository/HealthpostToStore/Page_HealthPost Store/select_--Select--Adernaline 0.'

2018-05-19 11:18:24 - [TEST_STEP][PASSED] - setText: Text '10' is set on object 'Object Repository/HealthpostToStore/Page_HealthPost Store/input_txttreat'

2018-05-19 11:18:24 - [MESSAGE][PASSED] - Text '10' is set on object 'Object Repository/HealthpostToStore/Page_HealthPost Store/input_txttreat'

2018-05-19 11:18:24 - [TEST_STEP][PASSED] - doubleClick: Object: 'Object Repository/HealthpostToStore/Page_HealthPost Store/button_Add' is double clicked on

2018-05-19 11:18:24 - [MESSAGE][PASSED] - Object: 'Object Repository/HealthpostToStore/Page_HealthPost Store/button_Add' is double clicked on

2018-05-19 11:18:24 - [TEST_STEP][PASSED] - scrollToElement: Scroll to object 'Object Repository/HealthpostToStore/Page_HealthPost Store/input_btnsave' successfully

2018-05-19 11:18:24 - [MESSAGE][PASSED] - Scroll to object 'Object Repository/HealthpostToStore/Page_HealthPost Store/input_btnsave' successfully

2018-05-19 11:18:24 - [TEST_STEP][PASSED] - click: Object: 'Object Repository/HealthpostToStore/Page_HealthPost Store/input_btnsave' is clicked on

2018-05-19 11:18:24 - [MESSAGE][PASSED] - Object: 'Object Repository/HealthpostToStore/Page_HealthPost Store/input_btnsave' is clicked on

2018-05-19 11:18:24 - [TEST_STEP][PASSED] - delay: Delayed 3 second(s)

2018-05-19 11:18:27 - [MESSAGE][PASSED] - Delayed 3 second(s)

2018-05-19 11:18:27 - [TEST_STEP][PASSED] - Statement - RN1 = com.kms.katalon.core.webui.keyword.WebUiBuiltInKeywords.getText(com.kms.katalon.core.testobject.ObjectRepository.findTestObject(HealthpostToStore/Page_HealthPost Store/font_HPRNO180520187)): Text of object 'Object Repository/HealthpostToStore/Page_HealthPost Store/font_HPRNO180520187' is: 'HPRNO/19052018/30'

2018-05-19 11:18:27 - [MESSAGE][PASSED] - Text of object 'Object Repository/HealthpostToStore/Page_HealthPost Store/font_HPRNO180520187' is: 'HPRNO/19052018/30'

2018-05-19 11:18:27 - [TEST_STEP][PASSED] - Statement - out.println(RN1): null

2018-05-19 11:18:27 - [TEST_STEP][PASSED] - Statement - RID = RN1.split("/")[2]: null

2018-05-19 11:18:27 - [TEST_STEP][PASSED] - click: Object: 'Object Repository/HealthpostToStore/Page_HealthPost Store/button_OK' is clicked on

2018-05-19 11:18:28 - [MESSAGE][PASSED] - Object: 'Object Repository/HealthpostToStore/Page_HealthPost Store/button_OK' is clicked on

2018-05-19 11:18:28 - [TEST_STEP][PASSED] - delay: Delayed 3 second(s)

2018-05-19 11:18:31 - [MESSAGE][PASSED] - Delayed 3 second(s)

2018-05-19 11:18:31 - [TEST_STEP][PASSED] - click: Object: 'Object Repository/HealthpostToStore/Page_HealthPost Store/a_dropdown-toggle' is clicked on

2018-05-19 11:18:31 - [MESSAGE][PASSED] - Object: 'Object Repository/HealthpostToStore/Page_HealthPost Store/a_dropdown-toggle' is clicked on

2018-05-19 11:18:31 - [TEST_STEP][PASSED] - click: Object: 'Object Repository/HealthpostToStore/Page_HealthPost Store/a_Sign out' is clicked on

2018-05-19 11:18:32 - [MESSAGE][PASSED] - Object: 'Object Repository/HealthpostToStore/Page_HealthPost Store/a_Sign out' is clicked on

2018-05-19 11:18:32 - [TEST_STEP][PASSED] - delay: Delayed 3 second(s)

2018-05-19 11:18:35 - [MESSAGE][PASSED] - Delayed 3 second(s)

2018-05-19 11:18:35 - [TEST_STEP][PASSED] - navigateToUrl: Navigate to 'http://192.168.137.1/multihospital_new/' successfully

2018-05-19 11:18:35 - [MESSAGE][PASSED] - Navigate to 'http://192.168.137.1/multihospital_new/' successfully

2018-05-19 11:18:35 - [TEST_STEP][PASSED] - click: Object: 'Object Repository/HealthpostToStore/Page_KDMC/a_CMO' is clicked on

2018-05-19 11:18:36 - [MESSAGE][PASSED] - Object: 'Object Repository/HealthpostToStore/Page_KDMC/a_CMO' is clicked on

2018-05-19 11:18:36 - [TEST_STEP][PASSED] - setText: Text 'guru' is set on object 'Object Repository/HealthpostToStore/Page_CMO login/input_txtusername'

2018-05-19 11:18:36 - [MESSAGE][PASSED] - Text 'guru' is set on object 'Object Repository/HealthpostToStore/Page_CMO login/input_txtusername'

2018-05-19 11:18:36 - [TEST_STEP][PASSED] - setText: Text '123' is set on object 'Object Repository/HealthpostToStore/Page_CMO login/input_txtpassword'

2018-05-19 11:18:36 - [MESSAGE][PASSED] - Text '123' is set on object 'Object Repository/HealthpostToStore/Page_CMO login/input_txtpassword'

2018-05-19 11:18:36 - [TEST_STEP][PASSED] - delay: Delayed 3 second(s)

2018-05-19 11:18:39 - [MESSAGE][PASSED] - Delayed 3 second(s)

2018-05-19 11:18:39 - [TEST_STEP][PASSED] - click: Object: 'Object Repository/HealthpostToStore/Page_CMO login/button_Sign in' is clicked on

2018-05-19 11:18:40 - [MESSAGE][PASSED] - Object: 'Object Repository/HealthpostToStore/Page_CMO login/button_Sign in' is clicked on

2018-05-19 11:18:40 - [TEST_STEP][FAILED] - click: Unable to click on object 'Object Repository/HealthpostToStore/Page_KDMC - CMO/a_Department Wise Request' (Root cause: com.kms.katalon.core.webui.exception.WebElementNotFoundException: Web element with id: 'Object Repository/HealthpostToStore/Page_KDMC - CMO/a_Department Wise Request' located by 'By.xpath: /html[1]/body[@class="skin-blue  pace-done"]/div[@class="row"]/div[@class="col-md-12"]/div[@class="wrapper row-offcanvas row-offcanvas-left"]/aside[@class="left-side sidebar-offcanvas"]/section[@class="sidebar"]/ul[@class="sidebar-menu"]/li[2]/a[1][count(. | //a[@href = 'DivisionalStoreRequest.aspx' and (text() = '
                                    Department Wise Request
                                ' or . = '
                                    Department Wise Request
                                ')]) = count(//a[@href = 'DivisionalStoreRequest.aspx' and (text() = '
                                    Department Wise Request
                                ' or . = '
                                    Department Wise Request
                                ')])]' not found)

2018-05-19 11:19:11 - [MESSAGE][FAILED] - Unable to click on object 'Object Repository/HealthpostToStore/Page_KDMC - CMO/a_Department Wise Request' (Root cause: com.kms.katalon.core.webui.exception.WebElementNotFoundException: Web element with id: 'Object Repository/HealthpostToStore/Page_KDMC - CMO/a_Department Wise Request' located by 'By.xpath: /html[1]/body[@class="skin-blue  pace-done"]/div[@class="row"]/div[@class="col-md-12"]/div[@class="wrapper row-offcanvas row-offcanvas-left"]/aside[@class="left-side sidebar-offcanvas"]/section[@class="sidebar"]/ul[@class="sidebar-menu"]/li[2]/a[1][count(. | //a[@href = 'DivisionalStoreRequest.aspx' and (text() = '
                                    Department Wise Request
                                ' or . = '
                                    Department Wise Request
                                ')]) = count(//a[@href = 'DivisionalStoreRequest.aspx' and (text() = '
                                    Department Wise Request
                                ' or . = '
                                    Department Wise Request
                                ')])]' not found)
[[ATTACHMENT|C:\\Users\\Quality Analyst\\Katalon Studio\\ds\\Reports\\HealthPost_Store_Suite\\20180519_110932\\1526708951208.png]]]]></system-out>
         <system-err><![CDATA[2018-05-19 11:18:08 - [TEST_CASE][FAILED] - Test Cases/HEALTHPOST TEST CASES/TC_HP_009 Verify Schedule 9 Healthpost Request Are Working Successfully Or Not: Test Cases/HEALTHPOST TEST CASES/TC_HP_009 Verify Schedule 9 Healthpost Request Are Working Successfully Or Not FAILED because (of) Unable to click on object 'Object Repository/HealthpostToStore/Page_KDMC - CMO/a_Department Wise Request' (Root cause: com.kms.katalon.core.webui.exception.WebElementNotFoundException: Web element with id: 'Object Repository/HealthpostToStore/Page_KDMC - CMO/a_Department Wise Request' located by 'By.xpath: /html[1]/body[@class="skin-blue  pace-done"]/div[@class="row"]/div[@class="col-md-12"]/div[@class="wrapper row-offcanvas row-offcanvas-left"]/aside[@class="left-side sidebar-offcanvas"]/section[@class="sidebar"]/ul[@class="sidebar-menu"]/li[2]/a[1][count(. | //a[@href = 'DivisionalStoreRequest.aspx' and (text() = '
                                    Department Wise Request
                                ' or . = '
                                    Department Wise Request
                                ')]) = count(//a[@href = 'DivisionalStoreRequest.aspx' and (text() = '
                                    Department Wise Request
                                ' or . = '
                                    Department Wise Request
                                ')])]' not found)]]></system-err>
      </testcase>
      <testcase name="Test Cases/HEALTHPOST TEST CASES/TC_HP_010 Verify Schedule 10 Healthpost Request Are Working Successfully Or Not" classname="Test Cases/HEALTHPOST TEST CASES/TC_HP_010 Verify Schedule 10 Healthpost Request Are Working Successfully Or Not" status="PASSED">
         <system-out><![CDATA[2018-05-19 11:19:11 - [TEST_CASE][PASSED] - Test Cases/HEALTHPOST TEST CASES/TC_HP_010 Verify Schedule 10 Healthpost Request Are Working Successfully Or Not: Test Cases/HEALTHPOST TEST CASES/TC_HP_010 Verify Schedule 10 Healthpost Request Are Working Successfully Or Not

2018-05-19 11:19:11 - [TEST_STEP][PASSED] - openBrowser: Browser is opened with url: ''

2018-05-19 11:19:11 - [MESSAGE][WARNING] - A browser is already opened. Closing browser and opening a new one

2018-05-19 11:19:14 - [MESSAGE][PASSED] - Browser is opened with url: ''

2018-05-19 11:19:14 - [TEST_STEP][PASSED] - navigateToUrl: Navigate to 'http://192.168.137.1/multihospital_new/HDSplashscreen.aspx' successfully

2018-05-19 11:19:16 - [MESSAGE][PASSED] - Navigate to 'http://192.168.137.1/multihospital_new/HDSplashscreen.aspx' successfully

2018-05-19 11:19:16 - [TEST_STEP][PASSED] - maximizeWindow: Current window maximized

2018-05-19 11:19:17 - [MESSAGE][PASSED] - Current window maximized

2018-05-19 11:19:17 - [TEST_STEP][PASSED] - click: Object: 'Object Repository/HealthpostToStore/Page_KDMC/a_Healthpost Store' is clicked on

2018-05-19 11:19:18 - [MESSAGE][PASSED] - Object: 'Object Repository/HealthpostToStore/Page_KDMC/a_Healthpost Store' is clicked on

2018-05-19 11:19:18 - [TEST_STEP][PASSED] - setText: Text 'raguram' is set on object 'Object Repository/HealthpostToStore/Page_HealthPost Store Login/input_txtusername'

2018-05-19 11:19:18 - [MESSAGE][PASSED] - Text 'raguram' is set on object 'Object Repository/HealthpostToStore/Page_HealthPost Store Login/input_txtusername'

2018-05-19 11:19:18 - [TEST_STEP][PASSED] - setText: Text '123' is set on object 'Object Repository/HealthpostToStore/Page_HealthPost Store Login/input_txtpassword'

2018-05-19 11:19:18 - [MESSAGE][PASSED] - Text '123' is set on object 'Object Repository/HealthpostToStore/Page_HealthPost Store Login/input_txtpassword'

2018-05-19 11:19:18 - [TEST_STEP][PASSED] - delay: Delayed 3 second(s)

2018-05-19 11:19:21 - [MESSAGE][PASSED] - Delayed 3 second(s)

2018-05-19 11:19:21 - [TEST_STEP][PASSED] - sendKeys: Keys 'ENTER + ' sent to object: 'Object Repository/HealthpostToStore/Page_HealthPost Store Login/input_txtpassword'

2018-05-19 11:19:22 - [MESSAGE][PASSED] - Keys 'ENTER + ' sent to object: 'Object Repository/HealthpostToStore/Page_HealthPost Store Login/input_txtpassword'

2018-05-19 11:19:22 - [TEST_STEP][PASSED] - delay: Delayed 3 second(s)

2018-05-19 11:19:25 - [MESSAGE][PASSED] - Delayed 3 second(s)

2018-05-19 11:19:25 - [TEST_STEP][PASSED] - doubleClick: Object: 'Object Repository/HealthpostToStore/Page_HealthPost Store/a_Request to Store' is double clicked on

2018-05-19 11:19:25 - [MESSAGE][PASSED] - Object: 'Object Repository/HealthpostToStore/Page_HealthPost Store/a_Request to Store' is double clicked on

2018-05-19 11:19:25 - [TEST_STEP][PASSED] - doubleClick: Object: 'Object Repository/HealthpostToStore/Page_HealthPost Store/a_Medicine Request' is double clicked on

2018-05-19 11:19:25 - [MESSAGE][PASSED] - Object: 'Object Repository/HealthpostToStore/Page_HealthPost Store/a_Medicine Request' is double clicked on

2018-05-19 11:19:25 - [TEST_STEP][PASSED] - selectOptionByIndex: All options with index in [10] are selected on object 'Object Repository/HealthpostToStore/Page_HealthPost Store/select_--Select--Schedule 1Inj'

2018-05-19 11:19:26 - [MESSAGE][PASSED] - All options with index in [10] are selected on object 'Object Repository/HealthpostToStore/Page_HealthPost Store/select_--Select--Schedule 1Inj'

2018-05-19 11:19:26 - [TEST_STEP][PASSED] - Statement - medicineslength = com.kms.katalon.core.webui.keyword.WebUiBuiltInKeywords.getNumberOfTotalOption(com.kms.katalon.core.testobject.ObjectRepository.findTestObject(HealthpostToStore/Page_HealthPost Store/select_--Select--Adernaline 0.)): 19 options of object 'Object Repository/HealthpostToStore/Page_HealthPost Store/select_--Select--Adernaline 0.' counted

2018-05-19 11:19:26 - [MESSAGE][PASSED] - 19 options of object 'Object Repository/HealthpostToStore/Page_HealthPost Store/select_--Select--Adernaline 0.' counted

2018-05-19 11:19:26 - [TEST_STEP][PASSED] - Statement - For ([e = 1, e <= 5 - 1, (e++)]): Object: 'Object Repository/HealthpostToStore/Page_HealthPost Store/button_Add' is double clicked on

2018-05-19 11:19:26 - [TEST_STEP][PASSED] - selectOptionByIndex: All options with index in [10] are selected on object 'Object Repository/HealthpostToStore/Page_HealthPost Store/select_--Select--Schedule 1Inj'

2018-05-19 11:19:26 - [MESSAGE][PASSED] - All options with index in [10] are selected on object 'Object Repository/HealthpostToStore/Page_HealthPost Store/select_--Select--Schedule 1Inj'

2018-05-19 11:19:26 - [TEST_STEP][PASSED] - selectOptionByIndex: All options with index in [1] are selected on object 'Object Repository/HealthpostToStore/Page_HealthPost Store/select_--Select--Adernaline 0.'

2018-05-19 11:19:26 - [MESSAGE][PASSED] - All options with index in [1] are selected on object 'Object Repository/HealthpostToStore/Page_HealthPost Store/select_--Select--Adernaline 0.'

2018-05-19 11:19:26 - [TEST_STEP][PASSED] - setText: Text '10' is set on object 'Object Repository/HealthpostToStore/Page_HealthPost Store/input_txttreat'

2018-05-19 11:19:26 - [MESSAGE][PASSED] - Text '10' is set on object 'Object Repository/HealthpostToStore/Page_HealthPost Store/input_txttreat'

2018-05-19 11:19:26 - [TEST_STEP][PASSED] - doubleClick: Object: 'Object Repository/HealthpostToStore/Page_HealthPost Store/button_Add' is double clicked on

2018-05-19 11:19:26 - [MESSAGE][PASSED] - Object: 'Object Repository/HealthpostToStore/Page_HealthPost Store/button_Add' is double clicked on

2018-05-19 11:19:26 - [TEST_STEP][PASSED] - selectOptionByIndex: All options with index in [10] are selected on object 'Object Repository/HealthpostToStore/Page_HealthPost Store/select_--Select--Schedule 1Inj'

2018-05-19 11:19:26 - [MESSAGE][PASSED] - All options with index in [10] are selected on object 'Object Repository/HealthpostToStore/Page_HealthPost Store/select_--Select--Schedule 1Inj'

2018-05-19 11:19:26 - [TEST_STEP][PASSED] - selectOptionByIndex: All options with index in [2] are selected on object 'Object Repository/HealthpostToStore/Page_HealthPost Store/select_--Select--Adernaline 0.'

2018-05-19 11:19:27 - [MESSAGE][PASSED] - All options with index in [2] are selected on object 'Object Repository/HealthpostToStore/Page_HealthPost Store/select_--Select--Adernaline 0.'

2018-05-19 11:19:27 - [TEST_STEP][PASSED] - setText: Text '10' is set on object 'Object Repository/HealthpostToStore/Page_HealthPost Store/input_txttreat'

2018-05-19 11:19:27 - [MESSAGE][PASSED] - Text '10' is set on object 'Object Repository/HealthpostToStore/Page_HealthPost Store/input_txttreat'

2018-05-19 11:19:27 - [TEST_STEP][PASSED] - doubleClick: Object: 'Object Repository/HealthpostToStore/Page_HealthPost Store/button_Add' is double clicked on

2018-05-19 11:19:27 - [MESSAGE][PASSED] - Object: 'Object Repository/HealthpostToStore/Page_HealthPost Store/button_Add' is double clicked on

2018-05-19 11:19:27 - [TEST_STEP][PASSED] - selectOptionByIndex: All options with index in [10] are selected on object 'Object Repository/HealthpostToStore/Page_HealthPost Store/select_--Select--Schedule 1Inj'

2018-05-19 11:19:27 - [MESSAGE][PASSED] - All options with index in [10] are selected on object 'Object Repository/HealthpostToStore/Page_HealthPost Store/select_--Select--Schedule 1Inj'

2018-05-19 11:19:27 - [TEST_STEP][PASSED] - selectOptionByIndex: All options with index in [3] are selected on object 'Object Repository/HealthpostToStore/Page_HealthPost Store/select_--Select--Adernaline 0.'

2018-05-19 11:19:27 - [MESSAGE][PASSED] - All options with index in [3] are selected on object 'Object Repository/HealthpostToStore/Page_HealthPost Store/select_--Select--Adernaline 0.'

2018-05-19 11:19:27 - [TEST_STEP][PASSED] - setText: Text '10' is set on object 'Object Repository/HealthpostToStore/Page_HealthPost Store/input_txttreat'

2018-05-19 11:19:27 - [MESSAGE][PASSED] - Text '10' is set on object 'Object Repository/HealthpostToStore/Page_HealthPost Store/input_txttreat'

2018-05-19 11:19:27 - [TEST_STEP][PASSED] - doubleClick: Object: 'Object Repository/HealthpostToStore/Page_HealthPost Store/button_Add' is double clicked on

2018-05-19 11:19:27 - [MESSAGE][PASSED] - Object: 'Object Repository/HealthpostToStore/Page_HealthPost Store/button_Add' is double clicked on

2018-05-19 11:19:27 - [TEST_STEP][PASSED] - selectOptionByIndex: All options with index in [10] are selected on object 'Object Repository/HealthpostToStore/Page_HealthPost Store/select_--Select--Schedule 1Inj'

2018-05-19 11:19:28 - [MESSAGE][PASSED] - All options with index in [10] are selected on object 'Object Repository/HealthpostToStore/Page_HealthPost Store/select_--Select--Schedule 1Inj'

2018-05-19 11:19:28 - [TEST_STEP][PASSED] - selectOptionByIndex: All options with index in [4] are selected on object 'Object Repository/HealthpostToStore/Page_HealthPost Store/select_--Select--Adernaline 0.'

2018-05-19 11:19:28 - [MESSAGE][PASSED] - All options with index in [4] are selected on object 'Object Repository/HealthpostToStore/Page_HealthPost Store/select_--Select--Adernaline 0.'

2018-05-19 11:19:28 - [TEST_STEP][PASSED] - setText: Text '10' is set on object 'Object Repository/HealthpostToStore/Page_HealthPost Store/input_txttreat'

2018-05-19 11:19:28 - [MESSAGE][PASSED] - Text '10' is set on object 'Object Repository/HealthpostToStore/Page_HealthPost Store/input_txttreat'

2018-05-19 11:19:28 - [TEST_STEP][PASSED] - doubleClick: Object: 'Object Repository/HealthpostToStore/Page_HealthPost Store/button_Add' is double clicked on

2018-05-19 11:19:28 - [MESSAGE][PASSED] - Object: 'Object Repository/HealthpostToStore/Page_HealthPost Store/button_Add' is double clicked on

2018-05-19 11:19:28 - [TEST_STEP][PASSED] - scrollToElement: Scroll to object 'Object Repository/HealthpostToStore/Page_HealthPost Store/input_btnsave' successfully

2018-05-19 11:19:28 - [MESSAGE][PASSED] - Scroll to object 'Object Repository/HealthpostToStore/Page_HealthPost Store/input_btnsave' successfully

2018-05-19 11:19:28 - [TEST_STEP][PASSED] - click: Object: 'Object Repository/HealthpostToStore/Page_HealthPost Store/input_btnsave' is clicked on

2018-05-19 11:19:28 - [MESSAGE][PASSED] - Object: 'Object Repository/HealthpostToStore/Page_HealthPost Store/input_btnsave' is clicked on

2018-05-19 11:19:28 - [TEST_STEP][PASSED] - delay: Delayed 3 second(s)

2018-05-19 11:19:31 - [MESSAGE][PASSED] - Delayed 3 second(s)

2018-05-19 11:19:31 - [TEST_STEP][PASSED] - Statement - RN1 = com.kms.katalon.core.webui.keyword.WebUiBuiltInKeywords.getText(com.kms.katalon.core.testobject.ObjectRepository.findTestObject(HealthpostToStore/Page_HealthPost Store/font_HPRNO180520187)): Text of object 'Object Repository/HealthpostToStore/Page_HealthPost Store/font_HPRNO180520187' is: 'HPRNO/19052018/31'

2018-05-19 11:19:31 - [MESSAGE][PASSED] - Text of object 'Object Repository/HealthpostToStore/Page_HealthPost Store/font_HPRNO180520187' is: 'HPRNO/19052018/31'

2018-05-19 11:19:31 - [TEST_STEP][PASSED] - Statement - out.println(RN1): null

2018-05-19 11:19:31 - [TEST_STEP][PASSED] - Statement - RID = RN1.split("/")[2]: null

2018-05-19 11:19:31 - [TEST_STEP][PASSED] - click: Object: 'Object Repository/HealthpostToStore/Page_HealthPost Store/button_OK' is clicked on

2018-05-19 11:19:32 - [MESSAGE][PASSED] - Object: 'Object Repository/HealthpostToStore/Page_HealthPost Store/button_OK' is clicked on

2018-05-19 11:19:32 - [TEST_STEP][PASSED] - delay: Delayed 3 second(s)

2018-05-19 11:19:35 - [MESSAGE][PASSED] - Delayed 3 second(s)

2018-05-19 11:19:35 - [TEST_STEP][PASSED] - click: Object: 'Object Repository/HealthpostToStore/Page_HealthPost Store/a_dropdown-toggle' is clicked on

2018-05-19 11:19:35 - [MESSAGE][PASSED] - Object: 'Object Repository/HealthpostToStore/Page_HealthPost Store/a_dropdown-toggle' is clicked on

2018-05-19 11:19:35 - [TEST_STEP][PASSED] - click: Object: 'Object Repository/HealthpostToStore/Page_HealthPost Store/a_Sign out' is clicked on

2018-05-19 11:19:36 - [MESSAGE][PASSED] - Object: 'Object Repository/HealthpostToStore/Page_HealthPost Store/a_Sign out' is clicked on

2018-05-19 11:19:36 - [TEST_STEP][PASSED] - delay: Delayed 3 second(s)

2018-05-19 11:19:39 - [MESSAGE][PASSED] - Delayed 3 second(s)

2018-05-19 11:19:39 - [TEST_STEP][PASSED] - navigateToUrl: Navigate to 'http://192.168.137.1/multihospital_new/' successfully

2018-05-19 11:19:40 - [MESSAGE][PASSED] - Navigate to 'http://192.168.137.1/multihospital_new/' successfully

2018-05-19 11:19:40 - [TEST_STEP][PASSED] - click: Object: 'Object Repository/HealthpostToStore/Page_KDMC/a_CMO' is clicked on

2018-05-19 11:19:40 - [MESSAGE][PASSED] - Object: 'Object Repository/HealthpostToStore/Page_KDMC/a_CMO' is clicked on

2018-05-19 11:19:40 - [TEST_STEP][PASSED] - setText: Text 'guru' is set on object 'Object Repository/HealthpostToStore/Page_CMO login/input_txtusername'

2018-05-19 11:19:40 - [MESSAGE][PASSED] - Text 'guru' is set on object 'Object Repository/HealthpostToStore/Page_CMO login/input_txtusername'

2018-05-19 11:19:40 - [TEST_STEP][PASSED] - setText: Text '123' is set on object 'Object Repository/HealthpostToStore/Page_CMO login/input_txtpassword'

2018-05-19 11:19:40 - [MESSAGE][PASSED] - Text '123' is set on object 'Object Repository/HealthpostToStore/Page_CMO login/input_txtpassword'

2018-05-19 11:19:40 - [TEST_STEP][PASSED] - delay: Delayed 3 second(s)

2018-05-19 11:19:43 - [MESSAGE][PASSED] - Delayed 3 second(s)

2018-05-19 11:19:43 - [TEST_STEP][PASSED] - click: Object: 'Object Repository/HealthpostToStore/Page_CMO login/button_Sign in' is clicked on

2018-05-19 11:19:44 - [MESSAGE][PASSED] - Object: 'Object Repository/HealthpostToStore/Page_CMO login/button_Sign in' is clicked on

2018-05-19 11:19:44 - [TEST_STEP][PASSED] - click: Object: 'Object Repository/HealthpostToStore/Page_KDMC - CMO/a_Department Wise Request' is clicked on

2018-05-19 11:19:45 - [MESSAGE][PASSED] - Object: 'Object Repository/HealthpostToStore/Page_KDMC - CMO/a_Department Wise Request' is clicked on

2018-05-19 11:19:45 - [TEST_STEP][PASSED] - delay: Delayed 2 second(s)

2018-05-19 11:19:47 - [MESSAGE][PASSED] - Delayed 2 second(s)

2018-05-19 11:19:47 - [TEST_STEP][PASSED] - selectOptionByIndex: All options with index in [5] are selected on object 'Object Repository/HealthpostToStore/Page_KDMC - CMO/select_--ALL--'

2018-05-19 11:19:48 - [MESSAGE][PASSED] - All options with index in [5] are selected on object 'Object Repository/HealthpostToStore/Page_KDMC - CMO/select_--ALL--'

2018-05-19 11:19:48 - [TEST_STEP][PASSED] - click: Object: 'Object Repository/HealthpostToStore/Page_KDMC - CMO/input_btnsearch' is clicked on

2018-05-19 11:19:48 - [MESSAGE][PASSED] - Object: 'Object Repository/HealthpostToStore/Page_KDMC - CMO/input_btnsearch' is clicked on

2018-05-19 11:19:48 - [TEST_STEP][PASSED] - selectOptionByIndex: All options with index in [1] are selected on object 'Object Repository/HealthpostToStore/Page_KDMC - CMO/select_--ALL--                _1'

2018-05-19 11:19:48 - [MESSAGE][PASSED] - All options with index in [1] are selected on object 'Object Repository/HealthpostToStore/Page_KDMC - CMO/select_--ALL--                _1'

2018-05-19 11:19:48 - [TEST_STEP][PASSED] - click: Object: 'Object Repository/HealthpostToStore/Page_KDMC - CMO/input_btnsearch' is clicked on

2018-05-19 11:19:48 - [MESSAGE][PASSED] - Object: 'Object Repository/HealthpostToStore/Page_KDMC - CMO/input_btnsearch' is clicked on

2018-05-19 11:19:48 - [TEST_STEP][PASSED] - Statement - ID = com.kms.katalon.core.webui.keyword.WebUiBuiltInKeywords.modifyObjectProperty(com.kms.katalon.core.testobject.ObjectRepository.findTestObject(lab/Page_KDMC - CMO/input_1), "xpath", "equals", "//*[@id=" + RID + "]", true): Modify property of object successfully

2018-05-19 11:19:48 - [MESSAGE][PASSED] - Modify property of object successfully

2018-05-19 11:19:48 - [TEST_STEP][PASSED] - click: Object: 'Object Repository/lab/Page_KDMC - CMO/input_1' is clicked on

2018-05-19 11:19:49 - [MESSAGE][PASSED] - Object: 'Object Repository/lab/Page_KDMC - CMO/input_1' is clicked on

2018-05-19 11:19:49 - [TEST_STEP][PASSED] - delay: Delayed 2 second(s)

2018-05-19 11:19:51 - [MESSAGE][PASSED] - Delayed 2 second(s)

2018-05-19 11:19:51 - [TEST_STEP][PASSED] - selectOptionByIndex: All options with index in [1] are selected on object 'Object Repository/HealthpostToStore/Page_KDMC - CMO/select_--Select--'

2018-05-19 11:19:51 - [MESSAGE][PASSED] - All options with index in [1] are selected on object 'Object Repository/HealthpostToStore/Page_KDMC - CMO/select_--Select--'

2018-05-19 11:19:51 - [TEST_STEP][PASSED] - click: Object: 'Object Repository/HealthpostToStore/Page_KDMC - CMO/input_btnupdate' is clicked on

2018-05-19 11:19:51 - [MESSAGE][PASSED] - Object: 'Object Repository/HealthpostToStore/Page_KDMC - CMO/input_btnupdate' is clicked on

2018-05-19 11:19:51 - [TEST_STEP][PASSED] - delay: Delayed 2 second(s)

2018-05-19 11:19:53 - [MESSAGE][PASSED] - Delayed 2 second(s)

2018-05-19 11:19:53 - [TEST_STEP][PASSED] - click: Object: 'Object Repository/HealthpostToStore/Page_KDMC - CMO/button_OK' is clicked on

2018-05-19 11:19:53 - [MESSAGE][PASSED] - Object: 'Object Repository/HealthpostToStore/Page_KDMC - CMO/button_OK' is clicked on

2018-05-19 11:19:53 - [TEST_STEP][PASSED] - delay: Delayed 2 second(s)

2018-05-19 11:19:55 - [MESSAGE][PASSED] - Delayed 2 second(s)

2018-05-19 11:19:55 - [TEST_STEP][PASSED] - click: Object: 'Object Repository/HealthpostToStore/Page_KDMC - CMO/a_dropdown-toggle' is clicked on

2018-05-19 11:19:55 - [MESSAGE][PASSED] - Object: 'Object Repository/HealthpostToStore/Page_KDMC - CMO/a_dropdown-toggle' is clicked on

2018-05-19 11:19:55 - [TEST_STEP][PASSED] - click: Object: 'Object Repository/HealthpostToStore/Page_KDMC - CMO/a_Sign out' is clicked on

2018-05-19 11:19:56 - [MESSAGE][PASSED] - Object: 'Object Repository/HealthpostToStore/Page_KDMC - CMO/a_Sign out' is clicked on

2018-05-19 11:19:56 - [TEST_STEP][PASSED] - delay: Delayed 3 second(s)

2018-05-19 11:19:59 - [MESSAGE][PASSED] - Delayed 3 second(s)

2018-05-19 11:19:59 - [TEST_STEP][PASSED] - click: Object: 'Object Repository/HealthpostToStore/Page_KDMC/a_Divisional Store' is clicked on

2018-05-19 11:20:00 - [MESSAGE][PASSED] - Object: 'Object Repository/HealthpostToStore/Page_KDMC/a_Divisional Store' is clicked on

2018-05-19 11:20:00 - [TEST_STEP][PASSED] - setText: Text 'ragu' is set on object 'Object Repository/HealthpostToStore/Page_Divisonal Store Login/input_txtusername'

2018-05-19 11:20:00 - [MESSAGE][PASSED] - Text 'ragu' is set on object 'Object Repository/HealthpostToStore/Page_Divisonal Store Login/input_txtusername'

2018-05-19 11:20:00 - [TEST_STEP][PASSED] - setText: Text '123' is set on object 'Object Repository/HealthpostToStore/Page_Divisonal Store Login/input_txtpassword'

2018-05-19 11:20:00 - [MESSAGE][PASSED] - Text '123' is set on object 'Object Repository/HealthpostToStore/Page_Divisonal Store Login/input_txtpassword'

2018-05-19 11:20:00 - [TEST_STEP][PASSED] - delay: Delayed 3 second(s)

2018-05-19 11:20:03 - [MESSAGE][PASSED] - Delayed 3 second(s)

2018-05-19 11:20:03 - [TEST_STEP][PASSED] - click: Object: 'Object Repository/HealthpostToStore/Page_Divisonal Store Login/button_Sign in' is clicked on

2018-05-19 11:20:04 - [MESSAGE][PASSED] - Object: 'Object Repository/HealthpostToStore/Page_Divisonal Store Login/button_Sign in' is clicked on

2018-05-19 11:20:04 - [TEST_STEP][PASSED] - delay: Delayed 3 second(s)

2018-05-19 11:20:07 - [MESSAGE][PASSED] - Delayed 3 second(s)

2018-05-19 11:20:07 - [TEST_STEP][PASSED] - click: Object: 'Object Repository/HealthpostToStore/Page_Store/a_Health Post Request' is clicked on

2018-05-19 11:20:08 - [MESSAGE][PASSED] - Object: 'Object Repository/HealthpostToStore/Page_Store/a_Health Post Request' is clicked on

2018-05-19 11:20:08 - [TEST_STEP][PASSED] - click: Object: 'Object Repository/HealthpostToStore/Page_Store/a_Request Item HealthPost' is clicked on

2018-05-19 11:20:09 - [MESSAGE][PASSED] - Object: 'Object Repository/HealthpostToStore/Page_Store/a_Request Item HealthPost' is clicked on

2018-05-19 11:20:09 - [TEST_STEP][PASSED] - Statement - ChooseRequest = com.kms.katalon.core.webui.keyword.WebUiBuiltInKeywords.modifyObjectProperty(com.kms.katalon.core.testobject.ObjectRepository.findTestObject(lab/Page_Store/input_1), "xpath", "equals", "//*[@id=" + RID + "]", true): Modify property of object successfully

2018-05-19 11:20:09 - [MESSAGE][PASSED] - Modify property of object successfully

2018-05-19 11:20:09 - [TEST_STEP][PASSED] - click: Object: 'Object Repository/lab/Page_Store/input_1' is clicked on

2018-05-19 11:20:09 - [MESSAGE][PASSED] - Object: 'Object Repository/lab/Page_Store/input_1' is clicked on

2018-05-19 11:20:09 - [TEST_STEP][PASSED] - Statement - selectedoptions = com.kms.katalon.core.webui.keyword.WebUiBuiltInKeywords.getNumberOfTotalOption(com.kms.katalon.core.testobject.ObjectRepository.findTestObject(HealthpostToStore/Page_Store/select_--Select--Adernaline 0.)): 5 options of object 'Object Repository/HealthpostToStore/Page_Store/select_--Select--Adernaline 0.' counted

2018-05-19 11:20:09 - [MESSAGE][PASSED] - 5 options of object 'Object Repository/HealthpostToStore/Page_Store/select_--Select--Adernaline 0.' counted

2018-05-19 11:20:09 - [TEST_STEP][PASSED] - Statement - For ([a = 1, a <= selectedoptions - 1, (a++)]): null

2018-05-19 11:20:09 - [TEST_STEP][PASSED] - selectOptionByIndex: All options with index in [1] are selected on object 'Object Repository/HealthpostToStore/Page_Store/select_--Select--Adernaline 0.'

2018-05-19 11:20:10 - [MESSAGE][PASSED] - All options with index in [1] are selected on object 'Object Repository/HealthpostToStore/Page_Store/select_--Select--Adernaline 0.'

2018-05-19 11:20:10 - [TEST_STEP][PASSED] - delay: Delayed 2 second(s)

2018-05-19 11:20:12 - [MESSAGE][PASSED] - Delayed 2 second(s)

2018-05-19 11:20:12 - [TEST_STEP][PASSED] - Statement - RequestedQty = com.kms.katalon.core.webui.keyword.WebUiBuiltInKeywords.getAttribute(com.kms.katalon.core.testobject.ObjectRepository.findTestObject(HealthpostToStore/Page_Store/input_txttotal), "value"): Attribute 'value' of object 'Object Repository/HealthpostToStore/Page_Store/input_txttotal' is: '10'

2018-05-19 11:20:12 - [MESSAGE][PASSED] - Attribute 'value' of object 'Object Repository/HealthpostToStore/Page_Store/input_txttotal' is: '10'

2018-05-19 11:20:12 - [TEST_STEP][PASSED] - Statement - out.println("Requested QTY : " + RequestedQty): null

2018-05-19 11:20:12 - [TEST_STEP][PASSED] - Statement - BatchNumber = com.kms.katalon.core.webui.keyword.WebUiBuiltInKeywords.getNumberOfTotalOption(com.kms.katalon.core.testobject.ObjectRepository.findTestObject(HealthpostToStore/Page_Store/select_--Select--BA1170BA2376B)): 4 options of object 'Object Repository/HealthpostToStore/Page_Store/select_--Select--BA1170BA2376B' counted

2018-05-19 11:20:12 - [MESSAGE][PASSED] - 4 options of object 'Object Repository/HealthpostToStore/Page_Store/select_--Select--BA1170BA2376B' counted

2018-05-19 11:20:12 - [TEST_STEP][PASSED] - Statement - For ([g = 1, g <= BatchNumber - 1, (g++)]): null

2018-05-19 11:20:12 - [TEST_STEP][PASSED] - selectOptionByIndex: All options with index in [1] are selected on object 'Object Repository/HealthpostToStore/Page_Store/select_--Select--BA1170BA2376B'

2018-05-19 11:20:12 - [MESSAGE][PASSED] - All options with index in [1] are selected on object 'Object Repository/HealthpostToStore/Page_Store/select_--Select--BA1170BA2376B'

2018-05-19 11:20:12 - [TEST_STEP][PASSED] - Statement - Try: null

2018-05-19 11:20:12 - [TEST_STEP][PASSED] - Statement - StockQty = com.kms.katalon.core.webui.keyword.WebUiBuiltInKeywords.getAttribute(com.kms.katalon.core.testobject.ObjectRepository.findTestObject(HealthpostToStore/Page_Store/input_txtprice), "value"): Attribute 'value' of object 'Object Repository/HealthpostToStore/Page_Store/input_txtprice' is: '170'

2018-05-19 11:20:12 - [MESSAGE][PASSED] - Attribute 'value' of object 'Object Repository/HealthpostToStore/Page_Store/input_txtprice' is: '170'

2018-05-19 11:20:12 - [TEST_STEP][PASSED] - Statement - out.println("Stock QTY : " + StockQty): null

2018-05-19 11:20:12 - [TEST_STEP][PASSED] - delay: Delayed 2 second(s)

2018-05-19 11:20:14 - [MESSAGE][PASSED] - Delayed 2 second(s)

2018-05-19 11:20:14 - [TEST_STEP][PASSED] - Statement - If (java.lang.String.valueOf(StockQty) >= java.lang.String.valueOf(RequestedQty)): null

2018-05-19 11:20:14 - [TEST_STEP][PASSED] - setText: Text '10' is set on object 'Object Repository/HealthpostToStore/Page_Store/input_txtqty'

2018-05-19 11:20:14 - [MESSAGE][PASSED] - Text '10' is set on object 'Object Repository/HealthpostToStore/Page_Store/input_txtqty'

2018-05-19 11:20:14 - [TEST_STEP][PASSED] - click: Object: 'Object Repository/HealthpostToStore/Page_Store/button_Add' is clicked on

2018-05-19 11:20:14 - [MESSAGE][PASSED] - Object: 'Object Repository/HealthpostToStore/Page_Store/button_Add' is clicked on

2018-05-19 11:20:14 - [TEST_STEP][PASSED] - Statement - Break: null

2018-05-19 11:20:14 - [TEST_STEP][PASSED] - selectOptionByIndex: All options with index in [2] are selected on object 'Object Repository/HealthpostToStore/Page_Store/select_--Select--Adernaline 0.'

2018-05-19 11:20:14 - [MESSAGE][PASSED] - All options with index in [2] are selected on object 'Object Repository/HealthpostToStore/Page_Store/select_--Select--Adernaline 0.'

2018-05-19 11:20:14 - [TEST_STEP][PASSED] - delay: Delayed 2 second(s)

2018-05-19 11:20:16 - [MESSAGE][PASSED] - Delayed 2 second(s)

2018-05-19 11:20:16 - [TEST_STEP][PASSED] - Statement - RequestedQty = com.kms.katalon.core.webui.keyword.WebUiBuiltInKeywords.getAttribute(com.kms.katalon.core.testobject.ObjectRepository.findTestObject(HealthpostToStore/Page_Store/input_txttotal), "value"): Attribute 'value' of object 'Object Repository/HealthpostToStore/Page_Store/input_txttotal' is: '10'

2018-05-19 11:20:16 - [MESSAGE][PASSED] - Attribute 'value' of object 'Object Repository/HealthpostToStore/Page_Store/input_txttotal' is: '10'

2018-05-19 11:20:16 - [TEST_STEP][PASSED] - Statement - out.println("Requested QTY : " + RequestedQty): null

2018-05-19 11:20:16 - [TEST_STEP][PASSED] - Statement - BatchNumber = com.kms.katalon.core.webui.keyword.WebUiBuiltInKeywords.getNumberOfTotalOption(com.kms.katalon.core.testobject.ObjectRepository.findTestObject(HealthpostToStore/Page_Store/select_--Select--BA1170BA2376B)): 4 options of object 'Object Repository/HealthpostToStore/Page_Store/select_--Select--BA1170BA2376B' counted

2018-05-19 11:20:16 - [MESSAGE][PASSED] - 4 options of object 'Object Repository/HealthpostToStore/Page_Store/select_--Select--BA1170BA2376B' counted

2018-05-19 11:20:16 - [TEST_STEP][PASSED] - Statement - For ([g = 1, g <= BatchNumber - 1, (g++)]): null

2018-05-19 11:20:16 - [TEST_STEP][PASSED] - selectOptionByIndex: All options with index in [1] are selected on object 'Object Repository/HealthpostToStore/Page_Store/select_--Select--BA1170BA2376B'

2018-05-19 11:20:17 - [MESSAGE][PASSED] - All options with index in [1] are selected on object 'Object Repository/HealthpostToStore/Page_Store/select_--Select--BA1170BA2376B'

2018-05-19 11:20:17 - [TEST_STEP][PASSED] - Statement - Try: null

2018-05-19 11:20:17 - [TEST_STEP][PASSED] - Statement - StockQty = com.kms.katalon.core.webui.keyword.WebUiBuiltInKeywords.getAttribute(com.kms.katalon.core.testobject.ObjectRepository.findTestObject(HealthpostToStore/Page_Store/input_txtprice), "value"): Attribute 'value' of object 'Object Repository/HealthpostToStore/Page_Store/input_txtprice' is: '70'

2018-05-19 11:20:17 - [MESSAGE][PASSED] - Attribute 'value' of object 'Object Repository/HealthpostToStore/Page_Store/input_txtprice' is: '70'

2018-05-19 11:20:17 - [TEST_STEP][PASSED] - Statement - out.println("Stock QTY : " + StockQty): null

2018-05-19 11:20:17 - [TEST_STEP][PASSED] - delay: Delayed 2 second(s)

2018-05-19 11:20:19 - [MESSAGE][PASSED] - Delayed 2 second(s)

2018-05-19 11:20:19 - [TEST_STEP][PASSED] - Statement - If (java.lang.String.valueOf(StockQty) >= java.lang.String.valueOf(RequestedQty)): null

2018-05-19 11:20:19 - [TEST_STEP][PASSED] - setText: Text '10' is set on object 'Object Repository/HealthpostToStore/Page_Store/input_txtqty'

2018-05-19 11:20:19 - [MESSAGE][PASSED] - Text '10' is set on object 'Object Repository/HealthpostToStore/Page_Store/input_txtqty'

2018-05-19 11:20:19 - [TEST_STEP][PASSED] - click: Object: 'Object Repository/HealthpostToStore/Page_Store/button_Add' is clicked on

2018-05-19 11:20:19 - [MESSAGE][PASSED] - Object: 'Object Repository/HealthpostToStore/Page_Store/button_Add' is clicked on

2018-05-19 11:20:19 - [TEST_STEP][PASSED] - Statement - Break: null

2018-05-19 11:20:19 - [TEST_STEP][PASSED] - selectOptionByIndex: All options with index in [3] are selected on object 'Object Repository/HealthpostToStore/Page_Store/select_--Select--Adernaline 0.'

2018-05-19 11:20:19 - [MESSAGE][PASSED] - All options with index in [3] are selected on object 'Object Repository/HealthpostToStore/Page_Store/select_--Select--Adernaline 0.'

2018-05-19 11:20:19 - [TEST_STEP][PASSED] - delay: Delayed 2 second(s)

2018-05-19 11:20:21 - [MESSAGE][PASSED] - Delayed 2 second(s)

2018-05-19 11:20:21 - [TEST_STEP][PASSED] - Statement - RequestedQty = com.kms.katalon.core.webui.keyword.WebUiBuiltInKeywords.getAttribute(com.kms.katalon.core.testobject.ObjectRepository.findTestObject(HealthpostToStore/Page_Store/input_txttotal), "value"): Attribute 'value' of object 'Object Repository/HealthpostToStore/Page_Store/input_txttotal' is: '10'

2018-05-19 11:20:21 - [MESSAGE][PASSED] - Attribute 'value' of object 'Object Repository/HealthpostToStore/Page_Store/input_txttotal' is: '10'

2018-05-19 11:20:21 - [TEST_STEP][PASSED] - Statement - out.println("Requested QTY : " + RequestedQty): null

2018-05-19 11:20:21 - [TEST_STEP][PASSED] - Statement - BatchNumber = com.kms.katalon.core.webui.keyword.WebUiBuiltInKeywords.getNumberOfTotalOption(com.kms.katalon.core.testobject.ObjectRepository.findTestObject(HealthpostToStore/Page_Store/select_--Select--BA1170BA2376B)): 4 options of object 'Object Repository/HealthpostToStore/Page_Store/select_--Select--BA1170BA2376B' counted

2018-05-19 11:20:21 - [MESSAGE][PASSED] - 4 options of object 'Object Repository/HealthpostToStore/Page_Store/select_--Select--BA1170BA2376B' counted

2018-05-19 11:20:21 - [TEST_STEP][PASSED] - Statement - For ([g = 1, g <= BatchNumber - 1, (g++)]): null

2018-05-19 11:20:21 - [TEST_STEP][PASSED] - selectOptionByIndex: All options with index in [1] are selected on object 'Object Repository/HealthpostToStore/Page_Store/select_--Select--BA1170BA2376B'

2018-05-19 11:20:21 - [MESSAGE][PASSED] - All options with index in [1] are selected on object 'Object Repository/HealthpostToStore/Page_Store/select_--Select--BA1170BA2376B'

2018-05-19 11:20:21 - [TEST_STEP][PASSED] - Statement - Try: null

2018-05-19 11:20:21 - [TEST_STEP][PASSED] - Statement - StockQty = com.kms.katalon.core.webui.keyword.WebUiBuiltInKeywords.getAttribute(com.kms.katalon.core.testobject.ObjectRepository.findTestObject(HealthpostToStore/Page_Store/input_txtprice), "value"): Attribute 'value' of object 'Object Repository/HealthpostToStore/Page_Store/input_txtprice' is: '70'

2018-05-19 11:20:21 - [MESSAGE][PASSED] - Attribute 'value' of object 'Object Repository/HealthpostToStore/Page_Store/input_txtprice' is: '70'

2018-05-19 11:20:21 - [TEST_STEP][PASSED] - Statement - out.println("Stock QTY : " + StockQty): null

2018-05-19 11:20:21 - [TEST_STEP][PASSED] - delay: Delayed 2 second(s)

2018-05-19 11:20:23 - [MESSAGE][PASSED] - Delayed 2 second(s)

2018-05-19 11:20:23 - [TEST_STEP][PASSED] - Statement - If (java.lang.String.valueOf(StockQty) >= java.lang.String.valueOf(RequestedQty)): null

2018-05-19 11:20:23 - [TEST_STEP][PASSED] - setText: Text '10' is set on object 'Object Repository/HealthpostToStore/Page_Store/input_txtqty'

2018-05-19 11:20:23 - [MESSAGE][PASSED] - Text '10' is set on object 'Object Repository/HealthpostToStore/Page_Store/input_txtqty'

2018-05-19 11:20:23 - [TEST_STEP][PASSED] - click: Object: 'Object Repository/HealthpostToStore/Page_Store/button_Add' is clicked on

2018-05-19 11:20:23 - [MESSAGE][PASSED] - Object: 'Object Repository/HealthpostToStore/Page_Store/button_Add' is clicked on

2018-05-19 11:20:23 - [TEST_STEP][PASSED] - Statement - Break: null

2018-05-19 11:20:23 - [TEST_STEP][PASSED] - selectOptionByIndex: All options with index in [4] are selected on object 'Object Repository/HealthpostToStore/Page_Store/select_--Select--Adernaline 0.'

2018-05-19 11:20:24 - [MESSAGE][PASSED] - All options with index in [4] are selected on object 'Object Repository/HealthpostToStore/Page_Store/select_--Select--Adernaline 0.'

2018-05-19 11:20:24 - [TEST_STEP][PASSED] - delay: Delayed 2 second(s)

2018-05-19 11:20:26 - [MESSAGE][PASSED] - Delayed 2 second(s)

2018-05-19 11:20:26 - [TEST_STEP][PASSED] - Statement - RequestedQty = com.kms.katalon.core.webui.keyword.WebUiBuiltInKeywords.getAttribute(com.kms.katalon.core.testobject.ObjectRepository.findTestObject(HealthpostToStore/Page_Store/input_txttotal), "value"): Attribute 'value' of object 'Object Repository/HealthpostToStore/Page_Store/input_txttotal' is: '10'

2018-05-19 11:20:26 - [MESSAGE][PASSED] - Attribute 'value' of object 'Object Repository/HealthpostToStore/Page_Store/input_txttotal' is: '10'

2018-05-19 11:20:26 - [TEST_STEP][PASSED] - Statement - out.println("Requested QTY : " + RequestedQty): null

2018-05-19 11:20:26 - [TEST_STEP][PASSED] - Statement - BatchNumber = com.kms.katalon.core.webui.keyword.WebUiBuiltInKeywords.getNumberOfTotalOption(com.kms.katalon.core.testobject.ObjectRepository.findTestObject(HealthpostToStore/Page_Store/select_--Select--BA1170BA2376B)): 3 options of object 'Object Repository/HealthpostToStore/Page_Store/select_--Select--BA1170BA2376B' counted

2018-05-19 11:20:26 - [MESSAGE][PASSED] - 3 options of object 'Object Repository/HealthpostToStore/Page_Store/select_--Select--BA1170BA2376B' counted

2018-05-19 11:20:26 - [TEST_STEP][PASSED] - Statement - For ([g = 1, g <= BatchNumber - 1, (g++)]): null

2018-05-19 11:20:26 - [TEST_STEP][PASSED] - selectOptionByIndex: All options with index in [1] are selected on object 'Object Repository/HealthpostToStore/Page_Store/select_--Select--BA1170BA2376B'

2018-05-19 11:20:26 - [MESSAGE][PASSED] - All options with index in [1] are selected on object 'Object Repository/HealthpostToStore/Page_Store/select_--Select--BA1170BA2376B'

2018-05-19 11:20:26 - [TEST_STEP][PASSED] - Statement - Try: null

2018-05-19 11:20:26 - [TEST_STEP][PASSED] - Statement - StockQty = com.kms.katalon.core.webui.keyword.WebUiBuiltInKeywords.getAttribute(com.kms.katalon.core.testobject.ObjectRepository.findTestObject(HealthpostToStore/Page_Store/input_txtprice), "value"): Attribute 'value' of object 'Object Repository/HealthpostToStore/Page_Store/input_txtprice' is: '170'

2018-05-19 11:20:26 - [MESSAGE][PASSED] - Attribute 'value' of object 'Object Repository/HealthpostToStore/Page_Store/input_txtprice' is: '170'

2018-05-19 11:20:26 - [TEST_STEP][PASSED] - Statement - out.println("Stock QTY : " + StockQty): null

2018-05-19 11:20:26 - [TEST_STEP][PASSED] - delay: Delayed 2 second(s)

2018-05-19 11:20:28 - [MESSAGE][PASSED] - Delayed 2 second(s)

2018-05-19 11:20:28 - [TEST_STEP][PASSED] - Statement - If (java.lang.String.valueOf(StockQty) >= java.lang.String.valueOf(RequestedQty)): null

2018-05-19 11:20:28 - [TEST_STEP][PASSED] - setText: Text '10' is set on object 'Object Repository/HealthpostToStore/Page_Store/input_txtqty'

2018-05-19 11:20:28 - [MESSAGE][PASSED] - Text '10' is set on object 'Object Repository/HealthpostToStore/Page_Store/input_txtqty'

2018-05-19 11:20:28 - [TEST_STEP][PASSED] - click: Object: 'Object Repository/HealthpostToStore/Page_Store/button_Add' is clicked on

2018-05-19 11:20:28 - [MESSAGE][PASSED] - Object: 'Object Repository/HealthpostToStore/Page_Store/button_Add' is clicked on

2018-05-19 11:20:28 - [TEST_STEP][PASSED] - Statement - Break: null

2018-05-19 11:20:28 - [TEST_STEP][PASSED] - scrollToElement: Scroll to object 'Object Repository/HealthpostToStore/Page_Store/input_btnSubmit' successfully

2018-05-19 11:20:28 - [MESSAGE][PASSED] - Scroll to object 'Object Repository/HealthpostToStore/Page_Store/input_btnSubmit' successfully

2018-05-19 11:20:28 - [TEST_STEP][PASSED] - click: Object: 'Object Repository/HealthpostToStore/Page_Store/input_btnSubmit' is clicked on

2018-05-19 11:20:28 - [MESSAGE][PASSED] - Object: 'Object Repository/HealthpostToStore/Page_Store/input_btnSubmit' is clicked on

2018-05-19 11:20:28 - [TEST_STEP][PASSED] - delay: Delayed 3 second(s)

2018-05-19 11:20:31 - [MESSAGE][PASSED] - Delayed 3 second(s)

2018-05-19 11:20:31 - [TEST_STEP][PASSED] - click: Object: 'Object Repository/HealthpostToStore/Page_Store/button_OK' is clicked on

2018-05-19 11:20:32 - [MESSAGE][PASSED] - Object: 'Object Repository/HealthpostToStore/Page_Store/button_OK' is clicked on

2018-05-19 11:20:32 - [TEST_STEP][PASSED] - delay: Delayed 3 second(s)

2018-05-19 11:20:35 - [MESSAGE][PASSED] - Delayed 3 second(s)

2018-05-19 11:20:35 - [TEST_STEP][PASSED] - click: Object: 'Object Repository/HealthpostToStore/Page_Store/a_dropdown-toggle' is clicked on

2018-05-19 11:20:35 - [MESSAGE][PASSED] - Object: 'Object Repository/HealthpostToStore/Page_Store/a_dropdown-toggle' is clicked on

2018-05-19 11:20:35 - [TEST_STEP][PASSED] - click: Object: 'Object Repository/HealthpostToStore/Page_Store/a_Sign out' is clicked on

2018-05-19 11:20:36 - [MESSAGE][PASSED] - Object: 'Object Repository/HealthpostToStore/Page_Store/a_Sign out' is clicked on

2018-05-19 11:20:36 - [TEST_STEP][PASSED] - closeBrowser: Browser is closed

2018-05-19 11:20:36 - [MESSAGE][PASSED] - Browser is closed]]></system-out>
         <system-err><![CDATA[]]></system-err>
      </testcase>
      <testcase name="Test Cases/HEALTHPOST TEST CASES/TC_HP_011 Verify Schedule 11 Healthpost Request Are Working Successfully Or Not" classname="Test Cases/HEALTHPOST TEST CASES/TC_HP_011 Verify Schedule 11 Healthpost Request Are Working Successfully Or Not" status="FAILED">
         <failure type="FAILED" message="Unable to get text of object 'Object Repository/HealthpostToStore/Page_HealthPost Store/font_HPRNO180520187' (Root cause: com.kms.katalon.core.webui.exception.WebElementNotFoundException: Web element with id: 'Object Repository/HealthpostToStore/Page_HealthPost Store/font_HPRNO180520187' located by 'By.xpath: /html[1]/body[@class=&quot;skin-blue  pace-done modal-open&quot;]/div[@class=&quot;bootbox modal fade bootbox-alert in&quot;]/div[@class=&quot;modal-dialog&quot;]/div[@class=&quot;modal-content&quot;]/div[@class=&quot;modal-body&quot;]/div[@class=&quot;bootbox-body&quot;]/b[1]/font[1]' not found)"/>
         <system-out><![CDATA[2018-05-19 11:20:36 - [TEST_CASE][FAILED] - Test Cases/HEALTHPOST TEST CASES/TC_HP_011 Verify Schedule 11 Healthpost Request Are Working Successfully Or Not: Test Cases/HEALTHPOST TEST CASES/TC_HP_011 Verify Schedule 11 Healthpost Request Are Working Successfully Or Not FAILED because (of) Unable to get text of object 'Object Repository/HealthpostToStore/Page_HealthPost Store/font_HPRNO180520187' (Root cause: com.kms.katalon.core.webui.exception.WebElementNotFoundException: Web element with id: 'Object Repository/HealthpostToStore/Page_HealthPost Store/font_HPRNO180520187' located by 'By.xpath: /html[1]/body[@class="skin-blue  pace-done modal-open"]/div[@class="bootbox modal fade bootbox-alert in"]/div[@class="modal-dialog"]/div[@class="modal-content"]/div[@class="modal-body"]/div[@class="bootbox-body"]/b[1]/font[1]' not found)

2018-05-19 11:20:37 - [TEST_STEP][PASSED] - openBrowser: Browser is opened with url: ''

2018-05-19 11:20:39 - [MESSAGE][PASSED] - Browser is opened with url: ''

2018-05-19 11:20:39 - [TEST_STEP][PASSED] - navigateToUrl: Navigate to 'http://192.168.137.1/multihospital_new/HDSplashscreen.aspx' successfully

2018-05-19 11:20:42 - [MESSAGE][PASSED] - Navigate to 'http://192.168.137.1/multihospital_new/HDSplashscreen.aspx' successfully

2018-05-19 11:20:42 - [TEST_STEP][PASSED] - maximizeWindow: Current window maximized

2018-05-19 11:20:43 - [MESSAGE][PASSED] - Current window maximized

2018-05-19 11:20:43 - [TEST_STEP][PASSED] - click: Object: 'Object Repository/HealthpostToStore/Page_KDMC/a_Healthpost Store' is clicked on

2018-05-19 11:20:44 - [MESSAGE][PASSED] - Object: 'Object Repository/HealthpostToStore/Page_KDMC/a_Healthpost Store' is clicked on

2018-05-19 11:20:44 - [TEST_STEP][PASSED] - setText: Text 'raguram' is set on object 'Object Repository/HealthpostToStore/Page_HealthPost Store Login/input_txtusername'

2018-05-19 11:20:44 - [MESSAGE][PASSED] - Text 'raguram' is set on object 'Object Repository/HealthpostToStore/Page_HealthPost Store Login/input_txtusername'

2018-05-19 11:20:44 - [TEST_STEP][PASSED] - setText: Text '123' is set on object 'Object Repository/HealthpostToStore/Page_HealthPost Store Login/input_txtpassword'

2018-05-19 11:20:44 - [MESSAGE][PASSED] - Text '123' is set on object 'Object Repository/HealthpostToStore/Page_HealthPost Store Login/input_txtpassword'

2018-05-19 11:20:44 - [TEST_STEP][PASSED] - delay: Delayed 3 second(s)

2018-05-19 11:20:47 - [MESSAGE][PASSED] - Delayed 3 second(s)

2018-05-19 11:20:47 - [TEST_STEP][PASSED] - sendKeys: Keys 'ENTER + ' sent to object: 'Object Repository/HealthpostToStore/Page_HealthPost Store Login/input_txtpassword'

2018-05-19 11:20:48 - [MESSAGE][PASSED] - Keys 'ENTER + ' sent to object: 'Object Repository/HealthpostToStore/Page_HealthPost Store Login/input_txtpassword'

2018-05-19 11:20:48 - [TEST_STEP][PASSED] - delay: Delayed 3 second(s)

2018-05-19 11:20:51 - [MESSAGE][PASSED] - Delayed 3 second(s)

2018-05-19 11:20:51 - [TEST_STEP][PASSED] - doubleClick: Object: 'Object Repository/HealthpostToStore/Page_HealthPost Store/a_Request to Store' is double clicked on

2018-05-19 11:21:01 - [MESSAGE][PASSED] - Object: 'Object Repository/HealthpostToStore/Page_HealthPost Store/a_Request to Store' is double clicked on

2018-05-19 11:21:01 - [TEST_STEP][PASSED] - doubleClick: Object: 'Object Repository/HealthpostToStore/Page_HealthPost Store/a_Medicine Request' is double clicked on

2018-05-19 11:21:11 - [MESSAGE][PASSED] - Object: 'Object Repository/HealthpostToStore/Page_HealthPost Store/a_Medicine Request' is double clicked on

2018-05-19 11:21:11 - [TEST_STEP][PASSED] - selectOptionByIndex: All options with index in [11] are selected on object 'Object Repository/HealthpostToStore/Page_HealthPost Store/select_--Select--Schedule 1Inj'

2018-05-19 11:21:12 - [MESSAGE][PASSED] - All options with index in [11] are selected on object 'Object Repository/HealthpostToStore/Page_HealthPost Store/select_--Select--Schedule 1Inj'

2018-05-19 11:21:12 - [TEST_STEP][PASSED] - Statement - medicineslength = com.kms.katalon.core.webui.keyword.WebUiBuiltInKeywords.getNumberOfTotalOption(com.kms.katalon.core.testobject.ObjectRepository.findTestObject(HealthpostToStore/Page_HealthPost Store/select_--Select--Adernaline 0.)): 81 options of object 'Object Repository/HealthpostToStore/Page_HealthPost Store/select_--Select--Adernaline 0.' counted

2018-05-19 11:21:12 - [MESSAGE][PASSED] - 81 options of object 'Object Repository/HealthpostToStore/Page_HealthPost Store/select_--Select--Adernaline 0.' counted

2018-05-19 11:21:12 - [TEST_STEP][PASSED] - Statement - For ([e = 1, e <= 5 - 1, (e++)]): Object: 'Object Repository/HealthpostToStore/Page_HealthPost Store/button_Add' is double clicked on

2018-05-19 11:21:12 - [TEST_STEP][PASSED] - selectOptionByIndex: All options with index in [11] are selected on object 'Object Repository/HealthpostToStore/Page_HealthPost Store/select_--Select--Schedule 1Inj'

2018-05-19 11:21:12 - [MESSAGE][PASSED] - All options with index in [11] are selected on object 'Object Repository/HealthpostToStore/Page_HealthPost Store/select_--Select--Schedule 1Inj'

2018-05-19 11:21:12 - [TEST_STEP][PASSED] - selectOptionByIndex: All options with index in [1] are selected on object 'Object Repository/HealthpostToStore/Page_HealthPost Store/select_--Select--Adernaline 0.'

2018-05-19 11:21:12 - [MESSAGE][PASSED] - All options with index in [1] are selected on object 'Object Repository/HealthpostToStore/Page_HealthPost Store/select_--Select--Adernaline 0.'

2018-05-19 11:21:12 - [TEST_STEP][PASSED] - setText: Text '10' is set on object 'Object Repository/HealthpostToStore/Page_HealthPost Store/input_txttreat'

2018-05-19 11:21:12 - [MESSAGE][PASSED] - Text '10' is set on object 'Object Repository/HealthpostToStore/Page_HealthPost Store/input_txttreat'

2018-05-19 11:21:12 - [TEST_STEP][PASSED] - doubleClick: Object: 'Object Repository/HealthpostToStore/Page_HealthPost Store/button_Add' is double clicked on

2018-05-19 11:21:22 - [MESSAGE][PASSED] - Object: 'Object Repository/HealthpostToStore/Page_HealthPost Store/button_Add' is double clicked on

2018-05-19 11:21:22 - [TEST_STEP][PASSED] - selectOptionByIndex: All options with index in [11] are selected on object 'Object Repository/HealthpostToStore/Page_HealthPost Store/select_--Select--Schedule 1Inj'

2018-05-19 11:21:23 - [MESSAGE][PASSED] - All options with index in [11] are selected on object 'Object Repository/HealthpostToStore/Page_HealthPost Store/select_--Select--Schedule 1Inj'

2018-05-19 11:21:23 - [TEST_STEP][PASSED] - selectOptionByIndex: All options with index in [2] are selected on object 'Object Repository/HealthpostToStore/Page_HealthPost Store/select_--Select--Adernaline 0.'

2018-05-19 11:21:23 - [MESSAGE][PASSED] - All options with index in [2] are selected on object 'Object Repository/HealthpostToStore/Page_HealthPost Store/select_--Select--Adernaline 0.'

2018-05-19 11:21:23 - [TEST_STEP][PASSED] - setText: Text '10' is set on object 'Object Repository/HealthpostToStore/Page_HealthPost Store/input_txttreat'

2018-05-19 11:21:23 - [MESSAGE][PASSED] - Text '10' is set on object 'Object Repository/HealthpostToStore/Page_HealthPost Store/input_txttreat'

2018-05-19 11:21:23 - [TEST_STEP][PASSED] - doubleClick: Object: 'Object Repository/HealthpostToStore/Page_HealthPost Store/button_Add' is double clicked on

2018-05-19 11:21:33 - [MESSAGE][PASSED] - Object: 'Object Repository/HealthpostToStore/Page_HealthPost Store/button_Add' is double clicked on

2018-05-19 11:21:33 - [TEST_STEP][PASSED] - selectOptionByIndex: All options with index in [11] are selected on object 'Object Repository/HealthpostToStore/Page_HealthPost Store/select_--Select--Schedule 1Inj'

2018-05-19 11:21:33 - [MESSAGE][PASSED] - All options with index in [11] are selected on object 'Object Repository/HealthpostToStore/Page_HealthPost Store/select_--Select--Schedule 1Inj'

2018-05-19 11:21:33 - [TEST_STEP][PASSED] - selectOptionByIndex: All options with index in [3] are selected on object 'Object Repository/HealthpostToStore/Page_HealthPost Store/select_--Select--Adernaline 0.'

2018-05-19 11:21:33 - [MESSAGE][PASSED] - All options with index in [3] are selected on object 'Object Repository/HealthpostToStore/Page_HealthPost Store/select_--Select--Adernaline 0.'

2018-05-19 11:21:33 - [TEST_STEP][PASSED] - setText: Text '10' is set on object 'Object Repository/HealthpostToStore/Page_HealthPost Store/input_txttreat'

2018-05-19 11:21:33 - [MESSAGE][PASSED] - Text '10' is set on object 'Object Repository/HealthpostToStore/Page_HealthPost Store/input_txttreat'

2018-05-19 11:21:33 - [TEST_STEP][PASSED] - doubleClick: Object: 'Object Repository/HealthpostToStore/Page_HealthPost Store/button_Add' is double clicked on

2018-05-19 11:21:43 - [MESSAGE][PASSED] - Object: 'Object Repository/HealthpostToStore/Page_HealthPost Store/button_Add' is double clicked on

2018-05-19 11:21:43 - [TEST_STEP][PASSED] - selectOptionByIndex: All options with index in [11] are selected on object 'Object Repository/HealthpostToStore/Page_HealthPost Store/select_--Select--Schedule 1Inj'

2018-05-19 11:21:44 - [MESSAGE][PASSED] - All options with index in [11] are selected on object 'Object Repository/HealthpostToStore/Page_HealthPost Store/select_--Select--Schedule 1Inj'

2018-05-19 11:21:44 - [TEST_STEP][PASSED] - selectOptionByIndex: All options with index in [4] are selected on object 'Object Repository/HealthpostToStore/Page_HealthPost Store/select_--Select--Adernaline 0.'

2018-05-19 11:21:44 - [MESSAGE][PASSED] - All options with index in [4] are selected on object 'Object Repository/HealthpostToStore/Page_HealthPost Store/select_--Select--Adernaline 0.'

2018-05-19 11:21:44 - [TEST_STEP][PASSED] - setText: Text '10' is set on object 'Object Repository/HealthpostToStore/Page_HealthPost Store/input_txttreat'

2018-05-19 11:21:44 - [MESSAGE][PASSED] - Text '10' is set on object 'Object Repository/HealthpostToStore/Page_HealthPost Store/input_txttreat'

2018-05-19 11:21:44 - [TEST_STEP][PASSED] - doubleClick: Object: 'Object Repository/HealthpostToStore/Page_HealthPost Store/button_Add' is double clicked on

2018-05-19 11:21:54 - [MESSAGE][PASSED] - Object: 'Object Repository/HealthpostToStore/Page_HealthPost Store/button_Add' is double clicked on

2018-05-19 11:21:54 - [TEST_STEP][PASSED] - scrollToElement: Scroll to object 'Object Repository/HealthpostToStore/Page_HealthPost Store/input_btnsave' successfully

2018-05-19 11:21:54 - [MESSAGE][PASSED] - Scroll to object 'Object Repository/HealthpostToStore/Page_HealthPost Store/input_btnsave' successfully

2018-05-19 11:21:54 - [TEST_STEP][PASSED] - click: Object: 'Object Repository/HealthpostToStore/Page_HealthPost Store/input_btnsave' is clicked on

2018-05-19 11:21:59 - [MESSAGE][PASSED] - Object: 'Object Repository/HealthpostToStore/Page_HealthPost Store/input_btnsave' is clicked on

2018-05-19 11:21:59 - [TEST_STEP][PASSED] - delay: Delayed 3 second(s)

2018-05-19 11:22:02 - [MESSAGE][PASSED] - Delayed 3 second(s)

2018-05-19 11:22:02 - [TEST_STEP][FAILED] - Statement - RN1 = com.kms.katalon.core.webui.keyword.WebUiBuiltInKeywords.getText(com.kms.katalon.core.testobject.ObjectRepository.findTestObject(HealthpostToStore/Page_HealthPost Store/font_HPRNO180520187)): Unable to get text of object 'Object Repository/HealthpostToStore/Page_HealthPost Store/font_HPRNO180520187' (Root cause: com.kms.katalon.core.webui.exception.WebElementNotFoundException: Web element with id: 'Object Repository/HealthpostToStore/Page_HealthPost Store/font_HPRNO180520187' located by 'By.xpath: /html[1]/body[@class="skin-blue  pace-done modal-open"]/div[@class="bootbox modal fade bootbox-alert in"]/div[@class="modal-dialog"]/div[@class="modal-content"]/div[@class="modal-body"]/div[@class="bootbox-body"]/b[1]/font[1]' not found)

2018-05-19 11:22:34 - [MESSAGE][FAILED] - Unable to get text of object 'Object Repository/HealthpostToStore/Page_HealthPost Store/font_HPRNO180520187' (Root cause: com.kms.katalon.core.webui.exception.WebElementNotFoundException: Web element with id: 'Object Repository/HealthpostToStore/Page_HealthPost Store/font_HPRNO180520187' located by 'By.xpath: /html[1]/body[@class="skin-blue  pace-done modal-open"]/div[@class="bootbox modal fade bootbox-alert in"]/div[@class="modal-dialog"]/div[@class="modal-content"]/div[@class="modal-body"]/div[@class="bootbox-body"]/b[1]/font[1]' not found)
[[ATTACHMENT|C:\\Users\\Quality Analyst\\Katalon Studio\\ds\\Reports\\HealthPost_Store_Suite\\20180519_110932\\1526709154023.png]]]]></system-out>
         <system-err><![CDATA[2018-05-19 11:20:36 - [TEST_CASE][FAILED] - Test Cases/HEALTHPOST TEST CASES/TC_HP_011 Verify Schedule 11 Healthpost Request Are Working Successfully Or Not: Test Cases/HEALTHPOST TEST CASES/TC_HP_011 Verify Schedule 11 Healthpost Request Are Working Successfully Or Not FAILED because (of) Unable to get text of object 'Object Repository/HealthpostToStore/Page_HealthPost Store/font_HPRNO180520187' (Root cause: com.kms.katalon.core.webui.exception.WebElementNotFoundException: Web element with id: 'Object Repository/HealthpostToStore/Page_HealthPost Store/font_HPRNO180520187' located by 'By.xpath: /html[1]/body[@class="skin-blue  pace-done modal-open"]/div[@class="bootbox modal fade bootbox-alert in"]/div[@class="modal-dialog"]/div[@class="modal-content"]/div[@class="modal-body"]/div[@class="bootbox-body"]/b[1]/font[1]' not found)]]></system-err>
      </testcase>
      <testcase name="Test Cases/HEALTHPOST TEST CASES/TC_HP_012 Verify Schedule 12 Healthpost Request Are Working Successfully Or Not" classname="Test Cases/HEALTHPOST TEST CASES/TC_HP_012 Verify Schedule 12 Healthpost Request Are Working Successfully Or Not" status="PASSED">
         <system-out><![CDATA[2018-05-19 11:22:34 - [TEST_CASE][PASSED] - Test Cases/HEALTHPOST TEST CASES/TC_HP_012 Verify Schedule 12 Healthpost Request Are Working Successfully Or Not: Test Cases/HEALTHPOST TEST CASES/TC_HP_012 Verify Schedule 12 Healthpost Request Are Working Successfully Or Not

2018-05-19 11:22:34 - [TEST_STEP][PASSED] - openBrowser: Browser is opened with url: ''

2018-05-19 11:22:34 - [MESSAGE][WARNING] - A browser is already opened. Closing browser and opening a new one

2018-05-19 11:22:37 - [MESSAGE][PASSED] - Browser is opened with url: ''

2018-05-19 11:22:37 - [TEST_STEP][PASSED] - navigateToUrl: Navigate to 'http://192.168.137.1/multihospital_new/HDSplashscreen.aspx' successfully

2018-05-19 11:22:39 - [MESSAGE][PASSED] - Navigate to 'http://192.168.137.1/multihospital_new/HDSplashscreen.aspx' successfully

2018-05-19 11:22:39 - [TEST_STEP][PASSED] - maximizeWindow: Current window maximized

2018-05-19 11:22:40 - [MESSAGE][PASSED] - Current window maximized

2018-05-19 11:22:40 - [TEST_STEP][PASSED] - click: Object: 'Object Repository/HealthpostToStore/Page_KDMC/a_Healthpost Store' is clicked on

2018-05-19 11:22:41 - [MESSAGE][PASSED] - Object: 'Object Repository/HealthpostToStore/Page_KDMC/a_Healthpost Store' is clicked on

2018-05-19 11:22:41 - [TEST_STEP][PASSED] - setText: Text 'raguram' is set on object 'Object Repository/HealthpostToStore/Page_HealthPost Store Login/input_txtusername'

2018-05-19 11:22:41 - [MESSAGE][PASSED] - Text 'raguram' is set on object 'Object Repository/HealthpostToStore/Page_HealthPost Store Login/input_txtusername'

2018-05-19 11:22:41 - [TEST_STEP][PASSED] - setText: Text '123' is set on object 'Object Repository/HealthpostToStore/Page_HealthPost Store Login/input_txtpassword'

2018-05-19 11:22:41 - [MESSAGE][PASSED] - Text '123' is set on object 'Object Repository/HealthpostToStore/Page_HealthPost Store Login/input_txtpassword'

2018-05-19 11:22:41 - [TEST_STEP][PASSED] - delay: Delayed 3 second(s)

2018-05-19 11:22:44 - [MESSAGE][PASSED] - Delayed 3 second(s)

2018-05-19 11:22:44 - [TEST_STEP][PASSED] - sendKeys: Keys 'ENTER + ' sent to object: 'Object Repository/HealthpostToStore/Page_HealthPost Store Login/input_txtpassword'

2018-05-19 11:22:45 - [MESSAGE][PASSED] - Keys 'ENTER + ' sent to object: 'Object Repository/HealthpostToStore/Page_HealthPost Store Login/input_txtpassword'

2018-05-19 11:22:45 - [TEST_STEP][PASSED] - delay: Delayed 3 second(s)

2018-05-19 11:22:48 - [MESSAGE][PASSED] - Delayed 3 second(s)

2018-05-19 11:22:48 - [TEST_STEP][PASSED] - doubleClick: Object: 'Object Repository/HealthpostToStore/Page_HealthPost Store/a_Request to Store' is double clicked on

2018-05-19 11:22:48 - [MESSAGE][PASSED] - Object: 'Object Repository/HealthpostToStore/Page_HealthPost Store/a_Request to Store' is double clicked on

2018-05-19 11:22:48 - [TEST_STEP][PASSED] - doubleClick: Object: 'Object Repository/HealthpostToStore/Page_HealthPost Store/a_Medicine Request' is double clicked on

2018-05-19 11:22:48 - [MESSAGE][PASSED] - Object: 'Object Repository/HealthpostToStore/Page_HealthPost Store/a_Medicine Request' is double clicked on

2018-05-19 11:22:48 - [TEST_STEP][PASSED] - selectOptionByIndex: All options with index in [12] are selected on object 'Object Repository/HealthpostToStore/Page_HealthPost Store/select_--Select--Schedule 1Inj'

2018-05-19 11:22:49 - [MESSAGE][PASSED] - All options with index in [12] are selected on object 'Object Repository/HealthpostToStore/Page_HealthPost Store/select_--Select--Schedule 1Inj'

2018-05-19 11:22:49 - [TEST_STEP][PASSED] - Statement - medicineslength = com.kms.katalon.core.webui.keyword.WebUiBuiltInKeywords.getNumberOfTotalOption(com.kms.katalon.core.testobject.ObjectRepository.findTestObject(HealthpostToStore/Page_HealthPost Store/select_--Select--Adernaline 0.)): 19 options of object 'Object Repository/HealthpostToStore/Page_HealthPost Store/select_--Select--Adernaline 0.' counted

2018-05-19 11:22:49 - [MESSAGE][PASSED] - 19 options of object 'Object Repository/HealthpostToStore/Page_HealthPost Store/select_--Select--Adernaline 0.' counted

2018-05-19 11:22:49 - [TEST_STEP][PASSED] - Statement - For ([e = 1, e <= 5 - 1, (e++)]): Object: 'Object Repository/HealthpostToStore/Page_HealthPost Store/button_Add' is double clicked on

2018-05-19 11:22:49 - [TEST_STEP][PASSED] - selectOptionByIndex: All options with index in [12] are selected on object 'Object Repository/HealthpostToStore/Page_HealthPost Store/select_--Select--Schedule 1Inj'

2018-05-19 11:22:49 - [MESSAGE][PASSED] - All options with index in [12] are selected on object 'Object Repository/HealthpostToStore/Page_HealthPost Store/select_--Select--Schedule 1Inj'

2018-05-19 11:22:49 - [TEST_STEP][PASSED] - selectOptionByIndex: All options with index in [1] are selected on object 'Object Repository/HealthpostToStore/Page_HealthPost Store/select_--Select--Adernaline 0.'

2018-05-19 11:22:49 - [MESSAGE][PASSED] - All options with index in [1] are selected on object 'Object Repository/HealthpostToStore/Page_HealthPost Store/select_--Select--Adernaline 0.'

2018-05-19 11:22:49 - [TEST_STEP][PASSED] - setText: Text '10' is set on object 'Object Repository/HealthpostToStore/Page_HealthPost Store/input_txttreat'

2018-05-19 11:22:49 - [MESSAGE][PASSED] - Text '10' is set on object 'Object Repository/HealthpostToStore/Page_HealthPost Store/input_txttreat'

2018-05-19 11:22:49 - [TEST_STEP][PASSED] - doubleClick: Object: 'Object Repository/HealthpostToStore/Page_HealthPost Store/button_Add' is double clicked on

2018-05-19 11:22:49 - [MESSAGE][PASSED] - Object: 'Object Repository/HealthpostToStore/Page_HealthPost Store/button_Add' is double clicked on

2018-05-19 11:22:49 - [TEST_STEP][PASSED] - selectOptionByIndex: All options with index in [12] are selected on object 'Object Repository/HealthpostToStore/Page_HealthPost Store/select_--Select--Schedule 1Inj'

2018-05-19 11:22:50 - [MESSAGE][PASSED] - All options with index in [12] are selected on object 'Object Repository/HealthpostToStore/Page_HealthPost Store/select_--Select--Schedule 1Inj'

2018-05-19 11:22:50 - [TEST_STEP][PASSED] - selectOptionByIndex: All options with index in [2] are selected on object 'Object Repository/HealthpostToStore/Page_HealthPost Store/select_--Select--Adernaline 0.'

2018-05-19 11:22:50 - [MESSAGE][PASSED] - All options with index in [2] are selected on object 'Object Repository/HealthpostToStore/Page_HealthPost Store/select_--Select--Adernaline 0.'

2018-05-19 11:22:50 - [TEST_STEP][PASSED] - setText: Text '10' is set on object 'Object Repository/HealthpostToStore/Page_HealthPost Store/input_txttreat'

2018-05-19 11:22:50 - [MESSAGE][PASSED] - Text '10' is set on object 'Object Repository/HealthpostToStore/Page_HealthPost Store/input_txttreat'

2018-05-19 11:22:50 - [TEST_STEP][PASSED] - doubleClick: Object: 'Object Repository/HealthpostToStore/Page_HealthPost Store/button_Add' is double clicked on

2018-05-19 11:22:50 - [MESSAGE][PASSED] - Object: 'Object Repository/HealthpostToStore/Page_HealthPost Store/button_Add' is double clicked on

2018-05-19 11:22:50 - [TEST_STEP][PASSED] - selectOptionByIndex: All options with index in [12] are selected on object 'Object Repository/HealthpostToStore/Page_HealthPost Store/select_--Select--Schedule 1Inj'

2018-05-19 11:22:50 - [MESSAGE][PASSED] - All options with index in [12] are selected on object 'Object Repository/HealthpostToStore/Page_HealthPost Store/select_--Select--Schedule 1Inj'

2018-05-19 11:22:50 - [TEST_STEP][PASSED] - selectOptionByIndex: All options with index in [3] are selected on object 'Object Repository/HealthpostToStore/Page_HealthPost Store/select_--Select--Adernaline 0.'

2018-05-19 11:22:50 - [MESSAGE][PASSED] - All options with index in [3] are selected on object 'Object Repository/HealthpostToStore/Page_HealthPost Store/select_--Select--Adernaline 0.'

2018-05-19 11:22:50 - [TEST_STEP][PASSED] - setText: Text '10' is set on object 'Object Repository/HealthpostToStore/Page_HealthPost Store/input_txttreat'

2018-05-19 11:22:51 - [MESSAGE][PASSED] - Text '10' is set on object 'Object Repository/HealthpostToStore/Page_HealthPost Store/input_txttreat'

2018-05-19 11:22:51 - [TEST_STEP][PASSED] - doubleClick: Object: 'Object Repository/HealthpostToStore/Page_HealthPost Store/button_Add' is double clicked on

2018-05-19 11:22:51 - [MESSAGE][PASSED] - Object: 'Object Repository/HealthpostToStore/Page_HealthPost Store/button_Add' is double clicked on

2018-05-19 11:22:51 - [TEST_STEP][PASSED] - selectOptionByIndex: All options with index in [12] are selected on object 'Object Repository/HealthpostToStore/Page_HealthPost Store/select_--Select--Schedule 1Inj'

2018-05-19 11:22:51 - [MESSAGE][PASSED] - All options with index in [12] are selected on object 'Object Repository/HealthpostToStore/Page_HealthPost Store/select_--Select--Schedule 1Inj'

2018-05-19 11:22:51 - [TEST_STEP][PASSED] - selectOptionByIndex: All options with index in [4] are selected on object 'Object Repository/HealthpostToStore/Page_HealthPost Store/select_--Select--Adernaline 0.'

2018-05-19 11:22:51 - [MESSAGE][PASSED] - All options with index in [4] are selected on object 'Object Repository/HealthpostToStore/Page_HealthPost Store/select_--Select--Adernaline 0.'

2018-05-19 11:22:51 - [TEST_STEP][PASSED] - setText: Text '10' is set on object 'Object Repository/HealthpostToStore/Page_HealthPost Store/input_txttreat'

2018-05-19 11:22:51 - [MESSAGE][PASSED] - Text '10' is set on object 'Object Repository/HealthpostToStore/Page_HealthPost Store/input_txttreat'

2018-05-19 11:22:51 - [TEST_STEP][PASSED] - doubleClick: Object: 'Object Repository/HealthpostToStore/Page_HealthPost Store/button_Add' is double clicked on

2018-05-19 11:22:51 - [MESSAGE][PASSED] - Object: 'Object Repository/HealthpostToStore/Page_HealthPost Store/button_Add' is double clicked on

2018-05-19 11:22:51 - [TEST_STEP][PASSED] - scrollToElement: Scroll to object 'Object Repository/HealthpostToStore/Page_HealthPost Store/input_btnsave' successfully

2018-05-19 11:22:51 - [MESSAGE][PASSED] - Scroll to object 'Object Repository/HealthpostToStore/Page_HealthPost Store/input_btnsave' successfully

2018-05-19 11:22:51 - [TEST_STEP][PASSED] - click: Object: 'Object Repository/HealthpostToStore/Page_HealthPost Store/input_btnsave' is clicked on

2018-05-19 11:22:51 - [MESSAGE][PASSED] - Object: 'Object Repository/HealthpostToStore/Page_HealthPost Store/input_btnsave' is clicked on

2018-05-19 11:22:51 - [TEST_STEP][PASSED] - delay: Delayed 3 second(s)

2018-05-19 11:22:54 - [MESSAGE][PASSED] - Delayed 3 second(s)

2018-05-19 11:22:54 - [TEST_STEP][PASSED] - Statement - RN1 = com.kms.katalon.core.webui.keyword.WebUiBuiltInKeywords.getText(com.kms.katalon.core.testobject.ObjectRepository.findTestObject(HealthpostToStore/Page_HealthPost Store/font_HPRNO180520187)): Text of object 'Object Repository/HealthpostToStore/Page_HealthPost Store/font_HPRNO180520187' is: 'HPRNO/19052018/33'

2018-05-19 11:22:54 - [MESSAGE][PASSED] - Text of object 'Object Repository/HealthpostToStore/Page_HealthPost Store/font_HPRNO180520187' is: 'HPRNO/19052018/33'

2018-05-19 11:22:54 - [TEST_STEP][PASSED] - Statement - out.println(RN1): null

2018-05-19 11:22:54 - [TEST_STEP][PASSED] - Statement - RID = RN1.split("/")[2]: null

2018-05-19 11:22:54 - [TEST_STEP][PASSED] - click: Object: 'Object Repository/HealthpostToStore/Page_HealthPost Store/button_OK' is clicked on

2018-05-19 11:22:55 - [MESSAGE][PASSED] - Object: 'Object Repository/HealthpostToStore/Page_HealthPost Store/button_OK' is clicked on

2018-05-19 11:22:55 - [TEST_STEP][PASSED] - delay: Delayed 3 second(s)

2018-05-19 11:22:58 - [MESSAGE][PASSED] - Delayed 3 second(s)

2018-05-19 11:22:58 - [TEST_STEP][PASSED] - click: Object: 'Object Repository/HealthpostToStore/Page_HealthPost Store/a_dropdown-toggle' is clicked on

2018-05-19 11:22:58 - [MESSAGE][PASSED] - Object: 'Object Repository/HealthpostToStore/Page_HealthPost Store/a_dropdown-toggle' is clicked on

2018-05-19 11:22:58 - [TEST_STEP][PASSED] - click: Object: 'Object Repository/HealthpostToStore/Page_HealthPost Store/a_Sign out' is clicked on

2018-05-19 11:22:59 - [MESSAGE][PASSED] - Object: 'Object Repository/HealthpostToStore/Page_HealthPost Store/a_Sign out' is clicked on

2018-05-19 11:22:59 - [TEST_STEP][PASSED] - delay: Delayed 3 second(s)

2018-05-19 11:23:02 - [MESSAGE][PASSED] - Delayed 3 second(s)

2018-05-19 11:23:02 - [TEST_STEP][PASSED] - navigateToUrl: Navigate to 'http://192.168.137.1/multihospital_new/' successfully

2018-05-19 11:23:02 - [MESSAGE][PASSED] - Navigate to 'http://192.168.137.1/multihospital_new/' successfully

2018-05-19 11:23:02 - [TEST_STEP][PASSED] - click: Object: 'Object Repository/HealthpostToStore/Page_KDMC/a_CMO' is clicked on

2018-05-19 11:23:03 - [MESSAGE][PASSED] - Object: 'Object Repository/HealthpostToStore/Page_KDMC/a_CMO' is clicked on

2018-05-19 11:23:03 - [TEST_STEP][PASSED] - setText: Text 'guru' is set on object 'Object Repository/HealthpostToStore/Page_CMO login/input_txtusername'

2018-05-19 11:23:03 - [MESSAGE][PASSED] - Text 'guru' is set on object 'Object Repository/HealthpostToStore/Page_CMO login/input_txtusername'

2018-05-19 11:23:03 - [TEST_STEP][PASSED] - setText: Text '123' is set on object 'Object Repository/HealthpostToStore/Page_CMO login/input_txtpassword'

2018-05-19 11:23:03 - [MESSAGE][PASSED] - Text '123' is set on object 'Object Repository/HealthpostToStore/Page_CMO login/input_txtpassword'

2018-05-19 11:23:03 - [TEST_STEP][PASSED] - delay: Delayed 3 second(s)

2018-05-19 11:23:06 - [MESSAGE][PASSED] - Delayed 3 second(s)

2018-05-19 11:23:06 - [TEST_STEP][PASSED] - click: Object: 'Object Repository/HealthpostToStore/Page_CMO login/button_Sign in' is clicked on

2018-05-19 11:23:07 - [MESSAGE][PASSED] - Object: 'Object Repository/HealthpostToStore/Page_CMO login/button_Sign in' is clicked on

2018-05-19 11:23:07 - [TEST_STEP][PASSED] - click: Object: 'Object Repository/HealthpostToStore/Page_KDMC - CMO/a_Department Wise Request' is clicked on

2018-05-19 11:23:09 - [MESSAGE][PASSED] - Object: 'Object Repository/HealthpostToStore/Page_KDMC - CMO/a_Department Wise Request' is clicked on

2018-05-19 11:23:09 - [TEST_STEP][PASSED] - delay: Delayed 2 second(s)

2018-05-19 11:23:11 - [MESSAGE][PASSED] - Delayed 2 second(s)

2018-05-19 11:23:11 - [TEST_STEP][PASSED] - selectOptionByIndex: All options with index in [5] are selected on object 'Object Repository/HealthpostToStore/Page_KDMC - CMO/select_--ALL--'

2018-05-19 11:23:11 - [MESSAGE][PASSED] - All options with index in [5] are selected on object 'Object Repository/HealthpostToStore/Page_KDMC - CMO/select_--ALL--'

2018-05-19 11:23:11 - [TEST_STEP][PASSED] - click: Object: 'Object Repository/HealthpostToStore/Page_KDMC - CMO/input_btnsearch' is clicked on

2018-05-19 11:23:11 - [MESSAGE][PASSED] - Object: 'Object Repository/HealthpostToStore/Page_KDMC - CMO/input_btnsearch' is clicked on

2018-05-19 11:23:11 - [TEST_STEP][PASSED] - selectOptionByIndex: All options with index in [1] are selected on object 'Object Repository/HealthpostToStore/Page_KDMC - CMO/select_--ALL--                _1'

2018-05-19 11:23:11 - [MESSAGE][PASSED] - All options with index in [1] are selected on object 'Object Repository/HealthpostToStore/Page_KDMC - CMO/select_--ALL--                _1'

2018-05-19 11:23:11 - [TEST_STEP][PASSED] - click: Object: 'Object Repository/HealthpostToStore/Page_KDMC - CMO/input_btnsearch' is clicked on

2018-05-19 11:23:11 - [MESSAGE][PASSED] - Object: 'Object Repository/HealthpostToStore/Page_KDMC - CMO/input_btnsearch' is clicked on

2018-05-19 11:23:11 - [TEST_STEP][PASSED] - Statement - ID = com.kms.katalon.core.webui.keyword.WebUiBuiltInKeywords.modifyObjectProperty(com.kms.katalon.core.testobject.ObjectRepository.findTestObject(lab/Page_KDMC - CMO/input_1), "xpath", "equals", "//*[@id=" + RID + "]", true): Modify property of object successfully

2018-05-19 11:23:11 - [MESSAGE][PASSED] - Modify property of object successfully

2018-05-19 11:23:11 - [TEST_STEP][PASSED] - click: Object: 'Object Repository/lab/Page_KDMC - CMO/input_1' is clicked on

2018-05-19 11:23:12 - [MESSAGE][PASSED] - Object: 'Object Repository/lab/Page_KDMC - CMO/input_1' is clicked on

2018-05-19 11:23:12 - [TEST_STEP][PASSED] - delay: Delayed 2 second(s)

2018-05-19 11:23:14 - [MESSAGE][PASSED] - Delayed 2 second(s)

2018-05-19 11:23:14 - [TEST_STEP][PASSED] - selectOptionByIndex: All options with index in [1] are selected on object 'Object Repository/HealthpostToStore/Page_KDMC - CMO/select_--Select--'

2018-05-19 11:23:14 - [MESSAGE][PASSED] - All options with index in [1] are selected on object 'Object Repository/HealthpostToStore/Page_KDMC - CMO/select_--Select--'

2018-05-19 11:23:14 - [TEST_STEP][PASSED] - click: Object: 'Object Repository/HealthpostToStore/Page_KDMC - CMO/input_btnupdate' is clicked on

2018-05-19 11:23:14 - [MESSAGE][PASSED] - Object: 'Object Repository/HealthpostToStore/Page_KDMC - CMO/input_btnupdate' is clicked on

2018-05-19 11:23:14 - [TEST_STEP][PASSED] - delay: Delayed 2 second(s)

2018-05-19 11:23:16 - [MESSAGE][PASSED] - Delayed 2 second(s)

2018-05-19 11:23:16 - [TEST_STEP][PASSED] - click: Object: 'Object Repository/HealthpostToStore/Page_KDMC - CMO/button_OK' is clicked on

2018-05-19 11:23:16 - [MESSAGE][PASSED] - Object: 'Object Repository/HealthpostToStore/Page_KDMC - CMO/button_OK' is clicked on

2018-05-19 11:23:16 - [TEST_STEP][PASSED] - delay: Delayed 2 second(s)

2018-05-19 11:23:18 - [MESSAGE][PASSED] - Delayed 2 second(s)

2018-05-19 11:23:18 - [TEST_STEP][PASSED] - click: Object: 'Object Repository/HealthpostToStore/Page_KDMC - CMO/a_dropdown-toggle' is clicked on

2018-05-19 11:23:19 - [MESSAGE][PASSED] - Object: 'Object Repository/HealthpostToStore/Page_KDMC - CMO/a_dropdown-toggle' is clicked on

2018-05-19 11:23:19 - [TEST_STEP][PASSED] - click: Object: 'Object Repository/HealthpostToStore/Page_KDMC - CMO/a_Sign out' is clicked on

2018-05-19 11:23:19 - [MESSAGE][PASSED] - Object: 'Object Repository/HealthpostToStore/Page_KDMC - CMO/a_Sign out' is clicked on

2018-05-19 11:23:19 - [TEST_STEP][PASSED] - delay: Delayed 3 second(s)

2018-05-19 11:23:22 - [MESSAGE][PASSED] - Delayed 3 second(s)

2018-05-19 11:23:22 - [TEST_STEP][PASSED] - click: Object: 'Object Repository/HealthpostToStore/Page_KDMC/a_Divisional Store' is clicked on

2018-05-19 11:23:23 - [MESSAGE][PASSED] - Object: 'Object Repository/HealthpostToStore/Page_KDMC/a_Divisional Store' is clicked on

2018-05-19 11:23:23 - [TEST_STEP][PASSED] - setText: Text 'ragu' is set on object 'Object Repository/HealthpostToStore/Page_Divisonal Store Login/input_txtusername'

2018-05-19 11:23:23 - [MESSAGE][PASSED] - Text 'ragu' is set on object 'Object Repository/HealthpostToStore/Page_Divisonal Store Login/input_txtusername'

2018-05-19 11:23:23 - [TEST_STEP][PASSED] - setText: Text '123' is set on object 'Object Repository/HealthpostToStore/Page_Divisonal Store Login/input_txtpassword'

2018-05-19 11:23:23 - [MESSAGE][PASSED] - Text '123' is set on object 'Object Repository/HealthpostToStore/Page_Divisonal Store Login/input_txtpassword'

2018-05-19 11:23:23 - [TEST_STEP][PASSED] - delay: Delayed 3 second(s)

2018-05-19 11:23:26 - [MESSAGE][PASSED] - Delayed 3 second(s)

2018-05-19 11:23:26 - [TEST_STEP][PASSED] - click: Object: 'Object Repository/HealthpostToStore/Page_Divisonal Store Login/button_Sign in' is clicked on

2018-05-19 11:23:28 - [MESSAGE][PASSED] - Object: 'Object Repository/HealthpostToStore/Page_Divisonal Store Login/button_Sign in' is clicked on

2018-05-19 11:23:28 - [TEST_STEP][PASSED] - delay: Delayed 3 second(s)

2018-05-19 11:23:31 - [MESSAGE][PASSED] - Delayed 3 second(s)

2018-05-19 11:23:31 - [TEST_STEP][PASSED] - click: Object: 'Object Repository/HealthpostToStore/Page_Store/a_Health Post Request' is clicked on

2018-05-19 11:23:31 - [MESSAGE][PASSED] - Object: 'Object Repository/HealthpostToStore/Page_Store/a_Health Post Request' is clicked on

2018-05-19 11:23:31 - [TEST_STEP][PASSED] - click: Object: 'Object Repository/HealthpostToStore/Page_Store/a_Request Item HealthPost' is clicked on

2018-05-19 11:23:32 - [MESSAGE][PASSED] - Object: 'Object Repository/HealthpostToStore/Page_Store/a_Request Item HealthPost' is clicked on

2018-05-19 11:23:32 - [TEST_STEP][PASSED] - Statement - ChooseRequest = com.kms.katalon.core.webui.keyword.WebUiBuiltInKeywords.modifyObjectProperty(com.kms.katalon.core.testobject.ObjectRepository.findTestObject(lab/Page_Store/input_1), "xpath", "equals", "//*[@id=" + RID + "]", true): Modify property of object successfully

2018-05-19 11:23:32 - [MESSAGE][PASSED] - Modify property of object successfully

2018-05-19 11:23:32 - [TEST_STEP][PASSED] - click: Object: 'Object Repository/lab/Page_Store/input_1' is clicked on

2018-05-19 11:23:32 - [MESSAGE][PASSED] - Object: 'Object Repository/lab/Page_Store/input_1' is clicked on

2018-05-19 11:23:32 - [TEST_STEP][PASSED] - Statement - selectedoptions = com.kms.katalon.core.webui.keyword.WebUiBuiltInKeywords.getNumberOfTotalOption(com.kms.katalon.core.testobject.ObjectRepository.findTestObject(HealthpostToStore/Page_Store/select_--Select--Adernaline 0.)): 5 options of object 'Object Repository/HealthpostToStore/Page_Store/select_--Select--Adernaline 0.' counted

2018-05-19 11:23:32 - [MESSAGE][PASSED] - 5 options of object 'Object Repository/HealthpostToStore/Page_Store/select_--Select--Adernaline 0.' counted

2018-05-19 11:23:32 - [TEST_STEP][PASSED] - Statement - For ([a = 1, a <= selectedoptions - 1, (a++)]): null

2018-05-19 11:23:32 - [TEST_STEP][PASSED] - selectOptionByIndex: All options with index in [1] are selected on object 'Object Repository/HealthpostToStore/Page_Store/select_--Select--Adernaline 0.'

2018-05-19 11:23:33 - [MESSAGE][PASSED] - All options with index in [1] are selected on object 'Object Repository/HealthpostToStore/Page_Store/select_--Select--Adernaline 0.'

2018-05-19 11:23:33 - [TEST_STEP][PASSED] - delay: Delayed 2 second(s)

2018-05-19 11:23:35 - [MESSAGE][PASSED] - Delayed 2 second(s)

2018-05-19 11:23:35 - [TEST_STEP][PASSED] - Statement - RequestedQty = com.kms.katalon.core.webui.keyword.WebUiBuiltInKeywords.getAttribute(com.kms.katalon.core.testobject.ObjectRepository.findTestObject(HealthpostToStore/Page_Store/input_txttotal), "value"): Attribute 'value' of object 'Object Repository/HealthpostToStore/Page_Store/input_txttotal' is: '10'

2018-05-19 11:23:35 - [MESSAGE][PASSED] - Attribute 'value' of object 'Object Repository/HealthpostToStore/Page_Store/input_txttotal' is: '10'

2018-05-19 11:23:35 - [TEST_STEP][PASSED] - Statement - out.println("Requested QTY : " + RequestedQty): null

2018-05-19 11:23:35 - [TEST_STEP][PASSED] - Statement - BatchNumber = com.kms.katalon.core.webui.keyword.WebUiBuiltInKeywords.getNumberOfTotalOption(com.kms.katalon.core.testobject.ObjectRepository.findTestObject(HealthpostToStore/Page_Store/select_--Select--BA1170BA2376B)): 3 options of object 'Object Repository/HealthpostToStore/Page_Store/select_--Select--BA1170BA2376B' counted

2018-05-19 11:23:35 - [MESSAGE][PASSED] - 3 options of object 'Object Repository/HealthpostToStore/Page_Store/select_--Select--BA1170BA2376B' counted

2018-05-19 11:23:35 - [TEST_STEP][PASSED] - Statement - For ([g = 1, g <= BatchNumber - 1, (g++)]): null

2018-05-19 11:23:35 - [TEST_STEP][PASSED] - selectOptionByIndex: All options with index in [1] are selected on object 'Object Repository/HealthpostToStore/Page_Store/select_--Select--BA1170BA2376B'

2018-05-19 11:23:35 - [MESSAGE][PASSED] - All options with index in [1] are selected on object 'Object Repository/HealthpostToStore/Page_Store/select_--Select--BA1170BA2376B'

2018-05-19 11:23:35 - [TEST_STEP][PASSED] - Statement - Try: null

2018-05-19 11:23:35 - [TEST_STEP][PASSED] - Statement - StockQty = com.kms.katalon.core.webui.keyword.WebUiBuiltInKeywords.getAttribute(com.kms.katalon.core.testobject.ObjectRepository.findTestObject(HealthpostToStore/Page_Store/input_txtprice), "value"): Attribute 'value' of object 'Object Repository/HealthpostToStore/Page_Store/input_txtprice' is: '65'

2018-05-19 11:23:35 - [MESSAGE][PASSED] - Attribute 'value' of object 'Object Repository/HealthpostToStore/Page_Store/input_txtprice' is: '65'

2018-05-19 11:23:35 - [TEST_STEP][PASSED] - Statement - out.println("Stock QTY : " + StockQty): null

2018-05-19 11:23:35 - [TEST_STEP][PASSED] - delay: Delayed 2 second(s)

2018-05-19 11:23:37 - [MESSAGE][PASSED] - Delayed 2 second(s)

2018-05-19 11:23:37 - [TEST_STEP][PASSED] - Statement - If (java.lang.String.valueOf(StockQty) >= java.lang.String.valueOf(RequestedQty)): null

2018-05-19 11:23:37 - [TEST_STEP][PASSED] - setText: Text '10' is set on object 'Object Repository/HealthpostToStore/Page_Store/input_txtqty'

2018-05-19 11:23:37 - [MESSAGE][PASSED] - Text '10' is set on object 'Object Repository/HealthpostToStore/Page_Store/input_txtqty'

2018-05-19 11:23:37 - [TEST_STEP][PASSED] - click: Object: 'Object Repository/HealthpostToStore/Page_Store/button_Add' is clicked on

2018-05-19 11:23:37 - [MESSAGE][PASSED] - Object: 'Object Repository/HealthpostToStore/Page_Store/button_Add' is clicked on

2018-05-19 11:23:37 - [TEST_STEP][PASSED] - Statement - Break: null

2018-05-19 11:23:37 - [TEST_STEP][PASSED] - selectOptionByIndex: All options with index in [2] are selected on object 'Object Repository/HealthpostToStore/Page_Store/select_--Select--Adernaline 0.'

2018-05-19 11:23:37 - [MESSAGE][PASSED] - All options with index in [2] are selected on object 'Object Repository/HealthpostToStore/Page_Store/select_--Select--Adernaline 0.'

2018-05-19 11:23:37 - [TEST_STEP][PASSED] - delay: Delayed 2 second(s)

2018-05-19 11:23:39 - [MESSAGE][PASSED] - Delayed 2 second(s)

2018-05-19 11:23:39 - [TEST_STEP][PASSED] - Statement - RequestedQty = com.kms.katalon.core.webui.keyword.WebUiBuiltInKeywords.getAttribute(com.kms.katalon.core.testobject.ObjectRepository.findTestObject(HealthpostToStore/Page_Store/input_txttotal), "value"): Attribute 'value' of object 'Object Repository/HealthpostToStore/Page_Store/input_txttotal' is: '10'

2018-05-19 11:23:39 - [MESSAGE][PASSED] - Attribute 'value' of object 'Object Repository/HealthpostToStore/Page_Store/input_txttotal' is: '10'

2018-05-19 11:23:39 - [TEST_STEP][PASSED] - Statement - out.println("Requested QTY : " + RequestedQty): null

2018-05-19 11:23:39 - [TEST_STEP][PASSED] - Statement - BatchNumber = com.kms.katalon.core.webui.keyword.WebUiBuiltInKeywords.getNumberOfTotalOption(com.kms.katalon.core.testobject.ObjectRepository.findTestObject(HealthpostToStore/Page_Store/select_--Select--BA1170BA2376B)): 2 options of object 'Object Repository/HealthpostToStore/Page_Store/select_--Select--BA1170BA2376B' counted

2018-05-19 11:23:39 - [MESSAGE][PASSED] - 2 options of object 'Object Repository/HealthpostToStore/Page_Store/select_--Select--BA1170BA2376B' counted

2018-05-19 11:23:39 - [TEST_STEP][PASSED] - Statement - For ([g = 1, g <= BatchNumber - 1, (g++)]): null

2018-05-19 11:23:39 - [TEST_STEP][PASSED] - selectOptionByIndex: All options with index in [1] are selected on object 'Object Repository/HealthpostToStore/Page_Store/select_--Select--BA1170BA2376B'

2018-05-19 11:23:39 - [MESSAGE][PASSED] - All options with index in [1] are selected on object 'Object Repository/HealthpostToStore/Page_Store/select_--Select--BA1170BA2376B'

2018-05-19 11:23:39 - [TEST_STEP][PASSED] - Statement - Try: null

2018-05-19 11:23:39 - [TEST_STEP][PASSED] - Statement - StockQty = com.kms.katalon.core.webui.keyword.WebUiBuiltInKeywords.getAttribute(com.kms.katalon.core.testobject.ObjectRepository.findTestObject(HealthpostToStore/Page_Store/input_txtprice), "value"): Attribute 'value' of object 'Object Repository/HealthpostToStore/Page_Store/input_txtprice' is: '894'

2018-05-19 11:23:39 - [MESSAGE][PASSED] - Attribute 'value' of object 'Object Repository/HealthpostToStore/Page_Store/input_txtprice' is: '894'

2018-05-19 11:23:39 - [TEST_STEP][PASSED] - Statement - out.println("Stock QTY : " + StockQty): null

2018-05-19 11:23:39 - [TEST_STEP][PASSED] - delay: Delayed 2 second(s)

2018-05-19 11:23:41 - [MESSAGE][PASSED] - Delayed 2 second(s)

2018-05-19 11:23:41 - [TEST_STEP][PASSED] - Statement - If (java.lang.String.valueOf(StockQty) >= java.lang.String.valueOf(RequestedQty)): null

2018-05-19 11:23:41 - [TEST_STEP][PASSED] - setText: Text '10' is set on object 'Object Repository/HealthpostToStore/Page_Store/input_txtqty'

2018-05-19 11:23:41 - [MESSAGE][PASSED] - Text '10' is set on object 'Object Repository/HealthpostToStore/Page_Store/input_txtqty'

2018-05-19 11:23:41 - [TEST_STEP][PASSED] - click: Object: 'Object Repository/HealthpostToStore/Page_Store/button_Add' is clicked on

2018-05-19 11:23:42 - [MESSAGE][PASSED] - Object: 'Object Repository/HealthpostToStore/Page_Store/button_Add' is clicked on

2018-05-19 11:23:42 - [TEST_STEP][PASSED] - Statement - Break: null

2018-05-19 11:23:42 - [TEST_STEP][PASSED] - selectOptionByIndex: All options with index in [3] are selected on object 'Object Repository/HealthpostToStore/Page_Store/select_--Select--Adernaline 0.'

2018-05-19 11:23:42 - [MESSAGE][PASSED] - All options with index in [3] are selected on object 'Object Repository/HealthpostToStore/Page_Store/select_--Select--Adernaline 0.'

2018-05-19 11:23:42 - [TEST_STEP][PASSED] - delay: Delayed 2 second(s)

2018-05-19 11:23:44 - [MESSAGE][PASSED] - Delayed 2 second(s)

2018-05-19 11:23:44 - [TEST_STEP][PASSED] - Statement - RequestedQty = com.kms.katalon.core.webui.keyword.WebUiBuiltInKeywords.getAttribute(com.kms.katalon.core.testobject.ObjectRepository.findTestObject(HealthpostToStore/Page_Store/input_txttotal), "value"): Attribute 'value' of object 'Object Repository/HealthpostToStore/Page_Store/input_txttotal' is: '10'

2018-05-19 11:23:44 - [MESSAGE][PASSED] - Attribute 'value' of object 'Object Repository/HealthpostToStore/Page_Store/input_txttotal' is: '10'

2018-05-19 11:23:44 - [TEST_STEP][PASSED] - Statement - out.println("Requested QTY : " + RequestedQty): null

2018-05-19 11:23:44 - [TEST_STEP][PASSED] - Statement - BatchNumber = com.kms.katalon.core.webui.keyword.WebUiBuiltInKeywords.getNumberOfTotalOption(com.kms.katalon.core.testobject.ObjectRepository.findTestObject(HealthpostToStore/Page_Store/select_--Select--BA1170BA2376B)): 3 options of object 'Object Repository/HealthpostToStore/Page_Store/select_--Select--BA1170BA2376B' counted

2018-05-19 11:23:44 - [MESSAGE][PASSED] - 3 options of object 'Object Repository/HealthpostToStore/Page_Store/select_--Select--BA1170BA2376B' counted

2018-05-19 11:23:44 - [TEST_STEP][PASSED] - Statement - For ([g = 1, g <= BatchNumber - 1, (g++)]): null

2018-05-19 11:23:44 - [TEST_STEP][PASSED] - selectOptionByIndex: All options with index in [1] are selected on object 'Object Repository/HealthpostToStore/Page_Store/select_--Select--BA1170BA2376B'

2018-05-19 11:23:44 - [MESSAGE][PASSED] - All options with index in [1] are selected on object 'Object Repository/HealthpostToStore/Page_Store/select_--Select--BA1170BA2376B'

2018-05-19 11:23:44 - [TEST_STEP][PASSED] - Statement - Try: null

2018-05-19 11:23:44 - [TEST_STEP][PASSED] - Statement - StockQty = com.kms.katalon.core.webui.keyword.WebUiBuiltInKeywords.getAttribute(com.kms.katalon.core.testobject.ObjectRepository.findTestObject(HealthpostToStore/Page_Store/input_txtprice), "value"): Attribute 'value' of object 'Object Repository/HealthpostToStore/Page_Store/input_txtprice' is: '65'

2018-05-19 11:23:44 - [MESSAGE][PASSED] - Attribute 'value' of object 'Object Repository/HealthpostToStore/Page_Store/input_txtprice' is: '65'

2018-05-19 11:23:44 - [TEST_STEP][PASSED] - Statement - out.println("Stock QTY : " + StockQty): null

2018-05-19 11:23:44 - [TEST_STEP][PASSED] - delay: Delayed 2 second(s)

2018-05-19 11:23:46 - [MESSAGE][PASSED] - Delayed 2 second(s)

2018-05-19 11:23:46 - [TEST_STEP][PASSED] - Statement - If (java.lang.String.valueOf(StockQty) >= java.lang.String.valueOf(RequestedQty)): null

2018-05-19 11:23:46 - [TEST_STEP][PASSED] - setText: Text '10' is set on object 'Object Repository/HealthpostToStore/Page_Store/input_txtqty'

2018-05-19 11:23:46 - [MESSAGE][PASSED] - Text '10' is set on object 'Object Repository/HealthpostToStore/Page_Store/input_txtqty'

2018-05-19 11:23:46 - [TEST_STEP][PASSED] - click: Object: 'Object Repository/HealthpostToStore/Page_Store/button_Add' is clicked on

2018-05-19 11:23:46 - [MESSAGE][PASSED] - Object: 'Object Repository/HealthpostToStore/Page_Store/button_Add' is clicked on

2018-05-19 11:23:46 - [TEST_STEP][PASSED] - Statement - Break: null

2018-05-19 11:23:46 - [TEST_STEP][PASSED] - selectOptionByIndex: All options with index in [4] are selected on object 'Object Repository/HealthpostToStore/Page_Store/select_--Select--Adernaline 0.'

2018-05-19 11:23:46 - [MESSAGE][PASSED] - All options with index in [4] are selected on object 'Object Repository/HealthpostToStore/Page_Store/select_--Select--Adernaline 0.'

2018-05-19 11:23:46 - [TEST_STEP][PASSED] - delay: Delayed 2 second(s)

2018-05-19 11:23:48 - [MESSAGE][PASSED] - Delayed 2 second(s)

2018-05-19 11:23:48 - [TEST_STEP][PASSED] - Statement - RequestedQty = com.kms.katalon.core.webui.keyword.WebUiBuiltInKeywords.getAttribute(com.kms.katalon.core.testobject.ObjectRepository.findTestObject(HealthpostToStore/Page_Store/input_txttotal), "value"): Attribute 'value' of object 'Object Repository/HealthpostToStore/Page_Store/input_txttotal' is: '10'

2018-05-19 11:23:48 - [MESSAGE][PASSED] - Attribute 'value' of object 'Object Repository/HealthpostToStore/Page_Store/input_txttotal' is: '10'

2018-05-19 11:23:48 - [TEST_STEP][PASSED] - Statement - out.println("Requested QTY : " + RequestedQty): null

2018-05-19 11:23:48 - [TEST_STEP][PASSED] - Statement - BatchNumber = com.kms.katalon.core.webui.keyword.WebUiBuiltInKeywords.getNumberOfTotalOption(com.kms.katalon.core.testobject.ObjectRepository.findTestObject(HealthpostToStore/Page_Store/select_--Select--BA1170BA2376B)): 3 options of object 'Object Repository/HealthpostToStore/Page_Store/select_--Select--BA1170BA2376B' counted

2018-05-19 11:23:48 - [MESSAGE][PASSED] - 3 options of object 'Object Repository/HealthpostToStore/Page_Store/select_--Select--BA1170BA2376B' counted

2018-05-19 11:23:48 - [TEST_STEP][PASSED] - Statement - For ([g = 1, g <= BatchNumber - 1, (g++)]): null

2018-05-19 11:23:48 - [TEST_STEP][PASSED] - selectOptionByIndex: All options with index in [1] are selected on object 'Object Repository/HealthpostToStore/Page_Store/select_--Select--BA1170BA2376B'

2018-05-19 11:23:48 - [MESSAGE][PASSED] - All options with index in [1] are selected on object 'Object Repository/HealthpostToStore/Page_Store/select_--Select--BA1170BA2376B'

2018-05-19 11:23:48 - [TEST_STEP][PASSED] - Statement - Try: null

2018-05-19 11:23:48 - [TEST_STEP][PASSED] - Statement - StockQty = com.kms.katalon.core.webui.keyword.WebUiBuiltInKeywords.getAttribute(com.kms.katalon.core.testobject.ObjectRepository.findTestObject(HealthpostToStore/Page_Store/input_txtprice), "value"): Attribute 'value' of object 'Object Repository/HealthpostToStore/Page_Store/input_txtprice' is: '65'

2018-05-19 11:23:48 - [MESSAGE][PASSED] - Attribute 'value' of object 'Object Repository/HealthpostToStore/Page_Store/input_txtprice' is: '65'

2018-05-19 11:23:48 - [TEST_STEP][PASSED] - Statement - out.println("Stock QTY : " + StockQty): null

2018-05-19 11:23:48 - [TEST_STEP][PASSED] - delay: Delayed 2 second(s)

2018-05-19 11:23:50 - [MESSAGE][PASSED] - Delayed 2 second(s)

2018-05-19 11:23:50 - [TEST_STEP][PASSED] - Statement - If (java.lang.String.valueOf(StockQty) >= java.lang.String.valueOf(RequestedQty)): null

2018-05-19 11:23:50 - [TEST_STEP][PASSED] - setText: Text '10' is set on object 'Object Repository/HealthpostToStore/Page_Store/input_txtqty'

2018-05-19 11:23:50 - [MESSAGE][PASSED] - Text '10' is set on object 'Object Repository/HealthpostToStore/Page_Store/input_txtqty'

2018-05-19 11:23:50 - [TEST_STEP][PASSED] - click: Object: 'Object Repository/HealthpostToStore/Page_Store/button_Add' is clicked on

2018-05-19 11:23:51 - [MESSAGE][PASSED] - Object: 'Object Repository/HealthpostToStore/Page_Store/button_Add' is clicked on

2018-05-19 11:23:51 - [TEST_STEP][PASSED] - Statement - Break: null

2018-05-19 11:23:51 - [TEST_STEP][PASSED] - scrollToElement: Scroll to object 'Object Repository/HealthpostToStore/Page_Store/input_btnSubmit' successfully

2018-05-19 11:23:51 - [MESSAGE][PASSED] - Scroll to object 'Object Repository/HealthpostToStore/Page_Store/input_btnSubmit' successfully

2018-05-19 11:23:51 - [TEST_STEP][PASSED] - click: Object: 'Object Repository/HealthpostToStore/Page_Store/input_btnSubmit' is clicked on

2018-05-19 11:23:51 - [MESSAGE][PASSED] - Object: 'Object Repository/HealthpostToStore/Page_Store/input_btnSubmit' is clicked on

2018-05-19 11:23:51 - [TEST_STEP][PASSED] - delay: Delayed 3 second(s)

2018-05-19 11:23:54 - [MESSAGE][PASSED] - Delayed 3 second(s)

2018-05-19 11:23:54 - [TEST_STEP][PASSED] - click: Object: 'Object Repository/HealthpostToStore/Page_Store/button_OK' is clicked on

2018-05-19 11:23:54 - [MESSAGE][PASSED] - Object: 'Object Repository/HealthpostToStore/Page_Store/button_OK' is clicked on

2018-05-19 11:23:54 - [TEST_STEP][PASSED] - delay: Delayed 3 second(s)

2018-05-19 11:23:57 - [MESSAGE][PASSED] - Delayed 3 second(s)

2018-05-19 11:23:57 - [TEST_STEP][PASSED] - click: Object: 'Object Repository/HealthpostToStore/Page_Store/a_dropdown-toggle' is clicked on

2018-05-19 11:23:57 - [MESSAGE][PASSED] - Object: 'Object Repository/HealthpostToStore/Page_Store/a_dropdown-toggle' is clicked on

2018-05-19 11:23:57 - [TEST_STEP][PASSED] - click: Object: 'Object Repository/HealthpostToStore/Page_Store/a_Sign out' is clicked on

2018-05-19 11:23:58 - [MESSAGE][PASSED] - Object: 'Object Repository/HealthpostToStore/Page_Store/a_Sign out' is clicked on

2018-05-19 11:23:58 - [TEST_STEP][PASSED] - closeBrowser: Browser is closed

2018-05-19 11:23:58 - [MESSAGE][PASSED] - Browser is closed]]></system-out>
         <system-err><![CDATA[]]></system-err>
      </testcase>
      <system-out><![CDATA[2018-05-19 11:09:38 - [TEST_SUITE][FAILED] - HealthPost_Store_Suite: Test Cases/HEALTHPOST TEST CASES/TC_HP_001 Verify Schedule 1 Healthpost Request Are Working Successfully Or Not FAILED because (of) Unable to select option by index '1' of object 'Object Repository/HealthpostToStore/Page_HealthPost Store/select_--Select--Schedule 1Inj' (Root cause: com.kms.katalon.core.webui.exception.WebElementNotFoundException: Web element with id: 'Object Repository/HealthpostToStore/Page_HealthPost Store/select_--Select--Schedule 1Inj' located by 'By.xpath: id("optcategory")[count(. | //select[@id = 'optcategory']) = count(//select[@id = 'optcategory'])]' not found)]]></system-out>
      <system-err><![CDATA[2018-05-19 11:09:38 - [TEST_SUITE][FAILED] - HealthPost_Store_Suite: Test Cases/HEALTHPOST TEST CASES/TC_HP_001 Verify Schedule 1 Healthpost Request Are Working Successfully Or Not FAILED because (of) Unable to select option by index '1' of object 'Object Repository/HealthpostToStore/Page_HealthPost Store/select_--Select--Schedule 1Inj' (Root cause: com.kms.katalon.core.webui.exception.WebElementNotFoundException: Web element with id: 'Object Repository/HealthpostToStore/Page_HealthPost Store/select_--Select--Schedule 1Inj' located by 'By.xpath: id("optcategory")[count(. | //select[@id = 'optcategory']) = count(//select[@id = 'optcategory'])]' not found)]]></system-err>
   </testsuite>
</testsuites>
