<?xml version="1.0" encoding="UTF-8"?>
<testsuites name="nn" time="1" tests="0" failures="0" errors="4">
   <testsuite name="nn" tests="0" failures="0" errors="4" time="1" timestamp="2018-06-02 11:38:41" hostname="Quality Analyst - DESKTOP-BLFTK83" id="Test Suites/nn">
      <properties>
         <property name="deviceName" value=""/>
         <property name="devicePlatform" value=""/>
         <property name="logFolder" value="C:\\Users\\Quality Analyst\\Katalon Studio\\ds\\Reports\\nn\\20180602_113830"/>
         <property name="logFiles" value="C:\\Users\\Quality Analyst\\Katalon Studio\\ds\\Reports\\nn\\20180602_113830\\execution0.log"/>
         <property name="attachments" value=""/>
         <property name="hostName" value="Quality Analyst - DESKTOP-BLFTK83"/>
         <property name="hostAddress" value="169.254.189.85"/>
         <property name="os" value="Windows 10 64bit"/>
         <property name="katalonVersion" value="5.4.2.1"/>
      </properties>
      <testcase name="Test Cases/TEST/GRN RECEIVE IN CMS/Login" classname="Test Cases/TEST/GRN RECEIVE IN CMS/Login" status="ERROR">
         <error type="ERROR" message="Test Cases/TEST/GRN RECEIVE IN CMS/Login FAILED because (of) org.codehaus.groovy.runtime.typehandling.GroovyCastException: Cannot cast object 'com.kms.katalon.core.testdata.reader.SheetPOI@5bc9ba1d' with class 'com.kms.katalon.core.testdata.reader.SheetPOI' to class 'com.kms.katalon.core.testdata.InternalData'"/>
         <system-out><![CDATA[2018-06-02 11:38:41 - [TEST_CASE][ERROR] - Test Cases/TEST/GRN RECEIVE IN CMS/Login: Test Cases/TEST/GRN RECEIVE IN CMS/Login FAILED because (of) org.codehaus.groovy.runtime.typehandling.GroovyCastException: Cannot cast object 'com.kms.katalon.core.testdata.reader.SheetPOI@5bc9ba1d' with class 'com.kms.katalon.core.testdata.reader.SheetPOI' to class 'com.kms.katalon.core.testdata.InternalData'

2018-06-02 11:38:41 - [TEST_STEP][PASSED] - Statement - data = com.kms.katalon.core.testdata.TestDataFactory.findTestData(Demo_Account): Reading excel file with source file 'C:\Users\Quality Analyst\Desktop\Demo_Account.xlsx' and sheet name 'Sheet1']]></system-out>
         <system-err><![CDATA[2018-06-02 11:38:41 - [TEST_CASE][ERROR] - Test Cases/TEST/GRN RECEIVE IN CMS/Login: Test Cases/TEST/GRN RECEIVE IN CMS/Login FAILED because (of) org.codehaus.groovy.runtime.typehandling.GroovyCastException: Cannot cast object 'com.kms.katalon.core.testdata.reader.SheetPOI@5bc9ba1d' with class 'com.kms.katalon.core.testdata.reader.SheetPOI' to class 'com.kms.katalon.core.testdata.InternalData']]></system-err>
      </testcase>
      <testcase name="Test Cases/TEST/GRN RECEIVE IN CMS/Login" classname="Test Cases/TEST/GRN RECEIVE IN CMS/Login" status="ERROR">
         <error type="ERROR" message="Test Cases/TEST/GRN RECEIVE IN CMS/Login FAILED because (of) org.codehaus.groovy.runtime.typehandling.GroovyCastException: Cannot cast object 'com.kms.katalon.core.testdata.reader.SheetPOI@6aecbb8d' with class 'com.kms.katalon.core.testdata.reader.SheetPOI' to class 'com.kms.katalon.core.testdata.InternalData'"/>
         <system-out><![CDATA[2018-06-02 11:38:42 - [TEST_CASE][ERROR] - Test Cases/TEST/GRN RECEIVE IN CMS/Login: Test Cases/TEST/GRN RECEIVE IN CMS/Login FAILED because (of) org.codehaus.groovy.runtime.typehandling.GroovyCastException: Cannot cast object 'com.kms.katalon.core.testdata.reader.SheetPOI@6aecbb8d' with class 'com.kms.katalon.core.testdata.reader.SheetPOI' to class 'com.kms.katalon.core.testdata.InternalData'

2018-06-02 11:38:42 - [TEST_STEP][PASSED] - Statement - data = com.kms.katalon.core.testdata.TestDataFactory.findTestData(Demo_Account): Reading excel file with source file 'C:\Users\Quality Analyst\Desktop\Demo_Account.xlsx' and sheet name 'Sheet1']]></system-out>
         <system-err><![CDATA[2018-06-02 11:38:42 - [TEST_CASE][ERROR] - Test Cases/TEST/GRN RECEIVE IN CMS/Login: Test Cases/TEST/GRN RECEIVE IN CMS/Login FAILED because (of) org.codehaus.groovy.runtime.typehandling.GroovyCastException: Cannot cast object 'com.kms.katalon.core.testdata.reader.SheetPOI@6aecbb8d' with class 'com.kms.katalon.core.testdata.reader.SheetPOI' to class 'com.kms.katalon.core.testdata.InternalData']]></system-err>
      </testcase>
      <testcase name="Test Cases/TEST/GRN RECEIVE IN CMS/Login" classname="Test Cases/TEST/GRN RECEIVE IN CMS/Login" status="ERROR">
         <error type="ERROR" message="Test Cases/TEST/GRN RECEIVE IN CMS/Login FAILED because (of) org.codehaus.groovy.runtime.typehandling.GroovyCastException: Cannot cast object 'com.kms.katalon.core.testdata.reader.SheetPOI@565b064f' with class 'com.kms.katalon.core.testdata.reader.SheetPOI' to class 'com.kms.katalon.core.testdata.InternalData'"/>
         <system-out><![CDATA[2018-06-02 11:38:42 - [TEST_CASE][ERROR] - Test Cases/TEST/GRN RECEIVE IN CMS/Login: Test Cases/TEST/GRN RECEIVE IN CMS/Login FAILED because (of) org.codehaus.groovy.runtime.typehandling.GroovyCastException: Cannot cast object 'com.kms.katalon.core.testdata.reader.SheetPOI@565b064f' with class 'com.kms.katalon.core.testdata.reader.SheetPOI' to class 'com.kms.katalon.core.testdata.InternalData'

2018-06-02 11:38:42 - [TEST_STEP][PASSED] - Statement - data = com.kms.katalon.core.testdata.TestDataFactory.findTestData(Demo_Account): Reading excel file with source file 'C:\Users\Quality Analyst\Desktop\Demo_Account.xlsx' and sheet name 'Sheet1']]></system-out>
         <system-err><![CDATA[2018-06-02 11:38:42 - [TEST_CASE][ERROR] - Test Cases/TEST/GRN RECEIVE IN CMS/Login: Test Cases/TEST/GRN RECEIVE IN CMS/Login FAILED because (of) org.codehaus.groovy.runtime.typehandling.GroovyCastException: Cannot cast object 'com.kms.katalon.core.testdata.reader.SheetPOI@565b064f' with class 'com.kms.katalon.core.testdata.reader.SheetPOI' to class 'com.kms.katalon.core.testdata.InternalData']]></system-err>
      </testcase>
      <testcase name="Test Cases/TEST/GRN RECEIVE IN CMS/Login" classname="Test Cases/TEST/GRN RECEIVE IN CMS/Login" status="ERROR">
         <error type="ERROR" message="Test Cases/TEST/GRN RECEIVE IN CMS/Login FAILED because (of) org.codehaus.groovy.runtime.typehandling.GroovyCastException: Cannot cast object 'com.kms.katalon.core.testdata.reader.SheetPOI@2fc0cc3' with class 'com.kms.katalon.core.testdata.reader.SheetPOI' to class 'com.kms.katalon.core.testdata.InternalData'"/>
         <system-out><![CDATA[2018-06-02 11:38:42 - [TEST_CASE][ERROR] - Test Cases/TEST/GRN RECEIVE IN CMS/Login: Test Cases/TEST/GRN RECEIVE IN CMS/Login FAILED because (of) org.codehaus.groovy.runtime.typehandling.GroovyCastException: Cannot cast object 'com.kms.katalon.core.testdata.reader.SheetPOI@2fc0cc3' with class 'com.kms.katalon.core.testdata.reader.SheetPOI' to class 'com.kms.katalon.core.testdata.InternalData'

2018-06-02 11:38:42 - [TEST_STEP][PASSED] - Statement - data = com.kms.katalon.core.testdata.TestDataFactory.findTestData(Demo_Account): Reading excel file with source file 'C:\Users\Quality Analyst\Desktop\Demo_Account.xlsx' and sheet name 'Sheet1']]></system-out>
         <system-err><![CDATA[2018-06-02 11:38:42 - [TEST_CASE][ERROR] - Test Cases/TEST/GRN RECEIVE IN CMS/Login: Test Cases/TEST/GRN RECEIVE IN CMS/Login FAILED because (of) org.codehaus.groovy.runtime.typehandling.GroovyCastException: Cannot cast object 'com.kms.katalon.core.testdata.reader.SheetPOI@2fc0cc3' with class 'com.kms.katalon.core.testdata.reader.SheetPOI' to class 'com.kms.katalon.core.testdata.InternalData']]></system-err>
      </testcase>
      <system-out><![CDATA[2018-06-02 11:38:41 - [TEST_SUITE][ERROR] - nn: Test Cases/TEST/GRN RECEIVE IN CMS/Login FAILED because (of) org.codehaus.groovy.runtime.typehandling.GroovyCastException: Cannot cast object 'com.kms.katalon.core.testdata.reader.SheetPOI@5bc9ba1d' with class 'com.kms.katalon.core.testdata.reader.SheetPOI' to class 'com.kms.katalon.core.testdata.InternalData']]></system-out>
      <system-err><![CDATA[2018-06-02 11:38:41 - [TEST_SUITE][ERROR] - nn: Test Cases/TEST/GRN RECEIVE IN CMS/Login FAILED because (of) org.codehaus.groovy.runtime.typehandling.GroovyCastException: Cannot cast object 'com.kms.katalon.core.testdata.reader.SheetPOI@5bc9ba1d' with class 'com.kms.katalon.core.testdata.reader.SheetPOI' to class 'com.kms.katalon.core.testdata.InternalData']]></system-err>
   </testsuite>
</testsuites>
