<?xml version="1.0" encoding="UTF-8"?>
<testsuites name="HealthPost_Store_Suite" time="3011" tests="11" failures="1" errors="0">
   <testsuite name="HealthPost_Store_Suite" tests="11" failures="1" errors="0" time="3011" timestamp="2018-06-09 21:29:20" hostname="Quality Analyst - DESKTOP-BLFTK83" id="Test Suites/HealthPost_Store_Suite">
      <properties>
         <property name="deviceName" value=""/>
         <property name="devicePlatform" value=""/>
         <property name="logFolder" value="C:\\Users\\Quality Analyst\\Katalon Studio\\ds\\Reports\\HealthPost_Store_Suite\\20180609_181633"/>
         <property name="logFiles" value="C:\\Users\\Quality Analyst\\Katalon Studio\\ds\\Reports\\HealthPost_Store_Suite\\20180609_181633\\execution0.log, C:\\Users\\Quality Analyst\\Katalon Studio\\ds\\Reports\\HealthPost_Store_Suite\\20180609_181633\\execution1.log, C:\\Users\\Quality Analyst\\Katalon Studio\\ds\\Reports\\HealthPost_Store_Suite\\20180609_181633\\execution2.log"/>
         <property name="attachments" value="C:\\Users\\Quality Analyst\\Katalon Studio\\ds\\Reports\\HealthPost_Store_Suite\\20180609_181633\\1528561510091.png, C:\\Users\\Quality Analyst\\Katalon Studio\\ds\\Reports\\HealthPost_Store_Suite\\20180609_181633\\1528562093271.png, C:\\Users\\Quality Analyst\\Katalon Studio\\ds\\Reports\\HealthPost_Store_Suite\\20180609_181633\\1528562623335.png"/>
         <property name="hostName" value="Quality Analyst - DESKTOP-BLFTK83"/>
         <property name="os" value="Windows 10 64bit"/>
         <property name="katalonVersion" value="5.4.2.1"/>
         <property name="browser" value="Chrome 66.0.3359.181"/>
         <property name="hostAddress" value="169.254.189.85"/>
         <property name="sessionId" value="249e6d0274154b9f6848bfaeea4e87e6"/>
         <property name="seleniumVersion" value="3.7.1"/>
         <property name="proxyInformation" value="ProxyInformation{proxyOption=NO_PROXY, proxyServerType=HTTP, password=, proxyServerAddress=, proxyServerPort=0}"/>
         <property name="platform" value="Windows 10"/>
      </properties>
      <testcase name="Test Cases/HEALTHPOST TEST CASES/TC_HP_001 Verify Schedule 1 Healthpost Request Are Working Successfully Or Not" classname="Test Cases/HEALTHPOST TEST CASES/TC_HP_001 Verify Schedule 1 Healthpost Request Are Working Successfully Or Not" status="PASSED">
         <system-out><![CDATA[2018-06-09 21:29:20 - [TEST_CASE][PASSED] - Test Cases/HEALTHPOST TEST CASES/TC_HP_001 Verify Schedule 1 Healthpost Request Are Working Successfully Or Not: Test Cases/HEALTHPOST TEST CASES/TC_HP_001 Verify Schedule 1 Healthpost Request Are Working Successfully Or Not

2018-06-09 21:29:21 - [TEST_STEP][PASSED] - openBrowser: Browser is opened with url: ''

2018-06-09 21:29:24 - [MESSAGE][PASSED] - Browser is opened with url: ''

2018-06-09 21:29:24 - [TEST_STEP][PASSED] - navigateToUrl: Navigate to 'http://192.168.137.1/multihospital_new/HDSplashscreen.aspx' successfully

2018-06-09 21:29:25 - [MESSAGE][PASSED] - Navigate to 'http://192.168.137.1/multihospital_new/HDSplashscreen.aspx' successfully

2018-06-09 21:29:25 - [TEST_STEP][PASSED] - maximizeWindow: Current window maximized

2018-06-09 21:29:26 - [MESSAGE][PASSED] - Current window maximized

2018-06-09 21:29:26 - [TEST_STEP][PASSED] - click: Object: 'Object Repository/HealthpostToStore/Page_KDMC/a_Healthpost Store' is clicked on

2018-06-09 21:29:27 - [MESSAGE][PASSED] - Object: 'Object Repository/HealthpostToStore/Page_KDMC/a_Healthpost Store' is clicked on

2018-06-09 21:29:27 - [TEST_STEP][PASSED] - setText: Text 'raguram' is set on object 'Object Repository/HealthpostToStore/Page_HealthPost Store Login/input_txtusername'

2018-06-09 21:29:27 - [MESSAGE][PASSED] - Text 'raguram' is set on object 'Object Repository/HealthpostToStore/Page_HealthPost Store Login/input_txtusername'

2018-06-09 21:29:27 - [TEST_STEP][PASSED] - setText: Text '123' is set on object 'Object Repository/HealthpostToStore/Page_HealthPost Store Login/input_txtpassword'

2018-06-09 21:29:27 - [MESSAGE][PASSED] - Text '123' is set on object 'Object Repository/HealthpostToStore/Page_HealthPost Store Login/input_txtpassword'

2018-06-09 21:29:27 - [TEST_STEP][PASSED] - delay: Delayed 3 second(s)

2018-06-09 21:29:30 - [MESSAGE][PASSED] - Delayed 3 second(s)

2018-06-09 21:29:30 - [TEST_STEP][PASSED] - sendKeys: Keys 'ENTER + ' sent to object: 'Object Repository/HealthpostToStore/Page_HealthPost Store Login/input_txtpassword'

2018-06-09 21:29:31 - [MESSAGE][PASSED] - Keys 'ENTER + ' sent to object: 'Object Repository/HealthpostToStore/Page_HealthPost Store Login/input_txtpassword'

2018-06-09 21:29:31 - [TEST_STEP][PASSED] - delay: Delayed 3 second(s)

2018-06-09 21:29:34 - [MESSAGE][PASSED] - Delayed 3 second(s)

2018-06-09 21:29:34 - [TEST_STEP][PASSED] - click: Object: 'Object Repository/HealthpostToStore/Page_HealthPost Store/a_Request to Store' is clicked on

2018-06-09 21:29:34 - [MESSAGE][PASSED] - Object: 'Object Repository/HealthpostToStore/Page_HealthPost Store/a_Request to Store' is clicked on

2018-06-09 21:29:34 - [TEST_STEP][PASSED] - delay: Delayed 1 second(s)

2018-06-09 21:29:35 - [MESSAGE][PASSED] - Delayed 1 second(s)

2018-06-09 21:29:35 - [TEST_STEP][PASSED] - click: Object: 'Object Repository/HealthpostToStore/Page_HealthPost Store/a_Medicine Request' is clicked on

2018-06-09 21:29:36 - [MESSAGE][PASSED] - Object: 'Object Repository/HealthpostToStore/Page_HealthPost Store/a_Medicine Request' is clicked on

2018-06-09 21:29:36 - [TEST_STEP][PASSED] - delay: Delayed 1 second(s)

2018-06-09 21:29:37 - [MESSAGE][PASSED] - Delayed 1 second(s)

2018-06-09 21:29:37 - [TEST_STEP][PASSED] - selectOptionByIndex: All options with index in [1] are selected on object 'Object Repository/HealthpostToStore/Page_HealthPost Store/select_--Select--Schedule 1Inj'

2018-06-09 21:29:37 - [MESSAGE][PASSED] - All options with index in [1] are selected on object 'Object Repository/HealthpostToStore/Page_HealthPost Store/select_--Select--Schedule 1Inj'

2018-06-09 21:29:37 - [TEST_STEP][PASSED] - Statement - medicineslength = com.kms.katalon.core.webui.keyword.WebUiBuiltInKeywords.getNumberOfTotalOption(com.kms.katalon.core.testobject.ObjectRepository.findTestObject(HealthpostToStore/Page_HealthPost Store/select_--Select--Adernaline 0.)): 63 options of object 'Object Repository/HealthpostToStore/Page_HealthPost Store/select_--Select--Adernaline 0.' counted

2018-06-09 21:29:37 - [MESSAGE][PASSED] - 63 options of object 'Object Repository/HealthpostToStore/Page_HealthPost Store/select_--Select--Adernaline 0.' counted

2018-06-09 21:29:37 - [TEST_STEP][PASSED] - Statement - For ([e = 1, e <= medicineslength - 1, (e++)]): Object: 'Object Repository/HealthpostToStore/Page_HealthPost Store/button_Add' is clicked on

2018-06-09 21:29:37 - [TEST_STEP][PASSED] - selectOptionByIndex: All options with index in [1] are selected on object 'Object Repository/HealthpostToStore/Page_HealthPost Store/select_--Select--Schedule 1Inj'

2018-06-09 21:29:38 - [MESSAGE][PASSED] - All options with index in [1] are selected on object 'Object Repository/HealthpostToStore/Page_HealthPost Store/select_--Select--Schedule 1Inj'

2018-06-09 21:29:38 - [TEST_STEP][PASSED] - delay: Delayed 1 second(s)

2018-06-09 21:29:39 - [MESSAGE][PASSED] - Delayed 1 second(s)

2018-06-09 21:29:39 - [TEST_STEP][PASSED] - selectOptionByIndex: All options with index in [1] are selected on object 'Object Repository/HealthpostToStore/Page_HealthPost Store/select_--Select--Adernaline 0.'

2018-06-09 21:29:39 - [MESSAGE][PASSED] - All options with index in [1] are selected on object 'Object Repository/HealthpostToStore/Page_HealthPost Store/select_--Select--Adernaline 0.'

2018-06-09 21:29:39 - [TEST_STEP][PASSED] - setText: Text '10' is set on object 'Object Repository/HealthpostToStore/Page_HealthPost Store/input_txttreat'

2018-06-09 21:29:39 - [MESSAGE][PASSED] - Text '10' is set on object 'Object Repository/HealthpostToStore/Page_HealthPost Store/input_txttreat'

2018-06-09 21:29:39 - [TEST_STEP][PASSED] - click: Object: 'Object Repository/HealthpostToStore/Page_HealthPost Store/button_Add' is clicked on

2018-06-09 21:29:39 - [MESSAGE][PASSED] - Object: 'Object Repository/HealthpostToStore/Page_HealthPost Store/button_Add' is clicked on

2018-06-09 21:29:39 - [TEST_STEP][PASSED] - selectOptionByIndex: All options with index in [1] are selected on object 'Object Repository/HealthpostToStore/Page_HealthPost Store/select_--Select--Schedule 1Inj'

2018-06-09 21:29:39 - [MESSAGE][PASSED] - All options with index in [1] are selected on object 'Object Repository/HealthpostToStore/Page_HealthPost Store/select_--Select--Schedule 1Inj'

2018-06-09 21:29:39 - [TEST_STEP][PASSED] - delay: Delayed 1 second(s)

2018-06-09 21:29:40 - [MESSAGE][PASSED] - Delayed 1 second(s)

2018-06-09 21:29:40 - [TEST_STEP][PASSED] - selectOptionByIndex: All options with index in [2] are selected on object 'Object Repository/HealthpostToStore/Page_HealthPost Store/select_--Select--Adernaline 0.'

2018-06-09 21:29:40 - [MESSAGE][PASSED] - All options with index in [2] are selected on object 'Object Repository/HealthpostToStore/Page_HealthPost Store/select_--Select--Adernaline 0.'

2018-06-09 21:29:40 - [TEST_STEP][PASSED] - setText: Text '10' is set on object 'Object Repository/HealthpostToStore/Page_HealthPost Store/input_txttreat'

2018-06-09 21:29:40 - [MESSAGE][PASSED] - Text '10' is set on object 'Object Repository/HealthpostToStore/Page_HealthPost Store/input_txttreat'

2018-06-09 21:29:40 - [TEST_STEP][PASSED] - click: Object: 'Object Repository/HealthpostToStore/Page_HealthPost Store/button_Add' is clicked on

2018-06-09 21:29:40 - [MESSAGE][PASSED] - Object: 'Object Repository/HealthpostToStore/Page_HealthPost Store/button_Add' is clicked on

2018-06-09 21:29:40 - [TEST_STEP][PASSED] - selectOptionByIndex: All options with index in [1] are selected on object 'Object Repository/HealthpostToStore/Page_HealthPost Store/select_--Select--Schedule 1Inj'

2018-06-09 21:29:41 - [MESSAGE][PASSED] - All options with index in [1] are selected on object 'Object Repository/HealthpostToStore/Page_HealthPost Store/select_--Select--Schedule 1Inj'

2018-06-09 21:29:41 - [TEST_STEP][PASSED] - delay: Delayed 1 second(s)

2018-06-09 21:29:42 - [MESSAGE][PASSED] - Delayed 1 second(s)

2018-06-09 21:29:42 - [TEST_STEP][PASSED] - selectOptionByIndex: All options with index in [3] are selected on object 'Object Repository/HealthpostToStore/Page_HealthPost Store/select_--Select--Adernaline 0.'

2018-06-09 21:29:42 - [MESSAGE][PASSED] - All options with index in [3] are selected on object 'Object Repository/HealthpostToStore/Page_HealthPost Store/select_--Select--Adernaline 0.'

2018-06-09 21:29:42 - [TEST_STEP][PASSED] - setText: Text '10' is set on object 'Object Repository/HealthpostToStore/Page_HealthPost Store/input_txttreat'

2018-06-09 21:29:42 - [MESSAGE][PASSED] - Text '10' is set on object 'Object Repository/HealthpostToStore/Page_HealthPost Store/input_txttreat'

2018-06-09 21:29:42 - [TEST_STEP][PASSED] - click: Object: 'Object Repository/HealthpostToStore/Page_HealthPost Store/button_Add' is clicked on

2018-06-09 21:29:42 - [MESSAGE][PASSED] - Object: 'Object Repository/HealthpostToStore/Page_HealthPost Store/button_Add' is clicked on

2018-06-09 21:29:42 - [TEST_STEP][PASSED] - selectOptionByIndex: All options with index in [1] are selected on object 'Object Repository/HealthpostToStore/Page_HealthPost Store/select_--Select--Schedule 1Inj'

2018-06-09 21:29:42 - [MESSAGE][PASSED] - All options with index in [1] are selected on object 'Object Repository/HealthpostToStore/Page_HealthPost Store/select_--Select--Schedule 1Inj'

2018-06-09 21:29:42 - [TEST_STEP][PASSED] - delay: Delayed 1 second(s)

2018-06-09 21:29:43 - [MESSAGE][PASSED] - Delayed 1 second(s)

2018-06-09 21:29:43 - [TEST_STEP][PASSED] - selectOptionByIndex: All options with index in [4] are selected on object 'Object Repository/HealthpostToStore/Page_HealthPost Store/select_--Select--Adernaline 0.'

2018-06-09 21:29:43 - [MESSAGE][PASSED] - All options with index in [4] are selected on object 'Object Repository/HealthpostToStore/Page_HealthPost Store/select_--Select--Adernaline 0.'

2018-06-09 21:29:43 - [TEST_STEP][PASSED] - setText: Text '10' is set on object 'Object Repository/HealthpostToStore/Page_HealthPost Store/input_txttreat'

2018-06-09 21:29:43 - [MESSAGE][PASSED] - Text '10' is set on object 'Object Repository/HealthpostToStore/Page_HealthPost Store/input_txttreat'

2018-06-09 21:29:43 - [TEST_STEP][PASSED] - click: Object: 'Object Repository/HealthpostToStore/Page_HealthPost Store/button_Add' is clicked on

2018-06-09 21:29:43 - [MESSAGE][PASSED] - Object: 'Object Repository/HealthpostToStore/Page_HealthPost Store/button_Add' is clicked on

2018-06-09 21:29:43 - [TEST_STEP][PASSED] - selectOptionByIndex: All options with index in [1] are selected on object 'Object Repository/HealthpostToStore/Page_HealthPost Store/select_--Select--Schedule 1Inj'

2018-06-09 21:29:44 - [MESSAGE][PASSED] - All options with index in [1] are selected on object 'Object Repository/HealthpostToStore/Page_HealthPost Store/select_--Select--Schedule 1Inj'

2018-06-09 21:29:44 - [TEST_STEP][PASSED] - delay: Delayed 1 second(s)

2018-06-09 21:29:45 - [MESSAGE][PASSED] - Delayed 1 second(s)

2018-06-09 21:29:45 - [TEST_STEP][PASSED] - selectOptionByIndex: All options with index in [5] are selected on object 'Object Repository/HealthpostToStore/Page_HealthPost Store/select_--Select--Adernaline 0.'

2018-06-09 21:29:45 - [MESSAGE][PASSED] - All options with index in [5] are selected on object 'Object Repository/HealthpostToStore/Page_HealthPost Store/select_--Select--Adernaline 0.'

2018-06-09 21:29:45 - [TEST_STEP][PASSED] - setText: Text '10' is set on object 'Object Repository/HealthpostToStore/Page_HealthPost Store/input_txttreat'

2018-06-09 21:29:45 - [MESSAGE][PASSED] - Text '10' is set on object 'Object Repository/HealthpostToStore/Page_HealthPost Store/input_txttreat'

2018-06-09 21:29:45 - [TEST_STEP][PASSED] - click: Object: 'Object Repository/HealthpostToStore/Page_HealthPost Store/button_Add' is clicked on

2018-06-09 21:29:45 - [MESSAGE][PASSED] - Object: 'Object Repository/HealthpostToStore/Page_HealthPost Store/button_Add' is clicked on

2018-06-09 21:29:45 - [TEST_STEP][PASSED] - selectOptionByIndex: All options with index in [1] are selected on object 'Object Repository/HealthpostToStore/Page_HealthPost Store/select_--Select--Schedule 1Inj'

2018-06-09 21:29:45 - [MESSAGE][PASSED] - All options with index in [1] are selected on object 'Object Repository/HealthpostToStore/Page_HealthPost Store/select_--Select--Schedule 1Inj'

2018-06-09 21:29:45 - [TEST_STEP][PASSED] - delay: Delayed 1 second(s)

2018-06-09 21:29:46 - [MESSAGE][PASSED] - Delayed 1 second(s)

2018-06-09 21:29:46 - [TEST_STEP][PASSED] - selectOptionByIndex: All options with index in [6] are selected on object 'Object Repository/HealthpostToStore/Page_HealthPost Store/select_--Select--Adernaline 0.'

2018-06-09 21:29:46 - [MESSAGE][PASSED] - All options with index in [6] are selected on object 'Object Repository/HealthpostToStore/Page_HealthPost Store/select_--Select--Adernaline 0.'

2018-06-09 21:29:46 - [TEST_STEP][PASSED] - setText: Text '10' is set on object 'Object Repository/HealthpostToStore/Page_HealthPost Store/input_txttreat'

2018-06-09 21:29:46 - [MESSAGE][PASSED] - Text '10' is set on object 'Object Repository/HealthpostToStore/Page_HealthPost Store/input_txttreat'

2018-06-09 21:29:46 - [TEST_STEP][PASSED] - click: Object: 'Object Repository/HealthpostToStore/Page_HealthPost Store/button_Add' is clicked on

2018-06-09 21:29:46 - [MESSAGE][PASSED] - Object: 'Object Repository/HealthpostToStore/Page_HealthPost Store/button_Add' is clicked on

2018-06-09 21:29:46 - [TEST_STEP][PASSED] - selectOptionByIndex: All options with index in [1] are selected on object 'Object Repository/HealthpostToStore/Page_HealthPost Store/select_--Select--Schedule 1Inj'

2018-06-09 21:29:47 - [MESSAGE][PASSED] - All options with index in [1] are selected on object 'Object Repository/HealthpostToStore/Page_HealthPost Store/select_--Select--Schedule 1Inj'

2018-06-09 21:29:47 - [TEST_STEP][PASSED] - delay: Delayed 1 second(s)

2018-06-09 21:29:48 - [MESSAGE][PASSED] - Delayed 1 second(s)

2018-06-09 21:29:48 - [TEST_STEP][PASSED] - selectOptionByIndex: All options with index in [7] are selected on object 'Object Repository/HealthpostToStore/Page_HealthPost Store/select_--Select--Adernaline 0.'

2018-06-09 21:29:48 - [MESSAGE][PASSED] - All options with index in [7] are selected on object 'Object Repository/HealthpostToStore/Page_HealthPost Store/select_--Select--Adernaline 0.'

2018-06-09 21:29:48 - [TEST_STEP][PASSED] - setText: Text '10' is set on object 'Object Repository/HealthpostToStore/Page_HealthPost Store/input_txttreat'

2018-06-09 21:29:48 - [MESSAGE][PASSED] - Text '10' is set on object 'Object Repository/HealthpostToStore/Page_HealthPost Store/input_txttreat'

2018-06-09 21:29:48 - [TEST_STEP][PASSED] - click: Object: 'Object Repository/HealthpostToStore/Page_HealthPost Store/button_Add' is clicked on

2018-06-09 21:29:48 - [MESSAGE][PASSED] - Object: 'Object Repository/HealthpostToStore/Page_HealthPost Store/button_Add' is clicked on

2018-06-09 21:29:48 - [TEST_STEP][PASSED] - selectOptionByIndex: All options with index in [1] are selected on object 'Object Repository/HealthpostToStore/Page_HealthPost Store/select_--Select--Schedule 1Inj'

2018-06-09 21:29:48 - [MESSAGE][PASSED] - All options with index in [1] are selected on object 'Object Repository/HealthpostToStore/Page_HealthPost Store/select_--Select--Schedule 1Inj'

2018-06-09 21:29:48 - [TEST_STEP][PASSED] - delay: Delayed 1 second(s)

2018-06-09 21:29:49 - [MESSAGE][PASSED] - Delayed 1 second(s)

2018-06-09 21:29:49 - [TEST_STEP][PASSED] - selectOptionByIndex: All options with index in [8] are selected on object 'Object Repository/HealthpostToStore/Page_HealthPost Store/select_--Select--Adernaline 0.'

2018-06-09 21:29:49 - [MESSAGE][PASSED] - All options with index in [8] are selected on object 'Object Repository/HealthpostToStore/Page_HealthPost Store/select_--Select--Adernaline 0.'

2018-06-09 21:29:49 - [TEST_STEP][PASSED] - setText: Text '10' is set on object 'Object Repository/HealthpostToStore/Page_HealthPost Store/input_txttreat'

2018-06-09 21:29:49 - [MESSAGE][PASSED] - Text '10' is set on object 'Object Repository/HealthpostToStore/Page_HealthPost Store/input_txttreat'

2018-06-09 21:29:49 - [TEST_STEP][PASSED] - click: Object: 'Object Repository/HealthpostToStore/Page_HealthPost Store/button_Add' is clicked on

2018-06-09 21:29:50 - [MESSAGE][PASSED] - Object: 'Object Repository/HealthpostToStore/Page_HealthPost Store/button_Add' is clicked on

2018-06-09 21:29:50 - [TEST_STEP][PASSED] - selectOptionByIndex: All options with index in [1] are selected on object 'Object Repository/HealthpostToStore/Page_HealthPost Store/select_--Select--Schedule 1Inj'

2018-06-09 21:29:50 - [MESSAGE][PASSED] - All options with index in [1] are selected on object 'Object Repository/HealthpostToStore/Page_HealthPost Store/select_--Select--Schedule 1Inj'

2018-06-09 21:29:50 - [TEST_STEP][PASSED] - delay: Delayed 1 second(s)

2018-06-09 21:29:51 - [MESSAGE][PASSED] - Delayed 1 second(s)

2018-06-09 21:29:51 - [TEST_STEP][PASSED] - selectOptionByIndex: All options with index in [9] are selected on object 'Object Repository/HealthpostToStore/Page_HealthPost Store/select_--Select--Adernaline 0.'

2018-06-09 21:29:51 - [MESSAGE][PASSED] - All options with index in [9] are selected on object 'Object Repository/HealthpostToStore/Page_HealthPost Store/select_--Select--Adernaline 0.'

2018-06-09 21:29:51 - [TEST_STEP][PASSED] - setText: Text '10' is set on object 'Object Repository/HealthpostToStore/Page_HealthPost Store/input_txttreat'

2018-06-09 21:29:51 - [MESSAGE][PASSED] - Text '10' is set on object 'Object Repository/HealthpostToStore/Page_HealthPost Store/input_txttreat'

2018-06-09 21:29:51 - [TEST_STEP][PASSED] - click: Object: 'Object Repository/HealthpostToStore/Page_HealthPost Store/button_Add' is clicked on

2018-06-09 21:29:51 - [MESSAGE][PASSED] - Object: 'Object Repository/HealthpostToStore/Page_HealthPost Store/button_Add' is clicked on

2018-06-09 21:29:51 - [TEST_STEP][PASSED] - selectOptionByIndex: All options with index in [1] are selected on object 'Object Repository/HealthpostToStore/Page_HealthPost Store/select_--Select--Schedule 1Inj'

2018-06-09 21:29:51 - [MESSAGE][PASSED] - All options with index in [1] are selected on object 'Object Repository/HealthpostToStore/Page_HealthPost Store/select_--Select--Schedule 1Inj'

2018-06-09 21:29:51 - [TEST_STEP][PASSED] - delay: Delayed 1 second(s)

2018-06-09 21:29:52 - [MESSAGE][PASSED] - Delayed 1 second(s)

2018-06-09 21:29:52 - [TEST_STEP][PASSED] - selectOptionByIndex: All options with index in [10] are selected on object 'Object Repository/HealthpostToStore/Page_HealthPost Store/select_--Select--Adernaline 0.'

2018-06-09 21:29:52 - [MESSAGE][PASSED] - All options with index in [10] are selected on object 'Object Repository/HealthpostToStore/Page_HealthPost Store/select_--Select--Adernaline 0.'

2018-06-09 21:29:52 - [TEST_STEP][PASSED] - setText: Text '10' is set on object 'Object Repository/HealthpostToStore/Page_HealthPost Store/input_txttreat'

2018-06-09 21:29:53 - [MESSAGE][PASSED] - Text '10' is set on object 'Object Repository/HealthpostToStore/Page_HealthPost Store/input_txttreat'

2018-06-09 21:29:53 - [TEST_STEP][PASSED] - click: Object: 'Object Repository/HealthpostToStore/Page_HealthPost Store/button_Add' is clicked on

2018-06-09 21:29:53 - [MESSAGE][PASSED] - Object: 'Object Repository/HealthpostToStore/Page_HealthPost Store/button_Add' is clicked on

2018-06-09 21:29:53 - [TEST_STEP][PASSED] - selectOptionByIndex: All options with index in [1] are selected on object 'Object Repository/HealthpostToStore/Page_HealthPost Store/select_--Select--Schedule 1Inj'

2018-06-09 21:29:53 - [MESSAGE][PASSED] - All options with index in [1] are selected on object 'Object Repository/HealthpostToStore/Page_HealthPost Store/select_--Select--Schedule 1Inj'

2018-06-09 21:29:53 - [TEST_STEP][PASSED] - delay: Delayed 1 second(s)

2018-06-09 21:29:54 - [MESSAGE][PASSED] - Delayed 1 second(s)

2018-06-09 21:29:54 - [TEST_STEP][PASSED] - selectOptionByIndex: All options with index in [11] are selected on object 'Object Repository/HealthpostToStore/Page_HealthPost Store/select_--Select--Adernaline 0.'

2018-06-09 21:29:54 - [MESSAGE][PASSED] - All options with index in [11] are selected on object 'Object Repository/HealthpostToStore/Page_HealthPost Store/select_--Select--Adernaline 0.'

2018-06-09 21:29:54 - [TEST_STEP][PASSED] - setText: Text '10' is set on object 'Object Repository/HealthpostToStore/Page_HealthPost Store/input_txttreat'

2018-06-09 21:29:54 - [MESSAGE][PASSED] - Text '10' is set on object 'Object Repository/HealthpostToStore/Page_HealthPost Store/input_txttreat'

2018-06-09 21:29:54 - [TEST_STEP][PASSED] - click: Object: 'Object Repository/HealthpostToStore/Page_HealthPost Store/button_Add' is clicked on

2018-06-09 21:29:54 - [MESSAGE][PASSED] - Object: 'Object Repository/HealthpostToStore/Page_HealthPost Store/button_Add' is clicked on

2018-06-09 21:29:54 - [TEST_STEP][PASSED] - selectOptionByIndex: All options with index in [1] are selected on object 'Object Repository/HealthpostToStore/Page_HealthPost Store/select_--Select--Schedule 1Inj'

2018-06-09 21:29:54 - [MESSAGE][PASSED] - All options with index in [1] are selected on object 'Object Repository/HealthpostToStore/Page_HealthPost Store/select_--Select--Schedule 1Inj'

2018-06-09 21:29:54 - [TEST_STEP][PASSED] - delay: Delayed 1 second(s)

2018-06-09 21:29:55 - [MESSAGE][PASSED] - Delayed 1 second(s)

2018-06-09 21:29:55 - [TEST_STEP][PASSED] - selectOptionByIndex: All options with index in [12] are selected on object 'Object Repository/HealthpostToStore/Page_HealthPost Store/select_--Select--Adernaline 0.'

2018-06-09 21:29:56 - [MESSAGE][PASSED] - All options with index in [12] are selected on object 'Object Repository/HealthpostToStore/Page_HealthPost Store/select_--Select--Adernaline 0.'

2018-06-09 21:29:56 - [TEST_STEP][PASSED] - setText: Text '10' is set on object 'Object Repository/HealthpostToStore/Page_HealthPost Store/input_txttreat'

2018-06-09 21:29:56 - [MESSAGE][PASSED] - Text '10' is set on object 'Object Repository/HealthpostToStore/Page_HealthPost Store/input_txttreat'

2018-06-09 21:29:56 - [TEST_STEP][PASSED] - click: Object: 'Object Repository/HealthpostToStore/Page_HealthPost Store/button_Add' is clicked on

2018-06-09 21:29:56 - [MESSAGE][PASSED] - Object: 'Object Repository/HealthpostToStore/Page_HealthPost Store/button_Add' is clicked on

2018-06-09 21:29:56 - [TEST_STEP][PASSED] - selectOptionByIndex: All options with index in [1] are selected on object 'Object Repository/HealthpostToStore/Page_HealthPost Store/select_--Select--Schedule 1Inj'

2018-06-09 21:29:56 - [MESSAGE][PASSED] - All options with index in [1] are selected on object 'Object Repository/HealthpostToStore/Page_HealthPost Store/select_--Select--Schedule 1Inj'

2018-06-09 21:29:56 - [TEST_STEP][PASSED] - delay: Delayed 1 second(s)

2018-06-09 21:29:57 - [MESSAGE][PASSED] - Delayed 1 second(s)

2018-06-09 21:29:57 - [TEST_STEP][PASSED] - selectOptionByIndex: All options with index in [13] are selected on object 'Object Repository/HealthpostToStore/Page_HealthPost Store/select_--Select--Adernaline 0.'

2018-06-09 21:29:57 - [MESSAGE][PASSED] - All options with index in [13] are selected on object 'Object Repository/HealthpostToStore/Page_HealthPost Store/select_--Select--Adernaline 0.'

2018-06-09 21:29:57 - [TEST_STEP][PASSED] - setText: Text '10' is set on object 'Object Repository/HealthpostToStore/Page_HealthPost Store/input_txttreat'

2018-06-09 21:29:57 - [MESSAGE][PASSED] - Text '10' is set on object 'Object Repository/HealthpostToStore/Page_HealthPost Store/input_txttreat'

2018-06-09 21:29:57 - [TEST_STEP][PASSED] - click: Object: 'Object Repository/HealthpostToStore/Page_HealthPost Store/button_Add' is clicked on

2018-06-09 21:29:57 - [MESSAGE][PASSED] - Object: 'Object Repository/HealthpostToStore/Page_HealthPost Store/button_Add' is clicked on

2018-06-09 21:29:57 - [TEST_STEP][PASSED] - selectOptionByIndex: All options with index in [1] are selected on object 'Object Repository/HealthpostToStore/Page_HealthPost Store/select_--Select--Schedule 1Inj'

2018-06-09 21:29:58 - [MESSAGE][PASSED] - All options with index in [1] are selected on object 'Object Repository/HealthpostToStore/Page_HealthPost Store/select_--Select--Schedule 1Inj'

2018-06-09 21:29:58 - [TEST_STEP][PASSED] - delay: Delayed 1 second(s)

2018-06-09 21:29:59 - [MESSAGE][PASSED] - Delayed 1 second(s)

2018-06-09 21:29:59 - [TEST_STEP][PASSED] - selectOptionByIndex: All options with index in [14] are selected on object 'Object Repository/HealthpostToStore/Page_HealthPost Store/select_--Select--Adernaline 0.'

2018-06-09 21:29:59 - [MESSAGE][PASSED] - All options with index in [14] are selected on object 'Object Repository/HealthpostToStore/Page_HealthPost Store/select_--Select--Adernaline 0.'

2018-06-09 21:29:59 - [TEST_STEP][PASSED] - setText: Text '10' is set on object 'Object Repository/HealthpostToStore/Page_HealthPost Store/input_txttreat'

2018-06-09 21:29:59 - [MESSAGE][PASSED] - Text '10' is set on object 'Object Repository/HealthpostToStore/Page_HealthPost Store/input_txttreat'

2018-06-09 21:29:59 - [TEST_STEP][PASSED] - click: Object: 'Object Repository/HealthpostToStore/Page_HealthPost Store/button_Add' is clicked on

2018-06-09 21:29:59 - [MESSAGE][PASSED] - Object: 'Object Repository/HealthpostToStore/Page_HealthPost Store/button_Add' is clicked on

2018-06-09 21:29:59 - [TEST_STEP][PASSED] - selectOptionByIndex: All options with index in [1] are selected on object 'Object Repository/HealthpostToStore/Page_HealthPost Store/select_--Select--Schedule 1Inj'

2018-06-09 21:29:59 - [MESSAGE][PASSED] - All options with index in [1] are selected on object 'Object Repository/HealthpostToStore/Page_HealthPost Store/select_--Select--Schedule 1Inj'

2018-06-09 21:29:59 - [TEST_STEP][PASSED] - delay: Delayed 1 second(s)

2018-06-09 21:30:00 - [MESSAGE][PASSED] - Delayed 1 second(s)

2018-06-09 21:30:00 - [TEST_STEP][PASSED] - selectOptionByIndex: All options with index in [15] are selected on object 'Object Repository/HealthpostToStore/Page_HealthPost Store/select_--Select--Adernaline 0.'

2018-06-09 21:30:00 - [MESSAGE][PASSED] - All options with index in [15] are selected on object 'Object Repository/HealthpostToStore/Page_HealthPost Store/select_--Select--Adernaline 0.'

2018-06-09 21:30:00 - [TEST_STEP][PASSED] - setText: Text '10' is set on object 'Object Repository/HealthpostToStore/Page_HealthPost Store/input_txttreat'

2018-06-09 21:30:01 - [MESSAGE][PASSED] - Text '10' is set on object 'Object Repository/HealthpostToStore/Page_HealthPost Store/input_txttreat'

2018-06-09 21:30:01 - [TEST_STEP][PASSED] - click: Object: 'Object Repository/HealthpostToStore/Page_HealthPost Store/button_Add' is clicked on

2018-06-09 21:30:01 - [MESSAGE][PASSED] - Object: 'Object Repository/HealthpostToStore/Page_HealthPost Store/button_Add' is clicked on

2018-06-09 21:30:01 - [TEST_STEP][PASSED] - selectOptionByIndex: All options with index in [1] are selected on object 'Object Repository/HealthpostToStore/Page_HealthPost Store/select_--Select--Schedule 1Inj'

2018-06-09 21:30:01 - [MESSAGE][PASSED] - All options with index in [1] are selected on object 'Object Repository/HealthpostToStore/Page_HealthPost Store/select_--Select--Schedule 1Inj'

2018-06-09 21:30:01 - [TEST_STEP][PASSED] - delay: Delayed 1 second(s)

2018-06-09 21:30:02 - [MESSAGE][PASSED] - Delayed 1 second(s)

2018-06-09 21:30:02 - [TEST_STEP][PASSED] - selectOptionByIndex: All options with index in [16] are selected on object 'Object Repository/HealthpostToStore/Page_HealthPost Store/select_--Select--Adernaline 0.'

2018-06-09 21:30:02 - [MESSAGE][PASSED] - All options with index in [16] are selected on object 'Object Repository/HealthpostToStore/Page_HealthPost Store/select_--Select--Adernaline 0.'

2018-06-09 21:30:02 - [TEST_STEP][PASSED] - setText: Text '10' is set on object 'Object Repository/HealthpostToStore/Page_HealthPost Store/input_txttreat'

2018-06-09 21:30:02 - [MESSAGE][PASSED] - Text '10' is set on object 'Object Repository/HealthpostToStore/Page_HealthPost Store/input_txttreat'

2018-06-09 21:30:02 - [TEST_STEP][PASSED] - click: Object: 'Object Repository/HealthpostToStore/Page_HealthPost Store/button_Add' is clicked on

2018-06-09 21:30:02 - [MESSAGE][PASSED] - Object: 'Object Repository/HealthpostToStore/Page_HealthPost Store/button_Add' is clicked on

2018-06-09 21:30:02 - [TEST_STEP][PASSED] - selectOptionByIndex: All options with index in [1] are selected on object 'Object Repository/HealthpostToStore/Page_HealthPost Store/select_--Select--Schedule 1Inj'

2018-06-09 21:30:02 - [MESSAGE][PASSED] - All options with index in [1] are selected on object 'Object Repository/HealthpostToStore/Page_HealthPost Store/select_--Select--Schedule 1Inj'

2018-06-09 21:30:02 - [TEST_STEP][PASSED] - delay: Delayed 1 second(s)

2018-06-09 21:30:03 - [MESSAGE][PASSED] - Delayed 1 second(s)

2018-06-09 21:30:03 - [TEST_STEP][PASSED] - selectOptionByIndex: All options with index in [17] are selected on object 'Object Repository/HealthpostToStore/Page_HealthPost Store/select_--Select--Adernaline 0.'

2018-06-09 21:30:04 - [MESSAGE][PASSED] - All options with index in [17] are selected on object 'Object Repository/HealthpostToStore/Page_HealthPost Store/select_--Select--Adernaline 0.'

2018-06-09 21:30:04 - [TEST_STEP][PASSED] - setText: Text '10' is set on object 'Object Repository/HealthpostToStore/Page_HealthPost Store/input_txttreat'

2018-06-09 21:30:04 - [MESSAGE][PASSED] - Text '10' is set on object 'Object Repository/HealthpostToStore/Page_HealthPost Store/input_txttreat'

2018-06-09 21:30:04 - [TEST_STEP][PASSED] - click: Object: 'Object Repository/HealthpostToStore/Page_HealthPost Store/button_Add' is clicked on

2018-06-09 21:30:04 - [MESSAGE][PASSED] - Object: 'Object Repository/HealthpostToStore/Page_HealthPost Store/button_Add' is clicked on

2018-06-09 21:30:04 - [TEST_STEP][PASSED] - selectOptionByIndex: All options with index in [1] are selected on object 'Object Repository/HealthpostToStore/Page_HealthPost Store/select_--Select--Schedule 1Inj'

2018-06-09 21:30:04 - [MESSAGE][PASSED] - All options with index in [1] are selected on object 'Object Repository/HealthpostToStore/Page_HealthPost Store/select_--Select--Schedule 1Inj'

2018-06-09 21:30:04 - [TEST_STEP][PASSED] - delay: Delayed 1 second(s)

2018-06-09 21:30:05 - [MESSAGE][PASSED] - Delayed 1 second(s)

2018-06-09 21:30:05 - [TEST_STEP][PASSED] - selectOptionByIndex: All options with index in [18] are selected on object 'Object Repository/HealthpostToStore/Page_HealthPost Store/select_--Select--Adernaline 0.'

2018-06-09 21:30:05 - [MESSAGE][PASSED] - All options with index in [18] are selected on object 'Object Repository/HealthpostToStore/Page_HealthPost Store/select_--Select--Adernaline 0.'

2018-06-09 21:30:05 - [TEST_STEP][PASSED] - setText: Text '10' is set on object 'Object Repository/HealthpostToStore/Page_HealthPost Store/input_txttreat'

2018-06-09 21:30:05 - [MESSAGE][PASSED] - Text '10' is set on object 'Object Repository/HealthpostToStore/Page_HealthPost Store/input_txttreat'

2018-06-09 21:30:05 - [TEST_STEP][PASSED] - click: Object: 'Object Repository/HealthpostToStore/Page_HealthPost Store/button_Add' is clicked on

2018-06-09 21:30:05 - [MESSAGE][PASSED] - Object: 'Object Repository/HealthpostToStore/Page_HealthPost Store/button_Add' is clicked on

2018-06-09 21:30:05 - [TEST_STEP][PASSED] - selectOptionByIndex: All options with index in [1] are selected on object 'Object Repository/HealthpostToStore/Page_HealthPost Store/select_--Select--Schedule 1Inj'

2018-06-09 21:30:06 - [MESSAGE][PASSED] - All options with index in [1] are selected on object 'Object Repository/HealthpostToStore/Page_HealthPost Store/select_--Select--Schedule 1Inj'

2018-06-09 21:30:06 - [TEST_STEP][PASSED] - delay: Delayed 1 second(s)

2018-06-09 21:30:07 - [MESSAGE][PASSED] - Delayed 1 second(s)

2018-06-09 21:30:07 - [TEST_STEP][PASSED] - selectOptionByIndex: All options with index in [19] are selected on object 'Object Repository/HealthpostToStore/Page_HealthPost Store/select_--Select--Adernaline 0.'

2018-06-09 21:30:07 - [MESSAGE][PASSED] - All options with index in [19] are selected on object 'Object Repository/HealthpostToStore/Page_HealthPost Store/select_--Select--Adernaline 0.'

2018-06-09 21:30:07 - [TEST_STEP][PASSED] - setText: Text '10' is set on object 'Object Repository/HealthpostToStore/Page_HealthPost Store/input_txttreat'

2018-06-09 21:30:07 - [MESSAGE][PASSED] - Text '10' is set on object 'Object Repository/HealthpostToStore/Page_HealthPost Store/input_txttreat'

2018-06-09 21:30:07 - [TEST_STEP][PASSED] - click: Object: 'Object Repository/HealthpostToStore/Page_HealthPost Store/button_Add' is clicked on

2018-06-09 21:30:07 - [MESSAGE][PASSED] - Object: 'Object Repository/HealthpostToStore/Page_HealthPost Store/button_Add' is clicked on

2018-06-09 21:30:07 - [TEST_STEP][PASSED] - selectOptionByIndex: All options with index in [1] are selected on object 'Object Repository/HealthpostToStore/Page_HealthPost Store/select_--Select--Schedule 1Inj'

2018-06-09 21:30:07 - [MESSAGE][PASSED] - All options with index in [1] are selected on object 'Object Repository/HealthpostToStore/Page_HealthPost Store/select_--Select--Schedule 1Inj'

2018-06-09 21:30:07 - [TEST_STEP][PASSED] - delay: Delayed 1 second(s)

2018-06-09 21:30:08 - [MESSAGE][PASSED] - Delayed 1 second(s)

2018-06-09 21:30:08 - [TEST_STEP][PASSED] - selectOptionByIndex: All options with index in [20] are selected on object 'Object Repository/HealthpostToStore/Page_HealthPost Store/select_--Select--Adernaline 0.'

2018-06-09 21:30:09 - [MESSAGE][PASSED] - All options with index in [20] are selected on object 'Object Repository/HealthpostToStore/Page_HealthPost Store/select_--Select--Adernaline 0.'

2018-06-09 21:30:09 - [TEST_STEP][PASSED] - setText: Text '10' is set on object 'Object Repository/HealthpostToStore/Page_HealthPost Store/input_txttreat'

2018-06-09 21:30:09 - [MESSAGE][PASSED] - Text '10' is set on object 'Object Repository/HealthpostToStore/Page_HealthPost Store/input_txttreat'

2018-06-09 21:30:09 - [TEST_STEP][PASSED] - click: Object: 'Object Repository/HealthpostToStore/Page_HealthPost Store/button_Add' is clicked on

2018-06-09 21:30:09 - [MESSAGE][PASSED] - Object: 'Object Repository/HealthpostToStore/Page_HealthPost Store/button_Add' is clicked on

2018-06-09 21:30:09 - [TEST_STEP][PASSED] - selectOptionByIndex: All options with index in [1] are selected on object 'Object Repository/HealthpostToStore/Page_HealthPost Store/select_--Select--Schedule 1Inj'

2018-06-09 21:30:09 - [MESSAGE][PASSED] - All options with index in [1] are selected on object 'Object Repository/HealthpostToStore/Page_HealthPost Store/select_--Select--Schedule 1Inj'

2018-06-09 21:30:09 - [TEST_STEP][PASSED] - delay: Delayed 1 second(s)

2018-06-09 21:30:10 - [MESSAGE][PASSED] - Delayed 1 second(s)

2018-06-09 21:30:10 - [TEST_STEP][PASSED] - selectOptionByIndex: All options with index in [21] are selected on object 'Object Repository/HealthpostToStore/Page_HealthPost Store/select_--Select--Adernaline 0.'

2018-06-09 21:30:10 - [MESSAGE][PASSED] - All options with index in [21] are selected on object 'Object Repository/HealthpostToStore/Page_HealthPost Store/select_--Select--Adernaline 0.'

2018-06-09 21:30:10 - [TEST_STEP][PASSED] - setText: Text '10' is set on object 'Object Repository/HealthpostToStore/Page_HealthPost Store/input_txttreat'

2018-06-09 21:30:10 - [MESSAGE][PASSED] - Text '10' is set on object 'Object Repository/HealthpostToStore/Page_HealthPost Store/input_txttreat'

2018-06-09 21:30:10 - [TEST_STEP][PASSED] - click: Object: 'Object Repository/HealthpostToStore/Page_HealthPost Store/button_Add' is clicked on

2018-06-09 21:30:10 - [MESSAGE][PASSED] - Object: 'Object Repository/HealthpostToStore/Page_HealthPost Store/button_Add' is clicked on

2018-06-09 21:30:10 - [TEST_STEP][PASSED] - selectOptionByIndex: All options with index in [1] are selected on object 'Object Repository/HealthpostToStore/Page_HealthPost Store/select_--Select--Schedule 1Inj'

2018-06-09 21:30:11 - [MESSAGE][PASSED] - All options with index in [1] are selected on object 'Object Repository/HealthpostToStore/Page_HealthPost Store/select_--Select--Schedule 1Inj'

2018-06-09 21:30:11 - [TEST_STEP][PASSED] - delay: Delayed 1 second(s)

2018-06-09 21:30:12 - [MESSAGE][PASSED] - Delayed 1 second(s)

2018-06-09 21:30:12 - [TEST_STEP][PASSED] - selectOptionByIndex: All options with index in [22] are selected on object 'Object Repository/HealthpostToStore/Page_HealthPost Store/select_--Select--Adernaline 0.'

2018-06-09 21:30:12 - [MESSAGE][PASSED] - All options with index in [22] are selected on object 'Object Repository/HealthpostToStore/Page_HealthPost Store/select_--Select--Adernaline 0.'

2018-06-09 21:30:12 - [TEST_STEP][PASSED] - setText: Text '10' is set on object 'Object Repository/HealthpostToStore/Page_HealthPost Store/input_txttreat'

2018-06-09 21:30:12 - [MESSAGE][PASSED] - Text '10' is set on object 'Object Repository/HealthpostToStore/Page_HealthPost Store/input_txttreat'

2018-06-09 21:30:12 - [TEST_STEP][PASSED] - click: Object: 'Object Repository/HealthpostToStore/Page_HealthPost Store/button_Add' is clicked on

2018-06-09 21:30:12 - [MESSAGE][PASSED] - Object: 'Object Repository/HealthpostToStore/Page_HealthPost Store/button_Add' is clicked on

2018-06-09 21:30:12 - [TEST_STEP][PASSED] - selectOptionByIndex: All options with index in [1] are selected on object 'Object Repository/HealthpostToStore/Page_HealthPost Store/select_--Select--Schedule 1Inj'

2018-06-09 21:30:12 - [MESSAGE][PASSED] - All options with index in [1] are selected on object 'Object Repository/HealthpostToStore/Page_HealthPost Store/select_--Select--Schedule 1Inj'

2018-06-09 21:30:12 - [TEST_STEP][PASSED] - delay: Delayed 1 second(s)

2018-06-09 21:30:13 - [MESSAGE][PASSED] - Delayed 1 second(s)

2018-06-09 21:30:13 - [TEST_STEP][PASSED] - selectOptionByIndex: All options with index in [23] are selected on object 'Object Repository/HealthpostToStore/Page_HealthPost Store/select_--Select--Adernaline 0.'

2018-06-09 21:30:14 - [MESSAGE][PASSED] - All options with index in [23] are selected on object 'Object Repository/HealthpostToStore/Page_HealthPost Store/select_--Select--Adernaline 0.'

2018-06-09 21:30:14 - [TEST_STEP][PASSED] - setText: Text '10' is set on object 'Object Repository/HealthpostToStore/Page_HealthPost Store/input_txttreat'

2018-06-09 21:30:14 - [MESSAGE][PASSED] - Text '10' is set on object 'Object Repository/HealthpostToStore/Page_HealthPost Store/input_txttreat'

2018-06-09 21:30:14 - [TEST_STEP][PASSED] - click: Object: 'Object Repository/HealthpostToStore/Page_HealthPost Store/button_Add' is clicked on

2018-06-09 21:30:14 - [MESSAGE][PASSED] - Object: 'Object Repository/HealthpostToStore/Page_HealthPost Store/button_Add' is clicked on

2018-06-09 21:30:14 - [TEST_STEP][PASSED] - selectOptionByIndex: All options with index in [1] are selected on object 'Object Repository/HealthpostToStore/Page_HealthPost Store/select_--Select--Schedule 1Inj'

2018-06-09 21:30:14 - [MESSAGE][PASSED] - All options with index in [1] are selected on object 'Object Repository/HealthpostToStore/Page_HealthPost Store/select_--Select--Schedule 1Inj'

2018-06-09 21:30:14 - [TEST_STEP][PASSED] - delay: Delayed 1 second(s)

2018-06-09 21:30:15 - [MESSAGE][PASSED] - Delayed 1 second(s)

2018-06-09 21:30:15 - [TEST_STEP][PASSED] - selectOptionByIndex: All options with index in [24] are selected on object 'Object Repository/HealthpostToStore/Page_HealthPost Store/select_--Select--Adernaline 0.'

2018-06-09 21:30:15 - [MESSAGE][PASSED] - All options with index in [24] are selected on object 'Object Repository/HealthpostToStore/Page_HealthPost Store/select_--Select--Adernaline 0.'

2018-06-09 21:30:15 - [TEST_STEP][PASSED] - setText: Text '10' is set on object 'Object Repository/HealthpostToStore/Page_HealthPost Store/input_txttreat'

2018-06-09 21:30:15 - [MESSAGE][PASSED] - Text '10' is set on object 'Object Repository/HealthpostToStore/Page_HealthPost Store/input_txttreat'

2018-06-09 21:30:15 - [TEST_STEP][PASSED] - click: Object: 'Object Repository/HealthpostToStore/Page_HealthPost Store/button_Add' is clicked on

2018-06-09 21:30:15 - [MESSAGE][PASSED] - Object: 'Object Repository/HealthpostToStore/Page_HealthPost Store/button_Add' is clicked on

2018-06-09 21:30:15 - [TEST_STEP][PASSED] - selectOptionByIndex: All options with index in [1] are selected on object 'Object Repository/HealthpostToStore/Page_HealthPost Store/select_--Select--Schedule 1Inj'

2018-06-09 21:30:16 - [MESSAGE][PASSED] - All options with index in [1] are selected on object 'Object Repository/HealthpostToStore/Page_HealthPost Store/select_--Select--Schedule 1Inj'

2018-06-09 21:30:16 - [TEST_STEP][PASSED] - delay: Delayed 1 second(s)

2018-06-09 21:30:17 - [MESSAGE][PASSED] - Delayed 1 second(s)

2018-06-09 21:30:17 - [TEST_STEP][PASSED] - selectOptionByIndex: All options with index in [25] are selected on object 'Object Repository/HealthpostToStore/Page_HealthPost Store/select_--Select--Adernaline 0.'

2018-06-09 21:30:17 - [MESSAGE][PASSED] - All options with index in [25] are selected on object 'Object Repository/HealthpostToStore/Page_HealthPost Store/select_--Select--Adernaline 0.'

2018-06-09 21:30:17 - [TEST_STEP][PASSED] - setText: Text '10' is set on object 'Object Repository/HealthpostToStore/Page_HealthPost Store/input_txttreat'

2018-06-09 21:30:17 - [MESSAGE][PASSED] - Text '10' is set on object 'Object Repository/HealthpostToStore/Page_HealthPost Store/input_txttreat'

2018-06-09 21:30:17 - [TEST_STEP][PASSED] - click: Object: 'Object Repository/HealthpostToStore/Page_HealthPost Store/button_Add' is clicked on

2018-06-09 21:30:17 - [MESSAGE][PASSED] - Object: 'Object Repository/HealthpostToStore/Page_HealthPost Store/button_Add' is clicked on

2018-06-09 21:30:17 - [TEST_STEP][PASSED] - selectOptionByIndex: All options with index in [1] are selected on object 'Object Repository/HealthpostToStore/Page_HealthPost Store/select_--Select--Schedule 1Inj'

2018-06-09 21:30:17 - [MESSAGE][PASSED] - All options with index in [1] are selected on object 'Object Repository/HealthpostToStore/Page_HealthPost Store/select_--Select--Schedule 1Inj'

2018-06-09 21:30:17 - [TEST_STEP][PASSED] - delay: Delayed 1 second(s)

2018-06-09 21:30:18 - [MESSAGE][PASSED] - Delayed 1 second(s)

2018-06-09 21:30:18 - [TEST_STEP][PASSED] - selectOptionByIndex: All options with index in [26] are selected on object 'Object Repository/HealthpostToStore/Page_HealthPost Store/select_--Select--Adernaline 0.'

2018-06-09 21:30:19 - [MESSAGE][PASSED] - All options with index in [26] are selected on object 'Object Repository/HealthpostToStore/Page_HealthPost Store/select_--Select--Adernaline 0.'

2018-06-09 21:30:19 - [TEST_STEP][PASSED] - setText: Text '10' is set on object 'Object Repository/HealthpostToStore/Page_HealthPost Store/input_txttreat'

2018-06-09 21:30:19 - [MESSAGE][PASSED] - Text '10' is set on object 'Object Repository/HealthpostToStore/Page_HealthPost Store/input_txttreat'

2018-06-09 21:30:19 - [TEST_STEP][PASSED] - click: Object: 'Object Repository/HealthpostToStore/Page_HealthPost Store/button_Add' is clicked on

2018-06-09 21:30:19 - [MESSAGE][PASSED] - Object: 'Object Repository/HealthpostToStore/Page_HealthPost Store/button_Add' is clicked on

2018-06-09 21:30:19 - [TEST_STEP][PASSED] - selectOptionByIndex: All options with index in [1] are selected on object 'Object Repository/HealthpostToStore/Page_HealthPost Store/select_--Select--Schedule 1Inj'

2018-06-09 21:30:19 - [MESSAGE][PASSED] - All options with index in [1] are selected on object 'Object Repository/HealthpostToStore/Page_HealthPost Store/select_--Select--Schedule 1Inj'

2018-06-09 21:30:19 - [TEST_STEP][PASSED] - delay: Delayed 1 second(s)

2018-06-09 21:30:20 - [MESSAGE][PASSED] - Delayed 1 second(s)

2018-06-09 21:30:20 - [TEST_STEP][PASSED] - selectOptionByIndex: All options with index in [27] are selected on object 'Object Repository/HealthpostToStore/Page_HealthPost Store/select_--Select--Adernaline 0.'

2018-06-09 21:30:20 - [MESSAGE][PASSED] - All options with index in [27] are selected on object 'Object Repository/HealthpostToStore/Page_HealthPost Store/select_--Select--Adernaline 0.'

2018-06-09 21:30:20 - [TEST_STEP][PASSED] - setText: Text '10' is set on object 'Object Repository/HealthpostToStore/Page_HealthPost Store/input_txttreat'

2018-06-09 21:30:20 - [MESSAGE][PASSED] - Text '10' is set on object 'Object Repository/HealthpostToStore/Page_HealthPost Store/input_txttreat'

2018-06-09 21:30:20 - [TEST_STEP][PASSED] - click: Object: 'Object Repository/HealthpostToStore/Page_HealthPost Store/button_Add' is clicked on

2018-06-09 21:30:21 - [MESSAGE][PASSED] - Object: 'Object Repository/HealthpostToStore/Page_HealthPost Store/button_Add' is clicked on

2018-06-09 21:30:21 - [TEST_STEP][PASSED] - selectOptionByIndex: All options with index in [1] are selected on object 'Object Repository/HealthpostToStore/Page_HealthPost Store/select_--Select--Schedule 1Inj'

2018-06-09 21:30:21 - [MESSAGE][PASSED] - All options with index in [1] are selected on object 'Object Repository/HealthpostToStore/Page_HealthPost Store/select_--Select--Schedule 1Inj'

2018-06-09 21:30:21 - [TEST_STEP][PASSED] - delay: Delayed 1 second(s)

2018-06-09 21:30:22 - [MESSAGE][PASSED] - Delayed 1 second(s)

2018-06-09 21:30:22 - [TEST_STEP][PASSED] - selectOptionByIndex: All options with index in [28] are selected on object 'Object Repository/HealthpostToStore/Page_HealthPost Store/select_--Select--Adernaline 0.'

2018-06-09 21:30:22 - [MESSAGE][PASSED] - All options with index in [28] are selected on object 'Object Repository/HealthpostToStore/Page_HealthPost Store/select_--Select--Adernaline 0.'

2018-06-09 21:30:22 - [TEST_STEP][PASSED] - setText: Text '10' is set on object 'Object Repository/HealthpostToStore/Page_HealthPost Store/input_txttreat'

2018-06-09 21:30:22 - [MESSAGE][PASSED] - Text '10' is set on object 'Object Repository/HealthpostToStore/Page_HealthPost Store/input_txttreat'

2018-06-09 21:30:22 - [TEST_STEP][PASSED] - click: Object: 'Object Repository/HealthpostToStore/Page_HealthPost Store/button_Add' is clicked on

2018-06-09 21:30:22 - [MESSAGE][PASSED] - Object: 'Object Repository/HealthpostToStore/Page_HealthPost Store/button_Add' is clicked on

2018-06-09 21:30:22 - [TEST_STEP][PASSED] - selectOptionByIndex: All options with index in [1] are selected on object 'Object Repository/HealthpostToStore/Page_HealthPost Store/select_--Select--Schedule 1Inj'

2018-06-09 21:30:22 - [MESSAGE][PASSED] - All options with index in [1] are selected on object 'Object Repository/HealthpostToStore/Page_HealthPost Store/select_--Select--Schedule 1Inj'

2018-06-09 21:30:22 - [TEST_STEP][PASSED] - delay: Delayed 1 second(s)

2018-06-09 21:30:23 - [MESSAGE][PASSED] - Delayed 1 second(s)

2018-06-09 21:30:23 - [TEST_STEP][PASSED] - selectOptionByIndex: All options with index in [29] are selected on object 'Object Repository/HealthpostToStore/Page_HealthPost Store/select_--Select--Adernaline 0.'

2018-06-09 21:30:24 - [MESSAGE][PASSED] - All options with index in [29] are selected on object 'Object Repository/HealthpostToStore/Page_HealthPost Store/select_--Select--Adernaline 0.'

2018-06-09 21:30:24 - [TEST_STEP][PASSED] - setText: Text '10' is set on object 'Object Repository/HealthpostToStore/Page_HealthPost Store/input_txttreat'

2018-06-09 21:30:24 - [MESSAGE][PASSED] - Text '10' is set on object 'Object Repository/HealthpostToStore/Page_HealthPost Store/input_txttreat'

2018-06-09 21:30:24 - [TEST_STEP][PASSED] - click: Object: 'Object Repository/HealthpostToStore/Page_HealthPost Store/button_Add' is clicked on

2018-06-09 21:30:24 - [MESSAGE][PASSED] - Object: 'Object Repository/HealthpostToStore/Page_HealthPost Store/button_Add' is clicked on

2018-06-09 21:30:24 - [TEST_STEP][PASSED] - selectOptionByIndex: All options with index in [1] are selected on object 'Object Repository/HealthpostToStore/Page_HealthPost Store/select_--Select--Schedule 1Inj'

2018-06-09 21:30:24 - [MESSAGE][PASSED] - All options with index in [1] are selected on object 'Object Repository/HealthpostToStore/Page_HealthPost Store/select_--Select--Schedule 1Inj'

2018-06-09 21:30:24 - [TEST_STEP][PASSED] - delay: Delayed 1 second(s)

2018-06-09 21:30:25 - [MESSAGE][PASSED] - Delayed 1 second(s)

2018-06-09 21:30:25 - [TEST_STEP][PASSED] - selectOptionByIndex: All options with index in [30] are selected on object 'Object Repository/HealthpostToStore/Page_HealthPost Store/select_--Select--Adernaline 0.'

2018-06-09 21:30:26 - [MESSAGE][PASSED] - All options with index in [30] are selected on object 'Object Repository/HealthpostToStore/Page_HealthPost Store/select_--Select--Adernaline 0.'

2018-06-09 21:30:26 - [TEST_STEP][PASSED] - setText: Text '10' is set on object 'Object Repository/HealthpostToStore/Page_HealthPost Store/input_txttreat'

2018-06-09 21:30:26 - [MESSAGE][PASSED] - Text '10' is set on object 'Object Repository/HealthpostToStore/Page_HealthPost Store/input_txttreat'

2018-06-09 21:30:26 - [TEST_STEP][PASSED] - click: Object: 'Object Repository/HealthpostToStore/Page_HealthPost Store/button_Add' is clicked on

2018-06-09 21:30:26 - [MESSAGE][PASSED] - Object: 'Object Repository/HealthpostToStore/Page_HealthPost Store/button_Add' is clicked on

2018-06-09 21:30:26 - [TEST_STEP][PASSED] - selectOptionByIndex: All options with index in [1] are selected on object 'Object Repository/HealthpostToStore/Page_HealthPost Store/select_--Select--Schedule 1Inj'

2018-06-09 21:30:26 - [MESSAGE][PASSED] - All options with index in [1] are selected on object 'Object Repository/HealthpostToStore/Page_HealthPost Store/select_--Select--Schedule 1Inj'

2018-06-09 21:30:26 - [TEST_STEP][PASSED] - delay: Delayed 1 second(s)

2018-06-09 21:30:27 - [MESSAGE][PASSED] - Delayed 1 second(s)

2018-06-09 21:30:27 - [TEST_STEP][PASSED] - selectOptionByIndex: All options with index in [31] are selected on object 'Object Repository/HealthpostToStore/Page_HealthPost Store/select_--Select--Adernaline 0.'

2018-06-09 21:30:27 - [MESSAGE][PASSED] - All options with index in [31] are selected on object 'Object Repository/HealthpostToStore/Page_HealthPost Store/select_--Select--Adernaline 0.'

2018-06-09 21:30:27 - [TEST_STEP][PASSED] - setText: Text '10' is set on object 'Object Repository/HealthpostToStore/Page_HealthPost Store/input_txttreat'

2018-06-09 21:30:27 - [MESSAGE][PASSED] - Text '10' is set on object 'Object Repository/HealthpostToStore/Page_HealthPost Store/input_txttreat'

2018-06-09 21:30:27 - [TEST_STEP][PASSED] - click: Object: 'Object Repository/HealthpostToStore/Page_HealthPost Store/button_Add' is clicked on

2018-06-09 21:30:28 - [MESSAGE][PASSED] - Object: 'Object Repository/HealthpostToStore/Page_HealthPost Store/button_Add' is clicked on

2018-06-09 21:30:28 - [TEST_STEP][PASSED] - selectOptionByIndex: All options with index in [1] are selected on object 'Object Repository/HealthpostToStore/Page_HealthPost Store/select_--Select--Schedule 1Inj'

2018-06-09 21:30:28 - [MESSAGE][PASSED] - All options with index in [1] are selected on object 'Object Repository/HealthpostToStore/Page_HealthPost Store/select_--Select--Schedule 1Inj'

2018-06-09 21:30:28 - [TEST_STEP][PASSED] - delay: Delayed 1 second(s)

2018-06-09 21:30:29 - [MESSAGE][PASSED] - Delayed 1 second(s)

2018-06-09 21:30:29 - [TEST_STEP][PASSED] - selectOptionByIndex: All options with index in [32] are selected on object 'Object Repository/HealthpostToStore/Page_HealthPost Store/select_--Select--Adernaline 0.'

2018-06-09 21:30:29 - [MESSAGE][PASSED] - All options with index in [32] are selected on object 'Object Repository/HealthpostToStore/Page_HealthPost Store/select_--Select--Adernaline 0.'

2018-06-09 21:30:29 - [TEST_STEP][PASSED] - setText: Text '10' is set on object 'Object Repository/HealthpostToStore/Page_HealthPost Store/input_txttreat'

2018-06-09 21:30:29 - [MESSAGE][PASSED] - Text '10' is set on object 'Object Repository/HealthpostToStore/Page_HealthPost Store/input_txttreat'

2018-06-09 21:30:29 - [TEST_STEP][PASSED] - click: Object: 'Object Repository/HealthpostToStore/Page_HealthPost Store/button_Add' is clicked on

2018-06-09 21:30:29 - [MESSAGE][PASSED] - Object: 'Object Repository/HealthpostToStore/Page_HealthPost Store/button_Add' is clicked on

2018-06-09 21:30:29 - [TEST_STEP][PASSED] - selectOptionByIndex: All options with index in [1] are selected on object 'Object Repository/HealthpostToStore/Page_HealthPost Store/select_--Select--Schedule 1Inj'

2018-06-09 21:30:29 - [MESSAGE][PASSED] - All options with index in [1] are selected on object 'Object Repository/HealthpostToStore/Page_HealthPost Store/select_--Select--Schedule 1Inj'

2018-06-09 21:30:29 - [TEST_STEP][PASSED] - delay: Delayed 1 second(s)

2018-06-09 21:30:30 - [MESSAGE][PASSED] - Delayed 1 second(s)

2018-06-09 21:30:30 - [TEST_STEP][PASSED] - selectOptionByIndex: All options with index in [33] are selected on object 'Object Repository/HealthpostToStore/Page_HealthPost Store/select_--Select--Adernaline 0.'

2018-06-09 21:30:31 - [MESSAGE][PASSED] - All options with index in [33] are selected on object 'Object Repository/HealthpostToStore/Page_HealthPost Store/select_--Select--Adernaline 0.'

2018-06-09 21:30:31 - [TEST_STEP][PASSED] - setText: Text '10' is set on object 'Object Repository/HealthpostToStore/Page_HealthPost Store/input_txttreat'

2018-06-09 21:30:31 - [MESSAGE][PASSED] - Text '10' is set on object 'Object Repository/HealthpostToStore/Page_HealthPost Store/input_txttreat'

2018-06-09 21:30:31 - [TEST_STEP][PASSED] - click: Object: 'Object Repository/HealthpostToStore/Page_HealthPost Store/button_Add' is clicked on

2018-06-09 21:30:31 - [MESSAGE][PASSED] - Object: 'Object Repository/HealthpostToStore/Page_HealthPost Store/button_Add' is clicked on

2018-06-09 21:30:31 - [TEST_STEP][PASSED] - selectOptionByIndex: All options with index in [1] are selected on object 'Object Repository/HealthpostToStore/Page_HealthPost Store/select_--Select--Schedule 1Inj'

2018-06-09 21:30:31 - [MESSAGE][PASSED] - All options with index in [1] are selected on object 'Object Repository/HealthpostToStore/Page_HealthPost Store/select_--Select--Schedule 1Inj'

2018-06-09 21:30:31 - [TEST_STEP][PASSED] - delay: Delayed 1 second(s)

2018-06-09 21:30:32 - [MESSAGE][PASSED] - Delayed 1 second(s)

2018-06-09 21:30:32 - [TEST_STEP][PASSED] - selectOptionByIndex: All options with index in [34] are selected on object 'Object Repository/HealthpostToStore/Page_HealthPost Store/select_--Select--Adernaline 0.'

2018-06-09 21:30:33 - [MESSAGE][PASSED] - All options with index in [34] are selected on object 'Object Repository/HealthpostToStore/Page_HealthPost Store/select_--Select--Adernaline 0.'

2018-06-09 21:30:33 - [TEST_STEP][PASSED] - setText: Text '10' is set on object 'Object Repository/HealthpostToStore/Page_HealthPost Store/input_txttreat'

2018-06-09 21:30:33 - [MESSAGE][PASSED] - Text '10' is set on object 'Object Repository/HealthpostToStore/Page_HealthPost Store/input_txttreat'

2018-06-09 21:30:33 - [TEST_STEP][PASSED] - click: Object: 'Object Repository/HealthpostToStore/Page_HealthPost Store/button_Add' is clicked on

2018-06-09 21:30:33 - [MESSAGE][PASSED] - Object: 'Object Repository/HealthpostToStore/Page_HealthPost Store/button_Add' is clicked on

2018-06-09 21:30:33 - [TEST_STEP][PASSED] - selectOptionByIndex: All options with index in [1] are selected on object 'Object Repository/HealthpostToStore/Page_HealthPost Store/select_--Select--Schedule 1Inj'

2018-06-09 21:30:33 - [MESSAGE][PASSED] - All options with index in [1] are selected on object 'Object Repository/HealthpostToStore/Page_HealthPost Store/select_--Select--Schedule 1Inj'

2018-06-09 21:30:33 - [TEST_STEP][PASSED] - delay: Delayed 1 second(s)

2018-06-09 21:30:34 - [MESSAGE][PASSED] - Delayed 1 second(s)

2018-06-09 21:30:34 - [TEST_STEP][PASSED] - selectOptionByIndex: All options with index in [35] are selected on object 'Object Repository/HealthpostToStore/Page_HealthPost Store/select_--Select--Adernaline 0.'

2018-06-09 21:30:35 - [MESSAGE][PASSED] - All options with index in [35] are selected on object 'Object Repository/HealthpostToStore/Page_HealthPost Store/select_--Select--Adernaline 0.'

2018-06-09 21:30:35 - [TEST_STEP][PASSED] - setText: Text '10' is set on object 'Object Repository/HealthpostToStore/Page_HealthPost Store/input_txttreat'

2018-06-09 21:30:35 - [MESSAGE][PASSED] - Text '10' is set on object 'Object Repository/HealthpostToStore/Page_HealthPost Store/input_txttreat'

2018-06-09 21:30:35 - [TEST_STEP][PASSED] - click: Object: 'Object Repository/HealthpostToStore/Page_HealthPost Store/button_Add' is clicked on

2018-06-09 21:30:35 - [MESSAGE][PASSED] - Object: 'Object Repository/HealthpostToStore/Page_HealthPost Store/button_Add' is clicked on

2018-06-09 21:30:35 - [TEST_STEP][PASSED] - selectOptionByIndex: All options with index in [1] are selected on object 'Object Repository/HealthpostToStore/Page_HealthPost Store/select_--Select--Schedule 1Inj'

2018-06-09 21:30:35 - [MESSAGE][PASSED] - All options with index in [1] are selected on object 'Object Repository/HealthpostToStore/Page_HealthPost Store/select_--Select--Schedule 1Inj'

2018-06-09 21:30:35 - [TEST_STEP][PASSED] - delay: Delayed 1 second(s)

2018-06-09 21:30:36 - [MESSAGE][PASSED] - Delayed 1 second(s)

2018-06-09 21:30:36 - [TEST_STEP][PASSED] - selectOptionByIndex: All options with index in [36] are selected on object 'Object Repository/HealthpostToStore/Page_HealthPost Store/select_--Select--Adernaline 0.'

2018-06-09 21:30:36 - [MESSAGE][PASSED] - All options with index in [36] are selected on object 'Object Repository/HealthpostToStore/Page_HealthPost Store/select_--Select--Adernaline 0.'

2018-06-09 21:30:36 - [TEST_STEP][PASSED] - setText: Text '10' is set on object 'Object Repository/HealthpostToStore/Page_HealthPost Store/input_txttreat'

2018-06-09 21:30:36 - [MESSAGE][PASSED] - Text '10' is set on object 'Object Repository/HealthpostToStore/Page_HealthPost Store/input_txttreat'

2018-06-09 21:30:36 - [TEST_STEP][PASSED] - click: Object: 'Object Repository/HealthpostToStore/Page_HealthPost Store/button_Add' is clicked on

2018-06-09 21:30:36 - [MESSAGE][PASSED] - Object: 'Object Repository/HealthpostToStore/Page_HealthPost Store/button_Add' is clicked on

2018-06-09 21:30:36 - [TEST_STEP][PASSED] - selectOptionByIndex: All options with index in [1] are selected on object 'Object Repository/HealthpostToStore/Page_HealthPost Store/select_--Select--Schedule 1Inj'

2018-06-09 21:30:37 - [MESSAGE][PASSED] - All options with index in [1] are selected on object 'Object Repository/HealthpostToStore/Page_HealthPost Store/select_--Select--Schedule 1Inj'

2018-06-09 21:30:37 - [TEST_STEP][PASSED] - delay: Delayed 1 second(s)

2018-06-09 21:30:38 - [MESSAGE][PASSED] - Delayed 1 second(s)

2018-06-09 21:30:38 - [TEST_STEP][PASSED] - selectOptionByIndex: All options with index in [37] are selected on object 'Object Repository/HealthpostToStore/Page_HealthPost Store/select_--Select--Adernaline 0.'

2018-06-09 21:30:38 - [MESSAGE][PASSED] - All options with index in [37] are selected on object 'Object Repository/HealthpostToStore/Page_HealthPost Store/select_--Select--Adernaline 0.'

2018-06-09 21:30:38 - [TEST_STEP][PASSED] - setText: Text '10' is set on object 'Object Repository/HealthpostToStore/Page_HealthPost Store/input_txttreat'

2018-06-09 21:30:38 - [MESSAGE][PASSED] - Text '10' is set on object 'Object Repository/HealthpostToStore/Page_HealthPost Store/input_txttreat'

2018-06-09 21:30:38 - [TEST_STEP][PASSED] - click: Object: 'Object Repository/HealthpostToStore/Page_HealthPost Store/button_Add' is clicked on

2018-06-09 21:30:38 - [MESSAGE][PASSED] - Object: 'Object Repository/HealthpostToStore/Page_HealthPost Store/button_Add' is clicked on

2018-06-09 21:30:38 - [TEST_STEP][PASSED] - selectOptionByIndex: All options with index in [1] are selected on object 'Object Repository/HealthpostToStore/Page_HealthPost Store/select_--Select--Schedule 1Inj'

2018-06-09 21:30:38 - [MESSAGE][PASSED] - All options with index in [1] are selected on object 'Object Repository/HealthpostToStore/Page_HealthPost Store/select_--Select--Schedule 1Inj'

2018-06-09 21:30:38 - [TEST_STEP][PASSED] - delay: Delayed 1 second(s)

2018-06-09 21:30:39 - [MESSAGE][PASSED] - Delayed 1 second(s)

2018-06-09 21:30:39 - [TEST_STEP][PASSED] - selectOptionByIndex: All options with index in [38] are selected on object 'Object Repository/HealthpostToStore/Page_HealthPost Store/select_--Select--Adernaline 0.'

2018-06-09 21:30:40 - [MESSAGE][PASSED] - All options with index in [38] are selected on object 'Object Repository/HealthpostToStore/Page_HealthPost Store/select_--Select--Adernaline 0.'

2018-06-09 21:30:40 - [TEST_STEP][PASSED] - setText: Text '10' is set on object 'Object Repository/HealthpostToStore/Page_HealthPost Store/input_txttreat'

2018-06-09 21:30:40 - [MESSAGE][PASSED] - Text '10' is set on object 'Object Repository/HealthpostToStore/Page_HealthPost Store/input_txttreat'

2018-06-09 21:30:40 - [TEST_STEP][PASSED] - click: Object: 'Object Repository/HealthpostToStore/Page_HealthPost Store/button_Add' is clicked on

2018-06-09 21:30:40 - [MESSAGE][PASSED] - Object: 'Object Repository/HealthpostToStore/Page_HealthPost Store/button_Add' is clicked on

2018-06-09 21:30:40 - [TEST_STEP][PASSED] - selectOptionByIndex: All options with index in [1] are selected on object 'Object Repository/HealthpostToStore/Page_HealthPost Store/select_--Select--Schedule 1Inj'

2018-06-09 21:30:40 - [MESSAGE][PASSED] - All options with index in [1] are selected on object 'Object Repository/HealthpostToStore/Page_HealthPost Store/select_--Select--Schedule 1Inj'

2018-06-09 21:30:40 - [TEST_STEP][PASSED] - delay: Delayed 1 second(s)

2018-06-09 21:30:41 - [MESSAGE][PASSED] - Delayed 1 second(s)

2018-06-09 21:30:41 - [TEST_STEP][PASSED] - selectOptionByIndex: All options with index in [39] are selected on object 'Object Repository/HealthpostToStore/Page_HealthPost Store/select_--Select--Adernaline 0.'

2018-06-09 21:30:42 - [MESSAGE][PASSED] - All options with index in [39] are selected on object 'Object Repository/HealthpostToStore/Page_HealthPost Store/select_--Select--Adernaline 0.'

2018-06-09 21:30:42 - [TEST_STEP][PASSED] - setText: Text '10' is set on object 'Object Repository/HealthpostToStore/Page_HealthPost Store/input_txttreat'

2018-06-09 21:30:42 - [MESSAGE][PASSED] - Text '10' is set on object 'Object Repository/HealthpostToStore/Page_HealthPost Store/input_txttreat'

2018-06-09 21:30:42 - [TEST_STEP][PASSED] - click: Object: 'Object Repository/HealthpostToStore/Page_HealthPost Store/button_Add' is clicked on

2018-06-09 21:30:42 - [MESSAGE][PASSED] - Object: 'Object Repository/HealthpostToStore/Page_HealthPost Store/button_Add' is clicked on

2018-06-09 21:30:42 - [TEST_STEP][PASSED] - selectOptionByIndex: All options with index in [1] are selected on object 'Object Repository/HealthpostToStore/Page_HealthPost Store/select_--Select--Schedule 1Inj'

2018-06-09 21:30:42 - [MESSAGE][PASSED] - All options with index in [1] are selected on object 'Object Repository/HealthpostToStore/Page_HealthPost Store/select_--Select--Schedule 1Inj'

2018-06-09 21:30:42 - [TEST_STEP][PASSED] - delay: Delayed 1 second(s)

2018-06-09 21:30:43 - [MESSAGE][PASSED] - Delayed 1 second(s)

2018-06-09 21:30:43 - [TEST_STEP][PASSED] - selectOptionByIndex: All options with index in [40] are selected on object 'Object Repository/HealthpostToStore/Page_HealthPost Store/select_--Select--Adernaline 0.'

2018-06-09 21:30:44 - [MESSAGE][PASSED] - All options with index in [40] are selected on object 'Object Repository/HealthpostToStore/Page_HealthPost Store/select_--Select--Adernaline 0.'

2018-06-09 21:30:44 - [TEST_STEP][PASSED] - setText: Text '10' is set on object 'Object Repository/HealthpostToStore/Page_HealthPost Store/input_txttreat'

2018-06-09 21:30:44 - [MESSAGE][PASSED] - Text '10' is set on object 'Object Repository/HealthpostToStore/Page_HealthPost Store/input_txttreat'

2018-06-09 21:30:44 - [TEST_STEP][PASSED] - click: Object: 'Object Repository/HealthpostToStore/Page_HealthPost Store/button_Add' is clicked on

2018-06-09 21:30:44 - [MESSAGE][PASSED] - Object: 'Object Repository/HealthpostToStore/Page_HealthPost Store/button_Add' is clicked on

2018-06-09 21:30:44 - [TEST_STEP][PASSED] - selectOptionByIndex: All options with index in [1] are selected on object 'Object Repository/HealthpostToStore/Page_HealthPost Store/select_--Select--Schedule 1Inj'

2018-06-09 21:30:44 - [MESSAGE][PASSED] - All options with index in [1] are selected on object 'Object Repository/HealthpostToStore/Page_HealthPost Store/select_--Select--Schedule 1Inj'

2018-06-09 21:30:44 - [TEST_STEP][PASSED] - delay: Delayed 1 second(s)

2018-06-09 21:30:45 - [MESSAGE][PASSED] - Delayed 1 second(s)

2018-06-09 21:30:45 - [TEST_STEP][PASSED] - selectOptionByIndex: All options with index in [41] are selected on object 'Object Repository/HealthpostToStore/Page_HealthPost Store/select_--Select--Adernaline 0.'

2018-06-09 21:30:46 - [MESSAGE][PASSED] - All options with index in [41] are selected on object 'Object Repository/HealthpostToStore/Page_HealthPost Store/select_--Select--Adernaline 0.'

2018-06-09 21:30:46 - [TEST_STEP][PASSED] - setText: Text '10' is set on object 'Object Repository/HealthpostToStore/Page_HealthPost Store/input_txttreat'

2018-06-09 21:30:46 - [MESSAGE][PASSED] - Text '10' is set on object 'Object Repository/HealthpostToStore/Page_HealthPost Store/input_txttreat'

2018-06-09 21:30:46 - [TEST_STEP][PASSED] - click: Object: 'Object Repository/HealthpostToStore/Page_HealthPost Store/button_Add' is clicked on

2018-06-09 21:30:46 - [MESSAGE][PASSED] - Object: 'Object Repository/HealthpostToStore/Page_HealthPost Store/button_Add' is clicked on

2018-06-09 21:30:46 - [TEST_STEP][PASSED] - selectOptionByIndex: All options with index in [1] are selected on object 'Object Repository/HealthpostToStore/Page_HealthPost Store/select_--Select--Schedule 1Inj'

2018-06-09 21:30:46 - [MESSAGE][PASSED] - All options with index in [1] are selected on object 'Object Repository/HealthpostToStore/Page_HealthPost Store/select_--Select--Schedule 1Inj'

2018-06-09 21:30:46 - [TEST_STEP][PASSED] - delay: Delayed 1 second(s)

2018-06-09 21:30:47 - [MESSAGE][PASSED] - Delayed 1 second(s)

2018-06-09 21:30:47 - [TEST_STEP][PASSED] - selectOptionByIndex: All options with index in [42] are selected on object 'Object Repository/HealthpostToStore/Page_HealthPost Store/select_--Select--Adernaline 0.'

2018-06-09 21:30:47 - [MESSAGE][PASSED] - All options with index in [42] are selected on object 'Object Repository/HealthpostToStore/Page_HealthPost Store/select_--Select--Adernaline 0.'

2018-06-09 21:30:47 - [TEST_STEP][PASSED] - setText: Text '10' is set on object 'Object Repository/HealthpostToStore/Page_HealthPost Store/input_txttreat'

2018-06-09 21:30:47 - [MESSAGE][PASSED] - Text '10' is set on object 'Object Repository/HealthpostToStore/Page_HealthPost Store/input_txttreat'

2018-06-09 21:30:47 - [TEST_STEP][PASSED] - click: Object: 'Object Repository/HealthpostToStore/Page_HealthPost Store/button_Add' is clicked on

2018-06-09 21:30:48 - [MESSAGE][PASSED] - Object: 'Object Repository/HealthpostToStore/Page_HealthPost Store/button_Add' is clicked on

2018-06-09 21:30:48 - [TEST_STEP][PASSED] - selectOptionByIndex: All options with index in [1] are selected on object 'Object Repository/HealthpostToStore/Page_HealthPost Store/select_--Select--Schedule 1Inj'

2018-06-09 21:30:48 - [MESSAGE][PASSED] - All options with index in [1] are selected on object 'Object Repository/HealthpostToStore/Page_HealthPost Store/select_--Select--Schedule 1Inj'

2018-06-09 21:30:48 - [TEST_STEP][PASSED] - delay: Delayed 1 second(s)

2018-06-09 21:30:49 - [MESSAGE][PASSED] - Delayed 1 second(s)

2018-06-09 21:30:49 - [TEST_STEP][PASSED] - selectOptionByIndex: All options with index in [43] are selected on object 'Object Repository/HealthpostToStore/Page_HealthPost Store/select_--Select--Adernaline 0.'

2018-06-09 21:30:49 - [MESSAGE][PASSED] - All options with index in [43] are selected on object 'Object Repository/HealthpostToStore/Page_HealthPost Store/select_--Select--Adernaline 0.'

2018-06-09 21:30:49 - [TEST_STEP][PASSED] - setText: Text '10' is set on object 'Object Repository/HealthpostToStore/Page_HealthPost Store/input_txttreat'

2018-06-09 21:30:49 - [MESSAGE][PASSED] - Text '10' is set on object 'Object Repository/HealthpostToStore/Page_HealthPost Store/input_txttreat'

2018-06-09 21:30:49 - [TEST_STEP][PASSED] - click: Object: 'Object Repository/HealthpostToStore/Page_HealthPost Store/button_Add' is clicked on

2018-06-09 21:30:49 - [MESSAGE][PASSED] - Object: 'Object Repository/HealthpostToStore/Page_HealthPost Store/button_Add' is clicked on

2018-06-09 21:30:49 - [TEST_STEP][PASSED] - selectOptionByIndex: All options with index in [1] are selected on object 'Object Repository/HealthpostToStore/Page_HealthPost Store/select_--Select--Schedule 1Inj'

2018-06-09 21:30:50 - [MESSAGE][PASSED] - All options with index in [1] are selected on object 'Object Repository/HealthpostToStore/Page_HealthPost Store/select_--Select--Schedule 1Inj'

2018-06-09 21:30:50 - [TEST_STEP][PASSED] - delay: Delayed 1 second(s)

2018-06-09 21:30:51 - [MESSAGE][PASSED] - Delayed 1 second(s)

2018-06-09 21:30:51 - [TEST_STEP][PASSED] - selectOptionByIndex: All options with index in [44] are selected on object 'Object Repository/HealthpostToStore/Page_HealthPost Store/select_--Select--Adernaline 0.'

2018-06-09 21:30:51 - [MESSAGE][PASSED] - All options with index in [44] are selected on object 'Object Repository/HealthpostToStore/Page_HealthPost Store/select_--Select--Adernaline 0.'

2018-06-09 21:30:51 - [TEST_STEP][PASSED] - setText: Text '10' is set on object 'Object Repository/HealthpostToStore/Page_HealthPost Store/input_txttreat'

2018-06-09 21:30:51 - [MESSAGE][PASSED] - Text '10' is set on object 'Object Repository/HealthpostToStore/Page_HealthPost Store/input_txttreat'

2018-06-09 21:30:51 - [TEST_STEP][PASSED] - click: Object: 'Object Repository/HealthpostToStore/Page_HealthPost Store/button_Add' is clicked on

2018-06-09 21:30:51 - [MESSAGE][PASSED] - Object: 'Object Repository/HealthpostToStore/Page_HealthPost Store/button_Add' is clicked on

2018-06-09 21:30:51 - [TEST_STEP][PASSED] - selectOptionByIndex: All options with index in [1] are selected on object 'Object Repository/HealthpostToStore/Page_HealthPost Store/select_--Select--Schedule 1Inj'

2018-06-09 21:30:51 - [MESSAGE][PASSED] - All options with index in [1] are selected on object 'Object Repository/HealthpostToStore/Page_HealthPost Store/select_--Select--Schedule 1Inj'

2018-06-09 21:30:51 - [TEST_STEP][PASSED] - delay: Delayed 1 second(s)

2018-06-09 21:30:52 - [MESSAGE][PASSED] - Delayed 1 second(s)

2018-06-09 21:30:52 - [TEST_STEP][PASSED] - selectOptionByIndex: All options with index in [45] are selected on object 'Object Repository/HealthpostToStore/Page_HealthPost Store/select_--Select--Adernaline 0.'

2018-06-09 21:30:53 - [MESSAGE][PASSED] - All options with index in [45] are selected on object 'Object Repository/HealthpostToStore/Page_HealthPost Store/select_--Select--Adernaline 0.'

2018-06-09 21:30:53 - [TEST_STEP][PASSED] - setText: Text '10' is set on object 'Object Repository/HealthpostToStore/Page_HealthPost Store/input_txttreat'

2018-06-09 21:30:53 - [MESSAGE][PASSED] - Text '10' is set on object 'Object Repository/HealthpostToStore/Page_HealthPost Store/input_txttreat'

2018-06-09 21:30:53 - [TEST_STEP][PASSED] - click: Object: 'Object Repository/HealthpostToStore/Page_HealthPost Store/button_Add' is clicked on

2018-06-09 21:30:53 - [MESSAGE][PASSED] - Object: 'Object Repository/HealthpostToStore/Page_HealthPost Store/button_Add' is clicked on

2018-06-09 21:30:53 - [TEST_STEP][PASSED] - selectOptionByIndex: All options with index in [1] are selected on object 'Object Repository/HealthpostToStore/Page_HealthPost Store/select_--Select--Schedule 1Inj'

2018-06-09 21:30:53 - [MESSAGE][PASSED] - All options with index in [1] are selected on object 'Object Repository/HealthpostToStore/Page_HealthPost Store/select_--Select--Schedule 1Inj'

2018-06-09 21:30:53 - [TEST_STEP][PASSED] - delay: Delayed 1 second(s)

2018-06-09 21:30:54 - [MESSAGE][PASSED] - Delayed 1 second(s)

2018-06-09 21:30:54 - [TEST_STEP][PASSED] - selectOptionByIndex: All options with index in [46] are selected on object 'Object Repository/HealthpostToStore/Page_HealthPost Store/select_--Select--Adernaline 0.'

2018-06-09 21:30:55 - [MESSAGE][PASSED] - All options with index in [46] are selected on object 'Object Repository/HealthpostToStore/Page_HealthPost Store/select_--Select--Adernaline 0.'

2018-06-09 21:30:55 - [TEST_STEP][PASSED] - setText: Text '10' is set on object 'Object Repository/HealthpostToStore/Page_HealthPost Store/input_txttreat'

2018-06-09 21:30:55 - [MESSAGE][PASSED] - Text '10' is set on object 'Object Repository/HealthpostToStore/Page_HealthPost Store/input_txttreat'

2018-06-09 21:30:55 - [TEST_STEP][PASSED] - click: Object: 'Object Repository/HealthpostToStore/Page_HealthPost Store/button_Add' is clicked on

2018-06-09 21:30:55 - [MESSAGE][PASSED] - Object: 'Object Repository/HealthpostToStore/Page_HealthPost Store/button_Add' is clicked on

2018-06-09 21:30:55 - [TEST_STEP][PASSED] - selectOptionByIndex: All options with index in [1] are selected on object 'Object Repository/HealthpostToStore/Page_HealthPost Store/select_--Select--Schedule 1Inj'

2018-06-09 21:30:55 - [MESSAGE][PASSED] - All options with index in [1] are selected on object 'Object Repository/HealthpostToStore/Page_HealthPost Store/select_--Select--Schedule 1Inj'

2018-06-09 21:30:55 - [TEST_STEP][PASSED] - delay: Delayed 1 second(s)

2018-06-09 21:30:56 - [MESSAGE][PASSED] - Delayed 1 second(s)

2018-06-09 21:30:56 - [TEST_STEP][PASSED] - selectOptionByIndex: All options with index in [47] are selected on object 'Object Repository/HealthpostToStore/Page_HealthPost Store/select_--Select--Adernaline 0.'

2018-06-09 21:30:57 - [MESSAGE][PASSED] - All options with index in [47] are selected on object 'Object Repository/HealthpostToStore/Page_HealthPost Store/select_--Select--Adernaline 0.'

2018-06-09 21:30:57 - [TEST_STEP][PASSED] - setText: Text '10' is set on object 'Object Repository/HealthpostToStore/Page_HealthPost Store/input_txttreat'

2018-06-09 21:30:57 - [MESSAGE][PASSED] - Text '10' is set on object 'Object Repository/HealthpostToStore/Page_HealthPost Store/input_txttreat'

2018-06-09 21:30:57 - [TEST_STEP][PASSED] - click: Object: 'Object Repository/HealthpostToStore/Page_HealthPost Store/button_Add' is clicked on

2018-06-09 21:30:57 - [MESSAGE][PASSED] - Object: 'Object Repository/HealthpostToStore/Page_HealthPost Store/button_Add' is clicked on

2018-06-09 21:30:57 - [TEST_STEP][PASSED] - selectOptionByIndex: All options with index in [1] are selected on object 'Object Repository/HealthpostToStore/Page_HealthPost Store/select_--Select--Schedule 1Inj'

2018-06-09 21:30:57 - [MESSAGE][PASSED] - All options with index in [1] are selected on object 'Object Repository/HealthpostToStore/Page_HealthPost Store/select_--Select--Schedule 1Inj'

2018-06-09 21:30:57 - [TEST_STEP][PASSED] - delay: Delayed 1 second(s)

2018-06-09 21:30:58 - [MESSAGE][PASSED] - Delayed 1 second(s)

2018-06-09 21:30:58 - [TEST_STEP][PASSED] - selectOptionByIndex: All options with index in [48] are selected on object 'Object Repository/HealthpostToStore/Page_HealthPost Store/select_--Select--Adernaline 0.'

2018-06-09 21:30:59 - [MESSAGE][PASSED] - All options with index in [48] are selected on object 'Object Repository/HealthpostToStore/Page_HealthPost Store/select_--Select--Adernaline 0.'

2018-06-09 21:30:59 - [TEST_STEP][PASSED] - setText: Text '10' is set on object 'Object Repository/HealthpostToStore/Page_HealthPost Store/input_txttreat'

2018-06-09 21:30:59 - [MESSAGE][PASSED] - Text '10' is set on object 'Object Repository/HealthpostToStore/Page_HealthPost Store/input_txttreat'

2018-06-09 21:30:59 - [TEST_STEP][PASSED] - click: Object: 'Object Repository/HealthpostToStore/Page_HealthPost Store/button_Add' is clicked on

2018-06-09 21:30:59 - [MESSAGE][PASSED] - Object: 'Object Repository/HealthpostToStore/Page_HealthPost Store/button_Add' is clicked on

2018-06-09 21:30:59 - [TEST_STEP][PASSED] - selectOptionByIndex: All options with index in [1] are selected on object 'Object Repository/HealthpostToStore/Page_HealthPost Store/select_--Select--Schedule 1Inj'

2018-06-09 21:30:59 - [MESSAGE][PASSED] - All options with index in [1] are selected on object 'Object Repository/HealthpostToStore/Page_HealthPost Store/select_--Select--Schedule 1Inj'

2018-06-09 21:30:59 - [TEST_STEP][PASSED] - delay: Delayed 1 second(s)

2018-06-09 21:31:00 - [MESSAGE][PASSED] - Delayed 1 second(s)

2018-06-09 21:31:00 - [TEST_STEP][PASSED] - selectOptionByIndex: All options with index in [49] are selected on object 'Object Repository/HealthpostToStore/Page_HealthPost Store/select_--Select--Adernaline 0.'

2018-06-09 21:31:01 - [MESSAGE][PASSED] - All options with index in [49] are selected on object 'Object Repository/HealthpostToStore/Page_HealthPost Store/select_--Select--Adernaline 0.'

2018-06-09 21:31:01 - [TEST_STEP][PASSED] - setText: Text '10' is set on object 'Object Repository/HealthpostToStore/Page_HealthPost Store/input_txttreat'

2018-06-09 21:31:01 - [MESSAGE][PASSED] - Text '10' is set on object 'Object Repository/HealthpostToStore/Page_HealthPost Store/input_txttreat'

2018-06-09 21:31:01 - [TEST_STEP][PASSED] - click: Object: 'Object Repository/HealthpostToStore/Page_HealthPost Store/button_Add' is clicked on

2018-06-09 21:31:01 - [MESSAGE][PASSED] - Object: 'Object Repository/HealthpostToStore/Page_HealthPost Store/button_Add' is clicked on

2018-06-09 21:31:01 - [TEST_STEP][PASSED] - selectOptionByIndex: All options with index in [1] are selected on object 'Object Repository/HealthpostToStore/Page_HealthPost Store/select_--Select--Schedule 1Inj'

2018-06-09 21:31:01 - [MESSAGE][PASSED] - All options with index in [1] are selected on object 'Object Repository/HealthpostToStore/Page_HealthPost Store/select_--Select--Schedule 1Inj'

2018-06-09 21:31:01 - [TEST_STEP][PASSED] - delay: Delayed 1 second(s)

2018-06-09 21:31:02 - [MESSAGE][PASSED] - Delayed 1 second(s)

2018-06-09 21:31:02 - [TEST_STEP][PASSED] - selectOptionByIndex: All options with index in [50] are selected on object 'Object Repository/HealthpostToStore/Page_HealthPost Store/select_--Select--Adernaline 0.'

2018-06-09 21:31:03 - [MESSAGE][PASSED] - All options with index in [50] are selected on object 'Object Repository/HealthpostToStore/Page_HealthPost Store/select_--Select--Adernaline 0.'

2018-06-09 21:31:03 - [TEST_STEP][PASSED] - setText: Text '10' is set on object 'Object Repository/HealthpostToStore/Page_HealthPost Store/input_txttreat'

2018-06-09 21:31:03 - [MESSAGE][PASSED] - Text '10' is set on object 'Object Repository/HealthpostToStore/Page_HealthPost Store/input_txttreat'

2018-06-09 21:31:03 - [TEST_STEP][PASSED] - click: Object: 'Object Repository/HealthpostToStore/Page_HealthPost Store/button_Add' is clicked on

2018-06-09 21:31:03 - [MESSAGE][PASSED] - Object: 'Object Repository/HealthpostToStore/Page_HealthPost Store/button_Add' is clicked on

2018-06-09 21:31:03 - [TEST_STEP][PASSED] - selectOptionByIndex: All options with index in [1] are selected on object 'Object Repository/HealthpostToStore/Page_HealthPost Store/select_--Select--Schedule 1Inj'

2018-06-09 21:31:03 - [MESSAGE][PASSED] - All options with index in [1] are selected on object 'Object Repository/HealthpostToStore/Page_HealthPost Store/select_--Select--Schedule 1Inj'

2018-06-09 21:31:03 - [TEST_STEP][PASSED] - delay: Delayed 1 second(s)

2018-06-09 21:31:04 - [MESSAGE][PASSED] - Delayed 1 second(s)

2018-06-09 21:31:04 - [TEST_STEP][PASSED] - selectOptionByIndex: All options with index in [51] are selected on object 'Object Repository/HealthpostToStore/Page_HealthPost Store/select_--Select--Adernaline 0.'

2018-06-09 21:31:05 - [MESSAGE][PASSED] - All options with index in [51] are selected on object 'Object Repository/HealthpostToStore/Page_HealthPost Store/select_--Select--Adernaline 0.'

2018-06-09 21:31:05 - [TEST_STEP][PASSED] - setText: Text '10' is set on object 'Object Repository/HealthpostToStore/Page_HealthPost Store/input_txttreat'

2018-06-09 21:31:05 - [MESSAGE][PASSED] - Text '10' is set on object 'Object Repository/HealthpostToStore/Page_HealthPost Store/input_txttreat'

2018-06-09 21:31:05 - [TEST_STEP][PASSED] - click: Object: 'Object Repository/HealthpostToStore/Page_HealthPost Store/button_Add' is clicked on

2018-06-09 21:31:05 - [MESSAGE][PASSED] - Object: 'Object Repository/HealthpostToStore/Page_HealthPost Store/button_Add' is clicked on

2018-06-09 21:31:05 - [TEST_STEP][PASSED] - selectOptionByIndex: All options with index in [1] are selected on object 'Object Repository/HealthpostToStore/Page_HealthPost Store/select_--Select--Schedule 1Inj'

2018-06-09 21:31:05 - [MESSAGE][PASSED] - All options with index in [1] are selected on object 'Object Repository/HealthpostToStore/Page_HealthPost Store/select_--Select--Schedule 1Inj'

2018-06-09 21:31:05 - [TEST_STEP][PASSED] - delay: Delayed 1 second(s)

2018-06-09 21:31:06 - [MESSAGE][PASSED] - Delayed 1 second(s)

2018-06-09 21:31:06 - [TEST_STEP][PASSED] - selectOptionByIndex: All options with index in [52] are selected on object 'Object Repository/HealthpostToStore/Page_HealthPost Store/select_--Select--Adernaline 0.'

2018-06-09 21:31:07 - [MESSAGE][PASSED] - All options with index in [52] are selected on object 'Object Repository/HealthpostToStore/Page_HealthPost Store/select_--Select--Adernaline 0.'

2018-06-09 21:31:07 - [TEST_STEP][PASSED] - setText: Text '10' is set on object 'Object Repository/HealthpostToStore/Page_HealthPost Store/input_txttreat'

2018-06-09 21:31:07 - [MESSAGE][PASSED] - Text '10' is set on object 'Object Repository/HealthpostToStore/Page_HealthPost Store/input_txttreat'

2018-06-09 21:31:07 - [TEST_STEP][PASSED] - click: Object: 'Object Repository/HealthpostToStore/Page_HealthPost Store/button_Add' is clicked on

2018-06-09 21:31:07 - [MESSAGE][PASSED] - Object: 'Object Repository/HealthpostToStore/Page_HealthPost Store/button_Add' is clicked on

2018-06-09 21:31:07 - [TEST_STEP][PASSED] - selectOptionByIndex: All options with index in [1] are selected on object 'Object Repository/HealthpostToStore/Page_HealthPost Store/select_--Select--Schedule 1Inj'

2018-06-09 21:31:07 - [MESSAGE][PASSED] - All options with index in [1] are selected on object 'Object Repository/HealthpostToStore/Page_HealthPost Store/select_--Select--Schedule 1Inj'

2018-06-09 21:31:07 - [TEST_STEP][PASSED] - delay: Delayed 1 second(s)

2018-06-09 21:31:08 - [MESSAGE][PASSED] - Delayed 1 second(s)

2018-06-09 21:31:08 - [TEST_STEP][PASSED] - selectOptionByIndex: All options with index in [53] are selected on object 'Object Repository/HealthpostToStore/Page_HealthPost Store/select_--Select--Adernaline 0.'

2018-06-09 21:31:09 - [MESSAGE][PASSED] - All options with index in [53] are selected on object 'Object Repository/HealthpostToStore/Page_HealthPost Store/select_--Select--Adernaline 0.'

2018-06-09 21:31:09 - [TEST_STEP][PASSED] - setText: Text '10' is set on object 'Object Repository/HealthpostToStore/Page_HealthPost Store/input_txttreat'

2018-06-09 21:31:09 - [MESSAGE][PASSED] - Text '10' is set on object 'Object Repository/HealthpostToStore/Page_HealthPost Store/input_txttreat'

2018-06-09 21:31:09 - [TEST_STEP][PASSED] - click: Object: 'Object Repository/HealthpostToStore/Page_HealthPost Store/button_Add' is clicked on

2018-06-09 21:31:09 - [MESSAGE][PASSED] - Object: 'Object Repository/HealthpostToStore/Page_HealthPost Store/button_Add' is clicked on

2018-06-09 21:31:09 - [TEST_STEP][PASSED] - selectOptionByIndex: All options with index in [1] are selected on object 'Object Repository/HealthpostToStore/Page_HealthPost Store/select_--Select--Schedule 1Inj'

2018-06-09 21:31:09 - [MESSAGE][PASSED] - All options with index in [1] are selected on object 'Object Repository/HealthpostToStore/Page_HealthPost Store/select_--Select--Schedule 1Inj'

2018-06-09 21:31:09 - [TEST_STEP][PASSED] - delay: Delayed 1 second(s)

2018-06-09 21:31:10 - [MESSAGE][PASSED] - Delayed 1 second(s)

2018-06-09 21:31:10 - [TEST_STEP][PASSED] - selectOptionByIndex: All options with index in [54] are selected on object 'Object Repository/HealthpostToStore/Page_HealthPost Store/select_--Select--Adernaline 0.'

2018-06-09 21:31:11 - [MESSAGE][PASSED] - All options with index in [54] are selected on object 'Object Repository/HealthpostToStore/Page_HealthPost Store/select_--Select--Adernaline 0.'

2018-06-09 21:31:11 - [TEST_STEP][PASSED] - setText: Text '10' is set on object 'Object Repository/HealthpostToStore/Page_HealthPost Store/input_txttreat'

2018-06-09 21:31:11 - [MESSAGE][PASSED] - Text '10' is set on object 'Object Repository/HealthpostToStore/Page_HealthPost Store/input_txttreat'

2018-06-09 21:31:11 - [TEST_STEP][PASSED] - click: Object: 'Object Repository/HealthpostToStore/Page_HealthPost Store/button_Add' is clicked on

2018-06-09 21:31:11 - [MESSAGE][PASSED] - Object: 'Object Repository/HealthpostToStore/Page_HealthPost Store/button_Add' is clicked on

2018-06-09 21:31:11 - [TEST_STEP][PASSED] - selectOptionByIndex: All options with index in [1] are selected on object 'Object Repository/HealthpostToStore/Page_HealthPost Store/select_--Select--Schedule 1Inj'

2018-06-09 21:31:11 - [MESSAGE][PASSED] - All options with index in [1] are selected on object 'Object Repository/HealthpostToStore/Page_HealthPost Store/select_--Select--Schedule 1Inj'

2018-06-09 21:31:11 - [TEST_STEP][PASSED] - delay: Delayed 1 second(s)

2018-06-09 21:31:12 - [MESSAGE][PASSED] - Delayed 1 second(s)

2018-06-09 21:31:12 - [TEST_STEP][PASSED] - selectOptionByIndex: All options with index in [55] are selected on object 'Object Repository/HealthpostToStore/Page_HealthPost Store/select_--Select--Adernaline 0.'

2018-06-09 21:31:13 - [MESSAGE][PASSED] - All options with index in [55] are selected on object 'Object Repository/HealthpostToStore/Page_HealthPost Store/select_--Select--Adernaline 0.'

2018-06-09 21:31:13 - [TEST_STEP][PASSED] - setText: Text '10' is set on object 'Object Repository/HealthpostToStore/Page_HealthPost Store/input_txttreat'

2018-06-09 21:31:13 - [MESSAGE][PASSED] - Text '10' is set on object 'Object Repository/HealthpostToStore/Page_HealthPost Store/input_txttreat'

2018-06-09 21:31:13 - [TEST_STEP][PASSED] - click: Object: 'Object Repository/HealthpostToStore/Page_HealthPost Store/button_Add' is clicked on

2018-06-09 21:31:13 - [MESSAGE][PASSED] - Object: 'Object Repository/HealthpostToStore/Page_HealthPost Store/button_Add' is clicked on

2018-06-09 21:31:13 - [TEST_STEP][PASSED] - selectOptionByIndex: All options with index in [1] are selected on object 'Object Repository/HealthpostToStore/Page_HealthPost Store/select_--Select--Schedule 1Inj'

2018-06-09 21:31:13 - [MESSAGE][PASSED] - All options with index in [1] are selected on object 'Object Repository/HealthpostToStore/Page_HealthPost Store/select_--Select--Schedule 1Inj'

2018-06-09 21:31:13 - [TEST_STEP][PASSED] - delay: Delayed 1 second(s)

2018-06-09 21:31:14 - [MESSAGE][PASSED] - Delayed 1 second(s)

2018-06-09 21:31:14 - [TEST_STEP][PASSED] - selectOptionByIndex: All options with index in [56] are selected on object 'Object Repository/HealthpostToStore/Page_HealthPost Store/select_--Select--Adernaline 0.'

2018-06-09 21:31:15 - [MESSAGE][PASSED] - All options with index in [56] are selected on object 'Object Repository/HealthpostToStore/Page_HealthPost Store/select_--Select--Adernaline 0.'

2018-06-09 21:31:15 - [TEST_STEP][PASSED] - setText: Text '10' is set on object 'Object Repository/HealthpostToStore/Page_HealthPost Store/input_txttreat'

2018-06-09 21:31:15 - [MESSAGE][PASSED] - Text '10' is set on object 'Object Repository/HealthpostToStore/Page_HealthPost Store/input_txttreat'

2018-06-09 21:31:15 - [TEST_STEP][PASSED] - click: Object: 'Object Repository/HealthpostToStore/Page_HealthPost Store/button_Add' is clicked on

2018-06-09 21:31:15 - [MESSAGE][PASSED] - Object: 'Object Repository/HealthpostToStore/Page_HealthPost Store/button_Add' is clicked on

2018-06-09 21:31:15 - [TEST_STEP][PASSED] - selectOptionByIndex: All options with index in [1] are selected on object 'Object Repository/HealthpostToStore/Page_HealthPost Store/select_--Select--Schedule 1Inj'

2018-06-09 21:31:15 - [MESSAGE][PASSED] - All options with index in [1] are selected on object 'Object Repository/HealthpostToStore/Page_HealthPost Store/select_--Select--Schedule 1Inj'

2018-06-09 21:31:15 - [TEST_STEP][PASSED] - delay: Delayed 1 second(s)

2018-06-09 21:31:16 - [MESSAGE][PASSED] - Delayed 1 second(s)

2018-06-09 21:31:16 - [TEST_STEP][PASSED] - selectOptionByIndex: All options with index in [57] are selected on object 'Object Repository/HealthpostToStore/Page_HealthPost Store/select_--Select--Adernaline 0.'

2018-06-09 21:31:17 - [MESSAGE][PASSED] - All options with index in [57] are selected on object 'Object Repository/HealthpostToStore/Page_HealthPost Store/select_--Select--Adernaline 0.'

2018-06-09 21:31:17 - [TEST_STEP][PASSED] - setText: Text '10' is set on object 'Object Repository/HealthpostToStore/Page_HealthPost Store/input_txttreat'

2018-06-09 21:31:17 - [MESSAGE][PASSED] - Text '10' is set on object 'Object Repository/HealthpostToStore/Page_HealthPost Store/input_txttreat'

2018-06-09 21:31:17 - [TEST_STEP][PASSED] - click: Object: 'Object Repository/HealthpostToStore/Page_HealthPost Store/button_Add' is clicked on

2018-06-09 21:31:17 - [MESSAGE][PASSED] - Object: 'Object Repository/HealthpostToStore/Page_HealthPost Store/button_Add' is clicked on

2018-06-09 21:31:17 - [TEST_STEP][PASSED] - selectOptionByIndex: All options with index in [1] are selected on object 'Object Repository/HealthpostToStore/Page_HealthPost Store/select_--Select--Schedule 1Inj'

2018-06-09 21:31:17 - [MESSAGE][PASSED] - All options with index in [1] are selected on object 'Object Repository/HealthpostToStore/Page_HealthPost Store/select_--Select--Schedule 1Inj'

2018-06-09 21:31:17 - [TEST_STEP][PASSED] - delay: Delayed 1 second(s)

2018-06-09 21:31:18 - [MESSAGE][PASSED] - Delayed 1 second(s)

2018-06-09 21:31:18 - [TEST_STEP][PASSED] - selectOptionByIndex: All options with index in [58] are selected on object 'Object Repository/HealthpostToStore/Page_HealthPost Store/select_--Select--Adernaline 0.'

2018-06-09 21:31:19 - [MESSAGE][PASSED] - All options with index in [58] are selected on object 'Object Repository/HealthpostToStore/Page_HealthPost Store/select_--Select--Adernaline 0.'

2018-06-09 21:31:19 - [TEST_STEP][PASSED] - setText: Text '10' is set on object 'Object Repository/HealthpostToStore/Page_HealthPost Store/input_txttreat'

2018-06-09 21:31:19 - [MESSAGE][PASSED] - Text '10' is set on object 'Object Repository/HealthpostToStore/Page_HealthPost Store/input_txttreat'

2018-06-09 21:31:19 - [TEST_STEP][PASSED] - click: Object: 'Object Repository/HealthpostToStore/Page_HealthPost Store/button_Add' is clicked on

2018-06-09 21:31:19 - [MESSAGE][PASSED] - Object: 'Object Repository/HealthpostToStore/Page_HealthPost Store/button_Add' is clicked on

2018-06-09 21:31:19 - [TEST_STEP][PASSED] - selectOptionByIndex: All options with index in [1] are selected on object 'Object Repository/HealthpostToStore/Page_HealthPost Store/select_--Select--Schedule 1Inj'

2018-06-09 21:31:19 - [MESSAGE][PASSED] - All options with index in [1] are selected on object 'Object Repository/HealthpostToStore/Page_HealthPost Store/select_--Select--Schedule 1Inj'

2018-06-09 21:31:19 - [TEST_STEP][PASSED] - delay: Delayed 1 second(s)

2018-06-09 21:31:20 - [MESSAGE][PASSED] - Delayed 1 second(s)

2018-06-09 21:31:20 - [TEST_STEP][PASSED] - selectOptionByIndex: All options with index in [59] are selected on object 'Object Repository/HealthpostToStore/Page_HealthPost Store/select_--Select--Adernaline 0.'

2018-06-09 21:31:21 - [MESSAGE][PASSED] - All options with index in [59] are selected on object 'Object Repository/HealthpostToStore/Page_HealthPost Store/select_--Select--Adernaline 0.'

2018-06-09 21:31:21 - [TEST_STEP][PASSED] - setText: Text '10' is set on object 'Object Repository/HealthpostToStore/Page_HealthPost Store/input_txttreat'

2018-06-09 21:31:21 - [MESSAGE][PASSED] - Text '10' is set on object 'Object Repository/HealthpostToStore/Page_HealthPost Store/input_txttreat'

2018-06-09 21:31:21 - [TEST_STEP][PASSED] - click: Object: 'Object Repository/HealthpostToStore/Page_HealthPost Store/button_Add' is clicked on

2018-06-09 21:31:21 - [MESSAGE][PASSED] - Object: 'Object Repository/HealthpostToStore/Page_HealthPost Store/button_Add' is clicked on

2018-06-09 21:31:21 - [TEST_STEP][PASSED] - selectOptionByIndex: All options with index in [1] are selected on object 'Object Repository/HealthpostToStore/Page_HealthPost Store/select_--Select--Schedule 1Inj'

2018-06-09 21:31:21 - [MESSAGE][PASSED] - All options with index in [1] are selected on object 'Object Repository/HealthpostToStore/Page_HealthPost Store/select_--Select--Schedule 1Inj'

2018-06-09 21:31:21 - [TEST_STEP][PASSED] - delay: Delayed 1 second(s)

2018-06-09 21:31:22 - [MESSAGE][PASSED] - Delayed 1 second(s)

2018-06-09 21:31:22 - [TEST_STEP][PASSED] - selectOptionByIndex: All options with index in [60] are selected on object 'Object Repository/HealthpostToStore/Page_HealthPost Store/select_--Select--Adernaline 0.'

2018-06-09 21:31:23 - [MESSAGE][PASSED] - All options with index in [60] are selected on object 'Object Repository/HealthpostToStore/Page_HealthPost Store/select_--Select--Adernaline 0.'

2018-06-09 21:31:23 - [TEST_STEP][PASSED] - setText: Text '10' is set on object 'Object Repository/HealthpostToStore/Page_HealthPost Store/input_txttreat'

2018-06-09 21:31:23 - [MESSAGE][PASSED] - Text '10' is set on object 'Object Repository/HealthpostToStore/Page_HealthPost Store/input_txttreat'

2018-06-09 21:31:23 - [TEST_STEP][PASSED] - click: Object: 'Object Repository/HealthpostToStore/Page_HealthPost Store/button_Add' is clicked on

2018-06-09 21:31:23 - [MESSAGE][PASSED] - Object: 'Object Repository/HealthpostToStore/Page_HealthPost Store/button_Add' is clicked on

2018-06-09 21:31:23 - [TEST_STEP][PASSED] - selectOptionByIndex: All options with index in [1] are selected on object 'Object Repository/HealthpostToStore/Page_HealthPost Store/select_--Select--Schedule 1Inj'

2018-06-09 21:31:23 - [MESSAGE][PASSED] - All options with index in [1] are selected on object 'Object Repository/HealthpostToStore/Page_HealthPost Store/select_--Select--Schedule 1Inj'

2018-06-09 21:31:23 - [TEST_STEP][PASSED] - delay: Delayed 1 second(s)

2018-06-09 21:31:24 - [MESSAGE][PASSED] - Delayed 1 second(s)

2018-06-09 21:31:24 - [TEST_STEP][PASSED] - selectOptionByIndex: All options with index in [61] are selected on object 'Object Repository/HealthpostToStore/Page_HealthPost Store/select_--Select--Adernaline 0.'

2018-06-09 21:31:25 - [MESSAGE][PASSED] - All options with index in [61] are selected on object 'Object Repository/HealthpostToStore/Page_HealthPost Store/select_--Select--Adernaline 0.'

2018-06-09 21:31:25 - [TEST_STEP][PASSED] - setText: Text '10' is set on object 'Object Repository/HealthpostToStore/Page_HealthPost Store/input_txttreat'

2018-06-09 21:31:25 - [MESSAGE][PASSED] - Text '10' is set on object 'Object Repository/HealthpostToStore/Page_HealthPost Store/input_txttreat'

2018-06-09 21:31:25 - [TEST_STEP][PASSED] - click: Object: 'Object Repository/HealthpostToStore/Page_HealthPost Store/button_Add' is clicked on

2018-06-09 21:31:25 - [MESSAGE][PASSED] - Object: 'Object Repository/HealthpostToStore/Page_HealthPost Store/button_Add' is clicked on

2018-06-09 21:31:25 - [TEST_STEP][PASSED] - selectOptionByIndex: All options with index in [1] are selected on object 'Object Repository/HealthpostToStore/Page_HealthPost Store/select_--Select--Schedule 1Inj'

2018-06-09 21:31:25 - [MESSAGE][PASSED] - All options with index in [1] are selected on object 'Object Repository/HealthpostToStore/Page_HealthPost Store/select_--Select--Schedule 1Inj'

2018-06-09 21:31:25 - [TEST_STEP][PASSED] - delay: Delayed 1 second(s)

2018-06-09 21:31:26 - [MESSAGE][PASSED] - Delayed 1 second(s)

2018-06-09 21:31:26 - [TEST_STEP][PASSED] - selectOptionByIndex: All options with index in [62] are selected on object 'Object Repository/HealthpostToStore/Page_HealthPost Store/select_--Select--Adernaline 0.'

2018-06-09 21:31:27 - [MESSAGE][PASSED] - All options with index in [62] are selected on object 'Object Repository/HealthpostToStore/Page_HealthPost Store/select_--Select--Adernaline 0.'

2018-06-09 21:31:27 - [TEST_STEP][PASSED] - setText: Text '10' is set on object 'Object Repository/HealthpostToStore/Page_HealthPost Store/input_txttreat'

2018-06-09 21:31:27 - [MESSAGE][PASSED] - Text '10' is set on object 'Object Repository/HealthpostToStore/Page_HealthPost Store/input_txttreat'

2018-06-09 21:31:27 - [TEST_STEP][PASSED] - click: Object: 'Object Repository/HealthpostToStore/Page_HealthPost Store/button_Add' is clicked on

2018-06-09 21:31:27 - [MESSAGE][PASSED] - Object: 'Object Repository/HealthpostToStore/Page_HealthPost Store/button_Add' is clicked on

2018-06-09 21:31:27 - [TEST_STEP][PASSED] - scrollToElement: Scroll to object 'Object Repository/HealthpostToStore/Page_HealthPost Store/input_btnsave' successfully

2018-06-09 21:31:27 - [MESSAGE][PASSED] - Scroll to object 'Object Repository/HealthpostToStore/Page_HealthPost Store/input_btnsave' successfully

2018-06-09 21:31:27 - [TEST_STEP][PASSED] - click: Object: 'Object Repository/HealthpostToStore/Page_HealthPost Store/input_btnsave' is clicked on

2018-06-09 21:31:27 - [MESSAGE][PASSED] - Object: 'Object Repository/HealthpostToStore/Page_HealthPost Store/input_btnsave' is clicked on

2018-06-09 21:31:27 - [TEST_STEP][PASSED] - delay: Delayed 3 second(s)

2018-06-09 21:31:30 - [MESSAGE][PASSED] - Delayed 3 second(s)

2018-06-09 21:31:30 - [TEST_STEP][PASSED] - Statement - RN1 = com.kms.katalon.core.webui.keyword.WebUiBuiltInKeywords.getText(com.kms.katalon.core.testobject.ObjectRepository.findTestObject(HealthpostToStore/Page_HealthPost Store/font_HPRNO180520187)): Text of object 'Object Repository/HealthpostToStore/Page_HealthPost Store/font_HPRNO180520187' is: 'HPRNO/09062018/220'

2018-06-09 21:31:31 - [MESSAGE][PASSED] - Text of object 'Object Repository/HealthpostToStore/Page_HealthPost Store/font_HPRNO180520187' is: 'HPRNO/09062018/220'

2018-06-09 21:31:31 - [TEST_STEP][PASSED] - Statement - out.println(RN1): null

2018-06-09 21:31:31 - [TEST_STEP][PASSED] - Statement - RID = RN1.split("/")[2]: null

2018-06-09 21:31:31 - [TEST_STEP][PASSED] - click: Object: 'Object Repository/HealthpostToStore/Page_HealthPost Store/button_OK' is clicked on

2018-06-09 21:31:31 - [MESSAGE][PASSED] - Object: 'Object Repository/HealthpostToStore/Page_HealthPost Store/button_OK' is clicked on

2018-06-09 21:31:31 - [TEST_STEP][PASSED] - delay: Delayed 3 second(s)

2018-06-09 21:31:34 - [MESSAGE][PASSED] - Delayed 3 second(s)

2018-06-09 21:31:34 - [TEST_STEP][PASSED] - click: Object: 'Object Repository/HealthpostToStore/Page_HealthPost Store/a_dropdown-toggle' is clicked on

2018-06-09 21:31:34 - [MESSAGE][PASSED] - Object: 'Object Repository/HealthpostToStore/Page_HealthPost Store/a_dropdown-toggle' is clicked on

2018-06-09 21:31:34 - [TEST_STEP][PASSED] - click: Object: 'Object Repository/HealthpostToStore/Page_HealthPost Store/a_Sign out' is clicked on

2018-06-09 21:31:35 - [MESSAGE][PASSED] - Object: 'Object Repository/HealthpostToStore/Page_HealthPost Store/a_Sign out' is clicked on

2018-06-09 21:31:35 - [TEST_STEP][PASSED] - delay: Delayed 3 second(s)

2018-06-09 21:31:38 - [MESSAGE][PASSED] - Delayed 3 second(s)

2018-06-09 21:31:38 - [TEST_STEP][PASSED] - navigateToUrl: Navigate to 'http://192.168.137.1/multihospital_new/' successfully

2018-06-09 21:31:38 - [MESSAGE][PASSED] - Navigate to 'http://192.168.137.1/multihospital_new/' successfully

2018-06-09 21:31:38 - [TEST_STEP][PASSED] - click: Object: 'Object Repository/HealthpostToStore/Page_KDMC/a_CMO' is clicked on

2018-06-09 21:31:39 - [MESSAGE][PASSED] - Object: 'Object Repository/HealthpostToStore/Page_KDMC/a_CMO' is clicked on

2018-06-09 21:31:39 - [TEST_STEP][PASSED] - setText: Text 'guru' is set on object 'Object Repository/HealthpostToStore/Page_CMO login/input_txtusername'

2018-06-09 21:31:39 - [MESSAGE][PASSED] - Text 'guru' is set on object 'Object Repository/HealthpostToStore/Page_CMO login/input_txtusername'

2018-06-09 21:31:39 - [TEST_STEP][PASSED] - setText: Text '123' is set on object 'Object Repository/HealthpostToStore/Page_CMO login/input_txtpassword'

2018-06-09 21:31:39 - [MESSAGE][PASSED] - Text '123' is set on object 'Object Repository/HealthpostToStore/Page_CMO login/input_txtpassword'

2018-06-09 21:31:39 - [TEST_STEP][PASSED] - delay: Delayed 3 second(s)

2018-06-09 21:31:42 - [MESSAGE][PASSED] - Delayed 3 second(s)

2018-06-09 21:31:42 - [TEST_STEP][PASSED] - click: Object: 'Object Repository/HealthpostToStore/Page_CMO login/button_Sign in' is clicked on

2018-06-09 21:31:43 - [MESSAGE][PASSED] - Object: 'Object Repository/HealthpostToStore/Page_CMO login/button_Sign in' is clicked on

2018-06-09 21:31:43 - [TEST_STEP][PASSED] - click: Object: 'Object Repository/HealthpostToStore/Page_KDMC - CMO/a_Department Wise Request' is clicked on

2018-06-09 21:31:45 - [MESSAGE][PASSED] - Object: 'Object Repository/HealthpostToStore/Page_KDMC - CMO/a_Department Wise Request' is clicked on

2018-06-09 21:31:45 - [TEST_STEP][PASSED] - delay: Delayed 2 second(s)

2018-06-09 21:31:47 - [MESSAGE][PASSED] - Delayed 2 second(s)

2018-06-09 21:31:47 - [TEST_STEP][PASSED] - selectOptionByIndex: All options with index in [5] are selected on object 'Object Repository/HealthpostToStore/Page_KDMC - CMO/select_--ALL--'

2018-06-09 21:31:47 - [MESSAGE][PASSED] - All options with index in [5] are selected on object 'Object Repository/HealthpostToStore/Page_KDMC - CMO/select_--ALL--'

2018-06-09 21:31:47 - [TEST_STEP][PASSED] - click: Object: 'Object Repository/HealthpostToStore/Page_KDMC - CMO/input_btnsearch' is clicked on

2018-06-09 21:31:48 - [MESSAGE][PASSED] - Object: 'Object Repository/HealthpostToStore/Page_KDMC - CMO/input_btnsearch' is clicked on

2018-06-09 21:31:48 - [TEST_STEP][PASSED] - selectOptionByIndex: All options with index in [1] are selected on object 'Object Repository/HealthpostToStore/Page_KDMC - CMO/select_--ALL--                _1'

2018-06-09 21:31:48 - [MESSAGE][PASSED] - All options with index in [1] are selected on object 'Object Repository/HealthpostToStore/Page_KDMC - CMO/select_--ALL--                _1'

2018-06-09 21:31:48 - [TEST_STEP][PASSED] - click: Object: 'Object Repository/HealthpostToStore/Page_KDMC - CMO/input_btnsearch' is clicked on

2018-06-09 21:31:48 - [MESSAGE][PASSED] - Object: 'Object Repository/HealthpostToStore/Page_KDMC - CMO/input_btnsearch' is clicked on

2018-06-09 21:31:48 - [TEST_STEP][PASSED] - Statement - ID = com.kms.katalon.core.webui.keyword.WebUiBuiltInKeywords.modifyObjectProperty(com.kms.katalon.core.testobject.ObjectRepository.findTestObject(lab/Page_KDMC - CMO/input_1), "xpath", "equals", "//*[@id=" + RID + "]", true): Modify property of object successfully

2018-06-09 21:31:48 - [MESSAGE][PASSED] - Modify property of object successfully

2018-06-09 21:31:48 - [TEST_STEP][PASSED] - click: Object: 'Object Repository/lab/Page_KDMC - CMO/input_1' is clicked on

2018-06-09 21:31:48 - [MESSAGE][PASSED] - Object: 'Object Repository/lab/Page_KDMC - CMO/input_1' is clicked on

2018-06-09 21:31:48 - [TEST_STEP][PASSED] - delay: Delayed 2 second(s)

2018-06-09 21:31:50 - [MESSAGE][PASSED] - Delayed 2 second(s)

2018-06-09 21:31:50 - [TEST_STEP][PASSED] - selectOptionByIndex: All options with index in [1] are selected on object 'Object Repository/HealthpostToStore/Page_KDMC - CMO/select_--Select--'

2018-06-09 21:31:51 - [MESSAGE][PASSED] - All options with index in [1] are selected on object 'Object Repository/HealthpostToStore/Page_KDMC - CMO/select_--Select--'

2018-06-09 21:31:51 - [TEST_STEP][PASSED] - click: Object: 'Object Repository/HealthpostToStore/Page_KDMC - CMO/input_btnupdate' is clicked on

2018-06-09 21:31:51 - [MESSAGE][PASSED] - Object: 'Object Repository/HealthpostToStore/Page_KDMC - CMO/input_btnupdate' is clicked on

2018-06-09 21:31:51 - [TEST_STEP][PASSED] - delay: Delayed 2 second(s)

2018-06-09 21:31:53 - [MESSAGE][PASSED] - Delayed 2 second(s)

2018-06-09 21:31:53 - [TEST_STEP][PASSED] - click: Object: 'Object Repository/HealthpostToStore/Page_KDMC - CMO/button_OK' is clicked on

2018-06-09 21:31:53 - [MESSAGE][PASSED] - Object: 'Object Repository/HealthpostToStore/Page_KDMC - CMO/button_OK' is clicked on

2018-06-09 21:31:53 - [TEST_STEP][PASSED] - delay: Delayed 2 second(s)

2018-06-09 21:31:55 - [MESSAGE][PASSED] - Delayed 2 second(s)

2018-06-09 21:31:55 - [TEST_STEP][PASSED] - click: Object: 'Object Repository/HealthpostToStore/Page_KDMC - CMO/a_dropdown-toggle' is clicked on

2018-06-09 21:31:55 - [MESSAGE][PASSED] - Object: 'Object Repository/HealthpostToStore/Page_KDMC - CMO/a_dropdown-toggle' is clicked on

2018-06-09 21:31:55 - [TEST_STEP][PASSED] - click: Object: 'Object Repository/HealthpostToStore/Page_KDMC - CMO/a_Sign out' is clicked on

2018-06-09 21:31:56 - [MESSAGE][PASSED] - Object: 'Object Repository/HealthpostToStore/Page_KDMC - CMO/a_Sign out' is clicked on

2018-06-09 21:31:56 - [TEST_STEP][PASSED] - delay: Delayed 3 second(s)

2018-06-09 21:31:59 - [MESSAGE][PASSED] - Delayed 3 second(s)

2018-06-09 21:31:59 - [TEST_STEP][PASSED] - click: Object: 'Object Repository/HealthpostToStore/Page_KDMC/a_Divisional Store' is clicked on

2018-06-09 21:32:00 - [MESSAGE][PASSED] - Object: 'Object Repository/HealthpostToStore/Page_KDMC/a_Divisional Store' is clicked on

2018-06-09 21:32:00 - [TEST_STEP][PASSED] - setText: Text 'ragu' is set on object 'Object Repository/HealthpostToStore/Page_Divisonal Store Login/input_txtusername'

2018-06-09 21:32:00 - [MESSAGE][PASSED] - Text 'ragu' is set on object 'Object Repository/HealthpostToStore/Page_Divisonal Store Login/input_txtusername'

2018-06-09 21:32:00 - [TEST_STEP][PASSED] - setText: Text '123' is set on object 'Object Repository/HealthpostToStore/Page_Divisonal Store Login/input_txtpassword'

2018-06-09 21:32:00 - [MESSAGE][PASSED] - Text '123' is set on object 'Object Repository/HealthpostToStore/Page_Divisonal Store Login/input_txtpassword'

2018-06-09 21:32:00 - [TEST_STEP][PASSED] - delay: Delayed 3 second(s)

2018-06-09 21:32:03 - [MESSAGE][PASSED] - Delayed 3 second(s)

2018-06-09 21:32:03 - [TEST_STEP][PASSED] - click: Object: 'Object Repository/HealthpostToStore/Page_Divisonal Store Login/button_Sign in' is clicked on

2018-06-09 21:32:04 - [MESSAGE][PASSED] - Object: 'Object Repository/HealthpostToStore/Page_Divisonal Store Login/button_Sign in' is clicked on

2018-06-09 21:32:04 - [TEST_STEP][PASSED] - delay: Delayed 3 second(s)

2018-06-09 21:32:07 - [MESSAGE][PASSED] - Delayed 3 second(s)

2018-06-09 21:32:07 - [TEST_STEP][PASSED] - click: Object: 'Object Repository/HealthpostToStore/Page_Store/a_Health Post Request' is clicked on

2018-06-09 21:32:08 - [MESSAGE][PASSED] - Object: 'Object Repository/HealthpostToStore/Page_Store/a_Health Post Request' is clicked on

2018-06-09 21:32:08 - [TEST_STEP][PASSED] - click: Object: 'Object Repository/HealthpostToStore/Page_Store/a_Request Item HealthPost' is clicked on

2018-06-09 21:32:09 - [MESSAGE][PASSED] - Object: 'Object Repository/HealthpostToStore/Page_Store/a_Request Item HealthPost' is clicked on

2018-06-09 21:32:09 - [TEST_STEP][PASSED] - Statement - ChooseRequest = com.kms.katalon.core.webui.keyword.WebUiBuiltInKeywords.modifyObjectProperty(com.kms.katalon.core.testobject.ObjectRepository.findTestObject(lab/Page_Store/input_1), "xpath", "equals", "//*[@id=" + RID + "]", true): Modify property of object successfully

2018-06-09 21:32:09 - [MESSAGE][PASSED] - Modify property of object successfully

2018-06-09 21:32:09 - [TEST_STEP][PASSED] - click: Object: 'Object Repository/lab/Page_Store/input_1' is clicked on

2018-06-09 21:32:10 - [MESSAGE][PASSED] - Object: 'Object Repository/lab/Page_Store/input_1' is clicked on

2018-06-09 21:32:10 - [TEST_STEP][PASSED] - Statement - selectedoptions = com.kms.katalon.core.webui.keyword.WebUiBuiltInKeywords.getNumberOfTotalOption(com.kms.katalon.core.testobject.ObjectRepository.findTestObject(HealthpostToStore/Page_Store/select_--Select--Adernaline 0.)): 63 options of object 'Object Repository/HealthpostToStore/Page_Store/select_--Select--Adernaline 0.' counted

2018-06-09 21:32:10 - [MESSAGE][PASSED] - 63 options of object 'Object Repository/HealthpostToStore/Page_Store/select_--Select--Adernaline 0.' counted

2018-06-09 21:32:10 - [TEST_STEP][PASSED] - Statement - For ([a = 1, a <= selectedoptions - 1, (a++)]): null

2018-06-09 21:32:10 - [TEST_STEP][PASSED] - selectOptionByIndex: All options with index in [1] are selected on object 'Object Repository/HealthpostToStore/Page_Store/select_--Select--Adernaline 0.'

2018-06-09 21:32:10 - [MESSAGE][PASSED] - All options with index in [1] are selected on object 'Object Repository/HealthpostToStore/Page_Store/select_--Select--Adernaline 0.'

2018-06-09 21:32:10 - [TEST_STEP][PASSED] - delay: Delayed 2 second(s)

2018-06-09 21:32:12 - [MESSAGE][PASSED] - Delayed 2 second(s)

2018-06-09 21:32:12 - [TEST_STEP][PASSED] - Statement - RequestedQty = com.kms.katalon.core.webui.keyword.WebUiBuiltInKeywords.getAttribute(com.kms.katalon.core.testobject.ObjectRepository.findTestObject(HealthpostToStore/Page_Store/input_txttotal), "value"): Attribute 'value' of object 'Object Repository/HealthpostToStore/Page_Store/input_txttotal' is: '10'

2018-06-09 21:32:12 - [MESSAGE][PASSED] - Attribute 'value' of object 'Object Repository/HealthpostToStore/Page_Store/input_txttotal' is: '10'

2018-06-09 21:32:12 - [TEST_STEP][PASSED] - Statement - out.println("Requested QTY : " + RequestedQty): null

2018-06-09 21:32:12 - [TEST_STEP][PASSED] - Statement - BatchNumber = com.kms.katalon.core.webui.keyword.WebUiBuiltInKeywords.getNumberOfTotalOption(com.kms.katalon.core.testobject.ObjectRepository.findTestObject(HealthpostToStore/Page_Store/select_--Select--BA1170BA2376B)): 5 options of object 'Object Repository/HealthpostToStore/Page_Store/select_--Select--BA1170BA2376B' counted

2018-06-09 21:32:12 - [MESSAGE][PASSED] - 5 options of object 'Object Repository/HealthpostToStore/Page_Store/select_--Select--BA1170BA2376B' counted

2018-06-09 21:32:12 - [TEST_STEP][PASSED] - Statement - For ([g = 1, g <= BatchNumber - 1, (g++)]): null

2018-06-09 21:32:12 - [TEST_STEP][PASSED] - selectOptionByIndex: All options with index in [1] are selected on object 'Object Repository/HealthpostToStore/Page_Store/select_--Select--BA1170BA2376B'

2018-06-09 21:32:12 - [MESSAGE][PASSED] - All options with index in [1] are selected on object 'Object Repository/HealthpostToStore/Page_Store/select_--Select--BA1170BA2376B'

2018-06-09 21:32:12 - [TEST_STEP][PASSED] - Statement - Try: null

2018-06-09 21:32:12 - [TEST_STEP][PASSED] - Statement - StockQty = com.kms.katalon.core.webui.keyword.WebUiBuiltInKeywords.getAttribute(com.kms.katalon.core.testobject.ObjectRepository.findTestObject(HealthpostToStore/Page_Store/input_txtprice), "value"): Attribute 'value' of object 'Object Repository/HealthpostToStore/Page_Store/input_txtprice' is: '240'

2018-06-09 21:32:13 - [MESSAGE][PASSED] - Attribute 'value' of object 'Object Repository/HealthpostToStore/Page_Store/input_txtprice' is: '240'

2018-06-09 21:32:13 - [TEST_STEP][PASSED] - Statement - out.println("Stock QTY : " + StockQty): null

2018-06-09 21:32:13 - [TEST_STEP][PASSED] - delay: Delayed 2 second(s)

2018-06-09 21:32:15 - [MESSAGE][PASSED] - Delayed 2 second(s)

2018-06-09 21:32:15 - [TEST_STEP][PASSED] - Statement - If (java.lang.String.valueOf(StockQty) >= java.lang.String.valueOf(RequestedQty)): null

2018-06-09 21:32:15 - [TEST_STEP][PASSED] - setText: Text '10' is set on object 'Object Repository/HealthpostToStore/Page_Store/input_txtqty'

2018-06-09 21:32:15 - [MESSAGE][PASSED] - Text '10' is set on object 'Object Repository/HealthpostToStore/Page_Store/input_txtqty'

2018-06-09 21:32:15 - [TEST_STEP][PASSED] - click: Object: 'Object Repository/HealthpostToStore/Page_Store/button_Add' is clicked on

2018-06-09 21:32:15 - [MESSAGE][PASSED] - Object: 'Object Repository/HealthpostToStore/Page_Store/button_Add' is clicked on

2018-06-09 21:32:15 - [TEST_STEP][PASSED] - Statement - Break: null

2018-06-09 21:32:15 - [TEST_STEP][PASSED] - selectOptionByIndex: All options with index in [2] are selected on object 'Object Repository/HealthpostToStore/Page_Store/select_--Select--Adernaline 0.'

2018-06-09 21:32:15 - [MESSAGE][PASSED] - All options with index in [2] are selected on object 'Object Repository/HealthpostToStore/Page_Store/select_--Select--Adernaline 0.'

2018-06-09 21:32:15 - [TEST_STEP][PASSED] - delay: Delayed 2 second(s)

2018-06-09 21:32:17 - [MESSAGE][PASSED] - Delayed 2 second(s)

2018-06-09 21:32:17 - [TEST_STEP][PASSED] - Statement - RequestedQty = com.kms.katalon.core.webui.keyword.WebUiBuiltInKeywords.getAttribute(com.kms.katalon.core.testobject.ObjectRepository.findTestObject(HealthpostToStore/Page_Store/input_txttotal), "value"): Attribute 'value' of object 'Object Repository/HealthpostToStore/Page_Store/input_txttotal' is: '10'

2018-06-09 21:32:17 - [MESSAGE][PASSED] - Attribute 'value' of object 'Object Repository/HealthpostToStore/Page_Store/input_txttotal' is: '10'

2018-06-09 21:32:17 - [TEST_STEP][PASSED] - Statement - out.println("Requested QTY : " + RequestedQty): null

2018-06-09 21:32:17 - [TEST_STEP][PASSED] - Statement - BatchNumber = com.kms.katalon.core.webui.keyword.WebUiBuiltInKeywords.getNumberOfTotalOption(com.kms.katalon.core.testobject.ObjectRepository.findTestObject(HealthpostToStore/Page_Store/select_--Select--BA1170BA2376B)): 3 options of object 'Object Repository/HealthpostToStore/Page_Store/select_--Select--BA1170BA2376B' counted

2018-06-09 21:32:17 - [MESSAGE][PASSED] - 3 options of object 'Object Repository/HealthpostToStore/Page_Store/select_--Select--BA1170BA2376B' counted

2018-06-09 21:32:17 - [TEST_STEP][PASSED] - Statement - For ([g = 1, g <= BatchNumber - 1, (g++)]): null

2018-06-09 21:32:17 - [TEST_STEP][PASSED] - selectOptionByIndex: All options with index in [1] are selected on object 'Object Repository/HealthpostToStore/Page_Store/select_--Select--BA1170BA2376B'

2018-06-09 21:32:17 - [MESSAGE][PASSED] - All options with index in [1] are selected on object 'Object Repository/HealthpostToStore/Page_Store/select_--Select--BA1170BA2376B'

2018-06-09 21:32:17 - [TEST_STEP][PASSED] - Statement - Try: null

2018-06-09 21:32:17 - [TEST_STEP][PASSED] - Statement - StockQty = com.kms.katalon.core.webui.keyword.WebUiBuiltInKeywords.getAttribute(com.kms.katalon.core.testobject.ObjectRepository.findTestObject(HealthpostToStore/Page_Store/input_txtprice), "value"): Attribute 'value' of object 'Object Repository/HealthpostToStore/Page_Store/input_txtprice' is: '1450'

2018-06-09 21:32:17 - [MESSAGE][PASSED] - Attribute 'value' of object 'Object Repository/HealthpostToStore/Page_Store/input_txtprice' is: '1450'

2018-06-09 21:32:17 - [TEST_STEP][PASSED] - Statement - out.println("Stock QTY : " + StockQty): null

2018-06-09 21:32:17 - [TEST_STEP][PASSED] - delay: Delayed 2 second(s)

2018-06-09 21:32:19 - [MESSAGE][PASSED] - Delayed 2 second(s)

2018-06-09 21:32:19 - [TEST_STEP][PASSED] - Statement - If (java.lang.String.valueOf(StockQty) >= java.lang.String.valueOf(RequestedQty)): null

2018-06-09 21:32:19 - [TEST_STEP][PASSED] - setText: Text '10' is set on object 'Object Repository/HealthpostToStore/Page_Store/input_txtqty'

2018-06-09 21:32:19 - [MESSAGE][PASSED] - Text '10' is set on object 'Object Repository/HealthpostToStore/Page_Store/input_txtqty'

2018-06-09 21:32:19 - [TEST_STEP][PASSED] - click: Object: 'Object Repository/HealthpostToStore/Page_Store/button_Add' is clicked on

2018-06-09 21:32:19 - [MESSAGE][PASSED] - Object: 'Object Repository/HealthpostToStore/Page_Store/button_Add' is clicked on

2018-06-09 21:32:19 - [TEST_STEP][PASSED] - Statement - Break: null

2018-06-09 21:32:19 - [TEST_STEP][PASSED] - selectOptionByIndex: All options with index in [3] are selected on object 'Object Repository/HealthpostToStore/Page_Store/select_--Select--Adernaline 0.'

2018-06-09 21:32:19 - [MESSAGE][PASSED] - All options with index in [3] are selected on object 'Object Repository/HealthpostToStore/Page_Store/select_--Select--Adernaline 0.'

2018-06-09 21:32:19 - [TEST_STEP][PASSED] - delay: Delayed 2 second(s)

2018-06-09 21:32:21 - [MESSAGE][PASSED] - Delayed 2 second(s)

2018-06-09 21:32:21 - [TEST_STEP][PASSED] - Statement - RequestedQty = com.kms.katalon.core.webui.keyword.WebUiBuiltInKeywords.getAttribute(com.kms.katalon.core.testobject.ObjectRepository.findTestObject(HealthpostToStore/Page_Store/input_txttotal), "value"): Attribute 'value' of object 'Object Repository/HealthpostToStore/Page_Store/input_txttotal' is: '10'

2018-06-09 21:32:21 - [MESSAGE][PASSED] - Attribute 'value' of object 'Object Repository/HealthpostToStore/Page_Store/input_txttotal' is: '10'

2018-06-09 21:32:21 - [TEST_STEP][PASSED] - Statement - out.println("Requested QTY : " + RequestedQty): null

2018-06-09 21:32:21 - [TEST_STEP][PASSED] - Statement - BatchNumber = com.kms.katalon.core.webui.keyword.WebUiBuiltInKeywords.getNumberOfTotalOption(com.kms.katalon.core.testobject.ObjectRepository.findTestObject(HealthpostToStore/Page_Store/select_--Select--BA1170BA2376B)): 4 options of object 'Object Repository/HealthpostToStore/Page_Store/select_--Select--BA1170BA2376B' counted

2018-06-09 21:32:22 - [MESSAGE][PASSED] - 4 options of object 'Object Repository/HealthpostToStore/Page_Store/select_--Select--BA1170BA2376B' counted

2018-06-09 21:32:22 - [TEST_STEP][PASSED] - Statement - For ([g = 1, g <= BatchNumber - 1, (g++)]): null

2018-06-09 21:32:22 - [TEST_STEP][PASSED] - selectOptionByIndex: All options with index in [1] are selected on object 'Object Repository/HealthpostToStore/Page_Store/select_--Select--BA1170BA2376B'

2018-06-09 21:32:22 - [MESSAGE][PASSED] - All options with index in [1] are selected on object 'Object Repository/HealthpostToStore/Page_Store/select_--Select--BA1170BA2376B'

2018-06-09 21:32:22 - [TEST_STEP][PASSED] - Statement - Try: null

2018-06-09 21:32:22 - [TEST_STEP][PASSED] - Statement - StockQty = com.kms.katalon.core.webui.keyword.WebUiBuiltInKeywords.getAttribute(com.kms.katalon.core.testobject.ObjectRepository.findTestObject(HealthpostToStore/Page_Store/input_txtprice), "value"): Attribute 'value' of object 'Object Repository/HealthpostToStore/Page_Store/input_txtprice' is: '240'

2018-06-09 21:32:22 - [MESSAGE][PASSED] - Attribute 'value' of object 'Object Repository/HealthpostToStore/Page_Store/input_txtprice' is: '240'

2018-06-09 21:32:22 - [TEST_STEP][PASSED] - Statement - out.println("Stock QTY : " + StockQty): null

2018-06-09 21:32:22 - [TEST_STEP][PASSED] - delay: Delayed 2 second(s)

2018-06-09 21:32:24 - [MESSAGE][PASSED] - Delayed 2 second(s)

2018-06-09 21:32:24 - [TEST_STEP][PASSED] - Statement - If (java.lang.String.valueOf(StockQty) >= java.lang.String.valueOf(RequestedQty)): null

2018-06-09 21:32:24 - [TEST_STEP][PASSED] - setText: Text '10' is set on object 'Object Repository/HealthpostToStore/Page_Store/input_txtqty'

2018-06-09 21:32:24 - [MESSAGE][PASSED] - Text '10' is set on object 'Object Repository/HealthpostToStore/Page_Store/input_txtqty'

2018-06-09 21:32:24 - [TEST_STEP][PASSED] - click: Object: 'Object Repository/HealthpostToStore/Page_Store/button_Add' is clicked on

2018-06-09 21:32:24 - [MESSAGE][PASSED] - Object: 'Object Repository/HealthpostToStore/Page_Store/button_Add' is clicked on

2018-06-09 21:32:24 - [TEST_STEP][PASSED] - Statement - Break: null

2018-06-09 21:32:24 - [TEST_STEP][PASSED] - selectOptionByIndex: All options with index in [4] are selected on object 'Object Repository/HealthpostToStore/Page_Store/select_--Select--Adernaline 0.'

2018-06-09 21:32:24 - [MESSAGE][PASSED] - All options with index in [4] are selected on object 'Object Repository/HealthpostToStore/Page_Store/select_--Select--Adernaline 0.'

2018-06-09 21:32:24 - [TEST_STEP][PASSED] - delay: Delayed 2 second(s)

2018-06-09 21:32:26 - [MESSAGE][PASSED] - Delayed 2 second(s)

2018-06-09 21:32:26 - [TEST_STEP][PASSED] - Statement - RequestedQty = com.kms.katalon.core.webui.keyword.WebUiBuiltInKeywords.getAttribute(com.kms.katalon.core.testobject.ObjectRepository.findTestObject(HealthpostToStore/Page_Store/input_txttotal), "value"): Attribute 'value' of object 'Object Repository/HealthpostToStore/Page_Store/input_txttotal' is: '10'

2018-06-09 21:32:26 - [MESSAGE][PASSED] - Attribute 'value' of object 'Object Repository/HealthpostToStore/Page_Store/input_txttotal' is: '10'

2018-06-09 21:32:26 - [TEST_STEP][PASSED] - Statement - out.println("Requested QTY : " + RequestedQty): null

2018-06-09 21:32:26 - [TEST_STEP][PASSED] - Statement - BatchNumber = com.kms.katalon.core.webui.keyword.WebUiBuiltInKeywords.getNumberOfTotalOption(com.kms.katalon.core.testobject.ObjectRepository.findTestObject(HealthpostToStore/Page_Store/select_--Select--BA1170BA2376B)): 4 options of object 'Object Repository/HealthpostToStore/Page_Store/select_--Select--BA1170BA2376B' counted

2018-06-09 21:32:26 - [MESSAGE][PASSED] - 4 options of object 'Object Repository/HealthpostToStore/Page_Store/select_--Select--BA1170BA2376B' counted

2018-06-09 21:32:26 - [TEST_STEP][PASSED] - Statement - For ([g = 1, g <= BatchNumber - 1, (g++)]): null

2018-06-09 21:32:26 - [TEST_STEP][PASSED] - selectOptionByIndex: All options with index in [1] are selected on object 'Object Repository/HealthpostToStore/Page_Store/select_--Select--BA1170BA2376B'

2018-06-09 21:32:26 - [MESSAGE][PASSED] - All options with index in [1] are selected on object 'Object Repository/HealthpostToStore/Page_Store/select_--Select--BA1170BA2376B'

2018-06-09 21:32:26 - [TEST_STEP][PASSED] - Statement - Try: null

2018-06-09 21:32:26 - [TEST_STEP][PASSED] - Statement - StockQty = com.kms.katalon.core.webui.keyword.WebUiBuiltInKeywords.getAttribute(com.kms.katalon.core.testobject.ObjectRepository.findTestObject(HealthpostToStore/Page_Store/input_txtprice), "value"): Attribute 'value' of object 'Object Repository/HealthpostToStore/Page_Store/input_txtprice' is: '572'

2018-06-09 21:32:26 - [MESSAGE][PASSED] - Attribute 'value' of object 'Object Repository/HealthpostToStore/Page_Store/input_txtprice' is: '572'

2018-06-09 21:32:26 - [TEST_STEP][PASSED] - Statement - out.println("Stock QTY : " + StockQty): null

2018-06-09 21:32:26 - [TEST_STEP][PASSED] - delay: Delayed 2 second(s)

2018-06-09 21:32:28 - [MESSAGE][PASSED] - Delayed 2 second(s)

2018-06-09 21:32:28 - [TEST_STEP][PASSED] - Statement - If (java.lang.String.valueOf(StockQty) >= java.lang.String.valueOf(RequestedQty)): null

2018-06-09 21:32:28 - [TEST_STEP][PASSED] - setText: Text '10' is set on object 'Object Repository/HealthpostToStore/Page_Store/input_txtqty'

2018-06-09 21:32:28 - [MESSAGE][PASSED] - Text '10' is set on object 'Object Repository/HealthpostToStore/Page_Store/input_txtqty'

2018-06-09 21:32:28 - [TEST_STEP][PASSED] - click: Object: 'Object Repository/HealthpostToStore/Page_Store/button_Add' is clicked on

2018-06-09 21:32:28 - [MESSAGE][PASSED] - Object: 'Object Repository/HealthpostToStore/Page_Store/button_Add' is clicked on

2018-06-09 21:32:28 - [TEST_STEP][PASSED] - Statement - Break: null

2018-06-09 21:32:28 - [TEST_STEP][PASSED] - selectOptionByIndex: All options with index in [5] are selected on object 'Object Repository/HealthpostToStore/Page_Store/select_--Select--Adernaline 0.'

2018-06-09 21:32:29 - [MESSAGE][PASSED] - All options with index in [5] are selected on object 'Object Repository/HealthpostToStore/Page_Store/select_--Select--Adernaline 0.'

2018-06-09 21:32:29 - [TEST_STEP][PASSED] - delay: Delayed 2 second(s)

2018-06-09 21:32:31 - [MESSAGE][PASSED] - Delayed 2 second(s)

2018-06-09 21:32:31 - [TEST_STEP][PASSED] - Statement - RequestedQty = com.kms.katalon.core.webui.keyword.WebUiBuiltInKeywords.getAttribute(com.kms.katalon.core.testobject.ObjectRepository.findTestObject(HealthpostToStore/Page_Store/input_txttotal), "value"): Attribute 'value' of object 'Object Repository/HealthpostToStore/Page_Store/input_txttotal' is: '10'

2018-06-09 21:32:31 - [MESSAGE][PASSED] - Attribute 'value' of object 'Object Repository/HealthpostToStore/Page_Store/input_txttotal' is: '10'

2018-06-09 21:32:31 - [TEST_STEP][PASSED] - Statement - out.println("Requested QTY : " + RequestedQty): null

2018-06-09 21:32:31 - [TEST_STEP][PASSED] - Statement - BatchNumber = com.kms.katalon.core.webui.keyword.WebUiBuiltInKeywords.getNumberOfTotalOption(com.kms.katalon.core.testobject.ObjectRepository.findTestObject(HealthpostToStore/Page_Store/select_--Select--BA1170BA2376B)): 5 options of object 'Object Repository/HealthpostToStore/Page_Store/select_--Select--BA1170BA2376B' counted

2018-06-09 21:32:31 - [MESSAGE][PASSED] - 5 options of object 'Object Repository/HealthpostToStore/Page_Store/select_--Select--BA1170BA2376B' counted

2018-06-09 21:32:31 - [TEST_STEP][PASSED] - Statement - For ([g = 1, g <= BatchNumber - 1, (g++)]): null

2018-06-09 21:32:31 - [TEST_STEP][PASSED] - selectOptionByIndex: All options with index in [1] are selected on object 'Object Repository/HealthpostToStore/Page_Store/select_--Select--BA1170BA2376B'

2018-06-09 21:32:31 - [MESSAGE][PASSED] - All options with index in [1] are selected on object 'Object Repository/HealthpostToStore/Page_Store/select_--Select--BA1170BA2376B'

2018-06-09 21:32:31 - [TEST_STEP][PASSED] - Statement - Try: null

2018-06-09 21:32:31 - [TEST_STEP][PASSED] - Statement - StockQty = com.kms.katalon.core.webui.keyword.WebUiBuiltInKeywords.getAttribute(com.kms.katalon.core.testobject.ObjectRepository.findTestObject(HealthpostToStore/Page_Store/input_txtprice), "value"): Attribute 'value' of object 'Object Repository/HealthpostToStore/Page_Store/input_txtprice' is: '240'

2018-06-09 21:32:31 - [MESSAGE][PASSED] - Attribute 'value' of object 'Object Repository/HealthpostToStore/Page_Store/input_txtprice' is: '240'

2018-06-09 21:32:31 - [TEST_STEP][PASSED] - Statement - out.println("Stock QTY : " + StockQty): null

2018-06-09 21:32:31 - [TEST_STEP][PASSED] - delay: Delayed 2 second(s)

2018-06-09 21:32:33 - [MESSAGE][PASSED] - Delayed 2 second(s)

2018-06-09 21:32:33 - [TEST_STEP][PASSED] - Statement - If (java.lang.String.valueOf(StockQty) >= java.lang.String.valueOf(RequestedQty)): null

2018-06-09 21:32:33 - [TEST_STEP][PASSED] - setText: Text '10' is set on object 'Object Repository/HealthpostToStore/Page_Store/input_txtqty'

2018-06-09 21:32:33 - [MESSAGE][PASSED] - Text '10' is set on object 'Object Repository/HealthpostToStore/Page_Store/input_txtqty'

2018-06-09 21:32:33 - [TEST_STEP][PASSED] - click: Object: 'Object Repository/HealthpostToStore/Page_Store/button_Add' is clicked on

2018-06-09 21:32:33 - [MESSAGE][PASSED] - Object: 'Object Repository/HealthpostToStore/Page_Store/button_Add' is clicked on

2018-06-09 21:32:33 - [TEST_STEP][PASSED] - Statement - Break: null

2018-06-09 21:32:33 - [TEST_STEP][PASSED] - selectOptionByIndex: All options with index in [6] are selected on object 'Object Repository/HealthpostToStore/Page_Store/select_--Select--Adernaline 0.'

2018-06-09 21:32:33 - [MESSAGE][PASSED] - All options with index in [6] are selected on object 'Object Repository/HealthpostToStore/Page_Store/select_--Select--Adernaline 0.'

2018-06-09 21:32:33 - [TEST_STEP][PASSED] - delay: Delayed 2 second(s)

2018-06-09 21:32:35 - [MESSAGE][PASSED] - Delayed 2 second(s)

2018-06-09 21:32:35 - [TEST_STEP][PASSED] - Statement - RequestedQty = com.kms.katalon.core.webui.keyword.WebUiBuiltInKeywords.getAttribute(com.kms.katalon.core.testobject.ObjectRepository.findTestObject(HealthpostToStore/Page_Store/input_txttotal), "value"): Attribute 'value' of object 'Object Repository/HealthpostToStore/Page_Store/input_txttotal' is: '10'

2018-06-09 21:32:35 - [MESSAGE][PASSED] - Attribute 'value' of object 'Object Repository/HealthpostToStore/Page_Store/input_txttotal' is: '10'

2018-06-09 21:32:35 - [TEST_STEP][PASSED] - Statement - out.println("Requested QTY : " + RequestedQty): null

2018-06-09 21:32:35 - [TEST_STEP][PASSED] - Statement - BatchNumber = com.kms.katalon.core.webui.keyword.WebUiBuiltInKeywords.getNumberOfTotalOption(com.kms.katalon.core.testobject.ObjectRepository.findTestObject(HealthpostToStore/Page_Store/select_--Select--BA1170BA2376B)): 4 options of object 'Object Repository/HealthpostToStore/Page_Store/select_--Select--BA1170BA2376B' counted

2018-06-09 21:32:35 - [MESSAGE][PASSED] - 4 options of object 'Object Repository/HealthpostToStore/Page_Store/select_--Select--BA1170BA2376B' counted

2018-06-09 21:32:35 - [TEST_STEP][PASSED] - Statement - For ([g = 1, g <= BatchNumber - 1, (g++)]): null

2018-06-09 21:32:35 - [TEST_STEP][PASSED] - selectOptionByIndex: All options with index in [1] are selected on object 'Object Repository/HealthpostToStore/Page_Store/select_--Select--BA1170BA2376B'

2018-06-09 21:32:35 - [MESSAGE][PASSED] - All options with index in [1] are selected on object 'Object Repository/HealthpostToStore/Page_Store/select_--Select--BA1170BA2376B'

2018-06-09 21:32:35 - [TEST_STEP][PASSED] - Statement - Try: null

2018-06-09 21:32:35 - [TEST_STEP][PASSED] - Statement - StockQty = com.kms.katalon.core.webui.keyword.WebUiBuiltInKeywords.getAttribute(com.kms.katalon.core.testobject.ObjectRepository.findTestObject(HealthpostToStore/Page_Store/input_txtprice), "value"): Attribute 'value' of object 'Object Repository/HealthpostToStore/Page_Store/input_txtprice' is: '580'

2018-06-09 21:32:35 - [MESSAGE][PASSED] - Attribute 'value' of object 'Object Repository/HealthpostToStore/Page_Store/input_txtprice' is: '580'

2018-06-09 21:32:35 - [TEST_STEP][PASSED] - Statement - out.println("Stock QTY : " + StockQty): null

2018-06-09 21:32:35 - [TEST_STEP][PASSED] - delay: Delayed 2 second(s)

2018-06-09 21:32:37 - [MESSAGE][PASSED] - Delayed 2 second(s)

2018-06-09 21:32:37 - [TEST_STEP][PASSED] - Statement - If (java.lang.String.valueOf(StockQty) >= java.lang.String.valueOf(RequestedQty)): null

2018-06-09 21:32:37 - [TEST_STEP][PASSED] - setText: Text '10' is set on object 'Object Repository/HealthpostToStore/Page_Store/input_txtqty'

2018-06-09 21:32:38 - [MESSAGE][PASSED] - Text '10' is set on object 'Object Repository/HealthpostToStore/Page_Store/input_txtqty'

2018-06-09 21:32:38 - [TEST_STEP][PASSED] - click: Object: 'Object Repository/HealthpostToStore/Page_Store/button_Add' is clicked on

2018-06-09 21:32:38 - [MESSAGE][PASSED] - Object: 'Object Repository/HealthpostToStore/Page_Store/button_Add' is clicked on

2018-06-09 21:32:38 - [TEST_STEP][PASSED] - Statement - Break: null

2018-06-09 21:32:38 - [TEST_STEP][PASSED] - selectOptionByIndex: All options with index in [7] are selected on object 'Object Repository/HealthpostToStore/Page_Store/select_--Select--Adernaline 0.'

2018-06-09 21:32:38 - [MESSAGE][PASSED] - All options with index in [7] are selected on object 'Object Repository/HealthpostToStore/Page_Store/select_--Select--Adernaline 0.'

2018-06-09 21:32:38 - [TEST_STEP][PASSED] - delay: Delayed 2 second(s)

2018-06-09 21:32:40 - [MESSAGE][PASSED] - Delayed 2 second(s)

2018-06-09 21:32:40 - [TEST_STEP][PASSED] - Statement - RequestedQty = com.kms.katalon.core.webui.keyword.WebUiBuiltInKeywords.getAttribute(com.kms.katalon.core.testobject.ObjectRepository.findTestObject(HealthpostToStore/Page_Store/input_txttotal), "value"): Attribute 'value' of object 'Object Repository/HealthpostToStore/Page_Store/input_txttotal' is: '10'

2018-06-09 21:32:40 - [MESSAGE][PASSED] - Attribute 'value' of object 'Object Repository/HealthpostToStore/Page_Store/input_txttotal' is: '10'

2018-06-09 21:32:40 - [TEST_STEP][PASSED] - Statement - out.println("Requested QTY : " + RequestedQty): null

2018-06-09 21:32:40 - [TEST_STEP][PASSED] - Statement - BatchNumber = com.kms.katalon.core.webui.keyword.WebUiBuiltInKeywords.getNumberOfTotalOption(com.kms.katalon.core.testobject.ObjectRepository.findTestObject(HealthpostToStore/Page_Store/select_--Select--BA1170BA2376B)): 5 options of object 'Object Repository/HealthpostToStore/Page_Store/select_--Select--BA1170BA2376B' counted

2018-06-09 21:32:40 - [MESSAGE][PASSED] - 5 options of object 'Object Repository/HealthpostToStore/Page_Store/select_--Select--BA1170BA2376B' counted

2018-06-09 21:32:40 - [TEST_STEP][PASSED] - Statement - For ([g = 1, g <= BatchNumber - 1, (g++)]): null

2018-06-09 21:32:40 - [TEST_STEP][PASSED] - selectOptionByIndex: All options with index in [1] are selected on object 'Object Repository/HealthpostToStore/Page_Store/select_--Select--BA1170BA2376B'

2018-06-09 21:32:40 - [MESSAGE][PASSED] - All options with index in [1] are selected on object 'Object Repository/HealthpostToStore/Page_Store/select_--Select--BA1170BA2376B'

2018-06-09 21:32:40 - [TEST_STEP][PASSED] - Statement - Try: null

2018-06-09 21:32:40 - [TEST_STEP][PASSED] - Statement - StockQty = com.kms.katalon.core.webui.keyword.WebUiBuiltInKeywords.getAttribute(com.kms.katalon.core.testobject.ObjectRepository.findTestObject(HealthpostToStore/Page_Store/input_txtprice), "value"): Attribute 'value' of object 'Object Repository/HealthpostToStore/Page_Store/input_txtprice' is: '280'

2018-06-09 21:32:40 - [MESSAGE][PASSED] - Attribute 'value' of object 'Object Repository/HealthpostToStore/Page_Store/input_txtprice' is: '280'

2018-06-09 21:32:40 - [TEST_STEP][PASSED] - Statement - out.println("Stock QTY : " + StockQty): null

2018-06-09 21:32:40 - [TEST_STEP][PASSED] - delay: Delayed 2 second(s)

2018-06-09 21:32:42 - [MESSAGE][PASSED] - Delayed 2 second(s)

2018-06-09 21:32:42 - [TEST_STEP][PASSED] - Statement - If (java.lang.String.valueOf(StockQty) >= java.lang.String.valueOf(RequestedQty)): null

2018-06-09 21:32:42 - [TEST_STEP][PASSED] - setText: Text '10' is set on object 'Object Repository/HealthpostToStore/Page_Store/input_txtqty'

2018-06-09 21:32:42 - [MESSAGE][PASSED] - Text '10' is set on object 'Object Repository/HealthpostToStore/Page_Store/input_txtqty'

2018-06-09 21:32:42 - [TEST_STEP][PASSED] - click: Object: 'Object Repository/HealthpostToStore/Page_Store/button_Add' is clicked on

2018-06-09 21:32:42 - [MESSAGE][PASSED] - Object: 'Object Repository/HealthpostToStore/Page_Store/button_Add' is clicked on

2018-06-09 21:32:42 - [TEST_STEP][PASSED] - Statement - Break: null

2018-06-09 21:32:42 - [TEST_STEP][PASSED] - selectOptionByIndex: All options with index in [8] are selected on object 'Object Repository/HealthpostToStore/Page_Store/select_--Select--Adernaline 0.'

2018-06-09 21:32:42 - [MESSAGE][PASSED] - All options with index in [8] are selected on object 'Object Repository/HealthpostToStore/Page_Store/select_--Select--Adernaline 0.'

2018-06-09 21:32:42 - [TEST_STEP][PASSED] - delay: Delayed 2 second(s)

2018-06-09 21:32:44 - [MESSAGE][PASSED] - Delayed 2 second(s)

2018-06-09 21:32:44 - [TEST_STEP][PASSED] - Statement - RequestedQty = com.kms.katalon.core.webui.keyword.WebUiBuiltInKeywords.getAttribute(com.kms.katalon.core.testobject.ObjectRepository.findTestObject(HealthpostToStore/Page_Store/input_txttotal), "value"): Attribute 'value' of object 'Object Repository/HealthpostToStore/Page_Store/input_txttotal' is: '10'

2018-06-09 21:32:44 - [MESSAGE][PASSED] - Attribute 'value' of object 'Object Repository/HealthpostToStore/Page_Store/input_txttotal' is: '10'

2018-06-09 21:32:44 - [TEST_STEP][PASSED] - Statement - out.println("Requested QTY : " + RequestedQty): null

2018-06-09 21:32:44 - [TEST_STEP][PASSED] - Statement - BatchNumber = com.kms.katalon.core.webui.keyword.WebUiBuiltInKeywords.getNumberOfTotalOption(com.kms.katalon.core.testobject.ObjectRepository.findTestObject(HealthpostToStore/Page_Store/select_--Select--BA1170BA2376B)): 6 options of object 'Object Repository/HealthpostToStore/Page_Store/select_--Select--BA1170BA2376B' counted

2018-06-09 21:32:45 - [MESSAGE][PASSED] - 6 options of object 'Object Repository/HealthpostToStore/Page_Store/select_--Select--BA1170BA2376B' counted

2018-06-09 21:32:45 - [TEST_STEP][PASSED] - Statement - For ([g = 1, g <= BatchNumber - 1, (g++)]): null

2018-06-09 21:32:45 - [TEST_STEP][PASSED] - selectOptionByIndex: All options with index in [1] are selected on object 'Object Repository/HealthpostToStore/Page_Store/select_--Select--BA1170BA2376B'

2018-06-09 21:32:45 - [MESSAGE][PASSED] - All options with index in [1] are selected on object 'Object Repository/HealthpostToStore/Page_Store/select_--Select--BA1170BA2376B'

2018-06-09 21:32:45 - [TEST_STEP][PASSED] - Statement - Try: null

2018-06-09 21:32:45 - [TEST_STEP][PASSED] - Statement - StockQty = com.kms.katalon.core.webui.keyword.WebUiBuiltInKeywords.getAttribute(com.kms.katalon.core.testobject.ObjectRepository.findTestObject(HealthpostToStore/Page_Store/input_txtprice), "value"): Attribute 'value' of object 'Object Repository/HealthpostToStore/Page_Store/input_txtprice' is: '280'

2018-06-09 21:32:45 - [MESSAGE][PASSED] - Attribute 'value' of object 'Object Repository/HealthpostToStore/Page_Store/input_txtprice' is: '280'

2018-06-09 21:32:45 - [TEST_STEP][PASSED] - Statement - out.println("Stock QTY : " + StockQty): null

2018-06-09 21:32:45 - [TEST_STEP][PASSED] - delay: Delayed 2 second(s)

2018-06-09 21:32:47 - [MESSAGE][PASSED] - Delayed 2 second(s)

2018-06-09 21:32:47 - [TEST_STEP][PASSED] - Statement - If (java.lang.String.valueOf(StockQty) >= java.lang.String.valueOf(RequestedQty)): null

2018-06-09 21:32:47 - [TEST_STEP][PASSED] - setText: Text '10' is set on object 'Object Repository/HealthpostToStore/Page_Store/input_txtqty'

2018-06-09 21:32:47 - [MESSAGE][PASSED] - Text '10' is set on object 'Object Repository/HealthpostToStore/Page_Store/input_txtqty'

2018-06-09 21:32:47 - [TEST_STEP][PASSED] - click: Object: 'Object Repository/HealthpostToStore/Page_Store/button_Add' is clicked on

2018-06-09 21:32:47 - [MESSAGE][PASSED] - Object: 'Object Repository/HealthpostToStore/Page_Store/button_Add' is clicked on

2018-06-09 21:32:47 - [TEST_STEP][PASSED] - Statement - Break: null

2018-06-09 21:32:47 - [TEST_STEP][PASSED] - selectOptionByIndex: All options with index in [9] are selected on object 'Object Repository/HealthpostToStore/Page_Store/select_--Select--Adernaline 0.'

2018-06-09 21:32:47 - [MESSAGE][PASSED] - All options with index in [9] are selected on object 'Object Repository/HealthpostToStore/Page_Store/select_--Select--Adernaline 0.'

2018-06-09 21:32:47 - [TEST_STEP][PASSED] - delay: Delayed 2 second(s)

2018-06-09 21:32:49 - [MESSAGE][PASSED] - Delayed 2 second(s)

2018-06-09 21:32:49 - [TEST_STEP][PASSED] - Statement - RequestedQty = com.kms.katalon.core.webui.keyword.WebUiBuiltInKeywords.getAttribute(com.kms.katalon.core.testobject.ObjectRepository.findTestObject(HealthpostToStore/Page_Store/input_txttotal), "value"): Attribute 'value' of object 'Object Repository/HealthpostToStore/Page_Store/input_txttotal' is: '10'

2018-06-09 21:32:49 - [MESSAGE][PASSED] - Attribute 'value' of object 'Object Repository/HealthpostToStore/Page_Store/input_txttotal' is: '10'

2018-06-09 21:32:49 - [TEST_STEP][PASSED] - Statement - out.println("Requested QTY : " + RequestedQty): null

2018-06-09 21:32:49 - [TEST_STEP][PASSED] - Statement - BatchNumber = com.kms.katalon.core.webui.keyword.WebUiBuiltInKeywords.getNumberOfTotalOption(com.kms.katalon.core.testobject.ObjectRepository.findTestObject(HealthpostToStore/Page_Store/select_--Select--BA1170BA2376B)): 4 options of object 'Object Repository/HealthpostToStore/Page_Store/select_--Select--BA1170BA2376B' counted

2018-06-09 21:32:49 - [MESSAGE][PASSED] - 4 options of object 'Object Repository/HealthpostToStore/Page_Store/select_--Select--BA1170BA2376B' counted

2018-06-09 21:32:49 - [TEST_STEP][PASSED] - Statement - For ([g = 1, g <= BatchNumber - 1, (g++)]): null

2018-06-09 21:32:49 - [TEST_STEP][PASSED] - selectOptionByIndex: All options with index in [1] are selected on object 'Object Repository/HealthpostToStore/Page_Store/select_--Select--BA1170BA2376B'

2018-06-09 21:32:49 - [MESSAGE][PASSED] - All options with index in [1] are selected on object 'Object Repository/HealthpostToStore/Page_Store/select_--Select--BA1170BA2376B'

2018-06-09 21:32:49 - [TEST_STEP][PASSED] - Statement - Try: null

2018-06-09 21:32:49 - [TEST_STEP][PASSED] - Statement - StockQty = com.kms.katalon.core.webui.keyword.WebUiBuiltInKeywords.getAttribute(com.kms.katalon.core.testobject.ObjectRepository.findTestObject(HealthpostToStore/Page_Store/input_txtprice), "value"): Attribute 'value' of object 'Object Repository/HealthpostToStore/Page_Store/input_txtprice' is: '580'

2018-06-09 21:32:49 - [MESSAGE][PASSED] - Attribute 'value' of object 'Object Repository/HealthpostToStore/Page_Store/input_txtprice' is: '580'

2018-06-09 21:32:49 - [TEST_STEP][PASSED] - Statement - out.println("Stock QTY : " + StockQty): null

2018-06-09 21:32:49 - [TEST_STEP][PASSED] - delay: Delayed 2 second(s)

2018-06-09 21:32:51 - [MESSAGE][PASSED] - Delayed 2 second(s)

2018-06-09 21:32:51 - [TEST_STEP][PASSED] - Statement - If (java.lang.String.valueOf(StockQty) >= java.lang.String.valueOf(RequestedQty)): null

2018-06-09 21:32:51 - [TEST_STEP][PASSED] - setText: Text '10' is set on object 'Object Repository/HealthpostToStore/Page_Store/input_txtqty'

2018-06-09 21:32:51 - [MESSAGE][PASSED] - Text '10' is set on object 'Object Repository/HealthpostToStore/Page_Store/input_txtqty'

2018-06-09 21:32:51 - [TEST_STEP][PASSED] - click: Object: 'Object Repository/HealthpostToStore/Page_Store/button_Add' is clicked on

2018-06-09 21:32:51 - [MESSAGE][PASSED] - Object: 'Object Repository/HealthpostToStore/Page_Store/button_Add' is clicked on

2018-06-09 21:32:51 - [TEST_STEP][PASSED] - Statement - Break: null

2018-06-09 21:32:51 - [TEST_STEP][PASSED] - selectOptionByIndex: All options with index in [10] are selected on object 'Object Repository/HealthpostToStore/Page_Store/select_--Select--Adernaline 0.'

2018-06-09 21:32:52 - [MESSAGE][PASSED] - All options with index in [10] are selected on object 'Object Repository/HealthpostToStore/Page_Store/select_--Select--Adernaline 0.'

2018-06-09 21:32:52 - [TEST_STEP][PASSED] - delay: Delayed 2 second(s)

2018-06-09 21:32:54 - [MESSAGE][PASSED] - Delayed 2 second(s)

2018-06-09 21:32:54 - [TEST_STEP][PASSED] - Statement - RequestedQty = com.kms.katalon.core.webui.keyword.WebUiBuiltInKeywords.getAttribute(com.kms.katalon.core.testobject.ObjectRepository.findTestObject(HealthpostToStore/Page_Store/input_txttotal), "value"): Attribute 'value' of object 'Object Repository/HealthpostToStore/Page_Store/input_txttotal' is: '10'

2018-06-09 21:32:54 - [MESSAGE][PASSED] - Attribute 'value' of object 'Object Repository/HealthpostToStore/Page_Store/input_txttotal' is: '10'

2018-06-09 21:32:54 - [TEST_STEP][PASSED] - Statement - out.println("Requested QTY : " + RequestedQty): null

2018-06-09 21:32:54 - [TEST_STEP][PASSED] - Statement - BatchNumber = com.kms.katalon.core.webui.keyword.WebUiBuiltInKeywords.getNumberOfTotalOption(com.kms.katalon.core.testobject.ObjectRepository.findTestObject(HealthpostToStore/Page_Store/select_--Select--BA1170BA2376B)): 5 options of object 'Object Repository/HealthpostToStore/Page_Store/select_--Select--BA1170BA2376B' counted

2018-06-09 21:32:54 - [MESSAGE][PASSED] - 5 options of object 'Object Repository/HealthpostToStore/Page_Store/select_--Select--BA1170BA2376B' counted

2018-06-09 21:32:54 - [TEST_STEP][PASSED] - Statement - For ([g = 1, g <= BatchNumber - 1, (g++)]): null

2018-06-09 21:32:54 - [TEST_STEP][PASSED] - selectOptionByIndex: All options with index in [1] are selected on object 'Object Repository/HealthpostToStore/Page_Store/select_--Select--BA1170BA2376B'

2018-06-09 21:32:54 - [MESSAGE][PASSED] - All options with index in [1] are selected on object 'Object Repository/HealthpostToStore/Page_Store/select_--Select--BA1170BA2376B'

2018-06-09 21:32:54 - [TEST_STEP][PASSED] - Statement - Try: null

2018-06-09 21:32:54 - [TEST_STEP][PASSED] - Statement - StockQty = com.kms.katalon.core.webui.keyword.WebUiBuiltInKeywords.getAttribute(com.kms.katalon.core.testobject.ObjectRepository.findTestObject(HealthpostToStore/Page_Store/input_txtprice), "value"): Attribute 'value' of object 'Object Repository/HealthpostToStore/Page_Store/input_txtprice' is: ''

2018-06-09 21:32:54 - [MESSAGE][PASSED] - Attribute 'value' of object 'Object Repository/HealthpostToStore/Page_Store/input_txtprice' is: ''

2018-06-09 21:32:54 - [TEST_STEP][PASSED] - Statement - out.println("Stock QTY : " + StockQty): null

2018-06-09 21:32:54 - [TEST_STEP][PASSED] - delay: Delayed 2 second(s)

2018-06-09 21:32:56 - [MESSAGE][PASSED] - Delayed 2 second(s)

2018-06-09 21:32:56 - [TEST_STEP][PASSED] - Statement - If (java.lang.String.valueOf(StockQty) >= java.lang.String.valueOf(RequestedQty)): null

2018-06-09 21:32:56 - [TEST_STEP][PASSED] - Statement - Else: null

2018-06-09 21:32:56 - [TEST_STEP][PASSED] - Statement - out.println("Stock Is Less Than Requested Qty"): null

2018-06-09 21:32:56 - [TEST_STEP][PASSED] - selectOptionByIndex: All options with index in [2] are selected on object 'Object Repository/HealthpostToStore/Page_Store/select_--Select--BA1170BA2376B'

2018-06-09 21:32:56 - [MESSAGE][PASSED] - All options with index in [2] are selected on object 'Object Repository/HealthpostToStore/Page_Store/select_--Select--BA1170BA2376B'

2018-06-09 21:32:56 - [TEST_STEP][PASSED] - Statement - Try: null

2018-06-09 21:32:56 - [TEST_STEP][PASSED] - Statement - StockQty = com.kms.katalon.core.webui.keyword.WebUiBuiltInKeywords.getAttribute(com.kms.katalon.core.testobject.ObjectRepository.findTestObject(HealthpostToStore/Page_Store/input_txtprice), "value"): Attribute 'value' of object 'Object Repository/HealthpostToStore/Page_Store/input_txtprice' is: '300'

2018-06-09 21:32:56 - [MESSAGE][PASSED] - Attribute 'value' of object 'Object Repository/HealthpostToStore/Page_Store/input_txtprice' is: '300'

2018-06-09 21:32:56 - [TEST_STEP][PASSED] - Statement - out.println("Stock QTY : " + StockQty): null

2018-06-09 21:32:56 - [TEST_STEP][PASSED] - delay: Delayed 2 second(s)

2018-06-09 21:32:58 - [MESSAGE][PASSED] - Delayed 2 second(s)

2018-06-09 21:32:58 - [TEST_STEP][PASSED] - Statement - If (java.lang.String.valueOf(StockQty) >= java.lang.String.valueOf(RequestedQty)): null

2018-06-09 21:32:58 - [TEST_STEP][PASSED] - setText: Text '10' is set on object 'Object Repository/HealthpostToStore/Page_Store/input_txtqty'

2018-06-09 21:32:58 - [MESSAGE][PASSED] - Text '10' is set on object 'Object Repository/HealthpostToStore/Page_Store/input_txtqty'

2018-06-09 21:32:58 - [TEST_STEP][PASSED] - click: Object: 'Object Repository/HealthpostToStore/Page_Store/button_Add' is clicked on

2018-06-09 21:32:58 - [MESSAGE][PASSED] - Object: 'Object Repository/HealthpostToStore/Page_Store/button_Add' is clicked on

2018-06-09 21:32:58 - [TEST_STEP][PASSED] - Statement - Break: null

2018-06-09 21:32:58 - [TEST_STEP][PASSED] - selectOptionByIndex: All options with index in [11] are selected on object 'Object Repository/HealthpostToStore/Page_Store/select_--Select--Adernaline 0.'

2018-06-09 21:32:59 - [MESSAGE][PASSED] - All options with index in [11] are selected on object 'Object Repository/HealthpostToStore/Page_Store/select_--Select--Adernaline 0.'

2018-06-09 21:32:59 - [TEST_STEP][PASSED] - delay: Delayed 2 second(s)

2018-06-09 21:33:01 - [MESSAGE][PASSED] - Delayed 2 second(s)

2018-06-09 21:33:01 - [TEST_STEP][PASSED] - Statement - RequestedQty = com.kms.katalon.core.webui.keyword.WebUiBuiltInKeywords.getAttribute(com.kms.katalon.core.testobject.ObjectRepository.findTestObject(HealthpostToStore/Page_Store/input_txttotal), "value"): Attribute 'value' of object 'Object Repository/HealthpostToStore/Page_Store/input_txttotal' is: '10'

2018-06-09 21:33:01 - [MESSAGE][PASSED] - Attribute 'value' of object 'Object Repository/HealthpostToStore/Page_Store/input_txttotal' is: '10'

2018-06-09 21:33:01 - [TEST_STEP][PASSED] - Statement - out.println("Requested QTY : " + RequestedQty): null

2018-06-09 21:33:01 - [TEST_STEP][PASSED] - Statement - BatchNumber = com.kms.katalon.core.webui.keyword.WebUiBuiltInKeywords.getNumberOfTotalOption(com.kms.katalon.core.testobject.ObjectRepository.findTestObject(HealthpostToStore/Page_Store/select_--Select--BA1170BA2376B)): 4 options of object 'Object Repository/HealthpostToStore/Page_Store/select_--Select--BA1170BA2376B' counted

2018-06-09 21:33:01 - [MESSAGE][PASSED] - 4 options of object 'Object Repository/HealthpostToStore/Page_Store/select_--Select--BA1170BA2376B' counted

2018-06-09 21:33:01 - [TEST_STEP][PASSED] - Statement - For ([g = 1, g <= BatchNumber - 1, (g++)]): null

2018-06-09 21:33:01 - [TEST_STEP][PASSED] - selectOptionByIndex: All options with index in [1] are selected on object 'Object Repository/HealthpostToStore/Page_Store/select_--Select--BA1170BA2376B'

2018-06-09 21:33:01 - [MESSAGE][PASSED] - All options with index in [1] are selected on object 'Object Repository/HealthpostToStore/Page_Store/select_--Select--BA1170BA2376B'

2018-06-09 21:33:01 - [TEST_STEP][PASSED] - Statement - Try: null

2018-06-09 21:33:01 - [TEST_STEP][PASSED] - Statement - StockQty = com.kms.katalon.core.webui.keyword.WebUiBuiltInKeywords.getAttribute(com.kms.katalon.core.testobject.ObjectRepository.findTestObject(HealthpostToStore/Page_Store/input_txtprice), "value"): Attribute 'value' of object 'Object Repository/HealthpostToStore/Page_Store/input_txtprice' is: '1520'

2018-06-09 21:33:01 - [MESSAGE][PASSED] - Attribute 'value' of object 'Object Repository/HealthpostToStore/Page_Store/input_txtprice' is: '1520'

2018-06-09 21:33:01 - [TEST_STEP][PASSED] - Statement - out.println("Stock QTY : " + StockQty): null

2018-06-09 21:33:01 - [TEST_STEP][PASSED] - delay: Delayed 2 second(s)

2018-06-09 21:33:03 - [MESSAGE][PASSED] - Delayed 2 second(s)

2018-06-09 21:33:03 - [TEST_STEP][PASSED] - Statement - If (java.lang.String.valueOf(StockQty) >= java.lang.String.valueOf(RequestedQty)): null

2018-06-09 21:33:03 - [TEST_STEP][PASSED] - setText: Text '10' is set on object 'Object Repository/HealthpostToStore/Page_Store/input_txtqty'

2018-06-09 21:33:03 - [MESSAGE][PASSED] - Text '10' is set on object 'Object Repository/HealthpostToStore/Page_Store/input_txtqty'

2018-06-09 21:33:03 - [TEST_STEP][PASSED] - click: Object: 'Object Repository/HealthpostToStore/Page_Store/button_Add' is clicked on

2018-06-09 21:33:03 - [MESSAGE][PASSED] - Object: 'Object Repository/HealthpostToStore/Page_Store/button_Add' is clicked on

2018-06-09 21:33:03 - [TEST_STEP][PASSED] - Statement - Break: null

2018-06-09 21:33:03 - [TEST_STEP][PASSED] - selectOptionByIndex: All options with index in [12] are selected on object 'Object Repository/HealthpostToStore/Page_Store/select_--Select--Adernaline 0.'

2018-06-09 21:33:03 - [MESSAGE][PASSED] - All options with index in [12] are selected on object 'Object Repository/HealthpostToStore/Page_Store/select_--Select--Adernaline 0.'

2018-06-09 21:33:03 - [TEST_STEP][PASSED] - delay: Delayed 2 second(s)

2018-06-09 21:33:05 - [MESSAGE][PASSED] - Delayed 2 second(s)

2018-06-09 21:33:05 - [TEST_STEP][PASSED] - Statement - RequestedQty = com.kms.katalon.core.webui.keyword.WebUiBuiltInKeywords.getAttribute(com.kms.katalon.core.testobject.ObjectRepository.findTestObject(HealthpostToStore/Page_Store/input_txttotal), "value"): Attribute 'value' of object 'Object Repository/HealthpostToStore/Page_Store/input_txttotal' is: '10'

2018-06-09 21:33:05 - [MESSAGE][PASSED] - Attribute 'value' of object 'Object Repository/HealthpostToStore/Page_Store/input_txttotal' is: '10'

2018-06-09 21:33:05 - [TEST_STEP][PASSED] - Statement - out.println("Requested QTY : " + RequestedQty): null

2018-06-09 21:33:05 - [TEST_STEP][PASSED] - Statement - BatchNumber = com.kms.katalon.core.webui.keyword.WebUiBuiltInKeywords.getNumberOfTotalOption(com.kms.katalon.core.testobject.ObjectRepository.findTestObject(HealthpostToStore/Page_Store/select_--Select--BA1170BA2376B)): 3 options of object 'Object Repository/HealthpostToStore/Page_Store/select_--Select--BA1170BA2376B' counted

2018-06-09 21:33:05 - [MESSAGE][PASSED] - 3 options of object 'Object Repository/HealthpostToStore/Page_Store/select_--Select--BA1170BA2376B' counted

2018-06-09 21:33:05 - [TEST_STEP][PASSED] - Statement - For ([g = 1, g <= BatchNumber - 1, (g++)]): null

2018-06-09 21:33:05 - [TEST_STEP][PASSED] - selectOptionByIndex: All options with index in [1] are selected on object 'Object Repository/HealthpostToStore/Page_Store/select_--Select--BA1170BA2376B'

2018-06-09 21:33:05 - [MESSAGE][PASSED] - All options with index in [1] are selected on object 'Object Repository/HealthpostToStore/Page_Store/select_--Select--BA1170BA2376B'

2018-06-09 21:33:05 - [TEST_STEP][PASSED] - Statement - Try: null

2018-06-09 21:33:05 - [TEST_STEP][PASSED] - Statement - StockQty = com.kms.katalon.core.webui.keyword.WebUiBuiltInKeywords.getAttribute(com.kms.katalon.core.testobject.ObjectRepository.findTestObject(HealthpostToStore/Page_Store/input_txtprice), "value"): Attribute 'value' of object 'Object Repository/HealthpostToStore/Page_Store/input_txtprice' is: '1620'

2018-06-09 21:33:05 - [MESSAGE][PASSED] - Attribute 'value' of object 'Object Repository/HealthpostToStore/Page_Store/input_txtprice' is: '1620'

2018-06-09 21:33:05 - [TEST_STEP][PASSED] - Statement - out.println("Stock QTY : " + StockQty): null

2018-06-09 21:33:05 - [TEST_STEP][PASSED] - delay: Delayed 2 second(s)

2018-06-09 21:33:07 - [MESSAGE][PASSED] - Delayed 2 second(s)

2018-06-09 21:33:07 - [TEST_STEP][PASSED] - Statement - If (java.lang.String.valueOf(StockQty) >= java.lang.String.valueOf(RequestedQty)): null

2018-06-09 21:33:07 - [TEST_STEP][PASSED] - setText: Text '10' is set on object 'Object Repository/HealthpostToStore/Page_Store/input_txtqty'

2018-06-09 21:33:07 - [MESSAGE][PASSED] - Text '10' is set on object 'Object Repository/HealthpostToStore/Page_Store/input_txtqty'

2018-06-09 21:33:07 - [TEST_STEP][PASSED] - click: Object: 'Object Repository/HealthpostToStore/Page_Store/button_Add' is clicked on

2018-06-09 21:33:08 - [MESSAGE][PASSED] - Object: 'Object Repository/HealthpostToStore/Page_Store/button_Add' is clicked on

2018-06-09 21:33:08 - [TEST_STEP][PASSED] - Statement - Break: null

2018-06-09 21:33:08 - [TEST_STEP][PASSED] - selectOptionByIndex: All options with index in [13] are selected on object 'Object Repository/HealthpostToStore/Page_Store/select_--Select--Adernaline 0.'

2018-06-09 21:33:08 - [MESSAGE][PASSED] - All options with index in [13] are selected on object 'Object Repository/HealthpostToStore/Page_Store/select_--Select--Adernaline 0.'

2018-06-09 21:33:08 - [TEST_STEP][PASSED] - delay: Delayed 2 second(s)

2018-06-09 21:33:10 - [MESSAGE][PASSED] - Delayed 2 second(s)

2018-06-09 21:33:10 - [TEST_STEP][PASSED] - Statement - RequestedQty = com.kms.katalon.core.webui.keyword.WebUiBuiltInKeywords.getAttribute(com.kms.katalon.core.testobject.ObjectRepository.findTestObject(HealthpostToStore/Page_Store/input_txttotal), "value"): Attribute 'value' of object 'Object Repository/HealthpostToStore/Page_Store/input_txttotal' is: '10'

2018-06-09 21:33:10 - [MESSAGE][PASSED] - Attribute 'value' of object 'Object Repository/HealthpostToStore/Page_Store/input_txttotal' is: '10'

2018-06-09 21:33:10 - [TEST_STEP][PASSED] - Statement - out.println("Requested QTY : " + RequestedQty): null

2018-06-09 21:33:10 - [TEST_STEP][PASSED] - Statement - BatchNumber = com.kms.katalon.core.webui.keyword.WebUiBuiltInKeywords.getNumberOfTotalOption(com.kms.katalon.core.testobject.ObjectRepository.findTestObject(HealthpostToStore/Page_Store/select_--Select--BA1170BA2376B)): 4 options of object 'Object Repository/HealthpostToStore/Page_Store/select_--Select--BA1170BA2376B' counted

2018-06-09 21:33:10 - [MESSAGE][PASSED] - 4 options of object 'Object Repository/HealthpostToStore/Page_Store/select_--Select--BA1170BA2376B' counted

2018-06-09 21:33:10 - [TEST_STEP][PASSED] - Statement - For ([g = 1, g <= BatchNumber - 1, (g++)]): null

2018-06-09 21:33:10 - [TEST_STEP][PASSED] - selectOptionByIndex: All options with index in [1] are selected on object 'Object Repository/HealthpostToStore/Page_Store/select_--Select--BA1170BA2376B'

2018-06-09 21:33:10 - [MESSAGE][PASSED] - All options with index in [1] are selected on object 'Object Repository/HealthpostToStore/Page_Store/select_--Select--BA1170BA2376B'

2018-06-09 21:33:10 - [TEST_STEP][PASSED] - Statement - Try: null

2018-06-09 21:33:10 - [TEST_STEP][PASSED] - Statement - StockQty = com.kms.katalon.core.webui.keyword.WebUiBuiltInKeywords.getAttribute(com.kms.katalon.core.testobject.ObjectRepository.findTestObject(HealthpostToStore/Page_Store/input_txtprice), "value"): Attribute 'value' of object 'Object Repository/HealthpostToStore/Page_Store/input_txtprice' is: '590'

2018-06-09 21:33:10 - [MESSAGE][PASSED] - Attribute 'value' of object 'Object Repository/HealthpostToStore/Page_Store/input_txtprice' is: '590'

2018-06-09 21:33:10 - [TEST_STEP][PASSED] - Statement - out.println("Stock QTY : " + StockQty): null

2018-06-09 21:33:10 - [TEST_STEP][PASSED] - delay: Delayed 2 second(s)

2018-06-09 21:33:12 - [MESSAGE][PASSED] - Delayed 2 second(s)

2018-06-09 21:33:12 - [TEST_STEP][PASSED] - Statement - If (java.lang.String.valueOf(StockQty) >= java.lang.String.valueOf(RequestedQty)): null

2018-06-09 21:33:12 - [TEST_STEP][PASSED] - setText: Text '10' is set on object 'Object Repository/HealthpostToStore/Page_Store/input_txtqty'

2018-06-09 21:33:12 - [MESSAGE][PASSED] - Text '10' is set on object 'Object Repository/HealthpostToStore/Page_Store/input_txtqty'

2018-06-09 21:33:12 - [TEST_STEP][PASSED] - click: Object: 'Object Repository/HealthpostToStore/Page_Store/button_Add' is clicked on

2018-06-09 21:33:12 - [MESSAGE][PASSED] - Object: 'Object Repository/HealthpostToStore/Page_Store/button_Add' is clicked on

2018-06-09 21:33:12 - [TEST_STEP][PASSED] - Statement - Break: null

2018-06-09 21:33:12 - [TEST_STEP][PASSED] - selectOptionByIndex: All options with index in [14] are selected on object 'Object Repository/HealthpostToStore/Page_Store/select_--Select--Adernaline 0.'

2018-06-09 21:33:12 - [MESSAGE][PASSED] - All options with index in [14] are selected on object 'Object Repository/HealthpostToStore/Page_Store/select_--Select--Adernaline 0.'

2018-06-09 21:33:12 - [TEST_STEP][PASSED] - delay: Delayed 2 second(s)

2018-06-09 21:33:14 - [MESSAGE][PASSED] - Delayed 2 second(s)

2018-06-09 21:33:14 - [TEST_STEP][PASSED] - Statement - RequestedQty = com.kms.katalon.core.webui.keyword.WebUiBuiltInKeywords.getAttribute(com.kms.katalon.core.testobject.ObjectRepository.findTestObject(HealthpostToStore/Page_Store/input_txttotal), "value"): Attribute 'value' of object 'Object Repository/HealthpostToStore/Page_Store/input_txttotal' is: '10'

2018-06-09 21:33:14 - [MESSAGE][PASSED] - Attribute 'value' of object 'Object Repository/HealthpostToStore/Page_Store/input_txttotal' is: '10'

2018-06-09 21:33:14 - [TEST_STEP][PASSED] - Statement - out.println("Requested QTY : " + RequestedQty): null

2018-06-09 21:33:14 - [TEST_STEP][PASSED] - Statement - BatchNumber = com.kms.katalon.core.webui.keyword.WebUiBuiltInKeywords.getNumberOfTotalOption(com.kms.katalon.core.testobject.ObjectRepository.findTestObject(HealthpostToStore/Page_Store/select_--Select--BA1170BA2376B)): 5 options of object 'Object Repository/HealthpostToStore/Page_Store/select_--Select--BA1170BA2376B' counted

2018-06-09 21:33:15 - [MESSAGE][PASSED] - 5 options of object 'Object Repository/HealthpostToStore/Page_Store/select_--Select--BA1170BA2376B' counted

2018-06-09 21:33:15 - [TEST_STEP][PASSED] - Statement - For ([g = 1, g <= BatchNumber - 1, (g++)]): null

2018-06-09 21:33:15 - [TEST_STEP][PASSED] - selectOptionByIndex: All options with index in [1] are selected on object 'Object Repository/HealthpostToStore/Page_Store/select_--Select--BA1170BA2376B'

2018-06-09 21:33:15 - [MESSAGE][PASSED] - All options with index in [1] are selected on object 'Object Repository/HealthpostToStore/Page_Store/select_--Select--BA1170BA2376B'

2018-06-09 21:33:15 - [TEST_STEP][PASSED] - Statement - Try: null

2018-06-09 21:33:15 - [TEST_STEP][PASSED] - Statement - StockQty = com.kms.katalon.core.webui.keyword.WebUiBuiltInKeywords.getAttribute(com.kms.katalon.core.testobject.ObjectRepository.findTestObject(HealthpostToStore/Page_Store/input_txtprice), "value"): Attribute 'value' of object 'Object Repository/HealthpostToStore/Page_Store/input_txtprice' is: '280'

2018-06-09 21:33:15 - [MESSAGE][PASSED] - Attribute 'value' of object 'Object Repository/HealthpostToStore/Page_Store/input_txtprice' is: '280'

2018-06-09 21:33:15 - [TEST_STEP][PASSED] - Statement - out.println("Stock QTY : " + StockQty): null

2018-06-09 21:33:15 - [TEST_STEP][PASSED] - delay: Delayed 2 second(s)

2018-06-09 21:33:17 - [MESSAGE][PASSED] - Delayed 2 second(s)

2018-06-09 21:33:17 - [TEST_STEP][PASSED] - Statement - If (java.lang.String.valueOf(StockQty) >= java.lang.String.valueOf(RequestedQty)): null

2018-06-09 21:33:17 - [TEST_STEP][PASSED] - setText: Text '10' is set on object 'Object Repository/HealthpostToStore/Page_Store/input_txtqty'

2018-06-09 21:33:17 - [MESSAGE][PASSED] - Text '10' is set on object 'Object Repository/HealthpostToStore/Page_Store/input_txtqty'

2018-06-09 21:33:17 - [TEST_STEP][PASSED] - click: Object: 'Object Repository/HealthpostToStore/Page_Store/button_Add' is clicked on

2018-06-09 21:33:17 - [MESSAGE][PASSED] - Object: 'Object Repository/HealthpostToStore/Page_Store/button_Add' is clicked on

2018-06-09 21:33:17 - [TEST_STEP][PASSED] - Statement - Break: null

2018-06-09 21:33:17 - [TEST_STEP][PASSED] - selectOptionByIndex: All options with index in [15] are selected on object 'Object Repository/HealthpostToStore/Page_Store/select_--Select--Adernaline 0.'

2018-06-09 21:33:17 - [MESSAGE][PASSED] - All options with index in [15] are selected on object 'Object Repository/HealthpostToStore/Page_Store/select_--Select--Adernaline 0.'

2018-06-09 21:33:17 - [TEST_STEP][PASSED] - delay: Delayed 2 second(s)

2018-06-09 21:33:19 - [MESSAGE][PASSED] - Delayed 2 second(s)

2018-06-09 21:33:19 - [TEST_STEP][PASSED] - Statement - RequestedQty = com.kms.katalon.core.webui.keyword.WebUiBuiltInKeywords.getAttribute(com.kms.katalon.core.testobject.ObjectRepository.findTestObject(HealthpostToStore/Page_Store/input_txttotal), "value"): Attribute 'value' of object 'Object Repository/HealthpostToStore/Page_Store/input_txttotal' is: '10'

2018-06-09 21:33:19 - [MESSAGE][PASSED] - Attribute 'value' of object 'Object Repository/HealthpostToStore/Page_Store/input_txttotal' is: '10'

2018-06-09 21:33:19 - [TEST_STEP][PASSED] - Statement - out.println("Requested QTY : " + RequestedQty): null

2018-06-09 21:33:19 - [TEST_STEP][PASSED] - Statement - BatchNumber = com.kms.katalon.core.webui.keyword.WebUiBuiltInKeywords.getNumberOfTotalOption(com.kms.katalon.core.testobject.ObjectRepository.findTestObject(HealthpostToStore/Page_Store/select_--Select--BA1170BA2376B)): 4 options of object 'Object Repository/HealthpostToStore/Page_Store/select_--Select--BA1170BA2376B' counted

2018-06-09 21:33:19 - [MESSAGE][PASSED] - 4 options of object 'Object Repository/HealthpostToStore/Page_Store/select_--Select--BA1170BA2376B' counted

2018-06-09 21:33:19 - [TEST_STEP][PASSED] - Statement - For ([g = 1, g <= BatchNumber - 1, (g++)]): null

2018-06-09 21:33:19 - [TEST_STEP][PASSED] - selectOptionByIndex: All options with index in [1] are selected on object 'Object Repository/HealthpostToStore/Page_Store/select_--Select--BA1170BA2376B'

2018-06-09 21:33:19 - [MESSAGE][PASSED] - All options with index in [1] are selected on object 'Object Repository/HealthpostToStore/Page_Store/select_--Select--BA1170BA2376B'

2018-06-09 21:33:19 - [TEST_STEP][PASSED] - Statement - Try: null

2018-06-09 21:33:19 - [TEST_STEP][PASSED] - Statement - StockQty = com.kms.katalon.core.webui.keyword.WebUiBuiltInKeywords.getAttribute(com.kms.katalon.core.testobject.ObjectRepository.findTestObject(HealthpostToStore/Page_Store/input_txtprice), "value"): Attribute 'value' of object 'Object Repository/HealthpostToStore/Page_Store/input_txtprice' is: '580'

2018-06-09 21:33:19 - [MESSAGE][PASSED] - Attribute 'value' of object 'Object Repository/HealthpostToStore/Page_Store/input_txtprice' is: '580'

2018-06-09 21:33:19 - [TEST_STEP][PASSED] - Statement - out.println("Stock QTY : " + StockQty): null

2018-06-09 21:33:19 - [TEST_STEP][PASSED] - delay: Delayed 2 second(s)

2018-06-09 21:33:21 - [MESSAGE][PASSED] - Delayed 2 second(s)

2018-06-09 21:33:21 - [TEST_STEP][PASSED] - Statement - If (java.lang.String.valueOf(StockQty) >= java.lang.String.valueOf(RequestedQty)): null

2018-06-09 21:33:21 - [TEST_STEP][PASSED] - setText: Text '10' is set on object 'Object Repository/HealthpostToStore/Page_Store/input_txtqty'

2018-06-09 21:33:21 - [MESSAGE][PASSED] - Text '10' is set on object 'Object Repository/HealthpostToStore/Page_Store/input_txtqty'

2018-06-09 21:33:21 - [TEST_STEP][PASSED] - click: Object: 'Object Repository/HealthpostToStore/Page_Store/button_Add' is clicked on

2018-06-09 21:33:21 - [MESSAGE][PASSED] - Object: 'Object Repository/HealthpostToStore/Page_Store/button_Add' is clicked on

2018-06-09 21:33:21 - [TEST_STEP][PASSED] - Statement - Break: null

2018-06-09 21:33:21 - [TEST_STEP][PASSED] - selectOptionByIndex: All options with index in [16] are selected on object 'Object Repository/HealthpostToStore/Page_Store/select_--Select--Adernaline 0.'

2018-06-09 21:33:22 - [MESSAGE][PASSED] - All options with index in [16] are selected on object 'Object Repository/HealthpostToStore/Page_Store/select_--Select--Adernaline 0.'

2018-06-09 21:33:22 - [TEST_STEP][PASSED] - delay: Delayed 2 second(s)

2018-06-09 21:33:24 - [MESSAGE][PASSED] - Delayed 2 second(s)

2018-06-09 21:33:24 - [TEST_STEP][PASSED] - Statement - RequestedQty = com.kms.katalon.core.webui.keyword.WebUiBuiltInKeywords.getAttribute(com.kms.katalon.core.testobject.ObjectRepository.findTestObject(HealthpostToStore/Page_Store/input_txttotal), "value"): Attribute 'value' of object 'Object Repository/HealthpostToStore/Page_Store/input_txttotal' is: '10'

2018-06-09 21:33:24 - [MESSAGE][PASSED] - Attribute 'value' of object 'Object Repository/HealthpostToStore/Page_Store/input_txttotal' is: '10'

2018-06-09 21:33:24 - [TEST_STEP][PASSED] - Statement - out.println("Requested QTY : " + RequestedQty): null

2018-06-09 21:33:24 - [TEST_STEP][PASSED] - Statement - BatchNumber = com.kms.katalon.core.webui.keyword.WebUiBuiltInKeywords.getNumberOfTotalOption(com.kms.katalon.core.testobject.ObjectRepository.findTestObject(HealthpostToStore/Page_Store/select_--Select--BA1170BA2376B)): 3 options of object 'Object Repository/HealthpostToStore/Page_Store/select_--Select--BA1170BA2376B' counted

2018-06-09 21:33:24 - [MESSAGE][PASSED] - 3 options of object 'Object Repository/HealthpostToStore/Page_Store/select_--Select--BA1170BA2376B' counted

2018-06-09 21:33:24 - [TEST_STEP][PASSED] - Statement - For ([g = 1, g <= BatchNumber - 1, (g++)]): null

2018-06-09 21:33:24 - [TEST_STEP][PASSED] - selectOptionByIndex: All options with index in [1] are selected on object 'Object Repository/HealthpostToStore/Page_Store/select_--Select--BA1170BA2376B'

2018-06-09 21:33:24 - [MESSAGE][PASSED] - All options with index in [1] are selected on object 'Object Repository/HealthpostToStore/Page_Store/select_--Select--BA1170BA2376B'

2018-06-09 21:33:24 - [TEST_STEP][PASSED] - Statement - Try: null

2018-06-09 21:33:24 - [TEST_STEP][PASSED] - Statement - StockQty = com.kms.katalon.core.webui.keyword.WebUiBuiltInKeywords.getAttribute(com.kms.katalon.core.testobject.ObjectRepository.findTestObject(HealthpostToStore/Page_Store/input_txtprice), "value"): Attribute 'value' of object 'Object Repository/HealthpostToStore/Page_Store/input_txtprice' is: '1640'

2018-06-09 21:33:24 - [MESSAGE][PASSED] - Attribute 'value' of object 'Object Repository/HealthpostToStore/Page_Store/input_txtprice' is: '1640'

2018-06-09 21:33:24 - [TEST_STEP][PASSED] - Statement - out.println("Stock QTY : " + StockQty): null

2018-06-09 21:33:24 - [TEST_STEP][PASSED] - delay: Delayed 2 second(s)

2018-06-09 21:33:26 - [MESSAGE][PASSED] - Delayed 2 second(s)

2018-06-09 21:33:26 - [TEST_STEP][PASSED] - Statement - If (java.lang.String.valueOf(StockQty) >= java.lang.String.valueOf(RequestedQty)): null

2018-06-09 21:33:26 - [TEST_STEP][PASSED] - setText: Text '10' is set on object 'Object Repository/HealthpostToStore/Page_Store/input_txtqty'

2018-06-09 21:33:26 - [MESSAGE][PASSED] - Text '10' is set on object 'Object Repository/HealthpostToStore/Page_Store/input_txtqty'

2018-06-09 21:33:26 - [TEST_STEP][PASSED] - click: Object: 'Object Repository/HealthpostToStore/Page_Store/button_Add' is clicked on

2018-06-09 21:33:26 - [MESSAGE][PASSED] - Object: 'Object Repository/HealthpostToStore/Page_Store/button_Add' is clicked on

2018-06-09 21:33:26 - [TEST_STEP][PASSED] - Statement - Break: null

2018-06-09 21:33:26 - [TEST_STEP][PASSED] - selectOptionByIndex: All options with index in [17] are selected on object 'Object Repository/HealthpostToStore/Page_Store/select_--Select--Adernaline 0.'

2018-06-09 21:33:26 - [MESSAGE][PASSED] - All options with index in [17] are selected on object 'Object Repository/HealthpostToStore/Page_Store/select_--Select--Adernaline 0.'

2018-06-09 21:33:26 - [TEST_STEP][PASSED] - delay: Delayed 2 second(s)

2018-06-09 21:33:28 - [MESSAGE][PASSED] - Delayed 2 second(s)

2018-06-09 21:33:28 - [TEST_STEP][PASSED] - Statement - RequestedQty = com.kms.katalon.core.webui.keyword.WebUiBuiltInKeywords.getAttribute(com.kms.katalon.core.testobject.ObjectRepository.findTestObject(HealthpostToStore/Page_Store/input_txttotal), "value"): Attribute 'value' of object 'Object Repository/HealthpostToStore/Page_Store/input_txttotal' is: '10'

2018-06-09 21:33:28 - [MESSAGE][PASSED] - Attribute 'value' of object 'Object Repository/HealthpostToStore/Page_Store/input_txttotal' is: '10'

2018-06-09 21:33:28 - [TEST_STEP][PASSED] - Statement - out.println("Requested QTY : " + RequestedQty): null

2018-06-09 21:33:28 - [TEST_STEP][PASSED] - Statement - BatchNumber = com.kms.katalon.core.webui.keyword.WebUiBuiltInKeywords.getNumberOfTotalOption(com.kms.katalon.core.testobject.ObjectRepository.findTestObject(HealthpostToStore/Page_Store/select_--Select--BA1170BA2376B)): 4 options of object 'Object Repository/HealthpostToStore/Page_Store/select_--Select--BA1170BA2376B' counted

2018-06-09 21:33:28 - [MESSAGE][PASSED] - 4 options of object 'Object Repository/HealthpostToStore/Page_Store/select_--Select--BA1170BA2376B' counted

2018-06-09 21:33:28 - [TEST_STEP][PASSED] - Statement - For ([g = 1, g <= BatchNumber - 1, (g++)]): null

2018-06-09 21:33:28 - [TEST_STEP][PASSED] - selectOptionByIndex: All options with index in [1] are selected on object 'Object Repository/HealthpostToStore/Page_Store/select_--Select--BA1170BA2376B'

2018-06-09 21:33:29 - [MESSAGE][PASSED] - All options with index in [1] are selected on object 'Object Repository/HealthpostToStore/Page_Store/select_--Select--BA1170BA2376B'

2018-06-09 21:33:29 - [TEST_STEP][PASSED] - Statement - Try: null

2018-06-09 21:33:29 - [TEST_STEP][PASSED] - Statement - StockQty = com.kms.katalon.core.webui.keyword.WebUiBuiltInKeywords.getAttribute(com.kms.katalon.core.testobject.ObjectRepository.findTestObject(HealthpostToStore/Page_Store/input_txtprice), "value"): Attribute 'value' of object 'Object Repository/HealthpostToStore/Page_Store/input_txtprice' is: '580'

2018-06-09 21:33:29 - [MESSAGE][PASSED] - Attribute 'value' of object 'Object Repository/HealthpostToStore/Page_Store/input_txtprice' is: '580'

2018-06-09 21:33:29 - [TEST_STEP][PASSED] - Statement - out.println("Stock QTY : " + StockQty): null

2018-06-09 21:33:29 - [TEST_STEP][PASSED] - delay: Delayed 2 second(s)

2018-06-09 21:33:31 - [MESSAGE][PASSED] - Delayed 2 second(s)

2018-06-09 21:33:31 - [TEST_STEP][PASSED] - Statement - If (java.lang.String.valueOf(StockQty) >= java.lang.String.valueOf(RequestedQty)): null

2018-06-09 21:33:31 - [TEST_STEP][PASSED] - setText: Text '10' is set on object 'Object Repository/HealthpostToStore/Page_Store/input_txtqty'

2018-06-09 21:33:31 - [MESSAGE][PASSED] - Text '10' is set on object 'Object Repository/HealthpostToStore/Page_Store/input_txtqty'

2018-06-09 21:33:31 - [TEST_STEP][PASSED] - click: Object: 'Object Repository/HealthpostToStore/Page_Store/button_Add' is clicked on

2018-06-09 21:33:31 - [MESSAGE][PASSED] - Object: 'Object Repository/HealthpostToStore/Page_Store/button_Add' is clicked on

2018-06-09 21:33:31 - [TEST_STEP][PASSED] - Statement - Break: null

2018-06-09 21:33:31 - [TEST_STEP][PASSED] - selectOptionByIndex: All options with index in [18] are selected on object 'Object Repository/HealthpostToStore/Page_Store/select_--Select--Adernaline 0.'

2018-06-09 21:33:31 - [MESSAGE][PASSED] - All options with index in [18] are selected on object 'Object Repository/HealthpostToStore/Page_Store/select_--Select--Adernaline 0.'

2018-06-09 21:33:31 - [TEST_STEP][PASSED] - delay: Delayed 2 second(s)

2018-06-09 21:33:33 - [MESSAGE][PASSED] - Delayed 2 second(s)

2018-06-09 21:33:33 - [TEST_STEP][PASSED] - Statement - RequestedQty = com.kms.katalon.core.webui.keyword.WebUiBuiltInKeywords.getAttribute(com.kms.katalon.core.testobject.ObjectRepository.findTestObject(HealthpostToStore/Page_Store/input_txttotal), "value"): Attribute 'value' of object 'Object Repository/HealthpostToStore/Page_Store/input_txttotal' is: '10'

2018-06-09 21:33:33 - [MESSAGE][PASSED] - Attribute 'value' of object 'Object Repository/HealthpostToStore/Page_Store/input_txttotal' is: '10'

2018-06-09 21:33:33 - [TEST_STEP][PASSED] - Statement - out.println("Requested QTY : " + RequestedQty): null

2018-06-09 21:33:33 - [TEST_STEP][PASSED] - Statement - BatchNumber = com.kms.katalon.core.webui.keyword.WebUiBuiltInKeywords.getNumberOfTotalOption(com.kms.katalon.core.testobject.ObjectRepository.findTestObject(HealthpostToStore/Page_Store/select_--Select--BA1170BA2376B)): 4 options of object 'Object Repository/HealthpostToStore/Page_Store/select_--Select--BA1170BA2376B' counted

2018-06-09 21:33:33 - [MESSAGE][PASSED] - 4 options of object 'Object Repository/HealthpostToStore/Page_Store/select_--Select--BA1170BA2376B' counted

2018-06-09 21:33:33 - [TEST_STEP][PASSED] - Statement - For ([g = 1, g <= BatchNumber - 1, (g++)]): null

2018-06-09 21:33:33 - [TEST_STEP][PASSED] - selectOptionByIndex: All options with index in [1] are selected on object 'Object Repository/HealthpostToStore/Page_Store/select_--Select--BA1170BA2376B'

2018-06-09 21:33:33 - [MESSAGE][PASSED] - All options with index in [1] are selected on object 'Object Repository/HealthpostToStore/Page_Store/select_--Select--BA1170BA2376B'

2018-06-09 21:33:33 - [TEST_STEP][PASSED] - Statement - Try: null

2018-06-09 21:33:33 - [TEST_STEP][PASSED] - Statement - StockQty = com.kms.katalon.core.webui.keyword.WebUiBuiltInKeywords.getAttribute(com.kms.katalon.core.testobject.ObjectRepository.findTestObject(HealthpostToStore/Page_Store/input_txtprice), "value"): Attribute 'value' of object 'Object Repository/HealthpostToStore/Page_Store/input_txtprice' is: '240'

2018-06-09 21:33:33 - [MESSAGE][PASSED] - Attribute 'value' of object 'Object Repository/HealthpostToStore/Page_Store/input_txtprice' is: '240'

2018-06-09 21:33:33 - [TEST_STEP][PASSED] - Statement - out.println("Stock QTY : " + StockQty): null

2018-06-09 21:33:33 - [TEST_STEP][PASSED] - delay: Delayed 2 second(s)

2018-06-09 21:33:35 - [MESSAGE][PASSED] - Delayed 2 second(s)

2018-06-09 21:33:35 - [TEST_STEP][PASSED] - Statement - If (java.lang.String.valueOf(StockQty) >= java.lang.String.valueOf(RequestedQty)): null

2018-06-09 21:33:35 - [TEST_STEP][PASSED] - setText: Text '10' is set on object 'Object Repository/HealthpostToStore/Page_Store/input_txtqty'

2018-06-09 21:33:35 - [MESSAGE][PASSED] - Text '10' is set on object 'Object Repository/HealthpostToStore/Page_Store/input_txtqty'

2018-06-09 21:33:35 - [TEST_STEP][PASSED] - click: Object: 'Object Repository/HealthpostToStore/Page_Store/button_Add' is clicked on

2018-06-09 21:33:36 - [MESSAGE][PASSED] - Object: 'Object Repository/HealthpostToStore/Page_Store/button_Add' is clicked on

2018-06-09 21:33:36 - [TEST_STEP][PASSED] - Statement - Break: null

2018-06-09 21:33:36 - [TEST_STEP][PASSED] - selectOptionByIndex: All options with index in [19] are selected on object 'Object Repository/HealthpostToStore/Page_Store/select_--Select--Adernaline 0.'

2018-06-09 21:33:36 - [MESSAGE][PASSED] - All options with index in [19] are selected on object 'Object Repository/HealthpostToStore/Page_Store/select_--Select--Adernaline 0.'

2018-06-09 21:33:36 - [TEST_STEP][PASSED] - delay: Delayed 2 second(s)

2018-06-09 21:33:38 - [MESSAGE][PASSED] - Delayed 2 second(s)

2018-06-09 21:33:38 - [TEST_STEP][PASSED] - Statement - RequestedQty = com.kms.katalon.core.webui.keyword.WebUiBuiltInKeywords.getAttribute(com.kms.katalon.core.testobject.ObjectRepository.findTestObject(HealthpostToStore/Page_Store/input_txttotal), "value"): Attribute 'value' of object 'Object Repository/HealthpostToStore/Page_Store/input_txttotal' is: '10'

2018-06-09 21:33:38 - [MESSAGE][PASSED] - Attribute 'value' of object 'Object Repository/HealthpostToStore/Page_Store/input_txttotal' is: '10'

2018-06-09 21:33:38 - [TEST_STEP][PASSED] - Statement - out.println("Requested QTY : " + RequestedQty): null

2018-06-09 21:33:38 - [TEST_STEP][PASSED] - Statement - BatchNumber = com.kms.katalon.core.webui.keyword.WebUiBuiltInKeywords.getNumberOfTotalOption(com.kms.katalon.core.testobject.ObjectRepository.findTestObject(HealthpostToStore/Page_Store/select_--Select--BA1170BA2376B)): 4 options of object 'Object Repository/HealthpostToStore/Page_Store/select_--Select--BA1170BA2376B' counted

2018-06-09 21:33:38 - [MESSAGE][PASSED] - 4 options of object 'Object Repository/HealthpostToStore/Page_Store/select_--Select--BA1170BA2376B' counted

2018-06-09 21:33:38 - [TEST_STEP][PASSED] - Statement - For ([g = 1, g <= BatchNumber - 1, (g++)]): null

2018-06-09 21:33:38 - [TEST_STEP][PASSED] - selectOptionByIndex: All options with index in [1] are selected on object 'Object Repository/HealthpostToStore/Page_Store/select_--Select--BA1170BA2376B'

2018-06-09 21:33:38 - [MESSAGE][PASSED] - All options with index in [1] are selected on object 'Object Repository/HealthpostToStore/Page_Store/select_--Select--BA1170BA2376B'

2018-06-09 21:33:38 - [TEST_STEP][PASSED] - Statement - Try: null

2018-06-09 21:33:38 - [TEST_STEP][PASSED] - Statement - StockQty = com.kms.katalon.core.webui.keyword.WebUiBuiltInKeywords.getAttribute(com.kms.katalon.core.testobject.ObjectRepository.findTestObject(HealthpostToStore/Page_Store/input_txtprice), "value"): Attribute 'value' of object 'Object Repository/HealthpostToStore/Page_Store/input_txtprice' is: '2520'

2018-06-09 21:33:38 - [MESSAGE][PASSED] - Attribute 'value' of object 'Object Repository/HealthpostToStore/Page_Store/input_txtprice' is: '2520'

2018-06-09 21:33:38 - [TEST_STEP][PASSED] - Statement - out.println("Stock QTY : " + StockQty): null

2018-06-09 21:33:38 - [TEST_STEP][PASSED] - delay: Delayed 2 second(s)

2018-06-09 21:33:40 - [MESSAGE][PASSED] - Delayed 2 second(s)

2018-06-09 21:33:40 - [TEST_STEP][PASSED] - Statement - If (java.lang.String.valueOf(StockQty) >= java.lang.String.valueOf(RequestedQty)): null

2018-06-09 21:33:40 - [TEST_STEP][PASSED] - setText: Text '10' is set on object 'Object Repository/HealthpostToStore/Page_Store/input_txtqty'

2018-06-09 21:33:40 - [MESSAGE][PASSED] - Text '10' is set on object 'Object Repository/HealthpostToStore/Page_Store/input_txtqty'

2018-06-09 21:33:40 - [TEST_STEP][PASSED] - click: Object: 'Object Repository/HealthpostToStore/Page_Store/button_Add' is clicked on

2018-06-09 21:33:40 - [MESSAGE][PASSED] - Object: 'Object Repository/HealthpostToStore/Page_Store/button_Add' is clicked on

2018-06-09 21:33:40 - [TEST_STEP][PASSED] - Statement - Break: null

2018-06-09 21:33:40 - [TEST_STEP][PASSED] - selectOptionByIndex: All options with index in [20] are selected on object 'Object Repository/HealthpostToStore/Page_Store/select_--Select--Adernaline 0.'

2018-06-09 21:33:41 - [MESSAGE][PASSED] - All options with index in [20] are selected on object 'Object Repository/HealthpostToStore/Page_Store/select_--Select--Adernaline 0.'

2018-06-09 21:33:41 - [TEST_STEP][PASSED] - delay: Delayed 2 second(s)

2018-06-09 21:33:43 - [MESSAGE][PASSED] - Delayed 2 second(s)

2018-06-09 21:33:43 - [TEST_STEP][PASSED] - Statement - RequestedQty = com.kms.katalon.core.webui.keyword.WebUiBuiltInKeywords.getAttribute(com.kms.katalon.core.testobject.ObjectRepository.findTestObject(HealthpostToStore/Page_Store/input_txttotal), "value"): Attribute 'value' of object 'Object Repository/HealthpostToStore/Page_Store/input_txttotal' is: '10'

2018-06-09 21:33:43 - [MESSAGE][PASSED] - Attribute 'value' of object 'Object Repository/HealthpostToStore/Page_Store/input_txttotal' is: '10'

2018-06-09 21:33:43 - [TEST_STEP][PASSED] - Statement - out.println("Requested QTY : " + RequestedQty): null

2018-06-09 21:33:43 - [TEST_STEP][PASSED] - Statement - BatchNumber = com.kms.katalon.core.webui.keyword.WebUiBuiltInKeywords.getNumberOfTotalOption(com.kms.katalon.core.testobject.ObjectRepository.findTestObject(HealthpostToStore/Page_Store/select_--Select--BA1170BA2376B)): 5 options of object 'Object Repository/HealthpostToStore/Page_Store/select_--Select--BA1170BA2376B' counted

2018-06-09 21:33:43 - [MESSAGE][PASSED] - 5 options of object 'Object Repository/HealthpostToStore/Page_Store/select_--Select--BA1170BA2376B' counted

2018-06-09 21:33:43 - [TEST_STEP][PASSED] - Statement - For ([g = 1, g <= BatchNumber - 1, (g++)]): null

2018-06-09 21:33:43 - [TEST_STEP][PASSED] - selectOptionByIndex: All options with index in [1] are selected on object 'Object Repository/HealthpostToStore/Page_Store/select_--Select--BA1170BA2376B'

2018-06-09 21:33:43 - [MESSAGE][PASSED] - All options with index in [1] are selected on object 'Object Repository/HealthpostToStore/Page_Store/select_--Select--BA1170BA2376B'

2018-06-09 21:33:43 - [TEST_STEP][PASSED] - Statement - Try: null

2018-06-09 21:33:43 - [TEST_STEP][PASSED] - Statement - StockQty = com.kms.katalon.core.webui.keyword.WebUiBuiltInKeywords.getAttribute(com.kms.katalon.core.testobject.ObjectRepository.findTestObject(HealthpostToStore/Page_Store/input_txtprice), "value"): Attribute 'value' of object 'Object Repository/HealthpostToStore/Page_Store/input_txtprice' is: '280'

2018-06-09 21:33:43 - [MESSAGE][PASSED] - Attribute 'value' of object 'Object Repository/HealthpostToStore/Page_Store/input_txtprice' is: '280'

2018-06-09 21:33:43 - [TEST_STEP][PASSED] - Statement - out.println("Stock QTY : " + StockQty): null

2018-06-09 21:33:43 - [TEST_STEP][PASSED] - delay: Delayed 2 second(s)

2018-06-09 21:33:45 - [MESSAGE][PASSED] - Delayed 2 second(s)

2018-06-09 21:33:45 - [TEST_STEP][PASSED] - Statement - If (java.lang.String.valueOf(StockQty) >= java.lang.String.valueOf(RequestedQty)): null

2018-06-09 21:33:45 - [TEST_STEP][PASSED] - setText: Text '10' is set on object 'Object Repository/HealthpostToStore/Page_Store/input_txtqty'

2018-06-09 21:33:45 - [MESSAGE][PASSED] - Text '10' is set on object 'Object Repository/HealthpostToStore/Page_Store/input_txtqty'

2018-06-09 21:33:45 - [TEST_STEP][PASSED] - click: Object: 'Object Repository/HealthpostToStore/Page_Store/button_Add' is clicked on

2018-06-09 21:33:45 - [MESSAGE][PASSED] - Object: 'Object Repository/HealthpostToStore/Page_Store/button_Add' is clicked on

2018-06-09 21:33:45 - [TEST_STEP][PASSED] - Statement - Break: null

2018-06-09 21:33:45 - [TEST_STEP][PASSED] - selectOptionByIndex: All options with index in [21] are selected on object 'Object Repository/HealthpostToStore/Page_Store/select_--Select--Adernaline 0.'

2018-06-09 21:33:45 - [MESSAGE][PASSED] - All options with index in [21] are selected on object 'Object Repository/HealthpostToStore/Page_Store/select_--Select--Adernaline 0.'

2018-06-09 21:33:45 - [TEST_STEP][PASSED] - delay: Delayed 2 second(s)

2018-06-09 21:33:47 - [MESSAGE][PASSED] - Delayed 2 second(s)

2018-06-09 21:33:47 - [TEST_STEP][PASSED] - Statement - RequestedQty = com.kms.katalon.core.webui.keyword.WebUiBuiltInKeywords.getAttribute(com.kms.katalon.core.testobject.ObjectRepository.findTestObject(HealthpostToStore/Page_Store/input_txttotal), "value"): Attribute 'value' of object 'Object Repository/HealthpostToStore/Page_Store/input_txttotal' is: '10'

2018-06-09 21:33:47 - [MESSAGE][PASSED] - Attribute 'value' of object 'Object Repository/HealthpostToStore/Page_Store/input_txttotal' is: '10'

2018-06-09 21:33:47 - [TEST_STEP][PASSED] - Statement - out.println("Requested QTY : " + RequestedQty): null

2018-06-09 21:33:47 - [TEST_STEP][PASSED] - Statement - BatchNumber = com.kms.katalon.core.webui.keyword.WebUiBuiltInKeywords.getNumberOfTotalOption(com.kms.katalon.core.testobject.ObjectRepository.findTestObject(HealthpostToStore/Page_Store/select_--Select--BA1170BA2376B)): 5 options of object 'Object Repository/HealthpostToStore/Page_Store/select_--Select--BA1170BA2376B' counted

2018-06-09 21:33:47 - [MESSAGE][PASSED] - 5 options of object 'Object Repository/HealthpostToStore/Page_Store/select_--Select--BA1170BA2376B' counted

2018-06-09 21:33:47 - [TEST_STEP][PASSED] - Statement - For ([g = 1, g <= BatchNumber - 1, (g++)]): null

2018-06-09 21:33:47 - [TEST_STEP][PASSED] - selectOptionByIndex: All options with index in [1] are selected on object 'Object Repository/HealthpostToStore/Page_Store/select_--Select--BA1170BA2376B'

2018-06-09 21:33:47 - [MESSAGE][PASSED] - All options with index in [1] are selected on object 'Object Repository/HealthpostToStore/Page_Store/select_--Select--BA1170BA2376B'

2018-06-09 21:33:47 - [TEST_STEP][PASSED] - Statement - Try: null

2018-06-09 21:33:47 - [TEST_STEP][PASSED] - Statement - StockQty = com.kms.katalon.core.webui.keyword.WebUiBuiltInKeywords.getAttribute(com.kms.katalon.core.testobject.ObjectRepository.findTestObject(HealthpostToStore/Page_Store/input_txtprice), "value"): Attribute 'value' of object 'Object Repository/HealthpostToStore/Page_Store/input_txtprice' is: '240'

2018-06-09 21:33:47 - [MESSAGE][PASSED] - Attribute 'value' of object 'Object Repository/HealthpostToStore/Page_Store/input_txtprice' is: '240'

2018-06-09 21:33:47 - [TEST_STEP][PASSED] - Statement - out.println("Stock QTY : " + StockQty): null

2018-06-09 21:33:47 - [TEST_STEP][PASSED] - delay: Delayed 2 second(s)

2018-06-09 21:33:49 - [MESSAGE][PASSED] - Delayed 2 second(s)

2018-06-09 21:33:49 - [TEST_STEP][PASSED] - Statement - If (java.lang.String.valueOf(StockQty) >= java.lang.String.valueOf(RequestedQty)): null

2018-06-09 21:33:49 - [TEST_STEP][PASSED] - setText: Text '10' is set on object 'Object Repository/HealthpostToStore/Page_Store/input_txtqty'

2018-06-09 21:33:50 - [MESSAGE][PASSED] - Text '10' is set on object 'Object Repository/HealthpostToStore/Page_Store/input_txtqty'

2018-06-09 21:33:50 - [TEST_STEP][PASSED] - click: Object: 'Object Repository/HealthpostToStore/Page_Store/button_Add' is clicked on

2018-06-09 21:33:50 - [MESSAGE][PASSED] - Object: 'Object Repository/HealthpostToStore/Page_Store/button_Add' is clicked on

2018-06-09 21:33:50 - [TEST_STEP][PASSED] - Statement - Break: null

2018-06-09 21:33:50 - [TEST_STEP][PASSED] - selectOptionByIndex: All options with index in [22] are selected on object 'Object Repository/HealthpostToStore/Page_Store/select_--Select--Adernaline 0.'

2018-06-09 21:33:50 - [MESSAGE][PASSED] - All options with index in [22] are selected on object 'Object Repository/HealthpostToStore/Page_Store/select_--Select--Adernaline 0.'

2018-06-09 21:33:50 - [TEST_STEP][PASSED] - delay: Delayed 2 second(s)

2018-06-09 21:33:52 - [MESSAGE][PASSED] - Delayed 2 second(s)

2018-06-09 21:33:52 - [TEST_STEP][PASSED] - Statement - RequestedQty = com.kms.katalon.core.webui.keyword.WebUiBuiltInKeywords.getAttribute(com.kms.katalon.core.testobject.ObjectRepository.findTestObject(HealthpostToStore/Page_Store/input_txttotal), "value"): Attribute 'value' of object 'Object Repository/HealthpostToStore/Page_Store/input_txttotal' is: '10'

2018-06-09 21:33:52 - [MESSAGE][PASSED] - Attribute 'value' of object 'Object Repository/HealthpostToStore/Page_Store/input_txttotal' is: '10'

2018-06-09 21:33:52 - [TEST_STEP][PASSED] - Statement - out.println("Requested QTY : " + RequestedQty): null

2018-06-09 21:33:52 - [TEST_STEP][PASSED] - Statement - BatchNumber = com.kms.katalon.core.webui.keyword.WebUiBuiltInKeywords.getNumberOfTotalOption(com.kms.katalon.core.testobject.ObjectRepository.findTestObject(HealthpostToStore/Page_Store/select_--Select--BA1170BA2376B)): 3 options of object 'Object Repository/HealthpostToStore/Page_Store/select_--Select--BA1170BA2376B' counted

2018-06-09 21:33:52 - [MESSAGE][PASSED] - 3 options of object 'Object Repository/HealthpostToStore/Page_Store/select_--Select--BA1170BA2376B' counted

2018-06-09 21:33:52 - [TEST_STEP][PASSED] - Statement - For ([g = 1, g <= BatchNumber - 1, (g++)]): null

2018-06-09 21:33:52 - [TEST_STEP][PASSED] - selectOptionByIndex: All options with index in [1] are selected on object 'Object Repository/HealthpostToStore/Page_Store/select_--Select--BA1170BA2376B'

2018-06-09 21:33:52 - [MESSAGE][PASSED] - All options with index in [1] are selected on object 'Object Repository/HealthpostToStore/Page_Store/select_--Select--BA1170BA2376B'

2018-06-09 21:33:52 - [TEST_STEP][PASSED] - Statement - Try: null

2018-06-09 21:33:52 - [TEST_STEP][PASSED] - Statement - StockQty = com.kms.katalon.core.webui.keyword.WebUiBuiltInKeywords.getAttribute(com.kms.katalon.core.testobject.ObjectRepository.findTestObject(HealthpostToStore/Page_Store/input_txtprice), "value"): Attribute 'value' of object 'Object Repository/HealthpostToStore/Page_Store/input_txtprice' is: '1620'

2018-06-09 21:33:52 - [MESSAGE][PASSED] - Attribute 'value' of object 'Object Repository/HealthpostToStore/Page_Store/input_txtprice' is: '1620'

2018-06-09 21:33:52 - [TEST_STEP][PASSED] - Statement - out.println("Stock QTY : " + StockQty): null

2018-06-09 21:33:52 - [TEST_STEP][PASSED] - delay: Delayed 2 second(s)

2018-06-09 21:33:54 - [MESSAGE][PASSED] - Delayed 2 second(s)

2018-06-09 21:33:54 - [TEST_STEP][PASSED] - Statement - If (java.lang.String.valueOf(StockQty) >= java.lang.String.valueOf(RequestedQty)): null

2018-06-09 21:33:54 - [TEST_STEP][PASSED] - setText: Text '10' is set on object 'Object Repository/HealthpostToStore/Page_Store/input_txtqty'

2018-06-09 21:33:54 - [MESSAGE][PASSED] - Text '10' is set on object 'Object Repository/HealthpostToStore/Page_Store/input_txtqty'

2018-06-09 21:33:54 - [TEST_STEP][PASSED] - click: Object: 'Object Repository/HealthpostToStore/Page_Store/button_Add' is clicked on

2018-06-09 21:33:54 - [MESSAGE][PASSED] - Object: 'Object Repository/HealthpostToStore/Page_Store/button_Add' is clicked on

2018-06-09 21:33:54 - [TEST_STEP][PASSED] - Statement - Break: null

2018-06-09 21:33:54 - [TEST_STEP][PASSED] - selectOptionByIndex: All options with index in [23] are selected on object 'Object Repository/HealthpostToStore/Page_Store/select_--Select--Adernaline 0.'

2018-06-09 21:33:55 - [MESSAGE][PASSED] - All options with index in [23] are selected on object 'Object Repository/HealthpostToStore/Page_Store/select_--Select--Adernaline 0.'

2018-06-09 21:33:55 - [TEST_STEP][PASSED] - delay: Delayed 2 second(s)

2018-06-09 21:33:57 - [MESSAGE][PASSED] - Delayed 2 second(s)

2018-06-09 21:33:57 - [TEST_STEP][PASSED] - Statement - RequestedQty = com.kms.katalon.core.webui.keyword.WebUiBuiltInKeywords.getAttribute(com.kms.katalon.core.testobject.ObjectRepository.findTestObject(HealthpostToStore/Page_Store/input_txttotal), "value"): Attribute 'value' of object 'Object Repository/HealthpostToStore/Page_Store/input_txttotal' is: '10'

2018-06-09 21:33:57 - [MESSAGE][PASSED] - Attribute 'value' of object 'Object Repository/HealthpostToStore/Page_Store/input_txttotal' is: '10'

2018-06-09 21:33:57 - [TEST_STEP][PASSED] - Statement - out.println("Requested QTY : " + RequestedQty): null

2018-06-09 21:33:57 - [TEST_STEP][PASSED] - Statement - BatchNumber = com.kms.katalon.core.webui.keyword.WebUiBuiltInKeywords.getNumberOfTotalOption(com.kms.katalon.core.testobject.ObjectRepository.findTestObject(HealthpostToStore/Page_Store/select_--Select--BA1170BA2376B)): 3 options of object 'Object Repository/HealthpostToStore/Page_Store/select_--Select--BA1170BA2376B' counted

2018-06-09 21:33:57 - [MESSAGE][PASSED] - 3 options of object 'Object Repository/HealthpostToStore/Page_Store/select_--Select--BA1170BA2376B' counted

2018-06-09 21:33:57 - [TEST_STEP][PASSED] - Statement - For ([g = 1, g <= BatchNumber - 1, (g++)]): null

2018-06-09 21:33:57 - [TEST_STEP][PASSED] - selectOptionByIndex: All options with index in [1] are selected on object 'Object Repository/HealthpostToStore/Page_Store/select_--Select--BA1170BA2376B'

2018-06-09 21:33:57 - [MESSAGE][PASSED] - All options with index in [1] are selected on object 'Object Repository/HealthpostToStore/Page_Store/select_--Select--BA1170BA2376B'

2018-06-09 21:33:57 - [TEST_STEP][PASSED] - Statement - Try: null

2018-06-09 21:33:57 - [TEST_STEP][PASSED] - Statement - StockQty = com.kms.katalon.core.webui.keyword.WebUiBuiltInKeywords.getAttribute(com.kms.katalon.core.testobject.ObjectRepository.findTestObject(HealthpostToStore/Page_Store/input_txtprice), "value"): Attribute 'value' of object 'Object Repository/HealthpostToStore/Page_Store/input_txtprice' is: '2520'

2018-06-09 21:33:57 - [MESSAGE][PASSED] - Attribute 'value' of object 'Object Repository/HealthpostToStore/Page_Store/input_txtprice' is: '2520'

2018-06-09 21:33:57 - [TEST_STEP][PASSED] - Statement - out.println("Stock QTY : " + StockQty): null

2018-06-09 21:33:57 - [TEST_STEP][PASSED] - delay: Delayed 2 second(s)

2018-06-09 21:33:59 - [MESSAGE][PASSED] - Delayed 2 second(s)

2018-06-09 21:33:59 - [TEST_STEP][PASSED] - Statement - If (java.lang.String.valueOf(StockQty) >= java.lang.String.valueOf(RequestedQty)): null

2018-06-09 21:33:59 - [TEST_STEP][PASSED] - setText: Text '10' is set on object 'Object Repository/HealthpostToStore/Page_Store/input_txtqty'

2018-06-09 21:33:59 - [MESSAGE][PASSED] - Text '10' is set on object 'Object Repository/HealthpostToStore/Page_Store/input_txtqty'

2018-06-09 21:33:59 - [TEST_STEP][PASSED] - click: Object: 'Object Repository/HealthpostToStore/Page_Store/button_Add' is clicked on

2018-06-09 21:33:59 - [MESSAGE][PASSED] - Object: 'Object Repository/HealthpostToStore/Page_Store/button_Add' is clicked on

2018-06-09 21:33:59 - [TEST_STEP][PASSED] - Statement - Break: null

2018-06-09 21:33:59 - [TEST_STEP][PASSED] - selectOptionByIndex: All options with index in [24] are selected on object 'Object Repository/HealthpostToStore/Page_Store/select_--Select--Adernaline 0.'

2018-06-09 21:33:59 - [MESSAGE][PASSED] - All options with index in [24] are selected on object 'Object Repository/HealthpostToStore/Page_Store/select_--Select--Adernaline 0.'

2018-06-09 21:33:59 - [TEST_STEP][PASSED] - delay: Delayed 2 second(s)

2018-06-09 21:34:01 - [MESSAGE][PASSED] - Delayed 2 second(s)

2018-06-09 21:34:01 - [TEST_STEP][PASSED] - Statement - RequestedQty = com.kms.katalon.core.webui.keyword.WebUiBuiltInKeywords.getAttribute(com.kms.katalon.core.testobject.ObjectRepository.findTestObject(HealthpostToStore/Page_Store/input_txttotal), "value"): Attribute 'value' of object 'Object Repository/HealthpostToStore/Page_Store/input_txttotal' is: '10'

2018-06-09 21:34:02 - [MESSAGE][PASSED] - Attribute 'value' of object 'Object Repository/HealthpostToStore/Page_Store/input_txttotal' is: '10'

2018-06-09 21:34:02 - [TEST_STEP][PASSED] - Statement - out.println("Requested QTY : " + RequestedQty): null

2018-06-09 21:34:02 - [TEST_STEP][PASSED] - Statement - BatchNumber = com.kms.katalon.core.webui.keyword.WebUiBuiltInKeywords.getNumberOfTotalOption(com.kms.katalon.core.testobject.ObjectRepository.findTestObject(HealthpostToStore/Page_Store/select_--Select--BA1170BA2376B)): 3 options of object 'Object Repository/HealthpostToStore/Page_Store/select_--Select--BA1170BA2376B' counted

2018-06-09 21:34:02 - [MESSAGE][PASSED] - 3 options of object 'Object Repository/HealthpostToStore/Page_Store/select_--Select--BA1170BA2376B' counted

2018-06-09 21:34:02 - [TEST_STEP][PASSED] - Statement - For ([g = 1, g <= BatchNumber - 1, (g++)]): null

2018-06-09 21:34:02 - [TEST_STEP][PASSED] - selectOptionByIndex: All options with index in [1] are selected on object 'Object Repository/HealthpostToStore/Page_Store/select_--Select--BA1170BA2376B'

2018-06-09 21:34:02 - [MESSAGE][PASSED] - All options with index in [1] are selected on object 'Object Repository/HealthpostToStore/Page_Store/select_--Select--BA1170BA2376B'

2018-06-09 21:34:02 - [TEST_STEP][PASSED] - Statement - Try: null

2018-06-09 21:34:02 - [TEST_STEP][PASSED] - Statement - StockQty = com.kms.katalon.core.webui.keyword.WebUiBuiltInKeywords.getAttribute(com.kms.katalon.core.testobject.ObjectRepository.findTestObject(HealthpostToStore/Page_Store/input_txtprice), "value"): Attribute 'value' of object 'Object Repository/HealthpostToStore/Page_Store/input_txtprice' is: '1620'

2018-06-09 21:34:02 - [MESSAGE][PASSED] - Attribute 'value' of object 'Object Repository/HealthpostToStore/Page_Store/input_txtprice' is: '1620'

2018-06-09 21:34:02 - [TEST_STEP][PASSED] - Statement - out.println("Stock QTY : " + StockQty): null

2018-06-09 21:34:02 - [TEST_STEP][PASSED] - delay: Delayed 2 second(s)

2018-06-09 21:34:04 - [MESSAGE][PASSED] - Delayed 2 second(s)

2018-06-09 21:34:04 - [TEST_STEP][PASSED] - Statement - If (java.lang.String.valueOf(StockQty) >= java.lang.String.valueOf(RequestedQty)): null

2018-06-09 21:34:04 - [TEST_STEP][PASSED] - setText: Text '10' is set on object 'Object Repository/HealthpostToStore/Page_Store/input_txtqty'

2018-06-09 21:34:04 - [MESSAGE][PASSED] - Text '10' is set on object 'Object Repository/HealthpostToStore/Page_Store/input_txtqty'

2018-06-09 21:34:04 - [TEST_STEP][PASSED] - click: Object: 'Object Repository/HealthpostToStore/Page_Store/button_Add' is clicked on

2018-06-09 21:34:04 - [MESSAGE][PASSED] - Object: 'Object Repository/HealthpostToStore/Page_Store/button_Add' is clicked on

2018-06-09 21:34:04 - [TEST_STEP][PASSED] - Statement - Break: null

2018-06-09 21:34:04 - [TEST_STEP][PASSED] - selectOptionByIndex: All options with index in [25] are selected on object 'Object Repository/HealthpostToStore/Page_Store/select_--Select--Adernaline 0.'

2018-06-09 21:34:04 - [MESSAGE][PASSED] - All options with index in [25] are selected on object 'Object Repository/HealthpostToStore/Page_Store/select_--Select--Adernaline 0.'

2018-06-09 21:34:04 - [TEST_STEP][PASSED] - delay: Delayed 2 second(s)

2018-06-09 21:34:06 - [MESSAGE][PASSED] - Delayed 2 second(s)

2018-06-09 21:34:06 - [TEST_STEP][PASSED] - Statement - RequestedQty = com.kms.katalon.core.webui.keyword.WebUiBuiltInKeywords.getAttribute(com.kms.katalon.core.testobject.ObjectRepository.findTestObject(HealthpostToStore/Page_Store/input_txttotal), "value"): Attribute 'value' of object 'Object Repository/HealthpostToStore/Page_Store/input_txttotal' is: '10'

2018-06-09 21:34:06 - [MESSAGE][PASSED] - Attribute 'value' of object 'Object Repository/HealthpostToStore/Page_Store/input_txttotal' is: '10'

2018-06-09 21:34:06 - [TEST_STEP][PASSED] - Statement - out.println("Requested QTY : " + RequestedQty): null

2018-06-09 21:34:06 - [TEST_STEP][PASSED] - Statement - BatchNumber = com.kms.katalon.core.webui.keyword.WebUiBuiltInKeywords.getNumberOfTotalOption(com.kms.katalon.core.testobject.ObjectRepository.findTestObject(HealthpostToStore/Page_Store/select_--Select--BA1170BA2376B)): 4 options of object 'Object Repository/HealthpostToStore/Page_Store/select_--Select--BA1170BA2376B' counted

2018-06-09 21:34:06 - [MESSAGE][PASSED] - 4 options of object 'Object Repository/HealthpostToStore/Page_Store/select_--Select--BA1170BA2376B' counted

2018-06-09 21:34:06 - [TEST_STEP][PASSED] - Statement - For ([g = 1, g <= BatchNumber - 1, (g++)]): null

2018-06-09 21:34:06 - [TEST_STEP][PASSED] - selectOptionByIndex: All options with index in [1] are selected on object 'Object Repository/HealthpostToStore/Page_Store/select_--Select--BA1170BA2376B'

2018-06-09 21:34:06 - [MESSAGE][PASSED] - All options with index in [1] are selected on object 'Object Repository/HealthpostToStore/Page_Store/select_--Select--BA1170BA2376B'

2018-06-09 21:34:06 - [TEST_STEP][PASSED] - Statement - Try: null

2018-06-09 21:34:06 - [TEST_STEP][PASSED] - Statement - StockQty = com.kms.katalon.core.webui.keyword.WebUiBuiltInKeywords.getAttribute(com.kms.katalon.core.testobject.ObjectRepository.findTestObject(HealthpostToStore/Page_Store/input_txtprice), "value"): Attribute 'value' of object 'Object Repository/HealthpostToStore/Page_Store/input_txtprice' is: '580'

2018-06-09 21:34:06 - [MESSAGE][PASSED] - Attribute 'value' of object 'Object Repository/HealthpostToStore/Page_Store/input_txtprice' is: '580'

2018-06-09 21:34:06 - [TEST_STEP][PASSED] - Statement - out.println("Stock QTY : " + StockQty): null

2018-06-09 21:34:06 - [TEST_STEP][PASSED] - delay: Delayed 2 second(s)

2018-06-09 21:34:08 - [MESSAGE][PASSED] - Delayed 2 second(s)

2018-06-09 21:34:08 - [TEST_STEP][PASSED] - Statement - If (java.lang.String.valueOf(StockQty) >= java.lang.String.valueOf(RequestedQty)): null

2018-06-09 21:34:08 - [TEST_STEP][PASSED] - setText: Text '10' is set on object 'Object Repository/HealthpostToStore/Page_Store/input_txtqty'

2018-06-09 21:34:09 - [MESSAGE][PASSED] - Text '10' is set on object 'Object Repository/HealthpostToStore/Page_Store/input_txtqty'

2018-06-09 21:34:09 - [TEST_STEP][PASSED] - click: Object: 'Object Repository/HealthpostToStore/Page_Store/button_Add' is clicked on

2018-06-09 21:34:09 - [MESSAGE][PASSED] - Object: 'Object Repository/HealthpostToStore/Page_Store/button_Add' is clicked on

2018-06-09 21:34:09 - [TEST_STEP][PASSED] - Statement - Break: null

2018-06-09 21:34:09 - [TEST_STEP][PASSED] - selectOptionByIndex: All options with index in [26] are selected on object 'Object Repository/HealthpostToStore/Page_Store/select_--Select--Adernaline 0.'

2018-06-09 21:34:09 - [MESSAGE][PASSED] - All options with index in [26] are selected on object 'Object Repository/HealthpostToStore/Page_Store/select_--Select--Adernaline 0.'

2018-06-09 21:34:09 - [TEST_STEP][PASSED] - delay: Delayed 2 second(s)

2018-06-09 21:34:11 - [MESSAGE][PASSED] - Delayed 2 second(s)

2018-06-09 21:34:11 - [TEST_STEP][PASSED] - Statement - RequestedQty = com.kms.katalon.core.webui.keyword.WebUiBuiltInKeywords.getAttribute(com.kms.katalon.core.testobject.ObjectRepository.findTestObject(HealthpostToStore/Page_Store/input_txttotal), "value"): Attribute 'value' of object 'Object Repository/HealthpostToStore/Page_Store/input_txttotal' is: '10'

2018-06-09 21:34:11 - [MESSAGE][PASSED] - Attribute 'value' of object 'Object Repository/HealthpostToStore/Page_Store/input_txttotal' is: '10'

2018-06-09 21:34:11 - [TEST_STEP][PASSED] - Statement - out.println("Requested QTY : " + RequestedQty): null

2018-06-09 21:34:11 - [TEST_STEP][PASSED] - Statement - BatchNumber = com.kms.katalon.core.webui.keyword.WebUiBuiltInKeywords.getNumberOfTotalOption(com.kms.katalon.core.testobject.ObjectRepository.findTestObject(HealthpostToStore/Page_Store/select_--Select--BA1170BA2376B)): 4 options of object 'Object Repository/HealthpostToStore/Page_Store/select_--Select--BA1170BA2376B' counted

2018-06-09 21:34:11 - [MESSAGE][PASSED] - 4 options of object 'Object Repository/HealthpostToStore/Page_Store/select_--Select--BA1170BA2376B' counted

2018-06-09 21:34:11 - [TEST_STEP][PASSED] - Statement - For ([g = 1, g <= BatchNumber - 1, (g++)]): null

2018-06-09 21:34:11 - [TEST_STEP][PASSED] - selectOptionByIndex: All options with index in [1] are selected on object 'Object Repository/HealthpostToStore/Page_Store/select_--Select--BA1170BA2376B'

2018-06-09 21:34:11 - [MESSAGE][PASSED] - All options with index in [1] are selected on object 'Object Repository/HealthpostToStore/Page_Store/select_--Select--BA1170BA2376B'

2018-06-09 21:34:11 - [TEST_STEP][PASSED] - Statement - Try: null

2018-06-09 21:34:11 - [TEST_STEP][PASSED] - Statement - StockQty = com.kms.katalon.core.webui.keyword.WebUiBuiltInKeywords.getAttribute(com.kms.katalon.core.testobject.ObjectRepository.findTestObject(HealthpostToStore/Page_Store/input_txtprice), "value"): Attribute 'value' of object 'Object Repository/HealthpostToStore/Page_Store/input_txtprice' is: '240'

2018-06-09 21:34:11 - [MESSAGE][PASSED] - Attribute 'value' of object 'Object Repository/HealthpostToStore/Page_Store/input_txtprice' is: '240'

2018-06-09 21:34:11 - [TEST_STEP][PASSED] - Statement - out.println("Stock QTY : " + StockQty): null

2018-06-09 21:34:11 - [TEST_STEP][PASSED] - delay: Delayed 2 second(s)

2018-06-09 21:34:13 - [MESSAGE][PASSED] - Delayed 2 second(s)

2018-06-09 21:34:13 - [TEST_STEP][PASSED] - Statement - If (java.lang.String.valueOf(StockQty) >= java.lang.String.valueOf(RequestedQty)): null

2018-06-09 21:34:13 - [TEST_STEP][PASSED] - setText: Text '10' is set on object 'Object Repository/HealthpostToStore/Page_Store/input_txtqty'

2018-06-09 21:34:13 - [MESSAGE][PASSED] - Text '10' is set on object 'Object Repository/HealthpostToStore/Page_Store/input_txtqty'

2018-06-09 21:34:13 - [TEST_STEP][PASSED] - click: Object: 'Object Repository/HealthpostToStore/Page_Store/button_Add' is clicked on

2018-06-09 21:34:14 - [MESSAGE][PASSED] - Object: 'Object Repository/HealthpostToStore/Page_Store/button_Add' is clicked on

2018-06-09 21:34:14 - [TEST_STEP][PASSED] - Statement - Break: null

2018-06-09 21:34:14 - [TEST_STEP][PASSED] - selectOptionByIndex: All options with index in [27] are selected on object 'Object Repository/HealthpostToStore/Page_Store/select_--Select--Adernaline 0.'

2018-06-09 21:34:14 - [MESSAGE][PASSED] - All options with index in [27] are selected on object 'Object Repository/HealthpostToStore/Page_Store/select_--Select--Adernaline 0.'

2018-06-09 21:34:14 - [TEST_STEP][PASSED] - delay: Delayed 2 second(s)

2018-06-09 21:34:16 - [MESSAGE][PASSED] - Delayed 2 second(s)

2018-06-09 21:34:16 - [TEST_STEP][PASSED] - Statement - RequestedQty = com.kms.katalon.core.webui.keyword.WebUiBuiltInKeywords.getAttribute(com.kms.katalon.core.testobject.ObjectRepository.findTestObject(HealthpostToStore/Page_Store/input_txttotal), "value"): Attribute 'value' of object 'Object Repository/HealthpostToStore/Page_Store/input_txttotal' is: '10'

2018-06-09 21:34:16 - [MESSAGE][PASSED] - Attribute 'value' of object 'Object Repository/HealthpostToStore/Page_Store/input_txttotal' is: '10'

2018-06-09 21:34:16 - [TEST_STEP][PASSED] - Statement - out.println("Requested QTY : " + RequestedQty): null

2018-06-09 21:34:16 - [TEST_STEP][PASSED] - Statement - BatchNumber = com.kms.katalon.core.webui.keyword.WebUiBuiltInKeywords.getNumberOfTotalOption(com.kms.katalon.core.testobject.ObjectRepository.findTestObject(HealthpostToStore/Page_Store/select_--Select--BA1170BA2376B)): 4 options of object 'Object Repository/HealthpostToStore/Page_Store/select_--Select--BA1170BA2376B' counted

2018-06-09 21:34:16 - [MESSAGE][PASSED] - 4 options of object 'Object Repository/HealthpostToStore/Page_Store/select_--Select--BA1170BA2376B' counted

2018-06-09 21:34:16 - [TEST_STEP][PASSED] - Statement - For ([g = 1, g <= BatchNumber - 1, (g++)]): null

2018-06-09 21:34:16 - [TEST_STEP][PASSED] - selectOptionByIndex: All options with index in [1] are selected on object 'Object Repository/HealthpostToStore/Page_Store/select_--Select--BA1170BA2376B'

2018-06-09 21:34:16 - [MESSAGE][PASSED] - All options with index in [1] are selected on object 'Object Repository/HealthpostToStore/Page_Store/select_--Select--BA1170BA2376B'

2018-06-09 21:34:16 - [TEST_STEP][PASSED] - Statement - Try: null

2018-06-09 21:34:16 - [TEST_STEP][PASSED] - Statement - StockQty = com.kms.katalon.core.webui.keyword.WebUiBuiltInKeywords.getAttribute(com.kms.katalon.core.testobject.ObjectRepository.findTestObject(HealthpostToStore/Page_Store/input_txtprice), "value"): Attribute 'value' of object 'Object Repository/HealthpostToStore/Page_Store/input_txtprice' is: '240'

2018-06-09 21:34:16 - [MESSAGE][PASSED] - Attribute 'value' of object 'Object Repository/HealthpostToStore/Page_Store/input_txtprice' is: '240'

2018-06-09 21:34:16 - [TEST_STEP][PASSED] - Statement - out.println("Stock QTY : " + StockQty): null

2018-06-09 21:34:16 - [TEST_STEP][PASSED] - delay: Delayed 2 second(s)

2018-06-09 21:34:18 - [MESSAGE][PASSED] - Delayed 2 second(s)

2018-06-09 21:34:18 - [TEST_STEP][PASSED] - Statement - If (java.lang.String.valueOf(StockQty) >= java.lang.String.valueOf(RequestedQty)): null

2018-06-09 21:34:18 - [TEST_STEP][PASSED] - setText: Text '10' is set on object 'Object Repository/HealthpostToStore/Page_Store/input_txtqty'

2018-06-09 21:34:18 - [MESSAGE][PASSED] - Text '10' is set on object 'Object Repository/HealthpostToStore/Page_Store/input_txtqty'

2018-06-09 21:34:18 - [TEST_STEP][PASSED] - click: Object: 'Object Repository/HealthpostToStore/Page_Store/button_Add' is clicked on

2018-06-09 21:34:18 - [MESSAGE][PASSED] - Object: 'Object Repository/HealthpostToStore/Page_Store/button_Add' is clicked on

2018-06-09 21:34:18 - [TEST_STEP][PASSED] - Statement - Break: null

2018-06-09 21:34:18 - [TEST_STEP][PASSED] - selectOptionByIndex: All options with index in [28] are selected on object 'Object Repository/HealthpostToStore/Page_Store/select_--Select--Adernaline 0.'

2018-06-09 21:34:19 - [MESSAGE][PASSED] - All options with index in [28] are selected on object 'Object Repository/HealthpostToStore/Page_Store/select_--Select--Adernaline 0.'

2018-06-09 21:34:19 - [TEST_STEP][PASSED] - delay: Delayed 2 second(s)

2018-06-09 21:34:21 - [MESSAGE][PASSED] - Delayed 2 second(s)

2018-06-09 21:34:21 - [TEST_STEP][PASSED] - Statement - RequestedQty = com.kms.katalon.core.webui.keyword.WebUiBuiltInKeywords.getAttribute(com.kms.katalon.core.testobject.ObjectRepository.findTestObject(HealthpostToStore/Page_Store/input_txttotal), "value"): Attribute 'value' of object 'Object Repository/HealthpostToStore/Page_Store/input_txttotal' is: '10'

2018-06-09 21:34:21 - [MESSAGE][PASSED] - Attribute 'value' of object 'Object Repository/HealthpostToStore/Page_Store/input_txttotal' is: '10'

2018-06-09 21:34:21 - [TEST_STEP][PASSED] - Statement - out.println("Requested QTY : " + RequestedQty): null

2018-06-09 21:34:21 - [TEST_STEP][PASSED] - Statement - BatchNumber = com.kms.katalon.core.webui.keyword.WebUiBuiltInKeywords.getNumberOfTotalOption(com.kms.katalon.core.testobject.ObjectRepository.findTestObject(HealthpostToStore/Page_Store/select_--Select--BA1170BA2376B)): 4 options of object 'Object Repository/HealthpostToStore/Page_Store/select_--Select--BA1170BA2376B' counted

2018-06-09 21:34:21 - [MESSAGE][PASSED] - 4 options of object 'Object Repository/HealthpostToStore/Page_Store/select_--Select--BA1170BA2376B' counted

2018-06-09 21:34:21 - [TEST_STEP][PASSED] - Statement - For ([g = 1, g <= BatchNumber - 1, (g++)]): null

2018-06-09 21:34:21 - [TEST_STEP][PASSED] - selectOptionByIndex: All options with index in [1] are selected on object 'Object Repository/HealthpostToStore/Page_Store/select_--Select--BA1170BA2376B'

2018-06-09 21:34:21 - [MESSAGE][PASSED] - All options with index in [1] are selected on object 'Object Repository/HealthpostToStore/Page_Store/select_--Select--BA1170BA2376B'

2018-06-09 21:34:21 - [TEST_STEP][PASSED] - Statement - Try: null

2018-06-09 21:34:21 - [TEST_STEP][PASSED] - Statement - StockQty = com.kms.katalon.core.webui.keyword.WebUiBuiltInKeywords.getAttribute(com.kms.katalon.core.testobject.ObjectRepository.findTestObject(HealthpostToStore/Page_Store/input_txtprice), "value"): Attribute 'value' of object 'Object Repository/HealthpostToStore/Page_Store/input_txtprice' is: '580'

2018-06-09 21:34:21 - [MESSAGE][PASSED] - Attribute 'value' of object 'Object Repository/HealthpostToStore/Page_Store/input_txtprice' is: '580'

2018-06-09 21:34:21 - [TEST_STEP][PASSED] - Statement - out.println("Stock QTY : " + StockQty): null

2018-06-09 21:34:21 - [TEST_STEP][PASSED] - delay: Delayed 2 second(s)

2018-06-09 21:34:23 - [MESSAGE][PASSED] - Delayed 2 second(s)

2018-06-09 21:34:23 - [TEST_STEP][PASSED] - Statement - If (java.lang.String.valueOf(StockQty) >= java.lang.String.valueOf(RequestedQty)): null

2018-06-09 21:34:23 - [TEST_STEP][PASSED] - setText: Text '10' is set on object 'Object Repository/HealthpostToStore/Page_Store/input_txtqty'

2018-06-09 21:34:23 - [MESSAGE][PASSED] - Text '10' is set on object 'Object Repository/HealthpostToStore/Page_Store/input_txtqty'

2018-06-09 21:34:23 - [TEST_STEP][PASSED] - click: Object: 'Object Repository/HealthpostToStore/Page_Store/button_Add' is clicked on

2018-06-09 21:34:23 - [MESSAGE][PASSED] - Object: 'Object Repository/HealthpostToStore/Page_Store/button_Add' is clicked on

2018-06-09 21:34:23 - [TEST_STEP][PASSED] - Statement - Break: null

2018-06-09 21:34:23 - [TEST_STEP][PASSED] - selectOptionByIndex: All options with index in [29] are selected on object 'Object Repository/HealthpostToStore/Page_Store/select_--Select--Adernaline 0.'

2018-06-09 21:34:23 - [MESSAGE][PASSED] - All options with index in [29] are selected on object 'Object Repository/HealthpostToStore/Page_Store/select_--Select--Adernaline 0.'

2018-06-09 21:34:23 - [TEST_STEP][PASSED] - delay: Delayed 2 second(s)

2018-06-09 21:34:25 - [MESSAGE][PASSED] - Delayed 2 second(s)

2018-06-09 21:34:25 - [TEST_STEP][PASSED] - Statement - RequestedQty = com.kms.katalon.core.webui.keyword.WebUiBuiltInKeywords.getAttribute(com.kms.katalon.core.testobject.ObjectRepository.findTestObject(HealthpostToStore/Page_Store/input_txttotal), "value"): Attribute 'value' of object 'Object Repository/HealthpostToStore/Page_Store/input_txttotal' is: '10'

2018-06-09 21:34:26 - [MESSAGE][PASSED] - Attribute 'value' of object 'Object Repository/HealthpostToStore/Page_Store/input_txttotal' is: '10'

2018-06-09 21:34:26 - [TEST_STEP][PASSED] - Statement - out.println("Requested QTY : " + RequestedQty): null

2018-06-09 21:34:26 - [TEST_STEP][PASSED] - Statement - BatchNumber = com.kms.katalon.core.webui.keyword.WebUiBuiltInKeywords.getNumberOfTotalOption(com.kms.katalon.core.testobject.ObjectRepository.findTestObject(HealthpostToStore/Page_Store/select_--Select--BA1170BA2376B)): 3 options of object 'Object Repository/HealthpostToStore/Page_Store/select_--Select--BA1170BA2376B' counted

2018-06-09 21:34:26 - [MESSAGE][PASSED] - 3 options of object 'Object Repository/HealthpostToStore/Page_Store/select_--Select--BA1170BA2376B' counted

2018-06-09 21:34:26 - [TEST_STEP][PASSED] - Statement - For ([g = 1, g <= BatchNumber - 1, (g++)]): null

2018-06-09 21:34:26 - [TEST_STEP][PASSED] - selectOptionByIndex: All options with index in [1] are selected on object 'Object Repository/HealthpostToStore/Page_Store/select_--Select--BA1170BA2376B'

2018-06-09 21:34:26 - [MESSAGE][PASSED] - All options with index in [1] are selected on object 'Object Repository/HealthpostToStore/Page_Store/select_--Select--BA1170BA2376B'

2018-06-09 21:34:26 - [TEST_STEP][PASSED] - Statement - Try: null

2018-06-09 21:34:26 - [TEST_STEP][PASSED] - Statement - StockQty = com.kms.katalon.core.webui.keyword.WebUiBuiltInKeywords.getAttribute(com.kms.katalon.core.testobject.ObjectRepository.findTestObject(HealthpostToStore/Page_Store/input_txtprice), "value"): Attribute 'value' of object 'Object Repository/HealthpostToStore/Page_Store/input_txtprice' is: '1620'

2018-06-09 21:34:26 - [MESSAGE][PASSED] - Attribute 'value' of object 'Object Repository/HealthpostToStore/Page_Store/input_txtprice' is: '1620'

2018-06-09 21:34:26 - [TEST_STEP][PASSED] - Statement - out.println("Stock QTY : " + StockQty): null

2018-06-09 21:34:26 - [TEST_STEP][PASSED] - delay: Delayed 2 second(s)

2018-06-09 21:34:28 - [MESSAGE][PASSED] - Delayed 2 second(s)

2018-06-09 21:34:28 - [TEST_STEP][PASSED] - Statement - If (java.lang.String.valueOf(StockQty) >= java.lang.String.valueOf(RequestedQty)): null

2018-06-09 21:34:28 - [TEST_STEP][PASSED] - setText: Text '10' is set on object 'Object Repository/HealthpostToStore/Page_Store/input_txtqty'

2018-06-09 21:34:28 - [MESSAGE][PASSED] - Text '10' is set on object 'Object Repository/HealthpostToStore/Page_Store/input_txtqty'

2018-06-09 21:34:28 - [TEST_STEP][PASSED] - click: Object: 'Object Repository/HealthpostToStore/Page_Store/button_Add' is clicked on

2018-06-09 21:34:28 - [MESSAGE][PASSED] - Object: 'Object Repository/HealthpostToStore/Page_Store/button_Add' is clicked on

2018-06-09 21:34:28 - [TEST_STEP][PASSED] - Statement - Break: null

2018-06-09 21:34:28 - [TEST_STEP][PASSED] - selectOptionByIndex: All options with index in [30] are selected on object 'Object Repository/HealthpostToStore/Page_Store/select_--Select--Adernaline 0.'

2018-06-09 21:34:28 - [MESSAGE][PASSED] - All options with index in [30] are selected on object 'Object Repository/HealthpostToStore/Page_Store/select_--Select--Adernaline 0.'

2018-06-09 21:34:28 - [TEST_STEP][PASSED] - delay: Delayed 2 second(s)

2018-06-09 21:34:30 - [MESSAGE][PASSED] - Delayed 2 second(s)

2018-06-09 21:34:30 - [TEST_STEP][PASSED] - Statement - RequestedQty = com.kms.katalon.core.webui.keyword.WebUiBuiltInKeywords.getAttribute(com.kms.katalon.core.testobject.ObjectRepository.findTestObject(HealthpostToStore/Page_Store/input_txttotal), "value"): Attribute 'value' of object 'Object Repository/HealthpostToStore/Page_Store/input_txttotal' is: '10'

2018-06-09 21:34:30 - [MESSAGE][PASSED] - Attribute 'value' of object 'Object Repository/HealthpostToStore/Page_Store/input_txttotal' is: '10'

2018-06-09 21:34:30 - [TEST_STEP][PASSED] - Statement - out.println("Requested QTY : " + RequestedQty): null

2018-06-09 21:34:30 - [TEST_STEP][PASSED] - Statement - BatchNumber = com.kms.katalon.core.webui.keyword.WebUiBuiltInKeywords.getNumberOfTotalOption(com.kms.katalon.core.testobject.ObjectRepository.findTestObject(HealthpostToStore/Page_Store/select_--Select--BA1170BA2376B)): 3 options of object 'Object Repository/HealthpostToStore/Page_Store/select_--Select--BA1170BA2376B' counted

2018-06-09 21:34:30 - [MESSAGE][PASSED] - 3 options of object 'Object Repository/HealthpostToStore/Page_Store/select_--Select--BA1170BA2376B' counted

2018-06-09 21:34:30 - [TEST_STEP][PASSED] - Statement - For ([g = 1, g <= BatchNumber - 1, (g++)]): null

2018-06-09 21:34:30 - [TEST_STEP][PASSED] - selectOptionByIndex: All options with index in [1] are selected on object 'Object Repository/HealthpostToStore/Page_Store/select_--Select--BA1170BA2376B'

2018-06-09 21:34:30 - [MESSAGE][PASSED] - All options with index in [1] are selected on object 'Object Repository/HealthpostToStore/Page_Store/select_--Select--BA1170BA2376B'

2018-06-09 21:34:30 - [TEST_STEP][PASSED] - Statement - Try: null

2018-06-09 21:34:30 - [TEST_STEP][PASSED] - Statement - StockQty = com.kms.katalon.core.webui.keyword.WebUiBuiltInKeywords.getAttribute(com.kms.katalon.core.testobject.ObjectRepository.findTestObject(HealthpostToStore/Page_Store/input_txtprice), "value"): Attribute 'value' of object 'Object Repository/HealthpostToStore/Page_Store/input_txtprice' is: '1620'

2018-06-09 21:34:30 - [MESSAGE][PASSED] - Attribute 'value' of object 'Object Repository/HealthpostToStore/Page_Store/input_txtprice' is: '1620'

2018-06-09 21:34:30 - [TEST_STEP][PASSED] - Statement - out.println("Stock QTY : " + StockQty): null

2018-06-09 21:34:30 - [TEST_STEP][PASSED] - delay: Delayed 2 second(s)

2018-06-09 21:34:33 - [MESSAGE][PASSED] - Delayed 2 second(s)

2018-06-09 21:34:33 - [TEST_STEP][PASSED] - Statement - If (java.lang.String.valueOf(StockQty) >= java.lang.String.valueOf(RequestedQty)): null

2018-06-09 21:34:33 - [TEST_STEP][PASSED] - setText: Text '10' is set on object 'Object Repository/HealthpostToStore/Page_Store/input_txtqty'

2018-06-09 21:34:33 - [MESSAGE][PASSED] - Text '10' is set on object 'Object Repository/HealthpostToStore/Page_Store/input_txtqty'

2018-06-09 21:34:33 - [TEST_STEP][PASSED] - click: Object: 'Object Repository/HealthpostToStore/Page_Store/button_Add' is clicked on

2018-06-09 21:34:33 - [MESSAGE][PASSED] - Object: 'Object Repository/HealthpostToStore/Page_Store/button_Add' is clicked on

2018-06-09 21:34:33 - [TEST_STEP][PASSED] - Statement - Break: null

2018-06-09 21:34:33 - [TEST_STEP][PASSED] - selectOptionByIndex: All options with index in [31] are selected on object 'Object Repository/HealthpostToStore/Page_Store/select_--Select--Adernaline 0.'

2018-06-09 21:34:33 - [MESSAGE][PASSED] - All options with index in [31] are selected on object 'Object Repository/HealthpostToStore/Page_Store/select_--Select--Adernaline 0.'

2018-06-09 21:34:33 - [TEST_STEP][PASSED] - delay: Delayed 2 second(s)

2018-06-09 21:34:35 - [MESSAGE][PASSED] - Delayed 2 second(s)

2018-06-09 21:34:35 - [TEST_STEP][PASSED] - Statement - RequestedQty = com.kms.katalon.core.webui.keyword.WebUiBuiltInKeywords.getAttribute(com.kms.katalon.core.testobject.ObjectRepository.findTestObject(HealthpostToStore/Page_Store/input_txttotal), "value"): Attribute 'value' of object 'Object Repository/HealthpostToStore/Page_Store/input_txttotal' is: '10'

2018-06-09 21:34:35 - [MESSAGE][PASSED] - Attribute 'value' of object 'Object Repository/HealthpostToStore/Page_Store/input_txttotal' is: '10'

2018-06-09 21:34:35 - [TEST_STEP][PASSED] - Statement - out.println("Requested QTY : " + RequestedQty): null

2018-06-09 21:34:35 - [TEST_STEP][PASSED] - Statement - BatchNumber = com.kms.katalon.core.webui.keyword.WebUiBuiltInKeywords.getNumberOfTotalOption(com.kms.katalon.core.testobject.ObjectRepository.findTestObject(HealthpostToStore/Page_Store/select_--Select--BA1170BA2376B)): 5 options of object 'Object Repository/HealthpostToStore/Page_Store/select_--Select--BA1170BA2376B' counted

2018-06-09 21:34:35 - [MESSAGE][PASSED] - 5 options of object 'Object Repository/HealthpostToStore/Page_Store/select_--Select--BA1170BA2376B' counted

2018-06-09 21:34:35 - [TEST_STEP][PASSED] - Statement - For ([g = 1, g <= BatchNumber - 1, (g++)]): null

2018-06-09 21:34:35 - [TEST_STEP][PASSED] - selectOptionByIndex: All options with index in [1] are selected on object 'Object Repository/HealthpostToStore/Page_Store/select_--Select--BA1170BA2376B'

2018-06-09 21:34:35 - [MESSAGE][PASSED] - All options with index in [1] are selected on object 'Object Repository/HealthpostToStore/Page_Store/select_--Select--BA1170BA2376B'

2018-06-09 21:34:35 - [TEST_STEP][PASSED] - Statement - Try: null

2018-06-09 21:34:35 - [TEST_STEP][PASSED] - Statement - StockQty = com.kms.katalon.core.webui.keyword.WebUiBuiltInKeywords.getAttribute(com.kms.katalon.core.testobject.ObjectRepository.findTestObject(HealthpostToStore/Page_Store/input_txtprice), "value"): Attribute 'value' of object 'Object Repository/HealthpostToStore/Page_Store/input_txtprice' is: '240'

2018-06-09 21:34:35 - [MESSAGE][PASSED] - Attribute 'value' of object 'Object Repository/HealthpostToStore/Page_Store/input_txtprice' is: '240'

2018-06-09 21:34:35 - [TEST_STEP][PASSED] - Statement - out.println("Stock QTY : " + StockQty): null

2018-06-09 21:34:35 - [TEST_STEP][PASSED] - delay: Delayed 2 second(s)

2018-06-09 21:34:37 - [MESSAGE][PASSED] - Delayed 2 second(s)

2018-06-09 21:34:37 - [TEST_STEP][PASSED] - Statement - If (java.lang.String.valueOf(StockQty) >= java.lang.String.valueOf(RequestedQty)): null

2018-06-09 21:34:37 - [TEST_STEP][PASSED] - setText: Text '10' is set on object 'Object Repository/HealthpostToStore/Page_Store/input_txtqty'

2018-06-09 21:34:37 - [MESSAGE][PASSED] - Text '10' is set on object 'Object Repository/HealthpostToStore/Page_Store/input_txtqty'

2018-06-09 21:34:37 - [TEST_STEP][PASSED] - click: Object: 'Object Repository/HealthpostToStore/Page_Store/button_Add' is clicked on

2018-06-09 21:34:37 - [MESSAGE][PASSED] - Object: 'Object Repository/HealthpostToStore/Page_Store/button_Add' is clicked on

2018-06-09 21:34:37 - [TEST_STEP][PASSED] - Statement - Break: null

2018-06-09 21:34:37 - [TEST_STEP][PASSED] - selectOptionByIndex: All options with index in [32] are selected on object 'Object Repository/HealthpostToStore/Page_Store/select_--Select--Adernaline 0.'

2018-06-09 21:34:38 - [MESSAGE][PASSED] - All options with index in [32] are selected on object 'Object Repository/HealthpostToStore/Page_Store/select_--Select--Adernaline 0.'

2018-06-09 21:34:38 - [TEST_STEP][PASSED] - delay: Delayed 2 second(s)

2018-06-09 21:34:40 - [MESSAGE][PASSED] - Delayed 2 second(s)

2018-06-09 21:34:40 - [TEST_STEP][PASSED] - Statement - RequestedQty = com.kms.katalon.core.webui.keyword.WebUiBuiltInKeywords.getAttribute(com.kms.katalon.core.testobject.ObjectRepository.findTestObject(HealthpostToStore/Page_Store/input_txttotal), "value"): Attribute 'value' of object 'Object Repository/HealthpostToStore/Page_Store/input_txttotal' is: '10'

2018-06-09 21:34:40 - [MESSAGE][PASSED] - Attribute 'value' of object 'Object Repository/HealthpostToStore/Page_Store/input_txttotal' is: '10'

2018-06-09 21:34:40 - [TEST_STEP][PASSED] - Statement - out.println("Requested QTY : " + RequestedQty): null

2018-06-09 21:34:40 - [TEST_STEP][PASSED] - Statement - BatchNumber = com.kms.katalon.core.webui.keyword.WebUiBuiltInKeywords.getNumberOfTotalOption(com.kms.katalon.core.testobject.ObjectRepository.findTestObject(HealthpostToStore/Page_Store/select_--Select--BA1170BA2376B)): 5 options of object 'Object Repository/HealthpostToStore/Page_Store/select_--Select--BA1170BA2376B' counted

2018-06-09 21:34:40 - [MESSAGE][PASSED] - 5 options of object 'Object Repository/HealthpostToStore/Page_Store/select_--Select--BA1170BA2376B' counted

2018-06-09 21:34:40 - [TEST_STEP][PASSED] - Statement - For ([g = 1, g <= BatchNumber - 1, (g++)]): null

2018-06-09 21:34:40 - [TEST_STEP][PASSED] - selectOptionByIndex: All options with index in [1] are selected on object 'Object Repository/HealthpostToStore/Page_Store/select_--Select--BA1170BA2376B'

2018-06-09 21:34:40 - [MESSAGE][PASSED] - All options with index in [1] are selected on object 'Object Repository/HealthpostToStore/Page_Store/select_--Select--BA1170BA2376B'

2018-06-09 21:34:40 - [TEST_STEP][PASSED] - Statement - Try: null

2018-06-09 21:34:40 - [TEST_STEP][PASSED] - Statement - StockQty = com.kms.katalon.core.webui.keyword.WebUiBuiltInKeywords.getAttribute(com.kms.katalon.core.testobject.ObjectRepository.findTestObject(HealthpostToStore/Page_Store/input_txtprice), "value"): Attribute 'value' of object 'Object Repository/HealthpostToStore/Page_Store/input_txtprice' is: '240'

2018-06-09 21:34:40 - [MESSAGE][PASSED] - Attribute 'value' of object 'Object Repository/HealthpostToStore/Page_Store/input_txtprice' is: '240'

2018-06-09 21:34:40 - [TEST_STEP][PASSED] - Statement - out.println("Stock QTY : " + StockQty): null

2018-06-09 21:34:40 - [TEST_STEP][PASSED] - delay: Delayed 2 second(s)

2018-06-09 21:34:42 - [MESSAGE][PASSED] - Delayed 2 second(s)

2018-06-09 21:34:42 - [TEST_STEP][PASSED] - Statement - If (java.lang.String.valueOf(StockQty) >= java.lang.String.valueOf(RequestedQty)): null

2018-06-09 21:34:42 - [TEST_STEP][PASSED] - setText: Text '10' is set on object 'Object Repository/HealthpostToStore/Page_Store/input_txtqty'

2018-06-09 21:34:42 - [MESSAGE][PASSED] - Text '10' is set on object 'Object Repository/HealthpostToStore/Page_Store/input_txtqty'

2018-06-09 21:34:42 - [TEST_STEP][PASSED] - click: Object: 'Object Repository/HealthpostToStore/Page_Store/button_Add' is clicked on

2018-06-09 21:34:42 - [MESSAGE][PASSED] - Object: 'Object Repository/HealthpostToStore/Page_Store/button_Add' is clicked on

2018-06-09 21:34:42 - [TEST_STEP][PASSED] - Statement - Break: null

2018-06-09 21:34:42 - [TEST_STEP][PASSED] - selectOptionByIndex: All options with index in [33] are selected on object 'Object Repository/HealthpostToStore/Page_Store/select_--Select--Adernaline 0.'

2018-06-09 21:34:43 - [MESSAGE][PASSED] - All options with index in [33] are selected on object 'Object Repository/HealthpostToStore/Page_Store/select_--Select--Adernaline 0.'

2018-06-09 21:34:43 - [TEST_STEP][PASSED] - delay: Delayed 2 second(s)

2018-06-09 21:34:45 - [MESSAGE][PASSED] - Delayed 2 second(s)

2018-06-09 21:34:45 - [TEST_STEP][PASSED] - Statement - RequestedQty = com.kms.katalon.core.webui.keyword.WebUiBuiltInKeywords.getAttribute(com.kms.katalon.core.testobject.ObjectRepository.findTestObject(HealthpostToStore/Page_Store/input_txttotal), "value"): Attribute 'value' of object 'Object Repository/HealthpostToStore/Page_Store/input_txttotal' is: '10'

2018-06-09 21:34:45 - [MESSAGE][PASSED] - Attribute 'value' of object 'Object Repository/HealthpostToStore/Page_Store/input_txttotal' is: '10'

2018-06-09 21:34:45 - [TEST_STEP][PASSED] - Statement - out.println("Requested QTY : " + RequestedQty): null

2018-06-09 21:34:45 - [TEST_STEP][PASSED] - Statement - BatchNumber = com.kms.katalon.core.webui.keyword.WebUiBuiltInKeywords.getNumberOfTotalOption(com.kms.katalon.core.testobject.ObjectRepository.findTestObject(HealthpostToStore/Page_Store/select_--Select--BA1170BA2376B)): 3 options of object 'Object Repository/HealthpostToStore/Page_Store/select_--Select--BA1170BA2376B' counted

2018-06-09 21:34:45 - [MESSAGE][PASSED] - 3 options of object 'Object Repository/HealthpostToStore/Page_Store/select_--Select--BA1170BA2376B' counted

2018-06-09 21:34:45 - [TEST_STEP][PASSED] - Statement - For ([g = 1, g <= BatchNumber - 1, (g++)]): null

2018-06-09 21:34:45 - [TEST_STEP][PASSED] - selectOptionByIndex: All options with index in [1] are selected on object 'Object Repository/HealthpostToStore/Page_Store/select_--Select--BA1170BA2376B'

2018-06-09 21:34:45 - [MESSAGE][PASSED] - All options with index in [1] are selected on object 'Object Repository/HealthpostToStore/Page_Store/select_--Select--BA1170BA2376B'

2018-06-09 21:34:45 - [TEST_STEP][PASSED] - Statement - Try: null

2018-06-09 21:34:45 - [TEST_STEP][PASSED] - Statement - StockQty = com.kms.katalon.core.webui.keyword.WebUiBuiltInKeywords.getAttribute(com.kms.katalon.core.testobject.ObjectRepository.findTestObject(HealthpostToStore/Page_Store/input_txtprice), "value"): Attribute 'value' of object 'Object Repository/HealthpostToStore/Page_Store/input_txtprice' is: '1640'

2018-06-09 21:34:45 - [MESSAGE][PASSED] - Attribute 'value' of object 'Object Repository/HealthpostToStore/Page_Store/input_txtprice' is: '1640'

2018-06-09 21:34:45 - [TEST_STEP][PASSED] - Statement - out.println("Stock QTY : " + StockQty): null

2018-06-09 21:34:45 - [TEST_STEP][PASSED] - delay: Delayed 2 second(s)

2018-06-09 21:34:47 - [MESSAGE][PASSED] - Delayed 2 second(s)

2018-06-09 21:34:47 - [TEST_STEP][PASSED] - Statement - If (java.lang.String.valueOf(StockQty) >= java.lang.String.valueOf(RequestedQty)): null

2018-06-09 21:34:47 - [TEST_STEP][PASSED] - setText: Text '10' is set on object 'Object Repository/HealthpostToStore/Page_Store/input_txtqty'

2018-06-09 21:34:47 - [MESSAGE][PASSED] - Text '10' is set on object 'Object Repository/HealthpostToStore/Page_Store/input_txtqty'

2018-06-09 21:34:47 - [TEST_STEP][PASSED] - click: Object: 'Object Repository/HealthpostToStore/Page_Store/button_Add' is clicked on

2018-06-09 21:34:47 - [MESSAGE][PASSED] - Object: 'Object Repository/HealthpostToStore/Page_Store/button_Add' is clicked on

2018-06-09 21:34:47 - [TEST_STEP][PASSED] - Statement - Break: null

2018-06-09 21:34:47 - [TEST_STEP][PASSED] - selectOptionByIndex: All options with index in [34] are selected on object 'Object Repository/HealthpostToStore/Page_Store/select_--Select--Adernaline 0.'

2018-06-09 21:34:48 - [MESSAGE][PASSED] - All options with index in [34] are selected on object 'Object Repository/HealthpostToStore/Page_Store/select_--Select--Adernaline 0.'

2018-06-09 21:34:48 - [TEST_STEP][PASSED] - delay: Delayed 2 second(s)

2018-06-09 21:34:50 - [MESSAGE][PASSED] - Delayed 2 second(s)

2018-06-09 21:34:50 - [TEST_STEP][PASSED] - Statement - RequestedQty = com.kms.katalon.core.webui.keyword.WebUiBuiltInKeywords.getAttribute(com.kms.katalon.core.testobject.ObjectRepository.findTestObject(HealthpostToStore/Page_Store/input_txttotal), "value"): Attribute 'value' of object 'Object Repository/HealthpostToStore/Page_Store/input_txttotal' is: '10'

2018-06-09 21:34:50 - [MESSAGE][PASSED] - Attribute 'value' of object 'Object Repository/HealthpostToStore/Page_Store/input_txttotal' is: '10'

2018-06-09 21:34:50 - [TEST_STEP][PASSED] - Statement - out.println("Requested QTY : " + RequestedQty): null

2018-06-09 21:34:50 - [TEST_STEP][PASSED] - Statement - BatchNumber = com.kms.katalon.core.webui.keyword.WebUiBuiltInKeywords.getNumberOfTotalOption(com.kms.katalon.core.testobject.ObjectRepository.findTestObject(HealthpostToStore/Page_Store/select_--Select--BA1170BA2376B)): 3 options of object 'Object Repository/HealthpostToStore/Page_Store/select_--Select--BA1170BA2376B' counted

2018-06-09 21:34:50 - [MESSAGE][PASSED] - 3 options of object 'Object Repository/HealthpostToStore/Page_Store/select_--Select--BA1170BA2376B' counted

2018-06-09 21:34:50 - [TEST_STEP][PASSED] - Statement - For ([g = 1, g <= BatchNumber - 1, (g++)]): null

2018-06-09 21:34:50 - [TEST_STEP][PASSED] - selectOptionByIndex: All options with index in [1] are selected on object 'Object Repository/HealthpostToStore/Page_Store/select_--Select--BA1170BA2376B'

2018-06-09 21:34:50 - [MESSAGE][PASSED] - All options with index in [1] are selected on object 'Object Repository/HealthpostToStore/Page_Store/select_--Select--BA1170BA2376B'

2018-06-09 21:34:50 - [TEST_STEP][PASSED] - Statement - Try: null

2018-06-09 21:34:50 - [TEST_STEP][PASSED] - Statement - StockQty = com.kms.katalon.core.webui.keyword.WebUiBuiltInKeywords.getAttribute(com.kms.katalon.core.testobject.ObjectRepository.findTestObject(HealthpostToStore/Page_Store/input_txtprice), "value"): Attribute 'value' of object 'Object Repository/HealthpostToStore/Page_Store/input_txtprice' is: '1520'

2018-06-09 21:34:50 - [MESSAGE][PASSED] - Attribute 'value' of object 'Object Repository/HealthpostToStore/Page_Store/input_txtprice' is: '1520'

2018-06-09 21:34:50 - [TEST_STEP][PASSED] - Statement - out.println("Stock QTY : " + StockQty): null

2018-06-09 21:34:50 - [TEST_STEP][PASSED] - delay: Delayed 2 second(s)

2018-06-09 21:34:52 - [MESSAGE][PASSED] - Delayed 2 second(s)

2018-06-09 21:34:52 - [TEST_STEP][PASSED] - Statement - If (java.lang.String.valueOf(StockQty) >= java.lang.String.valueOf(RequestedQty)): null

2018-06-09 21:34:52 - [TEST_STEP][PASSED] - setText: Text '10' is set on object 'Object Repository/HealthpostToStore/Page_Store/input_txtqty'

2018-06-09 21:34:52 - [MESSAGE][PASSED] - Text '10' is set on object 'Object Repository/HealthpostToStore/Page_Store/input_txtqty'

2018-06-09 21:34:52 - [TEST_STEP][PASSED] - click: Object: 'Object Repository/HealthpostToStore/Page_Store/button_Add' is clicked on

2018-06-09 21:34:52 - [MESSAGE][PASSED] - Object: 'Object Repository/HealthpostToStore/Page_Store/button_Add' is clicked on

2018-06-09 21:34:52 - [TEST_STEP][PASSED] - Statement - Break: null

2018-06-09 21:34:52 - [TEST_STEP][PASSED] - selectOptionByIndex: All options with index in [35] are selected on object 'Object Repository/HealthpostToStore/Page_Store/select_--Select--Adernaline 0.'

2018-06-09 21:34:52 - [MESSAGE][PASSED] - All options with index in [35] are selected on object 'Object Repository/HealthpostToStore/Page_Store/select_--Select--Adernaline 0.'

2018-06-09 21:34:52 - [TEST_STEP][PASSED] - delay: Delayed 2 second(s)

2018-06-09 21:34:54 - [MESSAGE][PASSED] - Delayed 2 second(s)

2018-06-09 21:34:54 - [TEST_STEP][PASSED] - Statement - RequestedQty = com.kms.katalon.core.webui.keyword.WebUiBuiltInKeywords.getAttribute(com.kms.katalon.core.testobject.ObjectRepository.findTestObject(HealthpostToStore/Page_Store/input_txttotal), "value"): Attribute 'value' of object 'Object Repository/HealthpostToStore/Page_Store/input_txttotal' is: '10'

2018-06-09 21:34:54 - [MESSAGE][PASSED] - Attribute 'value' of object 'Object Repository/HealthpostToStore/Page_Store/input_txttotal' is: '10'

2018-06-09 21:34:54 - [TEST_STEP][PASSED] - Statement - out.println("Requested QTY : " + RequestedQty): null

2018-06-09 21:34:54 - [TEST_STEP][PASSED] - Statement - BatchNumber = com.kms.katalon.core.webui.keyword.WebUiBuiltInKeywords.getNumberOfTotalOption(com.kms.katalon.core.testobject.ObjectRepository.findTestObject(HealthpostToStore/Page_Store/select_--Select--BA1170BA2376B)): 3 options of object 'Object Repository/HealthpostToStore/Page_Store/select_--Select--BA1170BA2376B' counted

2018-06-09 21:34:54 - [MESSAGE][PASSED] - 3 options of object 'Object Repository/HealthpostToStore/Page_Store/select_--Select--BA1170BA2376B' counted

2018-06-09 21:34:54 - [TEST_STEP][PASSED] - Statement - For ([g = 1, g <= BatchNumber - 1, (g++)]): null

2018-06-09 21:34:54 - [TEST_STEP][PASSED] - selectOptionByIndex: All options with index in [1] are selected on object 'Object Repository/HealthpostToStore/Page_Store/select_--Select--BA1170BA2376B'

2018-06-09 21:34:55 - [MESSAGE][PASSED] - All options with index in [1] are selected on object 'Object Repository/HealthpostToStore/Page_Store/select_--Select--BA1170BA2376B'

2018-06-09 21:34:55 - [TEST_STEP][PASSED] - Statement - Try: null

2018-06-09 21:34:55 - [TEST_STEP][PASSED] - Statement - StockQty = com.kms.katalon.core.webui.keyword.WebUiBuiltInKeywords.getAttribute(com.kms.katalon.core.testobject.ObjectRepository.findTestObject(HealthpostToStore/Page_Store/input_txtprice), "value"): Attribute 'value' of object 'Object Repository/HealthpostToStore/Page_Store/input_txtprice' is: '2520'

2018-06-09 21:34:55 - [MESSAGE][PASSED] - Attribute 'value' of object 'Object Repository/HealthpostToStore/Page_Store/input_txtprice' is: '2520'

2018-06-09 21:34:55 - [TEST_STEP][PASSED] - Statement - out.println("Stock QTY : " + StockQty): null

2018-06-09 21:34:55 - [TEST_STEP][PASSED] - delay: Delayed 2 second(s)

2018-06-09 21:34:57 - [MESSAGE][PASSED] - Delayed 2 second(s)

2018-06-09 21:34:57 - [TEST_STEP][PASSED] - Statement - If (java.lang.String.valueOf(StockQty) >= java.lang.String.valueOf(RequestedQty)): null

2018-06-09 21:34:57 - [TEST_STEP][PASSED] - setText: Text '10' is set on object 'Object Repository/HealthpostToStore/Page_Store/input_txtqty'

2018-06-09 21:34:57 - [MESSAGE][PASSED] - Text '10' is set on object 'Object Repository/HealthpostToStore/Page_Store/input_txtqty'

2018-06-09 21:34:57 - [TEST_STEP][PASSED] - click: Object: 'Object Repository/HealthpostToStore/Page_Store/button_Add' is clicked on

2018-06-09 21:34:57 - [MESSAGE][PASSED] - Object: 'Object Repository/HealthpostToStore/Page_Store/button_Add' is clicked on

2018-06-09 21:34:57 - [TEST_STEP][PASSED] - Statement - Break: null

2018-06-09 21:34:57 - [TEST_STEP][PASSED] - selectOptionByIndex: All options with index in [36] are selected on object 'Object Repository/HealthpostToStore/Page_Store/select_--Select--Adernaline 0.'

2018-06-09 21:34:57 - [MESSAGE][PASSED] - All options with index in [36] are selected on object 'Object Repository/HealthpostToStore/Page_Store/select_--Select--Adernaline 0.'

2018-06-09 21:34:57 - [TEST_STEP][PASSED] - delay: Delayed 2 second(s)

2018-06-09 21:34:59 - [MESSAGE][PASSED] - Delayed 2 second(s)

2018-06-09 21:34:59 - [TEST_STEP][PASSED] - Statement - RequestedQty = com.kms.katalon.core.webui.keyword.WebUiBuiltInKeywords.getAttribute(com.kms.katalon.core.testobject.ObjectRepository.findTestObject(HealthpostToStore/Page_Store/input_txttotal), "value"): Attribute 'value' of object 'Object Repository/HealthpostToStore/Page_Store/input_txttotal' is: '10'

2018-06-09 21:34:59 - [MESSAGE][PASSED] - Attribute 'value' of object 'Object Repository/HealthpostToStore/Page_Store/input_txttotal' is: '10'

2018-06-09 21:34:59 - [TEST_STEP][PASSED] - Statement - out.println("Requested QTY : " + RequestedQty): null

2018-06-09 21:34:59 - [TEST_STEP][PASSED] - Statement - BatchNumber = com.kms.katalon.core.webui.keyword.WebUiBuiltInKeywords.getNumberOfTotalOption(com.kms.katalon.core.testobject.ObjectRepository.findTestObject(HealthpostToStore/Page_Store/select_--Select--BA1170BA2376B)): 5 options of object 'Object Repository/HealthpostToStore/Page_Store/select_--Select--BA1170BA2376B' counted

2018-06-09 21:34:59 - [MESSAGE][PASSED] - 5 options of object 'Object Repository/HealthpostToStore/Page_Store/select_--Select--BA1170BA2376B' counted

2018-06-09 21:34:59 - [TEST_STEP][PASSED] - Statement - For ([g = 1, g <= BatchNumber - 1, (g++)]): null

2018-06-09 21:34:59 - [TEST_STEP][PASSED] - selectOptionByIndex: All options with index in [1] are selected on object 'Object Repository/HealthpostToStore/Page_Store/select_--Select--BA1170BA2376B'

2018-06-09 21:35:00 - [MESSAGE][PASSED] - All options with index in [1] are selected on object 'Object Repository/HealthpostToStore/Page_Store/select_--Select--BA1170BA2376B'

2018-06-09 21:35:00 - [TEST_STEP][PASSED] - Statement - Try: null

2018-06-09 21:35:00 - [TEST_STEP][PASSED] - Statement - StockQty = com.kms.katalon.core.webui.keyword.WebUiBuiltInKeywords.getAttribute(com.kms.katalon.core.testobject.ObjectRepository.findTestObject(HealthpostToStore/Page_Store/input_txtprice), "value"): Attribute 'value' of object 'Object Repository/HealthpostToStore/Page_Store/input_txtprice' is: '580'

2018-06-09 21:35:00 - [MESSAGE][PASSED] - Attribute 'value' of object 'Object Repository/HealthpostToStore/Page_Store/input_txtprice' is: '580'

2018-06-09 21:35:00 - [TEST_STEP][PASSED] - Statement - out.println("Stock QTY : " + StockQty): null

2018-06-09 21:35:00 - [TEST_STEP][PASSED] - delay: Delayed 2 second(s)

2018-06-09 21:35:02 - [MESSAGE][PASSED] - Delayed 2 second(s)

2018-06-09 21:35:02 - [TEST_STEP][PASSED] - Statement - If (java.lang.String.valueOf(StockQty) >= java.lang.String.valueOf(RequestedQty)): null

2018-06-09 21:35:02 - [TEST_STEP][PASSED] - setText: Text '10' is set on object 'Object Repository/HealthpostToStore/Page_Store/input_txtqty'

2018-06-09 21:35:02 - [MESSAGE][PASSED] - Text '10' is set on object 'Object Repository/HealthpostToStore/Page_Store/input_txtqty'

2018-06-09 21:35:02 - [TEST_STEP][PASSED] - click: Object: 'Object Repository/HealthpostToStore/Page_Store/button_Add' is clicked on

2018-06-09 21:35:02 - [MESSAGE][PASSED] - Object: 'Object Repository/HealthpostToStore/Page_Store/button_Add' is clicked on

2018-06-09 21:35:02 - [TEST_STEP][PASSED] - Statement - Break: null

2018-06-09 21:35:02 - [TEST_STEP][PASSED] - selectOptionByIndex: All options with index in [37] are selected on object 'Object Repository/HealthpostToStore/Page_Store/select_--Select--Adernaline 0.'

2018-06-09 21:35:02 - [MESSAGE][PASSED] - All options with index in [37] are selected on object 'Object Repository/HealthpostToStore/Page_Store/select_--Select--Adernaline 0.'

2018-06-09 21:35:02 - [TEST_STEP][PASSED] - delay: Delayed 2 second(s)

2018-06-09 21:35:04 - [MESSAGE][PASSED] - Delayed 2 second(s)

2018-06-09 21:35:04 - [TEST_STEP][PASSED] - Statement - RequestedQty = com.kms.katalon.core.webui.keyword.WebUiBuiltInKeywords.getAttribute(com.kms.katalon.core.testobject.ObjectRepository.findTestObject(HealthpostToStore/Page_Store/input_txttotal), "value"): Attribute 'value' of object 'Object Repository/HealthpostToStore/Page_Store/input_txttotal' is: '10'

2018-06-09 21:35:04 - [MESSAGE][PASSED] - Attribute 'value' of object 'Object Repository/HealthpostToStore/Page_Store/input_txttotal' is: '10'

2018-06-09 21:35:04 - [TEST_STEP][PASSED] - Statement - out.println("Requested QTY : " + RequestedQty): null

2018-06-09 21:35:04 - [TEST_STEP][PASSED] - Statement - BatchNumber = com.kms.katalon.core.webui.keyword.WebUiBuiltInKeywords.getNumberOfTotalOption(com.kms.katalon.core.testobject.ObjectRepository.findTestObject(HealthpostToStore/Page_Store/select_--Select--BA1170BA2376B)): 4 options of object 'Object Repository/HealthpostToStore/Page_Store/select_--Select--BA1170BA2376B' counted

2018-06-09 21:35:04 - [MESSAGE][PASSED] - 4 options of object 'Object Repository/HealthpostToStore/Page_Store/select_--Select--BA1170BA2376B' counted

2018-06-09 21:35:04 - [TEST_STEP][PASSED] - Statement - For ([g = 1, g <= BatchNumber - 1, (g++)]): null

2018-06-09 21:35:04 - [TEST_STEP][PASSED] - selectOptionByIndex: All options with index in [1] are selected on object 'Object Repository/HealthpostToStore/Page_Store/select_--Select--BA1170BA2376B'

2018-06-09 21:35:05 - [MESSAGE][PASSED] - All options with index in [1] are selected on object 'Object Repository/HealthpostToStore/Page_Store/select_--Select--BA1170BA2376B'

2018-06-09 21:35:05 - [TEST_STEP][PASSED] - Statement - Try: null

2018-06-09 21:35:05 - [TEST_STEP][PASSED] - Statement - StockQty = com.kms.katalon.core.webui.keyword.WebUiBuiltInKeywords.getAttribute(com.kms.katalon.core.testobject.ObjectRepository.findTestObject(HealthpostToStore/Page_Store/input_txtprice), "value"): Attribute 'value' of object 'Object Repository/HealthpostToStore/Page_Store/input_txtprice' is: '1520'

2018-06-09 21:35:05 - [MESSAGE][PASSED] - Attribute 'value' of object 'Object Repository/HealthpostToStore/Page_Store/input_txtprice' is: '1520'

2018-06-09 21:35:05 - [TEST_STEP][PASSED] - Statement - out.println("Stock QTY : " + StockQty): null

2018-06-09 21:35:05 - [TEST_STEP][PASSED] - delay: Delayed 2 second(s)

2018-06-09 21:35:07 - [MESSAGE][PASSED] - Delayed 2 second(s)

2018-06-09 21:35:07 - [TEST_STEP][PASSED] - Statement - If (java.lang.String.valueOf(StockQty) >= java.lang.String.valueOf(RequestedQty)): null

2018-06-09 21:35:07 - [TEST_STEP][PASSED] - setText: Text '10' is set on object 'Object Repository/HealthpostToStore/Page_Store/input_txtqty'

2018-06-09 21:35:07 - [MESSAGE][PASSED] - Text '10' is set on object 'Object Repository/HealthpostToStore/Page_Store/input_txtqty'

2018-06-09 21:35:07 - [TEST_STEP][PASSED] - click: Object: 'Object Repository/HealthpostToStore/Page_Store/button_Add' is clicked on

2018-06-09 21:35:07 - [MESSAGE][PASSED] - Object: 'Object Repository/HealthpostToStore/Page_Store/button_Add' is clicked on

2018-06-09 21:35:07 - [TEST_STEP][PASSED] - Statement - Break: null

2018-06-09 21:35:07 - [TEST_STEP][PASSED] - selectOptionByIndex: All options with index in [38] are selected on object 'Object Repository/HealthpostToStore/Page_Store/select_--Select--Adernaline 0.'

2018-06-09 21:35:07 - [MESSAGE][PASSED] - All options with index in [38] are selected on object 'Object Repository/HealthpostToStore/Page_Store/select_--Select--Adernaline 0.'

2018-06-09 21:35:07 - [TEST_STEP][PASSED] - delay: Delayed 2 second(s)

2018-06-09 21:35:09 - [MESSAGE][PASSED] - Delayed 2 second(s)

2018-06-09 21:35:09 - [TEST_STEP][PASSED] - Statement - RequestedQty = com.kms.katalon.core.webui.keyword.WebUiBuiltInKeywords.getAttribute(com.kms.katalon.core.testobject.ObjectRepository.findTestObject(HealthpostToStore/Page_Store/input_txttotal), "value"): Attribute 'value' of object 'Object Repository/HealthpostToStore/Page_Store/input_txttotal' is: '10'

2018-06-09 21:35:09 - [MESSAGE][PASSED] - Attribute 'value' of object 'Object Repository/HealthpostToStore/Page_Store/input_txttotal' is: '10'

2018-06-09 21:35:09 - [TEST_STEP][PASSED] - Statement - out.println("Requested QTY : " + RequestedQty): null

2018-06-09 21:35:09 - [TEST_STEP][PASSED] - Statement - BatchNumber = com.kms.katalon.core.webui.keyword.WebUiBuiltInKeywords.getNumberOfTotalOption(com.kms.katalon.core.testobject.ObjectRepository.findTestObject(HealthpostToStore/Page_Store/select_--Select--BA1170BA2376B)): 5 options of object 'Object Repository/HealthpostToStore/Page_Store/select_--Select--BA1170BA2376B' counted

2018-06-09 21:35:09 - [MESSAGE][PASSED] - 5 options of object 'Object Repository/HealthpostToStore/Page_Store/select_--Select--BA1170BA2376B' counted

2018-06-09 21:35:09 - [TEST_STEP][PASSED] - Statement - For ([g = 1, g <= BatchNumber - 1, (g++)]): null

2018-06-09 21:35:09 - [TEST_STEP][PASSED] - selectOptionByIndex: All options with index in [1] are selected on object 'Object Repository/HealthpostToStore/Page_Store/select_--Select--BA1170BA2376B'

2018-06-09 21:35:09 - [MESSAGE][PASSED] - All options with index in [1] are selected on object 'Object Repository/HealthpostToStore/Page_Store/select_--Select--BA1170BA2376B'

2018-06-09 21:35:09 - [TEST_STEP][PASSED] - Statement - Try: null

2018-06-09 21:35:09 - [TEST_STEP][PASSED] - Statement - StockQty = com.kms.katalon.core.webui.keyword.WebUiBuiltInKeywords.getAttribute(com.kms.katalon.core.testobject.ObjectRepository.findTestObject(HealthpostToStore/Page_Store/input_txtprice), "value"): Attribute 'value' of object 'Object Repository/HealthpostToStore/Page_Store/input_txtprice' is: '240'

2018-06-09 21:35:09 - [MESSAGE][PASSED] - Attribute 'value' of object 'Object Repository/HealthpostToStore/Page_Store/input_txtprice' is: '240'

2018-06-09 21:35:09 - [TEST_STEP][PASSED] - Statement - out.println("Stock QTY : " + StockQty): null

2018-06-09 21:35:09 - [TEST_STEP][PASSED] - delay: Delayed 2 second(s)

2018-06-09 21:35:11 - [MESSAGE][PASSED] - Delayed 2 second(s)

2018-06-09 21:35:11 - [TEST_STEP][PASSED] - Statement - If (java.lang.String.valueOf(StockQty) >= java.lang.String.valueOf(RequestedQty)): null

2018-06-09 21:35:11 - [TEST_STEP][PASSED] - setText: Text '10' is set on object 'Object Repository/HealthpostToStore/Page_Store/input_txtqty'

2018-06-09 21:35:12 - [MESSAGE][PASSED] - Text '10' is set on object 'Object Repository/HealthpostToStore/Page_Store/input_txtqty'

2018-06-09 21:35:12 - [TEST_STEP][PASSED] - click: Object: 'Object Repository/HealthpostToStore/Page_Store/button_Add' is clicked on

2018-06-09 21:35:12 - [MESSAGE][PASSED] - Object: 'Object Repository/HealthpostToStore/Page_Store/button_Add' is clicked on

2018-06-09 21:35:12 - [TEST_STEP][PASSED] - Statement - Break: null

2018-06-09 21:35:12 - [TEST_STEP][PASSED] - selectOptionByIndex: All options with index in [39] are selected on object 'Object Repository/HealthpostToStore/Page_Store/select_--Select--Adernaline 0.'

2018-06-09 21:35:12 - [MESSAGE][PASSED] - All options with index in [39] are selected on object 'Object Repository/HealthpostToStore/Page_Store/select_--Select--Adernaline 0.'

2018-06-09 21:35:12 - [TEST_STEP][PASSED] - delay: Delayed 2 second(s)

2018-06-09 21:35:14 - [MESSAGE][PASSED] - Delayed 2 second(s)

2018-06-09 21:35:14 - [TEST_STEP][PASSED] - Statement - RequestedQty = com.kms.katalon.core.webui.keyword.WebUiBuiltInKeywords.getAttribute(com.kms.katalon.core.testobject.ObjectRepository.findTestObject(HealthpostToStore/Page_Store/input_txttotal), "value"): Attribute 'value' of object 'Object Repository/HealthpostToStore/Page_Store/input_txttotal' is: '10'

2018-06-09 21:35:14 - [MESSAGE][PASSED] - Attribute 'value' of object 'Object Repository/HealthpostToStore/Page_Store/input_txttotal' is: '10'

2018-06-09 21:35:14 - [TEST_STEP][PASSED] - Statement - out.println("Requested QTY : " + RequestedQty): null

2018-06-09 21:35:14 - [TEST_STEP][PASSED] - Statement - BatchNumber = com.kms.katalon.core.webui.keyword.WebUiBuiltInKeywords.getNumberOfTotalOption(com.kms.katalon.core.testobject.ObjectRepository.findTestObject(HealthpostToStore/Page_Store/select_--Select--BA1170BA2376B)): 3 options of object 'Object Repository/HealthpostToStore/Page_Store/select_--Select--BA1170BA2376B' counted

2018-06-09 21:35:14 - [MESSAGE][PASSED] - 3 options of object 'Object Repository/HealthpostToStore/Page_Store/select_--Select--BA1170BA2376B' counted

2018-06-09 21:35:14 - [TEST_STEP][PASSED] - Statement - For ([g = 1, g <= BatchNumber - 1, (g++)]): null

2018-06-09 21:35:14 - [TEST_STEP][PASSED] - selectOptionByIndex: All options with index in [1] are selected on object 'Object Repository/HealthpostToStore/Page_Store/select_--Select--BA1170BA2376B'

2018-06-09 21:35:14 - [MESSAGE][PASSED] - All options with index in [1] are selected on object 'Object Repository/HealthpostToStore/Page_Store/select_--Select--BA1170BA2376B'

2018-06-09 21:35:14 - [TEST_STEP][PASSED] - Statement - Try: null

2018-06-09 21:35:14 - [TEST_STEP][PASSED] - Statement - StockQty = com.kms.katalon.core.webui.keyword.WebUiBuiltInKeywords.getAttribute(com.kms.katalon.core.testobject.ObjectRepository.findTestObject(HealthpostToStore/Page_Store/input_txtprice), "value"): Attribute 'value' of object 'Object Repository/HealthpostToStore/Page_Store/input_txtprice' is: '1620'

2018-06-09 21:35:14 - [MESSAGE][PASSED] - Attribute 'value' of object 'Object Repository/HealthpostToStore/Page_Store/input_txtprice' is: '1620'

2018-06-09 21:35:14 - [TEST_STEP][PASSED] - Statement - out.println("Stock QTY : " + StockQty): null

2018-06-09 21:35:14 - [TEST_STEP][PASSED] - delay: Delayed 2 second(s)

2018-06-09 21:35:16 - [MESSAGE][PASSED] - Delayed 2 second(s)

2018-06-09 21:35:16 - [TEST_STEP][PASSED] - Statement - If (java.lang.String.valueOf(StockQty) >= java.lang.String.valueOf(RequestedQty)): null

2018-06-09 21:35:16 - [TEST_STEP][PASSED] - setText: Text '10' is set on object 'Object Repository/HealthpostToStore/Page_Store/input_txtqty'

2018-06-09 21:35:16 - [MESSAGE][PASSED] - Text '10' is set on object 'Object Repository/HealthpostToStore/Page_Store/input_txtqty'

2018-06-09 21:35:16 - [TEST_STEP][PASSED] - click: Object: 'Object Repository/HealthpostToStore/Page_Store/button_Add' is clicked on

2018-06-09 21:35:17 - [MESSAGE][PASSED] - Object: 'Object Repository/HealthpostToStore/Page_Store/button_Add' is clicked on

2018-06-09 21:35:17 - [TEST_STEP][PASSED] - Statement - Break: null

2018-06-09 21:35:17 - [TEST_STEP][PASSED] - selectOptionByIndex: All options with index in [40] are selected on object 'Object Repository/HealthpostToStore/Page_Store/select_--Select--Adernaline 0.'

2018-06-09 21:35:17 - [MESSAGE][PASSED] - All options with index in [40] are selected on object 'Object Repository/HealthpostToStore/Page_Store/select_--Select--Adernaline 0.'

2018-06-09 21:35:17 - [TEST_STEP][PASSED] - delay: Delayed 2 second(s)

2018-06-09 21:35:19 - [MESSAGE][PASSED] - Delayed 2 second(s)

2018-06-09 21:35:19 - [TEST_STEP][PASSED] - Statement - RequestedQty = com.kms.katalon.core.webui.keyword.WebUiBuiltInKeywords.getAttribute(com.kms.katalon.core.testobject.ObjectRepository.findTestObject(HealthpostToStore/Page_Store/input_txttotal), "value"): Attribute 'value' of object 'Object Repository/HealthpostToStore/Page_Store/input_txttotal' is: '10'

2018-06-09 21:35:19 - [MESSAGE][PASSED] - Attribute 'value' of object 'Object Repository/HealthpostToStore/Page_Store/input_txttotal' is: '10'

2018-06-09 21:35:19 - [TEST_STEP][PASSED] - Statement - out.println("Requested QTY : " + RequestedQty): null

2018-06-09 21:35:19 - [TEST_STEP][PASSED] - Statement - BatchNumber = com.kms.katalon.core.webui.keyword.WebUiBuiltInKeywords.getNumberOfTotalOption(com.kms.katalon.core.testobject.ObjectRepository.findTestObject(HealthpostToStore/Page_Store/select_--Select--BA1170BA2376B)): 4 options of object 'Object Repository/HealthpostToStore/Page_Store/select_--Select--BA1170BA2376B' counted

2018-06-09 21:35:19 - [MESSAGE][PASSED] - 4 options of object 'Object Repository/HealthpostToStore/Page_Store/select_--Select--BA1170BA2376B' counted

2018-06-09 21:35:19 - [TEST_STEP][PASSED] - Statement - For ([g = 1, g <= BatchNumber - 1, (g++)]): null

2018-06-09 21:35:19 - [TEST_STEP][PASSED] - selectOptionByIndex: All options with index in [1] are selected on object 'Object Repository/HealthpostToStore/Page_Store/select_--Select--BA1170BA2376B'

2018-06-09 21:35:19 - [MESSAGE][PASSED] - All options with index in [1] are selected on object 'Object Repository/HealthpostToStore/Page_Store/select_--Select--BA1170BA2376B'

2018-06-09 21:35:19 - [TEST_STEP][PASSED] - Statement - Try: null

2018-06-09 21:35:19 - [TEST_STEP][PASSED] - Statement - StockQty = com.kms.katalon.core.webui.keyword.WebUiBuiltInKeywords.getAttribute(com.kms.katalon.core.testobject.ObjectRepository.findTestObject(HealthpostToStore/Page_Store/input_txtprice), "value"): Attribute 'value' of object 'Object Repository/HealthpostToStore/Page_Store/input_txtprice' is: '1520'

2018-06-09 21:35:19 - [MESSAGE][PASSED] - Attribute 'value' of object 'Object Repository/HealthpostToStore/Page_Store/input_txtprice' is: '1520'

2018-06-09 21:35:19 - [TEST_STEP][PASSED] - Statement - out.println("Stock QTY : " + StockQty): null

2018-06-09 21:35:19 - [TEST_STEP][PASSED] - delay: Delayed 2 second(s)

2018-06-09 21:35:21 - [MESSAGE][PASSED] - Delayed 2 second(s)

2018-06-09 21:35:21 - [TEST_STEP][PASSED] - Statement - If (java.lang.String.valueOf(StockQty) >= java.lang.String.valueOf(RequestedQty)): null

2018-06-09 21:35:21 - [TEST_STEP][PASSED] - setText: Text '10' is set on object 'Object Repository/HealthpostToStore/Page_Store/input_txtqty'

2018-06-09 21:35:21 - [MESSAGE][PASSED] - Text '10' is set on object 'Object Repository/HealthpostToStore/Page_Store/input_txtqty'

2018-06-09 21:35:21 - [TEST_STEP][PASSED] - click: Object: 'Object Repository/HealthpostToStore/Page_Store/button_Add' is clicked on

2018-06-09 21:35:21 - [MESSAGE][PASSED] - Object: 'Object Repository/HealthpostToStore/Page_Store/button_Add' is clicked on

2018-06-09 21:35:21 - [TEST_STEP][PASSED] - Statement - Break: null

2018-06-09 21:35:21 - [TEST_STEP][PASSED] - selectOptionByIndex: All options with index in [41] are selected on object 'Object Repository/HealthpostToStore/Page_Store/select_--Select--Adernaline 0.'

2018-06-09 21:35:22 - [MESSAGE][PASSED] - All options with index in [41] are selected on object 'Object Repository/HealthpostToStore/Page_Store/select_--Select--Adernaline 0.'

2018-06-09 21:35:22 - [TEST_STEP][PASSED] - delay: Delayed 2 second(s)

2018-06-09 21:35:24 - [MESSAGE][PASSED] - Delayed 2 second(s)

2018-06-09 21:35:24 - [TEST_STEP][PASSED] - Statement - RequestedQty = com.kms.katalon.core.webui.keyword.WebUiBuiltInKeywords.getAttribute(com.kms.katalon.core.testobject.ObjectRepository.findTestObject(HealthpostToStore/Page_Store/input_txttotal), "value"): Attribute 'value' of object 'Object Repository/HealthpostToStore/Page_Store/input_txttotal' is: '10'

2018-06-09 21:35:24 - [MESSAGE][PASSED] - Attribute 'value' of object 'Object Repository/HealthpostToStore/Page_Store/input_txttotal' is: '10'

2018-06-09 21:35:24 - [TEST_STEP][PASSED] - Statement - out.println("Requested QTY : " + RequestedQty): null

2018-06-09 21:35:24 - [TEST_STEP][PASSED] - Statement - BatchNumber = com.kms.katalon.core.webui.keyword.WebUiBuiltInKeywords.getNumberOfTotalOption(com.kms.katalon.core.testobject.ObjectRepository.findTestObject(HealthpostToStore/Page_Store/select_--Select--BA1170BA2376B)): 3 options of object 'Object Repository/HealthpostToStore/Page_Store/select_--Select--BA1170BA2376B' counted

2018-06-09 21:35:24 - [MESSAGE][PASSED] - 3 options of object 'Object Repository/HealthpostToStore/Page_Store/select_--Select--BA1170BA2376B' counted

2018-06-09 21:35:24 - [TEST_STEP][PASSED] - Statement - For ([g = 1, g <= BatchNumber - 1, (g++)]): null

2018-06-09 21:35:24 - [TEST_STEP][PASSED] - selectOptionByIndex: All options with index in [1] are selected on object 'Object Repository/HealthpostToStore/Page_Store/select_--Select--BA1170BA2376B'

2018-06-09 21:35:24 - [MESSAGE][PASSED] - All options with index in [1] are selected on object 'Object Repository/HealthpostToStore/Page_Store/select_--Select--BA1170BA2376B'

2018-06-09 21:35:24 - [TEST_STEP][PASSED] - Statement - Try: null

2018-06-09 21:35:24 - [TEST_STEP][PASSED] - Statement - StockQty = com.kms.katalon.core.webui.keyword.WebUiBuiltInKeywords.getAttribute(com.kms.katalon.core.testobject.ObjectRepository.findTestObject(HealthpostToStore/Page_Store/input_txtprice), "value"): Attribute 'value' of object 'Object Repository/HealthpostToStore/Page_Store/input_txtprice' is: '2520'

2018-06-09 21:35:24 - [MESSAGE][PASSED] - Attribute 'value' of object 'Object Repository/HealthpostToStore/Page_Store/input_txtprice' is: '2520'

2018-06-09 21:35:24 - [TEST_STEP][PASSED] - Statement - out.println("Stock QTY : " + StockQty): null

2018-06-09 21:35:24 - [TEST_STEP][PASSED] - delay: Delayed 2 second(s)

2018-06-09 21:35:26 - [MESSAGE][PASSED] - Delayed 2 second(s)

2018-06-09 21:35:26 - [TEST_STEP][PASSED] - Statement - If (java.lang.String.valueOf(StockQty) >= java.lang.String.valueOf(RequestedQty)): null

2018-06-09 21:35:26 - [TEST_STEP][PASSED] - setText: Text '10' is set on object 'Object Repository/HealthpostToStore/Page_Store/input_txtqty'

2018-06-09 21:35:26 - [MESSAGE][PASSED] - Text '10' is set on object 'Object Repository/HealthpostToStore/Page_Store/input_txtqty'

2018-06-09 21:35:26 - [TEST_STEP][PASSED] - click: Object: 'Object Repository/HealthpostToStore/Page_Store/button_Add' is clicked on

2018-06-09 21:35:26 - [MESSAGE][PASSED] - Object: 'Object Repository/HealthpostToStore/Page_Store/button_Add' is clicked on

2018-06-09 21:35:26 - [TEST_STEP][PASSED] - Statement - Break: null

2018-06-09 21:35:26 - [TEST_STEP][PASSED] - selectOptionByIndex: All options with index in [42] are selected on object 'Object Repository/HealthpostToStore/Page_Store/select_--Select--Adernaline 0.'

2018-06-09 21:35:27 - [MESSAGE][PASSED] - All options with index in [42] are selected on object 'Object Repository/HealthpostToStore/Page_Store/select_--Select--Adernaline 0.'

2018-06-09 21:35:27 - [TEST_STEP][PASSED] - delay: Delayed 2 second(s)

2018-06-09 21:35:29 - [MESSAGE][PASSED] - Delayed 2 second(s)

2018-06-09 21:35:29 - [TEST_STEP][PASSED] - Statement - RequestedQty = com.kms.katalon.core.webui.keyword.WebUiBuiltInKeywords.getAttribute(com.kms.katalon.core.testobject.ObjectRepository.findTestObject(HealthpostToStore/Page_Store/input_txttotal), "value"): Attribute 'value' of object 'Object Repository/HealthpostToStore/Page_Store/input_txttotal' is: '10'

2018-06-09 21:35:29 - [MESSAGE][PASSED] - Attribute 'value' of object 'Object Repository/HealthpostToStore/Page_Store/input_txttotal' is: '10'

2018-06-09 21:35:29 - [TEST_STEP][PASSED] - Statement - out.println("Requested QTY : " + RequestedQty): null

2018-06-09 21:35:29 - [TEST_STEP][PASSED] - Statement - BatchNumber = com.kms.katalon.core.webui.keyword.WebUiBuiltInKeywords.getNumberOfTotalOption(com.kms.katalon.core.testobject.ObjectRepository.findTestObject(HealthpostToStore/Page_Store/select_--Select--BA1170BA2376B)): 3 options of object 'Object Repository/HealthpostToStore/Page_Store/select_--Select--BA1170BA2376B' counted

2018-06-09 21:35:29 - [MESSAGE][PASSED] - 3 options of object 'Object Repository/HealthpostToStore/Page_Store/select_--Select--BA1170BA2376B' counted

2018-06-09 21:35:29 - [TEST_STEP][PASSED] - Statement - For ([g = 1, g <= BatchNumber - 1, (g++)]): null

2018-06-09 21:35:29 - [TEST_STEP][PASSED] - selectOptionByIndex: All options with index in [1] are selected on object 'Object Repository/HealthpostToStore/Page_Store/select_--Select--BA1170BA2376B'

2018-06-09 21:35:29 - [MESSAGE][PASSED] - All options with index in [1] are selected on object 'Object Repository/HealthpostToStore/Page_Store/select_--Select--BA1170BA2376B'

2018-06-09 21:35:29 - [TEST_STEP][PASSED] - Statement - Try: null

2018-06-09 21:35:29 - [TEST_STEP][PASSED] - Statement - StockQty = com.kms.katalon.core.webui.keyword.WebUiBuiltInKeywords.getAttribute(com.kms.katalon.core.testobject.ObjectRepository.findTestObject(HealthpostToStore/Page_Store/input_txtprice), "value"): Attribute 'value' of object 'Object Repository/HealthpostToStore/Page_Store/input_txtprice' is: '2520'

2018-06-09 21:35:29 - [MESSAGE][PASSED] - Attribute 'value' of object 'Object Repository/HealthpostToStore/Page_Store/input_txtprice' is: '2520'

2018-06-09 21:35:29 - [TEST_STEP][PASSED] - Statement - out.println("Stock QTY : " + StockQty): null

2018-06-09 21:35:29 - [TEST_STEP][PASSED] - delay: Delayed 2 second(s)

2018-06-09 21:35:31 - [MESSAGE][PASSED] - Delayed 2 second(s)

2018-06-09 21:35:31 - [TEST_STEP][PASSED] - Statement - If (java.lang.String.valueOf(StockQty) >= java.lang.String.valueOf(RequestedQty)): null

2018-06-09 21:35:31 - [TEST_STEP][PASSED] - setText: Text '10' is set on object 'Object Repository/HealthpostToStore/Page_Store/input_txtqty'

2018-06-09 21:35:31 - [MESSAGE][PASSED] - Text '10' is set on object 'Object Repository/HealthpostToStore/Page_Store/input_txtqty'

2018-06-09 21:35:31 - [TEST_STEP][PASSED] - click: Object: 'Object Repository/HealthpostToStore/Page_Store/button_Add' is clicked on

2018-06-09 21:35:31 - [MESSAGE][PASSED] - Object: 'Object Repository/HealthpostToStore/Page_Store/button_Add' is clicked on

2018-06-09 21:35:31 - [TEST_STEP][PASSED] - Statement - Break: null

2018-06-09 21:35:31 - [TEST_STEP][PASSED] - selectOptionByIndex: All options with index in [43] are selected on object 'Object Repository/HealthpostToStore/Page_Store/select_--Select--Adernaline 0.'

2018-06-09 21:35:32 - [MESSAGE][PASSED] - All options with index in [43] are selected on object 'Object Repository/HealthpostToStore/Page_Store/select_--Select--Adernaline 0.'

2018-06-09 21:35:32 - [TEST_STEP][PASSED] - delay: Delayed 2 second(s)

2018-06-09 21:35:34 - [MESSAGE][PASSED] - Delayed 2 second(s)

2018-06-09 21:35:34 - [TEST_STEP][PASSED] - Statement - RequestedQty = com.kms.katalon.core.webui.keyword.WebUiBuiltInKeywords.getAttribute(com.kms.katalon.core.testobject.ObjectRepository.findTestObject(HealthpostToStore/Page_Store/input_txttotal), "value"): Attribute 'value' of object 'Object Repository/HealthpostToStore/Page_Store/input_txttotal' is: '10'

2018-06-09 21:35:34 - [MESSAGE][PASSED] - Attribute 'value' of object 'Object Repository/HealthpostToStore/Page_Store/input_txttotal' is: '10'

2018-06-09 21:35:34 - [TEST_STEP][PASSED] - Statement - out.println("Requested QTY : " + RequestedQty): null

2018-06-09 21:35:34 - [TEST_STEP][PASSED] - Statement - BatchNumber = com.kms.katalon.core.webui.keyword.WebUiBuiltInKeywords.getNumberOfTotalOption(com.kms.katalon.core.testobject.ObjectRepository.findTestObject(HealthpostToStore/Page_Store/select_--Select--BA1170BA2376B)): 5 options of object 'Object Repository/HealthpostToStore/Page_Store/select_--Select--BA1170BA2376B' counted

2018-06-09 21:35:34 - [MESSAGE][PASSED] - 5 options of object 'Object Repository/HealthpostToStore/Page_Store/select_--Select--BA1170BA2376B' counted

2018-06-09 21:35:34 - [TEST_STEP][PASSED] - Statement - For ([g = 1, g <= BatchNumber - 1, (g++)]): null

2018-06-09 21:35:34 - [TEST_STEP][PASSED] - selectOptionByIndex: All options with index in [1] are selected on object 'Object Repository/HealthpostToStore/Page_Store/select_--Select--BA1170BA2376B'

2018-06-09 21:35:34 - [MESSAGE][PASSED] - All options with index in [1] are selected on object 'Object Repository/HealthpostToStore/Page_Store/select_--Select--BA1170BA2376B'

2018-06-09 21:35:34 - [TEST_STEP][PASSED] - Statement - Try: null

2018-06-09 21:35:34 - [TEST_STEP][PASSED] - Statement - StockQty = com.kms.katalon.core.webui.keyword.WebUiBuiltInKeywords.getAttribute(com.kms.katalon.core.testobject.ObjectRepository.findTestObject(HealthpostToStore/Page_Store/input_txtprice), "value"): Attribute 'value' of object 'Object Repository/HealthpostToStore/Page_Store/input_txtprice' is: '240'

2018-06-09 21:35:34 - [MESSAGE][PASSED] - Attribute 'value' of object 'Object Repository/HealthpostToStore/Page_Store/input_txtprice' is: '240'

2018-06-09 21:35:34 - [TEST_STEP][PASSED] - Statement - out.println("Stock QTY : " + StockQty): null

2018-06-09 21:35:34 - [TEST_STEP][PASSED] - delay: Delayed 2 second(s)

2018-06-09 21:35:36 - [MESSAGE][PASSED] - Delayed 2 second(s)

2018-06-09 21:35:36 - [TEST_STEP][PASSED] - Statement - If (java.lang.String.valueOf(StockQty) >= java.lang.String.valueOf(RequestedQty)): null

2018-06-09 21:35:36 - [TEST_STEP][PASSED] - setText: Text '10' is set on object 'Object Repository/HealthpostToStore/Page_Store/input_txtqty'

2018-06-09 21:35:36 - [MESSAGE][PASSED] - Text '10' is set on object 'Object Repository/HealthpostToStore/Page_Store/input_txtqty'

2018-06-09 21:35:36 - [TEST_STEP][PASSED] - click: Object: 'Object Repository/HealthpostToStore/Page_Store/button_Add' is clicked on

2018-06-09 21:35:36 - [MESSAGE][PASSED] - Object: 'Object Repository/HealthpostToStore/Page_Store/button_Add' is clicked on

2018-06-09 21:35:36 - [TEST_STEP][PASSED] - Statement - Break: null

2018-06-09 21:35:36 - [TEST_STEP][PASSED] - selectOptionByIndex: All options with index in [44] are selected on object 'Object Repository/HealthpostToStore/Page_Store/select_--Select--Adernaline 0.'

2018-06-09 21:35:37 - [MESSAGE][PASSED] - All options with index in [44] are selected on object 'Object Repository/HealthpostToStore/Page_Store/select_--Select--Adernaline 0.'

2018-06-09 21:35:37 - [TEST_STEP][PASSED] - delay: Delayed 2 second(s)

2018-06-09 21:35:39 - [MESSAGE][PASSED] - Delayed 2 second(s)

2018-06-09 21:35:39 - [TEST_STEP][PASSED] - Statement - RequestedQty = com.kms.katalon.core.webui.keyword.WebUiBuiltInKeywords.getAttribute(com.kms.katalon.core.testobject.ObjectRepository.findTestObject(HealthpostToStore/Page_Store/input_txttotal), "value"): Attribute 'value' of object 'Object Repository/HealthpostToStore/Page_Store/input_txttotal' is: '10'

2018-06-09 21:35:39 - [MESSAGE][PASSED] - Attribute 'value' of object 'Object Repository/HealthpostToStore/Page_Store/input_txttotal' is: '10'

2018-06-09 21:35:39 - [TEST_STEP][PASSED] - Statement - out.println("Requested QTY : " + RequestedQty): null

2018-06-09 21:35:39 - [TEST_STEP][PASSED] - Statement - BatchNumber = com.kms.katalon.core.webui.keyword.WebUiBuiltInKeywords.getNumberOfTotalOption(com.kms.katalon.core.testobject.ObjectRepository.findTestObject(HealthpostToStore/Page_Store/select_--Select--BA1170BA2376B)): 4 options of object 'Object Repository/HealthpostToStore/Page_Store/select_--Select--BA1170BA2376B' counted

2018-06-09 21:35:39 - [MESSAGE][PASSED] - 4 options of object 'Object Repository/HealthpostToStore/Page_Store/select_--Select--BA1170BA2376B' counted

2018-06-09 21:35:39 - [TEST_STEP][PASSED] - Statement - For ([g = 1, g <= BatchNumber - 1, (g++)]): null

2018-06-09 21:35:39 - [TEST_STEP][PASSED] - selectOptionByIndex: All options with index in [1] are selected on object 'Object Repository/HealthpostToStore/Page_Store/select_--Select--BA1170BA2376B'

2018-06-09 21:35:39 - [MESSAGE][PASSED] - All options with index in [1] are selected on object 'Object Repository/HealthpostToStore/Page_Store/select_--Select--BA1170BA2376B'

2018-06-09 21:35:39 - [TEST_STEP][PASSED] - Statement - Try: null

2018-06-09 21:35:39 - [TEST_STEP][PASSED] - Statement - StockQty = com.kms.katalon.core.webui.keyword.WebUiBuiltInKeywords.getAttribute(com.kms.katalon.core.testobject.ObjectRepository.findTestObject(HealthpostToStore/Page_Store/input_txtprice), "value"): Attribute 'value' of object 'Object Repository/HealthpostToStore/Page_Store/input_txtprice' is: '580'

2018-06-09 21:35:39 - [MESSAGE][PASSED] - Attribute 'value' of object 'Object Repository/HealthpostToStore/Page_Store/input_txtprice' is: '580'

2018-06-09 21:35:39 - [TEST_STEP][PASSED] - Statement - out.println("Stock QTY : " + StockQty): null

2018-06-09 21:35:39 - [TEST_STEP][PASSED] - delay: Delayed 2 second(s)

2018-06-09 21:35:41 - [MESSAGE][PASSED] - Delayed 2 second(s)

2018-06-09 21:35:41 - [TEST_STEP][PASSED] - Statement - If (java.lang.String.valueOf(StockQty) >= java.lang.String.valueOf(RequestedQty)): null

2018-06-09 21:35:41 - [TEST_STEP][PASSED] - setText: Text '10' is set on object 'Object Repository/HealthpostToStore/Page_Store/input_txtqty'

2018-06-09 21:35:41 - [MESSAGE][PASSED] - Text '10' is set on object 'Object Repository/HealthpostToStore/Page_Store/input_txtqty'

2018-06-09 21:35:41 - [TEST_STEP][PASSED] - click: Object: 'Object Repository/HealthpostToStore/Page_Store/button_Add' is clicked on

2018-06-09 21:35:41 - [MESSAGE][PASSED] - Object: 'Object Repository/HealthpostToStore/Page_Store/button_Add' is clicked on

2018-06-09 21:35:41 - [TEST_STEP][PASSED] - Statement - Break: null

2018-06-09 21:35:41 - [TEST_STEP][PASSED] - selectOptionByIndex: All options with index in [45] are selected on object 'Object Repository/HealthpostToStore/Page_Store/select_--Select--Adernaline 0.'

2018-06-09 21:35:42 - [MESSAGE][PASSED] - All options with index in [45] are selected on object 'Object Repository/HealthpostToStore/Page_Store/select_--Select--Adernaline 0.'

2018-06-09 21:35:42 - [TEST_STEP][PASSED] - delay: Delayed 2 second(s)

2018-06-09 21:35:44 - [MESSAGE][PASSED] - Delayed 2 second(s)

2018-06-09 21:35:44 - [TEST_STEP][PASSED] - Statement - RequestedQty = com.kms.katalon.core.webui.keyword.WebUiBuiltInKeywords.getAttribute(com.kms.katalon.core.testobject.ObjectRepository.findTestObject(HealthpostToStore/Page_Store/input_txttotal), "value"): Attribute 'value' of object 'Object Repository/HealthpostToStore/Page_Store/input_txttotal' is: '10'

2018-06-09 21:35:44 - [MESSAGE][PASSED] - Attribute 'value' of object 'Object Repository/HealthpostToStore/Page_Store/input_txttotal' is: '10'

2018-06-09 21:35:44 - [TEST_STEP][PASSED] - Statement - out.println("Requested QTY : " + RequestedQty): null

2018-06-09 21:35:44 - [TEST_STEP][PASSED] - Statement - BatchNumber = com.kms.katalon.core.webui.keyword.WebUiBuiltInKeywords.getNumberOfTotalOption(com.kms.katalon.core.testobject.ObjectRepository.findTestObject(HealthpostToStore/Page_Store/select_--Select--BA1170BA2376B)): 6 options of object 'Object Repository/HealthpostToStore/Page_Store/select_--Select--BA1170BA2376B' counted

2018-06-09 21:35:44 - [MESSAGE][PASSED] - 6 options of object 'Object Repository/HealthpostToStore/Page_Store/select_--Select--BA1170BA2376B' counted

2018-06-09 21:35:44 - [TEST_STEP][PASSED] - Statement - For ([g = 1, g <= BatchNumber - 1, (g++)]): null

2018-06-09 21:35:44 - [TEST_STEP][PASSED] - selectOptionByIndex: All options with index in [1] are selected on object 'Object Repository/HealthpostToStore/Page_Store/select_--Select--BA1170BA2376B'

2018-06-09 21:35:44 - [MESSAGE][PASSED] - All options with index in [1] are selected on object 'Object Repository/HealthpostToStore/Page_Store/select_--Select--BA1170BA2376B'

2018-06-09 21:35:44 - [TEST_STEP][PASSED] - Statement - Try: null

2018-06-09 21:35:44 - [TEST_STEP][PASSED] - Statement - StockQty = com.kms.katalon.core.webui.keyword.WebUiBuiltInKeywords.getAttribute(com.kms.katalon.core.testobject.ObjectRepository.findTestObject(HealthpostToStore/Page_Store/input_txtprice), "value"): Attribute 'value' of object 'Object Repository/HealthpostToStore/Page_Store/input_txtprice' is: '240'

2018-06-09 21:35:44 - [MESSAGE][PASSED] - Attribute 'value' of object 'Object Repository/HealthpostToStore/Page_Store/input_txtprice' is: '240'

2018-06-09 21:35:44 - [TEST_STEP][PASSED] - Statement - out.println("Stock QTY : " + StockQty): null

2018-06-09 21:35:44 - [TEST_STEP][PASSED] - delay: Delayed 2 second(s)

2018-06-09 21:35:46 - [MESSAGE][PASSED] - Delayed 2 second(s)

2018-06-09 21:35:46 - [TEST_STEP][PASSED] - Statement - If (java.lang.String.valueOf(StockQty) >= java.lang.String.valueOf(RequestedQty)): null

2018-06-09 21:35:46 - [TEST_STEP][PASSED] - setText: Text '10' is set on object 'Object Repository/HealthpostToStore/Page_Store/input_txtqty'

2018-06-09 21:35:46 - [MESSAGE][PASSED] - Text '10' is set on object 'Object Repository/HealthpostToStore/Page_Store/input_txtqty'

2018-06-09 21:35:46 - [TEST_STEP][PASSED] - click: Object: 'Object Repository/HealthpostToStore/Page_Store/button_Add' is clicked on

2018-06-09 21:35:46 - [MESSAGE][PASSED] - Object: 'Object Repository/HealthpostToStore/Page_Store/button_Add' is clicked on

2018-06-09 21:35:46 - [TEST_STEP][PASSED] - Statement - Break: null

2018-06-09 21:35:46 - [TEST_STEP][PASSED] - selectOptionByIndex: All options with index in [46] are selected on object 'Object Repository/HealthpostToStore/Page_Store/select_--Select--Adernaline 0.'

2018-06-09 21:35:47 - [MESSAGE][PASSED] - All options with index in [46] are selected on object 'Object Repository/HealthpostToStore/Page_Store/select_--Select--Adernaline 0.'

2018-06-09 21:35:47 - [TEST_STEP][PASSED] - delay: Delayed 2 second(s)

2018-06-09 21:35:49 - [MESSAGE][PASSED] - Delayed 2 second(s)

2018-06-09 21:35:49 - [TEST_STEP][PASSED] - Statement - RequestedQty = com.kms.katalon.core.webui.keyword.WebUiBuiltInKeywords.getAttribute(com.kms.katalon.core.testobject.ObjectRepository.findTestObject(HealthpostToStore/Page_Store/input_txttotal), "value"): Attribute 'value' of object 'Object Repository/HealthpostToStore/Page_Store/input_txttotal' is: '10'

2018-06-09 21:35:49 - [MESSAGE][PASSED] - Attribute 'value' of object 'Object Repository/HealthpostToStore/Page_Store/input_txttotal' is: '10'

2018-06-09 21:35:49 - [TEST_STEP][PASSED] - Statement - out.println("Requested QTY : " + RequestedQty): null

2018-06-09 21:35:49 - [TEST_STEP][PASSED] - Statement - BatchNumber = com.kms.katalon.core.webui.keyword.WebUiBuiltInKeywords.getNumberOfTotalOption(com.kms.katalon.core.testobject.ObjectRepository.findTestObject(HealthpostToStore/Page_Store/select_--Select--BA1170BA2376B)): 4 options of object 'Object Repository/HealthpostToStore/Page_Store/select_--Select--BA1170BA2376B' counted

2018-06-09 21:35:49 - [MESSAGE][PASSED] - 4 options of object 'Object Repository/HealthpostToStore/Page_Store/select_--Select--BA1170BA2376B' counted

2018-06-09 21:35:49 - [TEST_STEP][PASSED] - Statement - For ([g = 1, g <= BatchNumber - 1, (g++)]): null

2018-06-09 21:35:49 - [TEST_STEP][PASSED] - selectOptionByIndex: All options with index in [1] are selected on object 'Object Repository/HealthpostToStore/Page_Store/select_--Select--BA1170BA2376B'

2018-06-09 21:35:49 - [MESSAGE][PASSED] - All options with index in [1] are selected on object 'Object Repository/HealthpostToStore/Page_Store/select_--Select--BA1170BA2376B'

2018-06-09 21:35:49 - [TEST_STEP][PASSED] - Statement - Try: null

2018-06-09 21:35:49 - [TEST_STEP][PASSED] - Statement - StockQty = com.kms.katalon.core.webui.keyword.WebUiBuiltInKeywords.getAttribute(com.kms.katalon.core.testobject.ObjectRepository.findTestObject(HealthpostToStore/Page_Store/input_txtprice), "value"): Attribute 'value' of object 'Object Repository/HealthpostToStore/Page_Store/input_txtprice' is: '240'

2018-06-09 21:35:49 - [MESSAGE][PASSED] - Attribute 'value' of object 'Object Repository/HealthpostToStore/Page_Store/input_txtprice' is: '240'

2018-06-09 21:35:49 - [TEST_STEP][PASSED] - Statement - out.println("Stock QTY : " + StockQty): null

2018-06-09 21:35:49 - [TEST_STEP][PASSED] - delay: Delayed 2 second(s)

2018-06-09 21:35:51 - [MESSAGE][PASSED] - Delayed 2 second(s)

2018-06-09 21:35:51 - [TEST_STEP][PASSED] - Statement - If (java.lang.String.valueOf(StockQty) >= java.lang.String.valueOf(RequestedQty)): null

2018-06-09 21:35:51 - [TEST_STEP][PASSED] - setText: Text '10' is set on object 'Object Repository/HealthpostToStore/Page_Store/input_txtqty'

2018-06-09 21:35:51 - [MESSAGE][PASSED] - Text '10' is set on object 'Object Repository/HealthpostToStore/Page_Store/input_txtqty'

2018-06-09 21:35:51 - [TEST_STEP][PASSED] - click: Object: 'Object Repository/HealthpostToStore/Page_Store/button_Add' is clicked on

2018-06-09 21:35:51 - [MESSAGE][PASSED] - Object: 'Object Repository/HealthpostToStore/Page_Store/button_Add' is clicked on

2018-06-09 21:35:51 - [TEST_STEP][PASSED] - Statement - Break: null

2018-06-09 21:35:51 - [TEST_STEP][PASSED] - selectOptionByIndex: All options with index in [47] are selected on object 'Object Repository/HealthpostToStore/Page_Store/select_--Select--Adernaline 0.'

2018-06-09 21:35:52 - [MESSAGE][PASSED] - All options with index in [47] are selected on object 'Object Repository/HealthpostToStore/Page_Store/select_--Select--Adernaline 0.'

2018-06-09 21:35:52 - [TEST_STEP][PASSED] - delay: Delayed 2 second(s)

2018-06-09 21:35:54 - [MESSAGE][PASSED] - Delayed 2 second(s)

2018-06-09 21:35:54 - [TEST_STEP][PASSED] - Statement - RequestedQty = com.kms.katalon.core.webui.keyword.WebUiBuiltInKeywords.getAttribute(com.kms.katalon.core.testobject.ObjectRepository.findTestObject(HealthpostToStore/Page_Store/input_txttotal), "value"): Attribute 'value' of object 'Object Repository/HealthpostToStore/Page_Store/input_txttotal' is: '10'

2018-06-09 21:35:54 - [MESSAGE][PASSED] - Attribute 'value' of object 'Object Repository/HealthpostToStore/Page_Store/input_txttotal' is: '10'

2018-06-09 21:35:54 - [TEST_STEP][PASSED] - Statement - out.println("Requested QTY : " + RequestedQty): null

2018-06-09 21:35:54 - [TEST_STEP][PASSED] - Statement - BatchNumber = com.kms.katalon.core.webui.keyword.WebUiBuiltInKeywords.getNumberOfTotalOption(com.kms.katalon.core.testobject.ObjectRepository.findTestObject(HealthpostToStore/Page_Store/select_--Select--BA1170BA2376B)): 4 options of object 'Object Repository/HealthpostToStore/Page_Store/select_--Select--BA1170BA2376B' counted

2018-06-09 21:35:54 - [MESSAGE][PASSED] - 4 options of object 'Object Repository/HealthpostToStore/Page_Store/select_--Select--BA1170BA2376B' counted

2018-06-09 21:35:54 - [TEST_STEP][PASSED] - Statement - For ([g = 1, g <= BatchNumber - 1, (g++)]): null

2018-06-09 21:35:54 - [TEST_STEP][PASSED] - selectOptionByIndex: All options with index in [1] are selected on object 'Object Repository/HealthpostToStore/Page_Store/select_--Select--BA1170BA2376B'

2018-06-09 21:35:54 - [MESSAGE][PASSED] - All options with index in [1] are selected on object 'Object Repository/HealthpostToStore/Page_Store/select_--Select--BA1170BA2376B'

2018-06-09 21:35:54 - [TEST_STEP][PASSED] - Statement - Try: null

2018-06-09 21:35:54 - [TEST_STEP][PASSED] - Statement - StockQty = com.kms.katalon.core.webui.keyword.WebUiBuiltInKeywords.getAttribute(com.kms.katalon.core.testobject.ObjectRepository.findTestObject(HealthpostToStore/Page_Store/input_txtprice), "value"): Attribute 'value' of object 'Object Repository/HealthpostToStore/Page_Store/input_txtprice' is: '580'

2018-06-09 21:35:54 - [MESSAGE][PASSED] - Attribute 'value' of object 'Object Repository/HealthpostToStore/Page_Store/input_txtprice' is: '580'

2018-06-09 21:35:54 - [TEST_STEP][PASSED] - Statement - out.println("Stock QTY : " + StockQty): null

2018-06-09 21:35:54 - [TEST_STEP][PASSED] - delay: Delayed 2 second(s)

2018-06-09 21:35:56 - [MESSAGE][PASSED] - Delayed 2 second(s)

2018-06-09 21:35:56 - [TEST_STEP][PASSED] - Statement - If (java.lang.String.valueOf(StockQty) >= java.lang.String.valueOf(RequestedQty)): null

2018-06-09 21:35:56 - [TEST_STEP][PASSED] - setText: Text '10' is set on object 'Object Repository/HealthpostToStore/Page_Store/input_txtqty'

2018-06-09 21:35:56 - [MESSAGE][PASSED] - Text '10' is set on object 'Object Repository/HealthpostToStore/Page_Store/input_txtqty'

2018-06-09 21:35:56 - [TEST_STEP][PASSED] - click: Object: 'Object Repository/HealthpostToStore/Page_Store/button_Add' is clicked on

2018-06-09 21:35:56 - [MESSAGE][PASSED] - Object: 'Object Repository/HealthpostToStore/Page_Store/button_Add' is clicked on

2018-06-09 21:35:56 - [TEST_STEP][PASSED] - Statement - Break: null

2018-06-09 21:35:56 - [TEST_STEP][PASSED] - selectOptionByIndex: All options with index in [48] are selected on object 'Object Repository/HealthpostToStore/Page_Store/select_--Select--Adernaline 0.'

2018-06-09 21:35:57 - [MESSAGE][PASSED] - All options with index in [48] are selected on object 'Object Repository/HealthpostToStore/Page_Store/select_--Select--Adernaline 0.'

2018-06-09 21:35:57 - [TEST_STEP][PASSED] - delay: Delayed 2 second(s)

2018-06-09 21:35:59 - [MESSAGE][PASSED] - Delayed 2 second(s)

2018-06-09 21:35:59 - [TEST_STEP][PASSED] - Statement - RequestedQty = com.kms.katalon.core.webui.keyword.WebUiBuiltInKeywords.getAttribute(com.kms.katalon.core.testobject.ObjectRepository.findTestObject(HealthpostToStore/Page_Store/input_txttotal), "value"): Attribute 'value' of object 'Object Repository/HealthpostToStore/Page_Store/input_txttotal' is: '10'

2018-06-09 21:35:59 - [MESSAGE][PASSED] - Attribute 'value' of object 'Object Repository/HealthpostToStore/Page_Store/input_txttotal' is: '10'

2018-06-09 21:35:59 - [TEST_STEP][PASSED] - Statement - out.println("Requested QTY : " + RequestedQty): null

2018-06-09 21:35:59 - [TEST_STEP][PASSED] - Statement - BatchNumber = com.kms.katalon.core.webui.keyword.WebUiBuiltInKeywords.getNumberOfTotalOption(com.kms.katalon.core.testobject.ObjectRepository.findTestObject(HealthpostToStore/Page_Store/select_--Select--BA1170BA2376B)): 4 options of object 'Object Repository/HealthpostToStore/Page_Store/select_--Select--BA1170BA2376B' counted

2018-06-09 21:35:59 - [MESSAGE][PASSED] - 4 options of object 'Object Repository/HealthpostToStore/Page_Store/select_--Select--BA1170BA2376B' counted

2018-06-09 21:35:59 - [TEST_STEP][PASSED] - Statement - For ([g = 1, g <= BatchNumber - 1, (g++)]): null

2018-06-09 21:35:59 - [TEST_STEP][PASSED] - selectOptionByIndex: All options with index in [1] are selected on object 'Object Repository/HealthpostToStore/Page_Store/select_--Select--BA1170BA2376B'

2018-06-09 21:35:59 - [MESSAGE][PASSED] - All options with index in [1] are selected on object 'Object Repository/HealthpostToStore/Page_Store/select_--Select--BA1170BA2376B'

2018-06-09 21:35:59 - [TEST_STEP][PASSED] - Statement - Try: null

2018-06-09 21:35:59 - [TEST_STEP][PASSED] - Statement - StockQty = com.kms.katalon.core.webui.keyword.WebUiBuiltInKeywords.getAttribute(com.kms.katalon.core.testobject.ObjectRepository.findTestObject(HealthpostToStore/Page_Store/input_txtprice), "value"): Attribute 'value' of object 'Object Repository/HealthpostToStore/Page_Store/input_txtprice' is: '240'

2018-06-09 21:35:59 - [MESSAGE][PASSED] - Attribute 'value' of object 'Object Repository/HealthpostToStore/Page_Store/input_txtprice' is: '240'

2018-06-09 21:35:59 - [TEST_STEP][PASSED] - Statement - out.println("Stock QTY : " + StockQty): null

2018-06-09 21:35:59 - [TEST_STEP][PASSED] - delay: Delayed 2 second(s)

2018-06-09 21:36:01 - [MESSAGE][PASSED] - Delayed 2 second(s)

2018-06-09 21:36:01 - [TEST_STEP][PASSED] - Statement - If (java.lang.String.valueOf(StockQty) >= java.lang.String.valueOf(RequestedQty)): null

2018-06-09 21:36:01 - [TEST_STEP][PASSED] - setText: Text '10' is set on object 'Object Repository/HealthpostToStore/Page_Store/input_txtqty'

2018-06-09 21:36:01 - [MESSAGE][PASSED] - Text '10' is set on object 'Object Repository/HealthpostToStore/Page_Store/input_txtqty'

2018-06-09 21:36:01 - [TEST_STEP][PASSED] - click: Object: 'Object Repository/HealthpostToStore/Page_Store/button_Add' is clicked on

2018-06-09 21:36:01 - [MESSAGE][PASSED] - Object: 'Object Repository/HealthpostToStore/Page_Store/button_Add' is clicked on

2018-06-09 21:36:01 - [TEST_STEP][PASSED] - Statement - Break: null

2018-06-09 21:36:01 - [TEST_STEP][PASSED] - selectOptionByIndex: All options with index in [49] are selected on object 'Object Repository/HealthpostToStore/Page_Store/select_--Select--Adernaline 0.'

2018-06-09 21:36:02 - [MESSAGE][PASSED] - All options with index in [49] are selected on object 'Object Repository/HealthpostToStore/Page_Store/select_--Select--Adernaline 0.'

2018-06-09 21:36:02 - [TEST_STEP][PASSED] - delay: Delayed 2 second(s)

2018-06-09 21:36:04 - [MESSAGE][PASSED] - Delayed 2 second(s)

2018-06-09 21:36:04 - [TEST_STEP][PASSED] - Statement - RequestedQty = com.kms.katalon.core.webui.keyword.WebUiBuiltInKeywords.getAttribute(com.kms.katalon.core.testobject.ObjectRepository.findTestObject(HealthpostToStore/Page_Store/input_txttotal), "value"): Attribute 'value' of object 'Object Repository/HealthpostToStore/Page_Store/input_txttotal' is: '10'

2018-06-09 21:36:04 - [MESSAGE][PASSED] - Attribute 'value' of object 'Object Repository/HealthpostToStore/Page_Store/input_txttotal' is: '10'

2018-06-09 21:36:04 - [TEST_STEP][PASSED] - Statement - out.println("Requested QTY : " + RequestedQty): null

2018-06-09 21:36:04 - [TEST_STEP][PASSED] - Statement - BatchNumber = com.kms.katalon.core.webui.keyword.WebUiBuiltInKeywords.getNumberOfTotalOption(com.kms.katalon.core.testobject.ObjectRepository.findTestObject(HealthpostToStore/Page_Store/select_--Select--BA1170BA2376B)): 2 options of object 'Object Repository/HealthpostToStore/Page_Store/select_--Select--BA1170BA2376B' counted

2018-06-09 21:36:04 - [MESSAGE][PASSED] - 2 options of object 'Object Repository/HealthpostToStore/Page_Store/select_--Select--BA1170BA2376B' counted

2018-06-09 21:36:04 - [TEST_STEP][PASSED] - Statement - For ([g = 1, g <= BatchNumber - 1, (g++)]): null

2018-06-09 21:36:04 - [TEST_STEP][PASSED] - selectOptionByIndex: All options with index in [1] are selected on object 'Object Repository/HealthpostToStore/Page_Store/select_--Select--BA1170BA2376B'

2018-06-09 21:36:04 - [MESSAGE][PASSED] - All options with index in [1] are selected on object 'Object Repository/HealthpostToStore/Page_Store/select_--Select--BA1170BA2376B'

2018-06-09 21:36:04 - [TEST_STEP][PASSED] - Statement - Try: null

2018-06-09 21:36:04 - [TEST_STEP][PASSED] - Statement - StockQty = com.kms.katalon.core.webui.keyword.WebUiBuiltInKeywords.getAttribute(com.kms.katalon.core.testobject.ObjectRepository.findTestObject(HealthpostToStore/Page_Store/input_txtprice), "value"): Attribute 'value' of object 'Object Repository/HealthpostToStore/Page_Store/input_txtprice' is: '2620'

2018-06-09 21:36:04 - [MESSAGE][PASSED] - Attribute 'value' of object 'Object Repository/HealthpostToStore/Page_Store/input_txtprice' is: '2620'

2018-06-09 21:36:04 - [TEST_STEP][PASSED] - Statement - out.println("Stock QTY : " + StockQty): null

2018-06-09 21:36:04 - [TEST_STEP][PASSED] - delay: Delayed 2 second(s)

2018-06-09 21:36:06 - [MESSAGE][PASSED] - Delayed 2 second(s)

2018-06-09 21:36:06 - [TEST_STEP][PASSED] - Statement - If (java.lang.String.valueOf(StockQty) >= java.lang.String.valueOf(RequestedQty)): null

2018-06-09 21:36:06 - [TEST_STEP][PASSED] - setText: Text '10' is set on object 'Object Repository/HealthpostToStore/Page_Store/input_txtqty'

2018-06-09 21:36:06 - [MESSAGE][PASSED] - Text '10' is set on object 'Object Repository/HealthpostToStore/Page_Store/input_txtqty'

2018-06-09 21:36:06 - [TEST_STEP][PASSED] - click: Object: 'Object Repository/HealthpostToStore/Page_Store/button_Add' is clicked on

2018-06-09 21:36:06 - [MESSAGE][PASSED] - Object: 'Object Repository/HealthpostToStore/Page_Store/button_Add' is clicked on

2018-06-09 21:36:06 - [TEST_STEP][PASSED] - Statement - Break: null

2018-06-09 21:36:06 - [TEST_STEP][PASSED] - selectOptionByIndex: All options with index in [50] are selected on object 'Object Repository/HealthpostToStore/Page_Store/select_--Select--Adernaline 0.'

2018-06-09 21:36:07 - [MESSAGE][PASSED] - All options with index in [50] are selected on object 'Object Repository/HealthpostToStore/Page_Store/select_--Select--Adernaline 0.'

2018-06-09 21:36:07 - [TEST_STEP][PASSED] - delay: Delayed 2 second(s)

2018-06-09 21:36:09 - [MESSAGE][PASSED] - Delayed 2 second(s)

2018-06-09 21:36:09 - [TEST_STEP][PASSED] - Statement - RequestedQty = com.kms.katalon.core.webui.keyword.WebUiBuiltInKeywords.getAttribute(com.kms.katalon.core.testobject.ObjectRepository.findTestObject(HealthpostToStore/Page_Store/input_txttotal), "value"): Attribute 'value' of object 'Object Repository/HealthpostToStore/Page_Store/input_txttotal' is: '10'

2018-06-09 21:36:09 - [MESSAGE][PASSED] - Attribute 'value' of object 'Object Repository/HealthpostToStore/Page_Store/input_txttotal' is: '10'

2018-06-09 21:36:09 - [TEST_STEP][PASSED] - Statement - out.println("Requested QTY : " + RequestedQty): null

2018-06-09 21:36:09 - [TEST_STEP][PASSED] - Statement - BatchNumber = com.kms.katalon.core.webui.keyword.WebUiBuiltInKeywords.getNumberOfTotalOption(com.kms.katalon.core.testobject.ObjectRepository.findTestObject(HealthpostToStore/Page_Store/select_--Select--BA1170BA2376B)): 4 options of object 'Object Repository/HealthpostToStore/Page_Store/select_--Select--BA1170BA2376B' counted

2018-06-09 21:36:09 - [MESSAGE][PASSED] - 4 options of object 'Object Repository/HealthpostToStore/Page_Store/select_--Select--BA1170BA2376B' counted

2018-06-09 21:36:09 - [TEST_STEP][PASSED] - Statement - For ([g = 1, g <= BatchNumber - 1, (g++)]): null

2018-06-09 21:36:09 - [TEST_STEP][PASSED] - selectOptionByIndex: All options with index in [1] are selected on object 'Object Repository/HealthpostToStore/Page_Store/select_--Select--BA1170BA2376B'

2018-06-09 21:36:09 - [MESSAGE][PASSED] - All options with index in [1] are selected on object 'Object Repository/HealthpostToStore/Page_Store/select_--Select--BA1170BA2376B'

2018-06-09 21:36:09 - [TEST_STEP][PASSED] - Statement - Try: null

2018-06-09 21:36:09 - [TEST_STEP][PASSED] - Statement - StockQty = com.kms.katalon.core.webui.keyword.WebUiBuiltInKeywords.getAttribute(com.kms.katalon.core.testobject.ObjectRepository.findTestObject(HealthpostToStore/Page_Store/input_txtprice), "value"): Attribute 'value' of object 'Object Repository/HealthpostToStore/Page_Store/input_txtprice' is: '580'

2018-06-09 21:36:09 - [MESSAGE][PASSED] - Attribute 'value' of object 'Object Repository/HealthpostToStore/Page_Store/input_txtprice' is: '580'

2018-06-09 21:36:09 - [TEST_STEP][PASSED] - Statement - out.println("Stock QTY : " + StockQty): null

2018-06-09 21:36:09 - [TEST_STEP][PASSED] - delay: Delayed 2 second(s)

2018-06-09 21:36:11 - [MESSAGE][PASSED] - Delayed 2 second(s)

2018-06-09 21:36:11 - [TEST_STEP][PASSED] - Statement - If (java.lang.String.valueOf(StockQty) >= java.lang.String.valueOf(RequestedQty)): null

2018-06-09 21:36:11 - [TEST_STEP][PASSED] - setText: Text '10' is set on object 'Object Repository/HealthpostToStore/Page_Store/input_txtqty'

2018-06-09 21:36:11 - [MESSAGE][PASSED] - Text '10' is set on object 'Object Repository/HealthpostToStore/Page_Store/input_txtqty'

2018-06-09 21:36:11 - [TEST_STEP][PASSED] - click: Object: 'Object Repository/HealthpostToStore/Page_Store/button_Add' is clicked on

2018-06-09 21:36:11 - [MESSAGE][PASSED] - Object: 'Object Repository/HealthpostToStore/Page_Store/button_Add' is clicked on

2018-06-09 21:36:11 - [TEST_STEP][PASSED] - Statement - Break: null

2018-06-09 21:36:11 - [TEST_STEP][PASSED] - selectOptionByIndex: All options with index in [51] are selected on object 'Object Repository/HealthpostToStore/Page_Store/select_--Select--Adernaline 0.'

2018-06-09 21:36:12 - [MESSAGE][PASSED] - All options with index in [51] are selected on object 'Object Repository/HealthpostToStore/Page_Store/select_--Select--Adernaline 0.'

2018-06-09 21:36:12 - [TEST_STEP][PASSED] - delay: Delayed 2 second(s)

2018-06-09 21:36:14 - [MESSAGE][PASSED] - Delayed 2 second(s)

2018-06-09 21:36:14 - [TEST_STEP][PASSED] - Statement - RequestedQty = com.kms.katalon.core.webui.keyword.WebUiBuiltInKeywords.getAttribute(com.kms.katalon.core.testobject.ObjectRepository.findTestObject(HealthpostToStore/Page_Store/input_txttotal), "value"): Attribute 'value' of object 'Object Repository/HealthpostToStore/Page_Store/input_txttotal' is: '10'

2018-06-09 21:36:14 - [MESSAGE][PASSED] - Attribute 'value' of object 'Object Repository/HealthpostToStore/Page_Store/input_txttotal' is: '10'

2018-06-09 21:36:14 - [TEST_STEP][PASSED] - Statement - out.println("Requested QTY : " + RequestedQty): null

2018-06-09 21:36:14 - [TEST_STEP][PASSED] - Statement - BatchNumber = com.kms.katalon.core.webui.keyword.WebUiBuiltInKeywords.getNumberOfTotalOption(com.kms.katalon.core.testobject.ObjectRepository.findTestObject(HealthpostToStore/Page_Store/select_--Select--BA1170BA2376B)): 3 options of object 'Object Repository/HealthpostToStore/Page_Store/select_--Select--BA1170BA2376B' counted

2018-06-09 21:36:14 - [MESSAGE][PASSED] - 3 options of object 'Object Repository/HealthpostToStore/Page_Store/select_--Select--BA1170BA2376B' counted

2018-06-09 21:36:14 - [TEST_STEP][PASSED] - Statement - For ([g = 1, g <= BatchNumber - 1, (g++)]): null

2018-06-09 21:36:14 - [TEST_STEP][PASSED] - selectOptionByIndex: All options with index in [1] are selected on object 'Object Repository/HealthpostToStore/Page_Store/select_--Select--BA1170BA2376B'

2018-06-09 21:36:14 - [MESSAGE][PASSED] - All options with index in [1] are selected on object 'Object Repository/HealthpostToStore/Page_Store/select_--Select--BA1170BA2376B'

2018-06-09 21:36:14 - [TEST_STEP][PASSED] - Statement - Try: null

2018-06-09 21:36:14 - [TEST_STEP][PASSED] - Statement - StockQty = com.kms.katalon.core.webui.keyword.WebUiBuiltInKeywords.getAttribute(com.kms.katalon.core.testobject.ObjectRepository.findTestObject(HealthpostToStore/Page_Store/input_txtprice), "value"): Attribute 'value' of object 'Object Repository/HealthpostToStore/Page_Store/input_txtprice' is: '1520'

2018-06-09 21:36:14 - [MESSAGE][PASSED] - Attribute 'value' of object 'Object Repository/HealthpostToStore/Page_Store/input_txtprice' is: '1520'

2018-06-09 21:36:14 - [TEST_STEP][PASSED] - Statement - out.println("Stock QTY : " + StockQty): null

2018-06-09 21:36:14 - [TEST_STEP][PASSED] - delay: Delayed 2 second(s)

2018-06-09 21:36:16 - [MESSAGE][PASSED] - Delayed 2 second(s)

2018-06-09 21:36:16 - [TEST_STEP][PASSED] - Statement - If (java.lang.String.valueOf(StockQty) >= java.lang.String.valueOf(RequestedQty)): null

2018-06-09 21:36:16 - [TEST_STEP][PASSED] - setText: Text '10' is set on object 'Object Repository/HealthpostToStore/Page_Store/input_txtqty'

2018-06-09 21:36:16 - [MESSAGE][PASSED] - Text '10' is set on object 'Object Repository/HealthpostToStore/Page_Store/input_txtqty'

2018-06-09 21:36:16 - [TEST_STEP][PASSED] - click: Object: 'Object Repository/HealthpostToStore/Page_Store/button_Add' is clicked on

2018-06-09 21:36:16 - [MESSAGE][PASSED] - Object: 'Object Repository/HealthpostToStore/Page_Store/button_Add' is clicked on

2018-06-09 21:36:16 - [TEST_STEP][PASSED] - Statement - Break: null

2018-06-09 21:36:16 - [TEST_STEP][PASSED] - selectOptionByIndex: All options with index in [52] are selected on object 'Object Repository/HealthpostToStore/Page_Store/select_--Select--Adernaline 0.'

2018-06-09 21:36:17 - [MESSAGE][PASSED] - All options with index in [52] are selected on object 'Object Repository/HealthpostToStore/Page_Store/select_--Select--Adernaline 0.'

2018-06-09 21:36:17 - [TEST_STEP][PASSED] - delay: Delayed 2 second(s)

2018-06-09 21:36:19 - [MESSAGE][PASSED] - Delayed 2 second(s)

2018-06-09 21:36:19 - [TEST_STEP][PASSED] - Statement - RequestedQty = com.kms.katalon.core.webui.keyword.WebUiBuiltInKeywords.getAttribute(com.kms.katalon.core.testobject.ObjectRepository.findTestObject(HealthpostToStore/Page_Store/input_txttotal), "value"): Attribute 'value' of object 'Object Repository/HealthpostToStore/Page_Store/input_txttotal' is: '10'

2018-06-09 21:36:19 - [MESSAGE][PASSED] - Attribute 'value' of object 'Object Repository/HealthpostToStore/Page_Store/input_txttotal' is: '10'

2018-06-09 21:36:19 - [TEST_STEP][PASSED] - Statement - out.println("Requested QTY : " + RequestedQty): null

2018-06-09 21:36:19 - [TEST_STEP][PASSED] - Statement - BatchNumber = com.kms.katalon.core.webui.keyword.WebUiBuiltInKeywords.getNumberOfTotalOption(com.kms.katalon.core.testobject.ObjectRepository.findTestObject(HealthpostToStore/Page_Store/select_--Select--BA1170BA2376B)): 2 options of object 'Object Repository/HealthpostToStore/Page_Store/select_--Select--BA1170BA2376B' counted

2018-06-09 21:36:19 - [MESSAGE][PASSED] - 2 options of object 'Object Repository/HealthpostToStore/Page_Store/select_--Select--BA1170BA2376B' counted

2018-06-09 21:36:19 - [TEST_STEP][PASSED] - Statement - For ([g = 1, g <= BatchNumber - 1, (g++)]): null

2018-06-09 21:36:19 - [TEST_STEP][PASSED] - selectOptionByIndex: All options with index in [1] are selected on object 'Object Repository/HealthpostToStore/Page_Store/select_--Select--BA1170BA2376B'

2018-06-09 21:36:19 - [MESSAGE][PASSED] - All options with index in [1] are selected on object 'Object Repository/HealthpostToStore/Page_Store/select_--Select--BA1170BA2376B'

2018-06-09 21:36:19 - [TEST_STEP][PASSED] - Statement - Try: null

2018-06-09 21:36:19 - [TEST_STEP][PASSED] - Statement - StockQty = com.kms.katalon.core.webui.keyword.WebUiBuiltInKeywords.getAttribute(com.kms.katalon.core.testobject.ObjectRepository.findTestObject(HealthpostToStore/Page_Store/input_txtprice), "value"): Attribute 'value' of object 'Object Repository/HealthpostToStore/Page_Store/input_txtprice' is: '2620'

2018-06-09 21:36:19 - [MESSAGE][PASSED] - Attribute 'value' of object 'Object Repository/HealthpostToStore/Page_Store/input_txtprice' is: '2620'

2018-06-09 21:36:19 - [TEST_STEP][PASSED] - Statement - out.println("Stock QTY : " + StockQty): null

2018-06-09 21:36:19 - [TEST_STEP][PASSED] - delay: Delayed 2 second(s)

2018-06-09 21:36:21 - [MESSAGE][PASSED] - Delayed 2 second(s)

2018-06-09 21:36:21 - [TEST_STEP][PASSED] - Statement - If (java.lang.String.valueOf(StockQty) >= java.lang.String.valueOf(RequestedQty)): null

2018-06-09 21:36:21 - [TEST_STEP][PASSED] - setText: Text '10' is set on object 'Object Repository/HealthpostToStore/Page_Store/input_txtqty'

2018-06-09 21:36:21 - [MESSAGE][PASSED] - Text '10' is set on object 'Object Repository/HealthpostToStore/Page_Store/input_txtqty'

2018-06-09 21:36:21 - [TEST_STEP][PASSED] - click: Object: 'Object Repository/HealthpostToStore/Page_Store/button_Add' is clicked on

2018-06-09 21:36:21 - [MESSAGE][PASSED] - Object: 'Object Repository/HealthpostToStore/Page_Store/button_Add' is clicked on

2018-06-09 21:36:21 - [TEST_STEP][PASSED] - Statement - Break: null

2018-06-09 21:36:21 - [TEST_STEP][PASSED] - selectOptionByIndex: All options with index in [53] are selected on object 'Object Repository/HealthpostToStore/Page_Store/select_--Select--Adernaline 0.'

2018-06-09 21:36:22 - [MESSAGE][PASSED] - All options with index in [53] are selected on object 'Object Repository/HealthpostToStore/Page_Store/select_--Select--Adernaline 0.'

2018-06-09 21:36:22 - [TEST_STEP][PASSED] - delay: Delayed 2 second(s)

2018-06-09 21:36:24 - [MESSAGE][PASSED] - Delayed 2 second(s)

2018-06-09 21:36:24 - [TEST_STEP][PASSED] - Statement - RequestedQty = com.kms.katalon.core.webui.keyword.WebUiBuiltInKeywords.getAttribute(com.kms.katalon.core.testobject.ObjectRepository.findTestObject(HealthpostToStore/Page_Store/input_txttotal), "value"): Attribute 'value' of object 'Object Repository/HealthpostToStore/Page_Store/input_txttotal' is: '10'

2018-06-09 21:36:24 - [MESSAGE][PASSED] - Attribute 'value' of object 'Object Repository/HealthpostToStore/Page_Store/input_txttotal' is: '10'

2018-06-09 21:36:24 - [TEST_STEP][PASSED] - Statement - out.println("Requested QTY : " + RequestedQty): null

2018-06-09 21:36:24 - [TEST_STEP][PASSED] - Statement - BatchNumber = com.kms.katalon.core.webui.keyword.WebUiBuiltInKeywords.getNumberOfTotalOption(com.kms.katalon.core.testobject.ObjectRepository.findTestObject(HealthpostToStore/Page_Store/select_--Select--BA1170BA2376B)): 3 options of object 'Object Repository/HealthpostToStore/Page_Store/select_--Select--BA1170BA2376B' counted

2018-06-09 21:36:24 - [MESSAGE][PASSED] - 3 options of object 'Object Repository/HealthpostToStore/Page_Store/select_--Select--BA1170BA2376B' counted

2018-06-09 21:36:24 - [TEST_STEP][PASSED] - Statement - For ([g = 1, g <= BatchNumber - 1, (g++)]): null

2018-06-09 21:36:24 - [TEST_STEP][PASSED] - selectOptionByIndex: All options with index in [1] are selected on object 'Object Repository/HealthpostToStore/Page_Store/select_--Select--BA1170BA2376B'

2018-06-09 21:36:24 - [MESSAGE][PASSED] - All options with index in [1] are selected on object 'Object Repository/HealthpostToStore/Page_Store/select_--Select--BA1170BA2376B'

2018-06-09 21:36:24 - [TEST_STEP][PASSED] - Statement - Try: null

2018-06-09 21:36:24 - [TEST_STEP][PASSED] - Statement - StockQty = com.kms.katalon.core.webui.keyword.WebUiBuiltInKeywords.getAttribute(com.kms.katalon.core.testobject.ObjectRepository.findTestObject(HealthpostToStore/Page_Store/input_txtprice), "value"): Attribute 'value' of object 'Object Repository/HealthpostToStore/Page_Store/input_txtprice' is: '1520'

2018-06-09 21:36:24 - [MESSAGE][PASSED] - Attribute 'value' of object 'Object Repository/HealthpostToStore/Page_Store/input_txtprice' is: '1520'

2018-06-09 21:36:24 - [TEST_STEP][PASSED] - Statement - out.println("Stock QTY : " + StockQty): null

2018-06-09 21:36:24 - [TEST_STEP][PASSED] - delay: Delayed 2 second(s)

2018-06-09 21:36:26 - [MESSAGE][PASSED] - Delayed 2 second(s)

2018-06-09 21:36:26 - [TEST_STEP][PASSED] - Statement - If (java.lang.String.valueOf(StockQty) >= java.lang.String.valueOf(RequestedQty)): null

2018-06-09 21:36:26 - [TEST_STEP][PASSED] - setText: Text '10' is set on object 'Object Repository/HealthpostToStore/Page_Store/input_txtqty'

2018-06-09 21:36:26 - [MESSAGE][PASSED] - Text '10' is set on object 'Object Repository/HealthpostToStore/Page_Store/input_txtqty'

2018-06-09 21:36:26 - [TEST_STEP][PASSED] - click: Object: 'Object Repository/HealthpostToStore/Page_Store/button_Add' is clicked on

2018-06-09 21:36:26 - [MESSAGE][PASSED] - Object: 'Object Repository/HealthpostToStore/Page_Store/button_Add' is clicked on

2018-06-09 21:36:26 - [TEST_STEP][PASSED] - Statement - Break: null

2018-06-09 21:36:26 - [TEST_STEP][PASSED] - selectOptionByIndex: All options with index in [54] are selected on object 'Object Repository/HealthpostToStore/Page_Store/select_--Select--Adernaline 0.'

2018-06-09 21:36:27 - [MESSAGE][PASSED] - All options with index in [54] are selected on object 'Object Repository/HealthpostToStore/Page_Store/select_--Select--Adernaline 0.'

2018-06-09 21:36:27 - [TEST_STEP][PASSED] - delay: Delayed 2 second(s)

2018-06-09 21:36:29 - [MESSAGE][PASSED] - Delayed 2 second(s)

2018-06-09 21:36:29 - [TEST_STEP][PASSED] - Statement - RequestedQty = com.kms.katalon.core.webui.keyword.WebUiBuiltInKeywords.getAttribute(com.kms.katalon.core.testobject.ObjectRepository.findTestObject(HealthpostToStore/Page_Store/input_txttotal), "value"): Attribute 'value' of object 'Object Repository/HealthpostToStore/Page_Store/input_txttotal' is: '10'

2018-06-09 21:36:29 - [MESSAGE][PASSED] - Attribute 'value' of object 'Object Repository/HealthpostToStore/Page_Store/input_txttotal' is: '10'

2018-06-09 21:36:29 - [TEST_STEP][PASSED] - Statement - out.println("Requested QTY : " + RequestedQty): null

2018-06-09 21:36:29 - [TEST_STEP][PASSED] - Statement - BatchNumber = com.kms.katalon.core.webui.keyword.WebUiBuiltInKeywords.getNumberOfTotalOption(com.kms.katalon.core.testobject.ObjectRepository.findTestObject(HealthpostToStore/Page_Store/select_--Select--BA1170BA2376B)): 4 options of object 'Object Repository/HealthpostToStore/Page_Store/select_--Select--BA1170BA2376B' counted

2018-06-09 21:36:29 - [MESSAGE][PASSED] - 4 options of object 'Object Repository/HealthpostToStore/Page_Store/select_--Select--BA1170BA2376B' counted

2018-06-09 21:36:29 - [TEST_STEP][PASSED] - Statement - For ([g = 1, g <= BatchNumber - 1, (g++)]): null

2018-06-09 21:36:29 - [TEST_STEP][PASSED] - selectOptionByIndex: All options with index in [1] are selected on object 'Object Repository/HealthpostToStore/Page_Store/select_--Select--BA1170BA2376B'

2018-06-09 21:36:29 - [MESSAGE][PASSED] - All options with index in [1] are selected on object 'Object Repository/HealthpostToStore/Page_Store/select_--Select--BA1170BA2376B'

2018-06-09 21:36:29 - [TEST_STEP][PASSED] - Statement - Try: null

2018-06-09 21:36:29 - [TEST_STEP][PASSED] - Statement - StockQty = com.kms.katalon.core.webui.keyword.WebUiBuiltInKeywords.getAttribute(com.kms.katalon.core.testobject.ObjectRepository.findTestObject(HealthpostToStore/Page_Store/input_txtprice), "value"): Attribute 'value' of object 'Object Repository/HealthpostToStore/Page_Store/input_txtprice' is: '240'

2018-06-09 21:36:29 - [MESSAGE][PASSED] - Attribute 'value' of object 'Object Repository/HealthpostToStore/Page_Store/input_txtprice' is: '240'

2018-06-09 21:36:29 - [TEST_STEP][PASSED] - Statement - out.println("Stock QTY : " + StockQty): null

2018-06-09 21:36:29 - [TEST_STEP][PASSED] - delay: Delayed 2 second(s)

2018-06-09 21:36:31 - [MESSAGE][PASSED] - Delayed 2 second(s)

2018-06-09 21:36:31 - [TEST_STEP][PASSED] - Statement - If (java.lang.String.valueOf(StockQty) >= java.lang.String.valueOf(RequestedQty)): null

2018-06-09 21:36:31 - [TEST_STEP][PASSED] - setText: Text '10' is set on object 'Object Repository/HealthpostToStore/Page_Store/input_txtqty'

2018-06-09 21:36:31 - [MESSAGE][PASSED] - Text '10' is set on object 'Object Repository/HealthpostToStore/Page_Store/input_txtqty'

2018-06-09 21:36:31 - [TEST_STEP][PASSED] - click: Object: 'Object Repository/HealthpostToStore/Page_Store/button_Add' is clicked on

2018-06-09 21:36:31 - [MESSAGE][PASSED] - Object: 'Object Repository/HealthpostToStore/Page_Store/button_Add' is clicked on

2018-06-09 21:36:31 - [TEST_STEP][PASSED] - Statement - Break: null

2018-06-09 21:36:31 - [TEST_STEP][PASSED] - selectOptionByIndex: All options with index in [55] are selected on object 'Object Repository/HealthpostToStore/Page_Store/select_--Select--Adernaline 0.'

2018-06-09 21:36:32 - [MESSAGE][PASSED] - All options with index in [55] are selected on object 'Object Repository/HealthpostToStore/Page_Store/select_--Select--Adernaline 0.'

2018-06-09 21:36:32 - [TEST_STEP][PASSED] - delay: Delayed 2 second(s)

2018-06-09 21:36:34 - [MESSAGE][PASSED] - Delayed 2 second(s)

2018-06-09 21:36:34 - [TEST_STEP][PASSED] - Statement - RequestedQty = com.kms.katalon.core.webui.keyword.WebUiBuiltInKeywords.getAttribute(com.kms.katalon.core.testobject.ObjectRepository.findTestObject(HealthpostToStore/Page_Store/input_txttotal), "value"): Attribute 'value' of object 'Object Repository/HealthpostToStore/Page_Store/input_txttotal' is: '10'

2018-06-09 21:36:34 - [MESSAGE][PASSED] - Attribute 'value' of object 'Object Repository/HealthpostToStore/Page_Store/input_txttotal' is: '10'

2018-06-09 21:36:34 - [TEST_STEP][PASSED] - Statement - out.println("Requested QTY : " + RequestedQty): null

2018-06-09 21:36:34 - [TEST_STEP][PASSED] - Statement - BatchNumber = com.kms.katalon.core.webui.keyword.WebUiBuiltInKeywords.getNumberOfTotalOption(com.kms.katalon.core.testobject.ObjectRepository.findTestObject(HealthpostToStore/Page_Store/select_--Select--BA1170BA2376B)): 3 options of object 'Object Repository/HealthpostToStore/Page_Store/select_--Select--BA1170BA2376B' counted

2018-06-09 21:36:34 - [MESSAGE][PASSED] - 3 options of object 'Object Repository/HealthpostToStore/Page_Store/select_--Select--BA1170BA2376B' counted

2018-06-09 21:36:34 - [TEST_STEP][PASSED] - Statement - For ([g = 1, g <= BatchNumber - 1, (g++)]): null

2018-06-09 21:36:34 - [TEST_STEP][PASSED] - selectOptionByIndex: All options with index in [1] are selected on object 'Object Repository/HealthpostToStore/Page_Store/select_--Select--BA1170BA2376B'

2018-06-09 21:36:34 - [MESSAGE][PASSED] - All options with index in [1] are selected on object 'Object Repository/HealthpostToStore/Page_Store/select_--Select--BA1170BA2376B'

2018-06-09 21:36:34 - [TEST_STEP][PASSED] - Statement - Try: null

2018-06-09 21:36:34 - [TEST_STEP][PASSED] - Statement - StockQty = com.kms.katalon.core.webui.keyword.WebUiBuiltInKeywords.getAttribute(com.kms.katalon.core.testobject.ObjectRepository.findTestObject(HealthpostToStore/Page_Store/input_txtprice), "value"): Attribute 'value' of object 'Object Repository/HealthpostToStore/Page_Store/input_txtprice' is: '1530'

2018-06-09 21:36:34 - [MESSAGE][PASSED] - Attribute 'value' of object 'Object Repository/HealthpostToStore/Page_Store/input_txtprice' is: '1530'

2018-06-09 21:36:34 - [TEST_STEP][PASSED] - Statement - out.println("Stock QTY : " + StockQty): null

2018-06-09 21:36:34 - [TEST_STEP][PASSED] - delay: Delayed 2 second(s)

2018-06-09 21:36:36 - [MESSAGE][PASSED] - Delayed 2 second(s)

2018-06-09 21:36:36 - [TEST_STEP][PASSED] - Statement - If (java.lang.String.valueOf(StockQty) >= java.lang.String.valueOf(RequestedQty)): null

2018-06-09 21:36:36 - [TEST_STEP][PASSED] - setText: Text '10' is set on object 'Object Repository/HealthpostToStore/Page_Store/input_txtqty'

2018-06-09 21:36:36 - [MESSAGE][PASSED] - Text '10' is set on object 'Object Repository/HealthpostToStore/Page_Store/input_txtqty'

2018-06-09 21:36:36 - [TEST_STEP][PASSED] - click: Object: 'Object Repository/HealthpostToStore/Page_Store/button_Add' is clicked on

2018-06-09 21:36:36 - [MESSAGE][PASSED] - Object: 'Object Repository/HealthpostToStore/Page_Store/button_Add' is clicked on

2018-06-09 21:36:36 - [TEST_STEP][PASSED] - Statement - Break: null

2018-06-09 21:36:36 - [TEST_STEP][PASSED] - selectOptionByIndex: All options with index in [56] are selected on object 'Object Repository/HealthpostToStore/Page_Store/select_--Select--Adernaline 0.'

2018-06-09 21:36:37 - [MESSAGE][PASSED] - All options with index in [56] are selected on object 'Object Repository/HealthpostToStore/Page_Store/select_--Select--Adernaline 0.'

2018-06-09 21:36:37 - [TEST_STEP][PASSED] - delay: Delayed 2 second(s)

2018-06-09 21:36:39 - [MESSAGE][PASSED] - Delayed 2 second(s)

2018-06-09 21:36:39 - [TEST_STEP][PASSED] - Statement - RequestedQty = com.kms.katalon.core.webui.keyword.WebUiBuiltInKeywords.getAttribute(com.kms.katalon.core.testobject.ObjectRepository.findTestObject(HealthpostToStore/Page_Store/input_txttotal), "value"): Attribute 'value' of object 'Object Repository/HealthpostToStore/Page_Store/input_txttotal' is: '10'

2018-06-09 21:36:39 - [MESSAGE][PASSED] - Attribute 'value' of object 'Object Repository/HealthpostToStore/Page_Store/input_txttotal' is: '10'

2018-06-09 21:36:39 - [TEST_STEP][PASSED] - Statement - out.println("Requested QTY : " + RequestedQty): null

2018-06-09 21:36:39 - [TEST_STEP][PASSED] - Statement - BatchNumber = com.kms.katalon.core.webui.keyword.WebUiBuiltInKeywords.getNumberOfTotalOption(com.kms.katalon.core.testobject.ObjectRepository.findTestObject(HealthpostToStore/Page_Store/select_--Select--BA1170BA2376B)): 4 options of object 'Object Repository/HealthpostToStore/Page_Store/select_--Select--BA1170BA2376B' counted

2018-06-09 21:36:39 - [MESSAGE][PASSED] - 4 options of object 'Object Repository/HealthpostToStore/Page_Store/select_--Select--BA1170BA2376B' counted

2018-06-09 21:36:39 - [TEST_STEP][PASSED] - Statement - For ([g = 1, g <= BatchNumber - 1, (g++)]): null

2018-06-09 21:36:39 - [TEST_STEP][PASSED] - selectOptionByIndex: All options with index in [1] are selected on object 'Object Repository/HealthpostToStore/Page_Store/select_--Select--BA1170BA2376B'

2018-06-09 21:36:39 - [MESSAGE][PASSED] - All options with index in [1] are selected on object 'Object Repository/HealthpostToStore/Page_Store/select_--Select--BA1170BA2376B'

2018-06-09 21:36:39 - [TEST_STEP][PASSED] - Statement - Try: null

2018-06-09 21:36:39 - [TEST_STEP][PASSED] - Statement - StockQty = com.kms.katalon.core.webui.keyword.WebUiBuiltInKeywords.getAttribute(com.kms.katalon.core.testobject.ObjectRepository.findTestObject(HealthpostToStore/Page_Store/input_txtprice), "value"): Attribute 'value' of object 'Object Repository/HealthpostToStore/Page_Store/input_txtprice' is: '580'

2018-06-09 21:36:39 - [MESSAGE][PASSED] - Attribute 'value' of object 'Object Repository/HealthpostToStore/Page_Store/input_txtprice' is: '580'

2018-06-09 21:36:39 - [TEST_STEP][PASSED] - Statement - out.println("Stock QTY : " + StockQty): null

2018-06-09 21:36:39 - [TEST_STEP][PASSED] - delay: Delayed 2 second(s)

2018-06-09 21:36:41 - [MESSAGE][PASSED] - Delayed 2 second(s)

2018-06-09 21:36:41 - [TEST_STEP][PASSED] - Statement - If (java.lang.String.valueOf(StockQty) >= java.lang.String.valueOf(RequestedQty)): null

2018-06-09 21:36:41 - [TEST_STEP][PASSED] - setText: Text '10' is set on object 'Object Repository/HealthpostToStore/Page_Store/input_txtqty'

2018-06-09 21:36:41 - [MESSAGE][PASSED] - Text '10' is set on object 'Object Repository/HealthpostToStore/Page_Store/input_txtqty'

2018-06-09 21:36:41 - [TEST_STEP][PASSED] - click: Object: 'Object Repository/HealthpostToStore/Page_Store/button_Add' is clicked on

2018-06-09 21:36:41 - [MESSAGE][PASSED] - Object: 'Object Repository/HealthpostToStore/Page_Store/button_Add' is clicked on

2018-06-09 21:36:41 - [TEST_STEP][PASSED] - Statement - Break: null

2018-06-09 21:36:41 - [TEST_STEP][PASSED] - selectOptionByIndex: All options with index in [57] are selected on object 'Object Repository/HealthpostToStore/Page_Store/select_--Select--Adernaline 0.'

2018-06-09 21:36:42 - [MESSAGE][PASSED] - All options with index in [57] are selected on object 'Object Repository/HealthpostToStore/Page_Store/select_--Select--Adernaline 0.'

2018-06-09 21:36:42 - [TEST_STEP][PASSED] - delay: Delayed 2 second(s)

2018-06-09 21:36:44 - [MESSAGE][PASSED] - Delayed 2 second(s)

2018-06-09 21:36:44 - [TEST_STEP][PASSED] - Statement - RequestedQty = com.kms.katalon.core.webui.keyword.WebUiBuiltInKeywords.getAttribute(com.kms.katalon.core.testobject.ObjectRepository.findTestObject(HealthpostToStore/Page_Store/input_txttotal), "value"): Attribute 'value' of object 'Object Repository/HealthpostToStore/Page_Store/input_txttotal' is: '10'

2018-06-09 21:36:44 - [MESSAGE][PASSED] - Attribute 'value' of object 'Object Repository/HealthpostToStore/Page_Store/input_txttotal' is: '10'

2018-06-09 21:36:44 - [TEST_STEP][PASSED] - Statement - out.println("Requested QTY : " + RequestedQty): null

2018-06-09 21:36:44 - [TEST_STEP][PASSED] - Statement - BatchNumber = com.kms.katalon.core.webui.keyword.WebUiBuiltInKeywords.getNumberOfTotalOption(com.kms.katalon.core.testobject.ObjectRepository.findTestObject(HealthpostToStore/Page_Store/select_--Select--BA1170BA2376B)): 3 options of object 'Object Repository/HealthpostToStore/Page_Store/select_--Select--BA1170BA2376B' counted

2018-06-09 21:36:44 - [MESSAGE][PASSED] - 3 options of object 'Object Repository/HealthpostToStore/Page_Store/select_--Select--BA1170BA2376B' counted

2018-06-09 21:36:44 - [TEST_STEP][PASSED] - Statement - For ([g = 1, g <= BatchNumber - 1, (g++)]): null

2018-06-09 21:36:44 - [TEST_STEP][PASSED] - selectOptionByIndex: All options with index in [1] are selected on object 'Object Repository/HealthpostToStore/Page_Store/select_--Select--BA1170BA2376B'

2018-06-09 21:36:44 - [MESSAGE][PASSED] - All options with index in [1] are selected on object 'Object Repository/HealthpostToStore/Page_Store/select_--Select--BA1170BA2376B'

2018-06-09 21:36:44 - [TEST_STEP][PASSED] - Statement - Try: null

2018-06-09 21:36:44 - [TEST_STEP][PASSED] - Statement - StockQty = com.kms.katalon.core.webui.keyword.WebUiBuiltInKeywords.getAttribute(com.kms.katalon.core.testobject.ObjectRepository.findTestObject(HealthpostToStore/Page_Store/input_txtprice), "value"): Attribute 'value' of object 'Object Repository/HealthpostToStore/Page_Store/input_txtprice' is: '1520'

2018-06-09 21:36:44 - [MESSAGE][PASSED] - Attribute 'value' of object 'Object Repository/HealthpostToStore/Page_Store/input_txtprice' is: '1520'

2018-06-09 21:36:44 - [TEST_STEP][PASSED] - Statement - out.println("Stock QTY : " + StockQty): null

2018-06-09 21:36:44 - [TEST_STEP][PASSED] - delay: Delayed 2 second(s)

2018-06-09 21:36:46 - [MESSAGE][PASSED] - Delayed 2 second(s)

2018-06-09 21:36:46 - [TEST_STEP][PASSED] - Statement - If (java.lang.String.valueOf(StockQty) >= java.lang.String.valueOf(RequestedQty)): null

2018-06-09 21:36:46 - [TEST_STEP][PASSED] - setText: Text '10' is set on object 'Object Repository/HealthpostToStore/Page_Store/input_txtqty'

2018-06-09 21:36:46 - [MESSAGE][PASSED] - Text '10' is set on object 'Object Repository/HealthpostToStore/Page_Store/input_txtqty'

2018-06-09 21:36:46 - [TEST_STEP][PASSED] - click: Object: 'Object Repository/HealthpostToStore/Page_Store/button_Add' is clicked on

2018-06-09 21:36:46 - [MESSAGE][PASSED] - Object: 'Object Repository/HealthpostToStore/Page_Store/button_Add' is clicked on

2018-06-09 21:36:46 - [TEST_STEP][PASSED] - Statement - Break: null

2018-06-09 21:36:46 - [TEST_STEP][PASSED] - selectOptionByIndex: All options with index in [58] are selected on object 'Object Repository/HealthpostToStore/Page_Store/select_--Select--Adernaline 0.'

2018-06-09 21:36:47 - [MESSAGE][PASSED] - All options with index in [58] are selected on object 'Object Repository/HealthpostToStore/Page_Store/select_--Select--Adernaline 0.'

2018-06-09 21:36:47 - [TEST_STEP][PASSED] - delay: Delayed 2 second(s)

2018-06-09 21:36:49 - [MESSAGE][PASSED] - Delayed 2 second(s)

2018-06-09 21:36:49 - [TEST_STEP][PASSED] - Statement - RequestedQty = com.kms.katalon.core.webui.keyword.WebUiBuiltInKeywords.getAttribute(com.kms.katalon.core.testobject.ObjectRepository.findTestObject(HealthpostToStore/Page_Store/input_txttotal), "value"): Attribute 'value' of object 'Object Repository/HealthpostToStore/Page_Store/input_txttotal' is: '10'

2018-06-09 21:36:49 - [MESSAGE][PASSED] - Attribute 'value' of object 'Object Repository/HealthpostToStore/Page_Store/input_txttotal' is: '10'

2018-06-09 21:36:49 - [TEST_STEP][PASSED] - Statement - out.println("Requested QTY : " + RequestedQty): null

2018-06-09 21:36:49 - [TEST_STEP][PASSED] - Statement - BatchNumber = com.kms.katalon.core.webui.keyword.WebUiBuiltInKeywords.getNumberOfTotalOption(com.kms.katalon.core.testobject.ObjectRepository.findTestObject(HealthpostToStore/Page_Store/select_--Select--BA1170BA2376B)): 4 options of object 'Object Repository/HealthpostToStore/Page_Store/select_--Select--BA1170BA2376B' counted

2018-06-09 21:36:49 - [MESSAGE][PASSED] - 4 options of object 'Object Repository/HealthpostToStore/Page_Store/select_--Select--BA1170BA2376B' counted

2018-06-09 21:36:49 - [TEST_STEP][PASSED] - Statement - For ([g = 1, g <= BatchNumber - 1, (g++)]): null

2018-06-09 21:36:49 - [TEST_STEP][PASSED] - selectOptionByIndex: All options with index in [1] are selected on object 'Object Repository/HealthpostToStore/Page_Store/select_--Select--BA1170BA2376B'

2018-06-09 21:36:49 - [MESSAGE][PASSED] - All options with index in [1] are selected on object 'Object Repository/HealthpostToStore/Page_Store/select_--Select--BA1170BA2376B'

2018-06-09 21:36:49 - [TEST_STEP][PASSED] - Statement - Try: null

2018-06-09 21:36:49 - [TEST_STEP][PASSED] - Statement - StockQty = com.kms.katalon.core.webui.keyword.WebUiBuiltInKeywords.getAttribute(com.kms.katalon.core.testobject.ObjectRepository.findTestObject(HealthpostToStore/Page_Store/input_txtprice), "value"): Attribute 'value' of object 'Object Repository/HealthpostToStore/Page_Store/input_txtprice' is: '580'

2018-06-09 21:36:49 - [MESSAGE][PASSED] - Attribute 'value' of object 'Object Repository/HealthpostToStore/Page_Store/input_txtprice' is: '580'

2018-06-09 21:36:49 - [TEST_STEP][PASSED] - Statement - out.println("Stock QTY : " + StockQty): null

2018-06-09 21:36:49 - [TEST_STEP][PASSED] - delay: Delayed 2 second(s)

2018-06-09 21:36:51 - [MESSAGE][PASSED] - Delayed 2 second(s)

2018-06-09 21:36:51 - [TEST_STEP][PASSED] - Statement - If (java.lang.String.valueOf(StockQty) >= java.lang.String.valueOf(RequestedQty)): null

2018-06-09 21:36:51 - [TEST_STEP][PASSED] - setText: Text '10' is set on object 'Object Repository/HealthpostToStore/Page_Store/input_txtqty'

2018-06-09 21:36:51 - [MESSAGE][PASSED] - Text '10' is set on object 'Object Repository/HealthpostToStore/Page_Store/input_txtqty'

2018-06-09 21:36:51 - [TEST_STEP][PASSED] - click: Object: 'Object Repository/HealthpostToStore/Page_Store/button_Add' is clicked on

2018-06-09 21:36:51 - [MESSAGE][PASSED] - Object: 'Object Repository/HealthpostToStore/Page_Store/button_Add' is clicked on

2018-06-09 21:36:51 - [TEST_STEP][PASSED] - Statement - Break: null

2018-06-09 21:36:51 - [TEST_STEP][PASSED] - selectOptionByIndex: All options with index in [59] are selected on object 'Object Repository/HealthpostToStore/Page_Store/select_--Select--Adernaline 0.'

2018-06-09 21:36:52 - [MESSAGE][PASSED] - All options with index in [59] are selected on object 'Object Repository/HealthpostToStore/Page_Store/select_--Select--Adernaline 0.'

2018-06-09 21:36:52 - [TEST_STEP][PASSED] - delay: Delayed 2 second(s)

2018-06-09 21:36:54 - [MESSAGE][PASSED] - Delayed 2 second(s)

2018-06-09 21:36:54 - [TEST_STEP][PASSED] - Statement - RequestedQty = com.kms.katalon.core.webui.keyword.WebUiBuiltInKeywords.getAttribute(com.kms.katalon.core.testobject.ObjectRepository.findTestObject(HealthpostToStore/Page_Store/input_txttotal), "value"): Attribute 'value' of object 'Object Repository/HealthpostToStore/Page_Store/input_txttotal' is: '10'

2018-06-09 21:36:54 - [MESSAGE][PASSED] - Attribute 'value' of object 'Object Repository/HealthpostToStore/Page_Store/input_txttotal' is: '10'

2018-06-09 21:36:54 - [TEST_STEP][PASSED] - Statement - out.println("Requested QTY : " + RequestedQty): null

2018-06-09 21:36:54 - [TEST_STEP][PASSED] - Statement - BatchNumber = com.kms.katalon.core.webui.keyword.WebUiBuiltInKeywords.getNumberOfTotalOption(com.kms.katalon.core.testobject.ObjectRepository.findTestObject(HealthpostToStore/Page_Store/select_--Select--BA1170BA2376B)): 3 options of object 'Object Repository/HealthpostToStore/Page_Store/select_--Select--BA1170BA2376B' counted

2018-06-09 21:36:54 - [MESSAGE][PASSED] - 3 options of object 'Object Repository/HealthpostToStore/Page_Store/select_--Select--BA1170BA2376B' counted

2018-06-09 21:36:54 - [TEST_STEP][PASSED] - Statement - For ([g = 1, g <= BatchNumber - 1, (g++)]): null

2018-06-09 21:36:54 - [TEST_STEP][PASSED] - selectOptionByIndex: All options with index in [1] are selected on object 'Object Repository/HealthpostToStore/Page_Store/select_--Select--BA1170BA2376B'

2018-06-09 21:36:54 - [MESSAGE][PASSED] - All options with index in [1] are selected on object 'Object Repository/HealthpostToStore/Page_Store/select_--Select--BA1170BA2376B'

2018-06-09 21:36:54 - [TEST_STEP][PASSED] - Statement - Try: null

2018-06-09 21:36:54 - [TEST_STEP][PASSED] - Statement - StockQty = com.kms.katalon.core.webui.keyword.WebUiBuiltInKeywords.getAttribute(com.kms.katalon.core.testobject.ObjectRepository.findTestObject(HealthpostToStore/Page_Store/input_txtprice), "value"): Attribute 'value' of object 'Object Repository/HealthpostToStore/Page_Store/input_txtprice' is: '280'

2018-06-09 21:36:54 - [MESSAGE][PASSED] - Attribute 'value' of object 'Object Repository/HealthpostToStore/Page_Store/input_txtprice' is: '280'

2018-06-09 21:36:54 - [TEST_STEP][PASSED] - Statement - out.println("Stock QTY : " + StockQty): null

2018-06-09 21:36:54 - [TEST_STEP][PASSED] - delay: Delayed 2 second(s)

2018-06-09 21:36:56 - [MESSAGE][PASSED] - Delayed 2 second(s)

2018-06-09 21:36:56 - [TEST_STEP][PASSED] - Statement - If (java.lang.String.valueOf(StockQty) >= java.lang.String.valueOf(RequestedQty)): null

2018-06-09 21:36:56 - [TEST_STEP][PASSED] - setText: Text '10' is set on object 'Object Repository/HealthpostToStore/Page_Store/input_txtqty'

2018-06-09 21:36:56 - [MESSAGE][PASSED] - Text '10' is set on object 'Object Repository/HealthpostToStore/Page_Store/input_txtqty'

2018-06-09 21:36:56 - [TEST_STEP][PASSED] - click: Object: 'Object Repository/HealthpostToStore/Page_Store/button_Add' is clicked on

2018-06-09 21:36:56 - [MESSAGE][PASSED] - Object: 'Object Repository/HealthpostToStore/Page_Store/button_Add' is clicked on

2018-06-09 21:36:56 - [TEST_STEP][PASSED] - Statement - Break: null

2018-06-09 21:36:56 - [TEST_STEP][PASSED] - selectOptionByIndex: All options with index in [60] are selected on object 'Object Repository/HealthpostToStore/Page_Store/select_--Select--Adernaline 0.'

2018-06-09 21:36:57 - [MESSAGE][PASSED] - All options with index in [60] are selected on object 'Object Repository/HealthpostToStore/Page_Store/select_--Select--Adernaline 0.'

2018-06-09 21:36:57 - [TEST_STEP][PASSED] - delay: Delayed 2 second(s)

2018-06-09 21:36:59 - [MESSAGE][PASSED] - Delayed 2 second(s)

2018-06-09 21:36:59 - [TEST_STEP][PASSED] - Statement - RequestedQty = com.kms.katalon.core.webui.keyword.WebUiBuiltInKeywords.getAttribute(com.kms.katalon.core.testobject.ObjectRepository.findTestObject(HealthpostToStore/Page_Store/input_txttotal), "value"): Attribute 'value' of object 'Object Repository/HealthpostToStore/Page_Store/input_txttotal' is: '10'

2018-06-09 21:36:59 - [MESSAGE][PASSED] - Attribute 'value' of object 'Object Repository/HealthpostToStore/Page_Store/input_txttotal' is: '10'

2018-06-09 21:36:59 - [TEST_STEP][PASSED] - Statement - out.println("Requested QTY : " + RequestedQty): null

2018-06-09 21:36:59 - [TEST_STEP][PASSED] - Statement - BatchNumber = com.kms.katalon.core.webui.keyword.WebUiBuiltInKeywords.getNumberOfTotalOption(com.kms.katalon.core.testobject.ObjectRepository.findTestObject(HealthpostToStore/Page_Store/select_--Select--BA1170BA2376B)): 2 options of object 'Object Repository/HealthpostToStore/Page_Store/select_--Select--BA1170BA2376B' counted

2018-06-09 21:36:59 - [MESSAGE][PASSED] - 2 options of object 'Object Repository/HealthpostToStore/Page_Store/select_--Select--BA1170BA2376B' counted

2018-06-09 21:36:59 - [TEST_STEP][PASSED] - Statement - For ([g = 1, g <= BatchNumber - 1, (g++)]): null

2018-06-09 21:36:59 - [TEST_STEP][PASSED] - selectOptionByIndex: All options with index in [1] are selected on object 'Object Repository/HealthpostToStore/Page_Store/select_--Select--BA1170BA2376B'

2018-06-09 21:36:59 - [MESSAGE][PASSED] - All options with index in [1] are selected on object 'Object Repository/HealthpostToStore/Page_Store/select_--Select--BA1170BA2376B'

2018-06-09 21:36:59 - [TEST_STEP][PASSED] - Statement - Try: null

2018-06-09 21:36:59 - [TEST_STEP][PASSED] - Statement - StockQty = com.kms.katalon.core.webui.keyword.WebUiBuiltInKeywords.getAttribute(com.kms.katalon.core.testobject.ObjectRepository.findTestObject(HealthpostToStore/Page_Store/input_txtprice), "value"): Attribute 'value' of object 'Object Repository/HealthpostToStore/Page_Store/input_txtprice' is: '2620'

2018-06-09 21:36:59 - [MESSAGE][PASSED] - Attribute 'value' of object 'Object Repository/HealthpostToStore/Page_Store/input_txtprice' is: '2620'

2018-06-09 21:36:59 - [TEST_STEP][PASSED] - Statement - out.println("Stock QTY : " + StockQty): null

2018-06-09 21:36:59 - [TEST_STEP][PASSED] - delay: Delayed 2 second(s)

2018-06-09 21:37:01 - [MESSAGE][PASSED] - Delayed 2 second(s)

2018-06-09 21:37:01 - [TEST_STEP][PASSED] - Statement - If (java.lang.String.valueOf(StockQty) >= java.lang.String.valueOf(RequestedQty)): null

2018-06-09 21:37:01 - [TEST_STEP][PASSED] - setText: Text '10' is set on object 'Object Repository/HealthpostToStore/Page_Store/input_txtqty'

2018-06-09 21:37:01 - [MESSAGE][PASSED] - Text '10' is set on object 'Object Repository/HealthpostToStore/Page_Store/input_txtqty'

2018-06-09 21:37:01 - [TEST_STEP][PASSED] - click: Object: 'Object Repository/HealthpostToStore/Page_Store/button_Add' is clicked on

2018-06-09 21:37:02 - [MESSAGE][PASSED] - Object: 'Object Repository/HealthpostToStore/Page_Store/button_Add' is clicked on

2018-06-09 21:37:02 - [TEST_STEP][PASSED] - Statement - Break: null

2018-06-09 21:37:02 - [TEST_STEP][PASSED] - selectOptionByIndex: All options with index in [61] are selected on object 'Object Repository/HealthpostToStore/Page_Store/select_--Select--Adernaline 0.'

2018-06-09 21:37:02 - [MESSAGE][PASSED] - All options with index in [61] are selected on object 'Object Repository/HealthpostToStore/Page_Store/select_--Select--Adernaline 0.'

2018-06-09 21:37:02 - [TEST_STEP][PASSED] - delay: Delayed 2 second(s)

2018-06-09 21:37:04 - [MESSAGE][PASSED] - Delayed 2 second(s)

2018-06-09 21:37:04 - [TEST_STEP][PASSED] - Statement - RequestedQty = com.kms.katalon.core.webui.keyword.WebUiBuiltInKeywords.getAttribute(com.kms.katalon.core.testobject.ObjectRepository.findTestObject(HealthpostToStore/Page_Store/input_txttotal), "value"): Attribute 'value' of object 'Object Repository/HealthpostToStore/Page_Store/input_txttotal' is: '10'

2018-06-09 21:37:04 - [MESSAGE][PASSED] - Attribute 'value' of object 'Object Repository/HealthpostToStore/Page_Store/input_txttotal' is: '10'

2018-06-09 21:37:04 - [TEST_STEP][PASSED] - Statement - out.println("Requested QTY : " + RequestedQty): null

2018-06-09 21:37:04 - [TEST_STEP][PASSED] - Statement - BatchNumber = com.kms.katalon.core.webui.keyword.WebUiBuiltInKeywords.getNumberOfTotalOption(com.kms.katalon.core.testobject.ObjectRepository.findTestObject(HealthpostToStore/Page_Store/select_--Select--BA1170BA2376B)): 4 options of object 'Object Repository/HealthpostToStore/Page_Store/select_--Select--BA1170BA2376B' counted

2018-06-09 21:37:04 - [MESSAGE][PASSED] - 4 options of object 'Object Repository/HealthpostToStore/Page_Store/select_--Select--BA1170BA2376B' counted

2018-06-09 21:37:04 - [TEST_STEP][PASSED] - Statement - For ([g = 1, g <= BatchNumber - 1, (g++)]): null

2018-06-09 21:37:04 - [TEST_STEP][PASSED] - selectOptionByIndex: All options with index in [1] are selected on object 'Object Repository/HealthpostToStore/Page_Store/select_--Select--BA1170BA2376B'

2018-06-09 21:37:04 - [MESSAGE][PASSED] - All options with index in [1] are selected on object 'Object Repository/HealthpostToStore/Page_Store/select_--Select--BA1170BA2376B'

2018-06-09 21:37:04 - [TEST_STEP][PASSED] - Statement - Try: null

2018-06-09 21:37:04 - [TEST_STEP][PASSED] - Statement - StockQty = com.kms.katalon.core.webui.keyword.WebUiBuiltInKeywords.getAttribute(com.kms.katalon.core.testobject.ObjectRepository.findTestObject(HealthpostToStore/Page_Store/input_txtprice), "value"): Attribute 'value' of object 'Object Repository/HealthpostToStore/Page_Store/input_txtprice' is: '580'

2018-06-09 21:37:04 - [MESSAGE][PASSED] - Attribute 'value' of object 'Object Repository/HealthpostToStore/Page_Store/input_txtprice' is: '580'

2018-06-09 21:37:04 - [TEST_STEP][PASSED] - Statement - out.println("Stock QTY : " + StockQty): null

2018-06-09 21:37:04 - [TEST_STEP][PASSED] - delay: Delayed 2 second(s)

2018-06-09 21:37:06 - [MESSAGE][PASSED] - Delayed 2 second(s)

2018-06-09 21:37:06 - [TEST_STEP][PASSED] - Statement - If (java.lang.String.valueOf(StockQty) >= java.lang.String.valueOf(RequestedQty)): null

2018-06-09 21:37:06 - [TEST_STEP][PASSED] - setText: Text '10' is set on object 'Object Repository/HealthpostToStore/Page_Store/input_txtqty'

2018-06-09 21:37:07 - [MESSAGE][PASSED] - Text '10' is set on object 'Object Repository/HealthpostToStore/Page_Store/input_txtqty'

2018-06-09 21:37:07 - [TEST_STEP][PASSED] - click: Object: 'Object Repository/HealthpostToStore/Page_Store/button_Add' is clicked on

2018-06-09 21:37:07 - [MESSAGE][PASSED] - Object: 'Object Repository/HealthpostToStore/Page_Store/button_Add' is clicked on

2018-06-09 21:37:07 - [TEST_STEP][PASSED] - Statement - Break: null

2018-06-09 21:37:07 - [TEST_STEP][PASSED] - selectOptionByIndex: All options with index in [62] are selected on object 'Object Repository/HealthpostToStore/Page_Store/select_--Select--Adernaline 0.'

2018-06-09 21:37:07 - [MESSAGE][PASSED] - All options with index in [62] are selected on object 'Object Repository/HealthpostToStore/Page_Store/select_--Select--Adernaline 0.'

2018-06-09 21:37:07 - [TEST_STEP][PASSED] - delay: Delayed 2 second(s)

2018-06-09 21:37:09 - [MESSAGE][PASSED] - Delayed 2 second(s)

2018-06-09 21:37:09 - [TEST_STEP][PASSED] - Statement - RequestedQty = com.kms.katalon.core.webui.keyword.WebUiBuiltInKeywords.getAttribute(com.kms.katalon.core.testobject.ObjectRepository.findTestObject(HealthpostToStore/Page_Store/input_txttotal), "value"): Attribute 'value' of object 'Object Repository/HealthpostToStore/Page_Store/input_txttotal' is: '10'

2018-06-09 21:37:09 - [MESSAGE][PASSED] - Attribute 'value' of object 'Object Repository/HealthpostToStore/Page_Store/input_txttotal' is: '10'

2018-06-09 21:37:09 - [TEST_STEP][PASSED] - Statement - out.println("Requested QTY : " + RequestedQty): null

2018-06-09 21:37:09 - [TEST_STEP][PASSED] - Statement - BatchNumber = com.kms.katalon.core.webui.keyword.WebUiBuiltInKeywords.getNumberOfTotalOption(com.kms.katalon.core.testobject.ObjectRepository.findTestObject(HealthpostToStore/Page_Store/select_--Select--BA1170BA2376B)): 4 options of object 'Object Repository/HealthpostToStore/Page_Store/select_--Select--BA1170BA2376B' counted

2018-06-09 21:37:09 - [MESSAGE][PASSED] - 4 options of object 'Object Repository/HealthpostToStore/Page_Store/select_--Select--BA1170BA2376B' counted

2018-06-09 21:37:09 - [TEST_STEP][PASSED] - Statement - For ([g = 1, g <= BatchNumber - 1, (g++)]): null

2018-06-09 21:37:09 - [TEST_STEP][PASSED] - selectOptionByIndex: All options with index in [1] are selected on object 'Object Repository/HealthpostToStore/Page_Store/select_--Select--BA1170BA2376B'

2018-06-09 21:37:09 - [MESSAGE][PASSED] - All options with index in [1] are selected on object 'Object Repository/HealthpostToStore/Page_Store/select_--Select--BA1170BA2376B'

2018-06-09 21:37:09 - [TEST_STEP][PASSED] - Statement - Try: null

2018-06-09 21:37:09 - [TEST_STEP][PASSED] - Statement - StockQty = com.kms.katalon.core.webui.keyword.WebUiBuiltInKeywords.getAttribute(com.kms.katalon.core.testobject.ObjectRepository.findTestObject(HealthpostToStore/Page_Store/input_txtprice), "value"): Attribute 'value' of object 'Object Repository/HealthpostToStore/Page_Store/input_txtprice' is: '240'

2018-06-09 21:37:10 - [MESSAGE][PASSED] - Attribute 'value' of object 'Object Repository/HealthpostToStore/Page_Store/input_txtprice' is: '240'

2018-06-09 21:37:10 - [TEST_STEP][PASSED] - Statement - out.println("Stock QTY : " + StockQty): null

2018-06-09 21:37:10 - [TEST_STEP][PASSED] - delay: Delayed 2 second(s)

2018-06-09 21:37:12 - [MESSAGE][PASSED] - Delayed 2 second(s)

2018-06-09 21:37:12 - [TEST_STEP][PASSED] - Statement - If (java.lang.String.valueOf(StockQty) >= java.lang.String.valueOf(RequestedQty)): null

2018-06-09 21:37:12 - [TEST_STEP][PASSED] - setText: Text '10' is set on object 'Object Repository/HealthpostToStore/Page_Store/input_txtqty'

2018-06-09 21:37:12 - [MESSAGE][PASSED] - Text '10' is set on object 'Object Repository/HealthpostToStore/Page_Store/input_txtqty'

2018-06-09 21:37:12 - [TEST_STEP][PASSED] - click: Object: 'Object Repository/HealthpostToStore/Page_Store/button_Add' is clicked on

2018-06-09 21:37:12 - [MESSAGE][PASSED] - Object: 'Object Repository/HealthpostToStore/Page_Store/button_Add' is clicked on

2018-06-09 21:37:12 - [TEST_STEP][PASSED] - Statement - Break: null

2018-06-09 21:37:12 - [TEST_STEP][PASSED] - scrollToElement: Scroll to object 'Object Repository/HealthpostToStore/Page_Store/input_btnSubmit' successfully

2018-06-09 21:37:12 - [MESSAGE][PASSED] - Scroll to object 'Object Repository/HealthpostToStore/Page_Store/input_btnSubmit' successfully

2018-06-09 21:37:12 - [TEST_STEP][PASSED] - click: Object: 'Object Repository/HealthpostToStore/Page_Store/input_btnSubmit' is clicked on

2018-06-09 21:37:12 - [MESSAGE][PASSED] - Object: 'Object Repository/HealthpostToStore/Page_Store/input_btnSubmit' is clicked on

2018-06-09 21:37:12 - [TEST_STEP][PASSED] - delay: Delayed 3 second(s)

2018-06-09 21:37:15 - [MESSAGE][PASSED] - Delayed 3 second(s)

2018-06-09 21:37:15 - [TEST_STEP][PASSED] - click: Object: 'Object Repository/HealthpostToStore/Page_Store/button_OK' is clicked on

2018-06-09 21:37:19 - [MESSAGE][PASSED] - Object: 'Object Repository/HealthpostToStore/Page_Store/button_OK' is clicked on

2018-06-09 21:37:19 - [TEST_STEP][PASSED] - delay: Delayed 3 second(s)

2018-06-09 21:37:22 - [MESSAGE][PASSED] - Delayed 3 second(s)

2018-06-09 21:37:22 - [TEST_STEP][PASSED] - click: Object: 'Object Repository/HealthpostToStore/Page_Store/a_dropdown-toggle' is clicked on

2018-06-09 21:37:22 - [MESSAGE][PASSED] - Object: 'Object Repository/HealthpostToStore/Page_Store/a_dropdown-toggle' is clicked on

2018-06-09 21:37:22 - [TEST_STEP][PASSED] - click: Object: 'Object Repository/HealthpostToStore/Page_Store/a_Sign out' is clicked on

2018-06-09 21:37:23 - [MESSAGE][PASSED] - Object: 'Object Repository/HealthpostToStore/Page_Store/a_Sign out' is clicked on

2018-06-09 21:37:23 - [TEST_STEP][PASSED] - closeBrowser: Browser is closed

2018-06-09 21:37:24 - [MESSAGE][PASSED] - Browser is closed]]></system-out>
         <system-err><![CDATA[]]></system-err>
      </testcase>
      <testcase name="Test Cases/HEALTHPOST TEST CASES/TC_HP_002 Verify Schedule 2 Healthpost Request Are Working Successfully Or Not" classname="Test Cases/HEALTHPOST TEST CASES/TC_HP_002 Verify Schedule 2 Healthpost Request Are Working Successfully Or Not" status="PASSED">
         <system-out><![CDATA[2018-06-09 21:37:24 - [TEST_CASE][PASSED] - Test Cases/HEALTHPOST TEST CASES/TC_HP_002 Verify Schedule 2 Healthpost Request Are Working Successfully Or Not: Test Cases/HEALTHPOST TEST CASES/TC_HP_002 Verify Schedule 2 Healthpost Request Are Working Successfully Or Not

2018-06-09 21:37:24 - [TEST_STEP][PASSED] - openBrowser: Browser is opened with url: ''

2018-06-09 21:37:26 - [MESSAGE][PASSED] - Browser is opened with url: ''

2018-06-09 21:37:26 - [TEST_STEP][PASSED] - navigateToUrl: Navigate to 'http://192.168.137.1/multihospital_new/HDSplashscreen.aspx' successfully

2018-06-09 21:37:27 - [MESSAGE][PASSED] - Navigate to 'http://192.168.137.1/multihospital_new/HDSplashscreen.aspx' successfully

2018-06-09 21:37:27 - [TEST_STEP][PASSED] - maximizeWindow: Current window maximized

2018-06-09 21:37:29 - [MESSAGE][PASSED] - Current window maximized

2018-06-09 21:37:29 - [TEST_STEP][PASSED] - click: Object: 'Object Repository/HealthpostToStore/Page_KDMC/a_Healthpost Store' is clicked on

2018-06-09 21:37:29 - [MESSAGE][PASSED] - Object: 'Object Repository/HealthpostToStore/Page_KDMC/a_Healthpost Store' is clicked on

2018-06-09 21:37:29 - [TEST_STEP][PASSED] - setText: Text 'raguram' is set on object 'Object Repository/HealthpostToStore/Page_HealthPost Store Login/input_txtusername'

2018-06-09 21:37:29 - [MESSAGE][PASSED] - Text 'raguram' is set on object 'Object Repository/HealthpostToStore/Page_HealthPost Store Login/input_txtusername'

2018-06-09 21:37:29 - [TEST_STEP][PASSED] - setText: Text '123' is set on object 'Object Repository/HealthpostToStore/Page_HealthPost Store Login/input_txtpassword'

2018-06-09 21:37:30 - [MESSAGE][PASSED] - Text '123' is set on object 'Object Repository/HealthpostToStore/Page_HealthPost Store Login/input_txtpassword'

2018-06-09 21:37:30 - [TEST_STEP][PASSED] - delay: Delayed 3 second(s)

2018-06-09 21:37:33 - [MESSAGE][PASSED] - Delayed 3 second(s)

2018-06-09 21:37:33 - [TEST_STEP][PASSED] - sendKeys: Keys 'ENTER + ' sent to object: 'Object Repository/HealthpostToStore/Page_HealthPost Store Login/input_txtpassword'

2018-06-09 21:37:33 - [MESSAGE][PASSED] - Keys 'ENTER + ' sent to object: 'Object Repository/HealthpostToStore/Page_HealthPost Store Login/input_txtpassword'

2018-06-09 21:37:33 - [TEST_STEP][PASSED] - delay: Delayed 3 second(s)

2018-06-09 21:37:36 - [MESSAGE][PASSED] - Delayed 3 second(s)

2018-06-09 21:37:36 - [TEST_STEP][PASSED] - click: Object: 'Object Repository/HealthpostToStore/Page_HealthPost Store/a_Request to Store' is clicked on

2018-06-09 21:37:36 - [MESSAGE][PASSED] - Object: 'Object Repository/HealthpostToStore/Page_HealthPost Store/a_Request to Store' is clicked on

2018-06-09 21:37:36 - [TEST_STEP][PASSED] - click: Object: 'Object Repository/HealthpostToStore/Page_HealthPost Store/a_Medicine Request' is clicked on

2018-06-09 21:37:37 - [MESSAGE][PASSED] - Object: 'Object Repository/HealthpostToStore/Page_HealthPost Store/a_Medicine Request' is clicked on

2018-06-09 21:37:37 - [TEST_STEP][PASSED] - selectOptionByIndex: All options with index in [2] are selected on object 'Object Repository/HealthpostToStore/Page_HealthPost Store/select_--Select--Schedule 1Inj'

2018-06-09 21:37:37 - [MESSAGE][PASSED] - All options with index in [2] are selected on object 'Object Repository/HealthpostToStore/Page_HealthPost Store/select_--Select--Schedule 1Inj'

2018-06-09 21:37:37 - [TEST_STEP][PASSED] - Statement - medicineslength = com.kms.katalon.core.webui.keyword.WebUiBuiltInKeywords.getNumberOfTotalOption(com.kms.katalon.core.testobject.ObjectRepository.findTestObject(HealthpostToStore/Page_HealthPost Store/select_--Select--Adernaline 0.)): 73 options of object 'Object Repository/HealthpostToStore/Page_HealthPost Store/select_--Select--Adernaline 0.' counted

2018-06-09 21:37:37 - [MESSAGE][PASSED] - 73 options of object 'Object Repository/HealthpostToStore/Page_HealthPost Store/select_--Select--Adernaline 0.' counted

2018-06-09 21:37:37 - [TEST_STEP][PASSED] - Statement - For ([e = 1, e <= medicineslength - 1, (e++)]): Object: 'Object Repository/HealthpostToStore/Page_HealthPost Store/button_Add' is clicked on

2018-06-09 21:37:37 - [TEST_STEP][PASSED] - selectOptionByIndex: All options with index in [2] are selected on object 'Object Repository/HealthpostToStore/Page_HealthPost Store/select_--Select--Schedule 1Inj'

2018-06-09 21:37:38 - [MESSAGE][PASSED] - All options with index in [2] are selected on object 'Object Repository/HealthpostToStore/Page_HealthPost Store/select_--Select--Schedule 1Inj'

2018-06-09 21:37:38 - [TEST_STEP][PASSED] - selectOptionByIndex: All options with index in [1] are selected on object 'Object Repository/HealthpostToStore/Page_HealthPost Store/select_--Select--Adernaline 0.'

2018-06-09 21:37:38 - [MESSAGE][PASSED] - All options with index in [1] are selected on object 'Object Repository/HealthpostToStore/Page_HealthPost Store/select_--Select--Adernaline 0.'

2018-06-09 21:37:38 - [TEST_STEP][PASSED] - setText: Text '10' is set on object 'Object Repository/HealthpostToStore/Page_HealthPost Store/input_txttreat'

2018-06-09 21:37:38 - [MESSAGE][PASSED] - Text '10' is set on object 'Object Repository/HealthpostToStore/Page_HealthPost Store/input_txttreat'

2018-06-09 21:37:38 - [TEST_STEP][PASSED] - click: Object: 'Object Repository/HealthpostToStore/Page_HealthPost Store/button_Add' is clicked on

2018-06-09 21:37:38 - [MESSAGE][PASSED] - Object: 'Object Repository/HealthpostToStore/Page_HealthPost Store/button_Add' is clicked on

2018-06-09 21:37:38 - [TEST_STEP][PASSED] - selectOptionByIndex: All options with index in [2] are selected on object 'Object Repository/HealthpostToStore/Page_HealthPost Store/select_--Select--Schedule 1Inj'

2018-06-09 21:37:38 - [MESSAGE][PASSED] - All options with index in [2] are selected on object 'Object Repository/HealthpostToStore/Page_HealthPost Store/select_--Select--Schedule 1Inj'

2018-06-09 21:37:38 - [TEST_STEP][PASSED] - selectOptionByIndex: All options with index in [2] are selected on object 'Object Repository/HealthpostToStore/Page_HealthPost Store/select_--Select--Adernaline 0.'

2018-06-09 21:37:38 - [MESSAGE][PASSED] - All options with index in [2] are selected on object 'Object Repository/HealthpostToStore/Page_HealthPost Store/select_--Select--Adernaline 0.'

2018-06-09 21:37:38 - [TEST_STEP][PASSED] - setText: Text '10' is set on object 'Object Repository/HealthpostToStore/Page_HealthPost Store/input_txttreat'

2018-06-09 21:37:38 - [MESSAGE][PASSED] - Text '10' is set on object 'Object Repository/HealthpostToStore/Page_HealthPost Store/input_txttreat'

2018-06-09 21:37:38 - [TEST_STEP][PASSED] - click: Object: 'Object Repository/HealthpostToStore/Page_HealthPost Store/button_Add' is clicked on

2018-06-09 21:37:38 - [MESSAGE][PASSED] - Object: 'Object Repository/HealthpostToStore/Page_HealthPost Store/button_Add' is clicked on

2018-06-09 21:37:38 - [TEST_STEP][PASSED] - selectOptionByIndex: All options with index in [2] are selected on object 'Object Repository/HealthpostToStore/Page_HealthPost Store/select_--Select--Schedule 1Inj'

2018-06-09 21:37:38 - [MESSAGE][PASSED] - All options with index in [2] are selected on object 'Object Repository/HealthpostToStore/Page_HealthPost Store/select_--Select--Schedule 1Inj'

2018-06-09 21:37:38 - [TEST_STEP][PASSED] - selectOptionByIndex: All options with index in [3] are selected on object 'Object Repository/HealthpostToStore/Page_HealthPost Store/select_--Select--Adernaline 0.'

2018-06-09 21:37:39 - [MESSAGE][PASSED] - All options with index in [3] are selected on object 'Object Repository/HealthpostToStore/Page_HealthPost Store/select_--Select--Adernaline 0.'

2018-06-09 21:37:39 - [TEST_STEP][PASSED] - setText: Text '10' is set on object 'Object Repository/HealthpostToStore/Page_HealthPost Store/input_txttreat'

2018-06-09 21:37:39 - [MESSAGE][PASSED] - Text '10' is set on object 'Object Repository/HealthpostToStore/Page_HealthPost Store/input_txttreat'

2018-06-09 21:37:39 - [TEST_STEP][PASSED] - click: Object: 'Object Repository/HealthpostToStore/Page_HealthPost Store/button_Add' is clicked on

2018-06-09 21:37:39 - [MESSAGE][PASSED] - Object: 'Object Repository/HealthpostToStore/Page_HealthPost Store/button_Add' is clicked on

2018-06-09 21:37:39 - [TEST_STEP][PASSED] - selectOptionByIndex: All options with index in [2] are selected on object 'Object Repository/HealthpostToStore/Page_HealthPost Store/select_--Select--Schedule 1Inj'

2018-06-09 21:37:39 - [MESSAGE][PASSED] - All options with index in [2] are selected on object 'Object Repository/HealthpostToStore/Page_HealthPost Store/select_--Select--Schedule 1Inj'

2018-06-09 21:37:39 - [TEST_STEP][PASSED] - selectOptionByIndex: All options with index in [4] are selected on object 'Object Repository/HealthpostToStore/Page_HealthPost Store/select_--Select--Adernaline 0.'

2018-06-09 21:37:39 - [MESSAGE][PASSED] - All options with index in [4] are selected on object 'Object Repository/HealthpostToStore/Page_HealthPost Store/select_--Select--Adernaline 0.'

2018-06-09 21:37:39 - [TEST_STEP][PASSED] - setText: Text '10' is set on object 'Object Repository/HealthpostToStore/Page_HealthPost Store/input_txttreat'

2018-06-09 21:37:39 - [MESSAGE][PASSED] - Text '10' is set on object 'Object Repository/HealthpostToStore/Page_HealthPost Store/input_txttreat'

2018-06-09 21:37:39 - [TEST_STEP][PASSED] - click: Object: 'Object Repository/HealthpostToStore/Page_HealthPost Store/button_Add' is clicked on

2018-06-09 21:37:39 - [MESSAGE][PASSED] - Object: 'Object Repository/HealthpostToStore/Page_HealthPost Store/button_Add' is clicked on

2018-06-09 21:37:39 - [TEST_STEP][PASSED] - selectOptionByIndex: All options with index in [2] are selected on object 'Object Repository/HealthpostToStore/Page_HealthPost Store/select_--Select--Schedule 1Inj'

2018-06-09 21:37:39 - [MESSAGE][PASSED] - All options with index in [2] are selected on object 'Object Repository/HealthpostToStore/Page_HealthPost Store/select_--Select--Schedule 1Inj'

2018-06-09 21:37:39 - [TEST_STEP][PASSED] - selectOptionByIndex: All options with index in [5] are selected on object 'Object Repository/HealthpostToStore/Page_HealthPost Store/select_--Select--Adernaline 0.'

2018-06-09 21:37:40 - [MESSAGE][PASSED] - All options with index in [5] are selected on object 'Object Repository/HealthpostToStore/Page_HealthPost Store/select_--Select--Adernaline 0.'

2018-06-09 21:37:40 - [TEST_STEP][PASSED] - setText: Text '10' is set on object 'Object Repository/HealthpostToStore/Page_HealthPost Store/input_txttreat'

2018-06-09 21:37:40 - [MESSAGE][PASSED] - Text '10' is set on object 'Object Repository/HealthpostToStore/Page_HealthPost Store/input_txttreat'

2018-06-09 21:37:40 - [TEST_STEP][PASSED] - click: Object: 'Object Repository/HealthpostToStore/Page_HealthPost Store/button_Add' is clicked on

2018-06-09 21:37:40 - [MESSAGE][PASSED] - Object: 'Object Repository/HealthpostToStore/Page_HealthPost Store/button_Add' is clicked on

2018-06-09 21:37:40 - [TEST_STEP][PASSED] - selectOptionByIndex: All options with index in [2] are selected on object 'Object Repository/HealthpostToStore/Page_HealthPost Store/select_--Select--Schedule 1Inj'

2018-06-09 21:37:40 - [MESSAGE][PASSED] - All options with index in [2] are selected on object 'Object Repository/HealthpostToStore/Page_HealthPost Store/select_--Select--Schedule 1Inj'

2018-06-09 21:37:40 - [TEST_STEP][PASSED] - selectOptionByIndex: All options with index in [6] are selected on object 'Object Repository/HealthpostToStore/Page_HealthPost Store/select_--Select--Adernaline 0.'

2018-06-09 21:37:40 - [MESSAGE][PASSED] - All options with index in [6] are selected on object 'Object Repository/HealthpostToStore/Page_HealthPost Store/select_--Select--Adernaline 0.'

2018-06-09 21:37:40 - [TEST_STEP][PASSED] - setText: Text '10' is set on object 'Object Repository/HealthpostToStore/Page_HealthPost Store/input_txttreat'

2018-06-09 21:37:40 - [MESSAGE][PASSED] - Text '10' is set on object 'Object Repository/HealthpostToStore/Page_HealthPost Store/input_txttreat'

2018-06-09 21:37:40 - [TEST_STEP][PASSED] - click: Object: 'Object Repository/HealthpostToStore/Page_HealthPost Store/button_Add' is clicked on

2018-06-09 21:37:40 - [MESSAGE][PASSED] - Object: 'Object Repository/HealthpostToStore/Page_HealthPost Store/button_Add' is clicked on

2018-06-09 21:37:40 - [TEST_STEP][PASSED] - selectOptionByIndex: All options with index in [2] are selected on object 'Object Repository/HealthpostToStore/Page_HealthPost Store/select_--Select--Schedule 1Inj'

2018-06-09 21:37:40 - [MESSAGE][PASSED] - All options with index in [2] are selected on object 'Object Repository/HealthpostToStore/Page_HealthPost Store/select_--Select--Schedule 1Inj'

2018-06-09 21:37:40 - [TEST_STEP][PASSED] - selectOptionByIndex: All options with index in [7] are selected on object 'Object Repository/HealthpostToStore/Page_HealthPost Store/select_--Select--Adernaline 0.'

2018-06-09 21:37:41 - [MESSAGE][PASSED] - All options with index in [7] are selected on object 'Object Repository/HealthpostToStore/Page_HealthPost Store/select_--Select--Adernaline 0.'

2018-06-09 21:37:41 - [TEST_STEP][PASSED] - setText: Text '10' is set on object 'Object Repository/HealthpostToStore/Page_HealthPost Store/input_txttreat'

2018-06-09 21:37:41 - [MESSAGE][PASSED] - Text '10' is set on object 'Object Repository/HealthpostToStore/Page_HealthPost Store/input_txttreat'

2018-06-09 21:37:41 - [TEST_STEP][PASSED] - click: Object: 'Object Repository/HealthpostToStore/Page_HealthPost Store/button_Add' is clicked on

2018-06-09 21:37:41 - [MESSAGE][PASSED] - Object: 'Object Repository/HealthpostToStore/Page_HealthPost Store/button_Add' is clicked on

2018-06-09 21:37:41 - [TEST_STEP][PASSED] - selectOptionByIndex: All options with index in [2] are selected on object 'Object Repository/HealthpostToStore/Page_HealthPost Store/select_--Select--Schedule 1Inj'

2018-06-09 21:37:41 - [MESSAGE][PASSED] - All options with index in [2] are selected on object 'Object Repository/HealthpostToStore/Page_HealthPost Store/select_--Select--Schedule 1Inj'

2018-06-09 21:37:41 - [TEST_STEP][PASSED] - selectOptionByIndex: All options with index in [8] are selected on object 'Object Repository/HealthpostToStore/Page_HealthPost Store/select_--Select--Adernaline 0.'

2018-06-09 21:37:41 - [MESSAGE][PASSED] - All options with index in [8] are selected on object 'Object Repository/HealthpostToStore/Page_HealthPost Store/select_--Select--Adernaline 0.'

2018-06-09 21:37:41 - [TEST_STEP][PASSED] - setText: Text '10' is set on object 'Object Repository/HealthpostToStore/Page_HealthPost Store/input_txttreat'

2018-06-09 21:37:41 - [MESSAGE][PASSED] - Text '10' is set on object 'Object Repository/HealthpostToStore/Page_HealthPost Store/input_txttreat'

2018-06-09 21:37:41 - [TEST_STEP][PASSED] - click: Object: 'Object Repository/HealthpostToStore/Page_HealthPost Store/button_Add' is clicked on

2018-06-09 21:37:41 - [MESSAGE][PASSED] - Object: 'Object Repository/HealthpostToStore/Page_HealthPost Store/button_Add' is clicked on

2018-06-09 21:37:41 - [TEST_STEP][PASSED] - selectOptionByIndex: All options with index in [2] are selected on object 'Object Repository/HealthpostToStore/Page_HealthPost Store/select_--Select--Schedule 1Inj'

2018-06-09 21:37:41 - [MESSAGE][PASSED] - All options with index in [2] are selected on object 'Object Repository/HealthpostToStore/Page_HealthPost Store/select_--Select--Schedule 1Inj'

2018-06-09 21:37:41 - [TEST_STEP][PASSED] - selectOptionByIndex: All options with index in [9] are selected on object 'Object Repository/HealthpostToStore/Page_HealthPost Store/select_--Select--Adernaline 0.'

2018-06-09 21:37:42 - [MESSAGE][PASSED] - All options with index in [9] are selected on object 'Object Repository/HealthpostToStore/Page_HealthPost Store/select_--Select--Adernaline 0.'

2018-06-09 21:37:42 - [TEST_STEP][PASSED] - setText: Text '10' is set on object 'Object Repository/HealthpostToStore/Page_HealthPost Store/input_txttreat'

2018-06-09 21:37:42 - [MESSAGE][PASSED] - Text '10' is set on object 'Object Repository/HealthpostToStore/Page_HealthPost Store/input_txttreat'

2018-06-09 21:37:42 - [TEST_STEP][PASSED] - click: Object: 'Object Repository/HealthpostToStore/Page_HealthPost Store/button_Add' is clicked on

2018-06-09 21:37:42 - [MESSAGE][PASSED] - Object: 'Object Repository/HealthpostToStore/Page_HealthPost Store/button_Add' is clicked on

2018-06-09 21:37:42 - [TEST_STEP][PASSED] - selectOptionByIndex: All options with index in [2] are selected on object 'Object Repository/HealthpostToStore/Page_HealthPost Store/select_--Select--Schedule 1Inj'

2018-06-09 21:37:42 - [MESSAGE][PASSED] - All options with index in [2] are selected on object 'Object Repository/HealthpostToStore/Page_HealthPost Store/select_--Select--Schedule 1Inj'

2018-06-09 21:37:42 - [TEST_STEP][PASSED] - selectOptionByIndex: All options with index in [10] are selected on object 'Object Repository/HealthpostToStore/Page_HealthPost Store/select_--Select--Adernaline 0.'

2018-06-09 21:37:42 - [MESSAGE][PASSED] - All options with index in [10] are selected on object 'Object Repository/HealthpostToStore/Page_HealthPost Store/select_--Select--Adernaline 0.'

2018-06-09 21:37:42 - [TEST_STEP][PASSED] - setText: Text '10' is set on object 'Object Repository/HealthpostToStore/Page_HealthPost Store/input_txttreat'

2018-06-09 21:37:42 - [MESSAGE][PASSED] - Text '10' is set on object 'Object Repository/HealthpostToStore/Page_HealthPost Store/input_txttreat'

2018-06-09 21:37:42 - [TEST_STEP][PASSED] - click: Object: 'Object Repository/HealthpostToStore/Page_HealthPost Store/button_Add' is clicked on

2018-06-09 21:37:42 - [MESSAGE][PASSED] - Object: 'Object Repository/HealthpostToStore/Page_HealthPost Store/button_Add' is clicked on

2018-06-09 21:37:42 - [TEST_STEP][PASSED] - selectOptionByIndex: All options with index in [2] are selected on object 'Object Repository/HealthpostToStore/Page_HealthPost Store/select_--Select--Schedule 1Inj'

2018-06-09 21:37:43 - [MESSAGE][PASSED] - All options with index in [2] are selected on object 'Object Repository/HealthpostToStore/Page_HealthPost Store/select_--Select--Schedule 1Inj'

2018-06-09 21:37:43 - [TEST_STEP][PASSED] - selectOptionByIndex: All options with index in [11] are selected on object 'Object Repository/HealthpostToStore/Page_HealthPost Store/select_--Select--Adernaline 0.'

2018-06-09 21:37:43 - [MESSAGE][PASSED] - All options with index in [11] are selected on object 'Object Repository/HealthpostToStore/Page_HealthPost Store/select_--Select--Adernaline 0.'

2018-06-09 21:37:43 - [TEST_STEP][PASSED] - setText: Text '10' is set on object 'Object Repository/HealthpostToStore/Page_HealthPost Store/input_txttreat'

2018-06-09 21:37:43 - [MESSAGE][PASSED] - Text '10' is set on object 'Object Repository/HealthpostToStore/Page_HealthPost Store/input_txttreat'

2018-06-09 21:37:43 - [TEST_STEP][PASSED] - click: Object: 'Object Repository/HealthpostToStore/Page_HealthPost Store/button_Add' is clicked on

2018-06-09 21:37:43 - [MESSAGE][PASSED] - Object: 'Object Repository/HealthpostToStore/Page_HealthPost Store/button_Add' is clicked on

2018-06-09 21:37:43 - [TEST_STEP][PASSED] - selectOptionByIndex: All options with index in [2] are selected on object 'Object Repository/HealthpostToStore/Page_HealthPost Store/select_--Select--Schedule 1Inj'

2018-06-09 21:37:43 - [MESSAGE][PASSED] - All options with index in [2] are selected on object 'Object Repository/HealthpostToStore/Page_HealthPost Store/select_--Select--Schedule 1Inj'

2018-06-09 21:37:43 - [TEST_STEP][PASSED] - selectOptionByIndex: All options with index in [12] are selected on object 'Object Repository/HealthpostToStore/Page_HealthPost Store/select_--Select--Adernaline 0.'

2018-06-09 21:37:43 - [MESSAGE][PASSED] - All options with index in [12] are selected on object 'Object Repository/HealthpostToStore/Page_HealthPost Store/select_--Select--Adernaline 0.'

2018-06-09 21:37:43 - [TEST_STEP][PASSED] - setText: Text '10' is set on object 'Object Repository/HealthpostToStore/Page_HealthPost Store/input_txttreat'

2018-06-09 21:37:43 - [MESSAGE][PASSED] - Text '10' is set on object 'Object Repository/HealthpostToStore/Page_HealthPost Store/input_txttreat'

2018-06-09 21:37:43 - [TEST_STEP][PASSED] - click: Object: 'Object Repository/HealthpostToStore/Page_HealthPost Store/button_Add' is clicked on

2018-06-09 21:37:43 - [MESSAGE][PASSED] - Object: 'Object Repository/HealthpostToStore/Page_HealthPost Store/button_Add' is clicked on

2018-06-09 21:37:43 - [TEST_STEP][PASSED] - selectOptionByIndex: All options with index in [2] are selected on object 'Object Repository/HealthpostToStore/Page_HealthPost Store/select_--Select--Schedule 1Inj'

2018-06-09 21:37:44 - [MESSAGE][PASSED] - All options with index in [2] are selected on object 'Object Repository/HealthpostToStore/Page_HealthPost Store/select_--Select--Schedule 1Inj'

2018-06-09 21:37:44 - [TEST_STEP][PASSED] - selectOptionByIndex: All options with index in [13] are selected on object 'Object Repository/HealthpostToStore/Page_HealthPost Store/select_--Select--Adernaline 0.'

2018-06-09 21:37:44 - [MESSAGE][PASSED] - All options with index in [13] are selected on object 'Object Repository/HealthpostToStore/Page_HealthPost Store/select_--Select--Adernaline 0.'

2018-06-09 21:37:44 - [TEST_STEP][PASSED] - setText: Text '10' is set on object 'Object Repository/HealthpostToStore/Page_HealthPost Store/input_txttreat'

2018-06-09 21:37:44 - [MESSAGE][PASSED] - Text '10' is set on object 'Object Repository/HealthpostToStore/Page_HealthPost Store/input_txttreat'

2018-06-09 21:37:44 - [TEST_STEP][PASSED] - click: Object: 'Object Repository/HealthpostToStore/Page_HealthPost Store/button_Add' is clicked on

2018-06-09 21:37:44 - [MESSAGE][PASSED] - Object: 'Object Repository/HealthpostToStore/Page_HealthPost Store/button_Add' is clicked on

2018-06-09 21:37:44 - [TEST_STEP][PASSED] - selectOptionByIndex: All options with index in [2] are selected on object 'Object Repository/HealthpostToStore/Page_HealthPost Store/select_--Select--Schedule 1Inj'

2018-06-09 21:37:44 - [MESSAGE][PASSED] - All options with index in [2] are selected on object 'Object Repository/HealthpostToStore/Page_HealthPost Store/select_--Select--Schedule 1Inj'

2018-06-09 21:37:44 - [TEST_STEP][PASSED] - selectOptionByIndex: All options with index in [14] are selected on object 'Object Repository/HealthpostToStore/Page_HealthPost Store/select_--Select--Adernaline 0.'

2018-06-09 21:37:44 - [MESSAGE][PASSED] - All options with index in [14] are selected on object 'Object Repository/HealthpostToStore/Page_HealthPost Store/select_--Select--Adernaline 0.'

2018-06-09 21:37:44 - [TEST_STEP][PASSED] - setText: Text '10' is set on object 'Object Repository/HealthpostToStore/Page_HealthPost Store/input_txttreat'

2018-06-09 21:37:45 - [MESSAGE][PASSED] - Text '10' is set on object 'Object Repository/HealthpostToStore/Page_HealthPost Store/input_txttreat'

2018-06-09 21:37:45 - [TEST_STEP][PASSED] - click: Object: 'Object Repository/HealthpostToStore/Page_HealthPost Store/button_Add' is clicked on

2018-06-09 21:37:45 - [MESSAGE][PASSED] - Object: 'Object Repository/HealthpostToStore/Page_HealthPost Store/button_Add' is clicked on

2018-06-09 21:37:45 - [TEST_STEP][PASSED] - selectOptionByIndex: All options with index in [2] are selected on object 'Object Repository/HealthpostToStore/Page_HealthPost Store/select_--Select--Schedule 1Inj'

2018-06-09 21:37:45 - [MESSAGE][PASSED] - All options with index in [2] are selected on object 'Object Repository/HealthpostToStore/Page_HealthPost Store/select_--Select--Schedule 1Inj'

2018-06-09 21:37:45 - [TEST_STEP][PASSED] - selectOptionByIndex: All options with index in [15] are selected on object 'Object Repository/HealthpostToStore/Page_HealthPost Store/select_--Select--Adernaline 0.'

2018-06-09 21:37:45 - [MESSAGE][PASSED] - All options with index in [15] are selected on object 'Object Repository/HealthpostToStore/Page_HealthPost Store/select_--Select--Adernaline 0.'

2018-06-09 21:37:45 - [TEST_STEP][PASSED] - setText: Text '10' is set on object 'Object Repository/HealthpostToStore/Page_HealthPost Store/input_txttreat'

2018-06-09 21:37:45 - [MESSAGE][PASSED] - Text '10' is set on object 'Object Repository/HealthpostToStore/Page_HealthPost Store/input_txttreat'

2018-06-09 21:37:45 - [TEST_STEP][PASSED] - click: Object: 'Object Repository/HealthpostToStore/Page_HealthPost Store/button_Add' is clicked on

2018-06-09 21:37:45 - [MESSAGE][PASSED] - Object: 'Object Repository/HealthpostToStore/Page_HealthPost Store/button_Add' is clicked on

2018-06-09 21:37:45 - [TEST_STEP][PASSED] - selectOptionByIndex: All options with index in [2] are selected on object 'Object Repository/HealthpostToStore/Page_HealthPost Store/select_--Select--Schedule 1Inj'

2018-06-09 21:37:45 - [MESSAGE][PASSED] - All options with index in [2] are selected on object 'Object Repository/HealthpostToStore/Page_HealthPost Store/select_--Select--Schedule 1Inj'

2018-06-09 21:37:45 - [TEST_STEP][PASSED] - selectOptionByIndex: All options with index in [16] are selected on object 'Object Repository/HealthpostToStore/Page_HealthPost Store/select_--Select--Adernaline 0.'

2018-06-09 21:37:46 - [MESSAGE][PASSED] - All options with index in [16] are selected on object 'Object Repository/HealthpostToStore/Page_HealthPost Store/select_--Select--Adernaline 0.'

2018-06-09 21:37:46 - [TEST_STEP][PASSED] - setText: Text '10' is set on object 'Object Repository/HealthpostToStore/Page_HealthPost Store/input_txttreat'

2018-06-09 21:37:46 - [MESSAGE][PASSED] - Text '10' is set on object 'Object Repository/HealthpostToStore/Page_HealthPost Store/input_txttreat'

2018-06-09 21:37:46 - [TEST_STEP][PASSED] - click: Object: 'Object Repository/HealthpostToStore/Page_HealthPost Store/button_Add' is clicked on

2018-06-09 21:37:46 - [MESSAGE][PASSED] - Object: 'Object Repository/HealthpostToStore/Page_HealthPost Store/button_Add' is clicked on

2018-06-09 21:37:46 - [TEST_STEP][PASSED] - selectOptionByIndex: All options with index in [2] are selected on object 'Object Repository/HealthpostToStore/Page_HealthPost Store/select_--Select--Schedule 1Inj'

2018-06-09 21:37:46 - [MESSAGE][PASSED] - All options with index in [2] are selected on object 'Object Repository/HealthpostToStore/Page_HealthPost Store/select_--Select--Schedule 1Inj'

2018-06-09 21:37:46 - [TEST_STEP][PASSED] - selectOptionByIndex: All options with index in [17] are selected on object 'Object Repository/HealthpostToStore/Page_HealthPost Store/select_--Select--Adernaline 0.'

2018-06-09 21:37:46 - [MESSAGE][PASSED] - All options with index in [17] are selected on object 'Object Repository/HealthpostToStore/Page_HealthPost Store/select_--Select--Adernaline 0.'

2018-06-09 21:37:46 - [TEST_STEP][PASSED] - setText: Text '10' is set on object 'Object Repository/HealthpostToStore/Page_HealthPost Store/input_txttreat'

2018-06-09 21:37:46 - [MESSAGE][PASSED] - Text '10' is set on object 'Object Repository/HealthpostToStore/Page_HealthPost Store/input_txttreat'

2018-06-09 21:37:46 - [TEST_STEP][PASSED] - click: Object: 'Object Repository/HealthpostToStore/Page_HealthPost Store/button_Add' is clicked on

2018-06-09 21:37:46 - [MESSAGE][PASSED] - Object: 'Object Repository/HealthpostToStore/Page_HealthPost Store/button_Add' is clicked on

2018-06-09 21:37:46 - [TEST_STEP][PASSED] - selectOptionByIndex: All options with index in [2] are selected on object 'Object Repository/HealthpostToStore/Page_HealthPost Store/select_--Select--Schedule 1Inj'

2018-06-09 21:37:47 - [MESSAGE][PASSED] - All options with index in [2] are selected on object 'Object Repository/HealthpostToStore/Page_HealthPost Store/select_--Select--Schedule 1Inj'

2018-06-09 21:37:47 - [TEST_STEP][PASSED] - selectOptionByIndex: All options with index in [18] are selected on object 'Object Repository/HealthpostToStore/Page_HealthPost Store/select_--Select--Adernaline 0.'

2018-06-09 21:37:47 - [MESSAGE][PASSED] - All options with index in [18] are selected on object 'Object Repository/HealthpostToStore/Page_HealthPost Store/select_--Select--Adernaline 0.'

2018-06-09 21:37:47 - [TEST_STEP][PASSED] - setText: Text '10' is set on object 'Object Repository/HealthpostToStore/Page_HealthPost Store/input_txttreat'

2018-06-09 21:37:47 - [MESSAGE][PASSED] - Text '10' is set on object 'Object Repository/HealthpostToStore/Page_HealthPost Store/input_txttreat'

2018-06-09 21:37:47 - [TEST_STEP][PASSED] - click: Object: 'Object Repository/HealthpostToStore/Page_HealthPost Store/button_Add' is clicked on

2018-06-09 21:37:47 - [MESSAGE][PASSED] - Object: 'Object Repository/HealthpostToStore/Page_HealthPost Store/button_Add' is clicked on

2018-06-09 21:37:47 - [TEST_STEP][PASSED] - selectOptionByIndex: All options with index in [2] are selected on object 'Object Repository/HealthpostToStore/Page_HealthPost Store/select_--Select--Schedule 1Inj'

2018-06-09 21:37:47 - [MESSAGE][PASSED] - All options with index in [2] are selected on object 'Object Repository/HealthpostToStore/Page_HealthPost Store/select_--Select--Schedule 1Inj'

2018-06-09 21:37:47 - [TEST_STEP][PASSED] - selectOptionByIndex: All options with index in [19] are selected on object 'Object Repository/HealthpostToStore/Page_HealthPost Store/select_--Select--Adernaline 0.'

2018-06-09 21:37:47 - [MESSAGE][PASSED] - All options with index in [19] are selected on object 'Object Repository/HealthpostToStore/Page_HealthPost Store/select_--Select--Adernaline 0.'

2018-06-09 21:37:47 - [TEST_STEP][PASSED] - setText: Text '10' is set on object 'Object Repository/HealthpostToStore/Page_HealthPost Store/input_txttreat'

2018-06-09 21:37:48 - [MESSAGE][PASSED] - Text '10' is set on object 'Object Repository/HealthpostToStore/Page_HealthPost Store/input_txttreat'

2018-06-09 21:37:48 - [TEST_STEP][PASSED] - click: Object: 'Object Repository/HealthpostToStore/Page_HealthPost Store/button_Add' is clicked on

2018-06-09 21:37:48 - [MESSAGE][PASSED] - Object: 'Object Repository/HealthpostToStore/Page_HealthPost Store/button_Add' is clicked on

2018-06-09 21:37:48 - [TEST_STEP][PASSED] - selectOptionByIndex: All options with index in [2] are selected on object 'Object Repository/HealthpostToStore/Page_HealthPost Store/select_--Select--Schedule 1Inj'

2018-06-09 21:37:48 - [MESSAGE][PASSED] - All options with index in [2] are selected on object 'Object Repository/HealthpostToStore/Page_HealthPost Store/select_--Select--Schedule 1Inj'

2018-06-09 21:37:48 - [TEST_STEP][PASSED] - selectOptionByIndex: All options with index in [20] are selected on object 'Object Repository/HealthpostToStore/Page_HealthPost Store/select_--Select--Adernaline 0.'

2018-06-09 21:37:48 - [MESSAGE][PASSED] - All options with index in [20] are selected on object 'Object Repository/HealthpostToStore/Page_HealthPost Store/select_--Select--Adernaline 0.'

2018-06-09 21:37:48 - [TEST_STEP][PASSED] - setText: Text '10' is set on object 'Object Repository/HealthpostToStore/Page_HealthPost Store/input_txttreat'

2018-06-09 21:37:48 - [MESSAGE][PASSED] - Text '10' is set on object 'Object Repository/HealthpostToStore/Page_HealthPost Store/input_txttreat'

2018-06-09 21:37:48 - [TEST_STEP][PASSED] - click: Object: 'Object Repository/HealthpostToStore/Page_HealthPost Store/button_Add' is clicked on

2018-06-09 21:37:48 - [MESSAGE][PASSED] - Object: 'Object Repository/HealthpostToStore/Page_HealthPost Store/button_Add' is clicked on

2018-06-09 21:37:48 - [TEST_STEP][PASSED] - selectOptionByIndex: All options with index in [2] are selected on object 'Object Repository/HealthpostToStore/Page_HealthPost Store/select_--Select--Schedule 1Inj'

2018-06-09 21:37:48 - [MESSAGE][PASSED] - All options with index in [2] are selected on object 'Object Repository/HealthpostToStore/Page_HealthPost Store/select_--Select--Schedule 1Inj'

2018-06-09 21:37:48 - [TEST_STEP][PASSED] - selectOptionByIndex: All options with index in [21] are selected on object 'Object Repository/HealthpostToStore/Page_HealthPost Store/select_--Select--Adernaline 0.'

2018-06-09 21:37:49 - [MESSAGE][PASSED] - All options with index in [21] are selected on object 'Object Repository/HealthpostToStore/Page_HealthPost Store/select_--Select--Adernaline 0.'

2018-06-09 21:37:49 - [TEST_STEP][PASSED] - setText: Text '10' is set on object 'Object Repository/HealthpostToStore/Page_HealthPost Store/input_txttreat'

2018-06-09 21:37:49 - [MESSAGE][PASSED] - Text '10' is set on object 'Object Repository/HealthpostToStore/Page_HealthPost Store/input_txttreat'

2018-06-09 21:37:49 - [TEST_STEP][PASSED] - click: Object: 'Object Repository/HealthpostToStore/Page_HealthPost Store/button_Add' is clicked on

2018-06-09 21:37:49 - [MESSAGE][PASSED] - Object: 'Object Repository/HealthpostToStore/Page_HealthPost Store/button_Add' is clicked on

2018-06-09 21:37:49 - [TEST_STEP][PASSED] - selectOptionByIndex: All options with index in [2] are selected on object 'Object Repository/HealthpostToStore/Page_HealthPost Store/select_--Select--Schedule 1Inj'

2018-06-09 21:37:49 - [MESSAGE][PASSED] - All options with index in [2] are selected on object 'Object Repository/HealthpostToStore/Page_HealthPost Store/select_--Select--Schedule 1Inj'

2018-06-09 21:37:49 - [TEST_STEP][PASSED] - selectOptionByIndex: All options with index in [22] are selected on object 'Object Repository/HealthpostToStore/Page_HealthPost Store/select_--Select--Adernaline 0.'

2018-06-09 21:37:49 - [MESSAGE][PASSED] - All options with index in [22] are selected on object 'Object Repository/HealthpostToStore/Page_HealthPost Store/select_--Select--Adernaline 0.'

2018-06-09 21:37:49 - [TEST_STEP][PASSED] - setText: Text '10' is set on object 'Object Repository/HealthpostToStore/Page_HealthPost Store/input_txttreat'

2018-06-09 21:37:49 - [MESSAGE][PASSED] - Text '10' is set on object 'Object Repository/HealthpostToStore/Page_HealthPost Store/input_txttreat'

2018-06-09 21:37:49 - [TEST_STEP][PASSED] - click: Object: 'Object Repository/HealthpostToStore/Page_HealthPost Store/button_Add' is clicked on

2018-06-09 21:37:50 - [MESSAGE][PASSED] - Object: 'Object Repository/HealthpostToStore/Page_HealthPost Store/button_Add' is clicked on

2018-06-09 21:37:50 - [TEST_STEP][PASSED] - selectOptionByIndex: All options with index in [2] are selected on object 'Object Repository/HealthpostToStore/Page_HealthPost Store/select_--Select--Schedule 1Inj'

2018-06-09 21:37:50 - [MESSAGE][PASSED] - All options with index in [2] are selected on object 'Object Repository/HealthpostToStore/Page_HealthPost Store/select_--Select--Schedule 1Inj'

2018-06-09 21:37:50 - [TEST_STEP][PASSED] - selectOptionByIndex: All options with index in [23] are selected on object 'Object Repository/HealthpostToStore/Page_HealthPost Store/select_--Select--Adernaline 0.'

2018-06-09 21:37:50 - [MESSAGE][PASSED] - All options with index in [23] are selected on object 'Object Repository/HealthpostToStore/Page_HealthPost Store/select_--Select--Adernaline 0.'

2018-06-09 21:37:50 - [TEST_STEP][PASSED] - setText: Text '10' is set on object 'Object Repository/HealthpostToStore/Page_HealthPost Store/input_txttreat'

2018-06-09 21:37:50 - [MESSAGE][PASSED] - Text '10' is set on object 'Object Repository/HealthpostToStore/Page_HealthPost Store/input_txttreat'

2018-06-09 21:37:50 - [TEST_STEP][PASSED] - click: Object: 'Object Repository/HealthpostToStore/Page_HealthPost Store/button_Add' is clicked on

2018-06-09 21:37:50 - [MESSAGE][PASSED] - Object: 'Object Repository/HealthpostToStore/Page_HealthPost Store/button_Add' is clicked on

2018-06-09 21:37:50 - [TEST_STEP][PASSED] - selectOptionByIndex: All options with index in [2] are selected on object 'Object Repository/HealthpostToStore/Page_HealthPost Store/select_--Select--Schedule 1Inj'

2018-06-09 21:37:50 - [MESSAGE][PASSED] - All options with index in [2] are selected on object 'Object Repository/HealthpostToStore/Page_HealthPost Store/select_--Select--Schedule 1Inj'

2018-06-09 21:37:50 - [TEST_STEP][PASSED] - selectOptionByIndex: All options with index in [24] are selected on object 'Object Repository/HealthpostToStore/Page_HealthPost Store/select_--Select--Adernaline 0.'

2018-06-09 21:37:51 - [MESSAGE][PASSED] - All options with index in [24] are selected on object 'Object Repository/HealthpostToStore/Page_HealthPost Store/select_--Select--Adernaline 0.'

2018-06-09 21:37:51 - [TEST_STEP][PASSED] - setText: Text '10' is set on object 'Object Repository/HealthpostToStore/Page_HealthPost Store/input_txttreat'

2018-06-09 21:37:51 - [MESSAGE][PASSED] - Text '10' is set on object 'Object Repository/HealthpostToStore/Page_HealthPost Store/input_txttreat'

2018-06-09 21:37:51 - [TEST_STEP][PASSED] - click: Object: 'Object Repository/HealthpostToStore/Page_HealthPost Store/button_Add' is clicked on

2018-06-09 21:37:51 - [MESSAGE][PASSED] - Object: 'Object Repository/HealthpostToStore/Page_HealthPost Store/button_Add' is clicked on

2018-06-09 21:37:51 - [TEST_STEP][PASSED] - selectOptionByIndex: All options with index in [2] are selected on object 'Object Repository/HealthpostToStore/Page_HealthPost Store/select_--Select--Schedule 1Inj'

2018-06-09 21:37:51 - [MESSAGE][PASSED] - All options with index in [2] are selected on object 'Object Repository/HealthpostToStore/Page_HealthPost Store/select_--Select--Schedule 1Inj'

2018-06-09 21:37:51 - [TEST_STEP][PASSED] - selectOptionByIndex: All options with index in [25] are selected on object 'Object Repository/HealthpostToStore/Page_HealthPost Store/select_--Select--Adernaline 0.'

2018-06-09 21:37:51 - [MESSAGE][PASSED] - All options with index in [25] are selected on object 'Object Repository/HealthpostToStore/Page_HealthPost Store/select_--Select--Adernaline 0.'

2018-06-09 21:37:51 - [TEST_STEP][PASSED] - setText: Text '10' is set on object 'Object Repository/HealthpostToStore/Page_HealthPost Store/input_txttreat'

2018-06-09 21:37:51 - [MESSAGE][PASSED] - Text '10' is set on object 'Object Repository/HealthpostToStore/Page_HealthPost Store/input_txttreat'

2018-06-09 21:37:51 - [TEST_STEP][PASSED] - click: Object: 'Object Repository/HealthpostToStore/Page_HealthPost Store/button_Add' is clicked on

2018-06-09 21:37:52 - [MESSAGE][PASSED] - Object: 'Object Repository/HealthpostToStore/Page_HealthPost Store/button_Add' is clicked on

2018-06-09 21:37:52 - [TEST_STEP][PASSED] - selectOptionByIndex: All options with index in [2] are selected on object 'Object Repository/HealthpostToStore/Page_HealthPost Store/select_--Select--Schedule 1Inj'

2018-06-09 21:37:52 - [MESSAGE][PASSED] - All options with index in [2] are selected on object 'Object Repository/HealthpostToStore/Page_HealthPost Store/select_--Select--Schedule 1Inj'

2018-06-09 21:37:52 - [TEST_STEP][PASSED] - selectOptionByIndex: All options with index in [26] are selected on object 'Object Repository/HealthpostToStore/Page_HealthPost Store/select_--Select--Adernaline 0.'

2018-06-09 21:37:52 - [MESSAGE][PASSED] - All options with index in [26] are selected on object 'Object Repository/HealthpostToStore/Page_HealthPost Store/select_--Select--Adernaline 0.'

2018-06-09 21:37:52 - [TEST_STEP][PASSED] - setText: Text '10' is set on object 'Object Repository/HealthpostToStore/Page_HealthPost Store/input_txttreat'

2018-06-09 21:37:52 - [MESSAGE][PASSED] - Text '10' is set on object 'Object Repository/HealthpostToStore/Page_HealthPost Store/input_txttreat'

2018-06-09 21:37:52 - [TEST_STEP][PASSED] - click: Object: 'Object Repository/HealthpostToStore/Page_HealthPost Store/button_Add' is clicked on

2018-06-09 21:37:52 - [MESSAGE][PASSED] - Object: 'Object Repository/HealthpostToStore/Page_HealthPost Store/button_Add' is clicked on

2018-06-09 21:37:52 - [TEST_STEP][PASSED] - selectOptionByIndex: All options with index in [2] are selected on object 'Object Repository/HealthpostToStore/Page_HealthPost Store/select_--Select--Schedule 1Inj'

2018-06-09 21:37:52 - [MESSAGE][PASSED] - All options with index in [2] are selected on object 'Object Repository/HealthpostToStore/Page_HealthPost Store/select_--Select--Schedule 1Inj'

2018-06-09 21:37:52 - [TEST_STEP][PASSED] - selectOptionByIndex: All options with index in [27] are selected on object 'Object Repository/HealthpostToStore/Page_HealthPost Store/select_--Select--Adernaline 0.'

2018-06-09 21:37:53 - [MESSAGE][PASSED] - All options with index in [27] are selected on object 'Object Repository/HealthpostToStore/Page_HealthPost Store/select_--Select--Adernaline 0.'

2018-06-09 21:37:53 - [TEST_STEP][PASSED] - setText: Text '10' is set on object 'Object Repository/HealthpostToStore/Page_HealthPost Store/input_txttreat'

2018-06-09 21:37:53 - [MESSAGE][PASSED] - Text '10' is set on object 'Object Repository/HealthpostToStore/Page_HealthPost Store/input_txttreat'

2018-06-09 21:37:53 - [TEST_STEP][PASSED] - click: Object: 'Object Repository/HealthpostToStore/Page_HealthPost Store/button_Add' is clicked on

2018-06-09 21:37:53 - [MESSAGE][PASSED] - Object: 'Object Repository/HealthpostToStore/Page_HealthPost Store/button_Add' is clicked on

2018-06-09 21:37:53 - [TEST_STEP][PASSED] - selectOptionByIndex: All options with index in [2] are selected on object 'Object Repository/HealthpostToStore/Page_HealthPost Store/select_--Select--Schedule 1Inj'

2018-06-09 21:37:53 - [MESSAGE][PASSED] - All options with index in [2] are selected on object 'Object Repository/HealthpostToStore/Page_HealthPost Store/select_--Select--Schedule 1Inj'

2018-06-09 21:37:53 - [TEST_STEP][PASSED] - selectOptionByIndex: All options with index in [28] are selected on object 'Object Repository/HealthpostToStore/Page_HealthPost Store/select_--Select--Adernaline 0.'

2018-06-09 21:37:54 - [MESSAGE][PASSED] - All options with index in [28] are selected on object 'Object Repository/HealthpostToStore/Page_HealthPost Store/select_--Select--Adernaline 0.'

2018-06-09 21:37:54 - [TEST_STEP][PASSED] - setText: Text '10' is set on object 'Object Repository/HealthpostToStore/Page_HealthPost Store/input_txttreat'

2018-06-09 21:37:54 - [MESSAGE][PASSED] - Text '10' is set on object 'Object Repository/HealthpostToStore/Page_HealthPost Store/input_txttreat'

2018-06-09 21:37:54 - [TEST_STEP][PASSED] - click: Object: 'Object Repository/HealthpostToStore/Page_HealthPost Store/button_Add' is clicked on

2018-06-09 21:37:54 - [MESSAGE][PASSED] - Object: 'Object Repository/HealthpostToStore/Page_HealthPost Store/button_Add' is clicked on

2018-06-09 21:37:54 - [TEST_STEP][PASSED] - selectOptionByIndex: All options with index in [2] are selected on object 'Object Repository/HealthpostToStore/Page_HealthPost Store/select_--Select--Schedule 1Inj'

2018-06-09 21:37:54 - [MESSAGE][PASSED] - All options with index in [2] are selected on object 'Object Repository/HealthpostToStore/Page_HealthPost Store/select_--Select--Schedule 1Inj'

2018-06-09 21:37:54 - [TEST_STEP][PASSED] - selectOptionByIndex: All options with index in [29] are selected on object 'Object Repository/HealthpostToStore/Page_HealthPost Store/select_--Select--Adernaline 0.'

2018-06-09 21:37:54 - [MESSAGE][PASSED] - All options with index in [29] are selected on object 'Object Repository/HealthpostToStore/Page_HealthPost Store/select_--Select--Adernaline 0.'

2018-06-09 21:37:54 - [TEST_STEP][PASSED] - setText: Text '10' is set on object 'Object Repository/HealthpostToStore/Page_HealthPost Store/input_txttreat'

2018-06-09 21:37:54 - [MESSAGE][PASSED] - Text '10' is set on object 'Object Repository/HealthpostToStore/Page_HealthPost Store/input_txttreat'

2018-06-09 21:37:54 - [TEST_STEP][PASSED] - click: Object: 'Object Repository/HealthpostToStore/Page_HealthPost Store/button_Add' is clicked on

2018-06-09 21:37:54 - [MESSAGE][PASSED] - Object: 'Object Repository/HealthpostToStore/Page_HealthPost Store/button_Add' is clicked on

2018-06-09 21:37:54 - [TEST_STEP][PASSED] - selectOptionByIndex: All options with index in [2] are selected on object 'Object Repository/HealthpostToStore/Page_HealthPost Store/select_--Select--Schedule 1Inj'

2018-06-09 21:37:55 - [MESSAGE][PASSED] - All options with index in [2] are selected on object 'Object Repository/HealthpostToStore/Page_HealthPost Store/select_--Select--Schedule 1Inj'

2018-06-09 21:37:55 - [TEST_STEP][PASSED] - selectOptionByIndex: All options with index in [30] are selected on object 'Object Repository/HealthpostToStore/Page_HealthPost Store/select_--Select--Adernaline 0.'

2018-06-09 21:37:55 - [MESSAGE][PASSED] - All options with index in [30] are selected on object 'Object Repository/HealthpostToStore/Page_HealthPost Store/select_--Select--Adernaline 0.'

2018-06-09 21:37:55 - [TEST_STEP][PASSED] - setText: Text '10' is set on object 'Object Repository/HealthpostToStore/Page_HealthPost Store/input_txttreat'

2018-06-09 21:37:55 - [MESSAGE][PASSED] - Text '10' is set on object 'Object Repository/HealthpostToStore/Page_HealthPost Store/input_txttreat'

2018-06-09 21:37:55 - [TEST_STEP][PASSED] - click: Object: 'Object Repository/HealthpostToStore/Page_HealthPost Store/button_Add' is clicked on

2018-06-09 21:37:55 - [MESSAGE][PASSED] - Object: 'Object Repository/HealthpostToStore/Page_HealthPost Store/button_Add' is clicked on

2018-06-09 21:37:55 - [TEST_STEP][PASSED] - selectOptionByIndex: All options with index in [2] are selected on object 'Object Repository/HealthpostToStore/Page_HealthPost Store/select_--Select--Schedule 1Inj'

2018-06-09 21:37:55 - [MESSAGE][PASSED] - All options with index in [2] are selected on object 'Object Repository/HealthpostToStore/Page_HealthPost Store/select_--Select--Schedule 1Inj'

2018-06-09 21:37:55 - [TEST_STEP][PASSED] - selectOptionByIndex: All options with index in [31] are selected on object 'Object Repository/HealthpostToStore/Page_HealthPost Store/select_--Select--Adernaline 0.'

2018-06-09 21:37:56 - [MESSAGE][PASSED] - All options with index in [31] are selected on object 'Object Repository/HealthpostToStore/Page_HealthPost Store/select_--Select--Adernaline 0.'

2018-06-09 21:37:56 - [TEST_STEP][PASSED] - setText: Text '10' is set on object 'Object Repository/HealthpostToStore/Page_HealthPost Store/input_txttreat'

2018-06-09 21:37:56 - [MESSAGE][PASSED] - Text '10' is set on object 'Object Repository/HealthpostToStore/Page_HealthPost Store/input_txttreat'

2018-06-09 21:37:56 - [TEST_STEP][PASSED] - click: Object: 'Object Repository/HealthpostToStore/Page_HealthPost Store/button_Add' is clicked on

2018-06-09 21:37:56 - [MESSAGE][PASSED] - Object: 'Object Repository/HealthpostToStore/Page_HealthPost Store/button_Add' is clicked on

2018-06-09 21:37:56 - [TEST_STEP][PASSED] - selectOptionByIndex: All options with index in [2] are selected on object 'Object Repository/HealthpostToStore/Page_HealthPost Store/select_--Select--Schedule 1Inj'

2018-06-09 21:37:56 - [MESSAGE][PASSED] - All options with index in [2] are selected on object 'Object Repository/HealthpostToStore/Page_HealthPost Store/select_--Select--Schedule 1Inj'

2018-06-09 21:37:56 - [TEST_STEP][PASSED] - selectOptionByIndex: All options with index in [32] are selected on object 'Object Repository/HealthpostToStore/Page_HealthPost Store/select_--Select--Adernaline 0.'

2018-06-09 21:37:57 - [MESSAGE][PASSED] - All options with index in [32] are selected on object 'Object Repository/HealthpostToStore/Page_HealthPost Store/select_--Select--Adernaline 0.'

2018-06-09 21:37:57 - [TEST_STEP][PASSED] - setText: Text '10' is set on object 'Object Repository/HealthpostToStore/Page_HealthPost Store/input_txttreat'

2018-06-09 21:37:57 - [MESSAGE][PASSED] - Text '10' is set on object 'Object Repository/HealthpostToStore/Page_HealthPost Store/input_txttreat'

2018-06-09 21:37:57 - [TEST_STEP][PASSED] - click: Object: 'Object Repository/HealthpostToStore/Page_HealthPost Store/button_Add' is clicked on

2018-06-09 21:37:57 - [MESSAGE][PASSED] - Object: 'Object Repository/HealthpostToStore/Page_HealthPost Store/button_Add' is clicked on

2018-06-09 21:37:57 - [TEST_STEP][PASSED] - selectOptionByIndex: All options with index in [2] are selected on object 'Object Repository/HealthpostToStore/Page_HealthPost Store/select_--Select--Schedule 1Inj'

2018-06-09 21:37:57 - [MESSAGE][PASSED] - All options with index in [2] are selected on object 'Object Repository/HealthpostToStore/Page_HealthPost Store/select_--Select--Schedule 1Inj'

2018-06-09 21:37:57 - [TEST_STEP][PASSED] - selectOptionByIndex: All options with index in [33] are selected on object 'Object Repository/HealthpostToStore/Page_HealthPost Store/select_--Select--Adernaline 0.'

2018-06-09 21:37:57 - [MESSAGE][PASSED] - All options with index in [33] are selected on object 'Object Repository/HealthpostToStore/Page_HealthPost Store/select_--Select--Adernaline 0.'

2018-06-09 21:37:57 - [TEST_STEP][PASSED] - setText: Text '10' is set on object 'Object Repository/HealthpostToStore/Page_HealthPost Store/input_txttreat'

2018-06-09 21:37:57 - [MESSAGE][PASSED] - Text '10' is set on object 'Object Repository/HealthpostToStore/Page_HealthPost Store/input_txttreat'

2018-06-09 21:37:57 - [TEST_STEP][PASSED] - click: Object: 'Object Repository/HealthpostToStore/Page_HealthPost Store/button_Add' is clicked on

2018-06-09 21:37:58 - [MESSAGE][PASSED] - Object: 'Object Repository/HealthpostToStore/Page_HealthPost Store/button_Add' is clicked on

2018-06-09 21:37:58 - [TEST_STEP][PASSED] - selectOptionByIndex: All options with index in [2] are selected on object 'Object Repository/HealthpostToStore/Page_HealthPost Store/select_--Select--Schedule 1Inj'

2018-06-09 21:37:58 - [MESSAGE][PASSED] - All options with index in [2] are selected on object 'Object Repository/HealthpostToStore/Page_HealthPost Store/select_--Select--Schedule 1Inj'

2018-06-09 21:37:58 - [TEST_STEP][PASSED] - selectOptionByIndex: All options with index in [34] are selected on object 'Object Repository/HealthpostToStore/Page_HealthPost Store/select_--Select--Adernaline 0.'

2018-06-09 21:37:58 - [MESSAGE][PASSED] - All options with index in [34] are selected on object 'Object Repository/HealthpostToStore/Page_HealthPost Store/select_--Select--Adernaline 0.'

2018-06-09 21:37:58 - [TEST_STEP][PASSED] - setText: Text '10' is set on object 'Object Repository/HealthpostToStore/Page_HealthPost Store/input_txttreat'

2018-06-09 21:37:58 - [MESSAGE][PASSED] - Text '10' is set on object 'Object Repository/HealthpostToStore/Page_HealthPost Store/input_txttreat'

2018-06-09 21:37:58 - [TEST_STEP][PASSED] - click: Object: 'Object Repository/HealthpostToStore/Page_HealthPost Store/button_Add' is clicked on

2018-06-09 21:37:58 - [MESSAGE][PASSED] - Object: 'Object Repository/HealthpostToStore/Page_HealthPost Store/button_Add' is clicked on

2018-06-09 21:37:58 - [TEST_STEP][PASSED] - selectOptionByIndex: All options with index in [2] are selected on object 'Object Repository/HealthpostToStore/Page_HealthPost Store/select_--Select--Schedule 1Inj'

2018-06-09 21:37:59 - [MESSAGE][PASSED] - All options with index in [2] are selected on object 'Object Repository/HealthpostToStore/Page_HealthPost Store/select_--Select--Schedule 1Inj'

2018-06-09 21:37:59 - [TEST_STEP][PASSED] - selectOptionByIndex: All options with index in [35] are selected on object 'Object Repository/HealthpostToStore/Page_HealthPost Store/select_--Select--Adernaline 0.'

2018-06-09 21:37:59 - [MESSAGE][PASSED] - All options with index in [35] are selected on object 'Object Repository/HealthpostToStore/Page_HealthPost Store/select_--Select--Adernaline 0.'

2018-06-09 21:37:59 - [TEST_STEP][PASSED] - setText: Text '10' is set on object 'Object Repository/HealthpostToStore/Page_HealthPost Store/input_txttreat'

2018-06-09 21:37:59 - [MESSAGE][PASSED] - Text '10' is set on object 'Object Repository/HealthpostToStore/Page_HealthPost Store/input_txttreat'

2018-06-09 21:37:59 - [TEST_STEP][PASSED] - click: Object: 'Object Repository/HealthpostToStore/Page_HealthPost Store/button_Add' is clicked on

2018-06-09 21:37:59 - [MESSAGE][PASSED] - Object: 'Object Repository/HealthpostToStore/Page_HealthPost Store/button_Add' is clicked on

2018-06-09 21:37:59 - [TEST_STEP][PASSED] - selectOptionByIndex: All options with index in [2] are selected on object 'Object Repository/HealthpostToStore/Page_HealthPost Store/select_--Select--Schedule 1Inj'

2018-06-09 21:37:59 - [MESSAGE][PASSED] - All options with index in [2] are selected on object 'Object Repository/HealthpostToStore/Page_HealthPost Store/select_--Select--Schedule 1Inj'

2018-06-09 21:37:59 - [TEST_STEP][PASSED] - selectOptionByIndex: All options with index in [36] are selected on object 'Object Repository/HealthpostToStore/Page_HealthPost Store/select_--Select--Adernaline 0.'

2018-06-09 21:38:00 - [MESSAGE][PASSED] - All options with index in [36] are selected on object 'Object Repository/HealthpostToStore/Page_HealthPost Store/select_--Select--Adernaline 0.'

2018-06-09 21:38:00 - [TEST_STEP][PASSED] - setText: Text '10' is set on object 'Object Repository/HealthpostToStore/Page_HealthPost Store/input_txttreat'

2018-06-09 21:38:00 - [MESSAGE][PASSED] - Text '10' is set on object 'Object Repository/HealthpostToStore/Page_HealthPost Store/input_txttreat'

2018-06-09 21:38:00 - [TEST_STEP][PASSED] - click: Object: 'Object Repository/HealthpostToStore/Page_HealthPost Store/button_Add' is clicked on

2018-06-09 21:38:00 - [MESSAGE][PASSED] - Object: 'Object Repository/HealthpostToStore/Page_HealthPost Store/button_Add' is clicked on

2018-06-09 21:38:00 - [TEST_STEP][PASSED] - selectOptionByIndex: All options with index in [2] are selected on object 'Object Repository/HealthpostToStore/Page_HealthPost Store/select_--Select--Schedule 1Inj'

2018-06-09 21:38:00 - [MESSAGE][PASSED] - All options with index in [2] are selected on object 'Object Repository/HealthpostToStore/Page_HealthPost Store/select_--Select--Schedule 1Inj'

2018-06-09 21:38:00 - [TEST_STEP][PASSED] - selectOptionByIndex: All options with index in [37] are selected on object 'Object Repository/HealthpostToStore/Page_HealthPost Store/select_--Select--Adernaline 0.'

2018-06-09 21:38:01 - [MESSAGE][PASSED] - All options with index in [37] are selected on object 'Object Repository/HealthpostToStore/Page_HealthPost Store/select_--Select--Adernaline 0.'

2018-06-09 21:38:01 - [TEST_STEP][PASSED] - setText: Text '10' is set on object 'Object Repository/HealthpostToStore/Page_HealthPost Store/input_txttreat'

2018-06-09 21:38:01 - [MESSAGE][PASSED] - Text '10' is set on object 'Object Repository/HealthpostToStore/Page_HealthPost Store/input_txttreat'

2018-06-09 21:38:01 - [TEST_STEP][PASSED] - click: Object: 'Object Repository/HealthpostToStore/Page_HealthPost Store/button_Add' is clicked on

2018-06-09 21:38:01 - [MESSAGE][PASSED] - Object: 'Object Repository/HealthpostToStore/Page_HealthPost Store/button_Add' is clicked on

2018-06-09 21:38:01 - [TEST_STEP][PASSED] - selectOptionByIndex: All options with index in [2] are selected on object 'Object Repository/HealthpostToStore/Page_HealthPost Store/select_--Select--Schedule 1Inj'

2018-06-09 21:38:01 - [MESSAGE][PASSED] - All options with index in [2] are selected on object 'Object Repository/HealthpostToStore/Page_HealthPost Store/select_--Select--Schedule 1Inj'

2018-06-09 21:38:01 - [TEST_STEP][PASSED] - selectOptionByIndex: All options with index in [38] are selected on object 'Object Repository/HealthpostToStore/Page_HealthPost Store/select_--Select--Adernaline 0.'

2018-06-09 21:38:02 - [MESSAGE][PASSED] - All options with index in [38] are selected on object 'Object Repository/HealthpostToStore/Page_HealthPost Store/select_--Select--Adernaline 0.'

2018-06-09 21:38:02 - [TEST_STEP][PASSED] - setText: Text '10' is set on object 'Object Repository/HealthpostToStore/Page_HealthPost Store/input_txttreat'

2018-06-09 21:38:02 - [MESSAGE][PASSED] - Text '10' is set on object 'Object Repository/HealthpostToStore/Page_HealthPost Store/input_txttreat'

2018-06-09 21:38:02 - [TEST_STEP][PASSED] - click: Object: 'Object Repository/HealthpostToStore/Page_HealthPost Store/button_Add' is clicked on

2018-06-09 21:38:02 - [MESSAGE][PASSED] - Object: 'Object Repository/HealthpostToStore/Page_HealthPost Store/button_Add' is clicked on

2018-06-09 21:38:02 - [TEST_STEP][PASSED] - selectOptionByIndex: All options with index in [2] are selected on object 'Object Repository/HealthpostToStore/Page_HealthPost Store/select_--Select--Schedule 1Inj'

2018-06-09 21:38:02 - [MESSAGE][PASSED] - All options with index in [2] are selected on object 'Object Repository/HealthpostToStore/Page_HealthPost Store/select_--Select--Schedule 1Inj'

2018-06-09 21:38:02 - [TEST_STEP][PASSED] - selectOptionByIndex: All options with index in [39] are selected on object 'Object Repository/HealthpostToStore/Page_HealthPost Store/select_--Select--Adernaline 0.'

2018-06-09 21:38:02 - [MESSAGE][PASSED] - All options with index in [39] are selected on object 'Object Repository/HealthpostToStore/Page_HealthPost Store/select_--Select--Adernaline 0.'

2018-06-09 21:38:02 - [TEST_STEP][PASSED] - setText: Text '10' is set on object 'Object Repository/HealthpostToStore/Page_HealthPost Store/input_txttreat'

2018-06-09 21:38:02 - [MESSAGE][PASSED] - Text '10' is set on object 'Object Repository/HealthpostToStore/Page_HealthPost Store/input_txttreat'

2018-06-09 21:38:02 - [TEST_STEP][PASSED] - click: Object: 'Object Repository/HealthpostToStore/Page_HealthPost Store/button_Add' is clicked on

2018-06-09 21:38:03 - [MESSAGE][PASSED] - Object: 'Object Repository/HealthpostToStore/Page_HealthPost Store/button_Add' is clicked on

2018-06-09 21:38:03 - [TEST_STEP][PASSED] - selectOptionByIndex: All options with index in [2] are selected on object 'Object Repository/HealthpostToStore/Page_HealthPost Store/select_--Select--Schedule 1Inj'

2018-06-09 21:38:03 - [MESSAGE][PASSED] - All options with index in [2] are selected on object 'Object Repository/HealthpostToStore/Page_HealthPost Store/select_--Select--Schedule 1Inj'

2018-06-09 21:38:03 - [TEST_STEP][PASSED] - selectOptionByIndex: All options with index in [40] are selected on object 'Object Repository/HealthpostToStore/Page_HealthPost Store/select_--Select--Adernaline 0.'

2018-06-09 21:38:03 - [MESSAGE][PASSED] - All options with index in [40] are selected on object 'Object Repository/HealthpostToStore/Page_HealthPost Store/select_--Select--Adernaline 0.'

2018-06-09 21:38:03 - [TEST_STEP][PASSED] - setText: Text '10' is set on object 'Object Repository/HealthpostToStore/Page_HealthPost Store/input_txttreat'

2018-06-09 21:38:03 - [MESSAGE][PASSED] - Text '10' is set on object 'Object Repository/HealthpostToStore/Page_HealthPost Store/input_txttreat'

2018-06-09 21:38:03 - [TEST_STEP][PASSED] - click: Object: 'Object Repository/HealthpostToStore/Page_HealthPost Store/button_Add' is clicked on

2018-06-09 21:38:03 - [MESSAGE][PASSED] - Object: 'Object Repository/HealthpostToStore/Page_HealthPost Store/button_Add' is clicked on

2018-06-09 21:38:03 - [TEST_STEP][PASSED] - selectOptionByIndex: All options with index in [2] are selected on object 'Object Repository/HealthpostToStore/Page_HealthPost Store/select_--Select--Schedule 1Inj'

2018-06-09 21:38:04 - [MESSAGE][PASSED] - All options with index in [2] are selected on object 'Object Repository/HealthpostToStore/Page_HealthPost Store/select_--Select--Schedule 1Inj'

2018-06-09 21:38:04 - [TEST_STEP][PASSED] - selectOptionByIndex: All options with index in [41] are selected on object 'Object Repository/HealthpostToStore/Page_HealthPost Store/select_--Select--Adernaline 0.'

2018-06-09 21:38:04 - [MESSAGE][PASSED] - All options with index in [41] are selected on object 'Object Repository/HealthpostToStore/Page_HealthPost Store/select_--Select--Adernaline 0.'

2018-06-09 21:38:04 - [TEST_STEP][PASSED] - setText: Text '10' is set on object 'Object Repository/HealthpostToStore/Page_HealthPost Store/input_txttreat'

2018-06-09 21:38:04 - [MESSAGE][PASSED] - Text '10' is set on object 'Object Repository/HealthpostToStore/Page_HealthPost Store/input_txttreat'

2018-06-09 21:38:04 - [TEST_STEP][PASSED] - click: Object: 'Object Repository/HealthpostToStore/Page_HealthPost Store/button_Add' is clicked on

2018-06-09 21:38:04 - [MESSAGE][PASSED] - Object: 'Object Repository/HealthpostToStore/Page_HealthPost Store/button_Add' is clicked on

2018-06-09 21:38:04 - [TEST_STEP][PASSED] - selectOptionByIndex: All options with index in [2] are selected on object 'Object Repository/HealthpostToStore/Page_HealthPost Store/select_--Select--Schedule 1Inj'

2018-06-09 21:38:04 - [MESSAGE][PASSED] - All options with index in [2] are selected on object 'Object Repository/HealthpostToStore/Page_HealthPost Store/select_--Select--Schedule 1Inj'

2018-06-09 21:38:04 - [TEST_STEP][PASSED] - selectOptionByIndex: All options with index in [42] are selected on object 'Object Repository/HealthpostToStore/Page_HealthPost Store/select_--Select--Adernaline 0.'

2018-06-09 21:38:05 - [MESSAGE][PASSED] - All options with index in [42] are selected on object 'Object Repository/HealthpostToStore/Page_HealthPost Store/select_--Select--Adernaline 0.'

2018-06-09 21:38:05 - [TEST_STEP][PASSED] - setText: Text '10' is set on object 'Object Repository/HealthpostToStore/Page_HealthPost Store/input_txttreat'

2018-06-09 21:38:05 - [MESSAGE][PASSED] - Text '10' is set on object 'Object Repository/HealthpostToStore/Page_HealthPost Store/input_txttreat'

2018-06-09 21:38:05 - [TEST_STEP][PASSED] - click: Object: 'Object Repository/HealthpostToStore/Page_HealthPost Store/button_Add' is clicked on

2018-06-09 21:38:05 - [MESSAGE][PASSED] - Object: 'Object Repository/HealthpostToStore/Page_HealthPost Store/button_Add' is clicked on

2018-06-09 21:38:05 - [TEST_STEP][PASSED] - selectOptionByIndex: All options with index in [2] are selected on object 'Object Repository/HealthpostToStore/Page_HealthPost Store/select_--Select--Schedule 1Inj'

2018-06-09 21:38:05 - [MESSAGE][PASSED] - All options with index in [2] are selected on object 'Object Repository/HealthpostToStore/Page_HealthPost Store/select_--Select--Schedule 1Inj'

2018-06-09 21:38:05 - [TEST_STEP][PASSED] - selectOptionByIndex: All options with index in [43] are selected on object 'Object Repository/HealthpostToStore/Page_HealthPost Store/select_--Select--Adernaline 0.'

2018-06-09 21:38:06 - [MESSAGE][PASSED] - All options with index in [43] are selected on object 'Object Repository/HealthpostToStore/Page_HealthPost Store/select_--Select--Adernaline 0.'

2018-06-09 21:38:06 - [TEST_STEP][PASSED] - setText: Text '10' is set on object 'Object Repository/HealthpostToStore/Page_HealthPost Store/input_txttreat'

2018-06-09 21:38:06 - [MESSAGE][PASSED] - Text '10' is set on object 'Object Repository/HealthpostToStore/Page_HealthPost Store/input_txttreat'

2018-06-09 21:38:06 - [TEST_STEP][PASSED] - click: Object: 'Object Repository/HealthpostToStore/Page_HealthPost Store/button_Add' is clicked on

2018-06-09 21:38:06 - [MESSAGE][PASSED] - Object: 'Object Repository/HealthpostToStore/Page_HealthPost Store/button_Add' is clicked on

2018-06-09 21:38:06 - [TEST_STEP][PASSED] - selectOptionByIndex: All options with index in [2] are selected on object 'Object Repository/HealthpostToStore/Page_HealthPost Store/select_--Select--Schedule 1Inj'

2018-06-09 21:38:06 - [MESSAGE][PASSED] - All options with index in [2] are selected on object 'Object Repository/HealthpostToStore/Page_HealthPost Store/select_--Select--Schedule 1Inj'

2018-06-09 21:38:06 - [TEST_STEP][PASSED] - selectOptionByIndex: All options with index in [44] are selected on object 'Object Repository/HealthpostToStore/Page_HealthPost Store/select_--Select--Adernaline 0.'

2018-06-09 21:38:07 - [MESSAGE][PASSED] - All options with index in [44] are selected on object 'Object Repository/HealthpostToStore/Page_HealthPost Store/select_--Select--Adernaline 0.'

2018-06-09 21:38:07 - [TEST_STEP][PASSED] - setText: Text '10' is set on object 'Object Repository/HealthpostToStore/Page_HealthPost Store/input_txttreat'

2018-06-09 21:38:07 - [MESSAGE][PASSED] - Text '10' is set on object 'Object Repository/HealthpostToStore/Page_HealthPost Store/input_txttreat'

2018-06-09 21:38:07 - [TEST_STEP][PASSED] - click: Object: 'Object Repository/HealthpostToStore/Page_HealthPost Store/button_Add' is clicked on

2018-06-09 21:38:07 - [MESSAGE][PASSED] - Object: 'Object Repository/HealthpostToStore/Page_HealthPost Store/button_Add' is clicked on

2018-06-09 21:38:07 - [TEST_STEP][PASSED] - selectOptionByIndex: All options with index in [2] are selected on object 'Object Repository/HealthpostToStore/Page_HealthPost Store/select_--Select--Schedule 1Inj'

2018-06-09 21:38:07 - [MESSAGE][PASSED] - All options with index in [2] are selected on object 'Object Repository/HealthpostToStore/Page_HealthPost Store/select_--Select--Schedule 1Inj'

2018-06-09 21:38:07 - [TEST_STEP][PASSED] - selectOptionByIndex: All options with index in [45] are selected on object 'Object Repository/HealthpostToStore/Page_HealthPost Store/select_--Select--Adernaline 0.'

2018-06-09 21:38:08 - [MESSAGE][PASSED] - All options with index in [45] are selected on object 'Object Repository/HealthpostToStore/Page_HealthPost Store/select_--Select--Adernaline 0.'

2018-06-09 21:38:08 - [TEST_STEP][PASSED] - setText: Text '10' is set on object 'Object Repository/HealthpostToStore/Page_HealthPost Store/input_txttreat'

2018-06-09 21:38:08 - [MESSAGE][PASSED] - Text '10' is set on object 'Object Repository/HealthpostToStore/Page_HealthPost Store/input_txttreat'

2018-06-09 21:38:08 - [TEST_STEP][PASSED] - click: Object: 'Object Repository/HealthpostToStore/Page_HealthPost Store/button_Add' is clicked on

2018-06-09 21:38:08 - [MESSAGE][PASSED] - Object: 'Object Repository/HealthpostToStore/Page_HealthPost Store/button_Add' is clicked on

2018-06-09 21:38:08 - [TEST_STEP][PASSED] - selectOptionByIndex: All options with index in [2] are selected on object 'Object Repository/HealthpostToStore/Page_HealthPost Store/select_--Select--Schedule 1Inj'

2018-06-09 21:38:08 - [MESSAGE][PASSED] - All options with index in [2] are selected on object 'Object Repository/HealthpostToStore/Page_HealthPost Store/select_--Select--Schedule 1Inj'

2018-06-09 21:38:08 - [TEST_STEP][PASSED] - selectOptionByIndex: All options with index in [46] are selected on object 'Object Repository/HealthpostToStore/Page_HealthPost Store/select_--Select--Adernaline 0.'

2018-06-09 21:38:08 - [MESSAGE][PASSED] - All options with index in [46] are selected on object 'Object Repository/HealthpostToStore/Page_HealthPost Store/select_--Select--Adernaline 0.'

2018-06-09 21:38:08 - [TEST_STEP][PASSED] - setText: Text '10' is set on object 'Object Repository/HealthpostToStore/Page_HealthPost Store/input_txttreat'

2018-06-09 21:38:09 - [MESSAGE][PASSED] - Text '10' is set on object 'Object Repository/HealthpostToStore/Page_HealthPost Store/input_txttreat'

2018-06-09 21:38:09 - [TEST_STEP][PASSED] - click: Object: 'Object Repository/HealthpostToStore/Page_HealthPost Store/button_Add' is clicked on

2018-06-09 21:38:09 - [MESSAGE][PASSED] - Object: 'Object Repository/HealthpostToStore/Page_HealthPost Store/button_Add' is clicked on

2018-06-09 21:38:09 - [TEST_STEP][PASSED] - selectOptionByIndex: All options with index in [2] are selected on object 'Object Repository/HealthpostToStore/Page_HealthPost Store/select_--Select--Schedule 1Inj'

2018-06-09 21:38:09 - [MESSAGE][PASSED] - All options with index in [2] are selected on object 'Object Repository/HealthpostToStore/Page_HealthPost Store/select_--Select--Schedule 1Inj'

2018-06-09 21:38:09 - [TEST_STEP][PASSED] - selectOptionByIndex: All options with index in [47] are selected on object 'Object Repository/HealthpostToStore/Page_HealthPost Store/select_--Select--Adernaline 0.'

2018-06-09 21:38:09 - [MESSAGE][PASSED] - All options with index in [47] are selected on object 'Object Repository/HealthpostToStore/Page_HealthPost Store/select_--Select--Adernaline 0.'

2018-06-09 21:38:09 - [TEST_STEP][PASSED] - setText: Text '10' is set on object 'Object Repository/HealthpostToStore/Page_HealthPost Store/input_txttreat'

2018-06-09 21:38:09 - [MESSAGE][PASSED] - Text '10' is set on object 'Object Repository/HealthpostToStore/Page_HealthPost Store/input_txttreat'

2018-06-09 21:38:09 - [TEST_STEP][PASSED] - click: Object: 'Object Repository/HealthpostToStore/Page_HealthPost Store/button_Add' is clicked on

2018-06-09 21:38:09 - [MESSAGE][PASSED] - Object: 'Object Repository/HealthpostToStore/Page_HealthPost Store/button_Add' is clicked on

2018-06-09 21:38:09 - [TEST_STEP][PASSED] - selectOptionByIndex: All options with index in [2] are selected on object 'Object Repository/HealthpostToStore/Page_HealthPost Store/select_--Select--Schedule 1Inj'

2018-06-09 21:38:10 - [MESSAGE][PASSED] - All options with index in [2] are selected on object 'Object Repository/HealthpostToStore/Page_HealthPost Store/select_--Select--Schedule 1Inj'

2018-06-09 21:38:10 - [TEST_STEP][PASSED] - selectOptionByIndex: All options with index in [48] are selected on object 'Object Repository/HealthpostToStore/Page_HealthPost Store/select_--Select--Adernaline 0.'

2018-06-09 21:38:10 - [MESSAGE][PASSED] - All options with index in [48] are selected on object 'Object Repository/HealthpostToStore/Page_HealthPost Store/select_--Select--Adernaline 0.'

2018-06-09 21:38:10 - [TEST_STEP][PASSED] - setText: Text '10' is set on object 'Object Repository/HealthpostToStore/Page_HealthPost Store/input_txttreat'

2018-06-09 21:38:10 - [MESSAGE][PASSED] - Text '10' is set on object 'Object Repository/HealthpostToStore/Page_HealthPost Store/input_txttreat'

2018-06-09 21:38:10 - [TEST_STEP][PASSED] - click: Object: 'Object Repository/HealthpostToStore/Page_HealthPost Store/button_Add' is clicked on

2018-06-09 21:38:10 - [MESSAGE][PASSED] - Object: 'Object Repository/HealthpostToStore/Page_HealthPost Store/button_Add' is clicked on

2018-06-09 21:38:10 - [TEST_STEP][PASSED] - selectOptionByIndex: All options with index in [2] are selected on object 'Object Repository/HealthpostToStore/Page_HealthPost Store/select_--Select--Schedule 1Inj'

2018-06-09 21:38:11 - [MESSAGE][PASSED] - All options with index in [2] are selected on object 'Object Repository/HealthpostToStore/Page_HealthPost Store/select_--Select--Schedule 1Inj'

2018-06-09 21:38:11 - [TEST_STEP][PASSED] - selectOptionByIndex: All options with index in [49] are selected on object 'Object Repository/HealthpostToStore/Page_HealthPost Store/select_--Select--Adernaline 0.'

2018-06-09 21:38:11 - [MESSAGE][PASSED] - All options with index in [49] are selected on object 'Object Repository/HealthpostToStore/Page_HealthPost Store/select_--Select--Adernaline 0.'

2018-06-09 21:38:11 - [TEST_STEP][PASSED] - setText: Text '10' is set on object 'Object Repository/HealthpostToStore/Page_HealthPost Store/input_txttreat'

2018-06-09 21:38:11 - [MESSAGE][PASSED] - Text '10' is set on object 'Object Repository/HealthpostToStore/Page_HealthPost Store/input_txttreat'

2018-06-09 21:38:11 - [TEST_STEP][PASSED] - click: Object: 'Object Repository/HealthpostToStore/Page_HealthPost Store/button_Add' is clicked on

2018-06-09 21:38:11 - [MESSAGE][PASSED] - Object: 'Object Repository/HealthpostToStore/Page_HealthPost Store/button_Add' is clicked on

2018-06-09 21:38:11 - [TEST_STEP][PASSED] - selectOptionByIndex: All options with index in [2] are selected on object 'Object Repository/HealthpostToStore/Page_HealthPost Store/select_--Select--Schedule 1Inj'

2018-06-09 21:38:12 - [MESSAGE][PASSED] - All options with index in [2] are selected on object 'Object Repository/HealthpostToStore/Page_HealthPost Store/select_--Select--Schedule 1Inj'

2018-06-09 21:38:12 - [TEST_STEP][PASSED] - selectOptionByIndex: All options with index in [50] are selected on object 'Object Repository/HealthpostToStore/Page_HealthPost Store/select_--Select--Adernaline 0.'

2018-06-09 21:38:12 - [MESSAGE][PASSED] - All options with index in [50] are selected on object 'Object Repository/HealthpostToStore/Page_HealthPost Store/select_--Select--Adernaline 0.'

2018-06-09 21:38:12 - [TEST_STEP][PASSED] - setText: Text '10' is set on object 'Object Repository/HealthpostToStore/Page_HealthPost Store/input_txttreat'

2018-06-09 21:38:12 - [MESSAGE][PASSED] - Text '10' is set on object 'Object Repository/HealthpostToStore/Page_HealthPost Store/input_txttreat'

2018-06-09 21:38:12 - [TEST_STEP][PASSED] - click: Object: 'Object Repository/HealthpostToStore/Page_HealthPost Store/button_Add' is clicked on

2018-06-09 21:38:12 - [MESSAGE][PASSED] - Object: 'Object Repository/HealthpostToStore/Page_HealthPost Store/button_Add' is clicked on

2018-06-09 21:38:12 - [TEST_STEP][PASSED] - selectOptionByIndex: All options with index in [2] are selected on object 'Object Repository/HealthpostToStore/Page_HealthPost Store/select_--Select--Schedule 1Inj'

2018-06-09 21:38:13 - [MESSAGE][PASSED] - All options with index in [2] are selected on object 'Object Repository/HealthpostToStore/Page_HealthPost Store/select_--Select--Schedule 1Inj'

2018-06-09 21:38:13 - [TEST_STEP][PASSED] - selectOptionByIndex: All options with index in [51] are selected on object 'Object Repository/HealthpostToStore/Page_HealthPost Store/select_--Select--Adernaline 0.'

2018-06-09 21:38:13 - [MESSAGE][PASSED] - All options with index in [51] are selected on object 'Object Repository/HealthpostToStore/Page_HealthPost Store/select_--Select--Adernaline 0.'

2018-06-09 21:38:13 - [TEST_STEP][PASSED] - setText: Text '10' is set on object 'Object Repository/HealthpostToStore/Page_HealthPost Store/input_txttreat'

2018-06-09 21:38:13 - [MESSAGE][PASSED] - Text '10' is set on object 'Object Repository/HealthpostToStore/Page_HealthPost Store/input_txttreat'

2018-06-09 21:38:13 - [TEST_STEP][PASSED] - click: Object: 'Object Repository/HealthpostToStore/Page_HealthPost Store/button_Add' is clicked on

2018-06-09 21:38:13 - [MESSAGE][PASSED] - Object: 'Object Repository/HealthpostToStore/Page_HealthPost Store/button_Add' is clicked on

2018-06-09 21:38:13 - [TEST_STEP][PASSED] - selectOptionByIndex: All options with index in [2] are selected on object 'Object Repository/HealthpostToStore/Page_HealthPost Store/select_--Select--Schedule 1Inj'

2018-06-09 21:38:13 - [MESSAGE][PASSED] - All options with index in [2] are selected on object 'Object Repository/HealthpostToStore/Page_HealthPost Store/select_--Select--Schedule 1Inj'

2018-06-09 21:38:13 - [TEST_STEP][PASSED] - selectOptionByIndex: All options with index in [52] are selected on object 'Object Repository/HealthpostToStore/Page_HealthPost Store/select_--Select--Adernaline 0.'

2018-06-09 21:38:14 - [MESSAGE][PASSED] - All options with index in [52] are selected on object 'Object Repository/HealthpostToStore/Page_HealthPost Store/select_--Select--Adernaline 0.'

2018-06-09 21:38:14 - [TEST_STEP][PASSED] - setText: Text '10' is set on object 'Object Repository/HealthpostToStore/Page_HealthPost Store/input_txttreat'

2018-06-09 21:38:14 - [MESSAGE][PASSED] - Text '10' is set on object 'Object Repository/HealthpostToStore/Page_HealthPost Store/input_txttreat'

2018-06-09 21:38:14 - [TEST_STEP][PASSED] - click: Object: 'Object Repository/HealthpostToStore/Page_HealthPost Store/button_Add' is clicked on

2018-06-09 21:38:14 - [MESSAGE][PASSED] - Object: 'Object Repository/HealthpostToStore/Page_HealthPost Store/button_Add' is clicked on

2018-06-09 21:38:14 - [TEST_STEP][PASSED] - selectOptionByIndex: All options with index in [2] are selected on object 'Object Repository/HealthpostToStore/Page_HealthPost Store/select_--Select--Schedule 1Inj'

2018-06-09 21:38:14 - [MESSAGE][PASSED] - All options with index in [2] are selected on object 'Object Repository/HealthpostToStore/Page_HealthPost Store/select_--Select--Schedule 1Inj'

2018-06-09 21:38:14 - [TEST_STEP][PASSED] - selectOptionByIndex: All options with index in [53] are selected on object 'Object Repository/HealthpostToStore/Page_HealthPost Store/select_--Select--Adernaline 0.'

2018-06-09 21:38:15 - [MESSAGE][PASSED] - All options with index in [53] are selected on object 'Object Repository/HealthpostToStore/Page_HealthPost Store/select_--Select--Adernaline 0.'

2018-06-09 21:38:15 - [TEST_STEP][PASSED] - setText: Text '10' is set on object 'Object Repository/HealthpostToStore/Page_HealthPost Store/input_txttreat'

2018-06-09 21:38:15 - [MESSAGE][PASSED] - Text '10' is set on object 'Object Repository/HealthpostToStore/Page_HealthPost Store/input_txttreat'

2018-06-09 21:38:15 - [TEST_STEP][PASSED] - click: Object: 'Object Repository/HealthpostToStore/Page_HealthPost Store/button_Add' is clicked on

2018-06-09 21:38:15 - [MESSAGE][PASSED] - Object: 'Object Repository/HealthpostToStore/Page_HealthPost Store/button_Add' is clicked on

2018-06-09 21:38:15 - [TEST_STEP][PASSED] - selectOptionByIndex: All options with index in [2] are selected on object 'Object Repository/HealthpostToStore/Page_HealthPost Store/select_--Select--Schedule 1Inj'

2018-06-09 21:38:15 - [MESSAGE][PASSED] - All options with index in [2] are selected on object 'Object Repository/HealthpostToStore/Page_HealthPost Store/select_--Select--Schedule 1Inj'

2018-06-09 21:38:15 - [TEST_STEP][PASSED] - selectOptionByIndex: All options with index in [54] are selected on object 'Object Repository/HealthpostToStore/Page_HealthPost Store/select_--Select--Adernaline 0.'

2018-06-09 21:38:16 - [MESSAGE][PASSED] - All options with index in [54] are selected on object 'Object Repository/HealthpostToStore/Page_HealthPost Store/select_--Select--Adernaline 0.'

2018-06-09 21:38:16 - [TEST_STEP][PASSED] - setText: Text '10' is set on object 'Object Repository/HealthpostToStore/Page_HealthPost Store/input_txttreat'

2018-06-09 21:38:16 - [MESSAGE][PASSED] - Text '10' is set on object 'Object Repository/HealthpostToStore/Page_HealthPost Store/input_txttreat'

2018-06-09 21:38:16 - [TEST_STEP][PASSED] - click: Object: 'Object Repository/HealthpostToStore/Page_HealthPost Store/button_Add' is clicked on

2018-06-09 21:38:16 - [MESSAGE][PASSED] - Object: 'Object Repository/HealthpostToStore/Page_HealthPost Store/button_Add' is clicked on

2018-06-09 21:38:16 - [TEST_STEP][PASSED] - selectOptionByIndex: All options with index in [2] are selected on object 'Object Repository/HealthpostToStore/Page_HealthPost Store/select_--Select--Schedule 1Inj'

2018-06-09 21:38:16 - [MESSAGE][PASSED] - All options with index in [2] are selected on object 'Object Repository/HealthpostToStore/Page_HealthPost Store/select_--Select--Schedule 1Inj'

2018-06-09 21:38:16 - [TEST_STEP][PASSED] - selectOptionByIndex: All options with index in [55] are selected on object 'Object Repository/HealthpostToStore/Page_HealthPost Store/select_--Select--Adernaline 0.'

2018-06-09 21:38:17 - [MESSAGE][PASSED] - All options with index in [55] are selected on object 'Object Repository/HealthpostToStore/Page_HealthPost Store/select_--Select--Adernaline 0.'

2018-06-09 21:38:17 - [TEST_STEP][PASSED] - setText: Text '10' is set on object 'Object Repository/HealthpostToStore/Page_HealthPost Store/input_txttreat'

2018-06-09 21:38:17 - [MESSAGE][PASSED] - Text '10' is set on object 'Object Repository/HealthpostToStore/Page_HealthPost Store/input_txttreat'

2018-06-09 21:38:17 - [TEST_STEP][PASSED] - click: Object: 'Object Repository/HealthpostToStore/Page_HealthPost Store/button_Add' is clicked on

2018-06-09 21:38:17 - [MESSAGE][PASSED] - Object: 'Object Repository/HealthpostToStore/Page_HealthPost Store/button_Add' is clicked on

2018-06-09 21:38:17 - [TEST_STEP][PASSED] - selectOptionByIndex: All options with index in [2] are selected on object 'Object Repository/HealthpostToStore/Page_HealthPost Store/select_--Select--Schedule 1Inj'

2018-06-09 21:38:17 - [MESSAGE][PASSED] - All options with index in [2] are selected on object 'Object Repository/HealthpostToStore/Page_HealthPost Store/select_--Select--Schedule 1Inj'

2018-06-09 21:38:17 - [TEST_STEP][PASSED] - selectOptionByIndex: All options with index in [56] are selected on object 'Object Repository/HealthpostToStore/Page_HealthPost Store/select_--Select--Adernaline 0.'

2018-06-09 21:38:18 - [MESSAGE][PASSED] - All options with index in [56] are selected on object 'Object Repository/HealthpostToStore/Page_HealthPost Store/select_--Select--Adernaline 0.'

2018-06-09 21:38:18 - [TEST_STEP][PASSED] - setText: Text '10' is set on object 'Object Repository/HealthpostToStore/Page_HealthPost Store/input_txttreat'

2018-06-09 21:38:18 - [MESSAGE][PASSED] - Text '10' is set on object 'Object Repository/HealthpostToStore/Page_HealthPost Store/input_txttreat'

2018-06-09 21:38:18 - [TEST_STEP][PASSED] - click: Object: 'Object Repository/HealthpostToStore/Page_HealthPost Store/button_Add' is clicked on

2018-06-09 21:38:18 - [MESSAGE][PASSED] - Object: 'Object Repository/HealthpostToStore/Page_HealthPost Store/button_Add' is clicked on

2018-06-09 21:38:18 - [TEST_STEP][PASSED] - selectOptionByIndex: All options with index in [2] are selected on object 'Object Repository/HealthpostToStore/Page_HealthPost Store/select_--Select--Schedule 1Inj'

2018-06-09 21:38:18 - [MESSAGE][PASSED] - All options with index in [2] are selected on object 'Object Repository/HealthpostToStore/Page_HealthPost Store/select_--Select--Schedule 1Inj'

2018-06-09 21:38:18 - [TEST_STEP][PASSED] - selectOptionByIndex: All options with index in [57] are selected on object 'Object Repository/HealthpostToStore/Page_HealthPost Store/select_--Select--Adernaline 0.'

2018-06-09 21:38:19 - [MESSAGE][PASSED] - All options with index in [57] are selected on object 'Object Repository/HealthpostToStore/Page_HealthPost Store/select_--Select--Adernaline 0.'

2018-06-09 21:38:19 - [TEST_STEP][PASSED] - setText: Text '10' is set on object 'Object Repository/HealthpostToStore/Page_HealthPost Store/input_txttreat'

2018-06-09 21:38:19 - [MESSAGE][PASSED] - Text '10' is set on object 'Object Repository/HealthpostToStore/Page_HealthPost Store/input_txttreat'

2018-06-09 21:38:19 - [TEST_STEP][PASSED] - click: Object: 'Object Repository/HealthpostToStore/Page_HealthPost Store/button_Add' is clicked on

2018-06-09 21:38:19 - [MESSAGE][PASSED] - Object: 'Object Repository/HealthpostToStore/Page_HealthPost Store/button_Add' is clicked on

2018-06-09 21:38:19 - [TEST_STEP][PASSED] - selectOptionByIndex: All options with index in [2] are selected on object 'Object Repository/HealthpostToStore/Page_HealthPost Store/select_--Select--Schedule 1Inj'

2018-06-09 21:38:19 - [MESSAGE][PASSED] - All options with index in [2] are selected on object 'Object Repository/HealthpostToStore/Page_HealthPost Store/select_--Select--Schedule 1Inj'

2018-06-09 21:38:19 - [TEST_STEP][PASSED] - selectOptionByIndex: All options with index in [58] are selected on object 'Object Repository/HealthpostToStore/Page_HealthPost Store/select_--Select--Adernaline 0.'

2018-06-09 21:38:20 - [MESSAGE][PASSED] - All options with index in [58] are selected on object 'Object Repository/HealthpostToStore/Page_HealthPost Store/select_--Select--Adernaline 0.'

2018-06-09 21:38:20 - [TEST_STEP][PASSED] - setText: Text '10' is set on object 'Object Repository/HealthpostToStore/Page_HealthPost Store/input_txttreat'

2018-06-09 21:38:20 - [MESSAGE][PASSED] - Text '10' is set on object 'Object Repository/HealthpostToStore/Page_HealthPost Store/input_txttreat'

2018-06-09 21:38:20 - [TEST_STEP][PASSED] - click: Object: 'Object Repository/HealthpostToStore/Page_HealthPost Store/button_Add' is clicked on

2018-06-09 21:38:20 - [MESSAGE][PASSED] - Object: 'Object Repository/HealthpostToStore/Page_HealthPost Store/button_Add' is clicked on

2018-06-09 21:38:20 - [TEST_STEP][PASSED] - selectOptionByIndex: All options with index in [2] are selected on object 'Object Repository/HealthpostToStore/Page_HealthPost Store/select_--Select--Schedule 1Inj'

2018-06-09 21:38:20 - [MESSAGE][PASSED] - All options with index in [2] are selected on object 'Object Repository/HealthpostToStore/Page_HealthPost Store/select_--Select--Schedule 1Inj'

2018-06-09 21:38:20 - [TEST_STEP][PASSED] - selectOptionByIndex: All options with index in [59] are selected on object 'Object Repository/HealthpostToStore/Page_HealthPost Store/select_--Select--Adernaline 0.'

2018-06-09 21:38:21 - [MESSAGE][PASSED] - All options with index in [59] are selected on object 'Object Repository/HealthpostToStore/Page_HealthPost Store/select_--Select--Adernaline 0.'

2018-06-09 21:38:21 - [TEST_STEP][PASSED] - setText: Text '10' is set on object 'Object Repository/HealthpostToStore/Page_HealthPost Store/input_txttreat'

2018-06-09 21:38:21 - [MESSAGE][PASSED] - Text '10' is set on object 'Object Repository/HealthpostToStore/Page_HealthPost Store/input_txttreat'

2018-06-09 21:38:21 - [TEST_STEP][PASSED] - click: Object: 'Object Repository/HealthpostToStore/Page_HealthPost Store/button_Add' is clicked on

2018-06-09 21:38:21 - [MESSAGE][PASSED] - Object: 'Object Repository/HealthpostToStore/Page_HealthPost Store/button_Add' is clicked on

2018-06-09 21:38:21 - [TEST_STEP][PASSED] - selectOptionByIndex: All options with index in [2] are selected on object 'Object Repository/HealthpostToStore/Page_HealthPost Store/select_--Select--Schedule 1Inj'

2018-06-09 21:38:21 - [MESSAGE][PASSED] - All options with index in [2] are selected on object 'Object Repository/HealthpostToStore/Page_HealthPost Store/select_--Select--Schedule 1Inj'

2018-06-09 21:38:21 - [TEST_STEP][PASSED] - selectOptionByIndex: All options with index in [60] are selected on object 'Object Repository/HealthpostToStore/Page_HealthPost Store/select_--Select--Adernaline 0.'

2018-06-09 21:38:22 - [MESSAGE][PASSED] - All options with index in [60] are selected on object 'Object Repository/HealthpostToStore/Page_HealthPost Store/select_--Select--Adernaline 0.'

2018-06-09 21:38:22 - [TEST_STEP][PASSED] - setText: Text '10' is set on object 'Object Repository/HealthpostToStore/Page_HealthPost Store/input_txttreat'

2018-06-09 21:38:22 - [MESSAGE][PASSED] - Text '10' is set on object 'Object Repository/HealthpostToStore/Page_HealthPost Store/input_txttreat'

2018-06-09 21:38:22 - [TEST_STEP][PASSED] - click: Object: 'Object Repository/HealthpostToStore/Page_HealthPost Store/button_Add' is clicked on

2018-06-09 21:38:22 - [MESSAGE][PASSED] - Object: 'Object Repository/HealthpostToStore/Page_HealthPost Store/button_Add' is clicked on

2018-06-09 21:38:22 - [TEST_STEP][PASSED] - selectOptionByIndex: All options with index in [2] are selected on object 'Object Repository/HealthpostToStore/Page_HealthPost Store/select_--Select--Schedule 1Inj'

2018-06-09 21:38:23 - [MESSAGE][PASSED] - All options with index in [2] are selected on object 'Object Repository/HealthpostToStore/Page_HealthPost Store/select_--Select--Schedule 1Inj'

2018-06-09 21:38:23 - [TEST_STEP][PASSED] - selectOptionByIndex: All options with index in [61] are selected on object 'Object Repository/HealthpostToStore/Page_HealthPost Store/select_--Select--Adernaline 0.'

2018-06-09 21:38:23 - [MESSAGE][PASSED] - All options with index in [61] are selected on object 'Object Repository/HealthpostToStore/Page_HealthPost Store/select_--Select--Adernaline 0.'

2018-06-09 21:38:23 - [TEST_STEP][PASSED] - setText: Text '10' is set on object 'Object Repository/HealthpostToStore/Page_HealthPost Store/input_txttreat'

2018-06-09 21:38:23 - [MESSAGE][PASSED] - Text '10' is set on object 'Object Repository/HealthpostToStore/Page_HealthPost Store/input_txttreat'

2018-06-09 21:38:23 - [TEST_STEP][PASSED] - click: Object: 'Object Repository/HealthpostToStore/Page_HealthPost Store/button_Add' is clicked on

2018-06-09 21:38:23 - [MESSAGE][PASSED] - Object: 'Object Repository/HealthpostToStore/Page_HealthPost Store/button_Add' is clicked on

2018-06-09 21:38:23 - [TEST_STEP][PASSED] - selectOptionByIndex: All options with index in [2] are selected on object 'Object Repository/HealthpostToStore/Page_HealthPost Store/select_--Select--Schedule 1Inj'

2018-06-09 21:38:24 - [MESSAGE][PASSED] - All options with index in [2] are selected on object 'Object Repository/HealthpostToStore/Page_HealthPost Store/select_--Select--Schedule 1Inj'

2018-06-09 21:38:24 - [TEST_STEP][PASSED] - selectOptionByIndex: All options with index in [62] are selected on object 'Object Repository/HealthpostToStore/Page_HealthPost Store/select_--Select--Adernaline 0.'

2018-06-09 21:38:24 - [MESSAGE][PASSED] - All options with index in [62] are selected on object 'Object Repository/HealthpostToStore/Page_HealthPost Store/select_--Select--Adernaline 0.'

2018-06-09 21:38:24 - [TEST_STEP][PASSED] - setText: Text '10' is set on object 'Object Repository/HealthpostToStore/Page_HealthPost Store/input_txttreat'

2018-06-09 21:38:24 - [MESSAGE][PASSED] - Text '10' is set on object 'Object Repository/HealthpostToStore/Page_HealthPost Store/input_txttreat'

2018-06-09 21:38:24 - [TEST_STEP][PASSED] - click: Object: 'Object Repository/HealthpostToStore/Page_HealthPost Store/button_Add' is clicked on

2018-06-09 21:38:24 - [MESSAGE][PASSED] - Object: 'Object Repository/HealthpostToStore/Page_HealthPost Store/button_Add' is clicked on

2018-06-09 21:38:24 - [TEST_STEP][PASSED] - selectOptionByIndex: All options with index in [2] are selected on object 'Object Repository/HealthpostToStore/Page_HealthPost Store/select_--Select--Schedule 1Inj'

2018-06-09 21:38:25 - [MESSAGE][PASSED] - All options with index in [2] are selected on object 'Object Repository/HealthpostToStore/Page_HealthPost Store/select_--Select--Schedule 1Inj'

2018-06-09 21:38:25 - [TEST_STEP][PASSED] - selectOptionByIndex: All options with index in [63] are selected on object 'Object Repository/HealthpostToStore/Page_HealthPost Store/select_--Select--Adernaline 0.'

2018-06-09 21:38:25 - [MESSAGE][PASSED] - All options with index in [63] are selected on object 'Object Repository/HealthpostToStore/Page_HealthPost Store/select_--Select--Adernaline 0.'

2018-06-09 21:38:25 - [TEST_STEP][PASSED] - setText: Text '10' is set on object 'Object Repository/HealthpostToStore/Page_HealthPost Store/input_txttreat'

2018-06-09 21:38:25 - [MESSAGE][PASSED] - Text '10' is set on object 'Object Repository/HealthpostToStore/Page_HealthPost Store/input_txttreat'

2018-06-09 21:38:25 - [TEST_STEP][PASSED] - click: Object: 'Object Repository/HealthpostToStore/Page_HealthPost Store/button_Add' is clicked on

2018-06-09 21:38:26 - [MESSAGE][PASSED] - Object: 'Object Repository/HealthpostToStore/Page_HealthPost Store/button_Add' is clicked on

2018-06-09 21:38:26 - [TEST_STEP][PASSED] - selectOptionByIndex: All options with index in [2] are selected on object 'Object Repository/HealthpostToStore/Page_HealthPost Store/select_--Select--Schedule 1Inj'

2018-06-09 21:38:26 - [MESSAGE][PASSED] - All options with index in [2] are selected on object 'Object Repository/HealthpostToStore/Page_HealthPost Store/select_--Select--Schedule 1Inj'

2018-06-09 21:38:26 - [TEST_STEP][PASSED] - selectOptionByIndex: All options with index in [64] are selected on object 'Object Repository/HealthpostToStore/Page_HealthPost Store/select_--Select--Adernaline 0.'

2018-06-09 21:38:26 - [MESSAGE][PASSED] - All options with index in [64] are selected on object 'Object Repository/HealthpostToStore/Page_HealthPost Store/select_--Select--Adernaline 0.'

2018-06-09 21:38:26 - [TEST_STEP][PASSED] - setText: Text '10' is set on object 'Object Repository/HealthpostToStore/Page_HealthPost Store/input_txttreat'

2018-06-09 21:38:27 - [MESSAGE][PASSED] - Text '10' is set on object 'Object Repository/HealthpostToStore/Page_HealthPost Store/input_txttreat'

2018-06-09 21:38:27 - [TEST_STEP][PASSED] - click: Object: 'Object Repository/HealthpostToStore/Page_HealthPost Store/button_Add' is clicked on

2018-06-09 21:38:27 - [MESSAGE][PASSED] - Object: 'Object Repository/HealthpostToStore/Page_HealthPost Store/button_Add' is clicked on

2018-06-09 21:38:27 - [TEST_STEP][PASSED] - selectOptionByIndex: All options with index in [2] are selected on object 'Object Repository/HealthpostToStore/Page_HealthPost Store/select_--Select--Schedule 1Inj'

2018-06-09 21:38:27 - [MESSAGE][PASSED] - All options with index in [2] are selected on object 'Object Repository/HealthpostToStore/Page_HealthPost Store/select_--Select--Schedule 1Inj'

2018-06-09 21:38:27 - [TEST_STEP][PASSED] - selectOptionByIndex: All options with index in [65] are selected on object 'Object Repository/HealthpostToStore/Page_HealthPost Store/select_--Select--Adernaline 0.'

2018-06-09 21:38:28 - [MESSAGE][PASSED] - All options with index in [65] are selected on object 'Object Repository/HealthpostToStore/Page_HealthPost Store/select_--Select--Adernaline 0.'

2018-06-09 21:38:28 - [TEST_STEP][PASSED] - setText: Text '10' is set on object 'Object Repository/HealthpostToStore/Page_HealthPost Store/input_txttreat'

2018-06-09 21:38:28 - [MESSAGE][PASSED] - Text '10' is set on object 'Object Repository/HealthpostToStore/Page_HealthPost Store/input_txttreat'

2018-06-09 21:38:28 - [TEST_STEP][PASSED] - click: Object: 'Object Repository/HealthpostToStore/Page_HealthPost Store/button_Add' is clicked on

2018-06-09 21:38:28 - [MESSAGE][PASSED] - Object: 'Object Repository/HealthpostToStore/Page_HealthPost Store/button_Add' is clicked on

2018-06-09 21:38:28 - [TEST_STEP][PASSED] - selectOptionByIndex: All options with index in [2] are selected on object 'Object Repository/HealthpostToStore/Page_HealthPost Store/select_--Select--Schedule 1Inj'

2018-06-09 21:38:28 - [MESSAGE][PASSED] - All options with index in [2] are selected on object 'Object Repository/HealthpostToStore/Page_HealthPost Store/select_--Select--Schedule 1Inj'

2018-06-09 21:38:28 - [TEST_STEP][PASSED] - selectOptionByIndex: All options with index in [66] are selected on object 'Object Repository/HealthpostToStore/Page_HealthPost Store/select_--Select--Adernaline 0.'

2018-06-09 21:38:29 - [MESSAGE][PASSED] - All options with index in [66] are selected on object 'Object Repository/HealthpostToStore/Page_HealthPost Store/select_--Select--Adernaline 0.'

2018-06-09 21:38:29 - [TEST_STEP][PASSED] - setText: Text '10' is set on object 'Object Repository/HealthpostToStore/Page_HealthPost Store/input_txttreat'

2018-06-09 21:38:29 - [MESSAGE][PASSED] - Text '10' is set on object 'Object Repository/HealthpostToStore/Page_HealthPost Store/input_txttreat'

2018-06-09 21:38:29 - [TEST_STEP][PASSED] - click: Object: 'Object Repository/HealthpostToStore/Page_HealthPost Store/button_Add' is clicked on

2018-06-09 21:38:29 - [MESSAGE][PASSED] - Object: 'Object Repository/HealthpostToStore/Page_HealthPost Store/button_Add' is clicked on

2018-06-09 21:38:29 - [TEST_STEP][PASSED] - selectOptionByIndex: All options with index in [2] are selected on object 'Object Repository/HealthpostToStore/Page_HealthPost Store/select_--Select--Schedule 1Inj'

2018-06-09 21:38:29 - [MESSAGE][PASSED] - All options with index in [2] are selected on object 'Object Repository/HealthpostToStore/Page_HealthPost Store/select_--Select--Schedule 1Inj'

2018-06-09 21:38:29 - [TEST_STEP][PASSED] - selectOptionByIndex: All options with index in [67] are selected on object 'Object Repository/HealthpostToStore/Page_HealthPost Store/select_--Select--Adernaline 0.'

2018-06-09 21:38:30 - [MESSAGE][PASSED] - All options with index in [67] are selected on object 'Object Repository/HealthpostToStore/Page_HealthPost Store/select_--Select--Adernaline 0.'

2018-06-09 21:38:30 - [TEST_STEP][PASSED] - setText: Text '10' is set on object 'Object Repository/HealthpostToStore/Page_HealthPost Store/input_txttreat'

2018-06-09 21:38:30 - [MESSAGE][PASSED] - Text '10' is set on object 'Object Repository/HealthpostToStore/Page_HealthPost Store/input_txttreat'

2018-06-09 21:38:30 - [TEST_STEP][PASSED] - click: Object: 'Object Repository/HealthpostToStore/Page_HealthPost Store/button_Add' is clicked on

2018-06-09 21:38:30 - [MESSAGE][PASSED] - Object: 'Object Repository/HealthpostToStore/Page_HealthPost Store/button_Add' is clicked on

2018-06-09 21:38:30 - [TEST_STEP][PASSED] - selectOptionByIndex: All options with index in [2] are selected on object 'Object Repository/HealthpostToStore/Page_HealthPost Store/select_--Select--Schedule 1Inj'

2018-06-09 21:38:30 - [MESSAGE][PASSED] - All options with index in [2] are selected on object 'Object Repository/HealthpostToStore/Page_HealthPost Store/select_--Select--Schedule 1Inj'

2018-06-09 21:38:30 - [TEST_STEP][PASSED] - selectOptionByIndex: All options with index in [68] are selected on object 'Object Repository/HealthpostToStore/Page_HealthPost Store/select_--Select--Adernaline 0.'

2018-06-09 21:38:31 - [MESSAGE][PASSED] - All options with index in [68] are selected on object 'Object Repository/HealthpostToStore/Page_HealthPost Store/select_--Select--Adernaline 0.'

2018-06-09 21:38:31 - [TEST_STEP][PASSED] - setText: Text '10' is set on object 'Object Repository/HealthpostToStore/Page_HealthPost Store/input_txttreat'

2018-06-09 21:38:31 - [MESSAGE][PASSED] - Text '10' is set on object 'Object Repository/HealthpostToStore/Page_HealthPost Store/input_txttreat'

2018-06-09 21:38:31 - [TEST_STEP][PASSED] - click: Object: 'Object Repository/HealthpostToStore/Page_HealthPost Store/button_Add' is clicked on

2018-06-09 21:38:31 - [MESSAGE][PASSED] - Object: 'Object Repository/HealthpostToStore/Page_HealthPost Store/button_Add' is clicked on

2018-06-09 21:38:31 - [TEST_STEP][PASSED] - selectOptionByIndex: All options with index in [2] are selected on object 'Object Repository/HealthpostToStore/Page_HealthPost Store/select_--Select--Schedule 1Inj'

2018-06-09 21:38:31 - [MESSAGE][PASSED] - All options with index in [2] are selected on object 'Object Repository/HealthpostToStore/Page_HealthPost Store/select_--Select--Schedule 1Inj'

2018-06-09 21:38:31 - [TEST_STEP][PASSED] - selectOptionByIndex: All options with index in [69] are selected on object 'Object Repository/HealthpostToStore/Page_HealthPost Store/select_--Select--Adernaline 0.'

2018-06-09 21:38:32 - [MESSAGE][PASSED] - All options with index in [69] are selected on object 'Object Repository/HealthpostToStore/Page_HealthPost Store/select_--Select--Adernaline 0.'

2018-06-09 21:38:32 - [TEST_STEP][PASSED] - setText: Text '10' is set on object 'Object Repository/HealthpostToStore/Page_HealthPost Store/input_txttreat'

2018-06-09 21:38:32 - [MESSAGE][PASSED] - Text '10' is set on object 'Object Repository/HealthpostToStore/Page_HealthPost Store/input_txttreat'

2018-06-09 21:38:32 - [TEST_STEP][PASSED] - click: Object: 'Object Repository/HealthpostToStore/Page_HealthPost Store/button_Add' is clicked on

2018-06-09 21:38:32 - [MESSAGE][PASSED] - Object: 'Object Repository/HealthpostToStore/Page_HealthPost Store/button_Add' is clicked on

2018-06-09 21:38:32 - [TEST_STEP][PASSED] - selectOptionByIndex: All options with index in [2] are selected on object 'Object Repository/HealthpostToStore/Page_HealthPost Store/select_--Select--Schedule 1Inj'

2018-06-09 21:38:32 - [MESSAGE][PASSED] - All options with index in [2] are selected on object 'Object Repository/HealthpostToStore/Page_HealthPost Store/select_--Select--Schedule 1Inj'

2018-06-09 21:38:32 - [TEST_STEP][PASSED] - selectOptionByIndex: All options with index in [70] are selected on object 'Object Repository/HealthpostToStore/Page_HealthPost Store/select_--Select--Adernaline 0.'

2018-06-09 21:38:33 - [MESSAGE][PASSED] - All options with index in [70] are selected on object 'Object Repository/HealthpostToStore/Page_HealthPost Store/select_--Select--Adernaline 0.'

2018-06-09 21:38:33 - [TEST_STEP][PASSED] - setText: Text '10' is set on object 'Object Repository/HealthpostToStore/Page_HealthPost Store/input_txttreat'

2018-06-09 21:38:33 - [MESSAGE][PASSED] - Text '10' is set on object 'Object Repository/HealthpostToStore/Page_HealthPost Store/input_txttreat'

2018-06-09 21:38:33 - [TEST_STEP][PASSED] - click: Object: 'Object Repository/HealthpostToStore/Page_HealthPost Store/button_Add' is clicked on

2018-06-09 21:38:33 - [MESSAGE][PASSED] - Object: 'Object Repository/HealthpostToStore/Page_HealthPost Store/button_Add' is clicked on

2018-06-09 21:38:33 - [TEST_STEP][PASSED] - selectOptionByIndex: All options with index in [2] are selected on object 'Object Repository/HealthpostToStore/Page_HealthPost Store/select_--Select--Schedule 1Inj'

2018-06-09 21:38:34 - [MESSAGE][PASSED] - All options with index in [2] are selected on object 'Object Repository/HealthpostToStore/Page_HealthPost Store/select_--Select--Schedule 1Inj'

2018-06-09 21:38:34 - [TEST_STEP][PASSED] - selectOptionByIndex: All options with index in [71] are selected on object 'Object Repository/HealthpostToStore/Page_HealthPost Store/select_--Select--Adernaline 0.'

2018-06-09 21:38:34 - [MESSAGE][PASSED] - All options with index in [71] are selected on object 'Object Repository/HealthpostToStore/Page_HealthPost Store/select_--Select--Adernaline 0.'

2018-06-09 21:38:34 - [TEST_STEP][PASSED] - setText: Text '10' is set on object 'Object Repository/HealthpostToStore/Page_HealthPost Store/input_txttreat'

2018-06-09 21:38:35 - [MESSAGE][PASSED] - Text '10' is set on object 'Object Repository/HealthpostToStore/Page_HealthPost Store/input_txttreat'

2018-06-09 21:38:35 - [TEST_STEP][PASSED] - click: Object: 'Object Repository/HealthpostToStore/Page_HealthPost Store/button_Add' is clicked on

2018-06-09 21:38:35 - [MESSAGE][PASSED] - Object: 'Object Repository/HealthpostToStore/Page_HealthPost Store/button_Add' is clicked on

2018-06-09 21:38:35 - [TEST_STEP][PASSED] - selectOptionByIndex: All options with index in [2] are selected on object 'Object Repository/HealthpostToStore/Page_HealthPost Store/select_--Select--Schedule 1Inj'

2018-06-09 21:38:35 - [MESSAGE][PASSED] - All options with index in [2] are selected on object 'Object Repository/HealthpostToStore/Page_HealthPost Store/select_--Select--Schedule 1Inj'

2018-06-09 21:38:35 - [TEST_STEP][PASSED] - selectOptionByIndex: All options with index in [72] are selected on object 'Object Repository/HealthpostToStore/Page_HealthPost Store/select_--Select--Adernaline 0.'

2018-06-09 21:38:36 - [MESSAGE][PASSED] - All options with index in [72] are selected on object 'Object Repository/HealthpostToStore/Page_HealthPost Store/select_--Select--Adernaline 0.'

2018-06-09 21:38:36 - [TEST_STEP][PASSED] - setText: Text '10' is set on object 'Object Repository/HealthpostToStore/Page_HealthPost Store/input_txttreat'

2018-06-09 21:38:36 - [MESSAGE][PASSED] - Text '10' is set on object 'Object Repository/HealthpostToStore/Page_HealthPost Store/input_txttreat'

2018-06-09 21:38:36 - [TEST_STEP][PASSED] - click: Object: 'Object Repository/HealthpostToStore/Page_HealthPost Store/button_Add' is clicked on

2018-06-09 21:38:36 - [MESSAGE][PASSED] - Object: 'Object Repository/HealthpostToStore/Page_HealthPost Store/button_Add' is clicked on

2018-06-09 21:38:36 - [TEST_STEP][PASSED] - scrollToElement: Scroll to object 'Object Repository/HealthpostToStore/Page_HealthPost Store/input_btnsave' successfully

2018-06-09 21:38:36 - [MESSAGE][PASSED] - Scroll to object 'Object Repository/HealthpostToStore/Page_HealthPost Store/input_btnsave' successfully

2018-06-09 21:38:36 - [TEST_STEP][PASSED] - click: Object: 'Object Repository/HealthpostToStore/Page_HealthPost Store/input_btnsave' is clicked on

2018-06-09 21:38:36 - [MESSAGE][PASSED] - Object: 'Object Repository/HealthpostToStore/Page_HealthPost Store/input_btnsave' is clicked on

2018-06-09 21:38:36 - [TEST_STEP][PASSED] - delay: Delayed 3 second(s)

2018-06-09 21:38:39 - [MESSAGE][PASSED] - Delayed 3 second(s)

2018-06-09 21:38:39 - [TEST_STEP][PASSED] - Statement - RN1 = com.kms.katalon.core.webui.keyword.WebUiBuiltInKeywords.getText(com.kms.katalon.core.testobject.ObjectRepository.findTestObject(HealthpostToStore/Page_HealthPost Store/font_HPRNO180520187)): Text of object 'Object Repository/HealthpostToStore/Page_HealthPost Store/font_HPRNO180520187' is: 'HPRNO/09062018/221'

2018-06-09 21:38:39 - [MESSAGE][PASSED] - Text of object 'Object Repository/HealthpostToStore/Page_HealthPost Store/font_HPRNO180520187' is: 'HPRNO/09062018/221'

2018-06-09 21:38:39 - [TEST_STEP][PASSED] - Statement - out.println(RN1): null

2018-06-09 21:38:39 - [TEST_STEP][PASSED] - Statement - RID = RN1.split("/")[2]: null

2018-06-09 21:38:39 - [TEST_STEP][PASSED] - click: Object: 'Object Repository/HealthpostToStore/Page_HealthPost Store/button_OK' is clicked on

2018-06-09 21:38:40 - [MESSAGE][PASSED] - Object: 'Object Repository/HealthpostToStore/Page_HealthPost Store/button_OK' is clicked on

2018-06-09 21:38:40 - [TEST_STEP][PASSED] - delay: Delayed 3 second(s)

2018-06-09 21:38:43 - [MESSAGE][PASSED] - Delayed 3 second(s)

2018-06-09 21:38:43 - [TEST_STEP][PASSED] - click: Object: 'Object Repository/HealthpostToStore/Page_HealthPost Store/a_dropdown-toggle' is clicked on

2018-06-09 21:38:43 - [MESSAGE][PASSED] - Object: 'Object Repository/HealthpostToStore/Page_HealthPost Store/a_dropdown-toggle' is clicked on

2018-06-09 21:38:43 - [TEST_STEP][PASSED] - click: Object: 'Object Repository/HealthpostToStore/Page_HealthPost Store/a_Sign out' is clicked on

2018-06-09 21:38:43 - [MESSAGE][PASSED] - Object: 'Object Repository/HealthpostToStore/Page_HealthPost Store/a_Sign out' is clicked on

2018-06-09 21:38:43 - [TEST_STEP][PASSED] - delay: Delayed 3 second(s)

2018-06-09 21:38:46 - [MESSAGE][PASSED] - Delayed 3 second(s)

2018-06-09 21:38:46 - [TEST_STEP][PASSED] - navigateToUrl: Navigate to 'http://192.168.137.1/multihospital_new/' successfully

2018-06-09 21:38:47 - [MESSAGE][PASSED] - Navigate to 'http://192.168.137.1/multihospital_new/' successfully

2018-06-09 21:38:47 - [TEST_STEP][PASSED] - click: Object: 'Object Repository/HealthpostToStore/Page_KDMC/a_CMO' is clicked on

2018-06-09 21:38:47 - [MESSAGE][PASSED] - Object: 'Object Repository/HealthpostToStore/Page_KDMC/a_CMO' is clicked on

2018-06-09 21:38:47 - [TEST_STEP][PASSED] - setText: Text 'guru' is set on object 'Object Repository/HealthpostToStore/Page_CMO login/input_txtusername'

2018-06-09 21:38:47 - [MESSAGE][PASSED] - Text 'guru' is set on object 'Object Repository/HealthpostToStore/Page_CMO login/input_txtusername'

2018-06-09 21:38:47 - [TEST_STEP][PASSED] - setText: Text '123' is set on object 'Object Repository/HealthpostToStore/Page_CMO login/input_txtpassword'

2018-06-09 21:38:48 - [MESSAGE][PASSED] - Text '123' is set on object 'Object Repository/HealthpostToStore/Page_CMO login/input_txtpassword'

2018-06-09 21:38:48 - [TEST_STEP][PASSED] - delay: Delayed 3 second(s)

2018-06-09 21:38:51 - [MESSAGE][PASSED] - Delayed 3 second(s)

2018-06-09 21:38:51 - [TEST_STEP][PASSED] - click: Object: 'Object Repository/HealthpostToStore/Page_CMO login/button_Sign in' is clicked on

2018-06-09 21:38:51 - [MESSAGE][PASSED] - Object: 'Object Repository/HealthpostToStore/Page_CMO login/button_Sign in' is clicked on

2018-06-09 21:38:51 - [TEST_STEP][PASSED] - click: Object: 'Object Repository/HealthpostToStore/Page_KDMC - CMO/a_Department Wise Request' is clicked on

2018-06-09 21:38:54 - [MESSAGE][PASSED] - Object: 'Object Repository/HealthpostToStore/Page_KDMC - CMO/a_Department Wise Request' is clicked on

2018-06-09 21:38:54 - [TEST_STEP][PASSED] - delay: Delayed 2 second(s)

2018-06-09 21:38:56 - [MESSAGE][PASSED] - Delayed 2 second(s)

2018-06-09 21:38:56 - [TEST_STEP][PASSED] - selectOptionByIndex: All options with index in [5] are selected on object 'Object Repository/HealthpostToStore/Page_KDMC - CMO/select_--ALL--'

2018-06-09 21:38:56 - [MESSAGE][PASSED] - All options with index in [5] are selected on object 'Object Repository/HealthpostToStore/Page_KDMC - CMO/select_--ALL--'

2018-06-09 21:38:56 - [TEST_STEP][PASSED] - click: Object: 'Object Repository/HealthpostToStore/Page_KDMC - CMO/input_btnsearch' is clicked on

2018-06-09 21:38:56 - [MESSAGE][PASSED] - Object: 'Object Repository/HealthpostToStore/Page_KDMC - CMO/input_btnsearch' is clicked on

2018-06-09 21:38:56 - [TEST_STEP][PASSED] - selectOptionByIndex: All options with index in [1] are selected on object 'Object Repository/HealthpostToStore/Page_KDMC - CMO/select_--ALL--                _1'

2018-06-09 21:38:56 - [MESSAGE][PASSED] - All options with index in [1] are selected on object 'Object Repository/HealthpostToStore/Page_KDMC - CMO/select_--ALL--                _1'

2018-06-09 21:38:56 - [TEST_STEP][PASSED] - click: Object: 'Object Repository/HealthpostToStore/Page_KDMC - CMO/input_btnsearch' is clicked on

2018-06-09 21:38:56 - [MESSAGE][PASSED] - Object: 'Object Repository/HealthpostToStore/Page_KDMC - CMO/input_btnsearch' is clicked on

2018-06-09 21:38:56 - [TEST_STEP][PASSED] - Statement - ID = com.kms.katalon.core.webui.keyword.WebUiBuiltInKeywords.modifyObjectProperty(com.kms.katalon.core.testobject.ObjectRepository.findTestObject(lab/Page_KDMC - CMO/input_1), "xpath", "equals", "//*[@id=" + RID + "]", true): Modify property of object successfully

2018-06-09 21:38:56 - [MESSAGE][PASSED] - Modify property of object successfully

2018-06-09 21:38:56 - [TEST_STEP][PASSED] - click: Object: 'Object Repository/lab/Page_KDMC - CMO/input_1' is clicked on

2018-06-09 21:38:57 - [MESSAGE][PASSED] - Object: 'Object Repository/lab/Page_KDMC - CMO/input_1' is clicked on

2018-06-09 21:38:57 - [TEST_STEP][PASSED] - delay: Delayed 2 second(s)

2018-06-09 21:38:59 - [MESSAGE][PASSED] - Delayed 2 second(s)

2018-06-09 21:38:59 - [TEST_STEP][PASSED] - selectOptionByIndex: All options with index in [1] are selected on object 'Object Repository/HealthpostToStore/Page_KDMC - CMO/select_--Select--'

2018-06-09 21:38:59 - [MESSAGE][PASSED] - All options with index in [1] are selected on object 'Object Repository/HealthpostToStore/Page_KDMC - CMO/select_--Select--'

2018-06-09 21:38:59 - [TEST_STEP][PASSED] - click: Object: 'Object Repository/HealthpostToStore/Page_KDMC - CMO/input_btnupdate' is clicked on

2018-06-09 21:38:59 - [MESSAGE][PASSED] - Object: 'Object Repository/HealthpostToStore/Page_KDMC - CMO/input_btnupdate' is clicked on

2018-06-09 21:38:59 - [TEST_STEP][PASSED] - delay: Delayed 2 second(s)

2018-06-09 21:39:01 - [MESSAGE][PASSED] - Delayed 2 second(s)

2018-06-09 21:39:01 - [TEST_STEP][PASSED] - click: Object: 'Object Repository/HealthpostToStore/Page_KDMC - CMO/button_OK' is clicked on

2018-06-09 21:39:02 - [MESSAGE][PASSED] - Object: 'Object Repository/HealthpostToStore/Page_KDMC - CMO/button_OK' is clicked on

2018-06-09 21:39:02 - [TEST_STEP][PASSED] - delay: Delayed 2 second(s)

2018-06-09 21:39:04 - [MESSAGE][PASSED] - Delayed 2 second(s)

2018-06-09 21:39:04 - [TEST_STEP][PASSED] - click: Object: 'Object Repository/HealthpostToStore/Page_KDMC - CMO/a_dropdown-toggle' is clicked on

2018-06-09 21:39:04 - [MESSAGE][PASSED] - Object: 'Object Repository/HealthpostToStore/Page_KDMC - CMO/a_dropdown-toggle' is clicked on

2018-06-09 21:39:04 - [TEST_STEP][PASSED] - click: Object: 'Object Repository/HealthpostToStore/Page_KDMC - CMO/a_Sign out' is clicked on

2018-06-09 21:39:04 - [MESSAGE][PASSED] - Object: 'Object Repository/HealthpostToStore/Page_KDMC - CMO/a_Sign out' is clicked on

2018-06-09 21:39:04 - [TEST_STEP][PASSED] - delay: Delayed 3 second(s)

2018-06-09 21:39:07 - [MESSAGE][PASSED] - Delayed 3 second(s)

2018-06-09 21:39:07 - [TEST_STEP][PASSED] - click: Object: 'Object Repository/HealthpostToStore/Page_KDMC/a_Divisional Store' is clicked on

2018-06-09 21:39:08 - [MESSAGE][PASSED] - Object: 'Object Repository/HealthpostToStore/Page_KDMC/a_Divisional Store' is clicked on

2018-06-09 21:39:08 - [TEST_STEP][PASSED] - setText: Text 'ragu' is set on object 'Object Repository/HealthpostToStore/Page_Divisonal Store Login/input_txtusername'

2018-06-09 21:39:08 - [MESSAGE][PASSED] - Text 'ragu' is set on object 'Object Repository/HealthpostToStore/Page_Divisonal Store Login/input_txtusername'

2018-06-09 21:39:08 - [TEST_STEP][PASSED] - setText: Text '123' is set on object 'Object Repository/HealthpostToStore/Page_Divisonal Store Login/input_txtpassword'

2018-06-09 21:39:08 - [MESSAGE][PASSED] - Text '123' is set on object 'Object Repository/HealthpostToStore/Page_Divisonal Store Login/input_txtpassword'

2018-06-09 21:39:08 - [TEST_STEP][PASSED] - delay: Delayed 3 second(s)

2018-06-09 21:39:11 - [MESSAGE][PASSED] - Delayed 3 second(s)

2018-06-09 21:39:11 - [TEST_STEP][PASSED] - click: Object: 'Object Repository/HealthpostToStore/Page_Divisonal Store Login/button_Sign in' is clicked on

2018-06-09 21:39:13 - [MESSAGE][PASSED] - Object: 'Object Repository/HealthpostToStore/Page_Divisonal Store Login/button_Sign in' is clicked on

2018-06-09 21:39:13 - [TEST_STEP][PASSED] - delay: Delayed 3 second(s)

2018-06-09 21:39:16 - [MESSAGE][PASSED] - Delayed 3 second(s)

2018-06-09 21:39:16 - [TEST_STEP][PASSED] - click: Object: 'Object Repository/HealthpostToStore/Page_Store/a_Health Post Request' is clicked on

2018-06-09 21:39:16 - [MESSAGE][PASSED] - Object: 'Object Repository/HealthpostToStore/Page_Store/a_Health Post Request' is clicked on

2018-06-09 21:39:16 - [TEST_STEP][PASSED] - click: Object: 'Object Repository/HealthpostToStore/Page_Store/a_Request Item HealthPost' is clicked on

2018-06-09 21:39:17 - [MESSAGE][PASSED] - Object: 'Object Repository/HealthpostToStore/Page_Store/a_Request Item HealthPost' is clicked on

2018-06-09 21:39:17 - [TEST_STEP][PASSED] - Statement - ChooseRequest = com.kms.katalon.core.webui.keyword.WebUiBuiltInKeywords.modifyObjectProperty(com.kms.katalon.core.testobject.ObjectRepository.findTestObject(lab/Page_Store/input_1), "xpath", "equals", "//*[@id=" + RID + "]", true): Modify property of object successfully

2018-06-09 21:39:17 - [MESSAGE][PASSED] - Modify property of object successfully

2018-06-09 21:39:17 - [TEST_STEP][PASSED] - click: Object: 'Object Repository/lab/Page_Store/input_1' is clicked on

2018-06-09 21:39:18 - [MESSAGE][PASSED] - Object: 'Object Repository/lab/Page_Store/input_1' is clicked on

2018-06-09 21:39:18 - [TEST_STEP][PASSED] - Statement - selectedoptions = com.kms.katalon.core.webui.keyword.WebUiBuiltInKeywords.getNumberOfTotalOption(com.kms.katalon.core.testobject.ObjectRepository.findTestObject(HealthpostToStore/Page_Store/select_--Select--Adernaline 0.)): 73 options of object 'Object Repository/HealthpostToStore/Page_Store/select_--Select--Adernaline 0.' counted

2018-06-09 21:39:18 - [MESSAGE][PASSED] - 73 options of object 'Object Repository/HealthpostToStore/Page_Store/select_--Select--Adernaline 0.' counted

2018-06-09 21:39:18 - [TEST_STEP][PASSED] - Statement - For ([a = 1, a <= selectedoptions - 1, (a++)]): null

2018-06-09 21:39:18 - [TEST_STEP][PASSED] - selectOptionByIndex: All options with index in [1] are selected on object 'Object Repository/HealthpostToStore/Page_Store/select_--Select--Adernaline 0.'

2018-06-09 21:39:18 - [MESSAGE][PASSED] - All options with index in [1] are selected on object 'Object Repository/HealthpostToStore/Page_Store/select_--Select--Adernaline 0.'

2018-06-09 21:39:18 - [TEST_STEP][PASSED] - delay: Delayed 2 second(s)

2018-06-09 21:39:20 - [MESSAGE][PASSED] - Delayed 2 second(s)

2018-06-09 21:39:20 - [TEST_STEP][PASSED] - Statement - RequestedQty = com.kms.katalon.core.webui.keyword.WebUiBuiltInKeywords.getAttribute(com.kms.katalon.core.testobject.ObjectRepository.findTestObject(HealthpostToStore/Page_Store/input_txttotal), "value"): Attribute 'value' of object 'Object Repository/HealthpostToStore/Page_Store/input_txttotal' is: '10'

2018-06-09 21:39:20 - [MESSAGE][PASSED] - Attribute 'value' of object 'Object Repository/HealthpostToStore/Page_Store/input_txttotal' is: '10'

2018-06-09 21:39:20 - [TEST_STEP][PASSED] - Statement - out.println("Requested QTY : " + RequestedQty): null

2018-06-09 21:39:20 - [TEST_STEP][PASSED] - Statement - BatchNumber = com.kms.katalon.core.webui.keyword.WebUiBuiltInKeywords.getNumberOfTotalOption(com.kms.katalon.core.testobject.ObjectRepository.findTestObject(HealthpostToStore/Page_Store/select_--Select--BA1170BA2376B)): 2 options of object 'Object Repository/HealthpostToStore/Page_Store/select_--Select--BA1170BA2376B' counted

2018-06-09 21:39:20 - [MESSAGE][PASSED] - 2 options of object 'Object Repository/HealthpostToStore/Page_Store/select_--Select--BA1170BA2376B' counted

2018-06-09 21:39:20 - [TEST_STEP][PASSED] - Statement - For ([g = 1, g <= BatchNumber - 1, (g++)]): null

2018-06-09 21:39:20 - [TEST_STEP][PASSED] - selectOptionByIndex: All options with index in [1] are selected on object 'Object Repository/HealthpostToStore/Page_Store/select_--Select--BA1170BA2376B'

2018-06-09 21:39:20 - [MESSAGE][PASSED] - All options with index in [1] are selected on object 'Object Repository/HealthpostToStore/Page_Store/select_--Select--BA1170BA2376B'

2018-06-09 21:39:20 - [TEST_STEP][PASSED] - Statement - Try: null

2018-06-09 21:39:20 - [TEST_STEP][PASSED] - Statement - StockQty = com.kms.katalon.core.webui.keyword.WebUiBuiltInKeywords.getAttribute(com.kms.katalon.core.testobject.ObjectRepository.findTestObject(HealthpostToStore/Page_Store/input_txtprice), "value"): Attribute 'value' of object 'Object Repository/HealthpostToStore/Page_Store/input_txtprice' is: '1930'

2018-06-09 21:39:20 - [MESSAGE][PASSED] - Attribute 'value' of object 'Object Repository/HealthpostToStore/Page_Store/input_txtprice' is: '1930'

2018-06-09 21:39:20 - [TEST_STEP][PASSED] - Statement - out.println("Stock QTY : " + StockQty): null

2018-06-09 21:39:20 - [TEST_STEP][PASSED] - delay: Delayed 2 second(s)

2018-06-09 21:39:22 - [MESSAGE][PASSED] - Delayed 2 second(s)

2018-06-09 21:39:22 - [TEST_STEP][PASSED] - Statement - If (java.lang.String.valueOf(StockQty) >= java.lang.String.valueOf(RequestedQty)): null

2018-06-09 21:39:22 - [TEST_STEP][PASSED] - setText: Text '10' is set on object 'Object Repository/HealthpostToStore/Page_Store/input_txtqty'

2018-06-09 21:39:22 - [MESSAGE][PASSED] - Text '10' is set on object 'Object Repository/HealthpostToStore/Page_Store/input_txtqty'

2018-06-09 21:39:22 - [TEST_STEP][PASSED] - click: Object: 'Object Repository/HealthpostToStore/Page_Store/button_Add' is clicked on

2018-06-09 21:39:23 - [MESSAGE][PASSED] - Object: 'Object Repository/HealthpostToStore/Page_Store/button_Add' is clicked on

2018-06-09 21:39:23 - [TEST_STEP][PASSED] - Statement - Break: null

2018-06-09 21:39:23 - [TEST_STEP][PASSED] - selectOptionByIndex: All options with index in [2] are selected on object 'Object Repository/HealthpostToStore/Page_Store/select_--Select--Adernaline 0.'

2018-06-09 21:39:23 - [MESSAGE][PASSED] - All options with index in [2] are selected on object 'Object Repository/HealthpostToStore/Page_Store/select_--Select--Adernaline 0.'

2018-06-09 21:39:23 - [TEST_STEP][PASSED] - delay: Delayed 2 second(s)

2018-06-09 21:39:25 - [MESSAGE][PASSED] - Delayed 2 second(s)

2018-06-09 21:39:25 - [TEST_STEP][PASSED] - Statement - RequestedQty = com.kms.katalon.core.webui.keyword.WebUiBuiltInKeywords.getAttribute(com.kms.katalon.core.testobject.ObjectRepository.findTestObject(HealthpostToStore/Page_Store/input_txttotal), "value"): Attribute 'value' of object 'Object Repository/HealthpostToStore/Page_Store/input_txttotal' is: '10'

2018-06-09 21:39:25 - [MESSAGE][PASSED] - Attribute 'value' of object 'Object Repository/HealthpostToStore/Page_Store/input_txttotal' is: '10'

2018-06-09 21:39:25 - [TEST_STEP][PASSED] - Statement - out.println("Requested QTY : " + RequestedQty): null

2018-06-09 21:39:25 - [TEST_STEP][PASSED] - Statement - BatchNumber = com.kms.katalon.core.webui.keyword.WebUiBuiltInKeywords.getNumberOfTotalOption(com.kms.katalon.core.testobject.ObjectRepository.findTestObject(HealthpostToStore/Page_Store/select_--Select--BA1170BA2376B)): 5 options of object 'Object Repository/HealthpostToStore/Page_Store/select_--Select--BA1170BA2376B' counted

2018-06-09 21:39:25 - [MESSAGE][PASSED] - 5 options of object 'Object Repository/HealthpostToStore/Page_Store/select_--Select--BA1170BA2376B' counted

2018-06-09 21:39:25 - [TEST_STEP][PASSED] - Statement - For ([g = 1, g <= BatchNumber - 1, (g++)]): null

2018-06-09 21:39:25 - [TEST_STEP][PASSED] - selectOptionByIndex: All options with index in [1] are selected on object 'Object Repository/HealthpostToStore/Page_Store/select_--Select--BA1170BA2376B'

2018-06-09 21:39:25 - [MESSAGE][PASSED] - All options with index in [1] are selected on object 'Object Repository/HealthpostToStore/Page_Store/select_--Select--BA1170BA2376B'

2018-06-09 21:39:25 - [TEST_STEP][PASSED] - Statement - Try: null

2018-06-09 21:39:25 - [TEST_STEP][PASSED] - Statement - StockQty = com.kms.katalon.core.webui.keyword.WebUiBuiltInKeywords.getAttribute(com.kms.katalon.core.testobject.ObjectRepository.findTestObject(HealthpostToStore/Page_Store/input_txtprice), "value"): Attribute 'value' of object 'Object Repository/HealthpostToStore/Page_Store/input_txtprice' is: '450'

2018-06-09 21:39:25 - [MESSAGE][PASSED] - Attribute 'value' of object 'Object Repository/HealthpostToStore/Page_Store/input_txtprice' is: '450'

2018-06-09 21:39:25 - [TEST_STEP][PASSED] - Statement - out.println("Stock QTY : " + StockQty): null

2018-06-09 21:39:25 - [TEST_STEP][PASSED] - delay: Delayed 2 second(s)

2018-06-09 21:39:27 - [MESSAGE][PASSED] - Delayed 2 second(s)

2018-06-09 21:39:27 - [TEST_STEP][PASSED] - Statement - If (java.lang.String.valueOf(StockQty) >= java.lang.String.valueOf(RequestedQty)): null

2018-06-09 21:39:27 - [TEST_STEP][PASSED] - setText: Text '10' is set on object 'Object Repository/HealthpostToStore/Page_Store/input_txtqty'

2018-06-09 21:39:27 - [MESSAGE][PASSED] - Text '10' is set on object 'Object Repository/HealthpostToStore/Page_Store/input_txtqty'

2018-06-09 21:39:27 - [TEST_STEP][PASSED] - click: Object: 'Object Repository/HealthpostToStore/Page_Store/button_Add' is clicked on

2018-06-09 21:39:27 - [MESSAGE][PASSED] - Object: 'Object Repository/HealthpostToStore/Page_Store/button_Add' is clicked on

2018-06-09 21:39:27 - [TEST_STEP][PASSED] - Statement - Break: null

2018-06-09 21:39:27 - [TEST_STEP][PASSED] - selectOptionByIndex: All options with index in [3] are selected on object 'Object Repository/HealthpostToStore/Page_Store/select_--Select--Adernaline 0.'

2018-06-09 21:39:27 - [MESSAGE][PASSED] - All options with index in [3] are selected on object 'Object Repository/HealthpostToStore/Page_Store/select_--Select--Adernaline 0.'

2018-06-09 21:39:27 - [TEST_STEP][PASSED] - delay: Delayed 2 second(s)

2018-06-09 21:39:29 - [MESSAGE][PASSED] - Delayed 2 second(s)

2018-06-09 21:39:29 - [TEST_STEP][PASSED] - Statement - RequestedQty = com.kms.katalon.core.webui.keyword.WebUiBuiltInKeywords.getAttribute(com.kms.katalon.core.testobject.ObjectRepository.findTestObject(HealthpostToStore/Page_Store/input_txttotal), "value"): Attribute 'value' of object 'Object Repository/HealthpostToStore/Page_Store/input_txttotal' is: '10'

2018-06-09 21:39:29 - [MESSAGE][PASSED] - Attribute 'value' of object 'Object Repository/HealthpostToStore/Page_Store/input_txttotal' is: '10'

2018-06-09 21:39:29 - [TEST_STEP][PASSED] - Statement - out.println("Requested QTY : " + RequestedQty): null

2018-06-09 21:39:29 - [TEST_STEP][PASSED] - Statement - BatchNumber = com.kms.katalon.core.webui.keyword.WebUiBuiltInKeywords.getNumberOfTotalOption(com.kms.katalon.core.testobject.ObjectRepository.findTestObject(HealthpostToStore/Page_Store/select_--Select--BA1170BA2376B)): 6 options of object 'Object Repository/HealthpostToStore/Page_Store/select_--Select--BA1170BA2376B' counted

2018-06-09 21:39:29 - [MESSAGE][PASSED] - 6 options of object 'Object Repository/HealthpostToStore/Page_Store/select_--Select--BA1170BA2376B' counted

2018-06-09 21:39:29 - [TEST_STEP][PASSED] - Statement - For ([g = 1, g <= BatchNumber - 1, (g++)]): null

2018-06-09 21:39:29 - [TEST_STEP][PASSED] - selectOptionByIndex: All options with index in [1] are selected on object 'Object Repository/HealthpostToStore/Page_Store/select_--Select--BA1170BA2376B'

2018-06-09 21:39:29 - [MESSAGE][PASSED] - All options with index in [1] are selected on object 'Object Repository/HealthpostToStore/Page_Store/select_--Select--BA1170BA2376B'

2018-06-09 21:39:29 - [TEST_STEP][PASSED] - Statement - Try: null

2018-06-09 21:39:29 - [TEST_STEP][PASSED] - Statement - StockQty = com.kms.katalon.core.webui.keyword.WebUiBuiltInKeywords.getAttribute(com.kms.katalon.core.testobject.ObjectRepository.findTestObject(HealthpostToStore/Page_Store/input_txtprice), "value"): Attribute 'value' of object 'Object Repository/HealthpostToStore/Page_Store/input_txtprice' is: ''

2018-06-09 21:39:30 - [MESSAGE][PASSED] - Attribute 'value' of object 'Object Repository/HealthpostToStore/Page_Store/input_txtprice' is: ''

2018-06-09 21:39:30 - [TEST_STEP][PASSED] - Statement - out.println("Stock QTY : " + StockQty): null

2018-06-09 21:39:30 - [TEST_STEP][PASSED] - delay: Delayed 2 second(s)

2018-06-09 21:39:32 - [MESSAGE][PASSED] - Delayed 2 second(s)

2018-06-09 21:39:32 - [TEST_STEP][PASSED] - Statement - If (java.lang.String.valueOf(StockQty) >= java.lang.String.valueOf(RequestedQty)): null

2018-06-09 21:39:32 - [TEST_STEP][PASSED] - Statement - Else: null

2018-06-09 21:39:32 - [TEST_STEP][PASSED] - Statement - out.println("Stock Is Less Than Requested Qty"): null

2018-06-09 21:39:32 - [TEST_STEP][PASSED] - selectOptionByIndex: All options with index in [2] are selected on object 'Object Repository/HealthpostToStore/Page_Store/select_--Select--BA1170BA2376B'

2018-06-09 21:39:32 - [MESSAGE][PASSED] - All options with index in [2] are selected on object 'Object Repository/HealthpostToStore/Page_Store/select_--Select--BA1170BA2376B'

2018-06-09 21:39:32 - [TEST_STEP][PASSED] - Statement - Try: null

2018-06-09 21:39:32 - [TEST_STEP][PASSED] - Statement - StockQty = com.kms.katalon.core.webui.keyword.WebUiBuiltInKeywords.getAttribute(com.kms.katalon.core.testobject.ObjectRepository.findTestObject(HealthpostToStore/Page_Store/input_txtprice), "value"): Attribute 'value' of object 'Object Repository/HealthpostToStore/Page_Store/input_txtprice' is: '200'

2018-06-09 21:39:32 - [MESSAGE][PASSED] - Attribute 'value' of object 'Object Repository/HealthpostToStore/Page_Store/input_txtprice' is: '200'

2018-06-09 21:39:32 - [TEST_STEP][PASSED] - Statement - out.println("Stock QTY : " + StockQty): null

2018-06-09 21:39:32 - [TEST_STEP][PASSED] - delay: Delayed 2 second(s)

2018-06-09 21:39:34 - [MESSAGE][PASSED] - Delayed 2 second(s)

2018-06-09 21:39:34 - [TEST_STEP][PASSED] - Statement - If (java.lang.String.valueOf(StockQty) >= java.lang.String.valueOf(RequestedQty)): null

2018-06-09 21:39:34 - [TEST_STEP][PASSED] - setText: Text '10' is set on object 'Object Repository/HealthpostToStore/Page_Store/input_txtqty'

2018-06-09 21:39:34 - [MESSAGE][PASSED] - Text '10' is set on object 'Object Repository/HealthpostToStore/Page_Store/input_txtqty'

2018-06-09 21:39:34 - [TEST_STEP][PASSED] - click: Object: 'Object Repository/HealthpostToStore/Page_Store/button_Add' is clicked on

2018-06-09 21:39:34 - [MESSAGE][PASSED] - Object: 'Object Repository/HealthpostToStore/Page_Store/button_Add' is clicked on

2018-06-09 21:39:34 - [TEST_STEP][PASSED] - Statement - Break: null

2018-06-09 21:39:34 - [TEST_STEP][PASSED] - selectOptionByIndex: All options with index in [4] are selected on object 'Object Repository/HealthpostToStore/Page_Store/select_--Select--Adernaline 0.'

2018-06-09 21:39:34 - [MESSAGE][PASSED] - All options with index in [4] are selected on object 'Object Repository/HealthpostToStore/Page_Store/select_--Select--Adernaline 0.'

2018-06-09 21:39:34 - [TEST_STEP][PASSED] - delay: Delayed 2 second(s)

2018-06-09 21:39:36 - [MESSAGE][PASSED] - Delayed 2 second(s)

2018-06-09 21:39:36 - [TEST_STEP][PASSED] - Statement - RequestedQty = com.kms.katalon.core.webui.keyword.WebUiBuiltInKeywords.getAttribute(com.kms.katalon.core.testobject.ObjectRepository.findTestObject(HealthpostToStore/Page_Store/input_txttotal), "value"): Attribute 'value' of object 'Object Repository/HealthpostToStore/Page_Store/input_txttotal' is: '10'

2018-06-09 21:39:36 - [MESSAGE][PASSED] - Attribute 'value' of object 'Object Repository/HealthpostToStore/Page_Store/input_txttotal' is: '10'

2018-06-09 21:39:36 - [TEST_STEP][PASSED] - Statement - out.println("Requested QTY : " + RequestedQty): null

2018-06-09 21:39:36 - [TEST_STEP][PASSED] - Statement - BatchNumber = com.kms.katalon.core.webui.keyword.WebUiBuiltInKeywords.getNumberOfTotalOption(com.kms.katalon.core.testobject.ObjectRepository.findTestObject(HealthpostToStore/Page_Store/select_--Select--BA1170BA2376B)): 5 options of object 'Object Repository/HealthpostToStore/Page_Store/select_--Select--BA1170BA2376B' counted

2018-06-09 21:39:36 - [MESSAGE][PASSED] - 5 options of object 'Object Repository/HealthpostToStore/Page_Store/select_--Select--BA1170BA2376B' counted

2018-06-09 21:39:36 - [TEST_STEP][PASSED] - Statement - For ([g = 1, g <= BatchNumber - 1, (g++)]): null

2018-06-09 21:39:36 - [TEST_STEP][PASSED] - selectOptionByIndex: All options with index in [1] are selected on object 'Object Repository/HealthpostToStore/Page_Store/select_--Select--BA1170BA2376B'

2018-06-09 21:39:36 - [MESSAGE][PASSED] - All options with index in [1] are selected on object 'Object Repository/HealthpostToStore/Page_Store/select_--Select--BA1170BA2376B'

2018-06-09 21:39:36 - [TEST_STEP][PASSED] - Statement - Try: null

2018-06-09 21:39:36 - [TEST_STEP][PASSED] - Statement - StockQty = com.kms.katalon.core.webui.keyword.WebUiBuiltInKeywords.getAttribute(com.kms.katalon.core.testobject.ObjectRepository.findTestObject(HealthpostToStore/Page_Store/input_txtprice), "value"): Attribute 'value' of object 'Object Repository/HealthpostToStore/Page_Store/input_txtprice' is: '90'

2018-06-09 21:39:36 - [MESSAGE][PASSED] - Attribute 'value' of object 'Object Repository/HealthpostToStore/Page_Store/input_txtprice' is: '90'

2018-06-09 21:39:36 - [TEST_STEP][PASSED] - Statement - out.println("Stock QTY : " + StockQty): null

2018-06-09 21:39:36 - [TEST_STEP][PASSED] - delay: Delayed 2 second(s)

2018-06-09 21:39:38 - [MESSAGE][PASSED] - Delayed 2 second(s)

2018-06-09 21:39:38 - [TEST_STEP][PASSED] - Statement - If (java.lang.String.valueOf(StockQty) >= java.lang.String.valueOf(RequestedQty)): null

2018-06-09 21:39:38 - [TEST_STEP][PASSED] - setText: Text '10' is set on object 'Object Repository/HealthpostToStore/Page_Store/input_txtqty'

2018-06-09 21:39:38 - [MESSAGE][PASSED] - Text '10' is set on object 'Object Repository/HealthpostToStore/Page_Store/input_txtqty'

2018-06-09 21:39:38 - [TEST_STEP][PASSED] - click: Object: 'Object Repository/HealthpostToStore/Page_Store/button_Add' is clicked on

2018-06-09 21:39:38 - [MESSAGE][PASSED] - Object: 'Object Repository/HealthpostToStore/Page_Store/button_Add' is clicked on

2018-06-09 21:39:38 - [TEST_STEP][PASSED] - Statement - Break: null

2018-06-09 21:39:38 - [TEST_STEP][PASSED] - selectOptionByIndex: All options with index in [5] are selected on object 'Object Repository/HealthpostToStore/Page_Store/select_--Select--Adernaline 0.'

2018-06-09 21:39:39 - [MESSAGE][PASSED] - All options with index in [5] are selected on object 'Object Repository/HealthpostToStore/Page_Store/select_--Select--Adernaline 0.'

2018-06-09 21:39:39 - [TEST_STEP][PASSED] - delay: Delayed 2 second(s)

2018-06-09 21:39:41 - [MESSAGE][PASSED] - Delayed 2 second(s)

2018-06-09 21:39:41 - [TEST_STEP][PASSED] - Statement - RequestedQty = com.kms.katalon.core.webui.keyword.WebUiBuiltInKeywords.getAttribute(com.kms.katalon.core.testobject.ObjectRepository.findTestObject(HealthpostToStore/Page_Store/input_txttotal), "value"): Attribute 'value' of object 'Object Repository/HealthpostToStore/Page_Store/input_txttotal' is: '10'

2018-06-09 21:39:41 - [MESSAGE][PASSED] - Attribute 'value' of object 'Object Repository/HealthpostToStore/Page_Store/input_txttotal' is: '10'

2018-06-09 21:39:41 - [TEST_STEP][PASSED] - Statement - out.println("Requested QTY : " + RequestedQty): null

2018-06-09 21:39:41 - [TEST_STEP][PASSED] - Statement - BatchNumber = com.kms.katalon.core.webui.keyword.WebUiBuiltInKeywords.getNumberOfTotalOption(com.kms.katalon.core.testobject.ObjectRepository.findTestObject(HealthpostToStore/Page_Store/select_--Select--BA1170BA2376B)): 3 options of object 'Object Repository/HealthpostToStore/Page_Store/select_--Select--BA1170BA2376B' counted

2018-06-09 21:39:41 - [MESSAGE][PASSED] - 3 options of object 'Object Repository/HealthpostToStore/Page_Store/select_--Select--BA1170BA2376B' counted

2018-06-09 21:39:41 - [TEST_STEP][PASSED] - Statement - For ([g = 1, g <= BatchNumber - 1, (g++)]): null

2018-06-09 21:39:41 - [TEST_STEP][PASSED] - selectOptionByIndex: All options with index in [1] are selected on object 'Object Repository/HealthpostToStore/Page_Store/select_--Select--BA1170BA2376B'

2018-06-09 21:39:41 - [MESSAGE][PASSED] - All options with index in [1] are selected on object 'Object Repository/HealthpostToStore/Page_Store/select_--Select--BA1170BA2376B'

2018-06-09 21:39:41 - [TEST_STEP][PASSED] - Statement - Try: null

2018-06-09 21:39:41 - [TEST_STEP][PASSED] - Statement - StockQty = com.kms.katalon.core.webui.keyword.WebUiBuiltInKeywords.getAttribute(com.kms.katalon.core.testobject.ObjectRepository.findTestObject(HealthpostToStore/Page_Store/input_txtprice), "value"): Attribute 'value' of object 'Object Repository/HealthpostToStore/Page_Store/input_txtprice' is: '820'

2018-06-09 21:39:41 - [MESSAGE][PASSED] - Attribute 'value' of object 'Object Repository/HealthpostToStore/Page_Store/input_txtprice' is: '820'

2018-06-09 21:39:41 - [TEST_STEP][PASSED] - Statement - out.println("Stock QTY : " + StockQty): null

2018-06-09 21:39:41 - [TEST_STEP][PASSED] - delay: Delayed 2 second(s)

2018-06-09 21:39:43 - [MESSAGE][PASSED] - Delayed 2 second(s)

2018-06-09 21:39:43 - [TEST_STEP][PASSED] - Statement - If (java.lang.String.valueOf(StockQty) >= java.lang.String.valueOf(RequestedQty)): null

2018-06-09 21:39:43 - [TEST_STEP][PASSED] - setText: Text '10' is set on object 'Object Repository/HealthpostToStore/Page_Store/input_txtqty'

2018-06-09 21:39:43 - [MESSAGE][PASSED] - Text '10' is set on object 'Object Repository/HealthpostToStore/Page_Store/input_txtqty'

2018-06-09 21:39:43 - [TEST_STEP][PASSED] - click: Object: 'Object Repository/HealthpostToStore/Page_Store/button_Add' is clicked on

2018-06-09 21:39:43 - [MESSAGE][PASSED] - Object: 'Object Repository/HealthpostToStore/Page_Store/button_Add' is clicked on

2018-06-09 21:39:43 - [TEST_STEP][PASSED] - Statement - Break: null

2018-06-09 21:39:43 - [TEST_STEP][PASSED] - selectOptionByIndex: All options with index in [6] are selected on object 'Object Repository/HealthpostToStore/Page_Store/select_--Select--Adernaline 0.'

2018-06-09 21:39:43 - [MESSAGE][PASSED] - All options with index in [6] are selected on object 'Object Repository/HealthpostToStore/Page_Store/select_--Select--Adernaline 0.'

2018-06-09 21:39:43 - [TEST_STEP][PASSED] - delay: Delayed 2 second(s)

2018-06-09 21:39:45 - [MESSAGE][PASSED] - Delayed 2 second(s)

2018-06-09 21:39:45 - [TEST_STEP][PASSED] - Statement - RequestedQty = com.kms.katalon.core.webui.keyword.WebUiBuiltInKeywords.getAttribute(com.kms.katalon.core.testobject.ObjectRepository.findTestObject(HealthpostToStore/Page_Store/input_txttotal), "value"): Attribute 'value' of object 'Object Repository/HealthpostToStore/Page_Store/input_txttotal' is: '10'

2018-06-09 21:39:45 - [MESSAGE][PASSED] - Attribute 'value' of object 'Object Repository/HealthpostToStore/Page_Store/input_txttotal' is: '10'

2018-06-09 21:39:45 - [TEST_STEP][PASSED] - Statement - out.println("Requested QTY : " + RequestedQty): null

2018-06-09 21:39:45 - [TEST_STEP][PASSED] - Statement - BatchNumber = com.kms.katalon.core.webui.keyword.WebUiBuiltInKeywords.getNumberOfTotalOption(com.kms.katalon.core.testobject.ObjectRepository.findTestObject(HealthpostToStore/Page_Store/select_--Select--BA1170BA2376B)): 4 options of object 'Object Repository/HealthpostToStore/Page_Store/select_--Select--BA1170BA2376B' counted

2018-06-09 21:39:45 - [MESSAGE][PASSED] - 4 options of object 'Object Repository/HealthpostToStore/Page_Store/select_--Select--BA1170BA2376B' counted

2018-06-09 21:39:45 - [TEST_STEP][PASSED] - Statement - For ([g = 1, g <= BatchNumber - 1, (g++)]): null

2018-06-09 21:39:45 - [TEST_STEP][PASSED] - selectOptionByIndex: All options with index in [1] are selected on object 'Object Repository/HealthpostToStore/Page_Store/select_--Select--BA1170BA2376B'

2018-06-09 21:39:45 - [MESSAGE][PASSED] - All options with index in [1] are selected on object 'Object Repository/HealthpostToStore/Page_Store/select_--Select--BA1170BA2376B'

2018-06-09 21:39:45 - [TEST_STEP][PASSED] - Statement - Try: null

2018-06-09 21:39:45 - [TEST_STEP][PASSED] - Statement - StockQty = com.kms.katalon.core.webui.keyword.WebUiBuiltInKeywords.getAttribute(com.kms.katalon.core.testobject.ObjectRepository.findTestObject(HealthpostToStore/Page_Store/input_txtprice), "value"): Attribute 'value' of object 'Object Repository/HealthpostToStore/Page_Store/input_txtprice' is: '450'

2018-06-09 21:39:45 - [MESSAGE][PASSED] - Attribute 'value' of object 'Object Repository/HealthpostToStore/Page_Store/input_txtprice' is: '450'

2018-06-09 21:39:45 - [TEST_STEP][PASSED] - Statement - out.println("Stock QTY : " + StockQty): null

2018-06-09 21:39:45 - [TEST_STEP][PASSED] - delay: Delayed 2 second(s)

2018-06-09 21:39:47 - [MESSAGE][PASSED] - Delayed 2 second(s)

2018-06-09 21:39:47 - [TEST_STEP][PASSED] - Statement - If (java.lang.String.valueOf(StockQty) >= java.lang.String.valueOf(RequestedQty)): null

2018-06-09 21:39:47 - [TEST_STEP][PASSED] - setText: Text '10' is set on object 'Object Repository/HealthpostToStore/Page_Store/input_txtqty'

2018-06-09 21:39:47 - [MESSAGE][PASSED] - Text '10' is set on object 'Object Repository/HealthpostToStore/Page_Store/input_txtqty'

2018-06-09 21:39:47 - [TEST_STEP][PASSED] - click: Object: 'Object Repository/HealthpostToStore/Page_Store/button_Add' is clicked on

2018-06-09 21:39:48 - [MESSAGE][PASSED] - Object: 'Object Repository/HealthpostToStore/Page_Store/button_Add' is clicked on

2018-06-09 21:39:48 - [TEST_STEP][PASSED] - Statement - Break: null

2018-06-09 21:39:48 - [TEST_STEP][PASSED] - selectOptionByIndex: All options with index in [7] are selected on object 'Object Repository/HealthpostToStore/Page_Store/select_--Select--Adernaline 0.'

2018-06-09 21:39:48 - [MESSAGE][PASSED] - All options with index in [7] are selected on object 'Object Repository/HealthpostToStore/Page_Store/select_--Select--Adernaline 0.'

2018-06-09 21:39:48 - [TEST_STEP][PASSED] - delay: Delayed 2 second(s)

2018-06-09 21:39:50 - [MESSAGE][PASSED] - Delayed 2 second(s)

2018-06-09 21:39:50 - [TEST_STEP][PASSED] - Statement - RequestedQty = com.kms.katalon.core.webui.keyword.WebUiBuiltInKeywords.getAttribute(com.kms.katalon.core.testobject.ObjectRepository.findTestObject(HealthpostToStore/Page_Store/input_txttotal), "value"): Attribute 'value' of object 'Object Repository/HealthpostToStore/Page_Store/input_txttotal' is: '10'

2018-06-09 21:39:50 - [MESSAGE][PASSED] - Attribute 'value' of object 'Object Repository/HealthpostToStore/Page_Store/input_txttotal' is: '10'

2018-06-09 21:39:50 - [TEST_STEP][PASSED] - Statement - out.println("Requested QTY : " + RequestedQty): null

2018-06-09 21:39:50 - [TEST_STEP][PASSED] - Statement - BatchNumber = com.kms.katalon.core.webui.keyword.WebUiBuiltInKeywords.getNumberOfTotalOption(com.kms.katalon.core.testobject.ObjectRepository.findTestObject(HealthpostToStore/Page_Store/select_--Select--BA1170BA2376B)): 5 options of object 'Object Repository/HealthpostToStore/Page_Store/select_--Select--BA1170BA2376B' counted

2018-06-09 21:39:50 - [MESSAGE][PASSED] - 5 options of object 'Object Repository/HealthpostToStore/Page_Store/select_--Select--BA1170BA2376B' counted

2018-06-09 21:39:50 - [TEST_STEP][PASSED] - Statement - For ([g = 1, g <= BatchNumber - 1, (g++)]): null

2018-06-09 21:39:50 - [TEST_STEP][PASSED] - selectOptionByIndex: All options with index in [1] are selected on object 'Object Repository/HealthpostToStore/Page_Store/select_--Select--BA1170BA2376B'

2018-06-09 21:39:50 - [MESSAGE][PASSED] - All options with index in [1] are selected on object 'Object Repository/HealthpostToStore/Page_Store/select_--Select--BA1170BA2376B'

2018-06-09 21:39:50 - [TEST_STEP][PASSED] - Statement - Try: null

2018-06-09 21:39:50 - [TEST_STEP][PASSED] - Statement - StockQty = com.kms.katalon.core.webui.keyword.WebUiBuiltInKeywords.getAttribute(com.kms.katalon.core.testobject.ObjectRepository.findTestObject(HealthpostToStore/Page_Store/input_txtprice), "value"): Attribute 'value' of object 'Object Repository/HealthpostToStore/Page_Store/input_txtprice' is: '450'

2018-06-09 21:39:50 - [MESSAGE][PASSED] - Attribute 'value' of object 'Object Repository/HealthpostToStore/Page_Store/input_txtprice' is: '450'

2018-06-09 21:39:50 - [TEST_STEP][PASSED] - Statement - out.println("Stock QTY : " + StockQty): null

2018-06-09 21:39:50 - [TEST_STEP][PASSED] - delay: Delayed 2 second(s)

2018-06-09 21:39:52 - [MESSAGE][PASSED] - Delayed 2 second(s)

2018-06-09 21:39:52 - [TEST_STEP][PASSED] - Statement - If (java.lang.String.valueOf(StockQty) >= java.lang.String.valueOf(RequestedQty)): null

2018-06-09 21:39:52 - [TEST_STEP][PASSED] - setText: Text '10' is set on object 'Object Repository/HealthpostToStore/Page_Store/input_txtqty'

2018-06-09 21:39:52 - [MESSAGE][PASSED] - Text '10' is set on object 'Object Repository/HealthpostToStore/Page_Store/input_txtqty'

2018-06-09 21:39:52 - [TEST_STEP][PASSED] - click: Object: 'Object Repository/HealthpostToStore/Page_Store/button_Add' is clicked on

2018-06-09 21:39:52 - [MESSAGE][PASSED] - Object: 'Object Repository/HealthpostToStore/Page_Store/button_Add' is clicked on

2018-06-09 21:39:52 - [TEST_STEP][PASSED] - Statement - Break: null

2018-06-09 21:39:52 - [TEST_STEP][PASSED] - selectOptionByIndex: All options with index in [8] are selected on object 'Object Repository/HealthpostToStore/Page_Store/select_--Select--Adernaline 0.'

2018-06-09 21:39:52 - [MESSAGE][PASSED] - All options with index in [8] are selected on object 'Object Repository/HealthpostToStore/Page_Store/select_--Select--Adernaline 0.'

2018-06-09 21:39:52 - [TEST_STEP][PASSED] - delay: Delayed 2 second(s)

2018-06-09 21:39:54 - [MESSAGE][PASSED] - Delayed 2 second(s)

2018-06-09 21:39:54 - [TEST_STEP][PASSED] - Statement - RequestedQty = com.kms.katalon.core.webui.keyword.WebUiBuiltInKeywords.getAttribute(com.kms.katalon.core.testobject.ObjectRepository.findTestObject(HealthpostToStore/Page_Store/input_txttotal), "value"): Attribute 'value' of object 'Object Repository/HealthpostToStore/Page_Store/input_txttotal' is: '10'

2018-06-09 21:39:54 - [MESSAGE][PASSED] - Attribute 'value' of object 'Object Repository/HealthpostToStore/Page_Store/input_txttotal' is: '10'

2018-06-09 21:39:54 - [TEST_STEP][PASSED] - Statement - out.println("Requested QTY : " + RequestedQty): null

2018-06-09 21:39:54 - [TEST_STEP][PASSED] - Statement - BatchNumber = com.kms.katalon.core.webui.keyword.WebUiBuiltInKeywords.getNumberOfTotalOption(com.kms.katalon.core.testobject.ObjectRepository.findTestObject(HealthpostToStore/Page_Store/select_--Select--BA1170BA2376B)): 5 options of object 'Object Repository/HealthpostToStore/Page_Store/select_--Select--BA1170BA2376B' counted

2018-06-09 21:39:54 - [MESSAGE][PASSED] - 5 options of object 'Object Repository/HealthpostToStore/Page_Store/select_--Select--BA1170BA2376B' counted

2018-06-09 21:39:54 - [TEST_STEP][PASSED] - Statement - For ([g = 1, g <= BatchNumber - 1, (g++)]): null

2018-06-09 21:39:54 - [TEST_STEP][PASSED] - selectOptionByIndex: All options with index in [1] are selected on object 'Object Repository/HealthpostToStore/Page_Store/select_--Select--BA1170BA2376B'

2018-06-09 21:39:54 - [MESSAGE][PASSED] - All options with index in [1] are selected on object 'Object Repository/HealthpostToStore/Page_Store/select_--Select--BA1170BA2376B'

2018-06-09 21:39:54 - [TEST_STEP][PASSED] - Statement - Try: null

2018-06-09 21:39:54 - [TEST_STEP][PASSED] - Statement - StockQty = com.kms.katalon.core.webui.keyword.WebUiBuiltInKeywords.getAttribute(com.kms.katalon.core.testobject.ObjectRepository.findTestObject(HealthpostToStore/Page_Store/input_txtprice), "value"): Attribute 'value' of object 'Object Repository/HealthpostToStore/Page_Store/input_txtprice' is: '450'

2018-06-09 21:39:55 - [MESSAGE][PASSED] - Attribute 'value' of object 'Object Repository/HealthpostToStore/Page_Store/input_txtprice' is: '450'

2018-06-09 21:39:55 - [TEST_STEP][PASSED] - Statement - out.println("Stock QTY : " + StockQty): null

2018-06-09 21:39:55 - [TEST_STEP][PASSED] - delay: Delayed 2 second(s)

2018-06-09 21:39:57 - [MESSAGE][PASSED] - Delayed 2 second(s)

2018-06-09 21:39:57 - [TEST_STEP][PASSED] - Statement - If (java.lang.String.valueOf(StockQty) >= java.lang.String.valueOf(RequestedQty)): null

2018-06-09 21:39:57 - [TEST_STEP][PASSED] - setText: Text '10' is set on object 'Object Repository/HealthpostToStore/Page_Store/input_txtqty'

2018-06-09 21:39:57 - [MESSAGE][PASSED] - Text '10' is set on object 'Object Repository/HealthpostToStore/Page_Store/input_txtqty'

2018-06-09 21:39:57 - [TEST_STEP][PASSED] - click: Object: 'Object Repository/HealthpostToStore/Page_Store/button_Add' is clicked on

2018-06-09 21:39:57 - [MESSAGE][PASSED] - Object: 'Object Repository/HealthpostToStore/Page_Store/button_Add' is clicked on

2018-06-09 21:39:57 - [TEST_STEP][PASSED] - Statement - Break: null

2018-06-09 21:39:57 - [TEST_STEP][PASSED] - selectOptionByIndex: All options with index in [9] are selected on object 'Object Repository/HealthpostToStore/Page_Store/select_--Select--Adernaline 0.'

2018-06-09 21:39:57 - [MESSAGE][PASSED] - All options with index in [9] are selected on object 'Object Repository/HealthpostToStore/Page_Store/select_--Select--Adernaline 0.'

2018-06-09 21:39:57 - [TEST_STEP][PASSED] - delay: Delayed 2 second(s)

2018-06-09 21:39:59 - [MESSAGE][PASSED] - Delayed 2 second(s)

2018-06-09 21:39:59 - [TEST_STEP][PASSED] - Statement - RequestedQty = com.kms.katalon.core.webui.keyword.WebUiBuiltInKeywords.getAttribute(com.kms.katalon.core.testobject.ObjectRepository.findTestObject(HealthpostToStore/Page_Store/input_txttotal), "value"): Attribute 'value' of object 'Object Repository/HealthpostToStore/Page_Store/input_txttotal' is: '10'

2018-06-09 21:39:59 - [MESSAGE][PASSED] - Attribute 'value' of object 'Object Repository/HealthpostToStore/Page_Store/input_txttotal' is: '10'

2018-06-09 21:39:59 - [TEST_STEP][PASSED] - Statement - out.println("Requested QTY : " + RequestedQty): null

2018-06-09 21:39:59 - [TEST_STEP][PASSED] - Statement - BatchNumber = com.kms.katalon.core.webui.keyword.WebUiBuiltInKeywords.getNumberOfTotalOption(com.kms.katalon.core.testobject.ObjectRepository.findTestObject(HealthpostToStore/Page_Store/select_--Select--BA1170BA2376B)): 4 options of object 'Object Repository/HealthpostToStore/Page_Store/select_--Select--BA1170BA2376B' counted

2018-06-09 21:39:59 - [MESSAGE][PASSED] - 4 options of object 'Object Repository/HealthpostToStore/Page_Store/select_--Select--BA1170BA2376B' counted

2018-06-09 21:39:59 - [TEST_STEP][PASSED] - Statement - For ([g = 1, g <= BatchNumber - 1, (g++)]): null

2018-06-09 21:39:59 - [TEST_STEP][PASSED] - selectOptionByIndex: All options with index in [1] are selected on object 'Object Repository/HealthpostToStore/Page_Store/select_--Select--BA1170BA2376B'

2018-06-09 21:39:59 - [MESSAGE][PASSED] - All options with index in [1] are selected on object 'Object Repository/HealthpostToStore/Page_Store/select_--Select--BA1170BA2376B'

2018-06-09 21:39:59 - [TEST_STEP][PASSED] - Statement - Try: null

2018-06-09 21:39:59 - [TEST_STEP][PASSED] - Statement - StockQty = com.kms.katalon.core.webui.keyword.WebUiBuiltInKeywords.getAttribute(com.kms.katalon.core.testobject.ObjectRepository.findTestObject(HealthpostToStore/Page_Store/input_txtprice), "value"): Attribute 'value' of object 'Object Repository/HealthpostToStore/Page_Store/input_txtprice' is: '450'

2018-06-09 21:39:59 - [MESSAGE][PASSED] - Attribute 'value' of object 'Object Repository/HealthpostToStore/Page_Store/input_txtprice' is: '450'

2018-06-09 21:39:59 - [TEST_STEP][PASSED] - Statement - out.println("Stock QTY : " + StockQty): null

2018-06-09 21:39:59 - [TEST_STEP][PASSED] - delay: Delayed 2 second(s)

2018-06-09 21:40:01 - [MESSAGE][PASSED] - Delayed 2 second(s)

2018-06-09 21:40:01 - [TEST_STEP][PASSED] - Statement - If (java.lang.String.valueOf(StockQty) >= java.lang.String.valueOf(RequestedQty)): null

2018-06-09 21:40:01 - [TEST_STEP][PASSED] - setText: Text '10' is set on object 'Object Repository/HealthpostToStore/Page_Store/input_txtqty'

2018-06-09 21:40:01 - [MESSAGE][PASSED] - Text '10' is set on object 'Object Repository/HealthpostToStore/Page_Store/input_txtqty'

2018-06-09 21:40:01 - [TEST_STEP][PASSED] - click: Object: 'Object Repository/HealthpostToStore/Page_Store/button_Add' is clicked on

2018-06-09 21:40:01 - [MESSAGE][PASSED] - Object: 'Object Repository/HealthpostToStore/Page_Store/button_Add' is clicked on

2018-06-09 21:40:01 - [TEST_STEP][PASSED] - Statement - Break: null

2018-06-09 21:40:01 - [TEST_STEP][PASSED] - selectOptionByIndex: All options with index in [10] are selected on object 'Object Repository/HealthpostToStore/Page_Store/select_--Select--Adernaline 0.'

2018-06-09 21:40:02 - [MESSAGE][PASSED] - All options with index in [10] are selected on object 'Object Repository/HealthpostToStore/Page_Store/select_--Select--Adernaline 0.'

2018-06-09 21:40:02 - [TEST_STEP][PASSED] - delay: Delayed 2 second(s)

2018-06-09 21:40:04 - [MESSAGE][PASSED] - Delayed 2 second(s)

2018-06-09 21:40:04 - [TEST_STEP][PASSED] - Statement - RequestedQty = com.kms.katalon.core.webui.keyword.WebUiBuiltInKeywords.getAttribute(com.kms.katalon.core.testobject.ObjectRepository.findTestObject(HealthpostToStore/Page_Store/input_txttotal), "value"): Attribute 'value' of object 'Object Repository/HealthpostToStore/Page_Store/input_txttotal' is: '10'

2018-06-09 21:40:04 - [MESSAGE][PASSED] - Attribute 'value' of object 'Object Repository/HealthpostToStore/Page_Store/input_txttotal' is: '10'

2018-06-09 21:40:04 - [TEST_STEP][PASSED] - Statement - out.println("Requested QTY : " + RequestedQty): null

2018-06-09 21:40:04 - [TEST_STEP][PASSED] - Statement - BatchNumber = com.kms.katalon.core.webui.keyword.WebUiBuiltInKeywords.getNumberOfTotalOption(com.kms.katalon.core.testobject.ObjectRepository.findTestObject(HealthpostToStore/Page_Store/select_--Select--BA1170BA2376B)): 4 options of object 'Object Repository/HealthpostToStore/Page_Store/select_--Select--BA1170BA2376B' counted

2018-06-09 21:40:04 - [MESSAGE][PASSED] - 4 options of object 'Object Repository/HealthpostToStore/Page_Store/select_--Select--BA1170BA2376B' counted

2018-06-09 21:40:04 - [TEST_STEP][PASSED] - Statement - For ([g = 1, g <= BatchNumber - 1, (g++)]): null

2018-06-09 21:40:04 - [TEST_STEP][PASSED] - selectOptionByIndex: All options with index in [1] are selected on object 'Object Repository/HealthpostToStore/Page_Store/select_--Select--BA1170BA2376B'

2018-06-09 21:40:04 - [MESSAGE][PASSED] - All options with index in [1] are selected on object 'Object Repository/HealthpostToStore/Page_Store/select_--Select--BA1170BA2376B'

2018-06-09 21:40:04 - [TEST_STEP][PASSED] - Statement - Try: null

2018-06-09 21:40:04 - [TEST_STEP][PASSED] - Statement - StockQty = com.kms.katalon.core.webui.keyword.WebUiBuiltInKeywords.getAttribute(com.kms.katalon.core.testobject.ObjectRepository.findTestObject(HealthpostToStore/Page_Store/input_txtprice), "value"): Attribute 'value' of object 'Object Repository/HealthpostToStore/Page_Store/input_txtprice' is: '820'

2018-06-09 21:40:04 - [MESSAGE][PASSED] - Attribute 'value' of object 'Object Repository/HealthpostToStore/Page_Store/input_txtprice' is: '820'

2018-06-09 21:40:04 - [TEST_STEP][PASSED] - Statement - out.println("Stock QTY : " + StockQty): null

2018-06-09 21:40:04 - [TEST_STEP][PASSED] - delay: Delayed 2 second(s)

2018-06-09 21:40:06 - [MESSAGE][PASSED] - Delayed 2 second(s)

2018-06-09 21:40:06 - [TEST_STEP][PASSED] - Statement - If (java.lang.String.valueOf(StockQty) >= java.lang.String.valueOf(RequestedQty)): null

2018-06-09 21:40:06 - [TEST_STEP][PASSED] - setText: Text '10' is set on object 'Object Repository/HealthpostToStore/Page_Store/input_txtqty'

2018-06-09 21:40:06 - [MESSAGE][PASSED] - Text '10' is set on object 'Object Repository/HealthpostToStore/Page_Store/input_txtqty'

2018-06-09 21:40:06 - [TEST_STEP][PASSED] - click: Object: 'Object Repository/HealthpostToStore/Page_Store/button_Add' is clicked on

2018-06-09 21:40:06 - [MESSAGE][PASSED] - Object: 'Object Repository/HealthpostToStore/Page_Store/button_Add' is clicked on

2018-06-09 21:40:06 - [TEST_STEP][PASSED] - Statement - Break: null

2018-06-09 21:40:06 - [TEST_STEP][PASSED] - selectOptionByIndex: All options with index in [11] are selected on object 'Object Repository/HealthpostToStore/Page_Store/select_--Select--Adernaline 0.'

2018-06-09 21:40:06 - [MESSAGE][PASSED] - All options with index in [11] are selected on object 'Object Repository/HealthpostToStore/Page_Store/select_--Select--Adernaline 0.'

2018-06-09 21:40:06 - [TEST_STEP][PASSED] - delay: Delayed 2 second(s)

2018-06-09 21:40:08 - [MESSAGE][PASSED] - Delayed 2 second(s)

2018-06-09 21:40:08 - [TEST_STEP][PASSED] - Statement - RequestedQty = com.kms.katalon.core.webui.keyword.WebUiBuiltInKeywords.getAttribute(com.kms.katalon.core.testobject.ObjectRepository.findTestObject(HealthpostToStore/Page_Store/input_txttotal), "value"): Attribute 'value' of object 'Object Repository/HealthpostToStore/Page_Store/input_txttotal' is: '10'

2018-06-09 21:40:08 - [MESSAGE][PASSED] - Attribute 'value' of object 'Object Repository/HealthpostToStore/Page_Store/input_txttotal' is: '10'

2018-06-09 21:40:08 - [TEST_STEP][PASSED] - Statement - out.println("Requested QTY : " + RequestedQty): null

2018-06-09 21:40:08 - [TEST_STEP][PASSED] - Statement - BatchNumber = com.kms.katalon.core.webui.keyword.WebUiBuiltInKeywords.getNumberOfTotalOption(com.kms.katalon.core.testobject.ObjectRepository.findTestObject(HealthpostToStore/Page_Store/select_--Select--BA1170BA2376B)): 2 options of object 'Object Repository/HealthpostToStore/Page_Store/select_--Select--BA1170BA2376B' counted

2018-06-09 21:40:08 - [MESSAGE][PASSED] - 2 options of object 'Object Repository/HealthpostToStore/Page_Store/select_--Select--BA1170BA2376B' counted

2018-06-09 21:40:08 - [TEST_STEP][PASSED] - Statement - For ([g = 1, g <= BatchNumber - 1, (g++)]): null

2018-06-09 21:40:08 - [TEST_STEP][PASSED] - selectOptionByIndex: All options with index in [1] are selected on object 'Object Repository/HealthpostToStore/Page_Store/select_--Select--BA1170BA2376B'

2018-06-09 21:40:08 - [MESSAGE][PASSED] - All options with index in [1] are selected on object 'Object Repository/HealthpostToStore/Page_Store/select_--Select--BA1170BA2376B'

2018-06-09 21:40:08 - [TEST_STEP][PASSED] - Statement - Try: null

2018-06-09 21:40:08 - [TEST_STEP][PASSED] - Statement - StockQty = com.kms.katalon.core.webui.keyword.WebUiBuiltInKeywords.getAttribute(com.kms.katalon.core.testobject.ObjectRepository.findTestObject(HealthpostToStore/Page_Store/input_txtprice), "value"): Attribute 'value' of object 'Object Repository/HealthpostToStore/Page_Store/input_txtprice' is: '1980'

2018-06-09 21:40:08 - [MESSAGE][PASSED] - Attribute 'value' of object 'Object Repository/HealthpostToStore/Page_Store/input_txtprice' is: '1980'

2018-06-09 21:40:08 - [TEST_STEP][PASSED] - Statement - out.println("Stock QTY : " + StockQty): null

2018-06-09 21:40:08 - [TEST_STEP][PASSED] - delay: Delayed 2 second(s)

2018-06-09 21:40:10 - [MESSAGE][PASSED] - Delayed 2 second(s)

2018-06-09 21:40:10 - [TEST_STEP][PASSED] - Statement - If (java.lang.String.valueOf(StockQty) >= java.lang.String.valueOf(RequestedQty)): null

2018-06-09 21:40:10 - [TEST_STEP][PASSED] - setText: Text '10' is set on object 'Object Repository/HealthpostToStore/Page_Store/input_txtqty'

2018-06-09 21:40:10 - [MESSAGE][PASSED] - Text '10' is set on object 'Object Repository/HealthpostToStore/Page_Store/input_txtqty'

2018-06-09 21:40:10 - [TEST_STEP][PASSED] - click: Object: 'Object Repository/HealthpostToStore/Page_Store/button_Add' is clicked on

2018-06-09 21:40:11 - [MESSAGE][PASSED] - Object: 'Object Repository/HealthpostToStore/Page_Store/button_Add' is clicked on

2018-06-09 21:40:11 - [TEST_STEP][PASSED] - Statement - Break: null

2018-06-09 21:40:11 - [TEST_STEP][PASSED] - selectOptionByIndex: All options with index in [12] are selected on object 'Object Repository/HealthpostToStore/Page_Store/select_--Select--Adernaline 0.'

2018-06-09 21:40:11 - [MESSAGE][PASSED] - All options with index in [12] are selected on object 'Object Repository/HealthpostToStore/Page_Store/select_--Select--Adernaline 0.'

2018-06-09 21:40:11 - [TEST_STEP][PASSED] - delay: Delayed 2 second(s)

2018-06-09 21:40:13 - [MESSAGE][PASSED] - Delayed 2 second(s)

2018-06-09 21:40:13 - [TEST_STEP][PASSED] - Statement - RequestedQty = com.kms.katalon.core.webui.keyword.WebUiBuiltInKeywords.getAttribute(com.kms.katalon.core.testobject.ObjectRepository.findTestObject(HealthpostToStore/Page_Store/input_txttotal), "value"): Attribute 'value' of object 'Object Repository/HealthpostToStore/Page_Store/input_txttotal' is: '10'

2018-06-09 21:40:13 - [MESSAGE][PASSED] - Attribute 'value' of object 'Object Repository/HealthpostToStore/Page_Store/input_txttotal' is: '10'

2018-06-09 21:40:13 - [TEST_STEP][PASSED] - Statement - out.println("Requested QTY : " + RequestedQty): null

2018-06-09 21:40:13 - [TEST_STEP][PASSED] - Statement - BatchNumber = com.kms.katalon.core.webui.keyword.WebUiBuiltInKeywords.getNumberOfTotalOption(com.kms.katalon.core.testobject.ObjectRepository.findTestObject(HealthpostToStore/Page_Store/select_--Select--BA1170BA2376B)): 3 options of object 'Object Repository/HealthpostToStore/Page_Store/select_--Select--BA1170BA2376B' counted

2018-06-09 21:40:13 - [MESSAGE][PASSED] - 3 options of object 'Object Repository/HealthpostToStore/Page_Store/select_--Select--BA1170BA2376B' counted

2018-06-09 21:40:13 - [TEST_STEP][PASSED] - Statement - For ([g = 1, g <= BatchNumber - 1, (g++)]): null

2018-06-09 21:40:13 - [TEST_STEP][PASSED] - selectOptionByIndex: All options with index in [1] are selected on object 'Object Repository/HealthpostToStore/Page_Store/select_--Select--BA1170BA2376B'

2018-06-09 21:40:13 - [MESSAGE][PASSED] - All options with index in [1] are selected on object 'Object Repository/HealthpostToStore/Page_Store/select_--Select--BA1170BA2376B'

2018-06-09 21:40:13 - [TEST_STEP][PASSED] - Statement - Try: null

2018-06-09 21:40:13 - [TEST_STEP][PASSED] - Statement - StockQty = com.kms.katalon.core.webui.keyword.WebUiBuiltInKeywords.getAttribute(com.kms.katalon.core.testobject.ObjectRepository.findTestObject(HealthpostToStore/Page_Store/input_txtprice), "value"): Attribute 'value' of object 'Object Repository/HealthpostToStore/Page_Store/input_txtprice' is: '1780'

2018-06-09 21:40:13 - [MESSAGE][PASSED] - Attribute 'value' of object 'Object Repository/HealthpostToStore/Page_Store/input_txtprice' is: '1780'

2018-06-09 21:40:13 - [TEST_STEP][PASSED] - Statement - out.println("Stock QTY : " + StockQty): null

2018-06-09 21:40:13 - [TEST_STEP][PASSED] - delay: Delayed 2 second(s)

2018-06-09 21:40:15 - [MESSAGE][PASSED] - Delayed 2 second(s)

2018-06-09 21:40:15 - [TEST_STEP][PASSED] - Statement - If (java.lang.String.valueOf(StockQty) >= java.lang.String.valueOf(RequestedQty)): null

2018-06-09 21:40:15 - [TEST_STEP][PASSED] - setText: Text '10' is set on object 'Object Repository/HealthpostToStore/Page_Store/input_txtqty'

2018-06-09 21:40:15 - [MESSAGE][PASSED] - Text '10' is set on object 'Object Repository/HealthpostToStore/Page_Store/input_txtqty'

2018-06-09 21:40:15 - [TEST_STEP][PASSED] - click: Object: 'Object Repository/HealthpostToStore/Page_Store/button_Add' is clicked on

2018-06-09 21:40:15 - [MESSAGE][PASSED] - Object: 'Object Repository/HealthpostToStore/Page_Store/button_Add' is clicked on

2018-06-09 21:40:15 - [TEST_STEP][PASSED] - Statement - Break: null

2018-06-09 21:40:15 - [TEST_STEP][PASSED] - selectOptionByIndex: All options with index in [13] are selected on object 'Object Repository/HealthpostToStore/Page_Store/select_--Select--Adernaline 0.'

2018-06-09 21:40:15 - [MESSAGE][PASSED] - All options with index in [13] are selected on object 'Object Repository/HealthpostToStore/Page_Store/select_--Select--Adernaline 0.'

2018-06-09 21:40:15 - [TEST_STEP][PASSED] - delay: Delayed 2 second(s)

2018-06-09 21:40:17 - [MESSAGE][PASSED] - Delayed 2 second(s)

2018-06-09 21:40:17 - [TEST_STEP][PASSED] - Statement - RequestedQty = com.kms.katalon.core.webui.keyword.WebUiBuiltInKeywords.getAttribute(com.kms.katalon.core.testobject.ObjectRepository.findTestObject(HealthpostToStore/Page_Store/input_txttotal), "value"): Attribute 'value' of object 'Object Repository/HealthpostToStore/Page_Store/input_txttotal' is: '10'

2018-06-09 21:40:17 - [MESSAGE][PASSED] - Attribute 'value' of object 'Object Repository/HealthpostToStore/Page_Store/input_txttotal' is: '10'

2018-06-09 21:40:17 - [TEST_STEP][PASSED] - Statement - out.println("Requested QTY : " + RequestedQty): null

2018-06-09 21:40:17 - [TEST_STEP][PASSED] - Statement - BatchNumber = com.kms.katalon.core.webui.keyword.WebUiBuiltInKeywords.getNumberOfTotalOption(com.kms.katalon.core.testobject.ObjectRepository.findTestObject(HealthpostToStore/Page_Store/select_--Select--BA1170BA2376B)): 3 options of object 'Object Repository/HealthpostToStore/Page_Store/select_--Select--BA1170BA2376B' counted

2018-06-09 21:40:17 - [MESSAGE][PASSED] - 3 options of object 'Object Repository/HealthpostToStore/Page_Store/select_--Select--BA1170BA2376B' counted

2018-06-09 21:40:17 - [TEST_STEP][PASSED] - Statement - For ([g = 1, g <= BatchNumber - 1, (g++)]): null

2018-06-09 21:40:17 - [TEST_STEP][PASSED] - selectOptionByIndex: All options with index in [1] are selected on object 'Object Repository/HealthpostToStore/Page_Store/select_--Select--BA1170BA2376B'

2018-06-09 21:40:18 - [MESSAGE][PASSED] - All options with index in [1] are selected on object 'Object Repository/HealthpostToStore/Page_Store/select_--Select--BA1170BA2376B'

2018-06-09 21:40:18 - [TEST_STEP][PASSED] - Statement - Try: null

2018-06-09 21:40:18 - [TEST_STEP][PASSED] - Statement - StockQty = com.kms.katalon.core.webui.keyword.WebUiBuiltInKeywords.getAttribute(com.kms.katalon.core.testobject.ObjectRepository.findTestObject(HealthpostToStore/Page_Store/input_txtprice), "value"): Attribute 'value' of object 'Object Repository/HealthpostToStore/Page_Store/input_txtprice' is: '820'

2018-06-09 21:40:18 - [MESSAGE][PASSED] - Attribute 'value' of object 'Object Repository/HealthpostToStore/Page_Store/input_txtprice' is: '820'

2018-06-09 21:40:18 - [TEST_STEP][PASSED] - Statement - out.println("Stock QTY : " + StockQty): null

2018-06-09 21:40:18 - [TEST_STEP][PASSED] - delay: Delayed 2 second(s)

2018-06-09 21:40:20 - [MESSAGE][PASSED] - Delayed 2 second(s)

2018-06-09 21:40:20 - [TEST_STEP][PASSED] - Statement - If (java.lang.String.valueOf(StockQty) >= java.lang.String.valueOf(RequestedQty)): null

2018-06-09 21:40:20 - [TEST_STEP][PASSED] - setText: Text '10' is set on object 'Object Repository/HealthpostToStore/Page_Store/input_txtqty'

2018-06-09 21:40:20 - [MESSAGE][PASSED] - Text '10' is set on object 'Object Repository/HealthpostToStore/Page_Store/input_txtqty'

2018-06-09 21:40:20 - [TEST_STEP][PASSED] - click: Object: 'Object Repository/HealthpostToStore/Page_Store/button_Add' is clicked on

2018-06-09 21:40:20 - [MESSAGE][PASSED] - Object: 'Object Repository/HealthpostToStore/Page_Store/button_Add' is clicked on

2018-06-09 21:40:20 - [TEST_STEP][PASSED] - Statement - Break: null

2018-06-09 21:40:20 - [TEST_STEP][PASSED] - selectOptionByIndex: All options with index in [14] are selected on object 'Object Repository/HealthpostToStore/Page_Store/select_--Select--Adernaline 0.'

2018-06-09 21:40:20 - [MESSAGE][PASSED] - All options with index in [14] are selected on object 'Object Repository/HealthpostToStore/Page_Store/select_--Select--Adernaline 0.'

2018-06-09 21:40:20 - [TEST_STEP][PASSED] - delay: Delayed 2 second(s)

2018-06-09 21:40:22 - [MESSAGE][PASSED] - Delayed 2 second(s)

2018-06-09 21:40:22 - [TEST_STEP][PASSED] - Statement - RequestedQty = com.kms.katalon.core.webui.keyword.WebUiBuiltInKeywords.getAttribute(com.kms.katalon.core.testobject.ObjectRepository.findTestObject(HealthpostToStore/Page_Store/input_txttotal), "value"): Attribute 'value' of object 'Object Repository/HealthpostToStore/Page_Store/input_txttotal' is: '10'

2018-06-09 21:40:22 - [MESSAGE][PASSED] - Attribute 'value' of object 'Object Repository/HealthpostToStore/Page_Store/input_txttotal' is: '10'

2018-06-09 21:40:22 - [TEST_STEP][PASSED] - Statement - out.println("Requested QTY : " + RequestedQty): null

2018-06-09 21:40:22 - [TEST_STEP][PASSED] - Statement - BatchNumber = com.kms.katalon.core.webui.keyword.WebUiBuiltInKeywords.getNumberOfTotalOption(com.kms.katalon.core.testobject.ObjectRepository.findTestObject(HealthpostToStore/Page_Store/select_--Select--BA1170BA2376B)): 3 options of object 'Object Repository/HealthpostToStore/Page_Store/select_--Select--BA1170BA2376B' counted

2018-06-09 21:40:22 - [MESSAGE][PASSED] - 3 options of object 'Object Repository/HealthpostToStore/Page_Store/select_--Select--BA1170BA2376B' counted

2018-06-09 21:40:22 - [TEST_STEP][PASSED] - Statement - For ([g = 1, g <= BatchNumber - 1, (g++)]): null

2018-06-09 21:40:22 - [TEST_STEP][PASSED] - selectOptionByIndex: All options with index in [1] are selected on object 'Object Repository/HealthpostToStore/Page_Store/select_--Select--BA1170BA2376B'

2018-06-09 21:40:22 - [MESSAGE][PASSED] - All options with index in [1] are selected on object 'Object Repository/HealthpostToStore/Page_Store/select_--Select--BA1170BA2376B'

2018-06-09 21:40:22 - [TEST_STEP][PASSED] - Statement - Try: null

2018-06-09 21:40:22 - [TEST_STEP][PASSED] - Statement - StockQty = com.kms.katalon.core.webui.keyword.WebUiBuiltInKeywords.getAttribute(com.kms.katalon.core.testobject.ObjectRepository.findTestObject(HealthpostToStore/Page_Store/input_txtprice), "value"): Attribute 'value' of object 'Object Repository/HealthpostToStore/Page_Store/input_txtprice' is: '520'

2018-06-09 21:40:22 - [MESSAGE][PASSED] - Attribute 'value' of object 'Object Repository/HealthpostToStore/Page_Store/input_txtprice' is: '520'

2018-06-09 21:40:22 - [TEST_STEP][PASSED] - Statement - out.println("Stock QTY : " + StockQty): null

2018-06-09 21:40:22 - [TEST_STEP][PASSED] - delay: Delayed 2 second(s)

2018-06-09 21:40:24 - [MESSAGE][PASSED] - Delayed 2 second(s)

2018-06-09 21:40:24 - [TEST_STEP][PASSED] - Statement - If (java.lang.String.valueOf(StockQty) >= java.lang.String.valueOf(RequestedQty)): null

2018-06-09 21:40:24 - [TEST_STEP][PASSED] - setText: Text '10' is set on object 'Object Repository/HealthpostToStore/Page_Store/input_txtqty'

2018-06-09 21:40:24 - [MESSAGE][PASSED] - Text '10' is set on object 'Object Repository/HealthpostToStore/Page_Store/input_txtqty'

2018-06-09 21:40:24 - [TEST_STEP][PASSED] - click: Object: 'Object Repository/HealthpostToStore/Page_Store/button_Add' is clicked on

2018-06-09 21:40:24 - [MESSAGE][PASSED] - Object: 'Object Repository/HealthpostToStore/Page_Store/button_Add' is clicked on

2018-06-09 21:40:24 - [TEST_STEP][PASSED] - Statement - Break: null

2018-06-09 21:40:24 - [TEST_STEP][PASSED] - selectOptionByIndex: All options with index in [15] are selected on object 'Object Repository/HealthpostToStore/Page_Store/select_--Select--Adernaline 0.'

2018-06-09 21:40:25 - [MESSAGE][PASSED] - All options with index in [15] are selected on object 'Object Repository/HealthpostToStore/Page_Store/select_--Select--Adernaline 0.'

2018-06-09 21:40:25 - [TEST_STEP][PASSED] - delay: Delayed 2 second(s)

2018-06-09 21:40:27 - [MESSAGE][PASSED] - Delayed 2 second(s)

2018-06-09 21:40:27 - [TEST_STEP][PASSED] - Statement - RequestedQty = com.kms.katalon.core.webui.keyword.WebUiBuiltInKeywords.getAttribute(com.kms.katalon.core.testobject.ObjectRepository.findTestObject(HealthpostToStore/Page_Store/input_txttotal), "value"): Attribute 'value' of object 'Object Repository/HealthpostToStore/Page_Store/input_txttotal' is: '10'

2018-06-09 21:40:27 - [MESSAGE][PASSED] - Attribute 'value' of object 'Object Repository/HealthpostToStore/Page_Store/input_txttotal' is: '10'

2018-06-09 21:40:27 - [TEST_STEP][PASSED] - Statement - out.println("Requested QTY : " + RequestedQty): null

2018-06-09 21:40:27 - [TEST_STEP][PASSED] - Statement - BatchNumber = com.kms.katalon.core.webui.keyword.WebUiBuiltInKeywords.getNumberOfTotalOption(com.kms.katalon.core.testobject.ObjectRepository.findTestObject(HealthpostToStore/Page_Store/select_--Select--BA1170BA2376B)): 3 options of object 'Object Repository/HealthpostToStore/Page_Store/select_--Select--BA1170BA2376B' counted

2018-06-09 21:40:27 - [MESSAGE][PASSED] - 3 options of object 'Object Repository/HealthpostToStore/Page_Store/select_--Select--BA1170BA2376B' counted

2018-06-09 21:40:27 - [TEST_STEP][PASSED] - Statement - For ([g = 1, g <= BatchNumber - 1, (g++)]): null

2018-06-09 21:40:27 - [TEST_STEP][PASSED] - selectOptionByIndex: All options with index in [1] are selected on object 'Object Repository/HealthpostToStore/Page_Store/select_--Select--BA1170BA2376B'

2018-06-09 21:40:27 - [MESSAGE][PASSED] - All options with index in [1] are selected on object 'Object Repository/HealthpostToStore/Page_Store/select_--Select--BA1170BA2376B'

2018-06-09 21:40:27 - [TEST_STEP][PASSED] - Statement - Try: null

2018-06-09 21:40:27 - [TEST_STEP][PASSED] - Statement - StockQty = com.kms.katalon.core.webui.keyword.WebUiBuiltInKeywords.getAttribute(com.kms.katalon.core.testobject.ObjectRepository.findTestObject(HealthpostToStore/Page_Store/input_txtprice), "value"): Attribute 'value' of object 'Object Repository/HealthpostToStore/Page_Store/input_txtprice' is: '90'

2018-06-09 21:40:27 - [MESSAGE][PASSED] - Attribute 'value' of object 'Object Repository/HealthpostToStore/Page_Store/input_txtprice' is: '90'

2018-06-09 21:40:27 - [TEST_STEP][PASSED] - Statement - out.println("Stock QTY : " + StockQty): null

2018-06-09 21:40:27 - [TEST_STEP][PASSED] - delay: Delayed 2 second(s)

2018-06-09 21:40:29 - [MESSAGE][PASSED] - Delayed 2 second(s)

2018-06-09 21:40:29 - [TEST_STEP][PASSED] - Statement - If (java.lang.String.valueOf(StockQty) >= java.lang.String.valueOf(RequestedQty)): null

2018-06-09 21:40:29 - [TEST_STEP][PASSED] - setText: Text '10' is set on object 'Object Repository/HealthpostToStore/Page_Store/input_txtqty'

2018-06-09 21:40:29 - [MESSAGE][PASSED] - Text '10' is set on object 'Object Repository/HealthpostToStore/Page_Store/input_txtqty'

2018-06-09 21:40:29 - [TEST_STEP][PASSED] - click: Object: 'Object Repository/HealthpostToStore/Page_Store/button_Add' is clicked on

2018-06-09 21:40:29 - [MESSAGE][PASSED] - Object: 'Object Repository/HealthpostToStore/Page_Store/button_Add' is clicked on

2018-06-09 21:40:29 - [TEST_STEP][PASSED] - Statement - Break: null

2018-06-09 21:40:29 - [TEST_STEP][PASSED] - selectOptionByIndex: All options with index in [16] are selected on object 'Object Repository/HealthpostToStore/Page_Store/select_--Select--Adernaline 0.'

2018-06-09 21:40:29 - [MESSAGE][PASSED] - All options with index in [16] are selected on object 'Object Repository/HealthpostToStore/Page_Store/select_--Select--Adernaline 0.'

2018-06-09 21:40:29 - [TEST_STEP][PASSED] - delay: Delayed 2 second(s)

2018-06-09 21:40:31 - [MESSAGE][PASSED] - Delayed 2 second(s)

2018-06-09 21:40:31 - [TEST_STEP][PASSED] - Statement - RequestedQty = com.kms.katalon.core.webui.keyword.WebUiBuiltInKeywords.getAttribute(com.kms.katalon.core.testobject.ObjectRepository.findTestObject(HealthpostToStore/Page_Store/input_txttotal), "value"): Attribute 'value' of object 'Object Repository/HealthpostToStore/Page_Store/input_txttotal' is: '10'

2018-06-09 21:40:31 - [MESSAGE][PASSED] - Attribute 'value' of object 'Object Repository/HealthpostToStore/Page_Store/input_txttotal' is: '10'

2018-06-09 21:40:31 - [TEST_STEP][PASSED] - Statement - out.println("Requested QTY : " + RequestedQty): null

2018-06-09 21:40:31 - [TEST_STEP][PASSED] - Statement - BatchNumber = com.kms.katalon.core.webui.keyword.WebUiBuiltInKeywords.getNumberOfTotalOption(com.kms.katalon.core.testobject.ObjectRepository.findTestObject(HealthpostToStore/Page_Store/select_--Select--BA1170BA2376B)): 2 options of object 'Object Repository/HealthpostToStore/Page_Store/select_--Select--BA1170BA2376B' counted

2018-06-09 21:40:31 - [MESSAGE][PASSED] - 2 options of object 'Object Repository/HealthpostToStore/Page_Store/select_--Select--BA1170BA2376B' counted

2018-06-09 21:40:31 - [TEST_STEP][PASSED] - Statement - For ([g = 1, g <= BatchNumber - 1, (g++)]): null

2018-06-09 21:40:31 - [TEST_STEP][PASSED] - selectOptionByIndex: All options with index in [1] are selected on object 'Object Repository/HealthpostToStore/Page_Store/select_--Select--BA1170BA2376B'

2018-06-09 21:40:32 - [MESSAGE][PASSED] - All options with index in [1] are selected on object 'Object Repository/HealthpostToStore/Page_Store/select_--Select--BA1170BA2376B'

2018-06-09 21:40:32 - [TEST_STEP][PASSED] - Statement - Try: null

2018-06-09 21:40:32 - [TEST_STEP][PASSED] - Statement - StockQty = com.kms.katalon.core.webui.keyword.WebUiBuiltInKeywords.getAttribute(com.kms.katalon.core.testobject.ObjectRepository.findTestObject(HealthpostToStore/Page_Store/input_txtprice), "value"): Attribute 'value' of object 'Object Repository/HealthpostToStore/Page_Store/input_txtprice' is: '1980'

2018-06-09 21:40:32 - [MESSAGE][PASSED] - Attribute 'value' of object 'Object Repository/HealthpostToStore/Page_Store/input_txtprice' is: '1980'

2018-06-09 21:40:32 - [TEST_STEP][PASSED] - Statement - out.println("Stock QTY : " + StockQty): null

2018-06-09 21:40:32 - [TEST_STEP][PASSED] - delay: Delayed 2 second(s)

2018-06-09 21:40:34 - [MESSAGE][PASSED] - Delayed 2 second(s)

2018-06-09 21:40:34 - [TEST_STEP][PASSED] - Statement - If (java.lang.String.valueOf(StockQty) >= java.lang.String.valueOf(RequestedQty)): null

2018-06-09 21:40:34 - [TEST_STEP][PASSED] - setText: Text '10' is set on object 'Object Repository/HealthpostToStore/Page_Store/input_txtqty'

2018-06-09 21:40:34 - [MESSAGE][PASSED] - Text '10' is set on object 'Object Repository/HealthpostToStore/Page_Store/input_txtqty'

2018-06-09 21:40:34 - [TEST_STEP][PASSED] - click: Object: 'Object Repository/HealthpostToStore/Page_Store/button_Add' is clicked on

2018-06-09 21:40:34 - [MESSAGE][PASSED] - Object: 'Object Repository/HealthpostToStore/Page_Store/button_Add' is clicked on

2018-06-09 21:40:34 - [TEST_STEP][PASSED] - Statement - Break: null

2018-06-09 21:40:34 - [TEST_STEP][PASSED] - selectOptionByIndex: All options with index in [17] are selected on object 'Object Repository/HealthpostToStore/Page_Store/select_--Select--Adernaline 0.'

2018-06-09 21:40:34 - [MESSAGE][PASSED] - All options with index in [17] are selected on object 'Object Repository/HealthpostToStore/Page_Store/select_--Select--Adernaline 0.'

2018-06-09 21:40:34 - [TEST_STEP][PASSED] - delay: Delayed 2 second(s)

2018-06-09 21:40:36 - [MESSAGE][PASSED] - Delayed 2 second(s)

2018-06-09 21:40:36 - [TEST_STEP][PASSED] - Statement - RequestedQty = com.kms.katalon.core.webui.keyword.WebUiBuiltInKeywords.getAttribute(com.kms.katalon.core.testobject.ObjectRepository.findTestObject(HealthpostToStore/Page_Store/input_txttotal), "value"): Attribute 'value' of object 'Object Repository/HealthpostToStore/Page_Store/input_txttotal' is: '10'

2018-06-09 21:40:36 - [MESSAGE][PASSED] - Attribute 'value' of object 'Object Repository/HealthpostToStore/Page_Store/input_txttotal' is: '10'

2018-06-09 21:40:36 - [TEST_STEP][PASSED] - Statement - out.println("Requested QTY : " + RequestedQty): null

2018-06-09 21:40:36 - [TEST_STEP][PASSED] - Statement - BatchNumber = com.kms.katalon.core.webui.keyword.WebUiBuiltInKeywords.getNumberOfTotalOption(com.kms.katalon.core.testobject.ObjectRepository.findTestObject(HealthpostToStore/Page_Store/select_--Select--BA1170BA2376B)): 3 options of object 'Object Repository/HealthpostToStore/Page_Store/select_--Select--BA1170BA2376B' counted

2018-06-09 21:40:36 - [MESSAGE][PASSED] - 3 options of object 'Object Repository/HealthpostToStore/Page_Store/select_--Select--BA1170BA2376B' counted

2018-06-09 21:40:36 - [TEST_STEP][PASSED] - Statement - For ([g = 1, g <= BatchNumber - 1, (g++)]): null

2018-06-09 21:40:36 - [TEST_STEP][PASSED] - selectOptionByIndex: All options with index in [1] are selected on object 'Object Repository/HealthpostToStore/Page_Store/select_--Select--BA1170BA2376B'

2018-06-09 21:40:36 - [MESSAGE][PASSED] - All options with index in [1] are selected on object 'Object Repository/HealthpostToStore/Page_Store/select_--Select--BA1170BA2376B'

2018-06-09 21:40:36 - [TEST_STEP][PASSED] - Statement - Try: null

2018-06-09 21:40:36 - [TEST_STEP][PASSED] - Statement - StockQty = com.kms.katalon.core.webui.keyword.WebUiBuiltInKeywords.getAttribute(com.kms.katalon.core.testobject.ObjectRepository.findTestObject(HealthpostToStore/Page_Store/input_txtprice), "value"): Attribute 'value' of object 'Object Repository/HealthpostToStore/Page_Store/input_txtprice' is: '1780'

2018-06-09 21:40:36 - [MESSAGE][PASSED] - Attribute 'value' of object 'Object Repository/HealthpostToStore/Page_Store/input_txtprice' is: '1780'

2018-06-09 21:40:36 - [TEST_STEP][PASSED] - Statement - out.println("Stock QTY : " + StockQty): null

2018-06-09 21:40:36 - [TEST_STEP][PASSED] - delay: Delayed 2 second(s)

2018-06-09 21:40:38 - [MESSAGE][PASSED] - Delayed 2 second(s)

2018-06-09 21:40:38 - [TEST_STEP][PASSED] - Statement - If (java.lang.String.valueOf(StockQty) >= java.lang.String.valueOf(RequestedQty)): null

2018-06-09 21:40:38 - [TEST_STEP][PASSED] - setText: Text '10' is set on object 'Object Repository/HealthpostToStore/Page_Store/input_txtqty'

2018-06-09 21:40:38 - [MESSAGE][PASSED] - Text '10' is set on object 'Object Repository/HealthpostToStore/Page_Store/input_txtqty'

2018-06-09 21:40:38 - [TEST_STEP][PASSED] - click: Object: 'Object Repository/HealthpostToStore/Page_Store/button_Add' is clicked on

2018-06-09 21:40:38 - [MESSAGE][PASSED] - Object: 'Object Repository/HealthpostToStore/Page_Store/button_Add' is clicked on

2018-06-09 21:40:38 - [TEST_STEP][PASSED] - Statement - Break: null

2018-06-09 21:40:38 - [TEST_STEP][PASSED] - selectOptionByIndex: All options with index in [18] are selected on object 'Object Repository/HealthpostToStore/Page_Store/select_--Select--Adernaline 0.'

2018-06-09 21:40:39 - [MESSAGE][PASSED] - All options with index in [18] are selected on object 'Object Repository/HealthpostToStore/Page_Store/select_--Select--Adernaline 0.'

2018-06-09 21:40:39 - [TEST_STEP][PASSED] - delay: Delayed 2 second(s)

2018-06-09 21:40:41 - [MESSAGE][PASSED] - Delayed 2 second(s)

2018-06-09 21:40:41 - [TEST_STEP][PASSED] - Statement - RequestedQty = com.kms.katalon.core.webui.keyword.WebUiBuiltInKeywords.getAttribute(com.kms.katalon.core.testobject.ObjectRepository.findTestObject(HealthpostToStore/Page_Store/input_txttotal), "value"): Attribute 'value' of object 'Object Repository/HealthpostToStore/Page_Store/input_txttotal' is: '10'

2018-06-09 21:40:41 - [MESSAGE][PASSED] - Attribute 'value' of object 'Object Repository/HealthpostToStore/Page_Store/input_txttotal' is: '10'

2018-06-09 21:40:41 - [TEST_STEP][PASSED] - Statement - out.println("Requested QTY : " + RequestedQty): null

2018-06-09 21:40:41 - [TEST_STEP][PASSED] - Statement - BatchNumber = com.kms.katalon.core.webui.keyword.WebUiBuiltInKeywords.getNumberOfTotalOption(com.kms.katalon.core.testobject.ObjectRepository.findTestObject(HealthpostToStore/Page_Store/select_--Select--BA1170BA2376B)): 3 options of object 'Object Repository/HealthpostToStore/Page_Store/select_--Select--BA1170BA2376B' counted

2018-06-09 21:40:41 - [MESSAGE][PASSED] - 3 options of object 'Object Repository/HealthpostToStore/Page_Store/select_--Select--BA1170BA2376B' counted

2018-06-09 21:40:41 - [TEST_STEP][PASSED] - Statement - For ([g = 1, g <= BatchNumber - 1, (g++)]): null

2018-06-09 21:40:41 - [TEST_STEP][PASSED] - selectOptionByIndex: All options with index in [1] are selected on object 'Object Repository/HealthpostToStore/Page_Store/select_--Select--BA1170BA2376B'

2018-06-09 21:40:41 - [MESSAGE][PASSED] - All options with index in [1] are selected on object 'Object Repository/HealthpostToStore/Page_Store/select_--Select--BA1170BA2376B'

2018-06-09 21:40:41 - [TEST_STEP][PASSED] - Statement - Try: null

2018-06-09 21:40:41 - [TEST_STEP][PASSED] - Statement - StockQty = com.kms.katalon.core.webui.keyword.WebUiBuiltInKeywords.getAttribute(com.kms.katalon.core.testobject.ObjectRepository.findTestObject(HealthpostToStore/Page_Store/input_txtprice), "value"): Attribute 'value' of object 'Object Repository/HealthpostToStore/Page_Store/input_txtprice' is: '1764'

2018-06-09 21:40:41 - [MESSAGE][PASSED] - Attribute 'value' of object 'Object Repository/HealthpostToStore/Page_Store/input_txtprice' is: '1764'

2018-06-09 21:40:41 - [TEST_STEP][PASSED] - Statement - out.println("Stock QTY : " + StockQty): null

2018-06-09 21:40:41 - [TEST_STEP][PASSED] - delay: Delayed 2 second(s)

2018-06-09 21:40:43 - [MESSAGE][PASSED] - Delayed 2 second(s)

2018-06-09 21:40:43 - [TEST_STEP][PASSED] - Statement - If (java.lang.String.valueOf(StockQty) >= java.lang.String.valueOf(RequestedQty)): null

2018-06-09 21:40:43 - [TEST_STEP][PASSED] - setText: Text '10' is set on object 'Object Repository/HealthpostToStore/Page_Store/input_txtqty'

2018-06-09 21:40:43 - [MESSAGE][PASSED] - Text '10' is set on object 'Object Repository/HealthpostToStore/Page_Store/input_txtqty'

2018-06-09 21:40:43 - [TEST_STEP][PASSED] - click: Object: 'Object Repository/HealthpostToStore/Page_Store/button_Add' is clicked on

2018-06-09 21:40:43 - [MESSAGE][PASSED] - Object: 'Object Repository/HealthpostToStore/Page_Store/button_Add' is clicked on

2018-06-09 21:40:43 - [TEST_STEP][PASSED] - Statement - Break: null

2018-06-09 21:40:43 - [TEST_STEP][PASSED] - selectOptionByIndex: All options with index in [19] are selected on object 'Object Repository/HealthpostToStore/Page_Store/select_--Select--Adernaline 0.'

2018-06-09 21:40:43 - [MESSAGE][PASSED] - All options with index in [19] are selected on object 'Object Repository/HealthpostToStore/Page_Store/select_--Select--Adernaline 0.'

2018-06-09 21:40:43 - [TEST_STEP][PASSED] - delay: Delayed 2 second(s)

2018-06-09 21:40:45 - [MESSAGE][PASSED] - Delayed 2 second(s)

2018-06-09 21:40:45 - [TEST_STEP][PASSED] - Statement - RequestedQty = com.kms.katalon.core.webui.keyword.WebUiBuiltInKeywords.getAttribute(com.kms.katalon.core.testobject.ObjectRepository.findTestObject(HealthpostToStore/Page_Store/input_txttotal), "value"): Attribute 'value' of object 'Object Repository/HealthpostToStore/Page_Store/input_txttotal' is: '10'

2018-06-09 21:40:45 - [MESSAGE][PASSED] - Attribute 'value' of object 'Object Repository/HealthpostToStore/Page_Store/input_txttotal' is: '10'

2018-06-09 21:40:45 - [TEST_STEP][PASSED] - Statement - out.println("Requested QTY : " + RequestedQty): null

2018-06-09 21:40:45 - [TEST_STEP][PASSED] - Statement - BatchNumber = com.kms.katalon.core.webui.keyword.WebUiBuiltInKeywords.getNumberOfTotalOption(com.kms.katalon.core.testobject.ObjectRepository.findTestObject(HealthpostToStore/Page_Store/select_--Select--BA1170BA2376B)): 3 options of object 'Object Repository/HealthpostToStore/Page_Store/select_--Select--BA1170BA2376B' counted

2018-06-09 21:40:45 - [MESSAGE][PASSED] - 3 options of object 'Object Repository/HealthpostToStore/Page_Store/select_--Select--BA1170BA2376B' counted

2018-06-09 21:40:45 - [TEST_STEP][PASSED] - Statement - For ([g = 1, g <= BatchNumber - 1, (g++)]): null

2018-06-09 21:40:45 - [TEST_STEP][PASSED] - selectOptionByIndex: All options with index in [1] are selected on object 'Object Repository/HealthpostToStore/Page_Store/select_--Select--BA1170BA2376B'

2018-06-09 21:40:46 - [MESSAGE][PASSED] - All options with index in [1] are selected on object 'Object Repository/HealthpostToStore/Page_Store/select_--Select--BA1170BA2376B'

2018-06-09 21:40:46 - [TEST_STEP][PASSED] - Statement - Try: null

2018-06-09 21:40:46 - [TEST_STEP][PASSED] - Statement - StockQty = com.kms.katalon.core.webui.keyword.WebUiBuiltInKeywords.getAttribute(com.kms.katalon.core.testobject.ObjectRepository.findTestObject(HealthpostToStore/Page_Store/input_txtprice), "value"): Attribute 'value' of object 'Object Repository/HealthpostToStore/Page_Store/input_txtprice' is: '820'

2018-06-09 21:40:46 - [MESSAGE][PASSED] - Attribute 'value' of object 'Object Repository/HealthpostToStore/Page_Store/input_txtprice' is: '820'

2018-06-09 21:40:46 - [TEST_STEP][PASSED] - Statement - out.println("Stock QTY : " + StockQty): null

2018-06-09 21:40:46 - [TEST_STEP][PASSED] - delay: Delayed 2 second(s)

2018-06-09 21:40:48 - [MESSAGE][PASSED] - Delayed 2 second(s)

2018-06-09 21:40:48 - [TEST_STEP][PASSED] - Statement - If (java.lang.String.valueOf(StockQty) >= java.lang.String.valueOf(RequestedQty)): null

2018-06-09 21:40:48 - [TEST_STEP][PASSED] - setText: Text '10' is set on object 'Object Repository/HealthpostToStore/Page_Store/input_txtqty'

2018-06-09 21:40:48 - [MESSAGE][PASSED] - Text '10' is set on object 'Object Repository/HealthpostToStore/Page_Store/input_txtqty'

2018-06-09 21:40:48 - [TEST_STEP][PASSED] - click: Object: 'Object Repository/HealthpostToStore/Page_Store/button_Add' is clicked on

2018-06-09 21:40:48 - [MESSAGE][PASSED] - Object: 'Object Repository/HealthpostToStore/Page_Store/button_Add' is clicked on

2018-06-09 21:40:48 - [TEST_STEP][PASSED] - Statement - Break: null

2018-06-09 21:40:48 - [TEST_STEP][PASSED] - selectOptionByIndex: All options with index in [20] are selected on object 'Object Repository/HealthpostToStore/Page_Store/select_--Select--Adernaline 0.'

2018-06-09 21:40:48 - [MESSAGE][PASSED] - All options with index in [20] are selected on object 'Object Repository/HealthpostToStore/Page_Store/select_--Select--Adernaline 0.'

2018-06-09 21:40:48 - [TEST_STEP][PASSED] - delay: Delayed 2 second(s)

2018-06-09 21:40:50 - [MESSAGE][PASSED] - Delayed 2 second(s)

2018-06-09 21:40:50 - [TEST_STEP][PASSED] - Statement - RequestedQty = com.kms.katalon.core.webui.keyword.WebUiBuiltInKeywords.getAttribute(com.kms.katalon.core.testobject.ObjectRepository.findTestObject(HealthpostToStore/Page_Store/input_txttotal), "value"): Attribute 'value' of object 'Object Repository/HealthpostToStore/Page_Store/input_txttotal' is: '10'

2018-06-09 21:40:50 - [MESSAGE][PASSED] - Attribute 'value' of object 'Object Repository/HealthpostToStore/Page_Store/input_txttotal' is: '10'

2018-06-09 21:40:50 - [TEST_STEP][PASSED] - Statement - out.println("Requested QTY : " + RequestedQty): null

2018-06-09 21:40:50 - [TEST_STEP][PASSED] - Statement - BatchNumber = com.kms.katalon.core.webui.keyword.WebUiBuiltInKeywords.getNumberOfTotalOption(com.kms.katalon.core.testobject.ObjectRepository.findTestObject(HealthpostToStore/Page_Store/select_--Select--BA1170BA2376B)): 3 options of object 'Object Repository/HealthpostToStore/Page_Store/select_--Select--BA1170BA2376B' counted

2018-06-09 21:40:50 - [MESSAGE][PASSED] - 3 options of object 'Object Repository/HealthpostToStore/Page_Store/select_--Select--BA1170BA2376B' counted

2018-06-09 21:40:50 - [TEST_STEP][PASSED] - Statement - For ([g = 1, g <= BatchNumber - 1, (g++)]): null

2018-06-09 21:40:50 - [TEST_STEP][PASSED] - selectOptionByIndex: All options with index in [1] are selected on object 'Object Repository/HealthpostToStore/Page_Store/select_--Select--BA1170BA2376B'

2018-06-09 21:40:50 - [MESSAGE][PASSED] - All options with index in [1] are selected on object 'Object Repository/HealthpostToStore/Page_Store/select_--Select--BA1170BA2376B'

2018-06-09 21:40:50 - [TEST_STEP][PASSED] - Statement - Try: null

2018-06-09 21:40:50 - [TEST_STEP][PASSED] - Statement - StockQty = com.kms.katalon.core.webui.keyword.WebUiBuiltInKeywords.getAttribute(com.kms.katalon.core.testobject.ObjectRepository.findTestObject(HealthpostToStore/Page_Store/input_txtprice), "value"): Attribute 'value' of object 'Object Repository/HealthpostToStore/Page_Store/input_txtprice' is: '1780'

2018-06-09 21:40:50 - [MESSAGE][PASSED] - Attribute 'value' of object 'Object Repository/HealthpostToStore/Page_Store/input_txtprice' is: '1780'

2018-06-09 21:40:50 - [TEST_STEP][PASSED] - Statement - out.println("Stock QTY : " + StockQty): null

2018-06-09 21:40:50 - [TEST_STEP][PASSED] - delay: Delayed 2 second(s)

2018-06-09 21:40:52 - [MESSAGE][PASSED] - Delayed 2 second(s)

2018-06-09 21:40:52 - [TEST_STEP][PASSED] - Statement - If (java.lang.String.valueOf(StockQty) >= java.lang.String.valueOf(RequestedQty)): null

2018-06-09 21:40:52 - [TEST_STEP][PASSED] - setText: Text '10' is set on object 'Object Repository/HealthpostToStore/Page_Store/input_txtqty'

2018-06-09 21:40:52 - [MESSAGE][PASSED] - Text '10' is set on object 'Object Repository/HealthpostToStore/Page_Store/input_txtqty'

2018-06-09 21:40:52 - [TEST_STEP][PASSED] - click: Object: 'Object Repository/HealthpostToStore/Page_Store/button_Add' is clicked on

2018-06-09 21:40:52 - [MESSAGE][PASSED] - Object: 'Object Repository/HealthpostToStore/Page_Store/button_Add' is clicked on

2018-06-09 21:40:52 - [TEST_STEP][PASSED] - Statement - Break: null

2018-06-09 21:40:52 - [TEST_STEP][PASSED] - selectOptionByIndex: All options with index in [21] are selected on object 'Object Repository/HealthpostToStore/Page_Store/select_--Select--Adernaline 0.'

2018-06-09 21:40:53 - [MESSAGE][PASSED] - All options with index in [21] are selected on object 'Object Repository/HealthpostToStore/Page_Store/select_--Select--Adernaline 0.'

2018-06-09 21:40:53 - [TEST_STEP][PASSED] - delay: Delayed 2 second(s)

2018-06-09 21:40:55 - [MESSAGE][PASSED] - Delayed 2 second(s)

2018-06-09 21:40:55 - [TEST_STEP][PASSED] - Statement - RequestedQty = com.kms.katalon.core.webui.keyword.WebUiBuiltInKeywords.getAttribute(com.kms.katalon.core.testobject.ObjectRepository.findTestObject(HealthpostToStore/Page_Store/input_txttotal), "value"): Attribute 'value' of object 'Object Repository/HealthpostToStore/Page_Store/input_txttotal' is: '10'

2018-06-09 21:40:55 - [MESSAGE][PASSED] - Attribute 'value' of object 'Object Repository/HealthpostToStore/Page_Store/input_txttotal' is: '10'

2018-06-09 21:40:55 - [TEST_STEP][PASSED] - Statement - out.println("Requested QTY : " + RequestedQty): null

2018-06-09 21:40:55 - [TEST_STEP][PASSED] - Statement - BatchNumber = com.kms.katalon.core.webui.keyword.WebUiBuiltInKeywords.getNumberOfTotalOption(com.kms.katalon.core.testobject.ObjectRepository.findTestObject(HealthpostToStore/Page_Store/select_--Select--BA1170BA2376B)): 2 options of object 'Object Repository/HealthpostToStore/Page_Store/select_--Select--BA1170BA2376B' counted

2018-06-09 21:40:55 - [MESSAGE][PASSED] - 2 options of object 'Object Repository/HealthpostToStore/Page_Store/select_--Select--BA1170BA2376B' counted

2018-06-09 21:40:55 - [TEST_STEP][PASSED] - Statement - For ([g = 1, g <= BatchNumber - 1, (g++)]): null

2018-06-09 21:40:55 - [TEST_STEP][PASSED] - selectOptionByIndex: All options with index in [1] are selected on object 'Object Repository/HealthpostToStore/Page_Store/select_--Select--BA1170BA2376B'

2018-06-09 21:40:55 - [MESSAGE][PASSED] - All options with index in [1] are selected on object 'Object Repository/HealthpostToStore/Page_Store/select_--Select--BA1170BA2376B'

2018-06-09 21:40:55 - [TEST_STEP][PASSED] - Statement - Try: null

2018-06-09 21:40:55 - [TEST_STEP][PASSED] - Statement - StockQty = com.kms.katalon.core.webui.keyword.WebUiBuiltInKeywords.getAttribute(com.kms.katalon.core.testobject.ObjectRepository.findTestObject(HealthpostToStore/Page_Store/input_txtprice), "value"): Attribute 'value' of object 'Object Repository/HealthpostToStore/Page_Store/input_txtprice' is: '1980'

2018-06-09 21:40:55 - [MESSAGE][PASSED] - Attribute 'value' of object 'Object Repository/HealthpostToStore/Page_Store/input_txtprice' is: '1980'

2018-06-09 21:40:55 - [TEST_STEP][PASSED] - Statement - out.println("Stock QTY : " + StockQty): null

2018-06-09 21:40:55 - [TEST_STEP][PASSED] - delay: Delayed 2 second(s)

2018-06-09 21:40:57 - [MESSAGE][PASSED] - Delayed 2 second(s)

2018-06-09 21:40:57 - [TEST_STEP][PASSED] - Statement - If (java.lang.String.valueOf(StockQty) >= java.lang.String.valueOf(RequestedQty)): null

2018-06-09 21:40:57 - [TEST_STEP][PASSED] - setText: Text '10' is set on object 'Object Repository/HealthpostToStore/Page_Store/input_txtqty'

2018-06-09 21:40:57 - [MESSAGE][PASSED] - Text '10' is set on object 'Object Repository/HealthpostToStore/Page_Store/input_txtqty'

2018-06-09 21:40:57 - [TEST_STEP][PASSED] - click: Object: 'Object Repository/HealthpostToStore/Page_Store/button_Add' is clicked on

2018-06-09 21:40:57 - [MESSAGE][PASSED] - Object: 'Object Repository/HealthpostToStore/Page_Store/button_Add' is clicked on

2018-06-09 21:40:57 - [TEST_STEP][PASSED] - Statement - Break: null

2018-06-09 21:40:57 - [TEST_STEP][PASSED] - selectOptionByIndex: All options with index in [22] are selected on object 'Object Repository/HealthpostToStore/Page_Store/select_--Select--Adernaline 0.'

2018-06-09 21:40:57 - [MESSAGE][PASSED] - All options with index in [22] are selected on object 'Object Repository/HealthpostToStore/Page_Store/select_--Select--Adernaline 0.'

2018-06-09 21:40:57 - [TEST_STEP][PASSED] - delay: Delayed 2 second(s)

2018-06-09 21:41:00 - [MESSAGE][PASSED] - Delayed 2 second(s)

2018-06-09 21:41:00 - [TEST_STEP][PASSED] - Statement - RequestedQty = com.kms.katalon.core.webui.keyword.WebUiBuiltInKeywords.getAttribute(com.kms.katalon.core.testobject.ObjectRepository.findTestObject(HealthpostToStore/Page_Store/input_txttotal), "value"): Attribute 'value' of object 'Object Repository/HealthpostToStore/Page_Store/input_txttotal' is: '10'

2018-06-09 21:41:00 - [MESSAGE][PASSED] - Attribute 'value' of object 'Object Repository/HealthpostToStore/Page_Store/input_txttotal' is: '10'

2018-06-09 21:41:00 - [TEST_STEP][PASSED] - Statement - out.println("Requested QTY : " + RequestedQty): null

2018-06-09 21:41:00 - [TEST_STEP][PASSED] - Statement - BatchNumber = com.kms.katalon.core.webui.keyword.WebUiBuiltInKeywords.getNumberOfTotalOption(com.kms.katalon.core.testobject.ObjectRepository.findTestObject(HealthpostToStore/Page_Store/select_--Select--BA1170BA2376B)): 5 options of object 'Object Repository/HealthpostToStore/Page_Store/select_--Select--BA1170BA2376B' counted

2018-06-09 21:41:00 - [MESSAGE][PASSED] - 5 options of object 'Object Repository/HealthpostToStore/Page_Store/select_--Select--BA1170BA2376B' counted

2018-06-09 21:41:00 - [TEST_STEP][PASSED] - Statement - For ([g = 1, g <= BatchNumber - 1, (g++)]): null

2018-06-09 21:41:00 - [TEST_STEP][PASSED] - selectOptionByIndex: All options with index in [1] are selected on object 'Object Repository/HealthpostToStore/Page_Store/select_--Select--BA1170BA2376B'

2018-06-09 21:41:00 - [MESSAGE][PASSED] - All options with index in [1] are selected on object 'Object Repository/HealthpostToStore/Page_Store/select_--Select--BA1170BA2376B'

2018-06-09 21:41:00 - [TEST_STEP][PASSED] - Statement - Try: null

2018-06-09 21:41:00 - [TEST_STEP][PASSED] - Statement - StockQty = com.kms.katalon.core.webui.keyword.WebUiBuiltInKeywords.getAttribute(com.kms.katalon.core.testobject.ObjectRepository.findTestObject(HealthpostToStore/Page_Store/input_txtprice), "value"): Attribute 'value' of object 'Object Repository/HealthpostToStore/Page_Store/input_txtprice' is: '250'

2018-06-09 21:41:00 - [MESSAGE][PASSED] - Attribute 'value' of object 'Object Repository/HealthpostToStore/Page_Store/input_txtprice' is: '250'

2018-06-09 21:41:00 - [TEST_STEP][PASSED] - Statement - out.println("Stock QTY : " + StockQty): null

2018-06-09 21:41:00 - [TEST_STEP][PASSED] - delay: Delayed 2 second(s)

2018-06-09 21:41:02 - [MESSAGE][PASSED] - Delayed 2 second(s)

2018-06-09 21:41:02 - [TEST_STEP][PASSED] - Statement - If (java.lang.String.valueOf(StockQty) >= java.lang.String.valueOf(RequestedQty)): null

2018-06-09 21:41:02 - [TEST_STEP][PASSED] - setText: Text '10' is set on object 'Object Repository/HealthpostToStore/Page_Store/input_txtqty'

2018-06-09 21:41:02 - [MESSAGE][PASSED] - Text '10' is set on object 'Object Repository/HealthpostToStore/Page_Store/input_txtqty'

2018-06-09 21:41:02 - [TEST_STEP][PASSED] - click: Object: 'Object Repository/HealthpostToStore/Page_Store/button_Add' is clicked on

2018-06-09 21:41:02 - [MESSAGE][PASSED] - Object: 'Object Repository/HealthpostToStore/Page_Store/button_Add' is clicked on

2018-06-09 21:41:02 - [TEST_STEP][PASSED] - Statement - Break: null

2018-06-09 21:41:02 - [TEST_STEP][PASSED] - selectOptionByIndex: All options with index in [23] are selected on object 'Object Repository/HealthpostToStore/Page_Store/select_--Select--Adernaline 0.'

2018-06-09 21:41:02 - [MESSAGE][PASSED] - All options with index in [23] are selected on object 'Object Repository/HealthpostToStore/Page_Store/select_--Select--Adernaline 0.'

2018-06-09 21:41:02 - [TEST_STEP][PASSED] - delay: Delayed 2 second(s)

2018-06-09 21:41:04 - [MESSAGE][PASSED] - Delayed 2 second(s)

2018-06-09 21:41:04 - [TEST_STEP][PASSED] - Statement - RequestedQty = com.kms.katalon.core.webui.keyword.WebUiBuiltInKeywords.getAttribute(com.kms.katalon.core.testobject.ObjectRepository.findTestObject(HealthpostToStore/Page_Store/input_txttotal), "value"): Attribute 'value' of object 'Object Repository/HealthpostToStore/Page_Store/input_txttotal' is: '10'

2018-06-09 21:41:04 - [MESSAGE][PASSED] - Attribute 'value' of object 'Object Repository/HealthpostToStore/Page_Store/input_txttotal' is: '10'

2018-06-09 21:41:04 - [TEST_STEP][PASSED] - Statement - out.println("Requested QTY : " + RequestedQty): null

2018-06-09 21:41:04 - [TEST_STEP][PASSED] - Statement - BatchNumber = com.kms.katalon.core.webui.keyword.WebUiBuiltInKeywords.getNumberOfTotalOption(com.kms.katalon.core.testobject.ObjectRepository.findTestObject(HealthpostToStore/Page_Store/select_--Select--BA1170BA2376B)): 3 options of object 'Object Repository/HealthpostToStore/Page_Store/select_--Select--BA1170BA2376B' counted

2018-06-09 21:41:04 - [MESSAGE][PASSED] - 3 options of object 'Object Repository/HealthpostToStore/Page_Store/select_--Select--BA1170BA2376B' counted

2018-06-09 21:41:04 - [TEST_STEP][PASSED] - Statement - For ([g = 1, g <= BatchNumber - 1, (g++)]): null

2018-06-09 21:41:04 - [TEST_STEP][PASSED] - selectOptionByIndex: All options with index in [1] are selected on object 'Object Repository/HealthpostToStore/Page_Store/select_--Select--BA1170BA2376B'

2018-06-09 21:41:04 - [MESSAGE][PASSED] - All options with index in [1] are selected on object 'Object Repository/HealthpostToStore/Page_Store/select_--Select--BA1170BA2376B'

2018-06-09 21:41:04 - [TEST_STEP][PASSED] - Statement - Try: null

2018-06-09 21:41:04 - [TEST_STEP][PASSED] - Statement - StockQty = com.kms.katalon.core.webui.keyword.WebUiBuiltInKeywords.getAttribute(com.kms.katalon.core.testobject.ObjectRepository.findTestObject(HealthpostToStore/Page_Store/input_txtprice), "value"): Attribute 'value' of object 'Object Repository/HealthpostToStore/Page_Store/input_txtprice' is: '1780'

2018-06-09 21:41:04 - [MESSAGE][PASSED] - Attribute 'value' of object 'Object Repository/HealthpostToStore/Page_Store/input_txtprice' is: '1780'

2018-06-09 21:41:04 - [TEST_STEP][PASSED] - Statement - out.println("Stock QTY : " + StockQty): null

2018-06-09 21:41:04 - [TEST_STEP][PASSED] - delay: Delayed 2 second(s)

2018-06-09 21:41:06 - [MESSAGE][PASSED] - Delayed 2 second(s)

2018-06-09 21:41:06 - [TEST_STEP][PASSED] - Statement - If (java.lang.String.valueOf(StockQty) >= java.lang.String.valueOf(RequestedQty)): null

2018-06-09 21:41:06 - [TEST_STEP][PASSED] - setText: Text '10' is set on object 'Object Repository/HealthpostToStore/Page_Store/input_txtqty'

2018-06-09 21:41:07 - [MESSAGE][PASSED] - Text '10' is set on object 'Object Repository/HealthpostToStore/Page_Store/input_txtqty'

2018-06-09 21:41:07 - [TEST_STEP][PASSED] - click: Object: 'Object Repository/HealthpostToStore/Page_Store/button_Add' is clicked on

2018-06-09 21:41:07 - [MESSAGE][PASSED] - Object: 'Object Repository/HealthpostToStore/Page_Store/button_Add' is clicked on

2018-06-09 21:41:07 - [TEST_STEP][PASSED] - Statement - Break: null

2018-06-09 21:41:07 - [TEST_STEP][PASSED] - selectOptionByIndex: All options with index in [24] are selected on object 'Object Repository/HealthpostToStore/Page_Store/select_--Select--Adernaline 0.'

2018-06-09 21:41:07 - [MESSAGE][PASSED] - All options with index in [24] are selected on object 'Object Repository/HealthpostToStore/Page_Store/select_--Select--Adernaline 0.'

2018-06-09 21:41:07 - [TEST_STEP][PASSED] - delay: Delayed 2 second(s)

2018-06-09 21:41:09 - [MESSAGE][PASSED] - Delayed 2 second(s)

2018-06-09 21:41:09 - [TEST_STEP][PASSED] - Statement - RequestedQty = com.kms.katalon.core.webui.keyword.WebUiBuiltInKeywords.getAttribute(com.kms.katalon.core.testobject.ObjectRepository.findTestObject(HealthpostToStore/Page_Store/input_txttotal), "value"): Attribute 'value' of object 'Object Repository/HealthpostToStore/Page_Store/input_txttotal' is: '10'

2018-06-09 21:41:09 - [MESSAGE][PASSED] - Attribute 'value' of object 'Object Repository/HealthpostToStore/Page_Store/input_txttotal' is: '10'

2018-06-09 21:41:09 - [TEST_STEP][PASSED] - Statement - out.println("Requested QTY : " + RequestedQty): null

2018-06-09 21:41:09 - [TEST_STEP][PASSED] - Statement - BatchNumber = com.kms.katalon.core.webui.keyword.WebUiBuiltInKeywords.getNumberOfTotalOption(com.kms.katalon.core.testobject.ObjectRepository.findTestObject(HealthpostToStore/Page_Store/select_--Select--BA1170BA2376B)): 5 options of object 'Object Repository/HealthpostToStore/Page_Store/select_--Select--BA1170BA2376B' counted

2018-06-09 21:41:09 - [MESSAGE][PASSED] - 5 options of object 'Object Repository/HealthpostToStore/Page_Store/select_--Select--BA1170BA2376B' counted

2018-06-09 21:41:09 - [TEST_STEP][PASSED] - Statement - For ([g = 1, g <= BatchNumber - 1, (g++)]): null

2018-06-09 21:41:09 - [TEST_STEP][PASSED] - selectOptionByIndex: All options with index in [1] are selected on object 'Object Repository/HealthpostToStore/Page_Store/select_--Select--BA1170BA2376B'

2018-06-09 21:41:09 - [MESSAGE][PASSED] - All options with index in [1] are selected on object 'Object Repository/HealthpostToStore/Page_Store/select_--Select--BA1170BA2376B'

2018-06-09 21:41:09 - [TEST_STEP][PASSED] - Statement - Try: null

2018-06-09 21:41:09 - [TEST_STEP][PASSED] - Statement - StockQty = com.kms.katalon.core.webui.keyword.WebUiBuiltInKeywords.getAttribute(com.kms.katalon.core.testobject.ObjectRepository.findTestObject(HealthpostToStore/Page_Store/input_txtprice), "value"): Attribute 'value' of object 'Object Repository/HealthpostToStore/Page_Store/input_txtprice' is: '250'

2018-06-09 21:41:09 - [MESSAGE][PASSED] - Attribute 'value' of object 'Object Repository/HealthpostToStore/Page_Store/input_txtprice' is: '250'

2018-06-09 21:41:09 - [TEST_STEP][PASSED] - Statement - out.println("Stock QTY : " + StockQty): null

2018-06-09 21:41:09 - [TEST_STEP][PASSED] - delay: Delayed 2 second(s)

2018-06-09 21:41:11 - [MESSAGE][PASSED] - Delayed 2 second(s)

2018-06-09 21:41:11 - [TEST_STEP][PASSED] - Statement - If (java.lang.String.valueOf(StockQty) >= java.lang.String.valueOf(RequestedQty)): null

2018-06-09 21:41:11 - [TEST_STEP][PASSED] - setText: Text '10' is set on object 'Object Repository/HealthpostToStore/Page_Store/input_txtqty'

2018-06-09 21:41:11 - [MESSAGE][PASSED] - Text '10' is set on object 'Object Repository/HealthpostToStore/Page_Store/input_txtqty'

2018-06-09 21:41:11 - [TEST_STEP][PASSED] - click: Object: 'Object Repository/HealthpostToStore/Page_Store/button_Add' is clicked on

2018-06-09 21:41:11 - [MESSAGE][PASSED] - Object: 'Object Repository/HealthpostToStore/Page_Store/button_Add' is clicked on

2018-06-09 21:41:11 - [TEST_STEP][PASSED] - Statement - Break: null

2018-06-09 21:41:11 - [TEST_STEP][PASSED] - selectOptionByIndex: All options with index in [25] are selected on object 'Object Repository/HealthpostToStore/Page_Store/select_--Select--Adernaline 0.'

2018-06-09 21:41:12 - [MESSAGE][PASSED] - All options with index in [25] are selected on object 'Object Repository/HealthpostToStore/Page_Store/select_--Select--Adernaline 0.'

2018-06-09 21:41:12 - [TEST_STEP][PASSED] - delay: Delayed 2 second(s)

2018-06-09 21:41:14 - [MESSAGE][PASSED] - Delayed 2 second(s)

2018-06-09 21:41:14 - [TEST_STEP][PASSED] - Statement - RequestedQty = com.kms.katalon.core.webui.keyword.WebUiBuiltInKeywords.getAttribute(com.kms.katalon.core.testobject.ObjectRepository.findTestObject(HealthpostToStore/Page_Store/input_txttotal), "value"): Attribute 'value' of object 'Object Repository/HealthpostToStore/Page_Store/input_txttotal' is: '10'

2018-06-09 21:41:14 - [MESSAGE][PASSED] - Attribute 'value' of object 'Object Repository/HealthpostToStore/Page_Store/input_txttotal' is: '10'

2018-06-09 21:41:14 - [TEST_STEP][PASSED] - Statement - out.println("Requested QTY : " + RequestedQty): null

2018-06-09 21:41:14 - [TEST_STEP][PASSED] - Statement - BatchNumber = com.kms.katalon.core.webui.keyword.WebUiBuiltInKeywords.getNumberOfTotalOption(com.kms.katalon.core.testobject.ObjectRepository.findTestObject(HealthpostToStore/Page_Store/select_--Select--BA1170BA2376B)): 3 options of object 'Object Repository/HealthpostToStore/Page_Store/select_--Select--BA1170BA2376B' counted

2018-06-09 21:41:14 - [MESSAGE][PASSED] - 3 options of object 'Object Repository/HealthpostToStore/Page_Store/select_--Select--BA1170BA2376B' counted

2018-06-09 21:41:14 - [TEST_STEP][PASSED] - Statement - For ([g = 1, g <= BatchNumber - 1, (g++)]): null

2018-06-09 21:41:14 - [TEST_STEP][PASSED] - selectOptionByIndex: All options with index in [1] are selected on object 'Object Repository/HealthpostToStore/Page_Store/select_--Select--BA1170BA2376B'

2018-06-09 21:41:14 - [MESSAGE][PASSED] - All options with index in [1] are selected on object 'Object Repository/HealthpostToStore/Page_Store/select_--Select--BA1170BA2376B'

2018-06-09 21:41:14 - [TEST_STEP][PASSED] - Statement - Try: null

2018-06-09 21:41:14 - [TEST_STEP][PASSED] - Statement - StockQty = com.kms.katalon.core.webui.keyword.WebUiBuiltInKeywords.getAttribute(com.kms.katalon.core.testobject.ObjectRepository.findTestObject(HealthpostToStore/Page_Store/input_txtprice), "value"): Attribute 'value' of object 'Object Repository/HealthpostToStore/Page_Store/input_txtprice' is: '1780'

2018-06-09 21:41:14 - [MESSAGE][PASSED] - Attribute 'value' of object 'Object Repository/HealthpostToStore/Page_Store/input_txtprice' is: '1780'

2018-06-09 21:41:14 - [TEST_STEP][PASSED] - Statement - out.println("Stock QTY : " + StockQty): null

2018-06-09 21:41:14 - [TEST_STEP][PASSED] - delay: Delayed 2 second(s)

2018-06-09 21:41:16 - [MESSAGE][PASSED] - Delayed 2 second(s)

2018-06-09 21:41:16 - [TEST_STEP][PASSED] - Statement - If (java.lang.String.valueOf(StockQty) >= java.lang.String.valueOf(RequestedQty)): null

2018-06-09 21:41:16 - [TEST_STEP][PASSED] - setText: Text '10' is set on object 'Object Repository/HealthpostToStore/Page_Store/input_txtqty'

2018-06-09 21:41:16 - [MESSAGE][PASSED] - Text '10' is set on object 'Object Repository/HealthpostToStore/Page_Store/input_txtqty'

2018-06-09 21:41:16 - [TEST_STEP][PASSED] - click: Object: 'Object Repository/HealthpostToStore/Page_Store/button_Add' is clicked on

2018-06-09 21:41:16 - [MESSAGE][PASSED] - Object: 'Object Repository/HealthpostToStore/Page_Store/button_Add' is clicked on

2018-06-09 21:41:16 - [TEST_STEP][PASSED] - Statement - Break: null

2018-06-09 21:41:16 - [TEST_STEP][PASSED] - selectOptionByIndex: All options with index in [26] are selected on object 'Object Repository/HealthpostToStore/Page_Store/select_--Select--Adernaline 0.'

2018-06-09 21:41:16 - [MESSAGE][PASSED] - All options with index in [26] are selected on object 'Object Repository/HealthpostToStore/Page_Store/select_--Select--Adernaline 0.'

2018-06-09 21:41:16 - [TEST_STEP][PASSED] - delay: Delayed 2 second(s)

2018-06-09 21:41:18 - [MESSAGE][PASSED] - Delayed 2 second(s)

2018-06-09 21:41:18 - [TEST_STEP][PASSED] - Statement - RequestedQty = com.kms.katalon.core.webui.keyword.WebUiBuiltInKeywords.getAttribute(com.kms.katalon.core.testobject.ObjectRepository.findTestObject(HealthpostToStore/Page_Store/input_txttotal), "value"): Attribute 'value' of object 'Object Repository/HealthpostToStore/Page_Store/input_txttotal' is: '10'

2018-06-09 21:41:19 - [MESSAGE][PASSED] - Attribute 'value' of object 'Object Repository/HealthpostToStore/Page_Store/input_txttotal' is: '10'

2018-06-09 21:41:19 - [TEST_STEP][PASSED] - Statement - out.println("Requested QTY : " + RequestedQty): null

2018-06-09 21:41:19 - [TEST_STEP][PASSED] - Statement - BatchNumber = com.kms.katalon.core.webui.keyword.WebUiBuiltInKeywords.getNumberOfTotalOption(com.kms.katalon.core.testobject.ObjectRepository.findTestObject(HealthpostToStore/Page_Store/select_--Select--BA1170BA2376B)): 4 options of object 'Object Repository/HealthpostToStore/Page_Store/select_--Select--BA1170BA2376B' counted

2018-06-09 21:41:19 - [MESSAGE][PASSED] - 4 options of object 'Object Repository/HealthpostToStore/Page_Store/select_--Select--BA1170BA2376B' counted

2018-06-09 21:41:19 - [TEST_STEP][PASSED] - Statement - For ([g = 1, g <= BatchNumber - 1, (g++)]): null

2018-06-09 21:41:19 - [TEST_STEP][PASSED] - selectOptionByIndex: All options with index in [1] are selected on object 'Object Repository/HealthpostToStore/Page_Store/select_--Select--BA1170BA2376B'

2018-06-09 21:41:19 - [MESSAGE][PASSED] - All options with index in [1] are selected on object 'Object Repository/HealthpostToStore/Page_Store/select_--Select--BA1170BA2376B'

2018-06-09 21:41:19 - [TEST_STEP][PASSED] - Statement - Try: null

2018-06-09 21:41:19 - [TEST_STEP][PASSED] - Statement - StockQty = com.kms.katalon.core.webui.keyword.WebUiBuiltInKeywords.getAttribute(com.kms.katalon.core.testobject.ObjectRepository.findTestObject(HealthpostToStore/Page_Store/input_txtprice), "value"): Attribute 'value' of object 'Object Repository/HealthpostToStore/Page_Store/input_txtprice' is: '450'

2018-06-09 21:41:19 - [MESSAGE][PASSED] - Attribute 'value' of object 'Object Repository/HealthpostToStore/Page_Store/input_txtprice' is: '450'

2018-06-09 21:41:19 - [TEST_STEP][PASSED] - Statement - out.println("Stock QTY : " + StockQty): null

2018-06-09 21:41:19 - [TEST_STEP][PASSED] - delay: Delayed 2 second(s)

2018-06-09 21:41:21 - [MESSAGE][PASSED] - Delayed 2 second(s)

2018-06-09 21:41:21 - [TEST_STEP][PASSED] - Statement - If (java.lang.String.valueOf(StockQty) >= java.lang.String.valueOf(RequestedQty)): null

2018-06-09 21:41:21 - [TEST_STEP][PASSED] - setText: Text '10' is set on object 'Object Repository/HealthpostToStore/Page_Store/input_txtqty'

2018-06-09 21:41:21 - [MESSAGE][PASSED] - Text '10' is set on object 'Object Repository/HealthpostToStore/Page_Store/input_txtqty'

2018-06-09 21:41:21 - [TEST_STEP][PASSED] - click: Object: 'Object Repository/HealthpostToStore/Page_Store/button_Add' is clicked on

2018-06-09 21:41:21 - [MESSAGE][PASSED] - Object: 'Object Repository/HealthpostToStore/Page_Store/button_Add' is clicked on

2018-06-09 21:41:21 - [TEST_STEP][PASSED] - Statement - Break: null

2018-06-09 21:41:21 - [TEST_STEP][PASSED] - selectOptionByIndex: All options with index in [27] are selected on object 'Object Repository/HealthpostToStore/Page_Store/select_--Select--Adernaline 0.'

2018-06-09 21:41:21 - [MESSAGE][PASSED] - All options with index in [27] are selected on object 'Object Repository/HealthpostToStore/Page_Store/select_--Select--Adernaline 0.'

2018-06-09 21:41:21 - [TEST_STEP][PASSED] - delay: Delayed 2 second(s)

2018-06-09 21:41:23 - [MESSAGE][PASSED] - Delayed 2 second(s)

2018-06-09 21:41:23 - [TEST_STEP][PASSED] - Statement - RequestedQty = com.kms.katalon.core.webui.keyword.WebUiBuiltInKeywords.getAttribute(com.kms.katalon.core.testobject.ObjectRepository.findTestObject(HealthpostToStore/Page_Store/input_txttotal), "value"): Attribute 'value' of object 'Object Repository/HealthpostToStore/Page_Store/input_txttotal' is: '10'

2018-06-09 21:41:23 - [MESSAGE][PASSED] - Attribute 'value' of object 'Object Repository/HealthpostToStore/Page_Store/input_txttotal' is: '10'

2018-06-09 21:41:23 - [TEST_STEP][PASSED] - Statement - out.println("Requested QTY : " + RequestedQty): null

2018-06-09 21:41:23 - [TEST_STEP][PASSED] - Statement - BatchNumber = com.kms.katalon.core.webui.keyword.WebUiBuiltInKeywords.getNumberOfTotalOption(com.kms.katalon.core.testobject.ObjectRepository.findTestObject(HealthpostToStore/Page_Store/select_--Select--BA1170BA2376B)): 5 options of object 'Object Repository/HealthpostToStore/Page_Store/select_--Select--BA1170BA2376B' counted

2018-06-09 21:41:23 - [MESSAGE][PASSED] - 5 options of object 'Object Repository/HealthpostToStore/Page_Store/select_--Select--BA1170BA2376B' counted

2018-06-09 21:41:23 - [TEST_STEP][PASSED] - Statement - For ([g = 1, g <= BatchNumber - 1, (g++)]): null

2018-06-09 21:41:23 - [TEST_STEP][PASSED] - selectOptionByIndex: All options with index in [1] are selected on object 'Object Repository/HealthpostToStore/Page_Store/select_--Select--BA1170BA2376B'

2018-06-09 21:41:23 - [MESSAGE][PASSED] - All options with index in [1] are selected on object 'Object Repository/HealthpostToStore/Page_Store/select_--Select--BA1170BA2376B'

2018-06-09 21:41:23 - [TEST_STEP][PASSED] - Statement - Try: null

2018-06-09 21:41:23 - [TEST_STEP][PASSED] - Statement - StockQty = com.kms.katalon.core.webui.keyword.WebUiBuiltInKeywords.getAttribute(com.kms.katalon.core.testobject.ObjectRepository.findTestObject(HealthpostToStore/Page_Store/input_txtprice), "value"): Attribute 'value' of object 'Object Repository/HealthpostToStore/Page_Store/input_txtprice' is: '450'

2018-06-09 21:41:23 - [MESSAGE][PASSED] - Attribute 'value' of object 'Object Repository/HealthpostToStore/Page_Store/input_txtprice' is: '450'

2018-06-09 21:41:23 - [TEST_STEP][PASSED] - Statement - out.println("Stock QTY : " + StockQty): null

2018-06-09 21:41:23 - [TEST_STEP][PASSED] - delay: Delayed 2 second(s)

2018-06-09 21:41:25 - [MESSAGE][PASSED] - Delayed 2 second(s)

2018-06-09 21:41:25 - [TEST_STEP][PASSED] - Statement - If (java.lang.String.valueOf(StockQty) >= java.lang.String.valueOf(RequestedQty)): null

2018-06-09 21:41:25 - [TEST_STEP][PASSED] - setText: Text '10' is set on object 'Object Repository/HealthpostToStore/Page_Store/input_txtqty'

2018-06-09 21:41:26 - [MESSAGE][PASSED] - Text '10' is set on object 'Object Repository/HealthpostToStore/Page_Store/input_txtqty'

2018-06-09 21:41:26 - [TEST_STEP][PASSED] - click: Object: 'Object Repository/HealthpostToStore/Page_Store/button_Add' is clicked on

2018-06-09 21:41:26 - [MESSAGE][PASSED] - Object: 'Object Repository/HealthpostToStore/Page_Store/button_Add' is clicked on

2018-06-09 21:41:26 - [TEST_STEP][PASSED] - Statement - Break: null

2018-06-09 21:41:26 - [TEST_STEP][PASSED] - selectOptionByIndex: All options with index in [28] are selected on object 'Object Repository/HealthpostToStore/Page_Store/select_--Select--Adernaline 0.'

2018-06-09 21:41:26 - [MESSAGE][PASSED] - All options with index in [28] are selected on object 'Object Repository/HealthpostToStore/Page_Store/select_--Select--Adernaline 0.'

2018-06-09 21:41:26 - [TEST_STEP][PASSED] - delay: Delayed 2 second(s)

2018-06-09 21:41:28 - [MESSAGE][PASSED] - Delayed 2 second(s)

2018-06-09 21:41:28 - [TEST_STEP][PASSED] - Statement - RequestedQty = com.kms.katalon.core.webui.keyword.WebUiBuiltInKeywords.getAttribute(com.kms.katalon.core.testobject.ObjectRepository.findTestObject(HealthpostToStore/Page_Store/input_txttotal), "value"): Attribute 'value' of object 'Object Repository/HealthpostToStore/Page_Store/input_txttotal' is: '10'

2018-06-09 21:41:28 - [MESSAGE][PASSED] - Attribute 'value' of object 'Object Repository/HealthpostToStore/Page_Store/input_txttotal' is: '10'

2018-06-09 21:41:28 - [TEST_STEP][PASSED] - Statement - out.println("Requested QTY : " + RequestedQty): null

2018-06-09 21:41:28 - [TEST_STEP][PASSED] - Statement - BatchNumber = com.kms.katalon.core.webui.keyword.WebUiBuiltInKeywords.getNumberOfTotalOption(com.kms.katalon.core.testobject.ObjectRepository.findTestObject(HealthpostToStore/Page_Store/select_--Select--BA1170BA2376B)): 4 options of object 'Object Repository/HealthpostToStore/Page_Store/select_--Select--BA1170BA2376B' counted

2018-06-09 21:41:28 - [MESSAGE][PASSED] - 4 options of object 'Object Repository/HealthpostToStore/Page_Store/select_--Select--BA1170BA2376B' counted

2018-06-09 21:41:28 - [TEST_STEP][PASSED] - Statement - For ([g = 1, g <= BatchNumber - 1, (g++)]): null

2018-06-09 21:41:28 - [TEST_STEP][PASSED] - selectOptionByIndex: All options with index in [1] are selected on object 'Object Repository/HealthpostToStore/Page_Store/select_--Select--BA1170BA2376B'

2018-06-09 21:41:28 - [MESSAGE][PASSED] - All options with index in [1] are selected on object 'Object Repository/HealthpostToStore/Page_Store/select_--Select--BA1170BA2376B'

2018-06-09 21:41:28 - [TEST_STEP][PASSED] - Statement - Try: null

2018-06-09 21:41:28 - [TEST_STEP][PASSED] - Statement - StockQty = com.kms.katalon.core.webui.keyword.WebUiBuiltInKeywords.getAttribute(com.kms.katalon.core.testobject.ObjectRepository.findTestObject(HealthpostToStore/Page_Store/input_txtprice), "value"): Attribute 'value' of object 'Object Repository/HealthpostToStore/Page_Store/input_txtprice' is: '820'

2018-06-09 21:41:28 - [MESSAGE][PASSED] - Attribute 'value' of object 'Object Repository/HealthpostToStore/Page_Store/input_txtprice' is: '820'

2018-06-09 21:41:28 - [TEST_STEP][PASSED] - Statement - out.println("Stock QTY : " + StockQty): null

2018-06-09 21:41:28 - [TEST_STEP][PASSED] - delay: Delayed 2 second(s)

2018-06-09 21:41:30 - [MESSAGE][PASSED] - Delayed 2 second(s)

2018-06-09 21:41:30 - [TEST_STEP][PASSED] - Statement - If (java.lang.String.valueOf(StockQty) >= java.lang.String.valueOf(RequestedQty)): null

2018-06-09 21:41:30 - [TEST_STEP][PASSED] - setText: Text '10' is set on object 'Object Repository/HealthpostToStore/Page_Store/input_txtqty'

2018-06-09 21:41:30 - [MESSAGE][PASSED] - Text '10' is set on object 'Object Repository/HealthpostToStore/Page_Store/input_txtqty'

2018-06-09 21:41:30 - [TEST_STEP][PASSED] - click: Object: 'Object Repository/HealthpostToStore/Page_Store/button_Add' is clicked on

2018-06-09 21:41:30 - [MESSAGE][PASSED] - Object: 'Object Repository/HealthpostToStore/Page_Store/button_Add' is clicked on

2018-06-09 21:41:30 - [TEST_STEP][PASSED] - Statement - Break: null

2018-06-09 21:41:30 - [TEST_STEP][PASSED] - selectOptionByIndex: All options with index in [29] are selected on object 'Object Repository/HealthpostToStore/Page_Store/select_--Select--Adernaline 0.'

2018-06-09 21:41:31 - [MESSAGE][PASSED] - All options with index in [29] are selected on object 'Object Repository/HealthpostToStore/Page_Store/select_--Select--Adernaline 0.'

2018-06-09 21:41:31 - [TEST_STEP][PASSED] - delay: Delayed 2 second(s)

2018-06-09 21:41:33 - [MESSAGE][PASSED] - Delayed 2 second(s)

2018-06-09 21:41:33 - [TEST_STEP][PASSED] - Statement - RequestedQty = com.kms.katalon.core.webui.keyword.WebUiBuiltInKeywords.getAttribute(com.kms.katalon.core.testobject.ObjectRepository.findTestObject(HealthpostToStore/Page_Store/input_txttotal), "value"): Attribute 'value' of object 'Object Repository/HealthpostToStore/Page_Store/input_txttotal' is: '10'

2018-06-09 21:41:33 - [MESSAGE][PASSED] - Attribute 'value' of object 'Object Repository/HealthpostToStore/Page_Store/input_txttotal' is: '10'

2018-06-09 21:41:33 - [TEST_STEP][PASSED] - Statement - out.println("Requested QTY : " + RequestedQty): null

2018-06-09 21:41:33 - [TEST_STEP][PASSED] - Statement - BatchNumber = com.kms.katalon.core.webui.keyword.WebUiBuiltInKeywords.getNumberOfTotalOption(com.kms.katalon.core.testobject.ObjectRepository.findTestObject(HealthpostToStore/Page_Store/select_--Select--BA1170BA2376B)): 3 options of object 'Object Repository/HealthpostToStore/Page_Store/select_--Select--BA1170BA2376B' counted

2018-06-09 21:41:33 - [MESSAGE][PASSED] - 3 options of object 'Object Repository/HealthpostToStore/Page_Store/select_--Select--BA1170BA2376B' counted

2018-06-09 21:41:33 - [TEST_STEP][PASSED] - Statement - For ([g = 1, g <= BatchNumber - 1, (g++)]): null

2018-06-09 21:41:33 - [TEST_STEP][PASSED] - selectOptionByIndex: All options with index in [1] are selected on object 'Object Repository/HealthpostToStore/Page_Store/select_--Select--BA1170BA2376B'

2018-06-09 21:41:33 - [MESSAGE][PASSED] - All options with index in [1] are selected on object 'Object Repository/HealthpostToStore/Page_Store/select_--Select--BA1170BA2376B'

2018-06-09 21:41:33 - [TEST_STEP][PASSED] - Statement - Try: null

2018-06-09 21:41:33 - [TEST_STEP][PASSED] - Statement - StockQty = com.kms.katalon.core.webui.keyword.WebUiBuiltInKeywords.getAttribute(com.kms.katalon.core.testobject.ObjectRepository.findTestObject(HealthpostToStore/Page_Store/input_txtprice), "value"): Attribute 'value' of object 'Object Repository/HealthpostToStore/Page_Store/input_txtprice' is: '520'

2018-06-09 21:41:33 - [MESSAGE][PASSED] - Attribute 'value' of object 'Object Repository/HealthpostToStore/Page_Store/input_txtprice' is: '520'

2018-06-09 21:41:33 - [TEST_STEP][PASSED] - Statement - out.println("Stock QTY : " + StockQty): null

2018-06-09 21:41:33 - [TEST_STEP][PASSED] - delay: Delayed 2 second(s)

2018-06-09 21:41:35 - [MESSAGE][PASSED] - Delayed 2 second(s)

2018-06-09 21:41:35 - [TEST_STEP][PASSED] - Statement - If (java.lang.String.valueOf(StockQty) >= java.lang.String.valueOf(RequestedQty)): null

2018-06-09 21:41:35 - [TEST_STEP][PASSED] - setText: Text '10' is set on object 'Object Repository/HealthpostToStore/Page_Store/input_txtqty'

2018-06-09 21:41:35 - [MESSAGE][PASSED] - Text '10' is set on object 'Object Repository/HealthpostToStore/Page_Store/input_txtqty'

2018-06-09 21:41:35 - [TEST_STEP][PASSED] - click: Object: 'Object Repository/HealthpostToStore/Page_Store/button_Add' is clicked on

2018-06-09 21:41:35 - [MESSAGE][PASSED] - Object: 'Object Repository/HealthpostToStore/Page_Store/button_Add' is clicked on

2018-06-09 21:41:35 - [TEST_STEP][PASSED] - Statement - Break: null

2018-06-09 21:41:35 - [TEST_STEP][PASSED] - selectOptionByIndex: All options with index in [30] are selected on object 'Object Repository/HealthpostToStore/Page_Store/select_--Select--Adernaline 0.'

2018-06-09 21:41:36 - [MESSAGE][PASSED] - All options with index in [30] are selected on object 'Object Repository/HealthpostToStore/Page_Store/select_--Select--Adernaline 0.'

2018-06-09 21:41:36 - [TEST_STEP][PASSED] - delay: Delayed 2 second(s)

2018-06-09 21:41:38 - [MESSAGE][PASSED] - Delayed 2 second(s)

2018-06-09 21:41:38 - [TEST_STEP][PASSED] - Statement - RequestedQty = com.kms.katalon.core.webui.keyword.WebUiBuiltInKeywords.getAttribute(com.kms.katalon.core.testobject.ObjectRepository.findTestObject(HealthpostToStore/Page_Store/input_txttotal), "value"): Attribute 'value' of object 'Object Repository/HealthpostToStore/Page_Store/input_txttotal' is: '10'

2018-06-09 21:41:38 - [MESSAGE][PASSED] - Attribute 'value' of object 'Object Repository/HealthpostToStore/Page_Store/input_txttotal' is: '10'

2018-06-09 21:41:38 - [TEST_STEP][PASSED] - Statement - out.println("Requested QTY : " + RequestedQty): null

2018-06-09 21:41:38 - [TEST_STEP][PASSED] - Statement - BatchNumber = com.kms.katalon.core.webui.keyword.WebUiBuiltInKeywords.getNumberOfTotalOption(com.kms.katalon.core.testobject.ObjectRepository.findTestObject(HealthpostToStore/Page_Store/select_--Select--BA1170BA2376B)): 3 options of object 'Object Repository/HealthpostToStore/Page_Store/select_--Select--BA1170BA2376B' counted

2018-06-09 21:41:38 - [MESSAGE][PASSED] - 3 options of object 'Object Repository/HealthpostToStore/Page_Store/select_--Select--BA1170BA2376B' counted

2018-06-09 21:41:38 - [TEST_STEP][PASSED] - Statement - For ([g = 1, g <= BatchNumber - 1, (g++)]): null

2018-06-09 21:41:38 - [TEST_STEP][PASSED] - selectOptionByIndex: All options with index in [1] are selected on object 'Object Repository/HealthpostToStore/Page_Store/select_--Select--BA1170BA2376B'

2018-06-09 21:41:38 - [MESSAGE][PASSED] - All options with index in [1] are selected on object 'Object Repository/HealthpostToStore/Page_Store/select_--Select--BA1170BA2376B'

2018-06-09 21:41:38 - [TEST_STEP][PASSED] - Statement - Try: null

2018-06-09 21:41:38 - [TEST_STEP][PASSED] - Statement - StockQty = com.kms.katalon.core.webui.keyword.WebUiBuiltInKeywords.getAttribute(com.kms.katalon.core.testobject.ObjectRepository.findTestObject(HealthpostToStore/Page_Store/input_txtprice), "value"): Attribute 'value' of object 'Object Repository/HealthpostToStore/Page_Store/input_txtprice' is: '450'

2018-06-09 21:41:38 - [MESSAGE][PASSED] - Attribute 'value' of object 'Object Repository/HealthpostToStore/Page_Store/input_txtprice' is: '450'

2018-06-09 21:41:38 - [TEST_STEP][PASSED] - Statement - out.println("Stock QTY : " + StockQty): null

2018-06-09 21:41:38 - [TEST_STEP][PASSED] - delay: Delayed 2 second(s)

2018-06-09 21:41:40 - [MESSAGE][PASSED] - Delayed 2 second(s)

2018-06-09 21:41:40 - [TEST_STEP][PASSED] - Statement - If (java.lang.String.valueOf(StockQty) >= java.lang.String.valueOf(RequestedQty)): null

2018-06-09 21:41:40 - [TEST_STEP][PASSED] - setText: Text '10' is set on object 'Object Repository/HealthpostToStore/Page_Store/input_txtqty'

2018-06-09 21:41:40 - [MESSAGE][PASSED] - Text '10' is set on object 'Object Repository/HealthpostToStore/Page_Store/input_txtqty'

2018-06-09 21:41:40 - [TEST_STEP][PASSED] - click: Object: 'Object Repository/HealthpostToStore/Page_Store/button_Add' is clicked on

2018-06-09 21:41:40 - [MESSAGE][PASSED] - Object: 'Object Repository/HealthpostToStore/Page_Store/button_Add' is clicked on

2018-06-09 21:41:40 - [TEST_STEP][PASSED] - Statement - Break: null

2018-06-09 21:41:40 - [TEST_STEP][PASSED] - selectOptionByIndex: All options with index in [31] are selected on object 'Object Repository/HealthpostToStore/Page_Store/select_--Select--Adernaline 0.'

2018-06-09 21:41:41 - [MESSAGE][PASSED] - All options with index in [31] are selected on object 'Object Repository/HealthpostToStore/Page_Store/select_--Select--Adernaline 0.'

2018-06-09 21:41:41 - [TEST_STEP][PASSED] - delay: Delayed 2 second(s)

2018-06-09 21:41:43 - [MESSAGE][PASSED] - Delayed 2 second(s)

2018-06-09 21:41:43 - [TEST_STEP][PASSED] - Statement - RequestedQty = com.kms.katalon.core.webui.keyword.WebUiBuiltInKeywords.getAttribute(com.kms.katalon.core.testobject.ObjectRepository.findTestObject(HealthpostToStore/Page_Store/input_txttotal), "value"): Attribute 'value' of object 'Object Repository/HealthpostToStore/Page_Store/input_txttotal' is: '10'

2018-06-09 21:41:43 - [MESSAGE][PASSED] - Attribute 'value' of object 'Object Repository/HealthpostToStore/Page_Store/input_txttotal' is: '10'

2018-06-09 21:41:43 - [TEST_STEP][PASSED] - Statement - out.println("Requested QTY : " + RequestedQty): null

2018-06-09 21:41:43 - [TEST_STEP][PASSED] - Statement - BatchNumber = com.kms.katalon.core.webui.keyword.WebUiBuiltInKeywords.getNumberOfTotalOption(com.kms.katalon.core.testobject.ObjectRepository.findTestObject(HealthpostToStore/Page_Store/select_--Select--BA1170BA2376B)): 3 options of object 'Object Repository/HealthpostToStore/Page_Store/select_--Select--BA1170BA2376B' counted

2018-06-09 21:41:43 - [MESSAGE][PASSED] - 3 options of object 'Object Repository/HealthpostToStore/Page_Store/select_--Select--BA1170BA2376B' counted

2018-06-09 21:41:43 - [TEST_STEP][PASSED] - Statement - For ([g = 1, g <= BatchNumber - 1, (g++)]): null

2018-06-09 21:41:43 - [TEST_STEP][PASSED] - selectOptionByIndex: All options with index in [1] are selected on object 'Object Repository/HealthpostToStore/Page_Store/select_--Select--BA1170BA2376B'

2018-06-09 21:41:43 - [MESSAGE][PASSED] - All options with index in [1] are selected on object 'Object Repository/HealthpostToStore/Page_Store/select_--Select--BA1170BA2376B'

2018-06-09 21:41:43 - [TEST_STEP][PASSED] - Statement - Try: null

2018-06-09 21:41:43 - [TEST_STEP][PASSED] - Statement - StockQty = com.kms.katalon.core.webui.keyword.WebUiBuiltInKeywords.getAttribute(com.kms.katalon.core.testobject.ObjectRepository.findTestObject(HealthpostToStore/Page_Store/input_txtprice), "value"): Attribute 'value' of object 'Object Repository/HealthpostToStore/Page_Store/input_txtprice' is: '1780'

2018-06-09 21:41:43 - [MESSAGE][PASSED] - Attribute 'value' of object 'Object Repository/HealthpostToStore/Page_Store/input_txtprice' is: '1780'

2018-06-09 21:41:43 - [TEST_STEP][PASSED] - Statement - out.println("Stock QTY : " + StockQty): null

2018-06-09 21:41:43 - [TEST_STEP][PASSED] - delay: Delayed 2 second(s)

2018-06-09 21:41:45 - [MESSAGE][PASSED] - Delayed 2 second(s)

2018-06-09 21:41:45 - [TEST_STEP][PASSED] - Statement - If (java.lang.String.valueOf(StockQty) >= java.lang.String.valueOf(RequestedQty)): null

2018-06-09 21:41:45 - [TEST_STEP][PASSED] - setText: Text '10' is set on object 'Object Repository/HealthpostToStore/Page_Store/input_txtqty'

2018-06-09 21:41:45 - [MESSAGE][PASSED] - Text '10' is set on object 'Object Repository/HealthpostToStore/Page_Store/input_txtqty'

2018-06-09 21:41:45 - [TEST_STEP][PASSED] - click: Object: 'Object Repository/HealthpostToStore/Page_Store/button_Add' is clicked on

2018-06-09 21:41:45 - [MESSAGE][PASSED] - Object: 'Object Repository/HealthpostToStore/Page_Store/button_Add' is clicked on

2018-06-09 21:41:45 - [TEST_STEP][PASSED] - Statement - Break: null

2018-06-09 21:41:45 - [TEST_STEP][PASSED] - selectOptionByIndex: All options with index in [32] are selected on object 'Object Repository/HealthpostToStore/Page_Store/select_--Select--Adernaline 0.'

2018-06-09 21:41:45 - [MESSAGE][PASSED] - All options with index in [32] are selected on object 'Object Repository/HealthpostToStore/Page_Store/select_--Select--Adernaline 0.'

2018-06-09 21:41:45 - [TEST_STEP][PASSED] - delay: Delayed 2 second(s)

2018-06-09 21:41:47 - [MESSAGE][PASSED] - Delayed 2 second(s)

2018-06-09 21:41:47 - [TEST_STEP][PASSED] - Statement - RequestedQty = com.kms.katalon.core.webui.keyword.WebUiBuiltInKeywords.getAttribute(com.kms.katalon.core.testobject.ObjectRepository.findTestObject(HealthpostToStore/Page_Store/input_txttotal), "value"): Attribute 'value' of object 'Object Repository/HealthpostToStore/Page_Store/input_txttotal' is: '10'

2018-06-09 21:41:47 - [MESSAGE][PASSED] - Attribute 'value' of object 'Object Repository/HealthpostToStore/Page_Store/input_txttotal' is: '10'

2018-06-09 21:41:47 - [TEST_STEP][PASSED] - Statement - out.println("Requested QTY : " + RequestedQty): null

2018-06-09 21:41:47 - [TEST_STEP][PASSED] - Statement - BatchNumber = com.kms.katalon.core.webui.keyword.WebUiBuiltInKeywords.getNumberOfTotalOption(com.kms.katalon.core.testobject.ObjectRepository.findTestObject(HealthpostToStore/Page_Store/select_--Select--BA1170BA2376B)): 4 options of object 'Object Repository/HealthpostToStore/Page_Store/select_--Select--BA1170BA2376B' counted

2018-06-09 21:41:47 - [MESSAGE][PASSED] - 4 options of object 'Object Repository/HealthpostToStore/Page_Store/select_--Select--BA1170BA2376B' counted

2018-06-09 21:41:47 - [TEST_STEP][PASSED] - Statement - For ([g = 1, g <= BatchNumber - 1, (g++)]): null

2018-06-09 21:41:47 - [TEST_STEP][PASSED] - selectOptionByIndex: All options with index in [1] are selected on object 'Object Repository/HealthpostToStore/Page_Store/select_--Select--BA1170BA2376B'

2018-06-09 21:41:48 - [MESSAGE][PASSED] - All options with index in [1] are selected on object 'Object Repository/HealthpostToStore/Page_Store/select_--Select--BA1170BA2376B'

2018-06-09 21:41:48 - [TEST_STEP][PASSED] - Statement - Try: null

2018-06-09 21:41:48 - [TEST_STEP][PASSED] - Statement - StockQty = com.kms.katalon.core.webui.keyword.WebUiBuiltInKeywords.getAttribute(com.kms.katalon.core.testobject.ObjectRepository.findTestObject(HealthpostToStore/Page_Store/input_txtprice), "value"): Attribute 'value' of object 'Object Repository/HealthpostToStore/Page_Store/input_txtprice' is: '250'

2018-06-09 21:41:48 - [MESSAGE][PASSED] - Attribute 'value' of object 'Object Repository/HealthpostToStore/Page_Store/input_txtprice' is: '250'

2018-06-09 21:41:48 - [TEST_STEP][PASSED] - Statement - out.println("Stock QTY : " + StockQty): null

2018-06-09 21:41:48 - [TEST_STEP][PASSED] - delay: Delayed 2 second(s)

2018-06-09 21:41:50 - [MESSAGE][PASSED] - Delayed 2 second(s)

2018-06-09 21:41:50 - [TEST_STEP][PASSED] - Statement - If (java.lang.String.valueOf(StockQty) >= java.lang.String.valueOf(RequestedQty)): null

2018-06-09 21:41:50 - [TEST_STEP][PASSED] - setText: Text '10' is set on object 'Object Repository/HealthpostToStore/Page_Store/input_txtqty'

2018-06-09 21:41:50 - [MESSAGE][PASSED] - Text '10' is set on object 'Object Repository/HealthpostToStore/Page_Store/input_txtqty'

2018-06-09 21:41:50 - [TEST_STEP][PASSED] - click: Object: 'Object Repository/HealthpostToStore/Page_Store/button_Add' is clicked on

2018-06-09 21:41:50 - [MESSAGE][PASSED] - Object: 'Object Repository/HealthpostToStore/Page_Store/button_Add' is clicked on

2018-06-09 21:41:50 - [TEST_STEP][PASSED] - Statement - Break: null

2018-06-09 21:41:50 - [TEST_STEP][PASSED] - selectOptionByIndex: All options with index in [33] are selected on object 'Object Repository/HealthpostToStore/Page_Store/select_--Select--Adernaline 0.'

2018-06-09 21:41:50 - [MESSAGE][PASSED] - All options with index in [33] are selected on object 'Object Repository/HealthpostToStore/Page_Store/select_--Select--Adernaline 0.'

2018-06-09 21:41:50 - [TEST_STEP][PASSED] - delay: Delayed 2 second(s)

2018-06-09 21:41:52 - [MESSAGE][PASSED] - Delayed 2 second(s)

2018-06-09 21:41:52 - [TEST_STEP][PASSED] - Statement - RequestedQty = com.kms.katalon.core.webui.keyword.WebUiBuiltInKeywords.getAttribute(com.kms.katalon.core.testobject.ObjectRepository.findTestObject(HealthpostToStore/Page_Store/input_txttotal), "value"): Attribute 'value' of object 'Object Repository/HealthpostToStore/Page_Store/input_txttotal' is: '10'

2018-06-09 21:41:52 - [MESSAGE][PASSED] - Attribute 'value' of object 'Object Repository/HealthpostToStore/Page_Store/input_txttotal' is: '10'

2018-06-09 21:41:52 - [TEST_STEP][PASSED] - Statement - out.println("Requested QTY : " + RequestedQty): null

2018-06-09 21:41:52 - [TEST_STEP][PASSED] - Statement - BatchNumber = com.kms.katalon.core.webui.keyword.WebUiBuiltInKeywords.getNumberOfTotalOption(com.kms.katalon.core.testobject.ObjectRepository.findTestObject(HealthpostToStore/Page_Store/select_--Select--BA1170BA2376B)): 5 options of object 'Object Repository/HealthpostToStore/Page_Store/select_--Select--BA1170BA2376B' counted

2018-06-09 21:41:52 - [MESSAGE][PASSED] - 5 options of object 'Object Repository/HealthpostToStore/Page_Store/select_--Select--BA1170BA2376B' counted

2018-06-09 21:41:52 - [TEST_STEP][PASSED] - Statement - For ([g = 1, g <= BatchNumber - 1, (g++)]): null

2018-06-09 21:41:52 - [TEST_STEP][PASSED] - selectOptionByIndex: All options with index in [1] are selected on object 'Object Repository/HealthpostToStore/Page_Store/select_--Select--BA1170BA2376B'

2018-06-09 21:41:52 - [MESSAGE][PASSED] - All options with index in [1] are selected on object 'Object Repository/HealthpostToStore/Page_Store/select_--Select--BA1170BA2376B'

2018-06-09 21:41:52 - [TEST_STEP][PASSED] - Statement - Try: null

2018-06-09 21:41:52 - [TEST_STEP][PASSED] - Statement - StockQty = com.kms.katalon.core.webui.keyword.WebUiBuiltInKeywords.getAttribute(com.kms.katalon.core.testobject.ObjectRepository.findTestObject(HealthpostToStore/Page_Store/input_txtprice), "value"): Attribute 'value' of object 'Object Repository/HealthpostToStore/Page_Store/input_txtprice' is: '90'

2018-06-09 21:41:52 - [MESSAGE][PASSED] - Attribute 'value' of object 'Object Repository/HealthpostToStore/Page_Store/input_txtprice' is: '90'

2018-06-09 21:41:52 - [TEST_STEP][PASSED] - Statement - out.println("Stock QTY : " + StockQty): null

2018-06-09 21:41:52 - [TEST_STEP][PASSED] - delay: Delayed 2 second(s)

2018-06-09 21:41:54 - [MESSAGE][PASSED] - Delayed 2 second(s)

2018-06-09 21:41:54 - [TEST_STEP][PASSED] - Statement - If (java.lang.String.valueOf(StockQty) >= java.lang.String.valueOf(RequestedQty)): null

2018-06-09 21:41:54 - [TEST_STEP][PASSED] - setText: Text '10' is set on object 'Object Repository/HealthpostToStore/Page_Store/input_txtqty'

2018-06-09 21:41:55 - [MESSAGE][PASSED] - Text '10' is set on object 'Object Repository/HealthpostToStore/Page_Store/input_txtqty'

2018-06-09 21:41:55 - [TEST_STEP][PASSED] - click: Object: 'Object Repository/HealthpostToStore/Page_Store/button_Add' is clicked on

2018-06-09 21:41:55 - [MESSAGE][PASSED] - Object: 'Object Repository/HealthpostToStore/Page_Store/button_Add' is clicked on

2018-06-09 21:41:55 - [TEST_STEP][PASSED] - Statement - Break: null

2018-06-09 21:41:55 - [TEST_STEP][PASSED] - selectOptionByIndex: All options with index in [34] are selected on object 'Object Repository/HealthpostToStore/Page_Store/select_--Select--Adernaline 0.'

2018-06-09 21:41:55 - [MESSAGE][PASSED] - All options with index in [34] are selected on object 'Object Repository/HealthpostToStore/Page_Store/select_--Select--Adernaline 0.'

2018-06-09 21:41:55 - [TEST_STEP][PASSED] - delay: Delayed 2 second(s)

2018-06-09 21:41:57 - [MESSAGE][PASSED] - Delayed 2 second(s)

2018-06-09 21:41:57 - [TEST_STEP][PASSED] - Statement - RequestedQty = com.kms.katalon.core.webui.keyword.WebUiBuiltInKeywords.getAttribute(com.kms.katalon.core.testobject.ObjectRepository.findTestObject(HealthpostToStore/Page_Store/input_txttotal), "value"): Attribute 'value' of object 'Object Repository/HealthpostToStore/Page_Store/input_txttotal' is: '10'

2018-06-09 21:41:57 - [MESSAGE][PASSED] - Attribute 'value' of object 'Object Repository/HealthpostToStore/Page_Store/input_txttotal' is: '10'

2018-06-09 21:41:57 - [TEST_STEP][PASSED] - Statement - out.println("Requested QTY : " + RequestedQty): null

2018-06-09 21:41:57 - [TEST_STEP][PASSED] - Statement - BatchNumber = com.kms.katalon.core.webui.keyword.WebUiBuiltInKeywords.getNumberOfTotalOption(com.kms.katalon.core.testobject.ObjectRepository.findTestObject(HealthpostToStore/Page_Store/select_--Select--BA1170BA2376B)): 2 options of object 'Object Repository/HealthpostToStore/Page_Store/select_--Select--BA1170BA2376B' counted

2018-06-09 21:41:57 - [MESSAGE][PASSED] - 2 options of object 'Object Repository/HealthpostToStore/Page_Store/select_--Select--BA1170BA2376B' counted

2018-06-09 21:41:57 - [TEST_STEP][PASSED] - Statement - For ([g = 1, g <= BatchNumber - 1, (g++)]): null

2018-06-09 21:41:57 - [TEST_STEP][PASSED] - selectOptionByIndex: All options with index in [1] are selected on object 'Object Repository/HealthpostToStore/Page_Store/select_--Select--BA1170BA2376B'

2018-06-09 21:41:57 - [MESSAGE][PASSED] - All options with index in [1] are selected on object 'Object Repository/HealthpostToStore/Page_Store/select_--Select--BA1170BA2376B'

2018-06-09 21:41:57 - [TEST_STEP][PASSED] - Statement - Try: null

2018-06-09 21:41:57 - [TEST_STEP][PASSED] - Statement - StockQty = com.kms.katalon.core.webui.keyword.WebUiBuiltInKeywords.getAttribute(com.kms.katalon.core.testobject.ObjectRepository.findTestObject(HealthpostToStore/Page_Store/input_txtprice), "value"): Attribute 'value' of object 'Object Repository/HealthpostToStore/Page_Store/input_txtprice' is: '1980'

2018-06-09 21:41:57 - [MESSAGE][PASSED] - Attribute 'value' of object 'Object Repository/HealthpostToStore/Page_Store/input_txtprice' is: '1980'

2018-06-09 21:41:57 - [TEST_STEP][PASSED] - Statement - out.println("Stock QTY : " + StockQty): null

2018-06-09 21:41:57 - [TEST_STEP][PASSED] - delay: Delayed 2 second(s)

2018-06-09 21:41:59 - [MESSAGE][PASSED] - Delayed 2 second(s)

2018-06-09 21:41:59 - [TEST_STEP][PASSED] - Statement - If (java.lang.String.valueOf(StockQty) >= java.lang.String.valueOf(RequestedQty)): null

2018-06-09 21:41:59 - [TEST_STEP][PASSED] - setText: Text '10' is set on object 'Object Repository/HealthpostToStore/Page_Store/input_txtqty'

2018-06-09 21:41:59 - [MESSAGE][PASSED] - Text '10' is set on object 'Object Repository/HealthpostToStore/Page_Store/input_txtqty'

2018-06-09 21:41:59 - [TEST_STEP][PASSED] - click: Object: 'Object Repository/HealthpostToStore/Page_Store/button_Add' is clicked on

2018-06-09 21:41:59 - [MESSAGE][PASSED] - Object: 'Object Repository/HealthpostToStore/Page_Store/button_Add' is clicked on

2018-06-09 21:41:59 - [TEST_STEP][PASSED] - Statement - Break: null

2018-06-09 21:41:59 - [TEST_STEP][PASSED] - selectOptionByIndex: All options with index in [35] are selected on object 'Object Repository/HealthpostToStore/Page_Store/select_--Select--Adernaline 0.'

2018-06-09 21:42:00 - [MESSAGE][PASSED] - All options with index in [35] are selected on object 'Object Repository/HealthpostToStore/Page_Store/select_--Select--Adernaline 0.'

2018-06-09 21:42:00 - [TEST_STEP][PASSED] - delay: Delayed 2 second(s)

2018-06-09 21:42:02 - [MESSAGE][PASSED] - Delayed 2 second(s)

2018-06-09 21:42:02 - [TEST_STEP][PASSED] - Statement - RequestedQty = com.kms.katalon.core.webui.keyword.WebUiBuiltInKeywords.getAttribute(com.kms.katalon.core.testobject.ObjectRepository.findTestObject(HealthpostToStore/Page_Store/input_txttotal), "value"): Attribute 'value' of object 'Object Repository/HealthpostToStore/Page_Store/input_txttotal' is: '10'

2018-06-09 21:42:02 - [MESSAGE][PASSED] - Attribute 'value' of object 'Object Repository/HealthpostToStore/Page_Store/input_txttotal' is: '10'

2018-06-09 21:42:02 - [TEST_STEP][PASSED] - Statement - out.println("Requested QTY : " + RequestedQty): null

2018-06-09 21:42:02 - [TEST_STEP][PASSED] - Statement - BatchNumber = com.kms.katalon.core.webui.keyword.WebUiBuiltInKeywords.getNumberOfTotalOption(com.kms.katalon.core.testobject.ObjectRepository.findTestObject(HealthpostToStore/Page_Store/select_--Select--BA1170BA2376B)): 4 options of object 'Object Repository/HealthpostToStore/Page_Store/select_--Select--BA1170BA2376B' counted

2018-06-09 21:42:02 - [MESSAGE][PASSED] - 4 options of object 'Object Repository/HealthpostToStore/Page_Store/select_--Select--BA1170BA2376B' counted

2018-06-09 21:42:02 - [TEST_STEP][PASSED] - Statement - For ([g = 1, g <= BatchNumber - 1, (g++)]): null

2018-06-09 21:42:02 - [TEST_STEP][PASSED] - selectOptionByIndex: All options with index in [1] are selected on object 'Object Repository/HealthpostToStore/Page_Store/select_--Select--BA1170BA2376B'

2018-06-09 21:42:02 - [MESSAGE][PASSED] - All options with index in [1] are selected on object 'Object Repository/HealthpostToStore/Page_Store/select_--Select--BA1170BA2376B'

2018-06-09 21:42:02 - [TEST_STEP][PASSED] - Statement - Try: null

2018-06-09 21:42:02 - [TEST_STEP][PASSED] - Statement - StockQty = com.kms.katalon.core.webui.keyword.WebUiBuiltInKeywords.getAttribute(com.kms.katalon.core.testobject.ObjectRepository.findTestObject(HealthpostToStore/Page_Store/input_txtprice), "value"): Attribute 'value' of object 'Object Repository/HealthpostToStore/Page_Store/input_txtprice' is: '450'

2018-06-09 21:42:02 - [MESSAGE][PASSED] - Attribute 'value' of object 'Object Repository/HealthpostToStore/Page_Store/input_txtprice' is: '450'

2018-06-09 21:42:02 - [TEST_STEP][PASSED] - Statement - out.println("Stock QTY : " + StockQty): null

2018-06-09 21:42:02 - [TEST_STEP][PASSED] - delay: Delayed 2 second(s)

2018-06-09 21:42:04 - [MESSAGE][PASSED] - Delayed 2 second(s)

2018-06-09 21:42:04 - [TEST_STEP][PASSED] - Statement - If (java.lang.String.valueOf(StockQty) >= java.lang.String.valueOf(RequestedQty)): null

2018-06-09 21:42:04 - [TEST_STEP][PASSED] - setText: Text '10' is set on object 'Object Repository/HealthpostToStore/Page_Store/input_txtqty'

2018-06-09 21:42:04 - [MESSAGE][PASSED] - Text '10' is set on object 'Object Repository/HealthpostToStore/Page_Store/input_txtqty'

2018-06-09 21:42:04 - [TEST_STEP][PASSED] - click: Object: 'Object Repository/HealthpostToStore/Page_Store/button_Add' is clicked on

2018-06-09 21:42:04 - [MESSAGE][PASSED] - Object: 'Object Repository/HealthpostToStore/Page_Store/button_Add' is clicked on

2018-06-09 21:42:04 - [TEST_STEP][PASSED] - Statement - Break: null

2018-06-09 21:42:04 - [TEST_STEP][PASSED] - selectOptionByIndex: All options with index in [36] are selected on object 'Object Repository/HealthpostToStore/Page_Store/select_--Select--Adernaline 0.'

2018-06-09 21:42:05 - [MESSAGE][PASSED] - All options with index in [36] are selected on object 'Object Repository/HealthpostToStore/Page_Store/select_--Select--Adernaline 0.'

2018-06-09 21:42:05 - [TEST_STEP][PASSED] - delay: Delayed 2 second(s)

2018-06-09 21:42:07 - [MESSAGE][PASSED] - Delayed 2 second(s)

2018-06-09 21:42:07 - [TEST_STEP][PASSED] - Statement - RequestedQty = com.kms.katalon.core.webui.keyword.WebUiBuiltInKeywords.getAttribute(com.kms.katalon.core.testobject.ObjectRepository.findTestObject(HealthpostToStore/Page_Store/input_txttotal), "value"): Attribute 'value' of object 'Object Repository/HealthpostToStore/Page_Store/input_txttotal' is: '10'

2018-06-09 21:42:07 - [MESSAGE][PASSED] - Attribute 'value' of object 'Object Repository/HealthpostToStore/Page_Store/input_txttotal' is: '10'

2018-06-09 21:42:07 - [TEST_STEP][PASSED] - Statement - out.println("Requested QTY : " + RequestedQty): null

2018-06-09 21:42:07 - [TEST_STEP][PASSED] - Statement - BatchNumber = com.kms.katalon.core.webui.keyword.WebUiBuiltInKeywords.getNumberOfTotalOption(com.kms.katalon.core.testobject.ObjectRepository.findTestObject(HealthpostToStore/Page_Store/select_--Select--BA1170BA2376B)): 4 options of object 'Object Repository/HealthpostToStore/Page_Store/select_--Select--BA1170BA2376B' counted

2018-06-09 21:42:07 - [MESSAGE][PASSED] - 4 options of object 'Object Repository/HealthpostToStore/Page_Store/select_--Select--BA1170BA2376B' counted

2018-06-09 21:42:07 - [TEST_STEP][PASSED] - Statement - For ([g = 1, g <= BatchNumber - 1, (g++)]): null

2018-06-09 21:42:07 - [TEST_STEP][PASSED] - selectOptionByIndex: All options with index in [1] are selected on object 'Object Repository/HealthpostToStore/Page_Store/select_--Select--BA1170BA2376B'

2018-06-09 21:42:07 - [MESSAGE][PASSED] - All options with index in [1] are selected on object 'Object Repository/HealthpostToStore/Page_Store/select_--Select--BA1170BA2376B'

2018-06-09 21:42:07 - [TEST_STEP][PASSED] - Statement - Try: null

2018-06-09 21:42:07 - [TEST_STEP][PASSED] - Statement - StockQty = com.kms.katalon.core.webui.keyword.WebUiBuiltInKeywords.getAttribute(com.kms.katalon.core.testobject.ObjectRepository.findTestObject(HealthpostToStore/Page_Store/input_txtprice), "value"): Attribute 'value' of object 'Object Repository/HealthpostToStore/Page_Store/input_txtprice' is: '450'

2018-06-09 21:42:07 - [MESSAGE][PASSED] - Attribute 'value' of object 'Object Repository/HealthpostToStore/Page_Store/input_txtprice' is: '450'

2018-06-09 21:42:07 - [TEST_STEP][PASSED] - Statement - out.println("Stock QTY : " + StockQty): null

2018-06-09 21:42:07 - [TEST_STEP][PASSED] - delay: Delayed 2 second(s)

2018-06-09 21:42:09 - [MESSAGE][PASSED] - Delayed 2 second(s)

2018-06-09 21:42:09 - [TEST_STEP][PASSED] - Statement - If (java.lang.String.valueOf(StockQty) >= java.lang.String.valueOf(RequestedQty)): null

2018-06-09 21:42:09 - [TEST_STEP][PASSED] - setText: Text '10' is set on object 'Object Repository/HealthpostToStore/Page_Store/input_txtqty'

2018-06-09 21:42:09 - [MESSAGE][PASSED] - Text '10' is set on object 'Object Repository/HealthpostToStore/Page_Store/input_txtqty'

2018-06-09 21:42:09 - [TEST_STEP][PASSED] - click: Object: 'Object Repository/HealthpostToStore/Page_Store/button_Add' is clicked on

2018-06-09 21:42:09 - [MESSAGE][PASSED] - Object: 'Object Repository/HealthpostToStore/Page_Store/button_Add' is clicked on

2018-06-09 21:42:09 - [TEST_STEP][PASSED] - Statement - Break: null

2018-06-09 21:42:09 - [TEST_STEP][PASSED] - selectOptionByIndex: All options with index in [37] are selected on object 'Object Repository/HealthpostToStore/Page_Store/select_--Select--Adernaline 0.'

2018-06-09 21:42:10 - [MESSAGE][PASSED] - All options with index in [37] are selected on object 'Object Repository/HealthpostToStore/Page_Store/select_--Select--Adernaline 0.'

2018-06-09 21:42:10 - [TEST_STEP][PASSED] - delay: Delayed 2 second(s)

2018-06-09 21:42:12 - [MESSAGE][PASSED] - Delayed 2 second(s)

2018-06-09 21:42:12 - [TEST_STEP][PASSED] - Statement - RequestedQty = com.kms.katalon.core.webui.keyword.WebUiBuiltInKeywords.getAttribute(com.kms.katalon.core.testobject.ObjectRepository.findTestObject(HealthpostToStore/Page_Store/input_txttotal), "value"): Attribute 'value' of object 'Object Repository/HealthpostToStore/Page_Store/input_txttotal' is: '10'

2018-06-09 21:42:12 - [MESSAGE][PASSED] - Attribute 'value' of object 'Object Repository/HealthpostToStore/Page_Store/input_txttotal' is: '10'

2018-06-09 21:42:12 - [TEST_STEP][PASSED] - Statement - out.println("Requested QTY : " + RequestedQty): null

2018-06-09 21:42:12 - [TEST_STEP][PASSED] - Statement - BatchNumber = com.kms.katalon.core.webui.keyword.WebUiBuiltInKeywords.getNumberOfTotalOption(com.kms.katalon.core.testobject.ObjectRepository.findTestObject(HealthpostToStore/Page_Store/select_--Select--BA1170BA2376B)): 4 options of object 'Object Repository/HealthpostToStore/Page_Store/select_--Select--BA1170BA2376B' counted

2018-06-09 21:42:12 - [MESSAGE][PASSED] - 4 options of object 'Object Repository/HealthpostToStore/Page_Store/select_--Select--BA1170BA2376B' counted

2018-06-09 21:42:12 - [TEST_STEP][PASSED] - Statement - For ([g = 1, g <= BatchNumber - 1, (g++)]): null

2018-06-09 21:42:12 - [TEST_STEP][PASSED] - selectOptionByIndex: All options with index in [1] are selected on object 'Object Repository/HealthpostToStore/Page_Store/select_--Select--BA1170BA2376B'

2018-06-09 21:42:12 - [MESSAGE][PASSED] - All options with index in [1] are selected on object 'Object Repository/HealthpostToStore/Page_Store/select_--Select--BA1170BA2376B'

2018-06-09 21:42:12 - [TEST_STEP][PASSED] - Statement - Try: null

2018-06-09 21:42:12 - [TEST_STEP][PASSED] - Statement - StockQty = com.kms.katalon.core.webui.keyword.WebUiBuiltInKeywords.getAttribute(com.kms.katalon.core.testobject.ObjectRepository.findTestObject(HealthpostToStore/Page_Store/input_txtprice), "value"): Attribute 'value' of object 'Object Repository/HealthpostToStore/Page_Store/input_txtprice' is: '250'

2018-06-09 21:42:12 - [MESSAGE][PASSED] - Attribute 'value' of object 'Object Repository/HealthpostToStore/Page_Store/input_txtprice' is: '250'

2018-06-09 21:42:12 - [TEST_STEP][PASSED] - Statement - out.println("Stock QTY : " + StockQty): null

2018-06-09 21:42:12 - [TEST_STEP][PASSED] - delay: Delayed 2 second(s)

2018-06-09 21:42:14 - [MESSAGE][PASSED] - Delayed 2 second(s)

2018-06-09 21:42:14 - [TEST_STEP][PASSED] - Statement - If (java.lang.String.valueOf(StockQty) >= java.lang.String.valueOf(RequestedQty)): null

2018-06-09 21:42:14 - [TEST_STEP][PASSED] - setText: Text '10' is set on object 'Object Repository/HealthpostToStore/Page_Store/input_txtqty'

2018-06-09 21:42:14 - [MESSAGE][PASSED] - Text '10' is set on object 'Object Repository/HealthpostToStore/Page_Store/input_txtqty'

2018-06-09 21:42:14 - [TEST_STEP][PASSED] - click: Object: 'Object Repository/HealthpostToStore/Page_Store/button_Add' is clicked on

2018-06-09 21:42:14 - [MESSAGE][PASSED] - Object: 'Object Repository/HealthpostToStore/Page_Store/button_Add' is clicked on

2018-06-09 21:42:14 - [TEST_STEP][PASSED] - Statement - Break: null

2018-06-09 21:42:14 - [TEST_STEP][PASSED] - selectOptionByIndex: All options with index in [38] are selected on object 'Object Repository/HealthpostToStore/Page_Store/select_--Select--Adernaline 0.'

2018-06-09 21:42:14 - [MESSAGE][PASSED] - All options with index in [38] are selected on object 'Object Repository/HealthpostToStore/Page_Store/select_--Select--Adernaline 0.'

2018-06-09 21:42:14 - [TEST_STEP][PASSED] - delay: Delayed 2 second(s)

2018-06-09 21:42:16 - [MESSAGE][PASSED] - Delayed 2 second(s)

2018-06-09 21:42:16 - [TEST_STEP][PASSED] - Statement - RequestedQty = com.kms.katalon.core.webui.keyword.WebUiBuiltInKeywords.getAttribute(com.kms.katalon.core.testobject.ObjectRepository.findTestObject(HealthpostToStore/Page_Store/input_txttotal), "value"): Attribute 'value' of object 'Object Repository/HealthpostToStore/Page_Store/input_txttotal' is: '10'

2018-06-09 21:42:16 - [MESSAGE][PASSED] - Attribute 'value' of object 'Object Repository/HealthpostToStore/Page_Store/input_txttotal' is: '10'

2018-06-09 21:42:16 - [TEST_STEP][PASSED] - Statement - out.println("Requested QTY : " + RequestedQty): null

2018-06-09 21:42:16 - [TEST_STEP][PASSED] - Statement - BatchNumber = com.kms.katalon.core.webui.keyword.WebUiBuiltInKeywords.getNumberOfTotalOption(com.kms.katalon.core.testobject.ObjectRepository.findTestObject(HealthpostToStore/Page_Store/select_--Select--BA1170BA2376B)): 5 options of object 'Object Repository/HealthpostToStore/Page_Store/select_--Select--BA1170BA2376B' counted

2018-06-09 21:42:16 - [MESSAGE][PASSED] - 5 options of object 'Object Repository/HealthpostToStore/Page_Store/select_--Select--BA1170BA2376B' counted

2018-06-09 21:42:16 - [TEST_STEP][PASSED] - Statement - For ([g = 1, g <= BatchNumber - 1, (g++)]): null

2018-06-09 21:42:16 - [TEST_STEP][PASSED] - selectOptionByIndex: All options with index in [1] are selected on object 'Object Repository/HealthpostToStore/Page_Store/select_--Select--BA1170BA2376B'

2018-06-09 21:42:17 - [MESSAGE][PASSED] - All options with index in [1] are selected on object 'Object Repository/HealthpostToStore/Page_Store/select_--Select--BA1170BA2376B'

2018-06-09 21:42:17 - [TEST_STEP][PASSED] - Statement - Try: null

2018-06-09 21:42:17 - [TEST_STEP][PASSED] - Statement - StockQty = com.kms.katalon.core.webui.keyword.WebUiBuiltInKeywords.getAttribute(com.kms.katalon.core.testobject.ObjectRepository.findTestObject(HealthpostToStore/Page_Store/input_txtprice), "value"): Attribute 'value' of object 'Object Repository/HealthpostToStore/Page_Store/input_txtprice' is: '90'

2018-06-09 21:42:17 - [MESSAGE][PASSED] - Attribute 'value' of object 'Object Repository/HealthpostToStore/Page_Store/input_txtprice' is: '90'

2018-06-09 21:42:17 - [TEST_STEP][PASSED] - Statement - out.println("Stock QTY : " + StockQty): null

2018-06-09 21:42:17 - [TEST_STEP][PASSED] - delay: Delayed 2 second(s)

2018-06-09 21:42:19 - [MESSAGE][PASSED] - Delayed 2 second(s)

2018-06-09 21:42:19 - [TEST_STEP][PASSED] - Statement - If (java.lang.String.valueOf(StockQty) >= java.lang.String.valueOf(RequestedQty)): null

2018-06-09 21:42:19 - [TEST_STEP][PASSED] - setText: Text '10' is set on object 'Object Repository/HealthpostToStore/Page_Store/input_txtqty'

2018-06-09 21:42:19 - [MESSAGE][PASSED] - Text '10' is set on object 'Object Repository/HealthpostToStore/Page_Store/input_txtqty'

2018-06-09 21:42:19 - [TEST_STEP][PASSED] - click: Object: 'Object Repository/HealthpostToStore/Page_Store/button_Add' is clicked on

2018-06-09 21:42:19 - [MESSAGE][PASSED] - Object: 'Object Repository/HealthpostToStore/Page_Store/button_Add' is clicked on

2018-06-09 21:42:19 - [TEST_STEP][PASSED] - Statement - Break: null

2018-06-09 21:42:19 - [TEST_STEP][PASSED] - selectOptionByIndex: All options with index in [39] are selected on object 'Object Repository/HealthpostToStore/Page_Store/select_--Select--Adernaline 0.'

2018-06-09 21:42:19 - [MESSAGE][PASSED] - All options with index in [39] are selected on object 'Object Repository/HealthpostToStore/Page_Store/select_--Select--Adernaline 0.'

2018-06-09 21:42:19 - [TEST_STEP][PASSED] - delay: Delayed 2 second(s)

2018-06-09 21:42:21 - [MESSAGE][PASSED] - Delayed 2 second(s)

2018-06-09 21:42:21 - [TEST_STEP][PASSED] - Statement - RequestedQty = com.kms.katalon.core.webui.keyword.WebUiBuiltInKeywords.getAttribute(com.kms.katalon.core.testobject.ObjectRepository.findTestObject(HealthpostToStore/Page_Store/input_txttotal), "value"): Attribute 'value' of object 'Object Repository/HealthpostToStore/Page_Store/input_txttotal' is: '10'

2018-06-09 21:42:21 - [MESSAGE][PASSED] - Attribute 'value' of object 'Object Repository/HealthpostToStore/Page_Store/input_txttotal' is: '10'

2018-06-09 21:42:21 - [TEST_STEP][PASSED] - Statement - out.println("Requested QTY : " + RequestedQty): null

2018-06-09 21:42:21 - [TEST_STEP][PASSED] - Statement - BatchNumber = com.kms.katalon.core.webui.keyword.WebUiBuiltInKeywords.getNumberOfTotalOption(com.kms.katalon.core.testobject.ObjectRepository.findTestObject(HealthpostToStore/Page_Store/select_--Select--BA1170BA2376B)): 4 options of object 'Object Repository/HealthpostToStore/Page_Store/select_--Select--BA1170BA2376B' counted

2018-06-09 21:42:21 - [MESSAGE][PASSED] - 4 options of object 'Object Repository/HealthpostToStore/Page_Store/select_--Select--BA1170BA2376B' counted

2018-06-09 21:42:21 - [TEST_STEP][PASSED] - Statement - For ([g = 1, g <= BatchNumber - 1, (g++)]): null

2018-06-09 21:42:21 - [TEST_STEP][PASSED] - selectOptionByIndex: All options with index in [1] are selected on object 'Object Repository/HealthpostToStore/Page_Store/select_--Select--BA1170BA2376B'

2018-06-09 21:42:21 - [MESSAGE][PASSED] - All options with index in [1] are selected on object 'Object Repository/HealthpostToStore/Page_Store/select_--Select--BA1170BA2376B'

2018-06-09 21:42:21 - [TEST_STEP][PASSED] - Statement - Try: null

2018-06-09 21:42:21 - [TEST_STEP][PASSED] - Statement - StockQty = com.kms.katalon.core.webui.keyword.WebUiBuiltInKeywords.getAttribute(com.kms.katalon.core.testobject.ObjectRepository.findTestObject(HealthpostToStore/Page_Store/input_txtprice), "value"): Attribute 'value' of object 'Object Repository/HealthpostToStore/Page_Store/input_txtprice' is: '450'

2018-06-09 21:42:21 - [MESSAGE][PASSED] - Attribute 'value' of object 'Object Repository/HealthpostToStore/Page_Store/input_txtprice' is: '450'

2018-06-09 21:42:21 - [TEST_STEP][PASSED] - Statement - out.println("Stock QTY : " + StockQty): null

2018-06-09 21:42:21 - [TEST_STEP][PASSED] - delay: Delayed 2 second(s)

2018-06-09 21:42:23 - [MESSAGE][PASSED] - Delayed 2 second(s)

2018-06-09 21:42:23 - [TEST_STEP][PASSED] - Statement - If (java.lang.String.valueOf(StockQty) >= java.lang.String.valueOf(RequestedQty)): null

2018-06-09 21:42:23 - [TEST_STEP][PASSED] - setText: Text '10' is set on object 'Object Repository/HealthpostToStore/Page_Store/input_txtqty'

2018-06-09 21:42:24 - [MESSAGE][PASSED] - Text '10' is set on object 'Object Repository/HealthpostToStore/Page_Store/input_txtqty'

2018-06-09 21:42:24 - [TEST_STEP][PASSED] - click: Object: 'Object Repository/HealthpostToStore/Page_Store/button_Add' is clicked on

2018-06-09 21:42:24 - [MESSAGE][PASSED] - Object: 'Object Repository/HealthpostToStore/Page_Store/button_Add' is clicked on

2018-06-09 21:42:24 - [TEST_STEP][PASSED] - Statement - Break: null

2018-06-09 21:42:24 - [TEST_STEP][PASSED] - selectOptionByIndex: All options with index in [40] are selected on object 'Object Repository/HealthpostToStore/Page_Store/select_--Select--Adernaline 0.'

2018-06-09 21:42:24 - [MESSAGE][PASSED] - All options with index in [40] are selected on object 'Object Repository/HealthpostToStore/Page_Store/select_--Select--Adernaline 0.'

2018-06-09 21:42:24 - [TEST_STEP][PASSED] - delay: Delayed 2 second(s)

2018-06-09 21:42:26 - [MESSAGE][PASSED] - Delayed 2 second(s)

2018-06-09 21:42:26 - [TEST_STEP][PASSED] - Statement - RequestedQty = com.kms.katalon.core.webui.keyword.WebUiBuiltInKeywords.getAttribute(com.kms.katalon.core.testobject.ObjectRepository.findTestObject(HealthpostToStore/Page_Store/input_txttotal), "value"): Attribute 'value' of object 'Object Repository/HealthpostToStore/Page_Store/input_txttotal' is: '10'

2018-06-09 21:42:26 - [MESSAGE][PASSED] - Attribute 'value' of object 'Object Repository/HealthpostToStore/Page_Store/input_txttotal' is: '10'

2018-06-09 21:42:26 - [TEST_STEP][PASSED] - Statement - out.println("Requested QTY : " + RequestedQty): null

2018-06-09 21:42:26 - [TEST_STEP][PASSED] - Statement - BatchNumber = com.kms.katalon.core.webui.keyword.WebUiBuiltInKeywords.getNumberOfTotalOption(com.kms.katalon.core.testobject.ObjectRepository.findTestObject(HealthpostToStore/Page_Store/select_--Select--BA1170BA2376B)): 4 options of object 'Object Repository/HealthpostToStore/Page_Store/select_--Select--BA1170BA2376B' counted

2018-06-09 21:42:26 - [MESSAGE][PASSED] - 4 options of object 'Object Repository/HealthpostToStore/Page_Store/select_--Select--BA1170BA2376B' counted

2018-06-09 21:42:26 - [TEST_STEP][PASSED] - Statement - For ([g = 1, g <= BatchNumber - 1, (g++)]): null

2018-06-09 21:42:26 - [TEST_STEP][PASSED] - selectOptionByIndex: All options with index in [1] are selected on object 'Object Repository/HealthpostToStore/Page_Store/select_--Select--BA1170BA2376B'

2018-06-09 21:42:26 - [MESSAGE][PASSED] - All options with index in [1] are selected on object 'Object Repository/HealthpostToStore/Page_Store/select_--Select--BA1170BA2376B'

2018-06-09 21:42:26 - [TEST_STEP][PASSED] - Statement - Try: null

2018-06-09 21:42:26 - [TEST_STEP][PASSED] - Statement - StockQty = com.kms.katalon.core.webui.keyword.WebUiBuiltInKeywords.getAttribute(com.kms.katalon.core.testobject.ObjectRepository.findTestObject(HealthpostToStore/Page_Store/input_txtprice), "value"): Attribute 'value' of object 'Object Repository/HealthpostToStore/Page_Store/input_txtprice' is: '820'

2018-06-09 21:42:26 - [MESSAGE][PASSED] - Attribute 'value' of object 'Object Repository/HealthpostToStore/Page_Store/input_txtprice' is: '820'

2018-06-09 21:42:26 - [TEST_STEP][PASSED] - Statement - out.println("Stock QTY : " + StockQty): null

2018-06-09 21:42:26 - [TEST_STEP][PASSED] - delay: Delayed 2 second(s)

2018-06-09 21:42:28 - [MESSAGE][PASSED] - Delayed 2 second(s)

2018-06-09 21:42:28 - [TEST_STEP][PASSED] - Statement - If (java.lang.String.valueOf(StockQty) >= java.lang.String.valueOf(RequestedQty)): null

2018-06-09 21:42:28 - [TEST_STEP][PASSED] - setText: Text '10' is set on object 'Object Repository/HealthpostToStore/Page_Store/input_txtqty'

2018-06-09 21:42:28 - [MESSAGE][PASSED] - Text '10' is set on object 'Object Repository/HealthpostToStore/Page_Store/input_txtqty'

2018-06-09 21:42:28 - [TEST_STEP][PASSED] - click: Object: 'Object Repository/HealthpostToStore/Page_Store/button_Add' is clicked on

2018-06-09 21:42:29 - [MESSAGE][PASSED] - Object: 'Object Repository/HealthpostToStore/Page_Store/button_Add' is clicked on

2018-06-09 21:42:29 - [TEST_STEP][PASSED] - Statement - Break: null

2018-06-09 21:42:29 - [TEST_STEP][PASSED] - selectOptionByIndex: All options with index in [41] are selected on object 'Object Repository/HealthpostToStore/Page_Store/select_--Select--Adernaline 0.'

2018-06-09 21:42:29 - [MESSAGE][PASSED] - All options with index in [41] are selected on object 'Object Repository/HealthpostToStore/Page_Store/select_--Select--Adernaline 0.'

2018-06-09 21:42:29 - [TEST_STEP][PASSED] - delay: Delayed 2 second(s)

2018-06-09 21:42:31 - [MESSAGE][PASSED] - Delayed 2 second(s)

2018-06-09 21:42:31 - [TEST_STEP][PASSED] - Statement - RequestedQty = com.kms.katalon.core.webui.keyword.WebUiBuiltInKeywords.getAttribute(com.kms.katalon.core.testobject.ObjectRepository.findTestObject(HealthpostToStore/Page_Store/input_txttotal), "value"): Attribute 'value' of object 'Object Repository/HealthpostToStore/Page_Store/input_txttotal' is: '10'

2018-06-09 21:42:31 - [MESSAGE][PASSED] - Attribute 'value' of object 'Object Repository/HealthpostToStore/Page_Store/input_txttotal' is: '10'

2018-06-09 21:42:31 - [TEST_STEP][PASSED] - Statement - out.println("Requested QTY : " + RequestedQty): null

2018-06-09 21:42:31 - [TEST_STEP][PASSED] - Statement - BatchNumber = com.kms.katalon.core.webui.keyword.WebUiBuiltInKeywords.getNumberOfTotalOption(com.kms.katalon.core.testobject.ObjectRepository.findTestObject(HealthpostToStore/Page_Store/select_--Select--BA1170BA2376B)): 4 options of object 'Object Repository/HealthpostToStore/Page_Store/select_--Select--BA1170BA2376B' counted

2018-06-09 21:42:31 - [MESSAGE][PASSED] - 4 options of object 'Object Repository/HealthpostToStore/Page_Store/select_--Select--BA1170BA2376B' counted

2018-06-09 21:42:31 - [TEST_STEP][PASSED] - Statement - For ([g = 1, g <= BatchNumber - 1, (g++)]): null

2018-06-09 21:42:31 - [TEST_STEP][PASSED] - selectOptionByIndex: All options with index in [1] are selected on object 'Object Repository/HealthpostToStore/Page_Store/select_--Select--BA1170BA2376B'

2018-06-09 21:42:31 - [MESSAGE][PASSED] - All options with index in [1] are selected on object 'Object Repository/HealthpostToStore/Page_Store/select_--Select--BA1170BA2376B'

2018-06-09 21:42:31 - [TEST_STEP][PASSED] - Statement - Try: null

2018-06-09 21:42:31 - [TEST_STEP][PASSED] - Statement - StockQty = com.kms.katalon.core.webui.keyword.WebUiBuiltInKeywords.getAttribute(com.kms.katalon.core.testobject.ObjectRepository.findTestObject(HealthpostToStore/Page_Store/input_txtprice), "value"): Attribute 'value' of object 'Object Repository/HealthpostToStore/Page_Store/input_txtprice' is: '820'

2018-06-09 21:42:31 - [MESSAGE][PASSED] - Attribute 'value' of object 'Object Repository/HealthpostToStore/Page_Store/input_txtprice' is: '820'

2018-06-09 21:42:31 - [TEST_STEP][PASSED] - Statement - out.println("Stock QTY : " + StockQty): null

2018-06-09 21:42:31 - [TEST_STEP][PASSED] - delay: Delayed 2 second(s)

2018-06-09 21:42:33 - [MESSAGE][PASSED] - Delayed 2 second(s)

2018-06-09 21:42:33 - [TEST_STEP][PASSED] - Statement - If (java.lang.String.valueOf(StockQty) >= java.lang.String.valueOf(RequestedQty)): null

2018-06-09 21:42:33 - [TEST_STEP][PASSED] - setText: Text '10' is set on object 'Object Repository/HealthpostToStore/Page_Store/input_txtqty'

2018-06-09 21:42:33 - [MESSAGE][PASSED] - Text '10' is set on object 'Object Repository/HealthpostToStore/Page_Store/input_txtqty'

2018-06-09 21:42:33 - [TEST_STEP][PASSED] - click: Object: 'Object Repository/HealthpostToStore/Page_Store/button_Add' is clicked on

2018-06-09 21:42:33 - [MESSAGE][PASSED] - Object: 'Object Repository/HealthpostToStore/Page_Store/button_Add' is clicked on

2018-06-09 21:42:33 - [TEST_STEP][PASSED] - Statement - Break: null

2018-06-09 21:42:33 - [TEST_STEP][PASSED] - selectOptionByIndex: All options with index in [42] are selected on object 'Object Repository/HealthpostToStore/Page_Store/select_--Select--Adernaline 0.'

2018-06-09 21:42:34 - [MESSAGE][PASSED] - All options with index in [42] are selected on object 'Object Repository/HealthpostToStore/Page_Store/select_--Select--Adernaline 0.'

2018-06-09 21:42:34 - [TEST_STEP][PASSED] - delay: Delayed 2 second(s)

2018-06-09 21:42:36 - [MESSAGE][PASSED] - Delayed 2 second(s)

2018-06-09 21:42:36 - [TEST_STEP][PASSED] - Statement - RequestedQty = com.kms.katalon.core.webui.keyword.WebUiBuiltInKeywords.getAttribute(com.kms.katalon.core.testobject.ObjectRepository.findTestObject(HealthpostToStore/Page_Store/input_txttotal), "value"): Attribute 'value' of object 'Object Repository/HealthpostToStore/Page_Store/input_txttotal' is: '10'

2018-06-09 21:42:36 - [MESSAGE][PASSED] - Attribute 'value' of object 'Object Repository/HealthpostToStore/Page_Store/input_txttotal' is: '10'

2018-06-09 21:42:36 - [TEST_STEP][PASSED] - Statement - out.println("Requested QTY : " + RequestedQty): null

2018-06-09 21:42:36 - [TEST_STEP][PASSED] - Statement - BatchNumber = com.kms.katalon.core.webui.keyword.WebUiBuiltInKeywords.getNumberOfTotalOption(com.kms.katalon.core.testobject.ObjectRepository.findTestObject(HealthpostToStore/Page_Store/select_--Select--BA1170BA2376B)): 3 options of object 'Object Repository/HealthpostToStore/Page_Store/select_--Select--BA1170BA2376B' counted

2018-06-09 21:42:36 - [MESSAGE][PASSED] - 3 options of object 'Object Repository/HealthpostToStore/Page_Store/select_--Select--BA1170BA2376B' counted

2018-06-09 21:42:36 - [TEST_STEP][PASSED] - Statement - For ([g = 1, g <= BatchNumber - 1, (g++)]): null

2018-06-09 21:42:36 - [TEST_STEP][PASSED] - selectOptionByIndex: All options with index in [1] are selected on object 'Object Repository/HealthpostToStore/Page_Store/select_--Select--BA1170BA2376B'

2018-06-09 21:42:36 - [MESSAGE][PASSED] - All options with index in [1] are selected on object 'Object Repository/HealthpostToStore/Page_Store/select_--Select--BA1170BA2376B'

2018-06-09 21:42:36 - [TEST_STEP][PASSED] - Statement - Try: null

2018-06-09 21:42:36 - [TEST_STEP][PASSED] - Statement - StockQty = com.kms.katalon.core.webui.keyword.WebUiBuiltInKeywords.getAttribute(com.kms.katalon.core.testobject.ObjectRepository.findTestObject(HealthpostToStore/Page_Store/input_txtprice), "value"): Attribute 'value' of object 'Object Repository/HealthpostToStore/Page_Store/input_txtprice' is: '520'

2018-06-09 21:42:36 - [MESSAGE][PASSED] - Attribute 'value' of object 'Object Repository/HealthpostToStore/Page_Store/input_txtprice' is: '520'

2018-06-09 21:42:36 - [TEST_STEP][PASSED] - Statement - out.println("Stock QTY : " + StockQty): null

2018-06-09 21:42:36 - [TEST_STEP][PASSED] - delay: Delayed 2 second(s)

2018-06-09 21:42:38 - [MESSAGE][PASSED] - Delayed 2 second(s)

2018-06-09 21:42:38 - [TEST_STEP][PASSED] - Statement - If (java.lang.String.valueOf(StockQty) >= java.lang.String.valueOf(RequestedQty)): null

2018-06-09 21:42:38 - [TEST_STEP][PASSED] - setText: Text '10' is set on object 'Object Repository/HealthpostToStore/Page_Store/input_txtqty'

2018-06-09 21:42:38 - [MESSAGE][PASSED] - Text '10' is set on object 'Object Repository/HealthpostToStore/Page_Store/input_txtqty'

2018-06-09 21:42:38 - [TEST_STEP][PASSED] - click: Object: 'Object Repository/HealthpostToStore/Page_Store/button_Add' is clicked on

2018-06-09 21:42:38 - [MESSAGE][PASSED] - Object: 'Object Repository/HealthpostToStore/Page_Store/button_Add' is clicked on

2018-06-09 21:42:38 - [TEST_STEP][PASSED] - Statement - Break: null

2018-06-09 21:42:38 - [TEST_STEP][PASSED] - selectOptionByIndex: All options with index in [43] are selected on object 'Object Repository/HealthpostToStore/Page_Store/select_--Select--Adernaline 0.'

2018-06-09 21:42:39 - [MESSAGE][PASSED] - All options with index in [43] are selected on object 'Object Repository/HealthpostToStore/Page_Store/select_--Select--Adernaline 0.'

2018-06-09 21:42:39 - [TEST_STEP][PASSED] - delay: Delayed 2 second(s)

2018-06-09 21:42:41 - [MESSAGE][PASSED] - Delayed 2 second(s)

2018-06-09 21:42:41 - [TEST_STEP][PASSED] - Statement - RequestedQty = com.kms.katalon.core.webui.keyword.WebUiBuiltInKeywords.getAttribute(com.kms.katalon.core.testobject.ObjectRepository.findTestObject(HealthpostToStore/Page_Store/input_txttotal), "value"): Attribute 'value' of object 'Object Repository/HealthpostToStore/Page_Store/input_txttotal' is: '10'

2018-06-09 21:42:41 - [MESSAGE][PASSED] - Attribute 'value' of object 'Object Repository/HealthpostToStore/Page_Store/input_txttotal' is: '10'

2018-06-09 21:42:41 - [TEST_STEP][PASSED] - Statement - out.println("Requested QTY : " + RequestedQty): null

2018-06-09 21:42:41 - [TEST_STEP][PASSED] - Statement - BatchNumber = com.kms.katalon.core.webui.keyword.WebUiBuiltInKeywords.getNumberOfTotalOption(com.kms.katalon.core.testobject.ObjectRepository.findTestObject(HealthpostToStore/Page_Store/select_--Select--BA1170BA2376B)): 3 options of object 'Object Repository/HealthpostToStore/Page_Store/select_--Select--BA1170BA2376B' counted

2018-06-09 21:42:41 - [MESSAGE][PASSED] - 3 options of object 'Object Repository/HealthpostToStore/Page_Store/select_--Select--BA1170BA2376B' counted

2018-06-09 21:42:41 - [TEST_STEP][PASSED] - Statement - For ([g = 1, g <= BatchNumber - 1, (g++)]): null

2018-06-09 21:42:41 - [TEST_STEP][PASSED] - selectOptionByIndex: All options with index in [1] are selected on object 'Object Repository/HealthpostToStore/Page_Store/select_--Select--BA1170BA2376B'

2018-06-09 21:42:41 - [MESSAGE][PASSED] - All options with index in [1] are selected on object 'Object Repository/HealthpostToStore/Page_Store/select_--Select--BA1170BA2376B'

2018-06-09 21:42:41 - [TEST_STEP][PASSED] - Statement - Try: null

2018-06-09 21:42:41 - [TEST_STEP][PASSED] - Statement - StockQty = com.kms.katalon.core.webui.keyword.WebUiBuiltInKeywords.getAttribute(com.kms.katalon.core.testobject.ObjectRepository.findTestObject(HealthpostToStore/Page_Store/input_txtprice), "value"): Attribute 'value' of object 'Object Repository/HealthpostToStore/Page_Store/input_txtprice' is: ''

2018-06-09 21:42:41 - [MESSAGE][PASSED] - Attribute 'value' of object 'Object Repository/HealthpostToStore/Page_Store/input_txtprice' is: ''

2018-06-09 21:42:41 - [TEST_STEP][PASSED] - Statement - out.println("Stock QTY : " + StockQty): null

2018-06-09 21:42:41 - [TEST_STEP][PASSED] - delay: Delayed 2 second(s)

2018-06-09 21:42:43 - [MESSAGE][PASSED] - Delayed 2 second(s)

2018-06-09 21:42:43 - [TEST_STEP][PASSED] - Statement - If (java.lang.String.valueOf(StockQty) >= java.lang.String.valueOf(RequestedQty)): null

2018-06-09 21:42:43 - [TEST_STEP][PASSED] - Statement - Else: null

2018-06-09 21:42:43 - [TEST_STEP][PASSED] - Statement - out.println("Stock Is Less Than Requested Qty"): null

2018-06-09 21:42:43 - [TEST_STEP][PASSED] - selectOptionByIndex: All options with index in [2] are selected on object 'Object Repository/HealthpostToStore/Page_Store/select_--Select--BA1170BA2376B'

2018-06-09 21:42:43 - [MESSAGE][PASSED] - All options with index in [2] are selected on object 'Object Repository/HealthpostToStore/Page_Store/select_--Select--BA1170BA2376B'

2018-06-09 21:42:43 - [TEST_STEP][PASSED] - Statement - Try: null

2018-06-09 21:42:43 - [TEST_STEP][PASSED] - Statement - StockQty = com.kms.katalon.core.webui.keyword.WebUiBuiltInKeywords.getAttribute(com.kms.katalon.core.testobject.ObjectRepository.findTestObject(HealthpostToStore/Page_Store/input_txtprice), "value"): Attribute 'value' of object 'Object Repository/HealthpostToStore/Page_Store/input_txtprice' is: '200'

2018-06-09 21:42:43 - [MESSAGE][PASSED] - Attribute 'value' of object 'Object Repository/HealthpostToStore/Page_Store/input_txtprice' is: '200'

2018-06-09 21:42:43 - [TEST_STEP][PASSED] - Statement - out.println("Stock QTY : " + StockQty): null

2018-06-09 21:42:43 - [TEST_STEP][PASSED] - delay: Delayed 2 second(s)

2018-06-09 21:42:45 - [MESSAGE][PASSED] - Delayed 2 second(s)

2018-06-09 21:42:45 - [TEST_STEP][PASSED] - Statement - If (java.lang.String.valueOf(StockQty) >= java.lang.String.valueOf(RequestedQty)): null

2018-06-09 21:42:45 - [TEST_STEP][PASSED] - setText: Text '10' is set on object 'Object Repository/HealthpostToStore/Page_Store/input_txtqty'

2018-06-09 21:42:45 - [MESSAGE][PASSED] - Text '10' is set on object 'Object Repository/HealthpostToStore/Page_Store/input_txtqty'

2018-06-09 21:42:45 - [TEST_STEP][PASSED] - click: Object: 'Object Repository/HealthpostToStore/Page_Store/button_Add' is clicked on

2018-06-09 21:42:45 - [MESSAGE][PASSED] - Object: 'Object Repository/HealthpostToStore/Page_Store/button_Add' is clicked on

2018-06-09 21:42:45 - [TEST_STEP][PASSED] - Statement - Break: null

2018-06-09 21:42:45 - [TEST_STEP][PASSED] - selectOptionByIndex: All options with index in [44] are selected on object 'Object Repository/HealthpostToStore/Page_Store/select_--Select--Adernaline 0.'

2018-06-09 21:42:46 - [MESSAGE][PASSED] - All options with index in [44] are selected on object 'Object Repository/HealthpostToStore/Page_Store/select_--Select--Adernaline 0.'

2018-06-09 21:42:46 - [TEST_STEP][PASSED] - delay: Delayed 2 second(s)

2018-06-09 21:42:48 - [MESSAGE][PASSED] - Delayed 2 second(s)

2018-06-09 21:42:48 - [TEST_STEP][PASSED] - Statement - RequestedQty = com.kms.katalon.core.webui.keyword.WebUiBuiltInKeywords.getAttribute(com.kms.katalon.core.testobject.ObjectRepository.findTestObject(HealthpostToStore/Page_Store/input_txttotal), "value"): Attribute 'value' of object 'Object Repository/HealthpostToStore/Page_Store/input_txttotal' is: '10'

2018-06-09 21:42:48 - [MESSAGE][PASSED] - Attribute 'value' of object 'Object Repository/HealthpostToStore/Page_Store/input_txttotal' is: '10'

2018-06-09 21:42:48 - [TEST_STEP][PASSED] - Statement - out.println("Requested QTY : " + RequestedQty): null

2018-06-09 21:42:48 - [TEST_STEP][PASSED] - Statement - BatchNumber = com.kms.katalon.core.webui.keyword.WebUiBuiltInKeywords.getNumberOfTotalOption(com.kms.katalon.core.testobject.ObjectRepository.findTestObject(HealthpostToStore/Page_Store/select_--Select--BA1170BA2376B)): 3 options of object 'Object Repository/HealthpostToStore/Page_Store/select_--Select--BA1170BA2376B' counted

2018-06-09 21:42:48 - [MESSAGE][PASSED] - 3 options of object 'Object Repository/HealthpostToStore/Page_Store/select_--Select--BA1170BA2376B' counted

2018-06-09 21:42:48 - [TEST_STEP][PASSED] - Statement - For ([g = 1, g <= BatchNumber - 1, (g++)]): null

2018-06-09 21:42:48 - [TEST_STEP][PASSED] - selectOptionByIndex: All options with index in [1] are selected on object 'Object Repository/HealthpostToStore/Page_Store/select_--Select--BA1170BA2376B'

2018-06-09 21:42:48 - [MESSAGE][PASSED] - All options with index in [1] are selected on object 'Object Repository/HealthpostToStore/Page_Store/select_--Select--BA1170BA2376B'

2018-06-09 21:42:48 - [TEST_STEP][PASSED] - Statement - Try: null

2018-06-09 21:42:48 - [TEST_STEP][PASSED] - Statement - StockQty = com.kms.katalon.core.webui.keyword.WebUiBuiltInKeywords.getAttribute(com.kms.katalon.core.testobject.ObjectRepository.findTestObject(HealthpostToStore/Page_Store/input_txtprice), "value"): Attribute 'value' of object 'Object Repository/HealthpostToStore/Page_Store/input_txtprice' is: '820'

2018-06-09 21:42:48 - [MESSAGE][PASSED] - Attribute 'value' of object 'Object Repository/HealthpostToStore/Page_Store/input_txtprice' is: '820'

2018-06-09 21:42:48 - [TEST_STEP][PASSED] - Statement - out.println("Stock QTY : " + StockQty): null

2018-06-09 21:42:48 - [TEST_STEP][PASSED] - delay: Delayed 2 second(s)

2018-06-09 21:42:50 - [MESSAGE][PASSED] - Delayed 2 second(s)

2018-06-09 21:42:50 - [TEST_STEP][PASSED] - Statement - If (java.lang.String.valueOf(StockQty) >= java.lang.String.valueOf(RequestedQty)): null

2018-06-09 21:42:50 - [TEST_STEP][PASSED] - setText: Text '10' is set on object 'Object Repository/HealthpostToStore/Page_Store/input_txtqty'

2018-06-09 21:42:50 - [MESSAGE][PASSED] - Text '10' is set on object 'Object Repository/HealthpostToStore/Page_Store/input_txtqty'

2018-06-09 21:42:50 - [TEST_STEP][PASSED] - click: Object: 'Object Repository/HealthpostToStore/Page_Store/button_Add' is clicked on

2018-06-09 21:42:50 - [MESSAGE][PASSED] - Object: 'Object Repository/HealthpostToStore/Page_Store/button_Add' is clicked on

2018-06-09 21:42:50 - [TEST_STEP][PASSED] - Statement - Break: null

2018-06-09 21:42:50 - [TEST_STEP][PASSED] - selectOptionByIndex: All options with index in [45] are selected on object 'Object Repository/HealthpostToStore/Page_Store/select_--Select--Adernaline 0.'

2018-06-09 21:42:51 - [MESSAGE][PASSED] - All options with index in [45] are selected on object 'Object Repository/HealthpostToStore/Page_Store/select_--Select--Adernaline 0.'

2018-06-09 21:42:51 - [TEST_STEP][PASSED] - delay: Delayed 2 second(s)

2018-06-09 21:42:53 - [MESSAGE][PASSED] - Delayed 2 second(s)

2018-06-09 21:42:53 - [TEST_STEP][PASSED] - Statement - RequestedQty = com.kms.katalon.core.webui.keyword.WebUiBuiltInKeywords.getAttribute(com.kms.katalon.core.testobject.ObjectRepository.findTestObject(HealthpostToStore/Page_Store/input_txttotal), "value"): Attribute 'value' of object 'Object Repository/HealthpostToStore/Page_Store/input_txttotal' is: '10'

2018-06-09 21:42:53 - [MESSAGE][PASSED] - Attribute 'value' of object 'Object Repository/HealthpostToStore/Page_Store/input_txttotal' is: '10'

2018-06-09 21:42:53 - [TEST_STEP][PASSED] - Statement - out.println("Requested QTY : " + RequestedQty): null

2018-06-09 21:42:53 - [TEST_STEP][PASSED] - Statement - BatchNumber = com.kms.katalon.core.webui.keyword.WebUiBuiltInKeywords.getNumberOfTotalOption(com.kms.katalon.core.testobject.ObjectRepository.findTestObject(HealthpostToStore/Page_Store/select_--Select--BA1170BA2376B)): 5 options of object 'Object Repository/HealthpostToStore/Page_Store/select_--Select--BA1170BA2376B' counted

2018-06-09 21:42:53 - [MESSAGE][PASSED] - 5 options of object 'Object Repository/HealthpostToStore/Page_Store/select_--Select--BA1170BA2376B' counted

2018-06-09 21:42:53 - [TEST_STEP][PASSED] - Statement - For ([g = 1, g <= BatchNumber - 1, (g++)]): null

2018-06-09 21:42:53 - [TEST_STEP][PASSED] - selectOptionByIndex: All options with index in [1] are selected on object 'Object Repository/HealthpostToStore/Page_Store/select_--Select--BA1170BA2376B'

2018-06-09 21:42:53 - [MESSAGE][PASSED] - All options with index in [1] are selected on object 'Object Repository/HealthpostToStore/Page_Store/select_--Select--BA1170BA2376B'

2018-06-09 21:42:53 - [TEST_STEP][PASSED] - Statement - Try: null

2018-06-09 21:42:53 - [TEST_STEP][PASSED] - Statement - StockQty = com.kms.katalon.core.webui.keyword.WebUiBuiltInKeywords.getAttribute(com.kms.katalon.core.testobject.ObjectRepository.findTestObject(HealthpostToStore/Page_Store/input_txtprice), "value"): Attribute 'value' of object 'Object Repository/HealthpostToStore/Page_Store/input_txtprice' is: '520'

2018-06-09 21:42:53 - [MESSAGE][PASSED] - Attribute 'value' of object 'Object Repository/HealthpostToStore/Page_Store/input_txtprice' is: '520'

2018-06-09 21:42:53 - [TEST_STEP][PASSED] - Statement - out.println("Stock QTY : " + StockQty): null

2018-06-09 21:42:53 - [TEST_STEP][PASSED] - delay: Delayed 2 second(s)

2018-06-09 21:42:55 - [MESSAGE][PASSED] - Delayed 2 second(s)

2018-06-09 21:42:55 - [TEST_STEP][PASSED] - Statement - If (java.lang.String.valueOf(StockQty) >= java.lang.String.valueOf(RequestedQty)): null

2018-06-09 21:42:55 - [TEST_STEP][PASSED] - setText: Text '10' is set on object 'Object Repository/HealthpostToStore/Page_Store/input_txtqty'

2018-06-09 21:42:55 - [MESSAGE][PASSED] - Text '10' is set on object 'Object Repository/HealthpostToStore/Page_Store/input_txtqty'

2018-06-09 21:42:55 - [TEST_STEP][PASSED] - click: Object: 'Object Repository/HealthpostToStore/Page_Store/button_Add' is clicked on

2018-06-09 21:42:55 - [MESSAGE][PASSED] - Object: 'Object Repository/HealthpostToStore/Page_Store/button_Add' is clicked on

2018-06-09 21:42:55 - [TEST_STEP][PASSED] - Statement - Break: null

2018-06-09 21:42:55 - [TEST_STEP][PASSED] - selectOptionByIndex: All options with index in [46] are selected on object 'Object Repository/HealthpostToStore/Page_Store/select_--Select--Adernaline 0.'

2018-06-09 21:42:56 - [MESSAGE][PASSED] - All options with index in [46] are selected on object 'Object Repository/HealthpostToStore/Page_Store/select_--Select--Adernaline 0.'

2018-06-09 21:42:56 - [TEST_STEP][PASSED] - delay: Delayed 2 second(s)

2018-06-09 21:42:58 - [MESSAGE][PASSED] - Delayed 2 second(s)

2018-06-09 21:42:58 - [TEST_STEP][PASSED] - Statement - RequestedQty = com.kms.katalon.core.webui.keyword.WebUiBuiltInKeywords.getAttribute(com.kms.katalon.core.testobject.ObjectRepository.findTestObject(HealthpostToStore/Page_Store/input_txttotal), "value"): Attribute 'value' of object 'Object Repository/HealthpostToStore/Page_Store/input_txttotal' is: '10'

2018-06-09 21:42:58 - [MESSAGE][PASSED] - Attribute 'value' of object 'Object Repository/HealthpostToStore/Page_Store/input_txttotal' is: '10'

2018-06-09 21:42:58 - [TEST_STEP][PASSED] - Statement - out.println("Requested QTY : " + RequestedQty): null

2018-06-09 21:42:58 - [TEST_STEP][PASSED] - Statement - BatchNumber = com.kms.katalon.core.webui.keyword.WebUiBuiltInKeywords.getNumberOfTotalOption(com.kms.katalon.core.testobject.ObjectRepository.findTestObject(HealthpostToStore/Page_Store/select_--Select--BA1170BA2376B)): 3 options of object 'Object Repository/HealthpostToStore/Page_Store/select_--Select--BA1170BA2376B' counted

2018-06-09 21:42:58 - [MESSAGE][PASSED] - 3 options of object 'Object Repository/HealthpostToStore/Page_Store/select_--Select--BA1170BA2376B' counted

2018-06-09 21:42:58 - [TEST_STEP][PASSED] - Statement - For ([g = 1, g <= BatchNumber - 1, (g++)]): null

2018-06-09 21:42:58 - [TEST_STEP][PASSED] - selectOptionByIndex: All options with index in [1] are selected on object 'Object Repository/HealthpostToStore/Page_Store/select_--Select--BA1170BA2376B'

2018-06-09 21:42:58 - [MESSAGE][PASSED] - All options with index in [1] are selected on object 'Object Repository/HealthpostToStore/Page_Store/select_--Select--BA1170BA2376B'

2018-06-09 21:42:58 - [TEST_STEP][PASSED] - Statement - Try: null

2018-06-09 21:42:58 - [TEST_STEP][PASSED] - Statement - StockQty = com.kms.katalon.core.webui.keyword.WebUiBuiltInKeywords.getAttribute(com.kms.katalon.core.testobject.ObjectRepository.findTestObject(HealthpostToStore/Page_Store/input_txtprice), "value"): Attribute 'value' of object 'Object Repository/HealthpostToStore/Page_Store/input_txtprice' is: '250'

2018-06-09 21:42:58 - [MESSAGE][PASSED] - Attribute 'value' of object 'Object Repository/HealthpostToStore/Page_Store/input_txtprice' is: '250'

2018-06-09 21:42:58 - [TEST_STEP][PASSED] - Statement - out.println("Stock QTY : " + StockQty): null

2018-06-09 21:42:58 - [TEST_STEP][PASSED] - delay: Delayed 2 second(s)

2018-06-09 21:43:00 - [MESSAGE][PASSED] - Delayed 2 second(s)

2018-06-09 21:43:00 - [TEST_STEP][PASSED] - Statement - If (java.lang.String.valueOf(StockQty) >= java.lang.String.valueOf(RequestedQty)): null

2018-06-09 21:43:00 - [TEST_STEP][PASSED] - setText: Text '10' is set on object 'Object Repository/HealthpostToStore/Page_Store/input_txtqty'

2018-06-09 21:43:00 - [MESSAGE][PASSED] - Text '10' is set on object 'Object Repository/HealthpostToStore/Page_Store/input_txtqty'

2018-06-09 21:43:00 - [TEST_STEP][PASSED] - click: Object: 'Object Repository/HealthpostToStore/Page_Store/button_Add' is clicked on

2018-06-09 21:43:00 - [MESSAGE][PASSED] - Object: 'Object Repository/HealthpostToStore/Page_Store/button_Add' is clicked on

2018-06-09 21:43:00 - [TEST_STEP][PASSED] - Statement - Break: null

2018-06-09 21:43:00 - [TEST_STEP][PASSED] - selectOptionByIndex: All options with index in [47] are selected on object 'Object Repository/HealthpostToStore/Page_Store/select_--Select--Adernaline 0.'

2018-06-09 21:43:01 - [MESSAGE][PASSED] - All options with index in [47] are selected on object 'Object Repository/HealthpostToStore/Page_Store/select_--Select--Adernaline 0.'

2018-06-09 21:43:01 - [TEST_STEP][PASSED] - delay: Delayed 2 second(s)

2018-06-09 21:43:03 - [MESSAGE][PASSED] - Delayed 2 second(s)

2018-06-09 21:43:03 - [TEST_STEP][PASSED] - Statement - RequestedQty = com.kms.katalon.core.webui.keyword.WebUiBuiltInKeywords.getAttribute(com.kms.katalon.core.testobject.ObjectRepository.findTestObject(HealthpostToStore/Page_Store/input_txttotal), "value"): Attribute 'value' of object 'Object Repository/HealthpostToStore/Page_Store/input_txttotal' is: '10'

2018-06-09 21:43:03 - [MESSAGE][PASSED] - Attribute 'value' of object 'Object Repository/HealthpostToStore/Page_Store/input_txttotal' is: '10'

2018-06-09 21:43:03 - [TEST_STEP][PASSED] - Statement - out.println("Requested QTY : " + RequestedQty): null

2018-06-09 21:43:03 - [TEST_STEP][PASSED] - Statement - BatchNumber = com.kms.katalon.core.webui.keyword.WebUiBuiltInKeywords.getNumberOfTotalOption(com.kms.katalon.core.testobject.ObjectRepository.findTestObject(HealthpostToStore/Page_Store/select_--Select--BA1170BA2376B)): 3 options of object 'Object Repository/HealthpostToStore/Page_Store/select_--Select--BA1170BA2376B' counted

2018-06-09 21:43:03 - [MESSAGE][PASSED] - 3 options of object 'Object Repository/HealthpostToStore/Page_Store/select_--Select--BA1170BA2376B' counted

2018-06-09 21:43:03 - [TEST_STEP][PASSED] - Statement - For ([g = 1, g <= BatchNumber - 1, (g++)]): null

2018-06-09 21:43:03 - [TEST_STEP][PASSED] - selectOptionByIndex: All options with index in [1] are selected on object 'Object Repository/HealthpostToStore/Page_Store/select_--Select--BA1170BA2376B'

2018-06-09 21:43:03 - [MESSAGE][PASSED] - All options with index in [1] are selected on object 'Object Repository/HealthpostToStore/Page_Store/select_--Select--BA1170BA2376B'

2018-06-09 21:43:03 - [TEST_STEP][PASSED] - Statement - Try: null

2018-06-09 21:43:03 - [TEST_STEP][PASSED] - Statement - StockQty = com.kms.katalon.core.webui.keyword.WebUiBuiltInKeywords.getAttribute(com.kms.katalon.core.testobject.ObjectRepository.findTestObject(HealthpostToStore/Page_Store/input_txtprice), "value"): Attribute 'value' of object 'Object Repository/HealthpostToStore/Page_Store/input_txtprice' is: '520'

2018-06-09 21:43:03 - [MESSAGE][PASSED] - Attribute 'value' of object 'Object Repository/HealthpostToStore/Page_Store/input_txtprice' is: '520'

2018-06-09 21:43:03 - [TEST_STEP][PASSED] - Statement - out.println("Stock QTY : " + StockQty): null

2018-06-09 21:43:03 - [TEST_STEP][PASSED] - delay: Delayed 2 second(s)

2018-06-09 21:43:05 - [MESSAGE][PASSED] - Delayed 2 second(s)

2018-06-09 21:43:05 - [TEST_STEP][PASSED] - Statement - If (java.lang.String.valueOf(StockQty) >= java.lang.String.valueOf(RequestedQty)): null

2018-06-09 21:43:05 - [TEST_STEP][PASSED] - setText: Text '10' is set on object 'Object Repository/HealthpostToStore/Page_Store/input_txtqty'

2018-06-09 21:43:05 - [MESSAGE][PASSED] - Text '10' is set on object 'Object Repository/HealthpostToStore/Page_Store/input_txtqty'

2018-06-09 21:43:05 - [TEST_STEP][PASSED] - click: Object: 'Object Repository/HealthpostToStore/Page_Store/button_Add' is clicked on

2018-06-09 21:43:05 - [MESSAGE][PASSED] - Object: 'Object Repository/HealthpostToStore/Page_Store/button_Add' is clicked on

2018-06-09 21:43:05 - [TEST_STEP][PASSED] - Statement - Break: null

2018-06-09 21:43:05 - [TEST_STEP][PASSED] - selectOptionByIndex: All options with index in [48] are selected on object 'Object Repository/HealthpostToStore/Page_Store/select_--Select--Adernaline 0.'

2018-06-09 21:43:06 - [MESSAGE][PASSED] - All options with index in [48] are selected on object 'Object Repository/HealthpostToStore/Page_Store/select_--Select--Adernaline 0.'

2018-06-09 21:43:06 - [TEST_STEP][PASSED] - delay: Delayed 2 second(s)

2018-06-09 21:43:08 - [MESSAGE][PASSED] - Delayed 2 second(s)

2018-06-09 21:43:08 - [TEST_STEP][PASSED] - Statement - RequestedQty = com.kms.katalon.core.webui.keyword.WebUiBuiltInKeywords.getAttribute(com.kms.katalon.core.testobject.ObjectRepository.findTestObject(HealthpostToStore/Page_Store/input_txttotal), "value"): Attribute 'value' of object 'Object Repository/HealthpostToStore/Page_Store/input_txttotal' is: '10'

2018-06-09 21:43:08 - [MESSAGE][PASSED] - Attribute 'value' of object 'Object Repository/HealthpostToStore/Page_Store/input_txttotal' is: '10'

2018-06-09 21:43:08 - [TEST_STEP][PASSED] - Statement - out.println("Requested QTY : " + RequestedQty): null

2018-06-09 21:43:08 - [TEST_STEP][PASSED] - Statement - BatchNumber = com.kms.katalon.core.webui.keyword.WebUiBuiltInKeywords.getNumberOfTotalOption(com.kms.katalon.core.testobject.ObjectRepository.findTestObject(HealthpostToStore/Page_Store/select_--Select--BA1170BA2376B)): 4 options of object 'Object Repository/HealthpostToStore/Page_Store/select_--Select--BA1170BA2376B' counted

2018-06-09 21:43:08 - [MESSAGE][PASSED] - 4 options of object 'Object Repository/HealthpostToStore/Page_Store/select_--Select--BA1170BA2376B' counted

2018-06-09 21:43:08 - [TEST_STEP][PASSED] - Statement - For ([g = 1, g <= BatchNumber - 1, (g++)]): null

2018-06-09 21:43:08 - [TEST_STEP][PASSED] - selectOptionByIndex: All options with index in [1] are selected on object 'Object Repository/HealthpostToStore/Page_Store/select_--Select--BA1170BA2376B'

2018-06-09 21:43:08 - [MESSAGE][PASSED] - All options with index in [1] are selected on object 'Object Repository/HealthpostToStore/Page_Store/select_--Select--BA1170BA2376B'

2018-06-09 21:43:08 - [TEST_STEP][PASSED] - Statement - Try: null

2018-06-09 21:43:08 - [TEST_STEP][PASSED] - Statement - StockQty = com.kms.katalon.core.webui.keyword.WebUiBuiltInKeywords.getAttribute(com.kms.katalon.core.testobject.ObjectRepository.findTestObject(HealthpostToStore/Page_Store/input_txtprice), "value"): Attribute 'value' of object 'Object Repository/HealthpostToStore/Page_Store/input_txtprice' is: ''

2018-06-09 21:43:08 - [MESSAGE][PASSED] - Attribute 'value' of object 'Object Repository/HealthpostToStore/Page_Store/input_txtprice' is: ''

2018-06-09 21:43:08 - [TEST_STEP][PASSED] - Statement - out.println("Stock QTY : " + StockQty): null

2018-06-09 21:43:08 - [TEST_STEP][PASSED] - delay: Delayed 2 second(s)

2018-06-09 21:43:10 - [MESSAGE][PASSED] - Delayed 2 second(s)

2018-06-09 21:43:10 - [TEST_STEP][PASSED] - Statement - If (java.lang.String.valueOf(StockQty) >= java.lang.String.valueOf(RequestedQty)): null

2018-06-09 21:43:10 - [TEST_STEP][PASSED] - Statement - Else: null

2018-06-09 21:43:10 - [TEST_STEP][PASSED] - Statement - out.println("Stock Is Less Than Requested Qty"): null

2018-06-09 21:43:10 - [TEST_STEP][PASSED] - selectOptionByIndex: All options with index in [2] are selected on object 'Object Repository/HealthpostToStore/Page_Store/select_--Select--BA1170BA2376B'

2018-06-09 21:43:10 - [MESSAGE][PASSED] - All options with index in [2] are selected on object 'Object Repository/HealthpostToStore/Page_Store/select_--Select--BA1170BA2376B'

2018-06-09 21:43:10 - [TEST_STEP][PASSED] - Statement - Try: null

2018-06-09 21:43:10 - [TEST_STEP][PASSED] - Statement - StockQty = com.kms.katalon.core.webui.keyword.WebUiBuiltInKeywords.getAttribute(com.kms.katalon.core.testobject.ObjectRepository.findTestObject(HealthpostToStore/Page_Store/input_txtprice), "value"): Attribute 'value' of object 'Object Repository/HealthpostToStore/Page_Store/input_txtprice' is: '960'

2018-06-09 21:43:10 - [MESSAGE][PASSED] - Attribute 'value' of object 'Object Repository/HealthpostToStore/Page_Store/input_txtprice' is: '960'

2018-06-09 21:43:10 - [TEST_STEP][PASSED] - Statement - out.println("Stock QTY : " + StockQty): null

2018-06-09 21:43:10 - [TEST_STEP][PASSED] - delay: Delayed 2 second(s)

2018-06-09 21:43:12 - [MESSAGE][PASSED] - Delayed 2 second(s)

2018-06-09 21:43:12 - [TEST_STEP][PASSED] - Statement - If (java.lang.String.valueOf(StockQty) >= java.lang.String.valueOf(RequestedQty)): null

2018-06-09 21:43:12 - [TEST_STEP][PASSED] - setText: Text '10' is set on object 'Object Repository/HealthpostToStore/Page_Store/input_txtqty'

2018-06-09 21:43:12 - [MESSAGE][PASSED] - Text '10' is set on object 'Object Repository/HealthpostToStore/Page_Store/input_txtqty'

2018-06-09 21:43:12 - [TEST_STEP][PASSED] - click: Object: 'Object Repository/HealthpostToStore/Page_Store/button_Add' is clicked on

2018-06-09 21:43:12 - [MESSAGE][PASSED] - Object: 'Object Repository/HealthpostToStore/Page_Store/button_Add' is clicked on

2018-06-09 21:43:12 - [TEST_STEP][PASSED] - Statement - Break: null

2018-06-09 21:43:12 - [TEST_STEP][PASSED] - selectOptionByIndex: All options with index in [49] are selected on object 'Object Repository/HealthpostToStore/Page_Store/select_--Select--Adernaline 0.'

2018-06-09 21:43:13 - [MESSAGE][PASSED] - All options with index in [49] are selected on object 'Object Repository/HealthpostToStore/Page_Store/select_--Select--Adernaline 0.'

2018-06-09 21:43:13 - [TEST_STEP][PASSED] - delay: Delayed 2 second(s)

2018-06-09 21:43:15 - [MESSAGE][PASSED] - Delayed 2 second(s)

2018-06-09 21:43:15 - [TEST_STEP][PASSED] - Statement - RequestedQty = com.kms.katalon.core.webui.keyword.WebUiBuiltInKeywords.getAttribute(com.kms.katalon.core.testobject.ObjectRepository.findTestObject(HealthpostToStore/Page_Store/input_txttotal), "value"): Attribute 'value' of object 'Object Repository/HealthpostToStore/Page_Store/input_txttotal' is: '10'

2018-06-09 21:43:15 - [MESSAGE][PASSED] - Attribute 'value' of object 'Object Repository/HealthpostToStore/Page_Store/input_txttotal' is: '10'

2018-06-09 21:43:15 - [TEST_STEP][PASSED] - Statement - out.println("Requested QTY : " + RequestedQty): null

2018-06-09 21:43:15 - [TEST_STEP][PASSED] - Statement - BatchNumber = com.kms.katalon.core.webui.keyword.WebUiBuiltInKeywords.getNumberOfTotalOption(com.kms.katalon.core.testobject.ObjectRepository.findTestObject(HealthpostToStore/Page_Store/select_--Select--BA1170BA2376B)): 2 options of object 'Object Repository/HealthpostToStore/Page_Store/select_--Select--BA1170BA2376B' counted

2018-06-09 21:43:15 - [MESSAGE][PASSED] - 2 options of object 'Object Repository/HealthpostToStore/Page_Store/select_--Select--BA1170BA2376B' counted

2018-06-09 21:43:15 - [TEST_STEP][PASSED] - Statement - For ([g = 1, g <= BatchNumber - 1, (g++)]): null

2018-06-09 21:43:15 - [TEST_STEP][PASSED] - selectOptionByIndex: All options with index in [1] are selected on object 'Object Repository/HealthpostToStore/Page_Store/select_--Select--BA1170BA2376B'

2018-06-09 21:43:15 - [MESSAGE][PASSED] - All options with index in [1] are selected on object 'Object Repository/HealthpostToStore/Page_Store/select_--Select--BA1170BA2376B'

2018-06-09 21:43:15 - [TEST_STEP][PASSED] - Statement - Try: null

2018-06-09 21:43:15 - [TEST_STEP][PASSED] - Statement - StockQty = com.kms.katalon.core.webui.keyword.WebUiBuiltInKeywords.getAttribute(com.kms.katalon.core.testobject.ObjectRepository.findTestObject(HealthpostToStore/Page_Store/input_txtprice), "value"): Attribute 'value' of object 'Object Repository/HealthpostToStore/Page_Store/input_txtprice' is: '1980'

2018-06-09 21:43:15 - [MESSAGE][PASSED] - Attribute 'value' of object 'Object Repository/HealthpostToStore/Page_Store/input_txtprice' is: '1980'

2018-06-09 21:43:15 - [TEST_STEP][PASSED] - Statement - out.println("Stock QTY : " + StockQty): null

2018-06-09 21:43:15 - [TEST_STEP][PASSED] - delay: Delayed 2 second(s)

2018-06-09 21:43:17 - [MESSAGE][PASSED] - Delayed 2 second(s)

2018-06-09 21:43:17 - [TEST_STEP][PASSED] - Statement - If (java.lang.String.valueOf(StockQty) >= java.lang.String.valueOf(RequestedQty)): null

2018-06-09 21:43:17 - [TEST_STEP][PASSED] - setText: Text '10' is set on object 'Object Repository/HealthpostToStore/Page_Store/input_txtqty'

2018-06-09 21:43:17 - [MESSAGE][PASSED] - Text '10' is set on object 'Object Repository/HealthpostToStore/Page_Store/input_txtqty'

2018-06-09 21:43:17 - [TEST_STEP][PASSED] - click: Object: 'Object Repository/HealthpostToStore/Page_Store/button_Add' is clicked on

2018-06-09 21:43:17 - [MESSAGE][PASSED] - Object: 'Object Repository/HealthpostToStore/Page_Store/button_Add' is clicked on

2018-06-09 21:43:17 - [TEST_STEP][PASSED] - Statement - Break: null

2018-06-09 21:43:17 - [TEST_STEP][PASSED] - selectOptionByIndex: All options with index in [50] are selected on object 'Object Repository/HealthpostToStore/Page_Store/select_--Select--Adernaline 0.'

2018-06-09 21:43:18 - [MESSAGE][PASSED] - All options with index in [50] are selected on object 'Object Repository/HealthpostToStore/Page_Store/select_--Select--Adernaline 0.'

2018-06-09 21:43:18 - [TEST_STEP][PASSED] - delay: Delayed 2 second(s)

2018-06-09 21:43:20 - [MESSAGE][PASSED] - Delayed 2 second(s)

2018-06-09 21:43:20 - [TEST_STEP][PASSED] - Statement - RequestedQty = com.kms.katalon.core.webui.keyword.WebUiBuiltInKeywords.getAttribute(com.kms.katalon.core.testobject.ObjectRepository.findTestObject(HealthpostToStore/Page_Store/input_txttotal), "value"): Attribute 'value' of object 'Object Repository/HealthpostToStore/Page_Store/input_txttotal' is: '10'

2018-06-09 21:43:20 - [MESSAGE][PASSED] - Attribute 'value' of object 'Object Repository/HealthpostToStore/Page_Store/input_txttotal' is: '10'

2018-06-09 21:43:20 - [TEST_STEP][PASSED] - Statement - out.println("Requested QTY : " + RequestedQty): null

2018-06-09 21:43:20 - [TEST_STEP][PASSED] - Statement - BatchNumber = com.kms.katalon.core.webui.keyword.WebUiBuiltInKeywords.getNumberOfTotalOption(com.kms.katalon.core.testobject.ObjectRepository.findTestObject(HealthpostToStore/Page_Store/select_--Select--BA1170BA2376B)): 3 options of object 'Object Repository/HealthpostToStore/Page_Store/select_--Select--BA1170BA2376B' counted

2018-06-09 21:43:20 - [MESSAGE][PASSED] - 3 options of object 'Object Repository/HealthpostToStore/Page_Store/select_--Select--BA1170BA2376B' counted

2018-06-09 21:43:20 - [TEST_STEP][PASSED] - Statement - For ([g = 1, g <= BatchNumber - 1, (g++)]): null

2018-06-09 21:43:20 - [TEST_STEP][PASSED] - selectOptionByIndex: All options with index in [1] are selected on object 'Object Repository/HealthpostToStore/Page_Store/select_--Select--BA1170BA2376B'

2018-06-09 21:43:20 - [MESSAGE][PASSED] - All options with index in [1] are selected on object 'Object Repository/HealthpostToStore/Page_Store/select_--Select--BA1170BA2376B'

2018-06-09 21:43:20 - [TEST_STEP][PASSED] - Statement - Try: null

2018-06-09 21:43:20 - [TEST_STEP][PASSED] - Statement - StockQty = com.kms.katalon.core.webui.keyword.WebUiBuiltInKeywords.getAttribute(com.kms.katalon.core.testobject.ObjectRepository.findTestObject(HealthpostToStore/Page_Store/input_txtprice), "value"): Attribute 'value' of object 'Object Repository/HealthpostToStore/Page_Store/input_txtprice' is: '820'

2018-06-09 21:43:20 - [MESSAGE][PASSED] - Attribute 'value' of object 'Object Repository/HealthpostToStore/Page_Store/input_txtprice' is: '820'

2018-06-09 21:43:20 - [TEST_STEP][PASSED] - Statement - out.println("Stock QTY : " + StockQty): null

2018-06-09 21:43:20 - [TEST_STEP][PASSED] - delay: Delayed 2 second(s)

2018-06-09 21:43:22 - [MESSAGE][PASSED] - Delayed 2 second(s)

2018-06-09 21:43:22 - [TEST_STEP][PASSED] - Statement - If (java.lang.String.valueOf(StockQty) >= java.lang.String.valueOf(RequestedQty)): null

2018-06-09 21:43:22 - [TEST_STEP][PASSED] - setText: Text '10' is set on object 'Object Repository/HealthpostToStore/Page_Store/input_txtqty'

2018-06-09 21:43:22 - [MESSAGE][PASSED] - Text '10' is set on object 'Object Repository/HealthpostToStore/Page_Store/input_txtqty'

2018-06-09 21:43:22 - [TEST_STEP][PASSED] - click: Object: 'Object Repository/HealthpostToStore/Page_Store/button_Add' is clicked on

2018-06-09 21:43:22 - [MESSAGE][PASSED] - Object: 'Object Repository/HealthpostToStore/Page_Store/button_Add' is clicked on

2018-06-09 21:43:22 - [TEST_STEP][PASSED] - Statement - Break: null

2018-06-09 21:43:22 - [TEST_STEP][PASSED] - selectOptionByIndex: All options with index in [51] are selected on object 'Object Repository/HealthpostToStore/Page_Store/select_--Select--Adernaline 0.'

2018-06-09 21:43:23 - [MESSAGE][PASSED] - All options with index in [51] are selected on object 'Object Repository/HealthpostToStore/Page_Store/select_--Select--Adernaline 0.'

2018-06-09 21:43:23 - [TEST_STEP][PASSED] - delay: Delayed 2 second(s)

2018-06-09 21:43:25 - [MESSAGE][PASSED] - Delayed 2 second(s)

2018-06-09 21:43:25 - [TEST_STEP][PASSED] - Statement - RequestedQty = com.kms.katalon.core.webui.keyword.WebUiBuiltInKeywords.getAttribute(com.kms.katalon.core.testobject.ObjectRepository.findTestObject(HealthpostToStore/Page_Store/input_txttotal), "value"): Attribute 'value' of object 'Object Repository/HealthpostToStore/Page_Store/input_txttotal' is: '10'

2018-06-09 21:43:25 - [MESSAGE][PASSED] - Attribute 'value' of object 'Object Repository/HealthpostToStore/Page_Store/input_txttotal' is: '10'

2018-06-09 21:43:25 - [TEST_STEP][PASSED] - Statement - out.println("Requested QTY : " + RequestedQty): null

2018-06-09 21:43:25 - [TEST_STEP][PASSED] - Statement - BatchNumber = com.kms.katalon.core.webui.keyword.WebUiBuiltInKeywords.getNumberOfTotalOption(com.kms.katalon.core.testobject.ObjectRepository.findTestObject(HealthpostToStore/Page_Store/select_--Select--BA1170BA2376B)): 3 options of object 'Object Repository/HealthpostToStore/Page_Store/select_--Select--BA1170BA2376B' counted

2018-06-09 21:43:25 - [MESSAGE][PASSED] - 3 options of object 'Object Repository/HealthpostToStore/Page_Store/select_--Select--BA1170BA2376B' counted

2018-06-09 21:43:25 - [TEST_STEP][PASSED] - Statement - For ([g = 1, g <= BatchNumber - 1, (g++)]): null

2018-06-09 21:43:25 - [TEST_STEP][PASSED] - selectOptionByIndex: All options with index in [1] are selected on object 'Object Repository/HealthpostToStore/Page_Store/select_--Select--BA1170BA2376B'

2018-06-09 21:43:25 - [MESSAGE][PASSED] - All options with index in [1] are selected on object 'Object Repository/HealthpostToStore/Page_Store/select_--Select--BA1170BA2376B'

2018-06-09 21:43:25 - [TEST_STEP][PASSED] - Statement - Try: null

2018-06-09 21:43:25 - [TEST_STEP][PASSED] - Statement - StockQty = com.kms.katalon.core.webui.keyword.WebUiBuiltInKeywords.getAttribute(com.kms.katalon.core.testobject.ObjectRepository.findTestObject(HealthpostToStore/Page_Store/input_txtprice), "value"): Attribute 'value' of object 'Object Repository/HealthpostToStore/Page_Store/input_txtprice' is: '830'

2018-06-09 21:43:25 - [MESSAGE][PASSED] - Attribute 'value' of object 'Object Repository/HealthpostToStore/Page_Store/input_txtprice' is: '830'

2018-06-09 21:43:25 - [TEST_STEP][PASSED] - Statement - out.println("Stock QTY : " + StockQty): null

2018-06-09 21:43:25 - [TEST_STEP][PASSED] - delay: Delayed 2 second(s)

2018-06-09 21:43:27 - [MESSAGE][PASSED] - Delayed 2 second(s)

2018-06-09 21:43:27 - [TEST_STEP][PASSED] - Statement - If (java.lang.String.valueOf(StockQty) >= java.lang.String.valueOf(RequestedQty)): null

2018-06-09 21:43:27 - [TEST_STEP][PASSED] - setText: Text '10' is set on object 'Object Repository/HealthpostToStore/Page_Store/input_txtqty'

2018-06-09 21:43:27 - [MESSAGE][PASSED] - Text '10' is set on object 'Object Repository/HealthpostToStore/Page_Store/input_txtqty'

2018-06-09 21:43:27 - [TEST_STEP][PASSED] - click: Object: 'Object Repository/HealthpostToStore/Page_Store/button_Add' is clicked on

2018-06-09 21:43:27 - [MESSAGE][PASSED] - Object: 'Object Repository/HealthpostToStore/Page_Store/button_Add' is clicked on

2018-06-09 21:43:27 - [TEST_STEP][PASSED] - Statement - Break: null

2018-06-09 21:43:27 - [TEST_STEP][PASSED] - selectOptionByIndex: All options with index in [52] are selected on object 'Object Repository/HealthpostToStore/Page_Store/select_--Select--Adernaline 0.'

2018-06-09 21:43:28 - [MESSAGE][PASSED] - All options with index in [52] are selected on object 'Object Repository/HealthpostToStore/Page_Store/select_--Select--Adernaline 0.'

2018-06-09 21:43:28 - [TEST_STEP][PASSED] - delay: Delayed 2 second(s)

2018-06-09 21:43:30 - [MESSAGE][PASSED] - Delayed 2 second(s)

2018-06-09 21:43:30 - [TEST_STEP][PASSED] - Statement - RequestedQty = com.kms.katalon.core.webui.keyword.WebUiBuiltInKeywords.getAttribute(com.kms.katalon.core.testobject.ObjectRepository.findTestObject(HealthpostToStore/Page_Store/input_txttotal), "value"): Attribute 'value' of object 'Object Repository/HealthpostToStore/Page_Store/input_txttotal' is: '10'

2018-06-09 21:43:30 - [MESSAGE][PASSED] - Attribute 'value' of object 'Object Repository/HealthpostToStore/Page_Store/input_txttotal' is: '10'

2018-06-09 21:43:30 - [TEST_STEP][PASSED] - Statement - out.println("Requested QTY : " + RequestedQty): null

2018-06-09 21:43:30 - [TEST_STEP][PASSED] - Statement - BatchNumber = com.kms.katalon.core.webui.keyword.WebUiBuiltInKeywords.getNumberOfTotalOption(com.kms.katalon.core.testobject.ObjectRepository.findTestObject(HealthpostToStore/Page_Store/select_--Select--BA1170BA2376B)): 3 options of object 'Object Repository/HealthpostToStore/Page_Store/select_--Select--BA1170BA2376B' counted

2018-06-09 21:43:30 - [MESSAGE][PASSED] - 3 options of object 'Object Repository/HealthpostToStore/Page_Store/select_--Select--BA1170BA2376B' counted

2018-06-09 21:43:30 - [TEST_STEP][PASSED] - Statement - For ([g = 1, g <= BatchNumber - 1, (g++)]): null

2018-06-09 21:43:30 - [TEST_STEP][PASSED] - selectOptionByIndex: All options with index in [1] are selected on object 'Object Repository/HealthpostToStore/Page_Store/select_--Select--BA1170BA2376B'

2018-06-09 21:43:30 - [MESSAGE][PASSED] - All options with index in [1] are selected on object 'Object Repository/HealthpostToStore/Page_Store/select_--Select--BA1170BA2376B'

2018-06-09 21:43:30 - [TEST_STEP][PASSED] - Statement - Try: null

2018-06-09 21:43:30 - [TEST_STEP][PASSED] - Statement - StockQty = com.kms.katalon.core.webui.keyword.WebUiBuiltInKeywords.getAttribute(com.kms.katalon.core.testobject.ObjectRepository.findTestObject(HealthpostToStore/Page_Store/input_txtprice), "value"): Attribute 'value' of object 'Object Repository/HealthpostToStore/Page_Store/input_txtprice' is: '820'

2018-06-09 21:43:30 - [MESSAGE][PASSED] - Attribute 'value' of object 'Object Repository/HealthpostToStore/Page_Store/input_txtprice' is: '820'

2018-06-09 21:43:30 - [TEST_STEP][PASSED] - Statement - out.println("Stock QTY : " + StockQty): null

2018-06-09 21:43:30 - [TEST_STEP][PASSED] - delay: Delayed 2 second(s)

2018-06-09 21:43:32 - [MESSAGE][PASSED] - Delayed 2 second(s)

2018-06-09 21:43:32 - [TEST_STEP][PASSED] - Statement - If (java.lang.String.valueOf(StockQty) >= java.lang.String.valueOf(RequestedQty)): null

2018-06-09 21:43:32 - [TEST_STEP][PASSED] - setText: Text '10' is set on object 'Object Repository/HealthpostToStore/Page_Store/input_txtqty'

2018-06-09 21:43:32 - [MESSAGE][PASSED] - Text '10' is set on object 'Object Repository/HealthpostToStore/Page_Store/input_txtqty'

2018-06-09 21:43:32 - [TEST_STEP][PASSED] - click: Object: 'Object Repository/HealthpostToStore/Page_Store/button_Add' is clicked on

2018-06-09 21:43:32 - [MESSAGE][PASSED] - Object: 'Object Repository/HealthpostToStore/Page_Store/button_Add' is clicked on

2018-06-09 21:43:32 - [TEST_STEP][PASSED] - Statement - Break: null

2018-06-09 21:43:32 - [TEST_STEP][PASSED] - selectOptionByIndex: All options with index in [53] are selected on object 'Object Repository/HealthpostToStore/Page_Store/select_--Select--Adernaline 0.'

2018-06-09 21:43:33 - [MESSAGE][PASSED] - All options with index in [53] are selected on object 'Object Repository/HealthpostToStore/Page_Store/select_--Select--Adernaline 0.'

2018-06-09 21:43:33 - [TEST_STEP][PASSED] - delay: Delayed 2 second(s)

2018-06-09 21:43:35 - [MESSAGE][PASSED] - Delayed 2 second(s)

2018-06-09 21:43:35 - [TEST_STEP][PASSED] - Statement - RequestedQty = com.kms.katalon.core.webui.keyword.WebUiBuiltInKeywords.getAttribute(com.kms.katalon.core.testobject.ObjectRepository.findTestObject(HealthpostToStore/Page_Store/input_txttotal), "value"): Attribute 'value' of object 'Object Repository/HealthpostToStore/Page_Store/input_txttotal' is: '10'

2018-06-09 21:43:35 - [MESSAGE][PASSED] - Attribute 'value' of object 'Object Repository/HealthpostToStore/Page_Store/input_txttotal' is: '10'

2018-06-09 21:43:35 - [TEST_STEP][PASSED] - Statement - out.println("Requested QTY : " + RequestedQty): null

2018-06-09 21:43:35 - [TEST_STEP][PASSED] - Statement - BatchNumber = com.kms.katalon.core.webui.keyword.WebUiBuiltInKeywords.getNumberOfTotalOption(com.kms.katalon.core.testobject.ObjectRepository.findTestObject(HealthpostToStore/Page_Store/select_--Select--BA1170BA2376B)): 3 options of object 'Object Repository/HealthpostToStore/Page_Store/select_--Select--BA1170BA2376B' counted

2018-06-09 21:43:35 - [MESSAGE][PASSED] - 3 options of object 'Object Repository/HealthpostToStore/Page_Store/select_--Select--BA1170BA2376B' counted

2018-06-09 21:43:35 - [TEST_STEP][PASSED] - Statement - For ([g = 1, g <= BatchNumber - 1, (g++)]): null

2018-06-09 21:43:35 - [TEST_STEP][PASSED] - selectOptionByIndex: All options with index in [1] are selected on object 'Object Repository/HealthpostToStore/Page_Store/select_--Select--BA1170BA2376B'

2018-06-09 21:43:35 - [MESSAGE][PASSED] - All options with index in [1] are selected on object 'Object Repository/HealthpostToStore/Page_Store/select_--Select--BA1170BA2376B'

2018-06-09 21:43:35 - [TEST_STEP][PASSED] - Statement - Try: null

2018-06-09 21:43:35 - [TEST_STEP][PASSED] - Statement - StockQty = com.kms.katalon.core.webui.keyword.WebUiBuiltInKeywords.getAttribute(com.kms.katalon.core.testobject.ObjectRepository.findTestObject(HealthpostToStore/Page_Store/input_txtprice), "value"): Attribute 'value' of object 'Object Repository/HealthpostToStore/Page_Store/input_txtprice' is: '450'

2018-06-09 21:43:35 - [MESSAGE][PASSED] - Attribute 'value' of object 'Object Repository/HealthpostToStore/Page_Store/input_txtprice' is: '450'

2018-06-09 21:43:35 - [TEST_STEP][PASSED] - Statement - out.println("Stock QTY : " + StockQty): null

2018-06-09 21:43:35 - [TEST_STEP][PASSED] - delay: Delayed 2 second(s)

2018-06-09 21:43:37 - [MESSAGE][PASSED] - Delayed 2 second(s)

2018-06-09 21:43:37 - [TEST_STEP][PASSED] - Statement - If (java.lang.String.valueOf(StockQty) >= java.lang.String.valueOf(RequestedQty)): null

2018-06-09 21:43:37 - [TEST_STEP][PASSED] - setText: Text '10' is set on object 'Object Repository/HealthpostToStore/Page_Store/input_txtqty'

2018-06-09 21:43:37 - [MESSAGE][PASSED] - Text '10' is set on object 'Object Repository/HealthpostToStore/Page_Store/input_txtqty'

2018-06-09 21:43:37 - [TEST_STEP][PASSED] - click: Object: 'Object Repository/HealthpostToStore/Page_Store/button_Add' is clicked on

2018-06-09 21:43:37 - [MESSAGE][PASSED] - Object: 'Object Repository/HealthpostToStore/Page_Store/button_Add' is clicked on

2018-06-09 21:43:37 - [TEST_STEP][PASSED] - Statement - Break: null

2018-06-09 21:43:37 - [TEST_STEP][PASSED] - selectOptionByIndex: All options with index in [54] are selected on object 'Object Repository/HealthpostToStore/Page_Store/select_--Select--Adernaline 0.'

2018-06-09 21:43:38 - [MESSAGE][PASSED] - All options with index in [54] are selected on object 'Object Repository/HealthpostToStore/Page_Store/select_--Select--Adernaline 0.'

2018-06-09 21:43:38 - [TEST_STEP][PASSED] - delay: Delayed 2 second(s)

2018-06-09 21:43:40 - [MESSAGE][PASSED] - Delayed 2 second(s)

2018-06-09 21:43:40 - [TEST_STEP][PASSED] - Statement - RequestedQty = com.kms.katalon.core.webui.keyword.WebUiBuiltInKeywords.getAttribute(com.kms.katalon.core.testobject.ObjectRepository.findTestObject(HealthpostToStore/Page_Store/input_txttotal), "value"): Attribute 'value' of object 'Object Repository/HealthpostToStore/Page_Store/input_txttotal' is: '10'

2018-06-09 21:43:40 - [MESSAGE][PASSED] - Attribute 'value' of object 'Object Repository/HealthpostToStore/Page_Store/input_txttotal' is: '10'

2018-06-09 21:43:40 - [TEST_STEP][PASSED] - Statement - out.println("Requested QTY : " + RequestedQty): null

2018-06-09 21:43:40 - [TEST_STEP][PASSED] - Statement - BatchNumber = com.kms.katalon.core.webui.keyword.WebUiBuiltInKeywords.getNumberOfTotalOption(com.kms.katalon.core.testobject.ObjectRepository.findTestObject(HealthpostToStore/Page_Store/select_--Select--BA1170BA2376B)): 3 options of object 'Object Repository/HealthpostToStore/Page_Store/select_--Select--BA1170BA2376B' counted

2018-06-09 21:43:40 - [MESSAGE][PASSED] - 3 options of object 'Object Repository/HealthpostToStore/Page_Store/select_--Select--BA1170BA2376B' counted

2018-06-09 21:43:40 - [TEST_STEP][PASSED] - Statement - For ([g = 1, g <= BatchNumber - 1, (g++)]): null

2018-06-09 21:43:40 - [TEST_STEP][PASSED] - selectOptionByIndex: All options with index in [1] are selected on object 'Object Repository/HealthpostToStore/Page_Store/select_--Select--BA1170BA2376B'

2018-06-09 21:43:40 - [MESSAGE][PASSED] - All options with index in [1] are selected on object 'Object Repository/HealthpostToStore/Page_Store/select_--Select--BA1170BA2376B'

2018-06-09 21:43:40 - [TEST_STEP][PASSED] - Statement - Try: null

2018-06-09 21:43:40 - [TEST_STEP][PASSED] - Statement - StockQty = com.kms.katalon.core.webui.keyword.WebUiBuiltInKeywords.getAttribute(com.kms.katalon.core.testobject.ObjectRepository.findTestObject(HealthpostToStore/Page_Store/input_txtprice), "value"): Attribute 'value' of object 'Object Repository/HealthpostToStore/Page_Store/input_txtprice' is: '450'

2018-06-09 21:43:40 - [MESSAGE][PASSED] - Attribute 'value' of object 'Object Repository/HealthpostToStore/Page_Store/input_txtprice' is: '450'

2018-06-09 21:43:40 - [TEST_STEP][PASSED] - Statement - out.println("Stock QTY : " + StockQty): null

2018-06-09 21:43:40 - [TEST_STEP][PASSED] - delay: Delayed 2 second(s)

2018-06-09 21:43:42 - [MESSAGE][PASSED] - Delayed 2 second(s)

2018-06-09 21:43:42 - [TEST_STEP][PASSED] - Statement - If (java.lang.String.valueOf(StockQty) >= java.lang.String.valueOf(RequestedQty)): null

2018-06-09 21:43:42 - [TEST_STEP][PASSED] - setText: Text '10' is set on object 'Object Repository/HealthpostToStore/Page_Store/input_txtqty'

2018-06-09 21:43:42 - [MESSAGE][PASSED] - Text '10' is set on object 'Object Repository/HealthpostToStore/Page_Store/input_txtqty'

2018-06-09 21:43:42 - [TEST_STEP][PASSED] - click: Object: 'Object Repository/HealthpostToStore/Page_Store/button_Add' is clicked on

2018-06-09 21:43:42 - [MESSAGE][PASSED] - Object: 'Object Repository/HealthpostToStore/Page_Store/button_Add' is clicked on

2018-06-09 21:43:42 - [TEST_STEP][PASSED] - Statement - Break: null

2018-06-09 21:43:42 - [TEST_STEP][PASSED] - selectOptionByIndex: All options with index in [55] are selected on object 'Object Repository/HealthpostToStore/Page_Store/select_--Select--Adernaline 0.'

2018-06-09 21:43:43 - [MESSAGE][PASSED] - All options with index in [55] are selected on object 'Object Repository/HealthpostToStore/Page_Store/select_--Select--Adernaline 0.'

2018-06-09 21:43:43 - [TEST_STEP][PASSED] - delay: Delayed 2 second(s)

2018-06-09 21:43:45 - [MESSAGE][PASSED] - Delayed 2 second(s)

2018-06-09 21:43:45 - [TEST_STEP][PASSED] - Statement - RequestedQty = com.kms.katalon.core.webui.keyword.WebUiBuiltInKeywords.getAttribute(com.kms.katalon.core.testobject.ObjectRepository.findTestObject(HealthpostToStore/Page_Store/input_txttotal), "value"): Attribute 'value' of object 'Object Repository/HealthpostToStore/Page_Store/input_txttotal' is: '10'

2018-06-09 21:43:45 - [MESSAGE][PASSED] - Attribute 'value' of object 'Object Repository/HealthpostToStore/Page_Store/input_txttotal' is: '10'

2018-06-09 21:43:45 - [TEST_STEP][PASSED] - Statement - out.println("Requested QTY : " + RequestedQty): null

2018-06-09 21:43:45 - [TEST_STEP][PASSED] - Statement - BatchNumber = com.kms.katalon.core.webui.keyword.WebUiBuiltInKeywords.getNumberOfTotalOption(com.kms.katalon.core.testobject.ObjectRepository.findTestObject(HealthpostToStore/Page_Store/select_--Select--BA1170BA2376B)): 4 options of object 'Object Repository/HealthpostToStore/Page_Store/select_--Select--BA1170BA2376B' counted

2018-06-09 21:43:45 - [MESSAGE][PASSED] - 4 options of object 'Object Repository/HealthpostToStore/Page_Store/select_--Select--BA1170BA2376B' counted

2018-06-09 21:43:45 - [TEST_STEP][PASSED] - Statement - For ([g = 1, g <= BatchNumber - 1, (g++)]): null

2018-06-09 21:43:45 - [TEST_STEP][PASSED] - selectOptionByIndex: All options with index in [1] are selected on object 'Object Repository/HealthpostToStore/Page_Store/select_--Select--BA1170BA2376B'

2018-06-09 21:43:45 - [MESSAGE][PASSED] - All options with index in [1] are selected on object 'Object Repository/HealthpostToStore/Page_Store/select_--Select--BA1170BA2376B'

2018-06-09 21:43:45 - [TEST_STEP][PASSED] - Statement - Try: null

2018-06-09 21:43:45 - [TEST_STEP][PASSED] - Statement - StockQty = com.kms.katalon.core.webui.keyword.WebUiBuiltInKeywords.getAttribute(com.kms.katalon.core.testobject.ObjectRepository.findTestObject(HealthpostToStore/Page_Store/input_txtprice), "value"): Attribute 'value' of object 'Object Repository/HealthpostToStore/Page_Store/input_txtprice' is: '450'

2018-06-09 21:43:45 - [MESSAGE][PASSED] - Attribute 'value' of object 'Object Repository/HealthpostToStore/Page_Store/input_txtprice' is: '450'

2018-06-09 21:43:45 - [TEST_STEP][PASSED] - Statement - out.println("Stock QTY : " + StockQty): null

2018-06-09 21:43:45 - [TEST_STEP][PASSED] - delay: Delayed 2 second(s)

2018-06-09 21:43:47 - [MESSAGE][PASSED] - Delayed 2 second(s)

2018-06-09 21:43:47 - [TEST_STEP][PASSED] - Statement - If (java.lang.String.valueOf(StockQty) >= java.lang.String.valueOf(RequestedQty)): null

2018-06-09 21:43:47 - [TEST_STEP][PASSED] - setText: Text '10' is set on object 'Object Repository/HealthpostToStore/Page_Store/input_txtqty'

2018-06-09 21:43:47 - [MESSAGE][PASSED] - Text '10' is set on object 'Object Repository/HealthpostToStore/Page_Store/input_txtqty'

2018-06-09 21:43:47 - [TEST_STEP][PASSED] - click: Object: 'Object Repository/HealthpostToStore/Page_Store/button_Add' is clicked on

2018-06-09 21:43:47 - [MESSAGE][PASSED] - Object: 'Object Repository/HealthpostToStore/Page_Store/button_Add' is clicked on

2018-06-09 21:43:47 - [TEST_STEP][PASSED] - Statement - Break: null

2018-06-09 21:43:47 - [TEST_STEP][PASSED] - selectOptionByIndex: All options with index in [56] are selected on object 'Object Repository/HealthpostToStore/Page_Store/select_--Select--Adernaline 0.'

2018-06-09 21:43:48 - [MESSAGE][PASSED] - All options with index in [56] are selected on object 'Object Repository/HealthpostToStore/Page_Store/select_--Select--Adernaline 0.'

2018-06-09 21:43:48 - [TEST_STEP][PASSED] - delay: Delayed 2 second(s)

2018-06-09 21:43:50 - [MESSAGE][PASSED] - Delayed 2 second(s)

2018-06-09 21:43:50 - [TEST_STEP][PASSED] - Statement - RequestedQty = com.kms.katalon.core.webui.keyword.WebUiBuiltInKeywords.getAttribute(com.kms.katalon.core.testobject.ObjectRepository.findTestObject(HealthpostToStore/Page_Store/input_txttotal), "value"): Attribute 'value' of object 'Object Repository/HealthpostToStore/Page_Store/input_txttotal' is: '10'

2018-06-09 21:43:50 - [MESSAGE][PASSED] - Attribute 'value' of object 'Object Repository/HealthpostToStore/Page_Store/input_txttotal' is: '10'

2018-06-09 21:43:50 - [TEST_STEP][PASSED] - Statement - out.println("Requested QTY : " + RequestedQty): null

2018-06-09 21:43:50 - [TEST_STEP][PASSED] - Statement - BatchNumber = com.kms.katalon.core.webui.keyword.WebUiBuiltInKeywords.getNumberOfTotalOption(com.kms.katalon.core.testobject.ObjectRepository.findTestObject(HealthpostToStore/Page_Store/select_--Select--BA1170BA2376B)): 3 options of object 'Object Repository/HealthpostToStore/Page_Store/select_--Select--BA1170BA2376B' counted

2018-06-09 21:43:50 - [MESSAGE][PASSED] - 3 options of object 'Object Repository/HealthpostToStore/Page_Store/select_--Select--BA1170BA2376B' counted

2018-06-09 21:43:50 - [TEST_STEP][PASSED] - Statement - For ([g = 1, g <= BatchNumber - 1, (g++)]): null

2018-06-09 21:43:50 - [TEST_STEP][PASSED] - selectOptionByIndex: All options with index in [1] are selected on object 'Object Repository/HealthpostToStore/Page_Store/select_--Select--BA1170BA2376B'

2018-06-09 21:43:50 - [MESSAGE][PASSED] - All options with index in [1] are selected on object 'Object Repository/HealthpostToStore/Page_Store/select_--Select--BA1170BA2376B'

2018-06-09 21:43:50 - [TEST_STEP][PASSED] - Statement - Try: null

2018-06-09 21:43:50 - [TEST_STEP][PASSED] - Statement - StockQty = com.kms.katalon.core.webui.keyword.WebUiBuiltInKeywords.getAttribute(com.kms.katalon.core.testobject.ObjectRepository.findTestObject(HealthpostToStore/Page_Store/input_txtprice), "value"): Attribute 'value' of object 'Object Repository/HealthpostToStore/Page_Store/input_txtprice' is: '820'

2018-06-09 21:43:50 - [MESSAGE][PASSED] - Attribute 'value' of object 'Object Repository/HealthpostToStore/Page_Store/input_txtprice' is: '820'

2018-06-09 21:43:50 - [TEST_STEP][PASSED] - Statement - out.println("Stock QTY : " + StockQty): null

2018-06-09 21:43:50 - [TEST_STEP][PASSED] - delay: Delayed 2 second(s)

2018-06-09 21:43:52 - [MESSAGE][PASSED] - Delayed 2 second(s)

2018-06-09 21:43:52 - [TEST_STEP][PASSED] - Statement - If (java.lang.String.valueOf(StockQty) >= java.lang.String.valueOf(RequestedQty)): null

2018-06-09 21:43:52 - [TEST_STEP][PASSED] - setText: Text '10' is set on object 'Object Repository/HealthpostToStore/Page_Store/input_txtqty'

2018-06-09 21:43:52 - [MESSAGE][PASSED] - Text '10' is set on object 'Object Repository/HealthpostToStore/Page_Store/input_txtqty'

2018-06-09 21:43:52 - [TEST_STEP][PASSED] - click: Object: 'Object Repository/HealthpostToStore/Page_Store/button_Add' is clicked on

2018-06-09 21:43:53 - [MESSAGE][PASSED] - Object: 'Object Repository/HealthpostToStore/Page_Store/button_Add' is clicked on

2018-06-09 21:43:53 - [TEST_STEP][PASSED] - Statement - Break: null

2018-06-09 21:43:53 - [TEST_STEP][PASSED] - selectOptionByIndex: All options with index in [57] are selected on object 'Object Repository/HealthpostToStore/Page_Store/select_--Select--Adernaline 0.'

2018-06-09 21:43:53 - [MESSAGE][PASSED] - All options with index in [57] are selected on object 'Object Repository/HealthpostToStore/Page_Store/select_--Select--Adernaline 0.'

2018-06-09 21:43:53 - [TEST_STEP][PASSED] - delay: Delayed 2 second(s)

2018-06-09 21:43:55 - [MESSAGE][PASSED] - Delayed 2 second(s)

2018-06-09 21:43:55 - [TEST_STEP][PASSED] - Statement - RequestedQty = com.kms.katalon.core.webui.keyword.WebUiBuiltInKeywords.getAttribute(com.kms.katalon.core.testobject.ObjectRepository.findTestObject(HealthpostToStore/Page_Store/input_txttotal), "value"): Attribute 'value' of object 'Object Repository/HealthpostToStore/Page_Store/input_txttotal' is: '10'

2018-06-09 21:43:55 - [MESSAGE][PASSED] - Attribute 'value' of object 'Object Repository/HealthpostToStore/Page_Store/input_txttotal' is: '10'

2018-06-09 21:43:55 - [TEST_STEP][PASSED] - Statement - out.println("Requested QTY : " + RequestedQty): null

2018-06-09 21:43:55 - [TEST_STEP][PASSED] - Statement - BatchNumber = com.kms.katalon.core.webui.keyword.WebUiBuiltInKeywords.getNumberOfTotalOption(com.kms.katalon.core.testobject.ObjectRepository.findTestObject(HealthpostToStore/Page_Store/select_--Select--BA1170BA2376B)): 3 options of object 'Object Repository/HealthpostToStore/Page_Store/select_--Select--BA1170BA2376B' counted

2018-06-09 21:43:55 - [MESSAGE][PASSED] - 3 options of object 'Object Repository/HealthpostToStore/Page_Store/select_--Select--BA1170BA2376B' counted

2018-06-09 21:43:55 - [TEST_STEP][PASSED] - Statement - For ([g = 1, g <= BatchNumber - 1, (g++)]): null

2018-06-09 21:43:55 - [TEST_STEP][PASSED] - selectOptionByIndex: All options with index in [1] are selected on object 'Object Repository/HealthpostToStore/Page_Store/select_--Select--BA1170BA2376B'

2018-06-09 21:43:55 - [MESSAGE][PASSED] - All options with index in [1] are selected on object 'Object Repository/HealthpostToStore/Page_Store/select_--Select--BA1170BA2376B'

2018-06-09 21:43:55 - [TEST_STEP][PASSED] - Statement - Try: null

2018-06-09 21:43:55 - [TEST_STEP][PASSED] - Statement - StockQty = com.kms.katalon.core.webui.keyword.WebUiBuiltInKeywords.getAttribute(com.kms.katalon.core.testobject.ObjectRepository.findTestObject(HealthpostToStore/Page_Store/input_txtprice), "value"): Attribute 'value' of object 'Object Repository/HealthpostToStore/Page_Store/input_txtprice' is: '1780'

2018-06-09 21:43:55 - [MESSAGE][PASSED] - Attribute 'value' of object 'Object Repository/HealthpostToStore/Page_Store/input_txtprice' is: '1780'

2018-06-09 21:43:55 - [TEST_STEP][PASSED] - Statement - out.println("Stock QTY : " + StockQty): null

2018-06-09 21:43:55 - [TEST_STEP][PASSED] - delay: Delayed 2 second(s)

2018-06-09 21:43:57 - [MESSAGE][PASSED] - Delayed 2 second(s)

2018-06-09 21:43:57 - [TEST_STEP][PASSED] - Statement - If (java.lang.String.valueOf(StockQty) >= java.lang.String.valueOf(RequestedQty)): null

2018-06-09 21:43:57 - [TEST_STEP][PASSED] - setText: Text '10' is set on object 'Object Repository/HealthpostToStore/Page_Store/input_txtqty'

2018-06-09 21:43:57 - [MESSAGE][PASSED] - Text '10' is set on object 'Object Repository/HealthpostToStore/Page_Store/input_txtqty'

2018-06-09 21:43:57 - [TEST_STEP][PASSED] - click: Object: 'Object Repository/HealthpostToStore/Page_Store/button_Add' is clicked on

2018-06-09 21:43:58 - [MESSAGE][PASSED] - Object: 'Object Repository/HealthpostToStore/Page_Store/button_Add' is clicked on

2018-06-09 21:43:58 - [TEST_STEP][PASSED] - Statement - Break: null

2018-06-09 21:43:58 - [TEST_STEP][PASSED] - selectOptionByIndex: All options with index in [58] are selected on object 'Object Repository/HealthpostToStore/Page_Store/select_--Select--Adernaline 0.'

2018-06-09 21:43:58 - [MESSAGE][PASSED] - All options with index in [58] are selected on object 'Object Repository/HealthpostToStore/Page_Store/select_--Select--Adernaline 0.'

2018-06-09 21:43:58 - [TEST_STEP][PASSED] - delay: Delayed 2 second(s)

2018-06-09 21:44:00 - [MESSAGE][PASSED] - Delayed 2 second(s)

2018-06-09 21:44:00 - [TEST_STEP][PASSED] - Statement - RequestedQty = com.kms.katalon.core.webui.keyword.WebUiBuiltInKeywords.getAttribute(com.kms.katalon.core.testobject.ObjectRepository.findTestObject(HealthpostToStore/Page_Store/input_txttotal), "value"): Attribute 'value' of object 'Object Repository/HealthpostToStore/Page_Store/input_txttotal' is: '10'

2018-06-09 21:44:00 - [MESSAGE][PASSED] - Attribute 'value' of object 'Object Repository/HealthpostToStore/Page_Store/input_txttotal' is: '10'

2018-06-09 21:44:00 - [TEST_STEP][PASSED] - Statement - out.println("Requested QTY : " + RequestedQty): null

2018-06-09 21:44:00 - [TEST_STEP][PASSED] - Statement - BatchNumber = com.kms.katalon.core.webui.keyword.WebUiBuiltInKeywords.getNumberOfTotalOption(com.kms.katalon.core.testobject.ObjectRepository.findTestObject(HealthpostToStore/Page_Store/select_--Select--BA1170BA2376B)): 3 options of object 'Object Repository/HealthpostToStore/Page_Store/select_--Select--BA1170BA2376B' counted

2018-06-09 21:44:00 - [MESSAGE][PASSED] - 3 options of object 'Object Repository/HealthpostToStore/Page_Store/select_--Select--BA1170BA2376B' counted

2018-06-09 21:44:00 - [TEST_STEP][PASSED] - Statement - For ([g = 1, g <= BatchNumber - 1, (g++)]): null

2018-06-09 21:44:00 - [TEST_STEP][PASSED] - selectOptionByIndex: All options with index in [1] are selected on object 'Object Repository/HealthpostToStore/Page_Store/select_--Select--BA1170BA2376B'

2018-06-09 21:44:00 - [MESSAGE][PASSED] - All options with index in [1] are selected on object 'Object Repository/HealthpostToStore/Page_Store/select_--Select--BA1170BA2376B'

2018-06-09 21:44:00 - [TEST_STEP][PASSED] - Statement - Try: null

2018-06-09 21:44:00 - [TEST_STEP][PASSED] - Statement - StockQty = com.kms.katalon.core.webui.keyword.WebUiBuiltInKeywords.getAttribute(com.kms.katalon.core.testobject.ObjectRepository.findTestObject(HealthpostToStore/Page_Store/input_txtprice), "value"): Attribute 'value' of object 'Object Repository/HealthpostToStore/Page_Store/input_txtprice' is: '1780'

2018-06-09 21:44:00 - [MESSAGE][PASSED] - Attribute 'value' of object 'Object Repository/HealthpostToStore/Page_Store/input_txtprice' is: '1780'

2018-06-09 21:44:00 - [TEST_STEP][PASSED] - Statement - out.println("Stock QTY : " + StockQty): null

2018-06-09 21:44:00 - [TEST_STEP][PASSED] - delay: Delayed 2 second(s)

2018-06-09 21:44:02 - [MESSAGE][PASSED] - Delayed 2 second(s)

2018-06-09 21:44:02 - [TEST_STEP][PASSED] - Statement - If (java.lang.String.valueOf(StockQty) >= java.lang.String.valueOf(RequestedQty)): null

2018-06-09 21:44:02 - [TEST_STEP][PASSED] - setText: Text '10' is set on object 'Object Repository/HealthpostToStore/Page_Store/input_txtqty'

2018-06-09 21:44:03 - [MESSAGE][PASSED] - Text '10' is set on object 'Object Repository/HealthpostToStore/Page_Store/input_txtqty'

2018-06-09 21:44:03 - [TEST_STEP][PASSED] - click: Object: 'Object Repository/HealthpostToStore/Page_Store/button_Add' is clicked on

2018-06-09 21:44:03 - [MESSAGE][PASSED] - Object: 'Object Repository/HealthpostToStore/Page_Store/button_Add' is clicked on

2018-06-09 21:44:03 - [TEST_STEP][PASSED] - Statement - Break: null

2018-06-09 21:44:03 - [TEST_STEP][PASSED] - selectOptionByIndex: All options with index in [59] are selected on object 'Object Repository/HealthpostToStore/Page_Store/select_--Select--Adernaline 0.'

2018-06-09 21:44:03 - [MESSAGE][PASSED] - All options with index in [59] are selected on object 'Object Repository/HealthpostToStore/Page_Store/select_--Select--Adernaline 0.'

2018-06-09 21:44:03 - [TEST_STEP][PASSED] - delay: Delayed 2 second(s)

2018-06-09 21:44:05 - [MESSAGE][PASSED] - Delayed 2 second(s)

2018-06-09 21:44:05 - [TEST_STEP][PASSED] - Statement - RequestedQty = com.kms.katalon.core.webui.keyword.WebUiBuiltInKeywords.getAttribute(com.kms.katalon.core.testobject.ObjectRepository.findTestObject(HealthpostToStore/Page_Store/input_txttotal), "value"): Attribute 'value' of object 'Object Repository/HealthpostToStore/Page_Store/input_txttotal' is: '10'

2018-06-09 21:44:05 - [MESSAGE][PASSED] - Attribute 'value' of object 'Object Repository/HealthpostToStore/Page_Store/input_txttotal' is: '10'

2018-06-09 21:44:05 - [TEST_STEP][PASSED] - Statement - out.println("Requested QTY : " + RequestedQty): null

2018-06-09 21:44:05 - [TEST_STEP][PASSED] - Statement - BatchNumber = com.kms.katalon.core.webui.keyword.WebUiBuiltInKeywords.getNumberOfTotalOption(com.kms.katalon.core.testobject.ObjectRepository.findTestObject(HealthpostToStore/Page_Store/select_--Select--BA1170BA2376B)): 3 options of object 'Object Repository/HealthpostToStore/Page_Store/select_--Select--BA1170BA2376B' counted

2018-06-09 21:44:05 - [MESSAGE][PASSED] - 3 options of object 'Object Repository/HealthpostToStore/Page_Store/select_--Select--BA1170BA2376B' counted

2018-06-09 21:44:05 - [TEST_STEP][PASSED] - Statement - For ([g = 1, g <= BatchNumber - 1, (g++)]): null

2018-06-09 21:44:05 - [TEST_STEP][PASSED] - selectOptionByIndex: All options with index in [1] are selected on object 'Object Repository/HealthpostToStore/Page_Store/select_--Select--BA1170BA2376B'

2018-06-09 21:44:05 - [MESSAGE][PASSED] - All options with index in [1] are selected on object 'Object Repository/HealthpostToStore/Page_Store/select_--Select--BA1170BA2376B'

2018-06-09 21:44:05 - [TEST_STEP][PASSED] - Statement - Try: null

2018-06-09 21:44:05 - [TEST_STEP][PASSED] - Statement - StockQty = com.kms.katalon.core.webui.keyword.WebUiBuiltInKeywords.getAttribute(com.kms.katalon.core.testobject.ObjectRepository.findTestObject(HealthpostToStore/Page_Store/input_txtprice), "value"): Attribute 'value' of object 'Object Repository/HealthpostToStore/Page_Store/input_txtprice' is: '1780'

2018-06-09 21:44:05 - [MESSAGE][PASSED] - Attribute 'value' of object 'Object Repository/HealthpostToStore/Page_Store/input_txtprice' is: '1780'

2018-06-09 21:44:05 - [TEST_STEP][PASSED] - Statement - out.println("Stock QTY : " + StockQty): null

2018-06-09 21:44:05 - [TEST_STEP][PASSED] - delay: Delayed 2 second(s)

2018-06-09 21:44:07 - [MESSAGE][PASSED] - Delayed 2 second(s)

2018-06-09 21:44:07 - [TEST_STEP][PASSED] - Statement - If (java.lang.String.valueOf(StockQty) >= java.lang.String.valueOf(RequestedQty)): null

2018-06-09 21:44:07 - [TEST_STEP][PASSED] - setText: Text '10' is set on object 'Object Repository/HealthpostToStore/Page_Store/input_txtqty'

2018-06-09 21:44:08 - [MESSAGE][PASSED] - Text '10' is set on object 'Object Repository/HealthpostToStore/Page_Store/input_txtqty'

2018-06-09 21:44:08 - [TEST_STEP][PASSED] - click: Object: 'Object Repository/HealthpostToStore/Page_Store/button_Add' is clicked on

2018-06-09 21:44:08 - [MESSAGE][PASSED] - Object: 'Object Repository/HealthpostToStore/Page_Store/button_Add' is clicked on

2018-06-09 21:44:08 - [TEST_STEP][PASSED] - Statement - Break: null

2018-06-09 21:44:08 - [TEST_STEP][PASSED] - selectOptionByIndex: All options with index in [60] are selected on object 'Object Repository/HealthpostToStore/Page_Store/select_--Select--Adernaline 0.'

2018-06-09 21:44:08 - [MESSAGE][PASSED] - All options with index in [60] are selected on object 'Object Repository/HealthpostToStore/Page_Store/select_--Select--Adernaline 0.'

2018-06-09 21:44:08 - [TEST_STEP][PASSED] - delay: Delayed 2 second(s)

2018-06-09 21:44:10 - [MESSAGE][PASSED] - Delayed 2 second(s)

2018-06-09 21:44:10 - [TEST_STEP][PASSED] - Statement - RequestedQty = com.kms.katalon.core.webui.keyword.WebUiBuiltInKeywords.getAttribute(com.kms.katalon.core.testobject.ObjectRepository.findTestObject(HealthpostToStore/Page_Store/input_txttotal), "value"): Attribute 'value' of object 'Object Repository/HealthpostToStore/Page_Store/input_txttotal' is: '10'

2018-06-09 21:44:10 - [MESSAGE][PASSED] - Attribute 'value' of object 'Object Repository/HealthpostToStore/Page_Store/input_txttotal' is: '10'

2018-06-09 21:44:10 - [TEST_STEP][PASSED] - Statement - out.println("Requested QTY : " + RequestedQty): null

2018-06-09 21:44:10 - [TEST_STEP][PASSED] - Statement - BatchNumber = com.kms.katalon.core.webui.keyword.WebUiBuiltInKeywords.getNumberOfTotalOption(com.kms.katalon.core.testobject.ObjectRepository.findTestObject(HealthpostToStore/Page_Store/select_--Select--BA1170BA2376B)): 3 options of object 'Object Repository/HealthpostToStore/Page_Store/select_--Select--BA1170BA2376B' counted

2018-06-09 21:44:11 - [MESSAGE][PASSED] - 3 options of object 'Object Repository/HealthpostToStore/Page_Store/select_--Select--BA1170BA2376B' counted

2018-06-09 21:44:11 - [TEST_STEP][PASSED] - Statement - For ([g = 1, g <= BatchNumber - 1, (g++)]): null

2018-06-09 21:44:11 - [TEST_STEP][PASSED] - selectOptionByIndex: All options with index in [1] are selected on object 'Object Repository/HealthpostToStore/Page_Store/select_--Select--BA1170BA2376B'

2018-06-09 21:44:11 - [MESSAGE][PASSED] - All options with index in [1] are selected on object 'Object Repository/HealthpostToStore/Page_Store/select_--Select--BA1170BA2376B'

2018-06-09 21:44:11 - [TEST_STEP][PASSED] - Statement - Try: null

2018-06-09 21:44:11 - [TEST_STEP][PASSED] - Statement - StockQty = com.kms.katalon.core.webui.keyword.WebUiBuiltInKeywords.getAttribute(com.kms.katalon.core.testobject.ObjectRepository.findTestObject(HealthpostToStore/Page_Store/input_txtprice), "value"): Attribute 'value' of object 'Object Repository/HealthpostToStore/Page_Store/input_txtprice' is: '820'

2018-06-09 21:44:11 - [MESSAGE][PASSED] - Attribute 'value' of object 'Object Repository/HealthpostToStore/Page_Store/input_txtprice' is: '820'

2018-06-09 21:44:11 - [TEST_STEP][PASSED] - Statement - out.println("Stock QTY : " + StockQty): null

2018-06-09 21:44:11 - [TEST_STEP][PASSED] - delay: Delayed 2 second(s)

2018-06-09 21:44:13 - [MESSAGE][PASSED] - Delayed 2 second(s)

2018-06-09 21:44:13 - [TEST_STEP][PASSED] - Statement - If (java.lang.String.valueOf(StockQty) >= java.lang.String.valueOf(RequestedQty)): null

2018-06-09 21:44:13 - [TEST_STEP][PASSED] - setText: Text '10' is set on object 'Object Repository/HealthpostToStore/Page_Store/input_txtqty'

2018-06-09 21:44:13 - [MESSAGE][PASSED] - Text '10' is set on object 'Object Repository/HealthpostToStore/Page_Store/input_txtqty'

2018-06-09 21:44:13 - [TEST_STEP][PASSED] - click: Object: 'Object Repository/HealthpostToStore/Page_Store/button_Add' is clicked on

2018-06-09 21:44:13 - [MESSAGE][PASSED] - Object: 'Object Repository/HealthpostToStore/Page_Store/button_Add' is clicked on

2018-06-09 21:44:13 - [TEST_STEP][PASSED] - Statement - Break: null

2018-06-09 21:44:13 - [TEST_STEP][PASSED] - selectOptionByIndex: All options with index in [61] are selected on object 'Object Repository/HealthpostToStore/Page_Store/select_--Select--Adernaline 0.'

2018-06-09 21:44:14 - [MESSAGE][PASSED] - All options with index in [61] are selected on object 'Object Repository/HealthpostToStore/Page_Store/select_--Select--Adernaline 0.'

2018-06-09 21:44:14 - [TEST_STEP][PASSED] - delay: Delayed 2 second(s)

2018-06-09 21:44:16 - [MESSAGE][PASSED] - Delayed 2 second(s)

2018-06-09 21:44:16 - [TEST_STEP][PASSED] - Statement - RequestedQty = com.kms.katalon.core.webui.keyword.WebUiBuiltInKeywords.getAttribute(com.kms.katalon.core.testobject.ObjectRepository.findTestObject(HealthpostToStore/Page_Store/input_txttotal), "value"): Attribute 'value' of object 'Object Repository/HealthpostToStore/Page_Store/input_txttotal' is: '10'

2018-06-09 21:44:16 - [MESSAGE][PASSED] - Attribute 'value' of object 'Object Repository/HealthpostToStore/Page_Store/input_txttotal' is: '10'

2018-06-09 21:44:16 - [TEST_STEP][PASSED] - Statement - out.println("Requested QTY : " + RequestedQty): null

2018-06-09 21:44:16 - [TEST_STEP][PASSED] - Statement - BatchNumber = com.kms.katalon.core.webui.keyword.WebUiBuiltInKeywords.getNumberOfTotalOption(com.kms.katalon.core.testobject.ObjectRepository.findTestObject(HealthpostToStore/Page_Store/select_--Select--BA1170BA2376B)): 4 options of object 'Object Repository/HealthpostToStore/Page_Store/select_--Select--BA1170BA2376B' counted

2018-06-09 21:44:16 - [MESSAGE][PASSED] - 4 options of object 'Object Repository/HealthpostToStore/Page_Store/select_--Select--BA1170BA2376B' counted

2018-06-09 21:44:16 - [TEST_STEP][PASSED] - Statement - For ([g = 1, g <= BatchNumber - 1, (g++)]): null

2018-06-09 21:44:16 - [TEST_STEP][PASSED] - selectOptionByIndex: All options with index in [1] are selected on object 'Object Repository/HealthpostToStore/Page_Store/select_--Select--BA1170BA2376B'

2018-06-09 21:44:16 - [MESSAGE][PASSED] - All options with index in [1] are selected on object 'Object Repository/HealthpostToStore/Page_Store/select_--Select--BA1170BA2376B'

2018-06-09 21:44:16 - [TEST_STEP][PASSED] - Statement - Try: null

2018-06-09 21:44:16 - [TEST_STEP][PASSED] - Statement - StockQty = com.kms.katalon.core.webui.keyword.WebUiBuiltInKeywords.getAttribute(com.kms.katalon.core.testobject.ObjectRepository.findTestObject(HealthpostToStore/Page_Store/input_txtprice), "value"): Attribute 'value' of object 'Object Repository/HealthpostToStore/Page_Store/input_txtprice' is: '90'

2018-06-09 21:44:16 - [MESSAGE][PASSED] - Attribute 'value' of object 'Object Repository/HealthpostToStore/Page_Store/input_txtprice' is: '90'

2018-06-09 21:44:16 - [TEST_STEP][PASSED] - Statement - out.println("Stock QTY : " + StockQty): null

2018-06-09 21:44:16 - [TEST_STEP][PASSED] - delay: Delayed 2 second(s)

2018-06-09 21:44:18 - [MESSAGE][PASSED] - Delayed 2 second(s)

2018-06-09 21:44:18 - [TEST_STEP][PASSED] - Statement - If (java.lang.String.valueOf(StockQty) >= java.lang.String.valueOf(RequestedQty)): null

2018-06-09 21:44:18 - [TEST_STEP][PASSED] - setText: Text '10' is set on object 'Object Repository/HealthpostToStore/Page_Store/input_txtqty'

2018-06-09 21:44:18 - [MESSAGE][PASSED] - Text '10' is set on object 'Object Repository/HealthpostToStore/Page_Store/input_txtqty'

2018-06-09 21:44:18 - [TEST_STEP][PASSED] - click: Object: 'Object Repository/HealthpostToStore/Page_Store/button_Add' is clicked on

2018-06-09 21:44:18 - [MESSAGE][PASSED] - Object: 'Object Repository/HealthpostToStore/Page_Store/button_Add' is clicked on

2018-06-09 21:44:18 - [TEST_STEP][PASSED] - Statement - Break: null

2018-06-09 21:44:18 - [TEST_STEP][PASSED] - selectOptionByIndex: All options with index in [62] are selected on object 'Object Repository/HealthpostToStore/Page_Store/select_--Select--Adernaline 0.'

2018-06-09 21:44:19 - [MESSAGE][PASSED] - All options with index in [62] are selected on object 'Object Repository/HealthpostToStore/Page_Store/select_--Select--Adernaline 0.'

2018-06-09 21:44:19 - [TEST_STEP][PASSED] - delay: Delayed 2 second(s)

2018-06-09 21:44:21 - [MESSAGE][PASSED] - Delayed 2 second(s)

2018-06-09 21:44:21 - [TEST_STEP][PASSED] - Statement - RequestedQty = com.kms.katalon.core.webui.keyword.WebUiBuiltInKeywords.getAttribute(com.kms.katalon.core.testobject.ObjectRepository.findTestObject(HealthpostToStore/Page_Store/input_txttotal), "value"): Attribute 'value' of object 'Object Repository/HealthpostToStore/Page_Store/input_txttotal' is: '10'

2018-06-09 21:44:21 - [MESSAGE][PASSED] - Attribute 'value' of object 'Object Repository/HealthpostToStore/Page_Store/input_txttotal' is: '10'

2018-06-09 21:44:21 - [TEST_STEP][PASSED] - Statement - out.println("Requested QTY : " + RequestedQty): null

2018-06-09 21:44:21 - [TEST_STEP][PASSED] - Statement - BatchNumber = com.kms.katalon.core.webui.keyword.WebUiBuiltInKeywords.getNumberOfTotalOption(com.kms.katalon.core.testobject.ObjectRepository.findTestObject(HealthpostToStore/Page_Store/select_--Select--BA1170BA2376B)): 4 options of object 'Object Repository/HealthpostToStore/Page_Store/select_--Select--BA1170BA2376B' counted

2018-06-09 21:44:21 - [MESSAGE][PASSED] - 4 options of object 'Object Repository/HealthpostToStore/Page_Store/select_--Select--BA1170BA2376B' counted

2018-06-09 21:44:21 - [TEST_STEP][PASSED] - Statement - For ([g = 1, g <= BatchNumber - 1, (g++)]): null

2018-06-09 21:44:21 - [TEST_STEP][PASSED] - selectOptionByIndex: All options with index in [1] are selected on object 'Object Repository/HealthpostToStore/Page_Store/select_--Select--BA1170BA2376B'

2018-06-09 21:44:21 - [MESSAGE][PASSED] - All options with index in [1] are selected on object 'Object Repository/HealthpostToStore/Page_Store/select_--Select--BA1170BA2376B'

2018-06-09 21:44:21 - [TEST_STEP][PASSED] - Statement - Try: null

2018-06-09 21:44:21 - [TEST_STEP][PASSED] - Statement - StockQty = com.kms.katalon.core.webui.keyword.WebUiBuiltInKeywords.getAttribute(com.kms.katalon.core.testobject.ObjectRepository.findTestObject(HealthpostToStore/Page_Store/input_txtprice), "value"): Attribute 'value' of object 'Object Repository/HealthpostToStore/Page_Store/input_txtprice' is: '820'

2018-06-09 21:44:21 - [MESSAGE][PASSED] - Attribute 'value' of object 'Object Repository/HealthpostToStore/Page_Store/input_txtprice' is: '820'

2018-06-09 21:44:21 - [TEST_STEP][PASSED] - Statement - out.println("Stock QTY : " + StockQty): null

2018-06-09 21:44:21 - [TEST_STEP][PASSED] - delay: Delayed 2 second(s)

2018-06-09 21:44:23 - [MESSAGE][PASSED] - Delayed 2 second(s)

2018-06-09 21:44:23 - [TEST_STEP][PASSED] - Statement - If (java.lang.String.valueOf(StockQty) >= java.lang.String.valueOf(RequestedQty)): null

2018-06-09 21:44:23 - [TEST_STEP][PASSED] - setText: Text '10' is set on object 'Object Repository/HealthpostToStore/Page_Store/input_txtqty'

2018-06-09 21:44:23 - [MESSAGE][PASSED] - Text '10' is set on object 'Object Repository/HealthpostToStore/Page_Store/input_txtqty'

2018-06-09 21:44:23 - [TEST_STEP][PASSED] - click: Object: 'Object Repository/HealthpostToStore/Page_Store/button_Add' is clicked on

2018-06-09 21:44:23 - [MESSAGE][PASSED] - Object: 'Object Repository/HealthpostToStore/Page_Store/button_Add' is clicked on

2018-06-09 21:44:23 - [TEST_STEP][PASSED] - Statement - Break: null

2018-06-09 21:44:23 - [TEST_STEP][PASSED] - selectOptionByIndex: All options with index in [63] are selected on object 'Object Repository/HealthpostToStore/Page_Store/select_--Select--Adernaline 0.'

2018-06-09 21:44:24 - [MESSAGE][PASSED] - All options with index in [63] are selected on object 'Object Repository/HealthpostToStore/Page_Store/select_--Select--Adernaline 0.'

2018-06-09 21:44:24 - [TEST_STEP][PASSED] - delay: Delayed 2 second(s)

2018-06-09 21:44:26 - [MESSAGE][PASSED] - Delayed 2 second(s)

2018-06-09 21:44:26 - [TEST_STEP][PASSED] - Statement - RequestedQty = com.kms.katalon.core.webui.keyword.WebUiBuiltInKeywords.getAttribute(com.kms.katalon.core.testobject.ObjectRepository.findTestObject(HealthpostToStore/Page_Store/input_txttotal), "value"): Attribute 'value' of object 'Object Repository/HealthpostToStore/Page_Store/input_txttotal' is: '10'

2018-06-09 21:44:26 - [MESSAGE][PASSED] - Attribute 'value' of object 'Object Repository/HealthpostToStore/Page_Store/input_txttotal' is: '10'

2018-06-09 21:44:26 - [TEST_STEP][PASSED] - Statement - out.println("Requested QTY : " + RequestedQty): null

2018-06-09 21:44:26 - [TEST_STEP][PASSED] - Statement - BatchNumber = com.kms.katalon.core.webui.keyword.WebUiBuiltInKeywords.getNumberOfTotalOption(com.kms.katalon.core.testobject.ObjectRepository.findTestObject(HealthpostToStore/Page_Store/select_--Select--BA1170BA2376B)): 4 options of object 'Object Repository/HealthpostToStore/Page_Store/select_--Select--BA1170BA2376B' counted

2018-06-09 21:44:26 - [MESSAGE][PASSED] - 4 options of object 'Object Repository/HealthpostToStore/Page_Store/select_--Select--BA1170BA2376B' counted

2018-06-09 21:44:26 - [TEST_STEP][PASSED] - Statement - For ([g = 1, g <= BatchNumber - 1, (g++)]): null

2018-06-09 21:44:26 - [TEST_STEP][PASSED] - selectOptionByIndex: All options with index in [1] are selected on object 'Object Repository/HealthpostToStore/Page_Store/select_--Select--BA1170BA2376B'

2018-06-09 21:44:26 - [MESSAGE][PASSED] - All options with index in [1] are selected on object 'Object Repository/HealthpostToStore/Page_Store/select_--Select--BA1170BA2376B'

2018-06-09 21:44:26 - [TEST_STEP][PASSED] - Statement - Try: null

2018-06-09 21:44:26 - [TEST_STEP][PASSED] - Statement - StockQty = com.kms.katalon.core.webui.keyword.WebUiBuiltInKeywords.getAttribute(com.kms.katalon.core.testobject.ObjectRepository.findTestObject(HealthpostToStore/Page_Store/input_txtprice), "value"): Attribute 'value' of object 'Object Repository/HealthpostToStore/Page_Store/input_txtprice' is: '250'

2018-06-09 21:44:26 - [MESSAGE][PASSED] - Attribute 'value' of object 'Object Repository/HealthpostToStore/Page_Store/input_txtprice' is: '250'

2018-06-09 21:44:26 - [TEST_STEP][PASSED] - Statement - out.println("Stock QTY : " + StockQty): null

2018-06-09 21:44:26 - [TEST_STEP][PASSED] - delay: Delayed 2 second(s)

2018-06-09 21:44:28 - [MESSAGE][PASSED] - Delayed 2 second(s)

2018-06-09 21:44:28 - [TEST_STEP][PASSED] - Statement - If (java.lang.String.valueOf(StockQty) >= java.lang.String.valueOf(RequestedQty)): null

2018-06-09 21:44:28 - [TEST_STEP][PASSED] - setText: Text '10' is set on object 'Object Repository/HealthpostToStore/Page_Store/input_txtqty'

2018-06-09 21:44:28 - [MESSAGE][PASSED] - Text '10' is set on object 'Object Repository/HealthpostToStore/Page_Store/input_txtqty'

2018-06-09 21:44:28 - [TEST_STEP][PASSED] - click: Object: 'Object Repository/HealthpostToStore/Page_Store/button_Add' is clicked on

2018-06-09 21:44:28 - [MESSAGE][PASSED] - Object: 'Object Repository/HealthpostToStore/Page_Store/button_Add' is clicked on

2018-06-09 21:44:28 - [TEST_STEP][PASSED] - Statement - Break: null

2018-06-09 21:44:28 - [TEST_STEP][PASSED] - selectOptionByIndex: All options with index in [64] are selected on object 'Object Repository/HealthpostToStore/Page_Store/select_--Select--Adernaline 0.'

2018-06-09 21:44:29 - [MESSAGE][PASSED] - All options with index in [64] are selected on object 'Object Repository/HealthpostToStore/Page_Store/select_--Select--Adernaline 0.'

2018-06-09 21:44:29 - [TEST_STEP][PASSED] - delay: Delayed 2 second(s)

2018-06-09 21:44:31 - [MESSAGE][PASSED] - Delayed 2 second(s)

2018-06-09 21:44:31 - [TEST_STEP][PASSED] - Statement - RequestedQty = com.kms.katalon.core.webui.keyword.WebUiBuiltInKeywords.getAttribute(com.kms.katalon.core.testobject.ObjectRepository.findTestObject(HealthpostToStore/Page_Store/input_txttotal), "value"): Attribute 'value' of object 'Object Repository/HealthpostToStore/Page_Store/input_txttotal' is: '10'

2018-06-09 21:44:31 - [MESSAGE][PASSED] - Attribute 'value' of object 'Object Repository/HealthpostToStore/Page_Store/input_txttotal' is: '10'

2018-06-09 21:44:31 - [TEST_STEP][PASSED] - Statement - out.println("Requested QTY : " + RequestedQty): null

2018-06-09 21:44:31 - [TEST_STEP][PASSED] - Statement - BatchNumber = com.kms.katalon.core.webui.keyword.WebUiBuiltInKeywords.getNumberOfTotalOption(com.kms.katalon.core.testobject.ObjectRepository.findTestObject(HealthpostToStore/Page_Store/select_--Select--BA1170BA2376B)): 5 options of object 'Object Repository/HealthpostToStore/Page_Store/select_--Select--BA1170BA2376B' counted

2018-06-09 21:44:31 - [MESSAGE][PASSED] - 5 options of object 'Object Repository/HealthpostToStore/Page_Store/select_--Select--BA1170BA2376B' counted

2018-06-09 21:44:31 - [TEST_STEP][PASSED] - Statement - For ([g = 1, g <= BatchNumber - 1, (g++)]): null

2018-06-09 21:44:31 - [TEST_STEP][PASSED] - selectOptionByIndex: All options with index in [1] are selected on object 'Object Repository/HealthpostToStore/Page_Store/select_--Select--BA1170BA2376B'

2018-06-09 21:44:31 - [MESSAGE][PASSED] - All options with index in [1] are selected on object 'Object Repository/HealthpostToStore/Page_Store/select_--Select--BA1170BA2376B'

2018-06-09 21:44:31 - [TEST_STEP][PASSED] - Statement - Try: null

2018-06-09 21:44:31 - [TEST_STEP][PASSED] - Statement - StockQty = com.kms.katalon.core.webui.keyword.WebUiBuiltInKeywords.getAttribute(com.kms.katalon.core.testobject.ObjectRepository.findTestObject(HealthpostToStore/Page_Store/input_txtprice), "value"): Attribute 'value' of object 'Object Repository/HealthpostToStore/Page_Store/input_txtprice' is: '90'

2018-06-09 21:44:31 - [MESSAGE][PASSED] - Attribute 'value' of object 'Object Repository/HealthpostToStore/Page_Store/input_txtprice' is: '90'

2018-06-09 21:44:31 - [TEST_STEP][PASSED] - Statement - out.println("Stock QTY : " + StockQty): null

2018-06-09 21:44:31 - [TEST_STEP][PASSED] - delay: Delayed 2 second(s)

2018-06-09 21:44:33 - [MESSAGE][PASSED] - Delayed 2 second(s)

2018-06-09 21:44:33 - [TEST_STEP][PASSED] - Statement - If (java.lang.String.valueOf(StockQty) >= java.lang.String.valueOf(RequestedQty)): null

2018-06-09 21:44:33 - [TEST_STEP][PASSED] - setText: Text '10' is set on object 'Object Repository/HealthpostToStore/Page_Store/input_txtqty'

2018-06-09 21:44:33 - [MESSAGE][PASSED] - Text '10' is set on object 'Object Repository/HealthpostToStore/Page_Store/input_txtqty'

2018-06-09 21:44:33 - [TEST_STEP][PASSED] - click: Object: 'Object Repository/HealthpostToStore/Page_Store/button_Add' is clicked on

2018-06-09 21:44:33 - [MESSAGE][PASSED] - Object: 'Object Repository/HealthpostToStore/Page_Store/button_Add' is clicked on

2018-06-09 21:44:33 - [TEST_STEP][PASSED] - Statement - Break: null

2018-06-09 21:44:33 - [TEST_STEP][PASSED] - selectOptionByIndex: All options with index in [65] are selected on object 'Object Repository/HealthpostToStore/Page_Store/select_--Select--Adernaline 0.'

2018-06-09 21:44:34 - [MESSAGE][PASSED] - All options with index in [65] are selected on object 'Object Repository/HealthpostToStore/Page_Store/select_--Select--Adernaline 0.'

2018-06-09 21:44:34 - [TEST_STEP][PASSED] - delay: Delayed 2 second(s)

2018-06-09 21:44:36 - [MESSAGE][PASSED] - Delayed 2 second(s)

2018-06-09 21:44:36 - [TEST_STEP][PASSED] - Statement - RequestedQty = com.kms.katalon.core.webui.keyword.WebUiBuiltInKeywords.getAttribute(com.kms.katalon.core.testobject.ObjectRepository.findTestObject(HealthpostToStore/Page_Store/input_txttotal), "value"): Attribute 'value' of object 'Object Repository/HealthpostToStore/Page_Store/input_txttotal' is: '10'

2018-06-09 21:44:36 - [MESSAGE][PASSED] - Attribute 'value' of object 'Object Repository/HealthpostToStore/Page_Store/input_txttotal' is: '10'

2018-06-09 21:44:36 - [TEST_STEP][PASSED] - Statement - out.println("Requested QTY : " + RequestedQty): null

2018-06-09 21:44:36 - [TEST_STEP][PASSED] - Statement - BatchNumber = com.kms.katalon.core.webui.keyword.WebUiBuiltInKeywords.getNumberOfTotalOption(com.kms.katalon.core.testobject.ObjectRepository.findTestObject(HealthpostToStore/Page_Store/select_--Select--BA1170BA2376B)): 5 options of object 'Object Repository/HealthpostToStore/Page_Store/select_--Select--BA1170BA2376B' counted

2018-06-09 21:44:36 - [MESSAGE][PASSED] - 5 options of object 'Object Repository/HealthpostToStore/Page_Store/select_--Select--BA1170BA2376B' counted

2018-06-09 21:44:36 - [TEST_STEP][PASSED] - Statement - For ([g = 1, g <= BatchNumber - 1, (g++)]): null

2018-06-09 21:44:36 - [TEST_STEP][PASSED] - selectOptionByIndex: All options with index in [1] are selected on object 'Object Repository/HealthpostToStore/Page_Store/select_--Select--BA1170BA2376B'

2018-06-09 21:44:36 - [MESSAGE][PASSED] - All options with index in [1] are selected on object 'Object Repository/HealthpostToStore/Page_Store/select_--Select--BA1170BA2376B'

2018-06-09 21:44:36 - [TEST_STEP][PASSED] - Statement - Try: null

2018-06-09 21:44:36 - [TEST_STEP][PASSED] - Statement - StockQty = com.kms.katalon.core.webui.keyword.WebUiBuiltInKeywords.getAttribute(com.kms.katalon.core.testobject.ObjectRepository.findTestObject(HealthpostToStore/Page_Store/input_txtprice), "value"): Attribute 'value' of object 'Object Repository/HealthpostToStore/Page_Store/input_txtprice' is: '520'

2018-06-09 21:44:36 - [MESSAGE][PASSED] - Attribute 'value' of object 'Object Repository/HealthpostToStore/Page_Store/input_txtprice' is: '520'

2018-06-09 21:44:36 - [TEST_STEP][PASSED] - Statement - out.println("Stock QTY : " + StockQty): null

2018-06-09 21:44:36 - [TEST_STEP][PASSED] - delay: Delayed 2 second(s)

2018-06-09 21:44:38 - [MESSAGE][PASSED] - Delayed 2 second(s)

2018-06-09 21:44:38 - [TEST_STEP][PASSED] - Statement - If (java.lang.String.valueOf(StockQty) >= java.lang.String.valueOf(RequestedQty)): null

2018-06-09 21:44:38 - [TEST_STEP][PASSED] - setText: Text '10' is set on object 'Object Repository/HealthpostToStore/Page_Store/input_txtqty'

2018-06-09 21:44:38 - [MESSAGE][PASSED] - Text '10' is set on object 'Object Repository/HealthpostToStore/Page_Store/input_txtqty'

2018-06-09 21:44:38 - [TEST_STEP][PASSED] - click: Object: 'Object Repository/HealthpostToStore/Page_Store/button_Add' is clicked on

2018-06-09 21:44:38 - [MESSAGE][PASSED] - Object: 'Object Repository/HealthpostToStore/Page_Store/button_Add' is clicked on

2018-06-09 21:44:38 - [TEST_STEP][PASSED] - Statement - Break: null

2018-06-09 21:44:38 - [TEST_STEP][PASSED] - selectOptionByIndex: All options with index in [66] are selected on object 'Object Repository/HealthpostToStore/Page_Store/select_--Select--Adernaline 0.'

2018-06-09 21:44:39 - [MESSAGE][PASSED] - All options with index in [66] are selected on object 'Object Repository/HealthpostToStore/Page_Store/select_--Select--Adernaline 0.'

2018-06-09 21:44:39 - [TEST_STEP][PASSED] - delay: Delayed 2 second(s)

2018-06-09 21:44:41 - [MESSAGE][PASSED] - Delayed 2 second(s)

2018-06-09 21:44:41 - [TEST_STEP][PASSED] - Statement - RequestedQty = com.kms.katalon.core.webui.keyword.WebUiBuiltInKeywords.getAttribute(com.kms.katalon.core.testobject.ObjectRepository.findTestObject(HealthpostToStore/Page_Store/input_txttotal), "value"): Attribute 'value' of object 'Object Repository/HealthpostToStore/Page_Store/input_txttotal' is: '10'

2018-06-09 21:44:41 - [MESSAGE][PASSED] - Attribute 'value' of object 'Object Repository/HealthpostToStore/Page_Store/input_txttotal' is: '10'

2018-06-09 21:44:41 - [TEST_STEP][PASSED] - Statement - out.println("Requested QTY : " + RequestedQty): null

2018-06-09 21:44:41 - [TEST_STEP][PASSED] - Statement - BatchNumber = com.kms.katalon.core.webui.keyword.WebUiBuiltInKeywords.getNumberOfTotalOption(com.kms.katalon.core.testobject.ObjectRepository.findTestObject(HealthpostToStore/Page_Store/select_--Select--BA1170BA2376B)): 2 options of object 'Object Repository/HealthpostToStore/Page_Store/select_--Select--BA1170BA2376B' counted

2018-06-09 21:44:41 - [MESSAGE][PASSED] - 2 options of object 'Object Repository/HealthpostToStore/Page_Store/select_--Select--BA1170BA2376B' counted

2018-06-09 21:44:41 - [TEST_STEP][PASSED] - Statement - For ([g = 1, g <= BatchNumber - 1, (g++)]): null

2018-06-09 21:44:41 - [TEST_STEP][PASSED] - selectOptionByIndex: All options with index in [1] are selected on object 'Object Repository/HealthpostToStore/Page_Store/select_--Select--BA1170BA2376B'

2018-06-09 21:44:41 - [MESSAGE][PASSED] - All options with index in [1] are selected on object 'Object Repository/HealthpostToStore/Page_Store/select_--Select--BA1170BA2376B'

2018-06-09 21:44:41 - [TEST_STEP][PASSED] - Statement - Try: null

2018-06-09 21:44:41 - [TEST_STEP][PASSED] - Statement - StockQty = com.kms.katalon.core.webui.keyword.WebUiBuiltInKeywords.getAttribute(com.kms.katalon.core.testobject.ObjectRepository.findTestObject(HealthpostToStore/Page_Store/input_txtprice), "value"): Attribute 'value' of object 'Object Repository/HealthpostToStore/Page_Store/input_txtprice' is: '1990'

2018-06-09 21:44:41 - [MESSAGE][PASSED] - Attribute 'value' of object 'Object Repository/HealthpostToStore/Page_Store/input_txtprice' is: '1990'

2018-06-09 21:44:41 - [TEST_STEP][PASSED] - Statement - out.println("Stock QTY : " + StockQty): null

2018-06-09 21:44:41 - [TEST_STEP][PASSED] - delay: Delayed 2 second(s)

2018-06-09 21:44:43 - [MESSAGE][PASSED] - Delayed 2 second(s)

2018-06-09 21:44:43 - [TEST_STEP][PASSED] - Statement - If (java.lang.String.valueOf(StockQty) >= java.lang.String.valueOf(RequestedQty)): null

2018-06-09 21:44:43 - [TEST_STEP][PASSED] - setText: Text '10' is set on object 'Object Repository/HealthpostToStore/Page_Store/input_txtqty'

2018-06-09 21:44:43 - [MESSAGE][PASSED] - Text '10' is set on object 'Object Repository/HealthpostToStore/Page_Store/input_txtqty'

2018-06-09 21:44:43 - [TEST_STEP][PASSED] - click: Object: 'Object Repository/HealthpostToStore/Page_Store/button_Add' is clicked on

2018-06-09 21:44:43 - [MESSAGE][PASSED] - Object: 'Object Repository/HealthpostToStore/Page_Store/button_Add' is clicked on

2018-06-09 21:44:43 - [TEST_STEP][PASSED] - Statement - Break: null

2018-06-09 21:44:43 - [TEST_STEP][PASSED] - selectOptionByIndex: All options with index in [67] are selected on object 'Object Repository/HealthpostToStore/Page_Store/select_--Select--Adernaline 0.'

2018-06-09 21:44:44 - [MESSAGE][PASSED] - All options with index in [67] are selected on object 'Object Repository/HealthpostToStore/Page_Store/select_--Select--Adernaline 0.'

2018-06-09 21:44:44 - [TEST_STEP][PASSED] - delay: Delayed 2 second(s)

2018-06-09 21:44:46 - [MESSAGE][PASSED] - Delayed 2 second(s)

2018-06-09 21:44:46 - [TEST_STEP][PASSED] - Statement - RequestedQty = com.kms.katalon.core.webui.keyword.WebUiBuiltInKeywords.getAttribute(com.kms.katalon.core.testobject.ObjectRepository.findTestObject(HealthpostToStore/Page_Store/input_txttotal), "value"): Attribute 'value' of object 'Object Repository/HealthpostToStore/Page_Store/input_txttotal' is: '10'

2018-06-09 21:44:46 - [MESSAGE][PASSED] - Attribute 'value' of object 'Object Repository/HealthpostToStore/Page_Store/input_txttotal' is: '10'

2018-06-09 21:44:46 - [TEST_STEP][PASSED] - Statement - out.println("Requested QTY : " + RequestedQty): null

2018-06-09 21:44:46 - [TEST_STEP][PASSED] - Statement - BatchNumber = com.kms.katalon.core.webui.keyword.WebUiBuiltInKeywords.getNumberOfTotalOption(com.kms.katalon.core.testobject.ObjectRepository.findTestObject(HealthpostToStore/Page_Store/select_--Select--BA1170BA2376B)): 3 options of object 'Object Repository/HealthpostToStore/Page_Store/select_--Select--BA1170BA2376B' counted

2018-06-09 21:44:46 - [MESSAGE][PASSED] - 3 options of object 'Object Repository/HealthpostToStore/Page_Store/select_--Select--BA1170BA2376B' counted

2018-06-09 21:44:46 - [TEST_STEP][PASSED] - Statement - For ([g = 1, g <= BatchNumber - 1, (g++)]): null

2018-06-09 21:44:46 - [TEST_STEP][PASSED] - selectOptionByIndex: All options with index in [1] are selected on object 'Object Repository/HealthpostToStore/Page_Store/select_--Select--BA1170BA2376B'

2018-06-09 21:44:46 - [MESSAGE][PASSED] - All options with index in [1] are selected on object 'Object Repository/HealthpostToStore/Page_Store/select_--Select--BA1170BA2376B'

2018-06-09 21:44:46 - [TEST_STEP][PASSED] - Statement - Try: null

2018-06-09 21:44:46 - [TEST_STEP][PASSED] - Statement - StockQty = com.kms.katalon.core.webui.keyword.WebUiBuiltInKeywords.getAttribute(com.kms.katalon.core.testobject.ObjectRepository.findTestObject(HealthpostToStore/Page_Store/input_txtprice), "value"): Attribute 'value' of object 'Object Repository/HealthpostToStore/Page_Store/input_txtprice' is: '820'

2018-06-09 21:44:46 - [MESSAGE][PASSED] - Attribute 'value' of object 'Object Repository/HealthpostToStore/Page_Store/input_txtprice' is: '820'

2018-06-09 21:44:46 - [TEST_STEP][PASSED] - Statement - out.println("Stock QTY : " + StockQty): null

2018-06-09 21:44:46 - [TEST_STEP][PASSED] - delay: Delayed 2 second(s)

2018-06-09 21:44:48 - [MESSAGE][PASSED] - Delayed 2 second(s)

2018-06-09 21:44:48 - [TEST_STEP][PASSED] - Statement - If (java.lang.String.valueOf(StockQty) >= java.lang.String.valueOf(RequestedQty)): null

2018-06-09 21:44:48 - [TEST_STEP][PASSED] - setText: Text '10' is set on object 'Object Repository/HealthpostToStore/Page_Store/input_txtqty'

2018-06-09 21:44:48 - [MESSAGE][PASSED] - Text '10' is set on object 'Object Repository/HealthpostToStore/Page_Store/input_txtqty'

2018-06-09 21:44:48 - [TEST_STEP][PASSED] - click: Object: 'Object Repository/HealthpostToStore/Page_Store/button_Add' is clicked on

2018-06-09 21:44:48 - [MESSAGE][PASSED] - Object: 'Object Repository/HealthpostToStore/Page_Store/button_Add' is clicked on

2018-06-09 21:44:48 - [TEST_STEP][PASSED] - Statement - Break: null

2018-06-09 21:44:48 - [TEST_STEP][PASSED] - selectOptionByIndex: All options with index in [68] are selected on object 'Object Repository/HealthpostToStore/Page_Store/select_--Select--Adernaline 0.'

2018-06-09 21:44:49 - [MESSAGE][PASSED] - All options with index in [68] are selected on object 'Object Repository/HealthpostToStore/Page_Store/select_--Select--Adernaline 0.'

2018-06-09 21:44:49 - [TEST_STEP][PASSED] - delay: Delayed 2 second(s)

2018-06-09 21:44:51 - [MESSAGE][PASSED] - Delayed 2 second(s)

2018-06-09 21:44:51 - [TEST_STEP][PASSED] - Statement - RequestedQty = com.kms.katalon.core.webui.keyword.WebUiBuiltInKeywords.getAttribute(com.kms.katalon.core.testobject.ObjectRepository.findTestObject(HealthpostToStore/Page_Store/input_txttotal), "value"): Attribute 'value' of object 'Object Repository/HealthpostToStore/Page_Store/input_txttotal' is: '10'

2018-06-09 21:44:51 - [MESSAGE][PASSED] - Attribute 'value' of object 'Object Repository/HealthpostToStore/Page_Store/input_txttotal' is: '10'

2018-06-09 21:44:51 - [TEST_STEP][PASSED] - Statement - out.println("Requested QTY : " + RequestedQty): null

2018-06-09 21:44:51 - [TEST_STEP][PASSED] - Statement - BatchNumber = com.kms.katalon.core.webui.keyword.WebUiBuiltInKeywords.getNumberOfTotalOption(com.kms.katalon.core.testobject.ObjectRepository.findTestObject(HealthpostToStore/Page_Store/select_--Select--BA1170BA2376B)): 6 options of object 'Object Repository/HealthpostToStore/Page_Store/select_--Select--BA1170BA2376B' counted

2018-06-09 21:44:51 - [MESSAGE][PASSED] - 6 options of object 'Object Repository/HealthpostToStore/Page_Store/select_--Select--BA1170BA2376B' counted

2018-06-09 21:44:51 - [TEST_STEP][PASSED] - Statement - For ([g = 1, g <= BatchNumber - 1, (g++)]): null

2018-06-09 21:44:51 - [TEST_STEP][PASSED] - selectOptionByIndex: All options with index in [1] are selected on object 'Object Repository/HealthpostToStore/Page_Store/select_--Select--BA1170BA2376B'

2018-06-09 21:44:51 - [MESSAGE][PASSED] - All options with index in [1] are selected on object 'Object Repository/HealthpostToStore/Page_Store/select_--Select--BA1170BA2376B'

2018-06-09 21:44:51 - [TEST_STEP][PASSED] - Statement - Try: null

2018-06-09 21:44:51 - [TEST_STEP][PASSED] - Statement - StockQty = com.kms.katalon.core.webui.keyword.WebUiBuiltInKeywords.getAttribute(com.kms.katalon.core.testobject.ObjectRepository.findTestObject(HealthpostToStore/Page_Store/input_txtprice), "value"): Attribute 'value' of object 'Object Repository/HealthpostToStore/Page_Store/input_txtprice' is: '450'

2018-06-09 21:44:51 - [MESSAGE][PASSED] - Attribute 'value' of object 'Object Repository/HealthpostToStore/Page_Store/input_txtprice' is: '450'

2018-06-09 21:44:51 - [TEST_STEP][PASSED] - Statement - out.println("Stock QTY : " + StockQty): null

2018-06-09 21:44:51 - [TEST_STEP][PASSED] - delay: Delayed 2 second(s)

2018-06-09 21:44:53 - [MESSAGE][PASSED] - Delayed 2 second(s)

2018-06-09 21:44:53 - [TEST_STEP][PASSED] - Statement - If (java.lang.String.valueOf(StockQty) >= java.lang.String.valueOf(RequestedQty)): null

2018-06-09 21:44:53 - [TEST_STEP][PASSED] - setText: Text '10' is set on object 'Object Repository/HealthpostToStore/Page_Store/input_txtqty'

2018-06-09 21:44:54 - [MESSAGE][PASSED] - Text '10' is set on object 'Object Repository/HealthpostToStore/Page_Store/input_txtqty'

2018-06-09 21:44:54 - [TEST_STEP][PASSED] - click: Object: 'Object Repository/HealthpostToStore/Page_Store/button_Add' is clicked on

2018-06-09 21:44:54 - [MESSAGE][PASSED] - Object: 'Object Repository/HealthpostToStore/Page_Store/button_Add' is clicked on

2018-06-09 21:44:54 - [TEST_STEP][PASSED] - Statement - Break: null

2018-06-09 21:44:54 - [TEST_STEP][PASSED] - selectOptionByIndex: All options with index in [69] are selected on object 'Object Repository/HealthpostToStore/Page_Store/select_--Select--Adernaline 0.'

2018-06-09 21:44:55 - [MESSAGE][PASSED] - All options with index in [69] are selected on object 'Object Repository/HealthpostToStore/Page_Store/select_--Select--Adernaline 0.'

2018-06-09 21:44:55 - [TEST_STEP][PASSED] - delay: Delayed 2 second(s)

2018-06-09 21:44:57 - [MESSAGE][PASSED] - Delayed 2 second(s)

2018-06-09 21:44:57 - [TEST_STEP][PASSED] - Statement - RequestedQty = com.kms.katalon.core.webui.keyword.WebUiBuiltInKeywords.getAttribute(com.kms.katalon.core.testobject.ObjectRepository.findTestObject(HealthpostToStore/Page_Store/input_txttotal), "value"): Attribute 'value' of object 'Object Repository/HealthpostToStore/Page_Store/input_txttotal' is: '10'

2018-06-09 21:44:57 - [MESSAGE][PASSED] - Attribute 'value' of object 'Object Repository/HealthpostToStore/Page_Store/input_txttotal' is: '10'

2018-06-09 21:44:57 - [TEST_STEP][PASSED] - Statement - out.println("Requested QTY : " + RequestedQty): null

2018-06-09 21:44:57 - [TEST_STEP][PASSED] - Statement - BatchNumber = com.kms.katalon.core.webui.keyword.WebUiBuiltInKeywords.getNumberOfTotalOption(com.kms.katalon.core.testobject.ObjectRepository.findTestObject(HealthpostToStore/Page_Store/select_--Select--BA1170BA2376B)): 4 options of object 'Object Repository/HealthpostToStore/Page_Store/select_--Select--BA1170BA2376B' counted

2018-06-09 21:44:57 - [MESSAGE][PASSED] - 4 options of object 'Object Repository/HealthpostToStore/Page_Store/select_--Select--BA1170BA2376B' counted

2018-06-09 21:44:57 - [TEST_STEP][PASSED] - Statement - For ([g = 1, g <= BatchNumber - 1, (g++)]): null

2018-06-09 21:44:57 - [TEST_STEP][PASSED] - selectOptionByIndex: All options with index in [1] are selected on object 'Object Repository/HealthpostToStore/Page_Store/select_--Select--BA1170BA2376B'

2018-06-09 21:44:57 - [MESSAGE][PASSED] - All options with index in [1] are selected on object 'Object Repository/HealthpostToStore/Page_Store/select_--Select--BA1170BA2376B'

2018-06-09 21:44:57 - [TEST_STEP][PASSED] - Statement - Try: null

2018-06-09 21:44:57 - [TEST_STEP][PASSED] - Statement - StockQty = com.kms.katalon.core.webui.keyword.WebUiBuiltInKeywords.getAttribute(com.kms.katalon.core.testobject.ObjectRepository.findTestObject(HealthpostToStore/Page_Store/input_txtprice), "value"): Attribute 'value' of object 'Object Repository/HealthpostToStore/Page_Store/input_txtprice' is: '820'

2018-06-09 21:44:57 - [MESSAGE][PASSED] - Attribute 'value' of object 'Object Repository/HealthpostToStore/Page_Store/input_txtprice' is: '820'

2018-06-09 21:44:57 - [TEST_STEP][PASSED] - Statement - out.println("Stock QTY : " + StockQty): null

2018-06-09 21:44:57 - [TEST_STEP][PASSED] - delay: Delayed 2 second(s)

2018-06-09 21:44:59 - [MESSAGE][PASSED] - Delayed 2 second(s)

2018-06-09 21:44:59 - [TEST_STEP][PASSED] - Statement - If (java.lang.String.valueOf(StockQty) >= java.lang.String.valueOf(RequestedQty)): null

2018-06-09 21:44:59 - [TEST_STEP][PASSED] - setText: Text '10' is set on object 'Object Repository/HealthpostToStore/Page_Store/input_txtqty'

2018-06-09 21:44:59 - [MESSAGE][PASSED] - Text '10' is set on object 'Object Repository/HealthpostToStore/Page_Store/input_txtqty'

2018-06-09 21:44:59 - [TEST_STEP][PASSED] - click: Object: 'Object Repository/HealthpostToStore/Page_Store/button_Add' is clicked on

2018-06-09 21:44:59 - [MESSAGE][PASSED] - Object: 'Object Repository/HealthpostToStore/Page_Store/button_Add' is clicked on

2018-06-09 21:44:59 - [TEST_STEP][PASSED] - Statement - Break: null

2018-06-09 21:44:59 - [TEST_STEP][PASSED] - selectOptionByIndex: All options with index in [70] are selected on object 'Object Repository/HealthpostToStore/Page_Store/select_--Select--Adernaline 0.'

2018-06-09 21:45:00 - [MESSAGE][PASSED] - All options with index in [70] are selected on object 'Object Repository/HealthpostToStore/Page_Store/select_--Select--Adernaline 0.'

2018-06-09 21:45:00 - [TEST_STEP][PASSED] - delay: Delayed 2 second(s)

2018-06-09 21:45:02 - [MESSAGE][PASSED] - Delayed 2 second(s)

2018-06-09 21:45:02 - [TEST_STEP][PASSED] - Statement - RequestedQty = com.kms.katalon.core.webui.keyword.WebUiBuiltInKeywords.getAttribute(com.kms.katalon.core.testobject.ObjectRepository.findTestObject(HealthpostToStore/Page_Store/input_txttotal), "value"): Attribute 'value' of object 'Object Repository/HealthpostToStore/Page_Store/input_txttotal' is: '10'

2018-06-09 21:45:02 - [MESSAGE][PASSED] - Attribute 'value' of object 'Object Repository/HealthpostToStore/Page_Store/input_txttotal' is: '10'

2018-06-09 21:45:02 - [TEST_STEP][PASSED] - Statement - out.println("Requested QTY : " + RequestedQty): null

2018-06-09 21:45:02 - [TEST_STEP][PASSED] - Statement - BatchNumber = com.kms.katalon.core.webui.keyword.WebUiBuiltInKeywords.getNumberOfTotalOption(com.kms.katalon.core.testobject.ObjectRepository.findTestObject(HealthpostToStore/Page_Store/select_--Select--BA1170BA2376B)): 4 options of object 'Object Repository/HealthpostToStore/Page_Store/select_--Select--BA1170BA2376B' counted

2018-06-09 21:45:02 - [MESSAGE][PASSED] - 4 options of object 'Object Repository/HealthpostToStore/Page_Store/select_--Select--BA1170BA2376B' counted

2018-06-09 21:45:02 - [TEST_STEP][PASSED] - Statement - For ([g = 1, g <= BatchNumber - 1, (g++)]): null

2018-06-09 21:45:02 - [TEST_STEP][PASSED] - selectOptionByIndex: All options with index in [1] are selected on object 'Object Repository/HealthpostToStore/Page_Store/select_--Select--BA1170BA2376B'

2018-06-09 21:45:02 - [MESSAGE][PASSED] - All options with index in [1] are selected on object 'Object Repository/HealthpostToStore/Page_Store/select_--Select--BA1170BA2376B'

2018-06-09 21:45:02 - [TEST_STEP][PASSED] - Statement - Try: null

2018-06-09 21:45:02 - [TEST_STEP][PASSED] - Statement - StockQty = com.kms.katalon.core.webui.keyword.WebUiBuiltInKeywords.getAttribute(com.kms.katalon.core.testobject.ObjectRepository.findTestObject(HealthpostToStore/Page_Store/input_txtprice), "value"): Attribute 'value' of object 'Object Repository/HealthpostToStore/Page_Store/input_txtprice' is: ''

2018-06-09 21:45:02 - [MESSAGE][PASSED] - Attribute 'value' of object 'Object Repository/HealthpostToStore/Page_Store/input_txtprice' is: ''

2018-06-09 21:45:02 - [TEST_STEP][PASSED] - Statement - out.println("Stock QTY : " + StockQty): null

2018-06-09 21:45:02 - [TEST_STEP][PASSED] - delay: Delayed 2 second(s)

2018-06-09 21:45:04 - [MESSAGE][PASSED] - Delayed 2 second(s)

2018-06-09 21:45:04 - [TEST_STEP][PASSED] - Statement - If (java.lang.String.valueOf(StockQty) >= java.lang.String.valueOf(RequestedQty)): null

2018-06-09 21:45:04 - [TEST_STEP][PASSED] - Statement - Else: null

2018-06-09 21:45:04 - [TEST_STEP][PASSED] - Statement - out.println("Stock Is Less Than Requested Qty"): null

2018-06-09 21:45:04 - [TEST_STEP][PASSED] - selectOptionByIndex: All options with index in [2] are selected on object 'Object Repository/HealthpostToStore/Page_Store/select_--Select--BA1170BA2376B'

2018-06-09 21:45:04 - [MESSAGE][PASSED] - All options with index in [2] are selected on object 'Object Repository/HealthpostToStore/Page_Store/select_--Select--BA1170BA2376B'

2018-06-09 21:45:04 - [TEST_STEP][PASSED] - Statement - Try: null

2018-06-09 21:45:04 - [TEST_STEP][PASSED] - Statement - StockQty = com.kms.katalon.core.webui.keyword.WebUiBuiltInKeywords.getAttribute(com.kms.katalon.core.testobject.ObjectRepository.findTestObject(HealthpostToStore/Page_Store/input_txtprice), "value"): Attribute 'value' of object 'Object Repository/HealthpostToStore/Page_Store/input_txtprice' is: '250'

2018-06-09 21:45:04 - [MESSAGE][PASSED] - Attribute 'value' of object 'Object Repository/HealthpostToStore/Page_Store/input_txtprice' is: '250'

2018-06-09 21:45:04 - [TEST_STEP][PASSED] - Statement - out.println("Stock QTY : " + StockQty): null

2018-06-09 21:45:04 - [TEST_STEP][PASSED] - delay: Delayed 2 second(s)

2018-06-09 21:45:06 - [MESSAGE][PASSED] - Delayed 2 second(s)

2018-06-09 21:45:06 - [TEST_STEP][PASSED] - Statement - If (java.lang.String.valueOf(StockQty) >= java.lang.String.valueOf(RequestedQty)): null

2018-06-09 21:45:06 - [TEST_STEP][PASSED] - setText: Text '10' is set on object 'Object Repository/HealthpostToStore/Page_Store/input_txtqty'

2018-06-09 21:45:06 - [MESSAGE][PASSED] - Text '10' is set on object 'Object Repository/HealthpostToStore/Page_Store/input_txtqty'

2018-06-09 21:45:06 - [TEST_STEP][PASSED] - click: Object: 'Object Repository/HealthpostToStore/Page_Store/button_Add' is clicked on

2018-06-09 21:45:06 - [MESSAGE][PASSED] - Object: 'Object Repository/HealthpostToStore/Page_Store/button_Add' is clicked on

2018-06-09 21:45:06 - [TEST_STEP][PASSED] - Statement - Break: null

2018-06-09 21:45:06 - [TEST_STEP][PASSED] - selectOptionByIndex: All options with index in [71] are selected on object 'Object Repository/HealthpostToStore/Page_Store/select_--Select--Adernaline 0.'

2018-06-09 21:45:07 - [MESSAGE][PASSED] - All options with index in [71] are selected on object 'Object Repository/HealthpostToStore/Page_Store/select_--Select--Adernaline 0.'

2018-06-09 21:45:07 - [TEST_STEP][PASSED] - delay: Delayed 2 second(s)

2018-06-09 21:45:09 - [MESSAGE][PASSED] - Delayed 2 second(s)

2018-06-09 21:45:09 - [TEST_STEP][PASSED] - Statement - RequestedQty = com.kms.katalon.core.webui.keyword.WebUiBuiltInKeywords.getAttribute(com.kms.katalon.core.testobject.ObjectRepository.findTestObject(HealthpostToStore/Page_Store/input_txttotal), "value"): Attribute 'value' of object 'Object Repository/HealthpostToStore/Page_Store/input_txttotal' is: '10'

2018-06-09 21:45:09 - [MESSAGE][PASSED] - Attribute 'value' of object 'Object Repository/HealthpostToStore/Page_Store/input_txttotal' is: '10'

2018-06-09 21:45:09 - [TEST_STEP][PASSED] - Statement - out.println("Requested QTY : " + RequestedQty): null

2018-06-09 21:45:09 - [TEST_STEP][PASSED] - Statement - BatchNumber = com.kms.katalon.core.webui.keyword.WebUiBuiltInKeywords.getNumberOfTotalOption(com.kms.katalon.core.testobject.ObjectRepository.findTestObject(HealthpostToStore/Page_Store/select_--Select--BA1170BA2376B)): 3 options of object 'Object Repository/HealthpostToStore/Page_Store/select_--Select--BA1170BA2376B' counted

2018-06-09 21:45:09 - [MESSAGE][PASSED] - 3 options of object 'Object Repository/HealthpostToStore/Page_Store/select_--Select--BA1170BA2376B' counted

2018-06-09 21:45:09 - [TEST_STEP][PASSED] - Statement - For ([g = 1, g <= BatchNumber - 1, (g++)]): null

2018-06-09 21:45:09 - [TEST_STEP][PASSED] - selectOptionByIndex: All options with index in [1] are selected on object 'Object Repository/HealthpostToStore/Page_Store/select_--Select--BA1170BA2376B'

2018-06-09 21:45:09 - [MESSAGE][PASSED] - All options with index in [1] are selected on object 'Object Repository/HealthpostToStore/Page_Store/select_--Select--BA1170BA2376B'

2018-06-09 21:45:09 - [TEST_STEP][PASSED] - Statement - Try: null

2018-06-09 21:45:09 - [TEST_STEP][PASSED] - Statement - StockQty = com.kms.katalon.core.webui.keyword.WebUiBuiltInKeywords.getAttribute(com.kms.katalon.core.testobject.ObjectRepository.findTestObject(HealthpostToStore/Page_Store/input_txtprice), "value"): Attribute 'value' of object 'Object Repository/HealthpostToStore/Page_Store/input_txtprice' is: '1780'

2018-06-09 21:45:09 - [MESSAGE][PASSED] - Attribute 'value' of object 'Object Repository/HealthpostToStore/Page_Store/input_txtprice' is: '1780'

2018-06-09 21:45:09 - [TEST_STEP][PASSED] - Statement - out.println("Stock QTY : " + StockQty): null

2018-06-09 21:45:09 - [TEST_STEP][PASSED] - delay: Delayed 2 second(s)

2018-06-09 21:45:11 - [MESSAGE][PASSED] - Delayed 2 second(s)

2018-06-09 21:45:11 - [TEST_STEP][PASSED] - Statement - If (java.lang.String.valueOf(StockQty) >= java.lang.String.valueOf(RequestedQty)): null

2018-06-09 21:45:11 - [TEST_STEP][PASSED] - setText: Text '10' is set on object 'Object Repository/HealthpostToStore/Page_Store/input_txtqty'

2018-06-09 21:45:11 - [MESSAGE][PASSED] - Text '10' is set on object 'Object Repository/HealthpostToStore/Page_Store/input_txtqty'

2018-06-09 21:45:11 - [TEST_STEP][PASSED] - click: Object: 'Object Repository/HealthpostToStore/Page_Store/button_Add' is clicked on

2018-06-09 21:45:11 - [MESSAGE][PASSED] - Object: 'Object Repository/HealthpostToStore/Page_Store/button_Add' is clicked on

2018-06-09 21:45:11 - [TEST_STEP][PASSED] - Statement - Break: null

2018-06-09 21:45:11 - [TEST_STEP][PASSED] - selectOptionByIndex: All options with index in [72] are selected on object 'Object Repository/HealthpostToStore/Page_Store/select_--Select--Adernaline 0.'

2018-06-09 21:45:12 - [MESSAGE][PASSED] - All options with index in [72] are selected on object 'Object Repository/HealthpostToStore/Page_Store/select_--Select--Adernaline 0.'

2018-06-09 21:45:12 - [TEST_STEP][PASSED] - delay: Delayed 2 second(s)

2018-06-09 21:45:14 - [MESSAGE][PASSED] - Delayed 2 second(s)

2018-06-09 21:45:14 - [TEST_STEP][PASSED] - Statement - RequestedQty = com.kms.katalon.core.webui.keyword.WebUiBuiltInKeywords.getAttribute(com.kms.katalon.core.testobject.ObjectRepository.findTestObject(HealthpostToStore/Page_Store/input_txttotal), "value"): Attribute 'value' of object 'Object Repository/HealthpostToStore/Page_Store/input_txttotal' is: '10'

2018-06-09 21:45:14 - [MESSAGE][PASSED] - Attribute 'value' of object 'Object Repository/HealthpostToStore/Page_Store/input_txttotal' is: '10'

2018-06-09 21:45:14 - [TEST_STEP][PASSED] - Statement - out.println("Requested QTY : " + RequestedQty): null

2018-06-09 21:45:14 - [TEST_STEP][PASSED] - Statement - BatchNumber = com.kms.katalon.core.webui.keyword.WebUiBuiltInKeywords.getNumberOfTotalOption(com.kms.katalon.core.testobject.ObjectRepository.findTestObject(HealthpostToStore/Page_Store/select_--Select--BA1170BA2376B)): 5 options of object 'Object Repository/HealthpostToStore/Page_Store/select_--Select--BA1170BA2376B' counted

2018-06-09 21:45:14 - [MESSAGE][PASSED] - 5 options of object 'Object Repository/HealthpostToStore/Page_Store/select_--Select--BA1170BA2376B' counted

2018-06-09 21:45:14 - [TEST_STEP][PASSED] - Statement - For ([g = 1, g <= BatchNumber - 1, (g++)]): null

2018-06-09 21:45:14 - [TEST_STEP][PASSED] - selectOptionByIndex: All options with index in [1] are selected on object 'Object Repository/HealthpostToStore/Page_Store/select_--Select--BA1170BA2376B'

2018-06-09 21:45:14 - [MESSAGE][PASSED] - All options with index in [1] are selected on object 'Object Repository/HealthpostToStore/Page_Store/select_--Select--BA1170BA2376B'

2018-06-09 21:45:14 - [TEST_STEP][PASSED] - Statement - Try: null

2018-06-09 21:45:14 - [TEST_STEP][PASSED] - Statement - StockQty = com.kms.katalon.core.webui.keyword.WebUiBuiltInKeywords.getAttribute(com.kms.katalon.core.testobject.ObjectRepository.findTestObject(HealthpostToStore/Page_Store/input_txtprice), "value"): Attribute 'value' of object 'Object Repository/HealthpostToStore/Page_Store/input_txtprice' is: '90'

2018-06-09 21:45:14 - [MESSAGE][PASSED] - Attribute 'value' of object 'Object Repository/HealthpostToStore/Page_Store/input_txtprice' is: '90'

2018-06-09 21:45:14 - [TEST_STEP][PASSED] - Statement - out.println("Stock QTY : " + StockQty): null

2018-06-09 21:45:14 - [TEST_STEP][PASSED] - delay: Delayed 2 second(s)

2018-06-09 21:45:16 - [MESSAGE][PASSED] - Delayed 2 second(s)

2018-06-09 21:45:16 - [TEST_STEP][PASSED] - Statement - If (java.lang.String.valueOf(StockQty) >= java.lang.String.valueOf(RequestedQty)): null

2018-06-09 21:45:16 - [TEST_STEP][PASSED] - setText: Text '10' is set on object 'Object Repository/HealthpostToStore/Page_Store/input_txtqty'

2018-06-09 21:45:17 - [MESSAGE][PASSED] - Text '10' is set on object 'Object Repository/HealthpostToStore/Page_Store/input_txtqty'

2018-06-09 21:45:17 - [TEST_STEP][PASSED] - click: Object: 'Object Repository/HealthpostToStore/Page_Store/button_Add' is clicked on

2018-06-09 21:45:17 - [MESSAGE][PASSED] - Object: 'Object Repository/HealthpostToStore/Page_Store/button_Add' is clicked on

2018-06-09 21:45:17 - [TEST_STEP][PASSED] - Statement - Break: null

2018-06-09 21:45:17 - [TEST_STEP][PASSED] - scrollToElement: Scroll to object 'Object Repository/HealthpostToStore/Page_Store/input_btnSubmit' successfully

2018-06-09 21:45:17 - [MESSAGE][PASSED] - Scroll to object 'Object Repository/HealthpostToStore/Page_Store/input_btnSubmit' successfully

2018-06-09 21:45:17 - [TEST_STEP][PASSED] - click: Object: 'Object Repository/HealthpostToStore/Page_Store/input_btnSubmit' is clicked on

2018-06-09 21:45:17 - [MESSAGE][PASSED] - Object: 'Object Repository/HealthpostToStore/Page_Store/input_btnSubmit' is clicked on

2018-06-09 21:45:17 - [TEST_STEP][PASSED] - delay: Delayed 3 second(s)

2018-06-09 21:45:20 - [MESSAGE][PASSED] - Delayed 3 second(s)

2018-06-09 21:45:20 - [TEST_STEP][PASSED] - click: Object: 'Object Repository/HealthpostToStore/Page_Store/button_OK' is clicked on

2018-06-09 21:45:25 - [MESSAGE][PASSED] - Object: 'Object Repository/HealthpostToStore/Page_Store/button_OK' is clicked on

2018-06-09 21:45:25 - [TEST_STEP][PASSED] - delay: Delayed 3 second(s)

2018-06-09 21:45:28 - [MESSAGE][PASSED] - Delayed 3 second(s)

2018-06-09 21:45:28 - [TEST_STEP][PASSED] - click: Object: 'Object Repository/HealthpostToStore/Page_Store/a_dropdown-toggle' is clicked on

2018-06-09 21:45:28 - [MESSAGE][PASSED] - Object: 'Object Repository/HealthpostToStore/Page_Store/a_dropdown-toggle' is clicked on

2018-06-09 21:45:28 - [TEST_STEP][PASSED] - click: Object: 'Object Repository/HealthpostToStore/Page_Store/a_Sign out' is clicked on

2018-06-09 21:45:29 - [MESSAGE][PASSED] - Object: 'Object Repository/HealthpostToStore/Page_Store/a_Sign out' is clicked on

2018-06-09 21:45:29 - [TEST_STEP][PASSED] - closeBrowser: Browser is closed

2018-06-09 21:45:29 - [MESSAGE][PASSED] - Browser is closed]]></system-out>
         <system-err><![CDATA[]]></system-err>
      </testcase>
      <testcase name="Test Cases/HEALTHPOST TEST CASES/TC_HP_003 Verify Schedule 3 Healthpost Request Are Working Successfully Or Not" classname="Test Cases/HEALTHPOST TEST CASES/TC_HP_003 Verify Schedule 3 Healthpost Request Are Working Successfully Or Not" status="PASSED">
         <system-out><![CDATA[2018-06-09 21:45:29 - [TEST_CASE][PASSED] - Test Cases/HEALTHPOST TEST CASES/TC_HP_003 Verify Schedule 3 Healthpost Request Are Working Successfully Or Not: Test Cases/HEALTHPOST TEST CASES/TC_HP_003 Verify Schedule 3 Healthpost Request Are Working Successfully Or Not

2018-06-09 21:45:30 - [TEST_STEP][PASSED] - openBrowser: Browser is opened with url: ''

2018-06-09 21:45:32 - [MESSAGE][PASSED] - Browser is opened with url: ''

2018-06-09 21:45:32 - [TEST_STEP][PASSED] - navigateToUrl: Navigate to 'http://192.168.137.1/multihospital_new/HDSplashscreen.aspx' successfully

2018-06-09 21:45:33 - [MESSAGE][PASSED] - Navigate to 'http://192.168.137.1/multihospital_new/HDSplashscreen.aspx' successfully

2018-06-09 21:45:33 - [TEST_STEP][PASSED] - maximizeWindow: Current window maximized

2018-06-09 21:45:34 - [MESSAGE][PASSED] - Current window maximized

2018-06-09 21:45:34 - [TEST_STEP][PASSED] - click: Object: 'Object Repository/HealthpostToStore/Page_KDMC/a_Healthpost Store' is clicked on

2018-06-09 21:45:35 - [MESSAGE][PASSED] - Object: 'Object Repository/HealthpostToStore/Page_KDMC/a_Healthpost Store' is clicked on

2018-06-09 21:45:35 - [TEST_STEP][PASSED] - setText: Text 'raguram' is set on object 'Object Repository/HealthpostToStore/Page_HealthPost Store Login/input_txtusername'

2018-06-09 21:45:35 - [MESSAGE][PASSED] - Text 'raguram' is set on object 'Object Repository/HealthpostToStore/Page_HealthPost Store Login/input_txtusername'

2018-06-09 21:45:35 - [TEST_STEP][PASSED] - setText: Text '123' is set on object 'Object Repository/HealthpostToStore/Page_HealthPost Store Login/input_txtpassword'

2018-06-09 21:45:35 - [MESSAGE][PASSED] - Text '123' is set on object 'Object Repository/HealthpostToStore/Page_HealthPost Store Login/input_txtpassword'

2018-06-09 21:45:35 - [TEST_STEP][PASSED] - delay: Delayed 3 second(s)

2018-06-09 21:45:38 - [MESSAGE][PASSED] - Delayed 3 second(s)

2018-06-09 21:45:38 - [TEST_STEP][PASSED] - sendKeys: Keys 'ENTER + ' sent to object: 'Object Repository/HealthpostToStore/Page_HealthPost Store Login/input_txtpassword'

2018-06-09 21:45:39 - [MESSAGE][PASSED] - Keys 'ENTER + ' sent to object: 'Object Repository/HealthpostToStore/Page_HealthPost Store Login/input_txtpassword'

2018-06-09 21:45:39 - [TEST_STEP][PASSED] - delay: Delayed 3 second(s)

2018-06-09 21:45:42 - [MESSAGE][PASSED] - Delayed 3 second(s)

2018-06-09 21:45:42 - [TEST_STEP][PASSED] - click: Object: 'Object Repository/HealthpostToStore/Page_HealthPost Store/a_Request to Store' is clicked on

2018-06-09 21:45:42 - [MESSAGE][PASSED] - Object: 'Object Repository/HealthpostToStore/Page_HealthPost Store/a_Request to Store' is clicked on

2018-06-09 21:45:42 - [TEST_STEP][PASSED] - delay: Delayed 1 second(s)

2018-06-09 21:45:43 - [MESSAGE][PASSED] - Delayed 1 second(s)

2018-06-09 21:45:43 - [TEST_STEP][PASSED] - click: Object: 'Object Repository/HealthpostToStore/Page_HealthPost Store/a_Medicine Request' is clicked on

2018-06-09 21:45:44 - [MESSAGE][PASSED] - Object: 'Object Repository/HealthpostToStore/Page_HealthPost Store/a_Medicine Request' is clicked on

2018-06-09 21:45:44 - [TEST_STEP][PASSED] - delay: Delayed 1 second(s)

2018-06-09 21:45:45 - [MESSAGE][PASSED] - Delayed 1 second(s)

2018-06-09 21:45:45 - [TEST_STEP][PASSED] - selectOptionByIndex: All options with index in [3] are selected on object 'Object Repository/HealthpostToStore/Page_HealthPost Store/select_--Select--Schedule 1Inj'

2018-06-09 21:45:45 - [MESSAGE][PASSED] - All options with index in [3] are selected on object 'Object Repository/HealthpostToStore/Page_HealthPost Store/select_--Select--Schedule 1Inj'

2018-06-09 21:45:45 - [TEST_STEP][PASSED] - Statement - medicineslength = com.kms.katalon.core.webui.keyword.WebUiBuiltInKeywords.getNumberOfTotalOption(com.kms.katalon.core.testobject.ObjectRepository.findTestObject(HealthpostToStore/Page_HealthPost Store/select_--Select--Adernaline 0.)): 37 options of object 'Object Repository/HealthpostToStore/Page_HealthPost Store/select_--Select--Adernaline 0.' counted

2018-06-09 21:45:45 - [MESSAGE][PASSED] - 37 options of object 'Object Repository/HealthpostToStore/Page_HealthPost Store/select_--Select--Adernaline 0.' counted

2018-06-09 21:45:45 - [TEST_STEP][PASSED] - Statement - For ([e = 1, e <= medicineslength - 1, (e++)]): Object: 'Object Repository/HealthpostToStore/Page_HealthPost Store/button_Add' is clicked on

2018-06-09 21:45:45 - [TEST_STEP][PASSED] - selectOptionByIndex: All options with index in [3] are selected on object 'Object Repository/HealthpostToStore/Page_HealthPost Store/select_--Select--Schedule 1Inj'

2018-06-09 21:45:45 - [MESSAGE][PASSED] - All options with index in [3] are selected on object 'Object Repository/HealthpostToStore/Page_HealthPost Store/select_--Select--Schedule 1Inj'

2018-06-09 21:45:45 - [TEST_STEP][PASSED] - delay: Delayed 1 second(s)

2018-06-09 21:45:46 - [MESSAGE][PASSED] - Delayed 1 second(s)

2018-06-09 21:45:46 - [TEST_STEP][PASSED] - selectOptionByIndex: All options with index in [1] are selected on object 'Object Repository/HealthpostToStore/Page_HealthPost Store/select_--Select--Adernaline 0.'

2018-06-09 21:45:46 - [MESSAGE][PASSED] - All options with index in [1] are selected on object 'Object Repository/HealthpostToStore/Page_HealthPost Store/select_--Select--Adernaline 0.'

2018-06-09 21:45:46 - [TEST_STEP][PASSED] - setText: Text '10' is set on object 'Object Repository/HealthpostToStore/Page_HealthPost Store/input_txttreat'

2018-06-09 21:45:46 - [MESSAGE][PASSED] - Text '10' is set on object 'Object Repository/HealthpostToStore/Page_HealthPost Store/input_txttreat'

2018-06-09 21:45:46 - [TEST_STEP][PASSED] - click: Object: 'Object Repository/HealthpostToStore/Page_HealthPost Store/button_Add' is clicked on

2018-06-09 21:45:46 - [MESSAGE][PASSED] - Object: 'Object Repository/HealthpostToStore/Page_HealthPost Store/button_Add' is clicked on

2018-06-09 21:45:46 - [TEST_STEP][PASSED] - selectOptionByIndex: All options with index in [3] are selected on object 'Object Repository/HealthpostToStore/Page_HealthPost Store/select_--Select--Schedule 1Inj'

2018-06-09 21:45:47 - [MESSAGE][PASSED] - All options with index in [3] are selected on object 'Object Repository/HealthpostToStore/Page_HealthPost Store/select_--Select--Schedule 1Inj'

2018-06-09 21:45:47 - [TEST_STEP][PASSED] - delay: Delayed 1 second(s)

2018-06-09 21:45:48 - [MESSAGE][PASSED] - Delayed 1 second(s)

2018-06-09 21:45:48 - [TEST_STEP][PASSED] - selectOptionByIndex: All options with index in [2] are selected on object 'Object Repository/HealthpostToStore/Page_HealthPost Store/select_--Select--Adernaline 0.'

2018-06-09 21:45:48 - [MESSAGE][PASSED] - All options with index in [2] are selected on object 'Object Repository/HealthpostToStore/Page_HealthPost Store/select_--Select--Adernaline 0.'

2018-06-09 21:45:48 - [TEST_STEP][PASSED] - setText: Text '10' is set on object 'Object Repository/HealthpostToStore/Page_HealthPost Store/input_txttreat'

2018-06-09 21:45:48 - [MESSAGE][PASSED] - Text '10' is set on object 'Object Repository/HealthpostToStore/Page_HealthPost Store/input_txttreat'

2018-06-09 21:45:48 - [TEST_STEP][PASSED] - click: Object: 'Object Repository/HealthpostToStore/Page_HealthPost Store/button_Add' is clicked on

2018-06-09 21:45:48 - [MESSAGE][PASSED] - Object: 'Object Repository/HealthpostToStore/Page_HealthPost Store/button_Add' is clicked on

2018-06-09 21:45:48 - [TEST_STEP][PASSED] - selectOptionByIndex: All options with index in [3] are selected on object 'Object Repository/HealthpostToStore/Page_HealthPost Store/select_--Select--Schedule 1Inj'

2018-06-09 21:45:48 - [MESSAGE][PASSED] - All options with index in [3] are selected on object 'Object Repository/HealthpostToStore/Page_HealthPost Store/select_--Select--Schedule 1Inj'

2018-06-09 21:45:48 - [TEST_STEP][PASSED] - delay: Delayed 1 second(s)

2018-06-09 21:45:49 - [MESSAGE][PASSED] - Delayed 1 second(s)

2018-06-09 21:45:49 - [TEST_STEP][PASSED] - selectOptionByIndex: All options with index in [3] are selected on object 'Object Repository/HealthpostToStore/Page_HealthPost Store/select_--Select--Adernaline 0.'

2018-06-09 21:45:49 - [MESSAGE][PASSED] - All options with index in [3] are selected on object 'Object Repository/HealthpostToStore/Page_HealthPost Store/select_--Select--Adernaline 0.'

2018-06-09 21:45:49 - [TEST_STEP][PASSED] - setText: Text '10' is set on object 'Object Repository/HealthpostToStore/Page_HealthPost Store/input_txttreat'

2018-06-09 21:45:49 - [MESSAGE][PASSED] - Text '10' is set on object 'Object Repository/HealthpostToStore/Page_HealthPost Store/input_txttreat'

2018-06-09 21:45:49 - [TEST_STEP][PASSED] - click: Object: 'Object Repository/HealthpostToStore/Page_HealthPost Store/button_Add' is clicked on

2018-06-09 21:45:49 - [MESSAGE][PASSED] - Object: 'Object Repository/HealthpostToStore/Page_HealthPost Store/button_Add' is clicked on

2018-06-09 21:45:49 - [TEST_STEP][PASSED] - selectOptionByIndex: All options with index in [3] are selected on object 'Object Repository/HealthpostToStore/Page_HealthPost Store/select_--Select--Schedule 1Inj'

2018-06-09 21:45:49 - [MESSAGE][PASSED] - All options with index in [3] are selected on object 'Object Repository/HealthpostToStore/Page_HealthPost Store/select_--Select--Schedule 1Inj'

2018-06-09 21:45:49 - [TEST_STEP][PASSED] - delay: Delayed 1 second(s)

2018-06-09 21:45:50 - [MESSAGE][PASSED] - Delayed 1 second(s)

2018-06-09 21:45:50 - [TEST_STEP][PASSED] - selectOptionByIndex: All options with index in [4] are selected on object 'Object Repository/HealthpostToStore/Page_HealthPost Store/select_--Select--Adernaline 0.'

2018-06-09 21:45:51 - [MESSAGE][PASSED] - All options with index in [4] are selected on object 'Object Repository/HealthpostToStore/Page_HealthPost Store/select_--Select--Adernaline 0.'

2018-06-09 21:45:51 - [TEST_STEP][PASSED] - setText: Text '10' is set on object 'Object Repository/HealthpostToStore/Page_HealthPost Store/input_txttreat'

2018-06-09 21:45:51 - [MESSAGE][PASSED] - Text '10' is set on object 'Object Repository/HealthpostToStore/Page_HealthPost Store/input_txttreat'

2018-06-09 21:45:51 - [TEST_STEP][PASSED] - click: Object: 'Object Repository/HealthpostToStore/Page_HealthPost Store/button_Add' is clicked on

2018-06-09 21:45:51 - [MESSAGE][PASSED] - Object: 'Object Repository/HealthpostToStore/Page_HealthPost Store/button_Add' is clicked on

2018-06-09 21:45:51 - [TEST_STEP][PASSED] - selectOptionByIndex: All options with index in [3] are selected on object 'Object Repository/HealthpostToStore/Page_HealthPost Store/select_--Select--Schedule 1Inj'

2018-06-09 21:45:51 - [MESSAGE][PASSED] - All options with index in [3] are selected on object 'Object Repository/HealthpostToStore/Page_HealthPost Store/select_--Select--Schedule 1Inj'

2018-06-09 21:45:51 - [TEST_STEP][PASSED] - delay: Delayed 1 second(s)

2018-06-09 21:45:52 - [MESSAGE][PASSED] - Delayed 1 second(s)

2018-06-09 21:45:52 - [TEST_STEP][PASSED] - selectOptionByIndex: All options with index in [5] are selected on object 'Object Repository/HealthpostToStore/Page_HealthPost Store/select_--Select--Adernaline 0.'

2018-06-09 21:45:52 - [MESSAGE][PASSED] - All options with index in [5] are selected on object 'Object Repository/HealthpostToStore/Page_HealthPost Store/select_--Select--Adernaline 0.'

2018-06-09 21:45:52 - [TEST_STEP][PASSED] - setText: Text '10' is set on object 'Object Repository/HealthpostToStore/Page_HealthPost Store/input_txttreat'

2018-06-09 21:45:52 - [MESSAGE][PASSED] - Text '10' is set on object 'Object Repository/HealthpostToStore/Page_HealthPost Store/input_txttreat'

2018-06-09 21:45:52 - [TEST_STEP][PASSED] - click: Object: 'Object Repository/HealthpostToStore/Page_HealthPost Store/button_Add' is clicked on

2018-06-09 21:45:52 - [MESSAGE][PASSED] - Object: 'Object Repository/HealthpostToStore/Page_HealthPost Store/button_Add' is clicked on

2018-06-09 21:45:52 - [TEST_STEP][PASSED] - selectOptionByIndex: All options with index in [3] are selected on object 'Object Repository/HealthpostToStore/Page_HealthPost Store/select_--Select--Schedule 1Inj'

2018-06-09 21:45:52 - [MESSAGE][PASSED] - All options with index in [3] are selected on object 'Object Repository/HealthpostToStore/Page_HealthPost Store/select_--Select--Schedule 1Inj'

2018-06-09 21:45:52 - [TEST_STEP][PASSED] - delay: Delayed 1 second(s)

2018-06-09 21:45:53 - [MESSAGE][PASSED] - Delayed 1 second(s)

2018-06-09 21:45:53 - [TEST_STEP][PASSED] - selectOptionByIndex: All options with index in [6] are selected on object 'Object Repository/HealthpostToStore/Page_HealthPost Store/select_--Select--Adernaline 0.'

2018-06-09 21:45:54 - [MESSAGE][PASSED] - All options with index in [6] are selected on object 'Object Repository/HealthpostToStore/Page_HealthPost Store/select_--Select--Adernaline 0.'

2018-06-09 21:45:54 - [TEST_STEP][PASSED] - setText: Text '10' is set on object 'Object Repository/HealthpostToStore/Page_HealthPost Store/input_txttreat'

2018-06-09 21:45:54 - [MESSAGE][PASSED] - Text '10' is set on object 'Object Repository/HealthpostToStore/Page_HealthPost Store/input_txttreat'

2018-06-09 21:45:54 - [TEST_STEP][PASSED] - click: Object: 'Object Repository/HealthpostToStore/Page_HealthPost Store/button_Add' is clicked on

2018-06-09 21:45:54 - [MESSAGE][PASSED] - Object: 'Object Repository/HealthpostToStore/Page_HealthPost Store/button_Add' is clicked on

2018-06-09 21:45:54 - [TEST_STEP][PASSED] - selectOptionByIndex: All options with index in [3] are selected on object 'Object Repository/HealthpostToStore/Page_HealthPost Store/select_--Select--Schedule 1Inj'

2018-06-09 21:45:54 - [MESSAGE][PASSED] - All options with index in [3] are selected on object 'Object Repository/HealthpostToStore/Page_HealthPost Store/select_--Select--Schedule 1Inj'

2018-06-09 21:45:54 - [TEST_STEP][PASSED] - delay: Delayed 1 second(s)

2018-06-09 21:45:55 - [MESSAGE][PASSED] - Delayed 1 second(s)

2018-06-09 21:45:55 - [TEST_STEP][PASSED] - selectOptionByIndex: All options with index in [7] are selected on object 'Object Repository/HealthpostToStore/Page_HealthPost Store/select_--Select--Adernaline 0.'

2018-06-09 21:45:55 - [MESSAGE][PASSED] - All options with index in [7] are selected on object 'Object Repository/HealthpostToStore/Page_HealthPost Store/select_--Select--Adernaline 0.'

2018-06-09 21:45:55 - [TEST_STEP][PASSED] - setText: Text '10' is set on object 'Object Repository/HealthpostToStore/Page_HealthPost Store/input_txttreat'

2018-06-09 21:45:55 - [MESSAGE][PASSED] - Text '10' is set on object 'Object Repository/HealthpostToStore/Page_HealthPost Store/input_txttreat'

2018-06-09 21:45:55 - [TEST_STEP][PASSED] - click: Object: 'Object Repository/HealthpostToStore/Page_HealthPost Store/button_Add' is clicked on

2018-06-09 21:45:55 - [MESSAGE][PASSED] - Object: 'Object Repository/HealthpostToStore/Page_HealthPost Store/button_Add' is clicked on

2018-06-09 21:45:55 - [TEST_STEP][PASSED] - selectOptionByIndex: All options with index in [3] are selected on object 'Object Repository/HealthpostToStore/Page_HealthPost Store/select_--Select--Schedule 1Inj'

2018-06-09 21:45:55 - [MESSAGE][PASSED] - All options with index in [3] are selected on object 'Object Repository/HealthpostToStore/Page_HealthPost Store/select_--Select--Schedule 1Inj'

2018-06-09 21:45:55 - [TEST_STEP][PASSED] - delay: Delayed 1 second(s)

2018-06-09 21:45:56 - [MESSAGE][PASSED] - Delayed 1 second(s)

2018-06-09 21:45:56 - [TEST_STEP][PASSED] - selectOptionByIndex: All options with index in [8] are selected on object 'Object Repository/HealthpostToStore/Page_HealthPost Store/select_--Select--Adernaline 0.'

2018-06-09 21:45:57 - [MESSAGE][PASSED] - All options with index in [8] are selected on object 'Object Repository/HealthpostToStore/Page_HealthPost Store/select_--Select--Adernaline 0.'

2018-06-09 21:45:57 - [TEST_STEP][PASSED] - setText: Text '10' is set on object 'Object Repository/HealthpostToStore/Page_HealthPost Store/input_txttreat'

2018-06-09 21:45:57 - [MESSAGE][PASSED] - Text '10' is set on object 'Object Repository/HealthpostToStore/Page_HealthPost Store/input_txttreat'

2018-06-09 21:45:57 - [TEST_STEP][PASSED] - click: Object: 'Object Repository/HealthpostToStore/Page_HealthPost Store/button_Add' is clicked on

2018-06-09 21:45:57 - [MESSAGE][PASSED] - Object: 'Object Repository/HealthpostToStore/Page_HealthPost Store/button_Add' is clicked on

2018-06-09 21:45:57 - [TEST_STEP][PASSED] - selectOptionByIndex: All options with index in [3] are selected on object 'Object Repository/HealthpostToStore/Page_HealthPost Store/select_--Select--Schedule 1Inj'

2018-06-09 21:45:57 - [MESSAGE][PASSED] - All options with index in [3] are selected on object 'Object Repository/HealthpostToStore/Page_HealthPost Store/select_--Select--Schedule 1Inj'

2018-06-09 21:45:57 - [TEST_STEP][PASSED] - delay: Delayed 1 second(s)

2018-06-09 21:45:58 - [MESSAGE][PASSED] - Delayed 1 second(s)

2018-06-09 21:45:58 - [TEST_STEP][PASSED] - selectOptionByIndex: All options with index in [9] are selected on object 'Object Repository/HealthpostToStore/Page_HealthPost Store/select_--Select--Adernaline 0.'

2018-06-09 21:45:58 - [MESSAGE][PASSED] - All options with index in [9] are selected on object 'Object Repository/HealthpostToStore/Page_HealthPost Store/select_--Select--Adernaline 0.'

2018-06-09 21:45:58 - [TEST_STEP][PASSED] - setText: Text '10' is set on object 'Object Repository/HealthpostToStore/Page_HealthPost Store/input_txttreat'

2018-06-09 21:45:58 - [MESSAGE][PASSED] - Text '10' is set on object 'Object Repository/HealthpostToStore/Page_HealthPost Store/input_txttreat'

2018-06-09 21:45:58 - [TEST_STEP][PASSED] - click: Object: 'Object Repository/HealthpostToStore/Page_HealthPost Store/button_Add' is clicked on

2018-06-09 21:45:58 - [MESSAGE][PASSED] - Object: 'Object Repository/HealthpostToStore/Page_HealthPost Store/button_Add' is clicked on

2018-06-09 21:45:58 - [TEST_STEP][PASSED] - selectOptionByIndex: All options with index in [3] are selected on object 'Object Repository/HealthpostToStore/Page_HealthPost Store/select_--Select--Schedule 1Inj'

2018-06-09 21:45:58 - [MESSAGE][PASSED] - All options with index in [3] are selected on object 'Object Repository/HealthpostToStore/Page_HealthPost Store/select_--Select--Schedule 1Inj'

2018-06-09 21:45:58 - [TEST_STEP][PASSED] - delay: Delayed 1 second(s)

2018-06-09 21:45:59 - [MESSAGE][PASSED] - Delayed 1 second(s)

2018-06-09 21:45:59 - [TEST_STEP][PASSED] - selectOptionByIndex: All options with index in [10] are selected on object 'Object Repository/HealthpostToStore/Page_HealthPost Store/select_--Select--Adernaline 0.'

2018-06-09 21:46:00 - [MESSAGE][PASSED] - All options with index in [10] are selected on object 'Object Repository/HealthpostToStore/Page_HealthPost Store/select_--Select--Adernaline 0.'

2018-06-09 21:46:00 - [TEST_STEP][PASSED] - setText: Text '10' is set on object 'Object Repository/HealthpostToStore/Page_HealthPost Store/input_txttreat'

2018-06-09 21:46:00 - [MESSAGE][PASSED] - Text '10' is set on object 'Object Repository/HealthpostToStore/Page_HealthPost Store/input_txttreat'

2018-06-09 21:46:00 - [TEST_STEP][PASSED] - click: Object: 'Object Repository/HealthpostToStore/Page_HealthPost Store/button_Add' is clicked on

2018-06-09 21:46:00 - [MESSAGE][PASSED] - Object: 'Object Repository/HealthpostToStore/Page_HealthPost Store/button_Add' is clicked on

2018-06-09 21:46:00 - [TEST_STEP][PASSED] - selectOptionByIndex: All options with index in [3] are selected on object 'Object Repository/HealthpostToStore/Page_HealthPost Store/select_--Select--Schedule 1Inj'

2018-06-09 21:46:00 - [MESSAGE][PASSED] - All options with index in [3] are selected on object 'Object Repository/HealthpostToStore/Page_HealthPost Store/select_--Select--Schedule 1Inj'

2018-06-09 21:46:00 - [TEST_STEP][PASSED] - delay: Delayed 1 second(s)

2018-06-09 21:46:01 - [MESSAGE][PASSED] - Delayed 1 second(s)

2018-06-09 21:46:01 - [TEST_STEP][PASSED] - selectOptionByIndex: All options with index in [11] are selected on object 'Object Repository/HealthpostToStore/Page_HealthPost Store/select_--Select--Adernaline 0.'

2018-06-09 21:46:01 - [MESSAGE][PASSED] - All options with index in [11] are selected on object 'Object Repository/HealthpostToStore/Page_HealthPost Store/select_--Select--Adernaline 0.'

2018-06-09 21:46:01 - [TEST_STEP][PASSED] - setText: Text '10' is set on object 'Object Repository/HealthpostToStore/Page_HealthPost Store/input_txttreat'

2018-06-09 21:46:01 - [MESSAGE][PASSED] - Text '10' is set on object 'Object Repository/HealthpostToStore/Page_HealthPost Store/input_txttreat'

2018-06-09 21:46:01 - [TEST_STEP][PASSED] - click: Object: 'Object Repository/HealthpostToStore/Page_HealthPost Store/button_Add' is clicked on

2018-06-09 21:46:01 - [MESSAGE][PASSED] - Object: 'Object Repository/HealthpostToStore/Page_HealthPost Store/button_Add' is clicked on

2018-06-09 21:46:01 - [TEST_STEP][PASSED] - selectOptionByIndex: All options with index in [3] are selected on object 'Object Repository/HealthpostToStore/Page_HealthPost Store/select_--Select--Schedule 1Inj'

2018-06-09 21:46:01 - [MESSAGE][PASSED] - All options with index in [3] are selected on object 'Object Repository/HealthpostToStore/Page_HealthPost Store/select_--Select--Schedule 1Inj'

2018-06-09 21:46:01 - [TEST_STEP][PASSED] - delay: Delayed 1 second(s)

2018-06-09 21:46:02 - [MESSAGE][PASSED] - Delayed 1 second(s)

2018-06-09 21:46:02 - [TEST_STEP][PASSED] - selectOptionByIndex: All options with index in [12] are selected on object 'Object Repository/HealthpostToStore/Page_HealthPost Store/select_--Select--Adernaline 0.'

2018-06-09 21:46:03 - [MESSAGE][PASSED] - All options with index in [12] are selected on object 'Object Repository/HealthpostToStore/Page_HealthPost Store/select_--Select--Adernaline 0.'

2018-06-09 21:46:03 - [TEST_STEP][PASSED] - setText: Text '10' is set on object 'Object Repository/HealthpostToStore/Page_HealthPost Store/input_txttreat'

2018-06-09 21:46:03 - [MESSAGE][PASSED] - Text '10' is set on object 'Object Repository/HealthpostToStore/Page_HealthPost Store/input_txttreat'

2018-06-09 21:46:03 - [TEST_STEP][PASSED] - click: Object: 'Object Repository/HealthpostToStore/Page_HealthPost Store/button_Add' is clicked on

2018-06-09 21:46:03 - [MESSAGE][PASSED] - Object: 'Object Repository/HealthpostToStore/Page_HealthPost Store/button_Add' is clicked on

2018-06-09 21:46:03 - [TEST_STEP][PASSED] - selectOptionByIndex: All options with index in [3] are selected on object 'Object Repository/HealthpostToStore/Page_HealthPost Store/select_--Select--Schedule 1Inj'

2018-06-09 21:46:03 - [MESSAGE][PASSED] - All options with index in [3] are selected on object 'Object Repository/HealthpostToStore/Page_HealthPost Store/select_--Select--Schedule 1Inj'

2018-06-09 21:46:03 - [TEST_STEP][PASSED] - delay: Delayed 1 second(s)

2018-06-09 21:46:04 - [MESSAGE][PASSED] - Delayed 1 second(s)

2018-06-09 21:46:04 - [TEST_STEP][PASSED] - selectOptionByIndex: All options with index in [13] are selected on object 'Object Repository/HealthpostToStore/Page_HealthPost Store/select_--Select--Adernaline 0.'

2018-06-09 21:46:04 - [MESSAGE][PASSED] - All options with index in [13] are selected on object 'Object Repository/HealthpostToStore/Page_HealthPost Store/select_--Select--Adernaline 0.'

2018-06-09 21:46:04 - [TEST_STEP][PASSED] - setText: Text '10' is set on object 'Object Repository/HealthpostToStore/Page_HealthPost Store/input_txttreat'

2018-06-09 21:46:04 - [MESSAGE][PASSED] - Text '10' is set on object 'Object Repository/HealthpostToStore/Page_HealthPost Store/input_txttreat'

2018-06-09 21:46:04 - [TEST_STEP][PASSED] - click: Object: 'Object Repository/HealthpostToStore/Page_HealthPost Store/button_Add' is clicked on

2018-06-09 21:46:04 - [MESSAGE][PASSED] - Object: 'Object Repository/HealthpostToStore/Page_HealthPost Store/button_Add' is clicked on

2018-06-09 21:46:04 - [TEST_STEP][PASSED] - selectOptionByIndex: All options with index in [3] are selected on object 'Object Repository/HealthpostToStore/Page_HealthPost Store/select_--Select--Schedule 1Inj'

2018-06-09 21:46:05 - [MESSAGE][PASSED] - All options with index in [3] are selected on object 'Object Repository/HealthpostToStore/Page_HealthPost Store/select_--Select--Schedule 1Inj'

2018-06-09 21:46:05 - [TEST_STEP][PASSED] - delay: Delayed 1 second(s)

2018-06-09 21:46:06 - [MESSAGE][PASSED] - Delayed 1 second(s)

2018-06-09 21:46:06 - [TEST_STEP][PASSED] - selectOptionByIndex: All options with index in [14] are selected on object 'Object Repository/HealthpostToStore/Page_HealthPost Store/select_--Select--Adernaline 0.'

2018-06-09 21:46:06 - [MESSAGE][PASSED] - All options with index in [14] are selected on object 'Object Repository/HealthpostToStore/Page_HealthPost Store/select_--Select--Adernaline 0.'

2018-06-09 21:46:06 - [TEST_STEP][PASSED] - setText: Text '10' is set on object 'Object Repository/HealthpostToStore/Page_HealthPost Store/input_txttreat'

2018-06-09 21:46:06 - [MESSAGE][PASSED] - Text '10' is set on object 'Object Repository/HealthpostToStore/Page_HealthPost Store/input_txttreat'

2018-06-09 21:46:06 - [TEST_STEP][PASSED] - click: Object: 'Object Repository/HealthpostToStore/Page_HealthPost Store/button_Add' is clicked on

2018-06-09 21:46:06 - [MESSAGE][PASSED] - Object: 'Object Repository/HealthpostToStore/Page_HealthPost Store/button_Add' is clicked on

2018-06-09 21:46:06 - [TEST_STEP][PASSED] - selectOptionByIndex: All options with index in [3] are selected on object 'Object Repository/HealthpostToStore/Page_HealthPost Store/select_--Select--Schedule 1Inj'

2018-06-09 21:46:06 - [MESSAGE][PASSED] - All options with index in [3] are selected on object 'Object Repository/HealthpostToStore/Page_HealthPost Store/select_--Select--Schedule 1Inj'

2018-06-09 21:46:06 - [TEST_STEP][PASSED] - delay: Delayed 1 second(s)

2018-06-09 21:46:07 - [MESSAGE][PASSED] - Delayed 1 second(s)

2018-06-09 21:46:07 - [TEST_STEP][PASSED] - selectOptionByIndex: All options with index in [15] are selected on object 'Object Repository/HealthpostToStore/Page_HealthPost Store/select_--Select--Adernaline 0.'

2018-06-09 21:46:07 - [MESSAGE][PASSED] - All options with index in [15] are selected on object 'Object Repository/HealthpostToStore/Page_HealthPost Store/select_--Select--Adernaline 0.'

2018-06-09 21:46:07 - [TEST_STEP][PASSED] - setText: Text '10' is set on object 'Object Repository/HealthpostToStore/Page_HealthPost Store/input_txttreat'

2018-06-09 21:46:07 - [MESSAGE][PASSED] - Text '10' is set on object 'Object Repository/HealthpostToStore/Page_HealthPost Store/input_txttreat'

2018-06-09 21:46:07 - [TEST_STEP][PASSED] - click: Object: 'Object Repository/HealthpostToStore/Page_HealthPost Store/button_Add' is clicked on

2018-06-09 21:46:08 - [MESSAGE][PASSED] - Object: 'Object Repository/HealthpostToStore/Page_HealthPost Store/button_Add' is clicked on

2018-06-09 21:46:08 - [TEST_STEP][PASSED] - selectOptionByIndex: All options with index in [3] are selected on object 'Object Repository/HealthpostToStore/Page_HealthPost Store/select_--Select--Schedule 1Inj'

2018-06-09 21:46:08 - [MESSAGE][PASSED] - All options with index in [3] are selected on object 'Object Repository/HealthpostToStore/Page_HealthPost Store/select_--Select--Schedule 1Inj'

2018-06-09 21:46:08 - [TEST_STEP][PASSED] - delay: Delayed 1 second(s)

2018-06-09 21:46:09 - [MESSAGE][PASSED] - Delayed 1 second(s)

2018-06-09 21:46:09 - [TEST_STEP][PASSED] - selectOptionByIndex: All options with index in [16] are selected on object 'Object Repository/HealthpostToStore/Page_HealthPost Store/select_--Select--Adernaline 0.'

2018-06-09 21:46:09 - [MESSAGE][PASSED] - All options with index in [16] are selected on object 'Object Repository/HealthpostToStore/Page_HealthPost Store/select_--Select--Adernaline 0.'

2018-06-09 21:46:09 - [TEST_STEP][PASSED] - setText: Text '10' is set on object 'Object Repository/HealthpostToStore/Page_HealthPost Store/input_txttreat'

2018-06-09 21:46:09 - [MESSAGE][PASSED] - Text '10' is set on object 'Object Repository/HealthpostToStore/Page_HealthPost Store/input_txttreat'

2018-06-09 21:46:09 - [TEST_STEP][PASSED] - click: Object: 'Object Repository/HealthpostToStore/Page_HealthPost Store/button_Add' is clicked on

2018-06-09 21:46:09 - [MESSAGE][PASSED] - Object: 'Object Repository/HealthpostToStore/Page_HealthPost Store/button_Add' is clicked on

2018-06-09 21:46:09 - [TEST_STEP][PASSED] - selectOptionByIndex: All options with index in [3] are selected on object 'Object Repository/HealthpostToStore/Page_HealthPost Store/select_--Select--Schedule 1Inj'

2018-06-09 21:46:09 - [MESSAGE][PASSED] - All options with index in [3] are selected on object 'Object Repository/HealthpostToStore/Page_HealthPost Store/select_--Select--Schedule 1Inj'

2018-06-09 21:46:09 - [TEST_STEP][PASSED] - delay: Delayed 1 second(s)

2018-06-09 21:46:10 - [MESSAGE][PASSED] - Delayed 1 second(s)

2018-06-09 21:46:10 - [TEST_STEP][PASSED] - selectOptionByIndex: All options with index in [17] are selected on object 'Object Repository/HealthpostToStore/Page_HealthPost Store/select_--Select--Adernaline 0.'

2018-06-09 21:46:11 - [MESSAGE][PASSED] - All options with index in [17] are selected on object 'Object Repository/HealthpostToStore/Page_HealthPost Store/select_--Select--Adernaline 0.'

2018-06-09 21:46:11 - [TEST_STEP][PASSED] - setText: Text '10' is set on object 'Object Repository/HealthpostToStore/Page_HealthPost Store/input_txttreat'

2018-06-09 21:46:11 - [MESSAGE][PASSED] - Text '10' is set on object 'Object Repository/HealthpostToStore/Page_HealthPost Store/input_txttreat'

2018-06-09 21:46:11 - [TEST_STEP][PASSED] - click: Object: 'Object Repository/HealthpostToStore/Page_HealthPost Store/button_Add' is clicked on

2018-06-09 21:46:11 - [MESSAGE][PASSED] - Object: 'Object Repository/HealthpostToStore/Page_HealthPost Store/button_Add' is clicked on

2018-06-09 21:46:11 - [TEST_STEP][PASSED] - selectOptionByIndex: All options with index in [3] are selected on object 'Object Repository/HealthpostToStore/Page_HealthPost Store/select_--Select--Schedule 1Inj'

2018-06-09 21:46:11 - [MESSAGE][PASSED] - All options with index in [3] are selected on object 'Object Repository/HealthpostToStore/Page_HealthPost Store/select_--Select--Schedule 1Inj'

2018-06-09 21:46:11 - [TEST_STEP][PASSED] - delay: Delayed 1 second(s)

2018-06-09 21:46:12 - [MESSAGE][PASSED] - Delayed 1 second(s)

2018-06-09 21:46:12 - [TEST_STEP][PASSED] - selectOptionByIndex: All options with index in [18] are selected on object 'Object Repository/HealthpostToStore/Page_HealthPost Store/select_--Select--Adernaline 0.'

2018-06-09 21:46:12 - [MESSAGE][PASSED] - All options with index in [18] are selected on object 'Object Repository/HealthpostToStore/Page_HealthPost Store/select_--Select--Adernaline 0.'

2018-06-09 21:46:12 - [TEST_STEP][PASSED] - setText: Text '10' is set on object 'Object Repository/HealthpostToStore/Page_HealthPost Store/input_txttreat'

2018-06-09 21:46:12 - [MESSAGE][PASSED] - Text '10' is set on object 'Object Repository/HealthpostToStore/Page_HealthPost Store/input_txttreat'

2018-06-09 21:46:12 - [TEST_STEP][PASSED] - click: Object: 'Object Repository/HealthpostToStore/Page_HealthPost Store/button_Add' is clicked on

2018-06-09 21:46:12 - [MESSAGE][PASSED] - Object: 'Object Repository/HealthpostToStore/Page_HealthPost Store/button_Add' is clicked on

2018-06-09 21:46:12 - [TEST_STEP][PASSED] - selectOptionByIndex: All options with index in [3] are selected on object 'Object Repository/HealthpostToStore/Page_HealthPost Store/select_--Select--Schedule 1Inj'

2018-06-09 21:46:12 - [MESSAGE][PASSED] - All options with index in [3] are selected on object 'Object Repository/HealthpostToStore/Page_HealthPost Store/select_--Select--Schedule 1Inj'

2018-06-09 21:46:12 - [TEST_STEP][PASSED] - delay: Delayed 1 second(s)

2018-06-09 21:46:13 - [MESSAGE][PASSED] - Delayed 1 second(s)

2018-06-09 21:46:13 - [TEST_STEP][PASSED] - selectOptionByIndex: All options with index in [19] are selected on object 'Object Repository/HealthpostToStore/Page_HealthPost Store/select_--Select--Adernaline 0.'

2018-06-09 21:46:14 - [MESSAGE][PASSED] - All options with index in [19] are selected on object 'Object Repository/HealthpostToStore/Page_HealthPost Store/select_--Select--Adernaline 0.'

2018-06-09 21:46:14 - [TEST_STEP][PASSED] - setText: Text '10' is set on object 'Object Repository/HealthpostToStore/Page_HealthPost Store/input_txttreat'

2018-06-09 21:46:14 - [MESSAGE][PASSED] - Text '10' is set on object 'Object Repository/HealthpostToStore/Page_HealthPost Store/input_txttreat'

2018-06-09 21:46:14 - [TEST_STEP][PASSED] - click: Object: 'Object Repository/HealthpostToStore/Page_HealthPost Store/button_Add' is clicked on

2018-06-09 21:46:14 - [MESSAGE][PASSED] - Object: 'Object Repository/HealthpostToStore/Page_HealthPost Store/button_Add' is clicked on

2018-06-09 21:46:14 - [TEST_STEP][PASSED] - selectOptionByIndex: All options with index in [3] are selected on object 'Object Repository/HealthpostToStore/Page_HealthPost Store/select_--Select--Schedule 1Inj'

2018-06-09 21:46:14 - [MESSAGE][PASSED] - All options with index in [3] are selected on object 'Object Repository/HealthpostToStore/Page_HealthPost Store/select_--Select--Schedule 1Inj'

2018-06-09 21:46:14 - [TEST_STEP][PASSED] - delay: Delayed 1 second(s)

2018-06-09 21:46:15 - [MESSAGE][PASSED] - Delayed 1 second(s)

2018-06-09 21:46:15 - [TEST_STEP][PASSED] - selectOptionByIndex: All options with index in [20] are selected on object 'Object Repository/HealthpostToStore/Page_HealthPost Store/select_--Select--Adernaline 0.'

2018-06-09 21:46:15 - [MESSAGE][PASSED] - All options with index in [20] are selected on object 'Object Repository/HealthpostToStore/Page_HealthPost Store/select_--Select--Adernaline 0.'

2018-06-09 21:46:15 - [TEST_STEP][PASSED] - setText: Text '10' is set on object 'Object Repository/HealthpostToStore/Page_HealthPost Store/input_txttreat'

2018-06-09 21:46:15 - [MESSAGE][PASSED] - Text '10' is set on object 'Object Repository/HealthpostToStore/Page_HealthPost Store/input_txttreat'

2018-06-09 21:46:15 - [TEST_STEP][PASSED] - click: Object: 'Object Repository/HealthpostToStore/Page_HealthPost Store/button_Add' is clicked on

2018-06-09 21:46:16 - [MESSAGE][PASSED] - Object: 'Object Repository/HealthpostToStore/Page_HealthPost Store/button_Add' is clicked on

2018-06-09 21:46:16 - [TEST_STEP][PASSED] - selectOptionByIndex: All options with index in [3] are selected on object 'Object Repository/HealthpostToStore/Page_HealthPost Store/select_--Select--Schedule 1Inj'

2018-06-09 21:46:16 - [MESSAGE][PASSED] - All options with index in [3] are selected on object 'Object Repository/HealthpostToStore/Page_HealthPost Store/select_--Select--Schedule 1Inj'

2018-06-09 21:46:16 - [TEST_STEP][PASSED] - delay: Delayed 1 second(s)

2018-06-09 21:46:17 - [MESSAGE][PASSED] - Delayed 1 second(s)

2018-06-09 21:46:17 - [TEST_STEP][PASSED] - selectOptionByIndex: All options with index in [21] are selected on object 'Object Repository/HealthpostToStore/Page_HealthPost Store/select_--Select--Adernaline 0.'

2018-06-09 21:46:17 - [MESSAGE][PASSED] - All options with index in [21] are selected on object 'Object Repository/HealthpostToStore/Page_HealthPost Store/select_--Select--Adernaline 0.'

2018-06-09 21:46:17 - [TEST_STEP][PASSED] - setText: Text '10' is set on object 'Object Repository/HealthpostToStore/Page_HealthPost Store/input_txttreat'

2018-06-09 21:46:17 - [MESSAGE][PASSED] - Text '10' is set on object 'Object Repository/HealthpostToStore/Page_HealthPost Store/input_txttreat'

2018-06-09 21:46:17 - [TEST_STEP][PASSED] - click: Object: 'Object Repository/HealthpostToStore/Page_HealthPost Store/button_Add' is clicked on

2018-06-09 21:46:17 - [MESSAGE][PASSED] - Object: 'Object Repository/HealthpostToStore/Page_HealthPost Store/button_Add' is clicked on

2018-06-09 21:46:17 - [TEST_STEP][PASSED] - selectOptionByIndex: All options with index in [3] are selected on object 'Object Repository/HealthpostToStore/Page_HealthPost Store/select_--Select--Schedule 1Inj'

2018-06-09 21:46:17 - [MESSAGE][PASSED] - All options with index in [3] are selected on object 'Object Repository/HealthpostToStore/Page_HealthPost Store/select_--Select--Schedule 1Inj'

2018-06-09 21:46:17 - [TEST_STEP][PASSED] - delay: Delayed 1 second(s)

2018-06-09 21:46:18 - [MESSAGE][PASSED] - Delayed 1 second(s)

2018-06-09 21:46:18 - [TEST_STEP][PASSED] - selectOptionByIndex: All options with index in [22] are selected on object 'Object Repository/HealthpostToStore/Page_HealthPost Store/select_--Select--Adernaline 0.'

2018-06-09 21:46:19 - [MESSAGE][PASSED] - All options with index in [22] are selected on object 'Object Repository/HealthpostToStore/Page_HealthPost Store/select_--Select--Adernaline 0.'

2018-06-09 21:46:19 - [TEST_STEP][PASSED] - setText: Text '10' is set on object 'Object Repository/HealthpostToStore/Page_HealthPost Store/input_txttreat'

2018-06-09 21:46:19 - [MESSAGE][PASSED] - Text '10' is set on object 'Object Repository/HealthpostToStore/Page_HealthPost Store/input_txttreat'

2018-06-09 21:46:19 - [TEST_STEP][PASSED] - click: Object: 'Object Repository/HealthpostToStore/Page_HealthPost Store/button_Add' is clicked on

2018-06-09 21:46:19 - [MESSAGE][PASSED] - Object: 'Object Repository/HealthpostToStore/Page_HealthPost Store/button_Add' is clicked on

2018-06-09 21:46:19 - [TEST_STEP][PASSED] - selectOptionByIndex: All options with index in [3] are selected on object 'Object Repository/HealthpostToStore/Page_HealthPost Store/select_--Select--Schedule 1Inj'

2018-06-09 21:46:19 - [MESSAGE][PASSED] - All options with index in [3] are selected on object 'Object Repository/HealthpostToStore/Page_HealthPost Store/select_--Select--Schedule 1Inj'

2018-06-09 21:46:19 - [TEST_STEP][PASSED] - delay: Delayed 1 second(s)

2018-06-09 21:46:20 - [MESSAGE][PASSED] - Delayed 1 second(s)

2018-06-09 21:46:20 - [TEST_STEP][PASSED] - selectOptionByIndex: All options with index in [23] are selected on object 'Object Repository/HealthpostToStore/Page_HealthPost Store/select_--Select--Adernaline 0.'

2018-06-09 21:46:20 - [MESSAGE][PASSED] - All options with index in [23] are selected on object 'Object Repository/HealthpostToStore/Page_HealthPost Store/select_--Select--Adernaline 0.'

2018-06-09 21:46:20 - [TEST_STEP][PASSED] - setText: Text '10' is set on object 'Object Repository/HealthpostToStore/Page_HealthPost Store/input_txttreat'

2018-06-09 21:46:20 - [MESSAGE][PASSED] - Text '10' is set on object 'Object Repository/HealthpostToStore/Page_HealthPost Store/input_txttreat'

2018-06-09 21:46:20 - [TEST_STEP][PASSED] - click: Object: 'Object Repository/HealthpostToStore/Page_HealthPost Store/button_Add' is clicked on

2018-06-09 21:46:20 - [MESSAGE][PASSED] - Object: 'Object Repository/HealthpostToStore/Page_HealthPost Store/button_Add' is clicked on

2018-06-09 21:46:20 - [TEST_STEP][PASSED] - selectOptionByIndex: All options with index in [3] are selected on object 'Object Repository/HealthpostToStore/Page_HealthPost Store/select_--Select--Schedule 1Inj'

2018-06-09 21:46:21 - [MESSAGE][PASSED] - All options with index in [3] are selected on object 'Object Repository/HealthpostToStore/Page_HealthPost Store/select_--Select--Schedule 1Inj'

2018-06-09 21:46:21 - [TEST_STEP][PASSED] - delay: Delayed 1 second(s)

2018-06-09 21:46:22 - [MESSAGE][PASSED] - Delayed 1 second(s)

2018-06-09 21:46:22 - [TEST_STEP][PASSED] - selectOptionByIndex: All options with index in [24] are selected on object 'Object Repository/HealthpostToStore/Page_HealthPost Store/select_--Select--Adernaline 0.'

2018-06-09 21:46:22 - [MESSAGE][PASSED] - All options with index in [24] are selected on object 'Object Repository/HealthpostToStore/Page_HealthPost Store/select_--Select--Adernaline 0.'

2018-06-09 21:46:22 - [TEST_STEP][PASSED] - setText: Text '10' is set on object 'Object Repository/HealthpostToStore/Page_HealthPost Store/input_txttreat'

2018-06-09 21:46:22 - [MESSAGE][PASSED] - Text '10' is set on object 'Object Repository/HealthpostToStore/Page_HealthPost Store/input_txttreat'

2018-06-09 21:46:22 - [TEST_STEP][PASSED] - click: Object: 'Object Repository/HealthpostToStore/Page_HealthPost Store/button_Add' is clicked on

2018-06-09 21:46:22 - [MESSAGE][PASSED] - Object: 'Object Repository/HealthpostToStore/Page_HealthPost Store/button_Add' is clicked on

2018-06-09 21:46:22 - [TEST_STEP][PASSED] - selectOptionByIndex: All options with index in [3] are selected on object 'Object Repository/HealthpostToStore/Page_HealthPost Store/select_--Select--Schedule 1Inj'

2018-06-09 21:46:22 - [MESSAGE][PASSED] - All options with index in [3] are selected on object 'Object Repository/HealthpostToStore/Page_HealthPost Store/select_--Select--Schedule 1Inj'

2018-06-09 21:46:22 - [TEST_STEP][PASSED] - delay: Delayed 1 second(s)

2018-06-09 21:46:23 - [MESSAGE][PASSED] - Delayed 1 second(s)

2018-06-09 21:46:23 - [TEST_STEP][PASSED] - selectOptionByIndex: All options with index in [25] are selected on object 'Object Repository/HealthpostToStore/Page_HealthPost Store/select_--Select--Adernaline 0.'

2018-06-09 21:46:24 - [MESSAGE][PASSED] - All options with index in [25] are selected on object 'Object Repository/HealthpostToStore/Page_HealthPost Store/select_--Select--Adernaline 0.'

2018-06-09 21:46:24 - [TEST_STEP][PASSED] - setText: Text '10' is set on object 'Object Repository/HealthpostToStore/Page_HealthPost Store/input_txttreat'

2018-06-09 21:46:24 - [MESSAGE][PASSED] - Text '10' is set on object 'Object Repository/HealthpostToStore/Page_HealthPost Store/input_txttreat'

2018-06-09 21:46:24 - [TEST_STEP][PASSED] - click: Object: 'Object Repository/HealthpostToStore/Page_HealthPost Store/button_Add' is clicked on

2018-06-09 21:46:24 - [MESSAGE][PASSED] - Object: 'Object Repository/HealthpostToStore/Page_HealthPost Store/button_Add' is clicked on

2018-06-09 21:46:24 - [TEST_STEP][PASSED] - selectOptionByIndex: All options with index in [3] are selected on object 'Object Repository/HealthpostToStore/Page_HealthPost Store/select_--Select--Schedule 1Inj'

2018-06-09 21:46:24 - [MESSAGE][PASSED] - All options with index in [3] are selected on object 'Object Repository/HealthpostToStore/Page_HealthPost Store/select_--Select--Schedule 1Inj'

2018-06-09 21:46:24 - [TEST_STEP][PASSED] - delay: Delayed 1 second(s)

2018-06-09 21:46:25 - [MESSAGE][PASSED] - Delayed 1 second(s)

2018-06-09 21:46:25 - [TEST_STEP][PASSED] - selectOptionByIndex: All options with index in [26] are selected on object 'Object Repository/HealthpostToStore/Page_HealthPost Store/select_--Select--Adernaline 0.'

2018-06-09 21:46:25 - [MESSAGE][PASSED] - All options with index in [26] are selected on object 'Object Repository/HealthpostToStore/Page_HealthPost Store/select_--Select--Adernaline 0.'

2018-06-09 21:46:25 - [TEST_STEP][PASSED] - setText: Text '10' is set on object 'Object Repository/HealthpostToStore/Page_HealthPost Store/input_txttreat'

2018-06-09 21:46:25 - [MESSAGE][PASSED] - Text '10' is set on object 'Object Repository/HealthpostToStore/Page_HealthPost Store/input_txttreat'

2018-06-09 21:46:25 - [TEST_STEP][PASSED] - click: Object: 'Object Repository/HealthpostToStore/Page_HealthPost Store/button_Add' is clicked on

2018-06-09 21:46:25 - [MESSAGE][PASSED] - Object: 'Object Repository/HealthpostToStore/Page_HealthPost Store/button_Add' is clicked on

2018-06-09 21:46:25 - [TEST_STEP][PASSED] - selectOptionByIndex: All options with index in [3] are selected on object 'Object Repository/HealthpostToStore/Page_HealthPost Store/select_--Select--Schedule 1Inj'

2018-06-09 21:46:26 - [MESSAGE][PASSED] - All options with index in [3] are selected on object 'Object Repository/HealthpostToStore/Page_HealthPost Store/select_--Select--Schedule 1Inj'

2018-06-09 21:46:26 - [TEST_STEP][PASSED] - delay: Delayed 1 second(s)

2018-06-09 21:46:27 - [MESSAGE][PASSED] - Delayed 1 second(s)

2018-06-09 21:46:27 - [TEST_STEP][PASSED] - selectOptionByIndex: All options with index in [27] are selected on object 'Object Repository/HealthpostToStore/Page_HealthPost Store/select_--Select--Adernaline 0.'

2018-06-09 21:46:27 - [MESSAGE][PASSED] - All options with index in [27] are selected on object 'Object Repository/HealthpostToStore/Page_HealthPost Store/select_--Select--Adernaline 0.'

2018-06-09 21:46:27 - [TEST_STEP][PASSED] - setText: Text '10' is set on object 'Object Repository/HealthpostToStore/Page_HealthPost Store/input_txttreat'

2018-06-09 21:46:27 - [MESSAGE][PASSED] - Text '10' is set on object 'Object Repository/HealthpostToStore/Page_HealthPost Store/input_txttreat'

2018-06-09 21:46:27 - [TEST_STEP][PASSED] - click: Object: 'Object Repository/HealthpostToStore/Page_HealthPost Store/button_Add' is clicked on

2018-06-09 21:46:27 - [MESSAGE][PASSED] - Object: 'Object Repository/HealthpostToStore/Page_HealthPost Store/button_Add' is clicked on

2018-06-09 21:46:27 - [TEST_STEP][PASSED] - selectOptionByIndex: All options with index in [3] are selected on object 'Object Repository/HealthpostToStore/Page_HealthPost Store/select_--Select--Schedule 1Inj'

2018-06-09 21:46:27 - [MESSAGE][PASSED] - All options with index in [3] are selected on object 'Object Repository/HealthpostToStore/Page_HealthPost Store/select_--Select--Schedule 1Inj'

2018-06-09 21:46:27 - [TEST_STEP][PASSED] - delay: Delayed 1 second(s)

2018-06-09 21:46:28 - [MESSAGE][PASSED] - Delayed 1 second(s)

2018-06-09 21:46:28 - [TEST_STEP][PASSED] - selectOptionByIndex: All options with index in [28] are selected on object 'Object Repository/HealthpostToStore/Page_HealthPost Store/select_--Select--Adernaline 0.'

2018-06-09 21:46:29 - [MESSAGE][PASSED] - All options with index in [28] are selected on object 'Object Repository/HealthpostToStore/Page_HealthPost Store/select_--Select--Adernaline 0.'

2018-06-09 21:46:29 - [TEST_STEP][PASSED] - setText: Text '10' is set on object 'Object Repository/HealthpostToStore/Page_HealthPost Store/input_txttreat'

2018-06-09 21:46:29 - [MESSAGE][PASSED] - Text '10' is set on object 'Object Repository/HealthpostToStore/Page_HealthPost Store/input_txttreat'

2018-06-09 21:46:29 - [TEST_STEP][PASSED] - click: Object: 'Object Repository/HealthpostToStore/Page_HealthPost Store/button_Add' is clicked on

2018-06-09 21:46:29 - [MESSAGE][PASSED] - Object: 'Object Repository/HealthpostToStore/Page_HealthPost Store/button_Add' is clicked on

2018-06-09 21:46:29 - [TEST_STEP][PASSED] - selectOptionByIndex: All options with index in [3] are selected on object 'Object Repository/HealthpostToStore/Page_HealthPost Store/select_--Select--Schedule 1Inj'

2018-06-09 21:46:29 - [MESSAGE][PASSED] - All options with index in [3] are selected on object 'Object Repository/HealthpostToStore/Page_HealthPost Store/select_--Select--Schedule 1Inj'

2018-06-09 21:46:29 - [TEST_STEP][PASSED] - delay: Delayed 1 second(s)

2018-06-09 21:46:30 - [MESSAGE][PASSED] - Delayed 1 second(s)

2018-06-09 21:46:30 - [TEST_STEP][PASSED] - selectOptionByIndex: All options with index in [29] are selected on object 'Object Repository/HealthpostToStore/Page_HealthPost Store/select_--Select--Adernaline 0.'

2018-06-09 21:46:30 - [MESSAGE][PASSED] - All options with index in [29] are selected on object 'Object Repository/HealthpostToStore/Page_HealthPost Store/select_--Select--Adernaline 0.'

2018-06-09 21:46:30 - [TEST_STEP][PASSED] - setText: Text '10' is set on object 'Object Repository/HealthpostToStore/Page_HealthPost Store/input_txttreat'

2018-06-09 21:46:31 - [MESSAGE][PASSED] - Text '10' is set on object 'Object Repository/HealthpostToStore/Page_HealthPost Store/input_txttreat'

2018-06-09 21:46:31 - [TEST_STEP][PASSED] - click: Object: 'Object Repository/HealthpostToStore/Page_HealthPost Store/button_Add' is clicked on

2018-06-09 21:46:31 - [MESSAGE][PASSED] - Object: 'Object Repository/HealthpostToStore/Page_HealthPost Store/button_Add' is clicked on

2018-06-09 21:46:31 - [TEST_STEP][PASSED] - selectOptionByIndex: All options with index in [3] are selected on object 'Object Repository/HealthpostToStore/Page_HealthPost Store/select_--Select--Schedule 1Inj'

2018-06-09 21:46:31 - [MESSAGE][PASSED] - All options with index in [3] are selected on object 'Object Repository/HealthpostToStore/Page_HealthPost Store/select_--Select--Schedule 1Inj'

2018-06-09 21:46:31 - [TEST_STEP][PASSED] - delay: Delayed 1 second(s)

2018-06-09 21:46:32 - [MESSAGE][PASSED] - Delayed 1 second(s)

2018-06-09 21:46:32 - [TEST_STEP][PASSED] - selectOptionByIndex: All options with index in [30] are selected on object 'Object Repository/HealthpostToStore/Page_HealthPost Store/select_--Select--Adernaline 0.'

2018-06-09 21:46:32 - [MESSAGE][PASSED] - All options with index in [30] are selected on object 'Object Repository/HealthpostToStore/Page_HealthPost Store/select_--Select--Adernaline 0.'

2018-06-09 21:46:32 - [TEST_STEP][PASSED] - setText: Text '10' is set on object 'Object Repository/HealthpostToStore/Page_HealthPost Store/input_txttreat'

2018-06-09 21:46:32 - [MESSAGE][PASSED] - Text '10' is set on object 'Object Repository/HealthpostToStore/Page_HealthPost Store/input_txttreat'

2018-06-09 21:46:32 - [TEST_STEP][PASSED] - click: Object: 'Object Repository/HealthpostToStore/Page_HealthPost Store/button_Add' is clicked on

2018-06-09 21:46:32 - [MESSAGE][PASSED] - Object: 'Object Repository/HealthpostToStore/Page_HealthPost Store/button_Add' is clicked on

2018-06-09 21:46:32 - [TEST_STEP][PASSED] - selectOptionByIndex: All options with index in [3] are selected on object 'Object Repository/HealthpostToStore/Page_HealthPost Store/select_--Select--Schedule 1Inj'

2018-06-09 21:46:33 - [MESSAGE][PASSED] - All options with index in [3] are selected on object 'Object Repository/HealthpostToStore/Page_HealthPost Store/select_--Select--Schedule 1Inj'

2018-06-09 21:46:33 - [TEST_STEP][PASSED] - delay: Delayed 1 second(s)

2018-06-09 21:46:34 - [MESSAGE][PASSED] - Delayed 1 second(s)

2018-06-09 21:46:34 - [TEST_STEP][PASSED] - selectOptionByIndex: All options with index in [31] are selected on object 'Object Repository/HealthpostToStore/Page_HealthPost Store/select_--Select--Adernaline 0.'

2018-06-09 21:46:34 - [MESSAGE][PASSED] - All options with index in [31] are selected on object 'Object Repository/HealthpostToStore/Page_HealthPost Store/select_--Select--Adernaline 0.'

2018-06-09 21:46:34 - [TEST_STEP][PASSED] - setText: Text '10' is set on object 'Object Repository/HealthpostToStore/Page_HealthPost Store/input_txttreat'

2018-06-09 21:46:34 - [MESSAGE][PASSED] - Text '10' is set on object 'Object Repository/HealthpostToStore/Page_HealthPost Store/input_txttreat'

2018-06-09 21:46:34 - [TEST_STEP][PASSED] - click: Object: 'Object Repository/HealthpostToStore/Page_HealthPost Store/button_Add' is clicked on

2018-06-09 21:46:34 - [MESSAGE][PASSED] - Object: 'Object Repository/HealthpostToStore/Page_HealthPost Store/button_Add' is clicked on

2018-06-09 21:46:34 - [TEST_STEP][PASSED] - selectOptionByIndex: All options with index in [3] are selected on object 'Object Repository/HealthpostToStore/Page_HealthPost Store/select_--Select--Schedule 1Inj'

2018-06-09 21:46:34 - [MESSAGE][PASSED] - All options with index in [3] are selected on object 'Object Repository/HealthpostToStore/Page_HealthPost Store/select_--Select--Schedule 1Inj'

2018-06-09 21:46:34 - [TEST_STEP][PASSED] - delay: Delayed 1 second(s)

2018-06-09 21:46:35 - [MESSAGE][PASSED] - Delayed 1 second(s)

2018-06-09 21:46:35 - [TEST_STEP][PASSED] - selectOptionByIndex: All options with index in [32] are selected on object 'Object Repository/HealthpostToStore/Page_HealthPost Store/select_--Select--Adernaline 0.'

2018-06-09 21:46:36 - [MESSAGE][PASSED] - All options with index in [32] are selected on object 'Object Repository/HealthpostToStore/Page_HealthPost Store/select_--Select--Adernaline 0.'

2018-06-09 21:46:36 - [TEST_STEP][PASSED] - setText: Text '10' is set on object 'Object Repository/HealthpostToStore/Page_HealthPost Store/input_txttreat'

2018-06-09 21:46:36 - [MESSAGE][PASSED] - Text '10' is set on object 'Object Repository/HealthpostToStore/Page_HealthPost Store/input_txttreat'

2018-06-09 21:46:36 - [TEST_STEP][PASSED] - click: Object: 'Object Repository/HealthpostToStore/Page_HealthPost Store/button_Add' is clicked on

2018-06-09 21:46:36 - [MESSAGE][PASSED] - Object: 'Object Repository/HealthpostToStore/Page_HealthPost Store/button_Add' is clicked on

2018-06-09 21:46:36 - [TEST_STEP][PASSED] - selectOptionByIndex: All options with index in [3] are selected on object 'Object Repository/HealthpostToStore/Page_HealthPost Store/select_--Select--Schedule 1Inj'

2018-06-09 21:46:36 - [MESSAGE][PASSED] - All options with index in [3] are selected on object 'Object Repository/HealthpostToStore/Page_HealthPost Store/select_--Select--Schedule 1Inj'

2018-06-09 21:46:36 - [TEST_STEP][PASSED] - delay: Delayed 1 second(s)

2018-06-09 21:46:37 - [MESSAGE][PASSED] - Delayed 1 second(s)

2018-06-09 21:46:37 - [TEST_STEP][PASSED] - selectOptionByIndex: All options with index in [33] are selected on object 'Object Repository/HealthpostToStore/Page_HealthPost Store/select_--Select--Adernaline 0.'

2018-06-09 21:46:37 - [MESSAGE][PASSED] - All options with index in [33] are selected on object 'Object Repository/HealthpostToStore/Page_HealthPost Store/select_--Select--Adernaline 0.'

2018-06-09 21:46:37 - [TEST_STEP][PASSED] - setText: Text '10' is set on object 'Object Repository/HealthpostToStore/Page_HealthPost Store/input_txttreat'

2018-06-09 21:46:38 - [MESSAGE][PASSED] - Text '10' is set on object 'Object Repository/HealthpostToStore/Page_HealthPost Store/input_txttreat'

2018-06-09 21:46:38 - [TEST_STEP][PASSED] - click: Object: 'Object Repository/HealthpostToStore/Page_HealthPost Store/button_Add' is clicked on

2018-06-09 21:46:38 - [MESSAGE][PASSED] - Object: 'Object Repository/HealthpostToStore/Page_HealthPost Store/button_Add' is clicked on

2018-06-09 21:46:38 - [TEST_STEP][PASSED] - selectOptionByIndex: All options with index in [3] are selected on object 'Object Repository/HealthpostToStore/Page_HealthPost Store/select_--Select--Schedule 1Inj'

2018-06-09 21:46:38 - [MESSAGE][PASSED] - All options with index in [3] are selected on object 'Object Repository/HealthpostToStore/Page_HealthPost Store/select_--Select--Schedule 1Inj'

2018-06-09 21:46:38 - [TEST_STEP][PASSED] - delay: Delayed 1 second(s)

2018-06-09 21:46:39 - [MESSAGE][PASSED] - Delayed 1 second(s)

2018-06-09 21:46:39 - [TEST_STEP][PASSED] - selectOptionByIndex: All options with index in [34] are selected on object 'Object Repository/HealthpostToStore/Page_HealthPost Store/select_--Select--Adernaline 0.'

2018-06-09 21:46:39 - [MESSAGE][PASSED] - All options with index in [34] are selected on object 'Object Repository/HealthpostToStore/Page_HealthPost Store/select_--Select--Adernaline 0.'

2018-06-09 21:46:39 - [TEST_STEP][PASSED] - setText: Text '10' is set on object 'Object Repository/HealthpostToStore/Page_HealthPost Store/input_txttreat'

2018-06-09 21:46:39 - [MESSAGE][PASSED] - Text '10' is set on object 'Object Repository/HealthpostToStore/Page_HealthPost Store/input_txttreat'

2018-06-09 21:46:39 - [TEST_STEP][PASSED] - click: Object: 'Object Repository/HealthpostToStore/Page_HealthPost Store/button_Add' is clicked on

2018-06-09 21:46:39 - [MESSAGE][PASSED] - Object: 'Object Repository/HealthpostToStore/Page_HealthPost Store/button_Add' is clicked on

2018-06-09 21:46:39 - [TEST_STEP][PASSED] - selectOptionByIndex: All options with index in [3] are selected on object 'Object Repository/HealthpostToStore/Page_HealthPost Store/select_--Select--Schedule 1Inj'

2018-06-09 21:46:40 - [MESSAGE][PASSED] - All options with index in [3] are selected on object 'Object Repository/HealthpostToStore/Page_HealthPost Store/select_--Select--Schedule 1Inj'

2018-06-09 21:46:40 - [TEST_STEP][PASSED] - delay: Delayed 1 second(s)

2018-06-09 21:46:41 - [MESSAGE][PASSED] - Delayed 1 second(s)

2018-06-09 21:46:41 - [TEST_STEP][PASSED] - selectOptionByIndex: All options with index in [35] are selected on object 'Object Repository/HealthpostToStore/Page_HealthPost Store/select_--Select--Adernaline 0.'

2018-06-09 21:46:41 - [MESSAGE][PASSED] - All options with index in [35] are selected on object 'Object Repository/HealthpostToStore/Page_HealthPost Store/select_--Select--Adernaline 0.'

2018-06-09 21:46:41 - [TEST_STEP][PASSED] - setText: Text '10' is set on object 'Object Repository/HealthpostToStore/Page_HealthPost Store/input_txttreat'

2018-06-09 21:46:41 - [MESSAGE][PASSED] - Text '10' is set on object 'Object Repository/HealthpostToStore/Page_HealthPost Store/input_txttreat'

2018-06-09 21:46:41 - [TEST_STEP][PASSED] - click: Object: 'Object Repository/HealthpostToStore/Page_HealthPost Store/button_Add' is clicked on

2018-06-09 21:46:41 - [MESSAGE][PASSED] - Object: 'Object Repository/HealthpostToStore/Page_HealthPost Store/button_Add' is clicked on

2018-06-09 21:46:41 - [TEST_STEP][PASSED] - selectOptionByIndex: All options with index in [3] are selected on object 'Object Repository/HealthpostToStore/Page_HealthPost Store/select_--Select--Schedule 1Inj'

2018-06-09 21:46:41 - [MESSAGE][PASSED] - All options with index in [3] are selected on object 'Object Repository/HealthpostToStore/Page_HealthPost Store/select_--Select--Schedule 1Inj'

2018-06-09 21:46:41 - [TEST_STEP][PASSED] - delay: Delayed 1 second(s)

2018-06-09 21:46:42 - [MESSAGE][PASSED] - Delayed 1 second(s)

2018-06-09 21:46:42 - [TEST_STEP][PASSED] - selectOptionByIndex: All options with index in [36] are selected on object 'Object Repository/HealthpostToStore/Page_HealthPost Store/select_--Select--Adernaline 0.'

2018-06-09 21:46:43 - [MESSAGE][PASSED] - All options with index in [36] are selected on object 'Object Repository/HealthpostToStore/Page_HealthPost Store/select_--Select--Adernaline 0.'

2018-06-09 21:46:43 - [TEST_STEP][PASSED] - setText: Text '10' is set on object 'Object Repository/HealthpostToStore/Page_HealthPost Store/input_txttreat'

2018-06-09 21:46:43 - [MESSAGE][PASSED] - Text '10' is set on object 'Object Repository/HealthpostToStore/Page_HealthPost Store/input_txttreat'

2018-06-09 21:46:43 - [TEST_STEP][PASSED] - click: Object: 'Object Repository/HealthpostToStore/Page_HealthPost Store/button_Add' is clicked on

2018-06-09 21:46:43 - [MESSAGE][PASSED] - Object: 'Object Repository/HealthpostToStore/Page_HealthPost Store/button_Add' is clicked on

2018-06-09 21:46:43 - [TEST_STEP][PASSED] - scrollToElement: Scroll to object 'Object Repository/HealthpostToStore/Page_HealthPost Store/input_btnsave' successfully

2018-06-09 21:46:43 - [MESSAGE][PASSED] - Scroll to object 'Object Repository/HealthpostToStore/Page_HealthPost Store/input_btnsave' successfully

2018-06-09 21:46:43 - [TEST_STEP][PASSED] - click: Object: 'Object Repository/HealthpostToStore/Page_HealthPost Store/input_btnsave' is clicked on

2018-06-09 21:46:43 - [MESSAGE][PASSED] - Object: 'Object Repository/HealthpostToStore/Page_HealthPost Store/input_btnsave' is clicked on

2018-06-09 21:46:43 - [TEST_STEP][PASSED] - delay: Delayed 3 second(s)

2018-06-09 21:46:46 - [MESSAGE][PASSED] - Delayed 3 second(s)

2018-06-09 21:46:46 - [TEST_STEP][PASSED] - Statement - RN1 = com.kms.katalon.core.webui.keyword.WebUiBuiltInKeywords.getText(com.kms.katalon.core.testobject.ObjectRepository.findTestObject(HealthpostToStore/Page_HealthPost Store/font_HPRNO180520187)): Text of object 'Object Repository/HealthpostToStore/Page_HealthPost Store/font_HPRNO180520187' is: 'HPRNO/09062018/222'

2018-06-09 21:46:46 - [MESSAGE][PASSED] - Text of object 'Object Repository/HealthpostToStore/Page_HealthPost Store/font_HPRNO180520187' is: 'HPRNO/09062018/222'

2018-06-09 21:46:46 - [TEST_STEP][PASSED] - Statement - out.println(RN1): null

2018-06-09 21:46:46 - [TEST_STEP][PASSED] - Statement - RID = RN1.split("/")[2]: null

2018-06-09 21:46:46 - [TEST_STEP][PASSED] - click: Object: 'Object Repository/HealthpostToStore/Page_HealthPost Store/button_OK' is clicked on

2018-06-09 21:46:47 - [MESSAGE][PASSED] - Object: 'Object Repository/HealthpostToStore/Page_HealthPost Store/button_OK' is clicked on

2018-06-09 21:46:47 - [TEST_STEP][PASSED] - delay: Delayed 3 second(s)

2018-06-09 21:46:50 - [MESSAGE][PASSED] - Delayed 3 second(s)

2018-06-09 21:46:50 - [TEST_STEP][PASSED] - click: Object: 'Object Repository/HealthpostToStore/Page_HealthPost Store/a_dropdown-toggle' is clicked on

2018-06-09 21:46:50 - [MESSAGE][PASSED] - Object: 'Object Repository/HealthpostToStore/Page_HealthPost Store/a_dropdown-toggle' is clicked on

2018-06-09 21:46:50 - [TEST_STEP][PASSED] - click: Object: 'Object Repository/HealthpostToStore/Page_HealthPost Store/a_Sign out' is clicked on

2018-06-09 21:46:50 - [MESSAGE][PASSED] - Object: 'Object Repository/HealthpostToStore/Page_HealthPost Store/a_Sign out' is clicked on

2018-06-09 21:46:50 - [TEST_STEP][PASSED] - delay: Delayed 3 second(s)

2018-06-09 21:46:53 - [MESSAGE][PASSED] - Delayed 3 second(s)

2018-06-09 21:46:53 - [TEST_STEP][PASSED] - navigateToUrl: Navigate to 'http://192.168.137.1/multihospital_new/' successfully

2018-06-09 21:46:54 - [MESSAGE][PASSED] - Navigate to 'http://192.168.137.1/multihospital_new/' successfully

2018-06-09 21:46:54 - [TEST_STEP][PASSED] - click: Object: 'Object Repository/HealthpostToStore/Page_KDMC/a_CMO' is clicked on

2018-06-09 21:46:55 - [MESSAGE][PASSED] - Object: 'Object Repository/HealthpostToStore/Page_KDMC/a_CMO' is clicked on

2018-06-09 21:46:55 - [TEST_STEP][PASSED] - setText: Text 'guru' is set on object 'Object Repository/HealthpostToStore/Page_CMO login/input_txtusername'

2018-06-09 21:46:55 - [MESSAGE][PASSED] - Text 'guru' is set on object 'Object Repository/HealthpostToStore/Page_CMO login/input_txtusername'

2018-06-09 21:46:55 - [TEST_STEP][PASSED] - setText: Text '123' is set on object 'Object Repository/HealthpostToStore/Page_CMO login/input_txtpassword'

2018-06-09 21:46:55 - [MESSAGE][PASSED] - Text '123' is set on object 'Object Repository/HealthpostToStore/Page_CMO login/input_txtpassword'

2018-06-09 21:46:55 - [TEST_STEP][PASSED] - delay: Delayed 3 second(s)

2018-06-09 21:46:58 - [MESSAGE][PASSED] - Delayed 3 second(s)

2018-06-09 21:46:58 - [TEST_STEP][PASSED] - click: Object: 'Object Repository/HealthpostToStore/Page_CMO login/button_Sign in' is clicked on

2018-06-09 21:46:59 - [MESSAGE][PASSED] - Object: 'Object Repository/HealthpostToStore/Page_CMO login/button_Sign in' is clicked on

2018-06-09 21:46:59 - [TEST_STEP][PASSED] - click: Object: 'Object Repository/HealthpostToStore/Page_KDMC - CMO/a_Department Wise Request' is clicked on

2018-06-09 21:47:01 - [MESSAGE][PASSED] - Object: 'Object Repository/HealthpostToStore/Page_KDMC - CMO/a_Department Wise Request' is clicked on

2018-06-09 21:47:01 - [TEST_STEP][PASSED] - delay: Delayed 2 second(s)

2018-06-09 21:47:03 - [MESSAGE][PASSED] - Delayed 2 second(s)

2018-06-09 21:47:03 - [TEST_STEP][PASSED] - selectOptionByIndex: All options with index in [5] are selected on object 'Object Repository/HealthpostToStore/Page_KDMC - CMO/select_--ALL--'

2018-06-09 21:47:03 - [MESSAGE][PASSED] - All options with index in [5] are selected on object 'Object Repository/HealthpostToStore/Page_KDMC - CMO/select_--ALL--'

2018-06-09 21:47:03 - [TEST_STEP][PASSED] - click: Object: 'Object Repository/HealthpostToStore/Page_KDMC - CMO/input_btnsearch' is clicked on

2018-06-09 21:47:03 - [MESSAGE][PASSED] - Object: 'Object Repository/HealthpostToStore/Page_KDMC - CMO/input_btnsearch' is clicked on

2018-06-09 21:47:03 - [TEST_STEP][PASSED] - selectOptionByIndex: All options with index in [1] are selected on object 'Object Repository/HealthpostToStore/Page_KDMC - CMO/select_--ALL--                _1'

2018-06-09 21:47:03 - [MESSAGE][PASSED] - All options with index in [1] are selected on object 'Object Repository/HealthpostToStore/Page_KDMC - CMO/select_--ALL--                _1'

2018-06-09 21:47:03 - [TEST_STEP][PASSED] - click: Object: 'Object Repository/HealthpostToStore/Page_KDMC - CMO/input_btnsearch' is clicked on

2018-06-09 21:47:03 - [MESSAGE][PASSED] - Object: 'Object Repository/HealthpostToStore/Page_KDMC - CMO/input_btnsearch' is clicked on

2018-06-09 21:47:03 - [TEST_STEP][PASSED] - Statement - ID = com.kms.katalon.core.webui.keyword.WebUiBuiltInKeywords.modifyObjectProperty(com.kms.katalon.core.testobject.ObjectRepository.findTestObject(lab/Page_KDMC - CMO/input_1), "xpath", "equals", "//*[@id=" + RID + "]", true): Modify property of object successfully

2018-06-09 21:47:03 - [MESSAGE][PASSED] - Modify property of object successfully

2018-06-09 21:47:03 - [TEST_STEP][PASSED] - click: Object: 'Object Repository/lab/Page_KDMC - CMO/input_1' is clicked on

2018-06-09 21:47:04 - [MESSAGE][PASSED] - Object: 'Object Repository/lab/Page_KDMC - CMO/input_1' is clicked on

2018-06-09 21:47:04 - [TEST_STEP][PASSED] - delay: Delayed 2 second(s)

2018-06-09 21:47:06 - [MESSAGE][PASSED] - Delayed 2 second(s)

2018-06-09 21:47:06 - [TEST_STEP][PASSED] - selectOptionByIndex: All options with index in [1] are selected on object 'Object Repository/HealthpostToStore/Page_KDMC - CMO/select_--Select--'

2018-06-09 21:47:06 - [MESSAGE][PASSED] - All options with index in [1] are selected on object 'Object Repository/HealthpostToStore/Page_KDMC - CMO/select_--Select--'

2018-06-09 21:47:06 - [TEST_STEP][PASSED] - click: Object: 'Object Repository/HealthpostToStore/Page_KDMC - CMO/input_btnupdate' is clicked on

2018-06-09 21:47:06 - [MESSAGE][PASSED] - Object: 'Object Repository/HealthpostToStore/Page_KDMC - CMO/input_btnupdate' is clicked on

2018-06-09 21:47:06 - [TEST_STEP][PASSED] - delay: Delayed 2 second(s)

2018-06-09 21:47:08 - [MESSAGE][PASSED] - Delayed 2 second(s)

2018-06-09 21:47:08 - [TEST_STEP][PASSED] - click: Object: 'Object Repository/HealthpostToStore/Page_KDMC - CMO/button_OK' is clicked on

2018-06-09 21:47:09 - [MESSAGE][PASSED] - Object: 'Object Repository/HealthpostToStore/Page_KDMC - CMO/button_OK' is clicked on

2018-06-09 21:47:09 - [TEST_STEP][PASSED] - delay: Delayed 2 second(s)

2018-06-09 21:47:11 - [MESSAGE][PASSED] - Delayed 2 second(s)

2018-06-09 21:47:11 - [TEST_STEP][PASSED] - click: Object: 'Object Repository/HealthpostToStore/Page_KDMC - CMO/a_dropdown-toggle' is clicked on

2018-06-09 21:47:11 - [MESSAGE][PASSED] - Object: 'Object Repository/HealthpostToStore/Page_KDMC - CMO/a_dropdown-toggle' is clicked on

2018-06-09 21:47:11 - [TEST_STEP][PASSED] - click: Object: 'Object Repository/HealthpostToStore/Page_KDMC - CMO/a_Sign out' is clicked on

2018-06-09 21:47:11 - [MESSAGE][PASSED] - Object: 'Object Repository/HealthpostToStore/Page_KDMC - CMO/a_Sign out' is clicked on

2018-06-09 21:47:11 - [TEST_STEP][PASSED] - delay: Delayed 3 second(s)

2018-06-09 21:47:14 - [MESSAGE][PASSED] - Delayed 3 second(s)

2018-06-09 21:47:14 - [TEST_STEP][PASSED] - click: Object: 'Object Repository/HealthpostToStore/Page_KDMC/a_Divisional Store' is clicked on

2018-06-09 21:47:15 - [MESSAGE][PASSED] - Object: 'Object Repository/HealthpostToStore/Page_KDMC/a_Divisional Store' is clicked on

2018-06-09 21:47:15 - [TEST_STEP][PASSED] - setText: Text 'ragu' is set on object 'Object Repository/HealthpostToStore/Page_Divisonal Store Login/input_txtusername'

2018-06-09 21:47:15 - [MESSAGE][PASSED] - Text 'ragu' is set on object 'Object Repository/HealthpostToStore/Page_Divisonal Store Login/input_txtusername'

2018-06-09 21:47:15 - [TEST_STEP][PASSED] - setText: Text '123' is set on object 'Object Repository/HealthpostToStore/Page_Divisonal Store Login/input_txtpassword'

2018-06-09 21:47:15 - [MESSAGE][PASSED] - Text '123' is set on object 'Object Repository/HealthpostToStore/Page_Divisonal Store Login/input_txtpassword'

2018-06-09 21:47:15 - [TEST_STEP][PASSED] - delay: Delayed 3 second(s)

2018-06-09 21:47:18 - [MESSAGE][PASSED] - Delayed 3 second(s)

2018-06-09 21:47:18 - [TEST_STEP][PASSED] - click: Object: 'Object Repository/HealthpostToStore/Page_Divisonal Store Login/button_Sign in' is clicked on

2018-06-09 21:47:20 - [MESSAGE][PASSED] - Object: 'Object Repository/HealthpostToStore/Page_Divisonal Store Login/button_Sign in' is clicked on

2018-06-09 21:47:20 - [TEST_STEP][PASSED] - delay: Delayed 3 second(s)

2018-06-09 21:47:23 - [MESSAGE][PASSED] - Delayed 3 second(s)

2018-06-09 21:47:23 - [TEST_STEP][PASSED] - click: Object: 'Object Repository/HealthpostToStore/Page_Store/a_Health Post Request' is clicked on

2018-06-09 21:47:23 - [MESSAGE][PASSED] - Object: 'Object Repository/HealthpostToStore/Page_Store/a_Health Post Request' is clicked on

2018-06-09 21:47:23 - [TEST_STEP][PASSED] - click: Object: 'Object Repository/HealthpostToStore/Page_Store/a_Request Item HealthPost' is clicked on

2018-06-09 21:47:24 - [MESSAGE][PASSED] - Object: 'Object Repository/HealthpostToStore/Page_Store/a_Request Item HealthPost' is clicked on

2018-06-09 21:47:24 - [TEST_STEP][PASSED] - Statement - ChooseRequest = com.kms.katalon.core.webui.keyword.WebUiBuiltInKeywords.modifyObjectProperty(com.kms.katalon.core.testobject.ObjectRepository.findTestObject(lab/Page_Store/input_1), "xpath", "equals", "//*[@id=" + RID + "]", true): Modify property of object successfully

2018-06-09 21:47:24 - [MESSAGE][PASSED] - Modify property of object successfully

2018-06-09 21:47:24 - [TEST_STEP][PASSED] - click: Object: 'Object Repository/lab/Page_Store/input_1' is clicked on

2018-06-09 21:47:25 - [MESSAGE][PASSED] - Object: 'Object Repository/lab/Page_Store/input_1' is clicked on

2018-06-09 21:47:25 - [TEST_STEP][PASSED] - Statement - selectedoptions = com.kms.katalon.core.webui.keyword.WebUiBuiltInKeywords.getNumberOfTotalOption(com.kms.katalon.core.testobject.ObjectRepository.findTestObject(HealthpostToStore/Page_Store/select_--Select--Adernaline 0.)): 37 options of object 'Object Repository/HealthpostToStore/Page_Store/select_--Select--Adernaline 0.' counted

2018-06-09 21:47:25 - [MESSAGE][PASSED] - 37 options of object 'Object Repository/HealthpostToStore/Page_Store/select_--Select--Adernaline 0.' counted

2018-06-09 21:47:25 - [TEST_STEP][PASSED] - Statement - For ([a = 1, a <= selectedoptions - 1, (a++)]): null

2018-06-09 21:47:25 - [TEST_STEP][PASSED] - selectOptionByIndex: All options with index in [1] are selected on object 'Object Repository/HealthpostToStore/Page_Store/select_--Select--Adernaline 0.'

2018-06-09 21:47:25 - [MESSAGE][PASSED] - All options with index in [1] are selected on object 'Object Repository/HealthpostToStore/Page_Store/select_--Select--Adernaline 0.'

2018-06-09 21:47:25 - [TEST_STEP][PASSED] - delay: Delayed 2 second(s)

2018-06-09 21:47:27 - [MESSAGE][PASSED] - Delayed 2 second(s)

2018-06-09 21:47:27 - [TEST_STEP][PASSED] - Statement - RequestedQty = com.kms.katalon.core.webui.keyword.WebUiBuiltInKeywords.getAttribute(com.kms.katalon.core.testobject.ObjectRepository.findTestObject(HealthpostToStore/Page_Store/input_txttotal), "value"): Attribute 'value' of object 'Object Repository/HealthpostToStore/Page_Store/input_txttotal' is: '10'

2018-06-09 21:47:27 - [MESSAGE][PASSED] - Attribute 'value' of object 'Object Repository/HealthpostToStore/Page_Store/input_txttotal' is: '10'

2018-06-09 21:47:27 - [TEST_STEP][PASSED] - Statement - out.println("Requested QTY : " + RequestedQty): null

2018-06-09 21:47:27 - [TEST_STEP][PASSED] - Statement - BatchNumber = com.kms.katalon.core.webui.keyword.WebUiBuiltInKeywords.getNumberOfTotalOption(com.kms.katalon.core.testobject.ObjectRepository.findTestObject(HealthpostToStore/Page_Store/select_--Select--BA1170BA2376B)): 6 options of object 'Object Repository/HealthpostToStore/Page_Store/select_--Select--BA1170BA2376B' counted

2018-06-09 21:47:27 - [MESSAGE][PASSED] - 6 options of object 'Object Repository/HealthpostToStore/Page_Store/select_--Select--BA1170BA2376B' counted

2018-06-09 21:47:27 - [TEST_STEP][PASSED] - Statement - For ([g = 1, g <= BatchNumber - 1, (g++)]): null

2018-06-09 21:47:27 - [TEST_STEP][PASSED] - selectOptionByIndex: All options with index in [1] are selected on object 'Object Repository/HealthpostToStore/Page_Store/select_--Select--BA1170BA2376B'

2018-06-09 21:47:28 - [MESSAGE][PASSED] - All options with index in [1] are selected on object 'Object Repository/HealthpostToStore/Page_Store/select_--Select--BA1170BA2376B'

2018-06-09 21:47:28 - [TEST_STEP][PASSED] - Statement - Try: null

2018-06-09 21:47:28 - [TEST_STEP][PASSED] - Statement - StockQty = com.kms.katalon.core.webui.keyword.WebUiBuiltInKeywords.getAttribute(com.kms.katalon.core.testobject.ObjectRepository.findTestObject(HealthpostToStore/Page_Store/input_txtprice), "value"): Attribute 'value' of object 'Object Repository/HealthpostToStore/Page_Store/input_txtprice' is: '90'

2018-06-09 21:47:28 - [MESSAGE][PASSED] - Attribute 'value' of object 'Object Repository/HealthpostToStore/Page_Store/input_txtprice' is: '90'

2018-06-09 21:47:28 - [TEST_STEP][PASSED] - Statement - out.println("Stock QTY : " + StockQty): null

2018-06-09 21:47:28 - [TEST_STEP][PASSED] - delay: Delayed 2 second(s)

2018-06-09 21:47:30 - [MESSAGE][PASSED] - Delayed 2 second(s)

2018-06-09 21:47:30 - [TEST_STEP][PASSED] - Statement - If (java.lang.String.valueOf(StockQty) >= java.lang.String.valueOf(RequestedQty)): null

2018-06-09 21:47:30 - [TEST_STEP][PASSED] - setText: Text '10' is set on object 'Object Repository/HealthpostToStore/Page_Store/input_txtqty'

2018-06-09 21:47:30 - [MESSAGE][PASSED] - Text '10' is set on object 'Object Repository/HealthpostToStore/Page_Store/input_txtqty'

2018-06-09 21:47:30 - [TEST_STEP][PASSED] - click: Object: 'Object Repository/HealthpostToStore/Page_Store/button_Add' is clicked on

2018-06-09 21:47:30 - [MESSAGE][PASSED] - Object: 'Object Repository/HealthpostToStore/Page_Store/button_Add' is clicked on

2018-06-09 21:47:30 - [TEST_STEP][PASSED] - Statement - Break: null

2018-06-09 21:47:30 - [TEST_STEP][PASSED] - selectOptionByIndex: All options with index in [2] are selected on object 'Object Repository/HealthpostToStore/Page_Store/select_--Select--Adernaline 0.'

2018-06-09 21:47:30 - [MESSAGE][PASSED] - All options with index in [2] are selected on object 'Object Repository/HealthpostToStore/Page_Store/select_--Select--Adernaline 0.'

2018-06-09 21:47:30 - [TEST_STEP][PASSED] - delay: Delayed 2 second(s)

2018-06-09 21:47:32 - [MESSAGE][PASSED] - Delayed 2 second(s)

2018-06-09 21:47:32 - [TEST_STEP][PASSED] - Statement - RequestedQty = com.kms.katalon.core.webui.keyword.WebUiBuiltInKeywords.getAttribute(com.kms.katalon.core.testobject.ObjectRepository.findTestObject(HealthpostToStore/Page_Store/input_txttotal), "value"): Attribute 'value' of object 'Object Repository/HealthpostToStore/Page_Store/input_txttotal' is: '10'

2018-06-09 21:47:32 - [MESSAGE][PASSED] - Attribute 'value' of object 'Object Repository/HealthpostToStore/Page_Store/input_txttotal' is: '10'

2018-06-09 21:47:32 - [TEST_STEP][PASSED] - Statement - out.println("Requested QTY : " + RequestedQty): null

2018-06-09 21:47:32 - [TEST_STEP][PASSED] - Statement - BatchNumber = com.kms.katalon.core.webui.keyword.WebUiBuiltInKeywords.getNumberOfTotalOption(com.kms.katalon.core.testobject.ObjectRepository.findTestObject(HealthpostToStore/Page_Store/select_--Select--BA1170BA2376B)): 5 options of object 'Object Repository/HealthpostToStore/Page_Store/select_--Select--BA1170BA2376B' counted

2018-06-09 21:47:32 - [MESSAGE][PASSED] - 5 options of object 'Object Repository/HealthpostToStore/Page_Store/select_--Select--BA1170BA2376B' counted

2018-06-09 21:47:32 - [TEST_STEP][PASSED] - Statement - For ([g = 1, g <= BatchNumber - 1, (g++)]): null

2018-06-09 21:47:32 - [TEST_STEP][PASSED] - selectOptionByIndex: All options with index in [1] are selected on object 'Object Repository/HealthpostToStore/Page_Store/select_--Select--BA1170BA2376B'

2018-06-09 21:47:32 - [MESSAGE][PASSED] - All options with index in [1] are selected on object 'Object Repository/HealthpostToStore/Page_Store/select_--Select--BA1170BA2376B'

2018-06-09 21:47:32 - [TEST_STEP][PASSED] - Statement - Try: null

2018-06-09 21:47:32 - [TEST_STEP][PASSED] - Statement - StockQty = com.kms.katalon.core.webui.keyword.WebUiBuiltInKeywords.getAttribute(com.kms.katalon.core.testobject.ObjectRepository.findTestObject(HealthpostToStore/Page_Store/input_txtprice), "value"): Attribute 'value' of object 'Object Repository/HealthpostToStore/Page_Store/input_txtprice' is: '390'

2018-06-09 21:47:32 - [MESSAGE][PASSED] - Attribute 'value' of object 'Object Repository/HealthpostToStore/Page_Store/input_txtprice' is: '390'

2018-06-09 21:47:32 - [TEST_STEP][PASSED] - Statement - out.println("Stock QTY : " + StockQty): null

2018-06-09 21:47:32 - [TEST_STEP][PASSED] - delay: Delayed 2 second(s)

2018-06-09 21:47:34 - [MESSAGE][PASSED] - Delayed 2 second(s)

2018-06-09 21:47:34 - [TEST_STEP][PASSED] - Statement - If (java.lang.String.valueOf(StockQty) >= java.lang.String.valueOf(RequestedQty)): null

2018-06-09 21:47:34 - [TEST_STEP][PASSED] - setText: Text '10' is set on object 'Object Repository/HealthpostToStore/Page_Store/input_txtqty'

2018-06-09 21:47:34 - [MESSAGE][PASSED] - Text '10' is set on object 'Object Repository/HealthpostToStore/Page_Store/input_txtqty'

2018-06-09 21:47:34 - [TEST_STEP][PASSED] - click: Object: 'Object Repository/HealthpostToStore/Page_Store/button_Add' is clicked on

2018-06-09 21:47:34 - [MESSAGE][PASSED] - Object: 'Object Repository/HealthpostToStore/Page_Store/button_Add' is clicked on

2018-06-09 21:47:34 - [TEST_STEP][PASSED] - Statement - Break: null

2018-06-09 21:47:34 - [TEST_STEP][PASSED] - selectOptionByIndex: All options with index in [3] are selected on object 'Object Repository/HealthpostToStore/Page_Store/select_--Select--Adernaline 0.'

2018-06-09 21:47:35 - [MESSAGE][PASSED] - All options with index in [3] are selected on object 'Object Repository/HealthpostToStore/Page_Store/select_--Select--Adernaline 0.'

2018-06-09 21:47:35 - [TEST_STEP][PASSED] - delay: Delayed 2 second(s)

2018-06-09 21:47:37 - [MESSAGE][PASSED] - Delayed 2 second(s)

2018-06-09 21:47:37 - [TEST_STEP][PASSED] - Statement - RequestedQty = com.kms.katalon.core.webui.keyword.WebUiBuiltInKeywords.getAttribute(com.kms.katalon.core.testobject.ObjectRepository.findTestObject(HealthpostToStore/Page_Store/input_txttotal), "value"): Attribute 'value' of object 'Object Repository/HealthpostToStore/Page_Store/input_txttotal' is: '10'

2018-06-09 21:47:37 - [MESSAGE][PASSED] - Attribute 'value' of object 'Object Repository/HealthpostToStore/Page_Store/input_txttotal' is: '10'

2018-06-09 21:47:37 - [TEST_STEP][PASSED] - Statement - out.println("Requested QTY : " + RequestedQty): null

2018-06-09 21:47:37 - [TEST_STEP][PASSED] - Statement - BatchNumber = com.kms.katalon.core.webui.keyword.WebUiBuiltInKeywords.getNumberOfTotalOption(com.kms.katalon.core.testobject.ObjectRepository.findTestObject(HealthpostToStore/Page_Store/select_--Select--BA1170BA2376B)): 3 options of object 'Object Repository/HealthpostToStore/Page_Store/select_--Select--BA1170BA2376B' counted

2018-06-09 21:47:37 - [MESSAGE][PASSED] - 3 options of object 'Object Repository/HealthpostToStore/Page_Store/select_--Select--BA1170BA2376B' counted

2018-06-09 21:47:37 - [TEST_STEP][PASSED] - Statement - For ([g = 1, g <= BatchNumber - 1, (g++)]): null

2018-06-09 21:47:37 - [TEST_STEP][PASSED] - selectOptionByIndex: All options with index in [1] are selected on object 'Object Repository/HealthpostToStore/Page_Store/select_--Select--BA1170BA2376B'

2018-06-09 21:47:37 - [MESSAGE][PASSED] - All options with index in [1] are selected on object 'Object Repository/HealthpostToStore/Page_Store/select_--Select--BA1170BA2376B'

2018-06-09 21:47:37 - [TEST_STEP][PASSED] - Statement - Try: null

2018-06-09 21:47:37 - [TEST_STEP][PASSED] - Statement - StockQty = com.kms.katalon.core.webui.keyword.WebUiBuiltInKeywords.getAttribute(com.kms.katalon.core.testobject.ObjectRepository.findTestObject(HealthpostToStore/Page_Store/input_txtprice), "value"): Attribute 'value' of object 'Object Repository/HealthpostToStore/Page_Store/input_txtprice' is: '90'

2018-06-09 21:47:37 - [MESSAGE][PASSED] - Attribute 'value' of object 'Object Repository/HealthpostToStore/Page_Store/input_txtprice' is: '90'

2018-06-09 21:47:37 - [TEST_STEP][PASSED] - Statement - out.println("Stock QTY : " + StockQty): null

2018-06-09 21:47:37 - [TEST_STEP][PASSED] - delay: Delayed 2 second(s)

2018-06-09 21:47:39 - [MESSAGE][PASSED] - Delayed 2 second(s)

2018-06-09 21:47:39 - [TEST_STEP][PASSED] - Statement - If (java.lang.String.valueOf(StockQty) >= java.lang.String.valueOf(RequestedQty)): null

2018-06-09 21:47:39 - [TEST_STEP][PASSED] - setText: Text '10' is set on object 'Object Repository/HealthpostToStore/Page_Store/input_txtqty'

2018-06-09 21:47:39 - [MESSAGE][PASSED] - Text '10' is set on object 'Object Repository/HealthpostToStore/Page_Store/input_txtqty'

2018-06-09 21:47:39 - [TEST_STEP][PASSED] - click: Object: 'Object Repository/HealthpostToStore/Page_Store/button_Add' is clicked on

2018-06-09 21:47:39 - [MESSAGE][PASSED] - Object: 'Object Repository/HealthpostToStore/Page_Store/button_Add' is clicked on

2018-06-09 21:47:39 - [TEST_STEP][PASSED] - Statement - Break: null

2018-06-09 21:47:39 - [TEST_STEP][PASSED] - selectOptionByIndex: All options with index in [4] are selected on object 'Object Repository/HealthpostToStore/Page_Store/select_--Select--Adernaline 0.'

2018-06-09 21:47:39 - [MESSAGE][PASSED] - All options with index in [4] are selected on object 'Object Repository/HealthpostToStore/Page_Store/select_--Select--Adernaline 0.'

2018-06-09 21:47:39 - [TEST_STEP][PASSED] - delay: Delayed 2 second(s)

2018-06-09 21:47:41 - [MESSAGE][PASSED] - Delayed 2 second(s)

2018-06-09 21:47:41 - [TEST_STEP][PASSED] - Statement - RequestedQty = com.kms.katalon.core.webui.keyword.WebUiBuiltInKeywords.getAttribute(com.kms.katalon.core.testobject.ObjectRepository.findTestObject(HealthpostToStore/Page_Store/input_txttotal), "value"): Attribute 'value' of object 'Object Repository/HealthpostToStore/Page_Store/input_txttotal' is: '10'

2018-06-09 21:47:41 - [MESSAGE][PASSED] - Attribute 'value' of object 'Object Repository/HealthpostToStore/Page_Store/input_txttotal' is: '10'

2018-06-09 21:47:41 - [TEST_STEP][PASSED] - Statement - out.println("Requested QTY : " + RequestedQty): null

2018-06-09 21:47:41 - [TEST_STEP][PASSED] - Statement - BatchNumber = com.kms.katalon.core.webui.keyword.WebUiBuiltInKeywords.getNumberOfTotalOption(com.kms.katalon.core.testobject.ObjectRepository.findTestObject(HealthpostToStore/Page_Store/select_--Select--BA1170BA2376B)): 4 options of object 'Object Repository/HealthpostToStore/Page_Store/select_--Select--BA1170BA2376B' counted

2018-06-09 21:47:41 - [MESSAGE][PASSED] - 4 options of object 'Object Repository/HealthpostToStore/Page_Store/select_--Select--BA1170BA2376B' counted

2018-06-09 21:47:41 - [TEST_STEP][PASSED] - Statement - For ([g = 1, g <= BatchNumber - 1, (g++)]): null

2018-06-09 21:47:41 - [TEST_STEP][PASSED] - selectOptionByIndex: All options with index in [1] are selected on object 'Object Repository/HealthpostToStore/Page_Store/select_--Select--BA1170BA2376B'

2018-06-09 21:47:41 - [MESSAGE][PASSED] - All options with index in [1] are selected on object 'Object Repository/HealthpostToStore/Page_Store/select_--Select--BA1170BA2376B'

2018-06-09 21:47:41 - [TEST_STEP][PASSED] - Statement - Try: null

2018-06-09 21:47:41 - [TEST_STEP][PASSED] - Statement - StockQty = com.kms.katalon.core.webui.keyword.WebUiBuiltInKeywords.getAttribute(com.kms.katalon.core.testobject.ObjectRepository.findTestObject(HealthpostToStore/Page_Store/input_txtprice), "value"): Attribute 'value' of object 'Object Repository/HealthpostToStore/Page_Store/input_txtprice' is: '200'

2018-06-09 21:47:41 - [MESSAGE][PASSED] - Attribute 'value' of object 'Object Repository/HealthpostToStore/Page_Store/input_txtprice' is: '200'

2018-06-09 21:47:41 - [TEST_STEP][PASSED] - Statement - out.println("Stock QTY : " + StockQty): null

2018-06-09 21:47:41 - [TEST_STEP][PASSED] - delay: Delayed 2 second(s)

2018-06-09 21:47:43 - [MESSAGE][PASSED] - Delayed 2 second(s)

2018-06-09 21:47:43 - [TEST_STEP][PASSED] - Statement - If (java.lang.String.valueOf(StockQty) >= java.lang.String.valueOf(RequestedQty)): null

2018-06-09 21:47:43 - [TEST_STEP][PASSED] - setText: Text '10' is set on object 'Object Repository/HealthpostToStore/Page_Store/input_txtqty'

2018-06-09 21:47:43 - [MESSAGE][PASSED] - Text '10' is set on object 'Object Repository/HealthpostToStore/Page_Store/input_txtqty'

2018-06-09 21:47:43 - [TEST_STEP][PASSED] - click: Object: 'Object Repository/HealthpostToStore/Page_Store/button_Add' is clicked on

2018-06-09 21:47:43 - [MESSAGE][PASSED] - Object: 'Object Repository/HealthpostToStore/Page_Store/button_Add' is clicked on

2018-06-09 21:47:43 - [TEST_STEP][PASSED] - Statement - Break: null

2018-06-09 21:47:43 - [TEST_STEP][PASSED] - selectOptionByIndex: All options with index in [5] are selected on object 'Object Repository/HealthpostToStore/Page_Store/select_--Select--Adernaline 0.'

2018-06-09 21:47:44 - [MESSAGE][PASSED] - All options with index in [5] are selected on object 'Object Repository/HealthpostToStore/Page_Store/select_--Select--Adernaline 0.'

2018-06-09 21:47:44 - [TEST_STEP][PASSED] - delay: Delayed 2 second(s)

2018-06-09 21:47:46 - [MESSAGE][PASSED] - Delayed 2 second(s)

2018-06-09 21:47:46 - [TEST_STEP][PASSED] - Statement - RequestedQty = com.kms.katalon.core.webui.keyword.WebUiBuiltInKeywords.getAttribute(com.kms.katalon.core.testobject.ObjectRepository.findTestObject(HealthpostToStore/Page_Store/input_txttotal), "value"): Attribute 'value' of object 'Object Repository/HealthpostToStore/Page_Store/input_txttotal' is: '10'

2018-06-09 21:47:46 - [MESSAGE][PASSED] - Attribute 'value' of object 'Object Repository/HealthpostToStore/Page_Store/input_txttotal' is: '10'

2018-06-09 21:47:46 - [TEST_STEP][PASSED] - Statement - out.println("Requested QTY : " + RequestedQty): null

2018-06-09 21:47:46 - [TEST_STEP][PASSED] - Statement - BatchNumber = com.kms.katalon.core.webui.keyword.WebUiBuiltInKeywords.getNumberOfTotalOption(com.kms.katalon.core.testobject.ObjectRepository.findTestObject(HealthpostToStore/Page_Store/select_--Select--BA1170BA2376B)): 2 options of object 'Object Repository/HealthpostToStore/Page_Store/select_--Select--BA1170BA2376B' counted

2018-06-09 21:47:46 - [MESSAGE][PASSED] - 2 options of object 'Object Repository/HealthpostToStore/Page_Store/select_--Select--BA1170BA2376B' counted

2018-06-09 21:47:46 - [TEST_STEP][PASSED] - Statement - For ([g = 1, g <= BatchNumber - 1, (g++)]): null

2018-06-09 21:47:46 - [TEST_STEP][PASSED] - selectOptionByIndex: All options with index in [1] are selected on object 'Object Repository/HealthpostToStore/Page_Store/select_--Select--BA1170BA2376B'

2018-06-09 21:47:46 - [MESSAGE][PASSED] - All options with index in [1] are selected on object 'Object Repository/HealthpostToStore/Page_Store/select_--Select--BA1170BA2376B'

2018-06-09 21:47:46 - [TEST_STEP][PASSED] - Statement - Try: null

2018-06-09 21:47:46 - [TEST_STEP][PASSED] - Statement - StockQty = com.kms.katalon.core.webui.keyword.WebUiBuiltInKeywords.getAttribute(com.kms.katalon.core.testobject.ObjectRepository.findTestObject(HealthpostToStore/Page_Store/input_txtprice), "value"): Attribute 'value' of object 'Object Repository/HealthpostToStore/Page_Store/input_txtprice' is: '1950'

2018-06-09 21:47:46 - [MESSAGE][PASSED] - Attribute 'value' of object 'Object Repository/HealthpostToStore/Page_Store/input_txtprice' is: '1950'

2018-06-09 21:47:46 - [TEST_STEP][PASSED] - Statement - out.println("Stock QTY : " + StockQty): null

2018-06-09 21:47:46 - [TEST_STEP][PASSED] - delay: Delayed 2 second(s)

2018-06-09 21:47:48 - [MESSAGE][PASSED] - Delayed 2 second(s)

2018-06-09 21:47:48 - [TEST_STEP][PASSED] - Statement - If (java.lang.String.valueOf(StockQty) >= java.lang.String.valueOf(RequestedQty)): null

2018-06-09 21:47:48 - [TEST_STEP][PASSED] - setText: Text '10' is set on object 'Object Repository/HealthpostToStore/Page_Store/input_txtqty'

2018-06-09 21:47:48 - [MESSAGE][PASSED] - Text '10' is set on object 'Object Repository/HealthpostToStore/Page_Store/input_txtqty'

2018-06-09 21:47:48 - [TEST_STEP][PASSED] - click: Object: 'Object Repository/HealthpostToStore/Page_Store/button_Add' is clicked on

2018-06-09 21:47:48 - [MESSAGE][PASSED] - Object: 'Object Repository/HealthpostToStore/Page_Store/button_Add' is clicked on

2018-06-09 21:47:48 - [TEST_STEP][PASSED] - Statement - Break: null

2018-06-09 21:47:48 - [TEST_STEP][PASSED] - selectOptionByIndex: All options with index in [6] are selected on object 'Object Repository/HealthpostToStore/Page_Store/select_--Select--Adernaline 0.'

2018-06-09 21:47:48 - [MESSAGE][PASSED] - All options with index in [6] are selected on object 'Object Repository/HealthpostToStore/Page_Store/select_--Select--Adernaline 0.'

2018-06-09 21:47:48 - [TEST_STEP][PASSED] - delay: Delayed 2 second(s)

2018-06-09 21:47:50 - [MESSAGE][PASSED] - Delayed 2 second(s)

2018-06-09 21:47:50 - [TEST_STEP][PASSED] - Statement - RequestedQty = com.kms.katalon.core.webui.keyword.WebUiBuiltInKeywords.getAttribute(com.kms.katalon.core.testobject.ObjectRepository.findTestObject(HealthpostToStore/Page_Store/input_txttotal), "value"): Attribute 'value' of object 'Object Repository/HealthpostToStore/Page_Store/input_txttotal' is: '10'

2018-06-09 21:47:50 - [MESSAGE][PASSED] - Attribute 'value' of object 'Object Repository/HealthpostToStore/Page_Store/input_txttotal' is: '10'

2018-06-09 21:47:50 - [TEST_STEP][PASSED] - Statement - out.println("Requested QTY : " + RequestedQty): null

2018-06-09 21:47:50 - [TEST_STEP][PASSED] - Statement - BatchNumber = com.kms.katalon.core.webui.keyword.WebUiBuiltInKeywords.getNumberOfTotalOption(com.kms.katalon.core.testobject.ObjectRepository.findTestObject(HealthpostToStore/Page_Store/select_--Select--BA1170BA2376B)): 4 options of object 'Object Repository/HealthpostToStore/Page_Store/select_--Select--BA1170BA2376B' counted

2018-06-09 21:47:50 - [MESSAGE][PASSED] - 4 options of object 'Object Repository/HealthpostToStore/Page_Store/select_--Select--BA1170BA2376B' counted

2018-06-09 21:47:50 - [TEST_STEP][PASSED] - Statement - For ([g = 1, g <= BatchNumber - 1, (g++)]): null

2018-06-09 21:47:50 - [TEST_STEP][PASSED] - selectOptionByIndex: All options with index in [1] are selected on object 'Object Repository/HealthpostToStore/Page_Store/select_--Select--BA1170BA2376B'

2018-06-09 21:47:50 - [MESSAGE][PASSED] - All options with index in [1] are selected on object 'Object Repository/HealthpostToStore/Page_Store/select_--Select--BA1170BA2376B'

2018-06-09 21:47:50 - [TEST_STEP][PASSED] - Statement - Try: null

2018-06-09 21:47:50 - [TEST_STEP][PASSED] - Statement - StockQty = com.kms.katalon.core.webui.keyword.WebUiBuiltInKeywords.getAttribute(com.kms.katalon.core.testobject.ObjectRepository.findTestObject(HealthpostToStore/Page_Store/input_txtprice), "value"): Attribute 'value' of object 'Object Repository/HealthpostToStore/Page_Store/input_txtprice' is: '930'

2018-06-09 21:47:50 - [MESSAGE][PASSED] - Attribute 'value' of object 'Object Repository/HealthpostToStore/Page_Store/input_txtprice' is: '930'

2018-06-09 21:47:50 - [TEST_STEP][PASSED] - Statement - out.println("Stock QTY : " + StockQty): null

2018-06-09 21:47:50 - [TEST_STEP][PASSED] - delay: Delayed 2 second(s)

2018-06-09 21:47:52 - [MESSAGE][PASSED] - Delayed 2 second(s)

2018-06-09 21:47:52 - [TEST_STEP][PASSED] - Statement - If (java.lang.String.valueOf(StockQty) >= java.lang.String.valueOf(RequestedQty)): null

2018-06-09 21:47:52 - [TEST_STEP][PASSED] - setText: Text '10' is set on object 'Object Repository/HealthpostToStore/Page_Store/input_txtqty'

2018-06-09 21:47:53 - [MESSAGE][PASSED] - Text '10' is set on object 'Object Repository/HealthpostToStore/Page_Store/input_txtqty'

2018-06-09 21:47:53 - [TEST_STEP][PASSED] - click: Object: 'Object Repository/HealthpostToStore/Page_Store/button_Add' is clicked on

2018-06-09 21:47:53 - [MESSAGE][PASSED] - Object: 'Object Repository/HealthpostToStore/Page_Store/button_Add' is clicked on

2018-06-09 21:47:53 - [TEST_STEP][PASSED] - Statement - Break: null

2018-06-09 21:47:53 - [TEST_STEP][PASSED] - selectOptionByIndex: All options with index in [7] are selected on object 'Object Repository/HealthpostToStore/Page_Store/select_--Select--Adernaline 0.'

2018-06-09 21:47:53 - [MESSAGE][PASSED] - All options with index in [7] are selected on object 'Object Repository/HealthpostToStore/Page_Store/select_--Select--Adernaline 0.'

2018-06-09 21:47:53 - [TEST_STEP][PASSED] - delay: Delayed 2 second(s)

2018-06-09 21:47:55 - [MESSAGE][PASSED] - Delayed 2 second(s)

2018-06-09 21:47:55 - [TEST_STEP][PASSED] - Statement - RequestedQty = com.kms.katalon.core.webui.keyword.WebUiBuiltInKeywords.getAttribute(com.kms.katalon.core.testobject.ObjectRepository.findTestObject(HealthpostToStore/Page_Store/input_txttotal), "value"): Attribute 'value' of object 'Object Repository/HealthpostToStore/Page_Store/input_txttotal' is: '10'

2018-06-09 21:47:55 - [MESSAGE][PASSED] - Attribute 'value' of object 'Object Repository/HealthpostToStore/Page_Store/input_txttotal' is: '10'

2018-06-09 21:47:55 - [TEST_STEP][PASSED] - Statement - out.println("Requested QTY : " + RequestedQty): null

2018-06-09 21:47:55 - [TEST_STEP][PASSED] - Statement - BatchNumber = com.kms.katalon.core.webui.keyword.WebUiBuiltInKeywords.getNumberOfTotalOption(com.kms.katalon.core.testobject.ObjectRepository.findTestObject(HealthpostToStore/Page_Store/select_--Select--BA1170BA2376B)): 3 options of object 'Object Repository/HealthpostToStore/Page_Store/select_--Select--BA1170BA2376B' counted

2018-06-09 21:47:55 - [MESSAGE][PASSED] - 3 options of object 'Object Repository/HealthpostToStore/Page_Store/select_--Select--BA1170BA2376B' counted

2018-06-09 21:47:55 - [TEST_STEP][PASSED] - Statement - For ([g = 1, g <= BatchNumber - 1, (g++)]): null

2018-06-09 21:47:55 - [TEST_STEP][PASSED] - selectOptionByIndex: All options with index in [1] are selected on object 'Object Repository/HealthpostToStore/Page_Store/select_--Select--BA1170BA2376B'

2018-06-09 21:47:55 - [MESSAGE][PASSED] - All options with index in [1] are selected on object 'Object Repository/HealthpostToStore/Page_Store/select_--Select--BA1170BA2376B'

2018-06-09 21:47:55 - [TEST_STEP][PASSED] - Statement - Try: null

2018-06-09 21:47:55 - [TEST_STEP][PASSED] - Statement - StockQty = com.kms.katalon.core.webui.keyword.WebUiBuiltInKeywords.getAttribute(com.kms.katalon.core.testobject.ObjectRepository.findTestObject(HealthpostToStore/Page_Store/input_txtprice), "value"): Attribute 'value' of object 'Object Repository/HealthpostToStore/Page_Store/input_txtprice' is: '1850'

2018-06-09 21:47:55 - [MESSAGE][PASSED] - Attribute 'value' of object 'Object Repository/HealthpostToStore/Page_Store/input_txtprice' is: '1850'

2018-06-09 21:47:55 - [TEST_STEP][PASSED] - Statement - out.println("Stock QTY : " + StockQty): null

2018-06-09 21:47:55 - [TEST_STEP][PASSED] - delay: Delayed 2 second(s)

2018-06-09 21:47:57 - [MESSAGE][PASSED] - Delayed 2 second(s)

2018-06-09 21:47:57 - [TEST_STEP][PASSED] - Statement - If (java.lang.String.valueOf(StockQty) >= java.lang.String.valueOf(RequestedQty)): null

2018-06-09 21:47:57 - [TEST_STEP][PASSED] - setText: Text '10' is set on object 'Object Repository/HealthpostToStore/Page_Store/input_txtqty'

2018-06-09 21:47:57 - [MESSAGE][PASSED] - Text '10' is set on object 'Object Repository/HealthpostToStore/Page_Store/input_txtqty'

2018-06-09 21:47:57 - [TEST_STEP][PASSED] - click: Object: 'Object Repository/HealthpostToStore/Page_Store/button_Add' is clicked on

2018-06-09 21:47:57 - [MESSAGE][PASSED] - Object: 'Object Repository/HealthpostToStore/Page_Store/button_Add' is clicked on

2018-06-09 21:47:57 - [TEST_STEP][PASSED] - Statement - Break: null

2018-06-09 21:47:57 - [TEST_STEP][PASSED] - selectOptionByIndex: All options with index in [8] are selected on object 'Object Repository/HealthpostToStore/Page_Store/select_--Select--Adernaline 0.'

2018-06-09 21:47:57 - [MESSAGE][PASSED] - All options with index in [8] are selected on object 'Object Repository/HealthpostToStore/Page_Store/select_--Select--Adernaline 0.'

2018-06-09 21:47:57 - [TEST_STEP][PASSED] - delay: Delayed 2 second(s)

2018-06-09 21:47:59 - [MESSAGE][PASSED] - Delayed 2 second(s)

2018-06-09 21:47:59 - [TEST_STEP][PASSED] - Statement - RequestedQty = com.kms.katalon.core.webui.keyword.WebUiBuiltInKeywords.getAttribute(com.kms.katalon.core.testobject.ObjectRepository.findTestObject(HealthpostToStore/Page_Store/input_txttotal), "value"): Attribute 'value' of object 'Object Repository/HealthpostToStore/Page_Store/input_txttotal' is: '10'

2018-06-09 21:47:59 - [MESSAGE][PASSED] - Attribute 'value' of object 'Object Repository/HealthpostToStore/Page_Store/input_txttotal' is: '10'

2018-06-09 21:47:59 - [TEST_STEP][PASSED] - Statement - out.println("Requested QTY : " + RequestedQty): null

2018-06-09 21:47:59 - [TEST_STEP][PASSED] - Statement - BatchNumber = com.kms.katalon.core.webui.keyword.WebUiBuiltInKeywords.getNumberOfTotalOption(com.kms.katalon.core.testobject.ObjectRepository.findTestObject(HealthpostToStore/Page_Store/select_--Select--BA1170BA2376B)): 2 options of object 'Object Repository/HealthpostToStore/Page_Store/select_--Select--BA1170BA2376B' counted

2018-06-09 21:47:59 - [MESSAGE][PASSED] - 2 options of object 'Object Repository/HealthpostToStore/Page_Store/select_--Select--BA1170BA2376B' counted

2018-06-09 21:47:59 - [TEST_STEP][PASSED] - Statement - For ([g = 1, g <= BatchNumber - 1, (g++)]): null

2018-06-09 21:47:59 - [TEST_STEP][PASSED] - selectOptionByIndex: All options with index in [1] are selected on object 'Object Repository/HealthpostToStore/Page_Store/select_--Select--BA1170BA2376B'

2018-06-09 21:48:00 - [MESSAGE][PASSED] - All options with index in [1] are selected on object 'Object Repository/HealthpostToStore/Page_Store/select_--Select--BA1170BA2376B'

2018-06-09 21:48:00 - [TEST_STEP][PASSED] - Statement - Try: null

2018-06-09 21:48:00 - [TEST_STEP][PASSED] - Statement - StockQty = com.kms.katalon.core.webui.keyword.WebUiBuiltInKeywords.getAttribute(com.kms.katalon.core.testobject.ObjectRepository.findTestObject(HealthpostToStore/Page_Store/input_txtprice), "value"): Attribute 'value' of object 'Object Repository/HealthpostToStore/Page_Store/input_txtprice' is: '1950'

2018-06-09 21:48:00 - [MESSAGE][PASSED] - Attribute 'value' of object 'Object Repository/HealthpostToStore/Page_Store/input_txtprice' is: '1950'

2018-06-09 21:48:00 - [TEST_STEP][PASSED] - Statement - out.println("Stock QTY : " + StockQty): null

2018-06-09 21:48:00 - [TEST_STEP][PASSED] - delay: Delayed 2 second(s)

2018-06-09 21:48:02 - [MESSAGE][PASSED] - Delayed 2 second(s)

2018-06-09 21:48:02 - [TEST_STEP][PASSED] - Statement - If (java.lang.String.valueOf(StockQty) >= java.lang.String.valueOf(RequestedQty)): null

2018-06-09 21:48:02 - [TEST_STEP][PASSED] - setText: Text '10' is set on object 'Object Repository/HealthpostToStore/Page_Store/input_txtqty'

2018-06-09 21:48:02 - [MESSAGE][PASSED] - Text '10' is set on object 'Object Repository/HealthpostToStore/Page_Store/input_txtqty'

2018-06-09 21:48:02 - [TEST_STEP][PASSED] - click: Object: 'Object Repository/HealthpostToStore/Page_Store/button_Add' is clicked on

2018-06-09 21:48:02 - [MESSAGE][PASSED] - Object: 'Object Repository/HealthpostToStore/Page_Store/button_Add' is clicked on

2018-06-09 21:48:02 - [TEST_STEP][PASSED] - Statement - Break: null

2018-06-09 21:48:02 - [TEST_STEP][PASSED] - selectOptionByIndex: All options with index in [9] are selected on object 'Object Repository/HealthpostToStore/Page_Store/select_--Select--Adernaline 0.'

2018-06-09 21:48:02 - [MESSAGE][PASSED] - All options with index in [9] are selected on object 'Object Repository/HealthpostToStore/Page_Store/select_--Select--Adernaline 0.'

2018-06-09 21:48:02 - [TEST_STEP][PASSED] - delay: Delayed 2 second(s)

2018-06-09 21:48:04 - [MESSAGE][PASSED] - Delayed 2 second(s)

2018-06-09 21:48:04 - [TEST_STEP][PASSED] - Statement - RequestedQty = com.kms.katalon.core.webui.keyword.WebUiBuiltInKeywords.getAttribute(com.kms.katalon.core.testobject.ObjectRepository.findTestObject(HealthpostToStore/Page_Store/input_txttotal), "value"): Attribute 'value' of object 'Object Repository/HealthpostToStore/Page_Store/input_txttotal' is: '10'

2018-06-09 21:48:04 - [MESSAGE][PASSED] - Attribute 'value' of object 'Object Repository/HealthpostToStore/Page_Store/input_txttotal' is: '10'

2018-06-09 21:48:04 - [TEST_STEP][PASSED] - Statement - out.println("Requested QTY : " + RequestedQty): null

2018-06-09 21:48:04 - [TEST_STEP][PASSED] - Statement - BatchNumber = com.kms.katalon.core.webui.keyword.WebUiBuiltInKeywords.getNumberOfTotalOption(com.kms.katalon.core.testobject.ObjectRepository.findTestObject(HealthpostToStore/Page_Store/select_--Select--BA1170BA2376B)): 4 options of object 'Object Repository/HealthpostToStore/Page_Store/select_--Select--BA1170BA2376B' counted

2018-06-09 21:48:04 - [MESSAGE][PASSED] - 4 options of object 'Object Repository/HealthpostToStore/Page_Store/select_--Select--BA1170BA2376B' counted

2018-06-09 21:48:04 - [TEST_STEP][PASSED] - Statement - For ([g = 1, g <= BatchNumber - 1, (g++)]): null

2018-06-09 21:48:04 - [TEST_STEP][PASSED] - selectOptionByIndex: All options with index in [1] are selected on object 'Object Repository/HealthpostToStore/Page_Store/select_--Select--BA1170BA2376B'

2018-06-09 21:48:04 - [MESSAGE][PASSED] - All options with index in [1] are selected on object 'Object Repository/HealthpostToStore/Page_Store/select_--Select--BA1170BA2376B'

2018-06-09 21:48:04 - [TEST_STEP][PASSED] - Statement - Try: null

2018-06-09 21:48:04 - [TEST_STEP][PASSED] - Statement - StockQty = com.kms.katalon.core.webui.keyword.WebUiBuiltInKeywords.getAttribute(com.kms.katalon.core.testobject.ObjectRepository.findTestObject(HealthpostToStore/Page_Store/input_txtprice), "value"): Attribute 'value' of object 'Object Repository/HealthpostToStore/Page_Store/input_txtprice' is: '930'

2018-06-09 21:48:04 - [MESSAGE][PASSED] - Attribute 'value' of object 'Object Repository/HealthpostToStore/Page_Store/input_txtprice' is: '930'

2018-06-09 21:48:04 - [TEST_STEP][PASSED] - Statement - out.println("Stock QTY : " + StockQty): null

2018-06-09 21:48:04 - [TEST_STEP][PASSED] - delay: Delayed 2 second(s)

2018-06-09 21:48:06 - [MESSAGE][PASSED] - Delayed 2 second(s)

2018-06-09 21:48:06 - [TEST_STEP][PASSED] - Statement - If (java.lang.String.valueOf(StockQty) >= java.lang.String.valueOf(RequestedQty)): null

2018-06-09 21:48:06 - [TEST_STEP][PASSED] - setText: Text '10' is set on object 'Object Repository/HealthpostToStore/Page_Store/input_txtqty'

2018-06-09 21:48:06 - [MESSAGE][PASSED] - Text '10' is set on object 'Object Repository/HealthpostToStore/Page_Store/input_txtqty'

2018-06-09 21:48:06 - [TEST_STEP][PASSED] - click: Object: 'Object Repository/HealthpostToStore/Page_Store/button_Add' is clicked on

2018-06-09 21:48:06 - [MESSAGE][PASSED] - Object: 'Object Repository/HealthpostToStore/Page_Store/button_Add' is clicked on

2018-06-09 21:48:06 - [TEST_STEP][PASSED] - Statement - Break: null

2018-06-09 21:48:06 - [TEST_STEP][PASSED] - selectOptionByIndex: All options with index in [10] are selected on object 'Object Repository/HealthpostToStore/Page_Store/select_--Select--Adernaline 0.'

2018-06-09 21:48:06 - [MESSAGE][PASSED] - All options with index in [10] are selected on object 'Object Repository/HealthpostToStore/Page_Store/select_--Select--Adernaline 0.'

2018-06-09 21:48:06 - [TEST_STEP][PASSED] - delay: Delayed 2 second(s)

2018-06-09 21:48:08 - [MESSAGE][PASSED] - Delayed 2 second(s)

2018-06-09 21:48:08 - [TEST_STEP][PASSED] - Statement - RequestedQty = com.kms.katalon.core.webui.keyword.WebUiBuiltInKeywords.getAttribute(com.kms.katalon.core.testobject.ObjectRepository.findTestObject(HealthpostToStore/Page_Store/input_txttotal), "value"): Attribute 'value' of object 'Object Repository/HealthpostToStore/Page_Store/input_txttotal' is: '10'

2018-06-09 21:48:09 - [MESSAGE][PASSED] - Attribute 'value' of object 'Object Repository/HealthpostToStore/Page_Store/input_txttotal' is: '10'

2018-06-09 21:48:09 - [TEST_STEP][PASSED] - Statement - out.println("Requested QTY : " + RequestedQty): null

2018-06-09 21:48:09 - [TEST_STEP][PASSED] - Statement - BatchNumber = com.kms.katalon.core.webui.keyword.WebUiBuiltInKeywords.getNumberOfTotalOption(com.kms.katalon.core.testobject.ObjectRepository.findTestObject(HealthpostToStore/Page_Store/select_--Select--BA1170BA2376B)): 3 options of object 'Object Repository/HealthpostToStore/Page_Store/select_--Select--BA1170BA2376B' counted

2018-06-09 21:48:09 - [MESSAGE][PASSED] - 3 options of object 'Object Repository/HealthpostToStore/Page_Store/select_--Select--BA1170BA2376B' counted

2018-06-09 21:48:09 - [TEST_STEP][PASSED] - Statement - For ([g = 1, g <= BatchNumber - 1, (g++)]): null

2018-06-09 21:48:09 - [TEST_STEP][PASSED] - selectOptionByIndex: All options with index in [1] are selected on object 'Object Repository/HealthpostToStore/Page_Store/select_--Select--BA1170BA2376B'

2018-06-09 21:48:09 - [MESSAGE][PASSED] - All options with index in [1] are selected on object 'Object Repository/HealthpostToStore/Page_Store/select_--Select--BA1170BA2376B'

2018-06-09 21:48:09 - [TEST_STEP][PASSED] - Statement - Try: null

2018-06-09 21:48:09 - [TEST_STEP][PASSED] - Statement - StockQty = com.kms.katalon.core.webui.keyword.WebUiBuiltInKeywords.getAttribute(com.kms.katalon.core.testobject.ObjectRepository.findTestObject(HealthpostToStore/Page_Store/input_txtprice), "value"): Attribute 'value' of object 'Object Repository/HealthpostToStore/Page_Store/input_txtprice' is: '390'

2018-06-09 21:48:09 - [MESSAGE][PASSED] - Attribute 'value' of object 'Object Repository/HealthpostToStore/Page_Store/input_txtprice' is: '390'

2018-06-09 21:48:09 - [TEST_STEP][PASSED] - Statement - out.println("Stock QTY : " + StockQty): null

2018-06-09 21:48:09 - [TEST_STEP][PASSED] - delay: Delayed 2 second(s)

2018-06-09 21:48:11 - [MESSAGE][PASSED] - Delayed 2 second(s)

2018-06-09 21:48:11 - [TEST_STEP][PASSED] - Statement - If (java.lang.String.valueOf(StockQty) >= java.lang.String.valueOf(RequestedQty)): null

2018-06-09 21:48:11 - [TEST_STEP][PASSED] - setText: Text '10' is set on object 'Object Repository/HealthpostToStore/Page_Store/input_txtqty'

2018-06-09 21:48:11 - [MESSAGE][PASSED] - Text '10' is set on object 'Object Repository/HealthpostToStore/Page_Store/input_txtqty'

2018-06-09 21:48:11 - [TEST_STEP][PASSED] - click: Object: 'Object Repository/HealthpostToStore/Page_Store/button_Add' is clicked on

2018-06-09 21:48:11 - [MESSAGE][PASSED] - Object: 'Object Repository/HealthpostToStore/Page_Store/button_Add' is clicked on

2018-06-09 21:48:11 - [TEST_STEP][PASSED] - Statement - Break: null

2018-06-09 21:48:11 - [TEST_STEP][PASSED] - selectOptionByIndex: All options with index in [11] are selected on object 'Object Repository/HealthpostToStore/Page_Store/select_--Select--Adernaline 0.'

2018-06-09 21:48:11 - [MESSAGE][PASSED] - All options with index in [11] are selected on object 'Object Repository/HealthpostToStore/Page_Store/select_--Select--Adernaline 0.'

2018-06-09 21:48:11 - [TEST_STEP][PASSED] - delay: Delayed 2 second(s)

2018-06-09 21:48:13 - [MESSAGE][PASSED] - Delayed 2 second(s)

2018-06-09 21:48:13 - [TEST_STEP][PASSED] - Statement - RequestedQty = com.kms.katalon.core.webui.keyword.WebUiBuiltInKeywords.getAttribute(com.kms.katalon.core.testobject.ObjectRepository.findTestObject(HealthpostToStore/Page_Store/input_txttotal), "value"): Attribute 'value' of object 'Object Repository/HealthpostToStore/Page_Store/input_txttotal' is: '10'

2018-06-09 21:48:13 - [MESSAGE][PASSED] - Attribute 'value' of object 'Object Repository/HealthpostToStore/Page_Store/input_txttotal' is: '10'

2018-06-09 21:48:13 - [TEST_STEP][PASSED] - Statement - out.println("Requested QTY : " + RequestedQty): null

2018-06-09 21:48:13 - [TEST_STEP][PASSED] - Statement - BatchNumber = com.kms.katalon.core.webui.keyword.WebUiBuiltInKeywords.getNumberOfTotalOption(com.kms.katalon.core.testobject.ObjectRepository.findTestObject(HealthpostToStore/Page_Store/select_--Select--BA1170BA2376B)): 4 options of object 'Object Repository/HealthpostToStore/Page_Store/select_--Select--BA1170BA2376B' counted

2018-06-09 21:48:13 - [MESSAGE][PASSED] - 4 options of object 'Object Repository/HealthpostToStore/Page_Store/select_--Select--BA1170BA2376B' counted

2018-06-09 21:48:13 - [TEST_STEP][PASSED] - Statement - For ([g = 1, g <= BatchNumber - 1, (g++)]): null

2018-06-09 21:48:13 - [TEST_STEP][PASSED] - selectOptionByIndex: All options with index in [1] are selected on object 'Object Repository/HealthpostToStore/Page_Store/select_--Select--BA1170BA2376B'

2018-06-09 21:48:13 - [MESSAGE][PASSED] - All options with index in [1] are selected on object 'Object Repository/HealthpostToStore/Page_Store/select_--Select--BA1170BA2376B'

2018-06-09 21:48:13 - [TEST_STEP][PASSED] - Statement - Try: null

2018-06-09 21:48:13 - [TEST_STEP][PASSED] - Statement - StockQty = com.kms.katalon.core.webui.keyword.WebUiBuiltInKeywords.getAttribute(com.kms.katalon.core.testobject.ObjectRepository.findTestObject(HealthpostToStore/Page_Store/input_txtprice), "value"): Attribute 'value' of object 'Object Repository/HealthpostToStore/Page_Store/input_txtprice' is: '390'

2018-06-09 21:48:13 - [MESSAGE][PASSED] - Attribute 'value' of object 'Object Repository/HealthpostToStore/Page_Store/input_txtprice' is: '390'

2018-06-09 21:48:13 - [TEST_STEP][PASSED] - Statement - out.println("Stock QTY : " + StockQty): null

2018-06-09 21:48:13 - [TEST_STEP][PASSED] - delay: Delayed 2 second(s)

2018-06-09 21:48:15 - [MESSAGE][PASSED] - Delayed 2 second(s)

2018-06-09 21:48:15 - [TEST_STEP][PASSED] - Statement - If (java.lang.String.valueOf(StockQty) >= java.lang.String.valueOf(RequestedQty)): null

2018-06-09 21:48:15 - [TEST_STEP][PASSED] - setText: Text '10' is set on object 'Object Repository/HealthpostToStore/Page_Store/input_txtqty'

2018-06-09 21:48:15 - [MESSAGE][PASSED] - Text '10' is set on object 'Object Repository/HealthpostToStore/Page_Store/input_txtqty'

2018-06-09 21:48:15 - [TEST_STEP][PASSED] - click: Object: 'Object Repository/HealthpostToStore/Page_Store/button_Add' is clicked on

2018-06-09 21:48:15 - [MESSAGE][PASSED] - Object: 'Object Repository/HealthpostToStore/Page_Store/button_Add' is clicked on

2018-06-09 21:48:15 - [TEST_STEP][PASSED] - Statement - Break: null

2018-06-09 21:48:15 - [TEST_STEP][PASSED] - selectOptionByIndex: All options with index in [12] are selected on object 'Object Repository/HealthpostToStore/Page_Store/select_--Select--Adernaline 0.'

2018-06-09 21:48:16 - [MESSAGE][PASSED] - All options with index in [12] are selected on object 'Object Repository/HealthpostToStore/Page_Store/select_--Select--Adernaline 0.'

2018-06-09 21:48:16 - [TEST_STEP][PASSED] - delay: Delayed 2 second(s)

2018-06-09 21:48:18 - [MESSAGE][PASSED] - Delayed 2 second(s)

2018-06-09 21:48:18 - [TEST_STEP][PASSED] - Statement - RequestedQty = com.kms.katalon.core.webui.keyword.WebUiBuiltInKeywords.getAttribute(com.kms.katalon.core.testobject.ObjectRepository.findTestObject(HealthpostToStore/Page_Store/input_txttotal), "value"): Attribute 'value' of object 'Object Repository/HealthpostToStore/Page_Store/input_txttotal' is: '10'

2018-06-09 21:48:18 - [MESSAGE][PASSED] - Attribute 'value' of object 'Object Repository/HealthpostToStore/Page_Store/input_txttotal' is: '10'

2018-06-09 21:48:18 - [TEST_STEP][PASSED] - Statement - out.println("Requested QTY : " + RequestedQty): null

2018-06-09 21:48:18 - [TEST_STEP][PASSED] - Statement - BatchNumber = com.kms.katalon.core.webui.keyword.WebUiBuiltInKeywords.getNumberOfTotalOption(com.kms.katalon.core.testobject.ObjectRepository.findTestObject(HealthpostToStore/Page_Store/select_--Select--BA1170BA2376B)): 2 options of object 'Object Repository/HealthpostToStore/Page_Store/select_--Select--BA1170BA2376B' counted

2018-06-09 21:48:18 - [MESSAGE][PASSED] - 2 options of object 'Object Repository/HealthpostToStore/Page_Store/select_--Select--BA1170BA2376B' counted

2018-06-09 21:48:18 - [TEST_STEP][PASSED] - Statement - For ([g = 1, g <= BatchNumber - 1, (g++)]): null

2018-06-09 21:48:18 - [TEST_STEP][PASSED] - selectOptionByIndex: All options with index in [1] are selected on object 'Object Repository/HealthpostToStore/Page_Store/select_--Select--BA1170BA2376B'

2018-06-09 21:48:18 - [MESSAGE][PASSED] - All options with index in [1] are selected on object 'Object Repository/HealthpostToStore/Page_Store/select_--Select--BA1170BA2376B'

2018-06-09 21:48:18 - [TEST_STEP][PASSED] - Statement - Try: null

2018-06-09 21:48:18 - [TEST_STEP][PASSED] - Statement - StockQty = com.kms.katalon.core.webui.keyword.WebUiBuiltInKeywords.getAttribute(com.kms.katalon.core.testobject.ObjectRepository.findTestObject(HealthpostToStore/Page_Store/input_txtprice), "value"): Attribute 'value' of object 'Object Repository/HealthpostToStore/Page_Store/input_txtprice' is: '1950'

2018-06-09 21:48:18 - [MESSAGE][PASSED] - Attribute 'value' of object 'Object Repository/HealthpostToStore/Page_Store/input_txtprice' is: '1950'

2018-06-09 21:48:18 - [TEST_STEP][PASSED] - Statement - out.println("Stock QTY : " + StockQty): null

2018-06-09 21:48:18 - [TEST_STEP][PASSED] - delay: Delayed 2 second(s)

2018-06-09 21:48:20 - [MESSAGE][PASSED] - Delayed 2 second(s)

2018-06-09 21:48:20 - [TEST_STEP][PASSED] - Statement - If (java.lang.String.valueOf(StockQty) >= java.lang.String.valueOf(RequestedQty)): null

2018-06-09 21:48:20 - [TEST_STEP][PASSED] - setText: Text '10' is set on object 'Object Repository/HealthpostToStore/Page_Store/input_txtqty'

2018-06-09 21:48:20 - [MESSAGE][PASSED] - Text '10' is set on object 'Object Repository/HealthpostToStore/Page_Store/input_txtqty'

2018-06-09 21:48:20 - [TEST_STEP][PASSED] - click: Object: 'Object Repository/HealthpostToStore/Page_Store/button_Add' is clicked on

2018-06-09 21:48:20 - [MESSAGE][PASSED] - Object: 'Object Repository/HealthpostToStore/Page_Store/button_Add' is clicked on

2018-06-09 21:48:20 - [TEST_STEP][PASSED] - Statement - Break: null

2018-06-09 21:48:20 - [TEST_STEP][PASSED] - selectOptionByIndex: All options with index in [13] are selected on object 'Object Repository/HealthpostToStore/Page_Store/select_--Select--Adernaline 0.'

2018-06-09 21:48:20 - [MESSAGE][PASSED] - All options with index in [13] are selected on object 'Object Repository/HealthpostToStore/Page_Store/select_--Select--Adernaline 0.'

2018-06-09 21:48:20 - [TEST_STEP][PASSED] - delay: Delayed 2 second(s)

2018-06-09 21:48:22 - [MESSAGE][PASSED] - Delayed 2 second(s)

2018-06-09 21:48:22 - [TEST_STEP][PASSED] - Statement - RequestedQty = com.kms.katalon.core.webui.keyword.WebUiBuiltInKeywords.getAttribute(com.kms.katalon.core.testobject.ObjectRepository.findTestObject(HealthpostToStore/Page_Store/input_txttotal), "value"): Attribute 'value' of object 'Object Repository/HealthpostToStore/Page_Store/input_txttotal' is: '10'

2018-06-09 21:48:22 - [MESSAGE][PASSED] - Attribute 'value' of object 'Object Repository/HealthpostToStore/Page_Store/input_txttotal' is: '10'

2018-06-09 21:48:22 - [TEST_STEP][PASSED] - Statement - out.println("Requested QTY : " + RequestedQty): null

2018-06-09 21:48:22 - [TEST_STEP][PASSED] - Statement - BatchNumber = com.kms.katalon.core.webui.keyword.WebUiBuiltInKeywords.getNumberOfTotalOption(com.kms.katalon.core.testobject.ObjectRepository.findTestObject(HealthpostToStore/Page_Store/select_--Select--BA1170BA2376B)): 3 options of object 'Object Repository/HealthpostToStore/Page_Store/select_--Select--BA1170BA2376B' counted

2018-06-09 21:48:22 - [MESSAGE][PASSED] - 3 options of object 'Object Repository/HealthpostToStore/Page_Store/select_--Select--BA1170BA2376B' counted

2018-06-09 21:48:22 - [TEST_STEP][PASSED] - Statement - For ([g = 1, g <= BatchNumber - 1, (g++)]): null

2018-06-09 21:48:22 - [TEST_STEP][PASSED] - selectOptionByIndex: All options with index in [1] are selected on object 'Object Repository/HealthpostToStore/Page_Store/select_--Select--BA1170BA2376B'

2018-06-09 21:48:23 - [MESSAGE][PASSED] - All options with index in [1] are selected on object 'Object Repository/HealthpostToStore/Page_Store/select_--Select--BA1170BA2376B'

2018-06-09 21:48:23 - [TEST_STEP][PASSED] - Statement - Try: null

2018-06-09 21:48:23 - [TEST_STEP][PASSED] - Statement - StockQty = com.kms.katalon.core.webui.keyword.WebUiBuiltInKeywords.getAttribute(com.kms.katalon.core.testobject.ObjectRepository.findTestObject(HealthpostToStore/Page_Store/input_txtprice), "value"): Attribute 'value' of object 'Object Repository/HealthpostToStore/Page_Store/input_txtprice' is: '930'

2018-06-09 21:48:23 - [MESSAGE][PASSED] - Attribute 'value' of object 'Object Repository/HealthpostToStore/Page_Store/input_txtprice' is: '930'

2018-06-09 21:48:23 - [TEST_STEP][PASSED] - Statement - out.println("Stock QTY : " + StockQty): null

2018-06-09 21:48:23 - [TEST_STEP][PASSED] - delay: Delayed 2 second(s)

2018-06-09 21:48:25 - [MESSAGE][PASSED] - Delayed 2 second(s)

2018-06-09 21:48:25 - [TEST_STEP][PASSED] - Statement - If (java.lang.String.valueOf(StockQty) >= java.lang.String.valueOf(RequestedQty)): null

2018-06-09 21:48:25 - [TEST_STEP][PASSED] - setText: Text '10' is set on object 'Object Repository/HealthpostToStore/Page_Store/input_txtqty'

2018-06-09 21:48:25 - [MESSAGE][PASSED] - Text '10' is set on object 'Object Repository/HealthpostToStore/Page_Store/input_txtqty'

2018-06-09 21:48:25 - [TEST_STEP][PASSED] - click: Object: 'Object Repository/HealthpostToStore/Page_Store/button_Add' is clicked on

2018-06-09 21:48:25 - [MESSAGE][PASSED] - Object: 'Object Repository/HealthpostToStore/Page_Store/button_Add' is clicked on

2018-06-09 21:48:25 - [TEST_STEP][PASSED] - Statement - Break: null

2018-06-09 21:48:25 - [TEST_STEP][PASSED] - selectOptionByIndex: All options with index in [14] are selected on object 'Object Repository/HealthpostToStore/Page_Store/select_--Select--Adernaline 0.'

2018-06-09 21:48:25 - [MESSAGE][PASSED] - All options with index in [14] are selected on object 'Object Repository/HealthpostToStore/Page_Store/select_--Select--Adernaline 0.'

2018-06-09 21:48:25 - [TEST_STEP][PASSED] - delay: Delayed 2 second(s)

2018-06-09 21:48:27 - [MESSAGE][PASSED] - Delayed 2 second(s)

2018-06-09 21:48:27 - [TEST_STEP][PASSED] - Statement - RequestedQty = com.kms.katalon.core.webui.keyword.WebUiBuiltInKeywords.getAttribute(com.kms.katalon.core.testobject.ObjectRepository.findTestObject(HealthpostToStore/Page_Store/input_txttotal), "value"): Attribute 'value' of object 'Object Repository/HealthpostToStore/Page_Store/input_txttotal' is: '10'

2018-06-09 21:48:27 - [MESSAGE][PASSED] - Attribute 'value' of object 'Object Repository/HealthpostToStore/Page_Store/input_txttotal' is: '10'

2018-06-09 21:48:27 - [TEST_STEP][PASSED] - Statement - out.println("Requested QTY : " + RequestedQty): null

2018-06-09 21:48:27 - [TEST_STEP][PASSED] - Statement - BatchNumber = com.kms.katalon.core.webui.keyword.WebUiBuiltInKeywords.getNumberOfTotalOption(com.kms.katalon.core.testobject.ObjectRepository.findTestObject(HealthpostToStore/Page_Store/select_--Select--BA1170BA2376B)): 3 options of object 'Object Repository/HealthpostToStore/Page_Store/select_--Select--BA1170BA2376B' counted

2018-06-09 21:48:27 - [MESSAGE][PASSED] - 3 options of object 'Object Repository/HealthpostToStore/Page_Store/select_--Select--BA1170BA2376B' counted

2018-06-09 21:48:27 - [TEST_STEP][PASSED] - Statement - For ([g = 1, g <= BatchNumber - 1, (g++)]): null

2018-06-09 21:48:27 - [TEST_STEP][PASSED] - selectOptionByIndex: All options with index in [1] are selected on object 'Object Repository/HealthpostToStore/Page_Store/select_--Select--BA1170BA2376B'

2018-06-09 21:48:27 - [MESSAGE][PASSED] - All options with index in [1] are selected on object 'Object Repository/HealthpostToStore/Page_Store/select_--Select--BA1170BA2376B'

2018-06-09 21:48:27 - [TEST_STEP][PASSED] - Statement - Try: null

2018-06-09 21:48:27 - [TEST_STEP][PASSED] - Statement - StockQty = com.kms.katalon.core.webui.keyword.WebUiBuiltInKeywords.getAttribute(com.kms.katalon.core.testobject.ObjectRepository.findTestObject(HealthpostToStore/Page_Store/input_txtprice), "value"): Attribute 'value' of object 'Object Repository/HealthpostToStore/Page_Store/input_txtprice' is: '1850'

2018-06-09 21:48:27 - [MESSAGE][PASSED] - Attribute 'value' of object 'Object Repository/HealthpostToStore/Page_Store/input_txtprice' is: '1850'

2018-06-09 21:48:27 - [TEST_STEP][PASSED] - Statement - out.println("Stock QTY : " + StockQty): null

2018-06-09 21:48:27 - [TEST_STEP][PASSED] - delay: Delayed 2 second(s)

2018-06-09 21:48:29 - [MESSAGE][PASSED] - Delayed 2 second(s)

2018-06-09 21:48:29 - [TEST_STEP][PASSED] - Statement - If (java.lang.String.valueOf(StockQty) >= java.lang.String.valueOf(RequestedQty)): null

2018-06-09 21:48:29 - [TEST_STEP][PASSED] - setText: Text '10' is set on object 'Object Repository/HealthpostToStore/Page_Store/input_txtqty'

2018-06-09 21:48:29 - [MESSAGE][PASSED] - Text '10' is set on object 'Object Repository/HealthpostToStore/Page_Store/input_txtqty'

2018-06-09 21:48:29 - [TEST_STEP][PASSED] - click: Object: 'Object Repository/HealthpostToStore/Page_Store/button_Add' is clicked on

2018-06-09 21:48:29 - [MESSAGE][PASSED] - Object: 'Object Repository/HealthpostToStore/Page_Store/button_Add' is clicked on

2018-06-09 21:48:29 - [TEST_STEP][PASSED] - Statement - Break: null

2018-06-09 21:48:29 - [TEST_STEP][PASSED] - selectOptionByIndex: All options with index in [15] are selected on object 'Object Repository/HealthpostToStore/Page_Store/select_--Select--Adernaline 0.'

2018-06-09 21:48:30 - [MESSAGE][PASSED] - All options with index in [15] are selected on object 'Object Repository/HealthpostToStore/Page_Store/select_--Select--Adernaline 0.'

2018-06-09 21:48:30 - [TEST_STEP][PASSED] - delay: Delayed 2 second(s)

2018-06-09 21:48:32 - [MESSAGE][PASSED] - Delayed 2 second(s)

2018-06-09 21:48:32 - [TEST_STEP][PASSED] - Statement - RequestedQty = com.kms.katalon.core.webui.keyword.WebUiBuiltInKeywords.getAttribute(com.kms.katalon.core.testobject.ObjectRepository.findTestObject(HealthpostToStore/Page_Store/input_txttotal), "value"): Attribute 'value' of object 'Object Repository/HealthpostToStore/Page_Store/input_txttotal' is: '10'

2018-06-09 21:48:32 - [MESSAGE][PASSED] - Attribute 'value' of object 'Object Repository/HealthpostToStore/Page_Store/input_txttotal' is: '10'

2018-06-09 21:48:32 - [TEST_STEP][PASSED] - Statement - out.println("Requested QTY : " + RequestedQty): null

2018-06-09 21:48:32 - [TEST_STEP][PASSED] - Statement - BatchNumber = com.kms.katalon.core.webui.keyword.WebUiBuiltInKeywords.getNumberOfTotalOption(com.kms.katalon.core.testobject.ObjectRepository.findTestObject(HealthpostToStore/Page_Store/select_--Select--BA1170BA2376B)): 4 options of object 'Object Repository/HealthpostToStore/Page_Store/select_--Select--BA1170BA2376B' counted

2018-06-09 21:48:32 - [MESSAGE][PASSED] - 4 options of object 'Object Repository/HealthpostToStore/Page_Store/select_--Select--BA1170BA2376B' counted

2018-06-09 21:48:32 - [TEST_STEP][PASSED] - Statement - For ([g = 1, g <= BatchNumber - 1, (g++)]): null

2018-06-09 21:48:32 - [TEST_STEP][PASSED] - selectOptionByIndex: All options with index in [1] are selected on object 'Object Repository/HealthpostToStore/Page_Store/select_--Select--BA1170BA2376B'

2018-06-09 21:48:32 - [MESSAGE][PASSED] - All options with index in [1] are selected on object 'Object Repository/HealthpostToStore/Page_Store/select_--Select--BA1170BA2376B'

2018-06-09 21:48:32 - [TEST_STEP][PASSED] - Statement - Try: null

2018-06-09 21:48:32 - [TEST_STEP][PASSED] - Statement - StockQty = com.kms.katalon.core.webui.keyword.WebUiBuiltInKeywords.getAttribute(com.kms.katalon.core.testobject.ObjectRepository.findTestObject(HealthpostToStore/Page_Store/input_txtprice), "value"): Attribute 'value' of object 'Object Repository/HealthpostToStore/Page_Store/input_txtprice' is: '940'

2018-06-09 21:48:32 - [MESSAGE][PASSED] - Attribute 'value' of object 'Object Repository/HealthpostToStore/Page_Store/input_txtprice' is: '940'

2018-06-09 21:48:32 - [TEST_STEP][PASSED] - Statement - out.println("Stock QTY : " + StockQty): null

2018-06-09 21:48:32 - [TEST_STEP][PASSED] - delay: Delayed 2 second(s)

2018-06-09 21:48:34 - [MESSAGE][PASSED] - Delayed 2 second(s)

2018-06-09 21:48:34 - [TEST_STEP][PASSED] - Statement - If (java.lang.String.valueOf(StockQty) >= java.lang.String.valueOf(RequestedQty)): null

2018-06-09 21:48:34 - [TEST_STEP][PASSED] - setText: Text '10' is set on object 'Object Repository/HealthpostToStore/Page_Store/input_txtqty'

2018-06-09 21:48:34 - [MESSAGE][PASSED] - Text '10' is set on object 'Object Repository/HealthpostToStore/Page_Store/input_txtqty'

2018-06-09 21:48:34 - [TEST_STEP][PASSED] - click: Object: 'Object Repository/HealthpostToStore/Page_Store/button_Add' is clicked on

2018-06-09 21:48:34 - [MESSAGE][PASSED] - Object: 'Object Repository/HealthpostToStore/Page_Store/button_Add' is clicked on

2018-06-09 21:48:34 - [TEST_STEP][PASSED] - Statement - Break: null

2018-06-09 21:48:34 - [TEST_STEP][PASSED] - selectOptionByIndex: All options with index in [16] are selected on object 'Object Repository/HealthpostToStore/Page_Store/select_--Select--Adernaline 0.'

2018-06-09 21:48:34 - [MESSAGE][PASSED] - All options with index in [16] are selected on object 'Object Repository/HealthpostToStore/Page_Store/select_--Select--Adernaline 0.'

2018-06-09 21:48:34 - [TEST_STEP][PASSED] - delay: Delayed 2 second(s)

2018-06-09 21:48:36 - [MESSAGE][PASSED] - Delayed 2 second(s)

2018-06-09 21:48:36 - [TEST_STEP][PASSED] - Statement - RequestedQty = com.kms.katalon.core.webui.keyword.WebUiBuiltInKeywords.getAttribute(com.kms.katalon.core.testobject.ObjectRepository.findTestObject(HealthpostToStore/Page_Store/input_txttotal), "value"): Attribute 'value' of object 'Object Repository/HealthpostToStore/Page_Store/input_txttotal' is: '10'

2018-06-09 21:48:36 - [MESSAGE][PASSED] - Attribute 'value' of object 'Object Repository/HealthpostToStore/Page_Store/input_txttotal' is: '10'

2018-06-09 21:48:36 - [TEST_STEP][PASSED] - Statement - out.println("Requested QTY : " + RequestedQty): null

2018-06-09 21:48:36 - [TEST_STEP][PASSED] - Statement - BatchNumber = com.kms.katalon.core.webui.keyword.WebUiBuiltInKeywords.getNumberOfTotalOption(com.kms.katalon.core.testobject.ObjectRepository.findTestObject(HealthpostToStore/Page_Store/select_--Select--BA1170BA2376B)): 4 options of object 'Object Repository/HealthpostToStore/Page_Store/select_--Select--BA1170BA2376B' counted

2018-06-09 21:48:36 - [MESSAGE][PASSED] - 4 options of object 'Object Repository/HealthpostToStore/Page_Store/select_--Select--BA1170BA2376B' counted

2018-06-09 21:48:36 - [TEST_STEP][PASSED] - Statement - For ([g = 1, g <= BatchNumber - 1, (g++)]): null

2018-06-09 21:48:36 - [TEST_STEP][PASSED] - selectOptionByIndex: All options with index in [1] are selected on object 'Object Repository/HealthpostToStore/Page_Store/select_--Select--BA1170BA2376B'

2018-06-09 21:48:37 - [MESSAGE][PASSED] - All options with index in [1] are selected on object 'Object Repository/HealthpostToStore/Page_Store/select_--Select--BA1170BA2376B'

2018-06-09 21:48:37 - [TEST_STEP][PASSED] - Statement - Try: null

2018-06-09 21:48:37 - [TEST_STEP][PASSED] - Statement - StockQty = com.kms.katalon.core.webui.keyword.WebUiBuiltInKeywords.getAttribute(com.kms.katalon.core.testobject.ObjectRepository.findTestObject(HealthpostToStore/Page_Store/input_txtprice), "value"): Attribute 'value' of object 'Object Repository/HealthpostToStore/Page_Store/input_txtprice' is: '200'

2018-06-09 21:48:37 - [MESSAGE][PASSED] - Attribute 'value' of object 'Object Repository/HealthpostToStore/Page_Store/input_txtprice' is: '200'

2018-06-09 21:48:37 - [TEST_STEP][PASSED] - Statement - out.println("Stock QTY : " + StockQty): null

2018-06-09 21:48:37 - [TEST_STEP][PASSED] - delay: Delayed 2 second(s)

2018-06-09 21:48:39 - [MESSAGE][PASSED] - Delayed 2 second(s)

2018-06-09 21:48:39 - [TEST_STEP][PASSED] - Statement - If (java.lang.String.valueOf(StockQty) >= java.lang.String.valueOf(RequestedQty)): null

2018-06-09 21:48:39 - [TEST_STEP][PASSED] - setText: Text '10' is set on object 'Object Repository/HealthpostToStore/Page_Store/input_txtqty'

2018-06-09 21:48:39 - [MESSAGE][PASSED] - Text '10' is set on object 'Object Repository/HealthpostToStore/Page_Store/input_txtqty'

2018-06-09 21:48:39 - [TEST_STEP][PASSED] - click: Object: 'Object Repository/HealthpostToStore/Page_Store/button_Add' is clicked on

2018-06-09 21:48:39 - [MESSAGE][PASSED] - Object: 'Object Repository/HealthpostToStore/Page_Store/button_Add' is clicked on

2018-06-09 21:48:39 - [TEST_STEP][PASSED] - Statement - Break: null

2018-06-09 21:48:39 - [TEST_STEP][PASSED] - selectOptionByIndex: All options with index in [17] are selected on object 'Object Repository/HealthpostToStore/Page_Store/select_--Select--Adernaline 0.'

2018-06-09 21:48:39 - [MESSAGE][PASSED] - All options with index in [17] are selected on object 'Object Repository/HealthpostToStore/Page_Store/select_--Select--Adernaline 0.'

2018-06-09 21:48:39 - [TEST_STEP][PASSED] - delay: Delayed 2 second(s)

2018-06-09 21:48:41 - [MESSAGE][PASSED] - Delayed 2 second(s)

2018-06-09 21:48:41 - [TEST_STEP][PASSED] - Statement - RequestedQty = com.kms.katalon.core.webui.keyword.WebUiBuiltInKeywords.getAttribute(com.kms.katalon.core.testobject.ObjectRepository.findTestObject(HealthpostToStore/Page_Store/input_txttotal), "value"): Attribute 'value' of object 'Object Repository/HealthpostToStore/Page_Store/input_txttotal' is: '10'

2018-06-09 21:48:41 - [MESSAGE][PASSED] - Attribute 'value' of object 'Object Repository/HealthpostToStore/Page_Store/input_txttotal' is: '10'

2018-06-09 21:48:41 - [TEST_STEP][PASSED] - Statement - out.println("Requested QTY : " + RequestedQty): null

2018-06-09 21:48:41 - [TEST_STEP][PASSED] - Statement - BatchNumber = com.kms.katalon.core.webui.keyword.WebUiBuiltInKeywords.getNumberOfTotalOption(com.kms.katalon.core.testobject.ObjectRepository.findTestObject(HealthpostToStore/Page_Store/select_--Select--BA1170BA2376B)): 3 options of object 'Object Repository/HealthpostToStore/Page_Store/select_--Select--BA1170BA2376B' counted

2018-06-09 21:48:41 - [MESSAGE][PASSED] - 3 options of object 'Object Repository/HealthpostToStore/Page_Store/select_--Select--BA1170BA2376B' counted

2018-06-09 21:48:41 - [TEST_STEP][PASSED] - Statement - For ([g = 1, g <= BatchNumber - 1, (g++)]): null

2018-06-09 21:48:41 - [TEST_STEP][PASSED] - selectOptionByIndex: All options with index in [1] are selected on object 'Object Repository/HealthpostToStore/Page_Store/select_--Select--BA1170BA2376B'

2018-06-09 21:48:41 - [MESSAGE][PASSED] - All options with index in [1] are selected on object 'Object Repository/HealthpostToStore/Page_Store/select_--Select--BA1170BA2376B'

2018-06-09 21:48:41 - [TEST_STEP][PASSED] - Statement - Try: null

2018-06-09 21:48:41 - [TEST_STEP][PASSED] - Statement - StockQty = com.kms.katalon.core.webui.keyword.WebUiBuiltInKeywords.getAttribute(com.kms.katalon.core.testobject.ObjectRepository.findTestObject(HealthpostToStore/Page_Store/input_txtprice), "value"): Attribute 'value' of object 'Object Repository/HealthpostToStore/Page_Store/input_txtprice' is: '930'

2018-06-09 21:48:41 - [MESSAGE][PASSED] - Attribute 'value' of object 'Object Repository/HealthpostToStore/Page_Store/input_txtprice' is: '930'

2018-06-09 21:48:41 - [TEST_STEP][PASSED] - Statement - out.println("Stock QTY : " + StockQty): null

2018-06-09 21:48:41 - [TEST_STEP][PASSED] - delay: Delayed 2 second(s)

2018-06-09 21:48:43 - [MESSAGE][PASSED] - Delayed 2 second(s)

2018-06-09 21:48:43 - [TEST_STEP][PASSED] - Statement - If (java.lang.String.valueOf(StockQty) >= java.lang.String.valueOf(RequestedQty)): null

2018-06-09 21:48:43 - [TEST_STEP][PASSED] - setText: Text '10' is set on object 'Object Repository/HealthpostToStore/Page_Store/input_txtqty'

2018-06-09 21:48:43 - [MESSAGE][PASSED] - Text '10' is set on object 'Object Repository/HealthpostToStore/Page_Store/input_txtqty'

2018-06-09 21:48:43 - [TEST_STEP][PASSED] - click: Object: 'Object Repository/HealthpostToStore/Page_Store/button_Add' is clicked on

2018-06-09 21:48:43 - [MESSAGE][PASSED] - Object: 'Object Repository/HealthpostToStore/Page_Store/button_Add' is clicked on

2018-06-09 21:48:43 - [TEST_STEP][PASSED] - Statement - Break: null

2018-06-09 21:48:43 - [TEST_STEP][PASSED] - selectOptionByIndex: All options with index in [18] are selected on object 'Object Repository/HealthpostToStore/Page_Store/select_--Select--Adernaline 0.'

2018-06-09 21:48:44 - [MESSAGE][PASSED] - All options with index in [18] are selected on object 'Object Repository/HealthpostToStore/Page_Store/select_--Select--Adernaline 0.'

2018-06-09 21:48:44 - [TEST_STEP][PASSED] - delay: Delayed 2 second(s)

2018-06-09 21:48:46 - [MESSAGE][PASSED] - Delayed 2 second(s)

2018-06-09 21:48:46 - [TEST_STEP][PASSED] - Statement - RequestedQty = com.kms.katalon.core.webui.keyword.WebUiBuiltInKeywords.getAttribute(com.kms.katalon.core.testobject.ObjectRepository.findTestObject(HealthpostToStore/Page_Store/input_txttotal), "value"): Attribute 'value' of object 'Object Repository/HealthpostToStore/Page_Store/input_txttotal' is: '10'

2018-06-09 21:48:46 - [MESSAGE][PASSED] - Attribute 'value' of object 'Object Repository/HealthpostToStore/Page_Store/input_txttotal' is: '10'

2018-06-09 21:48:46 - [TEST_STEP][PASSED] - Statement - out.println("Requested QTY : " + RequestedQty): null

2018-06-09 21:48:46 - [TEST_STEP][PASSED] - Statement - BatchNumber = com.kms.katalon.core.webui.keyword.WebUiBuiltInKeywords.getNumberOfTotalOption(com.kms.katalon.core.testobject.ObjectRepository.findTestObject(HealthpostToStore/Page_Store/select_--Select--BA1170BA2376B)): 4 options of object 'Object Repository/HealthpostToStore/Page_Store/select_--Select--BA1170BA2376B' counted

2018-06-09 21:48:46 - [MESSAGE][PASSED] - 4 options of object 'Object Repository/HealthpostToStore/Page_Store/select_--Select--BA1170BA2376B' counted

2018-06-09 21:48:46 - [TEST_STEP][PASSED] - Statement - For ([g = 1, g <= BatchNumber - 1, (g++)]): null

2018-06-09 21:48:46 - [TEST_STEP][PASSED] - selectOptionByIndex: All options with index in [1] are selected on object 'Object Repository/HealthpostToStore/Page_Store/select_--Select--BA1170BA2376B'

2018-06-09 21:48:46 - [MESSAGE][PASSED] - All options with index in [1] are selected on object 'Object Repository/HealthpostToStore/Page_Store/select_--Select--BA1170BA2376B'

2018-06-09 21:48:46 - [TEST_STEP][PASSED] - Statement - Try: null

2018-06-09 21:48:46 - [TEST_STEP][PASSED] - Statement - StockQty = com.kms.katalon.core.webui.keyword.WebUiBuiltInKeywords.getAttribute(com.kms.katalon.core.testobject.ObjectRepository.findTestObject(HealthpostToStore/Page_Store/input_txtprice), "value"): Attribute 'value' of object 'Object Repository/HealthpostToStore/Page_Store/input_txtprice' is: '200'

2018-06-09 21:48:46 - [MESSAGE][PASSED] - Attribute 'value' of object 'Object Repository/HealthpostToStore/Page_Store/input_txtprice' is: '200'

2018-06-09 21:48:46 - [TEST_STEP][PASSED] - Statement - out.println("Stock QTY : " + StockQty): null

2018-06-09 21:48:46 - [TEST_STEP][PASSED] - delay: Delayed 2 second(s)

2018-06-09 21:48:48 - [MESSAGE][PASSED] - Delayed 2 second(s)

2018-06-09 21:48:48 - [TEST_STEP][PASSED] - Statement - If (java.lang.String.valueOf(StockQty) >= java.lang.String.valueOf(RequestedQty)): null

2018-06-09 21:48:48 - [TEST_STEP][PASSED] - setText: Text '10' is set on object 'Object Repository/HealthpostToStore/Page_Store/input_txtqty'

2018-06-09 21:48:48 - [MESSAGE][PASSED] - Text '10' is set on object 'Object Repository/HealthpostToStore/Page_Store/input_txtqty'

2018-06-09 21:48:48 - [TEST_STEP][PASSED] - click: Object: 'Object Repository/HealthpostToStore/Page_Store/button_Add' is clicked on

2018-06-09 21:48:48 - [MESSAGE][PASSED] - Object: 'Object Repository/HealthpostToStore/Page_Store/button_Add' is clicked on

2018-06-09 21:48:48 - [TEST_STEP][PASSED] - Statement - Break: null

2018-06-09 21:48:48 - [TEST_STEP][PASSED] - selectOptionByIndex: All options with index in [19] are selected on object 'Object Repository/HealthpostToStore/Page_Store/select_--Select--Adernaline 0.'

2018-06-09 21:48:48 - [MESSAGE][PASSED] - All options with index in [19] are selected on object 'Object Repository/HealthpostToStore/Page_Store/select_--Select--Adernaline 0.'

2018-06-09 21:48:48 - [TEST_STEP][PASSED] - delay: Delayed 2 second(s)

2018-06-09 21:48:50 - [MESSAGE][PASSED] - Delayed 2 second(s)

2018-06-09 21:48:50 - [TEST_STEP][PASSED] - Statement - RequestedQty = com.kms.katalon.core.webui.keyword.WebUiBuiltInKeywords.getAttribute(com.kms.katalon.core.testobject.ObjectRepository.findTestObject(HealthpostToStore/Page_Store/input_txttotal), "value"): Attribute 'value' of object 'Object Repository/HealthpostToStore/Page_Store/input_txttotal' is: '10'

2018-06-09 21:48:50 - [MESSAGE][PASSED] - Attribute 'value' of object 'Object Repository/HealthpostToStore/Page_Store/input_txttotal' is: '10'

2018-06-09 21:48:50 - [TEST_STEP][PASSED] - Statement - out.println("Requested QTY : " + RequestedQty): null

2018-06-09 21:48:50 - [TEST_STEP][PASSED] - Statement - BatchNumber = com.kms.katalon.core.webui.keyword.WebUiBuiltInKeywords.getNumberOfTotalOption(com.kms.katalon.core.testobject.ObjectRepository.findTestObject(HealthpostToStore/Page_Store/select_--Select--BA1170BA2376B)): 5 options of object 'Object Repository/HealthpostToStore/Page_Store/select_--Select--BA1170BA2376B' counted

2018-06-09 21:48:50 - [MESSAGE][PASSED] - 5 options of object 'Object Repository/HealthpostToStore/Page_Store/select_--Select--BA1170BA2376B' counted

2018-06-09 21:48:50 - [TEST_STEP][PASSED] - Statement - For ([g = 1, g <= BatchNumber - 1, (g++)]): null

2018-06-09 21:48:50 - [TEST_STEP][PASSED] - selectOptionByIndex: All options with index in [1] are selected on object 'Object Repository/HealthpostToStore/Page_Store/select_--Select--BA1170BA2376B'

2018-06-09 21:48:50 - [MESSAGE][PASSED] - All options with index in [1] are selected on object 'Object Repository/HealthpostToStore/Page_Store/select_--Select--BA1170BA2376B'

2018-06-09 21:48:50 - [TEST_STEP][PASSED] - Statement - Try: null

2018-06-09 21:48:50 - [TEST_STEP][PASSED] - Statement - StockQty = com.kms.katalon.core.webui.keyword.WebUiBuiltInKeywords.getAttribute(com.kms.katalon.core.testobject.ObjectRepository.findTestObject(HealthpostToStore/Page_Store/input_txtprice), "value"): Attribute 'value' of object 'Object Repository/HealthpostToStore/Page_Store/input_txtprice' is: '200'

2018-06-09 21:48:50 - [MESSAGE][PASSED] - Attribute 'value' of object 'Object Repository/HealthpostToStore/Page_Store/input_txtprice' is: '200'

2018-06-09 21:48:50 - [TEST_STEP][PASSED] - Statement - out.println("Stock QTY : " + StockQty): null

2018-06-09 21:48:50 - [TEST_STEP][PASSED] - delay: Delayed 2 second(s)

2018-06-09 21:48:52 - [MESSAGE][PASSED] - Delayed 2 second(s)

2018-06-09 21:48:52 - [TEST_STEP][PASSED] - Statement - If (java.lang.String.valueOf(StockQty) >= java.lang.String.valueOf(RequestedQty)): null

2018-06-09 21:48:52 - [TEST_STEP][PASSED] - setText: Text '10' is set on object 'Object Repository/HealthpostToStore/Page_Store/input_txtqty'

2018-06-09 21:48:53 - [MESSAGE][PASSED] - Text '10' is set on object 'Object Repository/HealthpostToStore/Page_Store/input_txtqty'

2018-06-09 21:48:53 - [TEST_STEP][PASSED] - click: Object: 'Object Repository/HealthpostToStore/Page_Store/button_Add' is clicked on

2018-06-09 21:48:53 - [MESSAGE][PASSED] - Object: 'Object Repository/HealthpostToStore/Page_Store/button_Add' is clicked on

2018-06-09 21:48:53 - [TEST_STEP][PASSED] - Statement - Break: null

2018-06-09 21:48:53 - [TEST_STEP][PASSED] - selectOptionByIndex: All options with index in [20] are selected on object 'Object Repository/HealthpostToStore/Page_Store/select_--Select--Adernaline 0.'

2018-06-09 21:48:53 - [MESSAGE][PASSED] - All options with index in [20] are selected on object 'Object Repository/HealthpostToStore/Page_Store/select_--Select--Adernaline 0.'

2018-06-09 21:48:53 - [TEST_STEP][PASSED] - delay: Delayed 2 second(s)

2018-06-09 21:48:55 - [MESSAGE][PASSED] - Delayed 2 second(s)

2018-06-09 21:48:55 - [TEST_STEP][PASSED] - Statement - RequestedQty = com.kms.katalon.core.webui.keyword.WebUiBuiltInKeywords.getAttribute(com.kms.katalon.core.testobject.ObjectRepository.findTestObject(HealthpostToStore/Page_Store/input_txttotal), "value"): Attribute 'value' of object 'Object Repository/HealthpostToStore/Page_Store/input_txttotal' is: '10'

2018-06-09 21:48:55 - [MESSAGE][PASSED] - Attribute 'value' of object 'Object Repository/HealthpostToStore/Page_Store/input_txttotal' is: '10'

2018-06-09 21:48:55 - [TEST_STEP][PASSED] - Statement - out.println("Requested QTY : " + RequestedQty): null

2018-06-09 21:48:55 - [TEST_STEP][PASSED] - Statement - BatchNumber = com.kms.katalon.core.webui.keyword.WebUiBuiltInKeywords.getNumberOfTotalOption(com.kms.katalon.core.testobject.ObjectRepository.findTestObject(HealthpostToStore/Page_Store/select_--Select--BA1170BA2376B)): 3 options of object 'Object Repository/HealthpostToStore/Page_Store/select_--Select--BA1170BA2376B' counted

2018-06-09 21:48:55 - [MESSAGE][PASSED] - 3 options of object 'Object Repository/HealthpostToStore/Page_Store/select_--Select--BA1170BA2376B' counted

2018-06-09 21:48:55 - [TEST_STEP][PASSED] - Statement - For ([g = 1, g <= BatchNumber - 1, (g++)]): null

2018-06-09 21:48:55 - [TEST_STEP][PASSED] - selectOptionByIndex: All options with index in [1] are selected on object 'Object Repository/HealthpostToStore/Page_Store/select_--Select--BA1170BA2376B'

2018-06-09 21:48:55 - [MESSAGE][PASSED] - All options with index in [1] are selected on object 'Object Repository/HealthpostToStore/Page_Store/select_--Select--BA1170BA2376B'

2018-06-09 21:48:55 - [TEST_STEP][PASSED] - Statement - Try: null

2018-06-09 21:48:55 - [TEST_STEP][PASSED] - Statement - StockQty = com.kms.katalon.core.webui.keyword.WebUiBuiltInKeywords.getAttribute(com.kms.katalon.core.testobject.ObjectRepository.findTestObject(HealthpostToStore/Page_Store/input_txtprice), "value"): Attribute 'value' of object 'Object Repository/HealthpostToStore/Page_Store/input_txtprice' is: '200'

2018-06-09 21:48:55 - [MESSAGE][PASSED] - Attribute 'value' of object 'Object Repository/HealthpostToStore/Page_Store/input_txtprice' is: '200'

2018-06-09 21:48:55 - [TEST_STEP][PASSED] - Statement - out.println("Stock QTY : " + StockQty): null

2018-06-09 21:48:55 - [TEST_STEP][PASSED] - delay: Delayed 2 second(s)

2018-06-09 21:48:57 - [MESSAGE][PASSED] - Delayed 2 second(s)

2018-06-09 21:48:57 - [TEST_STEP][PASSED] - Statement - If (java.lang.String.valueOf(StockQty) >= java.lang.String.valueOf(RequestedQty)): null

2018-06-09 21:48:57 - [TEST_STEP][PASSED] - setText: Text '10' is set on object 'Object Repository/HealthpostToStore/Page_Store/input_txtqty'

2018-06-09 21:48:57 - [MESSAGE][PASSED] - Text '10' is set on object 'Object Repository/HealthpostToStore/Page_Store/input_txtqty'

2018-06-09 21:48:57 - [TEST_STEP][PASSED] - click: Object: 'Object Repository/HealthpostToStore/Page_Store/button_Add' is clicked on

2018-06-09 21:48:57 - [MESSAGE][PASSED] - Object: 'Object Repository/HealthpostToStore/Page_Store/button_Add' is clicked on

2018-06-09 21:48:57 - [TEST_STEP][PASSED] - Statement - Break: null

2018-06-09 21:48:57 - [TEST_STEP][PASSED] - selectOptionByIndex: All options with index in [21] are selected on object 'Object Repository/HealthpostToStore/Page_Store/select_--Select--Adernaline 0.'

2018-06-09 21:48:58 - [MESSAGE][PASSED] - All options with index in [21] are selected on object 'Object Repository/HealthpostToStore/Page_Store/select_--Select--Adernaline 0.'

2018-06-09 21:48:58 - [TEST_STEP][PASSED] - delay: Delayed 2 second(s)

2018-06-09 21:49:00 - [MESSAGE][PASSED] - Delayed 2 second(s)

2018-06-09 21:49:00 - [TEST_STEP][PASSED] - Statement - RequestedQty = com.kms.katalon.core.webui.keyword.WebUiBuiltInKeywords.getAttribute(com.kms.katalon.core.testobject.ObjectRepository.findTestObject(HealthpostToStore/Page_Store/input_txttotal), "value"): Attribute 'value' of object 'Object Repository/HealthpostToStore/Page_Store/input_txttotal' is: '10'

2018-06-09 21:49:00 - [MESSAGE][PASSED] - Attribute 'value' of object 'Object Repository/HealthpostToStore/Page_Store/input_txttotal' is: '10'

2018-06-09 21:49:00 - [TEST_STEP][PASSED] - Statement - out.println("Requested QTY : " + RequestedQty): null

2018-06-09 21:49:00 - [TEST_STEP][PASSED] - Statement - BatchNumber = com.kms.katalon.core.webui.keyword.WebUiBuiltInKeywords.getNumberOfTotalOption(com.kms.katalon.core.testobject.ObjectRepository.findTestObject(HealthpostToStore/Page_Store/select_--Select--BA1170BA2376B)): 5 options of object 'Object Repository/HealthpostToStore/Page_Store/select_--Select--BA1170BA2376B' counted

2018-06-09 21:49:00 - [MESSAGE][PASSED] - 5 options of object 'Object Repository/HealthpostToStore/Page_Store/select_--Select--BA1170BA2376B' counted

2018-06-09 21:49:00 - [TEST_STEP][PASSED] - Statement - For ([g = 1, g <= BatchNumber - 1, (g++)]): null

2018-06-09 21:49:00 - [TEST_STEP][PASSED] - selectOptionByIndex: All options with index in [1] are selected on object 'Object Repository/HealthpostToStore/Page_Store/select_--Select--BA1170BA2376B'

2018-06-09 21:49:00 - [MESSAGE][PASSED] - All options with index in [1] are selected on object 'Object Repository/HealthpostToStore/Page_Store/select_--Select--BA1170BA2376B'

2018-06-09 21:49:00 - [TEST_STEP][PASSED] - Statement - Try: null

2018-06-09 21:49:00 - [TEST_STEP][PASSED] - Statement - StockQty = com.kms.katalon.core.webui.keyword.WebUiBuiltInKeywords.getAttribute(com.kms.katalon.core.testobject.ObjectRepository.findTestObject(HealthpostToStore/Page_Store/input_txtprice), "value"): Attribute 'value' of object 'Object Repository/HealthpostToStore/Page_Store/input_txtprice' is: ''

2018-06-09 21:49:00 - [MESSAGE][PASSED] - Attribute 'value' of object 'Object Repository/HealthpostToStore/Page_Store/input_txtprice' is: ''

2018-06-09 21:49:00 - [TEST_STEP][PASSED] - Statement - out.println("Stock QTY : " + StockQty): null

2018-06-09 21:49:00 - [TEST_STEP][PASSED] - delay: Delayed 2 second(s)

2018-06-09 21:49:02 - [MESSAGE][PASSED] - Delayed 2 second(s)

2018-06-09 21:49:02 - [TEST_STEP][PASSED] - Statement - If (java.lang.String.valueOf(StockQty) >= java.lang.String.valueOf(RequestedQty)): null

2018-06-09 21:49:02 - [TEST_STEP][PASSED] - Statement - Else: null

2018-06-09 21:49:02 - [TEST_STEP][PASSED] - Statement - out.println("Stock Is Less Than Requested Qty"): null

2018-06-09 21:49:02 - [TEST_STEP][PASSED] - selectOptionByIndex: All options with index in [2] are selected on object 'Object Repository/HealthpostToStore/Page_Store/select_--Select--BA1170BA2376B'

2018-06-09 21:49:02 - [MESSAGE][PASSED] - All options with index in [2] are selected on object 'Object Repository/HealthpostToStore/Page_Store/select_--Select--BA1170BA2376B'

2018-06-09 21:49:02 - [TEST_STEP][PASSED] - Statement - Try: null

2018-06-09 21:49:02 - [TEST_STEP][PASSED] - Statement - StockQty = com.kms.katalon.core.webui.keyword.WebUiBuiltInKeywords.getAttribute(com.kms.katalon.core.testobject.ObjectRepository.findTestObject(HealthpostToStore/Page_Store/input_txtprice), "value"): Attribute 'value' of object 'Object Repository/HealthpostToStore/Page_Store/input_txtprice' is: '460'

2018-06-09 21:49:02 - [MESSAGE][PASSED] - Attribute 'value' of object 'Object Repository/HealthpostToStore/Page_Store/input_txtprice' is: '460'

2018-06-09 21:49:02 - [TEST_STEP][PASSED] - Statement - out.println("Stock QTY : " + StockQty): null

2018-06-09 21:49:02 - [TEST_STEP][PASSED] - delay: Delayed 2 second(s)

2018-06-09 21:49:04 - [MESSAGE][PASSED] - Delayed 2 second(s)

2018-06-09 21:49:04 - [TEST_STEP][PASSED] - Statement - If (java.lang.String.valueOf(StockQty) >= java.lang.String.valueOf(RequestedQty)): null

2018-06-09 21:49:04 - [TEST_STEP][PASSED] - setText: Text '10' is set on object 'Object Repository/HealthpostToStore/Page_Store/input_txtqty'

2018-06-09 21:49:04 - [MESSAGE][PASSED] - Text '10' is set on object 'Object Repository/HealthpostToStore/Page_Store/input_txtqty'

2018-06-09 21:49:04 - [TEST_STEP][PASSED] - click: Object: 'Object Repository/HealthpostToStore/Page_Store/button_Add' is clicked on

2018-06-09 21:49:04 - [MESSAGE][PASSED] - Object: 'Object Repository/HealthpostToStore/Page_Store/button_Add' is clicked on

2018-06-09 21:49:04 - [TEST_STEP][PASSED] - Statement - Break: null

2018-06-09 21:49:04 - [TEST_STEP][PASSED] - selectOptionByIndex: All options with index in [22] are selected on object 'Object Repository/HealthpostToStore/Page_Store/select_--Select--Adernaline 0.'

2018-06-09 21:49:04 - [MESSAGE][PASSED] - All options with index in [22] are selected on object 'Object Repository/HealthpostToStore/Page_Store/select_--Select--Adernaline 0.'

2018-06-09 21:49:04 - [TEST_STEP][PASSED] - delay: Delayed 2 second(s)

2018-06-09 21:49:06 - [MESSAGE][PASSED] - Delayed 2 second(s)

2018-06-09 21:49:06 - [TEST_STEP][PASSED] - Statement - RequestedQty = com.kms.katalon.core.webui.keyword.WebUiBuiltInKeywords.getAttribute(com.kms.katalon.core.testobject.ObjectRepository.findTestObject(HealthpostToStore/Page_Store/input_txttotal), "value"): Attribute 'value' of object 'Object Repository/HealthpostToStore/Page_Store/input_txttotal' is: '10'

2018-06-09 21:49:07 - [MESSAGE][PASSED] - Attribute 'value' of object 'Object Repository/HealthpostToStore/Page_Store/input_txttotal' is: '10'

2018-06-09 21:49:07 - [TEST_STEP][PASSED] - Statement - out.println("Requested QTY : " + RequestedQty): null

2018-06-09 21:49:07 - [TEST_STEP][PASSED] - Statement - BatchNumber = com.kms.katalon.core.webui.keyword.WebUiBuiltInKeywords.getNumberOfTotalOption(com.kms.katalon.core.testobject.ObjectRepository.findTestObject(HealthpostToStore/Page_Store/select_--Select--BA1170BA2376B)): 5 options of object 'Object Repository/HealthpostToStore/Page_Store/select_--Select--BA1170BA2376B' counted

2018-06-09 21:49:07 - [MESSAGE][PASSED] - 5 options of object 'Object Repository/HealthpostToStore/Page_Store/select_--Select--BA1170BA2376B' counted

2018-06-09 21:49:07 - [TEST_STEP][PASSED] - Statement - For ([g = 1, g <= BatchNumber - 1, (g++)]): null

2018-06-09 21:49:07 - [TEST_STEP][PASSED] - selectOptionByIndex: All options with index in [1] are selected on object 'Object Repository/HealthpostToStore/Page_Store/select_--Select--BA1170BA2376B'

2018-06-09 21:49:07 - [MESSAGE][PASSED] - All options with index in [1] are selected on object 'Object Repository/HealthpostToStore/Page_Store/select_--Select--BA1170BA2376B'

2018-06-09 21:49:07 - [TEST_STEP][PASSED] - Statement - Try: null

2018-06-09 21:49:07 - [TEST_STEP][PASSED] - Statement - StockQty = com.kms.katalon.core.webui.keyword.WebUiBuiltInKeywords.getAttribute(com.kms.katalon.core.testobject.ObjectRepository.findTestObject(HealthpostToStore/Page_Store/input_txtprice), "value"): Attribute 'value' of object 'Object Repository/HealthpostToStore/Page_Store/input_txtprice' is: '470'

2018-06-09 21:49:07 - [MESSAGE][PASSED] - Attribute 'value' of object 'Object Repository/HealthpostToStore/Page_Store/input_txtprice' is: '470'

2018-06-09 21:49:07 - [TEST_STEP][PASSED] - Statement - out.println("Stock QTY : " + StockQty): null

2018-06-09 21:49:07 - [TEST_STEP][PASSED] - delay: Delayed 2 second(s)

2018-06-09 21:49:09 - [MESSAGE][PASSED] - Delayed 2 second(s)

2018-06-09 21:49:09 - [TEST_STEP][PASSED] - Statement - If (java.lang.String.valueOf(StockQty) >= java.lang.String.valueOf(RequestedQty)): null

2018-06-09 21:49:09 - [TEST_STEP][PASSED] - setText: Text '10' is set on object 'Object Repository/HealthpostToStore/Page_Store/input_txtqty'

2018-06-09 21:49:09 - [MESSAGE][PASSED] - Text '10' is set on object 'Object Repository/HealthpostToStore/Page_Store/input_txtqty'

2018-06-09 21:49:09 - [TEST_STEP][PASSED] - click: Object: 'Object Repository/HealthpostToStore/Page_Store/button_Add' is clicked on

2018-06-09 21:49:09 - [MESSAGE][PASSED] - Object: 'Object Repository/HealthpostToStore/Page_Store/button_Add' is clicked on

2018-06-09 21:49:09 - [TEST_STEP][PASSED] - Statement - Break: null

2018-06-09 21:49:09 - [TEST_STEP][PASSED] - selectOptionByIndex: All options with index in [23] are selected on object 'Object Repository/HealthpostToStore/Page_Store/select_--Select--Adernaline 0.'

2018-06-09 21:49:09 - [MESSAGE][PASSED] - All options with index in [23] are selected on object 'Object Repository/HealthpostToStore/Page_Store/select_--Select--Adernaline 0.'

2018-06-09 21:49:09 - [TEST_STEP][PASSED] - delay: Delayed 2 second(s)

2018-06-09 21:49:11 - [MESSAGE][PASSED] - Delayed 2 second(s)

2018-06-09 21:49:11 - [TEST_STEP][PASSED] - Statement - RequestedQty = com.kms.katalon.core.webui.keyword.WebUiBuiltInKeywords.getAttribute(com.kms.katalon.core.testobject.ObjectRepository.findTestObject(HealthpostToStore/Page_Store/input_txttotal), "value"): Attribute 'value' of object 'Object Repository/HealthpostToStore/Page_Store/input_txttotal' is: '10'

2018-06-09 21:49:11 - [MESSAGE][PASSED] - Attribute 'value' of object 'Object Repository/HealthpostToStore/Page_Store/input_txttotal' is: '10'

2018-06-09 21:49:11 - [TEST_STEP][PASSED] - Statement - out.println("Requested QTY : " + RequestedQty): null

2018-06-09 21:49:11 - [TEST_STEP][PASSED] - Statement - BatchNumber = com.kms.katalon.core.webui.keyword.WebUiBuiltInKeywords.getNumberOfTotalOption(com.kms.katalon.core.testobject.ObjectRepository.findTestObject(HealthpostToStore/Page_Store/select_--Select--BA1170BA2376B)): 3 options of object 'Object Repository/HealthpostToStore/Page_Store/select_--Select--BA1170BA2376B' counted

2018-06-09 21:49:11 - [MESSAGE][PASSED] - 3 options of object 'Object Repository/HealthpostToStore/Page_Store/select_--Select--BA1170BA2376B' counted

2018-06-09 21:49:11 - [TEST_STEP][PASSED] - Statement - For ([g = 1, g <= BatchNumber - 1, (g++)]): null

2018-06-09 21:49:11 - [TEST_STEP][PASSED] - selectOptionByIndex: All options with index in [1] are selected on object 'Object Repository/HealthpostToStore/Page_Store/select_--Select--BA1170BA2376B'

2018-06-09 21:49:11 - [MESSAGE][PASSED] - All options with index in [1] are selected on object 'Object Repository/HealthpostToStore/Page_Store/select_--Select--BA1170BA2376B'

2018-06-09 21:49:11 - [TEST_STEP][PASSED] - Statement - Try: null

2018-06-09 21:49:11 - [TEST_STEP][PASSED] - Statement - StockQty = com.kms.katalon.core.webui.keyword.WebUiBuiltInKeywords.getAttribute(com.kms.katalon.core.testobject.ObjectRepository.findTestObject(HealthpostToStore/Page_Store/input_txtprice), "value"): Attribute 'value' of object 'Object Repository/HealthpostToStore/Page_Store/input_txtprice' is: '1850'

2018-06-09 21:49:11 - [MESSAGE][PASSED] - Attribute 'value' of object 'Object Repository/HealthpostToStore/Page_Store/input_txtprice' is: '1850'

2018-06-09 21:49:11 - [TEST_STEP][PASSED] - Statement - out.println("Stock QTY : " + StockQty): null

2018-06-09 21:49:11 - [TEST_STEP][PASSED] - delay: Delayed 2 second(s)

2018-06-09 21:49:13 - [MESSAGE][PASSED] - Delayed 2 second(s)

2018-06-09 21:49:13 - [TEST_STEP][PASSED] - Statement - If (java.lang.String.valueOf(StockQty) >= java.lang.String.valueOf(RequestedQty)): null

2018-06-09 21:49:13 - [TEST_STEP][PASSED] - setText: Text '10' is set on object 'Object Repository/HealthpostToStore/Page_Store/input_txtqty'

2018-06-09 21:49:14 - [MESSAGE][PASSED] - Text '10' is set on object 'Object Repository/HealthpostToStore/Page_Store/input_txtqty'

2018-06-09 21:49:14 - [TEST_STEP][PASSED] - click: Object: 'Object Repository/HealthpostToStore/Page_Store/button_Add' is clicked on

2018-06-09 21:49:14 - [MESSAGE][PASSED] - Object: 'Object Repository/HealthpostToStore/Page_Store/button_Add' is clicked on

2018-06-09 21:49:14 - [TEST_STEP][PASSED] - Statement - Break: null

2018-06-09 21:49:14 - [TEST_STEP][PASSED] - selectOptionByIndex: All options with index in [24] are selected on object 'Object Repository/HealthpostToStore/Page_Store/select_--Select--Adernaline 0.'

2018-06-09 21:49:14 - [MESSAGE][PASSED] - All options with index in [24] are selected on object 'Object Repository/HealthpostToStore/Page_Store/select_--Select--Adernaline 0.'

2018-06-09 21:49:14 - [TEST_STEP][PASSED] - delay: Delayed 2 second(s)

2018-06-09 21:49:16 - [MESSAGE][PASSED] - Delayed 2 second(s)

2018-06-09 21:49:16 - [TEST_STEP][PASSED] - Statement - RequestedQty = com.kms.katalon.core.webui.keyword.WebUiBuiltInKeywords.getAttribute(com.kms.katalon.core.testobject.ObjectRepository.findTestObject(HealthpostToStore/Page_Store/input_txttotal), "value"): Attribute 'value' of object 'Object Repository/HealthpostToStore/Page_Store/input_txttotal' is: '10'

2018-06-09 21:49:16 - [MESSAGE][PASSED] - Attribute 'value' of object 'Object Repository/HealthpostToStore/Page_Store/input_txttotal' is: '10'

2018-06-09 21:49:16 - [TEST_STEP][PASSED] - Statement - out.println("Requested QTY : " + RequestedQty): null

2018-06-09 21:49:16 - [TEST_STEP][PASSED] - Statement - BatchNumber = com.kms.katalon.core.webui.keyword.WebUiBuiltInKeywords.getNumberOfTotalOption(com.kms.katalon.core.testobject.ObjectRepository.findTestObject(HealthpostToStore/Page_Store/select_--Select--BA1170BA2376B)): 4 options of object 'Object Repository/HealthpostToStore/Page_Store/select_--Select--BA1170BA2376B' counted

2018-06-09 21:49:16 - [MESSAGE][PASSED] - 4 options of object 'Object Repository/HealthpostToStore/Page_Store/select_--Select--BA1170BA2376B' counted

2018-06-09 21:49:16 - [TEST_STEP][PASSED] - Statement - For ([g = 1, g <= BatchNumber - 1, (g++)]): null

2018-06-09 21:49:16 - [TEST_STEP][PASSED] - selectOptionByIndex: All options with index in [1] are selected on object 'Object Repository/HealthpostToStore/Page_Store/select_--Select--BA1170BA2376B'

2018-06-09 21:49:16 - [MESSAGE][PASSED] - All options with index in [1] are selected on object 'Object Repository/HealthpostToStore/Page_Store/select_--Select--BA1170BA2376B'

2018-06-09 21:49:16 - [TEST_STEP][PASSED] - Statement - Try: null

2018-06-09 21:49:16 - [TEST_STEP][PASSED] - Statement - StockQty = com.kms.katalon.core.webui.keyword.WebUiBuiltInKeywords.getAttribute(com.kms.katalon.core.testobject.ObjectRepository.findTestObject(HealthpostToStore/Page_Store/input_txtprice), "value"): Attribute 'value' of object 'Object Repository/HealthpostToStore/Page_Store/input_txtprice' is: '930'

2018-06-09 21:49:16 - [MESSAGE][PASSED] - Attribute 'value' of object 'Object Repository/HealthpostToStore/Page_Store/input_txtprice' is: '930'

2018-06-09 21:49:16 - [TEST_STEP][PASSED] - Statement - out.println("Stock QTY : " + StockQty): null

2018-06-09 21:49:16 - [TEST_STEP][PASSED] - delay: Delayed 2 second(s)

2018-06-09 21:49:18 - [MESSAGE][PASSED] - Delayed 2 second(s)

2018-06-09 21:49:18 - [TEST_STEP][PASSED] - Statement - If (java.lang.String.valueOf(StockQty) >= java.lang.String.valueOf(RequestedQty)): null

2018-06-09 21:49:18 - [TEST_STEP][PASSED] - setText: Text '10' is set on object 'Object Repository/HealthpostToStore/Page_Store/input_txtqty'

2018-06-09 21:49:18 - [MESSAGE][PASSED] - Text '10' is set on object 'Object Repository/HealthpostToStore/Page_Store/input_txtqty'

2018-06-09 21:49:18 - [TEST_STEP][PASSED] - click: Object: 'Object Repository/HealthpostToStore/Page_Store/button_Add' is clicked on

2018-06-09 21:49:18 - [MESSAGE][PASSED] - Object: 'Object Repository/HealthpostToStore/Page_Store/button_Add' is clicked on

2018-06-09 21:49:18 - [TEST_STEP][PASSED] - Statement - Break: null

2018-06-09 21:49:18 - [TEST_STEP][PASSED] - selectOptionByIndex: All options with index in [25] are selected on object 'Object Repository/HealthpostToStore/Page_Store/select_--Select--Adernaline 0.'

2018-06-09 21:49:19 - [MESSAGE][PASSED] - All options with index in [25] are selected on object 'Object Repository/HealthpostToStore/Page_Store/select_--Select--Adernaline 0.'

2018-06-09 21:49:19 - [TEST_STEP][PASSED] - delay: Delayed 2 second(s)

2018-06-09 21:49:21 - [MESSAGE][PASSED] - Delayed 2 second(s)

2018-06-09 21:49:21 - [TEST_STEP][PASSED] - Statement - RequestedQty = com.kms.katalon.core.webui.keyword.WebUiBuiltInKeywords.getAttribute(com.kms.katalon.core.testobject.ObjectRepository.findTestObject(HealthpostToStore/Page_Store/input_txttotal), "value"): Attribute 'value' of object 'Object Repository/HealthpostToStore/Page_Store/input_txttotal' is: '10'

2018-06-09 21:49:21 - [MESSAGE][PASSED] - Attribute 'value' of object 'Object Repository/HealthpostToStore/Page_Store/input_txttotal' is: '10'

2018-06-09 21:49:21 - [TEST_STEP][PASSED] - Statement - out.println("Requested QTY : " + RequestedQty): null

2018-06-09 21:49:21 - [TEST_STEP][PASSED] - Statement - BatchNumber = com.kms.katalon.core.webui.keyword.WebUiBuiltInKeywords.getNumberOfTotalOption(com.kms.katalon.core.testobject.ObjectRepository.findTestObject(HealthpostToStore/Page_Store/select_--Select--BA1170BA2376B)): 4 options of object 'Object Repository/HealthpostToStore/Page_Store/select_--Select--BA1170BA2376B' counted

2018-06-09 21:49:21 - [MESSAGE][PASSED] - 4 options of object 'Object Repository/HealthpostToStore/Page_Store/select_--Select--BA1170BA2376B' counted

2018-06-09 21:49:21 - [TEST_STEP][PASSED] - Statement - For ([g = 1, g <= BatchNumber - 1, (g++)]): null

2018-06-09 21:49:21 - [TEST_STEP][PASSED] - selectOptionByIndex: All options with index in [1] are selected on object 'Object Repository/HealthpostToStore/Page_Store/select_--Select--BA1170BA2376B'

2018-06-09 21:49:21 - [MESSAGE][PASSED] - All options with index in [1] are selected on object 'Object Repository/HealthpostToStore/Page_Store/select_--Select--BA1170BA2376B'

2018-06-09 21:49:21 - [TEST_STEP][PASSED] - Statement - Try: null

2018-06-09 21:49:21 - [TEST_STEP][PASSED] - Statement - StockQty = com.kms.katalon.core.webui.keyword.WebUiBuiltInKeywords.getAttribute(com.kms.katalon.core.testobject.ObjectRepository.findTestObject(HealthpostToStore/Page_Store/input_txtprice), "value"): Attribute 'value' of object 'Object Repository/HealthpostToStore/Page_Store/input_txtprice' is: '200'

2018-06-09 21:49:21 - [MESSAGE][PASSED] - Attribute 'value' of object 'Object Repository/HealthpostToStore/Page_Store/input_txtprice' is: '200'

2018-06-09 21:49:21 - [TEST_STEP][PASSED] - Statement - out.println("Stock QTY : " + StockQty): null

2018-06-09 21:49:21 - [TEST_STEP][PASSED] - delay: Delayed 2 second(s)

2018-06-09 21:49:23 - [MESSAGE][PASSED] - Delayed 2 second(s)

2018-06-09 21:49:23 - [TEST_STEP][PASSED] - Statement - If (java.lang.String.valueOf(StockQty) >= java.lang.String.valueOf(RequestedQty)): null

2018-06-09 21:49:23 - [TEST_STEP][PASSED] - setText: Text '10' is set on object 'Object Repository/HealthpostToStore/Page_Store/input_txtqty'

2018-06-09 21:49:23 - [MESSAGE][PASSED] - Text '10' is set on object 'Object Repository/HealthpostToStore/Page_Store/input_txtqty'

2018-06-09 21:49:23 - [TEST_STEP][PASSED] - click: Object: 'Object Repository/HealthpostToStore/Page_Store/button_Add' is clicked on

2018-06-09 21:49:23 - [MESSAGE][PASSED] - Object: 'Object Repository/HealthpostToStore/Page_Store/button_Add' is clicked on

2018-06-09 21:49:23 - [TEST_STEP][PASSED] - Statement - Break: null

2018-06-09 21:49:23 - [TEST_STEP][PASSED] - selectOptionByIndex: All options with index in [26] are selected on object 'Object Repository/HealthpostToStore/Page_Store/select_--Select--Adernaline 0.'

2018-06-09 21:49:24 - [MESSAGE][PASSED] - All options with index in [26] are selected on object 'Object Repository/HealthpostToStore/Page_Store/select_--Select--Adernaline 0.'

2018-06-09 21:49:24 - [TEST_STEP][PASSED] - delay: Delayed 2 second(s)

2018-06-09 21:49:26 - [MESSAGE][PASSED] - Delayed 2 second(s)

2018-06-09 21:49:26 - [TEST_STEP][PASSED] - Statement - RequestedQty = com.kms.katalon.core.webui.keyword.WebUiBuiltInKeywords.getAttribute(com.kms.katalon.core.testobject.ObjectRepository.findTestObject(HealthpostToStore/Page_Store/input_txttotal), "value"): Attribute 'value' of object 'Object Repository/HealthpostToStore/Page_Store/input_txttotal' is: '10'

2018-06-09 21:49:26 - [MESSAGE][PASSED] - Attribute 'value' of object 'Object Repository/HealthpostToStore/Page_Store/input_txttotal' is: '10'

2018-06-09 21:49:26 - [TEST_STEP][PASSED] - Statement - out.println("Requested QTY : " + RequestedQty): null

2018-06-09 21:49:26 - [TEST_STEP][PASSED] - Statement - BatchNumber = com.kms.katalon.core.webui.keyword.WebUiBuiltInKeywords.getNumberOfTotalOption(com.kms.katalon.core.testobject.ObjectRepository.findTestObject(HealthpostToStore/Page_Store/select_--Select--BA1170BA2376B)): 3 options of object 'Object Repository/HealthpostToStore/Page_Store/select_--Select--BA1170BA2376B' counted

2018-06-09 21:49:26 - [MESSAGE][PASSED] - 3 options of object 'Object Repository/HealthpostToStore/Page_Store/select_--Select--BA1170BA2376B' counted

2018-06-09 21:49:26 - [TEST_STEP][PASSED] - Statement - For ([g = 1, g <= BatchNumber - 1, (g++)]): null

2018-06-09 21:49:26 - [TEST_STEP][PASSED] - selectOptionByIndex: All options with index in [1] are selected on object 'Object Repository/HealthpostToStore/Page_Store/select_--Select--BA1170BA2376B'

2018-06-09 21:49:26 - [MESSAGE][PASSED] - All options with index in [1] are selected on object 'Object Repository/HealthpostToStore/Page_Store/select_--Select--BA1170BA2376B'

2018-06-09 21:49:26 - [TEST_STEP][PASSED] - Statement - Try: null

2018-06-09 21:49:26 - [TEST_STEP][PASSED] - Statement - StockQty = com.kms.katalon.core.webui.keyword.WebUiBuiltInKeywords.getAttribute(com.kms.katalon.core.testobject.ObjectRepository.findTestObject(HealthpostToStore/Page_Store/input_txtprice), "value"): Attribute 'value' of object 'Object Repository/HealthpostToStore/Page_Store/input_txtprice' is: ''

2018-06-09 21:49:26 - [MESSAGE][PASSED] - Attribute 'value' of object 'Object Repository/HealthpostToStore/Page_Store/input_txtprice' is: ''

2018-06-09 21:49:26 - [TEST_STEP][PASSED] - Statement - out.println("Stock QTY : " + StockQty): null

2018-06-09 21:49:26 - [TEST_STEP][PASSED] - delay: Delayed 2 second(s)

2018-06-09 21:49:28 - [MESSAGE][PASSED] - Delayed 2 second(s)

2018-06-09 21:49:28 - [TEST_STEP][PASSED] - Statement - If (java.lang.String.valueOf(StockQty) >= java.lang.String.valueOf(RequestedQty)): null

2018-06-09 21:49:28 - [TEST_STEP][PASSED] - Statement - Else: null

2018-06-09 21:49:28 - [TEST_STEP][PASSED] - Statement - out.println("Stock Is Less Than Requested Qty"): null

2018-06-09 21:49:28 - [TEST_STEP][PASSED] - selectOptionByIndex: All options with index in [2] are selected on object 'Object Repository/HealthpostToStore/Page_Store/select_--Select--BA1170BA2376B'

2018-06-09 21:49:28 - [MESSAGE][PASSED] - All options with index in [2] are selected on object 'Object Repository/HealthpostToStore/Page_Store/select_--Select--BA1170BA2376B'

2018-06-09 21:49:28 - [TEST_STEP][PASSED] - Statement - Try: null

2018-06-09 21:49:28 - [TEST_STEP][PASSED] - Statement - StockQty = com.kms.katalon.core.webui.keyword.WebUiBuiltInKeywords.getAttribute(com.kms.katalon.core.testobject.ObjectRepository.findTestObject(HealthpostToStore/Page_Store/input_txtprice), "value"): Attribute 'value' of object 'Object Repository/HealthpostToStore/Page_Store/input_txtprice' is: '100'

2018-06-09 21:49:28 - [MESSAGE][PASSED] - Attribute 'value' of object 'Object Repository/HealthpostToStore/Page_Store/input_txtprice' is: '100'

2018-06-09 21:49:28 - [TEST_STEP][PASSED] - Statement - out.println("Stock QTY : " + StockQty): null

2018-06-09 21:49:28 - [TEST_STEP][PASSED] - delay: Delayed 2 second(s)

2018-06-09 21:49:30 - [MESSAGE][PASSED] - Delayed 2 second(s)

2018-06-09 21:49:30 - [TEST_STEP][PASSED] - Statement - If (java.lang.String.valueOf(StockQty) >= java.lang.String.valueOf(RequestedQty)): null

2018-06-09 21:49:30 - [TEST_STEP][PASSED] - setText: Text '10' is set on object 'Object Repository/HealthpostToStore/Page_Store/input_txtqty'

2018-06-09 21:49:30 - [MESSAGE][PASSED] - Text '10' is set on object 'Object Repository/HealthpostToStore/Page_Store/input_txtqty'

2018-06-09 21:49:30 - [TEST_STEP][PASSED] - click: Object: 'Object Repository/HealthpostToStore/Page_Store/button_Add' is clicked on

2018-06-09 21:49:30 - [MESSAGE][PASSED] - Object: 'Object Repository/HealthpostToStore/Page_Store/button_Add' is clicked on

2018-06-09 21:49:30 - [TEST_STEP][PASSED] - Statement - Break: null

2018-06-09 21:49:30 - [TEST_STEP][PASSED] - selectOptionByIndex: All options with index in [27] are selected on object 'Object Repository/HealthpostToStore/Page_Store/select_--Select--Adernaline 0.'

2018-06-09 21:49:30 - [MESSAGE][PASSED] - All options with index in [27] are selected on object 'Object Repository/HealthpostToStore/Page_Store/select_--Select--Adernaline 0.'

2018-06-09 21:49:30 - [TEST_STEP][PASSED] - delay: Delayed 2 second(s)

2018-06-09 21:49:32 - [MESSAGE][PASSED] - Delayed 2 second(s)

2018-06-09 21:49:32 - [TEST_STEP][PASSED] - Statement - RequestedQty = com.kms.katalon.core.webui.keyword.WebUiBuiltInKeywords.getAttribute(com.kms.katalon.core.testobject.ObjectRepository.findTestObject(HealthpostToStore/Page_Store/input_txttotal), "value"): Attribute 'value' of object 'Object Repository/HealthpostToStore/Page_Store/input_txttotal' is: '10'

2018-06-09 21:49:32 - [MESSAGE][PASSED] - Attribute 'value' of object 'Object Repository/HealthpostToStore/Page_Store/input_txttotal' is: '10'

2018-06-09 21:49:32 - [TEST_STEP][PASSED] - Statement - out.println("Requested QTY : " + RequestedQty): null

2018-06-09 21:49:32 - [TEST_STEP][PASSED] - Statement - BatchNumber = com.kms.katalon.core.webui.keyword.WebUiBuiltInKeywords.getNumberOfTotalOption(com.kms.katalon.core.testobject.ObjectRepository.findTestObject(HealthpostToStore/Page_Store/select_--Select--BA1170BA2376B)): 4 options of object 'Object Repository/HealthpostToStore/Page_Store/select_--Select--BA1170BA2376B' counted

2018-06-09 21:49:32 - [MESSAGE][PASSED] - 4 options of object 'Object Repository/HealthpostToStore/Page_Store/select_--Select--BA1170BA2376B' counted

2018-06-09 21:49:32 - [TEST_STEP][PASSED] - Statement - For ([g = 1, g <= BatchNumber - 1, (g++)]): null

2018-06-09 21:49:32 - [TEST_STEP][PASSED] - selectOptionByIndex: All options with index in [1] are selected on object 'Object Repository/HealthpostToStore/Page_Store/select_--Select--BA1170BA2376B'

2018-06-09 21:49:33 - [MESSAGE][PASSED] - All options with index in [1] are selected on object 'Object Repository/HealthpostToStore/Page_Store/select_--Select--BA1170BA2376B'

2018-06-09 21:49:33 - [TEST_STEP][PASSED] - Statement - Try: null

2018-06-09 21:49:33 - [TEST_STEP][PASSED] - Statement - StockQty = com.kms.katalon.core.webui.keyword.WebUiBuiltInKeywords.getAttribute(com.kms.katalon.core.testobject.ObjectRepository.findTestObject(HealthpostToStore/Page_Store/input_txtprice), "value"): Attribute 'value' of object 'Object Repository/HealthpostToStore/Page_Store/input_txtprice' is: '930'

2018-06-09 21:49:33 - [MESSAGE][PASSED] - Attribute 'value' of object 'Object Repository/HealthpostToStore/Page_Store/input_txtprice' is: '930'

2018-06-09 21:49:33 - [TEST_STEP][PASSED] - Statement - out.println("Stock QTY : " + StockQty): null

2018-06-09 21:49:33 - [TEST_STEP][PASSED] - delay: Delayed 2 second(s)

2018-06-09 21:49:35 - [MESSAGE][PASSED] - Delayed 2 second(s)

2018-06-09 21:49:35 - [TEST_STEP][PASSED] - Statement - If (java.lang.String.valueOf(StockQty) >= java.lang.String.valueOf(RequestedQty)): null

2018-06-09 21:49:35 - [TEST_STEP][PASSED] - setText: Text '10' is set on object 'Object Repository/HealthpostToStore/Page_Store/input_txtqty'

2018-06-09 21:49:35 - [MESSAGE][PASSED] - Text '10' is set on object 'Object Repository/HealthpostToStore/Page_Store/input_txtqty'

2018-06-09 21:49:35 - [TEST_STEP][PASSED] - click: Object: 'Object Repository/HealthpostToStore/Page_Store/button_Add' is clicked on

2018-06-09 21:49:35 - [MESSAGE][PASSED] - Object: 'Object Repository/HealthpostToStore/Page_Store/button_Add' is clicked on

2018-06-09 21:49:35 - [TEST_STEP][PASSED] - Statement - Break: null

2018-06-09 21:49:35 - [TEST_STEP][PASSED] - selectOptionByIndex: All options with index in [28] are selected on object 'Object Repository/HealthpostToStore/Page_Store/select_--Select--Adernaline 0.'

2018-06-09 21:49:35 - [MESSAGE][PASSED] - All options with index in [28] are selected on object 'Object Repository/HealthpostToStore/Page_Store/select_--Select--Adernaline 0.'

2018-06-09 21:49:35 - [TEST_STEP][PASSED] - delay: Delayed 2 second(s)

2018-06-09 21:49:37 - [MESSAGE][PASSED] - Delayed 2 second(s)

2018-06-09 21:49:37 - [TEST_STEP][PASSED] - Statement - RequestedQty = com.kms.katalon.core.webui.keyword.WebUiBuiltInKeywords.getAttribute(com.kms.katalon.core.testobject.ObjectRepository.findTestObject(HealthpostToStore/Page_Store/input_txttotal), "value"): Attribute 'value' of object 'Object Repository/HealthpostToStore/Page_Store/input_txttotal' is: '10'

2018-06-09 21:49:37 - [MESSAGE][PASSED] - Attribute 'value' of object 'Object Repository/HealthpostToStore/Page_Store/input_txttotal' is: '10'

2018-06-09 21:49:37 - [TEST_STEP][PASSED] - Statement - out.println("Requested QTY : " + RequestedQty): null

2018-06-09 21:49:37 - [TEST_STEP][PASSED] - Statement - BatchNumber = com.kms.katalon.core.webui.keyword.WebUiBuiltInKeywords.getNumberOfTotalOption(com.kms.katalon.core.testobject.ObjectRepository.findTestObject(HealthpostToStore/Page_Store/select_--Select--BA1170BA2376B)): 5 options of object 'Object Repository/HealthpostToStore/Page_Store/select_--Select--BA1170BA2376B' counted

2018-06-09 21:49:37 - [MESSAGE][PASSED] - 5 options of object 'Object Repository/HealthpostToStore/Page_Store/select_--Select--BA1170BA2376B' counted

2018-06-09 21:49:37 - [TEST_STEP][PASSED] - Statement - For ([g = 1, g <= BatchNumber - 1, (g++)]): null

2018-06-09 21:49:37 - [TEST_STEP][PASSED] - selectOptionByIndex: All options with index in [1] are selected on object 'Object Repository/HealthpostToStore/Page_Store/select_--Select--BA1170BA2376B'

2018-06-09 21:49:37 - [MESSAGE][PASSED] - All options with index in [1] are selected on object 'Object Repository/HealthpostToStore/Page_Store/select_--Select--BA1170BA2376B'

2018-06-09 21:49:37 - [TEST_STEP][PASSED] - Statement - Try: null

2018-06-09 21:49:37 - [TEST_STEP][PASSED] - Statement - StockQty = com.kms.katalon.core.webui.keyword.WebUiBuiltInKeywords.getAttribute(com.kms.katalon.core.testobject.ObjectRepository.findTestObject(HealthpostToStore/Page_Store/input_txtprice), "value"): Attribute 'value' of object 'Object Repository/HealthpostToStore/Page_Store/input_txtprice' is: '470'

2018-06-09 21:49:37 - [MESSAGE][PASSED] - Attribute 'value' of object 'Object Repository/HealthpostToStore/Page_Store/input_txtprice' is: '470'

2018-06-09 21:49:37 - [TEST_STEP][PASSED] - Statement - out.println("Stock QTY : " + StockQty): null

2018-06-09 21:49:37 - [TEST_STEP][PASSED] - delay: Delayed 2 second(s)

2018-06-09 21:49:39 - [MESSAGE][PASSED] - Delayed 2 second(s)

2018-06-09 21:49:39 - [TEST_STEP][PASSED] - Statement - If (java.lang.String.valueOf(StockQty) >= java.lang.String.valueOf(RequestedQty)): null

2018-06-09 21:49:39 - [TEST_STEP][PASSED] - setText: Text '10' is set on object 'Object Repository/HealthpostToStore/Page_Store/input_txtqty'

2018-06-09 21:49:39 - [MESSAGE][PASSED] - Text '10' is set on object 'Object Repository/HealthpostToStore/Page_Store/input_txtqty'

2018-06-09 21:49:39 - [TEST_STEP][PASSED] - click: Object: 'Object Repository/HealthpostToStore/Page_Store/button_Add' is clicked on

2018-06-09 21:49:40 - [MESSAGE][PASSED] - Object: 'Object Repository/HealthpostToStore/Page_Store/button_Add' is clicked on

2018-06-09 21:49:40 - [TEST_STEP][PASSED] - Statement - Break: null

2018-06-09 21:49:40 - [TEST_STEP][PASSED] - selectOptionByIndex: All options with index in [29] are selected on object 'Object Repository/HealthpostToStore/Page_Store/select_--Select--Adernaline 0.'

2018-06-09 21:49:40 - [MESSAGE][PASSED] - All options with index in [29] are selected on object 'Object Repository/HealthpostToStore/Page_Store/select_--Select--Adernaline 0.'

2018-06-09 21:49:40 - [TEST_STEP][PASSED] - delay: Delayed 2 second(s)

2018-06-09 21:49:42 - [MESSAGE][PASSED] - Delayed 2 second(s)

2018-06-09 21:49:42 - [TEST_STEP][PASSED] - Statement - RequestedQty = com.kms.katalon.core.webui.keyword.WebUiBuiltInKeywords.getAttribute(com.kms.katalon.core.testobject.ObjectRepository.findTestObject(HealthpostToStore/Page_Store/input_txttotal), "value"): Attribute 'value' of object 'Object Repository/HealthpostToStore/Page_Store/input_txttotal' is: '10'

2018-06-09 21:49:42 - [MESSAGE][PASSED] - Attribute 'value' of object 'Object Repository/HealthpostToStore/Page_Store/input_txttotal' is: '10'

2018-06-09 21:49:42 - [TEST_STEP][PASSED] - Statement - out.println("Requested QTY : " + RequestedQty): null

2018-06-09 21:49:42 - [TEST_STEP][PASSED] - Statement - BatchNumber = com.kms.katalon.core.webui.keyword.WebUiBuiltInKeywords.getNumberOfTotalOption(com.kms.katalon.core.testobject.ObjectRepository.findTestObject(HealthpostToStore/Page_Store/select_--Select--BA1170BA2376B)): 3 options of object 'Object Repository/HealthpostToStore/Page_Store/select_--Select--BA1170BA2376B' counted

2018-06-09 21:49:42 - [MESSAGE][PASSED] - 3 options of object 'Object Repository/HealthpostToStore/Page_Store/select_--Select--BA1170BA2376B' counted

2018-06-09 21:49:42 - [TEST_STEP][PASSED] - Statement - For ([g = 1, g <= BatchNumber - 1, (g++)]): null

2018-06-09 21:49:42 - [TEST_STEP][PASSED] - selectOptionByIndex: All options with index in [1] are selected on object 'Object Repository/HealthpostToStore/Page_Store/select_--Select--BA1170BA2376B'

2018-06-09 21:49:42 - [MESSAGE][PASSED] - All options with index in [1] are selected on object 'Object Repository/HealthpostToStore/Page_Store/select_--Select--BA1170BA2376B'

2018-06-09 21:49:42 - [TEST_STEP][PASSED] - Statement - Try: null

2018-06-09 21:49:42 - [TEST_STEP][PASSED] - Statement - StockQty = com.kms.katalon.core.webui.keyword.WebUiBuiltInKeywords.getAttribute(com.kms.katalon.core.testobject.ObjectRepository.findTestObject(HealthpostToStore/Page_Store/input_txtprice), "value"): Attribute 'value' of object 'Object Repository/HealthpostToStore/Page_Store/input_txtprice' is: '390'

2018-06-09 21:49:42 - [MESSAGE][PASSED] - Attribute 'value' of object 'Object Repository/HealthpostToStore/Page_Store/input_txtprice' is: '390'

2018-06-09 21:49:42 - [TEST_STEP][PASSED] - Statement - out.println("Stock QTY : " + StockQty): null

2018-06-09 21:49:42 - [TEST_STEP][PASSED] - delay: Delayed 2 second(s)

2018-06-09 21:49:44 - [MESSAGE][PASSED] - Delayed 2 second(s)

2018-06-09 21:49:44 - [TEST_STEP][PASSED] - Statement - If (java.lang.String.valueOf(StockQty) >= java.lang.String.valueOf(RequestedQty)): null

2018-06-09 21:49:44 - [TEST_STEP][PASSED] - setText: Text '10' is set on object 'Object Repository/HealthpostToStore/Page_Store/input_txtqty'

2018-06-09 21:49:44 - [MESSAGE][PASSED] - Text '10' is set on object 'Object Repository/HealthpostToStore/Page_Store/input_txtqty'

2018-06-09 21:49:44 - [TEST_STEP][PASSED] - click: Object: 'Object Repository/HealthpostToStore/Page_Store/button_Add' is clicked on

2018-06-09 21:49:44 - [MESSAGE][PASSED] - Object: 'Object Repository/HealthpostToStore/Page_Store/button_Add' is clicked on

2018-06-09 21:49:44 - [TEST_STEP][PASSED] - Statement - Break: null

2018-06-09 21:49:44 - [TEST_STEP][PASSED] - selectOptionByIndex: All options with index in [30] are selected on object 'Object Repository/HealthpostToStore/Page_Store/select_--Select--Adernaline 0.'

2018-06-09 21:49:45 - [MESSAGE][PASSED] - All options with index in [30] are selected on object 'Object Repository/HealthpostToStore/Page_Store/select_--Select--Adernaline 0.'

2018-06-09 21:49:45 - [TEST_STEP][PASSED] - delay: Delayed 2 second(s)

2018-06-09 21:49:47 - [MESSAGE][PASSED] - Delayed 2 second(s)

2018-06-09 21:49:47 - [TEST_STEP][PASSED] - Statement - RequestedQty = com.kms.katalon.core.webui.keyword.WebUiBuiltInKeywords.getAttribute(com.kms.katalon.core.testobject.ObjectRepository.findTestObject(HealthpostToStore/Page_Store/input_txttotal), "value"): Attribute 'value' of object 'Object Repository/HealthpostToStore/Page_Store/input_txttotal' is: '10'

2018-06-09 21:49:47 - [MESSAGE][PASSED] - Attribute 'value' of object 'Object Repository/HealthpostToStore/Page_Store/input_txttotal' is: '10'

2018-06-09 21:49:47 - [TEST_STEP][PASSED] - Statement - out.println("Requested QTY : " + RequestedQty): null

2018-06-09 21:49:47 - [TEST_STEP][PASSED] - Statement - BatchNumber = com.kms.katalon.core.webui.keyword.WebUiBuiltInKeywords.getNumberOfTotalOption(com.kms.katalon.core.testobject.ObjectRepository.findTestObject(HealthpostToStore/Page_Store/select_--Select--BA1170BA2376B)): 4 options of object 'Object Repository/HealthpostToStore/Page_Store/select_--Select--BA1170BA2376B' counted

2018-06-09 21:49:47 - [MESSAGE][PASSED] - 4 options of object 'Object Repository/HealthpostToStore/Page_Store/select_--Select--BA1170BA2376B' counted

2018-06-09 21:49:47 - [TEST_STEP][PASSED] - Statement - For ([g = 1, g <= BatchNumber - 1, (g++)]): null

2018-06-09 21:49:47 - [TEST_STEP][PASSED] - selectOptionByIndex: All options with index in [1] are selected on object 'Object Repository/HealthpostToStore/Page_Store/select_--Select--BA1170BA2376B'

2018-06-09 21:49:47 - [MESSAGE][PASSED] - All options with index in [1] are selected on object 'Object Repository/HealthpostToStore/Page_Store/select_--Select--BA1170BA2376B'

2018-06-09 21:49:47 - [TEST_STEP][PASSED] - Statement - Try: null

2018-06-09 21:49:47 - [TEST_STEP][PASSED] - Statement - StockQty = com.kms.katalon.core.webui.keyword.WebUiBuiltInKeywords.getAttribute(com.kms.katalon.core.testobject.ObjectRepository.findTestObject(HealthpostToStore/Page_Store/input_txtprice), "value"): Attribute 'value' of object 'Object Repository/HealthpostToStore/Page_Store/input_txtprice' is: ''

2018-06-09 21:49:47 - [MESSAGE][PASSED] - Attribute 'value' of object 'Object Repository/HealthpostToStore/Page_Store/input_txtprice' is: ''

2018-06-09 21:49:47 - [TEST_STEP][PASSED] - Statement - out.println("Stock QTY : " + StockQty): null

2018-06-09 21:49:47 - [TEST_STEP][PASSED] - delay: Delayed 2 second(s)

2018-06-09 21:49:49 - [MESSAGE][PASSED] - Delayed 2 second(s)

2018-06-09 21:49:49 - [TEST_STEP][PASSED] - Statement - If (java.lang.String.valueOf(StockQty) >= java.lang.String.valueOf(RequestedQty)): null

2018-06-09 21:49:49 - [TEST_STEP][PASSED] - Statement - Else: null

2018-06-09 21:49:49 - [TEST_STEP][PASSED] - Statement - out.println("Stock Is Less Than Requested Qty"): null

2018-06-09 21:49:49 - [TEST_STEP][PASSED] - selectOptionByIndex: All options with index in [2] are selected on object 'Object Repository/HealthpostToStore/Page_Store/select_--Select--BA1170BA2376B'

2018-06-09 21:49:49 - [MESSAGE][PASSED] - All options with index in [2] are selected on object 'Object Repository/HealthpostToStore/Page_Store/select_--Select--BA1170BA2376B'

2018-06-09 21:49:49 - [TEST_STEP][PASSED] - Statement - Try: null

2018-06-09 21:49:49 - [TEST_STEP][PASSED] - Statement - StockQty = com.kms.katalon.core.webui.keyword.WebUiBuiltInKeywords.getAttribute(com.kms.katalon.core.testobject.ObjectRepository.findTestObject(HealthpostToStore/Page_Store/input_txtprice), "value"): Attribute 'value' of object 'Object Repository/HealthpostToStore/Page_Store/input_txtprice' is: '920'

2018-06-09 21:49:49 - [MESSAGE][PASSED] - Attribute 'value' of object 'Object Repository/HealthpostToStore/Page_Store/input_txtprice' is: '920'

2018-06-09 21:49:49 - [TEST_STEP][PASSED] - Statement - out.println("Stock QTY : " + StockQty): null

2018-06-09 21:49:49 - [TEST_STEP][PASSED] - delay: Delayed 2 second(s)

2018-06-09 21:49:51 - [MESSAGE][PASSED] - Delayed 2 second(s)

2018-06-09 21:49:51 - [TEST_STEP][PASSED] - Statement - If (java.lang.String.valueOf(StockQty) >= java.lang.String.valueOf(RequestedQty)): null

2018-06-09 21:49:51 - [TEST_STEP][PASSED] - setText: Text '10' is set on object 'Object Repository/HealthpostToStore/Page_Store/input_txtqty'

2018-06-09 21:49:51 - [MESSAGE][PASSED] - Text '10' is set on object 'Object Repository/HealthpostToStore/Page_Store/input_txtqty'

2018-06-09 21:49:51 - [TEST_STEP][PASSED] - click: Object: 'Object Repository/HealthpostToStore/Page_Store/button_Add' is clicked on

2018-06-09 21:49:51 - [MESSAGE][PASSED] - Object: 'Object Repository/HealthpostToStore/Page_Store/button_Add' is clicked on

2018-06-09 21:49:51 - [TEST_STEP][PASSED] - Statement - Break: null

2018-06-09 21:49:51 - [TEST_STEP][PASSED] - selectOptionByIndex: All options with index in [31] are selected on object 'Object Repository/HealthpostToStore/Page_Store/select_--Select--Adernaline 0.'

2018-06-09 21:49:52 - [MESSAGE][PASSED] - All options with index in [31] are selected on object 'Object Repository/HealthpostToStore/Page_Store/select_--Select--Adernaline 0.'

2018-06-09 21:49:52 - [TEST_STEP][PASSED] - delay: Delayed 2 second(s)

2018-06-09 21:49:54 - [MESSAGE][PASSED] - Delayed 2 second(s)

2018-06-09 21:49:54 - [TEST_STEP][PASSED] - Statement - RequestedQty = com.kms.katalon.core.webui.keyword.WebUiBuiltInKeywords.getAttribute(com.kms.katalon.core.testobject.ObjectRepository.findTestObject(HealthpostToStore/Page_Store/input_txttotal), "value"): Attribute 'value' of object 'Object Repository/HealthpostToStore/Page_Store/input_txttotal' is: '10'

2018-06-09 21:49:54 - [MESSAGE][PASSED] - Attribute 'value' of object 'Object Repository/HealthpostToStore/Page_Store/input_txttotal' is: '10'

2018-06-09 21:49:54 - [TEST_STEP][PASSED] - Statement - out.println("Requested QTY : " + RequestedQty): null

2018-06-09 21:49:54 - [TEST_STEP][PASSED] - Statement - BatchNumber = com.kms.katalon.core.webui.keyword.WebUiBuiltInKeywords.getNumberOfTotalOption(com.kms.katalon.core.testobject.ObjectRepository.findTestObject(HealthpostToStore/Page_Store/select_--Select--BA1170BA2376B)): 5 options of object 'Object Repository/HealthpostToStore/Page_Store/select_--Select--BA1170BA2376B' counted

2018-06-09 21:49:54 - [MESSAGE][PASSED] - 5 options of object 'Object Repository/HealthpostToStore/Page_Store/select_--Select--BA1170BA2376B' counted

2018-06-09 21:49:54 - [TEST_STEP][PASSED] - Statement - For ([g = 1, g <= BatchNumber - 1, (g++)]): null

2018-06-09 21:49:54 - [TEST_STEP][PASSED] - selectOptionByIndex: All options with index in [1] are selected on object 'Object Repository/HealthpostToStore/Page_Store/select_--Select--BA1170BA2376B'

2018-06-09 21:49:54 - [MESSAGE][PASSED] - All options with index in [1] are selected on object 'Object Repository/HealthpostToStore/Page_Store/select_--Select--BA1170BA2376B'

2018-06-09 21:49:54 - [TEST_STEP][PASSED] - Statement - Try: null

2018-06-09 21:49:54 - [TEST_STEP][PASSED] - Statement - StockQty = com.kms.katalon.core.webui.keyword.WebUiBuiltInKeywords.getAttribute(com.kms.katalon.core.testobject.ObjectRepository.findTestObject(HealthpostToStore/Page_Store/input_txtprice), "value"): Attribute 'value' of object 'Object Repository/HealthpostToStore/Page_Store/input_txtprice' is: ''

2018-06-09 21:49:54 - [MESSAGE][PASSED] - Attribute 'value' of object 'Object Repository/HealthpostToStore/Page_Store/input_txtprice' is: ''

2018-06-09 21:49:54 - [TEST_STEP][PASSED] - Statement - out.println("Stock QTY : " + StockQty): null

2018-06-09 21:49:54 - [TEST_STEP][PASSED] - delay: Delayed 2 second(s)

2018-06-09 21:49:56 - [MESSAGE][PASSED] - Delayed 2 second(s)

2018-06-09 21:49:56 - [TEST_STEP][PASSED] - Statement - If (java.lang.String.valueOf(StockQty) >= java.lang.String.valueOf(RequestedQty)): null

2018-06-09 21:49:56 - [TEST_STEP][PASSED] - Statement - Else: null

2018-06-09 21:49:56 - [TEST_STEP][PASSED] - Statement - out.println("Stock Is Less Than Requested Qty"): null

2018-06-09 21:49:56 - [TEST_STEP][PASSED] - selectOptionByIndex: All options with index in [2] are selected on object 'Object Repository/HealthpostToStore/Page_Store/select_--Select--BA1170BA2376B'

2018-06-09 21:49:56 - [MESSAGE][PASSED] - All options with index in [2] are selected on object 'Object Repository/HealthpostToStore/Page_Store/select_--Select--BA1170BA2376B'

2018-06-09 21:49:56 - [TEST_STEP][PASSED] - Statement - Try: null

2018-06-09 21:49:56 - [TEST_STEP][PASSED] - Statement - StockQty = com.kms.katalon.core.webui.keyword.WebUiBuiltInKeywords.getAttribute(com.kms.katalon.core.testobject.ObjectRepository.findTestObject(HealthpostToStore/Page_Store/input_txtprice), "value"): Attribute 'value' of object 'Object Repository/HealthpostToStore/Page_Store/input_txtprice' is: '540'

2018-06-09 21:49:56 - [MESSAGE][PASSED] - Attribute 'value' of object 'Object Repository/HealthpostToStore/Page_Store/input_txtprice' is: '540'

2018-06-09 21:49:56 - [TEST_STEP][PASSED] - Statement - out.println("Stock QTY : " + StockQty): null

2018-06-09 21:49:56 - [TEST_STEP][PASSED] - delay: Delayed 2 second(s)

2018-06-09 21:49:58 - [MESSAGE][PASSED] - Delayed 2 second(s)

2018-06-09 21:49:58 - [TEST_STEP][PASSED] - Statement - If (java.lang.String.valueOf(StockQty) >= java.lang.String.valueOf(RequestedQty)): null

2018-06-09 21:49:58 - [TEST_STEP][PASSED] - setText: Text '10' is set on object 'Object Repository/HealthpostToStore/Page_Store/input_txtqty'

2018-06-09 21:49:58 - [MESSAGE][PASSED] - Text '10' is set on object 'Object Repository/HealthpostToStore/Page_Store/input_txtqty'

2018-06-09 21:49:58 - [TEST_STEP][PASSED] - click: Object: 'Object Repository/HealthpostToStore/Page_Store/button_Add' is clicked on

2018-06-09 21:49:58 - [MESSAGE][PASSED] - Object: 'Object Repository/HealthpostToStore/Page_Store/button_Add' is clicked on

2018-06-09 21:49:58 - [TEST_STEP][PASSED] - Statement - Break: null

2018-06-09 21:49:58 - [TEST_STEP][PASSED] - selectOptionByIndex: All options with index in [32] are selected on object 'Object Repository/HealthpostToStore/Page_Store/select_--Select--Adernaline 0.'

2018-06-09 21:49:59 - [MESSAGE][PASSED] - All options with index in [32] are selected on object 'Object Repository/HealthpostToStore/Page_Store/select_--Select--Adernaline 0.'

2018-06-09 21:49:59 - [TEST_STEP][PASSED] - delay: Delayed 2 second(s)

2018-06-09 21:50:01 - [MESSAGE][PASSED] - Delayed 2 second(s)

2018-06-09 21:50:01 - [TEST_STEP][PASSED] - Statement - RequestedQty = com.kms.katalon.core.webui.keyword.WebUiBuiltInKeywords.getAttribute(com.kms.katalon.core.testobject.ObjectRepository.findTestObject(HealthpostToStore/Page_Store/input_txttotal), "value"): Attribute 'value' of object 'Object Repository/HealthpostToStore/Page_Store/input_txttotal' is: '10'

2018-06-09 21:50:01 - [MESSAGE][PASSED] - Attribute 'value' of object 'Object Repository/HealthpostToStore/Page_Store/input_txttotal' is: '10'

2018-06-09 21:50:01 - [TEST_STEP][PASSED] - Statement - out.println("Requested QTY : " + RequestedQty): null

2018-06-09 21:50:01 - [TEST_STEP][PASSED] - Statement - BatchNumber = com.kms.katalon.core.webui.keyword.WebUiBuiltInKeywords.getNumberOfTotalOption(com.kms.katalon.core.testobject.ObjectRepository.findTestObject(HealthpostToStore/Page_Store/select_--Select--BA1170BA2376B)): 2 options of object 'Object Repository/HealthpostToStore/Page_Store/select_--Select--BA1170BA2376B' counted

2018-06-09 21:50:01 - [MESSAGE][PASSED] - 2 options of object 'Object Repository/HealthpostToStore/Page_Store/select_--Select--BA1170BA2376B' counted

2018-06-09 21:50:01 - [TEST_STEP][PASSED] - Statement - For ([g = 1, g <= BatchNumber - 1, (g++)]): null

2018-06-09 21:50:01 - [TEST_STEP][PASSED] - selectOptionByIndex: All options with index in [1] are selected on object 'Object Repository/HealthpostToStore/Page_Store/select_--Select--BA1170BA2376B'

2018-06-09 21:50:01 - [MESSAGE][PASSED] - All options with index in [1] are selected on object 'Object Repository/HealthpostToStore/Page_Store/select_--Select--BA1170BA2376B'

2018-06-09 21:50:01 - [TEST_STEP][PASSED] - Statement - Try: null

2018-06-09 21:50:01 - [TEST_STEP][PASSED] - Statement - StockQty = com.kms.katalon.core.webui.keyword.WebUiBuiltInKeywords.getAttribute(com.kms.katalon.core.testobject.ObjectRepository.findTestObject(HealthpostToStore/Page_Store/input_txtprice), "value"): Attribute 'value' of object 'Object Repository/HealthpostToStore/Page_Store/input_txtprice' is: '1950'

2018-06-09 21:50:01 - [MESSAGE][PASSED] - Attribute 'value' of object 'Object Repository/HealthpostToStore/Page_Store/input_txtprice' is: '1950'

2018-06-09 21:50:01 - [TEST_STEP][PASSED] - Statement - out.println("Stock QTY : " + StockQty): null

2018-06-09 21:50:01 - [TEST_STEP][PASSED] - delay: Delayed 2 second(s)

2018-06-09 21:50:03 - [MESSAGE][PASSED] - Delayed 2 second(s)

2018-06-09 21:50:03 - [TEST_STEP][PASSED] - Statement - If (java.lang.String.valueOf(StockQty) >= java.lang.String.valueOf(RequestedQty)): null

2018-06-09 21:50:03 - [TEST_STEP][PASSED] - setText: Text '10' is set on object 'Object Repository/HealthpostToStore/Page_Store/input_txtqty'

2018-06-09 21:50:03 - [MESSAGE][PASSED] - Text '10' is set on object 'Object Repository/HealthpostToStore/Page_Store/input_txtqty'

2018-06-09 21:50:03 - [TEST_STEP][PASSED] - click: Object: 'Object Repository/HealthpostToStore/Page_Store/button_Add' is clicked on

2018-06-09 21:50:03 - [MESSAGE][PASSED] - Object: 'Object Repository/HealthpostToStore/Page_Store/button_Add' is clicked on

2018-06-09 21:50:03 - [TEST_STEP][PASSED] - Statement - Break: null

2018-06-09 21:50:03 - [TEST_STEP][PASSED] - selectOptionByIndex: All options with index in [33] are selected on object 'Object Repository/HealthpostToStore/Page_Store/select_--Select--Adernaline 0.'

2018-06-09 21:50:03 - [MESSAGE][PASSED] - All options with index in [33] are selected on object 'Object Repository/HealthpostToStore/Page_Store/select_--Select--Adernaline 0.'

2018-06-09 21:50:03 - [TEST_STEP][PASSED] - delay: Delayed 2 second(s)

2018-06-09 21:50:05 - [MESSAGE][PASSED] - Delayed 2 second(s)

2018-06-09 21:50:05 - [TEST_STEP][PASSED] - Statement - RequestedQty = com.kms.katalon.core.webui.keyword.WebUiBuiltInKeywords.getAttribute(com.kms.katalon.core.testobject.ObjectRepository.findTestObject(HealthpostToStore/Page_Store/input_txttotal), "value"): Attribute 'value' of object 'Object Repository/HealthpostToStore/Page_Store/input_txttotal' is: '10'

2018-06-09 21:50:05 - [MESSAGE][PASSED] - Attribute 'value' of object 'Object Repository/HealthpostToStore/Page_Store/input_txttotal' is: '10'

2018-06-09 21:50:05 - [TEST_STEP][PASSED] - Statement - out.println("Requested QTY : " + RequestedQty): null

2018-06-09 21:50:05 - [TEST_STEP][PASSED] - Statement - BatchNumber = com.kms.katalon.core.webui.keyword.WebUiBuiltInKeywords.getNumberOfTotalOption(com.kms.katalon.core.testobject.ObjectRepository.findTestObject(HealthpostToStore/Page_Store/select_--Select--BA1170BA2376B)): 3 options of object 'Object Repository/HealthpostToStore/Page_Store/select_--Select--BA1170BA2376B' counted

2018-06-09 21:50:05 - [MESSAGE][PASSED] - 3 options of object 'Object Repository/HealthpostToStore/Page_Store/select_--Select--BA1170BA2376B' counted

2018-06-09 21:50:05 - [TEST_STEP][PASSED] - Statement - For ([g = 1, g <= BatchNumber - 1, (g++)]): null

2018-06-09 21:50:05 - [TEST_STEP][PASSED] - selectOptionByIndex: All options with index in [1] are selected on object 'Object Repository/HealthpostToStore/Page_Store/select_--Select--BA1170BA2376B'

2018-06-09 21:50:06 - [MESSAGE][PASSED] - All options with index in [1] are selected on object 'Object Repository/HealthpostToStore/Page_Store/select_--Select--BA1170BA2376B'

2018-06-09 21:50:06 - [TEST_STEP][PASSED] - Statement - Try: null

2018-06-09 21:50:06 - [TEST_STEP][PASSED] - Statement - StockQty = com.kms.katalon.core.webui.keyword.WebUiBuiltInKeywords.getAttribute(com.kms.katalon.core.testobject.ObjectRepository.findTestObject(HealthpostToStore/Page_Store/input_txtprice), "value"): Attribute 'value' of object 'Object Repository/HealthpostToStore/Page_Store/input_txtprice' is: '1850'

2018-06-09 21:50:06 - [MESSAGE][PASSED] - Attribute 'value' of object 'Object Repository/HealthpostToStore/Page_Store/input_txtprice' is: '1850'

2018-06-09 21:50:06 - [TEST_STEP][PASSED] - Statement - out.println("Stock QTY : " + StockQty): null

2018-06-09 21:50:06 - [TEST_STEP][PASSED] - delay: Delayed 2 second(s)

2018-06-09 21:50:08 - [MESSAGE][PASSED] - Delayed 2 second(s)

2018-06-09 21:50:08 - [TEST_STEP][PASSED] - Statement - If (java.lang.String.valueOf(StockQty) >= java.lang.String.valueOf(RequestedQty)): null

2018-06-09 21:50:08 - [TEST_STEP][PASSED] - setText: Text '10' is set on object 'Object Repository/HealthpostToStore/Page_Store/input_txtqty'

2018-06-09 21:50:08 - [MESSAGE][PASSED] - Text '10' is set on object 'Object Repository/HealthpostToStore/Page_Store/input_txtqty'

2018-06-09 21:50:08 - [TEST_STEP][PASSED] - click: Object: 'Object Repository/HealthpostToStore/Page_Store/button_Add' is clicked on

2018-06-09 21:50:08 - [MESSAGE][PASSED] - Object: 'Object Repository/HealthpostToStore/Page_Store/button_Add' is clicked on

2018-06-09 21:50:08 - [TEST_STEP][PASSED] - Statement - Break: null

2018-06-09 21:50:08 - [TEST_STEP][PASSED] - selectOptionByIndex: All options with index in [34] are selected on object 'Object Repository/HealthpostToStore/Page_Store/select_--Select--Adernaline 0.'

2018-06-09 21:50:08 - [MESSAGE][PASSED] - All options with index in [34] are selected on object 'Object Repository/HealthpostToStore/Page_Store/select_--Select--Adernaline 0.'

2018-06-09 21:50:08 - [TEST_STEP][PASSED] - delay: Delayed 2 second(s)

2018-06-09 21:50:10 - [MESSAGE][PASSED] - Delayed 2 second(s)

2018-06-09 21:50:10 - [TEST_STEP][PASSED] - Statement - RequestedQty = com.kms.katalon.core.webui.keyword.WebUiBuiltInKeywords.getAttribute(com.kms.katalon.core.testobject.ObjectRepository.findTestObject(HealthpostToStore/Page_Store/input_txttotal), "value"): Attribute 'value' of object 'Object Repository/HealthpostToStore/Page_Store/input_txttotal' is: '10'

2018-06-09 21:50:10 - [MESSAGE][PASSED] - Attribute 'value' of object 'Object Repository/HealthpostToStore/Page_Store/input_txttotal' is: '10'

2018-06-09 21:50:10 - [TEST_STEP][PASSED] - Statement - out.println("Requested QTY : " + RequestedQty): null

2018-06-09 21:50:10 - [TEST_STEP][PASSED] - Statement - BatchNumber = com.kms.katalon.core.webui.keyword.WebUiBuiltInKeywords.getNumberOfTotalOption(com.kms.katalon.core.testobject.ObjectRepository.findTestObject(HealthpostToStore/Page_Store/select_--Select--BA1170BA2376B)): 3 options of object 'Object Repository/HealthpostToStore/Page_Store/select_--Select--BA1170BA2376B' counted

2018-06-09 21:50:10 - [MESSAGE][PASSED] - 3 options of object 'Object Repository/HealthpostToStore/Page_Store/select_--Select--BA1170BA2376B' counted

2018-06-09 21:50:10 - [TEST_STEP][PASSED] - Statement - For ([g = 1, g <= BatchNumber - 1, (g++)]): null

2018-06-09 21:50:10 - [TEST_STEP][PASSED] - selectOptionByIndex: All options with index in [1] are selected on object 'Object Repository/HealthpostToStore/Page_Store/select_--Select--BA1170BA2376B'

2018-06-09 21:50:10 - [MESSAGE][PASSED] - All options with index in [1] are selected on object 'Object Repository/HealthpostToStore/Page_Store/select_--Select--BA1170BA2376B'

2018-06-09 21:50:10 - [TEST_STEP][PASSED] - Statement - Try: null

2018-06-09 21:50:10 - [TEST_STEP][PASSED] - Statement - StockQty = com.kms.katalon.core.webui.keyword.WebUiBuiltInKeywords.getAttribute(com.kms.katalon.core.testobject.ObjectRepository.findTestObject(HealthpostToStore/Page_Store/input_txtprice), "value"): Attribute 'value' of object 'Object Repository/HealthpostToStore/Page_Store/input_txtprice' is: '930'

2018-06-09 21:50:10 - [MESSAGE][PASSED] - Attribute 'value' of object 'Object Repository/HealthpostToStore/Page_Store/input_txtprice' is: '930'

2018-06-09 21:50:10 - [TEST_STEP][PASSED] - Statement - out.println("Stock QTY : " + StockQty): null

2018-06-09 21:50:10 - [TEST_STEP][PASSED] - delay: Delayed 2 second(s)

2018-06-09 21:50:12 - [MESSAGE][PASSED] - Delayed 2 second(s)

2018-06-09 21:50:12 - [TEST_STEP][PASSED] - Statement - If (java.lang.String.valueOf(StockQty) >= java.lang.String.valueOf(RequestedQty)): null

2018-06-09 21:50:12 - [TEST_STEP][PASSED] - setText: Text '10' is set on object 'Object Repository/HealthpostToStore/Page_Store/input_txtqty'

2018-06-09 21:50:13 - [MESSAGE][PASSED] - Text '10' is set on object 'Object Repository/HealthpostToStore/Page_Store/input_txtqty'

2018-06-09 21:50:13 - [TEST_STEP][PASSED] - click: Object: 'Object Repository/HealthpostToStore/Page_Store/button_Add' is clicked on

2018-06-09 21:50:13 - [MESSAGE][PASSED] - Object: 'Object Repository/HealthpostToStore/Page_Store/button_Add' is clicked on

2018-06-09 21:50:13 - [TEST_STEP][PASSED] - Statement - Break: null

2018-06-09 21:50:13 - [TEST_STEP][PASSED] - selectOptionByIndex: All options with index in [35] are selected on object 'Object Repository/HealthpostToStore/Page_Store/select_--Select--Adernaline 0.'

2018-06-09 21:50:13 - [MESSAGE][PASSED] - All options with index in [35] are selected on object 'Object Repository/HealthpostToStore/Page_Store/select_--Select--Adernaline 0.'

2018-06-09 21:50:13 - [TEST_STEP][PASSED] - delay: Delayed 2 second(s)

2018-06-09 21:50:15 - [MESSAGE][PASSED] - Delayed 2 second(s)

2018-06-09 21:50:15 - [TEST_STEP][PASSED] - Statement - RequestedQty = com.kms.katalon.core.webui.keyword.WebUiBuiltInKeywords.getAttribute(com.kms.katalon.core.testobject.ObjectRepository.findTestObject(HealthpostToStore/Page_Store/input_txttotal), "value"): Attribute 'value' of object 'Object Repository/HealthpostToStore/Page_Store/input_txttotal' is: '10'

2018-06-09 21:50:15 - [MESSAGE][PASSED] - Attribute 'value' of object 'Object Repository/HealthpostToStore/Page_Store/input_txttotal' is: '10'

2018-06-09 21:50:15 - [TEST_STEP][PASSED] - Statement - out.println("Requested QTY : " + RequestedQty): null

2018-06-09 21:50:15 - [TEST_STEP][PASSED] - Statement - BatchNumber = com.kms.katalon.core.webui.keyword.WebUiBuiltInKeywords.getNumberOfTotalOption(com.kms.katalon.core.testobject.ObjectRepository.findTestObject(HealthpostToStore/Page_Store/select_--Select--BA1170BA2376B)): 5 options of object 'Object Repository/HealthpostToStore/Page_Store/select_--Select--BA1170BA2376B' counted

2018-06-09 21:50:15 - [MESSAGE][PASSED] - 5 options of object 'Object Repository/HealthpostToStore/Page_Store/select_--Select--BA1170BA2376B' counted

2018-06-09 21:50:15 - [TEST_STEP][PASSED] - Statement - For ([g = 1, g <= BatchNumber - 1, (g++)]): null

2018-06-09 21:50:15 - [TEST_STEP][PASSED] - selectOptionByIndex: All options with index in [1] are selected on object 'Object Repository/HealthpostToStore/Page_Store/select_--Select--BA1170BA2376B'

2018-06-09 21:50:15 - [MESSAGE][PASSED] - All options with index in [1] are selected on object 'Object Repository/HealthpostToStore/Page_Store/select_--Select--BA1170BA2376B'

2018-06-09 21:50:15 - [TEST_STEP][PASSED] - Statement - Try: null

2018-06-09 21:50:15 - [TEST_STEP][PASSED] - Statement - StockQty = com.kms.katalon.core.webui.keyword.WebUiBuiltInKeywords.getAttribute(com.kms.katalon.core.testobject.ObjectRepository.findTestObject(HealthpostToStore/Page_Store/input_txtprice), "value"): Attribute 'value' of object 'Object Repository/HealthpostToStore/Page_Store/input_txtprice' is: '90'

2018-06-09 21:50:15 - [MESSAGE][PASSED] - Attribute 'value' of object 'Object Repository/HealthpostToStore/Page_Store/input_txtprice' is: '90'

2018-06-09 21:50:15 - [TEST_STEP][PASSED] - Statement - out.println("Stock QTY : " + StockQty): null

2018-06-09 21:50:15 - [TEST_STEP][PASSED] - delay: Delayed 2 second(s)

2018-06-09 21:50:17 - [MESSAGE][PASSED] - Delayed 2 second(s)

2018-06-09 21:50:17 - [TEST_STEP][PASSED] - Statement - If (java.lang.String.valueOf(StockQty) >= java.lang.String.valueOf(RequestedQty)): null

2018-06-09 21:50:17 - [TEST_STEP][PASSED] - setText: Text '10' is set on object 'Object Repository/HealthpostToStore/Page_Store/input_txtqty'

2018-06-09 21:50:17 - [MESSAGE][PASSED] - Text '10' is set on object 'Object Repository/HealthpostToStore/Page_Store/input_txtqty'

2018-06-09 21:50:17 - [TEST_STEP][PASSED] - click: Object: 'Object Repository/HealthpostToStore/Page_Store/button_Add' is clicked on

2018-06-09 21:50:18 - [MESSAGE][PASSED] - Object: 'Object Repository/HealthpostToStore/Page_Store/button_Add' is clicked on

2018-06-09 21:50:18 - [TEST_STEP][PASSED] - Statement - Break: null

2018-06-09 21:50:18 - [TEST_STEP][PASSED] - selectOptionByIndex: All options with index in [36] are selected on object 'Object Repository/HealthpostToStore/Page_Store/select_--Select--Adernaline 0.'

2018-06-09 21:50:18 - [MESSAGE][PASSED] - All options with index in [36] are selected on object 'Object Repository/HealthpostToStore/Page_Store/select_--Select--Adernaline 0.'

2018-06-09 21:50:18 - [TEST_STEP][PASSED] - delay: Delayed 2 second(s)

2018-06-09 21:50:20 - [MESSAGE][PASSED] - Delayed 2 second(s)

2018-06-09 21:50:20 - [TEST_STEP][PASSED] - Statement - RequestedQty = com.kms.katalon.core.webui.keyword.WebUiBuiltInKeywords.getAttribute(com.kms.katalon.core.testobject.ObjectRepository.findTestObject(HealthpostToStore/Page_Store/input_txttotal), "value"): Attribute 'value' of object 'Object Repository/HealthpostToStore/Page_Store/input_txttotal' is: '10'

2018-06-09 21:50:20 - [MESSAGE][PASSED] - Attribute 'value' of object 'Object Repository/HealthpostToStore/Page_Store/input_txttotal' is: '10'

2018-06-09 21:50:20 - [TEST_STEP][PASSED] - Statement - out.println("Requested QTY : " + RequestedQty): null

2018-06-09 21:50:20 - [TEST_STEP][PASSED] - Statement - BatchNumber = com.kms.katalon.core.webui.keyword.WebUiBuiltInKeywords.getNumberOfTotalOption(com.kms.katalon.core.testobject.ObjectRepository.findTestObject(HealthpostToStore/Page_Store/select_--Select--BA1170BA2376B)): 2 options of object 'Object Repository/HealthpostToStore/Page_Store/select_--Select--BA1170BA2376B' counted

2018-06-09 21:50:20 - [MESSAGE][PASSED] - 2 options of object 'Object Repository/HealthpostToStore/Page_Store/select_--Select--BA1170BA2376B' counted

2018-06-09 21:50:20 - [TEST_STEP][PASSED] - Statement - For ([g = 1, g <= BatchNumber - 1, (g++)]): null

2018-06-09 21:50:20 - [TEST_STEP][PASSED] - selectOptionByIndex: All options with index in [1] are selected on object 'Object Repository/HealthpostToStore/Page_Store/select_--Select--BA1170BA2376B'

2018-06-09 21:50:20 - [MESSAGE][PASSED] - All options with index in [1] are selected on object 'Object Repository/HealthpostToStore/Page_Store/select_--Select--BA1170BA2376B'

2018-06-09 21:50:20 - [TEST_STEP][PASSED] - Statement - Try: null

2018-06-09 21:50:20 - [TEST_STEP][PASSED] - Statement - StockQty = com.kms.katalon.core.webui.keyword.WebUiBuiltInKeywords.getAttribute(com.kms.katalon.core.testobject.ObjectRepository.findTestObject(HealthpostToStore/Page_Store/input_txtprice), "value"): Attribute 'value' of object 'Object Repository/HealthpostToStore/Page_Store/input_txtprice' is: '2030'

2018-06-09 21:50:20 - [MESSAGE][PASSED] - Attribute 'value' of object 'Object Repository/HealthpostToStore/Page_Store/input_txtprice' is: '2030'

2018-06-09 21:50:20 - [TEST_STEP][PASSED] - Statement - out.println("Stock QTY : " + StockQty): null

2018-06-09 21:50:20 - [TEST_STEP][PASSED] - delay: Delayed 2 second(s)

2018-06-09 21:50:22 - [MESSAGE][PASSED] - Delayed 2 second(s)

2018-06-09 21:50:22 - [TEST_STEP][PASSED] - Statement - If (java.lang.String.valueOf(StockQty) >= java.lang.String.valueOf(RequestedQty)): null

2018-06-09 21:50:22 - [TEST_STEP][PASSED] - setText: Text '10' is set on object 'Object Repository/HealthpostToStore/Page_Store/input_txtqty'

2018-06-09 21:50:22 - [MESSAGE][PASSED] - Text '10' is set on object 'Object Repository/HealthpostToStore/Page_Store/input_txtqty'

2018-06-09 21:50:22 - [TEST_STEP][PASSED] - click: Object: 'Object Repository/HealthpostToStore/Page_Store/button_Add' is clicked on

2018-06-09 21:50:22 - [MESSAGE][PASSED] - Object: 'Object Repository/HealthpostToStore/Page_Store/button_Add' is clicked on

2018-06-09 21:50:22 - [TEST_STEP][PASSED] - Statement - Break: null

2018-06-09 21:50:22 - [TEST_STEP][PASSED] - scrollToElement: Scroll to object 'Object Repository/HealthpostToStore/Page_Store/input_btnSubmit' successfully

2018-06-09 21:50:22 - [MESSAGE][PASSED] - Scroll to object 'Object Repository/HealthpostToStore/Page_Store/input_btnSubmit' successfully

2018-06-09 21:50:22 - [TEST_STEP][PASSED] - click: Object: 'Object Repository/HealthpostToStore/Page_Store/input_btnSubmit' is clicked on

2018-06-09 21:50:23 - [MESSAGE][PASSED] - Object: 'Object Repository/HealthpostToStore/Page_Store/input_btnSubmit' is clicked on

2018-06-09 21:50:23 - [TEST_STEP][PASSED] - delay: Delayed 3 second(s)

2018-06-09 21:50:26 - [MESSAGE][PASSED] - Delayed 3 second(s)

2018-06-09 21:50:26 - [TEST_STEP][PASSED] - click: Object: 'Object Repository/HealthpostToStore/Page_Store/button_OK' is clicked on

2018-06-09 21:50:27 - [MESSAGE][PASSED] - Object: 'Object Repository/HealthpostToStore/Page_Store/button_OK' is clicked on

2018-06-09 21:50:27 - [TEST_STEP][PASSED] - delay: Delayed 3 second(s)

2018-06-09 21:50:30 - [MESSAGE][PASSED] - Delayed 3 second(s)

2018-06-09 21:50:30 - [TEST_STEP][PASSED] - click: Object: 'Object Repository/HealthpostToStore/Page_Store/a_dropdown-toggle' is clicked on

2018-06-09 21:50:31 - [MESSAGE][PASSED] - Object: 'Object Repository/HealthpostToStore/Page_Store/a_dropdown-toggle' is clicked on

2018-06-09 21:50:31 - [TEST_STEP][PASSED] - click: Object: 'Object Repository/HealthpostToStore/Page_Store/a_Sign out' is clicked on

2018-06-09 21:50:31 - [MESSAGE][PASSED] - Object: 'Object Repository/HealthpostToStore/Page_Store/a_Sign out' is clicked on

2018-06-09 21:50:31 - [TEST_STEP][PASSED] - closeBrowser: Browser is closed

2018-06-09 21:50:32 - [MESSAGE][PASSED] - Browser is closed]]></system-out>
         <system-err><![CDATA[]]></system-err>
      </testcase>
      <testcase name="Test Cases/HEALTHPOST TEST CASES/TC_HP_004 Verify Schedule 4 Healthpost Request Are Working Successfully Or Not" classname="Test Cases/HEALTHPOST TEST CASES/TC_HP_004 Verify Schedule 4 Healthpost Request Are Working Successfully Or Not" status="PASSED">
         <system-out><![CDATA[2018-06-09 21:50:32 - [TEST_CASE][PASSED] - Test Cases/HEALTHPOST TEST CASES/TC_HP_004 Verify Schedule 4 Healthpost Request Are Working Successfully Or Not: Test Cases/HEALTHPOST TEST CASES/TC_HP_004 Verify Schedule 4 Healthpost Request Are Working Successfully Or Not

2018-06-09 21:50:32 - [TEST_STEP][PASSED] - openBrowser: Browser is opened with url: ''

2018-06-09 21:50:34 - [MESSAGE][PASSED] - Browser is opened with url: ''

2018-06-09 21:50:34 - [TEST_STEP][PASSED] - navigateToUrl: Navigate to 'http://192.168.137.1/multihospital_new/HDSplashscreen.aspx' successfully

2018-06-09 21:50:35 - [MESSAGE][PASSED] - Navigate to 'http://192.168.137.1/multihospital_new/HDSplashscreen.aspx' successfully

2018-06-09 21:50:35 - [TEST_STEP][PASSED] - maximizeWindow: Current window maximized

2018-06-09 21:50:37 - [MESSAGE][PASSED] - Current window maximized

2018-06-09 21:50:37 - [TEST_STEP][PASSED] - click: Object: 'Object Repository/HealthpostToStore/Page_KDMC/a_Healthpost Store' is clicked on

2018-06-09 21:50:37 - [MESSAGE][PASSED] - Object: 'Object Repository/HealthpostToStore/Page_KDMC/a_Healthpost Store' is clicked on

2018-06-09 21:50:37 - [TEST_STEP][PASSED] - setText: Text 'raguram' is set on object 'Object Repository/HealthpostToStore/Page_HealthPost Store Login/input_txtusername'

2018-06-09 21:50:38 - [MESSAGE][PASSED] - Text 'raguram' is set on object 'Object Repository/HealthpostToStore/Page_HealthPost Store Login/input_txtusername'

2018-06-09 21:50:38 - [TEST_STEP][PASSED] - setText: Text '123' is set on object 'Object Repository/HealthpostToStore/Page_HealthPost Store Login/input_txtpassword'

2018-06-09 21:50:38 - [MESSAGE][PASSED] - Text '123' is set on object 'Object Repository/HealthpostToStore/Page_HealthPost Store Login/input_txtpassword'

2018-06-09 21:50:38 - [TEST_STEP][PASSED] - delay: Delayed 3 second(s)

2018-06-09 21:50:41 - [MESSAGE][PASSED] - Delayed 3 second(s)

2018-06-09 21:50:41 - [TEST_STEP][PASSED] - sendKeys: Keys 'ENTER + ' sent to object: 'Object Repository/HealthpostToStore/Page_HealthPost Store Login/input_txtpassword'

2018-06-09 21:50:41 - [MESSAGE][PASSED] - Keys 'ENTER + ' sent to object: 'Object Repository/HealthpostToStore/Page_HealthPost Store Login/input_txtpassword'

2018-06-09 21:50:41 - [TEST_STEP][PASSED] - delay: Delayed 3 second(s)

2018-06-09 21:50:44 - [MESSAGE][PASSED] - Delayed 3 second(s)

2018-06-09 21:50:44 - [TEST_STEP][PASSED] - click: Object: 'Object Repository/HealthpostToStore/Page_HealthPost Store/a_Request to Store' is clicked on

2018-06-09 21:50:44 - [MESSAGE][PASSED] - Object: 'Object Repository/HealthpostToStore/Page_HealthPost Store/a_Request to Store' is clicked on

2018-06-09 21:50:44 - [TEST_STEP][PASSED] - delay: Delayed 1 second(s)

2018-06-09 21:50:45 - [MESSAGE][PASSED] - Delayed 1 second(s)

2018-06-09 21:50:45 - [TEST_STEP][PASSED] - click: Object: 'Object Repository/HealthpostToStore/Page_HealthPost Store/a_Medicine Request' is clicked on

2018-06-09 21:50:46 - [MESSAGE][PASSED] - Object: 'Object Repository/HealthpostToStore/Page_HealthPost Store/a_Medicine Request' is clicked on

2018-06-09 21:50:46 - [TEST_STEP][PASSED] - delay: Delayed 1 second(s)

2018-06-09 21:50:47 - [MESSAGE][PASSED] - Delayed 1 second(s)

2018-06-09 21:50:47 - [TEST_STEP][PASSED] - selectOptionByIndex: All options with index in [4] are selected on object 'Object Repository/HealthpostToStore/Page_HealthPost Store/select_--Select--Schedule 1Inj'

2018-06-09 21:50:47 - [MESSAGE][PASSED] - All options with index in [4] are selected on object 'Object Repository/HealthpostToStore/Page_HealthPost Store/select_--Select--Schedule 1Inj'

2018-06-09 21:50:47 - [TEST_STEP][PASSED] - Statement - medicineslength = com.kms.katalon.core.webui.keyword.WebUiBuiltInKeywords.getNumberOfTotalOption(com.kms.katalon.core.testobject.ObjectRepository.findTestObject(HealthpostToStore/Page_HealthPost Store/select_--Select--Adernaline 0.)): 16 options of object 'Object Repository/HealthpostToStore/Page_HealthPost Store/select_--Select--Adernaline 0.' counted

2018-06-09 21:50:47 - [MESSAGE][PASSED] - 16 options of object 'Object Repository/HealthpostToStore/Page_HealthPost Store/select_--Select--Adernaline 0.' counted

2018-06-09 21:50:47 - [TEST_STEP][PASSED] - Statement - For ([e = 1, e <= medicineslength - 1, (e++)]): Object: 'Object Repository/HealthpostToStore/Page_HealthPost Store/button_Add' is clicked on

2018-06-09 21:50:47 - [TEST_STEP][PASSED] - selectOptionByIndex: All options with index in [4] are selected on object 'Object Repository/HealthpostToStore/Page_HealthPost Store/select_--Select--Schedule 1Inj'

2018-06-09 21:50:47 - [MESSAGE][PASSED] - All options with index in [4] are selected on object 'Object Repository/HealthpostToStore/Page_HealthPost Store/select_--Select--Schedule 1Inj'

2018-06-09 21:50:47 - [TEST_STEP][PASSED] - delay: Delayed 1 second(s)

2018-06-09 21:50:48 - [MESSAGE][PASSED] - Delayed 1 second(s)

2018-06-09 21:50:48 - [TEST_STEP][PASSED] - selectOptionByIndex: All options with index in [1] are selected on object 'Object Repository/HealthpostToStore/Page_HealthPost Store/select_--Select--Adernaline 0.'

2018-06-09 21:50:48 - [MESSAGE][PASSED] - All options with index in [1] are selected on object 'Object Repository/HealthpostToStore/Page_HealthPost Store/select_--Select--Adernaline 0.'

2018-06-09 21:50:48 - [TEST_STEP][PASSED] - setText: Text '10' is set on object 'Object Repository/HealthpostToStore/Page_HealthPost Store/input_txttreat'

2018-06-09 21:50:48 - [MESSAGE][PASSED] - Text '10' is set on object 'Object Repository/HealthpostToStore/Page_HealthPost Store/input_txttreat'

2018-06-09 21:50:48 - [TEST_STEP][PASSED] - click: Object: 'Object Repository/HealthpostToStore/Page_HealthPost Store/button_Add' is clicked on

2018-06-09 21:50:49 - [MESSAGE][PASSED] - Object: 'Object Repository/HealthpostToStore/Page_HealthPost Store/button_Add' is clicked on

2018-06-09 21:50:49 - [TEST_STEP][PASSED] - selectOptionByIndex: All options with index in [4] are selected on object 'Object Repository/HealthpostToStore/Page_HealthPost Store/select_--Select--Schedule 1Inj'

2018-06-09 21:50:49 - [MESSAGE][PASSED] - All options with index in [4] are selected on object 'Object Repository/HealthpostToStore/Page_HealthPost Store/select_--Select--Schedule 1Inj'

2018-06-09 21:50:49 - [TEST_STEP][PASSED] - delay: Delayed 1 second(s)

2018-06-09 21:50:50 - [MESSAGE][PASSED] - Delayed 1 second(s)

2018-06-09 21:50:50 - [TEST_STEP][PASSED] - selectOptionByIndex: All options with index in [2] are selected on object 'Object Repository/HealthpostToStore/Page_HealthPost Store/select_--Select--Adernaline 0.'

2018-06-09 21:50:50 - [MESSAGE][PASSED] - All options with index in [2] are selected on object 'Object Repository/HealthpostToStore/Page_HealthPost Store/select_--Select--Adernaline 0.'

2018-06-09 21:50:50 - [TEST_STEP][PASSED] - setText: Text '10' is set on object 'Object Repository/HealthpostToStore/Page_HealthPost Store/input_txttreat'

2018-06-09 21:50:50 - [MESSAGE][PASSED] - Text '10' is set on object 'Object Repository/HealthpostToStore/Page_HealthPost Store/input_txttreat'

2018-06-09 21:50:50 - [TEST_STEP][PASSED] - click: Object: 'Object Repository/HealthpostToStore/Page_HealthPost Store/button_Add' is clicked on

2018-06-09 21:50:50 - [MESSAGE][PASSED] - Object: 'Object Repository/HealthpostToStore/Page_HealthPost Store/button_Add' is clicked on

2018-06-09 21:50:50 - [TEST_STEP][PASSED] - selectOptionByIndex: All options with index in [4] are selected on object 'Object Repository/HealthpostToStore/Page_HealthPost Store/select_--Select--Schedule 1Inj'

2018-06-09 21:50:50 - [MESSAGE][PASSED] - All options with index in [4] are selected on object 'Object Repository/HealthpostToStore/Page_HealthPost Store/select_--Select--Schedule 1Inj'

2018-06-09 21:50:50 - [TEST_STEP][PASSED] - delay: Delayed 1 second(s)

2018-06-09 21:50:51 - [MESSAGE][PASSED] - Delayed 1 second(s)

2018-06-09 21:50:51 - [TEST_STEP][PASSED] - selectOptionByIndex: All options with index in [3] are selected on object 'Object Repository/HealthpostToStore/Page_HealthPost Store/select_--Select--Adernaline 0.'

2018-06-09 21:50:51 - [MESSAGE][PASSED] - All options with index in [3] are selected on object 'Object Repository/HealthpostToStore/Page_HealthPost Store/select_--Select--Adernaline 0.'

2018-06-09 21:50:51 - [TEST_STEP][PASSED] - setText: Text '10' is set on object 'Object Repository/HealthpostToStore/Page_HealthPost Store/input_txttreat'

2018-06-09 21:50:51 - [MESSAGE][PASSED] - Text '10' is set on object 'Object Repository/HealthpostToStore/Page_HealthPost Store/input_txttreat'

2018-06-09 21:50:51 - [TEST_STEP][PASSED] - click: Object: 'Object Repository/HealthpostToStore/Page_HealthPost Store/button_Add' is clicked on

2018-06-09 21:50:52 - [MESSAGE][PASSED] - Object: 'Object Repository/HealthpostToStore/Page_HealthPost Store/button_Add' is clicked on

2018-06-09 21:50:52 - [TEST_STEP][PASSED] - selectOptionByIndex: All options with index in [4] are selected on object 'Object Repository/HealthpostToStore/Page_HealthPost Store/select_--Select--Schedule 1Inj'

2018-06-09 21:50:52 - [MESSAGE][PASSED] - All options with index in [4] are selected on object 'Object Repository/HealthpostToStore/Page_HealthPost Store/select_--Select--Schedule 1Inj'

2018-06-09 21:50:52 - [TEST_STEP][PASSED] - delay: Delayed 1 second(s)

2018-06-09 21:50:53 - [MESSAGE][PASSED] - Delayed 1 second(s)

2018-06-09 21:50:53 - [TEST_STEP][PASSED] - selectOptionByIndex: All options with index in [4] are selected on object 'Object Repository/HealthpostToStore/Page_HealthPost Store/select_--Select--Adernaline 0.'

2018-06-09 21:50:53 - [MESSAGE][PASSED] - All options with index in [4] are selected on object 'Object Repository/HealthpostToStore/Page_HealthPost Store/select_--Select--Adernaline 0.'

2018-06-09 21:50:53 - [TEST_STEP][PASSED] - setText: Text '10' is set on object 'Object Repository/HealthpostToStore/Page_HealthPost Store/input_txttreat'

2018-06-09 21:50:53 - [MESSAGE][PASSED] - Text '10' is set on object 'Object Repository/HealthpostToStore/Page_HealthPost Store/input_txttreat'

2018-06-09 21:50:53 - [TEST_STEP][PASSED] - click: Object: 'Object Repository/HealthpostToStore/Page_HealthPost Store/button_Add' is clicked on

2018-06-09 21:50:53 - [MESSAGE][PASSED] - Object: 'Object Repository/HealthpostToStore/Page_HealthPost Store/button_Add' is clicked on

2018-06-09 21:50:53 - [TEST_STEP][PASSED] - selectOptionByIndex: All options with index in [4] are selected on object 'Object Repository/HealthpostToStore/Page_HealthPost Store/select_--Select--Schedule 1Inj'

2018-06-09 21:50:53 - [MESSAGE][PASSED] - All options with index in [4] are selected on object 'Object Repository/HealthpostToStore/Page_HealthPost Store/select_--Select--Schedule 1Inj'

2018-06-09 21:50:53 - [TEST_STEP][PASSED] - delay: Delayed 1 second(s)

2018-06-09 21:50:54 - [MESSAGE][PASSED] - Delayed 1 second(s)

2018-06-09 21:50:54 - [TEST_STEP][PASSED] - selectOptionByIndex: All options with index in [5] are selected on object 'Object Repository/HealthpostToStore/Page_HealthPost Store/select_--Select--Adernaline 0.'

2018-06-09 21:50:54 - [MESSAGE][PASSED] - All options with index in [5] are selected on object 'Object Repository/HealthpostToStore/Page_HealthPost Store/select_--Select--Adernaline 0.'

2018-06-09 21:50:54 - [TEST_STEP][PASSED] - setText: Text '10' is set on object 'Object Repository/HealthpostToStore/Page_HealthPost Store/input_txttreat'

2018-06-09 21:50:54 - [MESSAGE][PASSED] - Text '10' is set on object 'Object Repository/HealthpostToStore/Page_HealthPost Store/input_txttreat'

2018-06-09 21:50:54 - [TEST_STEP][PASSED] - click: Object: 'Object Repository/HealthpostToStore/Page_HealthPost Store/button_Add' is clicked on

2018-06-09 21:50:55 - [MESSAGE][PASSED] - Object: 'Object Repository/HealthpostToStore/Page_HealthPost Store/button_Add' is clicked on

2018-06-09 21:50:55 - [TEST_STEP][PASSED] - selectOptionByIndex: All options with index in [4] are selected on object 'Object Repository/HealthpostToStore/Page_HealthPost Store/select_--Select--Schedule 1Inj'

2018-06-09 21:50:55 - [MESSAGE][PASSED] - All options with index in [4] are selected on object 'Object Repository/HealthpostToStore/Page_HealthPost Store/select_--Select--Schedule 1Inj'

2018-06-09 21:50:55 - [TEST_STEP][PASSED] - delay: Delayed 1 second(s)

2018-06-09 21:50:56 - [MESSAGE][PASSED] - Delayed 1 second(s)

2018-06-09 21:50:56 - [TEST_STEP][PASSED] - selectOptionByIndex: All options with index in [6] are selected on object 'Object Repository/HealthpostToStore/Page_HealthPost Store/select_--Select--Adernaline 0.'

2018-06-09 21:50:56 - [MESSAGE][PASSED] - All options with index in [6] are selected on object 'Object Repository/HealthpostToStore/Page_HealthPost Store/select_--Select--Adernaline 0.'

2018-06-09 21:50:56 - [TEST_STEP][PASSED] - setText: Text '10' is set on object 'Object Repository/HealthpostToStore/Page_HealthPost Store/input_txttreat'

2018-06-09 21:50:56 - [MESSAGE][PASSED] - Text '10' is set on object 'Object Repository/HealthpostToStore/Page_HealthPost Store/input_txttreat'

2018-06-09 21:50:56 - [TEST_STEP][PASSED] - click: Object: 'Object Repository/HealthpostToStore/Page_HealthPost Store/button_Add' is clicked on

2018-06-09 21:50:56 - [MESSAGE][PASSED] - Object: 'Object Repository/HealthpostToStore/Page_HealthPost Store/button_Add' is clicked on

2018-06-09 21:50:56 - [TEST_STEP][PASSED] - selectOptionByIndex: All options with index in [4] are selected on object 'Object Repository/HealthpostToStore/Page_HealthPost Store/select_--Select--Schedule 1Inj'

2018-06-09 21:50:56 - [MESSAGE][PASSED] - All options with index in [4] are selected on object 'Object Repository/HealthpostToStore/Page_HealthPost Store/select_--Select--Schedule 1Inj'

2018-06-09 21:50:56 - [TEST_STEP][PASSED] - delay: Delayed 1 second(s)

2018-06-09 21:50:57 - [MESSAGE][PASSED] - Delayed 1 second(s)

2018-06-09 21:50:57 - [TEST_STEP][PASSED] - selectOptionByIndex: All options with index in [7] are selected on object 'Object Repository/HealthpostToStore/Page_HealthPost Store/select_--Select--Adernaline 0.'

2018-06-09 21:50:57 - [MESSAGE][PASSED] - All options with index in [7] are selected on object 'Object Repository/HealthpostToStore/Page_HealthPost Store/select_--Select--Adernaline 0.'

2018-06-09 21:50:57 - [TEST_STEP][PASSED] - setText: Text '10' is set on object 'Object Repository/HealthpostToStore/Page_HealthPost Store/input_txttreat'

2018-06-09 21:50:57 - [MESSAGE][PASSED] - Text '10' is set on object 'Object Repository/HealthpostToStore/Page_HealthPost Store/input_txttreat'

2018-06-09 21:50:57 - [TEST_STEP][PASSED] - click: Object: 'Object Repository/HealthpostToStore/Page_HealthPost Store/button_Add' is clicked on

2018-06-09 21:50:58 - [MESSAGE][PASSED] - Object: 'Object Repository/HealthpostToStore/Page_HealthPost Store/button_Add' is clicked on

2018-06-09 21:50:58 - [TEST_STEP][PASSED] - selectOptionByIndex: All options with index in [4] are selected on object 'Object Repository/HealthpostToStore/Page_HealthPost Store/select_--Select--Schedule 1Inj'

2018-06-09 21:50:58 - [MESSAGE][PASSED] - All options with index in [4] are selected on object 'Object Repository/HealthpostToStore/Page_HealthPost Store/select_--Select--Schedule 1Inj'

2018-06-09 21:50:58 - [TEST_STEP][PASSED] - delay: Delayed 1 second(s)

2018-06-09 21:50:59 - [MESSAGE][PASSED] - Delayed 1 second(s)

2018-06-09 21:50:59 - [TEST_STEP][PASSED] - selectOptionByIndex: All options with index in [8] are selected on object 'Object Repository/HealthpostToStore/Page_HealthPost Store/select_--Select--Adernaline 0.'

2018-06-09 21:50:59 - [MESSAGE][PASSED] - All options with index in [8] are selected on object 'Object Repository/HealthpostToStore/Page_HealthPost Store/select_--Select--Adernaline 0.'

2018-06-09 21:50:59 - [TEST_STEP][PASSED] - setText: Text '10' is set on object 'Object Repository/HealthpostToStore/Page_HealthPost Store/input_txttreat'

2018-06-09 21:50:59 - [MESSAGE][PASSED] - Text '10' is set on object 'Object Repository/HealthpostToStore/Page_HealthPost Store/input_txttreat'

2018-06-09 21:50:59 - [TEST_STEP][PASSED] - click: Object: 'Object Repository/HealthpostToStore/Page_HealthPost Store/button_Add' is clicked on

2018-06-09 21:50:59 - [MESSAGE][PASSED] - Object: 'Object Repository/HealthpostToStore/Page_HealthPost Store/button_Add' is clicked on

2018-06-09 21:50:59 - [TEST_STEP][PASSED] - selectOptionByIndex: All options with index in [4] are selected on object 'Object Repository/HealthpostToStore/Page_HealthPost Store/select_--Select--Schedule 1Inj'

2018-06-09 21:50:59 - [MESSAGE][PASSED] - All options with index in [4] are selected on object 'Object Repository/HealthpostToStore/Page_HealthPost Store/select_--Select--Schedule 1Inj'

2018-06-09 21:50:59 - [TEST_STEP][PASSED] - delay: Delayed 1 second(s)

2018-06-09 21:51:00 - [MESSAGE][PASSED] - Delayed 1 second(s)

2018-06-09 21:51:00 - [TEST_STEP][PASSED] - selectOptionByIndex: All options with index in [9] are selected on object 'Object Repository/HealthpostToStore/Page_HealthPost Store/select_--Select--Adernaline 0.'

2018-06-09 21:51:00 - [MESSAGE][PASSED] - All options with index in [9] are selected on object 'Object Repository/HealthpostToStore/Page_HealthPost Store/select_--Select--Adernaline 0.'

2018-06-09 21:51:00 - [TEST_STEP][PASSED] - setText: Text '10' is set on object 'Object Repository/HealthpostToStore/Page_HealthPost Store/input_txttreat'

2018-06-09 21:51:00 - [MESSAGE][PASSED] - Text '10' is set on object 'Object Repository/HealthpostToStore/Page_HealthPost Store/input_txttreat'

2018-06-09 21:51:00 - [TEST_STEP][PASSED] - click: Object: 'Object Repository/HealthpostToStore/Page_HealthPost Store/button_Add' is clicked on

2018-06-09 21:51:01 - [MESSAGE][PASSED] - Object: 'Object Repository/HealthpostToStore/Page_HealthPost Store/button_Add' is clicked on

2018-06-09 21:51:01 - [TEST_STEP][PASSED] - selectOptionByIndex: All options with index in [4] are selected on object 'Object Repository/HealthpostToStore/Page_HealthPost Store/select_--Select--Schedule 1Inj'

2018-06-09 21:51:01 - [MESSAGE][PASSED] - All options with index in [4] are selected on object 'Object Repository/HealthpostToStore/Page_HealthPost Store/select_--Select--Schedule 1Inj'

2018-06-09 21:51:01 - [TEST_STEP][PASSED] - delay: Delayed 1 second(s)

2018-06-09 21:51:02 - [MESSAGE][PASSED] - Delayed 1 second(s)

2018-06-09 21:51:02 - [TEST_STEP][PASSED] - selectOptionByIndex: All options with index in [10] are selected on object 'Object Repository/HealthpostToStore/Page_HealthPost Store/select_--Select--Adernaline 0.'

2018-06-09 21:51:02 - [MESSAGE][PASSED] - All options with index in [10] are selected on object 'Object Repository/HealthpostToStore/Page_HealthPost Store/select_--Select--Adernaline 0.'

2018-06-09 21:51:02 - [TEST_STEP][PASSED] - setText: Text '10' is set on object 'Object Repository/HealthpostToStore/Page_HealthPost Store/input_txttreat'

2018-06-09 21:51:02 - [MESSAGE][PASSED] - Text '10' is set on object 'Object Repository/HealthpostToStore/Page_HealthPost Store/input_txttreat'

2018-06-09 21:51:02 - [TEST_STEP][PASSED] - click: Object: 'Object Repository/HealthpostToStore/Page_HealthPost Store/button_Add' is clicked on

2018-06-09 21:51:02 - [MESSAGE][PASSED] - Object: 'Object Repository/HealthpostToStore/Page_HealthPost Store/button_Add' is clicked on

2018-06-09 21:51:02 - [TEST_STEP][PASSED] - selectOptionByIndex: All options with index in [4] are selected on object 'Object Repository/HealthpostToStore/Page_HealthPost Store/select_--Select--Schedule 1Inj'

2018-06-09 21:51:02 - [MESSAGE][PASSED] - All options with index in [4] are selected on object 'Object Repository/HealthpostToStore/Page_HealthPost Store/select_--Select--Schedule 1Inj'

2018-06-09 21:51:02 - [TEST_STEP][PASSED] - delay: Delayed 1 second(s)

2018-06-09 21:51:03 - [MESSAGE][PASSED] - Delayed 1 second(s)

2018-06-09 21:51:03 - [TEST_STEP][PASSED] - selectOptionByIndex: All options with index in [11] are selected on object 'Object Repository/HealthpostToStore/Page_HealthPost Store/select_--Select--Adernaline 0.'

2018-06-09 21:51:03 - [MESSAGE][PASSED] - All options with index in [11] are selected on object 'Object Repository/HealthpostToStore/Page_HealthPost Store/select_--Select--Adernaline 0.'

2018-06-09 21:51:03 - [TEST_STEP][PASSED] - setText: Text '10' is set on object 'Object Repository/HealthpostToStore/Page_HealthPost Store/input_txttreat'

2018-06-09 21:51:04 - [MESSAGE][PASSED] - Text '10' is set on object 'Object Repository/HealthpostToStore/Page_HealthPost Store/input_txttreat'

2018-06-09 21:51:04 - [TEST_STEP][PASSED] - click: Object: 'Object Repository/HealthpostToStore/Page_HealthPost Store/button_Add' is clicked on

2018-06-09 21:51:04 - [MESSAGE][PASSED] - Object: 'Object Repository/HealthpostToStore/Page_HealthPost Store/button_Add' is clicked on

2018-06-09 21:51:04 - [TEST_STEP][PASSED] - selectOptionByIndex: All options with index in [4] are selected on object 'Object Repository/HealthpostToStore/Page_HealthPost Store/select_--Select--Schedule 1Inj'

2018-06-09 21:51:04 - [MESSAGE][PASSED] - All options with index in [4] are selected on object 'Object Repository/HealthpostToStore/Page_HealthPost Store/select_--Select--Schedule 1Inj'

2018-06-09 21:51:04 - [TEST_STEP][PASSED] - delay: Delayed 1 second(s)

2018-06-09 21:51:05 - [MESSAGE][PASSED] - Delayed 1 second(s)

2018-06-09 21:51:05 - [TEST_STEP][PASSED] - selectOptionByIndex: All options with index in [12] are selected on object 'Object Repository/HealthpostToStore/Page_HealthPost Store/select_--Select--Adernaline 0.'

2018-06-09 21:51:05 - [MESSAGE][PASSED] - All options with index in [12] are selected on object 'Object Repository/HealthpostToStore/Page_HealthPost Store/select_--Select--Adernaline 0.'

2018-06-09 21:51:05 - [TEST_STEP][PASSED] - setText: Text '10' is set on object 'Object Repository/HealthpostToStore/Page_HealthPost Store/input_txttreat'

2018-06-09 21:51:05 - [MESSAGE][PASSED] - Text '10' is set on object 'Object Repository/HealthpostToStore/Page_HealthPost Store/input_txttreat'

2018-06-09 21:51:05 - [TEST_STEP][PASSED] - click: Object: 'Object Repository/HealthpostToStore/Page_HealthPost Store/button_Add' is clicked on

2018-06-09 21:51:05 - [MESSAGE][PASSED] - Object: 'Object Repository/HealthpostToStore/Page_HealthPost Store/button_Add' is clicked on

2018-06-09 21:51:05 - [TEST_STEP][PASSED] - selectOptionByIndex: All options with index in [4] are selected on object 'Object Repository/HealthpostToStore/Page_HealthPost Store/select_--Select--Schedule 1Inj'

2018-06-09 21:51:05 - [MESSAGE][PASSED] - All options with index in [4] are selected on object 'Object Repository/HealthpostToStore/Page_HealthPost Store/select_--Select--Schedule 1Inj'

2018-06-09 21:51:05 - [TEST_STEP][PASSED] - delay: Delayed 1 second(s)

2018-06-09 21:51:06 - [MESSAGE][PASSED] - Delayed 1 second(s)

2018-06-09 21:51:06 - [TEST_STEP][PASSED] - selectOptionByIndex: All options with index in [13] are selected on object 'Object Repository/HealthpostToStore/Page_HealthPost Store/select_--Select--Adernaline 0.'

2018-06-09 21:51:07 - [MESSAGE][PASSED] - All options with index in [13] are selected on object 'Object Repository/HealthpostToStore/Page_HealthPost Store/select_--Select--Adernaline 0.'

2018-06-09 21:51:07 - [TEST_STEP][PASSED] - setText: Text '10' is set on object 'Object Repository/HealthpostToStore/Page_HealthPost Store/input_txttreat'

2018-06-09 21:51:07 - [MESSAGE][PASSED] - Text '10' is set on object 'Object Repository/HealthpostToStore/Page_HealthPost Store/input_txttreat'

2018-06-09 21:51:07 - [TEST_STEP][PASSED] - click: Object: 'Object Repository/HealthpostToStore/Page_HealthPost Store/button_Add' is clicked on

2018-06-09 21:51:07 - [MESSAGE][PASSED] - Object: 'Object Repository/HealthpostToStore/Page_HealthPost Store/button_Add' is clicked on

2018-06-09 21:51:07 - [TEST_STEP][PASSED] - selectOptionByIndex: All options with index in [4] are selected on object 'Object Repository/HealthpostToStore/Page_HealthPost Store/select_--Select--Schedule 1Inj'

2018-06-09 21:51:07 - [MESSAGE][PASSED] - All options with index in [4] are selected on object 'Object Repository/HealthpostToStore/Page_HealthPost Store/select_--Select--Schedule 1Inj'

2018-06-09 21:51:07 - [TEST_STEP][PASSED] - delay: Delayed 1 second(s)

2018-06-09 21:51:08 - [MESSAGE][PASSED] - Delayed 1 second(s)

2018-06-09 21:51:08 - [TEST_STEP][PASSED] - selectOptionByIndex: All options with index in [14] are selected on object 'Object Repository/HealthpostToStore/Page_HealthPost Store/select_--Select--Adernaline 0.'

2018-06-09 21:51:08 - [MESSAGE][PASSED] - All options with index in [14] are selected on object 'Object Repository/HealthpostToStore/Page_HealthPost Store/select_--Select--Adernaline 0.'

2018-06-09 21:51:08 - [TEST_STEP][PASSED] - setText: Text '10' is set on object 'Object Repository/HealthpostToStore/Page_HealthPost Store/input_txttreat'

2018-06-09 21:51:08 - [MESSAGE][PASSED] - Text '10' is set on object 'Object Repository/HealthpostToStore/Page_HealthPost Store/input_txttreat'

2018-06-09 21:51:08 - [TEST_STEP][PASSED] - click: Object: 'Object Repository/HealthpostToStore/Page_HealthPost Store/button_Add' is clicked on

2018-06-09 21:51:08 - [MESSAGE][PASSED] - Object: 'Object Repository/HealthpostToStore/Page_HealthPost Store/button_Add' is clicked on

2018-06-09 21:51:08 - [TEST_STEP][PASSED] - selectOptionByIndex: All options with index in [4] are selected on object 'Object Repository/HealthpostToStore/Page_HealthPost Store/select_--Select--Schedule 1Inj'

2018-06-09 21:51:08 - [MESSAGE][PASSED] - All options with index in [4] are selected on object 'Object Repository/HealthpostToStore/Page_HealthPost Store/select_--Select--Schedule 1Inj'

2018-06-09 21:51:08 - [TEST_STEP][PASSED] - delay: Delayed 1 second(s)

2018-06-09 21:51:09 - [MESSAGE][PASSED] - Delayed 1 second(s)

2018-06-09 21:51:09 - [TEST_STEP][PASSED] - selectOptionByIndex: All options with index in [15] are selected on object 'Object Repository/HealthpostToStore/Page_HealthPost Store/select_--Select--Adernaline 0.'

2018-06-09 21:51:10 - [MESSAGE][PASSED] - All options with index in [15] are selected on object 'Object Repository/HealthpostToStore/Page_HealthPost Store/select_--Select--Adernaline 0.'

2018-06-09 21:51:10 - [TEST_STEP][PASSED] - setText: Text '10' is set on object 'Object Repository/HealthpostToStore/Page_HealthPost Store/input_txttreat'

2018-06-09 21:51:10 - [MESSAGE][PASSED] - Text '10' is set on object 'Object Repository/HealthpostToStore/Page_HealthPost Store/input_txttreat'

2018-06-09 21:51:10 - [TEST_STEP][PASSED] - click: Object: 'Object Repository/HealthpostToStore/Page_HealthPost Store/button_Add' is clicked on

2018-06-09 21:51:10 - [MESSAGE][PASSED] - Object: 'Object Repository/HealthpostToStore/Page_HealthPost Store/button_Add' is clicked on

2018-06-09 21:51:10 - [TEST_STEP][PASSED] - scrollToElement: Scroll to object 'Object Repository/HealthpostToStore/Page_HealthPost Store/input_btnsave' successfully

2018-06-09 21:51:10 - [MESSAGE][PASSED] - Scroll to object 'Object Repository/HealthpostToStore/Page_HealthPost Store/input_btnsave' successfully

2018-06-09 21:51:10 - [TEST_STEP][PASSED] - click: Object: 'Object Repository/HealthpostToStore/Page_HealthPost Store/input_btnsave' is clicked on

2018-06-09 21:51:10 - [MESSAGE][PASSED] - Object: 'Object Repository/HealthpostToStore/Page_HealthPost Store/input_btnsave' is clicked on

2018-06-09 21:51:10 - [TEST_STEP][PASSED] - delay: Delayed 3 second(s)

2018-06-09 21:51:13 - [MESSAGE][PASSED] - Delayed 3 second(s)

2018-06-09 21:51:13 - [TEST_STEP][PASSED] - Statement - RN1 = com.kms.katalon.core.webui.keyword.WebUiBuiltInKeywords.getText(com.kms.katalon.core.testobject.ObjectRepository.findTestObject(HealthpostToStore/Page_HealthPost Store/font_HPRNO180520187)): Text of object 'Object Repository/HealthpostToStore/Page_HealthPost Store/font_HPRNO180520187' is: 'HPRNO/09062018/223'

2018-06-09 21:51:13 - [MESSAGE][PASSED] - Text of object 'Object Repository/HealthpostToStore/Page_HealthPost Store/font_HPRNO180520187' is: 'HPRNO/09062018/223'

2018-06-09 21:51:13 - [TEST_STEP][PASSED] - Statement - out.println(RN1): null

2018-06-09 21:51:13 - [TEST_STEP][PASSED] - Statement - RID = RN1.split("/")[2]: null

2018-06-09 21:51:13 - [TEST_STEP][PASSED] - click: Object: 'Object Repository/HealthpostToStore/Page_HealthPost Store/button_OK' is clicked on

2018-06-09 21:51:14 - [MESSAGE][PASSED] - Object: 'Object Repository/HealthpostToStore/Page_HealthPost Store/button_OK' is clicked on

2018-06-09 21:51:14 - [TEST_STEP][PASSED] - delay: Delayed 3 second(s)

2018-06-09 21:51:17 - [MESSAGE][PASSED] - Delayed 3 second(s)

2018-06-09 21:51:17 - [TEST_STEP][PASSED] - click: Object: 'Object Repository/HealthpostToStore/Page_HealthPost Store/a_dropdown-toggle' is clicked on

2018-06-09 21:51:17 - [MESSAGE][PASSED] - Object: 'Object Repository/HealthpostToStore/Page_HealthPost Store/a_dropdown-toggle' is clicked on

2018-06-09 21:51:17 - [TEST_STEP][PASSED] - click: Object: 'Object Repository/HealthpostToStore/Page_HealthPost Store/a_Sign out' is clicked on

2018-06-09 21:51:17 - [MESSAGE][PASSED] - Object: 'Object Repository/HealthpostToStore/Page_HealthPost Store/a_Sign out' is clicked on

2018-06-09 21:51:17 - [TEST_STEP][PASSED] - delay: Delayed 3 second(s)

2018-06-09 21:51:20 - [MESSAGE][PASSED] - Delayed 3 second(s)

2018-06-09 21:51:20 - [TEST_STEP][PASSED] - navigateToUrl: Navigate to 'http://192.168.137.1/multihospital_new/' successfully

2018-06-09 21:51:21 - [MESSAGE][PASSED] - Navigate to 'http://192.168.137.1/multihospital_new/' successfully

2018-06-09 21:51:21 - [TEST_STEP][PASSED] - click: Object: 'Object Repository/HealthpostToStore/Page_KDMC/a_CMO' is clicked on

2018-06-09 21:51:21 - [MESSAGE][PASSED] - Object: 'Object Repository/HealthpostToStore/Page_KDMC/a_CMO' is clicked on

2018-06-09 21:51:21 - [TEST_STEP][PASSED] - setText: Text 'guru' is set on object 'Object Repository/HealthpostToStore/Page_CMO login/input_txtusername'

2018-06-09 21:51:21 - [MESSAGE][PASSED] - Text 'guru' is set on object 'Object Repository/HealthpostToStore/Page_CMO login/input_txtusername'

2018-06-09 21:51:21 - [TEST_STEP][PASSED] - setText: Text '123' is set on object 'Object Repository/HealthpostToStore/Page_CMO login/input_txtpassword'

2018-06-09 21:51:22 - [MESSAGE][PASSED] - Text '123' is set on object 'Object Repository/HealthpostToStore/Page_CMO login/input_txtpassword'

2018-06-09 21:51:22 - [TEST_STEP][PASSED] - delay: Delayed 3 second(s)

2018-06-09 21:51:25 - [MESSAGE][PASSED] - Delayed 3 second(s)

2018-06-09 21:51:25 - [TEST_STEP][PASSED] - click: Object: 'Object Repository/HealthpostToStore/Page_CMO login/button_Sign in' is clicked on

2018-06-09 21:51:25 - [MESSAGE][PASSED] - Object: 'Object Repository/HealthpostToStore/Page_CMO login/button_Sign in' is clicked on

2018-06-09 21:51:25 - [TEST_STEP][PASSED] - click: Object: 'Object Repository/HealthpostToStore/Page_KDMC - CMO/a_Department Wise Request' is clicked on

2018-06-09 21:51:28 - [MESSAGE][PASSED] - Object: 'Object Repository/HealthpostToStore/Page_KDMC - CMO/a_Department Wise Request' is clicked on

2018-06-09 21:51:28 - [TEST_STEP][PASSED] - delay: Delayed 2 second(s)

2018-06-09 21:51:30 - [MESSAGE][PASSED] - Delayed 2 second(s)

2018-06-09 21:51:30 - [TEST_STEP][PASSED] - selectOptionByIndex: All options with index in [5] are selected on object 'Object Repository/HealthpostToStore/Page_KDMC - CMO/select_--ALL--'

2018-06-09 21:51:30 - [MESSAGE][PASSED] - All options with index in [5] are selected on object 'Object Repository/HealthpostToStore/Page_KDMC - CMO/select_--ALL--'

2018-06-09 21:51:30 - [TEST_STEP][PASSED] - click: Object: 'Object Repository/HealthpostToStore/Page_KDMC - CMO/input_btnsearch' is clicked on

2018-06-09 21:51:30 - [MESSAGE][PASSED] - Object: 'Object Repository/HealthpostToStore/Page_KDMC - CMO/input_btnsearch' is clicked on

2018-06-09 21:51:30 - [TEST_STEP][PASSED] - selectOptionByIndex: All options with index in [1] are selected on object 'Object Repository/HealthpostToStore/Page_KDMC - CMO/select_--ALL--                _1'

2018-06-09 21:51:30 - [MESSAGE][PASSED] - All options with index in [1] are selected on object 'Object Repository/HealthpostToStore/Page_KDMC - CMO/select_--ALL--                _1'

2018-06-09 21:51:30 - [TEST_STEP][PASSED] - click: Object: 'Object Repository/HealthpostToStore/Page_KDMC - CMO/input_btnsearch' is clicked on

2018-06-09 21:51:30 - [MESSAGE][PASSED] - Object: 'Object Repository/HealthpostToStore/Page_KDMC - CMO/input_btnsearch' is clicked on

2018-06-09 21:51:30 - [TEST_STEP][PASSED] - Statement - ID = com.kms.katalon.core.webui.keyword.WebUiBuiltInKeywords.modifyObjectProperty(com.kms.katalon.core.testobject.ObjectRepository.findTestObject(lab/Page_KDMC - CMO/input_1), "xpath", "equals", "//*[@id=" + RID + "]", true): Modify property of object successfully

2018-06-09 21:51:30 - [MESSAGE][PASSED] - Modify property of object successfully

2018-06-09 21:51:30 - [TEST_STEP][PASSED] - click: Object: 'Object Repository/lab/Page_KDMC - CMO/input_1' is clicked on

2018-06-09 21:51:31 - [MESSAGE][PASSED] - Object: 'Object Repository/lab/Page_KDMC - CMO/input_1' is clicked on

2018-06-09 21:51:31 - [TEST_STEP][PASSED] - delay: Delayed 2 second(s)

2018-06-09 21:51:33 - [MESSAGE][PASSED] - Delayed 2 second(s)

2018-06-09 21:51:33 - [TEST_STEP][PASSED] - selectOptionByIndex: All options with index in [1] are selected on object 'Object Repository/HealthpostToStore/Page_KDMC - CMO/select_--Select--'

2018-06-09 21:51:33 - [MESSAGE][PASSED] - All options with index in [1] are selected on object 'Object Repository/HealthpostToStore/Page_KDMC - CMO/select_--Select--'

2018-06-09 21:51:33 - [TEST_STEP][PASSED] - click: Object: 'Object Repository/HealthpostToStore/Page_KDMC - CMO/input_btnupdate' is clicked on

2018-06-09 21:51:33 - [MESSAGE][PASSED] - Object: 'Object Repository/HealthpostToStore/Page_KDMC - CMO/input_btnupdate' is clicked on

2018-06-09 21:51:33 - [TEST_STEP][PASSED] - delay: Delayed 2 second(s)

2018-06-09 21:51:35 - [MESSAGE][PASSED] - Delayed 2 second(s)

2018-06-09 21:51:35 - [TEST_STEP][PASSED] - click: Object: 'Object Repository/HealthpostToStore/Page_KDMC - CMO/button_OK' is clicked on

2018-06-09 21:51:35 - [MESSAGE][PASSED] - Object: 'Object Repository/HealthpostToStore/Page_KDMC - CMO/button_OK' is clicked on

2018-06-09 21:51:35 - [TEST_STEP][PASSED] - delay: Delayed 2 second(s)

2018-06-09 21:51:37 - [MESSAGE][PASSED] - Delayed 2 second(s)

2018-06-09 21:51:37 - [TEST_STEP][PASSED] - click: Object: 'Object Repository/HealthpostToStore/Page_KDMC - CMO/a_dropdown-toggle' is clicked on

2018-06-09 21:51:38 - [MESSAGE][PASSED] - Object: 'Object Repository/HealthpostToStore/Page_KDMC - CMO/a_dropdown-toggle' is clicked on

2018-06-09 21:51:38 - [TEST_STEP][PASSED] - click: Object: 'Object Repository/HealthpostToStore/Page_KDMC - CMO/a_Sign out' is clicked on

2018-06-09 21:51:38 - [MESSAGE][PASSED] - Object: 'Object Repository/HealthpostToStore/Page_KDMC - CMO/a_Sign out' is clicked on

2018-06-09 21:51:38 - [TEST_STEP][PASSED] - delay: Delayed 3 second(s)

2018-06-09 21:51:41 - [MESSAGE][PASSED] - Delayed 3 second(s)

2018-06-09 21:51:41 - [TEST_STEP][PASSED] - click: Object: 'Object Repository/HealthpostToStore/Page_KDMC/a_Divisional Store' is clicked on

2018-06-09 21:51:42 - [MESSAGE][PASSED] - Object: 'Object Repository/HealthpostToStore/Page_KDMC/a_Divisional Store' is clicked on

2018-06-09 21:51:42 - [TEST_STEP][PASSED] - setText: Text 'ragu' is set on object 'Object Repository/HealthpostToStore/Page_Divisonal Store Login/input_txtusername'

2018-06-09 21:51:42 - [MESSAGE][PASSED] - Text 'ragu' is set on object 'Object Repository/HealthpostToStore/Page_Divisonal Store Login/input_txtusername'

2018-06-09 21:51:42 - [TEST_STEP][PASSED] - setText: Text '123' is set on object 'Object Repository/HealthpostToStore/Page_Divisonal Store Login/input_txtpassword'

2018-06-09 21:51:42 - [MESSAGE][PASSED] - Text '123' is set on object 'Object Repository/HealthpostToStore/Page_Divisonal Store Login/input_txtpassword'

2018-06-09 21:51:42 - [TEST_STEP][PASSED] - delay: Delayed 3 second(s)

2018-06-09 21:51:45 - [MESSAGE][PASSED] - Delayed 3 second(s)

2018-06-09 21:51:45 - [TEST_STEP][PASSED] - click: Object: 'Object Repository/HealthpostToStore/Page_Divisonal Store Login/button_Sign in' is clicked on

2018-06-09 21:51:47 - [MESSAGE][PASSED] - Object: 'Object Repository/HealthpostToStore/Page_Divisonal Store Login/button_Sign in' is clicked on

2018-06-09 21:51:47 - [TEST_STEP][PASSED] - delay: Delayed 3 second(s)

2018-06-09 21:51:50 - [MESSAGE][PASSED] - Delayed 3 second(s)

2018-06-09 21:51:50 - [TEST_STEP][PASSED] - click: Object: 'Object Repository/HealthpostToStore/Page_Store/a_Health Post Request' is clicked on

2018-06-09 21:51:50 - [MESSAGE][PASSED] - Object: 'Object Repository/HealthpostToStore/Page_Store/a_Health Post Request' is clicked on

2018-06-09 21:51:50 - [TEST_STEP][PASSED] - click: Object: 'Object Repository/HealthpostToStore/Page_Store/a_Request Item HealthPost' is clicked on

2018-06-09 21:51:51 - [MESSAGE][PASSED] - Object: 'Object Repository/HealthpostToStore/Page_Store/a_Request Item HealthPost' is clicked on

2018-06-09 21:51:51 - [TEST_STEP][PASSED] - Statement - ChooseRequest = com.kms.katalon.core.webui.keyword.WebUiBuiltInKeywords.modifyObjectProperty(com.kms.katalon.core.testobject.ObjectRepository.findTestObject(lab/Page_Store/input_1), "xpath", "equals", "//*[@id=" + RID + "]", true): Modify property of object successfully

2018-06-09 21:51:51 - [MESSAGE][PASSED] - Modify property of object successfully

2018-06-09 21:51:51 - [TEST_STEP][PASSED] - click: Object: 'Object Repository/lab/Page_Store/input_1' is clicked on

2018-06-09 21:51:52 - [MESSAGE][PASSED] - Object: 'Object Repository/lab/Page_Store/input_1' is clicked on

2018-06-09 21:51:52 - [TEST_STEP][PASSED] - Statement - selectedoptions = com.kms.katalon.core.webui.keyword.WebUiBuiltInKeywords.getNumberOfTotalOption(com.kms.katalon.core.testobject.ObjectRepository.findTestObject(HealthpostToStore/Page_Store/select_--Select--Adernaline 0.)): 16 options of object 'Object Repository/HealthpostToStore/Page_Store/select_--Select--Adernaline 0.' counted

2018-06-09 21:51:52 - [MESSAGE][PASSED] - 16 options of object 'Object Repository/HealthpostToStore/Page_Store/select_--Select--Adernaline 0.' counted

2018-06-09 21:51:52 - [TEST_STEP][PASSED] - Statement - For ([a = 1, a <= selectedoptions - 1, (a++)]): null

2018-06-09 21:51:52 - [TEST_STEP][PASSED] - selectOptionByIndex: All options with index in [1] are selected on object 'Object Repository/HealthpostToStore/Page_Store/select_--Select--Adernaline 0.'

2018-06-09 21:51:52 - [MESSAGE][PASSED] - All options with index in [1] are selected on object 'Object Repository/HealthpostToStore/Page_Store/select_--Select--Adernaline 0.'

2018-06-09 21:51:52 - [TEST_STEP][PASSED] - delay: Delayed 2 second(s)

2018-06-09 21:51:54 - [MESSAGE][PASSED] - Delayed 2 second(s)

2018-06-09 21:51:54 - [TEST_STEP][PASSED] - Statement - RequestedQty = com.kms.katalon.core.webui.keyword.WebUiBuiltInKeywords.getAttribute(com.kms.katalon.core.testobject.ObjectRepository.findTestObject(HealthpostToStore/Page_Store/input_txttotal), "value"): Attribute 'value' of object 'Object Repository/HealthpostToStore/Page_Store/input_txttotal' is: '10'

2018-06-09 21:51:54 - [MESSAGE][PASSED] - Attribute 'value' of object 'Object Repository/HealthpostToStore/Page_Store/input_txttotal' is: '10'

2018-06-09 21:51:54 - [TEST_STEP][PASSED] - Statement - out.println("Requested QTY : " + RequestedQty): null

2018-06-09 21:51:54 - [TEST_STEP][PASSED] - Statement - BatchNumber = com.kms.katalon.core.webui.keyword.WebUiBuiltInKeywords.getNumberOfTotalOption(com.kms.katalon.core.testobject.ObjectRepository.findTestObject(HealthpostToStore/Page_Store/select_--Select--BA1170BA2376B)): 6 options of object 'Object Repository/HealthpostToStore/Page_Store/select_--Select--BA1170BA2376B' counted

2018-06-09 21:51:54 - [MESSAGE][PASSED] - 6 options of object 'Object Repository/HealthpostToStore/Page_Store/select_--Select--BA1170BA2376B' counted

2018-06-09 21:51:54 - [TEST_STEP][PASSED] - Statement - For ([g = 1, g <= BatchNumber - 1, (g++)]): null

2018-06-09 21:51:54 - [TEST_STEP][PASSED] - selectOptionByIndex: All options with index in [1] are selected on object 'Object Repository/HealthpostToStore/Page_Store/select_--Select--BA1170BA2376B'

2018-06-09 21:51:54 - [MESSAGE][PASSED] - All options with index in [1] are selected on object 'Object Repository/HealthpostToStore/Page_Store/select_--Select--BA1170BA2376B'

2018-06-09 21:51:54 - [TEST_STEP][PASSED] - Statement - Try: null

2018-06-09 21:51:54 - [TEST_STEP][PASSED] - Statement - StockQty = com.kms.katalon.core.webui.keyword.WebUiBuiltInKeywords.getAttribute(com.kms.katalon.core.testobject.ObjectRepository.findTestObject(HealthpostToStore/Page_Store/input_txtprice), "value"): Attribute 'value' of object 'Object Repository/HealthpostToStore/Page_Store/input_txtprice' is: '570'

2018-06-09 21:51:54 - [MESSAGE][PASSED] - Attribute 'value' of object 'Object Repository/HealthpostToStore/Page_Store/input_txtprice' is: '570'

2018-06-09 21:51:54 - [TEST_STEP][PASSED] - Statement - out.println("Stock QTY : " + StockQty): null

2018-06-09 21:51:54 - [TEST_STEP][PASSED] - delay: Delayed 2 second(s)

2018-06-09 21:51:56 - [MESSAGE][PASSED] - Delayed 2 second(s)

2018-06-09 21:51:56 - [TEST_STEP][PASSED] - Statement - If (java.lang.String.valueOf(StockQty) >= java.lang.String.valueOf(RequestedQty)): null

2018-06-09 21:51:56 - [TEST_STEP][PASSED] - setText: Text '10' is set on object 'Object Repository/HealthpostToStore/Page_Store/input_txtqty'

2018-06-09 21:51:56 - [MESSAGE][PASSED] - Text '10' is set on object 'Object Repository/HealthpostToStore/Page_Store/input_txtqty'

2018-06-09 21:51:56 - [TEST_STEP][PASSED] - click: Object: 'Object Repository/HealthpostToStore/Page_Store/button_Add' is clicked on

2018-06-09 21:51:56 - [MESSAGE][PASSED] - Object: 'Object Repository/HealthpostToStore/Page_Store/button_Add' is clicked on

2018-06-09 21:51:56 - [TEST_STEP][PASSED] - Statement - Break: null

2018-06-09 21:51:56 - [TEST_STEP][PASSED] - selectOptionByIndex: All options with index in [2] are selected on object 'Object Repository/HealthpostToStore/Page_Store/select_--Select--Adernaline 0.'

2018-06-09 21:51:57 - [MESSAGE][PASSED] - All options with index in [2] are selected on object 'Object Repository/HealthpostToStore/Page_Store/select_--Select--Adernaline 0.'

2018-06-09 21:51:57 - [TEST_STEP][PASSED] - delay: Delayed 2 second(s)

2018-06-09 21:51:59 - [MESSAGE][PASSED] - Delayed 2 second(s)

2018-06-09 21:51:59 - [TEST_STEP][PASSED] - Statement - RequestedQty = com.kms.katalon.core.webui.keyword.WebUiBuiltInKeywords.getAttribute(com.kms.katalon.core.testobject.ObjectRepository.findTestObject(HealthpostToStore/Page_Store/input_txttotal), "value"): Attribute 'value' of object 'Object Repository/HealthpostToStore/Page_Store/input_txttotal' is: '10'

2018-06-09 21:51:59 - [MESSAGE][PASSED] - Attribute 'value' of object 'Object Repository/HealthpostToStore/Page_Store/input_txttotal' is: '10'

2018-06-09 21:51:59 - [TEST_STEP][PASSED] - Statement - out.println("Requested QTY : " + RequestedQty): null

2018-06-09 21:51:59 - [TEST_STEP][PASSED] - Statement - BatchNumber = com.kms.katalon.core.webui.keyword.WebUiBuiltInKeywords.getNumberOfTotalOption(com.kms.katalon.core.testobject.ObjectRepository.findTestObject(HealthpostToStore/Page_Store/select_--Select--BA1170BA2376B)): 5 options of object 'Object Repository/HealthpostToStore/Page_Store/select_--Select--BA1170BA2376B' counted

2018-06-09 21:51:59 - [MESSAGE][PASSED] - 5 options of object 'Object Repository/HealthpostToStore/Page_Store/select_--Select--BA1170BA2376B' counted

2018-06-09 21:51:59 - [TEST_STEP][PASSED] - Statement - For ([g = 1, g <= BatchNumber - 1, (g++)]): null

2018-06-09 21:51:59 - [TEST_STEP][PASSED] - selectOptionByIndex: All options with index in [1] are selected on object 'Object Repository/HealthpostToStore/Page_Store/select_--Select--BA1170BA2376B'

2018-06-09 21:51:59 - [MESSAGE][PASSED] - All options with index in [1] are selected on object 'Object Repository/HealthpostToStore/Page_Store/select_--Select--BA1170BA2376B'

2018-06-09 21:51:59 - [TEST_STEP][PASSED] - Statement - Try: null

2018-06-09 21:51:59 - [TEST_STEP][PASSED] - Statement - StockQty = com.kms.katalon.core.webui.keyword.WebUiBuiltInKeywords.getAttribute(com.kms.katalon.core.testobject.ObjectRepository.findTestObject(HealthpostToStore/Page_Store/input_txtprice), "value"): Attribute 'value' of object 'Object Repository/HealthpostToStore/Page_Store/input_txtprice' is: '220'

2018-06-09 21:51:59 - [MESSAGE][PASSED] - Attribute 'value' of object 'Object Repository/HealthpostToStore/Page_Store/input_txtprice' is: '220'

2018-06-09 21:51:59 - [TEST_STEP][PASSED] - Statement - out.println("Stock QTY : " + StockQty): null

2018-06-09 21:51:59 - [TEST_STEP][PASSED] - delay: Delayed 2 second(s)

2018-06-09 21:52:01 - [MESSAGE][PASSED] - Delayed 2 second(s)

2018-06-09 21:52:01 - [TEST_STEP][PASSED] - Statement - If (java.lang.String.valueOf(StockQty) >= java.lang.String.valueOf(RequestedQty)): null

2018-06-09 21:52:01 - [TEST_STEP][PASSED] - setText: Text '10' is set on object 'Object Repository/HealthpostToStore/Page_Store/input_txtqty'

2018-06-09 21:52:01 - [MESSAGE][PASSED] - Text '10' is set on object 'Object Repository/HealthpostToStore/Page_Store/input_txtqty'

2018-06-09 21:52:01 - [TEST_STEP][PASSED] - click: Object: 'Object Repository/HealthpostToStore/Page_Store/button_Add' is clicked on

2018-06-09 21:52:01 - [MESSAGE][PASSED] - Object: 'Object Repository/HealthpostToStore/Page_Store/button_Add' is clicked on

2018-06-09 21:52:01 - [TEST_STEP][PASSED] - Statement - Break: null

2018-06-09 21:52:01 - [TEST_STEP][PASSED] - selectOptionByIndex: All options with index in [3] are selected on object 'Object Repository/HealthpostToStore/Page_Store/select_--Select--Adernaline 0.'

2018-06-09 21:52:01 - [MESSAGE][PASSED] - All options with index in [3] are selected on object 'Object Repository/HealthpostToStore/Page_Store/select_--Select--Adernaline 0.'

2018-06-09 21:52:01 - [TEST_STEP][PASSED] - delay: Delayed 2 second(s)

2018-06-09 21:52:03 - [MESSAGE][PASSED] - Delayed 2 second(s)

2018-06-09 21:52:03 - [TEST_STEP][PASSED] - Statement - RequestedQty = com.kms.katalon.core.webui.keyword.WebUiBuiltInKeywords.getAttribute(com.kms.katalon.core.testobject.ObjectRepository.findTestObject(HealthpostToStore/Page_Store/input_txttotal), "value"): Attribute 'value' of object 'Object Repository/HealthpostToStore/Page_Store/input_txttotal' is: '10'

2018-06-09 21:52:03 - [MESSAGE][PASSED] - Attribute 'value' of object 'Object Repository/HealthpostToStore/Page_Store/input_txttotal' is: '10'

2018-06-09 21:52:03 - [TEST_STEP][PASSED] - Statement - out.println("Requested QTY : " + RequestedQty): null

2018-06-09 21:52:03 - [TEST_STEP][PASSED] - Statement - BatchNumber = com.kms.katalon.core.webui.keyword.WebUiBuiltInKeywords.getNumberOfTotalOption(com.kms.katalon.core.testobject.ObjectRepository.findTestObject(HealthpostToStore/Page_Store/select_--Select--BA1170BA2376B)): 5 options of object 'Object Repository/HealthpostToStore/Page_Store/select_--Select--BA1170BA2376B' counted

2018-06-09 21:52:03 - [MESSAGE][PASSED] - 5 options of object 'Object Repository/HealthpostToStore/Page_Store/select_--Select--BA1170BA2376B' counted

2018-06-09 21:52:03 - [TEST_STEP][PASSED] - Statement - For ([g = 1, g <= BatchNumber - 1, (g++)]): null

2018-06-09 21:52:03 - [TEST_STEP][PASSED] - selectOptionByIndex: All options with index in [1] are selected on object 'Object Repository/HealthpostToStore/Page_Store/select_--Select--BA1170BA2376B'

2018-06-09 21:52:03 - [MESSAGE][PASSED] - All options with index in [1] are selected on object 'Object Repository/HealthpostToStore/Page_Store/select_--Select--BA1170BA2376B'

2018-06-09 21:52:03 - [TEST_STEP][PASSED] - Statement - Try: null

2018-06-09 21:52:03 - [TEST_STEP][PASSED] - Statement - StockQty = com.kms.katalon.core.webui.keyword.WebUiBuiltInKeywords.getAttribute(com.kms.katalon.core.testobject.ObjectRepository.findTestObject(HealthpostToStore/Page_Store/input_txtprice), "value"): Attribute 'value' of object 'Object Repository/HealthpostToStore/Page_Store/input_txtprice' is: '570'

2018-06-09 21:52:03 - [MESSAGE][PASSED] - Attribute 'value' of object 'Object Repository/HealthpostToStore/Page_Store/input_txtprice' is: '570'

2018-06-09 21:52:03 - [TEST_STEP][PASSED] - Statement - out.println("Stock QTY : " + StockQty): null

2018-06-09 21:52:03 - [TEST_STEP][PASSED] - delay: Delayed 2 second(s)

2018-06-09 21:52:05 - [MESSAGE][PASSED] - Delayed 2 second(s)

2018-06-09 21:52:05 - [TEST_STEP][PASSED] - Statement - If (java.lang.String.valueOf(StockQty) >= java.lang.String.valueOf(RequestedQty)): null

2018-06-09 21:52:05 - [TEST_STEP][PASSED] - setText: Text '10' is set on object 'Object Repository/HealthpostToStore/Page_Store/input_txtqty'

2018-06-09 21:52:05 - [MESSAGE][PASSED] - Text '10' is set on object 'Object Repository/HealthpostToStore/Page_Store/input_txtqty'

2018-06-09 21:52:05 - [TEST_STEP][PASSED] - click: Object: 'Object Repository/HealthpostToStore/Page_Store/button_Add' is clicked on

2018-06-09 21:52:06 - [MESSAGE][PASSED] - Object: 'Object Repository/HealthpostToStore/Page_Store/button_Add' is clicked on

2018-06-09 21:52:06 - [TEST_STEP][PASSED] - Statement - Break: null

2018-06-09 21:52:06 - [TEST_STEP][PASSED] - selectOptionByIndex: All options with index in [4] are selected on object 'Object Repository/HealthpostToStore/Page_Store/select_--Select--Adernaline 0.'

2018-06-09 21:52:06 - [MESSAGE][PASSED] - All options with index in [4] are selected on object 'Object Repository/HealthpostToStore/Page_Store/select_--Select--Adernaline 0.'

2018-06-09 21:52:06 - [TEST_STEP][PASSED] - delay: Delayed 2 second(s)

2018-06-09 21:52:08 - [MESSAGE][PASSED] - Delayed 2 second(s)

2018-06-09 21:52:08 - [TEST_STEP][PASSED] - Statement - RequestedQty = com.kms.katalon.core.webui.keyword.WebUiBuiltInKeywords.getAttribute(com.kms.katalon.core.testobject.ObjectRepository.findTestObject(HealthpostToStore/Page_Store/input_txttotal), "value"): Attribute 'value' of object 'Object Repository/HealthpostToStore/Page_Store/input_txttotal' is: '10'

2018-06-09 21:52:08 - [MESSAGE][PASSED] - Attribute 'value' of object 'Object Repository/HealthpostToStore/Page_Store/input_txttotal' is: '10'

2018-06-09 21:52:08 - [TEST_STEP][PASSED] - Statement - out.println("Requested QTY : " + RequestedQty): null

2018-06-09 21:52:08 - [TEST_STEP][PASSED] - Statement - BatchNumber = com.kms.katalon.core.webui.keyword.WebUiBuiltInKeywords.getNumberOfTotalOption(com.kms.katalon.core.testobject.ObjectRepository.findTestObject(HealthpostToStore/Page_Store/select_--Select--BA1170BA2376B)): 5 options of object 'Object Repository/HealthpostToStore/Page_Store/select_--Select--BA1170BA2376B' counted

2018-06-09 21:52:08 - [MESSAGE][PASSED] - 5 options of object 'Object Repository/HealthpostToStore/Page_Store/select_--Select--BA1170BA2376B' counted

2018-06-09 21:52:08 - [TEST_STEP][PASSED] - Statement - For ([g = 1, g <= BatchNumber - 1, (g++)]): null

2018-06-09 21:52:08 - [TEST_STEP][PASSED] - selectOptionByIndex: All options with index in [1] are selected on object 'Object Repository/HealthpostToStore/Page_Store/select_--Select--BA1170BA2376B'

2018-06-09 21:52:08 - [MESSAGE][PASSED] - All options with index in [1] are selected on object 'Object Repository/HealthpostToStore/Page_Store/select_--Select--BA1170BA2376B'

2018-06-09 21:52:08 - [TEST_STEP][PASSED] - Statement - Try: null

2018-06-09 21:52:08 - [TEST_STEP][PASSED] - Statement - StockQty = com.kms.katalon.core.webui.keyword.WebUiBuiltInKeywords.getAttribute(com.kms.katalon.core.testobject.ObjectRepository.findTestObject(HealthpostToStore/Page_Store/input_txtprice), "value"): Attribute 'value' of object 'Object Repository/HealthpostToStore/Page_Store/input_txtprice' is: '210'

2018-06-09 21:52:08 - [MESSAGE][PASSED] - Attribute 'value' of object 'Object Repository/HealthpostToStore/Page_Store/input_txtprice' is: '210'

2018-06-09 21:52:08 - [TEST_STEP][PASSED] - Statement - out.println("Stock QTY : " + StockQty): null

2018-06-09 21:52:08 - [TEST_STEP][PASSED] - delay: Delayed 2 second(s)

2018-06-09 21:52:10 - [MESSAGE][PASSED] - Delayed 2 second(s)

2018-06-09 21:52:10 - [TEST_STEP][PASSED] - Statement - If (java.lang.String.valueOf(StockQty) >= java.lang.String.valueOf(RequestedQty)): null

2018-06-09 21:52:10 - [TEST_STEP][PASSED] - setText: Text '10' is set on object 'Object Repository/HealthpostToStore/Page_Store/input_txtqty'

2018-06-09 21:52:10 - [MESSAGE][PASSED] - Text '10' is set on object 'Object Repository/HealthpostToStore/Page_Store/input_txtqty'

2018-06-09 21:52:10 - [TEST_STEP][PASSED] - click: Object: 'Object Repository/HealthpostToStore/Page_Store/button_Add' is clicked on

2018-06-09 21:52:10 - [MESSAGE][PASSED] - Object: 'Object Repository/HealthpostToStore/Page_Store/button_Add' is clicked on

2018-06-09 21:52:10 - [TEST_STEP][PASSED] - Statement - Break: null

2018-06-09 21:52:10 - [TEST_STEP][PASSED] - selectOptionByIndex: All options with index in [5] are selected on object 'Object Repository/HealthpostToStore/Page_Store/select_--Select--Adernaline 0.'

2018-06-09 21:52:10 - [MESSAGE][PASSED] - All options with index in [5] are selected on object 'Object Repository/HealthpostToStore/Page_Store/select_--Select--Adernaline 0.'

2018-06-09 21:52:10 - [TEST_STEP][PASSED] - delay: Delayed 2 second(s)

2018-06-09 21:52:12 - [MESSAGE][PASSED] - Delayed 2 second(s)

2018-06-09 21:52:12 - [TEST_STEP][PASSED] - Statement - RequestedQty = com.kms.katalon.core.webui.keyword.WebUiBuiltInKeywords.getAttribute(com.kms.katalon.core.testobject.ObjectRepository.findTestObject(HealthpostToStore/Page_Store/input_txttotal), "value"): Attribute 'value' of object 'Object Repository/HealthpostToStore/Page_Store/input_txttotal' is: '10'

2018-06-09 21:52:12 - [MESSAGE][PASSED] - Attribute 'value' of object 'Object Repository/HealthpostToStore/Page_Store/input_txttotal' is: '10'

2018-06-09 21:52:12 - [TEST_STEP][PASSED] - Statement - out.println("Requested QTY : " + RequestedQty): null

2018-06-09 21:52:12 - [TEST_STEP][PASSED] - Statement - BatchNumber = com.kms.katalon.core.webui.keyword.WebUiBuiltInKeywords.getNumberOfTotalOption(com.kms.katalon.core.testobject.ObjectRepository.findTestObject(HealthpostToStore/Page_Store/select_--Select--BA1170BA2376B)): 2 options of object 'Object Repository/HealthpostToStore/Page_Store/select_--Select--BA1170BA2376B' counted

2018-06-09 21:52:12 - [MESSAGE][PASSED] - 2 options of object 'Object Repository/HealthpostToStore/Page_Store/select_--Select--BA1170BA2376B' counted

2018-06-09 21:52:12 - [TEST_STEP][PASSED] - Statement - For ([g = 1, g <= BatchNumber - 1, (g++)]): null

2018-06-09 21:52:12 - [TEST_STEP][PASSED] - selectOptionByIndex: All options with index in [1] are selected on object 'Object Repository/HealthpostToStore/Page_Store/select_--Select--BA1170BA2376B'

2018-06-09 21:52:12 - [MESSAGE][PASSED] - All options with index in [1] are selected on object 'Object Repository/HealthpostToStore/Page_Store/select_--Select--BA1170BA2376B'

2018-06-09 21:52:12 - [TEST_STEP][PASSED] - Statement - Try: null

2018-06-09 21:52:12 - [TEST_STEP][PASSED] - Statement - StockQty = com.kms.katalon.core.webui.keyword.WebUiBuiltInKeywords.getAttribute(com.kms.katalon.core.testobject.ObjectRepository.findTestObject(HealthpostToStore/Page_Store/input_txtprice), "value"): Attribute 'value' of object 'Object Repository/HealthpostToStore/Page_Store/input_txtprice' is: '2590'

2018-06-09 21:52:12 - [MESSAGE][PASSED] - Attribute 'value' of object 'Object Repository/HealthpostToStore/Page_Store/input_txtprice' is: '2590'

2018-06-09 21:52:12 - [TEST_STEP][PASSED] - Statement - out.println("Stock QTY : " + StockQty): null

2018-06-09 21:52:12 - [TEST_STEP][PASSED] - delay: Delayed 2 second(s)

2018-06-09 21:52:14 - [MESSAGE][PASSED] - Delayed 2 second(s)

2018-06-09 21:52:14 - [TEST_STEP][PASSED] - Statement - If (java.lang.String.valueOf(StockQty) >= java.lang.String.valueOf(RequestedQty)): null

2018-06-09 21:52:14 - [TEST_STEP][PASSED] - setText: Text '10' is set on object 'Object Repository/HealthpostToStore/Page_Store/input_txtqty'

2018-06-09 21:52:15 - [MESSAGE][PASSED] - Text '10' is set on object 'Object Repository/HealthpostToStore/Page_Store/input_txtqty'

2018-06-09 21:52:15 - [TEST_STEP][PASSED] - click: Object: 'Object Repository/HealthpostToStore/Page_Store/button_Add' is clicked on

2018-06-09 21:52:15 - [MESSAGE][PASSED] - Object: 'Object Repository/HealthpostToStore/Page_Store/button_Add' is clicked on

2018-06-09 21:52:15 - [TEST_STEP][PASSED] - Statement - Break: null

2018-06-09 21:52:15 - [TEST_STEP][PASSED] - selectOptionByIndex: All options with index in [6] are selected on object 'Object Repository/HealthpostToStore/Page_Store/select_--Select--Adernaline 0.'

2018-06-09 21:52:15 - [MESSAGE][PASSED] - All options with index in [6] are selected on object 'Object Repository/HealthpostToStore/Page_Store/select_--Select--Adernaline 0.'

2018-06-09 21:52:15 - [TEST_STEP][PASSED] - delay: Delayed 2 second(s)

2018-06-09 21:52:17 - [MESSAGE][PASSED] - Delayed 2 second(s)

2018-06-09 21:52:17 - [TEST_STEP][PASSED] - Statement - RequestedQty = com.kms.katalon.core.webui.keyword.WebUiBuiltInKeywords.getAttribute(com.kms.katalon.core.testobject.ObjectRepository.findTestObject(HealthpostToStore/Page_Store/input_txttotal), "value"): Attribute 'value' of object 'Object Repository/HealthpostToStore/Page_Store/input_txttotal' is: '10'

2018-06-09 21:52:17 - [MESSAGE][PASSED] - Attribute 'value' of object 'Object Repository/HealthpostToStore/Page_Store/input_txttotal' is: '10'

2018-06-09 21:52:17 - [TEST_STEP][PASSED] - Statement - out.println("Requested QTY : " + RequestedQty): null

2018-06-09 21:52:17 - [TEST_STEP][PASSED] - Statement - BatchNumber = com.kms.katalon.core.webui.keyword.WebUiBuiltInKeywords.getNumberOfTotalOption(com.kms.katalon.core.testobject.ObjectRepository.findTestObject(HealthpostToStore/Page_Store/select_--Select--BA1170BA2376B)): 3 options of object 'Object Repository/HealthpostToStore/Page_Store/select_--Select--BA1170BA2376B' counted

2018-06-09 21:52:17 - [MESSAGE][PASSED] - 3 options of object 'Object Repository/HealthpostToStore/Page_Store/select_--Select--BA1170BA2376B' counted

2018-06-09 21:52:17 - [TEST_STEP][PASSED] - Statement - For ([g = 1, g <= BatchNumber - 1, (g++)]): null

2018-06-09 21:52:17 - [TEST_STEP][PASSED] - selectOptionByIndex: All options with index in [1] are selected on object 'Object Repository/HealthpostToStore/Page_Store/select_--Select--BA1170BA2376B'

2018-06-09 21:52:17 - [MESSAGE][PASSED] - All options with index in [1] are selected on object 'Object Repository/HealthpostToStore/Page_Store/select_--Select--BA1170BA2376B'

2018-06-09 21:52:17 - [TEST_STEP][PASSED] - Statement - Try: null

2018-06-09 21:52:17 - [TEST_STEP][PASSED] - Statement - StockQty = com.kms.katalon.core.webui.keyword.WebUiBuiltInKeywords.getAttribute(com.kms.katalon.core.testobject.ObjectRepository.findTestObject(HealthpostToStore/Page_Store/input_txtprice), "value"): Attribute 'value' of object 'Object Repository/HealthpostToStore/Page_Store/input_txtprice' is: '1610'

2018-06-09 21:52:17 - [MESSAGE][PASSED] - Attribute 'value' of object 'Object Repository/HealthpostToStore/Page_Store/input_txtprice' is: '1610'

2018-06-09 21:52:17 - [TEST_STEP][PASSED] - Statement - out.println("Stock QTY : " + StockQty): null

2018-06-09 21:52:17 - [TEST_STEP][PASSED] - delay: Delayed 2 second(s)

2018-06-09 21:52:19 - [MESSAGE][PASSED] - Delayed 2 second(s)

2018-06-09 21:52:19 - [TEST_STEP][PASSED] - Statement - If (java.lang.String.valueOf(StockQty) >= java.lang.String.valueOf(RequestedQty)): null

2018-06-09 21:52:19 - [TEST_STEP][PASSED] - setText: Text '10' is set on object 'Object Repository/HealthpostToStore/Page_Store/input_txtqty'

2018-06-09 21:52:19 - [MESSAGE][PASSED] - Text '10' is set on object 'Object Repository/HealthpostToStore/Page_Store/input_txtqty'

2018-06-09 21:52:19 - [TEST_STEP][PASSED] - click: Object: 'Object Repository/HealthpostToStore/Page_Store/button_Add' is clicked on

2018-06-09 21:52:19 - [MESSAGE][PASSED] - Object: 'Object Repository/HealthpostToStore/Page_Store/button_Add' is clicked on

2018-06-09 21:52:19 - [TEST_STEP][PASSED] - Statement - Break: null

2018-06-09 21:52:19 - [TEST_STEP][PASSED] - selectOptionByIndex: All options with index in [7] are selected on object 'Object Repository/HealthpostToStore/Page_Store/select_--Select--Adernaline 0.'

2018-06-09 21:52:19 - [MESSAGE][PASSED] - All options with index in [7] are selected on object 'Object Repository/HealthpostToStore/Page_Store/select_--Select--Adernaline 0.'

2018-06-09 21:52:19 - [TEST_STEP][PASSED] - delay: Delayed 2 second(s)

2018-06-09 21:52:21 - [MESSAGE][PASSED] - Delayed 2 second(s)

2018-06-09 21:52:21 - [TEST_STEP][PASSED] - Statement - RequestedQty = com.kms.katalon.core.webui.keyword.WebUiBuiltInKeywords.getAttribute(com.kms.katalon.core.testobject.ObjectRepository.findTestObject(HealthpostToStore/Page_Store/input_txttotal), "value"): Attribute 'value' of object 'Object Repository/HealthpostToStore/Page_Store/input_txttotal' is: '10'

2018-06-09 21:52:21 - [MESSAGE][PASSED] - Attribute 'value' of object 'Object Repository/HealthpostToStore/Page_Store/input_txttotal' is: '10'

2018-06-09 21:52:21 - [TEST_STEP][PASSED] - Statement - out.println("Requested QTY : " + RequestedQty): null

2018-06-09 21:52:21 - [TEST_STEP][PASSED] - Statement - BatchNumber = com.kms.katalon.core.webui.keyword.WebUiBuiltInKeywords.getNumberOfTotalOption(com.kms.katalon.core.testobject.ObjectRepository.findTestObject(HealthpostToStore/Page_Store/select_--Select--BA1170BA2376B)): 3 options of object 'Object Repository/HealthpostToStore/Page_Store/select_--Select--BA1170BA2376B' counted

2018-06-09 21:52:21 - [MESSAGE][PASSED] - 3 options of object 'Object Repository/HealthpostToStore/Page_Store/select_--Select--BA1170BA2376B' counted

2018-06-09 21:52:21 - [TEST_STEP][PASSED] - Statement - For ([g = 1, g <= BatchNumber - 1, (g++)]): null

2018-06-09 21:52:21 - [TEST_STEP][PASSED] - selectOptionByIndex: All options with index in [1] are selected on object 'Object Repository/HealthpostToStore/Page_Store/select_--Select--BA1170BA2376B'

2018-06-09 21:52:22 - [MESSAGE][PASSED] - All options with index in [1] are selected on object 'Object Repository/HealthpostToStore/Page_Store/select_--Select--BA1170BA2376B'

2018-06-09 21:52:22 - [TEST_STEP][PASSED] - Statement - Try: null

2018-06-09 21:52:22 - [TEST_STEP][PASSED] - Statement - StockQty = com.kms.katalon.core.webui.keyword.WebUiBuiltInKeywords.getAttribute(com.kms.katalon.core.testobject.ObjectRepository.findTestObject(HealthpostToStore/Page_Store/input_txtprice), "value"): Attribute 'value' of object 'Object Repository/HealthpostToStore/Page_Store/input_txtprice' is: '1500'

2018-06-09 21:52:22 - [MESSAGE][PASSED] - Attribute 'value' of object 'Object Repository/HealthpostToStore/Page_Store/input_txtprice' is: '1500'

2018-06-09 21:52:22 - [TEST_STEP][PASSED] - Statement - out.println("Stock QTY : " + StockQty): null

2018-06-09 21:52:22 - [TEST_STEP][PASSED] - delay: Delayed 2 second(s)

2018-06-09 21:52:24 - [MESSAGE][PASSED] - Delayed 2 second(s)

2018-06-09 21:52:24 - [TEST_STEP][PASSED] - Statement - If (java.lang.String.valueOf(StockQty) >= java.lang.String.valueOf(RequestedQty)): null

2018-06-09 21:52:24 - [TEST_STEP][PASSED] - setText: Text '10' is set on object 'Object Repository/HealthpostToStore/Page_Store/input_txtqty'

2018-06-09 21:52:24 - [MESSAGE][PASSED] - Text '10' is set on object 'Object Repository/HealthpostToStore/Page_Store/input_txtqty'

2018-06-09 21:52:24 - [TEST_STEP][PASSED] - click: Object: 'Object Repository/HealthpostToStore/Page_Store/button_Add' is clicked on

2018-06-09 21:52:24 - [MESSAGE][PASSED] - Object: 'Object Repository/HealthpostToStore/Page_Store/button_Add' is clicked on

2018-06-09 21:52:24 - [TEST_STEP][PASSED] - Statement - Break: null

2018-06-09 21:52:24 - [TEST_STEP][PASSED] - selectOptionByIndex: All options with index in [8] are selected on object 'Object Repository/HealthpostToStore/Page_Store/select_--Select--Adernaline 0.'

2018-06-09 21:52:24 - [MESSAGE][PASSED] - All options with index in [8] are selected on object 'Object Repository/HealthpostToStore/Page_Store/select_--Select--Adernaline 0.'

2018-06-09 21:52:24 - [TEST_STEP][PASSED] - delay: Delayed 2 second(s)

2018-06-09 21:52:26 - [MESSAGE][PASSED] - Delayed 2 second(s)

2018-06-09 21:52:26 - [TEST_STEP][PASSED] - Statement - RequestedQty = com.kms.katalon.core.webui.keyword.WebUiBuiltInKeywords.getAttribute(com.kms.katalon.core.testobject.ObjectRepository.findTestObject(HealthpostToStore/Page_Store/input_txttotal), "value"): Attribute 'value' of object 'Object Repository/HealthpostToStore/Page_Store/input_txttotal' is: '10'

2018-06-09 21:52:26 - [MESSAGE][PASSED] - Attribute 'value' of object 'Object Repository/HealthpostToStore/Page_Store/input_txttotal' is: '10'

2018-06-09 21:52:26 - [TEST_STEP][PASSED] - Statement - out.println("Requested QTY : " + RequestedQty): null

2018-06-09 21:52:26 - [TEST_STEP][PASSED] - Statement - BatchNumber = com.kms.katalon.core.webui.keyword.WebUiBuiltInKeywords.getNumberOfTotalOption(com.kms.katalon.core.testobject.ObjectRepository.findTestObject(HealthpostToStore/Page_Store/select_--Select--BA1170BA2376B)): 2 options of object 'Object Repository/HealthpostToStore/Page_Store/select_--Select--BA1170BA2376B' counted

2018-06-09 21:52:26 - [MESSAGE][PASSED] - 2 options of object 'Object Repository/HealthpostToStore/Page_Store/select_--Select--BA1170BA2376B' counted

2018-06-09 21:52:26 - [TEST_STEP][PASSED] - Statement - For ([g = 1, g <= BatchNumber - 1, (g++)]): null

2018-06-09 21:52:26 - [TEST_STEP][PASSED] - selectOptionByIndex: All options with index in [1] are selected on object 'Object Repository/HealthpostToStore/Page_Store/select_--Select--BA1170BA2376B'

2018-06-09 21:52:26 - [MESSAGE][PASSED] - All options with index in [1] are selected on object 'Object Repository/HealthpostToStore/Page_Store/select_--Select--BA1170BA2376B'

2018-06-09 21:52:26 - [TEST_STEP][PASSED] - Statement - Try: null

2018-06-09 21:52:26 - [TEST_STEP][PASSED] - Statement - StockQty = com.kms.katalon.core.webui.keyword.WebUiBuiltInKeywords.getAttribute(com.kms.katalon.core.testobject.ObjectRepository.findTestObject(HealthpostToStore/Page_Store/input_txtprice), "value"): Attribute 'value' of object 'Object Repository/HealthpostToStore/Page_Store/input_txtprice' is: '1600'

2018-06-09 21:52:26 - [MESSAGE][PASSED] - Attribute 'value' of object 'Object Repository/HealthpostToStore/Page_Store/input_txtprice' is: '1600'

2018-06-09 21:52:26 - [TEST_STEP][PASSED] - Statement - out.println("Stock QTY : " + StockQty): null

2018-06-09 21:52:26 - [TEST_STEP][PASSED] - delay: Delayed 2 second(s)

2018-06-09 21:52:28 - [MESSAGE][PASSED] - Delayed 2 second(s)

2018-06-09 21:52:28 - [TEST_STEP][PASSED] - Statement - If (java.lang.String.valueOf(StockQty) >= java.lang.String.valueOf(RequestedQty)): null

2018-06-09 21:52:28 - [TEST_STEP][PASSED] - setText: Text '10' is set on object 'Object Repository/HealthpostToStore/Page_Store/input_txtqty'

2018-06-09 21:52:28 - [MESSAGE][PASSED] - Text '10' is set on object 'Object Repository/HealthpostToStore/Page_Store/input_txtqty'

2018-06-09 21:52:28 - [TEST_STEP][PASSED] - click: Object: 'Object Repository/HealthpostToStore/Page_Store/button_Add' is clicked on

2018-06-09 21:52:28 - [MESSAGE][PASSED] - Object: 'Object Repository/HealthpostToStore/Page_Store/button_Add' is clicked on

2018-06-09 21:52:28 - [TEST_STEP][PASSED] - Statement - Break: null

2018-06-09 21:52:28 - [TEST_STEP][PASSED] - selectOptionByIndex: All options with index in [9] are selected on object 'Object Repository/HealthpostToStore/Page_Store/select_--Select--Adernaline 0.'

2018-06-09 21:52:29 - [MESSAGE][PASSED] - All options with index in [9] are selected on object 'Object Repository/HealthpostToStore/Page_Store/select_--Select--Adernaline 0.'

2018-06-09 21:52:29 - [TEST_STEP][PASSED] - delay: Delayed 2 second(s)

2018-06-09 21:52:31 - [MESSAGE][PASSED] - Delayed 2 second(s)

2018-06-09 21:52:31 - [TEST_STEP][PASSED] - Statement - RequestedQty = com.kms.katalon.core.webui.keyword.WebUiBuiltInKeywords.getAttribute(com.kms.katalon.core.testobject.ObjectRepository.findTestObject(HealthpostToStore/Page_Store/input_txttotal), "value"): Attribute 'value' of object 'Object Repository/HealthpostToStore/Page_Store/input_txttotal' is: '10'

2018-06-09 21:52:31 - [MESSAGE][PASSED] - Attribute 'value' of object 'Object Repository/HealthpostToStore/Page_Store/input_txttotal' is: '10'

2018-06-09 21:52:31 - [TEST_STEP][PASSED] - Statement - out.println("Requested QTY : " + RequestedQty): null

2018-06-09 21:52:31 - [TEST_STEP][PASSED] - Statement - BatchNumber = com.kms.katalon.core.webui.keyword.WebUiBuiltInKeywords.getNumberOfTotalOption(com.kms.katalon.core.testobject.ObjectRepository.findTestObject(HealthpostToStore/Page_Store/select_--Select--BA1170BA2376B)): 5 options of object 'Object Repository/HealthpostToStore/Page_Store/select_--Select--BA1170BA2376B' counted

2018-06-09 21:52:31 - [MESSAGE][PASSED] - 5 options of object 'Object Repository/HealthpostToStore/Page_Store/select_--Select--BA1170BA2376B' counted

2018-06-09 21:52:31 - [TEST_STEP][PASSED] - Statement - For ([g = 1, g <= BatchNumber - 1, (g++)]): null

2018-06-09 21:52:31 - [TEST_STEP][PASSED] - selectOptionByIndex: All options with index in [1] are selected on object 'Object Repository/HealthpostToStore/Page_Store/select_--Select--BA1170BA2376B'

2018-06-09 21:52:31 - [MESSAGE][PASSED] - All options with index in [1] are selected on object 'Object Repository/HealthpostToStore/Page_Store/select_--Select--BA1170BA2376B'

2018-06-09 21:52:31 - [TEST_STEP][PASSED] - Statement - Try: null

2018-06-09 21:52:31 - [TEST_STEP][PASSED] - Statement - StockQty = com.kms.katalon.core.webui.keyword.WebUiBuiltInKeywords.getAttribute(com.kms.katalon.core.testobject.ObjectRepository.findTestObject(HealthpostToStore/Page_Store/input_txtprice), "value"): Attribute 'value' of object 'Object Repository/HealthpostToStore/Page_Store/input_txtprice' is: '220'

2018-06-09 21:52:31 - [MESSAGE][PASSED] - Attribute 'value' of object 'Object Repository/HealthpostToStore/Page_Store/input_txtprice' is: '220'

2018-06-09 21:52:31 - [TEST_STEP][PASSED] - Statement - out.println("Stock QTY : " + StockQty): null

2018-06-09 21:52:31 - [TEST_STEP][PASSED] - delay: Delayed 2 second(s)

2018-06-09 21:52:33 - [MESSAGE][PASSED] - Delayed 2 second(s)

2018-06-09 21:52:33 - [TEST_STEP][PASSED] - Statement - If (java.lang.String.valueOf(StockQty) >= java.lang.String.valueOf(RequestedQty)): null

2018-06-09 21:52:33 - [TEST_STEP][PASSED] - setText: Text '10' is set on object 'Object Repository/HealthpostToStore/Page_Store/input_txtqty'

2018-06-09 21:52:33 - [MESSAGE][PASSED] - Text '10' is set on object 'Object Repository/HealthpostToStore/Page_Store/input_txtqty'

2018-06-09 21:52:33 - [TEST_STEP][PASSED] - click: Object: 'Object Repository/HealthpostToStore/Page_Store/button_Add' is clicked on

2018-06-09 21:52:33 - [MESSAGE][PASSED] - Object: 'Object Repository/HealthpostToStore/Page_Store/button_Add' is clicked on

2018-06-09 21:52:33 - [TEST_STEP][PASSED] - Statement - Break: null

2018-06-09 21:52:33 - [TEST_STEP][PASSED] - selectOptionByIndex: All options with index in [10] are selected on object 'Object Repository/HealthpostToStore/Page_Store/select_--Select--Adernaline 0.'

2018-06-09 21:52:33 - [MESSAGE][PASSED] - All options with index in [10] are selected on object 'Object Repository/HealthpostToStore/Page_Store/select_--Select--Adernaline 0.'

2018-06-09 21:52:33 - [TEST_STEP][PASSED] - delay: Delayed 2 second(s)

2018-06-09 21:52:35 - [MESSAGE][PASSED] - Delayed 2 second(s)

2018-06-09 21:52:35 - [TEST_STEP][PASSED] - Statement - RequestedQty = com.kms.katalon.core.webui.keyword.WebUiBuiltInKeywords.getAttribute(com.kms.katalon.core.testobject.ObjectRepository.findTestObject(HealthpostToStore/Page_Store/input_txttotal), "value"): Attribute 'value' of object 'Object Repository/HealthpostToStore/Page_Store/input_txttotal' is: '10'

2018-06-09 21:52:35 - [MESSAGE][PASSED] - Attribute 'value' of object 'Object Repository/HealthpostToStore/Page_Store/input_txttotal' is: '10'

2018-06-09 21:52:35 - [TEST_STEP][PASSED] - Statement - out.println("Requested QTY : " + RequestedQty): null

2018-06-09 21:52:35 - [TEST_STEP][PASSED] - Statement - BatchNumber = com.kms.katalon.core.webui.keyword.WebUiBuiltInKeywords.getNumberOfTotalOption(com.kms.katalon.core.testobject.ObjectRepository.findTestObject(HealthpostToStore/Page_Store/select_--Select--BA1170BA2376B)): 4 options of object 'Object Repository/HealthpostToStore/Page_Store/select_--Select--BA1170BA2376B' counted

2018-06-09 21:52:35 - [MESSAGE][PASSED] - 4 options of object 'Object Repository/HealthpostToStore/Page_Store/select_--Select--BA1170BA2376B' counted

2018-06-09 21:52:35 - [TEST_STEP][PASSED] - Statement - For ([g = 1, g <= BatchNumber - 1, (g++)]): null

2018-06-09 21:52:35 - [TEST_STEP][PASSED] - selectOptionByIndex: All options with index in [1] are selected on object 'Object Repository/HealthpostToStore/Page_Store/select_--Select--BA1170BA2376B'

2018-06-09 21:52:35 - [MESSAGE][PASSED] - All options with index in [1] are selected on object 'Object Repository/HealthpostToStore/Page_Store/select_--Select--BA1170BA2376B'

2018-06-09 21:52:35 - [TEST_STEP][PASSED] - Statement - Try: null

2018-06-09 21:52:35 - [TEST_STEP][PASSED] - Statement - StockQty = com.kms.katalon.core.webui.keyword.WebUiBuiltInKeywords.getAttribute(com.kms.katalon.core.testobject.ObjectRepository.findTestObject(HealthpostToStore/Page_Store/input_txtprice), "value"): Attribute 'value' of object 'Object Repository/HealthpostToStore/Page_Store/input_txtprice' is: '220'

2018-06-09 21:52:35 - [MESSAGE][PASSED] - Attribute 'value' of object 'Object Repository/HealthpostToStore/Page_Store/input_txtprice' is: '220'

2018-06-09 21:52:35 - [TEST_STEP][PASSED] - Statement - out.println("Stock QTY : " + StockQty): null

2018-06-09 21:52:35 - [TEST_STEP][PASSED] - delay: Delayed 2 second(s)

2018-06-09 21:52:37 - [MESSAGE][PASSED] - Delayed 2 second(s)

2018-06-09 21:52:37 - [TEST_STEP][PASSED] - Statement - If (java.lang.String.valueOf(StockQty) >= java.lang.String.valueOf(RequestedQty)): null

2018-06-09 21:52:37 - [TEST_STEP][PASSED] - setText: Text '10' is set on object 'Object Repository/HealthpostToStore/Page_Store/input_txtqty'

2018-06-09 21:52:37 - [MESSAGE][PASSED] - Text '10' is set on object 'Object Repository/HealthpostToStore/Page_Store/input_txtqty'

2018-06-09 21:52:37 - [TEST_STEP][PASSED] - click: Object: 'Object Repository/HealthpostToStore/Page_Store/button_Add' is clicked on

2018-06-09 21:52:38 - [MESSAGE][PASSED] - Object: 'Object Repository/HealthpostToStore/Page_Store/button_Add' is clicked on

2018-06-09 21:52:38 - [TEST_STEP][PASSED] - Statement - Break: null

2018-06-09 21:52:38 - [TEST_STEP][PASSED] - selectOptionByIndex: All options with index in [11] are selected on object 'Object Repository/HealthpostToStore/Page_Store/select_--Select--Adernaline 0.'

2018-06-09 21:52:38 - [MESSAGE][PASSED] - All options with index in [11] are selected on object 'Object Repository/HealthpostToStore/Page_Store/select_--Select--Adernaline 0.'

2018-06-09 21:52:38 - [TEST_STEP][PASSED] - delay: Delayed 2 second(s)

2018-06-09 21:52:40 - [MESSAGE][PASSED] - Delayed 2 second(s)

2018-06-09 21:52:40 - [TEST_STEP][PASSED] - Statement - RequestedQty = com.kms.katalon.core.webui.keyword.WebUiBuiltInKeywords.getAttribute(com.kms.katalon.core.testobject.ObjectRepository.findTestObject(HealthpostToStore/Page_Store/input_txttotal), "value"): Attribute 'value' of object 'Object Repository/HealthpostToStore/Page_Store/input_txttotal' is: '10'

2018-06-09 21:52:40 - [MESSAGE][PASSED] - Attribute 'value' of object 'Object Repository/HealthpostToStore/Page_Store/input_txttotal' is: '10'

2018-06-09 21:52:40 - [TEST_STEP][PASSED] - Statement - out.println("Requested QTY : " + RequestedQty): null

2018-06-09 21:52:40 - [TEST_STEP][PASSED] - Statement - BatchNumber = com.kms.katalon.core.webui.keyword.WebUiBuiltInKeywords.getNumberOfTotalOption(com.kms.katalon.core.testobject.ObjectRepository.findTestObject(HealthpostToStore/Page_Store/select_--Select--BA1170BA2376B)): 3 options of object 'Object Repository/HealthpostToStore/Page_Store/select_--Select--BA1170BA2376B' counted

2018-06-09 21:52:40 - [MESSAGE][PASSED] - 3 options of object 'Object Repository/HealthpostToStore/Page_Store/select_--Select--BA1170BA2376B' counted

2018-06-09 21:52:40 - [TEST_STEP][PASSED] - Statement - For ([g = 1, g <= BatchNumber - 1, (g++)]): null

2018-06-09 21:52:40 - [TEST_STEP][PASSED] - selectOptionByIndex: All options with index in [1] are selected on object 'Object Repository/HealthpostToStore/Page_Store/select_--Select--BA1170BA2376B'

2018-06-09 21:52:40 - [MESSAGE][PASSED] - All options with index in [1] are selected on object 'Object Repository/HealthpostToStore/Page_Store/select_--Select--BA1170BA2376B'

2018-06-09 21:52:40 - [TEST_STEP][PASSED] - Statement - Try: null

2018-06-09 21:52:40 - [TEST_STEP][PASSED] - Statement - StockQty = com.kms.katalon.core.webui.keyword.WebUiBuiltInKeywords.getAttribute(com.kms.katalon.core.testobject.ObjectRepository.findTestObject(HealthpostToStore/Page_Store/input_txtprice), "value"): Attribute 'value' of object 'Object Repository/HealthpostToStore/Page_Store/input_txtprice' is: '610'

2018-06-09 21:52:40 - [MESSAGE][PASSED] - Attribute 'value' of object 'Object Repository/HealthpostToStore/Page_Store/input_txtprice' is: '610'

2018-06-09 21:52:40 - [TEST_STEP][PASSED] - Statement - out.println("Stock QTY : " + StockQty): null

2018-06-09 21:52:40 - [TEST_STEP][PASSED] - delay: Delayed 2 second(s)

2018-06-09 21:52:42 - [MESSAGE][PASSED] - Delayed 2 second(s)

2018-06-09 21:52:42 - [TEST_STEP][PASSED] - Statement - If (java.lang.String.valueOf(StockQty) >= java.lang.String.valueOf(RequestedQty)): null

2018-06-09 21:52:42 - [TEST_STEP][PASSED] - setText: Text '10' is set on object 'Object Repository/HealthpostToStore/Page_Store/input_txtqty'

2018-06-09 21:52:42 - [MESSAGE][PASSED] - Text '10' is set on object 'Object Repository/HealthpostToStore/Page_Store/input_txtqty'

2018-06-09 21:52:42 - [TEST_STEP][PASSED] - click: Object: 'Object Repository/HealthpostToStore/Page_Store/button_Add' is clicked on

2018-06-09 21:52:42 - [MESSAGE][PASSED] - Object: 'Object Repository/HealthpostToStore/Page_Store/button_Add' is clicked on

2018-06-09 21:52:42 - [TEST_STEP][PASSED] - Statement - Break: null

2018-06-09 21:52:42 - [TEST_STEP][PASSED] - selectOptionByIndex: All options with index in [12] are selected on object 'Object Repository/HealthpostToStore/Page_Store/select_--Select--Adernaline 0.'

2018-06-09 21:52:42 - [MESSAGE][PASSED] - All options with index in [12] are selected on object 'Object Repository/HealthpostToStore/Page_Store/select_--Select--Adernaline 0.'

2018-06-09 21:52:42 - [TEST_STEP][PASSED] - delay: Delayed 2 second(s)

2018-06-09 21:52:44 - [MESSAGE][PASSED] - Delayed 2 second(s)

2018-06-09 21:52:44 - [TEST_STEP][PASSED] - Statement - RequestedQty = com.kms.katalon.core.webui.keyword.WebUiBuiltInKeywords.getAttribute(com.kms.katalon.core.testobject.ObjectRepository.findTestObject(HealthpostToStore/Page_Store/input_txttotal), "value"): Attribute 'value' of object 'Object Repository/HealthpostToStore/Page_Store/input_txttotal' is: '10'

2018-06-09 21:52:44 - [MESSAGE][PASSED] - Attribute 'value' of object 'Object Repository/HealthpostToStore/Page_Store/input_txttotal' is: '10'

2018-06-09 21:52:44 - [TEST_STEP][PASSED] - Statement - out.println("Requested QTY : " + RequestedQty): null

2018-06-09 21:52:44 - [TEST_STEP][PASSED] - Statement - BatchNumber = com.kms.katalon.core.webui.keyword.WebUiBuiltInKeywords.getNumberOfTotalOption(com.kms.katalon.core.testobject.ObjectRepository.findTestObject(HealthpostToStore/Page_Store/select_--Select--BA1170BA2376B)): 3 options of object 'Object Repository/HealthpostToStore/Page_Store/select_--Select--BA1170BA2376B' counted

2018-06-09 21:52:44 - [MESSAGE][PASSED] - 3 options of object 'Object Repository/HealthpostToStore/Page_Store/select_--Select--BA1170BA2376B' counted

2018-06-09 21:52:44 - [TEST_STEP][PASSED] - Statement - For ([g = 1, g <= BatchNumber - 1, (g++)]): null

2018-06-09 21:52:44 - [TEST_STEP][PASSED] - selectOptionByIndex: All options with index in [1] are selected on object 'Object Repository/HealthpostToStore/Page_Store/select_--Select--BA1170BA2376B'

2018-06-09 21:52:45 - [MESSAGE][PASSED] - All options with index in [1] are selected on object 'Object Repository/HealthpostToStore/Page_Store/select_--Select--BA1170BA2376B'

2018-06-09 21:52:45 - [TEST_STEP][PASSED] - Statement - Try: null

2018-06-09 21:52:45 - [TEST_STEP][PASSED] - Statement - StockQty = com.kms.katalon.core.webui.keyword.WebUiBuiltInKeywords.getAttribute(com.kms.katalon.core.testobject.ObjectRepository.findTestObject(HealthpostToStore/Page_Store/input_txtprice), "value"): Attribute 'value' of object 'Object Repository/HealthpostToStore/Page_Store/input_txtprice' is: '210'

2018-06-09 21:52:45 - [MESSAGE][PASSED] - Attribute 'value' of object 'Object Repository/HealthpostToStore/Page_Store/input_txtprice' is: '210'

2018-06-09 21:52:45 - [TEST_STEP][PASSED] - Statement - out.println("Stock QTY : " + StockQty): null

2018-06-09 21:52:45 - [TEST_STEP][PASSED] - delay: Delayed 2 second(s)

2018-06-09 21:52:47 - [MESSAGE][PASSED] - Delayed 2 second(s)

2018-06-09 21:52:47 - [TEST_STEP][PASSED] - Statement - If (java.lang.String.valueOf(StockQty) >= java.lang.String.valueOf(RequestedQty)): null

2018-06-09 21:52:47 - [TEST_STEP][PASSED] - setText: Text '10' is set on object 'Object Repository/HealthpostToStore/Page_Store/input_txtqty'

2018-06-09 21:52:47 - [MESSAGE][PASSED] - Text '10' is set on object 'Object Repository/HealthpostToStore/Page_Store/input_txtqty'

2018-06-09 21:52:47 - [TEST_STEP][PASSED] - click: Object: 'Object Repository/HealthpostToStore/Page_Store/button_Add' is clicked on

2018-06-09 21:52:47 - [MESSAGE][PASSED] - Object: 'Object Repository/HealthpostToStore/Page_Store/button_Add' is clicked on

2018-06-09 21:52:47 - [TEST_STEP][PASSED] - Statement - Break: null

2018-06-09 21:52:47 - [TEST_STEP][PASSED] - selectOptionByIndex: All options with index in [13] are selected on object 'Object Repository/HealthpostToStore/Page_Store/select_--Select--Adernaline 0.'

2018-06-09 21:52:47 - [MESSAGE][PASSED] - All options with index in [13] are selected on object 'Object Repository/HealthpostToStore/Page_Store/select_--Select--Adernaline 0.'

2018-06-09 21:52:47 - [TEST_STEP][PASSED] - delay: Delayed 2 second(s)

2018-06-09 21:52:49 - [MESSAGE][PASSED] - Delayed 2 second(s)

2018-06-09 21:52:49 - [TEST_STEP][PASSED] - Statement - RequestedQty = com.kms.katalon.core.webui.keyword.WebUiBuiltInKeywords.getAttribute(com.kms.katalon.core.testobject.ObjectRepository.findTestObject(HealthpostToStore/Page_Store/input_txttotal), "value"): Attribute 'value' of object 'Object Repository/HealthpostToStore/Page_Store/input_txttotal' is: '10'

2018-06-09 21:52:49 - [MESSAGE][PASSED] - Attribute 'value' of object 'Object Repository/HealthpostToStore/Page_Store/input_txttotal' is: '10'

2018-06-09 21:52:49 - [TEST_STEP][PASSED] - Statement - out.println("Requested QTY : " + RequestedQty): null

2018-06-09 21:52:49 - [TEST_STEP][PASSED] - Statement - BatchNumber = com.kms.katalon.core.webui.keyword.WebUiBuiltInKeywords.getNumberOfTotalOption(com.kms.katalon.core.testobject.ObjectRepository.findTestObject(HealthpostToStore/Page_Store/select_--Select--BA1170BA2376B)): 3 options of object 'Object Repository/HealthpostToStore/Page_Store/select_--Select--BA1170BA2376B' counted

2018-06-09 21:52:49 - [MESSAGE][PASSED] - 3 options of object 'Object Repository/HealthpostToStore/Page_Store/select_--Select--BA1170BA2376B' counted

2018-06-09 21:52:49 - [TEST_STEP][PASSED] - Statement - For ([g = 1, g <= BatchNumber - 1, (g++)]): null

2018-06-09 21:52:49 - [TEST_STEP][PASSED] - selectOptionByIndex: All options with index in [1] are selected on object 'Object Repository/HealthpostToStore/Page_Store/select_--Select--BA1170BA2376B'

2018-06-09 21:52:49 - [MESSAGE][PASSED] - All options with index in [1] are selected on object 'Object Repository/HealthpostToStore/Page_Store/select_--Select--BA1170BA2376B'

2018-06-09 21:52:49 - [TEST_STEP][PASSED] - Statement - Try: null

2018-06-09 21:52:49 - [TEST_STEP][PASSED] - Statement - StockQty = com.kms.katalon.core.webui.keyword.WebUiBuiltInKeywords.getAttribute(com.kms.katalon.core.testobject.ObjectRepository.findTestObject(HealthpostToStore/Page_Store/input_txtprice), "value"): Attribute 'value' of object 'Object Repository/HealthpostToStore/Page_Store/input_txtprice' is: '1500'

2018-06-09 21:52:49 - [MESSAGE][PASSED] - Attribute 'value' of object 'Object Repository/HealthpostToStore/Page_Store/input_txtprice' is: '1500'

2018-06-09 21:52:49 - [TEST_STEP][PASSED] - Statement - out.println("Stock QTY : " + StockQty): null

2018-06-09 21:52:49 - [TEST_STEP][PASSED] - delay: Delayed 2 second(s)

2018-06-09 21:52:51 - [MESSAGE][PASSED] - Delayed 2 second(s)

2018-06-09 21:52:51 - [TEST_STEP][PASSED] - Statement - If (java.lang.String.valueOf(StockQty) >= java.lang.String.valueOf(RequestedQty)): null

2018-06-09 21:52:51 - [TEST_STEP][PASSED] - setText: Text '10' is set on object 'Object Repository/HealthpostToStore/Page_Store/input_txtqty'

2018-06-09 21:52:51 - [MESSAGE][PASSED] - Text '10' is set on object 'Object Repository/HealthpostToStore/Page_Store/input_txtqty'

2018-06-09 21:52:51 - [TEST_STEP][PASSED] - click: Object: 'Object Repository/HealthpostToStore/Page_Store/button_Add' is clicked on

2018-06-09 21:52:51 - [MESSAGE][PASSED] - Object: 'Object Repository/HealthpostToStore/Page_Store/button_Add' is clicked on

2018-06-09 21:52:51 - [TEST_STEP][PASSED] - Statement - Break: null

2018-06-09 21:52:51 - [TEST_STEP][PASSED] - selectOptionByIndex: All options with index in [14] are selected on object 'Object Repository/HealthpostToStore/Page_Store/select_--Select--Adernaline 0.'

2018-06-09 21:52:52 - [MESSAGE][PASSED] - All options with index in [14] are selected on object 'Object Repository/HealthpostToStore/Page_Store/select_--Select--Adernaline 0.'

2018-06-09 21:52:52 - [TEST_STEP][PASSED] - delay: Delayed 2 second(s)

2018-06-09 21:52:54 - [MESSAGE][PASSED] - Delayed 2 second(s)

2018-06-09 21:52:54 - [TEST_STEP][PASSED] - Statement - RequestedQty = com.kms.katalon.core.webui.keyword.WebUiBuiltInKeywords.getAttribute(com.kms.katalon.core.testobject.ObjectRepository.findTestObject(HealthpostToStore/Page_Store/input_txttotal), "value"): Attribute 'value' of object 'Object Repository/HealthpostToStore/Page_Store/input_txttotal' is: '10'

2018-06-09 21:52:54 - [MESSAGE][PASSED] - Attribute 'value' of object 'Object Repository/HealthpostToStore/Page_Store/input_txttotal' is: '10'

2018-06-09 21:52:54 - [TEST_STEP][PASSED] - Statement - out.println("Requested QTY : " + RequestedQty): null

2018-06-09 21:52:54 - [TEST_STEP][PASSED] - Statement - BatchNumber = com.kms.katalon.core.webui.keyword.WebUiBuiltInKeywords.getNumberOfTotalOption(com.kms.katalon.core.testobject.ObjectRepository.findTestObject(HealthpostToStore/Page_Store/select_--Select--BA1170BA2376B)): 4 options of object 'Object Repository/HealthpostToStore/Page_Store/select_--Select--BA1170BA2376B' counted

2018-06-09 21:52:54 - [MESSAGE][PASSED] - 4 options of object 'Object Repository/HealthpostToStore/Page_Store/select_--Select--BA1170BA2376B' counted

2018-06-09 21:52:54 - [TEST_STEP][PASSED] - Statement - For ([g = 1, g <= BatchNumber - 1, (g++)]): null

2018-06-09 21:52:54 - [TEST_STEP][PASSED] - selectOptionByIndex: All options with index in [1] are selected on object 'Object Repository/HealthpostToStore/Page_Store/select_--Select--BA1170BA2376B'

2018-06-09 21:52:54 - [MESSAGE][PASSED] - All options with index in [1] are selected on object 'Object Repository/HealthpostToStore/Page_Store/select_--Select--BA1170BA2376B'

2018-06-09 21:52:54 - [TEST_STEP][PASSED] - Statement - Try: null

2018-06-09 21:52:54 - [TEST_STEP][PASSED] - Statement - StockQty = com.kms.katalon.core.webui.keyword.WebUiBuiltInKeywords.getAttribute(com.kms.katalon.core.testobject.ObjectRepository.findTestObject(HealthpostToStore/Page_Store/input_txtprice), "value"): Attribute 'value' of object 'Object Repository/HealthpostToStore/Page_Store/input_txtprice' is: '260'

2018-06-09 21:52:54 - [MESSAGE][PASSED] - Attribute 'value' of object 'Object Repository/HealthpostToStore/Page_Store/input_txtprice' is: '260'

2018-06-09 21:52:54 - [TEST_STEP][PASSED] - Statement - out.println("Stock QTY : " + StockQty): null

2018-06-09 21:52:54 - [TEST_STEP][PASSED] - delay: Delayed 2 second(s)

2018-06-09 21:52:56 - [MESSAGE][PASSED] - Delayed 2 second(s)

2018-06-09 21:52:56 - [TEST_STEP][PASSED] - Statement - If (java.lang.String.valueOf(StockQty) >= java.lang.String.valueOf(RequestedQty)): null

2018-06-09 21:52:56 - [TEST_STEP][PASSED] - setText: Text '10' is set on object 'Object Repository/HealthpostToStore/Page_Store/input_txtqty'

2018-06-09 21:52:56 - [MESSAGE][PASSED] - Text '10' is set on object 'Object Repository/HealthpostToStore/Page_Store/input_txtqty'

2018-06-09 21:52:56 - [TEST_STEP][PASSED] - click: Object: 'Object Repository/HealthpostToStore/Page_Store/button_Add' is clicked on

2018-06-09 21:52:56 - [MESSAGE][PASSED] - Object: 'Object Repository/HealthpostToStore/Page_Store/button_Add' is clicked on

2018-06-09 21:52:56 - [TEST_STEP][PASSED] - Statement - Break: null

2018-06-09 21:52:56 - [TEST_STEP][PASSED] - selectOptionByIndex: All options with index in [15] are selected on object 'Object Repository/HealthpostToStore/Page_Store/select_--Select--Adernaline 0.'

2018-06-09 21:52:56 - [MESSAGE][PASSED] - All options with index in [15] are selected on object 'Object Repository/HealthpostToStore/Page_Store/select_--Select--Adernaline 0.'

2018-06-09 21:52:56 - [TEST_STEP][PASSED] - delay: Delayed 2 second(s)

2018-06-09 21:52:58 - [MESSAGE][PASSED] - Delayed 2 second(s)

2018-06-09 21:52:58 - [TEST_STEP][PASSED] - Statement - RequestedQty = com.kms.katalon.core.webui.keyword.WebUiBuiltInKeywords.getAttribute(com.kms.katalon.core.testobject.ObjectRepository.findTestObject(HealthpostToStore/Page_Store/input_txttotal), "value"): Attribute 'value' of object 'Object Repository/HealthpostToStore/Page_Store/input_txttotal' is: '10'

2018-06-09 21:52:58 - [MESSAGE][PASSED] - Attribute 'value' of object 'Object Repository/HealthpostToStore/Page_Store/input_txttotal' is: '10'

2018-06-09 21:52:58 - [TEST_STEP][PASSED] - Statement - out.println("Requested QTY : " + RequestedQty): null

2018-06-09 21:52:58 - [TEST_STEP][PASSED] - Statement - BatchNumber = com.kms.katalon.core.webui.keyword.WebUiBuiltInKeywords.getNumberOfTotalOption(com.kms.katalon.core.testobject.ObjectRepository.findTestObject(HealthpostToStore/Page_Store/select_--Select--BA1170BA2376B)): 5 options of object 'Object Repository/HealthpostToStore/Page_Store/select_--Select--BA1170BA2376B' counted

2018-06-09 21:52:58 - [MESSAGE][PASSED] - 5 options of object 'Object Repository/HealthpostToStore/Page_Store/select_--Select--BA1170BA2376B' counted

2018-06-09 21:52:58 - [TEST_STEP][PASSED] - Statement - For ([g = 1, g <= BatchNumber - 1, (g++)]): null

2018-06-09 21:52:58 - [TEST_STEP][PASSED] - selectOptionByIndex: All options with index in [1] are selected on object 'Object Repository/HealthpostToStore/Page_Store/select_--Select--BA1170BA2376B'

2018-06-09 21:52:59 - [MESSAGE][PASSED] - All options with index in [1] are selected on object 'Object Repository/HealthpostToStore/Page_Store/select_--Select--BA1170BA2376B'

2018-06-09 21:52:59 - [TEST_STEP][PASSED] - Statement - Try: null

2018-06-09 21:52:59 - [TEST_STEP][PASSED] - Statement - StockQty = com.kms.katalon.core.webui.keyword.WebUiBuiltInKeywords.getAttribute(com.kms.katalon.core.testobject.ObjectRepository.findTestObject(HealthpostToStore/Page_Store/input_txtprice), "value"): Attribute 'value' of object 'Object Repository/HealthpostToStore/Page_Store/input_txtprice' is: '580'

2018-06-09 21:52:59 - [MESSAGE][PASSED] - Attribute 'value' of object 'Object Repository/HealthpostToStore/Page_Store/input_txtprice' is: '580'

2018-06-09 21:52:59 - [TEST_STEP][PASSED] - Statement - out.println("Stock QTY : " + StockQty): null

2018-06-09 21:52:59 - [TEST_STEP][PASSED] - delay: Delayed 2 second(s)

2018-06-09 21:53:01 - [MESSAGE][PASSED] - Delayed 2 second(s)

2018-06-09 21:53:01 - [TEST_STEP][PASSED] - Statement - If (java.lang.String.valueOf(StockQty) >= java.lang.String.valueOf(RequestedQty)): null

2018-06-09 21:53:01 - [TEST_STEP][PASSED] - setText: Text '10' is set on object 'Object Repository/HealthpostToStore/Page_Store/input_txtqty'

2018-06-09 21:53:01 - [MESSAGE][PASSED] - Text '10' is set on object 'Object Repository/HealthpostToStore/Page_Store/input_txtqty'

2018-06-09 21:53:01 - [TEST_STEP][PASSED] - click: Object: 'Object Repository/HealthpostToStore/Page_Store/button_Add' is clicked on

2018-06-09 21:53:01 - [MESSAGE][PASSED] - Object: 'Object Repository/HealthpostToStore/Page_Store/button_Add' is clicked on

2018-06-09 21:53:01 - [TEST_STEP][PASSED] - Statement - Break: null

2018-06-09 21:53:01 - [TEST_STEP][PASSED] - scrollToElement: Scroll to object 'Object Repository/HealthpostToStore/Page_Store/input_btnSubmit' successfully

2018-06-09 21:53:01 - [MESSAGE][PASSED] - Scroll to object 'Object Repository/HealthpostToStore/Page_Store/input_btnSubmit' successfully

2018-06-09 21:53:01 - [TEST_STEP][PASSED] - click: Object: 'Object Repository/HealthpostToStore/Page_Store/input_btnSubmit' is clicked on

2018-06-09 21:53:01 - [MESSAGE][PASSED] - Object: 'Object Repository/HealthpostToStore/Page_Store/input_btnSubmit' is clicked on

2018-06-09 21:53:01 - [TEST_STEP][PASSED] - delay: Delayed 3 second(s)

2018-06-09 21:53:04 - [MESSAGE][PASSED] - Delayed 3 second(s)

2018-06-09 21:53:04 - [TEST_STEP][PASSED] - click: Object: 'Object Repository/HealthpostToStore/Page_Store/button_OK' is clicked on

2018-06-09 21:53:05 - [MESSAGE][PASSED] - Object: 'Object Repository/HealthpostToStore/Page_Store/button_OK' is clicked on

2018-06-09 21:53:05 - [TEST_STEP][PASSED] - delay: Delayed 3 second(s)

2018-06-09 21:53:08 - [MESSAGE][PASSED] - Delayed 3 second(s)

2018-06-09 21:53:08 - [TEST_STEP][PASSED] - click: Object: 'Object Repository/HealthpostToStore/Page_Store/a_dropdown-toggle' is clicked on

2018-06-09 21:53:08 - [MESSAGE][PASSED] - Object: 'Object Repository/HealthpostToStore/Page_Store/a_dropdown-toggle' is clicked on

2018-06-09 21:53:08 - [TEST_STEP][PASSED] - click: Object: 'Object Repository/HealthpostToStore/Page_Store/a_Sign out' is clicked on

2018-06-09 21:53:08 - [MESSAGE][PASSED] - Object: 'Object Repository/HealthpostToStore/Page_Store/a_Sign out' is clicked on

2018-06-09 21:53:08 - [TEST_STEP][PASSED] - closeBrowser: Browser is closed

2018-06-09 21:53:09 - [MESSAGE][PASSED] - Browser is closed]]></system-out>
         <system-err><![CDATA[]]></system-err>
      </testcase>
      <testcase name="Test Cases/HEALTHPOST TEST CASES/TC_HP_005 Verify Schedule 5 Healthpost Request Are Working Successfully Or Not" classname="Test Cases/HEALTHPOST TEST CASES/TC_HP_005 Verify Schedule 5 Healthpost Request Are Working Successfully Or Not" status="PASSED">
         <system-out><![CDATA[2018-06-09 21:53:09 - [TEST_CASE][PASSED] - Test Cases/HEALTHPOST TEST CASES/TC_HP_005 Verify Schedule 5 Healthpost Request Are Working Successfully Or Not: Test Cases/HEALTHPOST TEST CASES/TC_HP_005 Verify Schedule 5 Healthpost Request Are Working Successfully Or Not

2018-06-09 21:53:09 - [TEST_STEP][PASSED] - openBrowser: Browser is opened with url: ''

2018-06-09 21:53:11 - [MESSAGE][PASSED] - Browser is opened with url: ''

2018-06-09 21:53:11 - [TEST_STEP][PASSED] - navigateToUrl: Navigate to 'http://192.168.137.1/multihospital_new/HDSplashscreen.aspx' successfully

2018-06-09 21:53:13 - [MESSAGE][PASSED] - Navigate to 'http://192.168.137.1/multihospital_new/HDSplashscreen.aspx' successfully

2018-06-09 21:53:13 - [TEST_STEP][PASSED] - maximizeWindow: Current window maximized

2018-06-09 21:53:14 - [MESSAGE][PASSED] - Current window maximized

2018-06-09 21:53:14 - [TEST_STEP][PASSED] - click: Object: 'Object Repository/HealthpostToStore/Page_KDMC/a_Healthpost Store' is clicked on

2018-06-09 21:53:15 - [MESSAGE][PASSED] - Object: 'Object Repository/HealthpostToStore/Page_KDMC/a_Healthpost Store' is clicked on

2018-06-09 21:53:15 - [TEST_STEP][PASSED] - setText: Text 'raguram' is set on object 'Object Repository/HealthpostToStore/Page_HealthPost Store Login/input_txtusername'

2018-06-09 21:53:15 - [MESSAGE][PASSED] - Text 'raguram' is set on object 'Object Repository/HealthpostToStore/Page_HealthPost Store Login/input_txtusername'

2018-06-09 21:53:15 - [TEST_STEP][PASSED] - setText: Text '123' is set on object 'Object Repository/HealthpostToStore/Page_HealthPost Store Login/input_txtpassword'

2018-06-09 21:53:15 - [MESSAGE][PASSED] - Text '123' is set on object 'Object Repository/HealthpostToStore/Page_HealthPost Store Login/input_txtpassword'

2018-06-09 21:53:15 - [TEST_STEP][PASSED] - delay: Delayed 3 second(s)

2018-06-09 21:53:18 - [MESSAGE][PASSED] - Delayed 3 second(s)

2018-06-09 21:53:18 - [TEST_STEP][PASSED] - sendKeys: Keys 'ENTER + ' sent to object: 'Object Repository/HealthpostToStore/Page_HealthPost Store Login/input_txtpassword'

2018-06-09 21:53:18 - [MESSAGE][PASSED] - Keys 'ENTER + ' sent to object: 'Object Repository/HealthpostToStore/Page_HealthPost Store Login/input_txtpassword'

2018-06-09 21:53:18 - [TEST_STEP][PASSED] - delay: Delayed 3 second(s)

2018-06-09 21:53:21 - [MESSAGE][PASSED] - Delayed 3 second(s)

2018-06-09 21:53:21 - [TEST_STEP][PASSED] - click: Object: 'Object Repository/HealthpostToStore/Page_HealthPost Store/a_Request to Store' is clicked on

2018-06-09 21:53:22 - [MESSAGE][PASSED] - Object: 'Object Repository/HealthpostToStore/Page_HealthPost Store/a_Request to Store' is clicked on

2018-06-09 21:53:22 - [TEST_STEP][PASSED] - delay: Delayed 1 second(s)

2018-06-09 21:53:23 - [MESSAGE][PASSED] - Delayed 1 second(s)

2018-06-09 21:53:23 - [TEST_STEP][PASSED] - click: Object: 'Object Repository/HealthpostToStore/Page_HealthPost Store/a_Medicine Request' is clicked on

2018-06-09 21:53:23 - [MESSAGE][PASSED] - Object: 'Object Repository/HealthpostToStore/Page_HealthPost Store/a_Medicine Request' is clicked on

2018-06-09 21:53:23 - [TEST_STEP][PASSED] - delay: Delayed 1 second(s)

2018-06-09 21:53:24 - [MESSAGE][PASSED] - Delayed 1 second(s)

2018-06-09 21:53:24 - [TEST_STEP][PASSED] - selectOptionByIndex: All options with index in [5] are selected on object 'Object Repository/HealthpostToStore/Page_HealthPost Store/select_--Select--Schedule 1Inj'

2018-06-09 21:53:24 - [MESSAGE][PASSED] - All options with index in [5] are selected on object 'Object Repository/HealthpostToStore/Page_HealthPost Store/select_--Select--Schedule 1Inj'

2018-06-09 21:53:24 - [TEST_STEP][PASSED] - Statement - medicineslength = com.kms.katalon.core.webui.keyword.WebUiBuiltInKeywords.getNumberOfTotalOption(com.kms.katalon.core.testobject.ObjectRepository.findTestObject(HealthpostToStore/Page_HealthPost Store/select_--Select--Adernaline 0.)): 17 options of object 'Object Repository/HealthpostToStore/Page_HealthPost Store/select_--Select--Adernaline 0.' counted

2018-06-09 21:53:24 - [MESSAGE][PASSED] - 17 options of object 'Object Repository/HealthpostToStore/Page_HealthPost Store/select_--Select--Adernaline 0.' counted

2018-06-09 21:53:24 - [TEST_STEP][PASSED] - Statement - For ([e = 1, e <= medicineslength - 1, (e++)]): Object: 'Object Repository/HealthpostToStore/Page_HealthPost Store/button_Add' is clicked on

2018-06-09 21:53:24 - [TEST_STEP][PASSED] - selectOptionByIndex: All options with index in [5] are selected on object 'Object Repository/HealthpostToStore/Page_HealthPost Store/select_--Select--Schedule 1Inj'

2018-06-09 21:53:24 - [MESSAGE][PASSED] - All options with index in [5] are selected on object 'Object Repository/HealthpostToStore/Page_HealthPost Store/select_--Select--Schedule 1Inj'

2018-06-09 21:53:24 - [TEST_STEP][PASSED] - delay: Delayed 1 second(s)

2018-06-09 21:53:25 - [MESSAGE][PASSED] - Delayed 1 second(s)

2018-06-09 21:53:25 - [TEST_STEP][PASSED] - selectOptionByIndex: All options with index in [1] are selected on object 'Object Repository/HealthpostToStore/Page_HealthPost Store/select_--Select--Adernaline 0.'

2018-06-09 21:53:26 - [MESSAGE][PASSED] - All options with index in [1] are selected on object 'Object Repository/HealthpostToStore/Page_HealthPost Store/select_--Select--Adernaline 0.'

2018-06-09 21:53:26 - [TEST_STEP][PASSED] - setText: Text '10' is set on object 'Object Repository/HealthpostToStore/Page_HealthPost Store/input_txttreat'

2018-06-09 21:53:26 - [MESSAGE][PASSED] - Text '10' is set on object 'Object Repository/HealthpostToStore/Page_HealthPost Store/input_txttreat'

2018-06-09 21:53:26 - [TEST_STEP][PASSED] - click: Object: 'Object Repository/HealthpostToStore/Page_HealthPost Store/button_Add' is clicked on

2018-06-09 21:53:26 - [MESSAGE][PASSED] - Object: 'Object Repository/HealthpostToStore/Page_HealthPost Store/button_Add' is clicked on

2018-06-09 21:53:26 - [TEST_STEP][PASSED] - selectOptionByIndex: All options with index in [5] are selected on object 'Object Repository/HealthpostToStore/Page_HealthPost Store/select_--Select--Schedule 1Inj'

2018-06-09 21:53:26 - [MESSAGE][PASSED] - All options with index in [5] are selected on object 'Object Repository/HealthpostToStore/Page_HealthPost Store/select_--Select--Schedule 1Inj'

2018-06-09 21:53:26 - [TEST_STEP][PASSED] - delay: Delayed 1 second(s)

2018-06-09 21:53:27 - [MESSAGE][PASSED] - Delayed 1 second(s)

2018-06-09 21:53:27 - [TEST_STEP][PASSED] - selectOptionByIndex: All options with index in [2] are selected on object 'Object Repository/HealthpostToStore/Page_HealthPost Store/select_--Select--Adernaline 0.'

2018-06-09 21:53:27 - [MESSAGE][PASSED] - All options with index in [2] are selected on object 'Object Repository/HealthpostToStore/Page_HealthPost Store/select_--Select--Adernaline 0.'

2018-06-09 21:53:27 - [TEST_STEP][PASSED] - setText: Text '10' is set on object 'Object Repository/HealthpostToStore/Page_HealthPost Store/input_txttreat'

2018-06-09 21:53:27 - [MESSAGE][PASSED] - Text '10' is set on object 'Object Repository/HealthpostToStore/Page_HealthPost Store/input_txttreat'

2018-06-09 21:53:27 - [TEST_STEP][PASSED] - click: Object: 'Object Repository/HealthpostToStore/Page_HealthPost Store/button_Add' is clicked on

2018-06-09 21:53:27 - [MESSAGE][PASSED] - Object: 'Object Repository/HealthpostToStore/Page_HealthPost Store/button_Add' is clicked on

2018-06-09 21:53:27 - [TEST_STEP][PASSED] - selectOptionByIndex: All options with index in [5] are selected on object 'Object Repository/HealthpostToStore/Page_HealthPost Store/select_--Select--Schedule 1Inj'

2018-06-09 21:53:27 - [MESSAGE][PASSED] - All options with index in [5] are selected on object 'Object Repository/HealthpostToStore/Page_HealthPost Store/select_--Select--Schedule 1Inj'

2018-06-09 21:53:27 - [TEST_STEP][PASSED] - delay: Delayed 1 second(s)

2018-06-09 21:53:28 - [MESSAGE][PASSED] - Delayed 1 second(s)

2018-06-09 21:53:28 - [TEST_STEP][PASSED] - selectOptionByIndex: All options with index in [3] are selected on object 'Object Repository/HealthpostToStore/Page_HealthPost Store/select_--Select--Adernaline 0.'

2018-06-09 21:53:29 - [MESSAGE][PASSED] - All options with index in [3] are selected on object 'Object Repository/HealthpostToStore/Page_HealthPost Store/select_--Select--Adernaline 0.'

2018-06-09 21:53:29 - [TEST_STEP][PASSED] - setText: Text '10' is set on object 'Object Repository/HealthpostToStore/Page_HealthPost Store/input_txttreat'

2018-06-09 21:53:29 - [MESSAGE][PASSED] - Text '10' is set on object 'Object Repository/HealthpostToStore/Page_HealthPost Store/input_txttreat'

2018-06-09 21:53:29 - [TEST_STEP][PASSED] - click: Object: 'Object Repository/HealthpostToStore/Page_HealthPost Store/button_Add' is clicked on

2018-06-09 21:53:29 - [MESSAGE][PASSED] - Object: 'Object Repository/HealthpostToStore/Page_HealthPost Store/button_Add' is clicked on

2018-06-09 21:53:29 - [TEST_STEP][PASSED] - selectOptionByIndex: All options with index in [5] are selected on object 'Object Repository/HealthpostToStore/Page_HealthPost Store/select_--Select--Schedule 1Inj'

2018-06-09 21:53:29 - [MESSAGE][PASSED] - All options with index in [5] are selected on object 'Object Repository/HealthpostToStore/Page_HealthPost Store/select_--Select--Schedule 1Inj'

2018-06-09 21:53:29 - [TEST_STEP][PASSED] - delay: Delayed 1 second(s)

2018-06-09 21:53:30 - [MESSAGE][PASSED] - Delayed 1 second(s)

2018-06-09 21:53:30 - [TEST_STEP][PASSED] - selectOptionByIndex: All options with index in [4] are selected on object 'Object Repository/HealthpostToStore/Page_HealthPost Store/select_--Select--Adernaline 0.'

2018-06-09 21:53:30 - [MESSAGE][PASSED] - All options with index in [4] are selected on object 'Object Repository/HealthpostToStore/Page_HealthPost Store/select_--Select--Adernaline 0.'

2018-06-09 21:53:30 - [TEST_STEP][PASSED] - setText: Text '10' is set on object 'Object Repository/HealthpostToStore/Page_HealthPost Store/input_txttreat'

2018-06-09 21:53:30 - [MESSAGE][PASSED] - Text '10' is set on object 'Object Repository/HealthpostToStore/Page_HealthPost Store/input_txttreat'

2018-06-09 21:53:30 - [TEST_STEP][PASSED] - click: Object: 'Object Repository/HealthpostToStore/Page_HealthPost Store/button_Add' is clicked on

2018-06-09 21:53:30 - [MESSAGE][PASSED] - Object: 'Object Repository/HealthpostToStore/Page_HealthPost Store/button_Add' is clicked on

2018-06-09 21:53:30 - [TEST_STEP][PASSED] - selectOptionByIndex: All options with index in [5] are selected on object 'Object Repository/HealthpostToStore/Page_HealthPost Store/select_--Select--Schedule 1Inj'

2018-06-09 21:53:30 - [MESSAGE][PASSED] - All options with index in [5] are selected on object 'Object Repository/HealthpostToStore/Page_HealthPost Store/select_--Select--Schedule 1Inj'

2018-06-09 21:53:30 - [TEST_STEP][PASSED] - delay: Delayed 1 second(s)

2018-06-09 21:53:31 - [MESSAGE][PASSED] - Delayed 1 second(s)

2018-06-09 21:53:31 - [TEST_STEP][PASSED] - selectOptionByIndex: All options with index in [5] are selected on object 'Object Repository/HealthpostToStore/Page_HealthPost Store/select_--Select--Adernaline 0.'

2018-06-09 21:53:32 - [MESSAGE][PASSED] - All options with index in [5] are selected on object 'Object Repository/HealthpostToStore/Page_HealthPost Store/select_--Select--Adernaline 0.'

2018-06-09 21:53:32 - [TEST_STEP][PASSED] - setText: Text '10' is set on object 'Object Repository/HealthpostToStore/Page_HealthPost Store/input_txttreat'

2018-06-09 21:53:32 - [MESSAGE][PASSED] - Text '10' is set on object 'Object Repository/HealthpostToStore/Page_HealthPost Store/input_txttreat'

2018-06-09 21:53:32 - [TEST_STEP][PASSED] - click: Object: 'Object Repository/HealthpostToStore/Page_HealthPost Store/button_Add' is clicked on

2018-06-09 21:53:32 - [MESSAGE][PASSED] - Object: 'Object Repository/HealthpostToStore/Page_HealthPost Store/button_Add' is clicked on

2018-06-09 21:53:32 - [TEST_STEP][PASSED] - selectOptionByIndex: All options with index in [5] are selected on object 'Object Repository/HealthpostToStore/Page_HealthPost Store/select_--Select--Schedule 1Inj'

2018-06-09 21:53:32 - [MESSAGE][PASSED] - All options with index in [5] are selected on object 'Object Repository/HealthpostToStore/Page_HealthPost Store/select_--Select--Schedule 1Inj'

2018-06-09 21:53:32 - [TEST_STEP][PASSED] - delay: Delayed 1 second(s)

2018-06-09 21:53:33 - [MESSAGE][PASSED] - Delayed 1 second(s)

2018-06-09 21:53:33 - [TEST_STEP][PASSED] - selectOptionByIndex: All options with index in [6] are selected on object 'Object Repository/HealthpostToStore/Page_HealthPost Store/select_--Select--Adernaline 0.'

2018-06-09 21:53:33 - [MESSAGE][PASSED] - All options with index in [6] are selected on object 'Object Repository/HealthpostToStore/Page_HealthPost Store/select_--Select--Adernaline 0.'

2018-06-09 21:53:33 - [TEST_STEP][PASSED] - setText: Text '10' is set on object 'Object Repository/HealthpostToStore/Page_HealthPost Store/input_txttreat'

2018-06-09 21:53:33 - [MESSAGE][PASSED] - Text '10' is set on object 'Object Repository/HealthpostToStore/Page_HealthPost Store/input_txttreat'

2018-06-09 21:53:33 - [TEST_STEP][PASSED] - click: Object: 'Object Repository/HealthpostToStore/Page_HealthPost Store/button_Add' is clicked on

2018-06-09 21:53:33 - [MESSAGE][PASSED] - Object: 'Object Repository/HealthpostToStore/Page_HealthPost Store/button_Add' is clicked on

2018-06-09 21:53:33 - [TEST_STEP][PASSED] - selectOptionByIndex: All options with index in [5] are selected on object 'Object Repository/HealthpostToStore/Page_HealthPost Store/select_--Select--Schedule 1Inj'

2018-06-09 21:53:33 - [MESSAGE][PASSED] - All options with index in [5] are selected on object 'Object Repository/HealthpostToStore/Page_HealthPost Store/select_--Select--Schedule 1Inj'

2018-06-09 21:53:33 - [TEST_STEP][PASSED] - delay: Delayed 1 second(s)

2018-06-09 21:53:34 - [MESSAGE][PASSED] - Delayed 1 second(s)

2018-06-09 21:53:34 - [TEST_STEP][PASSED] - selectOptionByIndex: All options with index in [7] are selected on object 'Object Repository/HealthpostToStore/Page_HealthPost Store/select_--Select--Adernaline 0.'

2018-06-09 21:53:35 - [MESSAGE][PASSED] - All options with index in [7] are selected on object 'Object Repository/HealthpostToStore/Page_HealthPost Store/select_--Select--Adernaline 0.'

2018-06-09 21:53:35 - [TEST_STEP][PASSED] - setText: Text '10' is set on object 'Object Repository/HealthpostToStore/Page_HealthPost Store/input_txttreat'

2018-06-09 21:53:35 - [MESSAGE][PASSED] - Text '10' is set on object 'Object Repository/HealthpostToStore/Page_HealthPost Store/input_txttreat'

2018-06-09 21:53:35 - [TEST_STEP][PASSED] - click: Object: 'Object Repository/HealthpostToStore/Page_HealthPost Store/button_Add' is clicked on

2018-06-09 21:53:35 - [MESSAGE][PASSED] - Object: 'Object Repository/HealthpostToStore/Page_HealthPost Store/button_Add' is clicked on

2018-06-09 21:53:35 - [TEST_STEP][PASSED] - selectOptionByIndex: All options with index in [5] are selected on object 'Object Repository/HealthpostToStore/Page_HealthPost Store/select_--Select--Schedule 1Inj'

2018-06-09 21:53:35 - [MESSAGE][PASSED] - All options with index in [5] are selected on object 'Object Repository/HealthpostToStore/Page_HealthPost Store/select_--Select--Schedule 1Inj'

2018-06-09 21:53:35 - [TEST_STEP][PASSED] - delay: Delayed 1 second(s)

2018-06-09 21:53:36 - [MESSAGE][PASSED] - Delayed 1 second(s)

2018-06-09 21:53:36 - [TEST_STEP][PASSED] - selectOptionByIndex: All options with index in [8] are selected on object 'Object Repository/HealthpostToStore/Page_HealthPost Store/select_--Select--Adernaline 0.'

2018-06-09 21:53:36 - [MESSAGE][PASSED] - All options with index in [8] are selected on object 'Object Repository/HealthpostToStore/Page_HealthPost Store/select_--Select--Adernaline 0.'

2018-06-09 21:53:36 - [TEST_STEP][PASSED] - setText: Text '10' is set on object 'Object Repository/HealthpostToStore/Page_HealthPost Store/input_txttreat'

2018-06-09 21:53:36 - [MESSAGE][PASSED] - Text '10' is set on object 'Object Repository/HealthpostToStore/Page_HealthPost Store/input_txttreat'

2018-06-09 21:53:36 - [TEST_STEP][PASSED] - click: Object: 'Object Repository/HealthpostToStore/Page_HealthPost Store/button_Add' is clicked on

2018-06-09 21:53:36 - [MESSAGE][PASSED] - Object: 'Object Repository/HealthpostToStore/Page_HealthPost Store/button_Add' is clicked on

2018-06-09 21:53:36 - [TEST_STEP][PASSED] - selectOptionByIndex: All options with index in [5] are selected on object 'Object Repository/HealthpostToStore/Page_HealthPost Store/select_--Select--Schedule 1Inj'

2018-06-09 21:53:36 - [MESSAGE][PASSED] - All options with index in [5] are selected on object 'Object Repository/HealthpostToStore/Page_HealthPost Store/select_--Select--Schedule 1Inj'

2018-06-09 21:53:36 - [TEST_STEP][PASSED] - delay: Delayed 1 second(s)

2018-06-09 21:53:37 - [MESSAGE][PASSED] - Delayed 1 second(s)

2018-06-09 21:53:37 - [TEST_STEP][PASSED] - selectOptionByIndex: All options with index in [9] are selected on object 'Object Repository/HealthpostToStore/Page_HealthPost Store/select_--Select--Adernaline 0.'

2018-06-09 21:53:38 - [MESSAGE][PASSED] - All options with index in [9] are selected on object 'Object Repository/HealthpostToStore/Page_HealthPost Store/select_--Select--Adernaline 0.'

2018-06-09 21:53:38 - [TEST_STEP][PASSED] - setText: Text '10' is set on object 'Object Repository/HealthpostToStore/Page_HealthPost Store/input_txttreat'

2018-06-09 21:53:38 - [MESSAGE][PASSED] - Text '10' is set on object 'Object Repository/HealthpostToStore/Page_HealthPost Store/input_txttreat'

2018-06-09 21:53:38 - [TEST_STEP][PASSED] - click: Object: 'Object Repository/HealthpostToStore/Page_HealthPost Store/button_Add' is clicked on

2018-06-09 21:53:38 - [MESSAGE][PASSED] - Object: 'Object Repository/HealthpostToStore/Page_HealthPost Store/button_Add' is clicked on

2018-06-09 21:53:38 - [TEST_STEP][PASSED] - selectOptionByIndex: All options with index in [5] are selected on object 'Object Repository/HealthpostToStore/Page_HealthPost Store/select_--Select--Schedule 1Inj'

2018-06-09 21:53:38 - [MESSAGE][PASSED] - All options with index in [5] are selected on object 'Object Repository/HealthpostToStore/Page_HealthPost Store/select_--Select--Schedule 1Inj'

2018-06-09 21:53:38 - [TEST_STEP][PASSED] - delay: Delayed 1 second(s)

2018-06-09 21:53:39 - [MESSAGE][PASSED] - Delayed 1 second(s)

2018-06-09 21:53:39 - [TEST_STEP][PASSED] - selectOptionByIndex: All options with index in [10] are selected on object 'Object Repository/HealthpostToStore/Page_HealthPost Store/select_--Select--Adernaline 0.'

2018-06-09 21:53:39 - [MESSAGE][PASSED] - All options with index in [10] are selected on object 'Object Repository/HealthpostToStore/Page_HealthPost Store/select_--Select--Adernaline 0.'

2018-06-09 21:53:39 - [TEST_STEP][PASSED] - setText: Text '10' is set on object 'Object Repository/HealthpostToStore/Page_HealthPost Store/input_txttreat'

2018-06-09 21:53:39 - [MESSAGE][PASSED] - Text '10' is set on object 'Object Repository/HealthpostToStore/Page_HealthPost Store/input_txttreat'

2018-06-09 21:53:39 - [TEST_STEP][PASSED] - click: Object: 'Object Repository/HealthpostToStore/Page_HealthPost Store/button_Add' is clicked on

2018-06-09 21:53:39 - [MESSAGE][PASSED] - Object: 'Object Repository/HealthpostToStore/Page_HealthPost Store/button_Add' is clicked on

2018-06-09 21:53:39 - [TEST_STEP][PASSED] - selectOptionByIndex: All options with index in [5] are selected on object 'Object Repository/HealthpostToStore/Page_HealthPost Store/select_--Select--Schedule 1Inj'

2018-06-09 21:53:40 - [MESSAGE][PASSED] - All options with index in [5] are selected on object 'Object Repository/HealthpostToStore/Page_HealthPost Store/select_--Select--Schedule 1Inj'

2018-06-09 21:53:40 - [TEST_STEP][PASSED] - delay: Delayed 1 second(s)

2018-06-09 21:53:41 - [MESSAGE][PASSED] - Delayed 1 second(s)

2018-06-09 21:53:41 - [TEST_STEP][PASSED] - selectOptionByIndex: All options with index in [11] are selected on object 'Object Repository/HealthpostToStore/Page_HealthPost Store/select_--Select--Adernaline 0.'

2018-06-09 21:53:41 - [MESSAGE][PASSED] - All options with index in [11] are selected on object 'Object Repository/HealthpostToStore/Page_HealthPost Store/select_--Select--Adernaline 0.'

2018-06-09 21:53:41 - [TEST_STEP][PASSED] - setText: Text '10' is set on object 'Object Repository/HealthpostToStore/Page_HealthPost Store/input_txttreat'

2018-06-09 21:53:41 - [MESSAGE][PASSED] - Text '10' is set on object 'Object Repository/HealthpostToStore/Page_HealthPost Store/input_txttreat'

2018-06-09 21:53:41 - [TEST_STEP][PASSED] - click: Object: 'Object Repository/HealthpostToStore/Page_HealthPost Store/button_Add' is clicked on

2018-06-09 21:53:41 - [MESSAGE][PASSED] - Object: 'Object Repository/HealthpostToStore/Page_HealthPost Store/button_Add' is clicked on

2018-06-09 21:53:41 - [TEST_STEP][PASSED] - selectOptionByIndex: All options with index in [5] are selected on object 'Object Repository/HealthpostToStore/Page_HealthPost Store/select_--Select--Schedule 1Inj'

2018-06-09 21:53:41 - [MESSAGE][PASSED] - All options with index in [5] are selected on object 'Object Repository/HealthpostToStore/Page_HealthPost Store/select_--Select--Schedule 1Inj'

2018-06-09 21:53:41 - [TEST_STEP][PASSED] - delay: Delayed 1 second(s)

2018-06-09 21:53:42 - [MESSAGE][PASSED] - Delayed 1 second(s)

2018-06-09 21:53:42 - [TEST_STEP][PASSED] - selectOptionByIndex: All options with index in [12] are selected on object 'Object Repository/HealthpostToStore/Page_HealthPost Store/select_--Select--Adernaline 0.'

2018-06-09 21:53:42 - [MESSAGE][PASSED] - All options with index in [12] are selected on object 'Object Repository/HealthpostToStore/Page_HealthPost Store/select_--Select--Adernaline 0.'

2018-06-09 21:53:42 - [TEST_STEP][PASSED] - setText: Text '10' is set on object 'Object Repository/HealthpostToStore/Page_HealthPost Store/input_txttreat'

2018-06-09 21:53:43 - [MESSAGE][PASSED] - Text '10' is set on object 'Object Repository/HealthpostToStore/Page_HealthPost Store/input_txttreat'

2018-06-09 21:53:43 - [TEST_STEP][PASSED] - click: Object: 'Object Repository/HealthpostToStore/Page_HealthPost Store/button_Add' is clicked on

2018-06-09 21:53:43 - [MESSAGE][PASSED] - Object: 'Object Repository/HealthpostToStore/Page_HealthPost Store/button_Add' is clicked on

2018-06-09 21:53:43 - [TEST_STEP][PASSED] - selectOptionByIndex: All options with index in [5] are selected on object 'Object Repository/HealthpostToStore/Page_HealthPost Store/select_--Select--Schedule 1Inj'

2018-06-09 21:53:43 - [MESSAGE][PASSED] - All options with index in [5] are selected on object 'Object Repository/HealthpostToStore/Page_HealthPost Store/select_--Select--Schedule 1Inj'

2018-06-09 21:53:43 - [TEST_STEP][PASSED] - delay: Delayed 1 second(s)

2018-06-09 21:53:44 - [MESSAGE][PASSED] - Delayed 1 second(s)

2018-06-09 21:53:44 - [TEST_STEP][PASSED] - selectOptionByIndex: All options with index in [13] are selected on object 'Object Repository/HealthpostToStore/Page_HealthPost Store/select_--Select--Adernaline 0.'

2018-06-09 21:53:44 - [MESSAGE][PASSED] - All options with index in [13] are selected on object 'Object Repository/HealthpostToStore/Page_HealthPost Store/select_--Select--Adernaline 0.'

2018-06-09 21:53:44 - [TEST_STEP][PASSED] - setText: Text '10' is set on object 'Object Repository/HealthpostToStore/Page_HealthPost Store/input_txttreat'

2018-06-09 21:53:44 - [MESSAGE][PASSED] - Text '10' is set on object 'Object Repository/HealthpostToStore/Page_HealthPost Store/input_txttreat'

2018-06-09 21:53:44 - [TEST_STEP][PASSED] - click: Object: 'Object Repository/HealthpostToStore/Page_HealthPost Store/button_Add' is clicked on

2018-06-09 21:53:44 - [MESSAGE][PASSED] - Object: 'Object Repository/HealthpostToStore/Page_HealthPost Store/button_Add' is clicked on

2018-06-09 21:53:44 - [TEST_STEP][PASSED] - selectOptionByIndex: All options with index in [5] are selected on object 'Object Repository/HealthpostToStore/Page_HealthPost Store/select_--Select--Schedule 1Inj'

2018-06-09 21:53:44 - [MESSAGE][PASSED] - All options with index in [5] are selected on object 'Object Repository/HealthpostToStore/Page_HealthPost Store/select_--Select--Schedule 1Inj'

2018-06-09 21:53:44 - [TEST_STEP][PASSED] - delay: Delayed 1 second(s)

2018-06-09 21:53:45 - [MESSAGE][PASSED] - Delayed 1 second(s)

2018-06-09 21:53:45 - [TEST_STEP][PASSED] - selectOptionByIndex: All options with index in [14] are selected on object 'Object Repository/HealthpostToStore/Page_HealthPost Store/select_--Select--Adernaline 0.'

2018-06-09 21:53:46 - [MESSAGE][PASSED] - All options with index in [14] are selected on object 'Object Repository/HealthpostToStore/Page_HealthPost Store/select_--Select--Adernaline 0.'

2018-06-09 21:53:46 - [TEST_STEP][PASSED] - setText: Text '10' is set on object 'Object Repository/HealthpostToStore/Page_HealthPost Store/input_txttreat'

2018-06-09 21:53:46 - [MESSAGE][PASSED] - Text '10' is set on object 'Object Repository/HealthpostToStore/Page_HealthPost Store/input_txttreat'

2018-06-09 21:53:46 - [TEST_STEP][PASSED] - click: Object: 'Object Repository/HealthpostToStore/Page_HealthPost Store/button_Add' is clicked on

2018-06-09 21:53:46 - [MESSAGE][PASSED] - Object: 'Object Repository/HealthpostToStore/Page_HealthPost Store/button_Add' is clicked on

2018-06-09 21:53:46 - [TEST_STEP][PASSED] - selectOptionByIndex: All options with index in [5] are selected on object 'Object Repository/HealthpostToStore/Page_HealthPost Store/select_--Select--Schedule 1Inj'

2018-06-09 21:53:46 - [MESSAGE][PASSED] - All options with index in [5] are selected on object 'Object Repository/HealthpostToStore/Page_HealthPost Store/select_--Select--Schedule 1Inj'

2018-06-09 21:53:46 - [TEST_STEP][PASSED] - delay: Delayed 1 second(s)

2018-06-09 21:53:47 - [MESSAGE][PASSED] - Delayed 1 second(s)

2018-06-09 21:53:47 - [TEST_STEP][PASSED] - selectOptionByIndex: All options with index in [15] are selected on object 'Object Repository/HealthpostToStore/Page_HealthPost Store/select_--Select--Adernaline 0.'

2018-06-09 21:53:47 - [MESSAGE][PASSED] - All options with index in [15] are selected on object 'Object Repository/HealthpostToStore/Page_HealthPost Store/select_--Select--Adernaline 0.'

2018-06-09 21:53:47 - [TEST_STEP][PASSED] - setText: Text '10' is set on object 'Object Repository/HealthpostToStore/Page_HealthPost Store/input_txttreat'

2018-06-09 21:53:47 - [MESSAGE][PASSED] - Text '10' is set on object 'Object Repository/HealthpostToStore/Page_HealthPost Store/input_txttreat'

2018-06-09 21:53:47 - [TEST_STEP][PASSED] - click: Object: 'Object Repository/HealthpostToStore/Page_HealthPost Store/button_Add' is clicked on

2018-06-09 21:53:47 - [MESSAGE][PASSED] - Object: 'Object Repository/HealthpostToStore/Page_HealthPost Store/button_Add' is clicked on

2018-06-09 21:53:47 - [TEST_STEP][PASSED] - selectOptionByIndex: All options with index in [5] are selected on object 'Object Repository/HealthpostToStore/Page_HealthPost Store/select_--Select--Schedule 1Inj'

2018-06-09 21:53:48 - [MESSAGE][PASSED] - All options with index in [5] are selected on object 'Object Repository/HealthpostToStore/Page_HealthPost Store/select_--Select--Schedule 1Inj'

2018-06-09 21:53:48 - [TEST_STEP][PASSED] - delay: Delayed 1 second(s)

2018-06-09 21:53:49 - [MESSAGE][PASSED] - Delayed 1 second(s)

2018-06-09 21:53:49 - [TEST_STEP][PASSED] - selectOptionByIndex: All options with index in [16] are selected on object 'Object Repository/HealthpostToStore/Page_HealthPost Store/select_--Select--Adernaline 0.'

2018-06-09 21:53:49 - [MESSAGE][PASSED] - All options with index in [16] are selected on object 'Object Repository/HealthpostToStore/Page_HealthPost Store/select_--Select--Adernaline 0.'

2018-06-09 21:53:49 - [TEST_STEP][PASSED] - setText: Text '10' is set on object 'Object Repository/HealthpostToStore/Page_HealthPost Store/input_txttreat'

2018-06-09 21:53:49 - [MESSAGE][PASSED] - Text '10' is set on object 'Object Repository/HealthpostToStore/Page_HealthPost Store/input_txttreat'

2018-06-09 21:53:49 - [TEST_STEP][PASSED] - click: Object: 'Object Repository/HealthpostToStore/Page_HealthPost Store/button_Add' is clicked on

2018-06-09 21:53:49 - [MESSAGE][PASSED] - Object: 'Object Repository/HealthpostToStore/Page_HealthPost Store/button_Add' is clicked on

2018-06-09 21:53:49 - [TEST_STEP][PASSED] - scrollToElement: Scroll to object 'Object Repository/HealthpostToStore/Page_HealthPost Store/input_btnsave' successfully

2018-06-09 21:53:49 - [MESSAGE][PASSED] - Scroll to object 'Object Repository/HealthpostToStore/Page_HealthPost Store/input_btnsave' successfully

2018-06-09 21:53:49 - [TEST_STEP][PASSED] - click: Object: 'Object Repository/HealthpostToStore/Page_HealthPost Store/input_btnsave' is clicked on

2018-06-09 21:53:49 - [MESSAGE][PASSED] - Object: 'Object Repository/HealthpostToStore/Page_HealthPost Store/input_btnsave' is clicked on

2018-06-09 21:53:49 - [TEST_STEP][PASSED] - delay: Delayed 3 second(s)

2018-06-09 21:53:52 - [MESSAGE][PASSED] - Delayed 3 second(s)

2018-06-09 21:53:52 - [TEST_STEP][PASSED] - Statement - RN1 = com.kms.katalon.core.webui.keyword.WebUiBuiltInKeywords.getText(com.kms.katalon.core.testobject.ObjectRepository.findTestObject(HealthpostToStore/Page_HealthPost Store/font_HPRNO180520187)): Text of object 'Object Repository/HealthpostToStore/Page_HealthPost Store/font_HPRNO180520187' is: 'HPRNO/09062018/224'

2018-06-09 21:53:52 - [MESSAGE][PASSED] - Text of object 'Object Repository/HealthpostToStore/Page_HealthPost Store/font_HPRNO180520187' is: 'HPRNO/09062018/224'

2018-06-09 21:53:52 - [TEST_STEP][PASSED] - Statement - out.println(RN1): null

2018-06-09 21:53:52 - [TEST_STEP][PASSED] - Statement - RID = RN1.split("/")[2]: null

2018-06-09 21:53:52 - [TEST_STEP][PASSED] - click: Object: 'Object Repository/HealthpostToStore/Page_HealthPost Store/button_OK' is clicked on

2018-06-09 21:53:53 - [MESSAGE][PASSED] - Object: 'Object Repository/HealthpostToStore/Page_HealthPost Store/button_OK' is clicked on

2018-06-09 21:53:53 - [TEST_STEP][PASSED] - delay: Delayed 3 second(s)

2018-06-09 21:53:56 - [MESSAGE][PASSED] - Delayed 3 second(s)

2018-06-09 21:53:56 - [TEST_STEP][PASSED] - click: Object: 'Object Repository/HealthpostToStore/Page_HealthPost Store/a_dropdown-toggle' is clicked on

2018-06-09 21:53:56 - [MESSAGE][PASSED] - Object: 'Object Repository/HealthpostToStore/Page_HealthPost Store/a_dropdown-toggle' is clicked on

2018-06-09 21:53:56 - [TEST_STEP][PASSED] - click: Object: 'Object Repository/HealthpostToStore/Page_HealthPost Store/a_Sign out' is clicked on

2018-06-09 21:53:56 - [MESSAGE][PASSED] - Object: 'Object Repository/HealthpostToStore/Page_HealthPost Store/a_Sign out' is clicked on

2018-06-09 21:53:56 - [TEST_STEP][PASSED] - delay: Delayed 3 second(s)

2018-06-09 21:53:59 - [MESSAGE][PASSED] - Delayed 3 second(s)

2018-06-09 21:53:59 - [TEST_STEP][PASSED] - navigateToUrl: Navigate to 'http://192.168.137.1/multihospital_new/' successfully

2018-06-09 21:54:00 - [MESSAGE][PASSED] - Navigate to 'http://192.168.137.1/multihospital_new/' successfully

2018-06-09 21:54:00 - [TEST_STEP][PASSED] - click: Object: 'Object Repository/HealthpostToStore/Page_KDMC/a_CMO' is clicked on

2018-06-09 21:54:00 - [MESSAGE][PASSED] - Object: 'Object Repository/HealthpostToStore/Page_KDMC/a_CMO' is clicked on

2018-06-09 21:54:00 - [TEST_STEP][PASSED] - setText: Text 'guru' is set on object 'Object Repository/HealthpostToStore/Page_CMO login/input_txtusername'

2018-06-09 21:54:01 - [MESSAGE][PASSED] - Text 'guru' is set on object 'Object Repository/HealthpostToStore/Page_CMO login/input_txtusername'

2018-06-09 21:54:01 - [TEST_STEP][PASSED] - setText: Text '123' is set on object 'Object Repository/HealthpostToStore/Page_CMO login/input_txtpassword'

2018-06-09 21:54:01 - [MESSAGE][PASSED] - Text '123' is set on object 'Object Repository/HealthpostToStore/Page_CMO login/input_txtpassword'

2018-06-09 21:54:01 - [TEST_STEP][PASSED] - delay: Delayed 3 second(s)

2018-06-09 21:54:04 - [MESSAGE][PASSED] - Delayed 3 second(s)

2018-06-09 21:54:04 - [TEST_STEP][PASSED] - click: Object: 'Object Repository/HealthpostToStore/Page_CMO login/button_Sign in' is clicked on

2018-06-09 21:54:05 - [MESSAGE][PASSED] - Object: 'Object Repository/HealthpostToStore/Page_CMO login/button_Sign in' is clicked on

2018-06-09 21:54:05 - [TEST_STEP][PASSED] - click: Object: 'Object Repository/HealthpostToStore/Page_KDMC - CMO/a_Department Wise Request' is clicked on

2018-06-09 21:54:07 - [MESSAGE][PASSED] - Object: 'Object Repository/HealthpostToStore/Page_KDMC - CMO/a_Department Wise Request' is clicked on

2018-06-09 21:54:07 - [TEST_STEP][PASSED] - delay: Delayed 2 second(s)

2018-06-09 21:54:09 - [MESSAGE][PASSED] - Delayed 2 second(s)

2018-06-09 21:54:09 - [TEST_STEP][PASSED] - selectOptionByIndex: All options with index in [5] are selected on object 'Object Repository/HealthpostToStore/Page_KDMC - CMO/select_--ALL--'

2018-06-09 21:54:09 - [MESSAGE][PASSED] - All options with index in [5] are selected on object 'Object Repository/HealthpostToStore/Page_KDMC - CMO/select_--ALL--'

2018-06-09 21:54:09 - [TEST_STEP][PASSED] - click: Object: 'Object Repository/HealthpostToStore/Page_KDMC - CMO/input_btnsearch' is clicked on

2018-06-09 21:54:09 - [MESSAGE][PASSED] - Object: 'Object Repository/HealthpostToStore/Page_KDMC - CMO/input_btnsearch' is clicked on

2018-06-09 21:54:09 - [TEST_STEP][PASSED] - selectOptionByIndex: All options with index in [1] are selected on object 'Object Repository/HealthpostToStore/Page_KDMC - CMO/select_--ALL--                _1'

2018-06-09 21:54:09 - [MESSAGE][PASSED] - All options with index in [1] are selected on object 'Object Repository/HealthpostToStore/Page_KDMC - CMO/select_--ALL--                _1'

2018-06-09 21:54:09 - [TEST_STEP][PASSED] - click: Object: 'Object Repository/HealthpostToStore/Page_KDMC - CMO/input_btnsearch' is clicked on

2018-06-09 21:54:09 - [MESSAGE][PASSED] - Object: 'Object Repository/HealthpostToStore/Page_KDMC - CMO/input_btnsearch' is clicked on

2018-06-09 21:54:09 - [TEST_STEP][PASSED] - Statement - ID = com.kms.katalon.core.webui.keyword.WebUiBuiltInKeywords.modifyObjectProperty(com.kms.katalon.core.testobject.ObjectRepository.findTestObject(lab/Page_KDMC - CMO/input_1), "xpath", "equals", "//*[@id=" + RID + "]", true): Modify property of object successfully

2018-06-09 21:54:09 - [MESSAGE][PASSED] - Modify property of object successfully

2018-06-09 21:54:09 - [TEST_STEP][PASSED] - click: Object: 'Object Repository/lab/Page_KDMC - CMO/input_1' is clicked on

2018-06-09 21:54:10 - [MESSAGE][PASSED] - Object: 'Object Repository/lab/Page_KDMC - CMO/input_1' is clicked on

2018-06-09 21:54:10 - [TEST_STEP][PASSED] - delay: Delayed 2 second(s)

2018-06-09 21:54:12 - [MESSAGE][PASSED] - Delayed 2 second(s)

2018-06-09 21:54:12 - [TEST_STEP][PASSED] - selectOptionByIndex: All options with index in [1] are selected on object 'Object Repository/HealthpostToStore/Page_KDMC - CMO/select_--Select--'

2018-06-09 21:54:12 - [MESSAGE][PASSED] - All options with index in [1] are selected on object 'Object Repository/HealthpostToStore/Page_KDMC - CMO/select_--Select--'

2018-06-09 21:54:12 - [TEST_STEP][PASSED] - click: Object: 'Object Repository/HealthpostToStore/Page_KDMC - CMO/input_btnupdate' is clicked on

2018-06-09 21:54:12 - [MESSAGE][PASSED] - Object: 'Object Repository/HealthpostToStore/Page_KDMC - CMO/input_btnupdate' is clicked on

2018-06-09 21:54:12 - [TEST_STEP][PASSED] - delay: Delayed 2 second(s)

2018-06-09 21:54:14 - [MESSAGE][PASSED] - Delayed 2 second(s)

2018-06-09 21:54:14 - [TEST_STEP][PASSED] - click: Object: 'Object Repository/HealthpostToStore/Page_KDMC - CMO/button_OK' is clicked on

2018-06-09 21:54:15 - [MESSAGE][PASSED] - Object: 'Object Repository/HealthpostToStore/Page_KDMC - CMO/button_OK' is clicked on

2018-06-09 21:54:15 - [TEST_STEP][PASSED] - delay: Delayed 2 second(s)

2018-06-09 21:54:17 - [MESSAGE][PASSED] - Delayed 2 second(s)

2018-06-09 21:54:17 - [TEST_STEP][PASSED] - click: Object: 'Object Repository/HealthpostToStore/Page_KDMC - CMO/a_dropdown-toggle' is clicked on

2018-06-09 21:54:17 - [MESSAGE][PASSED] - Object: 'Object Repository/HealthpostToStore/Page_KDMC - CMO/a_dropdown-toggle' is clicked on

2018-06-09 21:54:17 - [TEST_STEP][PASSED] - click: Object: 'Object Repository/HealthpostToStore/Page_KDMC - CMO/a_Sign out' is clicked on

2018-06-09 21:54:17 - [MESSAGE][PASSED] - Object: 'Object Repository/HealthpostToStore/Page_KDMC - CMO/a_Sign out' is clicked on

2018-06-09 21:54:17 - [TEST_STEP][PASSED] - delay: Delayed 3 second(s)

2018-06-09 21:54:20 - [MESSAGE][PASSED] - Delayed 3 second(s)

2018-06-09 21:54:20 - [TEST_STEP][PASSED] - click: Object: 'Object Repository/HealthpostToStore/Page_KDMC/a_Divisional Store' is clicked on

2018-06-09 21:54:21 - [MESSAGE][PASSED] - Object: 'Object Repository/HealthpostToStore/Page_KDMC/a_Divisional Store' is clicked on

2018-06-09 21:54:21 - [TEST_STEP][PASSED] - setText: Text 'ragu' is set on object 'Object Repository/HealthpostToStore/Page_Divisonal Store Login/input_txtusername'

2018-06-09 21:54:21 - [MESSAGE][PASSED] - Text 'ragu' is set on object 'Object Repository/HealthpostToStore/Page_Divisonal Store Login/input_txtusername'

2018-06-09 21:54:21 - [TEST_STEP][PASSED] - setText: Text '123' is set on object 'Object Repository/HealthpostToStore/Page_Divisonal Store Login/input_txtpassword'

2018-06-09 21:54:21 - [MESSAGE][PASSED] - Text '123' is set on object 'Object Repository/HealthpostToStore/Page_Divisonal Store Login/input_txtpassword'

2018-06-09 21:54:21 - [TEST_STEP][PASSED] - delay: Delayed 3 second(s)

2018-06-09 21:54:24 - [MESSAGE][PASSED] - Delayed 3 second(s)

2018-06-09 21:54:24 - [TEST_STEP][PASSED] - click: Object: 'Object Repository/HealthpostToStore/Page_Divisonal Store Login/button_Sign in' is clicked on

2018-06-09 21:54:26 - [MESSAGE][PASSED] - Object: 'Object Repository/HealthpostToStore/Page_Divisonal Store Login/button_Sign in' is clicked on

2018-06-09 21:54:26 - [TEST_STEP][PASSED] - delay: Delayed 3 second(s)

2018-06-09 21:54:29 - [MESSAGE][PASSED] - Delayed 3 second(s)

2018-06-09 21:54:29 - [TEST_STEP][PASSED] - click: Object: 'Object Repository/HealthpostToStore/Page_Store/a_Health Post Request' is clicked on

2018-06-09 21:54:29 - [MESSAGE][PASSED] - Object: 'Object Repository/HealthpostToStore/Page_Store/a_Health Post Request' is clicked on

2018-06-09 21:54:29 - [TEST_STEP][PASSED] - click: Object: 'Object Repository/HealthpostToStore/Page_Store/a_Request Item HealthPost' is clicked on

2018-06-09 21:54:30 - [MESSAGE][PASSED] - Object: 'Object Repository/HealthpostToStore/Page_Store/a_Request Item HealthPost' is clicked on

2018-06-09 21:54:30 - [TEST_STEP][PASSED] - Statement - ChooseRequest = com.kms.katalon.core.webui.keyword.WebUiBuiltInKeywords.modifyObjectProperty(com.kms.katalon.core.testobject.ObjectRepository.findTestObject(lab/Page_Store/input_1), "xpath", "equals", "//*[@id=" + RID + "]", true): Modify property of object successfully

2018-06-09 21:54:30 - [MESSAGE][PASSED] - Modify property of object successfully

2018-06-09 21:54:30 - [TEST_STEP][PASSED] - click: Object: 'Object Repository/lab/Page_Store/input_1' is clicked on

2018-06-09 21:54:31 - [MESSAGE][PASSED] - Object: 'Object Repository/lab/Page_Store/input_1' is clicked on

2018-06-09 21:54:31 - [TEST_STEP][PASSED] - Statement - selectedoptions = com.kms.katalon.core.webui.keyword.WebUiBuiltInKeywords.getNumberOfTotalOption(com.kms.katalon.core.testobject.ObjectRepository.findTestObject(HealthpostToStore/Page_Store/select_--Select--Adernaline 0.)): 17 options of object 'Object Repository/HealthpostToStore/Page_Store/select_--Select--Adernaline 0.' counted

2018-06-09 21:54:31 - [MESSAGE][PASSED] - 17 options of object 'Object Repository/HealthpostToStore/Page_Store/select_--Select--Adernaline 0.' counted

2018-06-09 21:54:31 - [TEST_STEP][FAILED] - Statement - For ([a = 1, a <= selectedoptions - 1, (a++)]): null

2018-06-09 21:54:31 - [TEST_STEP][PASSED] - selectOptionByIndex: All options with index in [1] are selected on object 'Object Repository/HealthpostToStore/Page_Store/select_--Select--Adernaline 0.'

2018-06-09 21:54:31 - [MESSAGE][PASSED] - All options with index in [1] are selected on object 'Object Repository/HealthpostToStore/Page_Store/select_--Select--Adernaline 0.'

2018-06-09 21:54:31 - [TEST_STEP][PASSED] - delay: Delayed 2 second(s)

2018-06-09 21:54:33 - [MESSAGE][PASSED] - Delayed 2 second(s)

2018-06-09 21:54:33 - [TEST_STEP][PASSED] - Statement - RequestedQty = com.kms.katalon.core.webui.keyword.WebUiBuiltInKeywords.getAttribute(com.kms.katalon.core.testobject.ObjectRepository.findTestObject(HealthpostToStore/Page_Store/input_txttotal), "value"): Attribute 'value' of object 'Object Repository/HealthpostToStore/Page_Store/input_txttotal' is: '10'

2018-06-09 21:54:33 - [MESSAGE][PASSED] - Attribute 'value' of object 'Object Repository/HealthpostToStore/Page_Store/input_txttotal' is: '10'

2018-06-09 21:54:33 - [TEST_STEP][PASSED] - Statement - out.println("Requested QTY : " + RequestedQty): null

2018-06-09 21:54:33 - [TEST_STEP][PASSED] - Statement - BatchNumber = com.kms.katalon.core.webui.keyword.WebUiBuiltInKeywords.getNumberOfTotalOption(com.kms.katalon.core.testobject.ObjectRepository.findTestObject(HealthpostToStore/Page_Store/select_--Select--BA1170BA2376B)): 4 options of object 'Object Repository/HealthpostToStore/Page_Store/select_--Select--BA1170BA2376B' counted

2018-06-09 21:54:33 - [MESSAGE][PASSED] - 4 options of object 'Object Repository/HealthpostToStore/Page_Store/select_--Select--BA1170BA2376B' counted

2018-06-09 21:54:33 - [TEST_STEP][PASSED] - Statement - For ([g = 1, g <= BatchNumber - 1, (g++)]): null

2018-06-09 21:54:33 - [TEST_STEP][PASSED] - selectOptionByIndex: All options with index in [1] are selected on object 'Object Repository/HealthpostToStore/Page_Store/select_--Select--BA1170BA2376B'

2018-06-09 21:54:33 - [MESSAGE][PASSED] - All options with index in [1] are selected on object 'Object Repository/HealthpostToStore/Page_Store/select_--Select--BA1170BA2376B'

2018-06-09 21:54:33 - [TEST_STEP][PASSED] - Statement - Try: null

2018-06-09 21:54:33 - [TEST_STEP][PASSED] - Statement - StockQty = com.kms.katalon.core.webui.keyword.WebUiBuiltInKeywords.getAttribute(com.kms.katalon.core.testobject.ObjectRepository.findTestObject(HealthpostToStore/Page_Store/input_txtprice), "value"): Attribute 'value' of object 'Object Repository/HealthpostToStore/Page_Store/input_txtprice' is: '1670'

2018-06-09 21:54:33 - [MESSAGE][PASSED] - Attribute 'value' of object 'Object Repository/HealthpostToStore/Page_Store/input_txtprice' is: '1670'

2018-06-09 21:54:33 - [TEST_STEP][PASSED] - Statement - out.println("Stock QTY : " + StockQty): null

2018-06-09 21:54:33 - [TEST_STEP][PASSED] - delay: Delayed 2 second(s)

2018-06-09 21:54:35 - [MESSAGE][PASSED] - Delayed 2 second(s)

2018-06-09 21:54:35 - [TEST_STEP][PASSED] - Statement - If (java.lang.String.valueOf(StockQty) >= java.lang.String.valueOf(RequestedQty)): null

2018-06-09 21:54:35 - [TEST_STEP][PASSED] - setText: Text '10' is set on object 'Object Repository/HealthpostToStore/Page_Store/input_txtqty'

2018-06-09 21:54:35 - [MESSAGE][PASSED] - Text '10' is set on object 'Object Repository/HealthpostToStore/Page_Store/input_txtqty'

2018-06-09 21:54:35 - [TEST_STEP][PASSED] - click: Object: 'Object Repository/HealthpostToStore/Page_Store/button_Add' is clicked on

2018-06-09 21:54:36 - [MESSAGE][PASSED] - Object: 'Object Repository/HealthpostToStore/Page_Store/button_Add' is clicked on

2018-06-09 21:54:36 - [TEST_STEP][PASSED] - Statement - Break: null

2018-06-09 21:54:36 - [TEST_STEP][PASSED] - selectOptionByIndex: All options with index in [2] are selected on object 'Object Repository/HealthpostToStore/Page_Store/select_--Select--Adernaline 0.'

2018-06-09 21:54:36 - [MESSAGE][PASSED] - All options with index in [2] are selected on object 'Object Repository/HealthpostToStore/Page_Store/select_--Select--Adernaline 0.'

2018-06-09 21:54:36 - [TEST_STEP][PASSED] - delay: Delayed 2 second(s)

2018-06-09 21:54:38 - [MESSAGE][PASSED] - Delayed 2 second(s)

2018-06-09 21:54:38 - [TEST_STEP][PASSED] - Statement - RequestedQty = com.kms.katalon.core.webui.keyword.WebUiBuiltInKeywords.getAttribute(com.kms.katalon.core.testobject.ObjectRepository.findTestObject(HealthpostToStore/Page_Store/input_txttotal), "value"): Attribute 'value' of object 'Object Repository/HealthpostToStore/Page_Store/input_txttotal' is: '10'

2018-06-09 21:54:38 - [MESSAGE][PASSED] - Attribute 'value' of object 'Object Repository/HealthpostToStore/Page_Store/input_txttotal' is: '10'

2018-06-09 21:54:38 - [TEST_STEP][PASSED] - Statement - out.println("Requested QTY : " + RequestedQty): null

2018-06-09 21:54:38 - [TEST_STEP][PASSED] - Statement - BatchNumber = com.kms.katalon.core.webui.keyword.WebUiBuiltInKeywords.getNumberOfTotalOption(com.kms.katalon.core.testobject.ObjectRepository.findTestObject(HealthpostToStore/Page_Store/select_--Select--BA1170BA2376B)): 4 options of object 'Object Repository/HealthpostToStore/Page_Store/select_--Select--BA1170BA2376B' counted

2018-06-09 21:54:38 - [MESSAGE][PASSED] - 4 options of object 'Object Repository/HealthpostToStore/Page_Store/select_--Select--BA1170BA2376B' counted

2018-06-09 21:54:38 - [TEST_STEP][PASSED] - Statement - For ([g = 1, g <= BatchNumber - 1, (g++)]): null

2018-06-09 21:54:38 - [TEST_STEP][PASSED] - selectOptionByIndex: All options with index in [1] are selected on object 'Object Repository/HealthpostToStore/Page_Store/select_--Select--BA1170BA2376B'

2018-06-09 21:54:38 - [MESSAGE][PASSED] - All options with index in [1] are selected on object 'Object Repository/HealthpostToStore/Page_Store/select_--Select--BA1170BA2376B'

2018-06-09 21:54:38 - [TEST_STEP][PASSED] - Statement - Try: null

2018-06-09 21:54:38 - [TEST_STEP][PASSED] - Statement - StockQty = com.kms.katalon.core.webui.keyword.WebUiBuiltInKeywords.getAttribute(com.kms.katalon.core.testobject.ObjectRepository.findTestObject(HealthpostToStore/Page_Store/input_txtprice), "value"): Attribute 'value' of object 'Object Repository/HealthpostToStore/Page_Store/input_txtprice' is: ''

2018-06-09 21:54:38 - [MESSAGE][PASSED] - Attribute 'value' of object 'Object Repository/HealthpostToStore/Page_Store/input_txtprice' is: ''

2018-06-09 21:54:38 - [TEST_STEP][PASSED] - Statement - out.println("Stock QTY : " + StockQty): null

2018-06-09 21:54:38 - [TEST_STEP][PASSED] - delay: Delayed 2 second(s)

2018-06-09 21:54:40 - [MESSAGE][PASSED] - Delayed 2 second(s)

2018-06-09 21:54:40 - [TEST_STEP][PASSED] - Statement - If (java.lang.String.valueOf(StockQty) >= java.lang.String.valueOf(RequestedQty)): null

2018-06-09 21:54:40 - [TEST_STEP][PASSED] - Statement - Else: null

2018-06-09 21:54:40 - [TEST_STEP][PASSED] - Statement - out.println("Stock Is Less Than Requested Qty"): null

2018-06-09 21:54:40 - [TEST_STEP][PASSED] - selectOptionByIndex: All options with index in [2] are selected on object 'Object Repository/HealthpostToStore/Page_Store/select_--Select--BA1170BA2376B'

2018-06-09 21:54:40 - [MESSAGE][PASSED] - All options with index in [2] are selected on object 'Object Repository/HealthpostToStore/Page_Store/select_--Select--BA1170BA2376B'

2018-06-09 21:54:40 - [TEST_STEP][PASSED] - Statement - Try: null

2018-06-09 21:54:40 - [TEST_STEP][PASSED] - Statement - StockQty = com.kms.katalon.core.webui.keyword.WebUiBuiltInKeywords.getAttribute(com.kms.katalon.core.testobject.ObjectRepository.findTestObject(HealthpostToStore/Page_Store/input_txtprice), "value"): Attribute 'value' of object 'Object Repository/HealthpostToStore/Page_Store/input_txtprice' is: '1428'

2018-06-09 21:54:40 - [MESSAGE][PASSED] - Attribute 'value' of object 'Object Repository/HealthpostToStore/Page_Store/input_txtprice' is: '1428'

2018-06-09 21:54:40 - [TEST_STEP][PASSED] - Statement - out.println("Stock QTY : " + StockQty): null

2018-06-09 21:54:40 - [TEST_STEP][PASSED] - delay: Delayed 2 second(s)

2018-06-09 21:54:42 - [MESSAGE][PASSED] - Delayed 2 second(s)

2018-06-09 21:54:42 - [TEST_STEP][PASSED] - Statement - If (java.lang.String.valueOf(StockQty) >= java.lang.String.valueOf(RequestedQty)): null

2018-06-09 21:54:42 - [TEST_STEP][PASSED] - setText: Text '10' is set on object 'Object Repository/HealthpostToStore/Page_Store/input_txtqty'

2018-06-09 21:54:42 - [MESSAGE][PASSED] - Text '10' is set on object 'Object Repository/HealthpostToStore/Page_Store/input_txtqty'

2018-06-09 21:54:42 - [TEST_STEP][PASSED] - click: Object: 'Object Repository/HealthpostToStore/Page_Store/button_Add' is clicked on

2018-06-09 21:54:42 - [MESSAGE][PASSED] - Object: 'Object Repository/HealthpostToStore/Page_Store/button_Add' is clicked on

2018-06-09 21:54:42 - [TEST_STEP][PASSED] - Statement - Break: null

2018-06-09 21:54:42 - [TEST_STEP][PASSED] - selectOptionByIndex: All options with index in [3] are selected on object 'Object Repository/HealthpostToStore/Page_Store/select_--Select--Adernaline 0.'

2018-06-09 21:54:42 - [MESSAGE][PASSED] - All options with index in [3] are selected on object 'Object Repository/HealthpostToStore/Page_Store/select_--Select--Adernaline 0.'

2018-06-09 21:54:42 - [TEST_STEP][PASSED] - delay: Delayed 2 second(s)

2018-06-09 21:54:44 - [MESSAGE][PASSED] - Delayed 2 second(s)

2018-06-09 21:54:44 - [TEST_STEP][PASSED] - Statement - RequestedQty = com.kms.katalon.core.webui.keyword.WebUiBuiltInKeywords.getAttribute(com.kms.katalon.core.testobject.ObjectRepository.findTestObject(HealthpostToStore/Page_Store/input_txttotal), "value"): Attribute 'value' of object 'Object Repository/HealthpostToStore/Page_Store/input_txttotal' is: '10'

2018-06-09 21:54:44 - [MESSAGE][PASSED] - Attribute 'value' of object 'Object Repository/HealthpostToStore/Page_Store/input_txttotal' is: '10'

2018-06-09 21:54:44 - [TEST_STEP][PASSED] - Statement - out.println("Requested QTY : " + RequestedQty): null

2018-06-09 21:54:44 - [TEST_STEP][PASSED] - Statement - BatchNumber = com.kms.katalon.core.webui.keyword.WebUiBuiltInKeywords.getNumberOfTotalOption(com.kms.katalon.core.testobject.ObjectRepository.findTestObject(HealthpostToStore/Page_Store/select_--Select--BA1170BA2376B)): 3 options of object 'Object Repository/HealthpostToStore/Page_Store/select_--Select--BA1170BA2376B' counted

2018-06-09 21:54:44 - [MESSAGE][PASSED] - 3 options of object 'Object Repository/HealthpostToStore/Page_Store/select_--Select--BA1170BA2376B' counted

2018-06-09 21:54:44 - [TEST_STEP][PASSED] - Statement - For ([g = 1, g <= BatchNumber - 1, (g++)]): null

2018-06-09 21:54:44 - [TEST_STEP][PASSED] - selectOptionByIndex: All options with index in [1] are selected on object 'Object Repository/HealthpostToStore/Page_Store/select_--Select--BA1170BA2376B'

2018-06-09 21:54:45 - [MESSAGE][PASSED] - All options with index in [1] are selected on object 'Object Repository/HealthpostToStore/Page_Store/select_--Select--BA1170BA2376B'

2018-06-09 21:54:45 - [TEST_STEP][PASSED] - Statement - Try: null

2018-06-09 21:54:45 - [TEST_STEP][PASSED] - Statement - StockQty = com.kms.katalon.core.webui.keyword.WebUiBuiltInKeywords.getAttribute(com.kms.katalon.core.testobject.ObjectRepository.findTestObject(HealthpostToStore/Page_Store/input_txtprice), "value"): Attribute 'value' of object 'Object Repository/HealthpostToStore/Page_Store/input_txtprice' is: '1585'

2018-06-09 21:54:45 - [MESSAGE][PASSED] - Attribute 'value' of object 'Object Repository/HealthpostToStore/Page_Store/input_txtprice' is: '1585'

2018-06-09 21:54:45 - [TEST_STEP][PASSED] - Statement - out.println("Stock QTY : " + StockQty): null

2018-06-09 21:54:45 - [TEST_STEP][PASSED] - delay: Delayed 2 second(s)

2018-06-09 21:54:47 - [MESSAGE][PASSED] - Delayed 2 second(s)

2018-06-09 21:54:47 - [TEST_STEP][PASSED] - Statement - If (java.lang.String.valueOf(StockQty) >= java.lang.String.valueOf(RequestedQty)): null

2018-06-09 21:54:47 - [TEST_STEP][PASSED] - setText: Text '10' is set on object 'Object Repository/HealthpostToStore/Page_Store/input_txtqty'

2018-06-09 21:54:47 - [MESSAGE][PASSED] - Text '10' is set on object 'Object Repository/HealthpostToStore/Page_Store/input_txtqty'

2018-06-09 21:54:47 - [TEST_STEP][PASSED] - click: Object: 'Object Repository/HealthpostToStore/Page_Store/button_Add' is clicked on

2018-06-09 21:54:47 - [MESSAGE][PASSED] - Object: 'Object Repository/HealthpostToStore/Page_Store/button_Add' is clicked on

2018-06-09 21:54:47 - [TEST_STEP][PASSED] - Statement - Break: null

2018-06-09 21:54:47 - [TEST_STEP][PASSED] - selectOptionByIndex: All options with index in [4] are selected on object 'Object Repository/HealthpostToStore/Page_Store/select_--Select--Adernaline 0.'

2018-06-09 21:54:47 - [MESSAGE][PASSED] - All options with index in [4] are selected on object 'Object Repository/HealthpostToStore/Page_Store/select_--Select--Adernaline 0.'

2018-06-09 21:54:47 - [TEST_STEP][PASSED] - delay: Delayed 2 second(s)

2018-06-09 21:54:49 - [MESSAGE][PASSED] - Delayed 2 second(s)

2018-06-09 21:54:49 - [TEST_STEP][PASSED] - Statement - RequestedQty = com.kms.katalon.core.webui.keyword.WebUiBuiltInKeywords.getAttribute(com.kms.katalon.core.testobject.ObjectRepository.findTestObject(HealthpostToStore/Page_Store/input_txttotal), "value"): Attribute 'value' of object 'Object Repository/HealthpostToStore/Page_Store/input_txttotal' is: '10'

2018-06-09 21:54:49 - [MESSAGE][PASSED] - Attribute 'value' of object 'Object Repository/HealthpostToStore/Page_Store/input_txttotal' is: '10'

2018-06-09 21:54:49 - [TEST_STEP][PASSED] - Statement - out.println("Requested QTY : " + RequestedQty): null

2018-06-09 21:54:49 - [TEST_STEP][PASSED] - Statement - BatchNumber = com.kms.katalon.core.webui.keyword.WebUiBuiltInKeywords.getNumberOfTotalOption(com.kms.katalon.core.testobject.ObjectRepository.findTestObject(HealthpostToStore/Page_Store/select_--Select--BA1170BA2376B)): 3 options of object 'Object Repository/HealthpostToStore/Page_Store/select_--Select--BA1170BA2376B' counted

2018-06-09 21:54:49 - [MESSAGE][PASSED] - 3 options of object 'Object Repository/HealthpostToStore/Page_Store/select_--Select--BA1170BA2376B' counted

2018-06-09 21:54:49 - [TEST_STEP][PASSED] - Statement - For ([g = 1, g <= BatchNumber - 1, (g++)]): null

2018-06-09 21:54:49 - [TEST_STEP][PASSED] - selectOptionByIndex: All options with index in [1] are selected on object 'Object Repository/HealthpostToStore/Page_Store/select_--Select--BA1170BA2376B'

2018-06-09 21:54:49 - [MESSAGE][PASSED] - All options with index in [1] are selected on object 'Object Repository/HealthpostToStore/Page_Store/select_--Select--BA1170BA2376B'

2018-06-09 21:54:49 - [TEST_STEP][PASSED] - Statement - Try: null

2018-06-09 21:54:49 - [TEST_STEP][PASSED] - Statement - StockQty = com.kms.katalon.core.webui.keyword.WebUiBuiltInKeywords.getAttribute(com.kms.katalon.core.testobject.ObjectRepository.findTestObject(HealthpostToStore/Page_Store/input_txtprice), "value"): Attribute 'value' of object 'Object Repository/HealthpostToStore/Page_Store/input_txtprice' is: '1585'

2018-06-09 21:54:49 - [MESSAGE][PASSED] - Attribute 'value' of object 'Object Repository/HealthpostToStore/Page_Store/input_txtprice' is: '1585'

2018-06-09 21:54:49 - [TEST_STEP][PASSED] - Statement - out.println("Stock QTY : " + StockQty): null

2018-06-09 21:54:49 - [TEST_STEP][PASSED] - delay: Delayed 2 second(s)

2018-06-09 21:54:51 - [MESSAGE][PASSED] - Delayed 2 second(s)

2018-06-09 21:54:51 - [TEST_STEP][PASSED] - Statement - If (java.lang.String.valueOf(StockQty) >= java.lang.String.valueOf(RequestedQty)): null

2018-06-09 21:54:51 - [TEST_STEP][PASSED] - setText: Text '10' is set on object 'Object Repository/HealthpostToStore/Page_Store/input_txtqty'

2018-06-09 21:54:51 - [MESSAGE][PASSED] - Text '10' is set on object 'Object Repository/HealthpostToStore/Page_Store/input_txtqty'

2018-06-09 21:54:51 - [TEST_STEP][PASSED] - click: Object: 'Object Repository/HealthpostToStore/Page_Store/button_Add' is clicked on

2018-06-09 21:54:51 - [MESSAGE][PASSED] - Object: 'Object Repository/HealthpostToStore/Page_Store/button_Add' is clicked on

2018-06-09 21:54:51 - [TEST_STEP][PASSED] - Statement - Break: null

2018-06-09 21:54:51 - [TEST_STEP][PASSED] - selectOptionByIndex: All options with index in [5] are selected on object 'Object Repository/HealthpostToStore/Page_Store/select_--Select--Adernaline 0.'

2018-06-09 21:54:52 - [MESSAGE][PASSED] - All options with index in [5] are selected on object 'Object Repository/HealthpostToStore/Page_Store/select_--Select--Adernaline 0.'

2018-06-09 21:54:52 - [TEST_STEP][PASSED] - delay: Delayed 2 second(s)

2018-06-09 21:54:54 - [MESSAGE][PASSED] - Delayed 2 second(s)

2018-06-09 21:54:54 - [TEST_STEP][PASSED] - Statement - RequestedQty = com.kms.katalon.core.webui.keyword.WebUiBuiltInKeywords.getAttribute(com.kms.katalon.core.testobject.ObjectRepository.findTestObject(HealthpostToStore/Page_Store/input_txttotal), "value"): Attribute 'value' of object 'Object Repository/HealthpostToStore/Page_Store/input_txttotal' is: '10'

2018-06-09 21:54:54 - [MESSAGE][PASSED] - Attribute 'value' of object 'Object Repository/HealthpostToStore/Page_Store/input_txttotal' is: '10'

2018-06-09 21:54:54 - [TEST_STEP][PASSED] - Statement - out.println("Requested QTY : " + RequestedQty): null

2018-06-09 21:54:54 - [TEST_STEP][PASSED] - Statement - BatchNumber = com.kms.katalon.core.webui.keyword.WebUiBuiltInKeywords.getNumberOfTotalOption(com.kms.katalon.core.testobject.ObjectRepository.findTestObject(HealthpostToStore/Page_Store/select_--Select--BA1170BA2376B)): 3 options of object 'Object Repository/HealthpostToStore/Page_Store/select_--Select--BA1170BA2376B' counted

2018-06-09 21:54:54 - [MESSAGE][PASSED] - 3 options of object 'Object Repository/HealthpostToStore/Page_Store/select_--Select--BA1170BA2376B' counted

2018-06-09 21:54:54 - [TEST_STEP][PASSED] - Statement - For ([g = 1, g <= BatchNumber - 1, (g++)]): null

2018-06-09 21:54:54 - [TEST_STEP][PASSED] - selectOptionByIndex: All options with index in [1] are selected on object 'Object Repository/HealthpostToStore/Page_Store/select_--Select--BA1170BA2376B'

2018-06-09 21:54:54 - [MESSAGE][PASSED] - All options with index in [1] are selected on object 'Object Repository/HealthpostToStore/Page_Store/select_--Select--BA1170BA2376B'

2018-06-09 21:54:54 - [TEST_STEP][PASSED] - Statement - Try: null

2018-06-09 21:54:54 - [TEST_STEP][PASSED] - Statement - StockQty = com.kms.katalon.core.webui.keyword.WebUiBuiltInKeywords.getAttribute(com.kms.katalon.core.testobject.ObjectRepository.findTestObject(HealthpostToStore/Page_Store/input_txtprice), "value"): Attribute 'value' of object 'Object Repository/HealthpostToStore/Page_Store/input_txtprice' is: '1605'

2018-06-09 21:54:54 - [MESSAGE][PASSED] - Attribute 'value' of object 'Object Repository/HealthpostToStore/Page_Store/input_txtprice' is: '1605'

2018-06-09 21:54:54 - [TEST_STEP][PASSED] - Statement - out.println("Stock QTY : " + StockQty): null

2018-06-09 21:54:54 - [TEST_STEP][PASSED] - delay: Delayed 2 second(s)

2018-06-09 21:54:56 - [MESSAGE][PASSED] - Delayed 2 second(s)

2018-06-09 21:54:56 - [TEST_STEP][PASSED] - Statement - If (java.lang.String.valueOf(StockQty) >= java.lang.String.valueOf(RequestedQty)): null

2018-06-09 21:54:56 - [TEST_STEP][PASSED] - setText: Text '10' is set on object 'Object Repository/HealthpostToStore/Page_Store/input_txtqty'

2018-06-09 21:54:56 - [MESSAGE][PASSED] - Text '10' is set on object 'Object Repository/HealthpostToStore/Page_Store/input_txtqty'

2018-06-09 21:54:56 - [TEST_STEP][PASSED] - click: Object: 'Object Repository/HealthpostToStore/Page_Store/button_Add' is clicked on

2018-06-09 21:54:56 - [MESSAGE][PASSED] - Object: 'Object Repository/HealthpostToStore/Page_Store/button_Add' is clicked on

2018-06-09 21:54:56 - [TEST_STEP][PASSED] - Statement - Break: null

2018-06-09 21:54:56 - [TEST_STEP][PASSED] - selectOptionByIndex: All options with index in [6] are selected on object 'Object Repository/HealthpostToStore/Page_Store/select_--Select--Adernaline 0.'

2018-06-09 21:54:56 - [MESSAGE][PASSED] - All options with index in [6] are selected on object 'Object Repository/HealthpostToStore/Page_Store/select_--Select--Adernaline 0.'

2018-06-09 21:54:56 - [TEST_STEP][PASSED] - delay: Delayed 2 second(s)

2018-06-09 21:54:58 - [MESSAGE][PASSED] - Delayed 2 second(s)

2018-06-09 21:54:58 - [TEST_STEP][PASSED] - Statement - RequestedQty = com.kms.katalon.core.webui.keyword.WebUiBuiltInKeywords.getAttribute(com.kms.katalon.core.testobject.ObjectRepository.findTestObject(HealthpostToStore/Page_Store/input_txttotal), "value"): Attribute 'value' of object 'Object Repository/HealthpostToStore/Page_Store/input_txttotal' is: '10'

2018-06-09 21:54:58 - [MESSAGE][PASSED] - Attribute 'value' of object 'Object Repository/HealthpostToStore/Page_Store/input_txttotal' is: '10'

2018-06-09 21:54:58 - [TEST_STEP][PASSED] - Statement - out.println("Requested QTY : " + RequestedQty): null

2018-06-09 21:54:58 - [TEST_STEP][PASSED] - Statement - BatchNumber = com.kms.katalon.core.webui.keyword.WebUiBuiltInKeywords.getNumberOfTotalOption(com.kms.katalon.core.testobject.ObjectRepository.findTestObject(HealthpostToStore/Page_Store/select_--Select--BA1170BA2376B)): 3 options of object 'Object Repository/HealthpostToStore/Page_Store/select_--Select--BA1170BA2376B' counted

2018-06-09 21:54:58 - [MESSAGE][PASSED] - 3 options of object 'Object Repository/HealthpostToStore/Page_Store/select_--Select--BA1170BA2376B' counted

2018-06-09 21:54:58 - [TEST_STEP][PASSED] - Statement - For ([g = 1, g <= BatchNumber - 1, (g++)]): null

2018-06-09 21:54:58 - [TEST_STEP][PASSED] - selectOptionByIndex: All options with index in [1] are selected on object 'Object Repository/HealthpostToStore/Page_Store/select_--Select--BA1170BA2376B'

2018-06-09 21:54:58 - [MESSAGE][PASSED] - All options with index in [1] are selected on object 'Object Repository/HealthpostToStore/Page_Store/select_--Select--BA1170BA2376B'

2018-06-09 21:54:58 - [TEST_STEP][PASSED] - Statement - Try: null

2018-06-09 21:54:58 - [TEST_STEP][PASSED] - Statement - StockQty = com.kms.katalon.core.webui.keyword.WebUiBuiltInKeywords.getAttribute(com.kms.katalon.core.testobject.ObjectRepository.findTestObject(HealthpostToStore/Page_Store/input_txtprice), "value"): Attribute 'value' of object 'Object Repository/HealthpostToStore/Page_Store/input_txtprice' is: '1260'

2018-06-09 21:54:58 - [MESSAGE][PASSED] - Attribute 'value' of object 'Object Repository/HealthpostToStore/Page_Store/input_txtprice' is: '1260'

2018-06-09 21:54:58 - [TEST_STEP][PASSED] - Statement - out.println("Stock QTY : " + StockQty): null

2018-06-09 21:54:58 - [TEST_STEP][PASSED] - delay: Delayed 2 second(s)

2018-06-09 21:55:00 - [MESSAGE][PASSED] - Delayed 2 second(s)

2018-06-09 21:55:00 - [TEST_STEP][PASSED] - Statement - If (java.lang.String.valueOf(StockQty) >= java.lang.String.valueOf(RequestedQty)): null

2018-06-09 21:55:00 - [TEST_STEP][PASSED] - setText: Text '10' is set on object 'Object Repository/HealthpostToStore/Page_Store/input_txtqty'

2018-06-09 21:55:00 - [MESSAGE][PASSED] - Text '10' is set on object 'Object Repository/HealthpostToStore/Page_Store/input_txtqty'

2018-06-09 21:55:00 - [TEST_STEP][PASSED] - click: Object: 'Object Repository/HealthpostToStore/Page_Store/button_Add' is clicked on

2018-06-09 21:55:01 - [MESSAGE][PASSED] - Object: 'Object Repository/HealthpostToStore/Page_Store/button_Add' is clicked on

2018-06-09 21:55:01 - [TEST_STEP][PASSED] - Statement - Break: null

2018-06-09 21:55:01 - [TEST_STEP][PASSED] - selectOptionByIndex: All options with index in [7] are selected on object 'Object Repository/HealthpostToStore/Page_Store/select_--Select--Adernaline 0.'

2018-06-09 21:55:01 - [MESSAGE][PASSED] - All options with index in [7] are selected on object 'Object Repository/HealthpostToStore/Page_Store/select_--Select--Adernaline 0.'

2018-06-09 21:55:01 - [TEST_STEP][PASSED] - delay: Delayed 2 second(s)

2018-06-09 21:55:03 - [MESSAGE][PASSED] - Delayed 2 second(s)

2018-06-09 21:55:03 - [TEST_STEP][PASSED] - Statement - RequestedQty = com.kms.katalon.core.webui.keyword.WebUiBuiltInKeywords.getAttribute(com.kms.katalon.core.testobject.ObjectRepository.findTestObject(HealthpostToStore/Page_Store/input_txttotal), "value"): Attribute 'value' of object 'Object Repository/HealthpostToStore/Page_Store/input_txttotal' is: '10'

2018-06-09 21:55:03 - [MESSAGE][PASSED] - Attribute 'value' of object 'Object Repository/HealthpostToStore/Page_Store/input_txttotal' is: '10'

2018-06-09 21:55:03 - [TEST_STEP][PASSED] - Statement - out.println("Requested QTY : " + RequestedQty): null

2018-06-09 21:55:03 - [TEST_STEP][PASSED] - Statement - BatchNumber = com.kms.katalon.core.webui.keyword.WebUiBuiltInKeywords.getNumberOfTotalOption(com.kms.katalon.core.testobject.ObjectRepository.findTestObject(HealthpostToStore/Page_Store/select_--Select--BA1170BA2376B)): 5 options of object 'Object Repository/HealthpostToStore/Page_Store/select_--Select--BA1170BA2376B' counted

2018-06-09 21:55:03 - [MESSAGE][PASSED] - 5 options of object 'Object Repository/HealthpostToStore/Page_Store/select_--Select--BA1170BA2376B' counted

2018-06-09 21:55:03 - [TEST_STEP][PASSED] - Statement - For ([g = 1, g <= BatchNumber - 1, (g++)]): null

2018-06-09 21:55:03 - [TEST_STEP][PASSED] - selectOptionByIndex: All options with index in [1] are selected on object 'Object Repository/HealthpostToStore/Page_Store/select_--Select--BA1170BA2376B'

2018-06-09 21:55:03 - [MESSAGE][PASSED] - All options with index in [1] are selected on object 'Object Repository/HealthpostToStore/Page_Store/select_--Select--BA1170BA2376B'

2018-06-09 21:55:03 - [TEST_STEP][PASSED] - Statement - Try: null

2018-06-09 21:55:03 - [TEST_STEP][PASSED] - Statement - StockQty = com.kms.katalon.core.webui.keyword.WebUiBuiltInKeywords.getAttribute(com.kms.katalon.core.testobject.ObjectRepository.findTestObject(HealthpostToStore/Page_Store/input_txtprice), "value"): Attribute 'value' of object 'Object Repository/HealthpostToStore/Page_Store/input_txtprice' is: '4'

2018-06-09 21:55:03 - [MESSAGE][PASSED] - Attribute 'value' of object 'Object Repository/HealthpostToStore/Page_Store/input_txtprice' is: '4'

2018-06-09 21:55:03 - [TEST_STEP][PASSED] - Statement - out.println("Stock QTY : " + StockQty): null

2018-06-09 21:55:03 - [TEST_STEP][PASSED] - delay: Delayed 2 second(s)

2018-06-09 21:55:05 - [MESSAGE][PASSED] - Delayed 2 second(s)

2018-06-09 21:55:05 - [TEST_STEP][PASSED] - Statement - If (java.lang.String.valueOf(StockQty) >= java.lang.String.valueOf(RequestedQty)): null

2018-06-09 21:55:05 - [TEST_STEP][PASSED] - setText: Text '10' is set on object 'Object Repository/HealthpostToStore/Page_Store/input_txtqty'

2018-06-09 21:55:05 - [MESSAGE][PASSED] - Text '10' is set on object 'Object Repository/HealthpostToStore/Page_Store/input_txtqty'

2018-06-09 21:55:05 - [TEST_STEP][PASSED] - click: Object: 'Object Repository/HealthpostToStore/Page_Store/button_Add' is clicked on

2018-06-09 21:55:05 - [MESSAGE][PASSED] - Object: 'Object Repository/HealthpostToStore/Page_Store/button_Add' is clicked on

2018-06-09 21:55:05 - [TEST_STEP][PASSED] - Statement - Break: null

2018-06-09 21:55:05 - [TEST_STEP][PASSED] - selectOptionByIndex: All options with index in [8] are selected on object 'Object Repository/HealthpostToStore/Page_Store/select_--Select--Adernaline 0.'

2018-06-09 21:55:05 - [MESSAGE][PASSED] - All options with index in [8] are selected on object 'Object Repository/HealthpostToStore/Page_Store/select_--Select--Adernaline 0.'

2018-06-09 21:55:05 - [TEST_STEP][PASSED] - delay: Delayed 2 second(s)

2018-06-09 21:55:07 - [MESSAGE][PASSED] - Delayed 2 second(s)

2018-06-09 21:55:07 - [TEST_STEP][PASSED] - Statement - RequestedQty = com.kms.katalon.core.webui.keyword.WebUiBuiltInKeywords.getAttribute(com.kms.katalon.core.testobject.ObjectRepository.findTestObject(HealthpostToStore/Page_Store/input_txttotal), "value"): Attribute 'value' of object 'Object Repository/HealthpostToStore/Page_Store/input_txttotal' is: '10'

2018-06-09 21:55:07 - [MESSAGE][PASSED] - Attribute 'value' of object 'Object Repository/HealthpostToStore/Page_Store/input_txttotal' is: '10'

2018-06-09 21:55:07 - [TEST_STEP][PASSED] - Statement - out.println("Requested QTY : " + RequestedQty): null

2018-06-09 21:55:07 - [TEST_STEP][PASSED] - Statement - BatchNumber = com.kms.katalon.core.webui.keyword.WebUiBuiltInKeywords.getNumberOfTotalOption(com.kms.katalon.core.testobject.ObjectRepository.findTestObject(HealthpostToStore/Page_Store/select_--Select--BA1170BA2376B)): 3 options of object 'Object Repository/HealthpostToStore/Page_Store/select_--Select--BA1170BA2376B' counted

2018-06-09 21:55:07 - [MESSAGE][PASSED] - 3 options of object 'Object Repository/HealthpostToStore/Page_Store/select_--Select--BA1170BA2376B' counted

2018-06-09 21:55:07 - [TEST_STEP][FAILED] - Statement - For ([g = 1, g <= BatchNumber - 1, (g++)]): null

2018-06-09 21:55:07 - [TEST_STEP][PASSED] - selectOptionByIndex: All options with index in [1] are selected on object 'Object Repository/HealthpostToStore/Page_Store/select_--Select--BA1170BA2376B'

2018-06-09 21:55:07 - [MESSAGE][PASSED] - All options with index in [1] are selected on object 'Object Repository/HealthpostToStore/Page_Store/select_--Select--BA1170BA2376B'

2018-06-09 21:55:07 - [TEST_STEP][FAILED] - Statement - Try: Unable to set text '10' of object 'Object Repository/HealthpostToStore/Page_Store/input_txtqty' (Root cause: org.openqa.selenium.WebDriverException: unknown error: cannot focus element
  (Session info: chrome=66.0.3359.181)
  (Driver info: chromedriver=2.35.528161 (5b82f2d2aae0ca24b877009200ced9065a772e73),platform=Windows NT 10.0.17134 x86_64) (WARNING: The server did not provide any stacktrace information)
Command duration or timeout: 0 milliseconds
Build info: version: '3.7.1', revision: '8a0099a', time: '2017-11-06T21:07:36.161Z'
System info: host: 'DESKTOP-BLFTK83', ip: '169.254.189.85', os.name: 'Windows 10', os.arch: 'amd64', os.version: '10.0', java.version: '1.8.0_102'
Driver info: com.kms.katalon.selenium.driver.CChromeDriver
Capabilities {acceptInsecureCerts: false, acceptSslCerts: false, applicationCacheEnabled: false, browserConnectionEnabled: false, browserName: chrome, chrome: {chromedriverVersion: 2.35.528161 (5b82f2d2aae0ca..., userDataDir: C:\Users\QUALIT~1\AppData\L...}, cssSelectorsEnabled: true, databaseEnabled: false, handlesAlerts: true, hasTouchScreen: false, javascriptEnabled: true, locationContextEnabled: true, mobileEmulationEnabled: false, nativeEvents: true, networkConnectionEnabled: false, pageLoadStrategy: normal, platform: XP, platformName: XP, rotatable: false, setWindowRect: true, takesHeapSnapshot: true, takesScreenshot: true, unexpectedAlertBehaviour: , unhandledPromptBehavior: , version: 66.0.3359.181, webStorageEnabled: true}
Session ID: ba320133e38dae9e03f701a4101dc717)

2018-06-09 21:55:07 - [TEST_STEP][PASSED] - Statement - StockQty = com.kms.katalon.core.webui.keyword.WebUiBuiltInKeywords.getAttribute(com.kms.katalon.core.testobject.ObjectRepository.findTestObject(HealthpostToStore/Page_Store/input_txtprice), "value"): Attribute 'value' of object 'Object Repository/HealthpostToStore/Page_Store/input_txtprice' is: '1374'

2018-06-09 21:55:08 - [MESSAGE][PASSED] - Attribute 'value' of object 'Object Repository/HealthpostToStore/Page_Store/input_txtprice' is: '1374'

2018-06-09 21:55:08 - [TEST_STEP][PASSED] - Statement - out.println("Stock QTY : " + StockQty): null

2018-06-09 21:55:08 - [TEST_STEP][PASSED] - delay: Delayed 2 second(s)

2018-06-09 21:55:10 - [MESSAGE][PASSED] - Delayed 2 second(s)

2018-06-09 21:55:10 - [TEST_STEP][FAILED] - Statement - If (java.lang.String.valueOf(StockQty) >= java.lang.String.valueOf(RequestedQty)): Unable to set text '10' of object 'Object Repository/HealthpostToStore/Page_Store/input_txtqty' (Root cause: org.openqa.selenium.WebDriverException: unknown error: cannot focus element
  (Session info: chrome=66.0.3359.181)
  (Driver info: chromedriver=2.35.528161 (5b82f2d2aae0ca24b877009200ced9065a772e73),platform=Windows NT 10.0.17134 x86_64) (WARNING: The server did not provide any stacktrace information)
Command duration or timeout: 0 milliseconds
Build info: version: '3.7.1', revision: '8a0099a', time: '2017-11-06T21:07:36.161Z'
System info: host: 'DESKTOP-BLFTK83', ip: '169.254.189.85', os.name: 'Windows 10', os.arch: 'amd64', os.version: '10.0', java.version: '1.8.0_102'
Driver info: com.kms.katalon.selenium.driver.CChromeDriver
Capabilities {acceptInsecureCerts: false, acceptSslCerts: false, applicationCacheEnabled: false, browserConnectionEnabled: false, browserName: chrome, chrome: {chromedriverVersion: 2.35.528161 (5b82f2d2aae0ca..., userDataDir: C:\Users\QUALIT~1\AppData\L...}, cssSelectorsEnabled: true, databaseEnabled: false, handlesAlerts: true, hasTouchScreen: false, javascriptEnabled: true, locationContextEnabled: true, mobileEmulationEnabled: false, nativeEvents: true, networkConnectionEnabled: false, pageLoadStrategy: normal, platform: XP, platformName: XP, rotatable: false, setWindowRect: true, takesHeapSnapshot: true, takesScreenshot: true, unexpectedAlertBehaviour: , unhandledPromptBehavior: , version: 66.0.3359.181, webStorageEnabled: true}
Session ID: ba320133e38dae9e03f701a4101dc717)

2018-06-09 21:55:10 - [TEST_STEP][FAILED] - setText: Unable to set text '10' of object 'Object Repository/HealthpostToStore/Page_Store/input_txtqty' (Root cause: org.openqa.selenium.WebDriverException: unknown error: cannot focus element
  (Session info: chrome=66.0.3359.181)
  (Driver info: chromedriver=2.35.528161 (5b82f2d2aae0ca24b877009200ced9065a772e73),platform=Windows NT 10.0.17134 x86_64) (WARNING: The server did not provide any stacktrace information)
Command duration or timeout: 0 milliseconds
Build info: version: '3.7.1', revision: '8a0099a', time: '2017-11-06T21:07:36.161Z'
System info: host: 'DESKTOP-BLFTK83', ip: '169.254.189.85', os.name: 'Windows 10', os.arch: 'amd64', os.version: '10.0', java.version: '1.8.0_102'
Driver info: com.kms.katalon.selenium.driver.CChromeDriver
Capabilities {acceptInsecureCerts: false, acceptSslCerts: false, applicationCacheEnabled: false, browserConnectionEnabled: false, browserName: chrome, chrome: {chromedriverVersion: 2.35.528161 (5b82f2d2aae0ca..., userDataDir: C:\Users\QUALIT~1\AppData\L...}, cssSelectorsEnabled: true, databaseEnabled: false, handlesAlerts: true, hasTouchScreen: false, javascriptEnabled: true, locationContextEnabled: true, mobileEmulationEnabled: false, nativeEvents: true, networkConnectionEnabled: false, pageLoadStrategy: normal, platform: XP, platformName: XP, rotatable: false, setWindowRect: true, takesHeapSnapshot: true, takesScreenshot: true, unexpectedAlertBehaviour: , unhandledPromptBehavior: , version: 66.0.3359.181, webStorageEnabled: true}
Session ID: ba320133e38dae9e03f701a4101dc717)

2018-06-09 21:55:10 - [MESSAGE][FAILED] - Unable to set text '10' of object 'Object Repository/HealthpostToStore/Page_Store/input_txtqty' (Root cause: org.openqa.selenium.WebDriverException: unknown error: cannot focus element
  (Session info: chrome=66.0.3359.181)
  (Driver info: chromedriver=2.35.528161 (5b82f2d2aae0ca24b877009200ced9065a772e73),platform=Windows NT 10.0.17134 x86_64) (WARNING: The server did not provide any stacktrace information)
Command duration or timeout: 0 milliseconds
Build info: version: '3.7.1', revision: '8a0099a', time: '2017-11-06T21:07:36.161Z'
System info: host: 'DESKTOP-BLFTK83', ip: '169.254.189.85', os.name: 'Windows 10', os.arch: 'amd64', os.version: '10.0', java.version: '1.8.0_102'
Driver info: com.kms.katalon.selenium.driver.CChromeDriver
Capabilities {acceptInsecureCerts: false, acceptSslCerts: false, applicationCacheEnabled: false, browserConnectionEnabled: false, browserName: chrome, chrome: {chromedriverVersion: 2.35.528161 (5b82f2d2aae0ca..., userDataDir: C:\Users\QUALIT~1\AppData\L...}, cssSelectorsEnabled: true, databaseEnabled: false, handlesAlerts: true, hasTouchScreen: false, javascriptEnabled: true, locationContextEnabled: true, mobileEmulationEnabled: false, nativeEvents: true, networkConnectionEnabled: false, pageLoadStrategy: normal, platform: XP, platformName: XP, rotatable: false, setWindowRect: true, takesHeapSnapshot: true, takesScreenshot: true, unexpectedAlertBehaviour: , unhandledPromptBehavior: , version: 66.0.3359.181, webStorageEnabled: true}
Session ID: ba320133e38dae9e03f701a4101dc717)
[[ATTACHMENT|C:\\Users\\Quality Analyst\\Katalon Studio\\ds\\Reports\\HealthPost_Store_Suite\\20180609_181633\\1528561510091.png]]

2018-06-09 21:55:10 - [TEST_STEP][PASSED] - Statement - Catch (Exception e): null

2018-06-09 21:55:10 - [TEST_STEP][PASSED] - click: Object: 'Object Repository/HealthpostToStore/Page_Store/button_OK' is clicked on

2018-06-09 21:55:10 - [MESSAGE][PASSED] - Object: 'Object Repository/HealthpostToStore/Page_Store/button_OK' is clicked on

2018-06-09 21:55:10 - [TEST_STEP][PASSED] - Statement - <not implemented yet for class: org.codehaus.groovy.ast.stmt.ContinueStatement>: null

2018-06-09 21:55:10 - [TEST_STEP][PASSED] - selectOptionByIndex: All options with index in [2] are selected on object 'Object Repository/HealthpostToStore/Page_Store/select_--Select--BA1170BA2376B'

2018-06-09 21:55:10 - [MESSAGE][PASSED] - All options with index in [2] are selected on object 'Object Repository/HealthpostToStore/Page_Store/select_--Select--BA1170BA2376B'

2018-06-09 21:55:10 - [TEST_STEP][PASSED] - Statement - Try: null

2018-06-09 21:55:10 - [TEST_STEP][PASSED] - Statement - StockQty = com.kms.katalon.core.webui.keyword.WebUiBuiltInKeywords.getAttribute(com.kms.katalon.core.testobject.ObjectRepository.findTestObject(HealthpostToStore/Page_Store/input_txtprice), "value"): Attribute 'value' of object 'Object Repository/HealthpostToStore/Page_Store/input_txtprice' is: '439'

2018-06-09 21:55:10 - [MESSAGE][PASSED] - Attribute 'value' of object 'Object Repository/HealthpostToStore/Page_Store/input_txtprice' is: '439'

2018-06-09 21:55:10 - [TEST_STEP][PASSED] - Statement - out.println("Stock QTY : " + StockQty): null

2018-06-09 21:55:10 - [TEST_STEP][PASSED] - delay: Delayed 2 second(s)

2018-06-09 21:55:12 - [MESSAGE][PASSED] - Delayed 2 second(s)

2018-06-09 21:55:12 - [TEST_STEP][PASSED] - Statement - If (java.lang.String.valueOf(StockQty) >= java.lang.String.valueOf(RequestedQty)): null

2018-06-09 21:55:12 - [TEST_STEP][PASSED] - setText: Text '10' is set on object 'Object Repository/HealthpostToStore/Page_Store/input_txtqty'

2018-06-09 21:55:12 - [MESSAGE][PASSED] - Text '10' is set on object 'Object Repository/HealthpostToStore/Page_Store/input_txtqty'

2018-06-09 21:55:12 - [TEST_STEP][PASSED] - click: Object: 'Object Repository/HealthpostToStore/Page_Store/button_Add' is clicked on

2018-06-09 21:55:12 - [MESSAGE][PASSED] - Object: 'Object Repository/HealthpostToStore/Page_Store/button_Add' is clicked on

2018-06-09 21:55:12 - [TEST_STEP][PASSED] - Statement - Break: null

2018-06-09 21:55:12 - [TEST_STEP][PASSED] - selectOptionByIndex: All options with index in [9] are selected on object 'Object Repository/HealthpostToStore/Page_Store/select_--Select--Adernaline 0.'

2018-06-09 21:55:13 - [MESSAGE][PASSED] - All options with index in [9] are selected on object 'Object Repository/HealthpostToStore/Page_Store/select_--Select--Adernaline 0.'

2018-06-09 21:55:13 - [TEST_STEP][PASSED] - delay: Delayed 2 second(s)

2018-06-09 21:55:15 - [MESSAGE][PASSED] - Delayed 2 second(s)

2018-06-09 21:55:15 - [TEST_STEP][PASSED] - Statement - RequestedQty = com.kms.katalon.core.webui.keyword.WebUiBuiltInKeywords.getAttribute(com.kms.katalon.core.testobject.ObjectRepository.findTestObject(HealthpostToStore/Page_Store/input_txttotal), "value"): Attribute 'value' of object 'Object Repository/HealthpostToStore/Page_Store/input_txttotal' is: '10'

2018-06-09 21:55:15 - [MESSAGE][PASSED] - Attribute 'value' of object 'Object Repository/HealthpostToStore/Page_Store/input_txttotal' is: '10'

2018-06-09 21:55:15 - [TEST_STEP][PASSED] - Statement - out.println("Requested QTY : " + RequestedQty): null

2018-06-09 21:55:15 - [TEST_STEP][PASSED] - Statement - BatchNumber = com.kms.katalon.core.webui.keyword.WebUiBuiltInKeywords.getNumberOfTotalOption(com.kms.katalon.core.testobject.ObjectRepository.findTestObject(HealthpostToStore/Page_Store/select_--Select--BA1170BA2376B)): 3 options of object 'Object Repository/HealthpostToStore/Page_Store/select_--Select--BA1170BA2376B' counted

2018-06-09 21:55:15 - [MESSAGE][PASSED] - 3 options of object 'Object Repository/HealthpostToStore/Page_Store/select_--Select--BA1170BA2376B' counted

2018-06-09 21:55:15 - [TEST_STEP][PASSED] - Statement - For ([g = 1, g <= BatchNumber - 1, (g++)]): null

2018-06-09 21:55:15 - [TEST_STEP][PASSED] - selectOptionByIndex: All options with index in [1] are selected on object 'Object Repository/HealthpostToStore/Page_Store/select_--Select--BA1170BA2376B'

2018-06-09 21:55:15 - [MESSAGE][PASSED] - All options with index in [1] are selected on object 'Object Repository/HealthpostToStore/Page_Store/select_--Select--BA1170BA2376B'

2018-06-09 21:55:15 - [TEST_STEP][PASSED] - Statement - Try: null

2018-06-09 21:55:15 - [TEST_STEP][PASSED] - Statement - StockQty = com.kms.katalon.core.webui.keyword.WebUiBuiltInKeywords.getAttribute(com.kms.katalon.core.testobject.ObjectRepository.findTestObject(HealthpostToStore/Page_Store/input_txtprice), "value"): Attribute 'value' of object 'Object Repository/HealthpostToStore/Page_Store/input_txtprice' is: '919'

2018-06-09 21:55:15 - [MESSAGE][PASSED] - Attribute 'value' of object 'Object Repository/HealthpostToStore/Page_Store/input_txtprice' is: '919'

2018-06-09 21:55:15 - [TEST_STEP][PASSED] - Statement - out.println("Stock QTY : " + StockQty): null

2018-06-09 21:55:15 - [TEST_STEP][PASSED] - delay: Delayed 2 second(s)

2018-06-09 21:55:17 - [MESSAGE][PASSED] - Delayed 2 second(s)

2018-06-09 21:55:17 - [TEST_STEP][PASSED] - Statement - If (java.lang.String.valueOf(StockQty) >= java.lang.String.valueOf(RequestedQty)): null

2018-06-09 21:55:17 - [TEST_STEP][PASSED] - setText: Text '10' is set on object 'Object Repository/HealthpostToStore/Page_Store/input_txtqty'

2018-06-09 21:55:17 - [MESSAGE][PASSED] - Text '10' is set on object 'Object Repository/HealthpostToStore/Page_Store/input_txtqty'

2018-06-09 21:55:17 - [TEST_STEP][PASSED] - click: Object: 'Object Repository/HealthpostToStore/Page_Store/button_Add' is clicked on

2018-06-09 21:55:17 - [MESSAGE][PASSED] - Object: 'Object Repository/HealthpostToStore/Page_Store/button_Add' is clicked on

2018-06-09 21:55:17 - [TEST_STEP][PASSED] - Statement - Break: null

2018-06-09 21:55:17 - [TEST_STEP][PASSED] - selectOptionByIndex: All options with index in [10] are selected on object 'Object Repository/HealthpostToStore/Page_Store/select_--Select--Adernaline 0.'

2018-06-09 21:55:17 - [MESSAGE][PASSED] - All options with index in [10] are selected on object 'Object Repository/HealthpostToStore/Page_Store/select_--Select--Adernaline 0.'

2018-06-09 21:55:17 - [TEST_STEP][PASSED] - delay: Delayed 2 second(s)

2018-06-09 21:55:19 - [MESSAGE][PASSED] - Delayed 2 second(s)

2018-06-09 21:55:19 - [TEST_STEP][PASSED] - Statement - RequestedQty = com.kms.katalon.core.webui.keyword.WebUiBuiltInKeywords.getAttribute(com.kms.katalon.core.testobject.ObjectRepository.findTestObject(HealthpostToStore/Page_Store/input_txttotal), "value"): Attribute 'value' of object 'Object Repository/HealthpostToStore/Page_Store/input_txttotal' is: '10'

2018-06-09 21:55:19 - [MESSAGE][PASSED] - Attribute 'value' of object 'Object Repository/HealthpostToStore/Page_Store/input_txttotal' is: '10'

2018-06-09 21:55:19 - [TEST_STEP][PASSED] - Statement - out.println("Requested QTY : " + RequestedQty): null

2018-06-09 21:55:19 - [TEST_STEP][PASSED] - Statement - BatchNumber = com.kms.katalon.core.webui.keyword.WebUiBuiltInKeywords.getNumberOfTotalOption(com.kms.katalon.core.testobject.ObjectRepository.findTestObject(HealthpostToStore/Page_Store/select_--Select--BA1170BA2376B)): 3 options of object 'Object Repository/HealthpostToStore/Page_Store/select_--Select--BA1170BA2376B' counted

2018-06-09 21:55:19 - [MESSAGE][PASSED] - 3 options of object 'Object Repository/HealthpostToStore/Page_Store/select_--Select--BA1170BA2376B' counted

2018-06-09 21:55:19 - [TEST_STEP][PASSED] - Statement - For ([g = 1, g <= BatchNumber - 1, (g++)]): null

2018-06-09 21:55:19 - [TEST_STEP][PASSED] - selectOptionByIndex: All options with index in [1] are selected on object 'Object Repository/HealthpostToStore/Page_Store/select_--Select--BA1170BA2376B'

2018-06-09 21:55:19 - [MESSAGE][PASSED] - All options with index in [1] are selected on object 'Object Repository/HealthpostToStore/Page_Store/select_--Select--BA1170BA2376B'

2018-06-09 21:55:19 - [TEST_STEP][PASSED] - Statement - Try: null

2018-06-09 21:55:19 - [TEST_STEP][PASSED] - Statement - StockQty = com.kms.katalon.core.webui.keyword.WebUiBuiltInKeywords.getAttribute(com.kms.katalon.core.testobject.ObjectRepository.findTestObject(HealthpostToStore/Page_Store/input_txtprice), "value"): Attribute 'value' of object 'Object Repository/HealthpostToStore/Page_Store/input_txtprice' is: '1585'

2018-06-09 21:55:19 - [MESSAGE][PASSED] - Attribute 'value' of object 'Object Repository/HealthpostToStore/Page_Store/input_txtprice' is: '1585'

2018-06-09 21:55:19 - [TEST_STEP][PASSED] - Statement - out.println("Stock QTY : " + StockQty): null

2018-06-09 21:55:19 - [TEST_STEP][PASSED] - delay: Delayed 2 second(s)

2018-06-09 21:55:21 - [MESSAGE][PASSED] - Delayed 2 second(s)

2018-06-09 21:55:21 - [TEST_STEP][PASSED] - Statement - If (java.lang.String.valueOf(StockQty) >= java.lang.String.valueOf(RequestedQty)): null

2018-06-09 21:55:21 - [TEST_STEP][PASSED] - setText: Text '10' is set on object 'Object Repository/HealthpostToStore/Page_Store/input_txtqty'

2018-06-09 21:55:21 - [MESSAGE][PASSED] - Text '10' is set on object 'Object Repository/HealthpostToStore/Page_Store/input_txtqty'

2018-06-09 21:55:21 - [TEST_STEP][PASSED] - click: Object: 'Object Repository/HealthpostToStore/Page_Store/button_Add' is clicked on

2018-06-09 21:55:22 - [MESSAGE][PASSED] - Object: 'Object Repository/HealthpostToStore/Page_Store/button_Add' is clicked on

2018-06-09 21:55:22 - [TEST_STEP][PASSED] - Statement - Break: null

2018-06-09 21:55:22 - [TEST_STEP][PASSED] - selectOptionByIndex: All options with index in [11] are selected on object 'Object Repository/HealthpostToStore/Page_Store/select_--Select--Adernaline 0.'

2018-06-09 21:55:22 - [MESSAGE][PASSED] - All options with index in [11] are selected on object 'Object Repository/HealthpostToStore/Page_Store/select_--Select--Adernaline 0.'

2018-06-09 21:55:22 - [TEST_STEP][PASSED] - delay: Delayed 2 second(s)

2018-06-09 21:55:24 - [MESSAGE][PASSED] - Delayed 2 second(s)

2018-06-09 21:55:24 - [TEST_STEP][PASSED] - Statement - RequestedQty = com.kms.katalon.core.webui.keyword.WebUiBuiltInKeywords.getAttribute(com.kms.katalon.core.testobject.ObjectRepository.findTestObject(HealthpostToStore/Page_Store/input_txttotal), "value"): Attribute 'value' of object 'Object Repository/HealthpostToStore/Page_Store/input_txttotal' is: '10'

2018-06-09 21:55:24 - [MESSAGE][PASSED] - Attribute 'value' of object 'Object Repository/HealthpostToStore/Page_Store/input_txttotal' is: '10'

2018-06-09 21:55:24 - [TEST_STEP][PASSED] - Statement - out.println("Requested QTY : " + RequestedQty): null

2018-06-09 21:55:24 - [TEST_STEP][PASSED] - Statement - BatchNumber = com.kms.katalon.core.webui.keyword.WebUiBuiltInKeywords.getNumberOfTotalOption(com.kms.katalon.core.testobject.ObjectRepository.findTestObject(HealthpostToStore/Page_Store/select_--Select--BA1170BA2376B)): 3 options of object 'Object Repository/HealthpostToStore/Page_Store/select_--Select--BA1170BA2376B' counted

2018-06-09 21:55:24 - [MESSAGE][PASSED] - 3 options of object 'Object Repository/HealthpostToStore/Page_Store/select_--Select--BA1170BA2376B' counted

2018-06-09 21:55:24 - [TEST_STEP][PASSED] - Statement - For ([g = 1, g <= BatchNumber - 1, (g++)]): null

2018-06-09 21:55:24 - [TEST_STEP][PASSED] - selectOptionByIndex: All options with index in [1] are selected on object 'Object Repository/HealthpostToStore/Page_Store/select_--Select--BA1170BA2376B'

2018-06-09 21:55:24 - [MESSAGE][PASSED] - All options with index in [1] are selected on object 'Object Repository/HealthpostToStore/Page_Store/select_--Select--BA1170BA2376B'

2018-06-09 21:55:24 - [TEST_STEP][PASSED] - Statement - Try: null

2018-06-09 21:55:24 - [TEST_STEP][PASSED] - Statement - StockQty = com.kms.katalon.core.webui.keyword.WebUiBuiltInKeywords.getAttribute(com.kms.katalon.core.testobject.ObjectRepository.findTestObject(HealthpostToStore/Page_Store/input_txtprice), "value"): Attribute 'value' of object 'Object Repository/HealthpostToStore/Page_Store/input_txtprice' is: '1401'

2018-06-09 21:55:24 - [MESSAGE][PASSED] - Attribute 'value' of object 'Object Repository/HealthpostToStore/Page_Store/input_txtprice' is: '1401'

2018-06-09 21:55:24 - [TEST_STEP][PASSED] - Statement - out.println("Stock QTY : " + StockQty): null

2018-06-09 21:55:24 - [TEST_STEP][PASSED] - delay: Delayed 2 second(s)

2018-06-09 21:55:26 - [MESSAGE][PASSED] - Delayed 2 second(s)

2018-06-09 21:55:26 - [TEST_STEP][PASSED] - Statement - If (java.lang.String.valueOf(StockQty) >= java.lang.String.valueOf(RequestedQty)): null

2018-06-09 21:55:26 - [TEST_STEP][PASSED] - setText: Text '10' is set on object 'Object Repository/HealthpostToStore/Page_Store/input_txtqty'

2018-06-09 21:55:26 - [MESSAGE][PASSED] - Text '10' is set on object 'Object Repository/HealthpostToStore/Page_Store/input_txtqty'

2018-06-09 21:55:26 - [TEST_STEP][PASSED] - click: Object: 'Object Repository/HealthpostToStore/Page_Store/button_Add' is clicked on

2018-06-09 21:55:26 - [MESSAGE][PASSED] - Object: 'Object Repository/HealthpostToStore/Page_Store/button_Add' is clicked on

2018-06-09 21:55:26 - [TEST_STEP][PASSED] - Statement - Break: null

2018-06-09 21:55:26 - [TEST_STEP][PASSED] - selectOptionByIndex: All options with index in [12] are selected on object 'Object Repository/HealthpostToStore/Page_Store/select_--Select--Adernaline 0.'

2018-06-09 21:55:26 - [MESSAGE][PASSED] - All options with index in [12] are selected on object 'Object Repository/HealthpostToStore/Page_Store/select_--Select--Adernaline 0.'

2018-06-09 21:55:26 - [TEST_STEP][PASSED] - delay: Delayed 2 second(s)

2018-06-09 21:55:28 - [MESSAGE][PASSED] - Delayed 2 second(s)

2018-06-09 21:55:28 - [TEST_STEP][PASSED] - Statement - RequestedQty = com.kms.katalon.core.webui.keyword.WebUiBuiltInKeywords.getAttribute(com.kms.katalon.core.testobject.ObjectRepository.findTestObject(HealthpostToStore/Page_Store/input_txttotal), "value"): Attribute 'value' of object 'Object Repository/HealthpostToStore/Page_Store/input_txttotal' is: '10'

2018-06-09 21:55:28 - [MESSAGE][PASSED] - Attribute 'value' of object 'Object Repository/HealthpostToStore/Page_Store/input_txttotal' is: '10'

2018-06-09 21:55:28 - [TEST_STEP][PASSED] - Statement - out.println("Requested QTY : " + RequestedQty): null

2018-06-09 21:55:28 - [TEST_STEP][PASSED] - Statement - BatchNumber = com.kms.katalon.core.webui.keyword.WebUiBuiltInKeywords.getNumberOfTotalOption(com.kms.katalon.core.testobject.ObjectRepository.findTestObject(HealthpostToStore/Page_Store/select_--Select--BA1170BA2376B)): 3 options of object 'Object Repository/HealthpostToStore/Page_Store/select_--Select--BA1170BA2376B' counted

2018-06-09 21:55:28 - [MESSAGE][PASSED] - 3 options of object 'Object Repository/HealthpostToStore/Page_Store/select_--Select--BA1170BA2376B' counted

2018-06-09 21:55:28 - [TEST_STEP][PASSED] - Statement - For ([g = 1, g <= BatchNumber - 1, (g++)]): null

2018-06-09 21:55:28 - [TEST_STEP][PASSED] - selectOptionByIndex: All options with index in [1] are selected on object 'Object Repository/HealthpostToStore/Page_Store/select_--Select--BA1170BA2376B'

2018-06-09 21:55:29 - [MESSAGE][PASSED] - All options with index in [1] are selected on object 'Object Repository/HealthpostToStore/Page_Store/select_--Select--BA1170BA2376B'

2018-06-09 21:55:29 - [TEST_STEP][PASSED] - Statement - Try: null

2018-06-09 21:55:29 - [TEST_STEP][PASSED] - Statement - StockQty = com.kms.katalon.core.webui.keyword.WebUiBuiltInKeywords.getAttribute(com.kms.katalon.core.testobject.ObjectRepository.findTestObject(HealthpostToStore/Page_Store/input_txtprice), "value"): Attribute 'value' of object 'Object Repository/HealthpostToStore/Page_Store/input_txtprice' is: '1560'

2018-06-09 21:55:29 - [MESSAGE][PASSED] - Attribute 'value' of object 'Object Repository/HealthpostToStore/Page_Store/input_txtprice' is: '1560'

2018-06-09 21:55:29 - [TEST_STEP][PASSED] - Statement - out.println("Stock QTY : " + StockQty): null

2018-06-09 21:55:29 - [TEST_STEP][PASSED] - delay: Delayed 2 second(s)

2018-06-09 21:55:31 - [MESSAGE][PASSED] - Delayed 2 second(s)

2018-06-09 21:55:31 - [TEST_STEP][PASSED] - Statement - If (java.lang.String.valueOf(StockQty) >= java.lang.String.valueOf(RequestedQty)): null

2018-06-09 21:55:31 - [TEST_STEP][PASSED] - setText: Text '10' is set on object 'Object Repository/HealthpostToStore/Page_Store/input_txtqty'

2018-06-09 21:55:31 - [MESSAGE][PASSED] - Text '10' is set on object 'Object Repository/HealthpostToStore/Page_Store/input_txtqty'

2018-06-09 21:55:31 - [TEST_STEP][PASSED] - click: Object: 'Object Repository/HealthpostToStore/Page_Store/button_Add' is clicked on

2018-06-09 21:55:31 - [MESSAGE][PASSED] - Object: 'Object Repository/HealthpostToStore/Page_Store/button_Add' is clicked on

2018-06-09 21:55:31 - [TEST_STEP][PASSED] - Statement - Break: null

2018-06-09 21:55:31 - [TEST_STEP][PASSED] - selectOptionByIndex: All options with index in [13] are selected on object 'Object Repository/HealthpostToStore/Page_Store/select_--Select--Adernaline 0.'

2018-06-09 21:55:31 - [MESSAGE][PASSED] - All options with index in [13] are selected on object 'Object Repository/HealthpostToStore/Page_Store/select_--Select--Adernaline 0.'

2018-06-09 21:55:31 - [TEST_STEP][PASSED] - delay: Delayed 2 second(s)

2018-06-09 21:55:33 - [MESSAGE][PASSED] - Delayed 2 second(s)

2018-06-09 21:55:33 - [TEST_STEP][PASSED] - Statement - RequestedQty = com.kms.katalon.core.webui.keyword.WebUiBuiltInKeywords.getAttribute(com.kms.katalon.core.testobject.ObjectRepository.findTestObject(HealthpostToStore/Page_Store/input_txttotal), "value"): Attribute 'value' of object 'Object Repository/HealthpostToStore/Page_Store/input_txttotal' is: '10'

2018-06-09 21:55:33 - [MESSAGE][PASSED] - Attribute 'value' of object 'Object Repository/HealthpostToStore/Page_Store/input_txttotal' is: '10'

2018-06-09 21:55:33 - [TEST_STEP][PASSED] - Statement - out.println("Requested QTY : " + RequestedQty): null

2018-06-09 21:55:33 - [TEST_STEP][PASSED] - Statement - BatchNumber = com.kms.katalon.core.webui.keyword.WebUiBuiltInKeywords.getNumberOfTotalOption(com.kms.katalon.core.testobject.ObjectRepository.findTestObject(HealthpostToStore/Page_Store/select_--Select--BA1170BA2376B)): 3 options of object 'Object Repository/HealthpostToStore/Page_Store/select_--Select--BA1170BA2376B' counted

2018-06-09 21:55:33 - [MESSAGE][PASSED] - 3 options of object 'Object Repository/HealthpostToStore/Page_Store/select_--Select--BA1170BA2376B' counted

2018-06-09 21:55:33 - [TEST_STEP][PASSED] - Statement - For ([g = 1, g <= BatchNumber - 1, (g++)]): null

2018-06-09 21:55:33 - [TEST_STEP][PASSED] - selectOptionByIndex: All options with index in [1] are selected on object 'Object Repository/HealthpostToStore/Page_Store/select_--Select--BA1170BA2376B'

2018-06-09 21:55:33 - [MESSAGE][PASSED] - All options with index in [1] are selected on object 'Object Repository/HealthpostToStore/Page_Store/select_--Select--BA1170BA2376B'

2018-06-09 21:55:33 - [TEST_STEP][PASSED] - Statement - Try: null

2018-06-09 21:55:33 - [TEST_STEP][PASSED] - Statement - StockQty = com.kms.katalon.core.webui.keyword.WebUiBuiltInKeywords.getAttribute(com.kms.katalon.core.testobject.ObjectRepository.findTestObject(HealthpostToStore/Page_Store/input_txtprice), "value"): Attribute 'value' of object 'Object Repository/HealthpostToStore/Page_Store/input_txtprice' is: '620'

2018-06-09 21:55:33 - [MESSAGE][PASSED] - Attribute 'value' of object 'Object Repository/HealthpostToStore/Page_Store/input_txtprice' is: '620'

2018-06-09 21:55:33 - [TEST_STEP][PASSED] - Statement - out.println("Stock QTY : " + StockQty): null

2018-06-09 21:55:33 - [TEST_STEP][PASSED] - delay: Delayed 2 second(s)

2018-06-09 21:55:35 - [MESSAGE][PASSED] - Delayed 2 second(s)

2018-06-09 21:55:35 - [TEST_STEP][PASSED] - Statement - If (java.lang.String.valueOf(StockQty) >= java.lang.String.valueOf(RequestedQty)): null

2018-06-09 21:55:35 - [TEST_STEP][PASSED] - setText: Text '10' is set on object 'Object Repository/HealthpostToStore/Page_Store/input_txtqty'

2018-06-09 21:55:35 - [MESSAGE][PASSED] - Text '10' is set on object 'Object Repository/HealthpostToStore/Page_Store/input_txtqty'

2018-06-09 21:55:35 - [TEST_STEP][PASSED] - click: Object: 'Object Repository/HealthpostToStore/Page_Store/button_Add' is clicked on

2018-06-09 21:55:36 - [MESSAGE][PASSED] - Object: 'Object Repository/HealthpostToStore/Page_Store/button_Add' is clicked on

2018-06-09 21:55:36 - [TEST_STEP][PASSED] - Statement - Break: null

2018-06-09 21:55:36 - [TEST_STEP][PASSED] - selectOptionByIndex: All options with index in [14] are selected on object 'Object Repository/HealthpostToStore/Page_Store/select_--Select--Adernaline 0.'

2018-06-09 21:55:36 - [MESSAGE][PASSED] - All options with index in [14] are selected on object 'Object Repository/HealthpostToStore/Page_Store/select_--Select--Adernaline 0.'

2018-06-09 21:55:36 - [TEST_STEP][PASSED] - delay: Delayed 2 second(s)

2018-06-09 21:55:38 - [MESSAGE][PASSED] - Delayed 2 second(s)

2018-06-09 21:55:38 - [TEST_STEP][PASSED] - Statement - RequestedQty = com.kms.katalon.core.webui.keyword.WebUiBuiltInKeywords.getAttribute(com.kms.katalon.core.testobject.ObjectRepository.findTestObject(HealthpostToStore/Page_Store/input_txttotal), "value"): Attribute 'value' of object 'Object Repository/HealthpostToStore/Page_Store/input_txttotal' is: '10'

2018-06-09 21:55:38 - [MESSAGE][PASSED] - Attribute 'value' of object 'Object Repository/HealthpostToStore/Page_Store/input_txttotal' is: '10'

2018-06-09 21:55:38 - [TEST_STEP][PASSED] - Statement - out.println("Requested QTY : " + RequestedQty): null

2018-06-09 21:55:38 - [TEST_STEP][PASSED] - Statement - BatchNumber = com.kms.katalon.core.webui.keyword.WebUiBuiltInKeywords.getNumberOfTotalOption(com.kms.katalon.core.testobject.ObjectRepository.findTestObject(HealthpostToStore/Page_Store/select_--Select--BA1170BA2376B)): 3 options of object 'Object Repository/HealthpostToStore/Page_Store/select_--Select--BA1170BA2376B' counted

2018-06-09 21:55:38 - [MESSAGE][PASSED] - 3 options of object 'Object Repository/HealthpostToStore/Page_Store/select_--Select--BA1170BA2376B' counted

2018-06-09 21:55:38 - [TEST_STEP][PASSED] - Statement - For ([g = 1, g <= BatchNumber - 1, (g++)]): null

2018-06-09 21:55:38 - [TEST_STEP][PASSED] - selectOptionByIndex: All options with index in [1] are selected on object 'Object Repository/HealthpostToStore/Page_Store/select_--Select--BA1170BA2376B'

2018-06-09 21:55:38 - [MESSAGE][PASSED] - All options with index in [1] are selected on object 'Object Repository/HealthpostToStore/Page_Store/select_--Select--BA1170BA2376B'

2018-06-09 21:55:38 - [TEST_STEP][PASSED] - Statement - Try: null

2018-06-09 21:55:38 - [TEST_STEP][PASSED] - Statement - StockQty = com.kms.katalon.core.webui.keyword.WebUiBuiltInKeywords.getAttribute(com.kms.katalon.core.testobject.ObjectRepository.findTestObject(HealthpostToStore/Page_Store/input_txtprice), "value"): Attribute 'value' of object 'Object Repository/HealthpostToStore/Page_Store/input_txtprice' is: '1585'

2018-06-09 21:55:38 - [MESSAGE][PASSED] - Attribute 'value' of object 'Object Repository/HealthpostToStore/Page_Store/input_txtprice' is: '1585'

2018-06-09 21:55:38 - [TEST_STEP][PASSED] - Statement - out.println("Stock QTY : " + StockQty): null

2018-06-09 21:55:38 - [TEST_STEP][PASSED] - delay: Delayed 2 second(s)

2018-06-09 21:55:40 - [MESSAGE][PASSED] - Delayed 2 second(s)

2018-06-09 21:55:40 - [TEST_STEP][PASSED] - Statement - If (java.lang.String.valueOf(StockQty) >= java.lang.String.valueOf(RequestedQty)): null

2018-06-09 21:55:40 - [TEST_STEP][PASSED] - setText: Text '10' is set on object 'Object Repository/HealthpostToStore/Page_Store/input_txtqty'

2018-06-09 21:55:40 - [MESSAGE][PASSED] - Text '10' is set on object 'Object Repository/HealthpostToStore/Page_Store/input_txtqty'

2018-06-09 21:55:40 - [TEST_STEP][PASSED] - click: Object: 'Object Repository/HealthpostToStore/Page_Store/button_Add' is clicked on

2018-06-09 21:55:40 - [MESSAGE][PASSED] - Object: 'Object Repository/HealthpostToStore/Page_Store/button_Add' is clicked on

2018-06-09 21:55:40 - [TEST_STEP][PASSED] - Statement - Break: null

2018-06-09 21:55:40 - [TEST_STEP][PASSED] - selectOptionByIndex: All options with index in [15] are selected on object 'Object Repository/HealthpostToStore/Page_Store/select_--Select--Adernaline 0.'

2018-06-09 21:55:40 - [MESSAGE][PASSED] - All options with index in [15] are selected on object 'Object Repository/HealthpostToStore/Page_Store/select_--Select--Adernaline 0.'

2018-06-09 21:55:40 - [TEST_STEP][PASSED] - delay: Delayed 2 second(s)

2018-06-09 21:55:42 - [MESSAGE][PASSED] - Delayed 2 second(s)

2018-06-09 21:55:42 - [TEST_STEP][PASSED] - Statement - RequestedQty = com.kms.katalon.core.webui.keyword.WebUiBuiltInKeywords.getAttribute(com.kms.katalon.core.testobject.ObjectRepository.findTestObject(HealthpostToStore/Page_Store/input_txttotal), "value"): Attribute 'value' of object 'Object Repository/HealthpostToStore/Page_Store/input_txttotal' is: '10'

2018-06-09 21:55:42 - [MESSAGE][PASSED] - Attribute 'value' of object 'Object Repository/HealthpostToStore/Page_Store/input_txttotal' is: '10'

2018-06-09 21:55:42 - [TEST_STEP][PASSED] - Statement - out.println("Requested QTY : " + RequestedQty): null

2018-06-09 21:55:42 - [TEST_STEP][PASSED] - Statement - BatchNumber = com.kms.katalon.core.webui.keyword.WebUiBuiltInKeywords.getNumberOfTotalOption(com.kms.katalon.core.testobject.ObjectRepository.findTestObject(HealthpostToStore/Page_Store/select_--Select--BA1170BA2376B)): 3 options of object 'Object Repository/HealthpostToStore/Page_Store/select_--Select--BA1170BA2376B' counted

2018-06-09 21:55:42 - [MESSAGE][PASSED] - 3 options of object 'Object Repository/HealthpostToStore/Page_Store/select_--Select--BA1170BA2376B' counted

2018-06-09 21:55:42 - [TEST_STEP][PASSED] - Statement - For ([g = 1, g <= BatchNumber - 1, (g++)]): null

2018-06-09 21:55:42 - [TEST_STEP][PASSED] - selectOptionByIndex: All options with index in [1] are selected on object 'Object Repository/HealthpostToStore/Page_Store/select_--Select--BA1170BA2376B'

2018-06-09 21:55:43 - [MESSAGE][PASSED] - All options with index in [1] are selected on object 'Object Repository/HealthpostToStore/Page_Store/select_--Select--BA1170BA2376B'

2018-06-09 21:55:43 - [TEST_STEP][PASSED] - Statement - Try: null

2018-06-09 21:55:43 - [TEST_STEP][PASSED] - Statement - StockQty = com.kms.katalon.core.webui.keyword.WebUiBuiltInKeywords.getAttribute(com.kms.katalon.core.testobject.ObjectRepository.findTestObject(HealthpostToStore/Page_Store/input_txtprice), "value"): Attribute 'value' of object 'Object Repository/HealthpostToStore/Page_Store/input_txtprice' is: ''

2018-06-09 21:55:43 - [MESSAGE][PASSED] - Attribute 'value' of object 'Object Repository/HealthpostToStore/Page_Store/input_txtprice' is: ''

2018-06-09 21:55:43 - [TEST_STEP][PASSED] - Statement - out.println("Stock QTY : " + StockQty): null

2018-06-09 21:55:43 - [TEST_STEP][PASSED] - delay: Delayed 2 second(s)

2018-06-09 21:55:45 - [MESSAGE][PASSED] - Delayed 2 second(s)

2018-06-09 21:55:45 - [TEST_STEP][PASSED] - Statement - If (java.lang.String.valueOf(StockQty) >= java.lang.String.valueOf(RequestedQty)): null

2018-06-09 21:55:45 - [TEST_STEP][PASSED] - Statement - Else: null

2018-06-09 21:55:45 - [TEST_STEP][PASSED] - Statement - out.println("Stock Is Less Than Requested Qty"): null

2018-06-09 21:55:45 - [TEST_STEP][PASSED] - selectOptionByIndex: All options with index in [2] are selected on object 'Object Repository/HealthpostToStore/Page_Store/select_--Select--BA1170BA2376B'

2018-06-09 21:55:45 - [MESSAGE][PASSED] - All options with index in [2] are selected on object 'Object Repository/HealthpostToStore/Page_Store/select_--Select--BA1170BA2376B'

2018-06-09 21:55:45 - [TEST_STEP][PASSED] - Statement - Try: null

2018-06-09 21:55:45 - [TEST_STEP][PASSED] - Statement - StockQty = com.kms.katalon.core.webui.keyword.WebUiBuiltInKeywords.getAttribute(com.kms.katalon.core.testobject.ObjectRepository.findTestObject(HealthpostToStore/Page_Store/input_txtprice), "value"): Attribute 'value' of object 'Object Repository/HealthpostToStore/Page_Store/input_txtprice' is: '1000'

2018-06-09 21:55:45 - [MESSAGE][PASSED] - Attribute 'value' of object 'Object Repository/HealthpostToStore/Page_Store/input_txtprice' is: '1000'

2018-06-09 21:55:45 - [TEST_STEP][PASSED] - Statement - out.println("Stock QTY : " + StockQty): null

2018-06-09 21:55:45 - [TEST_STEP][PASSED] - delay: Delayed 2 second(s)

2018-06-09 21:55:47 - [MESSAGE][PASSED] - Delayed 2 second(s)

2018-06-09 21:55:47 - [TEST_STEP][PASSED] - Statement - If (java.lang.String.valueOf(StockQty) >= java.lang.String.valueOf(RequestedQty)): null

2018-06-09 21:55:47 - [TEST_STEP][PASSED] - setText: Text '10' is set on object 'Object Repository/HealthpostToStore/Page_Store/input_txtqty'

2018-06-09 21:55:47 - [MESSAGE][PASSED] - Text '10' is set on object 'Object Repository/HealthpostToStore/Page_Store/input_txtqty'

2018-06-09 21:55:47 - [TEST_STEP][PASSED] - click: Object: 'Object Repository/HealthpostToStore/Page_Store/button_Add' is clicked on

2018-06-09 21:55:47 - [MESSAGE][PASSED] - Object: 'Object Repository/HealthpostToStore/Page_Store/button_Add' is clicked on

2018-06-09 21:55:47 - [TEST_STEP][PASSED] - Statement - Break: null

2018-06-09 21:55:47 - [TEST_STEP][PASSED] - selectOptionByIndex: All options with index in [16] are selected on object 'Object Repository/HealthpostToStore/Page_Store/select_--Select--Adernaline 0.'

2018-06-09 21:55:47 - [MESSAGE][PASSED] - All options with index in [16] are selected on object 'Object Repository/HealthpostToStore/Page_Store/select_--Select--Adernaline 0.'

2018-06-09 21:55:47 - [TEST_STEP][PASSED] - delay: Delayed 2 second(s)

2018-06-09 21:55:49 - [MESSAGE][PASSED] - Delayed 2 second(s)

2018-06-09 21:55:49 - [TEST_STEP][PASSED] - Statement - RequestedQty = com.kms.katalon.core.webui.keyword.WebUiBuiltInKeywords.getAttribute(com.kms.katalon.core.testobject.ObjectRepository.findTestObject(HealthpostToStore/Page_Store/input_txttotal), "value"): Attribute 'value' of object 'Object Repository/HealthpostToStore/Page_Store/input_txttotal' is: '10'

2018-06-09 21:55:49 - [MESSAGE][PASSED] - Attribute 'value' of object 'Object Repository/HealthpostToStore/Page_Store/input_txttotal' is: '10'

2018-06-09 21:55:49 - [TEST_STEP][PASSED] - Statement - out.println("Requested QTY : " + RequestedQty): null

2018-06-09 21:55:49 - [TEST_STEP][PASSED] - Statement - BatchNumber = com.kms.katalon.core.webui.keyword.WebUiBuiltInKeywords.getNumberOfTotalOption(com.kms.katalon.core.testobject.ObjectRepository.findTestObject(HealthpostToStore/Page_Store/select_--Select--BA1170BA2376B)): 2 options of object 'Object Repository/HealthpostToStore/Page_Store/select_--Select--BA1170BA2376B' counted

2018-06-09 21:55:49 - [MESSAGE][PASSED] - 2 options of object 'Object Repository/HealthpostToStore/Page_Store/select_--Select--BA1170BA2376B' counted

2018-06-09 21:55:49 - [TEST_STEP][PASSED] - Statement - For ([g = 1, g <= BatchNumber - 1, (g++)]): null

2018-06-09 21:55:49 - [TEST_STEP][PASSED] - selectOptionByIndex: All options with index in [1] are selected on object 'Object Repository/HealthpostToStore/Page_Store/select_--Select--BA1170BA2376B'

2018-06-09 21:55:49 - [MESSAGE][PASSED] - All options with index in [1] are selected on object 'Object Repository/HealthpostToStore/Page_Store/select_--Select--BA1170BA2376B'

2018-06-09 21:55:49 - [TEST_STEP][PASSED] - Statement - Try: null

2018-06-09 21:55:49 - [TEST_STEP][PASSED] - Statement - StockQty = com.kms.katalon.core.webui.keyword.WebUiBuiltInKeywords.getAttribute(com.kms.katalon.core.testobject.ObjectRepository.findTestObject(HealthpostToStore/Page_Store/input_txtprice), "value"): Attribute 'value' of object 'Object Repository/HealthpostToStore/Page_Store/input_txtprice' is: '620'

2018-06-09 21:55:49 - [MESSAGE][PASSED] - Attribute 'value' of object 'Object Repository/HealthpostToStore/Page_Store/input_txtprice' is: '620'

2018-06-09 21:55:49 - [TEST_STEP][PASSED] - Statement - out.println("Stock QTY : " + StockQty): null

2018-06-09 21:55:49 - [TEST_STEP][PASSED] - delay: Delayed 2 second(s)

2018-06-09 21:55:51 - [MESSAGE][PASSED] - Delayed 2 second(s)

2018-06-09 21:55:51 - [TEST_STEP][PASSED] - Statement - If (java.lang.String.valueOf(StockQty) >= java.lang.String.valueOf(RequestedQty)): null

2018-06-09 21:55:51 - [TEST_STEP][PASSED] - setText: Text '10' is set on object 'Object Repository/HealthpostToStore/Page_Store/input_txtqty'

2018-06-09 21:55:52 - [MESSAGE][PASSED] - Text '10' is set on object 'Object Repository/HealthpostToStore/Page_Store/input_txtqty'

2018-06-09 21:55:52 - [TEST_STEP][PASSED] - click: Object: 'Object Repository/HealthpostToStore/Page_Store/button_Add' is clicked on

2018-06-09 21:55:52 - [MESSAGE][PASSED] - Object: 'Object Repository/HealthpostToStore/Page_Store/button_Add' is clicked on

2018-06-09 21:55:52 - [TEST_STEP][PASSED] - Statement - Break: null

2018-06-09 21:55:52 - [TEST_STEP][PASSED] - scrollToElement: Scroll to object 'Object Repository/HealthpostToStore/Page_Store/input_btnSubmit' successfully

2018-06-09 21:55:52 - [MESSAGE][PASSED] - Scroll to object 'Object Repository/HealthpostToStore/Page_Store/input_btnSubmit' successfully

2018-06-09 21:55:52 - [TEST_STEP][PASSED] - click: Object: 'Object Repository/HealthpostToStore/Page_Store/input_btnSubmit' is clicked on

2018-06-09 21:55:52 - [MESSAGE][PASSED] - Object: 'Object Repository/HealthpostToStore/Page_Store/input_btnSubmit' is clicked on

2018-06-09 21:55:52 - [TEST_STEP][PASSED] - delay: Delayed 3 second(s)

2018-06-09 21:55:55 - [MESSAGE][PASSED] - Delayed 3 second(s)

2018-06-09 21:55:55 - [TEST_STEP][PASSED] - click: Object: 'Object Repository/HealthpostToStore/Page_Store/button_OK' is clicked on

2018-06-09 21:55:56 - [MESSAGE][PASSED] - Object: 'Object Repository/HealthpostToStore/Page_Store/button_OK' is clicked on

2018-06-09 21:55:56 - [TEST_STEP][PASSED] - delay: Delayed 3 second(s)

2018-06-09 21:55:59 - [MESSAGE][PASSED] - Delayed 3 second(s)

2018-06-09 21:55:59 - [TEST_STEP][PASSED] - click: Object: 'Object Repository/HealthpostToStore/Page_Store/a_dropdown-toggle' is clicked on

2018-06-09 21:55:59 - [MESSAGE][PASSED] - Object: 'Object Repository/HealthpostToStore/Page_Store/a_dropdown-toggle' is clicked on

2018-06-09 21:55:59 - [TEST_STEP][PASSED] - click: Object: 'Object Repository/HealthpostToStore/Page_Store/a_Sign out' is clicked on

2018-06-09 21:55:59 - [MESSAGE][PASSED] - Object: 'Object Repository/HealthpostToStore/Page_Store/a_Sign out' is clicked on

2018-06-09 21:55:59 - [TEST_STEP][PASSED] - closeBrowser: Browser is closed

2018-06-09 21:56:00 - [MESSAGE][PASSED] - Browser is closed]]></system-out>
         <system-err><![CDATA[]]></system-err>
      </testcase>
      <testcase name="Test Cases/HEALTHPOST TEST CASES/TC_HP_006 Verify Schedule 6 Healthpost Request Are Working Successfully Or Not" classname="Test Cases/HEALTHPOST TEST CASES/TC_HP_006 Verify Schedule 6 Healthpost Request Are Working Successfully Or Not" status="PASSED">
         <system-out><![CDATA[2018-06-09 21:56:00 - [TEST_CASE][PASSED] - Test Cases/HEALTHPOST TEST CASES/TC_HP_006 Verify Schedule 6 Healthpost Request Are Working Successfully Or Not: Test Cases/HEALTHPOST TEST CASES/TC_HP_006 Verify Schedule 6 Healthpost Request Are Working Successfully Or Not

2018-06-09 21:56:00 - [TEST_STEP][PASSED] - openBrowser: Browser is opened with url: ''

2018-06-09 21:56:02 - [MESSAGE][PASSED] - Browser is opened with url: ''

2018-06-09 21:56:02 - [TEST_STEP][PASSED] - navigateToUrl: Navigate to 'http://192.168.137.1/multihospital_new/HDSplashscreen.aspx' successfully

2018-06-09 21:56:03 - [MESSAGE][PASSED] - Navigate to 'http://192.168.137.1/multihospital_new/HDSplashscreen.aspx' successfully

2018-06-09 21:56:03 - [TEST_STEP][PASSED] - maximizeWindow: Current window maximized

2018-06-09 21:56:05 - [MESSAGE][PASSED] - Current window maximized

2018-06-09 21:56:05 - [TEST_STEP][PASSED] - click: Object: 'Object Repository/HealthpostToStore/Page_KDMC/a_Healthpost Store' is clicked on

2018-06-09 21:56:05 - [MESSAGE][PASSED] - Object: 'Object Repository/HealthpostToStore/Page_KDMC/a_Healthpost Store' is clicked on

2018-06-09 21:56:05 - [TEST_STEP][PASSED] - setText: Text 'raguram' is set on object 'Object Repository/HealthpostToStore/Page_HealthPost Store Login/input_txtusername'

2018-06-09 21:56:06 - [MESSAGE][PASSED] - Text 'raguram' is set on object 'Object Repository/HealthpostToStore/Page_HealthPost Store Login/input_txtusername'

2018-06-09 21:56:06 - [TEST_STEP][PASSED] - setText: Text '123' is set on object 'Object Repository/HealthpostToStore/Page_HealthPost Store Login/input_txtpassword'

2018-06-09 21:56:06 - [MESSAGE][PASSED] - Text '123' is set on object 'Object Repository/HealthpostToStore/Page_HealthPost Store Login/input_txtpassword'

2018-06-09 21:56:06 - [TEST_STEP][PASSED] - delay: Delayed 3 second(s)

2018-06-09 21:56:09 - [MESSAGE][PASSED] - Delayed 3 second(s)

2018-06-09 21:56:09 - [TEST_STEP][PASSED] - sendKeys: Keys 'ENTER + ' sent to object: 'Object Repository/HealthpostToStore/Page_HealthPost Store Login/input_txtpassword'

2018-06-09 21:56:09 - [MESSAGE][PASSED] - Keys 'ENTER + ' sent to object: 'Object Repository/HealthpostToStore/Page_HealthPost Store Login/input_txtpassword'

2018-06-09 21:56:09 - [TEST_STEP][PASSED] - delay: Delayed 3 second(s)

2018-06-09 21:56:12 - [MESSAGE][PASSED] - Delayed 3 second(s)

2018-06-09 21:56:12 - [TEST_STEP][PASSED] - click: Object: 'Object Repository/HealthpostToStore/Page_HealthPost Store/a_Request to Store' is clicked on

2018-06-09 21:56:12 - [MESSAGE][PASSED] - Object: 'Object Repository/HealthpostToStore/Page_HealthPost Store/a_Request to Store' is clicked on

2018-06-09 21:56:12 - [TEST_STEP][PASSED] - delay: Delayed 1 second(s)

2018-06-09 21:56:13 - [MESSAGE][PASSED] - Delayed 1 second(s)

2018-06-09 21:56:13 - [TEST_STEP][PASSED] - click: Object: 'Object Repository/HealthpostToStore/Page_HealthPost Store/a_Medicine Request' is clicked on

2018-06-09 21:56:14 - [MESSAGE][PASSED] - Object: 'Object Repository/HealthpostToStore/Page_HealthPost Store/a_Medicine Request' is clicked on

2018-06-09 21:56:14 - [TEST_STEP][PASSED] - delay: Delayed 1 second(s)

2018-06-09 21:56:15 - [MESSAGE][PASSED] - Delayed 1 second(s)

2018-06-09 21:56:15 - [TEST_STEP][PASSED] - selectOptionByIndex: All options with index in [6] are selected on object 'Object Repository/HealthpostToStore/Page_HealthPost Store/select_--Select--Schedule 1Inj'

2018-06-09 21:56:15 - [MESSAGE][PASSED] - All options with index in [6] are selected on object 'Object Repository/HealthpostToStore/Page_HealthPost Store/select_--Select--Schedule 1Inj'

2018-06-09 21:56:15 - [TEST_STEP][PASSED] - Statement - medicineslength = com.kms.katalon.core.webui.keyword.WebUiBuiltInKeywords.getNumberOfTotalOption(com.kms.katalon.core.testobject.ObjectRepository.findTestObject(HealthpostToStore/Page_HealthPost Store/select_--Select--Adernaline 0.)): 14 options of object 'Object Repository/HealthpostToStore/Page_HealthPost Store/select_--Select--Adernaline 0.' counted

2018-06-09 21:56:15 - [MESSAGE][PASSED] - 14 options of object 'Object Repository/HealthpostToStore/Page_HealthPost Store/select_--Select--Adernaline 0.' counted

2018-06-09 21:56:15 - [TEST_STEP][PASSED] - Statement - For ([e = 1, e <= medicineslength - 1, (e++)]): Object: 'Object Repository/HealthpostToStore/Page_HealthPost Store/button_Add' is clicked on

2018-06-09 21:56:15 - [TEST_STEP][PASSED] - selectOptionByIndex: All options with index in [6] are selected on object 'Object Repository/HealthpostToStore/Page_HealthPost Store/select_--Select--Schedule 1Inj'

2018-06-09 21:56:15 - [MESSAGE][PASSED] - All options with index in [6] are selected on object 'Object Repository/HealthpostToStore/Page_HealthPost Store/select_--Select--Schedule 1Inj'

2018-06-09 21:56:15 - [TEST_STEP][PASSED] - selectOptionByIndex: All options with index in [1] are selected on object 'Object Repository/HealthpostToStore/Page_HealthPost Store/select_--Select--Adernaline 0.'

2018-06-09 21:56:15 - [MESSAGE][PASSED] - All options with index in [1] are selected on object 'Object Repository/HealthpostToStore/Page_HealthPost Store/select_--Select--Adernaline 0.'

2018-06-09 21:56:15 - [TEST_STEP][PASSED] - setText: Text '10' is set on object 'Object Repository/HealthpostToStore/Page_HealthPost Store/input_txttreat'

2018-06-09 21:56:16 - [MESSAGE][PASSED] - Text '10' is set on object 'Object Repository/HealthpostToStore/Page_HealthPost Store/input_txttreat'

2018-06-09 21:56:16 - [TEST_STEP][PASSED] - click: Object: 'Object Repository/HealthpostToStore/Page_HealthPost Store/button_Add' is clicked on

2018-06-09 21:56:16 - [MESSAGE][PASSED] - Object: 'Object Repository/HealthpostToStore/Page_HealthPost Store/button_Add' is clicked on

2018-06-09 21:56:16 - [TEST_STEP][PASSED] - selectOptionByIndex: All options with index in [6] are selected on object 'Object Repository/HealthpostToStore/Page_HealthPost Store/select_--Select--Schedule 1Inj'

2018-06-09 21:56:16 - [MESSAGE][PASSED] - All options with index in [6] are selected on object 'Object Repository/HealthpostToStore/Page_HealthPost Store/select_--Select--Schedule 1Inj'

2018-06-09 21:56:16 - [TEST_STEP][PASSED] - selectOptionByIndex: All options with index in [2] are selected on object 'Object Repository/HealthpostToStore/Page_HealthPost Store/select_--Select--Adernaline 0.'

2018-06-09 21:56:16 - [MESSAGE][PASSED] - All options with index in [2] are selected on object 'Object Repository/HealthpostToStore/Page_HealthPost Store/select_--Select--Adernaline 0.'

2018-06-09 21:56:16 - [TEST_STEP][PASSED] - setText: Text '10' is set on object 'Object Repository/HealthpostToStore/Page_HealthPost Store/input_txttreat'

2018-06-09 21:56:16 - [MESSAGE][PASSED] - Text '10' is set on object 'Object Repository/HealthpostToStore/Page_HealthPost Store/input_txttreat'

2018-06-09 21:56:16 - [TEST_STEP][PASSED] - click: Object: 'Object Repository/HealthpostToStore/Page_HealthPost Store/button_Add' is clicked on

2018-06-09 21:56:16 - [MESSAGE][PASSED] - Object: 'Object Repository/HealthpostToStore/Page_HealthPost Store/button_Add' is clicked on

2018-06-09 21:56:16 - [TEST_STEP][PASSED] - selectOptionByIndex: All options with index in [6] are selected on object 'Object Repository/HealthpostToStore/Page_HealthPost Store/select_--Select--Schedule 1Inj'

2018-06-09 21:56:16 - [MESSAGE][PASSED] - All options with index in [6] are selected on object 'Object Repository/HealthpostToStore/Page_HealthPost Store/select_--Select--Schedule 1Inj'

2018-06-09 21:56:16 - [TEST_STEP][PASSED] - selectOptionByIndex: All options with index in [3] are selected on object 'Object Repository/HealthpostToStore/Page_HealthPost Store/select_--Select--Adernaline 0.'

2018-06-09 21:56:16 - [MESSAGE][PASSED] - All options with index in [3] are selected on object 'Object Repository/HealthpostToStore/Page_HealthPost Store/select_--Select--Adernaline 0.'

2018-06-09 21:56:16 - [TEST_STEP][PASSED] - setText: Text '10' is set on object 'Object Repository/HealthpostToStore/Page_HealthPost Store/input_txttreat'

2018-06-09 21:56:17 - [MESSAGE][PASSED] - Text '10' is set on object 'Object Repository/HealthpostToStore/Page_HealthPost Store/input_txttreat'

2018-06-09 21:56:17 - [TEST_STEP][PASSED] - click: Object: 'Object Repository/HealthpostToStore/Page_HealthPost Store/button_Add' is clicked on

2018-06-09 21:56:17 - [MESSAGE][PASSED] - Object: 'Object Repository/HealthpostToStore/Page_HealthPost Store/button_Add' is clicked on

2018-06-09 21:56:17 - [TEST_STEP][PASSED] - selectOptionByIndex: All options with index in [6] are selected on object 'Object Repository/HealthpostToStore/Page_HealthPost Store/select_--Select--Schedule 1Inj'

2018-06-09 21:56:17 - [MESSAGE][PASSED] - All options with index in [6] are selected on object 'Object Repository/HealthpostToStore/Page_HealthPost Store/select_--Select--Schedule 1Inj'

2018-06-09 21:56:17 - [TEST_STEP][PASSED] - selectOptionByIndex: All options with index in [4] are selected on object 'Object Repository/HealthpostToStore/Page_HealthPost Store/select_--Select--Adernaline 0.'

2018-06-09 21:56:17 - [MESSAGE][PASSED] - All options with index in [4] are selected on object 'Object Repository/HealthpostToStore/Page_HealthPost Store/select_--Select--Adernaline 0.'

2018-06-09 21:56:17 - [TEST_STEP][PASSED] - setText: Text '10' is set on object 'Object Repository/HealthpostToStore/Page_HealthPost Store/input_txttreat'

2018-06-09 21:56:17 - [MESSAGE][PASSED] - Text '10' is set on object 'Object Repository/HealthpostToStore/Page_HealthPost Store/input_txttreat'

2018-06-09 21:56:17 - [TEST_STEP][PASSED] - click: Object: 'Object Repository/HealthpostToStore/Page_HealthPost Store/button_Add' is clicked on

2018-06-09 21:56:17 - [MESSAGE][PASSED] - Object: 'Object Repository/HealthpostToStore/Page_HealthPost Store/button_Add' is clicked on

2018-06-09 21:56:17 - [TEST_STEP][PASSED] - selectOptionByIndex: All options with index in [6] are selected on object 'Object Repository/HealthpostToStore/Page_HealthPost Store/select_--Select--Schedule 1Inj'

2018-06-09 21:56:17 - [MESSAGE][PASSED] - All options with index in [6] are selected on object 'Object Repository/HealthpostToStore/Page_HealthPost Store/select_--Select--Schedule 1Inj'

2018-06-09 21:56:17 - [TEST_STEP][PASSED] - selectOptionByIndex: All options with index in [5] are selected on object 'Object Repository/HealthpostToStore/Page_HealthPost Store/select_--Select--Adernaline 0.'

2018-06-09 21:56:17 - [MESSAGE][PASSED] - All options with index in [5] are selected on object 'Object Repository/HealthpostToStore/Page_HealthPost Store/select_--Select--Adernaline 0.'

2018-06-09 21:56:17 - [TEST_STEP][PASSED] - setText: Text '10' is set on object 'Object Repository/HealthpostToStore/Page_HealthPost Store/input_txttreat'

2018-06-09 21:56:17 - [MESSAGE][PASSED] - Text '10' is set on object 'Object Repository/HealthpostToStore/Page_HealthPost Store/input_txttreat'

2018-06-09 21:56:17 - [TEST_STEP][PASSED] - click: Object: 'Object Repository/HealthpostToStore/Page_HealthPost Store/button_Add' is clicked on

2018-06-09 21:56:18 - [MESSAGE][PASSED] - Object: 'Object Repository/HealthpostToStore/Page_HealthPost Store/button_Add' is clicked on

2018-06-09 21:56:18 - [TEST_STEP][PASSED] - selectOptionByIndex: All options with index in [6] are selected on object 'Object Repository/HealthpostToStore/Page_HealthPost Store/select_--Select--Schedule 1Inj'

2018-06-09 21:56:18 - [MESSAGE][PASSED] - All options with index in [6] are selected on object 'Object Repository/HealthpostToStore/Page_HealthPost Store/select_--Select--Schedule 1Inj'

2018-06-09 21:56:18 - [TEST_STEP][PASSED] - selectOptionByIndex: All options with index in [6] are selected on object 'Object Repository/HealthpostToStore/Page_HealthPost Store/select_--Select--Adernaline 0.'

2018-06-09 21:56:18 - [MESSAGE][PASSED] - All options with index in [6] are selected on object 'Object Repository/HealthpostToStore/Page_HealthPost Store/select_--Select--Adernaline 0.'

2018-06-09 21:56:18 - [TEST_STEP][PASSED] - setText: Text '10' is set on object 'Object Repository/HealthpostToStore/Page_HealthPost Store/input_txttreat'

2018-06-09 21:56:18 - [MESSAGE][PASSED] - Text '10' is set on object 'Object Repository/HealthpostToStore/Page_HealthPost Store/input_txttreat'

2018-06-09 21:56:18 - [TEST_STEP][PASSED] - click: Object: 'Object Repository/HealthpostToStore/Page_HealthPost Store/button_Add' is clicked on

2018-06-09 21:56:18 - [MESSAGE][PASSED] - Object: 'Object Repository/HealthpostToStore/Page_HealthPost Store/button_Add' is clicked on

2018-06-09 21:56:18 - [TEST_STEP][PASSED] - selectOptionByIndex: All options with index in [6] are selected on object 'Object Repository/HealthpostToStore/Page_HealthPost Store/select_--Select--Schedule 1Inj'

2018-06-09 21:56:18 - [MESSAGE][PASSED] - All options with index in [6] are selected on object 'Object Repository/HealthpostToStore/Page_HealthPost Store/select_--Select--Schedule 1Inj'

2018-06-09 21:56:18 - [TEST_STEP][PASSED] - selectOptionByIndex: All options with index in [7] are selected on object 'Object Repository/HealthpostToStore/Page_HealthPost Store/select_--Select--Adernaline 0.'

2018-06-09 21:56:18 - [MESSAGE][PASSED] - All options with index in [7] are selected on object 'Object Repository/HealthpostToStore/Page_HealthPost Store/select_--Select--Adernaline 0.'

2018-06-09 21:56:18 - [TEST_STEP][PASSED] - setText: Text '10' is set on object 'Object Repository/HealthpostToStore/Page_HealthPost Store/input_txttreat'

2018-06-09 21:56:19 - [MESSAGE][PASSED] - Text '10' is set on object 'Object Repository/HealthpostToStore/Page_HealthPost Store/input_txttreat'

2018-06-09 21:56:19 - [TEST_STEP][PASSED] - click: Object: 'Object Repository/HealthpostToStore/Page_HealthPost Store/button_Add' is clicked on

2018-06-09 21:56:19 - [MESSAGE][PASSED] - Object: 'Object Repository/HealthpostToStore/Page_HealthPost Store/button_Add' is clicked on

2018-06-09 21:56:19 - [TEST_STEP][PASSED] - selectOptionByIndex: All options with index in [6] are selected on object 'Object Repository/HealthpostToStore/Page_HealthPost Store/select_--Select--Schedule 1Inj'

2018-06-09 21:56:19 - [MESSAGE][PASSED] - All options with index in [6] are selected on object 'Object Repository/HealthpostToStore/Page_HealthPost Store/select_--Select--Schedule 1Inj'

2018-06-09 21:56:19 - [TEST_STEP][PASSED] - selectOptionByIndex: All options with index in [8] are selected on object 'Object Repository/HealthpostToStore/Page_HealthPost Store/select_--Select--Adernaline 0.'

2018-06-09 21:56:19 - [MESSAGE][PASSED] - All options with index in [8] are selected on object 'Object Repository/HealthpostToStore/Page_HealthPost Store/select_--Select--Adernaline 0.'

2018-06-09 21:56:19 - [TEST_STEP][PASSED] - setText: Text '10' is set on object 'Object Repository/HealthpostToStore/Page_HealthPost Store/input_txttreat'

2018-06-09 21:56:19 - [MESSAGE][PASSED] - Text '10' is set on object 'Object Repository/HealthpostToStore/Page_HealthPost Store/input_txttreat'

2018-06-09 21:56:19 - [TEST_STEP][PASSED] - click: Object: 'Object Repository/HealthpostToStore/Page_HealthPost Store/button_Add' is clicked on

2018-06-09 21:56:19 - [MESSAGE][PASSED] - Object: 'Object Repository/HealthpostToStore/Page_HealthPost Store/button_Add' is clicked on

2018-06-09 21:56:19 - [TEST_STEP][PASSED] - selectOptionByIndex: All options with index in [6] are selected on object 'Object Repository/HealthpostToStore/Page_HealthPost Store/select_--Select--Schedule 1Inj'

2018-06-09 21:56:19 - [MESSAGE][PASSED] - All options with index in [6] are selected on object 'Object Repository/HealthpostToStore/Page_HealthPost Store/select_--Select--Schedule 1Inj'

2018-06-09 21:56:19 - [TEST_STEP][PASSED] - selectOptionByIndex: All options with index in [9] are selected on object 'Object Repository/HealthpostToStore/Page_HealthPost Store/select_--Select--Adernaline 0.'

2018-06-09 21:56:20 - [MESSAGE][PASSED] - All options with index in [9] are selected on object 'Object Repository/HealthpostToStore/Page_HealthPost Store/select_--Select--Adernaline 0.'

2018-06-09 21:56:20 - [TEST_STEP][PASSED] - setText: Text '10' is set on object 'Object Repository/HealthpostToStore/Page_HealthPost Store/input_txttreat'

2018-06-09 21:56:20 - [MESSAGE][PASSED] - Text '10' is set on object 'Object Repository/HealthpostToStore/Page_HealthPost Store/input_txttreat'

2018-06-09 21:56:20 - [TEST_STEP][PASSED] - click: Object: 'Object Repository/HealthpostToStore/Page_HealthPost Store/button_Add' is clicked on

2018-06-09 21:56:20 - [MESSAGE][PASSED] - Object: 'Object Repository/HealthpostToStore/Page_HealthPost Store/button_Add' is clicked on

2018-06-09 21:56:20 - [TEST_STEP][PASSED] - selectOptionByIndex: All options with index in [6] are selected on object 'Object Repository/HealthpostToStore/Page_HealthPost Store/select_--Select--Schedule 1Inj'

2018-06-09 21:56:20 - [MESSAGE][PASSED] - All options with index in [6] are selected on object 'Object Repository/HealthpostToStore/Page_HealthPost Store/select_--Select--Schedule 1Inj'

2018-06-09 21:56:20 - [TEST_STEP][PASSED] - selectOptionByIndex: All options with index in [10] are selected on object 'Object Repository/HealthpostToStore/Page_HealthPost Store/select_--Select--Adernaline 0.'

2018-06-09 21:56:20 - [MESSAGE][PASSED] - All options with index in [10] are selected on object 'Object Repository/HealthpostToStore/Page_HealthPost Store/select_--Select--Adernaline 0.'

2018-06-09 21:56:20 - [TEST_STEP][PASSED] - setText: Text '10' is set on object 'Object Repository/HealthpostToStore/Page_HealthPost Store/input_txttreat'

2018-06-09 21:56:20 - [MESSAGE][PASSED] - Text '10' is set on object 'Object Repository/HealthpostToStore/Page_HealthPost Store/input_txttreat'

2018-06-09 21:56:20 - [TEST_STEP][PASSED] - click: Object: 'Object Repository/HealthpostToStore/Page_HealthPost Store/button_Add' is clicked on

2018-06-09 21:56:20 - [MESSAGE][PASSED] - Object: 'Object Repository/HealthpostToStore/Page_HealthPost Store/button_Add' is clicked on

2018-06-09 21:56:20 - [TEST_STEP][PASSED] - selectOptionByIndex: All options with index in [6] are selected on object 'Object Repository/HealthpostToStore/Page_HealthPost Store/select_--Select--Schedule 1Inj'

2018-06-09 21:56:20 - [MESSAGE][PASSED] - All options with index in [6] are selected on object 'Object Repository/HealthpostToStore/Page_HealthPost Store/select_--Select--Schedule 1Inj'

2018-06-09 21:56:20 - [TEST_STEP][PASSED] - selectOptionByIndex: All options with index in [11] are selected on object 'Object Repository/HealthpostToStore/Page_HealthPost Store/select_--Select--Adernaline 0.'

2018-06-09 21:56:21 - [MESSAGE][PASSED] - All options with index in [11] are selected on object 'Object Repository/HealthpostToStore/Page_HealthPost Store/select_--Select--Adernaline 0.'

2018-06-09 21:56:21 - [TEST_STEP][PASSED] - setText: Text '10' is set on object 'Object Repository/HealthpostToStore/Page_HealthPost Store/input_txttreat'

2018-06-09 21:56:21 - [MESSAGE][PASSED] - Text '10' is set on object 'Object Repository/HealthpostToStore/Page_HealthPost Store/input_txttreat'

2018-06-09 21:56:21 - [TEST_STEP][PASSED] - click: Object: 'Object Repository/HealthpostToStore/Page_HealthPost Store/button_Add' is clicked on

2018-06-09 21:56:21 - [MESSAGE][PASSED] - Object: 'Object Repository/HealthpostToStore/Page_HealthPost Store/button_Add' is clicked on

2018-06-09 21:56:21 - [TEST_STEP][PASSED] - selectOptionByIndex: All options with index in [6] are selected on object 'Object Repository/HealthpostToStore/Page_HealthPost Store/select_--Select--Schedule 1Inj'

2018-06-09 21:56:21 - [MESSAGE][PASSED] - All options with index in [6] are selected on object 'Object Repository/HealthpostToStore/Page_HealthPost Store/select_--Select--Schedule 1Inj'

2018-06-09 21:56:21 - [TEST_STEP][PASSED] - selectOptionByIndex: All options with index in [12] are selected on object 'Object Repository/HealthpostToStore/Page_HealthPost Store/select_--Select--Adernaline 0.'

2018-06-09 21:56:21 - [MESSAGE][PASSED] - All options with index in [12] are selected on object 'Object Repository/HealthpostToStore/Page_HealthPost Store/select_--Select--Adernaline 0.'

2018-06-09 21:56:21 - [TEST_STEP][PASSED] - setText: Text '10' is set on object 'Object Repository/HealthpostToStore/Page_HealthPost Store/input_txttreat'

2018-06-09 21:56:21 - [MESSAGE][PASSED] - Text '10' is set on object 'Object Repository/HealthpostToStore/Page_HealthPost Store/input_txttreat'

2018-06-09 21:56:21 - [TEST_STEP][PASSED] - click: Object: 'Object Repository/HealthpostToStore/Page_HealthPost Store/button_Add' is clicked on

2018-06-09 21:56:21 - [MESSAGE][PASSED] - Object: 'Object Repository/HealthpostToStore/Page_HealthPost Store/button_Add' is clicked on

2018-06-09 21:56:21 - [TEST_STEP][PASSED] - selectOptionByIndex: All options with index in [6] are selected on object 'Object Repository/HealthpostToStore/Page_HealthPost Store/select_--Select--Schedule 1Inj'

2018-06-09 21:56:21 - [MESSAGE][PASSED] - All options with index in [6] are selected on object 'Object Repository/HealthpostToStore/Page_HealthPost Store/select_--Select--Schedule 1Inj'

2018-06-09 21:56:21 - [TEST_STEP][PASSED] - selectOptionByIndex: All options with index in [13] are selected on object 'Object Repository/HealthpostToStore/Page_HealthPost Store/select_--Select--Adernaline 0.'

2018-06-09 21:56:22 - [MESSAGE][PASSED] - All options with index in [13] are selected on object 'Object Repository/HealthpostToStore/Page_HealthPost Store/select_--Select--Adernaline 0.'

2018-06-09 21:56:22 - [TEST_STEP][PASSED] - setText: Text '10' is set on object 'Object Repository/HealthpostToStore/Page_HealthPost Store/input_txttreat'

2018-06-09 21:56:22 - [MESSAGE][PASSED] - Text '10' is set on object 'Object Repository/HealthpostToStore/Page_HealthPost Store/input_txttreat'

2018-06-09 21:56:22 - [TEST_STEP][PASSED] - click: Object: 'Object Repository/HealthpostToStore/Page_HealthPost Store/button_Add' is clicked on

2018-06-09 21:56:22 - [MESSAGE][PASSED] - Object: 'Object Repository/HealthpostToStore/Page_HealthPost Store/button_Add' is clicked on

2018-06-09 21:56:22 - [TEST_STEP][PASSED] - scrollToElement: Scroll to object 'Object Repository/HealthpostToStore/Page_HealthPost Store/input_btnsave' successfully

2018-06-09 21:56:22 - [MESSAGE][PASSED] - Scroll to object 'Object Repository/HealthpostToStore/Page_HealthPost Store/input_btnsave' successfully

2018-06-09 21:56:22 - [TEST_STEP][PASSED] - click: Object: 'Object Repository/HealthpostToStore/Page_HealthPost Store/input_btnsave' is clicked on

2018-06-09 21:56:22 - [MESSAGE][PASSED] - Object: 'Object Repository/HealthpostToStore/Page_HealthPost Store/input_btnsave' is clicked on

2018-06-09 21:56:22 - [TEST_STEP][PASSED] - delay: Delayed 3 second(s)

2018-06-09 21:56:25 - [MESSAGE][PASSED] - Delayed 3 second(s)

2018-06-09 21:56:25 - [TEST_STEP][PASSED] - Statement - RN1 = com.kms.katalon.core.webui.keyword.WebUiBuiltInKeywords.getText(com.kms.katalon.core.testobject.ObjectRepository.findTestObject(HealthpostToStore/Page_HealthPost Store/font_HPRNO180520187)): Text of object 'Object Repository/HealthpostToStore/Page_HealthPost Store/font_HPRNO180520187' is: 'HPRNO/09062018/225'

2018-06-09 21:56:25 - [MESSAGE][PASSED] - Text of object 'Object Repository/HealthpostToStore/Page_HealthPost Store/font_HPRNO180520187' is: 'HPRNO/09062018/225'

2018-06-09 21:56:25 - [TEST_STEP][PASSED] - Statement - out.println(RN1): null

2018-06-09 21:56:25 - [TEST_STEP][PASSED] - Statement - RID = RN1.split("/")[2]: null

2018-06-09 21:56:25 - [TEST_STEP][PASSED] - click: Object: 'Object Repository/HealthpostToStore/Page_HealthPost Store/button_OK' is clicked on

2018-06-09 21:56:26 - [MESSAGE][PASSED] - Object: 'Object Repository/HealthpostToStore/Page_HealthPost Store/button_OK' is clicked on

2018-06-09 21:56:26 - [TEST_STEP][PASSED] - delay: Delayed 3 second(s)

2018-06-09 21:56:29 - [MESSAGE][PASSED] - Delayed 3 second(s)

2018-06-09 21:56:29 - [TEST_STEP][PASSED] - click: Object: 'Object Repository/HealthpostToStore/Page_HealthPost Store/a_dropdown-toggle' is clicked on

2018-06-09 21:56:29 - [MESSAGE][PASSED] - Object: 'Object Repository/HealthpostToStore/Page_HealthPost Store/a_dropdown-toggle' is clicked on

2018-06-09 21:56:29 - [TEST_STEP][PASSED] - click: Object: 'Object Repository/HealthpostToStore/Page_HealthPost Store/a_Sign out' is clicked on

2018-06-09 21:56:29 - [MESSAGE][PASSED] - Object: 'Object Repository/HealthpostToStore/Page_HealthPost Store/a_Sign out' is clicked on

2018-06-09 21:56:29 - [TEST_STEP][PASSED] - delay: Delayed 3 second(s)

2018-06-09 21:56:32 - [MESSAGE][PASSED] - Delayed 3 second(s)

2018-06-09 21:56:32 - [TEST_STEP][PASSED] - navigateToUrl: Navigate to 'http://192.168.137.1/multihospital_new/' successfully

2018-06-09 21:56:33 - [MESSAGE][PASSED] - Navigate to 'http://192.168.137.1/multihospital_new/' successfully

2018-06-09 21:56:33 - [TEST_STEP][PASSED] - click: Object: 'Object Repository/HealthpostToStore/Page_KDMC/a_CMO' is clicked on

2018-06-09 21:56:33 - [MESSAGE][PASSED] - Object: 'Object Repository/HealthpostToStore/Page_KDMC/a_CMO' is clicked on

2018-06-09 21:56:33 - [TEST_STEP][PASSED] - setText: Text 'guru' is set on object 'Object Repository/HealthpostToStore/Page_CMO login/input_txtusername'

2018-06-09 21:56:33 - [MESSAGE][PASSED] - Text 'guru' is set on object 'Object Repository/HealthpostToStore/Page_CMO login/input_txtusername'

2018-06-09 21:56:33 - [TEST_STEP][PASSED] - setText: Text '123' is set on object 'Object Repository/HealthpostToStore/Page_CMO login/input_txtpassword'

2018-06-09 21:56:34 - [MESSAGE][PASSED] - Text '123' is set on object 'Object Repository/HealthpostToStore/Page_CMO login/input_txtpassword'

2018-06-09 21:56:34 - [TEST_STEP][PASSED] - delay: Delayed 3 second(s)

2018-06-09 21:56:37 - [MESSAGE][PASSED] - Delayed 3 second(s)

2018-06-09 21:56:37 - [TEST_STEP][PASSED] - click: Object: 'Object Repository/HealthpostToStore/Page_CMO login/button_Sign in' is clicked on

2018-06-09 21:56:37 - [MESSAGE][PASSED] - Object: 'Object Repository/HealthpostToStore/Page_CMO login/button_Sign in' is clicked on

2018-06-09 21:56:37 - [TEST_STEP][PASSED] - click: Object: 'Object Repository/HealthpostToStore/Page_KDMC - CMO/a_Department Wise Request' is clicked on

2018-06-09 21:56:40 - [MESSAGE][PASSED] - Object: 'Object Repository/HealthpostToStore/Page_KDMC - CMO/a_Department Wise Request' is clicked on

2018-06-09 21:56:40 - [TEST_STEP][PASSED] - delay: Delayed 2 second(s)

2018-06-09 21:56:42 - [MESSAGE][PASSED] - Delayed 2 second(s)

2018-06-09 21:56:42 - [TEST_STEP][PASSED] - selectOptionByIndex: All options with index in [5] are selected on object 'Object Repository/HealthpostToStore/Page_KDMC - CMO/select_--ALL--'

2018-06-09 21:56:42 - [MESSAGE][PASSED] - All options with index in [5] are selected on object 'Object Repository/HealthpostToStore/Page_KDMC - CMO/select_--ALL--'

2018-06-09 21:56:42 - [TEST_STEP][PASSED] - click: Object: 'Object Repository/HealthpostToStore/Page_KDMC - CMO/input_btnsearch' is clicked on

2018-06-09 21:56:42 - [MESSAGE][PASSED] - Object: 'Object Repository/HealthpostToStore/Page_KDMC - CMO/input_btnsearch' is clicked on

2018-06-09 21:56:42 - [TEST_STEP][PASSED] - selectOptionByIndex: All options with index in [1] are selected on object 'Object Repository/HealthpostToStore/Page_KDMC - CMO/select_--ALL--                _1'

2018-06-09 21:56:42 - [MESSAGE][PASSED] - All options with index in [1] are selected on object 'Object Repository/HealthpostToStore/Page_KDMC - CMO/select_--ALL--                _1'

2018-06-09 21:56:42 - [TEST_STEP][PASSED] - click: Object: 'Object Repository/HealthpostToStore/Page_KDMC - CMO/input_btnsearch' is clicked on

2018-06-09 21:56:42 - [MESSAGE][PASSED] - Object: 'Object Repository/HealthpostToStore/Page_KDMC - CMO/input_btnsearch' is clicked on

2018-06-09 21:56:42 - [TEST_STEP][PASSED] - Statement - ID = com.kms.katalon.core.webui.keyword.WebUiBuiltInKeywords.modifyObjectProperty(com.kms.katalon.core.testobject.ObjectRepository.findTestObject(lab/Page_KDMC - CMO/input_1), "xpath", "equals", "//*[@id=" + RID + "]", true): Modify property of object successfully

2018-06-09 21:56:42 - [MESSAGE][PASSED] - Modify property of object successfully

2018-06-09 21:56:42 - [TEST_STEP][PASSED] - click: Object: 'Object Repository/lab/Page_KDMC - CMO/input_1' is clicked on

2018-06-09 21:56:43 - [MESSAGE][PASSED] - Object: 'Object Repository/lab/Page_KDMC - CMO/input_1' is clicked on

2018-06-09 21:56:43 - [TEST_STEP][PASSED] - delay: Delayed 2 second(s)

2018-06-09 21:56:45 - [MESSAGE][PASSED] - Delayed 2 second(s)

2018-06-09 21:56:45 - [TEST_STEP][PASSED] - selectOptionByIndex: All options with index in [1] are selected on object 'Object Repository/HealthpostToStore/Page_KDMC - CMO/select_--Select--'

2018-06-09 21:56:45 - [MESSAGE][PASSED] - All options with index in [1] are selected on object 'Object Repository/HealthpostToStore/Page_KDMC - CMO/select_--Select--'

2018-06-09 21:56:45 - [TEST_STEP][PASSED] - click: Object: 'Object Repository/HealthpostToStore/Page_KDMC - CMO/input_btnupdate' is clicked on

2018-06-09 21:56:45 - [MESSAGE][PASSED] - Object: 'Object Repository/HealthpostToStore/Page_KDMC - CMO/input_btnupdate' is clicked on

2018-06-09 21:56:45 - [TEST_STEP][PASSED] - delay: Delayed 2 second(s)

2018-06-09 21:56:47 - [MESSAGE][PASSED] - Delayed 2 second(s)

2018-06-09 21:56:47 - [TEST_STEP][PASSED] - click: Object: 'Object Repository/HealthpostToStore/Page_KDMC - CMO/button_OK' is clicked on

2018-06-09 21:56:47 - [MESSAGE][PASSED] - Object: 'Object Repository/HealthpostToStore/Page_KDMC - CMO/button_OK' is clicked on

2018-06-09 21:56:47 - [TEST_STEP][PASSED] - delay: Delayed 2 second(s)

2018-06-09 21:56:49 - [MESSAGE][PASSED] - Delayed 2 second(s)

2018-06-09 21:56:49 - [TEST_STEP][PASSED] - click: Object: 'Object Repository/HealthpostToStore/Page_KDMC - CMO/a_dropdown-toggle' is clicked on

2018-06-09 21:56:49 - [MESSAGE][PASSED] - Object: 'Object Repository/HealthpostToStore/Page_KDMC - CMO/a_dropdown-toggle' is clicked on

2018-06-09 21:56:49 - [TEST_STEP][PASSED] - click: Object: 'Object Repository/HealthpostToStore/Page_KDMC - CMO/a_Sign out' is clicked on

2018-06-09 21:56:50 - [MESSAGE][PASSED] - Object: 'Object Repository/HealthpostToStore/Page_KDMC - CMO/a_Sign out' is clicked on

2018-06-09 21:56:50 - [TEST_STEP][PASSED] - delay: Delayed 3 second(s)

2018-06-09 21:56:53 - [MESSAGE][PASSED] - Delayed 3 second(s)

2018-06-09 21:56:53 - [TEST_STEP][PASSED] - click: Object: 'Object Repository/HealthpostToStore/Page_KDMC/a_Divisional Store' is clicked on

2018-06-09 21:56:54 - [MESSAGE][PASSED] - Object: 'Object Repository/HealthpostToStore/Page_KDMC/a_Divisional Store' is clicked on

2018-06-09 21:56:54 - [TEST_STEP][PASSED] - setText: Text 'ragu' is set on object 'Object Repository/HealthpostToStore/Page_Divisonal Store Login/input_txtusername'

2018-06-09 21:56:54 - [MESSAGE][PASSED] - Text 'ragu' is set on object 'Object Repository/HealthpostToStore/Page_Divisonal Store Login/input_txtusername'

2018-06-09 21:56:54 - [TEST_STEP][PASSED] - setText: Text '123' is set on object 'Object Repository/HealthpostToStore/Page_Divisonal Store Login/input_txtpassword'

2018-06-09 21:56:54 - [MESSAGE][PASSED] - Text '123' is set on object 'Object Repository/HealthpostToStore/Page_Divisonal Store Login/input_txtpassword'

2018-06-09 21:56:54 - [TEST_STEP][PASSED] - delay: Delayed 3 second(s)

2018-06-09 21:56:57 - [MESSAGE][PASSED] - Delayed 3 second(s)

2018-06-09 21:56:57 - [TEST_STEP][PASSED] - click: Object: 'Object Repository/HealthpostToStore/Page_Divisonal Store Login/button_Sign in' is clicked on

2018-06-09 21:56:59 - [MESSAGE][PASSED] - Object: 'Object Repository/HealthpostToStore/Page_Divisonal Store Login/button_Sign in' is clicked on

2018-06-09 21:56:59 - [TEST_STEP][PASSED] - delay: Delayed 3 second(s)

2018-06-09 21:57:02 - [MESSAGE][PASSED] - Delayed 3 second(s)

2018-06-09 21:57:02 - [TEST_STEP][PASSED] - click: Object: 'Object Repository/HealthpostToStore/Page_Store/a_Health Post Request' is clicked on

2018-06-09 21:57:02 - [MESSAGE][PASSED] - Object: 'Object Repository/HealthpostToStore/Page_Store/a_Health Post Request' is clicked on

2018-06-09 21:57:02 - [TEST_STEP][PASSED] - click: Object: 'Object Repository/HealthpostToStore/Page_Store/a_Request Item HealthPost' is clicked on

2018-06-09 21:57:03 - [MESSAGE][PASSED] - Object: 'Object Repository/HealthpostToStore/Page_Store/a_Request Item HealthPost' is clicked on

2018-06-09 21:57:03 - [TEST_STEP][PASSED] - Statement - ChooseRequest = com.kms.katalon.core.webui.keyword.WebUiBuiltInKeywords.modifyObjectProperty(com.kms.katalon.core.testobject.ObjectRepository.findTestObject(lab/Page_Store/input_1), "xpath", "equals", "//*[@id=" + RID + "]", true): Modify property of object successfully

2018-06-09 21:57:03 - [MESSAGE][PASSED] - Modify property of object successfully

2018-06-09 21:57:03 - [TEST_STEP][PASSED] - click: Object: 'Object Repository/lab/Page_Store/input_1' is clicked on

2018-06-09 21:57:04 - [MESSAGE][PASSED] - Object: 'Object Repository/lab/Page_Store/input_1' is clicked on

2018-06-09 21:57:04 - [TEST_STEP][PASSED] - Statement - selectedoptions = com.kms.katalon.core.webui.keyword.WebUiBuiltInKeywords.getNumberOfTotalOption(com.kms.katalon.core.testobject.ObjectRepository.findTestObject(HealthpostToStore/Page_Store/select_--Select--Adernaline 0.)): 14 options of object 'Object Repository/HealthpostToStore/Page_Store/select_--Select--Adernaline 0.' counted

2018-06-09 21:57:04 - [MESSAGE][PASSED] - 14 options of object 'Object Repository/HealthpostToStore/Page_Store/select_--Select--Adernaline 0.' counted

2018-06-09 21:57:04 - [TEST_STEP][PASSED] - Statement - For ([a = 1, a <= selectedoptions - 1, (a++)]): null

2018-06-09 21:57:04 - [TEST_STEP][PASSED] - selectOptionByIndex: All options with index in [1] are selected on object 'Object Repository/HealthpostToStore/Page_Store/select_--Select--Adernaline 0.'

2018-06-09 21:57:04 - [MESSAGE][PASSED] - All options with index in [1] are selected on object 'Object Repository/HealthpostToStore/Page_Store/select_--Select--Adernaline 0.'

2018-06-09 21:57:04 - [TEST_STEP][PASSED] - delay: Delayed 2 second(s)

2018-06-09 21:57:06 - [MESSAGE][PASSED] - Delayed 2 second(s)

2018-06-09 21:57:06 - [TEST_STEP][PASSED] - Statement - RequestedQty = com.kms.katalon.core.webui.keyword.WebUiBuiltInKeywords.getAttribute(com.kms.katalon.core.testobject.ObjectRepository.findTestObject(HealthpostToStore/Page_Store/input_txttotal), "value"): Attribute 'value' of object 'Object Repository/HealthpostToStore/Page_Store/input_txttotal' is: '10'

2018-06-09 21:57:06 - [MESSAGE][PASSED] - Attribute 'value' of object 'Object Repository/HealthpostToStore/Page_Store/input_txttotal' is: '10'

2018-06-09 21:57:06 - [TEST_STEP][PASSED] - Statement - out.println("Requested QTY : " + RequestedQty): null

2018-06-09 21:57:06 - [TEST_STEP][PASSED] - Statement - BatchNumber = com.kms.katalon.core.webui.keyword.WebUiBuiltInKeywords.getNumberOfTotalOption(com.kms.katalon.core.testobject.ObjectRepository.findTestObject(HealthpostToStore/Page_Store/select_--Select--BA1170BA2376B)): 3 options of object 'Object Repository/HealthpostToStore/Page_Store/select_--Select--BA1170BA2376B' counted

2018-06-09 21:57:06 - [MESSAGE][PASSED] - 3 options of object 'Object Repository/HealthpostToStore/Page_Store/select_--Select--BA1170BA2376B' counted

2018-06-09 21:57:06 - [TEST_STEP][PASSED] - Statement - For ([g = 1, g <= BatchNumber - 1, (g++)]): null

2018-06-09 21:57:06 - [TEST_STEP][PASSED] - selectOptionByIndex: All options with index in [1] are selected on object 'Object Repository/HealthpostToStore/Page_Store/select_--Select--BA1170BA2376B'

2018-06-09 21:57:06 - [MESSAGE][PASSED] - All options with index in [1] are selected on object 'Object Repository/HealthpostToStore/Page_Store/select_--Select--BA1170BA2376B'

2018-06-09 21:57:06 - [TEST_STEP][PASSED] - Statement - Try: null

2018-06-09 21:57:06 - [TEST_STEP][PASSED] - Statement - StockQty = com.kms.katalon.core.webui.keyword.WebUiBuiltInKeywords.getAttribute(com.kms.katalon.core.testobject.ObjectRepository.findTestObject(HealthpostToStore/Page_Store/input_txtprice), "value"): Attribute 'value' of object 'Object Repository/HealthpostToStore/Page_Store/input_txtprice' is: '900'

2018-06-09 21:57:06 - [MESSAGE][PASSED] - Attribute 'value' of object 'Object Repository/HealthpostToStore/Page_Store/input_txtprice' is: '900'

2018-06-09 21:57:06 - [TEST_STEP][PASSED] - Statement - out.println("Stock QTY : " + StockQty): null

2018-06-09 21:57:06 - [TEST_STEP][PASSED] - delay: Delayed 2 second(s)

2018-06-09 21:57:08 - [MESSAGE][PASSED] - Delayed 2 second(s)

2018-06-09 21:57:08 - [TEST_STEP][PASSED] - Statement - If (java.lang.String.valueOf(StockQty) >= java.lang.String.valueOf(RequestedQty)): null

2018-06-09 21:57:08 - [TEST_STEP][PASSED] - setText: Text '10' is set on object 'Object Repository/HealthpostToStore/Page_Store/input_txtqty'

2018-06-09 21:57:08 - [MESSAGE][PASSED] - Text '10' is set on object 'Object Repository/HealthpostToStore/Page_Store/input_txtqty'

2018-06-09 21:57:08 - [TEST_STEP][PASSED] - click: Object: 'Object Repository/HealthpostToStore/Page_Store/button_Add' is clicked on

2018-06-09 21:57:09 - [MESSAGE][PASSED] - Object: 'Object Repository/HealthpostToStore/Page_Store/button_Add' is clicked on

2018-06-09 21:57:09 - [TEST_STEP][PASSED] - Statement - Break: null

2018-06-09 21:57:09 - [TEST_STEP][PASSED] - selectOptionByIndex: All options with index in [2] are selected on object 'Object Repository/HealthpostToStore/Page_Store/select_--Select--Adernaline 0.'

2018-06-09 21:57:09 - [MESSAGE][PASSED] - All options with index in [2] are selected on object 'Object Repository/HealthpostToStore/Page_Store/select_--Select--Adernaline 0.'

2018-06-09 21:57:09 - [TEST_STEP][PASSED] - delay: Delayed 2 second(s)

2018-06-09 21:57:11 - [MESSAGE][PASSED] - Delayed 2 second(s)

2018-06-09 21:57:11 - [TEST_STEP][PASSED] - Statement - RequestedQty = com.kms.katalon.core.webui.keyword.WebUiBuiltInKeywords.getAttribute(com.kms.katalon.core.testobject.ObjectRepository.findTestObject(HealthpostToStore/Page_Store/input_txttotal), "value"): Attribute 'value' of object 'Object Repository/HealthpostToStore/Page_Store/input_txttotal' is: '10'

2018-06-09 21:57:11 - [MESSAGE][PASSED] - Attribute 'value' of object 'Object Repository/HealthpostToStore/Page_Store/input_txttotal' is: '10'

2018-06-09 21:57:11 - [TEST_STEP][PASSED] - Statement - out.println("Requested QTY : " + RequestedQty): null

2018-06-09 21:57:11 - [TEST_STEP][PASSED] - Statement - BatchNumber = com.kms.katalon.core.webui.keyword.WebUiBuiltInKeywords.getNumberOfTotalOption(com.kms.katalon.core.testobject.ObjectRepository.findTestObject(HealthpostToStore/Page_Store/select_--Select--BA1170BA2376B)): 6 options of object 'Object Repository/HealthpostToStore/Page_Store/select_--Select--BA1170BA2376B' counted

2018-06-09 21:57:11 - [MESSAGE][PASSED] - 6 options of object 'Object Repository/HealthpostToStore/Page_Store/select_--Select--BA1170BA2376B' counted

2018-06-09 21:57:11 - [TEST_STEP][PASSED] - Statement - For ([g = 1, g <= BatchNumber - 1, (g++)]): null

2018-06-09 21:57:11 - [TEST_STEP][PASSED] - selectOptionByIndex: All options with index in [1] are selected on object 'Object Repository/HealthpostToStore/Page_Store/select_--Select--BA1170BA2376B'

2018-06-09 21:57:11 - [MESSAGE][PASSED] - All options with index in [1] are selected on object 'Object Repository/HealthpostToStore/Page_Store/select_--Select--BA1170BA2376B'

2018-06-09 21:57:11 - [TEST_STEP][PASSED] - Statement - Try: null

2018-06-09 21:57:11 - [TEST_STEP][PASSED] - Statement - StockQty = com.kms.katalon.core.webui.keyword.WebUiBuiltInKeywords.getAttribute(com.kms.katalon.core.testobject.ObjectRepository.findTestObject(HealthpostToStore/Page_Store/input_txtprice), "value"): Attribute 'value' of object 'Object Repository/HealthpostToStore/Page_Store/input_txtprice' is: '80'

2018-06-09 21:57:11 - [MESSAGE][PASSED] - Attribute 'value' of object 'Object Repository/HealthpostToStore/Page_Store/input_txtprice' is: '80'

2018-06-09 21:57:11 - [TEST_STEP][PASSED] - Statement - out.println("Stock QTY : " + StockQty): null

2018-06-09 21:57:11 - [TEST_STEP][PASSED] - delay: Delayed 2 second(s)

2018-06-09 21:57:13 - [MESSAGE][PASSED] - Delayed 2 second(s)

2018-06-09 21:57:13 - [TEST_STEP][PASSED] - Statement - If (java.lang.String.valueOf(StockQty) >= java.lang.String.valueOf(RequestedQty)): null

2018-06-09 21:57:13 - [TEST_STEP][PASSED] - setText: Text '10' is set on object 'Object Repository/HealthpostToStore/Page_Store/input_txtqty'

2018-06-09 21:57:13 - [MESSAGE][PASSED] - Text '10' is set on object 'Object Repository/HealthpostToStore/Page_Store/input_txtqty'

2018-06-09 21:57:13 - [TEST_STEP][PASSED] - click: Object: 'Object Repository/HealthpostToStore/Page_Store/button_Add' is clicked on

2018-06-09 21:57:13 - [MESSAGE][PASSED] - Object: 'Object Repository/HealthpostToStore/Page_Store/button_Add' is clicked on

2018-06-09 21:57:13 - [TEST_STEP][PASSED] - Statement - Break: null

2018-06-09 21:57:13 - [TEST_STEP][PASSED] - selectOptionByIndex: All options with index in [3] are selected on object 'Object Repository/HealthpostToStore/Page_Store/select_--Select--Adernaline 0.'

2018-06-09 21:57:13 - [MESSAGE][PASSED] - All options with index in [3] are selected on object 'Object Repository/HealthpostToStore/Page_Store/select_--Select--Adernaline 0.'

2018-06-09 21:57:13 - [TEST_STEP][PASSED] - delay: Delayed 2 second(s)

2018-06-09 21:57:15 - [MESSAGE][PASSED] - Delayed 2 second(s)

2018-06-09 21:57:15 - [TEST_STEP][PASSED] - Statement - RequestedQty = com.kms.katalon.core.webui.keyword.WebUiBuiltInKeywords.getAttribute(com.kms.katalon.core.testobject.ObjectRepository.findTestObject(HealthpostToStore/Page_Store/input_txttotal), "value"): Attribute 'value' of object 'Object Repository/HealthpostToStore/Page_Store/input_txttotal' is: '10'

2018-06-09 21:57:15 - [MESSAGE][PASSED] - Attribute 'value' of object 'Object Repository/HealthpostToStore/Page_Store/input_txttotal' is: '10'

2018-06-09 21:57:15 - [TEST_STEP][PASSED] - Statement - out.println("Requested QTY : " + RequestedQty): null

2018-06-09 21:57:15 - [TEST_STEP][PASSED] - Statement - BatchNumber = com.kms.katalon.core.webui.keyword.WebUiBuiltInKeywords.getNumberOfTotalOption(com.kms.katalon.core.testobject.ObjectRepository.findTestObject(HealthpostToStore/Page_Store/select_--Select--BA1170BA2376B)): 2 options of object 'Object Repository/HealthpostToStore/Page_Store/select_--Select--BA1170BA2376B' counted

2018-06-09 21:57:15 - [MESSAGE][PASSED] - 2 options of object 'Object Repository/HealthpostToStore/Page_Store/select_--Select--BA1170BA2376B' counted

2018-06-09 21:57:15 - [TEST_STEP][PASSED] - Statement - For ([g = 1, g <= BatchNumber - 1, (g++)]): null

2018-06-09 21:57:15 - [TEST_STEP][PASSED] - selectOptionByIndex: All options with index in [1] are selected on object 'Object Repository/HealthpostToStore/Page_Store/select_--Select--BA1170BA2376B'

2018-06-09 21:57:15 - [MESSAGE][PASSED] - All options with index in [1] are selected on object 'Object Repository/HealthpostToStore/Page_Store/select_--Select--BA1170BA2376B'

2018-06-09 21:57:15 - [TEST_STEP][PASSED] - Statement - Try: null

2018-06-09 21:57:15 - [TEST_STEP][PASSED] - Statement - StockQty = com.kms.katalon.core.webui.keyword.WebUiBuiltInKeywords.getAttribute(com.kms.katalon.core.testobject.ObjectRepository.findTestObject(HealthpostToStore/Page_Store/input_txtprice), "value"): Attribute 'value' of object 'Object Repository/HealthpostToStore/Page_Store/input_txtprice' is: '940'

2018-06-09 21:57:15 - [MESSAGE][PASSED] - Attribute 'value' of object 'Object Repository/HealthpostToStore/Page_Store/input_txtprice' is: '940'

2018-06-09 21:57:15 - [TEST_STEP][PASSED] - Statement - out.println("Stock QTY : " + StockQty): null

2018-06-09 21:57:15 - [TEST_STEP][PASSED] - delay: Delayed 2 second(s)

2018-06-09 21:57:17 - [MESSAGE][PASSED] - Delayed 2 second(s)

2018-06-09 21:57:17 - [TEST_STEP][PASSED] - Statement - If (java.lang.String.valueOf(StockQty) >= java.lang.String.valueOf(RequestedQty)): null

2018-06-09 21:57:17 - [TEST_STEP][PASSED] - setText: Text '10' is set on object 'Object Repository/HealthpostToStore/Page_Store/input_txtqty'

2018-06-09 21:57:18 - [MESSAGE][PASSED] - Text '10' is set on object 'Object Repository/HealthpostToStore/Page_Store/input_txtqty'

2018-06-09 21:57:18 - [TEST_STEP][PASSED] - click: Object: 'Object Repository/HealthpostToStore/Page_Store/button_Add' is clicked on

2018-06-09 21:57:18 - [MESSAGE][PASSED] - Object: 'Object Repository/HealthpostToStore/Page_Store/button_Add' is clicked on

2018-06-09 21:57:18 - [TEST_STEP][PASSED] - Statement - Break: null

2018-06-09 21:57:18 - [TEST_STEP][PASSED] - selectOptionByIndex: All options with index in [4] are selected on object 'Object Repository/HealthpostToStore/Page_Store/select_--Select--Adernaline 0.'

2018-06-09 21:57:18 - [MESSAGE][PASSED] - All options with index in [4] are selected on object 'Object Repository/HealthpostToStore/Page_Store/select_--Select--Adernaline 0.'

2018-06-09 21:57:18 - [TEST_STEP][PASSED] - delay: Delayed 2 second(s)

2018-06-09 21:57:20 - [MESSAGE][PASSED] - Delayed 2 second(s)

2018-06-09 21:57:20 - [TEST_STEP][PASSED] - Statement - RequestedQty = com.kms.katalon.core.webui.keyword.WebUiBuiltInKeywords.getAttribute(com.kms.katalon.core.testobject.ObjectRepository.findTestObject(HealthpostToStore/Page_Store/input_txttotal), "value"): Attribute 'value' of object 'Object Repository/HealthpostToStore/Page_Store/input_txttotal' is: '10'

2018-06-09 21:57:20 - [MESSAGE][PASSED] - Attribute 'value' of object 'Object Repository/HealthpostToStore/Page_Store/input_txttotal' is: '10'

2018-06-09 21:57:20 - [TEST_STEP][PASSED] - Statement - out.println("Requested QTY : " + RequestedQty): null

2018-06-09 21:57:20 - [TEST_STEP][PASSED] - Statement - BatchNumber = com.kms.katalon.core.webui.keyword.WebUiBuiltInKeywords.getNumberOfTotalOption(com.kms.katalon.core.testobject.ObjectRepository.findTestObject(HealthpostToStore/Page_Store/select_--Select--BA1170BA2376B)): 3 options of object 'Object Repository/HealthpostToStore/Page_Store/select_--Select--BA1170BA2376B' counted

2018-06-09 21:57:20 - [MESSAGE][PASSED] - 3 options of object 'Object Repository/HealthpostToStore/Page_Store/select_--Select--BA1170BA2376B' counted

2018-06-09 21:57:20 - [TEST_STEP][PASSED] - Statement - For ([g = 1, g <= BatchNumber - 1, (g++)]): null

2018-06-09 21:57:20 - [TEST_STEP][PASSED] - selectOptionByIndex: All options with index in [1] are selected on object 'Object Repository/HealthpostToStore/Page_Store/select_--Select--BA1170BA2376B'

2018-06-09 21:57:20 - [MESSAGE][PASSED] - All options with index in [1] are selected on object 'Object Repository/HealthpostToStore/Page_Store/select_--Select--BA1170BA2376B'

2018-06-09 21:57:20 - [TEST_STEP][PASSED] - Statement - Try: null

2018-06-09 21:57:20 - [TEST_STEP][PASSED] - Statement - StockQty = com.kms.katalon.core.webui.keyword.WebUiBuiltInKeywords.getAttribute(com.kms.katalon.core.testobject.ObjectRepository.findTestObject(HealthpostToStore/Page_Store/input_txtprice), "value"): Attribute 'value' of object 'Object Repository/HealthpostToStore/Page_Store/input_txtprice' is: '900'

2018-06-09 21:57:20 - [MESSAGE][PASSED] - Attribute 'value' of object 'Object Repository/HealthpostToStore/Page_Store/input_txtprice' is: '900'

2018-06-09 21:57:20 - [TEST_STEP][PASSED] - Statement - out.println("Stock QTY : " + StockQty): null

2018-06-09 21:57:20 - [TEST_STEP][PASSED] - delay: Delayed 2 second(s)

2018-06-09 21:57:22 - [MESSAGE][PASSED] - Delayed 2 second(s)

2018-06-09 21:57:22 - [TEST_STEP][PASSED] - Statement - If (java.lang.String.valueOf(StockQty) >= java.lang.String.valueOf(RequestedQty)): null

2018-06-09 21:57:22 - [TEST_STEP][PASSED] - setText: Text '10' is set on object 'Object Repository/HealthpostToStore/Page_Store/input_txtqty'

2018-06-09 21:57:22 - [MESSAGE][PASSED] - Text '10' is set on object 'Object Repository/HealthpostToStore/Page_Store/input_txtqty'

2018-06-09 21:57:22 - [TEST_STEP][PASSED] - click: Object: 'Object Repository/HealthpostToStore/Page_Store/button_Add' is clicked on

2018-06-09 21:57:22 - [MESSAGE][PASSED] - Object: 'Object Repository/HealthpostToStore/Page_Store/button_Add' is clicked on

2018-06-09 21:57:22 - [TEST_STEP][PASSED] - Statement - Break: null

2018-06-09 21:57:22 - [TEST_STEP][PASSED] - selectOptionByIndex: All options with index in [5] are selected on object 'Object Repository/HealthpostToStore/Page_Store/select_--Select--Adernaline 0.'

2018-06-09 21:57:22 - [MESSAGE][PASSED] - All options with index in [5] are selected on object 'Object Repository/HealthpostToStore/Page_Store/select_--Select--Adernaline 0.'

2018-06-09 21:57:22 - [TEST_STEP][PASSED] - delay: Delayed 2 second(s)

2018-06-09 21:57:24 - [MESSAGE][PASSED] - Delayed 2 second(s)

2018-06-09 21:57:24 - [TEST_STEP][PASSED] - Statement - RequestedQty = com.kms.katalon.core.webui.keyword.WebUiBuiltInKeywords.getAttribute(com.kms.katalon.core.testobject.ObjectRepository.findTestObject(HealthpostToStore/Page_Store/input_txttotal), "value"): Attribute 'value' of object 'Object Repository/HealthpostToStore/Page_Store/input_txttotal' is: '10'

2018-06-09 21:57:24 - [MESSAGE][PASSED] - Attribute 'value' of object 'Object Repository/HealthpostToStore/Page_Store/input_txttotal' is: '10'

2018-06-09 21:57:24 - [TEST_STEP][PASSED] - Statement - out.println("Requested QTY : " + RequestedQty): null

2018-06-09 21:57:24 - [TEST_STEP][PASSED] - Statement - BatchNumber = com.kms.katalon.core.webui.keyword.WebUiBuiltInKeywords.getNumberOfTotalOption(com.kms.katalon.core.testobject.ObjectRepository.findTestObject(HealthpostToStore/Page_Store/select_--Select--BA1170BA2376B)): 3 options of object 'Object Repository/HealthpostToStore/Page_Store/select_--Select--BA1170BA2376B' counted

2018-06-09 21:57:24 - [MESSAGE][PASSED] - 3 options of object 'Object Repository/HealthpostToStore/Page_Store/select_--Select--BA1170BA2376B' counted

2018-06-09 21:57:24 - [TEST_STEP][PASSED] - Statement - For ([g = 1, g <= BatchNumber - 1, (g++)]): null

2018-06-09 21:57:24 - [TEST_STEP][PASSED] - selectOptionByIndex: All options with index in [1] are selected on object 'Object Repository/HealthpostToStore/Page_Store/select_--Select--BA1170BA2376B'

2018-06-09 21:57:25 - [MESSAGE][PASSED] - All options with index in [1] are selected on object 'Object Repository/HealthpostToStore/Page_Store/select_--Select--BA1170BA2376B'

2018-06-09 21:57:25 - [TEST_STEP][PASSED] - Statement - Try: null

2018-06-09 21:57:25 - [TEST_STEP][PASSED] - Statement - StockQty = com.kms.katalon.core.webui.keyword.WebUiBuiltInKeywords.getAttribute(com.kms.katalon.core.testobject.ObjectRepository.findTestObject(HealthpostToStore/Page_Store/input_txtprice), "value"): Attribute 'value' of object 'Object Repository/HealthpostToStore/Page_Store/input_txtprice' is: '80'

2018-06-09 21:57:25 - [MESSAGE][PASSED] - Attribute 'value' of object 'Object Repository/HealthpostToStore/Page_Store/input_txtprice' is: '80'

2018-06-09 21:57:25 - [TEST_STEP][PASSED] - Statement - out.println("Stock QTY : " + StockQty): null

2018-06-09 21:57:25 - [TEST_STEP][PASSED] - delay: Delayed 2 second(s)

2018-06-09 21:57:27 - [MESSAGE][PASSED] - Delayed 2 second(s)

2018-06-09 21:57:27 - [TEST_STEP][PASSED] - Statement - If (java.lang.String.valueOf(StockQty) >= java.lang.String.valueOf(RequestedQty)): null

2018-06-09 21:57:27 - [TEST_STEP][PASSED] - setText: Text '10' is set on object 'Object Repository/HealthpostToStore/Page_Store/input_txtqty'

2018-06-09 21:57:27 - [MESSAGE][PASSED] - Text '10' is set on object 'Object Repository/HealthpostToStore/Page_Store/input_txtqty'

2018-06-09 21:57:27 - [TEST_STEP][PASSED] - click: Object: 'Object Repository/HealthpostToStore/Page_Store/button_Add' is clicked on

2018-06-09 21:57:27 - [MESSAGE][PASSED] - Object: 'Object Repository/HealthpostToStore/Page_Store/button_Add' is clicked on

2018-06-09 21:57:27 - [TEST_STEP][PASSED] - Statement - Break: null

2018-06-09 21:57:27 - [TEST_STEP][PASSED] - selectOptionByIndex: All options with index in [6] are selected on object 'Object Repository/HealthpostToStore/Page_Store/select_--Select--Adernaline 0.'

2018-06-09 21:57:27 - [MESSAGE][PASSED] - All options with index in [6] are selected on object 'Object Repository/HealthpostToStore/Page_Store/select_--Select--Adernaline 0.'

2018-06-09 21:57:27 - [TEST_STEP][PASSED] - delay: Delayed 2 second(s)

2018-06-09 21:57:29 - [MESSAGE][PASSED] - Delayed 2 second(s)

2018-06-09 21:57:29 - [TEST_STEP][PASSED] - Statement - RequestedQty = com.kms.katalon.core.webui.keyword.WebUiBuiltInKeywords.getAttribute(com.kms.katalon.core.testobject.ObjectRepository.findTestObject(HealthpostToStore/Page_Store/input_txttotal), "value"): Attribute 'value' of object 'Object Repository/HealthpostToStore/Page_Store/input_txttotal' is: '10'

2018-06-09 21:57:29 - [MESSAGE][PASSED] - Attribute 'value' of object 'Object Repository/HealthpostToStore/Page_Store/input_txttotal' is: '10'

2018-06-09 21:57:29 - [TEST_STEP][PASSED] - Statement - out.println("Requested QTY : " + RequestedQty): null

2018-06-09 21:57:29 - [TEST_STEP][PASSED] - Statement - BatchNumber = com.kms.katalon.core.webui.keyword.WebUiBuiltInKeywords.getNumberOfTotalOption(com.kms.katalon.core.testobject.ObjectRepository.findTestObject(HealthpostToStore/Page_Store/select_--Select--BA1170BA2376B)): 3 options of object 'Object Repository/HealthpostToStore/Page_Store/select_--Select--BA1170BA2376B' counted

2018-06-09 21:57:29 - [MESSAGE][PASSED] - 3 options of object 'Object Repository/HealthpostToStore/Page_Store/select_--Select--BA1170BA2376B' counted

2018-06-09 21:57:29 - [TEST_STEP][PASSED] - Statement - For ([g = 1, g <= BatchNumber - 1, (g++)]): null

2018-06-09 21:57:29 - [TEST_STEP][PASSED] - selectOptionByIndex: All options with index in [1] are selected on object 'Object Repository/HealthpostToStore/Page_Store/select_--Select--BA1170BA2376B'

2018-06-09 21:57:29 - [MESSAGE][PASSED] - All options with index in [1] are selected on object 'Object Repository/HealthpostToStore/Page_Store/select_--Select--BA1170BA2376B'

2018-06-09 21:57:29 - [TEST_STEP][PASSED] - Statement - Try: null

2018-06-09 21:57:29 - [TEST_STEP][PASSED] - Statement - StockQty = com.kms.katalon.core.webui.keyword.WebUiBuiltInKeywords.getAttribute(com.kms.katalon.core.testobject.ObjectRepository.findTestObject(HealthpostToStore/Page_Store/input_txtprice), "value"): Attribute 'value' of object 'Object Repository/HealthpostToStore/Page_Store/input_txtprice' is: '920'

2018-06-09 21:57:29 - [MESSAGE][PASSED] - Attribute 'value' of object 'Object Repository/HealthpostToStore/Page_Store/input_txtprice' is: '920'

2018-06-09 21:57:29 - [TEST_STEP][PASSED] - Statement - out.println("Stock QTY : " + StockQty): null

2018-06-09 21:57:29 - [TEST_STEP][PASSED] - delay: Delayed 2 second(s)

2018-06-09 21:57:31 - [MESSAGE][PASSED] - Delayed 2 second(s)

2018-06-09 21:57:31 - [TEST_STEP][PASSED] - Statement - If (java.lang.String.valueOf(StockQty) >= java.lang.String.valueOf(RequestedQty)): null

2018-06-09 21:57:31 - [TEST_STEP][PASSED] - setText: Text '10' is set on object 'Object Repository/HealthpostToStore/Page_Store/input_txtqty'

2018-06-09 21:57:31 - [MESSAGE][PASSED] - Text '10' is set on object 'Object Repository/HealthpostToStore/Page_Store/input_txtqty'

2018-06-09 21:57:31 - [TEST_STEP][PASSED] - click: Object: 'Object Repository/HealthpostToStore/Page_Store/button_Add' is clicked on

2018-06-09 21:57:31 - [MESSAGE][PASSED] - Object: 'Object Repository/HealthpostToStore/Page_Store/button_Add' is clicked on

2018-06-09 21:57:31 - [TEST_STEP][PASSED] - Statement - Break: null

2018-06-09 21:57:31 - [TEST_STEP][PASSED] - selectOptionByIndex: All options with index in [7] are selected on object 'Object Repository/HealthpostToStore/Page_Store/select_--Select--Adernaline 0.'

2018-06-09 21:57:31 - [MESSAGE][PASSED] - All options with index in [7] are selected on object 'Object Repository/HealthpostToStore/Page_Store/select_--Select--Adernaline 0.'

2018-06-09 21:57:31 - [TEST_STEP][PASSED] - delay: Delayed 2 second(s)

2018-06-09 21:57:33 - [MESSAGE][PASSED] - Delayed 2 second(s)

2018-06-09 21:57:33 - [TEST_STEP][PASSED] - Statement - RequestedQty = com.kms.katalon.core.webui.keyword.WebUiBuiltInKeywords.getAttribute(com.kms.katalon.core.testobject.ObjectRepository.findTestObject(HealthpostToStore/Page_Store/input_txttotal), "value"): Attribute 'value' of object 'Object Repository/HealthpostToStore/Page_Store/input_txttotal' is: '10'

2018-06-09 21:57:33 - [MESSAGE][PASSED] - Attribute 'value' of object 'Object Repository/HealthpostToStore/Page_Store/input_txttotal' is: '10'

2018-06-09 21:57:33 - [TEST_STEP][PASSED] - Statement - out.println("Requested QTY : " + RequestedQty): null

2018-06-09 21:57:33 - [TEST_STEP][PASSED] - Statement - BatchNumber = com.kms.katalon.core.webui.keyword.WebUiBuiltInKeywords.getNumberOfTotalOption(com.kms.katalon.core.testobject.ObjectRepository.findTestObject(HealthpostToStore/Page_Store/select_--Select--BA1170BA2376B)): 5 options of object 'Object Repository/HealthpostToStore/Page_Store/select_--Select--BA1170BA2376B' counted

2018-06-09 21:57:34 - [MESSAGE][PASSED] - 5 options of object 'Object Repository/HealthpostToStore/Page_Store/select_--Select--BA1170BA2376B' counted

2018-06-09 21:57:34 - [TEST_STEP][PASSED] - Statement - For ([g = 1, g <= BatchNumber - 1, (g++)]): null

2018-06-09 21:57:34 - [TEST_STEP][PASSED] - selectOptionByIndex: All options with index in [1] are selected on object 'Object Repository/HealthpostToStore/Page_Store/select_--Select--BA1170BA2376B'

2018-06-09 21:57:34 - [MESSAGE][PASSED] - All options with index in [1] are selected on object 'Object Repository/HealthpostToStore/Page_Store/select_--Select--BA1170BA2376B'

2018-06-09 21:57:34 - [TEST_STEP][PASSED] - Statement - Try: null

2018-06-09 21:57:34 - [TEST_STEP][PASSED] - Statement - StockQty = com.kms.katalon.core.webui.keyword.WebUiBuiltInKeywords.getAttribute(com.kms.katalon.core.testobject.ObjectRepository.findTestObject(HealthpostToStore/Page_Store/input_txtprice), "value"): Attribute 'value' of object 'Object Repository/HealthpostToStore/Page_Store/input_txtprice' is: '80'

2018-06-09 21:57:34 - [MESSAGE][PASSED] - Attribute 'value' of object 'Object Repository/HealthpostToStore/Page_Store/input_txtprice' is: '80'

2018-06-09 21:57:34 - [TEST_STEP][PASSED] - Statement - out.println("Stock QTY : " + StockQty): null

2018-06-09 21:57:34 - [TEST_STEP][PASSED] - delay: Delayed 2 second(s)

2018-06-09 21:57:36 - [MESSAGE][PASSED] - Delayed 2 second(s)

2018-06-09 21:57:36 - [TEST_STEP][PASSED] - Statement - If (java.lang.String.valueOf(StockQty) >= java.lang.String.valueOf(RequestedQty)): null

2018-06-09 21:57:36 - [TEST_STEP][PASSED] - setText: Text '10' is set on object 'Object Repository/HealthpostToStore/Page_Store/input_txtqty'

2018-06-09 21:57:36 - [MESSAGE][PASSED] - Text '10' is set on object 'Object Repository/HealthpostToStore/Page_Store/input_txtqty'

2018-06-09 21:57:36 - [TEST_STEP][PASSED] - click: Object: 'Object Repository/HealthpostToStore/Page_Store/button_Add' is clicked on

2018-06-09 21:57:36 - [MESSAGE][PASSED] - Object: 'Object Repository/HealthpostToStore/Page_Store/button_Add' is clicked on

2018-06-09 21:57:36 - [TEST_STEP][PASSED] - Statement - Break: null

2018-06-09 21:57:36 - [TEST_STEP][PASSED] - selectOptionByIndex: All options with index in [8] are selected on object 'Object Repository/HealthpostToStore/Page_Store/select_--Select--Adernaline 0.'

2018-06-09 21:57:36 - [MESSAGE][PASSED] - All options with index in [8] are selected on object 'Object Repository/HealthpostToStore/Page_Store/select_--Select--Adernaline 0.'

2018-06-09 21:57:36 - [TEST_STEP][PASSED] - delay: Delayed 2 second(s)

2018-06-09 21:57:38 - [MESSAGE][PASSED] - Delayed 2 second(s)

2018-06-09 21:57:38 - [TEST_STEP][PASSED] - Statement - RequestedQty = com.kms.katalon.core.webui.keyword.WebUiBuiltInKeywords.getAttribute(com.kms.katalon.core.testobject.ObjectRepository.findTestObject(HealthpostToStore/Page_Store/input_txttotal), "value"): Attribute 'value' of object 'Object Repository/HealthpostToStore/Page_Store/input_txttotal' is: '10'

2018-06-09 21:57:38 - [MESSAGE][PASSED] - Attribute 'value' of object 'Object Repository/HealthpostToStore/Page_Store/input_txttotal' is: '10'

2018-06-09 21:57:38 - [TEST_STEP][PASSED] - Statement - out.println("Requested QTY : " + RequestedQty): null

2018-06-09 21:57:38 - [TEST_STEP][PASSED] - Statement - BatchNumber = com.kms.katalon.core.webui.keyword.WebUiBuiltInKeywords.getNumberOfTotalOption(com.kms.katalon.core.testobject.ObjectRepository.findTestObject(HealthpostToStore/Page_Store/select_--Select--BA1170BA2376B)): 4 options of object 'Object Repository/HealthpostToStore/Page_Store/select_--Select--BA1170BA2376B' counted

2018-06-09 21:57:38 - [MESSAGE][PASSED] - 4 options of object 'Object Repository/HealthpostToStore/Page_Store/select_--Select--BA1170BA2376B' counted

2018-06-09 21:57:38 - [TEST_STEP][PASSED] - Statement - For ([g = 1, g <= BatchNumber - 1, (g++)]): null

2018-06-09 21:57:38 - [TEST_STEP][PASSED] - selectOptionByIndex: All options with index in [1] are selected on object 'Object Repository/HealthpostToStore/Page_Store/select_--Select--BA1170BA2376B'

2018-06-09 21:57:38 - [MESSAGE][PASSED] - All options with index in [1] are selected on object 'Object Repository/HealthpostToStore/Page_Store/select_--Select--BA1170BA2376B'

2018-06-09 21:57:38 - [TEST_STEP][PASSED] - Statement - Try: null

2018-06-09 21:57:38 - [TEST_STEP][PASSED] - Statement - StockQty = com.kms.katalon.core.webui.keyword.WebUiBuiltInKeywords.getAttribute(com.kms.katalon.core.testobject.ObjectRepository.findTestObject(HealthpostToStore/Page_Store/input_txtprice), "value"): Attribute 'value' of object 'Object Repository/HealthpostToStore/Page_Store/input_txtprice' is: '350'

2018-06-09 21:57:38 - [MESSAGE][PASSED] - Attribute 'value' of object 'Object Repository/HealthpostToStore/Page_Store/input_txtprice' is: '350'

2018-06-09 21:57:38 - [TEST_STEP][PASSED] - Statement - out.println("Stock QTY : " + StockQty): null

2018-06-09 21:57:38 - [TEST_STEP][PASSED] - delay: Delayed 2 second(s)

2018-06-09 21:57:40 - [MESSAGE][PASSED] - Delayed 2 second(s)

2018-06-09 21:57:40 - [TEST_STEP][PASSED] - Statement - If (java.lang.String.valueOf(StockQty) >= java.lang.String.valueOf(RequestedQty)): null

2018-06-09 21:57:40 - [TEST_STEP][PASSED] - setText: Text '10' is set on object 'Object Repository/HealthpostToStore/Page_Store/input_txtqty'

2018-06-09 21:57:40 - [MESSAGE][PASSED] - Text '10' is set on object 'Object Repository/HealthpostToStore/Page_Store/input_txtqty'

2018-06-09 21:57:40 - [TEST_STEP][PASSED] - click: Object: 'Object Repository/HealthpostToStore/Page_Store/button_Add' is clicked on

2018-06-09 21:57:40 - [MESSAGE][PASSED] - Object: 'Object Repository/HealthpostToStore/Page_Store/button_Add' is clicked on

2018-06-09 21:57:40 - [TEST_STEP][PASSED] - Statement - Break: null

2018-06-09 21:57:40 - [TEST_STEP][PASSED] - selectOptionByIndex: All options with index in [9] are selected on object 'Object Repository/HealthpostToStore/Page_Store/select_--Select--Adernaline 0.'

2018-06-09 21:57:41 - [MESSAGE][PASSED] - All options with index in [9] are selected on object 'Object Repository/HealthpostToStore/Page_Store/select_--Select--Adernaline 0.'

2018-06-09 21:57:41 - [TEST_STEP][PASSED] - delay: Delayed 2 second(s)

2018-06-09 21:57:43 - [MESSAGE][PASSED] - Delayed 2 second(s)

2018-06-09 21:57:43 - [TEST_STEP][PASSED] - Statement - RequestedQty = com.kms.katalon.core.webui.keyword.WebUiBuiltInKeywords.getAttribute(com.kms.katalon.core.testobject.ObjectRepository.findTestObject(HealthpostToStore/Page_Store/input_txttotal), "value"): Attribute 'value' of object 'Object Repository/HealthpostToStore/Page_Store/input_txttotal' is: '10'

2018-06-09 21:57:43 - [MESSAGE][PASSED] - Attribute 'value' of object 'Object Repository/HealthpostToStore/Page_Store/input_txttotal' is: '10'

2018-06-09 21:57:43 - [TEST_STEP][PASSED] - Statement - out.println("Requested QTY : " + RequestedQty): null

2018-06-09 21:57:43 - [TEST_STEP][PASSED] - Statement - BatchNumber = com.kms.katalon.core.webui.keyword.WebUiBuiltInKeywords.getNumberOfTotalOption(com.kms.katalon.core.testobject.ObjectRepository.findTestObject(HealthpostToStore/Page_Store/select_--Select--BA1170BA2376B)): 4 options of object 'Object Repository/HealthpostToStore/Page_Store/select_--Select--BA1170BA2376B' counted

2018-06-09 21:57:43 - [MESSAGE][PASSED] - 4 options of object 'Object Repository/HealthpostToStore/Page_Store/select_--Select--BA1170BA2376B' counted

2018-06-09 21:57:43 - [TEST_STEP][PASSED] - Statement - For ([g = 1, g <= BatchNumber - 1, (g++)]): null

2018-06-09 21:57:43 - [TEST_STEP][PASSED] - selectOptionByIndex: All options with index in [1] are selected on object 'Object Repository/HealthpostToStore/Page_Store/select_--Select--BA1170BA2376B'

2018-06-09 21:57:43 - [MESSAGE][PASSED] - All options with index in [1] are selected on object 'Object Repository/HealthpostToStore/Page_Store/select_--Select--BA1170BA2376B'

2018-06-09 21:57:43 - [TEST_STEP][PASSED] - Statement - Try: null

2018-06-09 21:57:43 - [TEST_STEP][PASSED] - Statement - StockQty = com.kms.katalon.core.webui.keyword.WebUiBuiltInKeywords.getAttribute(com.kms.katalon.core.testobject.ObjectRepository.findTestObject(HealthpostToStore/Page_Store/input_txtprice), "value"): Attribute 'value' of object 'Object Repository/HealthpostToStore/Page_Store/input_txtprice' is: '350'

2018-06-09 21:57:43 - [MESSAGE][PASSED] - Attribute 'value' of object 'Object Repository/HealthpostToStore/Page_Store/input_txtprice' is: '350'

2018-06-09 21:57:43 - [TEST_STEP][PASSED] - Statement - out.println("Stock QTY : " + StockQty): null

2018-06-09 21:57:43 - [TEST_STEP][PASSED] - delay: Delayed 2 second(s)

2018-06-09 21:57:45 - [MESSAGE][PASSED] - Delayed 2 second(s)

2018-06-09 21:57:45 - [TEST_STEP][PASSED] - Statement - If (java.lang.String.valueOf(StockQty) >= java.lang.String.valueOf(RequestedQty)): null

2018-06-09 21:57:45 - [TEST_STEP][PASSED] - setText: Text '10' is set on object 'Object Repository/HealthpostToStore/Page_Store/input_txtqty'

2018-06-09 21:57:45 - [MESSAGE][PASSED] - Text '10' is set on object 'Object Repository/HealthpostToStore/Page_Store/input_txtqty'

2018-06-09 21:57:45 - [TEST_STEP][PASSED] - click: Object: 'Object Repository/HealthpostToStore/Page_Store/button_Add' is clicked on

2018-06-09 21:57:45 - [MESSAGE][PASSED] - Object: 'Object Repository/HealthpostToStore/Page_Store/button_Add' is clicked on

2018-06-09 21:57:45 - [TEST_STEP][PASSED] - Statement - Break: null

2018-06-09 21:57:45 - [TEST_STEP][PASSED] - selectOptionByIndex: All options with index in [10] are selected on object 'Object Repository/HealthpostToStore/Page_Store/select_--Select--Adernaline 0.'

2018-06-09 21:57:45 - [MESSAGE][PASSED] - All options with index in [10] are selected on object 'Object Repository/HealthpostToStore/Page_Store/select_--Select--Adernaline 0.'

2018-06-09 21:57:45 - [TEST_STEP][PASSED] - delay: Delayed 2 second(s)

2018-06-09 21:57:47 - [MESSAGE][PASSED] - Delayed 2 second(s)

2018-06-09 21:57:47 - [TEST_STEP][PASSED] - Statement - RequestedQty = com.kms.katalon.core.webui.keyword.WebUiBuiltInKeywords.getAttribute(com.kms.katalon.core.testobject.ObjectRepository.findTestObject(HealthpostToStore/Page_Store/input_txttotal), "value"): Attribute 'value' of object 'Object Repository/HealthpostToStore/Page_Store/input_txttotal' is: '10'

2018-06-09 21:57:47 - [MESSAGE][PASSED] - Attribute 'value' of object 'Object Repository/HealthpostToStore/Page_Store/input_txttotal' is: '10'

2018-06-09 21:57:47 - [TEST_STEP][PASSED] - Statement - out.println("Requested QTY : " + RequestedQty): null

2018-06-09 21:57:47 - [TEST_STEP][PASSED] - Statement - BatchNumber = com.kms.katalon.core.webui.keyword.WebUiBuiltInKeywords.getNumberOfTotalOption(com.kms.katalon.core.testobject.ObjectRepository.findTestObject(HealthpostToStore/Page_Store/select_--Select--BA1170BA2376B)): 3 options of object 'Object Repository/HealthpostToStore/Page_Store/select_--Select--BA1170BA2376B' counted

2018-06-09 21:57:47 - [MESSAGE][PASSED] - 3 options of object 'Object Repository/HealthpostToStore/Page_Store/select_--Select--BA1170BA2376B' counted

2018-06-09 21:57:47 - [TEST_STEP][PASSED] - Statement - For ([g = 1, g <= BatchNumber - 1, (g++)]): null

2018-06-09 21:57:47 - [TEST_STEP][PASSED] - selectOptionByIndex: All options with index in [1] are selected on object 'Object Repository/HealthpostToStore/Page_Store/select_--Select--BA1170BA2376B'

2018-06-09 21:57:47 - [MESSAGE][PASSED] - All options with index in [1] are selected on object 'Object Repository/HealthpostToStore/Page_Store/select_--Select--BA1170BA2376B'

2018-06-09 21:57:47 - [TEST_STEP][PASSED] - Statement - Try: null

2018-06-09 21:57:47 - [TEST_STEP][PASSED] - Statement - StockQty = com.kms.katalon.core.webui.keyword.WebUiBuiltInKeywords.getAttribute(com.kms.katalon.core.testobject.ObjectRepository.findTestObject(HealthpostToStore/Page_Store/input_txtprice), "value"): Attribute 'value' of object 'Object Repository/HealthpostToStore/Page_Store/input_txtprice' is: '920'

2018-06-09 21:57:47 - [MESSAGE][PASSED] - Attribute 'value' of object 'Object Repository/HealthpostToStore/Page_Store/input_txtprice' is: '920'

2018-06-09 21:57:47 - [TEST_STEP][PASSED] - Statement - out.println("Stock QTY : " + StockQty): null

2018-06-09 21:57:47 - [TEST_STEP][PASSED] - delay: Delayed 2 second(s)

2018-06-09 21:57:49 - [MESSAGE][PASSED] - Delayed 2 second(s)

2018-06-09 21:57:49 - [TEST_STEP][PASSED] - Statement - If (java.lang.String.valueOf(StockQty) >= java.lang.String.valueOf(RequestedQty)): null

2018-06-09 21:57:49 - [TEST_STEP][PASSED] - setText: Text '10' is set on object 'Object Repository/HealthpostToStore/Page_Store/input_txtqty'

2018-06-09 21:57:49 - [MESSAGE][PASSED] - Text '10' is set on object 'Object Repository/HealthpostToStore/Page_Store/input_txtqty'

2018-06-09 21:57:49 - [TEST_STEP][PASSED] - click: Object: 'Object Repository/HealthpostToStore/Page_Store/button_Add' is clicked on

2018-06-09 21:57:50 - [MESSAGE][PASSED] - Object: 'Object Repository/HealthpostToStore/Page_Store/button_Add' is clicked on

2018-06-09 21:57:50 - [TEST_STEP][PASSED] - Statement - Break: null

2018-06-09 21:57:50 - [TEST_STEP][PASSED] - selectOptionByIndex: All options with index in [11] are selected on object 'Object Repository/HealthpostToStore/Page_Store/select_--Select--Adernaline 0.'

2018-06-09 21:57:50 - [MESSAGE][PASSED] - All options with index in [11] are selected on object 'Object Repository/HealthpostToStore/Page_Store/select_--Select--Adernaline 0.'

2018-06-09 21:57:50 - [TEST_STEP][PASSED] - delay: Delayed 2 second(s)

2018-06-09 21:57:52 - [MESSAGE][PASSED] - Delayed 2 second(s)

2018-06-09 21:57:52 - [TEST_STEP][PASSED] - Statement - RequestedQty = com.kms.katalon.core.webui.keyword.WebUiBuiltInKeywords.getAttribute(com.kms.katalon.core.testobject.ObjectRepository.findTestObject(HealthpostToStore/Page_Store/input_txttotal), "value"): Attribute 'value' of object 'Object Repository/HealthpostToStore/Page_Store/input_txttotal' is: '10'

2018-06-09 21:57:52 - [MESSAGE][PASSED] - Attribute 'value' of object 'Object Repository/HealthpostToStore/Page_Store/input_txttotal' is: '10'

2018-06-09 21:57:52 - [TEST_STEP][PASSED] - Statement - out.println("Requested QTY : " + RequestedQty): null

2018-06-09 21:57:52 - [TEST_STEP][PASSED] - Statement - BatchNumber = com.kms.katalon.core.webui.keyword.WebUiBuiltInKeywords.getNumberOfTotalOption(com.kms.katalon.core.testobject.ObjectRepository.findTestObject(HealthpostToStore/Page_Store/select_--Select--BA1170BA2376B)): 2 options of object 'Object Repository/HealthpostToStore/Page_Store/select_--Select--BA1170BA2376B' counted

2018-06-09 21:57:52 - [MESSAGE][PASSED] - 2 options of object 'Object Repository/HealthpostToStore/Page_Store/select_--Select--BA1170BA2376B' counted

2018-06-09 21:57:52 - [TEST_STEP][PASSED] - Statement - For ([g = 1, g <= BatchNumber - 1, (g++)]): null

2018-06-09 21:57:52 - [TEST_STEP][PASSED] - selectOptionByIndex: All options with index in [1] are selected on object 'Object Repository/HealthpostToStore/Page_Store/select_--Select--BA1170BA2376B'

2018-06-09 21:57:52 - [MESSAGE][PASSED] - All options with index in [1] are selected on object 'Object Repository/HealthpostToStore/Page_Store/select_--Select--BA1170BA2376B'

2018-06-09 21:57:52 - [TEST_STEP][PASSED] - Statement - Try: null

2018-06-09 21:57:52 - [TEST_STEP][PASSED] - Statement - StockQty = com.kms.katalon.core.webui.keyword.WebUiBuiltInKeywords.getAttribute(com.kms.katalon.core.testobject.ObjectRepository.findTestObject(HealthpostToStore/Page_Store/input_txtprice), "value"): Attribute 'value' of object 'Object Repository/HealthpostToStore/Page_Store/input_txtprice' is: '970'

2018-06-09 21:57:52 - [MESSAGE][PASSED] - Attribute 'value' of object 'Object Repository/HealthpostToStore/Page_Store/input_txtprice' is: '970'

2018-06-09 21:57:52 - [TEST_STEP][PASSED] - Statement - out.println("Stock QTY : " + StockQty): null

2018-06-09 21:57:52 - [TEST_STEP][PASSED] - delay: Delayed 2 second(s)

2018-06-09 21:57:54 - [MESSAGE][PASSED] - Delayed 2 second(s)

2018-06-09 21:57:54 - [TEST_STEP][PASSED] - Statement - If (java.lang.String.valueOf(StockQty) >= java.lang.String.valueOf(RequestedQty)): null

2018-06-09 21:57:54 - [TEST_STEP][PASSED] - setText: Text '10' is set on object 'Object Repository/HealthpostToStore/Page_Store/input_txtqty'

2018-06-09 21:57:54 - [MESSAGE][PASSED] - Text '10' is set on object 'Object Repository/HealthpostToStore/Page_Store/input_txtqty'

2018-06-09 21:57:54 - [TEST_STEP][PASSED] - click: Object: 'Object Repository/HealthpostToStore/Page_Store/button_Add' is clicked on

2018-06-09 21:57:54 - [MESSAGE][PASSED] - Object: 'Object Repository/HealthpostToStore/Page_Store/button_Add' is clicked on

2018-06-09 21:57:54 - [TEST_STEP][PASSED] - Statement - Break: null

2018-06-09 21:57:54 - [TEST_STEP][PASSED] - selectOptionByIndex: All options with index in [12] are selected on object 'Object Repository/HealthpostToStore/Page_Store/select_--Select--Adernaline 0.'

2018-06-09 21:57:54 - [MESSAGE][PASSED] - All options with index in [12] are selected on object 'Object Repository/HealthpostToStore/Page_Store/select_--Select--Adernaline 0.'

2018-06-09 21:57:54 - [TEST_STEP][PASSED] - delay: Delayed 2 second(s)

2018-06-09 21:57:56 - [MESSAGE][PASSED] - Delayed 2 second(s)

2018-06-09 21:57:56 - [TEST_STEP][PASSED] - Statement - RequestedQty = com.kms.katalon.core.webui.keyword.WebUiBuiltInKeywords.getAttribute(com.kms.katalon.core.testobject.ObjectRepository.findTestObject(HealthpostToStore/Page_Store/input_txttotal), "value"): Attribute 'value' of object 'Object Repository/HealthpostToStore/Page_Store/input_txttotal' is: '10'

2018-06-09 21:57:56 - [MESSAGE][PASSED] - Attribute 'value' of object 'Object Repository/HealthpostToStore/Page_Store/input_txttotal' is: '10'

2018-06-09 21:57:56 - [TEST_STEP][PASSED] - Statement - out.println("Requested QTY : " + RequestedQty): null

2018-06-09 21:57:56 - [TEST_STEP][PASSED] - Statement - BatchNumber = com.kms.katalon.core.webui.keyword.WebUiBuiltInKeywords.getNumberOfTotalOption(com.kms.katalon.core.testobject.ObjectRepository.findTestObject(HealthpostToStore/Page_Store/select_--Select--BA1170BA2376B)): 3 options of object 'Object Repository/HealthpostToStore/Page_Store/select_--Select--BA1170BA2376B' counted

2018-06-09 21:57:56 - [MESSAGE][PASSED] - 3 options of object 'Object Repository/HealthpostToStore/Page_Store/select_--Select--BA1170BA2376B' counted

2018-06-09 21:57:56 - [TEST_STEP][PASSED] - Statement - For ([g = 1, g <= BatchNumber - 1, (g++)]): null

2018-06-09 21:57:56 - [TEST_STEP][PASSED] - selectOptionByIndex: All options with index in [1] are selected on object 'Object Repository/HealthpostToStore/Page_Store/select_--Select--BA1170BA2376B'

2018-06-09 21:57:57 - [MESSAGE][PASSED] - All options with index in [1] are selected on object 'Object Repository/HealthpostToStore/Page_Store/select_--Select--BA1170BA2376B'

2018-06-09 21:57:57 - [TEST_STEP][PASSED] - Statement - Try: null

2018-06-09 21:57:57 - [TEST_STEP][PASSED] - Statement - StockQty = com.kms.katalon.core.webui.keyword.WebUiBuiltInKeywords.getAttribute(com.kms.katalon.core.testobject.ObjectRepository.findTestObject(HealthpostToStore/Page_Store/input_txtprice), "value"): Attribute 'value' of object 'Object Repository/HealthpostToStore/Page_Store/input_txtprice' is: '920'

2018-06-09 21:57:57 - [MESSAGE][PASSED] - Attribute 'value' of object 'Object Repository/HealthpostToStore/Page_Store/input_txtprice' is: '920'

2018-06-09 21:57:57 - [TEST_STEP][PASSED] - Statement - out.println("Stock QTY : " + StockQty): null

2018-06-09 21:57:57 - [TEST_STEP][PASSED] - delay: Delayed 2 second(s)

2018-06-09 21:57:59 - [MESSAGE][PASSED] - Delayed 2 second(s)

2018-06-09 21:57:59 - [TEST_STEP][PASSED] - Statement - If (java.lang.String.valueOf(StockQty) >= java.lang.String.valueOf(RequestedQty)): null

2018-06-09 21:57:59 - [TEST_STEP][PASSED] - setText: Text '10' is set on object 'Object Repository/HealthpostToStore/Page_Store/input_txtqty'

2018-06-09 21:57:59 - [MESSAGE][PASSED] - Text '10' is set on object 'Object Repository/HealthpostToStore/Page_Store/input_txtqty'

2018-06-09 21:57:59 - [TEST_STEP][PASSED] - click: Object: 'Object Repository/HealthpostToStore/Page_Store/button_Add' is clicked on

2018-06-09 21:57:59 - [MESSAGE][PASSED] - Object: 'Object Repository/HealthpostToStore/Page_Store/button_Add' is clicked on

2018-06-09 21:57:59 - [TEST_STEP][PASSED] - Statement - Break: null

2018-06-09 21:57:59 - [TEST_STEP][PASSED] - selectOptionByIndex: All options with index in [13] are selected on object 'Object Repository/HealthpostToStore/Page_Store/select_--Select--Adernaline 0.'

2018-06-09 21:57:59 - [MESSAGE][PASSED] - All options with index in [13] are selected on object 'Object Repository/HealthpostToStore/Page_Store/select_--Select--Adernaline 0.'

2018-06-09 21:57:59 - [TEST_STEP][PASSED] - delay: Delayed 2 second(s)

2018-06-09 21:58:01 - [MESSAGE][PASSED] - Delayed 2 second(s)

2018-06-09 21:58:01 - [TEST_STEP][PASSED] - Statement - RequestedQty = com.kms.katalon.core.webui.keyword.WebUiBuiltInKeywords.getAttribute(com.kms.katalon.core.testobject.ObjectRepository.findTestObject(HealthpostToStore/Page_Store/input_txttotal), "value"): Attribute 'value' of object 'Object Repository/HealthpostToStore/Page_Store/input_txttotal' is: '10'

2018-06-09 21:58:01 - [MESSAGE][PASSED] - Attribute 'value' of object 'Object Repository/HealthpostToStore/Page_Store/input_txttotal' is: '10'

2018-06-09 21:58:01 - [TEST_STEP][PASSED] - Statement - out.println("Requested QTY : " + RequestedQty): null

2018-06-09 21:58:01 - [TEST_STEP][PASSED] - Statement - BatchNumber = com.kms.katalon.core.webui.keyword.WebUiBuiltInKeywords.getNumberOfTotalOption(com.kms.katalon.core.testobject.ObjectRepository.findTestObject(HealthpostToStore/Page_Store/select_--Select--BA1170BA2376B)): 5 options of object 'Object Repository/HealthpostToStore/Page_Store/select_--Select--BA1170BA2376B' counted

2018-06-09 21:58:01 - [MESSAGE][PASSED] - 5 options of object 'Object Repository/HealthpostToStore/Page_Store/select_--Select--BA1170BA2376B' counted

2018-06-09 21:58:01 - [TEST_STEP][PASSED] - Statement - For ([g = 1, g <= BatchNumber - 1, (g++)]): null

2018-06-09 21:58:01 - [TEST_STEP][PASSED] - selectOptionByIndex: All options with index in [1] are selected on object 'Object Repository/HealthpostToStore/Page_Store/select_--Select--BA1170BA2376B'

2018-06-09 21:58:01 - [MESSAGE][PASSED] - All options with index in [1] are selected on object 'Object Repository/HealthpostToStore/Page_Store/select_--Select--BA1170BA2376B'

2018-06-09 21:58:01 - [TEST_STEP][PASSED] - Statement - Try: null

2018-06-09 21:58:01 - [TEST_STEP][PASSED] - Statement - StockQty = com.kms.katalon.core.webui.keyword.WebUiBuiltInKeywords.getAttribute(com.kms.katalon.core.testobject.ObjectRepository.findTestObject(HealthpostToStore/Page_Store/input_txtprice), "value"): Attribute 'value' of object 'Object Repository/HealthpostToStore/Page_Store/input_txtprice' is: '80'

2018-06-09 21:58:01 - [MESSAGE][PASSED] - Attribute 'value' of object 'Object Repository/HealthpostToStore/Page_Store/input_txtprice' is: '80'

2018-06-09 21:58:01 - [TEST_STEP][PASSED] - Statement - out.println("Stock QTY : " + StockQty): null

2018-06-09 21:58:01 - [TEST_STEP][PASSED] - delay: Delayed 2 second(s)

2018-06-09 21:58:03 - [MESSAGE][PASSED] - Delayed 2 second(s)

2018-06-09 21:58:03 - [TEST_STEP][PASSED] - Statement - If (java.lang.String.valueOf(StockQty) >= java.lang.String.valueOf(RequestedQty)): null

2018-06-09 21:58:03 - [TEST_STEP][PASSED] - setText: Text '10' is set on object 'Object Repository/HealthpostToStore/Page_Store/input_txtqty'

2018-06-09 21:58:03 - [MESSAGE][PASSED] - Text '10' is set on object 'Object Repository/HealthpostToStore/Page_Store/input_txtqty'

2018-06-09 21:58:03 - [TEST_STEP][PASSED] - click: Object: 'Object Repository/HealthpostToStore/Page_Store/button_Add' is clicked on

2018-06-09 21:58:03 - [MESSAGE][PASSED] - Object: 'Object Repository/HealthpostToStore/Page_Store/button_Add' is clicked on

2018-06-09 21:58:03 - [TEST_STEP][PASSED] - Statement - Break: null

2018-06-09 21:58:03 - [TEST_STEP][PASSED] - scrollToElement: Scroll to object 'Object Repository/HealthpostToStore/Page_Store/input_btnSubmit' successfully

2018-06-09 21:58:03 - [MESSAGE][PASSED] - Scroll to object 'Object Repository/HealthpostToStore/Page_Store/input_btnSubmit' successfully

2018-06-09 21:58:03 - [TEST_STEP][PASSED] - click: Object: 'Object Repository/HealthpostToStore/Page_Store/input_btnSubmit' is clicked on

2018-06-09 21:58:03 - [MESSAGE][PASSED] - Object: 'Object Repository/HealthpostToStore/Page_Store/input_btnSubmit' is clicked on

2018-06-09 21:58:03 - [TEST_STEP][PASSED] - delay: Delayed 3 second(s)

2018-06-09 21:58:06 - [MESSAGE][PASSED] - Delayed 3 second(s)

2018-06-09 21:58:06 - [TEST_STEP][PASSED] - click: Object: 'Object Repository/HealthpostToStore/Page_Store/button_OK' is clicked on

2018-06-09 21:58:07 - [MESSAGE][PASSED] - Object: 'Object Repository/HealthpostToStore/Page_Store/button_OK' is clicked on

2018-06-09 21:58:07 - [TEST_STEP][PASSED] - delay: Delayed 3 second(s)

2018-06-09 21:58:10 - [MESSAGE][PASSED] - Delayed 3 second(s)

2018-06-09 21:58:10 - [TEST_STEP][PASSED] - click: Object: 'Object Repository/HealthpostToStore/Page_Store/a_dropdown-toggle' is clicked on

2018-06-09 21:58:10 - [MESSAGE][PASSED] - Object: 'Object Repository/HealthpostToStore/Page_Store/a_dropdown-toggle' is clicked on

2018-06-09 21:58:10 - [TEST_STEP][PASSED] - click: Object: 'Object Repository/HealthpostToStore/Page_Store/a_Sign out' is clicked on

2018-06-09 21:58:11 - [MESSAGE][PASSED] - Object: 'Object Repository/HealthpostToStore/Page_Store/a_Sign out' is clicked on

2018-06-09 21:58:11 - [TEST_STEP][PASSED] - closeBrowser: Browser is closed

2018-06-09 21:58:12 - [MESSAGE][PASSED] - Browser is closed]]></system-out>
         <system-err><![CDATA[]]></system-err>
      </testcase>
      <testcase name="Test Cases/HEALTHPOST TEST CASES/TC_HP_007 Verify Schedule 7 Healthpost Request Are Working Successfully Or Not" classname="Test Cases/HEALTHPOST TEST CASES/TC_HP_007 Verify Schedule 7 Healthpost Request Are Working Successfully Or Not" status="PASSED">
         <system-out><![CDATA[2018-06-09 21:58:12 - [TEST_CASE][PASSED] - Test Cases/HEALTHPOST TEST CASES/TC_HP_007 Verify Schedule 7 Healthpost Request Are Working Successfully Or Not: Test Cases/HEALTHPOST TEST CASES/TC_HP_007 Verify Schedule 7 Healthpost Request Are Working Successfully Or Not

2018-06-09 21:58:12 - [TEST_STEP][PASSED] - openBrowser: Browser is opened with url: ''

2018-06-09 21:58:14 - [MESSAGE][PASSED] - Browser is opened with url: ''

2018-06-09 21:58:14 - [TEST_STEP][PASSED] - navigateToUrl: Navigate to 'http://192.168.137.1/multihospital_new/HDSplashscreen.aspx' successfully

2018-06-09 21:58:15 - [MESSAGE][PASSED] - Navigate to 'http://192.168.137.1/multihospital_new/HDSplashscreen.aspx' successfully

2018-06-09 21:58:15 - [TEST_STEP][PASSED] - maximizeWindow: Current window maximized

2018-06-09 21:58:16 - [MESSAGE][PASSED] - Current window maximized

2018-06-09 21:58:16 - [TEST_STEP][PASSED] - click: Object: 'Object Repository/HealthpostToStore/Page_KDMC/a_Healthpost Store' is clicked on

2018-06-09 21:58:17 - [MESSAGE][PASSED] - Object: 'Object Repository/HealthpostToStore/Page_KDMC/a_Healthpost Store' is clicked on

2018-06-09 21:58:17 - [TEST_STEP][PASSED] - setText: Text 'raguram' is set on object 'Object Repository/HealthpostToStore/Page_HealthPost Store Login/input_txtusername'

2018-06-09 21:58:17 - [MESSAGE][PASSED] - Text 'raguram' is set on object 'Object Repository/HealthpostToStore/Page_HealthPost Store Login/input_txtusername'

2018-06-09 21:58:17 - [TEST_STEP][PASSED] - setText: Text '123' is set on object 'Object Repository/HealthpostToStore/Page_HealthPost Store Login/input_txtpassword'

2018-06-09 21:58:17 - [MESSAGE][PASSED] - Text '123' is set on object 'Object Repository/HealthpostToStore/Page_HealthPost Store Login/input_txtpassword'

2018-06-09 21:58:17 - [TEST_STEP][PASSED] - delay: Delayed 3 second(s)

2018-06-09 21:58:20 - [MESSAGE][PASSED] - Delayed 3 second(s)

2018-06-09 21:58:20 - [TEST_STEP][PASSED] - sendKeys: Keys 'ENTER + ' sent to object: 'Object Repository/HealthpostToStore/Page_HealthPost Store Login/input_txtpassword'

2018-06-09 21:58:21 - [MESSAGE][PASSED] - Keys 'ENTER + ' sent to object: 'Object Repository/HealthpostToStore/Page_HealthPost Store Login/input_txtpassword'

2018-06-09 21:58:21 - [TEST_STEP][PASSED] - delay: Delayed 3 second(s)

2018-06-09 21:58:24 - [MESSAGE][PASSED] - Delayed 3 second(s)

2018-06-09 21:58:24 - [TEST_STEP][PASSED] - click: Object: 'Object Repository/HealthpostToStore/Page_HealthPost Store/a_Request to Store' is clicked on

2018-06-09 21:58:24 - [MESSAGE][PASSED] - Object: 'Object Repository/HealthpostToStore/Page_HealthPost Store/a_Request to Store' is clicked on

2018-06-09 21:58:24 - [TEST_STEP][PASSED] - delay: Delayed 1 second(s)

2018-06-09 21:58:25 - [MESSAGE][PASSED] - Delayed 1 second(s)

2018-06-09 21:58:25 - [TEST_STEP][PASSED] - click: Object: 'Object Repository/HealthpostToStore/Page_HealthPost Store/a_Medicine Request' is clicked on

2018-06-09 21:58:26 - [MESSAGE][PASSED] - Object: 'Object Repository/HealthpostToStore/Page_HealthPost Store/a_Medicine Request' is clicked on

2018-06-09 21:58:26 - [TEST_STEP][PASSED] - delay: Delayed 1 second(s)

2018-06-09 21:58:27 - [MESSAGE][PASSED] - Delayed 1 second(s)

2018-06-09 21:58:27 - [TEST_STEP][PASSED] - selectOptionByIndex: All options with index in [7] are selected on object 'Object Repository/HealthpostToStore/Page_HealthPost Store/select_--Select--Schedule 1Inj'

2018-06-09 21:58:27 - [MESSAGE][PASSED] - All options with index in [7] are selected on object 'Object Repository/HealthpostToStore/Page_HealthPost Store/select_--Select--Schedule 1Inj'

2018-06-09 21:58:27 - [TEST_STEP][PASSED] - Statement - medicineslength = com.kms.katalon.core.webui.keyword.WebUiBuiltInKeywords.getNumberOfTotalOption(com.kms.katalon.core.testobject.ObjectRepository.findTestObject(HealthpostToStore/Page_HealthPost Store/select_--Select--Adernaline 0.)): 24 options of object 'Object Repository/HealthpostToStore/Page_HealthPost Store/select_--Select--Adernaline 0.' counted

2018-06-09 21:58:27 - [MESSAGE][PASSED] - 24 options of object 'Object Repository/HealthpostToStore/Page_HealthPost Store/select_--Select--Adernaline 0.' counted

2018-06-09 21:58:27 - [TEST_STEP][PASSED] - Statement - For ([e = 1, e <= medicineslength - 1, (e++)]): Object: 'Object Repository/HealthpostToStore/Page_HealthPost Store/button_Add' is clicked on

2018-06-09 21:58:27 - [TEST_STEP][PASSED] - selectOptionByIndex: All options with index in [7] are selected on object 'Object Repository/HealthpostToStore/Page_HealthPost Store/select_--Select--Schedule 1Inj'

2018-06-09 21:58:27 - [MESSAGE][PASSED] - All options with index in [7] are selected on object 'Object Repository/HealthpostToStore/Page_HealthPost Store/select_--Select--Schedule 1Inj'

2018-06-09 21:58:27 - [TEST_STEP][PASSED] - delay: Delayed 1 second(s)

2018-06-09 21:58:28 - [MESSAGE][PASSED] - Delayed 1 second(s)

2018-06-09 21:58:28 - [TEST_STEP][PASSED] - selectOptionByIndex: All options with index in [1] are selected on object 'Object Repository/HealthpostToStore/Page_HealthPost Store/select_--Select--Adernaline 0.'

2018-06-09 21:58:28 - [MESSAGE][PASSED] - All options with index in [1] are selected on object 'Object Repository/HealthpostToStore/Page_HealthPost Store/select_--Select--Adernaline 0.'

2018-06-09 21:58:28 - [TEST_STEP][PASSED] - setText: Text '10' is set on object 'Object Repository/HealthpostToStore/Page_HealthPost Store/input_txttreat'

2018-06-09 21:58:28 - [MESSAGE][PASSED] - Text '10' is set on object 'Object Repository/HealthpostToStore/Page_HealthPost Store/input_txttreat'

2018-06-09 21:58:28 - [TEST_STEP][PASSED] - click: Object: 'Object Repository/HealthpostToStore/Page_HealthPost Store/button_Add' is clicked on

2018-06-09 21:58:28 - [MESSAGE][PASSED] - Object: 'Object Repository/HealthpostToStore/Page_HealthPost Store/button_Add' is clicked on

2018-06-09 21:58:28 - [TEST_STEP][PASSED] - selectOptionByIndex: All options with index in [7] are selected on object 'Object Repository/HealthpostToStore/Page_HealthPost Store/select_--Select--Schedule 1Inj'

2018-06-09 21:58:29 - [MESSAGE][PASSED] - All options with index in [7] are selected on object 'Object Repository/HealthpostToStore/Page_HealthPost Store/select_--Select--Schedule 1Inj'

2018-06-09 21:58:29 - [TEST_STEP][PASSED] - delay: Delayed 1 second(s)

2018-06-09 21:58:30 - [MESSAGE][PASSED] - Delayed 1 second(s)

2018-06-09 21:58:30 - [TEST_STEP][PASSED] - selectOptionByIndex: All options with index in [2] are selected on object 'Object Repository/HealthpostToStore/Page_HealthPost Store/select_--Select--Adernaline 0.'

2018-06-09 21:58:30 - [MESSAGE][PASSED] - All options with index in [2] are selected on object 'Object Repository/HealthpostToStore/Page_HealthPost Store/select_--Select--Adernaline 0.'

2018-06-09 21:58:30 - [TEST_STEP][PASSED] - setText: Text '10' is set on object 'Object Repository/HealthpostToStore/Page_HealthPost Store/input_txttreat'

2018-06-09 21:58:30 - [MESSAGE][PASSED] - Text '10' is set on object 'Object Repository/HealthpostToStore/Page_HealthPost Store/input_txttreat'

2018-06-09 21:58:30 - [TEST_STEP][PASSED] - click: Object: 'Object Repository/HealthpostToStore/Page_HealthPost Store/button_Add' is clicked on

2018-06-09 21:58:30 - [MESSAGE][PASSED] - Object: 'Object Repository/HealthpostToStore/Page_HealthPost Store/button_Add' is clicked on

2018-06-09 21:58:30 - [TEST_STEP][PASSED] - selectOptionByIndex: All options with index in [7] are selected on object 'Object Repository/HealthpostToStore/Page_HealthPost Store/select_--Select--Schedule 1Inj'

2018-06-09 21:58:30 - [MESSAGE][PASSED] - All options with index in [7] are selected on object 'Object Repository/HealthpostToStore/Page_HealthPost Store/select_--Select--Schedule 1Inj'

2018-06-09 21:58:30 - [TEST_STEP][PASSED] - delay: Delayed 1 second(s)

2018-06-09 21:58:31 - [MESSAGE][PASSED] - Delayed 1 second(s)

2018-06-09 21:58:31 - [TEST_STEP][PASSED] - selectOptionByIndex: All options with index in [3] are selected on object 'Object Repository/HealthpostToStore/Page_HealthPost Store/select_--Select--Adernaline 0.'

2018-06-09 21:58:31 - [MESSAGE][PASSED] - All options with index in [3] are selected on object 'Object Repository/HealthpostToStore/Page_HealthPost Store/select_--Select--Adernaline 0.'

2018-06-09 21:58:31 - [TEST_STEP][PASSED] - setText: Text '10' is set on object 'Object Repository/HealthpostToStore/Page_HealthPost Store/input_txttreat'

2018-06-09 21:58:31 - [MESSAGE][PASSED] - Text '10' is set on object 'Object Repository/HealthpostToStore/Page_HealthPost Store/input_txttreat'

2018-06-09 21:58:31 - [TEST_STEP][PASSED] - click: Object: 'Object Repository/HealthpostToStore/Page_HealthPost Store/button_Add' is clicked on

2018-06-09 21:58:31 - [MESSAGE][PASSED] - Object: 'Object Repository/HealthpostToStore/Page_HealthPost Store/button_Add' is clicked on

2018-06-09 21:58:31 - [TEST_STEP][PASSED] - selectOptionByIndex: All options with index in [7] are selected on object 'Object Repository/HealthpostToStore/Page_HealthPost Store/select_--Select--Schedule 1Inj'

2018-06-09 21:58:31 - [MESSAGE][PASSED] - All options with index in [7] are selected on object 'Object Repository/HealthpostToStore/Page_HealthPost Store/select_--Select--Schedule 1Inj'

2018-06-09 21:58:31 - [TEST_STEP][PASSED] - delay: Delayed 1 second(s)

2018-06-09 21:58:32 - [MESSAGE][PASSED] - Delayed 1 second(s)

2018-06-09 21:58:32 - [TEST_STEP][PASSED] - selectOptionByIndex: All options with index in [4] are selected on object 'Object Repository/HealthpostToStore/Page_HealthPost Store/select_--Select--Adernaline 0.'

2018-06-09 21:58:33 - [MESSAGE][PASSED] - All options with index in [4] are selected on object 'Object Repository/HealthpostToStore/Page_HealthPost Store/select_--Select--Adernaline 0.'

2018-06-09 21:58:33 - [TEST_STEP][PASSED] - setText: Text '10' is set on object 'Object Repository/HealthpostToStore/Page_HealthPost Store/input_txttreat'

2018-06-09 21:58:33 - [MESSAGE][PASSED] - Text '10' is set on object 'Object Repository/HealthpostToStore/Page_HealthPost Store/input_txttreat'

2018-06-09 21:58:33 - [TEST_STEP][PASSED] - click: Object: 'Object Repository/HealthpostToStore/Page_HealthPost Store/button_Add' is clicked on

2018-06-09 21:58:33 - [MESSAGE][PASSED] - Object: 'Object Repository/HealthpostToStore/Page_HealthPost Store/button_Add' is clicked on

2018-06-09 21:58:33 - [TEST_STEP][PASSED] - selectOptionByIndex: All options with index in [7] are selected on object 'Object Repository/HealthpostToStore/Page_HealthPost Store/select_--Select--Schedule 1Inj'

2018-06-09 21:58:33 - [MESSAGE][PASSED] - All options with index in [7] are selected on object 'Object Repository/HealthpostToStore/Page_HealthPost Store/select_--Select--Schedule 1Inj'

2018-06-09 21:58:33 - [TEST_STEP][PASSED] - delay: Delayed 1 second(s)

2018-06-09 21:58:34 - [MESSAGE][PASSED] - Delayed 1 second(s)

2018-06-09 21:58:34 - [TEST_STEP][PASSED] - selectOptionByIndex: All options with index in [5] are selected on object 'Object Repository/HealthpostToStore/Page_HealthPost Store/select_--Select--Adernaline 0.'

2018-06-09 21:58:34 - [MESSAGE][PASSED] - All options with index in [5] are selected on object 'Object Repository/HealthpostToStore/Page_HealthPost Store/select_--Select--Adernaline 0.'

2018-06-09 21:58:34 - [TEST_STEP][PASSED] - setText: Text '10' is set on object 'Object Repository/HealthpostToStore/Page_HealthPost Store/input_txttreat'

2018-06-09 21:58:34 - [MESSAGE][PASSED] - Text '10' is set on object 'Object Repository/HealthpostToStore/Page_HealthPost Store/input_txttreat'

2018-06-09 21:58:34 - [TEST_STEP][PASSED] - click: Object: 'Object Repository/HealthpostToStore/Page_HealthPost Store/button_Add' is clicked on

2018-06-09 21:58:34 - [MESSAGE][PASSED] - Object: 'Object Repository/HealthpostToStore/Page_HealthPost Store/button_Add' is clicked on

2018-06-09 21:58:34 - [TEST_STEP][PASSED] - selectOptionByIndex: All options with index in [7] are selected on object 'Object Repository/HealthpostToStore/Page_HealthPost Store/select_--Select--Schedule 1Inj'

2018-06-09 21:58:35 - [MESSAGE][PASSED] - All options with index in [7] are selected on object 'Object Repository/HealthpostToStore/Page_HealthPost Store/select_--Select--Schedule 1Inj'

2018-06-09 21:58:35 - [TEST_STEP][PASSED] - delay: Delayed 1 second(s)

2018-06-09 21:58:36 - [MESSAGE][PASSED] - Delayed 1 second(s)

2018-06-09 21:58:36 - [TEST_STEP][PASSED] - selectOptionByIndex: All options with index in [6] are selected on object 'Object Repository/HealthpostToStore/Page_HealthPost Store/select_--Select--Adernaline 0.'

2018-06-09 21:58:36 - [MESSAGE][PASSED] - All options with index in [6] are selected on object 'Object Repository/HealthpostToStore/Page_HealthPost Store/select_--Select--Adernaline 0.'

2018-06-09 21:58:36 - [TEST_STEP][PASSED] - setText: Text '10' is set on object 'Object Repository/HealthpostToStore/Page_HealthPost Store/input_txttreat'

2018-06-09 21:58:36 - [MESSAGE][PASSED] - Text '10' is set on object 'Object Repository/HealthpostToStore/Page_HealthPost Store/input_txttreat'

2018-06-09 21:58:36 - [TEST_STEP][PASSED] - click: Object: 'Object Repository/HealthpostToStore/Page_HealthPost Store/button_Add' is clicked on

2018-06-09 21:58:36 - [MESSAGE][PASSED] - Object: 'Object Repository/HealthpostToStore/Page_HealthPost Store/button_Add' is clicked on

2018-06-09 21:58:36 - [TEST_STEP][PASSED] - selectOptionByIndex: All options with index in [7] are selected on object 'Object Repository/HealthpostToStore/Page_HealthPost Store/select_--Select--Schedule 1Inj'

2018-06-09 21:58:36 - [MESSAGE][PASSED] - All options with index in [7] are selected on object 'Object Repository/HealthpostToStore/Page_HealthPost Store/select_--Select--Schedule 1Inj'

2018-06-09 21:58:36 - [TEST_STEP][PASSED] - delay: Delayed 1 second(s)

2018-06-09 21:58:37 - [MESSAGE][PASSED] - Delayed 1 second(s)

2018-06-09 21:58:37 - [TEST_STEP][PASSED] - selectOptionByIndex: All options with index in [7] are selected on object 'Object Repository/HealthpostToStore/Page_HealthPost Store/select_--Select--Adernaline 0.'

2018-06-09 21:58:37 - [MESSAGE][PASSED] - All options with index in [7] are selected on object 'Object Repository/HealthpostToStore/Page_HealthPost Store/select_--Select--Adernaline 0.'

2018-06-09 21:58:37 - [TEST_STEP][PASSED] - setText: Text '10' is set on object 'Object Repository/HealthpostToStore/Page_HealthPost Store/input_txttreat'

2018-06-09 21:58:37 - [MESSAGE][PASSED] - Text '10' is set on object 'Object Repository/HealthpostToStore/Page_HealthPost Store/input_txttreat'

2018-06-09 21:58:37 - [TEST_STEP][PASSED] - click: Object: 'Object Repository/HealthpostToStore/Page_HealthPost Store/button_Add' is clicked on

2018-06-09 21:58:37 - [MESSAGE][PASSED] - Object: 'Object Repository/HealthpostToStore/Page_HealthPost Store/button_Add' is clicked on

2018-06-09 21:58:37 - [TEST_STEP][PASSED] - selectOptionByIndex: All options with index in [7] are selected on object 'Object Repository/HealthpostToStore/Page_HealthPost Store/select_--Select--Schedule 1Inj'

2018-06-09 21:58:38 - [MESSAGE][PASSED] - All options with index in [7] are selected on object 'Object Repository/HealthpostToStore/Page_HealthPost Store/select_--Select--Schedule 1Inj'

2018-06-09 21:58:38 - [TEST_STEP][PASSED] - delay: Delayed 1 second(s)

2018-06-09 21:58:39 - [MESSAGE][PASSED] - Delayed 1 second(s)

2018-06-09 21:58:39 - [TEST_STEP][PASSED] - selectOptionByIndex: All options with index in [8] are selected on object 'Object Repository/HealthpostToStore/Page_HealthPost Store/select_--Select--Adernaline 0.'

2018-06-09 21:58:39 - [MESSAGE][PASSED] - All options with index in [8] are selected on object 'Object Repository/HealthpostToStore/Page_HealthPost Store/select_--Select--Adernaline 0.'

2018-06-09 21:58:39 - [TEST_STEP][PASSED] - setText: Text '10' is set on object 'Object Repository/HealthpostToStore/Page_HealthPost Store/input_txttreat'

2018-06-09 21:58:39 - [MESSAGE][PASSED] - Text '10' is set on object 'Object Repository/HealthpostToStore/Page_HealthPost Store/input_txttreat'

2018-06-09 21:58:39 - [TEST_STEP][PASSED] - click: Object: 'Object Repository/HealthpostToStore/Page_HealthPost Store/button_Add' is clicked on

2018-06-09 21:58:39 - [MESSAGE][PASSED] - Object: 'Object Repository/HealthpostToStore/Page_HealthPost Store/button_Add' is clicked on

2018-06-09 21:58:39 - [TEST_STEP][PASSED] - selectOptionByIndex: All options with index in [7] are selected on object 'Object Repository/HealthpostToStore/Page_HealthPost Store/select_--Select--Schedule 1Inj'

2018-06-09 21:58:39 - [MESSAGE][PASSED] - All options with index in [7] are selected on object 'Object Repository/HealthpostToStore/Page_HealthPost Store/select_--Select--Schedule 1Inj'

2018-06-09 21:58:39 - [TEST_STEP][PASSED] - delay: Delayed 1 second(s)

2018-06-09 21:58:40 - [MESSAGE][PASSED] - Delayed 1 second(s)

2018-06-09 21:58:40 - [TEST_STEP][PASSED] - selectOptionByIndex: All options with index in [9] are selected on object 'Object Repository/HealthpostToStore/Page_HealthPost Store/select_--Select--Adernaline 0.'

2018-06-09 21:58:40 - [MESSAGE][PASSED] - All options with index in [9] are selected on object 'Object Repository/HealthpostToStore/Page_HealthPost Store/select_--Select--Adernaline 0.'

2018-06-09 21:58:40 - [TEST_STEP][PASSED] - setText: Text '10' is set on object 'Object Repository/HealthpostToStore/Page_HealthPost Store/input_txttreat'

2018-06-09 21:58:40 - [MESSAGE][PASSED] - Text '10' is set on object 'Object Repository/HealthpostToStore/Page_HealthPost Store/input_txttreat'

2018-06-09 21:58:40 - [TEST_STEP][PASSED] - click: Object: 'Object Repository/HealthpostToStore/Page_HealthPost Store/button_Add' is clicked on

2018-06-09 21:58:41 - [MESSAGE][PASSED] - Object: 'Object Repository/HealthpostToStore/Page_HealthPost Store/button_Add' is clicked on

2018-06-09 21:58:41 - [TEST_STEP][PASSED] - selectOptionByIndex: All options with index in [7] are selected on object 'Object Repository/HealthpostToStore/Page_HealthPost Store/select_--Select--Schedule 1Inj'

2018-06-09 21:58:41 - [MESSAGE][PASSED] - All options with index in [7] are selected on object 'Object Repository/HealthpostToStore/Page_HealthPost Store/select_--Select--Schedule 1Inj'

2018-06-09 21:58:41 - [TEST_STEP][PASSED] - delay: Delayed 1 second(s)

2018-06-09 21:58:42 - [MESSAGE][PASSED] - Delayed 1 second(s)

2018-06-09 21:58:42 - [TEST_STEP][PASSED] - selectOptionByIndex: All options with index in [10] are selected on object 'Object Repository/HealthpostToStore/Page_HealthPost Store/select_--Select--Adernaline 0.'

2018-06-09 21:58:42 - [MESSAGE][PASSED] - All options with index in [10] are selected on object 'Object Repository/HealthpostToStore/Page_HealthPost Store/select_--Select--Adernaline 0.'

2018-06-09 21:58:42 - [TEST_STEP][PASSED] - setText: Text '10' is set on object 'Object Repository/HealthpostToStore/Page_HealthPost Store/input_txttreat'

2018-06-09 21:58:42 - [MESSAGE][PASSED] - Text '10' is set on object 'Object Repository/HealthpostToStore/Page_HealthPost Store/input_txttreat'

2018-06-09 21:58:42 - [TEST_STEP][PASSED] - click: Object: 'Object Repository/HealthpostToStore/Page_HealthPost Store/button_Add' is clicked on

2018-06-09 21:58:42 - [MESSAGE][PASSED] - Object: 'Object Repository/HealthpostToStore/Page_HealthPost Store/button_Add' is clicked on

2018-06-09 21:58:42 - [TEST_STEP][PASSED] - selectOptionByIndex: All options with index in [7] are selected on object 'Object Repository/HealthpostToStore/Page_HealthPost Store/select_--Select--Schedule 1Inj'

2018-06-09 21:58:42 - [MESSAGE][PASSED] - All options with index in [7] are selected on object 'Object Repository/HealthpostToStore/Page_HealthPost Store/select_--Select--Schedule 1Inj'

2018-06-09 21:58:42 - [TEST_STEP][PASSED] - delay: Delayed 1 second(s)

2018-06-09 21:58:43 - [MESSAGE][PASSED] - Delayed 1 second(s)

2018-06-09 21:58:43 - [TEST_STEP][PASSED] - selectOptionByIndex: All options with index in [11] are selected on object 'Object Repository/HealthpostToStore/Page_HealthPost Store/select_--Select--Adernaline 0.'

2018-06-09 21:58:44 - [MESSAGE][PASSED] - All options with index in [11] are selected on object 'Object Repository/HealthpostToStore/Page_HealthPost Store/select_--Select--Adernaline 0.'

2018-06-09 21:58:44 - [TEST_STEP][PASSED] - setText: Text '10' is set on object 'Object Repository/HealthpostToStore/Page_HealthPost Store/input_txttreat'

2018-06-09 21:58:44 - [MESSAGE][PASSED] - Text '10' is set on object 'Object Repository/HealthpostToStore/Page_HealthPost Store/input_txttreat'

2018-06-09 21:58:44 - [TEST_STEP][PASSED] - click: Object: 'Object Repository/HealthpostToStore/Page_HealthPost Store/button_Add' is clicked on

2018-06-09 21:58:44 - [MESSAGE][PASSED] - Object: 'Object Repository/HealthpostToStore/Page_HealthPost Store/button_Add' is clicked on

2018-06-09 21:58:44 - [TEST_STEP][PASSED] - selectOptionByIndex: All options with index in [7] are selected on object 'Object Repository/HealthpostToStore/Page_HealthPost Store/select_--Select--Schedule 1Inj'

2018-06-09 21:58:44 - [MESSAGE][PASSED] - All options with index in [7] are selected on object 'Object Repository/HealthpostToStore/Page_HealthPost Store/select_--Select--Schedule 1Inj'

2018-06-09 21:58:44 - [TEST_STEP][PASSED] - delay: Delayed 1 second(s)

2018-06-09 21:58:45 - [MESSAGE][PASSED] - Delayed 1 second(s)

2018-06-09 21:58:45 - [TEST_STEP][PASSED] - selectOptionByIndex: All options with index in [12] are selected on object 'Object Repository/HealthpostToStore/Page_HealthPost Store/select_--Select--Adernaline 0.'

2018-06-09 21:58:45 - [MESSAGE][PASSED] - All options with index in [12] are selected on object 'Object Repository/HealthpostToStore/Page_HealthPost Store/select_--Select--Adernaline 0.'

2018-06-09 21:58:45 - [TEST_STEP][PASSED] - setText: Text '10' is set on object 'Object Repository/HealthpostToStore/Page_HealthPost Store/input_txttreat'

2018-06-09 21:58:45 - [MESSAGE][PASSED] - Text '10' is set on object 'Object Repository/HealthpostToStore/Page_HealthPost Store/input_txttreat'

2018-06-09 21:58:45 - [TEST_STEP][PASSED] - click: Object: 'Object Repository/HealthpostToStore/Page_HealthPost Store/button_Add' is clicked on

2018-06-09 21:58:45 - [MESSAGE][PASSED] - Object: 'Object Repository/HealthpostToStore/Page_HealthPost Store/button_Add' is clicked on

2018-06-09 21:58:45 - [TEST_STEP][PASSED] - selectOptionByIndex: All options with index in [7] are selected on object 'Object Repository/HealthpostToStore/Page_HealthPost Store/select_--Select--Schedule 1Inj'

2018-06-09 21:58:45 - [MESSAGE][PASSED] - All options with index in [7] are selected on object 'Object Repository/HealthpostToStore/Page_HealthPost Store/select_--Select--Schedule 1Inj'

2018-06-09 21:58:45 - [TEST_STEP][PASSED] - delay: Delayed 1 second(s)

2018-06-09 21:58:46 - [MESSAGE][PASSED] - Delayed 1 second(s)

2018-06-09 21:58:46 - [TEST_STEP][PASSED] - selectOptionByIndex: All options with index in [13] are selected on object 'Object Repository/HealthpostToStore/Page_HealthPost Store/select_--Select--Adernaline 0.'

2018-06-09 21:58:47 - [MESSAGE][PASSED] - All options with index in [13] are selected on object 'Object Repository/HealthpostToStore/Page_HealthPost Store/select_--Select--Adernaline 0.'

2018-06-09 21:58:47 - [TEST_STEP][PASSED] - setText: Text '10' is set on object 'Object Repository/HealthpostToStore/Page_HealthPost Store/input_txttreat'

2018-06-09 21:58:47 - [MESSAGE][PASSED] - Text '10' is set on object 'Object Repository/HealthpostToStore/Page_HealthPost Store/input_txttreat'

2018-06-09 21:58:47 - [TEST_STEP][PASSED] - click: Object: 'Object Repository/HealthpostToStore/Page_HealthPost Store/button_Add' is clicked on

2018-06-09 21:58:47 - [MESSAGE][PASSED] - Object: 'Object Repository/HealthpostToStore/Page_HealthPost Store/button_Add' is clicked on

2018-06-09 21:58:47 - [TEST_STEP][PASSED] - selectOptionByIndex: All options with index in [7] are selected on object 'Object Repository/HealthpostToStore/Page_HealthPost Store/select_--Select--Schedule 1Inj'

2018-06-09 21:58:47 - [MESSAGE][PASSED] - All options with index in [7] are selected on object 'Object Repository/HealthpostToStore/Page_HealthPost Store/select_--Select--Schedule 1Inj'

2018-06-09 21:58:47 - [TEST_STEP][PASSED] - delay: Delayed 1 second(s)

2018-06-09 21:58:48 - [MESSAGE][PASSED] - Delayed 1 second(s)

2018-06-09 21:58:48 - [TEST_STEP][PASSED] - selectOptionByIndex: All options with index in [14] are selected on object 'Object Repository/HealthpostToStore/Page_HealthPost Store/select_--Select--Adernaline 0.'

2018-06-09 21:58:48 - [MESSAGE][PASSED] - All options with index in [14] are selected on object 'Object Repository/HealthpostToStore/Page_HealthPost Store/select_--Select--Adernaline 0.'

2018-06-09 21:58:48 - [TEST_STEP][PASSED] - setText: Text '10' is set on object 'Object Repository/HealthpostToStore/Page_HealthPost Store/input_txttreat'

2018-06-09 21:58:48 - [MESSAGE][PASSED] - Text '10' is set on object 'Object Repository/HealthpostToStore/Page_HealthPost Store/input_txttreat'

2018-06-09 21:58:48 - [TEST_STEP][PASSED] - click: Object: 'Object Repository/HealthpostToStore/Page_HealthPost Store/button_Add' is clicked on

2018-06-09 21:58:48 - [MESSAGE][PASSED] - Object: 'Object Repository/HealthpostToStore/Page_HealthPost Store/button_Add' is clicked on

2018-06-09 21:58:48 - [TEST_STEP][PASSED] - selectOptionByIndex: All options with index in [7] are selected on object 'Object Repository/HealthpostToStore/Page_HealthPost Store/select_--Select--Schedule 1Inj'

2018-06-09 21:58:49 - [MESSAGE][PASSED] - All options with index in [7] are selected on object 'Object Repository/HealthpostToStore/Page_HealthPost Store/select_--Select--Schedule 1Inj'

2018-06-09 21:58:49 - [TEST_STEP][PASSED] - delay: Delayed 1 second(s)

2018-06-09 21:58:50 - [MESSAGE][PASSED] - Delayed 1 second(s)

2018-06-09 21:58:50 - [TEST_STEP][PASSED] - selectOptionByIndex: All options with index in [15] are selected on object 'Object Repository/HealthpostToStore/Page_HealthPost Store/select_--Select--Adernaline 0.'

2018-06-09 21:58:50 - [MESSAGE][PASSED] - All options with index in [15] are selected on object 'Object Repository/HealthpostToStore/Page_HealthPost Store/select_--Select--Adernaline 0.'

2018-06-09 21:58:50 - [TEST_STEP][PASSED] - setText: Text '10' is set on object 'Object Repository/HealthpostToStore/Page_HealthPost Store/input_txttreat'

2018-06-09 21:58:50 - [MESSAGE][PASSED] - Text '10' is set on object 'Object Repository/HealthpostToStore/Page_HealthPost Store/input_txttreat'

2018-06-09 21:58:50 - [TEST_STEP][PASSED] - click: Object: 'Object Repository/HealthpostToStore/Page_HealthPost Store/button_Add' is clicked on

2018-06-09 21:58:50 - [MESSAGE][PASSED] - Object: 'Object Repository/HealthpostToStore/Page_HealthPost Store/button_Add' is clicked on

2018-06-09 21:58:50 - [TEST_STEP][PASSED] - selectOptionByIndex: All options with index in [7] are selected on object 'Object Repository/HealthpostToStore/Page_HealthPost Store/select_--Select--Schedule 1Inj'

2018-06-09 21:58:50 - [MESSAGE][PASSED] - All options with index in [7] are selected on object 'Object Repository/HealthpostToStore/Page_HealthPost Store/select_--Select--Schedule 1Inj'

2018-06-09 21:58:50 - [TEST_STEP][PASSED] - delay: Delayed 1 second(s)

2018-06-09 21:58:51 - [MESSAGE][PASSED] - Delayed 1 second(s)

2018-06-09 21:58:51 - [TEST_STEP][PASSED] - selectOptionByIndex: All options with index in [16] are selected on object 'Object Repository/HealthpostToStore/Page_HealthPost Store/select_--Select--Adernaline 0.'

2018-06-09 21:58:51 - [MESSAGE][PASSED] - All options with index in [16] are selected on object 'Object Repository/HealthpostToStore/Page_HealthPost Store/select_--Select--Adernaline 0.'

2018-06-09 21:58:51 - [TEST_STEP][PASSED] - setText: Text '10' is set on object 'Object Repository/HealthpostToStore/Page_HealthPost Store/input_txttreat'

2018-06-09 21:58:52 - [MESSAGE][PASSED] - Text '10' is set on object 'Object Repository/HealthpostToStore/Page_HealthPost Store/input_txttreat'

2018-06-09 21:58:52 - [TEST_STEP][PASSED] - click: Object: 'Object Repository/HealthpostToStore/Page_HealthPost Store/button_Add' is clicked on

2018-06-09 21:58:52 - [MESSAGE][PASSED] - Object: 'Object Repository/HealthpostToStore/Page_HealthPost Store/button_Add' is clicked on

2018-06-09 21:58:52 - [TEST_STEP][PASSED] - selectOptionByIndex: All options with index in [7] are selected on object 'Object Repository/HealthpostToStore/Page_HealthPost Store/select_--Select--Schedule 1Inj'

2018-06-09 21:58:52 - [MESSAGE][PASSED] - All options with index in [7] are selected on object 'Object Repository/HealthpostToStore/Page_HealthPost Store/select_--Select--Schedule 1Inj'

2018-06-09 21:58:52 - [TEST_STEP][PASSED] - delay: Delayed 1 second(s)

2018-06-09 21:58:53 - [MESSAGE][PASSED] - Delayed 1 second(s)

2018-06-09 21:58:53 - [TEST_STEP][PASSED] - selectOptionByIndex: All options with index in [17] are selected on object 'Object Repository/HealthpostToStore/Page_HealthPost Store/select_--Select--Adernaline 0.'

2018-06-09 21:58:53 - [MESSAGE][PASSED] - All options with index in [17] are selected on object 'Object Repository/HealthpostToStore/Page_HealthPost Store/select_--Select--Adernaline 0.'

2018-06-09 21:58:53 - [TEST_STEP][PASSED] - setText: Text '10' is set on object 'Object Repository/HealthpostToStore/Page_HealthPost Store/input_txttreat'

2018-06-09 21:58:53 - [MESSAGE][PASSED] - Text '10' is set on object 'Object Repository/HealthpostToStore/Page_HealthPost Store/input_txttreat'

2018-06-09 21:58:53 - [TEST_STEP][PASSED] - click: Object: 'Object Repository/HealthpostToStore/Page_HealthPost Store/button_Add' is clicked on

2018-06-09 21:58:53 - [MESSAGE][PASSED] - Object: 'Object Repository/HealthpostToStore/Page_HealthPost Store/button_Add' is clicked on

2018-06-09 21:58:53 - [TEST_STEP][PASSED] - selectOptionByIndex: All options with index in [7] are selected on object 'Object Repository/HealthpostToStore/Page_HealthPost Store/select_--Select--Schedule 1Inj'

2018-06-09 21:58:54 - [MESSAGE][PASSED] - All options with index in [7] are selected on object 'Object Repository/HealthpostToStore/Page_HealthPost Store/select_--Select--Schedule 1Inj'

2018-06-09 21:58:54 - [TEST_STEP][PASSED] - delay: Delayed 1 second(s)

2018-06-09 21:58:55 - [MESSAGE][PASSED] - Delayed 1 second(s)

2018-06-09 21:58:55 - [TEST_STEP][PASSED] - selectOptionByIndex: All options with index in [18] are selected on object 'Object Repository/HealthpostToStore/Page_HealthPost Store/select_--Select--Adernaline 0.'

2018-06-09 21:58:55 - [MESSAGE][PASSED] - All options with index in [18] are selected on object 'Object Repository/HealthpostToStore/Page_HealthPost Store/select_--Select--Adernaline 0.'

2018-06-09 21:58:55 - [TEST_STEP][PASSED] - setText: Text '10' is set on object 'Object Repository/HealthpostToStore/Page_HealthPost Store/input_txttreat'

2018-06-09 21:58:55 - [MESSAGE][PASSED] - Text '10' is set on object 'Object Repository/HealthpostToStore/Page_HealthPost Store/input_txttreat'

2018-06-09 21:58:55 - [TEST_STEP][PASSED] - click: Object: 'Object Repository/HealthpostToStore/Page_HealthPost Store/button_Add' is clicked on

2018-06-09 21:58:55 - [MESSAGE][PASSED] - Object: 'Object Repository/HealthpostToStore/Page_HealthPost Store/button_Add' is clicked on

2018-06-09 21:58:55 - [TEST_STEP][PASSED] - selectOptionByIndex: All options with index in [7] are selected on object 'Object Repository/HealthpostToStore/Page_HealthPost Store/select_--Select--Schedule 1Inj'

2018-06-09 21:58:55 - [MESSAGE][PASSED] - All options with index in [7] are selected on object 'Object Repository/HealthpostToStore/Page_HealthPost Store/select_--Select--Schedule 1Inj'

2018-06-09 21:58:55 - [TEST_STEP][PASSED] - delay: Delayed 1 second(s)

2018-06-09 21:58:56 - [MESSAGE][PASSED] - Delayed 1 second(s)

2018-06-09 21:58:56 - [TEST_STEP][PASSED] - selectOptionByIndex: All options with index in [19] are selected on object 'Object Repository/HealthpostToStore/Page_HealthPost Store/select_--Select--Adernaline 0.'

2018-06-09 21:58:56 - [MESSAGE][PASSED] - All options with index in [19] are selected on object 'Object Repository/HealthpostToStore/Page_HealthPost Store/select_--Select--Adernaline 0.'

2018-06-09 21:58:56 - [TEST_STEP][PASSED] - setText: Text '10' is set on object 'Object Repository/HealthpostToStore/Page_HealthPost Store/input_txttreat'

2018-06-09 21:58:57 - [MESSAGE][PASSED] - Text '10' is set on object 'Object Repository/HealthpostToStore/Page_HealthPost Store/input_txttreat'

2018-06-09 21:58:57 - [TEST_STEP][PASSED] - click: Object: 'Object Repository/HealthpostToStore/Page_HealthPost Store/button_Add' is clicked on

2018-06-09 21:58:57 - [MESSAGE][PASSED] - Object: 'Object Repository/HealthpostToStore/Page_HealthPost Store/button_Add' is clicked on

2018-06-09 21:58:57 - [TEST_STEP][PASSED] - selectOptionByIndex: All options with index in [7] are selected on object 'Object Repository/HealthpostToStore/Page_HealthPost Store/select_--Select--Schedule 1Inj'

2018-06-09 21:58:57 - [MESSAGE][PASSED] - All options with index in [7] are selected on object 'Object Repository/HealthpostToStore/Page_HealthPost Store/select_--Select--Schedule 1Inj'

2018-06-09 21:58:57 - [TEST_STEP][PASSED] - delay: Delayed 1 second(s)

2018-06-09 21:58:58 - [MESSAGE][PASSED] - Delayed 1 second(s)

2018-06-09 21:58:58 - [TEST_STEP][PASSED] - selectOptionByIndex: All options with index in [20] are selected on object 'Object Repository/HealthpostToStore/Page_HealthPost Store/select_--Select--Adernaline 0.'

2018-06-09 21:58:58 - [MESSAGE][PASSED] - All options with index in [20] are selected on object 'Object Repository/HealthpostToStore/Page_HealthPost Store/select_--Select--Adernaline 0.'

2018-06-09 21:58:58 - [TEST_STEP][PASSED] - setText: Text '10' is set on object 'Object Repository/HealthpostToStore/Page_HealthPost Store/input_txttreat'

2018-06-09 21:58:58 - [MESSAGE][PASSED] - Text '10' is set on object 'Object Repository/HealthpostToStore/Page_HealthPost Store/input_txttreat'

2018-06-09 21:58:58 - [TEST_STEP][PASSED] - click: Object: 'Object Repository/HealthpostToStore/Page_HealthPost Store/button_Add' is clicked on

2018-06-09 21:58:58 - [MESSAGE][PASSED] - Object: 'Object Repository/HealthpostToStore/Page_HealthPost Store/button_Add' is clicked on

2018-06-09 21:58:58 - [TEST_STEP][PASSED] - selectOptionByIndex: All options with index in [7] are selected on object 'Object Repository/HealthpostToStore/Page_HealthPost Store/select_--Select--Schedule 1Inj'

2018-06-09 21:58:58 - [MESSAGE][PASSED] - All options with index in [7] are selected on object 'Object Repository/HealthpostToStore/Page_HealthPost Store/select_--Select--Schedule 1Inj'

2018-06-09 21:58:58 - [TEST_STEP][PASSED] - delay: Delayed 1 second(s)

2018-06-09 21:58:59 - [MESSAGE][PASSED] - Delayed 1 second(s)

2018-06-09 21:58:59 - [TEST_STEP][PASSED] - selectOptionByIndex: All options with index in [21] are selected on object 'Object Repository/HealthpostToStore/Page_HealthPost Store/select_--Select--Adernaline 0.'

2018-06-09 21:59:00 - [MESSAGE][PASSED] - All options with index in [21] are selected on object 'Object Repository/HealthpostToStore/Page_HealthPost Store/select_--Select--Adernaline 0.'

2018-06-09 21:59:00 - [TEST_STEP][PASSED] - setText: Text '10' is set on object 'Object Repository/HealthpostToStore/Page_HealthPost Store/input_txttreat'

2018-06-09 21:59:00 - [MESSAGE][PASSED] - Text '10' is set on object 'Object Repository/HealthpostToStore/Page_HealthPost Store/input_txttreat'

2018-06-09 21:59:00 - [TEST_STEP][PASSED] - click: Object: 'Object Repository/HealthpostToStore/Page_HealthPost Store/button_Add' is clicked on

2018-06-09 21:59:00 - [MESSAGE][PASSED] - Object: 'Object Repository/HealthpostToStore/Page_HealthPost Store/button_Add' is clicked on

2018-06-09 21:59:00 - [TEST_STEP][PASSED] - selectOptionByIndex: All options with index in [7] are selected on object 'Object Repository/HealthpostToStore/Page_HealthPost Store/select_--Select--Schedule 1Inj'

2018-06-09 21:59:00 - [MESSAGE][PASSED] - All options with index in [7] are selected on object 'Object Repository/HealthpostToStore/Page_HealthPost Store/select_--Select--Schedule 1Inj'

2018-06-09 21:59:00 - [TEST_STEP][PASSED] - delay: Delayed 1 second(s)

2018-06-09 21:59:01 - [MESSAGE][PASSED] - Delayed 1 second(s)

2018-06-09 21:59:01 - [TEST_STEP][PASSED] - selectOptionByIndex: All options with index in [22] are selected on object 'Object Repository/HealthpostToStore/Page_HealthPost Store/select_--Select--Adernaline 0.'

2018-06-09 21:59:01 - [MESSAGE][PASSED] - All options with index in [22] are selected on object 'Object Repository/HealthpostToStore/Page_HealthPost Store/select_--Select--Adernaline 0.'

2018-06-09 21:59:01 - [TEST_STEP][PASSED] - setText: Text '10' is set on object 'Object Repository/HealthpostToStore/Page_HealthPost Store/input_txttreat'

2018-06-09 21:59:02 - [MESSAGE][PASSED] - Text '10' is set on object 'Object Repository/HealthpostToStore/Page_HealthPost Store/input_txttreat'

2018-06-09 21:59:02 - [TEST_STEP][PASSED] - click: Object: 'Object Repository/HealthpostToStore/Page_HealthPost Store/button_Add' is clicked on

2018-06-09 21:59:02 - [MESSAGE][PASSED] - Object: 'Object Repository/HealthpostToStore/Page_HealthPost Store/button_Add' is clicked on

2018-06-09 21:59:02 - [TEST_STEP][PASSED] - selectOptionByIndex: All options with index in [7] are selected on object 'Object Repository/HealthpostToStore/Page_HealthPost Store/select_--Select--Schedule 1Inj'

2018-06-09 21:59:02 - [MESSAGE][PASSED] - All options with index in [7] are selected on object 'Object Repository/HealthpostToStore/Page_HealthPost Store/select_--Select--Schedule 1Inj'

2018-06-09 21:59:02 - [TEST_STEP][PASSED] - delay: Delayed 1 second(s)

2018-06-09 21:59:03 - [MESSAGE][PASSED] - Delayed 1 second(s)

2018-06-09 21:59:03 - [TEST_STEP][PASSED] - selectOptionByIndex: All options with index in [23] are selected on object 'Object Repository/HealthpostToStore/Page_HealthPost Store/select_--Select--Adernaline 0.'

2018-06-09 21:59:03 - [MESSAGE][PASSED] - All options with index in [23] are selected on object 'Object Repository/HealthpostToStore/Page_HealthPost Store/select_--Select--Adernaline 0.'

2018-06-09 21:59:03 - [TEST_STEP][PASSED] - setText: Text '10' is set on object 'Object Repository/HealthpostToStore/Page_HealthPost Store/input_txttreat'

2018-06-09 21:59:03 - [MESSAGE][PASSED] - Text '10' is set on object 'Object Repository/HealthpostToStore/Page_HealthPost Store/input_txttreat'

2018-06-09 21:59:03 - [TEST_STEP][PASSED] - click: Object: 'Object Repository/HealthpostToStore/Page_HealthPost Store/button_Add' is clicked on

2018-06-09 21:59:03 - [MESSAGE][PASSED] - Object: 'Object Repository/HealthpostToStore/Page_HealthPost Store/button_Add' is clicked on

2018-06-09 21:59:03 - [TEST_STEP][PASSED] - scrollToElement: Scroll to object 'Object Repository/HealthpostToStore/Page_HealthPost Store/input_btnsave' successfully

2018-06-09 21:59:03 - [MESSAGE][PASSED] - Scroll to object 'Object Repository/HealthpostToStore/Page_HealthPost Store/input_btnsave' successfully

2018-06-09 21:59:03 - [TEST_STEP][PASSED] - click: Object: 'Object Repository/HealthpostToStore/Page_HealthPost Store/input_btnsave' is clicked on

2018-06-09 21:59:03 - [MESSAGE][PASSED] - Object: 'Object Repository/HealthpostToStore/Page_HealthPost Store/input_btnsave' is clicked on

2018-06-09 21:59:03 - [TEST_STEP][PASSED] - delay: Delayed 3 second(s)

2018-06-09 21:59:06 - [MESSAGE][PASSED] - Delayed 3 second(s)

2018-06-09 21:59:06 - [TEST_STEP][PASSED] - Statement - RN1 = com.kms.katalon.core.webui.keyword.WebUiBuiltInKeywords.getText(com.kms.katalon.core.testobject.ObjectRepository.findTestObject(HealthpostToStore/Page_HealthPost Store/font_HPRNO180520187)): Text of object 'Object Repository/HealthpostToStore/Page_HealthPost Store/font_HPRNO180520187' is: 'HPRNO/09062018/226'

2018-06-09 21:59:06 - [MESSAGE][PASSED] - Text of object 'Object Repository/HealthpostToStore/Page_HealthPost Store/font_HPRNO180520187' is: 'HPRNO/09062018/226'

2018-06-09 21:59:06 - [TEST_STEP][PASSED] - Statement - out.println(RN1): null

2018-06-09 21:59:06 - [TEST_STEP][PASSED] - Statement - RID = RN1.split("/")[2]: null

2018-06-09 21:59:06 - [TEST_STEP][PASSED] - click: Object: 'Object Repository/HealthpostToStore/Page_HealthPost Store/button_OK' is clicked on

2018-06-09 21:59:07 - [MESSAGE][PASSED] - Object: 'Object Repository/HealthpostToStore/Page_HealthPost Store/button_OK' is clicked on

2018-06-09 21:59:07 - [TEST_STEP][PASSED] - delay: Delayed 3 second(s)

2018-06-09 21:59:10 - [MESSAGE][PASSED] - Delayed 3 second(s)

2018-06-09 21:59:10 - [TEST_STEP][PASSED] - click: Object: 'Object Repository/HealthpostToStore/Page_HealthPost Store/a_dropdown-toggle' is clicked on

2018-06-09 21:59:10 - [MESSAGE][PASSED] - Object: 'Object Repository/HealthpostToStore/Page_HealthPost Store/a_dropdown-toggle' is clicked on

2018-06-09 21:59:10 - [TEST_STEP][PASSED] - click: Object: 'Object Repository/HealthpostToStore/Page_HealthPost Store/a_Sign out' is clicked on

2018-06-09 21:59:11 - [MESSAGE][PASSED] - Object: 'Object Repository/HealthpostToStore/Page_HealthPost Store/a_Sign out' is clicked on

2018-06-09 21:59:11 - [TEST_STEP][PASSED] - delay: Delayed 3 second(s)

2018-06-09 21:59:14 - [MESSAGE][PASSED] - Delayed 3 second(s)

2018-06-09 21:59:14 - [TEST_STEP][PASSED] - navigateToUrl: Navigate to 'http://192.168.137.1/multihospital_new/' successfully

2018-06-09 21:59:14 - [MESSAGE][PASSED] - Navigate to 'http://192.168.137.1/multihospital_new/' successfully

2018-06-09 21:59:14 - [TEST_STEP][PASSED] - click: Object: 'Object Repository/HealthpostToStore/Page_KDMC/a_CMO' is clicked on

2018-06-09 21:59:15 - [MESSAGE][PASSED] - Object: 'Object Repository/HealthpostToStore/Page_KDMC/a_CMO' is clicked on

2018-06-09 21:59:15 - [TEST_STEP][PASSED] - setText: Text 'guru' is set on object 'Object Repository/HealthpostToStore/Page_CMO login/input_txtusername'

2018-06-09 21:59:15 - [MESSAGE][PASSED] - Text 'guru' is set on object 'Object Repository/HealthpostToStore/Page_CMO login/input_txtusername'

2018-06-09 21:59:15 - [TEST_STEP][PASSED] - setText: Text '123' is set on object 'Object Repository/HealthpostToStore/Page_CMO login/input_txtpassword'

2018-06-09 21:59:15 - [MESSAGE][PASSED] - Text '123' is set on object 'Object Repository/HealthpostToStore/Page_CMO login/input_txtpassword'

2018-06-09 21:59:15 - [TEST_STEP][PASSED] - delay: Delayed 3 second(s)

2018-06-09 21:59:18 - [MESSAGE][PASSED] - Delayed 3 second(s)

2018-06-09 21:59:18 - [TEST_STEP][PASSED] - click: Object: 'Object Repository/HealthpostToStore/Page_CMO login/button_Sign in' is clicked on

2018-06-09 21:59:19 - [MESSAGE][PASSED] - Object: 'Object Repository/HealthpostToStore/Page_CMO login/button_Sign in' is clicked on

2018-06-09 21:59:19 - [TEST_STEP][PASSED] - click: Object: 'Object Repository/HealthpostToStore/Page_KDMC - CMO/a_Department Wise Request' is clicked on

2018-06-09 21:59:21 - [MESSAGE][PASSED] - Object: 'Object Repository/HealthpostToStore/Page_KDMC - CMO/a_Department Wise Request' is clicked on

2018-06-09 21:59:21 - [TEST_STEP][PASSED] - delay: Delayed 2 second(s)

2018-06-09 21:59:23 - [MESSAGE][PASSED] - Delayed 2 second(s)

2018-06-09 21:59:23 - [TEST_STEP][PASSED] - selectOptionByIndex: All options with index in [5] are selected on object 'Object Repository/HealthpostToStore/Page_KDMC - CMO/select_--ALL--'

2018-06-09 21:59:23 - [MESSAGE][PASSED] - All options with index in [5] are selected on object 'Object Repository/HealthpostToStore/Page_KDMC - CMO/select_--ALL--'

2018-06-09 21:59:23 - [TEST_STEP][PASSED] - click: Object: 'Object Repository/HealthpostToStore/Page_KDMC - CMO/input_btnsearch' is clicked on

2018-06-09 21:59:23 - [MESSAGE][PASSED] - Object: 'Object Repository/HealthpostToStore/Page_KDMC - CMO/input_btnsearch' is clicked on

2018-06-09 21:59:23 - [TEST_STEP][PASSED] - selectOptionByIndex: All options with index in [1] are selected on object 'Object Repository/HealthpostToStore/Page_KDMC - CMO/select_--ALL--                _1'

2018-06-09 21:59:23 - [MESSAGE][PASSED] - All options with index in [1] are selected on object 'Object Repository/HealthpostToStore/Page_KDMC - CMO/select_--ALL--                _1'

2018-06-09 21:59:23 - [TEST_STEP][PASSED] - click: Object: 'Object Repository/HealthpostToStore/Page_KDMC - CMO/input_btnsearch' is clicked on

2018-06-09 21:59:23 - [MESSAGE][PASSED] - Object: 'Object Repository/HealthpostToStore/Page_KDMC - CMO/input_btnsearch' is clicked on

2018-06-09 21:59:23 - [TEST_STEP][PASSED] - Statement - ID = com.kms.katalon.core.webui.keyword.WebUiBuiltInKeywords.modifyObjectProperty(com.kms.katalon.core.testobject.ObjectRepository.findTestObject(lab/Page_KDMC - CMO/input_1), "xpath", "equals", "//*[@id=" + RID + "]", true): Modify property of object successfully

2018-06-09 21:59:23 - [MESSAGE][PASSED] - Modify property of object successfully

2018-06-09 21:59:23 - [TEST_STEP][PASSED] - click: Object: 'Object Repository/lab/Page_KDMC - CMO/input_1' is clicked on

2018-06-09 21:59:24 - [MESSAGE][PASSED] - Object: 'Object Repository/lab/Page_KDMC - CMO/input_1' is clicked on

2018-06-09 21:59:24 - [TEST_STEP][PASSED] - delay: Delayed 2 second(s)

2018-06-09 21:59:26 - [MESSAGE][PASSED] - Delayed 2 second(s)

2018-06-09 21:59:26 - [TEST_STEP][PASSED] - selectOptionByIndex: All options with index in [1] are selected on object 'Object Repository/HealthpostToStore/Page_KDMC - CMO/select_--Select--'

2018-06-09 21:59:26 - [MESSAGE][PASSED] - All options with index in [1] are selected on object 'Object Repository/HealthpostToStore/Page_KDMC - CMO/select_--Select--'

2018-06-09 21:59:26 - [TEST_STEP][PASSED] - click: Object: 'Object Repository/HealthpostToStore/Page_KDMC - CMO/input_btnupdate' is clicked on

2018-06-09 21:59:26 - [MESSAGE][PASSED] - Object: 'Object Repository/HealthpostToStore/Page_KDMC - CMO/input_btnupdate' is clicked on

2018-06-09 21:59:26 - [TEST_STEP][PASSED] - delay: Delayed 2 second(s)

2018-06-09 21:59:28 - [MESSAGE][PASSED] - Delayed 2 second(s)

2018-06-09 21:59:28 - [TEST_STEP][PASSED] - click: Object: 'Object Repository/HealthpostToStore/Page_KDMC - CMO/button_OK' is clicked on

2018-06-09 21:59:29 - [MESSAGE][PASSED] - Object: 'Object Repository/HealthpostToStore/Page_KDMC - CMO/button_OK' is clicked on

2018-06-09 21:59:29 - [TEST_STEP][PASSED] - delay: Delayed 2 second(s)

2018-06-09 21:59:31 - [MESSAGE][PASSED] - Delayed 2 second(s)

2018-06-09 21:59:31 - [TEST_STEP][PASSED] - click: Object: 'Object Repository/HealthpostToStore/Page_KDMC - CMO/a_dropdown-toggle' is clicked on

2018-06-09 21:59:31 - [MESSAGE][PASSED] - Object: 'Object Repository/HealthpostToStore/Page_KDMC - CMO/a_dropdown-toggle' is clicked on

2018-06-09 21:59:31 - [TEST_STEP][PASSED] - click: Object: 'Object Repository/HealthpostToStore/Page_KDMC - CMO/a_Sign out' is clicked on

2018-06-09 21:59:31 - [MESSAGE][PASSED] - Object: 'Object Repository/HealthpostToStore/Page_KDMC - CMO/a_Sign out' is clicked on

2018-06-09 21:59:31 - [TEST_STEP][PASSED] - delay: Delayed 3 second(s)

2018-06-09 21:59:34 - [MESSAGE][PASSED] - Delayed 3 second(s)

2018-06-09 21:59:34 - [TEST_STEP][PASSED] - click: Object: 'Object Repository/HealthpostToStore/Page_KDMC/a_Divisional Store' is clicked on

2018-06-09 21:59:35 - [MESSAGE][PASSED] - Object: 'Object Repository/HealthpostToStore/Page_KDMC/a_Divisional Store' is clicked on

2018-06-09 21:59:35 - [TEST_STEP][PASSED] - setText: Text 'ragu' is set on object 'Object Repository/HealthpostToStore/Page_Divisonal Store Login/input_txtusername'

2018-06-09 21:59:35 - [MESSAGE][PASSED] - Text 'ragu' is set on object 'Object Repository/HealthpostToStore/Page_Divisonal Store Login/input_txtusername'

2018-06-09 21:59:35 - [TEST_STEP][PASSED] - setText: Text '123' is set on object 'Object Repository/HealthpostToStore/Page_Divisonal Store Login/input_txtpassword'

2018-06-09 21:59:35 - [MESSAGE][PASSED] - Text '123' is set on object 'Object Repository/HealthpostToStore/Page_Divisonal Store Login/input_txtpassword'

2018-06-09 21:59:35 - [TEST_STEP][PASSED] - delay: Delayed 3 second(s)

2018-06-09 21:59:38 - [MESSAGE][PASSED] - Delayed 3 second(s)

2018-06-09 21:59:38 - [TEST_STEP][PASSED] - click: Object: 'Object Repository/HealthpostToStore/Page_Divisonal Store Login/button_Sign in' is clicked on

2018-06-09 21:59:40 - [MESSAGE][PASSED] - Object: 'Object Repository/HealthpostToStore/Page_Divisonal Store Login/button_Sign in' is clicked on

2018-06-09 21:59:40 - [TEST_STEP][PASSED] - delay: Delayed 3 second(s)

2018-06-09 21:59:43 - [MESSAGE][PASSED] - Delayed 3 second(s)

2018-06-09 21:59:43 - [TEST_STEP][PASSED] - click: Object: 'Object Repository/HealthpostToStore/Page_Store/a_Health Post Request' is clicked on

2018-06-09 21:59:43 - [MESSAGE][PASSED] - Object: 'Object Repository/HealthpostToStore/Page_Store/a_Health Post Request' is clicked on

2018-06-09 21:59:43 - [TEST_STEP][PASSED] - click: Object: 'Object Repository/HealthpostToStore/Page_Store/a_Request Item HealthPost' is clicked on

2018-06-09 21:59:44 - [MESSAGE][PASSED] - Object: 'Object Repository/HealthpostToStore/Page_Store/a_Request Item HealthPost' is clicked on

2018-06-09 21:59:44 - [TEST_STEP][PASSED] - Statement - ChooseRequest = com.kms.katalon.core.webui.keyword.WebUiBuiltInKeywords.modifyObjectProperty(com.kms.katalon.core.testobject.ObjectRepository.findTestObject(lab/Page_Store/input_1), "xpath", "equals", "//*[@id=" + RID + "]", true): Modify property of object successfully

2018-06-09 21:59:44 - [MESSAGE][PASSED] - Modify property of object successfully

2018-06-09 21:59:44 - [TEST_STEP][PASSED] - click: Object: 'Object Repository/lab/Page_Store/input_1' is clicked on

2018-06-09 21:59:45 - [MESSAGE][PASSED] - Object: 'Object Repository/lab/Page_Store/input_1' is clicked on

2018-06-09 21:59:45 - [TEST_STEP][PASSED] - Statement - selectedoptions = com.kms.katalon.core.webui.keyword.WebUiBuiltInKeywords.getNumberOfTotalOption(com.kms.katalon.core.testobject.ObjectRepository.findTestObject(HealthpostToStore/Page_Store/select_--Select--Adernaline 0.)): 24 options of object 'Object Repository/HealthpostToStore/Page_Store/select_--Select--Adernaline 0.' counted

2018-06-09 21:59:45 - [MESSAGE][PASSED] - 24 options of object 'Object Repository/HealthpostToStore/Page_Store/select_--Select--Adernaline 0.' counted

2018-06-09 21:59:45 - [TEST_STEP][PASSED] - Statement - For ([a = 1, a <= selectedoptions - 1, (a++)]): null

2018-06-09 21:59:45 - [TEST_STEP][PASSED] - selectOptionByIndex: All options with index in [1] are selected on object 'Object Repository/HealthpostToStore/Page_Store/select_--Select--Adernaline 0.'

2018-06-09 21:59:45 - [MESSAGE][PASSED] - All options with index in [1] are selected on object 'Object Repository/HealthpostToStore/Page_Store/select_--Select--Adernaline 0.'

2018-06-09 21:59:45 - [TEST_STEP][PASSED] - delay: Delayed 2 second(s)

2018-06-09 21:59:47 - [MESSAGE][PASSED] - Delayed 2 second(s)

2018-06-09 21:59:47 - [TEST_STEP][PASSED] - Statement - RequestedQty = com.kms.katalon.core.webui.keyword.WebUiBuiltInKeywords.getAttribute(com.kms.katalon.core.testobject.ObjectRepository.findTestObject(HealthpostToStore/Page_Store/input_txttotal), "value"): Attribute 'value' of object 'Object Repository/HealthpostToStore/Page_Store/input_txttotal' is: '10'

2018-06-09 21:59:47 - [MESSAGE][PASSED] - Attribute 'value' of object 'Object Repository/HealthpostToStore/Page_Store/input_txttotal' is: '10'

2018-06-09 21:59:47 - [TEST_STEP][PASSED] - Statement - out.println("Requested QTY : " + RequestedQty): null

2018-06-09 21:59:47 - [TEST_STEP][PASSED] - Statement - BatchNumber = com.kms.katalon.core.webui.keyword.WebUiBuiltInKeywords.getNumberOfTotalOption(com.kms.katalon.core.testobject.ObjectRepository.findTestObject(HealthpostToStore/Page_Store/select_--Select--BA1170BA2376B)): 3 options of object 'Object Repository/HealthpostToStore/Page_Store/select_--Select--BA1170BA2376B' counted

2018-06-09 21:59:47 - [MESSAGE][PASSED] - 3 options of object 'Object Repository/HealthpostToStore/Page_Store/select_--Select--BA1170BA2376B' counted

2018-06-09 21:59:47 - [TEST_STEP][PASSED] - Statement - For ([g = 1, g <= BatchNumber - 1, (g++)]): null

2018-06-09 21:59:47 - [TEST_STEP][PASSED] - selectOptionByIndex: All options with index in [1] are selected on object 'Object Repository/HealthpostToStore/Page_Store/select_--Select--BA1170BA2376B'

2018-06-09 21:59:48 - [MESSAGE][PASSED] - All options with index in [1] are selected on object 'Object Repository/HealthpostToStore/Page_Store/select_--Select--BA1170BA2376B'

2018-06-09 21:59:48 - [TEST_STEP][PASSED] - Statement - Try: null

2018-06-09 21:59:48 - [TEST_STEP][PASSED] - Statement - StockQty = com.kms.katalon.core.webui.keyword.WebUiBuiltInKeywords.getAttribute(com.kms.katalon.core.testobject.ObjectRepository.findTestObject(HealthpostToStore/Page_Store/input_txtprice), "value"): Attribute 'value' of object 'Object Repository/HealthpostToStore/Page_Store/input_txtprice' is: '800'

2018-06-09 21:59:48 - [MESSAGE][PASSED] - Attribute 'value' of object 'Object Repository/HealthpostToStore/Page_Store/input_txtprice' is: '800'

2018-06-09 21:59:48 - [TEST_STEP][PASSED] - Statement - out.println("Stock QTY : " + StockQty): null

2018-06-09 21:59:48 - [TEST_STEP][PASSED] - delay: Delayed 2 second(s)

2018-06-09 21:59:50 - [MESSAGE][PASSED] - Delayed 2 second(s)

2018-06-09 21:59:50 - [TEST_STEP][PASSED] - Statement - If (java.lang.String.valueOf(StockQty) >= java.lang.String.valueOf(RequestedQty)): null

2018-06-09 21:59:50 - [TEST_STEP][PASSED] - setText: Text '10' is set on object 'Object Repository/HealthpostToStore/Page_Store/input_txtqty'

2018-06-09 21:59:50 - [MESSAGE][PASSED] - Text '10' is set on object 'Object Repository/HealthpostToStore/Page_Store/input_txtqty'

2018-06-09 21:59:50 - [TEST_STEP][PASSED] - click: Object: 'Object Repository/HealthpostToStore/Page_Store/button_Add' is clicked on

2018-06-09 21:59:50 - [MESSAGE][PASSED] - Object: 'Object Repository/HealthpostToStore/Page_Store/button_Add' is clicked on

2018-06-09 21:59:50 - [TEST_STEP][PASSED] - Statement - Break: null

2018-06-09 21:59:50 - [TEST_STEP][PASSED] - selectOptionByIndex: All options with index in [2] are selected on object 'Object Repository/HealthpostToStore/Page_Store/select_--Select--Adernaline 0.'

2018-06-09 21:59:50 - [MESSAGE][PASSED] - All options with index in [2] are selected on object 'Object Repository/HealthpostToStore/Page_Store/select_--Select--Adernaline 0.'

2018-06-09 21:59:50 - [TEST_STEP][PASSED] - delay: Delayed 2 second(s)

2018-06-09 21:59:52 - [MESSAGE][PASSED] - Delayed 2 second(s)

2018-06-09 21:59:52 - [TEST_STEP][PASSED] - Statement - RequestedQty = com.kms.katalon.core.webui.keyword.WebUiBuiltInKeywords.getAttribute(com.kms.katalon.core.testobject.ObjectRepository.findTestObject(HealthpostToStore/Page_Store/input_txttotal), "value"): Attribute 'value' of object 'Object Repository/HealthpostToStore/Page_Store/input_txttotal' is: '10'

2018-06-09 21:59:52 - [MESSAGE][PASSED] - Attribute 'value' of object 'Object Repository/HealthpostToStore/Page_Store/input_txttotal' is: '10'

2018-06-09 21:59:52 - [TEST_STEP][PASSED] - Statement - out.println("Requested QTY : " + RequestedQty): null

2018-06-09 21:59:52 - [TEST_STEP][PASSED] - Statement - BatchNumber = com.kms.katalon.core.webui.keyword.WebUiBuiltInKeywords.getNumberOfTotalOption(com.kms.katalon.core.testobject.ObjectRepository.findTestObject(HealthpostToStore/Page_Store/select_--Select--BA1170BA2376B)): 5 options of object 'Object Repository/HealthpostToStore/Page_Store/select_--Select--BA1170BA2376B' counted

2018-06-09 21:59:52 - [MESSAGE][PASSED] - 5 options of object 'Object Repository/HealthpostToStore/Page_Store/select_--Select--BA1170BA2376B' counted

2018-06-09 21:59:52 - [TEST_STEP][PASSED] - Statement - For ([g = 1, g <= BatchNumber - 1, (g++)]): null

2018-06-09 21:59:52 - [TEST_STEP][PASSED] - selectOptionByIndex: All options with index in [1] are selected on object 'Object Repository/HealthpostToStore/Page_Store/select_--Select--BA1170BA2376B'

2018-06-09 21:59:52 - [MESSAGE][PASSED] - All options with index in [1] are selected on object 'Object Repository/HealthpostToStore/Page_Store/select_--Select--BA1170BA2376B'

2018-06-09 21:59:52 - [TEST_STEP][PASSED] - Statement - Try: null

2018-06-09 21:59:52 - [TEST_STEP][PASSED] - Statement - StockQty = com.kms.katalon.core.webui.keyword.WebUiBuiltInKeywords.getAttribute(com.kms.katalon.core.testobject.ObjectRepository.findTestObject(HealthpostToStore/Page_Store/input_txtprice), "value"): Attribute 'value' of object 'Object Repository/HealthpostToStore/Page_Store/input_txtprice' is: '390'

2018-06-09 21:59:52 - [MESSAGE][PASSED] - Attribute 'value' of object 'Object Repository/HealthpostToStore/Page_Store/input_txtprice' is: '390'

2018-06-09 21:59:52 - [TEST_STEP][PASSED] - Statement - out.println("Stock QTY : " + StockQty): null

2018-06-09 21:59:52 - [TEST_STEP][PASSED] - delay: Delayed 2 second(s)

2018-06-09 21:59:54 - [MESSAGE][PASSED] - Delayed 2 second(s)

2018-06-09 21:59:54 - [TEST_STEP][PASSED] - Statement - If (java.lang.String.valueOf(StockQty) >= java.lang.String.valueOf(RequestedQty)): null

2018-06-09 21:59:54 - [TEST_STEP][PASSED] - setText: Text '10' is set on object 'Object Repository/HealthpostToStore/Page_Store/input_txtqty'

2018-06-09 21:59:54 - [MESSAGE][PASSED] - Text '10' is set on object 'Object Repository/HealthpostToStore/Page_Store/input_txtqty'

2018-06-09 21:59:54 - [TEST_STEP][PASSED] - click: Object: 'Object Repository/HealthpostToStore/Page_Store/button_Add' is clicked on

2018-06-09 21:59:54 - [MESSAGE][PASSED] - Object: 'Object Repository/HealthpostToStore/Page_Store/button_Add' is clicked on

2018-06-09 21:59:54 - [TEST_STEP][PASSED] - Statement - Break: null

2018-06-09 21:59:54 - [TEST_STEP][PASSED] - selectOptionByIndex: All options with index in [3] are selected on object 'Object Repository/HealthpostToStore/Page_Store/select_--Select--Adernaline 0.'

2018-06-09 21:59:54 - [MESSAGE][PASSED] - All options with index in [3] are selected on object 'Object Repository/HealthpostToStore/Page_Store/select_--Select--Adernaline 0.'

2018-06-09 21:59:54 - [TEST_STEP][PASSED] - delay: Delayed 2 second(s)

2018-06-09 21:59:56 - [MESSAGE][PASSED] - Delayed 2 second(s)

2018-06-09 21:59:56 - [TEST_STEP][PASSED] - Statement - RequestedQty = com.kms.katalon.core.webui.keyword.WebUiBuiltInKeywords.getAttribute(com.kms.katalon.core.testobject.ObjectRepository.findTestObject(HealthpostToStore/Page_Store/input_txttotal), "value"): Attribute 'value' of object 'Object Repository/HealthpostToStore/Page_Store/input_txttotal' is: '10'

2018-06-09 21:59:57 - [MESSAGE][PASSED] - Attribute 'value' of object 'Object Repository/HealthpostToStore/Page_Store/input_txttotal' is: '10'

2018-06-09 21:59:57 - [TEST_STEP][PASSED] - Statement - out.println("Requested QTY : " + RequestedQty): null

2018-06-09 21:59:57 - [TEST_STEP][PASSED] - Statement - BatchNumber = com.kms.katalon.core.webui.keyword.WebUiBuiltInKeywords.getNumberOfTotalOption(com.kms.katalon.core.testobject.ObjectRepository.findTestObject(HealthpostToStore/Page_Store/select_--Select--BA1170BA2376B)): 3 options of object 'Object Repository/HealthpostToStore/Page_Store/select_--Select--BA1170BA2376B' counted

2018-06-09 21:59:57 - [MESSAGE][PASSED] - 3 options of object 'Object Repository/HealthpostToStore/Page_Store/select_--Select--BA1170BA2376B' counted

2018-06-09 21:59:57 - [TEST_STEP][PASSED] - Statement - For ([g = 1, g <= BatchNumber - 1, (g++)]): null

2018-06-09 21:59:57 - [TEST_STEP][PASSED] - selectOptionByIndex: All options with index in [1] are selected on object 'Object Repository/HealthpostToStore/Page_Store/select_--Select--BA1170BA2376B'

2018-06-09 21:59:57 - [MESSAGE][PASSED] - All options with index in [1] are selected on object 'Object Repository/HealthpostToStore/Page_Store/select_--Select--BA1170BA2376B'

2018-06-09 21:59:57 - [TEST_STEP][PASSED] - Statement - Try: null

2018-06-09 21:59:57 - [TEST_STEP][PASSED] - Statement - StockQty = com.kms.katalon.core.webui.keyword.WebUiBuiltInKeywords.getAttribute(com.kms.katalon.core.testobject.ObjectRepository.findTestObject(HealthpostToStore/Page_Store/input_txtprice), "value"): Attribute 'value' of object 'Object Repository/HealthpostToStore/Page_Store/input_txtprice' is: '800'

2018-06-09 21:59:57 - [MESSAGE][PASSED] - Attribute 'value' of object 'Object Repository/HealthpostToStore/Page_Store/input_txtprice' is: '800'

2018-06-09 21:59:57 - [TEST_STEP][PASSED] - Statement - out.println("Stock QTY : " + StockQty): null

2018-06-09 21:59:57 - [TEST_STEP][PASSED] - delay: Delayed 2 second(s)

2018-06-09 21:59:59 - [MESSAGE][PASSED] - Delayed 2 second(s)

2018-06-09 21:59:59 - [TEST_STEP][PASSED] - Statement - If (java.lang.String.valueOf(StockQty) >= java.lang.String.valueOf(RequestedQty)): null

2018-06-09 21:59:59 - [TEST_STEP][PASSED] - setText: Text '10' is set on object 'Object Repository/HealthpostToStore/Page_Store/input_txtqty'

2018-06-09 21:59:59 - [MESSAGE][PASSED] - Text '10' is set on object 'Object Repository/HealthpostToStore/Page_Store/input_txtqty'

2018-06-09 21:59:59 - [TEST_STEP][PASSED] - click: Object: 'Object Repository/HealthpostToStore/Page_Store/button_Add' is clicked on

2018-06-09 21:59:59 - [MESSAGE][PASSED] - Object: 'Object Repository/HealthpostToStore/Page_Store/button_Add' is clicked on

2018-06-09 21:59:59 - [TEST_STEP][PASSED] - Statement - Break: null

2018-06-09 21:59:59 - [TEST_STEP][PASSED] - selectOptionByIndex: All options with index in [4] are selected on object 'Object Repository/HealthpostToStore/Page_Store/select_--Select--Adernaline 0.'

2018-06-09 21:59:59 - [MESSAGE][PASSED] - All options with index in [4] are selected on object 'Object Repository/HealthpostToStore/Page_Store/select_--Select--Adernaline 0.'

2018-06-09 21:59:59 - [TEST_STEP][PASSED] - delay: Delayed 2 second(s)

2018-06-09 22:00:01 - [MESSAGE][PASSED] - Delayed 2 second(s)

2018-06-09 22:00:01 - [TEST_STEP][PASSED] - Statement - RequestedQty = com.kms.katalon.core.webui.keyword.WebUiBuiltInKeywords.getAttribute(com.kms.katalon.core.testobject.ObjectRepository.findTestObject(HealthpostToStore/Page_Store/input_txttotal), "value"): Attribute 'value' of object 'Object Repository/HealthpostToStore/Page_Store/input_txttotal' is: '10'

2018-06-09 22:00:01 - [MESSAGE][PASSED] - Attribute 'value' of object 'Object Repository/HealthpostToStore/Page_Store/input_txttotal' is: '10'

2018-06-09 22:00:01 - [TEST_STEP][PASSED] - Statement - out.println("Requested QTY : " + RequestedQty): null

2018-06-09 22:00:01 - [TEST_STEP][PASSED] - Statement - BatchNumber = com.kms.katalon.core.webui.keyword.WebUiBuiltInKeywords.getNumberOfTotalOption(com.kms.katalon.core.testobject.ObjectRepository.findTestObject(HealthpostToStore/Page_Store/select_--Select--BA1170BA2376B)): 3 options of object 'Object Repository/HealthpostToStore/Page_Store/select_--Select--BA1170BA2376B' counted

2018-06-09 22:00:01 - [MESSAGE][PASSED] - 3 options of object 'Object Repository/HealthpostToStore/Page_Store/select_--Select--BA1170BA2376B' counted

2018-06-09 22:00:01 - [TEST_STEP][PASSED] - Statement - For ([g = 1, g <= BatchNumber - 1, (g++)]): null

2018-06-09 22:00:01 - [TEST_STEP][PASSED] - selectOptionByIndex: All options with index in [1] are selected on object 'Object Repository/HealthpostToStore/Page_Store/select_--Select--BA1170BA2376B'

2018-06-09 22:00:01 - [MESSAGE][PASSED] - All options with index in [1] are selected on object 'Object Repository/HealthpostToStore/Page_Store/select_--Select--BA1170BA2376B'

2018-06-09 22:00:01 - [TEST_STEP][PASSED] - Statement - Try: null

2018-06-09 22:00:01 - [TEST_STEP][PASSED] - Statement - StockQty = com.kms.katalon.core.webui.keyword.WebUiBuiltInKeywords.getAttribute(com.kms.katalon.core.testobject.ObjectRepository.findTestObject(HealthpostToStore/Page_Store/input_txtprice), "value"): Attribute 'value' of object 'Object Repository/HealthpostToStore/Page_Store/input_txtprice' is: '800'

2018-06-09 22:00:01 - [MESSAGE][PASSED] - Attribute 'value' of object 'Object Repository/HealthpostToStore/Page_Store/input_txtprice' is: '800'

2018-06-09 22:00:01 - [TEST_STEP][PASSED] - Statement - out.println("Stock QTY : " + StockQty): null

2018-06-09 22:00:01 - [TEST_STEP][PASSED] - delay: Delayed 2 second(s)

2018-06-09 22:00:03 - [MESSAGE][PASSED] - Delayed 2 second(s)

2018-06-09 22:00:03 - [TEST_STEP][PASSED] - Statement - If (java.lang.String.valueOf(StockQty) >= java.lang.String.valueOf(RequestedQty)): null

2018-06-09 22:00:03 - [TEST_STEP][PASSED] - setText: Text '10' is set on object 'Object Repository/HealthpostToStore/Page_Store/input_txtqty'

2018-06-09 22:00:03 - [MESSAGE][PASSED] - Text '10' is set on object 'Object Repository/HealthpostToStore/Page_Store/input_txtqty'

2018-06-09 22:00:03 - [TEST_STEP][PASSED] - click: Object: 'Object Repository/HealthpostToStore/Page_Store/button_Add' is clicked on

2018-06-09 22:00:03 - [MESSAGE][PASSED] - Object: 'Object Repository/HealthpostToStore/Page_Store/button_Add' is clicked on

2018-06-09 22:00:03 - [TEST_STEP][PASSED] - Statement - Break: null

2018-06-09 22:00:03 - [TEST_STEP][PASSED] - selectOptionByIndex: All options with index in [5] are selected on object 'Object Repository/HealthpostToStore/Page_Store/select_--Select--Adernaline 0.'

2018-06-09 22:00:04 - [MESSAGE][PASSED] - All options with index in [5] are selected on object 'Object Repository/HealthpostToStore/Page_Store/select_--Select--Adernaline 0.'

2018-06-09 22:00:04 - [TEST_STEP][PASSED] - delay: Delayed 2 second(s)

2018-06-09 22:00:06 - [MESSAGE][PASSED] - Delayed 2 second(s)

2018-06-09 22:00:06 - [TEST_STEP][PASSED] - Statement - RequestedQty = com.kms.katalon.core.webui.keyword.WebUiBuiltInKeywords.getAttribute(com.kms.katalon.core.testobject.ObjectRepository.findTestObject(HealthpostToStore/Page_Store/input_txttotal), "value"): Attribute 'value' of object 'Object Repository/HealthpostToStore/Page_Store/input_txttotal' is: '10'

2018-06-09 22:00:06 - [MESSAGE][PASSED] - Attribute 'value' of object 'Object Repository/HealthpostToStore/Page_Store/input_txttotal' is: '10'

2018-06-09 22:00:06 - [TEST_STEP][PASSED] - Statement - out.println("Requested QTY : " + RequestedQty): null

2018-06-09 22:00:06 - [TEST_STEP][PASSED] - Statement - BatchNumber = com.kms.katalon.core.webui.keyword.WebUiBuiltInKeywords.getNumberOfTotalOption(com.kms.katalon.core.testobject.ObjectRepository.findTestObject(HealthpostToStore/Page_Store/select_--Select--BA1170BA2376B)): 4 options of object 'Object Repository/HealthpostToStore/Page_Store/select_--Select--BA1170BA2376B' counted

2018-06-09 22:00:06 - [MESSAGE][PASSED] - 4 options of object 'Object Repository/HealthpostToStore/Page_Store/select_--Select--BA1170BA2376B' counted

2018-06-09 22:00:06 - [TEST_STEP][PASSED] - Statement - For ([g = 1, g <= BatchNumber - 1, (g++)]): null

2018-06-09 22:00:06 - [TEST_STEP][PASSED] - selectOptionByIndex: All options with index in [1] are selected on object 'Object Repository/HealthpostToStore/Page_Store/select_--Select--BA1170BA2376B'

2018-06-09 22:00:06 - [MESSAGE][PASSED] - All options with index in [1] are selected on object 'Object Repository/HealthpostToStore/Page_Store/select_--Select--BA1170BA2376B'

2018-06-09 22:00:06 - [TEST_STEP][PASSED] - Statement - Try: null

2018-06-09 22:00:06 - [TEST_STEP][PASSED] - Statement - StockQty = com.kms.katalon.core.webui.keyword.WebUiBuiltInKeywords.getAttribute(com.kms.katalon.core.testobject.ObjectRepository.findTestObject(HealthpostToStore/Page_Store/input_txtprice), "value"): Attribute 'value' of object 'Object Repository/HealthpostToStore/Page_Store/input_txtprice' is: '450'

2018-06-09 22:00:06 - [MESSAGE][PASSED] - Attribute 'value' of object 'Object Repository/HealthpostToStore/Page_Store/input_txtprice' is: '450'

2018-06-09 22:00:06 - [TEST_STEP][PASSED] - Statement - out.println("Stock QTY : " + StockQty): null

2018-06-09 22:00:06 - [TEST_STEP][PASSED] - delay: Delayed 2 second(s)

2018-06-09 22:00:08 - [MESSAGE][PASSED] - Delayed 2 second(s)

2018-06-09 22:00:08 - [TEST_STEP][PASSED] - Statement - If (java.lang.String.valueOf(StockQty) >= java.lang.String.valueOf(RequestedQty)): null

2018-06-09 22:00:08 - [TEST_STEP][PASSED] - setText: Text '10' is set on object 'Object Repository/HealthpostToStore/Page_Store/input_txtqty'

2018-06-09 22:00:08 - [MESSAGE][PASSED] - Text '10' is set on object 'Object Repository/HealthpostToStore/Page_Store/input_txtqty'

2018-06-09 22:00:08 - [TEST_STEP][PASSED] - click: Object: 'Object Repository/HealthpostToStore/Page_Store/button_Add' is clicked on

2018-06-09 22:00:08 - [MESSAGE][PASSED] - Object: 'Object Repository/HealthpostToStore/Page_Store/button_Add' is clicked on

2018-06-09 22:00:08 - [TEST_STEP][PASSED] - Statement - Break: null

2018-06-09 22:00:08 - [TEST_STEP][PASSED] - selectOptionByIndex: All options with index in [6] are selected on object 'Object Repository/HealthpostToStore/Page_Store/select_--Select--Adernaline 0.'

2018-06-09 22:00:08 - [MESSAGE][PASSED] - All options with index in [6] are selected on object 'Object Repository/HealthpostToStore/Page_Store/select_--Select--Adernaline 0.'

2018-06-09 22:00:08 - [TEST_STEP][PASSED] - delay: Delayed 2 second(s)

2018-06-09 22:00:10 - [MESSAGE][PASSED] - Delayed 2 second(s)

2018-06-09 22:00:10 - [TEST_STEP][PASSED] - Statement - RequestedQty = com.kms.katalon.core.webui.keyword.WebUiBuiltInKeywords.getAttribute(com.kms.katalon.core.testobject.ObjectRepository.findTestObject(HealthpostToStore/Page_Store/input_txttotal), "value"): Attribute 'value' of object 'Object Repository/HealthpostToStore/Page_Store/input_txttotal' is: '10'

2018-06-09 22:00:10 - [MESSAGE][PASSED] - Attribute 'value' of object 'Object Repository/HealthpostToStore/Page_Store/input_txttotal' is: '10'

2018-06-09 22:00:10 - [TEST_STEP][PASSED] - Statement - out.println("Requested QTY : " + RequestedQty): null

2018-06-09 22:00:10 - [TEST_STEP][PASSED] - Statement - BatchNumber = com.kms.katalon.core.webui.keyword.WebUiBuiltInKeywords.getNumberOfTotalOption(com.kms.katalon.core.testobject.ObjectRepository.findTestObject(HealthpostToStore/Page_Store/select_--Select--BA1170BA2376B)): 3 options of object 'Object Repository/HealthpostToStore/Page_Store/select_--Select--BA1170BA2376B' counted

2018-06-09 22:00:10 - [MESSAGE][PASSED] - 3 options of object 'Object Repository/HealthpostToStore/Page_Store/select_--Select--BA1170BA2376B' counted

2018-06-09 22:00:10 - [TEST_STEP][PASSED] - Statement - For ([g = 1, g <= BatchNumber - 1, (g++)]): null

2018-06-09 22:00:10 - [TEST_STEP][PASSED] - selectOptionByIndex: All options with index in [1] are selected on object 'Object Repository/HealthpostToStore/Page_Store/select_--Select--BA1170BA2376B'

2018-06-09 22:00:10 - [MESSAGE][PASSED] - All options with index in [1] are selected on object 'Object Repository/HealthpostToStore/Page_Store/select_--Select--BA1170BA2376B'

2018-06-09 22:00:10 - [TEST_STEP][PASSED] - Statement - Try: null

2018-06-09 22:00:10 - [TEST_STEP][PASSED] - Statement - StockQty = com.kms.katalon.core.webui.keyword.WebUiBuiltInKeywords.getAttribute(com.kms.katalon.core.testobject.ObjectRepository.findTestObject(HealthpostToStore/Page_Store/input_txtprice), "value"): Attribute 'value' of object 'Object Repository/HealthpostToStore/Page_Store/input_txtprice' is: '800'

2018-06-09 22:00:10 - [MESSAGE][PASSED] - Attribute 'value' of object 'Object Repository/HealthpostToStore/Page_Store/input_txtprice' is: '800'

2018-06-09 22:00:10 - [TEST_STEP][PASSED] - Statement - out.println("Stock QTY : " + StockQty): null

2018-06-09 22:00:10 - [TEST_STEP][PASSED] - delay: Delayed 2 second(s)

2018-06-09 22:00:12 - [MESSAGE][PASSED] - Delayed 2 second(s)

2018-06-09 22:00:12 - [TEST_STEP][PASSED] - Statement - If (java.lang.String.valueOf(StockQty) >= java.lang.String.valueOf(RequestedQty)): null

2018-06-09 22:00:12 - [TEST_STEP][PASSED] - setText: Text '10' is set on object 'Object Repository/HealthpostToStore/Page_Store/input_txtqty'

2018-06-09 22:00:12 - [MESSAGE][PASSED] - Text '10' is set on object 'Object Repository/HealthpostToStore/Page_Store/input_txtqty'

2018-06-09 22:00:12 - [TEST_STEP][PASSED] - click: Object: 'Object Repository/HealthpostToStore/Page_Store/button_Add' is clicked on

2018-06-09 22:00:13 - [MESSAGE][PASSED] - Object: 'Object Repository/HealthpostToStore/Page_Store/button_Add' is clicked on

2018-06-09 22:00:13 - [TEST_STEP][PASSED] - Statement - Break: null

2018-06-09 22:00:13 - [TEST_STEP][PASSED] - selectOptionByIndex: All options with index in [7] are selected on object 'Object Repository/HealthpostToStore/Page_Store/select_--Select--Adernaline 0.'

2018-06-09 22:00:13 - [MESSAGE][PASSED] - All options with index in [7] are selected on object 'Object Repository/HealthpostToStore/Page_Store/select_--Select--Adernaline 0.'

2018-06-09 22:00:13 - [TEST_STEP][PASSED] - delay: Delayed 2 second(s)

2018-06-09 22:00:15 - [MESSAGE][PASSED] - Delayed 2 second(s)

2018-06-09 22:00:15 - [TEST_STEP][PASSED] - Statement - RequestedQty = com.kms.katalon.core.webui.keyword.WebUiBuiltInKeywords.getAttribute(com.kms.katalon.core.testobject.ObjectRepository.findTestObject(HealthpostToStore/Page_Store/input_txttotal), "value"): Attribute 'value' of object 'Object Repository/HealthpostToStore/Page_Store/input_txttotal' is: '10'

2018-06-09 22:00:15 - [MESSAGE][PASSED] - Attribute 'value' of object 'Object Repository/HealthpostToStore/Page_Store/input_txttotal' is: '10'

2018-06-09 22:00:15 - [TEST_STEP][PASSED] - Statement - out.println("Requested QTY : " + RequestedQty): null

2018-06-09 22:00:15 - [TEST_STEP][PASSED] - Statement - BatchNumber = com.kms.katalon.core.webui.keyword.WebUiBuiltInKeywords.getNumberOfTotalOption(com.kms.katalon.core.testobject.ObjectRepository.findTestObject(HealthpostToStore/Page_Store/select_--Select--BA1170BA2376B)): 4 options of object 'Object Repository/HealthpostToStore/Page_Store/select_--Select--BA1170BA2376B' counted

2018-06-09 22:00:15 - [MESSAGE][PASSED] - 4 options of object 'Object Repository/HealthpostToStore/Page_Store/select_--Select--BA1170BA2376B' counted

2018-06-09 22:00:15 - [TEST_STEP][PASSED] - Statement - For ([g = 1, g <= BatchNumber - 1, (g++)]): null

2018-06-09 22:00:15 - [TEST_STEP][PASSED] - selectOptionByIndex: All options with index in [1] are selected on object 'Object Repository/HealthpostToStore/Page_Store/select_--Select--BA1170BA2376B'

2018-06-09 22:00:15 - [MESSAGE][PASSED] - All options with index in [1] are selected on object 'Object Repository/HealthpostToStore/Page_Store/select_--Select--BA1170BA2376B'

2018-06-09 22:00:15 - [TEST_STEP][PASSED] - Statement - Try: null

2018-06-09 22:00:15 - [TEST_STEP][PASSED] - Statement - StockQty = com.kms.katalon.core.webui.keyword.WebUiBuiltInKeywords.getAttribute(com.kms.katalon.core.testobject.ObjectRepository.findTestObject(HealthpostToStore/Page_Store/input_txtprice), "value"): Attribute 'value' of object 'Object Repository/HealthpostToStore/Page_Store/input_txtprice' is: '450'

2018-06-09 22:00:15 - [MESSAGE][PASSED] - Attribute 'value' of object 'Object Repository/HealthpostToStore/Page_Store/input_txtprice' is: '450'

2018-06-09 22:00:15 - [TEST_STEP][PASSED] - Statement - out.println("Stock QTY : " + StockQty): null

2018-06-09 22:00:15 - [TEST_STEP][PASSED] - delay: Delayed 2 second(s)

2018-06-09 22:00:17 - [MESSAGE][PASSED] - Delayed 2 second(s)

2018-06-09 22:00:17 - [TEST_STEP][PASSED] - Statement - If (java.lang.String.valueOf(StockQty) >= java.lang.String.valueOf(RequestedQty)): null

2018-06-09 22:00:17 - [TEST_STEP][PASSED] - setText: Text '10' is set on object 'Object Repository/HealthpostToStore/Page_Store/input_txtqty'

2018-06-09 22:00:17 - [MESSAGE][PASSED] - Text '10' is set on object 'Object Repository/HealthpostToStore/Page_Store/input_txtqty'

2018-06-09 22:00:17 - [TEST_STEP][PASSED] - click: Object: 'Object Repository/HealthpostToStore/Page_Store/button_Add' is clicked on

2018-06-09 22:00:17 - [MESSAGE][PASSED] - Object: 'Object Repository/HealthpostToStore/Page_Store/button_Add' is clicked on

2018-06-09 22:00:17 - [TEST_STEP][PASSED] - Statement - Break: null

2018-06-09 22:00:17 - [TEST_STEP][PASSED] - selectOptionByIndex: All options with index in [8] are selected on object 'Object Repository/HealthpostToStore/Page_Store/select_--Select--Adernaline 0.'

2018-06-09 22:00:17 - [MESSAGE][PASSED] - All options with index in [8] are selected on object 'Object Repository/HealthpostToStore/Page_Store/select_--Select--Adernaline 0.'

2018-06-09 22:00:17 - [TEST_STEP][PASSED] - delay: Delayed 2 second(s)

2018-06-09 22:00:19 - [MESSAGE][PASSED] - Delayed 2 second(s)

2018-06-09 22:00:19 - [TEST_STEP][PASSED] - Statement - RequestedQty = com.kms.katalon.core.webui.keyword.WebUiBuiltInKeywords.getAttribute(com.kms.katalon.core.testobject.ObjectRepository.findTestObject(HealthpostToStore/Page_Store/input_txttotal), "value"): Attribute 'value' of object 'Object Repository/HealthpostToStore/Page_Store/input_txttotal' is: '10'

2018-06-09 22:00:19 - [MESSAGE][PASSED] - Attribute 'value' of object 'Object Repository/HealthpostToStore/Page_Store/input_txttotal' is: '10'

2018-06-09 22:00:19 - [TEST_STEP][PASSED] - Statement - out.println("Requested QTY : " + RequestedQty): null

2018-06-09 22:00:19 - [TEST_STEP][PASSED] - Statement - BatchNumber = com.kms.katalon.core.webui.keyword.WebUiBuiltInKeywords.getNumberOfTotalOption(com.kms.katalon.core.testobject.ObjectRepository.findTestObject(HealthpostToStore/Page_Store/select_--Select--BA1170BA2376B)): 3 options of object 'Object Repository/HealthpostToStore/Page_Store/select_--Select--BA1170BA2376B' counted

2018-06-09 22:00:19 - [MESSAGE][PASSED] - 3 options of object 'Object Repository/HealthpostToStore/Page_Store/select_--Select--BA1170BA2376B' counted

2018-06-09 22:00:19 - [TEST_STEP][PASSED] - Statement - For ([g = 1, g <= BatchNumber - 1, (g++)]): null

2018-06-09 22:00:19 - [TEST_STEP][PASSED] - selectOptionByIndex: All options with index in [1] are selected on object 'Object Repository/HealthpostToStore/Page_Store/select_--Select--BA1170BA2376B'

2018-06-09 22:00:19 - [MESSAGE][PASSED] - All options with index in [1] are selected on object 'Object Repository/HealthpostToStore/Page_Store/select_--Select--BA1170BA2376B'

2018-06-09 22:00:19 - [TEST_STEP][PASSED] - Statement - Try: null

2018-06-09 22:00:19 - [TEST_STEP][PASSED] - Statement - StockQty = com.kms.katalon.core.webui.keyword.WebUiBuiltInKeywords.getAttribute(com.kms.katalon.core.testobject.ObjectRepository.findTestObject(HealthpostToStore/Page_Store/input_txtprice), "value"): Attribute 'value' of object 'Object Repository/HealthpostToStore/Page_Store/input_txtprice' is: '800'

2018-06-09 22:00:20 - [MESSAGE][PASSED] - Attribute 'value' of object 'Object Repository/HealthpostToStore/Page_Store/input_txtprice' is: '800'

2018-06-09 22:00:20 - [TEST_STEP][PASSED] - Statement - out.println("Stock QTY : " + StockQty): null

2018-06-09 22:00:20 - [TEST_STEP][PASSED] - delay: Delayed 2 second(s)

2018-06-09 22:00:22 - [MESSAGE][PASSED] - Delayed 2 second(s)

2018-06-09 22:00:22 - [TEST_STEP][PASSED] - Statement - If (java.lang.String.valueOf(StockQty) >= java.lang.String.valueOf(RequestedQty)): null

2018-06-09 22:00:22 - [TEST_STEP][PASSED] - setText: Text '10' is set on object 'Object Repository/HealthpostToStore/Page_Store/input_txtqty'

2018-06-09 22:00:22 - [MESSAGE][PASSED] - Text '10' is set on object 'Object Repository/HealthpostToStore/Page_Store/input_txtqty'

2018-06-09 22:00:22 - [TEST_STEP][PASSED] - click: Object: 'Object Repository/HealthpostToStore/Page_Store/button_Add' is clicked on

2018-06-09 22:00:22 - [MESSAGE][PASSED] - Object: 'Object Repository/HealthpostToStore/Page_Store/button_Add' is clicked on

2018-06-09 22:00:22 - [TEST_STEP][PASSED] - Statement - Break: null

2018-06-09 22:00:22 - [TEST_STEP][PASSED] - selectOptionByIndex: All options with index in [9] are selected on object 'Object Repository/HealthpostToStore/Page_Store/select_--Select--Adernaline 0.'

2018-06-09 22:00:22 - [MESSAGE][PASSED] - All options with index in [9] are selected on object 'Object Repository/HealthpostToStore/Page_Store/select_--Select--Adernaline 0.'

2018-06-09 22:00:22 - [TEST_STEP][PASSED] - delay: Delayed 2 second(s)

2018-06-09 22:00:24 - [MESSAGE][PASSED] - Delayed 2 second(s)

2018-06-09 22:00:24 - [TEST_STEP][PASSED] - Statement - RequestedQty = com.kms.katalon.core.webui.keyword.WebUiBuiltInKeywords.getAttribute(com.kms.katalon.core.testobject.ObjectRepository.findTestObject(HealthpostToStore/Page_Store/input_txttotal), "value"): Attribute 'value' of object 'Object Repository/HealthpostToStore/Page_Store/input_txttotal' is: '10'

2018-06-09 22:00:24 - [MESSAGE][PASSED] - Attribute 'value' of object 'Object Repository/HealthpostToStore/Page_Store/input_txttotal' is: '10'

2018-06-09 22:00:24 - [TEST_STEP][PASSED] - Statement - out.println("Requested QTY : " + RequestedQty): null

2018-06-09 22:00:24 - [TEST_STEP][PASSED] - Statement - BatchNumber = com.kms.katalon.core.webui.keyword.WebUiBuiltInKeywords.getNumberOfTotalOption(com.kms.katalon.core.testobject.ObjectRepository.findTestObject(HealthpostToStore/Page_Store/select_--Select--BA1170BA2376B)): 3 options of object 'Object Repository/HealthpostToStore/Page_Store/select_--Select--BA1170BA2376B' counted

2018-06-09 22:00:24 - [MESSAGE][PASSED] - 3 options of object 'Object Repository/HealthpostToStore/Page_Store/select_--Select--BA1170BA2376B' counted

2018-06-09 22:00:24 - [TEST_STEP][PASSED] - Statement - For ([g = 1, g <= BatchNumber - 1, (g++)]): null

2018-06-09 22:00:24 - [TEST_STEP][PASSED] - selectOptionByIndex: All options with index in [1] are selected on object 'Object Repository/HealthpostToStore/Page_Store/select_--Select--BA1170BA2376B'

2018-06-09 22:00:24 - [MESSAGE][PASSED] - All options with index in [1] are selected on object 'Object Repository/HealthpostToStore/Page_Store/select_--Select--BA1170BA2376B'

2018-06-09 22:00:24 - [TEST_STEP][PASSED] - Statement - Try: null

2018-06-09 22:00:24 - [TEST_STEP][PASSED] - Statement - StockQty = com.kms.katalon.core.webui.keyword.WebUiBuiltInKeywords.getAttribute(com.kms.katalon.core.testobject.ObjectRepository.findTestObject(HealthpostToStore/Page_Store/input_txtprice), "value"): Attribute 'value' of object 'Object Repository/HealthpostToStore/Page_Store/input_txtprice' is: '800'

2018-06-09 22:00:24 - [MESSAGE][PASSED] - Attribute 'value' of object 'Object Repository/HealthpostToStore/Page_Store/input_txtprice' is: '800'

2018-06-09 22:00:24 - [TEST_STEP][PASSED] - Statement - out.println("Stock QTY : " + StockQty): null

2018-06-09 22:00:24 - [TEST_STEP][PASSED] - delay: Delayed 2 second(s)

2018-06-09 22:00:26 - [MESSAGE][PASSED] - Delayed 2 second(s)

2018-06-09 22:00:26 - [TEST_STEP][PASSED] - Statement - If (java.lang.String.valueOf(StockQty) >= java.lang.String.valueOf(RequestedQty)): null

2018-06-09 22:00:26 - [TEST_STEP][PASSED] - setText: Text '10' is set on object 'Object Repository/HealthpostToStore/Page_Store/input_txtqty'

2018-06-09 22:00:26 - [MESSAGE][PASSED] - Text '10' is set on object 'Object Repository/HealthpostToStore/Page_Store/input_txtqty'

2018-06-09 22:00:26 - [TEST_STEP][PASSED] - click: Object: 'Object Repository/HealthpostToStore/Page_Store/button_Add' is clicked on

2018-06-09 22:00:26 - [MESSAGE][PASSED] - Object: 'Object Repository/HealthpostToStore/Page_Store/button_Add' is clicked on

2018-06-09 22:00:26 - [TEST_STEP][PASSED] - Statement - Break: null

2018-06-09 22:00:26 - [TEST_STEP][PASSED] - selectOptionByIndex: All options with index in [10] are selected on object 'Object Repository/HealthpostToStore/Page_Store/select_--Select--Adernaline 0.'

2018-06-09 22:00:26 - [MESSAGE][PASSED] - All options with index in [10] are selected on object 'Object Repository/HealthpostToStore/Page_Store/select_--Select--Adernaline 0.'

2018-06-09 22:00:26 - [TEST_STEP][PASSED] - delay: Delayed 2 second(s)

2018-06-09 22:00:28 - [MESSAGE][PASSED] - Delayed 2 second(s)

2018-06-09 22:00:28 - [TEST_STEP][PASSED] - Statement - RequestedQty = com.kms.katalon.core.webui.keyword.WebUiBuiltInKeywords.getAttribute(com.kms.katalon.core.testobject.ObjectRepository.findTestObject(HealthpostToStore/Page_Store/input_txttotal), "value"): Attribute 'value' of object 'Object Repository/HealthpostToStore/Page_Store/input_txttotal' is: '10'

2018-06-09 22:00:29 - [MESSAGE][PASSED] - Attribute 'value' of object 'Object Repository/HealthpostToStore/Page_Store/input_txttotal' is: '10'

2018-06-09 22:00:29 - [TEST_STEP][PASSED] - Statement - out.println("Requested QTY : " + RequestedQty): null

2018-06-09 22:00:29 - [TEST_STEP][PASSED] - Statement - BatchNumber = com.kms.katalon.core.webui.keyword.WebUiBuiltInKeywords.getNumberOfTotalOption(com.kms.katalon.core.testobject.ObjectRepository.findTestObject(HealthpostToStore/Page_Store/select_--Select--BA1170BA2376B)): 5 options of object 'Object Repository/HealthpostToStore/Page_Store/select_--Select--BA1170BA2376B' counted

2018-06-09 22:00:29 - [MESSAGE][PASSED] - 5 options of object 'Object Repository/HealthpostToStore/Page_Store/select_--Select--BA1170BA2376B' counted

2018-06-09 22:00:29 - [TEST_STEP][PASSED] - Statement - For ([g = 1, g <= BatchNumber - 1, (g++)]): null

2018-06-09 22:00:29 - [TEST_STEP][PASSED] - selectOptionByIndex: All options with index in [1] are selected on object 'Object Repository/HealthpostToStore/Page_Store/select_--Select--BA1170BA2376B'

2018-06-09 22:00:29 - [MESSAGE][PASSED] - All options with index in [1] are selected on object 'Object Repository/HealthpostToStore/Page_Store/select_--Select--BA1170BA2376B'

2018-06-09 22:00:29 - [TEST_STEP][PASSED] - Statement - Try: null

2018-06-09 22:00:29 - [TEST_STEP][PASSED] - Statement - StockQty = com.kms.katalon.core.webui.keyword.WebUiBuiltInKeywords.getAttribute(com.kms.katalon.core.testobject.ObjectRepository.findTestObject(HealthpostToStore/Page_Store/input_txtprice), "value"): Attribute 'value' of object 'Object Repository/HealthpostToStore/Page_Store/input_txtprice' is: '90'

2018-06-09 22:00:29 - [MESSAGE][PASSED] - Attribute 'value' of object 'Object Repository/HealthpostToStore/Page_Store/input_txtprice' is: '90'

2018-06-09 22:00:29 - [TEST_STEP][PASSED] - Statement - out.println("Stock QTY : " + StockQty): null

2018-06-09 22:00:29 - [TEST_STEP][PASSED] - delay: Delayed 2 second(s)

2018-06-09 22:00:31 - [MESSAGE][PASSED] - Delayed 2 second(s)

2018-06-09 22:00:31 - [TEST_STEP][PASSED] - Statement - If (java.lang.String.valueOf(StockQty) >= java.lang.String.valueOf(RequestedQty)): null

2018-06-09 22:00:31 - [TEST_STEP][PASSED] - setText: Text '10' is set on object 'Object Repository/HealthpostToStore/Page_Store/input_txtqty'

2018-06-09 22:00:31 - [MESSAGE][PASSED] - Text '10' is set on object 'Object Repository/HealthpostToStore/Page_Store/input_txtqty'

2018-06-09 22:00:31 - [TEST_STEP][PASSED] - click: Object: 'Object Repository/HealthpostToStore/Page_Store/button_Add' is clicked on

2018-06-09 22:00:31 - [MESSAGE][PASSED] - Object: 'Object Repository/HealthpostToStore/Page_Store/button_Add' is clicked on

2018-06-09 22:00:31 - [TEST_STEP][PASSED] - Statement - Break: null

2018-06-09 22:00:31 - [TEST_STEP][PASSED] - selectOptionByIndex: All options with index in [11] are selected on object 'Object Repository/HealthpostToStore/Page_Store/select_--Select--Adernaline 0.'

2018-06-09 22:00:31 - [MESSAGE][PASSED] - All options with index in [11] are selected on object 'Object Repository/HealthpostToStore/Page_Store/select_--Select--Adernaline 0.'

2018-06-09 22:00:31 - [TEST_STEP][PASSED] - delay: Delayed 2 second(s)

2018-06-09 22:00:33 - [MESSAGE][PASSED] - Delayed 2 second(s)

2018-06-09 22:00:33 - [TEST_STEP][PASSED] - Statement - RequestedQty = com.kms.katalon.core.webui.keyword.WebUiBuiltInKeywords.getAttribute(com.kms.katalon.core.testobject.ObjectRepository.findTestObject(HealthpostToStore/Page_Store/input_txttotal), "value"): Attribute 'value' of object 'Object Repository/HealthpostToStore/Page_Store/input_txttotal' is: '10'

2018-06-09 22:00:33 - [MESSAGE][PASSED] - Attribute 'value' of object 'Object Repository/HealthpostToStore/Page_Store/input_txttotal' is: '10'

2018-06-09 22:00:33 - [TEST_STEP][PASSED] - Statement - out.println("Requested QTY : " + RequestedQty): null

2018-06-09 22:00:33 - [TEST_STEP][PASSED] - Statement - BatchNumber = com.kms.katalon.core.webui.keyword.WebUiBuiltInKeywords.getNumberOfTotalOption(com.kms.katalon.core.testobject.ObjectRepository.findTestObject(HealthpostToStore/Page_Store/select_--Select--BA1170BA2376B)): 3 options of object 'Object Repository/HealthpostToStore/Page_Store/select_--Select--BA1170BA2376B' counted

2018-06-09 22:00:33 - [MESSAGE][PASSED] - 3 options of object 'Object Repository/HealthpostToStore/Page_Store/select_--Select--BA1170BA2376B' counted

2018-06-09 22:00:33 - [TEST_STEP][PASSED] - Statement - For ([g = 1, g <= BatchNumber - 1, (g++)]): null

2018-06-09 22:00:33 - [TEST_STEP][PASSED] - selectOptionByIndex: All options with index in [1] are selected on object 'Object Repository/HealthpostToStore/Page_Store/select_--Select--BA1170BA2376B'

2018-06-09 22:00:33 - [MESSAGE][PASSED] - All options with index in [1] are selected on object 'Object Repository/HealthpostToStore/Page_Store/select_--Select--BA1170BA2376B'

2018-06-09 22:00:33 - [TEST_STEP][PASSED] - Statement - Try: null

2018-06-09 22:00:33 - [TEST_STEP][PASSED] - Statement - StockQty = com.kms.katalon.core.webui.keyword.WebUiBuiltInKeywords.getAttribute(com.kms.katalon.core.testobject.ObjectRepository.findTestObject(HealthpostToStore/Page_Store/input_txtprice), "value"): Attribute 'value' of object 'Object Repository/HealthpostToStore/Page_Store/input_txtprice' is: '800'

2018-06-09 22:00:33 - [MESSAGE][PASSED] - Attribute 'value' of object 'Object Repository/HealthpostToStore/Page_Store/input_txtprice' is: '800'

2018-06-09 22:00:33 - [TEST_STEP][PASSED] - Statement - out.println("Stock QTY : " + StockQty): null

2018-06-09 22:00:33 - [TEST_STEP][PASSED] - delay: Delayed 2 second(s)

2018-06-09 22:00:35 - [MESSAGE][PASSED] - Delayed 2 second(s)

2018-06-09 22:00:35 - [TEST_STEP][PASSED] - Statement - If (java.lang.String.valueOf(StockQty) >= java.lang.String.valueOf(RequestedQty)): null

2018-06-09 22:00:35 - [TEST_STEP][PASSED] - setText: Text '10' is set on object 'Object Repository/HealthpostToStore/Page_Store/input_txtqty'

2018-06-09 22:00:35 - [MESSAGE][PASSED] - Text '10' is set on object 'Object Repository/HealthpostToStore/Page_Store/input_txtqty'

2018-06-09 22:00:35 - [TEST_STEP][PASSED] - click: Object: 'Object Repository/HealthpostToStore/Page_Store/button_Add' is clicked on

2018-06-09 22:00:35 - [MESSAGE][PASSED] - Object: 'Object Repository/HealthpostToStore/Page_Store/button_Add' is clicked on

2018-06-09 22:00:35 - [TEST_STEP][PASSED] - Statement - Break: null

2018-06-09 22:00:35 - [TEST_STEP][PASSED] - selectOptionByIndex: All options with index in [12] are selected on object 'Object Repository/HealthpostToStore/Page_Store/select_--Select--Adernaline 0.'

2018-06-09 22:00:36 - [MESSAGE][PASSED] - All options with index in [12] are selected on object 'Object Repository/HealthpostToStore/Page_Store/select_--Select--Adernaline 0.'

2018-06-09 22:00:36 - [TEST_STEP][PASSED] - delay: Delayed 2 second(s)

2018-06-09 22:00:38 - [MESSAGE][PASSED] - Delayed 2 second(s)

2018-06-09 22:00:38 - [TEST_STEP][PASSED] - Statement - RequestedQty = com.kms.katalon.core.webui.keyword.WebUiBuiltInKeywords.getAttribute(com.kms.katalon.core.testobject.ObjectRepository.findTestObject(HealthpostToStore/Page_Store/input_txttotal), "value"): Attribute 'value' of object 'Object Repository/HealthpostToStore/Page_Store/input_txttotal' is: '10'

2018-06-09 22:00:38 - [MESSAGE][PASSED] - Attribute 'value' of object 'Object Repository/HealthpostToStore/Page_Store/input_txttotal' is: '10'

2018-06-09 22:00:38 - [TEST_STEP][PASSED] - Statement - out.println("Requested QTY : " + RequestedQty): null

2018-06-09 22:00:38 - [TEST_STEP][PASSED] - Statement - BatchNumber = com.kms.katalon.core.webui.keyword.WebUiBuiltInKeywords.getNumberOfTotalOption(com.kms.katalon.core.testobject.ObjectRepository.findTestObject(HealthpostToStore/Page_Store/select_--Select--BA1170BA2376B)): 3 options of object 'Object Repository/HealthpostToStore/Page_Store/select_--Select--BA1170BA2376B' counted

2018-06-09 22:00:38 - [MESSAGE][PASSED] - 3 options of object 'Object Repository/HealthpostToStore/Page_Store/select_--Select--BA1170BA2376B' counted

2018-06-09 22:00:38 - [TEST_STEP][PASSED] - Statement - For ([g = 1, g <= BatchNumber - 1, (g++)]): null

2018-06-09 22:00:38 - [TEST_STEP][PASSED] - selectOptionByIndex: All options with index in [1] are selected on object 'Object Repository/HealthpostToStore/Page_Store/select_--Select--BA1170BA2376B'

2018-06-09 22:00:38 - [MESSAGE][PASSED] - All options with index in [1] are selected on object 'Object Repository/HealthpostToStore/Page_Store/select_--Select--BA1170BA2376B'

2018-06-09 22:00:38 - [TEST_STEP][PASSED] - Statement - Try: null

2018-06-09 22:00:38 - [TEST_STEP][PASSED] - Statement - StockQty = com.kms.katalon.core.webui.keyword.WebUiBuiltInKeywords.getAttribute(com.kms.katalon.core.testobject.ObjectRepository.findTestObject(HealthpostToStore/Page_Store/input_txtprice), "value"): Attribute 'value' of object 'Object Repository/HealthpostToStore/Page_Store/input_txtprice' is: '90'

2018-06-09 22:00:38 - [MESSAGE][PASSED] - Attribute 'value' of object 'Object Repository/HealthpostToStore/Page_Store/input_txtprice' is: '90'

2018-06-09 22:00:38 - [TEST_STEP][PASSED] - Statement - out.println("Stock QTY : " + StockQty): null

2018-06-09 22:00:38 - [TEST_STEP][PASSED] - delay: Delayed 2 second(s)

2018-06-09 22:00:40 - [MESSAGE][PASSED] - Delayed 2 second(s)

2018-06-09 22:00:40 - [TEST_STEP][PASSED] - Statement - If (java.lang.String.valueOf(StockQty) >= java.lang.String.valueOf(RequestedQty)): null

2018-06-09 22:00:40 - [TEST_STEP][PASSED] - setText: Text '10' is set on object 'Object Repository/HealthpostToStore/Page_Store/input_txtqty'

2018-06-09 22:00:40 - [MESSAGE][PASSED] - Text '10' is set on object 'Object Repository/HealthpostToStore/Page_Store/input_txtqty'

2018-06-09 22:00:40 - [TEST_STEP][PASSED] - click: Object: 'Object Repository/HealthpostToStore/Page_Store/button_Add' is clicked on

2018-06-09 22:00:40 - [MESSAGE][PASSED] - Object: 'Object Repository/HealthpostToStore/Page_Store/button_Add' is clicked on

2018-06-09 22:00:40 - [TEST_STEP][PASSED] - Statement - Break: null

2018-06-09 22:00:40 - [TEST_STEP][PASSED] - selectOptionByIndex: All options with index in [13] are selected on object 'Object Repository/HealthpostToStore/Page_Store/select_--Select--Adernaline 0.'

2018-06-09 22:00:40 - [MESSAGE][PASSED] - All options with index in [13] are selected on object 'Object Repository/HealthpostToStore/Page_Store/select_--Select--Adernaline 0.'

2018-06-09 22:00:40 - [TEST_STEP][PASSED] - delay: Delayed 2 second(s)

2018-06-09 22:00:42 - [MESSAGE][PASSED] - Delayed 2 second(s)

2018-06-09 22:00:42 - [TEST_STEP][PASSED] - Statement - RequestedQty = com.kms.katalon.core.webui.keyword.WebUiBuiltInKeywords.getAttribute(com.kms.katalon.core.testobject.ObjectRepository.findTestObject(HealthpostToStore/Page_Store/input_txttotal), "value"): Attribute 'value' of object 'Object Repository/HealthpostToStore/Page_Store/input_txttotal' is: '10'

2018-06-09 22:00:42 - [MESSAGE][PASSED] - Attribute 'value' of object 'Object Repository/HealthpostToStore/Page_Store/input_txttotal' is: '10'

2018-06-09 22:00:42 - [TEST_STEP][PASSED] - Statement - out.println("Requested QTY : " + RequestedQty): null

2018-06-09 22:00:42 - [TEST_STEP][PASSED] - Statement - BatchNumber = com.kms.katalon.core.webui.keyword.WebUiBuiltInKeywords.getNumberOfTotalOption(com.kms.katalon.core.testobject.ObjectRepository.findTestObject(HealthpostToStore/Page_Store/select_--Select--BA1170BA2376B)): 3 options of object 'Object Repository/HealthpostToStore/Page_Store/select_--Select--BA1170BA2376B' counted

2018-06-09 22:00:42 - [MESSAGE][PASSED] - 3 options of object 'Object Repository/HealthpostToStore/Page_Store/select_--Select--BA1170BA2376B' counted

2018-06-09 22:00:42 - [TEST_STEP][PASSED] - Statement - For ([g = 1, g <= BatchNumber - 1, (g++)]): null

2018-06-09 22:00:42 - [TEST_STEP][PASSED] - selectOptionByIndex: All options with index in [1] are selected on object 'Object Repository/HealthpostToStore/Page_Store/select_--Select--BA1170BA2376B'

2018-06-09 22:00:42 - [MESSAGE][PASSED] - All options with index in [1] are selected on object 'Object Repository/HealthpostToStore/Page_Store/select_--Select--BA1170BA2376B'

2018-06-09 22:00:42 - [TEST_STEP][PASSED] - Statement - Try: null

2018-06-09 22:00:42 - [TEST_STEP][PASSED] - Statement - StockQty = com.kms.katalon.core.webui.keyword.WebUiBuiltInKeywords.getAttribute(com.kms.katalon.core.testobject.ObjectRepository.findTestObject(HealthpostToStore/Page_Store/input_txtprice), "value"): Attribute 'value' of object 'Object Repository/HealthpostToStore/Page_Store/input_txtprice' is: '800'

2018-06-09 22:00:43 - [MESSAGE][PASSED] - Attribute 'value' of object 'Object Repository/HealthpostToStore/Page_Store/input_txtprice' is: '800'

2018-06-09 22:00:43 - [TEST_STEP][PASSED] - Statement - out.println("Stock QTY : " + StockQty): null

2018-06-09 22:00:43 - [TEST_STEP][PASSED] - delay: Delayed 2 second(s)

2018-06-09 22:00:45 - [MESSAGE][PASSED] - Delayed 2 second(s)

2018-06-09 22:00:45 - [TEST_STEP][PASSED] - Statement - If (java.lang.String.valueOf(StockQty) >= java.lang.String.valueOf(RequestedQty)): null

2018-06-09 22:00:45 - [TEST_STEP][PASSED] - setText: Text '10' is set on object 'Object Repository/HealthpostToStore/Page_Store/input_txtqty'

2018-06-09 22:00:45 - [MESSAGE][PASSED] - Text '10' is set on object 'Object Repository/HealthpostToStore/Page_Store/input_txtqty'

2018-06-09 22:00:45 - [TEST_STEP][PASSED] - click: Object: 'Object Repository/HealthpostToStore/Page_Store/button_Add' is clicked on

2018-06-09 22:00:45 - [MESSAGE][PASSED] - Object: 'Object Repository/HealthpostToStore/Page_Store/button_Add' is clicked on

2018-06-09 22:00:45 - [TEST_STEP][PASSED] - Statement - Break: null

2018-06-09 22:00:45 - [TEST_STEP][PASSED] - selectOptionByIndex: All options with index in [14] are selected on object 'Object Repository/HealthpostToStore/Page_Store/select_--Select--Adernaline 0.'

2018-06-09 22:00:45 - [MESSAGE][PASSED] - All options with index in [14] are selected on object 'Object Repository/HealthpostToStore/Page_Store/select_--Select--Adernaline 0.'

2018-06-09 22:00:45 - [TEST_STEP][PASSED] - delay: Delayed 2 second(s)

2018-06-09 22:00:47 - [MESSAGE][PASSED] - Delayed 2 second(s)

2018-06-09 22:00:47 - [TEST_STEP][PASSED] - Statement - RequestedQty = com.kms.katalon.core.webui.keyword.WebUiBuiltInKeywords.getAttribute(com.kms.katalon.core.testobject.ObjectRepository.findTestObject(HealthpostToStore/Page_Store/input_txttotal), "value"): Attribute 'value' of object 'Object Repository/HealthpostToStore/Page_Store/input_txttotal' is: '10'

2018-06-09 22:00:47 - [MESSAGE][PASSED] - Attribute 'value' of object 'Object Repository/HealthpostToStore/Page_Store/input_txttotal' is: '10'

2018-06-09 22:00:47 - [TEST_STEP][PASSED] - Statement - out.println("Requested QTY : " + RequestedQty): null

2018-06-09 22:00:47 - [TEST_STEP][PASSED] - Statement - BatchNumber = com.kms.katalon.core.webui.keyword.WebUiBuiltInKeywords.getNumberOfTotalOption(com.kms.katalon.core.testobject.ObjectRepository.findTestObject(HealthpostToStore/Page_Store/select_--Select--BA1170BA2376B)): 3 options of object 'Object Repository/HealthpostToStore/Page_Store/select_--Select--BA1170BA2376B' counted

2018-06-09 22:00:47 - [MESSAGE][PASSED] - 3 options of object 'Object Repository/HealthpostToStore/Page_Store/select_--Select--BA1170BA2376B' counted

2018-06-09 22:00:47 - [TEST_STEP][PASSED] - Statement - For ([g = 1, g <= BatchNumber - 1, (g++)]): null

2018-06-09 22:00:47 - [TEST_STEP][PASSED] - selectOptionByIndex: All options with index in [1] are selected on object 'Object Repository/HealthpostToStore/Page_Store/select_--Select--BA1170BA2376B'

2018-06-09 22:00:47 - [MESSAGE][PASSED] - All options with index in [1] are selected on object 'Object Repository/HealthpostToStore/Page_Store/select_--Select--BA1170BA2376B'

2018-06-09 22:00:47 - [TEST_STEP][PASSED] - Statement - Try: null

2018-06-09 22:00:47 - [TEST_STEP][PASSED] - Statement - StockQty = com.kms.katalon.core.webui.keyword.WebUiBuiltInKeywords.getAttribute(com.kms.katalon.core.testobject.ObjectRepository.findTestObject(HealthpostToStore/Page_Store/input_txtprice), "value"): Attribute 'value' of object 'Object Repository/HealthpostToStore/Page_Store/input_txtprice' is: '390'

2018-06-09 22:00:47 - [MESSAGE][PASSED] - Attribute 'value' of object 'Object Repository/HealthpostToStore/Page_Store/input_txtprice' is: '390'

2018-06-09 22:00:47 - [TEST_STEP][PASSED] - Statement - out.println("Stock QTY : " + StockQty): null

2018-06-09 22:00:47 - [TEST_STEP][PASSED] - delay: Delayed 2 second(s)

2018-06-09 22:00:49 - [MESSAGE][PASSED] - Delayed 2 second(s)

2018-06-09 22:00:49 - [TEST_STEP][PASSED] - Statement - If (java.lang.String.valueOf(StockQty) >= java.lang.String.valueOf(RequestedQty)): null

2018-06-09 22:00:49 - [TEST_STEP][PASSED] - setText: Text '10' is set on object 'Object Repository/HealthpostToStore/Page_Store/input_txtqty'

2018-06-09 22:00:49 - [MESSAGE][PASSED] - Text '10' is set on object 'Object Repository/HealthpostToStore/Page_Store/input_txtqty'

2018-06-09 22:00:49 - [TEST_STEP][PASSED] - click: Object: 'Object Repository/HealthpostToStore/Page_Store/button_Add' is clicked on

2018-06-09 22:00:49 - [MESSAGE][PASSED] - Object: 'Object Repository/HealthpostToStore/Page_Store/button_Add' is clicked on

2018-06-09 22:00:49 - [TEST_STEP][PASSED] - Statement - Break: null

2018-06-09 22:00:49 - [TEST_STEP][PASSED] - selectOptionByIndex: All options with index in [15] are selected on object 'Object Repository/HealthpostToStore/Page_Store/select_--Select--Adernaline 0.'

2018-06-09 22:00:50 - [MESSAGE][PASSED] - All options with index in [15] are selected on object 'Object Repository/HealthpostToStore/Page_Store/select_--Select--Adernaline 0.'

2018-06-09 22:00:50 - [TEST_STEP][PASSED] - delay: Delayed 2 second(s)

2018-06-09 22:00:52 - [MESSAGE][PASSED] - Delayed 2 second(s)

2018-06-09 22:00:52 - [TEST_STEP][PASSED] - Statement - RequestedQty = com.kms.katalon.core.webui.keyword.WebUiBuiltInKeywords.getAttribute(com.kms.katalon.core.testobject.ObjectRepository.findTestObject(HealthpostToStore/Page_Store/input_txttotal), "value"): Attribute 'value' of object 'Object Repository/HealthpostToStore/Page_Store/input_txttotal' is: '10'

2018-06-09 22:00:52 - [MESSAGE][PASSED] - Attribute 'value' of object 'Object Repository/HealthpostToStore/Page_Store/input_txttotal' is: '10'

2018-06-09 22:00:52 - [TEST_STEP][PASSED] - Statement - out.println("Requested QTY : " + RequestedQty): null

2018-06-09 22:00:52 - [TEST_STEP][PASSED] - Statement - BatchNumber = com.kms.katalon.core.webui.keyword.WebUiBuiltInKeywords.getNumberOfTotalOption(com.kms.katalon.core.testobject.ObjectRepository.findTestObject(HealthpostToStore/Page_Store/select_--Select--BA1170BA2376B)): 2 options of object 'Object Repository/HealthpostToStore/Page_Store/select_--Select--BA1170BA2376B' counted

2018-06-09 22:00:52 - [MESSAGE][PASSED] - 2 options of object 'Object Repository/HealthpostToStore/Page_Store/select_--Select--BA1170BA2376B' counted

2018-06-09 22:00:52 - [TEST_STEP][PASSED] - Statement - For ([g = 1, g <= BatchNumber - 1, (g++)]): null

2018-06-09 22:00:52 - [TEST_STEP][PASSED] - selectOptionByIndex: All options with index in [1] are selected on object 'Object Repository/HealthpostToStore/Page_Store/select_--Select--BA1170BA2376B'

2018-06-09 22:00:52 - [MESSAGE][PASSED] - All options with index in [1] are selected on object 'Object Repository/HealthpostToStore/Page_Store/select_--Select--BA1170BA2376B'

2018-06-09 22:00:52 - [TEST_STEP][PASSED] - Statement - Try: null

2018-06-09 22:00:52 - [TEST_STEP][PASSED] - Statement - StockQty = com.kms.katalon.core.webui.keyword.WebUiBuiltInKeywords.getAttribute(com.kms.katalon.core.testobject.ObjectRepository.findTestObject(HealthpostToStore/Page_Store/input_txtprice), "value"): Attribute 'value' of object 'Object Repository/HealthpostToStore/Page_Store/input_txtprice' is: '880'

2018-06-09 22:00:52 - [MESSAGE][PASSED] - Attribute 'value' of object 'Object Repository/HealthpostToStore/Page_Store/input_txtprice' is: '880'

2018-06-09 22:00:52 - [TEST_STEP][PASSED] - Statement - out.println("Stock QTY : " + StockQty): null

2018-06-09 22:00:52 - [TEST_STEP][PASSED] - delay: Delayed 2 second(s)

2018-06-09 22:00:54 - [MESSAGE][PASSED] - Delayed 2 second(s)

2018-06-09 22:00:54 - [TEST_STEP][PASSED] - Statement - If (java.lang.String.valueOf(StockQty) >= java.lang.String.valueOf(RequestedQty)): null

2018-06-09 22:00:54 - [TEST_STEP][PASSED] - setText: Text '10' is set on object 'Object Repository/HealthpostToStore/Page_Store/input_txtqty'

2018-06-09 22:00:54 - [MESSAGE][PASSED] - Text '10' is set on object 'Object Repository/HealthpostToStore/Page_Store/input_txtqty'

2018-06-09 22:00:54 - [TEST_STEP][PASSED] - click: Object: 'Object Repository/HealthpostToStore/Page_Store/button_Add' is clicked on

2018-06-09 22:00:54 - [MESSAGE][PASSED] - Object: 'Object Repository/HealthpostToStore/Page_Store/button_Add' is clicked on

2018-06-09 22:00:54 - [TEST_STEP][PASSED] - Statement - Break: null

2018-06-09 22:00:54 - [TEST_STEP][PASSED] - selectOptionByIndex: All options with index in [16] are selected on object 'Object Repository/HealthpostToStore/Page_Store/select_--Select--Adernaline 0.'

2018-06-09 22:00:54 - [MESSAGE][PASSED] - All options with index in [16] are selected on object 'Object Repository/HealthpostToStore/Page_Store/select_--Select--Adernaline 0.'

2018-06-09 22:00:54 - [TEST_STEP][PASSED] - delay: Delayed 2 second(s)

2018-06-09 22:00:56 - [MESSAGE][PASSED] - Delayed 2 second(s)

2018-06-09 22:00:56 - [TEST_STEP][PASSED] - Statement - RequestedQty = com.kms.katalon.core.webui.keyword.WebUiBuiltInKeywords.getAttribute(com.kms.katalon.core.testobject.ObjectRepository.findTestObject(HealthpostToStore/Page_Store/input_txttotal), "value"): Attribute 'value' of object 'Object Repository/HealthpostToStore/Page_Store/input_txttotal' is: '10'

2018-06-09 22:00:56 - [MESSAGE][PASSED] - Attribute 'value' of object 'Object Repository/HealthpostToStore/Page_Store/input_txttotal' is: '10'

2018-06-09 22:00:56 - [TEST_STEP][PASSED] - Statement - out.println("Requested QTY : " + RequestedQty): null

2018-06-09 22:00:56 - [TEST_STEP][PASSED] - Statement - BatchNumber = com.kms.katalon.core.webui.keyword.WebUiBuiltInKeywords.getNumberOfTotalOption(com.kms.katalon.core.testobject.ObjectRepository.findTestObject(HealthpostToStore/Page_Store/select_--Select--BA1170BA2376B)): 4 options of object 'Object Repository/HealthpostToStore/Page_Store/select_--Select--BA1170BA2376B' counted

2018-06-09 22:00:56 - [MESSAGE][PASSED] - 4 options of object 'Object Repository/HealthpostToStore/Page_Store/select_--Select--BA1170BA2376B' counted

2018-06-09 22:00:56 - [TEST_STEP][PASSED] - Statement - For ([g = 1, g <= BatchNumber - 1, (g++)]): null

2018-06-09 22:00:56 - [TEST_STEP][PASSED] - selectOptionByIndex: All options with index in [1] are selected on object 'Object Repository/HealthpostToStore/Page_Store/select_--Select--BA1170BA2376B'

2018-06-09 22:00:56 - [MESSAGE][PASSED] - All options with index in [1] are selected on object 'Object Repository/HealthpostToStore/Page_Store/select_--Select--BA1170BA2376B'

2018-06-09 22:00:56 - [TEST_STEP][PASSED] - Statement - Try: null

2018-06-09 22:00:56 - [TEST_STEP][PASSED] - Statement - StockQty = com.kms.katalon.core.webui.keyword.WebUiBuiltInKeywords.getAttribute(com.kms.katalon.core.testobject.ObjectRepository.findTestObject(HealthpostToStore/Page_Store/input_txtprice), "value"): Attribute 'value' of object 'Object Repository/HealthpostToStore/Page_Store/input_txtprice' is: '450'

2018-06-09 22:00:56 - [MESSAGE][PASSED] - Attribute 'value' of object 'Object Repository/HealthpostToStore/Page_Store/input_txtprice' is: '450'

2018-06-09 22:00:56 - [TEST_STEP][PASSED] - Statement - out.println("Stock QTY : " + StockQty): null

2018-06-09 22:00:56 - [TEST_STEP][PASSED] - delay: Delayed 2 second(s)

2018-06-09 22:00:58 - [MESSAGE][PASSED] - Delayed 2 second(s)

2018-06-09 22:00:58 - [TEST_STEP][PASSED] - Statement - If (java.lang.String.valueOf(StockQty) >= java.lang.String.valueOf(RequestedQty)): null

2018-06-09 22:00:58 - [TEST_STEP][PASSED] - setText: Text '10' is set on object 'Object Repository/HealthpostToStore/Page_Store/input_txtqty'

2018-06-09 22:00:58 - [MESSAGE][PASSED] - Text '10' is set on object 'Object Repository/HealthpostToStore/Page_Store/input_txtqty'

2018-06-09 22:00:58 - [TEST_STEP][PASSED] - click: Object: 'Object Repository/HealthpostToStore/Page_Store/button_Add' is clicked on

2018-06-09 22:00:59 - [MESSAGE][PASSED] - Object: 'Object Repository/HealthpostToStore/Page_Store/button_Add' is clicked on

2018-06-09 22:00:59 - [TEST_STEP][PASSED] - Statement - Break: null

2018-06-09 22:00:59 - [TEST_STEP][PASSED] - selectOptionByIndex: All options with index in [17] are selected on object 'Object Repository/HealthpostToStore/Page_Store/select_--Select--Adernaline 0.'

2018-06-09 22:00:59 - [MESSAGE][PASSED] - All options with index in [17] are selected on object 'Object Repository/HealthpostToStore/Page_Store/select_--Select--Adernaline 0.'

2018-06-09 22:00:59 - [TEST_STEP][PASSED] - delay: Delayed 2 second(s)

2018-06-09 22:01:01 - [MESSAGE][PASSED] - Delayed 2 second(s)

2018-06-09 22:01:01 - [TEST_STEP][PASSED] - Statement - RequestedQty = com.kms.katalon.core.webui.keyword.WebUiBuiltInKeywords.getAttribute(com.kms.katalon.core.testobject.ObjectRepository.findTestObject(HealthpostToStore/Page_Store/input_txttotal), "value"): Attribute 'value' of object 'Object Repository/HealthpostToStore/Page_Store/input_txttotal' is: '10'

2018-06-09 22:01:01 - [MESSAGE][PASSED] - Attribute 'value' of object 'Object Repository/HealthpostToStore/Page_Store/input_txttotal' is: '10'

2018-06-09 22:01:01 - [TEST_STEP][PASSED] - Statement - out.println("Requested QTY : " + RequestedQty): null

2018-06-09 22:01:01 - [TEST_STEP][PASSED] - Statement - BatchNumber = com.kms.katalon.core.webui.keyword.WebUiBuiltInKeywords.getNumberOfTotalOption(com.kms.katalon.core.testobject.ObjectRepository.findTestObject(HealthpostToStore/Page_Store/select_--Select--BA1170BA2376B)): 3 options of object 'Object Repository/HealthpostToStore/Page_Store/select_--Select--BA1170BA2376B' counted

2018-06-09 22:01:01 - [MESSAGE][PASSED] - 3 options of object 'Object Repository/HealthpostToStore/Page_Store/select_--Select--BA1170BA2376B' counted

2018-06-09 22:01:01 - [TEST_STEP][PASSED] - Statement - For ([g = 1, g <= BatchNumber - 1, (g++)]): null

2018-06-09 22:01:01 - [TEST_STEP][PASSED] - selectOptionByIndex: All options with index in [1] are selected on object 'Object Repository/HealthpostToStore/Page_Store/select_--Select--BA1170BA2376B'

2018-06-09 22:01:01 - [MESSAGE][PASSED] - All options with index in [1] are selected on object 'Object Repository/HealthpostToStore/Page_Store/select_--Select--BA1170BA2376B'

2018-06-09 22:01:01 - [TEST_STEP][PASSED] - Statement - Try: null

2018-06-09 22:01:01 - [TEST_STEP][PASSED] - Statement - StockQty = com.kms.katalon.core.webui.keyword.WebUiBuiltInKeywords.getAttribute(com.kms.katalon.core.testobject.ObjectRepository.findTestObject(HealthpostToStore/Page_Store/input_txtprice), "value"): Attribute 'value' of object 'Object Repository/HealthpostToStore/Page_Store/input_txtprice' is: '800'

2018-06-09 22:01:01 - [MESSAGE][PASSED] - Attribute 'value' of object 'Object Repository/HealthpostToStore/Page_Store/input_txtprice' is: '800'

2018-06-09 22:01:01 - [TEST_STEP][PASSED] - Statement - out.println("Stock QTY : " + StockQty): null

2018-06-09 22:01:01 - [TEST_STEP][PASSED] - delay: Delayed 2 second(s)

2018-06-09 22:01:03 - [MESSAGE][PASSED] - Delayed 2 second(s)

2018-06-09 22:01:03 - [TEST_STEP][PASSED] - Statement - If (java.lang.String.valueOf(StockQty) >= java.lang.String.valueOf(RequestedQty)): null

2018-06-09 22:01:03 - [TEST_STEP][PASSED] - setText: Text '10' is set on object 'Object Repository/HealthpostToStore/Page_Store/input_txtqty'

2018-06-09 22:01:03 - [MESSAGE][PASSED] - Text '10' is set on object 'Object Repository/HealthpostToStore/Page_Store/input_txtqty'

2018-06-09 22:01:03 - [TEST_STEP][PASSED] - click: Object: 'Object Repository/HealthpostToStore/Page_Store/button_Add' is clicked on

2018-06-09 22:01:03 - [MESSAGE][PASSED] - Object: 'Object Repository/HealthpostToStore/Page_Store/button_Add' is clicked on

2018-06-09 22:01:03 - [TEST_STEP][PASSED] - Statement - Break: null

2018-06-09 22:01:03 - [TEST_STEP][PASSED] - selectOptionByIndex: All options with index in [18] are selected on object 'Object Repository/HealthpostToStore/Page_Store/select_--Select--Adernaline 0.'

2018-06-09 22:01:03 - [MESSAGE][PASSED] - All options with index in [18] are selected on object 'Object Repository/HealthpostToStore/Page_Store/select_--Select--Adernaline 0.'

2018-06-09 22:01:03 - [TEST_STEP][PASSED] - delay: Delayed 2 second(s)

2018-06-09 22:01:05 - [MESSAGE][PASSED] - Delayed 2 second(s)

2018-06-09 22:01:05 - [TEST_STEP][PASSED] - Statement - RequestedQty = com.kms.katalon.core.webui.keyword.WebUiBuiltInKeywords.getAttribute(com.kms.katalon.core.testobject.ObjectRepository.findTestObject(HealthpostToStore/Page_Store/input_txttotal), "value"): Attribute 'value' of object 'Object Repository/HealthpostToStore/Page_Store/input_txttotal' is: '10'

2018-06-09 22:01:06 - [MESSAGE][PASSED] - Attribute 'value' of object 'Object Repository/HealthpostToStore/Page_Store/input_txttotal' is: '10'

2018-06-09 22:01:06 - [TEST_STEP][PASSED] - Statement - out.println("Requested QTY : " + RequestedQty): null

2018-06-09 22:01:06 - [TEST_STEP][PASSED] - Statement - BatchNumber = com.kms.katalon.core.webui.keyword.WebUiBuiltInKeywords.getNumberOfTotalOption(com.kms.katalon.core.testobject.ObjectRepository.findTestObject(HealthpostToStore/Page_Store/select_--Select--BA1170BA2376B)): 4 options of object 'Object Repository/HealthpostToStore/Page_Store/select_--Select--BA1170BA2376B' counted

2018-06-09 22:01:06 - [MESSAGE][PASSED] - 4 options of object 'Object Repository/HealthpostToStore/Page_Store/select_--Select--BA1170BA2376B' counted

2018-06-09 22:01:06 - [TEST_STEP][PASSED] - Statement - For ([g = 1, g <= BatchNumber - 1, (g++)]): null

2018-06-09 22:01:06 - [TEST_STEP][PASSED] - selectOptionByIndex: All options with index in [1] are selected on object 'Object Repository/HealthpostToStore/Page_Store/select_--Select--BA1170BA2376B'

2018-06-09 22:01:06 - [MESSAGE][PASSED] - All options with index in [1] are selected on object 'Object Repository/HealthpostToStore/Page_Store/select_--Select--BA1170BA2376B'

2018-06-09 22:01:06 - [TEST_STEP][PASSED] - Statement - Try: null

2018-06-09 22:01:06 - [TEST_STEP][PASSED] - Statement - StockQty = com.kms.katalon.core.webui.keyword.WebUiBuiltInKeywords.getAttribute(com.kms.katalon.core.testobject.ObjectRepository.findTestObject(HealthpostToStore/Page_Store/input_txtprice), "value"): Attribute 'value' of object 'Object Repository/HealthpostToStore/Page_Store/input_txtprice' is: '390'

2018-06-09 22:01:06 - [MESSAGE][PASSED] - Attribute 'value' of object 'Object Repository/HealthpostToStore/Page_Store/input_txtprice' is: '390'

2018-06-09 22:01:06 - [TEST_STEP][PASSED] - Statement - out.println("Stock QTY : " + StockQty): null

2018-06-09 22:01:06 - [TEST_STEP][PASSED] - delay: Delayed 2 second(s)

2018-06-09 22:01:08 - [MESSAGE][PASSED] - Delayed 2 second(s)

2018-06-09 22:01:08 - [TEST_STEP][PASSED] - Statement - If (java.lang.String.valueOf(StockQty) >= java.lang.String.valueOf(RequestedQty)): null

2018-06-09 22:01:08 - [TEST_STEP][PASSED] - setText: Text '10' is set on object 'Object Repository/HealthpostToStore/Page_Store/input_txtqty'

2018-06-09 22:01:08 - [MESSAGE][PASSED] - Text '10' is set on object 'Object Repository/HealthpostToStore/Page_Store/input_txtqty'

2018-06-09 22:01:08 - [TEST_STEP][PASSED] - click: Object: 'Object Repository/HealthpostToStore/Page_Store/button_Add' is clicked on

2018-06-09 22:01:08 - [MESSAGE][PASSED] - Object: 'Object Repository/HealthpostToStore/Page_Store/button_Add' is clicked on

2018-06-09 22:01:08 - [TEST_STEP][PASSED] - Statement - Break: null

2018-06-09 22:01:08 - [TEST_STEP][PASSED] - selectOptionByIndex: All options with index in [19] are selected on object 'Object Repository/HealthpostToStore/Page_Store/select_--Select--Adernaline 0.'

2018-06-09 22:01:08 - [MESSAGE][PASSED] - All options with index in [19] are selected on object 'Object Repository/HealthpostToStore/Page_Store/select_--Select--Adernaline 0.'

2018-06-09 22:01:08 - [TEST_STEP][PASSED] - delay: Delayed 2 second(s)

2018-06-09 22:01:10 - [MESSAGE][PASSED] - Delayed 2 second(s)

2018-06-09 22:01:10 - [TEST_STEP][PASSED] - Statement - RequestedQty = com.kms.katalon.core.webui.keyword.WebUiBuiltInKeywords.getAttribute(com.kms.katalon.core.testobject.ObjectRepository.findTestObject(HealthpostToStore/Page_Store/input_txttotal), "value"): Attribute 'value' of object 'Object Repository/HealthpostToStore/Page_Store/input_txttotal' is: '10'

2018-06-09 22:01:10 - [MESSAGE][PASSED] - Attribute 'value' of object 'Object Repository/HealthpostToStore/Page_Store/input_txttotal' is: '10'

2018-06-09 22:01:10 - [TEST_STEP][PASSED] - Statement - out.println("Requested QTY : " + RequestedQty): null

2018-06-09 22:01:10 - [TEST_STEP][PASSED] - Statement - BatchNumber = com.kms.katalon.core.webui.keyword.WebUiBuiltInKeywords.getNumberOfTotalOption(com.kms.katalon.core.testobject.ObjectRepository.findTestObject(HealthpostToStore/Page_Store/select_--Select--BA1170BA2376B)): 3 options of object 'Object Repository/HealthpostToStore/Page_Store/select_--Select--BA1170BA2376B' counted

2018-06-09 22:01:10 - [MESSAGE][PASSED] - 3 options of object 'Object Repository/HealthpostToStore/Page_Store/select_--Select--BA1170BA2376B' counted

2018-06-09 22:01:10 - [TEST_STEP][PASSED] - Statement - For ([g = 1, g <= BatchNumber - 1, (g++)]): null

2018-06-09 22:01:10 - [TEST_STEP][PASSED] - selectOptionByIndex: All options with index in [1] are selected on object 'Object Repository/HealthpostToStore/Page_Store/select_--Select--BA1170BA2376B'

2018-06-09 22:01:10 - [MESSAGE][PASSED] - All options with index in [1] are selected on object 'Object Repository/HealthpostToStore/Page_Store/select_--Select--BA1170BA2376B'

2018-06-09 22:01:10 - [TEST_STEP][PASSED] - Statement - Try: null

2018-06-09 22:01:10 - [TEST_STEP][PASSED] - Statement - StockQty = com.kms.katalon.core.webui.keyword.WebUiBuiltInKeywords.getAttribute(com.kms.katalon.core.testobject.ObjectRepository.findTestObject(HealthpostToStore/Page_Store/input_txtprice), "value"): Attribute 'value' of object 'Object Repository/HealthpostToStore/Page_Store/input_txtprice' is: '800'

2018-06-09 22:01:10 - [MESSAGE][PASSED] - Attribute 'value' of object 'Object Repository/HealthpostToStore/Page_Store/input_txtprice' is: '800'

2018-06-09 22:01:10 - [TEST_STEP][PASSED] - Statement - out.println("Stock QTY : " + StockQty): null

2018-06-09 22:01:10 - [TEST_STEP][PASSED] - delay: Delayed 2 second(s)

2018-06-09 22:01:12 - [MESSAGE][PASSED] - Delayed 2 second(s)

2018-06-09 22:01:12 - [TEST_STEP][PASSED] - Statement - If (java.lang.String.valueOf(StockQty) >= java.lang.String.valueOf(RequestedQty)): null

2018-06-09 22:01:12 - [TEST_STEP][PASSED] - setText: Text '10' is set on object 'Object Repository/HealthpostToStore/Page_Store/input_txtqty'

2018-06-09 22:01:12 - [MESSAGE][PASSED] - Text '10' is set on object 'Object Repository/HealthpostToStore/Page_Store/input_txtqty'

2018-06-09 22:01:12 - [TEST_STEP][PASSED] - click: Object: 'Object Repository/HealthpostToStore/Page_Store/button_Add' is clicked on

2018-06-09 22:01:13 - [MESSAGE][PASSED] - Object: 'Object Repository/HealthpostToStore/Page_Store/button_Add' is clicked on

2018-06-09 22:01:13 - [TEST_STEP][PASSED] - Statement - Break: null

2018-06-09 22:01:13 - [TEST_STEP][PASSED] - selectOptionByIndex: All options with index in [20] are selected on object 'Object Repository/HealthpostToStore/Page_Store/select_--Select--Adernaline 0.'

2018-06-09 22:01:13 - [MESSAGE][PASSED] - All options with index in [20] are selected on object 'Object Repository/HealthpostToStore/Page_Store/select_--Select--Adernaline 0.'

2018-06-09 22:01:13 - [TEST_STEP][PASSED] - delay: Delayed 2 second(s)

2018-06-09 22:01:15 - [MESSAGE][PASSED] - Delayed 2 second(s)

2018-06-09 22:01:15 - [TEST_STEP][PASSED] - Statement - RequestedQty = com.kms.katalon.core.webui.keyword.WebUiBuiltInKeywords.getAttribute(com.kms.katalon.core.testobject.ObjectRepository.findTestObject(HealthpostToStore/Page_Store/input_txttotal), "value"): Attribute 'value' of object 'Object Repository/HealthpostToStore/Page_Store/input_txttotal' is: '10'

2018-06-09 22:01:15 - [MESSAGE][PASSED] - Attribute 'value' of object 'Object Repository/HealthpostToStore/Page_Store/input_txttotal' is: '10'

2018-06-09 22:01:15 - [TEST_STEP][PASSED] - Statement - out.println("Requested QTY : " + RequestedQty): null

2018-06-09 22:01:15 - [TEST_STEP][PASSED] - Statement - BatchNumber = com.kms.katalon.core.webui.keyword.WebUiBuiltInKeywords.getNumberOfTotalOption(com.kms.katalon.core.testobject.ObjectRepository.findTestObject(HealthpostToStore/Page_Store/select_--Select--BA1170BA2376B)): 3 options of object 'Object Repository/HealthpostToStore/Page_Store/select_--Select--BA1170BA2376B' counted

2018-06-09 22:01:15 - [MESSAGE][PASSED] - 3 options of object 'Object Repository/HealthpostToStore/Page_Store/select_--Select--BA1170BA2376B' counted

2018-06-09 22:01:15 - [TEST_STEP][PASSED] - Statement - For ([g = 1, g <= BatchNumber - 1, (g++)]): null

2018-06-09 22:01:15 - [TEST_STEP][PASSED] - selectOptionByIndex: All options with index in [1] are selected on object 'Object Repository/HealthpostToStore/Page_Store/select_--Select--BA1170BA2376B'

2018-06-09 22:01:15 - [MESSAGE][PASSED] - All options with index in [1] are selected on object 'Object Repository/HealthpostToStore/Page_Store/select_--Select--BA1170BA2376B'

2018-06-09 22:01:15 - [TEST_STEP][PASSED] - Statement - Try: null

2018-06-09 22:01:15 - [TEST_STEP][PASSED] - Statement - StockQty = com.kms.katalon.core.webui.keyword.WebUiBuiltInKeywords.getAttribute(com.kms.katalon.core.testobject.ObjectRepository.findTestObject(HealthpostToStore/Page_Store/input_txtprice), "value"): Attribute 'value' of object 'Object Repository/HealthpostToStore/Page_Store/input_txtprice' is: '800'

2018-06-09 22:01:15 - [MESSAGE][PASSED] - Attribute 'value' of object 'Object Repository/HealthpostToStore/Page_Store/input_txtprice' is: '800'

2018-06-09 22:01:15 - [TEST_STEP][PASSED] - Statement - out.println("Stock QTY : " + StockQty): null

2018-06-09 22:01:15 - [TEST_STEP][PASSED] - delay: Delayed 2 second(s)

2018-06-09 22:01:17 - [MESSAGE][PASSED] - Delayed 2 second(s)

2018-06-09 22:01:17 - [TEST_STEP][PASSED] - Statement - If (java.lang.String.valueOf(StockQty) >= java.lang.String.valueOf(RequestedQty)): null

2018-06-09 22:01:17 - [TEST_STEP][PASSED] - setText: Text '10' is set on object 'Object Repository/HealthpostToStore/Page_Store/input_txtqty'

2018-06-09 22:01:17 - [MESSAGE][PASSED] - Text '10' is set on object 'Object Repository/HealthpostToStore/Page_Store/input_txtqty'

2018-06-09 22:01:17 - [TEST_STEP][PASSED] - click: Object: 'Object Repository/HealthpostToStore/Page_Store/button_Add' is clicked on

2018-06-09 22:01:17 - [MESSAGE][PASSED] - Object: 'Object Repository/HealthpostToStore/Page_Store/button_Add' is clicked on

2018-06-09 22:01:17 - [TEST_STEP][PASSED] - Statement - Break: null

2018-06-09 22:01:17 - [TEST_STEP][PASSED] - selectOptionByIndex: All options with index in [21] are selected on object 'Object Repository/HealthpostToStore/Page_Store/select_--Select--Adernaline 0.'

2018-06-09 22:01:18 - [MESSAGE][PASSED] - All options with index in [21] are selected on object 'Object Repository/HealthpostToStore/Page_Store/select_--Select--Adernaline 0.'

2018-06-09 22:01:18 - [TEST_STEP][PASSED] - delay: Delayed 2 second(s)

2018-06-09 22:01:20 - [MESSAGE][PASSED] - Delayed 2 second(s)

2018-06-09 22:01:20 - [TEST_STEP][PASSED] - Statement - RequestedQty = com.kms.katalon.core.webui.keyword.WebUiBuiltInKeywords.getAttribute(com.kms.katalon.core.testobject.ObjectRepository.findTestObject(HealthpostToStore/Page_Store/input_txttotal), "value"): Attribute 'value' of object 'Object Repository/HealthpostToStore/Page_Store/input_txttotal' is: '10'

2018-06-09 22:01:20 - [MESSAGE][PASSED] - Attribute 'value' of object 'Object Repository/HealthpostToStore/Page_Store/input_txttotal' is: '10'

2018-06-09 22:01:20 - [TEST_STEP][PASSED] - Statement - out.println("Requested QTY : " + RequestedQty): null

2018-06-09 22:01:20 - [TEST_STEP][PASSED] - Statement - BatchNumber = com.kms.katalon.core.webui.keyword.WebUiBuiltInKeywords.getNumberOfTotalOption(com.kms.katalon.core.testobject.ObjectRepository.findTestObject(HealthpostToStore/Page_Store/select_--Select--BA1170BA2376B)): 3 options of object 'Object Repository/HealthpostToStore/Page_Store/select_--Select--BA1170BA2376B' counted

2018-06-09 22:01:20 - [MESSAGE][PASSED] - 3 options of object 'Object Repository/HealthpostToStore/Page_Store/select_--Select--BA1170BA2376B' counted

2018-06-09 22:01:20 - [TEST_STEP][PASSED] - Statement - For ([g = 1, g <= BatchNumber - 1, (g++)]): null

2018-06-09 22:01:20 - [TEST_STEP][PASSED] - selectOptionByIndex: All options with index in [1] are selected on object 'Object Repository/HealthpostToStore/Page_Store/select_--Select--BA1170BA2376B'

2018-06-09 22:01:20 - [MESSAGE][PASSED] - All options with index in [1] are selected on object 'Object Repository/HealthpostToStore/Page_Store/select_--Select--BA1170BA2376B'

2018-06-09 22:01:20 - [TEST_STEP][PASSED] - Statement - Try: null

2018-06-09 22:01:20 - [TEST_STEP][PASSED] - Statement - StockQty = com.kms.katalon.core.webui.keyword.WebUiBuiltInKeywords.getAttribute(com.kms.katalon.core.testobject.ObjectRepository.findTestObject(HealthpostToStore/Page_Store/input_txtprice), "value"): Attribute 'value' of object 'Object Repository/HealthpostToStore/Page_Store/input_txtprice' is: ''

2018-06-09 22:01:20 - [MESSAGE][PASSED] - Attribute 'value' of object 'Object Repository/HealthpostToStore/Page_Store/input_txtprice' is: ''

2018-06-09 22:01:20 - [TEST_STEP][PASSED] - Statement - out.println("Stock QTY : " + StockQty): null

2018-06-09 22:01:20 - [TEST_STEP][PASSED] - delay: Delayed 2 second(s)

2018-06-09 22:01:22 - [MESSAGE][PASSED] - Delayed 2 second(s)

2018-06-09 22:01:22 - [TEST_STEP][PASSED] - Statement - If (java.lang.String.valueOf(StockQty) >= java.lang.String.valueOf(RequestedQty)): null

2018-06-09 22:01:22 - [TEST_STEP][PASSED] - Statement - Else: null

2018-06-09 22:01:22 - [TEST_STEP][PASSED] - Statement - out.println("Stock Is Less Than Requested Qty"): null

2018-06-09 22:01:22 - [TEST_STEP][PASSED] - selectOptionByIndex: All options with index in [2] are selected on object 'Object Repository/HealthpostToStore/Page_Store/select_--Select--BA1170BA2376B'

2018-06-09 22:01:22 - [MESSAGE][PASSED] - All options with index in [2] are selected on object 'Object Repository/HealthpostToStore/Page_Store/select_--Select--BA1170BA2376B'

2018-06-09 22:01:22 - [TEST_STEP][PASSED] - Statement - Try: null

2018-06-09 22:01:22 - [TEST_STEP][PASSED] - Statement - StockQty = com.kms.katalon.core.webui.keyword.WebUiBuiltInKeywords.getAttribute(com.kms.katalon.core.testobject.ObjectRepository.findTestObject(HealthpostToStore/Page_Store/input_txtprice), "value"): Attribute 'value' of object 'Object Repository/HealthpostToStore/Page_Store/input_txtprice' is: '70'

2018-06-09 22:01:22 - [MESSAGE][PASSED] - Attribute 'value' of object 'Object Repository/HealthpostToStore/Page_Store/input_txtprice' is: '70'

2018-06-09 22:01:22 - [TEST_STEP][PASSED] - Statement - out.println("Stock QTY : " + StockQty): null

2018-06-09 22:01:22 - [TEST_STEP][PASSED] - delay: Delayed 2 second(s)

2018-06-09 22:01:24 - [MESSAGE][PASSED] - Delayed 2 second(s)

2018-06-09 22:01:24 - [TEST_STEP][PASSED] - Statement - If (java.lang.String.valueOf(StockQty) >= java.lang.String.valueOf(RequestedQty)): null

2018-06-09 22:01:24 - [TEST_STEP][PASSED] - setText: Text '10' is set on object 'Object Repository/HealthpostToStore/Page_Store/input_txtqty'

2018-06-09 22:01:24 - [MESSAGE][PASSED] - Text '10' is set on object 'Object Repository/HealthpostToStore/Page_Store/input_txtqty'

2018-06-09 22:01:24 - [TEST_STEP][PASSED] - click: Object: 'Object Repository/HealthpostToStore/Page_Store/button_Add' is clicked on

2018-06-09 22:01:24 - [MESSAGE][PASSED] - Object: 'Object Repository/HealthpostToStore/Page_Store/button_Add' is clicked on

2018-06-09 22:01:24 - [TEST_STEP][PASSED] - Statement - Break: null

2018-06-09 22:01:24 - [TEST_STEP][PASSED] - selectOptionByIndex: All options with index in [22] are selected on object 'Object Repository/HealthpostToStore/Page_Store/select_--Select--Adernaline 0.'

2018-06-09 22:01:24 - [MESSAGE][PASSED] - All options with index in [22] are selected on object 'Object Repository/HealthpostToStore/Page_Store/select_--Select--Adernaline 0.'

2018-06-09 22:01:24 - [TEST_STEP][PASSED] - delay: Delayed 2 second(s)

2018-06-09 22:01:26 - [MESSAGE][PASSED] - Delayed 2 second(s)

2018-06-09 22:01:26 - [TEST_STEP][PASSED] - Statement - RequestedQty = com.kms.katalon.core.webui.keyword.WebUiBuiltInKeywords.getAttribute(com.kms.katalon.core.testobject.ObjectRepository.findTestObject(HealthpostToStore/Page_Store/input_txttotal), "value"): Attribute 'value' of object 'Object Repository/HealthpostToStore/Page_Store/input_txttotal' is: '10'

2018-06-09 22:01:26 - [MESSAGE][PASSED] - Attribute 'value' of object 'Object Repository/HealthpostToStore/Page_Store/input_txttotal' is: '10'

2018-06-09 22:01:26 - [TEST_STEP][PASSED] - Statement - out.println("Requested QTY : " + RequestedQty): null

2018-06-09 22:01:26 - [TEST_STEP][PASSED] - Statement - BatchNumber = com.kms.katalon.core.webui.keyword.WebUiBuiltInKeywords.getNumberOfTotalOption(com.kms.katalon.core.testobject.ObjectRepository.findTestObject(HealthpostToStore/Page_Store/select_--Select--BA1170BA2376B)): 4 options of object 'Object Repository/HealthpostToStore/Page_Store/select_--Select--BA1170BA2376B' counted

2018-06-09 22:01:26 - [MESSAGE][PASSED] - 4 options of object 'Object Repository/HealthpostToStore/Page_Store/select_--Select--BA1170BA2376B' counted

2018-06-09 22:01:26 - [TEST_STEP][PASSED] - Statement - For ([g = 1, g <= BatchNumber - 1, (g++)]): null

2018-06-09 22:01:26 - [TEST_STEP][PASSED] - selectOptionByIndex: All options with index in [1] are selected on object 'Object Repository/HealthpostToStore/Page_Store/select_--Select--BA1170BA2376B'

2018-06-09 22:01:27 - [MESSAGE][PASSED] - All options with index in [1] are selected on object 'Object Repository/HealthpostToStore/Page_Store/select_--Select--BA1170BA2376B'

2018-06-09 22:01:27 - [TEST_STEP][PASSED] - Statement - Try: null

2018-06-09 22:01:27 - [TEST_STEP][PASSED] - Statement - StockQty = com.kms.katalon.core.webui.keyword.WebUiBuiltInKeywords.getAttribute(com.kms.katalon.core.testobject.ObjectRepository.findTestObject(HealthpostToStore/Page_Store/input_txtprice), "value"): Attribute 'value' of object 'Object Repository/HealthpostToStore/Page_Store/input_txtprice' is: '390'

2018-06-09 22:01:27 - [MESSAGE][PASSED] - Attribute 'value' of object 'Object Repository/HealthpostToStore/Page_Store/input_txtprice' is: '390'

2018-06-09 22:01:27 - [TEST_STEP][PASSED] - Statement - out.println("Stock QTY : " + StockQty): null

2018-06-09 22:01:27 - [TEST_STEP][PASSED] - delay: Delayed 2 second(s)

2018-06-09 22:01:29 - [MESSAGE][PASSED] - Delayed 2 second(s)

2018-06-09 22:01:29 - [TEST_STEP][PASSED] - Statement - If (java.lang.String.valueOf(StockQty) >= java.lang.String.valueOf(RequestedQty)): null

2018-06-09 22:01:29 - [TEST_STEP][PASSED] - setText: Text '10' is set on object 'Object Repository/HealthpostToStore/Page_Store/input_txtqty'

2018-06-09 22:01:29 - [MESSAGE][PASSED] - Text '10' is set on object 'Object Repository/HealthpostToStore/Page_Store/input_txtqty'

2018-06-09 22:01:29 - [TEST_STEP][PASSED] - click: Object: 'Object Repository/HealthpostToStore/Page_Store/button_Add' is clicked on

2018-06-09 22:01:29 - [MESSAGE][PASSED] - Object: 'Object Repository/HealthpostToStore/Page_Store/button_Add' is clicked on

2018-06-09 22:01:29 - [TEST_STEP][PASSED] - Statement - Break: null

2018-06-09 22:01:29 - [TEST_STEP][PASSED] - selectOptionByIndex: All options with index in [23] are selected on object 'Object Repository/HealthpostToStore/Page_Store/select_--Select--Adernaline 0.'

2018-06-09 22:01:29 - [MESSAGE][PASSED] - All options with index in [23] are selected on object 'Object Repository/HealthpostToStore/Page_Store/select_--Select--Adernaline 0.'

2018-06-09 22:01:29 - [TEST_STEP][PASSED] - delay: Delayed 2 second(s)

2018-06-09 22:01:31 - [MESSAGE][PASSED] - Delayed 2 second(s)

2018-06-09 22:01:31 - [TEST_STEP][PASSED] - Statement - RequestedQty = com.kms.katalon.core.webui.keyword.WebUiBuiltInKeywords.getAttribute(com.kms.katalon.core.testobject.ObjectRepository.findTestObject(HealthpostToStore/Page_Store/input_txttotal), "value"): Attribute 'value' of object 'Object Repository/HealthpostToStore/Page_Store/input_txttotal' is: '10'

2018-06-09 22:01:31 - [MESSAGE][PASSED] - Attribute 'value' of object 'Object Repository/HealthpostToStore/Page_Store/input_txttotal' is: '10'

2018-06-09 22:01:31 - [TEST_STEP][PASSED] - Statement - out.println("Requested QTY : " + RequestedQty): null

2018-06-09 22:01:31 - [TEST_STEP][PASSED] - Statement - BatchNumber = com.kms.katalon.core.webui.keyword.WebUiBuiltInKeywords.getNumberOfTotalOption(com.kms.katalon.core.testobject.ObjectRepository.findTestObject(HealthpostToStore/Page_Store/select_--Select--BA1170BA2376B)): 3 options of object 'Object Repository/HealthpostToStore/Page_Store/select_--Select--BA1170BA2376B' counted

2018-06-09 22:01:31 - [MESSAGE][PASSED] - 3 options of object 'Object Repository/HealthpostToStore/Page_Store/select_--Select--BA1170BA2376B' counted

2018-06-09 22:01:31 - [TEST_STEP][PASSED] - Statement - For ([g = 1, g <= BatchNumber - 1, (g++)]): null

2018-06-09 22:01:31 - [TEST_STEP][PASSED] - selectOptionByIndex: All options with index in [1] are selected on object 'Object Repository/HealthpostToStore/Page_Store/select_--Select--BA1170BA2376B'

2018-06-09 22:01:31 - [MESSAGE][PASSED] - All options with index in [1] are selected on object 'Object Repository/HealthpostToStore/Page_Store/select_--Select--BA1170BA2376B'

2018-06-09 22:01:31 - [TEST_STEP][PASSED] - Statement - Try: null

2018-06-09 22:01:31 - [TEST_STEP][PASSED] - Statement - StockQty = com.kms.katalon.core.webui.keyword.WebUiBuiltInKeywords.getAttribute(com.kms.katalon.core.testobject.ObjectRepository.findTestObject(HealthpostToStore/Page_Store/input_txtprice), "value"): Attribute 'value' of object 'Object Repository/HealthpostToStore/Page_Store/input_txtprice' is: '800'

2018-06-09 22:01:31 - [MESSAGE][PASSED] - Attribute 'value' of object 'Object Repository/HealthpostToStore/Page_Store/input_txtprice' is: '800'

2018-06-09 22:01:31 - [TEST_STEP][PASSED] - Statement - out.println("Stock QTY : " + StockQty): null

2018-06-09 22:01:31 - [TEST_STEP][PASSED] - delay: Delayed 2 second(s)

2018-06-09 22:01:33 - [MESSAGE][PASSED] - Delayed 2 second(s)

2018-06-09 22:01:33 - [TEST_STEP][PASSED] - Statement - If (java.lang.String.valueOf(StockQty) >= java.lang.String.valueOf(RequestedQty)): null

2018-06-09 22:01:33 - [TEST_STEP][PASSED] - setText: Text '10' is set on object 'Object Repository/HealthpostToStore/Page_Store/input_txtqty'

2018-06-09 22:01:33 - [MESSAGE][PASSED] - Text '10' is set on object 'Object Repository/HealthpostToStore/Page_Store/input_txtqty'

2018-06-09 22:01:33 - [TEST_STEP][PASSED] - click: Object: 'Object Repository/HealthpostToStore/Page_Store/button_Add' is clicked on

2018-06-09 22:01:34 - [MESSAGE][PASSED] - Object: 'Object Repository/HealthpostToStore/Page_Store/button_Add' is clicked on

2018-06-09 22:01:34 - [TEST_STEP][PASSED] - Statement - Break: null

2018-06-09 22:01:34 - [TEST_STEP][PASSED] - scrollToElement: Scroll to object 'Object Repository/HealthpostToStore/Page_Store/input_btnSubmit' successfully

2018-06-09 22:01:34 - [MESSAGE][PASSED] - Scroll to object 'Object Repository/HealthpostToStore/Page_Store/input_btnSubmit' successfully

2018-06-09 22:01:34 - [TEST_STEP][PASSED] - click: Object: 'Object Repository/HealthpostToStore/Page_Store/input_btnSubmit' is clicked on

2018-06-09 22:01:34 - [MESSAGE][PASSED] - Object: 'Object Repository/HealthpostToStore/Page_Store/input_btnSubmit' is clicked on

2018-06-09 22:01:34 - [TEST_STEP][PASSED] - delay: Delayed 3 second(s)

2018-06-09 22:01:37 - [MESSAGE][PASSED] - Delayed 3 second(s)

2018-06-09 22:01:37 - [TEST_STEP][PASSED] - click: Object: 'Object Repository/HealthpostToStore/Page_Store/button_OK' is clicked on

2018-06-09 22:01:38 - [MESSAGE][PASSED] - Object: 'Object Repository/HealthpostToStore/Page_Store/button_OK' is clicked on

2018-06-09 22:01:38 - [TEST_STEP][PASSED] - delay: Delayed 3 second(s)

2018-06-09 22:01:41 - [MESSAGE][PASSED] - Delayed 3 second(s)

2018-06-09 22:01:41 - [TEST_STEP][PASSED] - click: Object: 'Object Repository/HealthpostToStore/Page_Store/a_dropdown-toggle' is clicked on

2018-06-09 22:01:41 - [MESSAGE][PASSED] - Object: 'Object Repository/HealthpostToStore/Page_Store/a_dropdown-toggle' is clicked on

2018-06-09 22:01:41 - [TEST_STEP][PASSED] - click: Object: 'Object Repository/HealthpostToStore/Page_Store/a_Sign out' is clicked on

2018-06-09 22:01:41 - [MESSAGE][PASSED] - Object: 'Object Repository/HealthpostToStore/Page_Store/a_Sign out' is clicked on

2018-06-09 22:01:41 - [TEST_STEP][PASSED] - closeBrowser: Browser is closed

2018-06-09 22:01:42 - [MESSAGE][PASSED] - Browser is closed]]></system-out>
         <system-err><![CDATA[]]></system-err>
      </testcase>
      <testcase name="Test Cases/HEALTHPOST TEST CASES/TC_HP_008 Verify Schedule 8 Healthpost Request Are Working Successfully Or Not" classname="Test Cases/HEALTHPOST TEST CASES/TC_HP_008 Verify Schedule 8 Healthpost Request Are Working Successfully Or Not" status="PASSED">
         <system-out><![CDATA[2018-06-09 22:01:42 - [TEST_CASE][PASSED] - Test Cases/HEALTHPOST TEST CASES/TC_HP_008 Verify Schedule 8 Healthpost Request Are Working Successfully Or Not: Test Cases/HEALTHPOST TEST CASES/TC_HP_008 Verify Schedule 8 Healthpost Request Are Working Successfully Or Not

2018-06-09 22:01:42 - [TEST_STEP][PASSED] - openBrowser: Browser is opened with url: ''

2018-06-09 22:01:44 - [MESSAGE][PASSED] - Browser is opened with url: ''

2018-06-09 22:01:44 - [TEST_STEP][PASSED] - navigateToUrl: Navigate to 'http://192.168.137.1/multihospital_new/HDSplashscreen.aspx' successfully

2018-06-09 22:01:46 - [MESSAGE][PASSED] - Navigate to 'http://192.168.137.1/multihospital_new/HDSplashscreen.aspx' successfully

2018-06-09 22:01:46 - [TEST_STEP][PASSED] - maximizeWindow: Current window maximized

2018-06-09 22:01:47 - [MESSAGE][PASSED] - Current window maximized

2018-06-09 22:01:47 - [TEST_STEP][PASSED] - click: Object: 'Object Repository/HealthpostToStore/Page_KDMC/a_Healthpost Store' is clicked on

2018-06-09 22:01:48 - [MESSAGE][PASSED] - Object: 'Object Repository/HealthpostToStore/Page_KDMC/a_Healthpost Store' is clicked on

2018-06-09 22:01:48 - [TEST_STEP][PASSED] - setText: Text 'raguram' is set on object 'Object Repository/HealthpostToStore/Page_HealthPost Store Login/input_txtusername'

2018-06-09 22:01:48 - [MESSAGE][PASSED] - Text 'raguram' is set on object 'Object Repository/HealthpostToStore/Page_HealthPost Store Login/input_txtusername'

2018-06-09 22:01:48 - [TEST_STEP][PASSED] - setText: Text '123' is set on object 'Object Repository/HealthpostToStore/Page_HealthPost Store Login/input_txtpassword'

2018-06-09 22:01:48 - [MESSAGE][PASSED] - Text '123' is set on object 'Object Repository/HealthpostToStore/Page_HealthPost Store Login/input_txtpassword'

2018-06-09 22:01:48 - [TEST_STEP][PASSED] - delay: Delayed 3 second(s)

2018-06-09 22:01:51 - [MESSAGE][PASSED] - Delayed 3 second(s)

2018-06-09 22:01:51 - [TEST_STEP][PASSED] - sendKeys: Keys 'ENTER + ' sent to object: 'Object Repository/HealthpostToStore/Page_HealthPost Store Login/input_txtpassword'

2018-06-09 22:01:51 - [MESSAGE][PASSED] - Keys 'ENTER + ' sent to object: 'Object Repository/HealthpostToStore/Page_HealthPost Store Login/input_txtpassword'

2018-06-09 22:01:51 - [TEST_STEP][PASSED] - delay: Delayed 3 second(s)

2018-06-09 22:01:54 - [MESSAGE][PASSED] - Delayed 3 second(s)

2018-06-09 22:01:54 - [TEST_STEP][PASSED] - click: Object: 'Object Repository/HealthpostToStore/Page_HealthPost Store/a_Request to Store' is clicked on

2018-06-09 22:01:55 - [MESSAGE][PASSED] - Object: 'Object Repository/HealthpostToStore/Page_HealthPost Store/a_Request to Store' is clicked on

2018-06-09 22:01:55 - [TEST_STEP][PASSED] - delay: Delayed 1 second(s)

2018-06-09 22:01:56 - [MESSAGE][PASSED] - Delayed 1 second(s)

2018-06-09 22:01:56 - [TEST_STEP][PASSED] - click: Object: 'Object Repository/HealthpostToStore/Page_HealthPost Store/a_Medicine Request' is clicked on

2018-06-09 22:01:56 - [MESSAGE][PASSED] - Object: 'Object Repository/HealthpostToStore/Page_HealthPost Store/a_Medicine Request' is clicked on

2018-06-09 22:01:56 - [TEST_STEP][PASSED] - delay: Delayed 1 second(s)

2018-06-09 22:01:57 - [MESSAGE][PASSED] - Delayed 1 second(s)

2018-06-09 22:01:57 - [TEST_STEP][PASSED] - selectOptionByIndex: All options with index in [8] are selected on object 'Object Repository/HealthpostToStore/Page_HealthPost Store/select_--Select--Schedule 1Inj'

2018-06-09 22:01:57 - [MESSAGE][PASSED] - All options with index in [8] are selected on object 'Object Repository/HealthpostToStore/Page_HealthPost Store/select_--Select--Schedule 1Inj'

2018-06-09 22:01:57 - [TEST_STEP][PASSED] - Statement - medicineslength = com.kms.katalon.core.webui.keyword.WebUiBuiltInKeywords.getNumberOfTotalOption(com.kms.katalon.core.testobject.ObjectRepository.findTestObject(HealthpostToStore/Page_HealthPost Store/select_--Select--Adernaline 0.)): 18 options of object 'Object Repository/HealthpostToStore/Page_HealthPost Store/select_--Select--Adernaline 0.' counted

2018-06-09 22:01:57 - [MESSAGE][PASSED] - 18 options of object 'Object Repository/HealthpostToStore/Page_HealthPost Store/select_--Select--Adernaline 0.' counted

2018-06-09 22:01:57 - [TEST_STEP][PASSED] - Statement - For ([e = 1, e <= medicineslength - 1, (e++)]): Object: 'Object Repository/HealthpostToStore/Page_HealthPost Store/button_Add' is clicked on

2018-06-09 22:01:57 - [TEST_STEP][PASSED] - selectOptionByIndex: All options with index in [8] are selected on object 'Object Repository/HealthpostToStore/Page_HealthPost Store/select_--Select--Schedule 1Inj'

2018-06-09 22:01:58 - [MESSAGE][PASSED] - All options with index in [8] are selected on object 'Object Repository/HealthpostToStore/Page_HealthPost Store/select_--Select--Schedule 1Inj'

2018-06-09 22:01:58 - [TEST_STEP][PASSED] - delay: Delayed 1 second(s)

2018-06-09 22:01:59 - [MESSAGE][PASSED] - Delayed 1 second(s)

2018-06-09 22:01:59 - [TEST_STEP][PASSED] - selectOptionByIndex: All options with index in [1] are selected on object 'Object Repository/HealthpostToStore/Page_HealthPost Store/select_--Select--Adernaline 0.'

2018-06-09 22:01:59 - [MESSAGE][PASSED] - All options with index in [1] are selected on object 'Object Repository/HealthpostToStore/Page_HealthPost Store/select_--Select--Adernaline 0.'

2018-06-09 22:01:59 - [TEST_STEP][PASSED] - setText: Text '10' is set on object 'Object Repository/HealthpostToStore/Page_HealthPost Store/input_txttreat'

2018-06-09 22:01:59 - [MESSAGE][PASSED] - Text '10' is set on object 'Object Repository/HealthpostToStore/Page_HealthPost Store/input_txttreat'

2018-06-09 22:01:59 - [TEST_STEP][PASSED] - click: Object: 'Object Repository/HealthpostToStore/Page_HealthPost Store/button_Add' is clicked on

2018-06-09 22:01:59 - [MESSAGE][PASSED] - Object: 'Object Repository/HealthpostToStore/Page_HealthPost Store/button_Add' is clicked on

2018-06-09 22:01:59 - [TEST_STEP][PASSED] - selectOptionByIndex: All options with index in [8] are selected on object 'Object Repository/HealthpostToStore/Page_HealthPost Store/select_--Select--Schedule 1Inj'

2018-06-09 22:01:59 - [MESSAGE][PASSED] - All options with index in [8] are selected on object 'Object Repository/HealthpostToStore/Page_HealthPost Store/select_--Select--Schedule 1Inj'

2018-06-09 22:01:59 - [TEST_STEP][PASSED] - delay: Delayed 1 second(s)

2018-06-09 22:02:00 - [MESSAGE][PASSED] - Delayed 1 second(s)

2018-06-09 22:02:00 - [TEST_STEP][PASSED] - selectOptionByIndex: All options with index in [2] are selected on object 'Object Repository/HealthpostToStore/Page_HealthPost Store/select_--Select--Adernaline 0.'

2018-06-09 22:02:00 - [MESSAGE][PASSED] - All options with index in [2] are selected on object 'Object Repository/HealthpostToStore/Page_HealthPost Store/select_--Select--Adernaline 0.'

2018-06-09 22:02:00 - [TEST_STEP][PASSED] - setText: Text '10' is set on object 'Object Repository/HealthpostToStore/Page_HealthPost Store/input_txttreat'

2018-06-09 22:02:00 - [MESSAGE][PASSED] - Text '10' is set on object 'Object Repository/HealthpostToStore/Page_HealthPost Store/input_txttreat'

2018-06-09 22:02:00 - [TEST_STEP][PASSED] - click: Object: 'Object Repository/HealthpostToStore/Page_HealthPost Store/button_Add' is clicked on

2018-06-09 22:02:00 - [MESSAGE][PASSED] - Object: 'Object Repository/HealthpostToStore/Page_HealthPost Store/button_Add' is clicked on

2018-06-09 22:02:00 - [TEST_STEP][PASSED] - selectOptionByIndex: All options with index in [8] are selected on object 'Object Repository/HealthpostToStore/Page_HealthPost Store/select_--Select--Schedule 1Inj'

2018-06-09 22:02:01 - [MESSAGE][PASSED] - All options with index in [8] are selected on object 'Object Repository/HealthpostToStore/Page_HealthPost Store/select_--Select--Schedule 1Inj'

2018-06-09 22:02:01 - [TEST_STEP][PASSED] - delay: Delayed 1 second(s)

2018-06-09 22:02:02 - [MESSAGE][PASSED] - Delayed 1 second(s)

2018-06-09 22:02:02 - [TEST_STEP][PASSED] - selectOptionByIndex: All options with index in [3] are selected on object 'Object Repository/HealthpostToStore/Page_HealthPost Store/select_--Select--Adernaline 0.'

2018-06-09 22:02:02 - [MESSAGE][PASSED] - All options with index in [3] are selected on object 'Object Repository/HealthpostToStore/Page_HealthPost Store/select_--Select--Adernaline 0.'

2018-06-09 22:02:02 - [TEST_STEP][PASSED] - setText: Text '10' is set on object 'Object Repository/HealthpostToStore/Page_HealthPost Store/input_txttreat'

2018-06-09 22:02:02 - [MESSAGE][PASSED] - Text '10' is set on object 'Object Repository/HealthpostToStore/Page_HealthPost Store/input_txttreat'

2018-06-09 22:02:02 - [TEST_STEP][PASSED] - click: Object: 'Object Repository/HealthpostToStore/Page_HealthPost Store/button_Add' is clicked on

2018-06-09 22:02:02 - [MESSAGE][PASSED] - Object: 'Object Repository/HealthpostToStore/Page_HealthPost Store/button_Add' is clicked on

2018-06-09 22:02:02 - [TEST_STEP][PASSED] - selectOptionByIndex: All options with index in [8] are selected on object 'Object Repository/HealthpostToStore/Page_HealthPost Store/select_--Select--Schedule 1Inj'

2018-06-09 22:02:02 - [MESSAGE][PASSED] - All options with index in [8] are selected on object 'Object Repository/HealthpostToStore/Page_HealthPost Store/select_--Select--Schedule 1Inj'

2018-06-09 22:02:02 - [TEST_STEP][PASSED] - delay: Delayed 1 second(s)

2018-06-09 22:02:03 - [MESSAGE][PASSED] - Delayed 1 second(s)

2018-06-09 22:02:03 - [TEST_STEP][PASSED] - selectOptionByIndex: All options with index in [4] are selected on object 'Object Repository/HealthpostToStore/Page_HealthPost Store/select_--Select--Adernaline 0.'

2018-06-09 22:02:03 - [MESSAGE][PASSED] - All options with index in [4] are selected on object 'Object Repository/HealthpostToStore/Page_HealthPost Store/select_--Select--Adernaline 0.'

2018-06-09 22:02:03 - [TEST_STEP][PASSED] - setText: Text '10' is set on object 'Object Repository/HealthpostToStore/Page_HealthPost Store/input_txttreat'

2018-06-09 22:02:03 - [MESSAGE][PASSED] - Text '10' is set on object 'Object Repository/HealthpostToStore/Page_HealthPost Store/input_txttreat'

2018-06-09 22:02:03 - [TEST_STEP][PASSED] - click: Object: 'Object Repository/HealthpostToStore/Page_HealthPost Store/button_Add' is clicked on

2018-06-09 22:02:03 - [MESSAGE][PASSED] - Object: 'Object Repository/HealthpostToStore/Page_HealthPost Store/button_Add' is clicked on

2018-06-09 22:02:03 - [TEST_STEP][PASSED] - selectOptionByIndex: All options with index in [8] are selected on object 'Object Repository/HealthpostToStore/Page_HealthPost Store/select_--Select--Schedule 1Inj'

2018-06-09 22:02:04 - [MESSAGE][PASSED] - All options with index in [8] are selected on object 'Object Repository/HealthpostToStore/Page_HealthPost Store/select_--Select--Schedule 1Inj'

2018-06-09 22:02:04 - [TEST_STEP][PASSED] - delay: Delayed 1 second(s)

2018-06-09 22:02:05 - [MESSAGE][PASSED] - Delayed 1 second(s)

2018-06-09 22:02:05 - [TEST_STEP][PASSED] - selectOptionByIndex: All options with index in [5] are selected on object 'Object Repository/HealthpostToStore/Page_HealthPost Store/select_--Select--Adernaline 0.'

2018-06-09 22:02:05 - [MESSAGE][PASSED] - All options with index in [5] are selected on object 'Object Repository/HealthpostToStore/Page_HealthPost Store/select_--Select--Adernaline 0.'

2018-06-09 22:02:05 - [TEST_STEP][PASSED] - setText: Text '10' is set on object 'Object Repository/HealthpostToStore/Page_HealthPost Store/input_txttreat'

2018-06-09 22:02:05 - [MESSAGE][PASSED] - Text '10' is set on object 'Object Repository/HealthpostToStore/Page_HealthPost Store/input_txttreat'

2018-06-09 22:02:05 - [TEST_STEP][PASSED] - click: Object: 'Object Repository/HealthpostToStore/Page_HealthPost Store/button_Add' is clicked on

2018-06-09 22:02:05 - [MESSAGE][PASSED] - Object: 'Object Repository/HealthpostToStore/Page_HealthPost Store/button_Add' is clicked on

2018-06-09 22:02:05 - [TEST_STEP][PASSED] - selectOptionByIndex: All options with index in [8] are selected on object 'Object Repository/HealthpostToStore/Page_HealthPost Store/select_--Select--Schedule 1Inj'

2018-06-09 22:02:05 - [MESSAGE][PASSED] - All options with index in [8] are selected on object 'Object Repository/HealthpostToStore/Page_HealthPost Store/select_--Select--Schedule 1Inj'

2018-06-09 22:02:05 - [TEST_STEP][PASSED] - delay: Delayed 1 second(s)

2018-06-09 22:02:06 - [MESSAGE][PASSED] - Delayed 1 second(s)

2018-06-09 22:02:06 - [TEST_STEP][PASSED] - selectOptionByIndex: All options with index in [6] are selected on object 'Object Repository/HealthpostToStore/Page_HealthPost Store/select_--Select--Adernaline 0.'

2018-06-09 22:02:06 - [MESSAGE][PASSED] - All options with index in [6] are selected on object 'Object Repository/HealthpostToStore/Page_HealthPost Store/select_--Select--Adernaline 0.'

2018-06-09 22:02:06 - [TEST_STEP][PASSED] - setText: Text '10' is set on object 'Object Repository/HealthpostToStore/Page_HealthPost Store/input_txttreat'

2018-06-09 22:02:06 - [MESSAGE][PASSED] - Text '10' is set on object 'Object Repository/HealthpostToStore/Page_HealthPost Store/input_txttreat'

2018-06-09 22:02:06 - [TEST_STEP][PASSED] - click: Object: 'Object Repository/HealthpostToStore/Page_HealthPost Store/button_Add' is clicked on

2018-06-09 22:02:06 - [MESSAGE][PASSED] - Object: 'Object Repository/HealthpostToStore/Page_HealthPost Store/button_Add' is clicked on

2018-06-09 22:02:06 - [TEST_STEP][PASSED] - selectOptionByIndex: All options with index in [8] are selected on object 'Object Repository/HealthpostToStore/Page_HealthPost Store/select_--Select--Schedule 1Inj'

2018-06-09 22:02:07 - [MESSAGE][PASSED] - All options with index in [8] are selected on object 'Object Repository/HealthpostToStore/Page_HealthPost Store/select_--Select--Schedule 1Inj'

2018-06-09 22:02:07 - [TEST_STEP][PASSED] - delay: Delayed 1 second(s)

2018-06-09 22:02:08 - [MESSAGE][PASSED] - Delayed 1 second(s)

2018-06-09 22:02:08 - [TEST_STEP][PASSED] - selectOptionByIndex: All options with index in [7] are selected on object 'Object Repository/HealthpostToStore/Page_HealthPost Store/select_--Select--Adernaline 0.'

2018-06-09 22:02:08 - [MESSAGE][PASSED] - All options with index in [7] are selected on object 'Object Repository/HealthpostToStore/Page_HealthPost Store/select_--Select--Adernaline 0.'

2018-06-09 22:02:08 - [TEST_STEP][PASSED] - setText: Text '10' is set on object 'Object Repository/HealthpostToStore/Page_HealthPost Store/input_txttreat'

2018-06-09 22:02:08 - [MESSAGE][PASSED] - Text '10' is set on object 'Object Repository/HealthpostToStore/Page_HealthPost Store/input_txttreat'

2018-06-09 22:02:08 - [TEST_STEP][PASSED] - click: Object: 'Object Repository/HealthpostToStore/Page_HealthPost Store/button_Add' is clicked on

2018-06-09 22:02:08 - [MESSAGE][PASSED] - Object: 'Object Repository/HealthpostToStore/Page_HealthPost Store/button_Add' is clicked on

2018-06-09 22:02:08 - [TEST_STEP][PASSED] - selectOptionByIndex: All options with index in [8] are selected on object 'Object Repository/HealthpostToStore/Page_HealthPost Store/select_--Select--Schedule 1Inj'

2018-06-09 22:02:08 - [MESSAGE][PASSED] - All options with index in [8] are selected on object 'Object Repository/HealthpostToStore/Page_HealthPost Store/select_--Select--Schedule 1Inj'

2018-06-09 22:02:08 - [TEST_STEP][PASSED] - delay: Delayed 1 second(s)

2018-06-09 22:02:09 - [MESSAGE][PASSED] - Delayed 1 second(s)

2018-06-09 22:02:09 - [TEST_STEP][PASSED] - selectOptionByIndex: All options with index in [8] are selected on object 'Object Repository/HealthpostToStore/Page_HealthPost Store/select_--Select--Adernaline 0.'

2018-06-09 22:02:09 - [MESSAGE][PASSED] - All options with index in [8] are selected on object 'Object Repository/HealthpostToStore/Page_HealthPost Store/select_--Select--Adernaline 0.'

2018-06-09 22:02:09 - [TEST_STEP][PASSED] - setText: Text '10' is set on object 'Object Repository/HealthpostToStore/Page_HealthPost Store/input_txttreat'

2018-06-09 22:02:10 - [MESSAGE][PASSED] - Text '10' is set on object 'Object Repository/HealthpostToStore/Page_HealthPost Store/input_txttreat'

2018-06-09 22:02:10 - [TEST_STEP][PASSED] - click: Object: 'Object Repository/HealthpostToStore/Page_HealthPost Store/button_Add' is clicked on

2018-06-09 22:02:10 - [MESSAGE][PASSED] - Object: 'Object Repository/HealthpostToStore/Page_HealthPost Store/button_Add' is clicked on

2018-06-09 22:02:10 - [TEST_STEP][PASSED] - selectOptionByIndex: All options with index in [8] are selected on object 'Object Repository/HealthpostToStore/Page_HealthPost Store/select_--Select--Schedule 1Inj'

2018-06-09 22:02:10 - [MESSAGE][PASSED] - All options with index in [8] are selected on object 'Object Repository/HealthpostToStore/Page_HealthPost Store/select_--Select--Schedule 1Inj'

2018-06-09 22:02:10 - [TEST_STEP][PASSED] - delay: Delayed 1 second(s)

2018-06-09 22:02:11 - [MESSAGE][PASSED] - Delayed 1 second(s)

2018-06-09 22:02:11 - [TEST_STEP][PASSED] - selectOptionByIndex: All options with index in [9] are selected on object 'Object Repository/HealthpostToStore/Page_HealthPost Store/select_--Select--Adernaline 0.'

2018-06-09 22:02:11 - [MESSAGE][PASSED] - All options with index in [9] are selected on object 'Object Repository/HealthpostToStore/Page_HealthPost Store/select_--Select--Adernaline 0.'

2018-06-09 22:02:11 - [TEST_STEP][PASSED] - setText: Text '10' is set on object 'Object Repository/HealthpostToStore/Page_HealthPost Store/input_txttreat'

2018-06-09 22:02:11 - [MESSAGE][PASSED] - Text '10' is set on object 'Object Repository/HealthpostToStore/Page_HealthPost Store/input_txttreat'

2018-06-09 22:02:11 - [TEST_STEP][PASSED] - click: Object: 'Object Repository/HealthpostToStore/Page_HealthPost Store/button_Add' is clicked on

2018-06-09 22:02:11 - [MESSAGE][PASSED] - Object: 'Object Repository/HealthpostToStore/Page_HealthPost Store/button_Add' is clicked on

2018-06-09 22:02:11 - [TEST_STEP][PASSED] - selectOptionByIndex: All options with index in [8] are selected on object 'Object Repository/HealthpostToStore/Page_HealthPost Store/select_--Select--Schedule 1Inj'

2018-06-09 22:02:11 - [MESSAGE][PASSED] - All options with index in [8] are selected on object 'Object Repository/HealthpostToStore/Page_HealthPost Store/select_--Select--Schedule 1Inj'

2018-06-09 22:02:11 - [TEST_STEP][PASSED] - delay: Delayed 1 second(s)

2018-06-09 22:02:12 - [MESSAGE][PASSED] - Delayed 1 second(s)

2018-06-09 22:02:12 - [TEST_STEP][PASSED] - selectOptionByIndex: All options with index in [10] are selected on object 'Object Repository/HealthpostToStore/Page_HealthPost Store/select_--Select--Adernaline 0.'

2018-06-09 22:02:13 - [MESSAGE][PASSED] - All options with index in [10] are selected on object 'Object Repository/HealthpostToStore/Page_HealthPost Store/select_--Select--Adernaline 0.'

2018-06-09 22:02:13 - [TEST_STEP][PASSED] - setText: Text '10' is set on object 'Object Repository/HealthpostToStore/Page_HealthPost Store/input_txttreat'

2018-06-09 22:02:13 - [MESSAGE][PASSED] - Text '10' is set on object 'Object Repository/HealthpostToStore/Page_HealthPost Store/input_txttreat'

2018-06-09 22:02:13 - [TEST_STEP][PASSED] - click: Object: 'Object Repository/HealthpostToStore/Page_HealthPost Store/button_Add' is clicked on

2018-06-09 22:02:13 - [MESSAGE][PASSED] - Object: 'Object Repository/HealthpostToStore/Page_HealthPost Store/button_Add' is clicked on

2018-06-09 22:02:13 - [TEST_STEP][PASSED] - selectOptionByIndex: All options with index in [8] are selected on object 'Object Repository/HealthpostToStore/Page_HealthPost Store/select_--Select--Schedule 1Inj'

2018-06-09 22:02:13 - [MESSAGE][PASSED] - All options with index in [8] are selected on object 'Object Repository/HealthpostToStore/Page_HealthPost Store/select_--Select--Schedule 1Inj'

2018-06-09 22:02:13 - [TEST_STEP][PASSED] - delay: Delayed 1 second(s)

2018-06-09 22:02:14 - [MESSAGE][PASSED] - Delayed 1 second(s)

2018-06-09 22:02:14 - [TEST_STEP][PASSED] - selectOptionByIndex: All options with index in [11] are selected on object 'Object Repository/HealthpostToStore/Page_HealthPost Store/select_--Select--Adernaline 0.'

2018-06-09 22:02:14 - [MESSAGE][PASSED] - All options with index in [11] are selected on object 'Object Repository/HealthpostToStore/Page_HealthPost Store/select_--Select--Adernaline 0.'

2018-06-09 22:02:14 - [TEST_STEP][PASSED] - setText: Text '10' is set on object 'Object Repository/HealthpostToStore/Page_HealthPost Store/input_txttreat'

2018-06-09 22:02:14 - [MESSAGE][PASSED] - Text '10' is set on object 'Object Repository/HealthpostToStore/Page_HealthPost Store/input_txttreat'

2018-06-09 22:02:14 - [TEST_STEP][PASSED] - click: Object: 'Object Repository/HealthpostToStore/Page_HealthPost Store/button_Add' is clicked on

2018-06-09 22:02:14 - [MESSAGE][PASSED] - Object: 'Object Repository/HealthpostToStore/Page_HealthPost Store/button_Add' is clicked on

2018-06-09 22:02:14 - [TEST_STEP][PASSED] - selectOptionByIndex: All options with index in [8] are selected on object 'Object Repository/HealthpostToStore/Page_HealthPost Store/select_--Select--Schedule 1Inj'

2018-06-09 22:02:15 - [MESSAGE][PASSED] - All options with index in [8] are selected on object 'Object Repository/HealthpostToStore/Page_HealthPost Store/select_--Select--Schedule 1Inj'

2018-06-09 22:02:15 - [TEST_STEP][PASSED] - delay: Delayed 1 second(s)

2018-06-09 22:02:16 - [MESSAGE][PASSED] - Delayed 1 second(s)

2018-06-09 22:02:16 - [TEST_STEP][PASSED] - selectOptionByIndex: All options with index in [12] are selected on object 'Object Repository/HealthpostToStore/Page_HealthPost Store/select_--Select--Adernaline 0.'

2018-06-09 22:02:16 - [MESSAGE][PASSED] - All options with index in [12] are selected on object 'Object Repository/HealthpostToStore/Page_HealthPost Store/select_--Select--Adernaline 0.'

2018-06-09 22:02:16 - [TEST_STEP][PASSED] - setText: Text '10' is set on object 'Object Repository/HealthpostToStore/Page_HealthPost Store/input_txttreat'

2018-06-09 22:02:16 - [MESSAGE][PASSED] - Text '10' is set on object 'Object Repository/HealthpostToStore/Page_HealthPost Store/input_txttreat'

2018-06-09 22:02:16 - [TEST_STEP][PASSED] - click: Object: 'Object Repository/HealthpostToStore/Page_HealthPost Store/button_Add' is clicked on

2018-06-09 22:02:16 - [MESSAGE][PASSED] - Object: 'Object Repository/HealthpostToStore/Page_HealthPost Store/button_Add' is clicked on

2018-06-09 22:02:16 - [TEST_STEP][PASSED] - selectOptionByIndex: All options with index in [8] are selected on object 'Object Repository/HealthpostToStore/Page_HealthPost Store/select_--Select--Schedule 1Inj'

2018-06-09 22:02:16 - [MESSAGE][PASSED] - All options with index in [8] are selected on object 'Object Repository/HealthpostToStore/Page_HealthPost Store/select_--Select--Schedule 1Inj'

2018-06-09 22:02:16 - [TEST_STEP][PASSED] - delay: Delayed 1 second(s)

2018-06-09 22:02:17 - [MESSAGE][PASSED] - Delayed 1 second(s)

2018-06-09 22:02:17 - [TEST_STEP][PASSED] - selectOptionByIndex: All options with index in [13] are selected on object 'Object Repository/HealthpostToStore/Page_HealthPost Store/select_--Select--Adernaline 0.'

2018-06-09 22:02:17 - [MESSAGE][PASSED] - All options with index in [13] are selected on object 'Object Repository/HealthpostToStore/Page_HealthPost Store/select_--Select--Adernaline 0.'

2018-06-09 22:02:17 - [TEST_STEP][PASSED] - setText: Text '10' is set on object 'Object Repository/HealthpostToStore/Page_HealthPost Store/input_txttreat'

2018-06-09 22:02:17 - [MESSAGE][PASSED] - Text '10' is set on object 'Object Repository/HealthpostToStore/Page_HealthPost Store/input_txttreat'

2018-06-09 22:02:17 - [TEST_STEP][PASSED] - click: Object: 'Object Repository/HealthpostToStore/Page_HealthPost Store/button_Add' is clicked on

2018-06-09 22:02:18 - [MESSAGE][PASSED] - Object: 'Object Repository/HealthpostToStore/Page_HealthPost Store/button_Add' is clicked on

2018-06-09 22:02:18 - [TEST_STEP][PASSED] - selectOptionByIndex: All options with index in [8] are selected on object 'Object Repository/HealthpostToStore/Page_HealthPost Store/select_--Select--Schedule 1Inj'

2018-06-09 22:02:18 - [MESSAGE][PASSED] - All options with index in [8] are selected on object 'Object Repository/HealthpostToStore/Page_HealthPost Store/select_--Select--Schedule 1Inj'

2018-06-09 22:02:18 - [TEST_STEP][PASSED] - delay: Delayed 1 second(s)

2018-06-09 22:02:19 - [MESSAGE][PASSED] - Delayed 1 second(s)

2018-06-09 22:02:19 - [TEST_STEP][PASSED] - selectOptionByIndex: All options with index in [14] are selected on object 'Object Repository/HealthpostToStore/Page_HealthPost Store/select_--Select--Adernaline 0.'

2018-06-09 22:02:19 - [MESSAGE][PASSED] - All options with index in [14] are selected on object 'Object Repository/HealthpostToStore/Page_HealthPost Store/select_--Select--Adernaline 0.'

2018-06-09 22:02:19 - [TEST_STEP][PASSED] - setText: Text '10' is set on object 'Object Repository/HealthpostToStore/Page_HealthPost Store/input_txttreat'

2018-06-09 22:02:19 - [MESSAGE][PASSED] - Text '10' is set on object 'Object Repository/HealthpostToStore/Page_HealthPost Store/input_txttreat'

2018-06-09 22:02:19 - [TEST_STEP][PASSED] - click: Object: 'Object Repository/HealthpostToStore/Page_HealthPost Store/button_Add' is clicked on

2018-06-09 22:02:19 - [MESSAGE][PASSED] - Object: 'Object Repository/HealthpostToStore/Page_HealthPost Store/button_Add' is clicked on

2018-06-09 22:02:19 - [TEST_STEP][PASSED] - selectOptionByIndex: All options with index in [8] are selected on object 'Object Repository/HealthpostToStore/Page_HealthPost Store/select_--Select--Schedule 1Inj'

2018-06-09 22:02:19 - [MESSAGE][PASSED] - All options with index in [8] are selected on object 'Object Repository/HealthpostToStore/Page_HealthPost Store/select_--Select--Schedule 1Inj'

2018-06-09 22:02:19 - [TEST_STEP][PASSED] - delay: Delayed 1 second(s)

2018-06-09 22:02:20 - [MESSAGE][PASSED] - Delayed 1 second(s)

2018-06-09 22:02:20 - [TEST_STEP][PASSED] - selectOptionByIndex: All options with index in [15] are selected on object 'Object Repository/HealthpostToStore/Page_HealthPost Store/select_--Select--Adernaline 0.'

2018-06-09 22:02:21 - [MESSAGE][PASSED] - All options with index in [15] are selected on object 'Object Repository/HealthpostToStore/Page_HealthPost Store/select_--Select--Adernaline 0.'

2018-06-09 22:02:21 - [TEST_STEP][PASSED] - setText: Text '10' is set on object 'Object Repository/HealthpostToStore/Page_HealthPost Store/input_txttreat'

2018-06-09 22:02:21 - [MESSAGE][PASSED] - Text '10' is set on object 'Object Repository/HealthpostToStore/Page_HealthPost Store/input_txttreat'

2018-06-09 22:02:21 - [TEST_STEP][PASSED] - click: Object: 'Object Repository/HealthpostToStore/Page_HealthPost Store/button_Add' is clicked on

2018-06-09 22:02:21 - [MESSAGE][PASSED] - Object: 'Object Repository/HealthpostToStore/Page_HealthPost Store/button_Add' is clicked on

2018-06-09 22:02:21 - [TEST_STEP][PASSED] - selectOptionByIndex: All options with index in [8] are selected on object 'Object Repository/HealthpostToStore/Page_HealthPost Store/select_--Select--Schedule 1Inj'

2018-06-09 22:02:21 - [MESSAGE][PASSED] - All options with index in [8] are selected on object 'Object Repository/HealthpostToStore/Page_HealthPost Store/select_--Select--Schedule 1Inj'

2018-06-09 22:02:21 - [TEST_STEP][PASSED] - delay: Delayed 1 second(s)

2018-06-09 22:02:22 - [MESSAGE][PASSED] - Delayed 1 second(s)

2018-06-09 22:02:22 - [TEST_STEP][PASSED] - selectOptionByIndex: All options with index in [16] are selected on object 'Object Repository/HealthpostToStore/Page_HealthPost Store/select_--Select--Adernaline 0.'

2018-06-09 22:02:22 - [MESSAGE][PASSED] - All options with index in [16] are selected on object 'Object Repository/HealthpostToStore/Page_HealthPost Store/select_--Select--Adernaline 0.'

2018-06-09 22:02:22 - [TEST_STEP][PASSED] - setText: Text '10' is set on object 'Object Repository/HealthpostToStore/Page_HealthPost Store/input_txttreat'

2018-06-09 22:02:22 - [MESSAGE][PASSED] - Text '10' is set on object 'Object Repository/HealthpostToStore/Page_HealthPost Store/input_txttreat'

2018-06-09 22:02:22 - [TEST_STEP][PASSED] - click: Object: 'Object Repository/HealthpostToStore/Page_HealthPost Store/button_Add' is clicked on

2018-06-09 22:02:22 - [MESSAGE][PASSED] - Object: 'Object Repository/HealthpostToStore/Page_HealthPost Store/button_Add' is clicked on

2018-06-09 22:02:22 - [TEST_STEP][PASSED] - selectOptionByIndex: All options with index in [8] are selected on object 'Object Repository/HealthpostToStore/Page_HealthPost Store/select_--Select--Schedule 1Inj'

2018-06-09 22:02:23 - [MESSAGE][PASSED] - All options with index in [8] are selected on object 'Object Repository/HealthpostToStore/Page_HealthPost Store/select_--Select--Schedule 1Inj'

2018-06-09 22:02:23 - [TEST_STEP][PASSED] - delay: Delayed 1 second(s)

2018-06-09 22:02:24 - [MESSAGE][PASSED] - Delayed 1 second(s)

2018-06-09 22:02:24 - [TEST_STEP][PASSED] - selectOptionByIndex: All options with index in [17] are selected on object 'Object Repository/HealthpostToStore/Page_HealthPost Store/select_--Select--Adernaline 0.'

2018-06-09 22:02:24 - [MESSAGE][PASSED] - All options with index in [17] are selected on object 'Object Repository/HealthpostToStore/Page_HealthPost Store/select_--Select--Adernaline 0.'

2018-06-09 22:02:24 - [TEST_STEP][PASSED] - setText: Text '10' is set on object 'Object Repository/HealthpostToStore/Page_HealthPost Store/input_txttreat'

2018-06-09 22:02:24 - [MESSAGE][PASSED] - Text '10' is set on object 'Object Repository/HealthpostToStore/Page_HealthPost Store/input_txttreat'

2018-06-09 22:02:24 - [TEST_STEP][PASSED] - click: Object: 'Object Repository/HealthpostToStore/Page_HealthPost Store/button_Add' is clicked on

2018-06-09 22:02:24 - [MESSAGE][PASSED] - Object: 'Object Repository/HealthpostToStore/Page_HealthPost Store/button_Add' is clicked on

2018-06-09 22:02:24 - [TEST_STEP][PASSED] - scrollToElement: Scroll to object 'Object Repository/HealthpostToStore/Page_HealthPost Store/input_btnsave' successfully

2018-06-09 22:02:24 - [MESSAGE][PASSED] - Scroll to object 'Object Repository/HealthpostToStore/Page_HealthPost Store/input_btnsave' successfully

2018-06-09 22:02:24 - [TEST_STEP][PASSED] - click: Object: 'Object Repository/HealthpostToStore/Page_HealthPost Store/input_btnsave' is clicked on

2018-06-09 22:02:24 - [MESSAGE][PASSED] - Object: 'Object Repository/HealthpostToStore/Page_HealthPost Store/input_btnsave' is clicked on

2018-06-09 22:02:24 - [TEST_STEP][PASSED] - delay: Delayed 3 second(s)

2018-06-09 22:02:27 - [MESSAGE][PASSED] - Delayed 3 second(s)

2018-06-09 22:02:27 - [TEST_STEP][PASSED] - Statement - RN1 = com.kms.katalon.core.webui.keyword.WebUiBuiltInKeywords.getText(com.kms.katalon.core.testobject.ObjectRepository.findTestObject(HealthpostToStore/Page_HealthPost Store/font_HPRNO180520187)): Text of object 'Object Repository/HealthpostToStore/Page_HealthPost Store/font_HPRNO180520187' is: 'HPRNO/09062018/227'

2018-06-09 22:02:27 - [MESSAGE][PASSED] - Text of object 'Object Repository/HealthpostToStore/Page_HealthPost Store/font_HPRNO180520187' is: 'HPRNO/09062018/227'

2018-06-09 22:02:27 - [TEST_STEP][PASSED] - Statement - out.println(RN1): null

2018-06-09 22:02:27 - [TEST_STEP][PASSED] - Statement - RID = RN1.split("/")[2]: null

2018-06-09 22:02:27 - [TEST_STEP][PASSED] - click: Object: 'Object Repository/HealthpostToStore/Page_HealthPost Store/button_OK' is clicked on

2018-06-09 22:02:28 - [MESSAGE][PASSED] - Object: 'Object Repository/HealthpostToStore/Page_HealthPost Store/button_OK' is clicked on

2018-06-09 22:02:28 - [TEST_STEP][PASSED] - delay: Delayed 3 second(s)

2018-06-09 22:02:31 - [MESSAGE][PASSED] - Delayed 3 second(s)

2018-06-09 22:02:31 - [TEST_STEP][PASSED] - click: Object: 'Object Repository/HealthpostToStore/Page_HealthPost Store/a_dropdown-toggle' is clicked on

2018-06-09 22:02:31 - [MESSAGE][PASSED] - Object: 'Object Repository/HealthpostToStore/Page_HealthPost Store/a_dropdown-toggle' is clicked on

2018-06-09 22:02:31 - [TEST_STEP][PASSED] - click: Object: 'Object Repository/HealthpostToStore/Page_HealthPost Store/a_Sign out' is clicked on

2018-06-09 22:02:31 - [MESSAGE][PASSED] - Object: 'Object Repository/HealthpostToStore/Page_HealthPost Store/a_Sign out' is clicked on

2018-06-09 22:02:31 - [TEST_STEP][PASSED] - delay: Delayed 3 second(s)

2018-06-09 22:02:34 - [MESSAGE][PASSED] - Delayed 3 second(s)

2018-06-09 22:02:34 - [TEST_STEP][PASSED] - navigateToUrl: Navigate to 'http://192.168.137.1/multihospital_new/' successfully

2018-06-09 22:02:35 - [MESSAGE][PASSED] - Navigate to 'http://192.168.137.1/multihospital_new/' successfully

2018-06-09 22:02:35 - [TEST_STEP][PASSED] - click: Object: 'Object Repository/HealthpostToStore/Page_KDMC/a_CMO' is clicked on

2018-06-09 22:02:36 - [MESSAGE][PASSED] - Object: 'Object Repository/HealthpostToStore/Page_KDMC/a_CMO' is clicked on

2018-06-09 22:02:36 - [TEST_STEP][PASSED] - setText: Text 'guru' is set on object 'Object Repository/HealthpostToStore/Page_CMO login/input_txtusername'

2018-06-09 22:02:36 - [MESSAGE][PASSED] - Text 'guru' is set on object 'Object Repository/HealthpostToStore/Page_CMO login/input_txtusername'

2018-06-09 22:02:36 - [TEST_STEP][PASSED] - setText: Text '123' is set on object 'Object Repository/HealthpostToStore/Page_CMO login/input_txtpassword'

2018-06-09 22:02:36 - [MESSAGE][PASSED] - Text '123' is set on object 'Object Repository/HealthpostToStore/Page_CMO login/input_txtpassword'

2018-06-09 22:02:36 - [TEST_STEP][PASSED] - delay: Delayed 3 second(s)

2018-06-09 22:02:39 - [MESSAGE][PASSED] - Delayed 3 second(s)

2018-06-09 22:02:39 - [TEST_STEP][PASSED] - click: Object: 'Object Repository/HealthpostToStore/Page_CMO login/button_Sign in' is clicked on

2018-06-09 22:02:40 - [MESSAGE][PASSED] - Object: 'Object Repository/HealthpostToStore/Page_CMO login/button_Sign in' is clicked on

2018-06-09 22:02:40 - [TEST_STEP][PASSED] - click: Object: 'Object Repository/HealthpostToStore/Page_KDMC - CMO/a_Department Wise Request' is clicked on

2018-06-09 22:02:42 - [MESSAGE][PASSED] - Object: 'Object Repository/HealthpostToStore/Page_KDMC - CMO/a_Department Wise Request' is clicked on

2018-06-09 22:02:42 - [TEST_STEP][PASSED] - delay: Delayed 2 second(s)

2018-06-09 22:02:44 - [MESSAGE][PASSED] - Delayed 2 second(s)

2018-06-09 22:02:44 - [TEST_STEP][PASSED] - selectOptionByIndex: All options with index in [5] are selected on object 'Object Repository/HealthpostToStore/Page_KDMC - CMO/select_--ALL--'

2018-06-09 22:02:44 - [MESSAGE][PASSED] - All options with index in [5] are selected on object 'Object Repository/HealthpostToStore/Page_KDMC - CMO/select_--ALL--'

2018-06-09 22:02:44 - [TEST_STEP][PASSED] - click: Object: 'Object Repository/HealthpostToStore/Page_KDMC - CMO/input_btnsearch' is clicked on

2018-06-09 22:02:44 - [MESSAGE][PASSED] - Object: 'Object Repository/HealthpostToStore/Page_KDMC - CMO/input_btnsearch' is clicked on

2018-06-09 22:02:44 - [TEST_STEP][PASSED] - selectOptionByIndex: All options with index in [1] are selected on object 'Object Repository/HealthpostToStore/Page_KDMC - CMO/select_--ALL--                _1'

2018-06-09 22:02:44 - [MESSAGE][PASSED] - All options with index in [1] are selected on object 'Object Repository/HealthpostToStore/Page_KDMC - CMO/select_--ALL--                _1'

2018-06-09 22:02:44 - [TEST_STEP][PASSED] - click: Object: 'Object Repository/HealthpostToStore/Page_KDMC - CMO/input_btnsearch' is clicked on

2018-06-09 22:02:44 - [MESSAGE][PASSED] - Object: 'Object Repository/HealthpostToStore/Page_KDMC - CMO/input_btnsearch' is clicked on

2018-06-09 22:02:44 - [TEST_STEP][PASSED] - Statement - ID = com.kms.katalon.core.webui.keyword.WebUiBuiltInKeywords.modifyObjectProperty(com.kms.katalon.core.testobject.ObjectRepository.findTestObject(lab/Page_KDMC - CMO/input_1), "xpath", "equals", "//*[@id=" + RID + "]", true): Modify property of object successfully

2018-06-09 22:02:44 - [MESSAGE][PASSED] - Modify property of object successfully

2018-06-09 22:02:44 - [TEST_STEP][PASSED] - click: Object: 'Object Repository/lab/Page_KDMC - CMO/input_1' is clicked on

2018-06-09 22:02:45 - [MESSAGE][PASSED] - Object: 'Object Repository/lab/Page_KDMC - CMO/input_1' is clicked on

2018-06-09 22:02:45 - [TEST_STEP][PASSED] - delay: Delayed 2 second(s)

2018-06-09 22:02:47 - [MESSAGE][PASSED] - Delayed 2 second(s)

2018-06-09 22:02:47 - [TEST_STEP][PASSED] - selectOptionByIndex: All options with index in [1] are selected on object 'Object Repository/HealthpostToStore/Page_KDMC - CMO/select_--Select--'

2018-06-09 22:02:47 - [MESSAGE][PASSED] - All options with index in [1] are selected on object 'Object Repository/HealthpostToStore/Page_KDMC - CMO/select_--Select--'

2018-06-09 22:02:47 - [TEST_STEP][PASSED] - click: Object: 'Object Repository/HealthpostToStore/Page_KDMC - CMO/input_btnupdate' is clicked on

2018-06-09 22:02:47 - [MESSAGE][PASSED] - Object: 'Object Repository/HealthpostToStore/Page_KDMC - CMO/input_btnupdate' is clicked on

2018-06-09 22:02:47 - [TEST_STEP][PASSED] - delay: Delayed 2 second(s)

2018-06-09 22:02:49 - [MESSAGE][PASSED] - Delayed 2 second(s)

2018-06-09 22:02:49 - [TEST_STEP][PASSED] - click: Object: 'Object Repository/HealthpostToStore/Page_KDMC - CMO/button_OK' is clicked on

2018-06-09 22:02:50 - [MESSAGE][PASSED] - Object: 'Object Repository/HealthpostToStore/Page_KDMC - CMO/button_OK' is clicked on

2018-06-09 22:02:50 - [TEST_STEP][PASSED] - delay: Delayed 2 second(s)

2018-06-09 22:02:52 - [MESSAGE][PASSED] - Delayed 2 second(s)

2018-06-09 22:02:52 - [TEST_STEP][PASSED] - click: Object: 'Object Repository/HealthpostToStore/Page_KDMC - CMO/a_dropdown-toggle' is clicked on

2018-06-09 22:02:52 - [MESSAGE][PASSED] - Object: 'Object Repository/HealthpostToStore/Page_KDMC - CMO/a_dropdown-toggle' is clicked on

2018-06-09 22:02:52 - [TEST_STEP][PASSED] - click: Object: 'Object Repository/HealthpostToStore/Page_KDMC - CMO/a_Sign out' is clicked on

2018-06-09 22:02:52 - [MESSAGE][PASSED] - Object: 'Object Repository/HealthpostToStore/Page_KDMC - CMO/a_Sign out' is clicked on

2018-06-09 22:02:52 - [TEST_STEP][PASSED] - delay: Delayed 3 second(s)

2018-06-09 22:02:55 - [MESSAGE][PASSED] - Delayed 3 second(s)

2018-06-09 22:02:55 - [TEST_STEP][PASSED] - click: Object: 'Object Repository/HealthpostToStore/Page_KDMC/a_Divisional Store' is clicked on

2018-06-09 22:02:56 - [MESSAGE][PASSED] - Object: 'Object Repository/HealthpostToStore/Page_KDMC/a_Divisional Store' is clicked on

2018-06-09 22:02:56 - [TEST_STEP][PASSED] - setText: Text 'ragu' is set on object 'Object Repository/HealthpostToStore/Page_Divisonal Store Login/input_txtusername'

2018-06-09 22:02:56 - [MESSAGE][PASSED] - Text 'ragu' is set on object 'Object Repository/HealthpostToStore/Page_Divisonal Store Login/input_txtusername'

2018-06-09 22:02:56 - [TEST_STEP][PASSED] - setText: Text '123' is set on object 'Object Repository/HealthpostToStore/Page_Divisonal Store Login/input_txtpassword'

2018-06-09 22:02:56 - [MESSAGE][PASSED] - Text '123' is set on object 'Object Repository/HealthpostToStore/Page_Divisonal Store Login/input_txtpassword'

2018-06-09 22:02:56 - [TEST_STEP][PASSED] - delay: Delayed 3 second(s)

2018-06-09 22:02:59 - [MESSAGE][PASSED] - Delayed 3 second(s)

2018-06-09 22:02:59 - [TEST_STEP][PASSED] - click: Object: 'Object Repository/HealthpostToStore/Page_Divisonal Store Login/button_Sign in' is clicked on

2018-06-09 22:03:01 - [MESSAGE][PASSED] - Object: 'Object Repository/HealthpostToStore/Page_Divisonal Store Login/button_Sign in' is clicked on

2018-06-09 22:03:01 - [TEST_STEP][PASSED] - delay: Delayed 3 second(s)

2018-06-09 22:03:04 - [MESSAGE][PASSED] - Delayed 3 second(s)

2018-06-09 22:03:04 - [TEST_STEP][PASSED] - click: Object: 'Object Repository/HealthpostToStore/Page_Store/a_Health Post Request' is clicked on

2018-06-09 22:03:04 - [MESSAGE][PASSED] - Object: 'Object Repository/HealthpostToStore/Page_Store/a_Health Post Request' is clicked on

2018-06-09 22:03:04 - [TEST_STEP][PASSED] - click: Object: 'Object Repository/HealthpostToStore/Page_Store/a_Request Item HealthPost' is clicked on

2018-06-09 22:03:05 - [MESSAGE][PASSED] - Object: 'Object Repository/HealthpostToStore/Page_Store/a_Request Item HealthPost' is clicked on

2018-06-09 22:03:05 - [TEST_STEP][PASSED] - Statement - ChooseRequest = com.kms.katalon.core.webui.keyword.WebUiBuiltInKeywords.modifyObjectProperty(com.kms.katalon.core.testobject.ObjectRepository.findTestObject(lab/Page_Store/input_1), "xpath", "equals", "//*[@id=" + RID + "]", true): Modify property of object successfully

2018-06-09 22:03:05 - [MESSAGE][PASSED] - Modify property of object successfully

2018-06-09 22:03:05 - [TEST_STEP][PASSED] - click: Object: 'Object Repository/lab/Page_Store/input_1' is clicked on

2018-06-09 22:03:06 - [MESSAGE][PASSED] - Object: 'Object Repository/lab/Page_Store/input_1' is clicked on

2018-06-09 22:03:06 - [TEST_STEP][PASSED] - Statement - selectedoptions = com.kms.katalon.core.webui.keyword.WebUiBuiltInKeywords.getNumberOfTotalOption(com.kms.katalon.core.testobject.ObjectRepository.findTestObject(HealthpostToStore/Page_Store/select_--Select--Adernaline 0.)): 18 options of object 'Object Repository/HealthpostToStore/Page_Store/select_--Select--Adernaline 0.' counted

2018-06-09 22:03:06 - [MESSAGE][PASSED] - 18 options of object 'Object Repository/HealthpostToStore/Page_Store/select_--Select--Adernaline 0.' counted

2018-06-09 22:03:06 - [TEST_STEP][PASSED] - Statement - For ([a = 1, a <= selectedoptions - 1, (a++)]): null

2018-06-09 22:03:06 - [TEST_STEP][PASSED] - selectOptionByIndex: All options with index in [1] are selected on object 'Object Repository/HealthpostToStore/Page_Store/select_--Select--Adernaline 0.'

2018-06-09 22:03:06 - [MESSAGE][PASSED] - All options with index in [1] are selected on object 'Object Repository/HealthpostToStore/Page_Store/select_--Select--Adernaline 0.'

2018-06-09 22:03:06 - [TEST_STEP][PASSED] - delay: Delayed 2 second(s)

2018-06-09 22:03:08 - [MESSAGE][PASSED] - Delayed 2 second(s)

2018-06-09 22:03:08 - [TEST_STEP][PASSED] - Statement - RequestedQty = com.kms.katalon.core.webui.keyword.WebUiBuiltInKeywords.getAttribute(com.kms.katalon.core.testobject.ObjectRepository.findTestObject(HealthpostToStore/Page_Store/input_txttotal), "value"): Attribute 'value' of object 'Object Repository/HealthpostToStore/Page_Store/input_txttotal' is: '10'

2018-06-09 22:03:08 - [MESSAGE][PASSED] - Attribute 'value' of object 'Object Repository/HealthpostToStore/Page_Store/input_txttotal' is: '10'

2018-06-09 22:03:08 - [TEST_STEP][PASSED] - Statement - out.println("Requested QTY : " + RequestedQty): null

2018-06-09 22:03:08 - [TEST_STEP][PASSED] - Statement - BatchNumber = com.kms.katalon.core.webui.keyword.WebUiBuiltInKeywords.getNumberOfTotalOption(com.kms.katalon.core.testobject.ObjectRepository.findTestObject(HealthpostToStore/Page_Store/select_--Select--BA1170BA2376B)): 2 options of object 'Object Repository/HealthpostToStore/Page_Store/select_--Select--BA1170BA2376B' counted

2018-06-09 22:03:08 - [MESSAGE][PASSED] - 2 options of object 'Object Repository/HealthpostToStore/Page_Store/select_--Select--BA1170BA2376B' counted

2018-06-09 22:03:08 - [TEST_STEP][PASSED] - Statement - For ([g = 1, g <= BatchNumber - 1, (g++)]): null

2018-06-09 22:03:08 - [TEST_STEP][PASSED] - selectOptionByIndex: All options with index in [1] are selected on object 'Object Repository/HealthpostToStore/Page_Store/select_--Select--BA1170BA2376B'

2018-06-09 22:03:08 - [MESSAGE][PASSED] - All options with index in [1] are selected on object 'Object Repository/HealthpostToStore/Page_Store/select_--Select--BA1170BA2376B'

2018-06-09 22:03:08 - [TEST_STEP][PASSED] - Statement - Try: null

2018-06-09 22:03:08 - [TEST_STEP][PASSED] - Statement - StockQty = com.kms.katalon.core.webui.keyword.WebUiBuiltInKeywords.getAttribute(com.kms.katalon.core.testobject.ObjectRepository.findTestObject(HealthpostToStore/Page_Store/input_txtprice), "value"): Attribute 'value' of object 'Object Repository/HealthpostToStore/Page_Store/input_txtprice' is: '1775'

2018-06-09 22:03:08 - [MESSAGE][PASSED] - Attribute 'value' of object 'Object Repository/HealthpostToStore/Page_Store/input_txtprice' is: '1775'

2018-06-09 22:03:08 - [TEST_STEP][PASSED] - Statement - out.println("Stock QTY : " + StockQty): null

2018-06-09 22:03:08 - [TEST_STEP][PASSED] - delay: Delayed 2 second(s)

2018-06-09 22:03:10 - [MESSAGE][PASSED] - Delayed 2 second(s)

2018-06-09 22:03:10 - [TEST_STEP][PASSED] - Statement - If (java.lang.String.valueOf(StockQty) >= java.lang.String.valueOf(RequestedQty)): null

2018-06-09 22:03:10 - [TEST_STEP][PASSED] - setText: Text '10' is set on object 'Object Repository/HealthpostToStore/Page_Store/input_txtqty'

2018-06-09 22:03:10 - [MESSAGE][PASSED] - Text '10' is set on object 'Object Repository/HealthpostToStore/Page_Store/input_txtqty'

2018-06-09 22:03:10 - [TEST_STEP][PASSED] - click: Object: 'Object Repository/HealthpostToStore/Page_Store/button_Add' is clicked on

2018-06-09 22:03:11 - [MESSAGE][PASSED] - Object: 'Object Repository/HealthpostToStore/Page_Store/button_Add' is clicked on

2018-06-09 22:03:11 - [TEST_STEP][PASSED] - Statement - Break: null

2018-06-09 22:03:11 - [TEST_STEP][PASSED] - selectOptionByIndex: All options with index in [2] are selected on object 'Object Repository/HealthpostToStore/Page_Store/select_--Select--Adernaline 0.'

2018-06-09 22:03:11 - [MESSAGE][PASSED] - All options with index in [2] are selected on object 'Object Repository/HealthpostToStore/Page_Store/select_--Select--Adernaline 0.'

2018-06-09 22:03:11 - [TEST_STEP][PASSED] - delay: Delayed 2 second(s)

2018-06-09 22:03:13 - [MESSAGE][PASSED] - Delayed 2 second(s)

2018-06-09 22:03:13 - [TEST_STEP][PASSED] - Statement - RequestedQty = com.kms.katalon.core.webui.keyword.WebUiBuiltInKeywords.getAttribute(com.kms.katalon.core.testobject.ObjectRepository.findTestObject(HealthpostToStore/Page_Store/input_txttotal), "value"): Attribute 'value' of object 'Object Repository/HealthpostToStore/Page_Store/input_txttotal' is: '10'

2018-06-09 22:03:13 - [MESSAGE][PASSED] - Attribute 'value' of object 'Object Repository/HealthpostToStore/Page_Store/input_txttotal' is: '10'

2018-06-09 22:03:13 - [TEST_STEP][PASSED] - Statement - out.println("Requested QTY : " + RequestedQty): null

2018-06-09 22:03:13 - [TEST_STEP][PASSED] - Statement - BatchNumber = com.kms.katalon.core.webui.keyword.WebUiBuiltInKeywords.getNumberOfTotalOption(com.kms.katalon.core.testobject.ObjectRepository.findTestObject(HealthpostToStore/Page_Store/select_--Select--BA1170BA2376B)): 3 options of object 'Object Repository/HealthpostToStore/Page_Store/select_--Select--BA1170BA2376B' counted

2018-06-09 22:03:13 - [MESSAGE][PASSED] - 3 options of object 'Object Repository/HealthpostToStore/Page_Store/select_--Select--BA1170BA2376B' counted

2018-06-09 22:03:13 - [TEST_STEP][PASSED] - Statement - For ([g = 1, g <= BatchNumber - 1, (g++)]): null

2018-06-09 22:03:13 - [TEST_STEP][PASSED] - selectOptionByIndex: All options with index in [1] are selected on object 'Object Repository/HealthpostToStore/Page_Store/select_--Select--BA1170BA2376B'

2018-06-09 22:03:13 - [MESSAGE][PASSED] - All options with index in [1] are selected on object 'Object Repository/HealthpostToStore/Page_Store/select_--Select--BA1170BA2376B'

2018-06-09 22:03:13 - [TEST_STEP][PASSED] - Statement - Try: null

2018-06-09 22:03:13 - [TEST_STEP][PASSED] - Statement - StockQty = com.kms.katalon.core.webui.keyword.WebUiBuiltInKeywords.getAttribute(com.kms.katalon.core.testobject.ObjectRepository.findTestObject(HealthpostToStore/Page_Store/input_txtprice), "value"): Attribute 'value' of object 'Object Repository/HealthpostToStore/Page_Store/input_txtprice' is: '627'

2018-06-09 22:03:13 - [MESSAGE][PASSED] - Attribute 'value' of object 'Object Repository/HealthpostToStore/Page_Store/input_txtprice' is: '627'

2018-06-09 22:03:13 - [TEST_STEP][PASSED] - Statement - out.println("Stock QTY : " + StockQty): null

2018-06-09 22:03:13 - [TEST_STEP][PASSED] - delay: Delayed 2 second(s)

2018-06-09 22:03:15 - [MESSAGE][PASSED] - Delayed 2 second(s)

2018-06-09 22:03:15 - [TEST_STEP][PASSED] - Statement - If (java.lang.String.valueOf(StockQty) >= java.lang.String.valueOf(RequestedQty)): null

2018-06-09 22:03:15 - [TEST_STEP][PASSED] - setText: Text '10' is set on object 'Object Repository/HealthpostToStore/Page_Store/input_txtqty'

2018-06-09 22:03:15 - [MESSAGE][PASSED] - Text '10' is set on object 'Object Repository/HealthpostToStore/Page_Store/input_txtqty'

2018-06-09 22:03:15 - [TEST_STEP][PASSED] - click: Object: 'Object Repository/HealthpostToStore/Page_Store/button_Add' is clicked on

2018-06-09 22:03:15 - [MESSAGE][PASSED] - Object: 'Object Repository/HealthpostToStore/Page_Store/button_Add' is clicked on

2018-06-09 22:03:15 - [TEST_STEP][PASSED] - Statement - Break: null

2018-06-09 22:03:15 - [TEST_STEP][PASSED] - selectOptionByIndex: All options with index in [3] are selected on object 'Object Repository/HealthpostToStore/Page_Store/select_--Select--Adernaline 0.'

2018-06-09 22:03:15 - [MESSAGE][PASSED] - All options with index in [3] are selected on object 'Object Repository/HealthpostToStore/Page_Store/select_--Select--Adernaline 0.'

2018-06-09 22:03:15 - [TEST_STEP][PASSED] - delay: Delayed 2 second(s)

2018-06-09 22:03:17 - [MESSAGE][PASSED] - Delayed 2 second(s)

2018-06-09 22:03:17 - [TEST_STEP][PASSED] - Statement - RequestedQty = com.kms.katalon.core.webui.keyword.WebUiBuiltInKeywords.getAttribute(com.kms.katalon.core.testobject.ObjectRepository.findTestObject(HealthpostToStore/Page_Store/input_txttotal), "value"): Attribute 'value' of object 'Object Repository/HealthpostToStore/Page_Store/input_txttotal' is: '10'

2018-06-09 22:03:17 - [MESSAGE][PASSED] - Attribute 'value' of object 'Object Repository/HealthpostToStore/Page_Store/input_txttotal' is: '10'

2018-06-09 22:03:17 - [TEST_STEP][PASSED] - Statement - out.println("Requested QTY : " + RequestedQty): null

2018-06-09 22:03:17 - [TEST_STEP][PASSED] - Statement - BatchNumber = com.kms.katalon.core.webui.keyword.WebUiBuiltInKeywords.getNumberOfTotalOption(com.kms.katalon.core.testobject.ObjectRepository.findTestObject(HealthpostToStore/Page_Store/select_--Select--BA1170BA2376B)): 3 options of object 'Object Repository/HealthpostToStore/Page_Store/select_--Select--BA1170BA2376B' counted

2018-06-09 22:03:17 - [MESSAGE][PASSED] - 3 options of object 'Object Repository/HealthpostToStore/Page_Store/select_--Select--BA1170BA2376B' counted

2018-06-09 22:03:17 - [TEST_STEP][PASSED] - Statement - For ([g = 1, g <= BatchNumber - 1, (g++)]): null

2018-06-09 22:03:17 - [TEST_STEP][PASSED] - selectOptionByIndex: All options with index in [1] are selected on object 'Object Repository/HealthpostToStore/Page_Store/select_--Select--BA1170BA2376B'

2018-06-09 22:03:17 - [MESSAGE][PASSED] - All options with index in [1] are selected on object 'Object Repository/HealthpostToStore/Page_Store/select_--Select--BA1170BA2376B'

2018-06-09 22:03:17 - [TEST_STEP][PASSED] - Statement - Try: null

2018-06-09 22:03:17 - [TEST_STEP][PASSED] - Statement - StockQty = com.kms.katalon.core.webui.keyword.WebUiBuiltInKeywords.getAttribute(com.kms.katalon.core.testobject.ObjectRepository.findTestObject(HealthpostToStore/Page_Store/input_txtprice), "value"): Attribute 'value' of object 'Object Repository/HealthpostToStore/Page_Store/input_txtprice' is: '1675'

2018-06-09 22:03:17 - [MESSAGE][PASSED] - Attribute 'value' of object 'Object Repository/HealthpostToStore/Page_Store/input_txtprice' is: '1675'

2018-06-09 22:03:17 - [TEST_STEP][PASSED] - Statement - out.println("Stock QTY : " + StockQty): null

2018-06-09 22:03:17 - [TEST_STEP][PASSED] - delay: Delayed 2 second(s)

2018-06-09 22:03:19 - [MESSAGE][PASSED] - Delayed 2 second(s)

2018-06-09 22:03:19 - [TEST_STEP][PASSED] - Statement - If (java.lang.String.valueOf(StockQty) >= java.lang.String.valueOf(RequestedQty)): null

2018-06-09 22:03:19 - [TEST_STEP][PASSED] - setText: Text '10' is set on object 'Object Repository/HealthpostToStore/Page_Store/input_txtqty'

2018-06-09 22:03:20 - [MESSAGE][PASSED] - Text '10' is set on object 'Object Repository/HealthpostToStore/Page_Store/input_txtqty'

2018-06-09 22:03:20 - [TEST_STEP][PASSED] - click: Object: 'Object Repository/HealthpostToStore/Page_Store/button_Add' is clicked on

2018-06-09 22:03:20 - [MESSAGE][PASSED] - Object: 'Object Repository/HealthpostToStore/Page_Store/button_Add' is clicked on

2018-06-09 22:03:20 - [TEST_STEP][PASSED] - Statement - Break: null

2018-06-09 22:03:20 - [TEST_STEP][PASSED] - selectOptionByIndex: All options with index in [4] are selected on object 'Object Repository/HealthpostToStore/Page_Store/select_--Select--Adernaline 0.'

2018-06-09 22:03:20 - [MESSAGE][PASSED] - All options with index in [4] are selected on object 'Object Repository/HealthpostToStore/Page_Store/select_--Select--Adernaline 0.'

2018-06-09 22:03:20 - [TEST_STEP][PASSED] - delay: Delayed 2 second(s)

2018-06-09 22:03:22 - [MESSAGE][PASSED] - Delayed 2 second(s)

2018-06-09 22:03:22 - [TEST_STEP][PASSED] - Statement - RequestedQty = com.kms.katalon.core.webui.keyword.WebUiBuiltInKeywords.getAttribute(com.kms.katalon.core.testobject.ObjectRepository.findTestObject(HealthpostToStore/Page_Store/input_txttotal), "value"): Attribute 'value' of object 'Object Repository/HealthpostToStore/Page_Store/input_txttotal' is: '10'

2018-06-09 22:03:22 - [MESSAGE][PASSED] - Attribute 'value' of object 'Object Repository/HealthpostToStore/Page_Store/input_txttotal' is: '10'

2018-06-09 22:03:22 - [TEST_STEP][PASSED] - Statement - out.println("Requested QTY : " + RequestedQty): null

2018-06-09 22:03:22 - [TEST_STEP][PASSED] - Statement - BatchNumber = com.kms.katalon.core.webui.keyword.WebUiBuiltInKeywords.getNumberOfTotalOption(com.kms.katalon.core.testobject.ObjectRepository.findTestObject(HealthpostToStore/Page_Store/select_--Select--BA1170BA2376B)): 3 options of object 'Object Repository/HealthpostToStore/Page_Store/select_--Select--BA1170BA2376B' counted

2018-06-09 22:03:22 - [MESSAGE][PASSED] - 3 options of object 'Object Repository/HealthpostToStore/Page_Store/select_--Select--BA1170BA2376B' counted

2018-06-09 22:03:22 - [TEST_STEP][PASSED] - Statement - For ([g = 1, g <= BatchNumber - 1, (g++)]): null

2018-06-09 22:03:22 - [TEST_STEP][PASSED] - selectOptionByIndex: All options with index in [1] are selected on object 'Object Repository/HealthpostToStore/Page_Store/select_--Select--BA1170BA2376B'

2018-06-09 22:03:22 - [MESSAGE][PASSED] - All options with index in [1] are selected on object 'Object Repository/HealthpostToStore/Page_Store/select_--Select--BA1170BA2376B'

2018-06-09 22:03:22 - [TEST_STEP][PASSED] - Statement - Try: null

2018-06-09 22:03:22 - [TEST_STEP][PASSED] - Statement - StockQty = com.kms.katalon.core.webui.keyword.WebUiBuiltInKeywords.getAttribute(com.kms.katalon.core.testobject.ObjectRepository.findTestObject(HealthpostToStore/Page_Store/input_txtprice), "value"): Attribute 'value' of object 'Object Repository/HealthpostToStore/Page_Store/input_txtprice' is: '775'

2018-06-09 22:03:22 - [MESSAGE][PASSED] - Attribute 'value' of object 'Object Repository/HealthpostToStore/Page_Store/input_txtprice' is: '775'

2018-06-09 22:03:22 - [TEST_STEP][PASSED] - Statement - out.println("Stock QTY : " + StockQty): null

2018-06-09 22:03:22 - [TEST_STEP][PASSED] - delay: Delayed 2 second(s)

2018-06-09 22:03:24 - [MESSAGE][PASSED] - Delayed 2 second(s)

2018-06-09 22:03:24 - [TEST_STEP][PASSED] - Statement - If (java.lang.String.valueOf(StockQty) >= java.lang.String.valueOf(RequestedQty)): null

2018-06-09 22:03:24 - [TEST_STEP][PASSED] - setText: Text '10' is set on object 'Object Repository/HealthpostToStore/Page_Store/input_txtqty'

2018-06-09 22:03:24 - [MESSAGE][PASSED] - Text '10' is set on object 'Object Repository/HealthpostToStore/Page_Store/input_txtqty'

2018-06-09 22:03:24 - [TEST_STEP][PASSED] - click: Object: 'Object Repository/HealthpostToStore/Page_Store/button_Add' is clicked on

2018-06-09 22:03:24 - [MESSAGE][PASSED] - Object: 'Object Repository/HealthpostToStore/Page_Store/button_Add' is clicked on

2018-06-09 22:03:24 - [TEST_STEP][PASSED] - Statement - Break: null

2018-06-09 22:03:24 - [TEST_STEP][PASSED] - selectOptionByIndex: All options with index in [5] are selected on object 'Object Repository/HealthpostToStore/Page_Store/select_--Select--Adernaline 0.'

2018-06-09 22:03:24 - [MESSAGE][PASSED] - All options with index in [5] are selected on object 'Object Repository/HealthpostToStore/Page_Store/select_--Select--Adernaline 0.'

2018-06-09 22:03:24 - [TEST_STEP][PASSED] - delay: Delayed 2 second(s)

2018-06-09 22:03:26 - [MESSAGE][PASSED] - Delayed 2 second(s)

2018-06-09 22:03:26 - [TEST_STEP][PASSED] - Statement - RequestedQty = com.kms.katalon.core.webui.keyword.WebUiBuiltInKeywords.getAttribute(com.kms.katalon.core.testobject.ObjectRepository.findTestObject(HealthpostToStore/Page_Store/input_txttotal), "value"): Attribute 'value' of object 'Object Repository/HealthpostToStore/Page_Store/input_txttotal' is: '10'

2018-06-09 22:03:26 - [MESSAGE][PASSED] - Attribute 'value' of object 'Object Repository/HealthpostToStore/Page_Store/input_txttotal' is: '10'

2018-06-09 22:03:26 - [TEST_STEP][PASSED] - Statement - out.println("Requested QTY : " + RequestedQty): null

2018-06-09 22:03:26 - [TEST_STEP][PASSED] - Statement - BatchNumber = com.kms.katalon.core.webui.keyword.WebUiBuiltInKeywords.getNumberOfTotalOption(com.kms.katalon.core.testobject.ObjectRepository.findTestObject(HealthpostToStore/Page_Store/select_--Select--BA1170BA2376B)): 3 options of object 'Object Repository/HealthpostToStore/Page_Store/select_--Select--BA1170BA2376B' counted

2018-06-09 22:03:26 - [MESSAGE][PASSED] - 3 options of object 'Object Repository/HealthpostToStore/Page_Store/select_--Select--BA1170BA2376B' counted

2018-06-09 22:03:26 - [TEST_STEP][PASSED] - Statement - For ([g = 1, g <= BatchNumber - 1, (g++)]): null

2018-06-09 22:03:26 - [TEST_STEP][PASSED] - selectOptionByIndex: All options with index in [1] are selected on object 'Object Repository/HealthpostToStore/Page_Store/select_--Select--BA1170BA2376B'

2018-06-09 22:03:27 - [MESSAGE][PASSED] - All options with index in [1] are selected on object 'Object Repository/HealthpostToStore/Page_Store/select_--Select--BA1170BA2376B'

2018-06-09 22:03:27 - [TEST_STEP][PASSED] - Statement - Try: null

2018-06-09 22:03:27 - [TEST_STEP][PASSED] - Statement - StockQty = com.kms.katalon.core.webui.keyword.WebUiBuiltInKeywords.getAttribute(com.kms.katalon.core.testobject.ObjectRepository.findTestObject(HealthpostToStore/Page_Store/input_txtprice), "value"): Attribute 'value' of object 'Object Repository/HealthpostToStore/Page_Store/input_txtprice' is: '765'

2018-06-09 22:03:27 - [MESSAGE][PASSED] - Attribute 'value' of object 'Object Repository/HealthpostToStore/Page_Store/input_txtprice' is: '765'

2018-06-09 22:03:27 - [TEST_STEP][PASSED] - Statement - out.println("Stock QTY : " + StockQty): null

2018-06-09 22:03:27 - [TEST_STEP][PASSED] - delay: Delayed 2 second(s)

2018-06-09 22:03:29 - [MESSAGE][PASSED] - Delayed 2 second(s)

2018-06-09 22:03:29 - [TEST_STEP][PASSED] - Statement - If (java.lang.String.valueOf(StockQty) >= java.lang.String.valueOf(RequestedQty)): null

2018-06-09 22:03:29 - [TEST_STEP][PASSED] - setText: Text '10' is set on object 'Object Repository/HealthpostToStore/Page_Store/input_txtqty'

2018-06-09 22:03:29 - [MESSAGE][PASSED] - Text '10' is set on object 'Object Repository/HealthpostToStore/Page_Store/input_txtqty'

2018-06-09 22:03:29 - [TEST_STEP][PASSED] - click: Object: 'Object Repository/HealthpostToStore/Page_Store/button_Add' is clicked on

2018-06-09 22:03:29 - [MESSAGE][PASSED] - Object: 'Object Repository/HealthpostToStore/Page_Store/button_Add' is clicked on

2018-06-09 22:03:29 - [TEST_STEP][PASSED] - Statement - Break: null

2018-06-09 22:03:29 - [TEST_STEP][PASSED] - selectOptionByIndex: All options with index in [6] are selected on object 'Object Repository/HealthpostToStore/Page_Store/select_--Select--Adernaline 0.'

2018-06-09 22:03:29 - [MESSAGE][PASSED] - All options with index in [6] are selected on object 'Object Repository/HealthpostToStore/Page_Store/select_--Select--Adernaline 0.'

2018-06-09 22:03:29 - [TEST_STEP][PASSED] - delay: Delayed 2 second(s)

2018-06-09 22:03:31 - [MESSAGE][PASSED] - Delayed 2 second(s)

2018-06-09 22:03:31 - [TEST_STEP][PASSED] - Statement - RequestedQty = com.kms.katalon.core.webui.keyword.WebUiBuiltInKeywords.getAttribute(com.kms.katalon.core.testobject.ObjectRepository.findTestObject(HealthpostToStore/Page_Store/input_txttotal), "value"): Attribute 'value' of object 'Object Repository/HealthpostToStore/Page_Store/input_txttotal' is: '10'

2018-06-09 22:03:31 - [MESSAGE][PASSED] - Attribute 'value' of object 'Object Repository/HealthpostToStore/Page_Store/input_txttotal' is: '10'

2018-06-09 22:03:31 - [TEST_STEP][PASSED] - Statement - out.println("Requested QTY : " + RequestedQty): null

2018-06-09 22:03:31 - [TEST_STEP][PASSED] - Statement - BatchNumber = com.kms.katalon.core.webui.keyword.WebUiBuiltInKeywords.getNumberOfTotalOption(com.kms.katalon.core.testobject.ObjectRepository.findTestObject(HealthpostToStore/Page_Store/select_--Select--BA1170BA2376B)): 3 options of object 'Object Repository/HealthpostToStore/Page_Store/select_--Select--BA1170BA2376B' counted

2018-06-09 22:03:31 - [MESSAGE][PASSED] - 3 options of object 'Object Repository/HealthpostToStore/Page_Store/select_--Select--BA1170BA2376B' counted

2018-06-09 22:03:31 - [TEST_STEP][PASSED] - Statement - For ([g = 1, g <= BatchNumber - 1, (g++)]): null

2018-06-09 22:03:31 - [TEST_STEP][PASSED] - selectOptionByIndex: All options with index in [1] are selected on object 'Object Repository/HealthpostToStore/Page_Store/select_--Select--BA1170BA2376B'

2018-06-09 22:03:31 - [MESSAGE][PASSED] - All options with index in [1] are selected on object 'Object Repository/HealthpostToStore/Page_Store/select_--Select--BA1170BA2376B'

2018-06-09 22:03:31 - [TEST_STEP][PASSED] - Statement - Try: null

2018-06-09 22:03:31 - [TEST_STEP][PASSED] - Statement - StockQty = com.kms.katalon.core.webui.keyword.WebUiBuiltInKeywords.getAttribute(com.kms.katalon.core.testobject.ObjectRepository.findTestObject(HealthpostToStore/Page_Store/input_txtprice), "value"): Attribute 'value' of object 'Object Repository/HealthpostToStore/Page_Store/input_txtprice' is: '765'

2018-06-09 22:03:31 - [MESSAGE][PASSED] - Attribute 'value' of object 'Object Repository/HealthpostToStore/Page_Store/input_txtprice' is: '765'

2018-06-09 22:03:31 - [TEST_STEP][PASSED] - Statement - out.println("Stock QTY : " + StockQty): null

2018-06-09 22:03:31 - [TEST_STEP][PASSED] - delay: Delayed 2 second(s)

2018-06-09 22:03:33 - [MESSAGE][PASSED] - Delayed 2 second(s)

2018-06-09 22:03:33 - [TEST_STEP][PASSED] - Statement - If (java.lang.String.valueOf(StockQty) >= java.lang.String.valueOf(RequestedQty)): null

2018-06-09 22:03:33 - [TEST_STEP][PASSED] - setText: Text '10' is set on object 'Object Repository/HealthpostToStore/Page_Store/input_txtqty'

2018-06-09 22:03:33 - [MESSAGE][PASSED] - Text '10' is set on object 'Object Repository/HealthpostToStore/Page_Store/input_txtqty'

2018-06-09 22:03:33 - [TEST_STEP][PASSED] - click: Object: 'Object Repository/HealthpostToStore/Page_Store/button_Add' is clicked on

2018-06-09 22:03:33 - [MESSAGE][PASSED] - Object: 'Object Repository/HealthpostToStore/Page_Store/button_Add' is clicked on

2018-06-09 22:03:33 - [TEST_STEP][PASSED] - Statement - Break: null

2018-06-09 22:03:33 - [TEST_STEP][PASSED] - selectOptionByIndex: All options with index in [7] are selected on object 'Object Repository/HealthpostToStore/Page_Store/select_--Select--Adernaline 0.'

2018-06-09 22:03:33 - [MESSAGE][PASSED] - All options with index in [7] are selected on object 'Object Repository/HealthpostToStore/Page_Store/select_--Select--Adernaline 0.'

2018-06-09 22:03:33 - [TEST_STEP][PASSED] - delay: Delayed 2 second(s)

2018-06-09 22:03:35 - [MESSAGE][PASSED] - Delayed 2 second(s)

2018-06-09 22:03:35 - [TEST_STEP][PASSED] - Statement - RequestedQty = com.kms.katalon.core.webui.keyword.WebUiBuiltInKeywords.getAttribute(com.kms.katalon.core.testobject.ObjectRepository.findTestObject(HealthpostToStore/Page_Store/input_txttotal), "value"): Attribute 'value' of object 'Object Repository/HealthpostToStore/Page_Store/input_txttotal' is: '10'

2018-06-09 22:03:35 - [MESSAGE][PASSED] - Attribute 'value' of object 'Object Repository/HealthpostToStore/Page_Store/input_txttotal' is: '10'

2018-06-09 22:03:35 - [TEST_STEP][PASSED] - Statement - out.println("Requested QTY : " + RequestedQty): null

2018-06-09 22:03:35 - [TEST_STEP][PASSED] - Statement - BatchNumber = com.kms.katalon.core.webui.keyword.WebUiBuiltInKeywords.getNumberOfTotalOption(com.kms.katalon.core.testobject.ObjectRepository.findTestObject(HealthpostToStore/Page_Store/select_--Select--BA1170BA2376B)): 2 options of object 'Object Repository/HealthpostToStore/Page_Store/select_--Select--BA1170BA2376B' counted

2018-06-09 22:03:36 - [MESSAGE][PASSED] - 2 options of object 'Object Repository/HealthpostToStore/Page_Store/select_--Select--BA1170BA2376B' counted

2018-06-09 22:03:36 - [TEST_STEP][PASSED] - Statement - For ([g = 1, g <= BatchNumber - 1, (g++)]): null

2018-06-09 22:03:36 - [TEST_STEP][PASSED] - selectOptionByIndex: All options with index in [1] are selected on object 'Object Repository/HealthpostToStore/Page_Store/select_--Select--BA1170BA2376B'

2018-06-09 22:03:36 - [MESSAGE][PASSED] - All options with index in [1] are selected on object 'Object Repository/HealthpostToStore/Page_Store/select_--Select--BA1170BA2376B'

2018-06-09 22:03:36 - [TEST_STEP][PASSED] - Statement - Try: null

2018-06-09 22:03:36 - [TEST_STEP][PASSED] - Statement - StockQty = com.kms.katalon.core.webui.keyword.WebUiBuiltInKeywords.getAttribute(com.kms.katalon.core.testobject.ObjectRepository.findTestObject(HealthpostToStore/Page_Store/input_txtprice), "value"): Attribute 'value' of object 'Object Repository/HealthpostToStore/Page_Store/input_txtprice' is: '1775'

2018-06-09 22:03:36 - [MESSAGE][PASSED] - Attribute 'value' of object 'Object Repository/HealthpostToStore/Page_Store/input_txtprice' is: '1775'

2018-06-09 22:03:36 - [TEST_STEP][PASSED] - Statement - out.println("Stock QTY : " + StockQty): null

2018-06-09 22:03:36 - [TEST_STEP][PASSED] - delay: Delayed 2 second(s)

2018-06-09 22:03:38 - [MESSAGE][PASSED] - Delayed 2 second(s)

2018-06-09 22:03:38 - [TEST_STEP][PASSED] - Statement - If (java.lang.String.valueOf(StockQty) >= java.lang.String.valueOf(RequestedQty)): null

2018-06-09 22:03:38 - [TEST_STEP][PASSED] - setText: Text '10' is set on object 'Object Repository/HealthpostToStore/Page_Store/input_txtqty'

2018-06-09 22:03:38 - [MESSAGE][PASSED] - Text '10' is set on object 'Object Repository/HealthpostToStore/Page_Store/input_txtqty'

2018-06-09 22:03:38 - [TEST_STEP][PASSED] - click: Object: 'Object Repository/HealthpostToStore/Page_Store/button_Add' is clicked on

2018-06-09 22:03:38 - [MESSAGE][PASSED] - Object: 'Object Repository/HealthpostToStore/Page_Store/button_Add' is clicked on

2018-06-09 22:03:38 - [TEST_STEP][PASSED] - Statement - Break: null

2018-06-09 22:03:38 - [TEST_STEP][PASSED] - selectOptionByIndex: All options with index in [8] are selected on object 'Object Repository/HealthpostToStore/Page_Store/select_--Select--Adernaline 0.'

2018-06-09 22:03:38 - [MESSAGE][PASSED] - All options with index in [8] are selected on object 'Object Repository/HealthpostToStore/Page_Store/select_--Select--Adernaline 0.'

2018-06-09 22:03:38 - [TEST_STEP][PASSED] - delay: Delayed 2 second(s)

2018-06-09 22:03:40 - [MESSAGE][PASSED] - Delayed 2 second(s)

2018-06-09 22:03:40 - [TEST_STEP][PASSED] - Statement - RequestedQty = com.kms.katalon.core.webui.keyword.WebUiBuiltInKeywords.getAttribute(com.kms.katalon.core.testobject.ObjectRepository.findTestObject(HealthpostToStore/Page_Store/input_txttotal), "value"): Attribute 'value' of object 'Object Repository/HealthpostToStore/Page_Store/input_txttotal' is: '10'

2018-06-09 22:03:40 - [MESSAGE][PASSED] - Attribute 'value' of object 'Object Repository/HealthpostToStore/Page_Store/input_txttotal' is: '10'

2018-06-09 22:03:40 - [TEST_STEP][PASSED] - Statement - out.println("Requested QTY : " + RequestedQty): null

2018-06-09 22:03:40 - [TEST_STEP][PASSED] - Statement - BatchNumber = com.kms.katalon.core.webui.keyword.WebUiBuiltInKeywords.getNumberOfTotalOption(com.kms.katalon.core.testobject.ObjectRepository.findTestObject(HealthpostToStore/Page_Store/select_--Select--BA1170BA2376B)): 3 options of object 'Object Repository/HealthpostToStore/Page_Store/select_--Select--BA1170BA2376B' counted

2018-06-09 22:03:40 - [MESSAGE][PASSED] - 3 options of object 'Object Repository/HealthpostToStore/Page_Store/select_--Select--BA1170BA2376B' counted

2018-06-09 22:03:40 - [TEST_STEP][PASSED] - Statement - For ([g = 1, g <= BatchNumber - 1, (g++)]): null

2018-06-09 22:03:40 - [TEST_STEP][PASSED] - selectOptionByIndex: All options with index in [1] are selected on object 'Object Repository/HealthpostToStore/Page_Store/select_--Select--BA1170BA2376B'

2018-06-09 22:03:40 - [MESSAGE][PASSED] - All options with index in [1] are selected on object 'Object Repository/HealthpostToStore/Page_Store/select_--Select--BA1170BA2376B'

2018-06-09 22:03:40 - [TEST_STEP][PASSED] - Statement - Try: null

2018-06-09 22:03:40 - [TEST_STEP][PASSED] - Statement - StockQty = com.kms.katalon.core.webui.keyword.WebUiBuiltInKeywords.getAttribute(com.kms.katalon.core.testobject.ObjectRepository.findTestObject(HealthpostToStore/Page_Store/input_txtprice), "value"): Attribute 'value' of object 'Object Repository/HealthpostToStore/Page_Store/input_txtprice' is: '1675'

2018-06-09 22:03:40 - [MESSAGE][PASSED] - Attribute 'value' of object 'Object Repository/HealthpostToStore/Page_Store/input_txtprice' is: '1675'

2018-06-09 22:03:40 - [TEST_STEP][PASSED] - Statement - out.println("Stock QTY : " + StockQty): null

2018-06-09 22:03:40 - [TEST_STEP][PASSED] - delay: Delayed 2 second(s)

2018-06-09 22:03:42 - [MESSAGE][PASSED] - Delayed 2 second(s)

2018-06-09 22:03:42 - [TEST_STEP][PASSED] - Statement - If (java.lang.String.valueOf(StockQty) >= java.lang.String.valueOf(RequestedQty)): null

2018-06-09 22:03:42 - [TEST_STEP][PASSED] - setText: Text '10' is set on object 'Object Repository/HealthpostToStore/Page_Store/input_txtqty'

2018-06-09 22:03:42 - [MESSAGE][PASSED] - Text '10' is set on object 'Object Repository/HealthpostToStore/Page_Store/input_txtqty'

2018-06-09 22:03:42 - [TEST_STEP][PASSED] - click: Object: 'Object Repository/HealthpostToStore/Page_Store/button_Add' is clicked on

2018-06-09 22:03:42 - [MESSAGE][PASSED] - Object: 'Object Repository/HealthpostToStore/Page_Store/button_Add' is clicked on

2018-06-09 22:03:42 - [TEST_STEP][PASSED] - Statement - Break: null

2018-06-09 22:03:42 - [TEST_STEP][PASSED] - selectOptionByIndex: All options with index in [9] are selected on object 'Object Repository/HealthpostToStore/Page_Store/select_--Select--Adernaline 0.'

2018-06-09 22:03:43 - [MESSAGE][PASSED] - All options with index in [9] are selected on object 'Object Repository/HealthpostToStore/Page_Store/select_--Select--Adernaline 0.'

2018-06-09 22:03:43 - [TEST_STEP][PASSED] - delay: Delayed 2 second(s)

2018-06-09 22:03:45 - [MESSAGE][PASSED] - Delayed 2 second(s)

2018-06-09 22:03:45 - [TEST_STEP][PASSED] - Statement - RequestedQty = com.kms.katalon.core.webui.keyword.WebUiBuiltInKeywords.getAttribute(com.kms.katalon.core.testobject.ObjectRepository.findTestObject(HealthpostToStore/Page_Store/input_txttotal), "value"): Attribute 'value' of object 'Object Repository/HealthpostToStore/Page_Store/input_txttotal' is: '10'

2018-06-09 22:03:45 - [MESSAGE][PASSED] - Attribute 'value' of object 'Object Repository/HealthpostToStore/Page_Store/input_txttotal' is: '10'

2018-06-09 22:03:45 - [TEST_STEP][PASSED] - Statement - out.println("Requested QTY : " + RequestedQty): null

2018-06-09 22:03:45 - [TEST_STEP][PASSED] - Statement - BatchNumber = com.kms.katalon.core.webui.keyword.WebUiBuiltInKeywords.getNumberOfTotalOption(com.kms.katalon.core.testobject.ObjectRepository.findTestObject(HealthpostToStore/Page_Store/select_--Select--BA1170BA2376B)): 3 options of object 'Object Repository/HealthpostToStore/Page_Store/select_--Select--BA1170BA2376B' counted

2018-06-09 22:03:45 - [MESSAGE][PASSED] - 3 options of object 'Object Repository/HealthpostToStore/Page_Store/select_--Select--BA1170BA2376B' counted

2018-06-09 22:03:45 - [TEST_STEP][PASSED] - Statement - For ([g = 1, g <= BatchNumber - 1, (g++)]): null

2018-06-09 22:03:45 - [TEST_STEP][PASSED] - selectOptionByIndex: All options with index in [1] are selected on object 'Object Repository/HealthpostToStore/Page_Store/select_--Select--BA1170BA2376B'

2018-06-09 22:03:45 - [MESSAGE][PASSED] - All options with index in [1] are selected on object 'Object Repository/HealthpostToStore/Page_Store/select_--Select--BA1170BA2376B'

2018-06-09 22:03:45 - [TEST_STEP][PASSED] - Statement - Try: null

2018-06-09 22:03:45 - [TEST_STEP][PASSED] - Statement - StockQty = com.kms.katalon.core.webui.keyword.WebUiBuiltInKeywords.getAttribute(com.kms.katalon.core.testobject.ObjectRepository.findTestObject(HealthpostToStore/Page_Store/input_txtprice), "value"): Attribute 'value' of object 'Object Repository/HealthpostToStore/Page_Store/input_txtprice' is: '765'

2018-06-09 22:03:45 - [MESSAGE][PASSED] - Attribute 'value' of object 'Object Repository/HealthpostToStore/Page_Store/input_txtprice' is: '765'

2018-06-09 22:03:45 - [TEST_STEP][PASSED] - Statement - out.println("Stock QTY : " + StockQty): null

2018-06-09 22:03:45 - [TEST_STEP][PASSED] - delay: Delayed 2 second(s)

2018-06-09 22:03:47 - [MESSAGE][PASSED] - Delayed 2 second(s)

2018-06-09 22:03:47 - [TEST_STEP][PASSED] - Statement - If (java.lang.String.valueOf(StockQty) >= java.lang.String.valueOf(RequestedQty)): null

2018-06-09 22:03:47 - [TEST_STEP][PASSED] - setText: Text '10' is set on object 'Object Repository/HealthpostToStore/Page_Store/input_txtqty'

2018-06-09 22:03:47 - [MESSAGE][PASSED] - Text '10' is set on object 'Object Repository/HealthpostToStore/Page_Store/input_txtqty'

2018-06-09 22:03:47 - [TEST_STEP][PASSED] - click: Object: 'Object Repository/HealthpostToStore/Page_Store/button_Add' is clicked on

2018-06-09 22:03:47 - [MESSAGE][PASSED] - Object: 'Object Repository/HealthpostToStore/Page_Store/button_Add' is clicked on

2018-06-09 22:03:47 - [TEST_STEP][PASSED] - Statement - Break: null

2018-06-09 22:03:47 - [TEST_STEP][PASSED] - selectOptionByIndex: All options with index in [10] are selected on object 'Object Repository/HealthpostToStore/Page_Store/select_--Select--Adernaline 0.'

2018-06-09 22:03:47 - [MESSAGE][PASSED] - All options with index in [10] are selected on object 'Object Repository/HealthpostToStore/Page_Store/select_--Select--Adernaline 0.'

2018-06-09 22:03:47 - [TEST_STEP][PASSED] - delay: Delayed 2 second(s)

2018-06-09 22:03:49 - [MESSAGE][PASSED] - Delayed 2 second(s)

2018-06-09 22:03:49 - [TEST_STEP][PASSED] - Statement - RequestedQty = com.kms.katalon.core.webui.keyword.WebUiBuiltInKeywords.getAttribute(com.kms.katalon.core.testobject.ObjectRepository.findTestObject(HealthpostToStore/Page_Store/input_txttotal), "value"): Attribute 'value' of object 'Object Repository/HealthpostToStore/Page_Store/input_txttotal' is: '10'

2018-06-09 22:03:49 - [MESSAGE][PASSED] - Attribute 'value' of object 'Object Repository/HealthpostToStore/Page_Store/input_txttotal' is: '10'

2018-06-09 22:03:49 - [TEST_STEP][PASSED] - Statement - out.println("Requested QTY : " + RequestedQty): null

2018-06-09 22:03:49 - [TEST_STEP][PASSED] - Statement - BatchNumber = com.kms.katalon.core.webui.keyword.WebUiBuiltInKeywords.getNumberOfTotalOption(com.kms.katalon.core.testobject.ObjectRepository.findTestObject(HealthpostToStore/Page_Store/select_--Select--BA1170BA2376B)): 3 options of object 'Object Repository/HealthpostToStore/Page_Store/select_--Select--BA1170BA2376B' counted

2018-06-09 22:03:49 - [MESSAGE][PASSED] - 3 options of object 'Object Repository/HealthpostToStore/Page_Store/select_--Select--BA1170BA2376B' counted

2018-06-09 22:03:49 - [TEST_STEP][PASSED] - Statement - For ([g = 1, g <= BatchNumber - 1, (g++)]): null

2018-06-09 22:03:49 - [TEST_STEP][PASSED] - selectOptionByIndex: All options with index in [1] are selected on object 'Object Repository/HealthpostToStore/Page_Store/select_--Select--BA1170BA2376B'

2018-06-09 22:03:49 - [MESSAGE][PASSED] - All options with index in [1] are selected on object 'Object Repository/HealthpostToStore/Page_Store/select_--Select--BA1170BA2376B'

2018-06-09 22:03:49 - [TEST_STEP][PASSED] - Statement - Try: null

2018-06-09 22:03:49 - [TEST_STEP][PASSED] - Statement - StockQty = com.kms.katalon.core.webui.keyword.WebUiBuiltInKeywords.getAttribute(com.kms.katalon.core.testobject.ObjectRepository.findTestObject(HealthpostToStore/Page_Store/input_txtprice), "value"): Attribute 'value' of object 'Object Repository/HealthpostToStore/Page_Store/input_txtprice' is: '340'

2018-06-09 22:03:49 - [MESSAGE][PASSED] - Attribute 'value' of object 'Object Repository/HealthpostToStore/Page_Store/input_txtprice' is: '340'

2018-06-09 22:03:49 - [TEST_STEP][PASSED] - Statement - out.println("Stock QTY : " + StockQty): null

2018-06-09 22:03:49 - [TEST_STEP][PASSED] - delay: Delayed 2 second(s)

2018-06-09 22:03:51 - [MESSAGE][PASSED] - Delayed 2 second(s)

2018-06-09 22:03:51 - [TEST_STEP][PASSED] - Statement - If (java.lang.String.valueOf(StockQty) >= java.lang.String.valueOf(RequestedQty)): null

2018-06-09 22:03:51 - [TEST_STEP][PASSED] - setText: Text '10' is set on object 'Object Repository/HealthpostToStore/Page_Store/input_txtqty'

2018-06-09 22:03:52 - [MESSAGE][PASSED] - Text '10' is set on object 'Object Repository/HealthpostToStore/Page_Store/input_txtqty'

2018-06-09 22:03:52 - [TEST_STEP][PASSED] - click: Object: 'Object Repository/HealthpostToStore/Page_Store/button_Add' is clicked on

2018-06-09 22:03:52 - [MESSAGE][PASSED] - Object: 'Object Repository/HealthpostToStore/Page_Store/button_Add' is clicked on

2018-06-09 22:03:52 - [TEST_STEP][PASSED] - Statement - Break: null

2018-06-09 22:03:52 - [TEST_STEP][PASSED] - selectOptionByIndex: All options with index in [11] are selected on object 'Object Repository/HealthpostToStore/Page_Store/select_--Select--Adernaline 0.'

2018-06-09 22:03:52 - [MESSAGE][PASSED] - All options with index in [11] are selected on object 'Object Repository/HealthpostToStore/Page_Store/select_--Select--Adernaline 0.'

2018-06-09 22:03:52 - [TEST_STEP][PASSED] - delay: Delayed 2 second(s)

2018-06-09 22:03:54 - [MESSAGE][PASSED] - Delayed 2 second(s)

2018-06-09 22:03:54 - [TEST_STEP][PASSED] - Statement - RequestedQty = com.kms.katalon.core.webui.keyword.WebUiBuiltInKeywords.getAttribute(com.kms.katalon.core.testobject.ObjectRepository.findTestObject(HealthpostToStore/Page_Store/input_txttotal), "value"): Attribute 'value' of object 'Object Repository/HealthpostToStore/Page_Store/input_txttotal' is: '10'

2018-06-09 22:03:54 - [MESSAGE][PASSED] - Attribute 'value' of object 'Object Repository/HealthpostToStore/Page_Store/input_txttotal' is: '10'

2018-06-09 22:03:54 - [TEST_STEP][PASSED] - Statement - out.println("Requested QTY : " + RequestedQty): null

2018-06-09 22:03:54 - [TEST_STEP][PASSED] - Statement - BatchNumber = com.kms.katalon.core.webui.keyword.WebUiBuiltInKeywords.getNumberOfTotalOption(com.kms.katalon.core.testobject.ObjectRepository.findTestObject(HealthpostToStore/Page_Store/select_--Select--BA1170BA2376B)): 4 options of object 'Object Repository/HealthpostToStore/Page_Store/select_--Select--BA1170BA2376B' counted

2018-06-09 22:03:54 - [MESSAGE][PASSED] - 4 options of object 'Object Repository/HealthpostToStore/Page_Store/select_--Select--BA1170BA2376B' counted

2018-06-09 22:03:54 - [TEST_STEP][PASSED] - Statement - For ([g = 1, g <= BatchNumber - 1, (g++)]): null

2018-06-09 22:03:54 - [TEST_STEP][PASSED] - selectOptionByIndex: All options with index in [1] are selected on object 'Object Repository/HealthpostToStore/Page_Store/select_--Select--BA1170BA2376B'

2018-06-09 22:03:54 - [MESSAGE][PASSED] - All options with index in [1] are selected on object 'Object Repository/HealthpostToStore/Page_Store/select_--Select--BA1170BA2376B'

2018-06-09 22:03:54 - [TEST_STEP][PASSED] - Statement - Try: null

2018-06-09 22:03:54 - [TEST_STEP][PASSED] - Statement - StockQty = com.kms.katalon.core.webui.keyword.WebUiBuiltInKeywords.getAttribute(com.kms.katalon.core.testobject.ObjectRepository.findTestObject(HealthpostToStore/Page_Store/input_txtprice), "value"): Attribute 'value' of object 'Object Repository/HealthpostToStore/Page_Store/input_txtprice' is: '765'

2018-06-09 22:03:54 - [MESSAGE][PASSED] - Attribute 'value' of object 'Object Repository/HealthpostToStore/Page_Store/input_txtprice' is: '765'

2018-06-09 22:03:54 - [TEST_STEP][PASSED] - Statement - out.println("Stock QTY : " + StockQty): null

2018-06-09 22:03:54 - [TEST_STEP][PASSED] - delay: Delayed 2 second(s)

2018-06-09 22:03:56 - [MESSAGE][PASSED] - Delayed 2 second(s)

2018-06-09 22:03:56 - [TEST_STEP][PASSED] - Statement - If (java.lang.String.valueOf(StockQty) >= java.lang.String.valueOf(RequestedQty)): null

2018-06-09 22:03:56 - [TEST_STEP][PASSED] - setText: Text '10' is set on object 'Object Repository/HealthpostToStore/Page_Store/input_txtqty'

2018-06-09 22:03:56 - [MESSAGE][PASSED] - Text '10' is set on object 'Object Repository/HealthpostToStore/Page_Store/input_txtqty'

2018-06-09 22:03:56 - [TEST_STEP][PASSED] - click: Object: 'Object Repository/HealthpostToStore/Page_Store/button_Add' is clicked on

2018-06-09 22:03:56 - [MESSAGE][PASSED] - Object: 'Object Repository/HealthpostToStore/Page_Store/button_Add' is clicked on

2018-06-09 22:03:56 - [TEST_STEP][PASSED] - Statement - Break: null

2018-06-09 22:03:56 - [TEST_STEP][PASSED] - selectOptionByIndex: All options with index in [12] are selected on object 'Object Repository/HealthpostToStore/Page_Store/select_--Select--Adernaline 0.'

2018-06-09 22:03:56 - [MESSAGE][PASSED] - All options with index in [12] are selected on object 'Object Repository/HealthpostToStore/Page_Store/select_--Select--Adernaline 0.'

2018-06-09 22:03:56 - [TEST_STEP][PASSED] - delay: Delayed 2 second(s)

2018-06-09 22:03:58 - [MESSAGE][PASSED] - Delayed 2 second(s)

2018-06-09 22:03:58 - [TEST_STEP][PASSED] - Statement - RequestedQty = com.kms.katalon.core.webui.keyword.WebUiBuiltInKeywords.getAttribute(com.kms.katalon.core.testobject.ObjectRepository.findTestObject(HealthpostToStore/Page_Store/input_txttotal), "value"): Attribute 'value' of object 'Object Repository/HealthpostToStore/Page_Store/input_txttotal' is: '10'

2018-06-09 22:03:58 - [MESSAGE][PASSED] - Attribute 'value' of object 'Object Repository/HealthpostToStore/Page_Store/input_txttotal' is: '10'

2018-06-09 22:03:58 - [TEST_STEP][PASSED] - Statement - out.println("Requested QTY : " + RequestedQty): null

2018-06-09 22:03:58 - [TEST_STEP][PASSED] - Statement - BatchNumber = com.kms.katalon.core.webui.keyword.WebUiBuiltInKeywords.getNumberOfTotalOption(com.kms.katalon.core.testobject.ObjectRepository.findTestObject(HealthpostToStore/Page_Store/select_--Select--BA1170BA2376B)): 2 options of object 'Object Repository/HealthpostToStore/Page_Store/select_--Select--BA1170BA2376B' counted

2018-06-09 22:03:59 - [MESSAGE][PASSED] - 2 options of object 'Object Repository/HealthpostToStore/Page_Store/select_--Select--BA1170BA2376B' counted

2018-06-09 22:03:59 - [TEST_STEP][PASSED] - Statement - For ([g = 1, g <= BatchNumber - 1, (g++)]): null

2018-06-09 22:03:59 - [TEST_STEP][PASSED] - selectOptionByIndex: All options with index in [1] are selected on object 'Object Repository/HealthpostToStore/Page_Store/select_--Select--BA1170BA2376B'

2018-06-09 22:03:59 - [MESSAGE][PASSED] - All options with index in [1] are selected on object 'Object Repository/HealthpostToStore/Page_Store/select_--Select--BA1170BA2376B'

2018-06-09 22:03:59 - [TEST_STEP][PASSED] - Statement - Try: null

2018-06-09 22:03:59 - [TEST_STEP][PASSED] - Statement - StockQty = com.kms.katalon.core.webui.keyword.WebUiBuiltInKeywords.getAttribute(com.kms.katalon.core.testobject.ObjectRepository.findTestObject(HealthpostToStore/Page_Store/input_txtprice), "value"): Attribute 'value' of object 'Object Repository/HealthpostToStore/Page_Store/input_txtprice' is: '1775'

2018-06-09 22:03:59 - [MESSAGE][PASSED] - Attribute 'value' of object 'Object Repository/HealthpostToStore/Page_Store/input_txtprice' is: '1775'

2018-06-09 22:03:59 - [TEST_STEP][PASSED] - Statement - out.println("Stock QTY : " + StockQty): null

2018-06-09 22:03:59 - [TEST_STEP][PASSED] - delay: Delayed 2 second(s)

2018-06-09 22:04:01 - [MESSAGE][PASSED] - Delayed 2 second(s)

2018-06-09 22:04:01 - [TEST_STEP][PASSED] - Statement - If (java.lang.String.valueOf(StockQty) >= java.lang.String.valueOf(RequestedQty)): null

2018-06-09 22:04:01 - [TEST_STEP][PASSED] - setText: Text '10' is set on object 'Object Repository/HealthpostToStore/Page_Store/input_txtqty'

2018-06-09 22:04:01 - [MESSAGE][PASSED] - Text '10' is set on object 'Object Repository/HealthpostToStore/Page_Store/input_txtqty'

2018-06-09 22:04:01 - [TEST_STEP][PASSED] - click: Object: 'Object Repository/HealthpostToStore/Page_Store/button_Add' is clicked on

2018-06-09 22:04:01 - [MESSAGE][PASSED] - Object: 'Object Repository/HealthpostToStore/Page_Store/button_Add' is clicked on

2018-06-09 22:04:01 - [TEST_STEP][PASSED] - Statement - Break: null

2018-06-09 22:04:01 - [TEST_STEP][PASSED] - selectOptionByIndex: All options with index in [13] are selected on object 'Object Repository/HealthpostToStore/Page_Store/select_--Select--Adernaline 0.'

2018-06-09 22:04:01 - [MESSAGE][PASSED] - All options with index in [13] are selected on object 'Object Repository/HealthpostToStore/Page_Store/select_--Select--Adernaline 0.'

2018-06-09 22:04:01 - [TEST_STEP][PASSED] - delay: Delayed 2 second(s)

2018-06-09 22:04:03 - [MESSAGE][PASSED] - Delayed 2 second(s)

2018-06-09 22:04:03 - [TEST_STEP][PASSED] - Statement - RequestedQty = com.kms.katalon.core.webui.keyword.WebUiBuiltInKeywords.getAttribute(com.kms.katalon.core.testobject.ObjectRepository.findTestObject(HealthpostToStore/Page_Store/input_txttotal), "value"): Attribute 'value' of object 'Object Repository/HealthpostToStore/Page_Store/input_txttotal' is: '10'

2018-06-09 22:04:03 - [MESSAGE][PASSED] - Attribute 'value' of object 'Object Repository/HealthpostToStore/Page_Store/input_txttotal' is: '10'

2018-06-09 22:04:03 - [TEST_STEP][PASSED] - Statement - out.println("Requested QTY : " + RequestedQty): null

2018-06-09 22:04:03 - [TEST_STEP][PASSED] - Statement - BatchNumber = com.kms.katalon.core.webui.keyword.WebUiBuiltInKeywords.getNumberOfTotalOption(com.kms.katalon.core.testobject.ObjectRepository.findTestObject(HealthpostToStore/Page_Store/select_--Select--BA1170BA2376B)): 3 options of object 'Object Repository/HealthpostToStore/Page_Store/select_--Select--BA1170BA2376B' counted

2018-06-09 22:04:03 - [MESSAGE][PASSED] - 3 options of object 'Object Repository/HealthpostToStore/Page_Store/select_--Select--BA1170BA2376B' counted

2018-06-09 22:04:03 - [TEST_STEP][PASSED] - Statement - For ([g = 1, g <= BatchNumber - 1, (g++)]): null

2018-06-09 22:04:03 - [TEST_STEP][PASSED] - selectOptionByIndex: All options with index in [1] are selected on object 'Object Repository/HealthpostToStore/Page_Store/select_--Select--BA1170BA2376B'

2018-06-09 22:04:03 - [MESSAGE][PASSED] - All options with index in [1] are selected on object 'Object Repository/HealthpostToStore/Page_Store/select_--Select--BA1170BA2376B'

2018-06-09 22:04:03 - [TEST_STEP][PASSED] - Statement - Try: null

2018-06-09 22:04:03 - [TEST_STEP][PASSED] - Statement - StockQty = com.kms.katalon.core.webui.keyword.WebUiBuiltInKeywords.getAttribute(com.kms.katalon.core.testobject.ObjectRepository.findTestObject(HealthpostToStore/Page_Store/input_txtprice), "value"): Attribute 'value' of object 'Object Repository/HealthpostToStore/Page_Store/input_txtprice' is: '765'

2018-06-09 22:04:03 - [MESSAGE][PASSED] - Attribute 'value' of object 'Object Repository/HealthpostToStore/Page_Store/input_txtprice' is: '765'

2018-06-09 22:04:03 - [TEST_STEP][PASSED] - Statement - out.println("Stock QTY : " + StockQty): null

2018-06-09 22:04:03 - [TEST_STEP][PASSED] - delay: Delayed 2 second(s)

2018-06-09 22:04:05 - [MESSAGE][PASSED] - Delayed 2 second(s)

2018-06-09 22:04:05 - [TEST_STEP][PASSED] - Statement - If (java.lang.String.valueOf(StockQty) >= java.lang.String.valueOf(RequestedQty)): null

2018-06-09 22:04:05 - [TEST_STEP][PASSED] - setText: Text '10' is set on object 'Object Repository/HealthpostToStore/Page_Store/input_txtqty'

2018-06-09 22:04:05 - [MESSAGE][PASSED] - Text '10' is set on object 'Object Repository/HealthpostToStore/Page_Store/input_txtqty'

2018-06-09 22:04:05 - [TEST_STEP][PASSED] - click: Object: 'Object Repository/HealthpostToStore/Page_Store/button_Add' is clicked on

2018-06-09 22:04:05 - [MESSAGE][PASSED] - Object: 'Object Repository/HealthpostToStore/Page_Store/button_Add' is clicked on

2018-06-09 22:04:05 - [TEST_STEP][PASSED] - Statement - Break: null

2018-06-09 22:04:05 - [TEST_STEP][PASSED] - selectOptionByIndex: All options with index in [14] are selected on object 'Object Repository/HealthpostToStore/Page_Store/select_--Select--Adernaline 0.'

2018-06-09 22:04:06 - [MESSAGE][PASSED] - All options with index in [14] are selected on object 'Object Repository/HealthpostToStore/Page_Store/select_--Select--Adernaline 0.'

2018-06-09 22:04:06 - [TEST_STEP][PASSED] - delay: Delayed 2 second(s)

2018-06-09 22:04:08 - [MESSAGE][PASSED] - Delayed 2 second(s)

2018-06-09 22:04:08 - [TEST_STEP][PASSED] - Statement - RequestedQty = com.kms.katalon.core.webui.keyword.WebUiBuiltInKeywords.getAttribute(com.kms.katalon.core.testobject.ObjectRepository.findTestObject(HealthpostToStore/Page_Store/input_txttotal), "value"): Attribute 'value' of object 'Object Repository/HealthpostToStore/Page_Store/input_txttotal' is: '10'

2018-06-09 22:04:08 - [MESSAGE][PASSED] - Attribute 'value' of object 'Object Repository/HealthpostToStore/Page_Store/input_txttotal' is: '10'

2018-06-09 22:04:08 - [TEST_STEP][PASSED] - Statement - out.println("Requested QTY : " + RequestedQty): null

2018-06-09 22:04:08 - [TEST_STEP][PASSED] - Statement - BatchNumber = com.kms.katalon.core.webui.keyword.WebUiBuiltInKeywords.getNumberOfTotalOption(com.kms.katalon.core.testobject.ObjectRepository.findTestObject(HealthpostToStore/Page_Store/select_--Select--BA1170BA2376B)): 3 options of object 'Object Repository/HealthpostToStore/Page_Store/select_--Select--BA1170BA2376B' counted

2018-06-09 22:04:08 - [MESSAGE][PASSED] - 3 options of object 'Object Repository/HealthpostToStore/Page_Store/select_--Select--BA1170BA2376B' counted

2018-06-09 22:04:08 - [TEST_STEP][PASSED] - Statement - For ([g = 1, g <= BatchNumber - 1, (g++)]): null

2018-06-09 22:04:08 - [TEST_STEP][PASSED] - selectOptionByIndex: All options with index in [1] are selected on object 'Object Repository/HealthpostToStore/Page_Store/select_--Select--BA1170BA2376B'

2018-06-09 22:04:08 - [MESSAGE][PASSED] - All options with index in [1] are selected on object 'Object Repository/HealthpostToStore/Page_Store/select_--Select--BA1170BA2376B'

2018-06-09 22:04:08 - [TEST_STEP][PASSED] - Statement - Try: null

2018-06-09 22:04:08 - [TEST_STEP][PASSED] - Statement - StockQty = com.kms.katalon.core.webui.keyword.WebUiBuiltInKeywords.getAttribute(com.kms.katalon.core.testobject.ObjectRepository.findTestObject(HealthpostToStore/Page_Store/input_txtprice), "value"): Attribute 'value' of object 'Object Repository/HealthpostToStore/Page_Store/input_txtprice' is: '3775'

2018-06-09 22:04:08 - [MESSAGE][PASSED] - Attribute 'value' of object 'Object Repository/HealthpostToStore/Page_Store/input_txtprice' is: '3775'

2018-06-09 22:04:08 - [TEST_STEP][PASSED] - Statement - out.println("Stock QTY : " + StockQty): null

2018-06-09 22:04:08 - [TEST_STEP][PASSED] - delay: Delayed 2 second(s)

2018-06-09 22:04:10 - [MESSAGE][PASSED] - Delayed 2 second(s)

2018-06-09 22:04:10 - [TEST_STEP][PASSED] - Statement - If (java.lang.String.valueOf(StockQty) >= java.lang.String.valueOf(RequestedQty)): null

2018-06-09 22:04:10 - [TEST_STEP][PASSED] - setText: Text '10' is set on object 'Object Repository/HealthpostToStore/Page_Store/input_txtqty'

2018-06-09 22:04:10 - [MESSAGE][PASSED] - Text '10' is set on object 'Object Repository/HealthpostToStore/Page_Store/input_txtqty'

2018-06-09 22:04:10 - [TEST_STEP][PASSED] - click: Object: 'Object Repository/HealthpostToStore/Page_Store/button_Add' is clicked on

2018-06-09 22:04:10 - [MESSAGE][PASSED] - Object: 'Object Repository/HealthpostToStore/Page_Store/button_Add' is clicked on

2018-06-09 22:04:10 - [TEST_STEP][PASSED] - Statement - Break: null

2018-06-09 22:04:10 - [TEST_STEP][PASSED] - selectOptionByIndex: All options with index in [15] are selected on object 'Object Repository/HealthpostToStore/Page_Store/select_--Select--Adernaline 0.'

2018-06-09 22:04:10 - [MESSAGE][PASSED] - All options with index in [15] are selected on object 'Object Repository/HealthpostToStore/Page_Store/select_--Select--Adernaline 0.'

2018-06-09 22:04:10 - [TEST_STEP][PASSED] - delay: Delayed 2 second(s)

2018-06-09 22:04:12 - [MESSAGE][PASSED] - Delayed 2 second(s)

2018-06-09 22:04:12 - [TEST_STEP][PASSED] - Statement - RequestedQty = com.kms.katalon.core.webui.keyword.WebUiBuiltInKeywords.getAttribute(com.kms.katalon.core.testobject.ObjectRepository.findTestObject(HealthpostToStore/Page_Store/input_txttotal), "value"): Attribute 'value' of object 'Object Repository/HealthpostToStore/Page_Store/input_txttotal' is: '10'

2018-06-09 22:04:12 - [MESSAGE][PASSED] - Attribute 'value' of object 'Object Repository/HealthpostToStore/Page_Store/input_txttotal' is: '10'

2018-06-09 22:04:12 - [TEST_STEP][PASSED] - Statement - out.println("Requested QTY : " + RequestedQty): null

2018-06-09 22:04:12 - [TEST_STEP][PASSED] - Statement - BatchNumber = com.kms.katalon.core.webui.keyword.WebUiBuiltInKeywords.getNumberOfTotalOption(com.kms.katalon.core.testobject.ObjectRepository.findTestObject(HealthpostToStore/Page_Store/select_--Select--BA1170BA2376B)): 3 options of object 'Object Repository/HealthpostToStore/Page_Store/select_--Select--BA1170BA2376B' counted

2018-06-09 22:04:12 - [MESSAGE][PASSED] - 3 options of object 'Object Repository/HealthpostToStore/Page_Store/select_--Select--BA1170BA2376B' counted

2018-06-09 22:04:12 - [TEST_STEP][PASSED] - Statement - For ([g = 1, g <= BatchNumber - 1, (g++)]): null

2018-06-09 22:04:12 - [TEST_STEP][PASSED] - selectOptionByIndex: All options with index in [1] are selected on object 'Object Repository/HealthpostToStore/Page_Store/select_--Select--BA1170BA2376B'

2018-06-09 22:04:13 - [MESSAGE][PASSED] - All options with index in [1] are selected on object 'Object Repository/HealthpostToStore/Page_Store/select_--Select--BA1170BA2376B'

2018-06-09 22:04:13 - [TEST_STEP][PASSED] - Statement - Try: null

2018-06-09 22:04:13 - [TEST_STEP][PASSED] - Statement - StockQty = com.kms.katalon.core.webui.keyword.WebUiBuiltInKeywords.getAttribute(com.kms.katalon.core.testobject.ObjectRepository.findTestObject(HealthpostToStore/Page_Store/input_txtprice), "value"): Attribute 'value' of object 'Object Repository/HealthpostToStore/Page_Store/input_txtprice' is: '3785'

2018-06-09 22:04:13 - [MESSAGE][PASSED] - Attribute 'value' of object 'Object Repository/HealthpostToStore/Page_Store/input_txtprice' is: '3785'

2018-06-09 22:04:13 - [TEST_STEP][PASSED] - Statement - out.println("Stock QTY : " + StockQty): null

2018-06-09 22:04:13 - [TEST_STEP][PASSED] - delay: Delayed 2 second(s)

2018-06-09 22:04:15 - [MESSAGE][PASSED] - Delayed 2 second(s)

2018-06-09 22:04:15 - [TEST_STEP][PASSED] - Statement - If (java.lang.String.valueOf(StockQty) >= java.lang.String.valueOf(RequestedQty)): null

2018-06-09 22:04:15 - [TEST_STEP][PASSED] - setText: Text '10' is set on object 'Object Repository/HealthpostToStore/Page_Store/input_txtqty'

2018-06-09 22:04:15 - [MESSAGE][PASSED] - Text '10' is set on object 'Object Repository/HealthpostToStore/Page_Store/input_txtqty'

2018-06-09 22:04:15 - [TEST_STEP][PASSED] - click: Object: 'Object Repository/HealthpostToStore/Page_Store/button_Add' is clicked on

2018-06-09 22:04:15 - [MESSAGE][PASSED] - Object: 'Object Repository/HealthpostToStore/Page_Store/button_Add' is clicked on

2018-06-09 22:04:15 - [TEST_STEP][PASSED] - Statement - Break: null

2018-06-09 22:04:15 - [TEST_STEP][PASSED] - selectOptionByIndex: All options with index in [16] are selected on object 'Object Repository/HealthpostToStore/Page_Store/select_--Select--Adernaline 0.'

2018-06-09 22:04:15 - [MESSAGE][PASSED] - All options with index in [16] are selected on object 'Object Repository/HealthpostToStore/Page_Store/select_--Select--Adernaline 0.'

2018-06-09 22:04:15 - [TEST_STEP][PASSED] - delay: Delayed 2 second(s)

2018-06-09 22:04:17 - [MESSAGE][PASSED] - Delayed 2 second(s)

2018-06-09 22:04:17 - [TEST_STEP][PASSED] - Statement - RequestedQty = com.kms.katalon.core.webui.keyword.WebUiBuiltInKeywords.getAttribute(com.kms.katalon.core.testobject.ObjectRepository.findTestObject(HealthpostToStore/Page_Store/input_txttotal), "value"): Attribute 'value' of object 'Object Repository/HealthpostToStore/Page_Store/input_txttotal' is: '10'

2018-06-09 22:04:17 - [MESSAGE][PASSED] - Attribute 'value' of object 'Object Repository/HealthpostToStore/Page_Store/input_txttotal' is: '10'

2018-06-09 22:04:17 - [TEST_STEP][PASSED] - Statement - out.println("Requested QTY : " + RequestedQty): null

2018-06-09 22:04:17 - [TEST_STEP][PASSED] - Statement - BatchNumber = com.kms.katalon.core.webui.keyword.WebUiBuiltInKeywords.getNumberOfTotalOption(com.kms.katalon.core.testobject.ObjectRepository.findTestObject(HealthpostToStore/Page_Store/select_--Select--BA1170BA2376B)): 3 options of object 'Object Repository/HealthpostToStore/Page_Store/select_--Select--BA1170BA2376B' counted

2018-06-09 22:04:17 - [MESSAGE][PASSED] - 3 options of object 'Object Repository/HealthpostToStore/Page_Store/select_--Select--BA1170BA2376B' counted

2018-06-09 22:04:17 - [TEST_STEP][PASSED] - Statement - For ([g = 1, g <= BatchNumber - 1, (g++)]): null

2018-06-09 22:04:17 - [TEST_STEP][PASSED] - selectOptionByIndex: All options with index in [1] are selected on object 'Object Repository/HealthpostToStore/Page_Store/select_--Select--BA1170BA2376B'

2018-06-09 22:04:17 - [MESSAGE][PASSED] - All options with index in [1] are selected on object 'Object Repository/HealthpostToStore/Page_Store/select_--Select--BA1170BA2376B'

2018-06-09 22:04:17 - [TEST_STEP][PASSED] - Statement - Try: null

2018-06-09 22:04:17 - [TEST_STEP][PASSED] - Statement - StockQty = com.kms.katalon.core.webui.keyword.WebUiBuiltInKeywords.getAttribute(com.kms.katalon.core.testobject.ObjectRepository.findTestObject(HealthpostToStore/Page_Store/input_txtprice), "value"): Attribute 'value' of object 'Object Repository/HealthpostToStore/Page_Store/input_txtprice' is: '775'

2018-06-09 22:04:17 - [MESSAGE][PASSED] - Attribute 'value' of object 'Object Repository/HealthpostToStore/Page_Store/input_txtprice' is: '775'

2018-06-09 22:04:17 - [TEST_STEP][PASSED] - Statement - out.println("Stock QTY : " + StockQty): null

2018-06-09 22:04:17 - [TEST_STEP][PASSED] - delay: Delayed 2 second(s)

2018-06-09 22:04:19 - [MESSAGE][PASSED] - Delayed 2 second(s)

2018-06-09 22:04:19 - [TEST_STEP][PASSED] - Statement - If (java.lang.String.valueOf(StockQty) >= java.lang.String.valueOf(RequestedQty)): null

2018-06-09 22:04:19 - [TEST_STEP][PASSED] - setText: Text '10' is set on object 'Object Repository/HealthpostToStore/Page_Store/input_txtqty'

2018-06-09 22:04:19 - [MESSAGE][PASSED] - Text '10' is set on object 'Object Repository/HealthpostToStore/Page_Store/input_txtqty'

2018-06-09 22:04:19 - [TEST_STEP][PASSED] - click: Object: 'Object Repository/HealthpostToStore/Page_Store/button_Add' is clicked on

2018-06-09 22:04:19 - [MESSAGE][PASSED] - Object: 'Object Repository/HealthpostToStore/Page_Store/button_Add' is clicked on

2018-06-09 22:04:19 - [TEST_STEP][PASSED] - Statement - Break: null

2018-06-09 22:04:19 - [TEST_STEP][PASSED] - selectOptionByIndex: All options with index in [17] are selected on object 'Object Repository/HealthpostToStore/Page_Store/select_--Select--Adernaline 0.'

2018-06-09 22:04:20 - [MESSAGE][PASSED] - All options with index in [17] are selected on object 'Object Repository/HealthpostToStore/Page_Store/select_--Select--Adernaline 0.'

2018-06-09 22:04:20 - [TEST_STEP][PASSED] - delay: Delayed 2 second(s)

2018-06-09 22:04:22 - [MESSAGE][PASSED] - Delayed 2 second(s)

2018-06-09 22:04:22 - [TEST_STEP][PASSED] - Statement - RequestedQty = com.kms.katalon.core.webui.keyword.WebUiBuiltInKeywords.getAttribute(com.kms.katalon.core.testobject.ObjectRepository.findTestObject(HealthpostToStore/Page_Store/input_txttotal), "value"): Attribute 'value' of object 'Object Repository/HealthpostToStore/Page_Store/input_txttotal' is: '10'

2018-06-09 22:04:22 - [MESSAGE][PASSED] - Attribute 'value' of object 'Object Repository/HealthpostToStore/Page_Store/input_txttotal' is: '10'

2018-06-09 22:04:22 - [TEST_STEP][PASSED] - Statement - out.println("Requested QTY : " + RequestedQty): null

2018-06-09 22:04:22 - [TEST_STEP][PASSED] - Statement - BatchNumber = com.kms.katalon.core.webui.keyword.WebUiBuiltInKeywords.getNumberOfTotalOption(com.kms.katalon.core.testobject.ObjectRepository.findTestObject(HealthpostToStore/Page_Store/select_--Select--BA1170BA2376B)): 2 options of object 'Object Repository/HealthpostToStore/Page_Store/select_--Select--BA1170BA2376B' counted

2018-06-09 22:04:22 - [MESSAGE][PASSED] - 2 options of object 'Object Repository/HealthpostToStore/Page_Store/select_--Select--BA1170BA2376B' counted

2018-06-09 22:04:22 - [TEST_STEP][PASSED] - Statement - For ([g = 1, g <= BatchNumber - 1, (g++)]): null

2018-06-09 22:04:22 - [TEST_STEP][PASSED] - selectOptionByIndex: All options with index in [1] are selected on object 'Object Repository/HealthpostToStore/Page_Store/select_--Select--BA1170BA2376B'

2018-06-09 22:04:22 - [MESSAGE][PASSED] - All options with index in [1] are selected on object 'Object Repository/HealthpostToStore/Page_Store/select_--Select--BA1170BA2376B'

2018-06-09 22:04:22 - [TEST_STEP][PASSED] - Statement - Try: null

2018-06-09 22:04:22 - [TEST_STEP][PASSED] - Statement - StockQty = com.kms.katalon.core.webui.keyword.WebUiBuiltInKeywords.getAttribute(com.kms.katalon.core.testobject.ObjectRepository.findTestObject(HealthpostToStore/Page_Store/input_txtprice), "value"): Attribute 'value' of object 'Object Repository/HealthpostToStore/Page_Store/input_txtprice' is: '1815'

2018-06-09 22:04:22 - [MESSAGE][PASSED] - Attribute 'value' of object 'Object Repository/HealthpostToStore/Page_Store/input_txtprice' is: '1815'

2018-06-09 22:04:22 - [TEST_STEP][PASSED] - Statement - out.println("Stock QTY : " + StockQty): null

2018-06-09 22:04:22 - [TEST_STEP][PASSED] - delay: Delayed 2 second(s)

2018-06-09 22:04:24 - [MESSAGE][PASSED] - Delayed 2 second(s)

2018-06-09 22:04:24 - [TEST_STEP][PASSED] - Statement - If (java.lang.String.valueOf(StockQty) >= java.lang.String.valueOf(RequestedQty)): null

2018-06-09 22:04:24 - [TEST_STEP][PASSED] - setText: Text '10' is set on object 'Object Repository/HealthpostToStore/Page_Store/input_txtqty'

2018-06-09 22:04:24 - [MESSAGE][PASSED] - Text '10' is set on object 'Object Repository/HealthpostToStore/Page_Store/input_txtqty'

2018-06-09 22:04:24 - [TEST_STEP][PASSED] - click: Object: 'Object Repository/HealthpostToStore/Page_Store/button_Add' is clicked on

2018-06-09 22:04:24 - [MESSAGE][PASSED] - Object: 'Object Repository/HealthpostToStore/Page_Store/button_Add' is clicked on

2018-06-09 22:04:24 - [TEST_STEP][PASSED] - Statement - Break: null

2018-06-09 22:04:24 - [TEST_STEP][PASSED] - scrollToElement: Scroll to object 'Object Repository/HealthpostToStore/Page_Store/input_btnSubmit' successfully

2018-06-09 22:04:24 - [MESSAGE][PASSED] - Scroll to object 'Object Repository/HealthpostToStore/Page_Store/input_btnSubmit' successfully

2018-06-09 22:04:24 - [TEST_STEP][PASSED] - click: Object: 'Object Repository/HealthpostToStore/Page_Store/input_btnSubmit' is clicked on

2018-06-09 22:04:24 - [MESSAGE][PASSED] - Object: 'Object Repository/HealthpostToStore/Page_Store/input_btnSubmit' is clicked on

2018-06-09 22:04:24 - [TEST_STEP][PASSED] - delay: Delayed 3 second(s)

2018-06-09 22:04:27 - [MESSAGE][PASSED] - Delayed 3 second(s)

2018-06-09 22:04:27 - [TEST_STEP][PASSED] - click: Object: 'Object Repository/HealthpostToStore/Page_Store/button_OK' is clicked on

2018-06-09 22:04:28 - [MESSAGE][PASSED] - Object: 'Object Repository/HealthpostToStore/Page_Store/button_OK' is clicked on

2018-06-09 22:04:28 - [TEST_STEP][PASSED] - delay: Delayed 3 second(s)

2018-06-09 22:04:31 - [MESSAGE][PASSED] - Delayed 3 second(s)

2018-06-09 22:04:31 - [TEST_STEP][PASSED] - click: Object: 'Object Repository/HealthpostToStore/Page_Store/a_dropdown-toggle' is clicked on

2018-06-09 22:04:31 - [MESSAGE][PASSED] - Object: 'Object Repository/HealthpostToStore/Page_Store/a_dropdown-toggle' is clicked on

2018-06-09 22:04:31 - [TEST_STEP][PASSED] - click: Object: 'Object Repository/HealthpostToStore/Page_Store/a_Sign out' is clicked on

2018-06-09 22:04:32 - [MESSAGE][PASSED] - Object: 'Object Repository/HealthpostToStore/Page_Store/a_Sign out' is clicked on

2018-06-09 22:04:32 - [TEST_STEP][PASSED] - closeBrowser: Browser is closed

2018-06-09 22:04:33 - [MESSAGE][PASSED] - Browser is closed]]></system-out>
         <system-err><![CDATA[]]></system-err>
      </testcase>
      <testcase name="Test Cases/HEALTHPOST TEST CASES/TC_HP_009 Verify Schedule 9 Healthpost Request Are Working Successfully Or Not" classname="Test Cases/HEALTHPOST TEST CASES/TC_HP_009 Verify Schedule 9 Healthpost Request Are Working Successfully Or Not" status="FAILED">
         <failure type="FAILED" message="Unable to select option by index '9' of object 'Object Repository/HealthpostToStore/Page_HealthPost Store/select_--Select--Schedule 1Inj' (Root cause: org.openqa.selenium.StaleElementReferenceException: stale element reference: element is not attached to the page document
  (Session info: chrome=66.0.3359.181)
  (Driver info: chromedriver=2.35.528161 (5b82f2d2aae0ca24b877009200ced9065a772e73),platform=Windows NT 10.0.17134 x86_64) (WARNING: The server did not provide any stacktrace information)
Command duration or timeout: 0 milliseconds
For documentation on this error, please visit: http://seleniumhq.org/exceptions/stale_element_reference.html
Build info: version: '3.7.1', revision: '8a0099a', time: '2017-11-06T21:07:36.161Z'
System info: host: 'DESKTOP-BLFTK83', ip: '169.254.189.85', os.name: 'Windows 10', os.arch: 'amd64', os.version: '10.0', java.version: '1.8.0_102'
Driver info: com.kms.katalon.selenium.driver.CChromeDriver
Capabilities {acceptInsecureCerts: false, acceptSslCerts: false, applicationCacheEnabled: false, browserConnectionEnabled: false, browserName: chrome, chrome: {chromedriverVersion: 2.35.528161 (5b82f2d2aae0ca..., userDataDir: C:\Users\QUALIT~1\AppData\L...}, cssSelectorsEnabled: true, databaseEnabled: false, handlesAlerts: true, hasTouchScreen: false, javascriptEnabled: true, locationContextEnabled: true, mobileEmulationEnabled: false, nativeEvents: true, networkConnectionEnabled: false, pageLoadStrategy: normal, platform: XP, platformName: XP, rotatable: false, setWindowRect: true, takesHeapSnapshot: true, takesScreenshot: true, unexpectedAlertBehaviour: , unhandledPromptBehavior: , version: 66.0.3359.181, webStorageEnabled: true}
Session ID: bfc983c5cc52123e9d3c4eae6200b651)"/>
         <system-out><![CDATA[2018-06-09 22:04:33 - [TEST_CASE][FAILED] - Test Cases/HEALTHPOST TEST CASES/TC_HP_009 Verify Schedule 9 Healthpost Request Are Working Successfully Or Not: Test Cases/HEALTHPOST TEST CASES/TC_HP_009 Verify Schedule 9 Healthpost Request Are Working Successfully Or Not FAILED because (of) Unable to select option by index '9' of object 'Object Repository/HealthpostToStore/Page_HealthPost Store/select_--Select--Schedule 1Inj' (Root cause: org.openqa.selenium.StaleElementReferenceException: stale element reference: element is not attached to the page document
  (Session info: chrome=66.0.3359.181)
  (Driver info: chromedriver=2.35.528161 (5b82f2d2aae0ca24b877009200ced9065a772e73),platform=Windows NT 10.0.17134 x86_64) (WARNING: The server did not provide any stacktrace information)
Command duration or timeout: 0 milliseconds
For documentation on this error, please visit: http://seleniumhq.org/exceptions/stale_element_reference.html
Build info: version: '3.7.1', revision: '8a0099a', time: '2017-11-06T21:07:36.161Z'
System info: host: 'DESKTOP-BLFTK83', ip: '169.254.189.85', os.name: 'Windows 10', os.arch: 'amd64', os.version: '10.0', java.version: '1.8.0_102'
Driver info: com.kms.katalon.selenium.driver.CChromeDriver
Capabilities {acceptInsecureCerts: false, acceptSslCerts: false, applicationCacheEnabled: false, browserConnectionEnabled: false, browserName: chrome, chrome: {chromedriverVersion: 2.35.528161 (5b82f2d2aae0ca..., userDataDir: C:\Users\QUALIT~1\AppData\L...}, cssSelectorsEnabled: true, databaseEnabled: false, handlesAlerts: true, hasTouchScreen: false, javascriptEnabled: true, locationContextEnabled: true, mobileEmulationEnabled: false, nativeEvents: true, networkConnectionEnabled: false, pageLoadStrategy: normal, platform: XP, platformName: XP, rotatable: false, setWindowRect: true, takesHeapSnapshot: true, takesScreenshot: true, unexpectedAlertBehaviour: , unhandledPromptBehavior: , version: 66.0.3359.181, webStorageEnabled: true}
Session ID: bfc983c5cc52123e9d3c4eae6200b651)

2018-06-09 22:04:33 - [TEST_STEP][PASSED] - openBrowser: Browser is opened with url: ''

2018-06-09 22:04:35 - [MESSAGE][PASSED] - Browser is opened with url: ''

2018-06-09 22:04:35 - [TEST_STEP][PASSED] - navigateToUrl: Navigate to 'http://192.168.137.1/multihospital_new/HDSplashscreen.aspx' successfully

2018-06-09 22:04:36 - [MESSAGE][PASSED] - Navigate to 'http://192.168.137.1/multihospital_new/HDSplashscreen.aspx' successfully

2018-06-09 22:04:36 - [TEST_STEP][PASSED] - maximizeWindow: Current window maximized

2018-06-09 22:04:38 - [MESSAGE][PASSED] - Current window maximized

2018-06-09 22:04:38 - [TEST_STEP][PASSED] - click: Object: 'Object Repository/HealthpostToStore/Page_KDMC/a_Healthpost Store' is clicked on

2018-06-09 22:04:39 - [MESSAGE][PASSED] - Object: 'Object Repository/HealthpostToStore/Page_KDMC/a_Healthpost Store' is clicked on

2018-06-09 22:04:39 - [TEST_STEP][PASSED] - setText: Text 'raguram' is set on object 'Object Repository/HealthpostToStore/Page_HealthPost Store Login/input_txtusername'

2018-06-09 22:04:39 - [MESSAGE][PASSED] - Text 'raguram' is set on object 'Object Repository/HealthpostToStore/Page_HealthPost Store Login/input_txtusername'

2018-06-09 22:04:39 - [TEST_STEP][PASSED] - setText: Text '123' is set on object 'Object Repository/HealthpostToStore/Page_HealthPost Store Login/input_txtpassword'

2018-06-09 22:04:39 - [MESSAGE][PASSED] - Text '123' is set on object 'Object Repository/HealthpostToStore/Page_HealthPost Store Login/input_txtpassword'

2018-06-09 22:04:39 - [TEST_STEP][PASSED] - delay: Delayed 3 second(s)

2018-06-09 22:04:42 - [MESSAGE][PASSED] - Delayed 3 second(s)

2018-06-09 22:04:42 - [TEST_STEP][PASSED] - sendKeys: Keys 'ENTER + ' sent to object: 'Object Repository/HealthpostToStore/Page_HealthPost Store Login/input_txtpassword'

2018-06-09 22:04:42 - [MESSAGE][PASSED] - Keys 'ENTER + ' sent to object: 'Object Repository/HealthpostToStore/Page_HealthPost Store Login/input_txtpassword'

2018-06-09 22:04:42 - [TEST_STEP][PASSED] - delay: Delayed 3 second(s)

2018-06-09 22:04:45 - [MESSAGE][PASSED] - Delayed 3 second(s)

2018-06-09 22:04:45 - [TEST_STEP][PASSED] - click: Object: 'Object Repository/HealthpostToStore/Page_HealthPost Store/a_Request to Store' is clicked on

2018-06-09 22:04:45 - [MESSAGE][PASSED] - Object: 'Object Repository/HealthpostToStore/Page_HealthPost Store/a_Request to Store' is clicked on

2018-06-09 22:04:45 - [TEST_STEP][PASSED] - delay: Delayed 1 second(s)

2018-06-09 22:04:46 - [MESSAGE][PASSED] - Delayed 1 second(s)

2018-06-09 22:04:46 - [TEST_STEP][PASSED] - click: Object: 'Object Repository/HealthpostToStore/Page_HealthPost Store/a_Medicine Request' is clicked on

2018-06-09 22:04:47 - [MESSAGE][PASSED] - Object: 'Object Repository/HealthpostToStore/Page_HealthPost Store/a_Medicine Request' is clicked on

2018-06-09 22:04:47 - [TEST_STEP][PASSED] - delay: Delayed 1 second(s)

2018-06-09 22:04:48 - [MESSAGE][PASSED] - Delayed 1 second(s)

2018-06-09 22:04:48 - [TEST_STEP][PASSED] - selectOptionByIndex: All options with index in [9] are selected on object 'Object Repository/HealthpostToStore/Page_HealthPost Store/select_--Select--Schedule 1Inj'

2018-06-09 22:04:48 - [MESSAGE][PASSED] - All options with index in [9] are selected on object 'Object Repository/HealthpostToStore/Page_HealthPost Store/select_--Select--Schedule 1Inj'

2018-06-09 22:04:48 - [TEST_STEP][PASSED] - Statement - medicineslength = com.kms.katalon.core.webui.keyword.WebUiBuiltInKeywords.getNumberOfTotalOption(com.kms.katalon.core.testobject.ObjectRepository.findTestObject(HealthpostToStore/Page_HealthPost Store/select_--Select--Adernaline 0.)): 36 options of object 'Object Repository/HealthpostToStore/Page_HealthPost Store/select_--Select--Adernaline 0.' counted

2018-06-09 22:04:48 - [MESSAGE][PASSED] - 36 options of object 'Object Repository/HealthpostToStore/Page_HealthPost Store/select_--Select--Adernaline 0.' counted

2018-06-09 22:04:48 - [TEST_STEP][FAILED] - Statement - For ([e = 1, e <= medicineslength - 1, (e++)]): Unable to select option by index '9' of object 'Object Repository/HealthpostToStore/Page_HealthPost Store/select_--Select--Schedule 1Inj' (Root cause: org.openqa.selenium.StaleElementReferenceException: stale element reference: element is not attached to the page document
  (Session info: chrome=66.0.3359.181)
  (Driver info: chromedriver=2.35.528161 (5b82f2d2aae0ca24b877009200ced9065a772e73),platform=Windows NT 10.0.17134 x86_64) (WARNING: The server did not provide any stacktrace information)
Command duration or timeout: 0 milliseconds
For documentation on this error, please visit: http://seleniumhq.org/exceptions/stale_element_reference.html
Build info: version: '3.7.1', revision: '8a0099a', time: '2017-11-06T21:07:36.161Z'
System info: host: 'DESKTOP-BLFTK83', ip: '169.254.189.85', os.name: 'Windows 10', os.arch: 'amd64', os.version: '10.0', java.version: '1.8.0_102'
Driver info: com.kms.katalon.selenium.driver.CChromeDriver
Capabilities {acceptInsecureCerts: false, acceptSslCerts: false, applicationCacheEnabled: false, browserConnectionEnabled: false, browserName: chrome, chrome: {chromedriverVersion: 2.35.528161 (5b82f2d2aae0ca..., userDataDir: C:\Users\QUALIT~1\AppData\L...}, cssSelectorsEnabled: true, databaseEnabled: false, handlesAlerts: true, hasTouchScreen: false, javascriptEnabled: true, locationContextEnabled: true, mobileEmulationEnabled: false, nativeEvents: true, networkConnectionEnabled: false, pageLoadStrategy: normal, platform: XP, platformName: XP, rotatable: false, setWindowRect: true, takesHeapSnapshot: true, takesScreenshot: true, unexpectedAlertBehaviour: , unhandledPromptBehavior: , version: 66.0.3359.181, webStorageEnabled: true}
Session ID: bfc983c5cc52123e9d3c4eae6200b651)

2018-06-09 22:04:48 - [TEST_STEP][PASSED] - selectOptionByIndex: All options with index in [9] are selected on object 'Object Repository/HealthpostToStore/Page_HealthPost Store/select_--Select--Schedule 1Inj'

2018-06-09 22:04:49 - [MESSAGE][PASSED] - All options with index in [9] are selected on object 'Object Repository/HealthpostToStore/Page_HealthPost Store/select_--Select--Schedule 1Inj'

2018-06-09 22:04:49 - [TEST_STEP][PASSED] - selectOptionByIndex: All options with index in [1] are selected on object 'Object Repository/HealthpostToStore/Page_HealthPost Store/select_--Select--Adernaline 0.'

2018-06-09 22:04:49 - [MESSAGE][PASSED] - All options with index in [1] are selected on object 'Object Repository/HealthpostToStore/Page_HealthPost Store/select_--Select--Adernaline 0.'

2018-06-09 22:04:49 - [TEST_STEP][PASSED] - setText: Text '10' is set on object 'Object Repository/HealthpostToStore/Page_HealthPost Store/input_txttreat'

2018-06-09 22:04:49 - [MESSAGE][PASSED] - Text '10' is set on object 'Object Repository/HealthpostToStore/Page_HealthPost Store/input_txttreat'

2018-06-09 22:04:49 - [TEST_STEP][PASSED] - click: Object: 'Object Repository/HealthpostToStore/Page_HealthPost Store/button_Add' is clicked on

2018-06-09 22:04:49 - [MESSAGE][PASSED] - Object: 'Object Repository/HealthpostToStore/Page_HealthPost Store/button_Add' is clicked on

2018-06-09 22:04:49 - [TEST_STEP][PASSED] - selectOptionByIndex: All options with index in [9] are selected on object 'Object Repository/HealthpostToStore/Page_HealthPost Store/select_--Select--Schedule 1Inj'

2018-06-09 22:04:49 - [MESSAGE][PASSED] - All options with index in [9] are selected on object 'Object Repository/HealthpostToStore/Page_HealthPost Store/select_--Select--Schedule 1Inj'

2018-06-09 22:04:49 - [TEST_STEP][PASSED] - selectOptionByIndex: All options with index in [2] are selected on object 'Object Repository/HealthpostToStore/Page_HealthPost Store/select_--Select--Adernaline 0.'

2018-06-09 22:04:49 - [MESSAGE][PASSED] - All options with index in [2] are selected on object 'Object Repository/HealthpostToStore/Page_HealthPost Store/select_--Select--Adernaline 0.'

2018-06-09 22:04:49 - [TEST_STEP][PASSED] - setText: Text '10' is set on object 'Object Repository/HealthpostToStore/Page_HealthPost Store/input_txttreat'

2018-06-09 22:04:49 - [MESSAGE][PASSED] - Text '10' is set on object 'Object Repository/HealthpostToStore/Page_HealthPost Store/input_txttreat'

2018-06-09 22:04:49 - [TEST_STEP][PASSED] - click: Object: 'Object Repository/HealthpostToStore/Page_HealthPost Store/button_Add' is clicked on

2018-06-09 22:04:49 - [MESSAGE][PASSED] - Object: 'Object Repository/HealthpostToStore/Page_HealthPost Store/button_Add' is clicked on

2018-06-09 22:04:49 - [TEST_STEP][PASSED] - selectOptionByIndex: All options with index in [9] are selected on object 'Object Repository/HealthpostToStore/Page_HealthPost Store/select_--Select--Schedule 1Inj'

2018-06-09 22:04:50 - [MESSAGE][PASSED] - All options with index in [9] are selected on object 'Object Repository/HealthpostToStore/Page_HealthPost Store/select_--Select--Schedule 1Inj'

2018-06-09 22:04:50 - [TEST_STEP][PASSED] - selectOptionByIndex: All options with index in [3] are selected on object 'Object Repository/HealthpostToStore/Page_HealthPost Store/select_--Select--Adernaline 0.'

2018-06-09 22:04:50 - [MESSAGE][PASSED] - All options with index in [3] are selected on object 'Object Repository/HealthpostToStore/Page_HealthPost Store/select_--Select--Adernaline 0.'

2018-06-09 22:04:50 - [TEST_STEP][PASSED] - setText: Text '10' is set on object 'Object Repository/HealthpostToStore/Page_HealthPost Store/input_txttreat'

2018-06-09 22:04:50 - [MESSAGE][PASSED] - Text '10' is set on object 'Object Repository/HealthpostToStore/Page_HealthPost Store/input_txttreat'

2018-06-09 22:04:50 - [TEST_STEP][PASSED] - click: Object: 'Object Repository/HealthpostToStore/Page_HealthPost Store/button_Add' is clicked on

2018-06-09 22:04:50 - [MESSAGE][PASSED] - Object: 'Object Repository/HealthpostToStore/Page_HealthPost Store/button_Add' is clicked on

2018-06-09 22:04:50 - [TEST_STEP][PASSED] - selectOptionByIndex: All options with index in [9] are selected on object 'Object Repository/HealthpostToStore/Page_HealthPost Store/select_--Select--Schedule 1Inj'

2018-06-09 22:04:50 - [MESSAGE][PASSED] - All options with index in [9] are selected on object 'Object Repository/HealthpostToStore/Page_HealthPost Store/select_--Select--Schedule 1Inj'

2018-06-09 22:04:50 - [TEST_STEP][PASSED] - selectOptionByIndex: All options with index in [4] are selected on object 'Object Repository/HealthpostToStore/Page_HealthPost Store/select_--Select--Adernaline 0.'

2018-06-09 22:04:50 - [MESSAGE][PASSED] - All options with index in [4] are selected on object 'Object Repository/HealthpostToStore/Page_HealthPost Store/select_--Select--Adernaline 0.'

2018-06-09 22:04:50 - [TEST_STEP][PASSED] - setText: Text '10' is set on object 'Object Repository/HealthpostToStore/Page_HealthPost Store/input_txttreat'

2018-06-09 22:04:50 - [MESSAGE][PASSED] - Text '10' is set on object 'Object Repository/HealthpostToStore/Page_HealthPost Store/input_txttreat'

2018-06-09 22:04:50 - [TEST_STEP][PASSED] - click: Object: 'Object Repository/HealthpostToStore/Page_HealthPost Store/button_Add' is clicked on

2018-06-09 22:04:50 - [MESSAGE][PASSED] - Object: 'Object Repository/HealthpostToStore/Page_HealthPost Store/button_Add' is clicked on

2018-06-09 22:04:50 - [TEST_STEP][PASSED] - selectOptionByIndex: All options with index in [9] are selected on object 'Object Repository/HealthpostToStore/Page_HealthPost Store/select_--Select--Schedule 1Inj'

2018-06-09 22:04:51 - [MESSAGE][PASSED] - All options with index in [9] are selected on object 'Object Repository/HealthpostToStore/Page_HealthPost Store/select_--Select--Schedule 1Inj'

2018-06-09 22:04:51 - [TEST_STEP][PASSED] - selectOptionByIndex: All options with index in [5] are selected on object 'Object Repository/HealthpostToStore/Page_HealthPost Store/select_--Select--Adernaline 0.'

2018-06-09 22:04:51 - [MESSAGE][PASSED] - All options with index in [5] are selected on object 'Object Repository/HealthpostToStore/Page_HealthPost Store/select_--Select--Adernaline 0.'

2018-06-09 22:04:51 - [TEST_STEP][PASSED] - setText: Text '10' is set on object 'Object Repository/HealthpostToStore/Page_HealthPost Store/input_txttreat'

2018-06-09 22:04:51 - [MESSAGE][PASSED] - Text '10' is set on object 'Object Repository/HealthpostToStore/Page_HealthPost Store/input_txttreat'

2018-06-09 22:04:51 - [TEST_STEP][PASSED] - click: Object: 'Object Repository/HealthpostToStore/Page_HealthPost Store/button_Add' is clicked on

2018-06-09 22:04:51 - [MESSAGE][PASSED] - Object: 'Object Repository/HealthpostToStore/Page_HealthPost Store/button_Add' is clicked on

2018-06-09 22:04:51 - [TEST_STEP][PASSED] - selectOptionByIndex: All options with index in [9] are selected on object 'Object Repository/HealthpostToStore/Page_HealthPost Store/select_--Select--Schedule 1Inj'

2018-06-09 22:04:51 - [MESSAGE][PASSED] - All options with index in [9] are selected on object 'Object Repository/HealthpostToStore/Page_HealthPost Store/select_--Select--Schedule 1Inj'

2018-06-09 22:04:51 - [TEST_STEP][PASSED] - selectOptionByIndex: All options with index in [6] are selected on object 'Object Repository/HealthpostToStore/Page_HealthPost Store/select_--Select--Adernaline 0.'

2018-06-09 22:04:51 - [MESSAGE][PASSED] - All options with index in [6] are selected on object 'Object Repository/HealthpostToStore/Page_HealthPost Store/select_--Select--Adernaline 0.'

2018-06-09 22:04:51 - [TEST_STEP][PASSED] - setText: Text '10' is set on object 'Object Repository/HealthpostToStore/Page_HealthPost Store/input_txttreat'

2018-06-09 22:04:52 - [MESSAGE][PASSED] - Text '10' is set on object 'Object Repository/HealthpostToStore/Page_HealthPost Store/input_txttreat'

2018-06-09 22:04:52 - [TEST_STEP][PASSED] - click: Object: 'Object Repository/HealthpostToStore/Page_HealthPost Store/button_Add' is clicked on

2018-06-09 22:04:52 - [MESSAGE][PASSED] - Object: 'Object Repository/HealthpostToStore/Page_HealthPost Store/button_Add' is clicked on

2018-06-09 22:04:52 - [TEST_STEP][PASSED] - selectOptionByIndex: All options with index in [9] are selected on object 'Object Repository/HealthpostToStore/Page_HealthPost Store/select_--Select--Schedule 1Inj'

2018-06-09 22:04:52 - [MESSAGE][PASSED] - All options with index in [9] are selected on object 'Object Repository/HealthpostToStore/Page_HealthPost Store/select_--Select--Schedule 1Inj'

2018-06-09 22:04:52 - [TEST_STEP][PASSED] - selectOptionByIndex: All options with index in [7] are selected on object 'Object Repository/HealthpostToStore/Page_HealthPost Store/select_--Select--Adernaline 0.'

2018-06-09 22:04:52 - [MESSAGE][PASSED] - All options with index in [7] are selected on object 'Object Repository/HealthpostToStore/Page_HealthPost Store/select_--Select--Adernaline 0.'

2018-06-09 22:04:52 - [TEST_STEP][PASSED] - setText: Text '10' is set on object 'Object Repository/HealthpostToStore/Page_HealthPost Store/input_txttreat'

2018-06-09 22:04:52 - [MESSAGE][PASSED] - Text '10' is set on object 'Object Repository/HealthpostToStore/Page_HealthPost Store/input_txttreat'

2018-06-09 22:04:52 - [TEST_STEP][PASSED] - click: Object: 'Object Repository/HealthpostToStore/Page_HealthPost Store/button_Add' is clicked on

2018-06-09 22:04:52 - [MESSAGE][PASSED] - Object: 'Object Repository/HealthpostToStore/Page_HealthPost Store/button_Add' is clicked on

2018-06-09 22:04:52 - [TEST_STEP][PASSED] - selectOptionByIndex: All options with index in [9] are selected on object 'Object Repository/HealthpostToStore/Page_HealthPost Store/select_--Select--Schedule 1Inj'

2018-06-09 22:04:52 - [MESSAGE][PASSED] - All options with index in [9] are selected on object 'Object Repository/HealthpostToStore/Page_HealthPost Store/select_--Select--Schedule 1Inj'

2018-06-09 22:04:52 - [TEST_STEP][PASSED] - selectOptionByIndex: All options with index in [8] are selected on object 'Object Repository/HealthpostToStore/Page_HealthPost Store/select_--Select--Adernaline 0.'

2018-06-09 22:04:53 - [MESSAGE][PASSED] - All options with index in [8] are selected on object 'Object Repository/HealthpostToStore/Page_HealthPost Store/select_--Select--Adernaline 0.'

2018-06-09 22:04:53 - [TEST_STEP][PASSED] - setText: Text '10' is set on object 'Object Repository/HealthpostToStore/Page_HealthPost Store/input_txttreat'

2018-06-09 22:04:53 - [MESSAGE][PASSED] - Text '10' is set on object 'Object Repository/HealthpostToStore/Page_HealthPost Store/input_txttreat'

2018-06-09 22:04:53 - [TEST_STEP][PASSED] - click: Object: 'Object Repository/HealthpostToStore/Page_HealthPost Store/button_Add' is clicked on

2018-06-09 22:04:53 - [MESSAGE][PASSED] - Object: 'Object Repository/HealthpostToStore/Page_HealthPost Store/button_Add' is clicked on

2018-06-09 22:04:53 - [TEST_STEP][FAILED] - selectOptionByIndex: Unable to select option by index '9' of object 'Object Repository/HealthpostToStore/Page_HealthPost Store/select_--Select--Schedule 1Inj' (Root cause: org.openqa.selenium.StaleElementReferenceException: stale element reference: element is not attached to the page document
  (Session info: chrome=66.0.3359.181)
  (Driver info: chromedriver=2.35.528161 (5b82f2d2aae0ca24b877009200ced9065a772e73),platform=Windows NT 10.0.17134 x86_64) (WARNING: The server did not provide any stacktrace information)
Command duration or timeout: 0 milliseconds
For documentation on this error, please visit: http://seleniumhq.org/exceptions/stale_element_reference.html
Build info: version: '3.7.1', revision: '8a0099a', time: '2017-11-06T21:07:36.161Z'
System info: host: 'DESKTOP-BLFTK83', ip: '169.254.189.85', os.name: 'Windows 10', os.arch: 'amd64', os.version: '10.0', java.version: '1.8.0_102'
Driver info: com.kms.katalon.selenium.driver.CChromeDriver
Capabilities {acceptInsecureCerts: false, acceptSslCerts: false, applicationCacheEnabled: false, browserConnectionEnabled: false, browserName: chrome, chrome: {chromedriverVersion: 2.35.528161 (5b82f2d2aae0ca..., userDataDir: C:\Users\QUALIT~1\AppData\L...}, cssSelectorsEnabled: true, databaseEnabled: false, handlesAlerts: true, hasTouchScreen: false, javascriptEnabled: true, locationContextEnabled: true, mobileEmulationEnabled: false, nativeEvents: true, networkConnectionEnabled: false, pageLoadStrategy: normal, platform: XP, platformName: XP, rotatable: false, setWindowRect: true, takesHeapSnapshot: true, takesScreenshot: true, unexpectedAlertBehaviour: , unhandledPromptBehavior: , version: 66.0.3359.181, webStorageEnabled: true}
Session ID: bfc983c5cc52123e9d3c4eae6200b651)

2018-06-09 22:04:53 - [MESSAGE][FAILED] - Unable to select option by index '9' of object 'Object Repository/HealthpostToStore/Page_HealthPost Store/select_--Select--Schedule 1Inj' (Root cause: org.openqa.selenium.StaleElementReferenceException: stale element reference: element is not attached to the page document
  (Session info: chrome=66.0.3359.181)
  (Driver info: chromedriver=2.35.528161 (5b82f2d2aae0ca24b877009200ced9065a772e73),platform=Windows NT 10.0.17134 x86_64) (WARNING: The server did not provide any stacktrace information)
Command duration or timeout: 0 milliseconds
For documentation on this error, please visit: http://seleniumhq.org/exceptions/stale_element_reference.html
Build info: version: '3.7.1', revision: '8a0099a', time: '2017-11-06T21:07:36.161Z'
System info: host: 'DESKTOP-BLFTK83', ip: '169.254.189.85', os.name: 'Windows 10', os.arch: 'amd64', os.version: '10.0', java.version: '1.8.0_102'
Driver info: com.kms.katalon.selenium.driver.CChromeDriver
Capabilities {acceptInsecureCerts: false, acceptSslCerts: false, applicationCacheEnabled: false, browserConnectionEnabled: false, browserName: chrome, chrome: {chromedriverVersion: 2.35.528161 (5b82f2d2aae0ca..., userDataDir: C:\Users\QUALIT~1\AppData\L...}, cssSelectorsEnabled: true, databaseEnabled: false, handlesAlerts: true, hasTouchScreen: false, javascriptEnabled: true, locationContextEnabled: true, mobileEmulationEnabled: false, nativeEvents: true, networkConnectionEnabled: false, pageLoadStrategy: normal, platform: XP, platformName: XP, rotatable: false, setWindowRect: true, takesHeapSnapshot: true, takesScreenshot: true, unexpectedAlertBehaviour: , unhandledPromptBehavior: , version: 66.0.3359.181, webStorageEnabled: true}
Session ID: bfc983c5cc52123e9d3c4eae6200b651)
[[ATTACHMENT|C:\\Users\\Quality Analyst\\Katalon Studio\\ds\\Reports\\HealthPost_Store_Suite\\20180609_181633\\1528562093271.png]]]]></system-out>
         <system-err><![CDATA[2018-06-09 22:04:33 - [TEST_CASE][FAILED] - Test Cases/HEALTHPOST TEST CASES/TC_HP_009 Verify Schedule 9 Healthpost Request Are Working Successfully Or Not: Test Cases/HEALTHPOST TEST CASES/TC_HP_009 Verify Schedule 9 Healthpost Request Are Working Successfully Or Not FAILED because (of) Unable to select option by index '9' of object 'Object Repository/HealthpostToStore/Page_HealthPost Store/select_--Select--Schedule 1Inj' (Root cause: org.openqa.selenium.StaleElementReferenceException: stale element reference: element is not attached to the page document
  (Session info: chrome=66.0.3359.181)
  (Driver info: chromedriver=2.35.528161 (5b82f2d2aae0ca24b877009200ced9065a772e73),platform=Windows NT 10.0.17134 x86_64) (WARNING: The server did not provide any stacktrace information)
Command duration or timeout: 0 milliseconds
For documentation on this error, please visit: http://seleniumhq.org/exceptions/stale_element_reference.html
Build info: version: '3.7.1', revision: '8a0099a', time: '2017-11-06T21:07:36.161Z'
System info: host: 'DESKTOP-BLFTK83', ip: '169.254.189.85', os.name: 'Windows 10', os.arch: 'amd64', os.version: '10.0', java.version: '1.8.0_102'
Driver info: com.kms.katalon.selenium.driver.CChromeDriver
Capabilities {acceptInsecureCerts: false, acceptSslCerts: false, applicationCacheEnabled: false, browserConnectionEnabled: false, browserName: chrome, chrome: {chromedriverVersion: 2.35.528161 (5b82f2d2aae0ca..., userDataDir: C:\Users\QUALIT~1\AppData\L...}, cssSelectorsEnabled: true, databaseEnabled: false, handlesAlerts: true, hasTouchScreen: false, javascriptEnabled: true, locationContextEnabled: true, mobileEmulationEnabled: false, nativeEvents: true, networkConnectionEnabled: false, pageLoadStrategy: normal, platform: XP, platformName: XP, rotatable: false, setWindowRect: true, takesHeapSnapshot: true, takesScreenshot: true, unexpectedAlertBehaviour: , unhandledPromptBehavior: , version: 66.0.3359.181, webStorageEnabled: true}
Session ID: bfc983c5cc52123e9d3c4eae6200b651)]]></system-err>
      </testcase>
      <testcase name="Test Cases/HEALTHPOST TEST CASES/TC_HP_010 Verify Schedule 10 Healthpost Request Are Working Successfully Or Not" classname="Test Cases/HEALTHPOST TEST CASES/TC_HP_010 Verify Schedule 10 Healthpost Request Are Working Successfully Or Not" status="PASSED">
         <system-out><![CDATA[2018-06-09 22:04:53 - [TEST_CASE][PASSED] - Test Cases/HEALTHPOST TEST CASES/TC_HP_010 Verify Schedule 10 Healthpost Request Are Working Successfully Or Not: Test Cases/HEALTHPOST TEST CASES/TC_HP_010 Verify Schedule 10 Healthpost Request Are Working Successfully Or Not

2018-06-09 22:04:53 - [TEST_STEP][PASSED] - openBrowser: Browser is opened with url: ''

2018-06-09 22:04:53 - [MESSAGE][WARNING] - A browser is already opened. Closing browser and opening a new one

2018-06-09 22:04:56 - [MESSAGE][PASSED] - Browser is opened with url: ''

2018-06-09 22:04:56 - [TEST_STEP][PASSED] - navigateToUrl: Navigate to 'http://192.168.137.1/multihospital_new/HDSplashscreen.aspx' successfully

2018-06-09 22:04:57 - [MESSAGE][PASSED] - Navigate to 'http://192.168.137.1/multihospital_new/HDSplashscreen.aspx' successfully

2018-06-09 22:04:57 - [TEST_STEP][PASSED] - maximizeWindow: Current window maximized

2018-06-09 22:04:59 - [MESSAGE][PASSED] - Current window maximized

2018-06-09 22:04:59 - [TEST_STEP][PASSED] - click: Object: 'Object Repository/HealthpostToStore/Page_KDMC/a_Healthpost Store' is clicked on

2018-06-09 22:04:59 - [MESSAGE][PASSED] - Object: 'Object Repository/HealthpostToStore/Page_KDMC/a_Healthpost Store' is clicked on

2018-06-09 22:04:59 - [TEST_STEP][PASSED] - setText: Text 'raguram' is set on object 'Object Repository/HealthpostToStore/Page_HealthPost Store Login/input_txtusername'

2018-06-09 22:05:00 - [MESSAGE][PASSED] - Text 'raguram' is set on object 'Object Repository/HealthpostToStore/Page_HealthPost Store Login/input_txtusername'

2018-06-09 22:05:00 - [TEST_STEP][PASSED] - setText: Text '123' is set on object 'Object Repository/HealthpostToStore/Page_HealthPost Store Login/input_txtpassword'

2018-06-09 22:05:00 - [MESSAGE][PASSED] - Text '123' is set on object 'Object Repository/HealthpostToStore/Page_HealthPost Store Login/input_txtpassword'

2018-06-09 22:05:00 - [TEST_STEP][PASSED] - delay: Delayed 3 second(s)

2018-06-09 22:05:03 - [MESSAGE][PASSED] - Delayed 3 second(s)

2018-06-09 22:05:03 - [TEST_STEP][PASSED] - sendKeys: Keys 'ENTER + ' sent to object: 'Object Repository/HealthpostToStore/Page_HealthPost Store Login/input_txtpassword'

2018-06-09 22:05:03 - [MESSAGE][PASSED] - Keys 'ENTER + ' sent to object: 'Object Repository/HealthpostToStore/Page_HealthPost Store Login/input_txtpassword'

2018-06-09 22:05:03 - [TEST_STEP][PASSED] - delay: Delayed 3 second(s)

2018-06-09 22:05:06 - [MESSAGE][PASSED] - Delayed 3 second(s)

2018-06-09 22:05:06 - [TEST_STEP][PASSED] - click: Object: 'Object Repository/HealthpostToStore/Page_HealthPost Store/a_Request to Store' is clicked on

2018-06-09 22:05:06 - [MESSAGE][PASSED] - Object: 'Object Repository/HealthpostToStore/Page_HealthPost Store/a_Request to Store' is clicked on

2018-06-09 22:05:06 - [TEST_STEP][PASSED] - delay: Delayed 1 second(s)

2018-06-09 22:05:07 - [MESSAGE][PASSED] - Delayed 1 second(s)

2018-06-09 22:05:07 - [TEST_STEP][PASSED] - click: Object: 'Object Repository/HealthpostToStore/Page_HealthPost Store/a_Medicine Request' is clicked on

2018-06-09 22:05:08 - [MESSAGE][PASSED] - Object: 'Object Repository/HealthpostToStore/Page_HealthPost Store/a_Medicine Request' is clicked on

2018-06-09 22:05:08 - [TEST_STEP][PASSED] - delay: Delayed 1 second(s)

2018-06-09 22:05:09 - [MESSAGE][PASSED] - Delayed 1 second(s)

2018-06-09 22:05:09 - [TEST_STEP][PASSED] - selectOptionByIndex: All options with index in [10] are selected on object 'Object Repository/HealthpostToStore/Page_HealthPost Store/select_--Select--Schedule 1Inj'

2018-06-09 22:05:09 - [MESSAGE][PASSED] - All options with index in [10] are selected on object 'Object Repository/HealthpostToStore/Page_HealthPost Store/select_--Select--Schedule 1Inj'

2018-06-09 22:05:09 - [TEST_STEP][PASSED] - Statement - medicineslength = com.kms.katalon.core.webui.keyword.WebUiBuiltInKeywords.getNumberOfTotalOption(com.kms.katalon.core.testobject.ObjectRepository.findTestObject(HealthpostToStore/Page_HealthPost Store/select_--Select--Adernaline 0.)): 19 options of object 'Object Repository/HealthpostToStore/Page_HealthPost Store/select_--Select--Adernaline 0.' counted

2018-06-09 22:05:09 - [MESSAGE][PASSED] - 19 options of object 'Object Repository/HealthpostToStore/Page_HealthPost Store/select_--Select--Adernaline 0.' counted

2018-06-09 22:05:09 - [TEST_STEP][PASSED] - Statement - For ([e = 1, e <= medicineslength - 1, (e++)]): Object: 'Object Repository/HealthpostToStore/Page_HealthPost Store/button_Add' is clicked on

2018-06-09 22:05:09 - [TEST_STEP][PASSED] - selectOptionByIndex: All options with index in [10] are selected on object 'Object Repository/HealthpostToStore/Page_HealthPost Store/select_--Select--Schedule 1Inj'

2018-06-09 22:05:09 - [MESSAGE][PASSED] - All options with index in [10] are selected on object 'Object Repository/HealthpostToStore/Page_HealthPost Store/select_--Select--Schedule 1Inj'

2018-06-09 22:05:09 - [TEST_STEP][PASSED] - selectOptionByIndex: All options with index in [1] are selected on object 'Object Repository/HealthpostToStore/Page_HealthPost Store/select_--Select--Adernaline 0.'

2018-06-09 22:05:09 - [MESSAGE][PASSED] - All options with index in [1] are selected on object 'Object Repository/HealthpostToStore/Page_HealthPost Store/select_--Select--Adernaline 0.'

2018-06-09 22:05:09 - [TEST_STEP][PASSED] - setText: Text '10' is set on object 'Object Repository/HealthpostToStore/Page_HealthPost Store/input_txttreat'

2018-06-09 22:05:10 - [MESSAGE][PASSED] - Text '10' is set on object 'Object Repository/HealthpostToStore/Page_HealthPost Store/input_txttreat'

2018-06-09 22:05:10 - [TEST_STEP][PASSED] - click: Object: 'Object Repository/HealthpostToStore/Page_HealthPost Store/button_Add' is clicked on

2018-06-09 22:05:10 - [MESSAGE][PASSED] - Object: 'Object Repository/HealthpostToStore/Page_HealthPost Store/button_Add' is clicked on

2018-06-09 22:05:10 - [TEST_STEP][PASSED] - selectOptionByIndex: All options with index in [10] are selected on object 'Object Repository/HealthpostToStore/Page_HealthPost Store/select_--Select--Schedule 1Inj'

2018-06-09 22:05:10 - [MESSAGE][PASSED] - All options with index in [10] are selected on object 'Object Repository/HealthpostToStore/Page_HealthPost Store/select_--Select--Schedule 1Inj'

2018-06-09 22:05:10 - [TEST_STEP][PASSED] - selectOptionByIndex: All options with index in [2] are selected on object 'Object Repository/HealthpostToStore/Page_HealthPost Store/select_--Select--Adernaline 0.'

2018-06-09 22:05:10 - [MESSAGE][PASSED] - All options with index in [2] are selected on object 'Object Repository/HealthpostToStore/Page_HealthPost Store/select_--Select--Adernaline 0.'

2018-06-09 22:05:10 - [TEST_STEP][PASSED] - setText: Text '10' is set on object 'Object Repository/HealthpostToStore/Page_HealthPost Store/input_txttreat'

2018-06-09 22:05:10 - [MESSAGE][PASSED] - Text '10' is set on object 'Object Repository/HealthpostToStore/Page_HealthPost Store/input_txttreat'

2018-06-09 22:05:10 - [TEST_STEP][PASSED] - click: Object: 'Object Repository/HealthpostToStore/Page_HealthPost Store/button_Add' is clicked on

2018-06-09 22:05:10 - [MESSAGE][PASSED] - Object: 'Object Repository/HealthpostToStore/Page_HealthPost Store/button_Add' is clicked on

2018-06-09 22:05:10 - [TEST_STEP][PASSED] - selectOptionByIndex: All options with index in [10] are selected on object 'Object Repository/HealthpostToStore/Page_HealthPost Store/select_--Select--Schedule 1Inj'

2018-06-09 22:05:10 - [MESSAGE][PASSED] - All options with index in [10] are selected on object 'Object Repository/HealthpostToStore/Page_HealthPost Store/select_--Select--Schedule 1Inj'

2018-06-09 22:05:10 - [TEST_STEP][PASSED] - selectOptionByIndex: All options with index in [3] are selected on object 'Object Repository/HealthpostToStore/Page_HealthPost Store/select_--Select--Adernaline 0.'

2018-06-09 22:05:11 - [MESSAGE][PASSED] - All options with index in [3] are selected on object 'Object Repository/HealthpostToStore/Page_HealthPost Store/select_--Select--Adernaline 0.'

2018-06-09 22:05:11 - [TEST_STEP][PASSED] - setText: Text '10' is set on object 'Object Repository/HealthpostToStore/Page_HealthPost Store/input_txttreat'

2018-06-09 22:05:11 - [MESSAGE][PASSED] - Text '10' is set on object 'Object Repository/HealthpostToStore/Page_HealthPost Store/input_txttreat'

2018-06-09 22:05:11 - [TEST_STEP][PASSED] - click: Object: 'Object Repository/HealthpostToStore/Page_HealthPost Store/button_Add' is clicked on

2018-06-09 22:05:11 - [MESSAGE][PASSED] - Object: 'Object Repository/HealthpostToStore/Page_HealthPost Store/button_Add' is clicked on

2018-06-09 22:05:11 - [TEST_STEP][PASSED] - selectOptionByIndex: All options with index in [10] are selected on object 'Object Repository/HealthpostToStore/Page_HealthPost Store/select_--Select--Schedule 1Inj'

2018-06-09 22:05:11 - [MESSAGE][PASSED] - All options with index in [10] are selected on object 'Object Repository/HealthpostToStore/Page_HealthPost Store/select_--Select--Schedule 1Inj'

2018-06-09 22:05:11 - [TEST_STEP][PASSED] - selectOptionByIndex: All options with index in [4] are selected on object 'Object Repository/HealthpostToStore/Page_HealthPost Store/select_--Select--Adernaline 0.'

2018-06-09 22:05:11 - [MESSAGE][PASSED] - All options with index in [4] are selected on object 'Object Repository/HealthpostToStore/Page_HealthPost Store/select_--Select--Adernaline 0.'

2018-06-09 22:05:11 - [TEST_STEP][PASSED] - setText: Text '10' is set on object 'Object Repository/HealthpostToStore/Page_HealthPost Store/input_txttreat'

2018-06-09 22:05:11 - [MESSAGE][PASSED] - Text '10' is set on object 'Object Repository/HealthpostToStore/Page_HealthPost Store/input_txttreat'

2018-06-09 22:05:11 - [TEST_STEP][PASSED] - click: Object: 'Object Repository/HealthpostToStore/Page_HealthPost Store/button_Add' is clicked on

2018-06-09 22:05:11 - [MESSAGE][PASSED] - Object: 'Object Repository/HealthpostToStore/Page_HealthPost Store/button_Add' is clicked on

2018-06-09 22:05:11 - [TEST_STEP][PASSED] - selectOptionByIndex: All options with index in [10] are selected on object 'Object Repository/HealthpostToStore/Page_HealthPost Store/select_--Select--Schedule 1Inj'

2018-06-09 22:05:11 - [MESSAGE][PASSED] - All options with index in [10] are selected on object 'Object Repository/HealthpostToStore/Page_HealthPost Store/select_--Select--Schedule 1Inj'

2018-06-09 22:05:11 - [TEST_STEP][PASSED] - selectOptionByIndex: All options with index in [5] are selected on object 'Object Repository/HealthpostToStore/Page_HealthPost Store/select_--Select--Adernaline 0.'

2018-06-09 22:05:12 - [MESSAGE][PASSED] - All options with index in [5] are selected on object 'Object Repository/HealthpostToStore/Page_HealthPost Store/select_--Select--Adernaline 0.'

2018-06-09 22:05:12 - [TEST_STEP][PASSED] - setText: Text '10' is set on object 'Object Repository/HealthpostToStore/Page_HealthPost Store/input_txttreat'

2018-06-09 22:05:12 - [MESSAGE][PASSED] - Text '10' is set on object 'Object Repository/HealthpostToStore/Page_HealthPost Store/input_txttreat'

2018-06-09 22:05:12 - [TEST_STEP][PASSED] - click: Object: 'Object Repository/HealthpostToStore/Page_HealthPost Store/button_Add' is clicked on

2018-06-09 22:05:12 - [MESSAGE][PASSED] - Object: 'Object Repository/HealthpostToStore/Page_HealthPost Store/button_Add' is clicked on

2018-06-09 22:05:12 - [TEST_STEP][PASSED] - selectOptionByIndex: All options with index in [10] are selected on object 'Object Repository/HealthpostToStore/Page_HealthPost Store/select_--Select--Schedule 1Inj'

2018-06-09 22:05:12 - [MESSAGE][PASSED] - All options with index in [10] are selected on object 'Object Repository/HealthpostToStore/Page_HealthPost Store/select_--Select--Schedule 1Inj'

2018-06-09 22:05:12 - [TEST_STEP][PASSED] - selectOptionByIndex: All options with index in [6] are selected on object 'Object Repository/HealthpostToStore/Page_HealthPost Store/select_--Select--Adernaline 0.'

2018-06-09 22:05:12 - [MESSAGE][PASSED] - All options with index in [6] are selected on object 'Object Repository/HealthpostToStore/Page_HealthPost Store/select_--Select--Adernaline 0.'

2018-06-09 22:05:12 - [TEST_STEP][PASSED] - setText: Text '10' is set on object 'Object Repository/HealthpostToStore/Page_HealthPost Store/input_txttreat'

2018-06-09 22:05:12 - [MESSAGE][PASSED] - Text '10' is set on object 'Object Repository/HealthpostToStore/Page_HealthPost Store/input_txttreat'

2018-06-09 22:05:12 - [TEST_STEP][PASSED] - click: Object: 'Object Repository/HealthpostToStore/Page_HealthPost Store/button_Add' is clicked on

2018-06-09 22:05:12 - [MESSAGE][PASSED] - Object: 'Object Repository/HealthpostToStore/Page_HealthPost Store/button_Add' is clicked on

2018-06-09 22:05:12 - [TEST_STEP][PASSED] - selectOptionByIndex: All options with index in [10] are selected on object 'Object Repository/HealthpostToStore/Page_HealthPost Store/select_--Select--Schedule 1Inj'

2018-06-09 22:05:13 - [MESSAGE][PASSED] - All options with index in [10] are selected on object 'Object Repository/HealthpostToStore/Page_HealthPost Store/select_--Select--Schedule 1Inj'

2018-06-09 22:05:13 - [TEST_STEP][PASSED] - selectOptionByIndex: All options with index in [7] are selected on object 'Object Repository/HealthpostToStore/Page_HealthPost Store/select_--Select--Adernaline 0.'

2018-06-09 22:05:13 - [MESSAGE][PASSED] - All options with index in [7] are selected on object 'Object Repository/HealthpostToStore/Page_HealthPost Store/select_--Select--Adernaline 0.'

2018-06-09 22:05:13 - [TEST_STEP][PASSED] - setText: Text '10' is set on object 'Object Repository/HealthpostToStore/Page_HealthPost Store/input_txttreat'

2018-06-09 22:05:13 - [MESSAGE][PASSED] - Text '10' is set on object 'Object Repository/HealthpostToStore/Page_HealthPost Store/input_txttreat'

2018-06-09 22:05:13 - [TEST_STEP][PASSED] - click: Object: 'Object Repository/HealthpostToStore/Page_HealthPost Store/button_Add' is clicked on

2018-06-09 22:05:13 - [MESSAGE][PASSED] - Object: 'Object Repository/HealthpostToStore/Page_HealthPost Store/button_Add' is clicked on

2018-06-09 22:05:13 - [TEST_STEP][PASSED] - selectOptionByIndex: All options with index in [10] are selected on object 'Object Repository/HealthpostToStore/Page_HealthPost Store/select_--Select--Schedule 1Inj'

2018-06-09 22:05:13 - [MESSAGE][PASSED] - All options with index in [10] are selected on object 'Object Repository/HealthpostToStore/Page_HealthPost Store/select_--Select--Schedule 1Inj'

2018-06-09 22:05:13 - [TEST_STEP][PASSED] - selectOptionByIndex: All options with index in [8] are selected on object 'Object Repository/HealthpostToStore/Page_HealthPost Store/select_--Select--Adernaline 0.'

2018-06-09 22:05:13 - [MESSAGE][PASSED] - All options with index in [8] are selected on object 'Object Repository/HealthpostToStore/Page_HealthPost Store/select_--Select--Adernaline 0.'

2018-06-09 22:05:13 - [TEST_STEP][PASSED] - setText: Text '10' is set on object 'Object Repository/HealthpostToStore/Page_HealthPost Store/input_txttreat'

2018-06-09 22:05:13 - [MESSAGE][PASSED] - Text '10' is set on object 'Object Repository/HealthpostToStore/Page_HealthPost Store/input_txttreat'

2018-06-09 22:05:13 - [TEST_STEP][PASSED] - click: Object: 'Object Repository/HealthpostToStore/Page_HealthPost Store/button_Add' is clicked on

2018-06-09 22:05:14 - [MESSAGE][PASSED] - Object: 'Object Repository/HealthpostToStore/Page_HealthPost Store/button_Add' is clicked on

2018-06-09 22:05:14 - [TEST_STEP][PASSED] - selectOptionByIndex: All options with index in [10] are selected on object 'Object Repository/HealthpostToStore/Page_HealthPost Store/select_--Select--Schedule 1Inj'

2018-06-09 22:05:14 - [MESSAGE][PASSED] - All options with index in [10] are selected on object 'Object Repository/HealthpostToStore/Page_HealthPost Store/select_--Select--Schedule 1Inj'

2018-06-09 22:05:14 - [TEST_STEP][PASSED] - selectOptionByIndex: All options with index in [9] are selected on object 'Object Repository/HealthpostToStore/Page_HealthPost Store/select_--Select--Adernaline 0.'

2018-06-09 22:05:14 - [MESSAGE][PASSED] - All options with index in [9] are selected on object 'Object Repository/HealthpostToStore/Page_HealthPost Store/select_--Select--Adernaline 0.'

2018-06-09 22:05:14 - [TEST_STEP][PASSED] - setText: Text '10' is set on object 'Object Repository/HealthpostToStore/Page_HealthPost Store/input_txttreat'

2018-06-09 22:05:14 - [MESSAGE][PASSED] - Text '10' is set on object 'Object Repository/HealthpostToStore/Page_HealthPost Store/input_txttreat'

2018-06-09 22:05:14 - [TEST_STEP][PASSED] - click: Object: 'Object Repository/HealthpostToStore/Page_HealthPost Store/button_Add' is clicked on

2018-06-09 22:05:14 - [MESSAGE][PASSED] - Object: 'Object Repository/HealthpostToStore/Page_HealthPost Store/button_Add' is clicked on

2018-06-09 22:05:14 - [TEST_STEP][PASSED] - selectOptionByIndex: All options with index in [10] are selected on object 'Object Repository/HealthpostToStore/Page_HealthPost Store/select_--Select--Schedule 1Inj'

2018-06-09 22:05:14 - [MESSAGE][PASSED] - All options with index in [10] are selected on object 'Object Repository/HealthpostToStore/Page_HealthPost Store/select_--Select--Schedule 1Inj'

2018-06-09 22:05:14 - [TEST_STEP][PASSED] - selectOptionByIndex: All options with index in [10] are selected on object 'Object Repository/HealthpostToStore/Page_HealthPost Store/select_--Select--Adernaline 0.'

2018-06-09 22:05:15 - [MESSAGE][PASSED] - All options with index in [10] are selected on object 'Object Repository/HealthpostToStore/Page_HealthPost Store/select_--Select--Adernaline 0.'

2018-06-09 22:05:15 - [TEST_STEP][PASSED] - setText: Text '10' is set on object 'Object Repository/HealthpostToStore/Page_HealthPost Store/input_txttreat'

2018-06-09 22:05:15 - [MESSAGE][PASSED] - Text '10' is set on object 'Object Repository/HealthpostToStore/Page_HealthPost Store/input_txttreat'

2018-06-09 22:05:15 - [TEST_STEP][PASSED] - click: Object: 'Object Repository/HealthpostToStore/Page_HealthPost Store/button_Add' is clicked on

2018-06-09 22:05:15 - [MESSAGE][PASSED] - Object: 'Object Repository/HealthpostToStore/Page_HealthPost Store/button_Add' is clicked on

2018-06-09 22:05:15 - [TEST_STEP][PASSED] - selectOptionByIndex: All options with index in [10] are selected on object 'Object Repository/HealthpostToStore/Page_HealthPost Store/select_--Select--Schedule 1Inj'

2018-06-09 22:05:15 - [MESSAGE][PASSED] - All options with index in [10] are selected on object 'Object Repository/HealthpostToStore/Page_HealthPost Store/select_--Select--Schedule 1Inj'

2018-06-09 22:05:15 - [TEST_STEP][PASSED] - selectOptionByIndex: All options with index in [11] are selected on object 'Object Repository/HealthpostToStore/Page_HealthPost Store/select_--Select--Adernaline 0.'

2018-06-09 22:05:15 - [MESSAGE][PASSED] - All options with index in [11] are selected on object 'Object Repository/HealthpostToStore/Page_HealthPost Store/select_--Select--Adernaline 0.'

2018-06-09 22:05:15 - [TEST_STEP][PASSED] - setText: Text '10' is set on object 'Object Repository/HealthpostToStore/Page_HealthPost Store/input_txttreat'

2018-06-09 22:05:15 - [MESSAGE][PASSED] - Text '10' is set on object 'Object Repository/HealthpostToStore/Page_HealthPost Store/input_txttreat'

2018-06-09 22:05:15 - [TEST_STEP][PASSED] - click: Object: 'Object Repository/HealthpostToStore/Page_HealthPost Store/button_Add' is clicked on

2018-06-09 22:05:15 - [MESSAGE][PASSED] - Object: 'Object Repository/HealthpostToStore/Page_HealthPost Store/button_Add' is clicked on

2018-06-09 22:05:15 - [TEST_STEP][PASSED] - selectOptionByIndex: All options with index in [10] are selected on object 'Object Repository/HealthpostToStore/Page_HealthPost Store/select_--Select--Schedule 1Inj'

2018-06-09 22:05:16 - [MESSAGE][PASSED] - All options with index in [10] are selected on object 'Object Repository/HealthpostToStore/Page_HealthPost Store/select_--Select--Schedule 1Inj'

2018-06-09 22:05:16 - [TEST_STEP][PASSED] - selectOptionByIndex: All options with index in [12] are selected on object 'Object Repository/HealthpostToStore/Page_HealthPost Store/select_--Select--Adernaline 0.'

2018-06-09 22:05:16 - [MESSAGE][PASSED] - All options with index in [12] are selected on object 'Object Repository/HealthpostToStore/Page_HealthPost Store/select_--Select--Adernaline 0.'

2018-06-09 22:05:16 - [TEST_STEP][PASSED] - setText: Text '10' is set on object 'Object Repository/HealthpostToStore/Page_HealthPost Store/input_txttreat'

2018-06-09 22:05:16 - [MESSAGE][PASSED] - Text '10' is set on object 'Object Repository/HealthpostToStore/Page_HealthPost Store/input_txttreat'

2018-06-09 22:05:16 - [TEST_STEP][PASSED] - click: Object: 'Object Repository/HealthpostToStore/Page_HealthPost Store/button_Add' is clicked on

2018-06-09 22:05:16 - [MESSAGE][PASSED] - Object: 'Object Repository/HealthpostToStore/Page_HealthPost Store/button_Add' is clicked on

2018-06-09 22:05:16 - [TEST_STEP][PASSED] - selectOptionByIndex: All options with index in [10] are selected on object 'Object Repository/HealthpostToStore/Page_HealthPost Store/select_--Select--Schedule 1Inj'

2018-06-09 22:05:16 - [MESSAGE][PASSED] - All options with index in [10] are selected on object 'Object Repository/HealthpostToStore/Page_HealthPost Store/select_--Select--Schedule 1Inj'

2018-06-09 22:05:16 - [TEST_STEP][PASSED] - selectOptionByIndex: All options with index in [13] are selected on object 'Object Repository/HealthpostToStore/Page_HealthPost Store/select_--Select--Adernaline 0.'

2018-06-09 22:05:16 - [MESSAGE][PASSED] - All options with index in [13] are selected on object 'Object Repository/HealthpostToStore/Page_HealthPost Store/select_--Select--Adernaline 0.'

2018-06-09 22:05:16 - [TEST_STEP][PASSED] - setText: Text '10' is set on object 'Object Repository/HealthpostToStore/Page_HealthPost Store/input_txttreat'

2018-06-09 22:05:17 - [MESSAGE][PASSED] - Text '10' is set on object 'Object Repository/HealthpostToStore/Page_HealthPost Store/input_txttreat'

2018-06-09 22:05:17 - [TEST_STEP][PASSED] - click: Object: 'Object Repository/HealthpostToStore/Page_HealthPost Store/button_Add' is clicked on

2018-06-09 22:05:17 - [MESSAGE][PASSED] - Object: 'Object Repository/HealthpostToStore/Page_HealthPost Store/button_Add' is clicked on

2018-06-09 22:05:17 - [TEST_STEP][PASSED] - selectOptionByIndex: All options with index in [10] are selected on object 'Object Repository/HealthpostToStore/Page_HealthPost Store/select_--Select--Schedule 1Inj'

2018-06-09 22:05:17 - [MESSAGE][PASSED] - All options with index in [10] are selected on object 'Object Repository/HealthpostToStore/Page_HealthPost Store/select_--Select--Schedule 1Inj'

2018-06-09 22:05:17 - [TEST_STEP][PASSED] - selectOptionByIndex: All options with index in [14] are selected on object 'Object Repository/HealthpostToStore/Page_HealthPost Store/select_--Select--Adernaline 0.'

2018-06-09 22:05:17 - [MESSAGE][PASSED] - All options with index in [14] are selected on object 'Object Repository/HealthpostToStore/Page_HealthPost Store/select_--Select--Adernaline 0.'

2018-06-09 22:05:17 - [TEST_STEP][PASSED] - setText: Text '10' is set on object 'Object Repository/HealthpostToStore/Page_HealthPost Store/input_txttreat'

2018-06-09 22:05:17 - [MESSAGE][PASSED] - Text '10' is set on object 'Object Repository/HealthpostToStore/Page_HealthPost Store/input_txttreat'

2018-06-09 22:05:17 - [TEST_STEP][PASSED] - click: Object: 'Object Repository/HealthpostToStore/Page_HealthPost Store/button_Add' is clicked on

2018-06-09 22:05:17 - [MESSAGE][PASSED] - Object: 'Object Repository/HealthpostToStore/Page_HealthPost Store/button_Add' is clicked on

2018-06-09 22:05:17 - [TEST_STEP][PASSED] - selectOptionByIndex: All options with index in [10] are selected on object 'Object Repository/HealthpostToStore/Page_HealthPost Store/select_--Select--Schedule 1Inj'

2018-06-09 22:05:17 - [MESSAGE][PASSED] - All options with index in [10] are selected on object 'Object Repository/HealthpostToStore/Page_HealthPost Store/select_--Select--Schedule 1Inj'

2018-06-09 22:05:17 - [TEST_STEP][PASSED] - selectOptionByIndex: All options with index in [15] are selected on object 'Object Repository/HealthpostToStore/Page_HealthPost Store/select_--Select--Adernaline 0.'

2018-06-09 22:05:18 - [MESSAGE][PASSED] - All options with index in [15] are selected on object 'Object Repository/HealthpostToStore/Page_HealthPost Store/select_--Select--Adernaline 0.'

2018-06-09 22:05:18 - [TEST_STEP][PASSED] - setText: Text '10' is set on object 'Object Repository/HealthpostToStore/Page_HealthPost Store/input_txttreat'

2018-06-09 22:05:18 - [MESSAGE][PASSED] - Text '10' is set on object 'Object Repository/HealthpostToStore/Page_HealthPost Store/input_txttreat'

2018-06-09 22:05:18 - [TEST_STEP][PASSED] - click: Object: 'Object Repository/HealthpostToStore/Page_HealthPost Store/button_Add' is clicked on

2018-06-09 22:05:18 - [MESSAGE][PASSED] - Object: 'Object Repository/HealthpostToStore/Page_HealthPost Store/button_Add' is clicked on

2018-06-09 22:05:18 - [TEST_STEP][PASSED] - selectOptionByIndex: All options with index in [10] are selected on object 'Object Repository/HealthpostToStore/Page_HealthPost Store/select_--Select--Schedule 1Inj'

2018-06-09 22:05:18 - [MESSAGE][PASSED] - All options with index in [10] are selected on object 'Object Repository/HealthpostToStore/Page_HealthPost Store/select_--Select--Schedule 1Inj'

2018-06-09 22:05:18 - [TEST_STEP][PASSED] - selectOptionByIndex: All options with index in [16] are selected on object 'Object Repository/HealthpostToStore/Page_HealthPost Store/select_--Select--Adernaline 0.'

2018-06-09 22:05:18 - [MESSAGE][PASSED] - All options with index in [16] are selected on object 'Object Repository/HealthpostToStore/Page_HealthPost Store/select_--Select--Adernaline 0.'

2018-06-09 22:05:18 - [TEST_STEP][PASSED] - setText: Text '10' is set on object 'Object Repository/HealthpostToStore/Page_HealthPost Store/input_txttreat'

2018-06-09 22:05:18 - [MESSAGE][PASSED] - Text '10' is set on object 'Object Repository/HealthpostToStore/Page_HealthPost Store/input_txttreat'

2018-06-09 22:05:18 - [TEST_STEP][PASSED] - click: Object: 'Object Repository/HealthpostToStore/Page_HealthPost Store/button_Add' is clicked on

2018-06-09 22:05:18 - [MESSAGE][PASSED] - Object: 'Object Repository/HealthpostToStore/Page_HealthPost Store/button_Add' is clicked on

2018-06-09 22:05:18 - [TEST_STEP][PASSED] - selectOptionByIndex: All options with index in [10] are selected on object 'Object Repository/HealthpostToStore/Page_HealthPost Store/select_--Select--Schedule 1Inj'

2018-06-09 22:05:19 - [MESSAGE][PASSED] - All options with index in [10] are selected on object 'Object Repository/HealthpostToStore/Page_HealthPost Store/select_--Select--Schedule 1Inj'

2018-06-09 22:05:19 - [TEST_STEP][PASSED] - selectOptionByIndex: All options with index in [17] are selected on object 'Object Repository/HealthpostToStore/Page_HealthPost Store/select_--Select--Adernaline 0.'

2018-06-09 22:05:19 - [MESSAGE][PASSED] - All options with index in [17] are selected on object 'Object Repository/HealthpostToStore/Page_HealthPost Store/select_--Select--Adernaline 0.'

2018-06-09 22:05:19 - [TEST_STEP][PASSED] - setText: Text '10' is set on object 'Object Repository/HealthpostToStore/Page_HealthPost Store/input_txttreat'

2018-06-09 22:05:19 - [MESSAGE][PASSED] - Text '10' is set on object 'Object Repository/HealthpostToStore/Page_HealthPost Store/input_txttreat'

2018-06-09 22:05:19 - [TEST_STEP][PASSED] - click: Object: 'Object Repository/HealthpostToStore/Page_HealthPost Store/button_Add' is clicked on

2018-06-09 22:05:19 - [MESSAGE][PASSED] - Object: 'Object Repository/HealthpostToStore/Page_HealthPost Store/button_Add' is clicked on

2018-06-09 22:05:19 - [TEST_STEP][PASSED] - selectOptionByIndex: All options with index in [10] are selected on object 'Object Repository/HealthpostToStore/Page_HealthPost Store/select_--Select--Schedule 1Inj'

2018-06-09 22:05:19 - [MESSAGE][PASSED] - All options with index in [10] are selected on object 'Object Repository/HealthpostToStore/Page_HealthPost Store/select_--Select--Schedule 1Inj'

2018-06-09 22:05:19 - [TEST_STEP][PASSED] - selectOptionByIndex: All options with index in [18] are selected on object 'Object Repository/HealthpostToStore/Page_HealthPost Store/select_--Select--Adernaline 0.'

2018-06-09 22:05:20 - [MESSAGE][PASSED] - All options with index in [18] are selected on object 'Object Repository/HealthpostToStore/Page_HealthPost Store/select_--Select--Adernaline 0.'

2018-06-09 22:05:20 - [TEST_STEP][PASSED] - setText: Text '10' is set on object 'Object Repository/HealthpostToStore/Page_HealthPost Store/input_txttreat'

2018-06-09 22:05:20 - [MESSAGE][PASSED] - Text '10' is set on object 'Object Repository/HealthpostToStore/Page_HealthPost Store/input_txttreat'

2018-06-09 22:05:20 - [TEST_STEP][PASSED] - click: Object: 'Object Repository/HealthpostToStore/Page_HealthPost Store/button_Add' is clicked on

2018-06-09 22:05:20 - [MESSAGE][PASSED] - Object: 'Object Repository/HealthpostToStore/Page_HealthPost Store/button_Add' is clicked on

2018-06-09 22:05:20 - [TEST_STEP][PASSED] - scrollToElement: Scroll to object 'Object Repository/HealthpostToStore/Page_HealthPost Store/input_btnsave' successfully

2018-06-09 22:05:20 - [MESSAGE][PASSED] - Scroll to object 'Object Repository/HealthpostToStore/Page_HealthPost Store/input_btnsave' successfully

2018-06-09 22:05:20 - [TEST_STEP][PASSED] - click: Object: 'Object Repository/HealthpostToStore/Page_HealthPost Store/input_btnsave' is clicked on

2018-06-09 22:05:20 - [MESSAGE][PASSED] - Object: 'Object Repository/HealthpostToStore/Page_HealthPost Store/input_btnsave' is clicked on

2018-06-09 22:05:20 - [TEST_STEP][PASSED] - delay: Delayed 3 second(s)

2018-06-09 22:05:23 - [MESSAGE][PASSED] - Delayed 3 second(s)

2018-06-09 22:05:23 - [TEST_STEP][PASSED] - Statement - RN1 = com.kms.katalon.core.webui.keyword.WebUiBuiltInKeywords.getText(com.kms.katalon.core.testobject.ObjectRepository.findTestObject(HealthpostToStore/Page_HealthPost Store/font_HPRNO180520187)): Text of object 'Object Repository/HealthpostToStore/Page_HealthPost Store/font_HPRNO180520187' is: 'HPRNO/09062018/228'

2018-06-09 22:05:23 - [MESSAGE][PASSED] - Text of object 'Object Repository/HealthpostToStore/Page_HealthPost Store/font_HPRNO180520187' is: 'HPRNO/09062018/228'

2018-06-09 22:05:23 - [TEST_STEP][PASSED] - Statement - out.println(RN1): null

2018-06-09 22:05:23 - [TEST_STEP][PASSED] - Statement - RID = RN1.split("/")[2]: null

2018-06-09 22:05:23 - [TEST_STEP][PASSED] - click: Object: 'Object Repository/HealthpostToStore/Page_HealthPost Store/button_OK' is clicked on

2018-06-09 22:05:24 - [MESSAGE][PASSED] - Object: 'Object Repository/HealthpostToStore/Page_HealthPost Store/button_OK' is clicked on

2018-06-09 22:05:24 - [TEST_STEP][PASSED] - delay: Delayed 3 second(s)

2018-06-09 22:05:27 - [MESSAGE][PASSED] - Delayed 3 second(s)

2018-06-09 22:05:27 - [TEST_STEP][PASSED] - click: Object: 'Object Repository/HealthpostToStore/Page_HealthPost Store/a_dropdown-toggle' is clicked on

2018-06-09 22:05:27 - [MESSAGE][PASSED] - Object: 'Object Repository/HealthpostToStore/Page_HealthPost Store/a_dropdown-toggle' is clicked on

2018-06-09 22:05:27 - [TEST_STEP][PASSED] - click: Object: 'Object Repository/HealthpostToStore/Page_HealthPost Store/a_Sign out' is clicked on

2018-06-09 22:05:27 - [MESSAGE][PASSED] - Object: 'Object Repository/HealthpostToStore/Page_HealthPost Store/a_Sign out' is clicked on

2018-06-09 22:05:27 - [TEST_STEP][PASSED] - delay: Delayed 3 second(s)

2018-06-09 22:05:30 - [MESSAGE][PASSED] - Delayed 3 second(s)

2018-06-09 22:05:30 - [TEST_STEP][PASSED] - navigateToUrl: Navigate to 'http://192.168.137.1/multihospital_new/' successfully

2018-06-09 22:05:31 - [MESSAGE][PASSED] - Navigate to 'http://192.168.137.1/multihospital_new/' successfully

2018-06-09 22:05:31 - [TEST_STEP][PASSED] - click: Object: 'Object Repository/HealthpostToStore/Page_KDMC/a_CMO' is clicked on

2018-06-09 22:05:31 - [MESSAGE][PASSED] - Object: 'Object Repository/HealthpostToStore/Page_KDMC/a_CMO' is clicked on

2018-06-09 22:05:31 - [TEST_STEP][PASSED] - setText: Text 'guru' is set on object 'Object Repository/HealthpostToStore/Page_CMO login/input_txtusername'

2018-06-09 22:05:31 - [MESSAGE][PASSED] - Text 'guru' is set on object 'Object Repository/HealthpostToStore/Page_CMO login/input_txtusername'

2018-06-09 22:05:31 - [TEST_STEP][PASSED] - setText: Text '123' is set on object 'Object Repository/HealthpostToStore/Page_CMO login/input_txtpassword'

2018-06-09 22:05:31 - [MESSAGE][PASSED] - Text '123' is set on object 'Object Repository/HealthpostToStore/Page_CMO login/input_txtpassword'

2018-06-09 22:05:31 - [TEST_STEP][PASSED] - delay: Delayed 3 second(s)

2018-06-09 22:05:34 - [MESSAGE][PASSED] - Delayed 3 second(s)

2018-06-09 22:05:34 - [TEST_STEP][PASSED] - click: Object: 'Object Repository/HealthpostToStore/Page_CMO login/button_Sign in' is clicked on

2018-06-09 22:05:35 - [MESSAGE][PASSED] - Object: 'Object Repository/HealthpostToStore/Page_CMO login/button_Sign in' is clicked on

2018-06-09 22:05:35 - [TEST_STEP][PASSED] - click: Object: 'Object Repository/HealthpostToStore/Page_KDMC - CMO/a_Department Wise Request' is clicked on

2018-06-09 22:05:37 - [MESSAGE][PASSED] - Object: 'Object Repository/HealthpostToStore/Page_KDMC - CMO/a_Department Wise Request' is clicked on

2018-06-09 22:05:37 - [TEST_STEP][PASSED] - delay: Delayed 2 second(s)

2018-06-09 22:05:39 - [MESSAGE][PASSED] - Delayed 2 second(s)

2018-06-09 22:05:39 - [TEST_STEP][PASSED] - selectOptionByIndex: All options with index in [5] are selected on object 'Object Repository/HealthpostToStore/Page_KDMC - CMO/select_--ALL--'

2018-06-09 22:05:40 - [MESSAGE][PASSED] - All options with index in [5] are selected on object 'Object Repository/HealthpostToStore/Page_KDMC - CMO/select_--ALL--'

2018-06-09 22:05:40 - [TEST_STEP][PASSED] - click: Object: 'Object Repository/HealthpostToStore/Page_KDMC - CMO/input_btnsearch' is clicked on

2018-06-09 22:05:40 - [MESSAGE][PASSED] - Object: 'Object Repository/HealthpostToStore/Page_KDMC - CMO/input_btnsearch' is clicked on

2018-06-09 22:05:40 - [TEST_STEP][PASSED] - selectOptionByIndex: All options with index in [1] are selected on object 'Object Repository/HealthpostToStore/Page_KDMC - CMO/select_--ALL--                _1'

2018-06-09 22:05:40 - [MESSAGE][PASSED] - All options with index in [1] are selected on object 'Object Repository/HealthpostToStore/Page_KDMC - CMO/select_--ALL--                _1'

2018-06-09 22:05:40 - [TEST_STEP][PASSED] - click: Object: 'Object Repository/HealthpostToStore/Page_KDMC - CMO/input_btnsearch' is clicked on

2018-06-09 22:05:40 - [MESSAGE][PASSED] - Object: 'Object Repository/HealthpostToStore/Page_KDMC - CMO/input_btnsearch' is clicked on

2018-06-09 22:05:40 - [TEST_STEP][PASSED] - Statement - ID = com.kms.katalon.core.webui.keyword.WebUiBuiltInKeywords.modifyObjectProperty(com.kms.katalon.core.testobject.ObjectRepository.findTestObject(lab/Page_KDMC - CMO/input_1), "xpath", "equals", "//*[@id=" + RID + "]", true): Modify property of object successfully

2018-06-09 22:05:40 - [MESSAGE][PASSED] - Modify property of object successfully

2018-06-09 22:05:40 - [TEST_STEP][PASSED] - click: Object: 'Object Repository/lab/Page_KDMC - CMO/input_1' is clicked on

2018-06-09 22:05:41 - [MESSAGE][PASSED] - Object: 'Object Repository/lab/Page_KDMC - CMO/input_1' is clicked on

2018-06-09 22:05:41 - [TEST_STEP][PASSED] - delay: Delayed 2 second(s)

2018-06-09 22:05:43 - [MESSAGE][PASSED] - Delayed 2 second(s)

2018-06-09 22:05:43 - [TEST_STEP][PASSED] - selectOptionByIndex: All options with index in [1] are selected on object 'Object Repository/HealthpostToStore/Page_KDMC - CMO/select_--Select--'

2018-06-09 22:05:43 - [MESSAGE][PASSED] - All options with index in [1] are selected on object 'Object Repository/HealthpostToStore/Page_KDMC - CMO/select_--Select--'

2018-06-09 22:05:43 - [TEST_STEP][PASSED] - click: Object: 'Object Repository/HealthpostToStore/Page_KDMC - CMO/input_btnupdate' is clicked on

2018-06-09 22:05:43 - [MESSAGE][PASSED] - Object: 'Object Repository/HealthpostToStore/Page_KDMC - CMO/input_btnupdate' is clicked on

2018-06-09 22:05:43 - [TEST_STEP][PASSED] - delay: Delayed 2 second(s)

2018-06-09 22:05:45 - [MESSAGE][PASSED] - Delayed 2 second(s)

2018-06-09 22:05:45 - [TEST_STEP][PASSED] - click: Object: 'Object Repository/HealthpostToStore/Page_KDMC - CMO/button_OK' is clicked on

2018-06-09 22:05:45 - [MESSAGE][PASSED] - Object: 'Object Repository/HealthpostToStore/Page_KDMC - CMO/button_OK' is clicked on

2018-06-09 22:05:45 - [TEST_STEP][PASSED] - delay: Delayed 2 second(s)

2018-06-09 22:05:47 - [MESSAGE][PASSED] - Delayed 2 second(s)

2018-06-09 22:05:47 - [TEST_STEP][PASSED] - click: Object: 'Object Repository/HealthpostToStore/Page_KDMC - CMO/a_dropdown-toggle' is clicked on

2018-06-09 22:05:48 - [MESSAGE][PASSED] - Object: 'Object Repository/HealthpostToStore/Page_KDMC - CMO/a_dropdown-toggle' is clicked on

2018-06-09 22:05:48 - [TEST_STEP][PASSED] - click: Object: 'Object Repository/HealthpostToStore/Page_KDMC - CMO/a_Sign out' is clicked on

2018-06-09 22:05:48 - [MESSAGE][PASSED] - Object: 'Object Repository/HealthpostToStore/Page_KDMC - CMO/a_Sign out' is clicked on

2018-06-09 22:05:48 - [TEST_STEP][PASSED] - delay: Delayed 3 second(s)

2018-06-09 22:05:51 - [MESSAGE][PASSED] - Delayed 3 second(s)

2018-06-09 22:05:51 - [TEST_STEP][PASSED] - click: Object: 'Object Repository/HealthpostToStore/Page_KDMC/a_Divisional Store' is clicked on

2018-06-09 22:05:52 - [MESSAGE][PASSED] - Object: 'Object Repository/HealthpostToStore/Page_KDMC/a_Divisional Store' is clicked on

2018-06-09 22:05:52 - [TEST_STEP][PASSED] - setText: Text 'ragu' is set on object 'Object Repository/HealthpostToStore/Page_Divisonal Store Login/input_txtusername'

2018-06-09 22:05:52 - [MESSAGE][PASSED] - Text 'ragu' is set on object 'Object Repository/HealthpostToStore/Page_Divisonal Store Login/input_txtusername'

2018-06-09 22:05:52 - [TEST_STEP][PASSED] - setText: Text '123' is set on object 'Object Repository/HealthpostToStore/Page_Divisonal Store Login/input_txtpassword'

2018-06-09 22:05:52 - [MESSAGE][PASSED] - Text '123' is set on object 'Object Repository/HealthpostToStore/Page_Divisonal Store Login/input_txtpassword'

2018-06-09 22:05:52 - [TEST_STEP][PASSED] - delay: Delayed 3 second(s)

2018-06-09 22:05:55 - [MESSAGE][PASSED] - Delayed 3 second(s)

2018-06-09 22:05:55 - [TEST_STEP][PASSED] - click: Object: 'Object Repository/HealthpostToStore/Page_Divisonal Store Login/button_Sign in' is clicked on

2018-06-09 22:05:57 - [MESSAGE][PASSED] - Object: 'Object Repository/HealthpostToStore/Page_Divisonal Store Login/button_Sign in' is clicked on

2018-06-09 22:05:57 - [TEST_STEP][PASSED] - delay: Delayed 3 second(s)

2018-06-09 22:06:00 - [MESSAGE][PASSED] - Delayed 3 second(s)

2018-06-09 22:06:00 - [TEST_STEP][PASSED] - click: Object: 'Object Repository/HealthpostToStore/Page_Store/a_Health Post Request' is clicked on

2018-06-09 22:06:00 - [MESSAGE][PASSED] - Object: 'Object Repository/HealthpostToStore/Page_Store/a_Health Post Request' is clicked on

2018-06-09 22:06:00 - [TEST_STEP][PASSED] - click: Object: 'Object Repository/HealthpostToStore/Page_Store/a_Request Item HealthPost' is clicked on

2018-06-09 22:06:01 - [MESSAGE][PASSED] - Object: 'Object Repository/HealthpostToStore/Page_Store/a_Request Item HealthPost' is clicked on

2018-06-09 22:06:01 - [TEST_STEP][PASSED] - Statement - ChooseRequest = com.kms.katalon.core.webui.keyword.WebUiBuiltInKeywords.modifyObjectProperty(com.kms.katalon.core.testobject.ObjectRepository.findTestObject(lab/Page_Store/input_1), "xpath", "equals", "//*[@id=" + RID + "]", true): Modify property of object successfully

2018-06-09 22:06:01 - [MESSAGE][PASSED] - Modify property of object successfully

2018-06-09 22:06:01 - [TEST_STEP][PASSED] - click: Object: 'Object Repository/lab/Page_Store/input_1' is clicked on

2018-06-09 22:06:02 - [MESSAGE][PASSED] - Object: 'Object Repository/lab/Page_Store/input_1' is clicked on

2018-06-09 22:06:02 - [TEST_STEP][PASSED] - Statement - selectedoptions = com.kms.katalon.core.webui.keyword.WebUiBuiltInKeywords.getNumberOfTotalOption(com.kms.katalon.core.testobject.ObjectRepository.findTestObject(HealthpostToStore/Page_Store/select_--Select--Adernaline 0.)): 19 options of object 'Object Repository/HealthpostToStore/Page_Store/select_--Select--Adernaline 0.' counted

2018-06-09 22:06:02 - [MESSAGE][PASSED] - 19 options of object 'Object Repository/HealthpostToStore/Page_Store/select_--Select--Adernaline 0.' counted

2018-06-09 22:06:02 - [TEST_STEP][PASSED] - Statement - For ([a = 1, a <= selectedoptions - 1, (a++)]): null

2018-06-09 22:06:02 - [TEST_STEP][PASSED] - selectOptionByIndex: All options with index in [1] are selected on object 'Object Repository/HealthpostToStore/Page_Store/select_--Select--Adernaline 0.'

2018-06-09 22:06:02 - [MESSAGE][PASSED] - All options with index in [1] are selected on object 'Object Repository/HealthpostToStore/Page_Store/select_--Select--Adernaline 0.'

2018-06-09 22:06:02 - [TEST_STEP][PASSED] - delay: Delayed 2 second(s)

2018-06-09 22:06:04 - [MESSAGE][PASSED] - Delayed 2 second(s)

2018-06-09 22:06:04 - [TEST_STEP][PASSED] - Statement - RequestedQty = com.kms.katalon.core.webui.keyword.WebUiBuiltInKeywords.getAttribute(com.kms.katalon.core.testobject.ObjectRepository.findTestObject(HealthpostToStore/Page_Store/input_txttotal), "value"): Attribute 'value' of object 'Object Repository/HealthpostToStore/Page_Store/input_txttotal' is: '10'

2018-06-09 22:06:04 - [MESSAGE][PASSED] - Attribute 'value' of object 'Object Repository/HealthpostToStore/Page_Store/input_txttotal' is: '10'

2018-06-09 22:06:04 - [TEST_STEP][PASSED] - Statement - out.println("Requested QTY : " + RequestedQty): null

2018-06-09 22:06:04 - [TEST_STEP][PASSED] - Statement - BatchNumber = com.kms.katalon.core.webui.keyword.WebUiBuiltInKeywords.getNumberOfTotalOption(com.kms.katalon.core.testobject.ObjectRepository.findTestObject(HealthpostToStore/Page_Store/select_--Select--BA1170BA2376B)): 3 options of object 'Object Repository/HealthpostToStore/Page_Store/select_--Select--BA1170BA2376B' counted

2018-06-09 22:06:04 - [MESSAGE][PASSED] - 3 options of object 'Object Repository/HealthpostToStore/Page_Store/select_--Select--BA1170BA2376B' counted

2018-06-09 22:06:04 - [TEST_STEP][PASSED] - Statement - For ([g = 1, g <= BatchNumber - 1, (g++)]): null

2018-06-09 22:06:04 - [TEST_STEP][PASSED] - selectOptionByIndex: All options with index in [1] are selected on object 'Object Repository/HealthpostToStore/Page_Store/select_--Select--BA1170BA2376B'

2018-06-09 22:06:05 - [MESSAGE][PASSED] - All options with index in [1] are selected on object 'Object Repository/HealthpostToStore/Page_Store/select_--Select--BA1170BA2376B'

2018-06-09 22:06:05 - [TEST_STEP][PASSED] - Statement - Try: null

2018-06-09 22:06:05 - [TEST_STEP][PASSED] - Statement - StockQty = com.kms.katalon.core.webui.keyword.WebUiBuiltInKeywords.getAttribute(com.kms.katalon.core.testobject.ObjectRepository.findTestObject(HealthpostToStore/Page_Store/input_txtprice), "value"): Attribute 'value' of object 'Object Repository/HealthpostToStore/Page_Store/input_txtprice' is: '470'

2018-06-09 22:06:05 - [MESSAGE][PASSED] - Attribute 'value' of object 'Object Repository/HealthpostToStore/Page_Store/input_txtprice' is: '470'

2018-06-09 22:06:05 - [TEST_STEP][PASSED] - Statement - out.println("Stock QTY : " + StockQty): null

2018-06-09 22:06:05 - [TEST_STEP][PASSED] - delay: Delayed 2 second(s)

2018-06-09 22:06:07 - [MESSAGE][PASSED] - Delayed 2 second(s)

2018-06-09 22:06:07 - [TEST_STEP][PASSED] - Statement - If (java.lang.String.valueOf(StockQty) >= java.lang.String.valueOf(RequestedQty)): null

2018-06-09 22:06:07 - [TEST_STEP][PASSED] - setText: Text '10' is set on object 'Object Repository/HealthpostToStore/Page_Store/input_txtqty'

2018-06-09 22:06:07 - [MESSAGE][PASSED] - Text '10' is set on object 'Object Repository/HealthpostToStore/Page_Store/input_txtqty'

2018-06-09 22:06:07 - [TEST_STEP][PASSED] - click: Object: 'Object Repository/HealthpostToStore/Page_Store/button_Add' is clicked on

2018-06-09 22:06:07 - [MESSAGE][PASSED] - Object: 'Object Repository/HealthpostToStore/Page_Store/button_Add' is clicked on

2018-06-09 22:06:07 - [TEST_STEP][PASSED] - Statement - Break: null

2018-06-09 22:06:07 - [TEST_STEP][PASSED] - selectOptionByIndex: All options with index in [2] are selected on object 'Object Repository/HealthpostToStore/Page_Store/select_--Select--Adernaline 0.'

2018-06-09 22:06:07 - [MESSAGE][PASSED] - All options with index in [2] are selected on object 'Object Repository/HealthpostToStore/Page_Store/select_--Select--Adernaline 0.'

2018-06-09 22:06:07 - [TEST_STEP][PASSED] - delay: Delayed 2 second(s)

2018-06-09 22:06:09 - [MESSAGE][PASSED] - Delayed 2 second(s)

2018-06-09 22:06:09 - [TEST_STEP][PASSED] - Statement - RequestedQty = com.kms.katalon.core.webui.keyword.WebUiBuiltInKeywords.getAttribute(com.kms.katalon.core.testobject.ObjectRepository.findTestObject(HealthpostToStore/Page_Store/input_txttotal), "value"): Attribute 'value' of object 'Object Repository/HealthpostToStore/Page_Store/input_txttotal' is: '10'

2018-06-09 22:06:09 - [MESSAGE][PASSED] - Attribute 'value' of object 'Object Repository/HealthpostToStore/Page_Store/input_txttotal' is: '10'

2018-06-09 22:06:09 - [TEST_STEP][PASSED] - Statement - out.println("Requested QTY : " + RequestedQty): null

2018-06-09 22:06:09 - [TEST_STEP][PASSED] - Statement - BatchNumber = com.kms.katalon.core.webui.keyword.WebUiBuiltInKeywords.getNumberOfTotalOption(com.kms.katalon.core.testobject.ObjectRepository.findTestObject(HealthpostToStore/Page_Store/select_--Select--BA1170BA2376B)): 4 options of object 'Object Repository/HealthpostToStore/Page_Store/select_--Select--BA1170BA2376B' counted

2018-06-09 22:06:09 - [MESSAGE][PASSED] - 4 options of object 'Object Repository/HealthpostToStore/Page_Store/select_--Select--BA1170BA2376B' counted

2018-06-09 22:06:09 - [TEST_STEP][PASSED] - Statement - For ([g = 1, g <= BatchNumber - 1, (g++)]): null

2018-06-09 22:06:09 - [TEST_STEP][PASSED] - selectOptionByIndex: All options with index in [1] are selected on object 'Object Repository/HealthpostToStore/Page_Store/select_--Select--BA1170BA2376B'

2018-06-09 22:06:09 - [MESSAGE][PASSED] - All options with index in [1] are selected on object 'Object Repository/HealthpostToStore/Page_Store/select_--Select--BA1170BA2376B'

2018-06-09 22:06:09 - [TEST_STEP][PASSED] - Statement - Try: null

2018-06-09 22:06:09 - [TEST_STEP][PASSED] - Statement - StockQty = com.kms.katalon.core.webui.keyword.WebUiBuiltInKeywords.getAttribute(com.kms.katalon.core.testobject.ObjectRepository.findTestObject(HealthpostToStore/Page_Store/input_txtprice), "value"): Attribute 'value' of object 'Object Repository/HealthpostToStore/Page_Store/input_txtprice' is: '370'

2018-06-09 22:06:09 - [MESSAGE][PASSED] - Attribute 'value' of object 'Object Repository/HealthpostToStore/Page_Store/input_txtprice' is: '370'

2018-06-09 22:06:09 - [TEST_STEP][PASSED] - Statement - out.println("Stock QTY : " + StockQty): null

2018-06-09 22:06:09 - [TEST_STEP][PASSED] - delay: Delayed 2 second(s)

2018-06-09 22:06:11 - [MESSAGE][PASSED] - Delayed 2 second(s)

2018-06-09 22:06:11 - [TEST_STEP][PASSED] - Statement - If (java.lang.String.valueOf(StockQty) >= java.lang.String.valueOf(RequestedQty)): null

2018-06-09 22:06:11 - [TEST_STEP][PASSED] - setText: Text '10' is set on object 'Object Repository/HealthpostToStore/Page_Store/input_txtqty'

2018-06-09 22:06:11 - [MESSAGE][PASSED] - Text '10' is set on object 'Object Repository/HealthpostToStore/Page_Store/input_txtqty'

2018-06-09 22:06:11 - [TEST_STEP][PASSED] - click: Object: 'Object Repository/HealthpostToStore/Page_Store/button_Add' is clicked on

2018-06-09 22:06:11 - [MESSAGE][PASSED] - Object: 'Object Repository/HealthpostToStore/Page_Store/button_Add' is clicked on

2018-06-09 22:06:11 - [TEST_STEP][PASSED] - Statement - Break: null

2018-06-09 22:06:11 - [TEST_STEP][PASSED] - selectOptionByIndex: All options with index in [3] are selected on object 'Object Repository/HealthpostToStore/Page_Store/select_--Select--Adernaline 0.'

2018-06-09 22:06:12 - [MESSAGE][PASSED] - All options with index in [3] are selected on object 'Object Repository/HealthpostToStore/Page_Store/select_--Select--Adernaline 0.'

2018-06-09 22:06:12 - [TEST_STEP][PASSED] - delay: Delayed 2 second(s)

2018-06-09 22:06:14 - [MESSAGE][PASSED] - Delayed 2 second(s)

2018-06-09 22:06:14 - [TEST_STEP][PASSED] - Statement - RequestedQty = com.kms.katalon.core.webui.keyword.WebUiBuiltInKeywords.getAttribute(com.kms.katalon.core.testobject.ObjectRepository.findTestObject(HealthpostToStore/Page_Store/input_txttotal), "value"): Attribute 'value' of object 'Object Repository/HealthpostToStore/Page_Store/input_txttotal' is: '10'

2018-06-09 22:06:14 - [MESSAGE][PASSED] - Attribute 'value' of object 'Object Repository/HealthpostToStore/Page_Store/input_txttotal' is: '10'

2018-06-09 22:06:14 - [TEST_STEP][PASSED] - Statement - out.println("Requested QTY : " + RequestedQty): null

2018-06-09 22:06:14 - [TEST_STEP][PASSED] - Statement - BatchNumber = com.kms.katalon.core.webui.keyword.WebUiBuiltInKeywords.getNumberOfTotalOption(com.kms.katalon.core.testobject.ObjectRepository.findTestObject(HealthpostToStore/Page_Store/select_--Select--BA1170BA2376B)): 5 options of object 'Object Repository/HealthpostToStore/Page_Store/select_--Select--BA1170BA2376B' counted

2018-06-09 22:06:14 - [MESSAGE][PASSED] - 5 options of object 'Object Repository/HealthpostToStore/Page_Store/select_--Select--BA1170BA2376B' counted

2018-06-09 22:06:14 - [TEST_STEP][PASSED] - Statement - For ([g = 1, g <= BatchNumber - 1, (g++)]): null

2018-06-09 22:06:14 - [TEST_STEP][PASSED] - selectOptionByIndex: All options with index in [1] are selected on object 'Object Repository/HealthpostToStore/Page_Store/select_--Select--BA1170BA2376B'

2018-06-09 22:06:14 - [MESSAGE][PASSED] - All options with index in [1] are selected on object 'Object Repository/HealthpostToStore/Page_Store/select_--Select--BA1170BA2376B'

2018-06-09 22:06:14 - [TEST_STEP][PASSED] - Statement - Try: null

2018-06-09 22:06:14 - [TEST_STEP][PASSED] - Statement - StockQty = com.kms.katalon.core.webui.keyword.WebUiBuiltInKeywords.getAttribute(com.kms.katalon.core.testobject.ObjectRepository.findTestObject(HealthpostToStore/Page_Store/input_txtprice), "value"): Attribute 'value' of object 'Object Repository/HealthpostToStore/Page_Store/input_txtprice' is: '280'

2018-06-09 22:06:14 - [MESSAGE][PASSED] - Attribute 'value' of object 'Object Repository/HealthpostToStore/Page_Store/input_txtprice' is: '280'

2018-06-09 22:06:14 - [TEST_STEP][PASSED] - Statement - out.println("Stock QTY : " + StockQty): null

2018-06-09 22:06:14 - [TEST_STEP][PASSED] - delay: Delayed 2 second(s)

2018-06-09 22:06:16 - [MESSAGE][PASSED] - Delayed 2 second(s)

2018-06-09 22:06:16 - [TEST_STEP][PASSED] - Statement - If (java.lang.String.valueOf(StockQty) >= java.lang.String.valueOf(RequestedQty)): null

2018-06-09 22:06:16 - [TEST_STEP][PASSED] - setText: Text '10' is set on object 'Object Repository/HealthpostToStore/Page_Store/input_txtqty'

2018-06-09 22:06:16 - [MESSAGE][PASSED] - Text '10' is set on object 'Object Repository/HealthpostToStore/Page_Store/input_txtqty'

2018-06-09 22:06:16 - [TEST_STEP][PASSED] - click: Object: 'Object Repository/HealthpostToStore/Page_Store/button_Add' is clicked on

2018-06-09 22:06:16 - [MESSAGE][PASSED] - Object: 'Object Repository/HealthpostToStore/Page_Store/button_Add' is clicked on

2018-06-09 22:06:16 - [TEST_STEP][PASSED] - Statement - Break: null

2018-06-09 22:06:16 - [TEST_STEP][PASSED] - selectOptionByIndex: All options with index in [4] are selected on object 'Object Repository/HealthpostToStore/Page_Store/select_--Select--Adernaline 0.'

2018-06-09 22:06:16 - [MESSAGE][PASSED] - All options with index in [4] are selected on object 'Object Repository/HealthpostToStore/Page_Store/select_--Select--Adernaline 0.'

2018-06-09 22:06:16 - [TEST_STEP][PASSED] - delay: Delayed 2 second(s)

2018-06-09 22:06:18 - [MESSAGE][PASSED] - Delayed 2 second(s)

2018-06-09 22:06:18 - [TEST_STEP][PASSED] - Statement - RequestedQty = com.kms.katalon.core.webui.keyword.WebUiBuiltInKeywords.getAttribute(com.kms.katalon.core.testobject.ObjectRepository.findTestObject(HealthpostToStore/Page_Store/input_txttotal), "value"): Attribute 'value' of object 'Object Repository/HealthpostToStore/Page_Store/input_txttotal' is: '10'

2018-06-09 22:06:18 - [MESSAGE][PASSED] - Attribute 'value' of object 'Object Repository/HealthpostToStore/Page_Store/input_txttotal' is: '10'

2018-06-09 22:06:18 - [TEST_STEP][PASSED] - Statement - out.println("Requested QTY : " + RequestedQty): null

2018-06-09 22:06:18 - [TEST_STEP][PASSED] - Statement - BatchNumber = com.kms.katalon.core.webui.keyword.WebUiBuiltInKeywords.getNumberOfTotalOption(com.kms.katalon.core.testobject.ObjectRepository.findTestObject(HealthpostToStore/Page_Store/select_--Select--BA1170BA2376B)): 3 options of object 'Object Repository/HealthpostToStore/Page_Store/select_--Select--BA1170BA2376B' counted

2018-06-09 22:06:18 - [MESSAGE][PASSED] - 3 options of object 'Object Repository/HealthpostToStore/Page_Store/select_--Select--BA1170BA2376B' counted

2018-06-09 22:06:18 - [TEST_STEP][PASSED] - Statement - For ([g = 1, g <= BatchNumber - 1, (g++)]): null

2018-06-09 22:06:18 - [TEST_STEP][PASSED] - selectOptionByIndex: All options with index in [1] are selected on object 'Object Repository/HealthpostToStore/Page_Store/select_--Select--BA1170BA2376B'

2018-06-09 22:06:18 - [MESSAGE][PASSED] - All options with index in [1] are selected on object 'Object Repository/HealthpostToStore/Page_Store/select_--Select--BA1170BA2376B'

2018-06-09 22:06:18 - [TEST_STEP][PASSED] - Statement - Try: null

2018-06-09 22:06:18 - [TEST_STEP][PASSED] - Statement - StockQty = com.kms.katalon.core.webui.keyword.WebUiBuiltInKeywords.getAttribute(com.kms.katalon.core.testobject.ObjectRepository.findTestObject(HealthpostToStore/Page_Store/input_txtprice), "value"): Attribute 'value' of object 'Object Repository/HealthpostToStore/Page_Store/input_txtprice' is: '470'

2018-06-09 22:06:18 - [MESSAGE][PASSED] - Attribute 'value' of object 'Object Repository/HealthpostToStore/Page_Store/input_txtprice' is: '470'

2018-06-09 22:06:18 - [TEST_STEP][PASSED] - Statement - out.println("Stock QTY : " + StockQty): null

2018-06-09 22:06:18 - [TEST_STEP][PASSED] - delay: Delayed 2 second(s)

2018-06-09 22:06:20 - [MESSAGE][PASSED] - Delayed 2 second(s)

2018-06-09 22:06:20 - [TEST_STEP][PASSED] - Statement - If (java.lang.String.valueOf(StockQty) >= java.lang.String.valueOf(RequestedQty)): null

2018-06-09 22:06:20 - [TEST_STEP][PASSED] - setText: Text '10' is set on object 'Object Repository/HealthpostToStore/Page_Store/input_txtqty'

2018-06-09 22:06:20 - [MESSAGE][PASSED] - Text '10' is set on object 'Object Repository/HealthpostToStore/Page_Store/input_txtqty'

2018-06-09 22:06:20 - [TEST_STEP][PASSED] - click: Object: 'Object Repository/HealthpostToStore/Page_Store/button_Add' is clicked on

2018-06-09 22:06:20 - [MESSAGE][PASSED] - Object: 'Object Repository/HealthpostToStore/Page_Store/button_Add' is clicked on

2018-06-09 22:06:20 - [TEST_STEP][PASSED] - Statement - Break: null

2018-06-09 22:06:20 - [TEST_STEP][PASSED] - selectOptionByIndex: All options with index in [5] are selected on object 'Object Repository/HealthpostToStore/Page_Store/select_--Select--Adernaline 0.'

2018-06-09 22:06:21 - [MESSAGE][PASSED] - All options with index in [5] are selected on object 'Object Repository/HealthpostToStore/Page_Store/select_--Select--Adernaline 0.'

2018-06-09 22:06:21 - [TEST_STEP][PASSED] - delay: Delayed 2 second(s)

2018-06-09 22:06:23 - [MESSAGE][PASSED] - Delayed 2 second(s)

2018-06-09 22:06:23 - [TEST_STEP][PASSED] - Statement - RequestedQty = com.kms.katalon.core.webui.keyword.WebUiBuiltInKeywords.getAttribute(com.kms.katalon.core.testobject.ObjectRepository.findTestObject(HealthpostToStore/Page_Store/input_txttotal), "value"): Attribute 'value' of object 'Object Repository/HealthpostToStore/Page_Store/input_txttotal' is: '10'

2018-06-09 22:06:23 - [MESSAGE][PASSED] - Attribute 'value' of object 'Object Repository/HealthpostToStore/Page_Store/input_txttotal' is: '10'

2018-06-09 22:06:23 - [TEST_STEP][PASSED] - Statement - out.println("Requested QTY : " + RequestedQty): null

2018-06-09 22:06:23 - [TEST_STEP][PASSED] - Statement - BatchNumber = com.kms.katalon.core.webui.keyword.WebUiBuiltInKeywords.getNumberOfTotalOption(com.kms.katalon.core.testobject.ObjectRepository.findTestObject(HealthpostToStore/Page_Store/select_--Select--BA1170BA2376B)): 4 options of object 'Object Repository/HealthpostToStore/Page_Store/select_--Select--BA1170BA2376B' counted

2018-06-09 22:06:23 - [MESSAGE][PASSED] - 4 options of object 'Object Repository/HealthpostToStore/Page_Store/select_--Select--BA1170BA2376B' counted

2018-06-09 22:06:23 - [TEST_STEP][PASSED] - Statement - For ([g = 1, g <= BatchNumber - 1, (g++)]): null

2018-06-09 22:06:23 - [TEST_STEP][PASSED] - selectOptionByIndex: All options with index in [1] are selected on object 'Object Repository/HealthpostToStore/Page_Store/select_--Select--BA1170BA2376B'

2018-06-09 22:06:23 - [MESSAGE][PASSED] - All options with index in [1] are selected on object 'Object Repository/HealthpostToStore/Page_Store/select_--Select--BA1170BA2376B'

2018-06-09 22:06:23 - [TEST_STEP][PASSED] - Statement - Try: null

2018-06-09 22:06:23 - [TEST_STEP][PASSED] - Statement - StockQty = com.kms.katalon.core.webui.keyword.WebUiBuiltInKeywords.getAttribute(com.kms.katalon.core.testobject.ObjectRepository.findTestObject(HealthpostToStore/Page_Store/input_txtprice), "value"): Attribute 'value' of object 'Object Repository/HealthpostToStore/Page_Store/input_txtprice' is: '280'

2018-06-09 22:06:23 - [MESSAGE][PASSED] - Attribute 'value' of object 'Object Repository/HealthpostToStore/Page_Store/input_txtprice' is: '280'

2018-06-09 22:06:23 - [TEST_STEP][PASSED] - Statement - out.println("Stock QTY : " + StockQty): null

2018-06-09 22:06:23 - [TEST_STEP][PASSED] - delay: Delayed 2 second(s)

2018-06-09 22:06:25 - [MESSAGE][PASSED] - Delayed 2 second(s)

2018-06-09 22:06:25 - [TEST_STEP][PASSED] - Statement - If (java.lang.String.valueOf(StockQty) >= java.lang.String.valueOf(RequestedQty)): null

2018-06-09 22:06:25 - [TEST_STEP][PASSED] - setText: Text '10' is set on object 'Object Repository/HealthpostToStore/Page_Store/input_txtqty'

2018-06-09 22:06:25 - [MESSAGE][PASSED] - Text '10' is set on object 'Object Repository/HealthpostToStore/Page_Store/input_txtqty'

2018-06-09 22:06:25 - [TEST_STEP][PASSED] - click: Object: 'Object Repository/HealthpostToStore/Page_Store/button_Add' is clicked on

2018-06-09 22:06:25 - [MESSAGE][PASSED] - Object: 'Object Repository/HealthpostToStore/Page_Store/button_Add' is clicked on

2018-06-09 22:06:25 - [TEST_STEP][PASSED] - Statement - Break: null

2018-06-09 22:06:25 - [TEST_STEP][PASSED] - selectOptionByIndex: All options with index in [6] are selected on object 'Object Repository/HealthpostToStore/Page_Store/select_--Select--Adernaline 0.'

2018-06-09 22:06:25 - [MESSAGE][PASSED] - All options with index in [6] are selected on object 'Object Repository/HealthpostToStore/Page_Store/select_--Select--Adernaline 0.'

2018-06-09 22:06:25 - [TEST_STEP][PASSED] - delay: Delayed 2 second(s)

2018-06-09 22:06:27 - [MESSAGE][PASSED] - Delayed 2 second(s)

2018-06-09 22:06:27 - [TEST_STEP][PASSED] - Statement - RequestedQty = com.kms.katalon.core.webui.keyword.WebUiBuiltInKeywords.getAttribute(com.kms.katalon.core.testobject.ObjectRepository.findTestObject(HealthpostToStore/Page_Store/input_txttotal), "value"): Attribute 'value' of object 'Object Repository/HealthpostToStore/Page_Store/input_txttotal' is: '10'

2018-06-09 22:06:27 - [MESSAGE][PASSED] - Attribute 'value' of object 'Object Repository/HealthpostToStore/Page_Store/input_txttotal' is: '10'

2018-06-09 22:06:27 - [TEST_STEP][PASSED] - Statement - out.println("Requested QTY : " + RequestedQty): null

2018-06-09 22:06:27 - [TEST_STEP][PASSED] - Statement - BatchNumber = com.kms.katalon.core.webui.keyword.WebUiBuiltInKeywords.getNumberOfTotalOption(com.kms.katalon.core.testobject.ObjectRepository.findTestObject(HealthpostToStore/Page_Store/select_--Select--BA1170BA2376B)): 3 options of object 'Object Repository/HealthpostToStore/Page_Store/select_--Select--BA1170BA2376B' counted

2018-06-09 22:06:27 - [MESSAGE][PASSED] - 3 options of object 'Object Repository/HealthpostToStore/Page_Store/select_--Select--BA1170BA2376B' counted

2018-06-09 22:06:27 - [TEST_STEP][PASSED] - Statement - For ([g = 1, g <= BatchNumber - 1, (g++)]): null

2018-06-09 22:06:27 - [TEST_STEP][PASSED] - selectOptionByIndex: All options with index in [1] are selected on object 'Object Repository/HealthpostToStore/Page_Store/select_--Select--BA1170BA2376B'

2018-06-09 22:06:27 - [MESSAGE][PASSED] - All options with index in [1] are selected on object 'Object Repository/HealthpostToStore/Page_Store/select_--Select--BA1170BA2376B'

2018-06-09 22:06:27 - [TEST_STEP][PASSED] - Statement - Try: null

2018-06-09 22:06:27 - [TEST_STEP][PASSED] - Statement - StockQty = com.kms.katalon.core.webui.keyword.WebUiBuiltInKeywords.getAttribute(com.kms.katalon.core.testobject.ObjectRepository.findTestObject(HealthpostToStore/Page_Store/input_txtprice), "value"): Attribute 'value' of object 'Object Repository/HealthpostToStore/Page_Store/input_txtprice' is: ''

2018-06-09 22:06:27 - [MESSAGE][PASSED] - Attribute 'value' of object 'Object Repository/HealthpostToStore/Page_Store/input_txtprice' is: ''

2018-06-09 22:06:27 - [TEST_STEP][PASSED] - Statement - out.println("Stock QTY : " + StockQty): null

2018-06-09 22:06:27 - [TEST_STEP][PASSED] - delay: Delayed 2 second(s)

2018-06-09 22:06:29 - [MESSAGE][PASSED] - Delayed 2 second(s)

2018-06-09 22:06:29 - [TEST_STEP][PASSED] - Statement - If (java.lang.String.valueOf(StockQty) >= java.lang.String.valueOf(RequestedQty)): null

2018-06-09 22:06:29 - [TEST_STEP][PASSED] - Statement - Else: null

2018-06-09 22:06:29 - [TEST_STEP][PASSED] - Statement - out.println("Stock Is Less Than Requested Qty"): null

2018-06-09 22:06:29 - [TEST_STEP][PASSED] - selectOptionByIndex: All options with index in [2] are selected on object 'Object Repository/HealthpostToStore/Page_Store/select_--Select--BA1170BA2376B'

2018-06-09 22:06:30 - [MESSAGE][PASSED] - All options with index in [2] are selected on object 'Object Repository/HealthpostToStore/Page_Store/select_--Select--BA1170BA2376B'

2018-06-09 22:06:30 - [TEST_STEP][PASSED] - Statement - Try: null

2018-06-09 22:06:30 - [TEST_STEP][PASSED] - Statement - StockQty = com.kms.katalon.core.webui.keyword.WebUiBuiltInKeywords.getAttribute(com.kms.katalon.core.testobject.ObjectRepository.findTestObject(HealthpostToStore/Page_Store/input_txtprice), "value"): Attribute 'value' of object 'Object Repository/HealthpostToStore/Page_Store/input_txtprice' is: '100'

2018-06-09 22:06:30 - [MESSAGE][PASSED] - Attribute 'value' of object 'Object Repository/HealthpostToStore/Page_Store/input_txtprice' is: '100'

2018-06-09 22:06:30 - [TEST_STEP][PASSED] - Statement - out.println("Stock QTY : " + StockQty): null

2018-06-09 22:06:30 - [TEST_STEP][PASSED] - delay: Delayed 2 second(s)

2018-06-09 22:06:32 - [MESSAGE][PASSED] - Delayed 2 second(s)

2018-06-09 22:06:32 - [TEST_STEP][PASSED] - Statement - If (java.lang.String.valueOf(StockQty) >= java.lang.String.valueOf(RequestedQty)): null

2018-06-09 22:06:32 - [TEST_STEP][PASSED] - setText: Text '10' is set on object 'Object Repository/HealthpostToStore/Page_Store/input_txtqty'

2018-06-09 22:06:32 - [MESSAGE][PASSED] - Text '10' is set on object 'Object Repository/HealthpostToStore/Page_Store/input_txtqty'

2018-06-09 22:06:32 - [TEST_STEP][PASSED] - click: Object: 'Object Repository/HealthpostToStore/Page_Store/button_Add' is clicked on

2018-06-09 22:06:32 - [MESSAGE][PASSED] - Object: 'Object Repository/HealthpostToStore/Page_Store/button_Add' is clicked on

2018-06-09 22:06:32 - [TEST_STEP][PASSED] - Statement - Break: null

2018-06-09 22:06:32 - [TEST_STEP][PASSED] - selectOptionByIndex: All options with index in [7] are selected on object 'Object Repository/HealthpostToStore/Page_Store/select_--Select--Adernaline 0.'

2018-06-09 22:06:32 - [MESSAGE][PASSED] - All options with index in [7] are selected on object 'Object Repository/HealthpostToStore/Page_Store/select_--Select--Adernaline 0.'

2018-06-09 22:06:32 - [TEST_STEP][PASSED] - delay: Delayed 2 second(s)

2018-06-09 22:06:34 - [MESSAGE][PASSED] - Delayed 2 second(s)

2018-06-09 22:06:34 - [TEST_STEP][PASSED] - Statement - RequestedQty = com.kms.katalon.core.webui.keyword.WebUiBuiltInKeywords.getAttribute(com.kms.katalon.core.testobject.ObjectRepository.findTestObject(HealthpostToStore/Page_Store/input_txttotal), "value"): Attribute 'value' of object 'Object Repository/HealthpostToStore/Page_Store/input_txttotal' is: '10'

2018-06-09 22:06:34 - [MESSAGE][PASSED] - Attribute 'value' of object 'Object Repository/HealthpostToStore/Page_Store/input_txttotal' is: '10'

2018-06-09 22:06:34 - [TEST_STEP][PASSED] - Statement - out.println("Requested QTY : " + RequestedQty): null

2018-06-09 22:06:34 - [TEST_STEP][PASSED] - Statement - BatchNumber = com.kms.katalon.core.webui.keyword.WebUiBuiltInKeywords.getNumberOfTotalOption(com.kms.katalon.core.testobject.ObjectRepository.findTestObject(HealthpostToStore/Page_Store/select_--Select--BA1170BA2376B)): 3 options of object 'Object Repository/HealthpostToStore/Page_Store/select_--Select--BA1170BA2376B' counted

2018-06-09 22:06:34 - [MESSAGE][PASSED] - 3 options of object 'Object Repository/HealthpostToStore/Page_Store/select_--Select--BA1170BA2376B' counted

2018-06-09 22:06:34 - [TEST_STEP][PASSED] - Statement - For ([g = 1, g <= BatchNumber - 1, (g++)]): null

2018-06-09 22:06:34 - [TEST_STEP][PASSED] - selectOptionByIndex: All options with index in [1] are selected on object 'Object Repository/HealthpostToStore/Page_Store/select_--Select--BA1170BA2376B'

2018-06-09 22:06:34 - [MESSAGE][PASSED] - All options with index in [1] are selected on object 'Object Repository/HealthpostToStore/Page_Store/select_--Select--BA1170BA2376B'

2018-06-09 22:06:34 - [TEST_STEP][PASSED] - Statement - Try: null

2018-06-09 22:06:34 - [TEST_STEP][PASSED] - Statement - StockQty = com.kms.katalon.core.webui.keyword.WebUiBuiltInKeywords.getAttribute(com.kms.katalon.core.testobject.ObjectRepository.findTestObject(HealthpostToStore/Page_Store/input_txtprice), "value"): Attribute 'value' of object 'Object Repository/HealthpostToStore/Page_Store/input_txtprice' is: '376'

2018-06-09 22:06:34 - [MESSAGE][PASSED] - Attribute 'value' of object 'Object Repository/HealthpostToStore/Page_Store/input_txtprice' is: '376'

2018-06-09 22:06:34 - [TEST_STEP][PASSED] - Statement - out.println("Stock QTY : " + StockQty): null

2018-06-09 22:06:34 - [TEST_STEP][PASSED] - delay: Delayed 2 second(s)

2018-06-09 22:06:36 - [MESSAGE][PASSED] - Delayed 2 second(s)

2018-06-09 22:06:36 - [TEST_STEP][PASSED] - Statement - If (java.lang.String.valueOf(StockQty) >= java.lang.String.valueOf(RequestedQty)): null

2018-06-09 22:06:36 - [TEST_STEP][PASSED] - setText: Text '10' is set on object 'Object Repository/HealthpostToStore/Page_Store/input_txtqty'

2018-06-09 22:06:36 - [MESSAGE][PASSED] - Text '10' is set on object 'Object Repository/HealthpostToStore/Page_Store/input_txtqty'

2018-06-09 22:06:36 - [TEST_STEP][PASSED] - click: Object: 'Object Repository/HealthpostToStore/Page_Store/button_Add' is clicked on

2018-06-09 22:06:36 - [MESSAGE][PASSED] - Object: 'Object Repository/HealthpostToStore/Page_Store/button_Add' is clicked on

2018-06-09 22:06:36 - [TEST_STEP][PASSED] - Statement - Break: null

2018-06-09 22:06:36 - [TEST_STEP][PASSED] - selectOptionByIndex: All options with index in [8] are selected on object 'Object Repository/HealthpostToStore/Page_Store/select_--Select--Adernaline 0.'

2018-06-09 22:06:37 - [MESSAGE][PASSED] - All options with index in [8] are selected on object 'Object Repository/HealthpostToStore/Page_Store/select_--Select--Adernaline 0.'

2018-06-09 22:06:37 - [TEST_STEP][PASSED] - delay: Delayed 2 second(s)

2018-06-09 22:06:39 - [MESSAGE][PASSED] - Delayed 2 second(s)

2018-06-09 22:06:39 - [TEST_STEP][PASSED] - Statement - RequestedQty = com.kms.katalon.core.webui.keyword.WebUiBuiltInKeywords.getAttribute(com.kms.katalon.core.testobject.ObjectRepository.findTestObject(HealthpostToStore/Page_Store/input_txttotal), "value"): Attribute 'value' of object 'Object Repository/HealthpostToStore/Page_Store/input_txttotal' is: '10'

2018-06-09 22:06:39 - [MESSAGE][PASSED] - Attribute 'value' of object 'Object Repository/HealthpostToStore/Page_Store/input_txttotal' is: '10'

2018-06-09 22:06:39 - [TEST_STEP][PASSED] - Statement - out.println("Requested QTY : " + RequestedQty): null

2018-06-09 22:06:39 - [TEST_STEP][PASSED] - Statement - BatchNumber = com.kms.katalon.core.webui.keyword.WebUiBuiltInKeywords.getNumberOfTotalOption(com.kms.katalon.core.testobject.ObjectRepository.findTestObject(HealthpostToStore/Page_Store/select_--Select--BA1170BA2376B)): 3 options of object 'Object Repository/HealthpostToStore/Page_Store/select_--Select--BA1170BA2376B' counted

2018-06-09 22:06:39 - [MESSAGE][PASSED] - 3 options of object 'Object Repository/HealthpostToStore/Page_Store/select_--Select--BA1170BA2376B' counted

2018-06-09 22:06:39 - [TEST_STEP][PASSED] - Statement - For ([g = 1, g <= BatchNumber - 1, (g++)]): null

2018-06-09 22:06:39 - [TEST_STEP][PASSED] - selectOptionByIndex: All options with index in [1] are selected on object 'Object Repository/HealthpostToStore/Page_Store/select_--Select--BA1170BA2376B'

2018-06-09 22:06:39 - [MESSAGE][PASSED] - All options with index in [1] are selected on object 'Object Repository/HealthpostToStore/Page_Store/select_--Select--BA1170BA2376B'

2018-06-09 22:06:39 - [TEST_STEP][PASSED] - Statement - Try: null

2018-06-09 22:06:39 - [TEST_STEP][PASSED] - Statement - StockQty = com.kms.katalon.core.webui.keyword.WebUiBuiltInKeywords.getAttribute(com.kms.katalon.core.testobject.ObjectRepository.findTestObject(HealthpostToStore/Page_Store/input_txtprice), "value"): Attribute 'value' of object 'Object Repository/HealthpostToStore/Page_Store/input_txtprice' is: '490'

2018-06-09 22:06:39 - [MESSAGE][PASSED] - Attribute 'value' of object 'Object Repository/HealthpostToStore/Page_Store/input_txtprice' is: '490'

2018-06-09 22:06:39 - [TEST_STEP][PASSED] - Statement - out.println("Stock QTY : " + StockQty): null

2018-06-09 22:06:39 - [TEST_STEP][PASSED] - delay: Delayed 2 second(s)

2018-06-09 22:06:41 - [MESSAGE][PASSED] - Delayed 2 second(s)

2018-06-09 22:06:41 - [TEST_STEP][PASSED] - Statement - If (java.lang.String.valueOf(StockQty) >= java.lang.String.valueOf(RequestedQty)): null

2018-06-09 22:06:41 - [TEST_STEP][PASSED] - setText: Text '10' is set on object 'Object Repository/HealthpostToStore/Page_Store/input_txtqty'

2018-06-09 22:06:41 - [MESSAGE][PASSED] - Text '10' is set on object 'Object Repository/HealthpostToStore/Page_Store/input_txtqty'

2018-06-09 22:06:41 - [TEST_STEP][PASSED] - click: Object: 'Object Repository/HealthpostToStore/Page_Store/button_Add' is clicked on

2018-06-09 22:06:41 - [MESSAGE][PASSED] - Object: 'Object Repository/HealthpostToStore/Page_Store/button_Add' is clicked on

2018-06-09 22:06:41 - [TEST_STEP][PASSED] - Statement - Break: null

2018-06-09 22:06:41 - [TEST_STEP][PASSED] - selectOptionByIndex: All options with index in [9] are selected on object 'Object Repository/HealthpostToStore/Page_Store/select_--Select--Adernaline 0.'

2018-06-09 22:06:41 - [MESSAGE][PASSED] - All options with index in [9] are selected on object 'Object Repository/HealthpostToStore/Page_Store/select_--Select--Adernaline 0.'

2018-06-09 22:06:41 - [TEST_STEP][PASSED] - delay: Delayed 2 second(s)

2018-06-09 22:06:43 - [MESSAGE][PASSED] - Delayed 2 second(s)

2018-06-09 22:06:43 - [TEST_STEP][PASSED] - Statement - RequestedQty = com.kms.katalon.core.webui.keyword.WebUiBuiltInKeywords.getAttribute(com.kms.katalon.core.testobject.ObjectRepository.findTestObject(HealthpostToStore/Page_Store/input_txttotal), "value"): Attribute 'value' of object 'Object Repository/HealthpostToStore/Page_Store/input_txttotal' is: '10'

2018-06-09 22:06:43 - [MESSAGE][PASSED] - Attribute 'value' of object 'Object Repository/HealthpostToStore/Page_Store/input_txttotal' is: '10'

2018-06-09 22:06:43 - [TEST_STEP][PASSED] - Statement - out.println("Requested QTY : " + RequestedQty): null

2018-06-09 22:06:43 - [TEST_STEP][PASSED] - Statement - BatchNumber = com.kms.katalon.core.webui.keyword.WebUiBuiltInKeywords.getNumberOfTotalOption(com.kms.katalon.core.testobject.ObjectRepository.findTestObject(HealthpostToStore/Page_Store/select_--Select--BA1170BA2376B)): 4 options of object 'Object Repository/HealthpostToStore/Page_Store/select_--Select--BA1170BA2376B' counted

2018-06-09 22:06:43 - [MESSAGE][PASSED] - 4 options of object 'Object Repository/HealthpostToStore/Page_Store/select_--Select--BA1170BA2376B' counted

2018-06-09 22:06:43 - [TEST_STEP][PASSED] - Statement - For ([g = 1, g <= BatchNumber - 1, (g++)]): null

2018-06-09 22:06:43 - [TEST_STEP][PASSED] - selectOptionByIndex: All options with index in [1] are selected on object 'Object Repository/HealthpostToStore/Page_Store/select_--Select--BA1170BA2376B'

2018-06-09 22:06:43 - [MESSAGE][PASSED] - All options with index in [1] are selected on object 'Object Repository/HealthpostToStore/Page_Store/select_--Select--BA1170BA2376B'

2018-06-09 22:06:43 - [TEST_STEP][PASSED] - Statement - Try: null

2018-06-09 22:06:43 - [TEST_STEP][PASSED] - Statement - StockQty = com.kms.katalon.core.webui.keyword.WebUiBuiltInKeywords.getAttribute(com.kms.katalon.core.testobject.ObjectRepository.findTestObject(HealthpostToStore/Page_Store/input_txtprice), "value"): Attribute 'value' of object 'Object Repository/HealthpostToStore/Page_Store/input_txtprice' is: '296'

2018-06-09 22:06:43 - [MESSAGE][PASSED] - Attribute 'value' of object 'Object Repository/HealthpostToStore/Page_Store/input_txtprice' is: '296'

2018-06-09 22:06:43 - [TEST_STEP][PASSED] - Statement - out.println("Stock QTY : " + StockQty): null

2018-06-09 22:06:43 - [TEST_STEP][PASSED] - delay: Delayed 2 second(s)

2018-06-09 22:06:45 - [MESSAGE][PASSED] - Delayed 2 second(s)

2018-06-09 22:06:45 - [TEST_STEP][PASSED] - Statement - If (java.lang.String.valueOf(StockQty) >= java.lang.String.valueOf(RequestedQty)): null

2018-06-09 22:06:45 - [TEST_STEP][PASSED] - setText: Text '10' is set on object 'Object Repository/HealthpostToStore/Page_Store/input_txtqty'

2018-06-09 22:06:45 - [MESSAGE][PASSED] - Text '10' is set on object 'Object Repository/HealthpostToStore/Page_Store/input_txtqty'

2018-06-09 22:06:45 - [TEST_STEP][PASSED] - click: Object: 'Object Repository/HealthpostToStore/Page_Store/button_Add' is clicked on

2018-06-09 22:06:45 - [MESSAGE][PASSED] - Object: 'Object Repository/HealthpostToStore/Page_Store/button_Add' is clicked on

2018-06-09 22:06:45 - [TEST_STEP][PASSED] - Statement - Break: null

2018-06-09 22:06:45 - [TEST_STEP][PASSED] - selectOptionByIndex: All options with index in [10] are selected on object 'Object Repository/HealthpostToStore/Page_Store/select_--Select--Adernaline 0.'

2018-06-09 22:06:46 - [MESSAGE][PASSED] - All options with index in [10] are selected on object 'Object Repository/HealthpostToStore/Page_Store/select_--Select--Adernaline 0.'

2018-06-09 22:06:46 - [TEST_STEP][PASSED] - delay: Delayed 2 second(s)

2018-06-09 22:06:48 - [MESSAGE][PASSED] - Delayed 2 second(s)

2018-06-09 22:06:48 - [TEST_STEP][PASSED] - Statement - RequestedQty = com.kms.katalon.core.webui.keyword.WebUiBuiltInKeywords.getAttribute(com.kms.katalon.core.testobject.ObjectRepository.findTestObject(HealthpostToStore/Page_Store/input_txttotal), "value"): Attribute 'value' of object 'Object Repository/HealthpostToStore/Page_Store/input_txttotal' is: '10'

2018-06-09 22:06:48 - [MESSAGE][PASSED] - Attribute 'value' of object 'Object Repository/HealthpostToStore/Page_Store/input_txttotal' is: '10'

2018-06-09 22:06:48 - [TEST_STEP][PASSED] - Statement - out.println("Requested QTY : " + RequestedQty): null

2018-06-09 22:06:48 - [TEST_STEP][PASSED] - Statement - BatchNumber = com.kms.katalon.core.webui.keyword.WebUiBuiltInKeywords.getNumberOfTotalOption(com.kms.katalon.core.testobject.ObjectRepository.findTestObject(HealthpostToStore/Page_Store/select_--Select--BA1170BA2376B)): 4 options of object 'Object Repository/HealthpostToStore/Page_Store/select_--Select--BA1170BA2376B' counted

2018-06-09 22:06:48 - [MESSAGE][PASSED] - 4 options of object 'Object Repository/HealthpostToStore/Page_Store/select_--Select--BA1170BA2376B' counted

2018-06-09 22:06:48 - [TEST_STEP][PASSED] - Statement - For ([g = 1, g <= BatchNumber - 1, (g++)]): null

2018-06-09 22:06:48 - [TEST_STEP][PASSED] - selectOptionByIndex: All options with index in [1] are selected on object 'Object Repository/HealthpostToStore/Page_Store/select_--Select--BA1170BA2376B'

2018-06-09 22:06:48 - [MESSAGE][PASSED] - All options with index in [1] are selected on object 'Object Repository/HealthpostToStore/Page_Store/select_--Select--BA1170BA2376B'

2018-06-09 22:06:48 - [TEST_STEP][PASSED] - Statement - Try: null

2018-06-09 22:06:48 - [TEST_STEP][PASSED] - Statement - StockQty = com.kms.katalon.core.webui.keyword.WebUiBuiltInKeywords.getAttribute(com.kms.katalon.core.testobject.ObjectRepository.findTestObject(HealthpostToStore/Page_Store/input_txtprice), "value"): Attribute 'value' of object 'Object Repository/HealthpostToStore/Page_Store/input_txtprice' is: '190'

2018-06-09 22:06:48 - [MESSAGE][PASSED] - Attribute 'value' of object 'Object Repository/HealthpostToStore/Page_Store/input_txtprice' is: '190'

2018-06-09 22:06:48 - [TEST_STEP][PASSED] - Statement - out.println("Stock QTY : " + StockQty): null

2018-06-09 22:06:48 - [TEST_STEP][PASSED] - delay: Delayed 2 second(s)

2018-06-09 22:06:50 - [MESSAGE][PASSED] - Delayed 2 second(s)

2018-06-09 22:06:50 - [TEST_STEP][PASSED] - Statement - If (java.lang.String.valueOf(StockQty) >= java.lang.String.valueOf(RequestedQty)): null

2018-06-09 22:06:50 - [TEST_STEP][PASSED] - setText: Text '10' is set on object 'Object Repository/HealthpostToStore/Page_Store/input_txtqty'

2018-06-09 22:06:50 - [MESSAGE][PASSED] - Text '10' is set on object 'Object Repository/HealthpostToStore/Page_Store/input_txtqty'

2018-06-09 22:06:50 - [TEST_STEP][PASSED] - click: Object: 'Object Repository/HealthpostToStore/Page_Store/button_Add' is clicked on

2018-06-09 22:06:50 - [MESSAGE][PASSED] - Object: 'Object Repository/HealthpostToStore/Page_Store/button_Add' is clicked on

2018-06-09 22:06:50 - [TEST_STEP][PASSED] - Statement - Break: null

2018-06-09 22:06:50 - [TEST_STEP][PASSED] - selectOptionByIndex: All options with index in [11] are selected on object 'Object Repository/HealthpostToStore/Page_Store/select_--Select--Adernaline 0.'

2018-06-09 22:06:50 - [MESSAGE][PASSED] - All options with index in [11] are selected on object 'Object Repository/HealthpostToStore/Page_Store/select_--Select--Adernaline 0.'

2018-06-09 22:06:50 - [TEST_STEP][PASSED] - delay: Delayed 2 second(s)

2018-06-09 22:06:52 - [MESSAGE][PASSED] - Delayed 2 second(s)

2018-06-09 22:06:52 - [TEST_STEP][PASSED] - Statement - RequestedQty = com.kms.katalon.core.webui.keyword.WebUiBuiltInKeywords.getAttribute(com.kms.katalon.core.testobject.ObjectRepository.findTestObject(HealthpostToStore/Page_Store/input_txttotal), "value"): Attribute 'value' of object 'Object Repository/HealthpostToStore/Page_Store/input_txttotal' is: '10'

2018-06-09 22:06:52 - [MESSAGE][PASSED] - Attribute 'value' of object 'Object Repository/HealthpostToStore/Page_Store/input_txttotal' is: '10'

2018-06-09 22:06:52 - [TEST_STEP][PASSED] - Statement - out.println("Requested QTY : " + RequestedQty): null

2018-06-09 22:06:52 - [TEST_STEP][PASSED] - Statement - BatchNumber = com.kms.katalon.core.webui.keyword.WebUiBuiltInKeywords.getNumberOfTotalOption(com.kms.katalon.core.testobject.ObjectRepository.findTestObject(HealthpostToStore/Page_Store/select_--Select--BA1170BA2376B)): 4 options of object 'Object Repository/HealthpostToStore/Page_Store/select_--Select--BA1170BA2376B' counted

2018-06-09 22:06:52 - [MESSAGE][PASSED] - 4 options of object 'Object Repository/HealthpostToStore/Page_Store/select_--Select--BA1170BA2376B' counted

2018-06-09 22:06:52 - [TEST_STEP][PASSED] - Statement - For ([g = 1, g <= BatchNumber - 1, (g++)]): null

2018-06-09 22:06:52 - [TEST_STEP][PASSED] - selectOptionByIndex: All options with index in [1] are selected on object 'Object Repository/HealthpostToStore/Page_Store/select_--Select--BA1170BA2376B'

2018-06-09 22:06:52 - [MESSAGE][PASSED] - All options with index in [1] are selected on object 'Object Repository/HealthpostToStore/Page_Store/select_--Select--BA1170BA2376B'

2018-06-09 22:06:52 - [TEST_STEP][PASSED] - Statement - Try: null

2018-06-09 22:06:52 - [TEST_STEP][PASSED] - Statement - StockQty = com.kms.katalon.core.webui.keyword.WebUiBuiltInKeywords.getAttribute(com.kms.katalon.core.testobject.ObjectRepository.findTestObject(HealthpostToStore/Page_Store/input_txtprice), "value"): Attribute 'value' of object 'Object Repository/HealthpostToStore/Page_Store/input_txtprice' is: '284'

2018-06-09 22:06:52 - [MESSAGE][PASSED] - Attribute 'value' of object 'Object Repository/HealthpostToStore/Page_Store/input_txtprice' is: '284'

2018-06-09 22:06:52 - [TEST_STEP][PASSED] - Statement - out.println("Stock QTY : " + StockQty): null

2018-06-09 22:06:52 - [TEST_STEP][PASSED] - delay: Delayed 2 second(s)

2018-06-09 22:06:54 - [MESSAGE][PASSED] - Delayed 2 second(s)

2018-06-09 22:06:54 - [TEST_STEP][PASSED] - Statement - If (java.lang.String.valueOf(StockQty) >= java.lang.String.valueOf(RequestedQty)): null

2018-06-09 22:06:54 - [TEST_STEP][PASSED] - setText: Text '10' is set on object 'Object Repository/HealthpostToStore/Page_Store/input_txtqty'

2018-06-09 22:06:55 - [MESSAGE][PASSED] - Text '10' is set on object 'Object Repository/HealthpostToStore/Page_Store/input_txtqty'

2018-06-09 22:06:55 - [TEST_STEP][PASSED] - click: Object: 'Object Repository/HealthpostToStore/Page_Store/button_Add' is clicked on

2018-06-09 22:06:55 - [MESSAGE][PASSED] - Object: 'Object Repository/HealthpostToStore/Page_Store/button_Add' is clicked on

2018-06-09 22:06:55 - [TEST_STEP][PASSED] - Statement - Break: null

2018-06-09 22:06:55 - [TEST_STEP][PASSED] - selectOptionByIndex: All options with index in [12] are selected on object 'Object Repository/HealthpostToStore/Page_Store/select_--Select--Adernaline 0.'

2018-06-09 22:06:55 - [MESSAGE][PASSED] - All options with index in [12] are selected on object 'Object Repository/HealthpostToStore/Page_Store/select_--Select--Adernaline 0.'

2018-06-09 22:06:55 - [TEST_STEP][PASSED] - delay: Delayed 2 second(s)

2018-06-09 22:06:57 - [MESSAGE][PASSED] - Delayed 2 second(s)

2018-06-09 22:06:57 - [TEST_STEP][PASSED] - Statement - RequestedQty = com.kms.katalon.core.webui.keyword.WebUiBuiltInKeywords.getAttribute(com.kms.katalon.core.testobject.ObjectRepository.findTestObject(HealthpostToStore/Page_Store/input_txttotal), "value"): Attribute 'value' of object 'Object Repository/HealthpostToStore/Page_Store/input_txttotal' is: '10'

2018-06-09 22:06:57 - [MESSAGE][PASSED] - Attribute 'value' of object 'Object Repository/HealthpostToStore/Page_Store/input_txttotal' is: '10'

2018-06-09 22:06:57 - [TEST_STEP][PASSED] - Statement - out.println("Requested QTY : " + RequestedQty): null

2018-06-09 22:06:57 - [TEST_STEP][PASSED] - Statement - BatchNumber = com.kms.katalon.core.webui.keyword.WebUiBuiltInKeywords.getNumberOfTotalOption(com.kms.katalon.core.testobject.ObjectRepository.findTestObject(HealthpostToStore/Page_Store/select_--Select--BA1170BA2376B)): 5 options of object 'Object Repository/HealthpostToStore/Page_Store/select_--Select--BA1170BA2376B' counted

2018-06-09 22:06:57 - [MESSAGE][PASSED] - 5 options of object 'Object Repository/HealthpostToStore/Page_Store/select_--Select--BA1170BA2376B' counted

2018-06-09 22:06:57 - [TEST_STEP][PASSED] - Statement - For ([g = 1, g <= BatchNumber - 1, (g++)]): null

2018-06-09 22:06:57 - [TEST_STEP][PASSED] - selectOptionByIndex: All options with index in [1] are selected on object 'Object Repository/HealthpostToStore/Page_Store/select_--Select--BA1170BA2376B'

2018-06-09 22:06:57 - [MESSAGE][PASSED] - All options with index in [1] are selected on object 'Object Repository/HealthpostToStore/Page_Store/select_--Select--BA1170BA2376B'

2018-06-09 22:06:57 - [TEST_STEP][PASSED] - Statement - Try: null

2018-06-09 22:06:57 - [TEST_STEP][PASSED] - Statement - StockQty = com.kms.katalon.core.webui.keyword.WebUiBuiltInKeywords.getAttribute(com.kms.katalon.core.testobject.ObjectRepository.findTestObject(HealthpostToStore/Page_Store/input_txtprice), "value"): Attribute 'value' of object 'Object Repository/HealthpostToStore/Page_Store/input_txtprice' is: '280'

2018-06-09 22:06:57 - [MESSAGE][PASSED] - Attribute 'value' of object 'Object Repository/HealthpostToStore/Page_Store/input_txtprice' is: '280'

2018-06-09 22:06:57 - [TEST_STEP][PASSED] - Statement - out.println("Stock QTY : " + StockQty): null

2018-06-09 22:06:57 - [TEST_STEP][PASSED] - delay: Delayed 2 second(s)

2018-06-09 22:06:59 - [MESSAGE][PASSED] - Delayed 2 second(s)

2018-06-09 22:06:59 - [TEST_STEP][PASSED] - Statement - If (java.lang.String.valueOf(StockQty) >= java.lang.String.valueOf(RequestedQty)): null

2018-06-09 22:06:59 - [TEST_STEP][PASSED] - setText: Text '10' is set on object 'Object Repository/HealthpostToStore/Page_Store/input_txtqty'

2018-06-09 22:06:59 - [MESSAGE][PASSED] - Text '10' is set on object 'Object Repository/HealthpostToStore/Page_Store/input_txtqty'

2018-06-09 22:06:59 - [TEST_STEP][PASSED] - click: Object: 'Object Repository/HealthpostToStore/Page_Store/button_Add' is clicked on

2018-06-09 22:06:59 - [MESSAGE][PASSED] - Object: 'Object Repository/HealthpostToStore/Page_Store/button_Add' is clicked on

2018-06-09 22:06:59 - [TEST_STEP][PASSED] - Statement - Break: null

2018-06-09 22:06:59 - [TEST_STEP][PASSED] - selectOptionByIndex: All options with index in [13] are selected on object 'Object Repository/HealthpostToStore/Page_Store/select_--Select--Adernaline 0.'

2018-06-09 22:07:00 - [MESSAGE][PASSED] - All options with index in [13] are selected on object 'Object Repository/HealthpostToStore/Page_Store/select_--Select--Adernaline 0.'

2018-06-09 22:07:00 - [TEST_STEP][PASSED] - delay: Delayed 2 second(s)

2018-06-09 22:07:02 - [MESSAGE][PASSED] - Delayed 2 second(s)

2018-06-09 22:07:02 - [TEST_STEP][PASSED] - Statement - RequestedQty = com.kms.katalon.core.webui.keyword.WebUiBuiltInKeywords.getAttribute(com.kms.katalon.core.testobject.ObjectRepository.findTestObject(HealthpostToStore/Page_Store/input_txttotal), "value"): Attribute 'value' of object 'Object Repository/HealthpostToStore/Page_Store/input_txttotal' is: '10'

2018-06-09 22:07:02 - [MESSAGE][PASSED] - Attribute 'value' of object 'Object Repository/HealthpostToStore/Page_Store/input_txttotal' is: '10'

2018-06-09 22:07:02 - [TEST_STEP][PASSED] - Statement - out.println("Requested QTY : " + RequestedQty): null

2018-06-09 22:07:02 - [TEST_STEP][PASSED] - Statement - BatchNumber = com.kms.katalon.core.webui.keyword.WebUiBuiltInKeywords.getNumberOfTotalOption(com.kms.katalon.core.testobject.ObjectRepository.findTestObject(HealthpostToStore/Page_Store/select_--Select--BA1170BA2376B)): 3 options of object 'Object Repository/HealthpostToStore/Page_Store/select_--Select--BA1170BA2376B' counted

2018-06-09 22:07:02 - [MESSAGE][PASSED] - 3 options of object 'Object Repository/HealthpostToStore/Page_Store/select_--Select--BA1170BA2376B' counted

2018-06-09 22:07:02 - [TEST_STEP][PASSED] - Statement - For ([g = 1, g <= BatchNumber - 1, (g++)]): null

2018-06-09 22:07:02 - [TEST_STEP][PASSED] - selectOptionByIndex: All options with index in [1] are selected on object 'Object Repository/HealthpostToStore/Page_Store/select_--Select--BA1170BA2376B'

2018-06-09 22:07:02 - [MESSAGE][PASSED] - All options with index in [1] are selected on object 'Object Repository/HealthpostToStore/Page_Store/select_--Select--BA1170BA2376B'

2018-06-09 22:07:02 - [TEST_STEP][PASSED] - Statement - Try: null

2018-06-09 22:07:02 - [TEST_STEP][PASSED] - Statement - StockQty = com.kms.katalon.core.webui.keyword.WebUiBuiltInKeywords.getAttribute(com.kms.katalon.core.testobject.ObjectRepository.findTestObject(HealthpostToStore/Page_Store/input_txtprice), "value"): Attribute 'value' of object 'Object Repository/HealthpostToStore/Page_Store/input_txtprice' is: '1340'

2018-06-09 22:07:02 - [MESSAGE][PASSED] - Attribute 'value' of object 'Object Repository/HealthpostToStore/Page_Store/input_txtprice' is: '1340'

2018-06-09 22:07:02 - [TEST_STEP][PASSED] - Statement - out.println("Stock QTY : " + StockQty): null

2018-06-09 22:07:02 - [TEST_STEP][PASSED] - delay: Delayed 2 second(s)

2018-06-09 22:07:04 - [MESSAGE][PASSED] - Delayed 2 second(s)

2018-06-09 22:07:04 - [TEST_STEP][PASSED] - Statement - If (java.lang.String.valueOf(StockQty) >= java.lang.String.valueOf(RequestedQty)): null

2018-06-09 22:07:04 - [TEST_STEP][PASSED] - setText: Text '10' is set on object 'Object Repository/HealthpostToStore/Page_Store/input_txtqty'

2018-06-09 22:07:04 - [MESSAGE][PASSED] - Text '10' is set on object 'Object Repository/HealthpostToStore/Page_Store/input_txtqty'

2018-06-09 22:07:04 - [TEST_STEP][PASSED] - click: Object: 'Object Repository/HealthpostToStore/Page_Store/button_Add' is clicked on

2018-06-09 22:07:04 - [MESSAGE][PASSED] - Object: 'Object Repository/HealthpostToStore/Page_Store/button_Add' is clicked on

2018-06-09 22:07:04 - [TEST_STEP][PASSED] - Statement - Break: null

2018-06-09 22:07:04 - [TEST_STEP][PASSED] - selectOptionByIndex: All options with index in [14] are selected on object 'Object Repository/HealthpostToStore/Page_Store/select_--Select--Adernaline 0.'

2018-06-09 22:07:04 - [MESSAGE][PASSED] - All options with index in [14] are selected on object 'Object Repository/HealthpostToStore/Page_Store/select_--Select--Adernaline 0.'

2018-06-09 22:07:04 - [TEST_STEP][PASSED] - delay: Delayed 2 second(s)

2018-06-09 22:07:06 - [MESSAGE][PASSED] - Delayed 2 second(s)

2018-06-09 22:07:06 - [TEST_STEP][PASSED] - Statement - RequestedQty = com.kms.katalon.core.webui.keyword.WebUiBuiltInKeywords.getAttribute(com.kms.katalon.core.testobject.ObjectRepository.findTestObject(HealthpostToStore/Page_Store/input_txttotal), "value"): Attribute 'value' of object 'Object Repository/HealthpostToStore/Page_Store/input_txttotal' is: '10'

2018-06-09 22:07:06 - [MESSAGE][PASSED] - Attribute 'value' of object 'Object Repository/HealthpostToStore/Page_Store/input_txttotal' is: '10'

2018-06-09 22:07:06 - [TEST_STEP][PASSED] - Statement - out.println("Requested QTY : " + RequestedQty): null

2018-06-09 22:07:06 - [TEST_STEP][PASSED] - Statement - BatchNumber = com.kms.katalon.core.webui.keyword.WebUiBuiltInKeywords.getNumberOfTotalOption(com.kms.katalon.core.testobject.ObjectRepository.findTestObject(HealthpostToStore/Page_Store/select_--Select--BA1170BA2376B)): 5 options of object 'Object Repository/HealthpostToStore/Page_Store/select_--Select--BA1170BA2376B' counted

2018-06-09 22:07:06 - [MESSAGE][PASSED] - 5 options of object 'Object Repository/HealthpostToStore/Page_Store/select_--Select--BA1170BA2376B' counted

2018-06-09 22:07:06 - [TEST_STEP][PASSED] - Statement - For ([g = 1, g <= BatchNumber - 1, (g++)]): null

2018-06-09 22:07:06 - [TEST_STEP][PASSED] - selectOptionByIndex: All options with index in [1] are selected on object 'Object Repository/HealthpostToStore/Page_Store/select_--Select--BA1170BA2376B'

2018-06-09 22:07:06 - [MESSAGE][PASSED] - All options with index in [1] are selected on object 'Object Repository/HealthpostToStore/Page_Store/select_--Select--BA1170BA2376B'

2018-06-09 22:07:06 - [TEST_STEP][PASSED] - Statement - Try: null

2018-06-09 22:07:06 - [TEST_STEP][PASSED] - Statement - StockQty = com.kms.katalon.core.webui.keyword.WebUiBuiltInKeywords.getAttribute(com.kms.katalon.core.testobject.ObjectRepository.findTestObject(HealthpostToStore/Page_Store/input_txtprice), "value"): Attribute 'value' of object 'Object Repository/HealthpostToStore/Page_Store/input_txtprice' is: '280'

2018-06-09 22:07:06 - [MESSAGE][PASSED] - Attribute 'value' of object 'Object Repository/HealthpostToStore/Page_Store/input_txtprice' is: '280'

2018-06-09 22:07:06 - [TEST_STEP][PASSED] - Statement - out.println("Stock QTY : " + StockQty): null

2018-06-09 22:07:06 - [TEST_STEP][PASSED] - delay: Delayed 2 second(s)

2018-06-09 22:07:08 - [MESSAGE][PASSED] - Delayed 2 second(s)

2018-06-09 22:07:08 - [TEST_STEP][PASSED] - Statement - If (java.lang.String.valueOf(StockQty) >= java.lang.String.valueOf(RequestedQty)): null

2018-06-09 22:07:08 - [TEST_STEP][PASSED] - setText: Text '10' is set on object 'Object Repository/HealthpostToStore/Page_Store/input_txtqty'

2018-06-09 22:07:09 - [MESSAGE][PASSED] - Text '10' is set on object 'Object Repository/HealthpostToStore/Page_Store/input_txtqty'

2018-06-09 22:07:09 - [TEST_STEP][PASSED] - click: Object: 'Object Repository/HealthpostToStore/Page_Store/button_Add' is clicked on

2018-06-09 22:07:09 - [MESSAGE][PASSED] - Object: 'Object Repository/HealthpostToStore/Page_Store/button_Add' is clicked on

2018-06-09 22:07:09 - [TEST_STEP][PASSED] - Statement - Break: null

2018-06-09 22:07:09 - [TEST_STEP][PASSED] - selectOptionByIndex: All options with index in [15] are selected on object 'Object Repository/HealthpostToStore/Page_Store/select_--Select--Adernaline 0.'

2018-06-09 22:07:09 - [MESSAGE][PASSED] - All options with index in [15] are selected on object 'Object Repository/HealthpostToStore/Page_Store/select_--Select--Adernaline 0.'

2018-06-09 22:07:09 - [TEST_STEP][PASSED] - delay: Delayed 2 second(s)

2018-06-09 22:07:11 - [MESSAGE][PASSED] - Delayed 2 second(s)

2018-06-09 22:07:11 - [TEST_STEP][PASSED] - Statement - RequestedQty = com.kms.katalon.core.webui.keyword.WebUiBuiltInKeywords.getAttribute(com.kms.katalon.core.testobject.ObjectRepository.findTestObject(HealthpostToStore/Page_Store/input_txttotal), "value"): Attribute 'value' of object 'Object Repository/HealthpostToStore/Page_Store/input_txttotal' is: '10'

2018-06-09 22:07:11 - [MESSAGE][PASSED] - Attribute 'value' of object 'Object Repository/HealthpostToStore/Page_Store/input_txttotal' is: '10'

2018-06-09 22:07:11 - [TEST_STEP][PASSED] - Statement - out.println("Requested QTY : " + RequestedQty): null

2018-06-09 22:07:11 - [TEST_STEP][PASSED] - Statement - BatchNumber = com.kms.katalon.core.webui.keyword.WebUiBuiltInKeywords.getNumberOfTotalOption(com.kms.katalon.core.testobject.ObjectRepository.findTestObject(HealthpostToStore/Page_Store/select_--Select--BA1170BA2376B)): 5 options of object 'Object Repository/HealthpostToStore/Page_Store/select_--Select--BA1170BA2376B' counted

2018-06-09 22:07:11 - [MESSAGE][PASSED] - 5 options of object 'Object Repository/HealthpostToStore/Page_Store/select_--Select--BA1170BA2376B' counted

2018-06-09 22:07:11 - [TEST_STEP][PASSED] - Statement - For ([g = 1, g <= BatchNumber - 1, (g++)]): null

2018-06-09 22:07:11 - [TEST_STEP][PASSED] - selectOptionByIndex: All options with index in [1] are selected on object 'Object Repository/HealthpostToStore/Page_Store/select_--Select--BA1170BA2376B'

2018-06-09 22:07:11 - [MESSAGE][PASSED] - All options with index in [1] are selected on object 'Object Repository/HealthpostToStore/Page_Store/select_--Select--BA1170BA2376B'

2018-06-09 22:07:11 - [TEST_STEP][PASSED] - Statement - Try: null

2018-06-09 22:07:11 - [TEST_STEP][PASSED] - Statement - StockQty = com.kms.katalon.core.webui.keyword.WebUiBuiltInKeywords.getAttribute(com.kms.katalon.core.testobject.ObjectRepository.findTestObject(HealthpostToStore/Page_Store/input_txtprice), "value"): Attribute 'value' of object 'Object Repository/HealthpostToStore/Page_Store/input_txtprice' is: '280'

2018-06-09 22:07:11 - [MESSAGE][PASSED] - Attribute 'value' of object 'Object Repository/HealthpostToStore/Page_Store/input_txtprice' is: '280'

2018-06-09 22:07:11 - [TEST_STEP][PASSED] - Statement - out.println("Stock QTY : " + StockQty): null

2018-06-09 22:07:11 - [TEST_STEP][PASSED] - delay: Delayed 2 second(s)

2018-06-09 22:07:13 - [MESSAGE][PASSED] - Delayed 2 second(s)

2018-06-09 22:07:13 - [TEST_STEP][PASSED] - Statement - If (java.lang.String.valueOf(StockQty) >= java.lang.String.valueOf(RequestedQty)): null

2018-06-09 22:07:13 - [TEST_STEP][PASSED] - setText: Text '10' is set on object 'Object Repository/HealthpostToStore/Page_Store/input_txtqty'

2018-06-09 22:07:13 - [MESSAGE][PASSED] - Text '10' is set on object 'Object Repository/HealthpostToStore/Page_Store/input_txtqty'

2018-06-09 22:07:13 - [TEST_STEP][PASSED] - click: Object: 'Object Repository/HealthpostToStore/Page_Store/button_Add' is clicked on

2018-06-09 22:07:13 - [MESSAGE][PASSED] - Object: 'Object Repository/HealthpostToStore/Page_Store/button_Add' is clicked on

2018-06-09 22:07:13 - [TEST_STEP][PASSED] - Statement - Break: null

2018-06-09 22:07:13 - [TEST_STEP][PASSED] - selectOptionByIndex: All options with index in [16] are selected on object 'Object Repository/HealthpostToStore/Page_Store/select_--Select--Adernaline 0.'

2018-06-09 22:07:13 - [MESSAGE][PASSED] - All options with index in [16] are selected on object 'Object Repository/HealthpostToStore/Page_Store/select_--Select--Adernaline 0.'

2018-06-09 22:07:13 - [TEST_STEP][PASSED] - delay: Delayed 2 second(s)

2018-06-09 22:07:15 - [MESSAGE][PASSED] - Delayed 2 second(s)

2018-06-09 22:07:15 - [TEST_STEP][PASSED] - Statement - RequestedQty = com.kms.katalon.core.webui.keyword.WebUiBuiltInKeywords.getAttribute(com.kms.katalon.core.testobject.ObjectRepository.findTestObject(HealthpostToStore/Page_Store/input_txttotal), "value"): Attribute 'value' of object 'Object Repository/HealthpostToStore/Page_Store/input_txttotal' is: '10'

2018-06-09 22:07:16 - [MESSAGE][PASSED] - Attribute 'value' of object 'Object Repository/HealthpostToStore/Page_Store/input_txttotal' is: '10'

2018-06-09 22:07:16 - [TEST_STEP][PASSED] - Statement - out.println("Requested QTY : " + RequestedQty): null

2018-06-09 22:07:16 - [TEST_STEP][PASSED] - Statement - BatchNumber = com.kms.katalon.core.webui.keyword.WebUiBuiltInKeywords.getNumberOfTotalOption(com.kms.katalon.core.testobject.ObjectRepository.findTestObject(HealthpostToStore/Page_Store/select_--Select--BA1170BA2376B)): 3 options of object 'Object Repository/HealthpostToStore/Page_Store/select_--Select--BA1170BA2376B' counted

2018-06-09 22:07:16 - [MESSAGE][PASSED] - 3 options of object 'Object Repository/HealthpostToStore/Page_Store/select_--Select--BA1170BA2376B' counted

2018-06-09 22:07:16 - [TEST_STEP][PASSED] - Statement - For ([g = 1, g <= BatchNumber - 1, (g++)]): null

2018-06-09 22:07:16 - [TEST_STEP][PASSED] - selectOptionByIndex: All options with index in [1] are selected on object 'Object Repository/HealthpostToStore/Page_Store/select_--Select--BA1170BA2376B'

2018-06-09 22:07:16 - [MESSAGE][PASSED] - All options with index in [1] are selected on object 'Object Repository/HealthpostToStore/Page_Store/select_--Select--BA1170BA2376B'

2018-06-09 22:07:16 - [TEST_STEP][PASSED] - Statement - Try: null

2018-06-09 22:07:16 - [TEST_STEP][PASSED] - Statement - StockQty = com.kms.katalon.core.webui.keyword.WebUiBuiltInKeywords.getAttribute(com.kms.katalon.core.testobject.ObjectRepository.findTestObject(HealthpostToStore/Page_Store/input_txtprice), "value"): Attribute 'value' of object 'Object Repository/HealthpostToStore/Page_Store/input_txtprice' is: '480'

2018-06-09 22:07:16 - [MESSAGE][PASSED] - Attribute 'value' of object 'Object Repository/HealthpostToStore/Page_Store/input_txtprice' is: '480'

2018-06-09 22:07:16 - [TEST_STEP][PASSED] - Statement - out.println("Stock QTY : " + StockQty): null

2018-06-09 22:07:16 - [TEST_STEP][PASSED] - delay: Delayed 2 second(s)

2018-06-09 22:07:18 - [MESSAGE][PASSED] - Delayed 2 second(s)

2018-06-09 22:07:18 - [TEST_STEP][PASSED] - Statement - If (java.lang.String.valueOf(StockQty) >= java.lang.String.valueOf(RequestedQty)): null

2018-06-09 22:07:18 - [TEST_STEP][PASSED] - setText: Text '10' is set on object 'Object Repository/HealthpostToStore/Page_Store/input_txtqty'

2018-06-09 22:07:18 - [MESSAGE][PASSED] - Text '10' is set on object 'Object Repository/HealthpostToStore/Page_Store/input_txtqty'

2018-06-09 22:07:18 - [TEST_STEP][PASSED] - click: Object: 'Object Repository/HealthpostToStore/Page_Store/button_Add' is clicked on

2018-06-09 22:07:18 - [MESSAGE][PASSED] - Object: 'Object Repository/HealthpostToStore/Page_Store/button_Add' is clicked on

2018-06-09 22:07:18 - [TEST_STEP][PASSED] - Statement - Break: null

2018-06-09 22:07:18 - [TEST_STEP][PASSED] - selectOptionByIndex: All options with index in [17] are selected on object 'Object Repository/HealthpostToStore/Page_Store/select_--Select--Adernaline 0.'

2018-06-09 22:07:18 - [MESSAGE][PASSED] - All options with index in [17] are selected on object 'Object Repository/HealthpostToStore/Page_Store/select_--Select--Adernaline 0.'

2018-06-09 22:07:18 - [TEST_STEP][PASSED] - delay: Delayed 2 second(s)

2018-06-09 22:07:20 - [MESSAGE][PASSED] - Delayed 2 second(s)

2018-06-09 22:07:20 - [TEST_STEP][PASSED] - Statement - RequestedQty = com.kms.katalon.core.webui.keyword.WebUiBuiltInKeywords.getAttribute(com.kms.katalon.core.testobject.ObjectRepository.findTestObject(HealthpostToStore/Page_Store/input_txttotal), "value"): Attribute 'value' of object 'Object Repository/HealthpostToStore/Page_Store/input_txttotal' is: '10'

2018-06-09 22:07:20 - [MESSAGE][PASSED] - Attribute 'value' of object 'Object Repository/HealthpostToStore/Page_Store/input_txttotal' is: '10'

2018-06-09 22:07:20 - [TEST_STEP][PASSED] - Statement - out.println("Requested QTY : " + RequestedQty): null

2018-06-09 22:07:20 - [TEST_STEP][PASSED] - Statement - BatchNumber = com.kms.katalon.core.webui.keyword.WebUiBuiltInKeywords.getNumberOfTotalOption(com.kms.katalon.core.testobject.ObjectRepository.findTestObject(HealthpostToStore/Page_Store/select_--Select--BA1170BA2376B)): 3 options of object 'Object Repository/HealthpostToStore/Page_Store/select_--Select--BA1170BA2376B' counted

2018-06-09 22:07:20 - [MESSAGE][PASSED] - 3 options of object 'Object Repository/HealthpostToStore/Page_Store/select_--Select--BA1170BA2376B' counted

2018-06-09 22:07:20 - [TEST_STEP][PASSED] - Statement - For ([g = 1, g <= BatchNumber - 1, (g++)]): null

2018-06-09 22:07:20 - [TEST_STEP][PASSED] - selectOptionByIndex: All options with index in [1] are selected on object 'Object Repository/HealthpostToStore/Page_Store/select_--Select--BA1170BA2376B'

2018-06-09 22:07:20 - [MESSAGE][PASSED] - All options with index in [1] are selected on object 'Object Repository/HealthpostToStore/Page_Store/select_--Select--BA1170BA2376B'

2018-06-09 22:07:20 - [TEST_STEP][PASSED] - Statement - Try: null

2018-06-09 22:07:20 - [TEST_STEP][PASSED] - Statement - StockQty = com.kms.katalon.core.webui.keyword.WebUiBuiltInKeywords.getAttribute(com.kms.katalon.core.testobject.ObjectRepository.findTestObject(HealthpostToStore/Page_Store/input_txtprice), "value"): Attribute 'value' of object 'Object Repository/HealthpostToStore/Page_Store/input_txtprice' is: '1340'

2018-06-09 22:07:20 - [MESSAGE][PASSED] - Attribute 'value' of object 'Object Repository/HealthpostToStore/Page_Store/input_txtprice' is: '1340'

2018-06-09 22:07:20 - [TEST_STEP][PASSED] - Statement - out.println("Stock QTY : " + StockQty): null

2018-06-09 22:07:20 - [TEST_STEP][PASSED] - delay: Delayed 2 second(s)

2018-06-09 22:07:22 - [MESSAGE][PASSED] - Delayed 2 second(s)

2018-06-09 22:07:22 - [TEST_STEP][PASSED] - Statement - If (java.lang.String.valueOf(StockQty) >= java.lang.String.valueOf(RequestedQty)): null

2018-06-09 22:07:22 - [TEST_STEP][PASSED] - setText: Text '10' is set on object 'Object Repository/HealthpostToStore/Page_Store/input_txtqty'

2018-06-09 22:07:22 - [MESSAGE][PASSED] - Text '10' is set on object 'Object Repository/HealthpostToStore/Page_Store/input_txtqty'

2018-06-09 22:07:22 - [TEST_STEP][PASSED] - click: Object: 'Object Repository/HealthpostToStore/Page_Store/button_Add' is clicked on

2018-06-09 22:07:22 - [MESSAGE][PASSED] - Object: 'Object Repository/HealthpostToStore/Page_Store/button_Add' is clicked on

2018-06-09 22:07:22 - [TEST_STEP][PASSED] - Statement - Break: null

2018-06-09 22:07:22 - [TEST_STEP][PASSED] - selectOptionByIndex: All options with index in [18] are selected on object 'Object Repository/HealthpostToStore/Page_Store/select_--Select--Adernaline 0.'

2018-06-09 22:07:23 - [MESSAGE][PASSED] - All options with index in [18] are selected on object 'Object Repository/HealthpostToStore/Page_Store/select_--Select--Adernaline 0.'

2018-06-09 22:07:23 - [TEST_STEP][PASSED] - delay: Delayed 2 second(s)

2018-06-09 22:07:25 - [MESSAGE][PASSED] - Delayed 2 second(s)

2018-06-09 22:07:25 - [TEST_STEP][PASSED] - Statement - RequestedQty = com.kms.katalon.core.webui.keyword.WebUiBuiltInKeywords.getAttribute(com.kms.katalon.core.testobject.ObjectRepository.findTestObject(HealthpostToStore/Page_Store/input_txttotal), "value"): Attribute 'value' of object 'Object Repository/HealthpostToStore/Page_Store/input_txttotal' is: '10'

2018-06-09 22:07:25 - [MESSAGE][PASSED] - Attribute 'value' of object 'Object Repository/HealthpostToStore/Page_Store/input_txttotal' is: '10'

2018-06-09 22:07:25 - [TEST_STEP][PASSED] - Statement - out.println("Requested QTY : " + RequestedQty): null

2018-06-09 22:07:25 - [TEST_STEP][PASSED] - Statement - BatchNumber = com.kms.katalon.core.webui.keyword.WebUiBuiltInKeywords.getNumberOfTotalOption(com.kms.katalon.core.testobject.ObjectRepository.findTestObject(HealthpostToStore/Page_Store/select_--Select--BA1170BA2376B)): 4 options of object 'Object Repository/HealthpostToStore/Page_Store/select_--Select--BA1170BA2376B' counted

2018-06-09 22:07:25 - [MESSAGE][PASSED] - 4 options of object 'Object Repository/HealthpostToStore/Page_Store/select_--Select--BA1170BA2376B' counted

2018-06-09 22:07:25 - [TEST_STEP][PASSED] - Statement - For ([g = 1, g <= BatchNumber - 1, (g++)]): null

2018-06-09 22:07:25 - [TEST_STEP][PASSED] - selectOptionByIndex: All options with index in [1] are selected on object 'Object Repository/HealthpostToStore/Page_Store/select_--Select--BA1170BA2376B'

2018-06-09 22:07:25 - [MESSAGE][PASSED] - All options with index in [1] are selected on object 'Object Repository/HealthpostToStore/Page_Store/select_--Select--BA1170BA2376B'

2018-06-09 22:07:25 - [TEST_STEP][PASSED] - Statement - Try: null

2018-06-09 22:07:25 - [TEST_STEP][PASSED] - Statement - StockQty = com.kms.katalon.core.webui.keyword.WebUiBuiltInKeywords.getAttribute(com.kms.katalon.core.testobject.ObjectRepository.findTestObject(HealthpostToStore/Page_Store/input_txtprice), "value"): Attribute 'value' of object 'Object Repository/HealthpostToStore/Page_Store/input_txtprice' is: '380'

2018-06-09 22:07:25 - [MESSAGE][PASSED] - Attribute 'value' of object 'Object Repository/HealthpostToStore/Page_Store/input_txtprice' is: '380'

2018-06-09 22:07:25 - [TEST_STEP][PASSED] - Statement - out.println("Stock QTY : " + StockQty): null

2018-06-09 22:07:25 - [TEST_STEP][PASSED] - delay: Delayed 2 second(s)

2018-06-09 22:07:27 - [MESSAGE][PASSED] - Delayed 2 second(s)

2018-06-09 22:07:27 - [TEST_STEP][PASSED] - Statement - If (java.lang.String.valueOf(StockQty) >= java.lang.String.valueOf(RequestedQty)): null

2018-06-09 22:07:27 - [TEST_STEP][PASSED] - setText: Text '10' is set on object 'Object Repository/HealthpostToStore/Page_Store/input_txtqty'

2018-06-09 22:07:27 - [MESSAGE][PASSED] - Text '10' is set on object 'Object Repository/HealthpostToStore/Page_Store/input_txtqty'

2018-06-09 22:07:27 - [TEST_STEP][PASSED] - click: Object: 'Object Repository/HealthpostToStore/Page_Store/button_Add' is clicked on

2018-06-09 22:07:27 - [MESSAGE][PASSED] - Object: 'Object Repository/HealthpostToStore/Page_Store/button_Add' is clicked on

2018-06-09 22:07:27 - [TEST_STEP][PASSED] - Statement - Break: null

2018-06-09 22:07:27 - [TEST_STEP][PASSED] - scrollToElement: Scroll to object 'Object Repository/HealthpostToStore/Page_Store/input_btnSubmit' successfully

2018-06-09 22:07:27 - [MESSAGE][PASSED] - Scroll to object 'Object Repository/HealthpostToStore/Page_Store/input_btnSubmit' successfully

2018-06-09 22:07:27 - [TEST_STEP][PASSED] - click: Object: 'Object Repository/HealthpostToStore/Page_Store/input_btnSubmit' is clicked on

2018-06-09 22:07:27 - [MESSAGE][PASSED] - Object: 'Object Repository/HealthpostToStore/Page_Store/input_btnSubmit' is clicked on

2018-06-09 22:07:27 - [TEST_STEP][PASSED] - delay: Delayed 3 second(s)

2018-06-09 22:07:30 - [MESSAGE][PASSED] - Delayed 3 second(s)

2018-06-09 22:07:30 - [TEST_STEP][PASSED] - click: Object: 'Object Repository/HealthpostToStore/Page_Store/button_OK' is clicked on

2018-06-09 22:07:31 - [MESSAGE][PASSED] - Object: 'Object Repository/HealthpostToStore/Page_Store/button_OK' is clicked on

2018-06-09 22:07:31 - [TEST_STEP][PASSED] - delay: Delayed 3 second(s)

2018-06-09 22:07:34 - [MESSAGE][PASSED] - Delayed 3 second(s)

2018-06-09 22:07:34 - [TEST_STEP][PASSED] - click: Object: 'Object Repository/HealthpostToStore/Page_Store/a_dropdown-toggle' is clicked on

2018-06-09 22:07:34 - [MESSAGE][PASSED] - Object: 'Object Repository/HealthpostToStore/Page_Store/a_dropdown-toggle' is clicked on

2018-06-09 22:07:34 - [TEST_STEP][PASSED] - click: Object: 'Object Repository/HealthpostToStore/Page_Store/a_Sign out' is clicked on

2018-06-09 22:07:35 - [MESSAGE][PASSED] - Object: 'Object Repository/HealthpostToStore/Page_Store/a_Sign out' is clicked on

2018-06-09 22:07:35 - [TEST_STEP][PASSED] - closeBrowser: Browser is closed

2018-06-09 22:07:35 - [MESSAGE][PASSED] - Browser is closed]]></system-out>
         <system-err><![CDATA[]]></system-err>
      </testcase>
      <testcase name="Test Cases/HEALTHPOST TEST CASES/TC_HP_011 Verify Schedule 11 Healthpost Request Are Working Successfully Or Not" classname="Test Cases/HEALTHPOST TEST CASES/TC_HP_011 Verify Schedule 11 Healthpost Request Are Working Successfully Or Not" status="PASSED">
         <system-out><![CDATA[2018-06-09 22:07:35 - [TEST_CASE][PASSED] - Test Cases/HEALTHPOST TEST CASES/TC_HP_011 Verify Schedule 11 Healthpost Request Are Working Successfully Or Not: Test Cases/HEALTHPOST TEST CASES/TC_HP_011 Verify Schedule 11 Healthpost Request Are Working Successfully Or Not

2018-06-09 22:07:36 - [TEST_STEP][PASSED] - openBrowser: Browser is opened with url: ''

2018-06-09 22:07:38 - [MESSAGE][PASSED] - Browser is opened with url: ''

2018-06-09 22:07:38 - [TEST_STEP][PASSED] - navigateToUrl: Navigate to 'http://192.168.137.1/multihospital_new/HDSplashscreen.aspx' successfully

2018-06-09 22:07:39 - [MESSAGE][PASSED] - Navigate to 'http://192.168.137.1/multihospital_new/HDSplashscreen.aspx' successfully

2018-06-09 22:07:39 - [TEST_STEP][PASSED] - maximizeWindow: Current window maximized

2018-06-09 22:07:40 - [MESSAGE][PASSED] - Current window maximized

2018-06-09 22:07:40 - [TEST_STEP][PASSED] - click: Object: 'Object Repository/HealthpostToStore/Page_KDMC/a_Healthpost Store' is clicked on

2018-06-09 22:07:41 - [MESSAGE][PASSED] - Object: 'Object Repository/HealthpostToStore/Page_KDMC/a_Healthpost Store' is clicked on

2018-06-09 22:07:41 - [TEST_STEP][PASSED] - setText: Text 'raguram' is set on object 'Object Repository/HealthpostToStore/Page_HealthPost Store Login/input_txtusername'

2018-06-09 22:07:41 - [MESSAGE][PASSED] - Text 'raguram' is set on object 'Object Repository/HealthpostToStore/Page_HealthPost Store Login/input_txtusername'

2018-06-09 22:07:41 - [TEST_STEP][PASSED] - setText: Text '123' is set on object 'Object Repository/HealthpostToStore/Page_HealthPost Store Login/input_txtpassword'

2018-06-09 22:07:41 - [MESSAGE][PASSED] - Text '123' is set on object 'Object Repository/HealthpostToStore/Page_HealthPost Store Login/input_txtpassword'

2018-06-09 22:07:41 - [TEST_STEP][PASSED] - delay: Delayed 3 second(s)

2018-06-09 22:07:44 - [MESSAGE][PASSED] - Delayed 3 second(s)

2018-06-09 22:07:44 - [TEST_STEP][PASSED] - sendKeys: Keys 'ENTER + ' sent to object: 'Object Repository/HealthpostToStore/Page_HealthPost Store Login/input_txtpassword'

2018-06-09 22:07:45 - [MESSAGE][PASSED] - Keys 'ENTER + ' sent to object: 'Object Repository/HealthpostToStore/Page_HealthPost Store Login/input_txtpassword'

2018-06-09 22:07:45 - [TEST_STEP][PASSED] - delay: Delayed 3 second(s)

2018-06-09 22:07:48 - [MESSAGE][PASSED] - Delayed 3 second(s)

2018-06-09 22:07:48 - [TEST_STEP][PASSED] - click: Object: 'Object Repository/HealthpostToStore/Page_HealthPost Store/a_Request to Store' is clicked on

2018-06-09 22:07:48 - [MESSAGE][PASSED] - Object: 'Object Repository/HealthpostToStore/Page_HealthPost Store/a_Request to Store' is clicked on

2018-06-09 22:07:48 - [TEST_STEP][PASSED] - delay: Delayed 1 second(s)

2018-06-09 22:07:49 - [MESSAGE][PASSED] - Delayed 1 second(s)

2018-06-09 22:07:49 - [TEST_STEP][PASSED] - click: Object: 'Object Repository/HealthpostToStore/Page_HealthPost Store/a_Medicine Request' is clicked on

2018-06-09 22:07:50 - [MESSAGE][PASSED] - Object: 'Object Repository/HealthpostToStore/Page_HealthPost Store/a_Medicine Request' is clicked on

2018-06-09 22:07:50 - [TEST_STEP][PASSED] - delay: Delayed 1 second(s)

2018-06-09 22:07:51 - [MESSAGE][PASSED] - Delayed 1 second(s)

2018-06-09 22:07:51 - [TEST_STEP][PASSED] - selectOptionByIndex: All options with index in [11] are selected on object 'Object Repository/HealthpostToStore/Page_HealthPost Store/select_--Select--Schedule 1Inj'

2018-06-09 22:07:51 - [MESSAGE][PASSED] - All options with index in [11] are selected on object 'Object Repository/HealthpostToStore/Page_HealthPost Store/select_--Select--Schedule 1Inj'

2018-06-09 22:07:51 - [TEST_STEP][PASSED] - Statement - medicineslength = com.kms.katalon.core.webui.keyword.WebUiBuiltInKeywords.getNumberOfTotalOption(com.kms.katalon.core.testobject.ObjectRepository.findTestObject(HealthpostToStore/Page_HealthPost Store/select_--Select--Adernaline 0.)): 81 options of object 'Object Repository/HealthpostToStore/Page_HealthPost Store/select_--Select--Adernaline 0.' counted

2018-06-09 22:07:51 - [MESSAGE][PASSED] - 81 options of object 'Object Repository/HealthpostToStore/Page_HealthPost Store/select_--Select--Adernaline 0.' counted

2018-06-09 22:07:51 - [TEST_STEP][PASSED] - Statement - For ([e = 1, e <= medicineslength - 1, (e++)]): Object: 'Object Repository/HealthpostToStore/Page_HealthPost Store/button_Add' is clicked on

2018-06-09 22:07:51 - [TEST_STEP][PASSED] - selectOptionByIndex: All options with index in [11] are selected on object 'Object Repository/HealthpostToStore/Page_HealthPost Store/select_--Select--Schedule 1Inj'

2018-06-09 22:07:51 - [MESSAGE][PASSED] - All options with index in [11] are selected on object 'Object Repository/HealthpostToStore/Page_HealthPost Store/select_--Select--Schedule 1Inj'

2018-06-09 22:07:51 - [TEST_STEP][PASSED] - selectOptionByIndex: All options with index in [1] are selected on object 'Object Repository/HealthpostToStore/Page_HealthPost Store/select_--Select--Adernaline 0.'

2018-06-09 22:07:51 - [MESSAGE][PASSED] - All options with index in [1] are selected on object 'Object Repository/HealthpostToStore/Page_HealthPost Store/select_--Select--Adernaline 0.'

2018-06-09 22:07:51 - [TEST_STEP][PASSED] - setText: Text '10' is set on object 'Object Repository/HealthpostToStore/Page_HealthPost Store/input_txttreat'

2018-06-09 22:07:51 - [MESSAGE][PASSED] - Text '10' is set on object 'Object Repository/HealthpostToStore/Page_HealthPost Store/input_txttreat'

2018-06-09 22:07:51 - [TEST_STEP][PASSED] - click: Object: 'Object Repository/HealthpostToStore/Page_HealthPost Store/button_Add' is clicked on

2018-06-09 22:07:52 - [MESSAGE][PASSED] - Object: 'Object Repository/HealthpostToStore/Page_HealthPost Store/button_Add' is clicked on

2018-06-09 22:07:52 - [TEST_STEP][PASSED] - selectOptionByIndex: All options with index in [11] are selected on object 'Object Repository/HealthpostToStore/Page_HealthPost Store/select_--Select--Schedule 1Inj'

2018-06-09 22:07:52 - [MESSAGE][PASSED] - All options with index in [11] are selected on object 'Object Repository/HealthpostToStore/Page_HealthPost Store/select_--Select--Schedule 1Inj'

2018-06-09 22:07:52 - [TEST_STEP][PASSED] - selectOptionByIndex: All options with index in [2] are selected on object 'Object Repository/HealthpostToStore/Page_HealthPost Store/select_--Select--Adernaline 0.'

2018-06-09 22:07:52 - [MESSAGE][PASSED] - All options with index in [2] are selected on object 'Object Repository/HealthpostToStore/Page_HealthPost Store/select_--Select--Adernaline 0.'

2018-06-09 22:07:52 - [TEST_STEP][PASSED] - setText: Text '10' is set on object 'Object Repository/HealthpostToStore/Page_HealthPost Store/input_txttreat'

2018-06-09 22:07:52 - [MESSAGE][PASSED] - Text '10' is set on object 'Object Repository/HealthpostToStore/Page_HealthPost Store/input_txttreat'

2018-06-09 22:07:52 - [TEST_STEP][PASSED] - click: Object: 'Object Repository/HealthpostToStore/Page_HealthPost Store/button_Add' is clicked on

2018-06-09 22:07:52 - [MESSAGE][PASSED] - Object: 'Object Repository/HealthpostToStore/Page_HealthPost Store/button_Add' is clicked on

2018-06-09 22:07:52 - [TEST_STEP][PASSED] - selectOptionByIndex: All options with index in [11] are selected on object 'Object Repository/HealthpostToStore/Page_HealthPost Store/select_--Select--Schedule 1Inj'

2018-06-09 22:07:52 - [MESSAGE][PASSED] - All options with index in [11] are selected on object 'Object Repository/HealthpostToStore/Page_HealthPost Store/select_--Select--Schedule 1Inj'

2018-06-09 22:07:52 - [TEST_STEP][PASSED] - selectOptionByIndex: All options with index in [3] are selected on object 'Object Repository/HealthpostToStore/Page_HealthPost Store/select_--Select--Adernaline 0.'

2018-06-09 22:07:52 - [MESSAGE][PASSED] - All options with index in [3] are selected on object 'Object Repository/HealthpostToStore/Page_HealthPost Store/select_--Select--Adernaline 0.'

2018-06-09 22:07:52 - [TEST_STEP][PASSED] - setText: Text '10' is set on object 'Object Repository/HealthpostToStore/Page_HealthPost Store/input_txttreat'

2018-06-09 22:07:53 - [MESSAGE][PASSED] - Text '10' is set on object 'Object Repository/HealthpostToStore/Page_HealthPost Store/input_txttreat'

2018-06-09 22:07:53 - [TEST_STEP][PASSED] - click: Object: 'Object Repository/HealthpostToStore/Page_HealthPost Store/button_Add' is clicked on

2018-06-09 22:07:53 - [MESSAGE][PASSED] - Object: 'Object Repository/HealthpostToStore/Page_HealthPost Store/button_Add' is clicked on

2018-06-09 22:07:53 - [TEST_STEP][PASSED] - selectOptionByIndex: All options with index in [11] are selected on object 'Object Repository/HealthpostToStore/Page_HealthPost Store/select_--Select--Schedule 1Inj'

2018-06-09 22:07:53 - [MESSAGE][PASSED] - All options with index in [11] are selected on object 'Object Repository/HealthpostToStore/Page_HealthPost Store/select_--Select--Schedule 1Inj'

2018-06-09 22:07:53 - [TEST_STEP][PASSED] - selectOptionByIndex: All options with index in [4] are selected on object 'Object Repository/HealthpostToStore/Page_HealthPost Store/select_--Select--Adernaline 0.'

2018-06-09 22:07:53 - [MESSAGE][PASSED] - All options with index in [4] are selected on object 'Object Repository/HealthpostToStore/Page_HealthPost Store/select_--Select--Adernaline 0.'

2018-06-09 22:07:53 - [TEST_STEP][PASSED] - setText: Text '10' is set on object 'Object Repository/HealthpostToStore/Page_HealthPost Store/input_txttreat'

2018-06-09 22:07:53 - [MESSAGE][PASSED] - Text '10' is set on object 'Object Repository/HealthpostToStore/Page_HealthPost Store/input_txttreat'

2018-06-09 22:07:53 - [TEST_STEP][PASSED] - click: Object: 'Object Repository/HealthpostToStore/Page_HealthPost Store/button_Add' is clicked on

2018-06-09 22:07:53 - [MESSAGE][PASSED] - Object: 'Object Repository/HealthpostToStore/Page_HealthPost Store/button_Add' is clicked on

2018-06-09 22:07:53 - [TEST_STEP][PASSED] - selectOptionByIndex: All options with index in [11] are selected on object 'Object Repository/HealthpostToStore/Page_HealthPost Store/select_--Select--Schedule 1Inj'

2018-06-09 22:07:53 - [MESSAGE][PASSED] - All options with index in [11] are selected on object 'Object Repository/HealthpostToStore/Page_HealthPost Store/select_--Select--Schedule 1Inj'

2018-06-09 22:07:53 - [TEST_STEP][PASSED] - selectOptionByIndex: All options with index in [5] are selected on object 'Object Repository/HealthpostToStore/Page_HealthPost Store/select_--Select--Adernaline 0.'

2018-06-09 22:07:54 - [MESSAGE][PASSED] - All options with index in [5] are selected on object 'Object Repository/HealthpostToStore/Page_HealthPost Store/select_--Select--Adernaline 0.'

2018-06-09 22:07:54 - [TEST_STEP][PASSED] - setText: Text '10' is set on object 'Object Repository/HealthpostToStore/Page_HealthPost Store/input_txttreat'

2018-06-09 22:07:54 - [MESSAGE][PASSED] - Text '10' is set on object 'Object Repository/HealthpostToStore/Page_HealthPost Store/input_txttreat'

2018-06-09 22:07:54 - [TEST_STEP][PASSED] - click: Object: 'Object Repository/HealthpostToStore/Page_HealthPost Store/button_Add' is clicked on

2018-06-09 22:07:54 - [MESSAGE][PASSED] - Object: 'Object Repository/HealthpostToStore/Page_HealthPost Store/button_Add' is clicked on

2018-06-09 22:07:54 - [TEST_STEP][PASSED] - selectOptionByIndex: All options with index in [11] are selected on object 'Object Repository/HealthpostToStore/Page_HealthPost Store/select_--Select--Schedule 1Inj'

2018-06-09 22:07:54 - [MESSAGE][PASSED] - All options with index in [11] are selected on object 'Object Repository/HealthpostToStore/Page_HealthPost Store/select_--Select--Schedule 1Inj'

2018-06-09 22:07:54 - [TEST_STEP][PASSED] - selectOptionByIndex: All options with index in [6] are selected on object 'Object Repository/HealthpostToStore/Page_HealthPost Store/select_--Select--Adernaline 0.'

2018-06-09 22:07:54 - [MESSAGE][PASSED] - All options with index in [6] are selected on object 'Object Repository/HealthpostToStore/Page_HealthPost Store/select_--Select--Adernaline 0.'

2018-06-09 22:07:54 - [TEST_STEP][PASSED] - setText: Text '10' is set on object 'Object Repository/HealthpostToStore/Page_HealthPost Store/input_txttreat'

2018-06-09 22:07:54 - [MESSAGE][PASSED] - Text '10' is set on object 'Object Repository/HealthpostToStore/Page_HealthPost Store/input_txttreat'

2018-06-09 22:07:54 - [TEST_STEP][PASSED] - click: Object: 'Object Repository/HealthpostToStore/Page_HealthPost Store/button_Add' is clicked on

2018-06-09 22:07:54 - [MESSAGE][PASSED] - Object: 'Object Repository/HealthpostToStore/Page_HealthPost Store/button_Add' is clicked on

2018-06-09 22:07:54 - [TEST_STEP][PASSED] - selectOptionByIndex: All options with index in [11] are selected on object 'Object Repository/HealthpostToStore/Page_HealthPost Store/select_--Select--Schedule 1Inj'

2018-06-09 22:07:55 - [MESSAGE][PASSED] - All options with index in [11] are selected on object 'Object Repository/HealthpostToStore/Page_HealthPost Store/select_--Select--Schedule 1Inj'

2018-06-09 22:07:55 - [TEST_STEP][PASSED] - selectOptionByIndex: All options with index in [7] are selected on object 'Object Repository/HealthpostToStore/Page_HealthPost Store/select_--Select--Adernaline 0.'

2018-06-09 22:07:55 - [MESSAGE][PASSED] - All options with index in [7] are selected on object 'Object Repository/HealthpostToStore/Page_HealthPost Store/select_--Select--Adernaline 0.'

2018-06-09 22:07:55 - [TEST_STEP][PASSED] - setText: Text '10' is set on object 'Object Repository/HealthpostToStore/Page_HealthPost Store/input_txttreat'

2018-06-09 22:07:55 - [MESSAGE][PASSED] - Text '10' is set on object 'Object Repository/HealthpostToStore/Page_HealthPost Store/input_txttreat'

2018-06-09 22:07:55 - [TEST_STEP][PASSED] - click: Object: 'Object Repository/HealthpostToStore/Page_HealthPost Store/button_Add' is clicked on

2018-06-09 22:07:55 - [MESSAGE][PASSED] - Object: 'Object Repository/HealthpostToStore/Page_HealthPost Store/button_Add' is clicked on

2018-06-09 22:07:55 - [TEST_STEP][PASSED] - selectOptionByIndex: All options with index in [11] are selected on object 'Object Repository/HealthpostToStore/Page_HealthPost Store/select_--Select--Schedule 1Inj'

2018-06-09 22:07:55 - [MESSAGE][PASSED] - All options with index in [11] are selected on object 'Object Repository/HealthpostToStore/Page_HealthPost Store/select_--Select--Schedule 1Inj'

2018-06-09 22:07:55 - [TEST_STEP][PASSED] - selectOptionByIndex: All options with index in [8] are selected on object 'Object Repository/HealthpostToStore/Page_HealthPost Store/select_--Select--Adernaline 0.'

2018-06-09 22:07:55 - [MESSAGE][PASSED] - All options with index in [8] are selected on object 'Object Repository/HealthpostToStore/Page_HealthPost Store/select_--Select--Adernaline 0.'

2018-06-09 22:07:55 - [TEST_STEP][PASSED] - setText: Text '10' is set on object 'Object Repository/HealthpostToStore/Page_HealthPost Store/input_txttreat'

2018-06-09 22:07:55 - [MESSAGE][PASSED] - Text '10' is set on object 'Object Repository/HealthpostToStore/Page_HealthPost Store/input_txttreat'

2018-06-09 22:07:55 - [TEST_STEP][PASSED] - click: Object: 'Object Repository/HealthpostToStore/Page_HealthPost Store/button_Add' is clicked on

2018-06-09 22:07:55 - [MESSAGE][PASSED] - Object: 'Object Repository/HealthpostToStore/Page_HealthPost Store/button_Add' is clicked on

2018-06-09 22:07:55 - [TEST_STEP][PASSED] - selectOptionByIndex: All options with index in [11] are selected on object 'Object Repository/HealthpostToStore/Page_HealthPost Store/select_--Select--Schedule 1Inj'

2018-06-09 22:07:56 - [MESSAGE][PASSED] - All options with index in [11] are selected on object 'Object Repository/HealthpostToStore/Page_HealthPost Store/select_--Select--Schedule 1Inj'

2018-06-09 22:07:56 - [TEST_STEP][PASSED] - selectOptionByIndex: All options with index in [9] are selected on object 'Object Repository/HealthpostToStore/Page_HealthPost Store/select_--Select--Adernaline 0.'

2018-06-09 22:07:56 - [MESSAGE][PASSED] - All options with index in [9] are selected on object 'Object Repository/HealthpostToStore/Page_HealthPost Store/select_--Select--Adernaline 0.'

2018-06-09 22:07:56 - [TEST_STEP][PASSED] - setText: Text '10' is set on object 'Object Repository/HealthpostToStore/Page_HealthPost Store/input_txttreat'

2018-06-09 22:07:56 - [MESSAGE][PASSED] - Text '10' is set on object 'Object Repository/HealthpostToStore/Page_HealthPost Store/input_txttreat'

2018-06-09 22:07:56 - [TEST_STEP][PASSED] - click: Object: 'Object Repository/HealthpostToStore/Page_HealthPost Store/button_Add' is clicked on

2018-06-09 22:07:56 - [MESSAGE][PASSED] - Object: 'Object Repository/HealthpostToStore/Page_HealthPost Store/button_Add' is clicked on

2018-06-09 22:07:56 - [TEST_STEP][PASSED] - selectOptionByIndex: All options with index in [11] are selected on object 'Object Repository/HealthpostToStore/Page_HealthPost Store/select_--Select--Schedule 1Inj'

2018-06-09 22:07:56 - [MESSAGE][PASSED] - All options with index in [11] are selected on object 'Object Repository/HealthpostToStore/Page_HealthPost Store/select_--Select--Schedule 1Inj'

2018-06-09 22:07:56 - [TEST_STEP][PASSED] - selectOptionByIndex: All options with index in [10] are selected on object 'Object Repository/HealthpostToStore/Page_HealthPost Store/select_--Select--Adernaline 0.'

2018-06-09 22:07:57 - [MESSAGE][PASSED] - All options with index in [10] are selected on object 'Object Repository/HealthpostToStore/Page_HealthPost Store/select_--Select--Adernaline 0.'

2018-06-09 22:07:57 - [TEST_STEP][PASSED] - setText: Text '10' is set on object 'Object Repository/HealthpostToStore/Page_HealthPost Store/input_txttreat'

2018-06-09 22:07:57 - [MESSAGE][PASSED] - Text '10' is set on object 'Object Repository/HealthpostToStore/Page_HealthPost Store/input_txttreat'

2018-06-09 22:07:57 - [TEST_STEP][PASSED] - click: Object: 'Object Repository/HealthpostToStore/Page_HealthPost Store/button_Add' is clicked on

2018-06-09 22:07:57 - [MESSAGE][PASSED] - Object: 'Object Repository/HealthpostToStore/Page_HealthPost Store/button_Add' is clicked on

2018-06-09 22:07:57 - [TEST_STEP][PASSED] - selectOptionByIndex: All options with index in [11] are selected on object 'Object Repository/HealthpostToStore/Page_HealthPost Store/select_--Select--Schedule 1Inj'

2018-06-09 22:07:57 - [MESSAGE][PASSED] - All options with index in [11] are selected on object 'Object Repository/HealthpostToStore/Page_HealthPost Store/select_--Select--Schedule 1Inj'

2018-06-09 22:07:57 - [TEST_STEP][PASSED] - selectOptionByIndex: All options with index in [11] are selected on object 'Object Repository/HealthpostToStore/Page_HealthPost Store/select_--Select--Adernaline 0.'

2018-06-09 22:07:57 - [MESSAGE][PASSED] - All options with index in [11] are selected on object 'Object Repository/HealthpostToStore/Page_HealthPost Store/select_--Select--Adernaline 0.'

2018-06-09 22:07:57 - [TEST_STEP][PASSED] - setText: Text '10' is set on object 'Object Repository/HealthpostToStore/Page_HealthPost Store/input_txttreat'

2018-06-09 22:07:57 - [MESSAGE][PASSED] - Text '10' is set on object 'Object Repository/HealthpostToStore/Page_HealthPost Store/input_txttreat'

2018-06-09 22:07:57 - [TEST_STEP][PASSED] - click: Object: 'Object Repository/HealthpostToStore/Page_HealthPost Store/button_Add' is clicked on

2018-06-09 22:07:57 - [MESSAGE][PASSED] - Object: 'Object Repository/HealthpostToStore/Page_HealthPost Store/button_Add' is clicked on

2018-06-09 22:07:57 - [TEST_STEP][PASSED] - selectOptionByIndex: All options with index in [11] are selected on object 'Object Repository/HealthpostToStore/Page_HealthPost Store/select_--Select--Schedule 1Inj'

2018-06-09 22:07:58 - [MESSAGE][PASSED] - All options with index in [11] are selected on object 'Object Repository/HealthpostToStore/Page_HealthPost Store/select_--Select--Schedule 1Inj'

2018-06-09 22:07:58 - [TEST_STEP][PASSED] - selectOptionByIndex: All options with index in [12] are selected on object 'Object Repository/HealthpostToStore/Page_HealthPost Store/select_--Select--Adernaline 0.'

2018-06-09 22:07:58 - [MESSAGE][PASSED] - All options with index in [12] are selected on object 'Object Repository/HealthpostToStore/Page_HealthPost Store/select_--Select--Adernaline 0.'

2018-06-09 22:07:58 - [TEST_STEP][PASSED] - setText: Text '10' is set on object 'Object Repository/HealthpostToStore/Page_HealthPost Store/input_txttreat'

2018-06-09 22:07:58 - [MESSAGE][PASSED] - Text '10' is set on object 'Object Repository/HealthpostToStore/Page_HealthPost Store/input_txttreat'

2018-06-09 22:07:58 - [TEST_STEP][PASSED] - click: Object: 'Object Repository/HealthpostToStore/Page_HealthPost Store/button_Add' is clicked on

2018-06-09 22:07:58 - [MESSAGE][PASSED] - Object: 'Object Repository/HealthpostToStore/Page_HealthPost Store/button_Add' is clicked on

2018-06-09 22:07:58 - [TEST_STEP][PASSED] - selectOptionByIndex: All options with index in [11] are selected on object 'Object Repository/HealthpostToStore/Page_HealthPost Store/select_--Select--Schedule 1Inj'

2018-06-09 22:07:58 - [MESSAGE][PASSED] - All options with index in [11] are selected on object 'Object Repository/HealthpostToStore/Page_HealthPost Store/select_--Select--Schedule 1Inj'

2018-06-09 22:07:58 - [TEST_STEP][PASSED] - selectOptionByIndex: All options with index in [13] are selected on object 'Object Repository/HealthpostToStore/Page_HealthPost Store/select_--Select--Adernaline 0.'

2018-06-09 22:07:59 - [MESSAGE][PASSED] - All options with index in [13] are selected on object 'Object Repository/HealthpostToStore/Page_HealthPost Store/select_--Select--Adernaline 0.'

2018-06-09 22:07:59 - [TEST_STEP][PASSED] - setText: Text '10' is set on object 'Object Repository/HealthpostToStore/Page_HealthPost Store/input_txttreat'

2018-06-09 22:07:59 - [MESSAGE][PASSED] - Text '10' is set on object 'Object Repository/HealthpostToStore/Page_HealthPost Store/input_txttreat'

2018-06-09 22:07:59 - [TEST_STEP][PASSED] - click: Object: 'Object Repository/HealthpostToStore/Page_HealthPost Store/button_Add' is clicked on

2018-06-09 22:07:59 - [MESSAGE][PASSED] - Object: 'Object Repository/HealthpostToStore/Page_HealthPost Store/button_Add' is clicked on

2018-06-09 22:07:59 - [TEST_STEP][PASSED] - selectOptionByIndex: All options with index in [11] are selected on object 'Object Repository/HealthpostToStore/Page_HealthPost Store/select_--Select--Schedule 1Inj'

2018-06-09 22:07:59 - [MESSAGE][PASSED] - All options with index in [11] are selected on object 'Object Repository/HealthpostToStore/Page_HealthPost Store/select_--Select--Schedule 1Inj'

2018-06-09 22:07:59 - [TEST_STEP][PASSED] - selectOptionByIndex: All options with index in [14] are selected on object 'Object Repository/HealthpostToStore/Page_HealthPost Store/select_--Select--Adernaline 0.'

2018-06-09 22:07:59 - [MESSAGE][PASSED] - All options with index in [14] are selected on object 'Object Repository/HealthpostToStore/Page_HealthPost Store/select_--Select--Adernaline 0.'

2018-06-09 22:07:59 - [TEST_STEP][PASSED] - setText: Text '10' is set on object 'Object Repository/HealthpostToStore/Page_HealthPost Store/input_txttreat'

2018-06-09 22:07:59 - [MESSAGE][PASSED] - Text '10' is set on object 'Object Repository/HealthpostToStore/Page_HealthPost Store/input_txttreat'

2018-06-09 22:07:59 - [TEST_STEP][PASSED] - click: Object: 'Object Repository/HealthpostToStore/Page_HealthPost Store/button_Add' is clicked on

2018-06-09 22:07:59 - [MESSAGE][PASSED] - Object: 'Object Repository/HealthpostToStore/Page_HealthPost Store/button_Add' is clicked on

2018-06-09 22:07:59 - [TEST_STEP][PASSED] - selectOptionByIndex: All options with index in [11] are selected on object 'Object Repository/HealthpostToStore/Page_HealthPost Store/select_--Select--Schedule 1Inj'

2018-06-09 22:08:00 - [MESSAGE][PASSED] - All options with index in [11] are selected on object 'Object Repository/HealthpostToStore/Page_HealthPost Store/select_--Select--Schedule 1Inj'

2018-06-09 22:08:00 - [TEST_STEP][PASSED] - selectOptionByIndex: All options with index in [15] are selected on object 'Object Repository/HealthpostToStore/Page_HealthPost Store/select_--Select--Adernaline 0.'

2018-06-09 22:08:00 - [MESSAGE][PASSED] - All options with index in [15] are selected on object 'Object Repository/HealthpostToStore/Page_HealthPost Store/select_--Select--Adernaline 0.'

2018-06-09 22:08:00 - [TEST_STEP][PASSED] - setText: Text '10' is set on object 'Object Repository/HealthpostToStore/Page_HealthPost Store/input_txttreat'

2018-06-09 22:08:00 - [MESSAGE][PASSED] - Text '10' is set on object 'Object Repository/HealthpostToStore/Page_HealthPost Store/input_txttreat'

2018-06-09 22:08:00 - [TEST_STEP][PASSED] - click: Object: 'Object Repository/HealthpostToStore/Page_HealthPost Store/button_Add' is clicked on

2018-06-09 22:08:00 - [MESSAGE][PASSED] - Object: 'Object Repository/HealthpostToStore/Page_HealthPost Store/button_Add' is clicked on

2018-06-09 22:08:00 - [TEST_STEP][PASSED] - selectOptionByIndex: All options with index in [11] are selected on object 'Object Repository/HealthpostToStore/Page_HealthPost Store/select_--Select--Schedule 1Inj'

2018-06-09 22:08:00 - [MESSAGE][PASSED] - All options with index in [11] are selected on object 'Object Repository/HealthpostToStore/Page_HealthPost Store/select_--Select--Schedule 1Inj'

2018-06-09 22:08:00 - [TEST_STEP][PASSED] - selectOptionByIndex: All options with index in [16] are selected on object 'Object Repository/HealthpostToStore/Page_HealthPost Store/select_--Select--Adernaline 0.'

2018-06-09 22:08:01 - [MESSAGE][PASSED] - All options with index in [16] are selected on object 'Object Repository/HealthpostToStore/Page_HealthPost Store/select_--Select--Adernaline 0.'

2018-06-09 22:08:01 - [TEST_STEP][PASSED] - setText: Text '10' is set on object 'Object Repository/HealthpostToStore/Page_HealthPost Store/input_txttreat'

2018-06-09 22:08:01 - [MESSAGE][PASSED] - Text '10' is set on object 'Object Repository/HealthpostToStore/Page_HealthPost Store/input_txttreat'

2018-06-09 22:08:01 - [TEST_STEP][PASSED] - click: Object: 'Object Repository/HealthpostToStore/Page_HealthPost Store/button_Add' is clicked on

2018-06-09 22:08:01 - [MESSAGE][PASSED] - Object: 'Object Repository/HealthpostToStore/Page_HealthPost Store/button_Add' is clicked on

2018-06-09 22:08:01 - [TEST_STEP][PASSED] - selectOptionByIndex: All options with index in [11] are selected on object 'Object Repository/HealthpostToStore/Page_HealthPost Store/select_--Select--Schedule 1Inj'

2018-06-09 22:08:01 - [MESSAGE][PASSED] - All options with index in [11] are selected on object 'Object Repository/HealthpostToStore/Page_HealthPost Store/select_--Select--Schedule 1Inj'

2018-06-09 22:08:01 - [TEST_STEP][PASSED] - selectOptionByIndex: All options with index in [17] are selected on object 'Object Repository/HealthpostToStore/Page_HealthPost Store/select_--Select--Adernaline 0.'

2018-06-09 22:08:01 - [MESSAGE][PASSED] - All options with index in [17] are selected on object 'Object Repository/HealthpostToStore/Page_HealthPost Store/select_--Select--Adernaline 0.'

2018-06-09 22:08:01 - [TEST_STEP][PASSED] - setText: Text '10' is set on object 'Object Repository/HealthpostToStore/Page_HealthPost Store/input_txttreat'

2018-06-09 22:08:01 - [MESSAGE][PASSED] - Text '10' is set on object 'Object Repository/HealthpostToStore/Page_HealthPost Store/input_txttreat'

2018-06-09 22:08:01 - [TEST_STEP][PASSED] - click: Object: 'Object Repository/HealthpostToStore/Page_HealthPost Store/button_Add' is clicked on

2018-06-09 22:08:01 - [MESSAGE][PASSED] - Object: 'Object Repository/HealthpostToStore/Page_HealthPost Store/button_Add' is clicked on

2018-06-09 22:08:01 - [TEST_STEP][PASSED] - selectOptionByIndex: All options with index in [11] are selected on object 'Object Repository/HealthpostToStore/Page_HealthPost Store/select_--Select--Schedule 1Inj'

2018-06-09 22:08:02 - [MESSAGE][PASSED] - All options with index in [11] are selected on object 'Object Repository/HealthpostToStore/Page_HealthPost Store/select_--Select--Schedule 1Inj'

2018-06-09 22:08:02 - [TEST_STEP][PASSED] - selectOptionByIndex: All options with index in [18] are selected on object 'Object Repository/HealthpostToStore/Page_HealthPost Store/select_--Select--Adernaline 0.'

2018-06-09 22:08:02 - [MESSAGE][PASSED] - All options with index in [18] are selected on object 'Object Repository/HealthpostToStore/Page_HealthPost Store/select_--Select--Adernaline 0.'

2018-06-09 22:08:02 - [TEST_STEP][PASSED] - setText: Text '10' is set on object 'Object Repository/HealthpostToStore/Page_HealthPost Store/input_txttreat'

2018-06-09 22:08:02 - [MESSAGE][PASSED] - Text '10' is set on object 'Object Repository/HealthpostToStore/Page_HealthPost Store/input_txttreat'

2018-06-09 22:08:02 - [TEST_STEP][PASSED] - click: Object: 'Object Repository/HealthpostToStore/Page_HealthPost Store/button_Add' is clicked on

2018-06-09 22:08:02 - [MESSAGE][PASSED] - Object: 'Object Repository/HealthpostToStore/Page_HealthPost Store/button_Add' is clicked on

2018-06-09 22:08:02 - [TEST_STEP][PASSED] - selectOptionByIndex: All options with index in [11] are selected on object 'Object Repository/HealthpostToStore/Page_HealthPost Store/select_--Select--Schedule 1Inj'

2018-06-09 22:08:02 - [MESSAGE][PASSED] - All options with index in [11] are selected on object 'Object Repository/HealthpostToStore/Page_HealthPost Store/select_--Select--Schedule 1Inj'

2018-06-09 22:08:02 - [TEST_STEP][PASSED] - selectOptionByIndex: All options with index in [19] are selected on object 'Object Repository/HealthpostToStore/Page_HealthPost Store/select_--Select--Adernaline 0.'

2018-06-09 22:08:03 - [MESSAGE][PASSED] - All options with index in [19] are selected on object 'Object Repository/HealthpostToStore/Page_HealthPost Store/select_--Select--Adernaline 0.'

2018-06-09 22:08:03 - [TEST_STEP][PASSED] - setText: Text '10' is set on object 'Object Repository/HealthpostToStore/Page_HealthPost Store/input_txttreat'

2018-06-09 22:08:03 - [MESSAGE][PASSED] - Text '10' is set on object 'Object Repository/HealthpostToStore/Page_HealthPost Store/input_txttreat'

2018-06-09 22:08:03 - [TEST_STEP][PASSED] - click: Object: 'Object Repository/HealthpostToStore/Page_HealthPost Store/button_Add' is clicked on

2018-06-09 22:08:03 - [MESSAGE][PASSED] - Object: 'Object Repository/HealthpostToStore/Page_HealthPost Store/button_Add' is clicked on

2018-06-09 22:08:03 - [TEST_STEP][PASSED] - selectOptionByIndex: All options with index in [11] are selected on object 'Object Repository/HealthpostToStore/Page_HealthPost Store/select_--Select--Schedule 1Inj'

2018-06-09 22:08:03 - [MESSAGE][PASSED] - All options with index in [11] are selected on object 'Object Repository/HealthpostToStore/Page_HealthPost Store/select_--Select--Schedule 1Inj'

2018-06-09 22:08:03 - [TEST_STEP][PASSED] - selectOptionByIndex: All options with index in [20] are selected on object 'Object Repository/HealthpostToStore/Page_HealthPost Store/select_--Select--Adernaline 0.'

2018-06-09 22:08:03 - [MESSAGE][PASSED] - All options with index in [20] are selected on object 'Object Repository/HealthpostToStore/Page_HealthPost Store/select_--Select--Adernaline 0.'

2018-06-09 22:08:03 - [TEST_STEP][PASSED] - setText: Text '10' is set on object 'Object Repository/HealthpostToStore/Page_HealthPost Store/input_txttreat'

2018-06-09 22:08:04 - [MESSAGE][PASSED] - Text '10' is set on object 'Object Repository/HealthpostToStore/Page_HealthPost Store/input_txttreat'

2018-06-09 22:08:04 - [TEST_STEP][PASSED] - click: Object: 'Object Repository/HealthpostToStore/Page_HealthPost Store/button_Add' is clicked on

2018-06-09 22:08:04 - [MESSAGE][PASSED] - Object: 'Object Repository/HealthpostToStore/Page_HealthPost Store/button_Add' is clicked on

2018-06-09 22:08:04 - [TEST_STEP][PASSED] - selectOptionByIndex: All options with index in [11] are selected on object 'Object Repository/HealthpostToStore/Page_HealthPost Store/select_--Select--Schedule 1Inj'

2018-06-09 22:08:04 - [MESSAGE][PASSED] - All options with index in [11] are selected on object 'Object Repository/HealthpostToStore/Page_HealthPost Store/select_--Select--Schedule 1Inj'

2018-06-09 22:08:04 - [TEST_STEP][PASSED] - selectOptionByIndex: All options with index in [21] are selected on object 'Object Repository/HealthpostToStore/Page_HealthPost Store/select_--Select--Adernaline 0.'

2018-06-09 22:08:04 - [MESSAGE][PASSED] - All options with index in [21] are selected on object 'Object Repository/HealthpostToStore/Page_HealthPost Store/select_--Select--Adernaline 0.'

2018-06-09 22:08:04 - [TEST_STEP][PASSED] - setText: Text '10' is set on object 'Object Repository/HealthpostToStore/Page_HealthPost Store/input_txttreat'

2018-06-09 22:08:04 - [MESSAGE][PASSED] - Text '10' is set on object 'Object Repository/HealthpostToStore/Page_HealthPost Store/input_txttreat'

2018-06-09 22:08:04 - [TEST_STEP][PASSED] - click: Object: 'Object Repository/HealthpostToStore/Page_HealthPost Store/button_Add' is clicked on

2018-06-09 22:08:04 - [MESSAGE][PASSED] - Object: 'Object Repository/HealthpostToStore/Page_HealthPost Store/button_Add' is clicked on

2018-06-09 22:08:04 - [TEST_STEP][PASSED] - selectOptionByIndex: All options with index in [11] are selected on object 'Object Repository/HealthpostToStore/Page_HealthPost Store/select_--Select--Schedule 1Inj'

2018-06-09 22:08:05 - [MESSAGE][PASSED] - All options with index in [11] are selected on object 'Object Repository/HealthpostToStore/Page_HealthPost Store/select_--Select--Schedule 1Inj'

2018-06-09 22:08:05 - [TEST_STEP][PASSED] - selectOptionByIndex: All options with index in [22] are selected on object 'Object Repository/HealthpostToStore/Page_HealthPost Store/select_--Select--Adernaline 0.'

2018-06-09 22:08:05 - [MESSAGE][PASSED] - All options with index in [22] are selected on object 'Object Repository/HealthpostToStore/Page_HealthPost Store/select_--Select--Adernaline 0.'

2018-06-09 22:08:05 - [TEST_STEP][PASSED] - setText: Text '10' is set on object 'Object Repository/HealthpostToStore/Page_HealthPost Store/input_txttreat'

2018-06-09 22:08:05 - [MESSAGE][PASSED] - Text '10' is set on object 'Object Repository/HealthpostToStore/Page_HealthPost Store/input_txttreat'

2018-06-09 22:08:05 - [TEST_STEP][PASSED] - click: Object: 'Object Repository/HealthpostToStore/Page_HealthPost Store/button_Add' is clicked on

2018-06-09 22:08:05 - [MESSAGE][PASSED] - Object: 'Object Repository/HealthpostToStore/Page_HealthPost Store/button_Add' is clicked on

2018-06-09 22:08:05 - [TEST_STEP][PASSED] - selectOptionByIndex: All options with index in [11] are selected on object 'Object Repository/HealthpostToStore/Page_HealthPost Store/select_--Select--Schedule 1Inj'

2018-06-09 22:08:05 - [MESSAGE][PASSED] - All options with index in [11] are selected on object 'Object Repository/HealthpostToStore/Page_HealthPost Store/select_--Select--Schedule 1Inj'

2018-06-09 22:08:05 - [TEST_STEP][PASSED] - selectOptionByIndex: All options with index in [23] are selected on object 'Object Repository/HealthpostToStore/Page_HealthPost Store/select_--Select--Adernaline 0.'

2018-06-09 22:08:06 - [MESSAGE][PASSED] - All options with index in [23] are selected on object 'Object Repository/HealthpostToStore/Page_HealthPost Store/select_--Select--Adernaline 0.'

2018-06-09 22:08:06 - [TEST_STEP][PASSED] - setText: Text '10' is set on object 'Object Repository/HealthpostToStore/Page_HealthPost Store/input_txttreat'

2018-06-09 22:08:06 - [MESSAGE][PASSED] - Text '10' is set on object 'Object Repository/HealthpostToStore/Page_HealthPost Store/input_txttreat'

2018-06-09 22:08:06 - [TEST_STEP][PASSED] - click: Object: 'Object Repository/HealthpostToStore/Page_HealthPost Store/button_Add' is clicked on

2018-06-09 22:08:06 - [MESSAGE][PASSED] - Object: 'Object Repository/HealthpostToStore/Page_HealthPost Store/button_Add' is clicked on

2018-06-09 22:08:06 - [TEST_STEP][PASSED] - selectOptionByIndex: All options with index in [11] are selected on object 'Object Repository/HealthpostToStore/Page_HealthPost Store/select_--Select--Schedule 1Inj'

2018-06-09 22:08:06 - [MESSAGE][PASSED] - All options with index in [11] are selected on object 'Object Repository/HealthpostToStore/Page_HealthPost Store/select_--Select--Schedule 1Inj'

2018-06-09 22:08:06 - [TEST_STEP][PASSED] - selectOptionByIndex: All options with index in [24] are selected on object 'Object Repository/HealthpostToStore/Page_HealthPost Store/select_--Select--Adernaline 0.'

2018-06-09 22:08:06 - [MESSAGE][PASSED] - All options with index in [24] are selected on object 'Object Repository/HealthpostToStore/Page_HealthPost Store/select_--Select--Adernaline 0.'

2018-06-09 22:08:06 - [TEST_STEP][PASSED] - setText: Text '10' is set on object 'Object Repository/HealthpostToStore/Page_HealthPost Store/input_txttreat'

2018-06-09 22:08:07 - [MESSAGE][PASSED] - Text '10' is set on object 'Object Repository/HealthpostToStore/Page_HealthPost Store/input_txttreat'

2018-06-09 22:08:07 - [TEST_STEP][PASSED] - click: Object: 'Object Repository/HealthpostToStore/Page_HealthPost Store/button_Add' is clicked on

2018-06-09 22:08:07 - [MESSAGE][PASSED] - Object: 'Object Repository/HealthpostToStore/Page_HealthPost Store/button_Add' is clicked on

2018-06-09 22:08:07 - [TEST_STEP][PASSED] - selectOptionByIndex: All options with index in [11] are selected on object 'Object Repository/HealthpostToStore/Page_HealthPost Store/select_--Select--Schedule 1Inj'

2018-06-09 22:08:07 - [MESSAGE][PASSED] - All options with index in [11] are selected on object 'Object Repository/HealthpostToStore/Page_HealthPost Store/select_--Select--Schedule 1Inj'

2018-06-09 22:08:07 - [TEST_STEP][PASSED] - selectOptionByIndex: All options with index in [25] are selected on object 'Object Repository/HealthpostToStore/Page_HealthPost Store/select_--Select--Adernaline 0.'

2018-06-09 22:08:07 - [MESSAGE][PASSED] - All options with index in [25] are selected on object 'Object Repository/HealthpostToStore/Page_HealthPost Store/select_--Select--Adernaline 0.'

2018-06-09 22:08:07 - [TEST_STEP][PASSED] - setText: Text '10' is set on object 'Object Repository/HealthpostToStore/Page_HealthPost Store/input_txttreat'

2018-06-09 22:08:07 - [MESSAGE][PASSED] - Text '10' is set on object 'Object Repository/HealthpostToStore/Page_HealthPost Store/input_txttreat'

2018-06-09 22:08:07 - [TEST_STEP][PASSED] - click: Object: 'Object Repository/HealthpostToStore/Page_HealthPost Store/button_Add' is clicked on

2018-06-09 22:08:07 - [MESSAGE][PASSED] - Object: 'Object Repository/HealthpostToStore/Page_HealthPost Store/button_Add' is clicked on

2018-06-09 22:08:07 - [TEST_STEP][PASSED] - selectOptionByIndex: All options with index in [11] are selected on object 'Object Repository/HealthpostToStore/Page_HealthPost Store/select_--Select--Schedule 1Inj'

2018-06-09 22:08:08 - [MESSAGE][PASSED] - All options with index in [11] are selected on object 'Object Repository/HealthpostToStore/Page_HealthPost Store/select_--Select--Schedule 1Inj'

2018-06-09 22:08:08 - [TEST_STEP][PASSED] - selectOptionByIndex: All options with index in [26] are selected on object 'Object Repository/HealthpostToStore/Page_HealthPost Store/select_--Select--Adernaline 0.'

2018-06-09 22:08:08 - [MESSAGE][PASSED] - All options with index in [26] are selected on object 'Object Repository/HealthpostToStore/Page_HealthPost Store/select_--Select--Adernaline 0.'

2018-06-09 22:08:08 - [TEST_STEP][PASSED] - setText: Text '10' is set on object 'Object Repository/HealthpostToStore/Page_HealthPost Store/input_txttreat'

2018-06-09 22:08:08 - [MESSAGE][PASSED] - Text '10' is set on object 'Object Repository/HealthpostToStore/Page_HealthPost Store/input_txttreat'

2018-06-09 22:08:08 - [TEST_STEP][PASSED] - click: Object: 'Object Repository/HealthpostToStore/Page_HealthPost Store/button_Add' is clicked on

2018-06-09 22:08:08 - [MESSAGE][PASSED] - Object: 'Object Repository/HealthpostToStore/Page_HealthPost Store/button_Add' is clicked on

2018-06-09 22:08:08 - [TEST_STEP][PASSED] - selectOptionByIndex: All options with index in [11] are selected on object 'Object Repository/HealthpostToStore/Page_HealthPost Store/select_--Select--Schedule 1Inj'

2018-06-09 22:08:08 - [MESSAGE][PASSED] - All options with index in [11] are selected on object 'Object Repository/HealthpostToStore/Page_HealthPost Store/select_--Select--Schedule 1Inj'

2018-06-09 22:08:08 - [TEST_STEP][PASSED] - selectOptionByIndex: All options with index in [27] are selected on object 'Object Repository/HealthpostToStore/Page_HealthPost Store/select_--Select--Adernaline 0.'

2018-06-09 22:08:09 - [MESSAGE][PASSED] - All options with index in [27] are selected on object 'Object Repository/HealthpostToStore/Page_HealthPost Store/select_--Select--Adernaline 0.'

2018-06-09 22:08:09 - [TEST_STEP][PASSED] - setText: Text '10' is set on object 'Object Repository/HealthpostToStore/Page_HealthPost Store/input_txttreat'

2018-06-09 22:08:09 - [MESSAGE][PASSED] - Text '10' is set on object 'Object Repository/HealthpostToStore/Page_HealthPost Store/input_txttreat'

2018-06-09 22:08:09 - [TEST_STEP][PASSED] - click: Object: 'Object Repository/HealthpostToStore/Page_HealthPost Store/button_Add' is clicked on

2018-06-09 22:08:09 - [MESSAGE][PASSED] - Object: 'Object Repository/HealthpostToStore/Page_HealthPost Store/button_Add' is clicked on

2018-06-09 22:08:09 - [TEST_STEP][PASSED] - selectOptionByIndex: All options with index in [11] are selected on object 'Object Repository/HealthpostToStore/Page_HealthPost Store/select_--Select--Schedule 1Inj'

2018-06-09 22:08:09 - [MESSAGE][PASSED] - All options with index in [11] are selected on object 'Object Repository/HealthpostToStore/Page_HealthPost Store/select_--Select--Schedule 1Inj'

2018-06-09 22:08:09 - [TEST_STEP][PASSED] - selectOptionByIndex: All options with index in [28] are selected on object 'Object Repository/HealthpostToStore/Page_HealthPost Store/select_--Select--Adernaline 0.'

2018-06-09 22:08:10 - [MESSAGE][PASSED] - All options with index in [28] are selected on object 'Object Repository/HealthpostToStore/Page_HealthPost Store/select_--Select--Adernaline 0.'

2018-06-09 22:08:10 - [TEST_STEP][PASSED] - setText: Text '10' is set on object 'Object Repository/HealthpostToStore/Page_HealthPost Store/input_txttreat'

2018-06-09 22:08:10 - [MESSAGE][PASSED] - Text '10' is set on object 'Object Repository/HealthpostToStore/Page_HealthPost Store/input_txttreat'

2018-06-09 22:08:10 - [TEST_STEP][PASSED] - click: Object: 'Object Repository/HealthpostToStore/Page_HealthPost Store/button_Add' is clicked on

2018-06-09 22:08:10 - [MESSAGE][PASSED] - Object: 'Object Repository/HealthpostToStore/Page_HealthPost Store/button_Add' is clicked on

2018-06-09 22:08:10 - [TEST_STEP][PASSED] - selectOptionByIndex: All options with index in [11] are selected on object 'Object Repository/HealthpostToStore/Page_HealthPost Store/select_--Select--Schedule 1Inj'

2018-06-09 22:08:10 - [MESSAGE][PASSED] - All options with index in [11] are selected on object 'Object Repository/HealthpostToStore/Page_HealthPost Store/select_--Select--Schedule 1Inj'

2018-06-09 22:08:10 - [TEST_STEP][PASSED] - selectOptionByIndex: All options with index in [29] are selected on object 'Object Repository/HealthpostToStore/Page_HealthPost Store/select_--Select--Adernaline 0.'

2018-06-09 22:08:10 - [MESSAGE][PASSED] - All options with index in [29] are selected on object 'Object Repository/HealthpostToStore/Page_HealthPost Store/select_--Select--Adernaline 0.'

2018-06-09 22:08:10 - [TEST_STEP][PASSED] - setText: Text '10' is set on object 'Object Repository/HealthpostToStore/Page_HealthPost Store/input_txttreat'

2018-06-09 22:08:10 - [MESSAGE][PASSED] - Text '10' is set on object 'Object Repository/HealthpostToStore/Page_HealthPost Store/input_txttreat'

2018-06-09 22:08:10 - [TEST_STEP][PASSED] - click: Object: 'Object Repository/HealthpostToStore/Page_HealthPost Store/button_Add' is clicked on

2018-06-09 22:08:11 - [MESSAGE][PASSED] - Object: 'Object Repository/HealthpostToStore/Page_HealthPost Store/button_Add' is clicked on

2018-06-09 22:08:11 - [TEST_STEP][PASSED] - selectOptionByIndex: All options with index in [11] are selected on object 'Object Repository/HealthpostToStore/Page_HealthPost Store/select_--Select--Schedule 1Inj'

2018-06-09 22:08:11 - [MESSAGE][PASSED] - All options with index in [11] are selected on object 'Object Repository/HealthpostToStore/Page_HealthPost Store/select_--Select--Schedule 1Inj'

2018-06-09 22:08:11 - [TEST_STEP][PASSED] - selectOptionByIndex: All options with index in [30] are selected on object 'Object Repository/HealthpostToStore/Page_HealthPost Store/select_--Select--Adernaline 0.'

2018-06-09 22:08:11 - [MESSAGE][PASSED] - All options with index in [30] are selected on object 'Object Repository/HealthpostToStore/Page_HealthPost Store/select_--Select--Adernaline 0.'

2018-06-09 22:08:11 - [TEST_STEP][PASSED] - setText: Text '10' is set on object 'Object Repository/HealthpostToStore/Page_HealthPost Store/input_txttreat'

2018-06-09 22:08:11 - [MESSAGE][PASSED] - Text '10' is set on object 'Object Repository/HealthpostToStore/Page_HealthPost Store/input_txttreat'

2018-06-09 22:08:11 - [TEST_STEP][PASSED] - click: Object: 'Object Repository/HealthpostToStore/Page_HealthPost Store/button_Add' is clicked on

2018-06-09 22:08:11 - [MESSAGE][PASSED] - Object: 'Object Repository/HealthpostToStore/Page_HealthPost Store/button_Add' is clicked on

2018-06-09 22:08:11 - [TEST_STEP][PASSED] - selectOptionByIndex: All options with index in [11] are selected on object 'Object Repository/HealthpostToStore/Page_HealthPost Store/select_--Select--Schedule 1Inj'

2018-06-09 22:08:12 - [MESSAGE][PASSED] - All options with index in [11] are selected on object 'Object Repository/HealthpostToStore/Page_HealthPost Store/select_--Select--Schedule 1Inj'

2018-06-09 22:08:12 - [TEST_STEP][PASSED] - selectOptionByIndex: All options with index in [31] are selected on object 'Object Repository/HealthpostToStore/Page_HealthPost Store/select_--Select--Adernaline 0.'

2018-06-09 22:08:12 - [MESSAGE][PASSED] - All options with index in [31] are selected on object 'Object Repository/HealthpostToStore/Page_HealthPost Store/select_--Select--Adernaline 0.'

2018-06-09 22:08:12 - [TEST_STEP][PASSED] - setText: Text '10' is set on object 'Object Repository/HealthpostToStore/Page_HealthPost Store/input_txttreat'

2018-06-09 22:08:12 - [MESSAGE][PASSED] - Text '10' is set on object 'Object Repository/HealthpostToStore/Page_HealthPost Store/input_txttreat'

2018-06-09 22:08:12 - [TEST_STEP][PASSED] - click: Object: 'Object Repository/HealthpostToStore/Page_HealthPost Store/button_Add' is clicked on

2018-06-09 22:08:12 - [MESSAGE][PASSED] - Object: 'Object Repository/HealthpostToStore/Page_HealthPost Store/button_Add' is clicked on

2018-06-09 22:08:12 - [TEST_STEP][PASSED] - selectOptionByIndex: All options with index in [11] are selected on object 'Object Repository/HealthpostToStore/Page_HealthPost Store/select_--Select--Schedule 1Inj'

2018-06-09 22:08:12 - [MESSAGE][PASSED] - All options with index in [11] are selected on object 'Object Repository/HealthpostToStore/Page_HealthPost Store/select_--Select--Schedule 1Inj'

2018-06-09 22:08:12 - [TEST_STEP][PASSED] - selectOptionByIndex: All options with index in [32] are selected on object 'Object Repository/HealthpostToStore/Page_HealthPost Store/select_--Select--Adernaline 0.'

2018-06-09 22:08:13 - [MESSAGE][PASSED] - All options with index in [32] are selected on object 'Object Repository/HealthpostToStore/Page_HealthPost Store/select_--Select--Adernaline 0.'

2018-06-09 22:08:13 - [TEST_STEP][PASSED] - setText: Text '10' is set on object 'Object Repository/HealthpostToStore/Page_HealthPost Store/input_txttreat'

2018-06-09 22:08:13 - [MESSAGE][PASSED] - Text '10' is set on object 'Object Repository/HealthpostToStore/Page_HealthPost Store/input_txttreat'

2018-06-09 22:08:13 - [TEST_STEP][PASSED] - click: Object: 'Object Repository/HealthpostToStore/Page_HealthPost Store/button_Add' is clicked on

2018-06-09 22:08:13 - [MESSAGE][PASSED] - Object: 'Object Repository/HealthpostToStore/Page_HealthPost Store/button_Add' is clicked on

2018-06-09 22:08:13 - [TEST_STEP][PASSED] - selectOptionByIndex: All options with index in [11] are selected on object 'Object Repository/HealthpostToStore/Page_HealthPost Store/select_--Select--Schedule 1Inj'

2018-06-09 22:08:13 - [MESSAGE][PASSED] - All options with index in [11] are selected on object 'Object Repository/HealthpostToStore/Page_HealthPost Store/select_--Select--Schedule 1Inj'

2018-06-09 22:08:13 - [TEST_STEP][PASSED] - selectOptionByIndex: All options with index in [33] are selected on object 'Object Repository/HealthpostToStore/Page_HealthPost Store/select_--Select--Adernaline 0.'

2018-06-09 22:08:14 - [MESSAGE][PASSED] - All options with index in [33] are selected on object 'Object Repository/HealthpostToStore/Page_HealthPost Store/select_--Select--Adernaline 0.'

2018-06-09 22:08:14 - [TEST_STEP][PASSED] - setText: Text '10' is set on object 'Object Repository/HealthpostToStore/Page_HealthPost Store/input_txttreat'

2018-06-09 22:08:14 - [MESSAGE][PASSED] - Text '10' is set on object 'Object Repository/HealthpostToStore/Page_HealthPost Store/input_txttreat'

2018-06-09 22:08:14 - [TEST_STEP][PASSED] - click: Object: 'Object Repository/HealthpostToStore/Page_HealthPost Store/button_Add' is clicked on

2018-06-09 22:08:14 - [MESSAGE][PASSED] - Object: 'Object Repository/HealthpostToStore/Page_HealthPost Store/button_Add' is clicked on

2018-06-09 22:08:14 - [TEST_STEP][PASSED] - selectOptionByIndex: All options with index in [11] are selected on object 'Object Repository/HealthpostToStore/Page_HealthPost Store/select_--Select--Schedule 1Inj'

2018-06-09 22:08:14 - [MESSAGE][PASSED] - All options with index in [11] are selected on object 'Object Repository/HealthpostToStore/Page_HealthPost Store/select_--Select--Schedule 1Inj'

2018-06-09 22:08:14 - [TEST_STEP][PASSED] - selectOptionByIndex: All options with index in [34] are selected on object 'Object Repository/HealthpostToStore/Page_HealthPost Store/select_--Select--Adernaline 0.'

2018-06-09 22:08:15 - [MESSAGE][PASSED] - All options with index in [34] are selected on object 'Object Repository/HealthpostToStore/Page_HealthPost Store/select_--Select--Adernaline 0.'

2018-06-09 22:08:15 - [TEST_STEP][PASSED] - setText: Text '10' is set on object 'Object Repository/HealthpostToStore/Page_HealthPost Store/input_txttreat'

2018-06-09 22:08:15 - [MESSAGE][PASSED] - Text '10' is set on object 'Object Repository/HealthpostToStore/Page_HealthPost Store/input_txttreat'

2018-06-09 22:08:15 - [TEST_STEP][PASSED] - click: Object: 'Object Repository/HealthpostToStore/Page_HealthPost Store/button_Add' is clicked on

2018-06-09 22:08:15 - [MESSAGE][PASSED] - Object: 'Object Repository/HealthpostToStore/Page_HealthPost Store/button_Add' is clicked on

2018-06-09 22:08:15 - [TEST_STEP][PASSED] - selectOptionByIndex: All options with index in [11] are selected on object 'Object Repository/HealthpostToStore/Page_HealthPost Store/select_--Select--Schedule 1Inj'

2018-06-09 22:08:15 - [MESSAGE][PASSED] - All options with index in [11] are selected on object 'Object Repository/HealthpostToStore/Page_HealthPost Store/select_--Select--Schedule 1Inj'

2018-06-09 22:08:15 - [TEST_STEP][PASSED] - selectOptionByIndex: All options with index in [35] are selected on object 'Object Repository/HealthpostToStore/Page_HealthPost Store/select_--Select--Adernaline 0.'

2018-06-09 22:08:15 - [MESSAGE][PASSED] - All options with index in [35] are selected on object 'Object Repository/HealthpostToStore/Page_HealthPost Store/select_--Select--Adernaline 0.'

2018-06-09 22:08:15 - [TEST_STEP][PASSED] - setText: Text '10' is set on object 'Object Repository/HealthpostToStore/Page_HealthPost Store/input_txttreat'

2018-06-09 22:08:16 - [MESSAGE][PASSED] - Text '10' is set on object 'Object Repository/HealthpostToStore/Page_HealthPost Store/input_txttreat'

2018-06-09 22:08:16 - [TEST_STEP][PASSED] - click: Object: 'Object Repository/HealthpostToStore/Page_HealthPost Store/button_Add' is clicked on

2018-06-09 22:08:16 - [MESSAGE][PASSED] - Object: 'Object Repository/HealthpostToStore/Page_HealthPost Store/button_Add' is clicked on

2018-06-09 22:08:16 - [TEST_STEP][PASSED] - selectOptionByIndex: All options with index in [11] are selected on object 'Object Repository/HealthpostToStore/Page_HealthPost Store/select_--Select--Schedule 1Inj'

2018-06-09 22:08:16 - [MESSAGE][PASSED] - All options with index in [11] are selected on object 'Object Repository/HealthpostToStore/Page_HealthPost Store/select_--Select--Schedule 1Inj'

2018-06-09 22:08:16 - [TEST_STEP][PASSED] - selectOptionByIndex: All options with index in [36] are selected on object 'Object Repository/HealthpostToStore/Page_HealthPost Store/select_--Select--Adernaline 0.'

2018-06-09 22:08:16 - [MESSAGE][PASSED] - All options with index in [36] are selected on object 'Object Repository/HealthpostToStore/Page_HealthPost Store/select_--Select--Adernaline 0.'

2018-06-09 22:08:16 - [TEST_STEP][PASSED] - setText: Text '10' is set on object 'Object Repository/HealthpostToStore/Page_HealthPost Store/input_txttreat'

2018-06-09 22:08:16 - [MESSAGE][PASSED] - Text '10' is set on object 'Object Repository/HealthpostToStore/Page_HealthPost Store/input_txttreat'

2018-06-09 22:08:16 - [TEST_STEP][PASSED] - click: Object: 'Object Repository/HealthpostToStore/Page_HealthPost Store/button_Add' is clicked on

2018-06-09 22:08:17 - [MESSAGE][PASSED] - Object: 'Object Repository/HealthpostToStore/Page_HealthPost Store/button_Add' is clicked on

2018-06-09 22:08:17 - [TEST_STEP][PASSED] - selectOptionByIndex: All options with index in [11] are selected on object 'Object Repository/HealthpostToStore/Page_HealthPost Store/select_--Select--Schedule 1Inj'

2018-06-09 22:08:17 - [MESSAGE][PASSED] - All options with index in [11] are selected on object 'Object Repository/HealthpostToStore/Page_HealthPost Store/select_--Select--Schedule 1Inj'

2018-06-09 22:08:17 - [TEST_STEP][PASSED] - selectOptionByIndex: All options with index in [37] are selected on object 'Object Repository/HealthpostToStore/Page_HealthPost Store/select_--Select--Adernaline 0.'

2018-06-09 22:08:17 - [MESSAGE][PASSED] - All options with index in [37] are selected on object 'Object Repository/HealthpostToStore/Page_HealthPost Store/select_--Select--Adernaline 0.'

2018-06-09 22:08:17 - [TEST_STEP][PASSED] - setText: Text '10' is set on object 'Object Repository/HealthpostToStore/Page_HealthPost Store/input_txttreat'

2018-06-09 22:08:17 - [MESSAGE][PASSED] - Text '10' is set on object 'Object Repository/HealthpostToStore/Page_HealthPost Store/input_txttreat'

2018-06-09 22:08:17 - [TEST_STEP][PASSED] - click: Object: 'Object Repository/HealthpostToStore/Page_HealthPost Store/button_Add' is clicked on

2018-06-09 22:08:17 - [MESSAGE][PASSED] - Object: 'Object Repository/HealthpostToStore/Page_HealthPost Store/button_Add' is clicked on

2018-06-09 22:08:17 - [TEST_STEP][PASSED] - selectOptionByIndex: All options with index in [11] are selected on object 'Object Repository/HealthpostToStore/Page_HealthPost Store/select_--Select--Schedule 1Inj'

2018-06-09 22:08:18 - [MESSAGE][PASSED] - All options with index in [11] are selected on object 'Object Repository/HealthpostToStore/Page_HealthPost Store/select_--Select--Schedule 1Inj'

2018-06-09 22:08:18 - [TEST_STEP][PASSED] - selectOptionByIndex: All options with index in [38] are selected on object 'Object Repository/HealthpostToStore/Page_HealthPost Store/select_--Select--Adernaline 0.'

2018-06-09 22:08:18 - [MESSAGE][PASSED] - All options with index in [38] are selected on object 'Object Repository/HealthpostToStore/Page_HealthPost Store/select_--Select--Adernaline 0.'

2018-06-09 22:08:18 - [TEST_STEP][PASSED] - setText: Text '10' is set on object 'Object Repository/HealthpostToStore/Page_HealthPost Store/input_txttreat'

2018-06-09 22:08:18 - [MESSAGE][PASSED] - Text '10' is set on object 'Object Repository/HealthpostToStore/Page_HealthPost Store/input_txttreat'

2018-06-09 22:08:18 - [TEST_STEP][PASSED] - click: Object: 'Object Repository/HealthpostToStore/Page_HealthPost Store/button_Add' is clicked on

2018-06-09 22:08:18 - [MESSAGE][PASSED] - Object: 'Object Repository/HealthpostToStore/Page_HealthPost Store/button_Add' is clicked on

2018-06-09 22:08:18 - [TEST_STEP][PASSED] - selectOptionByIndex: All options with index in [11] are selected on object 'Object Repository/HealthpostToStore/Page_HealthPost Store/select_--Select--Schedule 1Inj'

2018-06-09 22:08:19 - [MESSAGE][PASSED] - All options with index in [11] are selected on object 'Object Repository/HealthpostToStore/Page_HealthPost Store/select_--Select--Schedule 1Inj'

2018-06-09 22:08:19 - [TEST_STEP][PASSED] - selectOptionByIndex: All options with index in [39] are selected on object 'Object Repository/HealthpostToStore/Page_HealthPost Store/select_--Select--Adernaline 0.'

2018-06-09 22:08:19 - [MESSAGE][PASSED] - All options with index in [39] are selected on object 'Object Repository/HealthpostToStore/Page_HealthPost Store/select_--Select--Adernaline 0.'

2018-06-09 22:08:19 - [TEST_STEP][PASSED] - setText: Text '10' is set on object 'Object Repository/HealthpostToStore/Page_HealthPost Store/input_txttreat'

2018-06-09 22:08:19 - [MESSAGE][PASSED] - Text '10' is set on object 'Object Repository/HealthpostToStore/Page_HealthPost Store/input_txttreat'

2018-06-09 22:08:19 - [TEST_STEP][PASSED] - click: Object: 'Object Repository/HealthpostToStore/Page_HealthPost Store/button_Add' is clicked on

2018-06-09 22:08:19 - [MESSAGE][PASSED] - Object: 'Object Repository/HealthpostToStore/Page_HealthPost Store/button_Add' is clicked on

2018-06-09 22:08:19 - [TEST_STEP][PASSED] - selectOptionByIndex: All options with index in [11] are selected on object 'Object Repository/HealthpostToStore/Page_HealthPost Store/select_--Select--Schedule 1Inj'

2018-06-09 22:08:19 - [MESSAGE][PASSED] - All options with index in [11] are selected on object 'Object Repository/HealthpostToStore/Page_HealthPost Store/select_--Select--Schedule 1Inj'

2018-06-09 22:08:19 - [TEST_STEP][PASSED] - selectOptionByIndex: All options with index in [40] are selected on object 'Object Repository/HealthpostToStore/Page_HealthPost Store/select_--Select--Adernaline 0.'

2018-06-09 22:08:20 - [MESSAGE][PASSED] - All options with index in [40] are selected on object 'Object Repository/HealthpostToStore/Page_HealthPost Store/select_--Select--Adernaline 0.'

2018-06-09 22:08:20 - [TEST_STEP][PASSED] - setText: Text '10' is set on object 'Object Repository/HealthpostToStore/Page_HealthPost Store/input_txttreat'

2018-06-09 22:08:20 - [MESSAGE][PASSED] - Text '10' is set on object 'Object Repository/HealthpostToStore/Page_HealthPost Store/input_txttreat'

2018-06-09 22:08:20 - [TEST_STEP][PASSED] - click: Object: 'Object Repository/HealthpostToStore/Page_HealthPost Store/button_Add' is clicked on

2018-06-09 22:08:20 - [MESSAGE][PASSED] - Object: 'Object Repository/HealthpostToStore/Page_HealthPost Store/button_Add' is clicked on

2018-06-09 22:08:20 - [TEST_STEP][PASSED] - selectOptionByIndex: All options with index in [11] are selected on object 'Object Repository/HealthpostToStore/Page_HealthPost Store/select_--Select--Schedule 1Inj'

2018-06-09 22:08:20 - [MESSAGE][PASSED] - All options with index in [11] are selected on object 'Object Repository/HealthpostToStore/Page_HealthPost Store/select_--Select--Schedule 1Inj'

2018-06-09 22:08:20 - [TEST_STEP][PASSED] - selectOptionByIndex: All options with index in [41] are selected on object 'Object Repository/HealthpostToStore/Page_HealthPost Store/select_--Select--Adernaline 0.'

2018-06-09 22:08:21 - [MESSAGE][PASSED] - All options with index in [41] are selected on object 'Object Repository/HealthpostToStore/Page_HealthPost Store/select_--Select--Adernaline 0.'

2018-06-09 22:08:21 - [TEST_STEP][PASSED] - setText: Text '10' is set on object 'Object Repository/HealthpostToStore/Page_HealthPost Store/input_txttreat'

2018-06-09 22:08:21 - [MESSAGE][PASSED] - Text '10' is set on object 'Object Repository/HealthpostToStore/Page_HealthPost Store/input_txttreat'

2018-06-09 22:08:21 - [TEST_STEP][PASSED] - click: Object: 'Object Repository/HealthpostToStore/Page_HealthPost Store/button_Add' is clicked on

2018-06-09 22:08:21 - [MESSAGE][PASSED] - Object: 'Object Repository/HealthpostToStore/Page_HealthPost Store/button_Add' is clicked on

2018-06-09 22:08:21 - [TEST_STEP][PASSED] - selectOptionByIndex: All options with index in [11] are selected on object 'Object Repository/HealthpostToStore/Page_HealthPost Store/select_--Select--Schedule 1Inj'

2018-06-09 22:08:21 - [MESSAGE][PASSED] - All options with index in [11] are selected on object 'Object Repository/HealthpostToStore/Page_HealthPost Store/select_--Select--Schedule 1Inj'

2018-06-09 22:08:21 - [TEST_STEP][PASSED] - selectOptionByIndex: All options with index in [42] are selected on object 'Object Repository/HealthpostToStore/Page_HealthPost Store/select_--Select--Adernaline 0.'

2018-06-09 22:08:22 - [MESSAGE][PASSED] - All options with index in [42] are selected on object 'Object Repository/HealthpostToStore/Page_HealthPost Store/select_--Select--Adernaline 0.'

2018-06-09 22:08:22 - [TEST_STEP][PASSED] - setText: Text '10' is set on object 'Object Repository/HealthpostToStore/Page_HealthPost Store/input_txttreat'

2018-06-09 22:08:22 - [MESSAGE][PASSED] - Text '10' is set on object 'Object Repository/HealthpostToStore/Page_HealthPost Store/input_txttreat'

2018-06-09 22:08:22 - [TEST_STEP][PASSED] - click: Object: 'Object Repository/HealthpostToStore/Page_HealthPost Store/button_Add' is clicked on

2018-06-09 22:08:22 - [MESSAGE][PASSED] - Object: 'Object Repository/HealthpostToStore/Page_HealthPost Store/button_Add' is clicked on

2018-06-09 22:08:22 - [TEST_STEP][PASSED] - selectOptionByIndex: All options with index in [11] are selected on object 'Object Repository/HealthpostToStore/Page_HealthPost Store/select_--Select--Schedule 1Inj'

2018-06-09 22:08:22 - [MESSAGE][PASSED] - All options with index in [11] are selected on object 'Object Repository/HealthpostToStore/Page_HealthPost Store/select_--Select--Schedule 1Inj'

2018-06-09 22:08:22 - [TEST_STEP][PASSED] - selectOptionByIndex: All options with index in [43] are selected on object 'Object Repository/HealthpostToStore/Page_HealthPost Store/select_--Select--Adernaline 0.'

2018-06-09 22:08:23 - [MESSAGE][PASSED] - All options with index in [43] are selected on object 'Object Repository/HealthpostToStore/Page_HealthPost Store/select_--Select--Adernaline 0.'

2018-06-09 22:08:23 - [TEST_STEP][PASSED] - setText: Text '10' is set on object 'Object Repository/HealthpostToStore/Page_HealthPost Store/input_txttreat'

2018-06-09 22:08:23 - [MESSAGE][PASSED] - Text '10' is set on object 'Object Repository/HealthpostToStore/Page_HealthPost Store/input_txttreat'

2018-06-09 22:08:23 - [TEST_STEP][PASSED] - click: Object: 'Object Repository/HealthpostToStore/Page_HealthPost Store/button_Add' is clicked on

2018-06-09 22:08:23 - [MESSAGE][PASSED] - Object: 'Object Repository/HealthpostToStore/Page_HealthPost Store/button_Add' is clicked on

2018-06-09 22:08:23 - [TEST_STEP][PASSED] - selectOptionByIndex: All options with index in [11] are selected on object 'Object Repository/HealthpostToStore/Page_HealthPost Store/select_--Select--Schedule 1Inj'

2018-06-09 22:08:23 - [MESSAGE][PASSED] - All options with index in [11] are selected on object 'Object Repository/HealthpostToStore/Page_HealthPost Store/select_--Select--Schedule 1Inj'

2018-06-09 22:08:23 - [TEST_STEP][PASSED] - selectOptionByIndex: All options with index in [44] are selected on object 'Object Repository/HealthpostToStore/Page_HealthPost Store/select_--Select--Adernaline 0.'

2018-06-09 22:08:24 - [MESSAGE][PASSED] - All options with index in [44] are selected on object 'Object Repository/HealthpostToStore/Page_HealthPost Store/select_--Select--Adernaline 0.'

2018-06-09 22:08:24 - [TEST_STEP][PASSED] - setText: Text '10' is set on object 'Object Repository/HealthpostToStore/Page_HealthPost Store/input_txttreat'

2018-06-09 22:08:24 - [MESSAGE][PASSED] - Text '10' is set on object 'Object Repository/HealthpostToStore/Page_HealthPost Store/input_txttreat'

2018-06-09 22:08:24 - [TEST_STEP][PASSED] - click: Object: 'Object Repository/HealthpostToStore/Page_HealthPost Store/button_Add' is clicked on

2018-06-09 22:08:24 - [MESSAGE][PASSED] - Object: 'Object Repository/HealthpostToStore/Page_HealthPost Store/button_Add' is clicked on

2018-06-09 22:08:24 - [TEST_STEP][PASSED] - selectOptionByIndex: All options with index in [11] are selected on object 'Object Repository/HealthpostToStore/Page_HealthPost Store/select_--Select--Schedule 1Inj'

2018-06-09 22:08:24 - [MESSAGE][PASSED] - All options with index in [11] are selected on object 'Object Repository/HealthpostToStore/Page_HealthPost Store/select_--Select--Schedule 1Inj'

2018-06-09 22:08:24 - [TEST_STEP][PASSED] - selectOptionByIndex: All options with index in [45] are selected on object 'Object Repository/HealthpostToStore/Page_HealthPost Store/select_--Select--Adernaline 0.'

2018-06-09 22:08:25 - [MESSAGE][PASSED] - All options with index in [45] are selected on object 'Object Repository/HealthpostToStore/Page_HealthPost Store/select_--Select--Adernaline 0.'

2018-06-09 22:08:25 - [TEST_STEP][PASSED] - setText: Text '10' is set on object 'Object Repository/HealthpostToStore/Page_HealthPost Store/input_txttreat'

2018-06-09 22:08:25 - [MESSAGE][PASSED] - Text '10' is set on object 'Object Repository/HealthpostToStore/Page_HealthPost Store/input_txttreat'

2018-06-09 22:08:25 - [TEST_STEP][PASSED] - click: Object: 'Object Repository/HealthpostToStore/Page_HealthPost Store/button_Add' is clicked on

2018-06-09 22:08:25 - [MESSAGE][PASSED] - Object: 'Object Repository/HealthpostToStore/Page_HealthPost Store/button_Add' is clicked on

2018-06-09 22:08:25 - [TEST_STEP][PASSED] - selectOptionByIndex: All options with index in [11] are selected on object 'Object Repository/HealthpostToStore/Page_HealthPost Store/select_--Select--Schedule 1Inj'

2018-06-09 22:08:25 - [MESSAGE][PASSED] - All options with index in [11] are selected on object 'Object Repository/HealthpostToStore/Page_HealthPost Store/select_--Select--Schedule 1Inj'

2018-06-09 22:08:25 - [TEST_STEP][PASSED] - selectOptionByIndex: All options with index in [46] are selected on object 'Object Repository/HealthpostToStore/Page_HealthPost Store/select_--Select--Adernaline 0.'

2018-06-09 22:08:26 - [MESSAGE][PASSED] - All options with index in [46] are selected on object 'Object Repository/HealthpostToStore/Page_HealthPost Store/select_--Select--Adernaline 0.'

2018-06-09 22:08:26 - [TEST_STEP][PASSED] - setText: Text '10' is set on object 'Object Repository/HealthpostToStore/Page_HealthPost Store/input_txttreat'

2018-06-09 22:08:26 - [MESSAGE][PASSED] - Text '10' is set on object 'Object Repository/HealthpostToStore/Page_HealthPost Store/input_txttreat'

2018-06-09 22:08:26 - [TEST_STEP][PASSED] - click: Object: 'Object Repository/HealthpostToStore/Page_HealthPost Store/button_Add' is clicked on

2018-06-09 22:08:26 - [MESSAGE][PASSED] - Object: 'Object Repository/HealthpostToStore/Page_HealthPost Store/button_Add' is clicked on

2018-06-09 22:08:26 - [TEST_STEP][PASSED] - selectOptionByIndex: All options with index in [11] are selected on object 'Object Repository/HealthpostToStore/Page_HealthPost Store/select_--Select--Schedule 1Inj'

2018-06-09 22:08:26 - [MESSAGE][PASSED] - All options with index in [11] are selected on object 'Object Repository/HealthpostToStore/Page_HealthPost Store/select_--Select--Schedule 1Inj'

2018-06-09 22:08:26 - [TEST_STEP][PASSED] - selectOptionByIndex: All options with index in [47] are selected on object 'Object Repository/HealthpostToStore/Page_HealthPost Store/select_--Select--Adernaline 0.'

2018-06-09 22:08:27 - [MESSAGE][PASSED] - All options with index in [47] are selected on object 'Object Repository/HealthpostToStore/Page_HealthPost Store/select_--Select--Adernaline 0.'

2018-06-09 22:08:27 - [TEST_STEP][PASSED] - setText: Text '10' is set on object 'Object Repository/HealthpostToStore/Page_HealthPost Store/input_txttreat'

2018-06-09 22:08:27 - [MESSAGE][PASSED] - Text '10' is set on object 'Object Repository/HealthpostToStore/Page_HealthPost Store/input_txttreat'

2018-06-09 22:08:27 - [TEST_STEP][PASSED] - click: Object: 'Object Repository/HealthpostToStore/Page_HealthPost Store/button_Add' is clicked on

2018-06-09 22:08:27 - [MESSAGE][PASSED] - Object: 'Object Repository/HealthpostToStore/Page_HealthPost Store/button_Add' is clicked on

2018-06-09 22:08:27 - [TEST_STEP][PASSED] - selectOptionByIndex: All options with index in [11] are selected on object 'Object Repository/HealthpostToStore/Page_HealthPost Store/select_--Select--Schedule 1Inj'

2018-06-09 22:08:27 - [MESSAGE][PASSED] - All options with index in [11] are selected on object 'Object Repository/HealthpostToStore/Page_HealthPost Store/select_--Select--Schedule 1Inj'

2018-06-09 22:08:27 - [TEST_STEP][PASSED] - selectOptionByIndex: All options with index in [48] are selected on object 'Object Repository/HealthpostToStore/Page_HealthPost Store/select_--Select--Adernaline 0.'

2018-06-09 22:08:28 - [MESSAGE][PASSED] - All options with index in [48] are selected on object 'Object Repository/HealthpostToStore/Page_HealthPost Store/select_--Select--Adernaline 0.'

2018-06-09 22:08:28 - [TEST_STEP][PASSED] - setText: Text '10' is set on object 'Object Repository/HealthpostToStore/Page_HealthPost Store/input_txttreat'

2018-06-09 22:08:28 - [MESSAGE][PASSED] - Text '10' is set on object 'Object Repository/HealthpostToStore/Page_HealthPost Store/input_txttreat'

2018-06-09 22:08:28 - [TEST_STEP][PASSED] - click: Object: 'Object Repository/HealthpostToStore/Page_HealthPost Store/button_Add' is clicked on

2018-06-09 22:08:28 - [MESSAGE][PASSED] - Object: 'Object Repository/HealthpostToStore/Page_HealthPost Store/button_Add' is clicked on

2018-06-09 22:08:28 - [TEST_STEP][PASSED] - selectOptionByIndex: All options with index in [11] are selected on object 'Object Repository/HealthpostToStore/Page_HealthPost Store/select_--Select--Schedule 1Inj'

2018-06-09 22:08:28 - [MESSAGE][PASSED] - All options with index in [11] are selected on object 'Object Repository/HealthpostToStore/Page_HealthPost Store/select_--Select--Schedule 1Inj'

2018-06-09 22:08:28 - [TEST_STEP][PASSED] - selectOptionByIndex: All options with index in [49] are selected on object 'Object Repository/HealthpostToStore/Page_HealthPost Store/select_--Select--Adernaline 0.'

2018-06-09 22:08:29 - [MESSAGE][PASSED] - All options with index in [49] are selected on object 'Object Repository/HealthpostToStore/Page_HealthPost Store/select_--Select--Adernaline 0.'

2018-06-09 22:08:29 - [TEST_STEP][PASSED] - setText: Text '10' is set on object 'Object Repository/HealthpostToStore/Page_HealthPost Store/input_txttreat'

2018-06-09 22:08:29 - [MESSAGE][PASSED] - Text '10' is set on object 'Object Repository/HealthpostToStore/Page_HealthPost Store/input_txttreat'

2018-06-09 22:08:29 - [TEST_STEP][PASSED] - click: Object: 'Object Repository/HealthpostToStore/Page_HealthPost Store/button_Add' is clicked on

2018-06-09 22:08:29 - [MESSAGE][PASSED] - Object: 'Object Repository/HealthpostToStore/Page_HealthPost Store/button_Add' is clicked on

2018-06-09 22:08:29 - [TEST_STEP][PASSED] - selectOptionByIndex: All options with index in [11] are selected on object 'Object Repository/HealthpostToStore/Page_HealthPost Store/select_--Select--Schedule 1Inj'

2018-06-09 22:08:29 - [MESSAGE][PASSED] - All options with index in [11] are selected on object 'Object Repository/HealthpostToStore/Page_HealthPost Store/select_--Select--Schedule 1Inj'

2018-06-09 22:08:29 - [TEST_STEP][PASSED] - selectOptionByIndex: All options with index in [50] are selected on object 'Object Repository/HealthpostToStore/Page_HealthPost Store/select_--Select--Adernaline 0.'

2018-06-09 22:08:30 - [MESSAGE][PASSED] - All options with index in [50] are selected on object 'Object Repository/HealthpostToStore/Page_HealthPost Store/select_--Select--Adernaline 0.'

2018-06-09 22:08:30 - [TEST_STEP][PASSED] - setText: Text '10' is set on object 'Object Repository/HealthpostToStore/Page_HealthPost Store/input_txttreat'

2018-06-09 22:08:30 - [MESSAGE][PASSED] - Text '10' is set on object 'Object Repository/HealthpostToStore/Page_HealthPost Store/input_txttreat'

2018-06-09 22:08:30 - [TEST_STEP][PASSED] - click: Object: 'Object Repository/HealthpostToStore/Page_HealthPost Store/button_Add' is clicked on

2018-06-09 22:08:30 - [MESSAGE][PASSED] - Object: 'Object Repository/HealthpostToStore/Page_HealthPost Store/button_Add' is clicked on

2018-06-09 22:08:30 - [TEST_STEP][PASSED] - selectOptionByIndex: All options with index in [11] are selected on object 'Object Repository/HealthpostToStore/Page_HealthPost Store/select_--Select--Schedule 1Inj'

2018-06-09 22:08:30 - [MESSAGE][PASSED] - All options with index in [11] are selected on object 'Object Repository/HealthpostToStore/Page_HealthPost Store/select_--Select--Schedule 1Inj'

2018-06-09 22:08:30 - [TEST_STEP][PASSED] - selectOptionByIndex: All options with index in [51] are selected on object 'Object Repository/HealthpostToStore/Page_HealthPost Store/select_--Select--Adernaline 0.'

2018-06-09 22:08:31 - [MESSAGE][PASSED] - All options with index in [51] are selected on object 'Object Repository/HealthpostToStore/Page_HealthPost Store/select_--Select--Adernaline 0.'

2018-06-09 22:08:31 - [TEST_STEP][PASSED] - setText: Text '10' is set on object 'Object Repository/HealthpostToStore/Page_HealthPost Store/input_txttreat'

2018-06-09 22:08:31 - [MESSAGE][PASSED] - Text '10' is set on object 'Object Repository/HealthpostToStore/Page_HealthPost Store/input_txttreat'

2018-06-09 22:08:31 - [TEST_STEP][PASSED] - click: Object: 'Object Repository/HealthpostToStore/Page_HealthPost Store/button_Add' is clicked on

2018-06-09 22:08:31 - [MESSAGE][PASSED] - Object: 'Object Repository/HealthpostToStore/Page_HealthPost Store/button_Add' is clicked on

2018-06-09 22:08:31 - [TEST_STEP][PASSED] - selectOptionByIndex: All options with index in [11] are selected on object 'Object Repository/HealthpostToStore/Page_HealthPost Store/select_--Select--Schedule 1Inj'

2018-06-09 22:08:31 - [MESSAGE][PASSED] - All options with index in [11] are selected on object 'Object Repository/HealthpostToStore/Page_HealthPost Store/select_--Select--Schedule 1Inj'

2018-06-09 22:08:31 - [TEST_STEP][PASSED] - selectOptionByIndex: All options with index in [52] are selected on object 'Object Repository/HealthpostToStore/Page_HealthPost Store/select_--Select--Adernaline 0.'

2018-06-09 22:08:32 - [MESSAGE][PASSED] - All options with index in [52] are selected on object 'Object Repository/HealthpostToStore/Page_HealthPost Store/select_--Select--Adernaline 0.'

2018-06-09 22:08:32 - [TEST_STEP][PASSED] - setText: Text '10' is set on object 'Object Repository/HealthpostToStore/Page_HealthPost Store/input_txttreat'

2018-06-09 22:08:32 - [MESSAGE][PASSED] - Text '10' is set on object 'Object Repository/HealthpostToStore/Page_HealthPost Store/input_txttreat'

2018-06-09 22:08:32 - [TEST_STEP][PASSED] - click: Object: 'Object Repository/HealthpostToStore/Page_HealthPost Store/button_Add' is clicked on

2018-06-09 22:08:32 - [MESSAGE][PASSED] - Object: 'Object Repository/HealthpostToStore/Page_HealthPost Store/button_Add' is clicked on

2018-06-09 22:08:32 - [TEST_STEP][PASSED] - selectOptionByIndex: All options with index in [11] are selected on object 'Object Repository/HealthpostToStore/Page_HealthPost Store/select_--Select--Schedule 1Inj'

2018-06-09 22:08:32 - [MESSAGE][PASSED] - All options with index in [11] are selected on object 'Object Repository/HealthpostToStore/Page_HealthPost Store/select_--Select--Schedule 1Inj'

2018-06-09 22:08:32 - [TEST_STEP][PASSED] - selectOptionByIndex: All options with index in [53] are selected on object 'Object Repository/HealthpostToStore/Page_HealthPost Store/select_--Select--Adernaline 0.'

2018-06-09 22:08:33 - [MESSAGE][PASSED] - All options with index in [53] are selected on object 'Object Repository/HealthpostToStore/Page_HealthPost Store/select_--Select--Adernaline 0.'

2018-06-09 22:08:33 - [TEST_STEP][PASSED] - setText: Text '10' is set on object 'Object Repository/HealthpostToStore/Page_HealthPost Store/input_txttreat'

2018-06-09 22:08:33 - [MESSAGE][PASSED] - Text '10' is set on object 'Object Repository/HealthpostToStore/Page_HealthPost Store/input_txttreat'

2018-06-09 22:08:33 - [TEST_STEP][PASSED] - click: Object: 'Object Repository/HealthpostToStore/Page_HealthPost Store/button_Add' is clicked on

2018-06-09 22:08:33 - [MESSAGE][PASSED] - Object: 'Object Repository/HealthpostToStore/Page_HealthPost Store/button_Add' is clicked on

2018-06-09 22:08:33 - [TEST_STEP][PASSED] - selectOptionByIndex: All options with index in [11] are selected on object 'Object Repository/HealthpostToStore/Page_HealthPost Store/select_--Select--Schedule 1Inj'

2018-06-09 22:08:33 - [MESSAGE][PASSED] - All options with index in [11] are selected on object 'Object Repository/HealthpostToStore/Page_HealthPost Store/select_--Select--Schedule 1Inj'

2018-06-09 22:08:33 - [TEST_STEP][PASSED] - selectOptionByIndex: All options with index in [54] are selected on object 'Object Repository/HealthpostToStore/Page_HealthPost Store/select_--Select--Adernaline 0.'

2018-06-09 22:08:34 - [MESSAGE][PASSED] - All options with index in [54] are selected on object 'Object Repository/HealthpostToStore/Page_HealthPost Store/select_--Select--Adernaline 0.'

2018-06-09 22:08:34 - [TEST_STEP][PASSED] - setText: Text '10' is set on object 'Object Repository/HealthpostToStore/Page_HealthPost Store/input_txttreat'

2018-06-09 22:08:34 - [MESSAGE][PASSED] - Text '10' is set on object 'Object Repository/HealthpostToStore/Page_HealthPost Store/input_txttreat'

2018-06-09 22:08:34 - [TEST_STEP][PASSED] - click: Object: 'Object Repository/HealthpostToStore/Page_HealthPost Store/button_Add' is clicked on

2018-06-09 22:08:34 - [MESSAGE][PASSED] - Object: 'Object Repository/HealthpostToStore/Page_HealthPost Store/button_Add' is clicked on

2018-06-09 22:08:34 - [TEST_STEP][PASSED] - selectOptionByIndex: All options with index in [11] are selected on object 'Object Repository/HealthpostToStore/Page_HealthPost Store/select_--Select--Schedule 1Inj'

2018-06-09 22:08:35 - [MESSAGE][PASSED] - All options with index in [11] are selected on object 'Object Repository/HealthpostToStore/Page_HealthPost Store/select_--Select--Schedule 1Inj'

2018-06-09 22:08:35 - [TEST_STEP][PASSED] - selectOptionByIndex: All options with index in [55] are selected on object 'Object Repository/HealthpostToStore/Page_HealthPost Store/select_--Select--Adernaline 0.'

2018-06-09 22:08:35 - [MESSAGE][PASSED] - All options with index in [55] are selected on object 'Object Repository/HealthpostToStore/Page_HealthPost Store/select_--Select--Adernaline 0.'

2018-06-09 22:08:35 - [TEST_STEP][PASSED] - setText: Text '10' is set on object 'Object Repository/HealthpostToStore/Page_HealthPost Store/input_txttreat'

2018-06-09 22:08:35 - [MESSAGE][PASSED] - Text '10' is set on object 'Object Repository/HealthpostToStore/Page_HealthPost Store/input_txttreat'

2018-06-09 22:08:35 - [TEST_STEP][PASSED] - click: Object: 'Object Repository/HealthpostToStore/Page_HealthPost Store/button_Add' is clicked on

2018-06-09 22:08:35 - [MESSAGE][PASSED] - Object: 'Object Repository/HealthpostToStore/Page_HealthPost Store/button_Add' is clicked on

2018-06-09 22:08:35 - [TEST_STEP][PASSED] - selectOptionByIndex: All options with index in [11] are selected on object 'Object Repository/HealthpostToStore/Page_HealthPost Store/select_--Select--Schedule 1Inj'

2018-06-09 22:08:36 - [MESSAGE][PASSED] - All options with index in [11] are selected on object 'Object Repository/HealthpostToStore/Page_HealthPost Store/select_--Select--Schedule 1Inj'

2018-06-09 22:08:36 - [TEST_STEP][PASSED] - selectOptionByIndex: All options with index in [56] are selected on object 'Object Repository/HealthpostToStore/Page_HealthPost Store/select_--Select--Adernaline 0.'

2018-06-09 22:08:36 - [MESSAGE][PASSED] - All options with index in [56] are selected on object 'Object Repository/HealthpostToStore/Page_HealthPost Store/select_--Select--Adernaline 0.'

2018-06-09 22:08:36 - [TEST_STEP][PASSED] - setText: Text '10' is set on object 'Object Repository/HealthpostToStore/Page_HealthPost Store/input_txttreat'

2018-06-09 22:08:36 - [MESSAGE][PASSED] - Text '10' is set on object 'Object Repository/HealthpostToStore/Page_HealthPost Store/input_txttreat'

2018-06-09 22:08:36 - [TEST_STEP][PASSED] - click: Object: 'Object Repository/HealthpostToStore/Page_HealthPost Store/button_Add' is clicked on

2018-06-09 22:08:37 - [MESSAGE][PASSED] - Object: 'Object Repository/HealthpostToStore/Page_HealthPost Store/button_Add' is clicked on

2018-06-09 22:08:37 - [TEST_STEP][PASSED] - selectOptionByIndex: All options with index in [11] are selected on object 'Object Repository/HealthpostToStore/Page_HealthPost Store/select_--Select--Schedule 1Inj'

2018-06-09 22:08:37 - [MESSAGE][PASSED] - All options with index in [11] are selected on object 'Object Repository/HealthpostToStore/Page_HealthPost Store/select_--Select--Schedule 1Inj'

2018-06-09 22:08:37 - [TEST_STEP][PASSED] - selectOptionByIndex: All options with index in [57] are selected on object 'Object Repository/HealthpostToStore/Page_HealthPost Store/select_--Select--Adernaline 0.'

2018-06-09 22:08:37 - [MESSAGE][PASSED] - All options with index in [57] are selected on object 'Object Repository/HealthpostToStore/Page_HealthPost Store/select_--Select--Adernaline 0.'

2018-06-09 22:08:37 - [TEST_STEP][PASSED] - setText: Text '10' is set on object 'Object Repository/HealthpostToStore/Page_HealthPost Store/input_txttreat'

2018-06-09 22:08:38 - [MESSAGE][PASSED] - Text '10' is set on object 'Object Repository/HealthpostToStore/Page_HealthPost Store/input_txttreat'

2018-06-09 22:08:38 - [TEST_STEP][PASSED] - click: Object: 'Object Repository/HealthpostToStore/Page_HealthPost Store/button_Add' is clicked on

2018-06-09 22:08:38 - [MESSAGE][PASSED] - Object: 'Object Repository/HealthpostToStore/Page_HealthPost Store/button_Add' is clicked on

2018-06-09 22:08:38 - [TEST_STEP][PASSED] - selectOptionByIndex: All options with index in [11] are selected on object 'Object Repository/HealthpostToStore/Page_HealthPost Store/select_--Select--Schedule 1Inj'

2018-06-09 22:08:38 - [MESSAGE][PASSED] - All options with index in [11] are selected on object 'Object Repository/HealthpostToStore/Page_HealthPost Store/select_--Select--Schedule 1Inj'

2018-06-09 22:08:38 - [TEST_STEP][PASSED] - selectOptionByIndex: All options with index in [58] are selected on object 'Object Repository/HealthpostToStore/Page_HealthPost Store/select_--Select--Adernaline 0.'

2018-06-09 22:08:39 - [MESSAGE][PASSED] - All options with index in [58] are selected on object 'Object Repository/HealthpostToStore/Page_HealthPost Store/select_--Select--Adernaline 0.'

2018-06-09 22:08:39 - [TEST_STEP][PASSED] - setText: Text '10' is set on object 'Object Repository/HealthpostToStore/Page_HealthPost Store/input_txttreat'

2018-06-09 22:08:39 - [MESSAGE][PASSED] - Text '10' is set on object 'Object Repository/HealthpostToStore/Page_HealthPost Store/input_txttreat'

2018-06-09 22:08:39 - [TEST_STEP][PASSED] - click: Object: 'Object Repository/HealthpostToStore/Page_HealthPost Store/button_Add' is clicked on

2018-06-09 22:08:39 - [MESSAGE][PASSED] - Object: 'Object Repository/HealthpostToStore/Page_HealthPost Store/button_Add' is clicked on

2018-06-09 22:08:39 - [TEST_STEP][PASSED] - selectOptionByIndex: All options with index in [11] are selected on object 'Object Repository/HealthpostToStore/Page_HealthPost Store/select_--Select--Schedule 1Inj'

2018-06-09 22:08:39 - [MESSAGE][PASSED] - All options with index in [11] are selected on object 'Object Repository/HealthpostToStore/Page_HealthPost Store/select_--Select--Schedule 1Inj'

2018-06-09 22:08:39 - [TEST_STEP][PASSED] - selectOptionByIndex: All options with index in [59] are selected on object 'Object Repository/HealthpostToStore/Page_HealthPost Store/select_--Select--Adernaline 0.'

2018-06-09 22:08:40 - [MESSAGE][PASSED] - All options with index in [59] are selected on object 'Object Repository/HealthpostToStore/Page_HealthPost Store/select_--Select--Adernaline 0.'

2018-06-09 22:08:40 - [TEST_STEP][PASSED] - setText: Text '10' is set on object 'Object Repository/HealthpostToStore/Page_HealthPost Store/input_txttreat'

2018-06-09 22:08:40 - [MESSAGE][PASSED] - Text '10' is set on object 'Object Repository/HealthpostToStore/Page_HealthPost Store/input_txttreat'

2018-06-09 22:08:40 - [TEST_STEP][PASSED] - click: Object: 'Object Repository/HealthpostToStore/Page_HealthPost Store/button_Add' is clicked on

2018-06-09 22:08:40 - [MESSAGE][PASSED] - Object: 'Object Repository/HealthpostToStore/Page_HealthPost Store/button_Add' is clicked on

2018-06-09 22:08:40 - [TEST_STEP][PASSED] - selectOptionByIndex: All options with index in [11] are selected on object 'Object Repository/HealthpostToStore/Page_HealthPost Store/select_--Select--Schedule 1Inj'

2018-06-09 22:08:40 - [MESSAGE][PASSED] - All options with index in [11] are selected on object 'Object Repository/HealthpostToStore/Page_HealthPost Store/select_--Select--Schedule 1Inj'

2018-06-09 22:08:40 - [TEST_STEP][PASSED] - selectOptionByIndex: All options with index in [60] are selected on object 'Object Repository/HealthpostToStore/Page_HealthPost Store/select_--Select--Adernaline 0.'

2018-06-09 22:08:41 - [MESSAGE][PASSED] - All options with index in [60] are selected on object 'Object Repository/HealthpostToStore/Page_HealthPost Store/select_--Select--Adernaline 0.'

2018-06-09 22:08:41 - [TEST_STEP][PASSED] - setText: Text '10' is set on object 'Object Repository/HealthpostToStore/Page_HealthPost Store/input_txttreat'

2018-06-09 22:08:41 - [MESSAGE][PASSED] - Text '10' is set on object 'Object Repository/HealthpostToStore/Page_HealthPost Store/input_txttreat'

2018-06-09 22:08:41 - [TEST_STEP][PASSED] - click: Object: 'Object Repository/HealthpostToStore/Page_HealthPost Store/button_Add' is clicked on

2018-06-09 22:08:41 - [MESSAGE][PASSED] - Object: 'Object Repository/HealthpostToStore/Page_HealthPost Store/button_Add' is clicked on

2018-06-09 22:08:41 - [TEST_STEP][PASSED] - selectOptionByIndex: All options with index in [11] are selected on object 'Object Repository/HealthpostToStore/Page_HealthPost Store/select_--Select--Schedule 1Inj'

2018-06-09 22:08:41 - [MESSAGE][PASSED] - All options with index in [11] are selected on object 'Object Repository/HealthpostToStore/Page_HealthPost Store/select_--Select--Schedule 1Inj'

2018-06-09 22:08:41 - [TEST_STEP][PASSED] - selectOptionByIndex: All options with index in [61] are selected on object 'Object Repository/HealthpostToStore/Page_HealthPost Store/select_--Select--Adernaline 0.'

2018-06-09 22:08:42 - [MESSAGE][PASSED] - All options with index in [61] are selected on object 'Object Repository/HealthpostToStore/Page_HealthPost Store/select_--Select--Adernaline 0.'

2018-06-09 22:08:42 - [TEST_STEP][PASSED] - setText: Text '10' is set on object 'Object Repository/HealthpostToStore/Page_HealthPost Store/input_txttreat'

2018-06-09 22:08:42 - [MESSAGE][PASSED] - Text '10' is set on object 'Object Repository/HealthpostToStore/Page_HealthPost Store/input_txttreat'

2018-06-09 22:08:42 - [TEST_STEP][PASSED] - click: Object: 'Object Repository/HealthpostToStore/Page_HealthPost Store/button_Add' is clicked on

2018-06-09 22:08:42 - [MESSAGE][PASSED] - Object: 'Object Repository/HealthpostToStore/Page_HealthPost Store/button_Add' is clicked on

2018-06-09 22:08:42 - [TEST_STEP][PASSED] - selectOptionByIndex: All options with index in [11] are selected on object 'Object Repository/HealthpostToStore/Page_HealthPost Store/select_--Select--Schedule 1Inj'

2018-06-09 22:08:42 - [MESSAGE][PASSED] - All options with index in [11] are selected on object 'Object Repository/HealthpostToStore/Page_HealthPost Store/select_--Select--Schedule 1Inj'

2018-06-09 22:08:42 - [TEST_STEP][PASSED] - selectOptionByIndex: All options with index in [62] are selected on object 'Object Repository/HealthpostToStore/Page_HealthPost Store/select_--Select--Adernaline 0.'

2018-06-09 22:08:43 - [MESSAGE][PASSED] - All options with index in [62] are selected on object 'Object Repository/HealthpostToStore/Page_HealthPost Store/select_--Select--Adernaline 0.'

2018-06-09 22:08:43 - [TEST_STEP][PASSED] - setText: Text '10' is set on object 'Object Repository/HealthpostToStore/Page_HealthPost Store/input_txttreat'

2018-06-09 22:08:43 - [MESSAGE][PASSED] - Text '10' is set on object 'Object Repository/HealthpostToStore/Page_HealthPost Store/input_txttreat'

2018-06-09 22:08:43 - [TEST_STEP][PASSED] - click: Object: 'Object Repository/HealthpostToStore/Page_HealthPost Store/button_Add' is clicked on

2018-06-09 22:08:43 - [MESSAGE][PASSED] - Object: 'Object Repository/HealthpostToStore/Page_HealthPost Store/button_Add' is clicked on

2018-06-09 22:08:43 - [TEST_STEP][PASSED] - selectOptionByIndex: All options with index in [11] are selected on object 'Object Repository/HealthpostToStore/Page_HealthPost Store/select_--Select--Schedule 1Inj'

2018-06-09 22:08:44 - [MESSAGE][PASSED] - All options with index in [11] are selected on object 'Object Repository/HealthpostToStore/Page_HealthPost Store/select_--Select--Schedule 1Inj'

2018-06-09 22:08:44 - [TEST_STEP][PASSED] - selectOptionByIndex: All options with index in [63] are selected on object 'Object Repository/HealthpostToStore/Page_HealthPost Store/select_--Select--Adernaline 0.'

2018-06-09 22:08:44 - [MESSAGE][PASSED] - All options with index in [63] are selected on object 'Object Repository/HealthpostToStore/Page_HealthPost Store/select_--Select--Adernaline 0.'

2018-06-09 22:08:44 - [TEST_STEP][PASSED] - setText: Text '10' is set on object 'Object Repository/HealthpostToStore/Page_HealthPost Store/input_txttreat'

2018-06-09 22:08:44 - [MESSAGE][PASSED] - Text '10' is set on object 'Object Repository/HealthpostToStore/Page_HealthPost Store/input_txttreat'

2018-06-09 22:08:44 - [TEST_STEP][PASSED] - click: Object: 'Object Repository/HealthpostToStore/Page_HealthPost Store/button_Add' is clicked on

2018-06-09 22:08:45 - [MESSAGE][PASSED] - Object: 'Object Repository/HealthpostToStore/Page_HealthPost Store/button_Add' is clicked on

2018-06-09 22:08:45 - [TEST_STEP][PASSED] - selectOptionByIndex: All options with index in [11] are selected on object 'Object Repository/HealthpostToStore/Page_HealthPost Store/select_--Select--Schedule 1Inj'

2018-06-09 22:08:45 - [MESSAGE][PASSED] - All options with index in [11] are selected on object 'Object Repository/HealthpostToStore/Page_HealthPost Store/select_--Select--Schedule 1Inj'

2018-06-09 22:08:45 - [TEST_STEP][PASSED] - selectOptionByIndex: All options with index in [64] are selected on object 'Object Repository/HealthpostToStore/Page_HealthPost Store/select_--Select--Adernaline 0.'

2018-06-09 22:08:46 - [MESSAGE][PASSED] - All options with index in [64] are selected on object 'Object Repository/HealthpostToStore/Page_HealthPost Store/select_--Select--Adernaline 0.'

2018-06-09 22:08:46 - [TEST_STEP][PASSED] - setText: Text '10' is set on object 'Object Repository/HealthpostToStore/Page_HealthPost Store/input_txttreat'

2018-06-09 22:08:46 - [MESSAGE][PASSED] - Text '10' is set on object 'Object Repository/HealthpostToStore/Page_HealthPost Store/input_txttreat'

2018-06-09 22:08:46 - [TEST_STEP][PASSED] - click: Object: 'Object Repository/HealthpostToStore/Page_HealthPost Store/button_Add' is clicked on

2018-06-09 22:08:46 - [MESSAGE][PASSED] - Object: 'Object Repository/HealthpostToStore/Page_HealthPost Store/button_Add' is clicked on

2018-06-09 22:08:46 - [TEST_STEP][PASSED] - selectOptionByIndex: All options with index in [11] are selected on object 'Object Repository/HealthpostToStore/Page_HealthPost Store/select_--Select--Schedule 1Inj'

2018-06-09 22:08:46 - [MESSAGE][PASSED] - All options with index in [11] are selected on object 'Object Repository/HealthpostToStore/Page_HealthPost Store/select_--Select--Schedule 1Inj'

2018-06-09 22:08:46 - [TEST_STEP][PASSED] - selectOptionByIndex: All options with index in [65] are selected on object 'Object Repository/HealthpostToStore/Page_HealthPost Store/select_--Select--Adernaline 0.'

2018-06-09 22:08:47 - [MESSAGE][PASSED] - All options with index in [65] are selected on object 'Object Repository/HealthpostToStore/Page_HealthPost Store/select_--Select--Adernaline 0.'

2018-06-09 22:08:47 - [TEST_STEP][PASSED] - setText: Text '10' is set on object 'Object Repository/HealthpostToStore/Page_HealthPost Store/input_txttreat'

2018-06-09 22:08:47 - [MESSAGE][PASSED] - Text '10' is set on object 'Object Repository/HealthpostToStore/Page_HealthPost Store/input_txttreat'

2018-06-09 22:08:47 - [TEST_STEP][PASSED] - click: Object: 'Object Repository/HealthpostToStore/Page_HealthPost Store/button_Add' is clicked on

2018-06-09 22:08:47 - [MESSAGE][PASSED] - Object: 'Object Repository/HealthpostToStore/Page_HealthPost Store/button_Add' is clicked on

2018-06-09 22:08:47 - [TEST_STEP][PASSED] - selectOptionByIndex: All options with index in [11] are selected on object 'Object Repository/HealthpostToStore/Page_HealthPost Store/select_--Select--Schedule 1Inj'

2018-06-09 22:08:47 - [MESSAGE][PASSED] - All options with index in [11] are selected on object 'Object Repository/HealthpostToStore/Page_HealthPost Store/select_--Select--Schedule 1Inj'

2018-06-09 22:08:47 - [TEST_STEP][PASSED] - selectOptionByIndex: All options with index in [66] are selected on object 'Object Repository/HealthpostToStore/Page_HealthPost Store/select_--Select--Adernaline 0.'

2018-06-09 22:08:48 - [MESSAGE][PASSED] - All options with index in [66] are selected on object 'Object Repository/HealthpostToStore/Page_HealthPost Store/select_--Select--Adernaline 0.'

2018-06-09 22:08:48 - [TEST_STEP][PASSED] - setText: Text '10' is set on object 'Object Repository/HealthpostToStore/Page_HealthPost Store/input_txttreat'

2018-06-09 22:08:48 - [MESSAGE][PASSED] - Text '10' is set on object 'Object Repository/HealthpostToStore/Page_HealthPost Store/input_txttreat'

2018-06-09 22:08:48 - [TEST_STEP][PASSED] - click: Object: 'Object Repository/HealthpostToStore/Page_HealthPost Store/button_Add' is clicked on

2018-06-09 22:08:48 - [MESSAGE][PASSED] - Object: 'Object Repository/HealthpostToStore/Page_HealthPost Store/button_Add' is clicked on

2018-06-09 22:08:48 - [TEST_STEP][PASSED] - selectOptionByIndex: All options with index in [11] are selected on object 'Object Repository/HealthpostToStore/Page_HealthPost Store/select_--Select--Schedule 1Inj'

2018-06-09 22:08:48 - [MESSAGE][PASSED] - All options with index in [11] are selected on object 'Object Repository/HealthpostToStore/Page_HealthPost Store/select_--Select--Schedule 1Inj'

2018-06-09 22:08:48 - [TEST_STEP][PASSED] - selectOptionByIndex: All options with index in [67] are selected on object 'Object Repository/HealthpostToStore/Page_HealthPost Store/select_--Select--Adernaline 0.'

2018-06-09 22:08:49 - [MESSAGE][PASSED] - All options with index in [67] are selected on object 'Object Repository/HealthpostToStore/Page_HealthPost Store/select_--Select--Adernaline 0.'

2018-06-09 22:08:49 - [TEST_STEP][PASSED] - setText: Text '10' is set on object 'Object Repository/HealthpostToStore/Page_HealthPost Store/input_txttreat'

2018-06-09 22:08:49 - [MESSAGE][PASSED] - Text '10' is set on object 'Object Repository/HealthpostToStore/Page_HealthPost Store/input_txttreat'

2018-06-09 22:08:49 - [TEST_STEP][PASSED] - click: Object: 'Object Repository/HealthpostToStore/Page_HealthPost Store/button_Add' is clicked on

2018-06-09 22:08:49 - [MESSAGE][PASSED] - Object: 'Object Repository/HealthpostToStore/Page_HealthPost Store/button_Add' is clicked on

2018-06-09 22:08:49 - [TEST_STEP][PASSED] - selectOptionByIndex: All options with index in [11] are selected on object 'Object Repository/HealthpostToStore/Page_HealthPost Store/select_--Select--Schedule 1Inj'

2018-06-09 22:08:50 - [MESSAGE][PASSED] - All options with index in [11] are selected on object 'Object Repository/HealthpostToStore/Page_HealthPost Store/select_--Select--Schedule 1Inj'

2018-06-09 22:08:50 - [TEST_STEP][PASSED] - selectOptionByIndex: All options with index in [68] are selected on object 'Object Repository/HealthpostToStore/Page_HealthPost Store/select_--Select--Adernaline 0.'

2018-06-09 22:08:50 - [MESSAGE][PASSED] - All options with index in [68] are selected on object 'Object Repository/HealthpostToStore/Page_HealthPost Store/select_--Select--Adernaline 0.'

2018-06-09 22:08:50 - [TEST_STEP][PASSED] - setText: Text '10' is set on object 'Object Repository/HealthpostToStore/Page_HealthPost Store/input_txttreat'

2018-06-09 22:08:50 - [MESSAGE][PASSED] - Text '10' is set on object 'Object Repository/HealthpostToStore/Page_HealthPost Store/input_txttreat'

2018-06-09 22:08:50 - [TEST_STEP][PASSED] - click: Object: 'Object Repository/HealthpostToStore/Page_HealthPost Store/button_Add' is clicked on

2018-06-09 22:08:51 - [MESSAGE][PASSED] - Object: 'Object Repository/HealthpostToStore/Page_HealthPost Store/button_Add' is clicked on

2018-06-09 22:08:51 - [TEST_STEP][PASSED] - selectOptionByIndex: All options with index in [11] are selected on object 'Object Repository/HealthpostToStore/Page_HealthPost Store/select_--Select--Schedule 1Inj'

2018-06-09 22:08:51 - [MESSAGE][PASSED] - All options with index in [11] are selected on object 'Object Repository/HealthpostToStore/Page_HealthPost Store/select_--Select--Schedule 1Inj'

2018-06-09 22:08:51 - [TEST_STEP][PASSED] - selectOptionByIndex: All options with index in [69] are selected on object 'Object Repository/HealthpostToStore/Page_HealthPost Store/select_--Select--Adernaline 0.'

2018-06-09 22:08:52 - [MESSAGE][PASSED] - All options with index in [69] are selected on object 'Object Repository/HealthpostToStore/Page_HealthPost Store/select_--Select--Adernaline 0.'

2018-06-09 22:08:52 - [TEST_STEP][PASSED] - setText: Text '10' is set on object 'Object Repository/HealthpostToStore/Page_HealthPost Store/input_txttreat'

2018-06-09 22:08:52 - [MESSAGE][PASSED] - Text '10' is set on object 'Object Repository/HealthpostToStore/Page_HealthPost Store/input_txttreat'

2018-06-09 22:08:52 - [TEST_STEP][PASSED] - click: Object: 'Object Repository/HealthpostToStore/Page_HealthPost Store/button_Add' is clicked on

2018-06-09 22:08:52 - [MESSAGE][PASSED] - Object: 'Object Repository/HealthpostToStore/Page_HealthPost Store/button_Add' is clicked on

2018-06-09 22:08:52 - [TEST_STEP][PASSED] - selectOptionByIndex: All options with index in [11] are selected on object 'Object Repository/HealthpostToStore/Page_HealthPost Store/select_--Select--Schedule 1Inj'

2018-06-09 22:08:52 - [MESSAGE][PASSED] - All options with index in [11] are selected on object 'Object Repository/HealthpostToStore/Page_HealthPost Store/select_--Select--Schedule 1Inj'

2018-06-09 22:08:52 - [TEST_STEP][PASSED] - selectOptionByIndex: All options with index in [70] are selected on object 'Object Repository/HealthpostToStore/Page_HealthPost Store/select_--Select--Adernaline 0.'

2018-06-09 22:08:53 - [MESSAGE][PASSED] - All options with index in [70] are selected on object 'Object Repository/HealthpostToStore/Page_HealthPost Store/select_--Select--Adernaline 0.'

2018-06-09 22:08:53 - [TEST_STEP][PASSED] - setText: Text '10' is set on object 'Object Repository/HealthpostToStore/Page_HealthPost Store/input_txttreat'

2018-06-09 22:08:53 - [MESSAGE][PASSED] - Text '10' is set on object 'Object Repository/HealthpostToStore/Page_HealthPost Store/input_txttreat'

2018-06-09 22:08:53 - [TEST_STEP][PASSED] - click: Object: 'Object Repository/HealthpostToStore/Page_HealthPost Store/button_Add' is clicked on

2018-06-09 22:08:53 - [MESSAGE][PASSED] - Object: 'Object Repository/HealthpostToStore/Page_HealthPost Store/button_Add' is clicked on

2018-06-09 22:08:53 - [TEST_STEP][PASSED] - selectOptionByIndex: All options with index in [11] are selected on object 'Object Repository/HealthpostToStore/Page_HealthPost Store/select_--Select--Schedule 1Inj'

2018-06-09 22:08:53 - [MESSAGE][PASSED] - All options with index in [11] are selected on object 'Object Repository/HealthpostToStore/Page_HealthPost Store/select_--Select--Schedule 1Inj'

2018-06-09 22:08:53 - [TEST_STEP][PASSED] - selectOptionByIndex: All options with index in [71] are selected on object 'Object Repository/HealthpostToStore/Page_HealthPost Store/select_--Select--Adernaline 0.'

2018-06-09 22:08:54 - [MESSAGE][PASSED] - All options with index in [71] are selected on object 'Object Repository/HealthpostToStore/Page_HealthPost Store/select_--Select--Adernaline 0.'

2018-06-09 22:08:54 - [TEST_STEP][PASSED] - setText: Text '10' is set on object 'Object Repository/HealthpostToStore/Page_HealthPost Store/input_txttreat'

2018-06-09 22:08:54 - [MESSAGE][PASSED] - Text '10' is set on object 'Object Repository/HealthpostToStore/Page_HealthPost Store/input_txttreat'

2018-06-09 22:08:54 - [TEST_STEP][PASSED] - click: Object: 'Object Repository/HealthpostToStore/Page_HealthPost Store/button_Add' is clicked on

2018-06-09 22:08:54 - [MESSAGE][PASSED] - Object: 'Object Repository/HealthpostToStore/Page_HealthPost Store/button_Add' is clicked on

2018-06-09 22:08:54 - [TEST_STEP][PASSED] - selectOptionByIndex: All options with index in [11] are selected on object 'Object Repository/HealthpostToStore/Page_HealthPost Store/select_--Select--Schedule 1Inj'

2018-06-09 22:08:54 - [MESSAGE][PASSED] - All options with index in [11] are selected on object 'Object Repository/HealthpostToStore/Page_HealthPost Store/select_--Select--Schedule 1Inj'

2018-06-09 22:08:54 - [TEST_STEP][PASSED] - selectOptionByIndex: All options with index in [72] are selected on object 'Object Repository/HealthpostToStore/Page_HealthPost Store/select_--Select--Adernaline 0.'

2018-06-09 22:08:55 - [MESSAGE][PASSED] - All options with index in [72] are selected on object 'Object Repository/HealthpostToStore/Page_HealthPost Store/select_--Select--Adernaline 0.'

2018-06-09 22:08:55 - [TEST_STEP][PASSED] - setText: Text '10' is set on object 'Object Repository/HealthpostToStore/Page_HealthPost Store/input_txttreat'

2018-06-09 22:08:55 - [MESSAGE][PASSED] - Text '10' is set on object 'Object Repository/HealthpostToStore/Page_HealthPost Store/input_txttreat'

2018-06-09 22:08:55 - [TEST_STEP][PASSED] - click: Object: 'Object Repository/HealthpostToStore/Page_HealthPost Store/button_Add' is clicked on

2018-06-09 22:08:56 - [MESSAGE][PASSED] - Object: 'Object Repository/HealthpostToStore/Page_HealthPost Store/button_Add' is clicked on

2018-06-09 22:08:56 - [TEST_STEP][PASSED] - selectOptionByIndex: All options with index in [11] are selected on object 'Object Repository/HealthpostToStore/Page_HealthPost Store/select_--Select--Schedule 1Inj'

2018-06-09 22:08:56 - [MESSAGE][PASSED] - All options with index in [11] are selected on object 'Object Repository/HealthpostToStore/Page_HealthPost Store/select_--Select--Schedule 1Inj'

2018-06-09 22:08:56 - [TEST_STEP][PASSED] - selectOptionByIndex: All options with index in [73] are selected on object 'Object Repository/HealthpostToStore/Page_HealthPost Store/select_--Select--Adernaline 0.'

2018-06-09 22:08:57 - [MESSAGE][PASSED] - All options with index in [73] are selected on object 'Object Repository/HealthpostToStore/Page_HealthPost Store/select_--Select--Adernaline 0.'

2018-06-09 22:08:57 - [TEST_STEP][PASSED] - setText: Text '10' is set on object 'Object Repository/HealthpostToStore/Page_HealthPost Store/input_txttreat'

2018-06-09 22:08:57 - [MESSAGE][PASSED] - Text '10' is set on object 'Object Repository/HealthpostToStore/Page_HealthPost Store/input_txttreat'

2018-06-09 22:08:57 - [TEST_STEP][PASSED] - click: Object: 'Object Repository/HealthpostToStore/Page_HealthPost Store/button_Add' is clicked on

2018-06-09 22:08:57 - [MESSAGE][PASSED] - Object: 'Object Repository/HealthpostToStore/Page_HealthPost Store/button_Add' is clicked on

2018-06-09 22:08:57 - [TEST_STEP][PASSED] - selectOptionByIndex: All options with index in [11] are selected on object 'Object Repository/HealthpostToStore/Page_HealthPost Store/select_--Select--Schedule 1Inj'

2018-06-09 22:08:57 - [MESSAGE][PASSED] - All options with index in [11] are selected on object 'Object Repository/HealthpostToStore/Page_HealthPost Store/select_--Select--Schedule 1Inj'

2018-06-09 22:08:57 - [TEST_STEP][PASSED] - selectOptionByIndex: All options with index in [74] are selected on object 'Object Repository/HealthpostToStore/Page_HealthPost Store/select_--Select--Adernaline 0.'

2018-06-09 22:08:58 - [MESSAGE][PASSED] - All options with index in [74] are selected on object 'Object Repository/HealthpostToStore/Page_HealthPost Store/select_--Select--Adernaline 0.'

2018-06-09 22:08:58 - [TEST_STEP][PASSED] - setText: Text '10' is set on object 'Object Repository/HealthpostToStore/Page_HealthPost Store/input_txttreat'

2018-06-09 22:08:58 - [MESSAGE][PASSED] - Text '10' is set on object 'Object Repository/HealthpostToStore/Page_HealthPost Store/input_txttreat'

2018-06-09 22:08:58 - [TEST_STEP][PASSED] - click: Object: 'Object Repository/HealthpostToStore/Page_HealthPost Store/button_Add' is clicked on

2018-06-09 22:08:58 - [MESSAGE][PASSED] - Object: 'Object Repository/HealthpostToStore/Page_HealthPost Store/button_Add' is clicked on

2018-06-09 22:08:58 - [TEST_STEP][PASSED] - selectOptionByIndex: All options with index in [11] are selected on object 'Object Repository/HealthpostToStore/Page_HealthPost Store/select_--Select--Schedule 1Inj'

2018-06-09 22:08:58 - [MESSAGE][PASSED] - All options with index in [11] are selected on object 'Object Repository/HealthpostToStore/Page_HealthPost Store/select_--Select--Schedule 1Inj'

2018-06-09 22:08:58 - [TEST_STEP][PASSED] - selectOptionByIndex: All options with index in [75] are selected on object 'Object Repository/HealthpostToStore/Page_HealthPost Store/select_--Select--Adernaline 0.'

2018-06-09 22:08:59 - [MESSAGE][PASSED] - All options with index in [75] are selected on object 'Object Repository/HealthpostToStore/Page_HealthPost Store/select_--Select--Adernaline 0.'

2018-06-09 22:08:59 - [TEST_STEP][PASSED] - setText: Text '10' is set on object 'Object Repository/HealthpostToStore/Page_HealthPost Store/input_txttreat'

2018-06-09 22:08:59 - [MESSAGE][PASSED] - Text '10' is set on object 'Object Repository/HealthpostToStore/Page_HealthPost Store/input_txttreat'

2018-06-09 22:08:59 - [TEST_STEP][PASSED] - click: Object: 'Object Repository/HealthpostToStore/Page_HealthPost Store/button_Add' is clicked on

2018-06-09 22:08:59 - [MESSAGE][PASSED] - Object: 'Object Repository/HealthpostToStore/Page_HealthPost Store/button_Add' is clicked on

2018-06-09 22:08:59 - [TEST_STEP][PASSED] - selectOptionByIndex: All options with index in [11] are selected on object 'Object Repository/HealthpostToStore/Page_HealthPost Store/select_--Select--Schedule 1Inj'

2018-06-09 22:09:00 - [MESSAGE][PASSED] - All options with index in [11] are selected on object 'Object Repository/HealthpostToStore/Page_HealthPost Store/select_--Select--Schedule 1Inj'

2018-06-09 22:09:00 - [TEST_STEP][PASSED] - selectOptionByIndex: All options with index in [76] are selected on object 'Object Repository/HealthpostToStore/Page_HealthPost Store/select_--Select--Adernaline 0.'

2018-06-09 22:09:01 - [MESSAGE][PASSED] - All options with index in [76] are selected on object 'Object Repository/HealthpostToStore/Page_HealthPost Store/select_--Select--Adernaline 0.'

2018-06-09 22:09:01 - [TEST_STEP][PASSED] - setText: Text '10' is set on object 'Object Repository/HealthpostToStore/Page_HealthPost Store/input_txttreat'

2018-06-09 22:09:01 - [MESSAGE][PASSED] - Text '10' is set on object 'Object Repository/HealthpostToStore/Page_HealthPost Store/input_txttreat'

2018-06-09 22:09:01 - [TEST_STEP][PASSED] - click: Object: 'Object Repository/HealthpostToStore/Page_HealthPost Store/button_Add' is clicked on

2018-06-09 22:09:01 - [MESSAGE][PASSED] - Object: 'Object Repository/HealthpostToStore/Page_HealthPost Store/button_Add' is clicked on

2018-06-09 22:09:01 - [TEST_STEP][PASSED] - selectOptionByIndex: All options with index in [11] are selected on object 'Object Repository/HealthpostToStore/Page_HealthPost Store/select_--Select--Schedule 1Inj'

2018-06-09 22:09:01 - [MESSAGE][PASSED] - All options with index in [11] are selected on object 'Object Repository/HealthpostToStore/Page_HealthPost Store/select_--Select--Schedule 1Inj'

2018-06-09 22:09:01 - [TEST_STEP][PASSED] - selectOptionByIndex: All options with index in [77] are selected on object 'Object Repository/HealthpostToStore/Page_HealthPost Store/select_--Select--Adernaline 0.'

2018-06-09 22:09:02 - [MESSAGE][PASSED] - All options with index in [77] are selected on object 'Object Repository/HealthpostToStore/Page_HealthPost Store/select_--Select--Adernaline 0.'

2018-06-09 22:09:02 - [TEST_STEP][PASSED] - setText: Text '10' is set on object 'Object Repository/HealthpostToStore/Page_HealthPost Store/input_txttreat'

2018-06-09 22:09:02 - [MESSAGE][PASSED] - Text '10' is set on object 'Object Repository/HealthpostToStore/Page_HealthPost Store/input_txttreat'

2018-06-09 22:09:02 - [TEST_STEP][PASSED] - click: Object: 'Object Repository/HealthpostToStore/Page_HealthPost Store/button_Add' is clicked on

2018-06-09 22:09:02 - [MESSAGE][PASSED] - Object: 'Object Repository/HealthpostToStore/Page_HealthPost Store/button_Add' is clicked on

2018-06-09 22:09:02 - [TEST_STEP][PASSED] - selectOptionByIndex: All options with index in [11] are selected on object 'Object Repository/HealthpostToStore/Page_HealthPost Store/select_--Select--Schedule 1Inj'

2018-06-09 22:09:02 - [MESSAGE][PASSED] - All options with index in [11] are selected on object 'Object Repository/HealthpostToStore/Page_HealthPost Store/select_--Select--Schedule 1Inj'

2018-06-09 22:09:02 - [TEST_STEP][PASSED] - selectOptionByIndex: All options with index in [78] are selected on object 'Object Repository/HealthpostToStore/Page_HealthPost Store/select_--Select--Adernaline 0.'

2018-06-09 22:09:03 - [MESSAGE][PASSED] - All options with index in [78] are selected on object 'Object Repository/HealthpostToStore/Page_HealthPost Store/select_--Select--Adernaline 0.'

2018-06-09 22:09:03 - [TEST_STEP][PASSED] - setText: Text '10' is set on object 'Object Repository/HealthpostToStore/Page_HealthPost Store/input_txttreat'

2018-06-09 22:09:03 - [MESSAGE][PASSED] - Text '10' is set on object 'Object Repository/HealthpostToStore/Page_HealthPost Store/input_txttreat'

2018-06-09 22:09:03 - [TEST_STEP][PASSED] - click: Object: 'Object Repository/HealthpostToStore/Page_HealthPost Store/button_Add' is clicked on

2018-06-09 22:09:03 - [MESSAGE][PASSED] - Object: 'Object Repository/HealthpostToStore/Page_HealthPost Store/button_Add' is clicked on

2018-06-09 22:09:03 - [TEST_STEP][PASSED] - selectOptionByIndex: All options with index in [11] are selected on object 'Object Repository/HealthpostToStore/Page_HealthPost Store/select_--Select--Schedule 1Inj'

2018-06-09 22:09:04 - [MESSAGE][PASSED] - All options with index in [11] are selected on object 'Object Repository/HealthpostToStore/Page_HealthPost Store/select_--Select--Schedule 1Inj'

2018-06-09 22:09:04 - [TEST_STEP][PASSED] - selectOptionByIndex: All options with index in [79] are selected on object 'Object Repository/HealthpostToStore/Page_HealthPost Store/select_--Select--Adernaline 0.'

2018-06-09 22:09:05 - [MESSAGE][PASSED] - All options with index in [79] are selected on object 'Object Repository/HealthpostToStore/Page_HealthPost Store/select_--Select--Adernaline 0.'

2018-06-09 22:09:05 - [TEST_STEP][PASSED] - setText: Text '10' is set on object 'Object Repository/HealthpostToStore/Page_HealthPost Store/input_txttreat'

2018-06-09 22:09:05 - [MESSAGE][PASSED] - Text '10' is set on object 'Object Repository/HealthpostToStore/Page_HealthPost Store/input_txttreat'

2018-06-09 22:09:05 - [TEST_STEP][PASSED] - click: Object: 'Object Repository/HealthpostToStore/Page_HealthPost Store/button_Add' is clicked on

2018-06-09 22:09:05 - [MESSAGE][PASSED] - Object: 'Object Repository/HealthpostToStore/Page_HealthPost Store/button_Add' is clicked on

2018-06-09 22:09:05 - [TEST_STEP][PASSED] - selectOptionByIndex: All options with index in [11] are selected on object 'Object Repository/HealthpostToStore/Page_HealthPost Store/select_--Select--Schedule 1Inj'

2018-06-09 22:09:05 - [MESSAGE][PASSED] - All options with index in [11] are selected on object 'Object Repository/HealthpostToStore/Page_HealthPost Store/select_--Select--Schedule 1Inj'

2018-06-09 22:09:05 - [TEST_STEP][PASSED] - selectOptionByIndex: All options with index in [80] are selected on object 'Object Repository/HealthpostToStore/Page_HealthPost Store/select_--Select--Adernaline 0.'

2018-06-09 22:09:06 - [MESSAGE][PASSED] - All options with index in [80] are selected on object 'Object Repository/HealthpostToStore/Page_HealthPost Store/select_--Select--Adernaline 0.'

2018-06-09 22:09:06 - [TEST_STEP][PASSED] - setText: Text '10' is set on object 'Object Repository/HealthpostToStore/Page_HealthPost Store/input_txttreat'

2018-06-09 22:09:06 - [MESSAGE][PASSED] - Text '10' is set on object 'Object Repository/HealthpostToStore/Page_HealthPost Store/input_txttreat'

2018-06-09 22:09:06 - [TEST_STEP][PASSED] - click: Object: 'Object Repository/HealthpostToStore/Page_HealthPost Store/button_Add' is clicked on

2018-06-09 22:09:06 - [MESSAGE][PASSED] - Object: 'Object Repository/HealthpostToStore/Page_HealthPost Store/button_Add' is clicked on

2018-06-09 22:09:06 - [TEST_STEP][PASSED] - scrollToElement: Scroll to object 'Object Repository/HealthpostToStore/Page_HealthPost Store/input_btnsave' successfully

2018-06-09 22:09:06 - [MESSAGE][PASSED] - Scroll to object 'Object Repository/HealthpostToStore/Page_HealthPost Store/input_btnsave' successfully

2018-06-09 22:09:06 - [TEST_STEP][PASSED] - click: Object: 'Object Repository/HealthpostToStore/Page_HealthPost Store/input_btnsave' is clicked on

2018-06-09 22:09:06 - [MESSAGE][PASSED] - Object: 'Object Repository/HealthpostToStore/Page_HealthPost Store/input_btnsave' is clicked on

2018-06-09 22:09:06 - [TEST_STEP][PASSED] - delay: Delayed 3 second(s)

2018-06-09 22:09:09 - [MESSAGE][PASSED] - Delayed 3 second(s)

2018-06-09 22:09:09 - [TEST_STEP][PASSED] - Statement - RN1 = com.kms.katalon.core.webui.keyword.WebUiBuiltInKeywords.getText(com.kms.katalon.core.testobject.ObjectRepository.findTestObject(HealthpostToStore/Page_HealthPost Store/font_HPRNO180520187)): Text of object 'Object Repository/HealthpostToStore/Page_HealthPost Store/font_HPRNO180520187' is: 'HPRNO/09062018/229'

2018-06-09 22:09:09 - [MESSAGE][PASSED] - Text of object 'Object Repository/HealthpostToStore/Page_HealthPost Store/font_HPRNO180520187' is: 'HPRNO/09062018/229'

2018-06-09 22:09:09 - [TEST_STEP][PASSED] - Statement - out.println(RN1): null

2018-06-09 22:09:09 - [TEST_STEP][PASSED] - Statement - RID = RN1.split("/")[2]: null

2018-06-09 22:09:09 - [TEST_STEP][PASSED] - click: Object: 'Object Repository/HealthpostToStore/Page_HealthPost Store/button_OK' is clicked on

2018-06-09 22:09:10 - [MESSAGE][PASSED] - Object: 'Object Repository/HealthpostToStore/Page_HealthPost Store/button_OK' is clicked on

2018-06-09 22:09:10 - [TEST_STEP][PASSED] - delay: Delayed 3 second(s)

2018-06-09 22:09:13 - [MESSAGE][PASSED] - Delayed 3 second(s)

2018-06-09 22:09:13 - [TEST_STEP][PASSED] - click: Object: 'Object Repository/HealthpostToStore/Page_HealthPost Store/a_dropdown-toggle' is clicked on

2018-06-09 22:09:13 - [MESSAGE][PASSED] - Object: 'Object Repository/HealthpostToStore/Page_HealthPost Store/a_dropdown-toggle' is clicked on

2018-06-09 22:09:13 - [TEST_STEP][PASSED] - click: Object: 'Object Repository/HealthpostToStore/Page_HealthPost Store/a_Sign out' is clicked on

2018-06-09 22:09:14 - [MESSAGE][PASSED] - Object: 'Object Repository/HealthpostToStore/Page_HealthPost Store/a_Sign out' is clicked on

2018-06-09 22:09:14 - [TEST_STEP][PASSED] - delay: Delayed 3 second(s)

2018-06-09 22:09:17 - [MESSAGE][PASSED] - Delayed 3 second(s)

2018-06-09 22:09:17 - [TEST_STEP][PASSED] - navigateToUrl: Navigate to 'http://192.168.137.1/multihospital_new/' successfully

2018-06-09 22:09:17 - [MESSAGE][PASSED] - Navigate to 'http://192.168.137.1/multihospital_new/' successfully

2018-06-09 22:09:17 - [TEST_STEP][PASSED] - click: Object: 'Object Repository/HealthpostToStore/Page_KDMC/a_CMO' is clicked on

2018-06-09 22:09:18 - [MESSAGE][PASSED] - Object: 'Object Repository/HealthpostToStore/Page_KDMC/a_CMO' is clicked on

2018-06-09 22:09:18 - [TEST_STEP][PASSED] - setText: Text 'guru' is set on object 'Object Repository/HealthpostToStore/Page_CMO login/input_txtusername'

2018-06-09 22:09:18 - [MESSAGE][PASSED] - Text 'guru' is set on object 'Object Repository/HealthpostToStore/Page_CMO login/input_txtusername'

2018-06-09 22:09:18 - [TEST_STEP][PASSED] - setText: Text '123' is set on object 'Object Repository/HealthpostToStore/Page_CMO login/input_txtpassword'

2018-06-09 22:09:18 - [MESSAGE][PASSED] - Text '123' is set on object 'Object Repository/HealthpostToStore/Page_CMO login/input_txtpassword'

2018-06-09 22:09:18 - [TEST_STEP][PASSED] - delay: Delayed 3 second(s)

2018-06-09 22:09:21 - [MESSAGE][PASSED] - Delayed 3 second(s)

2018-06-09 22:09:21 - [TEST_STEP][PASSED] - click: Object: 'Object Repository/HealthpostToStore/Page_CMO login/button_Sign in' is clicked on

2018-06-09 22:09:22 - [MESSAGE][PASSED] - Object: 'Object Repository/HealthpostToStore/Page_CMO login/button_Sign in' is clicked on

2018-06-09 22:09:22 - [TEST_STEP][PASSED] - click: Object: 'Object Repository/HealthpostToStore/Page_KDMC - CMO/a_Department Wise Request' is clicked on

2018-06-09 22:09:24 - [MESSAGE][PASSED] - Object: 'Object Repository/HealthpostToStore/Page_KDMC - CMO/a_Department Wise Request' is clicked on

2018-06-09 22:09:24 - [TEST_STEP][PASSED] - delay: Delayed 2 second(s)

2018-06-09 22:09:26 - [MESSAGE][PASSED] - Delayed 2 second(s)

2018-06-09 22:09:26 - [TEST_STEP][PASSED] - selectOptionByIndex: All options with index in [5] are selected on object 'Object Repository/HealthpostToStore/Page_KDMC - CMO/select_--ALL--'

2018-06-09 22:09:26 - [MESSAGE][PASSED] - All options with index in [5] are selected on object 'Object Repository/HealthpostToStore/Page_KDMC - CMO/select_--ALL--'

2018-06-09 22:09:26 - [TEST_STEP][PASSED] - click: Object: 'Object Repository/HealthpostToStore/Page_KDMC - CMO/input_btnsearch' is clicked on

2018-06-09 22:09:26 - [MESSAGE][PASSED] - Object: 'Object Repository/HealthpostToStore/Page_KDMC - CMO/input_btnsearch' is clicked on

2018-06-09 22:09:26 - [TEST_STEP][PASSED] - selectOptionByIndex: All options with index in [1] are selected on object 'Object Repository/HealthpostToStore/Page_KDMC - CMO/select_--ALL--                _1'

2018-06-09 22:09:26 - [MESSAGE][PASSED] - All options with index in [1] are selected on object 'Object Repository/HealthpostToStore/Page_KDMC - CMO/select_--ALL--                _1'

2018-06-09 22:09:26 - [TEST_STEP][PASSED] - click: Object: 'Object Repository/HealthpostToStore/Page_KDMC - CMO/input_btnsearch' is clicked on

2018-06-09 22:09:26 - [MESSAGE][PASSED] - Object: 'Object Repository/HealthpostToStore/Page_KDMC - CMO/input_btnsearch' is clicked on

2018-06-09 22:09:26 - [TEST_STEP][PASSED] - Statement - ID = com.kms.katalon.core.webui.keyword.WebUiBuiltInKeywords.modifyObjectProperty(com.kms.katalon.core.testobject.ObjectRepository.findTestObject(lab/Page_KDMC - CMO/input_1), "xpath", "equals", "//*[@id=" + RID + "]", true): Modify property of object successfully

2018-06-09 22:09:26 - [MESSAGE][PASSED] - Modify property of object successfully

2018-06-09 22:09:26 - [TEST_STEP][PASSED] - click: Object: 'Object Repository/lab/Page_KDMC - CMO/input_1' is clicked on

2018-06-09 22:09:27 - [MESSAGE][PASSED] - Object: 'Object Repository/lab/Page_KDMC - CMO/input_1' is clicked on

2018-06-09 22:09:27 - [TEST_STEP][PASSED] - delay: Delayed 2 second(s)

2018-06-09 22:09:29 - [MESSAGE][PASSED] - Delayed 2 second(s)

2018-06-09 22:09:29 - [TEST_STEP][PASSED] - selectOptionByIndex: All options with index in [1] are selected on object 'Object Repository/HealthpostToStore/Page_KDMC - CMO/select_--Select--'

2018-06-09 22:09:29 - [MESSAGE][PASSED] - All options with index in [1] are selected on object 'Object Repository/HealthpostToStore/Page_KDMC - CMO/select_--Select--'

2018-06-09 22:09:29 - [TEST_STEP][PASSED] - click: Object: 'Object Repository/HealthpostToStore/Page_KDMC - CMO/input_btnupdate' is clicked on

2018-06-09 22:09:29 - [MESSAGE][PASSED] - Object: 'Object Repository/HealthpostToStore/Page_KDMC - CMO/input_btnupdate' is clicked on

2018-06-09 22:09:29 - [TEST_STEP][PASSED] - delay: Delayed 2 second(s)

2018-06-09 22:09:31 - [MESSAGE][PASSED] - Delayed 2 second(s)

2018-06-09 22:09:31 - [TEST_STEP][PASSED] - click: Object: 'Object Repository/HealthpostToStore/Page_KDMC - CMO/button_OK' is clicked on

2018-06-09 22:09:32 - [MESSAGE][PASSED] - Object: 'Object Repository/HealthpostToStore/Page_KDMC - CMO/button_OK' is clicked on

2018-06-09 22:09:32 - [TEST_STEP][PASSED] - delay: Delayed 2 second(s)

2018-06-09 22:09:34 - [MESSAGE][PASSED] - Delayed 2 second(s)

2018-06-09 22:09:34 - [TEST_STEP][PASSED] - click: Object: 'Object Repository/HealthpostToStore/Page_KDMC - CMO/a_dropdown-toggle' is clicked on

2018-06-09 22:09:34 - [MESSAGE][PASSED] - Object: 'Object Repository/HealthpostToStore/Page_KDMC - CMO/a_dropdown-toggle' is clicked on

2018-06-09 22:09:34 - [TEST_STEP][PASSED] - click: Object: 'Object Repository/HealthpostToStore/Page_KDMC - CMO/a_Sign out' is clicked on

2018-06-09 22:09:34 - [MESSAGE][PASSED] - Object: 'Object Repository/HealthpostToStore/Page_KDMC - CMO/a_Sign out' is clicked on

2018-06-09 22:09:34 - [TEST_STEP][PASSED] - delay: Delayed 3 second(s)

2018-06-09 22:09:37 - [MESSAGE][PASSED] - Delayed 3 second(s)

2018-06-09 22:09:37 - [TEST_STEP][PASSED] - click: Object: 'Object Repository/HealthpostToStore/Page_KDMC/a_Divisional Store' is clicked on

2018-06-09 22:09:38 - [MESSAGE][PASSED] - Object: 'Object Repository/HealthpostToStore/Page_KDMC/a_Divisional Store' is clicked on

2018-06-09 22:09:38 - [TEST_STEP][PASSED] - setText: Text 'ragu' is set on object 'Object Repository/HealthpostToStore/Page_Divisonal Store Login/input_txtusername'

2018-06-09 22:09:38 - [MESSAGE][PASSED] - Text 'ragu' is set on object 'Object Repository/HealthpostToStore/Page_Divisonal Store Login/input_txtusername'

2018-06-09 22:09:38 - [TEST_STEP][PASSED] - setText: Text '123' is set on object 'Object Repository/HealthpostToStore/Page_Divisonal Store Login/input_txtpassword'

2018-06-09 22:09:38 - [MESSAGE][PASSED] - Text '123' is set on object 'Object Repository/HealthpostToStore/Page_Divisonal Store Login/input_txtpassword'

2018-06-09 22:09:38 - [TEST_STEP][PASSED] - delay: Delayed 3 second(s)

2018-06-09 22:09:41 - [MESSAGE][PASSED] - Delayed 3 second(s)

2018-06-09 22:09:41 - [TEST_STEP][PASSED] - click: Object: 'Object Repository/HealthpostToStore/Page_Divisonal Store Login/button_Sign in' is clicked on

2018-06-09 22:09:43 - [MESSAGE][PASSED] - Object: 'Object Repository/HealthpostToStore/Page_Divisonal Store Login/button_Sign in' is clicked on

2018-06-09 22:09:43 - [TEST_STEP][PASSED] - delay: Delayed 3 second(s)

2018-06-09 22:09:46 - [MESSAGE][PASSED] - Delayed 3 second(s)

2018-06-09 22:09:46 - [TEST_STEP][PASSED] - click: Object: 'Object Repository/HealthpostToStore/Page_Store/a_Health Post Request' is clicked on

2018-06-09 22:09:46 - [MESSAGE][PASSED] - Object: 'Object Repository/HealthpostToStore/Page_Store/a_Health Post Request' is clicked on

2018-06-09 22:09:46 - [TEST_STEP][PASSED] - click: Object: 'Object Repository/HealthpostToStore/Page_Store/a_Request Item HealthPost' is clicked on

2018-06-09 22:09:47 - [MESSAGE][PASSED] - Object: 'Object Repository/HealthpostToStore/Page_Store/a_Request Item HealthPost' is clicked on

2018-06-09 22:09:47 - [TEST_STEP][PASSED] - Statement - ChooseRequest = com.kms.katalon.core.webui.keyword.WebUiBuiltInKeywords.modifyObjectProperty(com.kms.katalon.core.testobject.ObjectRepository.findTestObject(lab/Page_Store/input_1), "xpath", "equals", "//*[@id=" + RID + "]", true): Modify property of object successfully

2018-06-09 22:09:47 - [MESSAGE][PASSED] - Modify property of object successfully

2018-06-09 22:09:47 - [TEST_STEP][PASSED] - click: Object: 'Object Repository/lab/Page_Store/input_1' is clicked on

2018-06-09 22:09:48 - [MESSAGE][PASSED] - Object: 'Object Repository/lab/Page_Store/input_1' is clicked on

2018-06-09 22:09:48 - [TEST_STEP][PASSED] - Statement - selectedoptions = com.kms.katalon.core.webui.keyword.WebUiBuiltInKeywords.getNumberOfTotalOption(com.kms.katalon.core.testobject.ObjectRepository.findTestObject(HealthpostToStore/Page_Store/select_--Select--Adernaline 0.)): 81 options of object 'Object Repository/HealthpostToStore/Page_Store/select_--Select--Adernaline 0.' counted

2018-06-09 22:09:48 - [MESSAGE][PASSED] - 81 options of object 'Object Repository/HealthpostToStore/Page_Store/select_--Select--Adernaline 0.' counted

2018-06-09 22:09:48 - [TEST_STEP][FAILED] - Statement - For ([a = 1, a <= selectedoptions - 1, (a++)]): null

2018-06-09 22:09:48 - [TEST_STEP][PASSED] - selectOptionByIndex: All options with index in [1] are selected on object 'Object Repository/HealthpostToStore/Page_Store/select_--Select--Adernaline 0.'

2018-06-09 22:09:48 - [MESSAGE][PASSED] - All options with index in [1] are selected on object 'Object Repository/HealthpostToStore/Page_Store/select_--Select--Adernaline 0.'

2018-06-09 22:09:48 - [TEST_STEP][PASSED] - delay: Delayed 2 second(s)

2018-06-09 22:09:50 - [MESSAGE][PASSED] - Delayed 2 second(s)

2018-06-09 22:09:50 - [TEST_STEP][PASSED] - Statement - RequestedQty = com.kms.katalon.core.webui.keyword.WebUiBuiltInKeywords.getAttribute(com.kms.katalon.core.testobject.ObjectRepository.findTestObject(HealthpostToStore/Page_Store/input_txttotal), "value"): Attribute 'value' of object 'Object Repository/HealthpostToStore/Page_Store/input_txttotal' is: '10'

2018-06-09 22:09:50 - [MESSAGE][PASSED] - Attribute 'value' of object 'Object Repository/HealthpostToStore/Page_Store/input_txttotal' is: '10'

2018-06-09 22:09:50 - [TEST_STEP][PASSED] - Statement - out.println("Requested QTY : " + RequestedQty): null

2018-06-09 22:09:50 - [TEST_STEP][PASSED] - Statement - BatchNumber = com.kms.katalon.core.webui.keyword.WebUiBuiltInKeywords.getNumberOfTotalOption(com.kms.katalon.core.testobject.ObjectRepository.findTestObject(HealthpostToStore/Page_Store/select_--Select--BA1170BA2376B)): 2 options of object 'Object Repository/HealthpostToStore/Page_Store/select_--Select--BA1170BA2376B' counted

2018-06-09 22:09:51 - [MESSAGE][PASSED] - 2 options of object 'Object Repository/HealthpostToStore/Page_Store/select_--Select--BA1170BA2376B' counted

2018-06-09 22:09:51 - [TEST_STEP][PASSED] - Statement - For ([g = 1, g <= BatchNumber - 1, (g++)]): null

2018-06-09 22:09:51 - [TEST_STEP][PASSED] - selectOptionByIndex: All options with index in [1] are selected on object 'Object Repository/HealthpostToStore/Page_Store/select_--Select--BA1170BA2376B'

2018-06-09 22:09:51 - [MESSAGE][PASSED] - All options with index in [1] are selected on object 'Object Repository/HealthpostToStore/Page_Store/select_--Select--BA1170BA2376B'

2018-06-09 22:09:51 - [TEST_STEP][PASSED] - Statement - Try: null

2018-06-09 22:09:51 - [TEST_STEP][PASSED] - Statement - StockQty = com.kms.katalon.core.webui.keyword.WebUiBuiltInKeywords.getAttribute(com.kms.katalon.core.testobject.ObjectRepository.findTestObject(HealthpostToStore/Page_Store/input_txtprice), "value"): Attribute 'value' of object 'Object Repository/HealthpostToStore/Page_Store/input_txtprice' is: '297'

2018-06-09 22:09:51 - [MESSAGE][PASSED] - Attribute 'value' of object 'Object Repository/HealthpostToStore/Page_Store/input_txtprice' is: '297'

2018-06-09 22:09:51 - [TEST_STEP][PASSED] - Statement - out.println("Stock QTY : " + StockQty): null

2018-06-09 22:09:51 - [TEST_STEP][PASSED] - delay: Delayed 2 second(s)

2018-06-09 22:09:53 - [MESSAGE][PASSED] - Delayed 2 second(s)

2018-06-09 22:09:53 - [TEST_STEP][PASSED] - Statement - If (java.lang.String.valueOf(StockQty) >= java.lang.String.valueOf(RequestedQty)): null

2018-06-09 22:09:53 - [TEST_STEP][PASSED] - setText: Text '10' is set on object 'Object Repository/HealthpostToStore/Page_Store/input_txtqty'

2018-06-09 22:09:53 - [MESSAGE][PASSED] - Text '10' is set on object 'Object Repository/HealthpostToStore/Page_Store/input_txtqty'

2018-06-09 22:09:53 - [TEST_STEP][PASSED] - click: Object: 'Object Repository/HealthpostToStore/Page_Store/button_Add' is clicked on

2018-06-09 22:09:53 - [MESSAGE][PASSED] - Object: 'Object Repository/HealthpostToStore/Page_Store/button_Add' is clicked on

2018-06-09 22:09:53 - [TEST_STEP][PASSED] - Statement - Break: null

2018-06-09 22:09:53 - [TEST_STEP][PASSED] - selectOptionByIndex: All options with index in [2] are selected on object 'Object Repository/HealthpostToStore/Page_Store/select_--Select--Adernaline 0.'

2018-06-09 22:09:53 - [MESSAGE][PASSED] - All options with index in [2] are selected on object 'Object Repository/HealthpostToStore/Page_Store/select_--Select--Adernaline 0.'

2018-06-09 22:09:53 - [TEST_STEP][PASSED] - delay: Delayed 2 second(s)

2018-06-09 22:09:55 - [MESSAGE][PASSED] - Delayed 2 second(s)

2018-06-09 22:09:55 - [TEST_STEP][PASSED] - Statement - RequestedQty = com.kms.katalon.core.webui.keyword.WebUiBuiltInKeywords.getAttribute(com.kms.katalon.core.testobject.ObjectRepository.findTestObject(HealthpostToStore/Page_Store/input_txttotal), "value"): Attribute 'value' of object 'Object Repository/HealthpostToStore/Page_Store/input_txttotal' is: '10'

2018-06-09 22:09:55 - [MESSAGE][PASSED] - Attribute 'value' of object 'Object Repository/HealthpostToStore/Page_Store/input_txttotal' is: '10'

2018-06-09 22:09:55 - [TEST_STEP][PASSED] - Statement - out.println("Requested QTY : " + RequestedQty): null

2018-06-09 22:09:55 - [TEST_STEP][PASSED] - Statement - BatchNumber = com.kms.katalon.core.webui.keyword.WebUiBuiltInKeywords.getNumberOfTotalOption(com.kms.katalon.core.testobject.ObjectRepository.findTestObject(HealthpostToStore/Page_Store/select_--Select--BA1170BA2376B)): 2 options of object 'Object Repository/HealthpostToStore/Page_Store/select_--Select--BA1170BA2376B' counted

2018-06-09 22:09:55 - [MESSAGE][PASSED] - 2 options of object 'Object Repository/HealthpostToStore/Page_Store/select_--Select--BA1170BA2376B' counted

2018-06-09 22:09:55 - [TEST_STEP][PASSED] - Statement - For ([g = 1, g <= BatchNumber - 1, (g++)]): null

2018-06-09 22:09:55 - [TEST_STEP][PASSED] - selectOptionByIndex: All options with index in [1] are selected on object 'Object Repository/HealthpostToStore/Page_Store/select_--Select--BA1170BA2376B'

2018-06-09 22:09:55 - [MESSAGE][PASSED] - All options with index in [1] are selected on object 'Object Repository/HealthpostToStore/Page_Store/select_--Select--BA1170BA2376B'

2018-06-09 22:09:55 - [TEST_STEP][PASSED] - Statement - Try: null

2018-06-09 22:09:55 - [TEST_STEP][PASSED] - Statement - StockQty = com.kms.katalon.core.webui.keyword.WebUiBuiltInKeywords.getAttribute(com.kms.katalon.core.testobject.ObjectRepository.findTestObject(HealthpostToStore/Page_Store/input_txtprice), "value"): Attribute 'value' of object 'Object Repository/HealthpostToStore/Page_Store/input_txtprice' is: '330'

2018-06-09 22:09:55 - [MESSAGE][PASSED] - Attribute 'value' of object 'Object Repository/HealthpostToStore/Page_Store/input_txtprice' is: '330'

2018-06-09 22:09:55 - [TEST_STEP][PASSED] - Statement - out.println("Stock QTY : " + StockQty): null

2018-06-09 22:09:55 - [TEST_STEP][PASSED] - delay: Delayed 2 second(s)

2018-06-09 22:09:57 - [MESSAGE][PASSED] - Delayed 2 second(s)

2018-06-09 22:09:57 - [TEST_STEP][PASSED] - Statement - If (java.lang.String.valueOf(StockQty) >= java.lang.String.valueOf(RequestedQty)): null

2018-06-09 22:09:57 - [TEST_STEP][PASSED] - setText: Text '10' is set on object 'Object Repository/HealthpostToStore/Page_Store/input_txtqty'

2018-06-09 22:09:57 - [MESSAGE][PASSED] - Text '10' is set on object 'Object Repository/HealthpostToStore/Page_Store/input_txtqty'

2018-06-09 22:09:57 - [TEST_STEP][PASSED] - click: Object: 'Object Repository/HealthpostToStore/Page_Store/button_Add' is clicked on

2018-06-09 22:09:57 - [MESSAGE][PASSED] - Object: 'Object Repository/HealthpostToStore/Page_Store/button_Add' is clicked on

2018-06-09 22:09:57 - [TEST_STEP][PASSED] - Statement - Break: null

2018-06-09 22:09:57 - [TEST_STEP][PASSED] - selectOptionByIndex: All options with index in [3] are selected on object 'Object Repository/HealthpostToStore/Page_Store/select_--Select--Adernaline 0.'

2018-06-09 22:09:58 - [MESSAGE][PASSED] - All options with index in [3] are selected on object 'Object Repository/HealthpostToStore/Page_Store/select_--Select--Adernaline 0.'

2018-06-09 22:09:58 - [TEST_STEP][PASSED] - delay: Delayed 2 second(s)

2018-06-09 22:10:00 - [MESSAGE][PASSED] - Delayed 2 second(s)

2018-06-09 22:10:00 - [TEST_STEP][PASSED] - Statement - RequestedQty = com.kms.katalon.core.webui.keyword.WebUiBuiltInKeywords.getAttribute(com.kms.katalon.core.testobject.ObjectRepository.findTestObject(HealthpostToStore/Page_Store/input_txttotal), "value"): Attribute 'value' of object 'Object Repository/HealthpostToStore/Page_Store/input_txttotal' is: '10'

2018-06-09 22:10:00 - [MESSAGE][PASSED] - Attribute 'value' of object 'Object Repository/HealthpostToStore/Page_Store/input_txttotal' is: '10'

2018-06-09 22:10:00 - [TEST_STEP][PASSED] - Statement - out.println("Requested QTY : " + RequestedQty): null

2018-06-09 22:10:00 - [TEST_STEP][PASSED] - Statement - BatchNumber = com.kms.katalon.core.webui.keyword.WebUiBuiltInKeywords.getNumberOfTotalOption(com.kms.katalon.core.testobject.ObjectRepository.findTestObject(HealthpostToStore/Page_Store/select_--Select--BA1170BA2376B)): 3 options of object 'Object Repository/HealthpostToStore/Page_Store/select_--Select--BA1170BA2376B' counted

2018-06-09 22:10:00 - [MESSAGE][PASSED] - 3 options of object 'Object Repository/HealthpostToStore/Page_Store/select_--Select--BA1170BA2376B' counted

2018-06-09 22:10:00 - [TEST_STEP][PASSED] - Statement - For ([g = 1, g <= BatchNumber - 1, (g++)]): null

2018-06-09 22:10:00 - [TEST_STEP][PASSED] - selectOptionByIndex: All options with index in [1] are selected on object 'Object Repository/HealthpostToStore/Page_Store/select_--Select--BA1170BA2376B'

2018-06-09 22:10:00 - [MESSAGE][PASSED] - All options with index in [1] are selected on object 'Object Repository/HealthpostToStore/Page_Store/select_--Select--BA1170BA2376B'

2018-06-09 22:10:00 - [TEST_STEP][PASSED] - Statement - Try: null

2018-06-09 22:10:00 - [TEST_STEP][PASSED] - Statement - StockQty = com.kms.katalon.core.webui.keyword.WebUiBuiltInKeywords.getAttribute(com.kms.katalon.core.testobject.ObjectRepository.findTestObject(HealthpostToStore/Page_Store/input_txtprice), "value"): Attribute 'value' of object 'Object Repository/HealthpostToStore/Page_Store/input_txtprice' is: ''

2018-06-09 22:10:00 - [MESSAGE][PASSED] - Attribute 'value' of object 'Object Repository/HealthpostToStore/Page_Store/input_txtprice' is: ''

2018-06-09 22:10:00 - [TEST_STEP][PASSED] - Statement - out.println("Stock QTY : " + StockQty): null

2018-06-09 22:10:00 - [TEST_STEP][PASSED] - delay: Delayed 2 second(s)

2018-06-09 22:10:02 - [MESSAGE][PASSED] - Delayed 2 second(s)

2018-06-09 22:10:02 - [TEST_STEP][PASSED] - Statement - If (java.lang.String.valueOf(StockQty) >= java.lang.String.valueOf(RequestedQty)): null

2018-06-09 22:10:02 - [TEST_STEP][PASSED] - Statement - Else: null

2018-06-09 22:10:02 - [TEST_STEP][PASSED] - Statement - out.println("Stock Is Less Than Requested Qty"): null

2018-06-09 22:10:02 - [TEST_STEP][PASSED] - selectOptionByIndex: All options with index in [2] are selected on object 'Object Repository/HealthpostToStore/Page_Store/select_--Select--BA1170BA2376B'

2018-06-09 22:10:02 - [MESSAGE][PASSED] - All options with index in [2] are selected on object 'Object Repository/HealthpostToStore/Page_Store/select_--Select--BA1170BA2376B'

2018-06-09 22:10:02 - [TEST_STEP][PASSED] - Statement - Try: null

2018-06-09 22:10:02 - [TEST_STEP][PASSED] - Statement - StockQty = com.kms.katalon.core.webui.keyword.WebUiBuiltInKeywords.getAttribute(com.kms.katalon.core.testobject.ObjectRepository.findTestObject(HealthpostToStore/Page_Store/input_txtprice), "value"): Attribute 'value' of object 'Object Repository/HealthpostToStore/Page_Store/input_txtprice' is: '200'

2018-06-09 22:10:02 - [MESSAGE][PASSED] - Attribute 'value' of object 'Object Repository/HealthpostToStore/Page_Store/input_txtprice' is: '200'

2018-06-09 22:10:02 - [TEST_STEP][PASSED] - Statement - out.println("Stock QTY : " + StockQty): null

2018-06-09 22:10:02 - [TEST_STEP][PASSED] - delay: Delayed 2 second(s)

2018-06-09 22:10:04 - [MESSAGE][PASSED] - Delayed 2 second(s)

2018-06-09 22:10:04 - [TEST_STEP][PASSED] - Statement - If (java.lang.String.valueOf(StockQty) >= java.lang.String.valueOf(RequestedQty)): null

2018-06-09 22:10:04 - [TEST_STEP][PASSED] - setText: Text '10' is set on object 'Object Repository/HealthpostToStore/Page_Store/input_txtqty'

2018-06-09 22:10:04 - [MESSAGE][PASSED] - Text '10' is set on object 'Object Repository/HealthpostToStore/Page_Store/input_txtqty'

2018-06-09 22:10:04 - [TEST_STEP][PASSED] - click: Object: 'Object Repository/HealthpostToStore/Page_Store/button_Add' is clicked on

2018-06-09 22:10:04 - [MESSAGE][PASSED] - Object: 'Object Repository/HealthpostToStore/Page_Store/button_Add' is clicked on

2018-06-09 22:10:04 - [TEST_STEP][PASSED] - Statement - Break: null

2018-06-09 22:10:04 - [TEST_STEP][PASSED] - selectOptionByIndex: All options with index in [4] are selected on object 'Object Repository/HealthpostToStore/Page_Store/select_--Select--Adernaline 0.'

2018-06-09 22:10:04 - [MESSAGE][PASSED] - All options with index in [4] are selected on object 'Object Repository/HealthpostToStore/Page_Store/select_--Select--Adernaline 0.'

2018-06-09 22:10:04 - [TEST_STEP][PASSED] - delay: Delayed 2 second(s)

2018-06-09 22:10:06 - [MESSAGE][PASSED] - Delayed 2 second(s)

2018-06-09 22:10:06 - [TEST_STEP][PASSED] - Statement - RequestedQty = com.kms.katalon.core.webui.keyword.WebUiBuiltInKeywords.getAttribute(com.kms.katalon.core.testobject.ObjectRepository.findTestObject(HealthpostToStore/Page_Store/input_txttotal), "value"): Attribute 'value' of object 'Object Repository/HealthpostToStore/Page_Store/input_txttotal' is: '10'

2018-06-09 22:10:06 - [MESSAGE][PASSED] - Attribute 'value' of object 'Object Repository/HealthpostToStore/Page_Store/input_txttotal' is: '10'

2018-06-09 22:10:06 - [TEST_STEP][PASSED] - Statement - out.println("Requested QTY : " + RequestedQty): null

2018-06-09 22:10:06 - [TEST_STEP][PASSED] - Statement - BatchNumber = com.kms.katalon.core.webui.keyword.WebUiBuiltInKeywords.getNumberOfTotalOption(com.kms.katalon.core.testobject.ObjectRepository.findTestObject(HealthpostToStore/Page_Store/select_--Select--BA1170BA2376B)): 2 options of object 'Object Repository/HealthpostToStore/Page_Store/select_--Select--BA1170BA2376B' counted

2018-06-09 22:10:06 - [MESSAGE][PASSED] - 2 options of object 'Object Repository/HealthpostToStore/Page_Store/select_--Select--BA1170BA2376B' counted

2018-06-09 22:10:06 - [TEST_STEP][PASSED] - Statement - For ([g = 1, g <= BatchNumber - 1, (g++)]): null

2018-06-09 22:10:06 - [TEST_STEP][PASSED] - selectOptionByIndex: All options with index in [1] are selected on object 'Object Repository/HealthpostToStore/Page_Store/select_--Select--BA1170BA2376B'

2018-06-09 22:10:07 - [MESSAGE][PASSED] - All options with index in [1] are selected on object 'Object Repository/HealthpostToStore/Page_Store/select_--Select--BA1170BA2376B'

2018-06-09 22:10:07 - [TEST_STEP][PASSED] - Statement - Try: null

2018-06-09 22:10:07 - [TEST_STEP][PASSED] - Statement - StockQty = com.kms.katalon.core.webui.keyword.WebUiBuiltInKeywords.getAttribute(com.kms.katalon.core.testobject.ObjectRepository.findTestObject(HealthpostToStore/Page_Store/input_txtprice), "value"): Attribute 'value' of object 'Object Repository/HealthpostToStore/Page_Store/input_txtprice' is: '340'

2018-06-09 22:10:07 - [MESSAGE][PASSED] - Attribute 'value' of object 'Object Repository/HealthpostToStore/Page_Store/input_txtprice' is: '340'

2018-06-09 22:10:07 - [TEST_STEP][PASSED] - Statement - out.println("Stock QTY : " + StockQty): null

2018-06-09 22:10:07 - [TEST_STEP][PASSED] - delay: Delayed 2 second(s)

2018-06-09 22:10:09 - [MESSAGE][PASSED] - Delayed 2 second(s)

2018-06-09 22:10:09 - [TEST_STEP][PASSED] - Statement - If (java.lang.String.valueOf(StockQty) >= java.lang.String.valueOf(RequestedQty)): null

2018-06-09 22:10:09 - [TEST_STEP][PASSED] - setText: Text '10' is set on object 'Object Repository/HealthpostToStore/Page_Store/input_txtqty'

2018-06-09 22:10:09 - [MESSAGE][PASSED] - Text '10' is set on object 'Object Repository/HealthpostToStore/Page_Store/input_txtqty'

2018-06-09 22:10:09 - [TEST_STEP][PASSED] - click: Object: 'Object Repository/HealthpostToStore/Page_Store/button_Add' is clicked on

2018-06-09 22:10:09 - [MESSAGE][PASSED] - Object: 'Object Repository/HealthpostToStore/Page_Store/button_Add' is clicked on

2018-06-09 22:10:09 - [TEST_STEP][PASSED] - Statement - Break: null

2018-06-09 22:10:09 - [TEST_STEP][PASSED] - selectOptionByIndex: All options with index in [5] are selected on object 'Object Repository/HealthpostToStore/Page_Store/select_--Select--Adernaline 0.'

2018-06-09 22:10:09 - [MESSAGE][PASSED] - All options with index in [5] are selected on object 'Object Repository/HealthpostToStore/Page_Store/select_--Select--Adernaline 0.'

2018-06-09 22:10:09 - [TEST_STEP][PASSED] - delay: Delayed 2 second(s)

2018-06-09 22:10:11 - [MESSAGE][PASSED] - Delayed 2 second(s)

2018-06-09 22:10:11 - [TEST_STEP][PASSED] - Statement - RequestedQty = com.kms.katalon.core.webui.keyword.WebUiBuiltInKeywords.getAttribute(com.kms.katalon.core.testobject.ObjectRepository.findTestObject(HealthpostToStore/Page_Store/input_txttotal), "value"): Attribute 'value' of object 'Object Repository/HealthpostToStore/Page_Store/input_txttotal' is: '10'

2018-06-09 22:10:11 - [MESSAGE][PASSED] - Attribute 'value' of object 'Object Repository/HealthpostToStore/Page_Store/input_txttotal' is: '10'

2018-06-09 22:10:11 - [TEST_STEP][PASSED] - Statement - out.println("Requested QTY : " + RequestedQty): null

2018-06-09 22:10:11 - [TEST_STEP][PASSED] - Statement - BatchNumber = com.kms.katalon.core.webui.keyword.WebUiBuiltInKeywords.getNumberOfTotalOption(com.kms.katalon.core.testobject.ObjectRepository.findTestObject(HealthpostToStore/Page_Store/select_--Select--BA1170BA2376B)): 2 options of object 'Object Repository/HealthpostToStore/Page_Store/select_--Select--BA1170BA2376B' counted

2018-06-09 22:10:11 - [MESSAGE][PASSED] - 2 options of object 'Object Repository/HealthpostToStore/Page_Store/select_--Select--BA1170BA2376B' counted

2018-06-09 22:10:11 - [TEST_STEP][PASSED] - Statement - For ([g = 1, g <= BatchNumber - 1, (g++)]): null

2018-06-09 22:10:11 - [TEST_STEP][PASSED] - selectOptionByIndex: All options with index in [1] are selected on object 'Object Repository/HealthpostToStore/Page_Store/select_--Select--BA1170BA2376B'

2018-06-09 22:10:11 - [MESSAGE][PASSED] - All options with index in [1] are selected on object 'Object Repository/HealthpostToStore/Page_Store/select_--Select--BA1170BA2376B'

2018-06-09 22:10:11 - [TEST_STEP][PASSED] - Statement - Try: null

2018-06-09 22:10:11 - [TEST_STEP][PASSED] - Statement - StockQty = com.kms.katalon.core.webui.keyword.WebUiBuiltInKeywords.getAttribute(com.kms.katalon.core.testobject.ObjectRepository.findTestObject(HealthpostToStore/Page_Store/input_txtprice), "value"): Attribute 'value' of object 'Object Repository/HealthpostToStore/Page_Store/input_txtprice' is: '330'

2018-06-09 22:10:11 - [MESSAGE][PASSED] - Attribute 'value' of object 'Object Repository/HealthpostToStore/Page_Store/input_txtprice' is: '330'

2018-06-09 22:10:11 - [TEST_STEP][PASSED] - Statement - out.println("Stock QTY : " + StockQty): null

2018-06-09 22:10:11 - [TEST_STEP][PASSED] - delay: Delayed 2 second(s)

2018-06-09 22:10:13 - [MESSAGE][PASSED] - Delayed 2 second(s)

2018-06-09 22:10:13 - [TEST_STEP][PASSED] - Statement - If (java.lang.String.valueOf(StockQty) >= java.lang.String.valueOf(RequestedQty)): null

2018-06-09 22:10:13 - [TEST_STEP][PASSED] - setText: Text '10' is set on object 'Object Repository/HealthpostToStore/Page_Store/input_txtqty'

2018-06-09 22:10:13 - [MESSAGE][PASSED] - Text '10' is set on object 'Object Repository/HealthpostToStore/Page_Store/input_txtqty'

2018-06-09 22:10:13 - [TEST_STEP][PASSED] - click: Object: 'Object Repository/HealthpostToStore/Page_Store/button_Add' is clicked on

2018-06-09 22:10:13 - [MESSAGE][PASSED] - Object: 'Object Repository/HealthpostToStore/Page_Store/button_Add' is clicked on

2018-06-09 22:10:13 - [TEST_STEP][PASSED] - Statement - Break: null

2018-06-09 22:10:13 - [TEST_STEP][PASSED] - selectOptionByIndex: All options with index in [6] are selected on object 'Object Repository/HealthpostToStore/Page_Store/select_--Select--Adernaline 0.'

2018-06-09 22:10:13 - [MESSAGE][PASSED] - All options with index in [6] are selected on object 'Object Repository/HealthpostToStore/Page_Store/select_--Select--Adernaline 0.'

2018-06-09 22:10:13 - [TEST_STEP][PASSED] - delay: Delayed 2 second(s)

2018-06-09 22:10:15 - [MESSAGE][PASSED] - Delayed 2 second(s)

2018-06-09 22:10:15 - [TEST_STEP][PASSED] - Statement - RequestedQty = com.kms.katalon.core.webui.keyword.WebUiBuiltInKeywords.getAttribute(com.kms.katalon.core.testobject.ObjectRepository.findTestObject(HealthpostToStore/Page_Store/input_txttotal), "value"): Attribute 'value' of object 'Object Repository/HealthpostToStore/Page_Store/input_txttotal' is: '10'

2018-06-09 22:10:16 - [MESSAGE][PASSED] - Attribute 'value' of object 'Object Repository/HealthpostToStore/Page_Store/input_txttotal' is: '10'

2018-06-09 22:10:16 - [TEST_STEP][PASSED] - Statement - out.println("Requested QTY : " + RequestedQty): null

2018-06-09 22:10:16 - [TEST_STEP][PASSED] - Statement - BatchNumber = com.kms.katalon.core.webui.keyword.WebUiBuiltInKeywords.getNumberOfTotalOption(com.kms.katalon.core.testobject.ObjectRepository.findTestObject(HealthpostToStore/Page_Store/select_--Select--BA1170BA2376B)): 2 options of object 'Object Repository/HealthpostToStore/Page_Store/select_--Select--BA1170BA2376B' counted

2018-06-09 22:10:16 - [MESSAGE][PASSED] - 2 options of object 'Object Repository/HealthpostToStore/Page_Store/select_--Select--BA1170BA2376B' counted

2018-06-09 22:10:16 - [TEST_STEP][PASSED] - Statement - For ([g = 1, g <= BatchNumber - 1, (g++)]): null

2018-06-09 22:10:16 - [TEST_STEP][PASSED] - selectOptionByIndex: All options with index in [1] are selected on object 'Object Repository/HealthpostToStore/Page_Store/select_--Select--BA1170BA2376B'

2018-06-09 22:10:16 - [MESSAGE][PASSED] - All options with index in [1] are selected on object 'Object Repository/HealthpostToStore/Page_Store/select_--Select--BA1170BA2376B'

2018-06-09 22:10:16 - [TEST_STEP][PASSED] - Statement - Try: null

2018-06-09 22:10:16 - [TEST_STEP][PASSED] - Statement - StockQty = com.kms.katalon.core.webui.keyword.WebUiBuiltInKeywords.getAttribute(com.kms.katalon.core.testobject.ObjectRepository.findTestObject(HealthpostToStore/Page_Store/input_txtprice), "value"): Attribute 'value' of object 'Object Repository/HealthpostToStore/Page_Store/input_txtprice' is: '330'

2018-06-09 22:10:16 - [MESSAGE][PASSED] - Attribute 'value' of object 'Object Repository/HealthpostToStore/Page_Store/input_txtprice' is: '330'

2018-06-09 22:10:16 - [TEST_STEP][PASSED] - Statement - out.println("Stock QTY : " + StockQty): null

2018-06-09 22:10:16 - [TEST_STEP][PASSED] - delay: Delayed 2 second(s)

2018-06-09 22:10:18 - [MESSAGE][PASSED] - Delayed 2 second(s)

2018-06-09 22:10:18 - [TEST_STEP][PASSED] - Statement - If (java.lang.String.valueOf(StockQty) >= java.lang.String.valueOf(RequestedQty)): null

2018-06-09 22:10:18 - [TEST_STEP][PASSED] - setText: Text '10' is set on object 'Object Repository/HealthpostToStore/Page_Store/input_txtqty'

2018-06-09 22:10:18 - [MESSAGE][PASSED] - Text '10' is set on object 'Object Repository/HealthpostToStore/Page_Store/input_txtqty'

2018-06-09 22:10:18 - [TEST_STEP][PASSED] - click: Object: 'Object Repository/HealthpostToStore/Page_Store/button_Add' is clicked on

2018-06-09 22:10:18 - [MESSAGE][PASSED] - Object: 'Object Repository/HealthpostToStore/Page_Store/button_Add' is clicked on

2018-06-09 22:10:18 - [TEST_STEP][PASSED] - Statement - Break: null

2018-06-09 22:10:18 - [TEST_STEP][PASSED] - selectOptionByIndex: All options with index in [7] are selected on object 'Object Repository/HealthpostToStore/Page_Store/select_--Select--Adernaline 0.'

2018-06-09 22:10:18 - [MESSAGE][PASSED] - All options with index in [7] are selected on object 'Object Repository/HealthpostToStore/Page_Store/select_--Select--Adernaline 0.'

2018-06-09 22:10:18 - [TEST_STEP][PASSED] - delay: Delayed 2 second(s)

2018-06-09 22:10:20 - [MESSAGE][PASSED] - Delayed 2 second(s)

2018-06-09 22:10:20 - [TEST_STEP][PASSED] - Statement - RequestedQty = com.kms.katalon.core.webui.keyword.WebUiBuiltInKeywords.getAttribute(com.kms.katalon.core.testobject.ObjectRepository.findTestObject(HealthpostToStore/Page_Store/input_txttotal), "value"): Attribute 'value' of object 'Object Repository/HealthpostToStore/Page_Store/input_txttotal' is: '10'

2018-06-09 22:10:20 - [MESSAGE][PASSED] - Attribute 'value' of object 'Object Repository/HealthpostToStore/Page_Store/input_txttotal' is: '10'

2018-06-09 22:10:20 - [TEST_STEP][PASSED] - Statement - out.println("Requested QTY : " + RequestedQty): null

2018-06-09 22:10:20 - [TEST_STEP][PASSED] - Statement - BatchNumber = com.kms.katalon.core.webui.keyword.WebUiBuiltInKeywords.getNumberOfTotalOption(com.kms.katalon.core.testobject.ObjectRepository.findTestObject(HealthpostToStore/Page_Store/select_--Select--BA1170BA2376B)): 3 options of object 'Object Repository/HealthpostToStore/Page_Store/select_--Select--BA1170BA2376B' counted

2018-06-09 22:10:20 - [MESSAGE][PASSED] - 3 options of object 'Object Repository/HealthpostToStore/Page_Store/select_--Select--BA1170BA2376B' counted

2018-06-09 22:10:20 - [TEST_STEP][PASSED] - Statement - For ([g = 1, g <= BatchNumber - 1, (g++)]): null

2018-06-09 22:10:20 - [TEST_STEP][PASSED] - selectOptionByIndex: All options with index in [1] are selected on object 'Object Repository/HealthpostToStore/Page_Store/select_--Select--BA1170BA2376B'

2018-06-09 22:10:20 - [MESSAGE][PASSED] - All options with index in [1] are selected on object 'Object Repository/HealthpostToStore/Page_Store/select_--Select--BA1170BA2376B'

2018-06-09 22:10:20 - [TEST_STEP][PASSED] - Statement - Try: null

2018-06-09 22:10:20 - [TEST_STEP][PASSED] - Statement - StockQty = com.kms.katalon.core.webui.keyword.WebUiBuiltInKeywords.getAttribute(com.kms.katalon.core.testobject.ObjectRepository.findTestObject(HealthpostToStore/Page_Store/input_txtprice), "value"): Attribute 'value' of object 'Object Repository/HealthpostToStore/Page_Store/input_txtprice' is: '170'

2018-06-09 22:10:20 - [MESSAGE][PASSED] - Attribute 'value' of object 'Object Repository/HealthpostToStore/Page_Store/input_txtprice' is: '170'

2018-06-09 22:10:20 - [TEST_STEP][PASSED] - Statement - out.println("Stock QTY : " + StockQty): null

2018-06-09 22:10:20 - [TEST_STEP][PASSED] - delay: Delayed 2 second(s)

2018-06-09 22:10:22 - [MESSAGE][PASSED] - Delayed 2 second(s)

2018-06-09 22:10:22 - [TEST_STEP][PASSED] - Statement - If (java.lang.String.valueOf(StockQty) >= java.lang.String.valueOf(RequestedQty)): null

2018-06-09 22:10:22 - [TEST_STEP][PASSED] - setText: Text '10' is set on object 'Object Repository/HealthpostToStore/Page_Store/input_txtqty'

2018-06-09 22:10:22 - [MESSAGE][PASSED] - Text '10' is set on object 'Object Repository/HealthpostToStore/Page_Store/input_txtqty'

2018-06-09 22:10:22 - [TEST_STEP][PASSED] - click: Object: 'Object Repository/HealthpostToStore/Page_Store/button_Add' is clicked on

2018-06-09 22:10:22 - [MESSAGE][PASSED] - Object: 'Object Repository/HealthpostToStore/Page_Store/button_Add' is clicked on

2018-06-09 22:10:22 - [TEST_STEP][PASSED] - Statement - Break: null

2018-06-09 22:10:22 - [TEST_STEP][PASSED] - selectOptionByIndex: All options with index in [8] are selected on object 'Object Repository/HealthpostToStore/Page_Store/select_--Select--Adernaline 0.'

2018-06-09 22:10:23 - [MESSAGE][PASSED] - All options with index in [8] are selected on object 'Object Repository/HealthpostToStore/Page_Store/select_--Select--Adernaline 0.'

2018-06-09 22:10:23 - [TEST_STEP][PASSED] - delay: Delayed 2 second(s)

2018-06-09 22:10:25 - [MESSAGE][PASSED] - Delayed 2 second(s)

2018-06-09 22:10:25 - [TEST_STEP][PASSED] - Statement - RequestedQty = com.kms.katalon.core.webui.keyword.WebUiBuiltInKeywords.getAttribute(com.kms.katalon.core.testobject.ObjectRepository.findTestObject(HealthpostToStore/Page_Store/input_txttotal), "value"): Attribute 'value' of object 'Object Repository/HealthpostToStore/Page_Store/input_txttotal' is: '10'

2018-06-09 22:10:25 - [MESSAGE][PASSED] - Attribute 'value' of object 'Object Repository/HealthpostToStore/Page_Store/input_txttotal' is: '10'

2018-06-09 22:10:25 - [TEST_STEP][PASSED] - Statement - out.println("Requested QTY : " + RequestedQty): null

2018-06-09 22:10:25 - [TEST_STEP][PASSED] - Statement - BatchNumber = com.kms.katalon.core.webui.keyword.WebUiBuiltInKeywords.getNumberOfTotalOption(com.kms.katalon.core.testobject.ObjectRepository.findTestObject(HealthpostToStore/Page_Store/select_--Select--BA1170BA2376B)): 3 options of object 'Object Repository/HealthpostToStore/Page_Store/select_--Select--BA1170BA2376B' counted

2018-06-09 22:10:25 - [MESSAGE][PASSED] - 3 options of object 'Object Repository/HealthpostToStore/Page_Store/select_--Select--BA1170BA2376B' counted

2018-06-09 22:10:25 - [TEST_STEP][PASSED] - Statement - For ([g = 1, g <= BatchNumber - 1, (g++)]): null

2018-06-09 22:10:25 - [TEST_STEP][PASSED] - selectOptionByIndex: All options with index in [1] are selected on object 'Object Repository/HealthpostToStore/Page_Store/select_--Select--BA1170BA2376B'

2018-06-09 22:10:25 - [MESSAGE][PASSED] - All options with index in [1] are selected on object 'Object Repository/HealthpostToStore/Page_Store/select_--Select--BA1170BA2376B'

2018-06-09 22:10:25 - [TEST_STEP][PASSED] - Statement - Try: null

2018-06-09 22:10:25 - [TEST_STEP][PASSED] - Statement - StockQty = com.kms.katalon.core.webui.keyword.WebUiBuiltInKeywords.getAttribute(com.kms.katalon.core.testobject.ObjectRepository.findTestObject(HealthpostToStore/Page_Store/input_txtprice), "value"): Attribute 'value' of object 'Object Repository/HealthpostToStore/Page_Store/input_txtprice' is: '170'

2018-06-09 22:10:25 - [MESSAGE][PASSED] - Attribute 'value' of object 'Object Repository/HealthpostToStore/Page_Store/input_txtprice' is: '170'

2018-06-09 22:10:25 - [TEST_STEP][PASSED] - Statement - out.println("Stock QTY : " + StockQty): null

2018-06-09 22:10:25 - [TEST_STEP][PASSED] - delay: Delayed 2 second(s)

2018-06-09 22:10:27 - [MESSAGE][PASSED] - Delayed 2 second(s)

2018-06-09 22:10:27 - [TEST_STEP][PASSED] - Statement - If (java.lang.String.valueOf(StockQty) >= java.lang.String.valueOf(RequestedQty)): null

2018-06-09 22:10:27 - [TEST_STEP][PASSED] - setText: Text '10' is set on object 'Object Repository/HealthpostToStore/Page_Store/input_txtqty'

2018-06-09 22:10:27 - [MESSAGE][PASSED] - Text '10' is set on object 'Object Repository/HealthpostToStore/Page_Store/input_txtqty'

2018-06-09 22:10:27 - [TEST_STEP][PASSED] - click: Object: 'Object Repository/HealthpostToStore/Page_Store/button_Add' is clicked on

2018-06-09 22:10:27 - [MESSAGE][PASSED] - Object: 'Object Repository/HealthpostToStore/Page_Store/button_Add' is clicked on

2018-06-09 22:10:27 - [TEST_STEP][PASSED] - Statement - Break: null

2018-06-09 22:10:27 - [TEST_STEP][PASSED] - selectOptionByIndex: All options with index in [9] are selected on object 'Object Repository/HealthpostToStore/Page_Store/select_--Select--Adernaline 0.'

2018-06-09 22:10:27 - [MESSAGE][PASSED] - All options with index in [9] are selected on object 'Object Repository/HealthpostToStore/Page_Store/select_--Select--Adernaline 0.'

2018-06-09 22:10:27 - [TEST_STEP][PASSED] - delay: Delayed 2 second(s)

2018-06-09 22:10:29 - [MESSAGE][PASSED] - Delayed 2 second(s)

2018-06-09 22:10:29 - [TEST_STEP][PASSED] - Statement - RequestedQty = com.kms.katalon.core.webui.keyword.WebUiBuiltInKeywords.getAttribute(com.kms.katalon.core.testobject.ObjectRepository.findTestObject(HealthpostToStore/Page_Store/input_txttotal), "value"): Attribute 'value' of object 'Object Repository/HealthpostToStore/Page_Store/input_txttotal' is: '10'

2018-06-09 22:10:29 - [MESSAGE][PASSED] - Attribute 'value' of object 'Object Repository/HealthpostToStore/Page_Store/input_txttotal' is: '10'

2018-06-09 22:10:29 - [TEST_STEP][PASSED] - Statement - out.println("Requested QTY : " + RequestedQty): null

2018-06-09 22:10:29 - [TEST_STEP][PASSED] - Statement - BatchNumber = com.kms.katalon.core.webui.keyword.WebUiBuiltInKeywords.getNumberOfTotalOption(com.kms.katalon.core.testobject.ObjectRepository.findTestObject(HealthpostToStore/Page_Store/select_--Select--BA1170BA2376B)): 3 options of object 'Object Repository/HealthpostToStore/Page_Store/select_--Select--BA1170BA2376B' counted

2018-06-09 22:10:29 - [MESSAGE][PASSED] - 3 options of object 'Object Repository/HealthpostToStore/Page_Store/select_--Select--BA1170BA2376B' counted

2018-06-09 22:10:29 - [TEST_STEP][PASSED] - Statement - For ([g = 1, g <= BatchNumber - 1, (g++)]): null

2018-06-09 22:10:29 - [TEST_STEP][PASSED] - selectOptionByIndex: All options with index in [1] are selected on object 'Object Repository/HealthpostToStore/Page_Store/select_--Select--BA1170BA2376B'

2018-06-09 22:10:29 - [MESSAGE][PASSED] - All options with index in [1] are selected on object 'Object Repository/HealthpostToStore/Page_Store/select_--Select--BA1170BA2376B'

2018-06-09 22:10:29 - [TEST_STEP][PASSED] - Statement - Try: null

2018-06-09 22:10:29 - [TEST_STEP][PASSED] - Statement - StockQty = com.kms.katalon.core.webui.keyword.WebUiBuiltInKeywords.getAttribute(com.kms.katalon.core.testobject.ObjectRepository.findTestObject(HealthpostToStore/Page_Store/input_txtprice), "value"): Attribute 'value' of object 'Object Repository/HealthpostToStore/Page_Store/input_txtprice' is: '170'

2018-06-09 22:10:29 - [MESSAGE][PASSED] - Attribute 'value' of object 'Object Repository/HealthpostToStore/Page_Store/input_txtprice' is: '170'

2018-06-09 22:10:29 - [TEST_STEP][PASSED] - Statement - out.println("Stock QTY : " + StockQty): null

2018-06-09 22:10:29 - [TEST_STEP][PASSED] - delay: Delayed 2 second(s)

2018-06-09 22:10:31 - [MESSAGE][PASSED] - Delayed 2 second(s)

2018-06-09 22:10:31 - [TEST_STEP][PASSED] - Statement - If (java.lang.String.valueOf(StockQty) >= java.lang.String.valueOf(RequestedQty)): null

2018-06-09 22:10:31 - [TEST_STEP][PASSED] - setText: Text '10' is set on object 'Object Repository/HealthpostToStore/Page_Store/input_txtqty'

2018-06-09 22:10:32 - [MESSAGE][PASSED] - Text '10' is set on object 'Object Repository/HealthpostToStore/Page_Store/input_txtqty'

2018-06-09 22:10:32 - [TEST_STEP][PASSED] - click: Object: 'Object Repository/HealthpostToStore/Page_Store/button_Add' is clicked on

2018-06-09 22:10:32 - [MESSAGE][PASSED] - Object: 'Object Repository/HealthpostToStore/Page_Store/button_Add' is clicked on

2018-06-09 22:10:32 - [TEST_STEP][PASSED] - Statement - Break: null

2018-06-09 22:10:32 - [TEST_STEP][PASSED] - selectOptionByIndex: All options with index in [10] are selected on object 'Object Repository/HealthpostToStore/Page_Store/select_--Select--Adernaline 0.'

2018-06-09 22:10:32 - [MESSAGE][PASSED] - All options with index in [10] are selected on object 'Object Repository/HealthpostToStore/Page_Store/select_--Select--Adernaline 0.'

2018-06-09 22:10:32 - [TEST_STEP][PASSED] - delay: Delayed 2 second(s)

2018-06-09 22:10:34 - [MESSAGE][PASSED] - Delayed 2 second(s)

2018-06-09 22:10:34 - [TEST_STEP][PASSED] - Statement - RequestedQty = com.kms.katalon.core.webui.keyword.WebUiBuiltInKeywords.getAttribute(com.kms.katalon.core.testobject.ObjectRepository.findTestObject(HealthpostToStore/Page_Store/input_txttotal), "value"): Attribute 'value' of object 'Object Repository/HealthpostToStore/Page_Store/input_txttotal' is: '10'

2018-06-09 22:10:34 - [MESSAGE][PASSED] - Attribute 'value' of object 'Object Repository/HealthpostToStore/Page_Store/input_txttotal' is: '10'

2018-06-09 22:10:34 - [TEST_STEP][PASSED] - Statement - out.println("Requested QTY : " + RequestedQty): null

2018-06-09 22:10:34 - [TEST_STEP][PASSED] - Statement - BatchNumber = com.kms.katalon.core.webui.keyword.WebUiBuiltInKeywords.getNumberOfTotalOption(com.kms.katalon.core.testobject.ObjectRepository.findTestObject(HealthpostToStore/Page_Store/select_--Select--BA1170BA2376B)): 3 options of object 'Object Repository/HealthpostToStore/Page_Store/select_--Select--BA1170BA2376B' counted

2018-06-09 22:10:34 - [MESSAGE][PASSED] - 3 options of object 'Object Repository/HealthpostToStore/Page_Store/select_--Select--BA1170BA2376B' counted

2018-06-09 22:10:34 - [TEST_STEP][PASSED] - Statement - For ([g = 1, g <= BatchNumber - 1, (g++)]): null

2018-06-09 22:10:34 - [TEST_STEP][PASSED] - selectOptionByIndex: All options with index in [1] are selected on object 'Object Repository/HealthpostToStore/Page_Store/select_--Select--BA1170BA2376B'

2018-06-09 22:10:34 - [MESSAGE][PASSED] - All options with index in [1] are selected on object 'Object Repository/HealthpostToStore/Page_Store/select_--Select--BA1170BA2376B'

2018-06-09 22:10:34 - [TEST_STEP][PASSED] - Statement - Try: null

2018-06-09 22:10:34 - [TEST_STEP][PASSED] - Statement - StockQty = com.kms.katalon.core.webui.keyword.WebUiBuiltInKeywords.getAttribute(com.kms.katalon.core.testobject.ObjectRepository.findTestObject(HealthpostToStore/Page_Store/input_txtprice), "value"): Attribute 'value' of object 'Object Repository/HealthpostToStore/Page_Store/input_txtprice' is: '130'

2018-06-09 22:10:34 - [MESSAGE][PASSED] - Attribute 'value' of object 'Object Repository/HealthpostToStore/Page_Store/input_txtprice' is: '130'

2018-06-09 22:10:34 - [TEST_STEP][PASSED] - Statement - out.println("Stock QTY : " + StockQty): null

2018-06-09 22:10:34 - [TEST_STEP][PASSED] - delay: Delayed 2 second(s)

2018-06-09 22:10:36 - [MESSAGE][PASSED] - Delayed 2 second(s)

2018-06-09 22:10:36 - [TEST_STEP][PASSED] - Statement - If (java.lang.String.valueOf(StockQty) >= java.lang.String.valueOf(RequestedQty)): null

2018-06-09 22:10:36 - [TEST_STEP][PASSED] - setText: Text '10' is set on object 'Object Repository/HealthpostToStore/Page_Store/input_txtqty'

2018-06-09 22:10:36 - [MESSAGE][PASSED] - Text '10' is set on object 'Object Repository/HealthpostToStore/Page_Store/input_txtqty'

2018-06-09 22:10:36 - [TEST_STEP][PASSED] - click: Object: 'Object Repository/HealthpostToStore/Page_Store/button_Add' is clicked on

2018-06-09 22:10:36 - [MESSAGE][PASSED] - Object: 'Object Repository/HealthpostToStore/Page_Store/button_Add' is clicked on

2018-06-09 22:10:36 - [TEST_STEP][PASSED] - Statement - Break: null

2018-06-09 22:10:36 - [TEST_STEP][PASSED] - selectOptionByIndex: All options with index in [11] are selected on object 'Object Repository/HealthpostToStore/Page_Store/select_--Select--Adernaline 0.'

2018-06-09 22:10:36 - [MESSAGE][PASSED] - All options with index in [11] are selected on object 'Object Repository/HealthpostToStore/Page_Store/select_--Select--Adernaline 0.'

2018-06-09 22:10:36 - [TEST_STEP][PASSED] - delay: Delayed 2 second(s)

2018-06-09 22:10:38 - [MESSAGE][PASSED] - Delayed 2 second(s)

2018-06-09 22:10:38 - [TEST_STEP][PASSED] - Statement - RequestedQty = com.kms.katalon.core.webui.keyword.WebUiBuiltInKeywords.getAttribute(com.kms.katalon.core.testobject.ObjectRepository.findTestObject(HealthpostToStore/Page_Store/input_txttotal), "value"): Attribute 'value' of object 'Object Repository/HealthpostToStore/Page_Store/input_txttotal' is: '10'

2018-06-09 22:10:38 - [MESSAGE][PASSED] - Attribute 'value' of object 'Object Repository/HealthpostToStore/Page_Store/input_txttotal' is: '10'

2018-06-09 22:10:38 - [TEST_STEP][PASSED] - Statement - out.println("Requested QTY : " + RequestedQty): null

2018-06-09 22:10:38 - [TEST_STEP][PASSED] - Statement - BatchNumber = com.kms.katalon.core.webui.keyword.WebUiBuiltInKeywords.getNumberOfTotalOption(com.kms.katalon.core.testobject.ObjectRepository.findTestObject(HealthpostToStore/Page_Store/select_--Select--BA1170BA2376B)): 2 options of object 'Object Repository/HealthpostToStore/Page_Store/select_--Select--BA1170BA2376B' counted

2018-06-09 22:10:39 - [MESSAGE][PASSED] - 2 options of object 'Object Repository/HealthpostToStore/Page_Store/select_--Select--BA1170BA2376B' counted

2018-06-09 22:10:39 - [TEST_STEP][PASSED] - Statement - For ([g = 1, g <= BatchNumber - 1, (g++)]): null

2018-06-09 22:10:39 - [TEST_STEP][PASSED] - selectOptionByIndex: All options with index in [1] are selected on object 'Object Repository/HealthpostToStore/Page_Store/select_--Select--BA1170BA2376B'

2018-06-09 22:10:39 - [MESSAGE][PASSED] - All options with index in [1] are selected on object 'Object Repository/HealthpostToStore/Page_Store/select_--Select--BA1170BA2376B'

2018-06-09 22:10:39 - [TEST_STEP][PASSED] - Statement - Try: null

2018-06-09 22:10:39 - [TEST_STEP][PASSED] - Statement - StockQty = com.kms.katalon.core.webui.keyword.WebUiBuiltInKeywords.getAttribute(com.kms.katalon.core.testobject.ObjectRepository.findTestObject(HealthpostToStore/Page_Store/input_txtprice), "value"): Attribute 'value' of object 'Object Repository/HealthpostToStore/Page_Store/input_txtprice' is: '330'

2018-06-09 22:10:39 - [MESSAGE][PASSED] - Attribute 'value' of object 'Object Repository/HealthpostToStore/Page_Store/input_txtprice' is: '330'

2018-06-09 22:10:39 - [TEST_STEP][PASSED] - Statement - out.println("Stock QTY : " + StockQty): null

2018-06-09 22:10:39 - [TEST_STEP][PASSED] - delay: Delayed 2 second(s)

2018-06-09 22:10:41 - [MESSAGE][PASSED] - Delayed 2 second(s)

2018-06-09 22:10:41 - [TEST_STEP][PASSED] - Statement - If (java.lang.String.valueOf(StockQty) >= java.lang.String.valueOf(RequestedQty)): null

2018-06-09 22:10:41 - [TEST_STEP][PASSED] - setText: Text '10' is set on object 'Object Repository/HealthpostToStore/Page_Store/input_txtqty'

2018-06-09 22:10:41 - [MESSAGE][PASSED] - Text '10' is set on object 'Object Repository/HealthpostToStore/Page_Store/input_txtqty'

2018-06-09 22:10:41 - [TEST_STEP][PASSED] - click: Object: 'Object Repository/HealthpostToStore/Page_Store/button_Add' is clicked on

2018-06-09 22:10:41 - [MESSAGE][PASSED] - Object: 'Object Repository/HealthpostToStore/Page_Store/button_Add' is clicked on

2018-06-09 22:10:41 - [TEST_STEP][PASSED] - Statement - Break: null

2018-06-09 22:10:41 - [TEST_STEP][PASSED] - selectOptionByIndex: All options with index in [12] are selected on object 'Object Repository/HealthpostToStore/Page_Store/select_--Select--Adernaline 0.'

2018-06-09 22:10:41 - [MESSAGE][PASSED] - All options with index in [12] are selected on object 'Object Repository/HealthpostToStore/Page_Store/select_--Select--Adernaline 0.'

2018-06-09 22:10:41 - [TEST_STEP][PASSED] - delay: Delayed 2 second(s)

2018-06-09 22:10:43 - [MESSAGE][PASSED] - Delayed 2 second(s)

2018-06-09 22:10:43 - [TEST_STEP][PASSED] - Statement - RequestedQty = com.kms.katalon.core.webui.keyword.WebUiBuiltInKeywords.getAttribute(com.kms.katalon.core.testobject.ObjectRepository.findTestObject(HealthpostToStore/Page_Store/input_txttotal), "value"): Attribute 'value' of object 'Object Repository/HealthpostToStore/Page_Store/input_txttotal' is: '10'

2018-06-09 22:10:43 - [MESSAGE][PASSED] - Attribute 'value' of object 'Object Repository/HealthpostToStore/Page_Store/input_txttotal' is: '10'

2018-06-09 22:10:43 - [TEST_STEP][PASSED] - Statement - out.println("Requested QTY : " + RequestedQty): null

2018-06-09 22:10:43 - [TEST_STEP][PASSED] - Statement - BatchNumber = com.kms.katalon.core.webui.keyword.WebUiBuiltInKeywords.getNumberOfTotalOption(com.kms.katalon.core.testobject.ObjectRepository.findTestObject(HealthpostToStore/Page_Store/select_--Select--BA1170BA2376B)): 3 options of object 'Object Repository/HealthpostToStore/Page_Store/select_--Select--BA1170BA2376B' counted

2018-06-09 22:10:43 - [MESSAGE][PASSED] - 3 options of object 'Object Repository/HealthpostToStore/Page_Store/select_--Select--BA1170BA2376B' counted

2018-06-09 22:10:43 - [TEST_STEP][PASSED] - Statement - For ([g = 1, g <= BatchNumber - 1, (g++)]): null

2018-06-09 22:10:43 - [TEST_STEP][PASSED] - selectOptionByIndex: All options with index in [1] are selected on object 'Object Repository/HealthpostToStore/Page_Store/select_--Select--BA1170BA2376B'

2018-06-09 22:10:43 - [MESSAGE][PASSED] - All options with index in [1] are selected on object 'Object Repository/HealthpostToStore/Page_Store/select_--Select--BA1170BA2376B'

2018-06-09 22:10:43 - [TEST_STEP][PASSED] - Statement - Try: null

2018-06-09 22:10:43 - [TEST_STEP][PASSED] - Statement - StockQty = com.kms.katalon.core.webui.keyword.WebUiBuiltInKeywords.getAttribute(com.kms.katalon.core.testobject.ObjectRepository.findTestObject(HealthpostToStore/Page_Store/input_txtprice), "value"): Attribute 'value' of object 'Object Repository/HealthpostToStore/Page_Store/input_txtprice' is: '130'

2018-06-09 22:10:43 - [MESSAGE][PASSED] - Attribute 'value' of object 'Object Repository/HealthpostToStore/Page_Store/input_txtprice' is: '130'

2018-06-09 22:10:43 - [TEST_STEP][PASSED] - Statement - out.println("Stock QTY : " + StockQty): null

2018-06-09 22:10:43 - [TEST_STEP][PASSED] - delay: Delayed 2 second(s)

2018-06-09 22:10:45 - [MESSAGE][PASSED] - Delayed 2 second(s)

2018-06-09 22:10:45 - [TEST_STEP][PASSED] - Statement - If (java.lang.String.valueOf(StockQty) >= java.lang.String.valueOf(RequestedQty)): null

2018-06-09 22:10:45 - [TEST_STEP][PASSED] - setText: Text '10' is set on object 'Object Repository/HealthpostToStore/Page_Store/input_txtqty'

2018-06-09 22:10:45 - [MESSAGE][PASSED] - Text '10' is set on object 'Object Repository/HealthpostToStore/Page_Store/input_txtqty'

2018-06-09 22:10:45 - [TEST_STEP][PASSED] - click: Object: 'Object Repository/HealthpostToStore/Page_Store/button_Add' is clicked on

2018-06-09 22:10:45 - [MESSAGE][PASSED] - Object: 'Object Repository/HealthpostToStore/Page_Store/button_Add' is clicked on

2018-06-09 22:10:45 - [TEST_STEP][PASSED] - Statement - Break: null

2018-06-09 22:10:45 - [TEST_STEP][PASSED] - selectOptionByIndex: All options with index in [13] are selected on object 'Object Repository/HealthpostToStore/Page_Store/select_--Select--Adernaline 0.'

2018-06-09 22:10:46 - [MESSAGE][PASSED] - All options with index in [13] are selected on object 'Object Repository/HealthpostToStore/Page_Store/select_--Select--Adernaline 0.'

2018-06-09 22:10:46 - [TEST_STEP][PASSED] - delay: Delayed 2 second(s)

2018-06-09 22:10:48 - [MESSAGE][PASSED] - Delayed 2 second(s)

2018-06-09 22:10:48 - [TEST_STEP][PASSED] - Statement - RequestedQty = com.kms.katalon.core.webui.keyword.WebUiBuiltInKeywords.getAttribute(com.kms.katalon.core.testobject.ObjectRepository.findTestObject(HealthpostToStore/Page_Store/input_txttotal), "value"): Attribute 'value' of object 'Object Repository/HealthpostToStore/Page_Store/input_txttotal' is: '10'

2018-06-09 22:10:48 - [MESSAGE][PASSED] - Attribute 'value' of object 'Object Repository/HealthpostToStore/Page_Store/input_txttotal' is: '10'

2018-06-09 22:10:48 - [TEST_STEP][PASSED] - Statement - out.println("Requested QTY : " + RequestedQty): null

2018-06-09 22:10:48 - [TEST_STEP][PASSED] - Statement - BatchNumber = com.kms.katalon.core.webui.keyword.WebUiBuiltInKeywords.getNumberOfTotalOption(com.kms.katalon.core.testobject.ObjectRepository.findTestObject(HealthpostToStore/Page_Store/select_--Select--BA1170BA2376B)): 3 options of object 'Object Repository/HealthpostToStore/Page_Store/select_--Select--BA1170BA2376B' counted

2018-06-09 22:10:48 - [MESSAGE][PASSED] - 3 options of object 'Object Repository/HealthpostToStore/Page_Store/select_--Select--BA1170BA2376B' counted

2018-06-09 22:10:48 - [TEST_STEP][PASSED] - Statement - For ([g = 1, g <= BatchNumber - 1, (g++)]): null

2018-06-09 22:10:48 - [TEST_STEP][PASSED] - selectOptionByIndex: All options with index in [1] are selected on object 'Object Repository/HealthpostToStore/Page_Store/select_--Select--BA1170BA2376B'

2018-06-09 22:10:48 - [MESSAGE][PASSED] - All options with index in [1] are selected on object 'Object Repository/HealthpostToStore/Page_Store/select_--Select--BA1170BA2376B'

2018-06-09 22:10:48 - [TEST_STEP][PASSED] - Statement - Try: null

2018-06-09 22:10:48 - [TEST_STEP][PASSED] - Statement - StockQty = com.kms.katalon.core.webui.keyword.WebUiBuiltInKeywords.getAttribute(com.kms.katalon.core.testobject.ObjectRepository.findTestObject(HealthpostToStore/Page_Store/input_txtprice), "value"): Attribute 'value' of object 'Object Repository/HealthpostToStore/Page_Store/input_txtprice' is: '170'

2018-06-09 22:10:48 - [MESSAGE][PASSED] - Attribute 'value' of object 'Object Repository/HealthpostToStore/Page_Store/input_txtprice' is: '170'

2018-06-09 22:10:48 - [TEST_STEP][PASSED] - Statement - out.println("Stock QTY : " + StockQty): null

2018-06-09 22:10:48 - [TEST_STEP][PASSED] - delay: Delayed 2 second(s)

2018-06-09 22:10:50 - [MESSAGE][PASSED] - Delayed 2 second(s)

2018-06-09 22:10:50 - [TEST_STEP][PASSED] - Statement - If (java.lang.String.valueOf(StockQty) >= java.lang.String.valueOf(RequestedQty)): null

2018-06-09 22:10:50 - [TEST_STEP][PASSED] - setText: Text '10' is set on object 'Object Repository/HealthpostToStore/Page_Store/input_txtqty'

2018-06-09 22:10:50 - [MESSAGE][PASSED] - Text '10' is set on object 'Object Repository/HealthpostToStore/Page_Store/input_txtqty'

2018-06-09 22:10:50 - [TEST_STEP][PASSED] - click: Object: 'Object Repository/HealthpostToStore/Page_Store/button_Add' is clicked on

2018-06-09 22:10:50 - [MESSAGE][PASSED] - Object: 'Object Repository/HealthpostToStore/Page_Store/button_Add' is clicked on

2018-06-09 22:10:50 - [TEST_STEP][PASSED] - Statement - Break: null

2018-06-09 22:10:50 - [TEST_STEP][PASSED] - selectOptionByIndex: All options with index in [14] are selected on object 'Object Repository/HealthpostToStore/Page_Store/select_--Select--Adernaline 0.'

2018-06-09 22:10:50 - [MESSAGE][PASSED] - All options with index in [14] are selected on object 'Object Repository/HealthpostToStore/Page_Store/select_--Select--Adernaline 0.'

2018-06-09 22:10:50 - [TEST_STEP][PASSED] - delay: Delayed 2 second(s)

2018-06-09 22:10:52 - [MESSAGE][PASSED] - Delayed 2 second(s)

2018-06-09 22:10:52 - [TEST_STEP][PASSED] - Statement - RequestedQty = com.kms.katalon.core.webui.keyword.WebUiBuiltInKeywords.getAttribute(com.kms.katalon.core.testobject.ObjectRepository.findTestObject(HealthpostToStore/Page_Store/input_txttotal), "value"): Attribute 'value' of object 'Object Repository/HealthpostToStore/Page_Store/input_txttotal' is: '10'

2018-06-09 22:10:52 - [MESSAGE][PASSED] - Attribute 'value' of object 'Object Repository/HealthpostToStore/Page_Store/input_txttotal' is: '10'

2018-06-09 22:10:52 - [TEST_STEP][PASSED] - Statement - out.println("Requested QTY : " + RequestedQty): null

2018-06-09 22:10:52 - [TEST_STEP][PASSED] - Statement - BatchNumber = com.kms.katalon.core.webui.keyword.WebUiBuiltInKeywords.getNumberOfTotalOption(com.kms.katalon.core.testobject.ObjectRepository.findTestObject(HealthpostToStore/Page_Store/select_--Select--BA1170BA2376B)): 3 options of object 'Object Repository/HealthpostToStore/Page_Store/select_--Select--BA1170BA2376B' counted

2018-06-09 22:10:52 - [MESSAGE][PASSED] - 3 options of object 'Object Repository/HealthpostToStore/Page_Store/select_--Select--BA1170BA2376B' counted

2018-06-09 22:10:52 - [TEST_STEP][PASSED] - Statement - For ([g = 1, g <= BatchNumber - 1, (g++)]): null

2018-06-09 22:10:52 - [TEST_STEP][PASSED] - selectOptionByIndex: All options with index in [1] are selected on object 'Object Repository/HealthpostToStore/Page_Store/select_--Select--BA1170BA2376B'

2018-06-09 22:10:53 - [MESSAGE][PASSED] - All options with index in [1] are selected on object 'Object Repository/HealthpostToStore/Page_Store/select_--Select--BA1170BA2376B'

2018-06-09 22:10:53 - [TEST_STEP][PASSED] - Statement - Try: null

2018-06-09 22:10:53 - [TEST_STEP][PASSED] - Statement - StockQty = com.kms.katalon.core.webui.keyword.WebUiBuiltInKeywords.getAttribute(com.kms.katalon.core.testobject.ObjectRepository.findTestObject(HealthpostToStore/Page_Store/input_txtprice), "value"): Attribute 'value' of object 'Object Repository/HealthpostToStore/Page_Store/input_txtprice' is: '130'

2018-06-09 22:10:53 - [MESSAGE][PASSED] - Attribute 'value' of object 'Object Repository/HealthpostToStore/Page_Store/input_txtprice' is: '130'

2018-06-09 22:10:53 - [TEST_STEP][PASSED] - Statement - out.println("Stock QTY : " + StockQty): null

2018-06-09 22:10:53 - [TEST_STEP][PASSED] - delay: Delayed 2 second(s)

2018-06-09 22:10:55 - [MESSAGE][PASSED] - Delayed 2 second(s)

2018-06-09 22:10:55 - [TEST_STEP][PASSED] - Statement - If (java.lang.String.valueOf(StockQty) >= java.lang.String.valueOf(RequestedQty)): null

2018-06-09 22:10:55 - [TEST_STEP][PASSED] - setText: Text '10' is set on object 'Object Repository/HealthpostToStore/Page_Store/input_txtqty'

2018-06-09 22:10:55 - [MESSAGE][PASSED] - Text '10' is set on object 'Object Repository/HealthpostToStore/Page_Store/input_txtqty'

2018-06-09 22:10:55 - [TEST_STEP][PASSED] - click: Object: 'Object Repository/HealthpostToStore/Page_Store/button_Add' is clicked on

2018-06-09 22:10:55 - [MESSAGE][PASSED] - Object: 'Object Repository/HealthpostToStore/Page_Store/button_Add' is clicked on

2018-06-09 22:10:55 - [TEST_STEP][PASSED] - Statement - Break: null

2018-06-09 22:10:55 - [TEST_STEP][PASSED] - selectOptionByIndex: All options with index in [15] are selected on object 'Object Repository/HealthpostToStore/Page_Store/select_--Select--Adernaline 0.'

2018-06-09 22:10:55 - [MESSAGE][PASSED] - All options with index in [15] are selected on object 'Object Repository/HealthpostToStore/Page_Store/select_--Select--Adernaline 0.'

2018-06-09 22:10:55 - [TEST_STEP][PASSED] - delay: Delayed 2 second(s)

2018-06-09 22:10:57 - [MESSAGE][PASSED] - Delayed 2 second(s)

2018-06-09 22:10:57 - [TEST_STEP][PASSED] - Statement - RequestedQty = com.kms.katalon.core.webui.keyword.WebUiBuiltInKeywords.getAttribute(com.kms.katalon.core.testobject.ObjectRepository.findTestObject(HealthpostToStore/Page_Store/input_txttotal), "value"): Attribute 'value' of object 'Object Repository/HealthpostToStore/Page_Store/input_txttotal' is: '10'

2018-06-09 22:10:57 - [MESSAGE][PASSED] - Attribute 'value' of object 'Object Repository/HealthpostToStore/Page_Store/input_txttotal' is: '10'

2018-06-09 22:10:57 - [TEST_STEP][PASSED] - Statement - out.println("Requested QTY : " + RequestedQty): null

2018-06-09 22:10:57 - [TEST_STEP][PASSED] - Statement - BatchNumber = com.kms.katalon.core.webui.keyword.WebUiBuiltInKeywords.getNumberOfTotalOption(com.kms.katalon.core.testobject.ObjectRepository.findTestObject(HealthpostToStore/Page_Store/select_--Select--BA1170BA2376B)): 3 options of object 'Object Repository/HealthpostToStore/Page_Store/select_--Select--BA1170BA2376B' counted

2018-06-09 22:10:57 - [MESSAGE][PASSED] - 3 options of object 'Object Repository/HealthpostToStore/Page_Store/select_--Select--BA1170BA2376B' counted

2018-06-09 22:10:57 - [TEST_STEP][PASSED] - Statement - For ([g = 1, g <= BatchNumber - 1, (g++)]): null

2018-06-09 22:10:57 - [TEST_STEP][PASSED] - selectOptionByIndex: All options with index in [1] are selected on object 'Object Repository/HealthpostToStore/Page_Store/select_--Select--BA1170BA2376B'

2018-06-09 22:10:57 - [MESSAGE][PASSED] - All options with index in [1] are selected on object 'Object Repository/HealthpostToStore/Page_Store/select_--Select--BA1170BA2376B'

2018-06-09 22:10:57 - [TEST_STEP][PASSED] - Statement - Try: null

2018-06-09 22:10:57 - [TEST_STEP][PASSED] - Statement - StockQty = com.kms.katalon.core.webui.keyword.WebUiBuiltInKeywords.getAttribute(com.kms.katalon.core.testobject.ObjectRepository.findTestObject(HealthpostToStore/Page_Store/input_txtprice), "value"): Attribute 'value' of object 'Object Repository/HealthpostToStore/Page_Store/input_txtprice' is: '170'

2018-06-09 22:10:57 - [MESSAGE][PASSED] - Attribute 'value' of object 'Object Repository/HealthpostToStore/Page_Store/input_txtprice' is: '170'

2018-06-09 22:10:57 - [TEST_STEP][PASSED] - Statement - out.println("Stock QTY : " + StockQty): null

2018-06-09 22:10:57 - [TEST_STEP][PASSED] - delay: Delayed 2 second(s)

2018-06-09 22:10:59 - [MESSAGE][PASSED] - Delayed 2 second(s)

2018-06-09 22:10:59 - [TEST_STEP][PASSED] - Statement - If (java.lang.String.valueOf(StockQty) >= java.lang.String.valueOf(RequestedQty)): null

2018-06-09 22:10:59 - [TEST_STEP][PASSED] - setText: Text '10' is set on object 'Object Repository/HealthpostToStore/Page_Store/input_txtqty'

2018-06-09 22:10:59 - [MESSAGE][PASSED] - Text '10' is set on object 'Object Repository/HealthpostToStore/Page_Store/input_txtqty'

2018-06-09 22:10:59 - [TEST_STEP][PASSED] - click: Object: 'Object Repository/HealthpostToStore/Page_Store/button_Add' is clicked on

2018-06-09 22:10:59 - [MESSAGE][PASSED] - Object: 'Object Repository/HealthpostToStore/Page_Store/button_Add' is clicked on

2018-06-09 22:10:59 - [TEST_STEP][PASSED] - Statement - Break: null

2018-06-09 22:10:59 - [TEST_STEP][PASSED] - selectOptionByIndex: All options with index in [16] are selected on object 'Object Repository/HealthpostToStore/Page_Store/select_--Select--Adernaline 0.'

2018-06-09 22:11:00 - [MESSAGE][PASSED] - All options with index in [16] are selected on object 'Object Repository/HealthpostToStore/Page_Store/select_--Select--Adernaline 0.'

2018-06-09 22:11:00 - [TEST_STEP][PASSED] - delay: Delayed 2 second(s)

2018-06-09 22:11:02 - [MESSAGE][PASSED] - Delayed 2 second(s)

2018-06-09 22:11:02 - [TEST_STEP][PASSED] - Statement - RequestedQty = com.kms.katalon.core.webui.keyword.WebUiBuiltInKeywords.getAttribute(com.kms.katalon.core.testobject.ObjectRepository.findTestObject(HealthpostToStore/Page_Store/input_txttotal), "value"): Attribute 'value' of object 'Object Repository/HealthpostToStore/Page_Store/input_txttotal' is: '10'

2018-06-09 22:11:02 - [MESSAGE][PASSED] - Attribute 'value' of object 'Object Repository/HealthpostToStore/Page_Store/input_txttotal' is: '10'

2018-06-09 22:11:02 - [TEST_STEP][PASSED] - Statement - out.println("Requested QTY : " + RequestedQty): null

2018-06-09 22:11:02 - [TEST_STEP][PASSED] - Statement - BatchNumber = com.kms.katalon.core.webui.keyword.WebUiBuiltInKeywords.getNumberOfTotalOption(com.kms.katalon.core.testobject.ObjectRepository.findTestObject(HealthpostToStore/Page_Store/select_--Select--BA1170BA2376B)): 3 options of object 'Object Repository/HealthpostToStore/Page_Store/select_--Select--BA1170BA2376B' counted

2018-06-09 22:11:02 - [MESSAGE][PASSED] - 3 options of object 'Object Repository/HealthpostToStore/Page_Store/select_--Select--BA1170BA2376B' counted

2018-06-09 22:11:02 - [TEST_STEP][PASSED] - Statement - For ([g = 1, g <= BatchNumber - 1, (g++)]): null

2018-06-09 22:11:02 - [TEST_STEP][PASSED] - selectOptionByIndex: All options with index in [1] are selected on object 'Object Repository/HealthpostToStore/Page_Store/select_--Select--BA1170BA2376B'

2018-06-09 22:11:02 - [MESSAGE][PASSED] - All options with index in [1] are selected on object 'Object Repository/HealthpostToStore/Page_Store/select_--Select--BA1170BA2376B'

2018-06-09 22:11:02 - [TEST_STEP][PASSED] - Statement - Try: null

2018-06-09 22:11:02 - [TEST_STEP][PASSED] - Statement - StockQty = com.kms.katalon.core.webui.keyword.WebUiBuiltInKeywords.getAttribute(com.kms.katalon.core.testobject.ObjectRepository.findTestObject(HealthpostToStore/Page_Store/input_txtprice), "value"): Attribute 'value' of object 'Object Repository/HealthpostToStore/Page_Store/input_txtprice' is: '130'

2018-06-09 22:11:02 - [MESSAGE][PASSED] - Attribute 'value' of object 'Object Repository/HealthpostToStore/Page_Store/input_txtprice' is: '130'

2018-06-09 22:11:02 - [TEST_STEP][PASSED] - Statement - out.println("Stock QTY : " + StockQty): null

2018-06-09 22:11:02 - [TEST_STEP][PASSED] - delay: Delayed 2 second(s)

2018-06-09 22:11:04 - [MESSAGE][PASSED] - Delayed 2 second(s)

2018-06-09 22:11:04 - [TEST_STEP][PASSED] - Statement - If (java.lang.String.valueOf(StockQty) >= java.lang.String.valueOf(RequestedQty)): null

2018-06-09 22:11:04 - [TEST_STEP][PASSED] - setText: Text '10' is set on object 'Object Repository/HealthpostToStore/Page_Store/input_txtqty'

2018-06-09 22:11:04 - [MESSAGE][PASSED] - Text '10' is set on object 'Object Repository/HealthpostToStore/Page_Store/input_txtqty'

2018-06-09 22:11:04 - [TEST_STEP][PASSED] - click: Object: 'Object Repository/HealthpostToStore/Page_Store/button_Add' is clicked on

2018-06-09 22:11:04 - [MESSAGE][PASSED] - Object: 'Object Repository/HealthpostToStore/Page_Store/button_Add' is clicked on

2018-06-09 22:11:04 - [TEST_STEP][PASSED] - Statement - Break: null

2018-06-09 22:11:04 - [TEST_STEP][PASSED] - selectOptionByIndex: All options with index in [17] are selected on object 'Object Repository/HealthpostToStore/Page_Store/select_--Select--Adernaline 0.'

2018-06-09 22:11:04 - [MESSAGE][PASSED] - All options with index in [17] are selected on object 'Object Repository/HealthpostToStore/Page_Store/select_--Select--Adernaline 0.'

2018-06-09 22:11:04 - [TEST_STEP][PASSED] - delay: Delayed 2 second(s)

2018-06-09 22:11:06 - [MESSAGE][PASSED] - Delayed 2 second(s)

2018-06-09 22:11:06 - [TEST_STEP][PASSED] - Statement - RequestedQty = com.kms.katalon.core.webui.keyword.WebUiBuiltInKeywords.getAttribute(com.kms.katalon.core.testobject.ObjectRepository.findTestObject(HealthpostToStore/Page_Store/input_txttotal), "value"): Attribute 'value' of object 'Object Repository/HealthpostToStore/Page_Store/input_txttotal' is: '10'

2018-06-09 22:11:06 - [MESSAGE][PASSED] - Attribute 'value' of object 'Object Repository/HealthpostToStore/Page_Store/input_txttotal' is: '10'

2018-06-09 22:11:06 - [TEST_STEP][PASSED] - Statement - out.println("Requested QTY : " + RequestedQty): null

2018-06-09 22:11:06 - [TEST_STEP][PASSED] - Statement - BatchNumber = com.kms.katalon.core.webui.keyword.WebUiBuiltInKeywords.getNumberOfTotalOption(com.kms.katalon.core.testobject.ObjectRepository.findTestObject(HealthpostToStore/Page_Store/select_--Select--BA1170BA2376B)): 3 options of object 'Object Repository/HealthpostToStore/Page_Store/select_--Select--BA1170BA2376B' counted

2018-06-09 22:11:06 - [MESSAGE][PASSED] - 3 options of object 'Object Repository/HealthpostToStore/Page_Store/select_--Select--BA1170BA2376B' counted

2018-06-09 22:11:06 - [TEST_STEP][PASSED] - Statement - For ([g = 1, g <= BatchNumber - 1, (g++)]): null

2018-06-09 22:11:06 - [TEST_STEP][PASSED] - selectOptionByIndex: All options with index in [1] are selected on object 'Object Repository/HealthpostToStore/Page_Store/select_--Select--BA1170BA2376B'

2018-06-09 22:11:07 - [MESSAGE][PASSED] - All options with index in [1] are selected on object 'Object Repository/HealthpostToStore/Page_Store/select_--Select--BA1170BA2376B'

2018-06-09 22:11:07 - [TEST_STEP][PASSED] - Statement - Try: null

2018-06-09 22:11:07 - [TEST_STEP][PASSED] - Statement - StockQty = com.kms.katalon.core.webui.keyword.WebUiBuiltInKeywords.getAttribute(com.kms.katalon.core.testobject.ObjectRepository.findTestObject(HealthpostToStore/Page_Store/input_txtprice), "value"): Attribute 'value' of object 'Object Repository/HealthpostToStore/Page_Store/input_txtprice' is: '130'

2018-06-09 22:11:07 - [MESSAGE][PASSED] - Attribute 'value' of object 'Object Repository/HealthpostToStore/Page_Store/input_txtprice' is: '130'

2018-06-09 22:11:07 - [TEST_STEP][PASSED] - Statement - out.println("Stock QTY : " + StockQty): null

2018-06-09 22:11:07 - [TEST_STEP][PASSED] - delay: Delayed 2 second(s)

2018-06-09 22:11:09 - [MESSAGE][PASSED] - Delayed 2 second(s)

2018-06-09 22:11:09 - [TEST_STEP][PASSED] - Statement - If (java.lang.String.valueOf(StockQty) >= java.lang.String.valueOf(RequestedQty)): null

2018-06-09 22:11:09 - [TEST_STEP][PASSED] - setText: Text '10' is set on object 'Object Repository/HealthpostToStore/Page_Store/input_txtqty'

2018-06-09 22:11:09 - [MESSAGE][PASSED] - Text '10' is set on object 'Object Repository/HealthpostToStore/Page_Store/input_txtqty'

2018-06-09 22:11:09 - [TEST_STEP][PASSED] - click: Object: 'Object Repository/HealthpostToStore/Page_Store/button_Add' is clicked on

2018-06-09 22:11:09 - [MESSAGE][PASSED] - Object: 'Object Repository/HealthpostToStore/Page_Store/button_Add' is clicked on

2018-06-09 22:11:09 - [TEST_STEP][PASSED] - Statement - Break: null

2018-06-09 22:11:09 - [TEST_STEP][PASSED] - selectOptionByIndex: All options with index in [18] are selected on object 'Object Repository/HealthpostToStore/Page_Store/select_--Select--Adernaline 0.'

2018-06-09 22:11:09 - [MESSAGE][PASSED] - All options with index in [18] are selected on object 'Object Repository/HealthpostToStore/Page_Store/select_--Select--Adernaline 0.'

2018-06-09 22:11:09 - [TEST_STEP][PASSED] - delay: Delayed 2 second(s)

2018-06-09 22:11:11 - [MESSAGE][PASSED] - Delayed 2 second(s)

2018-06-09 22:11:11 - [TEST_STEP][PASSED] - Statement - RequestedQty = com.kms.katalon.core.webui.keyword.WebUiBuiltInKeywords.getAttribute(com.kms.katalon.core.testobject.ObjectRepository.findTestObject(HealthpostToStore/Page_Store/input_txttotal), "value"): Attribute 'value' of object 'Object Repository/HealthpostToStore/Page_Store/input_txttotal' is: '10'

2018-06-09 22:11:11 - [MESSAGE][PASSED] - Attribute 'value' of object 'Object Repository/HealthpostToStore/Page_Store/input_txttotal' is: '10'

2018-06-09 22:11:11 - [TEST_STEP][PASSED] - Statement - out.println("Requested QTY : " + RequestedQty): null

2018-06-09 22:11:11 - [TEST_STEP][PASSED] - Statement - BatchNumber = com.kms.katalon.core.webui.keyword.WebUiBuiltInKeywords.getNumberOfTotalOption(com.kms.katalon.core.testobject.ObjectRepository.findTestObject(HealthpostToStore/Page_Store/select_--Select--BA1170BA2376B)): 3 options of object 'Object Repository/HealthpostToStore/Page_Store/select_--Select--BA1170BA2376B' counted

2018-06-09 22:11:11 - [MESSAGE][PASSED] - 3 options of object 'Object Repository/HealthpostToStore/Page_Store/select_--Select--BA1170BA2376B' counted

2018-06-09 22:11:11 - [TEST_STEP][PASSED] - Statement - For ([g = 1, g <= BatchNumber - 1, (g++)]): null

2018-06-09 22:11:11 - [TEST_STEP][PASSED] - selectOptionByIndex: All options with index in [1] are selected on object 'Object Repository/HealthpostToStore/Page_Store/select_--Select--BA1170BA2376B'

2018-06-09 22:11:11 - [MESSAGE][PASSED] - All options with index in [1] are selected on object 'Object Repository/HealthpostToStore/Page_Store/select_--Select--BA1170BA2376B'

2018-06-09 22:11:11 - [TEST_STEP][PASSED] - Statement - Try: null

2018-06-09 22:11:11 - [TEST_STEP][PASSED] - Statement - StockQty = com.kms.katalon.core.webui.keyword.WebUiBuiltInKeywords.getAttribute(com.kms.katalon.core.testobject.ObjectRepository.findTestObject(HealthpostToStore/Page_Store/input_txtprice), "value"): Attribute 'value' of object 'Object Repository/HealthpostToStore/Page_Store/input_txtprice' is: '170'

2018-06-09 22:11:11 - [MESSAGE][PASSED] - Attribute 'value' of object 'Object Repository/HealthpostToStore/Page_Store/input_txtprice' is: '170'

2018-06-09 22:11:11 - [TEST_STEP][PASSED] - Statement - out.println("Stock QTY : " + StockQty): null

2018-06-09 22:11:11 - [TEST_STEP][PASSED] - delay: Delayed 2 second(s)

2018-06-09 22:11:13 - [MESSAGE][PASSED] - Delayed 2 second(s)

2018-06-09 22:11:13 - [TEST_STEP][PASSED] - Statement - If (java.lang.String.valueOf(StockQty) >= java.lang.String.valueOf(RequestedQty)): null

2018-06-09 22:11:13 - [TEST_STEP][PASSED] - setText: Text '10' is set on object 'Object Repository/HealthpostToStore/Page_Store/input_txtqty'

2018-06-09 22:11:13 - [MESSAGE][PASSED] - Text '10' is set on object 'Object Repository/HealthpostToStore/Page_Store/input_txtqty'

2018-06-09 22:11:13 - [TEST_STEP][PASSED] - click: Object: 'Object Repository/HealthpostToStore/Page_Store/button_Add' is clicked on

2018-06-09 22:11:13 - [MESSAGE][PASSED] - Object: 'Object Repository/HealthpostToStore/Page_Store/button_Add' is clicked on

2018-06-09 22:11:13 - [TEST_STEP][PASSED] - Statement - Break: null

2018-06-09 22:11:13 - [TEST_STEP][PASSED] - selectOptionByIndex: All options with index in [19] are selected on object 'Object Repository/HealthpostToStore/Page_Store/select_--Select--Adernaline 0.'

2018-06-09 22:11:14 - [MESSAGE][PASSED] - All options with index in [19] are selected on object 'Object Repository/HealthpostToStore/Page_Store/select_--Select--Adernaline 0.'

2018-06-09 22:11:14 - [TEST_STEP][PASSED] - delay: Delayed 2 second(s)

2018-06-09 22:11:16 - [MESSAGE][PASSED] - Delayed 2 second(s)

2018-06-09 22:11:16 - [TEST_STEP][PASSED] - Statement - RequestedQty = com.kms.katalon.core.webui.keyword.WebUiBuiltInKeywords.getAttribute(com.kms.katalon.core.testobject.ObjectRepository.findTestObject(HealthpostToStore/Page_Store/input_txttotal), "value"): Attribute 'value' of object 'Object Repository/HealthpostToStore/Page_Store/input_txttotal' is: '10'

2018-06-09 22:11:16 - [MESSAGE][PASSED] - Attribute 'value' of object 'Object Repository/HealthpostToStore/Page_Store/input_txttotal' is: '10'

2018-06-09 22:11:16 - [TEST_STEP][PASSED] - Statement - out.println("Requested QTY : " + RequestedQty): null

2018-06-09 22:11:16 - [TEST_STEP][PASSED] - Statement - BatchNumber = com.kms.katalon.core.webui.keyword.WebUiBuiltInKeywords.getNumberOfTotalOption(com.kms.katalon.core.testobject.ObjectRepository.findTestObject(HealthpostToStore/Page_Store/select_--Select--BA1170BA2376B)): 2 options of object 'Object Repository/HealthpostToStore/Page_Store/select_--Select--BA1170BA2376B' counted

2018-06-09 22:11:16 - [MESSAGE][PASSED] - 2 options of object 'Object Repository/HealthpostToStore/Page_Store/select_--Select--BA1170BA2376B' counted

2018-06-09 22:11:16 - [TEST_STEP][PASSED] - Statement - For ([g = 1, g <= BatchNumber - 1, (g++)]): null

2018-06-09 22:11:16 - [TEST_STEP][PASSED] - selectOptionByIndex: All options with index in [1] are selected on object 'Object Repository/HealthpostToStore/Page_Store/select_--Select--BA1170BA2376B'

2018-06-09 22:11:16 - [MESSAGE][PASSED] - All options with index in [1] are selected on object 'Object Repository/HealthpostToStore/Page_Store/select_--Select--BA1170BA2376B'

2018-06-09 22:11:16 - [TEST_STEP][PASSED] - Statement - Try: null

2018-06-09 22:11:16 - [TEST_STEP][PASSED] - Statement - StockQty = com.kms.katalon.core.webui.keyword.WebUiBuiltInKeywords.getAttribute(com.kms.katalon.core.testobject.ObjectRepository.findTestObject(HealthpostToStore/Page_Store/input_txtprice), "value"): Attribute 'value' of object 'Object Repository/HealthpostToStore/Page_Store/input_txtprice' is: ''

2018-06-09 22:11:16 - [MESSAGE][PASSED] - Attribute 'value' of object 'Object Repository/HealthpostToStore/Page_Store/input_txtprice' is: ''

2018-06-09 22:11:16 - [TEST_STEP][PASSED] - Statement - out.println("Stock QTY : " + StockQty): null

2018-06-09 22:11:16 - [TEST_STEP][PASSED] - delay: Delayed 2 second(s)

2018-06-09 22:11:18 - [MESSAGE][PASSED] - Delayed 2 second(s)

2018-06-09 22:11:18 - [TEST_STEP][PASSED] - Statement - If (java.lang.String.valueOf(StockQty) >= java.lang.String.valueOf(RequestedQty)): null

2018-06-09 22:11:18 - [TEST_STEP][PASSED] - Statement - Else: null

2018-06-09 22:11:18 - [TEST_STEP][PASSED] - Statement - out.println("Stock Is Less Than Requested Qty"): null

2018-06-09 22:11:18 - [TEST_STEP][PASSED] - selectOptionByIndex: All options with index in [20] are selected on object 'Object Repository/HealthpostToStore/Page_Store/select_--Select--Adernaline 0.'

2018-06-09 22:11:18 - [MESSAGE][PASSED] - All options with index in [20] are selected on object 'Object Repository/HealthpostToStore/Page_Store/select_--Select--Adernaline 0.'

2018-06-09 22:11:18 - [TEST_STEP][PASSED] - delay: Delayed 2 second(s)

2018-06-09 22:11:20 - [MESSAGE][PASSED] - Delayed 2 second(s)

2018-06-09 22:11:20 - [TEST_STEP][PASSED] - Statement - RequestedQty = com.kms.katalon.core.webui.keyword.WebUiBuiltInKeywords.getAttribute(com.kms.katalon.core.testobject.ObjectRepository.findTestObject(HealthpostToStore/Page_Store/input_txttotal), "value"): Attribute 'value' of object 'Object Repository/HealthpostToStore/Page_Store/input_txttotal' is: '10'

2018-06-09 22:11:20 - [MESSAGE][PASSED] - Attribute 'value' of object 'Object Repository/HealthpostToStore/Page_Store/input_txttotal' is: '10'

2018-06-09 22:11:20 - [TEST_STEP][PASSED] - Statement - out.println("Requested QTY : " + RequestedQty): null

2018-06-09 22:11:20 - [TEST_STEP][PASSED] - Statement - BatchNumber = com.kms.katalon.core.webui.keyword.WebUiBuiltInKeywords.getNumberOfTotalOption(com.kms.katalon.core.testobject.ObjectRepository.findTestObject(HealthpostToStore/Page_Store/select_--Select--BA1170BA2376B)): 3 options of object 'Object Repository/HealthpostToStore/Page_Store/select_--Select--BA1170BA2376B' counted

2018-06-09 22:11:20 - [MESSAGE][PASSED] - 3 options of object 'Object Repository/HealthpostToStore/Page_Store/select_--Select--BA1170BA2376B' counted

2018-06-09 22:11:20 - [TEST_STEP][PASSED] - Statement - For ([g = 1, g <= BatchNumber - 1, (g++)]): null

2018-06-09 22:11:20 - [TEST_STEP][PASSED] - selectOptionByIndex: All options with index in [1] are selected on object 'Object Repository/HealthpostToStore/Page_Store/select_--Select--BA1170BA2376B'

2018-06-09 22:11:20 - [MESSAGE][PASSED] - All options with index in [1] are selected on object 'Object Repository/HealthpostToStore/Page_Store/select_--Select--BA1170BA2376B'

2018-06-09 22:11:20 - [TEST_STEP][PASSED] - Statement - Try: null

2018-06-09 22:11:20 - [TEST_STEP][PASSED] - Statement - StockQty = com.kms.katalon.core.webui.keyword.WebUiBuiltInKeywords.getAttribute(com.kms.katalon.core.testobject.ObjectRepository.findTestObject(HealthpostToStore/Page_Store/input_txtprice), "value"): Attribute 'value' of object 'Object Repository/HealthpostToStore/Page_Store/input_txtprice' is: '130'

2018-06-09 22:11:21 - [MESSAGE][PASSED] - Attribute 'value' of object 'Object Repository/HealthpostToStore/Page_Store/input_txtprice' is: '130'

2018-06-09 22:11:21 - [TEST_STEP][PASSED] - Statement - out.println("Stock QTY : " + StockQty): null

2018-06-09 22:11:21 - [TEST_STEP][PASSED] - delay: Delayed 2 second(s)

2018-06-09 22:11:23 - [MESSAGE][PASSED] - Delayed 2 second(s)

2018-06-09 22:11:23 - [TEST_STEP][PASSED] - Statement - If (java.lang.String.valueOf(StockQty) >= java.lang.String.valueOf(RequestedQty)): null

2018-06-09 22:11:23 - [TEST_STEP][PASSED] - setText: Text '10' is set on object 'Object Repository/HealthpostToStore/Page_Store/input_txtqty'

2018-06-09 22:11:23 - [MESSAGE][PASSED] - Text '10' is set on object 'Object Repository/HealthpostToStore/Page_Store/input_txtqty'

2018-06-09 22:11:23 - [TEST_STEP][PASSED] - click: Object: 'Object Repository/HealthpostToStore/Page_Store/button_Add' is clicked on

2018-06-09 22:11:23 - [MESSAGE][PASSED] - Object: 'Object Repository/HealthpostToStore/Page_Store/button_Add' is clicked on

2018-06-09 22:11:23 - [TEST_STEP][PASSED] - Statement - Break: null

2018-06-09 22:11:23 - [TEST_STEP][PASSED] - selectOptionByIndex: All options with index in [21] are selected on object 'Object Repository/HealthpostToStore/Page_Store/select_--Select--Adernaline 0.'

2018-06-09 22:11:23 - [MESSAGE][PASSED] - All options with index in [21] are selected on object 'Object Repository/HealthpostToStore/Page_Store/select_--Select--Adernaline 0.'

2018-06-09 22:11:23 - [TEST_STEP][PASSED] - delay: Delayed 2 second(s)

2018-06-09 22:11:25 - [MESSAGE][PASSED] - Delayed 2 second(s)

2018-06-09 22:11:25 - [TEST_STEP][PASSED] - Statement - RequestedQty = com.kms.katalon.core.webui.keyword.WebUiBuiltInKeywords.getAttribute(com.kms.katalon.core.testobject.ObjectRepository.findTestObject(HealthpostToStore/Page_Store/input_txttotal), "value"): Attribute 'value' of object 'Object Repository/HealthpostToStore/Page_Store/input_txttotal' is: '10'

2018-06-09 22:11:25 - [MESSAGE][PASSED] - Attribute 'value' of object 'Object Repository/HealthpostToStore/Page_Store/input_txttotal' is: '10'

2018-06-09 22:11:25 - [TEST_STEP][PASSED] - Statement - out.println("Requested QTY : " + RequestedQty): null

2018-06-09 22:11:25 - [TEST_STEP][PASSED] - Statement - BatchNumber = com.kms.katalon.core.webui.keyword.WebUiBuiltInKeywords.getNumberOfTotalOption(com.kms.katalon.core.testobject.ObjectRepository.findTestObject(HealthpostToStore/Page_Store/select_--Select--BA1170BA2376B)): 2 options of object 'Object Repository/HealthpostToStore/Page_Store/select_--Select--BA1170BA2376B' counted

2018-06-09 22:11:25 - [MESSAGE][PASSED] - 2 options of object 'Object Repository/HealthpostToStore/Page_Store/select_--Select--BA1170BA2376B' counted

2018-06-09 22:11:25 - [TEST_STEP][PASSED] - Statement - For ([g = 1, g <= BatchNumber - 1, (g++)]): null

2018-06-09 22:11:25 - [TEST_STEP][PASSED] - selectOptionByIndex: All options with index in [1] are selected on object 'Object Repository/HealthpostToStore/Page_Store/select_--Select--BA1170BA2376B'

2018-06-09 22:11:25 - [MESSAGE][PASSED] - All options with index in [1] are selected on object 'Object Repository/HealthpostToStore/Page_Store/select_--Select--BA1170BA2376B'

2018-06-09 22:11:25 - [TEST_STEP][PASSED] - Statement - Try: null

2018-06-09 22:11:25 - [TEST_STEP][PASSED] - Statement - StockQty = com.kms.katalon.core.webui.keyword.WebUiBuiltInKeywords.getAttribute(com.kms.katalon.core.testobject.ObjectRepository.findTestObject(HealthpostToStore/Page_Store/input_txtprice), "value"): Attribute 'value' of object 'Object Repository/HealthpostToStore/Page_Store/input_txtprice' is: ''

2018-06-09 22:11:25 - [MESSAGE][PASSED] - Attribute 'value' of object 'Object Repository/HealthpostToStore/Page_Store/input_txtprice' is: ''

2018-06-09 22:11:25 - [TEST_STEP][PASSED] - Statement - out.println("Stock QTY : " + StockQty): null

2018-06-09 22:11:25 - [TEST_STEP][PASSED] - delay: Delayed 2 second(s)

2018-06-09 22:11:27 - [MESSAGE][PASSED] - Delayed 2 second(s)

2018-06-09 22:11:27 - [TEST_STEP][PASSED] - Statement - If (java.lang.String.valueOf(StockQty) >= java.lang.String.valueOf(RequestedQty)): null

2018-06-09 22:11:27 - [TEST_STEP][PASSED] - Statement - Else: null

2018-06-09 22:11:27 - [TEST_STEP][PASSED] - Statement - out.println("Stock Is Less Than Requested Qty"): null

2018-06-09 22:11:27 - [TEST_STEP][PASSED] - selectOptionByIndex: All options with index in [22] are selected on object 'Object Repository/HealthpostToStore/Page_Store/select_--Select--Adernaline 0.'

2018-06-09 22:11:28 - [MESSAGE][PASSED] - All options with index in [22] are selected on object 'Object Repository/HealthpostToStore/Page_Store/select_--Select--Adernaline 0.'

2018-06-09 22:11:28 - [TEST_STEP][PASSED] - delay: Delayed 2 second(s)

2018-06-09 22:11:30 - [MESSAGE][PASSED] - Delayed 2 second(s)

2018-06-09 22:11:30 - [TEST_STEP][PASSED] - Statement - RequestedQty = com.kms.katalon.core.webui.keyword.WebUiBuiltInKeywords.getAttribute(com.kms.katalon.core.testobject.ObjectRepository.findTestObject(HealthpostToStore/Page_Store/input_txttotal), "value"): Attribute 'value' of object 'Object Repository/HealthpostToStore/Page_Store/input_txttotal' is: '10'

2018-06-09 22:11:30 - [MESSAGE][PASSED] - Attribute 'value' of object 'Object Repository/HealthpostToStore/Page_Store/input_txttotal' is: '10'

2018-06-09 22:11:30 - [TEST_STEP][PASSED] - Statement - out.println("Requested QTY : " + RequestedQty): null

2018-06-09 22:11:30 - [TEST_STEP][PASSED] - Statement - BatchNumber = com.kms.katalon.core.webui.keyword.WebUiBuiltInKeywords.getNumberOfTotalOption(com.kms.katalon.core.testobject.ObjectRepository.findTestObject(HealthpostToStore/Page_Store/select_--Select--BA1170BA2376B)): 3 options of object 'Object Repository/HealthpostToStore/Page_Store/select_--Select--BA1170BA2376B' counted

2018-06-09 22:11:30 - [MESSAGE][PASSED] - 3 options of object 'Object Repository/HealthpostToStore/Page_Store/select_--Select--BA1170BA2376B' counted

2018-06-09 22:11:30 - [TEST_STEP][PASSED] - Statement - For ([g = 1, g <= BatchNumber - 1, (g++)]): null

2018-06-09 22:11:30 - [TEST_STEP][PASSED] - selectOptionByIndex: All options with index in [1] are selected on object 'Object Repository/HealthpostToStore/Page_Store/select_--Select--BA1170BA2376B'

2018-06-09 22:11:30 - [MESSAGE][PASSED] - All options with index in [1] are selected on object 'Object Repository/HealthpostToStore/Page_Store/select_--Select--BA1170BA2376B'

2018-06-09 22:11:30 - [TEST_STEP][PASSED] - Statement - Try: null

2018-06-09 22:11:30 - [TEST_STEP][PASSED] - Statement - StockQty = com.kms.katalon.core.webui.keyword.WebUiBuiltInKeywords.getAttribute(com.kms.katalon.core.testobject.ObjectRepository.findTestObject(HealthpostToStore/Page_Store/input_txtprice), "value"): Attribute 'value' of object 'Object Repository/HealthpostToStore/Page_Store/input_txtprice' is: '140'

2018-06-09 22:11:30 - [MESSAGE][PASSED] - Attribute 'value' of object 'Object Repository/HealthpostToStore/Page_Store/input_txtprice' is: '140'

2018-06-09 22:11:30 - [TEST_STEP][PASSED] - Statement - out.println("Stock QTY : " + StockQty): null

2018-06-09 22:11:30 - [TEST_STEP][PASSED] - delay: Delayed 2 second(s)

2018-06-09 22:11:32 - [MESSAGE][PASSED] - Delayed 2 second(s)

2018-06-09 22:11:32 - [TEST_STEP][PASSED] - Statement - If (java.lang.String.valueOf(StockQty) >= java.lang.String.valueOf(RequestedQty)): null

2018-06-09 22:11:32 - [TEST_STEP][PASSED] - setText: Text '10' is set on object 'Object Repository/HealthpostToStore/Page_Store/input_txtqty'

2018-06-09 22:11:32 - [MESSAGE][PASSED] - Text '10' is set on object 'Object Repository/HealthpostToStore/Page_Store/input_txtqty'

2018-06-09 22:11:32 - [TEST_STEP][PASSED] - click: Object: 'Object Repository/HealthpostToStore/Page_Store/button_Add' is clicked on

2018-06-09 22:11:32 - [MESSAGE][PASSED] - Object: 'Object Repository/HealthpostToStore/Page_Store/button_Add' is clicked on

2018-06-09 22:11:32 - [TEST_STEP][PASSED] - Statement - Break: null

2018-06-09 22:11:32 - [TEST_STEP][PASSED] - selectOptionByIndex: All options with index in [23] are selected on object 'Object Repository/HealthpostToStore/Page_Store/select_--Select--Adernaline 0.'

2018-06-09 22:11:32 - [MESSAGE][PASSED] - All options with index in [23] are selected on object 'Object Repository/HealthpostToStore/Page_Store/select_--Select--Adernaline 0.'

2018-06-09 22:11:32 - [TEST_STEP][PASSED] - delay: Delayed 2 second(s)

2018-06-09 22:11:34 - [MESSAGE][PASSED] - Delayed 2 second(s)

2018-06-09 22:11:34 - [TEST_STEP][PASSED] - Statement - RequestedQty = com.kms.katalon.core.webui.keyword.WebUiBuiltInKeywords.getAttribute(com.kms.katalon.core.testobject.ObjectRepository.findTestObject(HealthpostToStore/Page_Store/input_txttotal), "value"): Attribute 'value' of object 'Object Repository/HealthpostToStore/Page_Store/input_txttotal' is: '10'

2018-06-09 22:11:34 - [MESSAGE][PASSED] - Attribute 'value' of object 'Object Repository/HealthpostToStore/Page_Store/input_txttotal' is: '10'

2018-06-09 22:11:34 - [TEST_STEP][PASSED] - Statement - out.println("Requested QTY : " + RequestedQty): null

2018-06-09 22:11:34 - [TEST_STEP][PASSED] - Statement - BatchNumber = com.kms.katalon.core.webui.keyword.WebUiBuiltInKeywords.getNumberOfTotalOption(com.kms.katalon.core.testobject.ObjectRepository.findTestObject(HealthpostToStore/Page_Store/select_--Select--BA1170BA2376B)): 3 options of object 'Object Repository/HealthpostToStore/Page_Store/select_--Select--BA1170BA2376B' counted

2018-06-09 22:11:34 - [MESSAGE][PASSED] - 3 options of object 'Object Repository/HealthpostToStore/Page_Store/select_--Select--BA1170BA2376B' counted

2018-06-09 22:11:34 - [TEST_STEP][PASSED] - Statement - For ([g = 1, g <= BatchNumber - 1, (g++)]): null

2018-06-09 22:11:34 - [TEST_STEP][PASSED] - selectOptionByIndex: All options with index in [1] are selected on object 'Object Repository/HealthpostToStore/Page_Store/select_--Select--BA1170BA2376B'

2018-06-09 22:11:34 - [MESSAGE][PASSED] - All options with index in [1] are selected on object 'Object Repository/HealthpostToStore/Page_Store/select_--Select--BA1170BA2376B'

2018-06-09 22:11:34 - [TEST_STEP][PASSED] - Statement - Try: null

2018-06-09 22:11:34 - [TEST_STEP][PASSED] - Statement - StockQty = com.kms.katalon.core.webui.keyword.WebUiBuiltInKeywords.getAttribute(com.kms.katalon.core.testobject.ObjectRepository.findTestObject(HealthpostToStore/Page_Store/input_txtprice), "value"): Attribute 'value' of object 'Object Repository/HealthpostToStore/Page_Store/input_txtprice' is: '170'

2018-06-09 22:11:35 - [MESSAGE][PASSED] - Attribute 'value' of object 'Object Repository/HealthpostToStore/Page_Store/input_txtprice' is: '170'

2018-06-09 22:11:35 - [TEST_STEP][PASSED] - Statement - out.println("Stock QTY : " + StockQty): null

2018-06-09 22:11:35 - [TEST_STEP][PASSED] - delay: Delayed 2 second(s)

2018-06-09 22:11:37 - [MESSAGE][PASSED] - Delayed 2 second(s)

2018-06-09 22:11:37 - [TEST_STEP][PASSED] - Statement - If (java.lang.String.valueOf(StockQty) >= java.lang.String.valueOf(RequestedQty)): null

2018-06-09 22:11:37 - [TEST_STEP][PASSED] - setText: Text '10' is set on object 'Object Repository/HealthpostToStore/Page_Store/input_txtqty'

2018-06-09 22:11:37 - [MESSAGE][PASSED] - Text '10' is set on object 'Object Repository/HealthpostToStore/Page_Store/input_txtqty'

2018-06-09 22:11:37 - [TEST_STEP][PASSED] - click: Object: 'Object Repository/HealthpostToStore/Page_Store/button_Add' is clicked on

2018-06-09 22:11:37 - [MESSAGE][PASSED] - Object: 'Object Repository/HealthpostToStore/Page_Store/button_Add' is clicked on

2018-06-09 22:11:37 - [TEST_STEP][PASSED] - Statement - Break: null

2018-06-09 22:11:37 - [TEST_STEP][PASSED] - selectOptionByIndex: All options with index in [24] are selected on object 'Object Repository/HealthpostToStore/Page_Store/select_--Select--Adernaline 0.'

2018-06-09 22:11:37 - [MESSAGE][PASSED] - All options with index in [24] are selected on object 'Object Repository/HealthpostToStore/Page_Store/select_--Select--Adernaline 0.'

2018-06-09 22:11:37 - [TEST_STEP][PASSED] - delay: Delayed 2 second(s)

2018-06-09 22:11:39 - [MESSAGE][PASSED] - Delayed 2 second(s)

2018-06-09 22:11:39 - [TEST_STEP][PASSED] - Statement - RequestedQty = com.kms.katalon.core.webui.keyword.WebUiBuiltInKeywords.getAttribute(com.kms.katalon.core.testobject.ObjectRepository.findTestObject(HealthpostToStore/Page_Store/input_txttotal), "value"): Attribute 'value' of object 'Object Repository/HealthpostToStore/Page_Store/input_txttotal' is: '10'

2018-06-09 22:11:39 - [MESSAGE][PASSED] - Attribute 'value' of object 'Object Repository/HealthpostToStore/Page_Store/input_txttotal' is: '10'

2018-06-09 22:11:39 - [TEST_STEP][PASSED] - Statement - out.println("Requested QTY : " + RequestedQty): null

2018-06-09 22:11:39 - [TEST_STEP][PASSED] - Statement - BatchNumber = com.kms.katalon.core.webui.keyword.WebUiBuiltInKeywords.getNumberOfTotalOption(com.kms.katalon.core.testobject.ObjectRepository.findTestObject(HealthpostToStore/Page_Store/select_--Select--BA1170BA2376B)): 3 options of object 'Object Repository/HealthpostToStore/Page_Store/select_--Select--BA1170BA2376B' counted

2018-06-09 22:11:39 - [MESSAGE][PASSED] - 3 options of object 'Object Repository/HealthpostToStore/Page_Store/select_--Select--BA1170BA2376B' counted

2018-06-09 22:11:39 - [TEST_STEP][PASSED] - Statement - For ([g = 1, g <= BatchNumber - 1, (g++)]): null

2018-06-09 22:11:39 - [TEST_STEP][PASSED] - selectOptionByIndex: All options with index in [1] are selected on object 'Object Repository/HealthpostToStore/Page_Store/select_--Select--BA1170BA2376B'

2018-06-09 22:11:39 - [MESSAGE][PASSED] - All options with index in [1] are selected on object 'Object Repository/HealthpostToStore/Page_Store/select_--Select--BA1170BA2376B'

2018-06-09 22:11:39 - [TEST_STEP][PASSED] - Statement - Try: null

2018-06-09 22:11:39 - [TEST_STEP][PASSED] - Statement - StockQty = com.kms.katalon.core.webui.keyword.WebUiBuiltInKeywords.getAttribute(com.kms.katalon.core.testobject.ObjectRepository.findTestObject(HealthpostToStore/Page_Store/input_txtprice), "value"): Attribute 'value' of object 'Object Repository/HealthpostToStore/Page_Store/input_txtprice' is: '180'

2018-06-09 22:11:39 - [MESSAGE][PASSED] - Attribute 'value' of object 'Object Repository/HealthpostToStore/Page_Store/input_txtprice' is: '180'

2018-06-09 22:11:39 - [TEST_STEP][PASSED] - Statement - out.println("Stock QTY : " + StockQty): null

2018-06-09 22:11:39 - [TEST_STEP][PASSED] - delay: Delayed 2 second(s)

2018-06-09 22:11:41 - [MESSAGE][PASSED] - Delayed 2 second(s)

2018-06-09 22:11:41 - [TEST_STEP][PASSED] - Statement - If (java.lang.String.valueOf(StockQty) >= java.lang.String.valueOf(RequestedQty)): null

2018-06-09 22:11:41 - [TEST_STEP][PASSED] - setText: Text '10' is set on object 'Object Repository/HealthpostToStore/Page_Store/input_txtqty'

2018-06-09 22:11:41 - [MESSAGE][PASSED] - Text '10' is set on object 'Object Repository/HealthpostToStore/Page_Store/input_txtqty'

2018-06-09 22:11:41 - [TEST_STEP][PASSED] - click: Object: 'Object Repository/HealthpostToStore/Page_Store/button_Add' is clicked on

2018-06-09 22:11:41 - [MESSAGE][PASSED] - Object: 'Object Repository/HealthpostToStore/Page_Store/button_Add' is clicked on

2018-06-09 22:11:41 - [TEST_STEP][PASSED] - Statement - Break: null

2018-06-09 22:11:41 - [TEST_STEP][PASSED] - selectOptionByIndex: All options with index in [25] are selected on object 'Object Repository/HealthpostToStore/Page_Store/select_--Select--Adernaline 0.'

2018-06-09 22:11:42 - [MESSAGE][PASSED] - All options with index in [25] are selected on object 'Object Repository/HealthpostToStore/Page_Store/select_--Select--Adernaline 0.'

2018-06-09 22:11:42 - [TEST_STEP][PASSED] - delay: Delayed 2 second(s)

2018-06-09 22:11:44 - [MESSAGE][PASSED] - Delayed 2 second(s)

2018-06-09 22:11:44 - [TEST_STEP][PASSED] - Statement - RequestedQty = com.kms.katalon.core.webui.keyword.WebUiBuiltInKeywords.getAttribute(com.kms.katalon.core.testobject.ObjectRepository.findTestObject(HealthpostToStore/Page_Store/input_txttotal), "value"): Attribute 'value' of object 'Object Repository/HealthpostToStore/Page_Store/input_txttotal' is: '10'

2018-06-09 22:11:44 - [MESSAGE][PASSED] - Attribute 'value' of object 'Object Repository/HealthpostToStore/Page_Store/input_txttotal' is: '10'

2018-06-09 22:11:44 - [TEST_STEP][PASSED] - Statement - out.println("Requested QTY : " + RequestedQty): null

2018-06-09 22:11:44 - [TEST_STEP][PASSED] - Statement - BatchNumber = com.kms.katalon.core.webui.keyword.WebUiBuiltInKeywords.getNumberOfTotalOption(com.kms.katalon.core.testobject.ObjectRepository.findTestObject(HealthpostToStore/Page_Store/select_--Select--BA1170BA2376B)): 2 options of object 'Object Repository/HealthpostToStore/Page_Store/select_--Select--BA1170BA2376B' counted

2018-06-09 22:11:44 - [MESSAGE][PASSED] - 2 options of object 'Object Repository/HealthpostToStore/Page_Store/select_--Select--BA1170BA2376B' counted

2018-06-09 22:11:44 - [TEST_STEP][PASSED] - Statement - For ([g = 1, g <= BatchNumber - 1, (g++)]): null

2018-06-09 22:11:44 - [TEST_STEP][PASSED] - selectOptionByIndex: All options with index in [1] are selected on object 'Object Repository/HealthpostToStore/Page_Store/select_--Select--BA1170BA2376B'

2018-06-09 22:11:44 - [MESSAGE][PASSED] - All options with index in [1] are selected on object 'Object Repository/HealthpostToStore/Page_Store/select_--Select--BA1170BA2376B'

2018-06-09 22:11:44 - [TEST_STEP][PASSED] - Statement - Try: null

2018-06-09 22:11:44 - [TEST_STEP][PASSED] - Statement - StockQty = com.kms.katalon.core.webui.keyword.WebUiBuiltInKeywords.getAttribute(com.kms.katalon.core.testobject.ObjectRepository.findTestObject(HealthpostToStore/Page_Store/input_txtprice), "value"): Attribute 'value' of object 'Object Repository/HealthpostToStore/Page_Store/input_txtprice' is: '330'

2018-06-09 22:11:44 - [MESSAGE][PASSED] - Attribute 'value' of object 'Object Repository/HealthpostToStore/Page_Store/input_txtprice' is: '330'

2018-06-09 22:11:44 - [TEST_STEP][PASSED] - Statement - out.println("Stock QTY : " + StockQty): null

2018-06-09 22:11:44 - [TEST_STEP][PASSED] - delay: Delayed 2 second(s)

2018-06-09 22:11:46 - [MESSAGE][PASSED] - Delayed 2 second(s)

2018-06-09 22:11:46 - [TEST_STEP][PASSED] - Statement - If (java.lang.String.valueOf(StockQty) >= java.lang.String.valueOf(RequestedQty)): null

2018-06-09 22:11:46 - [TEST_STEP][PASSED] - setText: Text '10' is set on object 'Object Repository/HealthpostToStore/Page_Store/input_txtqty'

2018-06-09 22:11:46 - [MESSAGE][PASSED] - Text '10' is set on object 'Object Repository/HealthpostToStore/Page_Store/input_txtqty'

2018-06-09 22:11:46 - [TEST_STEP][PASSED] - click: Object: 'Object Repository/HealthpostToStore/Page_Store/button_Add' is clicked on

2018-06-09 22:11:46 - [MESSAGE][PASSED] - Object: 'Object Repository/HealthpostToStore/Page_Store/button_Add' is clicked on

2018-06-09 22:11:46 - [TEST_STEP][PASSED] - Statement - Break: null

2018-06-09 22:11:46 - [TEST_STEP][PASSED] - selectOptionByIndex: All options with index in [26] are selected on object 'Object Repository/HealthpostToStore/Page_Store/select_--Select--Adernaline 0.'

2018-06-09 22:11:46 - [MESSAGE][PASSED] - All options with index in [26] are selected on object 'Object Repository/HealthpostToStore/Page_Store/select_--Select--Adernaline 0.'

2018-06-09 22:11:46 - [TEST_STEP][PASSED] - delay: Delayed 2 second(s)

2018-06-09 22:11:48 - [MESSAGE][PASSED] - Delayed 2 second(s)

2018-06-09 22:11:48 - [TEST_STEP][PASSED] - Statement - RequestedQty = com.kms.katalon.core.webui.keyword.WebUiBuiltInKeywords.getAttribute(com.kms.katalon.core.testobject.ObjectRepository.findTestObject(HealthpostToStore/Page_Store/input_txttotal), "value"): Attribute 'value' of object 'Object Repository/HealthpostToStore/Page_Store/input_txttotal' is: '10'

2018-06-09 22:11:49 - [MESSAGE][PASSED] - Attribute 'value' of object 'Object Repository/HealthpostToStore/Page_Store/input_txttotal' is: '10'

2018-06-09 22:11:49 - [TEST_STEP][PASSED] - Statement - out.println("Requested QTY : " + RequestedQty): null

2018-06-09 22:11:49 - [TEST_STEP][PASSED] - Statement - BatchNumber = com.kms.katalon.core.webui.keyword.WebUiBuiltInKeywords.getNumberOfTotalOption(com.kms.katalon.core.testobject.ObjectRepository.findTestObject(HealthpostToStore/Page_Store/select_--Select--BA1170BA2376B)): 3 options of object 'Object Repository/HealthpostToStore/Page_Store/select_--Select--BA1170BA2376B' counted

2018-06-09 22:11:49 - [MESSAGE][PASSED] - 3 options of object 'Object Repository/HealthpostToStore/Page_Store/select_--Select--BA1170BA2376B' counted

2018-06-09 22:11:49 - [TEST_STEP][PASSED] - Statement - For ([g = 1, g <= BatchNumber - 1, (g++)]): null

2018-06-09 22:11:49 - [TEST_STEP][PASSED] - selectOptionByIndex: All options with index in [1] are selected on object 'Object Repository/HealthpostToStore/Page_Store/select_--Select--BA1170BA2376B'

2018-06-09 22:11:49 - [MESSAGE][PASSED] - All options with index in [1] are selected on object 'Object Repository/HealthpostToStore/Page_Store/select_--Select--BA1170BA2376B'

2018-06-09 22:11:49 - [TEST_STEP][PASSED] - Statement - Try: null

2018-06-09 22:11:49 - [TEST_STEP][PASSED] - Statement - StockQty = com.kms.katalon.core.webui.keyword.WebUiBuiltInKeywords.getAttribute(com.kms.katalon.core.testobject.ObjectRepository.findTestObject(HealthpostToStore/Page_Store/input_txtprice), "value"): Attribute 'value' of object 'Object Repository/HealthpostToStore/Page_Store/input_txtprice' is: '130'

2018-06-09 22:11:49 - [MESSAGE][PASSED] - Attribute 'value' of object 'Object Repository/HealthpostToStore/Page_Store/input_txtprice' is: '130'

2018-06-09 22:11:49 - [TEST_STEP][PASSED] - Statement - out.println("Stock QTY : " + StockQty): null

2018-06-09 22:11:49 - [TEST_STEP][PASSED] - delay: Delayed 2 second(s)

2018-06-09 22:11:51 - [MESSAGE][PASSED] - Delayed 2 second(s)

2018-06-09 22:11:51 - [TEST_STEP][PASSED] - Statement - If (java.lang.String.valueOf(StockQty) >= java.lang.String.valueOf(RequestedQty)): null

2018-06-09 22:11:51 - [TEST_STEP][PASSED] - setText: Text '10' is set on object 'Object Repository/HealthpostToStore/Page_Store/input_txtqty'

2018-06-09 22:11:51 - [MESSAGE][PASSED] - Text '10' is set on object 'Object Repository/HealthpostToStore/Page_Store/input_txtqty'

2018-06-09 22:11:51 - [TEST_STEP][PASSED] - click: Object: 'Object Repository/HealthpostToStore/Page_Store/button_Add' is clicked on

2018-06-09 22:11:51 - [MESSAGE][PASSED] - Object: 'Object Repository/HealthpostToStore/Page_Store/button_Add' is clicked on

2018-06-09 22:11:51 - [TEST_STEP][PASSED] - Statement - Break: null

2018-06-09 22:11:51 - [TEST_STEP][PASSED] - selectOptionByIndex: All options with index in [27] are selected on object 'Object Repository/HealthpostToStore/Page_Store/select_--Select--Adernaline 0.'

2018-06-09 22:11:51 - [MESSAGE][PASSED] - All options with index in [27] are selected on object 'Object Repository/HealthpostToStore/Page_Store/select_--Select--Adernaline 0.'

2018-06-09 22:11:51 - [TEST_STEP][PASSED] - delay: Delayed 2 second(s)

2018-06-09 22:11:53 - [MESSAGE][PASSED] - Delayed 2 second(s)

2018-06-09 22:11:53 - [TEST_STEP][PASSED] - Statement - RequestedQty = com.kms.katalon.core.webui.keyword.WebUiBuiltInKeywords.getAttribute(com.kms.katalon.core.testobject.ObjectRepository.findTestObject(HealthpostToStore/Page_Store/input_txttotal), "value"): Attribute 'value' of object 'Object Repository/HealthpostToStore/Page_Store/input_txttotal' is: '10'

2018-06-09 22:11:53 - [MESSAGE][PASSED] - Attribute 'value' of object 'Object Repository/HealthpostToStore/Page_Store/input_txttotal' is: '10'

2018-06-09 22:11:53 - [TEST_STEP][PASSED] - Statement - out.println("Requested QTY : " + RequestedQty): null

2018-06-09 22:11:53 - [TEST_STEP][PASSED] - Statement - BatchNumber = com.kms.katalon.core.webui.keyword.WebUiBuiltInKeywords.getNumberOfTotalOption(com.kms.katalon.core.testobject.ObjectRepository.findTestObject(HealthpostToStore/Page_Store/select_--Select--BA1170BA2376B)): 3 options of object 'Object Repository/HealthpostToStore/Page_Store/select_--Select--BA1170BA2376B' counted

2018-06-09 22:11:53 - [MESSAGE][PASSED] - 3 options of object 'Object Repository/HealthpostToStore/Page_Store/select_--Select--BA1170BA2376B' counted

2018-06-09 22:11:53 - [TEST_STEP][PASSED] - Statement - For ([g = 1, g <= BatchNumber - 1, (g++)]): null

2018-06-09 22:11:53 - [TEST_STEP][PASSED] - selectOptionByIndex: All options with index in [1] are selected on object 'Object Repository/HealthpostToStore/Page_Store/select_--Select--BA1170BA2376B'

2018-06-09 22:11:54 - [MESSAGE][PASSED] - All options with index in [1] are selected on object 'Object Repository/HealthpostToStore/Page_Store/select_--Select--BA1170BA2376B'

2018-06-09 22:11:54 - [TEST_STEP][PASSED] - Statement - Try: null

2018-06-09 22:11:54 - [TEST_STEP][PASSED] - Statement - StockQty = com.kms.katalon.core.webui.keyword.WebUiBuiltInKeywords.getAttribute(com.kms.katalon.core.testobject.ObjectRepository.findTestObject(HealthpostToStore/Page_Store/input_txtprice), "value"): Attribute 'value' of object 'Object Repository/HealthpostToStore/Page_Store/input_txtprice' is: '130'

2018-06-09 22:11:54 - [MESSAGE][PASSED] - Attribute 'value' of object 'Object Repository/HealthpostToStore/Page_Store/input_txtprice' is: '130'

2018-06-09 22:11:54 - [TEST_STEP][PASSED] - Statement - out.println("Stock QTY : " + StockQty): null

2018-06-09 22:11:54 - [TEST_STEP][PASSED] - delay: Delayed 2 second(s)

2018-06-09 22:11:56 - [MESSAGE][PASSED] - Delayed 2 second(s)

2018-06-09 22:11:56 - [TEST_STEP][PASSED] - Statement - If (java.lang.String.valueOf(StockQty) >= java.lang.String.valueOf(RequestedQty)): null

2018-06-09 22:11:56 - [TEST_STEP][PASSED] - setText: Text '10' is set on object 'Object Repository/HealthpostToStore/Page_Store/input_txtqty'

2018-06-09 22:11:56 - [MESSAGE][PASSED] - Text '10' is set on object 'Object Repository/HealthpostToStore/Page_Store/input_txtqty'

2018-06-09 22:11:56 - [TEST_STEP][PASSED] - click: Object: 'Object Repository/HealthpostToStore/Page_Store/button_Add' is clicked on

2018-06-09 22:11:56 - [MESSAGE][PASSED] - Object: 'Object Repository/HealthpostToStore/Page_Store/button_Add' is clicked on

2018-06-09 22:11:56 - [TEST_STEP][PASSED] - Statement - Break: null

2018-06-09 22:11:56 - [TEST_STEP][PASSED] - selectOptionByIndex: All options with index in [28] are selected on object 'Object Repository/HealthpostToStore/Page_Store/select_--Select--Adernaline 0.'

2018-06-09 22:11:56 - [MESSAGE][PASSED] - All options with index in [28] are selected on object 'Object Repository/HealthpostToStore/Page_Store/select_--Select--Adernaline 0.'

2018-06-09 22:11:56 - [TEST_STEP][PASSED] - delay: Delayed 2 second(s)

2018-06-09 22:11:58 - [MESSAGE][PASSED] - Delayed 2 second(s)

2018-06-09 22:11:58 - [TEST_STEP][PASSED] - Statement - RequestedQty = com.kms.katalon.core.webui.keyword.WebUiBuiltInKeywords.getAttribute(com.kms.katalon.core.testobject.ObjectRepository.findTestObject(HealthpostToStore/Page_Store/input_txttotal), "value"): Attribute 'value' of object 'Object Repository/HealthpostToStore/Page_Store/input_txttotal' is: '10'

2018-06-09 22:11:58 - [MESSAGE][PASSED] - Attribute 'value' of object 'Object Repository/HealthpostToStore/Page_Store/input_txttotal' is: '10'

2018-06-09 22:11:58 - [TEST_STEP][PASSED] - Statement - out.println("Requested QTY : " + RequestedQty): null

2018-06-09 22:11:58 - [TEST_STEP][PASSED] - Statement - BatchNumber = com.kms.katalon.core.webui.keyword.WebUiBuiltInKeywords.getNumberOfTotalOption(com.kms.katalon.core.testobject.ObjectRepository.findTestObject(HealthpostToStore/Page_Store/select_--Select--BA1170BA2376B)): 3 options of object 'Object Repository/HealthpostToStore/Page_Store/select_--Select--BA1170BA2376B' counted

2018-06-09 22:11:58 - [MESSAGE][PASSED] - 3 options of object 'Object Repository/HealthpostToStore/Page_Store/select_--Select--BA1170BA2376B' counted

2018-06-09 22:11:58 - [TEST_STEP][PASSED] - Statement - For ([g = 1, g <= BatchNumber - 1, (g++)]): null

2018-06-09 22:11:58 - [TEST_STEP][PASSED] - selectOptionByIndex: All options with index in [1] are selected on object 'Object Repository/HealthpostToStore/Page_Store/select_--Select--BA1170BA2376B'

2018-06-09 22:11:58 - [MESSAGE][PASSED] - All options with index in [1] are selected on object 'Object Repository/HealthpostToStore/Page_Store/select_--Select--BA1170BA2376B'

2018-06-09 22:11:58 - [TEST_STEP][PASSED] - Statement - Try: null

2018-06-09 22:11:58 - [TEST_STEP][PASSED] - Statement - StockQty = com.kms.katalon.core.webui.keyword.WebUiBuiltInKeywords.getAttribute(com.kms.katalon.core.testobject.ObjectRepository.findTestObject(HealthpostToStore/Page_Store/input_txtprice), "value"): Attribute 'value' of object 'Object Repository/HealthpostToStore/Page_Store/input_txtprice' is: '170'

2018-06-09 22:11:58 - [MESSAGE][PASSED] - Attribute 'value' of object 'Object Repository/HealthpostToStore/Page_Store/input_txtprice' is: '170'

2018-06-09 22:11:58 - [TEST_STEP][PASSED] - Statement - out.println("Stock QTY : " + StockQty): null

2018-06-09 22:11:58 - [TEST_STEP][PASSED] - delay: Delayed 2 second(s)

2018-06-09 22:12:00 - [MESSAGE][PASSED] - Delayed 2 second(s)

2018-06-09 22:12:00 - [TEST_STEP][PASSED] - Statement - If (java.lang.String.valueOf(StockQty) >= java.lang.String.valueOf(RequestedQty)): null

2018-06-09 22:12:00 - [TEST_STEP][PASSED] - setText: Text '10' is set on object 'Object Repository/HealthpostToStore/Page_Store/input_txtqty'

2018-06-09 22:12:00 - [MESSAGE][PASSED] - Text '10' is set on object 'Object Repository/HealthpostToStore/Page_Store/input_txtqty'

2018-06-09 22:12:00 - [TEST_STEP][PASSED] - click: Object: 'Object Repository/HealthpostToStore/Page_Store/button_Add' is clicked on

2018-06-09 22:12:01 - [MESSAGE][PASSED] - Object: 'Object Repository/HealthpostToStore/Page_Store/button_Add' is clicked on

2018-06-09 22:12:01 - [TEST_STEP][PASSED] - Statement - Break: null

2018-06-09 22:12:01 - [TEST_STEP][PASSED] - selectOptionByIndex: All options with index in [29] are selected on object 'Object Repository/HealthpostToStore/Page_Store/select_--Select--Adernaline 0.'

2018-06-09 22:12:01 - [MESSAGE][PASSED] - All options with index in [29] are selected on object 'Object Repository/HealthpostToStore/Page_Store/select_--Select--Adernaline 0.'

2018-06-09 22:12:01 - [TEST_STEP][PASSED] - delay: Delayed 2 second(s)

2018-06-09 22:12:03 - [MESSAGE][PASSED] - Delayed 2 second(s)

2018-06-09 22:12:03 - [TEST_STEP][PASSED] - Statement - RequestedQty = com.kms.katalon.core.webui.keyword.WebUiBuiltInKeywords.getAttribute(com.kms.katalon.core.testobject.ObjectRepository.findTestObject(HealthpostToStore/Page_Store/input_txttotal), "value"): Attribute 'value' of object 'Object Repository/HealthpostToStore/Page_Store/input_txttotal' is: '10'

2018-06-09 22:12:03 - [MESSAGE][PASSED] - Attribute 'value' of object 'Object Repository/HealthpostToStore/Page_Store/input_txttotal' is: '10'

2018-06-09 22:12:03 - [TEST_STEP][PASSED] - Statement - out.println("Requested QTY : " + RequestedQty): null

2018-06-09 22:12:03 - [TEST_STEP][PASSED] - Statement - BatchNumber = com.kms.katalon.core.webui.keyword.WebUiBuiltInKeywords.getNumberOfTotalOption(com.kms.katalon.core.testobject.ObjectRepository.findTestObject(HealthpostToStore/Page_Store/select_--Select--BA1170BA2376B)): 3 options of object 'Object Repository/HealthpostToStore/Page_Store/select_--Select--BA1170BA2376B' counted

2018-06-09 22:12:03 - [MESSAGE][PASSED] - 3 options of object 'Object Repository/HealthpostToStore/Page_Store/select_--Select--BA1170BA2376B' counted

2018-06-09 22:12:03 - [TEST_STEP][PASSED] - Statement - For ([g = 1, g <= BatchNumber - 1, (g++)]): null

2018-06-09 22:12:03 - [TEST_STEP][PASSED] - selectOptionByIndex: All options with index in [1] are selected on object 'Object Repository/HealthpostToStore/Page_Store/select_--Select--BA1170BA2376B'

2018-06-09 22:12:03 - [MESSAGE][PASSED] - All options with index in [1] are selected on object 'Object Repository/HealthpostToStore/Page_Store/select_--Select--BA1170BA2376B'

2018-06-09 22:12:03 - [TEST_STEP][PASSED] - Statement - Try: null

2018-06-09 22:12:03 - [TEST_STEP][PASSED] - Statement - StockQty = com.kms.katalon.core.webui.keyword.WebUiBuiltInKeywords.getAttribute(com.kms.katalon.core.testobject.ObjectRepository.findTestObject(HealthpostToStore/Page_Store/input_txtprice), "value"): Attribute 'value' of object 'Object Repository/HealthpostToStore/Page_Store/input_txtprice' is: '170'

2018-06-09 22:12:03 - [MESSAGE][PASSED] - Attribute 'value' of object 'Object Repository/HealthpostToStore/Page_Store/input_txtprice' is: '170'

2018-06-09 22:12:03 - [TEST_STEP][PASSED] - Statement - out.println("Stock QTY : " + StockQty): null

2018-06-09 22:12:03 - [TEST_STEP][PASSED] - delay: Delayed 2 second(s)

2018-06-09 22:12:05 - [MESSAGE][PASSED] - Delayed 2 second(s)

2018-06-09 22:12:05 - [TEST_STEP][PASSED] - Statement - If (java.lang.String.valueOf(StockQty) >= java.lang.String.valueOf(RequestedQty)): null

2018-06-09 22:12:05 - [TEST_STEP][PASSED] - setText: Text '10' is set on object 'Object Repository/HealthpostToStore/Page_Store/input_txtqty'

2018-06-09 22:12:05 - [MESSAGE][PASSED] - Text '10' is set on object 'Object Repository/HealthpostToStore/Page_Store/input_txtqty'

2018-06-09 22:12:05 - [TEST_STEP][PASSED] - click: Object: 'Object Repository/HealthpostToStore/Page_Store/button_Add' is clicked on

2018-06-09 22:12:05 - [MESSAGE][PASSED] - Object: 'Object Repository/HealthpostToStore/Page_Store/button_Add' is clicked on

2018-06-09 22:12:05 - [TEST_STEP][PASSED] - Statement - Break: null

2018-06-09 22:12:05 - [TEST_STEP][PASSED] - selectOptionByIndex: All options with index in [30] are selected on object 'Object Repository/HealthpostToStore/Page_Store/select_--Select--Adernaline 0.'

2018-06-09 22:12:06 - [MESSAGE][PASSED] - All options with index in [30] are selected on object 'Object Repository/HealthpostToStore/Page_Store/select_--Select--Adernaline 0.'

2018-06-09 22:12:06 - [TEST_STEP][PASSED] - delay: Delayed 2 second(s)

2018-06-09 22:12:08 - [MESSAGE][PASSED] - Delayed 2 second(s)

2018-06-09 22:12:08 - [TEST_STEP][PASSED] - Statement - RequestedQty = com.kms.katalon.core.webui.keyword.WebUiBuiltInKeywords.getAttribute(com.kms.katalon.core.testobject.ObjectRepository.findTestObject(HealthpostToStore/Page_Store/input_txttotal), "value"): Attribute 'value' of object 'Object Repository/HealthpostToStore/Page_Store/input_txttotal' is: '10'

2018-06-09 22:12:08 - [MESSAGE][PASSED] - Attribute 'value' of object 'Object Repository/HealthpostToStore/Page_Store/input_txttotal' is: '10'

2018-06-09 22:12:08 - [TEST_STEP][PASSED] - Statement - out.println("Requested QTY : " + RequestedQty): null

2018-06-09 22:12:08 - [TEST_STEP][PASSED] - Statement - BatchNumber = com.kms.katalon.core.webui.keyword.WebUiBuiltInKeywords.getNumberOfTotalOption(com.kms.katalon.core.testobject.ObjectRepository.findTestObject(HealthpostToStore/Page_Store/select_--Select--BA1170BA2376B)): 2 options of object 'Object Repository/HealthpostToStore/Page_Store/select_--Select--BA1170BA2376B' counted

2018-06-09 22:12:08 - [MESSAGE][PASSED] - 2 options of object 'Object Repository/HealthpostToStore/Page_Store/select_--Select--BA1170BA2376B' counted

2018-06-09 22:12:08 - [TEST_STEP][PASSED] - Statement - For ([g = 1, g <= BatchNumber - 1, (g++)]): null

2018-06-09 22:12:08 - [TEST_STEP][PASSED] - selectOptionByIndex: All options with index in [1] are selected on object 'Object Repository/HealthpostToStore/Page_Store/select_--Select--BA1170BA2376B'

2018-06-09 22:12:08 - [MESSAGE][PASSED] - All options with index in [1] are selected on object 'Object Repository/HealthpostToStore/Page_Store/select_--Select--BA1170BA2376B'

2018-06-09 22:12:08 - [TEST_STEP][PASSED] - Statement - Try: null

2018-06-09 22:12:08 - [TEST_STEP][PASSED] - Statement - StockQty = com.kms.katalon.core.webui.keyword.WebUiBuiltInKeywords.getAttribute(com.kms.katalon.core.testobject.ObjectRepository.findTestObject(HealthpostToStore/Page_Store/input_txtprice), "value"): Attribute 'value' of object 'Object Repository/HealthpostToStore/Page_Store/input_txtprice' is: '330'

2018-06-09 22:12:08 - [MESSAGE][PASSED] - Attribute 'value' of object 'Object Repository/HealthpostToStore/Page_Store/input_txtprice' is: '330'

2018-06-09 22:12:08 - [TEST_STEP][PASSED] - Statement - out.println("Stock QTY : " + StockQty): null

2018-06-09 22:12:08 - [TEST_STEP][PASSED] - delay: Delayed 2 second(s)

2018-06-09 22:12:10 - [MESSAGE][PASSED] - Delayed 2 second(s)

2018-06-09 22:12:10 - [TEST_STEP][PASSED] - Statement - If (java.lang.String.valueOf(StockQty) >= java.lang.String.valueOf(RequestedQty)): null

2018-06-09 22:12:10 - [TEST_STEP][PASSED] - setText: Text '10' is set on object 'Object Repository/HealthpostToStore/Page_Store/input_txtqty'

2018-06-09 22:12:10 - [MESSAGE][PASSED] - Text '10' is set on object 'Object Repository/HealthpostToStore/Page_Store/input_txtqty'

2018-06-09 22:12:10 - [TEST_STEP][PASSED] - click: Object: 'Object Repository/HealthpostToStore/Page_Store/button_Add' is clicked on

2018-06-09 22:12:10 - [MESSAGE][PASSED] - Object: 'Object Repository/HealthpostToStore/Page_Store/button_Add' is clicked on

2018-06-09 22:12:10 - [TEST_STEP][PASSED] - Statement - Break: null

2018-06-09 22:12:10 - [TEST_STEP][PASSED] - selectOptionByIndex: All options with index in [31] are selected on object 'Object Repository/HealthpostToStore/Page_Store/select_--Select--Adernaline 0.'

2018-06-09 22:12:10 - [MESSAGE][PASSED] - All options with index in [31] are selected on object 'Object Repository/HealthpostToStore/Page_Store/select_--Select--Adernaline 0.'

2018-06-09 22:12:10 - [TEST_STEP][PASSED] - delay: Delayed 2 second(s)

2018-06-09 22:12:12 - [MESSAGE][PASSED] - Delayed 2 second(s)

2018-06-09 22:12:12 - [TEST_STEP][PASSED] - Statement - RequestedQty = com.kms.katalon.core.webui.keyword.WebUiBuiltInKeywords.getAttribute(com.kms.katalon.core.testobject.ObjectRepository.findTestObject(HealthpostToStore/Page_Store/input_txttotal), "value"): Attribute 'value' of object 'Object Repository/HealthpostToStore/Page_Store/input_txttotal' is: '10'

2018-06-09 22:12:13 - [MESSAGE][PASSED] - Attribute 'value' of object 'Object Repository/HealthpostToStore/Page_Store/input_txttotal' is: '10'

2018-06-09 22:12:13 - [TEST_STEP][PASSED] - Statement - out.println("Requested QTY : " + RequestedQty): null

2018-06-09 22:12:13 - [TEST_STEP][PASSED] - Statement - BatchNumber = com.kms.katalon.core.webui.keyword.WebUiBuiltInKeywords.getNumberOfTotalOption(com.kms.katalon.core.testobject.ObjectRepository.findTestObject(HealthpostToStore/Page_Store/select_--Select--BA1170BA2376B)): 3 options of object 'Object Repository/HealthpostToStore/Page_Store/select_--Select--BA1170BA2376B' counted

2018-06-09 22:12:13 - [MESSAGE][PASSED] - 3 options of object 'Object Repository/HealthpostToStore/Page_Store/select_--Select--BA1170BA2376B' counted

2018-06-09 22:12:13 - [TEST_STEP][PASSED] - Statement - For ([g = 1, g <= BatchNumber - 1, (g++)]): null

2018-06-09 22:12:13 - [TEST_STEP][PASSED] - selectOptionByIndex: All options with index in [1] are selected on object 'Object Repository/HealthpostToStore/Page_Store/select_--Select--BA1170BA2376B'

2018-06-09 22:12:13 - [MESSAGE][PASSED] - All options with index in [1] are selected on object 'Object Repository/HealthpostToStore/Page_Store/select_--Select--BA1170BA2376B'

2018-06-09 22:12:13 - [TEST_STEP][PASSED] - Statement - Try: null

2018-06-09 22:12:13 - [TEST_STEP][PASSED] - Statement - StockQty = com.kms.katalon.core.webui.keyword.WebUiBuiltInKeywords.getAttribute(com.kms.katalon.core.testobject.ObjectRepository.findTestObject(HealthpostToStore/Page_Store/input_txtprice), "value"): Attribute 'value' of object 'Object Repository/HealthpostToStore/Page_Store/input_txtprice' is: '170'

2018-06-09 22:12:13 - [MESSAGE][PASSED] - Attribute 'value' of object 'Object Repository/HealthpostToStore/Page_Store/input_txtprice' is: '170'

2018-06-09 22:12:13 - [TEST_STEP][PASSED] - Statement - out.println("Stock QTY : " + StockQty): null

2018-06-09 22:12:13 - [TEST_STEP][PASSED] - delay: Delayed 2 second(s)

2018-06-09 22:12:15 - [MESSAGE][PASSED] - Delayed 2 second(s)

2018-06-09 22:12:15 - [TEST_STEP][PASSED] - Statement - If (java.lang.String.valueOf(StockQty) >= java.lang.String.valueOf(RequestedQty)): null

2018-06-09 22:12:15 - [TEST_STEP][PASSED] - setText: Text '10' is set on object 'Object Repository/HealthpostToStore/Page_Store/input_txtqty'

2018-06-09 22:12:15 - [MESSAGE][PASSED] - Text '10' is set on object 'Object Repository/HealthpostToStore/Page_Store/input_txtqty'

2018-06-09 22:12:15 - [TEST_STEP][PASSED] - click: Object: 'Object Repository/HealthpostToStore/Page_Store/button_Add' is clicked on

2018-06-09 22:12:15 - [MESSAGE][PASSED] - Object: 'Object Repository/HealthpostToStore/Page_Store/button_Add' is clicked on

2018-06-09 22:12:15 - [TEST_STEP][PASSED] - Statement - Break: null

2018-06-09 22:12:15 - [TEST_STEP][PASSED] - selectOptionByIndex: All options with index in [32] are selected on object 'Object Repository/HealthpostToStore/Page_Store/select_--Select--Adernaline 0.'

2018-06-09 22:12:15 - [MESSAGE][PASSED] - All options with index in [32] are selected on object 'Object Repository/HealthpostToStore/Page_Store/select_--Select--Adernaline 0.'

2018-06-09 22:12:15 - [TEST_STEP][PASSED] - delay: Delayed 2 second(s)

2018-06-09 22:12:17 - [MESSAGE][PASSED] - Delayed 2 second(s)

2018-06-09 22:12:17 - [TEST_STEP][PASSED] - Statement - RequestedQty = com.kms.katalon.core.webui.keyword.WebUiBuiltInKeywords.getAttribute(com.kms.katalon.core.testobject.ObjectRepository.findTestObject(HealthpostToStore/Page_Store/input_txttotal), "value"): Attribute 'value' of object 'Object Repository/HealthpostToStore/Page_Store/input_txttotal' is: '10'

2018-06-09 22:12:17 - [MESSAGE][PASSED] - Attribute 'value' of object 'Object Repository/HealthpostToStore/Page_Store/input_txttotal' is: '10'

2018-06-09 22:12:17 - [TEST_STEP][PASSED] - Statement - out.println("Requested QTY : " + RequestedQty): null

2018-06-09 22:12:17 - [TEST_STEP][PASSED] - Statement - BatchNumber = com.kms.katalon.core.webui.keyword.WebUiBuiltInKeywords.getNumberOfTotalOption(com.kms.katalon.core.testobject.ObjectRepository.findTestObject(HealthpostToStore/Page_Store/select_--Select--BA1170BA2376B)): 3 options of object 'Object Repository/HealthpostToStore/Page_Store/select_--Select--BA1170BA2376B' counted

2018-06-09 22:12:17 - [MESSAGE][PASSED] - 3 options of object 'Object Repository/HealthpostToStore/Page_Store/select_--Select--BA1170BA2376B' counted

2018-06-09 22:12:17 - [TEST_STEP][PASSED] - Statement - For ([g = 1, g <= BatchNumber - 1, (g++)]): null

2018-06-09 22:12:17 - [TEST_STEP][PASSED] - selectOptionByIndex: All options with index in [1] are selected on object 'Object Repository/HealthpostToStore/Page_Store/select_--Select--BA1170BA2376B'

2018-06-09 22:12:18 - [MESSAGE][PASSED] - All options with index in [1] are selected on object 'Object Repository/HealthpostToStore/Page_Store/select_--Select--BA1170BA2376B'

2018-06-09 22:12:18 - [TEST_STEP][PASSED] - Statement - Try: null

2018-06-09 22:12:18 - [TEST_STEP][PASSED] - Statement - StockQty = com.kms.katalon.core.webui.keyword.WebUiBuiltInKeywords.getAttribute(com.kms.katalon.core.testobject.ObjectRepository.findTestObject(HealthpostToStore/Page_Store/input_txtprice), "value"): Attribute 'value' of object 'Object Repository/HealthpostToStore/Page_Store/input_txtprice' is: '130'

2018-06-09 22:12:18 - [MESSAGE][PASSED] - Attribute 'value' of object 'Object Repository/HealthpostToStore/Page_Store/input_txtprice' is: '130'

2018-06-09 22:12:18 - [TEST_STEP][PASSED] - Statement - out.println("Stock QTY : " + StockQty): null

2018-06-09 22:12:18 - [TEST_STEP][PASSED] - delay: Delayed 2 second(s)

2018-06-09 22:12:20 - [MESSAGE][PASSED] - Delayed 2 second(s)

2018-06-09 22:12:20 - [TEST_STEP][PASSED] - Statement - If (java.lang.String.valueOf(StockQty) >= java.lang.String.valueOf(RequestedQty)): null

2018-06-09 22:12:20 - [TEST_STEP][PASSED] - setText: Text '10' is set on object 'Object Repository/HealthpostToStore/Page_Store/input_txtqty'

2018-06-09 22:12:20 - [MESSAGE][PASSED] - Text '10' is set on object 'Object Repository/HealthpostToStore/Page_Store/input_txtqty'

2018-06-09 22:12:20 - [TEST_STEP][PASSED] - click: Object: 'Object Repository/HealthpostToStore/Page_Store/button_Add' is clicked on

2018-06-09 22:12:20 - [MESSAGE][PASSED] - Object: 'Object Repository/HealthpostToStore/Page_Store/button_Add' is clicked on

2018-06-09 22:12:20 - [TEST_STEP][PASSED] - Statement - Break: null

2018-06-09 22:12:20 - [TEST_STEP][PASSED] - selectOptionByIndex: All options with index in [33] are selected on object 'Object Repository/HealthpostToStore/Page_Store/select_--Select--Adernaline 0.'

2018-06-09 22:12:20 - [MESSAGE][PASSED] - All options with index in [33] are selected on object 'Object Repository/HealthpostToStore/Page_Store/select_--Select--Adernaline 0.'

2018-06-09 22:12:20 - [TEST_STEP][PASSED] - delay: Delayed 2 second(s)

2018-06-09 22:12:22 - [MESSAGE][PASSED] - Delayed 2 second(s)

2018-06-09 22:12:22 - [TEST_STEP][PASSED] - Statement - RequestedQty = com.kms.katalon.core.webui.keyword.WebUiBuiltInKeywords.getAttribute(com.kms.katalon.core.testobject.ObjectRepository.findTestObject(HealthpostToStore/Page_Store/input_txttotal), "value"): Attribute 'value' of object 'Object Repository/HealthpostToStore/Page_Store/input_txttotal' is: '10'

2018-06-09 22:12:22 - [MESSAGE][PASSED] - Attribute 'value' of object 'Object Repository/HealthpostToStore/Page_Store/input_txttotal' is: '10'

2018-06-09 22:12:22 - [TEST_STEP][PASSED] - Statement - out.println("Requested QTY : " + RequestedQty): null

2018-06-09 22:12:22 - [TEST_STEP][PASSED] - Statement - BatchNumber = com.kms.katalon.core.webui.keyword.WebUiBuiltInKeywords.getNumberOfTotalOption(com.kms.katalon.core.testobject.ObjectRepository.findTestObject(HealthpostToStore/Page_Store/select_--Select--BA1170BA2376B)): 2 options of object 'Object Repository/HealthpostToStore/Page_Store/select_--Select--BA1170BA2376B' counted

2018-06-09 22:12:22 - [MESSAGE][PASSED] - 2 options of object 'Object Repository/HealthpostToStore/Page_Store/select_--Select--BA1170BA2376B' counted

2018-06-09 22:12:22 - [TEST_STEP][PASSED] - Statement - For ([g = 1, g <= BatchNumber - 1, (g++)]): null

2018-06-09 22:12:22 - [TEST_STEP][PASSED] - selectOptionByIndex: All options with index in [1] are selected on object 'Object Repository/HealthpostToStore/Page_Store/select_--Select--BA1170BA2376B'

2018-06-09 22:12:22 - [MESSAGE][PASSED] - All options with index in [1] are selected on object 'Object Repository/HealthpostToStore/Page_Store/select_--Select--BA1170BA2376B'

2018-06-09 22:12:22 - [TEST_STEP][PASSED] - Statement - Try: null

2018-06-09 22:12:22 - [TEST_STEP][PASSED] - Statement - StockQty = com.kms.katalon.core.webui.keyword.WebUiBuiltInKeywords.getAttribute(com.kms.katalon.core.testobject.ObjectRepository.findTestObject(HealthpostToStore/Page_Store/input_txtprice), "value"): Attribute 'value' of object 'Object Repository/HealthpostToStore/Page_Store/input_txtprice' is: '330'

2018-06-09 22:12:22 - [MESSAGE][PASSED] - Attribute 'value' of object 'Object Repository/HealthpostToStore/Page_Store/input_txtprice' is: '330'

2018-06-09 22:12:22 - [TEST_STEP][PASSED] - Statement - out.println("Stock QTY : " + StockQty): null

2018-06-09 22:12:22 - [TEST_STEP][PASSED] - delay: Delayed 2 second(s)

2018-06-09 22:12:24 - [MESSAGE][PASSED] - Delayed 2 second(s)

2018-06-09 22:12:24 - [TEST_STEP][PASSED] - Statement - If (java.lang.String.valueOf(StockQty) >= java.lang.String.valueOf(RequestedQty)): null

2018-06-09 22:12:24 - [TEST_STEP][PASSED] - setText: Text '10' is set on object 'Object Repository/HealthpostToStore/Page_Store/input_txtqty'

2018-06-09 22:12:24 - [MESSAGE][PASSED] - Text '10' is set on object 'Object Repository/HealthpostToStore/Page_Store/input_txtqty'

2018-06-09 22:12:24 - [TEST_STEP][PASSED] - click: Object: 'Object Repository/HealthpostToStore/Page_Store/button_Add' is clicked on

2018-06-09 22:12:25 - [MESSAGE][PASSED] - Object: 'Object Repository/HealthpostToStore/Page_Store/button_Add' is clicked on

2018-06-09 22:12:25 - [TEST_STEP][PASSED] - Statement - Break: null

2018-06-09 22:12:25 - [TEST_STEP][PASSED] - selectOptionByIndex: All options with index in [34] are selected on object 'Object Repository/HealthpostToStore/Page_Store/select_--Select--Adernaline 0.'

2018-06-09 22:12:25 - [MESSAGE][PASSED] - All options with index in [34] are selected on object 'Object Repository/HealthpostToStore/Page_Store/select_--Select--Adernaline 0.'

2018-06-09 22:12:25 - [TEST_STEP][PASSED] - delay: Delayed 2 second(s)

2018-06-09 22:12:27 - [MESSAGE][PASSED] - Delayed 2 second(s)

2018-06-09 22:12:27 - [TEST_STEP][PASSED] - Statement - RequestedQty = com.kms.katalon.core.webui.keyword.WebUiBuiltInKeywords.getAttribute(com.kms.katalon.core.testobject.ObjectRepository.findTestObject(HealthpostToStore/Page_Store/input_txttotal), "value"): Attribute 'value' of object 'Object Repository/HealthpostToStore/Page_Store/input_txttotal' is: '10'

2018-06-09 22:12:27 - [MESSAGE][PASSED] - Attribute 'value' of object 'Object Repository/HealthpostToStore/Page_Store/input_txttotal' is: '10'

2018-06-09 22:12:27 - [TEST_STEP][PASSED] - Statement - out.println("Requested QTY : " + RequestedQty): null

2018-06-09 22:12:27 - [TEST_STEP][PASSED] - Statement - BatchNumber = com.kms.katalon.core.webui.keyword.WebUiBuiltInKeywords.getNumberOfTotalOption(com.kms.katalon.core.testobject.ObjectRepository.findTestObject(HealthpostToStore/Page_Store/select_--Select--BA1170BA2376B)): 2 options of object 'Object Repository/HealthpostToStore/Page_Store/select_--Select--BA1170BA2376B' counted

2018-06-09 22:12:27 - [MESSAGE][PASSED] - 2 options of object 'Object Repository/HealthpostToStore/Page_Store/select_--Select--BA1170BA2376B' counted

2018-06-09 22:12:27 - [TEST_STEP][PASSED] - Statement - For ([g = 1, g <= BatchNumber - 1, (g++)]): null

2018-06-09 22:12:27 - [TEST_STEP][PASSED] - selectOptionByIndex: All options with index in [1] are selected on object 'Object Repository/HealthpostToStore/Page_Store/select_--Select--BA1170BA2376B'

2018-06-09 22:12:27 - [MESSAGE][PASSED] - All options with index in [1] are selected on object 'Object Repository/HealthpostToStore/Page_Store/select_--Select--BA1170BA2376B'

2018-06-09 22:12:27 - [TEST_STEP][PASSED] - Statement - Try: null

2018-06-09 22:12:27 - [TEST_STEP][PASSED] - Statement - StockQty = com.kms.katalon.core.webui.keyword.WebUiBuiltInKeywords.getAttribute(com.kms.katalon.core.testobject.ObjectRepository.findTestObject(HealthpostToStore/Page_Store/input_txtprice), "value"): Attribute 'value' of object 'Object Repository/HealthpostToStore/Page_Store/input_txtprice' is: '330'

2018-06-09 22:12:27 - [MESSAGE][PASSED] - Attribute 'value' of object 'Object Repository/HealthpostToStore/Page_Store/input_txtprice' is: '330'

2018-06-09 22:12:27 - [TEST_STEP][PASSED] - Statement - out.println("Stock QTY : " + StockQty): null

2018-06-09 22:12:27 - [TEST_STEP][PASSED] - delay: Delayed 2 second(s)

2018-06-09 22:12:29 - [MESSAGE][PASSED] - Delayed 2 second(s)

2018-06-09 22:12:29 - [TEST_STEP][PASSED] - Statement - If (java.lang.String.valueOf(StockQty) >= java.lang.String.valueOf(RequestedQty)): null

2018-06-09 22:12:29 - [TEST_STEP][PASSED] - setText: Text '10' is set on object 'Object Repository/HealthpostToStore/Page_Store/input_txtqty'

2018-06-09 22:12:29 - [MESSAGE][PASSED] - Text '10' is set on object 'Object Repository/HealthpostToStore/Page_Store/input_txtqty'

2018-06-09 22:12:29 - [TEST_STEP][PASSED] - click: Object: 'Object Repository/HealthpostToStore/Page_Store/button_Add' is clicked on

2018-06-09 22:12:29 - [MESSAGE][PASSED] - Object: 'Object Repository/HealthpostToStore/Page_Store/button_Add' is clicked on

2018-06-09 22:12:29 - [TEST_STEP][PASSED] - Statement - Break: null

2018-06-09 22:12:29 - [TEST_STEP][PASSED] - selectOptionByIndex: All options with index in [35] are selected on object 'Object Repository/HealthpostToStore/Page_Store/select_--Select--Adernaline 0.'

2018-06-09 22:12:30 - [MESSAGE][PASSED] - All options with index in [35] are selected on object 'Object Repository/HealthpostToStore/Page_Store/select_--Select--Adernaline 0.'

2018-06-09 22:12:30 - [TEST_STEP][PASSED] - delay: Delayed 2 second(s)

2018-06-09 22:12:32 - [MESSAGE][PASSED] - Delayed 2 second(s)

2018-06-09 22:12:32 - [TEST_STEP][PASSED] - Statement - RequestedQty = com.kms.katalon.core.webui.keyword.WebUiBuiltInKeywords.getAttribute(com.kms.katalon.core.testobject.ObjectRepository.findTestObject(HealthpostToStore/Page_Store/input_txttotal), "value"): Attribute 'value' of object 'Object Repository/HealthpostToStore/Page_Store/input_txttotal' is: '10'

2018-06-09 22:12:32 - [MESSAGE][PASSED] - Attribute 'value' of object 'Object Repository/HealthpostToStore/Page_Store/input_txttotal' is: '10'

2018-06-09 22:12:32 - [TEST_STEP][PASSED] - Statement - out.println("Requested QTY : " + RequestedQty): null

2018-06-09 22:12:32 - [TEST_STEP][PASSED] - Statement - BatchNumber = com.kms.katalon.core.webui.keyword.WebUiBuiltInKeywords.getNumberOfTotalOption(com.kms.katalon.core.testobject.ObjectRepository.findTestObject(HealthpostToStore/Page_Store/select_--Select--BA1170BA2376B)): 3 options of object 'Object Repository/HealthpostToStore/Page_Store/select_--Select--BA1170BA2376B' counted

2018-06-09 22:12:32 - [MESSAGE][PASSED] - 3 options of object 'Object Repository/HealthpostToStore/Page_Store/select_--Select--BA1170BA2376B' counted

2018-06-09 22:12:32 - [TEST_STEP][PASSED] - Statement - For ([g = 1, g <= BatchNumber - 1, (g++)]): null

2018-06-09 22:12:32 - [TEST_STEP][PASSED] - selectOptionByIndex: All options with index in [1] are selected on object 'Object Repository/HealthpostToStore/Page_Store/select_--Select--BA1170BA2376B'

2018-06-09 22:12:32 - [MESSAGE][PASSED] - All options with index in [1] are selected on object 'Object Repository/HealthpostToStore/Page_Store/select_--Select--BA1170BA2376B'

2018-06-09 22:12:32 - [TEST_STEP][PASSED] - Statement - Try: null

2018-06-09 22:12:32 - [TEST_STEP][PASSED] - Statement - StockQty = com.kms.katalon.core.webui.keyword.WebUiBuiltInKeywords.getAttribute(com.kms.katalon.core.testobject.ObjectRepository.findTestObject(HealthpostToStore/Page_Store/input_txtprice), "value"): Attribute 'value' of object 'Object Repository/HealthpostToStore/Page_Store/input_txtprice' is: '130'

2018-06-09 22:12:32 - [MESSAGE][PASSED] - Attribute 'value' of object 'Object Repository/HealthpostToStore/Page_Store/input_txtprice' is: '130'

2018-06-09 22:12:32 - [TEST_STEP][PASSED] - Statement - out.println("Stock QTY : " + StockQty): null

2018-06-09 22:12:32 - [TEST_STEP][PASSED] - delay: Delayed 2 second(s)

2018-06-09 22:12:34 - [MESSAGE][PASSED] - Delayed 2 second(s)

2018-06-09 22:12:34 - [TEST_STEP][PASSED] - Statement - If (java.lang.String.valueOf(StockQty) >= java.lang.String.valueOf(RequestedQty)): null

2018-06-09 22:12:34 - [TEST_STEP][PASSED] - setText: Text '10' is set on object 'Object Repository/HealthpostToStore/Page_Store/input_txtqty'

2018-06-09 22:12:34 - [MESSAGE][PASSED] - Text '10' is set on object 'Object Repository/HealthpostToStore/Page_Store/input_txtqty'

2018-06-09 22:12:34 - [TEST_STEP][PASSED] - click: Object: 'Object Repository/HealthpostToStore/Page_Store/button_Add' is clicked on

2018-06-09 22:12:34 - [MESSAGE][PASSED] - Object: 'Object Repository/HealthpostToStore/Page_Store/button_Add' is clicked on

2018-06-09 22:12:34 - [TEST_STEP][PASSED] - Statement - Break: null

2018-06-09 22:12:34 - [TEST_STEP][PASSED] - selectOptionByIndex: All options with index in [36] are selected on object 'Object Repository/HealthpostToStore/Page_Store/select_--Select--Adernaline 0.'

2018-06-09 22:12:35 - [MESSAGE][PASSED] - All options with index in [36] are selected on object 'Object Repository/HealthpostToStore/Page_Store/select_--Select--Adernaline 0.'

2018-06-09 22:12:35 - [TEST_STEP][PASSED] - delay: Delayed 2 second(s)

2018-06-09 22:12:37 - [MESSAGE][PASSED] - Delayed 2 second(s)

2018-06-09 22:12:37 - [TEST_STEP][PASSED] - Statement - RequestedQty = com.kms.katalon.core.webui.keyword.WebUiBuiltInKeywords.getAttribute(com.kms.katalon.core.testobject.ObjectRepository.findTestObject(HealthpostToStore/Page_Store/input_txttotal), "value"): Attribute 'value' of object 'Object Repository/HealthpostToStore/Page_Store/input_txttotal' is: '10'

2018-06-09 22:12:37 - [MESSAGE][PASSED] - Attribute 'value' of object 'Object Repository/HealthpostToStore/Page_Store/input_txttotal' is: '10'

2018-06-09 22:12:37 - [TEST_STEP][PASSED] - Statement - out.println("Requested QTY : " + RequestedQty): null

2018-06-09 22:12:37 - [TEST_STEP][PASSED] - Statement - BatchNumber = com.kms.katalon.core.webui.keyword.WebUiBuiltInKeywords.getNumberOfTotalOption(com.kms.katalon.core.testobject.ObjectRepository.findTestObject(HealthpostToStore/Page_Store/select_--Select--BA1170BA2376B)): 2 options of object 'Object Repository/HealthpostToStore/Page_Store/select_--Select--BA1170BA2376B' counted

2018-06-09 22:12:37 - [MESSAGE][PASSED] - 2 options of object 'Object Repository/HealthpostToStore/Page_Store/select_--Select--BA1170BA2376B' counted

2018-06-09 22:12:37 - [TEST_STEP][PASSED] - Statement - For ([g = 1, g <= BatchNumber - 1, (g++)]): null

2018-06-09 22:12:37 - [TEST_STEP][PASSED] - selectOptionByIndex: All options with index in [1] are selected on object 'Object Repository/HealthpostToStore/Page_Store/select_--Select--BA1170BA2376B'

2018-06-09 22:12:37 - [MESSAGE][PASSED] - All options with index in [1] are selected on object 'Object Repository/HealthpostToStore/Page_Store/select_--Select--BA1170BA2376B'

2018-06-09 22:12:37 - [TEST_STEP][PASSED] - Statement - Try: null

2018-06-09 22:12:37 - [TEST_STEP][PASSED] - Statement - StockQty = com.kms.katalon.core.webui.keyword.WebUiBuiltInKeywords.getAttribute(com.kms.katalon.core.testobject.ObjectRepository.findTestObject(HealthpostToStore/Page_Store/input_txtprice), "value"): Attribute 'value' of object 'Object Repository/HealthpostToStore/Page_Store/input_txtprice' is: '340'

2018-06-09 22:12:37 - [MESSAGE][PASSED] - Attribute 'value' of object 'Object Repository/HealthpostToStore/Page_Store/input_txtprice' is: '340'

2018-06-09 22:12:37 - [TEST_STEP][PASSED] - Statement - out.println("Stock QTY : " + StockQty): null

2018-06-09 22:12:37 - [TEST_STEP][PASSED] - delay: Delayed 2 second(s)

2018-06-09 22:12:39 - [MESSAGE][PASSED] - Delayed 2 second(s)

2018-06-09 22:12:39 - [TEST_STEP][PASSED] - Statement - If (java.lang.String.valueOf(StockQty) >= java.lang.String.valueOf(RequestedQty)): null

2018-06-09 22:12:39 - [TEST_STEP][PASSED] - setText: Text '10' is set on object 'Object Repository/HealthpostToStore/Page_Store/input_txtqty'

2018-06-09 22:12:39 - [MESSAGE][PASSED] - Text '10' is set on object 'Object Repository/HealthpostToStore/Page_Store/input_txtqty'

2018-06-09 22:12:39 - [TEST_STEP][PASSED] - click: Object: 'Object Repository/HealthpostToStore/Page_Store/button_Add' is clicked on

2018-06-09 22:12:39 - [MESSAGE][PASSED] - Object: 'Object Repository/HealthpostToStore/Page_Store/button_Add' is clicked on

2018-06-09 22:12:39 - [TEST_STEP][PASSED] - Statement - Break: null

2018-06-09 22:12:39 - [TEST_STEP][PASSED] - selectOptionByIndex: All options with index in [37] are selected on object 'Object Repository/HealthpostToStore/Page_Store/select_--Select--Adernaline 0.'

2018-06-09 22:12:39 - [MESSAGE][PASSED] - All options with index in [37] are selected on object 'Object Repository/HealthpostToStore/Page_Store/select_--Select--Adernaline 0.'

2018-06-09 22:12:39 - [TEST_STEP][PASSED] - delay: Delayed 2 second(s)

2018-06-09 22:12:41 - [MESSAGE][PASSED] - Delayed 2 second(s)

2018-06-09 22:12:41 - [TEST_STEP][PASSED] - Statement - RequestedQty = com.kms.katalon.core.webui.keyword.WebUiBuiltInKeywords.getAttribute(com.kms.katalon.core.testobject.ObjectRepository.findTestObject(HealthpostToStore/Page_Store/input_txttotal), "value"): Attribute 'value' of object 'Object Repository/HealthpostToStore/Page_Store/input_txttotal' is: '10'

2018-06-09 22:12:42 - [MESSAGE][PASSED] - Attribute 'value' of object 'Object Repository/HealthpostToStore/Page_Store/input_txttotal' is: '10'

2018-06-09 22:12:42 - [TEST_STEP][PASSED] - Statement - out.println("Requested QTY : " + RequestedQty): null

2018-06-09 22:12:42 - [TEST_STEP][PASSED] - Statement - BatchNumber = com.kms.katalon.core.webui.keyword.WebUiBuiltInKeywords.getNumberOfTotalOption(com.kms.katalon.core.testobject.ObjectRepository.findTestObject(HealthpostToStore/Page_Store/select_--Select--BA1170BA2376B)): 3 options of object 'Object Repository/HealthpostToStore/Page_Store/select_--Select--BA1170BA2376B' counted

2018-06-09 22:12:42 - [MESSAGE][PASSED] - 3 options of object 'Object Repository/HealthpostToStore/Page_Store/select_--Select--BA1170BA2376B' counted

2018-06-09 22:12:42 - [TEST_STEP][PASSED] - Statement - For ([g = 1, g <= BatchNumber - 1, (g++)]): null

2018-06-09 22:12:42 - [TEST_STEP][PASSED] - selectOptionByIndex: All options with index in [1] are selected on object 'Object Repository/HealthpostToStore/Page_Store/select_--Select--BA1170BA2376B'

2018-06-09 22:12:42 - [MESSAGE][PASSED] - All options with index in [1] are selected on object 'Object Repository/HealthpostToStore/Page_Store/select_--Select--BA1170BA2376B'

2018-06-09 22:12:42 - [TEST_STEP][PASSED] - Statement - Try: null

2018-06-09 22:12:42 - [TEST_STEP][PASSED] - Statement - StockQty = com.kms.katalon.core.webui.keyword.WebUiBuiltInKeywords.getAttribute(com.kms.katalon.core.testobject.ObjectRepository.findTestObject(HealthpostToStore/Page_Store/input_txtprice), "value"): Attribute 'value' of object 'Object Repository/HealthpostToStore/Page_Store/input_txtprice' is: '130'

2018-06-09 22:12:42 - [MESSAGE][PASSED] - Attribute 'value' of object 'Object Repository/HealthpostToStore/Page_Store/input_txtprice' is: '130'

2018-06-09 22:12:42 - [TEST_STEP][PASSED] - Statement - out.println("Stock QTY : " + StockQty): null

2018-06-09 22:12:42 - [TEST_STEP][PASSED] - delay: Delayed 2 second(s)

2018-06-09 22:12:44 - [MESSAGE][PASSED] - Delayed 2 second(s)

2018-06-09 22:12:44 - [TEST_STEP][PASSED] - Statement - If (java.lang.String.valueOf(StockQty) >= java.lang.String.valueOf(RequestedQty)): null

2018-06-09 22:12:44 - [TEST_STEP][PASSED] - setText: Text '10' is set on object 'Object Repository/HealthpostToStore/Page_Store/input_txtqty'

2018-06-09 22:12:44 - [MESSAGE][PASSED] - Text '10' is set on object 'Object Repository/HealthpostToStore/Page_Store/input_txtqty'

2018-06-09 22:12:44 - [TEST_STEP][PASSED] - click: Object: 'Object Repository/HealthpostToStore/Page_Store/button_Add' is clicked on

2018-06-09 22:12:44 - [MESSAGE][PASSED] - Object: 'Object Repository/HealthpostToStore/Page_Store/button_Add' is clicked on

2018-06-09 22:12:44 - [TEST_STEP][PASSED] - Statement - Break: null

2018-06-09 22:12:44 - [TEST_STEP][PASSED] - selectOptionByIndex: All options with index in [38] are selected on object 'Object Repository/HealthpostToStore/Page_Store/select_--Select--Adernaline 0.'

2018-06-09 22:12:44 - [MESSAGE][PASSED] - All options with index in [38] are selected on object 'Object Repository/HealthpostToStore/Page_Store/select_--Select--Adernaline 0.'

2018-06-09 22:12:44 - [TEST_STEP][PASSED] - delay: Delayed 2 second(s)

2018-06-09 22:12:46 - [MESSAGE][PASSED] - Delayed 2 second(s)

2018-06-09 22:12:46 - [TEST_STEP][PASSED] - Statement - RequestedQty = com.kms.katalon.core.webui.keyword.WebUiBuiltInKeywords.getAttribute(com.kms.katalon.core.testobject.ObjectRepository.findTestObject(HealthpostToStore/Page_Store/input_txttotal), "value"): Attribute 'value' of object 'Object Repository/HealthpostToStore/Page_Store/input_txttotal' is: '10'

2018-06-09 22:12:46 - [MESSAGE][PASSED] - Attribute 'value' of object 'Object Repository/HealthpostToStore/Page_Store/input_txttotal' is: '10'

2018-06-09 22:12:46 - [TEST_STEP][PASSED] - Statement - out.println("Requested QTY : " + RequestedQty): null

2018-06-09 22:12:46 - [TEST_STEP][PASSED] - Statement - BatchNumber = com.kms.katalon.core.webui.keyword.WebUiBuiltInKeywords.getNumberOfTotalOption(com.kms.katalon.core.testobject.ObjectRepository.findTestObject(HealthpostToStore/Page_Store/select_--Select--BA1170BA2376B)): 3 options of object 'Object Repository/HealthpostToStore/Page_Store/select_--Select--BA1170BA2376B' counted

2018-06-09 22:12:46 - [MESSAGE][PASSED] - 3 options of object 'Object Repository/HealthpostToStore/Page_Store/select_--Select--BA1170BA2376B' counted

2018-06-09 22:12:46 - [TEST_STEP][PASSED] - Statement - For ([g = 1, g <= BatchNumber - 1, (g++)]): null

2018-06-09 22:12:46 - [TEST_STEP][PASSED] - selectOptionByIndex: All options with index in [1] are selected on object 'Object Repository/HealthpostToStore/Page_Store/select_--Select--BA1170BA2376B'

2018-06-09 22:12:47 - [MESSAGE][PASSED] - All options with index in [1] are selected on object 'Object Repository/HealthpostToStore/Page_Store/select_--Select--BA1170BA2376B'

2018-06-09 22:12:47 - [TEST_STEP][PASSED] - Statement - Try: null

2018-06-09 22:12:47 - [TEST_STEP][PASSED] - Statement - StockQty = com.kms.katalon.core.webui.keyword.WebUiBuiltInKeywords.getAttribute(com.kms.katalon.core.testobject.ObjectRepository.findTestObject(HealthpostToStore/Page_Store/input_txtprice), "value"): Attribute 'value' of object 'Object Repository/HealthpostToStore/Page_Store/input_txtprice' is: '130'

2018-06-09 22:12:47 - [MESSAGE][PASSED] - Attribute 'value' of object 'Object Repository/HealthpostToStore/Page_Store/input_txtprice' is: '130'

2018-06-09 22:12:47 - [TEST_STEP][PASSED] - Statement - out.println("Stock QTY : " + StockQty): null

2018-06-09 22:12:47 - [TEST_STEP][PASSED] - delay: Delayed 2 second(s)

2018-06-09 22:12:49 - [MESSAGE][PASSED] - Delayed 2 second(s)

2018-06-09 22:12:49 - [TEST_STEP][PASSED] - Statement - If (java.lang.String.valueOf(StockQty) >= java.lang.String.valueOf(RequestedQty)): null

2018-06-09 22:12:49 - [TEST_STEP][PASSED] - setText: Text '10' is set on object 'Object Repository/HealthpostToStore/Page_Store/input_txtqty'

2018-06-09 22:12:49 - [MESSAGE][PASSED] - Text '10' is set on object 'Object Repository/HealthpostToStore/Page_Store/input_txtqty'

2018-06-09 22:12:49 - [TEST_STEP][PASSED] - click: Object: 'Object Repository/HealthpostToStore/Page_Store/button_Add' is clicked on

2018-06-09 22:12:49 - [MESSAGE][PASSED] - Object: 'Object Repository/HealthpostToStore/Page_Store/button_Add' is clicked on

2018-06-09 22:12:49 - [TEST_STEP][PASSED] - Statement - Break: null

2018-06-09 22:12:49 - [TEST_STEP][PASSED] - selectOptionByIndex: All options with index in [39] are selected on object 'Object Repository/HealthpostToStore/Page_Store/select_--Select--Adernaline 0.'

2018-06-09 22:12:49 - [MESSAGE][PASSED] - All options with index in [39] are selected on object 'Object Repository/HealthpostToStore/Page_Store/select_--Select--Adernaline 0.'

2018-06-09 22:12:49 - [TEST_STEP][PASSED] - delay: Delayed 2 second(s)

2018-06-09 22:12:51 - [MESSAGE][PASSED] - Delayed 2 second(s)

2018-06-09 22:12:51 - [TEST_STEP][PASSED] - Statement - RequestedQty = com.kms.katalon.core.webui.keyword.WebUiBuiltInKeywords.getAttribute(com.kms.katalon.core.testobject.ObjectRepository.findTestObject(HealthpostToStore/Page_Store/input_txttotal), "value"): Attribute 'value' of object 'Object Repository/HealthpostToStore/Page_Store/input_txttotal' is: '10'

2018-06-09 22:12:51 - [MESSAGE][PASSED] - Attribute 'value' of object 'Object Repository/HealthpostToStore/Page_Store/input_txttotal' is: '10'

2018-06-09 22:12:51 - [TEST_STEP][PASSED] - Statement - out.println("Requested QTY : " + RequestedQty): null

2018-06-09 22:12:51 - [TEST_STEP][PASSED] - Statement - BatchNumber = com.kms.katalon.core.webui.keyword.WebUiBuiltInKeywords.getNumberOfTotalOption(com.kms.katalon.core.testobject.ObjectRepository.findTestObject(HealthpostToStore/Page_Store/select_--Select--BA1170BA2376B)): 2 options of object 'Object Repository/HealthpostToStore/Page_Store/select_--Select--BA1170BA2376B' counted

2018-06-09 22:12:51 - [MESSAGE][PASSED] - 2 options of object 'Object Repository/HealthpostToStore/Page_Store/select_--Select--BA1170BA2376B' counted

2018-06-09 22:12:51 - [TEST_STEP][PASSED] - Statement - For ([g = 1, g <= BatchNumber - 1, (g++)]): null

2018-06-09 22:12:51 - [TEST_STEP][PASSED] - selectOptionByIndex: All options with index in [1] are selected on object 'Object Repository/HealthpostToStore/Page_Store/select_--Select--BA1170BA2376B'

2018-06-09 22:12:51 - [MESSAGE][PASSED] - All options with index in [1] are selected on object 'Object Repository/HealthpostToStore/Page_Store/select_--Select--BA1170BA2376B'

2018-06-09 22:12:51 - [TEST_STEP][PASSED] - Statement - Try: null

2018-06-09 22:12:51 - [TEST_STEP][PASSED] - Statement - StockQty = com.kms.katalon.core.webui.keyword.WebUiBuiltInKeywords.getAttribute(com.kms.katalon.core.testobject.ObjectRepository.findTestObject(HealthpostToStore/Page_Store/input_txtprice), "value"): Attribute 'value' of object 'Object Repository/HealthpostToStore/Page_Store/input_txtprice' is: ''

2018-06-09 22:12:51 - [MESSAGE][PASSED] - Attribute 'value' of object 'Object Repository/HealthpostToStore/Page_Store/input_txtprice' is: ''

2018-06-09 22:12:51 - [TEST_STEP][PASSED] - Statement - out.println("Stock QTY : " + StockQty): null

2018-06-09 22:12:51 - [TEST_STEP][PASSED] - delay: Delayed 2 second(s)

2018-06-09 22:12:53 - [MESSAGE][PASSED] - Delayed 2 second(s)

2018-06-09 22:12:53 - [TEST_STEP][PASSED] - Statement - If (java.lang.String.valueOf(StockQty) >= java.lang.String.valueOf(RequestedQty)): null

2018-06-09 22:12:53 - [TEST_STEP][PASSED] - Statement - Else: null

2018-06-09 22:12:53 - [TEST_STEP][PASSED] - Statement - out.println("Stock Is Less Than Requested Qty"): null

2018-06-09 22:12:53 - [TEST_STEP][PASSED] - selectOptionByIndex: All options with index in [40] are selected on object 'Object Repository/HealthpostToStore/Page_Store/select_--Select--Adernaline 0.'

2018-06-09 22:12:54 - [MESSAGE][PASSED] - All options with index in [40] are selected on object 'Object Repository/HealthpostToStore/Page_Store/select_--Select--Adernaline 0.'

2018-06-09 22:12:54 - [TEST_STEP][PASSED] - delay: Delayed 2 second(s)

2018-06-09 22:12:56 - [MESSAGE][PASSED] - Delayed 2 second(s)

2018-06-09 22:12:56 - [TEST_STEP][PASSED] - Statement - RequestedQty = com.kms.katalon.core.webui.keyword.WebUiBuiltInKeywords.getAttribute(com.kms.katalon.core.testobject.ObjectRepository.findTestObject(HealthpostToStore/Page_Store/input_txttotal), "value"): Attribute 'value' of object 'Object Repository/HealthpostToStore/Page_Store/input_txttotal' is: '10'

2018-06-09 22:12:56 - [MESSAGE][PASSED] - Attribute 'value' of object 'Object Repository/HealthpostToStore/Page_Store/input_txttotal' is: '10'

2018-06-09 22:12:56 - [TEST_STEP][PASSED] - Statement - out.println("Requested QTY : " + RequestedQty): null

2018-06-09 22:12:56 - [TEST_STEP][PASSED] - Statement - BatchNumber = com.kms.katalon.core.webui.keyword.WebUiBuiltInKeywords.getNumberOfTotalOption(com.kms.katalon.core.testobject.ObjectRepository.findTestObject(HealthpostToStore/Page_Store/select_--Select--BA1170BA2376B)): 3 options of object 'Object Repository/HealthpostToStore/Page_Store/select_--Select--BA1170BA2376B' counted

2018-06-09 22:12:56 - [MESSAGE][PASSED] - 3 options of object 'Object Repository/HealthpostToStore/Page_Store/select_--Select--BA1170BA2376B' counted

2018-06-09 22:12:56 - [TEST_STEP][PASSED] - Statement - For ([g = 1, g <= BatchNumber - 1, (g++)]): null

2018-06-09 22:12:56 - [TEST_STEP][PASSED] - selectOptionByIndex: All options with index in [1] are selected on object 'Object Repository/HealthpostToStore/Page_Store/select_--Select--BA1170BA2376B'

2018-06-09 22:12:56 - [MESSAGE][PASSED] - All options with index in [1] are selected on object 'Object Repository/HealthpostToStore/Page_Store/select_--Select--BA1170BA2376B'

2018-06-09 22:12:56 - [TEST_STEP][PASSED] - Statement - Try: null

2018-06-09 22:12:56 - [TEST_STEP][PASSED] - Statement - StockQty = com.kms.katalon.core.webui.keyword.WebUiBuiltInKeywords.getAttribute(com.kms.katalon.core.testobject.ObjectRepository.findTestObject(HealthpostToStore/Page_Store/input_txtprice), "value"): Attribute 'value' of object 'Object Repository/HealthpostToStore/Page_Store/input_txtprice' is: '130'

2018-06-09 22:12:56 - [MESSAGE][PASSED] - Attribute 'value' of object 'Object Repository/HealthpostToStore/Page_Store/input_txtprice' is: '130'

2018-06-09 22:12:56 - [TEST_STEP][PASSED] - Statement - out.println("Stock QTY : " + StockQty): null

2018-06-09 22:12:56 - [TEST_STEP][PASSED] - delay: Delayed 2 second(s)

2018-06-09 22:12:58 - [MESSAGE][PASSED] - Delayed 2 second(s)

2018-06-09 22:12:58 - [TEST_STEP][PASSED] - Statement - If (java.lang.String.valueOf(StockQty) >= java.lang.String.valueOf(RequestedQty)): null

2018-06-09 22:12:58 - [TEST_STEP][PASSED] - setText: Text '10' is set on object 'Object Repository/HealthpostToStore/Page_Store/input_txtqty'

2018-06-09 22:12:58 - [MESSAGE][PASSED] - Text '10' is set on object 'Object Repository/HealthpostToStore/Page_Store/input_txtqty'

2018-06-09 22:12:58 - [TEST_STEP][PASSED] - click: Object: 'Object Repository/HealthpostToStore/Page_Store/button_Add' is clicked on

2018-06-09 22:12:58 - [MESSAGE][PASSED] - Object: 'Object Repository/HealthpostToStore/Page_Store/button_Add' is clicked on

2018-06-09 22:12:58 - [TEST_STEP][PASSED] - Statement - Break: null

2018-06-09 22:12:58 - [TEST_STEP][PASSED] - selectOptionByIndex: All options with index in [41] are selected on object 'Object Repository/HealthpostToStore/Page_Store/select_--Select--Adernaline 0.'

2018-06-09 22:12:59 - [MESSAGE][PASSED] - All options with index in [41] are selected on object 'Object Repository/HealthpostToStore/Page_Store/select_--Select--Adernaline 0.'

2018-06-09 22:12:59 - [TEST_STEP][PASSED] - delay: Delayed 2 second(s)

2018-06-09 22:13:01 - [MESSAGE][PASSED] - Delayed 2 second(s)

2018-06-09 22:13:01 - [TEST_STEP][PASSED] - Statement - RequestedQty = com.kms.katalon.core.webui.keyword.WebUiBuiltInKeywords.getAttribute(com.kms.katalon.core.testobject.ObjectRepository.findTestObject(HealthpostToStore/Page_Store/input_txttotal), "value"): Attribute 'value' of object 'Object Repository/HealthpostToStore/Page_Store/input_txttotal' is: '10'

2018-06-09 22:13:01 - [MESSAGE][PASSED] - Attribute 'value' of object 'Object Repository/HealthpostToStore/Page_Store/input_txttotal' is: '10'

2018-06-09 22:13:01 - [TEST_STEP][PASSED] - Statement - out.println("Requested QTY : " + RequestedQty): null

2018-06-09 22:13:01 - [TEST_STEP][PASSED] - Statement - BatchNumber = com.kms.katalon.core.webui.keyword.WebUiBuiltInKeywords.getNumberOfTotalOption(com.kms.katalon.core.testobject.ObjectRepository.findTestObject(HealthpostToStore/Page_Store/select_--Select--BA1170BA2376B)): 3 options of object 'Object Repository/HealthpostToStore/Page_Store/select_--Select--BA1170BA2376B' counted

2018-06-09 22:13:01 - [MESSAGE][PASSED] - 3 options of object 'Object Repository/HealthpostToStore/Page_Store/select_--Select--BA1170BA2376B' counted

2018-06-09 22:13:01 - [TEST_STEP][PASSED] - Statement - For ([g = 1, g <= BatchNumber - 1, (g++)]): null

2018-06-09 22:13:01 - [TEST_STEP][PASSED] - selectOptionByIndex: All options with index in [1] are selected on object 'Object Repository/HealthpostToStore/Page_Store/select_--Select--BA1170BA2376B'

2018-06-09 22:13:01 - [MESSAGE][PASSED] - All options with index in [1] are selected on object 'Object Repository/HealthpostToStore/Page_Store/select_--Select--BA1170BA2376B'

2018-06-09 22:13:01 - [TEST_STEP][PASSED] - Statement - Try: null

2018-06-09 22:13:01 - [TEST_STEP][PASSED] - Statement - StockQty = com.kms.katalon.core.webui.keyword.WebUiBuiltInKeywords.getAttribute(com.kms.katalon.core.testobject.ObjectRepository.findTestObject(HealthpostToStore/Page_Store/input_txtprice), "value"): Attribute 'value' of object 'Object Repository/HealthpostToStore/Page_Store/input_txtprice' is: '130'

2018-06-09 22:13:01 - [MESSAGE][PASSED] - Attribute 'value' of object 'Object Repository/HealthpostToStore/Page_Store/input_txtprice' is: '130'

2018-06-09 22:13:01 - [TEST_STEP][PASSED] - Statement - out.println("Stock QTY : " + StockQty): null

2018-06-09 22:13:01 - [TEST_STEP][PASSED] - delay: Delayed 2 second(s)

2018-06-09 22:13:03 - [MESSAGE][PASSED] - Delayed 2 second(s)

2018-06-09 22:13:03 - [TEST_STEP][PASSED] - Statement - If (java.lang.String.valueOf(StockQty) >= java.lang.String.valueOf(RequestedQty)): null

2018-06-09 22:13:03 - [TEST_STEP][PASSED] - setText: Text '10' is set on object 'Object Repository/HealthpostToStore/Page_Store/input_txtqty'

2018-06-09 22:13:03 - [MESSAGE][PASSED] - Text '10' is set on object 'Object Repository/HealthpostToStore/Page_Store/input_txtqty'

2018-06-09 22:13:03 - [TEST_STEP][PASSED] - click: Object: 'Object Repository/HealthpostToStore/Page_Store/button_Add' is clicked on

2018-06-09 22:13:03 - [MESSAGE][PASSED] - Object: 'Object Repository/HealthpostToStore/Page_Store/button_Add' is clicked on

2018-06-09 22:13:03 - [TEST_STEP][PASSED] - Statement - Break: null

2018-06-09 22:13:03 - [TEST_STEP][PASSED] - selectOptionByIndex: All options with index in [42] are selected on object 'Object Repository/HealthpostToStore/Page_Store/select_--Select--Adernaline 0.'

2018-06-09 22:13:04 - [MESSAGE][PASSED] - All options with index in [42] are selected on object 'Object Repository/HealthpostToStore/Page_Store/select_--Select--Adernaline 0.'

2018-06-09 22:13:04 - [TEST_STEP][PASSED] - delay: Delayed 2 second(s)

2018-06-09 22:13:06 - [MESSAGE][PASSED] - Delayed 2 second(s)

2018-06-09 22:13:06 - [TEST_STEP][PASSED] - Statement - RequestedQty = com.kms.katalon.core.webui.keyword.WebUiBuiltInKeywords.getAttribute(com.kms.katalon.core.testobject.ObjectRepository.findTestObject(HealthpostToStore/Page_Store/input_txttotal), "value"): Attribute 'value' of object 'Object Repository/HealthpostToStore/Page_Store/input_txttotal' is: '10'

2018-06-09 22:13:06 - [MESSAGE][PASSED] - Attribute 'value' of object 'Object Repository/HealthpostToStore/Page_Store/input_txttotal' is: '10'

2018-06-09 22:13:06 - [TEST_STEP][PASSED] - Statement - out.println("Requested QTY : " + RequestedQty): null

2018-06-09 22:13:06 - [TEST_STEP][PASSED] - Statement - BatchNumber = com.kms.katalon.core.webui.keyword.WebUiBuiltInKeywords.getNumberOfTotalOption(com.kms.katalon.core.testobject.ObjectRepository.findTestObject(HealthpostToStore/Page_Store/select_--Select--BA1170BA2376B)): 3 options of object 'Object Repository/HealthpostToStore/Page_Store/select_--Select--BA1170BA2376B' counted

2018-06-09 22:13:06 - [MESSAGE][PASSED] - 3 options of object 'Object Repository/HealthpostToStore/Page_Store/select_--Select--BA1170BA2376B' counted

2018-06-09 22:13:06 - [TEST_STEP][PASSED] - Statement - For ([g = 1, g <= BatchNumber - 1, (g++)]): null

2018-06-09 22:13:06 - [TEST_STEP][PASSED] - selectOptionByIndex: All options with index in [1] are selected on object 'Object Repository/HealthpostToStore/Page_Store/select_--Select--BA1170BA2376B'

2018-06-09 22:13:06 - [MESSAGE][PASSED] - All options with index in [1] are selected on object 'Object Repository/HealthpostToStore/Page_Store/select_--Select--BA1170BA2376B'

2018-06-09 22:13:06 - [TEST_STEP][PASSED] - Statement - Try: null

2018-06-09 22:13:06 - [TEST_STEP][PASSED] - Statement - StockQty = com.kms.katalon.core.webui.keyword.WebUiBuiltInKeywords.getAttribute(com.kms.katalon.core.testobject.ObjectRepository.findTestObject(HealthpostToStore/Page_Store/input_txtprice), "value"): Attribute 'value' of object 'Object Repository/HealthpostToStore/Page_Store/input_txtprice' is: '170'

2018-06-09 22:13:06 - [MESSAGE][PASSED] - Attribute 'value' of object 'Object Repository/HealthpostToStore/Page_Store/input_txtprice' is: '170'

2018-06-09 22:13:06 - [TEST_STEP][PASSED] - Statement - out.println("Stock QTY : " + StockQty): null

2018-06-09 22:13:06 - [TEST_STEP][PASSED] - delay: Delayed 2 second(s)

2018-06-09 22:13:08 - [MESSAGE][PASSED] - Delayed 2 second(s)

2018-06-09 22:13:08 - [TEST_STEP][PASSED] - Statement - If (java.lang.String.valueOf(StockQty) >= java.lang.String.valueOf(RequestedQty)): null

2018-06-09 22:13:08 - [TEST_STEP][PASSED] - setText: Text '10' is set on object 'Object Repository/HealthpostToStore/Page_Store/input_txtqty'

2018-06-09 22:13:08 - [MESSAGE][PASSED] - Text '10' is set on object 'Object Repository/HealthpostToStore/Page_Store/input_txtqty'

2018-06-09 22:13:08 - [TEST_STEP][PASSED] - click: Object: 'Object Repository/HealthpostToStore/Page_Store/button_Add' is clicked on

2018-06-09 22:13:08 - [MESSAGE][PASSED] - Object: 'Object Repository/HealthpostToStore/Page_Store/button_Add' is clicked on

2018-06-09 22:13:08 - [TEST_STEP][PASSED] - Statement - Break: null

2018-06-09 22:13:08 - [TEST_STEP][PASSED] - selectOptionByIndex: All options with index in [43] are selected on object 'Object Repository/HealthpostToStore/Page_Store/select_--Select--Adernaline 0.'

2018-06-09 22:13:09 - [MESSAGE][PASSED] - All options with index in [43] are selected on object 'Object Repository/HealthpostToStore/Page_Store/select_--Select--Adernaline 0.'

2018-06-09 22:13:09 - [TEST_STEP][PASSED] - delay: Delayed 2 second(s)

2018-06-09 22:13:11 - [MESSAGE][PASSED] - Delayed 2 second(s)

2018-06-09 22:13:11 - [TEST_STEP][PASSED] - Statement - RequestedQty = com.kms.katalon.core.webui.keyword.WebUiBuiltInKeywords.getAttribute(com.kms.katalon.core.testobject.ObjectRepository.findTestObject(HealthpostToStore/Page_Store/input_txttotal), "value"): Attribute 'value' of object 'Object Repository/HealthpostToStore/Page_Store/input_txttotal' is: '10'

2018-06-09 22:13:11 - [MESSAGE][PASSED] - Attribute 'value' of object 'Object Repository/HealthpostToStore/Page_Store/input_txttotal' is: '10'

2018-06-09 22:13:11 - [TEST_STEP][PASSED] - Statement - out.println("Requested QTY : " + RequestedQty): null

2018-06-09 22:13:11 - [TEST_STEP][PASSED] - Statement - BatchNumber = com.kms.katalon.core.webui.keyword.WebUiBuiltInKeywords.getNumberOfTotalOption(com.kms.katalon.core.testobject.ObjectRepository.findTestObject(HealthpostToStore/Page_Store/select_--Select--BA1170BA2376B)): 3 options of object 'Object Repository/HealthpostToStore/Page_Store/select_--Select--BA1170BA2376B' counted

2018-06-09 22:13:11 - [MESSAGE][PASSED] - 3 options of object 'Object Repository/HealthpostToStore/Page_Store/select_--Select--BA1170BA2376B' counted

2018-06-09 22:13:11 - [TEST_STEP][PASSED] - Statement - For ([g = 1, g <= BatchNumber - 1, (g++)]): null

2018-06-09 22:13:11 - [TEST_STEP][PASSED] - selectOptionByIndex: All options with index in [1] are selected on object 'Object Repository/HealthpostToStore/Page_Store/select_--Select--BA1170BA2376B'

2018-06-09 22:13:11 - [MESSAGE][PASSED] - All options with index in [1] are selected on object 'Object Repository/HealthpostToStore/Page_Store/select_--Select--BA1170BA2376B'

2018-06-09 22:13:11 - [TEST_STEP][PASSED] - Statement - Try: null

2018-06-09 22:13:11 - [TEST_STEP][PASSED] - Statement - StockQty = com.kms.katalon.core.webui.keyword.WebUiBuiltInKeywords.getAttribute(com.kms.katalon.core.testobject.ObjectRepository.findTestObject(HealthpostToStore/Page_Store/input_txtprice), "value"): Attribute 'value' of object 'Object Repository/HealthpostToStore/Page_Store/input_txtprice' is: '130'

2018-06-09 22:13:11 - [MESSAGE][PASSED] - Attribute 'value' of object 'Object Repository/HealthpostToStore/Page_Store/input_txtprice' is: '130'

2018-06-09 22:13:11 - [TEST_STEP][PASSED] - Statement - out.println("Stock QTY : " + StockQty): null

2018-06-09 22:13:11 - [TEST_STEP][PASSED] - delay: Delayed 2 second(s)

2018-06-09 22:13:13 - [MESSAGE][PASSED] - Delayed 2 second(s)

2018-06-09 22:13:13 - [TEST_STEP][PASSED] - Statement - If (java.lang.String.valueOf(StockQty) >= java.lang.String.valueOf(RequestedQty)): null

2018-06-09 22:13:13 - [TEST_STEP][PASSED] - setText: Text '10' is set on object 'Object Repository/HealthpostToStore/Page_Store/input_txtqty'

2018-06-09 22:13:13 - [MESSAGE][PASSED] - Text '10' is set on object 'Object Repository/HealthpostToStore/Page_Store/input_txtqty'

2018-06-09 22:13:13 - [TEST_STEP][PASSED] - click: Object: 'Object Repository/HealthpostToStore/Page_Store/button_Add' is clicked on

2018-06-09 22:13:13 - [MESSAGE][PASSED] - Object: 'Object Repository/HealthpostToStore/Page_Store/button_Add' is clicked on

2018-06-09 22:13:13 - [TEST_STEP][PASSED] - Statement - Break: null

2018-06-09 22:13:13 - [TEST_STEP][PASSED] - selectOptionByIndex: All options with index in [44] are selected on object 'Object Repository/HealthpostToStore/Page_Store/select_--Select--Adernaline 0.'

2018-06-09 22:13:14 - [MESSAGE][PASSED] - All options with index in [44] are selected on object 'Object Repository/HealthpostToStore/Page_Store/select_--Select--Adernaline 0.'

2018-06-09 22:13:14 - [TEST_STEP][PASSED] - delay: Delayed 2 second(s)

2018-06-09 22:13:16 - [MESSAGE][PASSED] - Delayed 2 second(s)

2018-06-09 22:13:16 - [TEST_STEP][PASSED] - Statement - RequestedQty = com.kms.katalon.core.webui.keyword.WebUiBuiltInKeywords.getAttribute(com.kms.katalon.core.testobject.ObjectRepository.findTestObject(HealthpostToStore/Page_Store/input_txttotal), "value"): Attribute 'value' of object 'Object Repository/HealthpostToStore/Page_Store/input_txttotal' is: '10'

2018-06-09 22:13:16 - [MESSAGE][PASSED] - Attribute 'value' of object 'Object Repository/HealthpostToStore/Page_Store/input_txttotal' is: '10'

2018-06-09 22:13:16 - [TEST_STEP][PASSED] - Statement - out.println("Requested QTY : " + RequestedQty): null

2018-06-09 22:13:16 - [TEST_STEP][PASSED] - Statement - BatchNumber = com.kms.katalon.core.webui.keyword.WebUiBuiltInKeywords.getNumberOfTotalOption(com.kms.katalon.core.testobject.ObjectRepository.findTestObject(HealthpostToStore/Page_Store/select_--Select--BA1170BA2376B)): 2 options of object 'Object Repository/HealthpostToStore/Page_Store/select_--Select--BA1170BA2376B' counted

2018-06-09 22:13:16 - [MESSAGE][PASSED] - 2 options of object 'Object Repository/HealthpostToStore/Page_Store/select_--Select--BA1170BA2376B' counted

2018-06-09 22:13:16 - [TEST_STEP][PASSED] - Statement - For ([g = 1, g <= BatchNumber - 1, (g++)]): null

2018-06-09 22:13:16 - [TEST_STEP][PASSED] - selectOptionByIndex: All options with index in [1] are selected on object 'Object Repository/HealthpostToStore/Page_Store/select_--Select--BA1170BA2376B'

2018-06-09 22:13:16 - [MESSAGE][PASSED] - All options with index in [1] are selected on object 'Object Repository/HealthpostToStore/Page_Store/select_--Select--BA1170BA2376B'

2018-06-09 22:13:16 - [TEST_STEP][PASSED] - Statement - Try: null

2018-06-09 22:13:16 - [TEST_STEP][PASSED] - Statement - StockQty = com.kms.katalon.core.webui.keyword.WebUiBuiltInKeywords.getAttribute(com.kms.katalon.core.testobject.ObjectRepository.findTestObject(HealthpostToStore/Page_Store/input_txtprice), "value"): Attribute 'value' of object 'Object Repository/HealthpostToStore/Page_Store/input_txtprice' is: '330'

2018-06-09 22:13:16 - [MESSAGE][PASSED] - Attribute 'value' of object 'Object Repository/HealthpostToStore/Page_Store/input_txtprice' is: '330'

2018-06-09 22:13:16 - [TEST_STEP][PASSED] - Statement - out.println("Stock QTY : " + StockQty): null

2018-06-09 22:13:16 - [TEST_STEP][PASSED] - delay: Delayed 2 second(s)

2018-06-09 22:13:18 - [MESSAGE][PASSED] - Delayed 2 second(s)

2018-06-09 22:13:18 - [TEST_STEP][PASSED] - Statement - If (java.lang.String.valueOf(StockQty) >= java.lang.String.valueOf(RequestedQty)): null

2018-06-09 22:13:18 - [TEST_STEP][PASSED] - setText: Text '10' is set on object 'Object Repository/HealthpostToStore/Page_Store/input_txtqty'

2018-06-09 22:13:18 - [MESSAGE][PASSED] - Text '10' is set on object 'Object Repository/HealthpostToStore/Page_Store/input_txtqty'

2018-06-09 22:13:18 - [TEST_STEP][PASSED] - click: Object: 'Object Repository/HealthpostToStore/Page_Store/button_Add' is clicked on

2018-06-09 22:13:18 - [MESSAGE][PASSED] - Object: 'Object Repository/HealthpostToStore/Page_Store/button_Add' is clicked on

2018-06-09 22:13:18 - [TEST_STEP][PASSED] - Statement - Break: null

2018-06-09 22:13:18 - [TEST_STEP][PASSED] - selectOptionByIndex: All options with index in [45] are selected on object 'Object Repository/HealthpostToStore/Page_Store/select_--Select--Adernaline 0.'

2018-06-09 22:13:19 - [MESSAGE][PASSED] - All options with index in [45] are selected on object 'Object Repository/HealthpostToStore/Page_Store/select_--Select--Adernaline 0.'

2018-06-09 22:13:19 - [TEST_STEP][PASSED] - delay: Delayed 2 second(s)

2018-06-09 22:13:21 - [MESSAGE][PASSED] - Delayed 2 second(s)

2018-06-09 22:13:21 - [TEST_STEP][PASSED] - Statement - RequestedQty = com.kms.katalon.core.webui.keyword.WebUiBuiltInKeywords.getAttribute(com.kms.katalon.core.testobject.ObjectRepository.findTestObject(HealthpostToStore/Page_Store/input_txttotal), "value"): Attribute 'value' of object 'Object Repository/HealthpostToStore/Page_Store/input_txttotal' is: '10'

2018-06-09 22:13:21 - [MESSAGE][PASSED] - Attribute 'value' of object 'Object Repository/HealthpostToStore/Page_Store/input_txttotal' is: '10'

2018-06-09 22:13:21 - [TEST_STEP][PASSED] - Statement - out.println("Requested QTY : " + RequestedQty): null

2018-06-09 22:13:21 - [TEST_STEP][PASSED] - Statement - BatchNumber = com.kms.katalon.core.webui.keyword.WebUiBuiltInKeywords.getNumberOfTotalOption(com.kms.katalon.core.testobject.ObjectRepository.findTestObject(HealthpostToStore/Page_Store/select_--Select--BA1170BA2376B)): 3 options of object 'Object Repository/HealthpostToStore/Page_Store/select_--Select--BA1170BA2376B' counted

2018-06-09 22:13:21 - [MESSAGE][PASSED] - 3 options of object 'Object Repository/HealthpostToStore/Page_Store/select_--Select--BA1170BA2376B' counted

2018-06-09 22:13:21 - [TEST_STEP][PASSED] - Statement - For ([g = 1, g <= BatchNumber - 1, (g++)]): null

2018-06-09 22:13:21 - [TEST_STEP][PASSED] - selectOptionByIndex: All options with index in [1] are selected on object 'Object Repository/HealthpostToStore/Page_Store/select_--Select--BA1170BA2376B'

2018-06-09 22:13:21 - [MESSAGE][PASSED] - All options with index in [1] are selected on object 'Object Repository/HealthpostToStore/Page_Store/select_--Select--BA1170BA2376B'

2018-06-09 22:13:21 - [TEST_STEP][PASSED] - Statement - Try: null

2018-06-09 22:13:21 - [TEST_STEP][PASSED] - Statement - StockQty = com.kms.katalon.core.webui.keyword.WebUiBuiltInKeywords.getAttribute(com.kms.katalon.core.testobject.ObjectRepository.findTestObject(HealthpostToStore/Page_Store/input_txtprice), "value"): Attribute 'value' of object 'Object Repository/HealthpostToStore/Page_Store/input_txtprice' is: '170'

2018-06-09 22:13:21 - [MESSAGE][PASSED] - Attribute 'value' of object 'Object Repository/HealthpostToStore/Page_Store/input_txtprice' is: '170'

2018-06-09 22:13:21 - [TEST_STEP][PASSED] - Statement - out.println("Stock QTY : " + StockQty): null

2018-06-09 22:13:21 - [TEST_STEP][PASSED] - delay: Delayed 2 second(s)

2018-06-09 22:13:23 - [MESSAGE][PASSED] - Delayed 2 second(s)

2018-06-09 22:13:23 - [TEST_STEP][PASSED] - Statement - If (java.lang.String.valueOf(StockQty) >= java.lang.String.valueOf(RequestedQty)): null

2018-06-09 22:13:23 - [TEST_STEP][PASSED] - setText: Text '10' is set on object 'Object Repository/HealthpostToStore/Page_Store/input_txtqty'

2018-06-09 22:13:23 - [MESSAGE][PASSED] - Text '10' is set on object 'Object Repository/HealthpostToStore/Page_Store/input_txtqty'

2018-06-09 22:13:23 - [TEST_STEP][PASSED] - click: Object: 'Object Repository/HealthpostToStore/Page_Store/button_Add' is clicked on

2018-06-09 22:13:23 - [MESSAGE][PASSED] - Object: 'Object Repository/HealthpostToStore/Page_Store/button_Add' is clicked on

2018-06-09 22:13:23 - [TEST_STEP][PASSED] - Statement - Break: null

2018-06-09 22:13:23 - [TEST_STEP][PASSED] - selectOptionByIndex: All options with index in [46] are selected on object 'Object Repository/HealthpostToStore/Page_Store/select_--Select--Adernaline 0.'

2018-06-09 22:13:24 - [MESSAGE][PASSED] - All options with index in [46] are selected on object 'Object Repository/HealthpostToStore/Page_Store/select_--Select--Adernaline 0.'

2018-06-09 22:13:24 - [TEST_STEP][PASSED] - delay: Delayed 2 second(s)

2018-06-09 22:13:26 - [MESSAGE][PASSED] - Delayed 2 second(s)

2018-06-09 22:13:26 - [TEST_STEP][PASSED] - Statement - RequestedQty = com.kms.katalon.core.webui.keyword.WebUiBuiltInKeywords.getAttribute(com.kms.katalon.core.testobject.ObjectRepository.findTestObject(HealthpostToStore/Page_Store/input_txttotal), "value"): Attribute 'value' of object 'Object Repository/HealthpostToStore/Page_Store/input_txttotal' is: '10'

2018-06-09 22:13:26 - [MESSAGE][PASSED] - Attribute 'value' of object 'Object Repository/HealthpostToStore/Page_Store/input_txttotal' is: '10'

2018-06-09 22:13:26 - [TEST_STEP][PASSED] - Statement - out.println("Requested QTY : " + RequestedQty): null

2018-06-09 22:13:26 - [TEST_STEP][PASSED] - Statement - BatchNumber = com.kms.katalon.core.webui.keyword.WebUiBuiltInKeywords.getNumberOfTotalOption(com.kms.katalon.core.testobject.ObjectRepository.findTestObject(HealthpostToStore/Page_Store/select_--Select--BA1170BA2376B)): 3 options of object 'Object Repository/HealthpostToStore/Page_Store/select_--Select--BA1170BA2376B' counted

2018-06-09 22:13:26 - [MESSAGE][PASSED] - 3 options of object 'Object Repository/HealthpostToStore/Page_Store/select_--Select--BA1170BA2376B' counted

2018-06-09 22:13:26 - [TEST_STEP][PASSED] - Statement - For ([g = 1, g <= BatchNumber - 1, (g++)]): null

2018-06-09 22:13:26 - [TEST_STEP][PASSED] - selectOptionByIndex: All options with index in [1] are selected on object 'Object Repository/HealthpostToStore/Page_Store/select_--Select--BA1170BA2376B'

2018-06-09 22:13:26 - [MESSAGE][PASSED] - All options with index in [1] are selected on object 'Object Repository/HealthpostToStore/Page_Store/select_--Select--BA1170BA2376B'

2018-06-09 22:13:26 - [TEST_STEP][PASSED] - Statement - Try: null

2018-06-09 22:13:26 - [TEST_STEP][PASSED] - Statement - StockQty = com.kms.katalon.core.webui.keyword.WebUiBuiltInKeywords.getAttribute(com.kms.katalon.core.testobject.ObjectRepository.findTestObject(HealthpostToStore/Page_Store/input_txtprice), "value"): Attribute 'value' of object 'Object Repository/HealthpostToStore/Page_Store/input_txtprice' is: '170'

2018-06-09 22:13:26 - [MESSAGE][PASSED] - Attribute 'value' of object 'Object Repository/HealthpostToStore/Page_Store/input_txtprice' is: '170'

2018-06-09 22:13:26 - [TEST_STEP][PASSED] - Statement - out.println("Stock QTY : " + StockQty): null

2018-06-09 22:13:26 - [TEST_STEP][PASSED] - delay: Delayed 2 second(s)

2018-06-09 22:13:28 - [MESSAGE][PASSED] - Delayed 2 second(s)

2018-06-09 22:13:28 - [TEST_STEP][PASSED] - Statement - If (java.lang.String.valueOf(StockQty) >= java.lang.String.valueOf(RequestedQty)): null

2018-06-09 22:13:28 - [TEST_STEP][PASSED] - setText: Text '10' is set on object 'Object Repository/HealthpostToStore/Page_Store/input_txtqty'

2018-06-09 22:13:28 - [MESSAGE][PASSED] - Text '10' is set on object 'Object Repository/HealthpostToStore/Page_Store/input_txtqty'

2018-06-09 22:13:28 - [TEST_STEP][PASSED] - click: Object: 'Object Repository/HealthpostToStore/Page_Store/button_Add' is clicked on

2018-06-09 22:13:28 - [MESSAGE][PASSED] - Object: 'Object Repository/HealthpostToStore/Page_Store/button_Add' is clicked on

2018-06-09 22:13:28 - [TEST_STEP][PASSED] - Statement - Break: null

2018-06-09 22:13:28 - [TEST_STEP][PASSED] - selectOptionByIndex: All options with index in [47] are selected on object 'Object Repository/HealthpostToStore/Page_Store/select_--Select--Adernaline 0.'

2018-06-09 22:13:28 - [MESSAGE][PASSED] - All options with index in [47] are selected on object 'Object Repository/HealthpostToStore/Page_Store/select_--Select--Adernaline 0.'

2018-06-09 22:13:28 - [TEST_STEP][PASSED] - delay: Delayed 2 second(s)

2018-06-09 22:13:30 - [MESSAGE][PASSED] - Delayed 2 second(s)

2018-06-09 22:13:30 - [TEST_STEP][PASSED] - Statement - RequestedQty = com.kms.katalon.core.webui.keyword.WebUiBuiltInKeywords.getAttribute(com.kms.katalon.core.testobject.ObjectRepository.findTestObject(HealthpostToStore/Page_Store/input_txttotal), "value"): Attribute 'value' of object 'Object Repository/HealthpostToStore/Page_Store/input_txttotal' is: '10'

2018-06-09 22:13:31 - [MESSAGE][PASSED] - Attribute 'value' of object 'Object Repository/HealthpostToStore/Page_Store/input_txttotal' is: '10'

2018-06-09 22:13:31 - [TEST_STEP][PASSED] - Statement - out.println("Requested QTY : " + RequestedQty): null

2018-06-09 22:13:31 - [TEST_STEP][PASSED] - Statement - BatchNumber = com.kms.katalon.core.webui.keyword.WebUiBuiltInKeywords.getNumberOfTotalOption(com.kms.katalon.core.testobject.ObjectRepository.findTestObject(HealthpostToStore/Page_Store/select_--Select--BA1170BA2376B)): 3 options of object 'Object Repository/HealthpostToStore/Page_Store/select_--Select--BA1170BA2376B' counted

2018-06-09 22:13:31 - [MESSAGE][PASSED] - 3 options of object 'Object Repository/HealthpostToStore/Page_Store/select_--Select--BA1170BA2376B' counted

2018-06-09 22:13:31 - [TEST_STEP][PASSED] - Statement - For ([g = 1, g <= BatchNumber - 1, (g++)]): null

2018-06-09 22:13:31 - [TEST_STEP][PASSED] - selectOptionByIndex: All options with index in [1] are selected on object 'Object Repository/HealthpostToStore/Page_Store/select_--Select--BA1170BA2376B'

2018-06-09 22:13:31 - [MESSAGE][PASSED] - All options with index in [1] are selected on object 'Object Repository/HealthpostToStore/Page_Store/select_--Select--BA1170BA2376B'

2018-06-09 22:13:31 - [TEST_STEP][PASSED] - Statement - Try: null

2018-06-09 22:13:31 - [TEST_STEP][PASSED] - Statement - StockQty = com.kms.katalon.core.webui.keyword.WebUiBuiltInKeywords.getAttribute(com.kms.katalon.core.testobject.ObjectRepository.findTestObject(HealthpostToStore/Page_Store/input_txtprice), "value"): Attribute 'value' of object 'Object Repository/HealthpostToStore/Page_Store/input_txtprice' is: '330'

2018-06-09 22:13:31 - [MESSAGE][PASSED] - Attribute 'value' of object 'Object Repository/HealthpostToStore/Page_Store/input_txtprice' is: '330'

2018-06-09 22:13:31 - [TEST_STEP][PASSED] - Statement - out.println("Stock QTY : " + StockQty): null

2018-06-09 22:13:31 - [TEST_STEP][PASSED] - delay: Delayed 2 second(s)

2018-06-09 22:13:33 - [MESSAGE][PASSED] - Delayed 2 second(s)

2018-06-09 22:13:33 - [TEST_STEP][PASSED] - Statement - If (java.lang.String.valueOf(StockQty) >= java.lang.String.valueOf(RequestedQty)): null

2018-06-09 22:13:33 - [TEST_STEP][PASSED] - setText: Text '10' is set on object 'Object Repository/HealthpostToStore/Page_Store/input_txtqty'

2018-06-09 22:13:33 - [MESSAGE][PASSED] - Text '10' is set on object 'Object Repository/HealthpostToStore/Page_Store/input_txtqty'

2018-06-09 22:13:33 - [TEST_STEP][PASSED] - click: Object: 'Object Repository/HealthpostToStore/Page_Store/button_Add' is clicked on

2018-06-09 22:13:33 - [MESSAGE][PASSED] - Object: 'Object Repository/HealthpostToStore/Page_Store/button_Add' is clicked on

2018-06-09 22:13:33 - [TEST_STEP][PASSED] - Statement - Break: null

2018-06-09 22:13:33 - [TEST_STEP][PASSED] - selectOptionByIndex: All options with index in [48] are selected on object 'Object Repository/HealthpostToStore/Page_Store/select_--Select--Adernaline 0.'

2018-06-09 22:13:33 - [MESSAGE][PASSED] - All options with index in [48] are selected on object 'Object Repository/HealthpostToStore/Page_Store/select_--Select--Adernaline 0.'

2018-06-09 22:13:33 - [TEST_STEP][PASSED] - delay: Delayed 2 second(s)

2018-06-09 22:13:35 - [MESSAGE][PASSED] - Delayed 2 second(s)

2018-06-09 22:13:35 - [TEST_STEP][PASSED] - Statement - RequestedQty = com.kms.katalon.core.webui.keyword.WebUiBuiltInKeywords.getAttribute(com.kms.katalon.core.testobject.ObjectRepository.findTestObject(HealthpostToStore/Page_Store/input_txttotal), "value"): Attribute 'value' of object 'Object Repository/HealthpostToStore/Page_Store/input_txttotal' is: '10'

2018-06-09 22:13:35 - [MESSAGE][PASSED] - Attribute 'value' of object 'Object Repository/HealthpostToStore/Page_Store/input_txttotal' is: '10'

2018-06-09 22:13:35 - [TEST_STEP][PASSED] - Statement - out.println("Requested QTY : " + RequestedQty): null

2018-06-09 22:13:35 - [TEST_STEP][PASSED] - Statement - BatchNumber = com.kms.katalon.core.webui.keyword.WebUiBuiltInKeywords.getNumberOfTotalOption(com.kms.katalon.core.testobject.ObjectRepository.findTestObject(HealthpostToStore/Page_Store/select_--Select--BA1170BA2376B)): 3 options of object 'Object Repository/HealthpostToStore/Page_Store/select_--Select--BA1170BA2376B' counted

2018-06-09 22:13:36 - [MESSAGE][PASSED] - 3 options of object 'Object Repository/HealthpostToStore/Page_Store/select_--Select--BA1170BA2376B' counted

2018-06-09 22:13:36 - [TEST_STEP][PASSED] - Statement - For ([g = 1, g <= BatchNumber - 1, (g++)]): null

2018-06-09 22:13:36 - [TEST_STEP][PASSED] - selectOptionByIndex: All options with index in [1] are selected on object 'Object Repository/HealthpostToStore/Page_Store/select_--Select--BA1170BA2376B'

2018-06-09 22:13:36 - [MESSAGE][PASSED] - All options with index in [1] are selected on object 'Object Repository/HealthpostToStore/Page_Store/select_--Select--BA1170BA2376B'

2018-06-09 22:13:36 - [TEST_STEP][PASSED] - Statement - Try: null

2018-06-09 22:13:36 - [TEST_STEP][PASSED] - Statement - StockQty = com.kms.katalon.core.webui.keyword.WebUiBuiltInKeywords.getAttribute(com.kms.katalon.core.testobject.ObjectRepository.findTestObject(HealthpostToStore/Page_Store/input_txtprice), "value"): Attribute 'value' of object 'Object Repository/HealthpostToStore/Page_Store/input_txtprice' is: '400'

2018-06-09 22:13:36 - [MESSAGE][PASSED] - Attribute 'value' of object 'Object Repository/HealthpostToStore/Page_Store/input_txtprice' is: '400'

2018-06-09 22:13:36 - [TEST_STEP][PASSED] - Statement - out.println("Stock QTY : " + StockQty): null

2018-06-09 22:13:36 - [TEST_STEP][PASSED] - delay: Delayed 2 second(s)

2018-06-09 22:13:38 - [MESSAGE][PASSED] - Delayed 2 second(s)

2018-06-09 22:13:38 - [TEST_STEP][PASSED] - Statement - If (java.lang.String.valueOf(StockQty) >= java.lang.String.valueOf(RequestedQty)): null

2018-06-09 22:13:38 - [TEST_STEP][PASSED] - setText: Text '10' is set on object 'Object Repository/HealthpostToStore/Page_Store/input_txtqty'

2018-06-09 22:13:38 - [MESSAGE][PASSED] - Text '10' is set on object 'Object Repository/HealthpostToStore/Page_Store/input_txtqty'

2018-06-09 22:13:38 - [TEST_STEP][PASSED] - click: Object: 'Object Repository/HealthpostToStore/Page_Store/button_Add' is clicked on

2018-06-09 22:13:38 - [MESSAGE][PASSED] - Object: 'Object Repository/HealthpostToStore/Page_Store/button_Add' is clicked on

2018-06-09 22:13:38 - [TEST_STEP][PASSED] - Statement - Break: null

2018-06-09 22:13:38 - [TEST_STEP][PASSED] - selectOptionByIndex: All options with index in [49] are selected on object 'Object Repository/HealthpostToStore/Page_Store/select_--Select--Adernaline 0.'

2018-06-09 22:13:38 - [MESSAGE][PASSED] - All options with index in [49] are selected on object 'Object Repository/HealthpostToStore/Page_Store/select_--Select--Adernaline 0.'

2018-06-09 22:13:38 - [TEST_STEP][PASSED] - delay: Delayed 2 second(s)

2018-06-09 22:13:40 - [MESSAGE][PASSED] - Delayed 2 second(s)

2018-06-09 22:13:40 - [TEST_STEP][PASSED] - Statement - RequestedQty = com.kms.katalon.core.webui.keyword.WebUiBuiltInKeywords.getAttribute(com.kms.katalon.core.testobject.ObjectRepository.findTestObject(HealthpostToStore/Page_Store/input_txttotal), "value"): Attribute 'value' of object 'Object Repository/HealthpostToStore/Page_Store/input_txttotal' is: '10'

2018-06-09 22:13:41 - [MESSAGE][PASSED] - Attribute 'value' of object 'Object Repository/HealthpostToStore/Page_Store/input_txttotal' is: '10'

2018-06-09 22:13:41 - [TEST_STEP][PASSED] - Statement - out.println("Requested QTY : " + RequestedQty): null

2018-06-09 22:13:41 - [TEST_STEP][PASSED] - Statement - BatchNumber = com.kms.katalon.core.webui.keyword.WebUiBuiltInKeywords.getNumberOfTotalOption(com.kms.katalon.core.testobject.ObjectRepository.findTestObject(HealthpostToStore/Page_Store/select_--Select--BA1170BA2376B)): 3 options of object 'Object Repository/HealthpostToStore/Page_Store/select_--Select--BA1170BA2376B' counted

2018-06-09 22:13:41 - [MESSAGE][PASSED] - 3 options of object 'Object Repository/HealthpostToStore/Page_Store/select_--Select--BA1170BA2376B' counted

2018-06-09 22:13:41 - [TEST_STEP][FAILED] - Statement - For ([g = 1, g <= BatchNumber - 1, (g++)]): null

2018-06-09 22:13:41 - [TEST_STEP][PASSED] - selectOptionByIndex: All options with index in [1] are selected on object 'Object Repository/HealthpostToStore/Page_Store/select_--Select--BA1170BA2376B'

2018-06-09 22:13:41 - [MESSAGE][PASSED] - All options with index in [1] are selected on object 'Object Repository/HealthpostToStore/Page_Store/select_--Select--BA1170BA2376B'

2018-06-09 22:13:41 - [TEST_STEP][FAILED] - Statement - Try: Unable to set text '10' of object 'Object Repository/HealthpostToStore/Page_Store/input_txtqty' (Root cause: org.openqa.selenium.WebDriverException: unknown error: cannot focus element
  (Session info: chrome=66.0.3359.181)
  (Driver info: chromedriver=2.35.528161 (5b82f2d2aae0ca24b877009200ced9065a772e73),platform=Windows NT 10.0.17134 x86_64) (WARNING: The server did not provide any stacktrace information)
Command duration or timeout: 0 milliseconds
Build info: version: '3.7.1', revision: '8a0099a', time: '2017-11-06T21:07:36.161Z'
System info: host: 'DESKTOP-BLFTK83', ip: '169.254.189.85', os.name: 'Windows 10', os.arch: 'amd64', os.version: '10.0', java.version: '1.8.0_102'
Driver info: com.kms.katalon.selenium.driver.CChromeDriver
Capabilities {acceptInsecureCerts: false, acceptSslCerts: false, applicationCacheEnabled: false, browserConnectionEnabled: false, browserName: chrome, chrome: {chromedriverVersion: 2.35.528161 (5b82f2d2aae0ca..., userDataDir: C:\Users\QUALIT~1\AppData\L...}, cssSelectorsEnabled: true, databaseEnabled: false, handlesAlerts: true, hasTouchScreen: false, javascriptEnabled: true, locationContextEnabled: true, mobileEmulationEnabled: false, nativeEvents: true, networkConnectionEnabled: false, pageLoadStrategy: normal, platform: XP, platformName: XP, rotatable: false, setWindowRect: true, takesHeapSnapshot: true, takesScreenshot: true, unexpectedAlertBehaviour: , unhandledPromptBehavior: , version: 66.0.3359.181, webStorageEnabled: true}
Session ID: 69bafebdc9ad3d4aff56ef852c46f059)

2018-06-09 22:13:41 - [TEST_STEP][PASSED] - Statement - StockQty = com.kms.katalon.core.webui.keyword.WebUiBuiltInKeywords.getAttribute(com.kms.katalon.core.testobject.ObjectRepository.findTestObject(HealthpostToStore/Page_Store/input_txtprice), "value"): Attribute 'value' of object 'Object Repository/HealthpostToStore/Page_Store/input_txtprice' is: '200'

2018-06-09 22:13:41 - [MESSAGE][PASSED] - Attribute 'value' of object 'Object Repository/HealthpostToStore/Page_Store/input_txtprice' is: '200'

2018-06-09 22:13:41 - [TEST_STEP][PASSED] - Statement - out.println("Stock QTY : " + StockQty): null

2018-06-09 22:13:41 - [TEST_STEP][PASSED] - delay: Delayed 2 second(s)

2018-06-09 22:13:43 - [MESSAGE][PASSED] - Delayed 2 second(s)

2018-06-09 22:13:43 - [TEST_STEP][FAILED] - Statement - If (java.lang.String.valueOf(StockQty) >= java.lang.String.valueOf(RequestedQty)): Unable to set text '10' of object 'Object Repository/HealthpostToStore/Page_Store/input_txtqty' (Root cause: org.openqa.selenium.WebDriverException: unknown error: cannot focus element
  (Session info: chrome=66.0.3359.181)
  (Driver info: chromedriver=2.35.528161 (5b82f2d2aae0ca24b877009200ced9065a772e73),platform=Windows NT 10.0.17134 x86_64) (WARNING: The server did not provide any stacktrace information)
Command duration or timeout: 0 milliseconds
Build info: version: '3.7.1', revision: '8a0099a', time: '2017-11-06T21:07:36.161Z'
System info: host: 'DESKTOP-BLFTK83', ip: '169.254.189.85', os.name: 'Windows 10', os.arch: 'amd64', os.version: '10.0', java.version: '1.8.0_102'
Driver info: com.kms.katalon.selenium.driver.CChromeDriver
Capabilities {acceptInsecureCerts: false, acceptSslCerts: false, applicationCacheEnabled: false, browserConnectionEnabled: false, browserName: chrome, chrome: {chromedriverVersion: 2.35.528161 (5b82f2d2aae0ca..., userDataDir: C:\Users\QUALIT~1\AppData\L...}, cssSelectorsEnabled: true, databaseEnabled: false, handlesAlerts: true, hasTouchScreen: false, javascriptEnabled: true, locationContextEnabled: true, mobileEmulationEnabled: false, nativeEvents: true, networkConnectionEnabled: false, pageLoadStrategy: normal, platform: XP, platformName: XP, rotatable: false, setWindowRect: true, takesHeapSnapshot: true, takesScreenshot: true, unexpectedAlertBehaviour: , unhandledPromptBehavior: , version: 66.0.3359.181, webStorageEnabled: true}
Session ID: 69bafebdc9ad3d4aff56ef852c46f059)

2018-06-09 22:13:43 - [TEST_STEP][FAILED] - setText: Unable to set text '10' of object 'Object Repository/HealthpostToStore/Page_Store/input_txtqty' (Root cause: org.openqa.selenium.WebDriverException: unknown error: cannot focus element
  (Session info: chrome=66.0.3359.181)
  (Driver info: chromedriver=2.35.528161 (5b82f2d2aae0ca24b877009200ced9065a772e73),platform=Windows NT 10.0.17134 x86_64) (WARNING: The server did not provide any stacktrace information)
Command duration or timeout: 0 milliseconds
Build info: version: '3.7.1', revision: '8a0099a', time: '2017-11-06T21:07:36.161Z'
System info: host: 'DESKTOP-BLFTK83', ip: '169.254.189.85', os.name: 'Windows 10', os.arch: 'amd64', os.version: '10.0', java.version: '1.8.0_102'
Driver info: com.kms.katalon.selenium.driver.CChromeDriver
Capabilities {acceptInsecureCerts: false, acceptSslCerts: false, applicationCacheEnabled: false, browserConnectionEnabled: false, browserName: chrome, chrome: {chromedriverVersion: 2.35.528161 (5b82f2d2aae0ca..., userDataDir: C:\Users\QUALIT~1\AppData\L...}, cssSelectorsEnabled: true, databaseEnabled: false, handlesAlerts: true, hasTouchScreen: false, javascriptEnabled: true, locationContextEnabled: true, mobileEmulationEnabled: false, nativeEvents: true, networkConnectionEnabled: false, pageLoadStrategy: normal, platform: XP, platformName: XP, rotatable: false, setWindowRect: true, takesHeapSnapshot: true, takesScreenshot: true, unexpectedAlertBehaviour: , unhandledPromptBehavior: , version: 66.0.3359.181, webStorageEnabled: true}
Session ID: 69bafebdc9ad3d4aff56ef852c46f059)

2018-06-09 22:13:43 - [MESSAGE][FAILED] - Unable to set text '10' of object 'Object Repository/HealthpostToStore/Page_Store/input_txtqty' (Root cause: org.openqa.selenium.WebDriverException: unknown error: cannot focus element
  (Session info: chrome=66.0.3359.181)
  (Driver info: chromedriver=2.35.528161 (5b82f2d2aae0ca24b877009200ced9065a772e73),platform=Windows NT 10.0.17134 x86_64) (WARNING: The server did not provide any stacktrace information)
Command duration or timeout: 0 milliseconds
Build info: version: '3.7.1', revision: '8a0099a', time: '2017-11-06T21:07:36.161Z'
System info: host: 'DESKTOP-BLFTK83', ip: '169.254.189.85', os.name: 'Windows 10', os.arch: 'amd64', os.version: '10.0', java.version: '1.8.0_102'
Driver info: com.kms.katalon.selenium.driver.CChromeDriver
Capabilities {acceptInsecureCerts: false, acceptSslCerts: false, applicationCacheEnabled: false, browserConnectionEnabled: false, browserName: chrome, chrome: {chromedriverVersion: 2.35.528161 (5b82f2d2aae0ca..., userDataDir: C:\Users\QUALIT~1\AppData\L...}, cssSelectorsEnabled: true, databaseEnabled: false, handlesAlerts: true, hasTouchScreen: false, javascriptEnabled: true, locationContextEnabled: true, mobileEmulationEnabled: false, nativeEvents: true, networkConnectionEnabled: false, pageLoadStrategy: normal, platform: XP, platformName: XP, rotatable: false, setWindowRect: true, takesHeapSnapshot: true, takesScreenshot: true, unexpectedAlertBehaviour: , unhandledPromptBehavior: , version: 66.0.3359.181, webStorageEnabled: true}
Session ID: 69bafebdc9ad3d4aff56ef852c46f059)
[[ATTACHMENT|C:\\Users\\Quality Analyst\\Katalon Studio\\ds\\Reports\\HealthPost_Store_Suite\\20180609_181633\\1528562623335.png]]

2018-06-09 22:13:43 - [TEST_STEP][PASSED] - Statement - Catch (Exception e): null

2018-06-09 22:13:43 - [TEST_STEP][PASSED] - click: Object: 'Object Repository/HealthpostToStore/Page_Store/button_OK' is clicked on

2018-06-09 22:13:44 - [MESSAGE][PASSED] - Object: 'Object Repository/HealthpostToStore/Page_Store/button_OK' is clicked on

2018-06-09 22:13:44 - [TEST_STEP][PASSED] - Statement - <not implemented yet for class: org.codehaus.groovy.ast.stmt.ContinueStatement>: null

2018-06-09 22:13:44 - [TEST_STEP][PASSED] - selectOptionByIndex: All options with index in [2] are selected on object 'Object Repository/HealthpostToStore/Page_Store/select_--Select--BA1170BA2376B'

2018-06-09 22:13:44 - [MESSAGE][PASSED] - All options with index in [2] are selected on object 'Object Repository/HealthpostToStore/Page_Store/select_--Select--BA1170BA2376B'

2018-06-09 22:13:44 - [TEST_STEP][PASSED] - Statement - Try: null

2018-06-09 22:13:44 - [TEST_STEP][PASSED] - Statement - StockQty = com.kms.katalon.core.webui.keyword.WebUiBuiltInKeywords.getAttribute(com.kms.katalon.core.testobject.ObjectRepository.findTestObject(HealthpostToStore/Page_Store/input_txtprice), "value"): Attribute 'value' of object 'Object Repository/HealthpostToStore/Page_Store/input_txtprice' is: '160'

2018-06-09 22:13:44 - [MESSAGE][PASSED] - Attribute 'value' of object 'Object Repository/HealthpostToStore/Page_Store/input_txtprice' is: '160'

2018-06-09 22:13:44 - [TEST_STEP][PASSED] - Statement - out.println("Stock QTY : " + StockQty): null

2018-06-09 22:13:44 - [TEST_STEP][PASSED] - delay: Delayed 2 second(s)

2018-06-09 22:13:46 - [MESSAGE][PASSED] - Delayed 2 second(s)

2018-06-09 22:13:46 - [TEST_STEP][PASSED] - Statement - If (java.lang.String.valueOf(StockQty) >= java.lang.String.valueOf(RequestedQty)): null

2018-06-09 22:13:46 - [TEST_STEP][PASSED] - setText: Text '10' is set on object 'Object Repository/HealthpostToStore/Page_Store/input_txtqty'

2018-06-09 22:13:46 - [MESSAGE][PASSED] - Text '10' is set on object 'Object Repository/HealthpostToStore/Page_Store/input_txtqty'

2018-06-09 22:13:46 - [TEST_STEP][PASSED] - click: Object: 'Object Repository/HealthpostToStore/Page_Store/button_Add' is clicked on

2018-06-09 22:13:46 - [MESSAGE][PASSED] - Object: 'Object Repository/HealthpostToStore/Page_Store/button_Add' is clicked on

2018-06-09 22:13:46 - [TEST_STEP][PASSED] - Statement - Break: null

2018-06-09 22:13:46 - [TEST_STEP][PASSED] - selectOptionByIndex: All options with index in [50] are selected on object 'Object Repository/HealthpostToStore/Page_Store/select_--Select--Adernaline 0.'

2018-06-09 22:13:47 - [MESSAGE][PASSED] - All options with index in [50] are selected on object 'Object Repository/HealthpostToStore/Page_Store/select_--Select--Adernaline 0.'

2018-06-09 22:13:47 - [TEST_STEP][PASSED] - delay: Delayed 2 second(s)

2018-06-09 22:13:49 - [MESSAGE][PASSED] - Delayed 2 second(s)

2018-06-09 22:13:49 - [TEST_STEP][PASSED] - Statement - RequestedQty = com.kms.katalon.core.webui.keyword.WebUiBuiltInKeywords.getAttribute(com.kms.katalon.core.testobject.ObjectRepository.findTestObject(HealthpostToStore/Page_Store/input_txttotal), "value"): Attribute 'value' of object 'Object Repository/HealthpostToStore/Page_Store/input_txttotal' is: '10'

2018-06-09 22:13:49 - [MESSAGE][PASSED] - Attribute 'value' of object 'Object Repository/HealthpostToStore/Page_Store/input_txttotal' is: '10'

2018-06-09 22:13:49 - [TEST_STEP][PASSED] - Statement - out.println("Requested QTY : " + RequestedQty): null

2018-06-09 22:13:49 - [TEST_STEP][PASSED] - Statement - BatchNumber = com.kms.katalon.core.webui.keyword.WebUiBuiltInKeywords.getNumberOfTotalOption(com.kms.katalon.core.testobject.ObjectRepository.findTestObject(HealthpostToStore/Page_Store/select_--Select--BA1170BA2376B)): 3 options of object 'Object Repository/HealthpostToStore/Page_Store/select_--Select--BA1170BA2376B' counted

2018-06-09 22:13:49 - [MESSAGE][PASSED] - 3 options of object 'Object Repository/HealthpostToStore/Page_Store/select_--Select--BA1170BA2376B' counted

2018-06-09 22:13:49 - [TEST_STEP][PASSED] - Statement - For ([g = 1, g <= BatchNumber - 1, (g++)]): null

2018-06-09 22:13:49 - [TEST_STEP][PASSED] - selectOptionByIndex: All options with index in [1] are selected on object 'Object Repository/HealthpostToStore/Page_Store/select_--Select--BA1170BA2376B'

2018-06-09 22:13:49 - [MESSAGE][PASSED] - All options with index in [1] are selected on object 'Object Repository/HealthpostToStore/Page_Store/select_--Select--BA1170BA2376B'

2018-06-09 22:13:49 - [TEST_STEP][PASSED] - Statement - Try: null

2018-06-09 22:13:49 - [TEST_STEP][PASSED] - Statement - StockQty = com.kms.katalon.core.webui.keyword.WebUiBuiltInKeywords.getAttribute(com.kms.katalon.core.testobject.ObjectRepository.findTestObject(HealthpostToStore/Page_Store/input_txtprice), "value"): Attribute 'value' of object 'Object Repository/HealthpostToStore/Page_Store/input_txtprice' is: '170'

2018-06-09 22:13:49 - [MESSAGE][PASSED] - Attribute 'value' of object 'Object Repository/HealthpostToStore/Page_Store/input_txtprice' is: '170'

2018-06-09 22:13:49 - [TEST_STEP][PASSED] - Statement - out.println("Stock QTY : " + StockQty): null

2018-06-09 22:13:49 - [TEST_STEP][PASSED] - delay: Delayed 2 second(s)

2018-06-09 22:13:51 - [MESSAGE][PASSED] - Delayed 2 second(s)

2018-06-09 22:13:51 - [TEST_STEP][PASSED] - Statement - If (java.lang.String.valueOf(StockQty) >= java.lang.String.valueOf(RequestedQty)): null

2018-06-09 22:13:51 - [TEST_STEP][PASSED] - setText: Text '10' is set on object 'Object Repository/HealthpostToStore/Page_Store/input_txtqty'

2018-06-09 22:13:51 - [MESSAGE][PASSED] - Text '10' is set on object 'Object Repository/HealthpostToStore/Page_Store/input_txtqty'

2018-06-09 22:13:51 - [TEST_STEP][PASSED] - click: Object: 'Object Repository/HealthpostToStore/Page_Store/button_Add' is clicked on

2018-06-09 22:13:51 - [MESSAGE][PASSED] - Object: 'Object Repository/HealthpostToStore/Page_Store/button_Add' is clicked on

2018-06-09 22:13:51 - [TEST_STEP][PASSED] - Statement - Break: null

2018-06-09 22:13:51 - [TEST_STEP][PASSED] - selectOptionByIndex: All options with index in [51] are selected on object 'Object Repository/HealthpostToStore/Page_Store/select_--Select--Adernaline 0.'

2018-06-09 22:13:52 - [MESSAGE][PASSED] - All options with index in [51] are selected on object 'Object Repository/HealthpostToStore/Page_Store/select_--Select--Adernaline 0.'

2018-06-09 22:13:52 - [TEST_STEP][PASSED] - delay: Delayed 2 second(s)

2018-06-09 22:13:54 - [MESSAGE][PASSED] - Delayed 2 second(s)

2018-06-09 22:13:54 - [TEST_STEP][PASSED] - Statement - RequestedQty = com.kms.katalon.core.webui.keyword.WebUiBuiltInKeywords.getAttribute(com.kms.katalon.core.testobject.ObjectRepository.findTestObject(HealthpostToStore/Page_Store/input_txttotal), "value"): Attribute 'value' of object 'Object Repository/HealthpostToStore/Page_Store/input_txttotal' is: '10'

2018-06-09 22:13:54 - [MESSAGE][PASSED] - Attribute 'value' of object 'Object Repository/HealthpostToStore/Page_Store/input_txttotal' is: '10'

2018-06-09 22:13:54 - [TEST_STEP][PASSED] - Statement - out.println("Requested QTY : " + RequestedQty): null

2018-06-09 22:13:54 - [TEST_STEP][PASSED] - Statement - BatchNumber = com.kms.katalon.core.webui.keyword.WebUiBuiltInKeywords.getNumberOfTotalOption(com.kms.katalon.core.testobject.ObjectRepository.findTestObject(HealthpostToStore/Page_Store/select_--Select--BA1170BA2376B)): 3 options of object 'Object Repository/HealthpostToStore/Page_Store/select_--Select--BA1170BA2376B' counted

2018-06-09 22:13:54 - [MESSAGE][PASSED] - 3 options of object 'Object Repository/HealthpostToStore/Page_Store/select_--Select--BA1170BA2376B' counted

2018-06-09 22:13:54 - [TEST_STEP][PASSED] - Statement - For ([g = 1, g <= BatchNumber - 1, (g++)]): null

2018-06-09 22:13:54 - [TEST_STEP][PASSED] - selectOptionByIndex: All options with index in [1] are selected on object 'Object Repository/HealthpostToStore/Page_Store/select_--Select--BA1170BA2376B'

2018-06-09 22:13:54 - [MESSAGE][PASSED] - All options with index in [1] are selected on object 'Object Repository/HealthpostToStore/Page_Store/select_--Select--BA1170BA2376B'

2018-06-09 22:13:54 - [TEST_STEP][PASSED] - Statement - Try: null

2018-06-09 22:13:54 - [TEST_STEP][PASSED] - Statement - StockQty = com.kms.katalon.core.webui.keyword.WebUiBuiltInKeywords.getAttribute(com.kms.katalon.core.testobject.ObjectRepository.findTestObject(HealthpostToStore/Page_Store/input_txtprice), "value"): Attribute 'value' of object 'Object Repository/HealthpostToStore/Page_Store/input_txtprice' is: '130'

2018-06-09 22:13:54 - [MESSAGE][PASSED] - Attribute 'value' of object 'Object Repository/HealthpostToStore/Page_Store/input_txtprice' is: '130'

2018-06-09 22:13:54 - [TEST_STEP][PASSED] - Statement - out.println("Stock QTY : " + StockQty): null

2018-06-09 22:13:54 - [TEST_STEP][PASSED] - delay: Delayed 2 second(s)

2018-06-09 22:13:56 - [MESSAGE][PASSED] - Delayed 2 second(s)

2018-06-09 22:13:56 - [TEST_STEP][PASSED] - Statement - If (java.lang.String.valueOf(StockQty) >= java.lang.String.valueOf(RequestedQty)): null

2018-06-09 22:13:56 - [TEST_STEP][PASSED] - setText: Text '10' is set on object 'Object Repository/HealthpostToStore/Page_Store/input_txtqty'

2018-06-09 22:13:56 - [MESSAGE][PASSED] - Text '10' is set on object 'Object Repository/HealthpostToStore/Page_Store/input_txtqty'

2018-06-09 22:13:56 - [TEST_STEP][PASSED] - click: Object: 'Object Repository/HealthpostToStore/Page_Store/button_Add' is clicked on

2018-06-09 22:13:56 - [MESSAGE][PASSED] - Object: 'Object Repository/HealthpostToStore/Page_Store/button_Add' is clicked on

2018-06-09 22:13:56 - [TEST_STEP][PASSED] - Statement - Break: null

2018-06-09 22:13:56 - [TEST_STEP][PASSED] - selectOptionByIndex: All options with index in [52] are selected on object 'Object Repository/HealthpostToStore/Page_Store/select_--Select--Adernaline 0.'

2018-06-09 22:13:57 - [MESSAGE][PASSED] - All options with index in [52] are selected on object 'Object Repository/HealthpostToStore/Page_Store/select_--Select--Adernaline 0.'

2018-06-09 22:13:57 - [TEST_STEP][PASSED] - delay: Delayed 2 second(s)

2018-06-09 22:13:59 - [MESSAGE][PASSED] - Delayed 2 second(s)

2018-06-09 22:13:59 - [TEST_STEP][PASSED] - Statement - RequestedQty = com.kms.katalon.core.webui.keyword.WebUiBuiltInKeywords.getAttribute(com.kms.katalon.core.testobject.ObjectRepository.findTestObject(HealthpostToStore/Page_Store/input_txttotal), "value"): Attribute 'value' of object 'Object Repository/HealthpostToStore/Page_Store/input_txttotal' is: '10'

2018-06-09 22:13:59 - [MESSAGE][PASSED] - Attribute 'value' of object 'Object Repository/HealthpostToStore/Page_Store/input_txttotal' is: '10'

2018-06-09 22:13:59 - [TEST_STEP][PASSED] - Statement - out.println("Requested QTY : " + RequestedQty): null

2018-06-09 22:13:59 - [TEST_STEP][PASSED] - Statement - BatchNumber = com.kms.katalon.core.webui.keyword.WebUiBuiltInKeywords.getNumberOfTotalOption(com.kms.katalon.core.testobject.ObjectRepository.findTestObject(HealthpostToStore/Page_Store/select_--Select--BA1170BA2376B)): 3 options of object 'Object Repository/HealthpostToStore/Page_Store/select_--Select--BA1170BA2376B' counted

2018-06-09 22:13:59 - [MESSAGE][PASSED] - 3 options of object 'Object Repository/HealthpostToStore/Page_Store/select_--Select--BA1170BA2376B' counted

2018-06-09 22:13:59 - [TEST_STEP][PASSED] - Statement - For ([g = 1, g <= BatchNumber - 1, (g++)]): null

2018-06-09 22:13:59 - [TEST_STEP][PASSED] - selectOptionByIndex: All options with index in [1] are selected on object 'Object Repository/HealthpostToStore/Page_Store/select_--Select--BA1170BA2376B'

2018-06-09 22:13:59 - [MESSAGE][PASSED] - All options with index in [1] are selected on object 'Object Repository/HealthpostToStore/Page_Store/select_--Select--BA1170BA2376B'

2018-06-09 22:13:59 - [TEST_STEP][PASSED] - Statement - Try: null

2018-06-09 22:13:59 - [TEST_STEP][PASSED] - Statement - StockQty = com.kms.katalon.core.webui.keyword.WebUiBuiltInKeywords.getAttribute(com.kms.katalon.core.testobject.ObjectRepository.findTestObject(HealthpostToStore/Page_Store/input_txtprice), "value"): Attribute 'value' of object 'Object Repository/HealthpostToStore/Page_Store/input_txtprice' is: ''

2018-06-09 22:13:59 - [MESSAGE][PASSED] - Attribute 'value' of object 'Object Repository/HealthpostToStore/Page_Store/input_txtprice' is: ''

2018-06-09 22:13:59 - [TEST_STEP][PASSED] - Statement - out.println("Stock QTY : " + StockQty): null

2018-06-09 22:13:59 - [TEST_STEP][PASSED] - delay: Delayed 2 second(s)

2018-06-09 22:14:01 - [MESSAGE][PASSED] - Delayed 2 second(s)

2018-06-09 22:14:01 - [TEST_STEP][PASSED] - Statement - If (java.lang.String.valueOf(StockQty) >= java.lang.String.valueOf(RequestedQty)): null

2018-06-09 22:14:01 - [TEST_STEP][PASSED] - Statement - Else: null

2018-06-09 22:14:01 - [TEST_STEP][PASSED] - Statement - out.println("Stock Is Less Than Requested Qty"): null

2018-06-09 22:14:01 - [TEST_STEP][PASSED] - selectOptionByIndex: All options with index in [2] are selected on object 'Object Repository/HealthpostToStore/Page_Store/select_--Select--BA1170BA2376B'

2018-06-09 22:14:01 - [MESSAGE][PASSED] - All options with index in [2] are selected on object 'Object Repository/HealthpostToStore/Page_Store/select_--Select--BA1170BA2376B'

2018-06-09 22:14:01 - [TEST_STEP][PASSED] - Statement - Try: null

2018-06-09 22:14:01 - [TEST_STEP][PASSED] - Statement - StockQty = com.kms.katalon.core.webui.keyword.WebUiBuiltInKeywords.getAttribute(com.kms.katalon.core.testobject.ObjectRepository.findTestObject(HealthpostToStore/Page_Store/input_txtprice), "value"): Attribute 'value' of object 'Object Repository/HealthpostToStore/Page_Store/input_txtprice' is: '160'

2018-06-09 22:14:01 - [MESSAGE][PASSED] - Attribute 'value' of object 'Object Repository/HealthpostToStore/Page_Store/input_txtprice' is: '160'

2018-06-09 22:14:01 - [TEST_STEP][PASSED] - Statement - out.println("Stock QTY : " + StockQty): null

2018-06-09 22:14:01 - [TEST_STEP][PASSED] - delay: Delayed 2 second(s)

2018-06-09 22:14:03 - [MESSAGE][PASSED] - Delayed 2 second(s)

2018-06-09 22:14:03 - [TEST_STEP][PASSED] - Statement - If (java.lang.String.valueOf(StockQty) >= java.lang.String.valueOf(RequestedQty)): null

2018-06-09 22:14:03 - [TEST_STEP][PASSED] - setText: Text '10' is set on object 'Object Repository/HealthpostToStore/Page_Store/input_txtqty'

2018-06-09 22:14:03 - [MESSAGE][PASSED] - Text '10' is set on object 'Object Repository/HealthpostToStore/Page_Store/input_txtqty'

2018-06-09 22:14:03 - [TEST_STEP][PASSED] - click: Object: 'Object Repository/HealthpostToStore/Page_Store/button_Add' is clicked on

2018-06-09 22:14:03 - [MESSAGE][PASSED] - Object: 'Object Repository/HealthpostToStore/Page_Store/button_Add' is clicked on

2018-06-09 22:14:03 - [TEST_STEP][PASSED] - Statement - Break: null

2018-06-09 22:14:03 - [TEST_STEP][PASSED] - selectOptionByIndex: All options with index in [53] are selected on object 'Object Repository/HealthpostToStore/Page_Store/select_--Select--Adernaline 0.'

2018-06-09 22:14:04 - [MESSAGE][PASSED] - All options with index in [53] are selected on object 'Object Repository/HealthpostToStore/Page_Store/select_--Select--Adernaline 0.'

2018-06-09 22:14:04 - [TEST_STEP][PASSED] - delay: Delayed 2 second(s)

2018-06-09 22:14:06 - [MESSAGE][PASSED] - Delayed 2 second(s)

2018-06-09 22:14:06 - [TEST_STEP][PASSED] - Statement - RequestedQty = com.kms.katalon.core.webui.keyword.WebUiBuiltInKeywords.getAttribute(com.kms.katalon.core.testobject.ObjectRepository.findTestObject(HealthpostToStore/Page_Store/input_txttotal), "value"): Attribute 'value' of object 'Object Repository/HealthpostToStore/Page_Store/input_txttotal' is: '10'

2018-06-09 22:14:06 - [MESSAGE][PASSED] - Attribute 'value' of object 'Object Repository/HealthpostToStore/Page_Store/input_txttotal' is: '10'

2018-06-09 22:14:06 - [TEST_STEP][PASSED] - Statement - out.println("Requested QTY : " + RequestedQty): null

2018-06-09 22:14:06 - [TEST_STEP][PASSED] - Statement - BatchNumber = com.kms.katalon.core.webui.keyword.WebUiBuiltInKeywords.getNumberOfTotalOption(com.kms.katalon.core.testobject.ObjectRepository.findTestObject(HealthpostToStore/Page_Store/select_--Select--BA1170BA2376B)): 3 options of object 'Object Repository/HealthpostToStore/Page_Store/select_--Select--BA1170BA2376B' counted

2018-06-09 22:14:06 - [MESSAGE][PASSED] - 3 options of object 'Object Repository/HealthpostToStore/Page_Store/select_--Select--BA1170BA2376B' counted

2018-06-09 22:14:06 - [TEST_STEP][PASSED] - Statement - For ([g = 1, g <= BatchNumber - 1, (g++)]): null

2018-06-09 22:14:06 - [TEST_STEP][PASSED] - selectOptionByIndex: All options with index in [1] are selected on object 'Object Repository/HealthpostToStore/Page_Store/select_--Select--BA1170BA2376B'

2018-06-09 22:14:06 - [MESSAGE][PASSED] - All options with index in [1] are selected on object 'Object Repository/HealthpostToStore/Page_Store/select_--Select--BA1170BA2376B'

2018-06-09 22:14:06 - [TEST_STEP][PASSED] - Statement - Try: null

2018-06-09 22:14:06 - [TEST_STEP][PASSED] - Statement - StockQty = com.kms.katalon.core.webui.keyword.WebUiBuiltInKeywords.getAttribute(com.kms.katalon.core.testobject.ObjectRepository.findTestObject(HealthpostToStore/Page_Store/input_txtprice), "value"): Attribute 'value' of object 'Object Repository/HealthpostToStore/Page_Store/input_txtprice' is: '140'

2018-06-09 22:14:06 - [MESSAGE][PASSED] - Attribute 'value' of object 'Object Repository/HealthpostToStore/Page_Store/input_txtprice' is: '140'

2018-06-09 22:14:06 - [TEST_STEP][PASSED] - Statement - out.println("Stock QTY : " + StockQty): null

2018-06-09 22:14:06 - [TEST_STEP][PASSED] - delay: Delayed 2 second(s)

2018-06-09 22:14:08 - [MESSAGE][PASSED] - Delayed 2 second(s)

2018-06-09 22:14:08 - [TEST_STEP][PASSED] - Statement - If (java.lang.String.valueOf(StockQty) >= java.lang.String.valueOf(RequestedQty)): null

2018-06-09 22:14:08 - [TEST_STEP][PASSED] - setText: Text '10' is set on object 'Object Repository/HealthpostToStore/Page_Store/input_txtqty'

2018-06-09 22:14:08 - [MESSAGE][PASSED] - Text '10' is set on object 'Object Repository/HealthpostToStore/Page_Store/input_txtqty'

2018-06-09 22:14:08 - [TEST_STEP][PASSED] - click: Object: 'Object Repository/HealthpostToStore/Page_Store/button_Add' is clicked on

2018-06-09 22:14:08 - [MESSAGE][PASSED] - Object: 'Object Repository/HealthpostToStore/Page_Store/button_Add' is clicked on

2018-06-09 22:14:08 - [TEST_STEP][PASSED] - Statement - Break: null

2018-06-09 22:14:08 - [TEST_STEP][PASSED] - selectOptionByIndex: All options with index in [54] are selected on object 'Object Repository/HealthpostToStore/Page_Store/select_--Select--Adernaline 0.'

2018-06-09 22:14:09 - [MESSAGE][PASSED] - All options with index in [54] are selected on object 'Object Repository/HealthpostToStore/Page_Store/select_--Select--Adernaline 0.'

2018-06-09 22:14:09 - [TEST_STEP][PASSED] - delay: Delayed 2 second(s)

2018-06-09 22:14:11 - [MESSAGE][PASSED] - Delayed 2 second(s)

2018-06-09 22:14:11 - [TEST_STEP][PASSED] - Statement - RequestedQty = com.kms.katalon.core.webui.keyword.WebUiBuiltInKeywords.getAttribute(com.kms.katalon.core.testobject.ObjectRepository.findTestObject(HealthpostToStore/Page_Store/input_txttotal), "value"): Attribute 'value' of object 'Object Repository/HealthpostToStore/Page_Store/input_txttotal' is: '10'

2018-06-09 22:14:11 - [MESSAGE][PASSED] - Attribute 'value' of object 'Object Repository/HealthpostToStore/Page_Store/input_txttotal' is: '10'

2018-06-09 22:14:11 - [TEST_STEP][PASSED] - Statement - out.println("Requested QTY : " + RequestedQty): null

2018-06-09 22:14:11 - [TEST_STEP][PASSED] - Statement - BatchNumber = com.kms.katalon.core.webui.keyword.WebUiBuiltInKeywords.getNumberOfTotalOption(com.kms.katalon.core.testobject.ObjectRepository.findTestObject(HealthpostToStore/Page_Store/select_--Select--BA1170BA2376B)): 3 options of object 'Object Repository/HealthpostToStore/Page_Store/select_--Select--BA1170BA2376B' counted

2018-06-09 22:14:11 - [MESSAGE][PASSED] - 3 options of object 'Object Repository/HealthpostToStore/Page_Store/select_--Select--BA1170BA2376B' counted

2018-06-09 22:14:11 - [TEST_STEP][PASSED] - Statement - For ([g = 1, g <= BatchNumber - 1, (g++)]): null

2018-06-09 22:14:11 - [TEST_STEP][PASSED] - selectOptionByIndex: All options with index in [1] are selected on object 'Object Repository/HealthpostToStore/Page_Store/select_--Select--BA1170BA2376B'

2018-06-09 22:14:11 - [MESSAGE][PASSED] - All options with index in [1] are selected on object 'Object Repository/HealthpostToStore/Page_Store/select_--Select--BA1170BA2376B'

2018-06-09 22:14:11 - [TEST_STEP][PASSED] - Statement - Try: null

2018-06-09 22:14:11 - [TEST_STEP][PASSED] - Statement - StockQty = com.kms.katalon.core.webui.keyword.WebUiBuiltInKeywords.getAttribute(com.kms.katalon.core.testobject.ObjectRepository.findTestObject(HealthpostToStore/Page_Store/input_txtprice), "value"): Attribute 'value' of object 'Object Repository/HealthpostToStore/Page_Store/input_txtprice' is: '170'

2018-06-09 22:14:11 - [MESSAGE][PASSED] - Attribute 'value' of object 'Object Repository/HealthpostToStore/Page_Store/input_txtprice' is: '170'

2018-06-09 22:14:11 - [TEST_STEP][PASSED] - Statement - out.println("Stock QTY : " + StockQty): null

2018-06-09 22:14:11 - [TEST_STEP][PASSED] - delay: Delayed 2 second(s)

2018-06-09 22:14:13 - [MESSAGE][PASSED] - Delayed 2 second(s)

2018-06-09 22:14:13 - [TEST_STEP][PASSED] - Statement - If (java.lang.String.valueOf(StockQty) >= java.lang.String.valueOf(RequestedQty)): null

2018-06-09 22:14:13 - [TEST_STEP][PASSED] - setText: Text '10' is set on object 'Object Repository/HealthpostToStore/Page_Store/input_txtqty'

2018-06-09 22:14:13 - [MESSAGE][PASSED] - Text '10' is set on object 'Object Repository/HealthpostToStore/Page_Store/input_txtqty'

2018-06-09 22:14:13 - [TEST_STEP][PASSED] - click: Object: 'Object Repository/HealthpostToStore/Page_Store/button_Add' is clicked on

2018-06-09 22:14:14 - [MESSAGE][PASSED] - Object: 'Object Repository/HealthpostToStore/Page_Store/button_Add' is clicked on

2018-06-09 22:14:14 - [TEST_STEP][PASSED] - Statement - Break: null

2018-06-09 22:14:14 - [TEST_STEP][PASSED] - selectOptionByIndex: All options with index in [55] are selected on object 'Object Repository/HealthpostToStore/Page_Store/select_--Select--Adernaline 0.'

2018-06-09 22:14:14 - [MESSAGE][PASSED] - All options with index in [55] are selected on object 'Object Repository/HealthpostToStore/Page_Store/select_--Select--Adernaline 0.'

2018-06-09 22:14:14 - [TEST_STEP][PASSED] - delay: Delayed 2 second(s)

2018-06-09 22:14:16 - [MESSAGE][PASSED] - Delayed 2 second(s)

2018-06-09 22:14:16 - [TEST_STEP][PASSED] - Statement - RequestedQty = com.kms.katalon.core.webui.keyword.WebUiBuiltInKeywords.getAttribute(com.kms.katalon.core.testobject.ObjectRepository.findTestObject(HealthpostToStore/Page_Store/input_txttotal), "value"): Attribute 'value' of object 'Object Repository/HealthpostToStore/Page_Store/input_txttotal' is: '10'

2018-06-09 22:14:16 - [MESSAGE][PASSED] - Attribute 'value' of object 'Object Repository/HealthpostToStore/Page_Store/input_txttotal' is: '10'

2018-06-09 22:14:16 - [TEST_STEP][PASSED] - Statement - out.println("Requested QTY : " + RequestedQty): null

2018-06-09 22:14:16 - [TEST_STEP][PASSED] - Statement - BatchNumber = com.kms.katalon.core.webui.keyword.WebUiBuiltInKeywords.getNumberOfTotalOption(com.kms.katalon.core.testobject.ObjectRepository.findTestObject(HealthpostToStore/Page_Store/select_--Select--BA1170BA2376B)): 2 options of object 'Object Repository/HealthpostToStore/Page_Store/select_--Select--BA1170BA2376B' counted

2018-06-09 22:14:16 - [MESSAGE][PASSED] - 2 options of object 'Object Repository/HealthpostToStore/Page_Store/select_--Select--BA1170BA2376B' counted

2018-06-09 22:14:16 - [TEST_STEP][PASSED] - Statement - For ([g = 1, g <= BatchNumber - 1, (g++)]): null

2018-06-09 22:14:16 - [TEST_STEP][PASSED] - selectOptionByIndex: All options with index in [1] are selected on object 'Object Repository/HealthpostToStore/Page_Store/select_--Select--BA1170BA2376B'

2018-06-09 22:14:16 - [MESSAGE][PASSED] - All options with index in [1] are selected on object 'Object Repository/HealthpostToStore/Page_Store/select_--Select--BA1170BA2376B'

2018-06-09 22:14:16 - [TEST_STEP][PASSED] - Statement - Try: null

2018-06-09 22:14:16 - [TEST_STEP][PASSED] - Statement - StockQty = com.kms.katalon.core.webui.keyword.WebUiBuiltInKeywords.getAttribute(com.kms.katalon.core.testobject.ObjectRepository.findTestObject(HealthpostToStore/Page_Store/input_txtprice), "value"): Attribute 'value' of object 'Object Repository/HealthpostToStore/Page_Store/input_txtprice' is: '330'

2018-06-09 22:14:17 - [MESSAGE][PASSED] - Attribute 'value' of object 'Object Repository/HealthpostToStore/Page_Store/input_txtprice' is: '330'

2018-06-09 22:14:17 - [TEST_STEP][PASSED] - Statement - out.println("Stock QTY : " + StockQty): null

2018-06-09 22:14:17 - [TEST_STEP][PASSED] - delay: Delayed 2 second(s)

2018-06-09 22:14:19 - [MESSAGE][PASSED] - Delayed 2 second(s)

2018-06-09 22:14:19 - [TEST_STEP][PASSED] - Statement - If (java.lang.String.valueOf(StockQty) >= java.lang.String.valueOf(RequestedQty)): null

2018-06-09 22:14:19 - [TEST_STEP][PASSED] - setText: Text '10' is set on object 'Object Repository/HealthpostToStore/Page_Store/input_txtqty'

2018-06-09 22:14:19 - [MESSAGE][PASSED] - Text '10' is set on object 'Object Repository/HealthpostToStore/Page_Store/input_txtqty'

2018-06-09 22:14:19 - [TEST_STEP][PASSED] - click: Object: 'Object Repository/HealthpostToStore/Page_Store/button_Add' is clicked on

2018-06-09 22:14:19 - [MESSAGE][PASSED] - Object: 'Object Repository/HealthpostToStore/Page_Store/button_Add' is clicked on

2018-06-09 22:14:19 - [TEST_STEP][PASSED] - Statement - Break: null

2018-06-09 22:14:19 - [TEST_STEP][PASSED] - selectOptionByIndex: All options with index in [56] are selected on object 'Object Repository/HealthpostToStore/Page_Store/select_--Select--Adernaline 0.'

2018-06-09 22:14:19 - [MESSAGE][PASSED] - All options with index in [56] are selected on object 'Object Repository/HealthpostToStore/Page_Store/select_--Select--Adernaline 0.'

2018-06-09 22:14:19 - [TEST_STEP][PASSED] - delay: Delayed 2 second(s)

2018-06-09 22:14:21 - [MESSAGE][PASSED] - Delayed 2 second(s)

2018-06-09 22:14:21 - [TEST_STEP][PASSED] - Statement - RequestedQty = com.kms.katalon.core.webui.keyword.WebUiBuiltInKeywords.getAttribute(com.kms.katalon.core.testobject.ObjectRepository.findTestObject(HealthpostToStore/Page_Store/input_txttotal), "value"): Attribute 'value' of object 'Object Repository/HealthpostToStore/Page_Store/input_txttotal' is: '10'

2018-06-09 22:14:21 - [MESSAGE][PASSED] - Attribute 'value' of object 'Object Repository/HealthpostToStore/Page_Store/input_txttotal' is: '10'

2018-06-09 22:14:21 - [TEST_STEP][PASSED] - Statement - out.println("Requested QTY : " + RequestedQty): null

2018-06-09 22:14:21 - [TEST_STEP][PASSED] - Statement - BatchNumber = com.kms.katalon.core.webui.keyword.WebUiBuiltInKeywords.getNumberOfTotalOption(com.kms.katalon.core.testobject.ObjectRepository.findTestObject(HealthpostToStore/Page_Store/select_--Select--BA1170BA2376B)): 3 options of object 'Object Repository/HealthpostToStore/Page_Store/select_--Select--BA1170BA2376B' counted

2018-06-09 22:14:21 - [MESSAGE][PASSED] - 3 options of object 'Object Repository/HealthpostToStore/Page_Store/select_--Select--BA1170BA2376B' counted

2018-06-09 22:14:21 - [TEST_STEP][PASSED] - Statement - For ([g = 1, g <= BatchNumber - 1, (g++)]): null

2018-06-09 22:14:21 - [TEST_STEP][PASSED] - selectOptionByIndex: All options with index in [1] are selected on object 'Object Repository/HealthpostToStore/Page_Store/select_--Select--BA1170BA2376B'

2018-06-09 22:14:22 - [MESSAGE][PASSED] - All options with index in [1] are selected on object 'Object Repository/HealthpostToStore/Page_Store/select_--Select--BA1170BA2376B'

2018-06-09 22:14:22 - [TEST_STEP][PASSED] - Statement - Try: null

2018-06-09 22:14:22 - [TEST_STEP][PASSED] - Statement - StockQty = com.kms.katalon.core.webui.keyword.WebUiBuiltInKeywords.getAttribute(com.kms.katalon.core.testobject.ObjectRepository.findTestObject(HealthpostToStore/Page_Store/input_txtprice), "value"): Attribute 'value' of object 'Object Repository/HealthpostToStore/Page_Store/input_txtprice' is: '170'

2018-06-09 22:14:22 - [MESSAGE][PASSED] - Attribute 'value' of object 'Object Repository/HealthpostToStore/Page_Store/input_txtprice' is: '170'

2018-06-09 22:14:22 - [TEST_STEP][PASSED] - Statement - out.println("Stock QTY : " + StockQty): null

2018-06-09 22:14:22 - [TEST_STEP][PASSED] - delay: Delayed 2 second(s)

2018-06-09 22:14:24 - [MESSAGE][PASSED] - Delayed 2 second(s)

2018-06-09 22:14:24 - [TEST_STEP][PASSED] - Statement - If (java.lang.String.valueOf(StockQty) >= java.lang.String.valueOf(RequestedQty)): null

2018-06-09 22:14:24 - [TEST_STEP][PASSED] - setText: Text '10' is set on object 'Object Repository/HealthpostToStore/Page_Store/input_txtqty'

2018-06-09 22:14:24 - [MESSAGE][PASSED] - Text '10' is set on object 'Object Repository/HealthpostToStore/Page_Store/input_txtqty'

2018-06-09 22:14:24 - [TEST_STEP][PASSED] - click: Object: 'Object Repository/HealthpostToStore/Page_Store/button_Add' is clicked on

2018-06-09 22:14:24 - [MESSAGE][PASSED] - Object: 'Object Repository/HealthpostToStore/Page_Store/button_Add' is clicked on

2018-06-09 22:14:24 - [TEST_STEP][PASSED] - Statement - Break: null

2018-06-09 22:14:24 - [TEST_STEP][PASSED] - selectOptionByIndex: All options with index in [57] are selected on object 'Object Repository/HealthpostToStore/Page_Store/select_--Select--Adernaline 0.'

2018-06-09 22:14:24 - [MESSAGE][PASSED] - All options with index in [57] are selected on object 'Object Repository/HealthpostToStore/Page_Store/select_--Select--Adernaline 0.'

2018-06-09 22:14:24 - [TEST_STEP][PASSED] - delay: Delayed 2 second(s)

2018-06-09 22:14:26 - [MESSAGE][PASSED] - Delayed 2 second(s)

2018-06-09 22:14:26 - [TEST_STEP][PASSED] - Statement - RequestedQty = com.kms.katalon.core.webui.keyword.WebUiBuiltInKeywords.getAttribute(com.kms.katalon.core.testobject.ObjectRepository.findTestObject(HealthpostToStore/Page_Store/input_txttotal), "value"): Attribute 'value' of object 'Object Repository/HealthpostToStore/Page_Store/input_txttotal' is: '10'

2018-06-09 22:14:27 - [MESSAGE][PASSED] - Attribute 'value' of object 'Object Repository/HealthpostToStore/Page_Store/input_txttotal' is: '10'

2018-06-09 22:14:27 - [TEST_STEP][PASSED] - Statement - out.println("Requested QTY : " + RequestedQty): null

2018-06-09 22:14:27 - [TEST_STEP][PASSED] - Statement - BatchNumber = com.kms.katalon.core.webui.keyword.WebUiBuiltInKeywords.getNumberOfTotalOption(com.kms.katalon.core.testobject.ObjectRepository.findTestObject(HealthpostToStore/Page_Store/select_--Select--BA1170BA2376B)): 3 options of object 'Object Repository/HealthpostToStore/Page_Store/select_--Select--BA1170BA2376B' counted

2018-06-09 22:14:27 - [MESSAGE][PASSED] - 3 options of object 'Object Repository/HealthpostToStore/Page_Store/select_--Select--BA1170BA2376B' counted

2018-06-09 22:14:27 - [TEST_STEP][PASSED] - Statement - For ([g = 1, g <= BatchNumber - 1, (g++)]): null

2018-06-09 22:14:27 - [TEST_STEP][PASSED] - selectOptionByIndex: All options with index in [1] are selected on object 'Object Repository/HealthpostToStore/Page_Store/select_--Select--BA1170BA2376B'

2018-06-09 22:14:27 - [MESSAGE][PASSED] - All options with index in [1] are selected on object 'Object Repository/HealthpostToStore/Page_Store/select_--Select--BA1170BA2376B'

2018-06-09 22:14:27 - [TEST_STEP][PASSED] - Statement - Try: null

2018-06-09 22:14:27 - [TEST_STEP][PASSED] - Statement - StockQty = com.kms.katalon.core.webui.keyword.WebUiBuiltInKeywords.getAttribute(com.kms.katalon.core.testobject.ObjectRepository.findTestObject(HealthpostToStore/Page_Store/input_txtprice), "value"): Attribute 'value' of object 'Object Repository/HealthpostToStore/Page_Store/input_txtprice' is: '130'

2018-06-09 22:14:27 - [MESSAGE][PASSED] - Attribute 'value' of object 'Object Repository/HealthpostToStore/Page_Store/input_txtprice' is: '130'

2018-06-09 22:14:27 - [TEST_STEP][PASSED] - Statement - out.println("Stock QTY : " + StockQty): null

2018-06-09 22:14:27 - [TEST_STEP][PASSED] - delay: Delayed 2 second(s)

2018-06-09 22:14:29 - [MESSAGE][PASSED] - Delayed 2 second(s)

2018-06-09 22:14:29 - [TEST_STEP][PASSED] - Statement - If (java.lang.String.valueOf(StockQty) >= java.lang.String.valueOf(RequestedQty)): null

2018-06-09 22:14:29 - [TEST_STEP][PASSED] - setText: Text '10' is set on object 'Object Repository/HealthpostToStore/Page_Store/input_txtqty'

2018-06-09 22:14:29 - [MESSAGE][PASSED] - Text '10' is set on object 'Object Repository/HealthpostToStore/Page_Store/input_txtqty'

2018-06-09 22:14:29 - [TEST_STEP][PASSED] - click: Object: 'Object Repository/HealthpostToStore/Page_Store/button_Add' is clicked on

2018-06-09 22:14:29 - [MESSAGE][PASSED] - Object: 'Object Repository/HealthpostToStore/Page_Store/button_Add' is clicked on

2018-06-09 22:14:29 - [TEST_STEP][PASSED] - Statement - Break: null

2018-06-09 22:14:29 - [TEST_STEP][PASSED] - selectOptionByIndex: All options with index in [58] are selected on object 'Object Repository/HealthpostToStore/Page_Store/select_--Select--Adernaline 0.'

2018-06-09 22:14:30 - [MESSAGE][PASSED] - All options with index in [58] are selected on object 'Object Repository/HealthpostToStore/Page_Store/select_--Select--Adernaline 0.'

2018-06-09 22:14:30 - [TEST_STEP][PASSED] - delay: Delayed 2 second(s)

2018-06-09 22:14:32 - [MESSAGE][PASSED] - Delayed 2 second(s)

2018-06-09 22:14:32 - [TEST_STEP][PASSED] - Statement - RequestedQty = com.kms.katalon.core.webui.keyword.WebUiBuiltInKeywords.getAttribute(com.kms.katalon.core.testobject.ObjectRepository.findTestObject(HealthpostToStore/Page_Store/input_txttotal), "value"): Attribute 'value' of object 'Object Repository/HealthpostToStore/Page_Store/input_txttotal' is: '10'

2018-06-09 22:14:32 - [MESSAGE][PASSED] - Attribute 'value' of object 'Object Repository/HealthpostToStore/Page_Store/input_txttotal' is: '10'

2018-06-09 22:14:32 - [TEST_STEP][PASSED] - Statement - out.println("Requested QTY : " + RequestedQty): null

2018-06-09 22:14:32 - [TEST_STEP][PASSED] - Statement - BatchNumber = com.kms.katalon.core.webui.keyword.WebUiBuiltInKeywords.getNumberOfTotalOption(com.kms.katalon.core.testobject.ObjectRepository.findTestObject(HealthpostToStore/Page_Store/select_--Select--BA1170BA2376B)): 2 options of object 'Object Repository/HealthpostToStore/Page_Store/select_--Select--BA1170BA2376B' counted

2018-06-09 22:14:32 - [MESSAGE][PASSED] - 2 options of object 'Object Repository/HealthpostToStore/Page_Store/select_--Select--BA1170BA2376B' counted

2018-06-09 22:14:32 - [TEST_STEP][PASSED] - Statement - For ([g = 1, g <= BatchNumber - 1, (g++)]): null

2018-06-09 22:14:32 - [TEST_STEP][PASSED] - selectOptionByIndex: All options with index in [1] are selected on object 'Object Repository/HealthpostToStore/Page_Store/select_--Select--BA1170BA2376B'

2018-06-09 22:14:32 - [MESSAGE][PASSED] - All options with index in [1] are selected on object 'Object Repository/HealthpostToStore/Page_Store/select_--Select--BA1170BA2376B'

2018-06-09 22:14:32 - [TEST_STEP][PASSED] - Statement - Try: null

2018-06-09 22:14:32 - [TEST_STEP][PASSED] - Statement - StockQty = com.kms.katalon.core.webui.keyword.WebUiBuiltInKeywords.getAttribute(com.kms.katalon.core.testobject.ObjectRepository.findTestObject(HealthpostToStore/Page_Store/input_txtprice), "value"): Attribute 'value' of object 'Object Repository/HealthpostToStore/Page_Store/input_txtprice' is: ''

2018-06-09 22:14:32 - [MESSAGE][PASSED] - Attribute 'value' of object 'Object Repository/HealthpostToStore/Page_Store/input_txtprice' is: ''

2018-06-09 22:14:32 - [TEST_STEP][PASSED] - Statement - out.println("Stock QTY : " + StockQty): null

2018-06-09 22:14:32 - [TEST_STEP][PASSED] - delay: Delayed 2 second(s)

2018-06-09 22:14:34 - [MESSAGE][PASSED] - Delayed 2 second(s)

2018-06-09 22:14:34 - [TEST_STEP][PASSED] - Statement - If (java.lang.String.valueOf(StockQty) >= java.lang.String.valueOf(RequestedQty)): null

2018-06-09 22:14:34 - [TEST_STEP][PASSED] - Statement - Else: null

2018-06-09 22:14:34 - [TEST_STEP][PASSED] - Statement - out.println("Stock Is Less Than Requested Qty"): null

2018-06-09 22:14:34 - [TEST_STEP][PASSED] - selectOptionByIndex: All options with index in [59] are selected on object 'Object Repository/HealthpostToStore/Page_Store/select_--Select--Adernaline 0.'

2018-06-09 22:14:34 - [MESSAGE][PASSED] - All options with index in [59] are selected on object 'Object Repository/HealthpostToStore/Page_Store/select_--Select--Adernaline 0.'

2018-06-09 22:14:34 - [TEST_STEP][PASSED] - delay: Delayed 2 second(s)

2018-06-09 22:14:36 - [MESSAGE][PASSED] - Delayed 2 second(s)

2018-06-09 22:14:36 - [TEST_STEP][PASSED] - Statement - RequestedQty = com.kms.katalon.core.webui.keyword.WebUiBuiltInKeywords.getAttribute(com.kms.katalon.core.testobject.ObjectRepository.findTestObject(HealthpostToStore/Page_Store/input_txttotal), "value"): Attribute 'value' of object 'Object Repository/HealthpostToStore/Page_Store/input_txttotal' is: '10'

2018-06-09 22:14:37 - [MESSAGE][PASSED] - Attribute 'value' of object 'Object Repository/HealthpostToStore/Page_Store/input_txttotal' is: '10'

2018-06-09 22:14:37 - [TEST_STEP][PASSED] - Statement - out.println("Requested QTY : " + RequestedQty): null

2018-06-09 22:14:37 - [TEST_STEP][PASSED] - Statement - BatchNumber = com.kms.katalon.core.webui.keyword.WebUiBuiltInKeywords.getNumberOfTotalOption(com.kms.katalon.core.testobject.ObjectRepository.findTestObject(HealthpostToStore/Page_Store/select_--Select--BA1170BA2376B)): 3 options of object 'Object Repository/HealthpostToStore/Page_Store/select_--Select--BA1170BA2376B' counted

2018-06-09 22:14:37 - [MESSAGE][PASSED] - 3 options of object 'Object Repository/HealthpostToStore/Page_Store/select_--Select--BA1170BA2376B' counted

2018-06-09 22:14:37 - [TEST_STEP][PASSED] - Statement - For ([g = 1, g <= BatchNumber - 1, (g++)]): null

2018-06-09 22:14:37 - [TEST_STEP][PASSED] - selectOptionByIndex: All options with index in [1] are selected on object 'Object Repository/HealthpostToStore/Page_Store/select_--Select--BA1170BA2376B'

2018-06-09 22:14:37 - [MESSAGE][PASSED] - All options with index in [1] are selected on object 'Object Repository/HealthpostToStore/Page_Store/select_--Select--BA1170BA2376B'

2018-06-09 22:14:37 - [TEST_STEP][PASSED] - Statement - Try: null

2018-06-09 22:14:37 - [TEST_STEP][PASSED] - Statement - StockQty = com.kms.katalon.core.webui.keyword.WebUiBuiltInKeywords.getAttribute(com.kms.katalon.core.testobject.ObjectRepository.findTestObject(HealthpostToStore/Page_Store/input_txtprice), "value"): Attribute 'value' of object 'Object Repository/HealthpostToStore/Page_Store/input_txtprice' is: '170'

2018-06-09 22:14:37 - [MESSAGE][PASSED] - Attribute 'value' of object 'Object Repository/HealthpostToStore/Page_Store/input_txtprice' is: '170'

2018-06-09 22:14:37 - [TEST_STEP][PASSED] - Statement - out.println("Stock QTY : " + StockQty): null

2018-06-09 22:14:37 - [TEST_STEP][PASSED] - delay: Delayed 2 second(s)

2018-06-09 22:14:39 - [MESSAGE][PASSED] - Delayed 2 second(s)

2018-06-09 22:14:39 - [TEST_STEP][PASSED] - Statement - If (java.lang.String.valueOf(StockQty) >= java.lang.String.valueOf(RequestedQty)): null

2018-06-09 22:14:39 - [TEST_STEP][PASSED] - setText: Text '10' is set on object 'Object Repository/HealthpostToStore/Page_Store/input_txtqty'

2018-06-09 22:14:39 - [MESSAGE][PASSED] - Text '10' is set on object 'Object Repository/HealthpostToStore/Page_Store/input_txtqty'

2018-06-09 22:14:39 - [TEST_STEP][PASSED] - click: Object: 'Object Repository/HealthpostToStore/Page_Store/button_Add' is clicked on

2018-06-09 22:14:39 - [MESSAGE][PASSED] - Object: 'Object Repository/HealthpostToStore/Page_Store/button_Add' is clicked on

2018-06-09 22:14:39 - [TEST_STEP][PASSED] - Statement - Break: null

2018-06-09 22:14:39 - [TEST_STEP][PASSED] - selectOptionByIndex: All options with index in [60] are selected on object 'Object Repository/HealthpostToStore/Page_Store/select_--Select--Adernaline 0.'

2018-06-09 22:14:40 - [MESSAGE][PASSED] - All options with index in [60] are selected on object 'Object Repository/HealthpostToStore/Page_Store/select_--Select--Adernaline 0.'

2018-06-09 22:14:40 - [TEST_STEP][PASSED] - delay: Delayed 2 second(s)

2018-06-09 22:14:42 - [MESSAGE][PASSED] - Delayed 2 second(s)

2018-06-09 22:14:42 - [TEST_STEP][PASSED] - Statement - RequestedQty = com.kms.katalon.core.webui.keyword.WebUiBuiltInKeywords.getAttribute(com.kms.katalon.core.testobject.ObjectRepository.findTestObject(HealthpostToStore/Page_Store/input_txttotal), "value"): Attribute 'value' of object 'Object Repository/HealthpostToStore/Page_Store/input_txttotal' is: '10'

2018-06-09 22:14:42 - [MESSAGE][PASSED] - Attribute 'value' of object 'Object Repository/HealthpostToStore/Page_Store/input_txttotal' is: '10'

2018-06-09 22:14:42 - [TEST_STEP][PASSED] - Statement - out.println("Requested QTY : " + RequestedQty): null

2018-06-09 22:14:42 - [TEST_STEP][PASSED] - Statement - BatchNumber = com.kms.katalon.core.webui.keyword.WebUiBuiltInKeywords.getNumberOfTotalOption(com.kms.katalon.core.testobject.ObjectRepository.findTestObject(HealthpostToStore/Page_Store/select_--Select--BA1170BA2376B)): 2 options of object 'Object Repository/HealthpostToStore/Page_Store/select_--Select--BA1170BA2376B' counted

2018-06-09 22:14:42 - [MESSAGE][PASSED] - 2 options of object 'Object Repository/HealthpostToStore/Page_Store/select_--Select--BA1170BA2376B' counted

2018-06-09 22:14:42 - [TEST_STEP][PASSED] - Statement - For ([g = 1, g <= BatchNumber - 1, (g++)]): null

2018-06-09 22:14:42 - [TEST_STEP][PASSED] - selectOptionByIndex: All options with index in [1] are selected on object 'Object Repository/HealthpostToStore/Page_Store/select_--Select--BA1170BA2376B'

2018-06-09 22:14:42 - [MESSAGE][PASSED] - All options with index in [1] are selected on object 'Object Repository/HealthpostToStore/Page_Store/select_--Select--BA1170BA2376B'

2018-06-09 22:14:42 - [TEST_STEP][PASSED] - Statement - Try: null

2018-06-09 22:14:42 - [TEST_STEP][PASSED] - Statement - StockQty = com.kms.katalon.core.webui.keyword.WebUiBuiltInKeywords.getAttribute(com.kms.katalon.core.testobject.ObjectRepository.findTestObject(HealthpostToStore/Page_Store/input_txtprice), "value"): Attribute 'value' of object 'Object Repository/HealthpostToStore/Page_Store/input_txtprice' is: '330'

2018-06-09 22:14:42 - [MESSAGE][PASSED] - Attribute 'value' of object 'Object Repository/HealthpostToStore/Page_Store/input_txtprice' is: '330'

2018-06-09 22:14:42 - [TEST_STEP][PASSED] - Statement - out.println("Stock QTY : " + StockQty): null

2018-06-09 22:14:42 - [TEST_STEP][PASSED] - delay: Delayed 2 second(s)

2018-06-09 22:14:44 - [MESSAGE][PASSED] - Delayed 2 second(s)

2018-06-09 22:14:44 - [TEST_STEP][PASSED] - Statement - If (java.lang.String.valueOf(StockQty) >= java.lang.String.valueOf(RequestedQty)): null

2018-06-09 22:14:44 - [TEST_STEP][PASSED] - setText: Text '10' is set on object 'Object Repository/HealthpostToStore/Page_Store/input_txtqty'

2018-06-09 22:14:44 - [MESSAGE][PASSED] - Text '10' is set on object 'Object Repository/HealthpostToStore/Page_Store/input_txtqty'

2018-06-09 22:14:44 - [TEST_STEP][PASSED] - click: Object: 'Object Repository/HealthpostToStore/Page_Store/button_Add' is clicked on

2018-06-09 22:14:44 - [MESSAGE][PASSED] - Object: 'Object Repository/HealthpostToStore/Page_Store/button_Add' is clicked on

2018-06-09 22:14:44 - [TEST_STEP][PASSED] - Statement - Break: null

2018-06-09 22:14:44 - [TEST_STEP][PASSED] - selectOptionByIndex: All options with index in [61] are selected on object 'Object Repository/HealthpostToStore/Page_Store/select_--Select--Adernaline 0.'

2018-06-09 22:14:45 - [MESSAGE][PASSED] - All options with index in [61] are selected on object 'Object Repository/HealthpostToStore/Page_Store/select_--Select--Adernaline 0.'

2018-06-09 22:14:45 - [TEST_STEP][PASSED] - delay: Delayed 2 second(s)

2018-06-09 22:14:47 - [MESSAGE][PASSED] - Delayed 2 second(s)

2018-06-09 22:14:47 - [TEST_STEP][PASSED] - Statement - RequestedQty = com.kms.katalon.core.webui.keyword.WebUiBuiltInKeywords.getAttribute(com.kms.katalon.core.testobject.ObjectRepository.findTestObject(HealthpostToStore/Page_Store/input_txttotal), "value"): Attribute 'value' of object 'Object Repository/HealthpostToStore/Page_Store/input_txttotal' is: '10'

2018-06-09 22:14:47 - [MESSAGE][PASSED] - Attribute 'value' of object 'Object Repository/HealthpostToStore/Page_Store/input_txttotal' is: '10'

2018-06-09 22:14:47 - [TEST_STEP][PASSED] - Statement - out.println("Requested QTY : " + RequestedQty): null

2018-06-09 22:14:47 - [TEST_STEP][PASSED] - Statement - BatchNumber = com.kms.katalon.core.webui.keyword.WebUiBuiltInKeywords.getNumberOfTotalOption(com.kms.katalon.core.testobject.ObjectRepository.findTestObject(HealthpostToStore/Page_Store/select_--Select--BA1170BA2376B)): 2 options of object 'Object Repository/HealthpostToStore/Page_Store/select_--Select--BA1170BA2376B' counted

2018-06-09 22:14:47 - [MESSAGE][PASSED] - 2 options of object 'Object Repository/HealthpostToStore/Page_Store/select_--Select--BA1170BA2376B' counted

2018-06-09 22:14:47 - [TEST_STEP][PASSED] - Statement - For ([g = 1, g <= BatchNumber - 1, (g++)]): null

2018-06-09 22:14:47 - [TEST_STEP][PASSED] - selectOptionByIndex: All options with index in [1] are selected on object 'Object Repository/HealthpostToStore/Page_Store/select_--Select--BA1170BA2376B'

2018-06-09 22:14:47 - [MESSAGE][PASSED] - All options with index in [1] are selected on object 'Object Repository/HealthpostToStore/Page_Store/select_--Select--BA1170BA2376B'

2018-06-09 22:14:47 - [TEST_STEP][PASSED] - Statement - Try: null

2018-06-09 22:14:47 - [TEST_STEP][PASSED] - Statement - StockQty = com.kms.katalon.core.webui.keyword.WebUiBuiltInKeywords.getAttribute(com.kms.katalon.core.testobject.ObjectRepository.findTestObject(HealthpostToStore/Page_Store/input_txtprice), "value"): Attribute 'value' of object 'Object Repository/HealthpostToStore/Page_Store/input_txtprice' is: '330'

2018-06-09 22:14:47 - [MESSAGE][PASSED] - Attribute 'value' of object 'Object Repository/HealthpostToStore/Page_Store/input_txtprice' is: '330'

2018-06-09 22:14:47 - [TEST_STEP][PASSED] - Statement - out.println("Stock QTY : " + StockQty): null

2018-06-09 22:14:47 - [TEST_STEP][PASSED] - delay: Delayed 2 second(s)

2018-06-09 22:14:49 - [MESSAGE][PASSED] - Delayed 2 second(s)

2018-06-09 22:14:49 - [TEST_STEP][PASSED] - Statement - If (java.lang.String.valueOf(StockQty) >= java.lang.String.valueOf(RequestedQty)): null

2018-06-09 22:14:49 - [TEST_STEP][PASSED] - setText: Text '10' is set on object 'Object Repository/HealthpostToStore/Page_Store/input_txtqty'

2018-06-09 22:14:49 - [MESSAGE][PASSED] - Text '10' is set on object 'Object Repository/HealthpostToStore/Page_Store/input_txtqty'

2018-06-09 22:14:49 - [TEST_STEP][PASSED] - click: Object: 'Object Repository/HealthpostToStore/Page_Store/button_Add' is clicked on

2018-06-09 22:14:49 - [MESSAGE][PASSED] - Object: 'Object Repository/HealthpostToStore/Page_Store/button_Add' is clicked on

2018-06-09 22:14:49 - [TEST_STEP][PASSED] - Statement - Break: null

2018-06-09 22:14:49 - [TEST_STEP][PASSED] - selectOptionByIndex: All options with index in [62] are selected on object 'Object Repository/HealthpostToStore/Page_Store/select_--Select--Adernaline 0.'

2018-06-09 22:14:50 - [MESSAGE][PASSED] - All options with index in [62] are selected on object 'Object Repository/HealthpostToStore/Page_Store/select_--Select--Adernaline 0.'

2018-06-09 22:14:50 - [TEST_STEP][PASSED] - delay: Delayed 2 second(s)

2018-06-09 22:14:52 - [MESSAGE][PASSED] - Delayed 2 second(s)

2018-06-09 22:14:52 - [TEST_STEP][PASSED] - Statement - RequestedQty = com.kms.katalon.core.webui.keyword.WebUiBuiltInKeywords.getAttribute(com.kms.katalon.core.testobject.ObjectRepository.findTestObject(HealthpostToStore/Page_Store/input_txttotal), "value"): Attribute 'value' of object 'Object Repository/HealthpostToStore/Page_Store/input_txttotal' is: '10'

2018-06-09 22:14:52 - [MESSAGE][PASSED] - Attribute 'value' of object 'Object Repository/HealthpostToStore/Page_Store/input_txttotal' is: '10'

2018-06-09 22:14:52 - [TEST_STEP][PASSED] - Statement - out.println("Requested QTY : " + RequestedQty): null

2018-06-09 22:14:52 - [TEST_STEP][PASSED] - Statement - BatchNumber = com.kms.katalon.core.webui.keyword.WebUiBuiltInKeywords.getNumberOfTotalOption(com.kms.katalon.core.testobject.ObjectRepository.findTestObject(HealthpostToStore/Page_Store/select_--Select--BA1170BA2376B)): 3 options of object 'Object Repository/HealthpostToStore/Page_Store/select_--Select--BA1170BA2376B' counted

2018-06-09 22:14:52 - [MESSAGE][PASSED] - 3 options of object 'Object Repository/HealthpostToStore/Page_Store/select_--Select--BA1170BA2376B' counted

2018-06-09 22:14:52 - [TEST_STEP][PASSED] - Statement - For ([g = 1, g <= BatchNumber - 1, (g++)]): null

2018-06-09 22:14:52 - [TEST_STEP][PASSED] - selectOptionByIndex: All options with index in [1] are selected on object 'Object Repository/HealthpostToStore/Page_Store/select_--Select--BA1170BA2376B'

2018-06-09 22:14:52 - [MESSAGE][PASSED] - All options with index in [1] are selected on object 'Object Repository/HealthpostToStore/Page_Store/select_--Select--BA1170BA2376B'

2018-06-09 22:14:52 - [TEST_STEP][PASSED] - Statement - Try: null

2018-06-09 22:14:52 - [TEST_STEP][PASSED] - Statement - StockQty = com.kms.katalon.core.webui.keyword.WebUiBuiltInKeywords.getAttribute(com.kms.katalon.core.testobject.ObjectRepository.findTestObject(HealthpostToStore/Page_Store/input_txtprice), "value"): Attribute 'value' of object 'Object Repository/HealthpostToStore/Page_Store/input_txtprice' is: '170'

2018-06-09 22:14:52 - [MESSAGE][PASSED] - Attribute 'value' of object 'Object Repository/HealthpostToStore/Page_Store/input_txtprice' is: '170'

2018-06-09 22:14:52 - [TEST_STEP][PASSED] - Statement - out.println("Stock QTY : " + StockQty): null

2018-06-09 22:14:52 - [TEST_STEP][PASSED] - delay: Delayed 2 second(s)

2018-06-09 22:14:54 - [MESSAGE][PASSED] - Delayed 2 second(s)

2018-06-09 22:14:54 - [TEST_STEP][PASSED] - Statement - If (java.lang.String.valueOf(StockQty) >= java.lang.String.valueOf(RequestedQty)): null

2018-06-09 22:14:54 - [TEST_STEP][PASSED] - setText: Text '10' is set on object 'Object Repository/HealthpostToStore/Page_Store/input_txtqty'

2018-06-09 22:14:54 - [MESSAGE][PASSED] - Text '10' is set on object 'Object Repository/HealthpostToStore/Page_Store/input_txtqty'

2018-06-09 22:14:54 - [TEST_STEP][PASSED] - click: Object: 'Object Repository/HealthpostToStore/Page_Store/button_Add' is clicked on

2018-06-09 22:14:54 - [MESSAGE][PASSED] - Object: 'Object Repository/HealthpostToStore/Page_Store/button_Add' is clicked on

2018-06-09 22:14:54 - [TEST_STEP][PASSED] - Statement - Break: null

2018-06-09 22:14:54 - [TEST_STEP][PASSED] - selectOptionByIndex: All options with index in [63] are selected on object 'Object Repository/HealthpostToStore/Page_Store/select_--Select--Adernaline 0.'

2018-06-09 22:14:55 - [MESSAGE][PASSED] - All options with index in [63] are selected on object 'Object Repository/HealthpostToStore/Page_Store/select_--Select--Adernaline 0.'

2018-06-09 22:14:55 - [TEST_STEP][PASSED] - delay: Delayed 2 second(s)

2018-06-09 22:14:57 - [MESSAGE][PASSED] - Delayed 2 second(s)

2018-06-09 22:14:57 - [TEST_STEP][PASSED] - Statement - RequestedQty = com.kms.katalon.core.webui.keyword.WebUiBuiltInKeywords.getAttribute(com.kms.katalon.core.testobject.ObjectRepository.findTestObject(HealthpostToStore/Page_Store/input_txttotal), "value"): Attribute 'value' of object 'Object Repository/HealthpostToStore/Page_Store/input_txttotal' is: '10'

2018-06-09 22:14:57 - [MESSAGE][PASSED] - Attribute 'value' of object 'Object Repository/HealthpostToStore/Page_Store/input_txttotal' is: '10'

2018-06-09 22:14:57 - [TEST_STEP][PASSED] - Statement - out.println("Requested QTY : " + RequestedQty): null

2018-06-09 22:14:57 - [TEST_STEP][PASSED] - Statement - BatchNumber = com.kms.katalon.core.webui.keyword.WebUiBuiltInKeywords.getNumberOfTotalOption(com.kms.katalon.core.testobject.ObjectRepository.findTestObject(HealthpostToStore/Page_Store/select_--Select--BA1170BA2376B)): 2 options of object 'Object Repository/HealthpostToStore/Page_Store/select_--Select--BA1170BA2376B' counted

2018-06-09 22:14:57 - [MESSAGE][PASSED] - 2 options of object 'Object Repository/HealthpostToStore/Page_Store/select_--Select--BA1170BA2376B' counted

2018-06-09 22:14:57 - [TEST_STEP][PASSED] - Statement - For ([g = 1, g <= BatchNumber - 1, (g++)]): null

2018-06-09 22:14:57 - [TEST_STEP][PASSED] - selectOptionByIndex: All options with index in [1] are selected on object 'Object Repository/HealthpostToStore/Page_Store/select_--Select--BA1170BA2376B'

2018-06-09 22:14:58 - [MESSAGE][PASSED] - All options with index in [1] are selected on object 'Object Repository/HealthpostToStore/Page_Store/select_--Select--BA1170BA2376B'

2018-06-09 22:14:58 - [TEST_STEP][PASSED] - Statement - Try: null

2018-06-09 22:14:58 - [TEST_STEP][PASSED] - Statement - StockQty = com.kms.katalon.core.webui.keyword.WebUiBuiltInKeywords.getAttribute(com.kms.katalon.core.testobject.ObjectRepository.findTestObject(HealthpostToStore/Page_Store/input_txtprice), "value"): Attribute 'value' of object 'Object Repository/HealthpostToStore/Page_Store/input_txtprice' is: '330'

2018-06-09 22:14:58 - [MESSAGE][PASSED] - Attribute 'value' of object 'Object Repository/HealthpostToStore/Page_Store/input_txtprice' is: '330'

2018-06-09 22:14:58 - [TEST_STEP][PASSED] - Statement - out.println("Stock QTY : " + StockQty): null

2018-06-09 22:14:58 - [TEST_STEP][PASSED] - delay: Delayed 2 second(s)

2018-06-09 22:15:00 - [MESSAGE][PASSED] - Delayed 2 second(s)

2018-06-09 22:15:00 - [TEST_STEP][PASSED] - Statement - If (java.lang.String.valueOf(StockQty) >= java.lang.String.valueOf(RequestedQty)): null

2018-06-09 22:15:00 - [TEST_STEP][PASSED] - setText: Text '10' is set on object 'Object Repository/HealthpostToStore/Page_Store/input_txtqty'

2018-06-09 22:15:00 - [MESSAGE][PASSED] - Text '10' is set on object 'Object Repository/HealthpostToStore/Page_Store/input_txtqty'

2018-06-09 22:15:00 - [TEST_STEP][PASSED] - click: Object: 'Object Repository/HealthpostToStore/Page_Store/button_Add' is clicked on

2018-06-09 22:15:00 - [MESSAGE][PASSED] - Object: 'Object Repository/HealthpostToStore/Page_Store/button_Add' is clicked on

2018-06-09 22:15:00 - [TEST_STEP][PASSED] - Statement - Break: null

2018-06-09 22:15:00 - [TEST_STEP][PASSED] - selectOptionByIndex: All options with index in [64] are selected on object 'Object Repository/HealthpostToStore/Page_Store/select_--Select--Adernaline 0.'

2018-06-09 22:15:01 - [MESSAGE][PASSED] - All options with index in [64] are selected on object 'Object Repository/HealthpostToStore/Page_Store/select_--Select--Adernaline 0.'

2018-06-09 22:15:01 - [TEST_STEP][PASSED] - delay: Delayed 2 second(s)

2018-06-09 22:15:03 - [MESSAGE][PASSED] - Delayed 2 second(s)

2018-06-09 22:15:03 - [TEST_STEP][PASSED] - Statement - RequestedQty = com.kms.katalon.core.webui.keyword.WebUiBuiltInKeywords.getAttribute(com.kms.katalon.core.testobject.ObjectRepository.findTestObject(HealthpostToStore/Page_Store/input_txttotal), "value"): Attribute 'value' of object 'Object Repository/HealthpostToStore/Page_Store/input_txttotal' is: '10'

2018-06-09 22:15:03 - [MESSAGE][PASSED] - Attribute 'value' of object 'Object Repository/HealthpostToStore/Page_Store/input_txttotal' is: '10'

2018-06-09 22:15:03 - [TEST_STEP][PASSED] - Statement - out.println("Requested QTY : " + RequestedQty): null

2018-06-09 22:15:03 - [TEST_STEP][PASSED] - Statement - BatchNumber = com.kms.katalon.core.webui.keyword.WebUiBuiltInKeywords.getNumberOfTotalOption(com.kms.katalon.core.testobject.ObjectRepository.findTestObject(HealthpostToStore/Page_Store/select_--Select--BA1170BA2376B)): 3 options of object 'Object Repository/HealthpostToStore/Page_Store/select_--Select--BA1170BA2376B' counted

2018-06-09 22:15:03 - [MESSAGE][PASSED] - 3 options of object 'Object Repository/HealthpostToStore/Page_Store/select_--Select--BA1170BA2376B' counted

2018-06-09 22:15:03 - [TEST_STEP][PASSED] - Statement - For ([g = 1, g <= BatchNumber - 1, (g++)]): null

2018-06-09 22:15:03 - [TEST_STEP][PASSED] - selectOptionByIndex: All options with index in [1] are selected on object 'Object Repository/HealthpostToStore/Page_Store/select_--Select--BA1170BA2376B'

2018-06-09 22:15:03 - [MESSAGE][PASSED] - All options with index in [1] are selected on object 'Object Repository/HealthpostToStore/Page_Store/select_--Select--BA1170BA2376B'

2018-06-09 22:15:03 - [TEST_STEP][PASSED] - Statement - Try: null

2018-06-09 22:15:03 - [TEST_STEP][PASSED] - Statement - StockQty = com.kms.katalon.core.webui.keyword.WebUiBuiltInKeywords.getAttribute(com.kms.katalon.core.testobject.ObjectRepository.findTestObject(HealthpostToStore/Page_Store/input_txtprice), "value"): Attribute 'value' of object 'Object Repository/HealthpostToStore/Page_Store/input_txtprice' is: '130'

2018-06-09 22:15:03 - [MESSAGE][PASSED] - Attribute 'value' of object 'Object Repository/HealthpostToStore/Page_Store/input_txtprice' is: '130'

2018-06-09 22:15:03 - [TEST_STEP][PASSED] - Statement - out.println("Stock QTY : " + StockQty): null

2018-06-09 22:15:03 - [TEST_STEP][PASSED] - delay: Delayed 2 second(s)

2018-06-09 22:15:05 - [MESSAGE][PASSED] - Delayed 2 second(s)

2018-06-09 22:15:05 - [TEST_STEP][PASSED] - Statement - If (java.lang.String.valueOf(StockQty) >= java.lang.String.valueOf(RequestedQty)): null

2018-06-09 22:15:05 - [TEST_STEP][PASSED] - setText: Text '10' is set on object 'Object Repository/HealthpostToStore/Page_Store/input_txtqty'

2018-06-09 22:15:05 - [MESSAGE][PASSED] - Text '10' is set on object 'Object Repository/HealthpostToStore/Page_Store/input_txtqty'

2018-06-09 22:15:05 - [TEST_STEP][PASSED] - click: Object: 'Object Repository/HealthpostToStore/Page_Store/button_Add' is clicked on

2018-06-09 22:15:05 - [MESSAGE][PASSED] - Object: 'Object Repository/HealthpostToStore/Page_Store/button_Add' is clicked on

2018-06-09 22:15:05 - [TEST_STEP][PASSED] - Statement - Break: null

2018-06-09 22:15:05 - [TEST_STEP][PASSED] - selectOptionByIndex: All options with index in [65] are selected on object 'Object Repository/HealthpostToStore/Page_Store/select_--Select--Adernaline 0.'

2018-06-09 22:15:06 - [MESSAGE][PASSED] - All options with index in [65] are selected on object 'Object Repository/HealthpostToStore/Page_Store/select_--Select--Adernaline 0.'

2018-06-09 22:15:06 - [TEST_STEP][PASSED] - delay: Delayed 2 second(s)

2018-06-09 22:15:08 - [MESSAGE][PASSED] - Delayed 2 second(s)

2018-06-09 22:15:08 - [TEST_STEP][PASSED] - Statement - RequestedQty = com.kms.katalon.core.webui.keyword.WebUiBuiltInKeywords.getAttribute(com.kms.katalon.core.testobject.ObjectRepository.findTestObject(HealthpostToStore/Page_Store/input_txttotal), "value"): Attribute 'value' of object 'Object Repository/HealthpostToStore/Page_Store/input_txttotal' is: '10'

2018-06-09 22:15:08 - [MESSAGE][PASSED] - Attribute 'value' of object 'Object Repository/HealthpostToStore/Page_Store/input_txttotal' is: '10'

2018-06-09 22:15:08 - [TEST_STEP][PASSED] - Statement - out.println("Requested QTY : " + RequestedQty): null

2018-06-09 22:15:08 - [TEST_STEP][PASSED] - Statement - BatchNumber = com.kms.katalon.core.webui.keyword.WebUiBuiltInKeywords.getNumberOfTotalOption(com.kms.katalon.core.testobject.ObjectRepository.findTestObject(HealthpostToStore/Page_Store/select_--Select--BA1170BA2376B)): 3 options of object 'Object Repository/HealthpostToStore/Page_Store/select_--Select--BA1170BA2376B' counted

2018-06-09 22:15:08 - [MESSAGE][PASSED] - 3 options of object 'Object Repository/HealthpostToStore/Page_Store/select_--Select--BA1170BA2376B' counted

2018-06-09 22:15:08 - [TEST_STEP][PASSED] - Statement - For ([g = 1, g <= BatchNumber - 1, (g++)]): null

2018-06-09 22:15:08 - [TEST_STEP][PASSED] - selectOptionByIndex: All options with index in [1] are selected on object 'Object Repository/HealthpostToStore/Page_Store/select_--Select--BA1170BA2376B'

2018-06-09 22:15:08 - [MESSAGE][PASSED] - All options with index in [1] are selected on object 'Object Repository/HealthpostToStore/Page_Store/select_--Select--BA1170BA2376B'

2018-06-09 22:15:08 - [TEST_STEP][PASSED] - Statement - Try: null

2018-06-09 22:15:08 - [TEST_STEP][PASSED] - Statement - StockQty = com.kms.katalon.core.webui.keyword.WebUiBuiltInKeywords.getAttribute(com.kms.katalon.core.testobject.ObjectRepository.findTestObject(HealthpostToStore/Page_Store/input_txtprice), "value"): Attribute 'value' of object 'Object Repository/HealthpostToStore/Page_Store/input_txtprice' is: '170'

2018-06-09 22:15:08 - [MESSAGE][PASSED] - Attribute 'value' of object 'Object Repository/HealthpostToStore/Page_Store/input_txtprice' is: '170'

2018-06-09 22:15:08 - [TEST_STEP][PASSED] - Statement - out.println("Stock QTY : " + StockQty): null

2018-06-09 22:15:08 - [TEST_STEP][PASSED] - delay: Delayed 2 second(s)

2018-06-09 22:15:10 - [MESSAGE][PASSED] - Delayed 2 second(s)

2018-06-09 22:15:10 - [TEST_STEP][PASSED] - Statement - If (java.lang.String.valueOf(StockQty) >= java.lang.String.valueOf(RequestedQty)): null

2018-06-09 22:15:10 - [TEST_STEP][PASSED] - setText: Text '10' is set on object 'Object Repository/HealthpostToStore/Page_Store/input_txtqty'

2018-06-09 22:15:10 - [MESSAGE][PASSED] - Text '10' is set on object 'Object Repository/HealthpostToStore/Page_Store/input_txtqty'

2018-06-09 22:15:10 - [TEST_STEP][PASSED] - click: Object: 'Object Repository/HealthpostToStore/Page_Store/button_Add' is clicked on

2018-06-09 22:15:10 - [MESSAGE][PASSED] - Object: 'Object Repository/HealthpostToStore/Page_Store/button_Add' is clicked on

2018-06-09 22:15:10 - [TEST_STEP][PASSED] - Statement - Break: null

2018-06-09 22:15:10 - [TEST_STEP][PASSED] - selectOptionByIndex: All options with index in [66] are selected on object 'Object Repository/HealthpostToStore/Page_Store/select_--Select--Adernaline 0.'

2018-06-09 22:15:11 - [MESSAGE][PASSED] - All options with index in [66] are selected on object 'Object Repository/HealthpostToStore/Page_Store/select_--Select--Adernaline 0.'

2018-06-09 22:15:11 - [TEST_STEP][PASSED] - delay: Delayed 2 second(s)

2018-06-09 22:15:13 - [MESSAGE][PASSED] - Delayed 2 second(s)

2018-06-09 22:15:13 - [TEST_STEP][PASSED] - Statement - RequestedQty = com.kms.katalon.core.webui.keyword.WebUiBuiltInKeywords.getAttribute(com.kms.katalon.core.testobject.ObjectRepository.findTestObject(HealthpostToStore/Page_Store/input_txttotal), "value"): Attribute 'value' of object 'Object Repository/HealthpostToStore/Page_Store/input_txttotal' is: '10'

2018-06-09 22:15:13 - [MESSAGE][PASSED] - Attribute 'value' of object 'Object Repository/HealthpostToStore/Page_Store/input_txttotal' is: '10'

2018-06-09 22:15:13 - [TEST_STEP][PASSED] - Statement - out.println("Requested QTY : " + RequestedQty): null

2018-06-09 22:15:13 - [TEST_STEP][PASSED] - Statement - BatchNumber = com.kms.katalon.core.webui.keyword.WebUiBuiltInKeywords.getNumberOfTotalOption(com.kms.katalon.core.testobject.ObjectRepository.findTestObject(HealthpostToStore/Page_Store/select_--Select--BA1170BA2376B)): 2 options of object 'Object Repository/HealthpostToStore/Page_Store/select_--Select--BA1170BA2376B' counted

2018-06-09 22:15:13 - [MESSAGE][PASSED] - 2 options of object 'Object Repository/HealthpostToStore/Page_Store/select_--Select--BA1170BA2376B' counted

2018-06-09 22:15:13 - [TEST_STEP][PASSED] - Statement - For ([g = 1, g <= BatchNumber - 1, (g++)]): null

2018-06-09 22:15:13 - [TEST_STEP][PASSED] - selectOptionByIndex: All options with index in [1] are selected on object 'Object Repository/HealthpostToStore/Page_Store/select_--Select--BA1170BA2376B'

2018-06-09 22:15:13 - [MESSAGE][PASSED] - All options with index in [1] are selected on object 'Object Repository/HealthpostToStore/Page_Store/select_--Select--BA1170BA2376B'

2018-06-09 22:15:13 - [TEST_STEP][PASSED] - Statement - Try: null

2018-06-09 22:15:13 - [TEST_STEP][PASSED] - Statement - StockQty = com.kms.katalon.core.webui.keyword.WebUiBuiltInKeywords.getAttribute(com.kms.katalon.core.testobject.ObjectRepository.findTestObject(HealthpostToStore/Page_Store/input_txtprice), "value"): Attribute 'value' of object 'Object Repository/HealthpostToStore/Page_Store/input_txtprice' is: '330'

2018-06-09 22:15:13 - [MESSAGE][PASSED] - Attribute 'value' of object 'Object Repository/HealthpostToStore/Page_Store/input_txtprice' is: '330'

2018-06-09 22:15:13 - [TEST_STEP][PASSED] - Statement - out.println("Stock QTY : " + StockQty): null

2018-06-09 22:15:13 - [TEST_STEP][PASSED] - delay: Delayed 2 second(s)

2018-06-09 22:15:15 - [MESSAGE][PASSED] - Delayed 2 second(s)

2018-06-09 22:15:15 - [TEST_STEP][PASSED] - Statement - If (java.lang.String.valueOf(StockQty) >= java.lang.String.valueOf(RequestedQty)): null

2018-06-09 22:15:15 - [TEST_STEP][PASSED] - setText: Text '10' is set on object 'Object Repository/HealthpostToStore/Page_Store/input_txtqty'

2018-06-09 22:15:15 - [MESSAGE][PASSED] - Text '10' is set on object 'Object Repository/HealthpostToStore/Page_Store/input_txtqty'

2018-06-09 22:15:15 - [TEST_STEP][PASSED] - click: Object: 'Object Repository/HealthpostToStore/Page_Store/button_Add' is clicked on

2018-06-09 22:15:15 - [MESSAGE][PASSED] - Object: 'Object Repository/HealthpostToStore/Page_Store/button_Add' is clicked on

2018-06-09 22:15:15 - [TEST_STEP][PASSED] - Statement - Break: null

2018-06-09 22:15:15 - [TEST_STEP][PASSED] - selectOptionByIndex: All options with index in [67] are selected on object 'Object Repository/HealthpostToStore/Page_Store/select_--Select--Adernaline 0.'

2018-06-09 22:15:16 - [MESSAGE][PASSED] - All options with index in [67] are selected on object 'Object Repository/HealthpostToStore/Page_Store/select_--Select--Adernaline 0.'

2018-06-09 22:15:16 - [TEST_STEP][PASSED] - delay: Delayed 2 second(s)

2018-06-09 22:15:18 - [MESSAGE][PASSED] - Delayed 2 second(s)

2018-06-09 22:15:18 - [TEST_STEP][PASSED] - Statement - RequestedQty = com.kms.katalon.core.webui.keyword.WebUiBuiltInKeywords.getAttribute(com.kms.katalon.core.testobject.ObjectRepository.findTestObject(HealthpostToStore/Page_Store/input_txttotal), "value"): Attribute 'value' of object 'Object Repository/HealthpostToStore/Page_Store/input_txttotal' is: '10'

2018-06-09 22:15:18 - [MESSAGE][PASSED] - Attribute 'value' of object 'Object Repository/HealthpostToStore/Page_Store/input_txttotal' is: '10'

2018-06-09 22:15:18 - [TEST_STEP][PASSED] - Statement - out.println("Requested QTY : " + RequestedQty): null

2018-06-09 22:15:18 - [TEST_STEP][PASSED] - Statement - BatchNumber = com.kms.katalon.core.webui.keyword.WebUiBuiltInKeywords.getNumberOfTotalOption(com.kms.katalon.core.testobject.ObjectRepository.findTestObject(HealthpostToStore/Page_Store/select_--Select--BA1170BA2376B)): 3 options of object 'Object Repository/HealthpostToStore/Page_Store/select_--Select--BA1170BA2376B' counted

2018-06-09 22:15:18 - [MESSAGE][PASSED] - 3 options of object 'Object Repository/HealthpostToStore/Page_Store/select_--Select--BA1170BA2376B' counted

2018-06-09 22:15:18 - [TEST_STEP][PASSED] - Statement - For ([g = 1, g <= BatchNumber - 1, (g++)]): null

2018-06-09 22:15:18 - [TEST_STEP][PASSED] - selectOptionByIndex: All options with index in [1] are selected on object 'Object Repository/HealthpostToStore/Page_Store/select_--Select--BA1170BA2376B'

2018-06-09 22:15:19 - [MESSAGE][PASSED] - All options with index in [1] are selected on object 'Object Repository/HealthpostToStore/Page_Store/select_--Select--BA1170BA2376B'

2018-06-09 22:15:19 - [TEST_STEP][PASSED] - Statement - Try: null

2018-06-09 22:15:19 - [TEST_STEP][PASSED] - Statement - StockQty = com.kms.katalon.core.webui.keyword.WebUiBuiltInKeywords.getAttribute(com.kms.katalon.core.testobject.ObjectRepository.findTestObject(HealthpostToStore/Page_Store/input_txtprice), "value"): Attribute 'value' of object 'Object Repository/HealthpostToStore/Page_Store/input_txtprice' is: '170'

2018-06-09 22:15:19 - [MESSAGE][PASSED] - Attribute 'value' of object 'Object Repository/HealthpostToStore/Page_Store/input_txtprice' is: '170'

2018-06-09 22:15:19 - [TEST_STEP][PASSED] - Statement - out.println("Stock QTY : " + StockQty): null

2018-06-09 22:15:19 - [TEST_STEP][PASSED] - delay: Delayed 2 second(s)

2018-06-09 22:15:21 - [MESSAGE][PASSED] - Delayed 2 second(s)

2018-06-09 22:15:21 - [TEST_STEP][PASSED] - Statement - If (java.lang.String.valueOf(StockQty) >= java.lang.String.valueOf(RequestedQty)): null

2018-06-09 22:15:21 - [TEST_STEP][PASSED] - setText: Text '10' is set on object 'Object Repository/HealthpostToStore/Page_Store/input_txtqty'

2018-06-09 22:15:21 - [MESSAGE][PASSED] - Text '10' is set on object 'Object Repository/HealthpostToStore/Page_Store/input_txtqty'

2018-06-09 22:15:21 - [TEST_STEP][PASSED] - click: Object: 'Object Repository/HealthpostToStore/Page_Store/button_Add' is clicked on

2018-06-09 22:15:21 - [MESSAGE][PASSED] - Object: 'Object Repository/HealthpostToStore/Page_Store/button_Add' is clicked on

2018-06-09 22:15:21 - [TEST_STEP][PASSED] - Statement - Break: null

2018-06-09 22:15:21 - [TEST_STEP][PASSED] - selectOptionByIndex: All options with index in [68] are selected on object 'Object Repository/HealthpostToStore/Page_Store/select_--Select--Adernaline 0.'

2018-06-09 22:15:21 - [MESSAGE][PASSED] - All options with index in [68] are selected on object 'Object Repository/HealthpostToStore/Page_Store/select_--Select--Adernaline 0.'

2018-06-09 22:15:21 - [TEST_STEP][PASSED] - delay: Delayed 2 second(s)

2018-06-09 22:15:23 - [MESSAGE][PASSED] - Delayed 2 second(s)

2018-06-09 22:15:23 - [TEST_STEP][PASSED] - Statement - RequestedQty = com.kms.katalon.core.webui.keyword.WebUiBuiltInKeywords.getAttribute(com.kms.katalon.core.testobject.ObjectRepository.findTestObject(HealthpostToStore/Page_Store/input_txttotal), "value"): Attribute 'value' of object 'Object Repository/HealthpostToStore/Page_Store/input_txttotal' is: '10'

2018-06-09 22:15:23 - [MESSAGE][PASSED] - Attribute 'value' of object 'Object Repository/HealthpostToStore/Page_Store/input_txttotal' is: '10'

2018-06-09 22:15:23 - [TEST_STEP][PASSED] - Statement - out.println("Requested QTY : " + RequestedQty): null

2018-06-09 22:15:23 - [TEST_STEP][PASSED] - Statement - BatchNumber = com.kms.katalon.core.webui.keyword.WebUiBuiltInKeywords.getNumberOfTotalOption(com.kms.katalon.core.testobject.ObjectRepository.findTestObject(HealthpostToStore/Page_Store/select_--Select--BA1170BA2376B)): 3 options of object 'Object Repository/HealthpostToStore/Page_Store/select_--Select--BA1170BA2376B' counted

2018-06-09 22:15:24 - [MESSAGE][PASSED] - 3 options of object 'Object Repository/HealthpostToStore/Page_Store/select_--Select--BA1170BA2376B' counted

2018-06-09 22:15:24 - [TEST_STEP][PASSED] - Statement - For ([g = 1, g <= BatchNumber - 1, (g++)]): null

2018-06-09 22:15:24 - [TEST_STEP][PASSED] - selectOptionByIndex: All options with index in [1] are selected on object 'Object Repository/HealthpostToStore/Page_Store/select_--Select--BA1170BA2376B'

2018-06-09 22:15:24 - [MESSAGE][PASSED] - All options with index in [1] are selected on object 'Object Repository/HealthpostToStore/Page_Store/select_--Select--BA1170BA2376B'

2018-06-09 22:15:24 - [TEST_STEP][PASSED] - Statement - Try: null

2018-06-09 22:15:24 - [TEST_STEP][PASSED] - Statement - StockQty = com.kms.katalon.core.webui.keyword.WebUiBuiltInKeywords.getAttribute(com.kms.katalon.core.testobject.ObjectRepository.findTestObject(HealthpostToStore/Page_Store/input_txtprice), "value"): Attribute 'value' of object 'Object Repository/HealthpostToStore/Page_Store/input_txtprice' is: '130'

2018-06-09 22:15:24 - [MESSAGE][PASSED] - Attribute 'value' of object 'Object Repository/HealthpostToStore/Page_Store/input_txtprice' is: '130'

2018-06-09 22:15:24 - [TEST_STEP][PASSED] - Statement - out.println("Stock QTY : " + StockQty): null

2018-06-09 22:15:24 - [TEST_STEP][PASSED] - delay: Delayed 2 second(s)

2018-06-09 22:15:26 - [MESSAGE][PASSED] - Delayed 2 second(s)

2018-06-09 22:15:26 - [TEST_STEP][PASSED] - Statement - If (java.lang.String.valueOf(StockQty) >= java.lang.String.valueOf(RequestedQty)): null

2018-06-09 22:15:26 - [TEST_STEP][PASSED] - setText: Text '10' is set on object 'Object Repository/HealthpostToStore/Page_Store/input_txtqty'

2018-06-09 22:15:26 - [MESSAGE][PASSED] - Text '10' is set on object 'Object Repository/HealthpostToStore/Page_Store/input_txtqty'

2018-06-09 22:15:26 - [TEST_STEP][PASSED] - click: Object: 'Object Repository/HealthpostToStore/Page_Store/button_Add' is clicked on

2018-06-09 22:15:26 - [MESSAGE][PASSED] - Object: 'Object Repository/HealthpostToStore/Page_Store/button_Add' is clicked on

2018-06-09 22:15:26 - [TEST_STEP][PASSED] - Statement - Break: null

2018-06-09 22:15:26 - [TEST_STEP][PASSED] - selectOptionByIndex: All options with index in [69] are selected on object 'Object Repository/HealthpostToStore/Page_Store/select_--Select--Adernaline 0.'

2018-06-09 22:15:27 - [MESSAGE][PASSED] - All options with index in [69] are selected on object 'Object Repository/HealthpostToStore/Page_Store/select_--Select--Adernaline 0.'

2018-06-09 22:15:27 - [TEST_STEP][PASSED] - delay: Delayed 2 second(s)

2018-06-09 22:15:29 - [MESSAGE][PASSED] - Delayed 2 second(s)

2018-06-09 22:15:29 - [TEST_STEP][PASSED] - Statement - RequestedQty = com.kms.katalon.core.webui.keyword.WebUiBuiltInKeywords.getAttribute(com.kms.katalon.core.testobject.ObjectRepository.findTestObject(HealthpostToStore/Page_Store/input_txttotal), "value"): Attribute 'value' of object 'Object Repository/HealthpostToStore/Page_Store/input_txttotal' is: '10'

2018-06-09 22:15:29 - [MESSAGE][PASSED] - Attribute 'value' of object 'Object Repository/HealthpostToStore/Page_Store/input_txttotal' is: '10'

2018-06-09 22:15:29 - [TEST_STEP][PASSED] - Statement - out.println("Requested QTY : " + RequestedQty): null

2018-06-09 22:15:29 - [TEST_STEP][PASSED] - Statement - BatchNumber = com.kms.katalon.core.webui.keyword.WebUiBuiltInKeywords.getNumberOfTotalOption(com.kms.katalon.core.testobject.ObjectRepository.findTestObject(HealthpostToStore/Page_Store/select_--Select--BA1170BA2376B)): 2 options of object 'Object Repository/HealthpostToStore/Page_Store/select_--Select--BA1170BA2376B' counted

2018-06-09 22:15:29 - [MESSAGE][PASSED] - 2 options of object 'Object Repository/HealthpostToStore/Page_Store/select_--Select--BA1170BA2376B' counted

2018-06-09 22:15:29 - [TEST_STEP][PASSED] - Statement - For ([g = 1, g <= BatchNumber - 1, (g++)]): null

2018-06-09 22:15:29 - [TEST_STEP][PASSED] - selectOptionByIndex: All options with index in [1] are selected on object 'Object Repository/HealthpostToStore/Page_Store/select_--Select--BA1170BA2376B'

2018-06-09 22:15:29 - [MESSAGE][PASSED] - All options with index in [1] are selected on object 'Object Repository/HealthpostToStore/Page_Store/select_--Select--BA1170BA2376B'

2018-06-09 22:15:29 - [TEST_STEP][PASSED] - Statement - Try: null

2018-06-09 22:15:29 - [TEST_STEP][PASSED] - Statement - StockQty = com.kms.katalon.core.webui.keyword.WebUiBuiltInKeywords.getAttribute(com.kms.katalon.core.testobject.ObjectRepository.findTestObject(HealthpostToStore/Page_Store/input_txtprice), "value"): Attribute 'value' of object 'Object Repository/HealthpostToStore/Page_Store/input_txtprice' is: '340'

2018-06-09 22:15:29 - [MESSAGE][PASSED] - Attribute 'value' of object 'Object Repository/HealthpostToStore/Page_Store/input_txtprice' is: '340'

2018-06-09 22:15:29 - [TEST_STEP][PASSED] - Statement - out.println("Stock QTY : " + StockQty): null

2018-06-09 22:15:29 - [TEST_STEP][PASSED] - delay: Delayed 2 second(s)

2018-06-09 22:15:31 - [MESSAGE][PASSED] - Delayed 2 second(s)

2018-06-09 22:15:31 - [TEST_STEP][PASSED] - Statement - If (java.lang.String.valueOf(StockQty) >= java.lang.String.valueOf(RequestedQty)): null

2018-06-09 22:15:31 - [TEST_STEP][PASSED] - setText: Text '10' is set on object 'Object Repository/HealthpostToStore/Page_Store/input_txtqty'

2018-06-09 22:15:31 - [MESSAGE][PASSED] - Text '10' is set on object 'Object Repository/HealthpostToStore/Page_Store/input_txtqty'

2018-06-09 22:15:31 - [TEST_STEP][PASSED] - click: Object: 'Object Repository/HealthpostToStore/Page_Store/button_Add' is clicked on

2018-06-09 22:15:31 - [MESSAGE][PASSED] - Object: 'Object Repository/HealthpostToStore/Page_Store/button_Add' is clicked on

2018-06-09 22:15:31 - [TEST_STEP][PASSED] - Statement - Break: null

2018-06-09 22:15:31 - [TEST_STEP][PASSED] - selectOptionByIndex: All options with index in [70] are selected on object 'Object Repository/HealthpostToStore/Page_Store/select_--Select--Adernaline 0.'

2018-06-09 22:15:32 - [MESSAGE][PASSED] - All options with index in [70] are selected on object 'Object Repository/HealthpostToStore/Page_Store/select_--Select--Adernaline 0.'

2018-06-09 22:15:32 - [TEST_STEP][PASSED] - delay: Delayed 2 second(s)

2018-06-09 22:15:34 - [MESSAGE][PASSED] - Delayed 2 second(s)

2018-06-09 22:15:34 - [TEST_STEP][PASSED] - Statement - RequestedQty = com.kms.katalon.core.webui.keyword.WebUiBuiltInKeywords.getAttribute(com.kms.katalon.core.testobject.ObjectRepository.findTestObject(HealthpostToStore/Page_Store/input_txttotal), "value"): Attribute 'value' of object 'Object Repository/HealthpostToStore/Page_Store/input_txttotal' is: '10'

2018-06-09 22:15:34 - [MESSAGE][PASSED] - Attribute 'value' of object 'Object Repository/HealthpostToStore/Page_Store/input_txttotal' is: '10'

2018-06-09 22:15:34 - [TEST_STEP][PASSED] - Statement - out.println("Requested QTY : " + RequestedQty): null

2018-06-09 22:15:34 - [TEST_STEP][PASSED] - Statement - BatchNumber = com.kms.katalon.core.webui.keyword.WebUiBuiltInKeywords.getNumberOfTotalOption(com.kms.katalon.core.testobject.ObjectRepository.findTestObject(HealthpostToStore/Page_Store/select_--Select--BA1170BA2376B)): 2 options of object 'Object Repository/HealthpostToStore/Page_Store/select_--Select--BA1170BA2376B' counted

2018-06-09 22:15:34 - [MESSAGE][PASSED] - 2 options of object 'Object Repository/HealthpostToStore/Page_Store/select_--Select--BA1170BA2376B' counted

2018-06-09 22:15:34 - [TEST_STEP][PASSED] - Statement - For ([g = 1, g <= BatchNumber - 1, (g++)]): null

2018-06-09 22:15:34 - [TEST_STEP][PASSED] - selectOptionByIndex: All options with index in [1] are selected on object 'Object Repository/HealthpostToStore/Page_Store/select_--Select--BA1170BA2376B'

2018-06-09 22:15:34 - [MESSAGE][PASSED] - All options with index in [1] are selected on object 'Object Repository/HealthpostToStore/Page_Store/select_--Select--BA1170BA2376B'

2018-06-09 22:15:34 - [TEST_STEP][PASSED] - Statement - Try: null

2018-06-09 22:15:34 - [TEST_STEP][PASSED] - Statement - StockQty = com.kms.katalon.core.webui.keyword.WebUiBuiltInKeywords.getAttribute(com.kms.katalon.core.testobject.ObjectRepository.findTestObject(HealthpostToStore/Page_Store/input_txtprice), "value"): Attribute 'value' of object 'Object Repository/HealthpostToStore/Page_Store/input_txtprice' is: '330'

2018-06-09 22:15:34 - [MESSAGE][PASSED] - Attribute 'value' of object 'Object Repository/HealthpostToStore/Page_Store/input_txtprice' is: '330'

2018-06-09 22:15:34 - [TEST_STEP][PASSED] - Statement - out.println("Stock QTY : " + StockQty): null

2018-06-09 22:15:34 - [TEST_STEP][PASSED] - delay: Delayed 2 second(s)

2018-06-09 22:15:36 - [MESSAGE][PASSED] - Delayed 2 second(s)

2018-06-09 22:15:36 - [TEST_STEP][PASSED] - Statement - If (java.lang.String.valueOf(StockQty) >= java.lang.String.valueOf(RequestedQty)): null

2018-06-09 22:15:36 - [TEST_STEP][PASSED] - setText: Text '10' is set on object 'Object Repository/HealthpostToStore/Page_Store/input_txtqty'

2018-06-09 22:15:36 - [MESSAGE][PASSED] - Text '10' is set on object 'Object Repository/HealthpostToStore/Page_Store/input_txtqty'

2018-06-09 22:15:36 - [TEST_STEP][PASSED] - click: Object: 'Object Repository/HealthpostToStore/Page_Store/button_Add' is clicked on

2018-06-09 22:15:36 - [MESSAGE][PASSED] - Object: 'Object Repository/HealthpostToStore/Page_Store/button_Add' is clicked on

2018-06-09 22:15:36 - [TEST_STEP][PASSED] - Statement - Break: null

2018-06-09 22:15:36 - [TEST_STEP][PASSED] - selectOptionByIndex: All options with index in [71] are selected on object 'Object Repository/HealthpostToStore/Page_Store/select_--Select--Adernaline 0.'

2018-06-09 22:15:37 - [MESSAGE][PASSED] - All options with index in [71] are selected on object 'Object Repository/HealthpostToStore/Page_Store/select_--Select--Adernaline 0.'

2018-06-09 22:15:37 - [TEST_STEP][PASSED] - delay: Delayed 2 second(s)

2018-06-09 22:15:39 - [MESSAGE][PASSED] - Delayed 2 second(s)

2018-06-09 22:15:39 - [TEST_STEP][PASSED] - Statement - RequestedQty = com.kms.katalon.core.webui.keyword.WebUiBuiltInKeywords.getAttribute(com.kms.katalon.core.testobject.ObjectRepository.findTestObject(HealthpostToStore/Page_Store/input_txttotal), "value"): Attribute 'value' of object 'Object Repository/HealthpostToStore/Page_Store/input_txttotal' is: '10'

2018-06-09 22:15:39 - [MESSAGE][PASSED] - Attribute 'value' of object 'Object Repository/HealthpostToStore/Page_Store/input_txttotal' is: '10'

2018-06-09 22:15:39 - [TEST_STEP][PASSED] - Statement - out.println("Requested QTY : " + RequestedQty): null

2018-06-09 22:15:39 - [TEST_STEP][PASSED] - Statement - BatchNumber = com.kms.katalon.core.webui.keyword.WebUiBuiltInKeywords.getNumberOfTotalOption(com.kms.katalon.core.testobject.ObjectRepository.findTestObject(HealthpostToStore/Page_Store/select_--Select--BA1170BA2376B)): 3 options of object 'Object Repository/HealthpostToStore/Page_Store/select_--Select--BA1170BA2376B' counted

2018-06-09 22:15:39 - [MESSAGE][PASSED] - 3 options of object 'Object Repository/HealthpostToStore/Page_Store/select_--Select--BA1170BA2376B' counted

2018-06-09 22:15:39 - [TEST_STEP][PASSED] - Statement - For ([g = 1, g <= BatchNumber - 1, (g++)]): null

2018-06-09 22:15:39 - [TEST_STEP][PASSED] - selectOptionByIndex: All options with index in [1] are selected on object 'Object Repository/HealthpostToStore/Page_Store/select_--Select--BA1170BA2376B'

2018-06-09 22:15:39 - [MESSAGE][PASSED] - All options with index in [1] are selected on object 'Object Repository/HealthpostToStore/Page_Store/select_--Select--BA1170BA2376B'

2018-06-09 22:15:39 - [TEST_STEP][PASSED] - Statement - Try: null

2018-06-09 22:15:39 - [TEST_STEP][PASSED] - Statement - StockQty = com.kms.katalon.core.webui.keyword.WebUiBuiltInKeywords.getAttribute(com.kms.katalon.core.testobject.ObjectRepository.findTestObject(HealthpostToStore/Page_Store/input_txtprice), "value"): Attribute 'value' of object 'Object Repository/HealthpostToStore/Page_Store/input_txtprice' is: '170'

2018-06-09 22:15:39 - [MESSAGE][PASSED] - Attribute 'value' of object 'Object Repository/HealthpostToStore/Page_Store/input_txtprice' is: '170'

2018-06-09 22:15:39 - [TEST_STEP][PASSED] - Statement - out.println("Stock QTY : " + StockQty): null

2018-06-09 22:15:39 - [TEST_STEP][PASSED] - delay: Delayed 2 second(s)

2018-06-09 22:15:41 - [MESSAGE][PASSED] - Delayed 2 second(s)

2018-06-09 22:15:41 - [TEST_STEP][PASSED] - Statement - If (java.lang.String.valueOf(StockQty) >= java.lang.String.valueOf(RequestedQty)): null

2018-06-09 22:15:41 - [TEST_STEP][PASSED] - setText: Text '10' is set on object 'Object Repository/HealthpostToStore/Page_Store/input_txtqty'

2018-06-09 22:15:41 - [MESSAGE][PASSED] - Text '10' is set on object 'Object Repository/HealthpostToStore/Page_Store/input_txtqty'

2018-06-09 22:15:41 - [TEST_STEP][PASSED] - click: Object: 'Object Repository/HealthpostToStore/Page_Store/button_Add' is clicked on

2018-06-09 22:15:41 - [MESSAGE][PASSED] - Object: 'Object Repository/HealthpostToStore/Page_Store/button_Add' is clicked on

2018-06-09 22:15:41 - [TEST_STEP][PASSED] - Statement - Break: null

2018-06-09 22:15:41 - [TEST_STEP][PASSED] - selectOptionByIndex: All options with index in [72] are selected on object 'Object Repository/HealthpostToStore/Page_Store/select_--Select--Adernaline 0.'

2018-06-09 22:15:42 - [MESSAGE][PASSED] - All options with index in [72] are selected on object 'Object Repository/HealthpostToStore/Page_Store/select_--Select--Adernaline 0.'

2018-06-09 22:15:42 - [TEST_STEP][PASSED] - delay: Delayed 2 second(s)

2018-06-09 22:15:44 - [MESSAGE][PASSED] - Delayed 2 second(s)

2018-06-09 22:15:44 - [TEST_STEP][PASSED] - Statement - RequestedQty = com.kms.katalon.core.webui.keyword.WebUiBuiltInKeywords.getAttribute(com.kms.katalon.core.testobject.ObjectRepository.findTestObject(HealthpostToStore/Page_Store/input_txttotal), "value"): Attribute 'value' of object 'Object Repository/HealthpostToStore/Page_Store/input_txttotal' is: '10'

2018-06-09 22:15:44 - [MESSAGE][PASSED] - Attribute 'value' of object 'Object Repository/HealthpostToStore/Page_Store/input_txttotal' is: '10'

2018-06-09 22:15:44 - [TEST_STEP][PASSED] - Statement - out.println("Requested QTY : " + RequestedQty): null

2018-06-09 22:15:44 - [TEST_STEP][PASSED] - Statement - BatchNumber = com.kms.katalon.core.webui.keyword.WebUiBuiltInKeywords.getNumberOfTotalOption(com.kms.katalon.core.testobject.ObjectRepository.findTestObject(HealthpostToStore/Page_Store/select_--Select--BA1170BA2376B)): 2 options of object 'Object Repository/HealthpostToStore/Page_Store/select_--Select--BA1170BA2376B' counted

2018-06-09 22:15:44 - [MESSAGE][PASSED] - 2 options of object 'Object Repository/HealthpostToStore/Page_Store/select_--Select--BA1170BA2376B' counted

2018-06-09 22:15:44 - [TEST_STEP][PASSED] - Statement - For ([g = 1, g <= BatchNumber - 1, (g++)]): null

2018-06-09 22:15:44 - [TEST_STEP][PASSED] - selectOptionByIndex: All options with index in [1] are selected on object 'Object Repository/HealthpostToStore/Page_Store/select_--Select--BA1170BA2376B'

2018-06-09 22:15:44 - [MESSAGE][PASSED] - All options with index in [1] are selected on object 'Object Repository/HealthpostToStore/Page_Store/select_--Select--BA1170BA2376B'

2018-06-09 22:15:44 - [TEST_STEP][PASSED] - Statement - Try: null

2018-06-09 22:15:44 - [TEST_STEP][PASSED] - Statement - StockQty = com.kms.katalon.core.webui.keyword.WebUiBuiltInKeywords.getAttribute(com.kms.katalon.core.testobject.ObjectRepository.findTestObject(HealthpostToStore/Page_Store/input_txtprice), "value"): Attribute 'value' of object 'Object Repository/HealthpostToStore/Page_Store/input_txtprice' is: '330'

2018-06-09 22:15:44 - [MESSAGE][PASSED] - Attribute 'value' of object 'Object Repository/HealthpostToStore/Page_Store/input_txtprice' is: '330'

2018-06-09 22:15:44 - [TEST_STEP][PASSED] - Statement - out.println("Stock QTY : " + StockQty): null

2018-06-09 22:15:44 - [TEST_STEP][PASSED] - delay: Delayed 2 second(s)

2018-06-09 22:15:46 - [MESSAGE][PASSED] - Delayed 2 second(s)

2018-06-09 22:15:46 - [TEST_STEP][PASSED] - Statement - If (java.lang.String.valueOf(StockQty) >= java.lang.String.valueOf(RequestedQty)): null

2018-06-09 22:15:46 - [TEST_STEP][PASSED] - setText: Text '10' is set on object 'Object Repository/HealthpostToStore/Page_Store/input_txtqty'

2018-06-09 22:15:47 - [MESSAGE][PASSED] - Text '10' is set on object 'Object Repository/HealthpostToStore/Page_Store/input_txtqty'

2018-06-09 22:15:47 - [TEST_STEP][PASSED] - click: Object: 'Object Repository/HealthpostToStore/Page_Store/button_Add' is clicked on

2018-06-09 22:15:47 - [MESSAGE][PASSED] - Object: 'Object Repository/HealthpostToStore/Page_Store/button_Add' is clicked on

2018-06-09 22:15:47 - [TEST_STEP][PASSED] - Statement - Break: null

2018-06-09 22:15:47 - [TEST_STEP][PASSED] - selectOptionByIndex: All options with index in [73] are selected on object 'Object Repository/HealthpostToStore/Page_Store/select_--Select--Adernaline 0.'

2018-06-09 22:15:47 - [MESSAGE][PASSED] - All options with index in [73] are selected on object 'Object Repository/HealthpostToStore/Page_Store/select_--Select--Adernaline 0.'

2018-06-09 22:15:47 - [TEST_STEP][PASSED] - delay: Delayed 2 second(s)

2018-06-09 22:15:49 - [MESSAGE][PASSED] - Delayed 2 second(s)

2018-06-09 22:15:49 - [TEST_STEP][PASSED] - Statement - RequestedQty = com.kms.katalon.core.webui.keyword.WebUiBuiltInKeywords.getAttribute(com.kms.katalon.core.testobject.ObjectRepository.findTestObject(HealthpostToStore/Page_Store/input_txttotal), "value"): Attribute 'value' of object 'Object Repository/HealthpostToStore/Page_Store/input_txttotal' is: '10'

2018-06-09 22:15:49 - [MESSAGE][PASSED] - Attribute 'value' of object 'Object Repository/HealthpostToStore/Page_Store/input_txttotal' is: '10'

2018-06-09 22:15:49 - [TEST_STEP][PASSED] - Statement - out.println("Requested QTY : " + RequestedQty): null

2018-06-09 22:15:49 - [TEST_STEP][PASSED] - Statement - BatchNumber = com.kms.katalon.core.webui.keyword.WebUiBuiltInKeywords.getNumberOfTotalOption(com.kms.katalon.core.testobject.ObjectRepository.findTestObject(HealthpostToStore/Page_Store/select_--Select--BA1170BA2376B)): 3 options of object 'Object Repository/HealthpostToStore/Page_Store/select_--Select--BA1170BA2376B' counted

2018-06-09 22:15:49 - [MESSAGE][PASSED] - 3 options of object 'Object Repository/HealthpostToStore/Page_Store/select_--Select--BA1170BA2376B' counted

2018-06-09 22:15:49 - [TEST_STEP][PASSED] - Statement - For ([g = 1, g <= BatchNumber - 1, (g++)]): null

2018-06-09 22:15:49 - [TEST_STEP][PASSED] - selectOptionByIndex: All options with index in [1] are selected on object 'Object Repository/HealthpostToStore/Page_Store/select_--Select--BA1170BA2376B'

2018-06-09 22:15:50 - [MESSAGE][PASSED] - All options with index in [1] are selected on object 'Object Repository/HealthpostToStore/Page_Store/select_--Select--BA1170BA2376B'

2018-06-09 22:15:50 - [TEST_STEP][PASSED] - Statement - Try: null

2018-06-09 22:15:50 - [TEST_STEP][PASSED] - Statement - StockQty = com.kms.katalon.core.webui.keyword.WebUiBuiltInKeywords.getAttribute(com.kms.katalon.core.testobject.ObjectRepository.findTestObject(HealthpostToStore/Page_Store/input_txtprice), "value"): Attribute 'value' of object 'Object Repository/HealthpostToStore/Page_Store/input_txtprice' is: '130'

2018-06-09 22:15:50 - [MESSAGE][PASSED] - Attribute 'value' of object 'Object Repository/HealthpostToStore/Page_Store/input_txtprice' is: '130'

2018-06-09 22:15:50 - [TEST_STEP][PASSED] - Statement - out.println("Stock QTY : " + StockQty): null

2018-06-09 22:15:50 - [TEST_STEP][PASSED] - delay: Delayed 2 second(s)

2018-06-09 22:15:52 - [MESSAGE][PASSED] - Delayed 2 second(s)

2018-06-09 22:15:52 - [TEST_STEP][PASSED] - Statement - If (java.lang.String.valueOf(StockQty) >= java.lang.String.valueOf(RequestedQty)): null

2018-06-09 22:15:52 - [TEST_STEP][PASSED] - setText: Text '10' is set on object 'Object Repository/HealthpostToStore/Page_Store/input_txtqty'

2018-06-09 22:15:52 - [MESSAGE][PASSED] - Text '10' is set on object 'Object Repository/HealthpostToStore/Page_Store/input_txtqty'

2018-06-09 22:15:52 - [TEST_STEP][PASSED] - click: Object: 'Object Repository/HealthpostToStore/Page_Store/button_Add' is clicked on

2018-06-09 22:15:52 - [MESSAGE][PASSED] - Object: 'Object Repository/HealthpostToStore/Page_Store/button_Add' is clicked on

2018-06-09 22:15:52 - [TEST_STEP][PASSED] - Statement - Break: null

2018-06-09 22:15:52 - [TEST_STEP][PASSED] - selectOptionByIndex: All options with index in [74] are selected on object 'Object Repository/HealthpostToStore/Page_Store/select_--Select--Adernaline 0.'

2018-06-09 22:15:53 - [MESSAGE][PASSED] - All options with index in [74] are selected on object 'Object Repository/HealthpostToStore/Page_Store/select_--Select--Adernaline 0.'

2018-06-09 22:15:53 - [TEST_STEP][PASSED] - delay: Delayed 2 second(s)

2018-06-09 22:15:55 - [MESSAGE][PASSED] - Delayed 2 second(s)

2018-06-09 22:15:55 - [TEST_STEP][PASSED] - Statement - RequestedQty = com.kms.katalon.core.webui.keyword.WebUiBuiltInKeywords.getAttribute(com.kms.katalon.core.testobject.ObjectRepository.findTestObject(HealthpostToStore/Page_Store/input_txttotal), "value"): Attribute 'value' of object 'Object Repository/HealthpostToStore/Page_Store/input_txttotal' is: '10'

2018-06-09 22:15:55 - [MESSAGE][PASSED] - Attribute 'value' of object 'Object Repository/HealthpostToStore/Page_Store/input_txttotal' is: '10'

2018-06-09 22:15:55 - [TEST_STEP][PASSED] - Statement - out.println("Requested QTY : " + RequestedQty): null

2018-06-09 22:15:55 - [TEST_STEP][PASSED] - Statement - BatchNumber = com.kms.katalon.core.webui.keyword.WebUiBuiltInKeywords.getNumberOfTotalOption(com.kms.katalon.core.testobject.ObjectRepository.findTestObject(HealthpostToStore/Page_Store/select_--Select--BA1170BA2376B)): 2 options of object 'Object Repository/HealthpostToStore/Page_Store/select_--Select--BA1170BA2376B' counted

2018-06-09 22:15:55 - [MESSAGE][PASSED] - 2 options of object 'Object Repository/HealthpostToStore/Page_Store/select_--Select--BA1170BA2376B' counted

2018-06-09 22:15:55 - [TEST_STEP][PASSED] - Statement - For ([g = 1, g <= BatchNumber - 1, (g++)]): null

2018-06-09 22:15:55 - [TEST_STEP][PASSED] - selectOptionByIndex: All options with index in [1] are selected on object 'Object Repository/HealthpostToStore/Page_Store/select_--Select--BA1170BA2376B'

2018-06-09 22:15:55 - [MESSAGE][PASSED] - All options with index in [1] are selected on object 'Object Repository/HealthpostToStore/Page_Store/select_--Select--BA1170BA2376B'

2018-06-09 22:15:55 - [TEST_STEP][PASSED] - Statement - Try: null

2018-06-09 22:15:55 - [TEST_STEP][PASSED] - Statement - StockQty = com.kms.katalon.core.webui.keyword.WebUiBuiltInKeywords.getAttribute(com.kms.katalon.core.testobject.ObjectRepository.findTestObject(HealthpostToStore/Page_Store/input_txtprice), "value"): Attribute 'value' of object 'Object Repository/HealthpostToStore/Page_Store/input_txtprice' is: '340'

2018-06-09 22:15:55 - [MESSAGE][PASSED] - Attribute 'value' of object 'Object Repository/HealthpostToStore/Page_Store/input_txtprice' is: '340'

2018-06-09 22:15:55 - [TEST_STEP][PASSED] - Statement - out.println("Stock QTY : " + StockQty): null

2018-06-09 22:15:55 - [TEST_STEP][PASSED] - delay: Delayed 2 second(s)

2018-06-09 22:15:57 - [MESSAGE][PASSED] - Delayed 2 second(s)

2018-06-09 22:15:57 - [TEST_STEP][PASSED] - Statement - If (java.lang.String.valueOf(StockQty) >= java.lang.String.valueOf(RequestedQty)): null

2018-06-09 22:15:57 - [TEST_STEP][PASSED] - setText: Text '10' is set on object 'Object Repository/HealthpostToStore/Page_Store/input_txtqty'

2018-06-09 22:15:57 - [MESSAGE][PASSED] - Text '10' is set on object 'Object Repository/HealthpostToStore/Page_Store/input_txtqty'

2018-06-09 22:15:57 - [TEST_STEP][PASSED] - click: Object: 'Object Repository/HealthpostToStore/Page_Store/button_Add' is clicked on

2018-06-09 22:15:57 - [MESSAGE][PASSED] - Object: 'Object Repository/HealthpostToStore/Page_Store/button_Add' is clicked on

2018-06-09 22:15:57 - [TEST_STEP][PASSED] - Statement - Break: null

2018-06-09 22:15:57 - [TEST_STEP][PASSED] - selectOptionByIndex: All options with index in [75] are selected on object 'Object Repository/HealthpostToStore/Page_Store/select_--Select--Adernaline 0.'

2018-06-09 22:15:58 - [MESSAGE][PASSED] - All options with index in [75] are selected on object 'Object Repository/HealthpostToStore/Page_Store/select_--Select--Adernaline 0.'

2018-06-09 22:15:58 - [TEST_STEP][PASSED] - delay: Delayed 2 second(s)

2018-06-09 22:16:00 - [MESSAGE][PASSED] - Delayed 2 second(s)

2018-06-09 22:16:00 - [TEST_STEP][PASSED] - Statement - RequestedQty = com.kms.katalon.core.webui.keyword.WebUiBuiltInKeywords.getAttribute(com.kms.katalon.core.testobject.ObjectRepository.findTestObject(HealthpostToStore/Page_Store/input_txttotal), "value"): Attribute 'value' of object 'Object Repository/HealthpostToStore/Page_Store/input_txttotal' is: '10'

2018-06-09 22:16:00 - [MESSAGE][PASSED] - Attribute 'value' of object 'Object Repository/HealthpostToStore/Page_Store/input_txttotal' is: '10'

2018-06-09 22:16:00 - [TEST_STEP][PASSED] - Statement - out.println("Requested QTY : " + RequestedQty): null

2018-06-09 22:16:00 - [TEST_STEP][PASSED] - Statement - BatchNumber = com.kms.katalon.core.webui.keyword.WebUiBuiltInKeywords.getNumberOfTotalOption(com.kms.katalon.core.testobject.ObjectRepository.findTestObject(HealthpostToStore/Page_Store/select_--Select--BA1170BA2376B)): 2 options of object 'Object Repository/HealthpostToStore/Page_Store/select_--Select--BA1170BA2376B' counted

2018-06-09 22:16:00 - [MESSAGE][PASSED] - 2 options of object 'Object Repository/HealthpostToStore/Page_Store/select_--Select--BA1170BA2376B' counted

2018-06-09 22:16:00 - [TEST_STEP][PASSED] - Statement - For ([g = 1, g <= BatchNumber - 1, (g++)]): null

2018-06-09 22:16:00 - [TEST_STEP][PASSED] - selectOptionByIndex: All options with index in [1] are selected on object 'Object Repository/HealthpostToStore/Page_Store/select_--Select--BA1170BA2376B'

2018-06-09 22:16:00 - [MESSAGE][PASSED] - All options with index in [1] are selected on object 'Object Repository/HealthpostToStore/Page_Store/select_--Select--BA1170BA2376B'

2018-06-09 22:16:00 - [TEST_STEP][PASSED] - Statement - Try: null

2018-06-09 22:16:00 - [TEST_STEP][PASSED] - Statement - StockQty = com.kms.katalon.core.webui.keyword.WebUiBuiltInKeywords.getAttribute(com.kms.katalon.core.testobject.ObjectRepository.findTestObject(HealthpostToStore/Page_Store/input_txtprice), "value"): Attribute 'value' of object 'Object Repository/HealthpostToStore/Page_Store/input_txtprice' is: '330'

2018-06-09 22:16:00 - [MESSAGE][PASSED] - Attribute 'value' of object 'Object Repository/HealthpostToStore/Page_Store/input_txtprice' is: '330'

2018-06-09 22:16:00 - [TEST_STEP][PASSED] - Statement - out.println("Stock QTY : " + StockQty): null

2018-06-09 22:16:00 - [TEST_STEP][PASSED] - delay: Delayed 2 second(s)

2018-06-09 22:16:02 - [MESSAGE][PASSED] - Delayed 2 second(s)

2018-06-09 22:16:02 - [TEST_STEP][PASSED] - Statement - If (java.lang.String.valueOf(StockQty) >= java.lang.String.valueOf(RequestedQty)): null

2018-06-09 22:16:02 - [TEST_STEP][PASSED] - setText: Text '10' is set on object 'Object Repository/HealthpostToStore/Page_Store/input_txtqty'

2018-06-09 22:16:03 - [MESSAGE][PASSED] - Text '10' is set on object 'Object Repository/HealthpostToStore/Page_Store/input_txtqty'

2018-06-09 22:16:03 - [TEST_STEP][PASSED] - click: Object: 'Object Repository/HealthpostToStore/Page_Store/button_Add' is clicked on

2018-06-09 22:16:03 - [MESSAGE][PASSED] - Object: 'Object Repository/HealthpostToStore/Page_Store/button_Add' is clicked on

2018-06-09 22:16:03 - [TEST_STEP][PASSED] - Statement - Break: null

2018-06-09 22:16:03 - [TEST_STEP][PASSED] - selectOptionByIndex: All options with index in [76] are selected on object 'Object Repository/HealthpostToStore/Page_Store/select_--Select--Adernaline 0.'

2018-06-09 22:16:04 - [MESSAGE][PASSED] - All options with index in [76] are selected on object 'Object Repository/HealthpostToStore/Page_Store/select_--Select--Adernaline 0.'

2018-06-09 22:16:04 - [TEST_STEP][PASSED] - delay: Delayed 2 second(s)

2018-06-09 22:16:06 - [MESSAGE][PASSED] - Delayed 2 second(s)

2018-06-09 22:16:06 - [TEST_STEP][PASSED] - Statement - RequestedQty = com.kms.katalon.core.webui.keyword.WebUiBuiltInKeywords.getAttribute(com.kms.katalon.core.testobject.ObjectRepository.findTestObject(HealthpostToStore/Page_Store/input_txttotal), "value"): Attribute 'value' of object 'Object Repository/HealthpostToStore/Page_Store/input_txttotal' is: '10'

2018-06-09 22:16:06 - [MESSAGE][PASSED] - Attribute 'value' of object 'Object Repository/HealthpostToStore/Page_Store/input_txttotal' is: '10'

2018-06-09 22:16:06 - [TEST_STEP][PASSED] - Statement - out.println("Requested QTY : " + RequestedQty): null

2018-06-09 22:16:06 - [TEST_STEP][PASSED] - Statement - BatchNumber = com.kms.katalon.core.webui.keyword.WebUiBuiltInKeywords.getNumberOfTotalOption(com.kms.katalon.core.testobject.ObjectRepository.findTestObject(HealthpostToStore/Page_Store/select_--Select--BA1170BA2376B)): 2 options of object 'Object Repository/HealthpostToStore/Page_Store/select_--Select--BA1170BA2376B' counted

2018-06-09 22:16:06 - [MESSAGE][PASSED] - 2 options of object 'Object Repository/HealthpostToStore/Page_Store/select_--Select--BA1170BA2376B' counted

2018-06-09 22:16:06 - [TEST_STEP][PASSED] - Statement - For ([g = 1, g <= BatchNumber - 1, (g++)]): null

2018-06-09 22:16:06 - [TEST_STEP][PASSED] - selectOptionByIndex: All options with index in [1] are selected on object 'Object Repository/HealthpostToStore/Page_Store/select_--Select--BA1170BA2376B'

2018-06-09 22:16:06 - [MESSAGE][PASSED] - All options with index in [1] are selected on object 'Object Repository/HealthpostToStore/Page_Store/select_--Select--BA1170BA2376B'

2018-06-09 22:16:06 - [TEST_STEP][PASSED] - Statement - Try: null

2018-06-09 22:16:06 - [TEST_STEP][PASSED] - Statement - StockQty = com.kms.katalon.core.webui.keyword.WebUiBuiltInKeywords.getAttribute(com.kms.katalon.core.testobject.ObjectRepository.findTestObject(HealthpostToStore/Page_Store/input_txtprice), "value"): Attribute 'value' of object 'Object Repository/HealthpostToStore/Page_Store/input_txtprice' is: '330'

2018-06-09 22:16:06 - [MESSAGE][PASSED] - Attribute 'value' of object 'Object Repository/HealthpostToStore/Page_Store/input_txtprice' is: '330'

2018-06-09 22:16:06 - [TEST_STEP][PASSED] - Statement - out.println("Stock QTY : " + StockQty): null

2018-06-09 22:16:06 - [TEST_STEP][PASSED] - delay: Delayed 2 second(s)

2018-06-09 22:16:08 - [MESSAGE][PASSED] - Delayed 2 second(s)

2018-06-09 22:16:08 - [TEST_STEP][PASSED] - Statement - If (java.lang.String.valueOf(StockQty) >= java.lang.String.valueOf(RequestedQty)): null

2018-06-09 22:16:08 - [TEST_STEP][PASSED] - setText: Text '10' is set on object 'Object Repository/HealthpostToStore/Page_Store/input_txtqty'

2018-06-09 22:16:08 - [MESSAGE][PASSED] - Text '10' is set on object 'Object Repository/HealthpostToStore/Page_Store/input_txtqty'

2018-06-09 22:16:08 - [TEST_STEP][PASSED] - click: Object: 'Object Repository/HealthpostToStore/Page_Store/button_Add' is clicked on

2018-06-09 22:16:08 - [MESSAGE][PASSED] - Object: 'Object Repository/HealthpostToStore/Page_Store/button_Add' is clicked on

2018-06-09 22:16:08 - [TEST_STEP][PASSED] - Statement - Break: null

2018-06-09 22:16:08 - [TEST_STEP][PASSED] - selectOptionByIndex: All options with index in [77] are selected on object 'Object Repository/HealthpostToStore/Page_Store/select_--Select--Adernaline 0.'

2018-06-09 22:16:09 - [MESSAGE][PASSED] - All options with index in [77] are selected on object 'Object Repository/HealthpostToStore/Page_Store/select_--Select--Adernaline 0.'

2018-06-09 22:16:09 - [TEST_STEP][PASSED] - delay: Delayed 2 second(s)

2018-06-09 22:16:11 - [MESSAGE][PASSED] - Delayed 2 second(s)

2018-06-09 22:16:11 - [TEST_STEP][PASSED] - Statement - RequestedQty = com.kms.katalon.core.webui.keyword.WebUiBuiltInKeywords.getAttribute(com.kms.katalon.core.testobject.ObjectRepository.findTestObject(HealthpostToStore/Page_Store/input_txttotal), "value"): Attribute 'value' of object 'Object Repository/HealthpostToStore/Page_Store/input_txttotal' is: '10'

2018-06-09 22:16:11 - [MESSAGE][PASSED] - Attribute 'value' of object 'Object Repository/HealthpostToStore/Page_Store/input_txttotal' is: '10'

2018-06-09 22:16:11 - [TEST_STEP][PASSED] - Statement - out.println("Requested QTY : " + RequestedQty): null

2018-06-09 22:16:11 - [TEST_STEP][PASSED] - Statement - BatchNumber = com.kms.katalon.core.webui.keyword.WebUiBuiltInKeywords.getNumberOfTotalOption(com.kms.katalon.core.testobject.ObjectRepository.findTestObject(HealthpostToStore/Page_Store/select_--Select--BA1170BA2376B)): 3 options of object 'Object Repository/HealthpostToStore/Page_Store/select_--Select--BA1170BA2376B' counted

2018-06-09 22:16:11 - [MESSAGE][PASSED] - 3 options of object 'Object Repository/HealthpostToStore/Page_Store/select_--Select--BA1170BA2376B' counted

2018-06-09 22:16:11 - [TEST_STEP][PASSED] - Statement - For ([g = 1, g <= BatchNumber - 1, (g++)]): null

2018-06-09 22:16:11 - [TEST_STEP][PASSED] - selectOptionByIndex: All options with index in [1] are selected on object 'Object Repository/HealthpostToStore/Page_Store/select_--Select--BA1170BA2376B'

2018-06-09 22:16:11 - [MESSAGE][PASSED] - All options with index in [1] are selected on object 'Object Repository/HealthpostToStore/Page_Store/select_--Select--BA1170BA2376B'

2018-06-09 22:16:11 - [TEST_STEP][PASSED] - Statement - Try: null

2018-06-09 22:16:11 - [TEST_STEP][PASSED] - Statement - StockQty = com.kms.katalon.core.webui.keyword.WebUiBuiltInKeywords.getAttribute(com.kms.katalon.core.testobject.ObjectRepository.findTestObject(HealthpostToStore/Page_Store/input_txtprice), "value"): Attribute 'value' of object 'Object Repository/HealthpostToStore/Page_Store/input_txtprice' is: '130'

2018-06-09 22:16:11 - [MESSAGE][PASSED] - Attribute 'value' of object 'Object Repository/HealthpostToStore/Page_Store/input_txtprice' is: '130'

2018-06-09 22:16:11 - [TEST_STEP][PASSED] - Statement - out.println("Stock QTY : " + StockQty): null

2018-06-09 22:16:11 - [TEST_STEP][PASSED] - delay: Delayed 2 second(s)

2018-06-09 22:16:13 - [MESSAGE][PASSED] - Delayed 2 second(s)

2018-06-09 22:16:13 - [TEST_STEP][PASSED] - Statement - If (java.lang.String.valueOf(StockQty) >= java.lang.String.valueOf(RequestedQty)): null

2018-06-09 22:16:13 - [TEST_STEP][PASSED] - setText: Text '10' is set on object 'Object Repository/HealthpostToStore/Page_Store/input_txtqty'

2018-06-09 22:16:13 - [MESSAGE][PASSED] - Text '10' is set on object 'Object Repository/HealthpostToStore/Page_Store/input_txtqty'

2018-06-09 22:16:13 - [TEST_STEP][PASSED] - click: Object: 'Object Repository/HealthpostToStore/Page_Store/button_Add' is clicked on

2018-06-09 22:16:13 - [MESSAGE][PASSED] - Object: 'Object Repository/HealthpostToStore/Page_Store/button_Add' is clicked on

2018-06-09 22:16:13 - [TEST_STEP][PASSED] - Statement - Break: null

2018-06-09 22:16:13 - [TEST_STEP][PASSED] - selectOptionByIndex: All options with index in [78] are selected on object 'Object Repository/HealthpostToStore/Page_Store/select_--Select--Adernaline 0.'

2018-06-09 22:16:14 - [MESSAGE][PASSED] - All options with index in [78] are selected on object 'Object Repository/HealthpostToStore/Page_Store/select_--Select--Adernaline 0.'

2018-06-09 22:16:14 - [TEST_STEP][PASSED] - delay: Delayed 2 second(s)

2018-06-09 22:16:16 - [MESSAGE][PASSED] - Delayed 2 second(s)

2018-06-09 22:16:16 - [TEST_STEP][PASSED] - Statement - RequestedQty = com.kms.katalon.core.webui.keyword.WebUiBuiltInKeywords.getAttribute(com.kms.katalon.core.testobject.ObjectRepository.findTestObject(HealthpostToStore/Page_Store/input_txttotal), "value"): Attribute 'value' of object 'Object Repository/HealthpostToStore/Page_Store/input_txttotal' is: '10'

2018-06-09 22:16:16 - [MESSAGE][PASSED] - Attribute 'value' of object 'Object Repository/HealthpostToStore/Page_Store/input_txttotal' is: '10'

2018-06-09 22:16:16 - [TEST_STEP][PASSED] - Statement - out.println("Requested QTY : " + RequestedQty): null

2018-06-09 22:16:16 - [TEST_STEP][PASSED] - Statement - BatchNumber = com.kms.katalon.core.webui.keyword.WebUiBuiltInKeywords.getNumberOfTotalOption(com.kms.katalon.core.testobject.ObjectRepository.findTestObject(HealthpostToStore/Page_Store/select_--Select--BA1170BA2376B)): 3 options of object 'Object Repository/HealthpostToStore/Page_Store/select_--Select--BA1170BA2376B' counted

2018-06-09 22:16:16 - [MESSAGE][PASSED] - 3 options of object 'Object Repository/HealthpostToStore/Page_Store/select_--Select--BA1170BA2376B' counted

2018-06-09 22:16:16 - [TEST_STEP][PASSED] - Statement - For ([g = 1, g <= BatchNumber - 1, (g++)]): null

2018-06-09 22:16:16 - [TEST_STEP][PASSED] - selectOptionByIndex: All options with index in [1] are selected on object 'Object Repository/HealthpostToStore/Page_Store/select_--Select--BA1170BA2376B'

2018-06-09 22:16:17 - [MESSAGE][PASSED] - All options with index in [1] are selected on object 'Object Repository/HealthpostToStore/Page_Store/select_--Select--BA1170BA2376B'

2018-06-09 22:16:17 - [TEST_STEP][PASSED] - Statement - Try: null

2018-06-09 22:16:17 - [TEST_STEP][PASSED] - Statement - StockQty = com.kms.katalon.core.webui.keyword.WebUiBuiltInKeywords.getAttribute(com.kms.katalon.core.testobject.ObjectRepository.findTestObject(HealthpostToStore/Page_Store/input_txtprice), "value"): Attribute 'value' of object 'Object Repository/HealthpostToStore/Page_Store/input_txtprice' is: '170'

2018-06-09 22:16:17 - [MESSAGE][PASSED] - Attribute 'value' of object 'Object Repository/HealthpostToStore/Page_Store/input_txtprice' is: '170'

2018-06-09 22:16:17 - [TEST_STEP][PASSED] - Statement - out.println("Stock QTY : " + StockQty): null

2018-06-09 22:16:17 - [TEST_STEP][PASSED] - delay: Delayed 2 second(s)

2018-06-09 22:16:19 - [MESSAGE][PASSED] - Delayed 2 second(s)

2018-06-09 22:16:19 - [TEST_STEP][PASSED] - Statement - If (java.lang.String.valueOf(StockQty) >= java.lang.String.valueOf(RequestedQty)): null

2018-06-09 22:16:19 - [TEST_STEP][PASSED] - setText: Text '10' is set on object 'Object Repository/HealthpostToStore/Page_Store/input_txtqty'

2018-06-09 22:16:19 - [MESSAGE][PASSED] - Text '10' is set on object 'Object Repository/HealthpostToStore/Page_Store/input_txtqty'

2018-06-09 22:16:19 - [TEST_STEP][PASSED] - click: Object: 'Object Repository/HealthpostToStore/Page_Store/button_Add' is clicked on

2018-06-09 22:16:19 - [MESSAGE][PASSED] - Object: 'Object Repository/HealthpostToStore/Page_Store/button_Add' is clicked on

2018-06-09 22:16:19 - [TEST_STEP][PASSED] - Statement - Break: null

2018-06-09 22:16:19 - [TEST_STEP][PASSED] - selectOptionByIndex: All options with index in [79] are selected on object 'Object Repository/HealthpostToStore/Page_Store/select_--Select--Adernaline 0.'

2018-06-09 22:16:20 - [MESSAGE][PASSED] - All options with index in [79] are selected on object 'Object Repository/HealthpostToStore/Page_Store/select_--Select--Adernaline 0.'

2018-06-09 22:16:20 - [TEST_STEP][PASSED] - delay: Delayed 2 second(s)

2018-06-09 22:16:22 - [MESSAGE][PASSED] - Delayed 2 second(s)

2018-06-09 22:16:22 - [TEST_STEP][PASSED] - Statement - RequestedQty = com.kms.katalon.core.webui.keyword.WebUiBuiltInKeywords.getAttribute(com.kms.katalon.core.testobject.ObjectRepository.findTestObject(HealthpostToStore/Page_Store/input_txttotal), "value"): Attribute 'value' of object 'Object Repository/HealthpostToStore/Page_Store/input_txttotal' is: '10'

2018-06-09 22:16:22 - [MESSAGE][PASSED] - Attribute 'value' of object 'Object Repository/HealthpostToStore/Page_Store/input_txttotal' is: '10'

2018-06-09 22:16:22 - [TEST_STEP][PASSED] - Statement - out.println("Requested QTY : " + RequestedQty): null

2018-06-09 22:16:22 - [TEST_STEP][PASSED] - Statement - BatchNumber = com.kms.katalon.core.webui.keyword.WebUiBuiltInKeywords.getNumberOfTotalOption(com.kms.katalon.core.testobject.ObjectRepository.findTestObject(HealthpostToStore/Page_Store/select_--Select--BA1170BA2376B)): 2 options of object 'Object Repository/HealthpostToStore/Page_Store/select_--Select--BA1170BA2376B' counted

2018-06-09 22:16:22 - [MESSAGE][PASSED] - 2 options of object 'Object Repository/HealthpostToStore/Page_Store/select_--Select--BA1170BA2376B' counted

2018-06-09 22:16:22 - [TEST_STEP][PASSED] - Statement - For ([g = 1, g <= BatchNumber - 1, (g++)]): null

2018-06-09 22:16:22 - [TEST_STEP][PASSED] - selectOptionByIndex: All options with index in [1] are selected on object 'Object Repository/HealthpostToStore/Page_Store/select_--Select--BA1170BA2376B'

2018-06-09 22:16:22 - [MESSAGE][PASSED] - All options with index in [1] are selected on object 'Object Repository/HealthpostToStore/Page_Store/select_--Select--BA1170BA2376B'

2018-06-09 22:16:22 - [TEST_STEP][PASSED] - Statement - Try: null

2018-06-09 22:16:22 - [TEST_STEP][PASSED] - Statement - StockQty = com.kms.katalon.core.webui.keyword.WebUiBuiltInKeywords.getAttribute(com.kms.katalon.core.testobject.ObjectRepository.findTestObject(HealthpostToStore/Page_Store/input_txtprice), "value"): Attribute 'value' of object 'Object Repository/HealthpostToStore/Page_Store/input_txtprice' is: '330'

2018-06-09 22:16:22 - [MESSAGE][PASSED] - Attribute 'value' of object 'Object Repository/HealthpostToStore/Page_Store/input_txtprice' is: '330'

2018-06-09 22:16:22 - [TEST_STEP][PASSED] - Statement - out.println("Stock QTY : " + StockQty): null

2018-06-09 22:16:22 - [TEST_STEP][PASSED] - delay: Delayed 2 second(s)

2018-06-09 22:16:24 - [MESSAGE][PASSED] - Delayed 2 second(s)

2018-06-09 22:16:24 - [TEST_STEP][PASSED] - Statement - If (java.lang.String.valueOf(StockQty) >= java.lang.String.valueOf(RequestedQty)): null

2018-06-09 22:16:24 - [TEST_STEP][PASSED] - setText: Text '10' is set on object 'Object Repository/HealthpostToStore/Page_Store/input_txtqty'

2018-06-09 22:16:24 - [MESSAGE][PASSED] - Text '10' is set on object 'Object Repository/HealthpostToStore/Page_Store/input_txtqty'

2018-06-09 22:16:24 - [TEST_STEP][PASSED] - click: Object: 'Object Repository/HealthpostToStore/Page_Store/button_Add' is clicked on

2018-06-09 22:16:24 - [MESSAGE][PASSED] - Object: 'Object Repository/HealthpostToStore/Page_Store/button_Add' is clicked on

2018-06-09 22:16:24 - [TEST_STEP][PASSED] - Statement - Break: null

2018-06-09 22:16:24 - [TEST_STEP][PASSED] - selectOptionByIndex: All options with index in [80] are selected on object 'Object Repository/HealthpostToStore/Page_Store/select_--Select--Adernaline 0.'

2018-06-09 22:16:25 - [MESSAGE][PASSED] - All options with index in [80] are selected on object 'Object Repository/HealthpostToStore/Page_Store/select_--Select--Adernaline 0.'

2018-06-09 22:16:25 - [TEST_STEP][PASSED] - delay: Delayed 2 second(s)

2018-06-09 22:16:27 - [MESSAGE][PASSED] - Delayed 2 second(s)

2018-06-09 22:16:27 - [TEST_STEP][PASSED] - Statement - RequestedQty = com.kms.katalon.core.webui.keyword.WebUiBuiltInKeywords.getAttribute(com.kms.katalon.core.testobject.ObjectRepository.findTestObject(HealthpostToStore/Page_Store/input_txttotal), "value"): Attribute 'value' of object 'Object Repository/HealthpostToStore/Page_Store/input_txttotal' is: '10'

2018-06-09 22:16:27 - [MESSAGE][PASSED] - Attribute 'value' of object 'Object Repository/HealthpostToStore/Page_Store/input_txttotal' is: '10'

2018-06-09 22:16:27 - [TEST_STEP][PASSED] - Statement - out.println("Requested QTY : " + RequestedQty): null

2018-06-09 22:16:27 - [TEST_STEP][PASSED] - Statement - BatchNumber = com.kms.katalon.core.webui.keyword.WebUiBuiltInKeywords.getNumberOfTotalOption(com.kms.katalon.core.testobject.ObjectRepository.findTestObject(HealthpostToStore/Page_Store/select_--Select--BA1170BA2376B)): 2 options of object 'Object Repository/HealthpostToStore/Page_Store/select_--Select--BA1170BA2376B' counted

2018-06-09 22:16:27 - [MESSAGE][PASSED] - 2 options of object 'Object Repository/HealthpostToStore/Page_Store/select_--Select--BA1170BA2376B' counted

2018-06-09 22:16:27 - [TEST_STEP][PASSED] - Statement - For ([g = 1, g <= BatchNumber - 1, (g++)]): null

2018-06-09 22:16:27 - [TEST_STEP][PASSED] - selectOptionByIndex: All options with index in [1] are selected on object 'Object Repository/HealthpostToStore/Page_Store/select_--Select--BA1170BA2376B'

2018-06-09 22:16:27 - [MESSAGE][PASSED] - All options with index in [1] are selected on object 'Object Repository/HealthpostToStore/Page_Store/select_--Select--BA1170BA2376B'

2018-06-09 22:16:27 - [TEST_STEP][PASSED] - Statement - Try: null

2018-06-09 22:16:27 - [TEST_STEP][PASSED] - Statement - StockQty = com.kms.katalon.core.webui.keyword.WebUiBuiltInKeywords.getAttribute(com.kms.katalon.core.testobject.ObjectRepository.findTestObject(HealthpostToStore/Page_Store/input_txtprice), "value"): Attribute 'value' of object 'Object Repository/HealthpostToStore/Page_Store/input_txtprice' is: '330'

2018-06-09 22:16:27 - [MESSAGE][PASSED] - Attribute 'value' of object 'Object Repository/HealthpostToStore/Page_Store/input_txtprice' is: '330'

2018-06-09 22:16:27 - [TEST_STEP][PASSED] - Statement - out.println("Stock QTY : " + StockQty): null

2018-06-09 22:16:27 - [TEST_STEP][PASSED] - delay: Delayed 2 second(s)

2018-06-09 22:16:29 - [MESSAGE][PASSED] - Delayed 2 second(s)

2018-06-09 22:16:29 - [TEST_STEP][PASSED] - Statement - If (java.lang.String.valueOf(StockQty) >= java.lang.String.valueOf(RequestedQty)): null

2018-06-09 22:16:29 - [TEST_STEP][PASSED] - setText: Text '10' is set on object 'Object Repository/HealthpostToStore/Page_Store/input_txtqty'

2018-06-09 22:16:29 - [MESSAGE][PASSED] - Text '10' is set on object 'Object Repository/HealthpostToStore/Page_Store/input_txtqty'

2018-06-09 22:16:29 - [TEST_STEP][PASSED] - click: Object: 'Object Repository/HealthpostToStore/Page_Store/button_Add' is clicked on

2018-06-09 22:16:30 - [MESSAGE][PASSED] - Object: 'Object Repository/HealthpostToStore/Page_Store/button_Add' is clicked on

2018-06-09 22:16:30 - [TEST_STEP][PASSED] - Statement - Break: null

2018-06-09 22:16:30 - [TEST_STEP][PASSED] - scrollToElement: Scroll to object 'Object Repository/HealthpostToStore/Page_Store/input_btnSubmit' successfully

2018-06-09 22:16:30 - [MESSAGE][PASSED] - Scroll to object 'Object Repository/HealthpostToStore/Page_Store/input_btnSubmit' successfully

2018-06-09 22:16:30 - [TEST_STEP][PASSED] - click: Object: 'Object Repository/HealthpostToStore/Page_Store/input_btnSubmit' is clicked on

2018-06-09 22:16:30 - [MESSAGE][PASSED] - Object: 'Object Repository/HealthpostToStore/Page_Store/input_btnSubmit' is clicked on

2018-06-09 22:16:30 - [TEST_STEP][PASSED] - delay: Delayed 3 second(s)

2018-06-09 22:16:33 - [MESSAGE][PASSED] - Delayed 3 second(s)

2018-06-09 22:16:33 - [TEST_STEP][PASSED] - click: Object: 'Object Repository/HealthpostToStore/Page_Store/button_OK' is clicked on

2018-06-09 22:16:39 - [MESSAGE][PASSED] - Object: 'Object Repository/HealthpostToStore/Page_Store/button_OK' is clicked on

2018-06-09 22:16:39 - [TEST_STEP][PASSED] - delay: Delayed 3 second(s)

2018-06-09 22:16:42 - [MESSAGE][PASSED] - Delayed 3 second(s)

2018-06-09 22:16:42 - [TEST_STEP][PASSED] - click: Object: 'Object Repository/HealthpostToStore/Page_Store/a_dropdown-toggle' is clicked on

2018-06-09 22:16:42 - [MESSAGE][PASSED] - Object: 'Object Repository/HealthpostToStore/Page_Store/a_dropdown-toggle' is clicked on

2018-06-09 22:16:42 - [TEST_STEP][PASSED] - click: Object: 'Object Repository/HealthpostToStore/Page_Store/a_Sign out' is clicked on

2018-06-09 22:16:43 - [MESSAGE][PASSED] - Object: 'Object Repository/HealthpostToStore/Page_Store/a_Sign out' is clicked on

2018-06-09 22:16:43 - [TEST_STEP][PASSED] - closeBrowser: Browser is closed

2018-06-09 22:16:44 - [MESSAGE][PASSED] - Browser is closed]]></system-out>
         <system-err><![CDATA[]]></system-err>
      </testcase>
      <testcase name="Test Cases/HEALTHPOST TEST CASES/TC_HP_012 Verify Schedule 12 Healthpost Request Are Working Successfully Or Not" classname="Test Cases/HEALTHPOST TEST CASES/TC_HP_012 Verify Schedule 12 Healthpost Request Are Working Successfully Or Not" status="PASSED">
         <system-out><![CDATA[2018-06-09 22:16:44 - [TEST_CASE][PASSED] - Test Cases/HEALTHPOST TEST CASES/TC_HP_012 Verify Schedule 12 Healthpost Request Are Working Successfully Or Not: Test Cases/HEALTHPOST TEST CASES/TC_HP_012 Verify Schedule 12 Healthpost Request Are Working Successfully Or Not

2018-06-09 22:16:44 - [TEST_STEP][PASSED] - openBrowser: Browser is opened with url: ''

2018-06-09 22:16:46 - [MESSAGE][PASSED] - Browser is opened with url: ''

2018-06-09 22:16:46 - [TEST_STEP][PASSED] - navigateToUrl: Navigate to 'http://192.168.137.1/multihospital_new/HDSplashscreen.aspx' successfully

2018-06-09 22:16:48 - [MESSAGE][PASSED] - Navigate to 'http://192.168.137.1/multihospital_new/HDSplashscreen.aspx' successfully

2018-06-09 22:16:48 - [TEST_STEP][PASSED] - maximizeWindow: Current window maximized

2018-06-09 22:16:49 - [MESSAGE][PASSED] - Current window maximized

2018-06-09 22:16:49 - [TEST_STEP][PASSED] - click: Object: 'Object Repository/HealthpostToStore/Page_KDMC/a_Healthpost Store' is clicked on

2018-06-09 22:16:51 - [MESSAGE][PASSED] - Object: 'Object Repository/HealthpostToStore/Page_KDMC/a_Healthpost Store' is clicked on

2018-06-09 22:16:51 - [TEST_STEP][PASSED] - setText: Text 'raguram' is set on object 'Object Repository/HealthpostToStore/Page_HealthPost Store Login/input_txtusername'

2018-06-09 22:16:51 - [MESSAGE][PASSED] - Text 'raguram' is set on object 'Object Repository/HealthpostToStore/Page_HealthPost Store Login/input_txtusername'

2018-06-09 22:16:51 - [TEST_STEP][PASSED] - setText: Text '123' is set on object 'Object Repository/HealthpostToStore/Page_HealthPost Store Login/input_txtpassword'

2018-06-09 22:16:51 - [MESSAGE][PASSED] - Text '123' is set on object 'Object Repository/HealthpostToStore/Page_HealthPost Store Login/input_txtpassword'

2018-06-09 22:16:51 - [TEST_STEP][PASSED] - delay: Delayed 3 second(s)

2018-06-09 22:16:54 - [MESSAGE][PASSED] - Delayed 3 second(s)

2018-06-09 22:16:54 - [TEST_STEP][PASSED] - sendKeys: Keys 'ENTER + ' sent to object: 'Object Repository/HealthpostToStore/Page_HealthPost Store Login/input_txtpassword'

2018-06-09 22:16:55 - [MESSAGE][PASSED] - Keys 'ENTER + ' sent to object: 'Object Repository/HealthpostToStore/Page_HealthPost Store Login/input_txtpassword'

2018-06-09 22:16:55 - [TEST_STEP][PASSED] - delay: Delayed 3 second(s)

2018-06-09 22:16:58 - [MESSAGE][PASSED] - Delayed 3 second(s)

2018-06-09 22:16:58 - [TEST_STEP][PASSED] - click: Object: 'Object Repository/HealthpostToStore/Page_HealthPost Store/a_Request to Store' is clicked on

2018-06-09 22:16:58 - [MESSAGE][PASSED] - Object: 'Object Repository/HealthpostToStore/Page_HealthPost Store/a_Request to Store' is clicked on

2018-06-09 22:16:58 - [TEST_STEP][PASSED] - delay: Delayed 1 second(s)

2018-06-09 22:16:59 - [MESSAGE][PASSED] - Delayed 1 second(s)

2018-06-09 22:16:59 - [TEST_STEP][PASSED] - click: Object: 'Object Repository/HealthpostToStore/Page_HealthPost Store/a_Medicine Request' is clicked on

2018-06-09 22:17:00 - [MESSAGE][PASSED] - Object: 'Object Repository/HealthpostToStore/Page_HealthPost Store/a_Medicine Request' is clicked on

2018-06-09 22:17:00 - [TEST_STEP][PASSED] - delay: Delayed 1 second(s)

2018-06-09 22:17:01 - [MESSAGE][PASSED] - Delayed 1 second(s)

2018-06-09 22:17:01 - [TEST_STEP][PASSED] - selectOptionByIndex: All options with index in [12] are selected on object 'Object Repository/HealthpostToStore/Page_HealthPost Store/select_--Select--Schedule 1Inj'

2018-06-09 22:17:01 - [MESSAGE][PASSED] - All options with index in [12] are selected on object 'Object Repository/HealthpostToStore/Page_HealthPost Store/select_--Select--Schedule 1Inj'

2018-06-09 22:17:01 - [TEST_STEP][PASSED] - Statement - medicineslength = com.kms.katalon.core.webui.keyword.WebUiBuiltInKeywords.getNumberOfTotalOption(com.kms.katalon.core.testobject.ObjectRepository.findTestObject(HealthpostToStore/Page_HealthPost Store/select_--Select--Adernaline 0.)): 19 options of object 'Object Repository/HealthpostToStore/Page_HealthPost Store/select_--Select--Adernaline 0.' counted

2018-06-09 22:17:01 - [MESSAGE][PASSED] - 19 options of object 'Object Repository/HealthpostToStore/Page_HealthPost Store/select_--Select--Adernaline 0.' counted

2018-06-09 22:17:01 - [TEST_STEP][PASSED] - Statement - For ([e = 1, e <= medicineslength - 1, (e++)]): Object: 'Object Repository/HealthpostToStore/Page_HealthPost Store/button_Add' is clicked on

2018-06-09 22:17:01 - [TEST_STEP][PASSED] - selectOptionByIndex: All options with index in [12] are selected on object 'Object Repository/HealthpostToStore/Page_HealthPost Store/select_--Select--Schedule 1Inj'

2018-06-09 22:17:01 - [MESSAGE][PASSED] - All options with index in [12] are selected on object 'Object Repository/HealthpostToStore/Page_HealthPost Store/select_--Select--Schedule 1Inj'

2018-06-09 22:17:01 - [TEST_STEP][PASSED] - selectOptionByIndex: All options with index in [1] are selected on object 'Object Repository/HealthpostToStore/Page_HealthPost Store/select_--Select--Adernaline 0.'

2018-06-09 22:17:02 - [MESSAGE][PASSED] - All options with index in [1] are selected on object 'Object Repository/HealthpostToStore/Page_HealthPost Store/select_--Select--Adernaline 0.'

2018-06-09 22:17:02 - [TEST_STEP][PASSED] - setText: Text '10' is set on object 'Object Repository/HealthpostToStore/Page_HealthPost Store/input_txttreat'

2018-06-09 22:17:02 - [MESSAGE][PASSED] - Text '10' is set on object 'Object Repository/HealthpostToStore/Page_HealthPost Store/input_txttreat'

2018-06-09 22:17:02 - [TEST_STEP][PASSED] - click: Object: 'Object Repository/HealthpostToStore/Page_HealthPost Store/button_Add' is clicked on

2018-06-09 22:17:02 - [MESSAGE][PASSED] - Object: 'Object Repository/HealthpostToStore/Page_HealthPost Store/button_Add' is clicked on

2018-06-09 22:17:02 - [TEST_STEP][PASSED] - selectOptionByIndex: All options with index in [12] are selected on object 'Object Repository/HealthpostToStore/Page_HealthPost Store/select_--Select--Schedule 1Inj'

2018-06-09 22:17:02 - [MESSAGE][PASSED] - All options with index in [12] are selected on object 'Object Repository/HealthpostToStore/Page_HealthPost Store/select_--Select--Schedule 1Inj'

2018-06-09 22:17:02 - [TEST_STEP][PASSED] - selectOptionByIndex: All options with index in [2] are selected on object 'Object Repository/HealthpostToStore/Page_HealthPost Store/select_--Select--Adernaline 0.'

2018-06-09 22:17:02 - [MESSAGE][PASSED] - All options with index in [2] are selected on object 'Object Repository/HealthpostToStore/Page_HealthPost Store/select_--Select--Adernaline 0.'

2018-06-09 22:17:02 - [TEST_STEP][PASSED] - setText: Text '10' is set on object 'Object Repository/HealthpostToStore/Page_HealthPost Store/input_txttreat'

2018-06-09 22:17:03 - [MESSAGE][PASSED] - Text '10' is set on object 'Object Repository/HealthpostToStore/Page_HealthPost Store/input_txttreat'

2018-06-09 22:17:03 - [TEST_STEP][PASSED] - click: Object: 'Object Repository/HealthpostToStore/Page_HealthPost Store/button_Add' is clicked on

2018-06-09 22:17:03 - [MESSAGE][PASSED] - Object: 'Object Repository/HealthpostToStore/Page_HealthPost Store/button_Add' is clicked on

2018-06-09 22:17:03 - [TEST_STEP][PASSED] - selectOptionByIndex: All options with index in [12] are selected on object 'Object Repository/HealthpostToStore/Page_HealthPost Store/select_--Select--Schedule 1Inj'

2018-06-09 22:17:03 - [MESSAGE][PASSED] - All options with index in [12] are selected on object 'Object Repository/HealthpostToStore/Page_HealthPost Store/select_--Select--Schedule 1Inj'

2018-06-09 22:17:03 - [TEST_STEP][PASSED] - selectOptionByIndex: All options with index in [3] are selected on object 'Object Repository/HealthpostToStore/Page_HealthPost Store/select_--Select--Adernaline 0.'

2018-06-09 22:17:03 - [MESSAGE][PASSED] - All options with index in [3] are selected on object 'Object Repository/HealthpostToStore/Page_HealthPost Store/select_--Select--Adernaline 0.'

2018-06-09 22:17:03 - [TEST_STEP][PASSED] - setText: Text '10' is set on object 'Object Repository/HealthpostToStore/Page_HealthPost Store/input_txttreat'

2018-06-09 22:17:03 - [MESSAGE][PASSED] - Text '10' is set on object 'Object Repository/HealthpostToStore/Page_HealthPost Store/input_txttreat'

2018-06-09 22:17:03 - [TEST_STEP][PASSED] - click: Object: 'Object Repository/HealthpostToStore/Page_HealthPost Store/button_Add' is clicked on

2018-06-09 22:17:03 - [MESSAGE][PASSED] - Object: 'Object Repository/HealthpostToStore/Page_HealthPost Store/button_Add' is clicked on

2018-06-09 22:17:03 - [TEST_STEP][PASSED] - selectOptionByIndex: All options with index in [12] are selected on object 'Object Repository/HealthpostToStore/Page_HealthPost Store/select_--Select--Schedule 1Inj'

2018-06-09 22:17:04 - [MESSAGE][PASSED] - All options with index in [12] are selected on object 'Object Repository/HealthpostToStore/Page_HealthPost Store/select_--Select--Schedule 1Inj'

2018-06-09 22:17:04 - [TEST_STEP][PASSED] - selectOptionByIndex: All options with index in [4] are selected on object 'Object Repository/HealthpostToStore/Page_HealthPost Store/select_--Select--Adernaline 0.'

2018-06-09 22:17:04 - [MESSAGE][PASSED] - All options with index in [4] are selected on object 'Object Repository/HealthpostToStore/Page_HealthPost Store/select_--Select--Adernaline 0.'

2018-06-09 22:17:04 - [TEST_STEP][PASSED] - setText: Text '10' is set on object 'Object Repository/HealthpostToStore/Page_HealthPost Store/input_txttreat'

2018-06-09 22:17:04 - [MESSAGE][PASSED] - Text '10' is set on object 'Object Repository/HealthpostToStore/Page_HealthPost Store/input_txttreat'

2018-06-09 22:17:04 - [TEST_STEP][PASSED] - click: Object: 'Object Repository/HealthpostToStore/Page_HealthPost Store/button_Add' is clicked on

2018-06-09 22:17:04 - [MESSAGE][PASSED] - Object: 'Object Repository/HealthpostToStore/Page_HealthPost Store/button_Add' is clicked on

2018-06-09 22:17:04 - [TEST_STEP][PASSED] - selectOptionByIndex: All options with index in [12] are selected on object 'Object Repository/HealthpostToStore/Page_HealthPost Store/select_--Select--Schedule 1Inj'

2018-06-09 22:17:04 - [MESSAGE][PASSED] - All options with index in [12] are selected on object 'Object Repository/HealthpostToStore/Page_HealthPost Store/select_--Select--Schedule 1Inj'

2018-06-09 22:17:04 - [TEST_STEP][PASSED] - selectOptionByIndex: All options with index in [5] are selected on object 'Object Repository/HealthpostToStore/Page_HealthPost Store/select_--Select--Adernaline 0.'

2018-06-09 22:17:05 - [MESSAGE][PASSED] - All options with index in [5] are selected on object 'Object Repository/HealthpostToStore/Page_HealthPost Store/select_--Select--Adernaline 0.'

2018-06-09 22:17:05 - [TEST_STEP][PASSED] - setText: Text '10' is set on object 'Object Repository/HealthpostToStore/Page_HealthPost Store/input_txttreat'

2018-06-09 22:17:05 - [MESSAGE][PASSED] - Text '10' is set on object 'Object Repository/HealthpostToStore/Page_HealthPost Store/input_txttreat'

2018-06-09 22:17:05 - [TEST_STEP][PASSED] - click: Object: 'Object Repository/HealthpostToStore/Page_HealthPost Store/button_Add' is clicked on

2018-06-09 22:17:05 - [MESSAGE][PASSED] - Object: 'Object Repository/HealthpostToStore/Page_HealthPost Store/button_Add' is clicked on

2018-06-09 22:17:05 - [TEST_STEP][PASSED] - selectOptionByIndex: All options with index in [12] are selected on object 'Object Repository/HealthpostToStore/Page_HealthPost Store/select_--Select--Schedule 1Inj'

2018-06-09 22:17:05 - [MESSAGE][PASSED] - All options with index in [12] are selected on object 'Object Repository/HealthpostToStore/Page_HealthPost Store/select_--Select--Schedule 1Inj'

2018-06-09 22:17:05 - [TEST_STEP][PASSED] - selectOptionByIndex: All options with index in [6] are selected on object 'Object Repository/HealthpostToStore/Page_HealthPost Store/select_--Select--Adernaline 0.'

2018-06-09 22:17:05 - [MESSAGE][PASSED] - All options with index in [6] are selected on object 'Object Repository/HealthpostToStore/Page_HealthPost Store/select_--Select--Adernaline 0.'

2018-06-09 22:17:05 - [TEST_STEP][PASSED] - setText: Text '10' is set on object 'Object Repository/HealthpostToStore/Page_HealthPost Store/input_txttreat'

2018-06-09 22:17:05 - [MESSAGE][PASSED] - Text '10' is set on object 'Object Repository/HealthpostToStore/Page_HealthPost Store/input_txttreat'

2018-06-09 22:17:05 - [TEST_STEP][PASSED] - click: Object: 'Object Repository/HealthpostToStore/Page_HealthPost Store/button_Add' is clicked on

2018-06-09 22:17:05 - [MESSAGE][PASSED] - Object: 'Object Repository/HealthpostToStore/Page_HealthPost Store/button_Add' is clicked on

2018-06-09 22:17:05 - [TEST_STEP][PASSED] - selectOptionByIndex: All options with index in [12] are selected on object 'Object Repository/HealthpostToStore/Page_HealthPost Store/select_--Select--Schedule 1Inj'

2018-06-09 22:17:06 - [MESSAGE][PASSED] - All options with index in [12] are selected on object 'Object Repository/HealthpostToStore/Page_HealthPost Store/select_--Select--Schedule 1Inj'

2018-06-09 22:17:06 - [TEST_STEP][PASSED] - selectOptionByIndex: All options with index in [7] are selected on object 'Object Repository/HealthpostToStore/Page_HealthPost Store/select_--Select--Adernaline 0.'

2018-06-09 22:17:06 - [MESSAGE][PASSED] - All options with index in [7] are selected on object 'Object Repository/HealthpostToStore/Page_HealthPost Store/select_--Select--Adernaline 0.'

2018-06-09 22:17:06 - [TEST_STEP][PASSED] - setText: Text '10' is set on object 'Object Repository/HealthpostToStore/Page_HealthPost Store/input_txttreat'

2018-06-09 22:17:06 - [MESSAGE][PASSED] - Text '10' is set on object 'Object Repository/HealthpostToStore/Page_HealthPost Store/input_txttreat'

2018-06-09 22:17:06 - [TEST_STEP][PASSED] - click: Object: 'Object Repository/HealthpostToStore/Page_HealthPost Store/button_Add' is clicked on

2018-06-09 22:17:06 - [MESSAGE][PASSED] - Object: 'Object Repository/HealthpostToStore/Page_HealthPost Store/button_Add' is clicked on

2018-06-09 22:17:06 - [TEST_STEP][PASSED] - selectOptionByIndex: All options with index in [12] are selected on object 'Object Repository/HealthpostToStore/Page_HealthPost Store/select_--Select--Schedule 1Inj'

2018-06-09 22:17:06 - [MESSAGE][PASSED] - All options with index in [12] are selected on object 'Object Repository/HealthpostToStore/Page_HealthPost Store/select_--Select--Schedule 1Inj'

2018-06-09 22:17:06 - [TEST_STEP][PASSED] - selectOptionByIndex: All options with index in [8] are selected on object 'Object Repository/HealthpostToStore/Page_HealthPost Store/select_--Select--Adernaline 0.'

2018-06-09 22:17:07 - [MESSAGE][PASSED] - All options with index in [8] are selected on object 'Object Repository/HealthpostToStore/Page_HealthPost Store/select_--Select--Adernaline 0.'

2018-06-09 22:17:07 - [TEST_STEP][PASSED] - setText: Text '10' is set on object 'Object Repository/HealthpostToStore/Page_HealthPost Store/input_txttreat'

2018-06-09 22:17:07 - [MESSAGE][PASSED] - Text '10' is set on object 'Object Repository/HealthpostToStore/Page_HealthPost Store/input_txttreat'

2018-06-09 22:17:07 - [TEST_STEP][PASSED] - click: Object: 'Object Repository/HealthpostToStore/Page_HealthPost Store/button_Add' is clicked on

2018-06-09 22:17:07 - [MESSAGE][PASSED] - Object: 'Object Repository/HealthpostToStore/Page_HealthPost Store/button_Add' is clicked on

2018-06-09 22:17:07 - [TEST_STEP][PASSED] - selectOptionByIndex: All options with index in [12] are selected on object 'Object Repository/HealthpostToStore/Page_HealthPost Store/select_--Select--Schedule 1Inj'

2018-06-09 22:17:07 - [MESSAGE][PASSED] - All options with index in [12] are selected on object 'Object Repository/HealthpostToStore/Page_HealthPost Store/select_--Select--Schedule 1Inj'

2018-06-09 22:17:07 - [TEST_STEP][PASSED] - selectOptionByIndex: All options with index in [9] are selected on object 'Object Repository/HealthpostToStore/Page_HealthPost Store/select_--Select--Adernaline 0.'

2018-06-09 22:17:07 - [MESSAGE][PASSED] - All options with index in [9] are selected on object 'Object Repository/HealthpostToStore/Page_HealthPost Store/select_--Select--Adernaline 0.'

2018-06-09 22:17:07 - [TEST_STEP][PASSED] - setText: Text '10' is set on object 'Object Repository/HealthpostToStore/Page_HealthPost Store/input_txttreat'

2018-06-09 22:17:07 - [MESSAGE][PASSED] - Text '10' is set on object 'Object Repository/HealthpostToStore/Page_HealthPost Store/input_txttreat'

2018-06-09 22:17:07 - [TEST_STEP][PASSED] - click: Object: 'Object Repository/HealthpostToStore/Page_HealthPost Store/button_Add' is clicked on

2018-06-09 22:17:08 - [MESSAGE][PASSED] - Object: 'Object Repository/HealthpostToStore/Page_HealthPost Store/button_Add' is clicked on

2018-06-09 22:17:08 - [TEST_STEP][PASSED] - selectOptionByIndex: All options with index in [12] are selected on object 'Object Repository/HealthpostToStore/Page_HealthPost Store/select_--Select--Schedule 1Inj'

2018-06-09 22:17:08 - [MESSAGE][PASSED] - All options with index in [12] are selected on object 'Object Repository/HealthpostToStore/Page_HealthPost Store/select_--Select--Schedule 1Inj'

2018-06-09 22:17:08 - [TEST_STEP][PASSED] - selectOptionByIndex: All options with index in [10] are selected on object 'Object Repository/HealthpostToStore/Page_HealthPost Store/select_--Select--Adernaline 0.'

2018-06-09 22:17:08 - [MESSAGE][PASSED] - All options with index in [10] are selected on object 'Object Repository/HealthpostToStore/Page_HealthPost Store/select_--Select--Adernaline 0.'

2018-06-09 22:17:08 - [TEST_STEP][PASSED] - setText: Text '10' is set on object 'Object Repository/HealthpostToStore/Page_HealthPost Store/input_txttreat'

2018-06-09 22:17:08 - [MESSAGE][PASSED] - Text '10' is set on object 'Object Repository/HealthpostToStore/Page_HealthPost Store/input_txttreat'

2018-06-09 22:17:08 - [TEST_STEP][PASSED] - click: Object: 'Object Repository/HealthpostToStore/Page_HealthPost Store/button_Add' is clicked on

2018-06-09 22:17:08 - [MESSAGE][PASSED] - Object: 'Object Repository/HealthpostToStore/Page_HealthPost Store/button_Add' is clicked on

2018-06-09 22:17:08 - [TEST_STEP][PASSED] - selectOptionByIndex: All options with index in [12] are selected on object 'Object Repository/HealthpostToStore/Page_HealthPost Store/select_--Select--Schedule 1Inj'

2018-06-09 22:17:09 - [MESSAGE][PASSED] - All options with index in [12] are selected on object 'Object Repository/HealthpostToStore/Page_HealthPost Store/select_--Select--Schedule 1Inj'

2018-06-09 22:17:09 - [TEST_STEP][PASSED] - selectOptionByIndex: All options with index in [11] are selected on object 'Object Repository/HealthpostToStore/Page_HealthPost Store/select_--Select--Adernaline 0.'

2018-06-09 22:17:09 - [MESSAGE][PASSED] - All options with index in [11] are selected on object 'Object Repository/HealthpostToStore/Page_HealthPost Store/select_--Select--Adernaline 0.'

2018-06-09 22:17:09 - [TEST_STEP][PASSED] - setText: Text '10' is set on object 'Object Repository/HealthpostToStore/Page_HealthPost Store/input_txttreat'

2018-06-09 22:17:09 - [MESSAGE][PASSED] - Text '10' is set on object 'Object Repository/HealthpostToStore/Page_HealthPost Store/input_txttreat'

2018-06-09 22:17:09 - [TEST_STEP][PASSED] - click: Object: 'Object Repository/HealthpostToStore/Page_HealthPost Store/button_Add' is clicked on

2018-06-09 22:17:09 - [MESSAGE][PASSED] - Object: 'Object Repository/HealthpostToStore/Page_HealthPost Store/button_Add' is clicked on

2018-06-09 22:17:09 - [TEST_STEP][PASSED] - selectOptionByIndex: All options with index in [12] are selected on object 'Object Repository/HealthpostToStore/Page_HealthPost Store/select_--Select--Schedule 1Inj'

2018-06-09 22:17:10 - [MESSAGE][PASSED] - All options with index in [12] are selected on object 'Object Repository/HealthpostToStore/Page_HealthPost Store/select_--Select--Schedule 1Inj'

2018-06-09 22:17:10 - [TEST_STEP][PASSED] - selectOptionByIndex: All options with index in [12] are selected on object 'Object Repository/HealthpostToStore/Page_HealthPost Store/select_--Select--Adernaline 0.'

2018-06-09 22:17:10 - [MESSAGE][PASSED] - All options with index in [12] are selected on object 'Object Repository/HealthpostToStore/Page_HealthPost Store/select_--Select--Adernaline 0.'

2018-06-09 22:17:10 - [TEST_STEP][PASSED] - setText: Text '10' is set on object 'Object Repository/HealthpostToStore/Page_HealthPost Store/input_txttreat'

2018-06-09 22:17:10 - [MESSAGE][PASSED] - Text '10' is set on object 'Object Repository/HealthpostToStore/Page_HealthPost Store/input_txttreat'

2018-06-09 22:17:10 - [TEST_STEP][PASSED] - click: Object: 'Object Repository/HealthpostToStore/Page_HealthPost Store/button_Add' is clicked on

2018-06-09 22:17:10 - [MESSAGE][PASSED] - Object: 'Object Repository/HealthpostToStore/Page_HealthPost Store/button_Add' is clicked on

2018-06-09 22:17:10 - [TEST_STEP][PASSED] - selectOptionByIndex: All options with index in [12] are selected on object 'Object Repository/HealthpostToStore/Page_HealthPost Store/select_--Select--Schedule 1Inj'

2018-06-09 22:17:10 - [MESSAGE][PASSED] - All options with index in [12] are selected on object 'Object Repository/HealthpostToStore/Page_HealthPost Store/select_--Select--Schedule 1Inj'

2018-06-09 22:17:10 - [TEST_STEP][PASSED] - selectOptionByIndex: All options with index in [13] are selected on object 'Object Repository/HealthpostToStore/Page_HealthPost Store/select_--Select--Adernaline 0.'

2018-06-09 22:17:11 - [MESSAGE][PASSED] - All options with index in [13] are selected on object 'Object Repository/HealthpostToStore/Page_HealthPost Store/select_--Select--Adernaline 0.'

2018-06-09 22:17:11 - [TEST_STEP][PASSED] - setText: Text '10' is set on object 'Object Repository/HealthpostToStore/Page_HealthPost Store/input_txttreat'

2018-06-09 22:17:11 - [MESSAGE][PASSED] - Text '10' is set on object 'Object Repository/HealthpostToStore/Page_HealthPost Store/input_txttreat'

2018-06-09 22:17:11 - [TEST_STEP][PASSED] - click: Object: 'Object Repository/HealthpostToStore/Page_HealthPost Store/button_Add' is clicked on

2018-06-09 22:17:11 - [MESSAGE][PASSED] - Object: 'Object Repository/HealthpostToStore/Page_HealthPost Store/button_Add' is clicked on

2018-06-09 22:17:11 - [TEST_STEP][PASSED] - selectOptionByIndex: All options with index in [12] are selected on object 'Object Repository/HealthpostToStore/Page_HealthPost Store/select_--Select--Schedule 1Inj'

2018-06-09 22:17:11 - [MESSAGE][PASSED] - All options with index in [12] are selected on object 'Object Repository/HealthpostToStore/Page_HealthPost Store/select_--Select--Schedule 1Inj'

2018-06-09 22:17:11 - [TEST_STEP][PASSED] - selectOptionByIndex: All options with index in [14] are selected on object 'Object Repository/HealthpostToStore/Page_HealthPost Store/select_--Select--Adernaline 0.'

2018-06-09 22:17:11 - [MESSAGE][PASSED] - All options with index in [14] are selected on object 'Object Repository/HealthpostToStore/Page_HealthPost Store/select_--Select--Adernaline 0.'

2018-06-09 22:17:11 - [TEST_STEP][PASSED] - setText: Text '10' is set on object 'Object Repository/HealthpostToStore/Page_HealthPost Store/input_txttreat'

2018-06-09 22:17:11 - [MESSAGE][PASSED] - Text '10' is set on object 'Object Repository/HealthpostToStore/Page_HealthPost Store/input_txttreat'

2018-06-09 22:17:11 - [TEST_STEP][PASSED] - click: Object: 'Object Repository/HealthpostToStore/Page_HealthPost Store/button_Add' is clicked on

2018-06-09 22:17:11 - [MESSAGE][PASSED] - Object: 'Object Repository/HealthpostToStore/Page_HealthPost Store/button_Add' is clicked on

2018-06-09 22:17:11 - [TEST_STEP][PASSED] - selectOptionByIndex: All options with index in [12] are selected on object 'Object Repository/HealthpostToStore/Page_HealthPost Store/select_--Select--Schedule 1Inj'

2018-06-09 22:17:12 - [MESSAGE][PASSED] - All options with index in [12] are selected on object 'Object Repository/HealthpostToStore/Page_HealthPost Store/select_--Select--Schedule 1Inj'

2018-06-09 22:17:12 - [TEST_STEP][PASSED] - selectOptionByIndex: All options with index in [15] are selected on object 'Object Repository/HealthpostToStore/Page_HealthPost Store/select_--Select--Adernaline 0.'

2018-06-09 22:17:12 - [MESSAGE][PASSED] - All options with index in [15] are selected on object 'Object Repository/HealthpostToStore/Page_HealthPost Store/select_--Select--Adernaline 0.'

2018-06-09 22:17:12 - [TEST_STEP][PASSED] - setText: Text '10' is set on object 'Object Repository/HealthpostToStore/Page_HealthPost Store/input_txttreat'

2018-06-09 22:17:12 - [MESSAGE][PASSED] - Text '10' is set on object 'Object Repository/HealthpostToStore/Page_HealthPost Store/input_txttreat'

2018-06-09 22:17:12 - [TEST_STEP][PASSED] - click: Object: 'Object Repository/HealthpostToStore/Page_HealthPost Store/button_Add' is clicked on

2018-06-09 22:17:12 - [MESSAGE][PASSED] - Object: 'Object Repository/HealthpostToStore/Page_HealthPost Store/button_Add' is clicked on

2018-06-09 22:17:12 - [TEST_STEP][PASSED] - selectOptionByIndex: All options with index in [12] are selected on object 'Object Repository/HealthpostToStore/Page_HealthPost Store/select_--Select--Schedule 1Inj'

2018-06-09 22:17:12 - [MESSAGE][PASSED] - All options with index in [12] are selected on object 'Object Repository/HealthpostToStore/Page_HealthPost Store/select_--Select--Schedule 1Inj'

2018-06-09 22:17:12 - [TEST_STEP][PASSED] - selectOptionByIndex: All options with index in [16] are selected on object 'Object Repository/HealthpostToStore/Page_HealthPost Store/select_--Select--Adernaline 0.'

2018-06-09 22:17:13 - [MESSAGE][PASSED] - All options with index in [16] are selected on object 'Object Repository/HealthpostToStore/Page_HealthPost Store/select_--Select--Adernaline 0.'

2018-06-09 22:17:13 - [TEST_STEP][PASSED] - setText: Text '10' is set on object 'Object Repository/HealthpostToStore/Page_HealthPost Store/input_txttreat'

2018-06-09 22:17:13 - [MESSAGE][PASSED] - Text '10' is set on object 'Object Repository/HealthpostToStore/Page_HealthPost Store/input_txttreat'

2018-06-09 22:17:13 - [TEST_STEP][PASSED] - click: Object: 'Object Repository/HealthpostToStore/Page_HealthPost Store/button_Add' is clicked on

2018-06-09 22:17:13 - [MESSAGE][PASSED] - Object: 'Object Repository/HealthpostToStore/Page_HealthPost Store/button_Add' is clicked on

2018-06-09 22:17:13 - [TEST_STEP][PASSED] - selectOptionByIndex: All options with index in [12] are selected on object 'Object Repository/HealthpostToStore/Page_HealthPost Store/select_--Select--Schedule 1Inj'

2018-06-09 22:17:13 - [MESSAGE][PASSED] - All options with index in [12] are selected on object 'Object Repository/HealthpostToStore/Page_HealthPost Store/select_--Select--Schedule 1Inj'

2018-06-09 22:17:13 - [TEST_STEP][PASSED] - selectOptionByIndex: All options with index in [17] are selected on object 'Object Repository/HealthpostToStore/Page_HealthPost Store/select_--Select--Adernaline 0.'

2018-06-09 22:17:13 - [MESSAGE][PASSED] - All options with index in [17] are selected on object 'Object Repository/HealthpostToStore/Page_HealthPost Store/select_--Select--Adernaline 0.'

2018-06-09 22:17:13 - [TEST_STEP][PASSED] - setText: Text '10' is set on object 'Object Repository/HealthpostToStore/Page_HealthPost Store/input_txttreat'

2018-06-09 22:17:13 - [MESSAGE][PASSED] - Text '10' is set on object 'Object Repository/HealthpostToStore/Page_HealthPost Store/input_txttreat'

2018-06-09 22:17:13 - [TEST_STEP][PASSED] - click: Object: 'Object Repository/HealthpostToStore/Page_HealthPost Store/button_Add' is clicked on

2018-06-09 22:17:13 - [MESSAGE][PASSED] - Object: 'Object Repository/HealthpostToStore/Page_HealthPost Store/button_Add' is clicked on

2018-06-09 22:17:13 - [TEST_STEP][PASSED] - selectOptionByIndex: All options with index in [12] are selected on object 'Object Repository/HealthpostToStore/Page_HealthPost Store/select_--Select--Schedule 1Inj'

2018-06-09 22:17:14 - [MESSAGE][PASSED] - All options with index in [12] are selected on object 'Object Repository/HealthpostToStore/Page_HealthPost Store/select_--Select--Schedule 1Inj'

2018-06-09 22:17:14 - [TEST_STEP][PASSED] - selectOptionByIndex: All options with index in [18] are selected on object 'Object Repository/HealthpostToStore/Page_HealthPost Store/select_--Select--Adernaline 0.'

2018-06-09 22:17:14 - [MESSAGE][PASSED] - All options with index in [18] are selected on object 'Object Repository/HealthpostToStore/Page_HealthPost Store/select_--Select--Adernaline 0.'

2018-06-09 22:17:14 - [TEST_STEP][PASSED] - setText: Text '10' is set on object 'Object Repository/HealthpostToStore/Page_HealthPost Store/input_txttreat'

2018-06-09 22:17:14 - [MESSAGE][PASSED] - Text '10' is set on object 'Object Repository/HealthpostToStore/Page_HealthPost Store/input_txttreat'

2018-06-09 22:17:14 - [TEST_STEP][PASSED] - click: Object: 'Object Repository/HealthpostToStore/Page_HealthPost Store/button_Add' is clicked on

2018-06-09 22:17:14 - [MESSAGE][PASSED] - Object: 'Object Repository/HealthpostToStore/Page_HealthPost Store/button_Add' is clicked on

2018-06-09 22:17:14 - [TEST_STEP][PASSED] - scrollToElement: Scroll to object 'Object Repository/HealthpostToStore/Page_HealthPost Store/input_btnsave' successfully

2018-06-09 22:17:14 - [MESSAGE][PASSED] - Scroll to object 'Object Repository/HealthpostToStore/Page_HealthPost Store/input_btnsave' successfully

2018-06-09 22:17:14 - [TEST_STEP][PASSED] - click: Object: 'Object Repository/HealthpostToStore/Page_HealthPost Store/input_btnsave' is clicked on

2018-06-09 22:17:14 - [MESSAGE][PASSED] - Object: 'Object Repository/HealthpostToStore/Page_HealthPost Store/input_btnsave' is clicked on

2018-06-09 22:17:14 - [TEST_STEP][PASSED] - delay: Delayed 3 second(s)

2018-06-09 22:17:17 - [MESSAGE][PASSED] - Delayed 3 second(s)

2018-06-09 22:17:17 - [TEST_STEP][PASSED] - Statement - RN1 = com.kms.katalon.core.webui.keyword.WebUiBuiltInKeywords.getText(com.kms.katalon.core.testobject.ObjectRepository.findTestObject(HealthpostToStore/Page_HealthPost Store/font_HPRNO180520187)): Text of object 'Object Repository/HealthpostToStore/Page_HealthPost Store/font_HPRNO180520187' is: 'HPRNO/09062018/230'

2018-06-09 22:17:17 - [MESSAGE][PASSED] - Text of object 'Object Repository/HealthpostToStore/Page_HealthPost Store/font_HPRNO180520187' is: 'HPRNO/09062018/230'

2018-06-09 22:17:17 - [TEST_STEP][PASSED] - Statement - out.println(RN1): null

2018-06-09 22:17:17 - [TEST_STEP][PASSED] - Statement - RID = RN1.split("/")[2]: null

2018-06-09 22:17:17 - [TEST_STEP][PASSED] - click: Object: 'Object Repository/HealthpostToStore/Page_HealthPost Store/button_OK' is clicked on

2018-06-09 22:17:18 - [MESSAGE][PASSED] - Object: 'Object Repository/HealthpostToStore/Page_HealthPost Store/button_OK' is clicked on

2018-06-09 22:17:18 - [TEST_STEP][PASSED] - delay: Delayed 3 second(s)

2018-06-09 22:17:21 - [MESSAGE][PASSED] - Delayed 3 second(s)

2018-06-09 22:17:21 - [TEST_STEP][PASSED] - click: Object: 'Object Repository/HealthpostToStore/Page_HealthPost Store/a_dropdown-toggle' is clicked on

2018-06-09 22:17:21 - [MESSAGE][PASSED] - Object: 'Object Repository/HealthpostToStore/Page_HealthPost Store/a_dropdown-toggle' is clicked on

2018-06-09 22:17:21 - [TEST_STEP][PASSED] - click: Object: 'Object Repository/HealthpostToStore/Page_HealthPost Store/a_Sign out' is clicked on

2018-06-09 22:17:22 - [MESSAGE][PASSED] - Object: 'Object Repository/HealthpostToStore/Page_HealthPost Store/a_Sign out' is clicked on

2018-06-09 22:17:22 - [TEST_STEP][PASSED] - delay: Delayed 3 second(s)

2018-06-09 22:17:25 - [MESSAGE][PASSED] - Delayed 3 second(s)

2018-06-09 22:17:25 - [TEST_STEP][PASSED] - navigateToUrl: Navigate to 'http://192.168.137.1/multihospital_new/' successfully

2018-06-09 22:17:25 - [MESSAGE][PASSED] - Navigate to 'http://192.168.137.1/multihospital_new/' successfully

2018-06-09 22:17:25 - [TEST_STEP][PASSED] - click: Object: 'Object Repository/HealthpostToStore/Page_KDMC/a_CMO' is clicked on

2018-06-09 22:17:26 - [MESSAGE][PASSED] - Object: 'Object Repository/HealthpostToStore/Page_KDMC/a_CMO' is clicked on

2018-06-09 22:17:26 - [TEST_STEP][PASSED] - setText: Text 'guru' is set on object 'Object Repository/HealthpostToStore/Page_CMO login/input_txtusername'

2018-06-09 22:17:26 - [MESSAGE][PASSED] - Text 'guru' is set on object 'Object Repository/HealthpostToStore/Page_CMO login/input_txtusername'

2018-06-09 22:17:26 - [TEST_STEP][PASSED] - setText: Text '123' is set on object 'Object Repository/HealthpostToStore/Page_CMO login/input_txtpassword'

2018-06-09 22:17:26 - [MESSAGE][PASSED] - Text '123' is set on object 'Object Repository/HealthpostToStore/Page_CMO login/input_txtpassword'

2018-06-09 22:17:26 - [TEST_STEP][PASSED] - delay: Delayed 3 second(s)

2018-06-09 22:17:29 - [MESSAGE][PASSED] - Delayed 3 second(s)

2018-06-09 22:17:29 - [TEST_STEP][PASSED] - click: Object: 'Object Repository/HealthpostToStore/Page_CMO login/button_Sign in' is clicked on

2018-06-09 22:17:30 - [MESSAGE][PASSED] - Object: 'Object Repository/HealthpostToStore/Page_CMO login/button_Sign in' is clicked on

2018-06-09 22:17:30 - [TEST_STEP][PASSED] - click: Object: 'Object Repository/HealthpostToStore/Page_KDMC - CMO/a_Department Wise Request' is clicked on

2018-06-09 22:17:32 - [MESSAGE][PASSED] - Object: 'Object Repository/HealthpostToStore/Page_KDMC - CMO/a_Department Wise Request' is clicked on

2018-06-09 22:17:32 - [TEST_STEP][PASSED] - delay: Delayed 2 second(s)

2018-06-09 22:17:34 - [MESSAGE][PASSED] - Delayed 2 second(s)

2018-06-09 22:17:34 - [TEST_STEP][PASSED] - selectOptionByIndex: All options with index in [5] are selected on object 'Object Repository/HealthpostToStore/Page_KDMC - CMO/select_--ALL--'

2018-06-09 22:17:34 - [MESSAGE][PASSED] - All options with index in [5] are selected on object 'Object Repository/HealthpostToStore/Page_KDMC - CMO/select_--ALL--'

2018-06-09 22:17:34 - [TEST_STEP][PASSED] - click: Object: 'Object Repository/HealthpostToStore/Page_KDMC - CMO/input_btnsearch' is clicked on

2018-06-09 22:17:34 - [MESSAGE][PASSED] - Object: 'Object Repository/HealthpostToStore/Page_KDMC - CMO/input_btnsearch' is clicked on

2018-06-09 22:17:34 - [TEST_STEP][PASSED] - selectOptionByIndex: All options with index in [1] are selected on object 'Object Repository/HealthpostToStore/Page_KDMC - CMO/select_--ALL--                _1'

2018-06-09 22:17:35 - [MESSAGE][PASSED] - All options with index in [1] are selected on object 'Object Repository/HealthpostToStore/Page_KDMC - CMO/select_--ALL--                _1'

2018-06-09 22:17:35 - [TEST_STEP][PASSED] - click: Object: 'Object Repository/HealthpostToStore/Page_KDMC - CMO/input_btnsearch' is clicked on

2018-06-09 22:17:35 - [MESSAGE][PASSED] - Object: 'Object Repository/HealthpostToStore/Page_KDMC - CMO/input_btnsearch' is clicked on

2018-06-09 22:17:35 - [TEST_STEP][PASSED] - Statement - ID = com.kms.katalon.core.webui.keyword.WebUiBuiltInKeywords.modifyObjectProperty(com.kms.katalon.core.testobject.ObjectRepository.findTestObject(lab/Page_KDMC - CMO/input_1), "xpath", "equals", "//*[@id=" + RID + "]", true): Modify property of object successfully

2018-06-09 22:17:35 - [MESSAGE][PASSED] - Modify property of object successfully

2018-06-09 22:17:35 - [TEST_STEP][PASSED] - click: Object: 'Object Repository/lab/Page_KDMC - CMO/input_1' is clicked on

2018-06-09 22:17:35 - [MESSAGE][PASSED] - Object: 'Object Repository/lab/Page_KDMC - CMO/input_1' is clicked on

2018-06-09 22:17:35 - [TEST_STEP][PASSED] - delay: Delayed 2 second(s)

2018-06-09 22:17:37 - [MESSAGE][PASSED] - Delayed 2 second(s)

2018-06-09 22:17:37 - [TEST_STEP][PASSED] - selectOptionByIndex: All options with index in [1] are selected on object 'Object Repository/HealthpostToStore/Page_KDMC - CMO/select_--Select--'

2018-06-09 22:17:37 - [MESSAGE][PASSED] - All options with index in [1] are selected on object 'Object Repository/HealthpostToStore/Page_KDMC - CMO/select_--Select--'

2018-06-09 22:17:37 - [TEST_STEP][PASSED] - click: Object: 'Object Repository/HealthpostToStore/Page_KDMC - CMO/input_btnupdate' is clicked on

2018-06-09 22:17:38 - [MESSAGE][PASSED] - Object: 'Object Repository/HealthpostToStore/Page_KDMC - CMO/input_btnupdate' is clicked on

2018-06-09 22:17:38 - [TEST_STEP][PASSED] - delay: Delayed 2 second(s)

2018-06-09 22:17:40 - [MESSAGE][PASSED] - Delayed 2 second(s)

2018-06-09 22:17:40 - [TEST_STEP][PASSED] - click: Object: 'Object Repository/HealthpostToStore/Page_KDMC - CMO/button_OK' is clicked on

2018-06-09 22:17:40 - [MESSAGE][PASSED] - Object: 'Object Repository/HealthpostToStore/Page_KDMC - CMO/button_OK' is clicked on

2018-06-09 22:17:40 - [TEST_STEP][PASSED] - delay: Delayed 2 second(s)

2018-06-09 22:17:42 - [MESSAGE][PASSED] - Delayed 2 second(s)

2018-06-09 22:17:42 - [TEST_STEP][PASSED] - click: Object: 'Object Repository/HealthpostToStore/Page_KDMC - CMO/a_dropdown-toggle' is clicked on

2018-06-09 22:17:42 - [MESSAGE][PASSED] - Object: 'Object Repository/HealthpostToStore/Page_KDMC - CMO/a_dropdown-toggle' is clicked on

2018-06-09 22:17:42 - [TEST_STEP][PASSED] - click: Object: 'Object Repository/HealthpostToStore/Page_KDMC - CMO/a_Sign out' is clicked on

2018-06-09 22:17:43 - [MESSAGE][PASSED] - Object: 'Object Repository/HealthpostToStore/Page_KDMC - CMO/a_Sign out' is clicked on

2018-06-09 22:17:43 - [TEST_STEP][PASSED] - delay: Delayed 3 second(s)

2018-06-09 22:17:46 - [MESSAGE][PASSED] - Delayed 3 second(s)

2018-06-09 22:17:46 - [TEST_STEP][PASSED] - click: Object: 'Object Repository/HealthpostToStore/Page_KDMC/a_Divisional Store' is clicked on

2018-06-09 22:17:47 - [MESSAGE][PASSED] - Object: 'Object Repository/HealthpostToStore/Page_KDMC/a_Divisional Store' is clicked on

2018-06-09 22:17:47 - [TEST_STEP][PASSED] - setText: Text 'ragu' is set on object 'Object Repository/HealthpostToStore/Page_Divisonal Store Login/input_txtusername'

2018-06-09 22:17:47 - [MESSAGE][PASSED] - Text 'ragu' is set on object 'Object Repository/HealthpostToStore/Page_Divisonal Store Login/input_txtusername'

2018-06-09 22:17:47 - [TEST_STEP][PASSED] - setText: Text '123' is set on object 'Object Repository/HealthpostToStore/Page_Divisonal Store Login/input_txtpassword'

2018-06-09 22:17:47 - [MESSAGE][PASSED] - Text '123' is set on object 'Object Repository/HealthpostToStore/Page_Divisonal Store Login/input_txtpassword'

2018-06-09 22:17:47 - [TEST_STEP][PASSED] - delay: Delayed 3 second(s)

2018-06-09 22:17:50 - [MESSAGE][PASSED] - Delayed 3 second(s)

2018-06-09 22:17:50 - [TEST_STEP][PASSED] - click: Object: 'Object Repository/HealthpostToStore/Page_Divisonal Store Login/button_Sign in' is clicked on

2018-06-09 22:17:53 - [MESSAGE][PASSED] - Object: 'Object Repository/HealthpostToStore/Page_Divisonal Store Login/button_Sign in' is clicked on

2018-06-09 22:17:53 - [TEST_STEP][PASSED] - delay: Delayed 3 second(s)

2018-06-09 22:17:56 - [MESSAGE][PASSED] - Delayed 3 second(s)

2018-06-09 22:17:56 - [TEST_STEP][PASSED] - click: Object: 'Object Repository/HealthpostToStore/Page_Store/a_Health Post Request' is clicked on

2018-06-09 22:17:56 - [MESSAGE][PASSED] - Object: 'Object Repository/HealthpostToStore/Page_Store/a_Health Post Request' is clicked on

2018-06-09 22:17:56 - [TEST_STEP][PASSED] - click: Object: 'Object Repository/HealthpostToStore/Page_Store/a_Request Item HealthPost' is clicked on

2018-06-09 22:17:57 - [MESSAGE][PASSED] - Object: 'Object Repository/HealthpostToStore/Page_Store/a_Request Item HealthPost' is clicked on

2018-06-09 22:17:57 - [TEST_STEP][PASSED] - Statement - ChooseRequest = com.kms.katalon.core.webui.keyword.WebUiBuiltInKeywords.modifyObjectProperty(com.kms.katalon.core.testobject.ObjectRepository.findTestObject(lab/Page_Store/input_1), "xpath", "equals", "//*[@id=" + RID + "]", true): Modify property of object successfully

2018-06-09 22:17:57 - [MESSAGE][PASSED] - Modify property of object successfully

2018-06-09 22:17:57 - [TEST_STEP][PASSED] - click: Object: 'Object Repository/lab/Page_Store/input_1' is clicked on

2018-06-09 22:17:58 - [MESSAGE][PASSED] - Object: 'Object Repository/lab/Page_Store/input_1' is clicked on

2018-06-09 22:17:58 - [TEST_STEP][PASSED] - Statement - selectedoptions = com.kms.katalon.core.webui.keyword.WebUiBuiltInKeywords.getNumberOfTotalOption(com.kms.katalon.core.testobject.ObjectRepository.findTestObject(HealthpostToStore/Page_Store/select_--Select--Adernaline 0.)): 19 options of object 'Object Repository/HealthpostToStore/Page_Store/select_--Select--Adernaline 0.' counted

2018-06-09 22:17:58 - [MESSAGE][PASSED] - 19 options of object 'Object Repository/HealthpostToStore/Page_Store/select_--Select--Adernaline 0.' counted

2018-06-09 22:17:58 - [TEST_STEP][PASSED] - Statement - For ([a = 1, a <= selectedoptions - 1, (a++)]): null

2018-06-09 22:17:58 - [TEST_STEP][PASSED] - selectOptionByIndex: All options with index in [1] are selected on object 'Object Repository/HealthpostToStore/Page_Store/select_--Select--Adernaline 0.'

2018-06-09 22:17:58 - [MESSAGE][PASSED] - All options with index in [1] are selected on object 'Object Repository/HealthpostToStore/Page_Store/select_--Select--Adernaline 0.'

2018-06-09 22:17:58 - [TEST_STEP][PASSED] - delay: Delayed 2 second(s)

2018-06-09 22:18:00 - [MESSAGE][PASSED] - Delayed 2 second(s)

2018-06-09 22:18:00 - [TEST_STEP][PASSED] - Statement - RequestedQty = com.kms.katalon.core.webui.keyword.WebUiBuiltInKeywords.getAttribute(com.kms.katalon.core.testobject.ObjectRepository.findTestObject(HealthpostToStore/Page_Store/input_txttotal), "value"): Attribute 'value' of object 'Object Repository/HealthpostToStore/Page_Store/input_txttotal' is: '10'

2018-06-09 22:18:00 - [MESSAGE][PASSED] - Attribute 'value' of object 'Object Repository/HealthpostToStore/Page_Store/input_txttotal' is: '10'

2018-06-09 22:18:00 - [TEST_STEP][PASSED] - Statement - out.println("Requested QTY : " + RequestedQty): null

2018-06-09 22:18:00 - [TEST_STEP][PASSED] - Statement - BatchNumber = com.kms.katalon.core.webui.keyword.WebUiBuiltInKeywords.getNumberOfTotalOption(com.kms.katalon.core.testobject.ObjectRepository.findTestObject(HealthpostToStore/Page_Store/select_--Select--BA1170BA2376B)): 3 options of object 'Object Repository/HealthpostToStore/Page_Store/select_--Select--BA1170BA2376B' counted

2018-06-09 22:18:01 - [MESSAGE][PASSED] - 3 options of object 'Object Repository/HealthpostToStore/Page_Store/select_--Select--BA1170BA2376B' counted

2018-06-09 22:18:01 - [TEST_STEP][PASSED] - Statement - For ([g = 1, g <= BatchNumber - 1, (g++)]): null

2018-06-09 22:18:01 - [TEST_STEP][PASSED] - selectOptionByIndex: All options with index in [1] are selected on object 'Object Repository/HealthpostToStore/Page_Store/select_--Select--BA1170BA2376B'

2018-06-09 22:18:01 - [MESSAGE][PASSED] - All options with index in [1] are selected on object 'Object Repository/HealthpostToStore/Page_Store/select_--Select--BA1170BA2376B'

2018-06-09 22:18:01 - [TEST_STEP][PASSED] - Statement - Try: null

2018-06-09 22:18:01 - [TEST_STEP][PASSED] - Statement - StockQty = com.kms.katalon.core.webui.keyword.WebUiBuiltInKeywords.getAttribute(com.kms.katalon.core.testobject.ObjectRepository.findTestObject(HealthpostToStore/Page_Store/input_txtprice), "value"): Attribute 'value' of object 'Object Repository/HealthpostToStore/Page_Store/input_txtprice' is: '425'

2018-06-09 22:18:01 - [MESSAGE][PASSED] - Attribute 'value' of object 'Object Repository/HealthpostToStore/Page_Store/input_txtprice' is: '425'

2018-06-09 22:18:01 - [TEST_STEP][PASSED] - Statement - out.println("Stock QTY : " + StockQty): null

2018-06-09 22:18:01 - [TEST_STEP][PASSED] - delay: Delayed 2 second(s)

2018-06-09 22:18:03 - [MESSAGE][PASSED] - Delayed 2 second(s)

2018-06-09 22:18:03 - [TEST_STEP][PASSED] - Statement - If (java.lang.String.valueOf(StockQty) >= java.lang.String.valueOf(RequestedQty)): null

2018-06-09 22:18:03 - [TEST_STEP][PASSED] - setText: Text '10' is set on object 'Object Repository/HealthpostToStore/Page_Store/input_txtqty'

2018-06-09 22:18:03 - [MESSAGE][PASSED] - Text '10' is set on object 'Object Repository/HealthpostToStore/Page_Store/input_txtqty'

2018-06-09 22:18:03 - [TEST_STEP][PASSED] - click: Object: 'Object Repository/HealthpostToStore/Page_Store/button_Add' is clicked on

2018-06-09 22:18:03 - [MESSAGE][PASSED] - Object: 'Object Repository/HealthpostToStore/Page_Store/button_Add' is clicked on

2018-06-09 22:18:03 - [TEST_STEP][PASSED] - Statement - Break: null

2018-06-09 22:18:03 - [TEST_STEP][PASSED] - selectOptionByIndex: All options with index in [2] are selected on object 'Object Repository/HealthpostToStore/Page_Store/select_--Select--Adernaline 0.'

2018-06-09 22:18:03 - [MESSAGE][PASSED] - All options with index in [2] are selected on object 'Object Repository/HealthpostToStore/Page_Store/select_--Select--Adernaline 0.'

2018-06-09 22:18:03 - [TEST_STEP][PASSED] - delay: Delayed 2 second(s)

2018-06-09 22:18:05 - [MESSAGE][PASSED] - Delayed 2 second(s)

2018-06-09 22:18:05 - [TEST_STEP][PASSED] - Statement - RequestedQty = com.kms.katalon.core.webui.keyword.WebUiBuiltInKeywords.getAttribute(com.kms.katalon.core.testobject.ObjectRepository.findTestObject(HealthpostToStore/Page_Store/input_txttotal), "value"): Attribute 'value' of object 'Object Repository/HealthpostToStore/Page_Store/input_txttotal' is: '10'

2018-06-09 22:18:05 - [MESSAGE][PASSED] - Attribute 'value' of object 'Object Repository/HealthpostToStore/Page_Store/input_txttotal' is: '10'

2018-06-09 22:18:05 - [TEST_STEP][PASSED] - Statement - out.println("Requested QTY : " + RequestedQty): null

2018-06-09 22:18:05 - [TEST_STEP][PASSED] - Statement - BatchNumber = com.kms.katalon.core.webui.keyword.WebUiBuiltInKeywords.getNumberOfTotalOption(com.kms.katalon.core.testobject.ObjectRepository.findTestObject(HealthpostToStore/Page_Store/select_--Select--BA1170BA2376B)): 2 options of object 'Object Repository/HealthpostToStore/Page_Store/select_--Select--BA1170BA2376B' counted

2018-06-09 22:18:05 - [MESSAGE][PASSED] - 2 options of object 'Object Repository/HealthpostToStore/Page_Store/select_--Select--BA1170BA2376B' counted

2018-06-09 22:18:05 - [TEST_STEP][PASSED] - Statement - For ([g = 1, g <= BatchNumber - 1, (g++)]): null

2018-06-09 22:18:05 - [TEST_STEP][PASSED] - selectOptionByIndex: All options with index in [1] are selected on object 'Object Repository/HealthpostToStore/Page_Store/select_--Select--BA1170BA2376B'

2018-06-09 22:18:05 - [MESSAGE][PASSED] - All options with index in [1] are selected on object 'Object Repository/HealthpostToStore/Page_Store/select_--Select--BA1170BA2376B'

2018-06-09 22:18:05 - [TEST_STEP][PASSED] - Statement - Try: null

2018-06-09 22:18:05 - [TEST_STEP][PASSED] - Statement - StockQty = com.kms.katalon.core.webui.keyword.WebUiBuiltInKeywords.getAttribute(com.kms.katalon.core.testobject.ObjectRepository.findTestObject(HealthpostToStore/Page_Store/input_txtprice), "value"): Attribute 'value' of object 'Object Repository/HealthpostToStore/Page_Store/input_txtprice' is: '948'

2018-06-09 22:18:05 - [MESSAGE][PASSED] - Attribute 'value' of object 'Object Repository/HealthpostToStore/Page_Store/input_txtprice' is: '948'

2018-06-09 22:18:05 - [TEST_STEP][PASSED] - Statement - out.println("Stock QTY : " + StockQty): null

2018-06-09 22:18:05 - [TEST_STEP][PASSED] - delay: Delayed 2 second(s)

2018-06-09 22:18:07 - [MESSAGE][PASSED] - Delayed 2 second(s)

2018-06-09 22:18:07 - [TEST_STEP][PASSED] - Statement - If (java.lang.String.valueOf(StockQty) >= java.lang.String.valueOf(RequestedQty)): null

2018-06-09 22:18:07 - [TEST_STEP][PASSED] - setText: Text '10' is set on object 'Object Repository/HealthpostToStore/Page_Store/input_txtqty'

2018-06-09 22:18:08 - [MESSAGE][PASSED] - Text '10' is set on object 'Object Repository/HealthpostToStore/Page_Store/input_txtqty'

2018-06-09 22:18:08 - [TEST_STEP][PASSED] - click: Object: 'Object Repository/HealthpostToStore/Page_Store/button_Add' is clicked on

2018-06-09 22:18:08 - [MESSAGE][PASSED] - Object: 'Object Repository/HealthpostToStore/Page_Store/button_Add' is clicked on

2018-06-09 22:18:08 - [TEST_STEP][PASSED] - Statement - Break: null

2018-06-09 22:18:08 - [TEST_STEP][PASSED] - selectOptionByIndex: All options with index in [3] are selected on object 'Object Repository/HealthpostToStore/Page_Store/select_--Select--Adernaline 0.'

2018-06-09 22:18:08 - [MESSAGE][PASSED] - All options with index in [3] are selected on object 'Object Repository/HealthpostToStore/Page_Store/select_--Select--Adernaline 0.'

2018-06-09 22:18:08 - [TEST_STEP][PASSED] - delay: Delayed 2 second(s)

2018-06-09 22:18:10 - [MESSAGE][PASSED] - Delayed 2 second(s)

2018-06-09 22:18:10 - [TEST_STEP][PASSED] - Statement - RequestedQty = com.kms.katalon.core.webui.keyword.WebUiBuiltInKeywords.getAttribute(com.kms.katalon.core.testobject.ObjectRepository.findTestObject(HealthpostToStore/Page_Store/input_txttotal), "value"): Attribute 'value' of object 'Object Repository/HealthpostToStore/Page_Store/input_txttotal' is: '10'

2018-06-09 22:18:10 - [MESSAGE][PASSED] - Attribute 'value' of object 'Object Repository/HealthpostToStore/Page_Store/input_txttotal' is: '10'

2018-06-09 22:18:10 - [TEST_STEP][PASSED] - Statement - out.println("Requested QTY : " + RequestedQty): null

2018-06-09 22:18:10 - [TEST_STEP][PASSED] - Statement - BatchNumber = com.kms.katalon.core.webui.keyword.WebUiBuiltInKeywords.getNumberOfTotalOption(com.kms.katalon.core.testobject.ObjectRepository.findTestObject(HealthpostToStore/Page_Store/select_--Select--BA1170BA2376B)): 3 options of object 'Object Repository/HealthpostToStore/Page_Store/select_--Select--BA1170BA2376B' counted

2018-06-09 22:18:10 - [MESSAGE][PASSED] - 3 options of object 'Object Repository/HealthpostToStore/Page_Store/select_--Select--BA1170BA2376B' counted

2018-06-09 22:18:10 - [TEST_STEP][PASSED] - Statement - For ([g = 1, g <= BatchNumber - 1, (g++)]): null

2018-06-09 22:18:10 - [TEST_STEP][PASSED] - selectOptionByIndex: All options with index in [1] are selected on object 'Object Repository/HealthpostToStore/Page_Store/select_--Select--BA1170BA2376B'

2018-06-09 22:18:10 - [MESSAGE][PASSED] - All options with index in [1] are selected on object 'Object Repository/HealthpostToStore/Page_Store/select_--Select--BA1170BA2376B'

2018-06-09 22:18:10 - [TEST_STEP][PASSED] - Statement - Try: null

2018-06-09 22:18:10 - [TEST_STEP][PASSED] - Statement - StockQty = com.kms.katalon.core.webui.keyword.WebUiBuiltInKeywords.getAttribute(com.kms.katalon.core.testobject.ObjectRepository.findTestObject(HealthpostToStore/Page_Store/input_txtprice), "value"): Attribute 'value' of object 'Object Repository/HealthpostToStore/Page_Store/input_txtprice' is: '425'

2018-06-09 22:18:10 - [MESSAGE][PASSED] - Attribute 'value' of object 'Object Repository/HealthpostToStore/Page_Store/input_txtprice' is: '425'

2018-06-09 22:18:10 - [TEST_STEP][PASSED] - Statement - out.println("Stock QTY : " + StockQty): null

2018-06-09 22:18:10 - [TEST_STEP][PASSED] - delay: Delayed 2 second(s)

2018-06-09 22:18:12 - [MESSAGE][PASSED] - Delayed 2 second(s)

2018-06-09 22:18:12 - [TEST_STEP][PASSED] - Statement - If (java.lang.String.valueOf(StockQty) >= java.lang.String.valueOf(RequestedQty)): null

2018-06-09 22:18:12 - [TEST_STEP][PASSED] - setText: Text '10' is set on object 'Object Repository/HealthpostToStore/Page_Store/input_txtqty'

2018-06-09 22:18:12 - [MESSAGE][PASSED] - Text '10' is set on object 'Object Repository/HealthpostToStore/Page_Store/input_txtqty'

2018-06-09 22:18:12 - [TEST_STEP][PASSED] - click: Object: 'Object Repository/HealthpostToStore/Page_Store/button_Add' is clicked on

2018-06-09 22:18:12 - [MESSAGE][PASSED] - Object: 'Object Repository/HealthpostToStore/Page_Store/button_Add' is clicked on

2018-06-09 22:18:12 - [TEST_STEP][PASSED] - Statement - Break: null

2018-06-09 22:18:12 - [TEST_STEP][PASSED] - selectOptionByIndex: All options with index in [4] are selected on object 'Object Repository/HealthpostToStore/Page_Store/select_--Select--Adernaline 0.'

2018-06-09 22:18:12 - [MESSAGE][PASSED] - All options with index in [4] are selected on object 'Object Repository/HealthpostToStore/Page_Store/select_--Select--Adernaline 0.'

2018-06-09 22:18:12 - [TEST_STEP][PASSED] - delay: Delayed 2 second(s)

2018-06-09 22:18:14 - [MESSAGE][PASSED] - Delayed 2 second(s)

2018-06-09 22:18:14 - [TEST_STEP][PASSED] - Statement - RequestedQty = com.kms.katalon.core.webui.keyword.WebUiBuiltInKeywords.getAttribute(com.kms.katalon.core.testobject.ObjectRepository.findTestObject(HealthpostToStore/Page_Store/input_txttotal), "value"): Attribute 'value' of object 'Object Repository/HealthpostToStore/Page_Store/input_txttotal' is: '10'

2018-06-09 22:18:14 - [MESSAGE][PASSED] - Attribute 'value' of object 'Object Repository/HealthpostToStore/Page_Store/input_txttotal' is: '10'

2018-06-09 22:18:14 - [TEST_STEP][PASSED] - Statement - out.println("Requested QTY : " + RequestedQty): null

2018-06-09 22:18:14 - [TEST_STEP][PASSED] - Statement - BatchNumber = com.kms.katalon.core.webui.keyword.WebUiBuiltInKeywords.getNumberOfTotalOption(com.kms.katalon.core.testobject.ObjectRepository.findTestObject(HealthpostToStore/Page_Store/select_--Select--BA1170BA2376B)): 3 options of object 'Object Repository/HealthpostToStore/Page_Store/select_--Select--BA1170BA2376B' counted

2018-06-09 22:18:14 - [MESSAGE][PASSED] - 3 options of object 'Object Repository/HealthpostToStore/Page_Store/select_--Select--BA1170BA2376B' counted

2018-06-09 22:18:14 - [TEST_STEP][PASSED] - Statement - For ([g = 1, g <= BatchNumber - 1, (g++)]): null

2018-06-09 22:18:14 - [TEST_STEP][PASSED] - selectOptionByIndex: All options with index in [1] are selected on object 'Object Repository/HealthpostToStore/Page_Store/select_--Select--BA1170BA2376B'

2018-06-09 22:18:15 - [MESSAGE][PASSED] - All options with index in [1] are selected on object 'Object Repository/HealthpostToStore/Page_Store/select_--Select--BA1170BA2376B'

2018-06-09 22:18:15 - [TEST_STEP][PASSED] - Statement - Try: null

2018-06-09 22:18:15 - [TEST_STEP][PASSED] - Statement - StockQty = com.kms.katalon.core.webui.keyword.WebUiBuiltInKeywords.getAttribute(com.kms.katalon.core.testobject.ObjectRepository.findTestObject(HealthpostToStore/Page_Store/input_txtprice), "value"): Attribute 'value' of object 'Object Repository/HealthpostToStore/Page_Store/input_txtprice' is: '425'

2018-06-09 22:18:15 - [MESSAGE][PASSED] - Attribute 'value' of object 'Object Repository/HealthpostToStore/Page_Store/input_txtprice' is: '425'

2018-06-09 22:18:15 - [TEST_STEP][PASSED] - Statement - out.println("Stock QTY : " + StockQty): null

2018-06-09 22:18:15 - [TEST_STEP][PASSED] - delay: Delayed 2 second(s)

2018-06-09 22:18:17 - [MESSAGE][PASSED] - Delayed 2 second(s)

2018-06-09 22:18:17 - [TEST_STEP][PASSED] - Statement - If (java.lang.String.valueOf(StockQty) >= java.lang.String.valueOf(RequestedQty)): null

2018-06-09 22:18:17 - [TEST_STEP][PASSED] - setText: Text '10' is set on object 'Object Repository/HealthpostToStore/Page_Store/input_txtqty'

2018-06-09 22:18:17 - [MESSAGE][PASSED] - Text '10' is set on object 'Object Repository/HealthpostToStore/Page_Store/input_txtqty'

2018-06-09 22:18:17 - [TEST_STEP][PASSED] - click: Object: 'Object Repository/HealthpostToStore/Page_Store/button_Add' is clicked on

2018-06-09 22:18:17 - [MESSAGE][PASSED] - Object: 'Object Repository/HealthpostToStore/Page_Store/button_Add' is clicked on

2018-06-09 22:18:17 - [TEST_STEP][PASSED] - Statement - Break: null

2018-06-09 22:18:17 - [TEST_STEP][PASSED] - selectOptionByIndex: All options with index in [5] are selected on object 'Object Repository/HealthpostToStore/Page_Store/select_--Select--Adernaline 0.'

2018-06-09 22:18:17 - [MESSAGE][PASSED] - All options with index in [5] are selected on object 'Object Repository/HealthpostToStore/Page_Store/select_--Select--Adernaline 0.'

2018-06-09 22:18:17 - [TEST_STEP][PASSED] - delay: Delayed 2 second(s)

2018-06-09 22:18:19 - [MESSAGE][PASSED] - Delayed 2 second(s)

2018-06-09 22:18:19 - [TEST_STEP][PASSED] - Statement - RequestedQty = com.kms.katalon.core.webui.keyword.WebUiBuiltInKeywords.getAttribute(com.kms.katalon.core.testobject.ObjectRepository.findTestObject(HealthpostToStore/Page_Store/input_txttotal), "value"): Attribute 'value' of object 'Object Repository/HealthpostToStore/Page_Store/input_txttotal' is: '10'

2018-06-09 22:18:19 - [MESSAGE][PASSED] - Attribute 'value' of object 'Object Repository/HealthpostToStore/Page_Store/input_txttotal' is: '10'

2018-06-09 22:18:19 - [TEST_STEP][PASSED] - Statement - out.println("Requested QTY : " + RequestedQty): null

2018-06-09 22:18:19 - [TEST_STEP][PASSED] - Statement - BatchNumber = com.kms.katalon.core.webui.keyword.WebUiBuiltInKeywords.getNumberOfTotalOption(com.kms.katalon.core.testobject.ObjectRepository.findTestObject(HealthpostToStore/Page_Store/select_--Select--BA1170BA2376B)): 4 options of object 'Object Repository/HealthpostToStore/Page_Store/select_--Select--BA1170BA2376B' counted

2018-06-09 22:18:19 - [MESSAGE][PASSED] - 4 options of object 'Object Repository/HealthpostToStore/Page_Store/select_--Select--BA1170BA2376B' counted

2018-06-09 22:18:19 - [TEST_STEP][PASSED] - Statement - For ([g = 1, g <= BatchNumber - 1, (g++)]): null

2018-06-09 22:18:19 - [TEST_STEP][PASSED] - selectOptionByIndex: All options with index in [1] are selected on object 'Object Repository/HealthpostToStore/Page_Store/select_--Select--BA1170BA2376B'

2018-06-09 22:18:19 - [MESSAGE][PASSED] - All options with index in [1] are selected on object 'Object Repository/HealthpostToStore/Page_Store/select_--Select--BA1170BA2376B'

2018-06-09 22:18:19 - [TEST_STEP][PASSED] - Statement - Try: null

2018-06-09 22:18:19 - [TEST_STEP][PASSED] - Statement - StockQty = com.kms.katalon.core.webui.keyword.WebUiBuiltInKeywords.getAttribute(com.kms.katalon.core.testobject.ObjectRepository.findTestObject(HealthpostToStore/Page_Store/input_txtprice), "value"): Attribute 'value' of object 'Object Repository/HealthpostToStore/Page_Store/input_txtprice' is: '190'

2018-06-09 22:18:19 - [MESSAGE][PASSED] - Attribute 'value' of object 'Object Repository/HealthpostToStore/Page_Store/input_txtprice' is: '190'

2018-06-09 22:18:19 - [TEST_STEP][PASSED] - Statement - out.println("Stock QTY : " + StockQty): null

2018-06-09 22:18:19 - [TEST_STEP][PASSED] - delay: Delayed 2 second(s)

2018-06-09 22:18:21 - [MESSAGE][PASSED] - Delayed 2 second(s)

2018-06-09 22:18:21 - [TEST_STEP][PASSED] - Statement - If (java.lang.String.valueOf(StockQty) >= java.lang.String.valueOf(RequestedQty)): null

2018-06-09 22:18:21 - [TEST_STEP][PASSED] - setText: Text '10' is set on object 'Object Repository/HealthpostToStore/Page_Store/input_txtqty'

2018-06-09 22:18:21 - [MESSAGE][PASSED] - Text '10' is set on object 'Object Repository/HealthpostToStore/Page_Store/input_txtqty'

2018-06-09 22:18:21 - [TEST_STEP][PASSED] - click: Object: 'Object Repository/HealthpostToStore/Page_Store/button_Add' is clicked on

2018-06-09 22:18:21 - [MESSAGE][PASSED] - Object: 'Object Repository/HealthpostToStore/Page_Store/button_Add' is clicked on

2018-06-09 22:18:21 - [TEST_STEP][PASSED] - Statement - Break: null

2018-06-09 22:18:21 - [TEST_STEP][PASSED] - selectOptionByIndex: All options with index in [6] are selected on object 'Object Repository/HealthpostToStore/Page_Store/select_--Select--Adernaline 0.'

2018-06-09 22:18:22 - [MESSAGE][PASSED] - All options with index in [6] are selected on object 'Object Repository/HealthpostToStore/Page_Store/select_--Select--Adernaline 0.'

2018-06-09 22:18:22 - [TEST_STEP][PASSED] - delay: Delayed 2 second(s)

2018-06-09 22:18:24 - [MESSAGE][PASSED] - Delayed 2 second(s)

2018-06-09 22:18:24 - [TEST_STEP][PASSED] - Statement - RequestedQty = com.kms.katalon.core.webui.keyword.WebUiBuiltInKeywords.getAttribute(com.kms.katalon.core.testobject.ObjectRepository.findTestObject(HealthpostToStore/Page_Store/input_txttotal), "value"): Attribute 'value' of object 'Object Repository/HealthpostToStore/Page_Store/input_txttotal' is: '10'

2018-06-09 22:18:24 - [MESSAGE][PASSED] - Attribute 'value' of object 'Object Repository/HealthpostToStore/Page_Store/input_txttotal' is: '10'

2018-06-09 22:18:24 - [TEST_STEP][PASSED] - Statement - out.println("Requested QTY : " + RequestedQty): null

2018-06-09 22:18:24 - [TEST_STEP][PASSED] - Statement - BatchNumber = com.kms.katalon.core.webui.keyword.WebUiBuiltInKeywords.getNumberOfTotalOption(com.kms.katalon.core.testobject.ObjectRepository.findTestObject(HealthpostToStore/Page_Store/select_--Select--BA1170BA2376B)): 3 options of object 'Object Repository/HealthpostToStore/Page_Store/select_--Select--BA1170BA2376B' counted

2018-06-09 22:18:24 - [MESSAGE][PASSED] - 3 options of object 'Object Repository/HealthpostToStore/Page_Store/select_--Select--BA1170BA2376B' counted

2018-06-09 22:18:24 - [TEST_STEP][PASSED] - Statement - For ([g = 1, g <= BatchNumber - 1, (g++)]): null

2018-06-09 22:18:24 - [TEST_STEP][PASSED] - selectOptionByIndex: All options with index in [1] are selected on object 'Object Repository/HealthpostToStore/Page_Store/select_--Select--BA1170BA2376B'

2018-06-09 22:18:24 - [MESSAGE][PASSED] - All options with index in [1] are selected on object 'Object Repository/HealthpostToStore/Page_Store/select_--Select--BA1170BA2376B'

2018-06-09 22:18:24 - [TEST_STEP][PASSED] - Statement - Try: null

2018-06-09 22:18:24 - [TEST_STEP][PASSED] - Statement - StockQty = com.kms.katalon.core.webui.keyword.WebUiBuiltInKeywords.getAttribute(com.kms.katalon.core.testobject.ObjectRepository.findTestObject(HealthpostToStore/Page_Store/input_txtprice), "value"): Attribute 'value' of object 'Object Repository/HealthpostToStore/Page_Store/input_txtprice' is: '435'

2018-06-09 22:18:24 - [MESSAGE][PASSED] - Attribute 'value' of object 'Object Repository/HealthpostToStore/Page_Store/input_txtprice' is: '435'

2018-06-09 22:18:24 - [TEST_STEP][PASSED] - Statement - out.println("Stock QTY : " + StockQty): null

2018-06-09 22:18:24 - [TEST_STEP][PASSED] - delay: Delayed 2 second(s)

2018-06-09 22:18:26 - [MESSAGE][PASSED] - Delayed 2 second(s)

2018-06-09 22:18:26 - [TEST_STEP][PASSED] - Statement - If (java.lang.String.valueOf(StockQty) >= java.lang.String.valueOf(RequestedQty)): null

2018-06-09 22:18:26 - [TEST_STEP][PASSED] - setText: Text '10' is set on object 'Object Repository/HealthpostToStore/Page_Store/input_txtqty'

2018-06-09 22:18:26 - [MESSAGE][PASSED] - Text '10' is set on object 'Object Repository/HealthpostToStore/Page_Store/input_txtqty'

2018-06-09 22:18:26 - [TEST_STEP][PASSED] - click: Object: 'Object Repository/HealthpostToStore/Page_Store/button_Add' is clicked on

2018-06-09 22:18:26 - [MESSAGE][PASSED] - Object: 'Object Repository/HealthpostToStore/Page_Store/button_Add' is clicked on

2018-06-09 22:18:26 - [TEST_STEP][PASSED] - Statement - Break: null

2018-06-09 22:18:26 - [TEST_STEP][PASSED] - selectOptionByIndex: All options with index in [7] are selected on object 'Object Repository/HealthpostToStore/Page_Store/select_--Select--Adernaline 0.'

2018-06-09 22:18:26 - [MESSAGE][PASSED] - All options with index in [7] are selected on object 'Object Repository/HealthpostToStore/Page_Store/select_--Select--Adernaline 0.'

2018-06-09 22:18:26 - [TEST_STEP][PASSED] - delay: Delayed 2 second(s)

2018-06-09 22:18:28 - [MESSAGE][PASSED] - Delayed 2 second(s)

2018-06-09 22:18:28 - [TEST_STEP][PASSED] - Statement - RequestedQty = com.kms.katalon.core.webui.keyword.WebUiBuiltInKeywords.getAttribute(com.kms.katalon.core.testobject.ObjectRepository.findTestObject(HealthpostToStore/Page_Store/input_txttotal), "value"): Attribute 'value' of object 'Object Repository/HealthpostToStore/Page_Store/input_txttotal' is: '10'

2018-06-09 22:18:28 - [MESSAGE][PASSED] - Attribute 'value' of object 'Object Repository/HealthpostToStore/Page_Store/input_txttotal' is: '10'

2018-06-09 22:18:28 - [TEST_STEP][PASSED] - Statement - out.println("Requested QTY : " + RequestedQty): null

2018-06-09 22:18:28 - [TEST_STEP][PASSED] - Statement - BatchNumber = com.kms.katalon.core.webui.keyword.WebUiBuiltInKeywords.getNumberOfTotalOption(com.kms.katalon.core.testobject.ObjectRepository.findTestObject(HealthpostToStore/Page_Store/select_--Select--BA1170BA2376B)): 4 options of object 'Object Repository/HealthpostToStore/Page_Store/select_--Select--BA1170BA2376B' counted

2018-06-09 22:18:28 - [MESSAGE][PASSED] - 4 options of object 'Object Repository/HealthpostToStore/Page_Store/select_--Select--BA1170BA2376B' counted

2018-06-09 22:18:28 - [TEST_STEP][PASSED] - Statement - For ([g = 1, g <= BatchNumber - 1, (g++)]): null

2018-06-09 22:18:28 - [TEST_STEP][PASSED] - selectOptionByIndex: All options with index in [1] are selected on object 'Object Repository/HealthpostToStore/Page_Store/select_--Select--BA1170BA2376B'

2018-06-09 22:18:29 - [MESSAGE][PASSED] - All options with index in [1] are selected on object 'Object Repository/HealthpostToStore/Page_Store/select_--Select--BA1170BA2376B'

2018-06-09 22:18:29 - [TEST_STEP][PASSED] - Statement - Try: null

2018-06-09 22:18:29 - [TEST_STEP][PASSED] - Statement - StockQty = com.kms.katalon.core.webui.keyword.WebUiBuiltInKeywords.getAttribute(com.kms.katalon.core.testobject.ObjectRepository.findTestObject(HealthpostToStore/Page_Store/input_txtprice), "value"): Attribute 'value' of object 'Object Repository/HealthpostToStore/Page_Store/input_txtprice' is: '255'

2018-06-09 22:18:29 - [MESSAGE][PASSED] - Attribute 'value' of object 'Object Repository/HealthpostToStore/Page_Store/input_txtprice' is: '255'

2018-06-09 22:18:29 - [TEST_STEP][PASSED] - Statement - out.println("Stock QTY : " + StockQty): null

2018-06-09 22:18:29 - [TEST_STEP][PASSED] - delay: Delayed 2 second(s)

2018-06-09 22:18:31 - [MESSAGE][PASSED] - Delayed 2 second(s)

2018-06-09 22:18:31 - [TEST_STEP][PASSED] - Statement - If (java.lang.String.valueOf(StockQty) >= java.lang.String.valueOf(RequestedQty)): null

2018-06-09 22:18:31 - [TEST_STEP][PASSED] - setText: Text '10' is set on object 'Object Repository/HealthpostToStore/Page_Store/input_txtqty'

2018-06-09 22:18:31 - [MESSAGE][PASSED] - Text '10' is set on object 'Object Repository/HealthpostToStore/Page_Store/input_txtqty'

2018-06-09 22:18:31 - [TEST_STEP][PASSED] - click: Object: 'Object Repository/HealthpostToStore/Page_Store/button_Add' is clicked on

2018-06-09 22:18:31 - [MESSAGE][PASSED] - Object: 'Object Repository/HealthpostToStore/Page_Store/button_Add' is clicked on

2018-06-09 22:18:31 - [TEST_STEP][PASSED] - Statement - Break: null

2018-06-09 22:18:31 - [TEST_STEP][PASSED] - selectOptionByIndex: All options with index in [8] are selected on object 'Object Repository/HealthpostToStore/Page_Store/select_--Select--Adernaline 0.'

2018-06-09 22:18:31 - [MESSAGE][PASSED] - All options with index in [8] are selected on object 'Object Repository/HealthpostToStore/Page_Store/select_--Select--Adernaline 0.'

2018-06-09 22:18:31 - [TEST_STEP][PASSED] - delay: Delayed 2 second(s)

2018-06-09 22:18:33 - [MESSAGE][PASSED] - Delayed 2 second(s)

2018-06-09 22:18:33 - [TEST_STEP][PASSED] - Statement - RequestedQty = com.kms.katalon.core.webui.keyword.WebUiBuiltInKeywords.getAttribute(com.kms.katalon.core.testobject.ObjectRepository.findTestObject(HealthpostToStore/Page_Store/input_txttotal), "value"): Attribute 'value' of object 'Object Repository/HealthpostToStore/Page_Store/input_txttotal' is: '10'

2018-06-09 22:18:33 - [MESSAGE][PASSED] - Attribute 'value' of object 'Object Repository/HealthpostToStore/Page_Store/input_txttotal' is: '10'

2018-06-09 22:18:33 - [TEST_STEP][PASSED] - Statement - out.println("Requested QTY : " + RequestedQty): null

2018-06-09 22:18:33 - [TEST_STEP][PASSED] - Statement - BatchNumber = com.kms.katalon.core.webui.keyword.WebUiBuiltInKeywords.getNumberOfTotalOption(com.kms.katalon.core.testobject.ObjectRepository.findTestObject(HealthpostToStore/Page_Store/select_--Select--BA1170BA2376B)): 2 options of object 'Object Repository/HealthpostToStore/Page_Store/select_--Select--BA1170BA2376B' counted

2018-06-09 22:18:33 - [MESSAGE][PASSED] - 2 options of object 'Object Repository/HealthpostToStore/Page_Store/select_--Select--BA1170BA2376B' counted

2018-06-09 22:18:33 - [TEST_STEP][PASSED] - Statement - For ([g = 1, g <= BatchNumber - 1, (g++)]): null

2018-06-09 22:18:33 - [TEST_STEP][PASSED] - selectOptionByIndex: All options with index in [1] are selected on object 'Object Repository/HealthpostToStore/Page_Store/select_--Select--BA1170BA2376B'

2018-06-09 22:18:33 - [MESSAGE][PASSED] - All options with index in [1] are selected on object 'Object Repository/HealthpostToStore/Page_Store/select_--Select--BA1170BA2376B'

2018-06-09 22:18:33 - [TEST_STEP][PASSED] - Statement - Try: null

2018-06-09 22:18:33 - [TEST_STEP][PASSED] - Statement - StockQty = com.kms.katalon.core.webui.keyword.WebUiBuiltInKeywords.getAttribute(com.kms.katalon.core.testobject.ObjectRepository.findTestObject(HealthpostToStore/Page_Store/input_txtprice), "value"): Attribute 'value' of object 'Object Repository/HealthpostToStore/Page_Store/input_txtprice' is: '1390'

2018-06-09 22:18:33 - [MESSAGE][PASSED] - Attribute 'value' of object 'Object Repository/HealthpostToStore/Page_Store/input_txtprice' is: '1390'

2018-06-09 22:18:33 - [TEST_STEP][PASSED] - Statement - out.println("Stock QTY : " + StockQty): null

2018-06-09 22:18:33 - [TEST_STEP][PASSED] - delay: Delayed 2 second(s)

2018-06-09 22:18:35 - [MESSAGE][PASSED] - Delayed 2 second(s)

2018-06-09 22:18:35 - [TEST_STEP][PASSED] - Statement - If (java.lang.String.valueOf(StockQty) >= java.lang.String.valueOf(RequestedQty)): null

2018-06-09 22:18:35 - [TEST_STEP][PASSED] - setText: Text '10' is set on object 'Object Repository/HealthpostToStore/Page_Store/input_txtqty'

2018-06-09 22:18:35 - [MESSAGE][PASSED] - Text '10' is set on object 'Object Repository/HealthpostToStore/Page_Store/input_txtqty'

2018-06-09 22:18:35 - [TEST_STEP][PASSED] - click: Object: 'Object Repository/HealthpostToStore/Page_Store/button_Add' is clicked on

2018-06-09 22:18:35 - [MESSAGE][PASSED] - Object: 'Object Repository/HealthpostToStore/Page_Store/button_Add' is clicked on

2018-06-09 22:18:35 - [TEST_STEP][PASSED] - Statement - Break: null

2018-06-09 22:18:35 - [TEST_STEP][PASSED] - selectOptionByIndex: All options with index in [9] are selected on object 'Object Repository/HealthpostToStore/Page_Store/select_--Select--Adernaline 0.'

2018-06-09 22:18:36 - [MESSAGE][PASSED] - All options with index in [9] are selected on object 'Object Repository/HealthpostToStore/Page_Store/select_--Select--Adernaline 0.'

2018-06-09 22:18:36 - [TEST_STEP][PASSED] - delay: Delayed 2 second(s)

2018-06-09 22:18:38 - [MESSAGE][PASSED] - Delayed 2 second(s)

2018-06-09 22:18:38 - [TEST_STEP][PASSED] - Statement - RequestedQty = com.kms.katalon.core.webui.keyword.WebUiBuiltInKeywords.getAttribute(com.kms.katalon.core.testobject.ObjectRepository.findTestObject(HealthpostToStore/Page_Store/input_txttotal), "value"): Attribute 'value' of object 'Object Repository/HealthpostToStore/Page_Store/input_txttotal' is: '10'

2018-06-09 22:18:38 - [MESSAGE][PASSED] - Attribute 'value' of object 'Object Repository/HealthpostToStore/Page_Store/input_txttotal' is: '10'

2018-06-09 22:18:38 - [TEST_STEP][PASSED] - Statement - out.println("Requested QTY : " + RequestedQty): null

2018-06-09 22:18:38 - [TEST_STEP][PASSED] - Statement - BatchNumber = com.kms.katalon.core.webui.keyword.WebUiBuiltInKeywords.getNumberOfTotalOption(com.kms.katalon.core.testobject.ObjectRepository.findTestObject(HealthpostToStore/Page_Store/select_--Select--BA1170BA2376B)): 4 options of object 'Object Repository/HealthpostToStore/Page_Store/select_--Select--BA1170BA2376B' counted

2018-06-09 22:18:38 - [MESSAGE][PASSED] - 4 options of object 'Object Repository/HealthpostToStore/Page_Store/select_--Select--BA1170BA2376B' counted

2018-06-09 22:18:38 - [TEST_STEP][PASSED] - Statement - For ([g = 1, g <= BatchNumber - 1, (g++)]): null

2018-06-09 22:18:38 - [TEST_STEP][PASSED] - selectOptionByIndex: All options with index in [1] are selected on object 'Object Repository/HealthpostToStore/Page_Store/select_--Select--BA1170BA2376B'

2018-06-09 22:18:38 - [MESSAGE][PASSED] - All options with index in [1] are selected on object 'Object Repository/HealthpostToStore/Page_Store/select_--Select--BA1170BA2376B'

2018-06-09 22:18:38 - [TEST_STEP][PASSED] - Statement - Try: null

2018-06-09 22:18:38 - [TEST_STEP][PASSED] - Statement - StockQty = com.kms.katalon.core.webui.keyword.WebUiBuiltInKeywords.getAttribute(com.kms.katalon.core.testobject.ObjectRepository.findTestObject(HealthpostToStore/Page_Store/input_txtprice), "value"): Attribute 'value' of object 'Object Repository/HealthpostToStore/Page_Store/input_txtprice' is: '255'

2018-06-09 22:18:38 - [MESSAGE][PASSED] - Attribute 'value' of object 'Object Repository/HealthpostToStore/Page_Store/input_txtprice' is: '255'

2018-06-09 22:18:38 - [TEST_STEP][PASSED] - Statement - out.println("Stock QTY : " + StockQty): null

2018-06-09 22:18:38 - [TEST_STEP][PASSED] - delay: Delayed 2 second(s)

2018-06-09 22:18:40 - [MESSAGE][PASSED] - Delayed 2 second(s)

2018-06-09 22:18:40 - [TEST_STEP][PASSED] - Statement - If (java.lang.String.valueOf(StockQty) >= java.lang.String.valueOf(RequestedQty)): null

2018-06-09 22:18:40 - [TEST_STEP][PASSED] - setText: Text '10' is set on object 'Object Repository/HealthpostToStore/Page_Store/input_txtqty'

2018-06-09 22:18:40 - [MESSAGE][PASSED] - Text '10' is set on object 'Object Repository/HealthpostToStore/Page_Store/input_txtqty'

2018-06-09 22:18:40 - [TEST_STEP][PASSED] - click: Object: 'Object Repository/HealthpostToStore/Page_Store/button_Add' is clicked on

2018-06-09 22:18:40 - [MESSAGE][PASSED] - Object: 'Object Repository/HealthpostToStore/Page_Store/button_Add' is clicked on

2018-06-09 22:18:40 - [TEST_STEP][PASSED] - Statement - Break: null

2018-06-09 22:18:40 - [TEST_STEP][PASSED] - selectOptionByIndex: All options with index in [10] are selected on object 'Object Repository/HealthpostToStore/Page_Store/select_--Select--Adernaline 0.'

2018-06-09 22:18:40 - [MESSAGE][PASSED] - All options with index in [10] are selected on object 'Object Repository/HealthpostToStore/Page_Store/select_--Select--Adernaline 0.'

2018-06-09 22:18:40 - [TEST_STEP][PASSED] - delay: Delayed 2 second(s)

2018-06-09 22:18:42 - [MESSAGE][PASSED] - Delayed 2 second(s)

2018-06-09 22:18:42 - [TEST_STEP][PASSED] - Statement - RequestedQty = com.kms.katalon.core.webui.keyword.WebUiBuiltInKeywords.getAttribute(com.kms.katalon.core.testobject.ObjectRepository.findTestObject(HealthpostToStore/Page_Store/input_txttotal), "value"): Attribute 'value' of object 'Object Repository/HealthpostToStore/Page_Store/input_txttotal' is: '10'

2018-06-09 22:18:42 - [MESSAGE][PASSED] - Attribute 'value' of object 'Object Repository/HealthpostToStore/Page_Store/input_txttotal' is: '10'

2018-06-09 22:18:42 - [TEST_STEP][PASSED] - Statement - out.println("Requested QTY : " + RequestedQty): null

2018-06-09 22:18:42 - [TEST_STEP][PASSED] - Statement - BatchNumber = com.kms.katalon.core.webui.keyword.WebUiBuiltInKeywords.getNumberOfTotalOption(com.kms.katalon.core.testobject.ObjectRepository.findTestObject(HealthpostToStore/Page_Store/select_--Select--BA1170BA2376B)): 2 options of object 'Object Repository/HealthpostToStore/Page_Store/select_--Select--BA1170BA2376B' counted

2018-06-09 22:18:42 - [MESSAGE][PASSED] - 2 options of object 'Object Repository/HealthpostToStore/Page_Store/select_--Select--BA1170BA2376B' counted

2018-06-09 22:18:42 - [TEST_STEP][PASSED] - Statement - For ([g = 1, g <= BatchNumber - 1, (g++)]): null

2018-06-09 22:18:42 - [TEST_STEP][PASSED] - selectOptionByIndex: All options with index in [1] are selected on object 'Object Repository/HealthpostToStore/Page_Store/select_--Select--BA1170BA2376B'

2018-06-09 22:18:43 - [MESSAGE][PASSED] - All options with index in [1] are selected on object 'Object Repository/HealthpostToStore/Page_Store/select_--Select--BA1170BA2376B'

2018-06-09 22:18:43 - [TEST_STEP][PASSED] - Statement - Try: null

2018-06-09 22:18:43 - [TEST_STEP][PASSED] - Statement - StockQty = com.kms.katalon.core.webui.keyword.WebUiBuiltInKeywords.getAttribute(com.kms.katalon.core.testobject.ObjectRepository.findTestObject(HealthpostToStore/Page_Store/input_txtprice), "value"): Attribute 'value' of object 'Object Repository/HealthpostToStore/Page_Store/input_txtprice' is: '960'

2018-06-09 22:18:43 - [MESSAGE][PASSED] - Attribute 'value' of object 'Object Repository/HealthpostToStore/Page_Store/input_txtprice' is: '960'

2018-06-09 22:18:43 - [TEST_STEP][PASSED] - Statement - out.println("Stock QTY : " + StockQty): null

2018-06-09 22:18:43 - [TEST_STEP][PASSED] - delay: Delayed 2 second(s)

2018-06-09 22:18:45 - [MESSAGE][PASSED] - Delayed 2 second(s)

2018-06-09 22:18:45 - [TEST_STEP][PASSED] - Statement - If (java.lang.String.valueOf(StockQty) >= java.lang.String.valueOf(RequestedQty)): null

2018-06-09 22:18:45 - [TEST_STEP][PASSED] - setText: Text '10' is set on object 'Object Repository/HealthpostToStore/Page_Store/input_txtqty'

2018-06-09 22:18:45 - [MESSAGE][PASSED] - Text '10' is set on object 'Object Repository/HealthpostToStore/Page_Store/input_txtqty'

2018-06-09 22:18:45 - [TEST_STEP][PASSED] - click: Object: 'Object Repository/HealthpostToStore/Page_Store/button_Add' is clicked on

2018-06-09 22:18:45 - [MESSAGE][PASSED] - Object: 'Object Repository/HealthpostToStore/Page_Store/button_Add' is clicked on

2018-06-09 22:18:45 - [TEST_STEP][PASSED] - Statement - Break: null

2018-06-09 22:18:45 - [TEST_STEP][PASSED] - selectOptionByIndex: All options with index in [11] are selected on object 'Object Repository/HealthpostToStore/Page_Store/select_--Select--Adernaline 0.'

2018-06-09 22:18:45 - [MESSAGE][PASSED] - All options with index in [11] are selected on object 'Object Repository/HealthpostToStore/Page_Store/select_--Select--Adernaline 0.'

2018-06-09 22:18:45 - [TEST_STEP][PASSED] - delay: Delayed 2 second(s)

2018-06-09 22:18:47 - [MESSAGE][PASSED] - Delayed 2 second(s)

2018-06-09 22:18:47 - [TEST_STEP][PASSED] - Statement - RequestedQty = com.kms.katalon.core.webui.keyword.WebUiBuiltInKeywords.getAttribute(com.kms.katalon.core.testobject.ObjectRepository.findTestObject(HealthpostToStore/Page_Store/input_txttotal), "value"): Attribute 'value' of object 'Object Repository/HealthpostToStore/Page_Store/input_txttotal' is: '10'

2018-06-09 22:18:47 - [MESSAGE][PASSED] - Attribute 'value' of object 'Object Repository/HealthpostToStore/Page_Store/input_txttotal' is: '10'

2018-06-09 22:18:47 - [TEST_STEP][PASSED] - Statement - out.println("Requested QTY : " + RequestedQty): null

2018-06-09 22:18:47 - [TEST_STEP][PASSED] - Statement - BatchNumber = com.kms.katalon.core.webui.keyword.WebUiBuiltInKeywords.getNumberOfTotalOption(com.kms.katalon.core.testobject.ObjectRepository.findTestObject(HealthpostToStore/Page_Store/select_--Select--BA1170BA2376B)): 3 options of object 'Object Repository/HealthpostToStore/Page_Store/select_--Select--BA1170BA2376B' counted

2018-06-09 22:18:47 - [MESSAGE][PASSED] - 3 options of object 'Object Repository/HealthpostToStore/Page_Store/select_--Select--BA1170BA2376B' counted

2018-06-09 22:18:47 - [TEST_STEP][PASSED] - Statement - For ([g = 1, g <= BatchNumber - 1, (g++)]): null

2018-06-09 22:18:47 - [TEST_STEP][PASSED] - selectOptionByIndex: All options with index in [1] are selected on object 'Object Repository/HealthpostToStore/Page_Store/select_--Select--BA1170BA2376B'

2018-06-09 22:18:47 - [MESSAGE][PASSED] - All options with index in [1] are selected on object 'Object Repository/HealthpostToStore/Page_Store/select_--Select--BA1170BA2376B'

2018-06-09 22:18:47 - [TEST_STEP][PASSED] - Statement - Try: null

2018-06-09 22:18:47 - [TEST_STEP][PASSED] - Statement - StockQty = com.kms.katalon.core.webui.keyword.WebUiBuiltInKeywords.getAttribute(com.kms.katalon.core.testobject.ObjectRepository.findTestObject(HealthpostToStore/Page_Store/input_txtprice), "value"): Attribute 'value' of object 'Object Repository/HealthpostToStore/Page_Store/input_txtprice' is: '435'

2018-06-09 22:18:47 - [MESSAGE][PASSED] - Attribute 'value' of object 'Object Repository/HealthpostToStore/Page_Store/input_txtprice' is: '435'

2018-06-09 22:18:47 - [TEST_STEP][PASSED] - Statement - out.println("Stock QTY : " + StockQty): null

2018-06-09 22:18:47 - [TEST_STEP][PASSED] - delay: Delayed 2 second(s)

2018-06-09 22:18:49 - [MESSAGE][PASSED] - Delayed 2 second(s)

2018-06-09 22:18:49 - [TEST_STEP][PASSED] - Statement - If (java.lang.String.valueOf(StockQty) >= java.lang.String.valueOf(RequestedQty)): null

2018-06-09 22:18:49 - [TEST_STEP][PASSED] - setText: Text '10' is set on object 'Object Repository/HealthpostToStore/Page_Store/input_txtqty'

2018-06-09 22:18:49 - [MESSAGE][PASSED] - Text '10' is set on object 'Object Repository/HealthpostToStore/Page_Store/input_txtqty'

2018-06-09 22:18:49 - [TEST_STEP][PASSED] - click: Object: 'Object Repository/HealthpostToStore/Page_Store/button_Add' is clicked on

2018-06-09 22:18:49 - [MESSAGE][PASSED] - Object: 'Object Repository/HealthpostToStore/Page_Store/button_Add' is clicked on

2018-06-09 22:18:49 - [TEST_STEP][PASSED] - Statement - Break: null

2018-06-09 22:18:49 - [TEST_STEP][PASSED] - selectOptionByIndex: All options with index in [12] are selected on object 'Object Repository/HealthpostToStore/Page_Store/select_--Select--Adernaline 0.'

2018-06-09 22:18:50 - [MESSAGE][PASSED] - All options with index in [12] are selected on object 'Object Repository/HealthpostToStore/Page_Store/select_--Select--Adernaline 0.'

2018-06-09 22:18:50 - [TEST_STEP][PASSED] - delay: Delayed 2 second(s)

2018-06-09 22:18:52 - [MESSAGE][PASSED] - Delayed 2 second(s)

2018-06-09 22:18:52 - [TEST_STEP][PASSED] - Statement - RequestedQty = com.kms.katalon.core.webui.keyword.WebUiBuiltInKeywords.getAttribute(com.kms.katalon.core.testobject.ObjectRepository.findTestObject(HealthpostToStore/Page_Store/input_txttotal), "value"): Attribute 'value' of object 'Object Repository/HealthpostToStore/Page_Store/input_txttotal' is: '10'

2018-06-09 22:18:52 - [MESSAGE][PASSED] - Attribute 'value' of object 'Object Repository/HealthpostToStore/Page_Store/input_txttotal' is: '10'

2018-06-09 22:18:52 - [TEST_STEP][PASSED] - Statement - out.println("Requested QTY : " + RequestedQty): null

2018-06-09 22:18:52 - [TEST_STEP][PASSED] - Statement - BatchNumber = com.kms.katalon.core.webui.keyword.WebUiBuiltInKeywords.getNumberOfTotalOption(com.kms.katalon.core.testobject.ObjectRepository.findTestObject(HealthpostToStore/Page_Store/select_--Select--BA1170BA2376B)): 3 options of object 'Object Repository/HealthpostToStore/Page_Store/select_--Select--BA1170BA2376B' counted

2018-06-09 22:18:52 - [MESSAGE][PASSED] - 3 options of object 'Object Repository/HealthpostToStore/Page_Store/select_--Select--BA1170BA2376B' counted

2018-06-09 22:18:52 - [TEST_STEP][PASSED] - Statement - For ([g = 1, g <= BatchNumber - 1, (g++)]): null

2018-06-09 22:18:52 - [TEST_STEP][PASSED] - selectOptionByIndex: All options with index in [1] are selected on object 'Object Repository/HealthpostToStore/Page_Store/select_--Select--BA1170BA2376B'

2018-06-09 22:18:52 - [MESSAGE][PASSED] - All options with index in [1] are selected on object 'Object Repository/HealthpostToStore/Page_Store/select_--Select--BA1170BA2376B'

2018-06-09 22:18:52 - [TEST_STEP][PASSED] - Statement - Try: null

2018-06-09 22:18:52 - [TEST_STEP][PASSED] - Statement - StockQty = com.kms.katalon.core.webui.keyword.WebUiBuiltInKeywords.getAttribute(com.kms.katalon.core.testobject.ObjectRepository.findTestObject(HealthpostToStore/Page_Store/input_txtprice), "value"): Attribute 'value' of object 'Object Repository/HealthpostToStore/Page_Store/input_txtprice' is: '435'

2018-06-09 22:18:52 - [MESSAGE][PASSED] - Attribute 'value' of object 'Object Repository/HealthpostToStore/Page_Store/input_txtprice' is: '435'

2018-06-09 22:18:52 - [TEST_STEP][PASSED] - Statement - out.println("Stock QTY : " + StockQty): null

2018-06-09 22:18:52 - [TEST_STEP][PASSED] - delay: Delayed 2 second(s)

2018-06-09 22:18:54 - [MESSAGE][PASSED] - Delayed 2 second(s)

2018-06-09 22:18:54 - [TEST_STEP][PASSED] - Statement - If (java.lang.String.valueOf(StockQty) >= java.lang.String.valueOf(RequestedQty)): null

2018-06-09 22:18:54 - [TEST_STEP][PASSED] - setText: Text '10' is set on object 'Object Repository/HealthpostToStore/Page_Store/input_txtqty'

2018-06-09 22:18:54 - [MESSAGE][PASSED] - Text '10' is set on object 'Object Repository/HealthpostToStore/Page_Store/input_txtqty'

2018-06-09 22:18:54 - [TEST_STEP][PASSED] - click: Object: 'Object Repository/HealthpostToStore/Page_Store/button_Add' is clicked on

2018-06-09 22:18:54 - [MESSAGE][PASSED] - Object: 'Object Repository/HealthpostToStore/Page_Store/button_Add' is clicked on

2018-06-09 22:18:54 - [TEST_STEP][PASSED] - Statement - Break: null

2018-06-09 22:18:54 - [TEST_STEP][PASSED] - selectOptionByIndex: All options with index in [13] are selected on object 'Object Repository/HealthpostToStore/Page_Store/select_--Select--Adernaline 0.'

2018-06-09 22:18:54 - [MESSAGE][PASSED] - All options with index in [13] are selected on object 'Object Repository/HealthpostToStore/Page_Store/select_--Select--Adernaline 0.'

2018-06-09 22:18:54 - [TEST_STEP][PASSED] - delay: Delayed 2 second(s)

2018-06-09 22:18:56 - [MESSAGE][PASSED] - Delayed 2 second(s)

2018-06-09 22:18:56 - [TEST_STEP][PASSED] - Statement - RequestedQty = com.kms.katalon.core.webui.keyword.WebUiBuiltInKeywords.getAttribute(com.kms.katalon.core.testobject.ObjectRepository.findTestObject(HealthpostToStore/Page_Store/input_txttotal), "value"): Attribute 'value' of object 'Object Repository/HealthpostToStore/Page_Store/input_txttotal' is: '10'

2018-06-09 22:18:56 - [MESSAGE][PASSED] - Attribute 'value' of object 'Object Repository/HealthpostToStore/Page_Store/input_txttotal' is: '10'

2018-06-09 22:18:56 - [TEST_STEP][PASSED] - Statement - out.println("Requested QTY : " + RequestedQty): null

2018-06-09 22:18:56 - [TEST_STEP][PASSED] - Statement - BatchNumber = com.kms.katalon.core.webui.keyword.WebUiBuiltInKeywords.getNumberOfTotalOption(com.kms.katalon.core.testobject.ObjectRepository.findTestObject(HealthpostToStore/Page_Store/select_--Select--BA1170BA2376B)): 4 options of object 'Object Repository/HealthpostToStore/Page_Store/select_--Select--BA1170BA2376B' counted

2018-06-09 22:18:56 - [MESSAGE][PASSED] - 4 options of object 'Object Repository/HealthpostToStore/Page_Store/select_--Select--BA1170BA2376B' counted

2018-06-09 22:18:56 - [TEST_STEP][PASSED] - Statement - For ([g = 1, g <= BatchNumber - 1, (g++)]): null

2018-06-09 22:18:56 - [TEST_STEP][PASSED] - selectOptionByIndex: All options with index in [1] are selected on object 'Object Repository/HealthpostToStore/Page_Store/select_--Select--BA1170BA2376B'

2018-06-09 22:18:57 - [MESSAGE][PASSED] - All options with index in [1] are selected on object 'Object Repository/HealthpostToStore/Page_Store/select_--Select--BA1170BA2376B'

2018-06-09 22:18:57 - [TEST_STEP][PASSED] - Statement - Try: null

2018-06-09 22:18:57 - [TEST_STEP][PASSED] - Statement - StockQty = com.kms.katalon.core.webui.keyword.WebUiBuiltInKeywords.getAttribute(com.kms.katalon.core.testobject.ObjectRepository.findTestObject(HealthpostToStore/Page_Store/input_txtprice), "value"): Attribute 'value' of object 'Object Repository/HealthpostToStore/Page_Store/input_txtprice' is: '190'

2018-06-09 22:18:57 - [MESSAGE][PASSED] - Attribute 'value' of object 'Object Repository/HealthpostToStore/Page_Store/input_txtprice' is: '190'

2018-06-09 22:18:57 - [TEST_STEP][PASSED] - Statement - out.println("Stock QTY : " + StockQty): null

2018-06-09 22:18:57 - [TEST_STEP][PASSED] - delay: Delayed 2 second(s)

2018-06-09 22:18:59 - [MESSAGE][PASSED] - Delayed 2 second(s)

2018-06-09 22:18:59 - [TEST_STEP][PASSED] - Statement - If (java.lang.String.valueOf(StockQty) >= java.lang.String.valueOf(RequestedQty)): null

2018-06-09 22:18:59 - [TEST_STEP][PASSED] - setText: Text '10' is set on object 'Object Repository/HealthpostToStore/Page_Store/input_txtqty'

2018-06-09 22:18:59 - [MESSAGE][PASSED] - Text '10' is set on object 'Object Repository/HealthpostToStore/Page_Store/input_txtqty'

2018-06-09 22:18:59 - [TEST_STEP][PASSED] - click: Object: 'Object Repository/HealthpostToStore/Page_Store/button_Add' is clicked on

2018-06-09 22:18:59 - [MESSAGE][PASSED] - Object: 'Object Repository/HealthpostToStore/Page_Store/button_Add' is clicked on

2018-06-09 22:18:59 - [TEST_STEP][PASSED] - Statement - Break: null

2018-06-09 22:18:59 - [TEST_STEP][PASSED] - selectOptionByIndex: All options with index in [14] are selected on object 'Object Repository/HealthpostToStore/Page_Store/select_--Select--Adernaline 0.'

2018-06-09 22:18:59 - [MESSAGE][PASSED] - All options with index in [14] are selected on object 'Object Repository/HealthpostToStore/Page_Store/select_--Select--Adernaline 0.'

2018-06-09 22:18:59 - [TEST_STEP][PASSED] - delay: Delayed 2 second(s)

2018-06-09 22:19:01 - [MESSAGE][PASSED] - Delayed 2 second(s)

2018-06-09 22:19:01 - [TEST_STEP][PASSED] - Statement - RequestedQty = com.kms.katalon.core.webui.keyword.WebUiBuiltInKeywords.getAttribute(com.kms.katalon.core.testobject.ObjectRepository.findTestObject(HealthpostToStore/Page_Store/input_txttotal), "value"): Attribute 'value' of object 'Object Repository/HealthpostToStore/Page_Store/input_txttotal' is: '10'

2018-06-09 22:19:01 - [MESSAGE][PASSED] - Attribute 'value' of object 'Object Repository/HealthpostToStore/Page_Store/input_txttotal' is: '10'

2018-06-09 22:19:01 - [TEST_STEP][PASSED] - Statement - out.println("Requested QTY : " + RequestedQty): null

2018-06-09 22:19:01 - [TEST_STEP][PASSED] - Statement - BatchNumber = com.kms.katalon.core.webui.keyword.WebUiBuiltInKeywords.getNumberOfTotalOption(com.kms.katalon.core.testobject.ObjectRepository.findTestObject(HealthpostToStore/Page_Store/select_--Select--BA1170BA2376B)): 3 options of object 'Object Repository/HealthpostToStore/Page_Store/select_--Select--BA1170BA2376B' counted

2018-06-09 22:19:01 - [MESSAGE][PASSED] - 3 options of object 'Object Repository/HealthpostToStore/Page_Store/select_--Select--BA1170BA2376B' counted

2018-06-09 22:19:01 - [TEST_STEP][PASSED] - Statement - For ([g = 1, g <= BatchNumber - 1, (g++)]): null

2018-06-09 22:19:01 - [TEST_STEP][PASSED] - selectOptionByIndex: All options with index in [1] are selected on object 'Object Repository/HealthpostToStore/Page_Store/select_--Select--BA1170BA2376B'

2018-06-09 22:19:01 - [MESSAGE][PASSED] - All options with index in [1] are selected on object 'Object Repository/HealthpostToStore/Page_Store/select_--Select--BA1170BA2376B'

2018-06-09 22:19:01 - [TEST_STEP][PASSED] - Statement - Try: null

2018-06-09 22:19:01 - [TEST_STEP][PASSED] - Statement - StockQty = com.kms.katalon.core.webui.keyword.WebUiBuiltInKeywords.getAttribute(com.kms.katalon.core.testobject.ObjectRepository.findTestObject(HealthpostToStore/Page_Store/input_txtprice), "value"): Attribute 'value' of object 'Object Repository/HealthpostToStore/Page_Store/input_txtprice' is: '435'

2018-06-09 22:19:01 - [MESSAGE][PASSED] - Attribute 'value' of object 'Object Repository/HealthpostToStore/Page_Store/input_txtprice' is: '435'

2018-06-09 22:19:01 - [TEST_STEP][PASSED] - Statement - out.println("Stock QTY : " + StockQty): null

2018-06-09 22:19:01 - [TEST_STEP][PASSED] - delay: Delayed 2 second(s)

2018-06-09 22:19:03 - [MESSAGE][PASSED] - Delayed 2 second(s)

2018-06-09 22:19:03 - [TEST_STEP][PASSED] - Statement - If (java.lang.String.valueOf(StockQty) >= java.lang.String.valueOf(RequestedQty)): null

2018-06-09 22:19:03 - [TEST_STEP][PASSED] - setText: Text '10' is set on object 'Object Repository/HealthpostToStore/Page_Store/input_txtqty'

2018-06-09 22:19:03 - [MESSAGE][PASSED] - Text '10' is set on object 'Object Repository/HealthpostToStore/Page_Store/input_txtqty'

2018-06-09 22:19:03 - [TEST_STEP][PASSED] - click: Object: 'Object Repository/HealthpostToStore/Page_Store/button_Add' is clicked on

2018-06-09 22:19:03 - [MESSAGE][PASSED] - Object: 'Object Repository/HealthpostToStore/Page_Store/button_Add' is clicked on

2018-06-09 22:19:03 - [TEST_STEP][PASSED] - Statement - Break: null

2018-06-09 22:19:03 - [TEST_STEP][PASSED] - selectOptionByIndex: All options with index in [15] are selected on object 'Object Repository/HealthpostToStore/Page_Store/select_--Select--Adernaline 0.'

2018-06-09 22:19:04 - [MESSAGE][PASSED] - All options with index in [15] are selected on object 'Object Repository/HealthpostToStore/Page_Store/select_--Select--Adernaline 0.'

2018-06-09 22:19:04 - [TEST_STEP][PASSED] - delay: Delayed 2 second(s)

2018-06-09 22:19:06 - [MESSAGE][PASSED] - Delayed 2 second(s)

2018-06-09 22:19:06 - [TEST_STEP][PASSED] - Statement - RequestedQty = com.kms.katalon.core.webui.keyword.WebUiBuiltInKeywords.getAttribute(com.kms.katalon.core.testobject.ObjectRepository.findTestObject(HealthpostToStore/Page_Store/input_txttotal), "value"): Attribute 'value' of object 'Object Repository/HealthpostToStore/Page_Store/input_txttotal' is: '10'

2018-06-09 22:19:06 - [MESSAGE][PASSED] - Attribute 'value' of object 'Object Repository/HealthpostToStore/Page_Store/input_txttotal' is: '10'

2018-06-09 22:19:06 - [TEST_STEP][PASSED] - Statement - out.println("Requested QTY : " + RequestedQty): null

2018-06-09 22:19:06 - [TEST_STEP][PASSED] - Statement - BatchNumber = com.kms.katalon.core.webui.keyword.WebUiBuiltInKeywords.getNumberOfTotalOption(com.kms.katalon.core.testobject.ObjectRepository.findTestObject(HealthpostToStore/Page_Store/select_--Select--BA1170BA2376B)): 2 options of object 'Object Repository/HealthpostToStore/Page_Store/select_--Select--BA1170BA2376B' counted

2018-06-09 22:19:06 - [MESSAGE][PASSED] - 2 options of object 'Object Repository/HealthpostToStore/Page_Store/select_--Select--BA1170BA2376B' counted

2018-06-09 22:19:06 - [TEST_STEP][PASSED] - Statement - For ([g = 1, g <= BatchNumber - 1, (g++)]): null

2018-06-09 22:19:06 - [TEST_STEP][PASSED] - selectOptionByIndex: All options with index in [1] are selected on object 'Object Repository/HealthpostToStore/Page_Store/select_--Select--BA1170BA2376B'

2018-06-09 22:19:06 - [MESSAGE][PASSED] - All options with index in [1] are selected on object 'Object Repository/HealthpostToStore/Page_Store/select_--Select--BA1170BA2376B'

2018-06-09 22:19:06 - [TEST_STEP][PASSED] - Statement - Try: null

2018-06-09 22:19:06 - [TEST_STEP][PASSED] - Statement - StockQty = com.kms.katalon.core.webui.keyword.WebUiBuiltInKeywords.getAttribute(com.kms.katalon.core.testobject.ObjectRepository.findTestObject(HealthpostToStore/Page_Store/input_txtprice), "value"): Attribute 'value' of object 'Object Repository/HealthpostToStore/Page_Store/input_txtprice' is: '2390'

2018-06-09 22:19:06 - [MESSAGE][PASSED] - Attribute 'value' of object 'Object Repository/HealthpostToStore/Page_Store/input_txtprice' is: '2390'

2018-06-09 22:19:06 - [TEST_STEP][PASSED] - Statement - out.println("Stock QTY : " + StockQty): null

2018-06-09 22:19:06 - [TEST_STEP][PASSED] - delay: Delayed 2 second(s)

2018-06-09 22:19:08 - [MESSAGE][PASSED] - Delayed 2 second(s)

2018-06-09 22:19:08 - [TEST_STEP][PASSED] - Statement - If (java.lang.String.valueOf(StockQty) >= java.lang.String.valueOf(RequestedQty)): null

2018-06-09 22:19:08 - [TEST_STEP][PASSED] - setText: Text '10' is set on object 'Object Repository/HealthpostToStore/Page_Store/input_txtqty'

2018-06-09 22:19:08 - [MESSAGE][PASSED] - Text '10' is set on object 'Object Repository/HealthpostToStore/Page_Store/input_txtqty'

2018-06-09 22:19:08 - [TEST_STEP][PASSED] - click: Object: 'Object Repository/HealthpostToStore/Page_Store/button_Add' is clicked on

2018-06-09 22:19:08 - [MESSAGE][PASSED] - Object: 'Object Repository/HealthpostToStore/Page_Store/button_Add' is clicked on

2018-06-09 22:19:08 - [TEST_STEP][PASSED] - Statement - Break: null

2018-06-09 22:19:08 - [TEST_STEP][PASSED] - selectOptionByIndex: All options with index in [16] are selected on object 'Object Repository/HealthpostToStore/Page_Store/select_--Select--Adernaline 0.'

2018-06-09 22:19:09 - [MESSAGE][PASSED] - All options with index in [16] are selected on object 'Object Repository/HealthpostToStore/Page_Store/select_--Select--Adernaline 0.'

2018-06-09 22:19:09 - [TEST_STEP][PASSED] - delay: Delayed 2 second(s)

2018-06-09 22:19:11 - [MESSAGE][PASSED] - Delayed 2 second(s)

2018-06-09 22:19:11 - [TEST_STEP][PASSED] - Statement - RequestedQty = com.kms.katalon.core.webui.keyword.WebUiBuiltInKeywords.getAttribute(com.kms.katalon.core.testobject.ObjectRepository.findTestObject(HealthpostToStore/Page_Store/input_txttotal), "value"): Attribute 'value' of object 'Object Repository/HealthpostToStore/Page_Store/input_txttotal' is: '10'

2018-06-09 22:19:11 - [MESSAGE][PASSED] - Attribute 'value' of object 'Object Repository/HealthpostToStore/Page_Store/input_txttotal' is: '10'

2018-06-09 22:19:11 - [TEST_STEP][PASSED] - Statement - out.println("Requested QTY : " + RequestedQty): null

2018-06-09 22:19:11 - [TEST_STEP][PASSED] - Statement - BatchNumber = com.kms.katalon.core.webui.keyword.WebUiBuiltInKeywords.getNumberOfTotalOption(com.kms.katalon.core.testobject.ObjectRepository.findTestObject(HealthpostToStore/Page_Store/select_--Select--BA1170BA2376B)): 3 options of object 'Object Repository/HealthpostToStore/Page_Store/select_--Select--BA1170BA2376B' counted

2018-06-09 22:19:11 - [MESSAGE][PASSED] - 3 options of object 'Object Repository/HealthpostToStore/Page_Store/select_--Select--BA1170BA2376B' counted

2018-06-09 22:19:11 - [TEST_STEP][PASSED] - Statement - For ([g = 1, g <= BatchNumber - 1, (g++)]): null

2018-06-09 22:19:11 - [TEST_STEP][PASSED] - selectOptionByIndex: All options with index in [1] are selected on object 'Object Repository/HealthpostToStore/Page_Store/select_--Select--BA1170BA2376B'

2018-06-09 22:19:11 - [MESSAGE][PASSED] - All options with index in [1] are selected on object 'Object Repository/HealthpostToStore/Page_Store/select_--Select--BA1170BA2376B'

2018-06-09 22:19:11 - [TEST_STEP][PASSED] - Statement - Try: null

2018-06-09 22:19:11 - [TEST_STEP][PASSED] - Statement - StockQty = com.kms.katalon.core.webui.keyword.WebUiBuiltInKeywords.getAttribute(com.kms.katalon.core.testobject.ObjectRepository.findTestObject(HealthpostToStore/Page_Store/input_txtprice), "value"): Attribute 'value' of object 'Object Repository/HealthpostToStore/Page_Store/input_txtprice' is: '435'

2018-06-09 22:19:11 - [MESSAGE][PASSED] - Attribute 'value' of object 'Object Repository/HealthpostToStore/Page_Store/input_txtprice' is: '435'

2018-06-09 22:19:11 - [TEST_STEP][PASSED] - Statement - out.println("Stock QTY : " + StockQty): null

2018-06-09 22:19:11 - [TEST_STEP][PASSED] - delay: Delayed 2 second(s)

2018-06-09 22:19:13 - [MESSAGE][PASSED] - Delayed 2 second(s)

2018-06-09 22:19:13 - [TEST_STEP][PASSED] - Statement - If (java.lang.String.valueOf(StockQty) >= java.lang.String.valueOf(RequestedQty)): null

2018-06-09 22:19:13 - [TEST_STEP][PASSED] - setText: Text '10' is set on object 'Object Repository/HealthpostToStore/Page_Store/input_txtqty'

2018-06-09 22:19:13 - [MESSAGE][PASSED] - Text '10' is set on object 'Object Repository/HealthpostToStore/Page_Store/input_txtqty'

2018-06-09 22:19:13 - [TEST_STEP][PASSED] - click: Object: 'Object Repository/HealthpostToStore/Page_Store/button_Add' is clicked on

2018-06-09 22:19:13 - [MESSAGE][PASSED] - Object: 'Object Repository/HealthpostToStore/Page_Store/button_Add' is clicked on

2018-06-09 22:19:13 - [TEST_STEP][PASSED] - Statement - Break: null

2018-06-09 22:19:13 - [TEST_STEP][PASSED] - selectOptionByIndex: All options with index in [17] are selected on object 'Object Repository/HealthpostToStore/Page_Store/select_--Select--Adernaline 0.'

2018-06-09 22:19:13 - [MESSAGE][PASSED] - All options with index in [17] are selected on object 'Object Repository/HealthpostToStore/Page_Store/select_--Select--Adernaline 0.'

2018-06-09 22:19:13 - [TEST_STEP][PASSED] - delay: Delayed 2 second(s)

2018-06-09 22:19:15 - [MESSAGE][PASSED] - Delayed 2 second(s)

2018-06-09 22:19:15 - [TEST_STEP][PASSED] - Statement - RequestedQty = com.kms.katalon.core.webui.keyword.WebUiBuiltInKeywords.getAttribute(com.kms.katalon.core.testobject.ObjectRepository.findTestObject(HealthpostToStore/Page_Store/input_txttotal), "value"): Attribute 'value' of object 'Object Repository/HealthpostToStore/Page_Store/input_txttotal' is: '10'

2018-06-09 22:19:15 - [MESSAGE][PASSED] - Attribute 'value' of object 'Object Repository/HealthpostToStore/Page_Store/input_txttotal' is: '10'

2018-06-09 22:19:15 - [TEST_STEP][PASSED] - Statement - out.println("Requested QTY : " + RequestedQty): null

2018-06-09 22:19:15 - [TEST_STEP][PASSED] - Statement - BatchNumber = com.kms.katalon.core.webui.keyword.WebUiBuiltInKeywords.getNumberOfTotalOption(com.kms.katalon.core.testobject.ObjectRepository.findTestObject(HealthpostToStore/Page_Store/select_--Select--BA1170BA2376B)): 3 options of object 'Object Repository/HealthpostToStore/Page_Store/select_--Select--BA1170BA2376B' counted

2018-06-09 22:19:15 - [MESSAGE][PASSED] - 3 options of object 'Object Repository/HealthpostToStore/Page_Store/select_--Select--BA1170BA2376B' counted

2018-06-09 22:19:15 - [TEST_STEP][PASSED] - Statement - For ([g = 1, g <= BatchNumber - 1, (g++)]): null

2018-06-09 22:19:15 - [TEST_STEP][PASSED] - selectOptionByIndex: All options with index in [1] are selected on object 'Object Repository/HealthpostToStore/Page_Store/select_--Select--BA1170BA2376B'

2018-06-09 22:19:16 - [MESSAGE][PASSED] - All options with index in [1] are selected on object 'Object Repository/HealthpostToStore/Page_Store/select_--Select--BA1170BA2376B'

2018-06-09 22:19:16 - [TEST_STEP][PASSED] - Statement - Try: null

2018-06-09 22:19:16 - [TEST_STEP][PASSED] - Statement - StockQty = com.kms.katalon.core.webui.keyword.WebUiBuiltInKeywords.getAttribute(com.kms.katalon.core.testobject.ObjectRepository.findTestObject(HealthpostToStore/Page_Store/input_txtprice), "value"): Attribute 'value' of object 'Object Repository/HealthpostToStore/Page_Store/input_txtprice' is: '255'

2018-06-09 22:19:16 - [MESSAGE][PASSED] - Attribute 'value' of object 'Object Repository/HealthpostToStore/Page_Store/input_txtprice' is: '255'

2018-06-09 22:19:16 - [TEST_STEP][PASSED] - Statement - out.println("Stock QTY : " + StockQty): null

2018-06-09 22:19:16 - [TEST_STEP][PASSED] - delay: Delayed 2 second(s)

2018-06-09 22:19:18 - [MESSAGE][PASSED] - Delayed 2 second(s)

2018-06-09 22:19:18 - [TEST_STEP][PASSED] - Statement - If (java.lang.String.valueOf(StockQty) >= java.lang.String.valueOf(RequestedQty)): null

2018-06-09 22:19:18 - [TEST_STEP][PASSED] - setText: Text '10' is set on object 'Object Repository/HealthpostToStore/Page_Store/input_txtqty'

2018-06-09 22:19:18 - [MESSAGE][PASSED] - Text '10' is set on object 'Object Repository/HealthpostToStore/Page_Store/input_txtqty'

2018-06-09 22:19:18 - [TEST_STEP][PASSED] - click: Object: 'Object Repository/HealthpostToStore/Page_Store/button_Add' is clicked on

2018-06-09 22:19:18 - [MESSAGE][PASSED] - Object: 'Object Repository/HealthpostToStore/Page_Store/button_Add' is clicked on

2018-06-09 22:19:18 - [TEST_STEP][PASSED] - Statement - Break: null

2018-06-09 22:19:18 - [TEST_STEP][PASSED] - selectOptionByIndex: All options with index in [18] are selected on object 'Object Repository/HealthpostToStore/Page_Store/select_--Select--Adernaline 0.'

2018-06-09 22:19:18 - [MESSAGE][PASSED] - All options with index in [18] are selected on object 'Object Repository/HealthpostToStore/Page_Store/select_--Select--Adernaline 0.'

2018-06-09 22:19:18 - [TEST_STEP][PASSED] - delay: Delayed 2 second(s)

2018-06-09 22:19:20 - [MESSAGE][PASSED] - Delayed 2 second(s)

2018-06-09 22:19:20 - [TEST_STEP][PASSED] - Statement - RequestedQty = com.kms.katalon.core.webui.keyword.WebUiBuiltInKeywords.getAttribute(com.kms.katalon.core.testobject.ObjectRepository.findTestObject(HealthpostToStore/Page_Store/input_txttotal), "value"): Attribute 'value' of object 'Object Repository/HealthpostToStore/Page_Store/input_txttotal' is: '10'

2018-06-09 22:19:20 - [MESSAGE][PASSED] - Attribute 'value' of object 'Object Repository/HealthpostToStore/Page_Store/input_txttotal' is: '10'

2018-06-09 22:19:20 - [TEST_STEP][PASSED] - Statement - out.println("Requested QTY : " + RequestedQty): null

2018-06-09 22:19:20 - [TEST_STEP][PASSED] - Statement - BatchNumber = com.kms.katalon.core.webui.keyword.WebUiBuiltInKeywords.getNumberOfTotalOption(com.kms.katalon.core.testobject.ObjectRepository.findTestObject(HealthpostToStore/Page_Store/select_--Select--BA1170BA2376B)): 3 options of object 'Object Repository/HealthpostToStore/Page_Store/select_--Select--BA1170BA2376B' counted

2018-06-09 22:19:20 - [MESSAGE][PASSED] - 3 options of object 'Object Repository/HealthpostToStore/Page_Store/select_--Select--BA1170BA2376B' counted

2018-06-09 22:19:20 - [TEST_STEP][PASSED] - Statement - For ([g = 1, g <= BatchNumber - 1, (g++)]): null

2018-06-09 22:19:20 - [TEST_STEP][PASSED] - selectOptionByIndex: All options with index in [1] are selected on object 'Object Repository/HealthpostToStore/Page_Store/select_--Select--BA1170BA2376B'

2018-06-09 22:19:20 - [MESSAGE][PASSED] - All options with index in [1] are selected on object 'Object Repository/HealthpostToStore/Page_Store/select_--Select--BA1170BA2376B'

2018-06-09 22:19:20 - [TEST_STEP][PASSED] - Statement - Try: null

2018-06-09 22:19:20 - [TEST_STEP][PASSED] - Statement - StockQty = com.kms.katalon.core.webui.keyword.WebUiBuiltInKeywords.getAttribute(com.kms.katalon.core.testobject.ObjectRepository.findTestObject(HealthpostToStore/Page_Store/input_txtprice), "value"): Attribute 'value' of object 'Object Repository/HealthpostToStore/Page_Store/input_txtprice' is: '435'

2018-06-09 22:19:20 - [MESSAGE][PASSED] - Attribute 'value' of object 'Object Repository/HealthpostToStore/Page_Store/input_txtprice' is: '435'

2018-06-09 22:19:20 - [TEST_STEP][PASSED] - Statement - out.println("Stock QTY : " + StockQty): null

2018-06-09 22:19:20 - [TEST_STEP][PASSED] - delay: Delayed 2 second(s)

2018-06-09 22:19:22 - [MESSAGE][PASSED] - Delayed 2 second(s)

2018-06-09 22:19:22 - [TEST_STEP][PASSED] - Statement - If (java.lang.String.valueOf(StockQty) >= java.lang.String.valueOf(RequestedQty)): null

2018-06-09 22:19:22 - [TEST_STEP][PASSED] - setText: Text '10' is set on object 'Object Repository/HealthpostToStore/Page_Store/input_txtqty'

2018-06-09 22:19:22 - [MESSAGE][PASSED] - Text '10' is set on object 'Object Repository/HealthpostToStore/Page_Store/input_txtqty'

2018-06-09 22:19:22 - [TEST_STEP][PASSED] - click: Object: 'Object Repository/HealthpostToStore/Page_Store/button_Add' is clicked on

2018-06-09 22:19:23 - [MESSAGE][PASSED] - Object: 'Object Repository/HealthpostToStore/Page_Store/button_Add' is clicked on

2018-06-09 22:19:23 - [TEST_STEP][PASSED] - Statement - Break: null

2018-06-09 22:19:23 - [TEST_STEP][PASSED] - scrollToElement: Scroll to object 'Object Repository/HealthpostToStore/Page_Store/input_btnSubmit' successfully

2018-06-09 22:19:23 - [MESSAGE][PASSED] - Scroll to object 'Object Repository/HealthpostToStore/Page_Store/input_btnSubmit' successfully

2018-06-09 22:19:23 - [TEST_STEP][PASSED] - click: Object: 'Object Repository/HealthpostToStore/Page_Store/input_btnSubmit' is clicked on

2018-06-09 22:19:23 - [MESSAGE][PASSED] - Object: 'Object Repository/HealthpostToStore/Page_Store/input_btnSubmit' is clicked on

2018-06-09 22:19:23 - [TEST_STEP][PASSED] - delay: Delayed 3 second(s)

2018-06-09 22:19:26 - [MESSAGE][PASSED] - Delayed 3 second(s)

2018-06-09 22:19:26 - [TEST_STEP][PASSED] - click: Object: 'Object Repository/HealthpostToStore/Page_Store/button_OK' is clicked on

2018-06-09 22:19:27 - [MESSAGE][PASSED] - Object: 'Object Repository/HealthpostToStore/Page_Store/button_OK' is clicked on

2018-06-09 22:19:27 - [TEST_STEP][PASSED] - delay: Delayed 3 second(s)

2018-06-09 22:19:30 - [MESSAGE][PASSED] - Delayed 3 second(s)

2018-06-09 22:19:30 - [TEST_STEP][PASSED] - click: Object: 'Object Repository/HealthpostToStore/Page_Store/a_dropdown-toggle' is clicked on

2018-06-09 22:19:30 - [MESSAGE][PASSED] - Object: 'Object Repository/HealthpostToStore/Page_Store/a_dropdown-toggle' is clicked on

2018-06-09 22:19:30 - [TEST_STEP][PASSED] - click: Object: 'Object Repository/HealthpostToStore/Page_Store/a_Sign out' is clicked on

2018-06-09 22:19:31 - [MESSAGE][PASSED] - Object: 'Object Repository/HealthpostToStore/Page_Store/a_Sign out' is clicked on

2018-06-09 22:19:31 - [TEST_STEP][PASSED] - closeBrowser: Browser is closed

2018-06-09 22:19:31 - [MESSAGE][PASSED] - Browser is closed]]></system-out>
         <system-err><![CDATA[]]></system-err>
      </testcase>
      <system-out><![CDATA[2018-06-09 21:29:20 - [TEST_SUITE][FAILED] - HealthPost_Store_Suite: Test Cases/HEALTHPOST TEST CASES/TC_HP_009 Verify Schedule 9 Healthpost Request Are Working Successfully Or Not FAILED because (of) Unable to select option by index '9' of object 'Object Repository/HealthpostToStore/Page_HealthPost Store/select_--Select--Schedule 1Inj' (Root cause: org.openqa.selenium.StaleElementReferenceException: stale element reference: element is not attached to the page document
  (Session info: chrome=66.0.3359.181)
  (Driver info: chromedriver=2.35.528161 (5b82f2d2aae0ca24b877009200ced9065a772e73),platform=Windows NT 10.0.17134 x86_64) (WARNING: The server did not provide any stacktrace information)
Command duration or timeout: 0 milliseconds
For documentation on this error, please visit: http://seleniumhq.org/exceptions/stale_element_reference.html
Build info: version: '3.7.1', revision: '8a0099a', time: '2017-11-06T21:07:36.161Z'
System info: host: 'DESKTOP-BLFTK83', ip: '169.254.189.85', os.name: 'Windows 10', os.arch: 'amd64', os.version: '10.0', java.version: '1.8.0_102'
Driver info: com.kms.katalon.selenium.driver.CChromeDriver
Capabilities {acceptInsecureCerts: false, acceptSslCerts: false, applicationCacheEnabled: false, browserConnectionEnabled: false, browserName: chrome, chrome: {chromedriverVersion: 2.35.528161 (5b82f2d2aae0ca..., userDataDir: C:\Users\QUALIT~1\AppData\L...}, cssSelectorsEnabled: true, databaseEnabled: false, handlesAlerts: true, hasTouchScreen: false, javascriptEnabled: true, locationContextEnabled: true, mobileEmulationEnabled: false, nativeEvents: true, networkConnectionEnabled: false, pageLoadStrategy: normal, platform: XP, platformName: XP, rotatable: false, setWindowRect: true, takesHeapSnapshot: true, takesScreenshot: true, unexpectedAlertBehaviour: , unhandledPromptBehavior: , version: 66.0.3359.181, webStorageEnabled: true}
Session ID: bfc983c5cc52123e9d3c4eae6200b651)]]></system-out>
      <system-err><![CDATA[2018-06-09 21:29:20 - [TEST_SUITE][FAILED] - HealthPost_Store_Suite: Test Cases/HEALTHPOST TEST CASES/TC_HP_009 Verify Schedule 9 Healthpost Request Are Working Successfully Or Not FAILED because (of) Unable to select option by index '9' of object 'Object Repository/HealthpostToStore/Page_HealthPost Store/select_--Select--Schedule 1Inj' (Root cause: org.openqa.selenium.StaleElementReferenceException: stale element reference: element is not attached to the page document
  (Session info: chrome=66.0.3359.181)
  (Driver info: chromedriver=2.35.528161 (5b82f2d2aae0ca24b877009200ced9065a772e73),platform=Windows NT 10.0.17134 x86_64) (WARNING: The server did not provide any stacktrace information)
Command duration or timeout: 0 milliseconds
For documentation on this error, please visit: http://seleniumhq.org/exceptions/stale_element_reference.html
Build info: version: '3.7.1', revision: '8a0099a', time: '2017-11-06T21:07:36.161Z'
System info: host: 'DESKTOP-BLFTK83', ip: '169.254.189.85', os.name: 'Windows 10', os.arch: 'amd64', os.version: '10.0', java.version: '1.8.0_102'
Driver info: com.kms.katalon.selenium.driver.CChromeDriver
Capabilities {acceptInsecureCerts: false, acceptSslCerts: false, applicationCacheEnabled: false, browserConnectionEnabled: false, browserName: chrome, chrome: {chromedriverVersion: 2.35.528161 (5b82f2d2aae0ca..., userDataDir: C:\Users\QUALIT~1\AppData\L...}, cssSelectorsEnabled: true, databaseEnabled: false, handlesAlerts: true, hasTouchScreen: false, javascriptEnabled: true, locationContextEnabled: true, mobileEmulationEnabled: false, nativeEvents: true, networkConnectionEnabled: false, pageLoadStrategy: normal, platform: XP, platformName: XP, rotatable: false, setWindowRect: true, takesHeapSnapshot: true, takesScreenshot: true, unexpectedAlertBehaviour: , unhandledPromptBehavior: , version: 66.0.3359.181, webStorageEnabled: true}
Session ID: bfc983c5cc52123e9d3c4eae6200b651)]]></system-err>
   </testsuite>
</testsuites>
