<?xml version="1.0" encoding="UTF-8"?>
<testsuites name="MOH REQUEST AND GRN" time="2932" tests="8" failures="4" errors="0">
   <testsuite name="MOH REQUEST AND GRN" tests="8" failures="4" errors="0" time="2932" timestamp="2018-05-11 10:19:42" hostname="Quality Analyst - DESKTOP-BLFTK83" id="Test Suites/MOH REQUEST AND GRN">
      <properties>
         <property name="deviceName" value=""/>
         <property name="devicePlatform" value=""/>
         <property name="logFolder" value="C:\\Users\\Quality Analyst\\Katalon Studio\\ds\\Reports\\MOH REQUEST AND GRN\\20180511_101930"/>
         <property name="logFiles" value="C:\\Users\\Quality Analyst\\Katalon Studio\\ds\\Reports\\MOH REQUEST AND GRN\\20180511_101930\\execution0.log, C:\\Users\\Quality Analyst\\Katalon Studio\\ds\\Reports\\MOH REQUEST AND GRN\\20180511_101930\\execution1.log, C:\\Users\\Quality Analyst\\Katalon Studio\\ds\\Reports\\MOH REQUEST AND GRN\\20180511_101930\\execution2.log, C:\\Users\\Quality Analyst\\Katalon Studio\\ds\\Reports\\MOH REQUEST AND GRN\\20180511_101930\\execution3.log"/>
         <property name="attachments" value="C:\\Users\\Quality Analyst\\Katalon Studio\\ds\\Reports\\MOH REQUEST AND GRN\\20180511_101930\\1526014816343.png, C:\\Users\\Quality Analyst\\Katalon Studio\\ds\\Reports\\MOH REQUEST AND GRN\\20180511_101930\\1526014969317.png, C:\\Users\\Quality Analyst\\Katalon Studio\\ds\\Reports\\MOH REQUEST AND GRN\\20180511_101930\\1526016316847.png, C:\\Users\\Quality Analyst\\Katalon Studio\\ds\\Reports\\MOH REQUEST AND GRN\\20180511_101930\\1526016957343.png"/>
         <property name="hostName" value="Quality Analyst - DESKTOP-BLFTK83"/>
         <property name="os" value="Windows 10 64bit"/>
         <property name="katalonVersion" value="5.4.1.1"/>
         <property name="browser" value="Chrome 66.0.3359.139"/>
         <property name="hostAddress" value="192.168.71.2"/>
         <property name="sessionId" value="23eab44f2491ac03e7eaba8713162c2e"/>
         <property name="seleniumVersion" value="3.7.1"/>
         <property name="proxyInformation" value="ProxyInformation{proxyOption=NO_PROXY, proxyServerType=HTTP, password=, proxyServerAddress=, proxyServerPort=0}"/>
         <property name="platform" value="Windows 10"/>
      </properties>
      <testcase name="Test Cases/MOH REQUEST AND GRN/Moh Request GRN Schedule 1" classname="Test Cases/MOH REQUEST AND GRN/Moh Request GRN Schedule 1" status="FAILED">
         <failure type="FAILED" message="Unable to click on object 'Object Repository/MOH AND GRN/Page_KDMC - CMS/a_dropdown-toggle' (Root cause: com.kms.katalon.core.webui.exception.WebElementNotFoundException: Web element with id: 'Object Repository/MOH AND GRN/Page_KDMC - CMS/a_dropdown-toggle' located by 'By.xpath: /html[1]/body[@class=&quot;skin-blue  pace-done&quot;]/header[@class=&quot;header&quot;]/div[@class=&quot;row&quot;]/div[@class=&quot;col-md-12&quot;]/nav[@class=&quot;navbar navbar-static-top&quot;]/div[@class=&quot;navbar-right&quot;]/ul[@class=&quot;nav navbar-nav&quot;]/li[@class=&quot;dropdown user user-menu&quot;]/a[@class=&quot;dropdown-toggle&quot;][count(. | //*[@class = 'dropdown-toggle' and @data-toggle = 'dropdown']) = count(//*[@class = 'dropdown-toggle' and @data-toggle = 'dropdown'])]' not found)"/>
         <system-out><![CDATA[2018-05-11 10:19:42 - [TEST_CASE][FAILED] - Test Cases/MOH REQUEST AND GRN/Moh Request GRN Schedule 1: Test Cases/MOH REQUEST AND GRN/Moh Request GRN Schedule 1 FAILED because (of) Unable to click on object 'Object Repository/MOH AND GRN/Page_KDMC - CMS/a_dropdown-toggle' (Root cause: com.kms.katalon.core.webui.exception.WebElementNotFoundException: Web element with id: 'Object Repository/MOH AND GRN/Page_KDMC - CMS/a_dropdown-toggle' located by 'By.xpath: /html[1]/body[@class="skin-blue  pace-done"]/header[@class="header"]/div[@class="row"]/div[@class="col-md-12"]/nav[@class="navbar navbar-static-top"]/div[@class="navbar-right"]/ul[@class="nav navbar-nav"]/li[@class="dropdown user user-menu"]/a[@class="dropdown-toggle"][count(. | //*[@class = 'dropdown-toggle' and @data-toggle = 'dropdown']) = count(//*[@class = 'dropdown-toggle' and @data-toggle = 'dropdown'])]' not found)

2018-05-11 10:19:43 - [TEST_STEP][PASSED] - openBrowser: Browser is opened with url: ''

2018-05-11 10:19:48 - [MESSAGE][PASSED] - Browser is opened with url: ''

2018-05-11 10:19:48 - [TEST_STEP][PASSED] - navigateToUrl: Navigate to 'http://192.168.137.1/multihospital_new/' successfully

2018-05-11 10:19:50 - [MESSAGE][PASSED] - Navigate to 'http://192.168.137.1/multihospital_new/' successfully

2018-05-11 10:19:50 - [TEST_STEP][PASSED] - maximizeWindow: Current window maximized

2018-05-11 10:19:51 - [MESSAGE][PASSED] - Current window maximized

2018-05-11 10:19:51 - [TEST_STEP][PASSED] - click: Object: 'Object Repository/MOH AND GRN/Page_KDMC/a_CMS' is clicked on

2018-05-11 10:19:52 - [MESSAGE][PASSED] - Object: 'Object Repository/MOH AND GRN/Page_KDMC/a_CMS' is clicked on

2018-05-11 10:19:52 - [TEST_STEP][PASSED] - setText: Text 'bala' is set on object 'Object Repository/MOH AND GRN/Page_CMS login/input_txtusername'

2018-05-11 10:19:53 - [MESSAGE][PASSED] - Text 'bala' is set on object 'Object Repository/MOH AND GRN/Page_CMS login/input_txtusername'

2018-05-11 10:19:53 - [TEST_STEP][PASSED] - setText: Text '123' is set on object 'Object Repository/MOH AND GRN/Page_CMS login/input_txtpassword'

2018-05-11 10:19:53 - [MESSAGE][PASSED] - Text '123' is set on object 'Object Repository/MOH AND GRN/Page_CMS login/input_txtpassword'

2018-05-11 10:19:53 - [TEST_STEP][PASSED] - delay: Delayed 3 second(s)

2018-05-11 10:19:56 - [MESSAGE][PASSED] - Delayed 3 second(s)

2018-05-11 10:19:56 - [TEST_STEP][PASSED] - click: Object: 'Object Repository/MOH AND GRN/Page_CMS login/button_Sign in' is clicked on

2018-05-11 10:19:57 - [MESSAGE][PASSED] - Object: 'Object Repository/MOH AND GRN/Page_CMS login/button_Sign in' is clicked on

2018-05-11 10:19:57 - [TEST_STEP][PASSED] - click: Object: 'Object Repository/MOH AND GRN/Page_KDMC - CMS/a_Request to MOH' is clicked on

2018-05-11 10:19:58 - [MESSAGE][PASSED] - Object: 'Object Repository/MOH AND GRN/Page_KDMC - CMS/a_Request to MOH' is clicked on

2018-05-11 10:19:58 - [TEST_STEP][PASSED] - selectOptionByIndex: All options with index in [2] are selected on object 'Object Repository/MOH AND GRN/Page_KDMC - CMS/select_--Select--'

2018-05-11 10:19:58 - [MESSAGE][PASSED] - All options with index in [2] are selected on object 'Object Repository/MOH AND GRN/Page_KDMC - CMS/select_--Select--'

2018-05-11 10:19:58 - [TEST_STEP][PASSED] - selectOptionByIndex: All options with index in [1] are selected on object 'Object Repository/MOH AND GRN/Page_KDMC - CMS/select_--Select--Schedule 1Inj'

2018-05-11 10:19:58 - [MESSAGE][PASSED] - All options with index in [1] are selected on object 'Object Repository/MOH AND GRN/Page_KDMC - CMS/select_--Select--Schedule 1Inj'

2018-05-11 10:19:58 - [TEST_STEP][PASSED] - Statement - selectedoptions = com.kms.katalon.core.webui.keyword.WebUiBuiltInKeywords.getNumberOfTotalOption(com.kms.katalon.core.testobject.ObjectRepository.findTestObject(MOH AND GRN/Page_KDMC - CMS/select_--Select--Adernaline 0.)): 64 options of object 'Object Repository/MOH AND GRN/Page_KDMC - CMS/select_--Select--Adernaline 0.' counted

2018-05-11 10:19:58 - [MESSAGE][PASSED] - 64 options of object 'Object Repository/MOH AND GRN/Page_KDMC - CMS/select_--Select--Adernaline 0.' counted

2018-05-11 10:19:58 - [TEST_STEP][PASSED] - Statement - For ([j = 1, j <= selectedoptions - 1, (j++)]): Object: 'Object Repository/MOH AND GRN/Page_KDMC - CMS/button_Add' is clicked on

2018-05-11 10:19:58 - [TEST_STEP][PASSED] - selectOptionByIndex: All options with index in [1] are selected on object 'Object Repository/MOH AND GRN/Page_KDMC - CMS/select_--Select--Schedule 1Inj'

2018-05-11 10:19:58 - [MESSAGE][PASSED] - All options with index in [1] are selected on object 'Object Repository/MOH AND GRN/Page_KDMC - CMS/select_--Select--Schedule 1Inj'

2018-05-11 10:19:58 - [TEST_STEP][PASSED] - selectOptionByIndex: All options with index in [1] are selected on object 'Object Repository/MOH AND GRN/Page_KDMC - CMS/select_--Select--Adernaline 0.'

2018-05-11 10:19:59 - [MESSAGE][PASSED] - All options with index in [1] are selected on object 'Object Repository/MOH AND GRN/Page_KDMC - CMS/select_--Select--Adernaline 0.'

2018-05-11 10:19:59 - [TEST_STEP][PASSED] - setText: Text '5000' is set on object 'Object Repository/MOH AND GRN/Page_KDMC - CMS/input_txttreat'

2018-05-11 10:19:59 - [MESSAGE][PASSED] - Text '5000' is set on object 'Object Repository/MOH AND GRN/Page_KDMC - CMS/input_txttreat'

2018-05-11 10:19:59 - [TEST_STEP][PASSED] - click: Object: 'Object Repository/MOH AND GRN/Page_KDMC - CMS/button_Add' is clicked on

2018-05-11 10:19:59 - [MESSAGE][PASSED] - Object: 'Object Repository/MOH AND GRN/Page_KDMC - CMS/button_Add' is clicked on

2018-05-11 10:19:59 - [TEST_STEP][PASSED] - selectOptionByIndex: All options with index in [1] are selected on object 'Object Repository/MOH AND GRN/Page_KDMC - CMS/select_--Select--Schedule 1Inj'

2018-05-11 10:19:59 - [MESSAGE][PASSED] - All options with index in [1] are selected on object 'Object Repository/MOH AND GRN/Page_KDMC - CMS/select_--Select--Schedule 1Inj'

2018-05-11 10:19:59 - [TEST_STEP][PASSED] - selectOptionByIndex: All options with index in [2] are selected on object 'Object Repository/MOH AND GRN/Page_KDMC - CMS/select_--Select--Adernaline 0.'

2018-05-11 10:19:59 - [MESSAGE][PASSED] - All options with index in [2] are selected on object 'Object Repository/MOH AND GRN/Page_KDMC - CMS/select_--Select--Adernaline 0.'

2018-05-11 10:19:59 - [TEST_STEP][PASSED] - setText: Text '5000' is set on object 'Object Repository/MOH AND GRN/Page_KDMC - CMS/input_txttreat'

2018-05-11 10:19:59 - [MESSAGE][PASSED] - Text '5000' is set on object 'Object Repository/MOH AND GRN/Page_KDMC - CMS/input_txttreat'

2018-05-11 10:19:59 - [TEST_STEP][PASSED] - click: Object: 'Object Repository/MOH AND GRN/Page_KDMC - CMS/button_Add' is clicked on

2018-05-11 10:19:59 - [MESSAGE][PASSED] - Object: 'Object Repository/MOH AND GRN/Page_KDMC - CMS/button_Add' is clicked on

2018-05-11 10:19:59 - [TEST_STEP][PASSED] - selectOptionByIndex: All options with index in [1] are selected on object 'Object Repository/MOH AND GRN/Page_KDMC - CMS/select_--Select--Schedule 1Inj'

2018-05-11 10:19:59 - [MESSAGE][PASSED] - All options with index in [1] are selected on object 'Object Repository/MOH AND GRN/Page_KDMC - CMS/select_--Select--Schedule 1Inj'

2018-05-11 10:19:59 - [TEST_STEP][PASSED] - selectOptionByIndex: All options with index in [3] are selected on object 'Object Repository/MOH AND GRN/Page_KDMC - CMS/select_--Select--Adernaline 0.'

2018-05-11 10:20:00 - [MESSAGE][PASSED] - All options with index in [3] are selected on object 'Object Repository/MOH AND GRN/Page_KDMC - CMS/select_--Select--Adernaline 0.'

2018-05-11 10:20:00 - [TEST_STEP][PASSED] - setText: Text '5000' is set on object 'Object Repository/MOH AND GRN/Page_KDMC - CMS/input_txttreat'

2018-05-11 10:20:00 - [MESSAGE][PASSED] - Text '5000' is set on object 'Object Repository/MOH AND GRN/Page_KDMC - CMS/input_txttreat'

2018-05-11 10:20:00 - [TEST_STEP][PASSED] - click: Object: 'Object Repository/MOH AND GRN/Page_KDMC - CMS/button_Add' is clicked on

2018-05-11 10:20:00 - [MESSAGE][PASSED] - Object: 'Object Repository/MOH AND GRN/Page_KDMC - CMS/button_Add' is clicked on

2018-05-11 10:20:00 - [TEST_STEP][PASSED] - selectOptionByIndex: All options with index in [1] are selected on object 'Object Repository/MOH AND GRN/Page_KDMC - CMS/select_--Select--Schedule 1Inj'

2018-05-11 10:20:00 - [MESSAGE][PASSED] - All options with index in [1] are selected on object 'Object Repository/MOH AND GRN/Page_KDMC - CMS/select_--Select--Schedule 1Inj'

2018-05-11 10:20:00 - [TEST_STEP][PASSED] - selectOptionByIndex: All options with index in [4] are selected on object 'Object Repository/MOH AND GRN/Page_KDMC - CMS/select_--Select--Adernaline 0.'

2018-05-11 10:20:00 - [MESSAGE][PASSED] - All options with index in [4] are selected on object 'Object Repository/MOH AND GRN/Page_KDMC - CMS/select_--Select--Adernaline 0.'

2018-05-11 10:20:00 - [TEST_STEP][PASSED] - setText: Text '5000' is set on object 'Object Repository/MOH AND GRN/Page_KDMC - CMS/input_txttreat'

2018-05-11 10:20:00 - [MESSAGE][PASSED] - Text '5000' is set on object 'Object Repository/MOH AND GRN/Page_KDMC - CMS/input_txttreat'

2018-05-11 10:20:00 - [TEST_STEP][PASSED] - click: Object: 'Object Repository/MOH AND GRN/Page_KDMC - CMS/button_Add' is clicked on

2018-05-11 10:20:00 - [MESSAGE][PASSED] - Object: 'Object Repository/MOH AND GRN/Page_KDMC - CMS/button_Add' is clicked on

2018-05-11 10:20:00 - [TEST_STEP][PASSED] - selectOptionByIndex: All options with index in [1] are selected on object 'Object Repository/MOH AND GRN/Page_KDMC - CMS/select_--Select--Schedule 1Inj'

2018-05-11 10:20:01 - [MESSAGE][PASSED] - All options with index in [1] are selected on object 'Object Repository/MOH AND GRN/Page_KDMC - CMS/select_--Select--Schedule 1Inj'

2018-05-11 10:20:01 - [TEST_STEP][PASSED] - selectOptionByIndex: All options with index in [5] are selected on object 'Object Repository/MOH AND GRN/Page_KDMC - CMS/select_--Select--Adernaline 0.'

2018-05-11 10:20:01 - [MESSAGE][PASSED] - All options with index in [5] are selected on object 'Object Repository/MOH AND GRN/Page_KDMC - CMS/select_--Select--Adernaline 0.'

2018-05-11 10:20:01 - [TEST_STEP][PASSED] - setText: Text '5000' is set on object 'Object Repository/MOH AND GRN/Page_KDMC - CMS/input_txttreat'

2018-05-11 10:20:01 - [MESSAGE][PASSED] - Text '5000' is set on object 'Object Repository/MOH AND GRN/Page_KDMC - CMS/input_txttreat'

2018-05-11 10:20:01 - [TEST_STEP][PASSED] - click: Object: 'Object Repository/MOH AND GRN/Page_KDMC - CMS/button_Add' is clicked on

2018-05-11 10:20:01 - [MESSAGE][PASSED] - Object: 'Object Repository/MOH AND GRN/Page_KDMC - CMS/button_Add' is clicked on

2018-05-11 10:20:01 - [TEST_STEP][PASSED] - selectOptionByIndex: All options with index in [1] are selected on object 'Object Repository/MOH AND GRN/Page_KDMC - CMS/select_--Select--Schedule 1Inj'

2018-05-11 10:20:01 - [MESSAGE][PASSED] - All options with index in [1] are selected on object 'Object Repository/MOH AND GRN/Page_KDMC - CMS/select_--Select--Schedule 1Inj'

2018-05-11 10:20:01 - [TEST_STEP][PASSED] - selectOptionByIndex: All options with index in [6] are selected on object 'Object Repository/MOH AND GRN/Page_KDMC - CMS/select_--Select--Adernaline 0.'

2018-05-11 10:20:01 - [MESSAGE][PASSED] - All options with index in [6] are selected on object 'Object Repository/MOH AND GRN/Page_KDMC - CMS/select_--Select--Adernaline 0.'

2018-05-11 10:20:01 - [TEST_STEP][PASSED] - setText: Text '5000' is set on object 'Object Repository/MOH AND GRN/Page_KDMC - CMS/input_txttreat'

2018-05-11 10:20:01 - [MESSAGE][PASSED] - Text '5000' is set on object 'Object Repository/MOH AND GRN/Page_KDMC - CMS/input_txttreat'

2018-05-11 10:20:01 - [TEST_STEP][PASSED] - click: Object: 'Object Repository/MOH AND GRN/Page_KDMC - CMS/button_Add' is clicked on

2018-05-11 10:20:02 - [MESSAGE][PASSED] - Object: 'Object Repository/MOH AND GRN/Page_KDMC - CMS/button_Add' is clicked on

2018-05-11 10:20:02 - [TEST_STEP][PASSED] - selectOptionByIndex: All options with index in [1] are selected on object 'Object Repository/MOH AND GRN/Page_KDMC - CMS/select_--Select--Schedule 1Inj'

2018-05-11 10:20:02 - [MESSAGE][PASSED] - All options with index in [1] are selected on object 'Object Repository/MOH AND GRN/Page_KDMC - CMS/select_--Select--Schedule 1Inj'

2018-05-11 10:20:02 - [TEST_STEP][PASSED] - selectOptionByIndex: All options with index in [7] are selected on object 'Object Repository/MOH AND GRN/Page_KDMC - CMS/select_--Select--Adernaline 0.'

2018-05-11 10:20:02 - [MESSAGE][PASSED] - All options with index in [7] are selected on object 'Object Repository/MOH AND GRN/Page_KDMC - CMS/select_--Select--Adernaline 0.'

2018-05-11 10:20:02 - [TEST_STEP][PASSED] - setText: Text '5000' is set on object 'Object Repository/MOH AND GRN/Page_KDMC - CMS/input_txttreat'

2018-05-11 10:20:02 - [MESSAGE][PASSED] - Text '5000' is set on object 'Object Repository/MOH AND GRN/Page_KDMC - CMS/input_txttreat'

2018-05-11 10:20:02 - [TEST_STEP][PASSED] - click: Object: 'Object Repository/MOH AND GRN/Page_KDMC - CMS/button_Add' is clicked on

2018-05-11 10:20:02 - [MESSAGE][PASSED] - Object: 'Object Repository/MOH AND GRN/Page_KDMC - CMS/button_Add' is clicked on

2018-05-11 10:20:02 - [TEST_STEP][PASSED] - selectOptionByIndex: All options with index in [1] are selected on object 'Object Repository/MOH AND GRN/Page_KDMC - CMS/select_--Select--Schedule 1Inj'

2018-05-11 10:20:02 - [MESSAGE][PASSED] - All options with index in [1] are selected on object 'Object Repository/MOH AND GRN/Page_KDMC - CMS/select_--Select--Schedule 1Inj'

2018-05-11 10:20:02 - [TEST_STEP][PASSED] - selectOptionByIndex: All options with index in [8] are selected on object 'Object Repository/MOH AND GRN/Page_KDMC - CMS/select_--Select--Adernaline 0.'

2018-05-11 10:20:02 - [MESSAGE][PASSED] - All options with index in [8] are selected on object 'Object Repository/MOH AND GRN/Page_KDMC - CMS/select_--Select--Adernaline 0.'

2018-05-11 10:20:02 - [TEST_STEP][PASSED] - setText: Text '5000' is set on object 'Object Repository/MOH AND GRN/Page_KDMC - CMS/input_txttreat'

2018-05-11 10:20:03 - [MESSAGE][PASSED] - Text '5000' is set on object 'Object Repository/MOH AND GRN/Page_KDMC - CMS/input_txttreat'

2018-05-11 10:20:03 - [TEST_STEP][PASSED] - click: Object: 'Object Repository/MOH AND GRN/Page_KDMC - CMS/button_Add' is clicked on

2018-05-11 10:20:03 - [MESSAGE][PASSED] - Object: 'Object Repository/MOH AND GRN/Page_KDMC - CMS/button_Add' is clicked on

2018-05-11 10:20:03 - [TEST_STEP][PASSED] - selectOptionByIndex: All options with index in [1] are selected on object 'Object Repository/MOH AND GRN/Page_KDMC - CMS/select_--Select--Schedule 1Inj'

2018-05-11 10:20:03 - [MESSAGE][PASSED] - All options with index in [1] are selected on object 'Object Repository/MOH AND GRN/Page_KDMC - CMS/select_--Select--Schedule 1Inj'

2018-05-11 10:20:03 - [TEST_STEP][PASSED] - selectOptionByIndex: All options with index in [9] are selected on object 'Object Repository/MOH AND GRN/Page_KDMC - CMS/select_--Select--Adernaline 0.'

2018-05-11 10:20:03 - [MESSAGE][PASSED] - All options with index in [9] are selected on object 'Object Repository/MOH AND GRN/Page_KDMC - CMS/select_--Select--Adernaline 0.'

2018-05-11 10:20:03 - [TEST_STEP][PASSED] - setText: Text '5000' is set on object 'Object Repository/MOH AND GRN/Page_KDMC - CMS/input_txttreat'

2018-05-11 10:20:03 - [MESSAGE][PASSED] - Text '5000' is set on object 'Object Repository/MOH AND GRN/Page_KDMC - CMS/input_txttreat'

2018-05-11 10:20:03 - [TEST_STEP][PASSED] - click: Object: 'Object Repository/MOH AND GRN/Page_KDMC - CMS/button_Add' is clicked on

2018-05-11 10:20:03 - [MESSAGE][PASSED] - Object: 'Object Repository/MOH AND GRN/Page_KDMC - CMS/button_Add' is clicked on

2018-05-11 10:20:03 - [TEST_STEP][PASSED] - selectOptionByIndex: All options with index in [1] are selected on object 'Object Repository/MOH AND GRN/Page_KDMC - CMS/select_--Select--Schedule 1Inj'

2018-05-11 10:20:03 - [MESSAGE][PASSED] - All options with index in [1] are selected on object 'Object Repository/MOH AND GRN/Page_KDMC - CMS/select_--Select--Schedule 1Inj'

2018-05-11 10:20:03 - [TEST_STEP][PASSED] - selectOptionByIndex: All options with index in [10] are selected on object 'Object Repository/MOH AND GRN/Page_KDMC - CMS/select_--Select--Adernaline 0.'

2018-05-11 10:20:04 - [MESSAGE][PASSED] - All options with index in [10] are selected on object 'Object Repository/MOH AND GRN/Page_KDMC - CMS/select_--Select--Adernaline 0.'

2018-05-11 10:20:04 - [TEST_STEP][PASSED] - setText: Text '5000' is set on object 'Object Repository/MOH AND GRN/Page_KDMC - CMS/input_txttreat'

2018-05-11 10:20:04 - [MESSAGE][PASSED] - Text '5000' is set on object 'Object Repository/MOH AND GRN/Page_KDMC - CMS/input_txttreat'

2018-05-11 10:20:04 - [TEST_STEP][PASSED] - click: Object: 'Object Repository/MOH AND GRN/Page_KDMC - CMS/button_Add' is clicked on

2018-05-11 10:20:04 - [MESSAGE][PASSED] - Object: 'Object Repository/MOH AND GRN/Page_KDMC - CMS/button_Add' is clicked on

2018-05-11 10:20:04 - [TEST_STEP][PASSED] - selectOptionByIndex: All options with index in [1] are selected on object 'Object Repository/MOH AND GRN/Page_KDMC - CMS/select_--Select--Schedule 1Inj'

2018-05-11 10:20:04 - [MESSAGE][PASSED] - All options with index in [1] are selected on object 'Object Repository/MOH AND GRN/Page_KDMC - CMS/select_--Select--Schedule 1Inj'

2018-05-11 10:20:04 - [TEST_STEP][PASSED] - selectOptionByIndex: All options with index in [11] are selected on object 'Object Repository/MOH AND GRN/Page_KDMC - CMS/select_--Select--Adernaline 0.'

2018-05-11 10:20:04 - [MESSAGE][PASSED] - All options with index in [11] are selected on object 'Object Repository/MOH AND GRN/Page_KDMC - CMS/select_--Select--Adernaline 0.'

2018-05-11 10:20:04 - [TEST_STEP][PASSED] - setText: Text '5000' is set on object 'Object Repository/MOH AND GRN/Page_KDMC - CMS/input_txttreat'

2018-05-11 10:20:04 - [MESSAGE][PASSED] - Text '5000' is set on object 'Object Repository/MOH AND GRN/Page_KDMC - CMS/input_txttreat'

2018-05-11 10:20:04 - [TEST_STEP][PASSED] - click: Object: 'Object Repository/MOH AND GRN/Page_KDMC - CMS/button_Add' is clicked on

2018-05-11 10:20:04 - [MESSAGE][PASSED] - Object: 'Object Repository/MOH AND GRN/Page_KDMC - CMS/button_Add' is clicked on

2018-05-11 10:20:04 - [TEST_STEP][PASSED] - selectOptionByIndex: All options with index in [1] are selected on object 'Object Repository/MOH AND GRN/Page_KDMC - CMS/select_--Select--Schedule 1Inj'

2018-05-11 10:20:04 - [MESSAGE][PASSED] - All options with index in [1] are selected on object 'Object Repository/MOH AND GRN/Page_KDMC - CMS/select_--Select--Schedule 1Inj'

2018-05-11 10:20:04 - [TEST_STEP][PASSED] - selectOptionByIndex: All options with index in [12] are selected on object 'Object Repository/MOH AND GRN/Page_KDMC - CMS/select_--Select--Adernaline 0.'

2018-05-11 10:20:05 - [MESSAGE][PASSED] - All options with index in [12] are selected on object 'Object Repository/MOH AND GRN/Page_KDMC - CMS/select_--Select--Adernaline 0.'

2018-05-11 10:20:05 - [TEST_STEP][PASSED] - setText: Text '5000' is set on object 'Object Repository/MOH AND GRN/Page_KDMC - CMS/input_txttreat'

2018-05-11 10:20:05 - [MESSAGE][PASSED] - Text '5000' is set on object 'Object Repository/MOH AND GRN/Page_KDMC - CMS/input_txttreat'

2018-05-11 10:20:05 - [TEST_STEP][PASSED] - click: Object: 'Object Repository/MOH AND GRN/Page_KDMC - CMS/button_Add' is clicked on

2018-05-11 10:20:05 - [MESSAGE][PASSED] - Object: 'Object Repository/MOH AND GRN/Page_KDMC - CMS/button_Add' is clicked on

2018-05-11 10:20:05 - [TEST_STEP][PASSED] - selectOptionByIndex: All options with index in [1] are selected on object 'Object Repository/MOH AND GRN/Page_KDMC - CMS/select_--Select--Schedule 1Inj'

2018-05-11 10:20:05 - [MESSAGE][PASSED] - All options with index in [1] are selected on object 'Object Repository/MOH AND GRN/Page_KDMC - CMS/select_--Select--Schedule 1Inj'

2018-05-11 10:20:05 - [TEST_STEP][PASSED] - selectOptionByIndex: All options with index in [13] are selected on object 'Object Repository/MOH AND GRN/Page_KDMC - CMS/select_--Select--Adernaline 0.'

2018-05-11 10:20:05 - [MESSAGE][PASSED] - All options with index in [13] are selected on object 'Object Repository/MOH AND GRN/Page_KDMC - CMS/select_--Select--Adernaline 0.'

2018-05-11 10:20:05 - [TEST_STEP][PASSED] - setText: Text '5000' is set on object 'Object Repository/MOH AND GRN/Page_KDMC - CMS/input_txttreat'

2018-05-11 10:20:05 - [MESSAGE][PASSED] - Text '5000' is set on object 'Object Repository/MOH AND GRN/Page_KDMC - CMS/input_txttreat'

2018-05-11 10:20:05 - [TEST_STEP][PASSED] - click: Object: 'Object Repository/MOH AND GRN/Page_KDMC - CMS/button_Add' is clicked on

2018-05-11 10:20:06 - [MESSAGE][PASSED] - Object: 'Object Repository/MOH AND GRN/Page_KDMC - CMS/button_Add' is clicked on

2018-05-11 10:20:06 - [TEST_STEP][PASSED] - selectOptionByIndex: All options with index in [1] are selected on object 'Object Repository/MOH AND GRN/Page_KDMC - CMS/select_--Select--Schedule 1Inj'

2018-05-11 10:20:06 - [MESSAGE][PASSED] - All options with index in [1] are selected on object 'Object Repository/MOH AND GRN/Page_KDMC - CMS/select_--Select--Schedule 1Inj'

2018-05-11 10:20:06 - [TEST_STEP][PASSED] - selectOptionByIndex: All options with index in [14] are selected on object 'Object Repository/MOH AND GRN/Page_KDMC - CMS/select_--Select--Adernaline 0.'

2018-05-11 10:20:06 - [MESSAGE][PASSED] - All options with index in [14] are selected on object 'Object Repository/MOH AND GRN/Page_KDMC - CMS/select_--Select--Adernaline 0.'

2018-05-11 10:20:06 - [TEST_STEP][PASSED] - setText: Text '5000' is set on object 'Object Repository/MOH AND GRN/Page_KDMC - CMS/input_txttreat'

2018-05-11 10:20:06 - [MESSAGE][PASSED] - Text '5000' is set on object 'Object Repository/MOH AND GRN/Page_KDMC - CMS/input_txttreat'

2018-05-11 10:20:06 - [TEST_STEP][PASSED] - click: Object: 'Object Repository/MOH AND GRN/Page_KDMC - CMS/button_Add' is clicked on

2018-05-11 10:20:06 - [MESSAGE][PASSED] - Object: 'Object Repository/MOH AND GRN/Page_KDMC - CMS/button_Add' is clicked on

2018-05-11 10:20:06 - [TEST_STEP][PASSED] - selectOptionByIndex: All options with index in [1] are selected on object 'Object Repository/MOH AND GRN/Page_KDMC - CMS/select_--Select--Schedule 1Inj'

2018-05-11 10:20:06 - [MESSAGE][PASSED] - All options with index in [1] are selected on object 'Object Repository/MOH AND GRN/Page_KDMC - CMS/select_--Select--Schedule 1Inj'

2018-05-11 10:20:06 - [TEST_STEP][PASSED] - selectOptionByIndex: All options with index in [15] are selected on object 'Object Repository/MOH AND GRN/Page_KDMC - CMS/select_--Select--Adernaline 0.'

2018-05-11 10:20:07 - [MESSAGE][PASSED] - All options with index in [15] are selected on object 'Object Repository/MOH AND GRN/Page_KDMC - CMS/select_--Select--Adernaline 0.'

2018-05-11 10:20:07 - [TEST_STEP][PASSED] - setText: Text '5000' is set on object 'Object Repository/MOH AND GRN/Page_KDMC - CMS/input_txttreat'

2018-05-11 10:20:07 - [MESSAGE][PASSED] - Text '5000' is set on object 'Object Repository/MOH AND GRN/Page_KDMC - CMS/input_txttreat'

2018-05-11 10:20:07 - [TEST_STEP][PASSED] - click: Object: 'Object Repository/MOH AND GRN/Page_KDMC - CMS/button_Add' is clicked on

2018-05-11 10:20:07 - [MESSAGE][PASSED] - Object: 'Object Repository/MOH AND GRN/Page_KDMC - CMS/button_Add' is clicked on

2018-05-11 10:20:07 - [TEST_STEP][PASSED] - selectOptionByIndex: All options with index in [1] are selected on object 'Object Repository/MOH AND GRN/Page_KDMC - CMS/select_--Select--Schedule 1Inj'

2018-05-11 10:20:07 - [MESSAGE][PASSED] - All options with index in [1] are selected on object 'Object Repository/MOH AND GRN/Page_KDMC - CMS/select_--Select--Schedule 1Inj'

2018-05-11 10:20:07 - [TEST_STEP][PASSED] - selectOptionByIndex: All options with index in [16] are selected on object 'Object Repository/MOH AND GRN/Page_KDMC - CMS/select_--Select--Adernaline 0.'

2018-05-11 10:20:07 - [MESSAGE][PASSED] - All options with index in [16] are selected on object 'Object Repository/MOH AND GRN/Page_KDMC - CMS/select_--Select--Adernaline 0.'

2018-05-11 10:20:07 - [TEST_STEP][PASSED] - setText: Text '5000' is set on object 'Object Repository/MOH AND GRN/Page_KDMC - CMS/input_txttreat'

2018-05-11 10:20:07 - [MESSAGE][PASSED] - Text '5000' is set on object 'Object Repository/MOH AND GRN/Page_KDMC - CMS/input_txttreat'

2018-05-11 10:20:07 - [TEST_STEP][PASSED] - click: Object: 'Object Repository/MOH AND GRN/Page_KDMC - CMS/button_Add' is clicked on

2018-05-11 10:20:08 - [MESSAGE][PASSED] - Object: 'Object Repository/MOH AND GRN/Page_KDMC - CMS/button_Add' is clicked on

2018-05-11 10:20:08 - [TEST_STEP][PASSED] - selectOptionByIndex: All options with index in [1] are selected on object 'Object Repository/MOH AND GRN/Page_KDMC - CMS/select_--Select--Schedule 1Inj'

2018-05-11 10:20:08 - [MESSAGE][PASSED] - All options with index in [1] are selected on object 'Object Repository/MOH AND GRN/Page_KDMC - CMS/select_--Select--Schedule 1Inj'

2018-05-11 10:20:08 - [TEST_STEP][PASSED] - selectOptionByIndex: All options with index in [17] are selected on object 'Object Repository/MOH AND GRN/Page_KDMC - CMS/select_--Select--Adernaline 0.'

2018-05-11 10:20:08 - [MESSAGE][PASSED] - All options with index in [17] are selected on object 'Object Repository/MOH AND GRN/Page_KDMC - CMS/select_--Select--Adernaline 0.'

2018-05-11 10:20:08 - [TEST_STEP][PASSED] - setText: Text '5000' is set on object 'Object Repository/MOH AND GRN/Page_KDMC - CMS/input_txttreat'

2018-05-11 10:20:08 - [MESSAGE][PASSED] - Text '5000' is set on object 'Object Repository/MOH AND GRN/Page_KDMC - CMS/input_txttreat'

2018-05-11 10:20:08 - [TEST_STEP][PASSED] - click: Object: 'Object Repository/MOH AND GRN/Page_KDMC - CMS/button_Add' is clicked on

2018-05-11 10:20:08 - [MESSAGE][PASSED] - Object: 'Object Repository/MOH AND GRN/Page_KDMC - CMS/button_Add' is clicked on

2018-05-11 10:20:08 - [TEST_STEP][PASSED] - selectOptionByIndex: All options with index in [1] are selected on object 'Object Repository/MOH AND GRN/Page_KDMC - CMS/select_--Select--Schedule 1Inj'

2018-05-11 10:20:08 - [MESSAGE][PASSED] - All options with index in [1] are selected on object 'Object Repository/MOH AND GRN/Page_KDMC - CMS/select_--Select--Schedule 1Inj'

2018-05-11 10:20:08 - [TEST_STEP][PASSED] - selectOptionByIndex: All options with index in [18] are selected on object 'Object Repository/MOH AND GRN/Page_KDMC - CMS/select_--Select--Adernaline 0.'

2018-05-11 10:20:09 - [MESSAGE][PASSED] - All options with index in [18] are selected on object 'Object Repository/MOH AND GRN/Page_KDMC - CMS/select_--Select--Adernaline 0.'

2018-05-11 10:20:09 - [TEST_STEP][PASSED] - setText: Text '5000' is set on object 'Object Repository/MOH AND GRN/Page_KDMC - CMS/input_txttreat'

2018-05-11 10:20:09 - [MESSAGE][PASSED] - Text '5000' is set on object 'Object Repository/MOH AND GRN/Page_KDMC - CMS/input_txttreat'

2018-05-11 10:20:09 - [TEST_STEP][PASSED] - click: Object: 'Object Repository/MOH AND GRN/Page_KDMC - CMS/button_Add' is clicked on

2018-05-11 10:20:09 - [MESSAGE][PASSED] - Object: 'Object Repository/MOH AND GRN/Page_KDMC - CMS/button_Add' is clicked on

2018-05-11 10:20:09 - [TEST_STEP][PASSED] - selectOptionByIndex: All options with index in [1] are selected on object 'Object Repository/MOH AND GRN/Page_KDMC - CMS/select_--Select--Schedule 1Inj'

2018-05-11 10:20:09 - [MESSAGE][PASSED] - All options with index in [1] are selected on object 'Object Repository/MOH AND GRN/Page_KDMC - CMS/select_--Select--Schedule 1Inj'

2018-05-11 10:20:09 - [TEST_STEP][PASSED] - selectOptionByIndex: All options with index in [19] are selected on object 'Object Repository/MOH AND GRN/Page_KDMC - CMS/select_--Select--Adernaline 0.'

2018-05-11 10:20:09 - [MESSAGE][PASSED] - All options with index in [19] are selected on object 'Object Repository/MOH AND GRN/Page_KDMC - CMS/select_--Select--Adernaline 0.'

2018-05-11 10:20:09 - [TEST_STEP][PASSED] - setText: Text '5000' is set on object 'Object Repository/MOH AND GRN/Page_KDMC - CMS/input_txttreat'

2018-05-11 10:20:09 - [MESSAGE][PASSED] - Text '5000' is set on object 'Object Repository/MOH AND GRN/Page_KDMC - CMS/input_txttreat'

2018-05-11 10:20:09 - [TEST_STEP][PASSED] - click: Object: 'Object Repository/MOH AND GRN/Page_KDMC - CMS/button_Add' is clicked on

2018-05-11 10:20:09 - [MESSAGE][PASSED] - Object: 'Object Repository/MOH AND GRN/Page_KDMC - CMS/button_Add' is clicked on

2018-05-11 10:20:09 - [TEST_STEP][PASSED] - selectOptionByIndex: All options with index in [1] are selected on object 'Object Repository/MOH AND GRN/Page_KDMC - CMS/select_--Select--Schedule 1Inj'

2018-05-11 10:20:10 - [MESSAGE][PASSED] - All options with index in [1] are selected on object 'Object Repository/MOH AND GRN/Page_KDMC - CMS/select_--Select--Schedule 1Inj'

2018-05-11 10:20:10 - [TEST_STEP][PASSED] - selectOptionByIndex: All options with index in [20] are selected on object 'Object Repository/MOH AND GRN/Page_KDMC - CMS/select_--Select--Adernaline 0.'

2018-05-11 10:20:10 - [MESSAGE][PASSED] - All options with index in [20] are selected on object 'Object Repository/MOH AND GRN/Page_KDMC - CMS/select_--Select--Adernaline 0.'

2018-05-11 10:20:10 - [TEST_STEP][PASSED] - setText: Text '5000' is set on object 'Object Repository/MOH AND GRN/Page_KDMC - CMS/input_txttreat'

2018-05-11 10:20:10 - [MESSAGE][PASSED] - Text '5000' is set on object 'Object Repository/MOH AND GRN/Page_KDMC - CMS/input_txttreat'

2018-05-11 10:20:10 - [TEST_STEP][PASSED] - click: Object: 'Object Repository/MOH AND GRN/Page_KDMC - CMS/button_Add' is clicked on

2018-05-11 10:20:10 - [MESSAGE][PASSED] - Object: 'Object Repository/MOH AND GRN/Page_KDMC - CMS/button_Add' is clicked on

2018-05-11 10:20:10 - [TEST_STEP][PASSED] - selectOptionByIndex: All options with index in [1] are selected on object 'Object Repository/MOH AND GRN/Page_KDMC - CMS/select_--Select--Schedule 1Inj'

2018-05-11 10:20:10 - [MESSAGE][PASSED] - All options with index in [1] are selected on object 'Object Repository/MOH AND GRN/Page_KDMC - CMS/select_--Select--Schedule 1Inj'

2018-05-11 10:20:10 - [TEST_STEP][PASSED] - selectOptionByIndex: All options with index in [21] are selected on object 'Object Repository/MOH AND GRN/Page_KDMC - CMS/select_--Select--Adernaline 0.'

2018-05-11 10:20:11 - [MESSAGE][PASSED] - All options with index in [21] are selected on object 'Object Repository/MOH AND GRN/Page_KDMC - CMS/select_--Select--Adernaline 0.'

2018-05-11 10:20:11 - [TEST_STEP][PASSED] - setText: Text '5000' is set on object 'Object Repository/MOH AND GRN/Page_KDMC - CMS/input_txttreat'

2018-05-11 10:20:11 - [MESSAGE][PASSED] - Text '5000' is set on object 'Object Repository/MOH AND GRN/Page_KDMC - CMS/input_txttreat'

2018-05-11 10:20:11 - [TEST_STEP][PASSED] - click: Object: 'Object Repository/MOH AND GRN/Page_KDMC - CMS/button_Add' is clicked on

2018-05-11 10:20:11 - [MESSAGE][PASSED] - Object: 'Object Repository/MOH AND GRN/Page_KDMC - CMS/button_Add' is clicked on

2018-05-11 10:20:11 - [TEST_STEP][PASSED] - selectOptionByIndex: All options with index in [1] are selected on object 'Object Repository/MOH AND GRN/Page_KDMC - CMS/select_--Select--Schedule 1Inj'

2018-05-11 10:20:11 - [MESSAGE][PASSED] - All options with index in [1] are selected on object 'Object Repository/MOH AND GRN/Page_KDMC - CMS/select_--Select--Schedule 1Inj'

2018-05-11 10:20:11 - [TEST_STEP][PASSED] - selectOptionByIndex: All options with index in [22] are selected on object 'Object Repository/MOH AND GRN/Page_KDMC - CMS/select_--Select--Adernaline 0.'

2018-05-11 10:20:11 - [MESSAGE][PASSED] - All options with index in [22] are selected on object 'Object Repository/MOH AND GRN/Page_KDMC - CMS/select_--Select--Adernaline 0.'

2018-05-11 10:20:11 - [TEST_STEP][PASSED] - setText: Text '5000' is set on object 'Object Repository/MOH AND GRN/Page_KDMC - CMS/input_txttreat'

2018-05-11 10:20:11 - [MESSAGE][PASSED] - Text '5000' is set on object 'Object Repository/MOH AND GRN/Page_KDMC - CMS/input_txttreat'

2018-05-11 10:20:11 - [TEST_STEP][PASSED] - click: Object: 'Object Repository/MOH AND GRN/Page_KDMC - CMS/button_Add' is clicked on

2018-05-11 10:20:11 - [MESSAGE][PASSED] - Object: 'Object Repository/MOH AND GRN/Page_KDMC - CMS/button_Add' is clicked on

2018-05-11 10:20:11 - [TEST_STEP][PASSED] - selectOptionByIndex: All options with index in [1] are selected on object 'Object Repository/MOH AND GRN/Page_KDMC - CMS/select_--Select--Schedule 1Inj'

2018-05-11 10:20:12 - [MESSAGE][PASSED] - All options with index in [1] are selected on object 'Object Repository/MOH AND GRN/Page_KDMC - CMS/select_--Select--Schedule 1Inj'

2018-05-11 10:20:12 - [TEST_STEP][PASSED] - selectOptionByIndex: All options with index in [23] are selected on object 'Object Repository/MOH AND GRN/Page_KDMC - CMS/select_--Select--Adernaline 0.'

2018-05-11 10:20:12 - [MESSAGE][PASSED] - All options with index in [23] are selected on object 'Object Repository/MOH AND GRN/Page_KDMC - CMS/select_--Select--Adernaline 0.'

2018-05-11 10:20:12 - [TEST_STEP][PASSED] - setText: Text '5000' is set on object 'Object Repository/MOH AND GRN/Page_KDMC - CMS/input_txttreat'

2018-05-11 10:20:12 - [MESSAGE][PASSED] - Text '5000' is set on object 'Object Repository/MOH AND GRN/Page_KDMC - CMS/input_txttreat'

2018-05-11 10:20:12 - [TEST_STEP][PASSED] - click: Object: 'Object Repository/MOH AND GRN/Page_KDMC - CMS/button_Add' is clicked on

2018-05-11 10:20:12 - [MESSAGE][PASSED] - Object: 'Object Repository/MOH AND GRN/Page_KDMC - CMS/button_Add' is clicked on

2018-05-11 10:20:12 - [TEST_STEP][PASSED] - selectOptionByIndex: All options with index in [1] are selected on object 'Object Repository/MOH AND GRN/Page_KDMC - CMS/select_--Select--Schedule 1Inj'

2018-05-11 10:20:12 - [MESSAGE][PASSED] - All options with index in [1] are selected on object 'Object Repository/MOH AND GRN/Page_KDMC - CMS/select_--Select--Schedule 1Inj'

2018-05-11 10:20:12 - [TEST_STEP][PASSED] - selectOptionByIndex: All options with index in [24] are selected on object 'Object Repository/MOH AND GRN/Page_KDMC - CMS/select_--Select--Adernaline 0.'

2018-05-11 10:20:13 - [MESSAGE][PASSED] - All options with index in [24] are selected on object 'Object Repository/MOH AND GRN/Page_KDMC - CMS/select_--Select--Adernaline 0.'

2018-05-11 10:20:13 - [TEST_STEP][PASSED] - setText: Text '5000' is set on object 'Object Repository/MOH AND GRN/Page_KDMC - CMS/input_txttreat'

2018-05-11 10:20:13 - [MESSAGE][PASSED] - Text '5000' is set on object 'Object Repository/MOH AND GRN/Page_KDMC - CMS/input_txttreat'

2018-05-11 10:20:13 - [TEST_STEP][PASSED] - click: Object: 'Object Repository/MOH AND GRN/Page_KDMC - CMS/button_Add' is clicked on

2018-05-11 10:20:13 - [MESSAGE][PASSED] - Object: 'Object Repository/MOH AND GRN/Page_KDMC - CMS/button_Add' is clicked on

2018-05-11 10:20:13 - [TEST_STEP][PASSED] - selectOptionByIndex: All options with index in [1] are selected on object 'Object Repository/MOH AND GRN/Page_KDMC - CMS/select_--Select--Schedule 1Inj'

2018-05-11 10:20:13 - [MESSAGE][PASSED] - All options with index in [1] are selected on object 'Object Repository/MOH AND GRN/Page_KDMC - CMS/select_--Select--Schedule 1Inj'

2018-05-11 10:20:13 - [TEST_STEP][PASSED] - selectOptionByIndex: All options with index in [25] are selected on object 'Object Repository/MOH AND GRN/Page_KDMC - CMS/select_--Select--Adernaline 0.'

2018-05-11 10:20:13 - [MESSAGE][PASSED] - All options with index in [25] are selected on object 'Object Repository/MOH AND GRN/Page_KDMC - CMS/select_--Select--Adernaline 0.'

2018-05-11 10:20:13 - [TEST_STEP][PASSED] - setText: Text '5000' is set on object 'Object Repository/MOH AND GRN/Page_KDMC - CMS/input_txttreat'

2018-05-11 10:20:13 - [MESSAGE][PASSED] - Text '5000' is set on object 'Object Repository/MOH AND GRN/Page_KDMC - CMS/input_txttreat'

2018-05-11 10:20:13 - [TEST_STEP][PASSED] - click: Object: 'Object Repository/MOH AND GRN/Page_KDMC - CMS/button_Add' is clicked on

2018-05-11 10:20:14 - [MESSAGE][PASSED] - Object: 'Object Repository/MOH AND GRN/Page_KDMC - CMS/button_Add' is clicked on

2018-05-11 10:20:14 - [TEST_STEP][PASSED] - selectOptionByIndex: All options with index in [1] are selected on object 'Object Repository/MOH AND GRN/Page_KDMC - CMS/select_--Select--Schedule 1Inj'

2018-05-11 10:20:14 - [MESSAGE][PASSED] - All options with index in [1] are selected on object 'Object Repository/MOH AND GRN/Page_KDMC - CMS/select_--Select--Schedule 1Inj'

2018-05-11 10:20:14 - [TEST_STEP][PASSED] - selectOptionByIndex: All options with index in [26] are selected on object 'Object Repository/MOH AND GRN/Page_KDMC - CMS/select_--Select--Adernaline 0.'

2018-05-11 10:20:14 - [MESSAGE][PASSED] - All options with index in [26] are selected on object 'Object Repository/MOH AND GRN/Page_KDMC - CMS/select_--Select--Adernaline 0.'

2018-05-11 10:20:14 - [TEST_STEP][PASSED] - setText: Text '5000' is set on object 'Object Repository/MOH AND GRN/Page_KDMC - CMS/input_txttreat'

2018-05-11 10:20:14 - [MESSAGE][PASSED] - Text '5000' is set on object 'Object Repository/MOH AND GRN/Page_KDMC - CMS/input_txttreat'

2018-05-11 10:20:14 - [TEST_STEP][PASSED] - click: Object: 'Object Repository/MOH AND GRN/Page_KDMC - CMS/button_Add' is clicked on

2018-05-11 10:20:14 - [MESSAGE][PASSED] - Object: 'Object Repository/MOH AND GRN/Page_KDMC - CMS/button_Add' is clicked on

2018-05-11 10:20:14 - [TEST_STEP][PASSED] - selectOptionByIndex: All options with index in [1] are selected on object 'Object Repository/MOH AND GRN/Page_KDMC - CMS/select_--Select--Schedule 1Inj'

2018-05-11 10:20:14 - [MESSAGE][PASSED] - All options with index in [1] are selected on object 'Object Repository/MOH AND GRN/Page_KDMC - CMS/select_--Select--Schedule 1Inj'

2018-05-11 10:20:14 - [TEST_STEP][PASSED] - selectOptionByIndex: All options with index in [27] are selected on object 'Object Repository/MOH AND GRN/Page_KDMC - CMS/select_--Select--Adernaline 0.'

2018-05-11 10:20:15 - [MESSAGE][PASSED] - All options with index in [27] are selected on object 'Object Repository/MOH AND GRN/Page_KDMC - CMS/select_--Select--Adernaline 0.'

2018-05-11 10:20:15 - [TEST_STEP][PASSED] - setText: Text '5000' is set on object 'Object Repository/MOH AND GRN/Page_KDMC - CMS/input_txttreat'

2018-05-11 10:20:15 - [MESSAGE][PASSED] - Text '5000' is set on object 'Object Repository/MOH AND GRN/Page_KDMC - CMS/input_txttreat'

2018-05-11 10:20:15 - [TEST_STEP][PASSED] - click: Object: 'Object Repository/MOH AND GRN/Page_KDMC - CMS/button_Add' is clicked on

2018-05-11 10:20:15 - [MESSAGE][PASSED] - Object: 'Object Repository/MOH AND GRN/Page_KDMC - CMS/button_Add' is clicked on

2018-05-11 10:20:15 - [TEST_STEP][PASSED] - selectOptionByIndex: All options with index in [1] are selected on object 'Object Repository/MOH AND GRN/Page_KDMC - CMS/select_--Select--Schedule 1Inj'

2018-05-11 10:20:15 - [MESSAGE][PASSED] - All options with index in [1] are selected on object 'Object Repository/MOH AND GRN/Page_KDMC - CMS/select_--Select--Schedule 1Inj'

2018-05-11 10:20:15 - [TEST_STEP][PASSED] - selectOptionByIndex: All options with index in [28] are selected on object 'Object Repository/MOH AND GRN/Page_KDMC - CMS/select_--Select--Adernaline 0.'

2018-05-11 10:20:16 - [MESSAGE][PASSED] - All options with index in [28] are selected on object 'Object Repository/MOH AND GRN/Page_KDMC - CMS/select_--Select--Adernaline 0.'

2018-05-11 10:20:16 - [TEST_STEP][PASSED] - setText: Text '5000' is set on object 'Object Repository/MOH AND GRN/Page_KDMC - CMS/input_txttreat'

2018-05-11 10:20:16 - [MESSAGE][PASSED] - Text '5000' is set on object 'Object Repository/MOH AND GRN/Page_KDMC - CMS/input_txttreat'

2018-05-11 10:20:16 - [TEST_STEP][PASSED] - click: Object: 'Object Repository/MOH AND GRN/Page_KDMC - CMS/button_Add' is clicked on

2018-05-11 10:20:16 - [MESSAGE][PASSED] - Object: 'Object Repository/MOH AND GRN/Page_KDMC - CMS/button_Add' is clicked on

2018-05-11 10:20:16 - [TEST_STEP][PASSED] - selectOptionByIndex: All options with index in [1] are selected on object 'Object Repository/MOH AND GRN/Page_KDMC - CMS/select_--Select--Schedule 1Inj'

2018-05-11 10:20:16 - [MESSAGE][PASSED] - All options with index in [1] are selected on object 'Object Repository/MOH AND GRN/Page_KDMC - CMS/select_--Select--Schedule 1Inj'

2018-05-11 10:20:16 - [TEST_STEP][PASSED] - selectOptionByIndex: All options with index in [29] are selected on object 'Object Repository/MOH AND GRN/Page_KDMC - CMS/select_--Select--Adernaline 0.'

2018-05-11 10:20:16 - [MESSAGE][PASSED] - All options with index in [29] are selected on object 'Object Repository/MOH AND GRN/Page_KDMC - CMS/select_--Select--Adernaline 0.'

2018-05-11 10:20:16 - [TEST_STEP][PASSED] - setText: Text '5000' is set on object 'Object Repository/MOH AND GRN/Page_KDMC - CMS/input_txttreat'

2018-05-11 10:20:17 - [MESSAGE][PASSED] - Text '5000' is set on object 'Object Repository/MOH AND GRN/Page_KDMC - CMS/input_txttreat'

2018-05-11 10:20:17 - [TEST_STEP][PASSED] - click: Object: 'Object Repository/MOH AND GRN/Page_KDMC - CMS/button_Add' is clicked on

2018-05-11 10:20:17 - [MESSAGE][PASSED] - Object: 'Object Repository/MOH AND GRN/Page_KDMC - CMS/button_Add' is clicked on

2018-05-11 10:20:17 - [TEST_STEP][PASSED] - selectOptionByIndex: All options with index in [1] are selected on object 'Object Repository/MOH AND GRN/Page_KDMC - CMS/select_--Select--Schedule 1Inj'

2018-05-11 10:20:17 - [MESSAGE][PASSED] - All options with index in [1] are selected on object 'Object Repository/MOH AND GRN/Page_KDMC - CMS/select_--Select--Schedule 1Inj'

2018-05-11 10:20:17 - [TEST_STEP][PASSED] - selectOptionByIndex: All options with index in [30] are selected on object 'Object Repository/MOH AND GRN/Page_KDMC - CMS/select_--Select--Adernaline 0.'

2018-05-11 10:20:17 - [MESSAGE][PASSED] - All options with index in [30] are selected on object 'Object Repository/MOH AND GRN/Page_KDMC - CMS/select_--Select--Adernaline 0.'

2018-05-11 10:20:17 - [TEST_STEP][PASSED] - setText: Text '5000' is set on object 'Object Repository/MOH AND GRN/Page_KDMC - CMS/input_txttreat'

2018-05-11 10:20:17 - [MESSAGE][PASSED] - Text '5000' is set on object 'Object Repository/MOH AND GRN/Page_KDMC - CMS/input_txttreat'

2018-05-11 10:20:17 - [TEST_STEP][PASSED] - click: Object: 'Object Repository/MOH AND GRN/Page_KDMC - CMS/button_Add' is clicked on

2018-05-11 10:20:17 - [MESSAGE][PASSED] - Object: 'Object Repository/MOH AND GRN/Page_KDMC - CMS/button_Add' is clicked on

2018-05-11 10:20:17 - [TEST_STEP][PASSED] - selectOptionByIndex: All options with index in [1] are selected on object 'Object Repository/MOH AND GRN/Page_KDMC - CMS/select_--Select--Schedule 1Inj'

2018-05-11 10:20:17 - [MESSAGE][PASSED] - All options with index in [1] are selected on object 'Object Repository/MOH AND GRN/Page_KDMC - CMS/select_--Select--Schedule 1Inj'

2018-05-11 10:20:17 - [TEST_STEP][PASSED] - selectOptionByIndex: All options with index in [31] are selected on object 'Object Repository/MOH AND GRN/Page_KDMC - CMS/select_--Select--Adernaline 0.'

2018-05-11 10:20:18 - [MESSAGE][PASSED] - All options with index in [31] are selected on object 'Object Repository/MOH AND GRN/Page_KDMC - CMS/select_--Select--Adernaline 0.'

2018-05-11 10:20:18 - [TEST_STEP][PASSED] - setText: Text '5000' is set on object 'Object Repository/MOH AND GRN/Page_KDMC - CMS/input_txttreat'

2018-05-11 10:20:18 - [MESSAGE][PASSED] - Text '5000' is set on object 'Object Repository/MOH AND GRN/Page_KDMC - CMS/input_txttreat'

2018-05-11 10:20:18 - [TEST_STEP][PASSED] - click: Object: 'Object Repository/MOH AND GRN/Page_KDMC - CMS/button_Add' is clicked on

2018-05-11 10:20:18 - [MESSAGE][PASSED] - Object: 'Object Repository/MOH AND GRN/Page_KDMC - CMS/button_Add' is clicked on

2018-05-11 10:20:18 - [TEST_STEP][PASSED] - selectOptionByIndex: All options with index in [1] are selected on object 'Object Repository/MOH AND GRN/Page_KDMC - CMS/select_--Select--Schedule 1Inj'

2018-05-11 10:20:18 - [MESSAGE][PASSED] - All options with index in [1] are selected on object 'Object Repository/MOH AND GRN/Page_KDMC - CMS/select_--Select--Schedule 1Inj'

2018-05-11 10:20:18 - [TEST_STEP][PASSED] - selectOptionByIndex: All options with index in [32] are selected on object 'Object Repository/MOH AND GRN/Page_KDMC - CMS/select_--Select--Adernaline 0.'

2018-05-11 10:20:19 - [MESSAGE][PASSED] - All options with index in [32] are selected on object 'Object Repository/MOH AND GRN/Page_KDMC - CMS/select_--Select--Adernaline 0.'

2018-05-11 10:20:19 - [TEST_STEP][PASSED] - setText: Text '5000' is set on object 'Object Repository/MOH AND GRN/Page_KDMC - CMS/input_txttreat'

2018-05-11 10:20:19 - [MESSAGE][PASSED] - Text '5000' is set on object 'Object Repository/MOH AND GRN/Page_KDMC - CMS/input_txttreat'

2018-05-11 10:20:19 - [TEST_STEP][PASSED] - click: Object: 'Object Repository/MOH AND GRN/Page_KDMC - CMS/button_Add' is clicked on

2018-05-11 10:20:19 - [MESSAGE][PASSED] - Object: 'Object Repository/MOH AND GRN/Page_KDMC - CMS/button_Add' is clicked on

2018-05-11 10:20:19 - [TEST_STEP][PASSED] - selectOptionByIndex: All options with index in [1] are selected on object 'Object Repository/MOH AND GRN/Page_KDMC - CMS/select_--Select--Schedule 1Inj'

2018-05-11 10:20:19 - [MESSAGE][PASSED] - All options with index in [1] are selected on object 'Object Repository/MOH AND GRN/Page_KDMC - CMS/select_--Select--Schedule 1Inj'

2018-05-11 10:20:19 - [TEST_STEP][PASSED] - selectOptionByIndex: All options with index in [33] are selected on object 'Object Repository/MOH AND GRN/Page_KDMC - CMS/select_--Select--Adernaline 0.'

2018-05-11 10:20:19 - [MESSAGE][PASSED] - All options with index in [33] are selected on object 'Object Repository/MOH AND GRN/Page_KDMC - CMS/select_--Select--Adernaline 0.'

2018-05-11 10:20:19 - [TEST_STEP][PASSED] - setText: Text '5000' is set on object 'Object Repository/MOH AND GRN/Page_KDMC - CMS/input_txttreat'

2018-05-11 10:20:19 - [MESSAGE][PASSED] - Text '5000' is set on object 'Object Repository/MOH AND GRN/Page_KDMC - CMS/input_txttreat'

2018-05-11 10:20:19 - [TEST_STEP][PASSED] - click: Object: 'Object Repository/MOH AND GRN/Page_KDMC - CMS/button_Add' is clicked on

2018-05-11 10:20:20 - [MESSAGE][PASSED] - Object: 'Object Repository/MOH AND GRN/Page_KDMC - CMS/button_Add' is clicked on

2018-05-11 10:20:20 - [TEST_STEP][PASSED] - selectOptionByIndex: All options with index in [1] are selected on object 'Object Repository/MOH AND GRN/Page_KDMC - CMS/select_--Select--Schedule 1Inj'

2018-05-11 10:20:20 - [MESSAGE][PASSED] - All options with index in [1] are selected on object 'Object Repository/MOH AND GRN/Page_KDMC - CMS/select_--Select--Schedule 1Inj'

2018-05-11 10:20:20 - [TEST_STEP][PASSED] - selectOptionByIndex: All options with index in [34] are selected on object 'Object Repository/MOH AND GRN/Page_KDMC - CMS/select_--Select--Adernaline 0.'

2018-05-11 10:20:20 - [MESSAGE][PASSED] - All options with index in [34] are selected on object 'Object Repository/MOH AND GRN/Page_KDMC - CMS/select_--Select--Adernaline 0.'

2018-05-11 10:20:20 - [TEST_STEP][PASSED] - setText: Text '5000' is set on object 'Object Repository/MOH AND GRN/Page_KDMC - CMS/input_txttreat'

2018-05-11 10:20:20 - [MESSAGE][PASSED] - Text '5000' is set on object 'Object Repository/MOH AND GRN/Page_KDMC - CMS/input_txttreat'

2018-05-11 10:20:20 - [TEST_STEP][PASSED] - click: Object: 'Object Repository/MOH AND GRN/Page_KDMC - CMS/button_Add' is clicked on

2018-05-11 10:20:20 - [MESSAGE][PASSED] - Object: 'Object Repository/MOH AND GRN/Page_KDMC - CMS/button_Add' is clicked on

2018-05-11 10:20:20 - [TEST_STEP][PASSED] - selectOptionByIndex: All options with index in [1] are selected on object 'Object Repository/MOH AND GRN/Page_KDMC - CMS/select_--Select--Schedule 1Inj'

2018-05-11 10:20:20 - [MESSAGE][PASSED] - All options with index in [1] are selected on object 'Object Repository/MOH AND GRN/Page_KDMC - CMS/select_--Select--Schedule 1Inj'

2018-05-11 10:20:20 - [TEST_STEP][PASSED] - selectOptionByIndex: All options with index in [35] are selected on object 'Object Repository/MOH AND GRN/Page_KDMC - CMS/select_--Select--Adernaline 0.'

2018-05-11 10:20:21 - [MESSAGE][PASSED] - All options with index in [35] are selected on object 'Object Repository/MOH AND GRN/Page_KDMC - CMS/select_--Select--Adernaline 0.'

2018-05-11 10:20:21 - [TEST_STEP][PASSED] - setText: Text '5000' is set on object 'Object Repository/MOH AND GRN/Page_KDMC - CMS/input_txttreat'

2018-05-11 10:20:21 - [MESSAGE][PASSED] - Text '5000' is set on object 'Object Repository/MOH AND GRN/Page_KDMC - CMS/input_txttreat'

2018-05-11 10:20:21 - [TEST_STEP][PASSED] - click: Object: 'Object Repository/MOH AND GRN/Page_KDMC - CMS/button_Add' is clicked on

2018-05-11 10:20:21 - [MESSAGE][PASSED] - Object: 'Object Repository/MOH AND GRN/Page_KDMC - CMS/button_Add' is clicked on

2018-05-11 10:20:21 - [TEST_STEP][PASSED] - selectOptionByIndex: All options with index in [1] are selected on object 'Object Repository/MOH AND GRN/Page_KDMC - CMS/select_--Select--Schedule 1Inj'

2018-05-11 10:20:21 - [MESSAGE][PASSED] - All options with index in [1] are selected on object 'Object Repository/MOH AND GRN/Page_KDMC - CMS/select_--Select--Schedule 1Inj'

2018-05-11 10:20:21 - [TEST_STEP][PASSED] - selectOptionByIndex: All options with index in [36] are selected on object 'Object Repository/MOH AND GRN/Page_KDMC - CMS/select_--Select--Adernaline 0.'

2018-05-11 10:20:22 - [MESSAGE][PASSED] - All options with index in [36] are selected on object 'Object Repository/MOH AND GRN/Page_KDMC - CMS/select_--Select--Adernaline 0.'

2018-05-11 10:20:22 - [TEST_STEP][PASSED] - setText: Text '5000' is set on object 'Object Repository/MOH AND GRN/Page_KDMC - CMS/input_txttreat'

2018-05-11 10:20:22 - [MESSAGE][PASSED] - Text '5000' is set on object 'Object Repository/MOH AND GRN/Page_KDMC - CMS/input_txttreat'

2018-05-11 10:20:22 - [TEST_STEP][PASSED] - click: Object: 'Object Repository/MOH AND GRN/Page_KDMC - CMS/button_Add' is clicked on

2018-05-11 10:20:22 - [MESSAGE][PASSED] - Object: 'Object Repository/MOH AND GRN/Page_KDMC - CMS/button_Add' is clicked on

2018-05-11 10:20:22 - [TEST_STEP][PASSED] - selectOptionByIndex: All options with index in [1] are selected on object 'Object Repository/MOH AND GRN/Page_KDMC - CMS/select_--Select--Schedule 1Inj'

2018-05-11 10:20:22 - [MESSAGE][PASSED] - All options with index in [1] are selected on object 'Object Repository/MOH AND GRN/Page_KDMC - CMS/select_--Select--Schedule 1Inj'

2018-05-11 10:20:22 - [TEST_STEP][PASSED] - selectOptionByIndex: All options with index in [37] are selected on object 'Object Repository/MOH AND GRN/Page_KDMC - CMS/select_--Select--Adernaline 0.'

2018-05-11 10:20:22 - [MESSAGE][PASSED] - All options with index in [37] are selected on object 'Object Repository/MOH AND GRN/Page_KDMC - CMS/select_--Select--Adernaline 0.'

2018-05-11 10:20:22 - [TEST_STEP][PASSED] - setText: Text '5000' is set on object 'Object Repository/MOH AND GRN/Page_KDMC - CMS/input_txttreat'

2018-05-11 10:20:23 - [MESSAGE][PASSED] - Text '5000' is set on object 'Object Repository/MOH AND GRN/Page_KDMC - CMS/input_txttreat'

2018-05-11 10:20:23 - [TEST_STEP][PASSED] - click: Object: 'Object Repository/MOH AND GRN/Page_KDMC - CMS/button_Add' is clicked on

2018-05-11 10:20:23 - [MESSAGE][PASSED] - Object: 'Object Repository/MOH AND GRN/Page_KDMC - CMS/button_Add' is clicked on

2018-05-11 10:20:23 - [TEST_STEP][PASSED] - selectOptionByIndex: All options with index in [1] are selected on object 'Object Repository/MOH AND GRN/Page_KDMC - CMS/select_--Select--Schedule 1Inj'

2018-05-11 10:20:23 - [MESSAGE][PASSED] - All options with index in [1] are selected on object 'Object Repository/MOH AND GRN/Page_KDMC - CMS/select_--Select--Schedule 1Inj'

2018-05-11 10:20:23 - [TEST_STEP][PASSED] - selectOptionByIndex: All options with index in [38] are selected on object 'Object Repository/MOH AND GRN/Page_KDMC - CMS/select_--Select--Adernaline 0.'

2018-05-11 10:20:23 - [MESSAGE][PASSED] - All options with index in [38] are selected on object 'Object Repository/MOH AND GRN/Page_KDMC - CMS/select_--Select--Adernaline 0.'

2018-05-11 10:20:23 - [TEST_STEP][PASSED] - setText: Text '5000' is set on object 'Object Repository/MOH AND GRN/Page_KDMC - CMS/input_txttreat'

2018-05-11 10:20:23 - [MESSAGE][PASSED] - Text '5000' is set on object 'Object Repository/MOH AND GRN/Page_KDMC - CMS/input_txttreat'

2018-05-11 10:20:23 - [TEST_STEP][PASSED] - click: Object: 'Object Repository/MOH AND GRN/Page_KDMC - CMS/button_Add' is clicked on

2018-05-11 10:20:23 - [MESSAGE][PASSED] - Object: 'Object Repository/MOH AND GRN/Page_KDMC - CMS/button_Add' is clicked on

2018-05-11 10:20:23 - [TEST_STEP][PASSED] - selectOptionByIndex: All options with index in [1] are selected on object 'Object Repository/MOH AND GRN/Page_KDMC - CMS/select_--Select--Schedule 1Inj'

2018-05-11 10:20:24 - [MESSAGE][PASSED] - All options with index in [1] are selected on object 'Object Repository/MOH AND GRN/Page_KDMC - CMS/select_--Select--Schedule 1Inj'

2018-05-11 10:20:24 - [TEST_STEP][PASSED] - selectOptionByIndex: All options with index in [39] are selected on object 'Object Repository/MOH AND GRN/Page_KDMC - CMS/select_--Select--Adernaline 0.'

2018-05-11 10:20:24 - [MESSAGE][PASSED] - All options with index in [39] are selected on object 'Object Repository/MOH AND GRN/Page_KDMC - CMS/select_--Select--Adernaline 0.'

2018-05-11 10:20:24 - [TEST_STEP][PASSED] - setText: Text '5000' is set on object 'Object Repository/MOH AND GRN/Page_KDMC - CMS/input_txttreat'

2018-05-11 10:20:24 - [MESSAGE][PASSED] - Text '5000' is set on object 'Object Repository/MOH AND GRN/Page_KDMC - CMS/input_txttreat'

2018-05-11 10:20:24 - [TEST_STEP][PASSED] - click: Object: 'Object Repository/MOH AND GRN/Page_KDMC - CMS/button_Add' is clicked on

2018-05-11 10:20:24 - [MESSAGE][PASSED] - Object: 'Object Repository/MOH AND GRN/Page_KDMC - CMS/button_Add' is clicked on

2018-05-11 10:20:24 - [TEST_STEP][PASSED] - selectOptionByIndex: All options with index in [1] are selected on object 'Object Repository/MOH AND GRN/Page_KDMC - CMS/select_--Select--Schedule 1Inj'

2018-05-11 10:20:24 - [MESSAGE][PASSED] - All options with index in [1] are selected on object 'Object Repository/MOH AND GRN/Page_KDMC - CMS/select_--Select--Schedule 1Inj'

2018-05-11 10:20:24 - [TEST_STEP][PASSED] - selectOptionByIndex: All options with index in [40] are selected on object 'Object Repository/MOH AND GRN/Page_KDMC - CMS/select_--Select--Adernaline 0.'

2018-05-11 10:20:25 - [MESSAGE][PASSED] - All options with index in [40] are selected on object 'Object Repository/MOH AND GRN/Page_KDMC - CMS/select_--Select--Adernaline 0.'

2018-05-11 10:20:25 - [TEST_STEP][PASSED] - setText: Text '5000' is set on object 'Object Repository/MOH AND GRN/Page_KDMC - CMS/input_txttreat'

2018-05-11 10:20:25 - [MESSAGE][PASSED] - Text '5000' is set on object 'Object Repository/MOH AND GRN/Page_KDMC - CMS/input_txttreat'

2018-05-11 10:20:25 - [TEST_STEP][PASSED] - click: Object: 'Object Repository/MOH AND GRN/Page_KDMC - CMS/button_Add' is clicked on

2018-05-11 10:20:25 - [MESSAGE][PASSED] - Object: 'Object Repository/MOH AND GRN/Page_KDMC - CMS/button_Add' is clicked on

2018-05-11 10:20:25 - [TEST_STEP][PASSED] - selectOptionByIndex: All options with index in [1] are selected on object 'Object Repository/MOH AND GRN/Page_KDMC - CMS/select_--Select--Schedule 1Inj'

2018-05-11 10:20:25 - [MESSAGE][PASSED] - All options with index in [1] are selected on object 'Object Repository/MOH AND GRN/Page_KDMC - CMS/select_--Select--Schedule 1Inj'

2018-05-11 10:20:25 - [TEST_STEP][PASSED] - selectOptionByIndex: All options with index in [41] are selected on object 'Object Repository/MOH AND GRN/Page_KDMC - CMS/select_--Select--Adernaline 0.'

2018-05-11 10:20:26 - [MESSAGE][PASSED] - All options with index in [41] are selected on object 'Object Repository/MOH AND GRN/Page_KDMC - CMS/select_--Select--Adernaline 0.'

2018-05-11 10:20:26 - [TEST_STEP][PASSED] - setText: Text '5000' is set on object 'Object Repository/MOH AND GRN/Page_KDMC - CMS/input_txttreat'

2018-05-11 10:20:26 - [MESSAGE][PASSED] - Text '5000' is set on object 'Object Repository/MOH AND GRN/Page_KDMC - CMS/input_txttreat'

2018-05-11 10:20:26 - [TEST_STEP][PASSED] - click: Object: 'Object Repository/MOH AND GRN/Page_KDMC - CMS/button_Add' is clicked on

2018-05-11 10:20:26 - [MESSAGE][PASSED] - Object: 'Object Repository/MOH AND GRN/Page_KDMC - CMS/button_Add' is clicked on

2018-05-11 10:20:26 - [TEST_STEP][PASSED] - selectOptionByIndex: All options with index in [1] are selected on object 'Object Repository/MOH AND GRN/Page_KDMC - CMS/select_--Select--Schedule 1Inj'

2018-05-11 10:20:26 - [MESSAGE][PASSED] - All options with index in [1] are selected on object 'Object Repository/MOH AND GRN/Page_KDMC - CMS/select_--Select--Schedule 1Inj'

2018-05-11 10:20:26 - [TEST_STEP][PASSED] - selectOptionByIndex: All options with index in [42] are selected on object 'Object Repository/MOH AND GRN/Page_KDMC - CMS/select_--Select--Adernaline 0.'

2018-05-11 10:20:27 - [MESSAGE][PASSED] - All options with index in [42] are selected on object 'Object Repository/MOH AND GRN/Page_KDMC - CMS/select_--Select--Adernaline 0.'

2018-05-11 10:20:27 - [TEST_STEP][PASSED] - setText: Text '5000' is set on object 'Object Repository/MOH AND GRN/Page_KDMC - CMS/input_txttreat'

2018-05-11 10:20:27 - [MESSAGE][PASSED] - Text '5000' is set on object 'Object Repository/MOH AND GRN/Page_KDMC - CMS/input_txttreat'

2018-05-11 10:20:27 - [TEST_STEP][PASSED] - click: Object: 'Object Repository/MOH AND GRN/Page_KDMC - CMS/button_Add' is clicked on

2018-05-11 10:20:27 - [MESSAGE][PASSED] - Object: 'Object Repository/MOH AND GRN/Page_KDMC - CMS/button_Add' is clicked on

2018-05-11 10:20:27 - [TEST_STEP][PASSED] - selectOptionByIndex: All options with index in [1] are selected on object 'Object Repository/MOH AND GRN/Page_KDMC - CMS/select_--Select--Schedule 1Inj'

2018-05-11 10:20:27 - [MESSAGE][PASSED] - All options with index in [1] are selected on object 'Object Repository/MOH AND GRN/Page_KDMC - CMS/select_--Select--Schedule 1Inj'

2018-05-11 10:20:27 - [TEST_STEP][PASSED] - selectOptionByIndex: All options with index in [43] are selected on object 'Object Repository/MOH AND GRN/Page_KDMC - CMS/select_--Select--Adernaline 0.'

2018-05-11 10:20:27 - [MESSAGE][PASSED] - All options with index in [43] are selected on object 'Object Repository/MOH AND GRN/Page_KDMC - CMS/select_--Select--Adernaline 0.'

2018-05-11 10:20:27 - [TEST_STEP][PASSED] - setText: Text '5000' is set on object 'Object Repository/MOH AND GRN/Page_KDMC - CMS/input_txttreat'

2018-05-11 10:20:28 - [MESSAGE][PASSED] - Text '5000' is set on object 'Object Repository/MOH AND GRN/Page_KDMC - CMS/input_txttreat'

2018-05-11 10:20:28 - [TEST_STEP][PASSED] - click: Object: 'Object Repository/MOH AND GRN/Page_KDMC - CMS/button_Add' is clicked on

2018-05-11 10:20:28 - [MESSAGE][PASSED] - Object: 'Object Repository/MOH AND GRN/Page_KDMC - CMS/button_Add' is clicked on

2018-05-11 10:20:28 - [TEST_STEP][PASSED] - selectOptionByIndex: All options with index in [1] are selected on object 'Object Repository/MOH AND GRN/Page_KDMC - CMS/select_--Select--Schedule 1Inj'

2018-05-11 10:20:28 - [MESSAGE][PASSED] - All options with index in [1] are selected on object 'Object Repository/MOH AND GRN/Page_KDMC - CMS/select_--Select--Schedule 1Inj'

2018-05-11 10:20:28 - [TEST_STEP][PASSED] - selectOptionByIndex: All options with index in [44] are selected on object 'Object Repository/MOH AND GRN/Page_KDMC - CMS/select_--Select--Adernaline 0.'

2018-05-11 10:20:28 - [MESSAGE][PASSED] - All options with index in [44] are selected on object 'Object Repository/MOH AND GRN/Page_KDMC - CMS/select_--Select--Adernaline 0.'

2018-05-11 10:20:28 - [TEST_STEP][PASSED] - setText: Text '5000' is set on object 'Object Repository/MOH AND GRN/Page_KDMC - CMS/input_txttreat'

2018-05-11 10:20:28 - [MESSAGE][PASSED] - Text '5000' is set on object 'Object Repository/MOH AND GRN/Page_KDMC - CMS/input_txttreat'

2018-05-11 10:20:28 - [TEST_STEP][PASSED] - click: Object: 'Object Repository/MOH AND GRN/Page_KDMC - CMS/button_Add' is clicked on

2018-05-11 10:20:28 - [MESSAGE][PASSED] - Object: 'Object Repository/MOH AND GRN/Page_KDMC - CMS/button_Add' is clicked on

2018-05-11 10:20:28 - [TEST_STEP][PASSED] - selectOptionByIndex: All options with index in [1] are selected on object 'Object Repository/MOH AND GRN/Page_KDMC - CMS/select_--Select--Schedule 1Inj'

2018-05-11 10:20:29 - [MESSAGE][PASSED] - All options with index in [1] are selected on object 'Object Repository/MOH AND GRN/Page_KDMC - CMS/select_--Select--Schedule 1Inj'

2018-05-11 10:20:29 - [TEST_STEP][PASSED] - selectOptionByIndex: All options with index in [45] are selected on object 'Object Repository/MOH AND GRN/Page_KDMC - CMS/select_--Select--Adernaline 0.'

2018-05-11 10:20:29 - [MESSAGE][PASSED] - All options with index in [45] are selected on object 'Object Repository/MOH AND GRN/Page_KDMC - CMS/select_--Select--Adernaline 0.'

2018-05-11 10:20:29 - [TEST_STEP][PASSED] - setText: Text '5000' is set on object 'Object Repository/MOH AND GRN/Page_KDMC - CMS/input_txttreat'

2018-05-11 10:20:29 - [MESSAGE][PASSED] - Text '5000' is set on object 'Object Repository/MOH AND GRN/Page_KDMC - CMS/input_txttreat'

2018-05-11 10:20:29 - [TEST_STEP][PASSED] - click: Object: 'Object Repository/MOH AND GRN/Page_KDMC - CMS/button_Add' is clicked on

2018-05-11 10:20:29 - [MESSAGE][PASSED] - Object: 'Object Repository/MOH AND GRN/Page_KDMC - CMS/button_Add' is clicked on

2018-05-11 10:20:29 - [TEST_STEP][PASSED] - selectOptionByIndex: All options with index in [1] are selected on object 'Object Repository/MOH AND GRN/Page_KDMC - CMS/select_--Select--Schedule 1Inj'

2018-05-11 10:20:29 - [MESSAGE][PASSED] - All options with index in [1] are selected on object 'Object Repository/MOH AND GRN/Page_KDMC - CMS/select_--Select--Schedule 1Inj'

2018-05-11 10:20:29 - [TEST_STEP][PASSED] - selectOptionByIndex: All options with index in [46] are selected on object 'Object Repository/MOH AND GRN/Page_KDMC - CMS/select_--Select--Adernaline 0.'

2018-05-11 10:20:30 - [MESSAGE][PASSED] - All options with index in [46] are selected on object 'Object Repository/MOH AND GRN/Page_KDMC - CMS/select_--Select--Adernaline 0.'

2018-05-11 10:20:30 - [TEST_STEP][PASSED] - setText: Text '5000' is set on object 'Object Repository/MOH AND GRN/Page_KDMC - CMS/input_txttreat'

2018-05-11 10:20:30 - [MESSAGE][PASSED] - Text '5000' is set on object 'Object Repository/MOH AND GRN/Page_KDMC - CMS/input_txttreat'

2018-05-11 10:20:30 - [TEST_STEP][PASSED] - click: Object: 'Object Repository/MOH AND GRN/Page_KDMC - CMS/button_Add' is clicked on

2018-05-11 10:20:30 - [MESSAGE][PASSED] - Object: 'Object Repository/MOH AND GRN/Page_KDMC - CMS/button_Add' is clicked on

2018-05-11 10:20:30 - [TEST_STEP][PASSED] - selectOptionByIndex: All options with index in [1] are selected on object 'Object Repository/MOH AND GRN/Page_KDMC - CMS/select_--Select--Schedule 1Inj'

2018-05-11 10:20:30 - [MESSAGE][PASSED] - All options with index in [1] are selected on object 'Object Repository/MOH AND GRN/Page_KDMC - CMS/select_--Select--Schedule 1Inj'

2018-05-11 10:20:30 - [TEST_STEP][PASSED] - selectOptionByIndex: All options with index in [47] are selected on object 'Object Repository/MOH AND GRN/Page_KDMC - CMS/select_--Select--Adernaline 0.'

2018-05-11 10:20:31 - [MESSAGE][PASSED] - All options with index in [47] are selected on object 'Object Repository/MOH AND GRN/Page_KDMC - CMS/select_--Select--Adernaline 0.'

2018-05-11 10:20:31 - [TEST_STEP][PASSED] - setText: Text '5000' is set on object 'Object Repository/MOH AND GRN/Page_KDMC - CMS/input_txttreat'

2018-05-11 10:20:31 - [MESSAGE][PASSED] - Text '5000' is set on object 'Object Repository/MOH AND GRN/Page_KDMC - CMS/input_txttreat'

2018-05-11 10:20:31 - [TEST_STEP][PASSED] - click: Object: 'Object Repository/MOH AND GRN/Page_KDMC - CMS/button_Add' is clicked on

2018-05-11 10:20:31 - [MESSAGE][PASSED] - Object: 'Object Repository/MOH AND GRN/Page_KDMC - CMS/button_Add' is clicked on

2018-05-11 10:20:31 - [TEST_STEP][PASSED] - selectOptionByIndex: All options with index in [1] are selected on object 'Object Repository/MOH AND GRN/Page_KDMC - CMS/select_--Select--Schedule 1Inj'

2018-05-11 10:20:31 - [MESSAGE][PASSED] - All options with index in [1] are selected on object 'Object Repository/MOH AND GRN/Page_KDMC - CMS/select_--Select--Schedule 1Inj'

2018-05-11 10:20:31 - [TEST_STEP][PASSED] - selectOptionByIndex: All options with index in [48] are selected on object 'Object Repository/MOH AND GRN/Page_KDMC - CMS/select_--Select--Adernaline 0.'

2018-05-11 10:20:32 - [MESSAGE][PASSED] - All options with index in [48] are selected on object 'Object Repository/MOH AND GRN/Page_KDMC - CMS/select_--Select--Adernaline 0.'

2018-05-11 10:20:32 - [TEST_STEP][PASSED] - setText: Text '5000' is set on object 'Object Repository/MOH AND GRN/Page_KDMC - CMS/input_txttreat'

2018-05-11 10:20:32 - [MESSAGE][PASSED] - Text '5000' is set on object 'Object Repository/MOH AND GRN/Page_KDMC - CMS/input_txttreat'

2018-05-11 10:20:32 - [TEST_STEP][PASSED] - click: Object: 'Object Repository/MOH AND GRN/Page_KDMC - CMS/button_Add' is clicked on

2018-05-11 10:20:32 - [MESSAGE][PASSED] - Object: 'Object Repository/MOH AND GRN/Page_KDMC - CMS/button_Add' is clicked on

2018-05-11 10:20:32 - [TEST_STEP][PASSED] - selectOptionByIndex: All options with index in [1] are selected on object 'Object Repository/MOH AND GRN/Page_KDMC - CMS/select_--Select--Schedule 1Inj'

2018-05-11 10:20:32 - [MESSAGE][PASSED] - All options with index in [1] are selected on object 'Object Repository/MOH AND GRN/Page_KDMC - CMS/select_--Select--Schedule 1Inj'

2018-05-11 10:20:32 - [TEST_STEP][PASSED] - selectOptionByIndex: All options with index in [49] are selected on object 'Object Repository/MOH AND GRN/Page_KDMC - CMS/select_--Select--Adernaline 0.'

2018-05-11 10:20:33 - [MESSAGE][PASSED] - All options with index in [49] are selected on object 'Object Repository/MOH AND GRN/Page_KDMC - CMS/select_--Select--Adernaline 0.'

2018-05-11 10:20:33 - [TEST_STEP][PASSED] - setText: Text '5000' is set on object 'Object Repository/MOH AND GRN/Page_KDMC - CMS/input_txttreat'

2018-05-11 10:20:33 - [MESSAGE][PASSED] - Text '5000' is set on object 'Object Repository/MOH AND GRN/Page_KDMC - CMS/input_txttreat'

2018-05-11 10:20:33 - [TEST_STEP][PASSED] - click: Object: 'Object Repository/MOH AND GRN/Page_KDMC - CMS/button_Add' is clicked on

2018-05-11 10:20:33 - [MESSAGE][PASSED] - Object: 'Object Repository/MOH AND GRN/Page_KDMC - CMS/button_Add' is clicked on

2018-05-11 10:20:33 - [TEST_STEP][PASSED] - selectOptionByIndex: All options with index in [1] are selected on object 'Object Repository/MOH AND GRN/Page_KDMC - CMS/select_--Select--Schedule 1Inj'

2018-05-11 10:20:33 - [MESSAGE][PASSED] - All options with index in [1] are selected on object 'Object Repository/MOH AND GRN/Page_KDMC - CMS/select_--Select--Schedule 1Inj'

2018-05-11 10:20:33 - [TEST_STEP][PASSED] - selectOptionByIndex: All options with index in [50] are selected on object 'Object Repository/MOH AND GRN/Page_KDMC - CMS/select_--Select--Adernaline 0.'

2018-05-11 10:20:34 - [MESSAGE][PASSED] - All options with index in [50] are selected on object 'Object Repository/MOH AND GRN/Page_KDMC - CMS/select_--Select--Adernaline 0.'

2018-05-11 10:20:34 - [TEST_STEP][PASSED] - setText: Text '5000' is set on object 'Object Repository/MOH AND GRN/Page_KDMC - CMS/input_txttreat'

2018-05-11 10:20:34 - [MESSAGE][PASSED] - Text '5000' is set on object 'Object Repository/MOH AND GRN/Page_KDMC - CMS/input_txttreat'

2018-05-11 10:20:34 - [TEST_STEP][PASSED] - click: Object: 'Object Repository/MOH AND GRN/Page_KDMC - CMS/button_Add' is clicked on

2018-05-11 10:20:34 - [MESSAGE][PASSED] - Object: 'Object Repository/MOH AND GRN/Page_KDMC - CMS/button_Add' is clicked on

2018-05-11 10:20:34 - [TEST_STEP][PASSED] - selectOptionByIndex: All options with index in [1] are selected on object 'Object Repository/MOH AND GRN/Page_KDMC - CMS/select_--Select--Schedule 1Inj'

2018-05-11 10:20:34 - [MESSAGE][PASSED] - All options with index in [1] are selected on object 'Object Repository/MOH AND GRN/Page_KDMC - CMS/select_--Select--Schedule 1Inj'

2018-05-11 10:20:34 - [TEST_STEP][PASSED] - selectOptionByIndex: All options with index in [51] are selected on object 'Object Repository/MOH AND GRN/Page_KDMC - CMS/select_--Select--Adernaline 0.'

2018-05-11 10:20:35 - [MESSAGE][PASSED] - All options with index in [51] are selected on object 'Object Repository/MOH AND GRN/Page_KDMC - CMS/select_--Select--Adernaline 0.'

2018-05-11 10:20:35 - [TEST_STEP][PASSED] - setText: Text '5000' is set on object 'Object Repository/MOH AND GRN/Page_KDMC - CMS/input_txttreat'

2018-05-11 10:20:35 - [MESSAGE][PASSED] - Text '5000' is set on object 'Object Repository/MOH AND GRN/Page_KDMC - CMS/input_txttreat'

2018-05-11 10:20:35 - [TEST_STEP][PASSED] - click: Object: 'Object Repository/MOH AND GRN/Page_KDMC - CMS/button_Add' is clicked on

2018-05-11 10:20:35 - [MESSAGE][PASSED] - Object: 'Object Repository/MOH AND GRN/Page_KDMC - CMS/button_Add' is clicked on

2018-05-11 10:20:35 - [TEST_STEP][PASSED] - selectOptionByIndex: All options with index in [1] are selected on object 'Object Repository/MOH AND GRN/Page_KDMC - CMS/select_--Select--Schedule 1Inj'

2018-05-11 10:20:35 - [MESSAGE][PASSED] - All options with index in [1] are selected on object 'Object Repository/MOH AND GRN/Page_KDMC - CMS/select_--Select--Schedule 1Inj'

2018-05-11 10:20:35 - [TEST_STEP][PASSED] - selectOptionByIndex: All options with index in [52] are selected on object 'Object Repository/MOH AND GRN/Page_KDMC - CMS/select_--Select--Adernaline 0.'

2018-05-11 10:20:36 - [MESSAGE][PASSED] - All options with index in [52] are selected on object 'Object Repository/MOH AND GRN/Page_KDMC - CMS/select_--Select--Adernaline 0.'

2018-05-11 10:20:36 - [TEST_STEP][PASSED] - setText: Text '5000' is set on object 'Object Repository/MOH AND GRN/Page_KDMC - CMS/input_txttreat'

2018-05-11 10:20:36 - [MESSAGE][PASSED] - Text '5000' is set on object 'Object Repository/MOH AND GRN/Page_KDMC - CMS/input_txttreat'

2018-05-11 10:20:36 - [TEST_STEP][PASSED] - click: Object: 'Object Repository/MOH AND GRN/Page_KDMC - CMS/button_Add' is clicked on

2018-05-11 10:20:36 - [MESSAGE][PASSED] - Object: 'Object Repository/MOH AND GRN/Page_KDMC - CMS/button_Add' is clicked on

2018-05-11 10:20:36 - [TEST_STEP][PASSED] - selectOptionByIndex: All options with index in [1] are selected on object 'Object Repository/MOH AND GRN/Page_KDMC - CMS/select_--Select--Schedule 1Inj'

2018-05-11 10:20:36 - [MESSAGE][PASSED] - All options with index in [1] are selected on object 'Object Repository/MOH AND GRN/Page_KDMC - CMS/select_--Select--Schedule 1Inj'

2018-05-11 10:20:36 - [TEST_STEP][PASSED] - selectOptionByIndex: All options with index in [53] are selected on object 'Object Repository/MOH AND GRN/Page_KDMC - CMS/select_--Select--Adernaline 0.'

2018-05-11 10:20:37 - [MESSAGE][PASSED] - All options with index in [53] are selected on object 'Object Repository/MOH AND GRN/Page_KDMC - CMS/select_--Select--Adernaline 0.'

2018-05-11 10:20:37 - [TEST_STEP][PASSED] - setText: Text '5000' is set on object 'Object Repository/MOH AND GRN/Page_KDMC - CMS/input_txttreat'

2018-05-11 10:20:37 - [MESSAGE][PASSED] - Text '5000' is set on object 'Object Repository/MOH AND GRN/Page_KDMC - CMS/input_txttreat'

2018-05-11 10:20:37 - [TEST_STEP][PASSED] - click: Object: 'Object Repository/MOH AND GRN/Page_KDMC - CMS/button_Add' is clicked on

2018-05-11 10:20:37 - [MESSAGE][PASSED] - Object: 'Object Repository/MOH AND GRN/Page_KDMC - CMS/button_Add' is clicked on

2018-05-11 10:20:37 - [TEST_STEP][PASSED] - selectOptionByIndex: All options with index in [1] are selected on object 'Object Repository/MOH AND GRN/Page_KDMC - CMS/select_--Select--Schedule 1Inj'

2018-05-11 10:20:37 - [MESSAGE][PASSED] - All options with index in [1] are selected on object 'Object Repository/MOH AND GRN/Page_KDMC - CMS/select_--Select--Schedule 1Inj'

2018-05-11 10:20:37 - [TEST_STEP][PASSED] - selectOptionByIndex: All options with index in [54] are selected on object 'Object Repository/MOH AND GRN/Page_KDMC - CMS/select_--Select--Adernaline 0.'

2018-05-11 10:20:37 - [MESSAGE][PASSED] - All options with index in [54] are selected on object 'Object Repository/MOH AND GRN/Page_KDMC - CMS/select_--Select--Adernaline 0.'

2018-05-11 10:20:37 - [TEST_STEP][PASSED] - setText: Text '5000' is set on object 'Object Repository/MOH AND GRN/Page_KDMC - CMS/input_txttreat'

2018-05-11 10:20:38 - [MESSAGE][PASSED] - Text '5000' is set on object 'Object Repository/MOH AND GRN/Page_KDMC - CMS/input_txttreat'

2018-05-11 10:20:38 - [TEST_STEP][PASSED] - click: Object: 'Object Repository/MOH AND GRN/Page_KDMC - CMS/button_Add' is clicked on

2018-05-11 10:20:38 - [MESSAGE][PASSED] - Object: 'Object Repository/MOH AND GRN/Page_KDMC - CMS/button_Add' is clicked on

2018-05-11 10:20:38 - [TEST_STEP][PASSED] - selectOptionByIndex: All options with index in [1] are selected on object 'Object Repository/MOH AND GRN/Page_KDMC - CMS/select_--Select--Schedule 1Inj'

2018-05-11 10:20:38 - [MESSAGE][PASSED] - All options with index in [1] are selected on object 'Object Repository/MOH AND GRN/Page_KDMC - CMS/select_--Select--Schedule 1Inj'

2018-05-11 10:20:38 - [TEST_STEP][PASSED] - selectOptionByIndex: All options with index in [55] are selected on object 'Object Repository/MOH AND GRN/Page_KDMC - CMS/select_--Select--Adernaline 0.'

2018-05-11 10:20:38 - [MESSAGE][PASSED] - All options with index in [55] are selected on object 'Object Repository/MOH AND GRN/Page_KDMC - CMS/select_--Select--Adernaline 0.'

2018-05-11 10:20:38 - [TEST_STEP][PASSED] - setText: Text '5000' is set on object 'Object Repository/MOH AND GRN/Page_KDMC - CMS/input_txttreat'

2018-05-11 10:20:39 - [MESSAGE][PASSED] - Text '5000' is set on object 'Object Repository/MOH AND GRN/Page_KDMC - CMS/input_txttreat'

2018-05-11 10:20:39 - [TEST_STEP][PASSED] - click: Object: 'Object Repository/MOH AND GRN/Page_KDMC - CMS/button_Add' is clicked on

2018-05-11 10:20:39 - [MESSAGE][PASSED] - Object: 'Object Repository/MOH AND GRN/Page_KDMC - CMS/button_Add' is clicked on

2018-05-11 10:20:39 - [TEST_STEP][PASSED] - selectOptionByIndex: All options with index in [1] are selected on object 'Object Repository/MOH AND GRN/Page_KDMC - CMS/select_--Select--Schedule 1Inj'

2018-05-11 10:20:39 - [MESSAGE][PASSED] - All options with index in [1] are selected on object 'Object Repository/MOH AND GRN/Page_KDMC - CMS/select_--Select--Schedule 1Inj'

2018-05-11 10:20:39 - [TEST_STEP][PASSED] - selectOptionByIndex: All options with index in [56] are selected on object 'Object Repository/MOH AND GRN/Page_KDMC - CMS/select_--Select--Adernaline 0.'

2018-05-11 10:20:39 - [MESSAGE][PASSED] - All options with index in [56] are selected on object 'Object Repository/MOH AND GRN/Page_KDMC - CMS/select_--Select--Adernaline 0.'

2018-05-11 10:20:39 - [TEST_STEP][PASSED] - setText: Text '5000' is set on object 'Object Repository/MOH AND GRN/Page_KDMC - CMS/input_txttreat'

2018-05-11 10:20:40 - [MESSAGE][PASSED] - Text '5000' is set on object 'Object Repository/MOH AND GRN/Page_KDMC - CMS/input_txttreat'

2018-05-11 10:20:40 - [TEST_STEP][PASSED] - click: Object: 'Object Repository/MOH AND GRN/Page_KDMC - CMS/button_Add' is clicked on

2018-05-11 10:20:40 - [MESSAGE][PASSED] - Object: 'Object Repository/MOH AND GRN/Page_KDMC - CMS/button_Add' is clicked on

2018-05-11 10:20:40 - [TEST_STEP][PASSED] - selectOptionByIndex: All options with index in [1] are selected on object 'Object Repository/MOH AND GRN/Page_KDMC - CMS/select_--Select--Schedule 1Inj'

2018-05-11 10:20:40 - [MESSAGE][PASSED] - All options with index in [1] are selected on object 'Object Repository/MOH AND GRN/Page_KDMC - CMS/select_--Select--Schedule 1Inj'

2018-05-11 10:20:40 - [TEST_STEP][PASSED] - selectOptionByIndex: All options with index in [57] are selected on object 'Object Repository/MOH AND GRN/Page_KDMC - CMS/select_--Select--Adernaline 0.'

2018-05-11 10:20:40 - [MESSAGE][PASSED] - All options with index in [57] are selected on object 'Object Repository/MOH AND GRN/Page_KDMC - CMS/select_--Select--Adernaline 0.'

2018-05-11 10:20:40 - [TEST_STEP][PASSED] - setText: Text '5000' is set on object 'Object Repository/MOH AND GRN/Page_KDMC - CMS/input_txttreat'

2018-05-11 10:20:40 - [MESSAGE][PASSED] - Text '5000' is set on object 'Object Repository/MOH AND GRN/Page_KDMC - CMS/input_txttreat'

2018-05-11 10:20:40 - [TEST_STEP][PASSED] - click: Object: 'Object Repository/MOH AND GRN/Page_KDMC - CMS/button_Add' is clicked on

2018-05-11 10:20:41 - [MESSAGE][PASSED] - Object: 'Object Repository/MOH AND GRN/Page_KDMC - CMS/button_Add' is clicked on

2018-05-11 10:20:41 - [TEST_STEP][PASSED] - selectOptionByIndex: All options with index in [1] are selected on object 'Object Repository/MOH AND GRN/Page_KDMC - CMS/select_--Select--Schedule 1Inj'

2018-05-11 10:20:41 - [MESSAGE][PASSED] - All options with index in [1] are selected on object 'Object Repository/MOH AND GRN/Page_KDMC - CMS/select_--Select--Schedule 1Inj'

2018-05-11 10:20:41 - [TEST_STEP][PASSED] - selectOptionByIndex: All options with index in [58] are selected on object 'Object Repository/MOH AND GRN/Page_KDMC - CMS/select_--Select--Adernaline 0.'

2018-05-11 10:20:41 - [MESSAGE][PASSED] - All options with index in [58] are selected on object 'Object Repository/MOH AND GRN/Page_KDMC - CMS/select_--Select--Adernaline 0.'

2018-05-11 10:20:41 - [TEST_STEP][PASSED] - setText: Text '5000' is set on object 'Object Repository/MOH AND GRN/Page_KDMC - CMS/input_txttreat'

2018-05-11 10:20:41 - [MESSAGE][PASSED] - Text '5000' is set on object 'Object Repository/MOH AND GRN/Page_KDMC - CMS/input_txttreat'

2018-05-11 10:20:41 - [TEST_STEP][PASSED] - click: Object: 'Object Repository/MOH AND GRN/Page_KDMC - CMS/button_Add' is clicked on

2018-05-11 10:20:42 - [MESSAGE][PASSED] - Object: 'Object Repository/MOH AND GRN/Page_KDMC - CMS/button_Add' is clicked on

2018-05-11 10:20:42 - [TEST_STEP][PASSED] - selectOptionByIndex: All options with index in [1] are selected on object 'Object Repository/MOH AND GRN/Page_KDMC - CMS/select_--Select--Schedule 1Inj'

2018-05-11 10:20:42 - [MESSAGE][PASSED] - All options with index in [1] are selected on object 'Object Repository/MOH AND GRN/Page_KDMC - CMS/select_--Select--Schedule 1Inj'

2018-05-11 10:20:42 - [TEST_STEP][PASSED] - selectOptionByIndex: All options with index in [59] are selected on object 'Object Repository/MOH AND GRN/Page_KDMC - CMS/select_--Select--Adernaline 0.'

2018-05-11 10:20:42 - [MESSAGE][PASSED] - All options with index in [59] are selected on object 'Object Repository/MOH AND GRN/Page_KDMC - CMS/select_--Select--Adernaline 0.'

2018-05-11 10:20:42 - [TEST_STEP][PASSED] - setText: Text '5000' is set on object 'Object Repository/MOH AND GRN/Page_KDMC - CMS/input_txttreat'

2018-05-11 10:20:42 - [MESSAGE][PASSED] - Text '5000' is set on object 'Object Repository/MOH AND GRN/Page_KDMC - CMS/input_txttreat'

2018-05-11 10:20:42 - [TEST_STEP][PASSED] - click: Object: 'Object Repository/MOH AND GRN/Page_KDMC - CMS/button_Add' is clicked on

2018-05-11 10:20:43 - [MESSAGE][PASSED] - Object: 'Object Repository/MOH AND GRN/Page_KDMC - CMS/button_Add' is clicked on

2018-05-11 10:20:43 - [TEST_STEP][PASSED] - selectOptionByIndex: All options with index in [1] are selected on object 'Object Repository/MOH AND GRN/Page_KDMC - CMS/select_--Select--Schedule 1Inj'

2018-05-11 10:20:43 - [MESSAGE][PASSED] - All options with index in [1] are selected on object 'Object Repository/MOH AND GRN/Page_KDMC - CMS/select_--Select--Schedule 1Inj'

2018-05-11 10:20:43 - [TEST_STEP][PASSED] - selectOptionByIndex: All options with index in [60] are selected on object 'Object Repository/MOH AND GRN/Page_KDMC - CMS/select_--Select--Adernaline 0.'

2018-05-11 10:20:43 - [MESSAGE][PASSED] - All options with index in [60] are selected on object 'Object Repository/MOH AND GRN/Page_KDMC - CMS/select_--Select--Adernaline 0.'

2018-05-11 10:20:43 - [TEST_STEP][PASSED] - setText: Text '5000' is set on object 'Object Repository/MOH AND GRN/Page_KDMC - CMS/input_txttreat'

2018-05-11 10:20:43 - [MESSAGE][PASSED] - Text '5000' is set on object 'Object Repository/MOH AND GRN/Page_KDMC - CMS/input_txttreat'

2018-05-11 10:20:43 - [TEST_STEP][PASSED] - click: Object: 'Object Repository/MOH AND GRN/Page_KDMC - CMS/button_Add' is clicked on

2018-05-11 10:20:44 - [MESSAGE][PASSED] - Object: 'Object Repository/MOH AND GRN/Page_KDMC - CMS/button_Add' is clicked on

2018-05-11 10:20:44 - [TEST_STEP][PASSED] - selectOptionByIndex: All options with index in [1] are selected on object 'Object Repository/MOH AND GRN/Page_KDMC - CMS/select_--Select--Schedule 1Inj'

2018-05-11 10:20:44 - [MESSAGE][PASSED] - All options with index in [1] are selected on object 'Object Repository/MOH AND GRN/Page_KDMC - CMS/select_--Select--Schedule 1Inj'

2018-05-11 10:20:44 - [TEST_STEP][PASSED] - selectOptionByIndex: All options with index in [61] are selected on object 'Object Repository/MOH AND GRN/Page_KDMC - CMS/select_--Select--Adernaline 0.'

2018-05-11 10:20:45 - [MESSAGE][PASSED] - All options with index in [61] are selected on object 'Object Repository/MOH AND GRN/Page_KDMC - CMS/select_--Select--Adernaline 0.'

2018-05-11 10:20:45 - [TEST_STEP][PASSED] - setText: Text '5000' is set on object 'Object Repository/MOH AND GRN/Page_KDMC - CMS/input_txttreat'

2018-05-11 10:20:45 - [MESSAGE][PASSED] - Text '5000' is set on object 'Object Repository/MOH AND GRN/Page_KDMC - CMS/input_txttreat'

2018-05-11 10:20:45 - [TEST_STEP][PASSED] - click: Object: 'Object Repository/MOH AND GRN/Page_KDMC - CMS/button_Add' is clicked on

2018-05-11 10:20:45 - [MESSAGE][PASSED] - Object: 'Object Repository/MOH AND GRN/Page_KDMC - CMS/button_Add' is clicked on

2018-05-11 10:20:45 - [TEST_STEP][PASSED] - selectOptionByIndex: All options with index in [1] are selected on object 'Object Repository/MOH AND GRN/Page_KDMC - CMS/select_--Select--Schedule 1Inj'

2018-05-11 10:20:45 - [MESSAGE][PASSED] - All options with index in [1] are selected on object 'Object Repository/MOH AND GRN/Page_KDMC - CMS/select_--Select--Schedule 1Inj'

2018-05-11 10:20:45 - [TEST_STEP][PASSED] - selectOptionByIndex: All options with index in [62] are selected on object 'Object Repository/MOH AND GRN/Page_KDMC - CMS/select_--Select--Adernaline 0.'

2018-05-11 10:20:46 - [MESSAGE][PASSED] - All options with index in [62] are selected on object 'Object Repository/MOH AND GRN/Page_KDMC - CMS/select_--Select--Adernaline 0.'

2018-05-11 10:20:46 - [TEST_STEP][PASSED] - setText: Text '5000' is set on object 'Object Repository/MOH AND GRN/Page_KDMC - CMS/input_txttreat'

2018-05-11 10:20:46 - [MESSAGE][PASSED] - Text '5000' is set on object 'Object Repository/MOH AND GRN/Page_KDMC - CMS/input_txttreat'

2018-05-11 10:20:46 - [TEST_STEP][PASSED] - click: Object: 'Object Repository/MOH AND GRN/Page_KDMC - CMS/button_Add' is clicked on

2018-05-11 10:20:46 - [MESSAGE][PASSED] - Object: 'Object Repository/MOH AND GRN/Page_KDMC - CMS/button_Add' is clicked on

2018-05-11 10:20:46 - [TEST_STEP][PASSED] - selectOptionByIndex: All options with index in [1] are selected on object 'Object Repository/MOH AND GRN/Page_KDMC - CMS/select_--Select--Schedule 1Inj'

2018-05-11 10:20:46 - [MESSAGE][PASSED] - All options with index in [1] are selected on object 'Object Repository/MOH AND GRN/Page_KDMC - CMS/select_--Select--Schedule 1Inj'

2018-05-11 10:20:46 - [TEST_STEP][PASSED] - selectOptionByIndex: All options with index in [63] are selected on object 'Object Repository/MOH AND GRN/Page_KDMC - CMS/select_--Select--Adernaline 0.'

2018-05-11 10:20:47 - [MESSAGE][PASSED] - All options with index in [63] are selected on object 'Object Repository/MOH AND GRN/Page_KDMC - CMS/select_--Select--Adernaline 0.'

2018-05-11 10:20:47 - [TEST_STEP][PASSED] - setText: Text '5000' is set on object 'Object Repository/MOH AND GRN/Page_KDMC - CMS/input_txttreat'

2018-05-11 10:20:47 - [MESSAGE][PASSED] - Text '5000' is set on object 'Object Repository/MOH AND GRN/Page_KDMC - CMS/input_txttreat'

2018-05-11 10:20:47 - [TEST_STEP][PASSED] - click: Object: 'Object Repository/MOH AND GRN/Page_KDMC - CMS/button_Add' is clicked on

2018-05-11 10:20:47 - [MESSAGE][PASSED] - Object: 'Object Repository/MOH AND GRN/Page_KDMC - CMS/button_Add' is clicked on

2018-05-11 10:20:47 - [TEST_STEP][PASSED] - scrollToElement: Scroll to object 'Object Repository/MOH AND GRN/Page_KDMC - CMS/input_btnsave' successfully

2018-05-11 10:20:47 - [MESSAGE][PASSED] - Scroll to object 'Object Repository/MOH AND GRN/Page_KDMC - CMS/input_btnsave' successfully

2018-05-11 10:20:47 - [TEST_STEP][PASSED] - click: Object: 'Object Repository/MOH AND GRN/Page_KDMC - CMS/input_btnsave' is clicked on

2018-05-11 10:20:47 - [MESSAGE][PASSED] - Object: 'Object Repository/MOH AND GRN/Page_KDMC - CMS/input_btnsave' is clicked on

2018-05-11 10:20:47 - [TEST_STEP][PASSED] - delay: Delayed 3 second(s)

2018-05-11 10:20:50 - [MESSAGE][PASSED] - Delayed 3 second(s)

2018-05-11 10:20:50 - [TEST_STEP][PASSED] - Statement - Request1 = com.kms.katalon.core.webui.keyword.WebUiBuiltInKeywords.getText(com.kms.katalon.core.testobject.ObjectRepository.findTestObject(MOH AND GRN/Page_KDMC - CMS/font_PRNO0505201876)): Text of object 'Object Repository/MOH AND GRN/Page_KDMC - CMS/font_PRNO0505201876' is: 'PRNO/11052018/206'

2018-05-11 10:20:50 - [MESSAGE][PASSED] - Text of object 'Object Repository/MOH AND GRN/Page_KDMC - CMS/font_PRNO0505201876' is: 'PRNO/11052018/206'

2018-05-11 10:20:50 - [TEST_STEP][PASSED] - Statement - out.println("Length OF The Medicine " + Request1): null

2018-05-11 10:20:50 - [TEST_STEP][PASSED] - Statement - RequestNUmber = Request1.split("/")[2].trim(): null

2018-05-11 10:20:50 - [TEST_STEP][PASSED] - Statement - out.println("ID IS " + RequestNUmber): null

2018-05-11 10:20:50 - [TEST_STEP][PASSED] - delay: Delayed 3 second(s)

2018-05-11 10:20:53 - [MESSAGE][PASSED] - Delayed 3 second(s)

2018-05-11 10:20:53 - [TEST_STEP][PASSED] - click: Object: 'Object Repository/MOH AND GRN/Page_KDMC - CMS/button_OK' is clicked on

2018-05-11 10:20:54 - [MESSAGE][PASSED] - Object: 'Object Repository/MOH AND GRN/Page_KDMC - CMS/button_OK' is clicked on

2018-05-11 10:20:54 - [TEST_STEP][PASSED] - click: Object: 'Object Repository/MOH AND GRN/Page_KDMC - CMS/a_dropdown-toggle' is clicked on

2018-05-11 10:20:55 - [MESSAGE][PASSED] - Object: 'Object Repository/MOH AND GRN/Page_KDMC - CMS/a_dropdown-toggle' is clicked on

2018-05-11 10:20:55 - [TEST_STEP][PASSED] - click: Object: 'Object Repository/MOH AND GRN/Page_KDMC - CMS/a_Sign out' is clicked on

2018-05-11 10:20:55 - [MESSAGE][PASSED] - Object: 'Object Repository/MOH AND GRN/Page_KDMC - CMS/a_Sign out' is clicked on

2018-05-11 10:20:55 - [TEST_STEP][PASSED] - delay: Delayed 4 second(s)

2018-05-11 10:20:59 - [MESSAGE][PASSED] - Delayed 4 second(s)

2018-05-11 10:20:59 - [TEST_STEP][PASSED] - click: Object: 'Object Repository/MOH AND GRN/Page_KDMC/a_Admin Master' is clicked on

2018-05-11 10:21:00 - [MESSAGE][PASSED] - Object: 'Object Repository/MOH AND GRN/Page_KDMC/a_Admin Master' is clicked on

2018-05-11 10:21:00 - [TEST_STEP][PASSED] - setText: Text 'admin' is set on object 'Object Repository/MOH AND GRN/Page_Admin login/input_txtusername'

2018-05-11 10:21:00 - [MESSAGE][PASSED] - Text 'admin' is set on object 'Object Repository/MOH AND GRN/Page_Admin login/input_txtusername'

2018-05-11 10:21:00 - [TEST_STEP][PASSED] - setText: Text 'admin123' is set on object 'Object Repository/MOH AND GRN/Page_Admin login/input_txtpassword'

2018-05-11 10:21:01 - [MESSAGE][PASSED] - Text 'admin123' is set on object 'Object Repository/MOH AND GRN/Page_Admin login/input_txtpassword'

2018-05-11 10:21:01 - [TEST_STEP][PASSED] - delay: Delayed 3 second(s)

2018-05-11 10:21:04 - [MESSAGE][PASSED] - Delayed 3 second(s)

2018-05-11 10:21:04 - [TEST_STEP][PASSED] - click: Object: 'Object Repository/MOH AND GRN/Page_Admin login/button_Sign in' is clicked on

2018-05-11 10:21:05 - [MESSAGE][PASSED] - Object: 'Object Repository/MOH AND GRN/Page_Admin login/button_Sign in' is clicked on

2018-05-11 10:21:05 - [TEST_STEP][PASSED] - delay: Delayed 20 second(s)

2018-05-11 10:21:25 - [MESSAGE][PASSED] - Delayed 20 second(s)

2018-05-11 10:21:25 - [TEST_STEP][PASSED] - scrollToPosition: Browser is scrolled to position x = 200, y = 200

2018-05-11 10:21:25 - [MESSAGE][PASSED] - Browser is scrolled to position x = 200, y = 200

2018-05-11 10:21:25 - [TEST_STEP][PASSED] - click: Object: 'Object Repository/MOH AND GRN/Page_KDMC/a_CMS_1' is clicked on

2018-05-11 10:21:25 - [MESSAGE][PASSED] - Object: 'Object Repository/MOH AND GRN/Page_KDMC/a_CMS_1' is clicked on

2018-05-11 10:21:25 - [TEST_STEP][PASSED] - click: Object: 'Object Repository/MOH AND GRN/Page_KDMC/a_Request List' is clicked on

2018-05-11 10:21:26 - [MESSAGE][PASSED] - Object: 'Object Repository/MOH AND GRN/Page_KDMC/a_Request List' is clicked on

2018-05-11 10:21:26 - [TEST_STEP][PASSED] - Statement - RequestNumberId = com.kms.katalon.core.webui.keyword.WebUiBuiltInKeywords.modifyObjectProperty(com.kms.katalon.core.testobject.ObjectRepository.findTestObject(MOH AND GRN/Page_KDMC - CMS/input_PO0032), "xpath", "equals", "//*[@id =" + RequestNUmber + "]", true): Modify property of object successfully

2018-05-11 10:21:26 - [MESSAGE][PASSED] - Modify property of object successfully

2018-05-11 10:21:26 - [TEST_STEP][PASSED] - click: Object: 'Object Repository/MOH AND GRN/Page_KDMC - CMS/input_PO0032' is clicked on

2018-05-11 10:21:26 - [MESSAGE][PASSED] - Object: 'Object Repository/MOH AND GRN/Page_KDMC - CMS/input_PO0032' is clicked on

2018-05-11 10:21:26 - [TEST_STEP][PASSED] - delay: Delayed 3 second(s)

2018-05-11 10:21:29 - [MESSAGE][PASSED] - Delayed 3 second(s)

2018-05-11 10:21:29 - [TEST_STEP][PASSED] - selectOptionByIndex: All options with index in [1] are selected on object 'Object Repository/MOH AND GRN/Page_KDMC/select_--Select--'

2018-05-11 10:21:29 - [MESSAGE][PASSED] - All options with index in [1] are selected on object 'Object Repository/MOH AND GRN/Page_KDMC/select_--Select--'

2018-05-11 10:21:29 - [TEST_STEP][PASSED] - click: Object: 'Object Repository/MOH AND GRN/Page_KDMC/input_btnupdate' is clicked on

2018-05-11 10:21:30 - [MESSAGE][PASSED] - Object: 'Object Repository/MOH AND GRN/Page_KDMC/input_btnupdate' is clicked on

2018-05-11 10:21:30 - [TEST_STEP][PASSED] - delay: Delayed 3 second(s)

2018-05-11 10:21:33 - [MESSAGE][PASSED] - Delayed 3 second(s)

2018-05-11 10:21:33 - [TEST_STEP][PASSED] - click: Object: 'Object Repository/MOH AND GRN/Page_KDMC/button_OK' is clicked on

2018-05-11 10:21:34 - [MESSAGE][PASSED] - Object: 'Object Repository/MOH AND GRN/Page_KDMC/button_OK' is clicked on

2018-05-11 10:21:34 - [TEST_STEP][PASSED] - delay: Delayed 3 second(s)

2018-05-11 10:21:37 - [MESSAGE][PASSED] - Delayed 3 second(s)

2018-05-11 10:21:37 - [TEST_STEP][PASSED] - scrollToPosition: Browser is scrolled to position x = 200, y = 200

2018-05-11 10:21:37 - [MESSAGE][PASSED] - Browser is scrolled to position x = 200, y = 200

2018-05-11 10:21:37 - [TEST_STEP][PASSED] - click: Object: 'Object Repository/MOH AND GRN/Page_KDMC/a_CMS_2' is clicked on

2018-05-11 10:21:37 - [MESSAGE][PASSED] - Object: 'Object Repository/MOH AND GRN/Page_KDMC/a_CMS_2' is clicked on

2018-05-11 10:21:37 - [TEST_STEP][PASSED] - delay: Delayed 2 second(s)

2018-05-11 10:21:39 - [MESSAGE][PASSED] - Delayed 2 second(s)

2018-05-11 10:21:39 - [TEST_STEP][PASSED] - click: Object: 'Object Repository/MOH AND GRN/Page_KDMC/a_Generate P.O' is clicked on

2018-05-11 10:21:39 - [MESSAGE][PASSED] - Object: 'Object Repository/MOH AND GRN/Page_KDMC/a_Generate P.O' is clicked on

2018-05-11 10:21:39 - [TEST_STEP][PASSED] - delay: Delayed 2 second(s)

2018-05-11 10:21:41 - [MESSAGE][PASSED] - Delayed 2 second(s)

2018-05-11 10:21:41 - [TEST_STEP][PASSED] - selectOptionByIndex: All options with index in [1] are selected on object 'Object Repository/MOH AND GRN/Page_KDMC/select_--Select--PRNO040520183'

2018-05-11 10:21:42 - [MESSAGE][PASSED] - All options with index in [1] are selected on object 'Object Repository/MOH AND GRN/Page_KDMC/select_--Select--PRNO040520183'

2018-05-11 10:21:42 - [TEST_STEP][PASSED] - selectOptionByIndex: All options with index in [7] are selected on object 'Object Repository/MOH AND GRN/Page_KDMC/select_--Select--Hamen Chandra'

2018-05-11 10:21:42 - [MESSAGE][PASSED] - All options with index in [7] are selected on object 'Object Repository/MOH AND GRN/Page_KDMC/select_--Select--Hamen Chandra'

2018-05-11 10:21:42 - [TEST_STEP][PASSED] - Statement - PONumber = com.kms.katalon.core.webui.keyword.WebUiBuiltInKeywords.getText(com.kms.katalon.core.testobject.ObjectRepository.findTestObject(MOH AND GRN/Page_KDMC/input_lblpono)).trim(): Text of object 'Object Repository/MOH AND GRN/Page_KDMC/input_lblpono' is: ''

2018-05-11 10:21:42 - [MESSAGE][PASSED] - Text of object 'Object Repository/MOH AND GRN/Page_KDMC/input_lblpono' is: ''

2018-05-11 10:21:42 - [TEST_STEP][PASSED] - Statement - PONumber1 = com.kms.katalon.core.webui.keyword.WebUiBuiltInKeywords.getAttribute(com.kms.katalon.core.testobject.ObjectRepository.findTestObject(MOH AND GRN/Page_KDMC/input_lblpono), "value").trim(): Attribute 'value' of object 'Object Repository/MOH AND GRN/Page_KDMC/input_lblpono' is: 'PO0090'

2018-05-11 10:21:42 - [MESSAGE][PASSED] - Attribute 'value' of object 'Object Repository/MOH AND GRN/Page_KDMC/input_lblpono' is: 'PO0090'

2018-05-11 10:21:42 - [TEST_STEP][PASSED] - Statement - out.println("PO NUMBER :" + PONumber): null

2018-05-11 10:21:42 - [TEST_STEP][PASSED] - Statement - out.println("PO NUMBER :" + PONumber1): null

2018-05-11 10:21:42 - [TEST_STEP][PASSED] - click: Object: 'Object Repository/MOH AND GRN/Page_KDMC/input_chkrem' is clicked on

2018-05-11 10:21:42 - [MESSAGE][PASSED] - Object: 'Object Repository/MOH AND GRN/Page_KDMC/input_chkrem' is clicked on

2018-05-11 10:21:42 - [TEST_STEP][PASSED] - scrollToElement: Scroll to object 'Object Repository/MOH AND GRN/Page_KDMC/input_btnreturn' successfully

2018-05-11 10:21:42 - [MESSAGE][PASSED] - Scroll to object 'Object Repository/MOH AND GRN/Page_KDMC/input_btnreturn' successfully

2018-05-11 10:21:42 - [TEST_STEP][PASSED] - click: Object: 'Object Repository/MOH AND GRN/Page_KDMC/input_btnreturn' is clicked on

2018-05-11 10:21:42 - [MESSAGE][PASSED] - Object: 'Object Repository/MOH AND GRN/Page_KDMC/input_btnreturn' is clicked on

2018-05-11 10:21:42 - [TEST_STEP][PASSED] - delay: Delayed 3 second(s)

2018-05-11 10:21:45 - [MESSAGE][PASSED] - Delayed 3 second(s)

2018-05-11 10:21:45 - [TEST_STEP][PASSED] - click: Object: 'Object Repository/MOH AND GRN/Page_KDMC/button_Yes' is clicked on

2018-05-11 10:21:45 - [MESSAGE][PASSED] - Object: 'Object Repository/MOH AND GRN/Page_KDMC/button_Yes' is clicked on

2018-05-11 10:21:45 - [TEST_STEP][PASSED] - delay: Delayed 3 second(s)

2018-05-11 10:21:48 - [MESSAGE][PASSED] - Delayed 3 second(s)

2018-05-11 10:21:48 - [TEST_STEP][PASSED] - click: Object: 'Object Repository/MOH AND GRN/Page_KDMC/button_OK' is clicked on

2018-05-11 10:21:49 - [MESSAGE][PASSED] - Object: 'Object Repository/MOH AND GRN/Page_KDMC/button_OK' is clicked on

2018-05-11 10:21:49 - [TEST_STEP][PASSED] - delay: Delayed 3 second(s)

2018-05-11 10:21:52 - [MESSAGE][PASSED] - Delayed 3 second(s)

2018-05-11 10:21:52 - [TEST_STEP][PASSED] - click: Object: 'Object Repository/MOH AND GRN/Page_KDMC/a_dropdown-toggle' is clicked on

2018-05-11 10:21:52 - [MESSAGE][PASSED] - Object: 'Object Repository/MOH AND GRN/Page_KDMC/a_dropdown-toggle' is clicked on

2018-05-11 10:21:52 - [TEST_STEP][PASSED] - click: Object: 'Object Repository/MOH AND GRN/Page_KDMC/a_Sign out' is clicked on

2018-05-11 10:21:54 - [MESSAGE][PASSED] - Object: 'Object Repository/MOH AND GRN/Page_KDMC/a_Sign out' is clicked on

2018-05-11 10:21:54 - [TEST_STEP][PASSED] - delay: Delayed 4 second(s)

2018-05-11 10:21:58 - [MESSAGE][PASSED] - Delayed 4 second(s)

2018-05-11 10:21:58 - [TEST_STEP][PASSED] - click: Object: 'Object Repository/MOH AND GRN/Page_KDMC/a_CMS' is clicked on

2018-05-11 10:22:01 - [MESSAGE][PASSED] - Object: 'Object Repository/MOH AND GRN/Page_KDMC/a_CMS' is clicked on

2018-05-11 10:22:01 - [TEST_STEP][PASSED] - setText: Text 'bala' is set on object 'Object Repository/MOH AND GRN/Page_CMS login/input_txtusername'

2018-05-11 10:22:01 - [MESSAGE][PASSED] - Text 'bala' is set on object 'Object Repository/MOH AND GRN/Page_CMS login/input_txtusername'

2018-05-11 10:22:01 - [TEST_STEP][PASSED] - setText: Text '123' is set on object 'Object Repository/MOH AND GRN/Page_CMS login/input_txtpassword'

2018-05-11 10:22:01 - [MESSAGE][PASSED] - Text '123' is set on object 'Object Repository/MOH AND GRN/Page_CMS login/input_txtpassword'

2018-05-11 10:22:01 - [TEST_STEP][PASSED] - delay: Delayed 3 second(s)

2018-05-11 10:22:04 - [MESSAGE][PASSED] - Delayed 3 second(s)

2018-05-11 10:22:04 - [TEST_STEP][PASSED] - click: Object: 'Object Repository/MOH AND GRN/Page_CMS login/button_Sign in' is clicked on

2018-05-11 10:22:05 - [MESSAGE][PASSED] - Object: 'Object Repository/MOH AND GRN/Page_CMS login/button_Sign in' is clicked on

2018-05-11 10:22:05 - [TEST_STEP][PASSED] - click: Object: 'Object Repository/MOH AND GRN/Page_KDMC - CMS/a_CMS Details' is clicked on

2018-05-11 10:22:05 - [MESSAGE][PASSED] - Object: 'Object Repository/MOH AND GRN/Page_KDMC - CMS/a_CMS Details' is clicked on

2018-05-11 10:22:05 - [TEST_STEP][PASSED] - delay: Delayed 2 second(s)

2018-05-11 10:22:07 - [MESSAGE][PASSED] - Delayed 2 second(s)

2018-05-11 10:22:07 - [TEST_STEP][PASSED] - click: Object: 'Object Repository/MOH AND GRN/Page_KDMC - CMS/a_Goods Receive' is clicked on

2018-05-11 10:22:08 - [MESSAGE][PASSED] - Object: 'Object Repository/MOH AND GRN/Page_KDMC - CMS/a_Goods Receive' is clicked on

2018-05-11 10:22:08 - [TEST_STEP][PASSED] - delay: Delayed 2 second(s)

2018-05-11 10:22:10 - [MESSAGE][PASSED] - Delayed 2 second(s)

2018-05-11 10:22:10 - [TEST_STEP][PASSED] - selectOptionByLabel: All options with label 'PO0090' are selected in object 'Object Repository/MOH AND GRN/Page_KDMC - CMS/select_--Select--PO0032PO0031P' 

2018-05-11 10:22:10 - [MESSAGE][PASSED] - All options with label 'PO0090' are selected in object 'Object Repository/MOH AND GRN/Page_KDMC - CMS/select_--Select--PO0032PO0031P' 

2018-05-11 10:22:10 - [TEST_STEP][PASSED] - setText: Finding Test Object with id 'Object Repository/MOH AND GRN/Page_KDMC - CMS/input_txtgrnno'

2018-05-11 10:22:10 - [TEST_STEP][PASSED] - Statement - switch (id): Text 'INV942.0' is set on object 'Object Repository/MOH AND GRN/Page_KDMC - CMS/input_txtgrnno'

2018-05-11 10:22:10 - [TEST_STEP][PASSED] - Statement - case 2:: Text 'INV942.0' is set on object 'Object Repository/MOH AND GRN/Page_KDMC - CMS/input_txtgrnno'

2018-05-11 10:22:10 - [TEST_STEP][PASSED] - Statement - return (java.lang.Math.floor((java.lang.Math.random() * ((max - min) + 1))) + min): Text 'INV942.0' is set on object 'Object Repository/MOH AND GRN/Page_KDMC - CMS/input_txtgrnno'

2018-05-11 10:22:10 - [MESSAGE][PASSED] - Text 'INV942.0' is set on object 'Object Repository/MOH AND GRN/Page_KDMC - CMS/input_txtgrnno'

2018-05-11 10:22:10 - [TEST_STEP][PASSED] - selectOptionByIndex: All options with index in [1] are selected on object 'Object Repository/MOH AND GRN/Page_KDMC - CMS/select_--Select--PERUMAL PHARM'

2018-05-11 10:22:10 - [MESSAGE][PASSED] - All options with index in [1] are selected on object 'Object Repository/MOH AND GRN/Page_KDMC - CMS/select_--Select--PERUMAL PHARM'

2018-05-11 10:22:10 - [TEST_STEP][PASSED] - setText: Text '15000' is set on object 'Object Repository/MOH AND GRN/Page_KDMC - CMS/input_txtgrnno_1'

2018-05-11 10:22:10 - [MESSAGE][PASSED] - Text '15000' is set on object 'Object Repository/MOH AND GRN/Page_KDMC - CMS/input_txtgrnno_1'

2018-05-11 10:22:10 - [TEST_STEP][PASSED] - setText: Text '500' is set on object 'Object Repository/MOH AND GRN/Page_KDMC - CMS/input_txtgrnno_2'

2018-05-11 10:22:11 - [MESSAGE][PASSED] - Text '500' is set on object 'Object Repository/MOH AND GRN/Page_KDMC - CMS/input_txtgrnno_2'

2018-05-11 10:22:11 - [TEST_STEP][PASSED] - setText: Finding Test Object with id 'Object Repository/MOH AND GRN/Page_KDMC - CMS/input_txtgrnno_3'

2018-05-11 10:22:11 - [TEST_STEP][PASSED] - Statement - switch (id): Text 'CH601.0' is set on object 'Object Repository/MOH AND GRN/Page_KDMC - CMS/input_txtgrnno_3'

2018-05-11 10:22:11 - [TEST_STEP][PASSED] - Statement - case 3:: Text 'CH601.0' is set on object 'Object Repository/MOH AND GRN/Page_KDMC - CMS/input_txtgrnno_3'

2018-05-11 10:22:11 - [TEST_STEP][PASSED] - Statement - return (java.lang.Math.floor((java.lang.Math.random() * ((max - min) + 1))) + min): Text 'CH601.0' is set on object 'Object Repository/MOH AND GRN/Page_KDMC - CMS/input_txtgrnno_3'

2018-05-11 10:22:11 - [MESSAGE][PASSED] - Text 'CH601.0' is set on object 'Object Repository/MOH AND GRN/Page_KDMC - CMS/input_txtgrnno_3'

2018-05-11 10:22:11 - [TEST_STEP][PASSED] - scrollToPosition: Browser is scrolled to position x = 200, y = 200

2018-05-11 10:22:11 - [MESSAGE][PASSED] - Browser is scrolled to position x = 200, y = 200

2018-05-11 10:22:11 - [TEST_STEP][PASSED] - Statement - GrnLength = com.kms.katalon.core.webui.keyword.WebUiBuiltInKeywords.getNumberOfTotalOption(com.kms.katalon.core.testobject.ObjectRepository.findTestObject(MOH AND GRN/Page_KDMC - CMS/select_--Select--Amikacin -500)): 64 options of object 'Object Repository/MOH AND GRN/Page_KDMC - CMS/select_--Select--Amikacin -500' counted

2018-05-11 10:22:11 - [MESSAGE][PASSED] - 64 options of object 'Object Repository/MOH AND GRN/Page_KDMC - CMS/select_--Select--Amikacin -500' counted

2018-05-11 10:22:11 - [TEST_STEP][PASSED] - Statement - out.println("Length OF The Medicine " + GrnLength): null

2018-05-11 10:22:11 - [TEST_STEP][PASSED] - Statement - s = 1: null

2018-05-11 10:22:11 - [TEST_STEP][PASSED] - Statement - For ([t = 1, t < GrnLength, (t++)]): Finding Test Object with id 'Object Repository/MOH AND GRN/Page_KDMC - CMS/input_txtmrp'

2018-05-11 10:22:11 - [TEST_STEP][PASSED] - selectOptionByIndex: All options with index in [1] are selected on object 'Object Repository/MOH AND GRN/Page_KDMC - CMS/select_--Select--Amikacin -500'

2018-05-11 10:22:11 - [MESSAGE][PASSED] - All options with index in [1] are selected on object 'Object Repository/MOH AND GRN/Page_KDMC - CMS/select_--Select--Amikacin -500'

2018-05-11 10:22:11 - [TEST_STEP][PASSED] - setText: Text '5000' is set on object 'Object Repository/MOH AND GRN/Page_KDMC - CMS/input_txtqty'

2018-05-11 10:22:11 - [MESSAGE][PASSED] - Text '5000' is set on object 'Object Repository/MOH AND GRN/Page_KDMC - CMS/input_txtqty'

2018-05-11 10:22:11 - [TEST_STEP][PASSED] - selectOptionByIndex: All options with index in [1] are selected on object 'Object Repository/MOH AND GRN/Page_KDMC - CMS/select_--Select--No Tax0'

2018-05-11 10:22:11 - [MESSAGE][PASSED] - All options with index in [1] are selected on object 'Object Repository/MOH AND GRN/Page_KDMC - CMS/select_--Select--No Tax0'

2018-05-11 10:22:11 - [TEST_STEP][PASSED] - setText: Finding Test Object with id 'Object Repository/MOH AND GRN/Page_KDMC - CMS/input_txtmrp'

2018-05-11 10:22:11 - [TEST_STEP][PASSED] - Statement - switch (id): Finding Test Object with id 'Object Repository/MOH AND GRN/Page_KDMC - CMS/input_txtdeal'

2018-05-11 10:22:11 - [TEST_STEP][PASSED] - Statement - case 4:: Text '34.0' is set on object 'Object Repository/MOH AND GRN/Page_KDMC - CMS/input_txtmrp'

2018-05-11 10:22:11 - [TEST_STEP][PASSED] - Statement - return (java.lang.Math.floor((java.lang.Math.random() * ((max - min) + 1))) + min): Text '34.0' is set on object 'Object Repository/MOH AND GRN/Page_KDMC - CMS/input_txtmrp'

2018-05-11 10:22:12 - [MESSAGE][PASSED] - Text '34.0' is set on object 'Object Repository/MOH AND GRN/Page_KDMC - CMS/input_txtmrp'

2018-05-11 10:22:12 - [TEST_STEP][PASSED] - setText: Finding Test Object with id 'Object Repository/MOH AND GRN/Page_KDMC - CMS/input_txtdeal'

2018-05-11 10:22:12 - [TEST_STEP][PASSED] - Statement - switch (id): Finding Test Object with id 'Object Repository/MOH AND GRN/Page_KDMC - CMS/input_txtbatchno'

2018-05-11 10:22:12 - [TEST_STEP][PASSED] - Statement - case 5:: Text '1.0' is set on object 'Object Repository/MOH AND GRN/Page_KDMC - CMS/input_txtdeal'

2018-05-11 10:22:12 - [TEST_STEP][PASSED] - Statement - return (java.lang.Math.floor((java.lang.Math.random() * ((max - min) + 1))) + min): Text '1.0' is set on object 'Object Repository/MOH AND GRN/Page_KDMC - CMS/input_txtdeal'

2018-05-11 10:22:12 - [MESSAGE][PASSED] - Text '1.0' is set on object 'Object Repository/MOH AND GRN/Page_KDMC - CMS/input_txtdeal'

2018-05-11 10:22:12 - [TEST_STEP][PASSED] - setText: Finding Test Object with id 'Object Repository/MOH AND GRN/Page_KDMC - CMS/input_txtbatchno'

2018-05-11 10:22:12 - [TEST_STEP][PASSED] - Statement - switch (id): Finding Test Object with id 'Object Repository/MOH AND GRN/Page_KDMC - CMS/input_txtmrp'

2018-05-11 10:22:12 - [TEST_STEP][PASSED] - Statement - case 1:: Text 'BA78.0' is set on object 'Object Repository/MOH AND GRN/Page_KDMC - CMS/input_txtbatchno'

2018-05-11 10:22:12 - [TEST_STEP][PASSED] - Statement - return (java.lang.Math.floor((java.lang.Math.random() * ((max - min) + 1))) + min): Text 'BA78.0' is set on object 'Object Repository/MOH AND GRN/Page_KDMC - CMS/input_txtbatchno'

2018-05-11 10:22:12 - [MESSAGE][PASSED] - Text 'BA78.0' is set on object 'Object Repository/MOH AND GRN/Page_KDMC - CMS/input_txtbatchno'

2018-05-11 10:22:12 - [TEST_STEP][PASSED] - rightClick: Object: 'Object Repository/GRN/Page_KDMC - CMS/input_txtexpdate' is right clicked on

2018-05-11 10:22:12 - [MESSAGE][PASSED] - Object: 'Object Repository/GRN/Page_KDMC - CMS/input_txtexpdate' is right clicked on

2018-05-11 10:22:12 - [TEST_STEP][PASSED] - selectOptionByIndex: All options with index in [1] are selected on object 'Object Repository/GRN/Page_KDMC - CMS/select_20182019202020212022202'

2018-05-11 10:22:13 - [MESSAGE][PASSED] - All options with index in [1] are selected on object 'Object Repository/GRN/Page_KDMC - CMS/select_20182019202020212022202'

2018-05-11 10:22:13 - [TEST_STEP][PASSED] - selectOptionByIndex: All options with index in [1] are selected on object 'Object Repository/GRN/Page_KDMC - CMS/select_JanFebMarAprMayJunJulAu'

2018-05-11 10:22:13 - [MESSAGE][PASSED] - All options with index in [1] are selected on object 'Object Repository/GRN/Page_KDMC - CMS/select_JanFebMarAprMayJunJulAu'

2018-05-11 10:22:13 - [TEST_STEP][PASSED] - click: Object: 'Object Repository/MOH AND GRN/Page_KDMC - CMS/a_12' is clicked on

2018-05-11 10:22:13 - [MESSAGE][PASSED] - Object: 'Object Repository/MOH AND GRN/Page_KDMC - CMS/a_12' is clicked on

2018-05-11 10:22:13 - [TEST_STEP][PASSED] - click: Object: 'Object Repository/MOH AND GRN/Page_KDMC - CMS/input_btnadd' is clicked on

2018-05-11 10:22:13 - [MESSAGE][PASSED] - Object: 'Object Repository/MOH AND GRN/Page_KDMC - CMS/input_btnadd' is clicked on

2018-05-11 10:22:13 - [TEST_STEP][PASSED] - Statement - If (s == 10): null

2018-05-11 10:22:13 - [TEST_STEP][PASSED] - Statement - Else: null

2018-05-11 10:22:13 - [TEST_STEP][PASSED] - Statement - (s++): null

2018-05-11 10:22:13 - [TEST_STEP][PASSED] - delay: Delayed 1 second(s)

2018-05-11 10:22:14 - [MESSAGE][PASSED] - Delayed 1 second(s)

2018-05-11 10:22:14 - [TEST_STEP][PASSED] - selectOptionByIndex: All options with index in [2] are selected on object 'Object Repository/MOH AND GRN/Page_KDMC - CMS/select_--Select--Amikacin -500'

2018-05-11 10:22:14 - [MESSAGE][PASSED] - All options with index in [2] are selected on object 'Object Repository/MOH AND GRN/Page_KDMC - CMS/select_--Select--Amikacin -500'

2018-05-11 10:22:14 - [TEST_STEP][PASSED] - setText: Text '5000' is set on object 'Object Repository/MOH AND GRN/Page_KDMC - CMS/input_txtqty'

2018-05-11 10:22:14 - [MESSAGE][PASSED] - Text '5000' is set on object 'Object Repository/MOH AND GRN/Page_KDMC - CMS/input_txtqty'

2018-05-11 10:22:14 - [TEST_STEP][PASSED] - selectOptionByIndex: All options with index in [1] are selected on object 'Object Repository/MOH AND GRN/Page_KDMC - CMS/select_--Select--No Tax0'

2018-05-11 10:22:14 - [MESSAGE][PASSED] - All options with index in [1] are selected on object 'Object Repository/MOH AND GRN/Page_KDMC - CMS/select_--Select--No Tax0'

2018-05-11 10:22:14 - [TEST_STEP][PASSED] - setText: Finding Test Object with id 'Object Repository/MOH AND GRN/Page_KDMC - CMS/input_txtmrp'

2018-05-11 10:22:14 - [TEST_STEP][PASSED] - Statement - switch (id): Finding Test Object with id 'Object Repository/MOH AND GRN/Page_KDMC - CMS/input_txtdeal'

2018-05-11 10:22:14 - [TEST_STEP][PASSED] - Statement - case 4:: Text '25.0' is set on object 'Object Repository/MOH AND GRN/Page_KDMC - CMS/input_txtmrp'

2018-05-11 10:22:14 - [TEST_STEP][PASSED] - Statement - return (java.lang.Math.floor((java.lang.Math.random() * ((max - min) + 1))) + min): Text '25.0' is set on object 'Object Repository/MOH AND GRN/Page_KDMC - CMS/input_txtmrp'

2018-05-11 10:22:14 - [MESSAGE][PASSED] - Text '25.0' is set on object 'Object Repository/MOH AND GRN/Page_KDMC - CMS/input_txtmrp'

2018-05-11 10:22:14 - [TEST_STEP][PASSED] - setText: Finding Test Object with id 'Object Repository/MOH AND GRN/Page_KDMC - CMS/input_txtdeal'

2018-05-11 10:22:14 - [TEST_STEP][PASSED] - Statement - switch (id): Finding Test Object with id 'Object Repository/MOH AND GRN/Page_KDMC - CMS/input_txtbatchno'

2018-05-11 10:22:14 - [TEST_STEP][PASSED] - Statement - case 5:: Text '8.0' is set on object 'Object Repository/MOH AND GRN/Page_KDMC - CMS/input_txtdeal'

2018-05-11 10:22:14 - [TEST_STEP][PASSED] - Statement - return (java.lang.Math.floor((java.lang.Math.random() * ((max - min) + 1))) + min): Text '8.0' is set on object 'Object Repository/MOH AND GRN/Page_KDMC - CMS/input_txtdeal'

2018-05-11 10:22:15 - [MESSAGE][PASSED] - Text '8.0' is set on object 'Object Repository/MOH AND GRN/Page_KDMC - CMS/input_txtdeal'

2018-05-11 10:22:15 - [TEST_STEP][PASSED] - setText: Finding Test Object with id 'Object Repository/MOH AND GRN/Page_KDMC - CMS/input_txtbatchno'

2018-05-11 10:22:15 - [TEST_STEP][PASSED] - Statement - switch (id): Finding Test Object with id 'Object Repository/MOH AND GRN/Page_KDMC - CMS/input_txtmrp'

2018-05-11 10:22:15 - [TEST_STEP][PASSED] - Statement - case 1:: Text 'BA74.0' is set on object 'Object Repository/MOH AND GRN/Page_KDMC - CMS/input_txtbatchno'

2018-05-11 10:22:15 - [TEST_STEP][PASSED] - Statement - return (java.lang.Math.floor((java.lang.Math.random() * ((max - min) + 1))) + min): Text 'BA74.0' is set on object 'Object Repository/MOH AND GRN/Page_KDMC - CMS/input_txtbatchno'

2018-05-11 10:22:15 - [MESSAGE][PASSED] - Text 'BA74.0' is set on object 'Object Repository/MOH AND GRN/Page_KDMC - CMS/input_txtbatchno'

2018-05-11 10:22:15 - [TEST_STEP][PASSED] - rightClick: Object: 'Object Repository/GRN/Page_KDMC - CMS/input_txtexpdate' is right clicked on

2018-05-11 10:22:15 - [MESSAGE][PASSED] - Object: 'Object Repository/GRN/Page_KDMC - CMS/input_txtexpdate' is right clicked on

2018-05-11 10:22:15 - [TEST_STEP][PASSED] - selectOptionByIndex: All options with index in [2] are selected on object 'Object Repository/GRN/Page_KDMC - CMS/select_20182019202020212022202'

2018-05-11 10:22:15 - [MESSAGE][PASSED] - All options with index in [2] are selected on object 'Object Repository/GRN/Page_KDMC - CMS/select_20182019202020212022202'

2018-05-11 10:22:15 - [TEST_STEP][PASSED] - selectOptionByIndex: All options with index in [2] are selected on object 'Object Repository/GRN/Page_KDMC - CMS/select_JanFebMarAprMayJunJulAu'

2018-05-11 10:22:15 - [MESSAGE][PASSED] - All options with index in [2] are selected on object 'Object Repository/GRN/Page_KDMC - CMS/select_JanFebMarAprMayJunJulAu'

2018-05-11 10:22:15 - [TEST_STEP][PASSED] - click: Object: 'Object Repository/MOH AND GRN/Page_KDMC - CMS/a_12' is clicked on

2018-05-11 10:22:15 - [MESSAGE][PASSED] - Object: 'Object Repository/MOH AND GRN/Page_KDMC - CMS/a_12' is clicked on

2018-05-11 10:22:15 - [TEST_STEP][PASSED] - click: Object: 'Object Repository/MOH AND GRN/Page_KDMC - CMS/input_btnadd' is clicked on

2018-05-11 10:22:15 - [MESSAGE][PASSED] - Object: 'Object Repository/MOH AND GRN/Page_KDMC - CMS/input_btnadd' is clicked on

2018-05-11 10:22:15 - [TEST_STEP][PASSED] - Statement - If (s == 10): null

2018-05-11 10:22:15 - [TEST_STEP][PASSED] - Statement - Else: null

2018-05-11 10:22:15 - [TEST_STEP][PASSED] - Statement - (s++): null

2018-05-11 10:22:15 - [TEST_STEP][PASSED] - delay: Delayed 1 second(s)

2018-05-11 10:22:16 - [MESSAGE][PASSED] - Delayed 1 second(s)

2018-05-11 10:22:16 - [TEST_STEP][PASSED] - selectOptionByIndex: All options with index in [3] are selected on object 'Object Repository/MOH AND GRN/Page_KDMC - CMS/select_--Select--Amikacin -500'

2018-05-11 10:22:16 - [MESSAGE][PASSED] - All options with index in [3] are selected on object 'Object Repository/MOH AND GRN/Page_KDMC - CMS/select_--Select--Amikacin -500'

2018-05-11 10:22:16 - [TEST_STEP][PASSED] - setText: Text '5000' is set on object 'Object Repository/MOH AND GRN/Page_KDMC - CMS/input_txtqty'

2018-05-11 10:22:17 - [MESSAGE][PASSED] - Text '5000' is set on object 'Object Repository/MOH AND GRN/Page_KDMC - CMS/input_txtqty'

2018-05-11 10:22:17 - [TEST_STEP][PASSED] - selectOptionByIndex: All options with index in [1] are selected on object 'Object Repository/MOH AND GRN/Page_KDMC - CMS/select_--Select--No Tax0'

2018-05-11 10:22:17 - [MESSAGE][PASSED] - All options with index in [1] are selected on object 'Object Repository/MOH AND GRN/Page_KDMC - CMS/select_--Select--No Tax0'

2018-05-11 10:22:17 - [TEST_STEP][PASSED] - setText: Finding Test Object with id 'Object Repository/MOH AND GRN/Page_KDMC - CMS/input_txtmrp'

2018-05-11 10:22:17 - [TEST_STEP][PASSED] - Statement - switch (id): Finding Test Object with id 'Object Repository/MOH AND GRN/Page_KDMC - CMS/input_txtdeal'

2018-05-11 10:22:17 - [TEST_STEP][PASSED] - Statement - case 4:: Text '38.0' is set on object 'Object Repository/MOH AND GRN/Page_KDMC - CMS/input_txtmrp'

2018-05-11 10:22:17 - [TEST_STEP][PASSED] - Statement - return (java.lang.Math.floor((java.lang.Math.random() * ((max - min) + 1))) + min): Text '38.0' is set on object 'Object Repository/MOH AND GRN/Page_KDMC - CMS/input_txtmrp'

2018-05-11 10:22:17 - [MESSAGE][PASSED] - Text '38.0' is set on object 'Object Repository/MOH AND GRN/Page_KDMC - CMS/input_txtmrp'

2018-05-11 10:22:17 - [TEST_STEP][PASSED] - setText: Finding Test Object with id 'Object Repository/MOH AND GRN/Page_KDMC - CMS/input_txtdeal'

2018-05-11 10:22:17 - [TEST_STEP][PASSED] - Statement - switch (id): Finding Test Object with id 'Object Repository/MOH AND GRN/Page_KDMC - CMS/input_txtbatchno'

2018-05-11 10:22:17 - [TEST_STEP][PASSED] - Statement - case 5:: Text '3.0' is set on object 'Object Repository/MOH AND GRN/Page_KDMC - CMS/input_txtdeal'

2018-05-11 10:22:17 - [TEST_STEP][PASSED] - Statement - return (java.lang.Math.floor((java.lang.Math.random() * ((max - min) + 1))) + min): Text '3.0' is set on object 'Object Repository/MOH AND GRN/Page_KDMC - CMS/input_txtdeal'

2018-05-11 10:22:17 - [MESSAGE][PASSED] - Text '3.0' is set on object 'Object Repository/MOH AND GRN/Page_KDMC - CMS/input_txtdeal'

2018-05-11 10:22:17 - [TEST_STEP][PASSED] - setText: Finding Test Object with id 'Object Repository/MOH AND GRN/Page_KDMC - CMS/input_txtbatchno'

2018-05-11 10:22:17 - [TEST_STEP][PASSED] - Statement - switch (id): Finding Test Object with id 'Object Repository/MOH AND GRN/Page_KDMC - CMS/input_txtmrp'

2018-05-11 10:22:17 - [TEST_STEP][PASSED] - Statement - case 1:: Text 'BA413.0' is set on object 'Object Repository/MOH AND GRN/Page_KDMC - CMS/input_txtbatchno'

2018-05-11 10:22:17 - [TEST_STEP][PASSED] - Statement - return (java.lang.Math.floor((java.lang.Math.random() * ((max - min) + 1))) + min): Text 'BA413.0' is set on object 'Object Repository/MOH AND GRN/Page_KDMC - CMS/input_txtbatchno'

2018-05-11 10:22:17 - [MESSAGE][PASSED] - Text 'BA413.0' is set on object 'Object Repository/MOH AND GRN/Page_KDMC - CMS/input_txtbatchno'

2018-05-11 10:22:17 - [TEST_STEP][PASSED] - rightClick: Object: 'Object Repository/GRN/Page_KDMC - CMS/input_txtexpdate' is right clicked on

2018-05-11 10:22:17 - [MESSAGE][PASSED] - Object: 'Object Repository/GRN/Page_KDMC - CMS/input_txtexpdate' is right clicked on

2018-05-11 10:22:17 - [TEST_STEP][PASSED] - selectOptionByIndex: All options with index in [3] are selected on object 'Object Repository/GRN/Page_KDMC - CMS/select_20182019202020212022202'

2018-05-11 10:22:17 - [MESSAGE][PASSED] - All options with index in [3] are selected on object 'Object Repository/GRN/Page_KDMC - CMS/select_20182019202020212022202'

2018-05-11 10:22:17 - [TEST_STEP][PASSED] - selectOptionByIndex: All options with index in [3] are selected on object 'Object Repository/GRN/Page_KDMC - CMS/select_JanFebMarAprMayJunJulAu'

2018-05-11 10:22:17 - [MESSAGE][PASSED] - All options with index in [3] are selected on object 'Object Repository/GRN/Page_KDMC - CMS/select_JanFebMarAprMayJunJulAu'

2018-05-11 10:22:17 - [TEST_STEP][PASSED] - click: Object: 'Object Repository/MOH AND GRN/Page_KDMC - CMS/a_12' is clicked on

2018-05-11 10:22:18 - [MESSAGE][PASSED] - Object: 'Object Repository/MOH AND GRN/Page_KDMC - CMS/a_12' is clicked on

2018-05-11 10:22:18 - [TEST_STEP][PASSED] - click: Object: 'Object Repository/MOH AND GRN/Page_KDMC - CMS/input_btnadd' is clicked on

2018-05-11 10:22:18 - [MESSAGE][PASSED] - Object: 'Object Repository/MOH AND GRN/Page_KDMC - CMS/input_btnadd' is clicked on

2018-05-11 10:22:18 - [TEST_STEP][PASSED] - Statement - If (s == 10): null

2018-05-11 10:22:18 - [TEST_STEP][PASSED] - Statement - Else: null

2018-05-11 10:22:18 - [TEST_STEP][PASSED] - Statement - (s++): null

2018-05-11 10:22:18 - [TEST_STEP][PASSED] - delay: Delayed 1 second(s)

2018-05-11 10:22:19 - [MESSAGE][PASSED] - Delayed 1 second(s)

2018-05-11 10:22:19 - [TEST_STEP][PASSED] - selectOptionByIndex: All options with index in [4] are selected on object 'Object Repository/MOH AND GRN/Page_KDMC - CMS/select_--Select--Amikacin -500'

2018-05-11 10:22:19 - [MESSAGE][PASSED] - All options with index in [4] are selected on object 'Object Repository/MOH AND GRN/Page_KDMC - CMS/select_--Select--Amikacin -500'

2018-05-11 10:22:19 - [TEST_STEP][PASSED] - setText: Text '5000' is set on object 'Object Repository/MOH AND GRN/Page_KDMC - CMS/input_txtqty'

2018-05-11 10:22:19 - [MESSAGE][PASSED] - Text '5000' is set on object 'Object Repository/MOH AND GRN/Page_KDMC - CMS/input_txtqty'

2018-05-11 10:22:19 - [TEST_STEP][PASSED] - selectOptionByIndex: All options with index in [1] are selected on object 'Object Repository/MOH AND GRN/Page_KDMC - CMS/select_--Select--No Tax0'

2018-05-11 10:22:19 - [MESSAGE][PASSED] - All options with index in [1] are selected on object 'Object Repository/MOH AND GRN/Page_KDMC - CMS/select_--Select--No Tax0'

2018-05-11 10:22:19 - [TEST_STEP][PASSED] - setText: Finding Test Object with id 'Object Repository/MOH AND GRN/Page_KDMC - CMS/input_txtmrp'

2018-05-11 10:22:19 - [TEST_STEP][PASSED] - Statement - switch (id): Finding Test Object with id 'Object Repository/MOH AND GRN/Page_KDMC - CMS/input_txtdeal'

2018-05-11 10:22:19 - [TEST_STEP][PASSED] - Statement - case 4:: Text '15.0' is set on object 'Object Repository/MOH AND GRN/Page_KDMC - CMS/input_txtmrp'

2018-05-11 10:22:19 - [TEST_STEP][PASSED] - Statement - return (java.lang.Math.floor((java.lang.Math.random() * ((max - min) + 1))) + min): Text '15.0' is set on object 'Object Repository/MOH AND GRN/Page_KDMC - CMS/input_txtmrp'

2018-05-11 10:22:19 - [MESSAGE][PASSED] - Text '15.0' is set on object 'Object Repository/MOH AND GRN/Page_KDMC - CMS/input_txtmrp'

2018-05-11 10:22:19 - [TEST_STEP][PASSED] - setText: Finding Test Object with id 'Object Repository/MOH AND GRN/Page_KDMC - CMS/input_txtdeal'

2018-05-11 10:22:19 - [TEST_STEP][PASSED] - Statement - switch (id): Finding Test Object with id 'Object Repository/MOH AND GRN/Page_KDMC - CMS/input_txtbatchno'

2018-05-11 10:22:19 - [TEST_STEP][PASSED] - Statement - case 5:: Text '1.0' is set on object 'Object Repository/MOH AND GRN/Page_KDMC - CMS/input_txtdeal'

2018-05-11 10:22:19 - [TEST_STEP][PASSED] - Statement - return (java.lang.Math.floor((java.lang.Math.random() * ((max - min) + 1))) + min): Text '1.0' is set on object 'Object Repository/MOH AND GRN/Page_KDMC - CMS/input_txtdeal'

2018-05-11 10:22:19 - [MESSAGE][PASSED] - Text '1.0' is set on object 'Object Repository/MOH AND GRN/Page_KDMC - CMS/input_txtdeal'

2018-05-11 10:22:19 - [TEST_STEP][PASSED] - setText: Finding Test Object with id 'Object Repository/MOH AND GRN/Page_KDMC - CMS/input_txtbatchno'

2018-05-11 10:22:19 - [TEST_STEP][PASSED] - Statement - switch (id): Finding Test Object with id 'Object Repository/MOH AND GRN/Page_KDMC - CMS/input_txtmrp'

2018-05-11 10:22:19 - [TEST_STEP][PASSED] - Statement - case 1:: Text 'BA356.0' is set on object 'Object Repository/MOH AND GRN/Page_KDMC - CMS/input_txtbatchno'

2018-05-11 10:22:19 - [TEST_STEP][PASSED] - Statement - return (java.lang.Math.floor((java.lang.Math.random() * ((max - min) + 1))) + min): Text 'BA356.0' is set on object 'Object Repository/MOH AND GRN/Page_KDMC - CMS/input_txtbatchno'

2018-05-11 10:22:19 - [MESSAGE][PASSED] - Text 'BA356.0' is set on object 'Object Repository/MOH AND GRN/Page_KDMC - CMS/input_txtbatchno'

2018-05-11 10:22:19 - [TEST_STEP][PASSED] - rightClick: Object: 'Object Repository/GRN/Page_KDMC - CMS/input_txtexpdate' is right clicked on

2018-05-11 10:22:20 - [MESSAGE][PASSED] - Object: 'Object Repository/GRN/Page_KDMC - CMS/input_txtexpdate' is right clicked on

2018-05-11 10:22:20 - [TEST_STEP][PASSED] - selectOptionByIndex: All options with index in [4] are selected on object 'Object Repository/GRN/Page_KDMC - CMS/select_20182019202020212022202'

2018-05-11 10:22:20 - [MESSAGE][PASSED] - All options with index in [4] are selected on object 'Object Repository/GRN/Page_KDMC - CMS/select_20182019202020212022202'

2018-05-11 10:22:20 - [TEST_STEP][PASSED] - selectOptionByIndex: All options with index in [4] are selected on object 'Object Repository/GRN/Page_KDMC - CMS/select_JanFebMarAprMayJunJulAu'

2018-05-11 10:22:20 - [MESSAGE][PASSED] - All options with index in [4] are selected on object 'Object Repository/GRN/Page_KDMC - CMS/select_JanFebMarAprMayJunJulAu'

2018-05-11 10:22:20 - [TEST_STEP][PASSED] - click: Object: 'Object Repository/MOH AND GRN/Page_KDMC - CMS/a_12' is clicked on

2018-05-11 10:22:20 - [MESSAGE][PASSED] - Object: 'Object Repository/MOH AND GRN/Page_KDMC - CMS/a_12' is clicked on

2018-05-11 10:22:20 - [TEST_STEP][PASSED] - click: Object: 'Object Repository/MOH AND GRN/Page_KDMC - CMS/input_btnadd' is clicked on

2018-05-11 10:22:20 - [MESSAGE][PASSED] - Object: 'Object Repository/MOH AND GRN/Page_KDMC - CMS/input_btnadd' is clicked on

2018-05-11 10:22:20 - [TEST_STEP][PASSED] - Statement - If (s == 10): null

2018-05-11 10:22:20 - [TEST_STEP][PASSED] - Statement - Else: null

2018-05-11 10:22:20 - [TEST_STEP][PASSED] - Statement - (s++): null

2018-05-11 10:22:20 - [TEST_STEP][PASSED] - delay: Delayed 1 second(s)

2018-05-11 10:22:21 - [MESSAGE][PASSED] - Delayed 1 second(s)

2018-05-11 10:22:21 - [TEST_STEP][PASSED] - selectOptionByIndex: All options with index in [5] are selected on object 'Object Repository/MOH AND GRN/Page_KDMC - CMS/select_--Select--Amikacin -500'

2018-05-11 10:22:21 - [MESSAGE][PASSED] - All options with index in [5] are selected on object 'Object Repository/MOH AND GRN/Page_KDMC - CMS/select_--Select--Amikacin -500'

2018-05-11 10:22:21 - [TEST_STEP][PASSED] - setText: Text '5000' is set on object 'Object Repository/MOH AND GRN/Page_KDMC - CMS/input_txtqty'

2018-05-11 10:22:21 - [MESSAGE][PASSED] - Text '5000' is set on object 'Object Repository/MOH AND GRN/Page_KDMC - CMS/input_txtqty'

2018-05-11 10:22:21 - [TEST_STEP][PASSED] - selectOptionByIndex: All options with index in [1] are selected on object 'Object Repository/MOH AND GRN/Page_KDMC - CMS/select_--Select--No Tax0'

2018-05-11 10:22:21 - [MESSAGE][PASSED] - All options with index in [1] are selected on object 'Object Repository/MOH AND GRN/Page_KDMC - CMS/select_--Select--No Tax0'

2018-05-11 10:22:21 - [TEST_STEP][PASSED] - setText: Finding Test Object with id 'Object Repository/MOH AND GRN/Page_KDMC - CMS/input_txtmrp'

2018-05-11 10:22:21 - [TEST_STEP][PASSED] - Statement - switch (id): Finding Test Object with id 'Object Repository/MOH AND GRN/Page_KDMC - CMS/input_txtdeal'

2018-05-11 10:22:21 - [TEST_STEP][PASSED] - Statement - case 4:: Text '24.0' is set on object 'Object Repository/MOH AND GRN/Page_KDMC - CMS/input_txtmrp'

2018-05-11 10:22:21 - [TEST_STEP][PASSED] - Statement - return (java.lang.Math.floor((java.lang.Math.random() * ((max - min) + 1))) + min): Text '24.0' is set on object 'Object Repository/MOH AND GRN/Page_KDMC - CMS/input_txtmrp'

2018-05-11 10:22:22 - [MESSAGE][PASSED] - Text '24.0' is set on object 'Object Repository/MOH AND GRN/Page_KDMC - CMS/input_txtmrp'

2018-05-11 10:22:22 - [TEST_STEP][PASSED] - setText: Finding Test Object with id 'Object Repository/MOH AND GRN/Page_KDMC - CMS/input_txtdeal'

2018-05-11 10:22:22 - [TEST_STEP][PASSED] - Statement - switch (id): Finding Test Object with id 'Object Repository/MOH AND GRN/Page_KDMC - CMS/input_txtbatchno'

2018-05-11 10:22:22 - [TEST_STEP][PASSED] - Statement - case 5:: Text '12.0' is set on object 'Object Repository/MOH AND GRN/Page_KDMC - CMS/input_txtdeal'

2018-05-11 10:22:22 - [TEST_STEP][PASSED] - Statement - return (java.lang.Math.floor((java.lang.Math.random() * ((max - min) + 1))) + min): Text '12.0' is set on object 'Object Repository/MOH AND GRN/Page_KDMC - CMS/input_txtdeal'

2018-05-11 10:22:22 - [MESSAGE][PASSED] - Text '12.0' is set on object 'Object Repository/MOH AND GRN/Page_KDMC - CMS/input_txtdeal'

2018-05-11 10:22:22 - [TEST_STEP][PASSED] - setText: Finding Test Object with id 'Object Repository/MOH AND GRN/Page_KDMC - CMS/input_txtbatchno'

2018-05-11 10:22:22 - [TEST_STEP][PASSED] - Statement - switch (id): Finding Test Object with id 'Object Repository/MOH AND GRN/Page_KDMC - CMS/input_txtmrp'

2018-05-11 10:22:22 - [TEST_STEP][PASSED] - Statement - case 1:: Text 'BA811.0' is set on object 'Object Repository/MOH AND GRN/Page_KDMC - CMS/input_txtbatchno'

2018-05-11 10:22:22 - [TEST_STEP][PASSED] - Statement - return (java.lang.Math.floor((java.lang.Math.random() * ((max - min) + 1))) + min): Text 'BA811.0' is set on object 'Object Repository/MOH AND GRN/Page_KDMC - CMS/input_txtbatchno'

2018-05-11 10:22:22 - [MESSAGE][PASSED] - Text 'BA811.0' is set on object 'Object Repository/MOH AND GRN/Page_KDMC - CMS/input_txtbatchno'

2018-05-11 10:22:22 - [TEST_STEP][PASSED] - rightClick: Object: 'Object Repository/GRN/Page_KDMC - CMS/input_txtexpdate' is right clicked on

2018-05-11 10:22:22 - [MESSAGE][PASSED] - Object: 'Object Repository/GRN/Page_KDMC - CMS/input_txtexpdate' is right clicked on

2018-05-11 10:22:22 - [TEST_STEP][PASSED] - selectOptionByIndex: All options with index in [5] are selected on object 'Object Repository/GRN/Page_KDMC - CMS/select_20182019202020212022202'

2018-05-11 10:22:22 - [MESSAGE][PASSED] - All options with index in [5] are selected on object 'Object Repository/GRN/Page_KDMC - CMS/select_20182019202020212022202'

2018-05-11 10:22:22 - [TEST_STEP][PASSED] - selectOptionByIndex: All options with index in [5] are selected on object 'Object Repository/GRN/Page_KDMC - CMS/select_JanFebMarAprMayJunJulAu'

2018-05-11 10:22:22 - [MESSAGE][PASSED] - All options with index in [5] are selected on object 'Object Repository/GRN/Page_KDMC - CMS/select_JanFebMarAprMayJunJulAu'

2018-05-11 10:22:22 - [TEST_STEP][PASSED] - click: Object: 'Object Repository/MOH AND GRN/Page_KDMC - CMS/a_12' is clicked on

2018-05-11 10:22:22 - [MESSAGE][PASSED] - Object: 'Object Repository/MOH AND GRN/Page_KDMC - CMS/a_12' is clicked on

2018-05-11 10:22:22 - [TEST_STEP][PASSED] - click: Object: 'Object Repository/MOH AND GRN/Page_KDMC - CMS/input_btnadd' is clicked on

2018-05-11 10:22:22 - [MESSAGE][PASSED] - Object: 'Object Repository/MOH AND GRN/Page_KDMC - CMS/input_btnadd' is clicked on

2018-05-11 10:22:22 - [TEST_STEP][PASSED] - Statement - If (s == 10): null

2018-05-11 10:22:22 - [TEST_STEP][PASSED] - Statement - Else: null

2018-05-11 10:22:22 - [TEST_STEP][PASSED] - Statement - (s++): null

2018-05-11 10:22:22 - [TEST_STEP][PASSED] - delay: Delayed 1 second(s)

2018-05-11 10:22:23 - [MESSAGE][PASSED] - Delayed 1 second(s)

2018-05-11 10:22:23 - [TEST_STEP][PASSED] - selectOptionByIndex: All options with index in [6] are selected on object 'Object Repository/MOH AND GRN/Page_KDMC - CMS/select_--Select--Amikacin -500'

2018-05-11 10:22:24 - [MESSAGE][PASSED] - All options with index in [6] are selected on object 'Object Repository/MOH AND GRN/Page_KDMC - CMS/select_--Select--Amikacin -500'

2018-05-11 10:22:24 - [TEST_STEP][PASSED] - setText: Text '5000' is set on object 'Object Repository/MOH AND GRN/Page_KDMC - CMS/input_txtqty'

2018-05-11 10:22:24 - [MESSAGE][PASSED] - Text '5000' is set on object 'Object Repository/MOH AND GRN/Page_KDMC - CMS/input_txtqty'

2018-05-11 10:22:24 - [TEST_STEP][PASSED] - selectOptionByIndex: All options with index in [1] are selected on object 'Object Repository/MOH AND GRN/Page_KDMC - CMS/select_--Select--No Tax0'

2018-05-11 10:22:24 - [MESSAGE][PASSED] - All options with index in [1] are selected on object 'Object Repository/MOH AND GRN/Page_KDMC - CMS/select_--Select--No Tax0'

2018-05-11 10:22:24 - [TEST_STEP][PASSED] - setText: Finding Test Object with id 'Object Repository/MOH AND GRN/Page_KDMC - CMS/input_txtmrp'

2018-05-11 10:22:24 - [TEST_STEP][PASSED] - Statement - switch (id): Finding Test Object with id 'Object Repository/MOH AND GRN/Page_KDMC - CMS/input_txtdeal'

2018-05-11 10:22:24 - [TEST_STEP][PASSED] - Statement - case 4:: Text '34.0' is set on object 'Object Repository/MOH AND GRN/Page_KDMC - CMS/input_txtmrp'

2018-05-11 10:22:24 - [TEST_STEP][PASSED] - Statement - return (java.lang.Math.floor((java.lang.Math.random() * ((max - min) + 1))) + min): Text '34.0' is set on object 'Object Repository/MOH AND GRN/Page_KDMC - CMS/input_txtmrp'

2018-05-11 10:22:24 - [MESSAGE][PASSED] - Text '34.0' is set on object 'Object Repository/MOH AND GRN/Page_KDMC - CMS/input_txtmrp'

2018-05-11 10:22:24 - [TEST_STEP][PASSED] - setText: Finding Test Object with id 'Object Repository/MOH AND GRN/Page_KDMC - CMS/input_txtdeal'

2018-05-11 10:22:24 - [TEST_STEP][PASSED] - Statement - switch (id): Finding Test Object with id 'Object Repository/MOH AND GRN/Page_KDMC - CMS/input_txtbatchno'

2018-05-11 10:22:24 - [TEST_STEP][PASSED] - Statement - case 5:: Text '9.0' is set on object 'Object Repository/MOH AND GRN/Page_KDMC - CMS/input_txtdeal'

2018-05-11 10:22:24 - [TEST_STEP][PASSED] - Statement - return (java.lang.Math.floor((java.lang.Math.random() * ((max - min) + 1))) + min): Text '9.0' is set on object 'Object Repository/MOH AND GRN/Page_KDMC - CMS/input_txtdeal'

2018-05-11 10:22:24 - [MESSAGE][PASSED] - Text '9.0' is set on object 'Object Repository/MOH AND GRN/Page_KDMC - CMS/input_txtdeal'

2018-05-11 10:22:24 - [TEST_STEP][PASSED] - setText: Finding Test Object with id 'Object Repository/MOH AND GRN/Page_KDMC - CMS/input_txtbatchno'

2018-05-11 10:22:24 - [TEST_STEP][PASSED] - Statement - switch (id): Finding Test Object with id 'Object Repository/MOH AND GRN/Page_KDMC - CMS/input_txtmrp'

2018-05-11 10:22:24 - [TEST_STEP][PASSED] - Statement - case 1:: Text 'BA822.0' is set on object 'Object Repository/MOH AND GRN/Page_KDMC - CMS/input_txtbatchno'

2018-05-11 10:22:24 - [TEST_STEP][PASSED] - Statement - return (java.lang.Math.floor((java.lang.Math.random() * ((max - min) + 1))) + min): Text 'BA822.0' is set on object 'Object Repository/MOH AND GRN/Page_KDMC - CMS/input_txtbatchno'

2018-05-11 10:22:24 - [MESSAGE][PASSED] - Text 'BA822.0' is set on object 'Object Repository/MOH AND GRN/Page_KDMC - CMS/input_txtbatchno'

2018-05-11 10:22:24 - [TEST_STEP][PASSED] - rightClick: Object: 'Object Repository/GRN/Page_KDMC - CMS/input_txtexpdate' is right clicked on

2018-05-11 10:22:24 - [MESSAGE][PASSED] - Object: 'Object Repository/GRN/Page_KDMC - CMS/input_txtexpdate' is right clicked on

2018-05-11 10:22:24 - [TEST_STEP][PASSED] - selectOptionByIndex: All options with index in [6] are selected on object 'Object Repository/GRN/Page_KDMC - CMS/select_20182019202020212022202'

2018-05-11 10:22:25 - [MESSAGE][PASSED] - All options with index in [6] are selected on object 'Object Repository/GRN/Page_KDMC - CMS/select_20182019202020212022202'

2018-05-11 10:22:25 - [TEST_STEP][PASSED] - selectOptionByIndex: All options with index in [6] are selected on object 'Object Repository/GRN/Page_KDMC - CMS/select_JanFebMarAprMayJunJulAu'

2018-05-11 10:22:25 - [MESSAGE][PASSED] - All options with index in [6] are selected on object 'Object Repository/GRN/Page_KDMC - CMS/select_JanFebMarAprMayJunJulAu'

2018-05-11 10:22:25 - [TEST_STEP][PASSED] - click: Object: 'Object Repository/MOH AND GRN/Page_KDMC - CMS/a_12' is clicked on

2018-05-11 10:22:25 - [MESSAGE][PASSED] - Object: 'Object Repository/MOH AND GRN/Page_KDMC - CMS/a_12' is clicked on

2018-05-11 10:22:25 - [TEST_STEP][PASSED] - click: Object: 'Object Repository/MOH AND GRN/Page_KDMC - CMS/input_btnadd' is clicked on

2018-05-11 10:22:25 - [MESSAGE][PASSED] - Object: 'Object Repository/MOH AND GRN/Page_KDMC - CMS/input_btnadd' is clicked on

2018-05-11 10:22:25 - [TEST_STEP][PASSED] - Statement - If (s == 10): null

2018-05-11 10:22:25 - [TEST_STEP][PASSED] - Statement - Else: null

2018-05-11 10:22:25 - [TEST_STEP][PASSED] - Statement - (s++): null

2018-05-11 10:22:25 - [TEST_STEP][PASSED] - delay: Delayed 1 second(s)

2018-05-11 10:22:26 - [MESSAGE][PASSED] - Delayed 1 second(s)

2018-05-11 10:22:26 - [TEST_STEP][PASSED] - selectOptionByIndex: All options with index in [7] are selected on object 'Object Repository/MOH AND GRN/Page_KDMC - CMS/select_--Select--Amikacin -500'

2018-05-11 10:22:26 - [MESSAGE][PASSED] - All options with index in [7] are selected on object 'Object Repository/MOH AND GRN/Page_KDMC - CMS/select_--Select--Amikacin -500'

2018-05-11 10:22:26 - [TEST_STEP][PASSED] - setText: Text '5000' is set on object 'Object Repository/MOH AND GRN/Page_KDMC - CMS/input_txtqty'

2018-05-11 10:22:26 - [MESSAGE][PASSED] - Text '5000' is set on object 'Object Repository/MOH AND GRN/Page_KDMC - CMS/input_txtqty'

2018-05-11 10:22:26 - [TEST_STEP][PASSED] - selectOptionByIndex: All options with index in [1] are selected on object 'Object Repository/MOH AND GRN/Page_KDMC - CMS/select_--Select--No Tax0'

2018-05-11 10:22:26 - [MESSAGE][PASSED] - All options with index in [1] are selected on object 'Object Repository/MOH AND GRN/Page_KDMC - CMS/select_--Select--No Tax0'

2018-05-11 10:22:26 - [TEST_STEP][PASSED] - setText: Finding Test Object with id 'Object Repository/MOH AND GRN/Page_KDMC - CMS/input_txtmrp'

2018-05-11 10:22:26 - [TEST_STEP][PASSED] - Statement - switch (id): Finding Test Object with id 'Object Repository/MOH AND GRN/Page_KDMC - CMS/input_txtdeal'

2018-05-11 10:22:26 - [TEST_STEP][PASSED] - Statement - case 4:: Text '29.0' is set on object 'Object Repository/MOH AND GRN/Page_KDMC - CMS/input_txtmrp'

2018-05-11 10:22:26 - [TEST_STEP][PASSED] - Statement - return (java.lang.Math.floor((java.lang.Math.random() * ((max - min) + 1))) + min): Text '29.0' is set on object 'Object Repository/MOH AND GRN/Page_KDMC - CMS/input_txtmrp'

2018-05-11 10:22:26 - [MESSAGE][PASSED] - Text '29.0' is set on object 'Object Repository/MOH AND GRN/Page_KDMC - CMS/input_txtmrp'

2018-05-11 10:22:26 - [TEST_STEP][PASSED] - setText: Finding Test Object with id 'Object Repository/MOH AND GRN/Page_KDMC - CMS/input_txtdeal'

2018-05-11 10:22:26 - [TEST_STEP][PASSED] - Statement - switch (id): Finding Test Object with id 'Object Repository/MOH AND GRN/Page_KDMC - CMS/input_txtbatchno'

2018-05-11 10:22:26 - [TEST_STEP][PASSED] - Statement - case 5:: Text '7.0' is set on object 'Object Repository/MOH AND GRN/Page_KDMC - CMS/input_txtdeal'

2018-05-11 10:22:26 - [TEST_STEP][PASSED] - Statement - return (java.lang.Math.floor((java.lang.Math.random() * ((max - min) + 1))) + min): Text '7.0' is set on object 'Object Repository/MOH AND GRN/Page_KDMC - CMS/input_txtdeal'

2018-05-11 10:22:27 - [MESSAGE][PASSED] - Text '7.0' is set on object 'Object Repository/MOH AND GRN/Page_KDMC - CMS/input_txtdeal'

2018-05-11 10:22:27 - [TEST_STEP][PASSED] - setText: Finding Test Object with id 'Object Repository/MOH AND GRN/Page_KDMC - CMS/input_txtbatchno'

2018-05-11 10:22:27 - [TEST_STEP][PASSED] - Statement - switch (id): Finding Test Object with id 'Object Repository/MOH AND GRN/Page_KDMC - CMS/input_txtmrp'

2018-05-11 10:22:27 - [TEST_STEP][PASSED] - Statement - case 1:: Text 'BA921.0' is set on object 'Object Repository/MOH AND GRN/Page_KDMC - CMS/input_txtbatchno'

2018-05-11 10:22:27 - [TEST_STEP][PASSED] - Statement - return (java.lang.Math.floor((java.lang.Math.random() * ((max - min) + 1))) + min): Text 'BA921.0' is set on object 'Object Repository/MOH AND GRN/Page_KDMC - CMS/input_txtbatchno'

2018-05-11 10:22:27 - [MESSAGE][PASSED] - Text 'BA921.0' is set on object 'Object Repository/MOH AND GRN/Page_KDMC - CMS/input_txtbatchno'

2018-05-11 10:22:27 - [TEST_STEP][PASSED] - rightClick: Object: 'Object Repository/GRN/Page_KDMC - CMS/input_txtexpdate' is right clicked on

2018-05-11 10:22:27 - [MESSAGE][PASSED] - Object: 'Object Repository/GRN/Page_KDMC - CMS/input_txtexpdate' is right clicked on

2018-05-11 10:22:27 - [TEST_STEP][PASSED] - selectOptionByIndex: All options with index in [7] are selected on object 'Object Repository/GRN/Page_KDMC - CMS/select_20182019202020212022202'

2018-05-11 10:22:27 - [MESSAGE][PASSED] - All options with index in [7] are selected on object 'Object Repository/GRN/Page_KDMC - CMS/select_20182019202020212022202'

2018-05-11 10:22:27 - [TEST_STEP][PASSED] - selectOptionByIndex: All options with index in [7] are selected on object 'Object Repository/GRN/Page_KDMC - CMS/select_JanFebMarAprMayJunJulAu'

2018-05-11 10:22:27 - [MESSAGE][PASSED] - All options with index in [7] are selected on object 'Object Repository/GRN/Page_KDMC - CMS/select_JanFebMarAprMayJunJulAu'

2018-05-11 10:22:27 - [TEST_STEP][PASSED] - click: Object: 'Object Repository/MOH AND GRN/Page_KDMC - CMS/a_12' is clicked on

2018-05-11 10:22:27 - [MESSAGE][PASSED] - Object: 'Object Repository/MOH AND GRN/Page_KDMC - CMS/a_12' is clicked on

2018-05-11 10:22:27 - [TEST_STEP][PASSED] - click: Object: 'Object Repository/MOH AND GRN/Page_KDMC - CMS/input_btnadd' is clicked on

2018-05-11 10:22:27 - [MESSAGE][PASSED] - Object: 'Object Repository/MOH AND GRN/Page_KDMC - CMS/input_btnadd' is clicked on

2018-05-11 10:22:27 - [TEST_STEP][PASSED] - Statement - If (s == 10): null

2018-05-11 10:22:27 - [TEST_STEP][PASSED] - Statement - Else: null

2018-05-11 10:22:27 - [TEST_STEP][PASSED] - Statement - (s++): null

2018-05-11 10:22:27 - [TEST_STEP][PASSED] - delay: Delayed 1 second(s)

2018-05-11 10:22:28 - [MESSAGE][PASSED] - Delayed 1 second(s)

2018-05-11 10:22:28 - [TEST_STEP][PASSED] - selectOptionByIndex: All options with index in [8] are selected on object 'Object Repository/MOH AND GRN/Page_KDMC - CMS/select_--Select--Amikacin -500'

2018-05-11 10:22:29 - [MESSAGE][PASSED] - All options with index in [8] are selected on object 'Object Repository/MOH AND GRN/Page_KDMC - CMS/select_--Select--Amikacin -500'

2018-05-11 10:22:29 - [TEST_STEP][PASSED] - setText: Text '5000' is set on object 'Object Repository/MOH AND GRN/Page_KDMC - CMS/input_txtqty'

2018-05-11 10:22:29 - [MESSAGE][PASSED] - Text '5000' is set on object 'Object Repository/MOH AND GRN/Page_KDMC - CMS/input_txtqty'

2018-05-11 10:22:29 - [TEST_STEP][PASSED] - selectOptionByIndex: All options with index in [1] are selected on object 'Object Repository/MOH AND GRN/Page_KDMC - CMS/select_--Select--No Tax0'

2018-05-11 10:22:29 - [MESSAGE][PASSED] - All options with index in [1] are selected on object 'Object Repository/MOH AND GRN/Page_KDMC - CMS/select_--Select--No Tax0'

2018-05-11 10:22:29 - [TEST_STEP][PASSED] - setText: Finding Test Object with id 'Object Repository/MOH AND GRN/Page_KDMC - CMS/input_txtmrp'

2018-05-11 10:22:29 - [TEST_STEP][PASSED] - Statement - switch (id): Finding Test Object with id 'Object Repository/MOH AND GRN/Page_KDMC - CMS/input_txtdeal'

2018-05-11 10:22:29 - [TEST_STEP][PASSED] - Statement - case 4:: Text '38.0' is set on object 'Object Repository/MOH AND GRN/Page_KDMC - CMS/input_txtmrp'

2018-05-11 10:22:29 - [TEST_STEP][PASSED] - Statement - return (java.lang.Math.floor((java.lang.Math.random() * ((max - min) + 1))) + min): Text '38.0' is set on object 'Object Repository/MOH AND GRN/Page_KDMC - CMS/input_txtmrp'

2018-05-11 10:22:29 - [MESSAGE][PASSED] - Text '38.0' is set on object 'Object Repository/MOH AND GRN/Page_KDMC - CMS/input_txtmrp'

2018-05-11 10:22:29 - [TEST_STEP][PASSED] - setText: Finding Test Object with id 'Object Repository/MOH AND GRN/Page_KDMC - CMS/input_txtdeal'

2018-05-11 10:22:29 - [TEST_STEP][PASSED] - Statement - switch (id): Finding Test Object with id 'Object Repository/MOH AND GRN/Page_KDMC - CMS/input_txtbatchno'

2018-05-11 10:22:29 - [TEST_STEP][PASSED] - Statement - case 5:: Text '12.0' is set on object 'Object Repository/MOH AND GRN/Page_KDMC - CMS/input_txtdeal'

2018-05-11 10:22:29 - [TEST_STEP][PASSED] - Statement - return (java.lang.Math.floor((java.lang.Math.random() * ((max - min) + 1))) + min): Text '12.0' is set on object 'Object Repository/MOH AND GRN/Page_KDMC - CMS/input_txtdeal'

2018-05-11 10:22:29 - [MESSAGE][PASSED] - Text '12.0' is set on object 'Object Repository/MOH AND GRN/Page_KDMC - CMS/input_txtdeal'

2018-05-11 10:22:29 - [TEST_STEP][PASSED] - setText: Finding Test Object with id 'Object Repository/MOH AND GRN/Page_KDMC - CMS/input_txtbatchno'

2018-05-11 10:22:29 - [TEST_STEP][PASSED] - Statement - switch (id): Finding Test Object with id 'Object Repository/MOH AND GRN/Page_KDMC - CMS/input_txtmrp'

2018-05-11 10:22:29 - [TEST_STEP][PASSED] - Statement - case 1:: Text 'BA221.0' is set on object 'Object Repository/MOH AND GRN/Page_KDMC - CMS/input_txtbatchno'

2018-05-11 10:22:29 - [TEST_STEP][PASSED] - Statement - return (java.lang.Math.floor((java.lang.Math.random() * ((max - min) + 1))) + min): Text 'BA221.0' is set on object 'Object Repository/MOH AND GRN/Page_KDMC - CMS/input_txtbatchno'

2018-05-11 10:22:29 - [MESSAGE][PASSED] - Text 'BA221.0' is set on object 'Object Repository/MOH AND GRN/Page_KDMC - CMS/input_txtbatchno'

2018-05-11 10:22:29 - [TEST_STEP][PASSED] - rightClick: Object: 'Object Repository/GRN/Page_KDMC - CMS/input_txtexpdate' is right clicked on

2018-05-11 10:22:29 - [MESSAGE][PASSED] - Object: 'Object Repository/GRN/Page_KDMC - CMS/input_txtexpdate' is right clicked on

2018-05-11 10:22:29 - [TEST_STEP][PASSED] - selectOptionByIndex: All options with index in [8] are selected on object 'Object Repository/GRN/Page_KDMC - CMS/select_20182019202020212022202'

2018-05-11 10:22:30 - [MESSAGE][PASSED] - All options with index in [8] are selected on object 'Object Repository/GRN/Page_KDMC - CMS/select_20182019202020212022202'

2018-05-11 10:22:30 - [TEST_STEP][PASSED] - selectOptionByIndex: All options with index in [8] are selected on object 'Object Repository/GRN/Page_KDMC - CMS/select_JanFebMarAprMayJunJulAu'

2018-05-11 10:22:30 - [MESSAGE][PASSED] - All options with index in [8] are selected on object 'Object Repository/GRN/Page_KDMC - CMS/select_JanFebMarAprMayJunJulAu'

2018-05-11 10:22:30 - [TEST_STEP][PASSED] - click: Object: 'Object Repository/MOH AND GRN/Page_KDMC - CMS/a_12' is clicked on

2018-05-11 10:22:30 - [MESSAGE][PASSED] - Object: 'Object Repository/MOH AND GRN/Page_KDMC - CMS/a_12' is clicked on

2018-05-11 10:22:30 - [TEST_STEP][PASSED] - click: Object: 'Object Repository/MOH AND GRN/Page_KDMC - CMS/input_btnadd' is clicked on

2018-05-11 10:22:30 - [MESSAGE][PASSED] - Object: 'Object Repository/MOH AND GRN/Page_KDMC - CMS/input_btnadd' is clicked on

2018-05-11 10:22:30 - [TEST_STEP][PASSED] - Statement - If (s == 10): null

2018-05-11 10:22:30 - [TEST_STEP][PASSED] - Statement - Else: null

2018-05-11 10:22:30 - [TEST_STEP][PASSED] - Statement - (s++): null

2018-05-11 10:22:30 - [TEST_STEP][PASSED] - delay: Delayed 1 second(s)

2018-05-11 10:22:31 - [MESSAGE][PASSED] - Delayed 1 second(s)

2018-05-11 10:22:31 - [TEST_STEP][PASSED] - selectOptionByIndex: All options with index in [9] are selected on object 'Object Repository/MOH AND GRN/Page_KDMC - CMS/select_--Select--Amikacin -500'

2018-05-11 10:22:31 - [MESSAGE][PASSED] - All options with index in [9] are selected on object 'Object Repository/MOH AND GRN/Page_KDMC - CMS/select_--Select--Amikacin -500'

2018-05-11 10:22:31 - [TEST_STEP][PASSED] - setText: Text '5000' is set on object 'Object Repository/MOH AND GRN/Page_KDMC - CMS/input_txtqty'

2018-05-11 10:22:31 - [MESSAGE][PASSED] - Text '5000' is set on object 'Object Repository/MOH AND GRN/Page_KDMC - CMS/input_txtqty'

2018-05-11 10:22:31 - [TEST_STEP][PASSED] - selectOptionByIndex: All options with index in [1] are selected on object 'Object Repository/MOH AND GRN/Page_KDMC - CMS/select_--Select--No Tax0'

2018-05-11 10:22:32 - [MESSAGE][PASSED] - All options with index in [1] are selected on object 'Object Repository/MOH AND GRN/Page_KDMC - CMS/select_--Select--No Tax0'

2018-05-11 10:22:32 - [TEST_STEP][PASSED] - setText: Finding Test Object with id 'Object Repository/MOH AND GRN/Page_KDMC - CMS/input_txtmrp'

2018-05-11 10:22:32 - [TEST_STEP][PASSED] - Statement - switch (id): Finding Test Object with id 'Object Repository/MOH AND GRN/Page_KDMC - CMS/input_txtdeal'

2018-05-11 10:22:32 - [TEST_STEP][PASSED] - Statement - case 4:: Text '23.0' is set on object 'Object Repository/MOH AND GRN/Page_KDMC - CMS/input_txtmrp'

2018-05-11 10:22:32 - [TEST_STEP][PASSED] - Statement - return (java.lang.Math.floor((java.lang.Math.random() * ((max - min) + 1))) + min): Text '23.0' is set on object 'Object Repository/MOH AND GRN/Page_KDMC - CMS/input_txtmrp'

2018-05-11 10:22:32 - [MESSAGE][PASSED] - Text '23.0' is set on object 'Object Repository/MOH AND GRN/Page_KDMC - CMS/input_txtmrp'

2018-05-11 10:22:32 - [TEST_STEP][PASSED] - setText: Finding Test Object with id 'Object Repository/MOH AND GRN/Page_KDMC - CMS/input_txtdeal'

2018-05-11 10:22:32 - [TEST_STEP][PASSED] - Statement - switch (id): Finding Test Object with id 'Object Repository/MOH AND GRN/Page_KDMC - CMS/input_txtbatchno'

2018-05-11 10:22:32 - [TEST_STEP][PASSED] - Statement - case 5:: Text '8.0' is set on object 'Object Repository/MOH AND GRN/Page_KDMC - CMS/input_txtdeal'

2018-05-11 10:22:32 - [TEST_STEP][PASSED] - Statement - return (java.lang.Math.floor((java.lang.Math.random() * ((max - min) + 1))) + min): Text '8.0' is set on object 'Object Repository/MOH AND GRN/Page_KDMC - CMS/input_txtdeal'

2018-05-11 10:22:32 - [MESSAGE][PASSED] - Text '8.0' is set on object 'Object Repository/MOH AND GRN/Page_KDMC - CMS/input_txtdeal'

2018-05-11 10:22:32 - [TEST_STEP][PASSED] - setText: Finding Test Object with id 'Object Repository/MOH AND GRN/Page_KDMC - CMS/input_txtbatchno'

2018-05-11 10:22:32 - [TEST_STEP][PASSED] - Statement - switch (id): Finding Test Object with id 'Object Repository/MOH AND GRN/Page_KDMC - CMS/input_txtmrp'

2018-05-11 10:22:32 - [TEST_STEP][PASSED] - Statement - case 1:: Text 'BA360.0' is set on object 'Object Repository/MOH AND GRN/Page_KDMC - CMS/input_txtbatchno'

2018-05-11 10:22:32 - [TEST_STEP][PASSED] - Statement - return (java.lang.Math.floor((java.lang.Math.random() * ((max - min) + 1))) + min): Text 'BA360.0' is set on object 'Object Repository/MOH AND GRN/Page_KDMC - CMS/input_txtbatchno'

2018-05-11 10:22:32 - [MESSAGE][PASSED] - Text 'BA360.0' is set on object 'Object Repository/MOH AND GRN/Page_KDMC - CMS/input_txtbatchno'

2018-05-11 10:22:32 - [TEST_STEP][PASSED] - rightClick: Object: 'Object Repository/GRN/Page_KDMC - CMS/input_txtexpdate' is right clicked on

2018-05-11 10:22:32 - [MESSAGE][PASSED] - Object: 'Object Repository/GRN/Page_KDMC - CMS/input_txtexpdate' is right clicked on

2018-05-11 10:22:32 - [TEST_STEP][PASSED] - selectOptionByIndex: All options with index in [9] are selected on object 'Object Repository/GRN/Page_KDMC - CMS/select_20182019202020212022202'

2018-05-11 10:22:32 - [MESSAGE][PASSED] - All options with index in [9] are selected on object 'Object Repository/GRN/Page_KDMC - CMS/select_20182019202020212022202'

2018-05-11 10:22:32 - [TEST_STEP][PASSED] - selectOptionByIndex: All options with index in [9] are selected on object 'Object Repository/GRN/Page_KDMC - CMS/select_JanFebMarAprMayJunJulAu'

2018-05-11 10:22:32 - [MESSAGE][PASSED] - All options with index in [9] are selected on object 'Object Repository/GRN/Page_KDMC - CMS/select_JanFebMarAprMayJunJulAu'

2018-05-11 10:22:32 - [TEST_STEP][PASSED] - click: Object: 'Object Repository/MOH AND GRN/Page_KDMC - CMS/a_12' is clicked on

2018-05-11 10:22:32 - [MESSAGE][PASSED] - Object: 'Object Repository/MOH AND GRN/Page_KDMC - CMS/a_12' is clicked on

2018-05-11 10:22:32 - [TEST_STEP][PASSED] - click: Object: 'Object Repository/MOH AND GRN/Page_KDMC - CMS/input_btnadd' is clicked on

2018-05-11 10:22:33 - [MESSAGE][PASSED] - Object: 'Object Repository/MOH AND GRN/Page_KDMC - CMS/input_btnadd' is clicked on

2018-05-11 10:22:33 - [TEST_STEP][PASSED] - Statement - If (s == 10): null

2018-05-11 10:22:33 - [TEST_STEP][PASSED] - Statement - Else: null

2018-05-11 10:22:33 - [TEST_STEP][PASSED] - Statement - (s++): null

2018-05-11 10:22:33 - [TEST_STEP][PASSED] - delay: Delayed 1 second(s)

2018-05-11 10:22:34 - [MESSAGE][PASSED] - Delayed 1 second(s)

2018-05-11 10:22:34 - [TEST_STEP][PASSED] - selectOptionByIndex: All options with index in [10] are selected on object 'Object Repository/MOH AND GRN/Page_KDMC - CMS/select_--Select--Amikacin -500'

2018-05-11 10:22:34 - [MESSAGE][PASSED] - All options with index in [10] are selected on object 'Object Repository/MOH AND GRN/Page_KDMC - CMS/select_--Select--Amikacin -500'

2018-05-11 10:22:34 - [TEST_STEP][PASSED] - setText: Text '5000' is set on object 'Object Repository/MOH AND GRN/Page_KDMC - CMS/input_txtqty'

2018-05-11 10:22:34 - [MESSAGE][PASSED] - Text '5000' is set on object 'Object Repository/MOH AND GRN/Page_KDMC - CMS/input_txtqty'

2018-05-11 10:22:34 - [TEST_STEP][PASSED] - selectOptionByIndex: All options with index in [1] are selected on object 'Object Repository/MOH AND GRN/Page_KDMC - CMS/select_--Select--No Tax0'

2018-05-11 10:22:34 - [MESSAGE][PASSED] - All options with index in [1] are selected on object 'Object Repository/MOH AND GRN/Page_KDMC - CMS/select_--Select--No Tax0'

2018-05-11 10:22:34 - [TEST_STEP][PASSED] - setText: Finding Test Object with id 'Object Repository/MOH AND GRN/Page_KDMC - CMS/input_txtmrp'

2018-05-11 10:22:34 - [TEST_STEP][PASSED] - Statement - switch (id): Finding Test Object with id 'Object Repository/MOH AND GRN/Page_KDMC - CMS/input_txtdeal'

2018-05-11 10:22:34 - [TEST_STEP][PASSED] - Statement - case 4:: Text '26.0' is set on object 'Object Repository/MOH AND GRN/Page_KDMC - CMS/input_txtmrp'

2018-05-11 10:22:34 - [TEST_STEP][PASSED] - Statement - return (java.lang.Math.floor((java.lang.Math.random() * ((max - min) + 1))) + min): Text '26.0' is set on object 'Object Repository/MOH AND GRN/Page_KDMC - CMS/input_txtmrp'

2018-05-11 10:22:34 - [MESSAGE][PASSED] - Text '26.0' is set on object 'Object Repository/MOH AND GRN/Page_KDMC - CMS/input_txtmrp'

2018-05-11 10:22:34 - [TEST_STEP][PASSED] - setText: Finding Test Object with id 'Object Repository/MOH AND GRN/Page_KDMC - CMS/input_txtdeal'

2018-05-11 10:22:34 - [TEST_STEP][PASSED] - Statement - switch (id): Finding Test Object with id 'Object Repository/MOH AND GRN/Page_KDMC - CMS/input_txtbatchno'

2018-05-11 10:22:34 - [TEST_STEP][PASSED] - Statement - case 5:: Text '9.0' is set on object 'Object Repository/MOH AND GRN/Page_KDMC - CMS/input_txtdeal'

2018-05-11 10:22:34 - [TEST_STEP][PASSED] - Statement - return (java.lang.Math.floor((java.lang.Math.random() * ((max - min) + 1))) + min): Text '9.0' is set on object 'Object Repository/MOH AND GRN/Page_KDMC - CMS/input_txtdeal'

2018-05-11 10:22:34 - [MESSAGE][PASSED] - Text '9.0' is set on object 'Object Repository/MOH AND GRN/Page_KDMC - CMS/input_txtdeal'

2018-05-11 10:22:34 - [TEST_STEP][PASSED] - setText: Finding Test Object with id 'Object Repository/MOH AND GRN/Page_KDMC - CMS/input_txtbatchno'

2018-05-11 10:22:34 - [TEST_STEP][PASSED] - Statement - switch (id): Finding Test Object with id 'Object Repository/MOH AND GRN/Page_KDMC - CMS/input_txtmrp'

2018-05-11 10:22:34 - [TEST_STEP][PASSED] - Statement - case 1:: Text 'BA575.0' is set on object 'Object Repository/MOH AND GRN/Page_KDMC - CMS/input_txtbatchno'

2018-05-11 10:22:34 - [TEST_STEP][PASSED] - Statement - return (java.lang.Math.floor((java.lang.Math.random() * ((max - min) + 1))) + min): Text 'BA575.0' is set on object 'Object Repository/MOH AND GRN/Page_KDMC - CMS/input_txtbatchno'

2018-05-11 10:22:34 - [MESSAGE][PASSED] - Text 'BA575.0' is set on object 'Object Repository/MOH AND GRN/Page_KDMC - CMS/input_txtbatchno'

2018-05-11 10:22:34 - [TEST_STEP][PASSED] - rightClick: Object: 'Object Repository/GRN/Page_KDMC - CMS/input_txtexpdate' is right clicked on

2018-05-11 10:22:35 - [MESSAGE][PASSED] - Object: 'Object Repository/GRN/Page_KDMC - CMS/input_txtexpdate' is right clicked on

2018-05-11 10:22:35 - [TEST_STEP][PASSED] - selectOptionByIndex: All options with index in [10] are selected on object 'Object Repository/GRN/Page_KDMC - CMS/select_20182019202020212022202'

2018-05-11 10:22:35 - [MESSAGE][PASSED] - All options with index in [10] are selected on object 'Object Repository/GRN/Page_KDMC - CMS/select_20182019202020212022202'

2018-05-11 10:22:35 - [TEST_STEP][PASSED] - selectOptionByIndex: All options with index in [10] are selected on object 'Object Repository/GRN/Page_KDMC - CMS/select_JanFebMarAprMayJunJulAu'

2018-05-11 10:22:35 - [MESSAGE][PASSED] - All options with index in [10] are selected on object 'Object Repository/GRN/Page_KDMC - CMS/select_JanFebMarAprMayJunJulAu'

2018-05-11 10:22:35 - [TEST_STEP][PASSED] - click: Object: 'Object Repository/MOH AND GRN/Page_KDMC - CMS/a_12' is clicked on

2018-05-11 10:22:35 - [MESSAGE][PASSED] - Object: 'Object Repository/MOH AND GRN/Page_KDMC - CMS/a_12' is clicked on

2018-05-11 10:22:35 - [TEST_STEP][PASSED] - click: Object: 'Object Repository/MOH AND GRN/Page_KDMC - CMS/input_btnadd' is clicked on

2018-05-11 10:22:35 - [MESSAGE][PASSED] - Object: 'Object Repository/MOH AND GRN/Page_KDMC - CMS/input_btnadd' is clicked on

2018-05-11 10:22:35 - [TEST_STEP][PASSED] - Statement - If (s == 10): null

2018-05-11 10:22:35 - [TEST_STEP][PASSED] - Statement - s = 1: null

2018-05-11 10:22:35 - [TEST_STEP][PASSED] - delay: Delayed 1 second(s)

2018-05-11 10:22:36 - [MESSAGE][PASSED] - Delayed 1 second(s)

2018-05-11 10:22:36 - [TEST_STEP][PASSED] - selectOptionByIndex: All options with index in [11] are selected on object 'Object Repository/MOH AND GRN/Page_KDMC - CMS/select_--Select--Amikacin -500'

2018-05-11 10:22:36 - [MESSAGE][PASSED] - All options with index in [11] are selected on object 'Object Repository/MOH AND GRN/Page_KDMC - CMS/select_--Select--Amikacin -500'

2018-05-11 10:22:36 - [TEST_STEP][PASSED] - setText: Text '5000' is set on object 'Object Repository/MOH AND GRN/Page_KDMC - CMS/input_txtqty'

2018-05-11 10:22:37 - [MESSAGE][PASSED] - Text '5000' is set on object 'Object Repository/MOH AND GRN/Page_KDMC - CMS/input_txtqty'

2018-05-11 10:22:37 - [TEST_STEP][PASSED] - selectOptionByIndex: All options with index in [1] are selected on object 'Object Repository/MOH AND GRN/Page_KDMC - CMS/select_--Select--No Tax0'

2018-05-11 10:22:37 - [MESSAGE][PASSED] - All options with index in [1] are selected on object 'Object Repository/MOH AND GRN/Page_KDMC - CMS/select_--Select--No Tax0'

2018-05-11 10:22:37 - [TEST_STEP][PASSED] - setText: Finding Test Object with id 'Object Repository/MOH AND GRN/Page_KDMC - CMS/input_txtmrp'

2018-05-11 10:22:37 - [TEST_STEP][PASSED] - Statement - switch (id): Finding Test Object with id 'Object Repository/MOH AND GRN/Page_KDMC - CMS/input_txtdeal'

2018-05-11 10:22:37 - [TEST_STEP][PASSED] - Statement - case 4:: Text '28.0' is set on object 'Object Repository/MOH AND GRN/Page_KDMC - CMS/input_txtmrp'

2018-05-11 10:22:37 - [TEST_STEP][PASSED] - Statement - return (java.lang.Math.floor((java.lang.Math.random() * ((max - min) + 1))) + min): Text '28.0' is set on object 'Object Repository/MOH AND GRN/Page_KDMC - CMS/input_txtmrp'

2018-05-11 10:22:37 - [MESSAGE][PASSED] - Text '28.0' is set on object 'Object Repository/MOH AND GRN/Page_KDMC - CMS/input_txtmrp'

2018-05-11 10:22:37 - [TEST_STEP][PASSED] - setText: Finding Test Object with id 'Object Repository/MOH AND GRN/Page_KDMC - CMS/input_txtdeal'

2018-05-11 10:22:37 - [TEST_STEP][PASSED] - Statement - switch (id): Finding Test Object with id 'Object Repository/MOH AND GRN/Page_KDMC - CMS/input_txtbatchno'

2018-05-11 10:22:37 - [TEST_STEP][PASSED] - Statement - case 5:: Text '2.0' is set on object 'Object Repository/MOH AND GRN/Page_KDMC - CMS/input_txtdeal'

2018-05-11 10:22:37 - [TEST_STEP][PASSED] - Statement - return (java.lang.Math.floor((java.lang.Math.random() * ((max - min) + 1))) + min): Text '2.0' is set on object 'Object Repository/MOH AND GRN/Page_KDMC - CMS/input_txtdeal'

2018-05-11 10:22:37 - [MESSAGE][PASSED] - Text '2.0' is set on object 'Object Repository/MOH AND GRN/Page_KDMC - CMS/input_txtdeal'

2018-05-11 10:22:37 - [TEST_STEP][PASSED] - setText: Finding Test Object with id 'Object Repository/MOH AND GRN/Page_KDMC - CMS/input_txtbatchno'

2018-05-11 10:22:37 - [TEST_STEP][PASSED] - Statement - switch (id): Finding Test Object with id 'Object Repository/MOH AND GRN/Page_KDMC - CMS/input_txtmrp'

2018-05-11 10:22:37 - [TEST_STEP][PASSED] - Statement - case 1:: Text 'BA692.0' is set on object 'Object Repository/MOH AND GRN/Page_KDMC - CMS/input_txtbatchno'

2018-05-11 10:22:37 - [TEST_STEP][PASSED] - Statement - return (java.lang.Math.floor((java.lang.Math.random() * ((max - min) + 1))) + min): Text 'BA692.0' is set on object 'Object Repository/MOH AND GRN/Page_KDMC - CMS/input_txtbatchno'

2018-05-11 10:22:37 - [MESSAGE][PASSED] - Text 'BA692.0' is set on object 'Object Repository/MOH AND GRN/Page_KDMC - CMS/input_txtbatchno'

2018-05-11 10:22:37 - [TEST_STEP][PASSED] - rightClick: Object: 'Object Repository/GRN/Page_KDMC - CMS/input_txtexpdate' is right clicked on

2018-05-11 10:22:37 - [MESSAGE][PASSED] - Object: 'Object Repository/GRN/Page_KDMC - CMS/input_txtexpdate' is right clicked on

2018-05-11 10:22:37 - [TEST_STEP][PASSED] - selectOptionByIndex: All options with index in [1] are selected on object 'Object Repository/GRN/Page_KDMC - CMS/select_20182019202020212022202'

2018-05-11 10:22:37 - [MESSAGE][PASSED] - All options with index in [1] are selected on object 'Object Repository/GRN/Page_KDMC - CMS/select_20182019202020212022202'

2018-05-11 10:22:37 - [TEST_STEP][PASSED] - selectOptionByIndex: All options with index in [1] are selected on object 'Object Repository/GRN/Page_KDMC - CMS/select_JanFebMarAprMayJunJulAu'

2018-05-11 10:22:37 - [MESSAGE][PASSED] - All options with index in [1] are selected on object 'Object Repository/GRN/Page_KDMC - CMS/select_JanFebMarAprMayJunJulAu'

2018-05-11 10:22:37 - [TEST_STEP][PASSED] - click: Object: 'Object Repository/MOH AND GRN/Page_KDMC - CMS/a_12' is clicked on

2018-05-11 10:22:38 - [MESSAGE][PASSED] - Object: 'Object Repository/MOH AND GRN/Page_KDMC - CMS/a_12' is clicked on

2018-05-11 10:22:38 - [TEST_STEP][PASSED] - click: Object: 'Object Repository/MOH AND GRN/Page_KDMC - CMS/input_btnadd' is clicked on

2018-05-11 10:22:38 - [MESSAGE][PASSED] - Object: 'Object Repository/MOH AND GRN/Page_KDMC - CMS/input_btnadd' is clicked on

2018-05-11 10:22:38 - [TEST_STEP][PASSED] - Statement - If (s == 10): null

2018-05-11 10:22:38 - [TEST_STEP][PASSED] - Statement - Else: null

2018-05-11 10:22:38 - [TEST_STEP][PASSED] - Statement - (s++): null

2018-05-11 10:22:38 - [TEST_STEP][PASSED] - delay: Delayed 1 second(s)

2018-05-11 10:22:39 - [MESSAGE][PASSED] - Delayed 1 second(s)

2018-05-11 10:22:39 - [TEST_STEP][PASSED] - selectOptionByIndex: All options with index in [12] are selected on object 'Object Repository/MOH AND GRN/Page_KDMC - CMS/select_--Select--Amikacin -500'

2018-05-11 10:22:39 - [MESSAGE][PASSED] - All options with index in [12] are selected on object 'Object Repository/MOH AND GRN/Page_KDMC - CMS/select_--Select--Amikacin -500'

2018-05-11 10:22:39 - [TEST_STEP][PASSED] - setText: Text '5000' is set on object 'Object Repository/MOH AND GRN/Page_KDMC - CMS/input_txtqty'

2018-05-11 10:22:39 - [MESSAGE][PASSED] - Text '5000' is set on object 'Object Repository/MOH AND GRN/Page_KDMC - CMS/input_txtqty'

2018-05-11 10:22:39 - [TEST_STEP][PASSED] - selectOptionByIndex: All options with index in [1] are selected on object 'Object Repository/MOH AND GRN/Page_KDMC - CMS/select_--Select--No Tax0'

2018-05-11 10:22:39 - [MESSAGE][PASSED] - All options with index in [1] are selected on object 'Object Repository/MOH AND GRN/Page_KDMC - CMS/select_--Select--No Tax0'

2018-05-11 10:22:39 - [TEST_STEP][PASSED] - setText: Finding Test Object with id 'Object Repository/MOH AND GRN/Page_KDMC - CMS/input_txtmrp'

2018-05-11 10:22:39 - [TEST_STEP][PASSED] - Statement - switch (id): Finding Test Object with id 'Object Repository/MOH AND GRN/Page_KDMC - CMS/input_txtdeal'

2018-05-11 10:22:39 - [TEST_STEP][PASSED] - Statement - case 4:: Text '39.0' is set on object 'Object Repository/MOH AND GRN/Page_KDMC - CMS/input_txtmrp'

2018-05-11 10:22:39 - [TEST_STEP][PASSED] - Statement - return (java.lang.Math.floor((java.lang.Math.random() * ((max - min) + 1))) + min): Text '39.0' is set on object 'Object Repository/MOH AND GRN/Page_KDMC - CMS/input_txtmrp'

2018-05-11 10:22:39 - [MESSAGE][PASSED] - Text '39.0' is set on object 'Object Repository/MOH AND GRN/Page_KDMC - CMS/input_txtmrp'

2018-05-11 10:22:39 - [TEST_STEP][PASSED] - setText: Finding Test Object with id 'Object Repository/MOH AND GRN/Page_KDMC - CMS/input_txtdeal'

2018-05-11 10:22:39 - [TEST_STEP][PASSED] - Statement - switch (id): Finding Test Object with id 'Object Repository/MOH AND GRN/Page_KDMC - CMS/input_txtbatchno'

2018-05-11 10:22:39 - [TEST_STEP][PASSED] - Statement - case 5:: Text '3.0' is set on object 'Object Repository/MOH AND GRN/Page_KDMC - CMS/input_txtdeal'

2018-05-11 10:22:39 - [TEST_STEP][PASSED] - Statement - return (java.lang.Math.floor((java.lang.Math.random() * ((max - min) + 1))) + min): Text '3.0' is set on object 'Object Repository/MOH AND GRN/Page_KDMC - CMS/input_txtdeal'

2018-05-11 10:22:39 - [MESSAGE][PASSED] - Text '3.0' is set on object 'Object Repository/MOH AND GRN/Page_KDMC - CMS/input_txtdeal'

2018-05-11 10:22:39 - [TEST_STEP][PASSED] - setText: Finding Test Object with id 'Object Repository/MOH AND GRN/Page_KDMC - CMS/input_txtbatchno'

2018-05-11 10:22:39 - [TEST_STEP][PASSED] - Statement - switch (id): Finding Test Object with id 'Object Repository/MOH AND GRN/Page_KDMC - CMS/input_txtmrp'

2018-05-11 10:22:39 - [TEST_STEP][PASSED] - Statement - case 1:: Text 'BA998.0' is set on object 'Object Repository/MOH AND GRN/Page_KDMC - CMS/input_txtbatchno'

2018-05-11 10:22:39 - [TEST_STEP][PASSED] - Statement - return (java.lang.Math.floor((java.lang.Math.random() * ((max - min) + 1))) + min): Text 'BA998.0' is set on object 'Object Repository/MOH AND GRN/Page_KDMC - CMS/input_txtbatchno'

2018-05-11 10:22:39 - [MESSAGE][PASSED] - Text 'BA998.0' is set on object 'Object Repository/MOH AND GRN/Page_KDMC - CMS/input_txtbatchno'

2018-05-11 10:22:39 - [TEST_STEP][PASSED] - rightClick: Object: 'Object Repository/GRN/Page_KDMC - CMS/input_txtexpdate' is right clicked on

2018-05-11 10:22:39 - [MESSAGE][PASSED] - Object: 'Object Repository/GRN/Page_KDMC - CMS/input_txtexpdate' is right clicked on

2018-05-11 10:22:39 - [TEST_STEP][PASSED] - selectOptionByIndex: All options with index in [2] are selected on object 'Object Repository/GRN/Page_KDMC - CMS/select_20182019202020212022202'

2018-05-11 10:22:40 - [MESSAGE][PASSED] - All options with index in [2] are selected on object 'Object Repository/GRN/Page_KDMC - CMS/select_20182019202020212022202'

2018-05-11 10:22:40 - [TEST_STEP][PASSED] - selectOptionByIndex: All options with index in [2] are selected on object 'Object Repository/GRN/Page_KDMC - CMS/select_JanFebMarAprMayJunJulAu'

2018-05-11 10:22:40 - [MESSAGE][PASSED] - All options with index in [2] are selected on object 'Object Repository/GRN/Page_KDMC - CMS/select_JanFebMarAprMayJunJulAu'

2018-05-11 10:22:40 - [TEST_STEP][PASSED] - click: Object: 'Object Repository/MOH AND GRN/Page_KDMC - CMS/a_12' is clicked on

2018-05-11 10:22:40 - [MESSAGE][PASSED] - Object: 'Object Repository/MOH AND GRN/Page_KDMC - CMS/a_12' is clicked on

2018-05-11 10:22:40 - [TEST_STEP][PASSED] - click: Object: 'Object Repository/MOH AND GRN/Page_KDMC - CMS/input_btnadd' is clicked on

2018-05-11 10:22:40 - [MESSAGE][PASSED] - Object: 'Object Repository/MOH AND GRN/Page_KDMC - CMS/input_btnadd' is clicked on

2018-05-11 10:22:40 - [TEST_STEP][PASSED] - Statement - If (s == 10): null

2018-05-11 10:22:40 - [TEST_STEP][PASSED] - Statement - Else: null

2018-05-11 10:22:40 - [TEST_STEP][PASSED] - Statement - (s++): null

2018-05-11 10:22:40 - [TEST_STEP][PASSED] - delay: Delayed 1 second(s)

2018-05-11 10:22:41 - [MESSAGE][PASSED] - Delayed 1 second(s)

2018-05-11 10:22:41 - [TEST_STEP][PASSED] - selectOptionByIndex: All options with index in [13] are selected on object 'Object Repository/MOH AND GRN/Page_KDMC - CMS/select_--Select--Amikacin -500'

2018-05-11 10:22:41 - [MESSAGE][PASSED] - All options with index in [13] are selected on object 'Object Repository/MOH AND GRN/Page_KDMC - CMS/select_--Select--Amikacin -500'

2018-05-11 10:22:41 - [TEST_STEP][PASSED] - setText: Text '5000' is set on object 'Object Repository/MOH AND GRN/Page_KDMC - CMS/input_txtqty'

2018-05-11 10:22:41 - [MESSAGE][PASSED] - Text '5000' is set on object 'Object Repository/MOH AND GRN/Page_KDMC - CMS/input_txtqty'

2018-05-11 10:22:41 - [TEST_STEP][PASSED] - selectOptionByIndex: All options with index in [1] are selected on object 'Object Repository/MOH AND GRN/Page_KDMC - CMS/select_--Select--No Tax0'

2018-05-11 10:22:42 - [MESSAGE][PASSED] - All options with index in [1] are selected on object 'Object Repository/MOH AND GRN/Page_KDMC - CMS/select_--Select--No Tax0'

2018-05-11 10:22:42 - [TEST_STEP][PASSED] - setText: Finding Test Object with id 'Object Repository/MOH AND GRN/Page_KDMC - CMS/input_txtmrp'

2018-05-11 10:22:42 - [TEST_STEP][PASSED] - Statement - switch (id): Finding Test Object with id 'Object Repository/MOH AND GRN/Page_KDMC - CMS/input_txtdeal'

2018-05-11 10:22:42 - [TEST_STEP][PASSED] - Statement - case 4:: Text '40.0' is set on object 'Object Repository/MOH AND GRN/Page_KDMC - CMS/input_txtmrp'

2018-05-11 10:22:42 - [TEST_STEP][PASSED] - Statement - return (java.lang.Math.floor((java.lang.Math.random() * ((max - min) + 1))) + min): Text '40.0' is set on object 'Object Repository/MOH AND GRN/Page_KDMC - CMS/input_txtmrp'

2018-05-11 10:22:42 - [MESSAGE][PASSED] - Text '40.0' is set on object 'Object Repository/MOH AND GRN/Page_KDMC - CMS/input_txtmrp'

2018-05-11 10:22:42 - [TEST_STEP][PASSED] - setText: Finding Test Object with id 'Object Repository/MOH AND GRN/Page_KDMC - CMS/input_txtdeal'

2018-05-11 10:22:42 - [TEST_STEP][PASSED] - Statement - switch (id): Finding Test Object with id 'Object Repository/MOH AND GRN/Page_KDMC - CMS/input_txtbatchno'

2018-05-11 10:22:42 - [TEST_STEP][PASSED] - Statement - case 5:: Text '6.0' is set on object 'Object Repository/MOH AND GRN/Page_KDMC - CMS/input_txtdeal'

2018-05-11 10:22:42 - [TEST_STEP][PASSED] - Statement - return (java.lang.Math.floor((java.lang.Math.random() * ((max - min) + 1))) + min): Text '6.0' is set on object 'Object Repository/MOH AND GRN/Page_KDMC - CMS/input_txtdeal'

2018-05-11 10:22:42 - [MESSAGE][PASSED] - Text '6.0' is set on object 'Object Repository/MOH AND GRN/Page_KDMC - CMS/input_txtdeal'

2018-05-11 10:22:42 - [TEST_STEP][PASSED] - setText: Finding Test Object with id 'Object Repository/MOH AND GRN/Page_KDMC - CMS/input_txtbatchno'

2018-05-11 10:22:42 - [TEST_STEP][PASSED] - Statement - switch (id): Finding Test Object with id 'Object Repository/MOH AND GRN/Page_KDMC - CMS/input_txtmrp'

2018-05-11 10:22:42 - [TEST_STEP][PASSED] - Statement - case 1:: Text 'BA432.0' is set on object 'Object Repository/MOH AND GRN/Page_KDMC - CMS/input_txtbatchno'

2018-05-11 10:22:42 - [TEST_STEP][PASSED] - Statement - return (java.lang.Math.floor((java.lang.Math.random() * ((max - min) + 1))) + min): Text 'BA432.0' is set on object 'Object Repository/MOH AND GRN/Page_KDMC - CMS/input_txtbatchno'

2018-05-11 10:22:42 - [MESSAGE][PASSED] - Text 'BA432.0' is set on object 'Object Repository/MOH AND GRN/Page_KDMC - CMS/input_txtbatchno'

2018-05-11 10:22:42 - [TEST_STEP][PASSED] - rightClick: Object: 'Object Repository/GRN/Page_KDMC - CMS/input_txtexpdate' is right clicked on

2018-05-11 10:22:42 - [MESSAGE][PASSED] - Object: 'Object Repository/GRN/Page_KDMC - CMS/input_txtexpdate' is right clicked on

2018-05-11 10:22:42 - [TEST_STEP][PASSED] - selectOptionByIndex: All options with index in [3] are selected on object 'Object Repository/GRN/Page_KDMC - CMS/select_20182019202020212022202'

2018-05-11 10:22:42 - [MESSAGE][PASSED] - All options with index in [3] are selected on object 'Object Repository/GRN/Page_KDMC - CMS/select_20182019202020212022202'

2018-05-11 10:22:42 - [TEST_STEP][PASSED] - selectOptionByIndex: All options with index in [3] are selected on object 'Object Repository/GRN/Page_KDMC - CMS/select_JanFebMarAprMayJunJulAu'

2018-05-11 10:22:42 - [MESSAGE][PASSED] - All options with index in [3] are selected on object 'Object Repository/GRN/Page_KDMC - CMS/select_JanFebMarAprMayJunJulAu'

2018-05-11 10:22:42 - [TEST_STEP][PASSED] - click: Object: 'Object Repository/MOH AND GRN/Page_KDMC - CMS/a_12' is clicked on

2018-05-11 10:22:42 - [MESSAGE][PASSED] - Object: 'Object Repository/MOH AND GRN/Page_KDMC - CMS/a_12' is clicked on

2018-05-11 10:22:42 - [TEST_STEP][PASSED] - click: Object: 'Object Repository/MOH AND GRN/Page_KDMC - CMS/input_btnadd' is clicked on

2018-05-11 10:22:42 - [MESSAGE][PASSED] - Object: 'Object Repository/MOH AND GRN/Page_KDMC - CMS/input_btnadd' is clicked on

2018-05-11 10:22:42 - [TEST_STEP][PASSED] - Statement - If (s == 10): null

2018-05-11 10:22:42 - [TEST_STEP][PASSED] - Statement - Else: null

2018-05-11 10:22:42 - [TEST_STEP][PASSED] - Statement - (s++): null

2018-05-11 10:22:42 - [TEST_STEP][PASSED] - delay: Delayed 1 second(s)

2018-05-11 10:22:43 - [MESSAGE][PASSED] - Delayed 1 second(s)

2018-05-11 10:22:43 - [TEST_STEP][PASSED] - selectOptionByIndex: All options with index in [14] are selected on object 'Object Repository/MOH AND GRN/Page_KDMC - CMS/select_--Select--Amikacin -500'

2018-05-11 10:22:44 - [MESSAGE][PASSED] - All options with index in [14] are selected on object 'Object Repository/MOH AND GRN/Page_KDMC - CMS/select_--Select--Amikacin -500'

2018-05-11 10:22:44 - [TEST_STEP][PASSED] - setText: Text '5000' is set on object 'Object Repository/MOH AND GRN/Page_KDMC - CMS/input_txtqty'

2018-05-11 10:22:44 - [MESSAGE][PASSED] - Text '5000' is set on object 'Object Repository/MOH AND GRN/Page_KDMC - CMS/input_txtqty'

2018-05-11 10:22:44 - [TEST_STEP][PASSED] - selectOptionByIndex: All options with index in [1] are selected on object 'Object Repository/MOH AND GRN/Page_KDMC - CMS/select_--Select--No Tax0'

2018-05-11 10:22:44 - [MESSAGE][PASSED] - All options with index in [1] are selected on object 'Object Repository/MOH AND GRN/Page_KDMC - CMS/select_--Select--No Tax0'

2018-05-11 10:22:44 - [TEST_STEP][PASSED] - setText: Finding Test Object with id 'Object Repository/MOH AND GRN/Page_KDMC - CMS/input_txtmrp'

2018-05-11 10:22:44 - [TEST_STEP][PASSED] - Statement - switch (id): Finding Test Object with id 'Object Repository/MOH AND GRN/Page_KDMC - CMS/input_txtdeal'

2018-05-11 10:22:44 - [TEST_STEP][PASSED] - Statement - case 4:: Text '17.0' is set on object 'Object Repository/MOH AND GRN/Page_KDMC - CMS/input_txtmrp'

2018-05-11 10:22:44 - [TEST_STEP][PASSED] - Statement - return (java.lang.Math.floor((java.lang.Math.random() * ((max - min) + 1))) + min): Text '17.0' is set on object 'Object Repository/MOH AND GRN/Page_KDMC - CMS/input_txtmrp'

2018-05-11 10:22:44 - [MESSAGE][PASSED] - Text '17.0' is set on object 'Object Repository/MOH AND GRN/Page_KDMC - CMS/input_txtmrp'

2018-05-11 10:22:44 - [TEST_STEP][PASSED] - setText: Finding Test Object with id 'Object Repository/MOH AND GRN/Page_KDMC - CMS/input_txtdeal'

2018-05-11 10:22:44 - [TEST_STEP][PASSED] - Statement - switch (id): Finding Test Object with id 'Object Repository/MOH AND GRN/Page_KDMC - CMS/input_txtbatchno'

2018-05-11 10:22:44 - [TEST_STEP][PASSED] - Statement - case 5:: Text '5.0' is set on object 'Object Repository/MOH AND GRN/Page_KDMC - CMS/input_txtdeal'

2018-05-11 10:22:44 - [TEST_STEP][PASSED] - Statement - return (java.lang.Math.floor((java.lang.Math.random() * ((max - min) + 1))) + min): Text '5.0' is set on object 'Object Repository/MOH AND GRN/Page_KDMC - CMS/input_txtdeal'

2018-05-11 10:22:44 - [MESSAGE][PASSED] - Text '5.0' is set on object 'Object Repository/MOH AND GRN/Page_KDMC - CMS/input_txtdeal'

2018-05-11 10:22:44 - [TEST_STEP][PASSED] - setText: Finding Test Object with id 'Object Repository/MOH AND GRN/Page_KDMC - CMS/input_txtbatchno'

2018-05-11 10:22:44 - [TEST_STEP][PASSED] - Statement - switch (id): Finding Test Object with id 'Object Repository/MOH AND GRN/Page_KDMC - CMS/input_txtmrp'

2018-05-11 10:22:44 - [TEST_STEP][PASSED] - Statement - case 1:: Text 'BA174.0' is set on object 'Object Repository/MOH AND GRN/Page_KDMC - CMS/input_txtbatchno'

2018-05-11 10:22:44 - [TEST_STEP][PASSED] - Statement - return (java.lang.Math.floor((java.lang.Math.random() * ((max - min) + 1))) + min): Text 'BA174.0' is set on object 'Object Repository/MOH AND GRN/Page_KDMC - CMS/input_txtbatchno'

2018-05-11 10:22:44 - [MESSAGE][PASSED] - Text 'BA174.0' is set on object 'Object Repository/MOH AND GRN/Page_KDMC - CMS/input_txtbatchno'

2018-05-11 10:22:44 - [TEST_STEP][PASSED] - rightClick: Object: 'Object Repository/GRN/Page_KDMC - CMS/input_txtexpdate' is right clicked on

2018-05-11 10:22:44 - [MESSAGE][PASSED] - Object: 'Object Repository/GRN/Page_KDMC - CMS/input_txtexpdate' is right clicked on

2018-05-11 10:22:44 - [TEST_STEP][PASSED] - selectOptionByIndex: All options with index in [4] are selected on object 'Object Repository/GRN/Page_KDMC - CMS/select_20182019202020212022202'

2018-05-11 10:22:45 - [MESSAGE][PASSED] - All options with index in [4] are selected on object 'Object Repository/GRN/Page_KDMC - CMS/select_20182019202020212022202'

2018-05-11 10:22:45 - [TEST_STEP][PASSED] - selectOptionByIndex: All options with index in [4] are selected on object 'Object Repository/GRN/Page_KDMC - CMS/select_JanFebMarAprMayJunJulAu'

2018-05-11 10:22:45 - [MESSAGE][PASSED] - All options with index in [4] are selected on object 'Object Repository/GRN/Page_KDMC - CMS/select_JanFebMarAprMayJunJulAu'

2018-05-11 10:22:45 - [TEST_STEP][PASSED] - click: Object: 'Object Repository/MOH AND GRN/Page_KDMC - CMS/a_12' is clicked on

2018-05-11 10:22:45 - [MESSAGE][PASSED] - Object: 'Object Repository/MOH AND GRN/Page_KDMC - CMS/a_12' is clicked on

2018-05-11 10:22:45 - [TEST_STEP][PASSED] - click: Object: 'Object Repository/MOH AND GRN/Page_KDMC - CMS/input_btnadd' is clicked on

2018-05-11 10:22:45 - [MESSAGE][PASSED] - Object: 'Object Repository/MOH AND GRN/Page_KDMC - CMS/input_btnadd' is clicked on

2018-05-11 10:22:45 - [TEST_STEP][PASSED] - Statement - If (s == 10): null

2018-05-11 10:22:45 - [TEST_STEP][PASSED] - Statement - Else: null

2018-05-11 10:22:45 - [TEST_STEP][PASSED] - Statement - (s++): null

2018-05-11 10:22:45 - [TEST_STEP][PASSED] - delay: Delayed 1 second(s)

2018-05-11 10:22:46 - [MESSAGE][PASSED] - Delayed 1 second(s)

2018-05-11 10:22:46 - [TEST_STEP][PASSED] - selectOptionByIndex: All options with index in [15] are selected on object 'Object Repository/MOH AND GRN/Page_KDMC - CMS/select_--Select--Amikacin -500'

2018-05-11 10:22:46 - [MESSAGE][PASSED] - All options with index in [15] are selected on object 'Object Repository/MOH AND GRN/Page_KDMC - CMS/select_--Select--Amikacin -500'

2018-05-11 10:22:46 - [TEST_STEP][PASSED] - setText: Text '5000' is set on object 'Object Repository/MOH AND GRN/Page_KDMC - CMS/input_txtqty'

2018-05-11 10:22:46 - [MESSAGE][PASSED] - Text '5000' is set on object 'Object Repository/MOH AND GRN/Page_KDMC - CMS/input_txtqty'

2018-05-11 10:22:46 - [TEST_STEP][PASSED] - selectOptionByIndex: All options with index in [1] are selected on object 'Object Repository/MOH AND GRN/Page_KDMC - CMS/select_--Select--No Tax0'

2018-05-11 10:22:46 - [MESSAGE][PASSED] - All options with index in [1] are selected on object 'Object Repository/MOH AND GRN/Page_KDMC - CMS/select_--Select--No Tax0'

2018-05-11 10:22:46 - [TEST_STEP][PASSED] - setText: Finding Test Object with id 'Object Repository/MOH AND GRN/Page_KDMC - CMS/input_txtmrp'

2018-05-11 10:22:46 - [TEST_STEP][PASSED] - Statement - switch (id): Finding Test Object with id 'Object Repository/MOH AND GRN/Page_KDMC - CMS/input_txtdeal'

2018-05-11 10:22:46 - [TEST_STEP][PASSED] - Statement - case 4:: Text '25.0' is set on object 'Object Repository/MOH AND GRN/Page_KDMC - CMS/input_txtmrp'

2018-05-11 10:22:46 - [TEST_STEP][PASSED] - Statement - return (java.lang.Math.floor((java.lang.Math.random() * ((max - min) + 1))) + min): Text '25.0' is set on object 'Object Repository/MOH AND GRN/Page_KDMC - CMS/input_txtmrp'

2018-05-11 10:22:47 - [MESSAGE][PASSED] - Text '25.0' is set on object 'Object Repository/MOH AND GRN/Page_KDMC - CMS/input_txtmrp'

2018-05-11 10:22:47 - [TEST_STEP][PASSED] - setText: Finding Test Object with id 'Object Repository/MOH AND GRN/Page_KDMC - CMS/input_txtdeal'

2018-05-11 10:22:47 - [TEST_STEP][PASSED] - Statement - switch (id): Finding Test Object with id 'Object Repository/MOH AND GRN/Page_KDMC - CMS/input_txtbatchno'

2018-05-11 10:22:47 - [TEST_STEP][PASSED] - Statement - case 5:: Text '7.0' is set on object 'Object Repository/MOH AND GRN/Page_KDMC - CMS/input_txtdeal'

2018-05-11 10:22:47 - [TEST_STEP][PASSED] - Statement - return (java.lang.Math.floor((java.lang.Math.random() * ((max - min) + 1))) + min): Text '7.0' is set on object 'Object Repository/MOH AND GRN/Page_KDMC - CMS/input_txtdeal'

2018-05-11 10:22:47 - [MESSAGE][PASSED] - Text '7.0' is set on object 'Object Repository/MOH AND GRN/Page_KDMC - CMS/input_txtdeal'

2018-05-11 10:22:47 - [TEST_STEP][PASSED] - setText: Finding Test Object with id 'Object Repository/MOH AND GRN/Page_KDMC - CMS/input_txtbatchno'

2018-05-11 10:22:47 - [TEST_STEP][PASSED] - Statement - switch (id): Finding Test Object with id 'Object Repository/MOH AND GRN/Page_KDMC - CMS/input_txtmrp'

2018-05-11 10:22:47 - [TEST_STEP][PASSED] - Statement - case 1:: Text 'BA662.0' is set on object 'Object Repository/MOH AND GRN/Page_KDMC - CMS/input_txtbatchno'

2018-05-11 10:22:47 - [TEST_STEP][PASSED] - Statement - return (java.lang.Math.floor((java.lang.Math.random() * ((max - min) + 1))) + min): Text 'BA662.0' is set on object 'Object Repository/MOH AND GRN/Page_KDMC - CMS/input_txtbatchno'

2018-05-11 10:22:47 - [MESSAGE][PASSED] - Text 'BA662.0' is set on object 'Object Repository/MOH AND GRN/Page_KDMC - CMS/input_txtbatchno'

2018-05-11 10:22:47 - [TEST_STEP][PASSED] - rightClick: Object: 'Object Repository/GRN/Page_KDMC - CMS/input_txtexpdate' is right clicked on

2018-05-11 10:22:47 - [MESSAGE][PASSED] - Object: 'Object Repository/GRN/Page_KDMC - CMS/input_txtexpdate' is right clicked on

2018-05-11 10:22:47 - [TEST_STEP][PASSED] - selectOptionByIndex: All options with index in [5] are selected on object 'Object Repository/GRN/Page_KDMC - CMS/select_20182019202020212022202'

2018-05-11 10:22:47 - [MESSAGE][PASSED] - All options with index in [5] are selected on object 'Object Repository/GRN/Page_KDMC - CMS/select_20182019202020212022202'

2018-05-11 10:22:47 - [TEST_STEP][PASSED] - selectOptionByIndex: All options with index in [5] are selected on object 'Object Repository/GRN/Page_KDMC - CMS/select_JanFebMarAprMayJunJulAu'

2018-05-11 10:22:47 - [MESSAGE][PASSED] - All options with index in [5] are selected on object 'Object Repository/GRN/Page_KDMC - CMS/select_JanFebMarAprMayJunJulAu'

2018-05-11 10:22:47 - [TEST_STEP][PASSED] - click: Object: 'Object Repository/MOH AND GRN/Page_KDMC - CMS/a_12' is clicked on

2018-05-11 10:22:47 - [MESSAGE][PASSED] - Object: 'Object Repository/MOH AND GRN/Page_KDMC - CMS/a_12' is clicked on

2018-05-11 10:22:47 - [TEST_STEP][PASSED] - click: Object: 'Object Repository/MOH AND GRN/Page_KDMC - CMS/input_btnadd' is clicked on

2018-05-11 10:22:47 - [MESSAGE][PASSED] - Object: 'Object Repository/MOH AND GRN/Page_KDMC - CMS/input_btnadd' is clicked on

2018-05-11 10:22:47 - [TEST_STEP][PASSED] - Statement - If (s == 10): null

2018-05-11 10:22:47 - [TEST_STEP][PASSED] - Statement - Else: null

2018-05-11 10:22:47 - [TEST_STEP][PASSED] - Statement - (s++): null

2018-05-11 10:22:47 - [TEST_STEP][PASSED] - delay: Delayed 1 second(s)

2018-05-11 10:22:48 - [MESSAGE][PASSED] - Delayed 1 second(s)

2018-05-11 10:22:48 - [TEST_STEP][PASSED] - selectOptionByIndex: All options with index in [16] are selected on object 'Object Repository/MOH AND GRN/Page_KDMC - CMS/select_--Select--Amikacin -500'

2018-05-11 10:22:49 - [MESSAGE][PASSED] - All options with index in [16] are selected on object 'Object Repository/MOH AND GRN/Page_KDMC - CMS/select_--Select--Amikacin -500'

2018-05-11 10:22:49 - [TEST_STEP][PASSED] - setText: Text '5000' is set on object 'Object Repository/MOH AND GRN/Page_KDMC - CMS/input_txtqty'

2018-05-11 10:22:49 - [MESSAGE][PASSED] - Text '5000' is set on object 'Object Repository/MOH AND GRN/Page_KDMC - CMS/input_txtqty'

2018-05-11 10:22:49 - [TEST_STEP][PASSED] - selectOptionByIndex: All options with index in [1] are selected on object 'Object Repository/MOH AND GRN/Page_KDMC - CMS/select_--Select--No Tax0'

2018-05-11 10:22:49 - [MESSAGE][PASSED] - All options with index in [1] are selected on object 'Object Repository/MOH AND GRN/Page_KDMC - CMS/select_--Select--No Tax0'

2018-05-11 10:22:49 - [TEST_STEP][PASSED] - setText: Finding Test Object with id 'Object Repository/MOH AND GRN/Page_KDMC - CMS/input_txtmrp'

2018-05-11 10:22:49 - [TEST_STEP][PASSED] - Statement - switch (id): Finding Test Object with id 'Object Repository/MOH AND GRN/Page_KDMC - CMS/input_txtdeal'

2018-05-11 10:22:49 - [TEST_STEP][PASSED] - Statement - case 4:: Text '32.0' is set on object 'Object Repository/MOH AND GRN/Page_KDMC - CMS/input_txtmrp'

2018-05-11 10:22:49 - [TEST_STEP][PASSED] - Statement - return (java.lang.Math.floor((java.lang.Math.random() * ((max - min) + 1))) + min): Text '32.0' is set on object 'Object Repository/MOH AND GRN/Page_KDMC - CMS/input_txtmrp'

2018-05-11 10:22:49 - [MESSAGE][PASSED] - Text '32.0' is set on object 'Object Repository/MOH AND GRN/Page_KDMC - CMS/input_txtmrp'

2018-05-11 10:22:49 - [TEST_STEP][PASSED] - setText: Finding Test Object with id 'Object Repository/MOH AND GRN/Page_KDMC - CMS/input_txtdeal'

2018-05-11 10:22:49 - [TEST_STEP][PASSED] - Statement - switch (id): Finding Test Object with id 'Object Repository/MOH AND GRN/Page_KDMC - CMS/input_txtbatchno'

2018-05-11 10:22:49 - [TEST_STEP][PASSED] - Statement - case 5:: Text '1.0' is set on object 'Object Repository/MOH AND GRN/Page_KDMC - CMS/input_txtdeal'

2018-05-11 10:22:49 - [TEST_STEP][PASSED] - Statement - return (java.lang.Math.floor((java.lang.Math.random() * ((max - min) + 1))) + min): Text '1.0' is set on object 'Object Repository/MOH AND GRN/Page_KDMC - CMS/input_txtdeal'

2018-05-11 10:22:49 - [MESSAGE][PASSED] - Text '1.0' is set on object 'Object Repository/MOH AND GRN/Page_KDMC - CMS/input_txtdeal'

2018-05-11 10:22:49 - [TEST_STEP][PASSED] - setText: Finding Test Object with id 'Object Repository/MOH AND GRN/Page_KDMC - CMS/input_txtbatchno'

2018-05-11 10:22:49 - [TEST_STEP][PASSED] - Statement - switch (id): Finding Test Object with id 'Object Repository/MOH AND GRN/Page_KDMC - CMS/input_txtmrp'

2018-05-11 10:22:49 - [TEST_STEP][PASSED] - Statement - case 1:: Text 'BA875.0' is set on object 'Object Repository/MOH AND GRN/Page_KDMC - CMS/input_txtbatchno'

2018-05-11 10:22:49 - [TEST_STEP][PASSED] - Statement - return (java.lang.Math.floor((java.lang.Math.random() * ((max - min) + 1))) + min): Text 'BA875.0' is set on object 'Object Repository/MOH AND GRN/Page_KDMC - CMS/input_txtbatchno'

2018-05-11 10:22:49 - [MESSAGE][PASSED] - Text 'BA875.0' is set on object 'Object Repository/MOH AND GRN/Page_KDMC - CMS/input_txtbatchno'

2018-05-11 10:22:49 - [TEST_STEP][PASSED] - rightClick: Object: 'Object Repository/GRN/Page_KDMC - CMS/input_txtexpdate' is right clicked on

2018-05-11 10:22:49 - [MESSAGE][PASSED] - Object: 'Object Repository/GRN/Page_KDMC - CMS/input_txtexpdate' is right clicked on

2018-05-11 10:22:49 - [TEST_STEP][PASSED] - selectOptionByIndex: All options with index in [6] are selected on object 'Object Repository/GRN/Page_KDMC - CMS/select_20182019202020212022202'

2018-05-11 10:22:50 - [MESSAGE][PASSED] - All options with index in [6] are selected on object 'Object Repository/GRN/Page_KDMC - CMS/select_20182019202020212022202'

2018-05-11 10:22:50 - [TEST_STEP][PASSED] - selectOptionByIndex: All options with index in [6] are selected on object 'Object Repository/GRN/Page_KDMC - CMS/select_JanFebMarAprMayJunJulAu'

2018-05-11 10:22:50 - [MESSAGE][PASSED] - All options with index in [6] are selected on object 'Object Repository/GRN/Page_KDMC - CMS/select_JanFebMarAprMayJunJulAu'

2018-05-11 10:22:50 - [TEST_STEP][PASSED] - click: Object: 'Object Repository/MOH AND GRN/Page_KDMC - CMS/a_12' is clicked on

2018-05-11 10:22:50 - [MESSAGE][PASSED] - Object: 'Object Repository/MOH AND GRN/Page_KDMC - CMS/a_12' is clicked on

2018-05-11 10:22:50 - [TEST_STEP][PASSED] - click: Object: 'Object Repository/MOH AND GRN/Page_KDMC - CMS/input_btnadd' is clicked on

2018-05-11 10:22:50 - [MESSAGE][PASSED] - Object: 'Object Repository/MOH AND GRN/Page_KDMC - CMS/input_btnadd' is clicked on

2018-05-11 10:22:50 - [TEST_STEP][PASSED] - Statement - If (s == 10): null

2018-05-11 10:22:50 - [TEST_STEP][PASSED] - Statement - Else: null

2018-05-11 10:22:50 - [TEST_STEP][PASSED] - Statement - (s++): null

2018-05-11 10:22:50 - [TEST_STEP][PASSED] - delay: Delayed 1 second(s)

2018-05-11 10:22:51 - [MESSAGE][PASSED] - Delayed 1 second(s)

2018-05-11 10:22:51 - [TEST_STEP][PASSED] - selectOptionByIndex: All options with index in [17] are selected on object 'Object Repository/MOH AND GRN/Page_KDMC - CMS/select_--Select--Amikacin -500'

2018-05-11 10:22:51 - [MESSAGE][PASSED] - All options with index in [17] are selected on object 'Object Repository/MOH AND GRN/Page_KDMC - CMS/select_--Select--Amikacin -500'

2018-05-11 10:22:51 - [TEST_STEP][PASSED] - setText: Text '5000' is set on object 'Object Repository/MOH AND GRN/Page_KDMC - CMS/input_txtqty'

2018-05-11 10:22:52 - [MESSAGE][PASSED] - Text '5000' is set on object 'Object Repository/MOH AND GRN/Page_KDMC - CMS/input_txtqty'

2018-05-11 10:22:52 - [TEST_STEP][PASSED] - selectOptionByIndex: All options with index in [1] are selected on object 'Object Repository/MOH AND GRN/Page_KDMC - CMS/select_--Select--No Tax0'

2018-05-11 10:22:52 - [MESSAGE][PASSED] - All options with index in [1] are selected on object 'Object Repository/MOH AND GRN/Page_KDMC - CMS/select_--Select--No Tax0'

2018-05-11 10:22:52 - [TEST_STEP][PASSED] - setText: Finding Test Object with id 'Object Repository/MOH AND GRN/Page_KDMC - CMS/input_txtmrp'

2018-05-11 10:22:52 - [TEST_STEP][PASSED] - Statement - switch (id): Finding Test Object with id 'Object Repository/MOH AND GRN/Page_KDMC - CMS/input_txtdeal'

2018-05-11 10:22:52 - [TEST_STEP][PASSED] - Statement - case 4:: Text '43.0' is set on object 'Object Repository/MOH AND GRN/Page_KDMC - CMS/input_txtmrp'

2018-05-11 10:22:52 - [TEST_STEP][PASSED] - Statement - return (java.lang.Math.floor((java.lang.Math.random() * ((max - min) + 1))) + min): Text '43.0' is set on object 'Object Repository/MOH AND GRN/Page_KDMC - CMS/input_txtmrp'

2018-05-11 10:22:52 - [MESSAGE][PASSED] - Text '43.0' is set on object 'Object Repository/MOH AND GRN/Page_KDMC - CMS/input_txtmrp'

2018-05-11 10:22:52 - [TEST_STEP][PASSED] - setText: Finding Test Object with id 'Object Repository/MOH AND GRN/Page_KDMC - CMS/input_txtdeal'

2018-05-11 10:22:52 - [TEST_STEP][PASSED] - Statement - switch (id): Finding Test Object with id 'Object Repository/MOH AND GRN/Page_KDMC - CMS/input_txtbatchno'

2018-05-11 10:22:52 - [TEST_STEP][PASSED] - Statement - case 5:: Text '4.0' is set on object 'Object Repository/MOH AND GRN/Page_KDMC - CMS/input_txtdeal'

2018-05-11 10:22:52 - [TEST_STEP][PASSED] - Statement - return (java.lang.Math.floor((java.lang.Math.random() * ((max - min) + 1))) + min): Text '4.0' is set on object 'Object Repository/MOH AND GRN/Page_KDMC - CMS/input_txtdeal'

2018-05-11 10:22:52 - [MESSAGE][PASSED] - Text '4.0' is set on object 'Object Repository/MOH AND GRN/Page_KDMC - CMS/input_txtdeal'

2018-05-11 10:22:52 - [TEST_STEP][PASSED] - setText: Finding Test Object with id 'Object Repository/MOH AND GRN/Page_KDMC - CMS/input_txtbatchno'

2018-05-11 10:22:52 - [TEST_STEP][PASSED] - Statement - switch (id): Finding Test Object with id 'Object Repository/MOH AND GRN/Page_KDMC - CMS/input_txtmrp'

2018-05-11 10:22:52 - [TEST_STEP][PASSED] - Statement - case 1:: Text 'BA816.0' is set on object 'Object Repository/MOH AND GRN/Page_KDMC - CMS/input_txtbatchno'

2018-05-11 10:22:52 - [TEST_STEP][PASSED] - Statement - return (java.lang.Math.floor((java.lang.Math.random() * ((max - min) + 1))) + min): Text 'BA816.0' is set on object 'Object Repository/MOH AND GRN/Page_KDMC - CMS/input_txtbatchno'

2018-05-11 10:22:52 - [MESSAGE][PASSED] - Text 'BA816.0' is set on object 'Object Repository/MOH AND GRN/Page_KDMC - CMS/input_txtbatchno'

2018-05-11 10:22:52 - [TEST_STEP][PASSED] - rightClick: Object: 'Object Repository/GRN/Page_KDMC - CMS/input_txtexpdate' is right clicked on

2018-05-11 10:22:52 - [MESSAGE][PASSED] - Object: 'Object Repository/GRN/Page_KDMC - CMS/input_txtexpdate' is right clicked on

2018-05-11 10:22:52 - [TEST_STEP][PASSED] - selectOptionByIndex: All options with index in [7] are selected on object 'Object Repository/GRN/Page_KDMC - CMS/select_20182019202020212022202'

2018-05-11 10:22:52 - [MESSAGE][PASSED] - All options with index in [7] are selected on object 'Object Repository/GRN/Page_KDMC - CMS/select_20182019202020212022202'

2018-05-11 10:22:52 - [TEST_STEP][PASSED] - selectOptionByIndex: All options with index in [7] are selected on object 'Object Repository/GRN/Page_KDMC - CMS/select_JanFebMarAprMayJunJulAu'

2018-05-11 10:22:52 - [MESSAGE][PASSED] - All options with index in [7] are selected on object 'Object Repository/GRN/Page_KDMC - CMS/select_JanFebMarAprMayJunJulAu'

2018-05-11 10:22:52 - [TEST_STEP][PASSED] - click: Object: 'Object Repository/MOH AND GRN/Page_KDMC - CMS/a_12' is clicked on

2018-05-11 10:22:53 - [MESSAGE][PASSED] - Object: 'Object Repository/MOH AND GRN/Page_KDMC - CMS/a_12' is clicked on

2018-05-11 10:22:53 - [TEST_STEP][PASSED] - click: Object: 'Object Repository/MOH AND GRN/Page_KDMC - CMS/input_btnadd' is clicked on

2018-05-11 10:22:53 - [MESSAGE][PASSED] - Object: 'Object Repository/MOH AND GRN/Page_KDMC - CMS/input_btnadd' is clicked on

2018-05-11 10:22:53 - [TEST_STEP][PASSED] - Statement - If (s == 10): null

2018-05-11 10:22:53 - [TEST_STEP][PASSED] - Statement - Else: null

2018-05-11 10:22:53 - [TEST_STEP][PASSED] - Statement - (s++): null

2018-05-11 10:22:53 - [TEST_STEP][PASSED] - delay: Delayed 1 second(s)

2018-05-11 10:22:54 - [MESSAGE][PASSED] - Delayed 1 second(s)

2018-05-11 10:22:54 - [TEST_STEP][PASSED] - selectOptionByIndex: All options with index in [18] are selected on object 'Object Repository/MOH AND GRN/Page_KDMC - CMS/select_--Select--Amikacin -500'

2018-05-11 10:22:54 - [MESSAGE][PASSED] - All options with index in [18] are selected on object 'Object Repository/MOH AND GRN/Page_KDMC - CMS/select_--Select--Amikacin -500'

2018-05-11 10:22:54 - [TEST_STEP][PASSED] - setText: Text '5000' is set on object 'Object Repository/MOH AND GRN/Page_KDMC - CMS/input_txtqty'

2018-05-11 10:22:54 - [MESSAGE][PASSED] - Text '5000' is set on object 'Object Repository/MOH AND GRN/Page_KDMC - CMS/input_txtqty'

2018-05-11 10:22:54 - [TEST_STEP][PASSED] - selectOptionByIndex: All options with index in [1] are selected on object 'Object Repository/MOH AND GRN/Page_KDMC - CMS/select_--Select--No Tax0'

2018-05-11 10:22:54 - [MESSAGE][PASSED] - All options with index in [1] are selected on object 'Object Repository/MOH AND GRN/Page_KDMC - CMS/select_--Select--No Tax0'

2018-05-11 10:22:54 - [TEST_STEP][PASSED] - setText: Finding Test Object with id 'Object Repository/MOH AND GRN/Page_KDMC - CMS/input_txtmrp'

2018-05-11 10:22:54 - [TEST_STEP][PASSED] - Statement - switch (id): Finding Test Object with id 'Object Repository/MOH AND GRN/Page_KDMC - CMS/input_txtdeal'

2018-05-11 10:22:54 - [TEST_STEP][PASSED] - Statement - case 4:: Text '45.0' is set on object 'Object Repository/MOH AND GRN/Page_KDMC - CMS/input_txtmrp'

2018-05-11 10:22:54 - [TEST_STEP][PASSED] - Statement - return (java.lang.Math.floor((java.lang.Math.random() * ((max - min) + 1))) + min): Text '45.0' is set on object 'Object Repository/MOH AND GRN/Page_KDMC - CMS/input_txtmrp'

2018-05-11 10:22:54 - [MESSAGE][PASSED] - Text '45.0' is set on object 'Object Repository/MOH AND GRN/Page_KDMC - CMS/input_txtmrp'

2018-05-11 10:22:54 - [TEST_STEP][PASSED] - setText: Finding Test Object with id 'Object Repository/MOH AND GRN/Page_KDMC - CMS/input_txtdeal'

2018-05-11 10:22:54 - [TEST_STEP][PASSED] - Statement - switch (id): Finding Test Object with id 'Object Repository/MOH AND GRN/Page_KDMC - CMS/input_txtbatchno'

2018-05-11 10:22:54 - [TEST_STEP][PASSED] - Statement - case 5:: Text '2.0' is set on object 'Object Repository/MOH AND GRN/Page_KDMC - CMS/input_txtdeal'

2018-05-11 10:22:54 - [TEST_STEP][PASSED] - Statement - return (java.lang.Math.floor((java.lang.Math.random() * ((max - min) + 1))) + min): Text '2.0' is set on object 'Object Repository/MOH AND GRN/Page_KDMC - CMS/input_txtdeal'

2018-05-11 10:22:54 - [MESSAGE][PASSED] - Text '2.0' is set on object 'Object Repository/MOH AND GRN/Page_KDMC - CMS/input_txtdeal'

2018-05-11 10:22:54 - [TEST_STEP][PASSED] - setText: Finding Test Object with id 'Object Repository/MOH AND GRN/Page_KDMC - CMS/input_txtbatchno'

2018-05-11 10:22:54 - [TEST_STEP][PASSED] - Statement - switch (id): Finding Test Object with id 'Object Repository/MOH AND GRN/Page_KDMC - CMS/input_txtmrp'

2018-05-11 10:22:54 - [TEST_STEP][PASSED] - Statement - case 1:: Text 'BA377.0' is set on object 'Object Repository/MOH AND GRN/Page_KDMC - CMS/input_txtbatchno'

2018-05-11 10:22:54 - [TEST_STEP][PASSED] - Statement - return (java.lang.Math.floor((java.lang.Math.random() * ((max - min) + 1))) + min): Text 'BA377.0' is set on object 'Object Repository/MOH AND GRN/Page_KDMC - CMS/input_txtbatchno'

2018-05-11 10:22:55 - [MESSAGE][PASSED] - Text 'BA377.0' is set on object 'Object Repository/MOH AND GRN/Page_KDMC - CMS/input_txtbatchno'

2018-05-11 10:22:55 - [TEST_STEP][PASSED] - rightClick: Object: 'Object Repository/GRN/Page_KDMC - CMS/input_txtexpdate' is right clicked on

2018-05-11 10:22:55 - [MESSAGE][PASSED] - Object: 'Object Repository/GRN/Page_KDMC - CMS/input_txtexpdate' is right clicked on

2018-05-11 10:22:55 - [TEST_STEP][PASSED] - selectOptionByIndex: All options with index in [8] are selected on object 'Object Repository/GRN/Page_KDMC - CMS/select_20182019202020212022202'

2018-05-11 10:22:55 - [MESSAGE][PASSED] - All options with index in [8] are selected on object 'Object Repository/GRN/Page_KDMC - CMS/select_20182019202020212022202'

2018-05-11 10:22:55 - [TEST_STEP][PASSED] - selectOptionByIndex: All options with index in [8] are selected on object 'Object Repository/GRN/Page_KDMC - CMS/select_JanFebMarAprMayJunJulAu'

2018-05-11 10:22:55 - [MESSAGE][PASSED] - All options with index in [8] are selected on object 'Object Repository/GRN/Page_KDMC - CMS/select_JanFebMarAprMayJunJulAu'

2018-05-11 10:22:55 - [TEST_STEP][PASSED] - click: Object: 'Object Repository/MOH AND GRN/Page_KDMC - CMS/a_12' is clicked on

2018-05-11 10:22:55 - [MESSAGE][PASSED] - Object: 'Object Repository/MOH AND GRN/Page_KDMC - CMS/a_12' is clicked on

2018-05-11 10:22:55 - [TEST_STEP][PASSED] - click: Object: 'Object Repository/MOH AND GRN/Page_KDMC - CMS/input_btnadd' is clicked on

2018-05-11 10:22:55 - [MESSAGE][PASSED] - Object: 'Object Repository/MOH AND GRN/Page_KDMC - CMS/input_btnadd' is clicked on

2018-05-11 10:22:55 - [TEST_STEP][PASSED] - Statement - If (s == 10): null

2018-05-11 10:22:55 - [TEST_STEP][PASSED] - Statement - Else: null

2018-05-11 10:22:55 - [TEST_STEP][PASSED] - Statement - (s++): null

2018-05-11 10:22:55 - [TEST_STEP][PASSED] - delay: Delayed 1 second(s)

2018-05-11 10:22:56 - [MESSAGE][PASSED] - Delayed 1 second(s)

2018-05-11 10:22:56 - [TEST_STEP][PASSED] - selectOptionByIndex: All options with index in [19] are selected on object 'Object Repository/MOH AND GRN/Page_KDMC - CMS/select_--Select--Amikacin -500'

2018-05-11 10:22:57 - [MESSAGE][PASSED] - All options with index in [19] are selected on object 'Object Repository/MOH AND GRN/Page_KDMC - CMS/select_--Select--Amikacin -500'

2018-05-11 10:22:57 - [TEST_STEP][PASSED] - setText: Text '5000' is set on object 'Object Repository/MOH AND GRN/Page_KDMC - CMS/input_txtqty'

2018-05-11 10:22:57 - [MESSAGE][PASSED] - Text '5000' is set on object 'Object Repository/MOH AND GRN/Page_KDMC - CMS/input_txtqty'

2018-05-11 10:22:57 - [TEST_STEP][PASSED] - selectOptionByIndex: All options with index in [1] are selected on object 'Object Repository/MOH AND GRN/Page_KDMC - CMS/select_--Select--No Tax0'

2018-05-11 10:22:57 - [MESSAGE][PASSED] - All options with index in [1] are selected on object 'Object Repository/MOH AND GRN/Page_KDMC - CMS/select_--Select--No Tax0'

2018-05-11 10:22:57 - [TEST_STEP][PASSED] - setText: Finding Test Object with id 'Object Repository/MOH AND GRN/Page_KDMC - CMS/input_txtmrp'

2018-05-11 10:22:57 - [TEST_STEP][PASSED] - Statement - switch (id): Finding Test Object with id 'Object Repository/MOH AND GRN/Page_KDMC - CMS/input_txtdeal'

2018-05-11 10:22:57 - [TEST_STEP][PASSED] - Statement - case 4:: Text '21.0' is set on object 'Object Repository/MOH AND GRN/Page_KDMC - CMS/input_txtmrp'

2018-05-11 10:22:57 - [TEST_STEP][PASSED] - Statement - return (java.lang.Math.floor((java.lang.Math.random() * ((max - min) + 1))) + min): Text '21.0' is set on object 'Object Repository/MOH AND GRN/Page_KDMC - CMS/input_txtmrp'

2018-05-11 10:22:57 - [MESSAGE][PASSED] - Text '21.0' is set on object 'Object Repository/MOH AND GRN/Page_KDMC - CMS/input_txtmrp'

2018-05-11 10:22:57 - [TEST_STEP][PASSED] - setText: Finding Test Object with id 'Object Repository/MOH AND GRN/Page_KDMC - CMS/input_txtdeal'

2018-05-11 10:22:57 - [TEST_STEP][PASSED] - Statement - switch (id): Finding Test Object with id 'Object Repository/MOH AND GRN/Page_KDMC - CMS/input_txtbatchno'

2018-05-11 10:22:57 - [TEST_STEP][PASSED] - Statement - case 5:: Text '9.0' is set on object 'Object Repository/MOH AND GRN/Page_KDMC - CMS/input_txtdeal'

2018-05-11 10:22:57 - [TEST_STEP][PASSED] - Statement - return (java.lang.Math.floor((java.lang.Math.random() * ((max - min) + 1))) + min): Text '9.0' is set on object 'Object Repository/MOH AND GRN/Page_KDMC - CMS/input_txtdeal'

2018-05-11 10:22:57 - [MESSAGE][PASSED] - Text '9.0' is set on object 'Object Repository/MOH AND GRN/Page_KDMC - CMS/input_txtdeal'

2018-05-11 10:22:57 - [TEST_STEP][PASSED] - setText: Finding Test Object with id 'Object Repository/MOH AND GRN/Page_KDMC - CMS/input_txtbatchno'

2018-05-11 10:22:57 - [TEST_STEP][PASSED] - Statement - switch (id): Finding Test Object with id 'Object Repository/MOH AND GRN/Page_KDMC - CMS/input_txtmrp'

2018-05-11 10:22:57 - [TEST_STEP][PASSED] - Statement - case 1:: Text 'BA324.0' is set on object 'Object Repository/MOH AND GRN/Page_KDMC - CMS/input_txtbatchno'

2018-05-11 10:22:57 - [TEST_STEP][PASSED] - Statement - return (java.lang.Math.floor((java.lang.Math.random() * ((max - min) + 1))) + min): Text 'BA324.0' is set on object 'Object Repository/MOH AND GRN/Page_KDMC - CMS/input_txtbatchno'

2018-05-11 10:22:57 - [MESSAGE][PASSED] - Text 'BA324.0' is set on object 'Object Repository/MOH AND GRN/Page_KDMC - CMS/input_txtbatchno'

2018-05-11 10:22:57 - [TEST_STEP][PASSED] - rightClick: Object: 'Object Repository/GRN/Page_KDMC - CMS/input_txtexpdate' is right clicked on

2018-05-11 10:22:57 - [MESSAGE][PASSED] - Object: 'Object Repository/GRN/Page_KDMC - CMS/input_txtexpdate' is right clicked on

2018-05-11 10:22:57 - [TEST_STEP][PASSED] - selectOptionByIndex: All options with index in [9] are selected on object 'Object Repository/GRN/Page_KDMC - CMS/select_20182019202020212022202'

2018-05-11 10:22:58 - [MESSAGE][PASSED] - All options with index in [9] are selected on object 'Object Repository/GRN/Page_KDMC - CMS/select_20182019202020212022202'

2018-05-11 10:22:58 - [TEST_STEP][PASSED] - selectOptionByIndex: All options with index in [9] are selected on object 'Object Repository/GRN/Page_KDMC - CMS/select_JanFebMarAprMayJunJulAu'

2018-05-11 10:22:58 - [MESSAGE][PASSED] - All options with index in [9] are selected on object 'Object Repository/GRN/Page_KDMC - CMS/select_JanFebMarAprMayJunJulAu'

2018-05-11 10:22:58 - [TEST_STEP][PASSED] - click: Object: 'Object Repository/MOH AND GRN/Page_KDMC - CMS/a_12' is clicked on

2018-05-11 10:22:58 - [MESSAGE][PASSED] - Object: 'Object Repository/MOH AND GRN/Page_KDMC - CMS/a_12' is clicked on

2018-05-11 10:22:58 - [TEST_STEP][PASSED] - click: Object: 'Object Repository/MOH AND GRN/Page_KDMC - CMS/input_btnadd' is clicked on

2018-05-11 10:22:58 - [MESSAGE][PASSED] - Object: 'Object Repository/MOH AND GRN/Page_KDMC - CMS/input_btnadd' is clicked on

2018-05-11 10:22:58 - [TEST_STEP][PASSED] - Statement - If (s == 10): null

2018-05-11 10:22:58 - [TEST_STEP][PASSED] - Statement - Else: null

2018-05-11 10:22:58 - [TEST_STEP][PASSED] - Statement - (s++): null

2018-05-11 10:22:58 - [TEST_STEP][PASSED] - delay: Delayed 1 second(s)

2018-05-11 10:22:59 - [MESSAGE][PASSED] - Delayed 1 second(s)

2018-05-11 10:22:59 - [TEST_STEP][PASSED] - selectOptionByIndex: All options with index in [20] are selected on object 'Object Repository/MOH AND GRN/Page_KDMC - CMS/select_--Select--Amikacin -500'

2018-05-11 10:22:59 - [MESSAGE][PASSED] - All options with index in [20] are selected on object 'Object Repository/MOH AND GRN/Page_KDMC - CMS/select_--Select--Amikacin -500'

2018-05-11 10:22:59 - [TEST_STEP][PASSED] - setText: Text '5000' is set on object 'Object Repository/MOH AND GRN/Page_KDMC - CMS/input_txtqty'

2018-05-11 10:22:59 - [MESSAGE][PASSED] - Text '5000' is set on object 'Object Repository/MOH AND GRN/Page_KDMC - CMS/input_txtqty'

2018-05-11 10:22:59 - [TEST_STEP][PASSED] - selectOptionByIndex: All options with index in [1] are selected on object 'Object Repository/MOH AND GRN/Page_KDMC - CMS/select_--Select--No Tax0'

2018-05-11 10:23:00 - [MESSAGE][PASSED] - All options with index in [1] are selected on object 'Object Repository/MOH AND GRN/Page_KDMC - CMS/select_--Select--No Tax0'

2018-05-11 10:23:00 - [TEST_STEP][PASSED] - setText: Finding Test Object with id 'Object Repository/MOH AND GRN/Page_KDMC - CMS/input_txtmrp'

2018-05-11 10:23:00 - [TEST_STEP][PASSED] - Statement - switch (id): Finding Test Object with id 'Object Repository/MOH AND GRN/Page_KDMC - CMS/input_txtdeal'

2018-05-11 10:23:00 - [TEST_STEP][PASSED] - Statement - case 4:: Text '41.0' is set on object 'Object Repository/MOH AND GRN/Page_KDMC - CMS/input_txtmrp'

2018-05-11 10:23:00 - [TEST_STEP][PASSED] - Statement - return (java.lang.Math.floor((java.lang.Math.random() * ((max - min) + 1))) + min): Text '41.0' is set on object 'Object Repository/MOH AND GRN/Page_KDMC - CMS/input_txtmrp'

2018-05-11 10:23:00 - [MESSAGE][PASSED] - Text '41.0' is set on object 'Object Repository/MOH AND GRN/Page_KDMC - CMS/input_txtmrp'

2018-05-11 10:23:00 - [TEST_STEP][PASSED] - setText: Finding Test Object with id 'Object Repository/MOH AND GRN/Page_KDMC - CMS/input_txtdeal'

2018-05-11 10:23:00 - [TEST_STEP][PASSED] - Statement - switch (id): Finding Test Object with id 'Object Repository/MOH AND GRN/Page_KDMC - CMS/input_txtbatchno'

2018-05-11 10:23:00 - [TEST_STEP][PASSED] - Statement - case 5:: Text '2.0' is set on object 'Object Repository/MOH AND GRN/Page_KDMC - CMS/input_txtdeal'

2018-05-11 10:23:00 - [TEST_STEP][PASSED] - Statement - return (java.lang.Math.floor((java.lang.Math.random() * ((max - min) + 1))) + min): Text '2.0' is set on object 'Object Repository/MOH AND GRN/Page_KDMC - CMS/input_txtdeal'

2018-05-11 10:23:00 - [MESSAGE][PASSED] - Text '2.0' is set on object 'Object Repository/MOH AND GRN/Page_KDMC - CMS/input_txtdeal'

2018-05-11 10:23:00 - [TEST_STEP][PASSED] - setText: Finding Test Object with id 'Object Repository/MOH AND GRN/Page_KDMC - CMS/input_txtbatchno'

2018-05-11 10:23:00 - [TEST_STEP][PASSED] - Statement - switch (id): Finding Test Object with id 'Object Repository/MOH AND GRN/Page_KDMC - CMS/input_txtmrp'

2018-05-11 10:23:00 - [TEST_STEP][PASSED] - Statement - case 1:: Text 'BA132.0' is set on object 'Object Repository/MOH AND GRN/Page_KDMC - CMS/input_txtbatchno'

2018-05-11 10:23:00 - [TEST_STEP][PASSED] - Statement - return (java.lang.Math.floor((java.lang.Math.random() * ((max - min) + 1))) + min): Text 'BA132.0' is set on object 'Object Repository/MOH AND GRN/Page_KDMC - CMS/input_txtbatchno'

2018-05-11 10:23:00 - [MESSAGE][PASSED] - Text 'BA132.0' is set on object 'Object Repository/MOH AND GRN/Page_KDMC - CMS/input_txtbatchno'

2018-05-11 10:23:00 - [TEST_STEP][PASSED] - rightClick: Object: 'Object Repository/GRN/Page_KDMC - CMS/input_txtexpdate' is right clicked on

2018-05-11 10:23:00 - [MESSAGE][PASSED] - Object: 'Object Repository/GRN/Page_KDMC - CMS/input_txtexpdate' is right clicked on

2018-05-11 10:23:00 - [TEST_STEP][PASSED] - selectOptionByIndex: All options with index in [10] are selected on object 'Object Repository/GRN/Page_KDMC - CMS/select_20182019202020212022202'

2018-05-11 10:23:00 - [MESSAGE][PASSED] - All options with index in [10] are selected on object 'Object Repository/GRN/Page_KDMC - CMS/select_20182019202020212022202'

2018-05-11 10:23:00 - [TEST_STEP][PASSED] - selectOptionByIndex: All options with index in [10] are selected on object 'Object Repository/GRN/Page_KDMC - CMS/select_JanFebMarAprMayJunJulAu'

2018-05-11 10:23:00 - [MESSAGE][PASSED] - All options with index in [10] are selected on object 'Object Repository/GRN/Page_KDMC - CMS/select_JanFebMarAprMayJunJulAu'

2018-05-11 10:23:00 - [TEST_STEP][PASSED] - click: Object: 'Object Repository/MOH AND GRN/Page_KDMC - CMS/a_12' is clicked on

2018-05-11 10:23:01 - [MESSAGE][PASSED] - Object: 'Object Repository/MOH AND GRN/Page_KDMC - CMS/a_12' is clicked on

2018-05-11 10:23:01 - [TEST_STEP][PASSED] - click: Object: 'Object Repository/MOH AND GRN/Page_KDMC - CMS/input_btnadd' is clicked on

2018-05-11 10:23:01 - [MESSAGE][PASSED] - Object: 'Object Repository/MOH AND GRN/Page_KDMC - CMS/input_btnadd' is clicked on

2018-05-11 10:23:01 - [TEST_STEP][PASSED] - Statement - If (s == 10): null

2018-05-11 10:23:01 - [TEST_STEP][PASSED] - Statement - s = 1: null

2018-05-11 10:23:01 - [TEST_STEP][PASSED] - delay: Delayed 1 second(s)

2018-05-11 10:23:02 - [MESSAGE][PASSED] - Delayed 1 second(s)

2018-05-11 10:23:02 - [TEST_STEP][PASSED] - selectOptionByIndex: All options with index in [21] are selected on object 'Object Repository/MOH AND GRN/Page_KDMC - CMS/select_--Select--Amikacin -500'

2018-05-11 10:23:02 - [MESSAGE][PASSED] - All options with index in [21] are selected on object 'Object Repository/MOH AND GRN/Page_KDMC - CMS/select_--Select--Amikacin -500'

2018-05-11 10:23:02 - [TEST_STEP][PASSED] - setText: Text '5000' is set on object 'Object Repository/MOH AND GRN/Page_KDMC - CMS/input_txtqty'

2018-05-11 10:23:02 - [MESSAGE][PASSED] - Text '5000' is set on object 'Object Repository/MOH AND GRN/Page_KDMC - CMS/input_txtqty'

2018-05-11 10:23:02 - [TEST_STEP][PASSED] - selectOptionByIndex: All options with index in [1] are selected on object 'Object Repository/MOH AND GRN/Page_KDMC - CMS/select_--Select--No Tax0'

2018-05-11 10:23:02 - [MESSAGE][PASSED] - All options with index in [1] are selected on object 'Object Repository/MOH AND GRN/Page_KDMC - CMS/select_--Select--No Tax0'

2018-05-11 10:23:02 - [TEST_STEP][PASSED] - setText: Finding Test Object with id 'Object Repository/MOH AND GRN/Page_KDMC - CMS/input_txtmrp'

2018-05-11 10:23:02 - [TEST_STEP][PASSED] - Statement - switch (id): Finding Test Object with id 'Object Repository/MOH AND GRN/Page_KDMC - CMS/input_txtdeal'

2018-05-11 10:23:02 - [TEST_STEP][PASSED] - Statement - case 4:: Text '36.0' is set on object 'Object Repository/MOH AND GRN/Page_KDMC - CMS/input_txtmrp'

2018-05-11 10:23:02 - [TEST_STEP][PASSED] - Statement - return (java.lang.Math.floor((java.lang.Math.random() * ((max - min) + 1))) + min): Text '36.0' is set on object 'Object Repository/MOH AND GRN/Page_KDMC - CMS/input_txtmrp'

2018-05-11 10:23:02 - [MESSAGE][PASSED] - Text '36.0' is set on object 'Object Repository/MOH AND GRN/Page_KDMC - CMS/input_txtmrp'

2018-05-11 10:23:02 - [TEST_STEP][PASSED] - setText: Finding Test Object with id 'Object Repository/MOH AND GRN/Page_KDMC - CMS/input_txtdeal'

2018-05-11 10:23:02 - [TEST_STEP][PASSED] - Statement - switch (id): Finding Test Object with id 'Object Repository/MOH AND GRN/Page_KDMC - CMS/input_txtbatchno'

2018-05-11 10:23:02 - [TEST_STEP][PASSED] - Statement - case 5:: Text '5.0' is set on object 'Object Repository/MOH AND GRN/Page_KDMC - CMS/input_txtdeal'

2018-05-11 10:23:02 - [TEST_STEP][PASSED] - Statement - return (java.lang.Math.floor((java.lang.Math.random() * ((max - min) + 1))) + min): Text '5.0' is set on object 'Object Repository/MOH AND GRN/Page_KDMC - CMS/input_txtdeal'

2018-05-11 10:23:02 - [MESSAGE][PASSED] - Text '5.0' is set on object 'Object Repository/MOH AND GRN/Page_KDMC - CMS/input_txtdeal'

2018-05-11 10:23:02 - [TEST_STEP][PASSED] - setText: Finding Test Object with id 'Object Repository/MOH AND GRN/Page_KDMC - CMS/input_txtbatchno'

2018-05-11 10:23:02 - [TEST_STEP][PASSED] - Statement - switch (id): Finding Test Object with id 'Object Repository/MOH AND GRN/Page_KDMC - CMS/input_txtmrp'

2018-05-11 10:23:02 - [TEST_STEP][PASSED] - Statement - case 1:: Text 'BA234.0' is set on object 'Object Repository/MOH AND GRN/Page_KDMC - CMS/input_txtbatchno'

2018-05-11 10:23:02 - [TEST_STEP][PASSED] - Statement - return (java.lang.Math.floor((java.lang.Math.random() * ((max - min) + 1))) + min): Text 'BA234.0' is set on object 'Object Repository/MOH AND GRN/Page_KDMC - CMS/input_txtbatchno'

2018-05-11 10:23:03 - [MESSAGE][PASSED] - Text 'BA234.0' is set on object 'Object Repository/MOH AND GRN/Page_KDMC - CMS/input_txtbatchno'

2018-05-11 10:23:03 - [TEST_STEP][PASSED] - rightClick: Object: 'Object Repository/GRN/Page_KDMC - CMS/input_txtexpdate' is right clicked on

2018-05-11 10:23:03 - [MESSAGE][PASSED] - Object: 'Object Repository/GRN/Page_KDMC - CMS/input_txtexpdate' is right clicked on

2018-05-11 10:23:03 - [TEST_STEP][PASSED] - selectOptionByIndex: All options with index in [1] are selected on object 'Object Repository/GRN/Page_KDMC - CMS/select_20182019202020212022202'

2018-05-11 10:23:03 - [MESSAGE][PASSED] - All options with index in [1] are selected on object 'Object Repository/GRN/Page_KDMC - CMS/select_20182019202020212022202'

2018-05-11 10:23:03 - [TEST_STEP][PASSED] - selectOptionByIndex: All options with index in [1] are selected on object 'Object Repository/GRN/Page_KDMC - CMS/select_JanFebMarAprMayJunJulAu'

2018-05-11 10:23:03 - [MESSAGE][PASSED] - All options with index in [1] are selected on object 'Object Repository/GRN/Page_KDMC - CMS/select_JanFebMarAprMayJunJulAu'

2018-05-11 10:23:03 - [TEST_STEP][PASSED] - click: Object: 'Object Repository/MOH AND GRN/Page_KDMC - CMS/a_12' is clicked on

2018-05-11 10:23:03 - [MESSAGE][PASSED] - Object: 'Object Repository/MOH AND GRN/Page_KDMC - CMS/a_12' is clicked on

2018-05-11 10:23:03 - [TEST_STEP][PASSED] - click: Object: 'Object Repository/MOH AND GRN/Page_KDMC - CMS/input_btnadd' is clicked on

2018-05-11 10:23:03 - [MESSAGE][PASSED] - Object: 'Object Repository/MOH AND GRN/Page_KDMC - CMS/input_btnadd' is clicked on

2018-05-11 10:23:03 - [TEST_STEP][PASSED] - Statement - If (s == 10): null

2018-05-11 10:23:03 - [TEST_STEP][PASSED] - Statement - Else: null

2018-05-11 10:23:03 - [TEST_STEP][PASSED] - Statement - (s++): null

2018-05-11 10:23:03 - [TEST_STEP][PASSED] - delay: Delayed 1 second(s)

2018-05-11 10:23:04 - [MESSAGE][PASSED] - Delayed 1 second(s)

2018-05-11 10:23:04 - [TEST_STEP][PASSED] - selectOptionByIndex: All options with index in [22] are selected on object 'Object Repository/MOH AND GRN/Page_KDMC - CMS/select_--Select--Amikacin -500'

2018-05-11 10:23:05 - [MESSAGE][PASSED] - All options with index in [22] are selected on object 'Object Repository/MOH AND GRN/Page_KDMC - CMS/select_--Select--Amikacin -500'

2018-05-11 10:23:05 - [TEST_STEP][PASSED] - setText: Text '5000' is set on object 'Object Repository/MOH AND GRN/Page_KDMC - CMS/input_txtqty'

2018-05-11 10:23:05 - [MESSAGE][PASSED] - Text '5000' is set on object 'Object Repository/MOH AND GRN/Page_KDMC - CMS/input_txtqty'

2018-05-11 10:23:05 - [TEST_STEP][PASSED] - selectOptionByIndex: All options with index in [1] are selected on object 'Object Repository/MOH AND GRN/Page_KDMC - CMS/select_--Select--No Tax0'

2018-05-11 10:23:05 - [MESSAGE][PASSED] - All options with index in [1] are selected on object 'Object Repository/MOH AND GRN/Page_KDMC - CMS/select_--Select--No Tax0'

2018-05-11 10:23:05 - [TEST_STEP][PASSED] - setText: Finding Test Object with id 'Object Repository/MOH AND GRN/Page_KDMC - CMS/input_txtmrp'

2018-05-11 10:23:05 - [TEST_STEP][PASSED] - Statement - switch (id): Finding Test Object with id 'Object Repository/MOH AND GRN/Page_KDMC - CMS/input_txtdeal'

2018-05-11 10:23:05 - [TEST_STEP][PASSED] - Statement - case 4:: Text '37.0' is set on object 'Object Repository/MOH AND GRN/Page_KDMC - CMS/input_txtmrp'

2018-05-11 10:23:05 - [TEST_STEP][PASSED] - Statement - return (java.lang.Math.floor((java.lang.Math.random() * ((max - min) + 1))) + min): Text '37.0' is set on object 'Object Repository/MOH AND GRN/Page_KDMC - CMS/input_txtmrp'

2018-05-11 10:23:05 - [MESSAGE][PASSED] - Text '37.0' is set on object 'Object Repository/MOH AND GRN/Page_KDMC - CMS/input_txtmrp'

2018-05-11 10:23:05 - [TEST_STEP][PASSED] - setText: Finding Test Object with id 'Object Repository/MOH AND GRN/Page_KDMC - CMS/input_txtdeal'

2018-05-11 10:23:05 - [TEST_STEP][PASSED] - Statement - switch (id): Finding Test Object with id 'Object Repository/MOH AND GRN/Page_KDMC - CMS/input_txtbatchno'

2018-05-11 10:23:05 - [TEST_STEP][PASSED] - Statement - case 5:: Text '2.0' is set on object 'Object Repository/MOH AND GRN/Page_KDMC - CMS/input_txtdeal'

2018-05-11 10:23:05 - [TEST_STEP][PASSED] - Statement - return (java.lang.Math.floor((java.lang.Math.random() * ((max - min) + 1))) + min): Text '2.0' is set on object 'Object Repository/MOH AND GRN/Page_KDMC - CMS/input_txtdeal'

2018-05-11 10:23:05 - [MESSAGE][PASSED] - Text '2.0' is set on object 'Object Repository/MOH AND GRN/Page_KDMC - CMS/input_txtdeal'

2018-05-11 10:23:05 - [TEST_STEP][PASSED] - setText: Finding Test Object with id 'Object Repository/MOH AND GRN/Page_KDMC - CMS/input_txtbatchno'

2018-05-11 10:23:05 - [TEST_STEP][PASSED] - Statement - switch (id): Finding Test Object with id 'Object Repository/MOH AND GRN/Page_KDMC - CMS/input_txtmrp'

2018-05-11 10:23:05 - [TEST_STEP][PASSED] - Statement - case 1:: Text 'BA444.0' is set on object 'Object Repository/MOH AND GRN/Page_KDMC - CMS/input_txtbatchno'

2018-05-11 10:23:05 - [TEST_STEP][PASSED] - Statement - return (java.lang.Math.floor((java.lang.Math.random() * ((max - min) + 1))) + min): Text 'BA444.0' is set on object 'Object Repository/MOH AND GRN/Page_KDMC - CMS/input_txtbatchno'

2018-05-11 10:23:05 - [MESSAGE][PASSED] - Text 'BA444.0' is set on object 'Object Repository/MOH AND GRN/Page_KDMC - CMS/input_txtbatchno'

2018-05-11 10:23:05 - [TEST_STEP][PASSED] - rightClick: Object: 'Object Repository/GRN/Page_KDMC - CMS/input_txtexpdate' is right clicked on

2018-05-11 10:23:05 - [MESSAGE][PASSED] - Object: 'Object Repository/GRN/Page_KDMC - CMS/input_txtexpdate' is right clicked on

2018-05-11 10:23:05 - [TEST_STEP][PASSED] - selectOptionByIndex: All options with index in [2] are selected on object 'Object Repository/GRN/Page_KDMC - CMS/select_20182019202020212022202'

2018-05-11 10:23:05 - [MESSAGE][PASSED] - All options with index in [2] are selected on object 'Object Repository/GRN/Page_KDMC - CMS/select_20182019202020212022202'

2018-05-11 10:23:05 - [TEST_STEP][PASSED] - selectOptionByIndex: All options with index in [2] are selected on object 'Object Repository/GRN/Page_KDMC - CMS/select_JanFebMarAprMayJunJulAu'

2018-05-11 10:23:06 - [MESSAGE][PASSED] - All options with index in [2] are selected on object 'Object Repository/GRN/Page_KDMC - CMS/select_JanFebMarAprMayJunJulAu'

2018-05-11 10:23:06 - [TEST_STEP][PASSED] - click: Object: 'Object Repository/MOH AND GRN/Page_KDMC - CMS/a_12' is clicked on

2018-05-11 10:23:06 - [MESSAGE][PASSED] - Object: 'Object Repository/MOH AND GRN/Page_KDMC - CMS/a_12' is clicked on

2018-05-11 10:23:06 - [TEST_STEP][PASSED] - click: Object: 'Object Repository/MOH AND GRN/Page_KDMC - CMS/input_btnadd' is clicked on

2018-05-11 10:23:06 - [MESSAGE][PASSED] - Object: 'Object Repository/MOH AND GRN/Page_KDMC - CMS/input_btnadd' is clicked on

2018-05-11 10:23:06 - [TEST_STEP][PASSED] - Statement - If (s == 10): null

2018-05-11 10:23:06 - [TEST_STEP][PASSED] - Statement - Else: null

2018-05-11 10:23:06 - [TEST_STEP][PASSED] - Statement - (s++): null

2018-05-11 10:23:06 - [TEST_STEP][PASSED] - delay: Delayed 1 second(s)

2018-05-11 10:23:07 - [MESSAGE][PASSED] - Delayed 1 second(s)

2018-05-11 10:23:07 - [TEST_STEP][PASSED] - selectOptionByIndex: All options with index in [23] are selected on object 'Object Repository/MOH AND GRN/Page_KDMC - CMS/select_--Select--Amikacin -500'

2018-05-11 10:23:07 - [MESSAGE][PASSED] - All options with index in [23] are selected on object 'Object Repository/MOH AND GRN/Page_KDMC - CMS/select_--Select--Amikacin -500'

2018-05-11 10:23:07 - [TEST_STEP][PASSED] - setText: Text '5000' is set on object 'Object Repository/MOH AND GRN/Page_KDMC - CMS/input_txtqty'

2018-05-11 10:23:07 - [MESSAGE][PASSED] - Text '5000' is set on object 'Object Repository/MOH AND GRN/Page_KDMC - CMS/input_txtqty'

2018-05-11 10:23:07 - [TEST_STEP][PASSED] - selectOptionByIndex: All options with index in [1] are selected on object 'Object Repository/MOH AND GRN/Page_KDMC - CMS/select_--Select--No Tax0'

2018-05-11 10:23:07 - [MESSAGE][PASSED] - All options with index in [1] are selected on object 'Object Repository/MOH AND GRN/Page_KDMC - CMS/select_--Select--No Tax0'

2018-05-11 10:23:07 - [TEST_STEP][PASSED] - setText: Finding Test Object with id 'Object Repository/MOH AND GRN/Page_KDMC - CMS/input_txtmrp'

2018-05-11 10:23:07 - [TEST_STEP][PASSED] - Statement - switch (id): Finding Test Object with id 'Object Repository/MOH AND GRN/Page_KDMC - CMS/input_txtdeal'

2018-05-11 10:23:07 - [TEST_STEP][PASSED] - Statement - case 4:: Text '20.0' is set on object 'Object Repository/MOH AND GRN/Page_KDMC - CMS/input_txtmrp'

2018-05-11 10:23:07 - [TEST_STEP][PASSED] - Statement - return (java.lang.Math.floor((java.lang.Math.random() * ((max - min) + 1))) + min): Text '20.0' is set on object 'Object Repository/MOH AND GRN/Page_KDMC - CMS/input_txtmrp'

2018-05-11 10:23:07 - [MESSAGE][PASSED] - Text '20.0' is set on object 'Object Repository/MOH AND GRN/Page_KDMC - CMS/input_txtmrp'

2018-05-11 10:23:07 - [TEST_STEP][PASSED] - setText: Finding Test Object with id 'Object Repository/MOH AND GRN/Page_KDMC - CMS/input_txtdeal'

2018-05-11 10:23:07 - [TEST_STEP][PASSED] - Statement - switch (id): Finding Test Object with id 'Object Repository/MOH AND GRN/Page_KDMC - CMS/input_txtbatchno'

2018-05-11 10:23:07 - [TEST_STEP][PASSED] - Statement - case 5:: Text '2.0' is set on object 'Object Repository/MOH AND GRN/Page_KDMC - CMS/input_txtdeal'

2018-05-11 10:23:07 - [TEST_STEP][PASSED] - Statement - return (java.lang.Math.floor((java.lang.Math.random() * ((max - min) + 1))) + min): Text '2.0' is set on object 'Object Repository/MOH AND GRN/Page_KDMC - CMS/input_txtdeal'

2018-05-11 10:23:08 - [MESSAGE][PASSED] - Text '2.0' is set on object 'Object Repository/MOH AND GRN/Page_KDMC - CMS/input_txtdeal'

2018-05-11 10:23:08 - [TEST_STEP][PASSED] - setText: Finding Test Object with id 'Object Repository/MOH AND GRN/Page_KDMC - CMS/input_txtbatchno'

2018-05-11 10:23:08 - [TEST_STEP][PASSED] - Statement - switch (id): Finding Test Object with id 'Object Repository/MOH AND GRN/Page_KDMC - CMS/input_txtmrp'

2018-05-11 10:23:08 - [TEST_STEP][PASSED] - Statement - case 1:: Text 'BA893.0' is set on object 'Object Repository/MOH AND GRN/Page_KDMC - CMS/input_txtbatchno'

2018-05-11 10:23:08 - [TEST_STEP][PASSED] - Statement - return (java.lang.Math.floor((java.lang.Math.random() * ((max - min) + 1))) + min): Text 'BA893.0' is set on object 'Object Repository/MOH AND GRN/Page_KDMC - CMS/input_txtbatchno'

2018-05-11 10:23:08 - [MESSAGE][PASSED] - Text 'BA893.0' is set on object 'Object Repository/MOH AND GRN/Page_KDMC - CMS/input_txtbatchno'

2018-05-11 10:23:08 - [TEST_STEP][PASSED] - rightClick: Object: 'Object Repository/GRN/Page_KDMC - CMS/input_txtexpdate' is right clicked on

2018-05-11 10:23:08 - [MESSAGE][PASSED] - Object: 'Object Repository/GRN/Page_KDMC - CMS/input_txtexpdate' is right clicked on

2018-05-11 10:23:08 - [TEST_STEP][PASSED] - selectOptionByIndex: All options with index in [3] are selected on object 'Object Repository/GRN/Page_KDMC - CMS/select_20182019202020212022202'

2018-05-11 10:23:08 - [MESSAGE][PASSED] - All options with index in [3] are selected on object 'Object Repository/GRN/Page_KDMC - CMS/select_20182019202020212022202'

2018-05-11 10:23:08 - [TEST_STEP][PASSED] - selectOptionByIndex: All options with index in [3] are selected on object 'Object Repository/GRN/Page_KDMC - CMS/select_JanFebMarAprMayJunJulAu'

2018-05-11 10:23:08 - [MESSAGE][PASSED] - All options with index in [3] are selected on object 'Object Repository/GRN/Page_KDMC - CMS/select_JanFebMarAprMayJunJulAu'

2018-05-11 10:23:08 - [TEST_STEP][PASSED] - click: Object: 'Object Repository/MOH AND GRN/Page_KDMC - CMS/a_12' is clicked on

2018-05-11 10:23:08 - [MESSAGE][PASSED] - Object: 'Object Repository/MOH AND GRN/Page_KDMC - CMS/a_12' is clicked on

2018-05-11 10:23:08 - [TEST_STEP][PASSED] - click: Object: 'Object Repository/MOH AND GRN/Page_KDMC - CMS/input_btnadd' is clicked on

2018-05-11 10:23:08 - [MESSAGE][PASSED] - Object: 'Object Repository/MOH AND GRN/Page_KDMC - CMS/input_btnadd' is clicked on

2018-05-11 10:23:08 - [TEST_STEP][PASSED] - Statement - If (s == 10): null

2018-05-11 10:23:08 - [TEST_STEP][PASSED] - Statement - Else: null

2018-05-11 10:23:08 - [TEST_STEP][PASSED] - Statement - (s++): null

2018-05-11 10:23:08 - [TEST_STEP][PASSED] - delay: Delayed 1 second(s)

2018-05-11 10:23:09 - [MESSAGE][PASSED] - Delayed 1 second(s)

2018-05-11 10:23:09 - [TEST_STEP][PASSED] - selectOptionByIndex: All options with index in [24] are selected on object 'Object Repository/MOH AND GRN/Page_KDMC - CMS/select_--Select--Amikacin -500'

2018-05-11 10:23:10 - [MESSAGE][PASSED] - All options with index in [24] are selected on object 'Object Repository/MOH AND GRN/Page_KDMC - CMS/select_--Select--Amikacin -500'

2018-05-11 10:23:10 - [TEST_STEP][PASSED] - setText: Text '5000' is set on object 'Object Repository/MOH AND GRN/Page_KDMC - CMS/input_txtqty'

2018-05-11 10:23:10 - [MESSAGE][PASSED] - Text '5000' is set on object 'Object Repository/MOH AND GRN/Page_KDMC - CMS/input_txtqty'

2018-05-11 10:23:10 - [TEST_STEP][PASSED] - selectOptionByIndex: All options with index in [1] are selected on object 'Object Repository/MOH AND GRN/Page_KDMC - CMS/select_--Select--No Tax0'

2018-05-11 10:23:10 - [MESSAGE][PASSED] - All options with index in [1] are selected on object 'Object Repository/MOH AND GRN/Page_KDMC - CMS/select_--Select--No Tax0'

2018-05-11 10:23:10 - [TEST_STEP][PASSED] - setText: Finding Test Object with id 'Object Repository/MOH AND GRN/Page_KDMC - CMS/input_txtmrp'

2018-05-11 10:23:10 - [TEST_STEP][PASSED] - Statement - switch (id): Finding Test Object with id 'Object Repository/MOH AND GRN/Page_KDMC - CMS/input_txtdeal'

2018-05-11 10:23:10 - [TEST_STEP][PASSED] - Statement - case 4:: Text '43.0' is set on object 'Object Repository/MOH AND GRN/Page_KDMC - CMS/input_txtmrp'

2018-05-11 10:23:10 - [TEST_STEP][PASSED] - Statement - return (java.lang.Math.floor((java.lang.Math.random() * ((max - min) + 1))) + min): Text '43.0' is set on object 'Object Repository/MOH AND GRN/Page_KDMC - CMS/input_txtmrp'

2018-05-11 10:23:10 - [MESSAGE][PASSED] - Text '43.0' is set on object 'Object Repository/MOH AND GRN/Page_KDMC - CMS/input_txtmrp'

2018-05-11 10:23:10 - [TEST_STEP][PASSED] - setText: Finding Test Object with id 'Object Repository/MOH AND GRN/Page_KDMC - CMS/input_txtdeal'

2018-05-11 10:23:10 - [TEST_STEP][PASSED] - Statement - switch (id): Finding Test Object with id 'Object Repository/MOH AND GRN/Page_KDMC - CMS/input_txtbatchno'

2018-05-11 10:23:10 - [TEST_STEP][PASSED] - Statement - case 5:: Text '3.0' is set on object 'Object Repository/MOH AND GRN/Page_KDMC - CMS/input_txtdeal'

2018-05-11 10:23:10 - [TEST_STEP][PASSED] - Statement - return (java.lang.Math.floor((java.lang.Math.random() * ((max - min) + 1))) + min): Text '3.0' is set on object 'Object Repository/MOH AND GRN/Page_KDMC - CMS/input_txtdeal'

2018-05-11 10:23:10 - [MESSAGE][PASSED] - Text '3.0' is set on object 'Object Repository/MOH AND GRN/Page_KDMC - CMS/input_txtdeal'

2018-05-11 10:23:10 - [TEST_STEP][PASSED] - setText: Finding Test Object with id 'Object Repository/MOH AND GRN/Page_KDMC - CMS/input_txtbatchno'

2018-05-11 10:23:10 - [TEST_STEP][PASSED] - Statement - switch (id): Finding Test Object with id 'Object Repository/MOH AND GRN/Page_KDMC - CMS/input_txtmrp'

2018-05-11 10:23:10 - [TEST_STEP][PASSED] - Statement - case 1:: Text 'BA727.0' is set on object 'Object Repository/MOH AND GRN/Page_KDMC - CMS/input_txtbatchno'

2018-05-11 10:23:10 - [TEST_STEP][PASSED] - Statement - return (java.lang.Math.floor((java.lang.Math.random() * ((max - min) + 1))) + min): Text 'BA727.0' is set on object 'Object Repository/MOH AND GRN/Page_KDMC - CMS/input_txtbatchno'

2018-05-11 10:23:10 - [MESSAGE][PASSED] - Text 'BA727.0' is set on object 'Object Repository/MOH AND GRN/Page_KDMC - CMS/input_txtbatchno'

2018-05-11 10:23:10 - [TEST_STEP][PASSED] - rightClick: Object: 'Object Repository/GRN/Page_KDMC - CMS/input_txtexpdate' is right clicked on

2018-05-11 10:23:10 - [MESSAGE][PASSED] - Object: 'Object Repository/GRN/Page_KDMC - CMS/input_txtexpdate' is right clicked on

2018-05-11 10:23:10 - [TEST_STEP][PASSED] - selectOptionByIndex: All options with index in [4] are selected on object 'Object Repository/GRN/Page_KDMC - CMS/select_20182019202020212022202'

2018-05-11 10:23:11 - [MESSAGE][PASSED] - All options with index in [4] are selected on object 'Object Repository/GRN/Page_KDMC - CMS/select_20182019202020212022202'

2018-05-11 10:23:11 - [TEST_STEP][PASSED] - selectOptionByIndex: All options with index in [4] are selected on object 'Object Repository/GRN/Page_KDMC - CMS/select_JanFebMarAprMayJunJulAu'

2018-05-11 10:23:11 - [MESSAGE][PASSED] - All options with index in [4] are selected on object 'Object Repository/GRN/Page_KDMC - CMS/select_JanFebMarAprMayJunJulAu'

2018-05-11 10:23:11 - [TEST_STEP][PASSED] - click: Object: 'Object Repository/MOH AND GRN/Page_KDMC - CMS/a_12' is clicked on

2018-05-11 10:23:11 - [MESSAGE][PASSED] - Object: 'Object Repository/MOH AND GRN/Page_KDMC - CMS/a_12' is clicked on

2018-05-11 10:23:11 - [TEST_STEP][PASSED] - click: Object: 'Object Repository/MOH AND GRN/Page_KDMC - CMS/input_btnadd' is clicked on

2018-05-11 10:23:11 - [MESSAGE][PASSED] - Object: 'Object Repository/MOH AND GRN/Page_KDMC - CMS/input_btnadd' is clicked on

2018-05-11 10:23:11 - [TEST_STEP][PASSED] - Statement - If (s == 10): null

2018-05-11 10:23:11 - [TEST_STEP][PASSED] - Statement - Else: null

2018-05-11 10:23:11 - [TEST_STEP][PASSED] - Statement - (s++): null

2018-05-11 10:23:11 - [TEST_STEP][PASSED] - delay: Delayed 1 second(s)

2018-05-11 10:23:12 - [MESSAGE][PASSED] - Delayed 1 second(s)

2018-05-11 10:23:12 - [TEST_STEP][PASSED] - selectOptionByIndex: All options with index in [25] are selected on object 'Object Repository/MOH AND GRN/Page_KDMC - CMS/select_--Select--Amikacin -500'

2018-05-11 10:23:12 - [MESSAGE][PASSED] - All options with index in [25] are selected on object 'Object Repository/MOH AND GRN/Page_KDMC - CMS/select_--Select--Amikacin -500'

2018-05-11 10:23:12 - [TEST_STEP][PASSED] - setText: Text '5000' is set on object 'Object Repository/MOH AND GRN/Page_KDMC - CMS/input_txtqty'

2018-05-11 10:23:12 - [MESSAGE][PASSED] - Text '5000' is set on object 'Object Repository/MOH AND GRN/Page_KDMC - CMS/input_txtqty'

2018-05-11 10:23:12 - [TEST_STEP][PASSED] - selectOptionByIndex: All options with index in [1] are selected on object 'Object Repository/MOH AND GRN/Page_KDMC - CMS/select_--Select--No Tax0'

2018-05-11 10:23:13 - [MESSAGE][PASSED] - All options with index in [1] are selected on object 'Object Repository/MOH AND GRN/Page_KDMC - CMS/select_--Select--No Tax0'

2018-05-11 10:23:13 - [TEST_STEP][PASSED] - setText: Finding Test Object with id 'Object Repository/MOH AND GRN/Page_KDMC - CMS/input_txtmrp'

2018-05-11 10:23:13 - [TEST_STEP][PASSED] - Statement - switch (id): Finding Test Object with id 'Object Repository/MOH AND GRN/Page_KDMC - CMS/input_txtdeal'

2018-05-11 10:23:13 - [TEST_STEP][PASSED] - Statement - case 4:: Text '37.0' is set on object 'Object Repository/MOH AND GRN/Page_KDMC - CMS/input_txtmrp'

2018-05-11 10:23:13 - [TEST_STEP][PASSED] - Statement - return (java.lang.Math.floor((java.lang.Math.random() * ((max - min) + 1))) + min): Text '37.0' is set on object 'Object Repository/MOH AND GRN/Page_KDMC - CMS/input_txtmrp'

2018-05-11 10:23:13 - [MESSAGE][PASSED] - Text '37.0' is set on object 'Object Repository/MOH AND GRN/Page_KDMC - CMS/input_txtmrp'

2018-05-11 10:23:13 - [TEST_STEP][PASSED] - setText: Finding Test Object with id 'Object Repository/MOH AND GRN/Page_KDMC - CMS/input_txtdeal'

2018-05-11 10:23:13 - [TEST_STEP][PASSED] - Statement - switch (id): Finding Test Object with id 'Object Repository/MOH AND GRN/Page_KDMC - CMS/input_txtbatchno'

2018-05-11 10:23:13 - [TEST_STEP][PASSED] - Statement - case 5:: Text '3.0' is set on object 'Object Repository/MOH AND GRN/Page_KDMC - CMS/input_txtdeal'

2018-05-11 10:23:13 - [TEST_STEP][PASSED] - Statement - return (java.lang.Math.floor((java.lang.Math.random() * ((max - min) + 1))) + min): Text '3.0' is set on object 'Object Repository/MOH AND GRN/Page_KDMC - CMS/input_txtdeal'

2018-05-11 10:23:13 - [MESSAGE][PASSED] - Text '3.0' is set on object 'Object Repository/MOH AND GRN/Page_KDMC - CMS/input_txtdeal'

2018-05-11 10:23:13 - [TEST_STEP][PASSED] - setText: Finding Test Object with id 'Object Repository/MOH AND GRN/Page_KDMC - CMS/input_txtbatchno'

2018-05-11 10:23:13 - [TEST_STEP][PASSED] - Statement - switch (id): Finding Test Object with id 'Object Repository/MOH AND GRN/Page_KDMC - CMS/input_txtmrp'

2018-05-11 10:23:13 - [TEST_STEP][PASSED] - Statement - case 1:: Text 'BA821.0' is set on object 'Object Repository/MOH AND GRN/Page_KDMC - CMS/input_txtbatchno'

2018-05-11 10:23:13 - [TEST_STEP][PASSED] - Statement - return (java.lang.Math.floor((java.lang.Math.random() * ((max - min) + 1))) + min): Text 'BA821.0' is set on object 'Object Repository/MOH AND GRN/Page_KDMC - CMS/input_txtbatchno'

2018-05-11 10:23:13 - [MESSAGE][PASSED] - Text 'BA821.0' is set on object 'Object Repository/MOH AND GRN/Page_KDMC - CMS/input_txtbatchno'

2018-05-11 10:23:13 - [TEST_STEP][PASSED] - rightClick: Object: 'Object Repository/GRN/Page_KDMC - CMS/input_txtexpdate' is right clicked on

2018-05-11 10:23:13 - [MESSAGE][PASSED] - Object: 'Object Repository/GRN/Page_KDMC - CMS/input_txtexpdate' is right clicked on

2018-05-11 10:23:13 - [TEST_STEP][PASSED] - selectOptionByIndex: All options with index in [5] are selected on object 'Object Repository/GRN/Page_KDMC - CMS/select_20182019202020212022202'

2018-05-11 10:23:13 - [MESSAGE][PASSED] - All options with index in [5] are selected on object 'Object Repository/GRN/Page_KDMC - CMS/select_20182019202020212022202'

2018-05-11 10:23:13 - [TEST_STEP][PASSED] - selectOptionByIndex: All options with index in [5] are selected on object 'Object Repository/GRN/Page_KDMC - CMS/select_JanFebMarAprMayJunJulAu'

2018-05-11 10:23:13 - [MESSAGE][PASSED] - All options with index in [5] are selected on object 'Object Repository/GRN/Page_KDMC - CMS/select_JanFebMarAprMayJunJulAu'

2018-05-11 10:23:13 - [TEST_STEP][PASSED] - click: Object: 'Object Repository/MOH AND GRN/Page_KDMC - CMS/a_12' is clicked on

2018-05-11 10:23:13 - [MESSAGE][PASSED] - Object: 'Object Repository/MOH AND GRN/Page_KDMC - CMS/a_12' is clicked on

2018-05-11 10:23:13 - [TEST_STEP][PASSED] - click: Object: 'Object Repository/MOH AND GRN/Page_KDMC - CMS/input_btnadd' is clicked on

2018-05-11 10:23:14 - [MESSAGE][PASSED] - Object: 'Object Repository/MOH AND GRN/Page_KDMC - CMS/input_btnadd' is clicked on

2018-05-11 10:23:14 - [TEST_STEP][PASSED] - Statement - If (s == 10): null

2018-05-11 10:23:14 - [TEST_STEP][PASSED] - Statement - Else: null

2018-05-11 10:23:14 - [TEST_STEP][PASSED] - Statement - (s++): null

2018-05-11 10:23:14 - [TEST_STEP][PASSED] - delay: Delayed 1 second(s)

2018-05-11 10:23:15 - [MESSAGE][PASSED] - Delayed 1 second(s)

2018-05-11 10:23:15 - [TEST_STEP][PASSED] - selectOptionByIndex: All options with index in [26] are selected on object 'Object Repository/MOH AND GRN/Page_KDMC - CMS/select_--Select--Amikacin -500'

2018-05-11 10:23:15 - [MESSAGE][PASSED] - All options with index in [26] are selected on object 'Object Repository/MOH AND GRN/Page_KDMC - CMS/select_--Select--Amikacin -500'

2018-05-11 10:23:15 - [TEST_STEP][PASSED] - setText: Text '5000' is set on object 'Object Repository/MOH AND GRN/Page_KDMC - CMS/input_txtqty'

2018-05-11 10:23:15 - [MESSAGE][PASSED] - Text '5000' is set on object 'Object Repository/MOH AND GRN/Page_KDMC - CMS/input_txtqty'

2018-05-11 10:23:15 - [TEST_STEP][PASSED] - selectOptionByIndex: All options with index in [1] are selected on object 'Object Repository/MOH AND GRN/Page_KDMC - CMS/select_--Select--No Tax0'

2018-05-11 10:23:15 - [MESSAGE][PASSED] - All options with index in [1] are selected on object 'Object Repository/MOH AND GRN/Page_KDMC - CMS/select_--Select--No Tax0'

2018-05-11 10:23:15 - [TEST_STEP][PASSED] - setText: Finding Test Object with id 'Object Repository/MOH AND GRN/Page_KDMC - CMS/input_txtmrp'

2018-05-11 10:23:15 - [TEST_STEP][PASSED] - Statement - switch (id): Finding Test Object with id 'Object Repository/MOH AND GRN/Page_KDMC - CMS/input_txtdeal'

2018-05-11 10:23:15 - [TEST_STEP][PASSED] - Statement - case 4:: Text '32.0' is set on object 'Object Repository/MOH AND GRN/Page_KDMC - CMS/input_txtmrp'

2018-05-11 10:23:15 - [TEST_STEP][PASSED] - Statement - return (java.lang.Math.floor((java.lang.Math.random() * ((max - min) + 1))) + min): Text '32.0' is set on object 'Object Repository/MOH AND GRN/Page_KDMC - CMS/input_txtmrp'

2018-05-11 10:23:15 - [MESSAGE][PASSED] - Text '32.0' is set on object 'Object Repository/MOH AND GRN/Page_KDMC - CMS/input_txtmrp'

2018-05-11 10:23:15 - [TEST_STEP][PASSED] - setText: Finding Test Object with id 'Object Repository/MOH AND GRN/Page_KDMC - CMS/input_txtdeal'

2018-05-11 10:23:15 - [TEST_STEP][PASSED] - Statement - switch (id): Finding Test Object with id 'Object Repository/MOH AND GRN/Page_KDMC - CMS/input_txtbatchno'

2018-05-11 10:23:15 - [TEST_STEP][PASSED] - Statement - case 5:: Text '12.0' is set on object 'Object Repository/MOH AND GRN/Page_KDMC - CMS/input_txtdeal'

2018-05-11 10:23:15 - [TEST_STEP][PASSED] - Statement - return (java.lang.Math.floor((java.lang.Math.random() * ((max - min) + 1))) + min): Text '12.0' is set on object 'Object Repository/MOH AND GRN/Page_KDMC - CMS/input_txtdeal'

2018-05-11 10:23:15 - [MESSAGE][PASSED] - Text '12.0' is set on object 'Object Repository/MOH AND GRN/Page_KDMC - CMS/input_txtdeal'

2018-05-11 10:23:15 - [TEST_STEP][PASSED] - setText: Finding Test Object with id 'Object Repository/MOH AND GRN/Page_KDMC - CMS/input_txtbatchno'

2018-05-11 10:23:15 - [TEST_STEP][PASSED] - Statement - switch (id): Finding Test Object with id 'Object Repository/MOH AND GRN/Page_KDMC - CMS/input_txtmrp'

2018-05-11 10:23:15 - [TEST_STEP][PASSED] - Statement - case 1:: Text 'BA225.0' is set on object 'Object Repository/MOH AND GRN/Page_KDMC - CMS/input_txtbatchno'

2018-05-11 10:23:15 - [TEST_STEP][PASSED] - Statement - return (java.lang.Math.floor((java.lang.Math.random() * ((max - min) + 1))) + min): Text 'BA225.0' is set on object 'Object Repository/MOH AND GRN/Page_KDMC - CMS/input_txtbatchno'

2018-05-11 10:23:16 - [MESSAGE][PASSED] - Text 'BA225.0' is set on object 'Object Repository/MOH AND GRN/Page_KDMC - CMS/input_txtbatchno'

2018-05-11 10:23:16 - [TEST_STEP][PASSED] - rightClick: Object: 'Object Repository/GRN/Page_KDMC - CMS/input_txtexpdate' is right clicked on

2018-05-11 10:23:16 - [MESSAGE][PASSED] - Object: 'Object Repository/GRN/Page_KDMC - CMS/input_txtexpdate' is right clicked on

2018-05-11 10:23:16 - [TEST_STEP][PASSED] - selectOptionByIndex: All options with index in [6] are selected on object 'Object Repository/GRN/Page_KDMC - CMS/select_20182019202020212022202'

2018-05-11 10:23:16 - [MESSAGE][PASSED] - All options with index in [6] are selected on object 'Object Repository/GRN/Page_KDMC - CMS/select_20182019202020212022202'

2018-05-11 10:23:16 - [TEST_STEP][PASSED] - selectOptionByIndex: All options with index in [6] are selected on object 'Object Repository/GRN/Page_KDMC - CMS/select_JanFebMarAprMayJunJulAu'

2018-05-11 10:23:16 - [MESSAGE][PASSED] - All options with index in [6] are selected on object 'Object Repository/GRN/Page_KDMC - CMS/select_JanFebMarAprMayJunJulAu'

2018-05-11 10:23:16 - [TEST_STEP][PASSED] - click: Object: 'Object Repository/MOH AND GRN/Page_KDMC - CMS/a_12' is clicked on

2018-05-11 10:23:16 - [MESSAGE][PASSED] - Object: 'Object Repository/MOH AND GRN/Page_KDMC - CMS/a_12' is clicked on

2018-05-11 10:23:16 - [TEST_STEP][PASSED] - click: Object: 'Object Repository/MOH AND GRN/Page_KDMC - CMS/input_btnadd' is clicked on

2018-05-11 10:23:16 - [MESSAGE][PASSED] - Object: 'Object Repository/MOH AND GRN/Page_KDMC - CMS/input_btnadd' is clicked on

2018-05-11 10:23:16 - [TEST_STEP][PASSED] - Statement - If (s == 10): null

2018-05-11 10:23:16 - [TEST_STEP][PASSED] - Statement - Else: null

2018-05-11 10:23:16 - [TEST_STEP][PASSED] - Statement - (s++): null

2018-05-11 10:23:16 - [TEST_STEP][PASSED] - delay: Delayed 1 second(s)

2018-05-11 10:23:17 - [MESSAGE][PASSED] - Delayed 1 second(s)

2018-05-11 10:23:17 - [TEST_STEP][PASSED] - selectOptionByIndex: All options with index in [27] are selected on object 'Object Repository/MOH AND GRN/Page_KDMC - CMS/select_--Select--Amikacin -500'

2018-05-11 10:23:18 - [MESSAGE][PASSED] - All options with index in [27] are selected on object 'Object Repository/MOH AND GRN/Page_KDMC - CMS/select_--Select--Amikacin -500'

2018-05-11 10:23:18 - [TEST_STEP][PASSED] - setText: Text '5000' is set on object 'Object Repository/MOH AND GRN/Page_KDMC - CMS/input_txtqty'

2018-05-11 10:23:18 - [MESSAGE][PASSED] - Text '5000' is set on object 'Object Repository/MOH AND GRN/Page_KDMC - CMS/input_txtqty'

2018-05-11 10:23:18 - [TEST_STEP][PASSED] - selectOptionByIndex: All options with index in [1] are selected on object 'Object Repository/MOH AND GRN/Page_KDMC - CMS/select_--Select--No Tax0'

2018-05-11 10:23:18 - [MESSAGE][PASSED] - All options with index in [1] are selected on object 'Object Repository/MOH AND GRN/Page_KDMC - CMS/select_--Select--No Tax0'

2018-05-11 10:23:18 - [TEST_STEP][PASSED] - setText: Finding Test Object with id 'Object Repository/MOH AND GRN/Page_KDMC - CMS/input_txtmrp'

2018-05-11 10:23:18 - [TEST_STEP][PASSED] - Statement - switch (id): Finding Test Object with id 'Object Repository/MOH AND GRN/Page_KDMC - CMS/input_txtdeal'

2018-05-11 10:23:18 - [TEST_STEP][PASSED] - Statement - case 4:: Text '26.0' is set on object 'Object Repository/MOH AND GRN/Page_KDMC - CMS/input_txtmrp'

2018-05-11 10:23:18 - [TEST_STEP][PASSED] - Statement - return (java.lang.Math.floor((java.lang.Math.random() * ((max - min) + 1))) + min): Text '26.0' is set on object 'Object Repository/MOH AND GRN/Page_KDMC - CMS/input_txtmrp'

2018-05-11 10:23:18 - [MESSAGE][PASSED] - Text '26.0' is set on object 'Object Repository/MOH AND GRN/Page_KDMC - CMS/input_txtmrp'

2018-05-11 10:23:18 - [TEST_STEP][PASSED] - setText: Finding Test Object with id 'Object Repository/MOH AND GRN/Page_KDMC - CMS/input_txtdeal'

2018-05-11 10:23:18 - [TEST_STEP][PASSED] - Statement - switch (id): Finding Test Object with id 'Object Repository/MOH AND GRN/Page_KDMC - CMS/input_txtbatchno'

2018-05-11 10:23:18 - [TEST_STEP][PASSED] - Statement - case 5:: Text '8.0' is set on object 'Object Repository/MOH AND GRN/Page_KDMC - CMS/input_txtdeal'

2018-05-11 10:23:18 - [TEST_STEP][PASSED] - Statement - return (java.lang.Math.floor((java.lang.Math.random() * ((max - min) + 1))) + min): Text '8.0' is set on object 'Object Repository/MOH AND GRN/Page_KDMC - CMS/input_txtdeal'

2018-05-11 10:23:18 - [MESSAGE][PASSED] - Text '8.0' is set on object 'Object Repository/MOH AND GRN/Page_KDMC - CMS/input_txtdeal'

2018-05-11 10:23:18 - [TEST_STEP][PASSED] - setText: Finding Test Object with id 'Object Repository/MOH AND GRN/Page_KDMC - CMS/input_txtbatchno'

2018-05-11 10:23:18 - [TEST_STEP][PASSED] - Statement - switch (id): Finding Test Object with id 'Object Repository/MOH AND GRN/Page_KDMC - CMS/input_txtmrp'

2018-05-11 10:23:18 - [TEST_STEP][PASSED] - Statement - case 1:: Text 'BA317.0' is set on object 'Object Repository/MOH AND GRN/Page_KDMC - CMS/input_txtbatchno'

2018-05-11 10:23:18 - [TEST_STEP][PASSED] - Statement - return (java.lang.Math.floor((java.lang.Math.random() * ((max - min) + 1))) + min): Text 'BA317.0' is set on object 'Object Repository/MOH AND GRN/Page_KDMC - CMS/input_txtbatchno'

2018-05-11 10:23:18 - [MESSAGE][PASSED] - Text 'BA317.0' is set on object 'Object Repository/MOH AND GRN/Page_KDMC - CMS/input_txtbatchno'

2018-05-11 10:23:18 - [TEST_STEP][PASSED] - rightClick: Object: 'Object Repository/GRN/Page_KDMC - CMS/input_txtexpdate' is right clicked on

2018-05-11 10:23:18 - [MESSAGE][PASSED] - Object: 'Object Repository/GRN/Page_KDMC - CMS/input_txtexpdate' is right clicked on

2018-05-11 10:23:18 - [TEST_STEP][PASSED] - selectOptionByIndex: All options with index in [7] are selected on object 'Object Repository/GRN/Page_KDMC - CMS/select_20182019202020212022202'

2018-05-11 10:23:19 - [MESSAGE][PASSED] - All options with index in [7] are selected on object 'Object Repository/GRN/Page_KDMC - CMS/select_20182019202020212022202'

2018-05-11 10:23:19 - [TEST_STEP][PASSED] - selectOptionByIndex: All options with index in [7] are selected on object 'Object Repository/GRN/Page_KDMC - CMS/select_JanFebMarAprMayJunJulAu'

2018-05-11 10:23:19 - [MESSAGE][PASSED] - All options with index in [7] are selected on object 'Object Repository/GRN/Page_KDMC - CMS/select_JanFebMarAprMayJunJulAu'

2018-05-11 10:23:19 - [TEST_STEP][PASSED] - click: Object: 'Object Repository/MOH AND GRN/Page_KDMC - CMS/a_12' is clicked on

2018-05-11 10:23:19 - [MESSAGE][PASSED] - Object: 'Object Repository/MOH AND GRN/Page_KDMC - CMS/a_12' is clicked on

2018-05-11 10:23:19 - [TEST_STEP][PASSED] - click: Object: 'Object Repository/MOH AND GRN/Page_KDMC - CMS/input_btnadd' is clicked on

2018-05-11 10:23:19 - [MESSAGE][PASSED] - Object: 'Object Repository/MOH AND GRN/Page_KDMC - CMS/input_btnadd' is clicked on

2018-05-11 10:23:19 - [TEST_STEP][PASSED] - Statement - If (s == 10): null

2018-05-11 10:23:19 - [TEST_STEP][PASSED] - Statement - Else: null

2018-05-11 10:23:19 - [TEST_STEP][PASSED] - Statement - (s++): null

2018-05-11 10:23:19 - [TEST_STEP][PASSED] - delay: Delayed 1 second(s)

2018-05-11 10:23:20 - [MESSAGE][PASSED] - Delayed 1 second(s)

2018-05-11 10:23:20 - [TEST_STEP][PASSED] - selectOptionByIndex: All options with index in [28] are selected on object 'Object Repository/MOH AND GRN/Page_KDMC - CMS/select_--Select--Amikacin -500'

2018-05-11 10:23:20 - [MESSAGE][PASSED] - All options with index in [28] are selected on object 'Object Repository/MOH AND GRN/Page_KDMC - CMS/select_--Select--Amikacin -500'

2018-05-11 10:23:20 - [TEST_STEP][PASSED] - setText: Text '5000' is set on object 'Object Repository/MOH AND GRN/Page_KDMC - CMS/input_txtqty'

2018-05-11 10:23:21 - [MESSAGE][PASSED] - Text '5000' is set on object 'Object Repository/MOH AND GRN/Page_KDMC - CMS/input_txtqty'

2018-05-11 10:23:21 - [TEST_STEP][PASSED] - selectOptionByIndex: All options with index in [1] are selected on object 'Object Repository/MOH AND GRN/Page_KDMC - CMS/select_--Select--No Tax0'

2018-05-11 10:23:21 - [MESSAGE][PASSED] - All options with index in [1] are selected on object 'Object Repository/MOH AND GRN/Page_KDMC - CMS/select_--Select--No Tax0'

2018-05-11 10:23:21 - [TEST_STEP][PASSED] - setText: Finding Test Object with id 'Object Repository/MOH AND GRN/Page_KDMC - CMS/input_txtmrp'

2018-05-11 10:23:21 - [TEST_STEP][PASSED] - Statement - switch (id): Finding Test Object with id 'Object Repository/MOH AND GRN/Page_KDMC - CMS/input_txtdeal'

2018-05-11 10:23:21 - [TEST_STEP][PASSED] - Statement - case 4:: Text '26.0' is set on object 'Object Repository/MOH AND GRN/Page_KDMC - CMS/input_txtmrp'

2018-05-11 10:23:21 - [TEST_STEP][PASSED] - Statement - return (java.lang.Math.floor((java.lang.Math.random() * ((max - min) + 1))) + min): Text '26.0' is set on object 'Object Repository/MOH AND GRN/Page_KDMC - CMS/input_txtmrp'

2018-05-11 10:23:21 - [MESSAGE][PASSED] - Text '26.0' is set on object 'Object Repository/MOH AND GRN/Page_KDMC - CMS/input_txtmrp'

2018-05-11 10:23:21 - [TEST_STEP][PASSED] - setText: Finding Test Object with id 'Object Repository/MOH AND GRN/Page_KDMC - CMS/input_txtdeal'

2018-05-11 10:23:21 - [TEST_STEP][PASSED] - Statement - switch (id): Finding Test Object with id 'Object Repository/MOH AND GRN/Page_KDMC - CMS/input_txtbatchno'

2018-05-11 10:23:21 - [TEST_STEP][PASSED] - Statement - case 5:: Text '9.0' is set on object 'Object Repository/MOH AND GRN/Page_KDMC - CMS/input_txtdeal'

2018-05-11 10:23:21 - [TEST_STEP][PASSED] - Statement - return (java.lang.Math.floor((java.lang.Math.random() * ((max - min) + 1))) + min): Text '9.0' is set on object 'Object Repository/MOH AND GRN/Page_KDMC - CMS/input_txtdeal'

2018-05-11 10:23:21 - [MESSAGE][PASSED] - Text '9.0' is set on object 'Object Repository/MOH AND GRN/Page_KDMC - CMS/input_txtdeal'

2018-05-11 10:23:21 - [TEST_STEP][PASSED] - setText: Finding Test Object with id 'Object Repository/MOH AND GRN/Page_KDMC - CMS/input_txtbatchno'

2018-05-11 10:23:21 - [TEST_STEP][PASSED] - Statement - switch (id): Finding Test Object with id 'Object Repository/MOH AND GRN/Page_KDMC - CMS/input_txtmrp'

2018-05-11 10:23:21 - [TEST_STEP][PASSED] - Statement - case 1:: Text 'BA21.0' is set on object 'Object Repository/MOH AND GRN/Page_KDMC - CMS/input_txtbatchno'

2018-05-11 10:23:21 - [TEST_STEP][PASSED] - Statement - return (java.lang.Math.floor((java.lang.Math.random() * ((max - min) + 1))) + min): Text 'BA21.0' is set on object 'Object Repository/MOH AND GRN/Page_KDMC - CMS/input_txtbatchno'

2018-05-11 10:23:21 - [MESSAGE][PASSED] - Text 'BA21.0' is set on object 'Object Repository/MOH AND GRN/Page_KDMC - CMS/input_txtbatchno'

2018-05-11 10:23:21 - [TEST_STEP][PASSED] - rightClick: Object: 'Object Repository/GRN/Page_KDMC - CMS/input_txtexpdate' is right clicked on

2018-05-11 10:23:21 - [MESSAGE][PASSED] - Object: 'Object Repository/GRN/Page_KDMC - CMS/input_txtexpdate' is right clicked on

2018-05-11 10:23:21 - [TEST_STEP][PASSED] - selectOptionByIndex: All options with index in [8] are selected on object 'Object Repository/GRN/Page_KDMC - CMS/select_20182019202020212022202'

2018-05-11 10:23:21 - [MESSAGE][PASSED] - All options with index in [8] are selected on object 'Object Repository/GRN/Page_KDMC - CMS/select_20182019202020212022202'

2018-05-11 10:23:21 - [TEST_STEP][PASSED] - selectOptionByIndex: All options with index in [8] are selected on object 'Object Repository/GRN/Page_KDMC - CMS/select_JanFebMarAprMayJunJulAu'

2018-05-11 10:23:22 - [MESSAGE][PASSED] - All options with index in [8] are selected on object 'Object Repository/GRN/Page_KDMC - CMS/select_JanFebMarAprMayJunJulAu'

2018-05-11 10:23:22 - [TEST_STEP][PASSED] - click: Object: 'Object Repository/MOH AND GRN/Page_KDMC - CMS/a_12' is clicked on

2018-05-11 10:23:22 - [MESSAGE][PASSED] - Object: 'Object Repository/MOH AND GRN/Page_KDMC - CMS/a_12' is clicked on

2018-05-11 10:23:22 - [TEST_STEP][PASSED] - click: Object: 'Object Repository/MOH AND GRN/Page_KDMC - CMS/input_btnadd' is clicked on

2018-05-11 10:23:22 - [MESSAGE][PASSED] - Object: 'Object Repository/MOH AND GRN/Page_KDMC - CMS/input_btnadd' is clicked on

2018-05-11 10:23:22 - [TEST_STEP][PASSED] - Statement - If (s == 10): null

2018-05-11 10:23:22 - [TEST_STEP][PASSED] - Statement - Else: null

2018-05-11 10:23:22 - [TEST_STEP][PASSED] - Statement - (s++): null

2018-05-11 10:23:22 - [TEST_STEP][PASSED] - delay: Delayed 1 second(s)

2018-05-11 10:23:23 - [MESSAGE][PASSED] - Delayed 1 second(s)

2018-05-11 10:23:23 - [TEST_STEP][PASSED] - selectOptionByIndex: All options with index in [29] are selected on object 'Object Repository/MOH AND GRN/Page_KDMC - CMS/select_--Select--Amikacin -500'

2018-05-11 10:23:23 - [MESSAGE][PASSED] - All options with index in [29] are selected on object 'Object Repository/MOH AND GRN/Page_KDMC - CMS/select_--Select--Amikacin -500'

2018-05-11 10:23:23 - [TEST_STEP][PASSED] - setText: Text '5000' is set on object 'Object Repository/MOH AND GRN/Page_KDMC - CMS/input_txtqty'

2018-05-11 10:23:23 - [MESSAGE][PASSED] - Text '5000' is set on object 'Object Repository/MOH AND GRN/Page_KDMC - CMS/input_txtqty'

2018-05-11 10:23:23 - [TEST_STEP][PASSED] - selectOptionByIndex: All options with index in [1] are selected on object 'Object Repository/MOH AND GRN/Page_KDMC - CMS/select_--Select--No Tax0'

2018-05-11 10:23:23 - [MESSAGE][PASSED] - All options with index in [1] are selected on object 'Object Repository/MOH AND GRN/Page_KDMC - CMS/select_--Select--No Tax0'

2018-05-11 10:23:23 - [TEST_STEP][PASSED] - setText: Finding Test Object with id 'Object Repository/MOH AND GRN/Page_KDMC - CMS/input_txtmrp'

2018-05-11 10:23:23 - [TEST_STEP][PASSED] - Statement - switch (id): Finding Test Object with id 'Object Repository/MOH AND GRN/Page_KDMC - CMS/input_txtdeal'

2018-05-11 10:23:23 - [TEST_STEP][PASSED] - Statement - case 4:: Text '15.0' is set on object 'Object Repository/MOH AND GRN/Page_KDMC - CMS/input_txtmrp'

2018-05-11 10:23:23 - [TEST_STEP][PASSED] - Statement - return (java.lang.Math.floor((java.lang.Math.random() * ((max - min) + 1))) + min): Text '15.0' is set on object 'Object Repository/MOH AND GRN/Page_KDMC - CMS/input_txtmrp'

2018-05-11 10:23:23 - [MESSAGE][PASSED] - Text '15.0' is set on object 'Object Repository/MOH AND GRN/Page_KDMC - CMS/input_txtmrp'

2018-05-11 10:23:23 - [TEST_STEP][PASSED] - setText: Finding Test Object with id 'Object Repository/MOH AND GRN/Page_KDMC - CMS/input_txtdeal'

2018-05-11 10:23:23 - [TEST_STEP][PASSED] - Statement - switch (id): Finding Test Object with id 'Object Repository/MOH AND GRN/Page_KDMC - CMS/input_txtbatchno'

2018-05-11 10:23:23 - [TEST_STEP][PASSED] - Statement - case 5:: Text '5.0' is set on object 'Object Repository/MOH AND GRN/Page_KDMC - CMS/input_txtdeal'

2018-05-11 10:23:23 - [TEST_STEP][PASSED] - Statement - return (java.lang.Math.floor((java.lang.Math.random() * ((max - min) + 1))) + min): Text '5.0' is set on object 'Object Repository/MOH AND GRN/Page_KDMC - CMS/input_txtdeal'

2018-05-11 10:23:24 - [MESSAGE][PASSED] - Text '5.0' is set on object 'Object Repository/MOH AND GRN/Page_KDMC - CMS/input_txtdeal'

2018-05-11 10:23:24 - [TEST_STEP][PASSED] - setText: Finding Test Object with id 'Object Repository/MOH AND GRN/Page_KDMC - CMS/input_txtbatchno'

2018-05-11 10:23:24 - [TEST_STEP][PASSED] - Statement - switch (id): Finding Test Object with id 'Object Repository/MOH AND GRN/Page_KDMC - CMS/input_txtmrp'

2018-05-11 10:23:24 - [TEST_STEP][PASSED] - Statement - case 1:: Text 'BA236.0' is set on object 'Object Repository/MOH AND GRN/Page_KDMC - CMS/input_txtbatchno'

2018-05-11 10:23:24 - [TEST_STEP][PASSED] - Statement - return (java.lang.Math.floor((java.lang.Math.random() * ((max - min) + 1))) + min): Text 'BA236.0' is set on object 'Object Repository/MOH AND GRN/Page_KDMC - CMS/input_txtbatchno'

2018-05-11 10:23:24 - [MESSAGE][PASSED] - Text 'BA236.0' is set on object 'Object Repository/MOH AND GRN/Page_KDMC - CMS/input_txtbatchno'

2018-05-11 10:23:24 - [TEST_STEP][PASSED] - rightClick: Object: 'Object Repository/GRN/Page_KDMC - CMS/input_txtexpdate' is right clicked on

2018-05-11 10:23:24 - [MESSAGE][PASSED] - Object: 'Object Repository/GRN/Page_KDMC - CMS/input_txtexpdate' is right clicked on

2018-05-11 10:23:24 - [TEST_STEP][PASSED] - selectOptionByIndex: All options with index in [9] are selected on object 'Object Repository/GRN/Page_KDMC - CMS/select_20182019202020212022202'

2018-05-11 10:23:24 - [MESSAGE][PASSED] - All options with index in [9] are selected on object 'Object Repository/GRN/Page_KDMC - CMS/select_20182019202020212022202'

2018-05-11 10:23:24 - [TEST_STEP][PASSED] - selectOptionByIndex: All options with index in [9] are selected on object 'Object Repository/GRN/Page_KDMC - CMS/select_JanFebMarAprMayJunJulAu'

2018-05-11 10:23:24 - [MESSAGE][PASSED] - All options with index in [9] are selected on object 'Object Repository/GRN/Page_KDMC - CMS/select_JanFebMarAprMayJunJulAu'

2018-05-11 10:23:24 - [TEST_STEP][PASSED] - click: Object: 'Object Repository/MOH AND GRN/Page_KDMC - CMS/a_12' is clicked on

2018-05-11 10:23:24 - [MESSAGE][PASSED] - Object: 'Object Repository/MOH AND GRN/Page_KDMC - CMS/a_12' is clicked on

2018-05-11 10:23:24 - [TEST_STEP][PASSED] - click: Object: 'Object Repository/MOH AND GRN/Page_KDMC - CMS/input_btnadd' is clicked on

2018-05-11 10:23:24 - [MESSAGE][PASSED] - Object: 'Object Repository/MOH AND GRN/Page_KDMC - CMS/input_btnadd' is clicked on

2018-05-11 10:23:24 - [TEST_STEP][PASSED] - Statement - If (s == 10): null

2018-05-11 10:23:24 - [TEST_STEP][PASSED] - Statement - Else: null

2018-05-11 10:23:24 - [TEST_STEP][PASSED] - Statement - (s++): null

2018-05-11 10:23:24 - [TEST_STEP][PASSED] - delay: Delayed 1 second(s)

2018-05-11 10:23:25 - [MESSAGE][PASSED] - Delayed 1 second(s)

2018-05-11 10:23:25 - [TEST_STEP][PASSED] - selectOptionByIndex: All options with index in [30] are selected on object 'Object Repository/MOH AND GRN/Page_KDMC - CMS/select_--Select--Amikacin -500'

2018-05-11 10:23:26 - [MESSAGE][PASSED] - All options with index in [30] are selected on object 'Object Repository/MOH AND GRN/Page_KDMC - CMS/select_--Select--Amikacin -500'

2018-05-11 10:23:26 - [TEST_STEP][PASSED] - setText: Text '5000' is set on object 'Object Repository/MOH AND GRN/Page_KDMC - CMS/input_txtqty'

2018-05-11 10:23:26 - [MESSAGE][PASSED] - Text '5000' is set on object 'Object Repository/MOH AND GRN/Page_KDMC - CMS/input_txtqty'

2018-05-11 10:23:26 - [TEST_STEP][PASSED] - selectOptionByIndex: All options with index in [1] are selected on object 'Object Repository/MOH AND GRN/Page_KDMC - CMS/select_--Select--No Tax0'

2018-05-11 10:23:26 - [MESSAGE][PASSED] - All options with index in [1] are selected on object 'Object Repository/MOH AND GRN/Page_KDMC - CMS/select_--Select--No Tax0'

2018-05-11 10:23:26 - [TEST_STEP][PASSED] - setText: Finding Test Object with id 'Object Repository/MOH AND GRN/Page_KDMC - CMS/input_txtmrp'

2018-05-11 10:23:26 - [TEST_STEP][PASSED] - Statement - switch (id): Finding Test Object with id 'Object Repository/MOH AND GRN/Page_KDMC - CMS/input_txtdeal'

2018-05-11 10:23:26 - [TEST_STEP][PASSED] - Statement - case 4:: Text '26.0' is set on object 'Object Repository/MOH AND GRN/Page_KDMC - CMS/input_txtmrp'

2018-05-11 10:23:26 - [TEST_STEP][PASSED] - Statement - return (java.lang.Math.floor((java.lang.Math.random() * ((max - min) + 1))) + min): Text '26.0' is set on object 'Object Repository/MOH AND GRN/Page_KDMC - CMS/input_txtmrp'

2018-05-11 10:23:26 - [MESSAGE][PASSED] - Text '26.0' is set on object 'Object Repository/MOH AND GRN/Page_KDMC - CMS/input_txtmrp'

2018-05-11 10:23:26 - [TEST_STEP][PASSED] - setText: Finding Test Object with id 'Object Repository/MOH AND GRN/Page_KDMC - CMS/input_txtdeal'

2018-05-11 10:23:26 - [TEST_STEP][PASSED] - Statement - switch (id): Finding Test Object with id 'Object Repository/MOH AND GRN/Page_KDMC - CMS/input_txtbatchno'

2018-05-11 10:23:26 - [TEST_STEP][PASSED] - Statement - case 5:: Text '4.0' is set on object 'Object Repository/MOH AND GRN/Page_KDMC - CMS/input_txtdeal'

2018-05-11 10:23:26 - [TEST_STEP][PASSED] - Statement - return (java.lang.Math.floor((java.lang.Math.random() * ((max - min) + 1))) + min): Text '4.0' is set on object 'Object Repository/MOH AND GRN/Page_KDMC - CMS/input_txtdeal'

2018-05-11 10:23:26 - [MESSAGE][PASSED] - Text '4.0' is set on object 'Object Repository/MOH AND GRN/Page_KDMC - CMS/input_txtdeal'

2018-05-11 10:23:26 - [TEST_STEP][PASSED] - setText: Finding Test Object with id 'Object Repository/MOH AND GRN/Page_KDMC - CMS/input_txtbatchno'

2018-05-11 10:23:26 - [TEST_STEP][PASSED] - Statement - switch (id): Finding Test Object with id 'Object Repository/MOH AND GRN/Page_KDMC - CMS/input_txtmrp'

2018-05-11 10:23:26 - [TEST_STEP][PASSED] - Statement - case 1:: Text 'BA929.0' is set on object 'Object Repository/MOH AND GRN/Page_KDMC - CMS/input_txtbatchno'

2018-05-11 10:23:26 - [TEST_STEP][PASSED] - Statement - return (java.lang.Math.floor((java.lang.Math.random() * ((max - min) + 1))) + min): Text 'BA929.0' is set on object 'Object Repository/MOH AND GRN/Page_KDMC - CMS/input_txtbatchno'

2018-05-11 10:23:26 - [MESSAGE][PASSED] - Text 'BA929.0' is set on object 'Object Repository/MOH AND GRN/Page_KDMC - CMS/input_txtbatchno'

2018-05-11 10:23:26 - [TEST_STEP][PASSED] - rightClick: Object: 'Object Repository/GRN/Page_KDMC - CMS/input_txtexpdate' is right clicked on

2018-05-11 10:23:27 - [MESSAGE][PASSED] - Object: 'Object Repository/GRN/Page_KDMC - CMS/input_txtexpdate' is right clicked on

2018-05-11 10:23:27 - [TEST_STEP][PASSED] - selectOptionByIndex: All options with index in [10] are selected on object 'Object Repository/GRN/Page_KDMC - CMS/select_20182019202020212022202'

2018-05-11 10:23:27 - [MESSAGE][PASSED] - All options with index in [10] are selected on object 'Object Repository/GRN/Page_KDMC - CMS/select_20182019202020212022202'

2018-05-11 10:23:27 - [TEST_STEP][PASSED] - selectOptionByIndex: All options with index in [10] are selected on object 'Object Repository/GRN/Page_KDMC - CMS/select_JanFebMarAprMayJunJulAu'

2018-05-11 10:23:27 - [MESSAGE][PASSED] - All options with index in [10] are selected on object 'Object Repository/GRN/Page_KDMC - CMS/select_JanFebMarAprMayJunJulAu'

2018-05-11 10:23:27 - [TEST_STEP][PASSED] - click: Object: 'Object Repository/MOH AND GRN/Page_KDMC - CMS/a_12' is clicked on

2018-05-11 10:23:27 - [MESSAGE][PASSED] - Object: 'Object Repository/MOH AND GRN/Page_KDMC - CMS/a_12' is clicked on

2018-05-11 10:23:27 - [TEST_STEP][PASSED] - click: Object: 'Object Repository/MOH AND GRN/Page_KDMC - CMS/input_btnadd' is clicked on

2018-05-11 10:23:27 - [MESSAGE][PASSED] - Object: 'Object Repository/MOH AND GRN/Page_KDMC - CMS/input_btnadd' is clicked on

2018-05-11 10:23:27 - [TEST_STEP][PASSED] - Statement - If (s == 10): null

2018-05-11 10:23:27 - [TEST_STEP][PASSED] - Statement - s = 1: null

2018-05-11 10:23:27 - [TEST_STEP][PASSED] - delay: Delayed 1 second(s)

2018-05-11 10:23:28 - [MESSAGE][PASSED] - Delayed 1 second(s)

2018-05-11 10:23:28 - [TEST_STEP][PASSED] - selectOptionByIndex: All options with index in [31] are selected on object 'Object Repository/MOH AND GRN/Page_KDMC - CMS/select_--Select--Amikacin -500'

2018-05-11 10:23:29 - [MESSAGE][PASSED] - All options with index in [31] are selected on object 'Object Repository/MOH AND GRN/Page_KDMC - CMS/select_--Select--Amikacin -500'

2018-05-11 10:23:29 - [TEST_STEP][PASSED] - setText: Text '5000' is set on object 'Object Repository/MOH AND GRN/Page_KDMC - CMS/input_txtqty'

2018-05-11 10:23:29 - [MESSAGE][PASSED] - Text '5000' is set on object 'Object Repository/MOH AND GRN/Page_KDMC - CMS/input_txtqty'

2018-05-11 10:23:29 - [TEST_STEP][PASSED] - selectOptionByIndex: All options with index in [1] are selected on object 'Object Repository/MOH AND GRN/Page_KDMC - CMS/select_--Select--No Tax0'

2018-05-11 10:23:29 - [MESSAGE][PASSED] - All options with index in [1] are selected on object 'Object Repository/MOH AND GRN/Page_KDMC - CMS/select_--Select--No Tax0'

2018-05-11 10:23:29 - [TEST_STEP][PASSED] - setText: Finding Test Object with id 'Object Repository/MOH AND GRN/Page_KDMC - CMS/input_txtmrp'

2018-05-11 10:23:29 - [TEST_STEP][PASSED] - Statement - switch (id): Finding Test Object with id 'Object Repository/MOH AND GRN/Page_KDMC - CMS/input_txtdeal'

2018-05-11 10:23:29 - [TEST_STEP][PASSED] - Statement - case 4:: Text '27.0' is set on object 'Object Repository/MOH AND GRN/Page_KDMC - CMS/input_txtmrp'

2018-05-11 10:23:29 - [TEST_STEP][PASSED] - Statement - return (java.lang.Math.floor((java.lang.Math.random() * ((max - min) + 1))) + min): Text '27.0' is set on object 'Object Repository/MOH AND GRN/Page_KDMC - CMS/input_txtmrp'

2018-05-11 10:23:29 - [MESSAGE][PASSED] - Text '27.0' is set on object 'Object Repository/MOH AND GRN/Page_KDMC - CMS/input_txtmrp'

2018-05-11 10:23:29 - [TEST_STEP][PASSED] - setText: Finding Test Object with id 'Object Repository/MOH AND GRN/Page_KDMC - CMS/input_txtdeal'

2018-05-11 10:23:29 - [TEST_STEP][PASSED] - Statement - switch (id): Finding Test Object with id 'Object Repository/MOH AND GRN/Page_KDMC - CMS/input_txtbatchno'

2018-05-11 10:23:29 - [TEST_STEP][PASSED] - Statement - case 5:: Text '5.0' is set on object 'Object Repository/MOH AND GRN/Page_KDMC - CMS/input_txtdeal'

2018-05-11 10:23:29 - [TEST_STEP][PASSED] - Statement - return (java.lang.Math.floor((java.lang.Math.random() * ((max - min) + 1))) + min): Text '5.0' is set on object 'Object Repository/MOH AND GRN/Page_KDMC - CMS/input_txtdeal'

2018-05-11 10:23:29 - [MESSAGE][PASSED] - Text '5.0' is set on object 'Object Repository/MOH AND GRN/Page_KDMC - CMS/input_txtdeal'

2018-05-11 10:23:29 - [TEST_STEP][PASSED] - setText: Finding Test Object with id 'Object Repository/MOH AND GRN/Page_KDMC - CMS/input_txtbatchno'

2018-05-11 10:23:29 - [TEST_STEP][PASSED] - Statement - switch (id): Finding Test Object with id 'Object Repository/MOH AND GRN/Page_KDMC - CMS/input_txtmrp'

2018-05-11 10:23:29 - [TEST_STEP][PASSED] - Statement - case 1:: Text 'BA413.0' is set on object 'Object Repository/MOH AND GRN/Page_KDMC - CMS/input_txtbatchno'

2018-05-11 10:23:29 - [TEST_STEP][PASSED] - Statement - return (java.lang.Math.floor((java.lang.Math.random() * ((max - min) + 1))) + min): Text 'BA413.0' is set on object 'Object Repository/MOH AND GRN/Page_KDMC - CMS/input_txtbatchno'

2018-05-11 10:23:29 - [MESSAGE][PASSED] - Text 'BA413.0' is set on object 'Object Repository/MOH AND GRN/Page_KDMC - CMS/input_txtbatchno'

2018-05-11 10:23:29 - [TEST_STEP][PASSED] - rightClick: Object: 'Object Repository/GRN/Page_KDMC - CMS/input_txtexpdate' is right clicked on

2018-05-11 10:23:29 - [MESSAGE][PASSED] - Object: 'Object Repository/GRN/Page_KDMC - CMS/input_txtexpdate' is right clicked on

2018-05-11 10:23:29 - [TEST_STEP][PASSED] - selectOptionByIndex: All options with index in [1] are selected on object 'Object Repository/GRN/Page_KDMC - CMS/select_20182019202020212022202'

2018-05-11 10:23:29 - [MESSAGE][PASSED] - All options with index in [1] are selected on object 'Object Repository/GRN/Page_KDMC - CMS/select_20182019202020212022202'

2018-05-11 10:23:29 - [TEST_STEP][PASSED] - selectOptionByIndex: All options with index in [1] are selected on object 'Object Repository/GRN/Page_KDMC - CMS/select_JanFebMarAprMayJunJulAu'

2018-05-11 10:23:30 - [MESSAGE][PASSED] - All options with index in [1] are selected on object 'Object Repository/GRN/Page_KDMC - CMS/select_JanFebMarAprMayJunJulAu'

2018-05-11 10:23:30 - [TEST_STEP][PASSED] - click: Object: 'Object Repository/MOH AND GRN/Page_KDMC - CMS/a_12' is clicked on

2018-05-11 10:23:30 - [MESSAGE][PASSED] - Object: 'Object Repository/MOH AND GRN/Page_KDMC - CMS/a_12' is clicked on

2018-05-11 10:23:30 - [TEST_STEP][PASSED] - click: Object: 'Object Repository/MOH AND GRN/Page_KDMC - CMS/input_btnadd' is clicked on

2018-05-11 10:23:30 - [MESSAGE][PASSED] - Object: 'Object Repository/MOH AND GRN/Page_KDMC - CMS/input_btnadd' is clicked on

2018-05-11 10:23:30 - [TEST_STEP][PASSED] - Statement - If (s == 10): null

2018-05-11 10:23:30 - [TEST_STEP][PASSED] - Statement - Else: null

2018-05-11 10:23:30 - [TEST_STEP][PASSED] - Statement - (s++): null

2018-05-11 10:23:30 - [TEST_STEP][PASSED] - delay: Delayed 1 second(s)

2018-05-11 10:23:31 - [MESSAGE][PASSED] - Delayed 1 second(s)

2018-05-11 10:23:31 - [TEST_STEP][PASSED] - selectOptionByIndex: All options with index in [32] are selected on object 'Object Repository/MOH AND GRN/Page_KDMC - CMS/select_--Select--Amikacin -500'

2018-05-11 10:23:31 - [MESSAGE][PASSED] - All options with index in [32] are selected on object 'Object Repository/MOH AND GRN/Page_KDMC - CMS/select_--Select--Amikacin -500'

2018-05-11 10:23:31 - [TEST_STEP][PASSED] - setText: Text '5000' is set on object 'Object Repository/MOH AND GRN/Page_KDMC - CMS/input_txtqty'

2018-05-11 10:23:31 - [MESSAGE][PASSED] - Text '5000' is set on object 'Object Repository/MOH AND GRN/Page_KDMC - CMS/input_txtqty'

2018-05-11 10:23:31 - [TEST_STEP][PASSED] - selectOptionByIndex: All options with index in [1] are selected on object 'Object Repository/MOH AND GRN/Page_KDMC - CMS/select_--Select--No Tax0'

2018-05-11 10:23:32 - [MESSAGE][PASSED] - All options with index in [1] are selected on object 'Object Repository/MOH AND GRN/Page_KDMC - CMS/select_--Select--No Tax0'

2018-05-11 10:23:32 - [TEST_STEP][PASSED] - setText: Finding Test Object with id 'Object Repository/MOH AND GRN/Page_KDMC - CMS/input_txtmrp'

2018-05-11 10:23:32 - [TEST_STEP][PASSED] - Statement - switch (id): Finding Test Object with id 'Object Repository/MOH AND GRN/Page_KDMC - CMS/input_txtdeal'

2018-05-11 10:23:32 - [TEST_STEP][PASSED] - Statement - case 4:: Text '16.0' is set on object 'Object Repository/MOH AND GRN/Page_KDMC - CMS/input_txtmrp'

2018-05-11 10:23:32 - [TEST_STEP][PASSED] - Statement - return (java.lang.Math.floor((java.lang.Math.random() * ((max - min) + 1))) + min): Text '16.0' is set on object 'Object Repository/MOH AND GRN/Page_KDMC - CMS/input_txtmrp'

2018-05-11 10:23:32 - [MESSAGE][PASSED] - Text '16.0' is set on object 'Object Repository/MOH AND GRN/Page_KDMC - CMS/input_txtmrp'

2018-05-11 10:23:32 - [TEST_STEP][PASSED] - setText: Finding Test Object with id 'Object Repository/MOH AND GRN/Page_KDMC - CMS/input_txtdeal'

2018-05-11 10:23:32 - [TEST_STEP][PASSED] - Statement - switch (id): Finding Test Object with id 'Object Repository/MOH AND GRN/Page_KDMC - CMS/input_txtbatchno'

2018-05-11 10:23:32 - [TEST_STEP][PASSED] - Statement - case 5:: Text '8.0' is set on object 'Object Repository/MOH AND GRN/Page_KDMC - CMS/input_txtdeal'

2018-05-11 10:23:32 - [TEST_STEP][PASSED] - Statement - return (java.lang.Math.floor((java.lang.Math.random() * ((max - min) + 1))) + min): Text '8.0' is set on object 'Object Repository/MOH AND GRN/Page_KDMC - CMS/input_txtdeal'

2018-05-11 10:23:32 - [MESSAGE][PASSED] - Text '8.0' is set on object 'Object Repository/MOH AND GRN/Page_KDMC - CMS/input_txtdeal'

2018-05-11 10:23:32 - [TEST_STEP][PASSED] - setText: Finding Test Object with id 'Object Repository/MOH AND GRN/Page_KDMC - CMS/input_txtbatchno'

2018-05-11 10:23:32 - [TEST_STEP][PASSED] - Statement - switch (id): Finding Test Object with id 'Object Repository/MOH AND GRN/Page_KDMC - CMS/input_txtmrp'

2018-05-11 10:23:32 - [TEST_STEP][PASSED] - Statement - case 1:: Text 'BA970.0' is set on object 'Object Repository/MOH AND GRN/Page_KDMC - CMS/input_txtbatchno'

2018-05-11 10:23:32 - [TEST_STEP][PASSED] - Statement - return (java.lang.Math.floor((java.lang.Math.random() * ((max - min) + 1))) + min): Text 'BA970.0' is set on object 'Object Repository/MOH AND GRN/Page_KDMC - CMS/input_txtbatchno'

2018-05-11 10:23:32 - [MESSAGE][PASSED] - Text 'BA970.0' is set on object 'Object Repository/MOH AND GRN/Page_KDMC - CMS/input_txtbatchno'

2018-05-11 10:23:32 - [TEST_STEP][PASSED] - rightClick: Object: 'Object Repository/GRN/Page_KDMC - CMS/input_txtexpdate' is right clicked on

2018-05-11 10:23:32 - [MESSAGE][PASSED] - Object: 'Object Repository/GRN/Page_KDMC - CMS/input_txtexpdate' is right clicked on

2018-05-11 10:23:32 - [TEST_STEP][PASSED] - selectOptionByIndex: All options with index in [2] are selected on object 'Object Repository/GRN/Page_KDMC - CMS/select_20182019202020212022202'

2018-05-11 10:23:32 - [MESSAGE][PASSED] - All options with index in [2] are selected on object 'Object Repository/GRN/Page_KDMC - CMS/select_20182019202020212022202'

2018-05-11 10:23:32 - [TEST_STEP][PASSED] - selectOptionByIndex: All options with index in [2] are selected on object 'Object Repository/GRN/Page_KDMC - CMS/select_JanFebMarAprMayJunJulAu'

2018-05-11 10:23:32 - [MESSAGE][PASSED] - All options with index in [2] are selected on object 'Object Repository/GRN/Page_KDMC - CMS/select_JanFebMarAprMayJunJulAu'

2018-05-11 10:23:32 - [TEST_STEP][PASSED] - click: Object: 'Object Repository/MOH AND GRN/Page_KDMC - CMS/a_12' is clicked on

2018-05-11 10:23:32 - [MESSAGE][PASSED] - Object: 'Object Repository/MOH AND GRN/Page_KDMC - CMS/a_12' is clicked on

2018-05-11 10:23:32 - [TEST_STEP][PASSED] - click: Object: 'Object Repository/MOH AND GRN/Page_KDMC - CMS/input_btnadd' is clicked on

2018-05-11 10:23:32 - [MESSAGE][PASSED] - Object: 'Object Repository/MOH AND GRN/Page_KDMC - CMS/input_btnadd' is clicked on

2018-05-11 10:23:32 - [TEST_STEP][PASSED] - Statement - If (s == 10): null

2018-05-11 10:23:32 - [TEST_STEP][PASSED] - Statement - Else: null

2018-05-11 10:23:32 - [TEST_STEP][PASSED] - Statement - (s++): null

2018-05-11 10:23:32 - [TEST_STEP][PASSED] - delay: Delayed 1 second(s)

2018-05-11 10:23:33 - [MESSAGE][PASSED] - Delayed 1 second(s)

2018-05-11 10:23:33 - [TEST_STEP][PASSED] - selectOptionByIndex: All options with index in [33] are selected on object 'Object Repository/MOH AND GRN/Page_KDMC - CMS/select_--Select--Amikacin -500'

2018-05-11 10:23:34 - [MESSAGE][PASSED] - All options with index in [33] are selected on object 'Object Repository/MOH AND GRN/Page_KDMC - CMS/select_--Select--Amikacin -500'

2018-05-11 10:23:34 - [TEST_STEP][PASSED] - setText: Text '5000' is set on object 'Object Repository/MOH AND GRN/Page_KDMC - CMS/input_txtqty'

2018-05-11 10:23:34 - [MESSAGE][PASSED] - Text '5000' is set on object 'Object Repository/MOH AND GRN/Page_KDMC - CMS/input_txtqty'

2018-05-11 10:23:34 - [TEST_STEP][PASSED] - selectOptionByIndex: All options with index in [1] are selected on object 'Object Repository/MOH AND GRN/Page_KDMC - CMS/select_--Select--No Tax0'

2018-05-11 10:23:34 - [MESSAGE][PASSED] - All options with index in [1] are selected on object 'Object Repository/MOH AND GRN/Page_KDMC - CMS/select_--Select--No Tax0'

2018-05-11 10:23:34 - [TEST_STEP][PASSED] - setText: Finding Test Object with id 'Object Repository/MOH AND GRN/Page_KDMC - CMS/input_txtmrp'

2018-05-11 10:23:34 - [TEST_STEP][PASSED] - Statement - switch (id): Finding Test Object with id 'Object Repository/MOH AND GRN/Page_KDMC - CMS/input_txtdeal'

2018-05-11 10:23:34 - [TEST_STEP][PASSED] - Statement - case 4:: Text '21.0' is set on object 'Object Repository/MOH AND GRN/Page_KDMC - CMS/input_txtmrp'

2018-05-11 10:23:34 - [TEST_STEP][PASSED] - Statement - return (java.lang.Math.floor((java.lang.Math.random() * ((max - min) + 1))) + min): Text '21.0' is set on object 'Object Repository/MOH AND GRN/Page_KDMC - CMS/input_txtmrp'

2018-05-11 10:23:34 - [MESSAGE][PASSED] - Text '21.0' is set on object 'Object Repository/MOH AND GRN/Page_KDMC - CMS/input_txtmrp'

2018-05-11 10:23:34 - [TEST_STEP][PASSED] - setText: Finding Test Object with id 'Object Repository/MOH AND GRN/Page_KDMC - CMS/input_txtdeal'

2018-05-11 10:23:34 - [TEST_STEP][PASSED] - Statement - switch (id): Finding Test Object with id 'Object Repository/MOH AND GRN/Page_KDMC - CMS/input_txtbatchno'

2018-05-11 10:23:34 - [TEST_STEP][PASSED] - Statement - case 5:: Text '12.0' is set on object 'Object Repository/MOH AND GRN/Page_KDMC - CMS/input_txtdeal'

2018-05-11 10:23:34 - [TEST_STEP][PASSED] - Statement - return (java.lang.Math.floor((java.lang.Math.random() * ((max - min) + 1))) + min): Text '12.0' is set on object 'Object Repository/MOH AND GRN/Page_KDMC - CMS/input_txtdeal'

2018-05-11 10:23:34 - [MESSAGE][PASSED] - Text '12.0' is set on object 'Object Repository/MOH AND GRN/Page_KDMC - CMS/input_txtdeal'

2018-05-11 10:23:34 - [TEST_STEP][PASSED] - setText: Finding Test Object with id 'Object Repository/MOH AND GRN/Page_KDMC - CMS/input_txtbatchno'

2018-05-11 10:23:34 - [TEST_STEP][PASSED] - Statement - switch (id): Finding Test Object with id 'Object Repository/MOH AND GRN/Page_KDMC - CMS/input_txtmrp'

2018-05-11 10:23:34 - [TEST_STEP][PASSED] - Statement - case 1:: Text 'BA562.0' is set on object 'Object Repository/MOH AND GRN/Page_KDMC - CMS/input_txtbatchno'

2018-05-11 10:23:34 - [TEST_STEP][PASSED] - Statement - return (java.lang.Math.floor((java.lang.Math.random() * ((max - min) + 1))) + min): Text 'BA562.0' is set on object 'Object Repository/MOH AND GRN/Page_KDMC - CMS/input_txtbatchno'

2018-05-11 10:23:35 - [MESSAGE][PASSED] - Text 'BA562.0' is set on object 'Object Repository/MOH AND GRN/Page_KDMC - CMS/input_txtbatchno'

2018-05-11 10:23:35 - [TEST_STEP][PASSED] - rightClick: Object: 'Object Repository/GRN/Page_KDMC - CMS/input_txtexpdate' is right clicked on

2018-05-11 10:23:35 - [MESSAGE][PASSED] - Object: 'Object Repository/GRN/Page_KDMC - CMS/input_txtexpdate' is right clicked on

2018-05-11 10:23:35 - [TEST_STEP][PASSED] - selectOptionByIndex: All options with index in [3] are selected on object 'Object Repository/GRN/Page_KDMC - CMS/select_20182019202020212022202'

2018-05-11 10:23:35 - [MESSAGE][PASSED] - All options with index in [3] are selected on object 'Object Repository/GRN/Page_KDMC - CMS/select_20182019202020212022202'

2018-05-11 10:23:35 - [TEST_STEP][PASSED] - selectOptionByIndex: All options with index in [3] are selected on object 'Object Repository/GRN/Page_KDMC - CMS/select_JanFebMarAprMayJunJulAu'

2018-05-11 10:23:35 - [MESSAGE][PASSED] - All options with index in [3] are selected on object 'Object Repository/GRN/Page_KDMC - CMS/select_JanFebMarAprMayJunJulAu'

2018-05-11 10:23:35 - [TEST_STEP][PASSED] - click: Object: 'Object Repository/MOH AND GRN/Page_KDMC - CMS/a_12' is clicked on

2018-05-11 10:23:35 - [MESSAGE][PASSED] - Object: 'Object Repository/MOH AND GRN/Page_KDMC - CMS/a_12' is clicked on

2018-05-11 10:23:35 - [TEST_STEP][PASSED] - click: Object: 'Object Repository/MOH AND GRN/Page_KDMC - CMS/input_btnadd' is clicked on

2018-05-11 10:23:35 - [MESSAGE][PASSED] - Object: 'Object Repository/MOH AND GRN/Page_KDMC - CMS/input_btnadd' is clicked on

2018-05-11 10:23:35 - [TEST_STEP][PASSED] - Statement - If (s == 10): null

2018-05-11 10:23:35 - [TEST_STEP][PASSED] - Statement - Else: null

2018-05-11 10:23:35 - [TEST_STEP][PASSED] - Statement - (s++): null

2018-05-11 10:23:35 - [TEST_STEP][PASSED] - delay: Delayed 1 second(s)

2018-05-11 10:23:36 - [MESSAGE][PASSED] - Delayed 1 second(s)

2018-05-11 10:23:36 - [TEST_STEP][PASSED] - selectOptionByIndex: All options with index in [34] are selected on object 'Object Repository/MOH AND GRN/Page_KDMC - CMS/select_--Select--Amikacin -500'

2018-05-11 10:23:37 - [MESSAGE][PASSED] - All options with index in [34] are selected on object 'Object Repository/MOH AND GRN/Page_KDMC - CMS/select_--Select--Amikacin -500'

2018-05-11 10:23:37 - [TEST_STEP][PASSED] - setText: Text '5000' is set on object 'Object Repository/MOH AND GRN/Page_KDMC - CMS/input_txtqty'

2018-05-11 10:23:37 - [MESSAGE][PASSED] - Text '5000' is set on object 'Object Repository/MOH AND GRN/Page_KDMC - CMS/input_txtqty'

2018-05-11 10:23:37 - [TEST_STEP][PASSED] - selectOptionByIndex: All options with index in [1] are selected on object 'Object Repository/MOH AND GRN/Page_KDMC - CMS/select_--Select--No Tax0'

2018-05-11 10:23:37 - [MESSAGE][PASSED] - All options with index in [1] are selected on object 'Object Repository/MOH AND GRN/Page_KDMC - CMS/select_--Select--No Tax0'

2018-05-11 10:23:37 - [TEST_STEP][PASSED] - setText: Finding Test Object with id 'Object Repository/MOH AND GRN/Page_KDMC - CMS/input_txtmrp'

2018-05-11 10:23:37 - [TEST_STEP][PASSED] - Statement - switch (id): Finding Test Object with id 'Object Repository/MOH AND GRN/Page_KDMC - CMS/input_txtdeal'

2018-05-11 10:23:37 - [TEST_STEP][PASSED] - Statement - case 4:: Text '32.0' is set on object 'Object Repository/MOH AND GRN/Page_KDMC - CMS/input_txtmrp'

2018-05-11 10:23:37 - [TEST_STEP][PASSED] - Statement - return (java.lang.Math.floor((java.lang.Math.random() * ((max - min) + 1))) + min): Text '32.0' is set on object 'Object Repository/MOH AND GRN/Page_KDMC - CMS/input_txtmrp'

2018-05-11 10:23:37 - [MESSAGE][PASSED] - Text '32.0' is set on object 'Object Repository/MOH AND GRN/Page_KDMC - CMS/input_txtmrp'

2018-05-11 10:23:37 - [TEST_STEP][PASSED] - setText: Finding Test Object with id 'Object Repository/MOH AND GRN/Page_KDMC - CMS/input_txtdeal'

2018-05-11 10:23:37 - [TEST_STEP][PASSED] - Statement - switch (id): Finding Test Object with id 'Object Repository/MOH AND GRN/Page_KDMC - CMS/input_txtbatchno'

2018-05-11 10:23:37 - [TEST_STEP][PASSED] - Statement - case 5:: Text '5.0' is set on object 'Object Repository/MOH AND GRN/Page_KDMC - CMS/input_txtdeal'

2018-05-11 10:23:37 - [TEST_STEP][PASSED] - Statement - return (java.lang.Math.floor((java.lang.Math.random() * ((max - min) + 1))) + min): Text '5.0' is set on object 'Object Repository/MOH AND GRN/Page_KDMC - CMS/input_txtdeal'

2018-05-11 10:23:37 - [MESSAGE][PASSED] - Text '5.0' is set on object 'Object Repository/MOH AND GRN/Page_KDMC - CMS/input_txtdeal'

2018-05-11 10:23:37 - [TEST_STEP][PASSED] - setText: Finding Test Object with id 'Object Repository/MOH AND GRN/Page_KDMC - CMS/input_txtbatchno'

2018-05-11 10:23:37 - [TEST_STEP][PASSED] - Statement - switch (id): Finding Test Object with id 'Object Repository/MOH AND GRN/Page_KDMC - CMS/input_txtmrp'

2018-05-11 10:23:37 - [TEST_STEP][PASSED] - Statement - case 1:: Text 'BA268.0' is set on object 'Object Repository/MOH AND GRN/Page_KDMC - CMS/input_txtbatchno'

2018-05-11 10:23:37 - [TEST_STEP][PASSED] - Statement - return (java.lang.Math.floor((java.lang.Math.random() * ((max - min) + 1))) + min): Text 'BA268.0' is set on object 'Object Repository/MOH AND GRN/Page_KDMC - CMS/input_txtbatchno'

2018-05-11 10:23:37 - [MESSAGE][PASSED] - Text 'BA268.0' is set on object 'Object Repository/MOH AND GRN/Page_KDMC - CMS/input_txtbatchno'

2018-05-11 10:23:37 - [TEST_STEP][PASSED] - rightClick: Object: 'Object Repository/GRN/Page_KDMC - CMS/input_txtexpdate' is right clicked on

2018-05-11 10:23:37 - [MESSAGE][PASSED] - Object: 'Object Repository/GRN/Page_KDMC - CMS/input_txtexpdate' is right clicked on

2018-05-11 10:23:37 - [TEST_STEP][PASSED] - selectOptionByIndex: All options with index in [4] are selected on object 'Object Repository/GRN/Page_KDMC - CMS/select_20182019202020212022202'

2018-05-11 10:23:38 - [MESSAGE][PASSED] - All options with index in [4] are selected on object 'Object Repository/GRN/Page_KDMC - CMS/select_20182019202020212022202'

2018-05-11 10:23:38 - [TEST_STEP][PASSED] - selectOptionByIndex: All options with index in [4] are selected on object 'Object Repository/GRN/Page_KDMC - CMS/select_JanFebMarAprMayJunJulAu'

2018-05-11 10:23:38 - [MESSAGE][PASSED] - All options with index in [4] are selected on object 'Object Repository/GRN/Page_KDMC - CMS/select_JanFebMarAprMayJunJulAu'

2018-05-11 10:23:38 - [TEST_STEP][PASSED] - click: Object: 'Object Repository/MOH AND GRN/Page_KDMC - CMS/a_12' is clicked on

2018-05-11 10:23:38 - [MESSAGE][PASSED] - Object: 'Object Repository/MOH AND GRN/Page_KDMC - CMS/a_12' is clicked on

2018-05-11 10:23:38 - [TEST_STEP][PASSED] - click: Object: 'Object Repository/MOH AND GRN/Page_KDMC - CMS/input_btnadd' is clicked on

2018-05-11 10:23:38 - [MESSAGE][PASSED] - Object: 'Object Repository/MOH AND GRN/Page_KDMC - CMS/input_btnadd' is clicked on

2018-05-11 10:23:38 - [TEST_STEP][PASSED] - Statement - If (s == 10): null

2018-05-11 10:23:38 - [TEST_STEP][PASSED] - Statement - Else: null

2018-05-11 10:23:38 - [TEST_STEP][PASSED] - Statement - (s++): null

2018-05-11 10:23:38 - [TEST_STEP][PASSED] - delay: Delayed 1 second(s)

2018-05-11 10:23:39 - [MESSAGE][PASSED] - Delayed 1 second(s)

2018-05-11 10:23:39 - [TEST_STEP][PASSED] - selectOptionByIndex: All options with index in [35] are selected on object 'Object Repository/MOH AND GRN/Page_KDMC - CMS/select_--Select--Amikacin -500'

2018-05-11 10:23:39 - [MESSAGE][PASSED] - All options with index in [35] are selected on object 'Object Repository/MOH AND GRN/Page_KDMC - CMS/select_--Select--Amikacin -500'

2018-05-11 10:23:39 - [TEST_STEP][PASSED] - setText: Text '5000' is set on object 'Object Repository/MOH AND GRN/Page_KDMC - CMS/input_txtqty'

2018-05-11 10:23:39 - [MESSAGE][PASSED] - Text '5000' is set on object 'Object Repository/MOH AND GRN/Page_KDMC - CMS/input_txtqty'

2018-05-11 10:23:39 - [TEST_STEP][PASSED] - selectOptionByIndex: All options with index in [1] are selected on object 'Object Repository/MOH AND GRN/Page_KDMC - CMS/select_--Select--No Tax0'

2018-05-11 10:23:40 - [MESSAGE][PASSED] - All options with index in [1] are selected on object 'Object Repository/MOH AND GRN/Page_KDMC - CMS/select_--Select--No Tax0'

2018-05-11 10:23:40 - [TEST_STEP][PASSED] - setText: Finding Test Object with id 'Object Repository/MOH AND GRN/Page_KDMC - CMS/input_txtmrp'

2018-05-11 10:23:40 - [TEST_STEP][PASSED] - Statement - switch (id): Finding Test Object with id 'Object Repository/MOH AND GRN/Page_KDMC - CMS/input_txtdeal'

2018-05-11 10:23:40 - [TEST_STEP][PASSED] - Statement - case 4:: Text '28.0' is set on object 'Object Repository/MOH AND GRN/Page_KDMC - CMS/input_txtmrp'

2018-05-11 10:23:40 - [TEST_STEP][PASSED] - Statement - return (java.lang.Math.floor((java.lang.Math.random() * ((max - min) + 1))) + min): Text '28.0' is set on object 'Object Repository/MOH AND GRN/Page_KDMC - CMS/input_txtmrp'

2018-05-11 10:23:40 - [MESSAGE][PASSED] - Text '28.0' is set on object 'Object Repository/MOH AND GRN/Page_KDMC - CMS/input_txtmrp'

2018-05-11 10:23:40 - [TEST_STEP][PASSED] - setText: Finding Test Object with id 'Object Repository/MOH AND GRN/Page_KDMC - CMS/input_txtdeal'

2018-05-11 10:23:40 - [TEST_STEP][PASSED] - Statement - switch (id): Finding Test Object with id 'Object Repository/MOH AND GRN/Page_KDMC - CMS/input_txtbatchno'

2018-05-11 10:23:40 - [TEST_STEP][PASSED] - Statement - case 5:: Text '4.0' is set on object 'Object Repository/MOH AND GRN/Page_KDMC - CMS/input_txtdeal'

2018-05-11 10:23:40 - [TEST_STEP][PASSED] - Statement - return (java.lang.Math.floor((java.lang.Math.random() * ((max - min) + 1))) + min): Text '4.0' is set on object 'Object Repository/MOH AND GRN/Page_KDMC - CMS/input_txtdeal'

2018-05-11 10:23:40 - [MESSAGE][PASSED] - Text '4.0' is set on object 'Object Repository/MOH AND GRN/Page_KDMC - CMS/input_txtdeal'

2018-05-11 10:23:40 - [TEST_STEP][PASSED] - setText: Finding Test Object with id 'Object Repository/MOH AND GRN/Page_KDMC - CMS/input_txtbatchno'

2018-05-11 10:23:40 - [TEST_STEP][PASSED] - Statement - switch (id): Finding Test Object with id 'Object Repository/MOH AND GRN/Page_KDMC - CMS/input_txtmrp'

2018-05-11 10:23:40 - [TEST_STEP][PASSED] - Statement - case 1:: Text 'BA315.0' is set on object 'Object Repository/MOH AND GRN/Page_KDMC - CMS/input_txtbatchno'

2018-05-11 10:23:40 - [TEST_STEP][PASSED] - Statement - return (java.lang.Math.floor((java.lang.Math.random() * ((max - min) + 1))) + min): Text 'BA315.0' is set on object 'Object Repository/MOH AND GRN/Page_KDMC - CMS/input_txtbatchno'

2018-05-11 10:23:40 - [MESSAGE][PASSED] - Text 'BA315.0' is set on object 'Object Repository/MOH AND GRN/Page_KDMC - CMS/input_txtbatchno'

2018-05-11 10:23:40 - [TEST_STEP][PASSED] - rightClick: Object: 'Object Repository/GRN/Page_KDMC - CMS/input_txtexpdate' is right clicked on

2018-05-11 10:23:40 - [MESSAGE][PASSED] - Object: 'Object Repository/GRN/Page_KDMC - CMS/input_txtexpdate' is right clicked on

2018-05-11 10:23:40 - [TEST_STEP][PASSED] - selectOptionByIndex: All options with index in [5] are selected on object 'Object Repository/GRN/Page_KDMC - CMS/select_20182019202020212022202'

2018-05-11 10:23:40 - [MESSAGE][PASSED] - All options with index in [5] are selected on object 'Object Repository/GRN/Page_KDMC - CMS/select_20182019202020212022202'

2018-05-11 10:23:40 - [TEST_STEP][PASSED] - selectOptionByIndex: All options with index in [5] are selected on object 'Object Repository/GRN/Page_KDMC - CMS/select_JanFebMarAprMayJunJulAu'

2018-05-11 10:23:40 - [MESSAGE][PASSED] - All options with index in [5] are selected on object 'Object Repository/GRN/Page_KDMC - CMS/select_JanFebMarAprMayJunJulAu'

2018-05-11 10:23:40 - [TEST_STEP][PASSED] - click: Object: 'Object Repository/MOH AND GRN/Page_KDMC - CMS/a_12' is clicked on

2018-05-11 10:23:40 - [MESSAGE][PASSED] - Object: 'Object Repository/MOH AND GRN/Page_KDMC - CMS/a_12' is clicked on

2018-05-11 10:23:40 - [TEST_STEP][PASSED] - click: Object: 'Object Repository/MOH AND GRN/Page_KDMC - CMS/input_btnadd' is clicked on

2018-05-11 10:23:41 - [MESSAGE][PASSED] - Object: 'Object Repository/MOH AND GRN/Page_KDMC - CMS/input_btnadd' is clicked on

2018-05-11 10:23:41 - [TEST_STEP][PASSED] - Statement - If (s == 10): null

2018-05-11 10:23:41 - [TEST_STEP][PASSED] - Statement - Else: null

2018-05-11 10:23:41 - [TEST_STEP][PASSED] - Statement - (s++): null

2018-05-11 10:23:41 - [TEST_STEP][PASSED] - delay: Delayed 1 second(s)

2018-05-11 10:23:42 - [MESSAGE][PASSED] - Delayed 1 second(s)

2018-05-11 10:23:42 - [TEST_STEP][PASSED] - selectOptionByIndex: All options with index in [36] are selected on object 'Object Repository/MOH AND GRN/Page_KDMC - CMS/select_--Select--Amikacin -500'

2018-05-11 10:23:42 - [MESSAGE][PASSED] - All options with index in [36] are selected on object 'Object Repository/MOH AND GRN/Page_KDMC - CMS/select_--Select--Amikacin -500'

2018-05-11 10:23:42 - [TEST_STEP][PASSED] - setText: Text '5000' is set on object 'Object Repository/MOH AND GRN/Page_KDMC - CMS/input_txtqty'

2018-05-11 10:23:42 - [MESSAGE][PASSED] - Text '5000' is set on object 'Object Repository/MOH AND GRN/Page_KDMC - CMS/input_txtqty'

2018-05-11 10:23:42 - [TEST_STEP][PASSED] - selectOptionByIndex: All options with index in [1] are selected on object 'Object Repository/MOH AND GRN/Page_KDMC - CMS/select_--Select--No Tax0'

2018-05-11 10:23:42 - [MESSAGE][PASSED] - All options with index in [1] are selected on object 'Object Repository/MOH AND GRN/Page_KDMC - CMS/select_--Select--No Tax0'

2018-05-11 10:23:42 - [TEST_STEP][PASSED] - setText: Finding Test Object with id 'Object Repository/MOH AND GRN/Page_KDMC - CMS/input_txtmrp'

2018-05-11 10:23:42 - [TEST_STEP][PASSED] - Statement - switch (id): Finding Test Object with id 'Object Repository/MOH AND GRN/Page_KDMC - CMS/input_txtdeal'

2018-05-11 10:23:42 - [TEST_STEP][PASSED] - Statement - case 4:: Text '34.0' is set on object 'Object Repository/MOH AND GRN/Page_KDMC - CMS/input_txtmrp'

2018-05-11 10:23:42 - [TEST_STEP][PASSED] - Statement - return (java.lang.Math.floor((java.lang.Math.random() * ((max - min) + 1))) + min): Text '34.0' is set on object 'Object Repository/MOH AND GRN/Page_KDMC - CMS/input_txtmrp'

2018-05-11 10:23:42 - [MESSAGE][PASSED] - Text '34.0' is set on object 'Object Repository/MOH AND GRN/Page_KDMC - CMS/input_txtmrp'

2018-05-11 10:23:42 - [TEST_STEP][PASSED] - setText: Finding Test Object with id 'Object Repository/MOH AND GRN/Page_KDMC - CMS/input_txtdeal'

2018-05-11 10:23:42 - [TEST_STEP][PASSED] - Statement - switch (id): Finding Test Object with id 'Object Repository/MOH AND GRN/Page_KDMC - CMS/input_txtbatchno'

2018-05-11 10:23:42 - [TEST_STEP][PASSED] - Statement - case 5:: Text '5.0' is set on object 'Object Repository/MOH AND GRN/Page_KDMC - CMS/input_txtdeal'

2018-05-11 10:23:42 - [TEST_STEP][PASSED] - Statement - return (java.lang.Math.floor((java.lang.Math.random() * ((max - min) + 1))) + min): Text '5.0' is set on object 'Object Repository/MOH AND GRN/Page_KDMC - CMS/input_txtdeal'

2018-05-11 10:23:43 - [MESSAGE][PASSED] - Text '5.0' is set on object 'Object Repository/MOH AND GRN/Page_KDMC - CMS/input_txtdeal'

2018-05-11 10:23:43 - [TEST_STEP][PASSED] - setText: Finding Test Object with id 'Object Repository/MOH AND GRN/Page_KDMC - CMS/input_txtbatchno'

2018-05-11 10:23:43 - [TEST_STEP][PASSED] - Statement - switch (id): Finding Test Object with id 'Object Repository/MOH AND GRN/Page_KDMC - CMS/input_txtmrp'

2018-05-11 10:23:43 - [TEST_STEP][PASSED] - Statement - case 1:: Text 'BA664.0' is set on object 'Object Repository/MOH AND GRN/Page_KDMC - CMS/input_txtbatchno'

2018-05-11 10:23:43 - [TEST_STEP][PASSED] - Statement - return (java.lang.Math.floor((java.lang.Math.random() * ((max - min) + 1))) + min): Text 'BA664.0' is set on object 'Object Repository/MOH AND GRN/Page_KDMC - CMS/input_txtbatchno'

2018-05-11 10:23:43 - [MESSAGE][PASSED] - Text 'BA664.0' is set on object 'Object Repository/MOH AND GRN/Page_KDMC - CMS/input_txtbatchno'

2018-05-11 10:23:43 - [TEST_STEP][PASSED] - rightClick: Object: 'Object Repository/GRN/Page_KDMC - CMS/input_txtexpdate' is right clicked on

2018-05-11 10:23:43 - [MESSAGE][PASSED] - Object: 'Object Repository/GRN/Page_KDMC - CMS/input_txtexpdate' is right clicked on

2018-05-11 10:23:43 - [TEST_STEP][PASSED] - selectOptionByIndex: All options with index in [6] are selected on object 'Object Repository/GRN/Page_KDMC - CMS/select_20182019202020212022202'

2018-05-11 10:23:43 - [MESSAGE][PASSED] - All options with index in [6] are selected on object 'Object Repository/GRN/Page_KDMC - CMS/select_20182019202020212022202'

2018-05-11 10:23:43 - [TEST_STEP][PASSED] - selectOptionByIndex: All options with index in [6] are selected on object 'Object Repository/GRN/Page_KDMC - CMS/select_JanFebMarAprMayJunJulAu'

2018-05-11 10:23:43 - [MESSAGE][PASSED] - All options with index in [6] are selected on object 'Object Repository/GRN/Page_KDMC - CMS/select_JanFebMarAprMayJunJulAu'

2018-05-11 10:23:43 - [TEST_STEP][PASSED] - click: Object: 'Object Repository/MOH AND GRN/Page_KDMC - CMS/a_12' is clicked on

2018-05-11 10:23:43 - [MESSAGE][PASSED] - Object: 'Object Repository/MOH AND GRN/Page_KDMC - CMS/a_12' is clicked on

2018-05-11 10:23:43 - [TEST_STEP][PASSED] - click: Object: 'Object Repository/MOH AND GRN/Page_KDMC - CMS/input_btnadd' is clicked on

2018-05-11 10:23:43 - [MESSAGE][PASSED] - Object: 'Object Repository/MOH AND GRN/Page_KDMC - CMS/input_btnadd' is clicked on

2018-05-11 10:23:43 - [TEST_STEP][PASSED] - Statement - If (s == 10): null

2018-05-11 10:23:43 - [TEST_STEP][PASSED] - Statement - Else: null

2018-05-11 10:23:43 - [TEST_STEP][PASSED] - Statement - (s++): null

2018-05-11 10:23:43 - [TEST_STEP][PASSED] - delay: Delayed 1 second(s)

2018-05-11 10:23:44 - [MESSAGE][PASSED] - Delayed 1 second(s)

2018-05-11 10:23:44 - [TEST_STEP][PASSED] - selectOptionByIndex: All options with index in [37] are selected on object 'Object Repository/MOH AND GRN/Page_KDMC - CMS/select_--Select--Amikacin -500'

2018-05-11 10:23:45 - [MESSAGE][PASSED] - All options with index in [37] are selected on object 'Object Repository/MOH AND GRN/Page_KDMC - CMS/select_--Select--Amikacin -500'

2018-05-11 10:23:45 - [TEST_STEP][PASSED] - setText: Text '5000' is set on object 'Object Repository/MOH AND GRN/Page_KDMC - CMS/input_txtqty'

2018-05-11 10:23:45 - [MESSAGE][PASSED] - Text '5000' is set on object 'Object Repository/MOH AND GRN/Page_KDMC - CMS/input_txtqty'

2018-05-11 10:23:45 - [TEST_STEP][PASSED] - selectOptionByIndex: All options with index in [1] are selected on object 'Object Repository/MOH AND GRN/Page_KDMC - CMS/select_--Select--No Tax0'

2018-05-11 10:23:45 - [MESSAGE][PASSED] - All options with index in [1] are selected on object 'Object Repository/MOH AND GRN/Page_KDMC - CMS/select_--Select--No Tax0'

2018-05-11 10:23:45 - [TEST_STEP][PASSED] - setText: Finding Test Object with id 'Object Repository/MOH AND GRN/Page_KDMC - CMS/input_txtmrp'

2018-05-11 10:23:45 - [TEST_STEP][PASSED] - Statement - switch (id): Finding Test Object with id 'Object Repository/MOH AND GRN/Page_KDMC - CMS/input_txtdeal'

2018-05-11 10:23:45 - [TEST_STEP][PASSED] - Statement - case 4:: Text '26.0' is set on object 'Object Repository/MOH AND GRN/Page_KDMC - CMS/input_txtmrp'

2018-05-11 10:23:45 - [TEST_STEP][PASSED] - Statement - return (java.lang.Math.floor((java.lang.Math.random() * ((max - min) + 1))) + min): Text '26.0' is set on object 'Object Repository/MOH AND GRN/Page_KDMC - CMS/input_txtmrp'

2018-05-11 10:23:45 - [MESSAGE][PASSED] - Text '26.0' is set on object 'Object Repository/MOH AND GRN/Page_KDMC - CMS/input_txtmrp'

2018-05-11 10:23:45 - [TEST_STEP][PASSED] - setText: Finding Test Object with id 'Object Repository/MOH AND GRN/Page_KDMC - CMS/input_txtdeal'

2018-05-11 10:23:45 - [TEST_STEP][PASSED] - Statement - switch (id): Finding Test Object with id 'Object Repository/MOH AND GRN/Page_KDMC - CMS/input_txtbatchno'

2018-05-11 10:23:45 - [TEST_STEP][PASSED] - Statement - case 5:: Text '5.0' is set on object 'Object Repository/MOH AND GRN/Page_KDMC - CMS/input_txtdeal'

2018-05-11 10:23:45 - [TEST_STEP][PASSED] - Statement - return (java.lang.Math.floor((java.lang.Math.random() * ((max - min) + 1))) + min): Text '5.0' is set on object 'Object Repository/MOH AND GRN/Page_KDMC - CMS/input_txtdeal'

2018-05-11 10:23:46 - [MESSAGE][PASSED] - Text '5.0' is set on object 'Object Repository/MOH AND GRN/Page_KDMC - CMS/input_txtdeal'

2018-05-11 10:23:46 - [TEST_STEP][PASSED] - setText: Finding Test Object with id 'Object Repository/MOH AND GRN/Page_KDMC - CMS/input_txtbatchno'

2018-05-11 10:23:46 - [TEST_STEP][PASSED] - Statement - switch (id): Finding Test Object with id 'Object Repository/MOH AND GRN/Page_KDMC - CMS/input_txtmrp'

2018-05-11 10:23:46 - [TEST_STEP][PASSED] - Statement - case 1:: Text 'BA304.0' is set on object 'Object Repository/MOH AND GRN/Page_KDMC - CMS/input_txtbatchno'

2018-05-11 10:23:46 - [TEST_STEP][PASSED] - Statement - return (java.lang.Math.floor((java.lang.Math.random() * ((max - min) + 1))) + min): Text 'BA304.0' is set on object 'Object Repository/MOH AND GRN/Page_KDMC - CMS/input_txtbatchno'

2018-05-11 10:23:46 - [MESSAGE][PASSED] - Text 'BA304.0' is set on object 'Object Repository/MOH AND GRN/Page_KDMC - CMS/input_txtbatchno'

2018-05-11 10:23:46 - [TEST_STEP][PASSED] - rightClick: Object: 'Object Repository/GRN/Page_KDMC - CMS/input_txtexpdate' is right clicked on

2018-05-11 10:23:46 - [MESSAGE][PASSED] - Object: 'Object Repository/GRN/Page_KDMC - CMS/input_txtexpdate' is right clicked on

2018-05-11 10:23:46 - [TEST_STEP][PASSED] - selectOptionByIndex: All options with index in [7] are selected on object 'Object Repository/GRN/Page_KDMC - CMS/select_20182019202020212022202'

2018-05-11 10:23:46 - [MESSAGE][PASSED] - All options with index in [7] are selected on object 'Object Repository/GRN/Page_KDMC - CMS/select_20182019202020212022202'

2018-05-11 10:23:46 - [TEST_STEP][PASSED] - selectOptionByIndex: All options with index in [7] are selected on object 'Object Repository/GRN/Page_KDMC - CMS/select_JanFebMarAprMayJunJulAu'

2018-05-11 10:23:46 - [MESSAGE][PASSED] - All options with index in [7] are selected on object 'Object Repository/GRN/Page_KDMC - CMS/select_JanFebMarAprMayJunJulAu'

2018-05-11 10:23:46 - [TEST_STEP][PASSED] - click: Object: 'Object Repository/MOH AND GRN/Page_KDMC - CMS/a_12' is clicked on

2018-05-11 10:23:46 - [MESSAGE][PASSED] - Object: 'Object Repository/MOH AND GRN/Page_KDMC - CMS/a_12' is clicked on

2018-05-11 10:23:46 - [TEST_STEP][PASSED] - click: Object: 'Object Repository/MOH AND GRN/Page_KDMC - CMS/input_btnadd' is clicked on

2018-05-11 10:23:47 - [MESSAGE][PASSED] - Object: 'Object Repository/MOH AND GRN/Page_KDMC - CMS/input_btnadd' is clicked on

2018-05-11 10:23:47 - [TEST_STEP][PASSED] - Statement - If (s == 10): null

2018-05-11 10:23:47 - [TEST_STEP][PASSED] - Statement - Else: null

2018-05-11 10:23:47 - [TEST_STEP][PASSED] - Statement - (s++): null

2018-05-11 10:23:47 - [TEST_STEP][PASSED] - delay: Delayed 1 second(s)

2018-05-11 10:23:48 - [MESSAGE][PASSED] - Delayed 1 second(s)

2018-05-11 10:23:48 - [TEST_STEP][PASSED] - selectOptionByIndex: All options with index in [38] are selected on object 'Object Repository/MOH AND GRN/Page_KDMC - CMS/select_--Select--Amikacin -500'

2018-05-11 10:23:48 - [MESSAGE][PASSED] - All options with index in [38] are selected on object 'Object Repository/MOH AND GRN/Page_KDMC - CMS/select_--Select--Amikacin -500'

2018-05-11 10:23:48 - [TEST_STEP][PASSED] - setText: Text '5000' is set on object 'Object Repository/MOH AND GRN/Page_KDMC - CMS/input_txtqty'

2018-05-11 10:23:48 - [MESSAGE][PASSED] - Text '5000' is set on object 'Object Repository/MOH AND GRN/Page_KDMC - CMS/input_txtqty'

2018-05-11 10:23:48 - [TEST_STEP][PASSED] - selectOptionByIndex: All options with index in [1] are selected on object 'Object Repository/MOH AND GRN/Page_KDMC - CMS/select_--Select--No Tax0'

2018-05-11 10:23:49 - [MESSAGE][PASSED] - All options with index in [1] are selected on object 'Object Repository/MOH AND GRN/Page_KDMC - CMS/select_--Select--No Tax0'

2018-05-11 10:23:49 - [TEST_STEP][PASSED] - setText: Finding Test Object with id 'Object Repository/MOH AND GRN/Page_KDMC - CMS/input_txtmrp'

2018-05-11 10:23:49 - [TEST_STEP][PASSED] - Statement - switch (id): Finding Test Object with id 'Object Repository/MOH AND GRN/Page_KDMC - CMS/input_txtdeal'

2018-05-11 10:23:49 - [TEST_STEP][PASSED] - Statement - case 4:: Text '31.0' is set on object 'Object Repository/MOH AND GRN/Page_KDMC - CMS/input_txtmrp'

2018-05-11 10:23:49 - [TEST_STEP][PASSED] - Statement - return (java.lang.Math.floor((java.lang.Math.random() * ((max - min) + 1))) + min): Text '31.0' is set on object 'Object Repository/MOH AND GRN/Page_KDMC - CMS/input_txtmrp'

2018-05-11 10:23:49 - [MESSAGE][PASSED] - Text '31.0' is set on object 'Object Repository/MOH AND GRN/Page_KDMC - CMS/input_txtmrp'

2018-05-11 10:23:49 - [TEST_STEP][PASSED] - setText: Finding Test Object with id 'Object Repository/MOH AND GRN/Page_KDMC - CMS/input_txtdeal'

2018-05-11 10:23:49 - [TEST_STEP][PASSED] - Statement - switch (id): Finding Test Object with id 'Object Repository/MOH AND GRN/Page_KDMC - CMS/input_txtbatchno'

2018-05-11 10:23:49 - [TEST_STEP][PASSED] - Statement - case 5:: Text '7.0' is set on object 'Object Repository/MOH AND GRN/Page_KDMC - CMS/input_txtdeal'

2018-05-11 10:23:49 - [TEST_STEP][PASSED] - Statement - return (java.lang.Math.floor((java.lang.Math.random() * ((max - min) + 1))) + min): Text '7.0' is set on object 'Object Repository/MOH AND GRN/Page_KDMC - CMS/input_txtdeal'

2018-05-11 10:23:49 - [MESSAGE][PASSED] - Text '7.0' is set on object 'Object Repository/MOH AND GRN/Page_KDMC - CMS/input_txtdeal'

2018-05-11 10:23:49 - [TEST_STEP][PASSED] - setText: Finding Test Object with id 'Object Repository/MOH AND GRN/Page_KDMC - CMS/input_txtbatchno'

2018-05-11 10:23:49 - [TEST_STEP][PASSED] - Statement - switch (id): Finding Test Object with id 'Object Repository/MOH AND GRN/Page_KDMC - CMS/input_txtmrp'

2018-05-11 10:23:49 - [TEST_STEP][PASSED] - Statement - case 1:: Text 'BA43.0' is set on object 'Object Repository/MOH AND GRN/Page_KDMC - CMS/input_txtbatchno'

2018-05-11 10:23:49 - [TEST_STEP][PASSED] - Statement - return (java.lang.Math.floor((java.lang.Math.random() * ((max - min) + 1))) + min): Text 'BA43.0' is set on object 'Object Repository/MOH AND GRN/Page_KDMC - CMS/input_txtbatchno'

2018-05-11 10:23:49 - [MESSAGE][PASSED] - Text 'BA43.0' is set on object 'Object Repository/MOH AND GRN/Page_KDMC - CMS/input_txtbatchno'

2018-05-11 10:23:49 - [TEST_STEP][PASSED] - rightClick: Object: 'Object Repository/GRN/Page_KDMC - CMS/input_txtexpdate' is right clicked on

2018-05-11 10:23:49 - [MESSAGE][PASSED] - Object: 'Object Repository/GRN/Page_KDMC - CMS/input_txtexpdate' is right clicked on

2018-05-11 10:23:49 - [TEST_STEP][PASSED] - selectOptionByIndex: All options with index in [8] are selected on object 'Object Repository/GRN/Page_KDMC - CMS/select_20182019202020212022202'

2018-05-11 10:23:49 - [MESSAGE][PASSED] - All options with index in [8] are selected on object 'Object Repository/GRN/Page_KDMC - CMS/select_20182019202020212022202'

2018-05-11 10:23:49 - [TEST_STEP][PASSED] - selectOptionByIndex: All options with index in [8] are selected on object 'Object Repository/GRN/Page_KDMC - CMS/select_JanFebMarAprMayJunJulAu'

2018-05-11 10:23:50 - [MESSAGE][PASSED] - All options with index in [8] are selected on object 'Object Repository/GRN/Page_KDMC - CMS/select_JanFebMarAprMayJunJulAu'

2018-05-11 10:23:50 - [TEST_STEP][PASSED] - click: Object: 'Object Repository/MOH AND GRN/Page_KDMC - CMS/a_12' is clicked on

2018-05-11 10:23:50 - [MESSAGE][PASSED] - Object: 'Object Repository/MOH AND GRN/Page_KDMC - CMS/a_12' is clicked on

2018-05-11 10:23:50 - [TEST_STEP][PASSED] - click: Object: 'Object Repository/MOH AND GRN/Page_KDMC - CMS/input_btnadd' is clicked on

2018-05-11 10:23:50 - [MESSAGE][PASSED] - Object: 'Object Repository/MOH AND GRN/Page_KDMC - CMS/input_btnadd' is clicked on

2018-05-11 10:23:50 - [TEST_STEP][PASSED] - Statement - If (s == 10): null

2018-05-11 10:23:50 - [TEST_STEP][PASSED] - Statement - Else: null

2018-05-11 10:23:50 - [TEST_STEP][PASSED] - Statement - (s++): null

2018-05-11 10:23:50 - [TEST_STEP][PASSED] - delay: Delayed 1 second(s)

2018-05-11 10:23:51 - [MESSAGE][PASSED] - Delayed 1 second(s)

2018-05-11 10:23:51 - [TEST_STEP][PASSED] - selectOptionByIndex: All options with index in [39] are selected on object 'Object Repository/MOH AND GRN/Page_KDMC - CMS/select_--Select--Amikacin -500'

2018-05-11 10:23:51 - [MESSAGE][PASSED] - All options with index in [39] are selected on object 'Object Repository/MOH AND GRN/Page_KDMC - CMS/select_--Select--Amikacin -500'

2018-05-11 10:23:51 - [TEST_STEP][PASSED] - setText: Text '5000' is set on object 'Object Repository/MOH AND GRN/Page_KDMC - CMS/input_txtqty'

2018-05-11 10:23:52 - [MESSAGE][PASSED] - Text '5000' is set on object 'Object Repository/MOH AND GRN/Page_KDMC - CMS/input_txtqty'

2018-05-11 10:23:52 - [TEST_STEP][PASSED] - selectOptionByIndex: All options with index in [1] are selected on object 'Object Repository/MOH AND GRN/Page_KDMC - CMS/select_--Select--No Tax0'

2018-05-11 10:23:52 - [MESSAGE][PASSED] - All options with index in [1] are selected on object 'Object Repository/MOH AND GRN/Page_KDMC - CMS/select_--Select--No Tax0'

2018-05-11 10:23:52 - [TEST_STEP][PASSED] - setText: Finding Test Object with id 'Object Repository/MOH AND GRN/Page_KDMC - CMS/input_txtmrp'

2018-05-11 10:23:52 - [TEST_STEP][PASSED] - Statement - switch (id): Finding Test Object with id 'Object Repository/MOH AND GRN/Page_KDMC - CMS/input_txtdeal'

2018-05-11 10:23:52 - [TEST_STEP][PASSED] - Statement - case 4:: Text '27.0' is set on object 'Object Repository/MOH AND GRN/Page_KDMC - CMS/input_txtmrp'

2018-05-11 10:23:52 - [TEST_STEP][PASSED] - Statement - return (java.lang.Math.floor((java.lang.Math.random() * ((max - min) + 1))) + min): Text '27.0' is set on object 'Object Repository/MOH AND GRN/Page_KDMC - CMS/input_txtmrp'

2018-05-11 10:23:52 - [MESSAGE][PASSED] - Text '27.0' is set on object 'Object Repository/MOH AND GRN/Page_KDMC - CMS/input_txtmrp'

2018-05-11 10:23:52 - [TEST_STEP][PASSED] - setText: Finding Test Object with id 'Object Repository/MOH AND GRN/Page_KDMC - CMS/input_txtdeal'

2018-05-11 10:23:52 - [TEST_STEP][PASSED] - Statement - switch (id): Finding Test Object with id 'Object Repository/MOH AND GRN/Page_KDMC - CMS/input_txtbatchno'

2018-05-11 10:23:52 - [TEST_STEP][PASSED] - Statement - case 5:: Text '12.0' is set on object 'Object Repository/MOH AND GRN/Page_KDMC - CMS/input_txtdeal'

2018-05-11 10:23:52 - [TEST_STEP][PASSED] - Statement - return (java.lang.Math.floor((java.lang.Math.random() * ((max - min) + 1))) + min): Text '12.0' is set on object 'Object Repository/MOH AND GRN/Page_KDMC - CMS/input_txtdeal'

2018-05-11 10:23:52 - [MESSAGE][PASSED] - Text '12.0' is set on object 'Object Repository/MOH AND GRN/Page_KDMC - CMS/input_txtdeal'

2018-05-11 10:23:52 - [TEST_STEP][PASSED] - setText: Finding Test Object with id 'Object Repository/MOH AND GRN/Page_KDMC - CMS/input_txtbatchno'

2018-05-11 10:23:52 - [TEST_STEP][PASSED] - Statement - switch (id): Finding Test Object with id 'Object Repository/MOH AND GRN/Page_KDMC - CMS/input_txtmrp'

2018-05-11 10:23:52 - [TEST_STEP][PASSED] - Statement - case 1:: Text 'BA676.0' is set on object 'Object Repository/MOH AND GRN/Page_KDMC - CMS/input_txtbatchno'

2018-05-11 10:23:52 - [TEST_STEP][PASSED] - Statement - return (java.lang.Math.floor((java.lang.Math.random() * ((max - min) + 1))) + min): Text 'BA676.0' is set on object 'Object Repository/MOH AND GRN/Page_KDMC - CMS/input_txtbatchno'

2018-05-11 10:23:52 - [MESSAGE][PASSED] - Text 'BA676.0' is set on object 'Object Repository/MOH AND GRN/Page_KDMC - CMS/input_txtbatchno'

2018-05-11 10:23:52 - [TEST_STEP][PASSED] - rightClick: Object: 'Object Repository/GRN/Page_KDMC - CMS/input_txtexpdate' is right clicked on

2018-05-11 10:23:52 - [MESSAGE][PASSED] - Object: 'Object Repository/GRN/Page_KDMC - CMS/input_txtexpdate' is right clicked on

2018-05-11 10:23:52 - [TEST_STEP][PASSED] - selectOptionByIndex: All options with index in [9] are selected on object 'Object Repository/GRN/Page_KDMC - CMS/select_20182019202020212022202'

2018-05-11 10:23:52 - [MESSAGE][PASSED] - All options with index in [9] are selected on object 'Object Repository/GRN/Page_KDMC - CMS/select_20182019202020212022202'

2018-05-11 10:23:52 - [TEST_STEP][PASSED] - selectOptionByIndex: All options with index in [9] are selected on object 'Object Repository/GRN/Page_KDMC - CMS/select_JanFebMarAprMayJunJulAu'

2018-05-11 10:23:53 - [MESSAGE][PASSED] - All options with index in [9] are selected on object 'Object Repository/GRN/Page_KDMC - CMS/select_JanFebMarAprMayJunJulAu'

2018-05-11 10:23:53 - [TEST_STEP][PASSED] - click: Object: 'Object Repository/MOH AND GRN/Page_KDMC - CMS/a_12' is clicked on

2018-05-11 10:23:53 - [MESSAGE][PASSED] - Object: 'Object Repository/MOH AND GRN/Page_KDMC - CMS/a_12' is clicked on

2018-05-11 10:23:53 - [TEST_STEP][PASSED] - click: Object: 'Object Repository/MOH AND GRN/Page_KDMC - CMS/input_btnadd' is clicked on

2018-05-11 10:23:53 - [MESSAGE][PASSED] - Object: 'Object Repository/MOH AND GRN/Page_KDMC - CMS/input_btnadd' is clicked on

2018-05-11 10:23:53 - [TEST_STEP][PASSED] - Statement - If (s == 10): null

2018-05-11 10:23:53 - [TEST_STEP][PASSED] - Statement - Else: null

2018-05-11 10:23:53 - [TEST_STEP][PASSED] - Statement - (s++): null

2018-05-11 10:23:53 - [TEST_STEP][PASSED] - delay: Delayed 1 second(s)

2018-05-11 10:23:54 - [MESSAGE][PASSED] - Delayed 1 second(s)

2018-05-11 10:23:54 - [TEST_STEP][PASSED] - selectOptionByIndex: All options with index in [40] are selected on object 'Object Repository/MOH AND GRN/Page_KDMC - CMS/select_--Select--Amikacin -500'

2018-05-11 10:23:54 - [MESSAGE][PASSED] - All options with index in [40] are selected on object 'Object Repository/MOH AND GRN/Page_KDMC - CMS/select_--Select--Amikacin -500'

2018-05-11 10:23:54 - [TEST_STEP][PASSED] - setText: Text '5000' is set on object 'Object Repository/MOH AND GRN/Page_KDMC - CMS/input_txtqty'

2018-05-11 10:23:54 - [MESSAGE][PASSED] - Text '5000' is set on object 'Object Repository/MOH AND GRN/Page_KDMC - CMS/input_txtqty'

2018-05-11 10:23:54 - [TEST_STEP][PASSED] - selectOptionByIndex: All options with index in [1] are selected on object 'Object Repository/MOH AND GRN/Page_KDMC - CMS/select_--Select--No Tax0'

2018-05-11 10:23:55 - [MESSAGE][PASSED] - All options with index in [1] are selected on object 'Object Repository/MOH AND GRN/Page_KDMC - CMS/select_--Select--No Tax0'

2018-05-11 10:23:55 - [TEST_STEP][PASSED] - setText: Finding Test Object with id 'Object Repository/MOH AND GRN/Page_KDMC - CMS/input_txtmrp'

2018-05-11 10:23:55 - [TEST_STEP][PASSED] - Statement - switch (id): Finding Test Object with id 'Object Repository/MOH AND GRN/Page_KDMC - CMS/input_txtdeal'

2018-05-11 10:23:55 - [TEST_STEP][PASSED] - Statement - case 4:: Text '42.0' is set on object 'Object Repository/MOH AND GRN/Page_KDMC - CMS/input_txtmrp'

2018-05-11 10:23:55 - [TEST_STEP][PASSED] - Statement - return (java.lang.Math.floor((java.lang.Math.random() * ((max - min) + 1))) + min): Text '42.0' is set on object 'Object Repository/MOH AND GRN/Page_KDMC - CMS/input_txtmrp'

2018-05-11 10:23:55 - [MESSAGE][PASSED] - Text '42.0' is set on object 'Object Repository/MOH AND GRN/Page_KDMC - CMS/input_txtmrp'

2018-05-11 10:23:55 - [TEST_STEP][PASSED] - setText: Finding Test Object with id 'Object Repository/MOH AND GRN/Page_KDMC - CMS/input_txtdeal'

2018-05-11 10:23:55 - [TEST_STEP][PASSED] - Statement - switch (id): Finding Test Object with id 'Object Repository/MOH AND GRN/Page_KDMC - CMS/input_txtbatchno'

2018-05-11 10:23:55 - [TEST_STEP][PASSED] - Statement - case 5:: Text '9.0' is set on object 'Object Repository/MOH AND GRN/Page_KDMC - CMS/input_txtdeal'

2018-05-11 10:23:55 - [TEST_STEP][PASSED] - Statement - return (java.lang.Math.floor((java.lang.Math.random() * ((max - min) + 1))) + min): Text '9.0' is set on object 'Object Repository/MOH AND GRN/Page_KDMC - CMS/input_txtdeal'

2018-05-11 10:23:55 - [MESSAGE][PASSED] - Text '9.0' is set on object 'Object Repository/MOH AND GRN/Page_KDMC - CMS/input_txtdeal'

2018-05-11 10:23:55 - [TEST_STEP][PASSED] - setText: Finding Test Object with id 'Object Repository/MOH AND GRN/Page_KDMC - CMS/input_txtbatchno'

2018-05-11 10:23:55 - [TEST_STEP][PASSED] - Statement - switch (id): Finding Test Object with id 'Object Repository/MOH AND GRN/Page_KDMC - CMS/input_txtmrp'

2018-05-11 10:23:55 - [TEST_STEP][PASSED] - Statement - case 1:: Text 'BA805.0' is set on object 'Object Repository/MOH AND GRN/Page_KDMC - CMS/input_txtbatchno'

2018-05-11 10:23:55 - [TEST_STEP][PASSED] - Statement - return (java.lang.Math.floor((java.lang.Math.random() * ((max - min) + 1))) + min): Text 'BA805.0' is set on object 'Object Repository/MOH AND GRN/Page_KDMC - CMS/input_txtbatchno'

2018-05-11 10:23:55 - [MESSAGE][PASSED] - Text 'BA805.0' is set on object 'Object Repository/MOH AND GRN/Page_KDMC - CMS/input_txtbatchno'

2018-05-11 10:23:55 - [TEST_STEP][PASSED] - rightClick: Object: 'Object Repository/GRN/Page_KDMC - CMS/input_txtexpdate' is right clicked on

2018-05-11 10:23:55 - [MESSAGE][PASSED] - Object: 'Object Repository/GRN/Page_KDMC - CMS/input_txtexpdate' is right clicked on

2018-05-11 10:23:55 - [TEST_STEP][PASSED] - selectOptionByIndex: All options with index in [10] are selected on object 'Object Repository/GRN/Page_KDMC - CMS/select_20182019202020212022202'

2018-05-11 10:23:55 - [MESSAGE][PASSED] - All options with index in [10] are selected on object 'Object Repository/GRN/Page_KDMC - CMS/select_20182019202020212022202'

2018-05-11 10:23:55 - [TEST_STEP][PASSED] - selectOptionByIndex: All options with index in [10] are selected on object 'Object Repository/GRN/Page_KDMC - CMS/select_JanFebMarAprMayJunJulAu'

2018-05-11 10:23:55 - [MESSAGE][PASSED] - All options with index in [10] are selected on object 'Object Repository/GRN/Page_KDMC - CMS/select_JanFebMarAprMayJunJulAu'

2018-05-11 10:23:55 - [TEST_STEP][PASSED] - click: Object: 'Object Repository/MOH AND GRN/Page_KDMC - CMS/a_12' is clicked on

2018-05-11 10:23:56 - [MESSAGE][PASSED] - Object: 'Object Repository/MOH AND GRN/Page_KDMC - CMS/a_12' is clicked on

2018-05-11 10:23:56 - [TEST_STEP][PASSED] - click: Object: 'Object Repository/MOH AND GRN/Page_KDMC - CMS/input_btnadd' is clicked on

2018-05-11 10:23:56 - [MESSAGE][PASSED] - Object: 'Object Repository/MOH AND GRN/Page_KDMC - CMS/input_btnadd' is clicked on

2018-05-11 10:23:56 - [TEST_STEP][PASSED] - Statement - If (s == 10): null

2018-05-11 10:23:56 - [TEST_STEP][PASSED] - Statement - s = 1: null

2018-05-11 10:23:56 - [TEST_STEP][PASSED] - delay: Delayed 1 second(s)

2018-05-11 10:23:57 - [MESSAGE][PASSED] - Delayed 1 second(s)

2018-05-11 10:23:57 - [TEST_STEP][PASSED] - selectOptionByIndex: All options with index in [41] are selected on object 'Object Repository/MOH AND GRN/Page_KDMC - CMS/select_--Select--Amikacin -500'

2018-05-11 10:23:57 - [MESSAGE][PASSED] - All options with index in [41] are selected on object 'Object Repository/MOH AND GRN/Page_KDMC - CMS/select_--Select--Amikacin -500'

2018-05-11 10:23:57 - [TEST_STEP][PASSED] - setText: Text '5000' is set on object 'Object Repository/MOH AND GRN/Page_KDMC - CMS/input_txtqty'

2018-05-11 10:23:57 - [MESSAGE][PASSED] - Text '5000' is set on object 'Object Repository/MOH AND GRN/Page_KDMC - CMS/input_txtqty'

2018-05-11 10:23:57 - [TEST_STEP][PASSED] - selectOptionByIndex: All options with index in [1] are selected on object 'Object Repository/MOH AND GRN/Page_KDMC - CMS/select_--Select--No Tax0'

2018-05-11 10:23:57 - [MESSAGE][PASSED] - All options with index in [1] are selected on object 'Object Repository/MOH AND GRN/Page_KDMC - CMS/select_--Select--No Tax0'

2018-05-11 10:23:57 - [TEST_STEP][PASSED] - setText: Finding Test Object with id 'Object Repository/MOH AND GRN/Page_KDMC - CMS/input_txtmrp'

2018-05-11 10:23:57 - [TEST_STEP][PASSED] - Statement - switch (id): Finding Test Object with id 'Object Repository/MOH AND GRN/Page_KDMC - CMS/input_txtdeal'

2018-05-11 10:23:57 - [TEST_STEP][PASSED] - Statement - case 4:: Text '17.0' is set on object 'Object Repository/MOH AND GRN/Page_KDMC - CMS/input_txtmrp'

2018-05-11 10:23:57 - [TEST_STEP][PASSED] - Statement - return (java.lang.Math.floor((java.lang.Math.random() * ((max - min) + 1))) + min): Text '17.0' is set on object 'Object Repository/MOH AND GRN/Page_KDMC - CMS/input_txtmrp'

2018-05-11 10:23:58 - [MESSAGE][PASSED] - Text '17.0' is set on object 'Object Repository/MOH AND GRN/Page_KDMC - CMS/input_txtmrp'

2018-05-11 10:23:58 - [TEST_STEP][PASSED] - setText: Finding Test Object with id 'Object Repository/MOH AND GRN/Page_KDMC - CMS/input_txtdeal'

2018-05-11 10:23:58 - [TEST_STEP][PASSED] - Statement - switch (id): Finding Test Object with id 'Object Repository/MOH AND GRN/Page_KDMC - CMS/input_txtbatchno'

2018-05-11 10:23:58 - [TEST_STEP][PASSED] - Statement - case 5:: Text '5.0' is set on object 'Object Repository/MOH AND GRN/Page_KDMC - CMS/input_txtdeal'

2018-05-11 10:23:58 - [TEST_STEP][PASSED] - Statement - return (java.lang.Math.floor((java.lang.Math.random() * ((max - min) + 1))) + min): Text '5.0' is set on object 'Object Repository/MOH AND GRN/Page_KDMC - CMS/input_txtdeal'

2018-05-11 10:23:58 - [MESSAGE][PASSED] - Text '5.0' is set on object 'Object Repository/MOH AND GRN/Page_KDMC - CMS/input_txtdeal'

2018-05-11 10:23:58 - [TEST_STEP][PASSED] - setText: Finding Test Object with id 'Object Repository/MOH AND GRN/Page_KDMC - CMS/input_txtbatchno'

2018-05-11 10:23:58 - [TEST_STEP][PASSED] - Statement - switch (id): Finding Test Object with id 'Object Repository/MOH AND GRN/Page_KDMC - CMS/input_txtmrp'

2018-05-11 10:23:58 - [TEST_STEP][PASSED] - Statement - case 1:: Text 'BA450.0' is set on object 'Object Repository/MOH AND GRN/Page_KDMC - CMS/input_txtbatchno'

2018-05-11 10:23:58 - [TEST_STEP][PASSED] - Statement - return (java.lang.Math.floor((java.lang.Math.random() * ((max - min) + 1))) + min): Text 'BA450.0' is set on object 'Object Repository/MOH AND GRN/Page_KDMC - CMS/input_txtbatchno'

2018-05-11 10:23:58 - [MESSAGE][PASSED] - Text 'BA450.0' is set on object 'Object Repository/MOH AND GRN/Page_KDMC - CMS/input_txtbatchno'

2018-05-11 10:23:58 - [TEST_STEP][PASSED] - rightClick: Object: 'Object Repository/GRN/Page_KDMC - CMS/input_txtexpdate' is right clicked on

2018-05-11 10:23:58 - [MESSAGE][PASSED] - Object: 'Object Repository/GRN/Page_KDMC - CMS/input_txtexpdate' is right clicked on

2018-05-11 10:23:58 - [TEST_STEP][PASSED] - selectOptionByIndex: All options with index in [1] are selected on object 'Object Repository/GRN/Page_KDMC - CMS/select_20182019202020212022202'

2018-05-11 10:23:58 - [MESSAGE][PASSED] - All options with index in [1] are selected on object 'Object Repository/GRN/Page_KDMC - CMS/select_20182019202020212022202'

2018-05-11 10:23:58 - [TEST_STEP][PASSED] - selectOptionByIndex: All options with index in [1] are selected on object 'Object Repository/GRN/Page_KDMC - CMS/select_JanFebMarAprMayJunJulAu'

2018-05-11 10:23:58 - [MESSAGE][PASSED] - All options with index in [1] are selected on object 'Object Repository/GRN/Page_KDMC - CMS/select_JanFebMarAprMayJunJulAu'

2018-05-11 10:23:58 - [TEST_STEP][PASSED] - click: Object: 'Object Repository/MOH AND GRN/Page_KDMC - CMS/a_12' is clicked on

2018-05-11 10:23:58 - [MESSAGE][PASSED] - Object: 'Object Repository/MOH AND GRN/Page_KDMC - CMS/a_12' is clicked on

2018-05-11 10:23:58 - [TEST_STEP][PASSED] - click: Object: 'Object Repository/MOH AND GRN/Page_KDMC - CMS/input_btnadd' is clicked on

2018-05-11 10:23:59 - [MESSAGE][PASSED] - Object: 'Object Repository/MOH AND GRN/Page_KDMC - CMS/input_btnadd' is clicked on

2018-05-11 10:23:59 - [TEST_STEP][PASSED] - Statement - If (s == 10): null

2018-05-11 10:23:59 - [TEST_STEP][PASSED] - Statement - Else: null

2018-05-11 10:23:59 - [TEST_STEP][PASSED] - Statement - (s++): null

2018-05-11 10:23:59 - [TEST_STEP][PASSED] - delay: Delayed 1 second(s)

2018-05-11 10:24:00 - [MESSAGE][PASSED] - Delayed 1 second(s)

2018-05-11 10:24:00 - [TEST_STEP][PASSED] - selectOptionByIndex: All options with index in [42] are selected on object 'Object Repository/MOH AND GRN/Page_KDMC - CMS/select_--Select--Amikacin -500'

2018-05-11 10:24:00 - [MESSAGE][PASSED] - All options with index in [42] are selected on object 'Object Repository/MOH AND GRN/Page_KDMC - CMS/select_--Select--Amikacin -500'

2018-05-11 10:24:00 - [TEST_STEP][PASSED] - setText: Text '5000' is set on object 'Object Repository/MOH AND GRN/Page_KDMC - CMS/input_txtqty'

2018-05-11 10:24:00 - [MESSAGE][PASSED] - Text '5000' is set on object 'Object Repository/MOH AND GRN/Page_KDMC - CMS/input_txtqty'

2018-05-11 10:24:00 - [TEST_STEP][PASSED] - selectOptionByIndex: All options with index in [1] are selected on object 'Object Repository/MOH AND GRN/Page_KDMC - CMS/select_--Select--No Tax0'

2018-05-11 10:24:00 - [MESSAGE][PASSED] - All options with index in [1] are selected on object 'Object Repository/MOH AND GRN/Page_KDMC - CMS/select_--Select--No Tax0'

2018-05-11 10:24:00 - [TEST_STEP][PASSED] - setText: Finding Test Object with id 'Object Repository/MOH AND GRN/Page_KDMC - CMS/input_txtmrp'

2018-05-11 10:24:00 - [TEST_STEP][PASSED] - Statement - switch (id): Finding Test Object with id 'Object Repository/MOH AND GRN/Page_KDMC - CMS/input_txtdeal'

2018-05-11 10:24:00 - [TEST_STEP][PASSED] - Statement - case 4:: Text '38.0' is set on object 'Object Repository/MOH AND GRN/Page_KDMC - CMS/input_txtmrp'

2018-05-11 10:24:00 - [TEST_STEP][PASSED] - Statement - return (java.lang.Math.floor((java.lang.Math.random() * ((max - min) + 1))) + min): Text '38.0' is set on object 'Object Repository/MOH AND GRN/Page_KDMC - CMS/input_txtmrp'

2018-05-11 10:24:00 - [MESSAGE][PASSED] - Text '38.0' is set on object 'Object Repository/MOH AND GRN/Page_KDMC - CMS/input_txtmrp'

2018-05-11 10:24:00 - [TEST_STEP][PASSED] - setText: Finding Test Object with id 'Object Repository/MOH AND GRN/Page_KDMC - CMS/input_txtdeal'

2018-05-11 10:24:00 - [TEST_STEP][PASSED] - Statement - switch (id): Finding Test Object with id 'Object Repository/MOH AND GRN/Page_KDMC - CMS/input_txtbatchno'

2018-05-11 10:24:00 - [TEST_STEP][PASSED] - Statement - case 5:: Text '7.0' is set on object 'Object Repository/MOH AND GRN/Page_KDMC - CMS/input_txtdeal'

2018-05-11 10:24:00 - [TEST_STEP][PASSED] - Statement - return (java.lang.Math.floor((java.lang.Math.random() * ((max - min) + 1))) + min): Text '7.0' is set on object 'Object Repository/MOH AND GRN/Page_KDMC - CMS/input_txtdeal'

2018-05-11 10:24:01 - [MESSAGE][PASSED] - Text '7.0' is set on object 'Object Repository/MOH AND GRN/Page_KDMC - CMS/input_txtdeal'

2018-05-11 10:24:01 - [TEST_STEP][PASSED] - setText: Finding Test Object with id 'Object Repository/MOH AND GRN/Page_KDMC - CMS/input_txtbatchno'

2018-05-11 10:24:01 - [TEST_STEP][PASSED] - Statement - switch (id): Finding Test Object with id 'Object Repository/MOH AND GRN/Page_KDMC - CMS/input_txtmrp'

2018-05-11 10:24:01 - [TEST_STEP][PASSED] - Statement - case 1:: Text 'BA369.0' is set on object 'Object Repository/MOH AND GRN/Page_KDMC - CMS/input_txtbatchno'

2018-05-11 10:24:01 - [TEST_STEP][PASSED] - Statement - return (java.lang.Math.floor((java.lang.Math.random() * ((max - min) + 1))) + min): Text 'BA369.0' is set on object 'Object Repository/MOH AND GRN/Page_KDMC - CMS/input_txtbatchno'

2018-05-11 10:24:01 - [MESSAGE][PASSED] - Text 'BA369.0' is set on object 'Object Repository/MOH AND GRN/Page_KDMC - CMS/input_txtbatchno'

2018-05-11 10:24:01 - [TEST_STEP][PASSED] - rightClick: Object: 'Object Repository/GRN/Page_KDMC - CMS/input_txtexpdate' is right clicked on

2018-05-11 10:24:01 - [MESSAGE][PASSED] - Object: 'Object Repository/GRN/Page_KDMC - CMS/input_txtexpdate' is right clicked on

2018-05-11 10:24:01 - [TEST_STEP][PASSED] - selectOptionByIndex: All options with index in [2] are selected on object 'Object Repository/GRN/Page_KDMC - CMS/select_20182019202020212022202'

2018-05-11 10:24:01 - [MESSAGE][PASSED] - All options with index in [2] are selected on object 'Object Repository/GRN/Page_KDMC - CMS/select_20182019202020212022202'

2018-05-11 10:24:01 - [TEST_STEP][PASSED] - selectOptionByIndex: All options with index in [2] are selected on object 'Object Repository/GRN/Page_KDMC - CMS/select_JanFebMarAprMayJunJulAu'

2018-05-11 10:24:01 - [MESSAGE][PASSED] - All options with index in [2] are selected on object 'Object Repository/GRN/Page_KDMC - CMS/select_JanFebMarAprMayJunJulAu'

2018-05-11 10:24:01 - [TEST_STEP][PASSED] - click: Object: 'Object Repository/MOH AND GRN/Page_KDMC - CMS/a_12' is clicked on

2018-05-11 10:24:01 - [MESSAGE][PASSED] - Object: 'Object Repository/MOH AND GRN/Page_KDMC - CMS/a_12' is clicked on

2018-05-11 10:24:01 - [TEST_STEP][PASSED] - click: Object: 'Object Repository/MOH AND GRN/Page_KDMC - CMS/input_btnadd' is clicked on

2018-05-11 10:24:01 - [MESSAGE][PASSED] - Object: 'Object Repository/MOH AND GRN/Page_KDMC - CMS/input_btnadd' is clicked on

2018-05-11 10:24:01 - [TEST_STEP][PASSED] - Statement - If (s == 10): null

2018-05-11 10:24:01 - [TEST_STEP][PASSED] - Statement - Else: null

2018-05-11 10:24:01 - [TEST_STEP][PASSED] - Statement - (s++): null

2018-05-11 10:24:01 - [TEST_STEP][PASSED] - delay: Delayed 1 second(s)

2018-05-11 10:24:02 - [MESSAGE][PASSED] - Delayed 1 second(s)

2018-05-11 10:24:02 - [TEST_STEP][PASSED] - selectOptionByIndex: All options with index in [43] are selected on object 'Object Repository/MOH AND GRN/Page_KDMC - CMS/select_--Select--Amikacin -500'

2018-05-11 10:24:03 - [MESSAGE][PASSED] - All options with index in [43] are selected on object 'Object Repository/MOH AND GRN/Page_KDMC - CMS/select_--Select--Amikacin -500'

2018-05-11 10:24:03 - [TEST_STEP][PASSED] - setText: Text '5000' is set on object 'Object Repository/MOH AND GRN/Page_KDMC - CMS/input_txtqty'

2018-05-11 10:24:03 - [MESSAGE][PASSED] - Text '5000' is set on object 'Object Repository/MOH AND GRN/Page_KDMC - CMS/input_txtqty'

2018-05-11 10:24:03 - [TEST_STEP][PASSED] - selectOptionByIndex: All options with index in [1] are selected on object 'Object Repository/MOH AND GRN/Page_KDMC - CMS/select_--Select--No Tax0'

2018-05-11 10:24:03 - [MESSAGE][PASSED] - All options with index in [1] are selected on object 'Object Repository/MOH AND GRN/Page_KDMC - CMS/select_--Select--No Tax0'

2018-05-11 10:24:03 - [TEST_STEP][PASSED] - setText: Finding Test Object with id 'Object Repository/MOH AND GRN/Page_KDMC - CMS/input_txtmrp'

2018-05-11 10:24:03 - [TEST_STEP][PASSED] - Statement - switch (id): Finding Test Object with id 'Object Repository/MOH AND GRN/Page_KDMC - CMS/input_txtdeal'

2018-05-11 10:24:03 - [TEST_STEP][PASSED] - Statement - case 4:: Text '42.0' is set on object 'Object Repository/MOH AND GRN/Page_KDMC - CMS/input_txtmrp'

2018-05-11 10:24:03 - [TEST_STEP][PASSED] - Statement - return (java.lang.Math.floor((java.lang.Math.random() * ((max - min) + 1))) + min): Text '42.0' is set on object 'Object Repository/MOH AND GRN/Page_KDMC - CMS/input_txtmrp'

2018-05-11 10:24:03 - [MESSAGE][PASSED] - Text '42.0' is set on object 'Object Repository/MOH AND GRN/Page_KDMC - CMS/input_txtmrp'

2018-05-11 10:24:03 - [TEST_STEP][PASSED] - setText: Finding Test Object with id 'Object Repository/MOH AND GRN/Page_KDMC - CMS/input_txtdeal'

2018-05-11 10:24:03 - [TEST_STEP][PASSED] - Statement - switch (id): Finding Test Object with id 'Object Repository/MOH AND GRN/Page_KDMC - CMS/input_txtbatchno'

2018-05-11 10:24:03 - [TEST_STEP][PASSED] - Statement - case 5:: Text '9.0' is set on object 'Object Repository/MOH AND GRN/Page_KDMC - CMS/input_txtdeal'

2018-05-11 10:24:03 - [TEST_STEP][PASSED] - Statement - return (java.lang.Math.floor((java.lang.Math.random() * ((max - min) + 1))) + min): Text '9.0' is set on object 'Object Repository/MOH AND GRN/Page_KDMC - CMS/input_txtdeal'

2018-05-11 10:24:03 - [MESSAGE][PASSED] - Text '9.0' is set on object 'Object Repository/MOH AND GRN/Page_KDMC - CMS/input_txtdeal'

2018-05-11 10:24:03 - [TEST_STEP][PASSED] - setText: Finding Test Object with id 'Object Repository/MOH AND GRN/Page_KDMC - CMS/input_txtbatchno'

2018-05-11 10:24:03 - [TEST_STEP][PASSED] - Statement - switch (id): Finding Test Object with id 'Object Repository/MOH AND GRN/Page_KDMC - CMS/input_txtmrp'

2018-05-11 10:24:03 - [TEST_STEP][PASSED] - Statement - case 1:: Text 'BA643.0' is set on object 'Object Repository/MOH AND GRN/Page_KDMC - CMS/input_txtbatchno'

2018-05-11 10:24:03 - [TEST_STEP][PASSED] - Statement - return (java.lang.Math.floor((java.lang.Math.random() * ((max - min) + 1))) + min): Text 'BA643.0' is set on object 'Object Repository/MOH AND GRN/Page_KDMC - CMS/input_txtbatchno'

2018-05-11 10:24:03 - [MESSAGE][PASSED] - Text 'BA643.0' is set on object 'Object Repository/MOH AND GRN/Page_KDMC - CMS/input_txtbatchno'

2018-05-11 10:24:03 - [TEST_STEP][PASSED] - rightClick: Object: 'Object Repository/GRN/Page_KDMC - CMS/input_txtexpdate' is right clicked on

2018-05-11 10:24:04 - [MESSAGE][PASSED] - Object: 'Object Repository/GRN/Page_KDMC - CMS/input_txtexpdate' is right clicked on

2018-05-11 10:24:04 - [TEST_STEP][PASSED] - selectOptionByIndex: All options with index in [3] are selected on object 'Object Repository/GRN/Page_KDMC - CMS/select_20182019202020212022202'

2018-05-11 10:24:04 - [MESSAGE][PASSED] - All options with index in [3] are selected on object 'Object Repository/GRN/Page_KDMC - CMS/select_20182019202020212022202'

2018-05-11 10:24:04 - [TEST_STEP][PASSED] - selectOptionByIndex: All options with index in [3] are selected on object 'Object Repository/GRN/Page_KDMC - CMS/select_JanFebMarAprMayJunJulAu'

2018-05-11 10:24:04 - [MESSAGE][PASSED] - All options with index in [3] are selected on object 'Object Repository/GRN/Page_KDMC - CMS/select_JanFebMarAprMayJunJulAu'

2018-05-11 10:24:04 - [TEST_STEP][PASSED] - click: Object: 'Object Repository/MOH AND GRN/Page_KDMC - CMS/a_12' is clicked on

2018-05-11 10:24:04 - [MESSAGE][PASSED] - Object: 'Object Repository/MOH AND GRN/Page_KDMC - CMS/a_12' is clicked on

2018-05-11 10:24:04 - [TEST_STEP][PASSED] - click: Object: 'Object Repository/MOH AND GRN/Page_KDMC - CMS/input_btnadd' is clicked on

2018-05-11 10:24:04 - [MESSAGE][PASSED] - Object: 'Object Repository/MOH AND GRN/Page_KDMC - CMS/input_btnadd' is clicked on

2018-05-11 10:24:04 - [TEST_STEP][PASSED] - Statement - If (s == 10): null

2018-05-11 10:24:04 - [TEST_STEP][PASSED] - Statement - Else: null

2018-05-11 10:24:04 - [TEST_STEP][PASSED] - Statement - (s++): null

2018-05-11 10:24:04 - [TEST_STEP][PASSED] - delay: Delayed 1 second(s)

2018-05-11 10:24:05 - [MESSAGE][PASSED] - Delayed 1 second(s)

2018-05-11 10:24:05 - [TEST_STEP][PASSED] - selectOptionByIndex: All options with index in [44] are selected on object 'Object Repository/MOH AND GRN/Page_KDMC - CMS/select_--Select--Amikacin -500'

2018-05-11 10:24:06 - [MESSAGE][PASSED] - All options with index in [44] are selected on object 'Object Repository/MOH AND GRN/Page_KDMC - CMS/select_--Select--Amikacin -500'

2018-05-11 10:24:06 - [TEST_STEP][PASSED] - setText: Text '5000' is set on object 'Object Repository/MOH AND GRN/Page_KDMC - CMS/input_txtqty'

2018-05-11 10:24:06 - [MESSAGE][PASSED] - Text '5000' is set on object 'Object Repository/MOH AND GRN/Page_KDMC - CMS/input_txtqty'

2018-05-11 10:24:06 - [TEST_STEP][PASSED] - selectOptionByIndex: All options with index in [1] are selected on object 'Object Repository/MOH AND GRN/Page_KDMC - CMS/select_--Select--No Tax0'

2018-05-11 10:24:06 - [MESSAGE][PASSED] - All options with index in [1] are selected on object 'Object Repository/MOH AND GRN/Page_KDMC - CMS/select_--Select--No Tax0'

2018-05-11 10:24:06 - [TEST_STEP][PASSED] - setText: Finding Test Object with id 'Object Repository/MOH AND GRN/Page_KDMC - CMS/input_txtmrp'

2018-05-11 10:24:06 - [TEST_STEP][PASSED] - Statement - switch (id): Finding Test Object with id 'Object Repository/MOH AND GRN/Page_KDMC - CMS/input_txtdeal'

2018-05-11 10:24:06 - [TEST_STEP][PASSED] - Statement - case 4:: Text '45.0' is set on object 'Object Repository/MOH AND GRN/Page_KDMC - CMS/input_txtmrp'

2018-05-11 10:24:06 - [TEST_STEP][PASSED] - Statement - return (java.lang.Math.floor((java.lang.Math.random() * ((max - min) + 1))) + min): Text '45.0' is set on object 'Object Repository/MOH AND GRN/Page_KDMC - CMS/input_txtmrp'

2018-05-11 10:24:06 - [MESSAGE][PASSED] - Text '45.0' is set on object 'Object Repository/MOH AND GRN/Page_KDMC - CMS/input_txtmrp'

2018-05-11 10:24:06 - [TEST_STEP][PASSED] - setText: Finding Test Object with id 'Object Repository/MOH AND GRN/Page_KDMC - CMS/input_txtdeal'

2018-05-11 10:24:06 - [TEST_STEP][PASSED] - Statement - switch (id): Finding Test Object with id 'Object Repository/MOH AND GRN/Page_KDMC - CMS/input_txtbatchno'

2018-05-11 10:24:06 - [TEST_STEP][PASSED] - Statement - case 5:: Text '8.0' is set on object 'Object Repository/MOH AND GRN/Page_KDMC - CMS/input_txtdeal'

2018-05-11 10:24:06 - [TEST_STEP][PASSED] - Statement - return (java.lang.Math.floor((java.lang.Math.random() * ((max - min) + 1))) + min): Text '8.0' is set on object 'Object Repository/MOH AND GRN/Page_KDMC - CMS/input_txtdeal'

2018-05-11 10:24:06 - [MESSAGE][PASSED] - Text '8.0' is set on object 'Object Repository/MOH AND GRN/Page_KDMC - CMS/input_txtdeal'

2018-05-11 10:24:06 - [TEST_STEP][PASSED] - setText: Finding Test Object with id 'Object Repository/MOH AND GRN/Page_KDMC - CMS/input_txtbatchno'

2018-05-11 10:24:06 - [TEST_STEP][PASSED] - Statement - switch (id): Finding Test Object with id 'Object Repository/MOH AND GRN/Page_KDMC - CMS/input_txtmrp'

2018-05-11 10:24:06 - [TEST_STEP][PASSED] - Statement - case 1:: Text 'BA651.0' is set on object 'Object Repository/MOH AND GRN/Page_KDMC - CMS/input_txtbatchno'

2018-05-11 10:24:06 - [TEST_STEP][PASSED] - Statement - return (java.lang.Math.floor((java.lang.Math.random() * ((max - min) + 1))) + min): Text 'BA651.0' is set on object 'Object Repository/MOH AND GRN/Page_KDMC - CMS/input_txtbatchno'

2018-05-11 10:24:06 - [MESSAGE][PASSED] - Text 'BA651.0' is set on object 'Object Repository/MOH AND GRN/Page_KDMC - CMS/input_txtbatchno'

2018-05-11 10:24:06 - [TEST_STEP][PASSED] - rightClick: Object: 'Object Repository/GRN/Page_KDMC - CMS/input_txtexpdate' is right clicked on

2018-05-11 10:24:06 - [MESSAGE][PASSED] - Object: 'Object Repository/GRN/Page_KDMC - CMS/input_txtexpdate' is right clicked on

2018-05-11 10:24:06 - [TEST_STEP][PASSED] - selectOptionByIndex: All options with index in [4] are selected on object 'Object Repository/GRN/Page_KDMC - CMS/select_20182019202020212022202'

2018-05-11 10:24:07 - [MESSAGE][PASSED] - All options with index in [4] are selected on object 'Object Repository/GRN/Page_KDMC - CMS/select_20182019202020212022202'

2018-05-11 10:24:07 - [TEST_STEP][PASSED] - selectOptionByIndex: All options with index in [4] are selected on object 'Object Repository/GRN/Page_KDMC - CMS/select_JanFebMarAprMayJunJulAu'

2018-05-11 10:24:07 - [MESSAGE][PASSED] - All options with index in [4] are selected on object 'Object Repository/GRN/Page_KDMC - CMS/select_JanFebMarAprMayJunJulAu'

2018-05-11 10:24:07 - [TEST_STEP][PASSED] - click: Object: 'Object Repository/MOH AND GRN/Page_KDMC - CMS/a_12' is clicked on

2018-05-11 10:24:07 - [MESSAGE][PASSED] - Object: 'Object Repository/MOH AND GRN/Page_KDMC - CMS/a_12' is clicked on

2018-05-11 10:24:07 - [TEST_STEP][PASSED] - click: Object: 'Object Repository/MOH AND GRN/Page_KDMC - CMS/input_btnadd' is clicked on

2018-05-11 10:24:07 - [MESSAGE][PASSED] - Object: 'Object Repository/MOH AND GRN/Page_KDMC - CMS/input_btnadd' is clicked on

2018-05-11 10:24:07 - [TEST_STEP][PASSED] - Statement - If (s == 10): null

2018-05-11 10:24:07 - [TEST_STEP][PASSED] - Statement - Else: null

2018-05-11 10:24:07 - [TEST_STEP][PASSED] - Statement - (s++): null

2018-05-11 10:24:07 - [TEST_STEP][PASSED] - delay: Delayed 1 second(s)

2018-05-11 10:24:08 - [MESSAGE][PASSED] - Delayed 1 second(s)

2018-05-11 10:24:08 - [TEST_STEP][PASSED] - selectOptionByIndex: All options with index in [45] are selected on object 'Object Repository/MOH AND GRN/Page_KDMC - CMS/select_--Select--Amikacin -500'

2018-05-11 10:24:08 - [MESSAGE][PASSED] - All options with index in [45] are selected on object 'Object Repository/MOH AND GRN/Page_KDMC - CMS/select_--Select--Amikacin -500'

2018-05-11 10:24:08 - [TEST_STEP][PASSED] - setText: Text '5000' is set on object 'Object Repository/MOH AND GRN/Page_KDMC - CMS/input_txtqty'

2018-05-11 10:24:09 - [MESSAGE][PASSED] - Text '5000' is set on object 'Object Repository/MOH AND GRN/Page_KDMC - CMS/input_txtqty'

2018-05-11 10:24:09 - [TEST_STEP][PASSED] - selectOptionByIndex: All options with index in [1] are selected on object 'Object Repository/MOH AND GRN/Page_KDMC - CMS/select_--Select--No Tax0'

2018-05-11 10:24:09 - [MESSAGE][PASSED] - All options with index in [1] are selected on object 'Object Repository/MOH AND GRN/Page_KDMC - CMS/select_--Select--No Tax0'

2018-05-11 10:24:09 - [TEST_STEP][PASSED] - setText: Finding Test Object with id 'Object Repository/MOH AND GRN/Page_KDMC - CMS/input_txtmrp'

2018-05-11 10:24:09 - [TEST_STEP][PASSED] - Statement - switch (id): Finding Test Object with id 'Object Repository/MOH AND GRN/Page_KDMC - CMS/input_txtdeal'

2018-05-11 10:24:09 - [TEST_STEP][PASSED] - Statement - case 4:: Text '17.0' is set on object 'Object Repository/MOH AND GRN/Page_KDMC - CMS/input_txtmrp'

2018-05-11 10:24:09 - [TEST_STEP][PASSED] - Statement - return (java.lang.Math.floor((java.lang.Math.random() * ((max - min) + 1))) + min): Text '17.0' is set on object 'Object Repository/MOH AND GRN/Page_KDMC - CMS/input_txtmrp'

2018-05-11 10:24:09 - [MESSAGE][PASSED] - Text '17.0' is set on object 'Object Repository/MOH AND GRN/Page_KDMC - CMS/input_txtmrp'

2018-05-11 10:24:09 - [TEST_STEP][PASSED] - setText: Finding Test Object with id 'Object Repository/MOH AND GRN/Page_KDMC - CMS/input_txtdeal'

2018-05-11 10:24:09 - [TEST_STEP][PASSED] - Statement - switch (id): Finding Test Object with id 'Object Repository/MOH AND GRN/Page_KDMC - CMS/input_txtbatchno'

2018-05-11 10:24:09 - [TEST_STEP][PASSED] - Statement - case 5:: Text '1.0' is set on object 'Object Repository/MOH AND GRN/Page_KDMC - CMS/input_txtdeal'

2018-05-11 10:24:09 - [TEST_STEP][PASSED] - Statement - return (java.lang.Math.floor((java.lang.Math.random() * ((max - min) + 1))) + min): Text '1.0' is set on object 'Object Repository/MOH AND GRN/Page_KDMC - CMS/input_txtdeal'

2018-05-11 10:24:09 - [MESSAGE][PASSED] - Text '1.0' is set on object 'Object Repository/MOH AND GRN/Page_KDMC - CMS/input_txtdeal'

2018-05-11 10:24:09 - [TEST_STEP][PASSED] - setText: Finding Test Object with id 'Object Repository/MOH AND GRN/Page_KDMC - CMS/input_txtbatchno'

2018-05-11 10:24:09 - [TEST_STEP][PASSED] - Statement - switch (id): Finding Test Object with id 'Object Repository/MOH AND GRN/Page_KDMC - CMS/input_txtmrp'

2018-05-11 10:24:09 - [TEST_STEP][PASSED] - Statement - case 1:: Text 'BA304.0' is set on object 'Object Repository/MOH AND GRN/Page_KDMC - CMS/input_txtbatchno'

2018-05-11 10:24:09 - [TEST_STEP][PASSED] - Statement - return (java.lang.Math.floor((java.lang.Math.random() * ((max - min) + 1))) + min): Text 'BA304.0' is set on object 'Object Repository/MOH AND GRN/Page_KDMC - CMS/input_txtbatchno'

2018-05-11 10:24:09 - [MESSAGE][PASSED] - Text 'BA304.0' is set on object 'Object Repository/MOH AND GRN/Page_KDMC - CMS/input_txtbatchno'

2018-05-11 10:24:09 - [TEST_STEP][PASSED] - rightClick: Object: 'Object Repository/GRN/Page_KDMC - CMS/input_txtexpdate' is right clicked on

2018-05-11 10:24:09 - [MESSAGE][PASSED] - Object: 'Object Repository/GRN/Page_KDMC - CMS/input_txtexpdate' is right clicked on

2018-05-11 10:24:09 - [TEST_STEP][PASSED] - selectOptionByIndex: All options with index in [5] are selected on object 'Object Repository/GRN/Page_KDMC - CMS/select_20182019202020212022202'

2018-05-11 10:24:09 - [MESSAGE][PASSED] - All options with index in [5] are selected on object 'Object Repository/GRN/Page_KDMC - CMS/select_20182019202020212022202'

2018-05-11 10:24:09 - [TEST_STEP][PASSED] - selectOptionByIndex: All options with index in [5] are selected on object 'Object Repository/GRN/Page_KDMC - CMS/select_JanFebMarAprMayJunJulAu'

2018-05-11 10:24:10 - [MESSAGE][PASSED] - All options with index in [5] are selected on object 'Object Repository/GRN/Page_KDMC - CMS/select_JanFebMarAprMayJunJulAu'

2018-05-11 10:24:10 - [TEST_STEP][PASSED] - click: Object: 'Object Repository/MOH AND GRN/Page_KDMC - CMS/a_12' is clicked on

2018-05-11 10:24:10 - [MESSAGE][PASSED] - Object: 'Object Repository/MOH AND GRN/Page_KDMC - CMS/a_12' is clicked on

2018-05-11 10:24:10 - [TEST_STEP][PASSED] - click: Object: 'Object Repository/MOH AND GRN/Page_KDMC - CMS/input_btnadd' is clicked on

2018-05-11 10:24:10 - [MESSAGE][PASSED] - Object: 'Object Repository/MOH AND GRN/Page_KDMC - CMS/input_btnadd' is clicked on

2018-05-11 10:24:10 - [TEST_STEP][PASSED] - Statement - If (s == 10): null

2018-05-11 10:24:10 - [TEST_STEP][PASSED] - Statement - Else: null

2018-05-11 10:24:10 - [TEST_STEP][PASSED] - Statement - (s++): null

2018-05-11 10:24:10 - [TEST_STEP][PASSED] - delay: Delayed 1 second(s)

2018-05-11 10:24:11 - [MESSAGE][PASSED] - Delayed 1 second(s)

2018-05-11 10:24:11 - [TEST_STEP][PASSED] - selectOptionByIndex: All options with index in [46] are selected on object 'Object Repository/MOH AND GRN/Page_KDMC - CMS/select_--Select--Amikacin -500'

2018-05-11 10:24:11 - [MESSAGE][PASSED] - All options with index in [46] are selected on object 'Object Repository/MOH AND GRN/Page_KDMC - CMS/select_--Select--Amikacin -500'

2018-05-11 10:24:11 - [TEST_STEP][PASSED] - setText: Text '5000' is set on object 'Object Repository/MOH AND GRN/Page_KDMC - CMS/input_txtqty'

2018-05-11 10:24:11 - [MESSAGE][PASSED] - Text '5000' is set on object 'Object Repository/MOH AND GRN/Page_KDMC - CMS/input_txtqty'

2018-05-11 10:24:11 - [TEST_STEP][PASSED] - selectOptionByIndex: All options with index in [1] are selected on object 'Object Repository/MOH AND GRN/Page_KDMC - CMS/select_--Select--No Tax0'

2018-05-11 10:24:12 - [MESSAGE][PASSED] - All options with index in [1] are selected on object 'Object Repository/MOH AND GRN/Page_KDMC - CMS/select_--Select--No Tax0'

2018-05-11 10:24:12 - [TEST_STEP][PASSED] - setText: Finding Test Object with id 'Object Repository/MOH AND GRN/Page_KDMC - CMS/input_txtmrp'

2018-05-11 10:24:12 - [TEST_STEP][PASSED] - Statement - switch (id): Finding Test Object with id 'Object Repository/MOH AND GRN/Page_KDMC - CMS/input_txtdeal'

2018-05-11 10:24:12 - [TEST_STEP][PASSED] - Statement - case 4:: Text '16.0' is set on object 'Object Repository/MOH AND GRN/Page_KDMC - CMS/input_txtmrp'

2018-05-11 10:24:12 - [TEST_STEP][PASSED] - Statement - return (java.lang.Math.floor((java.lang.Math.random() * ((max - min) + 1))) + min): Text '16.0' is set on object 'Object Repository/MOH AND GRN/Page_KDMC - CMS/input_txtmrp'

2018-05-11 10:24:12 - [MESSAGE][PASSED] - Text '16.0' is set on object 'Object Repository/MOH AND GRN/Page_KDMC - CMS/input_txtmrp'

2018-05-11 10:24:12 - [TEST_STEP][PASSED] - setText: Finding Test Object with id 'Object Repository/MOH AND GRN/Page_KDMC - CMS/input_txtdeal'

2018-05-11 10:24:12 - [TEST_STEP][PASSED] - Statement - switch (id): Finding Test Object with id 'Object Repository/MOH AND GRN/Page_KDMC - CMS/input_txtbatchno'

2018-05-11 10:24:12 - [TEST_STEP][PASSED] - Statement - case 5:: Text '4.0' is set on object 'Object Repository/MOH AND GRN/Page_KDMC - CMS/input_txtdeal'

2018-05-11 10:24:12 - [TEST_STEP][PASSED] - Statement - return (java.lang.Math.floor((java.lang.Math.random() * ((max - min) + 1))) + min): Text '4.0' is set on object 'Object Repository/MOH AND GRN/Page_KDMC - CMS/input_txtdeal'

2018-05-11 10:24:12 - [MESSAGE][PASSED] - Text '4.0' is set on object 'Object Repository/MOH AND GRN/Page_KDMC - CMS/input_txtdeal'

2018-05-11 10:24:12 - [TEST_STEP][PASSED] - setText: Finding Test Object with id 'Object Repository/MOH AND GRN/Page_KDMC - CMS/input_txtbatchno'

2018-05-11 10:24:12 - [TEST_STEP][PASSED] - Statement - switch (id): Finding Test Object with id 'Object Repository/MOH AND GRN/Page_KDMC - CMS/input_txtmrp'

2018-05-11 10:24:12 - [TEST_STEP][PASSED] - Statement - case 1:: Text 'BA83.0' is set on object 'Object Repository/MOH AND GRN/Page_KDMC - CMS/input_txtbatchno'

2018-05-11 10:24:12 - [TEST_STEP][PASSED] - Statement - return (java.lang.Math.floor((java.lang.Math.random() * ((max - min) + 1))) + min): Text 'BA83.0' is set on object 'Object Repository/MOH AND GRN/Page_KDMC - CMS/input_txtbatchno'

2018-05-11 10:24:12 - [MESSAGE][PASSED] - Text 'BA83.0' is set on object 'Object Repository/MOH AND GRN/Page_KDMC - CMS/input_txtbatchno'

2018-05-11 10:24:12 - [TEST_STEP][PASSED] - rightClick: Object: 'Object Repository/GRN/Page_KDMC - CMS/input_txtexpdate' is right clicked on

2018-05-11 10:24:12 - [MESSAGE][PASSED] - Object: 'Object Repository/GRN/Page_KDMC - CMS/input_txtexpdate' is right clicked on

2018-05-11 10:24:12 - [TEST_STEP][PASSED] - selectOptionByIndex: All options with index in [6] are selected on object 'Object Repository/GRN/Page_KDMC - CMS/select_20182019202020212022202'

2018-05-11 10:24:12 - [MESSAGE][PASSED] - All options with index in [6] are selected on object 'Object Repository/GRN/Page_KDMC - CMS/select_20182019202020212022202'

2018-05-11 10:24:12 - [TEST_STEP][PASSED] - selectOptionByIndex: All options with index in [6] are selected on object 'Object Repository/GRN/Page_KDMC - CMS/select_JanFebMarAprMayJunJulAu'

2018-05-11 10:24:12 - [MESSAGE][PASSED] - All options with index in [6] are selected on object 'Object Repository/GRN/Page_KDMC - CMS/select_JanFebMarAprMayJunJulAu'

2018-05-11 10:24:12 - [TEST_STEP][PASSED] - click: Object: 'Object Repository/MOH AND GRN/Page_KDMC - CMS/a_12' is clicked on

2018-05-11 10:24:12 - [MESSAGE][PASSED] - Object: 'Object Repository/MOH AND GRN/Page_KDMC - CMS/a_12' is clicked on

2018-05-11 10:24:12 - [TEST_STEP][PASSED] - click: Object: 'Object Repository/MOH AND GRN/Page_KDMC - CMS/input_btnadd' is clicked on

2018-05-11 10:24:13 - [MESSAGE][PASSED] - Object: 'Object Repository/MOH AND GRN/Page_KDMC - CMS/input_btnadd' is clicked on

2018-05-11 10:24:13 - [TEST_STEP][PASSED] - Statement - If (s == 10): null

2018-05-11 10:24:13 - [TEST_STEP][PASSED] - Statement - Else: null

2018-05-11 10:24:13 - [TEST_STEP][PASSED] - Statement - (s++): null

2018-05-11 10:24:13 - [TEST_STEP][PASSED] - delay: Delayed 1 second(s)

2018-05-11 10:24:14 - [MESSAGE][PASSED] - Delayed 1 second(s)

2018-05-11 10:24:14 - [TEST_STEP][PASSED] - selectOptionByIndex: All options with index in [47] are selected on object 'Object Repository/MOH AND GRN/Page_KDMC - CMS/select_--Select--Amikacin -500'

2018-05-11 10:24:14 - [MESSAGE][PASSED] - All options with index in [47] are selected on object 'Object Repository/MOH AND GRN/Page_KDMC - CMS/select_--Select--Amikacin -500'

2018-05-11 10:24:14 - [TEST_STEP][PASSED] - setText: Text '5000' is set on object 'Object Repository/MOH AND GRN/Page_KDMC - CMS/input_txtqty'

2018-05-11 10:24:14 - [MESSAGE][PASSED] - Text '5000' is set on object 'Object Repository/MOH AND GRN/Page_KDMC - CMS/input_txtqty'

2018-05-11 10:24:14 - [TEST_STEP][PASSED] - selectOptionByIndex: All options with index in [1] are selected on object 'Object Repository/MOH AND GRN/Page_KDMC - CMS/select_--Select--No Tax0'

2018-05-11 10:24:14 - [MESSAGE][PASSED] - All options with index in [1] are selected on object 'Object Repository/MOH AND GRN/Page_KDMC - CMS/select_--Select--No Tax0'

2018-05-11 10:24:14 - [TEST_STEP][PASSED] - setText: Finding Test Object with id 'Object Repository/MOH AND GRN/Page_KDMC - CMS/input_txtmrp'

2018-05-11 10:24:14 - [TEST_STEP][PASSED] - Statement - switch (id): Finding Test Object with id 'Object Repository/MOH AND GRN/Page_KDMC - CMS/input_txtdeal'

2018-05-11 10:24:14 - [TEST_STEP][PASSED] - Statement - case 4:: Text '42.0' is set on object 'Object Repository/MOH AND GRN/Page_KDMC - CMS/input_txtmrp'

2018-05-11 10:24:14 - [TEST_STEP][PASSED] - Statement - return (java.lang.Math.floor((java.lang.Math.random() * ((max - min) + 1))) + min): Text '42.0' is set on object 'Object Repository/MOH AND GRN/Page_KDMC - CMS/input_txtmrp'

2018-05-11 10:24:15 - [MESSAGE][PASSED] - Text '42.0' is set on object 'Object Repository/MOH AND GRN/Page_KDMC - CMS/input_txtmrp'

2018-05-11 10:24:15 - [TEST_STEP][PASSED] - setText: Finding Test Object with id 'Object Repository/MOH AND GRN/Page_KDMC - CMS/input_txtdeal'

2018-05-11 10:24:15 - [TEST_STEP][PASSED] - Statement - switch (id): Finding Test Object with id 'Object Repository/MOH AND GRN/Page_KDMC - CMS/input_txtbatchno'

2018-05-11 10:24:15 - [TEST_STEP][PASSED] - Statement - case 5:: Text '2.0' is set on object 'Object Repository/MOH AND GRN/Page_KDMC - CMS/input_txtdeal'

2018-05-11 10:24:15 - [TEST_STEP][PASSED] - Statement - return (java.lang.Math.floor((java.lang.Math.random() * ((max - min) + 1))) + min): Text '2.0' is set on object 'Object Repository/MOH AND GRN/Page_KDMC - CMS/input_txtdeal'

2018-05-11 10:24:15 - [MESSAGE][PASSED] - Text '2.0' is set on object 'Object Repository/MOH AND GRN/Page_KDMC - CMS/input_txtdeal'

2018-05-11 10:24:15 - [TEST_STEP][PASSED] - setText: Finding Test Object with id 'Object Repository/MOH AND GRN/Page_KDMC - CMS/input_txtbatchno'

2018-05-11 10:24:15 - [TEST_STEP][PASSED] - Statement - switch (id): Finding Test Object with id 'Object Repository/MOH AND GRN/Page_KDMC - CMS/input_txtmrp'

2018-05-11 10:24:15 - [TEST_STEP][PASSED] - Statement - case 1:: Text 'BA771.0' is set on object 'Object Repository/MOH AND GRN/Page_KDMC - CMS/input_txtbatchno'

2018-05-11 10:24:15 - [TEST_STEP][PASSED] - Statement - return (java.lang.Math.floor((java.lang.Math.random() * ((max - min) + 1))) + min): Text 'BA771.0' is set on object 'Object Repository/MOH AND GRN/Page_KDMC - CMS/input_txtbatchno'

2018-05-11 10:24:15 - [MESSAGE][PASSED] - Text 'BA771.0' is set on object 'Object Repository/MOH AND GRN/Page_KDMC - CMS/input_txtbatchno'

2018-05-11 10:24:15 - [TEST_STEP][PASSED] - rightClick: Object: 'Object Repository/GRN/Page_KDMC - CMS/input_txtexpdate' is right clicked on

2018-05-11 10:24:15 - [MESSAGE][PASSED] - Object: 'Object Repository/GRN/Page_KDMC - CMS/input_txtexpdate' is right clicked on

2018-05-11 10:24:15 - [TEST_STEP][PASSED] - selectOptionByIndex: All options with index in [7] are selected on object 'Object Repository/GRN/Page_KDMC - CMS/select_20182019202020212022202'

2018-05-11 10:24:15 - [MESSAGE][PASSED] - All options with index in [7] are selected on object 'Object Repository/GRN/Page_KDMC - CMS/select_20182019202020212022202'

2018-05-11 10:24:15 - [TEST_STEP][PASSED] - selectOptionByIndex: All options with index in [7] are selected on object 'Object Repository/GRN/Page_KDMC - CMS/select_JanFebMarAprMayJunJulAu'

2018-05-11 10:24:15 - [MESSAGE][PASSED] - All options with index in [7] are selected on object 'Object Repository/GRN/Page_KDMC - CMS/select_JanFebMarAprMayJunJulAu'

2018-05-11 10:24:15 - [TEST_STEP][PASSED] - click: Object: 'Object Repository/MOH AND GRN/Page_KDMC - CMS/a_12' is clicked on

2018-05-11 10:24:15 - [MESSAGE][PASSED] - Object: 'Object Repository/MOH AND GRN/Page_KDMC - CMS/a_12' is clicked on

2018-05-11 10:24:15 - [TEST_STEP][PASSED] - click: Object: 'Object Repository/MOH AND GRN/Page_KDMC - CMS/input_btnadd' is clicked on

2018-05-11 10:24:15 - [MESSAGE][PASSED] - Object: 'Object Repository/MOH AND GRN/Page_KDMC - CMS/input_btnadd' is clicked on

2018-05-11 10:24:15 - [TEST_STEP][PASSED] - Statement - If (s == 10): null

2018-05-11 10:24:15 - [TEST_STEP][PASSED] - Statement - Else: null

2018-05-11 10:24:15 - [TEST_STEP][PASSED] - Statement - (s++): null

2018-05-11 10:24:15 - [TEST_STEP][PASSED] - delay: Delayed 1 second(s)

2018-05-11 10:24:16 - [MESSAGE][PASSED] - Delayed 1 second(s)

2018-05-11 10:24:16 - [TEST_STEP][PASSED] - selectOptionByIndex: All options with index in [48] are selected on object 'Object Repository/MOH AND GRN/Page_KDMC - CMS/select_--Select--Amikacin -500'

2018-05-11 10:24:17 - [MESSAGE][PASSED] - All options with index in [48] are selected on object 'Object Repository/MOH AND GRN/Page_KDMC - CMS/select_--Select--Amikacin -500'

2018-05-11 10:24:17 - [TEST_STEP][PASSED] - setText: Text '5000' is set on object 'Object Repository/MOH AND GRN/Page_KDMC - CMS/input_txtqty'

2018-05-11 10:24:17 - [MESSAGE][PASSED] - Text '5000' is set on object 'Object Repository/MOH AND GRN/Page_KDMC - CMS/input_txtqty'

2018-05-11 10:24:17 - [TEST_STEP][PASSED] - selectOptionByIndex: All options with index in [1] are selected on object 'Object Repository/MOH AND GRN/Page_KDMC - CMS/select_--Select--No Tax0'

2018-05-11 10:24:17 - [MESSAGE][PASSED] - All options with index in [1] are selected on object 'Object Repository/MOH AND GRN/Page_KDMC - CMS/select_--Select--No Tax0'

2018-05-11 10:24:17 - [TEST_STEP][PASSED] - setText: Finding Test Object with id 'Object Repository/MOH AND GRN/Page_KDMC - CMS/input_txtmrp'

2018-05-11 10:24:17 - [TEST_STEP][PASSED] - Statement - switch (id): Finding Test Object with id 'Object Repository/MOH AND GRN/Page_KDMC - CMS/input_txtdeal'

2018-05-11 10:24:17 - [TEST_STEP][PASSED] - Statement - case 4:: Text '37.0' is set on object 'Object Repository/MOH AND GRN/Page_KDMC - CMS/input_txtmrp'

2018-05-11 10:24:17 - [TEST_STEP][PASSED] - Statement - return (java.lang.Math.floor((java.lang.Math.random() * ((max - min) + 1))) + min): Text '37.0' is set on object 'Object Repository/MOH AND GRN/Page_KDMC - CMS/input_txtmrp'

2018-05-11 10:24:17 - [MESSAGE][PASSED] - Text '37.0' is set on object 'Object Repository/MOH AND GRN/Page_KDMC - CMS/input_txtmrp'

2018-05-11 10:24:17 - [TEST_STEP][PASSED] - setText: Finding Test Object with id 'Object Repository/MOH AND GRN/Page_KDMC - CMS/input_txtdeal'

2018-05-11 10:24:17 - [TEST_STEP][PASSED] - Statement - switch (id): Finding Test Object with id 'Object Repository/MOH AND GRN/Page_KDMC - CMS/input_txtbatchno'

2018-05-11 10:24:17 - [TEST_STEP][PASSED] - Statement - case 5:: Text '7.0' is set on object 'Object Repository/MOH AND GRN/Page_KDMC - CMS/input_txtdeal'

2018-05-11 10:24:17 - [TEST_STEP][PASSED] - Statement - return (java.lang.Math.floor((java.lang.Math.random() * ((max - min) + 1))) + min): Text '7.0' is set on object 'Object Repository/MOH AND GRN/Page_KDMC - CMS/input_txtdeal'

2018-05-11 10:24:17 - [MESSAGE][PASSED] - Text '7.0' is set on object 'Object Repository/MOH AND GRN/Page_KDMC - CMS/input_txtdeal'

2018-05-11 10:24:17 - [TEST_STEP][PASSED] - setText: Finding Test Object with id 'Object Repository/MOH AND GRN/Page_KDMC - CMS/input_txtbatchno'

2018-05-11 10:24:17 - [TEST_STEP][PASSED] - Statement - switch (id): Finding Test Object with id 'Object Repository/MOH AND GRN/Page_KDMC - CMS/input_txtmrp'

2018-05-11 10:24:17 - [TEST_STEP][PASSED] - Statement - case 1:: Text 'BA11.0' is set on object 'Object Repository/MOH AND GRN/Page_KDMC - CMS/input_txtbatchno'

2018-05-11 10:24:17 - [TEST_STEP][PASSED] - Statement - return (java.lang.Math.floor((java.lang.Math.random() * ((max - min) + 1))) + min): Text 'BA11.0' is set on object 'Object Repository/MOH AND GRN/Page_KDMC - CMS/input_txtbatchno'

2018-05-11 10:24:18 - [MESSAGE][PASSED] - Text 'BA11.0' is set on object 'Object Repository/MOH AND GRN/Page_KDMC - CMS/input_txtbatchno'

2018-05-11 10:24:18 - [TEST_STEP][PASSED] - rightClick: Object: 'Object Repository/GRN/Page_KDMC - CMS/input_txtexpdate' is right clicked on

2018-05-11 10:24:18 - [MESSAGE][PASSED] - Object: 'Object Repository/GRN/Page_KDMC - CMS/input_txtexpdate' is right clicked on

2018-05-11 10:24:18 - [TEST_STEP][PASSED] - selectOptionByIndex: All options with index in [8] are selected on object 'Object Repository/GRN/Page_KDMC - CMS/select_20182019202020212022202'

2018-05-11 10:24:18 - [MESSAGE][PASSED] - All options with index in [8] are selected on object 'Object Repository/GRN/Page_KDMC - CMS/select_20182019202020212022202'

2018-05-11 10:24:18 - [TEST_STEP][PASSED] - selectOptionByIndex: All options with index in [8] are selected on object 'Object Repository/GRN/Page_KDMC - CMS/select_JanFebMarAprMayJunJulAu'

2018-05-11 10:24:18 - [MESSAGE][PASSED] - All options with index in [8] are selected on object 'Object Repository/GRN/Page_KDMC - CMS/select_JanFebMarAprMayJunJulAu'

2018-05-11 10:24:18 - [TEST_STEP][PASSED] - click: Object: 'Object Repository/MOH AND GRN/Page_KDMC - CMS/a_12' is clicked on

2018-05-11 10:24:18 - [MESSAGE][PASSED] - Object: 'Object Repository/MOH AND GRN/Page_KDMC - CMS/a_12' is clicked on

2018-05-11 10:24:18 - [TEST_STEP][PASSED] - click: Object: 'Object Repository/MOH AND GRN/Page_KDMC - CMS/input_btnadd' is clicked on

2018-05-11 10:24:18 - [MESSAGE][PASSED] - Object: 'Object Repository/MOH AND GRN/Page_KDMC - CMS/input_btnadd' is clicked on

2018-05-11 10:24:18 - [TEST_STEP][PASSED] - Statement - If (s == 10): null

2018-05-11 10:24:18 - [TEST_STEP][PASSED] - Statement - Else: null

2018-05-11 10:24:18 - [TEST_STEP][PASSED] - Statement - (s++): null

2018-05-11 10:24:18 - [TEST_STEP][PASSED] - delay: Delayed 1 second(s)

2018-05-11 10:24:19 - [MESSAGE][PASSED] - Delayed 1 second(s)

2018-05-11 10:24:19 - [TEST_STEP][PASSED] - selectOptionByIndex: All options with index in [49] are selected on object 'Object Repository/MOH AND GRN/Page_KDMC - CMS/select_--Select--Amikacin -500'

2018-05-11 10:24:20 - [MESSAGE][PASSED] - All options with index in [49] are selected on object 'Object Repository/MOH AND GRN/Page_KDMC - CMS/select_--Select--Amikacin -500'

2018-05-11 10:24:20 - [TEST_STEP][PASSED] - setText: Text '5000' is set on object 'Object Repository/MOH AND GRN/Page_KDMC - CMS/input_txtqty'

2018-05-11 10:24:20 - [MESSAGE][PASSED] - Text '5000' is set on object 'Object Repository/MOH AND GRN/Page_KDMC - CMS/input_txtqty'

2018-05-11 10:24:20 - [TEST_STEP][PASSED] - selectOptionByIndex: All options with index in [1] are selected on object 'Object Repository/MOH AND GRN/Page_KDMC - CMS/select_--Select--No Tax0'

2018-05-11 10:24:20 - [MESSAGE][PASSED] - All options with index in [1] are selected on object 'Object Repository/MOH AND GRN/Page_KDMC - CMS/select_--Select--No Tax0'

2018-05-11 10:24:20 - [TEST_STEP][PASSED] - setText: Finding Test Object with id 'Object Repository/MOH AND GRN/Page_KDMC - CMS/input_txtmrp'

2018-05-11 10:24:20 - [TEST_STEP][PASSED] - Statement - switch (id): Finding Test Object with id 'Object Repository/MOH AND GRN/Page_KDMC - CMS/input_txtdeal'

2018-05-11 10:24:20 - [TEST_STEP][PASSED] - Statement - case 4:: Text '34.0' is set on object 'Object Repository/MOH AND GRN/Page_KDMC - CMS/input_txtmrp'

2018-05-11 10:24:20 - [TEST_STEP][PASSED] - Statement - return (java.lang.Math.floor((java.lang.Math.random() * ((max - min) + 1))) + min): Text '34.0' is set on object 'Object Repository/MOH AND GRN/Page_KDMC - CMS/input_txtmrp'

2018-05-11 10:24:20 - [MESSAGE][PASSED] - Text '34.0' is set on object 'Object Repository/MOH AND GRN/Page_KDMC - CMS/input_txtmrp'

2018-05-11 10:24:20 - [TEST_STEP][PASSED] - setText: Finding Test Object with id 'Object Repository/MOH AND GRN/Page_KDMC - CMS/input_txtdeal'

2018-05-11 10:24:20 - [TEST_STEP][PASSED] - Statement - switch (id): Finding Test Object with id 'Object Repository/MOH AND GRN/Page_KDMC - CMS/input_txtbatchno'

2018-05-11 10:24:20 - [TEST_STEP][PASSED] - Statement - case 5:: Text '12.0' is set on object 'Object Repository/MOH AND GRN/Page_KDMC - CMS/input_txtdeal'

2018-05-11 10:24:20 - [TEST_STEP][PASSED] - Statement - return (java.lang.Math.floor((java.lang.Math.random() * ((max - min) + 1))) + min): Text '12.0' is set on object 'Object Repository/MOH AND GRN/Page_KDMC - CMS/input_txtdeal'

2018-05-11 10:24:20 - [MESSAGE][PASSED] - Text '12.0' is set on object 'Object Repository/MOH AND GRN/Page_KDMC - CMS/input_txtdeal'

2018-05-11 10:24:20 - [TEST_STEP][PASSED] - setText: Finding Test Object with id 'Object Repository/MOH AND GRN/Page_KDMC - CMS/input_txtbatchno'

2018-05-11 10:24:20 - [TEST_STEP][PASSED] - Statement - switch (id): Finding Test Object with id 'Object Repository/MOH AND GRN/Page_KDMC - CMS/input_txtmrp'

2018-05-11 10:24:20 - [TEST_STEP][PASSED] - Statement - case 1:: Text 'BA386.0' is set on object 'Object Repository/MOH AND GRN/Page_KDMC - CMS/input_txtbatchno'

2018-05-11 10:24:20 - [TEST_STEP][PASSED] - Statement - return (java.lang.Math.floor((java.lang.Math.random() * ((max - min) + 1))) + min): Text 'BA386.0' is set on object 'Object Repository/MOH AND GRN/Page_KDMC - CMS/input_txtbatchno'

2018-05-11 10:24:21 - [MESSAGE][PASSED] - Text 'BA386.0' is set on object 'Object Repository/MOH AND GRN/Page_KDMC - CMS/input_txtbatchno'

2018-05-11 10:24:21 - [TEST_STEP][PASSED] - rightClick: Object: 'Object Repository/GRN/Page_KDMC - CMS/input_txtexpdate' is right clicked on

2018-05-11 10:24:21 - [MESSAGE][PASSED] - Object: 'Object Repository/GRN/Page_KDMC - CMS/input_txtexpdate' is right clicked on

2018-05-11 10:24:21 - [TEST_STEP][PASSED] - selectOptionByIndex: All options with index in [9] are selected on object 'Object Repository/GRN/Page_KDMC - CMS/select_20182019202020212022202'

2018-05-11 10:24:21 - [MESSAGE][PASSED] - All options with index in [9] are selected on object 'Object Repository/GRN/Page_KDMC - CMS/select_20182019202020212022202'

2018-05-11 10:24:21 - [TEST_STEP][PASSED] - selectOptionByIndex: All options with index in [9] are selected on object 'Object Repository/GRN/Page_KDMC - CMS/select_JanFebMarAprMayJunJulAu'

2018-05-11 10:24:21 - [MESSAGE][PASSED] - All options with index in [9] are selected on object 'Object Repository/GRN/Page_KDMC - CMS/select_JanFebMarAprMayJunJulAu'

2018-05-11 10:24:21 - [TEST_STEP][PASSED] - click: Object: 'Object Repository/MOH AND GRN/Page_KDMC - CMS/a_12' is clicked on

2018-05-11 10:24:21 - [MESSAGE][PASSED] - Object: 'Object Repository/MOH AND GRN/Page_KDMC - CMS/a_12' is clicked on

2018-05-11 10:24:21 - [TEST_STEP][PASSED] - click: Object: 'Object Repository/MOH AND GRN/Page_KDMC - CMS/input_btnadd' is clicked on

2018-05-11 10:24:21 - [MESSAGE][PASSED] - Object: 'Object Repository/MOH AND GRN/Page_KDMC - CMS/input_btnadd' is clicked on

2018-05-11 10:24:21 - [TEST_STEP][PASSED] - Statement - If (s == 10): null

2018-05-11 10:24:21 - [TEST_STEP][PASSED] - Statement - Else: null

2018-05-11 10:24:21 - [TEST_STEP][PASSED] - Statement - (s++): null

2018-05-11 10:24:21 - [TEST_STEP][PASSED] - delay: Delayed 1 second(s)

2018-05-11 10:24:22 - [MESSAGE][PASSED] - Delayed 1 second(s)

2018-05-11 10:24:22 - [TEST_STEP][PASSED] - selectOptionByIndex: All options with index in [50] are selected on object 'Object Repository/MOH AND GRN/Page_KDMC - CMS/select_--Select--Amikacin -500'

2018-05-11 10:24:23 - [MESSAGE][PASSED] - All options with index in [50] are selected on object 'Object Repository/MOH AND GRN/Page_KDMC - CMS/select_--Select--Amikacin -500'

2018-05-11 10:24:23 - [TEST_STEP][PASSED] - setText: Text '5000' is set on object 'Object Repository/MOH AND GRN/Page_KDMC - CMS/input_txtqty'

2018-05-11 10:24:23 - [MESSAGE][PASSED] - Text '5000' is set on object 'Object Repository/MOH AND GRN/Page_KDMC - CMS/input_txtqty'

2018-05-11 10:24:23 - [TEST_STEP][PASSED] - selectOptionByIndex: All options with index in [1] are selected on object 'Object Repository/MOH AND GRN/Page_KDMC - CMS/select_--Select--No Tax0'

2018-05-11 10:24:23 - [MESSAGE][PASSED] - All options with index in [1] are selected on object 'Object Repository/MOH AND GRN/Page_KDMC - CMS/select_--Select--No Tax0'

2018-05-11 10:24:23 - [TEST_STEP][PASSED] - setText: Finding Test Object with id 'Object Repository/MOH AND GRN/Page_KDMC - CMS/input_txtmrp'

2018-05-11 10:24:23 - [TEST_STEP][PASSED] - Statement - switch (id): Finding Test Object with id 'Object Repository/MOH AND GRN/Page_KDMC - CMS/input_txtdeal'

2018-05-11 10:24:23 - [TEST_STEP][PASSED] - Statement - case 4:: Text '38.0' is set on object 'Object Repository/MOH AND GRN/Page_KDMC - CMS/input_txtmrp'

2018-05-11 10:24:23 - [TEST_STEP][PASSED] - Statement - return (java.lang.Math.floor((java.lang.Math.random() * ((max - min) + 1))) + min): Text '38.0' is set on object 'Object Repository/MOH AND GRN/Page_KDMC - CMS/input_txtmrp'

2018-05-11 10:24:23 - [MESSAGE][PASSED] - Text '38.0' is set on object 'Object Repository/MOH AND GRN/Page_KDMC - CMS/input_txtmrp'

2018-05-11 10:24:23 - [TEST_STEP][PASSED] - setText: Finding Test Object with id 'Object Repository/MOH AND GRN/Page_KDMC - CMS/input_txtdeal'

2018-05-11 10:24:23 - [TEST_STEP][PASSED] - Statement - switch (id): Finding Test Object with id 'Object Repository/MOH AND GRN/Page_KDMC - CMS/input_txtbatchno'

2018-05-11 10:24:23 - [TEST_STEP][PASSED] - Statement - case 5:: Text '7.0' is set on object 'Object Repository/MOH AND GRN/Page_KDMC - CMS/input_txtdeal'

2018-05-11 10:24:23 - [TEST_STEP][PASSED] - Statement - return (java.lang.Math.floor((java.lang.Math.random() * ((max - min) + 1))) + min): Text '7.0' is set on object 'Object Repository/MOH AND GRN/Page_KDMC - CMS/input_txtdeal'

2018-05-11 10:24:23 - [MESSAGE][PASSED] - Text '7.0' is set on object 'Object Repository/MOH AND GRN/Page_KDMC - CMS/input_txtdeal'

2018-05-11 10:24:23 - [TEST_STEP][PASSED] - setText: Finding Test Object with id 'Object Repository/MOH AND GRN/Page_KDMC - CMS/input_txtbatchno'

2018-05-11 10:24:23 - [TEST_STEP][PASSED] - Statement - switch (id): Finding Test Object with id 'Object Repository/MOH AND GRN/Page_KDMC - CMS/input_txtmrp'

2018-05-11 10:24:23 - [TEST_STEP][PASSED] - Statement - case 1:: Text 'BA972.0' is set on object 'Object Repository/MOH AND GRN/Page_KDMC - CMS/input_txtbatchno'

2018-05-11 10:24:23 - [TEST_STEP][PASSED] - Statement - return (java.lang.Math.floor((java.lang.Math.random() * ((max - min) + 1))) + min): Text 'BA972.0' is set on object 'Object Repository/MOH AND GRN/Page_KDMC - CMS/input_txtbatchno'

2018-05-11 10:24:23 - [MESSAGE][PASSED] - Text 'BA972.0' is set on object 'Object Repository/MOH AND GRN/Page_KDMC - CMS/input_txtbatchno'

2018-05-11 10:24:23 - [TEST_STEP][PASSED] - rightClick: Object: 'Object Repository/GRN/Page_KDMC - CMS/input_txtexpdate' is right clicked on

2018-05-11 10:24:24 - [MESSAGE][PASSED] - Object: 'Object Repository/GRN/Page_KDMC - CMS/input_txtexpdate' is right clicked on

2018-05-11 10:24:24 - [TEST_STEP][PASSED] - selectOptionByIndex: All options with index in [10] are selected on object 'Object Repository/GRN/Page_KDMC - CMS/select_20182019202020212022202'

2018-05-11 10:24:24 - [MESSAGE][PASSED] - All options with index in [10] are selected on object 'Object Repository/GRN/Page_KDMC - CMS/select_20182019202020212022202'

2018-05-11 10:24:24 - [TEST_STEP][PASSED] - selectOptionByIndex: All options with index in [10] are selected on object 'Object Repository/GRN/Page_KDMC - CMS/select_JanFebMarAprMayJunJulAu'

2018-05-11 10:24:24 - [MESSAGE][PASSED] - All options with index in [10] are selected on object 'Object Repository/GRN/Page_KDMC - CMS/select_JanFebMarAprMayJunJulAu'

2018-05-11 10:24:24 - [TEST_STEP][PASSED] - click: Object: 'Object Repository/MOH AND GRN/Page_KDMC - CMS/a_12' is clicked on

2018-05-11 10:24:24 - [MESSAGE][PASSED] - Object: 'Object Repository/MOH AND GRN/Page_KDMC - CMS/a_12' is clicked on

2018-05-11 10:24:24 - [TEST_STEP][PASSED] - click: Object: 'Object Repository/MOH AND GRN/Page_KDMC - CMS/input_btnadd' is clicked on

2018-05-11 10:24:24 - [MESSAGE][PASSED] - Object: 'Object Repository/MOH AND GRN/Page_KDMC - CMS/input_btnadd' is clicked on

2018-05-11 10:24:24 - [TEST_STEP][PASSED] - Statement - If (s == 10): null

2018-05-11 10:24:24 - [TEST_STEP][PASSED] - Statement - s = 1: null

2018-05-11 10:24:24 - [TEST_STEP][PASSED] - delay: Delayed 1 second(s)

2018-05-11 10:24:25 - [MESSAGE][PASSED] - Delayed 1 second(s)

2018-05-11 10:24:25 - [TEST_STEP][PASSED] - selectOptionByIndex: All options with index in [51] are selected on object 'Object Repository/MOH AND GRN/Page_KDMC - CMS/select_--Select--Amikacin -500'

2018-05-11 10:24:26 - [MESSAGE][PASSED] - All options with index in [51] are selected on object 'Object Repository/MOH AND GRN/Page_KDMC - CMS/select_--Select--Amikacin -500'

2018-05-11 10:24:26 - [TEST_STEP][PASSED] - setText: Text '5000' is set on object 'Object Repository/MOH AND GRN/Page_KDMC - CMS/input_txtqty'

2018-05-11 10:24:26 - [MESSAGE][PASSED] - Text '5000' is set on object 'Object Repository/MOH AND GRN/Page_KDMC - CMS/input_txtqty'

2018-05-11 10:24:26 - [TEST_STEP][PASSED] - selectOptionByIndex: All options with index in [1] are selected on object 'Object Repository/MOH AND GRN/Page_KDMC - CMS/select_--Select--No Tax0'

2018-05-11 10:24:26 - [MESSAGE][PASSED] - All options with index in [1] are selected on object 'Object Repository/MOH AND GRN/Page_KDMC - CMS/select_--Select--No Tax0'

2018-05-11 10:24:26 - [TEST_STEP][PASSED] - setText: Finding Test Object with id 'Object Repository/MOH AND GRN/Page_KDMC - CMS/input_txtmrp'

2018-05-11 10:24:26 - [TEST_STEP][PASSED] - Statement - switch (id): Finding Test Object with id 'Object Repository/MOH AND GRN/Page_KDMC - CMS/input_txtdeal'

2018-05-11 10:24:26 - [TEST_STEP][PASSED] - Statement - case 4:: Text '19.0' is set on object 'Object Repository/MOH AND GRN/Page_KDMC - CMS/input_txtmrp'

2018-05-11 10:24:26 - [TEST_STEP][PASSED] - Statement - return (java.lang.Math.floor((java.lang.Math.random() * ((max - min) + 1))) + min): Text '19.0' is set on object 'Object Repository/MOH AND GRN/Page_KDMC - CMS/input_txtmrp'

2018-05-11 10:24:27 - [MESSAGE][PASSED] - Text '19.0' is set on object 'Object Repository/MOH AND GRN/Page_KDMC - CMS/input_txtmrp'

2018-05-11 10:24:27 - [TEST_STEP][PASSED] - setText: Finding Test Object with id 'Object Repository/MOH AND GRN/Page_KDMC - CMS/input_txtdeal'

2018-05-11 10:24:27 - [TEST_STEP][PASSED] - Statement - switch (id): Finding Test Object with id 'Object Repository/MOH AND GRN/Page_KDMC - CMS/input_txtbatchno'

2018-05-11 10:24:27 - [TEST_STEP][PASSED] - Statement - case 5:: Text '7.0' is set on object 'Object Repository/MOH AND GRN/Page_KDMC - CMS/input_txtdeal'

2018-05-11 10:24:27 - [TEST_STEP][PASSED] - Statement - return (java.lang.Math.floor((java.lang.Math.random() * ((max - min) + 1))) + min): Text '7.0' is set on object 'Object Repository/MOH AND GRN/Page_KDMC - CMS/input_txtdeal'

2018-05-11 10:24:27 - [MESSAGE][PASSED] - Text '7.0' is set on object 'Object Repository/MOH AND GRN/Page_KDMC - CMS/input_txtdeal'

2018-05-11 10:24:27 - [TEST_STEP][PASSED] - setText: Finding Test Object with id 'Object Repository/MOH AND GRN/Page_KDMC - CMS/input_txtbatchno'

2018-05-11 10:24:27 - [TEST_STEP][PASSED] - Statement - switch (id): Finding Test Object with id 'Object Repository/MOH AND GRN/Page_KDMC - CMS/input_txtmrp'

2018-05-11 10:24:27 - [TEST_STEP][PASSED] - Statement - case 1:: Text 'BA102.0' is set on object 'Object Repository/MOH AND GRN/Page_KDMC - CMS/input_txtbatchno'

2018-05-11 10:24:27 - [TEST_STEP][PASSED] - Statement - return (java.lang.Math.floor((java.lang.Math.random() * ((max - min) + 1))) + min): Text 'BA102.0' is set on object 'Object Repository/MOH AND GRN/Page_KDMC - CMS/input_txtbatchno'

2018-05-11 10:24:27 - [MESSAGE][PASSED] - Text 'BA102.0' is set on object 'Object Repository/MOH AND GRN/Page_KDMC - CMS/input_txtbatchno'

2018-05-11 10:24:27 - [TEST_STEP][PASSED] - rightClick: Object: 'Object Repository/GRN/Page_KDMC - CMS/input_txtexpdate' is right clicked on

2018-05-11 10:24:37 - [MESSAGE][PASSED] - Object: 'Object Repository/GRN/Page_KDMC - CMS/input_txtexpdate' is right clicked on

2018-05-11 10:24:37 - [TEST_STEP][PASSED] - selectOptionByIndex: All options with index in [1] are selected on object 'Object Repository/GRN/Page_KDMC - CMS/select_20182019202020212022202'

2018-05-11 10:24:37 - [MESSAGE][PASSED] - All options with index in [1] are selected on object 'Object Repository/GRN/Page_KDMC - CMS/select_20182019202020212022202'

2018-05-11 10:24:37 - [TEST_STEP][PASSED] - selectOptionByIndex: All options with index in [1] are selected on object 'Object Repository/GRN/Page_KDMC - CMS/select_JanFebMarAprMayJunJulAu'

2018-05-11 10:24:37 - [MESSAGE][PASSED] - All options with index in [1] are selected on object 'Object Repository/GRN/Page_KDMC - CMS/select_JanFebMarAprMayJunJulAu'

2018-05-11 10:24:37 - [TEST_STEP][PASSED] - click: Object: 'Object Repository/MOH AND GRN/Page_KDMC - CMS/a_12' is clicked on

2018-05-11 10:24:42 - [MESSAGE][PASSED] - Object: 'Object Repository/MOH AND GRN/Page_KDMC - CMS/a_12' is clicked on

2018-05-11 10:24:42 - [TEST_STEP][PASSED] - click: Object: 'Object Repository/MOH AND GRN/Page_KDMC - CMS/input_btnadd' is clicked on

2018-05-11 10:24:47 - [MESSAGE][PASSED] - Object: 'Object Repository/MOH AND GRN/Page_KDMC - CMS/input_btnadd' is clicked on

2018-05-11 10:24:47 - [TEST_STEP][PASSED] - Statement - If (s == 10): null

2018-05-11 10:24:47 - [TEST_STEP][PASSED] - Statement - Else: null

2018-05-11 10:24:47 - [TEST_STEP][PASSED] - Statement - (s++): null

2018-05-11 10:24:47 - [TEST_STEP][PASSED] - delay: Delayed 1 second(s)

2018-05-11 10:24:48 - [MESSAGE][PASSED] - Delayed 1 second(s)

2018-05-11 10:24:48 - [TEST_STEP][PASSED] - selectOptionByIndex: All options with index in [52] are selected on object 'Object Repository/MOH AND GRN/Page_KDMC - CMS/select_--Select--Amikacin -500'

2018-05-11 10:24:49 - [MESSAGE][PASSED] - All options with index in [52] are selected on object 'Object Repository/MOH AND GRN/Page_KDMC - CMS/select_--Select--Amikacin -500'

2018-05-11 10:24:49 - [TEST_STEP][PASSED] - setText: Text '5000' is set on object 'Object Repository/MOH AND GRN/Page_KDMC - CMS/input_txtqty'

2018-05-11 10:24:49 - [MESSAGE][PASSED] - Text '5000' is set on object 'Object Repository/MOH AND GRN/Page_KDMC - CMS/input_txtqty'

2018-05-11 10:24:49 - [TEST_STEP][PASSED] - selectOptionByIndex: All options with index in [1] are selected on object 'Object Repository/MOH AND GRN/Page_KDMC - CMS/select_--Select--No Tax0'

2018-05-11 10:24:49 - [MESSAGE][PASSED] - All options with index in [1] are selected on object 'Object Repository/MOH AND GRN/Page_KDMC - CMS/select_--Select--No Tax0'

2018-05-11 10:24:49 - [TEST_STEP][PASSED] - setText: Finding Test Object with id 'Object Repository/MOH AND GRN/Page_KDMC - CMS/input_txtmrp'

2018-05-11 10:24:49 - [TEST_STEP][PASSED] - Statement - switch (id): Finding Test Object with id 'Object Repository/MOH AND GRN/Page_KDMC - CMS/input_txtdeal'

2018-05-11 10:24:49 - [TEST_STEP][PASSED] - Statement - case 4:: Text '16.0' is set on object 'Object Repository/MOH AND GRN/Page_KDMC - CMS/input_txtmrp'

2018-05-11 10:24:49 - [TEST_STEP][PASSED] - Statement - return (java.lang.Math.floor((java.lang.Math.random() * ((max - min) + 1))) + min): Text '16.0' is set on object 'Object Repository/MOH AND GRN/Page_KDMC - CMS/input_txtmrp'

2018-05-11 10:24:49 - [MESSAGE][PASSED] - Text '16.0' is set on object 'Object Repository/MOH AND GRN/Page_KDMC - CMS/input_txtmrp'

2018-05-11 10:24:49 - [TEST_STEP][PASSED] - setText: Finding Test Object with id 'Object Repository/MOH AND GRN/Page_KDMC - CMS/input_txtdeal'

2018-05-11 10:24:49 - [TEST_STEP][PASSED] - Statement - switch (id): Finding Test Object with id 'Object Repository/MOH AND GRN/Page_KDMC - CMS/input_txtbatchno'

2018-05-11 10:24:49 - [TEST_STEP][PASSED] - Statement - case 5:: Text '2.0' is set on object 'Object Repository/MOH AND GRN/Page_KDMC - CMS/input_txtdeal'

2018-05-11 10:24:49 - [TEST_STEP][PASSED] - Statement - return (java.lang.Math.floor((java.lang.Math.random() * ((max - min) + 1))) + min): Text '2.0' is set on object 'Object Repository/MOH AND GRN/Page_KDMC - CMS/input_txtdeal'

2018-05-11 10:24:50 - [MESSAGE][PASSED] - Text '2.0' is set on object 'Object Repository/MOH AND GRN/Page_KDMC - CMS/input_txtdeal'

2018-05-11 10:24:50 - [TEST_STEP][PASSED] - setText: Finding Test Object with id 'Object Repository/MOH AND GRN/Page_KDMC - CMS/input_txtbatchno'

2018-05-11 10:24:50 - [TEST_STEP][PASSED] - Statement - switch (id): Finding Test Object with id 'Object Repository/MOH AND GRN/Page_KDMC - CMS/input_txtmrp'

2018-05-11 10:24:50 - [TEST_STEP][PASSED] - Statement - case 1:: Text 'BA557.0' is set on object 'Object Repository/MOH AND GRN/Page_KDMC - CMS/input_txtbatchno'

2018-05-11 10:24:50 - [TEST_STEP][PASSED] - Statement - return (java.lang.Math.floor((java.lang.Math.random() * ((max - min) + 1))) + min): Text 'BA557.0' is set on object 'Object Repository/MOH AND GRN/Page_KDMC - CMS/input_txtbatchno'

2018-05-11 10:24:50 - [MESSAGE][PASSED] - Text 'BA557.0' is set on object 'Object Repository/MOH AND GRN/Page_KDMC - CMS/input_txtbatchno'

2018-05-11 10:24:50 - [TEST_STEP][PASSED] - rightClick: Object: 'Object Repository/GRN/Page_KDMC - CMS/input_txtexpdate' is right clicked on

2018-05-11 10:25:00 - [MESSAGE][PASSED] - Object: 'Object Repository/GRN/Page_KDMC - CMS/input_txtexpdate' is right clicked on

2018-05-11 10:25:00 - [TEST_STEP][PASSED] - selectOptionByIndex: All options with index in [2] are selected on object 'Object Repository/GRN/Page_KDMC - CMS/select_20182019202020212022202'

2018-05-11 10:25:00 - [MESSAGE][PASSED] - All options with index in [2] are selected on object 'Object Repository/GRN/Page_KDMC - CMS/select_20182019202020212022202'

2018-05-11 10:25:00 - [TEST_STEP][PASSED] - selectOptionByIndex: All options with index in [2] are selected on object 'Object Repository/GRN/Page_KDMC - CMS/select_JanFebMarAprMayJunJulAu'

2018-05-11 10:25:00 - [MESSAGE][PASSED] - All options with index in [2] are selected on object 'Object Repository/GRN/Page_KDMC - CMS/select_JanFebMarAprMayJunJulAu'

2018-05-11 10:25:00 - [TEST_STEP][PASSED] - click: Object: 'Object Repository/MOH AND GRN/Page_KDMC - CMS/a_12' is clicked on

2018-05-11 10:25:05 - [MESSAGE][PASSED] - Object: 'Object Repository/MOH AND GRN/Page_KDMC - CMS/a_12' is clicked on

2018-05-11 10:25:05 - [TEST_STEP][PASSED] - click: Object: 'Object Repository/MOH AND GRN/Page_KDMC - CMS/input_btnadd' is clicked on

2018-05-11 10:25:10 - [MESSAGE][PASSED] - Object: 'Object Repository/MOH AND GRN/Page_KDMC - CMS/input_btnadd' is clicked on

2018-05-11 10:25:10 - [TEST_STEP][PASSED] - Statement - If (s == 10): null

2018-05-11 10:25:10 - [TEST_STEP][PASSED] - Statement - Else: null

2018-05-11 10:25:10 - [TEST_STEP][PASSED] - Statement - (s++): null

2018-05-11 10:25:10 - [TEST_STEP][PASSED] - delay: Delayed 1 second(s)

2018-05-11 10:25:11 - [MESSAGE][PASSED] - Delayed 1 second(s)

2018-05-11 10:25:11 - [TEST_STEP][PASSED] - selectOptionByIndex: All options with index in [53] are selected on object 'Object Repository/MOH AND GRN/Page_KDMC - CMS/select_--Select--Amikacin -500'

2018-05-11 10:25:12 - [MESSAGE][PASSED] - All options with index in [53] are selected on object 'Object Repository/MOH AND GRN/Page_KDMC - CMS/select_--Select--Amikacin -500'

2018-05-11 10:25:12 - [TEST_STEP][PASSED] - setText: Text '5000' is set on object 'Object Repository/MOH AND GRN/Page_KDMC - CMS/input_txtqty'

2018-05-11 10:25:12 - [MESSAGE][PASSED] - Text '5000' is set on object 'Object Repository/MOH AND GRN/Page_KDMC - CMS/input_txtqty'

2018-05-11 10:25:12 - [TEST_STEP][PASSED] - selectOptionByIndex: All options with index in [1] are selected on object 'Object Repository/MOH AND GRN/Page_KDMC - CMS/select_--Select--No Tax0'

2018-05-11 10:25:12 - [MESSAGE][PASSED] - All options with index in [1] are selected on object 'Object Repository/MOH AND GRN/Page_KDMC - CMS/select_--Select--No Tax0'

2018-05-11 10:25:12 - [TEST_STEP][PASSED] - setText: Finding Test Object with id 'Object Repository/MOH AND GRN/Page_KDMC - CMS/input_txtmrp'

2018-05-11 10:25:12 - [TEST_STEP][PASSED] - Statement - switch (id): Finding Test Object with id 'Object Repository/MOH AND GRN/Page_KDMC - CMS/input_txtdeal'

2018-05-11 10:25:12 - [TEST_STEP][PASSED] - Statement - case 4:: Text '31.0' is set on object 'Object Repository/MOH AND GRN/Page_KDMC - CMS/input_txtmrp'

2018-05-11 10:25:12 - [TEST_STEP][PASSED] - Statement - return (java.lang.Math.floor((java.lang.Math.random() * ((max - min) + 1))) + min): Text '31.0' is set on object 'Object Repository/MOH AND GRN/Page_KDMC - CMS/input_txtmrp'

2018-05-11 10:25:12 - [MESSAGE][PASSED] - Text '31.0' is set on object 'Object Repository/MOH AND GRN/Page_KDMC - CMS/input_txtmrp'

2018-05-11 10:25:12 - [TEST_STEP][PASSED] - setText: Finding Test Object with id 'Object Repository/MOH AND GRN/Page_KDMC - CMS/input_txtdeal'

2018-05-11 10:25:12 - [TEST_STEP][PASSED] - Statement - switch (id): Finding Test Object with id 'Object Repository/MOH AND GRN/Page_KDMC - CMS/input_txtbatchno'

2018-05-11 10:25:12 - [TEST_STEP][PASSED] - Statement - case 5:: Text '9.0' is set on object 'Object Repository/MOH AND GRN/Page_KDMC - CMS/input_txtdeal'

2018-05-11 10:25:12 - [TEST_STEP][PASSED] - Statement - return (java.lang.Math.floor((java.lang.Math.random() * ((max - min) + 1))) + min): Text '9.0' is set on object 'Object Repository/MOH AND GRN/Page_KDMC - CMS/input_txtdeal'

2018-05-11 10:25:13 - [MESSAGE][PASSED] - Text '9.0' is set on object 'Object Repository/MOH AND GRN/Page_KDMC - CMS/input_txtdeal'

2018-05-11 10:25:13 - [TEST_STEP][PASSED] - setText: Finding Test Object with id 'Object Repository/MOH AND GRN/Page_KDMC - CMS/input_txtbatchno'

2018-05-11 10:25:13 - [TEST_STEP][PASSED] - Statement - switch (id): Finding Test Object with id 'Object Repository/MOH AND GRN/Page_KDMC - CMS/input_txtmrp'

2018-05-11 10:25:13 - [TEST_STEP][PASSED] - Statement - case 1:: Text 'BA848.0' is set on object 'Object Repository/MOH AND GRN/Page_KDMC - CMS/input_txtbatchno'

2018-05-11 10:25:13 - [TEST_STEP][PASSED] - Statement - return (java.lang.Math.floor((java.lang.Math.random() * ((max - min) + 1))) + min): Text 'BA848.0' is set on object 'Object Repository/MOH AND GRN/Page_KDMC - CMS/input_txtbatchno'

2018-05-11 10:25:13 - [MESSAGE][PASSED] - Text 'BA848.0' is set on object 'Object Repository/MOH AND GRN/Page_KDMC - CMS/input_txtbatchno'

2018-05-11 10:25:13 - [TEST_STEP][PASSED] - rightClick: Object: 'Object Repository/GRN/Page_KDMC - CMS/input_txtexpdate' is right clicked on

2018-05-11 10:25:23 - [MESSAGE][PASSED] - Object: 'Object Repository/GRN/Page_KDMC - CMS/input_txtexpdate' is right clicked on

2018-05-11 10:25:23 - [TEST_STEP][PASSED] - selectOptionByIndex: All options with index in [3] are selected on object 'Object Repository/GRN/Page_KDMC - CMS/select_20182019202020212022202'

2018-05-11 10:25:23 - [MESSAGE][PASSED] - All options with index in [3] are selected on object 'Object Repository/GRN/Page_KDMC - CMS/select_20182019202020212022202'

2018-05-11 10:25:23 - [TEST_STEP][PASSED] - selectOptionByIndex: All options with index in [3] are selected on object 'Object Repository/GRN/Page_KDMC - CMS/select_JanFebMarAprMayJunJulAu'

2018-05-11 10:25:23 - [MESSAGE][PASSED] - All options with index in [3] are selected on object 'Object Repository/GRN/Page_KDMC - CMS/select_JanFebMarAprMayJunJulAu'

2018-05-11 10:25:23 - [TEST_STEP][PASSED] - click: Object: 'Object Repository/MOH AND GRN/Page_KDMC - CMS/a_12' is clicked on

2018-05-11 10:25:28 - [MESSAGE][PASSED] - Object: 'Object Repository/MOH AND GRN/Page_KDMC - CMS/a_12' is clicked on

2018-05-11 10:25:28 - [TEST_STEP][PASSED] - click: Object: 'Object Repository/MOH AND GRN/Page_KDMC - CMS/input_btnadd' is clicked on

2018-05-11 10:25:33 - [MESSAGE][PASSED] - Object: 'Object Repository/MOH AND GRN/Page_KDMC - CMS/input_btnadd' is clicked on

2018-05-11 10:25:33 - [TEST_STEP][PASSED] - Statement - If (s == 10): null

2018-05-11 10:25:33 - [TEST_STEP][PASSED] - Statement - Else: null

2018-05-11 10:25:33 - [TEST_STEP][PASSED] - Statement - (s++): null

2018-05-11 10:25:33 - [TEST_STEP][PASSED] - delay: Delayed 1 second(s)

2018-05-11 10:25:34 - [MESSAGE][PASSED] - Delayed 1 second(s)

2018-05-11 10:25:34 - [TEST_STEP][PASSED] - selectOptionByIndex: All options with index in [54] are selected on object 'Object Repository/MOH AND GRN/Page_KDMC - CMS/select_--Select--Amikacin -500'

2018-05-11 10:25:35 - [MESSAGE][PASSED] - All options with index in [54] are selected on object 'Object Repository/MOH AND GRN/Page_KDMC - CMS/select_--Select--Amikacin -500'

2018-05-11 10:25:35 - [TEST_STEP][PASSED] - setText: Text '5000' is set on object 'Object Repository/MOH AND GRN/Page_KDMC - CMS/input_txtqty'

2018-05-11 10:25:35 - [MESSAGE][PASSED] - Text '5000' is set on object 'Object Repository/MOH AND GRN/Page_KDMC - CMS/input_txtqty'

2018-05-11 10:25:35 - [TEST_STEP][PASSED] - selectOptionByIndex: All options with index in [1] are selected on object 'Object Repository/MOH AND GRN/Page_KDMC - CMS/select_--Select--No Tax0'

2018-05-11 10:25:35 - [MESSAGE][PASSED] - All options with index in [1] are selected on object 'Object Repository/MOH AND GRN/Page_KDMC - CMS/select_--Select--No Tax0'

2018-05-11 10:25:35 - [TEST_STEP][PASSED] - setText: Finding Test Object with id 'Object Repository/MOH AND GRN/Page_KDMC - CMS/input_txtmrp'

2018-05-11 10:25:35 - [TEST_STEP][PASSED] - Statement - switch (id): Finding Test Object with id 'Object Repository/MOH AND GRN/Page_KDMC - CMS/input_txtdeal'

2018-05-11 10:25:35 - [TEST_STEP][PASSED] - Statement - case 4:: Text '27.0' is set on object 'Object Repository/MOH AND GRN/Page_KDMC - CMS/input_txtmrp'

2018-05-11 10:25:35 - [TEST_STEP][PASSED] - Statement - return (java.lang.Math.floor((java.lang.Math.random() * ((max - min) + 1))) + min): Text '27.0' is set on object 'Object Repository/MOH AND GRN/Page_KDMC - CMS/input_txtmrp'

2018-05-11 10:25:36 - [MESSAGE][PASSED] - Text '27.0' is set on object 'Object Repository/MOH AND GRN/Page_KDMC - CMS/input_txtmrp'

2018-05-11 10:25:36 - [TEST_STEP][PASSED] - setText: Finding Test Object with id 'Object Repository/MOH AND GRN/Page_KDMC - CMS/input_txtdeal'

2018-05-11 10:25:36 - [TEST_STEP][PASSED] - Statement - switch (id): Finding Test Object with id 'Object Repository/MOH AND GRN/Page_KDMC - CMS/input_txtbatchno'

2018-05-11 10:25:36 - [TEST_STEP][PASSED] - Statement - case 5:: Text '5.0' is set on object 'Object Repository/MOH AND GRN/Page_KDMC - CMS/input_txtdeal'

2018-05-11 10:25:36 - [TEST_STEP][PASSED] - Statement - return (java.lang.Math.floor((java.lang.Math.random() * ((max - min) + 1))) + min): Text '5.0' is set on object 'Object Repository/MOH AND GRN/Page_KDMC - CMS/input_txtdeal'

2018-05-11 10:25:36 - [MESSAGE][PASSED] - Text '5.0' is set on object 'Object Repository/MOH AND GRN/Page_KDMC - CMS/input_txtdeal'

2018-05-11 10:25:36 - [TEST_STEP][PASSED] - setText: Finding Test Object with id 'Object Repository/MOH AND GRN/Page_KDMC - CMS/input_txtbatchno'

2018-05-11 10:25:36 - [TEST_STEP][PASSED] - Statement - switch (id): Finding Test Object with id 'Object Repository/MOH AND GRN/Page_KDMC - CMS/input_txtmrp'

2018-05-11 10:25:36 - [TEST_STEP][PASSED] - Statement - case 1:: Text 'BA578.0' is set on object 'Object Repository/MOH AND GRN/Page_KDMC - CMS/input_txtbatchno'

2018-05-11 10:25:36 - [TEST_STEP][PASSED] - Statement - return (java.lang.Math.floor((java.lang.Math.random() * ((max - min) + 1))) + min): Text 'BA578.0' is set on object 'Object Repository/MOH AND GRN/Page_KDMC - CMS/input_txtbatchno'

2018-05-11 10:25:36 - [MESSAGE][PASSED] - Text 'BA578.0' is set on object 'Object Repository/MOH AND GRN/Page_KDMC - CMS/input_txtbatchno'

2018-05-11 10:25:36 - [TEST_STEP][PASSED] - rightClick: Object: 'Object Repository/GRN/Page_KDMC - CMS/input_txtexpdate' is right clicked on

2018-05-11 10:25:46 - [MESSAGE][PASSED] - Object: 'Object Repository/GRN/Page_KDMC - CMS/input_txtexpdate' is right clicked on

2018-05-11 10:25:46 - [TEST_STEP][PASSED] - selectOptionByIndex: All options with index in [4] are selected on object 'Object Repository/GRN/Page_KDMC - CMS/select_20182019202020212022202'

2018-05-11 10:25:46 - [MESSAGE][PASSED] - All options with index in [4] are selected on object 'Object Repository/GRN/Page_KDMC - CMS/select_20182019202020212022202'

2018-05-11 10:25:46 - [TEST_STEP][PASSED] - selectOptionByIndex: All options with index in [4] are selected on object 'Object Repository/GRN/Page_KDMC - CMS/select_JanFebMarAprMayJunJulAu'

2018-05-11 10:25:46 - [MESSAGE][PASSED] - All options with index in [4] are selected on object 'Object Repository/GRN/Page_KDMC - CMS/select_JanFebMarAprMayJunJulAu'

2018-05-11 10:25:46 - [TEST_STEP][PASSED] - click: Object: 'Object Repository/MOH AND GRN/Page_KDMC - CMS/a_12' is clicked on

2018-05-11 10:25:51 - [MESSAGE][PASSED] - Object: 'Object Repository/MOH AND GRN/Page_KDMC - CMS/a_12' is clicked on

2018-05-11 10:25:51 - [TEST_STEP][PASSED] - click: Object: 'Object Repository/MOH AND GRN/Page_KDMC - CMS/input_btnadd' is clicked on

2018-05-11 10:25:57 - [MESSAGE][PASSED] - Object: 'Object Repository/MOH AND GRN/Page_KDMC - CMS/input_btnadd' is clicked on

2018-05-11 10:25:57 - [TEST_STEP][PASSED] - Statement - If (s == 10): null

2018-05-11 10:25:57 - [TEST_STEP][PASSED] - Statement - Else: null

2018-05-11 10:25:57 - [TEST_STEP][PASSED] - Statement - (s++): null

2018-05-11 10:25:57 - [TEST_STEP][PASSED] - delay: Delayed 1 second(s)

2018-05-11 10:25:58 - [MESSAGE][PASSED] - Delayed 1 second(s)

2018-05-11 10:25:58 - [TEST_STEP][PASSED] - selectOptionByIndex: All options with index in [55] are selected on object 'Object Repository/MOH AND GRN/Page_KDMC - CMS/select_--Select--Amikacin -500'

2018-05-11 10:25:58 - [MESSAGE][PASSED] - All options with index in [55] are selected on object 'Object Repository/MOH AND GRN/Page_KDMC - CMS/select_--Select--Amikacin -500'

2018-05-11 10:25:58 - [TEST_STEP][PASSED] - setText: Text '5000' is set on object 'Object Repository/MOH AND GRN/Page_KDMC - CMS/input_txtqty'

2018-05-11 10:25:59 - [MESSAGE][PASSED] - Text '5000' is set on object 'Object Repository/MOH AND GRN/Page_KDMC - CMS/input_txtqty'

2018-05-11 10:25:59 - [TEST_STEP][PASSED] - selectOptionByIndex: All options with index in [1] are selected on object 'Object Repository/MOH AND GRN/Page_KDMC - CMS/select_--Select--No Tax0'

2018-05-11 10:25:59 - [MESSAGE][PASSED] - All options with index in [1] are selected on object 'Object Repository/MOH AND GRN/Page_KDMC - CMS/select_--Select--No Tax0'

2018-05-11 10:25:59 - [TEST_STEP][PASSED] - setText: Finding Test Object with id 'Object Repository/MOH AND GRN/Page_KDMC - CMS/input_txtmrp'

2018-05-11 10:25:59 - [TEST_STEP][PASSED] - Statement - switch (id): Finding Test Object with id 'Object Repository/MOH AND GRN/Page_KDMC - CMS/input_txtdeal'

2018-05-11 10:25:59 - [TEST_STEP][PASSED] - Statement - case 4:: Text '19.0' is set on object 'Object Repository/MOH AND GRN/Page_KDMC - CMS/input_txtmrp'

2018-05-11 10:25:59 - [TEST_STEP][PASSED] - Statement - return (java.lang.Math.floor((java.lang.Math.random() * ((max - min) + 1))) + min): Text '19.0' is set on object 'Object Repository/MOH AND GRN/Page_KDMC - CMS/input_txtmrp'

2018-05-11 10:25:59 - [MESSAGE][PASSED] - Text '19.0' is set on object 'Object Repository/MOH AND GRN/Page_KDMC - CMS/input_txtmrp'

2018-05-11 10:25:59 - [TEST_STEP][PASSED] - setText: Finding Test Object with id 'Object Repository/MOH AND GRN/Page_KDMC - CMS/input_txtdeal'

2018-05-11 10:25:59 - [TEST_STEP][PASSED] - Statement - switch (id): Finding Test Object with id 'Object Repository/MOH AND GRN/Page_KDMC - CMS/input_txtbatchno'

2018-05-11 10:25:59 - [TEST_STEP][PASSED] - Statement - case 5:: Text '2.0' is set on object 'Object Repository/MOH AND GRN/Page_KDMC - CMS/input_txtdeal'

2018-05-11 10:25:59 - [TEST_STEP][PASSED] - Statement - return (java.lang.Math.floor((java.lang.Math.random() * ((max - min) + 1))) + min): Text '2.0' is set on object 'Object Repository/MOH AND GRN/Page_KDMC - CMS/input_txtdeal'

2018-05-11 10:25:59 - [MESSAGE][PASSED] - Text '2.0' is set on object 'Object Repository/MOH AND GRN/Page_KDMC - CMS/input_txtdeal'

2018-05-11 10:25:59 - [TEST_STEP][PASSED] - setText: Finding Test Object with id 'Object Repository/MOH AND GRN/Page_KDMC - CMS/input_txtbatchno'

2018-05-11 10:25:59 - [TEST_STEP][PASSED] - Statement - switch (id): Finding Test Object with id 'Object Repository/MOH AND GRN/Page_KDMC - CMS/input_txtmrp'

2018-05-11 10:25:59 - [TEST_STEP][PASSED] - Statement - case 1:: Text 'BA544.0' is set on object 'Object Repository/MOH AND GRN/Page_KDMC - CMS/input_txtbatchno'

2018-05-11 10:25:59 - [TEST_STEP][PASSED] - Statement - return (java.lang.Math.floor((java.lang.Math.random() * ((max - min) + 1))) + min): Text 'BA544.0' is set on object 'Object Repository/MOH AND GRN/Page_KDMC - CMS/input_txtbatchno'

2018-05-11 10:25:59 - [MESSAGE][PASSED] - Text 'BA544.0' is set on object 'Object Repository/MOH AND GRN/Page_KDMC - CMS/input_txtbatchno'

2018-05-11 10:25:59 - [TEST_STEP][PASSED] - rightClick: Object: 'Object Repository/GRN/Page_KDMC - CMS/input_txtexpdate' is right clicked on

2018-05-11 10:26:09 - [MESSAGE][PASSED] - Object: 'Object Repository/GRN/Page_KDMC - CMS/input_txtexpdate' is right clicked on

2018-05-11 10:26:09 - [TEST_STEP][PASSED] - selectOptionByIndex: All options with index in [5] are selected on object 'Object Repository/GRN/Page_KDMC - CMS/select_20182019202020212022202'

2018-05-11 10:26:10 - [MESSAGE][PASSED] - All options with index in [5] are selected on object 'Object Repository/GRN/Page_KDMC - CMS/select_20182019202020212022202'

2018-05-11 10:26:10 - [TEST_STEP][PASSED] - selectOptionByIndex: All options with index in [5] are selected on object 'Object Repository/GRN/Page_KDMC - CMS/select_JanFebMarAprMayJunJulAu'

2018-05-11 10:26:10 - [MESSAGE][PASSED] - All options with index in [5] are selected on object 'Object Repository/GRN/Page_KDMC - CMS/select_JanFebMarAprMayJunJulAu'

2018-05-11 10:26:10 - [TEST_STEP][PASSED] - click: Object: 'Object Repository/MOH AND GRN/Page_KDMC - CMS/a_12' is clicked on

2018-05-11 10:26:15 - [MESSAGE][PASSED] - Object: 'Object Repository/MOH AND GRN/Page_KDMC - CMS/a_12' is clicked on

2018-05-11 10:26:15 - [TEST_STEP][PASSED] - click: Object: 'Object Repository/MOH AND GRN/Page_KDMC - CMS/input_btnadd' is clicked on

2018-05-11 10:26:20 - [MESSAGE][PASSED] - Object: 'Object Repository/MOH AND GRN/Page_KDMC - CMS/input_btnadd' is clicked on

2018-05-11 10:26:20 - [TEST_STEP][PASSED] - Statement - If (s == 10): null

2018-05-11 10:26:20 - [TEST_STEP][PASSED] - Statement - Else: null

2018-05-11 10:26:20 - [TEST_STEP][PASSED] - Statement - (s++): null

2018-05-11 10:26:20 - [TEST_STEP][PASSED] - delay: Delayed 1 second(s)

2018-05-11 10:26:21 - [MESSAGE][PASSED] - Delayed 1 second(s)

2018-05-11 10:26:21 - [TEST_STEP][PASSED] - selectOptionByIndex: All options with index in [56] are selected on object 'Object Repository/MOH AND GRN/Page_KDMC - CMS/select_--Select--Amikacin -500'

2018-05-11 10:26:22 - [MESSAGE][PASSED] - All options with index in [56] are selected on object 'Object Repository/MOH AND GRN/Page_KDMC - CMS/select_--Select--Amikacin -500'

2018-05-11 10:26:22 - [TEST_STEP][PASSED] - setText: Text '5000' is set on object 'Object Repository/MOH AND GRN/Page_KDMC - CMS/input_txtqty'

2018-05-11 10:26:22 - [MESSAGE][PASSED] - Text '5000' is set on object 'Object Repository/MOH AND GRN/Page_KDMC - CMS/input_txtqty'

2018-05-11 10:26:22 - [TEST_STEP][PASSED] - selectOptionByIndex: All options with index in [1] are selected on object 'Object Repository/MOH AND GRN/Page_KDMC - CMS/select_--Select--No Tax0'

2018-05-11 10:26:22 - [MESSAGE][PASSED] - All options with index in [1] are selected on object 'Object Repository/MOH AND GRN/Page_KDMC - CMS/select_--Select--No Tax0'

2018-05-11 10:26:22 - [TEST_STEP][PASSED] - setText: Finding Test Object with id 'Object Repository/MOH AND GRN/Page_KDMC - CMS/input_txtmrp'

2018-05-11 10:26:22 - [TEST_STEP][PASSED] - Statement - switch (id): Finding Test Object with id 'Object Repository/MOH AND GRN/Page_KDMC - CMS/input_txtdeal'

2018-05-11 10:26:22 - [TEST_STEP][PASSED] - Statement - case 4:: Text '43.0' is set on object 'Object Repository/MOH AND GRN/Page_KDMC - CMS/input_txtmrp'

2018-05-11 10:26:22 - [TEST_STEP][PASSED] - Statement - return (java.lang.Math.floor((java.lang.Math.random() * ((max - min) + 1))) + min): Text '43.0' is set on object 'Object Repository/MOH AND GRN/Page_KDMC - CMS/input_txtmrp'

2018-05-11 10:26:22 - [MESSAGE][PASSED] - Text '43.0' is set on object 'Object Repository/MOH AND GRN/Page_KDMC - CMS/input_txtmrp'

2018-05-11 10:26:22 - [TEST_STEP][PASSED] - setText: Finding Test Object with id 'Object Repository/MOH AND GRN/Page_KDMC - CMS/input_txtdeal'

2018-05-11 10:26:22 - [TEST_STEP][PASSED] - Statement - switch (id): Finding Test Object with id 'Object Repository/MOH AND GRN/Page_KDMC - CMS/input_txtbatchno'

2018-05-11 10:26:22 - [TEST_STEP][PASSED] - Statement - case 5:: Text '10.0' is set on object 'Object Repository/MOH AND GRN/Page_KDMC - CMS/input_txtdeal'

2018-05-11 10:26:22 - [TEST_STEP][PASSED] - Statement - return (java.lang.Math.floor((java.lang.Math.random() * ((max - min) + 1))) + min): Text '10.0' is set on object 'Object Repository/MOH AND GRN/Page_KDMC - CMS/input_txtdeal'

2018-05-11 10:26:22 - [MESSAGE][PASSED] - Text '10.0' is set on object 'Object Repository/MOH AND GRN/Page_KDMC - CMS/input_txtdeal'

2018-05-11 10:26:22 - [TEST_STEP][PASSED] - setText: Finding Test Object with id 'Object Repository/MOH AND GRN/Page_KDMC - CMS/input_txtbatchno'

2018-05-11 10:26:22 - [TEST_STEP][PASSED] - Statement - switch (id): Finding Test Object with id 'Object Repository/MOH AND GRN/Page_KDMC - CMS/input_txtmrp'

2018-05-11 10:26:22 - [TEST_STEP][PASSED] - Statement - case 1:: Text 'BA564.0' is set on object 'Object Repository/MOH AND GRN/Page_KDMC - CMS/input_txtbatchno'

2018-05-11 10:26:22 - [TEST_STEP][PASSED] - Statement - return (java.lang.Math.floor((java.lang.Math.random() * ((max - min) + 1))) + min): Text 'BA564.0' is set on object 'Object Repository/MOH AND GRN/Page_KDMC - CMS/input_txtbatchno'

2018-05-11 10:26:22 - [MESSAGE][PASSED] - Text 'BA564.0' is set on object 'Object Repository/MOH AND GRN/Page_KDMC - CMS/input_txtbatchno'

2018-05-11 10:26:22 - [TEST_STEP][PASSED] - rightClick: Object: 'Object Repository/GRN/Page_KDMC - CMS/input_txtexpdate' is right clicked on

2018-05-11 10:26:32 - [MESSAGE][PASSED] - Object: 'Object Repository/GRN/Page_KDMC - CMS/input_txtexpdate' is right clicked on

2018-05-11 10:26:32 - [TEST_STEP][PASSED] - selectOptionByIndex: All options with index in [6] are selected on object 'Object Repository/GRN/Page_KDMC - CMS/select_20182019202020212022202'

2018-05-11 10:26:33 - [MESSAGE][PASSED] - All options with index in [6] are selected on object 'Object Repository/GRN/Page_KDMC - CMS/select_20182019202020212022202'

2018-05-11 10:26:33 - [TEST_STEP][PASSED] - selectOptionByIndex: All options with index in [6] are selected on object 'Object Repository/GRN/Page_KDMC - CMS/select_JanFebMarAprMayJunJulAu'

2018-05-11 10:26:33 - [MESSAGE][PASSED] - All options with index in [6] are selected on object 'Object Repository/GRN/Page_KDMC - CMS/select_JanFebMarAprMayJunJulAu'

2018-05-11 10:26:33 - [TEST_STEP][PASSED] - click: Object: 'Object Repository/MOH AND GRN/Page_KDMC - CMS/a_12' is clicked on

2018-05-11 10:26:38 - [MESSAGE][PASSED] - Object: 'Object Repository/MOH AND GRN/Page_KDMC - CMS/a_12' is clicked on

2018-05-11 10:26:38 - [TEST_STEP][PASSED] - click: Object: 'Object Repository/MOH AND GRN/Page_KDMC - CMS/input_btnadd' is clicked on

2018-05-11 10:26:43 - [MESSAGE][PASSED] - Object: 'Object Repository/MOH AND GRN/Page_KDMC - CMS/input_btnadd' is clicked on

2018-05-11 10:26:43 - [TEST_STEP][PASSED] - Statement - If (s == 10): null

2018-05-11 10:26:43 - [TEST_STEP][PASSED] - Statement - Else: null

2018-05-11 10:26:43 - [TEST_STEP][PASSED] - Statement - (s++): null

2018-05-11 10:26:43 - [TEST_STEP][PASSED] - delay: Delayed 1 second(s)

2018-05-11 10:26:44 - [MESSAGE][PASSED] - Delayed 1 second(s)

2018-05-11 10:26:44 - [TEST_STEP][PASSED] - selectOptionByIndex: All options with index in [57] are selected on object 'Object Repository/MOH AND GRN/Page_KDMC - CMS/select_--Select--Amikacin -500'

2018-05-11 10:26:45 - [MESSAGE][PASSED] - All options with index in [57] are selected on object 'Object Repository/MOH AND GRN/Page_KDMC - CMS/select_--Select--Amikacin -500'

2018-05-11 10:26:45 - [TEST_STEP][PASSED] - setText: Text '5000' is set on object 'Object Repository/MOH AND GRN/Page_KDMC - CMS/input_txtqty'

2018-05-11 10:26:45 - [MESSAGE][PASSED] - Text '5000' is set on object 'Object Repository/MOH AND GRN/Page_KDMC - CMS/input_txtqty'

2018-05-11 10:26:45 - [TEST_STEP][PASSED] - selectOptionByIndex: All options with index in [1] are selected on object 'Object Repository/MOH AND GRN/Page_KDMC - CMS/select_--Select--No Tax0'

2018-05-11 10:26:45 - [MESSAGE][PASSED] - All options with index in [1] are selected on object 'Object Repository/MOH AND GRN/Page_KDMC - CMS/select_--Select--No Tax0'

2018-05-11 10:26:45 - [TEST_STEP][PASSED] - setText: Finding Test Object with id 'Object Repository/MOH AND GRN/Page_KDMC - CMS/input_txtmrp'

2018-05-11 10:26:45 - [TEST_STEP][PASSED] - Statement - switch (id): Finding Test Object with id 'Object Repository/MOH AND GRN/Page_KDMC - CMS/input_txtdeal'

2018-05-11 10:26:45 - [TEST_STEP][PASSED] - Statement - case 4:: Text '40.0' is set on object 'Object Repository/MOH AND GRN/Page_KDMC - CMS/input_txtmrp'

2018-05-11 10:26:45 - [TEST_STEP][PASSED] - Statement - return (java.lang.Math.floor((java.lang.Math.random() * ((max - min) + 1))) + min): Text '40.0' is set on object 'Object Repository/MOH AND GRN/Page_KDMC - CMS/input_txtmrp'

2018-05-11 10:26:45 - [MESSAGE][PASSED] - Text '40.0' is set on object 'Object Repository/MOH AND GRN/Page_KDMC - CMS/input_txtmrp'

2018-05-11 10:26:45 - [TEST_STEP][PASSED] - setText: Finding Test Object with id 'Object Repository/MOH AND GRN/Page_KDMC - CMS/input_txtdeal'

2018-05-11 10:26:45 - [TEST_STEP][PASSED] - Statement - switch (id): Finding Test Object with id 'Object Repository/MOH AND GRN/Page_KDMC - CMS/input_txtbatchno'

2018-05-11 10:26:45 - [TEST_STEP][PASSED] - Statement - case 5:: Text '1.0' is set on object 'Object Repository/MOH AND GRN/Page_KDMC - CMS/input_txtdeal'

2018-05-11 10:26:45 - [TEST_STEP][PASSED] - Statement - return (java.lang.Math.floor((java.lang.Math.random() * ((max - min) + 1))) + min): Text '1.0' is set on object 'Object Repository/MOH AND GRN/Page_KDMC - CMS/input_txtdeal'

2018-05-11 10:26:45 - [MESSAGE][PASSED] - Text '1.0' is set on object 'Object Repository/MOH AND GRN/Page_KDMC - CMS/input_txtdeal'

2018-05-11 10:26:45 - [TEST_STEP][PASSED] - setText: Finding Test Object with id 'Object Repository/MOH AND GRN/Page_KDMC - CMS/input_txtbatchno'

2018-05-11 10:26:45 - [TEST_STEP][PASSED] - Statement - switch (id): Finding Test Object with id 'Object Repository/MOH AND GRN/Page_KDMC - CMS/input_txtmrp'

2018-05-11 10:26:45 - [TEST_STEP][PASSED] - Statement - case 1:: Text 'BA405.0' is set on object 'Object Repository/MOH AND GRN/Page_KDMC - CMS/input_txtbatchno'

2018-05-11 10:26:45 - [TEST_STEP][PASSED] - Statement - return (java.lang.Math.floor((java.lang.Math.random() * ((max - min) + 1))) + min): Text 'BA405.0' is set on object 'Object Repository/MOH AND GRN/Page_KDMC - CMS/input_txtbatchno'

2018-05-11 10:26:45 - [MESSAGE][PASSED] - Text 'BA405.0' is set on object 'Object Repository/MOH AND GRN/Page_KDMC - CMS/input_txtbatchno'

2018-05-11 10:26:45 - [TEST_STEP][PASSED] - rightClick: Object: 'Object Repository/GRN/Page_KDMC - CMS/input_txtexpdate' is right clicked on

2018-05-11 10:26:56 - [MESSAGE][PASSED] - Object: 'Object Repository/GRN/Page_KDMC - CMS/input_txtexpdate' is right clicked on

2018-05-11 10:26:56 - [TEST_STEP][PASSED] - selectOptionByIndex: All options with index in [7] are selected on object 'Object Repository/GRN/Page_KDMC - CMS/select_20182019202020212022202'

2018-05-11 10:26:56 - [MESSAGE][PASSED] - All options with index in [7] are selected on object 'Object Repository/GRN/Page_KDMC - CMS/select_20182019202020212022202'

2018-05-11 10:26:56 - [TEST_STEP][PASSED] - selectOptionByIndex: All options with index in [7] are selected on object 'Object Repository/GRN/Page_KDMC - CMS/select_JanFebMarAprMayJunJulAu'

2018-05-11 10:26:56 - [MESSAGE][PASSED] - All options with index in [7] are selected on object 'Object Repository/GRN/Page_KDMC - CMS/select_JanFebMarAprMayJunJulAu'

2018-05-11 10:26:56 - [TEST_STEP][PASSED] - click: Object: 'Object Repository/MOH AND GRN/Page_KDMC - CMS/a_12' is clicked on

2018-05-11 10:27:01 - [MESSAGE][PASSED] - Object: 'Object Repository/MOH AND GRN/Page_KDMC - CMS/a_12' is clicked on

2018-05-11 10:27:01 - [TEST_STEP][PASSED] - click: Object: 'Object Repository/MOH AND GRN/Page_KDMC - CMS/input_btnadd' is clicked on

2018-05-11 10:27:06 - [MESSAGE][PASSED] - Object: 'Object Repository/MOH AND GRN/Page_KDMC - CMS/input_btnadd' is clicked on

2018-05-11 10:27:06 - [TEST_STEP][PASSED] - Statement - If (s == 10): null

2018-05-11 10:27:06 - [TEST_STEP][PASSED] - Statement - Else: null

2018-05-11 10:27:06 - [TEST_STEP][PASSED] - Statement - (s++): null

2018-05-11 10:27:06 - [TEST_STEP][PASSED] - delay: Delayed 1 second(s)

2018-05-11 10:27:07 - [MESSAGE][PASSED] - Delayed 1 second(s)

2018-05-11 10:27:07 - [TEST_STEP][PASSED] - selectOptionByIndex: All options with index in [58] are selected on object 'Object Repository/MOH AND GRN/Page_KDMC - CMS/select_--Select--Amikacin -500'

2018-05-11 10:27:08 - [MESSAGE][PASSED] - All options with index in [58] are selected on object 'Object Repository/MOH AND GRN/Page_KDMC - CMS/select_--Select--Amikacin -500'

2018-05-11 10:27:08 - [TEST_STEP][PASSED] - setText: Text '5000' is set on object 'Object Repository/MOH AND GRN/Page_KDMC - CMS/input_txtqty'

2018-05-11 10:27:08 - [MESSAGE][PASSED] - Text '5000' is set on object 'Object Repository/MOH AND GRN/Page_KDMC - CMS/input_txtqty'

2018-05-11 10:27:08 - [TEST_STEP][PASSED] - selectOptionByIndex: All options with index in [1] are selected on object 'Object Repository/MOH AND GRN/Page_KDMC - CMS/select_--Select--No Tax0'

2018-05-11 10:27:08 - [MESSAGE][PASSED] - All options with index in [1] are selected on object 'Object Repository/MOH AND GRN/Page_KDMC - CMS/select_--Select--No Tax0'

2018-05-11 10:27:08 - [TEST_STEP][PASSED] - setText: Finding Test Object with id 'Object Repository/MOH AND GRN/Page_KDMC - CMS/input_txtmrp'

2018-05-11 10:27:08 - [TEST_STEP][PASSED] - Statement - switch (id): Finding Test Object with id 'Object Repository/MOH AND GRN/Page_KDMC - CMS/input_txtdeal'

2018-05-11 10:27:08 - [TEST_STEP][PASSED] - Statement - case 4:: Text '40.0' is set on object 'Object Repository/MOH AND GRN/Page_KDMC - CMS/input_txtmrp'

2018-05-11 10:27:08 - [TEST_STEP][PASSED] - Statement - return (java.lang.Math.floor((java.lang.Math.random() * ((max - min) + 1))) + min): Text '40.0' is set on object 'Object Repository/MOH AND GRN/Page_KDMC - CMS/input_txtmrp'

2018-05-11 10:27:08 - [MESSAGE][PASSED] - Text '40.0' is set on object 'Object Repository/MOH AND GRN/Page_KDMC - CMS/input_txtmrp'

2018-05-11 10:27:08 - [TEST_STEP][PASSED] - setText: Finding Test Object with id 'Object Repository/MOH AND GRN/Page_KDMC - CMS/input_txtdeal'

2018-05-11 10:27:08 - [TEST_STEP][PASSED] - Statement - switch (id): Finding Test Object with id 'Object Repository/MOH AND GRN/Page_KDMC - CMS/input_txtbatchno'

2018-05-11 10:27:08 - [TEST_STEP][PASSED] - Statement - case 5:: Text '9.0' is set on object 'Object Repository/MOH AND GRN/Page_KDMC - CMS/input_txtdeal'

2018-05-11 10:27:08 - [TEST_STEP][PASSED] - Statement - return (java.lang.Math.floor((java.lang.Math.random() * ((max - min) + 1))) + min): Text '9.0' is set on object 'Object Repository/MOH AND GRN/Page_KDMC - CMS/input_txtdeal'

2018-05-11 10:27:08 - [MESSAGE][PASSED] - Text '9.0' is set on object 'Object Repository/MOH AND GRN/Page_KDMC - CMS/input_txtdeal'

2018-05-11 10:27:08 - [TEST_STEP][PASSED] - setText: Finding Test Object with id 'Object Repository/MOH AND GRN/Page_KDMC - CMS/input_txtbatchno'

2018-05-11 10:27:08 - [TEST_STEP][PASSED] - Statement - switch (id): Finding Test Object with id 'Object Repository/MOH AND GRN/Page_KDMC - CMS/input_txtmrp'

2018-05-11 10:27:08 - [TEST_STEP][PASSED] - Statement - case 1:: Text 'BA961.0' is set on object 'Object Repository/MOH AND GRN/Page_KDMC - CMS/input_txtbatchno'

2018-05-11 10:27:08 - [TEST_STEP][PASSED] - Statement - return (java.lang.Math.floor((java.lang.Math.random() * ((max - min) + 1))) + min): Text 'BA961.0' is set on object 'Object Repository/MOH AND GRN/Page_KDMC - CMS/input_txtbatchno'

2018-05-11 10:27:09 - [MESSAGE][PASSED] - Text 'BA961.0' is set on object 'Object Repository/MOH AND GRN/Page_KDMC - CMS/input_txtbatchno'

2018-05-11 10:27:09 - [TEST_STEP][PASSED] - rightClick: Object: 'Object Repository/GRN/Page_KDMC - CMS/input_txtexpdate' is right clicked on

2018-05-11 10:27:19 - [MESSAGE][PASSED] - Object: 'Object Repository/GRN/Page_KDMC - CMS/input_txtexpdate' is right clicked on

2018-05-11 10:27:19 - [TEST_STEP][PASSED] - selectOptionByIndex: All options with index in [8] are selected on object 'Object Repository/GRN/Page_KDMC - CMS/select_20182019202020212022202'

2018-05-11 10:27:19 - [MESSAGE][PASSED] - All options with index in [8] are selected on object 'Object Repository/GRN/Page_KDMC - CMS/select_20182019202020212022202'

2018-05-11 10:27:19 - [TEST_STEP][PASSED] - selectOptionByIndex: All options with index in [8] are selected on object 'Object Repository/GRN/Page_KDMC - CMS/select_JanFebMarAprMayJunJulAu'

2018-05-11 10:27:19 - [MESSAGE][PASSED] - All options with index in [8] are selected on object 'Object Repository/GRN/Page_KDMC - CMS/select_JanFebMarAprMayJunJulAu'

2018-05-11 10:27:19 - [TEST_STEP][PASSED] - click: Object: 'Object Repository/MOH AND GRN/Page_KDMC - CMS/a_12' is clicked on

2018-05-11 10:27:24 - [MESSAGE][PASSED] - Object: 'Object Repository/MOH AND GRN/Page_KDMC - CMS/a_12' is clicked on

2018-05-11 10:27:24 - [TEST_STEP][PASSED] - click: Object: 'Object Repository/MOH AND GRN/Page_KDMC - CMS/input_btnadd' is clicked on

2018-05-11 10:27:29 - [MESSAGE][PASSED] - Object: 'Object Repository/MOH AND GRN/Page_KDMC - CMS/input_btnadd' is clicked on

2018-05-11 10:27:29 - [TEST_STEP][PASSED] - Statement - If (s == 10): null

2018-05-11 10:27:29 - [TEST_STEP][PASSED] - Statement - Else: null

2018-05-11 10:27:29 - [TEST_STEP][PASSED] - Statement - (s++): null

2018-05-11 10:27:29 - [TEST_STEP][PASSED] - delay: Delayed 1 second(s)

2018-05-11 10:27:30 - [MESSAGE][PASSED] - Delayed 1 second(s)

2018-05-11 10:27:30 - [TEST_STEP][PASSED] - selectOptionByIndex: All options with index in [59] are selected on object 'Object Repository/MOH AND GRN/Page_KDMC - CMS/select_--Select--Amikacin -500'

2018-05-11 10:27:31 - [MESSAGE][PASSED] - All options with index in [59] are selected on object 'Object Repository/MOH AND GRN/Page_KDMC - CMS/select_--Select--Amikacin -500'

2018-05-11 10:27:31 - [TEST_STEP][PASSED] - setText: Text '5000' is set on object 'Object Repository/MOH AND GRN/Page_KDMC - CMS/input_txtqty'

2018-05-11 10:27:31 - [MESSAGE][PASSED] - Text '5000' is set on object 'Object Repository/MOH AND GRN/Page_KDMC - CMS/input_txtqty'

2018-05-11 10:27:31 - [TEST_STEP][PASSED] - selectOptionByIndex: All options with index in [1] are selected on object 'Object Repository/MOH AND GRN/Page_KDMC - CMS/select_--Select--No Tax0'

2018-05-11 10:27:31 - [MESSAGE][PASSED] - All options with index in [1] are selected on object 'Object Repository/MOH AND GRN/Page_KDMC - CMS/select_--Select--No Tax0'

2018-05-11 10:27:31 - [TEST_STEP][PASSED] - setText: Finding Test Object with id 'Object Repository/MOH AND GRN/Page_KDMC - CMS/input_txtmrp'

2018-05-11 10:27:31 - [TEST_STEP][PASSED] - Statement - switch (id): Finding Test Object with id 'Object Repository/MOH AND GRN/Page_KDMC - CMS/input_txtdeal'

2018-05-11 10:27:31 - [TEST_STEP][PASSED] - Statement - case 4:: Text '31.0' is set on object 'Object Repository/MOH AND GRN/Page_KDMC - CMS/input_txtmrp'

2018-05-11 10:27:31 - [TEST_STEP][PASSED] - Statement - return (java.lang.Math.floor((java.lang.Math.random() * ((max - min) + 1))) + min): Text '31.0' is set on object 'Object Repository/MOH AND GRN/Page_KDMC - CMS/input_txtmrp'

2018-05-11 10:27:32 - [MESSAGE][PASSED] - Text '31.0' is set on object 'Object Repository/MOH AND GRN/Page_KDMC - CMS/input_txtmrp'

2018-05-11 10:27:32 - [TEST_STEP][PASSED] - setText: Finding Test Object with id 'Object Repository/MOH AND GRN/Page_KDMC - CMS/input_txtdeal'

2018-05-11 10:27:32 - [TEST_STEP][PASSED] - Statement - switch (id): Finding Test Object with id 'Object Repository/MOH AND GRN/Page_KDMC - CMS/input_txtbatchno'

2018-05-11 10:27:32 - [TEST_STEP][PASSED] - Statement - case 5:: Text '8.0' is set on object 'Object Repository/MOH AND GRN/Page_KDMC - CMS/input_txtdeal'

2018-05-11 10:27:32 - [TEST_STEP][PASSED] - Statement - return (java.lang.Math.floor((java.lang.Math.random() * ((max - min) + 1))) + min): Text '8.0' is set on object 'Object Repository/MOH AND GRN/Page_KDMC - CMS/input_txtdeal'

2018-05-11 10:27:32 - [MESSAGE][PASSED] - Text '8.0' is set on object 'Object Repository/MOH AND GRN/Page_KDMC - CMS/input_txtdeal'

2018-05-11 10:27:32 - [TEST_STEP][PASSED] - setText: Finding Test Object with id 'Object Repository/MOH AND GRN/Page_KDMC - CMS/input_txtbatchno'

2018-05-11 10:27:32 - [TEST_STEP][PASSED] - Statement - switch (id): Finding Test Object with id 'Object Repository/MOH AND GRN/Page_KDMC - CMS/input_txtmrp'

2018-05-11 10:27:32 - [TEST_STEP][PASSED] - Statement - case 1:: Text 'BA505.0' is set on object 'Object Repository/MOH AND GRN/Page_KDMC - CMS/input_txtbatchno'

2018-05-11 10:27:32 - [TEST_STEP][PASSED] - Statement - return (java.lang.Math.floor((java.lang.Math.random() * ((max - min) + 1))) + min): Text 'BA505.0' is set on object 'Object Repository/MOH AND GRN/Page_KDMC - CMS/input_txtbatchno'

2018-05-11 10:27:32 - [MESSAGE][PASSED] - Text 'BA505.0' is set on object 'Object Repository/MOH AND GRN/Page_KDMC - CMS/input_txtbatchno'

2018-05-11 10:27:32 - [TEST_STEP][PASSED] - rightClick: Object: 'Object Repository/GRN/Page_KDMC - CMS/input_txtexpdate' is right clicked on

2018-05-11 10:27:42 - [MESSAGE][PASSED] - Object: 'Object Repository/GRN/Page_KDMC - CMS/input_txtexpdate' is right clicked on

2018-05-11 10:27:42 - [TEST_STEP][PASSED] - selectOptionByIndex: All options with index in [9] are selected on object 'Object Repository/GRN/Page_KDMC - CMS/select_20182019202020212022202'

2018-05-11 10:27:42 - [MESSAGE][PASSED] - All options with index in [9] are selected on object 'Object Repository/GRN/Page_KDMC - CMS/select_20182019202020212022202'

2018-05-11 10:27:42 - [TEST_STEP][PASSED] - selectOptionByIndex: All options with index in [9] are selected on object 'Object Repository/GRN/Page_KDMC - CMS/select_JanFebMarAprMayJunJulAu'

2018-05-11 10:27:42 - [MESSAGE][PASSED] - All options with index in [9] are selected on object 'Object Repository/GRN/Page_KDMC - CMS/select_JanFebMarAprMayJunJulAu'

2018-05-11 10:27:42 - [TEST_STEP][PASSED] - click: Object: 'Object Repository/MOH AND GRN/Page_KDMC - CMS/a_12' is clicked on

2018-05-11 10:27:48 - [MESSAGE][PASSED] - Object: 'Object Repository/MOH AND GRN/Page_KDMC - CMS/a_12' is clicked on

2018-05-11 10:27:48 - [TEST_STEP][PASSED] - click: Object: 'Object Repository/MOH AND GRN/Page_KDMC - CMS/input_btnadd' is clicked on

2018-05-11 10:27:53 - [MESSAGE][PASSED] - Object: 'Object Repository/MOH AND GRN/Page_KDMC - CMS/input_btnadd' is clicked on

2018-05-11 10:27:53 - [TEST_STEP][PASSED] - Statement - If (s == 10): null

2018-05-11 10:27:53 - [TEST_STEP][PASSED] - Statement - Else: null

2018-05-11 10:27:53 - [TEST_STEP][PASSED] - Statement - (s++): null

2018-05-11 10:27:53 - [TEST_STEP][PASSED] - delay: Delayed 1 second(s)

2018-05-11 10:27:54 - [MESSAGE][PASSED] - Delayed 1 second(s)

2018-05-11 10:27:54 - [TEST_STEP][PASSED] - selectOptionByIndex: All options with index in [60] are selected on object 'Object Repository/MOH AND GRN/Page_KDMC - CMS/select_--Select--Amikacin -500'

2018-05-11 10:27:54 - [MESSAGE][PASSED] - All options with index in [60] are selected on object 'Object Repository/MOH AND GRN/Page_KDMC - CMS/select_--Select--Amikacin -500'

2018-05-11 10:27:54 - [TEST_STEP][PASSED] - setText: Text '5000' is set on object 'Object Repository/MOH AND GRN/Page_KDMC - CMS/input_txtqty'

2018-05-11 10:27:55 - [MESSAGE][PASSED] - Text '5000' is set on object 'Object Repository/MOH AND GRN/Page_KDMC - CMS/input_txtqty'

2018-05-11 10:27:55 - [TEST_STEP][PASSED] - selectOptionByIndex: All options with index in [1] are selected on object 'Object Repository/MOH AND GRN/Page_KDMC - CMS/select_--Select--No Tax0'

2018-05-11 10:27:55 - [MESSAGE][PASSED] - All options with index in [1] are selected on object 'Object Repository/MOH AND GRN/Page_KDMC - CMS/select_--Select--No Tax0'

2018-05-11 10:27:55 - [TEST_STEP][PASSED] - setText: Finding Test Object with id 'Object Repository/MOH AND GRN/Page_KDMC - CMS/input_txtmrp'

2018-05-11 10:27:55 - [TEST_STEP][PASSED] - Statement - switch (id): Finding Test Object with id 'Object Repository/MOH AND GRN/Page_KDMC - CMS/input_txtdeal'

2018-05-11 10:27:55 - [TEST_STEP][PASSED] - Statement - case 4:: Text '41.0' is set on object 'Object Repository/MOH AND GRN/Page_KDMC - CMS/input_txtmrp'

2018-05-11 10:27:55 - [TEST_STEP][PASSED] - Statement - return (java.lang.Math.floor((java.lang.Math.random() * ((max - min) + 1))) + min): Text '41.0' is set on object 'Object Repository/MOH AND GRN/Page_KDMC - CMS/input_txtmrp'

2018-05-11 10:27:55 - [MESSAGE][PASSED] - Text '41.0' is set on object 'Object Repository/MOH AND GRN/Page_KDMC - CMS/input_txtmrp'

2018-05-11 10:27:55 - [TEST_STEP][PASSED] - setText: Finding Test Object with id 'Object Repository/MOH AND GRN/Page_KDMC - CMS/input_txtdeal'

2018-05-11 10:27:55 - [TEST_STEP][PASSED] - Statement - switch (id): Finding Test Object with id 'Object Repository/MOH AND GRN/Page_KDMC - CMS/input_txtbatchno'

2018-05-11 10:27:55 - [TEST_STEP][PASSED] - Statement - case 5:: Text '1.0' is set on object 'Object Repository/MOH AND GRN/Page_KDMC - CMS/input_txtdeal'

2018-05-11 10:27:55 - [TEST_STEP][PASSED] - Statement - return (java.lang.Math.floor((java.lang.Math.random() * ((max - min) + 1))) + min): Text '1.0' is set on object 'Object Repository/MOH AND GRN/Page_KDMC - CMS/input_txtdeal'

2018-05-11 10:27:55 - [MESSAGE][PASSED] - Text '1.0' is set on object 'Object Repository/MOH AND GRN/Page_KDMC - CMS/input_txtdeal'

2018-05-11 10:27:55 - [TEST_STEP][PASSED] - setText: Finding Test Object with id 'Object Repository/MOH AND GRN/Page_KDMC - CMS/input_txtbatchno'

2018-05-11 10:27:55 - [TEST_STEP][PASSED] - Statement - switch (id): Finding Test Object with id 'Object Repository/MOH AND GRN/Page_KDMC - CMS/input_txtmrp'

2018-05-11 10:27:55 - [TEST_STEP][PASSED] - Statement - case 1:: Text 'BA456.0' is set on object 'Object Repository/MOH AND GRN/Page_KDMC - CMS/input_txtbatchno'

2018-05-11 10:27:55 - [TEST_STEP][PASSED] - Statement - return (java.lang.Math.floor((java.lang.Math.random() * ((max - min) + 1))) + min): Text 'BA456.0' is set on object 'Object Repository/MOH AND GRN/Page_KDMC - CMS/input_txtbatchno'

2018-05-11 10:27:55 - [MESSAGE][PASSED] - Text 'BA456.0' is set on object 'Object Repository/MOH AND GRN/Page_KDMC - CMS/input_txtbatchno'

2018-05-11 10:27:55 - [TEST_STEP][PASSED] - rightClick: Object: 'Object Repository/GRN/Page_KDMC - CMS/input_txtexpdate' is right clicked on

2018-05-11 10:28:05 - [MESSAGE][PASSED] - Object: 'Object Repository/GRN/Page_KDMC - CMS/input_txtexpdate' is right clicked on

2018-05-11 10:28:05 - [TEST_STEP][PASSED] - selectOptionByIndex: All options with index in [10] are selected on object 'Object Repository/GRN/Page_KDMC - CMS/select_20182019202020212022202'

2018-05-11 10:28:05 - [MESSAGE][PASSED] - All options with index in [10] are selected on object 'Object Repository/GRN/Page_KDMC - CMS/select_20182019202020212022202'

2018-05-11 10:28:05 - [TEST_STEP][PASSED] - selectOptionByIndex: All options with index in [10] are selected on object 'Object Repository/GRN/Page_KDMC - CMS/select_JanFebMarAprMayJunJulAu'

2018-05-11 10:28:06 - [MESSAGE][PASSED] - All options with index in [10] are selected on object 'Object Repository/GRN/Page_KDMC - CMS/select_JanFebMarAprMayJunJulAu'

2018-05-11 10:28:06 - [TEST_STEP][PASSED] - click: Object: 'Object Repository/MOH AND GRN/Page_KDMC - CMS/a_12' is clicked on

2018-05-11 10:28:11 - [MESSAGE][PASSED] - Object: 'Object Repository/MOH AND GRN/Page_KDMC - CMS/a_12' is clicked on

2018-05-11 10:28:11 - [TEST_STEP][PASSED] - click: Object: 'Object Repository/MOH AND GRN/Page_KDMC - CMS/input_btnadd' is clicked on

2018-05-11 10:28:16 - [MESSAGE][PASSED] - Object: 'Object Repository/MOH AND GRN/Page_KDMC - CMS/input_btnadd' is clicked on

2018-05-11 10:28:16 - [TEST_STEP][PASSED] - Statement - If (s == 10): null

2018-05-11 10:28:16 - [TEST_STEP][PASSED] - Statement - s = 1: null

2018-05-11 10:28:16 - [TEST_STEP][PASSED] - delay: Delayed 1 second(s)

2018-05-11 10:28:17 - [MESSAGE][PASSED] - Delayed 1 second(s)

2018-05-11 10:28:17 - [TEST_STEP][PASSED] - selectOptionByIndex: All options with index in [61] are selected on object 'Object Repository/MOH AND GRN/Page_KDMC - CMS/select_--Select--Amikacin -500'

2018-05-11 10:28:18 - [MESSAGE][PASSED] - All options with index in [61] are selected on object 'Object Repository/MOH AND GRN/Page_KDMC - CMS/select_--Select--Amikacin -500'

2018-05-11 10:28:18 - [TEST_STEP][PASSED] - setText: Text '5000' is set on object 'Object Repository/MOH AND GRN/Page_KDMC - CMS/input_txtqty'

2018-05-11 10:28:18 - [MESSAGE][PASSED] - Text '5000' is set on object 'Object Repository/MOH AND GRN/Page_KDMC - CMS/input_txtqty'

2018-05-11 10:28:18 - [TEST_STEP][PASSED] - selectOptionByIndex: All options with index in [1] are selected on object 'Object Repository/MOH AND GRN/Page_KDMC - CMS/select_--Select--No Tax0'

2018-05-11 10:28:18 - [MESSAGE][PASSED] - All options with index in [1] are selected on object 'Object Repository/MOH AND GRN/Page_KDMC - CMS/select_--Select--No Tax0'

2018-05-11 10:28:18 - [TEST_STEP][PASSED] - setText: Finding Test Object with id 'Object Repository/MOH AND GRN/Page_KDMC - CMS/input_txtmrp'

2018-05-11 10:28:18 - [TEST_STEP][PASSED] - Statement - switch (id): Finding Test Object with id 'Object Repository/MOH AND GRN/Page_KDMC - CMS/input_txtdeal'

2018-05-11 10:28:18 - [TEST_STEP][PASSED] - Statement - case 4:: Text '16.0' is set on object 'Object Repository/MOH AND GRN/Page_KDMC - CMS/input_txtmrp'

2018-05-11 10:28:18 - [TEST_STEP][PASSED] - Statement - return (java.lang.Math.floor((java.lang.Math.random() * ((max - min) + 1))) + min): Text '16.0' is set on object 'Object Repository/MOH AND GRN/Page_KDMC - CMS/input_txtmrp'

2018-05-11 10:28:18 - [MESSAGE][PASSED] - Text '16.0' is set on object 'Object Repository/MOH AND GRN/Page_KDMC - CMS/input_txtmrp'

2018-05-11 10:28:18 - [TEST_STEP][PASSED] - setText: Finding Test Object with id 'Object Repository/MOH AND GRN/Page_KDMC - CMS/input_txtdeal'

2018-05-11 10:28:18 - [TEST_STEP][PASSED] - Statement - switch (id): Finding Test Object with id 'Object Repository/MOH AND GRN/Page_KDMC - CMS/input_txtbatchno'

2018-05-11 10:28:18 - [TEST_STEP][PASSED] - Statement - case 5:: Text '5.0' is set on object 'Object Repository/MOH AND GRN/Page_KDMC - CMS/input_txtdeal'

2018-05-11 10:28:18 - [TEST_STEP][PASSED] - Statement - return (java.lang.Math.floor((java.lang.Math.random() * ((max - min) + 1))) + min): Text '5.0' is set on object 'Object Repository/MOH AND GRN/Page_KDMC - CMS/input_txtdeal'

2018-05-11 10:28:18 - [MESSAGE][PASSED] - Text '5.0' is set on object 'Object Repository/MOH AND GRN/Page_KDMC - CMS/input_txtdeal'

2018-05-11 10:28:18 - [TEST_STEP][PASSED] - setText: Finding Test Object with id 'Object Repository/MOH AND GRN/Page_KDMC - CMS/input_txtbatchno'

2018-05-11 10:28:18 - [TEST_STEP][PASSED] - Statement - switch (id): Finding Test Object with id 'Object Repository/MOH AND GRN/Page_KDMC - CMS/input_txtmrp'

2018-05-11 10:28:18 - [TEST_STEP][PASSED] - Statement - case 1:: Text 'BA303.0' is set on object 'Object Repository/MOH AND GRN/Page_KDMC - CMS/input_txtbatchno'

2018-05-11 10:28:18 - [TEST_STEP][PASSED] - Statement - return (java.lang.Math.floor((java.lang.Math.random() * ((max - min) + 1))) + min): Text 'BA303.0' is set on object 'Object Repository/MOH AND GRN/Page_KDMC - CMS/input_txtbatchno'

2018-05-11 10:28:18 - [MESSAGE][PASSED] - Text 'BA303.0' is set on object 'Object Repository/MOH AND GRN/Page_KDMC - CMS/input_txtbatchno'

2018-05-11 10:28:18 - [TEST_STEP][PASSED] - rightClick: Object: 'Object Repository/GRN/Page_KDMC - CMS/input_txtexpdate' is right clicked on

2018-05-11 10:28:28 - [MESSAGE][PASSED] - Object: 'Object Repository/GRN/Page_KDMC - CMS/input_txtexpdate' is right clicked on

2018-05-11 10:28:28 - [TEST_STEP][PASSED] - selectOptionByIndex: All options with index in [1] are selected on object 'Object Repository/GRN/Page_KDMC - CMS/select_20182019202020212022202'

2018-05-11 10:28:29 - [MESSAGE][PASSED] - All options with index in [1] are selected on object 'Object Repository/GRN/Page_KDMC - CMS/select_20182019202020212022202'

2018-05-11 10:28:29 - [TEST_STEP][PASSED] - selectOptionByIndex: All options with index in [1] are selected on object 'Object Repository/GRN/Page_KDMC - CMS/select_JanFebMarAprMayJunJulAu'

2018-05-11 10:28:29 - [MESSAGE][PASSED] - All options with index in [1] are selected on object 'Object Repository/GRN/Page_KDMC - CMS/select_JanFebMarAprMayJunJulAu'

2018-05-11 10:28:29 - [TEST_STEP][PASSED] - click: Object: 'Object Repository/MOH AND GRN/Page_KDMC - CMS/a_12' is clicked on

2018-05-11 10:28:34 - [MESSAGE][PASSED] - Object: 'Object Repository/MOH AND GRN/Page_KDMC - CMS/a_12' is clicked on

2018-05-11 10:28:34 - [TEST_STEP][PASSED] - click: Object: 'Object Repository/MOH AND GRN/Page_KDMC - CMS/input_btnadd' is clicked on

2018-05-11 10:28:39 - [MESSAGE][PASSED] - Object: 'Object Repository/MOH AND GRN/Page_KDMC - CMS/input_btnadd' is clicked on

2018-05-11 10:28:39 - [TEST_STEP][PASSED] - Statement - If (s == 10): null

2018-05-11 10:28:39 - [TEST_STEP][PASSED] - Statement - Else: null

2018-05-11 10:28:39 - [TEST_STEP][PASSED] - Statement - (s++): null

2018-05-11 10:28:39 - [TEST_STEP][PASSED] - delay: Delayed 1 second(s)

2018-05-11 10:28:40 - [MESSAGE][PASSED] - Delayed 1 second(s)

2018-05-11 10:28:40 - [TEST_STEP][PASSED] - selectOptionByIndex: All options with index in [62] are selected on object 'Object Repository/MOH AND GRN/Page_KDMC - CMS/select_--Select--Amikacin -500'

2018-05-11 10:28:41 - [MESSAGE][PASSED] - All options with index in [62] are selected on object 'Object Repository/MOH AND GRN/Page_KDMC - CMS/select_--Select--Amikacin -500'

2018-05-11 10:28:41 - [TEST_STEP][PASSED] - setText: Text '5000' is set on object 'Object Repository/MOH AND GRN/Page_KDMC - CMS/input_txtqty'

2018-05-11 10:28:41 - [MESSAGE][PASSED] - Text '5000' is set on object 'Object Repository/MOH AND GRN/Page_KDMC - CMS/input_txtqty'

2018-05-11 10:28:41 - [TEST_STEP][PASSED] - selectOptionByIndex: All options with index in [1] are selected on object 'Object Repository/MOH AND GRN/Page_KDMC - CMS/select_--Select--No Tax0'

2018-05-11 10:28:41 - [MESSAGE][PASSED] - All options with index in [1] are selected on object 'Object Repository/MOH AND GRN/Page_KDMC - CMS/select_--Select--No Tax0'

2018-05-11 10:28:41 - [TEST_STEP][PASSED] - setText: Finding Test Object with id 'Object Repository/MOH AND GRN/Page_KDMC - CMS/input_txtmrp'

2018-05-11 10:28:41 - [TEST_STEP][PASSED] - Statement - switch (id): Finding Test Object with id 'Object Repository/MOH AND GRN/Page_KDMC - CMS/input_txtdeal'

2018-05-11 10:28:41 - [TEST_STEP][PASSED] - Statement - case 4:: Text '17.0' is set on object 'Object Repository/MOH AND GRN/Page_KDMC - CMS/input_txtmrp'

2018-05-11 10:28:41 - [TEST_STEP][PASSED] - Statement - return (java.lang.Math.floor((java.lang.Math.random() * ((max - min) + 1))) + min): Text '17.0' is set on object 'Object Repository/MOH AND GRN/Page_KDMC - CMS/input_txtmrp'

2018-05-11 10:28:41 - [MESSAGE][PASSED] - Text '17.0' is set on object 'Object Repository/MOH AND GRN/Page_KDMC - CMS/input_txtmrp'

2018-05-11 10:28:41 - [TEST_STEP][PASSED] - setText: Finding Test Object with id 'Object Repository/MOH AND GRN/Page_KDMC - CMS/input_txtdeal'

2018-05-11 10:28:41 - [TEST_STEP][PASSED] - Statement - switch (id): Finding Test Object with id 'Object Repository/MOH AND GRN/Page_KDMC - CMS/input_txtbatchno'

2018-05-11 10:28:41 - [TEST_STEP][PASSED] - Statement - case 5:: Text '12.0' is set on object 'Object Repository/MOH AND GRN/Page_KDMC - CMS/input_txtdeal'

2018-05-11 10:28:41 - [TEST_STEP][PASSED] - Statement - return (java.lang.Math.floor((java.lang.Math.random() * ((max - min) + 1))) + min): Text '12.0' is set on object 'Object Repository/MOH AND GRN/Page_KDMC - CMS/input_txtdeal'

2018-05-11 10:28:41 - [MESSAGE][PASSED] - Text '12.0' is set on object 'Object Repository/MOH AND GRN/Page_KDMC - CMS/input_txtdeal'

2018-05-11 10:28:41 - [TEST_STEP][PASSED] - setText: Finding Test Object with id 'Object Repository/MOH AND GRN/Page_KDMC - CMS/input_txtbatchno'

2018-05-11 10:28:41 - [TEST_STEP][PASSED] - Statement - switch (id): Finding Test Object with id 'Object Repository/MOH AND GRN/Page_KDMC - CMS/input_txtmrp'

2018-05-11 10:28:41 - [TEST_STEP][PASSED] - Statement - case 1:: Text 'BA590.0' is set on object 'Object Repository/MOH AND GRN/Page_KDMC - CMS/input_txtbatchno'

2018-05-11 10:28:41 - [TEST_STEP][PASSED] - Statement - return (java.lang.Math.floor((java.lang.Math.random() * ((max - min) + 1))) + min): Text 'BA590.0' is set on object 'Object Repository/MOH AND GRN/Page_KDMC - CMS/input_txtbatchno'

2018-05-11 10:28:41 - [MESSAGE][PASSED] - Text 'BA590.0' is set on object 'Object Repository/MOH AND GRN/Page_KDMC - CMS/input_txtbatchno'

2018-05-11 10:28:41 - [TEST_STEP][PASSED] - rightClick: Object: 'Object Repository/GRN/Page_KDMC - CMS/input_txtexpdate' is right clicked on

2018-05-11 10:28:52 - [MESSAGE][PASSED] - Object: 'Object Repository/GRN/Page_KDMC - CMS/input_txtexpdate' is right clicked on

2018-05-11 10:28:52 - [TEST_STEP][PASSED] - selectOptionByIndex: All options with index in [2] are selected on object 'Object Repository/GRN/Page_KDMC - CMS/select_20182019202020212022202'

2018-05-11 10:28:52 - [MESSAGE][PASSED] - All options with index in [2] are selected on object 'Object Repository/GRN/Page_KDMC - CMS/select_20182019202020212022202'

2018-05-11 10:28:52 - [TEST_STEP][PASSED] - selectOptionByIndex: All options with index in [2] are selected on object 'Object Repository/GRN/Page_KDMC - CMS/select_JanFebMarAprMayJunJulAu'

2018-05-11 10:28:52 - [MESSAGE][PASSED] - All options with index in [2] are selected on object 'Object Repository/GRN/Page_KDMC - CMS/select_JanFebMarAprMayJunJulAu'

2018-05-11 10:28:52 - [TEST_STEP][PASSED] - click: Object: 'Object Repository/MOH AND GRN/Page_KDMC - CMS/a_12' is clicked on

2018-05-11 10:28:57 - [MESSAGE][PASSED] - Object: 'Object Repository/MOH AND GRN/Page_KDMC - CMS/a_12' is clicked on

2018-05-11 10:28:57 - [TEST_STEP][PASSED] - click: Object: 'Object Repository/MOH AND GRN/Page_KDMC - CMS/input_btnadd' is clicked on

2018-05-11 10:29:02 - [MESSAGE][PASSED] - Object: 'Object Repository/MOH AND GRN/Page_KDMC - CMS/input_btnadd' is clicked on

2018-05-11 10:29:02 - [TEST_STEP][PASSED] - Statement - If (s == 10): null

2018-05-11 10:29:02 - [TEST_STEP][PASSED] - Statement - Else: null

2018-05-11 10:29:02 - [TEST_STEP][PASSED] - Statement - (s++): null

2018-05-11 10:29:02 - [TEST_STEP][PASSED] - delay: Delayed 1 second(s)

2018-05-11 10:29:03 - [MESSAGE][PASSED] - Delayed 1 second(s)

2018-05-11 10:29:03 - [TEST_STEP][PASSED] - selectOptionByIndex: All options with index in [63] are selected on object 'Object Repository/MOH AND GRN/Page_KDMC - CMS/select_--Select--Amikacin -500'

2018-05-11 10:29:04 - [MESSAGE][PASSED] - All options with index in [63] are selected on object 'Object Repository/MOH AND GRN/Page_KDMC - CMS/select_--Select--Amikacin -500'

2018-05-11 10:29:04 - [TEST_STEP][PASSED] - setText: Text '5000' is set on object 'Object Repository/MOH AND GRN/Page_KDMC - CMS/input_txtqty'

2018-05-11 10:29:04 - [MESSAGE][PASSED] - Text '5000' is set on object 'Object Repository/MOH AND GRN/Page_KDMC - CMS/input_txtqty'

2018-05-11 10:29:04 - [TEST_STEP][PASSED] - selectOptionByIndex: All options with index in [1] are selected on object 'Object Repository/MOH AND GRN/Page_KDMC - CMS/select_--Select--No Tax0'

2018-05-11 10:29:04 - [MESSAGE][PASSED] - All options with index in [1] are selected on object 'Object Repository/MOH AND GRN/Page_KDMC - CMS/select_--Select--No Tax0'

2018-05-11 10:29:04 - [TEST_STEP][PASSED] - setText: Finding Test Object with id 'Object Repository/MOH AND GRN/Page_KDMC - CMS/input_txtmrp'

2018-05-11 10:29:04 - [TEST_STEP][PASSED] - Statement - switch (id): Finding Test Object with id 'Object Repository/MOH AND GRN/Page_KDMC - CMS/input_txtdeal'

2018-05-11 10:29:04 - [TEST_STEP][PASSED] - Statement - case 4:: Text '36.0' is set on object 'Object Repository/MOH AND GRN/Page_KDMC - CMS/input_txtmrp'

2018-05-11 10:29:04 - [TEST_STEP][PASSED] - Statement - return (java.lang.Math.floor((java.lang.Math.random() * ((max - min) + 1))) + min): Text '36.0' is set on object 'Object Repository/MOH AND GRN/Page_KDMC - CMS/input_txtmrp'

2018-05-11 10:29:04 - [MESSAGE][PASSED] - Text '36.0' is set on object 'Object Repository/MOH AND GRN/Page_KDMC - CMS/input_txtmrp'

2018-05-11 10:29:04 - [TEST_STEP][PASSED] - setText: Finding Test Object with id 'Object Repository/MOH AND GRN/Page_KDMC - CMS/input_txtdeal'

2018-05-11 10:29:04 - [TEST_STEP][PASSED] - Statement - switch (id): Finding Test Object with id 'Object Repository/MOH AND GRN/Page_KDMC - CMS/input_txtbatchno'

2018-05-11 10:29:04 - [TEST_STEP][PASSED] - Statement - case 5:: Text '4.0' is set on object 'Object Repository/MOH AND GRN/Page_KDMC - CMS/input_txtdeal'

2018-05-11 10:29:04 - [TEST_STEP][PASSED] - Statement - return (java.lang.Math.floor((java.lang.Math.random() * ((max - min) + 1))) + min): Text '4.0' is set on object 'Object Repository/MOH AND GRN/Page_KDMC - CMS/input_txtdeal'

2018-05-11 10:29:04 - [MESSAGE][PASSED] - Text '4.0' is set on object 'Object Repository/MOH AND GRN/Page_KDMC - CMS/input_txtdeal'

2018-05-11 10:29:04 - [TEST_STEP][PASSED] - setText: Finding Test Object with id 'Object Repository/MOH AND GRN/Page_KDMC - CMS/input_txtbatchno'

2018-05-11 10:29:04 - [TEST_STEP][PASSED] - Statement - switch (id): Delayed 1 second(s)

2018-05-11 10:29:04 - [TEST_STEP][PASSED] - Statement - case 1:: Text 'BA174.0' is set on object 'Object Repository/MOH AND GRN/Page_KDMC - CMS/input_txtbatchno'

2018-05-11 10:29:04 - [TEST_STEP][PASSED] - Statement - return (java.lang.Math.floor((java.lang.Math.random() * ((max - min) + 1))) + min): Text 'BA174.0' is set on object 'Object Repository/MOH AND GRN/Page_KDMC - CMS/input_txtbatchno'

2018-05-11 10:29:05 - [MESSAGE][PASSED] - Text 'BA174.0' is set on object 'Object Repository/MOH AND GRN/Page_KDMC - CMS/input_txtbatchno'

2018-05-11 10:29:05 - [TEST_STEP][PASSED] - rightClick: Object: 'Object Repository/GRN/Page_KDMC - CMS/input_txtexpdate' is right clicked on

2018-05-11 10:29:15 - [MESSAGE][PASSED] - Object: 'Object Repository/GRN/Page_KDMC - CMS/input_txtexpdate' is right clicked on

2018-05-11 10:29:15 - [TEST_STEP][PASSED] - selectOptionByIndex: All options with index in [3] are selected on object 'Object Repository/GRN/Page_KDMC - CMS/select_20182019202020212022202'

2018-05-11 10:29:15 - [MESSAGE][PASSED] - All options with index in [3] are selected on object 'Object Repository/GRN/Page_KDMC - CMS/select_20182019202020212022202'

2018-05-11 10:29:15 - [TEST_STEP][PASSED] - selectOptionByIndex: All options with index in [3] are selected on object 'Object Repository/GRN/Page_KDMC - CMS/select_JanFebMarAprMayJunJulAu'

2018-05-11 10:29:15 - [MESSAGE][PASSED] - All options with index in [3] are selected on object 'Object Repository/GRN/Page_KDMC - CMS/select_JanFebMarAprMayJunJulAu'

2018-05-11 10:29:15 - [TEST_STEP][PASSED] - click: Object: 'Object Repository/MOH AND GRN/Page_KDMC - CMS/a_12' is clicked on

2018-05-11 10:29:20 - [MESSAGE][PASSED] - Object: 'Object Repository/MOH AND GRN/Page_KDMC - CMS/a_12' is clicked on

2018-05-11 10:29:20 - [TEST_STEP][PASSED] - click: Object: 'Object Repository/MOH AND GRN/Page_KDMC - CMS/input_btnadd' is clicked on

2018-05-11 10:29:25 - [MESSAGE][PASSED] - Object: 'Object Repository/MOH AND GRN/Page_KDMC - CMS/input_btnadd' is clicked on

2018-05-11 10:29:25 - [TEST_STEP][PASSED] - Statement - If (s == 10): null

2018-05-11 10:29:25 - [TEST_STEP][PASSED] - Statement - Else: null

2018-05-11 10:29:25 - [TEST_STEP][PASSED] - Statement - (s++): null

2018-05-11 10:29:25 - [TEST_STEP][PASSED] - delay: Delayed 1 second(s)

2018-05-11 10:29:26 - [MESSAGE][PASSED] - Delayed 1 second(s)

2018-05-11 10:29:26 - [TEST_STEP][PASSED] - scrollToElement: Scroll to object 'Object Repository/MOH AND GRN/Page_KDMC - CMS/input_btnSubmit' successfully

2018-05-11 10:29:26 - [MESSAGE][PASSED] - Scroll to object 'Object Repository/MOH AND GRN/Page_KDMC - CMS/input_btnSubmit' successfully

2018-05-11 10:29:26 - [TEST_STEP][PASSED] - click: Object: 'Object Repository/MOH AND GRN/Page_KDMC - CMS/input_btnSubmit' is clicked on

2018-05-11 10:29:31 - [MESSAGE][PASSED] - Object: 'Object Repository/MOH AND GRN/Page_KDMC - CMS/input_btnSubmit' is clicked on

2018-05-11 10:29:31 - [TEST_STEP][PASSED] - delay: Delayed 3 second(s)

2018-05-11 10:29:34 - [MESSAGE][PASSED] - Delayed 3 second(s)

2018-05-11 10:29:34 - [TEST_STEP][PASSED] - click: Object: 'Object Repository/MOH AND GRN/Page_KDMC - CMS/button_OK' is clicked on

2018-05-11 10:29:40 - [MESSAGE][PASSED] - Object: 'Object Repository/MOH AND GRN/Page_KDMC - CMS/button_OK' is clicked on

2018-05-11 10:29:40 - [TEST_STEP][PASSED] - delay: Delayed 2 second(s)

2018-05-11 10:29:42 - [MESSAGE][PASSED] - Delayed 2 second(s)

2018-05-11 10:29:42 - [TEST_STEP][PASSED] - delay: Delayed 3 second(s)

2018-05-11 10:29:45 - [MESSAGE][PASSED] - Delayed 3 second(s)

2018-05-11 10:29:45 - [TEST_STEP][FAILED] - click: Unable to click on object 'Object Repository/MOH AND GRN/Page_KDMC - CMS/a_dropdown-toggle' (Root cause: com.kms.katalon.core.webui.exception.WebElementNotFoundException: Web element with id: 'Object Repository/MOH AND GRN/Page_KDMC - CMS/a_dropdown-toggle' located by 'By.xpath: /html[1]/body[@class="skin-blue  pace-done"]/header[@class="header"]/div[@class="row"]/div[@class="col-md-12"]/nav[@class="navbar navbar-static-top"]/div[@class="navbar-right"]/ul[@class="nav navbar-nav"]/li[@class="dropdown user user-menu"]/a[@class="dropdown-toggle"][count(. | //*[@class = 'dropdown-toggle' and @data-toggle = 'dropdown']) = count(//*[@class = 'dropdown-toggle' and @data-toggle = 'dropdown'])]' not found)

2018-05-11 10:30:17 - [MESSAGE][FAILED] - Unable to click on object 'Object Repository/MOH AND GRN/Page_KDMC - CMS/a_dropdown-toggle' (Root cause: com.kms.katalon.core.webui.exception.WebElementNotFoundException: Web element with id: 'Object Repository/MOH AND GRN/Page_KDMC - CMS/a_dropdown-toggle' located by 'By.xpath: /html[1]/body[@class="skin-blue  pace-done"]/header[@class="header"]/div[@class="row"]/div[@class="col-md-12"]/nav[@class="navbar navbar-static-top"]/div[@class="navbar-right"]/ul[@class="nav navbar-nav"]/li[@class="dropdown user user-menu"]/a[@class="dropdown-toggle"][count(. | //*[@class = 'dropdown-toggle' and @data-toggle = 'dropdown']) = count(//*[@class = 'dropdown-toggle' and @data-toggle = 'dropdown'])]' not found)
[[ATTACHMENT|C:\\Users\\Quality Analyst\\Katalon Studio\\ds\\Reports\\MOH REQUEST AND GRN\\20180511_101930\\1526014816343.png]]]]></system-out>
         <system-err><![CDATA[2018-05-11 10:19:42 - [TEST_CASE][FAILED] - Test Cases/MOH REQUEST AND GRN/Moh Request GRN Schedule 1: Test Cases/MOH REQUEST AND GRN/Moh Request GRN Schedule 1 FAILED because (of) Unable to click on object 'Object Repository/MOH AND GRN/Page_KDMC - CMS/a_dropdown-toggle' (Root cause: com.kms.katalon.core.webui.exception.WebElementNotFoundException: Web element with id: 'Object Repository/MOH AND GRN/Page_KDMC - CMS/a_dropdown-toggle' located by 'By.xpath: /html[1]/body[@class="skin-blue  pace-done"]/header[@class="header"]/div[@class="row"]/div[@class="col-md-12"]/nav[@class="navbar navbar-static-top"]/div[@class="navbar-right"]/ul[@class="nav navbar-nav"]/li[@class="dropdown user user-menu"]/a[@class="dropdown-toggle"][count(. | //*[@class = 'dropdown-toggle' and @data-toggle = 'dropdown']) = count(//*[@class = 'dropdown-toggle' and @data-toggle = 'dropdown'])]' not found)]]></system-err>
      </testcase>
      <testcase name="Test Cases/MOH REQUEST AND GRN/Moh Request GRN  Schedule 2" classname="Test Cases/MOH REQUEST AND GRN/Moh Request GRN  Schedule 2" status="FAILED">
         <failure type="FAILED" message="Unable to set text '5000' of object 'Object Repository/MOH AND GRN/Page_KDMC - CMS/input_txtqty' (Root cause: org.openqa.selenium.WebDriverException: unknown error: cannot focus element
  (Session info: chrome=66.0.3359.139)
  (Driver info: chromedriver=2.35.528161 (5b82f2d2aae0ca24b877009200ced9065a772e73),platform=Windows NT 10.0.16299 x86_64) (WARNING: The server did not provide any stacktrace information)
Command duration or timeout: 0 milliseconds
Build info: version: '3.7.1', revision: '8a0099a', time: '2017-11-06T21:07:36.161Z'
System info: host: 'DESKTOP-BLFTK83', ip: '192.168.71.2', os.name: 'Windows 10', os.arch: 'amd64', os.version: '10.0', java.version: '1.8.0_102'
Driver info: com.kms.katalon.selenium.driver.CChromeDriver
Capabilities {acceptInsecureCerts: false, acceptSslCerts: false, applicationCacheEnabled: false, browserConnectionEnabled: false, browserName: chrome, chrome: {chromedriverVersion: 2.35.528161 (5b82f2d2aae0ca..., userDataDir: C:\Users\QUALIT~1\AppData\L...}, cssSelectorsEnabled: true, databaseEnabled: false, handlesAlerts: true, hasTouchScreen: false, javascriptEnabled: true, locationContextEnabled: true, mobileEmulationEnabled: false, nativeEvents: true, networkConnectionEnabled: false, pageLoadStrategy: normal, platform: XP, platformName: XP, rotatable: false, setWindowRect: true, takesHeapSnapshot: true, takesScreenshot: true, unexpectedAlertBehaviour: , unhandledPromptBehavior: , version: 66.0.3359.139, webStorageEnabled: true}
Session ID: 52da15dd6eedf51f3c084d81b8e1f665)"/>
         <system-out><![CDATA[2018-05-11 10:30:17 - [TEST_CASE][FAILED] - Test Cases/MOH REQUEST AND GRN/Moh Request GRN  Schedule 2: Test Cases/MOH REQUEST AND GRN/Moh Request GRN  Schedule 2 FAILED because (of) Unable to set text '5000' of object 'Object Repository/MOH AND GRN/Page_KDMC - CMS/input_txtqty' (Root cause: org.openqa.selenium.WebDriverException: unknown error: cannot focus element
  (Session info: chrome=66.0.3359.139)
  (Driver info: chromedriver=2.35.528161 (5b82f2d2aae0ca24b877009200ced9065a772e73),platform=Windows NT 10.0.16299 x86_64) (WARNING: The server did not provide any stacktrace information)
Command duration or timeout: 0 milliseconds
Build info: version: '3.7.1', revision: '8a0099a', time: '2017-11-06T21:07:36.161Z'
System info: host: 'DESKTOP-BLFTK83', ip: '192.168.71.2', os.name: 'Windows 10', os.arch: 'amd64', os.version: '10.0', java.version: '1.8.0_102'
Driver info: com.kms.katalon.selenium.driver.CChromeDriver
Capabilities {acceptInsecureCerts: false, acceptSslCerts: false, applicationCacheEnabled: false, browserConnectionEnabled: false, browserName: chrome, chrome: {chromedriverVersion: 2.35.528161 (5b82f2d2aae0ca..., userDataDir: C:\Users\QUALIT~1\AppData\L...}, cssSelectorsEnabled: true, databaseEnabled: false, handlesAlerts: true, hasTouchScreen: false, javascriptEnabled: true, locationContextEnabled: true, mobileEmulationEnabled: false, nativeEvents: true, networkConnectionEnabled: false, pageLoadStrategy: normal, platform: XP, platformName: XP, rotatable: false, setWindowRect: true, takesHeapSnapshot: true, takesScreenshot: true, unexpectedAlertBehaviour: , unhandledPromptBehavior: , version: 66.0.3359.139, webStorageEnabled: true}
Session ID: 52da15dd6eedf51f3c084d81b8e1f665)

2018-05-11 10:30:17 - [TEST_STEP][PASSED] - openBrowser: Browser is opened with url: ''

2018-05-11 10:30:17 - [MESSAGE][WARNING] - A browser is already opened. Closing browser and opening a new one

2018-05-11 10:30:20 - [MESSAGE][PASSED] - Browser is opened with url: ''

2018-05-11 10:30:20 - [TEST_STEP][PASSED] - navigateToUrl: Navigate to 'http://192.168.137.1/multihospital_new/' successfully

2018-05-11 10:30:25 - [MESSAGE][PASSED] - Navigate to 'http://192.168.137.1/multihospital_new/' successfully

2018-05-11 10:30:25 - [TEST_STEP][PASSED] - maximizeWindow: Current window maximized

2018-05-11 10:30:26 - [MESSAGE][PASSED] - Current window maximized

2018-05-11 10:30:26 - [TEST_STEP][PASSED] - click: Object: 'Object Repository/MOH AND GRN/Page_KDMC/a_CMS' is clicked on

2018-05-11 10:30:27 - [MESSAGE][PASSED] - Object: 'Object Repository/MOH AND GRN/Page_KDMC/a_CMS' is clicked on

2018-05-11 10:30:27 - [TEST_STEP][PASSED] - setText: Text 'bala' is set on object 'Object Repository/MOH AND GRN/Page_CMS login/input_txtusername'

2018-05-11 10:30:27 - [MESSAGE][PASSED] - Text 'bala' is set on object 'Object Repository/MOH AND GRN/Page_CMS login/input_txtusername'

2018-05-11 10:30:27 - [TEST_STEP][PASSED] - setText: Text '123' is set on object 'Object Repository/MOH AND GRN/Page_CMS login/input_txtpassword'

2018-05-11 10:30:27 - [MESSAGE][PASSED] - Text '123' is set on object 'Object Repository/MOH AND GRN/Page_CMS login/input_txtpassword'

2018-05-11 10:30:27 - [TEST_STEP][PASSED] - delay: Delayed 3 second(s)

2018-05-11 10:30:30 - [MESSAGE][PASSED] - Delayed 3 second(s)

2018-05-11 10:30:30 - [TEST_STEP][PASSED] - click: Object: 'Object Repository/MOH AND GRN/Page_CMS login/button_Sign in' is clicked on

2018-05-11 10:30:31 - [MESSAGE][PASSED] - Object: 'Object Repository/MOH AND GRN/Page_CMS login/button_Sign in' is clicked on

2018-05-11 10:30:31 - [TEST_STEP][PASSED] - click: Object: 'Object Repository/MOH AND GRN/Page_KDMC - CMS/a_Request to MOH' is clicked on

2018-05-11 10:30:31 - [MESSAGE][PASSED] - Object: 'Object Repository/MOH AND GRN/Page_KDMC - CMS/a_Request to MOH' is clicked on

2018-05-11 10:30:31 - [TEST_STEP][PASSED] - selectOptionByIndex: All options with index in [2] are selected on object 'Object Repository/MOH AND GRN/Page_KDMC - CMS/select_--Select--'

2018-05-11 10:30:32 - [MESSAGE][PASSED] - All options with index in [2] are selected on object 'Object Repository/MOH AND GRN/Page_KDMC - CMS/select_--Select--'

2018-05-11 10:30:32 - [TEST_STEP][PASSED] - selectOptionByIndex: All options with index in [2] are selected on object 'Object Repository/MOH AND GRN/Page_KDMC - CMS/select_--Select--Schedule 1Inj'

2018-05-11 10:30:32 - [MESSAGE][PASSED] - All options with index in [2] are selected on object 'Object Repository/MOH AND GRN/Page_KDMC - CMS/select_--Select--Schedule 1Inj'

2018-05-11 10:30:32 - [TEST_STEP][PASSED] - Statement - selectedoptions = com.kms.katalon.core.webui.keyword.WebUiBuiltInKeywords.getNumberOfTotalOption(com.kms.katalon.core.testobject.ObjectRepository.findTestObject(MOH AND GRN/Page_KDMC - CMS/select_--Select--Adernaline 0.)): 73 options of object 'Object Repository/MOH AND GRN/Page_KDMC - CMS/select_--Select--Adernaline 0.' counted

2018-05-11 10:30:32 - [MESSAGE][PASSED] - 73 options of object 'Object Repository/MOH AND GRN/Page_KDMC - CMS/select_--Select--Adernaline 0.' counted

2018-05-11 10:30:32 - [TEST_STEP][PASSED] - Statement - For ([j = 1, j <= selectedoptions - 1, (j++)]): Object: 'Object Repository/MOH AND GRN/Page_KDMC - CMS/button_Add' is clicked on

2018-05-11 10:30:32 - [TEST_STEP][PASSED] - selectOptionByIndex: All options with index in [2] are selected on object 'Object Repository/MOH AND GRN/Page_KDMC - CMS/select_--Select--Schedule 1Inj'

2018-05-11 10:30:32 - [MESSAGE][PASSED] - All options with index in [2] are selected on object 'Object Repository/MOH AND GRN/Page_KDMC - CMS/select_--Select--Schedule 1Inj'

2018-05-11 10:30:32 - [TEST_STEP][PASSED] - selectOptionByIndex: All options with index in [1] are selected on object 'Object Repository/MOH AND GRN/Page_KDMC - CMS/select_--Select--Adernaline 0.'

2018-05-11 10:30:32 - [MESSAGE][PASSED] - All options with index in [1] are selected on object 'Object Repository/MOH AND GRN/Page_KDMC - CMS/select_--Select--Adernaline 0.'

2018-05-11 10:30:32 - [TEST_STEP][PASSED] - setText: Text '5000' is set on object 'Object Repository/MOH AND GRN/Page_KDMC - CMS/input_txttreat'

2018-05-11 10:30:32 - [MESSAGE][PASSED] - Text '5000' is set on object 'Object Repository/MOH AND GRN/Page_KDMC - CMS/input_txttreat'

2018-05-11 10:30:32 - [TEST_STEP][PASSED] - click: Object: 'Object Repository/MOH AND GRN/Page_KDMC - CMS/button_Add' is clicked on

2018-05-11 10:30:32 - [MESSAGE][PASSED] - Object: 'Object Repository/MOH AND GRN/Page_KDMC - CMS/button_Add' is clicked on

2018-05-11 10:30:32 - [TEST_STEP][PASSED] - selectOptionByIndex: All options with index in [2] are selected on object 'Object Repository/MOH AND GRN/Page_KDMC - CMS/select_--Select--Schedule 1Inj'

2018-05-11 10:30:32 - [MESSAGE][PASSED] - All options with index in [2] are selected on object 'Object Repository/MOH AND GRN/Page_KDMC - CMS/select_--Select--Schedule 1Inj'

2018-05-11 10:30:32 - [TEST_STEP][PASSED] - selectOptionByIndex: All options with index in [2] are selected on object 'Object Repository/MOH AND GRN/Page_KDMC - CMS/select_--Select--Adernaline 0.'

2018-05-11 10:30:33 - [MESSAGE][PASSED] - All options with index in [2] are selected on object 'Object Repository/MOH AND GRN/Page_KDMC - CMS/select_--Select--Adernaline 0.'

2018-05-11 10:30:33 - [TEST_STEP][PASSED] - setText: Text '5000' is set on object 'Object Repository/MOH AND GRN/Page_KDMC - CMS/input_txttreat'

2018-05-11 10:30:33 - [MESSAGE][PASSED] - Text '5000' is set on object 'Object Repository/MOH AND GRN/Page_KDMC - CMS/input_txttreat'

2018-05-11 10:30:33 - [TEST_STEP][PASSED] - click: Object: 'Object Repository/MOH AND GRN/Page_KDMC - CMS/button_Add' is clicked on

2018-05-11 10:30:33 - [MESSAGE][PASSED] - Object: 'Object Repository/MOH AND GRN/Page_KDMC - CMS/button_Add' is clicked on

2018-05-11 10:30:33 - [TEST_STEP][PASSED] - selectOptionByIndex: All options with index in [2] are selected on object 'Object Repository/MOH AND GRN/Page_KDMC - CMS/select_--Select--Schedule 1Inj'

2018-05-11 10:30:33 - [MESSAGE][PASSED] - All options with index in [2] are selected on object 'Object Repository/MOH AND GRN/Page_KDMC - CMS/select_--Select--Schedule 1Inj'

2018-05-11 10:30:33 - [TEST_STEP][PASSED] - selectOptionByIndex: All options with index in [3] are selected on object 'Object Repository/MOH AND GRN/Page_KDMC - CMS/select_--Select--Adernaline 0.'

2018-05-11 10:30:33 - [MESSAGE][PASSED] - All options with index in [3] are selected on object 'Object Repository/MOH AND GRN/Page_KDMC - CMS/select_--Select--Adernaline 0.'

2018-05-11 10:30:33 - [TEST_STEP][PASSED] - setText: Text '5000' is set on object 'Object Repository/MOH AND GRN/Page_KDMC - CMS/input_txttreat'

2018-05-11 10:30:33 - [MESSAGE][PASSED] - Text '5000' is set on object 'Object Repository/MOH AND GRN/Page_KDMC - CMS/input_txttreat'

2018-05-11 10:30:33 - [TEST_STEP][PASSED] - click: Object: 'Object Repository/MOH AND GRN/Page_KDMC - CMS/button_Add' is clicked on

2018-05-11 10:30:33 - [MESSAGE][PASSED] - Object: 'Object Repository/MOH AND GRN/Page_KDMC - CMS/button_Add' is clicked on

2018-05-11 10:30:33 - [TEST_STEP][PASSED] - selectOptionByIndex: All options with index in [2] are selected on object 'Object Repository/MOH AND GRN/Page_KDMC - CMS/select_--Select--Schedule 1Inj'

2018-05-11 10:30:33 - [MESSAGE][PASSED] - All options with index in [2] are selected on object 'Object Repository/MOH AND GRN/Page_KDMC - CMS/select_--Select--Schedule 1Inj'

2018-05-11 10:30:33 - [TEST_STEP][PASSED] - selectOptionByIndex: All options with index in [4] are selected on object 'Object Repository/MOH AND GRN/Page_KDMC - CMS/select_--Select--Adernaline 0.'

2018-05-11 10:30:34 - [MESSAGE][PASSED] - All options with index in [4] are selected on object 'Object Repository/MOH AND GRN/Page_KDMC - CMS/select_--Select--Adernaline 0.'

2018-05-11 10:30:34 - [TEST_STEP][PASSED] - setText: Text '5000' is set on object 'Object Repository/MOH AND GRN/Page_KDMC - CMS/input_txttreat'

2018-05-11 10:30:34 - [MESSAGE][PASSED] - Text '5000' is set on object 'Object Repository/MOH AND GRN/Page_KDMC - CMS/input_txttreat'

2018-05-11 10:30:34 - [TEST_STEP][PASSED] - click: Object: 'Object Repository/MOH AND GRN/Page_KDMC - CMS/button_Add' is clicked on

2018-05-11 10:30:34 - [MESSAGE][PASSED] - Object: 'Object Repository/MOH AND GRN/Page_KDMC - CMS/button_Add' is clicked on

2018-05-11 10:30:34 - [TEST_STEP][PASSED] - selectOptionByIndex: All options with index in [2] are selected on object 'Object Repository/MOH AND GRN/Page_KDMC - CMS/select_--Select--Schedule 1Inj'

2018-05-11 10:30:34 - [MESSAGE][PASSED] - All options with index in [2] are selected on object 'Object Repository/MOH AND GRN/Page_KDMC - CMS/select_--Select--Schedule 1Inj'

2018-05-11 10:30:34 - [TEST_STEP][PASSED] - selectOptionByIndex: All options with index in [5] are selected on object 'Object Repository/MOH AND GRN/Page_KDMC - CMS/select_--Select--Adernaline 0.'

2018-05-11 10:30:34 - [MESSAGE][PASSED] - All options with index in [5] are selected on object 'Object Repository/MOH AND GRN/Page_KDMC - CMS/select_--Select--Adernaline 0.'

2018-05-11 10:30:34 - [TEST_STEP][PASSED] - setText: Text '5000' is set on object 'Object Repository/MOH AND GRN/Page_KDMC - CMS/input_txttreat'

2018-05-11 10:30:34 - [MESSAGE][PASSED] - Text '5000' is set on object 'Object Repository/MOH AND GRN/Page_KDMC - CMS/input_txttreat'

2018-05-11 10:30:34 - [TEST_STEP][PASSED] - click: Object: 'Object Repository/MOH AND GRN/Page_KDMC - CMS/button_Add' is clicked on

2018-05-11 10:30:34 - [MESSAGE][PASSED] - Object: 'Object Repository/MOH AND GRN/Page_KDMC - CMS/button_Add' is clicked on

2018-05-11 10:30:34 - [TEST_STEP][PASSED] - selectOptionByIndex: All options with index in [2] are selected on object 'Object Repository/MOH AND GRN/Page_KDMC - CMS/select_--Select--Schedule 1Inj'

2018-05-11 10:30:34 - [MESSAGE][PASSED] - All options with index in [2] are selected on object 'Object Repository/MOH AND GRN/Page_KDMC - CMS/select_--Select--Schedule 1Inj'

2018-05-11 10:30:34 - [TEST_STEP][PASSED] - selectOptionByIndex: All options with index in [6] are selected on object 'Object Repository/MOH AND GRN/Page_KDMC - CMS/select_--Select--Adernaline 0.'

2018-05-11 10:30:34 - [MESSAGE][PASSED] - All options with index in [6] are selected on object 'Object Repository/MOH AND GRN/Page_KDMC - CMS/select_--Select--Adernaline 0.'

2018-05-11 10:30:34 - [TEST_STEP][PASSED] - setText: Text '5000' is set on object 'Object Repository/MOH AND GRN/Page_KDMC - CMS/input_txttreat'

2018-05-11 10:30:35 - [MESSAGE][PASSED] - Text '5000' is set on object 'Object Repository/MOH AND GRN/Page_KDMC - CMS/input_txttreat'

2018-05-11 10:30:35 - [TEST_STEP][PASSED] - click: Object: 'Object Repository/MOH AND GRN/Page_KDMC - CMS/button_Add' is clicked on

2018-05-11 10:30:35 - [MESSAGE][PASSED] - Object: 'Object Repository/MOH AND GRN/Page_KDMC - CMS/button_Add' is clicked on

2018-05-11 10:30:35 - [TEST_STEP][PASSED] - selectOptionByIndex: All options with index in [2] are selected on object 'Object Repository/MOH AND GRN/Page_KDMC - CMS/select_--Select--Schedule 1Inj'

2018-05-11 10:30:35 - [MESSAGE][PASSED] - All options with index in [2] are selected on object 'Object Repository/MOH AND GRN/Page_KDMC - CMS/select_--Select--Schedule 1Inj'

2018-05-11 10:30:35 - [TEST_STEP][PASSED] - selectOptionByIndex: All options with index in [7] are selected on object 'Object Repository/MOH AND GRN/Page_KDMC - CMS/select_--Select--Adernaline 0.'

2018-05-11 10:30:35 - [MESSAGE][PASSED] - All options with index in [7] are selected on object 'Object Repository/MOH AND GRN/Page_KDMC - CMS/select_--Select--Adernaline 0.'

2018-05-11 10:30:35 - [TEST_STEP][PASSED] - setText: Text '5000' is set on object 'Object Repository/MOH AND GRN/Page_KDMC - CMS/input_txttreat'

2018-05-11 10:30:35 - [MESSAGE][PASSED] - Text '5000' is set on object 'Object Repository/MOH AND GRN/Page_KDMC - CMS/input_txttreat'

2018-05-11 10:30:35 - [TEST_STEP][PASSED] - click: Object: 'Object Repository/MOH AND GRN/Page_KDMC - CMS/button_Add' is clicked on

2018-05-11 10:30:35 - [MESSAGE][PASSED] - Object: 'Object Repository/MOH AND GRN/Page_KDMC - CMS/button_Add' is clicked on

2018-05-11 10:30:35 - [TEST_STEP][PASSED] - selectOptionByIndex: All options with index in [2] are selected on object 'Object Repository/MOH AND GRN/Page_KDMC - CMS/select_--Select--Schedule 1Inj'

2018-05-11 10:30:35 - [MESSAGE][PASSED] - All options with index in [2] are selected on object 'Object Repository/MOH AND GRN/Page_KDMC - CMS/select_--Select--Schedule 1Inj'

2018-05-11 10:30:35 - [TEST_STEP][PASSED] - selectOptionByIndex: All options with index in [8] are selected on object 'Object Repository/MOH AND GRN/Page_KDMC - CMS/select_--Select--Adernaline 0.'

2018-05-11 10:30:35 - [MESSAGE][PASSED] - All options with index in [8] are selected on object 'Object Repository/MOH AND GRN/Page_KDMC - CMS/select_--Select--Adernaline 0.'

2018-05-11 10:30:35 - [TEST_STEP][PASSED] - setText: Text '5000' is set on object 'Object Repository/MOH AND GRN/Page_KDMC - CMS/input_txttreat'

2018-05-11 10:30:36 - [MESSAGE][PASSED] - Text '5000' is set on object 'Object Repository/MOH AND GRN/Page_KDMC - CMS/input_txttreat'

2018-05-11 10:30:36 - [TEST_STEP][PASSED] - click: Object: 'Object Repository/MOH AND GRN/Page_KDMC - CMS/button_Add' is clicked on

2018-05-11 10:30:36 - [MESSAGE][PASSED] - Object: 'Object Repository/MOH AND GRN/Page_KDMC - CMS/button_Add' is clicked on

2018-05-11 10:30:36 - [TEST_STEP][PASSED] - selectOptionByIndex: All options with index in [2] are selected on object 'Object Repository/MOH AND GRN/Page_KDMC - CMS/select_--Select--Schedule 1Inj'

2018-05-11 10:30:36 - [MESSAGE][PASSED] - All options with index in [2] are selected on object 'Object Repository/MOH AND GRN/Page_KDMC - CMS/select_--Select--Schedule 1Inj'

2018-05-11 10:30:36 - [TEST_STEP][PASSED] - selectOptionByIndex: All options with index in [9] are selected on object 'Object Repository/MOH AND GRN/Page_KDMC - CMS/select_--Select--Adernaline 0.'

2018-05-11 10:30:36 - [MESSAGE][PASSED] - All options with index in [9] are selected on object 'Object Repository/MOH AND GRN/Page_KDMC - CMS/select_--Select--Adernaline 0.'

2018-05-11 10:30:36 - [TEST_STEP][PASSED] - setText: Text '5000' is set on object 'Object Repository/MOH AND GRN/Page_KDMC - CMS/input_txttreat'

2018-05-11 10:30:36 - [MESSAGE][PASSED] - Text '5000' is set on object 'Object Repository/MOH AND GRN/Page_KDMC - CMS/input_txttreat'

2018-05-11 10:30:36 - [TEST_STEP][PASSED] - click: Object: 'Object Repository/MOH AND GRN/Page_KDMC - CMS/button_Add' is clicked on

2018-05-11 10:30:36 - [MESSAGE][PASSED] - Object: 'Object Repository/MOH AND GRN/Page_KDMC - CMS/button_Add' is clicked on

2018-05-11 10:30:36 - [TEST_STEP][PASSED] - selectOptionByIndex: All options with index in [2] are selected on object 'Object Repository/MOH AND GRN/Page_KDMC - CMS/select_--Select--Schedule 1Inj'

2018-05-11 10:30:36 - [MESSAGE][PASSED] - All options with index in [2] are selected on object 'Object Repository/MOH AND GRN/Page_KDMC - CMS/select_--Select--Schedule 1Inj'

2018-05-11 10:30:36 - [TEST_STEP][PASSED] - selectOptionByIndex: All options with index in [10] are selected on object 'Object Repository/MOH AND GRN/Page_KDMC - CMS/select_--Select--Adernaline 0.'

2018-05-11 10:30:36 - [MESSAGE][PASSED] - All options with index in [10] are selected on object 'Object Repository/MOH AND GRN/Page_KDMC - CMS/select_--Select--Adernaline 0.'

2018-05-11 10:30:36 - [TEST_STEP][PASSED] - setText: Text '5000' is set on object 'Object Repository/MOH AND GRN/Page_KDMC - CMS/input_txttreat'

2018-05-11 10:30:37 - [MESSAGE][PASSED] - Text '5000' is set on object 'Object Repository/MOH AND GRN/Page_KDMC - CMS/input_txttreat'

2018-05-11 10:30:37 - [TEST_STEP][PASSED] - click: Object: 'Object Repository/MOH AND GRN/Page_KDMC - CMS/button_Add' is clicked on

2018-05-11 10:30:37 - [MESSAGE][PASSED] - Object: 'Object Repository/MOH AND GRN/Page_KDMC - CMS/button_Add' is clicked on

2018-05-11 10:30:37 - [TEST_STEP][PASSED] - selectOptionByIndex: All options with index in [2] are selected on object 'Object Repository/MOH AND GRN/Page_KDMC - CMS/select_--Select--Schedule 1Inj'

2018-05-11 10:30:37 - [MESSAGE][PASSED] - All options with index in [2] are selected on object 'Object Repository/MOH AND GRN/Page_KDMC - CMS/select_--Select--Schedule 1Inj'

2018-05-11 10:30:37 - [TEST_STEP][PASSED] - selectOptionByIndex: All options with index in [11] are selected on object 'Object Repository/MOH AND GRN/Page_KDMC - CMS/select_--Select--Adernaline 0.'

2018-05-11 10:30:37 - [MESSAGE][PASSED] - All options with index in [11] are selected on object 'Object Repository/MOH AND GRN/Page_KDMC - CMS/select_--Select--Adernaline 0.'

2018-05-11 10:30:37 - [TEST_STEP][PASSED] - setText: Text '5000' is set on object 'Object Repository/MOH AND GRN/Page_KDMC - CMS/input_txttreat'

2018-05-11 10:30:37 - [MESSAGE][PASSED] - Text '5000' is set on object 'Object Repository/MOH AND GRN/Page_KDMC - CMS/input_txttreat'

2018-05-11 10:30:37 - [TEST_STEP][PASSED] - click: Object: 'Object Repository/MOH AND GRN/Page_KDMC - CMS/button_Add' is clicked on

2018-05-11 10:30:37 - [MESSAGE][PASSED] - Object: 'Object Repository/MOH AND GRN/Page_KDMC - CMS/button_Add' is clicked on

2018-05-11 10:30:37 - [TEST_STEP][PASSED] - selectOptionByIndex: All options with index in [2] are selected on object 'Object Repository/MOH AND GRN/Page_KDMC - CMS/select_--Select--Schedule 1Inj'

2018-05-11 10:30:37 - [MESSAGE][PASSED] - All options with index in [2] are selected on object 'Object Repository/MOH AND GRN/Page_KDMC - CMS/select_--Select--Schedule 1Inj'

2018-05-11 10:30:37 - [TEST_STEP][PASSED] - selectOptionByIndex: All options with index in [12] are selected on object 'Object Repository/MOH AND GRN/Page_KDMC - CMS/select_--Select--Adernaline 0.'

2018-05-11 10:30:38 - [MESSAGE][PASSED] - All options with index in [12] are selected on object 'Object Repository/MOH AND GRN/Page_KDMC - CMS/select_--Select--Adernaline 0.'

2018-05-11 10:30:38 - [TEST_STEP][PASSED] - setText: Text '5000' is set on object 'Object Repository/MOH AND GRN/Page_KDMC - CMS/input_txttreat'

2018-05-11 10:30:38 - [MESSAGE][PASSED] - Text '5000' is set on object 'Object Repository/MOH AND GRN/Page_KDMC - CMS/input_txttreat'

2018-05-11 10:30:38 - [TEST_STEP][PASSED] - click: Object: 'Object Repository/MOH AND GRN/Page_KDMC - CMS/button_Add' is clicked on

2018-05-11 10:30:38 - [MESSAGE][PASSED] - Object: 'Object Repository/MOH AND GRN/Page_KDMC - CMS/button_Add' is clicked on

2018-05-11 10:30:38 - [TEST_STEP][PASSED] - selectOptionByIndex: All options with index in [2] are selected on object 'Object Repository/MOH AND GRN/Page_KDMC - CMS/select_--Select--Schedule 1Inj'

2018-05-11 10:30:38 - [MESSAGE][PASSED] - All options with index in [2] are selected on object 'Object Repository/MOH AND GRN/Page_KDMC - CMS/select_--Select--Schedule 1Inj'

2018-05-11 10:30:38 - [TEST_STEP][PASSED] - selectOptionByIndex: All options with index in [13] are selected on object 'Object Repository/MOH AND GRN/Page_KDMC - CMS/select_--Select--Adernaline 0.'

2018-05-11 10:30:38 - [MESSAGE][PASSED] - All options with index in [13] are selected on object 'Object Repository/MOH AND GRN/Page_KDMC - CMS/select_--Select--Adernaline 0.'

2018-05-11 10:30:38 - [TEST_STEP][PASSED] - setText: Text '5000' is set on object 'Object Repository/MOH AND GRN/Page_KDMC - CMS/input_txttreat'

2018-05-11 10:30:38 - [MESSAGE][PASSED] - Text '5000' is set on object 'Object Repository/MOH AND GRN/Page_KDMC - CMS/input_txttreat'

2018-05-11 10:30:38 - [TEST_STEP][PASSED] - click: Object: 'Object Repository/MOH AND GRN/Page_KDMC - CMS/button_Add' is clicked on

2018-05-11 10:30:38 - [MESSAGE][PASSED] - Object: 'Object Repository/MOH AND GRN/Page_KDMC - CMS/button_Add' is clicked on

2018-05-11 10:30:38 - [TEST_STEP][PASSED] - selectOptionByIndex: All options with index in [2] are selected on object 'Object Repository/MOH AND GRN/Page_KDMC - CMS/select_--Select--Schedule 1Inj'

2018-05-11 10:30:39 - [MESSAGE][PASSED] - All options with index in [2] are selected on object 'Object Repository/MOH AND GRN/Page_KDMC - CMS/select_--Select--Schedule 1Inj'

2018-05-11 10:30:39 - [TEST_STEP][PASSED] - selectOptionByIndex: All options with index in [14] are selected on object 'Object Repository/MOH AND GRN/Page_KDMC - CMS/select_--Select--Adernaline 0.'

2018-05-11 10:30:39 - [MESSAGE][PASSED] - All options with index in [14] are selected on object 'Object Repository/MOH AND GRN/Page_KDMC - CMS/select_--Select--Adernaline 0.'

2018-05-11 10:30:39 - [TEST_STEP][PASSED] - setText: Text '5000' is set on object 'Object Repository/MOH AND GRN/Page_KDMC - CMS/input_txttreat'

2018-05-11 10:30:39 - [MESSAGE][PASSED] - Text '5000' is set on object 'Object Repository/MOH AND GRN/Page_KDMC - CMS/input_txttreat'

2018-05-11 10:30:39 - [TEST_STEP][PASSED] - click: Object: 'Object Repository/MOH AND GRN/Page_KDMC - CMS/button_Add' is clicked on

2018-05-11 10:30:39 - [MESSAGE][PASSED] - Object: 'Object Repository/MOH AND GRN/Page_KDMC - CMS/button_Add' is clicked on

2018-05-11 10:30:39 - [TEST_STEP][PASSED] - selectOptionByIndex: All options with index in [2] are selected on object 'Object Repository/MOH AND GRN/Page_KDMC - CMS/select_--Select--Schedule 1Inj'

2018-05-11 10:30:39 - [MESSAGE][PASSED] - All options with index in [2] are selected on object 'Object Repository/MOH AND GRN/Page_KDMC - CMS/select_--Select--Schedule 1Inj'

2018-05-11 10:30:39 - [TEST_STEP][PASSED] - selectOptionByIndex: All options with index in [15] are selected on object 'Object Repository/MOH AND GRN/Page_KDMC - CMS/select_--Select--Adernaline 0.'

2018-05-11 10:30:39 - [MESSAGE][PASSED] - All options with index in [15] are selected on object 'Object Repository/MOH AND GRN/Page_KDMC - CMS/select_--Select--Adernaline 0.'

2018-05-11 10:30:39 - [TEST_STEP][PASSED] - setText: Text '5000' is set on object 'Object Repository/MOH AND GRN/Page_KDMC - CMS/input_txttreat'

2018-05-11 10:30:39 - [MESSAGE][PASSED] - Text '5000' is set on object 'Object Repository/MOH AND GRN/Page_KDMC - CMS/input_txttreat'

2018-05-11 10:30:39 - [TEST_STEP][PASSED] - click: Object: 'Object Repository/MOH AND GRN/Page_KDMC - CMS/button_Add' is clicked on

2018-05-11 10:30:40 - [MESSAGE][PASSED] - Object: 'Object Repository/MOH AND GRN/Page_KDMC - CMS/button_Add' is clicked on

2018-05-11 10:30:40 - [TEST_STEP][PASSED] - selectOptionByIndex: All options with index in [2] are selected on object 'Object Repository/MOH AND GRN/Page_KDMC - CMS/select_--Select--Schedule 1Inj'

2018-05-11 10:30:40 - [MESSAGE][PASSED] - All options with index in [2] are selected on object 'Object Repository/MOH AND GRN/Page_KDMC - CMS/select_--Select--Schedule 1Inj'

2018-05-11 10:30:40 - [TEST_STEP][PASSED] - selectOptionByIndex: All options with index in [16] are selected on object 'Object Repository/MOH AND GRN/Page_KDMC - CMS/select_--Select--Adernaline 0.'

2018-05-11 10:30:40 - [MESSAGE][PASSED] - All options with index in [16] are selected on object 'Object Repository/MOH AND GRN/Page_KDMC - CMS/select_--Select--Adernaline 0.'

2018-05-11 10:30:40 - [TEST_STEP][PASSED] - setText: Text '5000' is set on object 'Object Repository/MOH AND GRN/Page_KDMC - CMS/input_txttreat'

2018-05-11 10:30:40 - [MESSAGE][PASSED] - Text '5000' is set on object 'Object Repository/MOH AND GRN/Page_KDMC - CMS/input_txttreat'

2018-05-11 10:30:40 - [TEST_STEP][PASSED] - click: Object: 'Object Repository/MOH AND GRN/Page_KDMC - CMS/button_Add' is clicked on

2018-05-11 10:30:40 - [MESSAGE][PASSED] - Object: 'Object Repository/MOH AND GRN/Page_KDMC - CMS/button_Add' is clicked on

2018-05-11 10:30:40 - [TEST_STEP][PASSED] - selectOptionByIndex: All options with index in [2] are selected on object 'Object Repository/MOH AND GRN/Page_KDMC - CMS/select_--Select--Schedule 1Inj'

2018-05-11 10:30:40 - [MESSAGE][PASSED] - All options with index in [2] are selected on object 'Object Repository/MOH AND GRN/Page_KDMC - CMS/select_--Select--Schedule 1Inj'

2018-05-11 10:30:40 - [TEST_STEP][PASSED] - selectOptionByIndex: All options with index in [17] are selected on object 'Object Repository/MOH AND GRN/Page_KDMC - CMS/select_--Select--Adernaline 0.'

2018-05-11 10:30:41 - [MESSAGE][PASSED] - All options with index in [17] are selected on object 'Object Repository/MOH AND GRN/Page_KDMC - CMS/select_--Select--Adernaline 0.'

2018-05-11 10:30:41 - [TEST_STEP][PASSED] - setText: Text '5000' is set on object 'Object Repository/MOH AND GRN/Page_KDMC - CMS/input_txttreat'

2018-05-11 10:30:41 - [MESSAGE][PASSED] - Text '5000' is set on object 'Object Repository/MOH AND GRN/Page_KDMC - CMS/input_txttreat'

2018-05-11 10:30:41 - [TEST_STEP][PASSED] - click: Object: 'Object Repository/MOH AND GRN/Page_KDMC - CMS/button_Add' is clicked on

2018-05-11 10:30:41 - [MESSAGE][PASSED] - Object: 'Object Repository/MOH AND GRN/Page_KDMC - CMS/button_Add' is clicked on

2018-05-11 10:30:41 - [TEST_STEP][PASSED] - selectOptionByIndex: All options with index in [2] are selected on object 'Object Repository/MOH AND GRN/Page_KDMC - CMS/select_--Select--Schedule 1Inj'

2018-05-11 10:30:41 - [MESSAGE][PASSED] - All options with index in [2] are selected on object 'Object Repository/MOH AND GRN/Page_KDMC - CMS/select_--Select--Schedule 1Inj'

2018-05-11 10:30:41 - [TEST_STEP][PASSED] - selectOptionByIndex: All options with index in [18] are selected on object 'Object Repository/MOH AND GRN/Page_KDMC - CMS/select_--Select--Adernaline 0.'

2018-05-11 10:30:41 - [MESSAGE][PASSED] - All options with index in [18] are selected on object 'Object Repository/MOH AND GRN/Page_KDMC - CMS/select_--Select--Adernaline 0.'

2018-05-11 10:30:41 - [TEST_STEP][PASSED] - setText: Text '5000' is set on object 'Object Repository/MOH AND GRN/Page_KDMC - CMS/input_txttreat'

2018-05-11 10:30:41 - [MESSAGE][PASSED] - Text '5000' is set on object 'Object Repository/MOH AND GRN/Page_KDMC - CMS/input_txttreat'

2018-05-11 10:30:41 - [TEST_STEP][PASSED] - click: Object: 'Object Repository/MOH AND GRN/Page_KDMC - CMS/button_Add' is clicked on

2018-05-11 10:30:42 - [MESSAGE][PASSED] - Object: 'Object Repository/MOH AND GRN/Page_KDMC - CMS/button_Add' is clicked on

2018-05-11 10:30:42 - [TEST_STEP][PASSED] - selectOptionByIndex: All options with index in [2] are selected on object 'Object Repository/MOH AND GRN/Page_KDMC - CMS/select_--Select--Schedule 1Inj'

2018-05-11 10:30:42 - [MESSAGE][PASSED] - All options with index in [2] are selected on object 'Object Repository/MOH AND GRN/Page_KDMC - CMS/select_--Select--Schedule 1Inj'

2018-05-11 10:30:42 - [TEST_STEP][PASSED] - selectOptionByIndex: All options with index in [19] are selected on object 'Object Repository/MOH AND GRN/Page_KDMC - CMS/select_--Select--Adernaline 0.'

2018-05-11 10:30:42 - [MESSAGE][PASSED] - All options with index in [19] are selected on object 'Object Repository/MOH AND GRN/Page_KDMC - CMS/select_--Select--Adernaline 0.'

2018-05-11 10:30:42 - [TEST_STEP][PASSED] - setText: Text '5000' is set on object 'Object Repository/MOH AND GRN/Page_KDMC - CMS/input_txttreat'

2018-05-11 10:30:42 - [MESSAGE][PASSED] - Text '5000' is set on object 'Object Repository/MOH AND GRN/Page_KDMC - CMS/input_txttreat'

2018-05-11 10:30:42 - [TEST_STEP][PASSED] - click: Object: 'Object Repository/MOH AND GRN/Page_KDMC - CMS/button_Add' is clicked on

2018-05-11 10:30:42 - [MESSAGE][PASSED] - Object: 'Object Repository/MOH AND GRN/Page_KDMC - CMS/button_Add' is clicked on

2018-05-11 10:30:42 - [TEST_STEP][PASSED] - selectOptionByIndex: All options with index in [2] are selected on object 'Object Repository/MOH AND GRN/Page_KDMC - CMS/select_--Select--Schedule 1Inj'

2018-05-11 10:30:42 - [MESSAGE][PASSED] - All options with index in [2] are selected on object 'Object Repository/MOH AND GRN/Page_KDMC - CMS/select_--Select--Schedule 1Inj'

2018-05-11 10:30:42 - [TEST_STEP][PASSED] - selectOptionByIndex: All options with index in [20] are selected on object 'Object Repository/MOH AND GRN/Page_KDMC - CMS/select_--Select--Adernaline 0.'

2018-05-11 10:30:43 - [MESSAGE][PASSED] - All options with index in [20] are selected on object 'Object Repository/MOH AND GRN/Page_KDMC - CMS/select_--Select--Adernaline 0.'

2018-05-11 10:30:43 - [TEST_STEP][PASSED] - setText: Text '5000' is set on object 'Object Repository/MOH AND GRN/Page_KDMC - CMS/input_txttreat'

2018-05-11 10:30:43 - [MESSAGE][PASSED] - Text '5000' is set on object 'Object Repository/MOH AND GRN/Page_KDMC - CMS/input_txttreat'

2018-05-11 10:30:43 - [TEST_STEP][PASSED] - click: Object: 'Object Repository/MOH AND GRN/Page_KDMC - CMS/button_Add' is clicked on

2018-05-11 10:30:43 - [MESSAGE][PASSED] - Object: 'Object Repository/MOH AND GRN/Page_KDMC - CMS/button_Add' is clicked on

2018-05-11 10:30:43 - [TEST_STEP][PASSED] - selectOptionByIndex: All options with index in [2] are selected on object 'Object Repository/MOH AND GRN/Page_KDMC - CMS/select_--Select--Schedule 1Inj'

2018-05-11 10:30:43 - [MESSAGE][PASSED] - All options with index in [2] are selected on object 'Object Repository/MOH AND GRN/Page_KDMC - CMS/select_--Select--Schedule 1Inj'

2018-05-11 10:30:43 - [TEST_STEP][PASSED] - selectOptionByIndex: All options with index in [21] are selected on object 'Object Repository/MOH AND GRN/Page_KDMC - CMS/select_--Select--Adernaline 0.'

2018-05-11 10:30:43 - [MESSAGE][PASSED] - All options with index in [21] are selected on object 'Object Repository/MOH AND GRN/Page_KDMC - CMS/select_--Select--Adernaline 0.'

2018-05-11 10:30:43 - [TEST_STEP][PASSED] - setText: Text '5000' is set on object 'Object Repository/MOH AND GRN/Page_KDMC - CMS/input_txttreat'

2018-05-11 10:30:43 - [MESSAGE][PASSED] - Text '5000' is set on object 'Object Repository/MOH AND GRN/Page_KDMC - CMS/input_txttreat'

2018-05-11 10:30:43 - [TEST_STEP][PASSED] - click: Object: 'Object Repository/MOH AND GRN/Page_KDMC - CMS/button_Add' is clicked on

2018-05-11 10:30:43 - [MESSAGE][PASSED] - Object: 'Object Repository/MOH AND GRN/Page_KDMC - CMS/button_Add' is clicked on

2018-05-11 10:30:43 - [TEST_STEP][PASSED] - selectOptionByIndex: All options with index in [2] are selected on object 'Object Repository/MOH AND GRN/Page_KDMC - CMS/select_--Select--Schedule 1Inj'

2018-05-11 10:30:43 - [MESSAGE][PASSED] - All options with index in [2] are selected on object 'Object Repository/MOH AND GRN/Page_KDMC - CMS/select_--Select--Schedule 1Inj'

2018-05-11 10:30:43 - [TEST_STEP][PASSED] - selectOptionByIndex: All options with index in [22] are selected on object 'Object Repository/MOH AND GRN/Page_KDMC - CMS/select_--Select--Adernaline 0.'

2018-05-11 10:30:44 - [MESSAGE][PASSED] - All options with index in [22] are selected on object 'Object Repository/MOH AND GRN/Page_KDMC - CMS/select_--Select--Adernaline 0.'

2018-05-11 10:30:44 - [TEST_STEP][PASSED] - setText: Text '5000' is set on object 'Object Repository/MOH AND GRN/Page_KDMC - CMS/input_txttreat'

2018-05-11 10:30:44 - [MESSAGE][PASSED] - Text '5000' is set on object 'Object Repository/MOH AND GRN/Page_KDMC - CMS/input_txttreat'

2018-05-11 10:30:44 - [TEST_STEP][PASSED] - click: Object: 'Object Repository/MOH AND GRN/Page_KDMC - CMS/button_Add' is clicked on

2018-05-11 10:30:44 - [MESSAGE][PASSED] - Object: 'Object Repository/MOH AND GRN/Page_KDMC - CMS/button_Add' is clicked on

2018-05-11 10:30:44 - [TEST_STEP][PASSED] - selectOptionByIndex: All options with index in [2] are selected on object 'Object Repository/MOH AND GRN/Page_KDMC - CMS/select_--Select--Schedule 1Inj'

2018-05-11 10:30:44 - [MESSAGE][PASSED] - All options with index in [2] are selected on object 'Object Repository/MOH AND GRN/Page_KDMC - CMS/select_--Select--Schedule 1Inj'

2018-05-11 10:30:44 - [TEST_STEP][PASSED] - selectOptionByIndex: All options with index in [23] are selected on object 'Object Repository/MOH AND GRN/Page_KDMC - CMS/select_--Select--Adernaline 0.'

2018-05-11 10:30:44 - [MESSAGE][PASSED] - All options with index in [23] are selected on object 'Object Repository/MOH AND GRN/Page_KDMC - CMS/select_--Select--Adernaline 0.'

2018-05-11 10:30:44 - [TEST_STEP][PASSED] - setText: Text '5000' is set on object 'Object Repository/MOH AND GRN/Page_KDMC - CMS/input_txttreat'

2018-05-11 10:30:45 - [MESSAGE][PASSED] - Text '5000' is set on object 'Object Repository/MOH AND GRN/Page_KDMC - CMS/input_txttreat'

2018-05-11 10:30:45 - [TEST_STEP][PASSED] - click: Object: 'Object Repository/MOH AND GRN/Page_KDMC - CMS/button_Add' is clicked on

2018-05-11 10:30:45 - [MESSAGE][PASSED] - Object: 'Object Repository/MOH AND GRN/Page_KDMC - CMS/button_Add' is clicked on

2018-05-11 10:30:45 - [TEST_STEP][PASSED] - selectOptionByIndex: All options with index in [2] are selected on object 'Object Repository/MOH AND GRN/Page_KDMC - CMS/select_--Select--Schedule 1Inj'

2018-05-11 10:30:45 - [MESSAGE][PASSED] - All options with index in [2] are selected on object 'Object Repository/MOH AND GRN/Page_KDMC - CMS/select_--Select--Schedule 1Inj'

2018-05-11 10:30:45 - [TEST_STEP][PASSED] - selectOptionByIndex: All options with index in [24] are selected on object 'Object Repository/MOH AND GRN/Page_KDMC - CMS/select_--Select--Adernaline 0.'

2018-05-11 10:30:45 - [MESSAGE][PASSED] - All options with index in [24] are selected on object 'Object Repository/MOH AND GRN/Page_KDMC - CMS/select_--Select--Adernaline 0.'

2018-05-11 10:30:45 - [TEST_STEP][PASSED] - setText: Text '5000' is set on object 'Object Repository/MOH AND GRN/Page_KDMC - CMS/input_txttreat'

2018-05-11 10:30:45 - [MESSAGE][PASSED] - Text '5000' is set on object 'Object Repository/MOH AND GRN/Page_KDMC - CMS/input_txttreat'

2018-05-11 10:30:45 - [TEST_STEP][PASSED] - click: Object: 'Object Repository/MOH AND GRN/Page_KDMC - CMS/button_Add' is clicked on

2018-05-11 10:30:45 - [MESSAGE][PASSED] - Object: 'Object Repository/MOH AND GRN/Page_KDMC - CMS/button_Add' is clicked on

2018-05-11 10:30:45 - [TEST_STEP][PASSED] - selectOptionByIndex: All options with index in [2] are selected on object 'Object Repository/MOH AND GRN/Page_KDMC - CMS/select_--Select--Schedule 1Inj'

2018-05-11 10:30:46 - [MESSAGE][PASSED] - All options with index in [2] are selected on object 'Object Repository/MOH AND GRN/Page_KDMC - CMS/select_--Select--Schedule 1Inj'

2018-05-11 10:30:46 - [TEST_STEP][PASSED] - selectOptionByIndex: All options with index in [25] are selected on object 'Object Repository/MOH AND GRN/Page_KDMC - CMS/select_--Select--Adernaline 0.'

2018-05-11 10:30:46 - [MESSAGE][PASSED] - All options with index in [25] are selected on object 'Object Repository/MOH AND GRN/Page_KDMC - CMS/select_--Select--Adernaline 0.'

2018-05-11 10:30:46 - [TEST_STEP][PASSED] - setText: Text '5000' is set on object 'Object Repository/MOH AND GRN/Page_KDMC - CMS/input_txttreat'

2018-05-11 10:30:46 - [MESSAGE][PASSED] - Text '5000' is set on object 'Object Repository/MOH AND GRN/Page_KDMC - CMS/input_txttreat'

2018-05-11 10:30:46 - [TEST_STEP][PASSED] - click: Object: 'Object Repository/MOH AND GRN/Page_KDMC - CMS/button_Add' is clicked on

2018-05-11 10:30:46 - [MESSAGE][PASSED] - Object: 'Object Repository/MOH AND GRN/Page_KDMC - CMS/button_Add' is clicked on

2018-05-11 10:30:46 - [TEST_STEP][PASSED] - selectOptionByIndex: All options with index in [2] are selected on object 'Object Repository/MOH AND GRN/Page_KDMC - CMS/select_--Select--Schedule 1Inj'

2018-05-11 10:30:46 - [MESSAGE][PASSED] - All options with index in [2] are selected on object 'Object Repository/MOH AND GRN/Page_KDMC - CMS/select_--Select--Schedule 1Inj'

2018-05-11 10:30:46 - [TEST_STEP][PASSED] - selectOptionByIndex: All options with index in [26] are selected on object 'Object Repository/MOH AND GRN/Page_KDMC - CMS/select_--Select--Adernaline 0.'

2018-05-11 10:30:47 - [MESSAGE][PASSED] - All options with index in [26] are selected on object 'Object Repository/MOH AND GRN/Page_KDMC - CMS/select_--Select--Adernaline 0.'

2018-05-11 10:30:47 - [TEST_STEP][PASSED] - setText: Text '5000' is set on object 'Object Repository/MOH AND GRN/Page_KDMC - CMS/input_txttreat'

2018-05-11 10:30:47 - [MESSAGE][PASSED] - Text '5000' is set on object 'Object Repository/MOH AND GRN/Page_KDMC - CMS/input_txttreat'

2018-05-11 10:30:47 - [TEST_STEP][PASSED] - click: Object: 'Object Repository/MOH AND GRN/Page_KDMC - CMS/button_Add' is clicked on

2018-05-11 10:30:47 - [MESSAGE][PASSED] - Object: 'Object Repository/MOH AND GRN/Page_KDMC - CMS/button_Add' is clicked on

2018-05-11 10:30:47 - [TEST_STEP][PASSED] - selectOptionByIndex: All options with index in [2] are selected on object 'Object Repository/MOH AND GRN/Page_KDMC - CMS/select_--Select--Schedule 1Inj'

2018-05-11 10:30:47 - [MESSAGE][PASSED] - All options with index in [2] are selected on object 'Object Repository/MOH AND GRN/Page_KDMC - CMS/select_--Select--Schedule 1Inj'

2018-05-11 10:30:47 - [TEST_STEP][PASSED] - selectOptionByIndex: All options with index in [27] are selected on object 'Object Repository/MOH AND GRN/Page_KDMC - CMS/select_--Select--Adernaline 0.'

2018-05-11 10:30:47 - [MESSAGE][PASSED] - All options with index in [27] are selected on object 'Object Repository/MOH AND GRN/Page_KDMC - CMS/select_--Select--Adernaline 0.'

2018-05-11 10:30:47 - [TEST_STEP][PASSED] - setText: Text '5000' is set on object 'Object Repository/MOH AND GRN/Page_KDMC - CMS/input_txttreat'

2018-05-11 10:30:47 - [MESSAGE][PASSED] - Text '5000' is set on object 'Object Repository/MOH AND GRN/Page_KDMC - CMS/input_txttreat'

2018-05-11 10:30:47 - [TEST_STEP][PASSED] - click: Object: 'Object Repository/MOH AND GRN/Page_KDMC - CMS/button_Add' is clicked on

2018-05-11 10:30:47 - [MESSAGE][PASSED] - Object: 'Object Repository/MOH AND GRN/Page_KDMC - CMS/button_Add' is clicked on

2018-05-11 10:30:47 - [TEST_STEP][PASSED] - selectOptionByIndex: All options with index in [2] are selected on object 'Object Repository/MOH AND GRN/Page_KDMC - CMS/select_--Select--Schedule 1Inj'

2018-05-11 10:30:48 - [MESSAGE][PASSED] - All options with index in [2] are selected on object 'Object Repository/MOH AND GRN/Page_KDMC - CMS/select_--Select--Schedule 1Inj'

2018-05-11 10:30:48 - [TEST_STEP][PASSED] - selectOptionByIndex: All options with index in [28] are selected on object 'Object Repository/MOH AND GRN/Page_KDMC - CMS/select_--Select--Adernaline 0.'

2018-05-11 10:30:48 - [MESSAGE][PASSED] - All options with index in [28] are selected on object 'Object Repository/MOH AND GRN/Page_KDMC - CMS/select_--Select--Adernaline 0.'

2018-05-11 10:30:48 - [TEST_STEP][PASSED] - setText: Text '5000' is set on object 'Object Repository/MOH AND GRN/Page_KDMC - CMS/input_txttreat'

2018-05-11 10:30:48 - [MESSAGE][PASSED] - Text '5000' is set on object 'Object Repository/MOH AND GRN/Page_KDMC - CMS/input_txttreat'

2018-05-11 10:30:48 - [TEST_STEP][PASSED] - click: Object: 'Object Repository/MOH AND GRN/Page_KDMC - CMS/button_Add' is clicked on

2018-05-11 10:30:48 - [MESSAGE][PASSED] - Object: 'Object Repository/MOH AND GRN/Page_KDMC - CMS/button_Add' is clicked on

2018-05-11 10:30:48 - [TEST_STEP][PASSED] - selectOptionByIndex: All options with index in [2] are selected on object 'Object Repository/MOH AND GRN/Page_KDMC - CMS/select_--Select--Schedule 1Inj'

2018-05-11 10:30:48 - [MESSAGE][PASSED] - All options with index in [2] are selected on object 'Object Repository/MOH AND GRN/Page_KDMC - CMS/select_--Select--Schedule 1Inj'

2018-05-11 10:30:48 - [TEST_STEP][PASSED] - selectOptionByIndex: All options with index in [29] are selected on object 'Object Repository/MOH AND GRN/Page_KDMC - CMS/select_--Select--Adernaline 0.'

2018-05-11 10:30:49 - [MESSAGE][PASSED] - All options with index in [29] are selected on object 'Object Repository/MOH AND GRN/Page_KDMC - CMS/select_--Select--Adernaline 0.'

2018-05-11 10:30:49 - [TEST_STEP][PASSED] - setText: Text '5000' is set on object 'Object Repository/MOH AND GRN/Page_KDMC - CMS/input_txttreat'

2018-05-11 10:30:49 - [MESSAGE][PASSED] - Text '5000' is set on object 'Object Repository/MOH AND GRN/Page_KDMC - CMS/input_txttreat'

2018-05-11 10:30:49 - [TEST_STEP][PASSED] - click: Object: 'Object Repository/MOH AND GRN/Page_KDMC - CMS/button_Add' is clicked on

2018-05-11 10:30:49 - [MESSAGE][PASSED] - Object: 'Object Repository/MOH AND GRN/Page_KDMC - CMS/button_Add' is clicked on

2018-05-11 10:30:49 - [TEST_STEP][PASSED] - selectOptionByIndex: All options with index in [2] are selected on object 'Object Repository/MOH AND GRN/Page_KDMC - CMS/select_--Select--Schedule 1Inj'

2018-05-11 10:30:49 - [MESSAGE][PASSED] - All options with index in [2] are selected on object 'Object Repository/MOH AND GRN/Page_KDMC - CMS/select_--Select--Schedule 1Inj'

2018-05-11 10:30:49 - [TEST_STEP][PASSED] - selectOptionByIndex: All options with index in [30] are selected on object 'Object Repository/MOH AND GRN/Page_KDMC - CMS/select_--Select--Adernaline 0.'

2018-05-11 10:30:49 - [MESSAGE][PASSED] - All options with index in [30] are selected on object 'Object Repository/MOH AND GRN/Page_KDMC - CMS/select_--Select--Adernaline 0.'

2018-05-11 10:30:49 - [TEST_STEP][PASSED] - setText: Text '5000' is set on object 'Object Repository/MOH AND GRN/Page_KDMC - CMS/input_txttreat'

2018-05-11 10:30:49 - [MESSAGE][PASSED] - Text '5000' is set on object 'Object Repository/MOH AND GRN/Page_KDMC - CMS/input_txttreat'

2018-05-11 10:30:49 - [TEST_STEP][PASSED] - click: Object: 'Object Repository/MOH AND GRN/Page_KDMC - CMS/button_Add' is clicked on

2018-05-11 10:30:50 - [MESSAGE][PASSED] - Object: 'Object Repository/MOH AND GRN/Page_KDMC - CMS/button_Add' is clicked on

2018-05-11 10:30:50 - [TEST_STEP][PASSED] - selectOptionByIndex: All options with index in [2] are selected on object 'Object Repository/MOH AND GRN/Page_KDMC - CMS/select_--Select--Schedule 1Inj'

2018-05-11 10:30:50 - [MESSAGE][PASSED] - All options with index in [2] are selected on object 'Object Repository/MOH AND GRN/Page_KDMC - CMS/select_--Select--Schedule 1Inj'

2018-05-11 10:30:50 - [TEST_STEP][PASSED] - selectOptionByIndex: All options with index in [31] are selected on object 'Object Repository/MOH AND GRN/Page_KDMC - CMS/select_--Select--Adernaline 0.'

2018-05-11 10:30:50 - [MESSAGE][PASSED] - All options with index in [31] are selected on object 'Object Repository/MOH AND GRN/Page_KDMC - CMS/select_--Select--Adernaline 0.'

2018-05-11 10:30:50 - [TEST_STEP][PASSED] - setText: Text '5000' is set on object 'Object Repository/MOH AND GRN/Page_KDMC - CMS/input_txttreat'

2018-05-11 10:30:50 - [MESSAGE][PASSED] - Text '5000' is set on object 'Object Repository/MOH AND GRN/Page_KDMC - CMS/input_txttreat'

2018-05-11 10:30:50 - [TEST_STEP][PASSED] - click: Object: 'Object Repository/MOH AND GRN/Page_KDMC - CMS/button_Add' is clicked on

2018-05-11 10:30:50 - [MESSAGE][PASSED] - Object: 'Object Repository/MOH AND GRN/Page_KDMC - CMS/button_Add' is clicked on

2018-05-11 10:30:50 - [TEST_STEP][PASSED] - selectOptionByIndex: All options with index in [2] are selected on object 'Object Repository/MOH AND GRN/Page_KDMC - CMS/select_--Select--Schedule 1Inj'

2018-05-11 10:30:50 - [MESSAGE][PASSED] - All options with index in [2] are selected on object 'Object Repository/MOH AND GRN/Page_KDMC - CMS/select_--Select--Schedule 1Inj'

2018-05-11 10:30:50 - [TEST_STEP][PASSED] - selectOptionByIndex: All options with index in [32] are selected on object 'Object Repository/MOH AND GRN/Page_KDMC - CMS/select_--Select--Adernaline 0.'

2018-05-11 10:30:51 - [MESSAGE][PASSED] - All options with index in [32] are selected on object 'Object Repository/MOH AND GRN/Page_KDMC - CMS/select_--Select--Adernaline 0.'

2018-05-11 10:30:51 - [TEST_STEP][PASSED] - setText: Text '5000' is set on object 'Object Repository/MOH AND GRN/Page_KDMC - CMS/input_txttreat'

2018-05-11 10:30:51 - [MESSAGE][PASSED] - Text '5000' is set on object 'Object Repository/MOH AND GRN/Page_KDMC - CMS/input_txttreat'

2018-05-11 10:30:51 - [TEST_STEP][PASSED] - click: Object: 'Object Repository/MOH AND GRN/Page_KDMC - CMS/button_Add' is clicked on

2018-05-11 10:30:51 - [MESSAGE][PASSED] - Object: 'Object Repository/MOH AND GRN/Page_KDMC - CMS/button_Add' is clicked on

2018-05-11 10:30:51 - [TEST_STEP][PASSED] - selectOptionByIndex: All options with index in [2] are selected on object 'Object Repository/MOH AND GRN/Page_KDMC - CMS/select_--Select--Schedule 1Inj'

2018-05-11 10:30:51 - [MESSAGE][PASSED] - All options with index in [2] are selected on object 'Object Repository/MOH AND GRN/Page_KDMC - CMS/select_--Select--Schedule 1Inj'

2018-05-11 10:30:51 - [TEST_STEP][PASSED] - selectOptionByIndex: All options with index in [33] are selected on object 'Object Repository/MOH AND GRN/Page_KDMC - CMS/select_--Select--Adernaline 0.'

2018-05-11 10:30:52 - [MESSAGE][PASSED] - All options with index in [33] are selected on object 'Object Repository/MOH AND GRN/Page_KDMC - CMS/select_--Select--Adernaline 0.'

2018-05-11 10:30:52 - [TEST_STEP][PASSED] - setText: Text '5000' is set on object 'Object Repository/MOH AND GRN/Page_KDMC - CMS/input_txttreat'

2018-05-11 10:30:52 - [MESSAGE][PASSED] - Text '5000' is set on object 'Object Repository/MOH AND GRN/Page_KDMC - CMS/input_txttreat'

2018-05-11 10:30:52 - [TEST_STEP][PASSED] - click: Object: 'Object Repository/MOH AND GRN/Page_KDMC - CMS/button_Add' is clicked on

2018-05-11 10:30:52 - [MESSAGE][PASSED] - Object: 'Object Repository/MOH AND GRN/Page_KDMC - CMS/button_Add' is clicked on

2018-05-11 10:30:52 - [TEST_STEP][PASSED] - selectOptionByIndex: All options with index in [2] are selected on object 'Object Repository/MOH AND GRN/Page_KDMC - CMS/select_--Select--Schedule 1Inj'

2018-05-11 10:30:52 - [MESSAGE][PASSED] - All options with index in [2] are selected on object 'Object Repository/MOH AND GRN/Page_KDMC - CMS/select_--Select--Schedule 1Inj'

2018-05-11 10:30:52 - [TEST_STEP][PASSED] - selectOptionByIndex: All options with index in [34] are selected on object 'Object Repository/MOH AND GRN/Page_KDMC - CMS/select_--Select--Adernaline 0.'

2018-05-11 10:30:52 - [MESSAGE][PASSED] - All options with index in [34] are selected on object 'Object Repository/MOH AND GRN/Page_KDMC - CMS/select_--Select--Adernaline 0.'

2018-05-11 10:30:52 - [TEST_STEP][PASSED] - setText: Text '5000' is set on object 'Object Repository/MOH AND GRN/Page_KDMC - CMS/input_txttreat'

2018-05-11 10:30:52 - [MESSAGE][PASSED] - Text '5000' is set on object 'Object Repository/MOH AND GRN/Page_KDMC - CMS/input_txttreat'

2018-05-11 10:30:52 - [TEST_STEP][PASSED] - click: Object: 'Object Repository/MOH AND GRN/Page_KDMC - CMS/button_Add' is clicked on

2018-05-11 10:30:53 - [MESSAGE][PASSED] - Object: 'Object Repository/MOH AND GRN/Page_KDMC - CMS/button_Add' is clicked on

2018-05-11 10:30:53 - [TEST_STEP][PASSED] - selectOptionByIndex: All options with index in [2] are selected on object 'Object Repository/MOH AND GRN/Page_KDMC - CMS/select_--Select--Schedule 1Inj'

2018-05-11 10:30:53 - [MESSAGE][PASSED] - All options with index in [2] are selected on object 'Object Repository/MOH AND GRN/Page_KDMC - CMS/select_--Select--Schedule 1Inj'

2018-05-11 10:30:53 - [TEST_STEP][PASSED] - selectOptionByIndex: All options with index in [35] are selected on object 'Object Repository/MOH AND GRN/Page_KDMC - CMS/select_--Select--Adernaline 0.'

2018-05-11 10:30:53 - [MESSAGE][PASSED] - All options with index in [35] are selected on object 'Object Repository/MOH AND GRN/Page_KDMC - CMS/select_--Select--Adernaline 0.'

2018-05-11 10:30:53 - [TEST_STEP][PASSED] - setText: Text '5000' is set on object 'Object Repository/MOH AND GRN/Page_KDMC - CMS/input_txttreat'

2018-05-11 10:30:53 - [MESSAGE][PASSED] - Text '5000' is set on object 'Object Repository/MOH AND GRN/Page_KDMC - CMS/input_txttreat'

2018-05-11 10:30:53 - [TEST_STEP][PASSED] - click: Object: 'Object Repository/MOH AND GRN/Page_KDMC - CMS/button_Add' is clicked on

2018-05-11 10:30:53 - [MESSAGE][PASSED] - Object: 'Object Repository/MOH AND GRN/Page_KDMC - CMS/button_Add' is clicked on

2018-05-11 10:30:53 - [TEST_STEP][PASSED] - selectOptionByIndex: All options with index in [2] are selected on object 'Object Repository/MOH AND GRN/Page_KDMC - CMS/select_--Select--Schedule 1Inj'

2018-05-11 10:30:53 - [MESSAGE][PASSED] - All options with index in [2] are selected on object 'Object Repository/MOH AND GRN/Page_KDMC - CMS/select_--Select--Schedule 1Inj'

2018-05-11 10:30:53 - [TEST_STEP][PASSED] - selectOptionByIndex: All options with index in [36] are selected on object 'Object Repository/MOH AND GRN/Page_KDMC - CMS/select_--Select--Adernaline 0.'

2018-05-11 10:30:54 - [MESSAGE][PASSED] - All options with index in [36] are selected on object 'Object Repository/MOH AND GRN/Page_KDMC - CMS/select_--Select--Adernaline 0.'

2018-05-11 10:30:54 - [TEST_STEP][PASSED] - setText: Text '5000' is set on object 'Object Repository/MOH AND GRN/Page_KDMC - CMS/input_txttreat'

2018-05-11 10:30:54 - [MESSAGE][PASSED] - Text '5000' is set on object 'Object Repository/MOH AND GRN/Page_KDMC - CMS/input_txttreat'

2018-05-11 10:30:54 - [TEST_STEP][PASSED] - click: Object: 'Object Repository/MOH AND GRN/Page_KDMC - CMS/button_Add' is clicked on

2018-05-11 10:30:54 - [MESSAGE][PASSED] - Object: 'Object Repository/MOH AND GRN/Page_KDMC - CMS/button_Add' is clicked on

2018-05-11 10:30:54 - [TEST_STEP][PASSED] - selectOptionByIndex: All options with index in [2] are selected on object 'Object Repository/MOH AND GRN/Page_KDMC - CMS/select_--Select--Schedule 1Inj'

2018-05-11 10:30:54 - [MESSAGE][PASSED] - All options with index in [2] are selected on object 'Object Repository/MOH AND GRN/Page_KDMC - CMS/select_--Select--Schedule 1Inj'

2018-05-11 10:30:54 - [TEST_STEP][PASSED] - selectOptionByIndex: All options with index in [37] are selected on object 'Object Repository/MOH AND GRN/Page_KDMC - CMS/select_--Select--Adernaline 0.'

2018-05-11 10:30:55 - [MESSAGE][PASSED] - All options with index in [37] are selected on object 'Object Repository/MOH AND GRN/Page_KDMC - CMS/select_--Select--Adernaline 0.'

2018-05-11 10:30:55 - [TEST_STEP][PASSED] - setText: Text '5000' is set on object 'Object Repository/MOH AND GRN/Page_KDMC - CMS/input_txttreat'

2018-05-11 10:30:55 - [MESSAGE][PASSED] - Text '5000' is set on object 'Object Repository/MOH AND GRN/Page_KDMC - CMS/input_txttreat'

2018-05-11 10:30:55 - [TEST_STEP][PASSED] - click: Object: 'Object Repository/MOH AND GRN/Page_KDMC - CMS/button_Add' is clicked on

2018-05-11 10:30:55 - [MESSAGE][PASSED] - Object: 'Object Repository/MOH AND GRN/Page_KDMC - CMS/button_Add' is clicked on

2018-05-11 10:30:55 - [TEST_STEP][PASSED] - selectOptionByIndex: All options with index in [2] are selected on object 'Object Repository/MOH AND GRN/Page_KDMC - CMS/select_--Select--Schedule 1Inj'

2018-05-11 10:30:55 - [MESSAGE][PASSED] - All options with index in [2] are selected on object 'Object Repository/MOH AND GRN/Page_KDMC - CMS/select_--Select--Schedule 1Inj'

2018-05-11 10:30:55 - [TEST_STEP][PASSED] - selectOptionByIndex: All options with index in [38] are selected on object 'Object Repository/MOH AND GRN/Page_KDMC - CMS/select_--Select--Adernaline 0.'

2018-05-11 10:30:55 - [MESSAGE][PASSED] - All options with index in [38] are selected on object 'Object Repository/MOH AND GRN/Page_KDMC - CMS/select_--Select--Adernaline 0.'

2018-05-11 10:30:55 - [TEST_STEP][PASSED] - setText: Text '5000' is set on object 'Object Repository/MOH AND GRN/Page_KDMC - CMS/input_txttreat'

2018-05-11 10:30:56 - [MESSAGE][PASSED] - Text '5000' is set on object 'Object Repository/MOH AND GRN/Page_KDMC - CMS/input_txttreat'

2018-05-11 10:30:56 - [TEST_STEP][PASSED] - click: Object: 'Object Repository/MOH AND GRN/Page_KDMC - CMS/button_Add' is clicked on

2018-05-11 10:30:56 - [MESSAGE][PASSED] - Object: 'Object Repository/MOH AND GRN/Page_KDMC - CMS/button_Add' is clicked on

2018-05-11 10:30:56 - [TEST_STEP][PASSED] - selectOptionByIndex: All options with index in [2] are selected on object 'Object Repository/MOH AND GRN/Page_KDMC - CMS/select_--Select--Schedule 1Inj'

2018-05-11 10:30:56 - [MESSAGE][PASSED] - All options with index in [2] are selected on object 'Object Repository/MOH AND GRN/Page_KDMC - CMS/select_--Select--Schedule 1Inj'

2018-05-11 10:30:56 - [TEST_STEP][PASSED] - selectOptionByIndex: All options with index in [39] are selected on object 'Object Repository/MOH AND GRN/Page_KDMC - CMS/select_--Select--Adernaline 0.'

2018-05-11 10:30:56 - [MESSAGE][PASSED] - All options with index in [39] are selected on object 'Object Repository/MOH AND GRN/Page_KDMC - CMS/select_--Select--Adernaline 0.'

2018-05-11 10:30:56 - [TEST_STEP][PASSED] - setText: Text '5000' is set on object 'Object Repository/MOH AND GRN/Page_KDMC - CMS/input_txttreat'

2018-05-11 10:30:56 - [MESSAGE][PASSED] - Text '5000' is set on object 'Object Repository/MOH AND GRN/Page_KDMC - CMS/input_txttreat'

2018-05-11 10:30:56 - [TEST_STEP][PASSED] - click: Object: 'Object Repository/MOH AND GRN/Page_KDMC - CMS/button_Add' is clicked on

2018-05-11 10:30:56 - [MESSAGE][PASSED] - Object: 'Object Repository/MOH AND GRN/Page_KDMC - CMS/button_Add' is clicked on

2018-05-11 10:30:56 - [TEST_STEP][PASSED] - selectOptionByIndex: All options with index in [2] are selected on object 'Object Repository/MOH AND GRN/Page_KDMC - CMS/select_--Select--Schedule 1Inj'

2018-05-11 10:30:57 - [MESSAGE][PASSED] - All options with index in [2] are selected on object 'Object Repository/MOH AND GRN/Page_KDMC - CMS/select_--Select--Schedule 1Inj'

2018-05-11 10:30:57 - [TEST_STEP][PASSED] - selectOptionByIndex: All options with index in [40] are selected on object 'Object Repository/MOH AND GRN/Page_KDMC - CMS/select_--Select--Adernaline 0.'

2018-05-11 10:30:57 - [MESSAGE][PASSED] - All options with index in [40] are selected on object 'Object Repository/MOH AND GRN/Page_KDMC - CMS/select_--Select--Adernaline 0.'

2018-05-11 10:30:57 - [TEST_STEP][PASSED] - setText: Text '5000' is set on object 'Object Repository/MOH AND GRN/Page_KDMC - CMS/input_txttreat'

2018-05-11 10:30:57 - [MESSAGE][PASSED] - Text '5000' is set on object 'Object Repository/MOH AND GRN/Page_KDMC - CMS/input_txttreat'

2018-05-11 10:30:57 - [TEST_STEP][PASSED] - click: Object: 'Object Repository/MOH AND GRN/Page_KDMC - CMS/button_Add' is clicked on

2018-05-11 10:30:57 - [MESSAGE][PASSED] - Object: 'Object Repository/MOH AND GRN/Page_KDMC - CMS/button_Add' is clicked on

2018-05-11 10:30:57 - [TEST_STEP][PASSED] - selectOptionByIndex: All options with index in [2] are selected on object 'Object Repository/MOH AND GRN/Page_KDMC - CMS/select_--Select--Schedule 1Inj'

2018-05-11 10:30:57 - [MESSAGE][PASSED] - All options with index in [2] are selected on object 'Object Repository/MOH AND GRN/Page_KDMC - CMS/select_--Select--Schedule 1Inj'

2018-05-11 10:30:57 - [TEST_STEP][PASSED] - selectOptionByIndex: All options with index in [41] are selected on object 'Object Repository/MOH AND GRN/Page_KDMC - CMS/select_--Select--Adernaline 0.'

2018-05-11 10:30:58 - [MESSAGE][PASSED] - All options with index in [41] are selected on object 'Object Repository/MOH AND GRN/Page_KDMC - CMS/select_--Select--Adernaline 0.'

2018-05-11 10:30:58 - [TEST_STEP][PASSED] - setText: Text '5000' is set on object 'Object Repository/MOH AND GRN/Page_KDMC - CMS/input_txttreat'

2018-05-11 10:30:58 - [MESSAGE][PASSED] - Text '5000' is set on object 'Object Repository/MOH AND GRN/Page_KDMC - CMS/input_txttreat'

2018-05-11 10:30:58 - [TEST_STEP][PASSED] - click: Object: 'Object Repository/MOH AND GRN/Page_KDMC - CMS/button_Add' is clicked on

2018-05-11 10:30:58 - [MESSAGE][PASSED] - Object: 'Object Repository/MOH AND GRN/Page_KDMC - CMS/button_Add' is clicked on

2018-05-11 10:30:58 - [TEST_STEP][PASSED] - selectOptionByIndex: All options with index in [2] are selected on object 'Object Repository/MOH AND GRN/Page_KDMC - CMS/select_--Select--Schedule 1Inj'

2018-05-11 10:30:58 - [MESSAGE][PASSED] - All options with index in [2] are selected on object 'Object Repository/MOH AND GRN/Page_KDMC - CMS/select_--Select--Schedule 1Inj'

2018-05-11 10:30:58 - [TEST_STEP][PASSED] - selectOptionByIndex: All options with index in [42] are selected on object 'Object Repository/MOH AND GRN/Page_KDMC - CMS/select_--Select--Adernaline 0.'

2018-05-11 10:30:59 - [MESSAGE][PASSED] - All options with index in [42] are selected on object 'Object Repository/MOH AND GRN/Page_KDMC - CMS/select_--Select--Adernaline 0.'

2018-05-11 10:30:59 - [TEST_STEP][PASSED] - setText: Text '5000' is set on object 'Object Repository/MOH AND GRN/Page_KDMC - CMS/input_txttreat'

2018-05-11 10:30:59 - [MESSAGE][PASSED] - Text '5000' is set on object 'Object Repository/MOH AND GRN/Page_KDMC - CMS/input_txttreat'

2018-05-11 10:30:59 - [TEST_STEP][PASSED] - click: Object: 'Object Repository/MOH AND GRN/Page_KDMC - CMS/button_Add' is clicked on

2018-05-11 10:30:59 - [MESSAGE][PASSED] - Object: 'Object Repository/MOH AND GRN/Page_KDMC - CMS/button_Add' is clicked on

2018-05-11 10:30:59 - [TEST_STEP][PASSED] - selectOptionByIndex: All options with index in [2] are selected on object 'Object Repository/MOH AND GRN/Page_KDMC - CMS/select_--Select--Schedule 1Inj'

2018-05-11 10:30:59 - [MESSAGE][PASSED] - All options with index in [2] are selected on object 'Object Repository/MOH AND GRN/Page_KDMC - CMS/select_--Select--Schedule 1Inj'

2018-05-11 10:30:59 - [TEST_STEP][PASSED] - selectOptionByIndex: All options with index in [43] are selected on object 'Object Repository/MOH AND GRN/Page_KDMC - CMS/select_--Select--Adernaline 0.'

2018-05-11 10:30:59 - [MESSAGE][PASSED] - All options with index in [43] are selected on object 'Object Repository/MOH AND GRN/Page_KDMC - CMS/select_--Select--Adernaline 0.'

2018-05-11 10:30:59 - [TEST_STEP][PASSED] - setText: Text '5000' is set on object 'Object Repository/MOH AND GRN/Page_KDMC - CMS/input_txttreat'

2018-05-11 10:31:00 - [MESSAGE][PASSED] - Text '5000' is set on object 'Object Repository/MOH AND GRN/Page_KDMC - CMS/input_txttreat'

2018-05-11 10:31:00 - [TEST_STEP][PASSED] - click: Object: 'Object Repository/MOH AND GRN/Page_KDMC - CMS/button_Add' is clicked on

2018-05-11 10:31:00 - [MESSAGE][PASSED] - Object: 'Object Repository/MOH AND GRN/Page_KDMC - CMS/button_Add' is clicked on

2018-05-11 10:31:00 - [TEST_STEP][PASSED] - selectOptionByIndex: All options with index in [2] are selected on object 'Object Repository/MOH AND GRN/Page_KDMC - CMS/select_--Select--Schedule 1Inj'

2018-05-11 10:31:00 - [MESSAGE][PASSED] - All options with index in [2] are selected on object 'Object Repository/MOH AND GRN/Page_KDMC - CMS/select_--Select--Schedule 1Inj'

2018-05-11 10:31:00 - [TEST_STEP][PASSED] - selectOptionByIndex: All options with index in [44] are selected on object 'Object Repository/MOH AND GRN/Page_KDMC - CMS/select_--Select--Adernaline 0.'

2018-05-11 10:31:00 - [MESSAGE][PASSED] - All options with index in [44] are selected on object 'Object Repository/MOH AND GRN/Page_KDMC - CMS/select_--Select--Adernaline 0.'

2018-05-11 10:31:00 - [TEST_STEP][PASSED] - setText: Text '5000' is set on object 'Object Repository/MOH AND GRN/Page_KDMC - CMS/input_txttreat'

2018-05-11 10:31:00 - [MESSAGE][PASSED] - Text '5000' is set on object 'Object Repository/MOH AND GRN/Page_KDMC - CMS/input_txttreat'

2018-05-11 10:31:00 - [TEST_STEP][PASSED] - click: Object: 'Object Repository/MOH AND GRN/Page_KDMC - CMS/button_Add' is clicked on

2018-05-11 10:31:00 - [MESSAGE][PASSED] - Object: 'Object Repository/MOH AND GRN/Page_KDMC - CMS/button_Add' is clicked on

2018-05-11 10:31:00 - [TEST_STEP][PASSED] - selectOptionByIndex: All options with index in [2] are selected on object 'Object Repository/MOH AND GRN/Page_KDMC - CMS/select_--Select--Schedule 1Inj'

2018-05-11 10:31:01 - [MESSAGE][PASSED] - All options with index in [2] are selected on object 'Object Repository/MOH AND GRN/Page_KDMC - CMS/select_--Select--Schedule 1Inj'

2018-05-11 10:31:01 - [TEST_STEP][PASSED] - selectOptionByIndex: All options with index in [45] are selected on object 'Object Repository/MOH AND GRN/Page_KDMC - CMS/select_--Select--Adernaline 0.'

2018-05-11 10:31:01 - [MESSAGE][PASSED] - All options with index in [45] are selected on object 'Object Repository/MOH AND GRN/Page_KDMC - CMS/select_--Select--Adernaline 0.'

2018-05-11 10:31:01 - [TEST_STEP][PASSED] - setText: Text '5000' is set on object 'Object Repository/MOH AND GRN/Page_KDMC - CMS/input_txttreat'

2018-05-11 10:31:01 - [MESSAGE][PASSED] - Text '5000' is set on object 'Object Repository/MOH AND GRN/Page_KDMC - CMS/input_txttreat'

2018-05-11 10:31:01 - [TEST_STEP][PASSED] - click: Object: 'Object Repository/MOH AND GRN/Page_KDMC - CMS/button_Add' is clicked on

2018-05-11 10:31:01 - [MESSAGE][PASSED] - Object: 'Object Repository/MOH AND GRN/Page_KDMC - CMS/button_Add' is clicked on

2018-05-11 10:31:01 - [TEST_STEP][PASSED] - selectOptionByIndex: All options with index in [2] are selected on object 'Object Repository/MOH AND GRN/Page_KDMC - CMS/select_--Select--Schedule 1Inj'

2018-05-11 10:31:01 - [MESSAGE][PASSED] - All options with index in [2] are selected on object 'Object Repository/MOH AND GRN/Page_KDMC - CMS/select_--Select--Schedule 1Inj'

2018-05-11 10:31:01 - [TEST_STEP][PASSED] - selectOptionByIndex: All options with index in [46] are selected on object 'Object Repository/MOH AND GRN/Page_KDMC - CMS/select_--Select--Adernaline 0.'

2018-05-11 10:31:02 - [MESSAGE][PASSED] - All options with index in [46] are selected on object 'Object Repository/MOH AND GRN/Page_KDMC - CMS/select_--Select--Adernaline 0.'

2018-05-11 10:31:02 - [TEST_STEP][PASSED] - setText: Text '5000' is set on object 'Object Repository/MOH AND GRN/Page_KDMC - CMS/input_txttreat'

2018-05-11 10:31:02 - [MESSAGE][PASSED] - Text '5000' is set on object 'Object Repository/MOH AND GRN/Page_KDMC - CMS/input_txttreat'

2018-05-11 10:31:02 - [TEST_STEP][PASSED] - click: Object: 'Object Repository/MOH AND GRN/Page_KDMC - CMS/button_Add' is clicked on

2018-05-11 10:31:02 - [MESSAGE][PASSED] - Object: 'Object Repository/MOH AND GRN/Page_KDMC - CMS/button_Add' is clicked on

2018-05-11 10:31:02 - [TEST_STEP][PASSED] - selectOptionByIndex: All options with index in [2] are selected on object 'Object Repository/MOH AND GRN/Page_KDMC - CMS/select_--Select--Schedule 1Inj'

2018-05-11 10:31:02 - [MESSAGE][PASSED] - All options with index in [2] are selected on object 'Object Repository/MOH AND GRN/Page_KDMC - CMS/select_--Select--Schedule 1Inj'

2018-05-11 10:31:02 - [TEST_STEP][PASSED] - selectOptionByIndex: All options with index in [47] are selected on object 'Object Repository/MOH AND GRN/Page_KDMC - CMS/select_--Select--Adernaline 0.'

2018-05-11 10:31:03 - [MESSAGE][PASSED] - All options with index in [47] are selected on object 'Object Repository/MOH AND GRN/Page_KDMC - CMS/select_--Select--Adernaline 0.'

2018-05-11 10:31:03 - [TEST_STEP][PASSED] - setText: Text '5000' is set on object 'Object Repository/MOH AND GRN/Page_KDMC - CMS/input_txttreat'

2018-05-11 10:31:03 - [MESSAGE][PASSED] - Text '5000' is set on object 'Object Repository/MOH AND GRN/Page_KDMC - CMS/input_txttreat'

2018-05-11 10:31:03 - [TEST_STEP][PASSED] - click: Object: 'Object Repository/MOH AND GRN/Page_KDMC - CMS/button_Add' is clicked on

2018-05-11 10:31:03 - [MESSAGE][PASSED] - Object: 'Object Repository/MOH AND GRN/Page_KDMC - CMS/button_Add' is clicked on

2018-05-11 10:31:03 - [TEST_STEP][PASSED] - selectOptionByIndex: All options with index in [2] are selected on object 'Object Repository/MOH AND GRN/Page_KDMC - CMS/select_--Select--Schedule 1Inj'

2018-05-11 10:31:03 - [MESSAGE][PASSED] - All options with index in [2] are selected on object 'Object Repository/MOH AND GRN/Page_KDMC - CMS/select_--Select--Schedule 1Inj'

2018-05-11 10:31:03 - [TEST_STEP][PASSED] - selectOptionByIndex: All options with index in [48] are selected on object 'Object Repository/MOH AND GRN/Page_KDMC - CMS/select_--Select--Adernaline 0.'

2018-05-11 10:31:04 - [MESSAGE][PASSED] - All options with index in [48] are selected on object 'Object Repository/MOH AND GRN/Page_KDMC - CMS/select_--Select--Adernaline 0.'

2018-05-11 10:31:04 - [TEST_STEP][PASSED] - setText: Text '5000' is set on object 'Object Repository/MOH AND GRN/Page_KDMC - CMS/input_txttreat'

2018-05-11 10:31:04 - [MESSAGE][PASSED] - Text '5000' is set on object 'Object Repository/MOH AND GRN/Page_KDMC - CMS/input_txttreat'

2018-05-11 10:31:04 - [TEST_STEP][PASSED] - click: Object: 'Object Repository/MOH AND GRN/Page_KDMC - CMS/button_Add' is clicked on

2018-05-11 10:31:04 - [MESSAGE][PASSED] - Object: 'Object Repository/MOH AND GRN/Page_KDMC - CMS/button_Add' is clicked on

2018-05-11 10:31:04 - [TEST_STEP][PASSED] - selectOptionByIndex: All options with index in [2] are selected on object 'Object Repository/MOH AND GRN/Page_KDMC - CMS/select_--Select--Schedule 1Inj'

2018-05-11 10:31:04 - [MESSAGE][PASSED] - All options with index in [2] are selected on object 'Object Repository/MOH AND GRN/Page_KDMC - CMS/select_--Select--Schedule 1Inj'

2018-05-11 10:31:04 - [TEST_STEP][PASSED] - selectOptionByIndex: All options with index in [49] are selected on object 'Object Repository/MOH AND GRN/Page_KDMC - CMS/select_--Select--Adernaline 0.'

2018-05-11 10:31:05 - [MESSAGE][PASSED] - All options with index in [49] are selected on object 'Object Repository/MOH AND GRN/Page_KDMC - CMS/select_--Select--Adernaline 0.'

2018-05-11 10:31:05 - [TEST_STEP][PASSED] - setText: Text '5000' is set on object 'Object Repository/MOH AND GRN/Page_KDMC - CMS/input_txttreat'

2018-05-11 10:31:05 - [MESSAGE][PASSED] - Text '5000' is set on object 'Object Repository/MOH AND GRN/Page_KDMC - CMS/input_txttreat'

2018-05-11 10:31:05 - [TEST_STEP][PASSED] - click: Object: 'Object Repository/MOH AND GRN/Page_KDMC - CMS/button_Add' is clicked on

2018-05-11 10:31:05 - [MESSAGE][PASSED] - Object: 'Object Repository/MOH AND GRN/Page_KDMC - CMS/button_Add' is clicked on

2018-05-11 10:31:05 - [TEST_STEP][PASSED] - selectOptionByIndex: All options with index in [2] are selected on object 'Object Repository/MOH AND GRN/Page_KDMC - CMS/select_--Select--Schedule 1Inj'

2018-05-11 10:31:05 - [MESSAGE][PASSED] - All options with index in [2] are selected on object 'Object Repository/MOH AND GRN/Page_KDMC - CMS/select_--Select--Schedule 1Inj'

2018-05-11 10:31:05 - [TEST_STEP][PASSED] - selectOptionByIndex: All options with index in [50] are selected on object 'Object Repository/MOH AND GRN/Page_KDMC - CMS/select_--Select--Adernaline 0.'

2018-05-11 10:31:06 - [MESSAGE][PASSED] - All options with index in [50] are selected on object 'Object Repository/MOH AND GRN/Page_KDMC - CMS/select_--Select--Adernaline 0.'

2018-05-11 10:31:06 - [TEST_STEP][PASSED] - setText: Text '5000' is set on object 'Object Repository/MOH AND GRN/Page_KDMC - CMS/input_txttreat'

2018-05-11 10:31:06 - [MESSAGE][PASSED] - Text '5000' is set on object 'Object Repository/MOH AND GRN/Page_KDMC - CMS/input_txttreat'

2018-05-11 10:31:06 - [TEST_STEP][PASSED] - click: Object: 'Object Repository/MOH AND GRN/Page_KDMC - CMS/button_Add' is clicked on

2018-05-11 10:31:06 - [MESSAGE][PASSED] - Object: 'Object Repository/MOH AND GRN/Page_KDMC - CMS/button_Add' is clicked on

2018-05-11 10:31:06 - [TEST_STEP][PASSED] - selectOptionByIndex: All options with index in [2] are selected on object 'Object Repository/MOH AND GRN/Page_KDMC - CMS/select_--Select--Schedule 1Inj'

2018-05-11 10:31:06 - [MESSAGE][PASSED] - All options with index in [2] are selected on object 'Object Repository/MOH AND GRN/Page_KDMC - CMS/select_--Select--Schedule 1Inj'

2018-05-11 10:31:06 - [TEST_STEP][PASSED] - selectOptionByIndex: All options with index in [51] are selected on object 'Object Repository/MOH AND GRN/Page_KDMC - CMS/select_--Select--Adernaline 0.'

2018-05-11 10:31:07 - [MESSAGE][PASSED] - All options with index in [51] are selected on object 'Object Repository/MOH AND GRN/Page_KDMC - CMS/select_--Select--Adernaline 0.'

2018-05-11 10:31:07 - [TEST_STEP][PASSED] - setText: Text '5000' is set on object 'Object Repository/MOH AND GRN/Page_KDMC - CMS/input_txttreat'

2018-05-11 10:31:07 - [MESSAGE][PASSED] - Text '5000' is set on object 'Object Repository/MOH AND GRN/Page_KDMC - CMS/input_txttreat'

2018-05-11 10:31:07 - [TEST_STEP][PASSED] - click: Object: 'Object Repository/MOH AND GRN/Page_KDMC - CMS/button_Add' is clicked on

2018-05-11 10:31:07 - [MESSAGE][PASSED] - Object: 'Object Repository/MOH AND GRN/Page_KDMC - CMS/button_Add' is clicked on

2018-05-11 10:31:07 - [TEST_STEP][PASSED] - selectOptionByIndex: All options with index in [2] are selected on object 'Object Repository/MOH AND GRN/Page_KDMC - CMS/select_--Select--Schedule 1Inj'

2018-05-11 10:31:07 - [MESSAGE][PASSED] - All options with index in [2] are selected on object 'Object Repository/MOH AND GRN/Page_KDMC - CMS/select_--Select--Schedule 1Inj'

2018-05-11 10:31:07 - [TEST_STEP][PASSED] - selectOptionByIndex: All options with index in [52] are selected on object 'Object Repository/MOH AND GRN/Page_KDMC - CMS/select_--Select--Adernaline 0.'

2018-05-11 10:31:07 - [MESSAGE][PASSED] - All options with index in [52] are selected on object 'Object Repository/MOH AND GRN/Page_KDMC - CMS/select_--Select--Adernaline 0.'

2018-05-11 10:31:07 - [TEST_STEP][PASSED] - setText: Text '5000' is set on object 'Object Repository/MOH AND GRN/Page_KDMC - CMS/input_txttreat'

2018-05-11 10:31:07 - [MESSAGE][PASSED] - Text '5000' is set on object 'Object Repository/MOH AND GRN/Page_KDMC - CMS/input_txttreat'

2018-05-11 10:31:07 - [TEST_STEP][PASSED] - click: Object: 'Object Repository/MOH AND GRN/Page_KDMC - CMS/button_Add' is clicked on

2018-05-11 10:31:08 - [MESSAGE][PASSED] - Object: 'Object Repository/MOH AND GRN/Page_KDMC - CMS/button_Add' is clicked on

2018-05-11 10:31:08 - [TEST_STEP][PASSED] - selectOptionByIndex: All options with index in [2] are selected on object 'Object Repository/MOH AND GRN/Page_KDMC - CMS/select_--Select--Schedule 1Inj'

2018-05-11 10:31:08 - [MESSAGE][PASSED] - All options with index in [2] are selected on object 'Object Repository/MOH AND GRN/Page_KDMC - CMS/select_--Select--Schedule 1Inj'

2018-05-11 10:31:08 - [TEST_STEP][PASSED] - selectOptionByIndex: All options with index in [53] are selected on object 'Object Repository/MOH AND GRN/Page_KDMC - CMS/select_--Select--Adernaline 0.'

2018-05-11 10:31:08 - [MESSAGE][PASSED] - All options with index in [53] are selected on object 'Object Repository/MOH AND GRN/Page_KDMC - CMS/select_--Select--Adernaline 0.'

2018-05-11 10:31:08 - [TEST_STEP][PASSED] - setText: Text '5000' is set on object 'Object Repository/MOH AND GRN/Page_KDMC - CMS/input_txttreat'

2018-05-11 10:31:08 - [MESSAGE][PASSED] - Text '5000' is set on object 'Object Repository/MOH AND GRN/Page_KDMC - CMS/input_txttreat'

2018-05-11 10:31:08 - [TEST_STEP][PASSED] - click: Object: 'Object Repository/MOH AND GRN/Page_KDMC - CMS/button_Add' is clicked on

2018-05-11 10:31:08 - [MESSAGE][PASSED] - Object: 'Object Repository/MOH AND GRN/Page_KDMC - CMS/button_Add' is clicked on

2018-05-11 10:31:08 - [TEST_STEP][PASSED] - selectOptionByIndex: All options with index in [2] are selected on object 'Object Repository/MOH AND GRN/Page_KDMC - CMS/select_--Select--Schedule 1Inj'

2018-05-11 10:31:09 - [MESSAGE][PASSED] - All options with index in [2] are selected on object 'Object Repository/MOH AND GRN/Page_KDMC - CMS/select_--Select--Schedule 1Inj'

2018-05-11 10:31:09 - [TEST_STEP][PASSED] - selectOptionByIndex: All options with index in [54] are selected on object 'Object Repository/MOH AND GRN/Page_KDMC - CMS/select_--Select--Adernaline 0.'

2018-05-11 10:31:09 - [MESSAGE][PASSED] - All options with index in [54] are selected on object 'Object Repository/MOH AND GRN/Page_KDMC - CMS/select_--Select--Adernaline 0.'

2018-05-11 10:31:09 - [TEST_STEP][PASSED] - setText: Text '5000' is set on object 'Object Repository/MOH AND GRN/Page_KDMC - CMS/input_txttreat'

2018-05-11 10:31:09 - [MESSAGE][PASSED] - Text '5000' is set on object 'Object Repository/MOH AND GRN/Page_KDMC - CMS/input_txttreat'

2018-05-11 10:31:09 - [TEST_STEP][PASSED] - click: Object: 'Object Repository/MOH AND GRN/Page_KDMC - CMS/button_Add' is clicked on

2018-05-11 10:31:09 - [MESSAGE][PASSED] - Object: 'Object Repository/MOH AND GRN/Page_KDMC - CMS/button_Add' is clicked on

2018-05-11 10:31:09 - [TEST_STEP][PASSED] - selectOptionByIndex: All options with index in [2] are selected on object 'Object Repository/MOH AND GRN/Page_KDMC - CMS/select_--Select--Schedule 1Inj'

2018-05-11 10:31:10 - [MESSAGE][PASSED] - All options with index in [2] are selected on object 'Object Repository/MOH AND GRN/Page_KDMC - CMS/select_--Select--Schedule 1Inj'

2018-05-11 10:31:10 - [TEST_STEP][PASSED] - selectOptionByIndex: All options with index in [55] are selected on object 'Object Repository/MOH AND GRN/Page_KDMC - CMS/select_--Select--Adernaline 0.'

2018-05-11 10:31:10 - [MESSAGE][PASSED] - All options with index in [55] are selected on object 'Object Repository/MOH AND GRN/Page_KDMC - CMS/select_--Select--Adernaline 0.'

2018-05-11 10:31:10 - [TEST_STEP][PASSED] - setText: Text '5000' is set on object 'Object Repository/MOH AND GRN/Page_KDMC - CMS/input_txttreat'

2018-05-11 10:31:10 - [MESSAGE][PASSED] - Text '5000' is set on object 'Object Repository/MOH AND GRN/Page_KDMC - CMS/input_txttreat'

2018-05-11 10:31:10 - [TEST_STEP][PASSED] - click: Object: 'Object Repository/MOH AND GRN/Page_KDMC - CMS/button_Add' is clicked on

2018-05-11 10:31:10 - [MESSAGE][PASSED] - Object: 'Object Repository/MOH AND GRN/Page_KDMC - CMS/button_Add' is clicked on

2018-05-11 10:31:10 - [TEST_STEP][PASSED] - selectOptionByIndex: All options with index in [2] are selected on object 'Object Repository/MOH AND GRN/Page_KDMC - CMS/select_--Select--Schedule 1Inj'

2018-05-11 10:31:11 - [MESSAGE][PASSED] - All options with index in [2] are selected on object 'Object Repository/MOH AND GRN/Page_KDMC - CMS/select_--Select--Schedule 1Inj'

2018-05-11 10:31:11 - [TEST_STEP][PASSED] - selectOptionByIndex: All options with index in [56] are selected on object 'Object Repository/MOH AND GRN/Page_KDMC - CMS/select_--Select--Adernaline 0.'

2018-05-11 10:31:11 - [MESSAGE][PASSED] - All options with index in [56] are selected on object 'Object Repository/MOH AND GRN/Page_KDMC - CMS/select_--Select--Adernaline 0.'

2018-05-11 10:31:11 - [TEST_STEP][PASSED] - setText: Text '5000' is set on object 'Object Repository/MOH AND GRN/Page_KDMC - CMS/input_txttreat'

2018-05-11 10:31:11 - [MESSAGE][PASSED] - Text '5000' is set on object 'Object Repository/MOH AND GRN/Page_KDMC - CMS/input_txttreat'

2018-05-11 10:31:11 - [TEST_STEP][PASSED] - click: Object: 'Object Repository/MOH AND GRN/Page_KDMC - CMS/button_Add' is clicked on

2018-05-11 10:31:11 - [MESSAGE][PASSED] - Object: 'Object Repository/MOH AND GRN/Page_KDMC - CMS/button_Add' is clicked on

2018-05-11 10:31:11 - [TEST_STEP][PASSED] - selectOptionByIndex: All options with index in [2] are selected on object 'Object Repository/MOH AND GRN/Page_KDMC - CMS/select_--Select--Schedule 1Inj'

2018-05-11 10:31:11 - [MESSAGE][PASSED] - All options with index in [2] are selected on object 'Object Repository/MOH AND GRN/Page_KDMC - CMS/select_--Select--Schedule 1Inj'

2018-05-11 10:31:12 - [TEST_STEP][PASSED] - selectOptionByIndex: All options with index in [57] are selected on object 'Object Repository/MOH AND GRN/Page_KDMC - CMS/select_--Select--Adernaline 0.'

2018-05-11 10:31:12 - [MESSAGE][PASSED] - All options with index in [57] are selected on object 'Object Repository/MOH AND GRN/Page_KDMC - CMS/select_--Select--Adernaline 0.'

2018-05-11 10:31:12 - [TEST_STEP][PASSED] - setText: Text '5000' is set on object 'Object Repository/MOH AND GRN/Page_KDMC - CMS/input_txttreat'

2018-05-11 10:31:12 - [MESSAGE][PASSED] - Text '5000' is set on object 'Object Repository/MOH AND GRN/Page_KDMC - CMS/input_txttreat'

2018-05-11 10:31:12 - [TEST_STEP][PASSED] - click: Object: 'Object Repository/MOH AND GRN/Page_KDMC - CMS/button_Add' is clicked on

2018-05-11 10:31:12 - [MESSAGE][PASSED] - Object: 'Object Repository/MOH AND GRN/Page_KDMC - CMS/button_Add' is clicked on

2018-05-11 10:31:12 - [TEST_STEP][PASSED] - selectOptionByIndex: All options with index in [2] are selected on object 'Object Repository/MOH AND GRN/Page_KDMC - CMS/select_--Select--Schedule 1Inj'

2018-05-11 10:31:12 - [MESSAGE][PASSED] - All options with index in [2] are selected on object 'Object Repository/MOH AND GRN/Page_KDMC - CMS/select_--Select--Schedule 1Inj'

2018-05-11 10:31:12 - [TEST_STEP][PASSED] - selectOptionByIndex: All options with index in [58] are selected on object 'Object Repository/MOH AND GRN/Page_KDMC - CMS/select_--Select--Adernaline 0.'

2018-05-11 10:31:13 - [MESSAGE][PASSED] - All options with index in [58] are selected on object 'Object Repository/MOH AND GRN/Page_KDMC - CMS/select_--Select--Adernaline 0.'

2018-05-11 10:31:13 - [TEST_STEP][PASSED] - setText: Text '5000' is set on object 'Object Repository/MOH AND GRN/Page_KDMC - CMS/input_txttreat'

2018-05-11 10:31:13 - [MESSAGE][PASSED] - Text '5000' is set on object 'Object Repository/MOH AND GRN/Page_KDMC - CMS/input_txttreat'

2018-05-11 10:31:13 - [TEST_STEP][PASSED] - click: Object: 'Object Repository/MOH AND GRN/Page_KDMC - CMS/button_Add' is clicked on

2018-05-11 10:31:13 - [MESSAGE][PASSED] - Object: 'Object Repository/MOH AND GRN/Page_KDMC - CMS/button_Add' is clicked on

2018-05-11 10:31:13 - [TEST_STEP][PASSED] - selectOptionByIndex: All options with index in [2] are selected on object 'Object Repository/MOH AND GRN/Page_KDMC - CMS/select_--Select--Schedule 1Inj'

2018-05-11 10:31:13 - [MESSAGE][PASSED] - All options with index in [2] are selected on object 'Object Repository/MOH AND GRN/Page_KDMC - CMS/select_--Select--Schedule 1Inj'

2018-05-11 10:31:13 - [TEST_STEP][PASSED] - selectOptionByIndex: All options with index in [59] are selected on object 'Object Repository/MOH AND GRN/Page_KDMC - CMS/select_--Select--Adernaline 0.'

2018-05-11 10:31:14 - [MESSAGE][PASSED] - All options with index in [59] are selected on object 'Object Repository/MOH AND GRN/Page_KDMC - CMS/select_--Select--Adernaline 0.'

2018-05-11 10:31:14 - [TEST_STEP][PASSED] - setText: Text '5000' is set on object 'Object Repository/MOH AND GRN/Page_KDMC - CMS/input_txttreat'

2018-05-11 10:31:14 - [MESSAGE][PASSED] - Text '5000' is set on object 'Object Repository/MOH AND GRN/Page_KDMC - CMS/input_txttreat'

2018-05-11 10:31:14 - [TEST_STEP][PASSED] - click: Object: 'Object Repository/MOH AND GRN/Page_KDMC - CMS/button_Add' is clicked on

2018-05-11 10:31:14 - [MESSAGE][PASSED] - Object: 'Object Repository/MOH AND GRN/Page_KDMC - CMS/button_Add' is clicked on

2018-05-11 10:31:14 - [TEST_STEP][PASSED] - selectOptionByIndex: All options with index in [2] are selected on object 'Object Repository/MOH AND GRN/Page_KDMC - CMS/select_--Select--Schedule 1Inj'

2018-05-11 10:31:14 - [MESSAGE][PASSED] - All options with index in [2] are selected on object 'Object Repository/MOH AND GRN/Page_KDMC - CMS/select_--Select--Schedule 1Inj'

2018-05-11 10:31:14 - [TEST_STEP][PASSED] - selectOptionByIndex: All options with index in [60] are selected on object 'Object Repository/MOH AND GRN/Page_KDMC - CMS/select_--Select--Adernaline 0.'

2018-05-11 10:31:15 - [MESSAGE][PASSED] - All options with index in [60] are selected on object 'Object Repository/MOH AND GRN/Page_KDMC - CMS/select_--Select--Adernaline 0.'

2018-05-11 10:31:15 - [TEST_STEP][PASSED] - setText: Text '5000' is set on object 'Object Repository/MOH AND GRN/Page_KDMC - CMS/input_txttreat'

2018-05-11 10:31:15 - [MESSAGE][PASSED] - Text '5000' is set on object 'Object Repository/MOH AND GRN/Page_KDMC - CMS/input_txttreat'

2018-05-11 10:31:15 - [TEST_STEP][PASSED] - click: Object: 'Object Repository/MOH AND GRN/Page_KDMC - CMS/button_Add' is clicked on

2018-05-11 10:31:15 - [MESSAGE][PASSED] - Object: 'Object Repository/MOH AND GRN/Page_KDMC - CMS/button_Add' is clicked on

2018-05-11 10:31:15 - [TEST_STEP][PASSED] - selectOptionByIndex: All options with index in [2] are selected on object 'Object Repository/MOH AND GRN/Page_KDMC - CMS/select_--Select--Schedule 1Inj'

2018-05-11 10:31:15 - [MESSAGE][PASSED] - All options with index in [2] are selected on object 'Object Repository/MOH AND GRN/Page_KDMC - CMS/select_--Select--Schedule 1Inj'

2018-05-11 10:31:15 - [TEST_STEP][PASSED] - selectOptionByIndex: All options with index in [61] are selected on object 'Object Repository/MOH AND GRN/Page_KDMC - CMS/select_--Select--Adernaline 0.'

2018-05-11 10:31:16 - [MESSAGE][PASSED] - All options with index in [61] are selected on object 'Object Repository/MOH AND GRN/Page_KDMC - CMS/select_--Select--Adernaline 0.'

2018-05-11 10:31:16 - [TEST_STEP][PASSED] - setText: Text '5000' is set on object 'Object Repository/MOH AND GRN/Page_KDMC - CMS/input_txttreat'

2018-05-11 10:31:16 - [MESSAGE][PASSED] - Text '5000' is set on object 'Object Repository/MOH AND GRN/Page_KDMC - CMS/input_txttreat'

2018-05-11 10:31:16 - [TEST_STEP][PASSED] - click: Object: 'Object Repository/MOH AND GRN/Page_KDMC - CMS/button_Add' is clicked on

2018-05-11 10:31:16 - [MESSAGE][PASSED] - Object: 'Object Repository/MOH AND GRN/Page_KDMC - CMS/button_Add' is clicked on

2018-05-11 10:31:16 - [TEST_STEP][PASSED] - selectOptionByIndex: All options with index in [2] are selected on object 'Object Repository/MOH AND GRN/Page_KDMC - CMS/select_--Select--Schedule 1Inj'

2018-05-11 10:31:16 - [MESSAGE][PASSED] - All options with index in [2] are selected on object 'Object Repository/MOH AND GRN/Page_KDMC - CMS/select_--Select--Schedule 1Inj'

2018-05-11 10:31:16 - [TEST_STEP][PASSED] - selectOptionByIndex: All options with index in [62] are selected on object 'Object Repository/MOH AND GRN/Page_KDMC - CMS/select_--Select--Adernaline 0.'

2018-05-11 10:31:17 - [MESSAGE][PASSED] - All options with index in [62] are selected on object 'Object Repository/MOH AND GRN/Page_KDMC - CMS/select_--Select--Adernaline 0.'

2018-05-11 10:31:17 - [TEST_STEP][PASSED] - setText: Text '5000' is set on object 'Object Repository/MOH AND GRN/Page_KDMC - CMS/input_txttreat'

2018-05-11 10:31:17 - [MESSAGE][PASSED] - Text '5000' is set on object 'Object Repository/MOH AND GRN/Page_KDMC - CMS/input_txttreat'

2018-05-11 10:31:17 - [TEST_STEP][PASSED] - click: Object: 'Object Repository/MOH AND GRN/Page_KDMC - CMS/button_Add' is clicked on

2018-05-11 10:31:17 - [MESSAGE][PASSED] - Object: 'Object Repository/MOH AND GRN/Page_KDMC - CMS/button_Add' is clicked on

2018-05-11 10:31:17 - [TEST_STEP][PASSED] - selectOptionByIndex: All options with index in [2] are selected on object 'Object Repository/MOH AND GRN/Page_KDMC - CMS/select_--Select--Schedule 1Inj'

2018-05-11 10:31:17 - [MESSAGE][PASSED] - All options with index in [2] are selected on object 'Object Repository/MOH AND GRN/Page_KDMC - CMS/select_--Select--Schedule 1Inj'

2018-05-11 10:31:17 - [TEST_STEP][PASSED] - selectOptionByIndex: All options with index in [63] are selected on object 'Object Repository/MOH AND GRN/Page_KDMC - CMS/select_--Select--Adernaline 0.'

2018-05-11 10:31:18 - [MESSAGE][PASSED] - All options with index in [63] are selected on object 'Object Repository/MOH AND GRN/Page_KDMC - CMS/select_--Select--Adernaline 0.'

2018-05-11 10:31:18 - [TEST_STEP][PASSED] - setText: Text '5000' is set on object 'Object Repository/MOH AND GRN/Page_KDMC - CMS/input_txttreat'

2018-05-11 10:31:18 - [MESSAGE][PASSED] - Text '5000' is set on object 'Object Repository/MOH AND GRN/Page_KDMC - CMS/input_txttreat'

2018-05-11 10:31:18 - [TEST_STEP][PASSED] - click: Object: 'Object Repository/MOH AND GRN/Page_KDMC - CMS/button_Add' is clicked on

2018-05-11 10:31:18 - [MESSAGE][PASSED] - Object: 'Object Repository/MOH AND GRN/Page_KDMC - CMS/button_Add' is clicked on

2018-05-11 10:31:18 - [TEST_STEP][PASSED] - selectOptionByIndex: All options with index in [2] are selected on object 'Object Repository/MOH AND GRN/Page_KDMC - CMS/select_--Select--Schedule 1Inj'

2018-05-11 10:31:18 - [MESSAGE][PASSED] - All options with index in [2] are selected on object 'Object Repository/MOH AND GRN/Page_KDMC - CMS/select_--Select--Schedule 1Inj'

2018-05-11 10:31:18 - [TEST_STEP][PASSED] - selectOptionByIndex: All options with index in [64] are selected on object 'Object Repository/MOH AND GRN/Page_KDMC - CMS/select_--Select--Adernaline 0.'

2018-05-11 10:31:19 - [MESSAGE][PASSED] - All options with index in [64] are selected on object 'Object Repository/MOH AND GRN/Page_KDMC - CMS/select_--Select--Adernaline 0.'

2018-05-11 10:31:19 - [TEST_STEP][PASSED] - setText: Text '5000' is set on object 'Object Repository/MOH AND GRN/Page_KDMC - CMS/input_txttreat'

2018-05-11 10:31:19 - [MESSAGE][PASSED] - Text '5000' is set on object 'Object Repository/MOH AND GRN/Page_KDMC - CMS/input_txttreat'

2018-05-11 10:31:19 - [TEST_STEP][PASSED] - click: Object: 'Object Repository/MOH AND GRN/Page_KDMC - CMS/button_Add' is clicked on

2018-05-11 10:31:19 - [MESSAGE][PASSED] - Object: 'Object Repository/MOH AND GRN/Page_KDMC - CMS/button_Add' is clicked on

2018-05-11 10:31:19 - [TEST_STEP][PASSED] - selectOptionByIndex: All options with index in [2] are selected on object 'Object Repository/MOH AND GRN/Page_KDMC - CMS/select_--Select--Schedule 1Inj'

2018-05-11 10:31:19 - [MESSAGE][PASSED] - All options with index in [2] are selected on object 'Object Repository/MOH AND GRN/Page_KDMC - CMS/select_--Select--Schedule 1Inj'

2018-05-11 10:31:19 - [TEST_STEP][PASSED] - selectOptionByIndex: All options with index in [65] are selected on object 'Object Repository/MOH AND GRN/Page_KDMC - CMS/select_--Select--Adernaline 0.'

2018-05-11 10:31:20 - [MESSAGE][PASSED] - All options with index in [65] are selected on object 'Object Repository/MOH AND GRN/Page_KDMC - CMS/select_--Select--Adernaline 0.'

2018-05-11 10:31:20 - [TEST_STEP][PASSED] - setText: Text '5000' is set on object 'Object Repository/MOH AND GRN/Page_KDMC - CMS/input_txttreat'

2018-05-11 10:31:20 - [MESSAGE][PASSED] - Text '5000' is set on object 'Object Repository/MOH AND GRN/Page_KDMC - CMS/input_txttreat'

2018-05-11 10:31:20 - [TEST_STEP][PASSED] - click: Object: 'Object Repository/MOH AND GRN/Page_KDMC - CMS/button_Add' is clicked on

2018-05-11 10:31:20 - [MESSAGE][PASSED] - Object: 'Object Repository/MOH AND GRN/Page_KDMC - CMS/button_Add' is clicked on

2018-05-11 10:31:20 - [TEST_STEP][PASSED] - selectOptionByIndex: All options with index in [2] are selected on object 'Object Repository/MOH AND GRN/Page_KDMC - CMS/select_--Select--Schedule 1Inj'

2018-05-11 10:31:20 - [MESSAGE][PASSED] - All options with index in [2] are selected on object 'Object Repository/MOH AND GRN/Page_KDMC - CMS/select_--Select--Schedule 1Inj'

2018-05-11 10:31:20 - [TEST_STEP][PASSED] - selectOptionByIndex: All options with index in [66] are selected on object 'Object Repository/MOH AND GRN/Page_KDMC - CMS/select_--Select--Adernaline 0.'

2018-05-11 10:31:21 - [MESSAGE][PASSED] - All options with index in [66] are selected on object 'Object Repository/MOH AND GRN/Page_KDMC - CMS/select_--Select--Adernaline 0.'

2018-05-11 10:31:21 - [TEST_STEP][PASSED] - setText: Text '5000' is set on object 'Object Repository/MOH AND GRN/Page_KDMC - CMS/input_txttreat'

2018-05-11 10:31:21 - [MESSAGE][PASSED] - Text '5000' is set on object 'Object Repository/MOH AND GRN/Page_KDMC - CMS/input_txttreat'

2018-05-11 10:31:21 - [TEST_STEP][PASSED] - click: Object: 'Object Repository/MOH AND GRN/Page_KDMC - CMS/button_Add' is clicked on

2018-05-11 10:31:21 - [MESSAGE][PASSED] - Object: 'Object Repository/MOH AND GRN/Page_KDMC - CMS/button_Add' is clicked on

2018-05-11 10:31:21 - [TEST_STEP][PASSED] - selectOptionByIndex: All options with index in [2] are selected on object 'Object Repository/MOH AND GRN/Page_KDMC - CMS/select_--Select--Schedule 1Inj'

2018-05-11 10:31:22 - [MESSAGE][PASSED] - All options with index in [2] are selected on object 'Object Repository/MOH AND GRN/Page_KDMC - CMS/select_--Select--Schedule 1Inj'

2018-05-11 10:31:22 - [TEST_STEP][PASSED] - selectOptionByIndex: All options with index in [67] are selected on object 'Object Repository/MOH AND GRN/Page_KDMC - CMS/select_--Select--Adernaline 0.'

2018-05-11 10:31:22 - [MESSAGE][PASSED] - All options with index in [67] are selected on object 'Object Repository/MOH AND GRN/Page_KDMC - CMS/select_--Select--Adernaline 0.'

2018-05-11 10:31:22 - [TEST_STEP][PASSED] - setText: Text '5000' is set on object 'Object Repository/MOH AND GRN/Page_KDMC - CMS/input_txttreat'

2018-05-11 10:31:22 - [MESSAGE][PASSED] - Text '5000' is set on object 'Object Repository/MOH AND GRN/Page_KDMC - CMS/input_txttreat'

2018-05-11 10:31:22 - [TEST_STEP][PASSED] - click: Object: 'Object Repository/MOH AND GRN/Page_KDMC - CMS/button_Add' is clicked on

2018-05-11 10:31:22 - [MESSAGE][PASSED] - Object: 'Object Repository/MOH AND GRN/Page_KDMC - CMS/button_Add' is clicked on

2018-05-11 10:31:22 - [TEST_STEP][PASSED] - selectOptionByIndex: All options with index in [2] are selected on object 'Object Repository/MOH AND GRN/Page_KDMC - CMS/select_--Select--Schedule 1Inj'

2018-05-11 10:31:23 - [MESSAGE][PASSED] - All options with index in [2] are selected on object 'Object Repository/MOH AND GRN/Page_KDMC - CMS/select_--Select--Schedule 1Inj'

2018-05-11 10:31:23 - [TEST_STEP][PASSED] - selectOptionByIndex: All options with index in [68] are selected on object 'Object Repository/MOH AND GRN/Page_KDMC - CMS/select_--Select--Adernaline 0.'

2018-05-11 10:31:23 - [MESSAGE][PASSED] - All options with index in [68] are selected on object 'Object Repository/MOH AND GRN/Page_KDMC - CMS/select_--Select--Adernaline 0.'

2018-05-11 10:31:23 - [TEST_STEP][PASSED] - setText: Text '5000' is set on object 'Object Repository/MOH AND GRN/Page_KDMC - CMS/input_txttreat'

2018-05-11 10:31:23 - [MESSAGE][PASSED] - Text '5000' is set on object 'Object Repository/MOH AND GRN/Page_KDMC - CMS/input_txttreat'

2018-05-11 10:31:23 - [TEST_STEP][PASSED] - click: Object: 'Object Repository/MOH AND GRN/Page_KDMC - CMS/button_Add' is clicked on

2018-05-11 10:31:23 - [MESSAGE][PASSED] - Object: 'Object Repository/MOH AND GRN/Page_KDMC - CMS/button_Add' is clicked on

2018-05-11 10:31:23 - [TEST_STEP][PASSED] - selectOptionByIndex: All options with index in [2] are selected on object 'Object Repository/MOH AND GRN/Page_KDMC - CMS/select_--Select--Schedule 1Inj'

2018-05-11 10:31:24 - [MESSAGE][PASSED] - All options with index in [2] are selected on object 'Object Repository/MOH AND GRN/Page_KDMC - CMS/select_--Select--Schedule 1Inj'

2018-05-11 10:31:24 - [TEST_STEP][PASSED] - selectOptionByIndex: All options with index in [69] are selected on object 'Object Repository/MOH AND GRN/Page_KDMC - CMS/select_--Select--Adernaline 0.'

2018-05-11 10:31:24 - [MESSAGE][PASSED] - All options with index in [69] are selected on object 'Object Repository/MOH AND GRN/Page_KDMC - CMS/select_--Select--Adernaline 0.'

2018-05-11 10:31:24 - [TEST_STEP][PASSED] - setText: Text '5000' is set on object 'Object Repository/MOH AND GRN/Page_KDMC - CMS/input_txttreat'

2018-05-11 10:31:24 - [MESSAGE][PASSED] - Text '5000' is set on object 'Object Repository/MOH AND GRN/Page_KDMC - CMS/input_txttreat'

2018-05-11 10:31:24 - [TEST_STEP][PASSED] - click: Object: 'Object Repository/MOH AND GRN/Page_KDMC - CMS/button_Add' is clicked on

2018-05-11 10:31:25 - [MESSAGE][PASSED] - Object: 'Object Repository/MOH AND GRN/Page_KDMC - CMS/button_Add' is clicked on

2018-05-11 10:31:25 - [TEST_STEP][PASSED] - selectOptionByIndex: All options with index in [2] are selected on object 'Object Repository/MOH AND GRN/Page_KDMC - CMS/select_--Select--Schedule 1Inj'

2018-05-11 10:31:25 - [MESSAGE][PASSED] - All options with index in [2] are selected on object 'Object Repository/MOH AND GRN/Page_KDMC - CMS/select_--Select--Schedule 1Inj'

2018-05-11 10:31:25 - [TEST_STEP][PASSED] - selectOptionByIndex: All options with index in [70] are selected on object 'Object Repository/MOH AND GRN/Page_KDMC - CMS/select_--Select--Adernaline 0.'

2018-05-11 10:31:25 - [MESSAGE][PASSED] - All options with index in [70] are selected on object 'Object Repository/MOH AND GRN/Page_KDMC - CMS/select_--Select--Adernaline 0.'

2018-05-11 10:31:25 - [TEST_STEP][PASSED] - setText: Text '5000' is set on object 'Object Repository/MOH AND GRN/Page_KDMC - CMS/input_txttreat'

2018-05-11 10:31:25 - [MESSAGE][PASSED] - Text '5000' is set on object 'Object Repository/MOH AND GRN/Page_KDMC - CMS/input_txttreat'

2018-05-11 10:31:25 - [TEST_STEP][PASSED] - click: Object: 'Object Repository/MOH AND GRN/Page_KDMC - CMS/button_Add' is clicked on

2018-05-11 10:31:26 - [MESSAGE][PASSED] - Object: 'Object Repository/MOH AND GRN/Page_KDMC - CMS/button_Add' is clicked on

2018-05-11 10:31:26 - [TEST_STEP][PASSED] - selectOptionByIndex: All options with index in [2] are selected on object 'Object Repository/MOH AND GRN/Page_KDMC - CMS/select_--Select--Schedule 1Inj'

2018-05-11 10:31:26 - [MESSAGE][PASSED] - All options with index in [2] are selected on object 'Object Repository/MOH AND GRN/Page_KDMC - CMS/select_--Select--Schedule 1Inj'

2018-05-11 10:31:26 - [TEST_STEP][PASSED] - selectOptionByIndex: All options with index in [71] are selected on object 'Object Repository/MOH AND GRN/Page_KDMC - CMS/select_--Select--Adernaline 0.'

2018-05-11 10:31:27 - [MESSAGE][PASSED] - All options with index in [71] are selected on object 'Object Repository/MOH AND GRN/Page_KDMC - CMS/select_--Select--Adernaline 0.'

2018-05-11 10:31:27 - [TEST_STEP][PASSED] - setText: Text '5000' is set on object 'Object Repository/MOH AND GRN/Page_KDMC - CMS/input_txttreat'

2018-05-11 10:31:27 - [MESSAGE][PASSED] - Text '5000' is set on object 'Object Repository/MOH AND GRN/Page_KDMC - CMS/input_txttreat'

2018-05-11 10:31:27 - [TEST_STEP][PASSED] - click: Object: 'Object Repository/MOH AND GRN/Page_KDMC - CMS/button_Add' is clicked on

2018-05-11 10:31:27 - [MESSAGE][PASSED] - Object: 'Object Repository/MOH AND GRN/Page_KDMC - CMS/button_Add' is clicked on

2018-05-11 10:31:27 - [TEST_STEP][PASSED] - selectOptionByIndex: All options with index in [2] are selected on object 'Object Repository/MOH AND GRN/Page_KDMC - CMS/select_--Select--Schedule 1Inj'

2018-05-11 10:31:27 - [MESSAGE][PASSED] - All options with index in [2] are selected on object 'Object Repository/MOH AND GRN/Page_KDMC - CMS/select_--Select--Schedule 1Inj'

2018-05-11 10:31:27 - [TEST_STEP][PASSED] - selectOptionByIndex: All options with index in [72] are selected on object 'Object Repository/MOH AND GRN/Page_KDMC - CMS/select_--Select--Adernaline 0.'

2018-05-11 10:31:28 - [MESSAGE][PASSED] - All options with index in [72] are selected on object 'Object Repository/MOH AND GRN/Page_KDMC - CMS/select_--Select--Adernaline 0.'

2018-05-11 10:31:28 - [TEST_STEP][PASSED] - setText: Text '5000' is set on object 'Object Repository/MOH AND GRN/Page_KDMC - CMS/input_txttreat'

2018-05-11 10:31:28 - [MESSAGE][PASSED] - Text '5000' is set on object 'Object Repository/MOH AND GRN/Page_KDMC - CMS/input_txttreat'

2018-05-11 10:31:28 - [TEST_STEP][PASSED] - click: Object: 'Object Repository/MOH AND GRN/Page_KDMC - CMS/button_Add' is clicked on

2018-05-11 10:31:28 - [MESSAGE][PASSED] - Object: 'Object Repository/MOH AND GRN/Page_KDMC - CMS/button_Add' is clicked on

2018-05-11 10:31:28 - [TEST_STEP][PASSED] - scrollToElement: Scroll to object 'Object Repository/MOH AND GRN/Page_KDMC - CMS/input_btnsave' successfully

2018-05-11 10:31:28 - [MESSAGE][PASSED] - Scroll to object 'Object Repository/MOH AND GRN/Page_KDMC - CMS/input_btnsave' successfully

2018-05-11 10:31:28 - [TEST_STEP][PASSED] - click: Object: 'Object Repository/MOH AND GRN/Page_KDMC - CMS/input_btnsave' is clicked on

2018-05-11 10:31:28 - [MESSAGE][PASSED] - Object: 'Object Repository/MOH AND GRN/Page_KDMC - CMS/input_btnsave' is clicked on

2018-05-11 10:31:28 - [TEST_STEP][PASSED] - delay: Delayed 3 second(s)

2018-05-11 10:31:31 - [MESSAGE][PASSED] - Delayed 3 second(s)

2018-05-11 10:31:31 - [TEST_STEP][PASSED] - Statement - Request1 = com.kms.katalon.core.webui.keyword.WebUiBuiltInKeywords.getText(com.kms.katalon.core.testobject.ObjectRepository.findTestObject(MOH AND GRN/Page_KDMC - CMS/font_PRNO0505201876)): Text of object 'Object Repository/MOH AND GRN/Page_KDMC - CMS/font_PRNO0505201876' is: 'PRNO/11052018/207'

2018-05-11 10:31:31 - [MESSAGE][PASSED] - Text of object 'Object Repository/MOH AND GRN/Page_KDMC - CMS/font_PRNO0505201876' is: 'PRNO/11052018/207'

2018-05-11 10:31:31 - [TEST_STEP][PASSED] - Statement - out.println("Length OF The Medicine " + Request1): null

2018-05-11 10:31:31 - [TEST_STEP][PASSED] - Statement - RequestNUmber = Request1.split("/")[2].trim(): null

2018-05-11 10:31:31 - [TEST_STEP][PASSED] - Statement - out.println("ID IS " + RequestNUmber): null

2018-05-11 10:31:31 - [TEST_STEP][PASSED] - delay: Delayed 3 second(s)

2018-05-11 10:31:34 - [MESSAGE][PASSED] - Delayed 3 second(s)

2018-05-11 10:31:34 - [TEST_STEP][PASSED] - click: Object: 'Object Repository/MOH AND GRN/Page_KDMC - CMS/button_OK' is clicked on

2018-05-11 10:31:35 - [MESSAGE][PASSED] - Object: 'Object Repository/MOH AND GRN/Page_KDMC - CMS/button_OK' is clicked on

2018-05-11 10:31:35 - [TEST_STEP][PASSED] - click: Object: 'Object Repository/MOH AND GRN/Page_KDMC - CMS/a_dropdown-toggle' is clicked on

2018-05-11 10:31:36 - [MESSAGE][PASSED] - Object: 'Object Repository/MOH AND GRN/Page_KDMC - CMS/a_dropdown-toggle' is clicked on

2018-05-11 10:31:36 - [TEST_STEP][PASSED] - click: Object: 'Object Repository/MOH AND GRN/Page_KDMC - CMS/a_Sign out' is clicked on

2018-05-11 10:31:36 - [MESSAGE][PASSED] - Object: 'Object Repository/MOH AND GRN/Page_KDMC - CMS/a_Sign out' is clicked on

2018-05-11 10:31:36 - [TEST_STEP][PASSED] - delay: Delayed 4 second(s)

2018-05-11 10:31:40 - [MESSAGE][PASSED] - Delayed 4 second(s)

2018-05-11 10:31:40 - [TEST_STEP][PASSED] - click: Object: 'Object Repository/MOH AND GRN/Page_KDMC/a_Admin Master' is clicked on

2018-05-11 10:31:41 - [MESSAGE][PASSED] - Object: 'Object Repository/MOH AND GRN/Page_KDMC/a_Admin Master' is clicked on

2018-05-11 10:31:41 - [TEST_STEP][PASSED] - setText: Text 'admin' is set on object 'Object Repository/MOH AND GRN/Page_Admin login/input_txtusername'

2018-05-11 10:31:41 - [MESSAGE][PASSED] - Text 'admin' is set on object 'Object Repository/MOH AND GRN/Page_Admin login/input_txtusername'

2018-05-11 10:31:41 - [TEST_STEP][PASSED] - setText: Text 'admin123' is set on object 'Object Repository/MOH AND GRN/Page_Admin login/input_txtpassword'

2018-05-11 10:31:41 - [MESSAGE][PASSED] - Text 'admin123' is set on object 'Object Repository/MOH AND GRN/Page_Admin login/input_txtpassword'

2018-05-11 10:31:41 - [TEST_STEP][PASSED] - delay: Delayed 3 second(s)

2018-05-11 10:31:44 - [MESSAGE][PASSED] - Delayed 3 second(s)

2018-05-11 10:31:44 - [TEST_STEP][PASSED] - click: Object: 'Object Repository/MOH AND GRN/Page_Admin login/button_Sign in' is clicked on

2018-05-11 10:31:45 - [MESSAGE][PASSED] - Object: 'Object Repository/MOH AND GRN/Page_Admin login/button_Sign in' is clicked on

2018-05-11 10:31:45 - [TEST_STEP][PASSED] - delay: Delayed 20 second(s)

2018-05-11 10:32:05 - [MESSAGE][PASSED] - Delayed 20 second(s)

2018-05-11 10:32:05 - [TEST_STEP][PASSED] - scrollToPosition: Browser is scrolled to position x = 200, y = 200

2018-05-11 10:32:05 - [MESSAGE][PASSED] - Browser is scrolled to position x = 200, y = 200

2018-05-11 10:32:05 - [TEST_STEP][PASSED] - click: Object: 'Object Repository/MOH AND GRN/Page_KDMC/a_CMS_1' is clicked on

2018-05-11 10:32:05 - [MESSAGE][PASSED] - Object: 'Object Repository/MOH AND GRN/Page_KDMC/a_CMS_1' is clicked on

2018-05-11 10:32:05 - [TEST_STEP][PASSED] - click: Object: 'Object Repository/MOH AND GRN/Page_KDMC/a_Request List' is clicked on

2018-05-11 10:32:07 - [MESSAGE][PASSED] - Object: 'Object Repository/MOH AND GRN/Page_KDMC/a_Request List' is clicked on

2018-05-11 10:32:07 - [TEST_STEP][PASSED] - Statement - RequestNumberId = com.kms.katalon.core.webui.keyword.WebUiBuiltInKeywords.modifyObjectProperty(com.kms.katalon.core.testobject.ObjectRepository.findTestObject(MOH AND GRN/Page_KDMC - CMS/input_PO0032), "xpath", "equals", "//*[@id =" + RequestNUmber + "]", true): Modify property of object successfully

2018-05-11 10:32:07 - [MESSAGE][PASSED] - Modify property of object successfully

2018-05-11 10:32:07 - [TEST_STEP][PASSED] - click: Object: 'Object Repository/MOH AND GRN/Page_KDMC - CMS/input_PO0032' is clicked on

2018-05-11 10:32:07 - [MESSAGE][PASSED] - Object: 'Object Repository/MOH AND GRN/Page_KDMC - CMS/input_PO0032' is clicked on

2018-05-11 10:32:07 - [TEST_STEP][PASSED] - delay: Delayed 3 second(s)

2018-05-11 10:32:10 - [MESSAGE][PASSED] - Delayed 3 second(s)

2018-05-11 10:32:10 - [TEST_STEP][PASSED] - selectOptionByIndex: All options with index in [1] are selected on object 'Object Repository/MOH AND GRN/Page_KDMC/select_--Select--'

2018-05-11 10:32:10 - [MESSAGE][PASSED] - All options with index in [1] are selected on object 'Object Repository/MOH AND GRN/Page_KDMC/select_--Select--'

2018-05-11 10:32:10 - [TEST_STEP][PASSED] - click: Object: 'Object Repository/MOH AND GRN/Page_KDMC/input_btnupdate' is clicked on

2018-05-11 10:32:10 - [MESSAGE][PASSED] - Object: 'Object Repository/MOH AND GRN/Page_KDMC/input_btnupdate' is clicked on

2018-05-11 10:32:10 - [TEST_STEP][PASSED] - delay: Delayed 3 second(s)

2018-05-11 10:32:13 - [MESSAGE][PASSED] - Delayed 3 second(s)

2018-05-11 10:32:13 - [TEST_STEP][PASSED] - click: Object: 'Object Repository/MOH AND GRN/Page_KDMC/button_OK' is clicked on

2018-05-11 10:32:14 - [MESSAGE][PASSED] - Object: 'Object Repository/MOH AND GRN/Page_KDMC/button_OK' is clicked on

2018-05-11 10:32:14 - [TEST_STEP][PASSED] - delay: Delayed 3 second(s)

2018-05-11 10:32:17 - [MESSAGE][PASSED] - Delayed 3 second(s)

2018-05-11 10:32:17 - [TEST_STEP][PASSED] - scrollToPosition: Browser is scrolled to position x = 200, y = 200

2018-05-11 10:32:17 - [MESSAGE][PASSED] - Browser is scrolled to position x = 200, y = 200

2018-05-11 10:32:17 - [TEST_STEP][PASSED] - click: Object: 'Object Repository/MOH AND GRN/Page_KDMC/a_CMS_2' is clicked on

2018-05-11 10:32:17 - [MESSAGE][PASSED] - Object: 'Object Repository/MOH AND GRN/Page_KDMC/a_CMS_2' is clicked on

2018-05-11 10:32:17 - [TEST_STEP][PASSED] - delay: Delayed 2 second(s)

2018-05-11 10:32:19 - [MESSAGE][PASSED] - Delayed 2 second(s)

2018-05-11 10:32:19 - [TEST_STEP][PASSED] - click: Object: 'Object Repository/MOH AND GRN/Page_KDMC/a_Generate P.O' is clicked on

2018-05-11 10:32:20 - [MESSAGE][PASSED] - Object: 'Object Repository/MOH AND GRN/Page_KDMC/a_Generate P.O' is clicked on

2018-05-11 10:32:20 - [TEST_STEP][PASSED] - delay: Delayed 2 second(s)

2018-05-11 10:32:22 - [MESSAGE][PASSED] - Delayed 2 second(s)

2018-05-11 10:32:22 - [TEST_STEP][PASSED] - selectOptionByIndex: All options with index in [1] are selected on object 'Object Repository/MOH AND GRN/Page_KDMC/select_--Select--PRNO040520183'

2018-05-11 10:32:22 - [MESSAGE][PASSED] - All options with index in [1] are selected on object 'Object Repository/MOH AND GRN/Page_KDMC/select_--Select--PRNO040520183'

2018-05-11 10:32:22 - [TEST_STEP][PASSED] - selectOptionByIndex: All options with index in [4] are selected on object 'Object Repository/MOH AND GRN/Page_KDMC/select_--Select--Hamen Chandra'

2018-05-11 10:32:22 - [MESSAGE][PASSED] - All options with index in [4] are selected on object 'Object Repository/MOH AND GRN/Page_KDMC/select_--Select--Hamen Chandra'

2018-05-11 10:32:22 - [TEST_STEP][PASSED] - Statement - PONumber = com.kms.katalon.core.webui.keyword.WebUiBuiltInKeywords.getText(com.kms.katalon.core.testobject.ObjectRepository.findTestObject(MOH AND GRN/Page_KDMC/input_lblpono)).trim(): Text of object 'Object Repository/MOH AND GRN/Page_KDMC/input_lblpono' is: ''

2018-05-11 10:32:22 - [MESSAGE][PASSED] - Text of object 'Object Repository/MOH AND GRN/Page_KDMC/input_lblpono' is: ''

2018-05-11 10:32:22 - [TEST_STEP][PASSED] - Statement - PONumber1 = com.kms.katalon.core.webui.keyword.WebUiBuiltInKeywords.getAttribute(com.kms.katalon.core.testobject.ObjectRepository.findTestObject(MOH AND GRN/Page_KDMC/input_lblpono), "value").trim(): Attribute 'value' of object 'Object Repository/MOH AND GRN/Page_KDMC/input_lblpono' is: 'PO0091'

2018-05-11 10:32:22 - [MESSAGE][PASSED] - Attribute 'value' of object 'Object Repository/MOH AND GRN/Page_KDMC/input_lblpono' is: 'PO0091'

2018-05-11 10:32:22 - [TEST_STEP][PASSED] - Statement - out.println("PO NUMBER :" + PONumber): null

2018-05-11 10:32:22 - [TEST_STEP][PASSED] - Statement - out.println("PO NUMBER :" + PONumber1): null

2018-05-11 10:32:22 - [TEST_STEP][PASSED] - click: Object: 'Object Repository/MOH AND GRN/Page_KDMC/input_chkrem' is clicked on

2018-05-11 10:32:22 - [MESSAGE][PASSED] - Object: 'Object Repository/MOH AND GRN/Page_KDMC/input_chkrem' is clicked on

2018-05-11 10:32:22 - [TEST_STEP][PASSED] - scrollToElement: Scroll to object 'Object Repository/MOH AND GRN/Page_KDMC/input_btnreturn' successfully

2018-05-11 10:32:22 - [MESSAGE][PASSED] - Scroll to object 'Object Repository/MOH AND GRN/Page_KDMC/input_btnreturn' successfully

2018-05-11 10:32:22 - [TEST_STEP][PASSED] - click: Object: 'Object Repository/MOH AND GRN/Page_KDMC/input_btnreturn' is clicked on

2018-05-11 10:32:22 - [MESSAGE][PASSED] - Object: 'Object Repository/MOH AND GRN/Page_KDMC/input_btnreturn' is clicked on

2018-05-11 10:32:22 - [TEST_STEP][PASSED] - delay: Delayed 3 second(s)

2018-05-11 10:32:25 - [MESSAGE][PASSED] - Delayed 3 second(s)

2018-05-11 10:32:25 - [TEST_STEP][PASSED] - click: Object: 'Object Repository/MOH AND GRN/Page_KDMC/button_Yes' is clicked on

2018-05-11 10:32:25 - [MESSAGE][PASSED] - Object: 'Object Repository/MOH AND GRN/Page_KDMC/button_Yes' is clicked on

2018-05-11 10:32:25 - [TEST_STEP][PASSED] - delay: Delayed 3 second(s)

2018-05-11 10:32:28 - [MESSAGE][PASSED] - Delayed 3 second(s)

2018-05-11 10:32:28 - [TEST_STEP][PASSED] - click: Object: 'Object Repository/MOH AND GRN/Page_KDMC/button_OK' is clicked on

2018-05-11 10:32:29 - [MESSAGE][PASSED] - Object: 'Object Repository/MOH AND GRN/Page_KDMC/button_OK' is clicked on

2018-05-11 10:32:29 - [TEST_STEP][PASSED] - delay: Delayed 3 second(s)

2018-05-11 10:32:32 - [MESSAGE][PASSED] - Delayed 3 second(s)

2018-05-11 10:32:32 - [TEST_STEP][PASSED] - click: Object: 'Object Repository/MOH AND GRN/Page_KDMC/a_dropdown-toggle' is clicked on

2018-05-11 10:32:32 - [MESSAGE][PASSED] - Object: 'Object Repository/MOH AND GRN/Page_KDMC/a_dropdown-toggle' is clicked on

2018-05-11 10:32:32 - [TEST_STEP][PASSED] - click: Object: 'Object Repository/MOH AND GRN/Page_KDMC/a_Sign out' is clicked on

2018-05-11 10:32:32 - [MESSAGE][PASSED] - Object: 'Object Repository/MOH AND GRN/Page_KDMC/a_Sign out' is clicked on

2018-05-11 10:32:32 - [TEST_STEP][PASSED] - delay: Delayed 4 second(s)

2018-05-11 10:32:36 - [MESSAGE][PASSED] - Delayed 4 second(s)

2018-05-11 10:32:36 - [TEST_STEP][PASSED] - click: Object: 'Object Repository/MOH AND GRN/Page_KDMC/a_CMS' is clicked on

2018-05-11 10:32:37 - [MESSAGE][PASSED] - Object: 'Object Repository/MOH AND GRN/Page_KDMC/a_CMS' is clicked on

2018-05-11 10:32:37 - [TEST_STEP][PASSED] - setText: Text 'bala' is set on object 'Object Repository/MOH AND GRN/Page_CMS login/input_txtusername'

2018-05-11 10:32:37 - [MESSAGE][PASSED] - Text 'bala' is set on object 'Object Repository/MOH AND GRN/Page_CMS login/input_txtusername'

2018-05-11 10:32:37 - [TEST_STEP][PASSED] - setText: Text '123' is set on object 'Object Repository/MOH AND GRN/Page_CMS login/input_txtpassword'

2018-05-11 10:32:37 - [MESSAGE][PASSED] - Text '123' is set on object 'Object Repository/MOH AND GRN/Page_CMS login/input_txtpassword'

2018-05-11 10:32:37 - [TEST_STEP][PASSED] - delay: Delayed 3 second(s)

2018-05-11 10:32:40 - [MESSAGE][PASSED] - Delayed 3 second(s)

2018-05-11 10:32:40 - [TEST_STEP][PASSED] - click: Object: 'Object Repository/MOH AND GRN/Page_CMS login/button_Sign in' is clicked on

2018-05-11 10:32:41 - [MESSAGE][PASSED] - Object: 'Object Repository/MOH AND GRN/Page_CMS login/button_Sign in' is clicked on

2018-05-11 10:32:41 - [TEST_STEP][PASSED] - click: Object: 'Object Repository/MOH AND GRN/Page_KDMC - CMS/a_CMS Details' is clicked on

2018-05-11 10:32:41 - [MESSAGE][PASSED] - Object: 'Object Repository/MOH AND GRN/Page_KDMC - CMS/a_CMS Details' is clicked on

2018-05-11 10:32:41 - [TEST_STEP][PASSED] - delay: Delayed 2 second(s)

2018-05-11 10:32:43 - [MESSAGE][PASSED] - Delayed 2 second(s)

2018-05-11 10:32:43 - [TEST_STEP][PASSED] - click: Object: 'Object Repository/MOH AND GRN/Page_KDMC - CMS/a_Goods Receive' is clicked on

2018-05-11 10:32:43 - [MESSAGE][PASSED] - Object: 'Object Repository/MOH AND GRN/Page_KDMC - CMS/a_Goods Receive' is clicked on

2018-05-11 10:32:43 - [TEST_STEP][PASSED] - delay: Delayed 2 second(s)

2018-05-11 10:32:45 - [MESSAGE][PASSED] - Delayed 2 second(s)

2018-05-11 10:32:45 - [TEST_STEP][PASSED] - selectOptionByLabel: All options with label 'PO0091' are selected in object 'Object Repository/MOH AND GRN/Page_KDMC - CMS/select_--Select--PO0032PO0031P' 

2018-05-11 10:32:45 - [MESSAGE][PASSED] - All options with label 'PO0091' are selected in object 'Object Repository/MOH AND GRN/Page_KDMC - CMS/select_--Select--PO0032PO0031P' 

2018-05-11 10:32:45 - [TEST_STEP][PASSED] - setText: Finding Test Object with id 'Object Repository/MOH AND GRN/Page_KDMC - CMS/input_txtgrnno'

2018-05-11 10:32:45 - [TEST_STEP][PASSED] - Statement - switch (id): Text 'INV866.0' is set on object 'Object Repository/MOH AND GRN/Page_KDMC - CMS/input_txtgrnno'

2018-05-11 10:32:45 - [TEST_STEP][PASSED] - Statement - case 2:: Text 'INV866.0' is set on object 'Object Repository/MOH AND GRN/Page_KDMC - CMS/input_txtgrnno'

2018-05-11 10:32:45 - [TEST_STEP][PASSED] - Statement - return (java.lang.Math.floor((java.lang.Math.random() * ((max - min) + 1))) + min): Text 'INV866.0' is set on object 'Object Repository/MOH AND GRN/Page_KDMC - CMS/input_txtgrnno'

2018-05-11 10:32:46 - [MESSAGE][PASSED] - Text 'INV866.0' is set on object 'Object Repository/MOH AND GRN/Page_KDMC - CMS/input_txtgrnno'

2018-05-11 10:32:46 - [TEST_STEP][PASSED] - selectOptionByIndex: All options with index in [1] are selected on object 'Object Repository/MOH AND GRN/Page_KDMC - CMS/select_--Select--PERUMAL PHARM'

2018-05-11 10:32:46 - [MESSAGE][PASSED] - All options with index in [1] are selected on object 'Object Repository/MOH AND GRN/Page_KDMC - CMS/select_--Select--PERUMAL PHARM'

2018-05-11 10:32:46 - [TEST_STEP][PASSED] - setText: Text '15000' is set on object 'Object Repository/MOH AND GRN/Page_KDMC - CMS/input_txtgrnno_1'

2018-05-11 10:32:46 - [MESSAGE][PASSED] - Text '15000' is set on object 'Object Repository/MOH AND GRN/Page_KDMC - CMS/input_txtgrnno_1'

2018-05-11 10:32:46 - [TEST_STEP][PASSED] - setText: Text '350' is set on object 'Object Repository/MOH AND GRN/Page_KDMC - CMS/input_txtgrnno_2'

2018-05-11 10:32:46 - [MESSAGE][PASSED] - Text '350' is set on object 'Object Repository/MOH AND GRN/Page_KDMC - CMS/input_txtgrnno_2'

2018-05-11 10:32:46 - [TEST_STEP][PASSED] - setText: Finding Test Object with id 'Object Repository/MOH AND GRN/Page_KDMC - CMS/input_txtgrnno_3'

2018-05-11 10:32:46 - [TEST_STEP][PASSED] - Statement - switch (id): Text 'CH127.0' is set on object 'Object Repository/MOH AND GRN/Page_KDMC - CMS/input_txtgrnno_3'

2018-05-11 10:32:46 - [TEST_STEP][PASSED] - Statement - case 3:: Text 'CH127.0' is set on object 'Object Repository/MOH AND GRN/Page_KDMC - CMS/input_txtgrnno_3'

2018-05-11 10:32:46 - [TEST_STEP][PASSED] - Statement - return (java.lang.Math.floor((java.lang.Math.random() * ((max - min) + 1))) + min): Text 'CH127.0' is set on object 'Object Repository/MOH AND GRN/Page_KDMC - CMS/input_txtgrnno_3'

2018-05-11 10:32:46 - [MESSAGE][PASSED] - Text 'CH127.0' is set on object 'Object Repository/MOH AND GRN/Page_KDMC - CMS/input_txtgrnno_3'

2018-05-11 10:32:46 - [TEST_STEP][PASSED] - scrollToPosition: Browser is scrolled to position x = 200, y = 200

2018-05-11 10:32:46 - [MESSAGE][PASSED] - Browser is scrolled to position x = 200, y = 200

2018-05-11 10:32:46 - [TEST_STEP][PASSED] - Statement - GrnLength = com.kms.katalon.core.webui.keyword.WebUiBuiltInKeywords.getNumberOfTotalOption(com.kms.katalon.core.testobject.ObjectRepository.findTestObject(MOH AND GRN/Page_KDMC - CMS/select_--Select--Amikacin -500)): 73 options of object 'Object Repository/MOH AND GRN/Page_KDMC - CMS/select_--Select--Amikacin -500' counted

2018-05-11 10:32:46 - [MESSAGE][PASSED] - 73 options of object 'Object Repository/MOH AND GRN/Page_KDMC - CMS/select_--Select--Amikacin -500' counted

2018-05-11 10:32:46 - [TEST_STEP][PASSED] - Statement - out.println("Length OF The Medicine " + GrnLength): null

2018-05-11 10:32:46 - [TEST_STEP][PASSED] - Statement - s = 1: null

2018-05-11 10:32:46 - [TEST_STEP][PASSED] - Statement - For ([t = 1, t < GrnLength, (t++)]): Finding Test Object with id 'Object Repository/MOH AND GRN/Page_KDMC - CMS/input_txtmrp'

2018-05-11 10:32:46 - [TEST_STEP][PASSED] - selectOptionByIndex: All options with index in [1] are selected on object 'Object Repository/MOH AND GRN/Page_KDMC - CMS/select_--Select--Amikacin -500'

2018-05-11 10:32:46 - [MESSAGE][PASSED] - All options with index in [1] are selected on object 'Object Repository/MOH AND GRN/Page_KDMC - CMS/select_--Select--Amikacin -500'

2018-05-11 10:32:46 - [TEST_STEP][PASSED] - setText: Text '5000' is set on object 'Object Repository/MOH AND GRN/Page_KDMC - CMS/input_txtqty'

2018-05-11 10:32:46 - [MESSAGE][PASSED] - Text '5000' is set on object 'Object Repository/MOH AND GRN/Page_KDMC - CMS/input_txtqty'

2018-05-11 10:32:46 - [TEST_STEP][PASSED] - selectOptionByIndex: All options with index in [1] are selected on object 'Object Repository/MOH AND GRN/Page_KDMC - CMS/select_--Select--No Tax0'

2018-05-11 10:32:47 - [MESSAGE][PASSED] - All options with index in [1] are selected on object 'Object Repository/MOH AND GRN/Page_KDMC - CMS/select_--Select--No Tax0'

2018-05-11 10:32:47 - [TEST_STEP][PASSED] - setText: Finding Test Object with id 'Object Repository/MOH AND GRN/Page_KDMC - CMS/input_txtmrp'

2018-05-11 10:32:47 - [TEST_STEP][PASSED] - Statement - switch (id): Finding Test Object with id 'Object Repository/MOH AND GRN/Page_KDMC - CMS/input_txtdeal'

2018-05-11 10:32:47 - [TEST_STEP][PASSED] - Statement - case 4:: Text '45.0' is set on object 'Object Repository/MOH AND GRN/Page_KDMC - CMS/input_txtmrp'

2018-05-11 10:32:47 - [TEST_STEP][PASSED] - Statement - return (java.lang.Math.floor((java.lang.Math.random() * ((max - min) + 1))) + min): Text '45.0' is set on object 'Object Repository/MOH AND GRN/Page_KDMC - CMS/input_txtmrp'

2018-05-11 10:32:47 - [MESSAGE][PASSED] - Text '45.0' is set on object 'Object Repository/MOH AND GRN/Page_KDMC - CMS/input_txtmrp'

2018-05-11 10:32:47 - [TEST_STEP][PASSED] - setText: Finding Test Object with id 'Object Repository/MOH AND GRN/Page_KDMC - CMS/input_txtdeal'

2018-05-11 10:32:47 - [TEST_STEP][PASSED] - Statement - switch (id): Finding Test Object with id 'Object Repository/MOH AND GRN/Page_KDMC - CMS/input_txtbatchno'

2018-05-11 10:32:47 - [TEST_STEP][PASSED] - Statement - case 5:: Text '11.0' is set on object 'Object Repository/MOH AND GRN/Page_KDMC - CMS/input_txtdeal'

2018-05-11 10:32:47 - [TEST_STEP][PASSED] - Statement - return (java.lang.Math.floor((java.lang.Math.random() * ((max - min) + 1))) + min): Text '11.0' is set on object 'Object Repository/MOH AND GRN/Page_KDMC - CMS/input_txtdeal'

2018-05-11 10:32:47 - [MESSAGE][PASSED] - Text '11.0' is set on object 'Object Repository/MOH AND GRN/Page_KDMC - CMS/input_txtdeal'

2018-05-11 10:32:47 - [TEST_STEP][PASSED] - setText: Finding Test Object with id 'Object Repository/MOH AND GRN/Page_KDMC - CMS/input_txtbatchno'

2018-05-11 10:32:47 - [TEST_STEP][FAILED] - Statement - switch (id): Unable to set text '5000' of object 'Object Repository/MOH AND GRN/Page_KDMC - CMS/input_txtqty' (Root cause: org.openqa.selenium.WebDriverException: unknown error: cannot focus element
  (Session info: chrome=66.0.3359.139)
  (Driver info: chromedriver=2.35.528161 (5b82f2d2aae0ca24b877009200ced9065a772e73),platform=Windows NT 10.0.16299 x86_64) (WARNING: The server did not provide any stacktrace information)
Command duration or timeout: 0 milliseconds
Build info: version: '3.7.1', revision: '8a0099a', time: '2017-11-06T21:07:36.161Z'
System info: host: 'DESKTOP-BLFTK83', ip: '192.168.71.2', os.name: 'Windows 10', os.arch: 'amd64', os.version: '10.0', java.version: '1.8.0_102'
Driver info: com.kms.katalon.selenium.driver.CChromeDriver
Capabilities {acceptInsecureCerts: false, acceptSslCerts: false, applicationCacheEnabled: false, browserConnectionEnabled: false, browserName: chrome, chrome: {chromedriverVersion: 2.35.528161 (5b82f2d2aae0ca..., userDataDir: C:\Users\QUALIT~1\AppData\L...}, cssSelectorsEnabled: true, databaseEnabled: false, handlesAlerts: true, hasTouchScreen: false, javascriptEnabled: true, locationContextEnabled: true, mobileEmulationEnabled: false, nativeEvents: true, networkConnectionEnabled: false, pageLoadStrategy: normal, platform: XP, platformName: XP, rotatable: false, setWindowRect: true, takesHeapSnapshot: true, takesScreenshot: true, unexpectedAlertBehaviour: , unhandledPromptBehavior: , version: 66.0.3359.139, webStorageEnabled: true}
Session ID: 52da15dd6eedf51f3c084d81b8e1f665)

2018-05-11 10:32:47 - [TEST_STEP][PASSED] - Statement - case 1:: Text 'BA878.0' is set on object 'Object Repository/MOH AND GRN/Page_KDMC - CMS/input_txtbatchno'

2018-05-11 10:32:47 - [TEST_STEP][PASSED] - Statement - return (java.lang.Math.floor((java.lang.Math.random() * ((max - min) + 1))) + min): Text 'BA878.0' is set on object 'Object Repository/MOH AND GRN/Page_KDMC - CMS/input_txtbatchno'

2018-05-11 10:32:47 - [MESSAGE][PASSED] - Text 'BA878.0' is set on object 'Object Repository/MOH AND GRN/Page_KDMC - CMS/input_txtbatchno'

2018-05-11 10:32:47 - [TEST_STEP][PASSED] - rightClick: Object: 'Object Repository/GRN/Page_KDMC - CMS/input_txtexpdate' is right clicked on

2018-05-11 10:32:47 - [MESSAGE][PASSED] - Object: 'Object Repository/GRN/Page_KDMC - CMS/input_txtexpdate' is right clicked on

2018-05-11 10:32:47 - [TEST_STEP][PASSED] - selectOptionByIndex: All options with index in [1] are selected on object 'Object Repository/GRN/Page_KDMC - CMS/select_20182019202020212022202'

2018-05-11 10:32:47 - [MESSAGE][PASSED] - All options with index in [1] are selected on object 'Object Repository/GRN/Page_KDMC - CMS/select_20182019202020212022202'

2018-05-11 10:32:47 - [TEST_STEP][PASSED] - selectOptionByIndex: All options with index in [1] are selected on object 'Object Repository/GRN/Page_KDMC - CMS/select_JanFebMarAprMayJunJulAu'

2018-05-11 10:32:47 - [MESSAGE][PASSED] - All options with index in [1] are selected on object 'Object Repository/GRN/Page_KDMC - CMS/select_JanFebMarAprMayJunJulAu'

2018-05-11 10:32:47 - [TEST_STEP][PASSED] - click: Object: 'Object Repository/MOH AND GRN/Page_KDMC - CMS/a_12' is clicked on

2018-05-11 10:32:47 - [MESSAGE][PASSED] - Object: 'Object Repository/MOH AND GRN/Page_KDMC - CMS/a_12' is clicked on

2018-05-11 10:32:47 - [TEST_STEP][PASSED] - click: Object: 'Object Repository/MOH AND GRN/Page_KDMC - CMS/input_btnadd' is clicked on

2018-05-11 10:32:48 - [MESSAGE][PASSED] - Object: 'Object Repository/MOH AND GRN/Page_KDMC - CMS/input_btnadd' is clicked on

2018-05-11 10:32:48 - [TEST_STEP][PASSED] - Statement - If (s == 10): null

2018-05-11 10:32:48 - [TEST_STEP][PASSED] - Statement - Else: null

2018-05-11 10:32:48 - [TEST_STEP][PASSED] - Statement - (s++): null

2018-05-11 10:32:48 - [TEST_STEP][PASSED] - delay: Delayed 1 second(s)

2018-05-11 10:32:49 - [MESSAGE][PASSED] - Delayed 1 second(s)

2018-05-11 10:32:49 - [TEST_STEP][PASSED] - selectOptionByIndex: All options with index in [2] are selected on object 'Object Repository/MOH AND GRN/Page_KDMC - CMS/select_--Select--Amikacin -500'

2018-05-11 10:32:49 - [MESSAGE][PASSED] - All options with index in [2] are selected on object 'Object Repository/MOH AND GRN/Page_KDMC - CMS/select_--Select--Amikacin -500'

2018-05-11 10:32:49 - [TEST_STEP][FAILED] - setText: Unable to set text '5000' of object 'Object Repository/MOH AND GRN/Page_KDMC - CMS/input_txtqty' (Root cause: org.openqa.selenium.WebDriverException: unknown error: cannot focus element
  (Session info: chrome=66.0.3359.139)
  (Driver info: chromedriver=2.35.528161 (5b82f2d2aae0ca24b877009200ced9065a772e73),platform=Windows NT 10.0.16299 x86_64) (WARNING: The server did not provide any stacktrace information)
Command duration or timeout: 0 milliseconds
Build info: version: '3.7.1', revision: '8a0099a', time: '2017-11-06T21:07:36.161Z'
System info: host: 'DESKTOP-BLFTK83', ip: '192.168.71.2', os.name: 'Windows 10', os.arch: 'amd64', os.version: '10.0', java.version: '1.8.0_102'
Driver info: com.kms.katalon.selenium.driver.CChromeDriver
Capabilities {acceptInsecureCerts: false, acceptSslCerts: false, applicationCacheEnabled: false, browserConnectionEnabled: false, browserName: chrome, chrome: {chromedriverVersion: 2.35.528161 (5b82f2d2aae0ca..., userDataDir: C:\Users\QUALIT~1\AppData\L...}, cssSelectorsEnabled: true, databaseEnabled: false, handlesAlerts: true, hasTouchScreen: false, javascriptEnabled: true, locationContextEnabled: true, mobileEmulationEnabled: false, nativeEvents: true, networkConnectionEnabled: false, pageLoadStrategy: normal, platform: XP, platformName: XP, rotatable: false, setWindowRect: true, takesHeapSnapshot: true, takesScreenshot: true, unexpectedAlertBehaviour: , unhandledPromptBehavior: , version: 66.0.3359.139, webStorageEnabled: true}
Session ID: 52da15dd6eedf51f3c084d81b8e1f665)

2018-05-11 10:32:49 - [MESSAGE][FAILED] - Unable to set text '5000' of object 'Object Repository/MOH AND GRN/Page_KDMC - CMS/input_txtqty' (Root cause: org.openqa.selenium.WebDriverException: unknown error: cannot focus element
  (Session info: chrome=66.0.3359.139)
  (Driver info: chromedriver=2.35.528161 (5b82f2d2aae0ca24b877009200ced9065a772e73),platform=Windows NT 10.0.16299 x86_64) (WARNING: The server did not provide any stacktrace information)
Command duration or timeout: 0 milliseconds
Build info: version: '3.7.1', revision: '8a0099a', time: '2017-11-06T21:07:36.161Z'
System info: host: 'DESKTOP-BLFTK83', ip: '192.168.71.2', os.name: 'Windows 10', os.arch: 'amd64', os.version: '10.0', java.version: '1.8.0_102'
Driver info: com.kms.katalon.selenium.driver.CChromeDriver
Capabilities {acceptInsecureCerts: false, acceptSslCerts: false, applicationCacheEnabled: false, browserConnectionEnabled: false, browserName: chrome, chrome: {chromedriverVersion: 2.35.528161 (5b82f2d2aae0ca..., userDataDir: C:\Users\QUALIT~1\AppData\L...}, cssSelectorsEnabled: true, databaseEnabled: false, handlesAlerts: true, hasTouchScreen: false, javascriptEnabled: true, locationContextEnabled: true, mobileEmulationEnabled: false, nativeEvents: true, networkConnectionEnabled: false, pageLoadStrategy: normal, platform: XP, platformName: XP, rotatable: false, setWindowRect: true, takesHeapSnapshot: true, takesScreenshot: true, unexpectedAlertBehaviour: , unhandledPromptBehavior: , version: 66.0.3359.139, webStorageEnabled: true}
Session ID: 52da15dd6eedf51f3c084d81b8e1f665)
[[ATTACHMENT|C:\\Users\\Quality Analyst\\Katalon Studio\\ds\\Reports\\MOH REQUEST AND GRN\\20180511_101930\\1526014969317.png]]]]></system-out>
         <system-err><![CDATA[2018-05-11 10:30:17 - [TEST_CASE][FAILED] - Test Cases/MOH REQUEST AND GRN/Moh Request GRN  Schedule 2: Test Cases/MOH REQUEST AND GRN/Moh Request GRN  Schedule 2 FAILED because (of) Unable to set text '5000' of object 'Object Repository/MOH AND GRN/Page_KDMC - CMS/input_txtqty' (Root cause: org.openqa.selenium.WebDriverException: unknown error: cannot focus element
  (Session info: chrome=66.0.3359.139)
  (Driver info: chromedriver=2.35.528161 (5b82f2d2aae0ca24b877009200ced9065a772e73),platform=Windows NT 10.0.16299 x86_64) (WARNING: The server did not provide any stacktrace information)
Command duration or timeout: 0 milliseconds
Build info: version: '3.7.1', revision: '8a0099a', time: '2017-11-06T21:07:36.161Z'
System info: host: 'DESKTOP-BLFTK83', ip: '192.168.71.2', os.name: 'Windows 10', os.arch: 'amd64', os.version: '10.0', java.version: '1.8.0_102'
Driver info: com.kms.katalon.selenium.driver.CChromeDriver
Capabilities {acceptInsecureCerts: false, acceptSslCerts: false, applicationCacheEnabled: false, browserConnectionEnabled: false, browserName: chrome, chrome: {chromedriverVersion: 2.35.528161 (5b82f2d2aae0ca..., userDataDir: C:\Users\QUALIT~1\AppData\L...}, cssSelectorsEnabled: true, databaseEnabled: false, handlesAlerts: true, hasTouchScreen: false, javascriptEnabled: true, locationContextEnabled: true, mobileEmulationEnabled: false, nativeEvents: true, networkConnectionEnabled: false, pageLoadStrategy: normal, platform: XP, platformName: XP, rotatable: false, setWindowRect: true, takesHeapSnapshot: true, takesScreenshot: true, unexpectedAlertBehaviour: , unhandledPromptBehavior: , version: 66.0.3359.139, webStorageEnabled: true}
Session ID: 52da15dd6eedf51f3c084d81b8e1f665)]]></system-err>
      </testcase>
      <testcase name="Test Cases/MOH REQUEST AND GRN/Moh Request GRN  Schedule 3" classname="Test Cases/MOH REQUEST AND GRN/Moh Request GRN  Schedule 3" status="PASSED">
         <system-out><![CDATA[2018-05-11 10:32:49 - [TEST_CASE][PASSED] - Test Cases/MOH REQUEST AND GRN/Moh Request GRN  Schedule 3: Test Cases/MOH REQUEST AND GRN/Moh Request GRN  Schedule 3

2018-05-11 10:32:49 - [TEST_STEP][PASSED] - openBrowser: Browser is opened with url: ''

2018-05-11 10:32:49 - [MESSAGE][WARNING] - A browser is already opened. Closing browser and opening a new one

2018-05-11 10:32:52 - [MESSAGE][PASSED] - Browser is opened with url: ''

2018-05-11 10:32:52 - [TEST_STEP][PASSED] - navigateToUrl: Navigate to 'http://192.168.137.1/multihospital_new/' successfully

2018-05-11 10:32:56 - [MESSAGE][PASSED] - Navigate to 'http://192.168.137.1/multihospital_new/' successfully

2018-05-11 10:32:56 - [TEST_STEP][PASSED] - maximizeWindow: Current window maximized

2018-05-11 10:32:57 - [MESSAGE][PASSED] - Current window maximized

2018-05-11 10:32:57 - [TEST_STEP][PASSED] - click: Object: 'Object Repository/MOH AND GRN/Page_KDMC/a_CMS' is clicked on

2018-05-11 10:32:58 - [MESSAGE][PASSED] - Object: 'Object Repository/MOH AND GRN/Page_KDMC/a_CMS' is clicked on

2018-05-11 10:32:58 - [TEST_STEP][PASSED] - setText: Text 'bala' is set on object 'Object Repository/MOH AND GRN/Page_CMS login/input_txtusername'

2018-05-11 10:32:58 - [MESSAGE][PASSED] - Text 'bala' is set on object 'Object Repository/MOH AND GRN/Page_CMS login/input_txtusername'

2018-05-11 10:32:58 - [TEST_STEP][PASSED] - setText: Text '123' is set on object 'Object Repository/MOH AND GRN/Page_CMS login/input_txtpassword'

2018-05-11 10:32:58 - [MESSAGE][PASSED] - Text '123' is set on object 'Object Repository/MOH AND GRN/Page_CMS login/input_txtpassword'

2018-05-11 10:32:58 - [TEST_STEP][PASSED] - delay: Delayed 3 second(s)

2018-05-11 10:33:01 - [MESSAGE][PASSED] - Delayed 3 second(s)

2018-05-11 10:33:01 - [TEST_STEP][PASSED] - click: Object: 'Object Repository/MOH AND GRN/Page_CMS login/button_Sign in' is clicked on

2018-05-11 10:33:02 - [MESSAGE][PASSED] - Object: 'Object Repository/MOH AND GRN/Page_CMS login/button_Sign in' is clicked on

2018-05-11 10:33:02 - [TEST_STEP][PASSED] - click: Object: 'Object Repository/MOH AND GRN/Page_KDMC - CMS/a_Request to MOH' is clicked on

2018-05-11 10:33:03 - [MESSAGE][PASSED] - Object: 'Object Repository/MOH AND GRN/Page_KDMC - CMS/a_Request to MOH' is clicked on

2018-05-11 10:33:03 - [TEST_STEP][PASSED] - selectOptionByIndex: All options with index in [2] are selected on object 'Object Repository/MOH AND GRN/Page_KDMC - CMS/select_--Select--'

2018-05-11 10:33:03 - [MESSAGE][PASSED] - All options with index in [2] are selected on object 'Object Repository/MOH AND GRN/Page_KDMC - CMS/select_--Select--'

2018-05-11 10:33:03 - [TEST_STEP][PASSED] - selectOptionByIndex: All options with index in [3] are selected on object 'Object Repository/MOH AND GRN/Page_KDMC - CMS/select_--Select--Schedule 1Inj'

2018-05-11 10:33:03 - [MESSAGE][PASSED] - All options with index in [3] are selected on object 'Object Repository/MOH AND GRN/Page_KDMC - CMS/select_--Select--Schedule 1Inj'

2018-05-11 10:33:03 - [TEST_STEP][PASSED] - Statement - selectedoptions = com.kms.katalon.core.webui.keyword.WebUiBuiltInKeywords.getNumberOfTotalOption(com.kms.katalon.core.testobject.ObjectRepository.findTestObject(MOH AND GRN/Page_KDMC - CMS/select_--Select--Adernaline 0.)): 37 options of object 'Object Repository/MOH AND GRN/Page_KDMC - CMS/select_--Select--Adernaline 0.' counted

2018-05-11 10:33:04 - [MESSAGE][PASSED] - 37 options of object 'Object Repository/MOH AND GRN/Page_KDMC - CMS/select_--Select--Adernaline 0.' counted

2018-05-11 10:33:04 - [TEST_STEP][PASSED] - Statement - For ([j = 1, j <= selectedoptions - 1, (j++)]): Object: 'Object Repository/MOH AND GRN/Page_KDMC - CMS/button_Add' is clicked on

2018-05-11 10:33:04 - [TEST_STEP][PASSED] - selectOptionByIndex: All options with index in [3] are selected on object 'Object Repository/MOH AND GRN/Page_KDMC - CMS/select_--Select--Schedule 1Inj'

2018-05-11 10:33:04 - [MESSAGE][PASSED] - All options with index in [3] are selected on object 'Object Repository/MOH AND GRN/Page_KDMC - CMS/select_--Select--Schedule 1Inj'

2018-05-11 10:33:04 - [TEST_STEP][PASSED] - selectOptionByIndex: All options with index in [1] are selected on object 'Object Repository/MOH AND GRN/Page_KDMC - CMS/select_--Select--Adernaline 0.'

2018-05-11 10:33:04 - [MESSAGE][PASSED] - All options with index in [1] are selected on object 'Object Repository/MOH AND GRN/Page_KDMC - CMS/select_--Select--Adernaline 0.'

2018-05-11 10:33:04 - [TEST_STEP][PASSED] - setText: Text '5000' is set on object 'Object Repository/MOH AND GRN/Page_KDMC - CMS/input_txttreat'

2018-05-11 10:33:04 - [MESSAGE][PASSED] - Text '5000' is set on object 'Object Repository/MOH AND GRN/Page_KDMC - CMS/input_txttreat'

2018-05-11 10:33:04 - [TEST_STEP][PASSED] - click: Object: 'Object Repository/MOH AND GRN/Page_KDMC - CMS/button_Add' is clicked on

2018-05-11 10:33:04 - [MESSAGE][PASSED] - Object: 'Object Repository/MOH AND GRN/Page_KDMC - CMS/button_Add' is clicked on

2018-05-11 10:33:04 - [TEST_STEP][PASSED] - selectOptionByIndex: All options with index in [3] are selected on object 'Object Repository/MOH AND GRN/Page_KDMC - CMS/select_--Select--Schedule 1Inj'

2018-05-11 10:33:04 - [MESSAGE][PASSED] - All options with index in [3] are selected on object 'Object Repository/MOH AND GRN/Page_KDMC - CMS/select_--Select--Schedule 1Inj'

2018-05-11 10:33:04 - [TEST_STEP][PASSED] - selectOptionByIndex: All options with index in [2] are selected on object 'Object Repository/MOH AND GRN/Page_KDMC - CMS/select_--Select--Adernaline 0.'

2018-05-11 10:33:04 - [MESSAGE][PASSED] - All options with index in [2] are selected on object 'Object Repository/MOH AND GRN/Page_KDMC - CMS/select_--Select--Adernaline 0.'

2018-05-11 10:33:04 - [TEST_STEP][PASSED] - setText: Text '5000' is set on object 'Object Repository/MOH AND GRN/Page_KDMC - CMS/input_txttreat'

2018-05-11 10:33:04 - [MESSAGE][PASSED] - Text '5000' is set on object 'Object Repository/MOH AND GRN/Page_KDMC - CMS/input_txttreat'

2018-05-11 10:33:04 - [TEST_STEP][PASSED] - click: Object: 'Object Repository/MOH AND GRN/Page_KDMC - CMS/button_Add' is clicked on

2018-05-11 10:33:04 - [MESSAGE][PASSED] - Object: 'Object Repository/MOH AND GRN/Page_KDMC - CMS/button_Add' is clicked on

2018-05-11 10:33:04 - [TEST_STEP][PASSED] - selectOptionByIndex: All options with index in [3] are selected on object 'Object Repository/MOH AND GRN/Page_KDMC - CMS/select_--Select--Schedule 1Inj'

2018-05-11 10:33:05 - [MESSAGE][PASSED] - All options with index in [3] are selected on object 'Object Repository/MOH AND GRN/Page_KDMC - CMS/select_--Select--Schedule 1Inj'

2018-05-11 10:33:05 - [TEST_STEP][PASSED] - selectOptionByIndex: All options with index in [3] are selected on object 'Object Repository/MOH AND GRN/Page_KDMC - CMS/select_--Select--Adernaline 0.'

2018-05-11 10:33:05 - [MESSAGE][PASSED] - All options with index in [3] are selected on object 'Object Repository/MOH AND GRN/Page_KDMC - CMS/select_--Select--Adernaline 0.'

2018-05-11 10:33:05 - [TEST_STEP][PASSED] - setText: Text '5000' is set on object 'Object Repository/MOH AND GRN/Page_KDMC - CMS/input_txttreat'

2018-05-11 10:33:05 - [MESSAGE][PASSED] - Text '5000' is set on object 'Object Repository/MOH AND GRN/Page_KDMC - CMS/input_txttreat'

2018-05-11 10:33:05 - [TEST_STEP][PASSED] - click: Object: 'Object Repository/MOH AND GRN/Page_KDMC - CMS/button_Add' is clicked on

2018-05-11 10:33:05 - [MESSAGE][PASSED] - Object: 'Object Repository/MOH AND GRN/Page_KDMC - CMS/button_Add' is clicked on

2018-05-11 10:33:05 - [TEST_STEP][PASSED] - selectOptionByIndex: All options with index in [3] are selected on object 'Object Repository/MOH AND GRN/Page_KDMC - CMS/select_--Select--Schedule 1Inj'

2018-05-11 10:33:05 - [MESSAGE][PASSED] - All options with index in [3] are selected on object 'Object Repository/MOH AND GRN/Page_KDMC - CMS/select_--Select--Schedule 1Inj'

2018-05-11 10:33:05 - [TEST_STEP][PASSED] - selectOptionByIndex: All options with index in [4] are selected on object 'Object Repository/MOH AND GRN/Page_KDMC - CMS/select_--Select--Adernaline 0.'

2018-05-11 10:33:05 - [MESSAGE][PASSED] - All options with index in [4] are selected on object 'Object Repository/MOH AND GRN/Page_KDMC - CMS/select_--Select--Adernaline 0.'

2018-05-11 10:33:05 - [TEST_STEP][PASSED] - setText: Text '5000' is set on object 'Object Repository/MOH AND GRN/Page_KDMC - CMS/input_txttreat'

2018-05-11 10:33:05 - [MESSAGE][PASSED] - Text '5000' is set on object 'Object Repository/MOH AND GRN/Page_KDMC - CMS/input_txttreat'

2018-05-11 10:33:05 - [TEST_STEP][PASSED] - click: Object: 'Object Repository/MOH AND GRN/Page_KDMC - CMS/button_Add' is clicked on

2018-05-11 10:33:05 - [MESSAGE][PASSED] - Object: 'Object Repository/MOH AND GRN/Page_KDMC - CMS/button_Add' is clicked on

2018-05-11 10:33:05 - [TEST_STEP][PASSED] - selectOptionByIndex: All options with index in [3] are selected on object 'Object Repository/MOH AND GRN/Page_KDMC - CMS/select_--Select--Schedule 1Inj'

2018-05-11 10:33:05 - [MESSAGE][PASSED] - All options with index in [3] are selected on object 'Object Repository/MOH AND GRN/Page_KDMC - CMS/select_--Select--Schedule 1Inj'

2018-05-11 10:33:05 - [TEST_STEP][PASSED] - selectOptionByIndex: All options with index in [5] are selected on object 'Object Repository/MOH AND GRN/Page_KDMC - CMS/select_--Select--Adernaline 0.'

2018-05-11 10:33:06 - [MESSAGE][PASSED] - All options with index in [5] are selected on object 'Object Repository/MOH AND GRN/Page_KDMC - CMS/select_--Select--Adernaline 0.'

2018-05-11 10:33:06 - [TEST_STEP][PASSED] - setText: Text '5000' is set on object 'Object Repository/MOH AND GRN/Page_KDMC - CMS/input_txttreat'

2018-05-11 10:33:06 - [MESSAGE][PASSED] - Text '5000' is set on object 'Object Repository/MOH AND GRN/Page_KDMC - CMS/input_txttreat'

2018-05-11 10:33:06 - [TEST_STEP][PASSED] - click: Object: 'Object Repository/MOH AND GRN/Page_KDMC - CMS/button_Add' is clicked on

2018-05-11 10:33:06 - [MESSAGE][PASSED] - Object: 'Object Repository/MOH AND GRN/Page_KDMC - CMS/button_Add' is clicked on

2018-05-11 10:33:06 - [TEST_STEP][PASSED] - selectOptionByIndex: All options with index in [3] are selected on object 'Object Repository/MOH AND GRN/Page_KDMC - CMS/select_--Select--Schedule 1Inj'

2018-05-11 10:33:06 - [MESSAGE][PASSED] - All options with index in [3] are selected on object 'Object Repository/MOH AND GRN/Page_KDMC - CMS/select_--Select--Schedule 1Inj'

2018-05-11 10:33:06 - [TEST_STEP][PASSED] - selectOptionByIndex: All options with index in [6] are selected on object 'Object Repository/MOH AND GRN/Page_KDMC - CMS/select_--Select--Adernaline 0.'

2018-05-11 10:33:06 - [MESSAGE][PASSED] - All options with index in [6] are selected on object 'Object Repository/MOH AND GRN/Page_KDMC - CMS/select_--Select--Adernaline 0.'

2018-05-11 10:33:06 - [TEST_STEP][PASSED] - setText: Text '5000' is set on object 'Object Repository/MOH AND GRN/Page_KDMC - CMS/input_txttreat'

2018-05-11 10:33:06 - [MESSAGE][PASSED] - Text '5000' is set on object 'Object Repository/MOH AND GRN/Page_KDMC - CMS/input_txttreat'

2018-05-11 10:33:06 - [TEST_STEP][PASSED] - click: Object: 'Object Repository/MOH AND GRN/Page_KDMC - CMS/button_Add' is clicked on

2018-05-11 10:33:06 - [MESSAGE][PASSED] - Object: 'Object Repository/MOH AND GRN/Page_KDMC - CMS/button_Add' is clicked on

2018-05-11 10:33:06 - [TEST_STEP][PASSED] - selectOptionByIndex: All options with index in [3] are selected on object 'Object Repository/MOH AND GRN/Page_KDMC - CMS/select_--Select--Schedule 1Inj'

2018-05-11 10:33:06 - [MESSAGE][PASSED] - All options with index in [3] are selected on object 'Object Repository/MOH AND GRN/Page_KDMC - CMS/select_--Select--Schedule 1Inj'

2018-05-11 10:33:06 - [TEST_STEP][PASSED] - selectOptionByIndex: All options with index in [7] are selected on object 'Object Repository/MOH AND GRN/Page_KDMC - CMS/select_--Select--Adernaline 0.'

2018-05-11 10:33:07 - [MESSAGE][PASSED] - All options with index in [7] are selected on object 'Object Repository/MOH AND GRN/Page_KDMC - CMS/select_--Select--Adernaline 0.'

2018-05-11 10:33:07 - [TEST_STEP][PASSED] - setText: Text '5000' is set on object 'Object Repository/MOH AND GRN/Page_KDMC - CMS/input_txttreat'

2018-05-11 10:33:07 - [MESSAGE][PASSED] - Text '5000' is set on object 'Object Repository/MOH AND GRN/Page_KDMC - CMS/input_txttreat'

2018-05-11 10:33:07 - [TEST_STEP][PASSED] - click: Object: 'Object Repository/MOH AND GRN/Page_KDMC - CMS/button_Add' is clicked on

2018-05-11 10:33:07 - [MESSAGE][PASSED] - Object: 'Object Repository/MOH AND GRN/Page_KDMC - CMS/button_Add' is clicked on

2018-05-11 10:33:07 - [TEST_STEP][PASSED] - selectOptionByIndex: All options with index in [3] are selected on object 'Object Repository/MOH AND GRN/Page_KDMC - CMS/select_--Select--Schedule 1Inj'

2018-05-11 10:33:07 - [MESSAGE][PASSED] - All options with index in [3] are selected on object 'Object Repository/MOH AND GRN/Page_KDMC - CMS/select_--Select--Schedule 1Inj'

2018-05-11 10:33:07 - [TEST_STEP][PASSED] - selectOptionByIndex: All options with index in [8] are selected on object 'Object Repository/MOH AND GRN/Page_KDMC - CMS/select_--Select--Adernaline 0.'

2018-05-11 10:33:07 - [MESSAGE][PASSED] - All options with index in [8] are selected on object 'Object Repository/MOH AND GRN/Page_KDMC - CMS/select_--Select--Adernaline 0.'

2018-05-11 10:33:07 - [TEST_STEP][PASSED] - setText: Text '5000' is set on object 'Object Repository/MOH AND GRN/Page_KDMC - CMS/input_txttreat'

2018-05-11 10:33:07 - [MESSAGE][PASSED] - Text '5000' is set on object 'Object Repository/MOH AND GRN/Page_KDMC - CMS/input_txttreat'

2018-05-11 10:33:07 - [TEST_STEP][PASSED] - click: Object: 'Object Repository/MOH AND GRN/Page_KDMC - CMS/button_Add' is clicked on

2018-05-11 10:33:07 - [MESSAGE][PASSED] - Object: 'Object Repository/MOH AND GRN/Page_KDMC - CMS/button_Add' is clicked on

2018-05-11 10:33:07 - [TEST_STEP][PASSED] - selectOptionByIndex: All options with index in [3] are selected on object 'Object Repository/MOH AND GRN/Page_KDMC - CMS/select_--Select--Schedule 1Inj'

2018-05-11 10:33:07 - [MESSAGE][PASSED] - All options with index in [3] are selected on object 'Object Repository/MOH AND GRN/Page_KDMC - CMS/select_--Select--Schedule 1Inj'

2018-05-11 10:33:07 - [TEST_STEP][PASSED] - selectOptionByIndex: All options with index in [9] are selected on object 'Object Repository/MOH AND GRN/Page_KDMC - CMS/select_--Select--Adernaline 0.'

2018-05-11 10:33:07 - [MESSAGE][PASSED] - All options with index in [9] are selected on object 'Object Repository/MOH AND GRN/Page_KDMC - CMS/select_--Select--Adernaline 0.'

2018-05-11 10:33:07 - [TEST_STEP][PASSED] - setText: Text '5000' is set on object 'Object Repository/MOH AND GRN/Page_KDMC - CMS/input_txttreat'

2018-05-11 10:33:08 - [MESSAGE][PASSED] - Text '5000' is set on object 'Object Repository/MOH AND GRN/Page_KDMC - CMS/input_txttreat'

2018-05-11 10:33:08 - [TEST_STEP][PASSED] - click: Object: 'Object Repository/MOH AND GRN/Page_KDMC - CMS/button_Add' is clicked on

2018-05-11 10:33:08 - [MESSAGE][PASSED] - Object: 'Object Repository/MOH AND GRN/Page_KDMC - CMS/button_Add' is clicked on

2018-05-11 10:33:08 - [TEST_STEP][PASSED] - selectOptionByIndex: All options with index in [3] are selected on object 'Object Repository/MOH AND GRN/Page_KDMC - CMS/select_--Select--Schedule 1Inj'

2018-05-11 10:33:08 - [MESSAGE][PASSED] - All options with index in [3] are selected on object 'Object Repository/MOH AND GRN/Page_KDMC - CMS/select_--Select--Schedule 1Inj'

2018-05-11 10:33:08 - [TEST_STEP][PASSED] - selectOptionByIndex: All options with index in [10] are selected on object 'Object Repository/MOH AND GRN/Page_KDMC - CMS/select_--Select--Adernaline 0.'

2018-05-11 10:33:08 - [MESSAGE][PASSED] - All options with index in [10] are selected on object 'Object Repository/MOH AND GRN/Page_KDMC - CMS/select_--Select--Adernaline 0.'

2018-05-11 10:33:08 - [TEST_STEP][PASSED] - setText: Text '5000' is set on object 'Object Repository/MOH AND GRN/Page_KDMC - CMS/input_txttreat'

2018-05-11 10:33:08 - [MESSAGE][PASSED] - Text '5000' is set on object 'Object Repository/MOH AND GRN/Page_KDMC - CMS/input_txttreat'

2018-05-11 10:33:08 - [TEST_STEP][PASSED] - click: Object: 'Object Repository/MOH AND GRN/Page_KDMC - CMS/button_Add' is clicked on

2018-05-11 10:33:08 - [MESSAGE][PASSED] - Object: 'Object Repository/MOH AND GRN/Page_KDMC - CMS/button_Add' is clicked on

2018-05-11 10:33:08 - [TEST_STEP][PASSED] - selectOptionByIndex: All options with index in [3] are selected on object 'Object Repository/MOH AND GRN/Page_KDMC - CMS/select_--Select--Schedule 1Inj'

2018-05-11 10:33:08 - [MESSAGE][PASSED] - All options with index in [3] are selected on object 'Object Repository/MOH AND GRN/Page_KDMC - CMS/select_--Select--Schedule 1Inj'

2018-05-11 10:33:08 - [TEST_STEP][PASSED] - selectOptionByIndex: All options with index in [11] are selected on object 'Object Repository/MOH AND GRN/Page_KDMC - CMS/select_--Select--Adernaline 0.'

2018-05-11 10:33:08 - [MESSAGE][PASSED] - All options with index in [11] are selected on object 'Object Repository/MOH AND GRN/Page_KDMC - CMS/select_--Select--Adernaline 0.'

2018-05-11 10:33:08 - [TEST_STEP][PASSED] - setText: Text '5000' is set on object 'Object Repository/MOH AND GRN/Page_KDMC - CMS/input_txttreat'

2018-05-11 10:33:09 - [MESSAGE][PASSED] - Text '5000' is set on object 'Object Repository/MOH AND GRN/Page_KDMC - CMS/input_txttreat'

2018-05-11 10:33:09 - [TEST_STEP][PASSED] - click: Object: 'Object Repository/MOH AND GRN/Page_KDMC - CMS/button_Add' is clicked on

2018-05-11 10:33:09 - [MESSAGE][PASSED] - Object: 'Object Repository/MOH AND GRN/Page_KDMC - CMS/button_Add' is clicked on

2018-05-11 10:33:09 - [TEST_STEP][PASSED] - selectOptionByIndex: All options with index in [3] are selected on object 'Object Repository/MOH AND GRN/Page_KDMC - CMS/select_--Select--Schedule 1Inj'

2018-05-11 10:33:09 - [MESSAGE][PASSED] - All options with index in [3] are selected on object 'Object Repository/MOH AND GRN/Page_KDMC - CMS/select_--Select--Schedule 1Inj'

2018-05-11 10:33:09 - [TEST_STEP][PASSED] - selectOptionByIndex: All options with index in [12] are selected on object 'Object Repository/MOH AND GRN/Page_KDMC - CMS/select_--Select--Adernaline 0.'

2018-05-11 10:33:09 - [MESSAGE][PASSED] - All options with index in [12] are selected on object 'Object Repository/MOH AND GRN/Page_KDMC - CMS/select_--Select--Adernaline 0.'

2018-05-11 10:33:09 - [TEST_STEP][PASSED] - setText: Text '5000' is set on object 'Object Repository/MOH AND GRN/Page_KDMC - CMS/input_txttreat'

2018-05-11 10:33:09 - [MESSAGE][PASSED] - Text '5000' is set on object 'Object Repository/MOH AND GRN/Page_KDMC - CMS/input_txttreat'

2018-05-11 10:33:09 - [TEST_STEP][PASSED] - click: Object: 'Object Repository/MOH AND GRN/Page_KDMC - CMS/button_Add' is clicked on

2018-05-11 10:33:09 - [MESSAGE][PASSED] - Object: 'Object Repository/MOH AND GRN/Page_KDMC - CMS/button_Add' is clicked on

2018-05-11 10:33:09 - [TEST_STEP][PASSED] - selectOptionByIndex: All options with index in [3] are selected on object 'Object Repository/MOH AND GRN/Page_KDMC - CMS/select_--Select--Schedule 1Inj'

2018-05-11 10:33:09 - [MESSAGE][PASSED] - All options with index in [3] are selected on object 'Object Repository/MOH AND GRN/Page_KDMC - CMS/select_--Select--Schedule 1Inj'

2018-05-11 10:33:09 - [TEST_STEP][PASSED] - selectOptionByIndex: All options with index in [13] are selected on object 'Object Repository/MOH AND GRN/Page_KDMC - CMS/select_--Select--Adernaline 0.'

2018-05-11 10:33:10 - [MESSAGE][PASSED] - All options with index in [13] are selected on object 'Object Repository/MOH AND GRN/Page_KDMC - CMS/select_--Select--Adernaline 0.'

2018-05-11 10:33:10 - [TEST_STEP][PASSED] - setText: Text '5000' is set on object 'Object Repository/MOH AND GRN/Page_KDMC - CMS/input_txttreat'

2018-05-11 10:33:10 - [MESSAGE][PASSED] - Text '5000' is set on object 'Object Repository/MOH AND GRN/Page_KDMC - CMS/input_txttreat'

2018-05-11 10:33:10 - [TEST_STEP][PASSED] - click: Object: 'Object Repository/MOH AND GRN/Page_KDMC - CMS/button_Add' is clicked on

2018-05-11 10:33:10 - [MESSAGE][PASSED] - Object: 'Object Repository/MOH AND GRN/Page_KDMC - CMS/button_Add' is clicked on

2018-05-11 10:33:10 - [TEST_STEP][PASSED] - selectOptionByIndex: All options with index in [3] are selected on object 'Object Repository/MOH AND GRN/Page_KDMC - CMS/select_--Select--Schedule 1Inj'

2018-05-11 10:33:10 - [MESSAGE][PASSED] - All options with index in [3] are selected on object 'Object Repository/MOH AND GRN/Page_KDMC - CMS/select_--Select--Schedule 1Inj'

2018-05-11 10:33:10 - [TEST_STEP][PASSED] - selectOptionByIndex: All options with index in [14] are selected on object 'Object Repository/MOH AND GRN/Page_KDMC - CMS/select_--Select--Adernaline 0.'

2018-05-11 10:33:10 - [MESSAGE][PASSED] - All options with index in [14] are selected on object 'Object Repository/MOH AND GRN/Page_KDMC - CMS/select_--Select--Adernaline 0.'

2018-05-11 10:33:10 - [TEST_STEP][PASSED] - setText: Text '5000' is set on object 'Object Repository/MOH AND GRN/Page_KDMC - CMS/input_txttreat'

2018-05-11 10:33:10 - [MESSAGE][PASSED] - Text '5000' is set on object 'Object Repository/MOH AND GRN/Page_KDMC - CMS/input_txttreat'

2018-05-11 10:33:10 - [TEST_STEP][PASSED] - click: Object: 'Object Repository/MOH AND GRN/Page_KDMC - CMS/button_Add' is clicked on

2018-05-11 10:33:10 - [MESSAGE][PASSED] - Object: 'Object Repository/MOH AND GRN/Page_KDMC - CMS/button_Add' is clicked on

2018-05-11 10:33:10 - [TEST_STEP][PASSED] - selectOptionByIndex: All options with index in [3] are selected on object 'Object Repository/MOH AND GRN/Page_KDMC - CMS/select_--Select--Schedule 1Inj'

2018-05-11 10:33:10 - [MESSAGE][PASSED] - All options with index in [3] are selected on object 'Object Repository/MOH AND GRN/Page_KDMC - CMS/select_--Select--Schedule 1Inj'

2018-05-11 10:33:10 - [TEST_STEP][PASSED] - selectOptionByIndex: All options with index in [15] are selected on object 'Object Repository/MOH AND GRN/Page_KDMC - CMS/select_--Select--Adernaline 0.'

2018-05-11 10:33:11 - [MESSAGE][PASSED] - All options with index in [15] are selected on object 'Object Repository/MOH AND GRN/Page_KDMC - CMS/select_--Select--Adernaline 0.'

2018-05-11 10:33:11 - [TEST_STEP][PASSED] - setText: Text '5000' is set on object 'Object Repository/MOH AND GRN/Page_KDMC - CMS/input_txttreat'

2018-05-11 10:33:11 - [MESSAGE][PASSED] - Text '5000' is set on object 'Object Repository/MOH AND GRN/Page_KDMC - CMS/input_txttreat'

2018-05-11 10:33:11 - [TEST_STEP][PASSED] - click: Object: 'Object Repository/MOH AND GRN/Page_KDMC - CMS/button_Add' is clicked on

2018-05-11 10:33:11 - [MESSAGE][PASSED] - Object: 'Object Repository/MOH AND GRN/Page_KDMC - CMS/button_Add' is clicked on

2018-05-11 10:33:11 - [TEST_STEP][PASSED] - selectOptionByIndex: All options with index in [3] are selected on object 'Object Repository/MOH AND GRN/Page_KDMC - CMS/select_--Select--Schedule 1Inj'

2018-05-11 10:33:11 - [MESSAGE][PASSED] - All options with index in [3] are selected on object 'Object Repository/MOH AND GRN/Page_KDMC - CMS/select_--Select--Schedule 1Inj'

2018-05-11 10:33:11 - [TEST_STEP][PASSED] - selectOptionByIndex: All options with index in [16] are selected on object 'Object Repository/MOH AND GRN/Page_KDMC - CMS/select_--Select--Adernaline 0.'

2018-05-11 10:33:11 - [MESSAGE][PASSED] - All options with index in [16] are selected on object 'Object Repository/MOH AND GRN/Page_KDMC - CMS/select_--Select--Adernaline 0.'

2018-05-11 10:33:11 - [TEST_STEP][PASSED] - setText: Text '5000' is set on object 'Object Repository/MOH AND GRN/Page_KDMC - CMS/input_txttreat'

2018-05-11 10:33:11 - [MESSAGE][PASSED] - Text '5000' is set on object 'Object Repository/MOH AND GRN/Page_KDMC - CMS/input_txttreat'

2018-05-11 10:33:11 - [TEST_STEP][PASSED] - click: Object: 'Object Repository/MOH AND GRN/Page_KDMC - CMS/button_Add' is clicked on

2018-05-11 10:33:11 - [MESSAGE][PASSED] - Object: 'Object Repository/MOH AND GRN/Page_KDMC - CMS/button_Add' is clicked on

2018-05-11 10:33:11 - [TEST_STEP][PASSED] - selectOptionByIndex: All options with index in [3] are selected on object 'Object Repository/MOH AND GRN/Page_KDMC - CMS/select_--Select--Schedule 1Inj'

2018-05-11 10:33:11 - [MESSAGE][PASSED] - All options with index in [3] are selected on object 'Object Repository/MOH AND GRN/Page_KDMC - CMS/select_--Select--Schedule 1Inj'

2018-05-11 10:33:11 - [TEST_STEP][PASSED] - selectOptionByIndex: All options with index in [17] are selected on object 'Object Repository/MOH AND GRN/Page_KDMC - CMS/select_--Select--Adernaline 0.'

2018-05-11 10:33:12 - [MESSAGE][PASSED] - All options with index in [17] are selected on object 'Object Repository/MOH AND GRN/Page_KDMC - CMS/select_--Select--Adernaline 0.'

2018-05-11 10:33:12 - [TEST_STEP][PASSED] - setText: Text '5000' is set on object 'Object Repository/MOH AND GRN/Page_KDMC - CMS/input_txttreat'

2018-05-11 10:33:12 - [MESSAGE][PASSED] - Text '5000' is set on object 'Object Repository/MOH AND GRN/Page_KDMC - CMS/input_txttreat'

2018-05-11 10:33:12 - [TEST_STEP][PASSED] - click: Object: 'Object Repository/MOH AND GRN/Page_KDMC - CMS/button_Add' is clicked on

2018-05-11 10:33:12 - [MESSAGE][PASSED] - Object: 'Object Repository/MOH AND GRN/Page_KDMC - CMS/button_Add' is clicked on

2018-05-11 10:33:12 - [TEST_STEP][PASSED] - selectOptionByIndex: All options with index in [3] are selected on object 'Object Repository/MOH AND GRN/Page_KDMC - CMS/select_--Select--Schedule 1Inj'

2018-05-11 10:33:12 - [MESSAGE][PASSED] - All options with index in [3] are selected on object 'Object Repository/MOH AND GRN/Page_KDMC - CMS/select_--Select--Schedule 1Inj'

2018-05-11 10:33:12 - [TEST_STEP][PASSED] - selectOptionByIndex: All options with index in [18] are selected on object 'Object Repository/MOH AND GRN/Page_KDMC - CMS/select_--Select--Adernaline 0.'

2018-05-11 10:33:12 - [MESSAGE][PASSED] - All options with index in [18] are selected on object 'Object Repository/MOH AND GRN/Page_KDMC - CMS/select_--Select--Adernaline 0.'

2018-05-11 10:33:12 - [TEST_STEP][PASSED] - setText: Text '5000' is set on object 'Object Repository/MOH AND GRN/Page_KDMC - CMS/input_txttreat'

2018-05-11 10:33:12 - [MESSAGE][PASSED] - Text '5000' is set on object 'Object Repository/MOH AND GRN/Page_KDMC - CMS/input_txttreat'

2018-05-11 10:33:12 - [TEST_STEP][PASSED] - click: Object: 'Object Repository/MOH AND GRN/Page_KDMC - CMS/button_Add' is clicked on

2018-05-11 10:33:12 - [MESSAGE][PASSED] - Object: 'Object Repository/MOH AND GRN/Page_KDMC - CMS/button_Add' is clicked on

2018-05-11 10:33:12 - [TEST_STEP][PASSED] - selectOptionByIndex: All options with index in [3] are selected on object 'Object Repository/MOH AND GRN/Page_KDMC - CMS/select_--Select--Schedule 1Inj'

2018-05-11 10:33:13 - [MESSAGE][PASSED] - All options with index in [3] are selected on object 'Object Repository/MOH AND GRN/Page_KDMC - CMS/select_--Select--Schedule 1Inj'

2018-05-11 10:33:13 - [TEST_STEP][PASSED] - selectOptionByIndex: All options with index in [19] are selected on object 'Object Repository/MOH AND GRN/Page_KDMC - CMS/select_--Select--Adernaline 0.'

2018-05-11 10:33:13 - [MESSAGE][PASSED] - All options with index in [19] are selected on object 'Object Repository/MOH AND GRN/Page_KDMC - CMS/select_--Select--Adernaline 0.'

2018-05-11 10:33:13 - [TEST_STEP][PASSED] - setText: Text '5000' is set on object 'Object Repository/MOH AND GRN/Page_KDMC - CMS/input_txttreat'

2018-05-11 10:33:13 - [MESSAGE][PASSED] - Text '5000' is set on object 'Object Repository/MOH AND GRN/Page_KDMC - CMS/input_txttreat'

2018-05-11 10:33:13 - [TEST_STEP][PASSED] - click: Object: 'Object Repository/MOH AND GRN/Page_KDMC - CMS/button_Add' is clicked on

2018-05-11 10:33:13 - [MESSAGE][PASSED] - Object: 'Object Repository/MOH AND GRN/Page_KDMC - CMS/button_Add' is clicked on

2018-05-11 10:33:13 - [TEST_STEP][PASSED] - selectOptionByIndex: All options with index in [3] are selected on object 'Object Repository/MOH AND GRN/Page_KDMC - CMS/select_--Select--Schedule 1Inj'

2018-05-11 10:33:13 - [MESSAGE][PASSED] - All options with index in [3] are selected on object 'Object Repository/MOH AND GRN/Page_KDMC - CMS/select_--Select--Schedule 1Inj'

2018-05-11 10:33:13 - [TEST_STEP][PASSED] - selectOptionByIndex: All options with index in [20] are selected on object 'Object Repository/MOH AND GRN/Page_KDMC - CMS/select_--Select--Adernaline 0.'

2018-05-11 10:33:13 - [MESSAGE][PASSED] - All options with index in [20] are selected on object 'Object Repository/MOH AND GRN/Page_KDMC - CMS/select_--Select--Adernaline 0.'

2018-05-11 10:33:13 - [TEST_STEP][PASSED] - setText: Text '5000' is set on object 'Object Repository/MOH AND GRN/Page_KDMC - CMS/input_txttreat'

2018-05-11 10:33:14 - [MESSAGE][PASSED] - Text '5000' is set on object 'Object Repository/MOH AND GRN/Page_KDMC - CMS/input_txttreat'

2018-05-11 10:33:14 - [TEST_STEP][PASSED] - click: Object: 'Object Repository/MOH AND GRN/Page_KDMC - CMS/button_Add' is clicked on

2018-05-11 10:33:14 - [MESSAGE][PASSED] - Object: 'Object Repository/MOH AND GRN/Page_KDMC - CMS/button_Add' is clicked on

2018-05-11 10:33:14 - [TEST_STEP][PASSED] - selectOptionByIndex: All options with index in [3] are selected on object 'Object Repository/MOH AND GRN/Page_KDMC - CMS/select_--Select--Schedule 1Inj'

2018-05-11 10:33:14 - [MESSAGE][PASSED] - All options with index in [3] are selected on object 'Object Repository/MOH AND GRN/Page_KDMC - CMS/select_--Select--Schedule 1Inj'

2018-05-11 10:33:14 - [TEST_STEP][PASSED] - selectOptionByIndex: All options with index in [21] are selected on object 'Object Repository/MOH AND GRN/Page_KDMC - CMS/select_--Select--Adernaline 0.'

2018-05-11 10:33:14 - [MESSAGE][PASSED] - All options with index in [21] are selected on object 'Object Repository/MOH AND GRN/Page_KDMC - CMS/select_--Select--Adernaline 0.'

2018-05-11 10:33:14 - [TEST_STEP][PASSED] - setText: Text '5000' is set on object 'Object Repository/MOH AND GRN/Page_KDMC - CMS/input_txttreat'

2018-05-11 10:33:14 - [MESSAGE][PASSED] - Text '5000' is set on object 'Object Repository/MOH AND GRN/Page_KDMC - CMS/input_txttreat'

2018-05-11 10:33:14 - [TEST_STEP][PASSED] - click: Object: 'Object Repository/MOH AND GRN/Page_KDMC - CMS/button_Add' is clicked on

2018-05-11 10:33:14 - [MESSAGE][PASSED] - Object: 'Object Repository/MOH AND GRN/Page_KDMC - CMS/button_Add' is clicked on

2018-05-11 10:33:14 - [TEST_STEP][PASSED] - selectOptionByIndex: All options with index in [3] are selected on object 'Object Repository/MOH AND GRN/Page_KDMC - CMS/select_--Select--Schedule 1Inj'

2018-05-11 10:33:14 - [MESSAGE][PASSED] - All options with index in [3] are selected on object 'Object Repository/MOH AND GRN/Page_KDMC - CMS/select_--Select--Schedule 1Inj'

2018-05-11 10:33:14 - [TEST_STEP][PASSED] - selectOptionByIndex: All options with index in [22] are selected on object 'Object Repository/MOH AND GRN/Page_KDMC - CMS/select_--Select--Adernaline 0.'

2018-05-11 10:33:15 - [MESSAGE][PASSED] - All options with index in [22] are selected on object 'Object Repository/MOH AND GRN/Page_KDMC - CMS/select_--Select--Adernaline 0.'

2018-05-11 10:33:15 - [TEST_STEP][PASSED] - setText: Text '5000' is set on object 'Object Repository/MOH AND GRN/Page_KDMC - CMS/input_txttreat'

2018-05-11 10:33:15 - [MESSAGE][PASSED] - Text '5000' is set on object 'Object Repository/MOH AND GRN/Page_KDMC - CMS/input_txttreat'

2018-05-11 10:33:15 - [TEST_STEP][PASSED] - click: Object: 'Object Repository/MOH AND GRN/Page_KDMC - CMS/button_Add' is clicked on

2018-05-11 10:33:15 - [MESSAGE][PASSED] - Object: 'Object Repository/MOH AND GRN/Page_KDMC - CMS/button_Add' is clicked on

2018-05-11 10:33:15 - [TEST_STEP][PASSED] - selectOptionByIndex: All options with index in [3] are selected on object 'Object Repository/MOH AND GRN/Page_KDMC - CMS/select_--Select--Schedule 1Inj'

2018-05-11 10:33:15 - [MESSAGE][PASSED] - All options with index in [3] are selected on object 'Object Repository/MOH AND GRN/Page_KDMC - CMS/select_--Select--Schedule 1Inj'

2018-05-11 10:33:15 - [TEST_STEP][PASSED] - selectOptionByIndex: All options with index in [23] are selected on object 'Object Repository/MOH AND GRN/Page_KDMC - CMS/select_--Select--Adernaline 0.'

2018-05-11 10:33:15 - [MESSAGE][PASSED] - All options with index in [23] are selected on object 'Object Repository/MOH AND GRN/Page_KDMC - CMS/select_--Select--Adernaline 0.'

2018-05-11 10:33:15 - [TEST_STEP][PASSED] - setText: Text '5000' is set on object 'Object Repository/MOH AND GRN/Page_KDMC - CMS/input_txttreat'

2018-05-11 10:33:15 - [MESSAGE][PASSED] - Text '5000' is set on object 'Object Repository/MOH AND GRN/Page_KDMC - CMS/input_txttreat'

2018-05-11 10:33:15 - [TEST_STEP][PASSED] - click: Object: 'Object Repository/MOH AND GRN/Page_KDMC - CMS/button_Add' is clicked on

2018-05-11 10:33:15 - [MESSAGE][PASSED] - Object: 'Object Repository/MOH AND GRN/Page_KDMC - CMS/button_Add' is clicked on

2018-05-11 10:33:15 - [TEST_STEP][PASSED] - selectOptionByIndex: All options with index in [3] are selected on object 'Object Repository/MOH AND GRN/Page_KDMC - CMS/select_--Select--Schedule 1Inj'

2018-05-11 10:33:16 - [MESSAGE][PASSED] - All options with index in [3] are selected on object 'Object Repository/MOH AND GRN/Page_KDMC - CMS/select_--Select--Schedule 1Inj'

2018-05-11 10:33:16 - [TEST_STEP][PASSED] - selectOptionByIndex: All options with index in [24] are selected on object 'Object Repository/MOH AND GRN/Page_KDMC - CMS/select_--Select--Adernaline 0.'

2018-05-11 10:33:16 - [MESSAGE][PASSED] - All options with index in [24] are selected on object 'Object Repository/MOH AND GRN/Page_KDMC - CMS/select_--Select--Adernaline 0.'

2018-05-11 10:33:16 - [TEST_STEP][PASSED] - setText: Text '5000' is set on object 'Object Repository/MOH AND GRN/Page_KDMC - CMS/input_txttreat'

2018-05-11 10:33:16 - [MESSAGE][PASSED] - Text '5000' is set on object 'Object Repository/MOH AND GRN/Page_KDMC - CMS/input_txttreat'

2018-05-11 10:33:16 - [TEST_STEP][PASSED] - click: Object: 'Object Repository/MOH AND GRN/Page_KDMC - CMS/button_Add' is clicked on

2018-05-11 10:33:16 - [MESSAGE][PASSED] - Object: 'Object Repository/MOH AND GRN/Page_KDMC - CMS/button_Add' is clicked on

2018-05-11 10:33:16 - [TEST_STEP][PASSED] - selectOptionByIndex: All options with index in [3] are selected on object 'Object Repository/MOH AND GRN/Page_KDMC - CMS/select_--Select--Schedule 1Inj'

2018-05-11 10:33:16 - [MESSAGE][PASSED] - All options with index in [3] are selected on object 'Object Repository/MOH AND GRN/Page_KDMC - CMS/select_--Select--Schedule 1Inj'

2018-05-11 10:33:16 - [TEST_STEP][PASSED] - selectOptionByIndex: All options with index in [25] are selected on object 'Object Repository/MOH AND GRN/Page_KDMC - CMS/select_--Select--Adernaline 0.'

2018-05-11 10:33:17 - [MESSAGE][PASSED] - All options with index in [25] are selected on object 'Object Repository/MOH AND GRN/Page_KDMC - CMS/select_--Select--Adernaline 0.'

2018-05-11 10:33:17 - [TEST_STEP][PASSED] - setText: Text '5000' is set on object 'Object Repository/MOH AND GRN/Page_KDMC - CMS/input_txttreat'

2018-05-11 10:33:17 - [MESSAGE][PASSED] - Text '5000' is set on object 'Object Repository/MOH AND GRN/Page_KDMC - CMS/input_txttreat'

2018-05-11 10:33:17 - [TEST_STEP][PASSED] - click: Object: 'Object Repository/MOH AND GRN/Page_KDMC - CMS/button_Add' is clicked on

2018-05-11 10:33:17 - [MESSAGE][PASSED] - Object: 'Object Repository/MOH AND GRN/Page_KDMC - CMS/button_Add' is clicked on

2018-05-11 10:33:17 - [TEST_STEP][PASSED] - selectOptionByIndex: All options with index in [3] are selected on object 'Object Repository/MOH AND GRN/Page_KDMC - CMS/select_--Select--Schedule 1Inj'

2018-05-11 10:33:17 - [MESSAGE][PASSED] - All options with index in [3] are selected on object 'Object Repository/MOH AND GRN/Page_KDMC - CMS/select_--Select--Schedule 1Inj'

2018-05-11 10:33:17 - [TEST_STEP][PASSED] - selectOptionByIndex: All options with index in [26] are selected on object 'Object Repository/MOH AND GRN/Page_KDMC - CMS/select_--Select--Adernaline 0.'

2018-05-11 10:33:17 - [MESSAGE][PASSED] - All options with index in [26] are selected on object 'Object Repository/MOH AND GRN/Page_KDMC - CMS/select_--Select--Adernaline 0.'

2018-05-11 10:33:17 - [TEST_STEP][PASSED] - setText: Text '5000' is set on object 'Object Repository/MOH AND GRN/Page_KDMC - CMS/input_txttreat'

2018-05-11 10:33:17 - [MESSAGE][PASSED] - Text '5000' is set on object 'Object Repository/MOH AND GRN/Page_KDMC - CMS/input_txttreat'

2018-05-11 10:33:17 - [TEST_STEP][PASSED] - click: Object: 'Object Repository/MOH AND GRN/Page_KDMC - CMS/button_Add' is clicked on

2018-05-11 10:33:17 - [MESSAGE][PASSED] - Object: 'Object Repository/MOH AND GRN/Page_KDMC - CMS/button_Add' is clicked on

2018-05-11 10:33:17 - [TEST_STEP][PASSED] - selectOptionByIndex: All options with index in [3] are selected on object 'Object Repository/MOH AND GRN/Page_KDMC - CMS/select_--Select--Schedule 1Inj'

2018-05-11 10:33:18 - [MESSAGE][PASSED] - All options with index in [3] are selected on object 'Object Repository/MOH AND GRN/Page_KDMC - CMS/select_--Select--Schedule 1Inj'

2018-05-11 10:33:18 - [TEST_STEP][PASSED] - selectOptionByIndex: All options with index in [27] are selected on object 'Object Repository/MOH AND GRN/Page_KDMC - CMS/select_--Select--Adernaline 0.'

2018-05-11 10:33:18 - [MESSAGE][PASSED] - All options with index in [27] are selected on object 'Object Repository/MOH AND GRN/Page_KDMC - CMS/select_--Select--Adernaline 0.'

2018-05-11 10:33:18 - [TEST_STEP][PASSED] - setText: Text '5000' is set on object 'Object Repository/MOH AND GRN/Page_KDMC - CMS/input_txttreat'

2018-05-11 10:33:18 - [MESSAGE][PASSED] - Text '5000' is set on object 'Object Repository/MOH AND GRN/Page_KDMC - CMS/input_txttreat'

2018-05-11 10:33:18 - [TEST_STEP][PASSED] - click: Object: 'Object Repository/MOH AND GRN/Page_KDMC - CMS/button_Add' is clicked on

2018-05-11 10:33:18 - [MESSAGE][PASSED] - Object: 'Object Repository/MOH AND GRN/Page_KDMC - CMS/button_Add' is clicked on

2018-05-11 10:33:18 - [TEST_STEP][PASSED] - selectOptionByIndex: All options with index in [3] are selected on object 'Object Repository/MOH AND GRN/Page_KDMC - CMS/select_--Select--Schedule 1Inj'

2018-05-11 10:33:18 - [MESSAGE][PASSED] - All options with index in [3] are selected on object 'Object Repository/MOH AND GRN/Page_KDMC - CMS/select_--Select--Schedule 1Inj'

2018-05-11 10:33:18 - [TEST_STEP][PASSED] - selectOptionByIndex: All options with index in [28] are selected on object 'Object Repository/MOH AND GRN/Page_KDMC - CMS/select_--Select--Adernaline 0.'

2018-05-11 10:33:19 - [MESSAGE][PASSED] - All options with index in [28] are selected on object 'Object Repository/MOH AND GRN/Page_KDMC - CMS/select_--Select--Adernaline 0.'

2018-05-11 10:33:19 - [TEST_STEP][PASSED] - setText: Text '5000' is set on object 'Object Repository/MOH AND GRN/Page_KDMC - CMS/input_txttreat'

2018-05-11 10:33:19 - [MESSAGE][PASSED] - Text '5000' is set on object 'Object Repository/MOH AND GRN/Page_KDMC - CMS/input_txttreat'

2018-05-11 10:33:19 - [TEST_STEP][PASSED] - click: Object: 'Object Repository/MOH AND GRN/Page_KDMC - CMS/button_Add' is clicked on

2018-05-11 10:33:19 - [MESSAGE][PASSED] - Object: 'Object Repository/MOH AND GRN/Page_KDMC - CMS/button_Add' is clicked on

2018-05-11 10:33:19 - [TEST_STEP][PASSED] - selectOptionByIndex: All options with index in [3] are selected on object 'Object Repository/MOH AND GRN/Page_KDMC - CMS/select_--Select--Schedule 1Inj'

2018-05-11 10:33:19 - [MESSAGE][PASSED] - All options with index in [3] are selected on object 'Object Repository/MOH AND GRN/Page_KDMC - CMS/select_--Select--Schedule 1Inj'

2018-05-11 10:33:19 - [TEST_STEP][PASSED] - selectOptionByIndex: All options with index in [29] are selected on object 'Object Repository/MOH AND GRN/Page_KDMC - CMS/select_--Select--Adernaline 0.'

2018-05-11 10:33:19 - [MESSAGE][PASSED] - All options with index in [29] are selected on object 'Object Repository/MOH AND GRN/Page_KDMC - CMS/select_--Select--Adernaline 0.'

2018-05-11 10:33:19 - [TEST_STEP][PASSED] - setText: Text '5000' is set on object 'Object Repository/MOH AND GRN/Page_KDMC - CMS/input_txttreat'

2018-05-11 10:33:19 - [MESSAGE][PASSED] - Text '5000' is set on object 'Object Repository/MOH AND GRN/Page_KDMC - CMS/input_txttreat'

2018-05-11 10:33:19 - [TEST_STEP][PASSED] - click: Object: 'Object Repository/MOH AND GRN/Page_KDMC - CMS/button_Add' is clicked on

2018-05-11 10:33:19 - [MESSAGE][PASSED] - Object: 'Object Repository/MOH AND GRN/Page_KDMC - CMS/button_Add' is clicked on

2018-05-11 10:33:19 - [TEST_STEP][PASSED] - selectOptionByIndex: All options with index in [3] are selected on object 'Object Repository/MOH AND GRN/Page_KDMC - CMS/select_--Select--Schedule 1Inj'

2018-05-11 10:33:20 - [MESSAGE][PASSED] - All options with index in [3] are selected on object 'Object Repository/MOH AND GRN/Page_KDMC - CMS/select_--Select--Schedule 1Inj'

2018-05-11 10:33:20 - [TEST_STEP][PASSED] - selectOptionByIndex: All options with index in [30] are selected on object 'Object Repository/MOH AND GRN/Page_KDMC - CMS/select_--Select--Adernaline 0.'

2018-05-11 10:33:20 - [MESSAGE][PASSED] - All options with index in [30] are selected on object 'Object Repository/MOH AND GRN/Page_KDMC - CMS/select_--Select--Adernaline 0.'

2018-05-11 10:33:20 - [TEST_STEP][PASSED] - setText: Text '5000' is set on object 'Object Repository/MOH AND GRN/Page_KDMC - CMS/input_txttreat'

2018-05-11 10:33:20 - [MESSAGE][PASSED] - Text '5000' is set on object 'Object Repository/MOH AND GRN/Page_KDMC - CMS/input_txttreat'

2018-05-11 10:33:20 - [TEST_STEP][PASSED] - click: Object: 'Object Repository/MOH AND GRN/Page_KDMC - CMS/button_Add' is clicked on

2018-05-11 10:33:20 - [MESSAGE][PASSED] - Object: 'Object Repository/MOH AND GRN/Page_KDMC - CMS/button_Add' is clicked on

2018-05-11 10:33:20 - [TEST_STEP][PASSED] - selectOptionByIndex: All options with index in [3] are selected on object 'Object Repository/MOH AND GRN/Page_KDMC - CMS/select_--Select--Schedule 1Inj'

2018-05-11 10:33:20 - [MESSAGE][PASSED] - All options with index in [3] are selected on object 'Object Repository/MOH AND GRN/Page_KDMC - CMS/select_--Select--Schedule 1Inj'

2018-05-11 10:33:20 - [TEST_STEP][PASSED] - selectOptionByIndex: All options with index in [31] are selected on object 'Object Repository/MOH AND GRN/Page_KDMC - CMS/select_--Select--Adernaline 0.'

2018-05-11 10:33:21 - [MESSAGE][PASSED] - All options with index in [31] are selected on object 'Object Repository/MOH AND GRN/Page_KDMC - CMS/select_--Select--Adernaline 0.'

2018-05-11 10:33:21 - [TEST_STEP][PASSED] - setText: Text '5000' is set on object 'Object Repository/MOH AND GRN/Page_KDMC - CMS/input_txttreat'

2018-05-11 10:33:21 - [MESSAGE][PASSED] - Text '5000' is set on object 'Object Repository/MOH AND GRN/Page_KDMC - CMS/input_txttreat'

2018-05-11 10:33:21 - [TEST_STEP][PASSED] - click: Object: 'Object Repository/MOH AND GRN/Page_KDMC - CMS/button_Add' is clicked on

2018-05-11 10:33:21 - [MESSAGE][PASSED] - Object: 'Object Repository/MOH AND GRN/Page_KDMC - CMS/button_Add' is clicked on

2018-05-11 10:33:21 - [TEST_STEP][PASSED] - selectOptionByIndex: All options with index in [3] are selected on object 'Object Repository/MOH AND GRN/Page_KDMC - CMS/select_--Select--Schedule 1Inj'

2018-05-11 10:33:21 - [MESSAGE][PASSED] - All options with index in [3] are selected on object 'Object Repository/MOH AND GRN/Page_KDMC - CMS/select_--Select--Schedule 1Inj'

2018-05-11 10:33:21 - [TEST_STEP][PASSED] - selectOptionByIndex: All options with index in [32] are selected on object 'Object Repository/MOH AND GRN/Page_KDMC - CMS/select_--Select--Adernaline 0.'

2018-05-11 10:33:21 - [MESSAGE][PASSED] - All options with index in [32] are selected on object 'Object Repository/MOH AND GRN/Page_KDMC - CMS/select_--Select--Adernaline 0.'

2018-05-11 10:33:21 - [TEST_STEP][PASSED] - setText: Text '5000' is set on object 'Object Repository/MOH AND GRN/Page_KDMC - CMS/input_txttreat'

2018-05-11 10:33:21 - [MESSAGE][PASSED] - Text '5000' is set on object 'Object Repository/MOH AND GRN/Page_KDMC - CMS/input_txttreat'

2018-05-11 10:33:21 - [TEST_STEP][PASSED] - click: Object: 'Object Repository/MOH AND GRN/Page_KDMC - CMS/button_Add' is clicked on

2018-05-11 10:33:22 - [MESSAGE][PASSED] - Object: 'Object Repository/MOH AND GRN/Page_KDMC - CMS/button_Add' is clicked on

2018-05-11 10:33:22 - [TEST_STEP][PASSED] - selectOptionByIndex: All options with index in [3] are selected on object 'Object Repository/MOH AND GRN/Page_KDMC - CMS/select_--Select--Schedule 1Inj'

2018-05-11 10:33:22 - [MESSAGE][PASSED] - All options with index in [3] are selected on object 'Object Repository/MOH AND GRN/Page_KDMC - CMS/select_--Select--Schedule 1Inj'

2018-05-11 10:33:22 - [TEST_STEP][PASSED] - selectOptionByIndex: All options with index in [33] are selected on object 'Object Repository/MOH AND GRN/Page_KDMC - CMS/select_--Select--Adernaline 0.'

2018-05-11 10:33:22 - [MESSAGE][PASSED] - All options with index in [33] are selected on object 'Object Repository/MOH AND GRN/Page_KDMC - CMS/select_--Select--Adernaline 0.'

2018-05-11 10:33:22 - [TEST_STEP][PASSED] - setText: Text '5000' is set on object 'Object Repository/MOH AND GRN/Page_KDMC - CMS/input_txttreat'

2018-05-11 10:33:22 - [MESSAGE][PASSED] - Text '5000' is set on object 'Object Repository/MOH AND GRN/Page_KDMC - CMS/input_txttreat'

2018-05-11 10:33:22 - [TEST_STEP][PASSED] - click: Object: 'Object Repository/MOH AND GRN/Page_KDMC - CMS/button_Add' is clicked on

2018-05-11 10:33:22 - [MESSAGE][PASSED] - Object: 'Object Repository/MOH AND GRN/Page_KDMC - CMS/button_Add' is clicked on

2018-05-11 10:33:22 - [TEST_STEP][PASSED] - selectOptionByIndex: All options with index in [3] are selected on object 'Object Repository/MOH AND GRN/Page_KDMC - CMS/select_--Select--Schedule 1Inj'

2018-05-11 10:33:22 - [MESSAGE][PASSED] - All options with index in [3] are selected on object 'Object Repository/MOH AND GRN/Page_KDMC - CMS/select_--Select--Schedule 1Inj'

2018-05-11 10:33:22 - [TEST_STEP][PASSED] - selectOptionByIndex: All options with index in [34] are selected on object 'Object Repository/MOH AND GRN/Page_KDMC - CMS/select_--Select--Adernaline 0.'

2018-05-11 10:33:23 - [MESSAGE][PASSED] - All options with index in [34] are selected on object 'Object Repository/MOH AND GRN/Page_KDMC - CMS/select_--Select--Adernaline 0.'

2018-05-11 10:33:23 - [TEST_STEP][PASSED] - setText: Text '5000' is set on object 'Object Repository/MOH AND GRN/Page_KDMC - CMS/input_txttreat'

2018-05-11 10:33:23 - [MESSAGE][PASSED] - Text '5000' is set on object 'Object Repository/MOH AND GRN/Page_KDMC - CMS/input_txttreat'

2018-05-11 10:33:23 - [TEST_STEP][PASSED] - click: Object: 'Object Repository/MOH AND GRN/Page_KDMC - CMS/button_Add' is clicked on

2018-05-11 10:33:23 - [MESSAGE][PASSED] - Object: 'Object Repository/MOH AND GRN/Page_KDMC - CMS/button_Add' is clicked on

2018-05-11 10:33:23 - [TEST_STEP][PASSED] - selectOptionByIndex: All options with index in [3] are selected on object 'Object Repository/MOH AND GRN/Page_KDMC - CMS/select_--Select--Schedule 1Inj'

2018-05-11 10:33:23 - [MESSAGE][PASSED] - All options with index in [3] are selected on object 'Object Repository/MOH AND GRN/Page_KDMC - CMS/select_--Select--Schedule 1Inj'

2018-05-11 10:33:23 - [TEST_STEP][PASSED] - selectOptionByIndex: All options with index in [35] are selected on object 'Object Repository/MOH AND GRN/Page_KDMC - CMS/select_--Select--Adernaline 0.'

2018-05-11 10:33:24 - [MESSAGE][PASSED] - All options with index in [35] are selected on object 'Object Repository/MOH AND GRN/Page_KDMC - CMS/select_--Select--Adernaline 0.'

2018-05-11 10:33:24 - [TEST_STEP][PASSED] - setText: Text '5000' is set on object 'Object Repository/MOH AND GRN/Page_KDMC - CMS/input_txttreat'

2018-05-11 10:33:24 - [MESSAGE][PASSED] - Text '5000' is set on object 'Object Repository/MOH AND GRN/Page_KDMC - CMS/input_txttreat'

2018-05-11 10:33:24 - [TEST_STEP][PASSED] - click: Object: 'Object Repository/MOH AND GRN/Page_KDMC - CMS/button_Add' is clicked on

2018-05-11 10:33:24 - [MESSAGE][PASSED] - Object: 'Object Repository/MOH AND GRN/Page_KDMC - CMS/button_Add' is clicked on

2018-05-11 10:33:24 - [TEST_STEP][PASSED] - selectOptionByIndex: All options with index in [3] are selected on object 'Object Repository/MOH AND GRN/Page_KDMC - CMS/select_--Select--Schedule 1Inj'

2018-05-11 10:33:24 - [MESSAGE][PASSED] - All options with index in [3] are selected on object 'Object Repository/MOH AND GRN/Page_KDMC - CMS/select_--Select--Schedule 1Inj'

2018-05-11 10:33:24 - [TEST_STEP][PASSED] - selectOptionByIndex: All options with index in [36] are selected on object 'Object Repository/MOH AND GRN/Page_KDMC - CMS/select_--Select--Adernaline 0.'

2018-05-11 10:33:24 - [MESSAGE][PASSED] - All options with index in [36] are selected on object 'Object Repository/MOH AND GRN/Page_KDMC - CMS/select_--Select--Adernaline 0.'

2018-05-11 10:33:24 - [TEST_STEP][PASSED] - setText: Text '5000' is set on object 'Object Repository/MOH AND GRN/Page_KDMC - CMS/input_txttreat'

2018-05-11 10:33:24 - [MESSAGE][PASSED] - Text '5000' is set on object 'Object Repository/MOH AND GRN/Page_KDMC - CMS/input_txttreat'

2018-05-11 10:33:24 - [TEST_STEP][PASSED] - click: Object: 'Object Repository/MOH AND GRN/Page_KDMC - CMS/button_Add' is clicked on

2018-05-11 10:33:25 - [MESSAGE][PASSED] - Object: 'Object Repository/MOH AND GRN/Page_KDMC - CMS/button_Add' is clicked on

2018-05-11 10:33:25 - [TEST_STEP][PASSED] - scrollToElement: Scroll to object 'Object Repository/MOH AND GRN/Page_KDMC - CMS/input_btnsave' successfully

2018-05-11 10:33:25 - [MESSAGE][PASSED] - Scroll to object 'Object Repository/MOH AND GRN/Page_KDMC - CMS/input_btnsave' successfully

2018-05-11 10:33:25 - [TEST_STEP][PASSED] - click: Object: 'Object Repository/MOH AND GRN/Page_KDMC - CMS/input_btnsave' is clicked on

2018-05-11 10:33:25 - [MESSAGE][PASSED] - Object: 'Object Repository/MOH AND GRN/Page_KDMC - CMS/input_btnsave' is clicked on

2018-05-11 10:33:25 - [TEST_STEP][PASSED] - delay: Delayed 3 second(s)

2018-05-11 10:33:28 - [MESSAGE][PASSED] - Delayed 3 second(s)

2018-05-11 10:33:28 - [TEST_STEP][PASSED] - Statement - Request1 = com.kms.katalon.core.webui.keyword.WebUiBuiltInKeywords.getText(com.kms.katalon.core.testobject.ObjectRepository.findTestObject(MOH AND GRN/Page_KDMC - CMS/font_PRNO0505201876)): Text of object 'Object Repository/MOH AND GRN/Page_KDMC - CMS/font_PRNO0505201876' is: 'PRNO/11052018/208'

2018-05-11 10:33:28 - [MESSAGE][PASSED] - Text of object 'Object Repository/MOH AND GRN/Page_KDMC - CMS/font_PRNO0505201876' is: 'PRNO/11052018/208'

2018-05-11 10:33:28 - [TEST_STEP][PASSED] - Statement - out.println("Length OF The Medicine " + Request1): null

2018-05-11 10:33:28 - [TEST_STEP][PASSED] - Statement - RequestNUmber = Request1.split("/")[2].trim(): null

2018-05-11 10:33:28 - [TEST_STEP][PASSED] - Statement - out.println("ID IS " + RequestNUmber): null

2018-05-11 10:33:28 - [TEST_STEP][PASSED] - delay: Delayed 3 second(s)

2018-05-11 10:33:31 - [MESSAGE][PASSED] - Delayed 3 second(s)

2018-05-11 10:33:31 - [TEST_STEP][PASSED] - click: Object: 'Object Repository/MOH AND GRN/Page_KDMC - CMS/button_OK' is clicked on

2018-05-11 10:33:31 - [MESSAGE][PASSED] - Object: 'Object Repository/MOH AND GRN/Page_KDMC - CMS/button_OK' is clicked on

2018-05-11 10:33:31 - [TEST_STEP][PASSED] - click: Object: 'Object Repository/MOH AND GRN/Page_KDMC - CMS/a_dropdown-toggle' is clicked on

2018-05-11 10:33:32 - [MESSAGE][PASSED] - Object: 'Object Repository/MOH AND GRN/Page_KDMC - CMS/a_dropdown-toggle' is clicked on

2018-05-11 10:33:32 - [TEST_STEP][PASSED] - click: Object: 'Object Repository/MOH AND GRN/Page_KDMC - CMS/a_Sign out' is clicked on

2018-05-11 10:33:34 - [MESSAGE][PASSED] - Object: 'Object Repository/MOH AND GRN/Page_KDMC - CMS/a_Sign out' is clicked on

2018-05-11 10:33:34 - [TEST_STEP][PASSED] - delay: Delayed 4 second(s)

2018-05-11 10:33:38 - [MESSAGE][PASSED] - Delayed 4 second(s)

2018-05-11 10:33:38 - [TEST_STEP][PASSED] - click: Object: 'Object Repository/MOH AND GRN/Page_KDMC/a_Admin Master' is clicked on

2018-05-11 10:33:38 - [MESSAGE][PASSED] - Object: 'Object Repository/MOH AND GRN/Page_KDMC/a_Admin Master' is clicked on

2018-05-11 10:33:38 - [TEST_STEP][PASSED] - setText: Text 'admin' is set on object 'Object Repository/MOH AND GRN/Page_Admin login/input_txtusername'

2018-05-11 10:33:38 - [MESSAGE][PASSED] - Text 'admin' is set on object 'Object Repository/MOH AND GRN/Page_Admin login/input_txtusername'

2018-05-11 10:33:38 - [TEST_STEP][PASSED] - setText: Text 'admin123' is set on object 'Object Repository/MOH AND GRN/Page_Admin login/input_txtpassword'

2018-05-11 10:33:38 - [MESSAGE][PASSED] - Text 'admin123' is set on object 'Object Repository/MOH AND GRN/Page_Admin login/input_txtpassword'

2018-05-11 10:33:38 - [TEST_STEP][PASSED] - delay: Delayed 3 second(s)

2018-05-11 10:33:41 - [MESSAGE][PASSED] - Delayed 3 second(s)

2018-05-11 10:33:41 - [TEST_STEP][PASSED] - click: Object: 'Object Repository/MOH AND GRN/Page_Admin login/button_Sign in' is clicked on

2018-05-11 10:33:43 - [MESSAGE][PASSED] - Object: 'Object Repository/MOH AND GRN/Page_Admin login/button_Sign in' is clicked on

2018-05-11 10:33:43 - [TEST_STEP][PASSED] - delay: Delayed 20 second(s)

2018-05-11 10:34:03 - [MESSAGE][PASSED] - Delayed 20 second(s)

2018-05-11 10:34:03 - [TEST_STEP][PASSED] - scrollToPosition: Browser is scrolled to position x = 200, y = 200

2018-05-11 10:34:03 - [MESSAGE][PASSED] - Browser is scrolled to position x = 200, y = 200

2018-05-11 10:34:03 - [TEST_STEP][PASSED] - click: Object: 'Object Repository/MOH AND GRN/Page_KDMC/a_CMS_1' is clicked on

2018-05-11 10:34:03 - [MESSAGE][PASSED] - Object: 'Object Repository/MOH AND GRN/Page_KDMC/a_CMS_1' is clicked on

2018-05-11 10:34:03 - [TEST_STEP][PASSED] - click: Object: 'Object Repository/MOH AND GRN/Page_KDMC/a_Request List' is clicked on

2018-05-11 10:34:04 - [MESSAGE][PASSED] - Object: 'Object Repository/MOH AND GRN/Page_KDMC/a_Request List' is clicked on

2018-05-11 10:34:04 - [TEST_STEP][PASSED] - Statement - RequestNumberId = com.kms.katalon.core.webui.keyword.WebUiBuiltInKeywords.modifyObjectProperty(com.kms.katalon.core.testobject.ObjectRepository.findTestObject(MOH AND GRN/Page_KDMC - CMS/input_PO0032), "xpath", "equals", "//*[@id =" + RequestNUmber + "]", true): Modify property of object successfully

2018-05-11 10:34:04 - [MESSAGE][PASSED] - Modify property of object successfully

2018-05-11 10:34:04 - [TEST_STEP][PASSED] - click: Object: 'Object Repository/MOH AND GRN/Page_KDMC - CMS/input_PO0032' is clicked on

2018-05-11 10:34:04 - [MESSAGE][PASSED] - Object: 'Object Repository/MOH AND GRN/Page_KDMC - CMS/input_PO0032' is clicked on

2018-05-11 10:34:04 - [TEST_STEP][PASSED] - delay: Delayed 3 second(s)

2018-05-11 10:34:07 - [MESSAGE][PASSED] - Delayed 3 second(s)

2018-05-11 10:34:07 - [TEST_STEP][PASSED] - selectOptionByIndex: All options with index in [1] are selected on object 'Object Repository/MOH AND GRN/Page_KDMC/select_--Select--'

2018-05-11 10:34:08 - [MESSAGE][PASSED] - All options with index in [1] are selected on object 'Object Repository/MOH AND GRN/Page_KDMC/select_--Select--'

2018-05-11 10:34:08 - [TEST_STEP][PASSED] - click: Object: 'Object Repository/MOH AND GRN/Page_KDMC/input_btnupdate' is clicked on

2018-05-11 10:34:08 - [MESSAGE][PASSED] - Object: 'Object Repository/MOH AND GRN/Page_KDMC/input_btnupdate' is clicked on

2018-05-11 10:34:08 - [TEST_STEP][PASSED] - delay: Delayed 3 second(s)

2018-05-11 10:34:11 - [MESSAGE][PASSED] - Delayed 3 second(s)

2018-05-11 10:34:11 - [TEST_STEP][PASSED] - click: Object: 'Object Repository/MOH AND GRN/Page_KDMC/button_OK' is clicked on

2018-05-11 10:34:11 - [MESSAGE][PASSED] - Object: 'Object Repository/MOH AND GRN/Page_KDMC/button_OK' is clicked on

2018-05-11 10:34:11 - [TEST_STEP][PASSED] - delay: Delayed 3 second(s)

2018-05-11 10:34:14 - [MESSAGE][PASSED] - Delayed 3 second(s)

2018-05-11 10:34:14 - [TEST_STEP][PASSED] - scrollToPosition: Browser is scrolled to position x = 200, y = 200

2018-05-11 10:34:14 - [MESSAGE][PASSED] - Browser is scrolled to position x = 200, y = 200

2018-05-11 10:34:14 - [TEST_STEP][PASSED] - click: Object: 'Object Repository/MOH AND GRN/Page_KDMC/a_CMS_2' is clicked on

2018-05-11 10:34:14 - [MESSAGE][PASSED] - Object: 'Object Repository/MOH AND GRN/Page_KDMC/a_CMS_2' is clicked on

2018-05-11 10:34:14 - [TEST_STEP][PASSED] - delay: Delayed 2 second(s)

2018-05-11 10:34:16 - [MESSAGE][PASSED] - Delayed 2 second(s)

2018-05-11 10:34:16 - [TEST_STEP][PASSED] - click: Object: 'Object Repository/MOH AND GRN/Page_KDMC/a_Generate P.O' is clicked on

2018-05-11 10:34:17 - [MESSAGE][PASSED] - Object: 'Object Repository/MOH AND GRN/Page_KDMC/a_Generate P.O' is clicked on

2018-05-11 10:34:17 - [TEST_STEP][PASSED] - delay: Delayed 2 second(s)

2018-05-11 10:34:19 - [MESSAGE][PASSED] - Delayed 2 second(s)

2018-05-11 10:34:19 - [TEST_STEP][PASSED] - selectOptionByIndex: All options with index in [1] are selected on object 'Object Repository/MOH AND GRN/Page_KDMC/select_--Select--PRNO040520183'

2018-05-11 10:34:19 - [MESSAGE][PASSED] - All options with index in [1] are selected on object 'Object Repository/MOH AND GRN/Page_KDMC/select_--Select--PRNO040520183'

2018-05-11 10:34:19 - [TEST_STEP][PASSED] - selectOptionByIndex: All options with index in [6] are selected on object 'Object Repository/MOH AND GRN/Page_KDMC/select_--Select--Hamen Chandra'

2018-05-11 10:34:19 - [MESSAGE][PASSED] - All options with index in [6] are selected on object 'Object Repository/MOH AND GRN/Page_KDMC/select_--Select--Hamen Chandra'

2018-05-11 10:34:19 - [TEST_STEP][PASSED] - Statement - PONumber = com.kms.katalon.core.webui.keyword.WebUiBuiltInKeywords.getText(com.kms.katalon.core.testobject.ObjectRepository.findTestObject(MOH AND GRN/Page_KDMC/input_lblpono)).trim(): Text of object 'Object Repository/MOH AND GRN/Page_KDMC/input_lblpono' is: ''

2018-05-11 10:34:19 - [MESSAGE][PASSED] - Text of object 'Object Repository/MOH AND GRN/Page_KDMC/input_lblpono' is: ''

2018-05-11 10:34:19 - [TEST_STEP][PASSED] - Statement - PONumber1 = com.kms.katalon.core.webui.keyword.WebUiBuiltInKeywords.getAttribute(com.kms.katalon.core.testobject.ObjectRepository.findTestObject(MOH AND GRN/Page_KDMC/input_lblpono), "value").trim(): Attribute 'value' of object 'Object Repository/MOH AND GRN/Page_KDMC/input_lblpono' is: 'PO0092'

2018-05-11 10:34:19 - [MESSAGE][PASSED] - Attribute 'value' of object 'Object Repository/MOH AND GRN/Page_KDMC/input_lblpono' is: 'PO0092'

2018-05-11 10:34:19 - [TEST_STEP][PASSED] - Statement - out.println("PO NUMBER :" + PONumber): null

2018-05-11 10:34:19 - [TEST_STEP][PASSED] - Statement - out.println("PO NUMBER :" + PONumber1): null

2018-05-11 10:34:19 - [TEST_STEP][PASSED] - click: Object: 'Object Repository/MOH AND GRN/Page_KDMC/input_chkrem' is clicked on

2018-05-11 10:34:19 - [MESSAGE][PASSED] - Object: 'Object Repository/MOH AND GRN/Page_KDMC/input_chkrem' is clicked on

2018-05-11 10:34:19 - [TEST_STEP][PASSED] - scrollToElement: Scroll to object 'Object Repository/MOH AND GRN/Page_KDMC/input_btnreturn' successfully

2018-05-11 10:34:19 - [MESSAGE][PASSED] - Scroll to object 'Object Repository/MOH AND GRN/Page_KDMC/input_btnreturn' successfully

2018-05-11 10:34:19 - [TEST_STEP][PASSED] - click: Object: 'Object Repository/MOH AND GRN/Page_KDMC/input_btnreturn' is clicked on

2018-05-11 10:34:20 - [MESSAGE][PASSED] - Object: 'Object Repository/MOH AND GRN/Page_KDMC/input_btnreturn' is clicked on

2018-05-11 10:34:20 - [TEST_STEP][PASSED] - delay: Delayed 3 second(s)

2018-05-11 10:34:23 - [MESSAGE][PASSED] - Delayed 3 second(s)

2018-05-11 10:34:23 - [TEST_STEP][PASSED] - click: Object: 'Object Repository/MOH AND GRN/Page_KDMC/button_Yes' is clicked on

2018-05-11 10:34:23 - [MESSAGE][PASSED] - Object: 'Object Repository/MOH AND GRN/Page_KDMC/button_Yes' is clicked on

2018-05-11 10:34:23 - [TEST_STEP][PASSED] - delay: Delayed 3 second(s)

2018-05-11 10:34:26 - [MESSAGE][PASSED] - Delayed 3 second(s)

2018-05-11 10:34:26 - [TEST_STEP][PASSED] - click: Object: 'Object Repository/MOH AND GRN/Page_KDMC/button_OK' is clicked on

2018-05-11 10:34:26 - [MESSAGE][PASSED] - Object: 'Object Repository/MOH AND GRN/Page_KDMC/button_OK' is clicked on

2018-05-11 10:34:26 - [TEST_STEP][PASSED] - delay: Delayed 3 second(s)

2018-05-11 10:34:29 - [MESSAGE][PASSED] - Delayed 3 second(s)

2018-05-11 10:34:29 - [TEST_STEP][PASSED] - click: Object: 'Object Repository/MOH AND GRN/Page_KDMC/a_dropdown-toggle' is clicked on

2018-05-11 10:34:29 - [MESSAGE][PASSED] - Object: 'Object Repository/MOH AND GRN/Page_KDMC/a_dropdown-toggle' is clicked on

2018-05-11 10:34:29 - [TEST_STEP][PASSED] - click: Object: 'Object Repository/MOH AND GRN/Page_KDMC/a_Sign out' is clicked on

2018-05-11 10:34:30 - [MESSAGE][PASSED] - Object: 'Object Repository/MOH AND GRN/Page_KDMC/a_Sign out' is clicked on

2018-05-11 10:34:30 - [TEST_STEP][PASSED] - delay: Delayed 4 second(s)

2018-05-11 10:34:34 - [MESSAGE][PASSED] - Delayed 4 second(s)

2018-05-11 10:34:34 - [TEST_STEP][PASSED] - click: Object: 'Object Repository/MOH AND GRN/Page_KDMC/a_CMS' is clicked on

2018-05-11 10:34:35 - [MESSAGE][PASSED] - Object: 'Object Repository/MOH AND GRN/Page_KDMC/a_CMS' is clicked on

2018-05-11 10:34:35 - [TEST_STEP][PASSED] - setText: Text 'bala' is set on object 'Object Repository/MOH AND GRN/Page_CMS login/input_txtusername'

2018-05-11 10:34:35 - [MESSAGE][PASSED] - Text 'bala' is set on object 'Object Repository/MOH AND GRN/Page_CMS login/input_txtusername'

2018-05-11 10:34:35 - [TEST_STEP][PASSED] - setText: Text '123' is set on object 'Object Repository/MOH AND GRN/Page_CMS login/input_txtpassword'

2018-05-11 10:34:35 - [MESSAGE][PASSED] - Text '123' is set on object 'Object Repository/MOH AND GRN/Page_CMS login/input_txtpassword'

2018-05-11 10:34:35 - [TEST_STEP][PASSED] - delay: Delayed 3 second(s)

2018-05-11 10:34:38 - [MESSAGE][PASSED] - Delayed 3 second(s)

2018-05-11 10:34:38 - [TEST_STEP][PASSED] - click: Object: 'Object Repository/MOH AND GRN/Page_CMS login/button_Sign in' is clicked on

2018-05-11 10:34:38 - [MESSAGE][PASSED] - Object: 'Object Repository/MOH AND GRN/Page_CMS login/button_Sign in' is clicked on

2018-05-11 10:34:38 - [TEST_STEP][PASSED] - click: Object: 'Object Repository/MOH AND GRN/Page_KDMC - CMS/a_CMS Details' is clicked on

2018-05-11 10:34:38 - [MESSAGE][PASSED] - Object: 'Object Repository/MOH AND GRN/Page_KDMC - CMS/a_CMS Details' is clicked on

2018-05-11 10:34:38 - [TEST_STEP][PASSED] - delay: Delayed 2 second(s)

2018-05-11 10:34:40 - [MESSAGE][PASSED] - Delayed 2 second(s)

2018-05-11 10:34:40 - [TEST_STEP][PASSED] - click: Object: 'Object Repository/MOH AND GRN/Page_KDMC - CMS/a_Goods Receive' is clicked on

2018-05-11 10:34:41 - [MESSAGE][PASSED] - Object: 'Object Repository/MOH AND GRN/Page_KDMC - CMS/a_Goods Receive' is clicked on

2018-05-11 10:34:41 - [TEST_STEP][PASSED] - delay: Delayed 2 second(s)

2018-05-11 10:34:43 - [MESSAGE][PASSED] - Delayed 2 second(s)

2018-05-11 10:34:43 - [TEST_STEP][PASSED] - selectOptionByLabel: All options with label 'PO0092' are selected in object 'Object Repository/MOH AND GRN/Page_KDMC - CMS/select_--Select--PO0032PO0031P' 

2018-05-11 10:34:43 - [MESSAGE][PASSED] - All options with label 'PO0092' are selected in object 'Object Repository/MOH AND GRN/Page_KDMC - CMS/select_--Select--PO0032PO0031P' 

2018-05-11 10:34:43 - [TEST_STEP][PASSED] - setText: Finding Test Object with id 'Object Repository/MOH AND GRN/Page_KDMC - CMS/input_txtgrnno'

2018-05-11 10:34:43 - [TEST_STEP][PASSED] - Statement - switch (id): Text 'INV508.0' is set on object 'Object Repository/MOH AND GRN/Page_KDMC - CMS/input_txtgrnno'

2018-05-11 10:34:43 - [TEST_STEP][PASSED] - Statement - case 2:: Text 'INV508.0' is set on object 'Object Repository/MOH AND GRN/Page_KDMC - CMS/input_txtgrnno'

2018-05-11 10:34:43 - [TEST_STEP][PASSED] - Statement - return (java.lang.Math.floor((java.lang.Math.random() * ((max - min) + 1))) + min): Text 'INV508.0' is set on object 'Object Repository/MOH AND GRN/Page_KDMC - CMS/input_txtgrnno'

2018-05-11 10:34:43 - [MESSAGE][PASSED] - Text 'INV508.0' is set on object 'Object Repository/MOH AND GRN/Page_KDMC - CMS/input_txtgrnno'

2018-05-11 10:34:43 - [TEST_STEP][PASSED] - selectOptionByIndex: All options with index in [1] are selected on object 'Object Repository/MOH AND GRN/Page_KDMC - CMS/select_--Select--PERUMAL PHARM'

2018-05-11 10:34:43 - [MESSAGE][PASSED] - All options with index in [1] are selected on object 'Object Repository/MOH AND GRN/Page_KDMC - CMS/select_--Select--PERUMAL PHARM'

2018-05-11 10:34:43 - [TEST_STEP][PASSED] - setText: Text '10000' is set on object 'Object Repository/MOH AND GRN/Page_KDMC - CMS/input_txtgrnno_1'

2018-05-11 10:34:43 - [MESSAGE][PASSED] - Text '10000' is set on object 'Object Repository/MOH AND GRN/Page_KDMC - CMS/input_txtgrnno_1'

2018-05-11 10:34:43 - [TEST_STEP][PASSED] - setText: Text '550' is set on object 'Object Repository/MOH AND GRN/Page_KDMC - CMS/input_txtgrnno_2'

2018-05-11 10:34:43 - [MESSAGE][PASSED] - Text '550' is set on object 'Object Repository/MOH AND GRN/Page_KDMC - CMS/input_txtgrnno_2'

2018-05-11 10:34:43 - [TEST_STEP][PASSED] - setText: Finding Test Object with id 'Object Repository/MOH AND GRN/Page_KDMC - CMS/input_txtgrnno_3'

2018-05-11 10:34:44 - [TEST_STEP][PASSED] - Statement - switch (id): Text 'CH698.0' is set on object 'Object Repository/MOH AND GRN/Page_KDMC - CMS/input_txtgrnno_3'

2018-05-11 10:34:44 - [TEST_STEP][PASSED] - Statement - case 3:: Text 'CH698.0' is set on object 'Object Repository/MOH AND GRN/Page_KDMC - CMS/input_txtgrnno_3'

2018-05-11 10:34:44 - [TEST_STEP][PASSED] - Statement - return (java.lang.Math.floor((java.lang.Math.random() * ((max - min) + 1))) + min): Text 'CH698.0' is set on object 'Object Repository/MOH AND GRN/Page_KDMC - CMS/input_txtgrnno_3'

2018-05-11 10:34:44 - [MESSAGE][PASSED] - Text 'CH698.0' is set on object 'Object Repository/MOH AND GRN/Page_KDMC - CMS/input_txtgrnno_3'

2018-05-11 10:34:44 - [TEST_STEP][PASSED] - scrollToPosition: Browser is scrolled to position x = 200, y = 200

2018-05-11 10:34:44 - [MESSAGE][PASSED] - Browser is scrolled to position x = 200, y = 200

2018-05-11 10:34:44 - [TEST_STEP][PASSED] - Statement - GrnLength = com.kms.katalon.core.webui.keyword.WebUiBuiltInKeywords.getNumberOfTotalOption(com.kms.katalon.core.testobject.ObjectRepository.findTestObject(MOH AND GRN/Page_KDMC - CMS/select_--Select--Amikacin -500)): 37 options of object 'Object Repository/MOH AND GRN/Page_KDMC - CMS/select_--Select--Amikacin -500' counted

2018-05-11 10:34:44 - [MESSAGE][PASSED] - 37 options of object 'Object Repository/MOH AND GRN/Page_KDMC - CMS/select_--Select--Amikacin -500' counted

2018-05-11 10:34:44 - [TEST_STEP][PASSED] - Statement - out.println("Length OF The Medicine " + GrnLength): null

2018-05-11 10:34:44 - [TEST_STEP][PASSED] - Statement - s = 1: null

2018-05-11 10:34:44 - [TEST_STEP][PASSED] - Statement - For ([t = 1, t < GrnLength, (t++)]): Finding Test Object with id 'Object Repository/MOH AND GRN/Page_KDMC - CMS/input_txtmrp'

2018-05-11 10:34:44 - [TEST_STEP][PASSED] - selectOptionByIndex: All options with index in [1] are selected on object 'Object Repository/MOH AND GRN/Page_KDMC - CMS/select_--Select--Amikacin -500'

2018-05-11 10:34:44 - [MESSAGE][PASSED] - All options with index in [1] are selected on object 'Object Repository/MOH AND GRN/Page_KDMC - CMS/select_--Select--Amikacin -500'

2018-05-11 10:34:44 - [TEST_STEP][PASSED] - setText: Text '5000' is set on object 'Object Repository/MOH AND GRN/Page_KDMC - CMS/input_txtqty'

2018-05-11 10:34:44 - [MESSAGE][PASSED] - Text '5000' is set on object 'Object Repository/MOH AND GRN/Page_KDMC - CMS/input_txtqty'

2018-05-11 10:34:44 - [TEST_STEP][PASSED] - selectOptionByIndex: All options with index in [1] are selected on object 'Object Repository/MOH AND GRN/Page_KDMC - CMS/select_--Select--No Tax0'

2018-05-11 10:34:44 - [MESSAGE][PASSED] - All options with index in [1] are selected on object 'Object Repository/MOH AND GRN/Page_KDMC - CMS/select_--Select--No Tax0'

2018-05-11 10:34:44 - [TEST_STEP][PASSED] - setText: Finding Test Object with id 'Object Repository/MOH AND GRN/Page_KDMC - CMS/input_txtmrp'

2018-05-11 10:34:44 - [TEST_STEP][PASSED] - Statement - switch (id): Finding Test Object with id 'Object Repository/MOH AND GRN/Page_KDMC - CMS/input_txtdeal'

2018-05-11 10:34:44 - [TEST_STEP][PASSED] - Statement - case 4:: Text '35.0' is set on object 'Object Repository/MOH AND GRN/Page_KDMC - CMS/input_txtmrp'

2018-05-11 10:34:44 - [TEST_STEP][PASSED] - Statement - return (java.lang.Math.floor((java.lang.Math.random() * ((max - min) + 1))) + min): Text '35.0' is set on object 'Object Repository/MOH AND GRN/Page_KDMC - CMS/input_txtmrp'

2018-05-11 10:34:44 - [MESSAGE][PASSED] - Text '35.0' is set on object 'Object Repository/MOH AND GRN/Page_KDMC - CMS/input_txtmrp'

2018-05-11 10:34:44 - [TEST_STEP][PASSED] - setText: Finding Test Object with id 'Object Repository/MOH AND GRN/Page_KDMC - CMS/input_txtdeal'

2018-05-11 10:34:44 - [TEST_STEP][PASSED] - Statement - switch (id): Finding Test Object with id 'Object Repository/MOH AND GRN/Page_KDMC - CMS/input_txtbatchno'

2018-05-11 10:34:44 - [TEST_STEP][PASSED] - Statement - case 5:: Text '2.0' is set on object 'Object Repository/MOH AND GRN/Page_KDMC - CMS/input_txtdeal'

2018-05-11 10:34:44 - [TEST_STEP][PASSED] - Statement - return (java.lang.Math.floor((java.lang.Math.random() * ((max - min) + 1))) + min): Text '2.0' is set on object 'Object Repository/MOH AND GRN/Page_KDMC - CMS/input_txtdeal'

2018-05-11 10:34:44 - [MESSAGE][PASSED] - Text '2.0' is set on object 'Object Repository/MOH AND GRN/Page_KDMC - CMS/input_txtdeal'

2018-05-11 10:34:44 - [TEST_STEP][PASSED] - setText: Finding Test Object with id 'Object Repository/MOH AND GRN/Page_KDMC - CMS/input_txtbatchno'

2018-05-11 10:34:44 - [TEST_STEP][PASSED] - Statement - switch (id): Finding Test Object with id 'Object Repository/MOH AND GRN/Page_KDMC - CMS/input_txtmrp'

2018-05-11 10:34:44 - [TEST_STEP][PASSED] - Statement - case 1:: Text 'BA612.0' is set on object 'Object Repository/MOH AND GRN/Page_KDMC - CMS/input_txtbatchno'

2018-05-11 10:34:44 - [TEST_STEP][PASSED] - Statement - return (java.lang.Math.floor((java.lang.Math.random() * ((max - min) + 1))) + min): Text 'BA612.0' is set on object 'Object Repository/MOH AND GRN/Page_KDMC - CMS/input_txtbatchno'

2018-05-11 10:34:45 - [MESSAGE][PASSED] - Text 'BA612.0' is set on object 'Object Repository/MOH AND GRN/Page_KDMC - CMS/input_txtbatchno'

2018-05-11 10:34:45 - [TEST_STEP][PASSED] - rightClick: Object: 'Object Repository/GRN/Page_KDMC - CMS/input_txtexpdate' is right clicked on

2018-05-11 10:34:45 - [MESSAGE][PASSED] - Object: 'Object Repository/GRN/Page_KDMC - CMS/input_txtexpdate' is right clicked on

2018-05-11 10:34:45 - [TEST_STEP][PASSED] - selectOptionByIndex: All options with index in [1] are selected on object 'Object Repository/GRN/Page_KDMC - CMS/select_20182019202020212022202'

2018-05-11 10:34:45 - [MESSAGE][PASSED] - All options with index in [1] are selected on object 'Object Repository/GRN/Page_KDMC - CMS/select_20182019202020212022202'

2018-05-11 10:34:45 - [TEST_STEP][PASSED] - selectOptionByIndex: All options with index in [1] are selected on object 'Object Repository/GRN/Page_KDMC - CMS/select_JanFebMarAprMayJunJulAu'

2018-05-11 10:34:45 - [MESSAGE][PASSED] - All options with index in [1] are selected on object 'Object Repository/GRN/Page_KDMC - CMS/select_JanFebMarAprMayJunJulAu'

2018-05-11 10:34:45 - [TEST_STEP][PASSED] - click: Object: 'Object Repository/MOH AND GRN/Page_KDMC - CMS/a_12' is clicked on

2018-05-11 10:34:45 - [MESSAGE][PASSED] - Object: 'Object Repository/MOH AND GRN/Page_KDMC - CMS/a_12' is clicked on

2018-05-11 10:34:45 - [TEST_STEP][PASSED] - click: Object: 'Object Repository/MOH AND GRN/Page_KDMC - CMS/input_btnadd' is clicked on

2018-05-11 10:34:45 - [MESSAGE][PASSED] - Object: 'Object Repository/MOH AND GRN/Page_KDMC - CMS/input_btnadd' is clicked on

2018-05-11 10:34:45 - [TEST_STEP][PASSED] - Statement - If (s == 10): null

2018-05-11 10:34:45 - [TEST_STEP][PASSED] - Statement - Else: null

2018-05-11 10:34:45 - [TEST_STEP][PASSED] - Statement - (s++): null

2018-05-11 10:34:45 - [TEST_STEP][PASSED] - delay: Delayed 1 second(s)

2018-05-11 10:34:46 - [MESSAGE][PASSED] - Delayed 1 second(s)

2018-05-11 10:34:46 - [TEST_STEP][PASSED] - selectOptionByIndex: All options with index in [2] are selected on object 'Object Repository/MOH AND GRN/Page_KDMC - CMS/select_--Select--Amikacin -500'

2018-05-11 10:34:46 - [MESSAGE][PASSED] - All options with index in [2] are selected on object 'Object Repository/MOH AND GRN/Page_KDMC - CMS/select_--Select--Amikacin -500'

2018-05-11 10:34:46 - [TEST_STEP][PASSED] - setText: Text '5000' is set on object 'Object Repository/MOH AND GRN/Page_KDMC - CMS/input_txtqty'

2018-05-11 10:34:46 - [MESSAGE][PASSED] - Text '5000' is set on object 'Object Repository/MOH AND GRN/Page_KDMC - CMS/input_txtqty'

2018-05-11 10:34:46 - [TEST_STEP][PASSED] - selectOptionByIndex: All options with index in [1] are selected on object 'Object Repository/MOH AND GRN/Page_KDMC - CMS/select_--Select--No Tax0'

2018-05-11 10:34:47 - [MESSAGE][PASSED] - All options with index in [1] are selected on object 'Object Repository/MOH AND GRN/Page_KDMC - CMS/select_--Select--No Tax0'

2018-05-11 10:34:47 - [TEST_STEP][PASSED] - setText: Finding Test Object with id 'Object Repository/MOH AND GRN/Page_KDMC - CMS/input_txtmrp'

2018-05-11 10:34:47 - [TEST_STEP][PASSED] - Statement - switch (id): Finding Test Object with id 'Object Repository/MOH AND GRN/Page_KDMC - CMS/input_txtdeal'

2018-05-11 10:34:47 - [TEST_STEP][PASSED] - Statement - case 4:: Text '31.0' is set on object 'Object Repository/MOH AND GRN/Page_KDMC - CMS/input_txtmrp'

2018-05-11 10:34:47 - [TEST_STEP][PASSED] - Statement - return (java.lang.Math.floor((java.lang.Math.random() * ((max - min) + 1))) + min): Text '31.0' is set on object 'Object Repository/MOH AND GRN/Page_KDMC - CMS/input_txtmrp'

2018-05-11 10:34:47 - [MESSAGE][PASSED] - Text '31.0' is set on object 'Object Repository/MOH AND GRN/Page_KDMC - CMS/input_txtmrp'

2018-05-11 10:34:47 - [TEST_STEP][PASSED] - setText: Finding Test Object with id 'Object Repository/MOH AND GRN/Page_KDMC - CMS/input_txtdeal'

2018-05-11 10:34:47 - [TEST_STEP][PASSED] - Statement - switch (id): Finding Test Object with id 'Object Repository/MOH AND GRN/Page_KDMC - CMS/input_txtbatchno'

2018-05-11 10:34:47 - [TEST_STEP][PASSED] - Statement - case 5:: Text '6.0' is set on object 'Object Repository/MOH AND GRN/Page_KDMC - CMS/input_txtdeal'

2018-05-11 10:34:47 - [TEST_STEP][PASSED] - Statement - return (java.lang.Math.floor((java.lang.Math.random() * ((max - min) + 1))) + min): Text '6.0' is set on object 'Object Repository/MOH AND GRN/Page_KDMC - CMS/input_txtdeal'

2018-05-11 10:34:47 - [MESSAGE][PASSED] - Text '6.0' is set on object 'Object Repository/MOH AND GRN/Page_KDMC - CMS/input_txtdeal'

2018-05-11 10:34:47 - [TEST_STEP][PASSED] - setText: Finding Test Object with id 'Object Repository/MOH AND GRN/Page_KDMC - CMS/input_txtbatchno'

2018-05-11 10:34:47 - [TEST_STEP][PASSED] - Statement - switch (id): Finding Test Object with id 'Object Repository/MOH AND GRN/Page_KDMC - CMS/input_txtmrp'

2018-05-11 10:34:47 - [TEST_STEP][PASSED] - Statement - case 1:: Text 'BA888.0' is set on object 'Object Repository/MOH AND GRN/Page_KDMC - CMS/input_txtbatchno'

2018-05-11 10:34:47 - [TEST_STEP][PASSED] - Statement - return (java.lang.Math.floor((java.lang.Math.random() * ((max - min) + 1))) + min): Text 'BA888.0' is set on object 'Object Repository/MOH AND GRN/Page_KDMC - CMS/input_txtbatchno'

2018-05-11 10:34:47 - [MESSAGE][PASSED] - Text 'BA888.0' is set on object 'Object Repository/MOH AND GRN/Page_KDMC - CMS/input_txtbatchno'

2018-05-11 10:34:47 - [TEST_STEP][PASSED] - rightClick: Object: 'Object Repository/GRN/Page_KDMC - CMS/input_txtexpdate' is right clicked on

2018-05-11 10:34:47 - [MESSAGE][PASSED] - Object: 'Object Repository/GRN/Page_KDMC - CMS/input_txtexpdate' is right clicked on

2018-05-11 10:34:47 - [TEST_STEP][PASSED] - selectOptionByIndex: All options with index in [2] are selected on object 'Object Repository/GRN/Page_KDMC - CMS/select_20182019202020212022202'

2018-05-11 10:34:47 - [MESSAGE][PASSED] - All options with index in [2] are selected on object 'Object Repository/GRN/Page_KDMC - CMS/select_20182019202020212022202'

2018-05-11 10:34:47 - [TEST_STEP][PASSED] - selectOptionByIndex: All options with index in [2] are selected on object 'Object Repository/GRN/Page_KDMC - CMS/select_JanFebMarAprMayJunJulAu'

2018-05-11 10:34:47 - [MESSAGE][PASSED] - All options with index in [2] are selected on object 'Object Repository/GRN/Page_KDMC - CMS/select_JanFebMarAprMayJunJulAu'

2018-05-11 10:34:47 - [TEST_STEP][PASSED] - click: Object: 'Object Repository/MOH AND GRN/Page_KDMC - CMS/a_12' is clicked on

2018-05-11 10:34:47 - [MESSAGE][PASSED] - Object: 'Object Repository/MOH AND GRN/Page_KDMC - CMS/a_12' is clicked on

2018-05-11 10:34:47 - [TEST_STEP][PASSED] - click: Object: 'Object Repository/MOH AND GRN/Page_KDMC - CMS/input_btnadd' is clicked on

2018-05-11 10:34:47 - [MESSAGE][PASSED] - Object: 'Object Repository/MOH AND GRN/Page_KDMC - CMS/input_btnadd' is clicked on

2018-05-11 10:34:47 - [TEST_STEP][PASSED] - Statement - If (s == 10): null

2018-05-11 10:34:47 - [TEST_STEP][PASSED] - Statement - Else: null

2018-05-11 10:34:47 - [TEST_STEP][PASSED] - Statement - (s++): null

2018-05-11 10:34:47 - [TEST_STEP][PASSED] - delay: Delayed 1 second(s)

2018-05-11 10:34:48 - [MESSAGE][PASSED] - Delayed 1 second(s)

2018-05-11 10:34:48 - [TEST_STEP][PASSED] - selectOptionByIndex: All options with index in [3] are selected on object 'Object Repository/MOH AND GRN/Page_KDMC - CMS/select_--Select--Amikacin -500'

2018-05-11 10:34:49 - [MESSAGE][PASSED] - All options with index in [3] are selected on object 'Object Repository/MOH AND GRN/Page_KDMC - CMS/select_--Select--Amikacin -500'

2018-05-11 10:34:49 - [TEST_STEP][PASSED] - setText: Text '5000' is set on object 'Object Repository/MOH AND GRN/Page_KDMC - CMS/input_txtqty'

2018-05-11 10:34:49 - [MESSAGE][PASSED] - Text '5000' is set on object 'Object Repository/MOH AND GRN/Page_KDMC - CMS/input_txtqty'

2018-05-11 10:34:49 - [TEST_STEP][PASSED] - selectOptionByIndex: All options with index in [1] are selected on object 'Object Repository/MOH AND GRN/Page_KDMC - CMS/select_--Select--No Tax0'

2018-05-11 10:34:49 - [MESSAGE][PASSED] - All options with index in [1] are selected on object 'Object Repository/MOH AND GRN/Page_KDMC - CMS/select_--Select--No Tax0'

2018-05-11 10:34:49 - [TEST_STEP][PASSED] - setText: Finding Test Object with id 'Object Repository/MOH AND GRN/Page_KDMC - CMS/input_txtmrp'

2018-05-11 10:34:49 - [TEST_STEP][PASSED] - Statement - switch (id): Finding Test Object with id 'Object Repository/MOH AND GRN/Page_KDMC - CMS/input_txtdeal'

2018-05-11 10:34:49 - [TEST_STEP][PASSED] - Statement - case 4:: Text '43.0' is set on object 'Object Repository/MOH AND GRN/Page_KDMC - CMS/input_txtmrp'

2018-05-11 10:34:49 - [TEST_STEP][PASSED] - Statement - return (java.lang.Math.floor((java.lang.Math.random() * ((max - min) + 1))) + min): Text '43.0' is set on object 'Object Repository/MOH AND GRN/Page_KDMC - CMS/input_txtmrp'

2018-05-11 10:34:49 - [MESSAGE][PASSED] - Text '43.0' is set on object 'Object Repository/MOH AND GRN/Page_KDMC - CMS/input_txtmrp'

2018-05-11 10:34:49 - [TEST_STEP][PASSED] - setText: Finding Test Object with id 'Object Repository/MOH AND GRN/Page_KDMC - CMS/input_txtdeal'

2018-05-11 10:34:49 - [TEST_STEP][PASSED] - Statement - switch (id): Finding Test Object with id 'Object Repository/MOH AND GRN/Page_KDMC - CMS/input_txtbatchno'

2018-05-11 10:34:49 - [TEST_STEP][PASSED] - Statement - case 5:: Text '3.0' is set on object 'Object Repository/MOH AND GRN/Page_KDMC - CMS/input_txtdeal'

2018-05-11 10:34:49 - [TEST_STEP][PASSED] - Statement - return (java.lang.Math.floor((java.lang.Math.random() * ((max - min) + 1))) + min): Text '3.0' is set on object 'Object Repository/MOH AND GRN/Page_KDMC - CMS/input_txtdeal'

2018-05-11 10:34:49 - [MESSAGE][PASSED] - Text '3.0' is set on object 'Object Repository/MOH AND GRN/Page_KDMC - CMS/input_txtdeal'

2018-05-11 10:34:49 - [TEST_STEP][PASSED] - setText: Finding Test Object with id 'Object Repository/MOH AND GRN/Page_KDMC - CMS/input_txtbatchno'

2018-05-11 10:34:49 - [TEST_STEP][PASSED] - Statement - switch (id): Finding Test Object with id 'Object Repository/MOH AND GRN/Page_KDMC - CMS/input_txtmrp'

2018-05-11 10:34:49 - [TEST_STEP][PASSED] - Statement - case 1:: Text 'BA61.0' is set on object 'Object Repository/MOH AND GRN/Page_KDMC - CMS/input_txtbatchno'

2018-05-11 10:34:49 - [TEST_STEP][PASSED] - Statement - return (java.lang.Math.floor((java.lang.Math.random() * ((max - min) + 1))) + min): Text 'BA61.0' is set on object 'Object Repository/MOH AND GRN/Page_KDMC - CMS/input_txtbatchno'

2018-05-11 10:34:49 - [MESSAGE][PASSED] - Text 'BA61.0' is set on object 'Object Repository/MOH AND GRN/Page_KDMC - CMS/input_txtbatchno'

2018-05-11 10:34:49 - [TEST_STEP][PASSED] - rightClick: Object: 'Object Repository/GRN/Page_KDMC - CMS/input_txtexpdate' is right clicked on

2018-05-11 10:34:49 - [MESSAGE][PASSED] - Object: 'Object Repository/GRN/Page_KDMC - CMS/input_txtexpdate' is right clicked on

2018-05-11 10:34:49 - [TEST_STEP][PASSED] - selectOptionByIndex: All options with index in [3] are selected on object 'Object Repository/GRN/Page_KDMC - CMS/select_20182019202020212022202'

2018-05-11 10:34:49 - [MESSAGE][PASSED] - All options with index in [3] are selected on object 'Object Repository/GRN/Page_KDMC - CMS/select_20182019202020212022202'

2018-05-11 10:34:49 - [TEST_STEP][PASSED] - selectOptionByIndex: All options with index in [3] are selected on object 'Object Repository/GRN/Page_KDMC - CMS/select_JanFebMarAprMayJunJulAu'

2018-05-11 10:34:50 - [MESSAGE][PASSED] - All options with index in [3] are selected on object 'Object Repository/GRN/Page_KDMC - CMS/select_JanFebMarAprMayJunJulAu'

2018-05-11 10:34:50 - [TEST_STEP][PASSED] - click: Object: 'Object Repository/MOH AND GRN/Page_KDMC - CMS/a_12' is clicked on

2018-05-11 10:34:50 - [MESSAGE][PASSED] - Object: 'Object Repository/MOH AND GRN/Page_KDMC - CMS/a_12' is clicked on

2018-05-11 10:34:50 - [TEST_STEP][PASSED] - click: Object: 'Object Repository/MOH AND GRN/Page_KDMC - CMS/input_btnadd' is clicked on

2018-05-11 10:34:50 - [MESSAGE][PASSED] - Object: 'Object Repository/MOH AND GRN/Page_KDMC - CMS/input_btnadd' is clicked on

2018-05-11 10:34:50 - [TEST_STEP][PASSED] - Statement - If (s == 10): null

2018-05-11 10:34:50 - [TEST_STEP][PASSED] - Statement - Else: null

2018-05-11 10:34:50 - [TEST_STEP][PASSED] - Statement - (s++): null

2018-05-11 10:34:50 - [TEST_STEP][PASSED] - delay: Delayed 1 second(s)

2018-05-11 10:34:51 - [MESSAGE][PASSED] - Delayed 1 second(s)

2018-05-11 10:34:51 - [TEST_STEP][PASSED] - selectOptionByIndex: All options with index in [4] are selected on object 'Object Repository/MOH AND GRN/Page_KDMC - CMS/select_--Select--Amikacin -500'

2018-05-11 10:34:51 - [MESSAGE][PASSED] - All options with index in [4] are selected on object 'Object Repository/MOH AND GRN/Page_KDMC - CMS/select_--Select--Amikacin -500'

2018-05-11 10:34:51 - [TEST_STEP][PASSED] - setText: Text '5000' is set on object 'Object Repository/MOH AND GRN/Page_KDMC - CMS/input_txtqty'

2018-05-11 10:34:51 - [MESSAGE][PASSED] - Text '5000' is set on object 'Object Repository/MOH AND GRN/Page_KDMC - CMS/input_txtqty'

2018-05-11 10:34:51 - [TEST_STEP][PASSED] - selectOptionByIndex: All options with index in [1] are selected on object 'Object Repository/MOH AND GRN/Page_KDMC - CMS/select_--Select--No Tax0'

2018-05-11 10:34:51 - [MESSAGE][PASSED] - All options with index in [1] are selected on object 'Object Repository/MOH AND GRN/Page_KDMC - CMS/select_--Select--No Tax0'

2018-05-11 10:34:51 - [TEST_STEP][PASSED] - setText: Finding Test Object with id 'Object Repository/MOH AND GRN/Page_KDMC - CMS/input_txtmrp'

2018-05-11 10:34:51 - [TEST_STEP][PASSED] - Statement - switch (id): Finding Test Object with id 'Object Repository/MOH AND GRN/Page_KDMC - CMS/input_txtdeal'

2018-05-11 10:34:51 - [TEST_STEP][PASSED] - Statement - case 4:: Text '20.0' is set on object 'Object Repository/MOH AND GRN/Page_KDMC - CMS/input_txtmrp'

2018-05-11 10:34:51 - [TEST_STEP][PASSED] - Statement - return (java.lang.Math.floor((java.lang.Math.random() * ((max - min) + 1))) + min): Text '20.0' is set on object 'Object Repository/MOH AND GRN/Page_KDMC - CMS/input_txtmrp'

2018-05-11 10:34:51 - [MESSAGE][PASSED] - Text '20.0' is set on object 'Object Repository/MOH AND GRN/Page_KDMC - CMS/input_txtmrp'

2018-05-11 10:34:51 - [TEST_STEP][PASSED] - setText: Finding Test Object with id 'Object Repository/MOH AND GRN/Page_KDMC - CMS/input_txtdeal'

2018-05-11 10:34:51 - [TEST_STEP][PASSED] - Statement - switch (id): Finding Test Object with id 'Object Repository/MOH AND GRN/Page_KDMC - CMS/input_txtbatchno'

2018-05-11 10:34:51 - [TEST_STEP][PASSED] - Statement - case 5:: Text '10.0' is set on object 'Object Repository/MOH AND GRN/Page_KDMC - CMS/input_txtdeal'

2018-05-11 10:34:51 - [TEST_STEP][PASSED] - Statement - return (java.lang.Math.floor((java.lang.Math.random() * ((max - min) + 1))) + min): Text '10.0' is set on object 'Object Repository/MOH AND GRN/Page_KDMC - CMS/input_txtdeal'

2018-05-11 10:34:51 - [MESSAGE][PASSED] - Text '10.0' is set on object 'Object Repository/MOH AND GRN/Page_KDMC - CMS/input_txtdeal'

2018-05-11 10:34:51 - [TEST_STEP][PASSED] - setText: Finding Test Object with id 'Object Repository/MOH AND GRN/Page_KDMC - CMS/input_txtbatchno'

2018-05-11 10:34:51 - [TEST_STEP][PASSED] - Statement - switch (id): Finding Test Object with id 'Object Repository/MOH AND GRN/Page_KDMC - CMS/input_txtmrp'

2018-05-11 10:34:51 - [TEST_STEP][PASSED] - Statement - case 1:: Text 'BA857.0' is set on object 'Object Repository/MOH AND GRN/Page_KDMC - CMS/input_txtbatchno'

2018-05-11 10:34:51 - [TEST_STEP][PASSED] - Statement - return (java.lang.Math.floor((java.lang.Math.random() * ((max - min) + 1))) + min): Text 'BA857.0' is set on object 'Object Repository/MOH AND GRN/Page_KDMC - CMS/input_txtbatchno'

2018-05-11 10:34:51 - [MESSAGE][PASSED] - Text 'BA857.0' is set on object 'Object Repository/MOH AND GRN/Page_KDMC - CMS/input_txtbatchno'

2018-05-11 10:34:51 - [TEST_STEP][PASSED] - rightClick: Object: 'Object Repository/GRN/Page_KDMC - CMS/input_txtexpdate' is right clicked on

2018-05-11 10:34:51 - [MESSAGE][PASSED] - Object: 'Object Repository/GRN/Page_KDMC - CMS/input_txtexpdate' is right clicked on

2018-05-11 10:34:51 - [TEST_STEP][PASSED] - selectOptionByIndex: All options with index in [4] are selected on object 'Object Repository/GRN/Page_KDMC - CMS/select_20182019202020212022202'

2018-05-11 10:34:52 - [MESSAGE][PASSED] - All options with index in [4] are selected on object 'Object Repository/GRN/Page_KDMC - CMS/select_20182019202020212022202'

2018-05-11 10:34:52 - [TEST_STEP][PASSED] - selectOptionByIndex: All options with index in [4] are selected on object 'Object Repository/GRN/Page_KDMC - CMS/select_JanFebMarAprMayJunJulAu'

2018-05-11 10:34:52 - [MESSAGE][PASSED] - All options with index in [4] are selected on object 'Object Repository/GRN/Page_KDMC - CMS/select_JanFebMarAprMayJunJulAu'

2018-05-11 10:34:52 - [TEST_STEP][PASSED] - click: Object: 'Object Repository/MOH AND GRN/Page_KDMC - CMS/a_12' is clicked on

2018-05-11 10:34:52 - [MESSAGE][PASSED] - Object: 'Object Repository/MOH AND GRN/Page_KDMC - CMS/a_12' is clicked on

2018-05-11 10:34:52 - [TEST_STEP][PASSED] - click: Object: 'Object Repository/MOH AND GRN/Page_KDMC - CMS/input_btnadd' is clicked on

2018-05-11 10:34:52 - [MESSAGE][PASSED] - Object: 'Object Repository/MOH AND GRN/Page_KDMC - CMS/input_btnadd' is clicked on

2018-05-11 10:34:52 - [TEST_STEP][PASSED] - Statement - If (s == 10): null

2018-05-11 10:34:52 - [TEST_STEP][PASSED] - Statement - Else: null

2018-05-11 10:34:52 - [TEST_STEP][PASSED] - Statement - (s++): null

2018-05-11 10:34:52 - [TEST_STEP][PASSED] - delay: Delayed 1 second(s)

2018-05-11 10:34:53 - [MESSAGE][PASSED] - Delayed 1 second(s)

2018-05-11 10:34:53 - [TEST_STEP][PASSED] - selectOptionByIndex: All options with index in [5] are selected on object 'Object Repository/MOH AND GRN/Page_KDMC - CMS/select_--Select--Amikacin -500'

2018-05-11 10:34:53 - [MESSAGE][PASSED] - All options with index in [5] are selected on object 'Object Repository/MOH AND GRN/Page_KDMC - CMS/select_--Select--Amikacin -500'

2018-05-11 10:34:53 - [TEST_STEP][PASSED] - setText: Text '5000' is set on object 'Object Repository/MOH AND GRN/Page_KDMC - CMS/input_txtqty'

2018-05-11 10:34:53 - [MESSAGE][PASSED] - Text '5000' is set on object 'Object Repository/MOH AND GRN/Page_KDMC - CMS/input_txtqty'

2018-05-11 10:34:53 - [TEST_STEP][PASSED] - selectOptionByIndex: All options with index in [1] are selected on object 'Object Repository/MOH AND GRN/Page_KDMC - CMS/select_--Select--No Tax0'

2018-05-11 10:34:53 - [MESSAGE][PASSED] - All options with index in [1] are selected on object 'Object Repository/MOH AND GRN/Page_KDMC - CMS/select_--Select--No Tax0'

2018-05-11 10:34:53 - [TEST_STEP][PASSED] - setText: Finding Test Object with id 'Object Repository/MOH AND GRN/Page_KDMC - CMS/input_txtmrp'

2018-05-11 10:34:53 - [TEST_STEP][PASSED] - Statement - switch (id): Finding Test Object with id 'Object Repository/MOH AND GRN/Page_KDMC - CMS/input_txtdeal'

2018-05-11 10:34:53 - [TEST_STEP][PASSED] - Statement - case 4:: Text '35.0' is set on object 'Object Repository/MOH AND GRN/Page_KDMC - CMS/input_txtmrp'

2018-05-11 10:34:53 - [TEST_STEP][PASSED] - Statement - return (java.lang.Math.floor((java.lang.Math.random() * ((max - min) + 1))) + min): Text '35.0' is set on object 'Object Repository/MOH AND GRN/Page_KDMC - CMS/input_txtmrp'

2018-05-11 10:34:53 - [MESSAGE][PASSED] - Text '35.0' is set on object 'Object Repository/MOH AND GRN/Page_KDMC - CMS/input_txtmrp'

2018-05-11 10:34:53 - [TEST_STEP][PASSED] - setText: Finding Test Object with id 'Object Repository/MOH AND GRN/Page_KDMC - CMS/input_txtdeal'

2018-05-11 10:34:53 - [TEST_STEP][PASSED] - Statement - switch (id): Finding Test Object with id 'Object Repository/MOH AND GRN/Page_KDMC - CMS/input_txtbatchno'

2018-05-11 10:34:53 - [TEST_STEP][PASSED] - Statement - case 5:: Text '10.0' is set on object 'Object Repository/MOH AND GRN/Page_KDMC - CMS/input_txtdeal'

2018-05-11 10:34:53 - [TEST_STEP][PASSED] - Statement - return (java.lang.Math.floor((java.lang.Math.random() * ((max - min) + 1))) + min): Text '10.0' is set on object 'Object Repository/MOH AND GRN/Page_KDMC - CMS/input_txtdeal'

2018-05-11 10:34:54 - [MESSAGE][PASSED] - Text '10.0' is set on object 'Object Repository/MOH AND GRN/Page_KDMC - CMS/input_txtdeal'

2018-05-11 10:34:54 - [TEST_STEP][PASSED] - setText: Finding Test Object with id 'Object Repository/MOH AND GRN/Page_KDMC - CMS/input_txtbatchno'

2018-05-11 10:34:54 - [TEST_STEP][PASSED] - Statement - switch (id): Finding Test Object with id 'Object Repository/MOH AND GRN/Page_KDMC - CMS/input_txtmrp'

2018-05-11 10:34:54 - [TEST_STEP][PASSED] - Statement - case 1:: Text 'BA861.0' is set on object 'Object Repository/MOH AND GRN/Page_KDMC - CMS/input_txtbatchno'

2018-05-11 10:34:54 - [TEST_STEP][PASSED] - Statement - return (java.lang.Math.floor((java.lang.Math.random() * ((max - min) + 1))) + min): Text 'BA861.0' is set on object 'Object Repository/MOH AND GRN/Page_KDMC - CMS/input_txtbatchno'

2018-05-11 10:34:54 - [MESSAGE][PASSED] - Text 'BA861.0' is set on object 'Object Repository/MOH AND GRN/Page_KDMC - CMS/input_txtbatchno'

2018-05-11 10:34:54 - [TEST_STEP][PASSED] - rightClick: Object: 'Object Repository/GRN/Page_KDMC - CMS/input_txtexpdate' is right clicked on

2018-05-11 10:34:54 - [MESSAGE][PASSED] - Object: 'Object Repository/GRN/Page_KDMC - CMS/input_txtexpdate' is right clicked on

2018-05-11 10:34:54 - [TEST_STEP][PASSED] - selectOptionByIndex: All options with index in [5] are selected on object 'Object Repository/GRN/Page_KDMC - CMS/select_20182019202020212022202'

2018-05-11 10:34:54 - [MESSAGE][PASSED] - All options with index in [5] are selected on object 'Object Repository/GRN/Page_KDMC - CMS/select_20182019202020212022202'

2018-05-11 10:34:54 - [TEST_STEP][PASSED] - selectOptionByIndex: All options with index in [5] are selected on object 'Object Repository/GRN/Page_KDMC - CMS/select_JanFebMarAprMayJunJulAu'

2018-05-11 10:34:54 - [MESSAGE][PASSED] - All options with index in [5] are selected on object 'Object Repository/GRN/Page_KDMC - CMS/select_JanFebMarAprMayJunJulAu'

2018-05-11 10:34:54 - [TEST_STEP][PASSED] - click: Object: 'Object Repository/MOH AND GRN/Page_KDMC - CMS/a_12' is clicked on

2018-05-11 10:34:54 - [MESSAGE][PASSED] - Object: 'Object Repository/MOH AND GRN/Page_KDMC - CMS/a_12' is clicked on

2018-05-11 10:34:54 - [TEST_STEP][PASSED] - click: Object: 'Object Repository/MOH AND GRN/Page_KDMC - CMS/input_btnadd' is clicked on

2018-05-11 10:34:54 - [MESSAGE][PASSED] - Object: 'Object Repository/MOH AND GRN/Page_KDMC - CMS/input_btnadd' is clicked on

2018-05-11 10:34:54 - [TEST_STEP][PASSED] - Statement - If (s == 10): null

2018-05-11 10:34:54 - [TEST_STEP][PASSED] - Statement - Else: null

2018-05-11 10:34:54 - [TEST_STEP][PASSED] - Statement - (s++): null

2018-05-11 10:34:54 - [TEST_STEP][PASSED] - delay: Delayed 1 second(s)

2018-05-11 10:34:55 - [MESSAGE][PASSED] - Delayed 1 second(s)

2018-05-11 10:34:55 - [TEST_STEP][PASSED] - selectOptionByIndex: All options with index in [6] are selected on object 'Object Repository/MOH AND GRN/Page_KDMC - CMS/select_--Select--Amikacin -500'

2018-05-11 10:34:56 - [MESSAGE][PASSED] - All options with index in [6] are selected on object 'Object Repository/MOH AND GRN/Page_KDMC - CMS/select_--Select--Amikacin -500'

2018-05-11 10:34:56 - [TEST_STEP][PASSED] - setText: Text '5000' is set on object 'Object Repository/MOH AND GRN/Page_KDMC - CMS/input_txtqty'

2018-05-11 10:34:56 - [MESSAGE][PASSED] - Text '5000' is set on object 'Object Repository/MOH AND GRN/Page_KDMC - CMS/input_txtqty'

2018-05-11 10:34:56 - [TEST_STEP][PASSED] - selectOptionByIndex: All options with index in [1] are selected on object 'Object Repository/MOH AND GRN/Page_KDMC - CMS/select_--Select--No Tax0'

2018-05-11 10:34:56 - [MESSAGE][PASSED] - All options with index in [1] are selected on object 'Object Repository/MOH AND GRN/Page_KDMC - CMS/select_--Select--No Tax0'

2018-05-11 10:34:56 - [TEST_STEP][PASSED] - setText: Finding Test Object with id 'Object Repository/MOH AND GRN/Page_KDMC - CMS/input_txtmrp'

2018-05-11 10:34:56 - [TEST_STEP][PASSED] - Statement - switch (id): Finding Test Object with id 'Object Repository/MOH AND GRN/Page_KDMC - CMS/input_txtdeal'

2018-05-11 10:34:56 - [TEST_STEP][PASSED] - Statement - case 4:: Text '23.0' is set on object 'Object Repository/MOH AND GRN/Page_KDMC - CMS/input_txtmrp'

2018-05-11 10:34:56 - [TEST_STEP][PASSED] - Statement - return (java.lang.Math.floor((java.lang.Math.random() * ((max - min) + 1))) + min): Text '23.0' is set on object 'Object Repository/MOH AND GRN/Page_KDMC - CMS/input_txtmrp'

2018-05-11 10:34:56 - [MESSAGE][PASSED] - Text '23.0' is set on object 'Object Repository/MOH AND GRN/Page_KDMC - CMS/input_txtmrp'

2018-05-11 10:34:56 - [TEST_STEP][PASSED] - setText: Finding Test Object with id 'Object Repository/MOH AND GRN/Page_KDMC - CMS/input_txtdeal'

2018-05-11 10:34:56 - [TEST_STEP][PASSED] - Statement - switch (id): Finding Test Object with id 'Object Repository/MOH AND GRN/Page_KDMC - CMS/input_txtbatchno'

2018-05-11 10:34:56 - [TEST_STEP][PASSED] - Statement - case 5:: Text '8.0' is set on object 'Object Repository/MOH AND GRN/Page_KDMC - CMS/input_txtdeal'

2018-05-11 10:34:56 - [TEST_STEP][PASSED] - Statement - return (java.lang.Math.floor((java.lang.Math.random() * ((max - min) + 1))) + min): Text '8.0' is set on object 'Object Repository/MOH AND GRN/Page_KDMC - CMS/input_txtdeal'

2018-05-11 10:34:56 - [MESSAGE][PASSED] - Text '8.0' is set on object 'Object Repository/MOH AND GRN/Page_KDMC - CMS/input_txtdeal'

2018-05-11 10:34:56 - [TEST_STEP][PASSED] - setText: Finding Test Object with id 'Object Repository/MOH AND GRN/Page_KDMC - CMS/input_txtbatchno'

2018-05-11 10:34:56 - [TEST_STEP][PASSED] - Statement - switch (id): Finding Test Object with id 'Object Repository/MOH AND GRN/Page_KDMC - CMS/input_txtmrp'

2018-05-11 10:34:56 - [TEST_STEP][PASSED] - Statement - case 1:: Text 'BA237.0' is set on object 'Object Repository/MOH AND GRN/Page_KDMC - CMS/input_txtbatchno'

2018-05-11 10:34:56 - [TEST_STEP][PASSED] - Statement - return (java.lang.Math.floor((java.lang.Math.random() * ((max - min) + 1))) + min): Text 'BA237.0' is set on object 'Object Repository/MOH AND GRN/Page_KDMC - CMS/input_txtbatchno'

2018-05-11 10:34:56 - [MESSAGE][PASSED] - Text 'BA237.0' is set on object 'Object Repository/MOH AND GRN/Page_KDMC - CMS/input_txtbatchno'

2018-05-11 10:34:56 - [TEST_STEP][PASSED] - rightClick: Object: 'Object Repository/GRN/Page_KDMC - CMS/input_txtexpdate' is right clicked on

2018-05-11 10:34:56 - [MESSAGE][PASSED] - Object: 'Object Repository/GRN/Page_KDMC - CMS/input_txtexpdate' is right clicked on

2018-05-11 10:34:56 - [TEST_STEP][PASSED] - selectOptionByIndex: All options with index in [6] are selected on object 'Object Repository/GRN/Page_KDMC - CMS/select_20182019202020212022202'

2018-05-11 10:34:56 - [MESSAGE][PASSED] - All options with index in [6] are selected on object 'Object Repository/GRN/Page_KDMC - CMS/select_20182019202020212022202'

2018-05-11 10:34:56 - [TEST_STEP][PASSED] - selectOptionByIndex: All options with index in [6] are selected on object 'Object Repository/GRN/Page_KDMC - CMS/select_JanFebMarAprMayJunJulAu'

2018-05-11 10:34:57 - [MESSAGE][PASSED] - All options with index in [6] are selected on object 'Object Repository/GRN/Page_KDMC - CMS/select_JanFebMarAprMayJunJulAu'

2018-05-11 10:34:57 - [TEST_STEP][PASSED] - click: Object: 'Object Repository/MOH AND GRN/Page_KDMC - CMS/a_12' is clicked on

2018-05-11 10:34:57 - [MESSAGE][PASSED] - Object: 'Object Repository/MOH AND GRN/Page_KDMC - CMS/a_12' is clicked on

2018-05-11 10:34:57 - [TEST_STEP][PASSED] - click: Object: 'Object Repository/MOH AND GRN/Page_KDMC - CMS/input_btnadd' is clicked on

2018-05-11 10:34:57 - [MESSAGE][PASSED] - Object: 'Object Repository/MOH AND GRN/Page_KDMC - CMS/input_btnadd' is clicked on

2018-05-11 10:34:57 - [TEST_STEP][PASSED] - Statement - If (s == 10): null

2018-05-11 10:34:57 - [TEST_STEP][PASSED] - Statement - Else: null

2018-05-11 10:34:57 - [TEST_STEP][PASSED] - Statement - (s++): null

2018-05-11 10:34:57 - [TEST_STEP][PASSED] - delay: Delayed 1 second(s)

2018-05-11 10:34:58 - [MESSAGE][PASSED] - Delayed 1 second(s)

2018-05-11 10:34:58 - [TEST_STEP][PASSED] - selectOptionByIndex: All options with index in [7] are selected on object 'Object Repository/MOH AND GRN/Page_KDMC - CMS/select_--Select--Amikacin -500'

2018-05-11 10:34:58 - [MESSAGE][PASSED] - All options with index in [7] are selected on object 'Object Repository/MOH AND GRN/Page_KDMC - CMS/select_--Select--Amikacin -500'

2018-05-11 10:34:58 - [TEST_STEP][PASSED] - setText: Text '5000' is set on object 'Object Repository/MOH AND GRN/Page_KDMC - CMS/input_txtqty'

2018-05-11 10:34:58 - [MESSAGE][PASSED] - Text '5000' is set on object 'Object Repository/MOH AND GRN/Page_KDMC - CMS/input_txtqty'

2018-05-11 10:34:58 - [TEST_STEP][PASSED] - selectOptionByIndex: All options with index in [1] are selected on object 'Object Repository/MOH AND GRN/Page_KDMC - CMS/select_--Select--No Tax0'

2018-05-11 10:34:58 - [MESSAGE][PASSED] - All options with index in [1] are selected on object 'Object Repository/MOH AND GRN/Page_KDMC - CMS/select_--Select--No Tax0'

2018-05-11 10:34:58 - [TEST_STEP][PASSED] - setText: Finding Test Object with id 'Object Repository/MOH AND GRN/Page_KDMC - CMS/input_txtmrp'

2018-05-11 10:34:58 - [TEST_STEP][PASSED] - Statement - switch (id): Finding Test Object with id 'Object Repository/MOH AND GRN/Page_KDMC - CMS/input_txtdeal'

2018-05-11 10:34:58 - [TEST_STEP][PASSED] - Statement - case 4:: Text '43.0' is set on object 'Object Repository/MOH AND GRN/Page_KDMC - CMS/input_txtmrp'

2018-05-11 10:34:58 - [TEST_STEP][PASSED] - Statement - return (java.lang.Math.floor((java.lang.Math.random() * ((max - min) + 1))) + min): Text '43.0' is set on object 'Object Repository/MOH AND GRN/Page_KDMC - CMS/input_txtmrp'

2018-05-11 10:34:58 - [MESSAGE][PASSED] - Text '43.0' is set on object 'Object Repository/MOH AND GRN/Page_KDMC - CMS/input_txtmrp'

2018-05-11 10:34:58 - [TEST_STEP][PASSED] - setText: Finding Test Object with id 'Object Repository/MOH AND GRN/Page_KDMC - CMS/input_txtdeal'

2018-05-11 10:34:58 - [TEST_STEP][PASSED] - Statement - switch (id): Finding Test Object with id 'Object Repository/MOH AND GRN/Page_KDMC - CMS/input_txtbatchno'

2018-05-11 10:34:58 - [TEST_STEP][PASSED] - Statement - case 5:: Text '12.0' is set on object 'Object Repository/MOH AND GRN/Page_KDMC - CMS/input_txtdeal'

2018-05-11 10:34:58 - [TEST_STEP][PASSED] - Statement - return (java.lang.Math.floor((java.lang.Math.random() * ((max - min) + 1))) + min): Text '12.0' is set on object 'Object Repository/MOH AND GRN/Page_KDMC - CMS/input_txtdeal'

2018-05-11 10:34:58 - [MESSAGE][PASSED] - Text '12.0' is set on object 'Object Repository/MOH AND GRN/Page_KDMC - CMS/input_txtdeal'

2018-05-11 10:34:58 - [TEST_STEP][PASSED] - setText: Finding Test Object with id 'Object Repository/MOH AND GRN/Page_KDMC - CMS/input_txtbatchno'

2018-05-11 10:34:58 - [TEST_STEP][PASSED] - Statement - switch (id): Finding Test Object with id 'Object Repository/MOH AND GRN/Page_KDMC - CMS/input_txtmrp'

2018-05-11 10:34:58 - [TEST_STEP][PASSED] - Statement - case 1:: Text 'BA190.0' is set on object 'Object Repository/MOH AND GRN/Page_KDMC - CMS/input_txtbatchno'

2018-05-11 10:34:58 - [TEST_STEP][PASSED] - Statement - return (java.lang.Math.floor((java.lang.Math.random() * ((max - min) + 1))) + min): Text 'BA190.0' is set on object 'Object Repository/MOH AND GRN/Page_KDMC - CMS/input_txtbatchno'

2018-05-11 10:34:58 - [MESSAGE][PASSED] - Text 'BA190.0' is set on object 'Object Repository/MOH AND GRN/Page_KDMC - CMS/input_txtbatchno'

2018-05-11 10:34:58 - [TEST_STEP][PASSED] - rightClick: Object: 'Object Repository/GRN/Page_KDMC - CMS/input_txtexpdate' is right clicked on

2018-05-11 10:34:59 - [MESSAGE][PASSED] - Object: 'Object Repository/GRN/Page_KDMC - CMS/input_txtexpdate' is right clicked on

2018-05-11 10:34:59 - [TEST_STEP][PASSED] - selectOptionByIndex: All options with index in [7] are selected on object 'Object Repository/GRN/Page_KDMC - CMS/select_20182019202020212022202'

2018-05-11 10:34:59 - [MESSAGE][PASSED] - All options with index in [7] are selected on object 'Object Repository/GRN/Page_KDMC - CMS/select_20182019202020212022202'

2018-05-11 10:34:59 - [TEST_STEP][PASSED] - selectOptionByIndex: All options with index in [7] are selected on object 'Object Repository/GRN/Page_KDMC - CMS/select_JanFebMarAprMayJunJulAu'

2018-05-11 10:34:59 - [MESSAGE][PASSED] - All options with index in [7] are selected on object 'Object Repository/GRN/Page_KDMC - CMS/select_JanFebMarAprMayJunJulAu'

2018-05-11 10:34:59 - [TEST_STEP][PASSED] - click: Object: 'Object Repository/MOH AND GRN/Page_KDMC - CMS/a_12' is clicked on

2018-05-11 10:34:59 - [MESSAGE][PASSED] - Object: 'Object Repository/MOH AND GRN/Page_KDMC - CMS/a_12' is clicked on

2018-05-11 10:34:59 - [TEST_STEP][PASSED] - click: Object: 'Object Repository/MOH AND GRN/Page_KDMC - CMS/input_btnadd' is clicked on

2018-05-11 10:34:59 - [MESSAGE][PASSED] - Object: 'Object Repository/MOH AND GRN/Page_KDMC - CMS/input_btnadd' is clicked on

2018-05-11 10:34:59 - [TEST_STEP][PASSED] - Statement - If (s == 10): null

2018-05-11 10:34:59 - [TEST_STEP][PASSED] - Statement - Else: null

2018-05-11 10:34:59 - [TEST_STEP][PASSED] - Statement - (s++): null

2018-05-11 10:34:59 - [TEST_STEP][PASSED] - delay: Delayed 1 second(s)

2018-05-11 10:35:00 - [MESSAGE][PASSED] - Delayed 1 second(s)

2018-05-11 10:35:00 - [TEST_STEP][PASSED] - selectOptionByIndex: All options with index in [8] are selected on object 'Object Repository/MOH AND GRN/Page_KDMC - CMS/select_--Select--Amikacin -500'

2018-05-11 10:35:00 - [MESSAGE][PASSED] - All options with index in [8] are selected on object 'Object Repository/MOH AND GRN/Page_KDMC - CMS/select_--Select--Amikacin -500'

2018-05-11 10:35:00 - [TEST_STEP][PASSED] - setText: Text '5000' is set on object 'Object Repository/MOH AND GRN/Page_KDMC - CMS/input_txtqty'

2018-05-11 10:35:01 - [MESSAGE][PASSED] - Text '5000' is set on object 'Object Repository/MOH AND GRN/Page_KDMC - CMS/input_txtqty'

2018-05-11 10:35:01 - [TEST_STEP][PASSED] - selectOptionByIndex: All options with index in [1] are selected on object 'Object Repository/MOH AND GRN/Page_KDMC - CMS/select_--Select--No Tax0'

2018-05-11 10:35:01 - [MESSAGE][PASSED] - All options with index in [1] are selected on object 'Object Repository/MOH AND GRN/Page_KDMC - CMS/select_--Select--No Tax0'

2018-05-11 10:35:01 - [TEST_STEP][PASSED] - setText: Finding Test Object with id 'Object Repository/MOH AND GRN/Page_KDMC - CMS/input_txtmrp'

2018-05-11 10:35:01 - [TEST_STEP][PASSED] - Statement - switch (id): Finding Test Object with id 'Object Repository/MOH AND GRN/Page_KDMC - CMS/input_txtdeal'

2018-05-11 10:35:01 - [TEST_STEP][PASSED] - Statement - case 4:: Text '41.0' is set on object 'Object Repository/MOH AND GRN/Page_KDMC - CMS/input_txtmrp'

2018-05-11 10:35:01 - [TEST_STEP][PASSED] - Statement - return (java.lang.Math.floor((java.lang.Math.random() * ((max - min) + 1))) + min): Text '41.0' is set on object 'Object Repository/MOH AND GRN/Page_KDMC - CMS/input_txtmrp'

2018-05-11 10:35:01 - [MESSAGE][PASSED] - Text '41.0' is set on object 'Object Repository/MOH AND GRN/Page_KDMC - CMS/input_txtmrp'

2018-05-11 10:35:01 - [TEST_STEP][PASSED] - setText: Finding Test Object with id 'Object Repository/MOH AND GRN/Page_KDMC - CMS/input_txtdeal'

2018-05-11 10:35:01 - [TEST_STEP][PASSED] - Statement - switch (id): Finding Test Object with id 'Object Repository/MOH AND GRN/Page_KDMC - CMS/input_txtbatchno'

2018-05-11 10:35:01 - [TEST_STEP][PASSED] - Statement - case 5:: Text '5.0' is set on object 'Object Repository/MOH AND GRN/Page_KDMC - CMS/input_txtdeal'

2018-05-11 10:35:01 - [TEST_STEP][PASSED] - Statement - return (java.lang.Math.floor((java.lang.Math.random() * ((max - min) + 1))) + min): Text '5.0' is set on object 'Object Repository/MOH AND GRN/Page_KDMC - CMS/input_txtdeal'

2018-05-11 10:35:01 - [MESSAGE][PASSED] - Text '5.0' is set on object 'Object Repository/MOH AND GRN/Page_KDMC - CMS/input_txtdeal'

2018-05-11 10:35:01 - [TEST_STEP][PASSED] - setText: Finding Test Object with id 'Object Repository/MOH AND GRN/Page_KDMC - CMS/input_txtbatchno'

2018-05-11 10:35:01 - [TEST_STEP][PASSED] - Statement - switch (id): Finding Test Object with id 'Object Repository/MOH AND GRN/Page_KDMC - CMS/input_txtmrp'

2018-05-11 10:35:01 - [TEST_STEP][PASSED] - Statement - case 1:: Text 'BA842.0' is set on object 'Object Repository/MOH AND GRN/Page_KDMC - CMS/input_txtbatchno'

2018-05-11 10:35:01 - [TEST_STEP][PASSED] - Statement - return (java.lang.Math.floor((java.lang.Math.random() * ((max - min) + 1))) + min): Text 'BA842.0' is set on object 'Object Repository/MOH AND GRN/Page_KDMC - CMS/input_txtbatchno'

2018-05-11 10:35:01 - [MESSAGE][PASSED] - Text 'BA842.0' is set on object 'Object Repository/MOH AND GRN/Page_KDMC - CMS/input_txtbatchno'

2018-05-11 10:35:01 - [TEST_STEP][PASSED] - rightClick: Object: 'Object Repository/GRN/Page_KDMC - CMS/input_txtexpdate' is right clicked on

2018-05-11 10:35:01 - [MESSAGE][PASSED] - Object: 'Object Repository/GRN/Page_KDMC - CMS/input_txtexpdate' is right clicked on

2018-05-11 10:35:01 - [TEST_STEP][PASSED] - selectOptionByIndex: All options with index in [8] are selected on object 'Object Repository/GRN/Page_KDMC - CMS/select_20182019202020212022202'

2018-05-11 10:35:01 - [MESSAGE][PASSED] - All options with index in [8] are selected on object 'Object Repository/GRN/Page_KDMC - CMS/select_20182019202020212022202'

2018-05-11 10:35:01 - [TEST_STEP][PASSED] - selectOptionByIndex: All options with index in [8] are selected on object 'Object Repository/GRN/Page_KDMC - CMS/select_JanFebMarAprMayJunJulAu'

2018-05-11 10:35:02 - [MESSAGE][PASSED] - All options with index in [8] are selected on object 'Object Repository/GRN/Page_KDMC - CMS/select_JanFebMarAprMayJunJulAu'

2018-05-11 10:35:02 - [TEST_STEP][PASSED] - click: Object: 'Object Repository/MOH AND GRN/Page_KDMC - CMS/a_12' is clicked on

2018-05-11 10:35:02 - [MESSAGE][PASSED] - Object: 'Object Repository/MOH AND GRN/Page_KDMC - CMS/a_12' is clicked on

2018-05-11 10:35:02 - [TEST_STEP][PASSED] - click: Object: 'Object Repository/MOH AND GRN/Page_KDMC - CMS/input_btnadd' is clicked on

2018-05-11 10:35:02 - [MESSAGE][PASSED] - Object: 'Object Repository/MOH AND GRN/Page_KDMC - CMS/input_btnadd' is clicked on

2018-05-11 10:35:02 - [TEST_STEP][PASSED] - Statement - If (s == 10): null

2018-05-11 10:35:02 - [TEST_STEP][PASSED] - Statement - Else: null

2018-05-11 10:35:02 - [TEST_STEP][PASSED] - Statement - (s++): null

2018-05-11 10:35:02 - [TEST_STEP][PASSED] - delay: Delayed 1 second(s)

2018-05-11 10:35:03 - [MESSAGE][PASSED] - Delayed 1 second(s)

2018-05-11 10:35:03 - [TEST_STEP][PASSED] - selectOptionByIndex: All options with index in [9] are selected on object 'Object Repository/MOH AND GRN/Page_KDMC - CMS/select_--Select--Amikacin -500'

2018-05-11 10:35:03 - [MESSAGE][PASSED] - All options with index in [9] are selected on object 'Object Repository/MOH AND GRN/Page_KDMC - CMS/select_--Select--Amikacin -500'

2018-05-11 10:35:03 - [TEST_STEP][PASSED] - setText: Text '5000' is set on object 'Object Repository/MOH AND GRN/Page_KDMC - CMS/input_txtqty'

2018-05-11 10:35:03 - [MESSAGE][PASSED] - Text '5000' is set on object 'Object Repository/MOH AND GRN/Page_KDMC - CMS/input_txtqty'

2018-05-11 10:35:03 - [TEST_STEP][PASSED] - selectOptionByIndex: All options with index in [1] are selected on object 'Object Repository/MOH AND GRN/Page_KDMC - CMS/select_--Select--No Tax0'

2018-05-11 10:35:03 - [MESSAGE][PASSED] - All options with index in [1] are selected on object 'Object Repository/MOH AND GRN/Page_KDMC - CMS/select_--Select--No Tax0'

2018-05-11 10:35:03 - [TEST_STEP][PASSED] - setText: Finding Test Object with id 'Object Repository/MOH AND GRN/Page_KDMC - CMS/input_txtmrp'

2018-05-11 10:35:03 - [TEST_STEP][PASSED] - Statement - switch (id): Finding Test Object with id 'Object Repository/MOH AND GRN/Page_KDMC - CMS/input_txtdeal'

2018-05-11 10:35:03 - [TEST_STEP][PASSED] - Statement - case 4:: Text '28.0' is set on object 'Object Repository/MOH AND GRN/Page_KDMC - CMS/input_txtmrp'

2018-05-11 10:35:03 - [TEST_STEP][PASSED] - Statement - return (java.lang.Math.floor((java.lang.Math.random() * ((max - min) + 1))) + min): Text '28.0' is set on object 'Object Repository/MOH AND GRN/Page_KDMC - CMS/input_txtmrp'

2018-05-11 10:35:03 - [MESSAGE][PASSED] - Text '28.0' is set on object 'Object Repository/MOH AND GRN/Page_KDMC - CMS/input_txtmrp'

2018-05-11 10:35:03 - [TEST_STEP][PASSED] - setText: Finding Test Object with id 'Object Repository/MOH AND GRN/Page_KDMC - CMS/input_txtdeal'

2018-05-11 10:35:03 - [TEST_STEP][PASSED] - Statement - switch (id): Finding Test Object with id 'Object Repository/MOH AND GRN/Page_KDMC - CMS/input_txtbatchno'

2018-05-11 10:35:03 - [TEST_STEP][PASSED] - Statement - case 5:: Text '3.0' is set on object 'Object Repository/MOH AND GRN/Page_KDMC - CMS/input_txtdeal'

2018-05-11 10:35:03 - [TEST_STEP][PASSED] - Statement - return (java.lang.Math.floor((java.lang.Math.random() * ((max - min) + 1))) + min): Text '3.0' is set on object 'Object Repository/MOH AND GRN/Page_KDMC - CMS/input_txtdeal'

2018-05-11 10:35:03 - [MESSAGE][PASSED] - Text '3.0' is set on object 'Object Repository/MOH AND GRN/Page_KDMC - CMS/input_txtdeal'

2018-05-11 10:35:03 - [TEST_STEP][PASSED] - setText: Finding Test Object with id 'Object Repository/MOH AND GRN/Page_KDMC - CMS/input_txtbatchno'

2018-05-11 10:35:03 - [TEST_STEP][PASSED] - Statement - switch (id): Finding Test Object with id 'Object Repository/MOH AND GRN/Page_KDMC - CMS/input_txtmrp'

2018-05-11 10:35:03 - [TEST_STEP][PASSED] - Statement - case 1:: Text 'BA43.0' is set on object 'Object Repository/MOH AND GRN/Page_KDMC - CMS/input_txtbatchno'

2018-05-11 10:35:03 - [TEST_STEP][PASSED] - Statement - return (java.lang.Math.floor((java.lang.Math.random() * ((max - min) + 1))) + min): Text 'BA43.0' is set on object 'Object Repository/MOH AND GRN/Page_KDMC - CMS/input_txtbatchno'

2018-05-11 10:35:03 - [MESSAGE][PASSED] - Text 'BA43.0' is set on object 'Object Repository/MOH AND GRN/Page_KDMC - CMS/input_txtbatchno'

2018-05-11 10:35:03 - [TEST_STEP][PASSED] - rightClick: Object: 'Object Repository/GRN/Page_KDMC - CMS/input_txtexpdate' is right clicked on

2018-05-11 10:35:03 - [MESSAGE][PASSED] - Object: 'Object Repository/GRN/Page_KDMC - CMS/input_txtexpdate' is right clicked on

2018-05-11 10:35:03 - [TEST_STEP][PASSED] - selectOptionByIndex: All options with index in [9] are selected on object 'Object Repository/GRN/Page_KDMC - CMS/select_20182019202020212022202'

2018-05-11 10:35:04 - [MESSAGE][PASSED] - All options with index in [9] are selected on object 'Object Repository/GRN/Page_KDMC - CMS/select_20182019202020212022202'

2018-05-11 10:35:04 - [TEST_STEP][PASSED] - selectOptionByIndex: All options with index in [9] are selected on object 'Object Repository/GRN/Page_KDMC - CMS/select_JanFebMarAprMayJunJulAu'

2018-05-11 10:35:04 - [MESSAGE][PASSED] - All options with index in [9] are selected on object 'Object Repository/GRN/Page_KDMC - CMS/select_JanFebMarAprMayJunJulAu'

2018-05-11 10:35:04 - [TEST_STEP][PASSED] - click: Object: 'Object Repository/MOH AND GRN/Page_KDMC - CMS/a_12' is clicked on

2018-05-11 10:35:04 - [MESSAGE][PASSED] - Object: 'Object Repository/MOH AND GRN/Page_KDMC - CMS/a_12' is clicked on

2018-05-11 10:35:04 - [TEST_STEP][PASSED] - click: Object: 'Object Repository/MOH AND GRN/Page_KDMC - CMS/input_btnadd' is clicked on

2018-05-11 10:35:04 - [MESSAGE][PASSED] - Object: 'Object Repository/MOH AND GRN/Page_KDMC - CMS/input_btnadd' is clicked on

2018-05-11 10:35:04 - [TEST_STEP][PASSED] - Statement - If (s == 10): null

2018-05-11 10:35:04 - [TEST_STEP][PASSED] - Statement - Else: null

2018-05-11 10:35:04 - [TEST_STEP][PASSED] - Statement - (s++): null

2018-05-11 10:35:04 - [TEST_STEP][PASSED] - delay: Delayed 1 second(s)

2018-05-11 10:35:05 - [MESSAGE][PASSED] - Delayed 1 second(s)

2018-05-11 10:35:05 - [TEST_STEP][PASSED] - selectOptionByIndex: All options with index in [10] are selected on object 'Object Repository/MOH AND GRN/Page_KDMC - CMS/select_--Select--Amikacin -500'

2018-05-11 10:35:05 - [MESSAGE][PASSED] - All options with index in [10] are selected on object 'Object Repository/MOH AND GRN/Page_KDMC - CMS/select_--Select--Amikacin -500'

2018-05-11 10:35:05 - [TEST_STEP][PASSED] - setText: Text '5000' is set on object 'Object Repository/MOH AND GRN/Page_KDMC - CMS/input_txtqty'

2018-05-11 10:35:05 - [MESSAGE][PASSED] - Text '5000' is set on object 'Object Repository/MOH AND GRN/Page_KDMC - CMS/input_txtqty'

2018-05-11 10:35:05 - [TEST_STEP][PASSED] - selectOptionByIndex: All options with index in [1] are selected on object 'Object Repository/MOH AND GRN/Page_KDMC - CMS/select_--Select--No Tax0'

2018-05-11 10:35:06 - [MESSAGE][PASSED] - All options with index in [1] are selected on object 'Object Repository/MOH AND GRN/Page_KDMC - CMS/select_--Select--No Tax0'

2018-05-11 10:35:06 - [TEST_STEP][PASSED] - setText: Finding Test Object with id 'Object Repository/MOH AND GRN/Page_KDMC - CMS/input_txtmrp'

2018-05-11 10:35:06 - [TEST_STEP][PASSED] - Statement - switch (id): Finding Test Object with id 'Object Repository/MOH AND GRN/Page_KDMC - CMS/input_txtdeal'

2018-05-11 10:35:06 - [TEST_STEP][PASSED] - Statement - case 4:: Text '23.0' is set on object 'Object Repository/MOH AND GRN/Page_KDMC - CMS/input_txtmrp'

2018-05-11 10:35:06 - [TEST_STEP][PASSED] - Statement - return (java.lang.Math.floor((java.lang.Math.random() * ((max - min) + 1))) + min): Text '23.0' is set on object 'Object Repository/MOH AND GRN/Page_KDMC - CMS/input_txtmrp'

2018-05-11 10:35:06 - [MESSAGE][PASSED] - Text '23.0' is set on object 'Object Repository/MOH AND GRN/Page_KDMC - CMS/input_txtmrp'

2018-05-11 10:35:06 - [TEST_STEP][PASSED] - setText: Finding Test Object with id 'Object Repository/MOH AND GRN/Page_KDMC - CMS/input_txtdeal'

2018-05-11 10:35:06 - [TEST_STEP][PASSED] - Statement - switch (id): Finding Test Object with id 'Object Repository/MOH AND GRN/Page_KDMC - CMS/input_txtbatchno'

2018-05-11 10:35:06 - [TEST_STEP][PASSED] - Statement - case 5:: Text '7.0' is set on object 'Object Repository/MOH AND GRN/Page_KDMC - CMS/input_txtdeal'

2018-05-11 10:35:06 - [TEST_STEP][PASSED] - Statement - return (java.lang.Math.floor((java.lang.Math.random() * ((max - min) + 1))) + min): Text '7.0' is set on object 'Object Repository/MOH AND GRN/Page_KDMC - CMS/input_txtdeal'

2018-05-11 10:35:06 - [MESSAGE][PASSED] - Text '7.0' is set on object 'Object Repository/MOH AND GRN/Page_KDMC - CMS/input_txtdeal'

2018-05-11 10:35:06 - [TEST_STEP][PASSED] - setText: Finding Test Object with id 'Object Repository/MOH AND GRN/Page_KDMC - CMS/input_txtbatchno'

2018-05-11 10:35:06 - [TEST_STEP][PASSED] - Statement - switch (id): Finding Test Object with id 'Object Repository/MOH AND GRN/Page_KDMC - CMS/input_txtmrp'

2018-05-11 10:35:06 - [TEST_STEP][PASSED] - Statement - case 1:: Text 'BA502.0' is set on object 'Object Repository/MOH AND GRN/Page_KDMC - CMS/input_txtbatchno'

2018-05-11 10:35:06 - [TEST_STEP][PASSED] - Statement - return (java.lang.Math.floor((java.lang.Math.random() * ((max - min) + 1))) + min): Text 'BA502.0' is set on object 'Object Repository/MOH AND GRN/Page_KDMC - CMS/input_txtbatchno'

2018-05-11 10:35:06 - [MESSAGE][PASSED] - Text 'BA502.0' is set on object 'Object Repository/MOH AND GRN/Page_KDMC - CMS/input_txtbatchno'

2018-05-11 10:35:06 - [TEST_STEP][PASSED] - rightClick: Object: 'Object Repository/GRN/Page_KDMC - CMS/input_txtexpdate' is right clicked on

2018-05-11 10:35:06 - [MESSAGE][PASSED] - Object: 'Object Repository/GRN/Page_KDMC - CMS/input_txtexpdate' is right clicked on

2018-05-11 10:35:06 - [TEST_STEP][PASSED] - selectOptionByIndex: All options with index in [10] are selected on object 'Object Repository/GRN/Page_KDMC - CMS/select_20182019202020212022202'

2018-05-11 10:35:06 - [MESSAGE][PASSED] - All options with index in [10] are selected on object 'Object Repository/GRN/Page_KDMC - CMS/select_20182019202020212022202'

2018-05-11 10:35:06 - [TEST_STEP][PASSED] - selectOptionByIndex: All options with index in [10] are selected on object 'Object Repository/GRN/Page_KDMC - CMS/select_JanFebMarAprMayJunJulAu'

2018-05-11 10:35:07 - [MESSAGE][PASSED] - All options with index in [10] are selected on object 'Object Repository/GRN/Page_KDMC - CMS/select_JanFebMarAprMayJunJulAu'

2018-05-11 10:35:07 - [TEST_STEP][PASSED] - click: Object: 'Object Repository/MOH AND GRN/Page_KDMC - CMS/a_12' is clicked on

2018-05-11 10:35:07 - [MESSAGE][PASSED] - Object: 'Object Repository/MOH AND GRN/Page_KDMC - CMS/a_12' is clicked on

2018-05-11 10:35:07 - [TEST_STEP][PASSED] - click: Object: 'Object Repository/MOH AND GRN/Page_KDMC - CMS/input_btnadd' is clicked on

2018-05-11 10:35:07 - [MESSAGE][PASSED] - Object: 'Object Repository/MOH AND GRN/Page_KDMC - CMS/input_btnadd' is clicked on

2018-05-11 10:35:07 - [TEST_STEP][PASSED] - Statement - If (s == 10): null

2018-05-11 10:35:07 - [TEST_STEP][PASSED] - Statement - s = 1: null

2018-05-11 10:35:07 - [TEST_STEP][PASSED] - delay: Delayed 1 second(s)

2018-05-11 10:35:08 - [MESSAGE][PASSED] - Delayed 1 second(s)

2018-05-11 10:35:08 - [TEST_STEP][PASSED] - selectOptionByIndex: All options with index in [11] are selected on object 'Object Repository/MOH AND GRN/Page_KDMC - CMS/select_--Select--Amikacin -500'

2018-05-11 10:35:08 - [MESSAGE][PASSED] - All options with index in [11] are selected on object 'Object Repository/MOH AND GRN/Page_KDMC - CMS/select_--Select--Amikacin -500'

2018-05-11 10:35:08 - [TEST_STEP][PASSED] - setText: Text '5000' is set on object 'Object Repository/MOH AND GRN/Page_KDMC - CMS/input_txtqty'

2018-05-11 10:35:08 - [MESSAGE][PASSED] - Text '5000' is set on object 'Object Repository/MOH AND GRN/Page_KDMC - CMS/input_txtqty'

2018-05-11 10:35:08 - [TEST_STEP][PASSED] - selectOptionByIndex: All options with index in [1] are selected on object 'Object Repository/MOH AND GRN/Page_KDMC - CMS/select_--Select--No Tax0'

2018-05-11 10:35:08 - [MESSAGE][PASSED] - All options with index in [1] are selected on object 'Object Repository/MOH AND GRN/Page_KDMC - CMS/select_--Select--No Tax0'

2018-05-11 10:35:08 - [TEST_STEP][PASSED] - setText: Finding Test Object with id 'Object Repository/MOH AND GRN/Page_KDMC - CMS/input_txtmrp'

2018-05-11 10:35:08 - [TEST_STEP][PASSED] - Statement - switch (id): Finding Test Object with id 'Object Repository/MOH AND GRN/Page_KDMC - CMS/input_txtdeal'

2018-05-11 10:35:08 - [TEST_STEP][PASSED] - Statement - case 4:: Text '36.0' is set on object 'Object Repository/MOH AND GRN/Page_KDMC - CMS/input_txtmrp'

2018-05-11 10:35:08 - [TEST_STEP][PASSED] - Statement - return (java.lang.Math.floor((java.lang.Math.random() * ((max - min) + 1))) + min): Text '36.0' is set on object 'Object Repository/MOH AND GRN/Page_KDMC - CMS/input_txtmrp'

2018-05-11 10:35:08 - [MESSAGE][PASSED] - Text '36.0' is set on object 'Object Repository/MOH AND GRN/Page_KDMC - CMS/input_txtmrp'

2018-05-11 10:35:08 - [TEST_STEP][PASSED] - setText: Finding Test Object with id 'Object Repository/MOH AND GRN/Page_KDMC - CMS/input_txtdeal'

2018-05-11 10:35:08 - [TEST_STEP][PASSED] - Statement - switch (id): Finding Test Object with id 'Object Repository/MOH AND GRN/Page_KDMC - CMS/input_txtbatchno'

2018-05-11 10:35:08 - [TEST_STEP][PASSED] - Statement - case 5:: Text '6.0' is set on object 'Object Repository/MOH AND GRN/Page_KDMC - CMS/input_txtdeal'

2018-05-11 10:35:08 - [TEST_STEP][PASSED] - Statement - return (java.lang.Math.floor((java.lang.Math.random() * ((max - min) + 1))) + min): Text '6.0' is set on object 'Object Repository/MOH AND GRN/Page_KDMC - CMS/input_txtdeal'

2018-05-11 10:35:08 - [MESSAGE][PASSED] - Text '6.0' is set on object 'Object Repository/MOH AND GRN/Page_KDMC - CMS/input_txtdeal'

2018-05-11 10:35:08 - [TEST_STEP][PASSED] - setText: Finding Test Object with id 'Object Repository/MOH AND GRN/Page_KDMC - CMS/input_txtbatchno'

2018-05-11 10:35:08 - [TEST_STEP][PASSED] - Statement - switch (id): Finding Test Object with id 'Object Repository/MOH AND GRN/Page_KDMC - CMS/input_txtmrp'

2018-05-11 10:35:08 - [TEST_STEP][PASSED] - Statement - case 1:: Text 'BA740.0' is set on object 'Object Repository/MOH AND GRN/Page_KDMC - CMS/input_txtbatchno'

2018-05-11 10:35:08 - [TEST_STEP][PASSED] - Statement - return (java.lang.Math.floor((java.lang.Math.random() * ((max - min) + 1))) + min): Text 'BA740.0' is set on object 'Object Repository/MOH AND GRN/Page_KDMC - CMS/input_txtbatchno'

2018-05-11 10:35:08 - [MESSAGE][PASSED] - Text 'BA740.0' is set on object 'Object Repository/MOH AND GRN/Page_KDMC - CMS/input_txtbatchno'

2018-05-11 10:35:08 - [TEST_STEP][PASSED] - rightClick: Object: 'Object Repository/GRN/Page_KDMC - CMS/input_txtexpdate' is right clicked on

2018-05-11 10:35:08 - [MESSAGE][PASSED] - Object: 'Object Repository/GRN/Page_KDMC - CMS/input_txtexpdate' is right clicked on

2018-05-11 10:35:08 - [TEST_STEP][PASSED] - selectOptionByIndex: All options with index in [1] are selected on object 'Object Repository/GRN/Page_KDMC - CMS/select_20182019202020212022202'

2018-05-11 10:35:09 - [MESSAGE][PASSED] - All options with index in [1] are selected on object 'Object Repository/GRN/Page_KDMC - CMS/select_20182019202020212022202'

2018-05-11 10:35:09 - [TEST_STEP][PASSED] - selectOptionByIndex: All options with index in [1] are selected on object 'Object Repository/GRN/Page_KDMC - CMS/select_JanFebMarAprMayJunJulAu'

2018-05-11 10:35:09 - [MESSAGE][PASSED] - All options with index in [1] are selected on object 'Object Repository/GRN/Page_KDMC - CMS/select_JanFebMarAprMayJunJulAu'

2018-05-11 10:35:09 - [TEST_STEP][PASSED] - click: Object: 'Object Repository/MOH AND GRN/Page_KDMC - CMS/a_12' is clicked on

2018-05-11 10:35:09 - [MESSAGE][PASSED] - Object: 'Object Repository/MOH AND GRN/Page_KDMC - CMS/a_12' is clicked on

2018-05-11 10:35:09 - [TEST_STEP][PASSED] - click: Object: 'Object Repository/MOH AND GRN/Page_KDMC - CMS/input_btnadd' is clicked on

2018-05-11 10:35:09 - [MESSAGE][PASSED] - Object: 'Object Repository/MOH AND GRN/Page_KDMC - CMS/input_btnadd' is clicked on

2018-05-11 10:35:09 - [TEST_STEP][PASSED] - Statement - If (s == 10): null

2018-05-11 10:35:09 - [TEST_STEP][PASSED] - Statement - Else: null

2018-05-11 10:35:09 - [TEST_STEP][PASSED] - Statement - (s++): null

2018-05-11 10:35:09 - [TEST_STEP][PASSED] - delay: Delayed 1 second(s)

2018-05-11 10:35:10 - [MESSAGE][PASSED] - Delayed 1 second(s)

2018-05-11 10:35:10 - [TEST_STEP][PASSED] - selectOptionByIndex: All options with index in [12] are selected on object 'Object Repository/MOH AND GRN/Page_KDMC - CMS/select_--Select--Amikacin -500'

2018-05-11 10:35:10 - [MESSAGE][PASSED] - All options with index in [12] are selected on object 'Object Repository/MOH AND GRN/Page_KDMC - CMS/select_--Select--Amikacin -500'

2018-05-11 10:35:10 - [TEST_STEP][PASSED] - setText: Text '5000' is set on object 'Object Repository/MOH AND GRN/Page_KDMC - CMS/input_txtqty'

2018-05-11 10:35:10 - [MESSAGE][PASSED] - Text '5000' is set on object 'Object Repository/MOH AND GRN/Page_KDMC - CMS/input_txtqty'

2018-05-11 10:35:10 - [TEST_STEP][PASSED] - selectOptionByIndex: All options with index in [1] are selected on object 'Object Repository/MOH AND GRN/Page_KDMC - CMS/select_--Select--No Tax0'

2018-05-11 10:35:10 - [MESSAGE][PASSED] - All options with index in [1] are selected on object 'Object Repository/MOH AND GRN/Page_KDMC - CMS/select_--Select--No Tax0'

2018-05-11 10:35:10 - [TEST_STEP][PASSED] - setText: Finding Test Object with id 'Object Repository/MOH AND GRN/Page_KDMC - CMS/input_txtmrp'

2018-05-11 10:35:10 - [TEST_STEP][PASSED] - Statement - switch (id): Finding Test Object with id 'Object Repository/MOH AND GRN/Page_KDMC - CMS/input_txtdeal'

2018-05-11 10:35:10 - [TEST_STEP][PASSED] - Statement - case 4:: Text '30.0' is set on object 'Object Repository/MOH AND GRN/Page_KDMC - CMS/input_txtmrp'

2018-05-11 10:35:10 - [TEST_STEP][PASSED] - Statement - return (java.lang.Math.floor((java.lang.Math.random() * ((max - min) + 1))) + min): Text '30.0' is set on object 'Object Repository/MOH AND GRN/Page_KDMC - CMS/input_txtmrp'

2018-05-11 10:35:11 - [MESSAGE][PASSED] - Text '30.0' is set on object 'Object Repository/MOH AND GRN/Page_KDMC - CMS/input_txtmrp'

2018-05-11 10:35:11 - [TEST_STEP][PASSED] - setText: Finding Test Object with id 'Object Repository/MOH AND GRN/Page_KDMC - CMS/input_txtdeal'

2018-05-11 10:35:11 - [TEST_STEP][PASSED] - Statement - switch (id): Finding Test Object with id 'Object Repository/MOH AND GRN/Page_KDMC - CMS/input_txtbatchno'

2018-05-11 10:35:11 - [TEST_STEP][PASSED] - Statement - case 5:: Text '10.0' is set on object 'Object Repository/MOH AND GRN/Page_KDMC - CMS/input_txtdeal'

2018-05-11 10:35:11 - [TEST_STEP][PASSED] - Statement - return (java.lang.Math.floor((java.lang.Math.random() * ((max - min) + 1))) + min): Text '10.0' is set on object 'Object Repository/MOH AND GRN/Page_KDMC - CMS/input_txtdeal'

2018-05-11 10:35:11 - [MESSAGE][PASSED] - Text '10.0' is set on object 'Object Repository/MOH AND GRN/Page_KDMC - CMS/input_txtdeal'

2018-05-11 10:35:11 - [TEST_STEP][PASSED] - setText: Finding Test Object with id 'Object Repository/MOH AND GRN/Page_KDMC - CMS/input_txtbatchno'

2018-05-11 10:35:11 - [TEST_STEP][PASSED] - Statement - switch (id): Finding Test Object with id 'Object Repository/MOH AND GRN/Page_KDMC - CMS/input_txtmrp'

2018-05-11 10:35:11 - [TEST_STEP][PASSED] - Statement - case 1:: Text 'BA291.0' is set on object 'Object Repository/MOH AND GRN/Page_KDMC - CMS/input_txtbatchno'

2018-05-11 10:35:11 - [TEST_STEP][PASSED] - Statement - return (java.lang.Math.floor((java.lang.Math.random() * ((max - min) + 1))) + min): Text 'BA291.0' is set on object 'Object Repository/MOH AND GRN/Page_KDMC - CMS/input_txtbatchno'

2018-05-11 10:35:11 - [MESSAGE][PASSED] - Text 'BA291.0' is set on object 'Object Repository/MOH AND GRN/Page_KDMC - CMS/input_txtbatchno'

2018-05-11 10:35:11 - [TEST_STEP][PASSED] - rightClick: Object: 'Object Repository/GRN/Page_KDMC - CMS/input_txtexpdate' is right clicked on

2018-05-11 10:35:11 - [MESSAGE][PASSED] - Object: 'Object Repository/GRN/Page_KDMC - CMS/input_txtexpdate' is right clicked on

2018-05-11 10:35:11 - [TEST_STEP][PASSED] - selectOptionByIndex: All options with index in [2] are selected on object 'Object Repository/GRN/Page_KDMC - CMS/select_20182019202020212022202'

2018-05-11 10:35:11 - [MESSAGE][PASSED] - All options with index in [2] are selected on object 'Object Repository/GRN/Page_KDMC - CMS/select_20182019202020212022202'

2018-05-11 10:35:11 - [TEST_STEP][PASSED] - selectOptionByIndex: All options with index in [2] are selected on object 'Object Repository/GRN/Page_KDMC - CMS/select_JanFebMarAprMayJunJulAu'

2018-05-11 10:35:11 - [MESSAGE][PASSED] - All options with index in [2] are selected on object 'Object Repository/GRN/Page_KDMC - CMS/select_JanFebMarAprMayJunJulAu'

2018-05-11 10:35:11 - [TEST_STEP][PASSED] - click: Object: 'Object Repository/MOH AND GRN/Page_KDMC - CMS/a_12' is clicked on

2018-05-11 10:35:11 - [MESSAGE][PASSED] - Object: 'Object Repository/MOH AND GRN/Page_KDMC - CMS/a_12' is clicked on

2018-05-11 10:35:11 - [TEST_STEP][PASSED] - click: Object: 'Object Repository/MOH AND GRN/Page_KDMC - CMS/input_btnadd' is clicked on

2018-05-11 10:35:11 - [MESSAGE][PASSED] - Object: 'Object Repository/MOH AND GRN/Page_KDMC - CMS/input_btnadd' is clicked on

2018-05-11 10:35:11 - [TEST_STEP][PASSED] - Statement - If (s == 10): null

2018-05-11 10:35:11 - [TEST_STEP][PASSED] - Statement - Else: null

2018-05-11 10:35:11 - [TEST_STEP][PASSED] - Statement - (s++): null

2018-05-11 10:35:11 - [TEST_STEP][PASSED] - delay: Delayed 1 second(s)

2018-05-11 10:35:12 - [MESSAGE][PASSED] - Delayed 1 second(s)

2018-05-11 10:35:12 - [TEST_STEP][PASSED] - selectOptionByIndex: All options with index in [13] are selected on object 'Object Repository/MOH AND GRN/Page_KDMC - CMS/select_--Select--Amikacin -500'

2018-05-11 10:35:13 - [MESSAGE][PASSED] - All options with index in [13] are selected on object 'Object Repository/MOH AND GRN/Page_KDMC - CMS/select_--Select--Amikacin -500'

2018-05-11 10:35:13 - [TEST_STEP][PASSED] - setText: Text '5000' is set on object 'Object Repository/MOH AND GRN/Page_KDMC - CMS/input_txtqty'

2018-05-11 10:35:13 - [MESSAGE][PASSED] - Text '5000' is set on object 'Object Repository/MOH AND GRN/Page_KDMC - CMS/input_txtqty'

2018-05-11 10:35:13 - [TEST_STEP][PASSED] - selectOptionByIndex: All options with index in [1] are selected on object 'Object Repository/MOH AND GRN/Page_KDMC - CMS/select_--Select--No Tax0'

2018-05-11 10:35:13 - [MESSAGE][PASSED] - All options with index in [1] are selected on object 'Object Repository/MOH AND GRN/Page_KDMC - CMS/select_--Select--No Tax0'

2018-05-11 10:35:13 - [TEST_STEP][PASSED] - setText: Finding Test Object with id 'Object Repository/MOH AND GRN/Page_KDMC - CMS/input_txtmrp'

2018-05-11 10:35:13 - [TEST_STEP][PASSED] - Statement - switch (id): Finding Test Object with id 'Object Repository/MOH AND GRN/Page_KDMC - CMS/input_txtdeal'

2018-05-11 10:35:13 - [TEST_STEP][PASSED] - Statement - case 4:: Text '22.0' is set on object 'Object Repository/MOH AND GRN/Page_KDMC - CMS/input_txtmrp'

2018-05-11 10:35:13 - [TEST_STEP][PASSED] - Statement - return (java.lang.Math.floor((java.lang.Math.random() * ((max - min) + 1))) + min): Text '22.0' is set on object 'Object Repository/MOH AND GRN/Page_KDMC - CMS/input_txtmrp'

2018-05-11 10:35:13 - [MESSAGE][PASSED] - Text '22.0' is set on object 'Object Repository/MOH AND GRN/Page_KDMC - CMS/input_txtmrp'

2018-05-11 10:35:13 - [TEST_STEP][PASSED] - setText: Finding Test Object with id 'Object Repository/MOH AND GRN/Page_KDMC - CMS/input_txtdeal'

2018-05-11 10:35:13 - [TEST_STEP][PASSED] - Statement - switch (id): Finding Test Object with id 'Object Repository/MOH AND GRN/Page_KDMC - CMS/input_txtbatchno'

2018-05-11 10:35:13 - [TEST_STEP][PASSED] - Statement - case 5:: Text '9.0' is set on object 'Object Repository/MOH AND GRN/Page_KDMC - CMS/input_txtdeal'

2018-05-11 10:35:13 - [TEST_STEP][PASSED] - Statement - return (java.lang.Math.floor((java.lang.Math.random() * ((max - min) + 1))) + min): Text '9.0' is set on object 'Object Repository/MOH AND GRN/Page_KDMC - CMS/input_txtdeal'

2018-05-11 10:35:13 - [MESSAGE][PASSED] - Text '9.0' is set on object 'Object Repository/MOH AND GRN/Page_KDMC - CMS/input_txtdeal'

2018-05-11 10:35:13 - [TEST_STEP][PASSED] - setText: Finding Test Object with id 'Object Repository/MOH AND GRN/Page_KDMC - CMS/input_txtbatchno'

2018-05-11 10:35:13 - [TEST_STEP][PASSED] - Statement - switch (id): Finding Test Object with id 'Object Repository/MOH AND GRN/Page_KDMC - CMS/input_txtmrp'

2018-05-11 10:35:13 - [TEST_STEP][PASSED] - Statement - case 1:: Text 'BA971.0' is set on object 'Object Repository/MOH AND GRN/Page_KDMC - CMS/input_txtbatchno'

2018-05-11 10:35:13 - [TEST_STEP][PASSED] - Statement - return (java.lang.Math.floor((java.lang.Math.random() * ((max - min) + 1))) + min): Text 'BA971.0' is set on object 'Object Repository/MOH AND GRN/Page_KDMC - CMS/input_txtbatchno'

2018-05-11 10:35:13 - [MESSAGE][PASSED] - Text 'BA971.0' is set on object 'Object Repository/MOH AND GRN/Page_KDMC - CMS/input_txtbatchno'

2018-05-11 10:35:13 - [TEST_STEP][PASSED] - rightClick: Object: 'Object Repository/GRN/Page_KDMC - CMS/input_txtexpdate' is right clicked on

2018-05-11 10:35:13 - [MESSAGE][PASSED] - Object: 'Object Repository/GRN/Page_KDMC - CMS/input_txtexpdate' is right clicked on

2018-05-11 10:35:13 - [TEST_STEP][PASSED] - selectOptionByIndex: All options with index in [3] are selected on object 'Object Repository/GRN/Page_KDMC - CMS/select_20182019202020212022202'

2018-05-11 10:35:13 - [MESSAGE][PASSED] - All options with index in [3] are selected on object 'Object Repository/GRN/Page_KDMC - CMS/select_20182019202020212022202'

2018-05-11 10:35:13 - [TEST_STEP][PASSED] - selectOptionByIndex: All options with index in [3] are selected on object 'Object Repository/GRN/Page_KDMC - CMS/select_JanFebMarAprMayJunJulAu'

2018-05-11 10:35:14 - [MESSAGE][PASSED] - All options with index in [3] are selected on object 'Object Repository/GRN/Page_KDMC - CMS/select_JanFebMarAprMayJunJulAu'

2018-05-11 10:35:14 - [TEST_STEP][PASSED] - click: Object: 'Object Repository/MOH AND GRN/Page_KDMC - CMS/a_12' is clicked on

2018-05-11 10:35:14 - [MESSAGE][PASSED] - Object: 'Object Repository/MOH AND GRN/Page_KDMC - CMS/a_12' is clicked on

2018-05-11 10:35:14 - [TEST_STEP][PASSED] - click: Object: 'Object Repository/MOH AND GRN/Page_KDMC - CMS/input_btnadd' is clicked on

2018-05-11 10:35:14 - [MESSAGE][PASSED] - Object: 'Object Repository/MOH AND GRN/Page_KDMC - CMS/input_btnadd' is clicked on

2018-05-11 10:35:14 - [TEST_STEP][PASSED] - Statement - If (s == 10): null

2018-05-11 10:35:14 - [TEST_STEP][PASSED] - Statement - Else: null

2018-05-11 10:35:14 - [TEST_STEP][PASSED] - Statement - (s++): null

2018-05-11 10:35:14 - [TEST_STEP][PASSED] - delay: Delayed 1 second(s)

2018-05-11 10:35:15 - [MESSAGE][PASSED] - Delayed 1 second(s)

2018-05-11 10:35:15 - [TEST_STEP][PASSED] - selectOptionByIndex: All options with index in [14] are selected on object 'Object Repository/MOH AND GRN/Page_KDMC - CMS/select_--Select--Amikacin -500'

2018-05-11 10:35:15 - [MESSAGE][PASSED] - All options with index in [14] are selected on object 'Object Repository/MOH AND GRN/Page_KDMC - CMS/select_--Select--Amikacin -500'

2018-05-11 10:35:15 - [TEST_STEP][PASSED] - setText: Text '5000' is set on object 'Object Repository/MOH AND GRN/Page_KDMC - CMS/input_txtqty'

2018-05-11 10:35:15 - [MESSAGE][PASSED] - Text '5000' is set on object 'Object Repository/MOH AND GRN/Page_KDMC - CMS/input_txtqty'

2018-05-11 10:35:15 - [TEST_STEP][PASSED] - selectOptionByIndex: All options with index in [1] are selected on object 'Object Repository/MOH AND GRN/Page_KDMC - CMS/select_--Select--No Tax0'

2018-05-11 10:35:15 - [MESSAGE][PASSED] - All options with index in [1] are selected on object 'Object Repository/MOH AND GRN/Page_KDMC - CMS/select_--Select--No Tax0'

2018-05-11 10:35:15 - [TEST_STEP][PASSED] - setText: Finding Test Object with id 'Object Repository/MOH AND GRN/Page_KDMC - CMS/input_txtmrp'

2018-05-11 10:35:15 - [TEST_STEP][PASSED] - Statement - switch (id): Finding Test Object with id 'Object Repository/MOH AND GRN/Page_KDMC - CMS/input_txtdeal'

2018-05-11 10:35:15 - [TEST_STEP][PASSED] - Statement - case 4:: Text '27.0' is set on object 'Object Repository/MOH AND GRN/Page_KDMC - CMS/input_txtmrp'

2018-05-11 10:35:15 - [TEST_STEP][PASSED] - Statement - return (java.lang.Math.floor((java.lang.Math.random() * ((max - min) + 1))) + min): Text '27.0' is set on object 'Object Repository/MOH AND GRN/Page_KDMC - CMS/input_txtmrp'

2018-05-11 10:35:15 - [MESSAGE][PASSED] - Text '27.0' is set on object 'Object Repository/MOH AND GRN/Page_KDMC - CMS/input_txtmrp'

2018-05-11 10:35:15 - [TEST_STEP][PASSED] - setText: Finding Test Object with id 'Object Repository/MOH AND GRN/Page_KDMC - CMS/input_txtdeal'

2018-05-11 10:35:15 - [TEST_STEP][PASSED] - Statement - switch (id): Finding Test Object with id 'Object Repository/MOH AND GRN/Page_KDMC - CMS/input_txtbatchno'

2018-05-11 10:35:15 - [TEST_STEP][PASSED] - Statement - case 5:: Text '9.0' is set on object 'Object Repository/MOH AND GRN/Page_KDMC - CMS/input_txtdeal'

2018-05-11 10:35:15 - [TEST_STEP][PASSED] - Statement - return (java.lang.Math.floor((java.lang.Math.random() * ((max - min) + 1))) + min): Text '9.0' is set on object 'Object Repository/MOH AND GRN/Page_KDMC - CMS/input_txtdeal'

2018-05-11 10:35:15 - [MESSAGE][PASSED] - Text '9.0' is set on object 'Object Repository/MOH AND GRN/Page_KDMC - CMS/input_txtdeal'

2018-05-11 10:35:15 - [TEST_STEP][PASSED] - setText: Finding Test Object with id 'Object Repository/MOH AND GRN/Page_KDMC - CMS/input_txtbatchno'

2018-05-11 10:35:15 - [TEST_STEP][PASSED] - Statement - switch (id): Finding Test Object with id 'Object Repository/MOH AND GRN/Page_KDMC - CMS/input_txtmrp'

2018-05-11 10:35:15 - [TEST_STEP][PASSED] - Statement - case 1:: Text 'BA134.0' is set on object 'Object Repository/MOH AND GRN/Page_KDMC - CMS/input_txtbatchno'

2018-05-11 10:35:15 - [TEST_STEP][PASSED] - Statement - return (java.lang.Math.floor((java.lang.Math.random() * ((max - min) + 1))) + min): Text 'BA134.0' is set on object 'Object Repository/MOH AND GRN/Page_KDMC - CMS/input_txtbatchno'

2018-05-11 10:35:15 - [MESSAGE][PASSED] - Text 'BA134.0' is set on object 'Object Repository/MOH AND GRN/Page_KDMC - CMS/input_txtbatchno'

2018-05-11 10:35:15 - [TEST_STEP][PASSED] - rightClick: Object: 'Object Repository/GRN/Page_KDMC - CMS/input_txtexpdate' is right clicked on

2018-05-11 10:35:16 - [MESSAGE][PASSED] - Object: 'Object Repository/GRN/Page_KDMC - CMS/input_txtexpdate' is right clicked on

2018-05-11 10:35:16 - [TEST_STEP][PASSED] - selectOptionByIndex: All options with index in [4] are selected on object 'Object Repository/GRN/Page_KDMC - CMS/select_20182019202020212022202'

2018-05-11 10:35:16 - [MESSAGE][PASSED] - All options with index in [4] are selected on object 'Object Repository/GRN/Page_KDMC - CMS/select_20182019202020212022202'

2018-05-11 10:35:16 - [TEST_STEP][PASSED] - selectOptionByIndex: All options with index in [4] are selected on object 'Object Repository/GRN/Page_KDMC - CMS/select_JanFebMarAprMayJunJulAu'

2018-05-11 10:35:16 - [MESSAGE][PASSED] - All options with index in [4] are selected on object 'Object Repository/GRN/Page_KDMC - CMS/select_JanFebMarAprMayJunJulAu'

2018-05-11 10:35:16 - [TEST_STEP][PASSED] - click: Object: 'Object Repository/MOH AND GRN/Page_KDMC - CMS/a_12' is clicked on

2018-05-11 10:35:16 - [MESSAGE][PASSED] - Object: 'Object Repository/MOH AND GRN/Page_KDMC - CMS/a_12' is clicked on

2018-05-11 10:35:16 - [TEST_STEP][PASSED] - click: Object: 'Object Repository/MOH AND GRN/Page_KDMC - CMS/input_btnadd' is clicked on

2018-05-11 10:35:16 - [MESSAGE][PASSED] - Object: 'Object Repository/MOH AND GRN/Page_KDMC - CMS/input_btnadd' is clicked on

2018-05-11 10:35:16 - [TEST_STEP][PASSED] - Statement - If (s == 10): null

2018-05-11 10:35:16 - [TEST_STEP][PASSED] - Statement - Else: null

2018-05-11 10:35:16 - [TEST_STEP][PASSED] - Statement - (s++): null

2018-05-11 10:35:16 - [TEST_STEP][PASSED] - delay: Delayed 1 second(s)

2018-05-11 10:35:17 - [MESSAGE][PASSED] - Delayed 1 second(s)

2018-05-11 10:35:17 - [TEST_STEP][PASSED] - selectOptionByIndex: All options with index in [15] are selected on object 'Object Repository/MOH AND GRN/Page_KDMC - CMS/select_--Select--Amikacin -500'

2018-05-11 10:35:17 - [MESSAGE][PASSED] - All options with index in [15] are selected on object 'Object Repository/MOH AND GRN/Page_KDMC - CMS/select_--Select--Amikacin -500'

2018-05-11 10:35:17 - [TEST_STEP][PASSED] - setText: Text '5000' is set on object 'Object Repository/MOH AND GRN/Page_KDMC - CMS/input_txtqty'

2018-05-11 10:35:18 - [MESSAGE][PASSED] - Text '5000' is set on object 'Object Repository/MOH AND GRN/Page_KDMC - CMS/input_txtqty'

2018-05-11 10:35:18 - [TEST_STEP][PASSED] - selectOptionByIndex: All options with index in [1] are selected on object 'Object Repository/MOH AND GRN/Page_KDMC - CMS/select_--Select--No Tax0'

2018-05-11 10:35:18 - [MESSAGE][PASSED] - All options with index in [1] are selected on object 'Object Repository/MOH AND GRN/Page_KDMC - CMS/select_--Select--No Tax0'

2018-05-11 10:35:18 - [TEST_STEP][PASSED] - setText: Finding Test Object with id 'Object Repository/MOH AND GRN/Page_KDMC - CMS/input_txtmrp'

2018-05-11 10:35:18 - [TEST_STEP][PASSED] - Statement - switch (id): Finding Test Object with id 'Object Repository/MOH AND GRN/Page_KDMC - CMS/input_txtdeal'

2018-05-11 10:35:18 - [TEST_STEP][PASSED] - Statement - case 4:: Text '22.0' is set on object 'Object Repository/MOH AND GRN/Page_KDMC - CMS/input_txtmrp'

2018-05-11 10:35:18 - [TEST_STEP][PASSED] - Statement - return (java.lang.Math.floor((java.lang.Math.random() * ((max - min) + 1))) + min): Text '22.0' is set on object 'Object Repository/MOH AND GRN/Page_KDMC - CMS/input_txtmrp'

2018-05-11 10:35:18 - [MESSAGE][PASSED] - Text '22.0' is set on object 'Object Repository/MOH AND GRN/Page_KDMC - CMS/input_txtmrp'

2018-05-11 10:35:18 - [TEST_STEP][PASSED] - setText: Finding Test Object with id 'Object Repository/MOH AND GRN/Page_KDMC - CMS/input_txtdeal'

2018-05-11 10:35:18 - [TEST_STEP][PASSED] - Statement - switch (id): Finding Test Object with id 'Object Repository/MOH AND GRN/Page_KDMC - CMS/input_txtbatchno'

2018-05-11 10:35:18 - [TEST_STEP][PASSED] - Statement - case 5:: Text '1.0' is set on object 'Object Repository/MOH AND GRN/Page_KDMC - CMS/input_txtdeal'

2018-05-11 10:35:18 - [TEST_STEP][PASSED] - Statement - return (java.lang.Math.floor((java.lang.Math.random() * ((max - min) + 1))) + min): Text '1.0' is set on object 'Object Repository/MOH AND GRN/Page_KDMC - CMS/input_txtdeal'

2018-05-11 10:35:18 - [MESSAGE][PASSED] - Text '1.0' is set on object 'Object Repository/MOH AND GRN/Page_KDMC - CMS/input_txtdeal'

2018-05-11 10:35:18 - [TEST_STEP][PASSED] - setText: Finding Test Object with id 'Object Repository/MOH AND GRN/Page_KDMC - CMS/input_txtbatchno'

2018-05-11 10:35:18 - [TEST_STEP][PASSED] - Statement - switch (id): Finding Test Object with id 'Object Repository/MOH AND GRN/Page_KDMC - CMS/input_txtmrp'

2018-05-11 10:35:18 - [TEST_STEP][PASSED] - Statement - case 1:: Text 'BA350.0' is set on object 'Object Repository/MOH AND GRN/Page_KDMC - CMS/input_txtbatchno'

2018-05-11 10:35:18 - [TEST_STEP][PASSED] - Statement - return (java.lang.Math.floor((java.lang.Math.random() * ((max - min) + 1))) + min): Text 'BA350.0' is set on object 'Object Repository/MOH AND GRN/Page_KDMC - CMS/input_txtbatchno'

2018-05-11 10:35:18 - [MESSAGE][PASSED] - Text 'BA350.0' is set on object 'Object Repository/MOH AND GRN/Page_KDMC - CMS/input_txtbatchno'

2018-05-11 10:35:18 - [TEST_STEP][PASSED] - rightClick: Object: 'Object Repository/GRN/Page_KDMC - CMS/input_txtexpdate' is right clicked on

2018-05-11 10:35:18 - [MESSAGE][PASSED] - Object: 'Object Repository/GRN/Page_KDMC - CMS/input_txtexpdate' is right clicked on

2018-05-11 10:35:18 - [TEST_STEP][PASSED] - selectOptionByIndex: All options with index in [5] are selected on object 'Object Repository/GRN/Page_KDMC - CMS/select_20182019202020212022202'

2018-05-11 10:35:18 - [MESSAGE][PASSED] - All options with index in [5] are selected on object 'Object Repository/GRN/Page_KDMC - CMS/select_20182019202020212022202'

2018-05-11 10:35:18 - [TEST_STEP][PASSED] - selectOptionByIndex: All options with index in [5] are selected on object 'Object Repository/GRN/Page_KDMC - CMS/select_JanFebMarAprMayJunJulAu'

2018-05-11 10:35:18 - [MESSAGE][PASSED] - All options with index in [5] are selected on object 'Object Repository/GRN/Page_KDMC - CMS/select_JanFebMarAprMayJunJulAu'

2018-05-11 10:35:18 - [TEST_STEP][PASSED] - click: Object: 'Object Repository/MOH AND GRN/Page_KDMC - CMS/a_12' is clicked on

2018-05-11 10:35:19 - [MESSAGE][PASSED] - Object: 'Object Repository/MOH AND GRN/Page_KDMC - CMS/a_12' is clicked on

2018-05-11 10:35:19 - [TEST_STEP][PASSED] - click: Object: 'Object Repository/MOH AND GRN/Page_KDMC - CMS/input_btnadd' is clicked on

2018-05-11 10:35:19 - [MESSAGE][PASSED] - Object: 'Object Repository/MOH AND GRN/Page_KDMC - CMS/input_btnadd' is clicked on

2018-05-11 10:35:19 - [TEST_STEP][PASSED] - Statement - If (s == 10): null

2018-05-11 10:35:19 - [TEST_STEP][PASSED] - Statement - Else: null

2018-05-11 10:35:19 - [TEST_STEP][PASSED] - Statement - (s++): null

2018-05-11 10:35:19 - [TEST_STEP][PASSED] - delay: Delayed 1 second(s)

2018-05-11 10:35:20 - [MESSAGE][PASSED] - Delayed 1 second(s)

2018-05-11 10:35:20 - [TEST_STEP][PASSED] - selectOptionByIndex: All options with index in [16] are selected on object 'Object Repository/MOH AND GRN/Page_KDMC - CMS/select_--Select--Amikacin -500'

2018-05-11 10:35:20 - [MESSAGE][PASSED] - All options with index in [16] are selected on object 'Object Repository/MOH AND GRN/Page_KDMC - CMS/select_--Select--Amikacin -500'

2018-05-11 10:35:20 - [TEST_STEP][PASSED] - setText: Text '5000' is set on object 'Object Repository/MOH AND GRN/Page_KDMC - CMS/input_txtqty'

2018-05-11 10:35:20 - [MESSAGE][PASSED] - Text '5000' is set on object 'Object Repository/MOH AND GRN/Page_KDMC - CMS/input_txtqty'

2018-05-11 10:35:20 - [TEST_STEP][PASSED] - selectOptionByIndex: All options with index in [1] are selected on object 'Object Repository/MOH AND GRN/Page_KDMC - CMS/select_--Select--No Tax0'

2018-05-11 10:35:20 - [MESSAGE][PASSED] - All options with index in [1] are selected on object 'Object Repository/MOH AND GRN/Page_KDMC - CMS/select_--Select--No Tax0'

2018-05-11 10:35:20 - [TEST_STEP][PASSED] - setText: Finding Test Object with id 'Object Repository/MOH AND GRN/Page_KDMC - CMS/input_txtmrp'

2018-05-11 10:35:20 - [TEST_STEP][PASSED] - Statement - switch (id): Finding Test Object with id 'Object Repository/MOH AND GRN/Page_KDMC - CMS/input_txtdeal'

2018-05-11 10:35:20 - [TEST_STEP][PASSED] - Statement - case 4:: Text '21.0' is set on object 'Object Repository/MOH AND GRN/Page_KDMC - CMS/input_txtmrp'

2018-05-11 10:35:20 - [TEST_STEP][PASSED] - Statement - return (java.lang.Math.floor((java.lang.Math.random() * ((max - min) + 1))) + min): Text '21.0' is set on object 'Object Repository/MOH AND GRN/Page_KDMC - CMS/input_txtmrp'

2018-05-11 10:35:20 - [MESSAGE][PASSED] - Text '21.0' is set on object 'Object Repository/MOH AND GRN/Page_KDMC - CMS/input_txtmrp'

2018-05-11 10:35:20 - [TEST_STEP][PASSED] - setText: Finding Test Object with id 'Object Repository/MOH AND GRN/Page_KDMC - CMS/input_txtdeal'

2018-05-11 10:35:20 - [TEST_STEP][PASSED] - Statement - switch (id): Finding Test Object with id 'Object Repository/MOH AND GRN/Page_KDMC - CMS/input_txtbatchno'

2018-05-11 10:35:20 - [TEST_STEP][PASSED] - Statement - case 5:: Text '2.0' is set on object 'Object Repository/MOH AND GRN/Page_KDMC - CMS/input_txtdeal'

2018-05-11 10:35:20 - [TEST_STEP][PASSED] - Statement - return (java.lang.Math.floor((java.lang.Math.random() * ((max - min) + 1))) + min): Text '2.0' is set on object 'Object Repository/MOH AND GRN/Page_KDMC - CMS/input_txtdeal'

2018-05-11 10:35:20 - [MESSAGE][PASSED] - Text '2.0' is set on object 'Object Repository/MOH AND GRN/Page_KDMC - CMS/input_txtdeal'

2018-05-11 10:35:20 - [TEST_STEP][PASSED] - setText: Finding Test Object with id 'Object Repository/MOH AND GRN/Page_KDMC - CMS/input_txtbatchno'

2018-05-11 10:35:20 - [TEST_STEP][PASSED] - Statement - switch (id): Finding Test Object with id 'Object Repository/MOH AND GRN/Page_KDMC - CMS/input_txtmrp'

2018-05-11 10:35:20 - [TEST_STEP][PASSED] - Statement - case 1:: Text 'BA617.0' is set on object 'Object Repository/MOH AND GRN/Page_KDMC - CMS/input_txtbatchno'

2018-05-11 10:35:20 - [TEST_STEP][PASSED] - Statement - return (java.lang.Math.floor((java.lang.Math.random() * ((max - min) + 1))) + min): Text 'BA617.0' is set on object 'Object Repository/MOH AND GRN/Page_KDMC - CMS/input_txtbatchno'

2018-05-11 10:35:21 - [MESSAGE][PASSED] - Text 'BA617.0' is set on object 'Object Repository/MOH AND GRN/Page_KDMC - CMS/input_txtbatchno'

2018-05-11 10:35:21 - [TEST_STEP][PASSED] - rightClick: Object: 'Object Repository/GRN/Page_KDMC - CMS/input_txtexpdate' is right clicked on

2018-05-11 10:35:21 - [MESSAGE][PASSED] - Object: 'Object Repository/GRN/Page_KDMC - CMS/input_txtexpdate' is right clicked on

2018-05-11 10:35:21 - [TEST_STEP][PASSED] - selectOptionByIndex: All options with index in [6] are selected on object 'Object Repository/GRN/Page_KDMC - CMS/select_20182019202020212022202'

2018-05-11 10:35:21 - [MESSAGE][PASSED] - All options with index in [6] are selected on object 'Object Repository/GRN/Page_KDMC - CMS/select_20182019202020212022202'

2018-05-11 10:35:21 - [TEST_STEP][PASSED] - selectOptionByIndex: All options with index in [6] are selected on object 'Object Repository/GRN/Page_KDMC - CMS/select_JanFebMarAprMayJunJulAu'

2018-05-11 10:35:21 - [MESSAGE][PASSED] - All options with index in [6] are selected on object 'Object Repository/GRN/Page_KDMC - CMS/select_JanFebMarAprMayJunJulAu'

2018-05-11 10:35:21 - [TEST_STEP][PASSED] - click: Object: 'Object Repository/MOH AND GRN/Page_KDMC - CMS/a_12' is clicked on

2018-05-11 10:35:21 - [MESSAGE][PASSED] - Object: 'Object Repository/MOH AND GRN/Page_KDMC - CMS/a_12' is clicked on

2018-05-11 10:35:21 - [TEST_STEP][PASSED] - click: Object: 'Object Repository/MOH AND GRN/Page_KDMC - CMS/input_btnadd' is clicked on

2018-05-11 10:35:21 - [MESSAGE][PASSED] - Object: 'Object Repository/MOH AND GRN/Page_KDMC - CMS/input_btnadd' is clicked on

2018-05-11 10:35:21 - [TEST_STEP][PASSED] - Statement - If (s == 10): null

2018-05-11 10:35:21 - [TEST_STEP][PASSED] - Statement - Else: null

2018-05-11 10:35:21 - [TEST_STEP][PASSED] - Statement - (s++): null

2018-05-11 10:35:21 - [TEST_STEP][PASSED] - delay: Delayed 1 second(s)

2018-05-11 10:35:22 - [MESSAGE][PASSED] - Delayed 1 second(s)

2018-05-11 10:35:22 - [TEST_STEP][PASSED] - selectOptionByIndex: All options with index in [17] are selected on object 'Object Repository/MOH AND GRN/Page_KDMC - CMS/select_--Select--Amikacin -500'

2018-05-11 10:35:23 - [MESSAGE][PASSED] - All options with index in [17] are selected on object 'Object Repository/MOH AND GRN/Page_KDMC - CMS/select_--Select--Amikacin -500'

2018-05-11 10:35:23 - [TEST_STEP][PASSED] - setText: Text '5000' is set on object 'Object Repository/MOH AND GRN/Page_KDMC - CMS/input_txtqty'

2018-05-11 10:35:23 - [MESSAGE][PASSED] - Text '5000' is set on object 'Object Repository/MOH AND GRN/Page_KDMC - CMS/input_txtqty'

2018-05-11 10:35:23 - [TEST_STEP][PASSED] - selectOptionByIndex: All options with index in [1] are selected on object 'Object Repository/MOH AND GRN/Page_KDMC - CMS/select_--Select--No Tax0'

2018-05-11 10:35:23 - [MESSAGE][PASSED] - All options with index in [1] are selected on object 'Object Repository/MOH AND GRN/Page_KDMC - CMS/select_--Select--No Tax0'

2018-05-11 10:35:23 - [TEST_STEP][PASSED] - setText: Finding Test Object with id 'Object Repository/MOH AND GRN/Page_KDMC - CMS/input_txtmrp'

2018-05-11 10:35:23 - [TEST_STEP][PASSED] - Statement - switch (id): Finding Test Object with id 'Object Repository/MOH AND GRN/Page_KDMC - CMS/input_txtdeal'

2018-05-11 10:35:23 - [TEST_STEP][PASSED] - Statement - case 4:: Text '31.0' is set on object 'Object Repository/MOH AND GRN/Page_KDMC - CMS/input_txtmrp'

2018-05-11 10:35:23 - [TEST_STEP][PASSED] - Statement - return (java.lang.Math.floor((java.lang.Math.random() * ((max - min) + 1))) + min): Text '31.0' is set on object 'Object Repository/MOH AND GRN/Page_KDMC - CMS/input_txtmrp'

2018-05-11 10:35:23 - [MESSAGE][PASSED] - Text '31.0' is set on object 'Object Repository/MOH AND GRN/Page_KDMC - CMS/input_txtmrp'

2018-05-11 10:35:23 - [TEST_STEP][PASSED] - setText: Finding Test Object with id 'Object Repository/MOH AND GRN/Page_KDMC - CMS/input_txtdeal'

2018-05-11 10:35:23 - [TEST_STEP][PASSED] - Statement - switch (id): Finding Test Object with id 'Object Repository/MOH AND GRN/Page_KDMC - CMS/input_txtbatchno'

2018-05-11 10:35:23 - [TEST_STEP][PASSED] - Statement - case 5:: Text '10.0' is set on object 'Object Repository/MOH AND GRN/Page_KDMC - CMS/input_txtdeal'

2018-05-11 10:35:23 - [TEST_STEP][PASSED] - Statement - return (java.lang.Math.floor((java.lang.Math.random() * ((max - min) + 1))) + min): Text '10.0' is set on object 'Object Repository/MOH AND GRN/Page_KDMC - CMS/input_txtdeal'

2018-05-11 10:35:23 - [MESSAGE][PASSED] - Text '10.0' is set on object 'Object Repository/MOH AND GRN/Page_KDMC - CMS/input_txtdeal'

2018-05-11 10:35:23 - [TEST_STEP][PASSED] - setText: Finding Test Object with id 'Object Repository/MOH AND GRN/Page_KDMC - CMS/input_txtbatchno'

2018-05-11 10:35:23 - [TEST_STEP][PASSED] - Statement - switch (id): Finding Test Object with id 'Object Repository/MOH AND GRN/Page_KDMC - CMS/input_txtmrp'

2018-05-11 10:35:23 - [TEST_STEP][PASSED] - Statement - case 1:: Text 'BA670.0' is set on object 'Object Repository/MOH AND GRN/Page_KDMC - CMS/input_txtbatchno'

2018-05-11 10:35:23 - [TEST_STEP][PASSED] - Statement - return (java.lang.Math.floor((java.lang.Math.random() * ((max - min) + 1))) + min): Text 'BA670.0' is set on object 'Object Repository/MOH AND GRN/Page_KDMC - CMS/input_txtbatchno'

2018-05-11 10:35:23 - [MESSAGE][PASSED] - Text 'BA670.0' is set on object 'Object Repository/MOH AND GRN/Page_KDMC - CMS/input_txtbatchno'

2018-05-11 10:35:23 - [TEST_STEP][PASSED] - rightClick: Object: 'Object Repository/GRN/Page_KDMC - CMS/input_txtexpdate' is right clicked on

2018-05-11 10:35:23 - [MESSAGE][PASSED] - Object: 'Object Repository/GRN/Page_KDMC - CMS/input_txtexpdate' is right clicked on

2018-05-11 10:35:23 - [TEST_STEP][PASSED] - selectOptionByIndex: All options with index in [7] are selected on object 'Object Repository/GRN/Page_KDMC - CMS/select_20182019202020212022202'

2018-05-11 10:35:23 - [MESSAGE][PASSED] - All options with index in [7] are selected on object 'Object Repository/GRN/Page_KDMC - CMS/select_20182019202020212022202'

2018-05-11 10:35:23 - [TEST_STEP][PASSED] - selectOptionByIndex: All options with index in [7] are selected on object 'Object Repository/GRN/Page_KDMC - CMS/select_JanFebMarAprMayJunJulAu'

2018-05-11 10:35:24 - [MESSAGE][PASSED] - All options with index in [7] are selected on object 'Object Repository/GRN/Page_KDMC - CMS/select_JanFebMarAprMayJunJulAu'

2018-05-11 10:35:24 - [TEST_STEP][PASSED] - click: Object: 'Object Repository/MOH AND GRN/Page_KDMC - CMS/a_12' is clicked on

2018-05-11 10:35:24 - [MESSAGE][PASSED] - Object: 'Object Repository/MOH AND GRN/Page_KDMC - CMS/a_12' is clicked on

2018-05-11 10:35:24 - [TEST_STEP][PASSED] - click: Object: 'Object Repository/MOH AND GRN/Page_KDMC - CMS/input_btnadd' is clicked on

2018-05-11 10:35:24 - [MESSAGE][PASSED] - Object: 'Object Repository/MOH AND GRN/Page_KDMC - CMS/input_btnadd' is clicked on

2018-05-11 10:35:24 - [TEST_STEP][PASSED] - Statement - If (s == 10): null

2018-05-11 10:35:24 - [TEST_STEP][PASSED] - Statement - Else: null

2018-05-11 10:35:24 - [TEST_STEP][PASSED] - Statement - (s++): null

2018-05-11 10:35:24 - [TEST_STEP][PASSED] - delay: Delayed 1 second(s)

2018-05-11 10:35:25 - [MESSAGE][PASSED] - Delayed 1 second(s)

2018-05-11 10:35:25 - [TEST_STEP][PASSED] - selectOptionByIndex: All options with index in [18] are selected on object 'Object Repository/MOH AND GRN/Page_KDMC - CMS/select_--Select--Amikacin -500'

2018-05-11 10:35:25 - [MESSAGE][PASSED] - All options with index in [18] are selected on object 'Object Repository/MOH AND GRN/Page_KDMC - CMS/select_--Select--Amikacin -500'

2018-05-11 10:35:25 - [TEST_STEP][PASSED] - setText: Text '5000' is set on object 'Object Repository/MOH AND GRN/Page_KDMC - CMS/input_txtqty'

2018-05-11 10:35:25 - [MESSAGE][PASSED] - Text '5000' is set on object 'Object Repository/MOH AND GRN/Page_KDMC - CMS/input_txtqty'

2018-05-11 10:35:25 - [TEST_STEP][PASSED] - selectOptionByIndex: All options with index in [1] are selected on object 'Object Repository/MOH AND GRN/Page_KDMC - CMS/select_--Select--No Tax0'

2018-05-11 10:35:25 - [MESSAGE][PASSED] - All options with index in [1] are selected on object 'Object Repository/MOH AND GRN/Page_KDMC - CMS/select_--Select--No Tax0'

2018-05-11 10:35:25 - [TEST_STEP][PASSED] - setText: Finding Test Object with id 'Object Repository/MOH AND GRN/Page_KDMC - CMS/input_txtmrp'

2018-05-11 10:35:25 - [TEST_STEP][PASSED] - Statement - switch (id): Finding Test Object with id 'Object Repository/MOH AND GRN/Page_KDMC - CMS/input_txtdeal'

2018-05-11 10:35:25 - [TEST_STEP][PASSED] - Statement - case 4:: Text '31.0' is set on object 'Object Repository/MOH AND GRN/Page_KDMC - CMS/input_txtmrp'

2018-05-11 10:35:25 - [TEST_STEP][PASSED] - Statement - return (java.lang.Math.floor((java.lang.Math.random() * ((max - min) + 1))) + min): Text '31.0' is set on object 'Object Repository/MOH AND GRN/Page_KDMC - CMS/input_txtmrp'

2018-05-11 10:35:26 - [MESSAGE][PASSED] - Text '31.0' is set on object 'Object Repository/MOH AND GRN/Page_KDMC - CMS/input_txtmrp'

2018-05-11 10:35:26 - [TEST_STEP][PASSED] - setText: Finding Test Object with id 'Object Repository/MOH AND GRN/Page_KDMC - CMS/input_txtdeal'

2018-05-11 10:35:26 - [TEST_STEP][PASSED] - Statement - switch (id): Finding Test Object with id 'Object Repository/MOH AND GRN/Page_KDMC - CMS/input_txtbatchno'

2018-05-11 10:35:26 - [TEST_STEP][PASSED] - Statement - case 5:: Text '7.0' is set on object 'Object Repository/MOH AND GRN/Page_KDMC - CMS/input_txtdeal'

2018-05-11 10:35:26 - [TEST_STEP][PASSED] - Statement - return (java.lang.Math.floor((java.lang.Math.random() * ((max - min) + 1))) + min): Text '7.0' is set on object 'Object Repository/MOH AND GRN/Page_KDMC - CMS/input_txtdeal'

2018-05-11 10:35:26 - [MESSAGE][PASSED] - Text '7.0' is set on object 'Object Repository/MOH AND GRN/Page_KDMC - CMS/input_txtdeal'

2018-05-11 10:35:26 - [TEST_STEP][PASSED] - setText: Finding Test Object with id 'Object Repository/MOH AND GRN/Page_KDMC - CMS/input_txtbatchno'

2018-05-11 10:35:26 - [TEST_STEP][PASSED] - Statement - switch (id): Finding Test Object with id 'Object Repository/MOH AND GRN/Page_KDMC - CMS/input_txtmrp'

2018-05-11 10:35:26 - [TEST_STEP][PASSED] - Statement - case 1:: Text 'BA978.0' is set on object 'Object Repository/MOH AND GRN/Page_KDMC - CMS/input_txtbatchno'

2018-05-11 10:35:26 - [TEST_STEP][PASSED] - Statement - return (java.lang.Math.floor((java.lang.Math.random() * ((max - min) + 1))) + min): Text 'BA978.0' is set on object 'Object Repository/MOH AND GRN/Page_KDMC - CMS/input_txtbatchno'

2018-05-11 10:35:26 - [MESSAGE][PASSED] - Text 'BA978.0' is set on object 'Object Repository/MOH AND GRN/Page_KDMC - CMS/input_txtbatchno'

2018-05-11 10:35:26 - [TEST_STEP][PASSED] - rightClick: Object: 'Object Repository/GRN/Page_KDMC - CMS/input_txtexpdate' is right clicked on

2018-05-11 10:35:26 - [MESSAGE][PASSED] - Object: 'Object Repository/GRN/Page_KDMC - CMS/input_txtexpdate' is right clicked on

2018-05-11 10:35:26 - [TEST_STEP][PASSED] - selectOptionByIndex: All options with index in [8] are selected on object 'Object Repository/GRN/Page_KDMC - CMS/select_20182019202020212022202'

2018-05-11 10:35:26 - [MESSAGE][PASSED] - All options with index in [8] are selected on object 'Object Repository/GRN/Page_KDMC - CMS/select_20182019202020212022202'

2018-05-11 10:35:26 - [TEST_STEP][PASSED] - selectOptionByIndex: All options with index in [8] are selected on object 'Object Repository/GRN/Page_KDMC - CMS/select_JanFebMarAprMayJunJulAu'

2018-05-11 10:35:26 - [MESSAGE][PASSED] - All options with index in [8] are selected on object 'Object Repository/GRN/Page_KDMC - CMS/select_JanFebMarAprMayJunJulAu'

2018-05-11 10:35:26 - [TEST_STEP][PASSED] - click: Object: 'Object Repository/MOH AND GRN/Page_KDMC - CMS/a_12' is clicked on

2018-05-11 10:35:26 - [MESSAGE][PASSED] - Object: 'Object Repository/MOH AND GRN/Page_KDMC - CMS/a_12' is clicked on

2018-05-11 10:35:26 - [TEST_STEP][PASSED] - click: Object: 'Object Repository/MOH AND GRN/Page_KDMC - CMS/input_btnadd' is clicked on

2018-05-11 10:35:26 - [MESSAGE][PASSED] - Object: 'Object Repository/MOH AND GRN/Page_KDMC - CMS/input_btnadd' is clicked on

2018-05-11 10:35:26 - [TEST_STEP][PASSED] - Statement - If (s == 10): null

2018-05-11 10:35:26 - [TEST_STEP][PASSED] - Statement - Else: null

2018-05-11 10:35:26 - [TEST_STEP][PASSED] - Statement - (s++): null

2018-05-11 10:35:26 - [TEST_STEP][PASSED] - delay: Delayed 1 second(s)

2018-05-11 10:35:27 - [MESSAGE][PASSED] - Delayed 1 second(s)

2018-05-11 10:35:27 - [TEST_STEP][PASSED] - selectOptionByIndex: All options with index in [19] are selected on object 'Object Repository/MOH AND GRN/Page_KDMC - CMS/select_--Select--Amikacin -500'

2018-05-11 10:35:28 - [MESSAGE][PASSED] - All options with index in [19] are selected on object 'Object Repository/MOH AND GRN/Page_KDMC - CMS/select_--Select--Amikacin -500'

2018-05-11 10:35:28 - [TEST_STEP][PASSED] - setText: Text '5000' is set on object 'Object Repository/MOH AND GRN/Page_KDMC - CMS/input_txtqty'

2018-05-11 10:35:28 - [MESSAGE][PASSED] - Text '5000' is set on object 'Object Repository/MOH AND GRN/Page_KDMC - CMS/input_txtqty'

2018-05-11 10:35:28 - [TEST_STEP][PASSED] - selectOptionByIndex: All options with index in [1] are selected on object 'Object Repository/MOH AND GRN/Page_KDMC - CMS/select_--Select--No Tax0'

2018-05-11 10:35:28 - [MESSAGE][PASSED] - All options with index in [1] are selected on object 'Object Repository/MOH AND GRN/Page_KDMC - CMS/select_--Select--No Tax0'

2018-05-11 10:35:28 - [TEST_STEP][PASSED] - setText: Finding Test Object with id 'Object Repository/MOH AND GRN/Page_KDMC - CMS/input_txtmrp'

2018-05-11 10:35:28 - [TEST_STEP][PASSED] - Statement - switch (id): Finding Test Object with id 'Object Repository/MOH AND GRN/Page_KDMC - CMS/input_txtdeal'

2018-05-11 10:35:28 - [TEST_STEP][PASSED] - Statement - case 4:: Text '28.0' is set on object 'Object Repository/MOH AND GRN/Page_KDMC - CMS/input_txtmrp'

2018-05-11 10:35:28 - [TEST_STEP][PASSED] - Statement - return (java.lang.Math.floor((java.lang.Math.random() * ((max - min) + 1))) + min): Text '28.0' is set on object 'Object Repository/MOH AND GRN/Page_KDMC - CMS/input_txtmrp'

2018-05-11 10:35:28 - [MESSAGE][PASSED] - Text '28.0' is set on object 'Object Repository/MOH AND GRN/Page_KDMC - CMS/input_txtmrp'

2018-05-11 10:35:28 - [TEST_STEP][PASSED] - setText: Finding Test Object with id 'Object Repository/MOH AND GRN/Page_KDMC - CMS/input_txtdeal'

2018-05-11 10:35:28 - [TEST_STEP][PASSED] - Statement - switch (id): Finding Test Object with id 'Object Repository/MOH AND GRN/Page_KDMC - CMS/input_txtbatchno'

2018-05-11 10:35:28 - [TEST_STEP][PASSED] - Statement - case 5:: Text '9.0' is set on object 'Object Repository/MOH AND GRN/Page_KDMC - CMS/input_txtdeal'

2018-05-11 10:35:28 - [TEST_STEP][PASSED] - Statement - return (java.lang.Math.floor((java.lang.Math.random() * ((max - min) + 1))) + min): Text '9.0' is set on object 'Object Repository/MOH AND GRN/Page_KDMC - CMS/input_txtdeal'

2018-05-11 10:35:28 - [MESSAGE][PASSED] - Text '9.0' is set on object 'Object Repository/MOH AND GRN/Page_KDMC - CMS/input_txtdeal'

2018-05-11 10:35:28 - [TEST_STEP][PASSED] - setText: Finding Test Object with id 'Object Repository/MOH AND GRN/Page_KDMC - CMS/input_txtbatchno'

2018-05-11 10:35:28 - [TEST_STEP][PASSED] - Statement - switch (id): Finding Test Object with id 'Object Repository/MOH AND GRN/Page_KDMC - CMS/input_txtmrp'

2018-05-11 10:35:28 - [TEST_STEP][PASSED] - Statement - case 1:: Text 'BA761.0' is set on object 'Object Repository/MOH AND GRN/Page_KDMC - CMS/input_txtbatchno'

2018-05-11 10:35:28 - [TEST_STEP][PASSED] - Statement - return (java.lang.Math.floor((java.lang.Math.random() * ((max - min) + 1))) + min): Text 'BA761.0' is set on object 'Object Repository/MOH AND GRN/Page_KDMC - CMS/input_txtbatchno'

2018-05-11 10:35:28 - [MESSAGE][PASSED] - Text 'BA761.0' is set on object 'Object Repository/MOH AND GRN/Page_KDMC - CMS/input_txtbatchno'

2018-05-11 10:35:28 - [TEST_STEP][PASSED] - rightClick: Object: 'Object Repository/GRN/Page_KDMC - CMS/input_txtexpdate' is right clicked on

2018-05-11 10:35:28 - [MESSAGE][PASSED] - Object: 'Object Repository/GRN/Page_KDMC - CMS/input_txtexpdate' is right clicked on

2018-05-11 10:35:28 - [TEST_STEP][PASSED] - selectOptionByIndex: All options with index in [9] are selected on object 'Object Repository/GRN/Page_KDMC - CMS/select_20182019202020212022202'

2018-05-11 10:35:29 - [MESSAGE][PASSED] - All options with index in [9] are selected on object 'Object Repository/GRN/Page_KDMC - CMS/select_20182019202020212022202'

2018-05-11 10:35:29 - [TEST_STEP][PASSED] - selectOptionByIndex: All options with index in [9] are selected on object 'Object Repository/GRN/Page_KDMC - CMS/select_JanFebMarAprMayJunJulAu'

2018-05-11 10:35:29 - [MESSAGE][PASSED] - All options with index in [9] are selected on object 'Object Repository/GRN/Page_KDMC - CMS/select_JanFebMarAprMayJunJulAu'

2018-05-11 10:35:29 - [TEST_STEP][PASSED] - click: Object: 'Object Repository/MOH AND GRN/Page_KDMC - CMS/a_12' is clicked on

2018-05-11 10:35:29 - [MESSAGE][PASSED] - Object: 'Object Repository/MOH AND GRN/Page_KDMC - CMS/a_12' is clicked on

2018-05-11 10:35:29 - [TEST_STEP][PASSED] - click: Object: 'Object Repository/MOH AND GRN/Page_KDMC - CMS/input_btnadd' is clicked on

2018-05-11 10:35:29 - [MESSAGE][PASSED] - Object: 'Object Repository/MOH AND GRN/Page_KDMC - CMS/input_btnadd' is clicked on

2018-05-11 10:35:29 - [TEST_STEP][PASSED] - Statement - If (s == 10): null

2018-05-11 10:35:29 - [TEST_STEP][PASSED] - Statement - Else: null

2018-05-11 10:35:29 - [TEST_STEP][PASSED] - Statement - (s++): null

2018-05-11 10:35:29 - [TEST_STEP][PASSED] - delay: Delayed 1 second(s)

2018-05-11 10:35:30 - [MESSAGE][PASSED] - Delayed 1 second(s)

2018-05-11 10:35:30 - [TEST_STEP][PASSED] - selectOptionByIndex: All options with index in [20] are selected on object 'Object Repository/MOH AND GRN/Page_KDMC - CMS/select_--Select--Amikacin -500'

2018-05-11 10:35:30 - [MESSAGE][PASSED] - All options with index in [20] are selected on object 'Object Repository/MOH AND GRN/Page_KDMC - CMS/select_--Select--Amikacin -500'

2018-05-11 10:35:30 - [TEST_STEP][PASSED] - setText: Text '5000' is set on object 'Object Repository/MOH AND GRN/Page_KDMC - CMS/input_txtqty'

2018-05-11 10:35:30 - [MESSAGE][PASSED] - Text '5000' is set on object 'Object Repository/MOH AND GRN/Page_KDMC - CMS/input_txtqty'

2018-05-11 10:35:30 - [TEST_STEP][PASSED] - selectOptionByIndex: All options with index in [1] are selected on object 'Object Repository/MOH AND GRN/Page_KDMC - CMS/select_--Select--No Tax0'

2018-05-11 10:35:31 - [MESSAGE][PASSED] - All options with index in [1] are selected on object 'Object Repository/MOH AND GRN/Page_KDMC - CMS/select_--Select--No Tax0'

2018-05-11 10:35:31 - [TEST_STEP][PASSED] - setText: Finding Test Object with id 'Object Repository/MOH AND GRN/Page_KDMC - CMS/input_txtmrp'

2018-05-11 10:35:31 - [TEST_STEP][PASSED] - Statement - switch (id): Finding Test Object with id 'Object Repository/MOH AND GRN/Page_KDMC - CMS/input_txtdeal'

2018-05-11 10:35:31 - [TEST_STEP][PASSED] - Statement - case 4:: Text '33.0' is set on object 'Object Repository/MOH AND GRN/Page_KDMC - CMS/input_txtmrp'

2018-05-11 10:35:31 - [TEST_STEP][PASSED] - Statement - return (java.lang.Math.floor((java.lang.Math.random() * ((max - min) + 1))) + min): Text '33.0' is set on object 'Object Repository/MOH AND GRN/Page_KDMC - CMS/input_txtmrp'

2018-05-11 10:35:31 - [MESSAGE][PASSED] - Text '33.0' is set on object 'Object Repository/MOH AND GRN/Page_KDMC - CMS/input_txtmrp'

2018-05-11 10:35:31 - [TEST_STEP][PASSED] - setText: Finding Test Object with id 'Object Repository/MOH AND GRN/Page_KDMC - CMS/input_txtdeal'

2018-05-11 10:35:31 - [TEST_STEP][PASSED] - Statement - switch (id): Finding Test Object with id 'Object Repository/MOH AND GRN/Page_KDMC - CMS/input_txtbatchno'

2018-05-11 10:35:31 - [TEST_STEP][PASSED] - Statement - case 5:: Text '8.0' is set on object 'Object Repository/MOH AND GRN/Page_KDMC - CMS/input_txtdeal'

2018-05-11 10:35:31 - [TEST_STEP][PASSED] - Statement - return (java.lang.Math.floor((java.lang.Math.random() * ((max - min) + 1))) + min): Text '8.0' is set on object 'Object Repository/MOH AND GRN/Page_KDMC - CMS/input_txtdeal'

2018-05-11 10:35:31 - [MESSAGE][PASSED] - Text '8.0' is set on object 'Object Repository/MOH AND GRN/Page_KDMC - CMS/input_txtdeal'

2018-05-11 10:35:31 - [TEST_STEP][PASSED] - setText: Finding Test Object with id 'Object Repository/MOH AND GRN/Page_KDMC - CMS/input_txtbatchno'

2018-05-11 10:35:31 - [TEST_STEP][PASSED] - Statement - switch (id): Finding Test Object with id 'Object Repository/MOH AND GRN/Page_KDMC - CMS/input_txtmrp'

2018-05-11 10:35:31 - [TEST_STEP][PASSED] - Statement - case 1:: Text 'BA294.0' is set on object 'Object Repository/MOH AND GRN/Page_KDMC - CMS/input_txtbatchno'

2018-05-11 10:35:31 - [TEST_STEP][PASSED] - Statement - return (java.lang.Math.floor((java.lang.Math.random() * ((max - min) + 1))) + min): Text 'BA294.0' is set on object 'Object Repository/MOH AND GRN/Page_KDMC - CMS/input_txtbatchno'

2018-05-11 10:35:31 - [MESSAGE][PASSED] - Text 'BA294.0' is set on object 'Object Repository/MOH AND GRN/Page_KDMC - CMS/input_txtbatchno'

2018-05-11 10:35:31 - [TEST_STEP][PASSED] - rightClick: Object: 'Object Repository/GRN/Page_KDMC - CMS/input_txtexpdate' is right clicked on

2018-05-11 10:35:31 - [MESSAGE][PASSED] - Object: 'Object Repository/GRN/Page_KDMC - CMS/input_txtexpdate' is right clicked on

2018-05-11 10:35:31 - [TEST_STEP][PASSED] - selectOptionByIndex: All options with index in [10] are selected on object 'Object Repository/GRN/Page_KDMC - CMS/select_20182019202020212022202'

2018-05-11 10:35:31 - [MESSAGE][PASSED] - All options with index in [10] are selected on object 'Object Repository/GRN/Page_KDMC - CMS/select_20182019202020212022202'

2018-05-11 10:35:31 - [TEST_STEP][PASSED] - selectOptionByIndex: All options with index in [10] are selected on object 'Object Repository/GRN/Page_KDMC - CMS/select_JanFebMarAprMayJunJulAu'

2018-05-11 10:35:31 - [MESSAGE][PASSED] - All options with index in [10] are selected on object 'Object Repository/GRN/Page_KDMC - CMS/select_JanFebMarAprMayJunJulAu'

2018-05-11 10:35:31 - [TEST_STEP][PASSED] - click: Object: 'Object Repository/MOH AND GRN/Page_KDMC - CMS/a_12' is clicked on

2018-05-11 10:35:32 - [MESSAGE][PASSED] - Object: 'Object Repository/MOH AND GRN/Page_KDMC - CMS/a_12' is clicked on

2018-05-11 10:35:32 - [TEST_STEP][PASSED] - click: Object: 'Object Repository/MOH AND GRN/Page_KDMC - CMS/input_btnadd' is clicked on

2018-05-11 10:35:32 - [MESSAGE][PASSED] - Object: 'Object Repository/MOH AND GRN/Page_KDMC - CMS/input_btnadd' is clicked on

2018-05-11 10:35:32 - [TEST_STEP][PASSED] - Statement - If (s == 10): null

2018-05-11 10:35:32 - [TEST_STEP][PASSED] - Statement - s = 1: null

2018-05-11 10:35:32 - [TEST_STEP][PASSED] - delay: Delayed 1 second(s)

2018-05-11 10:35:33 - [MESSAGE][PASSED] - Delayed 1 second(s)

2018-05-11 10:35:33 - [TEST_STEP][PASSED] - selectOptionByIndex: All options with index in [21] are selected on object 'Object Repository/MOH AND GRN/Page_KDMC - CMS/select_--Select--Amikacin -500'

2018-05-11 10:35:33 - [MESSAGE][PASSED] - All options with index in [21] are selected on object 'Object Repository/MOH AND GRN/Page_KDMC - CMS/select_--Select--Amikacin -500'

2018-05-11 10:35:33 - [TEST_STEP][PASSED] - setText: Text '5000' is set on object 'Object Repository/MOH AND GRN/Page_KDMC - CMS/input_txtqty'

2018-05-11 10:35:33 - [MESSAGE][PASSED] - Text '5000' is set on object 'Object Repository/MOH AND GRN/Page_KDMC - CMS/input_txtqty'

2018-05-11 10:35:33 - [TEST_STEP][PASSED] - selectOptionByIndex: All options with index in [1] are selected on object 'Object Repository/MOH AND GRN/Page_KDMC - CMS/select_--Select--No Tax0'

2018-05-11 10:35:33 - [MESSAGE][PASSED] - All options with index in [1] are selected on object 'Object Repository/MOH AND GRN/Page_KDMC - CMS/select_--Select--No Tax0'

2018-05-11 10:35:33 - [TEST_STEP][PASSED] - setText: Finding Test Object with id 'Object Repository/MOH AND GRN/Page_KDMC - CMS/input_txtmrp'

2018-05-11 10:35:33 - [TEST_STEP][PASSED] - Statement - switch (id): Finding Test Object with id 'Object Repository/MOH AND GRN/Page_KDMC - CMS/input_txtdeal'

2018-05-11 10:35:33 - [TEST_STEP][PASSED] - Statement - case 4:: Text '24.0' is set on object 'Object Repository/MOH AND GRN/Page_KDMC - CMS/input_txtmrp'

2018-05-11 10:35:33 - [TEST_STEP][PASSED] - Statement - return (java.lang.Math.floor((java.lang.Math.random() * ((max - min) + 1))) + min): Text '24.0' is set on object 'Object Repository/MOH AND GRN/Page_KDMC - CMS/input_txtmrp'

2018-05-11 10:35:33 - [MESSAGE][PASSED] - Text '24.0' is set on object 'Object Repository/MOH AND GRN/Page_KDMC - CMS/input_txtmrp'

2018-05-11 10:35:33 - [TEST_STEP][PASSED] - setText: Finding Test Object with id 'Object Repository/MOH AND GRN/Page_KDMC - CMS/input_txtdeal'

2018-05-11 10:35:33 - [TEST_STEP][PASSED] - Statement - switch (id): Finding Test Object with id 'Object Repository/MOH AND GRN/Page_KDMC - CMS/input_txtbatchno'

2018-05-11 10:35:33 - [TEST_STEP][PASSED] - Statement - case 5:: Text '5.0' is set on object 'Object Repository/MOH AND GRN/Page_KDMC - CMS/input_txtdeal'

2018-05-11 10:35:33 - [TEST_STEP][PASSED] - Statement - return (java.lang.Math.floor((java.lang.Math.random() * ((max - min) + 1))) + min): Text '5.0' is set on object 'Object Repository/MOH AND GRN/Page_KDMC - CMS/input_txtdeal'

2018-05-11 10:35:33 - [MESSAGE][PASSED] - Text '5.0' is set on object 'Object Repository/MOH AND GRN/Page_KDMC - CMS/input_txtdeal'

2018-05-11 10:35:33 - [TEST_STEP][PASSED] - setText: Finding Test Object with id 'Object Repository/MOH AND GRN/Page_KDMC - CMS/input_txtbatchno'

2018-05-11 10:35:33 - [TEST_STEP][PASSED] - Statement - switch (id): Finding Test Object with id 'Object Repository/MOH AND GRN/Page_KDMC - CMS/input_txtmrp'

2018-05-11 10:35:33 - [TEST_STEP][PASSED] - Statement - case 1:: Text 'BA462.0' is set on object 'Object Repository/MOH AND GRN/Page_KDMC - CMS/input_txtbatchno'

2018-05-11 10:35:33 - [TEST_STEP][PASSED] - Statement - return (java.lang.Math.floor((java.lang.Math.random() * ((max - min) + 1))) + min): Text 'BA462.0' is set on object 'Object Repository/MOH AND GRN/Page_KDMC - CMS/input_txtbatchno'

2018-05-11 10:35:33 - [MESSAGE][PASSED] - Text 'BA462.0' is set on object 'Object Repository/MOH AND GRN/Page_KDMC - CMS/input_txtbatchno'

2018-05-11 10:35:33 - [TEST_STEP][PASSED] - rightClick: Object: 'Object Repository/GRN/Page_KDMC - CMS/input_txtexpdate' is right clicked on

2018-05-11 10:35:34 - [MESSAGE][PASSED] - Object: 'Object Repository/GRN/Page_KDMC - CMS/input_txtexpdate' is right clicked on

2018-05-11 10:35:34 - [TEST_STEP][PASSED] - selectOptionByIndex: All options with index in [1] are selected on object 'Object Repository/GRN/Page_KDMC - CMS/select_20182019202020212022202'

2018-05-11 10:35:34 - [MESSAGE][PASSED] - All options with index in [1] are selected on object 'Object Repository/GRN/Page_KDMC - CMS/select_20182019202020212022202'

2018-05-11 10:35:34 - [TEST_STEP][PASSED] - selectOptionByIndex: All options with index in [1] are selected on object 'Object Repository/GRN/Page_KDMC - CMS/select_JanFebMarAprMayJunJulAu'

2018-05-11 10:35:34 - [MESSAGE][PASSED] - All options with index in [1] are selected on object 'Object Repository/GRN/Page_KDMC - CMS/select_JanFebMarAprMayJunJulAu'

2018-05-11 10:35:34 - [TEST_STEP][PASSED] - click: Object: 'Object Repository/MOH AND GRN/Page_KDMC - CMS/a_12' is clicked on

2018-05-11 10:35:34 - [MESSAGE][PASSED] - Object: 'Object Repository/MOH AND GRN/Page_KDMC - CMS/a_12' is clicked on

2018-05-11 10:35:34 - [TEST_STEP][PASSED] - click: Object: 'Object Repository/MOH AND GRN/Page_KDMC - CMS/input_btnadd' is clicked on

2018-05-11 10:35:34 - [MESSAGE][PASSED] - Object: 'Object Repository/MOH AND GRN/Page_KDMC - CMS/input_btnadd' is clicked on

2018-05-11 10:35:34 - [TEST_STEP][PASSED] - Statement - If (s == 10): null

2018-05-11 10:35:34 - [TEST_STEP][PASSED] - Statement - Else: null

2018-05-11 10:35:34 - [TEST_STEP][PASSED] - Statement - (s++): null

2018-05-11 10:35:34 - [TEST_STEP][PASSED] - delay: Delayed 1 second(s)

2018-05-11 10:35:35 - [MESSAGE][PASSED] - Delayed 1 second(s)

2018-05-11 10:35:35 - [TEST_STEP][PASSED] - selectOptionByIndex: All options with index in [22] are selected on object 'Object Repository/MOH AND GRN/Page_KDMC - CMS/select_--Select--Amikacin -500'

2018-05-11 10:35:35 - [MESSAGE][PASSED] - All options with index in [22] are selected on object 'Object Repository/MOH AND GRN/Page_KDMC - CMS/select_--Select--Amikacin -500'

2018-05-11 10:35:35 - [TEST_STEP][PASSED] - setText: Text '5000' is set on object 'Object Repository/MOH AND GRN/Page_KDMC - CMS/input_txtqty'

2018-05-11 10:35:36 - [MESSAGE][PASSED] - Text '5000' is set on object 'Object Repository/MOH AND GRN/Page_KDMC - CMS/input_txtqty'

2018-05-11 10:35:36 - [TEST_STEP][PASSED] - selectOptionByIndex: All options with index in [1] are selected on object 'Object Repository/MOH AND GRN/Page_KDMC - CMS/select_--Select--No Tax0'

2018-05-11 10:35:36 - [MESSAGE][PASSED] - All options with index in [1] are selected on object 'Object Repository/MOH AND GRN/Page_KDMC - CMS/select_--Select--No Tax0'

2018-05-11 10:35:36 - [TEST_STEP][PASSED] - setText: Finding Test Object with id 'Object Repository/MOH AND GRN/Page_KDMC - CMS/input_txtmrp'

2018-05-11 10:35:36 - [TEST_STEP][PASSED] - Statement - switch (id): Finding Test Object with id 'Object Repository/MOH AND GRN/Page_KDMC - CMS/input_txtdeal'

2018-05-11 10:35:36 - [TEST_STEP][PASSED] - Statement - case 4:: Text '39.0' is set on object 'Object Repository/MOH AND GRN/Page_KDMC - CMS/input_txtmrp'

2018-05-11 10:35:36 - [TEST_STEP][PASSED] - Statement - return (java.lang.Math.floor((java.lang.Math.random() * ((max - min) + 1))) + min): Text '39.0' is set on object 'Object Repository/MOH AND GRN/Page_KDMC - CMS/input_txtmrp'

2018-05-11 10:35:36 - [MESSAGE][PASSED] - Text '39.0' is set on object 'Object Repository/MOH AND GRN/Page_KDMC - CMS/input_txtmrp'

2018-05-11 10:35:36 - [TEST_STEP][PASSED] - setText: Finding Test Object with id 'Object Repository/MOH AND GRN/Page_KDMC - CMS/input_txtdeal'

2018-05-11 10:35:36 - [TEST_STEP][PASSED] - Statement - switch (id): Finding Test Object with id 'Object Repository/MOH AND GRN/Page_KDMC - CMS/input_txtbatchno'

2018-05-11 10:35:36 - [TEST_STEP][PASSED] - Statement - case 5:: Text '8.0' is set on object 'Object Repository/MOH AND GRN/Page_KDMC - CMS/input_txtdeal'

2018-05-11 10:35:36 - [TEST_STEP][PASSED] - Statement - return (java.lang.Math.floor((java.lang.Math.random() * ((max - min) + 1))) + min): Text '8.0' is set on object 'Object Repository/MOH AND GRN/Page_KDMC - CMS/input_txtdeal'

2018-05-11 10:35:36 - [MESSAGE][PASSED] - Text '8.0' is set on object 'Object Repository/MOH AND GRN/Page_KDMC - CMS/input_txtdeal'

2018-05-11 10:35:36 - [TEST_STEP][PASSED] - setText: Finding Test Object with id 'Object Repository/MOH AND GRN/Page_KDMC - CMS/input_txtbatchno'

2018-05-11 10:35:36 - [TEST_STEP][PASSED] - Statement - switch (id): Finding Test Object with id 'Object Repository/MOH AND GRN/Page_KDMC - CMS/input_txtmrp'

2018-05-11 10:35:36 - [TEST_STEP][PASSED] - Statement - case 1:: Text 'BA462.0' is set on object 'Object Repository/MOH AND GRN/Page_KDMC - CMS/input_txtbatchno'

2018-05-11 10:35:36 - [TEST_STEP][PASSED] - Statement - return (java.lang.Math.floor((java.lang.Math.random() * ((max - min) + 1))) + min): Text 'BA462.0' is set on object 'Object Repository/MOH AND GRN/Page_KDMC - CMS/input_txtbatchno'

2018-05-11 10:35:36 - [MESSAGE][PASSED] - Text 'BA462.0' is set on object 'Object Repository/MOH AND GRN/Page_KDMC - CMS/input_txtbatchno'

2018-05-11 10:35:36 - [TEST_STEP][PASSED] - rightClick: Object: 'Object Repository/GRN/Page_KDMC - CMS/input_txtexpdate' is right clicked on

2018-05-11 10:35:36 - [MESSAGE][PASSED] - Object: 'Object Repository/GRN/Page_KDMC - CMS/input_txtexpdate' is right clicked on

2018-05-11 10:35:36 - [TEST_STEP][PASSED] - selectOptionByIndex: All options with index in [2] are selected on object 'Object Repository/GRN/Page_KDMC - CMS/select_20182019202020212022202'

2018-05-11 10:35:36 - [MESSAGE][PASSED] - All options with index in [2] are selected on object 'Object Repository/GRN/Page_KDMC - CMS/select_20182019202020212022202'

2018-05-11 10:35:36 - [TEST_STEP][PASSED] - selectOptionByIndex: All options with index in [2] are selected on object 'Object Repository/GRN/Page_KDMC - CMS/select_JanFebMarAprMayJunJulAu'

2018-05-11 10:35:36 - [MESSAGE][PASSED] - All options with index in [2] are selected on object 'Object Repository/GRN/Page_KDMC - CMS/select_JanFebMarAprMayJunJulAu'

2018-05-11 10:35:36 - [TEST_STEP][PASSED] - click: Object: 'Object Repository/MOH AND GRN/Page_KDMC - CMS/a_12' is clicked on

2018-05-11 10:35:36 - [MESSAGE][PASSED] - Object: 'Object Repository/MOH AND GRN/Page_KDMC - CMS/a_12' is clicked on

2018-05-11 10:35:36 - [TEST_STEP][PASSED] - click: Object: 'Object Repository/MOH AND GRN/Page_KDMC - CMS/input_btnadd' is clicked on

2018-05-11 10:35:36 - [MESSAGE][PASSED] - Object: 'Object Repository/MOH AND GRN/Page_KDMC - CMS/input_btnadd' is clicked on

2018-05-11 10:35:36 - [TEST_STEP][PASSED] - Statement - If (s == 10): null

2018-05-11 10:35:36 - [TEST_STEP][PASSED] - Statement - Else: null

2018-05-11 10:35:36 - [TEST_STEP][PASSED] - Statement - (s++): null

2018-05-11 10:35:36 - [TEST_STEP][PASSED] - delay: Delayed 1 second(s)

2018-05-11 10:35:37 - [MESSAGE][PASSED] - Delayed 1 second(s)

2018-05-11 10:35:37 - [TEST_STEP][PASSED] - selectOptionByIndex: All options with index in [23] are selected on object 'Object Repository/MOH AND GRN/Page_KDMC - CMS/select_--Select--Amikacin -500'

2018-05-11 10:35:38 - [MESSAGE][PASSED] - All options with index in [23] are selected on object 'Object Repository/MOH AND GRN/Page_KDMC - CMS/select_--Select--Amikacin -500'

2018-05-11 10:35:38 - [TEST_STEP][PASSED] - setText: Text '5000' is set on object 'Object Repository/MOH AND GRN/Page_KDMC - CMS/input_txtqty'

2018-05-11 10:35:38 - [MESSAGE][PASSED] - Text '5000' is set on object 'Object Repository/MOH AND GRN/Page_KDMC - CMS/input_txtqty'

2018-05-11 10:35:38 - [TEST_STEP][PASSED] - selectOptionByIndex: All options with index in [1] are selected on object 'Object Repository/MOH AND GRN/Page_KDMC - CMS/select_--Select--No Tax0'

2018-05-11 10:35:38 - [MESSAGE][PASSED] - All options with index in [1] are selected on object 'Object Repository/MOH AND GRN/Page_KDMC - CMS/select_--Select--No Tax0'

2018-05-11 10:35:38 - [TEST_STEP][PASSED] - setText: Finding Test Object with id 'Object Repository/MOH AND GRN/Page_KDMC - CMS/input_txtmrp'

2018-05-11 10:35:38 - [TEST_STEP][PASSED] - Statement - switch (id): Finding Test Object with id 'Object Repository/MOH AND GRN/Page_KDMC - CMS/input_txtdeal'

2018-05-11 10:35:38 - [TEST_STEP][PASSED] - Statement - case 4:: Text '40.0' is set on object 'Object Repository/MOH AND GRN/Page_KDMC - CMS/input_txtmrp'

2018-05-11 10:35:38 - [TEST_STEP][PASSED] - Statement - return (java.lang.Math.floor((java.lang.Math.random() * ((max - min) + 1))) + min): Text '40.0' is set on object 'Object Repository/MOH AND GRN/Page_KDMC - CMS/input_txtmrp'

2018-05-11 10:35:38 - [MESSAGE][PASSED] - Text '40.0' is set on object 'Object Repository/MOH AND GRN/Page_KDMC - CMS/input_txtmrp'

2018-05-11 10:35:38 - [TEST_STEP][PASSED] - setText: Finding Test Object with id 'Object Repository/MOH AND GRN/Page_KDMC - CMS/input_txtdeal'

2018-05-11 10:35:38 - [TEST_STEP][PASSED] - Statement - switch (id): Finding Test Object with id 'Object Repository/MOH AND GRN/Page_KDMC - CMS/input_txtbatchno'

2018-05-11 10:35:38 - [TEST_STEP][PASSED] - Statement - case 5:: Text '6.0' is set on object 'Object Repository/MOH AND GRN/Page_KDMC - CMS/input_txtdeal'

2018-05-11 10:35:38 - [TEST_STEP][PASSED] - Statement - return (java.lang.Math.floor((java.lang.Math.random() * ((max - min) + 1))) + min): Text '6.0' is set on object 'Object Repository/MOH AND GRN/Page_KDMC - CMS/input_txtdeal'

2018-05-11 10:35:38 - [MESSAGE][PASSED] - Text '6.0' is set on object 'Object Repository/MOH AND GRN/Page_KDMC - CMS/input_txtdeal'

2018-05-11 10:35:38 - [TEST_STEP][PASSED] - setText: Finding Test Object with id 'Object Repository/MOH AND GRN/Page_KDMC - CMS/input_txtbatchno'

2018-05-11 10:35:38 - [TEST_STEP][PASSED] - Statement - switch (id): Finding Test Object with id 'Object Repository/MOH AND GRN/Page_KDMC - CMS/input_txtmrp'

2018-05-11 10:35:38 - [TEST_STEP][PASSED] - Statement - case 1:: Text 'BA142.0' is set on object 'Object Repository/MOH AND GRN/Page_KDMC - CMS/input_txtbatchno'

2018-05-11 10:35:38 - [TEST_STEP][PASSED] - Statement - return (java.lang.Math.floor((java.lang.Math.random() * ((max - min) + 1))) + min): Text 'BA142.0' is set on object 'Object Repository/MOH AND GRN/Page_KDMC - CMS/input_txtbatchno'

2018-05-11 10:35:39 - [MESSAGE][PASSED] - Text 'BA142.0' is set on object 'Object Repository/MOH AND GRN/Page_KDMC - CMS/input_txtbatchno'

2018-05-11 10:35:39 - [TEST_STEP][PASSED] - rightClick: Object: 'Object Repository/GRN/Page_KDMC - CMS/input_txtexpdate' is right clicked on

2018-05-11 10:35:39 - [MESSAGE][PASSED] - Object: 'Object Repository/GRN/Page_KDMC - CMS/input_txtexpdate' is right clicked on

2018-05-11 10:35:39 - [TEST_STEP][PASSED] - selectOptionByIndex: All options with index in [3] are selected on object 'Object Repository/GRN/Page_KDMC - CMS/select_20182019202020212022202'

2018-05-11 10:35:39 - [MESSAGE][PASSED] - All options with index in [3] are selected on object 'Object Repository/GRN/Page_KDMC - CMS/select_20182019202020212022202'

2018-05-11 10:35:39 - [TEST_STEP][PASSED] - selectOptionByIndex: All options with index in [3] are selected on object 'Object Repository/GRN/Page_KDMC - CMS/select_JanFebMarAprMayJunJulAu'

2018-05-11 10:35:39 - [MESSAGE][PASSED] - All options with index in [3] are selected on object 'Object Repository/GRN/Page_KDMC - CMS/select_JanFebMarAprMayJunJulAu'

2018-05-11 10:35:39 - [TEST_STEP][PASSED] - click: Object: 'Object Repository/MOH AND GRN/Page_KDMC - CMS/a_12' is clicked on

2018-05-11 10:35:39 - [MESSAGE][PASSED] - Object: 'Object Repository/MOH AND GRN/Page_KDMC - CMS/a_12' is clicked on

2018-05-11 10:35:39 - [TEST_STEP][PASSED] - click: Object: 'Object Repository/MOH AND GRN/Page_KDMC - CMS/input_btnadd' is clicked on

2018-05-11 10:35:39 - [MESSAGE][PASSED] - Object: 'Object Repository/MOH AND GRN/Page_KDMC - CMS/input_btnadd' is clicked on

2018-05-11 10:35:39 - [TEST_STEP][PASSED] - Statement - If (s == 10): null

2018-05-11 10:35:39 - [TEST_STEP][PASSED] - Statement - Else: null

2018-05-11 10:35:39 - [TEST_STEP][PASSED] - Statement - (s++): null

2018-05-11 10:35:39 - [TEST_STEP][PASSED] - delay: Delayed 1 second(s)

2018-05-11 10:35:40 - [MESSAGE][PASSED] - Delayed 1 second(s)

2018-05-11 10:35:40 - [TEST_STEP][PASSED] - selectOptionByIndex: All options with index in [24] are selected on object 'Object Repository/MOH AND GRN/Page_KDMC - CMS/select_--Select--Amikacin -500'

2018-05-11 10:35:41 - [MESSAGE][PASSED] - All options with index in [24] are selected on object 'Object Repository/MOH AND GRN/Page_KDMC - CMS/select_--Select--Amikacin -500'

2018-05-11 10:35:41 - [TEST_STEP][PASSED] - setText: Text '5000' is set on object 'Object Repository/MOH AND GRN/Page_KDMC - CMS/input_txtqty'

2018-05-11 10:35:41 - [MESSAGE][PASSED] - Text '5000' is set on object 'Object Repository/MOH AND GRN/Page_KDMC - CMS/input_txtqty'

2018-05-11 10:35:41 - [TEST_STEP][PASSED] - selectOptionByIndex: All options with index in [1] are selected on object 'Object Repository/MOH AND GRN/Page_KDMC - CMS/select_--Select--No Tax0'

2018-05-11 10:35:41 - [MESSAGE][PASSED] - All options with index in [1] are selected on object 'Object Repository/MOH AND GRN/Page_KDMC - CMS/select_--Select--No Tax0'

2018-05-11 10:35:41 - [TEST_STEP][PASSED] - setText: Finding Test Object with id 'Object Repository/MOH AND GRN/Page_KDMC - CMS/input_txtmrp'

2018-05-11 10:35:41 - [TEST_STEP][PASSED] - Statement - switch (id): Finding Test Object with id 'Object Repository/MOH AND GRN/Page_KDMC - CMS/input_txtdeal'

2018-05-11 10:35:41 - [TEST_STEP][PASSED] - Statement - case 4:: Text '43.0' is set on object 'Object Repository/MOH AND GRN/Page_KDMC - CMS/input_txtmrp'

2018-05-11 10:35:41 - [TEST_STEP][PASSED] - Statement - return (java.lang.Math.floor((java.lang.Math.random() * ((max - min) + 1))) + min): Text '43.0' is set on object 'Object Repository/MOH AND GRN/Page_KDMC - CMS/input_txtmrp'

2018-05-11 10:35:41 - [MESSAGE][PASSED] - Text '43.0' is set on object 'Object Repository/MOH AND GRN/Page_KDMC - CMS/input_txtmrp'

2018-05-11 10:35:41 - [TEST_STEP][PASSED] - setText: Finding Test Object with id 'Object Repository/MOH AND GRN/Page_KDMC - CMS/input_txtdeal'

2018-05-11 10:35:41 - [TEST_STEP][PASSED] - Statement - switch (id): Finding Test Object with id 'Object Repository/MOH AND GRN/Page_KDMC - CMS/input_txtbatchno'

2018-05-11 10:35:41 - [TEST_STEP][PASSED] - Statement - case 5:: Text '3.0' is set on object 'Object Repository/MOH AND GRN/Page_KDMC - CMS/input_txtdeal'

2018-05-11 10:35:41 - [TEST_STEP][PASSED] - Statement - return (java.lang.Math.floor((java.lang.Math.random() * ((max - min) + 1))) + min): Text '3.0' is set on object 'Object Repository/MOH AND GRN/Page_KDMC - CMS/input_txtdeal'

2018-05-11 10:35:41 - [MESSAGE][PASSED] - Text '3.0' is set on object 'Object Repository/MOH AND GRN/Page_KDMC - CMS/input_txtdeal'

2018-05-11 10:35:41 - [TEST_STEP][PASSED] - setText: Finding Test Object with id 'Object Repository/MOH AND GRN/Page_KDMC - CMS/input_txtbatchno'

2018-05-11 10:35:41 - [TEST_STEP][PASSED] - Statement - switch (id): Finding Test Object with id 'Object Repository/MOH AND GRN/Page_KDMC - CMS/input_txtmrp'

2018-05-11 10:35:41 - [TEST_STEP][PASSED] - Statement - case 1:: Text 'BA703.0' is set on object 'Object Repository/MOH AND GRN/Page_KDMC - CMS/input_txtbatchno'

2018-05-11 10:35:41 - [TEST_STEP][PASSED] - Statement - return (java.lang.Math.floor((java.lang.Math.random() * ((max - min) + 1))) + min): Text 'BA703.0' is set on object 'Object Repository/MOH AND GRN/Page_KDMC - CMS/input_txtbatchno'

2018-05-11 10:35:41 - [MESSAGE][PASSED] - Text 'BA703.0' is set on object 'Object Repository/MOH AND GRN/Page_KDMC - CMS/input_txtbatchno'

2018-05-11 10:35:41 - [TEST_STEP][PASSED] - rightClick: Object: 'Object Repository/GRN/Page_KDMC - CMS/input_txtexpdate' is right clicked on

2018-05-11 10:35:41 - [MESSAGE][PASSED] - Object: 'Object Repository/GRN/Page_KDMC - CMS/input_txtexpdate' is right clicked on

2018-05-11 10:35:41 - [TEST_STEP][PASSED] - selectOptionByIndex: All options with index in [4] are selected on object 'Object Repository/GRN/Page_KDMC - CMS/select_20182019202020212022202'

2018-05-11 10:35:41 - [MESSAGE][PASSED] - All options with index in [4] are selected on object 'Object Repository/GRN/Page_KDMC - CMS/select_20182019202020212022202'

2018-05-11 10:35:41 - [TEST_STEP][PASSED] - selectOptionByIndex: All options with index in [4] are selected on object 'Object Repository/GRN/Page_KDMC - CMS/select_JanFebMarAprMayJunJulAu'

2018-05-11 10:35:41 - [MESSAGE][PASSED] - All options with index in [4] are selected on object 'Object Repository/GRN/Page_KDMC - CMS/select_JanFebMarAprMayJunJulAu'

2018-05-11 10:35:41 - [TEST_STEP][PASSED] - click: Object: 'Object Repository/MOH AND GRN/Page_KDMC - CMS/a_12' is clicked on

2018-05-11 10:35:42 - [MESSAGE][PASSED] - Object: 'Object Repository/MOH AND GRN/Page_KDMC - CMS/a_12' is clicked on

2018-05-11 10:35:42 - [TEST_STEP][PASSED] - click: Object: 'Object Repository/MOH AND GRN/Page_KDMC - CMS/input_btnadd' is clicked on

2018-05-11 10:35:42 - [MESSAGE][PASSED] - Object: 'Object Repository/MOH AND GRN/Page_KDMC - CMS/input_btnadd' is clicked on

2018-05-11 10:35:42 - [TEST_STEP][PASSED] - Statement - If (s == 10): null

2018-05-11 10:35:42 - [TEST_STEP][PASSED] - Statement - Else: null

2018-05-11 10:35:42 - [TEST_STEP][PASSED] - Statement - (s++): null

2018-05-11 10:35:42 - [TEST_STEP][PASSED] - delay: Delayed 1 second(s)

2018-05-11 10:35:43 - [MESSAGE][PASSED] - Delayed 1 second(s)

2018-05-11 10:35:43 - [TEST_STEP][PASSED] - selectOptionByIndex: All options with index in [25] are selected on object 'Object Repository/MOH AND GRN/Page_KDMC - CMS/select_--Select--Amikacin -500'

2018-05-11 10:35:43 - [MESSAGE][PASSED] - All options with index in [25] are selected on object 'Object Repository/MOH AND GRN/Page_KDMC - CMS/select_--Select--Amikacin -500'

2018-05-11 10:35:43 - [TEST_STEP][PASSED] - setText: Text '5000' is set on object 'Object Repository/MOH AND GRN/Page_KDMC - CMS/input_txtqty'

2018-05-11 10:35:43 - [MESSAGE][PASSED] - Text '5000' is set on object 'Object Repository/MOH AND GRN/Page_KDMC - CMS/input_txtqty'

2018-05-11 10:35:43 - [TEST_STEP][PASSED] - selectOptionByIndex: All options with index in [1] are selected on object 'Object Repository/MOH AND GRN/Page_KDMC - CMS/select_--Select--No Tax0'

2018-05-11 10:35:43 - [MESSAGE][PASSED] - All options with index in [1] are selected on object 'Object Repository/MOH AND GRN/Page_KDMC - CMS/select_--Select--No Tax0'

2018-05-11 10:35:43 - [TEST_STEP][PASSED] - setText: Finding Test Object with id 'Object Repository/MOH AND GRN/Page_KDMC - CMS/input_txtmrp'

2018-05-11 10:35:43 - [TEST_STEP][PASSED] - Statement - switch (id): Finding Test Object with id 'Object Repository/MOH AND GRN/Page_KDMC - CMS/input_txtdeal'

2018-05-11 10:35:43 - [TEST_STEP][PASSED] - Statement - case 4:: Text '25.0' is set on object 'Object Repository/MOH AND GRN/Page_KDMC - CMS/input_txtmrp'

2018-05-11 10:35:43 - [TEST_STEP][PASSED] - Statement - return (java.lang.Math.floor((java.lang.Math.random() * ((max - min) + 1))) + min): Text '25.0' is set on object 'Object Repository/MOH AND GRN/Page_KDMC - CMS/input_txtmrp'

2018-05-11 10:35:43 - [MESSAGE][PASSED] - Text '25.0' is set on object 'Object Repository/MOH AND GRN/Page_KDMC - CMS/input_txtmrp'

2018-05-11 10:35:43 - [TEST_STEP][PASSED] - setText: Finding Test Object with id 'Object Repository/MOH AND GRN/Page_KDMC - CMS/input_txtdeal'

2018-05-11 10:35:43 - [TEST_STEP][PASSED] - Statement - switch (id): Finding Test Object with id 'Object Repository/MOH AND GRN/Page_KDMC - CMS/input_txtbatchno'

2018-05-11 10:35:43 - [TEST_STEP][PASSED] - Statement - case 5:: Text '12.0' is set on object 'Object Repository/MOH AND GRN/Page_KDMC - CMS/input_txtdeal'

2018-05-11 10:35:43 - [TEST_STEP][PASSED] - Statement - return (java.lang.Math.floor((java.lang.Math.random() * ((max - min) + 1))) + min): Text '12.0' is set on object 'Object Repository/MOH AND GRN/Page_KDMC - CMS/input_txtdeal'

2018-05-11 10:35:43 - [MESSAGE][PASSED] - Text '12.0' is set on object 'Object Repository/MOH AND GRN/Page_KDMC - CMS/input_txtdeal'

2018-05-11 10:35:43 - [TEST_STEP][PASSED] - setText: Finding Test Object with id 'Object Repository/MOH AND GRN/Page_KDMC - CMS/input_txtbatchno'

2018-05-11 10:35:43 - [TEST_STEP][PASSED] - Statement - switch (id): Finding Test Object with id 'Object Repository/MOH AND GRN/Page_KDMC - CMS/input_txtmrp'

2018-05-11 10:35:43 - [TEST_STEP][PASSED] - Statement - case 1:: Text 'BA899.0' is set on object 'Object Repository/MOH AND GRN/Page_KDMC - CMS/input_txtbatchno'

2018-05-11 10:35:43 - [TEST_STEP][PASSED] - Statement - return (java.lang.Math.floor((java.lang.Math.random() * ((max - min) + 1))) + min): Text 'BA899.0' is set on object 'Object Repository/MOH AND GRN/Page_KDMC - CMS/input_txtbatchno'

2018-05-11 10:35:44 - [MESSAGE][PASSED] - Text 'BA899.0' is set on object 'Object Repository/MOH AND GRN/Page_KDMC - CMS/input_txtbatchno'

2018-05-11 10:35:44 - [TEST_STEP][PASSED] - rightClick: Object: 'Object Repository/GRN/Page_KDMC - CMS/input_txtexpdate' is right clicked on

2018-05-11 10:35:44 - [MESSAGE][PASSED] - Object: 'Object Repository/GRN/Page_KDMC - CMS/input_txtexpdate' is right clicked on

2018-05-11 10:35:44 - [TEST_STEP][PASSED] - selectOptionByIndex: All options with index in [5] are selected on object 'Object Repository/GRN/Page_KDMC - CMS/select_20182019202020212022202'

2018-05-11 10:35:44 - [MESSAGE][PASSED] - All options with index in [5] are selected on object 'Object Repository/GRN/Page_KDMC - CMS/select_20182019202020212022202'

2018-05-11 10:35:44 - [TEST_STEP][PASSED] - selectOptionByIndex: All options with index in [5] are selected on object 'Object Repository/GRN/Page_KDMC - CMS/select_JanFebMarAprMayJunJulAu'

2018-05-11 10:35:44 - [MESSAGE][PASSED] - All options with index in [5] are selected on object 'Object Repository/GRN/Page_KDMC - CMS/select_JanFebMarAprMayJunJulAu'

2018-05-11 10:35:44 - [TEST_STEP][PASSED] - click: Object: 'Object Repository/MOH AND GRN/Page_KDMC - CMS/a_12' is clicked on

2018-05-11 10:35:44 - [MESSAGE][PASSED] - Object: 'Object Repository/MOH AND GRN/Page_KDMC - CMS/a_12' is clicked on

2018-05-11 10:35:44 - [TEST_STEP][PASSED] - click: Object: 'Object Repository/MOH AND GRN/Page_KDMC - CMS/input_btnadd' is clicked on

2018-05-11 10:35:44 - [MESSAGE][PASSED] - Object: 'Object Repository/MOH AND GRN/Page_KDMC - CMS/input_btnadd' is clicked on

2018-05-11 10:35:44 - [TEST_STEP][PASSED] - Statement - If (s == 10): null

2018-05-11 10:35:44 - [TEST_STEP][PASSED] - Statement - Else: null

2018-05-11 10:35:44 - [TEST_STEP][PASSED] - Statement - (s++): null

2018-05-11 10:35:44 - [TEST_STEP][PASSED] - delay: Delayed 1 second(s)

2018-05-11 10:35:45 - [MESSAGE][PASSED] - Delayed 1 second(s)

2018-05-11 10:35:45 - [TEST_STEP][PASSED] - selectOptionByIndex: All options with index in [26] are selected on object 'Object Repository/MOH AND GRN/Page_KDMC - CMS/select_--Select--Amikacin -500'

2018-05-11 10:35:46 - [MESSAGE][PASSED] - All options with index in [26] are selected on object 'Object Repository/MOH AND GRN/Page_KDMC - CMS/select_--Select--Amikacin -500'

2018-05-11 10:35:46 - [TEST_STEP][PASSED] - setText: Text '5000' is set on object 'Object Repository/MOH AND GRN/Page_KDMC - CMS/input_txtqty'

2018-05-11 10:35:46 - [MESSAGE][PASSED] - Text '5000' is set on object 'Object Repository/MOH AND GRN/Page_KDMC - CMS/input_txtqty'

2018-05-11 10:35:46 - [TEST_STEP][PASSED] - selectOptionByIndex: All options with index in [1] are selected on object 'Object Repository/MOH AND GRN/Page_KDMC - CMS/select_--Select--No Tax0'

2018-05-11 10:35:46 - [MESSAGE][PASSED] - All options with index in [1] are selected on object 'Object Repository/MOH AND GRN/Page_KDMC - CMS/select_--Select--No Tax0'

2018-05-11 10:35:46 - [TEST_STEP][PASSED] - setText: Finding Test Object with id 'Object Repository/MOH AND GRN/Page_KDMC - CMS/input_txtmrp'

2018-05-11 10:35:46 - [TEST_STEP][PASSED] - Statement - switch (id): Finding Test Object with id 'Object Repository/MOH AND GRN/Page_KDMC - CMS/input_txtdeal'

2018-05-11 10:35:46 - [TEST_STEP][PASSED] - Statement - case 4:: Text '29.0' is set on object 'Object Repository/MOH AND GRN/Page_KDMC - CMS/input_txtmrp'

2018-05-11 10:35:46 - [TEST_STEP][PASSED] - Statement - return (java.lang.Math.floor((java.lang.Math.random() * ((max - min) + 1))) + min): Text '29.0' is set on object 'Object Repository/MOH AND GRN/Page_KDMC - CMS/input_txtmrp'

2018-05-11 10:35:46 - [MESSAGE][PASSED] - Text '29.0' is set on object 'Object Repository/MOH AND GRN/Page_KDMC - CMS/input_txtmrp'

2018-05-11 10:35:46 - [TEST_STEP][PASSED] - setText: Finding Test Object with id 'Object Repository/MOH AND GRN/Page_KDMC - CMS/input_txtdeal'

2018-05-11 10:35:46 - [TEST_STEP][PASSED] - Statement - switch (id): Finding Test Object with id 'Object Repository/MOH AND GRN/Page_KDMC - CMS/input_txtbatchno'

2018-05-11 10:35:46 - [TEST_STEP][PASSED] - Statement - case 5:: Text '9.0' is set on object 'Object Repository/MOH AND GRN/Page_KDMC - CMS/input_txtdeal'

2018-05-11 10:35:46 - [TEST_STEP][PASSED] - Statement - return (java.lang.Math.floor((java.lang.Math.random() * ((max - min) + 1))) + min): Text '9.0' is set on object 'Object Repository/MOH AND GRN/Page_KDMC - CMS/input_txtdeal'

2018-05-11 10:35:46 - [MESSAGE][PASSED] - Text '9.0' is set on object 'Object Repository/MOH AND GRN/Page_KDMC - CMS/input_txtdeal'

2018-05-11 10:35:46 - [TEST_STEP][PASSED] - setText: Finding Test Object with id 'Object Repository/MOH AND GRN/Page_KDMC - CMS/input_txtbatchno'

2018-05-11 10:35:46 - [TEST_STEP][PASSED] - Statement - switch (id): Finding Test Object with id 'Object Repository/MOH AND GRN/Page_KDMC - CMS/input_txtmrp'

2018-05-11 10:35:46 - [TEST_STEP][PASSED] - Statement - case 1:: Text 'BA388.0' is set on object 'Object Repository/MOH AND GRN/Page_KDMC - CMS/input_txtbatchno'

2018-05-11 10:35:46 - [TEST_STEP][PASSED] - Statement - return (java.lang.Math.floor((java.lang.Math.random() * ((max - min) + 1))) + min): Text 'BA388.0' is set on object 'Object Repository/MOH AND GRN/Page_KDMC - CMS/input_txtbatchno'

2018-05-11 10:35:46 - [MESSAGE][PASSED] - Text 'BA388.0' is set on object 'Object Repository/MOH AND GRN/Page_KDMC - CMS/input_txtbatchno'

2018-05-11 10:35:46 - [TEST_STEP][PASSED] - rightClick: Object: 'Object Repository/GRN/Page_KDMC - CMS/input_txtexpdate' is right clicked on

2018-05-11 10:35:46 - [MESSAGE][PASSED] - Object: 'Object Repository/GRN/Page_KDMC - CMS/input_txtexpdate' is right clicked on

2018-05-11 10:35:46 - [TEST_STEP][PASSED] - selectOptionByIndex: All options with index in [6] are selected on object 'Object Repository/GRN/Page_KDMC - CMS/select_20182019202020212022202'

2018-05-11 10:35:47 - [MESSAGE][PASSED] - All options with index in [6] are selected on object 'Object Repository/GRN/Page_KDMC - CMS/select_20182019202020212022202'

2018-05-11 10:35:47 - [TEST_STEP][PASSED] - selectOptionByIndex: All options with index in [6] are selected on object 'Object Repository/GRN/Page_KDMC - CMS/select_JanFebMarAprMayJunJulAu'

2018-05-11 10:35:47 - [MESSAGE][PASSED] - All options with index in [6] are selected on object 'Object Repository/GRN/Page_KDMC - CMS/select_JanFebMarAprMayJunJulAu'

2018-05-11 10:35:47 - [TEST_STEP][PASSED] - click: Object: 'Object Repository/MOH AND GRN/Page_KDMC - CMS/a_12' is clicked on

2018-05-11 10:35:47 - [MESSAGE][PASSED] - Object: 'Object Repository/MOH AND GRN/Page_KDMC - CMS/a_12' is clicked on

2018-05-11 10:35:47 - [TEST_STEP][PASSED] - click: Object: 'Object Repository/MOH AND GRN/Page_KDMC - CMS/input_btnadd' is clicked on

2018-05-11 10:35:47 - [MESSAGE][PASSED] - Object: 'Object Repository/MOH AND GRN/Page_KDMC - CMS/input_btnadd' is clicked on

2018-05-11 10:35:47 - [TEST_STEP][PASSED] - Statement - If (s == 10): null

2018-05-11 10:35:47 - [TEST_STEP][PASSED] - Statement - Else: null

2018-05-11 10:35:47 - [TEST_STEP][PASSED] - Statement - (s++): null

2018-05-11 10:35:47 - [TEST_STEP][PASSED] - delay: Delayed 1 second(s)

2018-05-11 10:35:48 - [MESSAGE][PASSED] - Delayed 1 second(s)

2018-05-11 10:35:48 - [TEST_STEP][PASSED] - selectOptionByIndex: All options with index in [27] are selected on object 'Object Repository/MOH AND GRN/Page_KDMC - CMS/select_--Select--Amikacin -500'

2018-05-11 10:35:48 - [MESSAGE][PASSED] - All options with index in [27] are selected on object 'Object Repository/MOH AND GRN/Page_KDMC - CMS/select_--Select--Amikacin -500'

2018-05-11 10:35:48 - [TEST_STEP][PASSED] - setText: Text '5000' is set on object 'Object Repository/MOH AND GRN/Page_KDMC - CMS/input_txtqty'

2018-05-11 10:35:48 - [MESSAGE][PASSED] - Text '5000' is set on object 'Object Repository/MOH AND GRN/Page_KDMC - CMS/input_txtqty'

2018-05-11 10:35:48 - [TEST_STEP][PASSED] - selectOptionByIndex: All options with index in [1] are selected on object 'Object Repository/MOH AND GRN/Page_KDMC - CMS/select_--Select--No Tax0'

2018-05-11 10:35:49 - [MESSAGE][PASSED] - All options with index in [1] are selected on object 'Object Repository/MOH AND GRN/Page_KDMC - CMS/select_--Select--No Tax0'

2018-05-11 10:35:49 - [TEST_STEP][PASSED] - setText: Finding Test Object with id 'Object Repository/MOH AND GRN/Page_KDMC - CMS/input_txtmrp'

2018-05-11 10:35:49 - [TEST_STEP][PASSED] - Statement - switch (id): Finding Test Object with id 'Object Repository/MOH AND GRN/Page_KDMC - CMS/input_txtdeal'

2018-05-11 10:35:49 - [TEST_STEP][PASSED] - Statement - case 4:: Text '20.0' is set on object 'Object Repository/MOH AND GRN/Page_KDMC - CMS/input_txtmrp'

2018-05-11 10:35:49 - [TEST_STEP][PASSED] - Statement - return (java.lang.Math.floor((java.lang.Math.random() * ((max - min) + 1))) + min): Text '20.0' is set on object 'Object Repository/MOH AND GRN/Page_KDMC - CMS/input_txtmrp'

2018-05-11 10:35:49 - [MESSAGE][PASSED] - Text '20.0' is set on object 'Object Repository/MOH AND GRN/Page_KDMC - CMS/input_txtmrp'

2018-05-11 10:35:49 - [TEST_STEP][PASSED] - setText: Finding Test Object with id 'Object Repository/MOH AND GRN/Page_KDMC - CMS/input_txtdeal'

2018-05-11 10:35:49 - [TEST_STEP][PASSED] - Statement - switch (id): Finding Test Object with id 'Object Repository/MOH AND GRN/Page_KDMC - CMS/input_txtbatchno'

2018-05-11 10:35:49 - [TEST_STEP][PASSED] - Statement - case 5:: Text '12.0' is set on object 'Object Repository/MOH AND GRN/Page_KDMC - CMS/input_txtdeal'

2018-05-11 10:35:49 - [TEST_STEP][PASSED] - Statement - return (java.lang.Math.floor((java.lang.Math.random() * ((max - min) + 1))) + min): Text '12.0' is set on object 'Object Repository/MOH AND GRN/Page_KDMC - CMS/input_txtdeal'

2018-05-11 10:35:49 - [MESSAGE][PASSED] - Text '12.0' is set on object 'Object Repository/MOH AND GRN/Page_KDMC - CMS/input_txtdeal'

2018-05-11 10:35:49 - [TEST_STEP][PASSED] - setText: Finding Test Object with id 'Object Repository/MOH AND GRN/Page_KDMC - CMS/input_txtbatchno'

2018-05-11 10:35:49 - [TEST_STEP][PASSED] - Statement - switch (id): Finding Test Object with id 'Object Repository/MOH AND GRN/Page_KDMC - CMS/input_txtmrp'

2018-05-11 10:35:49 - [TEST_STEP][PASSED] - Statement - case 1:: Text 'BA340.0' is set on object 'Object Repository/MOH AND GRN/Page_KDMC - CMS/input_txtbatchno'

2018-05-11 10:35:49 - [TEST_STEP][PASSED] - Statement - return (java.lang.Math.floor((java.lang.Math.random() * ((max - min) + 1))) + min): Text 'BA340.0' is set on object 'Object Repository/MOH AND GRN/Page_KDMC - CMS/input_txtbatchno'

2018-05-11 10:35:49 - [MESSAGE][PASSED] - Text 'BA340.0' is set on object 'Object Repository/MOH AND GRN/Page_KDMC - CMS/input_txtbatchno'

2018-05-11 10:35:49 - [TEST_STEP][PASSED] - rightClick: Object: 'Object Repository/GRN/Page_KDMC - CMS/input_txtexpdate' is right clicked on

2018-05-11 10:35:49 - [MESSAGE][PASSED] - Object: 'Object Repository/GRN/Page_KDMC - CMS/input_txtexpdate' is right clicked on

2018-05-11 10:35:49 - [TEST_STEP][PASSED] - selectOptionByIndex: All options with index in [7] are selected on object 'Object Repository/GRN/Page_KDMC - CMS/select_20182019202020212022202'

2018-05-11 10:35:49 - [MESSAGE][PASSED] - All options with index in [7] are selected on object 'Object Repository/GRN/Page_KDMC - CMS/select_20182019202020212022202'

2018-05-11 10:35:49 - [TEST_STEP][PASSED] - selectOptionByIndex: All options with index in [7] are selected on object 'Object Repository/GRN/Page_KDMC - CMS/select_JanFebMarAprMayJunJulAu'

2018-05-11 10:35:49 - [MESSAGE][PASSED] - All options with index in [7] are selected on object 'Object Repository/GRN/Page_KDMC - CMS/select_JanFebMarAprMayJunJulAu'

2018-05-11 10:35:49 - [TEST_STEP][PASSED] - click: Object: 'Object Repository/MOH AND GRN/Page_KDMC - CMS/a_12' is clicked on

2018-05-11 10:35:49 - [MESSAGE][PASSED] - Object: 'Object Repository/MOH AND GRN/Page_KDMC - CMS/a_12' is clicked on

2018-05-11 10:35:49 - [TEST_STEP][PASSED] - click: Object: 'Object Repository/MOH AND GRN/Page_KDMC - CMS/input_btnadd' is clicked on

2018-05-11 10:35:50 - [MESSAGE][PASSED] - Object: 'Object Repository/MOH AND GRN/Page_KDMC - CMS/input_btnadd' is clicked on

2018-05-11 10:35:50 - [TEST_STEP][PASSED] - Statement - If (s == 10): null

2018-05-11 10:35:50 - [TEST_STEP][PASSED] - Statement - Else: null

2018-05-11 10:35:50 - [TEST_STEP][PASSED] - Statement - (s++): null

2018-05-11 10:35:50 - [TEST_STEP][PASSED] - delay: Delayed 1 second(s)

2018-05-11 10:35:51 - [MESSAGE][PASSED] - Delayed 1 second(s)

2018-05-11 10:35:51 - [TEST_STEP][PASSED] - selectOptionByIndex: All options with index in [28] are selected on object 'Object Repository/MOH AND GRN/Page_KDMC - CMS/select_--Select--Amikacin -500'

2018-05-11 10:35:51 - [MESSAGE][PASSED] - All options with index in [28] are selected on object 'Object Repository/MOH AND GRN/Page_KDMC - CMS/select_--Select--Amikacin -500'

2018-05-11 10:35:51 - [TEST_STEP][PASSED] - setText: Text '5000' is set on object 'Object Repository/MOH AND GRN/Page_KDMC - CMS/input_txtqty'

2018-05-11 10:35:51 - [MESSAGE][PASSED] - Text '5000' is set on object 'Object Repository/MOH AND GRN/Page_KDMC - CMS/input_txtqty'

2018-05-11 10:35:51 - [TEST_STEP][PASSED] - selectOptionByIndex: All options with index in [1] are selected on object 'Object Repository/MOH AND GRN/Page_KDMC - CMS/select_--Select--No Tax0'

2018-05-11 10:35:51 - [MESSAGE][PASSED] - All options with index in [1] are selected on object 'Object Repository/MOH AND GRN/Page_KDMC - CMS/select_--Select--No Tax0'

2018-05-11 10:35:51 - [TEST_STEP][PASSED] - setText: Finding Test Object with id 'Object Repository/MOH AND GRN/Page_KDMC - CMS/input_txtmrp'

2018-05-11 10:35:51 - [TEST_STEP][PASSED] - Statement - switch (id): Finding Test Object with id 'Object Repository/MOH AND GRN/Page_KDMC - CMS/input_txtdeal'

2018-05-11 10:35:51 - [TEST_STEP][PASSED] - Statement - case 4:: Text '45.0' is set on object 'Object Repository/MOH AND GRN/Page_KDMC - CMS/input_txtmrp'

2018-05-11 10:35:51 - [TEST_STEP][PASSED] - Statement - return (java.lang.Math.floor((java.lang.Math.random() * ((max - min) + 1))) + min): Text '45.0' is set on object 'Object Repository/MOH AND GRN/Page_KDMC - CMS/input_txtmrp'

2018-05-11 10:35:51 - [MESSAGE][PASSED] - Text '45.0' is set on object 'Object Repository/MOH AND GRN/Page_KDMC - CMS/input_txtmrp'

2018-05-11 10:35:51 - [TEST_STEP][PASSED] - setText: Finding Test Object with id 'Object Repository/MOH AND GRN/Page_KDMC - CMS/input_txtdeal'

2018-05-11 10:35:51 - [TEST_STEP][PASSED] - Statement - switch (id): Finding Test Object with id 'Object Repository/MOH AND GRN/Page_KDMC - CMS/input_txtbatchno'

2018-05-11 10:35:51 - [TEST_STEP][PASSED] - Statement - case 5:: Text '4.0' is set on object 'Object Repository/MOH AND GRN/Page_KDMC - CMS/input_txtdeal'

2018-05-11 10:35:51 - [TEST_STEP][PASSED] - Statement - return (java.lang.Math.floor((java.lang.Math.random() * ((max - min) + 1))) + min): Text '4.0' is set on object 'Object Repository/MOH AND GRN/Page_KDMC - CMS/input_txtdeal'

2018-05-11 10:35:51 - [MESSAGE][PASSED] - Text '4.0' is set on object 'Object Repository/MOH AND GRN/Page_KDMC - CMS/input_txtdeal'

2018-05-11 10:35:51 - [TEST_STEP][PASSED] - setText: Finding Test Object with id 'Object Repository/MOH AND GRN/Page_KDMC - CMS/input_txtbatchno'

2018-05-11 10:35:51 - [TEST_STEP][PASSED] - Statement - switch (id): Finding Test Object with id 'Object Repository/MOH AND GRN/Page_KDMC - CMS/input_txtmrp'

2018-05-11 10:35:51 - [TEST_STEP][PASSED] - Statement - case 1:: Text 'BA395.0' is set on object 'Object Repository/MOH AND GRN/Page_KDMC - CMS/input_txtbatchno'

2018-05-11 10:35:51 - [TEST_STEP][PASSED] - Statement - return (java.lang.Math.floor((java.lang.Math.random() * ((max - min) + 1))) + min): Text 'BA395.0' is set on object 'Object Repository/MOH AND GRN/Page_KDMC - CMS/input_txtbatchno'

2018-05-11 10:35:51 - [MESSAGE][PASSED] - Text 'BA395.0' is set on object 'Object Repository/MOH AND GRN/Page_KDMC - CMS/input_txtbatchno'

2018-05-11 10:35:51 - [TEST_STEP][PASSED] - rightClick: Object: 'Object Repository/GRN/Page_KDMC - CMS/input_txtexpdate' is right clicked on

2018-05-11 10:35:51 - [MESSAGE][PASSED] - Object: 'Object Repository/GRN/Page_KDMC - CMS/input_txtexpdate' is right clicked on

2018-05-11 10:35:51 - [TEST_STEP][PASSED] - selectOptionByIndex: All options with index in [8] are selected on object 'Object Repository/GRN/Page_KDMC - CMS/select_20182019202020212022202'

2018-05-11 10:35:52 - [MESSAGE][PASSED] - All options with index in [8] are selected on object 'Object Repository/GRN/Page_KDMC - CMS/select_20182019202020212022202'

2018-05-11 10:35:52 - [TEST_STEP][PASSED] - selectOptionByIndex: All options with index in [8] are selected on object 'Object Repository/GRN/Page_KDMC - CMS/select_JanFebMarAprMayJunJulAu'

2018-05-11 10:35:52 - [MESSAGE][PASSED] - All options with index in [8] are selected on object 'Object Repository/GRN/Page_KDMC - CMS/select_JanFebMarAprMayJunJulAu'

2018-05-11 10:35:52 - [TEST_STEP][PASSED] - click: Object: 'Object Repository/MOH AND GRN/Page_KDMC - CMS/a_12' is clicked on

2018-05-11 10:35:52 - [MESSAGE][PASSED] - Object: 'Object Repository/MOH AND GRN/Page_KDMC - CMS/a_12' is clicked on

2018-05-11 10:35:52 - [TEST_STEP][PASSED] - click: Object: 'Object Repository/MOH AND GRN/Page_KDMC - CMS/input_btnadd' is clicked on

2018-05-11 10:35:52 - [MESSAGE][PASSED] - Object: 'Object Repository/MOH AND GRN/Page_KDMC - CMS/input_btnadd' is clicked on

2018-05-11 10:35:52 - [TEST_STEP][PASSED] - Statement - If (s == 10): null

2018-05-11 10:35:52 - [TEST_STEP][PASSED] - Statement - Else: null

2018-05-11 10:35:52 - [TEST_STEP][PASSED] - Statement - (s++): null

2018-05-11 10:35:52 - [TEST_STEP][PASSED] - delay: Delayed 1 second(s)

2018-05-11 10:35:53 - [MESSAGE][PASSED] - Delayed 1 second(s)

2018-05-11 10:35:53 - [TEST_STEP][PASSED] - selectOptionByIndex: All options with index in [29] are selected on object 'Object Repository/MOH AND GRN/Page_KDMC - CMS/select_--Select--Amikacin -500'

2018-05-11 10:35:54 - [MESSAGE][PASSED] - All options with index in [29] are selected on object 'Object Repository/MOH AND GRN/Page_KDMC - CMS/select_--Select--Amikacin -500'

2018-05-11 10:35:54 - [TEST_STEP][PASSED] - setText: Text '5000' is set on object 'Object Repository/MOH AND GRN/Page_KDMC - CMS/input_txtqty'

2018-05-11 10:35:54 - [MESSAGE][PASSED] - Text '5000' is set on object 'Object Repository/MOH AND GRN/Page_KDMC - CMS/input_txtqty'

2018-05-11 10:35:54 - [TEST_STEP][PASSED] - selectOptionByIndex: All options with index in [1] are selected on object 'Object Repository/MOH AND GRN/Page_KDMC - CMS/select_--Select--No Tax0'

2018-05-11 10:35:54 - [MESSAGE][PASSED] - All options with index in [1] are selected on object 'Object Repository/MOH AND GRN/Page_KDMC - CMS/select_--Select--No Tax0'

2018-05-11 10:35:54 - [TEST_STEP][PASSED] - setText: Finding Test Object with id 'Object Repository/MOH AND GRN/Page_KDMC - CMS/input_txtmrp'

2018-05-11 10:35:54 - [TEST_STEP][PASSED] - Statement - switch (id): Finding Test Object with id 'Object Repository/MOH AND GRN/Page_KDMC - CMS/input_txtdeal'

2018-05-11 10:35:54 - [TEST_STEP][PASSED] - Statement - case 4:: Text '23.0' is set on object 'Object Repository/MOH AND GRN/Page_KDMC - CMS/input_txtmrp'

2018-05-11 10:35:54 - [TEST_STEP][PASSED] - Statement - return (java.lang.Math.floor((java.lang.Math.random() * ((max - min) + 1))) + min): Text '23.0' is set on object 'Object Repository/MOH AND GRN/Page_KDMC - CMS/input_txtmrp'

2018-05-11 10:35:54 - [MESSAGE][PASSED] - Text '23.0' is set on object 'Object Repository/MOH AND GRN/Page_KDMC - CMS/input_txtmrp'

2018-05-11 10:35:54 - [TEST_STEP][PASSED] - setText: Finding Test Object with id 'Object Repository/MOH AND GRN/Page_KDMC - CMS/input_txtdeal'

2018-05-11 10:35:54 - [TEST_STEP][PASSED] - Statement - switch (id): Finding Test Object with id 'Object Repository/MOH AND GRN/Page_KDMC - CMS/input_txtbatchno'

2018-05-11 10:35:54 - [TEST_STEP][PASSED] - Statement - case 5:: Text '11.0' is set on object 'Object Repository/MOH AND GRN/Page_KDMC - CMS/input_txtdeal'

2018-05-11 10:35:54 - [TEST_STEP][PASSED] - Statement - return (java.lang.Math.floor((java.lang.Math.random() * ((max - min) + 1))) + min): Text '11.0' is set on object 'Object Repository/MOH AND GRN/Page_KDMC - CMS/input_txtdeal'

2018-05-11 10:35:54 - [MESSAGE][PASSED] - Text '11.0' is set on object 'Object Repository/MOH AND GRN/Page_KDMC - CMS/input_txtdeal'

2018-05-11 10:35:54 - [TEST_STEP][PASSED] - setText: Finding Test Object with id 'Object Repository/MOH AND GRN/Page_KDMC - CMS/input_txtbatchno'

2018-05-11 10:35:54 - [TEST_STEP][PASSED] - Statement - switch (id): Finding Test Object with id 'Object Repository/MOH AND GRN/Page_KDMC - CMS/input_txtmrp'

2018-05-11 10:35:54 - [TEST_STEP][PASSED] - Statement - case 1:: Text 'BA293.0' is set on object 'Object Repository/MOH AND GRN/Page_KDMC - CMS/input_txtbatchno'

2018-05-11 10:35:54 - [TEST_STEP][PASSED] - Statement - return (java.lang.Math.floor((java.lang.Math.random() * ((max - min) + 1))) + min): Text 'BA293.0' is set on object 'Object Repository/MOH AND GRN/Page_KDMC - CMS/input_txtbatchno'

2018-05-11 10:35:54 - [MESSAGE][PASSED] - Text 'BA293.0' is set on object 'Object Repository/MOH AND GRN/Page_KDMC - CMS/input_txtbatchno'

2018-05-11 10:35:54 - [TEST_STEP][PASSED] - rightClick: Object: 'Object Repository/GRN/Page_KDMC - CMS/input_txtexpdate' is right clicked on

2018-05-11 10:35:54 - [MESSAGE][PASSED] - Object: 'Object Repository/GRN/Page_KDMC - CMS/input_txtexpdate' is right clicked on

2018-05-11 10:35:54 - [TEST_STEP][PASSED] - selectOptionByIndex: All options with index in [9] are selected on object 'Object Repository/GRN/Page_KDMC - CMS/select_20182019202020212022202'

2018-05-11 10:35:54 - [MESSAGE][PASSED] - All options with index in [9] are selected on object 'Object Repository/GRN/Page_KDMC - CMS/select_20182019202020212022202'

2018-05-11 10:35:54 - [TEST_STEP][PASSED] - selectOptionByIndex: All options with index in [9] are selected on object 'Object Repository/GRN/Page_KDMC - CMS/select_JanFebMarAprMayJunJulAu'

2018-05-11 10:35:55 - [MESSAGE][PASSED] - All options with index in [9] are selected on object 'Object Repository/GRN/Page_KDMC - CMS/select_JanFebMarAprMayJunJulAu'

2018-05-11 10:35:55 - [TEST_STEP][PASSED] - click: Object: 'Object Repository/MOH AND GRN/Page_KDMC - CMS/a_12' is clicked on

2018-05-11 10:35:55 - [MESSAGE][PASSED] - Object: 'Object Repository/MOH AND GRN/Page_KDMC - CMS/a_12' is clicked on

2018-05-11 10:35:55 - [TEST_STEP][PASSED] - click: Object: 'Object Repository/MOH AND GRN/Page_KDMC - CMS/input_btnadd' is clicked on

2018-05-11 10:35:55 - [MESSAGE][PASSED] - Object: 'Object Repository/MOH AND GRN/Page_KDMC - CMS/input_btnadd' is clicked on

2018-05-11 10:35:55 - [TEST_STEP][PASSED] - Statement - If (s == 10): null

2018-05-11 10:35:55 - [TEST_STEP][PASSED] - Statement - Else: null

2018-05-11 10:35:55 - [TEST_STEP][PASSED] - Statement - (s++): null

2018-05-11 10:35:55 - [TEST_STEP][PASSED] - delay: Delayed 1 second(s)

2018-05-11 10:35:56 - [MESSAGE][PASSED] - Delayed 1 second(s)

2018-05-11 10:35:56 - [TEST_STEP][PASSED] - selectOptionByIndex: All options with index in [30] are selected on object 'Object Repository/MOH AND GRN/Page_KDMC - CMS/select_--Select--Amikacin -500'

2018-05-11 10:35:56 - [MESSAGE][PASSED] - All options with index in [30] are selected on object 'Object Repository/MOH AND GRN/Page_KDMC - CMS/select_--Select--Amikacin -500'

2018-05-11 10:35:56 - [TEST_STEP][PASSED] - setText: Text '5000' is set on object 'Object Repository/MOH AND GRN/Page_KDMC - CMS/input_txtqty'

2018-05-11 10:35:56 - [MESSAGE][PASSED] - Text '5000' is set on object 'Object Repository/MOH AND GRN/Page_KDMC - CMS/input_txtqty'

2018-05-11 10:35:56 - [TEST_STEP][PASSED] - selectOptionByIndex: All options with index in [1] are selected on object 'Object Repository/MOH AND GRN/Page_KDMC - CMS/select_--Select--No Tax0'

2018-05-11 10:35:56 - [MESSAGE][PASSED] - All options with index in [1] are selected on object 'Object Repository/MOH AND GRN/Page_KDMC - CMS/select_--Select--No Tax0'

2018-05-11 10:35:56 - [TEST_STEP][PASSED] - setText: Finding Test Object with id 'Object Repository/MOH AND GRN/Page_KDMC - CMS/input_txtmrp'

2018-05-11 10:35:56 - [TEST_STEP][PASSED] - Statement - switch (id): Finding Test Object with id 'Object Repository/MOH AND GRN/Page_KDMC - CMS/input_txtdeal'

2018-05-11 10:35:56 - [TEST_STEP][PASSED] - Statement - case 4:: Text '34.0' is set on object 'Object Repository/MOH AND GRN/Page_KDMC - CMS/input_txtmrp'

2018-05-11 10:35:56 - [TEST_STEP][PASSED] - Statement - return (java.lang.Math.floor((java.lang.Math.random() * ((max - min) + 1))) + min): Text '34.0' is set on object 'Object Repository/MOH AND GRN/Page_KDMC - CMS/input_txtmrp'

2018-05-11 10:35:56 - [MESSAGE][PASSED] - Text '34.0' is set on object 'Object Repository/MOH AND GRN/Page_KDMC - CMS/input_txtmrp'

2018-05-11 10:35:56 - [TEST_STEP][PASSED] - setText: Finding Test Object with id 'Object Repository/MOH AND GRN/Page_KDMC - CMS/input_txtdeal'

2018-05-11 10:35:56 - [TEST_STEP][PASSED] - Statement - switch (id): Finding Test Object with id 'Object Repository/MOH AND GRN/Page_KDMC - CMS/input_txtbatchno'

2018-05-11 10:35:56 - [TEST_STEP][PASSED] - Statement - case 5:: Text '3.0' is set on object 'Object Repository/MOH AND GRN/Page_KDMC - CMS/input_txtdeal'

2018-05-11 10:35:56 - [TEST_STEP][PASSED] - Statement - return (java.lang.Math.floor((java.lang.Math.random() * ((max - min) + 1))) + min): Text '3.0' is set on object 'Object Repository/MOH AND GRN/Page_KDMC - CMS/input_txtdeal'

2018-05-11 10:35:57 - [MESSAGE][PASSED] - Text '3.0' is set on object 'Object Repository/MOH AND GRN/Page_KDMC - CMS/input_txtdeal'

2018-05-11 10:35:57 - [TEST_STEP][PASSED] - setText: Finding Test Object with id 'Object Repository/MOH AND GRN/Page_KDMC - CMS/input_txtbatchno'

2018-05-11 10:35:57 - [TEST_STEP][PASSED] - Statement - switch (id): Finding Test Object with id 'Object Repository/MOH AND GRN/Page_KDMC - CMS/input_txtmrp'

2018-05-11 10:35:57 - [TEST_STEP][PASSED] - Statement - case 1:: Text 'BA794.0' is set on object 'Object Repository/MOH AND GRN/Page_KDMC - CMS/input_txtbatchno'

2018-05-11 10:35:57 - [TEST_STEP][PASSED] - Statement - return (java.lang.Math.floor((java.lang.Math.random() * ((max - min) + 1))) + min): Text 'BA794.0' is set on object 'Object Repository/MOH AND GRN/Page_KDMC - CMS/input_txtbatchno'

2018-05-11 10:35:57 - [MESSAGE][PASSED] - Text 'BA794.0' is set on object 'Object Repository/MOH AND GRN/Page_KDMC - CMS/input_txtbatchno'

2018-05-11 10:35:57 - [TEST_STEP][PASSED] - rightClick: Object: 'Object Repository/GRN/Page_KDMC - CMS/input_txtexpdate' is right clicked on

2018-05-11 10:35:57 - [MESSAGE][PASSED] - Object: 'Object Repository/GRN/Page_KDMC - CMS/input_txtexpdate' is right clicked on

2018-05-11 10:35:57 - [TEST_STEP][PASSED] - selectOptionByIndex: All options with index in [10] are selected on object 'Object Repository/GRN/Page_KDMC - CMS/select_20182019202020212022202'

2018-05-11 10:35:57 - [MESSAGE][PASSED] - All options with index in [10] are selected on object 'Object Repository/GRN/Page_KDMC - CMS/select_20182019202020212022202'

2018-05-11 10:35:57 - [TEST_STEP][PASSED] - selectOptionByIndex: All options with index in [10] are selected on object 'Object Repository/GRN/Page_KDMC - CMS/select_JanFebMarAprMayJunJulAu'

2018-05-11 10:35:57 - [MESSAGE][PASSED] - All options with index in [10] are selected on object 'Object Repository/GRN/Page_KDMC - CMS/select_JanFebMarAprMayJunJulAu'

2018-05-11 10:35:57 - [TEST_STEP][PASSED] - click: Object: 'Object Repository/MOH AND GRN/Page_KDMC - CMS/a_12' is clicked on

2018-05-11 10:35:57 - [MESSAGE][PASSED] - Object: 'Object Repository/MOH AND GRN/Page_KDMC - CMS/a_12' is clicked on

2018-05-11 10:35:57 - [TEST_STEP][PASSED] - click: Object: 'Object Repository/MOH AND GRN/Page_KDMC - CMS/input_btnadd' is clicked on

2018-05-11 10:35:57 - [MESSAGE][PASSED] - Object: 'Object Repository/MOH AND GRN/Page_KDMC - CMS/input_btnadd' is clicked on

2018-05-11 10:35:57 - [TEST_STEP][PASSED] - Statement - If (s == 10): null

2018-05-11 10:35:57 - [TEST_STEP][PASSED] - Statement - s = 1: null

2018-05-11 10:35:57 - [TEST_STEP][PASSED] - delay: Delayed 1 second(s)

2018-05-11 10:35:58 - [MESSAGE][PASSED] - Delayed 1 second(s)

2018-05-11 10:35:58 - [TEST_STEP][PASSED] - selectOptionByIndex: All options with index in [31] are selected on object 'Object Repository/MOH AND GRN/Page_KDMC - CMS/select_--Select--Amikacin -500'

2018-05-11 10:35:59 - [MESSAGE][PASSED] - All options with index in [31] are selected on object 'Object Repository/MOH AND GRN/Page_KDMC - CMS/select_--Select--Amikacin -500'

2018-05-11 10:35:59 - [TEST_STEP][PASSED] - setText: Text '5000' is set on object 'Object Repository/MOH AND GRN/Page_KDMC - CMS/input_txtqty'

2018-05-11 10:35:59 - [MESSAGE][PASSED] - Text '5000' is set on object 'Object Repository/MOH AND GRN/Page_KDMC - CMS/input_txtqty'

2018-05-11 10:35:59 - [TEST_STEP][PASSED] - selectOptionByIndex: All options with index in [1] are selected on object 'Object Repository/MOH AND GRN/Page_KDMC - CMS/select_--Select--No Tax0'

2018-05-11 10:35:59 - [MESSAGE][PASSED] - All options with index in [1] are selected on object 'Object Repository/MOH AND GRN/Page_KDMC - CMS/select_--Select--No Tax0'

2018-05-11 10:35:59 - [TEST_STEP][PASSED] - setText: Finding Test Object with id 'Object Repository/MOH AND GRN/Page_KDMC - CMS/input_txtmrp'

2018-05-11 10:35:59 - [TEST_STEP][PASSED] - Statement - switch (id): Finding Test Object with id 'Object Repository/MOH AND GRN/Page_KDMC - CMS/input_txtdeal'

2018-05-11 10:35:59 - [TEST_STEP][PASSED] - Statement - case 4:: Text '43.0' is set on object 'Object Repository/MOH AND GRN/Page_KDMC - CMS/input_txtmrp'

2018-05-11 10:35:59 - [TEST_STEP][PASSED] - Statement - return (java.lang.Math.floor((java.lang.Math.random() * ((max - min) + 1))) + min): Text '43.0' is set on object 'Object Repository/MOH AND GRN/Page_KDMC - CMS/input_txtmrp'

2018-05-11 10:35:59 - [MESSAGE][PASSED] - Text '43.0' is set on object 'Object Repository/MOH AND GRN/Page_KDMC - CMS/input_txtmrp'

2018-05-11 10:35:59 - [TEST_STEP][PASSED] - setText: Finding Test Object with id 'Object Repository/MOH AND GRN/Page_KDMC - CMS/input_txtdeal'

2018-05-11 10:35:59 - [TEST_STEP][PASSED] - Statement - switch (id): Finding Test Object with id 'Object Repository/MOH AND GRN/Page_KDMC - CMS/input_txtbatchno'

2018-05-11 10:35:59 - [TEST_STEP][PASSED] - Statement - case 5:: Text '7.0' is set on object 'Object Repository/MOH AND GRN/Page_KDMC - CMS/input_txtdeal'

2018-05-11 10:35:59 - [TEST_STEP][PASSED] - Statement - return (java.lang.Math.floor((java.lang.Math.random() * ((max - min) + 1))) + min): Text '7.0' is set on object 'Object Repository/MOH AND GRN/Page_KDMC - CMS/input_txtdeal'

2018-05-11 10:35:59 - [MESSAGE][PASSED] - Text '7.0' is set on object 'Object Repository/MOH AND GRN/Page_KDMC - CMS/input_txtdeal'

2018-05-11 10:35:59 - [TEST_STEP][PASSED] - setText: Finding Test Object with id 'Object Repository/MOH AND GRN/Page_KDMC - CMS/input_txtbatchno'

2018-05-11 10:35:59 - [TEST_STEP][PASSED] - Statement - switch (id): Finding Test Object with id 'Object Repository/MOH AND GRN/Page_KDMC - CMS/input_txtmrp'

2018-05-11 10:35:59 - [TEST_STEP][PASSED] - Statement - case 1:: Text 'BA470.0' is set on object 'Object Repository/MOH AND GRN/Page_KDMC - CMS/input_txtbatchno'

2018-05-11 10:35:59 - [TEST_STEP][PASSED] - Statement - return (java.lang.Math.floor((java.lang.Math.random() * ((max - min) + 1))) + min): Text 'BA470.0' is set on object 'Object Repository/MOH AND GRN/Page_KDMC - CMS/input_txtbatchno'

2018-05-11 10:35:59 - [MESSAGE][PASSED] - Text 'BA470.0' is set on object 'Object Repository/MOH AND GRN/Page_KDMC - CMS/input_txtbatchno'

2018-05-11 10:35:59 - [TEST_STEP][PASSED] - rightClick: Object: 'Object Repository/GRN/Page_KDMC - CMS/input_txtexpdate' is right clicked on

2018-05-11 10:36:00 - [MESSAGE][PASSED] - Object: 'Object Repository/GRN/Page_KDMC - CMS/input_txtexpdate' is right clicked on

2018-05-11 10:36:00 - [TEST_STEP][PASSED] - selectOptionByIndex: All options with index in [1] are selected on object 'Object Repository/GRN/Page_KDMC - CMS/select_20182019202020212022202'

2018-05-11 10:36:00 - [MESSAGE][PASSED] - All options with index in [1] are selected on object 'Object Repository/GRN/Page_KDMC - CMS/select_20182019202020212022202'

2018-05-11 10:36:00 - [TEST_STEP][PASSED] - selectOptionByIndex: All options with index in [1] are selected on object 'Object Repository/GRN/Page_KDMC - CMS/select_JanFebMarAprMayJunJulAu'

2018-05-11 10:36:00 - [MESSAGE][PASSED] - All options with index in [1] are selected on object 'Object Repository/GRN/Page_KDMC - CMS/select_JanFebMarAprMayJunJulAu'

2018-05-11 10:36:00 - [TEST_STEP][PASSED] - click: Object: 'Object Repository/MOH AND GRN/Page_KDMC - CMS/a_12' is clicked on

2018-05-11 10:36:00 - [MESSAGE][PASSED] - Object: 'Object Repository/MOH AND GRN/Page_KDMC - CMS/a_12' is clicked on

2018-05-11 10:36:00 - [TEST_STEP][PASSED] - click: Object: 'Object Repository/MOH AND GRN/Page_KDMC - CMS/input_btnadd' is clicked on

2018-05-11 10:36:00 - [MESSAGE][PASSED] - Object: 'Object Repository/MOH AND GRN/Page_KDMC - CMS/input_btnadd' is clicked on

2018-05-11 10:36:00 - [TEST_STEP][PASSED] - Statement - If (s == 10): null

2018-05-11 10:36:00 - [TEST_STEP][PASSED] - Statement - Else: null

2018-05-11 10:36:00 - [TEST_STEP][PASSED] - Statement - (s++): null

2018-05-11 10:36:00 - [TEST_STEP][PASSED] - delay: Delayed 1 second(s)

2018-05-11 10:36:01 - [MESSAGE][PASSED] - Delayed 1 second(s)

2018-05-11 10:36:01 - [TEST_STEP][PASSED] - selectOptionByIndex: All options with index in [32] are selected on object 'Object Repository/MOH AND GRN/Page_KDMC - CMS/select_--Select--Amikacin -500'

2018-05-11 10:36:02 - [MESSAGE][PASSED] - All options with index in [32] are selected on object 'Object Repository/MOH AND GRN/Page_KDMC - CMS/select_--Select--Amikacin -500'

2018-05-11 10:36:02 - [TEST_STEP][PASSED] - setText: Text '5000' is set on object 'Object Repository/MOH AND GRN/Page_KDMC - CMS/input_txtqty'

2018-05-11 10:36:02 - [MESSAGE][PASSED] - Text '5000' is set on object 'Object Repository/MOH AND GRN/Page_KDMC - CMS/input_txtqty'

2018-05-11 10:36:02 - [TEST_STEP][PASSED] - selectOptionByIndex: All options with index in [1] are selected on object 'Object Repository/MOH AND GRN/Page_KDMC - CMS/select_--Select--No Tax0'

2018-05-11 10:36:02 - [MESSAGE][PASSED] - All options with index in [1] are selected on object 'Object Repository/MOH AND GRN/Page_KDMC - CMS/select_--Select--No Tax0'

2018-05-11 10:36:02 - [TEST_STEP][PASSED] - setText: Finding Test Object with id 'Object Repository/MOH AND GRN/Page_KDMC - CMS/input_txtmrp'

2018-05-11 10:36:02 - [TEST_STEP][PASSED] - Statement - switch (id): Finding Test Object with id 'Object Repository/MOH AND GRN/Page_KDMC - CMS/input_txtdeal'

2018-05-11 10:36:02 - [TEST_STEP][PASSED] - Statement - case 4:: Text '44.0' is set on object 'Object Repository/MOH AND GRN/Page_KDMC - CMS/input_txtmrp'

2018-05-11 10:36:02 - [TEST_STEP][PASSED] - Statement - return (java.lang.Math.floor((java.lang.Math.random() * ((max - min) + 1))) + min): Text '44.0' is set on object 'Object Repository/MOH AND GRN/Page_KDMC - CMS/input_txtmrp'

2018-05-11 10:36:02 - [MESSAGE][PASSED] - Text '44.0' is set on object 'Object Repository/MOH AND GRN/Page_KDMC - CMS/input_txtmrp'

2018-05-11 10:36:02 - [TEST_STEP][PASSED] - setText: Finding Test Object with id 'Object Repository/MOH AND GRN/Page_KDMC - CMS/input_txtdeal'

2018-05-11 10:36:02 - [TEST_STEP][PASSED] - Statement - switch (id): Finding Test Object with id 'Object Repository/MOH AND GRN/Page_KDMC - CMS/input_txtbatchno'

2018-05-11 10:36:02 - [TEST_STEP][PASSED] - Statement - case 5:: Text '7.0' is set on object 'Object Repository/MOH AND GRN/Page_KDMC - CMS/input_txtdeal'

2018-05-11 10:36:02 - [TEST_STEP][PASSED] - Statement - return (java.lang.Math.floor((java.lang.Math.random() * ((max - min) + 1))) + min): Text '7.0' is set on object 'Object Repository/MOH AND GRN/Page_KDMC - CMS/input_txtdeal'

2018-05-11 10:36:02 - [MESSAGE][PASSED] - Text '7.0' is set on object 'Object Repository/MOH AND GRN/Page_KDMC - CMS/input_txtdeal'

2018-05-11 10:36:02 - [TEST_STEP][PASSED] - setText: Finding Test Object with id 'Object Repository/MOH AND GRN/Page_KDMC - CMS/input_txtbatchno'

2018-05-11 10:36:02 - [TEST_STEP][PASSED] - Statement - switch (id): Finding Test Object with id 'Object Repository/MOH AND GRN/Page_KDMC - CMS/input_txtmrp'

2018-05-11 10:36:02 - [TEST_STEP][PASSED] - Statement - case 1:: Text 'BA562.0' is set on object 'Object Repository/MOH AND GRN/Page_KDMC - CMS/input_txtbatchno'

2018-05-11 10:36:02 - [TEST_STEP][PASSED] - Statement - return (java.lang.Math.floor((java.lang.Math.random() * ((max - min) + 1))) + min): Text 'BA562.0' is set on object 'Object Repository/MOH AND GRN/Page_KDMC - CMS/input_txtbatchno'

2018-05-11 10:36:02 - [MESSAGE][PASSED] - Text 'BA562.0' is set on object 'Object Repository/MOH AND GRN/Page_KDMC - CMS/input_txtbatchno'

2018-05-11 10:36:02 - [TEST_STEP][PASSED] - rightClick: Object: 'Object Repository/GRN/Page_KDMC - CMS/input_txtexpdate' is right clicked on

2018-05-11 10:36:02 - [MESSAGE][PASSED] - Object: 'Object Repository/GRN/Page_KDMC - CMS/input_txtexpdate' is right clicked on

2018-05-11 10:36:02 - [TEST_STEP][PASSED] - selectOptionByIndex: All options with index in [2] are selected on object 'Object Repository/GRN/Page_KDMC - CMS/select_20182019202020212022202'

2018-05-11 10:36:02 - [MESSAGE][PASSED] - All options with index in [2] are selected on object 'Object Repository/GRN/Page_KDMC - CMS/select_20182019202020212022202'

2018-05-11 10:36:02 - [TEST_STEP][PASSED] - selectOptionByIndex: All options with index in [2] are selected on object 'Object Repository/GRN/Page_KDMC - CMS/select_JanFebMarAprMayJunJulAu'

2018-05-11 10:36:03 - [MESSAGE][PASSED] - All options with index in [2] are selected on object 'Object Repository/GRN/Page_KDMC - CMS/select_JanFebMarAprMayJunJulAu'

2018-05-11 10:36:03 - [TEST_STEP][PASSED] - click: Object: 'Object Repository/MOH AND GRN/Page_KDMC - CMS/a_12' is clicked on

2018-05-11 10:36:03 - [MESSAGE][PASSED] - Object: 'Object Repository/MOH AND GRN/Page_KDMC - CMS/a_12' is clicked on

2018-05-11 10:36:03 - [TEST_STEP][PASSED] - click: Object: 'Object Repository/MOH AND GRN/Page_KDMC - CMS/input_btnadd' is clicked on

2018-05-11 10:36:03 - [MESSAGE][PASSED] - Object: 'Object Repository/MOH AND GRN/Page_KDMC - CMS/input_btnadd' is clicked on

2018-05-11 10:36:03 - [TEST_STEP][PASSED] - Statement - If (s == 10): null

2018-05-11 10:36:03 - [TEST_STEP][PASSED] - Statement - Else: null

2018-05-11 10:36:03 - [TEST_STEP][PASSED] - Statement - (s++): null

2018-05-11 10:36:03 - [TEST_STEP][PASSED] - delay: Delayed 1 second(s)

2018-05-11 10:36:04 - [MESSAGE][PASSED] - Delayed 1 second(s)

2018-05-11 10:36:04 - [TEST_STEP][PASSED] - selectOptionByIndex: All options with index in [33] are selected on object 'Object Repository/MOH AND GRN/Page_KDMC - CMS/select_--Select--Amikacin -500'

2018-05-11 10:36:04 - [MESSAGE][PASSED] - All options with index in [33] are selected on object 'Object Repository/MOH AND GRN/Page_KDMC - CMS/select_--Select--Amikacin -500'

2018-05-11 10:36:04 - [TEST_STEP][PASSED] - setText: Text '5000' is set on object 'Object Repository/MOH AND GRN/Page_KDMC - CMS/input_txtqty'

2018-05-11 10:36:04 - [MESSAGE][PASSED] - Text '5000' is set on object 'Object Repository/MOH AND GRN/Page_KDMC - CMS/input_txtqty'

2018-05-11 10:36:04 - [TEST_STEP][PASSED] - selectOptionByIndex: All options with index in [1] are selected on object 'Object Repository/MOH AND GRN/Page_KDMC - CMS/select_--Select--No Tax0'

2018-05-11 10:36:04 - [MESSAGE][PASSED] - All options with index in [1] are selected on object 'Object Repository/MOH AND GRN/Page_KDMC - CMS/select_--Select--No Tax0'

2018-05-11 10:36:04 - [TEST_STEP][PASSED] - setText: Finding Test Object with id 'Object Repository/MOH AND GRN/Page_KDMC - CMS/input_txtmrp'

2018-05-11 10:36:04 - [TEST_STEP][PASSED] - Statement - switch (id): Finding Test Object with id 'Object Repository/MOH AND GRN/Page_KDMC - CMS/input_txtdeal'

2018-05-11 10:36:04 - [TEST_STEP][PASSED] - Statement - case 4:: Text '22.0' is set on object 'Object Repository/MOH AND GRN/Page_KDMC - CMS/input_txtmrp'

2018-05-11 10:36:04 - [TEST_STEP][PASSED] - Statement - return (java.lang.Math.floor((java.lang.Math.random() * ((max - min) + 1))) + min): Text '22.0' is set on object 'Object Repository/MOH AND GRN/Page_KDMC - CMS/input_txtmrp'

2018-05-11 10:36:05 - [MESSAGE][PASSED] - Text '22.0' is set on object 'Object Repository/MOH AND GRN/Page_KDMC - CMS/input_txtmrp'

2018-05-11 10:36:05 - [TEST_STEP][PASSED] - setText: Finding Test Object with id 'Object Repository/MOH AND GRN/Page_KDMC - CMS/input_txtdeal'

2018-05-11 10:36:05 - [TEST_STEP][PASSED] - Statement - switch (id): Finding Test Object with id 'Object Repository/MOH AND GRN/Page_KDMC - CMS/input_txtbatchno'

2018-05-11 10:36:05 - [TEST_STEP][PASSED] - Statement - case 5:: Text '6.0' is set on object 'Object Repository/MOH AND GRN/Page_KDMC - CMS/input_txtdeal'

2018-05-11 10:36:05 - [TEST_STEP][PASSED] - Statement - return (java.lang.Math.floor((java.lang.Math.random() * ((max - min) + 1))) + min): Text '6.0' is set on object 'Object Repository/MOH AND GRN/Page_KDMC - CMS/input_txtdeal'

2018-05-11 10:36:05 - [MESSAGE][PASSED] - Text '6.0' is set on object 'Object Repository/MOH AND GRN/Page_KDMC - CMS/input_txtdeal'

2018-05-11 10:36:05 - [TEST_STEP][PASSED] - setText: Finding Test Object with id 'Object Repository/MOH AND GRN/Page_KDMC - CMS/input_txtbatchno'

2018-05-11 10:36:05 - [TEST_STEP][PASSED] - Statement - switch (id): Finding Test Object with id 'Object Repository/MOH AND GRN/Page_KDMC - CMS/input_txtmrp'

2018-05-11 10:36:05 - [TEST_STEP][PASSED] - Statement - case 1:: Text 'BA220.0' is set on object 'Object Repository/MOH AND GRN/Page_KDMC - CMS/input_txtbatchno'

2018-05-11 10:36:05 - [TEST_STEP][PASSED] - Statement - return (java.lang.Math.floor((java.lang.Math.random() * ((max - min) + 1))) + min): Text 'BA220.0' is set on object 'Object Repository/MOH AND GRN/Page_KDMC - CMS/input_txtbatchno'

2018-05-11 10:36:05 - [MESSAGE][PASSED] - Text 'BA220.0' is set on object 'Object Repository/MOH AND GRN/Page_KDMC - CMS/input_txtbatchno'

2018-05-11 10:36:05 - [TEST_STEP][PASSED] - rightClick: Object: 'Object Repository/GRN/Page_KDMC - CMS/input_txtexpdate' is right clicked on

2018-05-11 10:36:05 - [MESSAGE][PASSED] - Object: 'Object Repository/GRN/Page_KDMC - CMS/input_txtexpdate' is right clicked on

2018-05-11 10:36:05 - [TEST_STEP][PASSED] - selectOptionByIndex: All options with index in [3] are selected on object 'Object Repository/GRN/Page_KDMC - CMS/select_20182019202020212022202'

2018-05-11 10:36:05 - [MESSAGE][PASSED] - All options with index in [3] are selected on object 'Object Repository/GRN/Page_KDMC - CMS/select_20182019202020212022202'

2018-05-11 10:36:05 - [TEST_STEP][PASSED] - selectOptionByIndex: All options with index in [3] are selected on object 'Object Repository/GRN/Page_KDMC - CMS/select_JanFebMarAprMayJunJulAu'

2018-05-11 10:36:05 - [MESSAGE][PASSED] - All options with index in [3] are selected on object 'Object Repository/GRN/Page_KDMC - CMS/select_JanFebMarAprMayJunJulAu'

2018-05-11 10:36:05 - [TEST_STEP][PASSED] - click: Object: 'Object Repository/MOH AND GRN/Page_KDMC - CMS/a_12' is clicked on

2018-05-11 10:36:05 - [MESSAGE][PASSED] - Object: 'Object Repository/MOH AND GRN/Page_KDMC - CMS/a_12' is clicked on

2018-05-11 10:36:05 - [TEST_STEP][PASSED] - click: Object: 'Object Repository/MOH AND GRN/Page_KDMC - CMS/input_btnadd' is clicked on

2018-05-11 10:36:05 - [MESSAGE][PASSED] - Object: 'Object Repository/MOH AND GRN/Page_KDMC - CMS/input_btnadd' is clicked on

2018-05-11 10:36:05 - [TEST_STEP][PASSED] - Statement - If (s == 10): null

2018-05-11 10:36:05 - [TEST_STEP][PASSED] - Statement - Else: null

2018-05-11 10:36:05 - [TEST_STEP][PASSED] - Statement - (s++): null

2018-05-11 10:36:05 - [TEST_STEP][PASSED] - delay: Delayed 1 second(s)

2018-05-11 10:36:06 - [MESSAGE][PASSED] - Delayed 1 second(s)

2018-05-11 10:36:06 - [TEST_STEP][PASSED] - selectOptionByIndex: All options with index in [34] are selected on object 'Object Repository/MOH AND GRN/Page_KDMC - CMS/select_--Select--Amikacin -500'

2018-05-11 10:36:07 - [MESSAGE][PASSED] - All options with index in [34] are selected on object 'Object Repository/MOH AND GRN/Page_KDMC - CMS/select_--Select--Amikacin -500'

2018-05-11 10:36:07 - [TEST_STEP][PASSED] - setText: Text '5000' is set on object 'Object Repository/MOH AND GRN/Page_KDMC - CMS/input_txtqty'

2018-05-11 10:36:07 - [MESSAGE][PASSED] - Text '5000' is set on object 'Object Repository/MOH AND GRN/Page_KDMC - CMS/input_txtqty'

2018-05-11 10:36:07 - [TEST_STEP][PASSED] - selectOptionByIndex: All options with index in [1] are selected on object 'Object Repository/MOH AND GRN/Page_KDMC - CMS/select_--Select--No Tax0'

2018-05-11 10:36:07 - [MESSAGE][PASSED] - All options with index in [1] are selected on object 'Object Repository/MOH AND GRN/Page_KDMC - CMS/select_--Select--No Tax0'

2018-05-11 10:36:07 - [TEST_STEP][PASSED] - setText: Finding Test Object with id 'Object Repository/MOH AND GRN/Page_KDMC - CMS/input_txtmrp'

2018-05-11 10:36:07 - [TEST_STEP][PASSED] - Statement - switch (id): Finding Test Object with id 'Object Repository/MOH AND GRN/Page_KDMC - CMS/input_txtdeal'

2018-05-11 10:36:07 - [TEST_STEP][PASSED] - Statement - case 4:: Text '39.0' is set on object 'Object Repository/MOH AND GRN/Page_KDMC - CMS/input_txtmrp'

2018-05-11 10:36:07 - [TEST_STEP][PASSED] - Statement - return (java.lang.Math.floor((java.lang.Math.random() * ((max - min) + 1))) + min): Text '39.0' is set on object 'Object Repository/MOH AND GRN/Page_KDMC - CMS/input_txtmrp'

2018-05-11 10:36:07 - [MESSAGE][PASSED] - Text '39.0' is set on object 'Object Repository/MOH AND GRN/Page_KDMC - CMS/input_txtmrp'

2018-05-11 10:36:07 - [TEST_STEP][PASSED] - setText: Finding Test Object with id 'Object Repository/MOH AND GRN/Page_KDMC - CMS/input_txtdeal'

2018-05-11 10:36:07 - [TEST_STEP][PASSED] - Statement - switch (id): Finding Test Object with id 'Object Repository/MOH AND GRN/Page_KDMC - CMS/input_txtbatchno'

2018-05-11 10:36:07 - [TEST_STEP][PASSED] - Statement - case 5:: Text '4.0' is set on object 'Object Repository/MOH AND GRN/Page_KDMC - CMS/input_txtdeal'

2018-05-11 10:36:07 - [TEST_STEP][PASSED] - Statement - return (java.lang.Math.floor((java.lang.Math.random() * ((max - min) + 1))) + min): Text '4.0' is set on object 'Object Repository/MOH AND GRN/Page_KDMC - CMS/input_txtdeal'

2018-05-11 10:36:07 - [MESSAGE][PASSED] - Text '4.0' is set on object 'Object Repository/MOH AND GRN/Page_KDMC - CMS/input_txtdeal'

2018-05-11 10:36:07 - [TEST_STEP][PASSED] - setText: Finding Test Object with id 'Object Repository/MOH AND GRN/Page_KDMC - CMS/input_txtbatchno'

2018-05-11 10:36:07 - [TEST_STEP][PASSED] - Statement - switch (id): Finding Test Object with id 'Object Repository/MOH AND GRN/Page_KDMC - CMS/input_txtmrp'

2018-05-11 10:36:07 - [TEST_STEP][PASSED] - Statement - case 1:: Text 'BA919.0' is set on object 'Object Repository/MOH AND GRN/Page_KDMC - CMS/input_txtbatchno'

2018-05-11 10:36:07 - [TEST_STEP][PASSED] - Statement - return (java.lang.Math.floor((java.lang.Math.random() * ((max - min) + 1))) + min): Text 'BA919.0' is set on object 'Object Repository/MOH AND GRN/Page_KDMC - CMS/input_txtbatchno'

2018-05-11 10:36:07 - [MESSAGE][PASSED] - Text 'BA919.0' is set on object 'Object Repository/MOH AND GRN/Page_KDMC - CMS/input_txtbatchno'

2018-05-11 10:36:07 - [TEST_STEP][PASSED] - rightClick: Object: 'Object Repository/GRN/Page_KDMC - CMS/input_txtexpdate' is right clicked on

2018-05-11 10:36:08 - [MESSAGE][PASSED] - Object: 'Object Repository/GRN/Page_KDMC - CMS/input_txtexpdate' is right clicked on

2018-05-11 10:36:08 - [TEST_STEP][PASSED] - selectOptionByIndex: All options with index in [4] are selected on object 'Object Repository/GRN/Page_KDMC - CMS/select_20182019202020212022202'

2018-05-11 10:36:08 - [MESSAGE][PASSED] - All options with index in [4] are selected on object 'Object Repository/GRN/Page_KDMC - CMS/select_20182019202020212022202'

2018-05-11 10:36:08 - [TEST_STEP][PASSED] - selectOptionByIndex: All options with index in [4] are selected on object 'Object Repository/GRN/Page_KDMC - CMS/select_JanFebMarAprMayJunJulAu'

2018-05-11 10:36:08 - [MESSAGE][PASSED] - All options with index in [4] are selected on object 'Object Repository/GRN/Page_KDMC - CMS/select_JanFebMarAprMayJunJulAu'

2018-05-11 10:36:08 - [TEST_STEP][PASSED] - click: Object: 'Object Repository/MOH AND GRN/Page_KDMC - CMS/a_12' is clicked on

2018-05-11 10:36:08 - [MESSAGE][PASSED] - Object: 'Object Repository/MOH AND GRN/Page_KDMC - CMS/a_12' is clicked on

2018-05-11 10:36:08 - [TEST_STEP][PASSED] - click: Object: 'Object Repository/MOH AND GRN/Page_KDMC - CMS/input_btnadd' is clicked on

2018-05-11 10:36:08 - [MESSAGE][PASSED] - Object: 'Object Repository/MOH AND GRN/Page_KDMC - CMS/input_btnadd' is clicked on

2018-05-11 10:36:08 - [TEST_STEP][PASSED] - Statement - If (s == 10): null

2018-05-11 10:36:08 - [TEST_STEP][PASSED] - Statement - Else: null

2018-05-11 10:36:08 - [TEST_STEP][PASSED] - Statement - (s++): null

2018-05-11 10:36:08 - [TEST_STEP][PASSED] - delay: Delayed 1 second(s)

2018-05-11 10:36:09 - [MESSAGE][PASSED] - Delayed 1 second(s)

2018-05-11 10:36:09 - [TEST_STEP][PASSED] - selectOptionByIndex: All options with index in [35] are selected on object 'Object Repository/MOH AND GRN/Page_KDMC - CMS/select_--Select--Amikacin -500'

2018-05-11 10:36:10 - [MESSAGE][PASSED] - All options with index in [35] are selected on object 'Object Repository/MOH AND GRN/Page_KDMC - CMS/select_--Select--Amikacin -500'

2018-05-11 10:36:10 - [TEST_STEP][PASSED] - setText: Text '5000' is set on object 'Object Repository/MOH AND GRN/Page_KDMC - CMS/input_txtqty'

2018-05-11 10:36:10 - [MESSAGE][PASSED] - Text '5000' is set on object 'Object Repository/MOH AND GRN/Page_KDMC - CMS/input_txtqty'

2018-05-11 10:36:10 - [TEST_STEP][PASSED] - selectOptionByIndex: All options with index in [1] are selected on object 'Object Repository/MOH AND GRN/Page_KDMC - CMS/select_--Select--No Tax0'

2018-05-11 10:36:10 - [MESSAGE][PASSED] - All options with index in [1] are selected on object 'Object Repository/MOH AND GRN/Page_KDMC - CMS/select_--Select--No Tax0'

2018-05-11 10:36:10 - [TEST_STEP][PASSED] - setText: Finding Test Object with id 'Object Repository/MOH AND GRN/Page_KDMC - CMS/input_txtmrp'

2018-05-11 10:36:10 - [TEST_STEP][PASSED] - Statement - switch (id): Finding Test Object with id 'Object Repository/MOH AND GRN/Page_KDMC - CMS/input_txtdeal'

2018-05-11 10:36:10 - [TEST_STEP][PASSED] - Statement - case 4:: Text '20.0' is set on object 'Object Repository/MOH AND GRN/Page_KDMC - CMS/input_txtmrp'

2018-05-11 10:36:10 - [TEST_STEP][PASSED] - Statement - return (java.lang.Math.floor((java.lang.Math.random() * ((max - min) + 1))) + min): Text '20.0' is set on object 'Object Repository/MOH AND GRN/Page_KDMC - CMS/input_txtmrp'

2018-05-11 10:36:10 - [MESSAGE][PASSED] - Text '20.0' is set on object 'Object Repository/MOH AND GRN/Page_KDMC - CMS/input_txtmrp'

2018-05-11 10:36:10 - [TEST_STEP][PASSED] - setText: Finding Test Object with id 'Object Repository/MOH AND GRN/Page_KDMC - CMS/input_txtdeal'

2018-05-11 10:36:10 - [TEST_STEP][PASSED] - Statement - switch (id): Finding Test Object with id 'Object Repository/MOH AND GRN/Page_KDMC - CMS/input_txtbatchno'

2018-05-11 10:36:10 - [TEST_STEP][PASSED] - Statement - case 5:: Text '2.0' is set on object 'Object Repository/MOH AND GRN/Page_KDMC - CMS/input_txtdeal'

2018-05-11 10:36:10 - [TEST_STEP][PASSED] - Statement - return (java.lang.Math.floor((java.lang.Math.random() * ((max - min) + 1))) + min): Text '2.0' is set on object 'Object Repository/MOH AND GRN/Page_KDMC - CMS/input_txtdeal'

2018-05-11 10:36:10 - [MESSAGE][PASSED] - Text '2.0' is set on object 'Object Repository/MOH AND GRN/Page_KDMC - CMS/input_txtdeal'

2018-05-11 10:36:10 - [TEST_STEP][PASSED] - setText: Finding Test Object with id 'Object Repository/MOH AND GRN/Page_KDMC - CMS/input_txtbatchno'

2018-05-11 10:36:10 - [TEST_STEP][PASSED] - Statement - switch (id): Finding Test Object with id 'Object Repository/MOH AND GRN/Page_KDMC - CMS/input_txtmrp'

2018-05-11 10:36:10 - [TEST_STEP][PASSED] - Statement - case 1:: Text 'BA445.0' is set on object 'Object Repository/MOH AND GRN/Page_KDMC - CMS/input_txtbatchno'

2018-05-11 10:36:10 - [TEST_STEP][PASSED] - Statement - return (java.lang.Math.floor((java.lang.Math.random() * ((max - min) + 1))) + min): Text 'BA445.0' is set on object 'Object Repository/MOH AND GRN/Page_KDMC - CMS/input_txtbatchno'

2018-05-11 10:36:10 - [MESSAGE][PASSED] - Text 'BA445.0' is set on object 'Object Repository/MOH AND GRN/Page_KDMC - CMS/input_txtbatchno'

2018-05-11 10:36:10 - [TEST_STEP][PASSED] - rightClick: Object: 'Object Repository/GRN/Page_KDMC - CMS/input_txtexpdate' is right clicked on

2018-05-11 10:36:10 - [MESSAGE][PASSED] - Object: 'Object Repository/GRN/Page_KDMC - CMS/input_txtexpdate' is right clicked on

2018-05-11 10:36:10 - [TEST_STEP][PASSED] - selectOptionByIndex: All options with index in [5] are selected on object 'Object Repository/GRN/Page_KDMC - CMS/select_20182019202020212022202'

2018-05-11 10:36:10 - [MESSAGE][PASSED] - All options with index in [5] are selected on object 'Object Repository/GRN/Page_KDMC - CMS/select_20182019202020212022202'

2018-05-11 10:36:10 - [TEST_STEP][PASSED] - selectOptionByIndex: All options with index in [5] are selected on object 'Object Repository/GRN/Page_KDMC - CMS/select_JanFebMarAprMayJunJulAu'

2018-05-11 10:36:10 - [MESSAGE][PASSED] - All options with index in [5] are selected on object 'Object Repository/GRN/Page_KDMC - CMS/select_JanFebMarAprMayJunJulAu'

2018-05-11 10:36:10 - [TEST_STEP][PASSED] - click: Object: 'Object Repository/MOH AND GRN/Page_KDMC - CMS/a_12' is clicked on

2018-05-11 10:36:11 - [MESSAGE][PASSED] - Object: 'Object Repository/MOH AND GRN/Page_KDMC - CMS/a_12' is clicked on

2018-05-11 10:36:11 - [TEST_STEP][PASSED] - click: Object: 'Object Repository/MOH AND GRN/Page_KDMC - CMS/input_btnadd' is clicked on

2018-05-11 10:36:11 - [MESSAGE][PASSED] - Object: 'Object Repository/MOH AND GRN/Page_KDMC - CMS/input_btnadd' is clicked on

2018-05-11 10:36:11 - [TEST_STEP][PASSED] - Statement - If (s == 10): null

2018-05-11 10:36:11 - [TEST_STEP][PASSED] - Statement - Else: null

2018-05-11 10:36:11 - [TEST_STEP][PASSED] - Statement - (s++): null

2018-05-11 10:36:11 - [TEST_STEP][PASSED] - delay: Delayed 1 second(s)

2018-05-11 10:36:12 - [MESSAGE][PASSED] - Delayed 1 second(s)

2018-05-11 10:36:12 - [TEST_STEP][PASSED] - selectOptionByIndex: All options with index in [36] are selected on object 'Object Repository/MOH AND GRN/Page_KDMC - CMS/select_--Select--Amikacin -500'

2018-05-11 10:36:12 - [MESSAGE][PASSED] - All options with index in [36] are selected on object 'Object Repository/MOH AND GRN/Page_KDMC - CMS/select_--Select--Amikacin -500'

2018-05-11 10:36:12 - [TEST_STEP][PASSED] - setText: Text '5000' is set on object 'Object Repository/MOH AND GRN/Page_KDMC - CMS/input_txtqty'

2018-05-11 10:36:12 - [MESSAGE][PASSED] - Text '5000' is set on object 'Object Repository/MOH AND GRN/Page_KDMC - CMS/input_txtqty'

2018-05-11 10:36:12 - [TEST_STEP][PASSED] - selectOptionByIndex: All options with index in [1] are selected on object 'Object Repository/MOH AND GRN/Page_KDMC - CMS/select_--Select--No Tax0'

2018-05-11 10:36:12 - [MESSAGE][PASSED] - All options with index in [1] are selected on object 'Object Repository/MOH AND GRN/Page_KDMC - CMS/select_--Select--No Tax0'

2018-05-11 10:36:12 - [TEST_STEP][PASSED] - setText: Finding Test Object with id 'Object Repository/MOH AND GRN/Page_KDMC - CMS/input_txtmrp'

2018-05-11 10:36:12 - [TEST_STEP][PASSED] - Statement - switch (id): Finding Test Object with id 'Object Repository/MOH AND GRN/Page_KDMC - CMS/input_txtdeal'

2018-05-11 10:36:12 - [TEST_STEP][PASSED] - Statement - case 4:: Text '23.0' is set on object 'Object Repository/MOH AND GRN/Page_KDMC - CMS/input_txtmrp'

2018-05-11 10:36:12 - [TEST_STEP][PASSED] - Statement - return (java.lang.Math.floor((java.lang.Math.random() * ((max - min) + 1))) + min): Text '23.0' is set on object 'Object Repository/MOH AND GRN/Page_KDMC - CMS/input_txtmrp'

2018-05-11 10:36:12 - [MESSAGE][PASSED] - Text '23.0' is set on object 'Object Repository/MOH AND GRN/Page_KDMC - CMS/input_txtmrp'

2018-05-11 10:36:12 - [TEST_STEP][PASSED] - setText: Finding Test Object with id 'Object Repository/MOH AND GRN/Page_KDMC - CMS/input_txtdeal'

2018-05-11 10:36:12 - [TEST_STEP][PASSED] - Statement - switch (id): Finding Test Object with id 'Object Repository/MOH AND GRN/Page_KDMC - CMS/input_txtbatchno'

2018-05-11 10:36:12 - [TEST_STEP][PASSED] - Statement - case 5:: Text '8.0' is set on object 'Object Repository/MOH AND GRN/Page_KDMC - CMS/input_txtdeal'

2018-05-11 10:36:12 - [TEST_STEP][PASSED] - Statement - return (java.lang.Math.floor((java.lang.Math.random() * ((max - min) + 1))) + min): Text '8.0' is set on object 'Object Repository/MOH AND GRN/Page_KDMC - CMS/input_txtdeal'

2018-05-11 10:36:13 - [MESSAGE][PASSED] - Text '8.0' is set on object 'Object Repository/MOH AND GRN/Page_KDMC - CMS/input_txtdeal'

2018-05-11 10:36:13 - [TEST_STEP][PASSED] - setText: Finding Test Object with id 'Object Repository/MOH AND GRN/Page_KDMC - CMS/input_txtbatchno'

2018-05-11 10:36:13 - [TEST_STEP][PASSED] - Statement - switch (id): Delayed 1 second(s)

2018-05-11 10:36:13 - [TEST_STEP][PASSED] - Statement - case 1:: Text 'BA884.0' is set on object 'Object Repository/MOH AND GRN/Page_KDMC - CMS/input_txtbatchno'

2018-05-11 10:36:13 - [TEST_STEP][PASSED] - Statement - return (java.lang.Math.floor((java.lang.Math.random() * ((max - min) + 1))) + min): Text 'BA884.0' is set on object 'Object Repository/MOH AND GRN/Page_KDMC - CMS/input_txtbatchno'

2018-05-11 10:36:13 - [MESSAGE][PASSED] - Text 'BA884.0' is set on object 'Object Repository/MOH AND GRN/Page_KDMC - CMS/input_txtbatchno'

2018-05-11 10:36:13 - [TEST_STEP][PASSED] - rightClick: Object: 'Object Repository/GRN/Page_KDMC - CMS/input_txtexpdate' is right clicked on

2018-05-11 10:36:13 - [MESSAGE][PASSED] - Object: 'Object Repository/GRN/Page_KDMC - CMS/input_txtexpdate' is right clicked on

2018-05-11 10:36:13 - [TEST_STEP][PASSED] - selectOptionByIndex: All options with index in [6] are selected on object 'Object Repository/GRN/Page_KDMC - CMS/select_20182019202020212022202'

2018-05-11 10:36:13 - [MESSAGE][PASSED] - All options with index in [6] are selected on object 'Object Repository/GRN/Page_KDMC - CMS/select_20182019202020212022202'

2018-05-11 10:36:13 - [TEST_STEP][PASSED] - selectOptionByIndex: All options with index in [6] are selected on object 'Object Repository/GRN/Page_KDMC - CMS/select_JanFebMarAprMayJunJulAu'

2018-05-11 10:36:13 - [MESSAGE][PASSED] - All options with index in [6] are selected on object 'Object Repository/GRN/Page_KDMC - CMS/select_JanFebMarAprMayJunJulAu'

2018-05-11 10:36:13 - [TEST_STEP][PASSED] - click: Object: 'Object Repository/MOH AND GRN/Page_KDMC - CMS/a_12' is clicked on

2018-05-11 10:36:13 - [MESSAGE][PASSED] - Object: 'Object Repository/MOH AND GRN/Page_KDMC - CMS/a_12' is clicked on

2018-05-11 10:36:13 - [TEST_STEP][PASSED] - click: Object: 'Object Repository/MOH AND GRN/Page_KDMC - CMS/input_btnadd' is clicked on

2018-05-11 10:36:13 - [MESSAGE][PASSED] - Object: 'Object Repository/MOH AND GRN/Page_KDMC - CMS/input_btnadd' is clicked on

2018-05-11 10:36:13 - [TEST_STEP][PASSED] - Statement - If (s == 10): null

2018-05-11 10:36:13 - [TEST_STEP][PASSED] - Statement - Else: null

2018-05-11 10:36:13 - [TEST_STEP][PASSED] - Statement - (s++): null

2018-05-11 10:36:13 - [TEST_STEP][PASSED] - delay: Delayed 1 second(s)

2018-05-11 10:36:14 - [MESSAGE][PASSED] - Delayed 1 second(s)

2018-05-11 10:36:14 - [TEST_STEP][PASSED] - scrollToElement: Scroll to object 'Object Repository/MOH AND GRN/Page_KDMC - CMS/input_btnSubmit' successfully

2018-05-11 10:36:14 - [MESSAGE][PASSED] - Scroll to object 'Object Repository/MOH AND GRN/Page_KDMC - CMS/input_btnSubmit' successfully

2018-05-11 10:36:14 - [TEST_STEP][PASSED] - click: Object: 'Object Repository/MOH AND GRN/Page_KDMC - CMS/input_btnSubmit' is clicked on

2018-05-11 10:36:14 - [MESSAGE][PASSED] - Object: 'Object Repository/MOH AND GRN/Page_KDMC - CMS/input_btnSubmit' is clicked on

2018-05-11 10:36:14 - [TEST_STEP][PASSED] - delay: Delayed 3 second(s)

2018-05-11 10:36:17 - [MESSAGE][PASSED] - Delayed 3 second(s)

2018-05-11 10:36:17 - [TEST_STEP][PASSED] - click: Object: 'Object Repository/MOH AND GRN/Page_KDMC - CMS/button_OK' is clicked on

2018-05-11 10:36:18 - [MESSAGE][PASSED] - Object: 'Object Repository/MOH AND GRN/Page_KDMC - CMS/button_OK' is clicked on

2018-05-11 10:36:18 - [TEST_STEP][PASSED] - delay: Delayed 2 second(s)

2018-05-11 10:36:20 - [MESSAGE][PASSED] - Delayed 2 second(s)

2018-05-11 10:36:20 - [TEST_STEP][PASSED] - delay: Delayed 3 second(s)

2018-05-11 10:36:23 - [MESSAGE][PASSED] - Delayed 3 second(s)

2018-05-11 10:36:23 - [TEST_STEP][PASSED] - click: Object: 'Object Repository/MOH AND GRN/Page_KDMC - CMS/a_dropdown-toggle' is clicked on

2018-05-11 10:36:23 - [MESSAGE][PASSED] - Object: 'Object Repository/MOH AND GRN/Page_KDMC - CMS/a_dropdown-toggle' is clicked on

2018-05-11 10:36:23 - [TEST_STEP][PASSED] - click: Object: 'Object Repository/MOH AND GRN/Page_KDMC - CMS/a_Sign out' is clicked on

2018-05-11 10:36:24 - [MESSAGE][PASSED] - Object: 'Object Repository/MOH AND GRN/Page_KDMC - CMS/a_Sign out' is clicked on

2018-05-11 10:36:24 - [TEST_STEP][PASSED] - closeBrowser: Browser is closed

2018-05-11 10:36:24 - [MESSAGE][PASSED] - Browser is closed]]></system-out>
         <system-err><![CDATA[]]></system-err>
      </testcase>
      <testcase name="Test Cases/MOH REQUEST AND GRN/Moh Request GRN  Schedule 4" classname="Test Cases/MOH REQUEST AND GRN/Moh Request GRN  Schedule 4" status="PASSED">
         <system-out><![CDATA[2018-05-11 10:36:24 - [TEST_CASE][PASSED] - Test Cases/MOH REQUEST AND GRN/Moh Request GRN  Schedule 4: Test Cases/MOH REQUEST AND GRN/Moh Request GRN  Schedule 4

2018-05-11 10:36:24 - [TEST_STEP][PASSED] - openBrowser: Browser is opened with url: ''

2018-05-11 10:36:27 - [MESSAGE][PASSED] - Browser is opened with url: ''

2018-05-11 10:36:27 - [TEST_STEP][PASSED] - navigateToUrl: Navigate to 'http://192.168.137.1/multihospital_new/' successfully

2018-05-11 10:36:31 - [MESSAGE][PASSED] - Navigate to 'http://192.168.137.1/multihospital_new/' successfully

2018-05-11 10:36:31 - [TEST_STEP][PASSED] - maximizeWindow: Current window maximized

2018-05-11 10:36:32 - [MESSAGE][PASSED] - Current window maximized

2018-05-11 10:36:32 - [TEST_STEP][PASSED] - click: Object: 'Object Repository/MOH AND GRN/Page_KDMC/a_CMS' is clicked on

2018-05-11 10:36:33 - [MESSAGE][PASSED] - Object: 'Object Repository/MOH AND GRN/Page_KDMC/a_CMS' is clicked on

2018-05-11 10:36:33 - [TEST_STEP][PASSED] - setText: Text 'bala' is set on object 'Object Repository/MOH AND GRN/Page_CMS login/input_txtusername'

2018-05-11 10:36:33 - [MESSAGE][PASSED] - Text 'bala' is set on object 'Object Repository/MOH AND GRN/Page_CMS login/input_txtusername'

2018-05-11 10:36:33 - [TEST_STEP][PASSED] - setText: Text '123' is set on object 'Object Repository/MOH AND GRN/Page_CMS login/input_txtpassword'

2018-05-11 10:36:33 - [MESSAGE][PASSED] - Text '123' is set on object 'Object Repository/MOH AND GRN/Page_CMS login/input_txtpassword'

2018-05-11 10:36:33 - [TEST_STEP][PASSED] - delay: Delayed 3 second(s)

2018-05-11 10:36:36 - [MESSAGE][PASSED] - Delayed 3 second(s)

2018-05-11 10:36:36 - [TEST_STEP][PASSED] - click: Object: 'Object Repository/MOH AND GRN/Page_CMS login/button_Sign in' is clicked on

2018-05-11 10:36:37 - [MESSAGE][PASSED] - Object: 'Object Repository/MOH AND GRN/Page_CMS login/button_Sign in' is clicked on

2018-05-11 10:36:37 - [TEST_STEP][PASSED] - click: Object: 'Object Repository/MOH AND GRN/Page_KDMC - CMS/a_Request to MOH' is clicked on

2018-05-11 10:36:38 - [MESSAGE][PASSED] - Object: 'Object Repository/MOH AND GRN/Page_KDMC - CMS/a_Request to MOH' is clicked on

2018-05-11 10:36:38 - [TEST_STEP][PASSED] - selectOptionByIndex: All options with index in [2] are selected on object 'Object Repository/MOH AND GRN/Page_KDMC - CMS/select_--Select--'

2018-05-11 10:36:38 - [MESSAGE][PASSED] - All options with index in [2] are selected on object 'Object Repository/MOH AND GRN/Page_KDMC - CMS/select_--Select--'

2018-05-11 10:36:38 - [TEST_STEP][PASSED] - selectOptionByIndex: All options with index in [4] are selected on object 'Object Repository/MOH AND GRN/Page_KDMC - CMS/select_--Select--Schedule 1Inj'

2018-05-11 10:36:38 - [MESSAGE][PASSED] - All options with index in [4] are selected on object 'Object Repository/MOH AND GRN/Page_KDMC - CMS/select_--Select--Schedule 1Inj'

2018-05-11 10:36:38 - [TEST_STEP][PASSED] - Statement - selectedoptions = com.kms.katalon.core.webui.keyword.WebUiBuiltInKeywords.getNumberOfTotalOption(com.kms.katalon.core.testobject.ObjectRepository.findTestObject(MOH AND GRN/Page_KDMC - CMS/select_--Select--Adernaline 0.)): 16 options of object 'Object Repository/MOH AND GRN/Page_KDMC - CMS/select_--Select--Adernaline 0.' counted

2018-05-11 10:36:38 - [MESSAGE][PASSED] - 16 options of object 'Object Repository/MOH AND GRN/Page_KDMC - CMS/select_--Select--Adernaline 0.' counted

2018-05-11 10:36:38 - [TEST_STEP][PASSED] - Statement - For ([j = 1, j <= selectedoptions - 1, (j++)]): Object: 'Object Repository/MOH AND GRN/Page_KDMC - CMS/button_Add' is clicked on

2018-05-11 10:36:38 - [TEST_STEP][PASSED] - selectOptionByIndex: All options with index in [4] are selected on object 'Object Repository/MOH AND GRN/Page_KDMC - CMS/select_--Select--Schedule 1Inj'

2018-05-11 10:36:39 - [MESSAGE][PASSED] - All options with index in [4] are selected on object 'Object Repository/MOH AND GRN/Page_KDMC - CMS/select_--Select--Schedule 1Inj'

2018-05-11 10:36:39 - [TEST_STEP][PASSED] - selectOptionByIndex: All options with index in [1] are selected on object 'Object Repository/MOH AND GRN/Page_KDMC - CMS/select_--Select--Adernaline 0.'

2018-05-11 10:36:39 - [MESSAGE][PASSED] - All options with index in [1] are selected on object 'Object Repository/MOH AND GRN/Page_KDMC - CMS/select_--Select--Adernaline 0.'

2018-05-11 10:36:39 - [TEST_STEP][PASSED] - setText: Text '5000' is set on object 'Object Repository/MOH AND GRN/Page_KDMC - CMS/input_txttreat'

2018-05-11 10:36:39 - [MESSAGE][PASSED] - Text '5000' is set on object 'Object Repository/MOH AND GRN/Page_KDMC - CMS/input_txttreat'

2018-05-11 10:36:39 - [TEST_STEP][PASSED] - click: Object: 'Object Repository/MOH AND GRN/Page_KDMC - CMS/button_Add' is clicked on

2018-05-11 10:36:39 - [MESSAGE][PASSED] - Object: 'Object Repository/MOH AND GRN/Page_KDMC - CMS/button_Add' is clicked on

2018-05-11 10:36:39 - [TEST_STEP][PASSED] - selectOptionByIndex: All options with index in [4] are selected on object 'Object Repository/MOH AND GRN/Page_KDMC - CMS/select_--Select--Schedule 1Inj'

2018-05-11 10:36:39 - [MESSAGE][PASSED] - All options with index in [4] are selected on object 'Object Repository/MOH AND GRN/Page_KDMC - CMS/select_--Select--Schedule 1Inj'

2018-05-11 10:36:39 - [TEST_STEP][PASSED] - selectOptionByIndex: All options with index in [2] are selected on object 'Object Repository/MOH AND GRN/Page_KDMC - CMS/select_--Select--Adernaline 0.'

2018-05-11 10:36:39 - [MESSAGE][PASSED] - All options with index in [2] are selected on object 'Object Repository/MOH AND GRN/Page_KDMC - CMS/select_--Select--Adernaline 0.'

2018-05-11 10:36:39 - [TEST_STEP][PASSED] - setText: Text '5000' is set on object 'Object Repository/MOH AND GRN/Page_KDMC - CMS/input_txttreat'

2018-05-11 10:36:39 - [MESSAGE][PASSED] - Text '5000' is set on object 'Object Repository/MOH AND GRN/Page_KDMC - CMS/input_txttreat'

2018-05-11 10:36:39 - [TEST_STEP][PASSED] - click: Object: 'Object Repository/MOH AND GRN/Page_KDMC - CMS/button_Add' is clicked on

2018-05-11 10:36:39 - [MESSAGE][PASSED] - Object: 'Object Repository/MOH AND GRN/Page_KDMC - CMS/button_Add' is clicked on

2018-05-11 10:36:39 - [TEST_STEP][PASSED] - selectOptionByIndex: All options with index in [4] are selected on object 'Object Repository/MOH AND GRN/Page_KDMC - CMS/select_--Select--Schedule 1Inj'

2018-05-11 10:36:39 - [MESSAGE][PASSED] - All options with index in [4] are selected on object 'Object Repository/MOH AND GRN/Page_KDMC - CMS/select_--Select--Schedule 1Inj'

2018-05-11 10:36:39 - [TEST_STEP][PASSED] - selectOptionByIndex: All options with index in [3] are selected on object 'Object Repository/MOH AND GRN/Page_KDMC - CMS/select_--Select--Adernaline 0.'

2018-05-11 10:36:40 - [MESSAGE][PASSED] - All options with index in [3] are selected on object 'Object Repository/MOH AND GRN/Page_KDMC - CMS/select_--Select--Adernaline 0.'

2018-05-11 10:36:40 - [TEST_STEP][PASSED] - setText: Text '5000' is set on object 'Object Repository/MOH AND GRN/Page_KDMC - CMS/input_txttreat'

2018-05-11 10:36:40 - [MESSAGE][PASSED] - Text '5000' is set on object 'Object Repository/MOH AND GRN/Page_KDMC - CMS/input_txttreat'

2018-05-11 10:36:40 - [TEST_STEP][PASSED] - click: Object: 'Object Repository/MOH AND GRN/Page_KDMC - CMS/button_Add' is clicked on

2018-05-11 10:36:40 - [MESSAGE][PASSED] - Object: 'Object Repository/MOH AND GRN/Page_KDMC - CMS/button_Add' is clicked on

2018-05-11 10:36:40 - [TEST_STEP][PASSED] - selectOptionByIndex: All options with index in [4] are selected on object 'Object Repository/MOH AND GRN/Page_KDMC - CMS/select_--Select--Schedule 1Inj'

2018-05-11 10:36:40 - [MESSAGE][PASSED] - All options with index in [4] are selected on object 'Object Repository/MOH AND GRN/Page_KDMC - CMS/select_--Select--Schedule 1Inj'

2018-05-11 10:36:40 - [TEST_STEP][PASSED] - selectOptionByIndex: All options with index in [4] are selected on object 'Object Repository/MOH AND GRN/Page_KDMC - CMS/select_--Select--Adernaline 0.'

2018-05-11 10:36:40 - [MESSAGE][PASSED] - All options with index in [4] are selected on object 'Object Repository/MOH AND GRN/Page_KDMC - CMS/select_--Select--Adernaline 0.'

2018-05-11 10:36:40 - [TEST_STEP][PASSED] - setText: Text '5000' is set on object 'Object Repository/MOH AND GRN/Page_KDMC - CMS/input_txttreat'

2018-05-11 10:36:40 - [MESSAGE][PASSED] - Text '5000' is set on object 'Object Repository/MOH AND GRN/Page_KDMC - CMS/input_txttreat'

2018-05-11 10:36:40 - [TEST_STEP][PASSED] - click: Object: 'Object Repository/MOH AND GRN/Page_KDMC - CMS/button_Add' is clicked on

2018-05-11 10:36:40 - [MESSAGE][PASSED] - Object: 'Object Repository/MOH AND GRN/Page_KDMC - CMS/button_Add' is clicked on

2018-05-11 10:36:40 - [TEST_STEP][PASSED] - selectOptionByIndex: All options with index in [4] are selected on object 'Object Repository/MOH AND GRN/Page_KDMC - CMS/select_--Select--Schedule 1Inj'

2018-05-11 10:36:40 - [MESSAGE][PASSED] - All options with index in [4] are selected on object 'Object Repository/MOH AND GRN/Page_KDMC - CMS/select_--Select--Schedule 1Inj'

2018-05-11 10:36:40 - [TEST_STEP][PASSED] - selectOptionByIndex: All options with index in [5] are selected on object 'Object Repository/MOH AND GRN/Page_KDMC - CMS/select_--Select--Adernaline 0.'

2018-05-11 10:36:40 - [MESSAGE][PASSED] - All options with index in [5] are selected on object 'Object Repository/MOH AND GRN/Page_KDMC - CMS/select_--Select--Adernaline 0.'

2018-05-11 10:36:40 - [TEST_STEP][PASSED] - setText: Text '5000' is set on object 'Object Repository/MOH AND GRN/Page_KDMC - CMS/input_txttreat'

2018-05-11 10:36:41 - [MESSAGE][PASSED] - Text '5000' is set on object 'Object Repository/MOH AND GRN/Page_KDMC - CMS/input_txttreat'

2018-05-11 10:36:41 - [TEST_STEP][PASSED] - click: Object: 'Object Repository/MOH AND GRN/Page_KDMC - CMS/button_Add' is clicked on

2018-05-11 10:36:41 - [MESSAGE][PASSED] - Object: 'Object Repository/MOH AND GRN/Page_KDMC - CMS/button_Add' is clicked on

2018-05-11 10:36:41 - [TEST_STEP][PASSED] - selectOptionByIndex: All options with index in [4] are selected on object 'Object Repository/MOH AND GRN/Page_KDMC - CMS/select_--Select--Schedule 1Inj'

2018-05-11 10:36:41 - [MESSAGE][PASSED] - All options with index in [4] are selected on object 'Object Repository/MOH AND GRN/Page_KDMC - CMS/select_--Select--Schedule 1Inj'

2018-05-11 10:36:41 - [TEST_STEP][PASSED] - selectOptionByIndex: All options with index in [6] are selected on object 'Object Repository/MOH AND GRN/Page_KDMC - CMS/select_--Select--Adernaline 0.'

2018-05-11 10:36:41 - [MESSAGE][PASSED] - All options with index in [6] are selected on object 'Object Repository/MOH AND GRN/Page_KDMC - CMS/select_--Select--Adernaline 0.'

2018-05-11 10:36:41 - [TEST_STEP][PASSED] - setText: Text '5000' is set on object 'Object Repository/MOH AND GRN/Page_KDMC - CMS/input_txttreat'

2018-05-11 10:36:41 - [MESSAGE][PASSED] - Text '5000' is set on object 'Object Repository/MOH AND GRN/Page_KDMC - CMS/input_txttreat'

2018-05-11 10:36:41 - [TEST_STEP][PASSED] - click: Object: 'Object Repository/MOH AND GRN/Page_KDMC - CMS/button_Add' is clicked on

2018-05-11 10:36:41 - [MESSAGE][PASSED] - Object: 'Object Repository/MOH AND GRN/Page_KDMC - CMS/button_Add' is clicked on

2018-05-11 10:36:41 - [TEST_STEP][PASSED] - selectOptionByIndex: All options with index in [4] are selected on object 'Object Repository/MOH AND GRN/Page_KDMC - CMS/select_--Select--Schedule 1Inj'

2018-05-11 10:36:41 - [MESSAGE][PASSED] - All options with index in [4] are selected on object 'Object Repository/MOH AND GRN/Page_KDMC - CMS/select_--Select--Schedule 1Inj'

2018-05-11 10:36:41 - [TEST_STEP][PASSED] - selectOptionByIndex: All options with index in [7] are selected on object 'Object Repository/MOH AND GRN/Page_KDMC - CMS/select_--Select--Adernaline 0.'

2018-05-11 10:36:41 - [MESSAGE][PASSED] - All options with index in [7] are selected on object 'Object Repository/MOH AND GRN/Page_KDMC - CMS/select_--Select--Adernaline 0.'

2018-05-11 10:36:41 - [TEST_STEP][PASSED] - setText: Text '5000' is set on object 'Object Repository/MOH AND GRN/Page_KDMC - CMS/input_txttreat'

2018-05-11 10:36:41 - [MESSAGE][PASSED] - Text '5000' is set on object 'Object Repository/MOH AND GRN/Page_KDMC - CMS/input_txttreat'

2018-05-11 10:36:41 - [TEST_STEP][PASSED] - click: Object: 'Object Repository/MOH AND GRN/Page_KDMC - CMS/button_Add' is clicked on

2018-05-11 10:36:42 - [MESSAGE][PASSED] - Object: 'Object Repository/MOH AND GRN/Page_KDMC - CMS/button_Add' is clicked on

2018-05-11 10:36:42 - [TEST_STEP][PASSED] - selectOptionByIndex: All options with index in [4] are selected on object 'Object Repository/MOH AND GRN/Page_KDMC - CMS/select_--Select--Schedule 1Inj'

2018-05-11 10:36:42 - [MESSAGE][PASSED] - All options with index in [4] are selected on object 'Object Repository/MOH AND GRN/Page_KDMC - CMS/select_--Select--Schedule 1Inj'

2018-05-11 10:36:42 - [TEST_STEP][PASSED] - selectOptionByIndex: All options with index in [8] are selected on object 'Object Repository/MOH AND GRN/Page_KDMC - CMS/select_--Select--Adernaline 0.'

2018-05-11 10:36:42 - [MESSAGE][PASSED] - All options with index in [8] are selected on object 'Object Repository/MOH AND GRN/Page_KDMC - CMS/select_--Select--Adernaline 0.'

2018-05-11 10:36:42 - [TEST_STEP][PASSED] - setText: Text '5000' is set on object 'Object Repository/MOH AND GRN/Page_KDMC - CMS/input_txttreat'

2018-05-11 10:36:42 - [MESSAGE][PASSED] - Text '5000' is set on object 'Object Repository/MOH AND GRN/Page_KDMC - CMS/input_txttreat'

2018-05-11 10:36:42 - [TEST_STEP][PASSED] - click: Object: 'Object Repository/MOH AND GRN/Page_KDMC - CMS/button_Add' is clicked on

2018-05-11 10:36:42 - [MESSAGE][PASSED] - Object: 'Object Repository/MOH AND GRN/Page_KDMC - CMS/button_Add' is clicked on

2018-05-11 10:36:42 - [TEST_STEP][PASSED] - selectOptionByIndex: All options with index in [4] are selected on object 'Object Repository/MOH AND GRN/Page_KDMC - CMS/select_--Select--Schedule 1Inj'

2018-05-11 10:36:42 - [MESSAGE][PASSED] - All options with index in [4] are selected on object 'Object Repository/MOH AND GRN/Page_KDMC - CMS/select_--Select--Schedule 1Inj'

2018-05-11 10:36:42 - [TEST_STEP][PASSED] - selectOptionByIndex: All options with index in [9] are selected on object 'Object Repository/MOH AND GRN/Page_KDMC - CMS/select_--Select--Adernaline 0.'

2018-05-11 10:36:42 - [MESSAGE][PASSED] - All options with index in [9] are selected on object 'Object Repository/MOH AND GRN/Page_KDMC - CMS/select_--Select--Adernaline 0.'

2018-05-11 10:36:42 - [TEST_STEP][PASSED] - setText: Text '5000' is set on object 'Object Repository/MOH AND GRN/Page_KDMC - CMS/input_txttreat'

2018-05-11 10:36:42 - [MESSAGE][PASSED] - Text '5000' is set on object 'Object Repository/MOH AND GRN/Page_KDMC - CMS/input_txttreat'

2018-05-11 10:36:42 - [TEST_STEP][PASSED] - click: Object: 'Object Repository/MOH AND GRN/Page_KDMC - CMS/button_Add' is clicked on

2018-05-11 10:36:42 - [MESSAGE][PASSED] - Object: 'Object Repository/MOH AND GRN/Page_KDMC - CMS/button_Add' is clicked on

2018-05-11 10:36:42 - [TEST_STEP][PASSED] - selectOptionByIndex: All options with index in [4] are selected on object 'Object Repository/MOH AND GRN/Page_KDMC - CMS/select_--Select--Schedule 1Inj'

2018-05-11 10:36:43 - [MESSAGE][PASSED] - All options with index in [4] are selected on object 'Object Repository/MOH AND GRN/Page_KDMC - CMS/select_--Select--Schedule 1Inj'

2018-05-11 10:36:43 - [TEST_STEP][PASSED] - selectOptionByIndex: All options with index in [10] are selected on object 'Object Repository/MOH AND GRN/Page_KDMC - CMS/select_--Select--Adernaline 0.'

2018-05-11 10:36:43 - [MESSAGE][PASSED] - All options with index in [10] are selected on object 'Object Repository/MOH AND GRN/Page_KDMC - CMS/select_--Select--Adernaline 0.'

2018-05-11 10:36:43 - [TEST_STEP][PASSED] - setText: Text '5000' is set on object 'Object Repository/MOH AND GRN/Page_KDMC - CMS/input_txttreat'

2018-05-11 10:36:43 - [MESSAGE][PASSED] - Text '5000' is set on object 'Object Repository/MOH AND GRN/Page_KDMC - CMS/input_txttreat'

2018-05-11 10:36:43 - [TEST_STEP][PASSED] - click: Object: 'Object Repository/MOH AND GRN/Page_KDMC - CMS/button_Add' is clicked on

2018-05-11 10:36:43 - [MESSAGE][PASSED] - Object: 'Object Repository/MOH AND GRN/Page_KDMC - CMS/button_Add' is clicked on

2018-05-11 10:36:43 - [TEST_STEP][PASSED] - selectOptionByIndex: All options with index in [4] are selected on object 'Object Repository/MOH AND GRN/Page_KDMC - CMS/select_--Select--Schedule 1Inj'

2018-05-11 10:36:43 - [MESSAGE][PASSED] - All options with index in [4] are selected on object 'Object Repository/MOH AND GRN/Page_KDMC - CMS/select_--Select--Schedule 1Inj'

2018-05-11 10:36:43 - [TEST_STEP][PASSED] - selectOptionByIndex: All options with index in [11] are selected on object 'Object Repository/MOH AND GRN/Page_KDMC - CMS/select_--Select--Adernaline 0.'

2018-05-11 10:36:43 - [MESSAGE][PASSED] - All options with index in [11] are selected on object 'Object Repository/MOH AND GRN/Page_KDMC - CMS/select_--Select--Adernaline 0.'

2018-05-11 10:36:43 - [TEST_STEP][PASSED] - setText: Text '5000' is set on object 'Object Repository/MOH AND GRN/Page_KDMC - CMS/input_txttreat'

2018-05-11 10:36:43 - [MESSAGE][PASSED] - Text '5000' is set on object 'Object Repository/MOH AND GRN/Page_KDMC - CMS/input_txttreat'

2018-05-11 10:36:43 - [TEST_STEP][PASSED] - click: Object: 'Object Repository/MOH AND GRN/Page_KDMC - CMS/button_Add' is clicked on

2018-05-11 10:36:43 - [MESSAGE][PASSED] - Object: 'Object Repository/MOH AND GRN/Page_KDMC - CMS/button_Add' is clicked on

2018-05-11 10:36:43 - [TEST_STEP][PASSED] - selectOptionByIndex: All options with index in [4] are selected on object 'Object Repository/MOH AND GRN/Page_KDMC - CMS/select_--Select--Schedule 1Inj'

2018-05-11 10:36:44 - [MESSAGE][PASSED] - All options with index in [4] are selected on object 'Object Repository/MOH AND GRN/Page_KDMC - CMS/select_--Select--Schedule 1Inj'

2018-05-11 10:36:44 - [TEST_STEP][PASSED] - selectOptionByIndex: All options with index in [12] are selected on object 'Object Repository/MOH AND GRN/Page_KDMC - CMS/select_--Select--Adernaline 0.'

2018-05-11 10:36:44 - [MESSAGE][PASSED] - All options with index in [12] are selected on object 'Object Repository/MOH AND GRN/Page_KDMC - CMS/select_--Select--Adernaline 0.'

2018-05-11 10:36:44 - [TEST_STEP][PASSED] - setText: Text '5000' is set on object 'Object Repository/MOH AND GRN/Page_KDMC - CMS/input_txttreat'

2018-05-11 10:36:44 - [MESSAGE][PASSED] - Text '5000' is set on object 'Object Repository/MOH AND GRN/Page_KDMC - CMS/input_txttreat'

2018-05-11 10:36:44 - [TEST_STEP][PASSED] - click: Object: 'Object Repository/MOH AND GRN/Page_KDMC - CMS/button_Add' is clicked on

2018-05-11 10:36:44 - [MESSAGE][PASSED] - Object: 'Object Repository/MOH AND GRN/Page_KDMC - CMS/button_Add' is clicked on

2018-05-11 10:36:44 - [TEST_STEP][PASSED] - selectOptionByIndex: All options with index in [4] are selected on object 'Object Repository/MOH AND GRN/Page_KDMC - CMS/select_--Select--Schedule 1Inj'

2018-05-11 10:36:44 - [MESSAGE][PASSED] - All options with index in [4] are selected on object 'Object Repository/MOH AND GRN/Page_KDMC - CMS/select_--Select--Schedule 1Inj'

2018-05-11 10:36:44 - [TEST_STEP][PASSED] - selectOptionByIndex: All options with index in [13] are selected on object 'Object Repository/MOH AND GRN/Page_KDMC - CMS/select_--Select--Adernaline 0.'

2018-05-11 10:36:44 - [MESSAGE][PASSED] - All options with index in [13] are selected on object 'Object Repository/MOH AND GRN/Page_KDMC - CMS/select_--Select--Adernaline 0.'

2018-05-11 10:36:44 - [TEST_STEP][PASSED] - setText: Text '5000' is set on object 'Object Repository/MOH AND GRN/Page_KDMC - CMS/input_txttreat'

2018-05-11 10:36:44 - [MESSAGE][PASSED] - Text '5000' is set on object 'Object Repository/MOH AND GRN/Page_KDMC - CMS/input_txttreat'

2018-05-11 10:36:44 - [TEST_STEP][PASSED] - click: Object: 'Object Repository/MOH AND GRN/Page_KDMC - CMS/button_Add' is clicked on

2018-05-11 10:36:45 - [MESSAGE][PASSED] - Object: 'Object Repository/MOH AND GRN/Page_KDMC - CMS/button_Add' is clicked on

2018-05-11 10:36:45 - [TEST_STEP][PASSED] - selectOptionByIndex: All options with index in [4] are selected on object 'Object Repository/MOH AND GRN/Page_KDMC - CMS/select_--Select--Schedule 1Inj'

2018-05-11 10:36:45 - [MESSAGE][PASSED] - All options with index in [4] are selected on object 'Object Repository/MOH AND GRN/Page_KDMC - CMS/select_--Select--Schedule 1Inj'

2018-05-11 10:36:45 - [TEST_STEP][PASSED] - selectOptionByIndex: All options with index in [14] are selected on object 'Object Repository/MOH AND GRN/Page_KDMC - CMS/select_--Select--Adernaline 0.'

2018-05-11 10:36:45 - [MESSAGE][PASSED] - All options with index in [14] are selected on object 'Object Repository/MOH AND GRN/Page_KDMC - CMS/select_--Select--Adernaline 0.'

2018-05-11 10:36:45 - [TEST_STEP][PASSED] - setText: Text '5000' is set on object 'Object Repository/MOH AND GRN/Page_KDMC - CMS/input_txttreat'

2018-05-11 10:36:45 - [MESSAGE][PASSED] - Text '5000' is set on object 'Object Repository/MOH AND GRN/Page_KDMC - CMS/input_txttreat'

2018-05-11 10:36:45 - [TEST_STEP][PASSED] - click: Object: 'Object Repository/MOH AND GRN/Page_KDMC - CMS/button_Add' is clicked on

2018-05-11 10:36:45 - [MESSAGE][PASSED] - Object: 'Object Repository/MOH AND GRN/Page_KDMC - CMS/button_Add' is clicked on

2018-05-11 10:36:45 - [TEST_STEP][PASSED] - selectOptionByIndex: All options with index in [4] are selected on object 'Object Repository/MOH AND GRN/Page_KDMC - CMS/select_--Select--Schedule 1Inj'

2018-05-11 10:36:45 - [MESSAGE][PASSED] - All options with index in [4] are selected on object 'Object Repository/MOH AND GRN/Page_KDMC - CMS/select_--Select--Schedule 1Inj'

2018-05-11 10:36:45 - [TEST_STEP][PASSED] - selectOptionByIndex: All options with index in [15] are selected on object 'Object Repository/MOH AND GRN/Page_KDMC - CMS/select_--Select--Adernaline 0.'

2018-05-11 10:36:45 - [MESSAGE][PASSED] - All options with index in [15] are selected on object 'Object Repository/MOH AND GRN/Page_KDMC - CMS/select_--Select--Adernaline 0.'

2018-05-11 10:36:45 - [TEST_STEP][PASSED] - setText: Text '5000' is set on object 'Object Repository/MOH AND GRN/Page_KDMC - CMS/input_txttreat'

2018-05-11 10:36:46 - [MESSAGE][PASSED] - Text '5000' is set on object 'Object Repository/MOH AND GRN/Page_KDMC - CMS/input_txttreat'

2018-05-11 10:36:46 - [TEST_STEP][PASSED] - click: Object: 'Object Repository/MOH AND GRN/Page_KDMC - CMS/button_Add' is clicked on

2018-05-11 10:36:46 - [MESSAGE][PASSED] - Object: 'Object Repository/MOH AND GRN/Page_KDMC - CMS/button_Add' is clicked on

2018-05-11 10:36:46 - [TEST_STEP][PASSED] - scrollToElement: Scroll to object 'Object Repository/MOH AND GRN/Page_KDMC - CMS/input_btnsave' successfully

2018-05-11 10:36:46 - [MESSAGE][PASSED] - Scroll to object 'Object Repository/MOH AND GRN/Page_KDMC - CMS/input_btnsave' successfully

2018-05-11 10:36:46 - [TEST_STEP][PASSED] - click: Object: 'Object Repository/MOH AND GRN/Page_KDMC - CMS/input_btnsave' is clicked on

2018-05-11 10:36:46 - [MESSAGE][PASSED] - Object: 'Object Repository/MOH AND GRN/Page_KDMC - CMS/input_btnsave' is clicked on

2018-05-11 10:36:46 - [TEST_STEP][PASSED] - delay: Delayed 3 second(s)

2018-05-11 10:36:49 - [MESSAGE][PASSED] - Delayed 3 second(s)

2018-05-11 10:36:49 - [TEST_STEP][PASSED] - Statement - Request1 = com.kms.katalon.core.webui.keyword.WebUiBuiltInKeywords.getText(com.kms.katalon.core.testobject.ObjectRepository.findTestObject(MOH AND GRN/Page_KDMC - CMS/font_PRNO0505201876)): Text of object 'Object Repository/MOH AND GRN/Page_KDMC - CMS/font_PRNO0505201876' is: 'PRNO/11052018/209'

2018-05-11 10:36:49 - [MESSAGE][PASSED] - Text of object 'Object Repository/MOH AND GRN/Page_KDMC - CMS/font_PRNO0505201876' is: 'PRNO/11052018/209'

2018-05-11 10:36:49 - [TEST_STEP][PASSED] - Statement - out.println("Length OF The Medicine " + Request1): null

2018-05-11 10:36:49 - [TEST_STEP][PASSED] - Statement - RequestNUmber = Request1.split("/")[2].trim(): null

2018-05-11 10:36:49 - [TEST_STEP][PASSED] - Statement - out.println("ID IS " + RequestNUmber): null

2018-05-11 10:36:49 - [TEST_STEP][PASSED] - delay: Delayed 3 second(s)

2018-05-11 10:36:52 - [MESSAGE][PASSED] - Delayed 3 second(s)

2018-05-11 10:36:52 - [TEST_STEP][PASSED] - click: Object: 'Object Repository/MOH AND GRN/Page_KDMC - CMS/button_OK' is clicked on

2018-05-11 10:36:53 - [MESSAGE][PASSED] - Object: 'Object Repository/MOH AND GRN/Page_KDMC - CMS/button_OK' is clicked on

2018-05-11 10:36:53 - [TEST_STEP][PASSED] - click: Object: 'Object Repository/MOH AND GRN/Page_KDMC - CMS/a_dropdown-toggle' is clicked on

2018-05-11 10:36:54 - [MESSAGE][PASSED] - Object: 'Object Repository/MOH AND GRN/Page_KDMC - CMS/a_dropdown-toggle' is clicked on

2018-05-11 10:36:54 - [TEST_STEP][PASSED] - click: Object: 'Object Repository/MOH AND GRN/Page_KDMC - CMS/a_Sign out' is clicked on

2018-05-11 10:36:54 - [MESSAGE][PASSED] - Object: 'Object Repository/MOH AND GRN/Page_KDMC - CMS/a_Sign out' is clicked on

2018-05-11 10:36:54 - [TEST_STEP][PASSED] - delay: Delayed 4 second(s)

2018-05-11 10:36:58 - [MESSAGE][PASSED] - Delayed 4 second(s)

2018-05-11 10:36:58 - [TEST_STEP][PASSED] - click: Object: 'Object Repository/MOH AND GRN/Page_KDMC/a_Admin Master' is clicked on

2018-05-11 10:36:59 - [MESSAGE][PASSED] - Object: 'Object Repository/MOH AND GRN/Page_KDMC/a_Admin Master' is clicked on

2018-05-11 10:36:59 - [TEST_STEP][PASSED] - setText: Text 'admin' is set on object 'Object Repository/MOH AND GRN/Page_Admin login/input_txtusername'

2018-05-11 10:36:59 - [MESSAGE][PASSED] - Text 'admin' is set on object 'Object Repository/MOH AND GRN/Page_Admin login/input_txtusername'

2018-05-11 10:36:59 - [TEST_STEP][PASSED] - setText: Text 'admin123' is set on object 'Object Repository/MOH AND GRN/Page_Admin login/input_txtpassword'

2018-05-11 10:36:59 - [MESSAGE][PASSED] - Text 'admin123' is set on object 'Object Repository/MOH AND GRN/Page_Admin login/input_txtpassword'

2018-05-11 10:36:59 - [TEST_STEP][PASSED] - delay: Delayed 3 second(s)

2018-05-11 10:37:02 - [MESSAGE][PASSED] - Delayed 3 second(s)

2018-05-11 10:37:02 - [TEST_STEP][PASSED] - click: Object: 'Object Repository/MOH AND GRN/Page_Admin login/button_Sign in' is clicked on

2018-05-11 10:37:03 - [MESSAGE][PASSED] - Object: 'Object Repository/MOH AND GRN/Page_Admin login/button_Sign in' is clicked on

2018-05-11 10:37:03 - [TEST_STEP][PASSED] - delay: Delayed 20 second(s)

2018-05-11 10:37:23 - [MESSAGE][PASSED] - Delayed 20 second(s)

2018-05-11 10:37:23 - [TEST_STEP][PASSED] - scrollToPosition: Browser is scrolled to position x = 200, y = 200

2018-05-11 10:37:24 - [MESSAGE][PASSED] - Browser is scrolled to position x = 200, y = 200

2018-05-11 10:37:24 - [TEST_STEP][PASSED] - click: Object: 'Object Repository/MOH AND GRN/Page_KDMC/a_CMS_1' is clicked on

2018-05-11 10:37:24 - [MESSAGE][PASSED] - Object: 'Object Repository/MOH AND GRN/Page_KDMC/a_CMS_1' is clicked on

2018-05-11 10:37:24 - [TEST_STEP][PASSED] - click: Object: 'Object Repository/MOH AND GRN/Page_KDMC/a_Request List' is clicked on

2018-05-11 10:37:25 - [MESSAGE][PASSED] - Object: 'Object Repository/MOH AND GRN/Page_KDMC/a_Request List' is clicked on

2018-05-11 10:37:25 - [TEST_STEP][PASSED] - Statement - RequestNumberId = com.kms.katalon.core.webui.keyword.WebUiBuiltInKeywords.modifyObjectProperty(com.kms.katalon.core.testobject.ObjectRepository.findTestObject(MOH AND GRN/Page_KDMC - CMS/input_PO0032), "xpath", "equals", "//*[@id =" + RequestNUmber + "]", true): Modify property of object successfully

2018-05-11 10:37:25 - [MESSAGE][PASSED] - Modify property of object successfully

2018-05-11 10:37:25 - [TEST_STEP][PASSED] - click: Object: 'Object Repository/MOH AND GRN/Page_KDMC - CMS/input_PO0032' is clicked on

2018-05-11 10:37:25 - [MESSAGE][PASSED] - Object: 'Object Repository/MOH AND GRN/Page_KDMC - CMS/input_PO0032' is clicked on

2018-05-11 10:37:25 - [TEST_STEP][PASSED] - delay: Delayed 3 second(s)

2018-05-11 10:37:28 - [MESSAGE][PASSED] - Delayed 3 second(s)

2018-05-11 10:37:28 - [TEST_STEP][PASSED] - selectOptionByIndex: All options with index in [1] are selected on object 'Object Repository/MOH AND GRN/Page_KDMC/select_--Select--'

2018-05-11 10:37:28 - [MESSAGE][PASSED] - All options with index in [1] are selected on object 'Object Repository/MOH AND GRN/Page_KDMC/select_--Select--'

2018-05-11 10:37:28 - [TEST_STEP][PASSED] - click: Object: 'Object Repository/MOH AND GRN/Page_KDMC/input_btnupdate' is clicked on

2018-05-11 10:37:28 - [MESSAGE][PASSED] - Object: 'Object Repository/MOH AND GRN/Page_KDMC/input_btnupdate' is clicked on

2018-05-11 10:37:28 - [TEST_STEP][PASSED] - delay: Delayed 3 second(s)

2018-05-11 10:37:31 - [MESSAGE][PASSED] - Delayed 3 second(s)

2018-05-11 10:37:31 - [TEST_STEP][PASSED] - click: Object: 'Object Repository/MOH AND GRN/Page_KDMC/button_OK' is clicked on

2018-05-11 10:37:32 - [MESSAGE][PASSED] - Object: 'Object Repository/MOH AND GRN/Page_KDMC/button_OK' is clicked on

2018-05-11 10:37:32 - [TEST_STEP][PASSED] - delay: Delayed 3 second(s)

2018-05-11 10:37:35 - [MESSAGE][PASSED] - Delayed 3 second(s)

2018-05-11 10:37:35 - [TEST_STEP][PASSED] - scrollToPosition: Browser is scrolled to position x = 200, y = 200

2018-05-11 10:37:35 - [MESSAGE][PASSED] - Browser is scrolled to position x = 200, y = 200

2018-05-11 10:37:35 - [TEST_STEP][PASSED] - click: Object: 'Object Repository/MOH AND GRN/Page_KDMC/a_CMS_2' is clicked on

2018-05-11 10:37:35 - [MESSAGE][PASSED] - Object: 'Object Repository/MOH AND GRN/Page_KDMC/a_CMS_2' is clicked on

2018-05-11 10:37:35 - [TEST_STEP][PASSED] - delay: Delayed 2 second(s)

2018-05-11 10:37:37 - [MESSAGE][PASSED] - Delayed 2 second(s)

2018-05-11 10:37:37 - [TEST_STEP][PASSED] - click: Object: 'Object Repository/MOH AND GRN/Page_KDMC/a_Generate P.O' is clicked on

2018-05-11 10:37:38 - [MESSAGE][PASSED] - Object: 'Object Repository/MOH AND GRN/Page_KDMC/a_Generate P.O' is clicked on

2018-05-11 10:37:38 - [TEST_STEP][PASSED] - delay: Delayed 2 second(s)

2018-05-11 10:37:40 - [MESSAGE][PASSED] - Delayed 2 second(s)

2018-05-11 10:37:40 - [TEST_STEP][PASSED] - selectOptionByIndex: All options with index in [1] are selected on object 'Object Repository/MOH AND GRN/Page_KDMC/select_--Select--PRNO040520183'

2018-05-11 10:37:41 - [MESSAGE][PASSED] - All options with index in [1] are selected on object 'Object Repository/MOH AND GRN/Page_KDMC/select_--Select--PRNO040520183'

2018-05-11 10:37:41 - [TEST_STEP][PASSED] - selectOptionByIndex: All options with index in [2] are selected on object 'Object Repository/MOH AND GRN/Page_KDMC/select_--Select--Hamen Chandra'

2018-05-11 10:37:41 - [MESSAGE][PASSED] - All options with index in [2] are selected on object 'Object Repository/MOH AND GRN/Page_KDMC/select_--Select--Hamen Chandra'

2018-05-11 10:37:41 - [TEST_STEP][PASSED] - Statement - PONumber = com.kms.katalon.core.webui.keyword.WebUiBuiltInKeywords.getText(com.kms.katalon.core.testobject.ObjectRepository.findTestObject(MOH AND GRN/Page_KDMC/input_lblpono)).trim(): Text of object 'Object Repository/MOH AND GRN/Page_KDMC/input_lblpono' is: ''

2018-05-11 10:37:41 - [MESSAGE][PASSED] - Text of object 'Object Repository/MOH AND GRN/Page_KDMC/input_lblpono' is: ''

2018-05-11 10:37:41 - [TEST_STEP][PASSED] - Statement - PONumber1 = com.kms.katalon.core.webui.keyword.WebUiBuiltInKeywords.getAttribute(com.kms.katalon.core.testobject.ObjectRepository.findTestObject(MOH AND GRN/Page_KDMC/input_lblpono), "value").trim(): Attribute 'value' of object 'Object Repository/MOH AND GRN/Page_KDMC/input_lblpono' is: 'PO0093'

2018-05-11 10:37:41 - [MESSAGE][PASSED] - Attribute 'value' of object 'Object Repository/MOH AND GRN/Page_KDMC/input_lblpono' is: 'PO0093'

2018-05-11 10:37:41 - [TEST_STEP][PASSED] - Statement - out.println("PO NUMBER :" + PONumber): null

2018-05-11 10:37:41 - [TEST_STEP][PASSED] - Statement - out.println("PO NUMBER :" + PONumber1): null

2018-05-11 10:37:41 - [TEST_STEP][PASSED] - click: Object: 'Object Repository/MOH AND GRN/Page_KDMC/input_chkrem' is clicked on

2018-05-11 10:37:41 - [MESSAGE][PASSED] - Object: 'Object Repository/MOH AND GRN/Page_KDMC/input_chkrem' is clicked on

2018-05-11 10:37:41 - [TEST_STEP][PASSED] - scrollToElement: Scroll to object 'Object Repository/MOH AND GRN/Page_KDMC/input_btnreturn' successfully

2018-05-11 10:37:41 - [MESSAGE][PASSED] - Scroll to object 'Object Repository/MOH AND GRN/Page_KDMC/input_btnreturn' successfully

2018-05-11 10:37:41 - [TEST_STEP][PASSED] - click: Object: 'Object Repository/MOH AND GRN/Page_KDMC/input_btnreturn' is clicked on

2018-05-11 10:37:41 - [MESSAGE][PASSED] - Object: 'Object Repository/MOH AND GRN/Page_KDMC/input_btnreturn' is clicked on

2018-05-11 10:37:41 - [TEST_STEP][PASSED] - delay: Delayed 3 second(s)

2018-05-11 10:37:44 - [MESSAGE][PASSED] - Delayed 3 second(s)

2018-05-11 10:37:44 - [TEST_STEP][PASSED] - click: Object: 'Object Repository/MOH AND GRN/Page_KDMC/button_Yes' is clicked on

2018-05-11 10:37:44 - [MESSAGE][PASSED] - Object: 'Object Repository/MOH AND GRN/Page_KDMC/button_Yes' is clicked on

2018-05-11 10:37:44 - [TEST_STEP][PASSED] - delay: Delayed 3 second(s)

2018-05-11 10:37:47 - [MESSAGE][PASSED] - Delayed 3 second(s)

2018-05-11 10:37:47 - [TEST_STEP][PASSED] - click: Object: 'Object Repository/MOH AND GRN/Page_KDMC/button_OK' is clicked on

2018-05-11 10:37:48 - [MESSAGE][PASSED] - Object: 'Object Repository/MOH AND GRN/Page_KDMC/button_OK' is clicked on

2018-05-11 10:37:48 - [TEST_STEP][PASSED] - delay: Delayed 3 second(s)

2018-05-11 10:37:51 - [MESSAGE][PASSED] - Delayed 3 second(s)

2018-05-11 10:37:51 - [TEST_STEP][PASSED] - click: Object: 'Object Repository/MOH AND GRN/Page_KDMC/a_dropdown-toggle' is clicked on

2018-05-11 10:37:51 - [MESSAGE][PASSED] - Object: 'Object Repository/MOH AND GRN/Page_KDMC/a_dropdown-toggle' is clicked on

2018-05-11 10:37:51 - [TEST_STEP][PASSED] - click: Object: 'Object Repository/MOH AND GRN/Page_KDMC/a_Sign out' is clicked on

2018-05-11 10:37:52 - [MESSAGE][PASSED] - Object: 'Object Repository/MOH AND GRN/Page_KDMC/a_Sign out' is clicked on

2018-05-11 10:37:52 - [TEST_STEP][PASSED] - delay: Delayed 4 second(s)

2018-05-11 10:37:56 - [MESSAGE][PASSED] - Delayed 4 second(s)

2018-05-11 10:37:56 - [TEST_STEP][PASSED] - click: Object: 'Object Repository/MOH AND GRN/Page_KDMC/a_CMS' is clicked on

2018-05-11 10:37:57 - [MESSAGE][PASSED] - Object: 'Object Repository/MOH AND GRN/Page_KDMC/a_CMS' is clicked on

2018-05-11 10:37:57 - [TEST_STEP][PASSED] - setText: Text 'bala' is set on object 'Object Repository/MOH AND GRN/Page_CMS login/input_txtusername'

2018-05-11 10:37:57 - [MESSAGE][PASSED] - Text 'bala' is set on object 'Object Repository/MOH AND GRN/Page_CMS login/input_txtusername'

2018-05-11 10:37:57 - [TEST_STEP][PASSED] - setText: Text '123' is set on object 'Object Repository/MOH AND GRN/Page_CMS login/input_txtpassword'

2018-05-11 10:37:57 - [MESSAGE][PASSED] - Text '123' is set on object 'Object Repository/MOH AND GRN/Page_CMS login/input_txtpassword'

2018-05-11 10:37:57 - [TEST_STEP][PASSED] - delay: Delayed 3 second(s)

2018-05-11 10:38:00 - [MESSAGE][PASSED] - Delayed 3 second(s)

2018-05-11 10:38:00 - [TEST_STEP][PASSED] - click: Object: 'Object Repository/MOH AND GRN/Page_CMS login/button_Sign in' is clicked on

2018-05-11 10:38:01 - [MESSAGE][PASSED] - Object: 'Object Repository/MOH AND GRN/Page_CMS login/button_Sign in' is clicked on

2018-05-11 10:38:01 - [TEST_STEP][PASSED] - click: Object: 'Object Repository/MOH AND GRN/Page_KDMC - CMS/a_CMS Details' is clicked on

2018-05-11 10:38:01 - [MESSAGE][PASSED] - Object: 'Object Repository/MOH AND GRN/Page_KDMC - CMS/a_CMS Details' is clicked on

2018-05-11 10:38:01 - [TEST_STEP][PASSED] - delay: Delayed 2 second(s)

2018-05-11 10:38:03 - [MESSAGE][PASSED] - Delayed 2 second(s)

2018-05-11 10:38:03 - [TEST_STEP][PASSED] - click: Object: 'Object Repository/MOH AND GRN/Page_KDMC - CMS/a_Goods Receive' is clicked on

2018-05-11 10:38:03 - [MESSAGE][PASSED] - Object: 'Object Repository/MOH AND GRN/Page_KDMC - CMS/a_Goods Receive' is clicked on

2018-05-11 10:38:03 - [TEST_STEP][PASSED] - delay: Delayed 2 second(s)

2018-05-11 10:38:05 - [MESSAGE][PASSED] - Delayed 2 second(s)

2018-05-11 10:38:05 - [TEST_STEP][PASSED] - selectOptionByLabel: All options with label 'PO0093' are selected in object 'Object Repository/MOH AND GRN/Page_KDMC - CMS/select_--Select--PO0032PO0031P' 

2018-05-11 10:38:06 - [MESSAGE][PASSED] - All options with label 'PO0093' are selected in object 'Object Repository/MOH AND GRN/Page_KDMC - CMS/select_--Select--PO0032PO0031P' 

2018-05-11 10:38:06 - [TEST_STEP][PASSED] - setText: Finding Test Object with id 'Object Repository/MOH AND GRN/Page_KDMC - CMS/input_txtgrnno'

2018-05-11 10:38:06 - [TEST_STEP][PASSED] - Statement - switch (id): Text 'INV630.0' is set on object 'Object Repository/MOH AND GRN/Page_KDMC - CMS/input_txtgrnno'

2018-05-11 10:38:06 - [TEST_STEP][PASSED] - Statement - case 2:: Text 'INV630.0' is set on object 'Object Repository/MOH AND GRN/Page_KDMC - CMS/input_txtgrnno'

2018-05-11 10:38:06 - [TEST_STEP][PASSED] - Statement - return (java.lang.Math.floor((java.lang.Math.random() * ((max - min) + 1))) + min): Text 'INV630.0' is set on object 'Object Repository/MOH AND GRN/Page_KDMC - CMS/input_txtgrnno'

2018-05-11 10:38:06 - [MESSAGE][PASSED] - Text 'INV630.0' is set on object 'Object Repository/MOH AND GRN/Page_KDMC - CMS/input_txtgrnno'

2018-05-11 10:38:06 - [TEST_STEP][PASSED] - selectOptionByIndex: All options with index in [1] are selected on object 'Object Repository/MOH AND GRN/Page_KDMC - CMS/select_--Select--PERUMAL PHARM'

2018-05-11 10:38:06 - [MESSAGE][PASSED] - All options with index in [1] are selected on object 'Object Repository/MOH AND GRN/Page_KDMC - CMS/select_--Select--PERUMAL PHARM'

2018-05-11 10:38:06 - [TEST_STEP][PASSED] - setText: Text '1700' is set on object 'Object Repository/MOH AND GRN/Page_KDMC - CMS/input_txtgrnno_1'

2018-05-11 10:38:06 - [MESSAGE][PASSED] - Text '1700' is set on object 'Object Repository/MOH AND GRN/Page_KDMC - CMS/input_txtgrnno_1'

2018-05-11 10:38:06 - [TEST_STEP][PASSED] - setText: Text '560' is set on object 'Object Repository/MOH AND GRN/Page_KDMC - CMS/input_txtgrnno_2'

2018-05-11 10:38:06 - [MESSAGE][PASSED] - Text '560' is set on object 'Object Repository/MOH AND GRN/Page_KDMC - CMS/input_txtgrnno_2'

2018-05-11 10:38:06 - [TEST_STEP][PASSED] - setText: Finding Test Object with id 'Object Repository/MOH AND GRN/Page_KDMC - CMS/input_txtgrnno_3'

2018-05-11 10:38:06 - [TEST_STEP][PASSED] - Statement - switch (id): Text 'CH56.0' is set on object 'Object Repository/MOH AND GRN/Page_KDMC - CMS/input_txtgrnno_3'

2018-05-11 10:38:06 - [TEST_STEP][PASSED] - Statement - case 3:: Text 'CH56.0' is set on object 'Object Repository/MOH AND GRN/Page_KDMC - CMS/input_txtgrnno_3'

2018-05-11 10:38:06 - [TEST_STEP][PASSED] - Statement - return (java.lang.Math.floor((java.lang.Math.random() * ((max - min) + 1))) + min): Text 'CH56.0' is set on object 'Object Repository/MOH AND GRN/Page_KDMC - CMS/input_txtgrnno_3'

2018-05-11 10:38:06 - [MESSAGE][PASSED] - Text 'CH56.0' is set on object 'Object Repository/MOH AND GRN/Page_KDMC - CMS/input_txtgrnno_3'

2018-05-11 10:38:06 - [TEST_STEP][PASSED] - scrollToPosition: Browser is scrolled to position x = 200, y = 200

2018-05-11 10:38:06 - [MESSAGE][PASSED] - Browser is scrolled to position x = 200, y = 200

2018-05-11 10:38:06 - [TEST_STEP][PASSED] - Statement - GrnLength = com.kms.katalon.core.webui.keyword.WebUiBuiltInKeywords.getNumberOfTotalOption(com.kms.katalon.core.testobject.ObjectRepository.findTestObject(MOH AND GRN/Page_KDMC - CMS/select_--Select--Amikacin -500)): 16 options of object 'Object Repository/MOH AND GRN/Page_KDMC - CMS/select_--Select--Amikacin -500' counted

2018-05-11 10:38:06 - [MESSAGE][PASSED] - 16 options of object 'Object Repository/MOH AND GRN/Page_KDMC - CMS/select_--Select--Amikacin -500' counted

2018-05-11 10:38:06 - [TEST_STEP][PASSED] - Statement - out.println("Length OF The Medicine " + GrnLength): null

2018-05-11 10:38:06 - [TEST_STEP][PASSED] - Statement - s = 1: null

2018-05-11 10:38:06 - [TEST_STEP][PASSED] - Statement - For ([t = 1, t < GrnLength, (t++)]): Finding Test Object with id 'Object Repository/MOH AND GRN/Page_KDMC - CMS/input_txtmrp'

2018-05-11 10:38:06 - [TEST_STEP][PASSED] - selectOptionByIndex: All options with index in [1] are selected on object 'Object Repository/MOH AND GRN/Page_KDMC - CMS/select_--Select--Amikacin -500'

2018-05-11 10:38:06 - [MESSAGE][PASSED] - All options with index in [1] are selected on object 'Object Repository/MOH AND GRN/Page_KDMC - CMS/select_--Select--Amikacin -500'

2018-05-11 10:38:06 - [TEST_STEP][PASSED] - setText: Text '5000' is set on object 'Object Repository/MOH AND GRN/Page_KDMC - CMS/input_txtqty'

2018-05-11 10:38:07 - [MESSAGE][PASSED] - Text '5000' is set on object 'Object Repository/MOH AND GRN/Page_KDMC - CMS/input_txtqty'

2018-05-11 10:38:07 - [TEST_STEP][PASSED] - selectOptionByIndex: All options with index in [1] are selected on object 'Object Repository/MOH AND GRN/Page_KDMC - CMS/select_--Select--No Tax0'

2018-05-11 10:38:07 - [MESSAGE][PASSED] - All options with index in [1] are selected on object 'Object Repository/MOH AND GRN/Page_KDMC - CMS/select_--Select--No Tax0'

2018-05-11 10:38:07 - [TEST_STEP][PASSED] - setText: Finding Test Object with id 'Object Repository/MOH AND GRN/Page_KDMC - CMS/input_txtmrp'

2018-05-11 10:38:07 - [TEST_STEP][PASSED] - Statement - switch (id): Finding Test Object with id 'Object Repository/MOH AND GRN/Page_KDMC - CMS/input_txtdeal'

2018-05-11 10:38:07 - [TEST_STEP][PASSED] - Statement - case 4:: Text '40.0' is set on object 'Object Repository/MOH AND GRN/Page_KDMC - CMS/input_txtmrp'

2018-05-11 10:38:07 - [TEST_STEP][PASSED] - Statement - return (java.lang.Math.floor((java.lang.Math.random() * ((max - min) + 1))) + min): Text '40.0' is set on object 'Object Repository/MOH AND GRN/Page_KDMC - CMS/input_txtmrp'

2018-05-11 10:38:07 - [MESSAGE][PASSED] - Text '40.0' is set on object 'Object Repository/MOH AND GRN/Page_KDMC - CMS/input_txtmrp'

2018-05-11 10:38:07 - [TEST_STEP][PASSED] - setText: Finding Test Object with id 'Object Repository/MOH AND GRN/Page_KDMC - CMS/input_txtdeal'

2018-05-11 10:38:07 - [TEST_STEP][PASSED] - Statement - switch (id): Finding Test Object with id 'Object Repository/MOH AND GRN/Page_KDMC - CMS/input_txtbatchno'

2018-05-11 10:38:07 - [TEST_STEP][PASSED] - Statement - case 5:: Text '1.0' is set on object 'Object Repository/MOH AND GRN/Page_KDMC - CMS/input_txtdeal'

2018-05-11 10:38:07 - [TEST_STEP][PASSED] - Statement - return (java.lang.Math.floor((java.lang.Math.random() * ((max - min) + 1))) + min): Text '1.0' is set on object 'Object Repository/MOH AND GRN/Page_KDMC - CMS/input_txtdeal'

2018-05-11 10:38:07 - [MESSAGE][PASSED] - Text '1.0' is set on object 'Object Repository/MOH AND GRN/Page_KDMC - CMS/input_txtdeal'

2018-05-11 10:38:07 - [TEST_STEP][PASSED] - setText: Finding Test Object with id 'Object Repository/MOH AND GRN/Page_KDMC - CMS/input_txtbatchno'

2018-05-11 10:38:07 - [TEST_STEP][PASSED] - Statement - switch (id): Finding Test Object with id 'Object Repository/MOH AND GRN/Page_KDMC - CMS/input_txtmrp'

2018-05-11 10:38:07 - [TEST_STEP][PASSED] - Statement - case 1:: Text 'BA361.0' is set on object 'Object Repository/MOH AND GRN/Page_KDMC - CMS/input_txtbatchno'

2018-05-11 10:38:07 - [TEST_STEP][PASSED] - Statement - return (java.lang.Math.floor((java.lang.Math.random() * ((max - min) + 1))) + min): Text 'BA361.0' is set on object 'Object Repository/MOH AND GRN/Page_KDMC - CMS/input_txtbatchno'

2018-05-11 10:38:07 - [MESSAGE][PASSED] - Text 'BA361.0' is set on object 'Object Repository/MOH AND GRN/Page_KDMC - CMS/input_txtbatchno'

2018-05-11 10:38:07 - [TEST_STEP][PASSED] - rightClick: Object: 'Object Repository/GRN/Page_KDMC - CMS/input_txtexpdate' is right clicked on

2018-05-11 10:38:07 - [MESSAGE][PASSED] - Object: 'Object Repository/GRN/Page_KDMC - CMS/input_txtexpdate' is right clicked on

2018-05-11 10:38:07 - [TEST_STEP][PASSED] - selectOptionByIndex: All options with index in [1] are selected on object 'Object Repository/GRN/Page_KDMC - CMS/select_20182019202020212022202'

2018-05-11 10:38:07 - [MESSAGE][PASSED] - All options with index in [1] are selected on object 'Object Repository/GRN/Page_KDMC - CMS/select_20182019202020212022202'

2018-05-11 10:38:07 - [TEST_STEP][PASSED] - selectOptionByIndex: All options with index in [1] are selected on object 'Object Repository/GRN/Page_KDMC - CMS/select_JanFebMarAprMayJunJulAu'

2018-05-11 10:38:08 - [MESSAGE][PASSED] - All options with index in [1] are selected on object 'Object Repository/GRN/Page_KDMC - CMS/select_JanFebMarAprMayJunJulAu'

2018-05-11 10:38:08 - [TEST_STEP][PASSED] - click: Object: 'Object Repository/MOH AND GRN/Page_KDMC - CMS/a_12' is clicked on

2018-05-11 10:38:08 - [MESSAGE][PASSED] - Object: 'Object Repository/MOH AND GRN/Page_KDMC - CMS/a_12' is clicked on

2018-05-11 10:38:08 - [TEST_STEP][PASSED] - click: Object: 'Object Repository/MOH AND GRN/Page_KDMC - CMS/input_btnadd' is clicked on

2018-05-11 10:38:08 - [MESSAGE][PASSED] - Object: 'Object Repository/MOH AND GRN/Page_KDMC - CMS/input_btnadd' is clicked on

2018-05-11 10:38:08 - [TEST_STEP][PASSED] - Statement - If (s == 10): null

2018-05-11 10:38:08 - [TEST_STEP][PASSED] - Statement - Else: null

2018-05-11 10:38:08 - [TEST_STEP][PASSED] - Statement - (s++): null

2018-05-11 10:38:08 - [TEST_STEP][PASSED] - delay: Delayed 1 second(s)

2018-05-11 10:38:09 - [MESSAGE][PASSED] - Delayed 1 second(s)

2018-05-11 10:38:09 - [TEST_STEP][PASSED] - selectOptionByIndex: All options with index in [2] are selected on object 'Object Repository/MOH AND GRN/Page_KDMC - CMS/select_--Select--Amikacin -500'

2018-05-11 10:38:09 - [MESSAGE][PASSED] - All options with index in [2] are selected on object 'Object Repository/MOH AND GRN/Page_KDMC - CMS/select_--Select--Amikacin -500'

2018-05-11 10:38:09 - [TEST_STEP][PASSED] - setText: Text '5000' is set on object 'Object Repository/MOH AND GRN/Page_KDMC - CMS/input_txtqty'

2018-05-11 10:38:09 - [MESSAGE][PASSED] - Text '5000' is set on object 'Object Repository/MOH AND GRN/Page_KDMC - CMS/input_txtqty'

2018-05-11 10:38:09 - [TEST_STEP][PASSED] - selectOptionByIndex: All options with index in [1] are selected on object 'Object Repository/MOH AND GRN/Page_KDMC - CMS/select_--Select--No Tax0'

2018-05-11 10:38:09 - [MESSAGE][PASSED] - All options with index in [1] are selected on object 'Object Repository/MOH AND GRN/Page_KDMC - CMS/select_--Select--No Tax0'

2018-05-11 10:38:09 - [TEST_STEP][PASSED] - setText: Finding Test Object with id 'Object Repository/MOH AND GRN/Page_KDMC - CMS/input_txtmrp'

2018-05-11 10:38:09 - [TEST_STEP][PASSED] - Statement - switch (id): Finding Test Object with id 'Object Repository/MOH AND GRN/Page_KDMC - CMS/input_txtdeal'

2018-05-11 10:38:09 - [TEST_STEP][PASSED] - Statement - case 4:: Text '36.0' is set on object 'Object Repository/MOH AND GRN/Page_KDMC - CMS/input_txtmrp'

2018-05-11 10:38:09 - [TEST_STEP][PASSED] - Statement - return (java.lang.Math.floor((java.lang.Math.random() * ((max - min) + 1))) + min): Text '36.0' is set on object 'Object Repository/MOH AND GRN/Page_KDMC - CMS/input_txtmrp'

2018-05-11 10:38:09 - [MESSAGE][PASSED] - Text '36.0' is set on object 'Object Repository/MOH AND GRN/Page_KDMC - CMS/input_txtmrp'

2018-05-11 10:38:09 - [TEST_STEP][PASSED] - setText: Finding Test Object with id 'Object Repository/MOH AND GRN/Page_KDMC - CMS/input_txtdeal'

2018-05-11 10:38:09 - [TEST_STEP][PASSED] - Statement - switch (id): Finding Test Object with id 'Object Repository/MOH AND GRN/Page_KDMC - CMS/input_txtbatchno'

2018-05-11 10:38:09 - [TEST_STEP][PASSED] - Statement - case 5:: Text '4.0' is set on object 'Object Repository/MOH AND GRN/Page_KDMC - CMS/input_txtdeal'

2018-05-11 10:38:09 - [TEST_STEP][PASSED] - Statement - return (java.lang.Math.floor((java.lang.Math.random() * ((max - min) + 1))) + min): Text '4.0' is set on object 'Object Repository/MOH AND GRN/Page_KDMC - CMS/input_txtdeal'

2018-05-11 10:38:09 - [MESSAGE][PASSED] - Text '4.0' is set on object 'Object Repository/MOH AND GRN/Page_KDMC - CMS/input_txtdeal'

2018-05-11 10:38:09 - [TEST_STEP][PASSED] - setText: Finding Test Object with id 'Object Repository/MOH AND GRN/Page_KDMC - CMS/input_txtbatchno'

2018-05-11 10:38:09 - [TEST_STEP][PASSED] - Statement - switch (id): Finding Test Object with id 'Object Repository/MOH AND GRN/Page_KDMC - CMS/input_txtmrp'

2018-05-11 10:38:09 - [TEST_STEP][PASSED] - Statement - case 1:: Text 'BA628.0' is set on object 'Object Repository/MOH AND GRN/Page_KDMC - CMS/input_txtbatchno'

2018-05-11 10:38:09 - [TEST_STEP][PASSED] - Statement - return (java.lang.Math.floor((java.lang.Math.random() * ((max - min) + 1))) + min): Text 'BA628.0' is set on object 'Object Repository/MOH AND GRN/Page_KDMC - CMS/input_txtbatchno'

2018-05-11 10:38:09 - [MESSAGE][PASSED] - Text 'BA628.0' is set on object 'Object Repository/MOH AND GRN/Page_KDMC - CMS/input_txtbatchno'

2018-05-11 10:38:09 - [TEST_STEP][PASSED] - rightClick: Object: 'Object Repository/GRN/Page_KDMC - CMS/input_txtexpdate' is right clicked on

2018-05-11 10:38:09 - [MESSAGE][PASSED] - Object: 'Object Repository/GRN/Page_KDMC - CMS/input_txtexpdate' is right clicked on

2018-05-11 10:38:09 - [TEST_STEP][PASSED] - selectOptionByIndex: All options with index in [2] are selected on object 'Object Repository/GRN/Page_KDMC - CMS/select_20182019202020212022202'

2018-05-11 10:38:10 - [MESSAGE][PASSED] - All options with index in [2] are selected on object 'Object Repository/GRN/Page_KDMC - CMS/select_20182019202020212022202'

2018-05-11 10:38:10 - [TEST_STEP][PASSED] - selectOptionByIndex: All options with index in [2] are selected on object 'Object Repository/GRN/Page_KDMC - CMS/select_JanFebMarAprMayJunJulAu'

2018-05-11 10:38:10 - [MESSAGE][PASSED] - All options with index in [2] are selected on object 'Object Repository/GRN/Page_KDMC - CMS/select_JanFebMarAprMayJunJulAu'

2018-05-11 10:38:10 - [TEST_STEP][PASSED] - click: Object: 'Object Repository/MOH AND GRN/Page_KDMC - CMS/a_12' is clicked on

2018-05-11 10:38:10 - [MESSAGE][PASSED] - Object: 'Object Repository/MOH AND GRN/Page_KDMC - CMS/a_12' is clicked on

2018-05-11 10:38:10 - [TEST_STEP][PASSED] - click: Object: 'Object Repository/MOH AND GRN/Page_KDMC - CMS/input_btnadd' is clicked on

2018-05-11 10:38:10 - [MESSAGE][PASSED] - Object: 'Object Repository/MOH AND GRN/Page_KDMC - CMS/input_btnadd' is clicked on

2018-05-11 10:38:10 - [TEST_STEP][PASSED] - Statement - If (s == 10): null

2018-05-11 10:38:10 - [TEST_STEP][PASSED] - Statement - Else: null

2018-05-11 10:38:10 - [TEST_STEP][PASSED] - Statement - (s++): null

2018-05-11 10:38:10 - [TEST_STEP][PASSED] - delay: Delayed 1 second(s)

2018-05-11 10:38:11 - [MESSAGE][PASSED] - Delayed 1 second(s)

2018-05-11 10:38:11 - [TEST_STEP][PASSED] - selectOptionByIndex: All options with index in [3] are selected on object 'Object Repository/MOH AND GRN/Page_KDMC - CMS/select_--Select--Amikacin -500'

2018-05-11 10:38:11 - [MESSAGE][PASSED] - All options with index in [3] are selected on object 'Object Repository/MOH AND GRN/Page_KDMC - CMS/select_--Select--Amikacin -500'

2018-05-11 10:38:11 - [TEST_STEP][PASSED] - setText: Text '5000' is set on object 'Object Repository/MOH AND GRN/Page_KDMC - CMS/input_txtqty'

2018-05-11 10:38:11 - [MESSAGE][PASSED] - Text '5000' is set on object 'Object Repository/MOH AND GRN/Page_KDMC - CMS/input_txtqty'

2018-05-11 10:38:11 - [TEST_STEP][PASSED] - selectOptionByIndex: All options with index in [1] are selected on object 'Object Repository/MOH AND GRN/Page_KDMC - CMS/select_--Select--No Tax0'

2018-05-11 10:38:11 - [MESSAGE][PASSED] - All options with index in [1] are selected on object 'Object Repository/MOH AND GRN/Page_KDMC - CMS/select_--Select--No Tax0'

2018-05-11 10:38:11 - [TEST_STEP][PASSED] - setText: Finding Test Object with id 'Object Repository/MOH AND GRN/Page_KDMC - CMS/input_txtmrp'

2018-05-11 10:38:11 - [TEST_STEP][PASSED] - Statement - switch (id): Finding Test Object with id 'Object Repository/MOH AND GRN/Page_KDMC - CMS/input_txtdeal'

2018-05-11 10:38:11 - [TEST_STEP][PASSED] - Statement - case 4:: Text '30.0' is set on object 'Object Repository/MOH AND GRN/Page_KDMC - CMS/input_txtmrp'

2018-05-11 10:38:11 - [TEST_STEP][PASSED] - Statement - return (java.lang.Math.floor((java.lang.Math.random() * ((max - min) + 1))) + min): Text '30.0' is set on object 'Object Repository/MOH AND GRN/Page_KDMC - CMS/input_txtmrp'

2018-05-11 10:38:11 - [MESSAGE][PASSED] - Text '30.0' is set on object 'Object Repository/MOH AND GRN/Page_KDMC - CMS/input_txtmrp'

2018-05-11 10:38:11 - [TEST_STEP][PASSED] - setText: Finding Test Object with id 'Object Repository/MOH AND GRN/Page_KDMC - CMS/input_txtdeal'

2018-05-11 10:38:11 - [TEST_STEP][PASSED] - Statement - switch (id): Finding Test Object with id 'Object Repository/MOH AND GRN/Page_KDMC - CMS/input_txtbatchno'

2018-05-11 10:38:11 - [TEST_STEP][PASSED] - Statement - case 5:: Text '1.0' is set on object 'Object Repository/MOH AND GRN/Page_KDMC - CMS/input_txtdeal'

2018-05-11 10:38:11 - [TEST_STEP][PASSED] - Statement - return (java.lang.Math.floor((java.lang.Math.random() * ((max - min) + 1))) + min): Text '1.0' is set on object 'Object Repository/MOH AND GRN/Page_KDMC - CMS/input_txtdeal'

2018-05-11 10:38:12 - [MESSAGE][PASSED] - Text '1.0' is set on object 'Object Repository/MOH AND GRN/Page_KDMC - CMS/input_txtdeal'

2018-05-11 10:38:12 - [TEST_STEP][PASSED] - setText: Finding Test Object with id 'Object Repository/MOH AND GRN/Page_KDMC - CMS/input_txtbatchno'

2018-05-11 10:38:12 - [TEST_STEP][PASSED] - Statement - switch (id): Finding Test Object with id 'Object Repository/MOH AND GRN/Page_KDMC - CMS/input_txtmrp'

2018-05-11 10:38:12 - [TEST_STEP][PASSED] - Statement - case 1:: Text 'BA262.0' is set on object 'Object Repository/MOH AND GRN/Page_KDMC - CMS/input_txtbatchno'

2018-05-11 10:38:12 - [TEST_STEP][PASSED] - Statement - return (java.lang.Math.floor((java.lang.Math.random() * ((max - min) + 1))) + min): Text 'BA262.0' is set on object 'Object Repository/MOH AND GRN/Page_KDMC - CMS/input_txtbatchno'

2018-05-11 10:38:12 - [MESSAGE][PASSED] - Text 'BA262.0' is set on object 'Object Repository/MOH AND GRN/Page_KDMC - CMS/input_txtbatchno'

2018-05-11 10:38:12 - [TEST_STEP][PASSED] - rightClick: Object: 'Object Repository/GRN/Page_KDMC - CMS/input_txtexpdate' is right clicked on

2018-05-11 10:38:12 - [MESSAGE][PASSED] - Object: 'Object Repository/GRN/Page_KDMC - CMS/input_txtexpdate' is right clicked on

2018-05-11 10:38:12 - [TEST_STEP][PASSED] - selectOptionByIndex: All options with index in [3] are selected on object 'Object Repository/GRN/Page_KDMC - CMS/select_20182019202020212022202'

2018-05-11 10:38:12 - [MESSAGE][PASSED] - All options with index in [3] are selected on object 'Object Repository/GRN/Page_KDMC - CMS/select_20182019202020212022202'

2018-05-11 10:38:12 - [TEST_STEP][PASSED] - selectOptionByIndex: All options with index in [3] are selected on object 'Object Repository/GRN/Page_KDMC - CMS/select_JanFebMarAprMayJunJulAu'

2018-05-11 10:38:12 - [MESSAGE][PASSED] - All options with index in [3] are selected on object 'Object Repository/GRN/Page_KDMC - CMS/select_JanFebMarAprMayJunJulAu'

2018-05-11 10:38:12 - [TEST_STEP][PASSED] - click: Object: 'Object Repository/MOH AND GRN/Page_KDMC - CMS/a_12' is clicked on

2018-05-11 10:38:12 - [MESSAGE][PASSED] - Object: 'Object Repository/MOH AND GRN/Page_KDMC - CMS/a_12' is clicked on

2018-05-11 10:38:12 - [TEST_STEP][PASSED] - click: Object: 'Object Repository/MOH AND GRN/Page_KDMC - CMS/input_btnadd' is clicked on

2018-05-11 10:38:12 - [MESSAGE][PASSED] - Object: 'Object Repository/MOH AND GRN/Page_KDMC - CMS/input_btnadd' is clicked on

2018-05-11 10:38:12 - [TEST_STEP][PASSED] - Statement - If (s == 10): null

2018-05-11 10:38:12 - [TEST_STEP][PASSED] - Statement - Else: null

2018-05-11 10:38:12 - [TEST_STEP][PASSED] - Statement - (s++): null

2018-05-11 10:38:12 - [TEST_STEP][PASSED] - delay: Delayed 1 second(s)

2018-05-11 10:38:13 - [MESSAGE][PASSED] - Delayed 1 second(s)

2018-05-11 10:38:13 - [TEST_STEP][PASSED] - selectOptionByIndex: All options with index in [4] are selected on object 'Object Repository/MOH AND GRN/Page_KDMC - CMS/select_--Select--Amikacin -500'

2018-05-11 10:38:13 - [MESSAGE][PASSED] - All options with index in [4] are selected on object 'Object Repository/MOH AND GRN/Page_KDMC - CMS/select_--Select--Amikacin -500'

2018-05-11 10:38:13 - [TEST_STEP][PASSED] - setText: Text '5000' is set on object 'Object Repository/MOH AND GRN/Page_KDMC - CMS/input_txtqty'

2018-05-11 10:38:14 - [MESSAGE][PASSED] - Text '5000' is set on object 'Object Repository/MOH AND GRN/Page_KDMC - CMS/input_txtqty'

2018-05-11 10:38:14 - [TEST_STEP][PASSED] - selectOptionByIndex: All options with index in [1] are selected on object 'Object Repository/MOH AND GRN/Page_KDMC - CMS/select_--Select--No Tax0'

2018-05-11 10:38:14 - [MESSAGE][PASSED] - All options with index in [1] are selected on object 'Object Repository/MOH AND GRN/Page_KDMC - CMS/select_--Select--No Tax0'

2018-05-11 10:38:14 - [TEST_STEP][PASSED] - setText: Finding Test Object with id 'Object Repository/MOH AND GRN/Page_KDMC - CMS/input_txtmrp'

2018-05-11 10:38:14 - [TEST_STEP][PASSED] - Statement - switch (id): Finding Test Object with id 'Object Repository/MOH AND GRN/Page_KDMC - CMS/input_txtdeal'

2018-05-11 10:38:14 - [TEST_STEP][PASSED] - Statement - case 4:: Text '18.0' is set on object 'Object Repository/MOH AND GRN/Page_KDMC - CMS/input_txtmrp'

2018-05-11 10:38:14 - [TEST_STEP][PASSED] - Statement - return (java.lang.Math.floor((java.lang.Math.random() * ((max - min) + 1))) + min): Text '18.0' is set on object 'Object Repository/MOH AND GRN/Page_KDMC - CMS/input_txtmrp'

2018-05-11 10:38:14 - [MESSAGE][PASSED] - Text '18.0' is set on object 'Object Repository/MOH AND GRN/Page_KDMC - CMS/input_txtmrp'

2018-05-11 10:38:14 - [TEST_STEP][PASSED] - setText: Finding Test Object with id 'Object Repository/MOH AND GRN/Page_KDMC - CMS/input_txtdeal'

2018-05-11 10:38:14 - [TEST_STEP][PASSED] - Statement - switch (id): Finding Test Object with id 'Object Repository/MOH AND GRN/Page_KDMC - CMS/input_txtbatchno'

2018-05-11 10:38:14 - [TEST_STEP][PASSED] - Statement - case 5:: Text '4.0' is set on object 'Object Repository/MOH AND GRN/Page_KDMC - CMS/input_txtdeal'

2018-05-11 10:38:14 - [TEST_STEP][PASSED] - Statement - return (java.lang.Math.floor((java.lang.Math.random() * ((max - min) + 1))) + min): Text '4.0' is set on object 'Object Repository/MOH AND GRN/Page_KDMC - CMS/input_txtdeal'

2018-05-11 10:38:14 - [MESSAGE][PASSED] - Text '4.0' is set on object 'Object Repository/MOH AND GRN/Page_KDMC - CMS/input_txtdeal'

2018-05-11 10:38:14 - [TEST_STEP][PASSED] - setText: Finding Test Object with id 'Object Repository/MOH AND GRN/Page_KDMC - CMS/input_txtbatchno'

2018-05-11 10:38:14 - [TEST_STEP][PASSED] - Statement - switch (id): Finding Test Object with id 'Object Repository/MOH AND GRN/Page_KDMC - CMS/input_txtmrp'

2018-05-11 10:38:14 - [TEST_STEP][PASSED] - Statement - case 1:: Text 'BA741.0' is set on object 'Object Repository/MOH AND GRN/Page_KDMC - CMS/input_txtbatchno'

2018-05-11 10:38:14 - [TEST_STEP][PASSED] - Statement - return (java.lang.Math.floor((java.lang.Math.random() * ((max - min) + 1))) + min): Text 'BA741.0' is set on object 'Object Repository/MOH AND GRN/Page_KDMC - CMS/input_txtbatchno'

2018-05-11 10:38:14 - [MESSAGE][PASSED] - Text 'BA741.0' is set on object 'Object Repository/MOH AND GRN/Page_KDMC - CMS/input_txtbatchno'

2018-05-11 10:38:14 - [TEST_STEP][PASSED] - rightClick: Object: 'Object Repository/GRN/Page_KDMC - CMS/input_txtexpdate' is right clicked on

2018-05-11 10:38:14 - [MESSAGE][PASSED] - Object: 'Object Repository/GRN/Page_KDMC - CMS/input_txtexpdate' is right clicked on

2018-05-11 10:38:14 - [TEST_STEP][PASSED] - selectOptionByIndex: All options with index in [4] are selected on object 'Object Repository/GRN/Page_KDMC - CMS/select_20182019202020212022202'

2018-05-11 10:38:14 - [MESSAGE][PASSED] - All options with index in [4] are selected on object 'Object Repository/GRN/Page_KDMC - CMS/select_20182019202020212022202'

2018-05-11 10:38:14 - [TEST_STEP][PASSED] - selectOptionByIndex: All options with index in [4] are selected on object 'Object Repository/GRN/Page_KDMC - CMS/select_JanFebMarAprMayJunJulAu'

2018-05-11 10:38:14 - [MESSAGE][PASSED] - All options with index in [4] are selected on object 'Object Repository/GRN/Page_KDMC - CMS/select_JanFebMarAprMayJunJulAu'

2018-05-11 10:38:14 - [TEST_STEP][PASSED] - click: Object: 'Object Repository/MOH AND GRN/Page_KDMC - CMS/a_12' is clicked on

2018-05-11 10:38:14 - [MESSAGE][PASSED] - Object: 'Object Repository/MOH AND GRN/Page_KDMC - CMS/a_12' is clicked on

2018-05-11 10:38:14 - [TEST_STEP][PASSED] - click: Object: 'Object Repository/MOH AND GRN/Page_KDMC - CMS/input_btnadd' is clicked on

2018-05-11 10:38:15 - [MESSAGE][PASSED] - Object: 'Object Repository/MOH AND GRN/Page_KDMC - CMS/input_btnadd' is clicked on

2018-05-11 10:38:15 - [TEST_STEP][PASSED] - Statement - If (s == 10): null

2018-05-11 10:38:15 - [TEST_STEP][PASSED] - Statement - Else: null

2018-05-11 10:38:15 - [TEST_STEP][PASSED] - Statement - (s++): null

2018-05-11 10:38:15 - [TEST_STEP][PASSED] - delay: Delayed 1 second(s)

2018-05-11 10:38:16 - [MESSAGE][PASSED] - Delayed 1 second(s)

2018-05-11 10:38:16 - [TEST_STEP][PASSED] - selectOptionByIndex: All options with index in [5] are selected on object 'Object Repository/MOH AND GRN/Page_KDMC - CMS/select_--Select--Amikacin -500'

2018-05-11 10:38:16 - [MESSAGE][PASSED] - All options with index in [5] are selected on object 'Object Repository/MOH AND GRN/Page_KDMC - CMS/select_--Select--Amikacin -500'

2018-05-11 10:38:16 - [TEST_STEP][PASSED] - setText: Text '5000' is set on object 'Object Repository/MOH AND GRN/Page_KDMC - CMS/input_txtqty'

2018-05-11 10:38:16 - [MESSAGE][PASSED] - Text '5000' is set on object 'Object Repository/MOH AND GRN/Page_KDMC - CMS/input_txtqty'

2018-05-11 10:38:16 - [TEST_STEP][PASSED] - selectOptionByIndex: All options with index in [1] are selected on object 'Object Repository/MOH AND GRN/Page_KDMC - CMS/select_--Select--No Tax0'

2018-05-11 10:38:16 - [MESSAGE][PASSED] - All options with index in [1] are selected on object 'Object Repository/MOH AND GRN/Page_KDMC - CMS/select_--Select--No Tax0'

2018-05-11 10:38:16 - [TEST_STEP][PASSED] - setText: Finding Test Object with id 'Object Repository/MOH AND GRN/Page_KDMC - CMS/input_txtmrp'

2018-05-11 10:38:16 - [TEST_STEP][PASSED] - Statement - switch (id): Finding Test Object with id 'Object Repository/MOH AND GRN/Page_KDMC - CMS/input_txtdeal'

2018-05-11 10:38:16 - [TEST_STEP][PASSED] - Statement - case 4:: Text '28.0' is set on object 'Object Repository/MOH AND GRN/Page_KDMC - CMS/input_txtmrp'

2018-05-11 10:38:16 - [TEST_STEP][PASSED] - Statement - return (java.lang.Math.floor((java.lang.Math.random() * ((max - min) + 1))) + min): Text '28.0' is set on object 'Object Repository/MOH AND GRN/Page_KDMC - CMS/input_txtmrp'

2018-05-11 10:38:16 - [MESSAGE][PASSED] - Text '28.0' is set on object 'Object Repository/MOH AND GRN/Page_KDMC - CMS/input_txtmrp'

2018-05-11 10:38:16 - [TEST_STEP][PASSED] - setText: Finding Test Object with id 'Object Repository/MOH AND GRN/Page_KDMC - CMS/input_txtdeal'

2018-05-11 10:38:16 - [TEST_STEP][PASSED] - Statement - switch (id): Finding Test Object with id 'Object Repository/MOH AND GRN/Page_KDMC - CMS/input_txtbatchno'

2018-05-11 10:38:16 - [TEST_STEP][PASSED] - Statement - case 5:: Text '6.0' is set on object 'Object Repository/MOH AND GRN/Page_KDMC - CMS/input_txtdeal'

2018-05-11 10:38:16 - [TEST_STEP][PASSED] - Statement - return (java.lang.Math.floor((java.lang.Math.random() * ((max - min) + 1))) + min): Text '6.0' is set on object 'Object Repository/MOH AND GRN/Page_KDMC - CMS/input_txtdeal'

2018-05-11 10:38:16 - [MESSAGE][PASSED] - Text '6.0' is set on object 'Object Repository/MOH AND GRN/Page_KDMC - CMS/input_txtdeal'

2018-05-11 10:38:16 - [TEST_STEP][PASSED] - setText: Finding Test Object with id 'Object Repository/MOH AND GRN/Page_KDMC - CMS/input_txtbatchno'

2018-05-11 10:38:16 - [TEST_STEP][PASSED] - Statement - switch (id): Finding Test Object with id 'Object Repository/MOH AND GRN/Page_KDMC - CMS/input_txtmrp'

2018-05-11 10:38:16 - [TEST_STEP][PASSED] - Statement - case 1:: Text 'BA138.0' is set on object 'Object Repository/MOH AND GRN/Page_KDMC - CMS/input_txtbatchno'

2018-05-11 10:38:16 - [TEST_STEP][PASSED] - Statement - return (java.lang.Math.floor((java.lang.Math.random() * ((max - min) + 1))) + min): Text 'BA138.0' is set on object 'Object Repository/MOH AND GRN/Page_KDMC - CMS/input_txtbatchno'

2018-05-11 10:38:16 - [MESSAGE][PASSED] - Text 'BA138.0' is set on object 'Object Repository/MOH AND GRN/Page_KDMC - CMS/input_txtbatchno'

2018-05-11 10:38:16 - [TEST_STEP][PASSED] - rightClick: Object: 'Object Repository/GRN/Page_KDMC - CMS/input_txtexpdate' is right clicked on

2018-05-11 10:38:16 - [MESSAGE][PASSED] - Object: 'Object Repository/GRN/Page_KDMC - CMS/input_txtexpdate' is right clicked on

2018-05-11 10:38:16 - [TEST_STEP][PASSED] - selectOptionByIndex: All options with index in [5] are selected on object 'Object Repository/GRN/Page_KDMC - CMS/select_20182019202020212022202'

2018-05-11 10:38:17 - [MESSAGE][PASSED] - All options with index in [5] are selected on object 'Object Repository/GRN/Page_KDMC - CMS/select_20182019202020212022202'

2018-05-11 10:38:17 - [TEST_STEP][PASSED] - selectOptionByIndex: All options with index in [5] are selected on object 'Object Repository/GRN/Page_KDMC - CMS/select_JanFebMarAprMayJunJulAu'

2018-05-11 10:38:17 - [MESSAGE][PASSED] - All options with index in [5] are selected on object 'Object Repository/GRN/Page_KDMC - CMS/select_JanFebMarAprMayJunJulAu'

2018-05-11 10:38:17 - [TEST_STEP][PASSED] - click: Object: 'Object Repository/MOH AND GRN/Page_KDMC - CMS/a_12' is clicked on

2018-05-11 10:38:17 - [MESSAGE][PASSED] - Object: 'Object Repository/MOH AND GRN/Page_KDMC - CMS/a_12' is clicked on

2018-05-11 10:38:17 - [TEST_STEP][PASSED] - click: Object: 'Object Repository/MOH AND GRN/Page_KDMC - CMS/input_btnadd' is clicked on

2018-05-11 10:38:17 - [MESSAGE][PASSED] - Object: 'Object Repository/MOH AND GRN/Page_KDMC - CMS/input_btnadd' is clicked on

2018-05-11 10:38:17 - [TEST_STEP][PASSED] - Statement - If (s == 10): null

2018-05-11 10:38:17 - [TEST_STEP][PASSED] - Statement - Else: null

2018-05-11 10:38:17 - [TEST_STEP][PASSED] - Statement - (s++): null

2018-05-11 10:38:17 - [TEST_STEP][PASSED] - delay: Delayed 1 second(s)

2018-05-11 10:38:18 - [MESSAGE][PASSED] - Delayed 1 second(s)

2018-05-11 10:38:18 - [TEST_STEP][PASSED] - selectOptionByIndex: All options with index in [6] are selected on object 'Object Repository/MOH AND GRN/Page_KDMC - CMS/select_--Select--Amikacin -500'

2018-05-11 10:38:18 - [MESSAGE][PASSED] - All options with index in [6] are selected on object 'Object Repository/MOH AND GRN/Page_KDMC - CMS/select_--Select--Amikacin -500'

2018-05-11 10:38:18 - [TEST_STEP][PASSED] - setText: Text '5000' is set on object 'Object Repository/MOH AND GRN/Page_KDMC - CMS/input_txtqty'

2018-05-11 10:38:18 - [MESSAGE][PASSED] - Text '5000' is set on object 'Object Repository/MOH AND GRN/Page_KDMC - CMS/input_txtqty'

2018-05-11 10:38:18 - [TEST_STEP][PASSED] - selectOptionByIndex: All options with index in [1] are selected on object 'Object Repository/MOH AND GRN/Page_KDMC - CMS/select_--Select--No Tax0'

2018-05-11 10:38:18 - [MESSAGE][PASSED] - All options with index in [1] are selected on object 'Object Repository/MOH AND GRN/Page_KDMC - CMS/select_--Select--No Tax0'

2018-05-11 10:38:18 - [TEST_STEP][PASSED] - setText: Finding Test Object with id 'Object Repository/MOH AND GRN/Page_KDMC - CMS/input_txtmrp'

2018-05-11 10:38:18 - [TEST_STEP][PASSED] - Statement - switch (id): Finding Test Object with id 'Object Repository/MOH AND GRN/Page_KDMC - CMS/input_txtdeal'

2018-05-11 10:38:18 - [TEST_STEP][PASSED] - Statement - case 4:: Text '24.0' is set on object 'Object Repository/MOH AND GRN/Page_KDMC - CMS/input_txtmrp'

2018-05-11 10:38:18 - [TEST_STEP][PASSED] - Statement - return (java.lang.Math.floor((java.lang.Math.random() * ((max - min) + 1))) + min): Text '24.0' is set on object 'Object Repository/MOH AND GRN/Page_KDMC - CMS/input_txtmrp'

2018-05-11 10:38:18 - [MESSAGE][PASSED] - Text '24.0' is set on object 'Object Repository/MOH AND GRN/Page_KDMC - CMS/input_txtmrp'

2018-05-11 10:38:18 - [TEST_STEP][PASSED] - setText: Finding Test Object with id 'Object Repository/MOH AND GRN/Page_KDMC - CMS/input_txtdeal'

2018-05-11 10:38:18 - [TEST_STEP][PASSED] - Statement - switch (id): Finding Test Object with id 'Object Repository/MOH AND GRN/Page_KDMC - CMS/input_txtbatchno'

2018-05-11 10:38:18 - [TEST_STEP][PASSED] - Statement - case 5:: Text '2.0' is set on object 'Object Repository/MOH AND GRN/Page_KDMC - CMS/input_txtdeal'

2018-05-11 10:38:18 - [TEST_STEP][PASSED] - Statement - return (java.lang.Math.floor((java.lang.Math.random() * ((max - min) + 1))) + min): Text '2.0' is set on object 'Object Repository/MOH AND GRN/Page_KDMC - CMS/input_txtdeal'

2018-05-11 10:38:18 - [MESSAGE][PASSED] - Text '2.0' is set on object 'Object Repository/MOH AND GRN/Page_KDMC - CMS/input_txtdeal'

2018-05-11 10:38:18 - [TEST_STEP][PASSED] - setText: Finding Test Object with id 'Object Repository/MOH AND GRN/Page_KDMC - CMS/input_txtbatchno'

2018-05-11 10:38:18 - [TEST_STEP][PASSED] - Statement - switch (id): Finding Test Object with id 'Object Repository/MOH AND GRN/Page_KDMC - CMS/input_txtmrp'

2018-05-11 10:38:18 - [TEST_STEP][PASSED] - Statement - case 1:: Text 'BA287.0' is set on object 'Object Repository/MOH AND GRN/Page_KDMC - CMS/input_txtbatchno'

2018-05-11 10:38:18 - [TEST_STEP][PASSED] - Statement - return (java.lang.Math.floor((java.lang.Math.random() * ((max - min) + 1))) + min): Text 'BA287.0' is set on object 'Object Repository/MOH AND GRN/Page_KDMC - CMS/input_txtbatchno'

2018-05-11 10:38:19 - [MESSAGE][PASSED] - Text 'BA287.0' is set on object 'Object Repository/MOH AND GRN/Page_KDMC - CMS/input_txtbatchno'

2018-05-11 10:38:19 - [TEST_STEP][PASSED] - rightClick: Object: 'Object Repository/GRN/Page_KDMC - CMS/input_txtexpdate' is right clicked on

2018-05-11 10:38:19 - [MESSAGE][PASSED] - Object: 'Object Repository/GRN/Page_KDMC - CMS/input_txtexpdate' is right clicked on

2018-05-11 10:38:19 - [TEST_STEP][PASSED] - selectOptionByIndex: All options with index in [6] are selected on object 'Object Repository/GRN/Page_KDMC - CMS/select_20182019202020212022202'

2018-05-11 10:38:19 - [MESSAGE][PASSED] - All options with index in [6] are selected on object 'Object Repository/GRN/Page_KDMC - CMS/select_20182019202020212022202'

2018-05-11 10:38:19 - [TEST_STEP][PASSED] - selectOptionByIndex: All options with index in [6] are selected on object 'Object Repository/GRN/Page_KDMC - CMS/select_JanFebMarAprMayJunJulAu'

2018-05-11 10:38:19 - [MESSAGE][PASSED] - All options with index in [6] are selected on object 'Object Repository/GRN/Page_KDMC - CMS/select_JanFebMarAprMayJunJulAu'

2018-05-11 10:38:19 - [TEST_STEP][PASSED] - click: Object: 'Object Repository/MOH AND GRN/Page_KDMC - CMS/a_12' is clicked on

2018-05-11 10:38:19 - [MESSAGE][PASSED] - Object: 'Object Repository/MOH AND GRN/Page_KDMC - CMS/a_12' is clicked on

2018-05-11 10:38:19 - [TEST_STEP][PASSED] - click: Object: 'Object Repository/MOH AND GRN/Page_KDMC - CMS/input_btnadd' is clicked on

2018-05-11 10:38:19 - [MESSAGE][PASSED] - Object: 'Object Repository/MOH AND GRN/Page_KDMC - CMS/input_btnadd' is clicked on

2018-05-11 10:38:19 - [TEST_STEP][PASSED] - Statement - If (s == 10): null

2018-05-11 10:38:19 - [TEST_STEP][PASSED] - Statement - Else: null

2018-05-11 10:38:19 - [TEST_STEP][PASSED] - Statement - (s++): null

2018-05-11 10:38:19 - [TEST_STEP][PASSED] - delay: Delayed 1 second(s)

2018-05-11 10:38:20 - [MESSAGE][PASSED] - Delayed 1 second(s)

2018-05-11 10:38:20 - [TEST_STEP][PASSED] - selectOptionByIndex: All options with index in [7] are selected on object 'Object Repository/MOH AND GRN/Page_KDMC - CMS/select_--Select--Amikacin -500'

2018-05-11 10:38:20 - [MESSAGE][PASSED] - All options with index in [7] are selected on object 'Object Repository/MOH AND GRN/Page_KDMC - CMS/select_--Select--Amikacin -500'

2018-05-11 10:38:20 - [TEST_STEP][PASSED] - setText: Text '5000' is set on object 'Object Repository/MOH AND GRN/Page_KDMC - CMS/input_txtqty'

2018-05-11 10:38:20 - [MESSAGE][PASSED] - Text '5000' is set on object 'Object Repository/MOH AND GRN/Page_KDMC - CMS/input_txtqty'

2018-05-11 10:38:20 - [TEST_STEP][PASSED] - selectOptionByIndex: All options with index in [1] are selected on object 'Object Repository/MOH AND GRN/Page_KDMC - CMS/select_--Select--No Tax0'

2018-05-11 10:38:21 - [MESSAGE][PASSED] - All options with index in [1] are selected on object 'Object Repository/MOH AND GRN/Page_KDMC - CMS/select_--Select--No Tax0'

2018-05-11 10:38:21 - [TEST_STEP][PASSED] - setText: Finding Test Object with id 'Object Repository/MOH AND GRN/Page_KDMC - CMS/input_txtmrp'

2018-05-11 10:38:21 - [TEST_STEP][PASSED] - Statement - switch (id): Finding Test Object with id 'Object Repository/MOH AND GRN/Page_KDMC - CMS/input_txtdeal'

2018-05-11 10:38:21 - [TEST_STEP][PASSED] - Statement - case 4:: Text '17.0' is set on object 'Object Repository/MOH AND GRN/Page_KDMC - CMS/input_txtmrp'

2018-05-11 10:38:21 - [TEST_STEP][PASSED] - Statement - return (java.lang.Math.floor((java.lang.Math.random() * ((max - min) + 1))) + min): Text '17.0' is set on object 'Object Repository/MOH AND GRN/Page_KDMC - CMS/input_txtmrp'

2018-05-11 10:38:21 - [MESSAGE][PASSED] - Text '17.0' is set on object 'Object Repository/MOH AND GRN/Page_KDMC - CMS/input_txtmrp'

2018-05-11 10:38:21 - [TEST_STEP][PASSED] - setText: Finding Test Object with id 'Object Repository/MOH AND GRN/Page_KDMC - CMS/input_txtdeal'

2018-05-11 10:38:21 - [TEST_STEP][PASSED] - Statement - switch (id): Finding Test Object with id 'Object Repository/MOH AND GRN/Page_KDMC - CMS/input_txtbatchno'

2018-05-11 10:38:21 - [TEST_STEP][PASSED] - Statement - case 5:: Text '8.0' is set on object 'Object Repository/MOH AND GRN/Page_KDMC - CMS/input_txtdeal'

2018-05-11 10:38:21 - [TEST_STEP][PASSED] - Statement - return (java.lang.Math.floor((java.lang.Math.random() * ((max - min) + 1))) + min): Text '8.0' is set on object 'Object Repository/MOH AND GRN/Page_KDMC - CMS/input_txtdeal'

2018-05-11 10:38:21 - [MESSAGE][PASSED] - Text '8.0' is set on object 'Object Repository/MOH AND GRN/Page_KDMC - CMS/input_txtdeal'

2018-05-11 10:38:21 - [TEST_STEP][PASSED] - setText: Finding Test Object with id 'Object Repository/MOH AND GRN/Page_KDMC - CMS/input_txtbatchno'

2018-05-11 10:38:21 - [TEST_STEP][PASSED] - Statement - switch (id): Finding Test Object with id 'Object Repository/MOH AND GRN/Page_KDMC - CMS/input_txtmrp'

2018-05-11 10:38:21 - [TEST_STEP][PASSED] - Statement - case 1:: Text 'BA724.0' is set on object 'Object Repository/MOH AND GRN/Page_KDMC - CMS/input_txtbatchno'

2018-05-11 10:38:21 - [TEST_STEP][PASSED] - Statement - return (java.lang.Math.floor((java.lang.Math.random() * ((max - min) + 1))) + min): Text 'BA724.0' is set on object 'Object Repository/MOH AND GRN/Page_KDMC - CMS/input_txtbatchno'

2018-05-11 10:38:21 - [MESSAGE][PASSED] - Text 'BA724.0' is set on object 'Object Repository/MOH AND GRN/Page_KDMC - CMS/input_txtbatchno'

2018-05-11 10:38:21 - [TEST_STEP][PASSED] - rightClick: Object: 'Object Repository/GRN/Page_KDMC - CMS/input_txtexpdate' is right clicked on

2018-05-11 10:38:21 - [MESSAGE][PASSED] - Object: 'Object Repository/GRN/Page_KDMC - CMS/input_txtexpdate' is right clicked on

2018-05-11 10:38:21 - [TEST_STEP][PASSED] - selectOptionByIndex: All options with index in [7] are selected on object 'Object Repository/GRN/Page_KDMC - CMS/select_20182019202020212022202'

2018-05-11 10:38:21 - [MESSAGE][PASSED] - All options with index in [7] are selected on object 'Object Repository/GRN/Page_KDMC - CMS/select_20182019202020212022202'

2018-05-11 10:38:21 - [TEST_STEP][PASSED] - selectOptionByIndex: All options with index in [7] are selected on object 'Object Repository/GRN/Page_KDMC - CMS/select_JanFebMarAprMayJunJulAu'

2018-05-11 10:38:21 - [MESSAGE][PASSED] - All options with index in [7] are selected on object 'Object Repository/GRN/Page_KDMC - CMS/select_JanFebMarAprMayJunJulAu'

2018-05-11 10:38:21 - [TEST_STEP][PASSED] - click: Object: 'Object Repository/MOH AND GRN/Page_KDMC - CMS/a_12' is clicked on

2018-05-11 10:38:21 - [MESSAGE][PASSED] - Object: 'Object Repository/MOH AND GRN/Page_KDMC - CMS/a_12' is clicked on

2018-05-11 10:38:21 - [TEST_STEP][PASSED] - click: Object: 'Object Repository/MOH AND GRN/Page_KDMC - CMS/input_btnadd' is clicked on

2018-05-11 10:38:22 - [MESSAGE][PASSED] - Object: 'Object Repository/MOH AND GRN/Page_KDMC - CMS/input_btnadd' is clicked on

2018-05-11 10:38:22 - [TEST_STEP][PASSED] - Statement - If (s == 10): null

2018-05-11 10:38:22 - [TEST_STEP][PASSED] - Statement - Else: null

2018-05-11 10:38:22 - [TEST_STEP][PASSED] - Statement - (s++): null

2018-05-11 10:38:22 - [TEST_STEP][PASSED] - delay: Delayed 1 second(s)

2018-05-11 10:38:23 - [MESSAGE][PASSED] - Delayed 1 second(s)

2018-05-11 10:38:23 - [TEST_STEP][PASSED] - selectOptionByIndex: All options with index in [8] are selected on object 'Object Repository/MOH AND GRN/Page_KDMC - CMS/select_--Select--Amikacin -500'

2018-05-11 10:38:23 - [MESSAGE][PASSED] - All options with index in [8] are selected on object 'Object Repository/MOH AND GRN/Page_KDMC - CMS/select_--Select--Amikacin -500'

2018-05-11 10:38:23 - [TEST_STEP][PASSED] - setText: Text '5000' is set on object 'Object Repository/MOH AND GRN/Page_KDMC - CMS/input_txtqty'

2018-05-11 10:38:23 - [MESSAGE][PASSED] - Text '5000' is set on object 'Object Repository/MOH AND GRN/Page_KDMC - CMS/input_txtqty'

2018-05-11 10:38:23 - [TEST_STEP][PASSED] - selectOptionByIndex: All options with index in [1] are selected on object 'Object Repository/MOH AND GRN/Page_KDMC - CMS/select_--Select--No Tax0'

2018-05-11 10:38:23 - [MESSAGE][PASSED] - All options with index in [1] are selected on object 'Object Repository/MOH AND GRN/Page_KDMC - CMS/select_--Select--No Tax0'

2018-05-11 10:38:23 - [TEST_STEP][PASSED] - setText: Finding Test Object with id 'Object Repository/MOH AND GRN/Page_KDMC - CMS/input_txtmrp'

2018-05-11 10:38:23 - [TEST_STEP][PASSED] - Statement - switch (id): Finding Test Object with id 'Object Repository/MOH AND GRN/Page_KDMC - CMS/input_txtdeal'

2018-05-11 10:38:23 - [TEST_STEP][PASSED] - Statement - case 4:: Text '22.0' is set on object 'Object Repository/MOH AND GRN/Page_KDMC - CMS/input_txtmrp'

2018-05-11 10:38:23 - [TEST_STEP][PASSED] - Statement - return (java.lang.Math.floor((java.lang.Math.random() * ((max - min) + 1))) + min): Text '22.0' is set on object 'Object Repository/MOH AND GRN/Page_KDMC - CMS/input_txtmrp'

2018-05-11 10:38:23 - [MESSAGE][PASSED] - Text '22.0' is set on object 'Object Repository/MOH AND GRN/Page_KDMC - CMS/input_txtmrp'

2018-05-11 10:38:23 - [TEST_STEP][PASSED] - setText: Finding Test Object with id 'Object Repository/MOH AND GRN/Page_KDMC - CMS/input_txtdeal'

2018-05-11 10:38:23 - [TEST_STEP][PASSED] - Statement - switch (id): Finding Test Object with id 'Object Repository/MOH AND GRN/Page_KDMC - CMS/input_txtbatchno'

2018-05-11 10:38:23 - [TEST_STEP][PASSED] - Statement - case 5:: Text '9.0' is set on object 'Object Repository/MOH AND GRN/Page_KDMC - CMS/input_txtdeal'

2018-05-11 10:38:23 - [TEST_STEP][PASSED] - Statement - return (java.lang.Math.floor((java.lang.Math.random() * ((max - min) + 1))) + min): Text '9.0' is set on object 'Object Repository/MOH AND GRN/Page_KDMC - CMS/input_txtdeal'

2018-05-11 10:38:23 - [MESSAGE][PASSED] - Text '9.0' is set on object 'Object Repository/MOH AND GRN/Page_KDMC - CMS/input_txtdeal'

2018-05-11 10:38:23 - [TEST_STEP][PASSED] - setText: Finding Test Object with id 'Object Repository/MOH AND GRN/Page_KDMC - CMS/input_txtbatchno'

2018-05-11 10:38:23 - [TEST_STEP][PASSED] - Statement - switch (id): Finding Test Object with id 'Object Repository/MOH AND GRN/Page_KDMC - CMS/input_txtmrp'

2018-05-11 10:38:23 - [TEST_STEP][PASSED] - Statement - case 1:: Text 'BA876.0' is set on object 'Object Repository/MOH AND GRN/Page_KDMC - CMS/input_txtbatchno'

2018-05-11 10:38:23 - [TEST_STEP][PASSED] - Statement - return (java.lang.Math.floor((java.lang.Math.random() * ((max - min) + 1))) + min): Text 'BA876.0' is set on object 'Object Repository/MOH AND GRN/Page_KDMC - CMS/input_txtbatchno'

2018-05-11 10:38:23 - [MESSAGE][PASSED] - Text 'BA876.0' is set on object 'Object Repository/MOH AND GRN/Page_KDMC - CMS/input_txtbatchno'

2018-05-11 10:38:23 - [TEST_STEP][PASSED] - rightClick: Object: 'Object Repository/GRN/Page_KDMC - CMS/input_txtexpdate' is right clicked on

2018-05-11 10:38:23 - [MESSAGE][PASSED] - Object: 'Object Repository/GRN/Page_KDMC - CMS/input_txtexpdate' is right clicked on

2018-05-11 10:38:23 - [TEST_STEP][PASSED] - selectOptionByIndex: All options with index in [8] are selected on object 'Object Repository/GRN/Page_KDMC - CMS/select_20182019202020212022202'

2018-05-11 10:38:24 - [MESSAGE][PASSED] - All options with index in [8] are selected on object 'Object Repository/GRN/Page_KDMC - CMS/select_20182019202020212022202'

2018-05-11 10:38:24 - [TEST_STEP][PASSED] - selectOptionByIndex: All options with index in [8] are selected on object 'Object Repository/GRN/Page_KDMC - CMS/select_JanFebMarAprMayJunJulAu'

2018-05-11 10:38:24 - [MESSAGE][PASSED] - All options with index in [8] are selected on object 'Object Repository/GRN/Page_KDMC - CMS/select_JanFebMarAprMayJunJulAu'

2018-05-11 10:38:24 - [TEST_STEP][PASSED] - click: Object: 'Object Repository/MOH AND GRN/Page_KDMC - CMS/a_12' is clicked on

2018-05-11 10:38:24 - [MESSAGE][PASSED] - Object: 'Object Repository/MOH AND GRN/Page_KDMC - CMS/a_12' is clicked on

2018-05-11 10:38:24 - [TEST_STEP][PASSED] - click: Object: 'Object Repository/MOH AND GRN/Page_KDMC - CMS/input_btnadd' is clicked on

2018-05-11 10:38:24 - [MESSAGE][PASSED] - Object: 'Object Repository/MOH AND GRN/Page_KDMC - CMS/input_btnadd' is clicked on

2018-05-11 10:38:24 - [TEST_STEP][PASSED] - Statement - If (s == 10): null

2018-05-11 10:38:24 - [TEST_STEP][PASSED] - Statement - Else: null

2018-05-11 10:38:24 - [TEST_STEP][PASSED] - Statement - (s++): null

2018-05-11 10:38:24 - [TEST_STEP][PASSED] - delay: Delayed 1 second(s)

2018-05-11 10:38:25 - [MESSAGE][PASSED] - Delayed 1 second(s)

2018-05-11 10:38:25 - [TEST_STEP][PASSED] - selectOptionByIndex: All options with index in [9] are selected on object 'Object Repository/MOH AND GRN/Page_KDMC - CMS/select_--Select--Amikacin -500'

2018-05-11 10:38:25 - [MESSAGE][PASSED] - All options with index in [9] are selected on object 'Object Repository/MOH AND GRN/Page_KDMC - CMS/select_--Select--Amikacin -500'

2018-05-11 10:38:25 - [TEST_STEP][PASSED] - setText: Text '5000' is set on object 'Object Repository/MOH AND GRN/Page_KDMC - CMS/input_txtqty'

2018-05-11 10:38:25 - [MESSAGE][PASSED] - Text '5000' is set on object 'Object Repository/MOH AND GRN/Page_KDMC - CMS/input_txtqty'

2018-05-11 10:38:25 - [TEST_STEP][PASSED] - selectOptionByIndex: All options with index in [1] are selected on object 'Object Repository/MOH AND GRN/Page_KDMC - CMS/select_--Select--No Tax0'

2018-05-11 10:38:26 - [MESSAGE][PASSED] - All options with index in [1] are selected on object 'Object Repository/MOH AND GRN/Page_KDMC - CMS/select_--Select--No Tax0'

2018-05-11 10:38:26 - [TEST_STEP][PASSED] - setText: Finding Test Object with id 'Object Repository/MOH AND GRN/Page_KDMC - CMS/input_txtmrp'

2018-05-11 10:38:26 - [TEST_STEP][PASSED] - Statement - switch (id): Finding Test Object with id 'Object Repository/MOH AND GRN/Page_KDMC - CMS/input_txtdeal'

2018-05-11 10:38:26 - [TEST_STEP][PASSED] - Statement - case 4:: Text '32.0' is set on object 'Object Repository/MOH AND GRN/Page_KDMC - CMS/input_txtmrp'

2018-05-11 10:38:26 - [TEST_STEP][PASSED] - Statement - return (java.lang.Math.floor((java.lang.Math.random() * ((max - min) + 1))) + min): Text '32.0' is set on object 'Object Repository/MOH AND GRN/Page_KDMC - CMS/input_txtmrp'

2018-05-11 10:38:26 - [MESSAGE][PASSED] - Text '32.0' is set on object 'Object Repository/MOH AND GRN/Page_KDMC - CMS/input_txtmrp'

2018-05-11 10:38:26 - [TEST_STEP][PASSED] - setText: Finding Test Object with id 'Object Repository/MOH AND GRN/Page_KDMC - CMS/input_txtdeal'

2018-05-11 10:38:26 - [TEST_STEP][PASSED] - Statement - switch (id): Finding Test Object with id 'Object Repository/MOH AND GRN/Page_KDMC - CMS/input_txtbatchno'

2018-05-11 10:38:26 - [TEST_STEP][PASSED] - Statement - case 5:: Text '5.0' is set on object 'Object Repository/MOH AND GRN/Page_KDMC - CMS/input_txtdeal'

2018-05-11 10:38:26 - [TEST_STEP][PASSED] - Statement - return (java.lang.Math.floor((java.lang.Math.random() * ((max - min) + 1))) + min): Text '5.0' is set on object 'Object Repository/MOH AND GRN/Page_KDMC - CMS/input_txtdeal'

2018-05-11 10:38:26 - [MESSAGE][PASSED] - Text '5.0' is set on object 'Object Repository/MOH AND GRN/Page_KDMC - CMS/input_txtdeal'

2018-05-11 10:38:26 - [TEST_STEP][PASSED] - setText: Finding Test Object with id 'Object Repository/MOH AND GRN/Page_KDMC - CMS/input_txtbatchno'

2018-05-11 10:38:26 - [TEST_STEP][PASSED] - Statement - switch (id): Finding Test Object with id 'Object Repository/MOH AND GRN/Page_KDMC - CMS/input_txtmrp'

2018-05-11 10:38:26 - [TEST_STEP][PASSED] - Statement - case 1:: Text 'BA444.0' is set on object 'Object Repository/MOH AND GRN/Page_KDMC - CMS/input_txtbatchno'

2018-05-11 10:38:26 - [TEST_STEP][PASSED] - Statement - return (java.lang.Math.floor((java.lang.Math.random() * ((max - min) + 1))) + min): Text 'BA444.0' is set on object 'Object Repository/MOH AND GRN/Page_KDMC - CMS/input_txtbatchno'

2018-05-11 10:38:26 - [MESSAGE][PASSED] - Text 'BA444.0' is set on object 'Object Repository/MOH AND GRN/Page_KDMC - CMS/input_txtbatchno'

2018-05-11 10:38:26 - [TEST_STEP][PASSED] - rightClick: Object: 'Object Repository/GRN/Page_KDMC - CMS/input_txtexpdate' is right clicked on

2018-05-11 10:38:26 - [MESSAGE][PASSED] - Object: 'Object Repository/GRN/Page_KDMC - CMS/input_txtexpdate' is right clicked on

2018-05-11 10:38:26 - [TEST_STEP][PASSED] - selectOptionByIndex: All options with index in [9] are selected on object 'Object Repository/GRN/Page_KDMC - CMS/select_20182019202020212022202'

2018-05-11 10:38:26 - [MESSAGE][PASSED] - All options with index in [9] are selected on object 'Object Repository/GRN/Page_KDMC - CMS/select_20182019202020212022202'

2018-05-11 10:38:26 - [TEST_STEP][PASSED] - selectOptionByIndex: All options with index in [9] are selected on object 'Object Repository/GRN/Page_KDMC - CMS/select_JanFebMarAprMayJunJulAu'

2018-05-11 10:38:26 - [MESSAGE][PASSED] - All options with index in [9] are selected on object 'Object Repository/GRN/Page_KDMC - CMS/select_JanFebMarAprMayJunJulAu'

2018-05-11 10:38:26 - [TEST_STEP][PASSED] - click: Object: 'Object Repository/MOH AND GRN/Page_KDMC - CMS/a_12' is clicked on

2018-05-11 10:38:26 - [MESSAGE][PASSED] - Object: 'Object Repository/MOH AND GRN/Page_KDMC - CMS/a_12' is clicked on

2018-05-11 10:38:26 - [TEST_STEP][PASSED] - click: Object: 'Object Repository/MOH AND GRN/Page_KDMC - CMS/input_btnadd' is clicked on

2018-05-11 10:38:27 - [MESSAGE][PASSED] - Object: 'Object Repository/MOH AND GRN/Page_KDMC - CMS/input_btnadd' is clicked on

2018-05-11 10:38:27 - [TEST_STEP][PASSED] - Statement - If (s == 10): null

2018-05-11 10:38:27 - [TEST_STEP][PASSED] - Statement - Else: null

2018-05-11 10:38:27 - [TEST_STEP][PASSED] - Statement - (s++): null

2018-05-11 10:38:27 - [TEST_STEP][PASSED] - delay: Delayed 1 second(s)

2018-05-11 10:38:28 - [MESSAGE][PASSED] - Delayed 1 second(s)

2018-05-11 10:38:28 - [TEST_STEP][PASSED] - selectOptionByIndex: All options with index in [10] are selected on object 'Object Repository/MOH AND GRN/Page_KDMC - CMS/select_--Select--Amikacin -500'

2018-05-11 10:38:28 - [MESSAGE][PASSED] - All options with index in [10] are selected on object 'Object Repository/MOH AND GRN/Page_KDMC - CMS/select_--Select--Amikacin -500'

2018-05-11 10:38:28 - [TEST_STEP][PASSED] - setText: Text '5000' is set on object 'Object Repository/MOH AND GRN/Page_KDMC - CMS/input_txtqty'

2018-05-11 10:38:28 - [MESSAGE][PASSED] - Text '5000' is set on object 'Object Repository/MOH AND GRN/Page_KDMC - CMS/input_txtqty'

2018-05-11 10:38:28 - [TEST_STEP][PASSED] - selectOptionByIndex: All options with index in [1] are selected on object 'Object Repository/MOH AND GRN/Page_KDMC - CMS/select_--Select--No Tax0'

2018-05-11 10:38:28 - [MESSAGE][PASSED] - All options with index in [1] are selected on object 'Object Repository/MOH AND GRN/Page_KDMC - CMS/select_--Select--No Tax0'

2018-05-11 10:38:28 - [TEST_STEP][PASSED] - setText: Finding Test Object with id 'Object Repository/MOH AND GRN/Page_KDMC - CMS/input_txtmrp'

2018-05-11 10:38:28 - [TEST_STEP][PASSED] - Statement - switch (id): Finding Test Object with id 'Object Repository/MOH AND GRN/Page_KDMC - CMS/input_txtdeal'

2018-05-11 10:38:28 - [TEST_STEP][PASSED] - Statement - case 4:: Text '43.0' is set on object 'Object Repository/MOH AND GRN/Page_KDMC - CMS/input_txtmrp'

2018-05-11 10:38:28 - [TEST_STEP][PASSED] - Statement - return (java.lang.Math.floor((java.lang.Math.random() * ((max - min) + 1))) + min): Text '43.0' is set on object 'Object Repository/MOH AND GRN/Page_KDMC - CMS/input_txtmrp'

2018-05-11 10:38:28 - [MESSAGE][PASSED] - Text '43.0' is set on object 'Object Repository/MOH AND GRN/Page_KDMC - CMS/input_txtmrp'

2018-05-11 10:38:28 - [TEST_STEP][PASSED] - setText: Finding Test Object with id 'Object Repository/MOH AND GRN/Page_KDMC - CMS/input_txtdeal'

2018-05-11 10:38:28 - [TEST_STEP][PASSED] - Statement - switch (id): Finding Test Object with id 'Object Repository/MOH AND GRN/Page_KDMC - CMS/input_txtbatchno'

2018-05-11 10:38:28 - [TEST_STEP][PASSED] - Statement - case 5:: Text '6.0' is set on object 'Object Repository/MOH AND GRN/Page_KDMC - CMS/input_txtdeal'

2018-05-11 10:38:28 - [TEST_STEP][PASSED] - Statement - return (java.lang.Math.floor((java.lang.Math.random() * ((max - min) + 1))) + min): Text '6.0' is set on object 'Object Repository/MOH AND GRN/Page_KDMC - CMS/input_txtdeal'

2018-05-11 10:38:28 - [MESSAGE][PASSED] - Text '6.0' is set on object 'Object Repository/MOH AND GRN/Page_KDMC - CMS/input_txtdeal'

2018-05-11 10:38:28 - [TEST_STEP][PASSED] - setText: Finding Test Object with id 'Object Repository/MOH AND GRN/Page_KDMC - CMS/input_txtbatchno'

2018-05-11 10:38:28 - [TEST_STEP][PASSED] - Statement - switch (id): Finding Test Object with id 'Object Repository/MOH AND GRN/Page_KDMC - CMS/input_txtmrp'

2018-05-11 10:38:28 - [TEST_STEP][PASSED] - Statement - case 1:: Text 'BA218.0' is set on object 'Object Repository/MOH AND GRN/Page_KDMC - CMS/input_txtbatchno'

2018-05-11 10:38:28 - [TEST_STEP][PASSED] - Statement - return (java.lang.Math.floor((java.lang.Math.random() * ((max - min) + 1))) + min): Text 'BA218.0' is set on object 'Object Repository/MOH AND GRN/Page_KDMC - CMS/input_txtbatchno'

2018-05-11 10:38:28 - [MESSAGE][PASSED] - Text 'BA218.0' is set on object 'Object Repository/MOH AND GRN/Page_KDMC - CMS/input_txtbatchno'

2018-05-11 10:38:28 - [TEST_STEP][PASSED] - rightClick: Object: 'Object Repository/GRN/Page_KDMC - CMS/input_txtexpdate' is right clicked on

2018-05-11 10:38:28 - [MESSAGE][PASSED] - Object: 'Object Repository/GRN/Page_KDMC - CMS/input_txtexpdate' is right clicked on

2018-05-11 10:38:28 - [TEST_STEP][PASSED] - selectOptionByIndex: All options with index in [10] are selected on object 'Object Repository/GRN/Page_KDMC - CMS/select_20182019202020212022202'

2018-05-11 10:38:29 - [MESSAGE][PASSED] - All options with index in [10] are selected on object 'Object Repository/GRN/Page_KDMC - CMS/select_20182019202020212022202'

2018-05-11 10:38:29 - [TEST_STEP][PASSED] - selectOptionByIndex: All options with index in [10] are selected on object 'Object Repository/GRN/Page_KDMC - CMS/select_JanFebMarAprMayJunJulAu'

2018-05-11 10:38:29 - [MESSAGE][PASSED] - All options with index in [10] are selected on object 'Object Repository/GRN/Page_KDMC - CMS/select_JanFebMarAprMayJunJulAu'

2018-05-11 10:38:29 - [TEST_STEP][PASSED] - click: Object: 'Object Repository/MOH AND GRN/Page_KDMC - CMS/a_12' is clicked on

2018-05-11 10:38:29 - [MESSAGE][PASSED] - Object: 'Object Repository/MOH AND GRN/Page_KDMC - CMS/a_12' is clicked on

2018-05-11 10:38:29 - [TEST_STEP][PASSED] - click: Object: 'Object Repository/MOH AND GRN/Page_KDMC - CMS/input_btnadd' is clicked on

2018-05-11 10:38:29 - [MESSAGE][PASSED] - Object: 'Object Repository/MOH AND GRN/Page_KDMC - CMS/input_btnadd' is clicked on

2018-05-11 10:38:29 - [TEST_STEP][PASSED] - Statement - If (s == 10): null

2018-05-11 10:38:29 - [TEST_STEP][PASSED] - Statement - s = 1: null

2018-05-11 10:38:29 - [TEST_STEP][PASSED] - delay: Delayed 1 second(s)

2018-05-11 10:38:30 - [MESSAGE][PASSED] - Delayed 1 second(s)

2018-05-11 10:38:30 - [TEST_STEP][PASSED] - selectOptionByIndex: All options with index in [11] are selected on object 'Object Repository/MOH AND GRN/Page_KDMC - CMS/select_--Select--Amikacin -500'

2018-05-11 10:38:30 - [MESSAGE][PASSED] - All options with index in [11] are selected on object 'Object Repository/MOH AND GRN/Page_KDMC - CMS/select_--Select--Amikacin -500'

2018-05-11 10:38:30 - [TEST_STEP][PASSED] - setText: Text '5000' is set on object 'Object Repository/MOH AND GRN/Page_KDMC - CMS/input_txtqty'

2018-05-11 10:38:30 - [MESSAGE][PASSED] - Text '5000' is set on object 'Object Repository/MOH AND GRN/Page_KDMC - CMS/input_txtqty'

2018-05-11 10:38:30 - [TEST_STEP][PASSED] - selectOptionByIndex: All options with index in [1] are selected on object 'Object Repository/MOH AND GRN/Page_KDMC - CMS/select_--Select--No Tax0'

2018-05-11 10:38:31 - [MESSAGE][PASSED] - All options with index in [1] are selected on object 'Object Repository/MOH AND GRN/Page_KDMC - CMS/select_--Select--No Tax0'

2018-05-11 10:38:31 - [TEST_STEP][PASSED] - setText: Finding Test Object with id 'Object Repository/MOH AND GRN/Page_KDMC - CMS/input_txtmrp'

2018-05-11 10:38:31 - [TEST_STEP][PASSED] - Statement - switch (id): Finding Test Object with id 'Object Repository/MOH AND GRN/Page_KDMC - CMS/input_txtdeal'

2018-05-11 10:38:31 - [TEST_STEP][PASSED] - Statement - case 4:: Text '42.0' is set on object 'Object Repository/MOH AND GRN/Page_KDMC - CMS/input_txtmrp'

2018-05-11 10:38:31 - [TEST_STEP][PASSED] - Statement - return (java.lang.Math.floor((java.lang.Math.random() * ((max - min) + 1))) + min): Text '42.0' is set on object 'Object Repository/MOH AND GRN/Page_KDMC - CMS/input_txtmrp'

2018-05-11 10:38:31 - [MESSAGE][PASSED] - Text '42.0' is set on object 'Object Repository/MOH AND GRN/Page_KDMC - CMS/input_txtmrp'

2018-05-11 10:38:31 - [TEST_STEP][PASSED] - setText: Finding Test Object with id 'Object Repository/MOH AND GRN/Page_KDMC - CMS/input_txtdeal'

2018-05-11 10:38:31 - [TEST_STEP][PASSED] - Statement - switch (id): Finding Test Object with id 'Object Repository/MOH AND GRN/Page_KDMC - CMS/input_txtbatchno'

2018-05-11 10:38:31 - [TEST_STEP][PASSED] - Statement - case 5:: Text '9.0' is set on object 'Object Repository/MOH AND GRN/Page_KDMC - CMS/input_txtdeal'

2018-05-11 10:38:31 - [TEST_STEP][PASSED] - Statement - return (java.lang.Math.floor((java.lang.Math.random() * ((max - min) + 1))) + min): Text '9.0' is set on object 'Object Repository/MOH AND GRN/Page_KDMC - CMS/input_txtdeal'

2018-05-11 10:38:31 - [MESSAGE][PASSED] - Text '9.0' is set on object 'Object Repository/MOH AND GRN/Page_KDMC - CMS/input_txtdeal'

2018-05-11 10:38:31 - [TEST_STEP][PASSED] - setText: Finding Test Object with id 'Object Repository/MOH AND GRN/Page_KDMC - CMS/input_txtbatchno'

2018-05-11 10:38:31 - [TEST_STEP][PASSED] - Statement - switch (id): Finding Test Object with id 'Object Repository/MOH AND GRN/Page_KDMC - CMS/input_txtmrp'

2018-05-11 10:38:31 - [TEST_STEP][PASSED] - Statement - case 1:: Text 'BA31.0' is set on object 'Object Repository/MOH AND GRN/Page_KDMC - CMS/input_txtbatchno'

2018-05-11 10:38:31 - [TEST_STEP][PASSED] - Statement - return (java.lang.Math.floor((java.lang.Math.random() * ((max - min) + 1))) + min): Text 'BA31.0' is set on object 'Object Repository/MOH AND GRN/Page_KDMC - CMS/input_txtbatchno'

2018-05-11 10:38:31 - [MESSAGE][PASSED] - Text 'BA31.0' is set on object 'Object Repository/MOH AND GRN/Page_KDMC - CMS/input_txtbatchno'

2018-05-11 10:38:31 - [TEST_STEP][PASSED] - rightClick: Object: 'Object Repository/GRN/Page_KDMC - CMS/input_txtexpdate' is right clicked on

2018-05-11 10:38:31 - [MESSAGE][PASSED] - Object: 'Object Repository/GRN/Page_KDMC - CMS/input_txtexpdate' is right clicked on

2018-05-11 10:38:31 - [TEST_STEP][PASSED] - selectOptionByIndex: All options with index in [1] are selected on object 'Object Repository/GRN/Page_KDMC - CMS/select_20182019202020212022202'

2018-05-11 10:38:31 - [MESSAGE][PASSED] - All options with index in [1] are selected on object 'Object Repository/GRN/Page_KDMC - CMS/select_20182019202020212022202'

2018-05-11 10:38:31 - [TEST_STEP][PASSED] - selectOptionByIndex: All options with index in [1] are selected on object 'Object Repository/GRN/Page_KDMC - CMS/select_JanFebMarAprMayJunJulAu'

2018-05-11 10:38:31 - [MESSAGE][PASSED] - All options with index in [1] are selected on object 'Object Repository/GRN/Page_KDMC - CMS/select_JanFebMarAprMayJunJulAu'

2018-05-11 10:38:31 - [TEST_STEP][PASSED] - click: Object: 'Object Repository/MOH AND GRN/Page_KDMC - CMS/a_12' is clicked on

2018-05-11 10:38:31 - [MESSAGE][PASSED] - Object: 'Object Repository/MOH AND GRN/Page_KDMC - CMS/a_12' is clicked on

2018-05-11 10:38:31 - [TEST_STEP][PASSED] - click: Object: 'Object Repository/MOH AND GRN/Page_KDMC - CMS/input_btnadd' is clicked on

2018-05-11 10:38:31 - [MESSAGE][PASSED] - Object: 'Object Repository/MOH AND GRN/Page_KDMC - CMS/input_btnadd' is clicked on

2018-05-11 10:38:31 - [TEST_STEP][PASSED] - Statement - If (s == 10): null

2018-05-11 10:38:31 - [TEST_STEP][PASSED] - Statement - Else: null

2018-05-11 10:38:31 - [TEST_STEP][PASSED] - Statement - (s++): null

2018-05-11 10:38:31 - [TEST_STEP][PASSED] - delay: Delayed 1 second(s)

2018-05-11 10:38:32 - [MESSAGE][PASSED] - Delayed 1 second(s)

2018-05-11 10:38:32 - [TEST_STEP][PASSED] - selectOptionByIndex: All options with index in [12] are selected on object 'Object Repository/MOH AND GRN/Page_KDMC - CMS/select_--Select--Amikacin -500'

2018-05-11 10:38:33 - [MESSAGE][PASSED] - All options with index in [12] are selected on object 'Object Repository/MOH AND GRN/Page_KDMC - CMS/select_--Select--Amikacin -500'

2018-05-11 10:38:33 - [TEST_STEP][PASSED] - setText: Text '5000' is set on object 'Object Repository/MOH AND GRN/Page_KDMC - CMS/input_txtqty'

2018-05-11 10:38:33 - [MESSAGE][PASSED] - Text '5000' is set on object 'Object Repository/MOH AND GRN/Page_KDMC - CMS/input_txtqty'

2018-05-11 10:38:33 - [TEST_STEP][PASSED] - selectOptionByIndex: All options with index in [1] are selected on object 'Object Repository/MOH AND GRN/Page_KDMC - CMS/select_--Select--No Tax0'

2018-05-11 10:38:33 - [MESSAGE][PASSED] - All options with index in [1] are selected on object 'Object Repository/MOH AND GRN/Page_KDMC - CMS/select_--Select--No Tax0'

2018-05-11 10:38:33 - [TEST_STEP][PASSED] - setText: Finding Test Object with id 'Object Repository/MOH AND GRN/Page_KDMC - CMS/input_txtmrp'

2018-05-11 10:38:33 - [TEST_STEP][PASSED] - Statement - switch (id): Finding Test Object with id 'Object Repository/MOH AND GRN/Page_KDMC - CMS/input_txtdeal'

2018-05-11 10:38:33 - [TEST_STEP][PASSED] - Statement - case 4:: Text '24.0' is set on object 'Object Repository/MOH AND GRN/Page_KDMC - CMS/input_txtmrp'

2018-05-11 10:38:33 - [TEST_STEP][PASSED] - Statement - return (java.lang.Math.floor((java.lang.Math.random() * ((max - min) + 1))) + min): Text '24.0' is set on object 'Object Repository/MOH AND GRN/Page_KDMC - CMS/input_txtmrp'

2018-05-11 10:38:33 - [MESSAGE][PASSED] - Text '24.0' is set on object 'Object Repository/MOH AND GRN/Page_KDMC - CMS/input_txtmrp'

2018-05-11 10:38:33 - [TEST_STEP][PASSED] - setText: Finding Test Object with id 'Object Repository/MOH AND GRN/Page_KDMC - CMS/input_txtdeal'

2018-05-11 10:38:33 - [TEST_STEP][PASSED] - Statement - switch (id): Finding Test Object with id 'Object Repository/MOH AND GRN/Page_KDMC - CMS/input_txtbatchno'

2018-05-11 10:38:33 - [TEST_STEP][PASSED] - Statement - case 5:: Text '8.0' is set on object 'Object Repository/MOH AND GRN/Page_KDMC - CMS/input_txtdeal'

2018-05-11 10:38:33 - [TEST_STEP][PASSED] - Statement - return (java.lang.Math.floor((java.lang.Math.random() * ((max - min) + 1))) + min): Text '8.0' is set on object 'Object Repository/MOH AND GRN/Page_KDMC - CMS/input_txtdeal'

2018-05-11 10:38:33 - [MESSAGE][PASSED] - Text '8.0' is set on object 'Object Repository/MOH AND GRN/Page_KDMC - CMS/input_txtdeal'

2018-05-11 10:38:33 - [TEST_STEP][PASSED] - setText: Finding Test Object with id 'Object Repository/MOH AND GRN/Page_KDMC - CMS/input_txtbatchno'

2018-05-11 10:38:33 - [TEST_STEP][PASSED] - Statement - switch (id): Finding Test Object with id 'Object Repository/MOH AND GRN/Page_KDMC - CMS/input_txtmrp'

2018-05-11 10:38:33 - [TEST_STEP][PASSED] - Statement - case 1:: Text 'BA596.0' is set on object 'Object Repository/MOH AND GRN/Page_KDMC - CMS/input_txtbatchno'

2018-05-11 10:38:33 - [TEST_STEP][PASSED] - Statement - return (java.lang.Math.floor((java.lang.Math.random() * ((max - min) + 1))) + min): Text 'BA596.0' is set on object 'Object Repository/MOH AND GRN/Page_KDMC - CMS/input_txtbatchno'

2018-05-11 10:38:33 - [MESSAGE][PASSED] - Text 'BA596.0' is set on object 'Object Repository/MOH AND GRN/Page_KDMC - CMS/input_txtbatchno'

2018-05-11 10:38:33 - [TEST_STEP][PASSED] - rightClick: Object: 'Object Repository/GRN/Page_KDMC - CMS/input_txtexpdate' is right clicked on

2018-05-11 10:38:33 - [MESSAGE][PASSED] - Object: 'Object Repository/GRN/Page_KDMC - CMS/input_txtexpdate' is right clicked on

2018-05-11 10:38:33 - [TEST_STEP][PASSED] - selectOptionByIndex: All options with index in [2] are selected on object 'Object Repository/GRN/Page_KDMC - CMS/select_20182019202020212022202'

2018-05-11 10:38:34 - [MESSAGE][PASSED] - All options with index in [2] are selected on object 'Object Repository/GRN/Page_KDMC - CMS/select_20182019202020212022202'

2018-05-11 10:38:34 - [TEST_STEP][PASSED] - selectOptionByIndex: All options with index in [2] are selected on object 'Object Repository/GRN/Page_KDMC - CMS/select_JanFebMarAprMayJunJulAu'

2018-05-11 10:38:34 - [MESSAGE][PASSED] - All options with index in [2] are selected on object 'Object Repository/GRN/Page_KDMC - CMS/select_JanFebMarAprMayJunJulAu'

2018-05-11 10:38:34 - [TEST_STEP][PASSED] - click: Object: 'Object Repository/MOH AND GRN/Page_KDMC - CMS/a_12' is clicked on

2018-05-11 10:38:34 - [MESSAGE][PASSED] - Object: 'Object Repository/MOH AND GRN/Page_KDMC - CMS/a_12' is clicked on

2018-05-11 10:38:34 - [TEST_STEP][PASSED] - click: Object: 'Object Repository/MOH AND GRN/Page_KDMC - CMS/input_btnadd' is clicked on

2018-05-11 10:38:34 - [MESSAGE][PASSED] - Object: 'Object Repository/MOH AND GRN/Page_KDMC - CMS/input_btnadd' is clicked on

2018-05-11 10:38:34 - [TEST_STEP][PASSED] - Statement - If (s == 10): null

2018-05-11 10:38:34 - [TEST_STEP][PASSED] - Statement - Else: null

2018-05-11 10:38:34 - [TEST_STEP][PASSED] - Statement - (s++): null

2018-05-11 10:38:34 - [TEST_STEP][PASSED] - delay: Delayed 1 second(s)

2018-05-11 10:38:35 - [MESSAGE][PASSED] - Delayed 1 second(s)

2018-05-11 10:38:35 - [TEST_STEP][PASSED] - selectOptionByIndex: All options with index in [13] are selected on object 'Object Repository/MOH AND GRN/Page_KDMC - CMS/select_--Select--Amikacin -500'

2018-05-11 10:38:35 - [MESSAGE][PASSED] - All options with index in [13] are selected on object 'Object Repository/MOH AND GRN/Page_KDMC - CMS/select_--Select--Amikacin -500'

2018-05-11 10:38:35 - [TEST_STEP][PASSED] - setText: Text '5000' is set on object 'Object Repository/MOH AND GRN/Page_KDMC - CMS/input_txtqty'

2018-05-11 10:38:35 - [MESSAGE][PASSED] - Text '5000' is set on object 'Object Repository/MOH AND GRN/Page_KDMC - CMS/input_txtqty'

2018-05-11 10:38:35 - [TEST_STEP][PASSED] - selectOptionByIndex: All options with index in [1] are selected on object 'Object Repository/MOH AND GRN/Page_KDMC - CMS/select_--Select--No Tax0'

2018-05-11 10:38:35 - [MESSAGE][PASSED] - All options with index in [1] are selected on object 'Object Repository/MOH AND GRN/Page_KDMC - CMS/select_--Select--No Tax0'

2018-05-11 10:38:35 - [TEST_STEP][PASSED] - setText: Finding Test Object with id 'Object Repository/MOH AND GRN/Page_KDMC - CMS/input_txtmrp'

2018-05-11 10:38:35 - [TEST_STEP][PASSED] - Statement - switch (id): Finding Test Object with id 'Object Repository/MOH AND GRN/Page_KDMC - CMS/input_txtdeal'

2018-05-11 10:38:35 - [TEST_STEP][PASSED] - Statement - case 4:: Text '23.0' is set on object 'Object Repository/MOH AND GRN/Page_KDMC - CMS/input_txtmrp'

2018-05-11 10:38:35 - [TEST_STEP][PASSED] - Statement - return (java.lang.Math.floor((java.lang.Math.random() * ((max - min) + 1))) + min): Text '23.0' is set on object 'Object Repository/MOH AND GRN/Page_KDMC - CMS/input_txtmrp'

2018-05-11 10:38:36 - [MESSAGE][PASSED] - Text '23.0' is set on object 'Object Repository/MOH AND GRN/Page_KDMC - CMS/input_txtmrp'

2018-05-11 10:38:36 - [TEST_STEP][PASSED] - setText: Finding Test Object with id 'Object Repository/MOH AND GRN/Page_KDMC - CMS/input_txtdeal'

2018-05-11 10:38:36 - [TEST_STEP][PASSED] - Statement - switch (id): Finding Test Object with id 'Object Repository/MOH AND GRN/Page_KDMC - CMS/input_txtbatchno'

2018-05-11 10:38:36 - [TEST_STEP][PASSED] - Statement - case 5:: Text '12.0' is set on object 'Object Repository/MOH AND GRN/Page_KDMC - CMS/input_txtdeal'

2018-05-11 10:38:36 - [TEST_STEP][PASSED] - Statement - return (java.lang.Math.floor((java.lang.Math.random() * ((max - min) + 1))) + min): Text '12.0' is set on object 'Object Repository/MOH AND GRN/Page_KDMC - CMS/input_txtdeal'

2018-05-11 10:38:36 - [MESSAGE][PASSED] - Text '12.0' is set on object 'Object Repository/MOH AND GRN/Page_KDMC - CMS/input_txtdeal'

2018-05-11 10:38:36 - [TEST_STEP][PASSED] - setText: Finding Test Object with id 'Object Repository/MOH AND GRN/Page_KDMC - CMS/input_txtbatchno'

2018-05-11 10:38:36 - [TEST_STEP][PASSED] - Statement - switch (id): Finding Test Object with id 'Object Repository/MOH AND GRN/Page_KDMC - CMS/input_txtmrp'

2018-05-11 10:38:36 - [TEST_STEP][PASSED] - Statement - case 1:: Text 'BA472.0' is set on object 'Object Repository/MOH AND GRN/Page_KDMC - CMS/input_txtbatchno'

2018-05-11 10:38:36 - [TEST_STEP][PASSED] - Statement - return (java.lang.Math.floor((java.lang.Math.random() * ((max - min) + 1))) + min): Text 'BA472.0' is set on object 'Object Repository/MOH AND GRN/Page_KDMC - CMS/input_txtbatchno'

2018-05-11 10:38:36 - [MESSAGE][PASSED] - Text 'BA472.0' is set on object 'Object Repository/MOH AND GRN/Page_KDMC - CMS/input_txtbatchno'

2018-05-11 10:38:36 - [TEST_STEP][PASSED] - rightClick: Object: 'Object Repository/GRN/Page_KDMC - CMS/input_txtexpdate' is right clicked on

2018-05-11 10:38:36 - [MESSAGE][PASSED] - Object: 'Object Repository/GRN/Page_KDMC - CMS/input_txtexpdate' is right clicked on

2018-05-11 10:38:36 - [TEST_STEP][PASSED] - selectOptionByIndex: All options with index in [3] are selected on object 'Object Repository/GRN/Page_KDMC - CMS/select_20182019202020212022202'

2018-05-11 10:38:36 - [MESSAGE][PASSED] - All options with index in [3] are selected on object 'Object Repository/GRN/Page_KDMC - CMS/select_20182019202020212022202'

2018-05-11 10:38:36 - [TEST_STEP][PASSED] - selectOptionByIndex: All options with index in [3] are selected on object 'Object Repository/GRN/Page_KDMC - CMS/select_JanFebMarAprMayJunJulAu'

2018-05-11 10:38:36 - [MESSAGE][PASSED] - All options with index in [3] are selected on object 'Object Repository/GRN/Page_KDMC - CMS/select_JanFebMarAprMayJunJulAu'

2018-05-11 10:38:36 - [TEST_STEP][PASSED] - click: Object: 'Object Repository/MOH AND GRN/Page_KDMC - CMS/a_12' is clicked on

2018-05-11 10:38:36 - [MESSAGE][PASSED] - Object: 'Object Repository/MOH AND GRN/Page_KDMC - CMS/a_12' is clicked on

2018-05-11 10:38:36 - [TEST_STEP][PASSED] - click: Object: 'Object Repository/MOH AND GRN/Page_KDMC - CMS/input_btnadd' is clicked on

2018-05-11 10:38:36 - [MESSAGE][PASSED] - Object: 'Object Repository/MOH AND GRN/Page_KDMC - CMS/input_btnadd' is clicked on

2018-05-11 10:38:36 - [TEST_STEP][PASSED] - Statement - If (s == 10): null

2018-05-11 10:38:36 - [TEST_STEP][PASSED] - Statement - Else: null

2018-05-11 10:38:36 - [TEST_STEP][PASSED] - Statement - (s++): null

2018-05-11 10:38:36 - [TEST_STEP][PASSED] - delay: Delayed 1 second(s)

2018-05-11 10:38:37 - [MESSAGE][PASSED] - Delayed 1 second(s)

2018-05-11 10:38:37 - [TEST_STEP][PASSED] - selectOptionByIndex: All options with index in [14] are selected on object 'Object Repository/MOH AND GRN/Page_KDMC - CMS/select_--Select--Amikacin -500'

2018-05-11 10:38:38 - [MESSAGE][PASSED] - All options with index in [14] are selected on object 'Object Repository/MOH AND GRN/Page_KDMC - CMS/select_--Select--Amikacin -500'

2018-05-11 10:38:38 - [TEST_STEP][PASSED] - setText: Text '5000' is set on object 'Object Repository/MOH AND GRN/Page_KDMC - CMS/input_txtqty'

2018-05-11 10:38:38 - [MESSAGE][PASSED] - Text '5000' is set on object 'Object Repository/MOH AND GRN/Page_KDMC - CMS/input_txtqty'

2018-05-11 10:38:38 - [TEST_STEP][PASSED] - selectOptionByIndex: All options with index in [1] are selected on object 'Object Repository/MOH AND GRN/Page_KDMC - CMS/select_--Select--No Tax0'

2018-05-11 10:38:38 - [MESSAGE][PASSED] - All options with index in [1] are selected on object 'Object Repository/MOH AND GRN/Page_KDMC - CMS/select_--Select--No Tax0'

2018-05-11 10:38:38 - [TEST_STEP][PASSED] - setText: Finding Test Object with id 'Object Repository/MOH AND GRN/Page_KDMC - CMS/input_txtmrp'

2018-05-11 10:38:38 - [TEST_STEP][PASSED] - Statement - switch (id): Finding Test Object with id 'Object Repository/MOH AND GRN/Page_KDMC - CMS/input_txtdeal'

2018-05-11 10:38:38 - [TEST_STEP][PASSED] - Statement - case 4:: Text '32.0' is set on object 'Object Repository/MOH AND GRN/Page_KDMC - CMS/input_txtmrp'

2018-05-11 10:38:38 - [TEST_STEP][PASSED] - Statement - return (java.lang.Math.floor((java.lang.Math.random() * ((max - min) + 1))) + min): Text '32.0' is set on object 'Object Repository/MOH AND GRN/Page_KDMC - CMS/input_txtmrp'

2018-05-11 10:38:38 - [MESSAGE][PASSED] - Text '32.0' is set on object 'Object Repository/MOH AND GRN/Page_KDMC - CMS/input_txtmrp'

2018-05-11 10:38:38 - [TEST_STEP][PASSED] - setText: Finding Test Object with id 'Object Repository/MOH AND GRN/Page_KDMC - CMS/input_txtdeal'

2018-05-11 10:38:38 - [TEST_STEP][PASSED] - Statement - switch (id): Finding Test Object with id 'Object Repository/MOH AND GRN/Page_KDMC - CMS/input_txtbatchno'

2018-05-11 10:38:38 - [TEST_STEP][PASSED] - Statement - case 5:: Text '11.0' is set on object 'Object Repository/MOH AND GRN/Page_KDMC - CMS/input_txtdeal'

2018-05-11 10:38:38 - [TEST_STEP][PASSED] - Statement - return (java.lang.Math.floor((java.lang.Math.random() * ((max - min) + 1))) + min): Text '11.0' is set on object 'Object Repository/MOH AND GRN/Page_KDMC - CMS/input_txtdeal'

2018-05-11 10:38:38 - [MESSAGE][PASSED] - Text '11.0' is set on object 'Object Repository/MOH AND GRN/Page_KDMC - CMS/input_txtdeal'

2018-05-11 10:38:38 - [TEST_STEP][PASSED] - setText: Finding Test Object with id 'Object Repository/MOH AND GRN/Page_KDMC - CMS/input_txtbatchno'

2018-05-11 10:38:38 - [TEST_STEP][PASSED] - Statement - switch (id): Finding Test Object with id 'Object Repository/MOH AND GRN/Page_KDMC - CMS/input_txtmrp'

2018-05-11 10:38:38 - [TEST_STEP][PASSED] - Statement - case 1:: Text 'BA847.0' is set on object 'Object Repository/MOH AND GRN/Page_KDMC - CMS/input_txtbatchno'

2018-05-11 10:38:38 - [TEST_STEP][PASSED] - Statement - return (java.lang.Math.floor((java.lang.Math.random() * ((max - min) + 1))) + min): Text 'BA847.0' is set on object 'Object Repository/MOH AND GRN/Page_KDMC - CMS/input_txtbatchno'

2018-05-11 10:38:38 - [MESSAGE][PASSED] - Text 'BA847.0' is set on object 'Object Repository/MOH AND GRN/Page_KDMC - CMS/input_txtbatchno'

2018-05-11 10:38:38 - [TEST_STEP][PASSED] - rightClick: Object: 'Object Repository/GRN/Page_KDMC - CMS/input_txtexpdate' is right clicked on

2018-05-11 10:38:38 - [MESSAGE][PASSED] - Object: 'Object Repository/GRN/Page_KDMC - CMS/input_txtexpdate' is right clicked on

2018-05-11 10:38:38 - [TEST_STEP][PASSED] - selectOptionByIndex: All options with index in [4] are selected on object 'Object Repository/GRN/Page_KDMC - CMS/select_20182019202020212022202'

2018-05-11 10:38:38 - [MESSAGE][PASSED] - All options with index in [4] are selected on object 'Object Repository/GRN/Page_KDMC - CMS/select_20182019202020212022202'

2018-05-11 10:38:38 - [TEST_STEP][PASSED] - selectOptionByIndex: All options with index in [4] are selected on object 'Object Repository/GRN/Page_KDMC - CMS/select_JanFebMarAprMayJunJulAu'

2018-05-11 10:38:39 - [MESSAGE][PASSED] - All options with index in [4] are selected on object 'Object Repository/GRN/Page_KDMC - CMS/select_JanFebMarAprMayJunJulAu'

2018-05-11 10:38:39 - [TEST_STEP][PASSED] - click: Object: 'Object Repository/MOH AND GRN/Page_KDMC - CMS/a_12' is clicked on

2018-05-11 10:38:39 - [MESSAGE][PASSED] - Object: 'Object Repository/MOH AND GRN/Page_KDMC - CMS/a_12' is clicked on

2018-05-11 10:38:39 - [TEST_STEP][PASSED] - click: Object: 'Object Repository/MOH AND GRN/Page_KDMC - CMS/input_btnadd' is clicked on

2018-05-11 10:38:39 - [MESSAGE][PASSED] - Object: 'Object Repository/MOH AND GRN/Page_KDMC - CMS/input_btnadd' is clicked on

2018-05-11 10:38:39 - [TEST_STEP][PASSED] - Statement - If (s == 10): null

2018-05-11 10:38:39 - [TEST_STEP][PASSED] - Statement - Else: null

2018-05-11 10:38:39 - [TEST_STEP][PASSED] - Statement - (s++): null

2018-05-11 10:38:39 - [TEST_STEP][PASSED] - delay: Delayed 1 second(s)

2018-05-11 10:38:40 - [MESSAGE][PASSED] - Delayed 1 second(s)

2018-05-11 10:38:40 - [TEST_STEP][PASSED] - selectOptionByIndex: All options with index in [15] are selected on object 'Object Repository/MOH AND GRN/Page_KDMC - CMS/select_--Select--Amikacin -500'

2018-05-11 10:38:40 - [MESSAGE][PASSED] - All options with index in [15] are selected on object 'Object Repository/MOH AND GRN/Page_KDMC - CMS/select_--Select--Amikacin -500'

2018-05-11 10:38:40 - [TEST_STEP][PASSED] - setText: Text '5000' is set on object 'Object Repository/MOH AND GRN/Page_KDMC - CMS/input_txtqty'

2018-05-11 10:38:40 - [MESSAGE][PASSED] - Text '5000' is set on object 'Object Repository/MOH AND GRN/Page_KDMC - CMS/input_txtqty'

2018-05-11 10:38:40 - [TEST_STEP][PASSED] - selectOptionByIndex: All options with index in [1] are selected on object 'Object Repository/MOH AND GRN/Page_KDMC - CMS/select_--Select--No Tax0'

2018-05-11 10:38:40 - [MESSAGE][PASSED] - All options with index in [1] are selected on object 'Object Repository/MOH AND GRN/Page_KDMC - CMS/select_--Select--No Tax0'

2018-05-11 10:38:40 - [TEST_STEP][PASSED] - setText: Finding Test Object with id 'Object Repository/MOH AND GRN/Page_KDMC - CMS/input_txtmrp'

2018-05-11 10:38:40 - [TEST_STEP][PASSED] - Statement - switch (id): Finding Test Object with id 'Object Repository/MOH AND GRN/Page_KDMC - CMS/input_txtdeal'

2018-05-11 10:38:40 - [TEST_STEP][PASSED] - Statement - case 4:: Text '39.0' is set on object 'Object Repository/MOH AND GRN/Page_KDMC - CMS/input_txtmrp'

2018-05-11 10:38:40 - [TEST_STEP][PASSED] - Statement - return (java.lang.Math.floor((java.lang.Math.random() * ((max - min) + 1))) + min): Text '39.0' is set on object 'Object Repository/MOH AND GRN/Page_KDMC - CMS/input_txtmrp'

2018-05-11 10:38:40 - [MESSAGE][PASSED] - Text '39.0' is set on object 'Object Repository/MOH AND GRN/Page_KDMC - CMS/input_txtmrp'

2018-05-11 10:38:40 - [TEST_STEP][PASSED] - setText: Finding Test Object with id 'Object Repository/MOH AND GRN/Page_KDMC - CMS/input_txtdeal'

2018-05-11 10:38:40 - [TEST_STEP][PASSED] - Statement - switch (id): Finding Test Object with id 'Object Repository/MOH AND GRN/Page_KDMC - CMS/input_txtbatchno'

2018-05-11 10:38:40 - [TEST_STEP][PASSED] - Statement - case 5:: Text '10.0' is set on object 'Object Repository/MOH AND GRN/Page_KDMC - CMS/input_txtdeal'

2018-05-11 10:38:40 - [TEST_STEP][PASSED] - Statement - return (java.lang.Math.floor((java.lang.Math.random() * ((max - min) + 1))) + min): Text '10.0' is set on object 'Object Repository/MOH AND GRN/Page_KDMC - CMS/input_txtdeal'

2018-05-11 10:38:41 - [MESSAGE][PASSED] - Text '10.0' is set on object 'Object Repository/MOH AND GRN/Page_KDMC - CMS/input_txtdeal'

2018-05-11 10:38:41 - [TEST_STEP][PASSED] - setText: Finding Test Object with id 'Object Repository/MOH AND GRN/Page_KDMC - CMS/input_txtbatchno'

2018-05-11 10:38:41 - [TEST_STEP][PASSED] - Statement - switch (id): Delayed 1 second(s)

2018-05-11 10:38:41 - [TEST_STEP][PASSED] - Statement - case 1:: Text 'BA966.0' is set on object 'Object Repository/MOH AND GRN/Page_KDMC - CMS/input_txtbatchno'

2018-05-11 10:38:41 - [TEST_STEP][PASSED] - Statement - return (java.lang.Math.floor((java.lang.Math.random() * ((max - min) + 1))) + min): Text 'BA966.0' is set on object 'Object Repository/MOH AND GRN/Page_KDMC - CMS/input_txtbatchno'

2018-05-11 10:38:41 - [MESSAGE][PASSED] - Text 'BA966.0' is set on object 'Object Repository/MOH AND GRN/Page_KDMC - CMS/input_txtbatchno'

2018-05-11 10:38:41 - [TEST_STEP][PASSED] - rightClick: Object: 'Object Repository/GRN/Page_KDMC - CMS/input_txtexpdate' is right clicked on

2018-05-11 10:38:41 - [MESSAGE][PASSED] - Object: 'Object Repository/GRN/Page_KDMC - CMS/input_txtexpdate' is right clicked on

2018-05-11 10:38:41 - [TEST_STEP][PASSED] - selectOptionByIndex: All options with index in [5] are selected on object 'Object Repository/GRN/Page_KDMC - CMS/select_20182019202020212022202'

2018-05-11 10:38:41 - [MESSAGE][PASSED] - All options with index in [5] are selected on object 'Object Repository/GRN/Page_KDMC - CMS/select_20182019202020212022202'

2018-05-11 10:38:41 - [TEST_STEP][PASSED] - selectOptionByIndex: All options with index in [5] are selected on object 'Object Repository/GRN/Page_KDMC - CMS/select_JanFebMarAprMayJunJulAu'

2018-05-11 10:38:41 - [MESSAGE][PASSED] - All options with index in [5] are selected on object 'Object Repository/GRN/Page_KDMC - CMS/select_JanFebMarAprMayJunJulAu'

2018-05-11 10:38:41 - [TEST_STEP][PASSED] - click: Object: 'Object Repository/MOH AND GRN/Page_KDMC - CMS/a_12' is clicked on

2018-05-11 10:38:41 - [MESSAGE][PASSED] - Object: 'Object Repository/MOH AND GRN/Page_KDMC - CMS/a_12' is clicked on

2018-05-11 10:38:41 - [TEST_STEP][PASSED] - click: Object: 'Object Repository/MOH AND GRN/Page_KDMC - CMS/input_btnadd' is clicked on

2018-05-11 10:38:41 - [MESSAGE][PASSED] - Object: 'Object Repository/MOH AND GRN/Page_KDMC - CMS/input_btnadd' is clicked on

2018-05-11 10:38:41 - [TEST_STEP][PASSED] - Statement - If (s == 10): null

2018-05-11 10:38:41 - [TEST_STEP][PASSED] - Statement - Else: null

2018-05-11 10:38:41 - [TEST_STEP][PASSED] - Statement - (s++): null

2018-05-11 10:38:41 - [TEST_STEP][PASSED] - delay: Delayed 1 second(s)

2018-05-11 10:38:42 - [MESSAGE][PASSED] - Delayed 1 second(s)

2018-05-11 10:38:42 - [TEST_STEP][PASSED] - scrollToElement: Scroll to object 'Object Repository/MOH AND GRN/Page_KDMC - CMS/input_btnSubmit' successfully

2018-05-11 10:38:42 - [MESSAGE][PASSED] - Scroll to object 'Object Repository/MOH AND GRN/Page_KDMC - CMS/input_btnSubmit' successfully

2018-05-11 10:38:42 - [TEST_STEP][PASSED] - click: Object: 'Object Repository/MOH AND GRN/Page_KDMC - CMS/input_btnSubmit' is clicked on

2018-05-11 10:38:43 - [MESSAGE][PASSED] - Object: 'Object Repository/MOH AND GRN/Page_KDMC - CMS/input_btnSubmit' is clicked on

2018-05-11 10:38:43 - [TEST_STEP][PASSED] - delay: Delayed 3 second(s)

2018-05-11 10:38:46 - [MESSAGE][PASSED] - Delayed 3 second(s)

2018-05-11 10:38:46 - [TEST_STEP][PASSED] - click: Object: 'Object Repository/MOH AND GRN/Page_KDMC - CMS/button_OK' is clicked on

2018-05-11 10:38:47 - [MESSAGE][PASSED] - Object: 'Object Repository/MOH AND GRN/Page_KDMC - CMS/button_OK' is clicked on

2018-05-11 10:38:47 - [TEST_STEP][PASSED] - delay: Delayed 2 second(s)

2018-05-11 10:38:49 - [MESSAGE][PASSED] - Delayed 2 second(s)

2018-05-11 10:38:49 - [TEST_STEP][PASSED] - delay: Delayed 3 second(s)

2018-05-11 10:38:52 - [MESSAGE][PASSED] - Delayed 3 second(s)

2018-05-11 10:38:52 - [TEST_STEP][PASSED] - click: Object: 'Object Repository/MOH AND GRN/Page_KDMC - CMS/a_dropdown-toggle' is clicked on

2018-05-11 10:38:52 - [MESSAGE][PASSED] - Object: 'Object Repository/MOH AND GRN/Page_KDMC - CMS/a_dropdown-toggle' is clicked on

2018-05-11 10:38:52 - [TEST_STEP][PASSED] - click: Object: 'Object Repository/MOH AND GRN/Page_KDMC - CMS/a_Sign out' is clicked on

2018-05-11 10:38:58 - [MESSAGE][PASSED] - Object: 'Object Repository/MOH AND GRN/Page_KDMC - CMS/a_Sign out' is clicked on

2018-05-11 10:38:58 - [TEST_STEP][PASSED] - closeBrowser: Browser is closed

2018-05-11 10:38:59 - [MESSAGE][PASSED] - Browser is closed]]></system-out>
         <system-err><![CDATA[]]></system-err>
      </testcase>
      <testcase name="Test Cases/MOH REQUEST AND GRN/Moh Request GRN  Schedule 5" classname="Test Cases/MOH REQUEST AND GRN/Moh Request GRN  Schedule 5" status="PASSED">
         <system-out><![CDATA[2018-05-11 10:38:59 - [TEST_CASE][PASSED] - Test Cases/MOH REQUEST AND GRN/Moh Request GRN  Schedule 5: Test Cases/MOH REQUEST AND GRN/Moh Request GRN  Schedule 5

2018-05-11 10:38:59 - [TEST_STEP][PASSED] - openBrowser: Browser is opened with url: ''

2018-05-11 10:39:01 - [MESSAGE][PASSED] - Browser is opened with url: ''

2018-05-11 10:39:01 - [TEST_STEP][PASSED] - navigateToUrl: Navigate to 'http://192.168.137.1/multihospital_new/' successfully

2018-05-11 10:39:05 - [MESSAGE][PASSED] - Navigate to 'http://192.168.137.1/multihospital_new/' successfully

2018-05-11 10:39:05 - [TEST_STEP][PASSED] - maximizeWindow: Current window maximized

2018-05-11 10:39:06 - [MESSAGE][PASSED] - Current window maximized

2018-05-11 10:39:06 - [TEST_STEP][PASSED] - click: Object: 'Object Repository/MOH AND GRN/Page_KDMC/a_CMS' is clicked on

2018-05-11 10:39:07 - [MESSAGE][PASSED] - Object: 'Object Repository/MOH AND GRN/Page_KDMC/a_CMS' is clicked on

2018-05-11 10:39:07 - [TEST_STEP][PASSED] - setText: Text 'bala' is set on object 'Object Repository/MOH AND GRN/Page_CMS login/input_txtusername'

2018-05-11 10:39:07 - [MESSAGE][PASSED] - Text 'bala' is set on object 'Object Repository/MOH AND GRN/Page_CMS login/input_txtusername'

2018-05-11 10:39:07 - [TEST_STEP][PASSED] - setText: Text '123' is set on object 'Object Repository/MOH AND GRN/Page_CMS login/input_txtpassword'

2018-05-11 10:39:08 - [MESSAGE][PASSED] - Text '123' is set on object 'Object Repository/MOH AND GRN/Page_CMS login/input_txtpassword'

2018-05-11 10:39:08 - [TEST_STEP][PASSED] - delay: Delayed 3 second(s)

2018-05-11 10:39:11 - [MESSAGE][PASSED] - Delayed 3 second(s)

2018-05-11 10:39:11 - [TEST_STEP][PASSED] - click: Object: 'Object Repository/MOH AND GRN/Page_CMS login/button_Sign in' is clicked on

2018-05-11 10:39:12 - [MESSAGE][PASSED] - Object: 'Object Repository/MOH AND GRN/Page_CMS login/button_Sign in' is clicked on

2018-05-11 10:39:12 - [TEST_STEP][PASSED] - click: Object: 'Object Repository/MOH AND GRN/Page_KDMC - CMS/a_Request to MOH' is clicked on

2018-05-11 10:39:13 - [MESSAGE][PASSED] - Object: 'Object Repository/MOH AND GRN/Page_KDMC - CMS/a_Request to MOH' is clicked on

2018-05-11 10:39:13 - [TEST_STEP][PASSED] - selectOptionByIndex: All options with index in [2] are selected on object 'Object Repository/MOH AND GRN/Page_KDMC - CMS/select_--Select--'

2018-05-11 10:39:13 - [MESSAGE][PASSED] - All options with index in [2] are selected on object 'Object Repository/MOH AND GRN/Page_KDMC - CMS/select_--Select--'

2018-05-11 10:39:13 - [TEST_STEP][PASSED] - selectOptionByIndex: All options with index in [5] are selected on object 'Object Repository/MOH AND GRN/Page_KDMC - CMS/select_--Select--Schedule 1Inj'

2018-05-11 10:39:13 - [MESSAGE][PASSED] - All options with index in [5] are selected on object 'Object Repository/MOH AND GRN/Page_KDMC - CMS/select_--Select--Schedule 1Inj'

2018-05-11 10:39:13 - [TEST_STEP][PASSED] - Statement - selectedoptions = com.kms.katalon.core.webui.keyword.WebUiBuiltInKeywords.getNumberOfTotalOption(com.kms.katalon.core.testobject.ObjectRepository.findTestObject(MOH AND GRN/Page_KDMC - CMS/select_--Select--Adernaline 0.)): 17 options of object 'Object Repository/MOH AND GRN/Page_KDMC - CMS/select_--Select--Adernaline 0.' counted

2018-05-11 10:39:13 - [MESSAGE][PASSED] - 17 options of object 'Object Repository/MOH AND GRN/Page_KDMC - CMS/select_--Select--Adernaline 0.' counted

2018-05-11 10:39:13 - [TEST_STEP][PASSED] - Statement - For ([j = 1, j <= selectedoptions - 1, (j++)]): Object: 'Object Repository/MOH AND GRN/Page_KDMC - CMS/button_Add' is clicked on

2018-05-11 10:39:13 - [TEST_STEP][PASSED] - selectOptionByIndex: All options with index in [5] are selected on object 'Object Repository/MOH AND GRN/Page_KDMC - CMS/select_--Select--Schedule 1Inj'

2018-05-11 10:39:13 - [MESSAGE][PASSED] - All options with index in [5] are selected on object 'Object Repository/MOH AND GRN/Page_KDMC - CMS/select_--Select--Schedule 1Inj'

2018-05-11 10:39:13 - [TEST_STEP][PASSED] - selectOptionByIndex: All options with index in [1] are selected on object 'Object Repository/MOH AND GRN/Page_KDMC - CMS/select_--Select--Adernaline 0.'

2018-05-11 10:39:13 - [MESSAGE][PASSED] - All options with index in [1] are selected on object 'Object Repository/MOH AND GRN/Page_KDMC - CMS/select_--Select--Adernaline 0.'

2018-05-11 10:39:13 - [TEST_STEP][PASSED] - setText: Text '5000' is set on object 'Object Repository/MOH AND GRN/Page_KDMC - CMS/input_txttreat'

2018-05-11 10:39:14 - [MESSAGE][PASSED] - Text '5000' is set on object 'Object Repository/MOH AND GRN/Page_KDMC - CMS/input_txttreat'

2018-05-11 10:39:14 - [TEST_STEP][PASSED] - click: Object: 'Object Repository/MOH AND GRN/Page_KDMC - CMS/button_Add' is clicked on

2018-05-11 10:39:14 - [MESSAGE][PASSED] - Object: 'Object Repository/MOH AND GRN/Page_KDMC - CMS/button_Add' is clicked on

2018-05-11 10:39:14 - [TEST_STEP][PASSED] - selectOptionByIndex: All options with index in [5] are selected on object 'Object Repository/MOH AND GRN/Page_KDMC - CMS/select_--Select--Schedule 1Inj'

2018-05-11 10:39:14 - [MESSAGE][PASSED] - All options with index in [5] are selected on object 'Object Repository/MOH AND GRN/Page_KDMC - CMS/select_--Select--Schedule 1Inj'

2018-05-11 10:39:14 - [TEST_STEP][PASSED] - selectOptionByIndex: All options with index in [2] are selected on object 'Object Repository/MOH AND GRN/Page_KDMC - CMS/select_--Select--Adernaline 0.'

2018-05-11 10:39:14 - [MESSAGE][PASSED] - All options with index in [2] are selected on object 'Object Repository/MOH AND GRN/Page_KDMC - CMS/select_--Select--Adernaline 0.'

2018-05-11 10:39:14 - [TEST_STEP][PASSED] - setText: Text '5000' is set on object 'Object Repository/MOH AND GRN/Page_KDMC - CMS/input_txttreat'

2018-05-11 10:39:14 - [MESSAGE][PASSED] - Text '5000' is set on object 'Object Repository/MOH AND GRN/Page_KDMC - CMS/input_txttreat'

2018-05-11 10:39:14 - [TEST_STEP][PASSED] - click: Object: 'Object Repository/MOH AND GRN/Page_KDMC - CMS/button_Add' is clicked on

2018-05-11 10:39:14 - [MESSAGE][PASSED] - Object: 'Object Repository/MOH AND GRN/Page_KDMC - CMS/button_Add' is clicked on

2018-05-11 10:39:14 - [TEST_STEP][PASSED] - selectOptionByIndex: All options with index in [5] are selected on object 'Object Repository/MOH AND GRN/Page_KDMC - CMS/select_--Select--Schedule 1Inj'

2018-05-11 10:39:14 - [MESSAGE][PASSED] - All options with index in [5] are selected on object 'Object Repository/MOH AND GRN/Page_KDMC - CMS/select_--Select--Schedule 1Inj'

2018-05-11 10:39:14 - [TEST_STEP][PASSED] - selectOptionByIndex: All options with index in [3] are selected on object 'Object Repository/MOH AND GRN/Page_KDMC - CMS/select_--Select--Adernaline 0.'

2018-05-11 10:39:14 - [MESSAGE][PASSED] - All options with index in [3] are selected on object 'Object Repository/MOH AND GRN/Page_KDMC - CMS/select_--Select--Adernaline 0.'

2018-05-11 10:39:14 - [TEST_STEP][PASSED] - setText: Text '5000' is set on object 'Object Repository/MOH AND GRN/Page_KDMC - CMS/input_txttreat'

2018-05-11 10:39:14 - [MESSAGE][PASSED] - Text '5000' is set on object 'Object Repository/MOH AND GRN/Page_KDMC - CMS/input_txttreat'

2018-05-11 10:39:14 - [TEST_STEP][PASSED] - click: Object: 'Object Repository/MOH AND GRN/Page_KDMC - CMS/button_Add' is clicked on

2018-05-11 10:39:15 - [MESSAGE][PASSED] - Object: 'Object Repository/MOH AND GRN/Page_KDMC - CMS/button_Add' is clicked on

2018-05-11 10:39:15 - [TEST_STEP][PASSED] - selectOptionByIndex: All options with index in [5] are selected on object 'Object Repository/MOH AND GRN/Page_KDMC - CMS/select_--Select--Schedule 1Inj'

2018-05-11 10:39:15 - [MESSAGE][PASSED] - All options with index in [5] are selected on object 'Object Repository/MOH AND GRN/Page_KDMC - CMS/select_--Select--Schedule 1Inj'

2018-05-11 10:39:15 - [TEST_STEP][PASSED] - selectOptionByIndex: All options with index in [4] are selected on object 'Object Repository/MOH AND GRN/Page_KDMC - CMS/select_--Select--Adernaline 0.'

2018-05-11 10:39:15 - [MESSAGE][PASSED] - All options with index in [4] are selected on object 'Object Repository/MOH AND GRN/Page_KDMC - CMS/select_--Select--Adernaline 0.'

2018-05-11 10:39:15 - [TEST_STEP][PASSED] - setText: Text '5000' is set on object 'Object Repository/MOH AND GRN/Page_KDMC - CMS/input_txttreat'

2018-05-11 10:39:15 - [MESSAGE][PASSED] - Text '5000' is set on object 'Object Repository/MOH AND GRN/Page_KDMC - CMS/input_txttreat'

2018-05-11 10:39:15 - [TEST_STEP][PASSED] - click: Object: 'Object Repository/MOH AND GRN/Page_KDMC - CMS/button_Add' is clicked on

2018-05-11 10:39:15 - [MESSAGE][PASSED] - Object: 'Object Repository/MOH AND GRN/Page_KDMC - CMS/button_Add' is clicked on

2018-05-11 10:39:15 - [TEST_STEP][PASSED] - selectOptionByIndex: All options with index in [5] are selected on object 'Object Repository/MOH AND GRN/Page_KDMC - CMS/select_--Select--Schedule 1Inj'

2018-05-11 10:39:15 - [MESSAGE][PASSED] - All options with index in [5] are selected on object 'Object Repository/MOH AND GRN/Page_KDMC - CMS/select_--Select--Schedule 1Inj'

2018-05-11 10:39:15 - [TEST_STEP][PASSED] - selectOptionByIndex: All options with index in [5] are selected on object 'Object Repository/MOH AND GRN/Page_KDMC - CMS/select_--Select--Adernaline 0.'

2018-05-11 10:39:15 - [MESSAGE][PASSED] - All options with index in [5] are selected on object 'Object Repository/MOH AND GRN/Page_KDMC - CMS/select_--Select--Adernaline 0.'

2018-05-11 10:39:15 - [TEST_STEP][PASSED] - setText: Text '5000' is set on object 'Object Repository/MOH AND GRN/Page_KDMC - CMS/input_txttreat'

2018-05-11 10:39:15 - [MESSAGE][PASSED] - Text '5000' is set on object 'Object Repository/MOH AND GRN/Page_KDMC - CMS/input_txttreat'

2018-05-11 10:39:15 - [TEST_STEP][PASSED] - click: Object: 'Object Repository/MOH AND GRN/Page_KDMC - CMS/button_Add' is clicked on

2018-05-11 10:39:15 - [MESSAGE][PASSED] - Object: 'Object Repository/MOH AND GRN/Page_KDMC - CMS/button_Add' is clicked on

2018-05-11 10:39:15 - [TEST_STEP][PASSED] - selectOptionByIndex: All options with index in [5] are selected on object 'Object Repository/MOH AND GRN/Page_KDMC - CMS/select_--Select--Schedule 1Inj'

2018-05-11 10:39:16 - [MESSAGE][PASSED] - All options with index in [5] are selected on object 'Object Repository/MOH AND GRN/Page_KDMC - CMS/select_--Select--Schedule 1Inj'

2018-05-11 10:39:16 - [TEST_STEP][PASSED] - selectOptionByIndex: All options with index in [6] are selected on object 'Object Repository/MOH AND GRN/Page_KDMC - CMS/select_--Select--Adernaline 0.'

2018-05-11 10:39:16 - [MESSAGE][PASSED] - All options with index in [6] are selected on object 'Object Repository/MOH AND GRN/Page_KDMC - CMS/select_--Select--Adernaline 0.'

2018-05-11 10:39:16 - [TEST_STEP][PASSED] - setText: Text '5000' is set on object 'Object Repository/MOH AND GRN/Page_KDMC - CMS/input_txttreat'

2018-05-11 10:39:16 - [MESSAGE][PASSED] - Text '5000' is set on object 'Object Repository/MOH AND GRN/Page_KDMC - CMS/input_txttreat'

2018-05-11 10:39:16 - [TEST_STEP][PASSED] - click: Object: 'Object Repository/MOH AND GRN/Page_KDMC - CMS/button_Add' is clicked on

2018-05-11 10:39:16 - [MESSAGE][PASSED] - Object: 'Object Repository/MOH AND GRN/Page_KDMC - CMS/button_Add' is clicked on

2018-05-11 10:39:16 - [TEST_STEP][PASSED] - selectOptionByIndex: All options with index in [5] are selected on object 'Object Repository/MOH AND GRN/Page_KDMC - CMS/select_--Select--Schedule 1Inj'

2018-05-11 10:39:16 - [MESSAGE][PASSED] - All options with index in [5] are selected on object 'Object Repository/MOH AND GRN/Page_KDMC - CMS/select_--Select--Schedule 1Inj'

2018-05-11 10:39:16 - [TEST_STEP][PASSED] - selectOptionByIndex: All options with index in [7] are selected on object 'Object Repository/MOH AND GRN/Page_KDMC - CMS/select_--Select--Adernaline 0.'

2018-05-11 10:39:16 - [MESSAGE][PASSED] - All options with index in [7] are selected on object 'Object Repository/MOH AND GRN/Page_KDMC - CMS/select_--Select--Adernaline 0.'

2018-05-11 10:39:16 - [TEST_STEP][PASSED] - setText: Text '5000' is set on object 'Object Repository/MOH AND GRN/Page_KDMC - CMS/input_txttreat'

2018-05-11 10:39:16 - [MESSAGE][PASSED] - Text '5000' is set on object 'Object Repository/MOH AND GRN/Page_KDMC - CMS/input_txttreat'

2018-05-11 10:39:16 - [TEST_STEP][PASSED] - click: Object: 'Object Repository/MOH AND GRN/Page_KDMC - CMS/button_Add' is clicked on

2018-05-11 10:39:16 - [MESSAGE][PASSED] - Object: 'Object Repository/MOH AND GRN/Page_KDMC - CMS/button_Add' is clicked on

2018-05-11 10:39:16 - [TEST_STEP][PASSED] - selectOptionByIndex: All options with index in [5] are selected on object 'Object Repository/MOH AND GRN/Page_KDMC - CMS/select_--Select--Schedule 1Inj'

2018-05-11 10:39:16 - [MESSAGE][PASSED] - All options with index in [5] are selected on object 'Object Repository/MOH AND GRN/Page_KDMC - CMS/select_--Select--Schedule 1Inj'

2018-05-11 10:39:16 - [TEST_STEP][PASSED] - selectOptionByIndex: All options with index in [8] are selected on object 'Object Repository/MOH AND GRN/Page_KDMC - CMS/select_--Select--Adernaline 0.'

2018-05-11 10:39:17 - [MESSAGE][PASSED] - All options with index in [8] are selected on object 'Object Repository/MOH AND GRN/Page_KDMC - CMS/select_--Select--Adernaline 0.'

2018-05-11 10:39:17 - [TEST_STEP][PASSED] - setText: Text '5000' is set on object 'Object Repository/MOH AND GRN/Page_KDMC - CMS/input_txttreat'

2018-05-11 10:39:17 - [MESSAGE][PASSED] - Text '5000' is set on object 'Object Repository/MOH AND GRN/Page_KDMC - CMS/input_txttreat'

2018-05-11 10:39:17 - [TEST_STEP][PASSED] - click: Object: 'Object Repository/MOH AND GRN/Page_KDMC - CMS/button_Add' is clicked on

2018-05-11 10:39:17 - [MESSAGE][PASSED] - Object: 'Object Repository/MOH AND GRN/Page_KDMC - CMS/button_Add' is clicked on

2018-05-11 10:39:17 - [TEST_STEP][PASSED] - selectOptionByIndex: All options with index in [5] are selected on object 'Object Repository/MOH AND GRN/Page_KDMC - CMS/select_--Select--Schedule 1Inj'

2018-05-11 10:39:17 - [MESSAGE][PASSED] - All options with index in [5] are selected on object 'Object Repository/MOH AND GRN/Page_KDMC - CMS/select_--Select--Schedule 1Inj'

2018-05-11 10:39:17 - [TEST_STEP][PASSED] - selectOptionByIndex: All options with index in [9] are selected on object 'Object Repository/MOH AND GRN/Page_KDMC - CMS/select_--Select--Adernaline 0.'

2018-05-11 10:39:17 - [MESSAGE][PASSED] - All options with index in [9] are selected on object 'Object Repository/MOH AND GRN/Page_KDMC - CMS/select_--Select--Adernaline 0.'

2018-05-11 10:39:17 - [TEST_STEP][PASSED] - setText: Text '5000' is set on object 'Object Repository/MOH AND GRN/Page_KDMC - CMS/input_txttreat'

2018-05-11 10:39:17 - [MESSAGE][PASSED] - Text '5000' is set on object 'Object Repository/MOH AND GRN/Page_KDMC - CMS/input_txttreat'

2018-05-11 10:39:17 - [TEST_STEP][PASSED] - click: Object: 'Object Repository/MOH AND GRN/Page_KDMC - CMS/button_Add' is clicked on

2018-05-11 10:39:17 - [MESSAGE][PASSED] - Object: 'Object Repository/MOH AND GRN/Page_KDMC - CMS/button_Add' is clicked on

2018-05-11 10:39:17 - [TEST_STEP][PASSED] - selectOptionByIndex: All options with index in [5] are selected on object 'Object Repository/MOH AND GRN/Page_KDMC - CMS/select_--Select--Schedule 1Inj'

2018-05-11 10:39:17 - [MESSAGE][PASSED] - All options with index in [5] are selected on object 'Object Repository/MOH AND GRN/Page_KDMC - CMS/select_--Select--Schedule 1Inj'

2018-05-11 10:39:17 - [TEST_STEP][PASSED] - selectOptionByIndex: All options with index in [10] are selected on object 'Object Repository/MOH AND GRN/Page_KDMC - CMS/select_--Select--Adernaline 0.'

2018-05-11 10:39:18 - [MESSAGE][PASSED] - All options with index in [10] are selected on object 'Object Repository/MOH AND GRN/Page_KDMC - CMS/select_--Select--Adernaline 0.'

2018-05-11 10:39:18 - [TEST_STEP][PASSED] - setText: Text '5000' is set on object 'Object Repository/MOH AND GRN/Page_KDMC - CMS/input_txttreat'

2018-05-11 10:39:18 - [MESSAGE][PASSED] - Text '5000' is set on object 'Object Repository/MOH AND GRN/Page_KDMC - CMS/input_txttreat'

2018-05-11 10:39:18 - [TEST_STEP][PASSED] - click: Object: 'Object Repository/MOH AND GRN/Page_KDMC - CMS/button_Add' is clicked on

2018-05-11 10:39:18 - [MESSAGE][PASSED] - Object: 'Object Repository/MOH AND GRN/Page_KDMC - CMS/button_Add' is clicked on

2018-05-11 10:39:18 - [TEST_STEP][PASSED] - selectOptionByIndex: All options with index in [5] are selected on object 'Object Repository/MOH AND GRN/Page_KDMC - CMS/select_--Select--Schedule 1Inj'

2018-05-11 10:39:18 - [MESSAGE][PASSED] - All options with index in [5] are selected on object 'Object Repository/MOH AND GRN/Page_KDMC - CMS/select_--Select--Schedule 1Inj'

2018-05-11 10:39:18 - [TEST_STEP][PASSED] - selectOptionByIndex: All options with index in [11] are selected on object 'Object Repository/MOH AND GRN/Page_KDMC - CMS/select_--Select--Adernaline 0.'

2018-05-11 10:39:18 - [MESSAGE][PASSED] - All options with index in [11] are selected on object 'Object Repository/MOH AND GRN/Page_KDMC - CMS/select_--Select--Adernaline 0.'

2018-05-11 10:39:18 - [TEST_STEP][PASSED] - setText: Text '5000' is set on object 'Object Repository/MOH AND GRN/Page_KDMC - CMS/input_txttreat'

2018-05-11 10:39:18 - [MESSAGE][PASSED] - Text '5000' is set on object 'Object Repository/MOH AND GRN/Page_KDMC - CMS/input_txttreat'

2018-05-11 10:39:18 - [TEST_STEP][PASSED] - click: Object: 'Object Repository/MOH AND GRN/Page_KDMC - CMS/button_Add' is clicked on

2018-05-11 10:39:18 - [MESSAGE][PASSED] - Object: 'Object Repository/MOH AND GRN/Page_KDMC - CMS/button_Add' is clicked on

2018-05-11 10:39:18 - [TEST_STEP][PASSED] - selectOptionByIndex: All options with index in [5] are selected on object 'Object Repository/MOH AND GRN/Page_KDMC - CMS/select_--Select--Schedule 1Inj'

2018-05-11 10:39:18 - [MESSAGE][PASSED] - All options with index in [5] are selected on object 'Object Repository/MOH AND GRN/Page_KDMC - CMS/select_--Select--Schedule 1Inj'

2018-05-11 10:39:18 - [TEST_STEP][PASSED] - selectOptionByIndex: All options with index in [12] are selected on object 'Object Repository/MOH AND GRN/Page_KDMC - CMS/select_--Select--Adernaline 0.'

2018-05-11 10:39:19 - [MESSAGE][PASSED] - All options with index in [12] are selected on object 'Object Repository/MOH AND GRN/Page_KDMC - CMS/select_--Select--Adernaline 0.'

2018-05-11 10:39:19 - [TEST_STEP][PASSED] - setText: Text '5000' is set on object 'Object Repository/MOH AND GRN/Page_KDMC - CMS/input_txttreat'

2018-05-11 10:39:19 - [MESSAGE][PASSED] - Text '5000' is set on object 'Object Repository/MOH AND GRN/Page_KDMC - CMS/input_txttreat'

2018-05-11 10:39:19 - [TEST_STEP][PASSED] - click: Object: 'Object Repository/MOH AND GRN/Page_KDMC - CMS/button_Add' is clicked on

2018-05-11 10:39:19 - [MESSAGE][PASSED] - Object: 'Object Repository/MOH AND GRN/Page_KDMC - CMS/button_Add' is clicked on

2018-05-11 10:39:19 - [TEST_STEP][PASSED] - selectOptionByIndex: All options with index in [5] are selected on object 'Object Repository/MOH AND GRN/Page_KDMC - CMS/select_--Select--Schedule 1Inj'

2018-05-11 10:39:19 - [MESSAGE][PASSED] - All options with index in [5] are selected on object 'Object Repository/MOH AND GRN/Page_KDMC - CMS/select_--Select--Schedule 1Inj'

2018-05-11 10:39:19 - [TEST_STEP][PASSED] - selectOptionByIndex: All options with index in [13] are selected on object 'Object Repository/MOH AND GRN/Page_KDMC - CMS/select_--Select--Adernaline 0.'

2018-05-11 10:39:19 - [MESSAGE][PASSED] - All options with index in [13] are selected on object 'Object Repository/MOH AND GRN/Page_KDMC - CMS/select_--Select--Adernaline 0.'

2018-05-11 10:39:19 - [TEST_STEP][PASSED] - setText: Text '5000' is set on object 'Object Repository/MOH AND GRN/Page_KDMC - CMS/input_txttreat'

2018-05-11 10:39:19 - [MESSAGE][PASSED] - Text '5000' is set on object 'Object Repository/MOH AND GRN/Page_KDMC - CMS/input_txttreat'

2018-05-11 10:39:19 - [TEST_STEP][PASSED] - click: Object: 'Object Repository/MOH AND GRN/Page_KDMC - CMS/button_Add' is clicked on

2018-05-11 10:39:19 - [MESSAGE][PASSED] - Object: 'Object Repository/MOH AND GRN/Page_KDMC - CMS/button_Add' is clicked on

2018-05-11 10:39:19 - [TEST_STEP][PASSED] - selectOptionByIndex: All options with index in [5] are selected on object 'Object Repository/MOH AND GRN/Page_KDMC - CMS/select_--Select--Schedule 1Inj'

2018-05-11 10:39:19 - [MESSAGE][PASSED] - All options with index in [5] are selected on object 'Object Repository/MOH AND GRN/Page_KDMC - CMS/select_--Select--Schedule 1Inj'

2018-05-11 10:39:19 - [TEST_STEP][PASSED] - selectOptionByIndex: All options with index in [14] are selected on object 'Object Repository/MOH AND GRN/Page_KDMC - CMS/select_--Select--Adernaline 0.'

2018-05-11 10:39:20 - [MESSAGE][PASSED] - All options with index in [14] are selected on object 'Object Repository/MOH AND GRN/Page_KDMC - CMS/select_--Select--Adernaline 0.'

2018-05-11 10:39:20 - [TEST_STEP][PASSED] - setText: Text '5000' is set on object 'Object Repository/MOH AND GRN/Page_KDMC - CMS/input_txttreat'

2018-05-11 10:39:20 - [MESSAGE][PASSED] - Text '5000' is set on object 'Object Repository/MOH AND GRN/Page_KDMC - CMS/input_txttreat'

2018-05-11 10:39:20 - [TEST_STEP][PASSED] - click: Object: 'Object Repository/MOH AND GRN/Page_KDMC - CMS/button_Add' is clicked on

2018-05-11 10:39:20 - [MESSAGE][PASSED] - Object: 'Object Repository/MOH AND GRN/Page_KDMC - CMS/button_Add' is clicked on

2018-05-11 10:39:20 - [TEST_STEP][PASSED] - selectOptionByIndex: All options with index in [5] are selected on object 'Object Repository/MOH AND GRN/Page_KDMC - CMS/select_--Select--Schedule 1Inj'

2018-05-11 10:39:20 - [MESSAGE][PASSED] - All options with index in [5] are selected on object 'Object Repository/MOH AND GRN/Page_KDMC - CMS/select_--Select--Schedule 1Inj'

2018-05-11 10:39:20 - [TEST_STEP][PASSED] - selectOptionByIndex: All options with index in [15] are selected on object 'Object Repository/MOH AND GRN/Page_KDMC - CMS/select_--Select--Adernaline 0.'

2018-05-11 10:39:20 - [MESSAGE][PASSED] - All options with index in [15] are selected on object 'Object Repository/MOH AND GRN/Page_KDMC - CMS/select_--Select--Adernaline 0.'

2018-05-11 10:39:20 - [TEST_STEP][PASSED] - setText: Text '5000' is set on object 'Object Repository/MOH AND GRN/Page_KDMC - CMS/input_txttreat'

2018-05-11 10:39:20 - [MESSAGE][PASSED] - Text '5000' is set on object 'Object Repository/MOH AND GRN/Page_KDMC - CMS/input_txttreat'

2018-05-11 10:39:20 - [TEST_STEP][PASSED] - click: Object: 'Object Repository/MOH AND GRN/Page_KDMC - CMS/button_Add' is clicked on

2018-05-11 10:39:20 - [MESSAGE][PASSED] - Object: 'Object Repository/MOH AND GRN/Page_KDMC - CMS/button_Add' is clicked on

2018-05-11 10:39:20 - [TEST_STEP][PASSED] - selectOptionByIndex: All options with index in [5] are selected on object 'Object Repository/MOH AND GRN/Page_KDMC - CMS/select_--Select--Schedule 1Inj'

2018-05-11 10:39:21 - [MESSAGE][PASSED] - All options with index in [5] are selected on object 'Object Repository/MOH AND GRN/Page_KDMC - CMS/select_--Select--Schedule 1Inj'

2018-05-11 10:39:21 - [TEST_STEP][PASSED] - selectOptionByIndex: All options with index in [16] are selected on object 'Object Repository/MOH AND GRN/Page_KDMC - CMS/select_--Select--Adernaline 0.'

2018-05-11 10:39:21 - [MESSAGE][PASSED] - All options with index in [16] are selected on object 'Object Repository/MOH AND GRN/Page_KDMC - CMS/select_--Select--Adernaline 0.'

2018-05-11 10:39:21 - [TEST_STEP][PASSED] - setText: Text '5000' is set on object 'Object Repository/MOH AND GRN/Page_KDMC - CMS/input_txttreat'

2018-05-11 10:39:21 - [MESSAGE][PASSED] - Text '5000' is set on object 'Object Repository/MOH AND GRN/Page_KDMC - CMS/input_txttreat'

2018-05-11 10:39:21 - [TEST_STEP][PASSED] - click: Object: 'Object Repository/MOH AND GRN/Page_KDMC - CMS/button_Add' is clicked on

2018-05-11 10:39:21 - [MESSAGE][PASSED] - Object: 'Object Repository/MOH AND GRN/Page_KDMC - CMS/button_Add' is clicked on

2018-05-11 10:39:21 - [TEST_STEP][PASSED] - scrollToElement: Scroll to object 'Object Repository/MOH AND GRN/Page_KDMC - CMS/input_btnsave' successfully

2018-05-11 10:39:21 - [MESSAGE][PASSED] - Scroll to object 'Object Repository/MOH AND GRN/Page_KDMC - CMS/input_btnsave' successfully

2018-05-11 10:39:21 - [TEST_STEP][PASSED] - click: Object: 'Object Repository/MOH AND GRN/Page_KDMC - CMS/input_btnsave' is clicked on

2018-05-11 10:39:21 - [MESSAGE][PASSED] - Object: 'Object Repository/MOH AND GRN/Page_KDMC - CMS/input_btnsave' is clicked on

2018-05-11 10:39:21 - [TEST_STEP][PASSED] - delay: Delayed 3 second(s)

2018-05-11 10:39:24 - [MESSAGE][PASSED] - Delayed 3 second(s)

2018-05-11 10:39:24 - [TEST_STEP][PASSED] - Statement - Request1 = com.kms.katalon.core.webui.keyword.WebUiBuiltInKeywords.getText(com.kms.katalon.core.testobject.ObjectRepository.findTestObject(MOH AND GRN/Page_KDMC - CMS/font_PRNO0505201876)): Text of object 'Object Repository/MOH AND GRN/Page_KDMC - CMS/font_PRNO0505201876' is: 'PRNO/11052018/210'

2018-05-11 10:39:24 - [MESSAGE][PASSED] - Text of object 'Object Repository/MOH AND GRN/Page_KDMC - CMS/font_PRNO0505201876' is: 'PRNO/11052018/210'

2018-05-11 10:39:24 - [TEST_STEP][PASSED] - Statement - out.println("Length OF The Medicine " + Request1): null

2018-05-11 10:39:24 - [TEST_STEP][PASSED] - Statement - RequestNUmber = Request1.split("/")[2].trim(): null

2018-05-11 10:39:24 - [TEST_STEP][PASSED] - Statement - out.println("ID IS " + RequestNUmber): null

2018-05-11 10:39:24 - [TEST_STEP][PASSED] - delay: Delayed 3 second(s)

2018-05-11 10:39:27 - [MESSAGE][PASSED] - Delayed 3 second(s)

2018-05-11 10:39:27 - [TEST_STEP][PASSED] - click: Object: 'Object Repository/MOH AND GRN/Page_KDMC - CMS/button_OK' is clicked on

2018-05-11 10:39:28 - [MESSAGE][PASSED] - Object: 'Object Repository/MOH AND GRN/Page_KDMC - CMS/button_OK' is clicked on

2018-05-11 10:39:28 - [TEST_STEP][PASSED] - click: Object: 'Object Repository/MOH AND GRN/Page_KDMC - CMS/a_dropdown-toggle' is clicked on

2018-05-11 10:39:29 - [MESSAGE][PASSED] - Object: 'Object Repository/MOH AND GRN/Page_KDMC - CMS/a_dropdown-toggle' is clicked on

2018-05-11 10:39:29 - [TEST_STEP][PASSED] - click: Object: 'Object Repository/MOH AND GRN/Page_KDMC - CMS/a_Sign out' is clicked on

2018-05-11 10:39:29 - [MESSAGE][PASSED] - Object: 'Object Repository/MOH AND GRN/Page_KDMC - CMS/a_Sign out' is clicked on

2018-05-11 10:39:29 - [TEST_STEP][PASSED] - delay: Delayed 4 second(s)

2018-05-11 10:39:33 - [MESSAGE][PASSED] - Delayed 4 second(s)

2018-05-11 10:39:33 - [TEST_STEP][PASSED] - click: Object: 'Object Repository/MOH AND GRN/Page_KDMC/a_Admin Master' is clicked on

2018-05-11 10:39:34 - [MESSAGE][PASSED] - Object: 'Object Repository/MOH AND GRN/Page_KDMC/a_Admin Master' is clicked on

2018-05-11 10:39:34 - [TEST_STEP][PASSED] - setText: Text 'admin' is set on object 'Object Repository/MOH AND GRN/Page_Admin login/input_txtusername'

2018-05-11 10:39:34 - [MESSAGE][PASSED] - Text 'admin' is set on object 'Object Repository/MOH AND GRN/Page_Admin login/input_txtusername'

2018-05-11 10:39:34 - [TEST_STEP][PASSED] - setText: Text 'admin123' is set on object 'Object Repository/MOH AND GRN/Page_Admin login/input_txtpassword'

2018-05-11 10:39:34 - [MESSAGE][PASSED] - Text 'admin123' is set on object 'Object Repository/MOH AND GRN/Page_Admin login/input_txtpassword'

2018-05-11 10:39:34 - [TEST_STEP][PASSED] - delay: Delayed 3 second(s)

2018-05-11 10:39:37 - [MESSAGE][PASSED] - Delayed 3 second(s)

2018-05-11 10:39:37 - [TEST_STEP][PASSED] - click: Object: 'Object Repository/MOH AND GRN/Page_Admin login/button_Sign in' is clicked on

2018-05-11 10:39:39 - [MESSAGE][PASSED] - Object: 'Object Repository/MOH AND GRN/Page_Admin login/button_Sign in' is clicked on

2018-05-11 10:39:39 - [TEST_STEP][PASSED] - delay: Delayed 20 second(s)

2018-05-11 10:39:59 - [MESSAGE][PASSED] - Delayed 20 second(s)

2018-05-11 10:39:59 - [TEST_STEP][PASSED] - scrollToPosition: Browser is scrolled to position x = 200, y = 200

2018-05-11 10:39:59 - [MESSAGE][PASSED] - Browser is scrolled to position x = 200, y = 200

2018-05-11 10:39:59 - [TEST_STEP][PASSED] - click: Object: 'Object Repository/MOH AND GRN/Page_KDMC/a_CMS_1' is clicked on

2018-05-11 10:39:59 - [MESSAGE][PASSED] - Object: 'Object Repository/MOH AND GRN/Page_KDMC/a_CMS_1' is clicked on

2018-05-11 10:39:59 - [TEST_STEP][PASSED] - click: Object: 'Object Repository/MOH AND GRN/Page_KDMC/a_Request List' is clicked on

2018-05-11 10:40:00 - [MESSAGE][PASSED] - Object: 'Object Repository/MOH AND GRN/Page_KDMC/a_Request List' is clicked on

2018-05-11 10:40:00 - [TEST_STEP][PASSED] - Statement - RequestNumberId = com.kms.katalon.core.webui.keyword.WebUiBuiltInKeywords.modifyObjectProperty(com.kms.katalon.core.testobject.ObjectRepository.findTestObject(MOH AND GRN/Page_KDMC - CMS/input_PO0032), "xpath", "equals", "//*[@id =" + RequestNUmber + "]", true): Modify property of object successfully

2018-05-11 10:40:00 - [MESSAGE][PASSED] - Modify property of object successfully

2018-05-11 10:40:00 - [TEST_STEP][PASSED] - click: Object: 'Object Repository/MOH AND GRN/Page_KDMC - CMS/input_PO0032' is clicked on

2018-05-11 10:40:00 - [MESSAGE][PASSED] - Object: 'Object Repository/MOH AND GRN/Page_KDMC - CMS/input_PO0032' is clicked on

2018-05-11 10:40:00 - [TEST_STEP][PASSED] - delay: Delayed 3 second(s)

2018-05-11 10:40:03 - [MESSAGE][PASSED] - Delayed 3 second(s)

2018-05-11 10:40:03 - [TEST_STEP][PASSED] - selectOptionByIndex: All options with index in [1] are selected on object 'Object Repository/MOH AND GRN/Page_KDMC/select_--Select--'

2018-05-11 10:40:03 - [MESSAGE][PASSED] - All options with index in [1] are selected on object 'Object Repository/MOH AND GRN/Page_KDMC/select_--Select--'

2018-05-11 10:40:03 - [TEST_STEP][PASSED] - click: Object: 'Object Repository/MOH AND GRN/Page_KDMC/input_btnupdate' is clicked on

2018-05-11 10:40:03 - [MESSAGE][PASSED] - Object: 'Object Repository/MOH AND GRN/Page_KDMC/input_btnupdate' is clicked on

2018-05-11 10:40:03 - [TEST_STEP][PASSED] - delay: Delayed 3 second(s)

2018-05-11 10:40:06 - [MESSAGE][PASSED] - Delayed 3 second(s)

2018-05-11 10:40:06 - [TEST_STEP][PASSED] - click: Object: 'Object Repository/MOH AND GRN/Page_KDMC/button_OK' is clicked on

2018-05-11 10:40:07 - [MESSAGE][PASSED] - Object: 'Object Repository/MOH AND GRN/Page_KDMC/button_OK' is clicked on

2018-05-11 10:40:07 - [TEST_STEP][PASSED] - delay: Delayed 3 second(s)

2018-05-11 10:40:10 - [MESSAGE][PASSED] - Delayed 3 second(s)

2018-05-11 10:40:10 - [TEST_STEP][PASSED] - scrollToPosition: Browser is scrolled to position x = 200, y = 200

2018-05-11 10:40:10 - [MESSAGE][PASSED] - Browser is scrolled to position x = 200, y = 200

2018-05-11 10:40:10 - [TEST_STEP][PASSED] - click: Object: 'Object Repository/MOH AND GRN/Page_KDMC/a_CMS_2' is clicked on

2018-05-11 10:40:10 - [MESSAGE][PASSED] - Object: 'Object Repository/MOH AND GRN/Page_KDMC/a_CMS_2' is clicked on

2018-05-11 10:40:10 - [TEST_STEP][PASSED] - delay: Delayed 2 second(s)

2018-05-11 10:40:12 - [MESSAGE][PASSED] - Delayed 2 second(s)

2018-05-11 10:40:12 - [TEST_STEP][PASSED] - click: Object: 'Object Repository/MOH AND GRN/Page_KDMC/a_Generate P.O' is clicked on

2018-05-11 10:40:13 - [MESSAGE][PASSED] - Object: 'Object Repository/MOH AND GRN/Page_KDMC/a_Generate P.O' is clicked on

2018-05-11 10:40:13 - [TEST_STEP][PASSED] - delay: Delayed 2 second(s)

2018-05-11 10:40:15 - [MESSAGE][PASSED] - Delayed 2 second(s)

2018-05-11 10:40:15 - [TEST_STEP][PASSED] - selectOptionByIndex: All options with index in [1] are selected on object 'Object Repository/MOH AND GRN/Page_KDMC/select_--Select--PRNO040520183'

2018-05-11 10:40:15 - [MESSAGE][PASSED] - All options with index in [1] are selected on object 'Object Repository/MOH AND GRN/Page_KDMC/select_--Select--PRNO040520183'

2018-05-11 10:40:15 - [TEST_STEP][PASSED] - selectOptionByIndex: All options with index in [7] are selected on object 'Object Repository/MOH AND GRN/Page_KDMC/select_--Select--Hamen Chandra'

2018-05-11 10:40:15 - [MESSAGE][PASSED] - All options with index in [7] are selected on object 'Object Repository/MOH AND GRN/Page_KDMC/select_--Select--Hamen Chandra'

2018-05-11 10:40:15 - [TEST_STEP][PASSED] - Statement - PONumber = com.kms.katalon.core.webui.keyword.WebUiBuiltInKeywords.getText(com.kms.katalon.core.testobject.ObjectRepository.findTestObject(MOH AND GRN/Page_KDMC/input_lblpono)).trim(): Text of object 'Object Repository/MOH AND GRN/Page_KDMC/input_lblpono' is: ''

2018-05-11 10:40:15 - [MESSAGE][PASSED] - Text of object 'Object Repository/MOH AND GRN/Page_KDMC/input_lblpono' is: ''

2018-05-11 10:40:15 - [TEST_STEP][PASSED] - Statement - PONumber1 = com.kms.katalon.core.webui.keyword.WebUiBuiltInKeywords.getAttribute(com.kms.katalon.core.testobject.ObjectRepository.findTestObject(MOH AND GRN/Page_KDMC/input_lblpono), "value").trim(): Attribute 'value' of object 'Object Repository/MOH AND GRN/Page_KDMC/input_lblpono' is: 'PO0094'

2018-05-11 10:40:15 - [MESSAGE][PASSED] - Attribute 'value' of object 'Object Repository/MOH AND GRN/Page_KDMC/input_lblpono' is: 'PO0094'

2018-05-11 10:40:15 - [TEST_STEP][PASSED] - Statement - out.println("PO NUMBER :" + PONumber): null

2018-05-11 10:40:15 - [TEST_STEP][PASSED] - Statement - out.println("PO NUMBER :" + PONumber1): null

2018-05-11 10:40:15 - [TEST_STEP][PASSED] - click: Object: 'Object Repository/MOH AND GRN/Page_KDMC/input_chkrem' is clicked on

2018-05-11 10:40:15 - [MESSAGE][PASSED] - Object: 'Object Repository/MOH AND GRN/Page_KDMC/input_chkrem' is clicked on

2018-05-11 10:40:15 - [TEST_STEP][PASSED] - scrollToElement: Scroll to object 'Object Repository/MOH AND GRN/Page_KDMC/input_btnreturn' successfully

2018-05-11 10:40:15 - [MESSAGE][PASSED] - Scroll to object 'Object Repository/MOH AND GRN/Page_KDMC/input_btnreturn' successfully

2018-05-11 10:40:15 - [TEST_STEP][PASSED] - click: Object: 'Object Repository/MOH AND GRN/Page_KDMC/input_btnreturn' is clicked on

2018-05-11 10:40:15 - [MESSAGE][PASSED] - Object: 'Object Repository/MOH AND GRN/Page_KDMC/input_btnreturn' is clicked on

2018-05-11 10:40:15 - [TEST_STEP][PASSED] - delay: Delayed 3 second(s)

2018-05-11 10:40:18 - [MESSAGE][PASSED] - Delayed 3 second(s)

2018-05-11 10:40:18 - [TEST_STEP][PASSED] - click: Object: 'Object Repository/MOH AND GRN/Page_KDMC/button_Yes' is clicked on

2018-05-11 10:40:18 - [MESSAGE][PASSED] - Object: 'Object Repository/MOH AND GRN/Page_KDMC/button_Yes' is clicked on

2018-05-11 10:40:18 - [TEST_STEP][PASSED] - delay: Delayed 3 second(s)

2018-05-11 10:40:21 - [MESSAGE][PASSED] - Delayed 3 second(s)

2018-05-11 10:40:21 - [TEST_STEP][PASSED] - click: Object: 'Object Repository/MOH AND GRN/Page_KDMC/button_OK' is clicked on

2018-05-11 10:40:22 - [MESSAGE][PASSED] - Object: 'Object Repository/MOH AND GRN/Page_KDMC/button_OK' is clicked on

2018-05-11 10:40:22 - [TEST_STEP][PASSED] - delay: Delayed 3 second(s)

2018-05-11 10:40:25 - [MESSAGE][PASSED] - Delayed 3 second(s)

2018-05-11 10:40:25 - [TEST_STEP][PASSED] - click: Object: 'Object Repository/MOH AND GRN/Page_KDMC/a_dropdown-toggle' is clicked on

2018-05-11 10:40:26 - [MESSAGE][PASSED] - Object: 'Object Repository/MOH AND GRN/Page_KDMC/a_dropdown-toggle' is clicked on

2018-05-11 10:40:26 - [TEST_STEP][PASSED] - click: Object: 'Object Repository/MOH AND GRN/Page_KDMC/a_Sign out' is clicked on

2018-05-11 10:40:26 - [MESSAGE][PASSED] - Object: 'Object Repository/MOH AND GRN/Page_KDMC/a_Sign out' is clicked on

2018-05-11 10:40:26 - [TEST_STEP][PASSED] - delay: Delayed 4 second(s)

2018-05-11 10:40:30 - [MESSAGE][PASSED] - Delayed 4 second(s)

2018-05-11 10:40:30 - [TEST_STEP][PASSED] - click: Object: 'Object Repository/MOH AND GRN/Page_KDMC/a_CMS' is clicked on

2018-05-11 10:40:31 - [MESSAGE][PASSED] - Object: 'Object Repository/MOH AND GRN/Page_KDMC/a_CMS' is clicked on

2018-05-11 10:40:31 - [TEST_STEP][PASSED] - setText: Text 'bala' is set on object 'Object Repository/MOH AND GRN/Page_CMS login/input_txtusername'

2018-05-11 10:40:31 - [MESSAGE][PASSED] - Text 'bala' is set on object 'Object Repository/MOH AND GRN/Page_CMS login/input_txtusername'

2018-05-11 10:40:31 - [TEST_STEP][PASSED] - setText: Text '123' is set on object 'Object Repository/MOH AND GRN/Page_CMS login/input_txtpassword'

2018-05-11 10:40:31 - [MESSAGE][PASSED] - Text '123' is set on object 'Object Repository/MOH AND GRN/Page_CMS login/input_txtpassword'

2018-05-11 10:40:31 - [TEST_STEP][PASSED] - delay: Delayed 3 second(s)

2018-05-11 10:40:34 - [MESSAGE][PASSED] - Delayed 3 second(s)

2018-05-11 10:40:34 - [TEST_STEP][PASSED] - click: Object: 'Object Repository/MOH AND GRN/Page_CMS login/button_Sign in' is clicked on

2018-05-11 10:40:35 - [MESSAGE][PASSED] - Object: 'Object Repository/MOH AND GRN/Page_CMS login/button_Sign in' is clicked on

2018-05-11 10:40:35 - [TEST_STEP][PASSED] - click: Object: 'Object Repository/MOH AND GRN/Page_KDMC - CMS/a_CMS Details' is clicked on

2018-05-11 10:40:35 - [MESSAGE][PASSED] - Object: 'Object Repository/MOH AND GRN/Page_KDMC - CMS/a_CMS Details' is clicked on

2018-05-11 10:40:35 - [TEST_STEP][PASSED] - delay: Delayed 2 second(s)

2018-05-11 10:40:37 - [MESSAGE][PASSED] - Delayed 2 second(s)

2018-05-11 10:40:37 - [TEST_STEP][PASSED] - click: Object: 'Object Repository/MOH AND GRN/Page_KDMC - CMS/a_Goods Receive' is clicked on

2018-05-11 10:40:37 - [MESSAGE][PASSED] - Object: 'Object Repository/MOH AND GRN/Page_KDMC - CMS/a_Goods Receive' is clicked on

2018-05-11 10:40:37 - [TEST_STEP][PASSED] - delay: Delayed 2 second(s)

2018-05-11 10:40:39 - [MESSAGE][PASSED] - Delayed 2 second(s)

2018-05-11 10:40:39 - [TEST_STEP][PASSED] - selectOptionByLabel: All options with label 'PO0094' are selected in object 'Object Repository/MOH AND GRN/Page_KDMC - CMS/select_--Select--PO0032PO0031P' 

2018-05-11 10:40:39 - [MESSAGE][PASSED] - All options with label 'PO0094' are selected in object 'Object Repository/MOH AND GRN/Page_KDMC - CMS/select_--Select--PO0032PO0031P' 

2018-05-11 10:40:39 - [TEST_STEP][PASSED] - setText: Finding Test Object with id 'Object Repository/MOH AND GRN/Page_KDMC - CMS/input_txtgrnno'

2018-05-11 10:40:39 - [TEST_STEP][PASSED] - Statement - switch (id): Text 'INV387.0' is set on object 'Object Repository/MOH AND GRN/Page_KDMC - CMS/input_txtgrnno'

2018-05-11 10:40:39 - [TEST_STEP][PASSED] - Statement - case 2:: Text 'INV387.0' is set on object 'Object Repository/MOH AND GRN/Page_KDMC - CMS/input_txtgrnno'

2018-05-11 10:40:39 - [TEST_STEP][PASSED] - Statement - return (java.lang.Math.floor((java.lang.Math.random() * ((max - min) + 1))) + min): Text 'INV387.0' is set on object 'Object Repository/MOH AND GRN/Page_KDMC - CMS/input_txtgrnno'

2018-05-11 10:40:40 - [MESSAGE][PASSED] - Text 'INV387.0' is set on object 'Object Repository/MOH AND GRN/Page_KDMC - CMS/input_txtgrnno'

2018-05-11 10:40:40 - [TEST_STEP][PASSED] - selectOptionByIndex: All options with index in [1] are selected on object 'Object Repository/MOH AND GRN/Page_KDMC - CMS/select_--Select--PERUMAL PHARM'

2018-05-11 10:40:40 - [MESSAGE][PASSED] - All options with index in [1] are selected on object 'Object Repository/MOH AND GRN/Page_KDMC - CMS/select_--Select--PERUMAL PHARM'

2018-05-11 10:40:40 - [TEST_STEP][PASSED] - setText: Text '12500' is set on object 'Object Repository/MOH AND GRN/Page_KDMC - CMS/input_txtgrnno_1'

2018-05-11 10:40:40 - [MESSAGE][PASSED] - Text '12500' is set on object 'Object Repository/MOH AND GRN/Page_KDMC - CMS/input_txtgrnno_1'

2018-05-11 10:40:40 - [TEST_STEP][PASSED] - setText: Text '200' is set on object 'Object Repository/MOH AND GRN/Page_KDMC - CMS/input_txtgrnno_2'

2018-05-11 10:40:40 - [MESSAGE][PASSED] - Text '200' is set on object 'Object Repository/MOH AND GRN/Page_KDMC - CMS/input_txtgrnno_2'

2018-05-11 10:40:40 - [TEST_STEP][PASSED] - setText: Finding Test Object with id 'Object Repository/MOH AND GRN/Page_KDMC - CMS/input_txtgrnno_3'

2018-05-11 10:40:40 - [TEST_STEP][PASSED] - Statement - switch (id): Text 'CH244.0' is set on object 'Object Repository/MOH AND GRN/Page_KDMC - CMS/input_txtgrnno_3'

2018-05-11 10:40:40 - [TEST_STEP][PASSED] - Statement - case 3:: Text 'CH244.0' is set on object 'Object Repository/MOH AND GRN/Page_KDMC - CMS/input_txtgrnno_3'

2018-05-11 10:40:40 - [TEST_STEP][PASSED] - Statement - return (java.lang.Math.floor((java.lang.Math.random() * ((max - min) + 1))) + min): Text 'CH244.0' is set on object 'Object Repository/MOH AND GRN/Page_KDMC - CMS/input_txtgrnno_3'

2018-05-11 10:40:40 - [MESSAGE][PASSED] - Text 'CH244.0' is set on object 'Object Repository/MOH AND GRN/Page_KDMC - CMS/input_txtgrnno_3'

2018-05-11 10:40:40 - [TEST_STEP][PASSED] - scrollToPosition: Browser is scrolled to position x = 200, y = 200

2018-05-11 10:40:40 - [MESSAGE][PASSED] - Browser is scrolled to position x = 200, y = 200

2018-05-11 10:40:40 - [TEST_STEP][PASSED] - Statement - GrnLength = com.kms.katalon.core.webui.keyword.WebUiBuiltInKeywords.getNumberOfTotalOption(com.kms.katalon.core.testobject.ObjectRepository.findTestObject(MOH AND GRN/Page_KDMC - CMS/select_--Select--Amikacin -500)): 17 options of object 'Object Repository/MOH AND GRN/Page_KDMC - CMS/select_--Select--Amikacin -500' counted

2018-05-11 10:40:40 - [MESSAGE][PASSED] - 17 options of object 'Object Repository/MOH AND GRN/Page_KDMC - CMS/select_--Select--Amikacin -500' counted

2018-05-11 10:40:40 - [TEST_STEP][PASSED] - Statement - out.println("Length OF The Medicine " + GrnLength): null

2018-05-11 10:40:40 - [TEST_STEP][PASSED] - Statement - s = 1: null

2018-05-11 10:40:40 - [TEST_STEP][PASSED] - Statement - For ([t = 1, t < GrnLength, (t++)]): Finding Test Object with id 'Object Repository/MOH AND GRN/Page_KDMC - CMS/input_txtmrp'

2018-05-11 10:40:40 - [TEST_STEP][PASSED] - selectOptionByIndex: All options with index in [1] are selected on object 'Object Repository/MOH AND GRN/Page_KDMC - CMS/select_--Select--Amikacin -500'

2018-05-11 10:40:40 - [MESSAGE][PASSED] - All options with index in [1] are selected on object 'Object Repository/MOH AND GRN/Page_KDMC - CMS/select_--Select--Amikacin -500'

2018-05-11 10:40:40 - [TEST_STEP][PASSED] - setText: Text '5000' is set on object 'Object Repository/MOH AND GRN/Page_KDMC - CMS/input_txtqty'

2018-05-11 10:40:40 - [MESSAGE][PASSED] - Text '5000' is set on object 'Object Repository/MOH AND GRN/Page_KDMC - CMS/input_txtqty'

2018-05-11 10:40:40 - [TEST_STEP][PASSED] - selectOptionByIndex: All options with index in [1] are selected on object 'Object Repository/MOH AND GRN/Page_KDMC - CMS/select_--Select--No Tax0'

2018-05-11 10:40:41 - [MESSAGE][PASSED] - All options with index in [1] are selected on object 'Object Repository/MOH AND GRN/Page_KDMC - CMS/select_--Select--No Tax0'

2018-05-11 10:40:41 - [TEST_STEP][PASSED] - setText: Finding Test Object with id 'Object Repository/MOH AND GRN/Page_KDMC - CMS/input_txtmrp'

2018-05-11 10:40:41 - [TEST_STEP][PASSED] - Statement - switch (id): Finding Test Object with id 'Object Repository/MOH AND GRN/Page_KDMC - CMS/input_txtdeal'

2018-05-11 10:40:41 - [TEST_STEP][PASSED] - Statement - case 4:: Text '43.0' is set on object 'Object Repository/MOH AND GRN/Page_KDMC - CMS/input_txtmrp'

2018-05-11 10:40:41 - [TEST_STEP][PASSED] - Statement - return (java.lang.Math.floor((java.lang.Math.random() * ((max - min) + 1))) + min): Text '43.0' is set on object 'Object Repository/MOH AND GRN/Page_KDMC - CMS/input_txtmrp'

2018-05-11 10:40:41 - [MESSAGE][PASSED] - Text '43.0' is set on object 'Object Repository/MOH AND GRN/Page_KDMC - CMS/input_txtmrp'

2018-05-11 10:40:41 - [TEST_STEP][PASSED] - setText: Finding Test Object with id 'Object Repository/MOH AND GRN/Page_KDMC - CMS/input_txtdeal'

2018-05-11 10:40:41 - [TEST_STEP][PASSED] - Statement - switch (id): Finding Test Object with id 'Object Repository/MOH AND GRN/Page_KDMC - CMS/input_txtbatchno'

2018-05-11 10:40:41 - [TEST_STEP][PASSED] - Statement - case 5:: Text '9.0' is set on object 'Object Repository/MOH AND GRN/Page_KDMC - CMS/input_txtdeal'

2018-05-11 10:40:41 - [TEST_STEP][PASSED] - Statement - return (java.lang.Math.floor((java.lang.Math.random() * ((max - min) + 1))) + min): Text '9.0' is set on object 'Object Repository/MOH AND GRN/Page_KDMC - CMS/input_txtdeal'

2018-05-11 10:40:41 - [MESSAGE][PASSED] - Text '9.0' is set on object 'Object Repository/MOH AND GRN/Page_KDMC - CMS/input_txtdeal'

2018-05-11 10:40:41 - [TEST_STEP][PASSED] - setText: Finding Test Object with id 'Object Repository/MOH AND GRN/Page_KDMC - CMS/input_txtbatchno'

2018-05-11 10:40:41 - [TEST_STEP][PASSED] - Statement - switch (id): Finding Test Object with id 'Object Repository/MOH AND GRN/Page_KDMC - CMS/input_txtmrp'

2018-05-11 10:40:41 - [TEST_STEP][PASSED] - Statement - case 1:: Text 'BA848.0' is set on object 'Object Repository/MOH AND GRN/Page_KDMC - CMS/input_txtbatchno'

2018-05-11 10:40:41 - [TEST_STEP][PASSED] - Statement - return (java.lang.Math.floor((java.lang.Math.random() * ((max - min) + 1))) + min): Text 'BA848.0' is set on object 'Object Repository/MOH AND GRN/Page_KDMC - CMS/input_txtbatchno'

2018-05-11 10:40:41 - [MESSAGE][PASSED] - Text 'BA848.0' is set on object 'Object Repository/MOH AND GRN/Page_KDMC - CMS/input_txtbatchno'

2018-05-11 10:40:41 - [TEST_STEP][PASSED] - rightClick: Object: 'Object Repository/GRN/Page_KDMC - CMS/input_txtexpdate' is right clicked on

2018-05-11 10:40:41 - [MESSAGE][PASSED] - Object: 'Object Repository/GRN/Page_KDMC - CMS/input_txtexpdate' is right clicked on

2018-05-11 10:40:41 - [TEST_STEP][PASSED] - selectOptionByIndex: All options with index in [1] are selected on object 'Object Repository/GRN/Page_KDMC - CMS/select_20182019202020212022202'

2018-05-11 10:40:41 - [MESSAGE][PASSED] - All options with index in [1] are selected on object 'Object Repository/GRN/Page_KDMC - CMS/select_20182019202020212022202'

2018-05-11 10:40:41 - [TEST_STEP][PASSED] - selectOptionByIndex: All options with index in [1] are selected on object 'Object Repository/GRN/Page_KDMC - CMS/select_JanFebMarAprMayJunJulAu'

2018-05-11 10:40:41 - [MESSAGE][PASSED] - All options with index in [1] are selected on object 'Object Repository/GRN/Page_KDMC - CMS/select_JanFebMarAprMayJunJulAu'

2018-05-11 10:40:41 - [TEST_STEP][PASSED] - click: Object: 'Object Repository/MOH AND GRN/Page_KDMC - CMS/a_12' is clicked on

2018-05-11 10:40:41 - [MESSAGE][PASSED] - Object: 'Object Repository/MOH AND GRN/Page_KDMC - CMS/a_12' is clicked on

2018-05-11 10:40:41 - [TEST_STEP][PASSED] - click: Object: 'Object Repository/MOH AND GRN/Page_KDMC - CMS/input_btnadd' is clicked on

2018-05-11 10:40:41 - [MESSAGE][PASSED] - Object: 'Object Repository/MOH AND GRN/Page_KDMC - CMS/input_btnadd' is clicked on

2018-05-11 10:40:41 - [TEST_STEP][PASSED] - Statement - If (s == 10): null

2018-05-11 10:40:41 - [TEST_STEP][PASSED] - Statement - Else: null

2018-05-11 10:40:41 - [TEST_STEP][PASSED] - Statement - (s++): null

2018-05-11 10:40:41 - [TEST_STEP][PASSED] - delay: Delayed 1 second(s)

2018-05-11 10:40:42 - [MESSAGE][PASSED] - Delayed 1 second(s)

2018-05-11 10:40:42 - [TEST_STEP][PASSED] - selectOptionByIndex: All options with index in [2] are selected on object 'Object Repository/MOH AND GRN/Page_KDMC - CMS/select_--Select--Amikacin -500'

2018-05-11 10:40:43 - [MESSAGE][PASSED] - All options with index in [2] are selected on object 'Object Repository/MOH AND GRN/Page_KDMC - CMS/select_--Select--Amikacin -500'

2018-05-11 10:40:43 - [TEST_STEP][PASSED] - setText: Text '5000' is set on object 'Object Repository/MOH AND GRN/Page_KDMC - CMS/input_txtqty'

2018-05-11 10:40:43 - [MESSAGE][PASSED] - Text '5000' is set on object 'Object Repository/MOH AND GRN/Page_KDMC - CMS/input_txtqty'

2018-05-11 10:40:43 - [TEST_STEP][PASSED] - selectOptionByIndex: All options with index in [1] are selected on object 'Object Repository/MOH AND GRN/Page_KDMC - CMS/select_--Select--No Tax0'

2018-05-11 10:40:43 - [MESSAGE][PASSED] - All options with index in [1] are selected on object 'Object Repository/MOH AND GRN/Page_KDMC - CMS/select_--Select--No Tax0'

2018-05-11 10:40:43 - [TEST_STEP][PASSED] - setText: Finding Test Object with id 'Object Repository/MOH AND GRN/Page_KDMC - CMS/input_txtmrp'

2018-05-11 10:40:43 - [TEST_STEP][PASSED] - Statement - switch (id): Finding Test Object with id 'Object Repository/MOH AND GRN/Page_KDMC - CMS/input_txtdeal'

2018-05-11 10:40:43 - [TEST_STEP][PASSED] - Statement - case 4:: Text '26.0' is set on object 'Object Repository/MOH AND GRN/Page_KDMC - CMS/input_txtmrp'

2018-05-11 10:40:43 - [TEST_STEP][PASSED] - Statement - return (java.lang.Math.floor((java.lang.Math.random() * ((max - min) + 1))) + min): Text '26.0' is set on object 'Object Repository/MOH AND GRN/Page_KDMC - CMS/input_txtmrp'

2018-05-11 10:40:43 - [MESSAGE][PASSED] - Text '26.0' is set on object 'Object Repository/MOH AND GRN/Page_KDMC - CMS/input_txtmrp'

2018-05-11 10:40:43 - [TEST_STEP][PASSED] - setText: Finding Test Object with id 'Object Repository/MOH AND GRN/Page_KDMC - CMS/input_txtdeal'

2018-05-11 10:40:43 - [TEST_STEP][PASSED] - Statement - switch (id): Finding Test Object with id 'Object Repository/MOH AND GRN/Page_KDMC - CMS/input_txtbatchno'

2018-05-11 10:40:43 - [TEST_STEP][PASSED] - Statement - case 5:: Text '5.0' is set on object 'Object Repository/MOH AND GRN/Page_KDMC - CMS/input_txtdeal'

2018-05-11 10:40:43 - [TEST_STEP][PASSED] - Statement - return (java.lang.Math.floor((java.lang.Math.random() * ((max - min) + 1))) + min): Text '5.0' is set on object 'Object Repository/MOH AND GRN/Page_KDMC - CMS/input_txtdeal'

2018-05-11 10:40:43 - [MESSAGE][PASSED] - Text '5.0' is set on object 'Object Repository/MOH AND GRN/Page_KDMC - CMS/input_txtdeal'

2018-05-11 10:40:43 - [TEST_STEP][PASSED] - setText: Finding Test Object with id 'Object Repository/MOH AND GRN/Page_KDMC - CMS/input_txtbatchno'

2018-05-11 10:40:43 - [TEST_STEP][PASSED] - Statement - switch (id): Finding Test Object with id 'Object Repository/MOH AND GRN/Page_KDMC - CMS/input_txtmrp'

2018-05-11 10:40:43 - [TEST_STEP][PASSED] - Statement - case 1:: Text 'BA452.0' is set on object 'Object Repository/MOH AND GRN/Page_KDMC - CMS/input_txtbatchno'

2018-05-11 10:40:43 - [TEST_STEP][PASSED] - Statement - return (java.lang.Math.floor((java.lang.Math.random() * ((max - min) + 1))) + min): Text 'BA452.0' is set on object 'Object Repository/MOH AND GRN/Page_KDMC - CMS/input_txtbatchno'

2018-05-11 10:40:43 - [MESSAGE][PASSED] - Text 'BA452.0' is set on object 'Object Repository/MOH AND GRN/Page_KDMC - CMS/input_txtbatchno'

2018-05-11 10:40:43 - [TEST_STEP][PASSED] - rightClick: Object: 'Object Repository/GRN/Page_KDMC - CMS/input_txtexpdate' is right clicked on

2018-05-11 10:40:43 - [MESSAGE][PASSED] - Object: 'Object Repository/GRN/Page_KDMC - CMS/input_txtexpdate' is right clicked on

2018-05-11 10:40:43 - [TEST_STEP][PASSED] - selectOptionByIndex: All options with index in [2] are selected on object 'Object Repository/GRN/Page_KDMC - CMS/select_20182019202020212022202'

2018-05-11 10:40:43 - [MESSAGE][PASSED] - All options with index in [2] are selected on object 'Object Repository/GRN/Page_KDMC - CMS/select_20182019202020212022202'

2018-05-11 10:40:43 - [TEST_STEP][PASSED] - selectOptionByIndex: All options with index in [2] are selected on object 'Object Repository/GRN/Page_KDMC - CMS/select_JanFebMarAprMayJunJulAu'

2018-05-11 10:40:44 - [MESSAGE][PASSED] - All options with index in [2] are selected on object 'Object Repository/GRN/Page_KDMC - CMS/select_JanFebMarAprMayJunJulAu'

2018-05-11 10:40:44 - [TEST_STEP][PASSED] - click: Object: 'Object Repository/MOH AND GRN/Page_KDMC - CMS/a_12' is clicked on

2018-05-11 10:40:44 - [MESSAGE][PASSED] - Object: 'Object Repository/MOH AND GRN/Page_KDMC - CMS/a_12' is clicked on

2018-05-11 10:40:44 - [TEST_STEP][PASSED] - click: Object: 'Object Repository/MOH AND GRN/Page_KDMC - CMS/input_btnadd' is clicked on

2018-05-11 10:40:44 - [MESSAGE][PASSED] - Object: 'Object Repository/MOH AND GRN/Page_KDMC - CMS/input_btnadd' is clicked on

2018-05-11 10:40:44 - [TEST_STEP][PASSED] - Statement - If (s == 10): null

2018-05-11 10:40:44 - [TEST_STEP][PASSED] - Statement - Else: null

2018-05-11 10:40:44 - [TEST_STEP][PASSED] - Statement - (s++): null

2018-05-11 10:40:44 - [TEST_STEP][PASSED] - delay: Delayed 1 second(s)

2018-05-11 10:40:45 - [MESSAGE][PASSED] - Delayed 1 second(s)

2018-05-11 10:40:45 - [TEST_STEP][PASSED] - selectOptionByIndex: All options with index in [3] are selected on object 'Object Repository/MOH AND GRN/Page_KDMC - CMS/select_--Select--Amikacin -500'

2018-05-11 10:40:45 - [MESSAGE][PASSED] - All options with index in [3] are selected on object 'Object Repository/MOH AND GRN/Page_KDMC - CMS/select_--Select--Amikacin -500'

2018-05-11 10:40:45 - [TEST_STEP][PASSED] - setText: Text '5000' is set on object 'Object Repository/MOH AND GRN/Page_KDMC - CMS/input_txtqty'

2018-05-11 10:40:45 - [MESSAGE][PASSED] - Text '5000' is set on object 'Object Repository/MOH AND GRN/Page_KDMC - CMS/input_txtqty'

2018-05-11 10:40:45 - [TEST_STEP][PASSED] - selectOptionByIndex: All options with index in [1] are selected on object 'Object Repository/MOH AND GRN/Page_KDMC - CMS/select_--Select--No Tax0'

2018-05-11 10:40:45 - [MESSAGE][PASSED] - All options with index in [1] are selected on object 'Object Repository/MOH AND GRN/Page_KDMC - CMS/select_--Select--No Tax0'

2018-05-11 10:40:45 - [TEST_STEP][PASSED] - setText: Finding Test Object with id 'Object Repository/MOH AND GRN/Page_KDMC - CMS/input_txtmrp'

2018-05-11 10:40:45 - [TEST_STEP][PASSED] - Statement - switch (id): Finding Test Object with id 'Object Repository/MOH AND GRN/Page_KDMC - CMS/input_txtdeal'

2018-05-11 10:40:45 - [TEST_STEP][PASSED] - Statement - case 4:: Text '28.0' is set on object 'Object Repository/MOH AND GRN/Page_KDMC - CMS/input_txtmrp'

2018-05-11 10:40:45 - [TEST_STEP][PASSED] - Statement - return (java.lang.Math.floor((java.lang.Math.random() * ((max - min) + 1))) + min): Text '28.0' is set on object 'Object Repository/MOH AND GRN/Page_KDMC - CMS/input_txtmrp'

2018-05-11 10:40:45 - [MESSAGE][PASSED] - Text '28.0' is set on object 'Object Repository/MOH AND GRN/Page_KDMC - CMS/input_txtmrp'

2018-05-11 10:40:45 - [TEST_STEP][PASSED] - setText: Finding Test Object with id 'Object Repository/MOH AND GRN/Page_KDMC - CMS/input_txtdeal'

2018-05-11 10:40:45 - [TEST_STEP][PASSED] - Statement - switch (id): Finding Test Object with id 'Object Repository/MOH AND GRN/Page_KDMC - CMS/input_txtbatchno'

2018-05-11 10:40:45 - [TEST_STEP][PASSED] - Statement - case 5:: Text '6.0' is set on object 'Object Repository/MOH AND GRN/Page_KDMC - CMS/input_txtdeal'

2018-05-11 10:40:45 - [TEST_STEP][PASSED] - Statement - return (java.lang.Math.floor((java.lang.Math.random() * ((max - min) + 1))) + min): Text '6.0' is set on object 'Object Repository/MOH AND GRN/Page_KDMC - CMS/input_txtdeal'

2018-05-11 10:40:45 - [MESSAGE][PASSED] - Text '6.0' is set on object 'Object Repository/MOH AND GRN/Page_KDMC - CMS/input_txtdeal'

2018-05-11 10:40:45 - [TEST_STEP][PASSED] - setText: Finding Test Object with id 'Object Repository/MOH AND GRN/Page_KDMC - CMS/input_txtbatchno'

2018-05-11 10:40:45 - [TEST_STEP][PASSED] - Statement - switch (id): Finding Test Object with id 'Object Repository/MOH AND GRN/Page_KDMC - CMS/input_txtmrp'

2018-05-11 10:40:45 - [TEST_STEP][PASSED] - Statement - case 1:: Text 'BA910.0' is set on object 'Object Repository/MOH AND GRN/Page_KDMC - CMS/input_txtbatchno'

2018-05-11 10:40:45 - [TEST_STEP][PASSED] - Statement - return (java.lang.Math.floor((java.lang.Math.random() * ((max - min) + 1))) + min): Text 'BA910.0' is set on object 'Object Repository/MOH AND GRN/Page_KDMC - CMS/input_txtbatchno'

2018-05-11 10:40:45 - [MESSAGE][PASSED] - Text 'BA910.0' is set on object 'Object Repository/MOH AND GRN/Page_KDMC - CMS/input_txtbatchno'

2018-05-11 10:40:45 - [TEST_STEP][PASSED] - rightClick: Object: 'Object Repository/GRN/Page_KDMC - CMS/input_txtexpdate' is right clicked on

2018-05-11 10:40:45 - [MESSAGE][PASSED] - Object: 'Object Repository/GRN/Page_KDMC - CMS/input_txtexpdate' is right clicked on

2018-05-11 10:40:45 - [TEST_STEP][PASSED] - selectOptionByIndex: All options with index in [3] are selected on object 'Object Repository/GRN/Page_KDMC - CMS/select_20182019202020212022202'

2018-05-11 10:40:46 - [MESSAGE][PASSED] - All options with index in [3] are selected on object 'Object Repository/GRN/Page_KDMC - CMS/select_20182019202020212022202'

2018-05-11 10:40:46 - [TEST_STEP][PASSED] - selectOptionByIndex: All options with index in [3] are selected on object 'Object Repository/GRN/Page_KDMC - CMS/select_JanFebMarAprMayJunJulAu'

2018-05-11 10:40:46 - [MESSAGE][PASSED] - All options with index in [3] are selected on object 'Object Repository/GRN/Page_KDMC - CMS/select_JanFebMarAprMayJunJulAu'

2018-05-11 10:40:46 - [TEST_STEP][PASSED] - click: Object: 'Object Repository/MOH AND GRN/Page_KDMC - CMS/a_12' is clicked on

2018-05-11 10:40:46 - [MESSAGE][PASSED] - Object: 'Object Repository/MOH AND GRN/Page_KDMC - CMS/a_12' is clicked on

2018-05-11 10:40:46 - [TEST_STEP][PASSED] - click: Object: 'Object Repository/MOH AND GRN/Page_KDMC - CMS/input_btnadd' is clicked on

2018-05-11 10:40:46 - [MESSAGE][PASSED] - Object: 'Object Repository/MOH AND GRN/Page_KDMC - CMS/input_btnadd' is clicked on

2018-05-11 10:40:46 - [TEST_STEP][PASSED] - Statement - If (s == 10): null

2018-05-11 10:40:46 - [TEST_STEP][PASSED] - Statement - Else: null

2018-05-11 10:40:46 - [TEST_STEP][PASSED] - Statement - (s++): null

2018-05-11 10:40:46 - [TEST_STEP][PASSED] - delay: Delayed 1 second(s)

2018-05-11 10:40:47 - [MESSAGE][PASSED] - Delayed 1 second(s)

2018-05-11 10:40:47 - [TEST_STEP][PASSED] - selectOptionByIndex: All options with index in [4] are selected on object 'Object Repository/MOH AND GRN/Page_KDMC - CMS/select_--Select--Amikacin -500'

2018-05-11 10:40:47 - [MESSAGE][PASSED] - All options with index in [4] are selected on object 'Object Repository/MOH AND GRN/Page_KDMC - CMS/select_--Select--Amikacin -500'

2018-05-11 10:40:47 - [TEST_STEP][PASSED] - setText: Text '5000' is set on object 'Object Repository/MOH AND GRN/Page_KDMC - CMS/input_txtqty'

2018-05-11 10:40:47 - [MESSAGE][PASSED] - Text '5000' is set on object 'Object Repository/MOH AND GRN/Page_KDMC - CMS/input_txtqty'

2018-05-11 10:40:47 - [TEST_STEP][PASSED] - selectOptionByIndex: All options with index in [1] are selected on object 'Object Repository/MOH AND GRN/Page_KDMC - CMS/select_--Select--No Tax0'

2018-05-11 10:40:47 - [MESSAGE][PASSED] - All options with index in [1] are selected on object 'Object Repository/MOH AND GRN/Page_KDMC - CMS/select_--Select--No Tax0'

2018-05-11 10:40:47 - [TEST_STEP][PASSED] - setText: Finding Test Object with id 'Object Repository/MOH AND GRN/Page_KDMC - CMS/input_txtmrp'

2018-05-11 10:40:47 - [TEST_STEP][PASSED] - Statement - switch (id): Finding Test Object with id 'Object Repository/MOH AND GRN/Page_KDMC - CMS/input_txtdeal'

2018-05-11 10:40:47 - [TEST_STEP][PASSED] - Statement - case 4:: Text '28.0' is set on object 'Object Repository/MOH AND GRN/Page_KDMC - CMS/input_txtmrp'

2018-05-11 10:40:47 - [TEST_STEP][PASSED] - Statement - return (java.lang.Math.floor((java.lang.Math.random() * ((max - min) + 1))) + min): Text '28.0' is set on object 'Object Repository/MOH AND GRN/Page_KDMC - CMS/input_txtmrp'

2018-05-11 10:40:47 - [MESSAGE][PASSED] - Text '28.0' is set on object 'Object Repository/MOH AND GRN/Page_KDMC - CMS/input_txtmrp'

2018-05-11 10:40:47 - [TEST_STEP][PASSED] - setText: Finding Test Object with id 'Object Repository/MOH AND GRN/Page_KDMC - CMS/input_txtdeal'

2018-05-11 10:40:47 - [TEST_STEP][PASSED] - Statement - switch (id): Finding Test Object with id 'Object Repository/MOH AND GRN/Page_KDMC - CMS/input_txtbatchno'

2018-05-11 10:40:47 - [TEST_STEP][PASSED] - Statement - case 5:: Text '12.0' is set on object 'Object Repository/MOH AND GRN/Page_KDMC - CMS/input_txtdeal'

2018-05-11 10:40:47 - [TEST_STEP][PASSED] - Statement - return (java.lang.Math.floor((java.lang.Math.random() * ((max - min) + 1))) + min): Text '12.0' is set on object 'Object Repository/MOH AND GRN/Page_KDMC - CMS/input_txtdeal'

2018-05-11 10:40:47 - [MESSAGE][PASSED] - Text '12.0' is set on object 'Object Repository/MOH AND GRN/Page_KDMC - CMS/input_txtdeal'

2018-05-11 10:40:47 - [TEST_STEP][PASSED] - setText: Finding Test Object with id 'Object Repository/MOH AND GRN/Page_KDMC - CMS/input_txtbatchno'

2018-05-11 10:40:47 - [TEST_STEP][PASSED] - Statement - switch (id): Finding Test Object with id 'Object Repository/MOH AND GRN/Page_KDMC - CMS/input_txtmrp'

2018-05-11 10:40:47 - [TEST_STEP][PASSED] - Statement - case 1:: Text 'BA505.0' is set on object 'Object Repository/MOH AND GRN/Page_KDMC - CMS/input_txtbatchno'

2018-05-11 10:40:47 - [TEST_STEP][PASSED] - Statement - return (java.lang.Math.floor((java.lang.Math.random() * ((max - min) + 1))) + min): Text 'BA505.0' is set on object 'Object Repository/MOH AND GRN/Page_KDMC - CMS/input_txtbatchno'

2018-05-11 10:40:48 - [MESSAGE][PASSED] - Text 'BA505.0' is set on object 'Object Repository/MOH AND GRN/Page_KDMC - CMS/input_txtbatchno'

2018-05-11 10:40:48 - [TEST_STEP][PASSED] - rightClick: Object: 'Object Repository/GRN/Page_KDMC - CMS/input_txtexpdate' is right clicked on

2018-05-11 10:40:48 - [MESSAGE][PASSED] - Object: 'Object Repository/GRN/Page_KDMC - CMS/input_txtexpdate' is right clicked on

2018-05-11 10:40:48 - [TEST_STEP][PASSED] - selectOptionByIndex: All options with index in [4] are selected on object 'Object Repository/GRN/Page_KDMC - CMS/select_20182019202020212022202'

2018-05-11 10:40:48 - [MESSAGE][PASSED] - All options with index in [4] are selected on object 'Object Repository/GRN/Page_KDMC - CMS/select_20182019202020212022202'

2018-05-11 10:40:48 - [TEST_STEP][PASSED] - selectOptionByIndex: All options with index in [4] are selected on object 'Object Repository/GRN/Page_KDMC - CMS/select_JanFebMarAprMayJunJulAu'

2018-05-11 10:40:48 - [MESSAGE][PASSED] - All options with index in [4] are selected on object 'Object Repository/GRN/Page_KDMC - CMS/select_JanFebMarAprMayJunJulAu'

2018-05-11 10:40:48 - [TEST_STEP][PASSED] - click: Object: 'Object Repository/MOH AND GRN/Page_KDMC - CMS/a_12' is clicked on

2018-05-11 10:40:48 - [MESSAGE][PASSED] - Object: 'Object Repository/MOH AND GRN/Page_KDMC - CMS/a_12' is clicked on

2018-05-11 10:40:48 - [TEST_STEP][PASSED] - click: Object: 'Object Repository/MOH AND GRN/Page_KDMC - CMS/input_btnadd' is clicked on

2018-05-11 10:40:48 - [MESSAGE][PASSED] - Object: 'Object Repository/MOH AND GRN/Page_KDMC - CMS/input_btnadd' is clicked on

2018-05-11 10:40:48 - [TEST_STEP][PASSED] - Statement - If (s == 10): null

2018-05-11 10:40:48 - [TEST_STEP][PASSED] - Statement - Else: null

2018-05-11 10:40:48 - [TEST_STEP][PASSED] - Statement - (s++): null

2018-05-11 10:40:48 - [TEST_STEP][PASSED] - delay: Delayed 1 second(s)

2018-05-11 10:40:49 - [MESSAGE][PASSED] - Delayed 1 second(s)

2018-05-11 10:40:49 - [TEST_STEP][PASSED] - selectOptionByIndex: All options with index in [5] are selected on object 'Object Repository/MOH AND GRN/Page_KDMC - CMS/select_--Select--Amikacin -500'

2018-05-11 10:40:49 - [MESSAGE][PASSED] - All options with index in [5] are selected on object 'Object Repository/MOH AND GRN/Page_KDMC - CMS/select_--Select--Amikacin -500'

2018-05-11 10:40:49 - [TEST_STEP][PASSED] - setText: Text '5000' is set on object 'Object Repository/MOH AND GRN/Page_KDMC - CMS/input_txtqty'

2018-05-11 10:40:49 - [MESSAGE][PASSED] - Text '5000' is set on object 'Object Repository/MOH AND GRN/Page_KDMC - CMS/input_txtqty'

2018-05-11 10:40:49 - [TEST_STEP][PASSED] - selectOptionByIndex: All options with index in [1] are selected on object 'Object Repository/MOH AND GRN/Page_KDMC - CMS/select_--Select--No Tax0'

2018-05-11 10:40:50 - [MESSAGE][PASSED] - All options with index in [1] are selected on object 'Object Repository/MOH AND GRN/Page_KDMC - CMS/select_--Select--No Tax0'

2018-05-11 10:40:50 - [TEST_STEP][PASSED] - setText: Finding Test Object with id 'Object Repository/MOH AND GRN/Page_KDMC - CMS/input_txtmrp'

2018-05-11 10:40:50 - [TEST_STEP][PASSED] - Statement - switch (id): Finding Test Object with id 'Object Repository/MOH AND GRN/Page_KDMC - CMS/input_txtdeal'

2018-05-11 10:40:50 - [TEST_STEP][PASSED] - Statement - case 4:: Text '40.0' is set on object 'Object Repository/MOH AND GRN/Page_KDMC - CMS/input_txtmrp'

2018-05-11 10:40:50 - [TEST_STEP][PASSED] - Statement - return (java.lang.Math.floor((java.lang.Math.random() * ((max - min) + 1))) + min): Text '40.0' is set on object 'Object Repository/MOH AND GRN/Page_KDMC - CMS/input_txtmrp'

2018-05-11 10:40:50 - [MESSAGE][PASSED] - Text '40.0' is set on object 'Object Repository/MOH AND GRN/Page_KDMC - CMS/input_txtmrp'

2018-05-11 10:40:50 - [TEST_STEP][PASSED] - setText: Finding Test Object with id 'Object Repository/MOH AND GRN/Page_KDMC - CMS/input_txtdeal'

2018-05-11 10:40:50 - [TEST_STEP][PASSED] - Statement - switch (id): Finding Test Object with id 'Object Repository/MOH AND GRN/Page_KDMC - CMS/input_txtbatchno'

2018-05-11 10:40:50 - [TEST_STEP][PASSED] - Statement - case 5:: Text '1.0' is set on object 'Object Repository/MOH AND GRN/Page_KDMC - CMS/input_txtdeal'

2018-05-11 10:40:50 - [TEST_STEP][PASSED] - Statement - return (java.lang.Math.floor((java.lang.Math.random() * ((max - min) + 1))) + min): Text '1.0' is set on object 'Object Repository/MOH AND GRN/Page_KDMC - CMS/input_txtdeal'

2018-05-11 10:40:50 - [MESSAGE][PASSED] - Text '1.0' is set on object 'Object Repository/MOH AND GRN/Page_KDMC - CMS/input_txtdeal'

2018-05-11 10:40:50 - [TEST_STEP][PASSED] - setText: Finding Test Object with id 'Object Repository/MOH AND GRN/Page_KDMC - CMS/input_txtbatchno'

2018-05-11 10:40:50 - [TEST_STEP][PASSED] - Statement - switch (id): Finding Test Object with id 'Object Repository/MOH AND GRN/Page_KDMC - CMS/input_txtmrp'

2018-05-11 10:40:50 - [TEST_STEP][PASSED] - Statement - case 1:: Text 'BA414.0' is set on object 'Object Repository/MOH AND GRN/Page_KDMC - CMS/input_txtbatchno'

2018-05-11 10:40:50 - [TEST_STEP][PASSED] - Statement - return (java.lang.Math.floor((java.lang.Math.random() * ((max - min) + 1))) + min): Text 'BA414.0' is set on object 'Object Repository/MOH AND GRN/Page_KDMC - CMS/input_txtbatchno'

2018-05-11 10:40:50 - [MESSAGE][PASSED] - Text 'BA414.0' is set on object 'Object Repository/MOH AND GRN/Page_KDMC - CMS/input_txtbatchno'

2018-05-11 10:40:50 - [TEST_STEP][PASSED] - rightClick: Object: 'Object Repository/GRN/Page_KDMC - CMS/input_txtexpdate' is right clicked on

2018-05-11 10:40:50 - [MESSAGE][PASSED] - Object: 'Object Repository/GRN/Page_KDMC - CMS/input_txtexpdate' is right clicked on

2018-05-11 10:40:50 - [TEST_STEP][PASSED] - selectOptionByIndex: All options with index in [5] are selected on object 'Object Repository/GRN/Page_KDMC - CMS/select_20182019202020212022202'

2018-05-11 10:40:50 - [MESSAGE][PASSED] - All options with index in [5] are selected on object 'Object Repository/GRN/Page_KDMC - CMS/select_20182019202020212022202'

2018-05-11 10:40:50 - [TEST_STEP][PASSED] - selectOptionByIndex: All options with index in [5] are selected on object 'Object Repository/GRN/Page_KDMC - CMS/select_JanFebMarAprMayJunJulAu'

2018-05-11 10:40:50 - [MESSAGE][PASSED] - All options with index in [5] are selected on object 'Object Repository/GRN/Page_KDMC - CMS/select_JanFebMarAprMayJunJulAu'

2018-05-11 10:40:50 - [TEST_STEP][PASSED] - click: Object: 'Object Repository/MOH AND GRN/Page_KDMC - CMS/a_12' is clicked on

2018-05-11 10:40:50 - [MESSAGE][PASSED] - Object: 'Object Repository/MOH AND GRN/Page_KDMC - CMS/a_12' is clicked on

2018-05-11 10:40:50 - [TEST_STEP][PASSED] - click: Object: 'Object Repository/MOH AND GRN/Page_KDMC - CMS/input_btnadd' is clicked on

2018-05-11 10:40:50 - [MESSAGE][PASSED] - Object: 'Object Repository/MOH AND GRN/Page_KDMC - CMS/input_btnadd' is clicked on

2018-05-11 10:40:50 - [TEST_STEP][PASSED] - Statement - If (s == 10): null

2018-05-11 10:40:50 - [TEST_STEP][PASSED] - Statement - Else: null

2018-05-11 10:40:50 - [TEST_STEP][PASSED] - Statement - (s++): null

2018-05-11 10:40:50 - [TEST_STEP][PASSED] - delay: Delayed 1 second(s)

2018-05-11 10:40:51 - [MESSAGE][PASSED] - Delayed 1 second(s)

2018-05-11 10:40:51 - [TEST_STEP][PASSED] - selectOptionByIndex: All options with index in [6] are selected on object 'Object Repository/MOH AND GRN/Page_KDMC - CMS/select_--Select--Amikacin -500'

2018-05-11 10:40:52 - [MESSAGE][PASSED] - All options with index in [6] are selected on object 'Object Repository/MOH AND GRN/Page_KDMC - CMS/select_--Select--Amikacin -500'

2018-05-11 10:40:52 - [TEST_STEP][PASSED] - setText: Text '5000' is set on object 'Object Repository/MOH AND GRN/Page_KDMC - CMS/input_txtqty'

2018-05-11 10:40:52 - [MESSAGE][PASSED] - Text '5000' is set on object 'Object Repository/MOH AND GRN/Page_KDMC - CMS/input_txtqty'

2018-05-11 10:40:52 - [TEST_STEP][PASSED] - selectOptionByIndex: All options with index in [1] are selected on object 'Object Repository/MOH AND GRN/Page_KDMC - CMS/select_--Select--No Tax0'

2018-05-11 10:40:52 - [MESSAGE][PASSED] - All options with index in [1] are selected on object 'Object Repository/MOH AND GRN/Page_KDMC - CMS/select_--Select--No Tax0'

2018-05-11 10:40:52 - [TEST_STEP][PASSED] - setText: Finding Test Object with id 'Object Repository/MOH AND GRN/Page_KDMC - CMS/input_txtmrp'

2018-05-11 10:40:52 - [TEST_STEP][PASSED] - Statement - switch (id): Finding Test Object with id 'Object Repository/MOH AND GRN/Page_KDMC - CMS/input_txtdeal'

2018-05-11 10:40:52 - [TEST_STEP][PASSED] - Statement - case 4:: Text '16.0' is set on object 'Object Repository/MOH AND GRN/Page_KDMC - CMS/input_txtmrp'

2018-05-11 10:40:52 - [TEST_STEP][PASSED] - Statement - return (java.lang.Math.floor((java.lang.Math.random() * ((max - min) + 1))) + min): Text '16.0' is set on object 'Object Repository/MOH AND GRN/Page_KDMC - CMS/input_txtmrp'

2018-05-11 10:40:52 - [MESSAGE][PASSED] - Text '16.0' is set on object 'Object Repository/MOH AND GRN/Page_KDMC - CMS/input_txtmrp'

2018-05-11 10:40:52 - [TEST_STEP][PASSED] - setText: Finding Test Object with id 'Object Repository/MOH AND GRN/Page_KDMC - CMS/input_txtdeal'

2018-05-11 10:40:52 - [TEST_STEP][PASSED] - Statement - switch (id): Finding Test Object with id 'Object Repository/MOH AND GRN/Page_KDMC - CMS/input_txtbatchno'

2018-05-11 10:40:52 - [TEST_STEP][PASSED] - Statement - case 5:: Text '3.0' is set on object 'Object Repository/MOH AND GRN/Page_KDMC - CMS/input_txtdeal'

2018-05-11 10:40:52 - [TEST_STEP][PASSED] - Statement - return (java.lang.Math.floor((java.lang.Math.random() * ((max - min) + 1))) + min): Text '3.0' is set on object 'Object Repository/MOH AND GRN/Page_KDMC - CMS/input_txtdeal'

2018-05-11 10:40:52 - [MESSAGE][PASSED] - Text '3.0' is set on object 'Object Repository/MOH AND GRN/Page_KDMC - CMS/input_txtdeal'

2018-05-11 10:40:52 - [TEST_STEP][PASSED] - setText: Finding Test Object with id 'Object Repository/MOH AND GRN/Page_KDMC - CMS/input_txtbatchno'

2018-05-11 10:40:52 - [TEST_STEP][PASSED] - Statement - switch (id): Finding Test Object with id 'Object Repository/MOH AND GRN/Page_KDMC - CMS/input_txtmrp'

2018-05-11 10:40:52 - [TEST_STEP][PASSED] - Statement - case 1:: Text 'BA736.0' is set on object 'Object Repository/MOH AND GRN/Page_KDMC - CMS/input_txtbatchno'

2018-05-11 10:40:52 - [TEST_STEP][PASSED] - Statement - return (java.lang.Math.floor((java.lang.Math.random() * ((max - min) + 1))) + min): Text 'BA736.0' is set on object 'Object Repository/MOH AND GRN/Page_KDMC - CMS/input_txtbatchno'

2018-05-11 10:40:52 - [MESSAGE][PASSED] - Text 'BA736.0' is set on object 'Object Repository/MOH AND GRN/Page_KDMC - CMS/input_txtbatchno'

2018-05-11 10:40:52 - [TEST_STEP][PASSED] - rightClick: Object: 'Object Repository/GRN/Page_KDMC - CMS/input_txtexpdate' is right clicked on

2018-05-11 10:40:52 - [MESSAGE][PASSED] - Object: 'Object Repository/GRN/Page_KDMC - CMS/input_txtexpdate' is right clicked on

2018-05-11 10:40:52 - [TEST_STEP][PASSED] - selectOptionByIndex: All options with index in [6] are selected on object 'Object Repository/GRN/Page_KDMC - CMS/select_20182019202020212022202'

2018-05-11 10:40:52 - [MESSAGE][PASSED] - All options with index in [6] are selected on object 'Object Repository/GRN/Page_KDMC - CMS/select_20182019202020212022202'

2018-05-11 10:40:52 - [TEST_STEP][PASSED] - selectOptionByIndex: All options with index in [6] are selected on object 'Object Repository/GRN/Page_KDMC - CMS/select_JanFebMarAprMayJunJulAu'

2018-05-11 10:40:53 - [MESSAGE][PASSED] - All options with index in [6] are selected on object 'Object Repository/GRN/Page_KDMC - CMS/select_JanFebMarAprMayJunJulAu'

2018-05-11 10:40:53 - [TEST_STEP][PASSED] - click: Object: 'Object Repository/MOH AND GRN/Page_KDMC - CMS/a_12' is clicked on

2018-05-11 10:40:53 - [MESSAGE][PASSED] - Object: 'Object Repository/MOH AND GRN/Page_KDMC - CMS/a_12' is clicked on

2018-05-11 10:40:53 - [TEST_STEP][PASSED] - click: Object: 'Object Repository/MOH AND GRN/Page_KDMC - CMS/input_btnadd' is clicked on

2018-05-11 10:40:53 - [MESSAGE][PASSED] - Object: 'Object Repository/MOH AND GRN/Page_KDMC - CMS/input_btnadd' is clicked on

2018-05-11 10:40:53 - [TEST_STEP][PASSED] - Statement - If (s == 10): null

2018-05-11 10:40:53 - [TEST_STEP][PASSED] - Statement - Else: null

2018-05-11 10:40:53 - [TEST_STEP][PASSED] - Statement - (s++): null

2018-05-11 10:40:53 - [TEST_STEP][PASSED] - delay: Delayed 1 second(s)

2018-05-11 10:40:54 - [MESSAGE][PASSED] - Delayed 1 second(s)

2018-05-11 10:40:54 - [TEST_STEP][PASSED] - selectOptionByIndex: All options with index in [7] are selected on object 'Object Repository/MOH AND GRN/Page_KDMC - CMS/select_--Select--Amikacin -500'

2018-05-11 10:40:54 - [MESSAGE][PASSED] - All options with index in [7] are selected on object 'Object Repository/MOH AND GRN/Page_KDMC - CMS/select_--Select--Amikacin -500'

2018-05-11 10:40:54 - [TEST_STEP][PASSED] - setText: Text '5000' is set on object 'Object Repository/MOH AND GRN/Page_KDMC - CMS/input_txtqty'

2018-05-11 10:40:54 - [MESSAGE][PASSED] - Text '5000' is set on object 'Object Repository/MOH AND GRN/Page_KDMC - CMS/input_txtqty'

2018-05-11 10:40:54 - [TEST_STEP][PASSED] - selectOptionByIndex: All options with index in [1] are selected on object 'Object Repository/MOH AND GRN/Page_KDMC - CMS/select_--Select--No Tax0'

2018-05-11 10:40:54 - [MESSAGE][PASSED] - All options with index in [1] are selected on object 'Object Repository/MOH AND GRN/Page_KDMC - CMS/select_--Select--No Tax0'

2018-05-11 10:40:54 - [TEST_STEP][PASSED] - setText: Finding Test Object with id 'Object Repository/MOH AND GRN/Page_KDMC - CMS/input_txtmrp'

2018-05-11 10:40:54 - [TEST_STEP][PASSED] - Statement - switch (id): Finding Test Object with id 'Object Repository/MOH AND GRN/Page_KDMC - CMS/input_txtdeal'

2018-05-11 10:40:54 - [TEST_STEP][PASSED] - Statement - case 4:: Text '40.0' is set on object 'Object Repository/MOH AND GRN/Page_KDMC - CMS/input_txtmrp'

2018-05-11 10:40:54 - [TEST_STEP][PASSED] - Statement - return (java.lang.Math.floor((java.lang.Math.random() * ((max - min) + 1))) + min): Text '40.0' is set on object 'Object Repository/MOH AND GRN/Page_KDMC - CMS/input_txtmrp'

2018-05-11 10:40:54 - [MESSAGE][PASSED] - Text '40.0' is set on object 'Object Repository/MOH AND GRN/Page_KDMC - CMS/input_txtmrp'

2018-05-11 10:40:54 - [TEST_STEP][PASSED] - setText: Finding Test Object with id 'Object Repository/MOH AND GRN/Page_KDMC - CMS/input_txtdeal'

2018-05-11 10:40:54 - [TEST_STEP][PASSED] - Statement - switch (id): Finding Test Object with id 'Object Repository/MOH AND GRN/Page_KDMC - CMS/input_txtbatchno'

2018-05-11 10:40:54 - [TEST_STEP][PASSED] - Statement - case 5:: Text '10.0' is set on object 'Object Repository/MOH AND GRN/Page_KDMC - CMS/input_txtdeal'

2018-05-11 10:40:54 - [TEST_STEP][PASSED] - Statement - return (java.lang.Math.floor((java.lang.Math.random() * ((max - min) + 1))) + min): Text '10.0' is set on object 'Object Repository/MOH AND GRN/Page_KDMC - CMS/input_txtdeal'

2018-05-11 10:40:54 - [MESSAGE][PASSED] - Text '10.0' is set on object 'Object Repository/MOH AND GRN/Page_KDMC - CMS/input_txtdeal'

2018-05-11 10:40:54 - [TEST_STEP][PASSED] - setText: Finding Test Object with id 'Object Repository/MOH AND GRN/Page_KDMC - CMS/input_txtbatchno'

2018-05-11 10:40:54 - [TEST_STEP][PASSED] - Statement - switch (id): Finding Test Object with id 'Object Repository/MOH AND GRN/Page_KDMC - CMS/input_txtmrp'

2018-05-11 10:40:54 - [TEST_STEP][PASSED] - Statement - case 1:: Text 'BA120.0' is set on object 'Object Repository/MOH AND GRN/Page_KDMC - CMS/input_txtbatchno'

2018-05-11 10:40:54 - [TEST_STEP][PASSED] - Statement - return (java.lang.Math.floor((java.lang.Math.random() * ((max - min) + 1))) + min): Text 'BA120.0' is set on object 'Object Repository/MOH AND GRN/Page_KDMC - CMS/input_txtbatchno'

2018-05-11 10:40:54 - [MESSAGE][PASSED] - Text 'BA120.0' is set on object 'Object Repository/MOH AND GRN/Page_KDMC - CMS/input_txtbatchno'

2018-05-11 10:40:54 - [TEST_STEP][PASSED] - rightClick: Object: 'Object Repository/GRN/Page_KDMC - CMS/input_txtexpdate' is right clicked on

2018-05-11 10:40:55 - [MESSAGE][PASSED] - Object: 'Object Repository/GRN/Page_KDMC - CMS/input_txtexpdate' is right clicked on

2018-05-11 10:40:55 - [TEST_STEP][PASSED] - selectOptionByIndex: All options with index in [7] are selected on object 'Object Repository/GRN/Page_KDMC - CMS/select_20182019202020212022202'

2018-05-11 10:40:55 - [MESSAGE][PASSED] - All options with index in [7] are selected on object 'Object Repository/GRN/Page_KDMC - CMS/select_20182019202020212022202'

2018-05-11 10:40:55 - [TEST_STEP][PASSED] - selectOptionByIndex: All options with index in [7] are selected on object 'Object Repository/GRN/Page_KDMC - CMS/select_JanFebMarAprMayJunJulAu'

2018-05-11 10:40:55 - [MESSAGE][PASSED] - All options with index in [7] are selected on object 'Object Repository/GRN/Page_KDMC - CMS/select_JanFebMarAprMayJunJulAu'

2018-05-11 10:40:55 - [TEST_STEP][PASSED] - click: Object: 'Object Repository/MOH AND GRN/Page_KDMC - CMS/a_12' is clicked on

2018-05-11 10:40:55 - [MESSAGE][PASSED] - Object: 'Object Repository/MOH AND GRN/Page_KDMC - CMS/a_12' is clicked on

2018-05-11 10:40:55 - [TEST_STEP][PASSED] - click: Object: 'Object Repository/MOH AND GRN/Page_KDMC - CMS/input_btnadd' is clicked on

2018-05-11 10:40:55 - [MESSAGE][PASSED] - Object: 'Object Repository/MOH AND GRN/Page_KDMC - CMS/input_btnadd' is clicked on

2018-05-11 10:40:55 - [TEST_STEP][PASSED] - Statement - If (s == 10): null

2018-05-11 10:40:55 - [TEST_STEP][PASSED] - Statement - Else: null

2018-05-11 10:40:55 - [TEST_STEP][PASSED] - Statement - (s++): null

2018-05-11 10:40:55 - [TEST_STEP][PASSED] - delay: Delayed 1 second(s)

2018-05-11 10:40:56 - [MESSAGE][PASSED] - Delayed 1 second(s)

2018-05-11 10:40:56 - [TEST_STEP][PASSED] - selectOptionByIndex: All options with index in [8] are selected on object 'Object Repository/MOH AND GRN/Page_KDMC - CMS/select_--Select--Amikacin -500'

2018-05-11 10:40:56 - [MESSAGE][PASSED] - All options with index in [8] are selected on object 'Object Repository/MOH AND GRN/Page_KDMC - CMS/select_--Select--Amikacin -500'

2018-05-11 10:40:56 - [TEST_STEP][PASSED] - setText: Text '5000' is set on object 'Object Repository/MOH AND GRN/Page_KDMC - CMS/input_txtqty'

2018-05-11 10:40:56 - [MESSAGE][PASSED] - Text '5000' is set on object 'Object Repository/MOH AND GRN/Page_KDMC - CMS/input_txtqty'

2018-05-11 10:40:56 - [TEST_STEP][PASSED] - selectOptionByIndex: All options with index in [1] are selected on object 'Object Repository/MOH AND GRN/Page_KDMC - CMS/select_--Select--No Tax0'

2018-05-11 10:40:57 - [MESSAGE][PASSED] - All options with index in [1] are selected on object 'Object Repository/MOH AND GRN/Page_KDMC - CMS/select_--Select--No Tax0'

2018-05-11 10:40:57 - [TEST_STEP][PASSED] - setText: Finding Test Object with id 'Object Repository/MOH AND GRN/Page_KDMC - CMS/input_txtmrp'

2018-05-11 10:40:57 - [TEST_STEP][PASSED] - Statement - switch (id): Finding Test Object with id 'Object Repository/MOH AND GRN/Page_KDMC - CMS/input_txtdeal'

2018-05-11 10:40:57 - [TEST_STEP][PASSED] - Statement - case 4:: Text '22.0' is set on object 'Object Repository/MOH AND GRN/Page_KDMC - CMS/input_txtmrp'

2018-05-11 10:40:57 - [TEST_STEP][PASSED] - Statement - return (java.lang.Math.floor((java.lang.Math.random() * ((max - min) + 1))) + min): Text '22.0' is set on object 'Object Repository/MOH AND GRN/Page_KDMC - CMS/input_txtmrp'

2018-05-11 10:40:57 - [MESSAGE][PASSED] - Text '22.0' is set on object 'Object Repository/MOH AND GRN/Page_KDMC - CMS/input_txtmrp'

2018-05-11 10:40:57 - [TEST_STEP][PASSED] - setText: Finding Test Object with id 'Object Repository/MOH AND GRN/Page_KDMC - CMS/input_txtdeal'

2018-05-11 10:40:57 - [TEST_STEP][PASSED] - Statement - switch (id): Finding Test Object with id 'Object Repository/MOH AND GRN/Page_KDMC - CMS/input_txtbatchno'

2018-05-11 10:40:57 - [TEST_STEP][PASSED] - Statement - case 5:: Text '5.0' is set on object 'Object Repository/MOH AND GRN/Page_KDMC - CMS/input_txtdeal'

2018-05-11 10:40:57 - [TEST_STEP][PASSED] - Statement - return (java.lang.Math.floor((java.lang.Math.random() * ((max - min) + 1))) + min): Text '5.0' is set on object 'Object Repository/MOH AND GRN/Page_KDMC - CMS/input_txtdeal'

2018-05-11 10:40:57 - [MESSAGE][PASSED] - Text '5.0' is set on object 'Object Repository/MOH AND GRN/Page_KDMC - CMS/input_txtdeal'

2018-05-11 10:40:57 - [TEST_STEP][PASSED] - setText: Finding Test Object with id 'Object Repository/MOH AND GRN/Page_KDMC - CMS/input_txtbatchno'

2018-05-11 10:40:57 - [TEST_STEP][PASSED] - Statement - switch (id): Finding Test Object with id 'Object Repository/MOH AND GRN/Page_KDMC - CMS/input_txtmrp'

2018-05-11 10:40:57 - [TEST_STEP][PASSED] - Statement - case 1:: Text 'BA334.0' is set on object 'Object Repository/MOH AND GRN/Page_KDMC - CMS/input_txtbatchno'

2018-05-11 10:40:57 - [TEST_STEP][PASSED] - Statement - return (java.lang.Math.floor((java.lang.Math.random() * ((max - min) + 1))) + min): Text 'BA334.0' is set on object 'Object Repository/MOH AND GRN/Page_KDMC - CMS/input_txtbatchno'

2018-05-11 10:40:57 - [MESSAGE][PASSED] - Text 'BA334.0' is set on object 'Object Repository/MOH AND GRN/Page_KDMC - CMS/input_txtbatchno'

2018-05-11 10:40:57 - [TEST_STEP][PASSED] - rightClick: Object: 'Object Repository/GRN/Page_KDMC - CMS/input_txtexpdate' is right clicked on

2018-05-11 10:40:57 - [MESSAGE][PASSED] - Object: 'Object Repository/GRN/Page_KDMC - CMS/input_txtexpdate' is right clicked on

2018-05-11 10:40:57 - [TEST_STEP][PASSED] - selectOptionByIndex: All options with index in [8] are selected on object 'Object Repository/GRN/Page_KDMC - CMS/select_20182019202020212022202'

2018-05-11 10:40:57 - [MESSAGE][PASSED] - All options with index in [8] are selected on object 'Object Repository/GRN/Page_KDMC - CMS/select_20182019202020212022202'

2018-05-11 10:40:57 - [TEST_STEP][PASSED] - selectOptionByIndex: All options with index in [8] are selected on object 'Object Repository/GRN/Page_KDMC - CMS/select_JanFebMarAprMayJunJulAu'

2018-05-11 10:40:57 - [MESSAGE][PASSED] - All options with index in [8] are selected on object 'Object Repository/GRN/Page_KDMC - CMS/select_JanFebMarAprMayJunJulAu'

2018-05-11 10:40:57 - [TEST_STEP][PASSED] - click: Object: 'Object Repository/MOH AND GRN/Page_KDMC - CMS/a_12' is clicked on

2018-05-11 10:40:57 - [MESSAGE][PASSED] - Object: 'Object Repository/MOH AND GRN/Page_KDMC - CMS/a_12' is clicked on

2018-05-11 10:40:57 - [TEST_STEP][PASSED] - click: Object: 'Object Repository/MOH AND GRN/Page_KDMC - CMS/input_btnadd' is clicked on

2018-05-11 10:40:57 - [MESSAGE][PASSED] - Object: 'Object Repository/MOH AND GRN/Page_KDMC - CMS/input_btnadd' is clicked on

2018-05-11 10:40:57 - [TEST_STEP][PASSED] - Statement - If (s == 10): null

2018-05-11 10:40:57 - [TEST_STEP][PASSED] - Statement - Else: null

2018-05-11 10:40:57 - [TEST_STEP][PASSED] - Statement - (s++): null

2018-05-11 10:40:57 - [TEST_STEP][PASSED] - delay: Delayed 1 second(s)

2018-05-11 10:40:58 - [MESSAGE][PASSED] - Delayed 1 second(s)

2018-05-11 10:40:58 - [TEST_STEP][PASSED] - selectOptionByIndex: All options with index in [9] are selected on object 'Object Repository/MOH AND GRN/Page_KDMC - CMS/select_--Select--Amikacin -500'

2018-05-11 10:40:59 - [MESSAGE][PASSED] - All options with index in [9] are selected on object 'Object Repository/MOH AND GRN/Page_KDMC - CMS/select_--Select--Amikacin -500'

2018-05-11 10:40:59 - [TEST_STEP][PASSED] - setText: Text '5000' is set on object 'Object Repository/MOH AND GRN/Page_KDMC - CMS/input_txtqty'

2018-05-11 10:40:59 - [MESSAGE][PASSED] - Text '5000' is set on object 'Object Repository/MOH AND GRN/Page_KDMC - CMS/input_txtqty'

2018-05-11 10:40:59 - [TEST_STEP][PASSED] - selectOptionByIndex: All options with index in [1] are selected on object 'Object Repository/MOH AND GRN/Page_KDMC - CMS/select_--Select--No Tax0'

2018-05-11 10:40:59 - [MESSAGE][PASSED] - All options with index in [1] are selected on object 'Object Repository/MOH AND GRN/Page_KDMC - CMS/select_--Select--No Tax0'

2018-05-11 10:40:59 - [TEST_STEP][PASSED] - setText: Finding Test Object with id 'Object Repository/MOH AND GRN/Page_KDMC - CMS/input_txtmrp'

2018-05-11 10:40:59 - [TEST_STEP][PASSED] - Statement - switch (id): Finding Test Object with id 'Object Repository/MOH AND GRN/Page_KDMC - CMS/input_txtdeal'

2018-05-11 10:40:59 - [TEST_STEP][PASSED] - Statement - case 4:: Text '30.0' is set on object 'Object Repository/MOH AND GRN/Page_KDMC - CMS/input_txtmrp'

2018-05-11 10:40:59 - [TEST_STEP][PASSED] - Statement - return (java.lang.Math.floor((java.lang.Math.random() * ((max - min) + 1))) + min): Text '30.0' is set on object 'Object Repository/MOH AND GRN/Page_KDMC - CMS/input_txtmrp'

2018-05-11 10:40:59 - [MESSAGE][PASSED] - Text '30.0' is set on object 'Object Repository/MOH AND GRN/Page_KDMC - CMS/input_txtmrp'

2018-05-11 10:40:59 - [TEST_STEP][PASSED] - setText: Finding Test Object with id 'Object Repository/MOH AND GRN/Page_KDMC - CMS/input_txtdeal'

2018-05-11 10:40:59 - [TEST_STEP][PASSED] - Statement - switch (id): Finding Test Object with id 'Object Repository/MOH AND GRN/Page_KDMC - CMS/input_txtbatchno'

2018-05-11 10:40:59 - [TEST_STEP][PASSED] - Statement - case 5:: Text '7.0' is set on object 'Object Repository/MOH AND GRN/Page_KDMC - CMS/input_txtdeal'

2018-05-11 10:40:59 - [TEST_STEP][PASSED] - Statement - return (java.lang.Math.floor((java.lang.Math.random() * ((max - min) + 1))) + min): Text '7.0' is set on object 'Object Repository/MOH AND GRN/Page_KDMC - CMS/input_txtdeal'

2018-05-11 10:40:59 - [MESSAGE][PASSED] - Text '7.0' is set on object 'Object Repository/MOH AND GRN/Page_KDMC - CMS/input_txtdeal'

2018-05-11 10:40:59 - [TEST_STEP][PASSED] - setText: Finding Test Object with id 'Object Repository/MOH AND GRN/Page_KDMC - CMS/input_txtbatchno'

2018-05-11 10:40:59 - [TEST_STEP][PASSED] - Statement - switch (id): Finding Test Object with id 'Object Repository/MOH AND GRN/Page_KDMC - CMS/input_txtmrp'

2018-05-11 10:40:59 - [TEST_STEP][PASSED] - Statement - case 1:: Text 'BA622.0' is set on object 'Object Repository/MOH AND GRN/Page_KDMC - CMS/input_txtbatchno'

2018-05-11 10:40:59 - [TEST_STEP][PASSED] - Statement - return (java.lang.Math.floor((java.lang.Math.random() * ((max - min) + 1))) + min): Text 'BA622.0' is set on object 'Object Repository/MOH AND GRN/Page_KDMC - CMS/input_txtbatchno'

2018-05-11 10:40:59 - [MESSAGE][PASSED] - Text 'BA622.0' is set on object 'Object Repository/MOH AND GRN/Page_KDMC - CMS/input_txtbatchno'

2018-05-11 10:40:59 - [TEST_STEP][PASSED] - rightClick: Object: 'Object Repository/GRN/Page_KDMC - CMS/input_txtexpdate' is right clicked on

2018-05-11 10:40:59 - [MESSAGE][PASSED] - Object: 'Object Repository/GRN/Page_KDMC - CMS/input_txtexpdate' is right clicked on

2018-05-11 10:40:59 - [TEST_STEP][PASSED] - selectOptionByIndex: All options with index in [9] are selected on object 'Object Repository/GRN/Page_KDMC - CMS/select_20182019202020212022202'

2018-05-11 10:41:00 - [MESSAGE][PASSED] - All options with index in [9] are selected on object 'Object Repository/GRN/Page_KDMC - CMS/select_20182019202020212022202'

2018-05-11 10:41:00 - [TEST_STEP][PASSED] - selectOptionByIndex: All options with index in [9] are selected on object 'Object Repository/GRN/Page_KDMC - CMS/select_JanFebMarAprMayJunJulAu'

2018-05-11 10:41:00 - [MESSAGE][PASSED] - All options with index in [9] are selected on object 'Object Repository/GRN/Page_KDMC - CMS/select_JanFebMarAprMayJunJulAu'

2018-05-11 10:41:00 - [TEST_STEP][PASSED] - click: Object: 'Object Repository/MOH AND GRN/Page_KDMC - CMS/a_12' is clicked on

2018-05-11 10:41:00 - [MESSAGE][PASSED] - Object: 'Object Repository/MOH AND GRN/Page_KDMC - CMS/a_12' is clicked on

2018-05-11 10:41:00 - [TEST_STEP][PASSED] - click: Object: 'Object Repository/MOH AND GRN/Page_KDMC - CMS/input_btnadd' is clicked on

2018-05-11 10:41:00 - [MESSAGE][PASSED] - Object: 'Object Repository/MOH AND GRN/Page_KDMC - CMS/input_btnadd' is clicked on

2018-05-11 10:41:00 - [TEST_STEP][PASSED] - Statement - If (s == 10): null

2018-05-11 10:41:00 - [TEST_STEP][PASSED] - Statement - Else: null

2018-05-11 10:41:00 - [TEST_STEP][PASSED] - Statement - (s++): null

2018-05-11 10:41:00 - [TEST_STEP][PASSED] - delay: Delayed 1 second(s)

2018-05-11 10:41:01 - [MESSAGE][PASSED] - Delayed 1 second(s)

2018-05-11 10:41:01 - [TEST_STEP][PASSED] - selectOptionByIndex: All options with index in [10] are selected on object 'Object Repository/MOH AND GRN/Page_KDMC - CMS/select_--Select--Amikacin -500'

2018-05-11 10:41:01 - [MESSAGE][PASSED] - All options with index in [10] are selected on object 'Object Repository/MOH AND GRN/Page_KDMC - CMS/select_--Select--Amikacin -500'

2018-05-11 10:41:01 - [TEST_STEP][PASSED] - setText: Text '5000' is set on object 'Object Repository/MOH AND GRN/Page_KDMC - CMS/input_txtqty'

2018-05-11 10:41:01 - [MESSAGE][PASSED] - Text '5000' is set on object 'Object Repository/MOH AND GRN/Page_KDMC - CMS/input_txtqty'

2018-05-11 10:41:01 - [TEST_STEP][PASSED] - selectOptionByIndex: All options with index in [1] are selected on object 'Object Repository/MOH AND GRN/Page_KDMC - CMS/select_--Select--No Tax0'

2018-05-11 10:41:01 - [MESSAGE][PASSED] - All options with index in [1] are selected on object 'Object Repository/MOH AND GRN/Page_KDMC - CMS/select_--Select--No Tax0'

2018-05-11 10:41:01 - [TEST_STEP][PASSED] - setText: Finding Test Object with id 'Object Repository/MOH AND GRN/Page_KDMC - CMS/input_txtmrp'

2018-05-11 10:41:01 - [TEST_STEP][PASSED] - Statement - switch (id): Finding Test Object with id 'Object Repository/MOH AND GRN/Page_KDMC - CMS/input_txtdeal'

2018-05-11 10:41:01 - [TEST_STEP][PASSED] - Statement - case 4:: Text '40.0' is set on object 'Object Repository/MOH AND GRN/Page_KDMC - CMS/input_txtmrp'

2018-05-11 10:41:01 - [TEST_STEP][PASSED] - Statement - return (java.lang.Math.floor((java.lang.Math.random() * ((max - min) + 1))) + min): Text '40.0' is set on object 'Object Repository/MOH AND GRN/Page_KDMC - CMS/input_txtmrp'

2018-05-11 10:41:02 - [MESSAGE][PASSED] - Text '40.0' is set on object 'Object Repository/MOH AND GRN/Page_KDMC - CMS/input_txtmrp'

2018-05-11 10:41:02 - [TEST_STEP][PASSED] - setText: Finding Test Object with id 'Object Repository/MOH AND GRN/Page_KDMC - CMS/input_txtdeal'

2018-05-11 10:41:02 - [TEST_STEP][PASSED] - Statement - switch (id): Finding Test Object with id 'Object Repository/MOH AND GRN/Page_KDMC - CMS/input_txtbatchno'

2018-05-11 10:41:02 - [TEST_STEP][PASSED] - Statement - case 5:: Text '4.0' is set on object 'Object Repository/MOH AND GRN/Page_KDMC - CMS/input_txtdeal'

2018-05-11 10:41:02 - [TEST_STEP][PASSED] - Statement - return (java.lang.Math.floor((java.lang.Math.random() * ((max - min) + 1))) + min): Text '4.0' is set on object 'Object Repository/MOH AND GRN/Page_KDMC - CMS/input_txtdeal'

2018-05-11 10:41:02 - [MESSAGE][PASSED] - Text '4.0' is set on object 'Object Repository/MOH AND GRN/Page_KDMC - CMS/input_txtdeal'

2018-05-11 10:41:02 - [TEST_STEP][PASSED] - setText: Finding Test Object with id 'Object Repository/MOH AND GRN/Page_KDMC - CMS/input_txtbatchno'

2018-05-11 10:41:02 - [TEST_STEP][PASSED] - Statement - switch (id): Finding Test Object with id 'Object Repository/MOH AND GRN/Page_KDMC - CMS/input_txtmrp'

2018-05-11 10:41:02 - [TEST_STEP][PASSED] - Statement - case 1:: Text 'BA629.0' is set on object 'Object Repository/MOH AND GRN/Page_KDMC - CMS/input_txtbatchno'

2018-05-11 10:41:02 - [TEST_STEP][PASSED] - Statement - return (java.lang.Math.floor((java.lang.Math.random() * ((max - min) + 1))) + min): Text 'BA629.0' is set on object 'Object Repository/MOH AND GRN/Page_KDMC - CMS/input_txtbatchno'

2018-05-11 10:41:02 - [MESSAGE][PASSED] - Text 'BA629.0' is set on object 'Object Repository/MOH AND GRN/Page_KDMC - CMS/input_txtbatchno'

2018-05-11 10:41:02 - [TEST_STEP][PASSED] - rightClick: Object: 'Object Repository/GRN/Page_KDMC - CMS/input_txtexpdate' is right clicked on

2018-05-11 10:41:02 - [MESSAGE][PASSED] - Object: 'Object Repository/GRN/Page_KDMC - CMS/input_txtexpdate' is right clicked on

2018-05-11 10:41:02 - [TEST_STEP][PASSED] - selectOptionByIndex: All options with index in [10] are selected on object 'Object Repository/GRN/Page_KDMC - CMS/select_20182019202020212022202'

2018-05-11 10:41:02 - [MESSAGE][PASSED] - All options with index in [10] are selected on object 'Object Repository/GRN/Page_KDMC - CMS/select_20182019202020212022202'

2018-05-11 10:41:02 - [TEST_STEP][PASSED] - selectOptionByIndex: All options with index in [10] are selected on object 'Object Repository/GRN/Page_KDMC - CMS/select_JanFebMarAprMayJunJulAu'

2018-05-11 10:41:02 - [MESSAGE][PASSED] - All options with index in [10] are selected on object 'Object Repository/GRN/Page_KDMC - CMS/select_JanFebMarAprMayJunJulAu'

2018-05-11 10:41:02 - [TEST_STEP][PASSED] - click: Object: 'Object Repository/MOH AND GRN/Page_KDMC - CMS/a_12' is clicked on

2018-05-11 10:41:02 - [MESSAGE][PASSED] - Object: 'Object Repository/MOH AND GRN/Page_KDMC - CMS/a_12' is clicked on

2018-05-11 10:41:02 - [TEST_STEP][PASSED] - click: Object: 'Object Repository/MOH AND GRN/Page_KDMC - CMS/input_btnadd' is clicked on

2018-05-11 10:41:02 - [MESSAGE][PASSED] - Object: 'Object Repository/MOH AND GRN/Page_KDMC - CMS/input_btnadd' is clicked on

2018-05-11 10:41:02 - [TEST_STEP][PASSED] - Statement - If (s == 10): null

2018-05-11 10:41:02 - [TEST_STEP][PASSED] - Statement - s = 1: null

2018-05-11 10:41:02 - [TEST_STEP][PASSED] - delay: Delayed 1 second(s)

2018-05-11 10:41:03 - [MESSAGE][PASSED] - Delayed 1 second(s)

2018-05-11 10:41:03 - [TEST_STEP][PASSED] - selectOptionByIndex: All options with index in [11] are selected on object 'Object Repository/MOH AND GRN/Page_KDMC - CMS/select_--Select--Amikacin -500'

2018-05-11 10:41:04 - [MESSAGE][PASSED] - All options with index in [11] are selected on object 'Object Repository/MOH AND GRN/Page_KDMC - CMS/select_--Select--Amikacin -500'

2018-05-11 10:41:04 - [TEST_STEP][PASSED] - setText: Text '5000' is set on object 'Object Repository/MOH AND GRN/Page_KDMC - CMS/input_txtqty'

2018-05-11 10:41:04 - [MESSAGE][PASSED] - Text '5000' is set on object 'Object Repository/MOH AND GRN/Page_KDMC - CMS/input_txtqty'

2018-05-11 10:41:04 - [TEST_STEP][PASSED] - selectOptionByIndex: All options with index in [1] are selected on object 'Object Repository/MOH AND GRN/Page_KDMC - CMS/select_--Select--No Tax0'

2018-05-11 10:41:04 - [MESSAGE][PASSED] - All options with index in [1] are selected on object 'Object Repository/MOH AND GRN/Page_KDMC - CMS/select_--Select--No Tax0'

2018-05-11 10:41:04 - [TEST_STEP][PASSED] - setText: Finding Test Object with id 'Object Repository/MOH AND GRN/Page_KDMC - CMS/input_txtmrp'

2018-05-11 10:41:04 - [TEST_STEP][PASSED] - Statement - switch (id): Finding Test Object with id 'Object Repository/MOH AND GRN/Page_KDMC - CMS/input_txtdeal'

2018-05-11 10:41:04 - [TEST_STEP][PASSED] - Statement - case 4:: Text '26.0' is set on object 'Object Repository/MOH AND GRN/Page_KDMC - CMS/input_txtmrp'

2018-05-11 10:41:04 - [TEST_STEP][PASSED] - Statement - return (java.lang.Math.floor((java.lang.Math.random() * ((max - min) + 1))) + min): Text '26.0' is set on object 'Object Repository/MOH AND GRN/Page_KDMC - CMS/input_txtmrp'

2018-05-11 10:41:04 - [MESSAGE][PASSED] - Text '26.0' is set on object 'Object Repository/MOH AND GRN/Page_KDMC - CMS/input_txtmrp'

2018-05-11 10:41:04 - [TEST_STEP][PASSED] - setText: Finding Test Object with id 'Object Repository/MOH AND GRN/Page_KDMC - CMS/input_txtdeal'

2018-05-11 10:41:04 - [TEST_STEP][PASSED] - Statement - switch (id): Finding Test Object with id 'Object Repository/MOH AND GRN/Page_KDMC - CMS/input_txtbatchno'

2018-05-11 10:41:04 - [TEST_STEP][PASSED] - Statement - case 5:: Text '9.0' is set on object 'Object Repository/MOH AND GRN/Page_KDMC - CMS/input_txtdeal'

2018-05-11 10:41:04 - [TEST_STEP][PASSED] - Statement - return (java.lang.Math.floor((java.lang.Math.random() * ((max - min) + 1))) + min): Text '9.0' is set on object 'Object Repository/MOH AND GRN/Page_KDMC - CMS/input_txtdeal'

2018-05-11 10:41:04 - [MESSAGE][PASSED] - Text '9.0' is set on object 'Object Repository/MOH AND GRN/Page_KDMC - CMS/input_txtdeal'

2018-05-11 10:41:04 - [TEST_STEP][PASSED] - setText: Finding Test Object with id 'Object Repository/MOH AND GRN/Page_KDMC - CMS/input_txtbatchno'

2018-05-11 10:41:04 - [TEST_STEP][PASSED] - Statement - switch (id): Finding Test Object with id 'Object Repository/MOH AND GRN/Page_KDMC - CMS/input_txtmrp'

2018-05-11 10:41:04 - [TEST_STEP][PASSED] - Statement - case 1:: Text 'BA428.0' is set on object 'Object Repository/MOH AND GRN/Page_KDMC - CMS/input_txtbatchno'

2018-05-11 10:41:04 - [TEST_STEP][PASSED] - Statement - return (java.lang.Math.floor((java.lang.Math.random() * ((max - min) + 1))) + min): Text 'BA428.0' is set on object 'Object Repository/MOH AND GRN/Page_KDMC - CMS/input_txtbatchno'

2018-05-11 10:41:04 - [MESSAGE][PASSED] - Text 'BA428.0' is set on object 'Object Repository/MOH AND GRN/Page_KDMC - CMS/input_txtbatchno'

2018-05-11 10:41:04 - [TEST_STEP][PASSED] - rightClick: Object: 'Object Repository/GRN/Page_KDMC - CMS/input_txtexpdate' is right clicked on

2018-05-11 10:41:04 - [MESSAGE][PASSED] - Object: 'Object Repository/GRN/Page_KDMC - CMS/input_txtexpdate' is right clicked on

2018-05-11 10:41:04 - [TEST_STEP][PASSED] - selectOptionByIndex: All options with index in [1] are selected on object 'Object Repository/GRN/Page_KDMC - CMS/select_20182019202020212022202'

2018-05-11 10:41:04 - [MESSAGE][PASSED] - All options with index in [1] are selected on object 'Object Repository/GRN/Page_KDMC - CMS/select_20182019202020212022202'

2018-05-11 10:41:04 - [TEST_STEP][PASSED] - selectOptionByIndex: All options with index in [1] are selected on object 'Object Repository/GRN/Page_KDMC - CMS/select_JanFebMarAprMayJunJulAu'

2018-05-11 10:41:05 - [MESSAGE][PASSED] - All options with index in [1] are selected on object 'Object Repository/GRN/Page_KDMC - CMS/select_JanFebMarAprMayJunJulAu'

2018-05-11 10:41:05 - [TEST_STEP][PASSED] - click: Object: 'Object Repository/MOH AND GRN/Page_KDMC - CMS/a_12' is clicked on

2018-05-11 10:41:05 - [MESSAGE][PASSED] - Object: 'Object Repository/MOH AND GRN/Page_KDMC - CMS/a_12' is clicked on

2018-05-11 10:41:05 - [TEST_STEP][PASSED] - click: Object: 'Object Repository/MOH AND GRN/Page_KDMC - CMS/input_btnadd' is clicked on

2018-05-11 10:41:05 - [MESSAGE][PASSED] - Object: 'Object Repository/MOH AND GRN/Page_KDMC - CMS/input_btnadd' is clicked on

2018-05-11 10:41:05 - [TEST_STEP][PASSED] - Statement - If (s == 10): null

2018-05-11 10:41:05 - [TEST_STEP][PASSED] - Statement - Else: null

2018-05-11 10:41:05 - [TEST_STEP][PASSED] - Statement - (s++): null

2018-05-11 10:41:05 - [TEST_STEP][PASSED] - delay: Delayed 1 second(s)

2018-05-11 10:41:06 - [MESSAGE][PASSED] - Delayed 1 second(s)

2018-05-11 10:41:06 - [TEST_STEP][PASSED] - selectOptionByIndex: All options with index in [12] are selected on object 'Object Repository/MOH AND GRN/Page_KDMC - CMS/select_--Select--Amikacin -500'

2018-05-11 10:41:06 - [MESSAGE][PASSED] - All options with index in [12] are selected on object 'Object Repository/MOH AND GRN/Page_KDMC - CMS/select_--Select--Amikacin -500'

2018-05-11 10:41:06 - [TEST_STEP][PASSED] - setText: Text '5000' is set on object 'Object Repository/MOH AND GRN/Page_KDMC - CMS/input_txtqty'

2018-05-11 10:41:06 - [MESSAGE][PASSED] - Text '5000' is set on object 'Object Repository/MOH AND GRN/Page_KDMC - CMS/input_txtqty'

2018-05-11 10:41:06 - [TEST_STEP][PASSED] - selectOptionByIndex: All options with index in [1] are selected on object 'Object Repository/MOH AND GRN/Page_KDMC - CMS/select_--Select--No Tax0'

2018-05-11 10:41:06 - [MESSAGE][PASSED] - All options with index in [1] are selected on object 'Object Repository/MOH AND GRN/Page_KDMC - CMS/select_--Select--No Tax0'

2018-05-11 10:41:06 - [TEST_STEP][PASSED] - setText: Finding Test Object with id 'Object Repository/MOH AND GRN/Page_KDMC - CMS/input_txtmrp'

2018-05-11 10:41:06 - [TEST_STEP][PASSED] - Statement - switch (id): Finding Test Object with id 'Object Repository/MOH AND GRN/Page_KDMC - CMS/input_txtdeal'

2018-05-11 10:41:06 - [TEST_STEP][PASSED] - Statement - case 4:: Text '23.0' is set on object 'Object Repository/MOH AND GRN/Page_KDMC - CMS/input_txtmrp'

2018-05-11 10:41:06 - [TEST_STEP][PASSED] - Statement - return (java.lang.Math.floor((java.lang.Math.random() * ((max - min) + 1))) + min): Text '23.0' is set on object 'Object Repository/MOH AND GRN/Page_KDMC - CMS/input_txtmrp'

2018-05-11 10:41:06 - [MESSAGE][PASSED] - Text '23.0' is set on object 'Object Repository/MOH AND GRN/Page_KDMC - CMS/input_txtmrp'

2018-05-11 10:41:06 - [TEST_STEP][PASSED] - setText: Finding Test Object with id 'Object Repository/MOH AND GRN/Page_KDMC - CMS/input_txtdeal'

2018-05-11 10:41:06 - [TEST_STEP][PASSED] - Statement - switch (id): Finding Test Object with id 'Object Repository/MOH AND GRN/Page_KDMC - CMS/input_txtbatchno'

2018-05-11 10:41:06 - [TEST_STEP][PASSED] - Statement - case 5:: Text '4.0' is set on object 'Object Repository/MOH AND GRN/Page_KDMC - CMS/input_txtdeal'

2018-05-11 10:41:06 - [TEST_STEP][PASSED] - Statement - return (java.lang.Math.floor((java.lang.Math.random() * ((max - min) + 1))) + min): Text '4.0' is set on object 'Object Repository/MOH AND GRN/Page_KDMC - CMS/input_txtdeal'

2018-05-11 10:41:06 - [MESSAGE][PASSED] - Text '4.0' is set on object 'Object Repository/MOH AND GRN/Page_KDMC - CMS/input_txtdeal'

2018-05-11 10:41:06 - [TEST_STEP][PASSED] - setText: Finding Test Object with id 'Object Repository/MOH AND GRN/Page_KDMC - CMS/input_txtbatchno'

2018-05-11 10:41:06 - [TEST_STEP][PASSED] - Statement - switch (id): Finding Test Object with id 'Object Repository/MOH AND GRN/Page_KDMC - CMS/input_txtmrp'

2018-05-11 10:41:06 - [TEST_STEP][PASSED] - Statement - case 1:: Text 'BA200.0' is set on object 'Object Repository/MOH AND GRN/Page_KDMC - CMS/input_txtbatchno'

2018-05-11 10:41:06 - [TEST_STEP][PASSED] - Statement - return (java.lang.Math.floor((java.lang.Math.random() * ((max - min) + 1))) + min): Text 'BA200.0' is set on object 'Object Repository/MOH AND GRN/Page_KDMC - CMS/input_txtbatchno'

2018-05-11 10:41:07 - [MESSAGE][PASSED] - Text 'BA200.0' is set on object 'Object Repository/MOH AND GRN/Page_KDMC - CMS/input_txtbatchno'

2018-05-11 10:41:07 - [TEST_STEP][PASSED] - rightClick: Object: 'Object Repository/GRN/Page_KDMC - CMS/input_txtexpdate' is right clicked on

2018-05-11 10:41:07 - [MESSAGE][PASSED] - Object: 'Object Repository/GRN/Page_KDMC - CMS/input_txtexpdate' is right clicked on

2018-05-11 10:41:07 - [TEST_STEP][PASSED] - selectOptionByIndex: All options with index in [2] are selected on object 'Object Repository/GRN/Page_KDMC - CMS/select_20182019202020212022202'

2018-05-11 10:41:07 - [MESSAGE][PASSED] - All options with index in [2] are selected on object 'Object Repository/GRN/Page_KDMC - CMS/select_20182019202020212022202'

2018-05-11 10:41:07 - [TEST_STEP][PASSED] - selectOptionByIndex: All options with index in [2] are selected on object 'Object Repository/GRN/Page_KDMC - CMS/select_JanFebMarAprMayJunJulAu'

2018-05-11 10:41:07 - [MESSAGE][PASSED] - All options with index in [2] are selected on object 'Object Repository/GRN/Page_KDMC - CMS/select_JanFebMarAprMayJunJulAu'

2018-05-11 10:41:07 - [TEST_STEP][PASSED] - click: Object: 'Object Repository/MOH AND GRN/Page_KDMC - CMS/a_12' is clicked on

2018-05-11 10:41:07 - [MESSAGE][PASSED] - Object: 'Object Repository/MOH AND GRN/Page_KDMC - CMS/a_12' is clicked on

2018-05-11 10:41:07 - [TEST_STEP][PASSED] - click: Object: 'Object Repository/MOH AND GRN/Page_KDMC - CMS/input_btnadd' is clicked on

2018-05-11 10:41:07 - [MESSAGE][PASSED] - Object: 'Object Repository/MOH AND GRN/Page_KDMC - CMS/input_btnadd' is clicked on

2018-05-11 10:41:07 - [TEST_STEP][PASSED] - Statement - If (s == 10): null

2018-05-11 10:41:07 - [TEST_STEP][PASSED] - Statement - Else: null

2018-05-11 10:41:07 - [TEST_STEP][PASSED] - Statement - (s++): null

2018-05-11 10:41:07 - [TEST_STEP][PASSED] - delay: Delayed 1 second(s)

2018-05-11 10:41:08 - [MESSAGE][PASSED] - Delayed 1 second(s)

2018-05-11 10:41:08 - [TEST_STEP][PASSED] - selectOptionByIndex: All options with index in [13] are selected on object 'Object Repository/MOH AND GRN/Page_KDMC - CMS/select_--Select--Amikacin -500'

2018-05-11 10:41:08 - [MESSAGE][PASSED] - All options with index in [13] are selected on object 'Object Repository/MOH AND GRN/Page_KDMC - CMS/select_--Select--Amikacin -500'

2018-05-11 10:41:08 - [TEST_STEP][PASSED] - setText: Text '5000' is set on object 'Object Repository/MOH AND GRN/Page_KDMC - CMS/input_txtqty'

2018-05-11 10:41:08 - [MESSAGE][PASSED] - Text '5000' is set on object 'Object Repository/MOH AND GRN/Page_KDMC - CMS/input_txtqty'

2018-05-11 10:41:08 - [TEST_STEP][PASSED] - selectOptionByIndex: All options with index in [1] are selected on object 'Object Repository/MOH AND GRN/Page_KDMC - CMS/select_--Select--No Tax0'

2018-05-11 10:41:09 - [MESSAGE][PASSED] - All options with index in [1] are selected on object 'Object Repository/MOH AND GRN/Page_KDMC - CMS/select_--Select--No Tax0'

2018-05-11 10:41:09 - [TEST_STEP][PASSED] - setText: Finding Test Object with id 'Object Repository/MOH AND GRN/Page_KDMC - CMS/input_txtmrp'

2018-05-11 10:41:09 - [TEST_STEP][PASSED] - Statement - switch (id): Finding Test Object with id 'Object Repository/MOH AND GRN/Page_KDMC - CMS/input_txtdeal'

2018-05-11 10:41:09 - [TEST_STEP][PASSED] - Statement - case 4:: Text '40.0' is set on object 'Object Repository/MOH AND GRN/Page_KDMC - CMS/input_txtmrp'

2018-05-11 10:41:09 - [TEST_STEP][PASSED] - Statement - return (java.lang.Math.floor((java.lang.Math.random() * ((max - min) + 1))) + min): Text '40.0' is set on object 'Object Repository/MOH AND GRN/Page_KDMC - CMS/input_txtmrp'

2018-05-11 10:41:09 - [MESSAGE][PASSED] - Text '40.0' is set on object 'Object Repository/MOH AND GRN/Page_KDMC - CMS/input_txtmrp'

2018-05-11 10:41:09 - [TEST_STEP][PASSED] - setText: Finding Test Object with id 'Object Repository/MOH AND GRN/Page_KDMC - CMS/input_txtdeal'

2018-05-11 10:41:09 - [TEST_STEP][PASSED] - Statement - switch (id): Finding Test Object with id 'Object Repository/MOH AND GRN/Page_KDMC - CMS/input_txtbatchno'

2018-05-11 10:41:09 - [TEST_STEP][PASSED] - Statement - case 5:: Text '10.0' is set on object 'Object Repository/MOH AND GRN/Page_KDMC - CMS/input_txtdeal'

2018-05-11 10:41:09 - [TEST_STEP][PASSED] - Statement - return (java.lang.Math.floor((java.lang.Math.random() * ((max - min) + 1))) + min): Text '10.0' is set on object 'Object Repository/MOH AND GRN/Page_KDMC - CMS/input_txtdeal'

2018-05-11 10:41:09 - [MESSAGE][PASSED] - Text '10.0' is set on object 'Object Repository/MOH AND GRN/Page_KDMC - CMS/input_txtdeal'

2018-05-11 10:41:09 - [TEST_STEP][PASSED] - setText: Finding Test Object with id 'Object Repository/MOH AND GRN/Page_KDMC - CMS/input_txtbatchno'

2018-05-11 10:41:09 - [TEST_STEP][PASSED] - Statement - switch (id): Finding Test Object with id 'Object Repository/MOH AND GRN/Page_KDMC - CMS/input_txtmrp'

2018-05-11 10:41:09 - [TEST_STEP][PASSED] - Statement - case 1:: Text 'BA257.0' is set on object 'Object Repository/MOH AND GRN/Page_KDMC - CMS/input_txtbatchno'

2018-05-11 10:41:09 - [TEST_STEP][PASSED] - Statement - return (java.lang.Math.floor((java.lang.Math.random() * ((max - min) + 1))) + min): Text 'BA257.0' is set on object 'Object Repository/MOH AND GRN/Page_KDMC - CMS/input_txtbatchno'

2018-05-11 10:41:09 - [MESSAGE][PASSED] - Text 'BA257.0' is set on object 'Object Repository/MOH AND GRN/Page_KDMC - CMS/input_txtbatchno'

2018-05-11 10:41:09 - [TEST_STEP][PASSED] - rightClick: Object: 'Object Repository/GRN/Page_KDMC - CMS/input_txtexpdate' is right clicked on

2018-05-11 10:41:09 - [MESSAGE][PASSED] - Object: 'Object Repository/GRN/Page_KDMC - CMS/input_txtexpdate' is right clicked on

2018-05-11 10:41:09 - [TEST_STEP][PASSED] - selectOptionByIndex: All options with index in [3] are selected on object 'Object Repository/GRN/Page_KDMC - CMS/select_20182019202020212022202'

2018-05-11 10:41:09 - [MESSAGE][PASSED] - All options with index in [3] are selected on object 'Object Repository/GRN/Page_KDMC - CMS/select_20182019202020212022202'

2018-05-11 10:41:09 - [TEST_STEP][PASSED] - selectOptionByIndex: All options with index in [3] are selected on object 'Object Repository/GRN/Page_KDMC - CMS/select_JanFebMarAprMayJunJulAu'

2018-05-11 10:41:09 - [MESSAGE][PASSED] - All options with index in [3] are selected on object 'Object Repository/GRN/Page_KDMC - CMS/select_JanFebMarAprMayJunJulAu'

2018-05-11 10:41:09 - [TEST_STEP][PASSED] - click: Object: 'Object Repository/MOH AND GRN/Page_KDMC - CMS/a_12' is clicked on

2018-05-11 10:41:09 - [MESSAGE][PASSED] - Object: 'Object Repository/MOH AND GRN/Page_KDMC - CMS/a_12' is clicked on

2018-05-11 10:41:09 - [TEST_STEP][PASSED] - click: Object: 'Object Repository/MOH AND GRN/Page_KDMC - CMS/input_btnadd' is clicked on

2018-05-11 10:41:09 - [MESSAGE][PASSED] - Object: 'Object Repository/MOH AND GRN/Page_KDMC - CMS/input_btnadd' is clicked on

2018-05-11 10:41:09 - [TEST_STEP][PASSED] - Statement - If (s == 10): null

2018-05-11 10:41:09 - [TEST_STEP][PASSED] - Statement - Else: null

2018-05-11 10:41:09 - [TEST_STEP][PASSED] - Statement - (s++): null

2018-05-11 10:41:09 - [TEST_STEP][PASSED] - delay: Delayed 1 second(s)

2018-05-11 10:41:10 - [MESSAGE][PASSED] - Delayed 1 second(s)

2018-05-11 10:41:10 - [TEST_STEP][PASSED] - selectOptionByIndex: All options with index in [14] are selected on object 'Object Repository/MOH AND GRN/Page_KDMC - CMS/select_--Select--Amikacin -500'

2018-05-11 10:41:11 - [MESSAGE][PASSED] - All options with index in [14] are selected on object 'Object Repository/MOH AND GRN/Page_KDMC - CMS/select_--Select--Amikacin -500'

2018-05-11 10:41:11 - [TEST_STEP][PASSED] - setText: Text '5000' is set on object 'Object Repository/MOH AND GRN/Page_KDMC - CMS/input_txtqty'

2018-05-11 10:41:11 - [MESSAGE][PASSED] - Text '5000' is set on object 'Object Repository/MOH AND GRN/Page_KDMC - CMS/input_txtqty'

2018-05-11 10:41:11 - [TEST_STEP][PASSED] - selectOptionByIndex: All options with index in [1] are selected on object 'Object Repository/MOH AND GRN/Page_KDMC - CMS/select_--Select--No Tax0'

2018-05-11 10:41:11 - [MESSAGE][PASSED] - All options with index in [1] are selected on object 'Object Repository/MOH AND GRN/Page_KDMC - CMS/select_--Select--No Tax0'

2018-05-11 10:41:11 - [TEST_STEP][PASSED] - setText: Finding Test Object with id 'Object Repository/MOH AND GRN/Page_KDMC - CMS/input_txtmrp'

2018-05-11 10:41:11 - [TEST_STEP][PASSED] - Statement - switch (id): Finding Test Object with id 'Object Repository/MOH AND GRN/Page_KDMC - CMS/input_txtdeal'

2018-05-11 10:41:11 - [TEST_STEP][PASSED] - Statement - case 4:: Text '35.0' is set on object 'Object Repository/MOH AND GRN/Page_KDMC - CMS/input_txtmrp'

2018-05-11 10:41:11 - [TEST_STEP][PASSED] - Statement - return (java.lang.Math.floor((java.lang.Math.random() * ((max - min) + 1))) + min): Text '35.0' is set on object 'Object Repository/MOH AND GRN/Page_KDMC - CMS/input_txtmrp'

2018-05-11 10:41:11 - [MESSAGE][PASSED] - Text '35.0' is set on object 'Object Repository/MOH AND GRN/Page_KDMC - CMS/input_txtmrp'

2018-05-11 10:41:11 - [TEST_STEP][PASSED] - setText: Finding Test Object with id 'Object Repository/MOH AND GRN/Page_KDMC - CMS/input_txtdeal'

2018-05-11 10:41:11 - [TEST_STEP][PASSED] - Statement - switch (id): Finding Test Object with id 'Object Repository/MOH AND GRN/Page_KDMC - CMS/input_txtbatchno'

2018-05-11 10:41:11 - [TEST_STEP][PASSED] - Statement - case 5:: Text '6.0' is set on object 'Object Repository/MOH AND GRN/Page_KDMC - CMS/input_txtdeal'

2018-05-11 10:41:11 - [TEST_STEP][PASSED] - Statement - return (java.lang.Math.floor((java.lang.Math.random() * ((max - min) + 1))) + min): Text '6.0' is set on object 'Object Repository/MOH AND GRN/Page_KDMC - CMS/input_txtdeal'

2018-05-11 10:41:11 - [MESSAGE][PASSED] - Text '6.0' is set on object 'Object Repository/MOH AND GRN/Page_KDMC - CMS/input_txtdeal'

2018-05-11 10:41:11 - [TEST_STEP][PASSED] - setText: Finding Test Object with id 'Object Repository/MOH AND GRN/Page_KDMC - CMS/input_txtbatchno'

2018-05-11 10:41:11 - [TEST_STEP][PASSED] - Statement - switch (id): Finding Test Object with id 'Object Repository/MOH AND GRN/Page_KDMC - CMS/input_txtmrp'

2018-05-11 10:41:11 - [TEST_STEP][PASSED] - Statement - case 1:: Text 'BA53.0' is set on object 'Object Repository/MOH AND GRN/Page_KDMC - CMS/input_txtbatchno'

2018-05-11 10:41:11 - [TEST_STEP][PASSED] - Statement - return (java.lang.Math.floor((java.lang.Math.random() * ((max - min) + 1))) + min): Text 'BA53.0' is set on object 'Object Repository/MOH AND GRN/Page_KDMC - CMS/input_txtbatchno'

2018-05-11 10:41:11 - [MESSAGE][PASSED] - Text 'BA53.0' is set on object 'Object Repository/MOH AND GRN/Page_KDMC - CMS/input_txtbatchno'

2018-05-11 10:41:11 - [TEST_STEP][PASSED] - rightClick: Object: 'Object Repository/GRN/Page_KDMC - CMS/input_txtexpdate' is right clicked on

2018-05-11 10:41:11 - [MESSAGE][PASSED] - Object: 'Object Repository/GRN/Page_KDMC - CMS/input_txtexpdate' is right clicked on

2018-05-11 10:41:11 - [TEST_STEP][PASSED] - selectOptionByIndex: All options with index in [4] are selected on object 'Object Repository/GRN/Page_KDMC - CMS/select_20182019202020212022202'

2018-05-11 10:41:11 - [MESSAGE][PASSED] - All options with index in [4] are selected on object 'Object Repository/GRN/Page_KDMC - CMS/select_20182019202020212022202'

2018-05-11 10:41:11 - [TEST_STEP][PASSED] - selectOptionByIndex: All options with index in [4] are selected on object 'Object Repository/GRN/Page_KDMC - CMS/select_JanFebMarAprMayJunJulAu'

2018-05-11 10:41:11 - [MESSAGE][PASSED] - All options with index in [4] are selected on object 'Object Repository/GRN/Page_KDMC - CMS/select_JanFebMarAprMayJunJulAu'

2018-05-11 10:41:11 - [TEST_STEP][PASSED] - click: Object: 'Object Repository/MOH AND GRN/Page_KDMC - CMS/a_12' is clicked on

2018-05-11 10:41:12 - [MESSAGE][PASSED] - Object: 'Object Repository/MOH AND GRN/Page_KDMC - CMS/a_12' is clicked on

2018-05-11 10:41:12 - [TEST_STEP][PASSED] - click: Object: 'Object Repository/MOH AND GRN/Page_KDMC - CMS/input_btnadd' is clicked on

2018-05-11 10:41:12 - [MESSAGE][PASSED] - Object: 'Object Repository/MOH AND GRN/Page_KDMC - CMS/input_btnadd' is clicked on

2018-05-11 10:41:12 - [TEST_STEP][PASSED] - Statement - If (s == 10): null

2018-05-11 10:41:12 - [TEST_STEP][PASSED] - Statement - Else: null

2018-05-11 10:41:12 - [TEST_STEP][PASSED] - Statement - (s++): null

2018-05-11 10:41:12 - [TEST_STEP][PASSED] - delay: Delayed 1 second(s)

2018-05-11 10:41:13 - [MESSAGE][PASSED] - Delayed 1 second(s)

2018-05-11 10:41:13 - [TEST_STEP][PASSED] - selectOptionByIndex: All options with index in [15] are selected on object 'Object Repository/MOH AND GRN/Page_KDMC - CMS/select_--Select--Amikacin -500'

2018-05-11 10:41:13 - [MESSAGE][PASSED] - All options with index in [15] are selected on object 'Object Repository/MOH AND GRN/Page_KDMC - CMS/select_--Select--Amikacin -500'

2018-05-11 10:41:13 - [TEST_STEP][PASSED] - setText: Text '5000' is set on object 'Object Repository/MOH AND GRN/Page_KDMC - CMS/input_txtqty'

2018-05-11 10:41:13 - [MESSAGE][PASSED] - Text '5000' is set on object 'Object Repository/MOH AND GRN/Page_KDMC - CMS/input_txtqty'

2018-05-11 10:41:13 - [TEST_STEP][PASSED] - selectOptionByIndex: All options with index in [1] are selected on object 'Object Repository/MOH AND GRN/Page_KDMC - CMS/select_--Select--No Tax0'

2018-05-11 10:41:13 - [MESSAGE][PASSED] - All options with index in [1] are selected on object 'Object Repository/MOH AND GRN/Page_KDMC - CMS/select_--Select--No Tax0'

2018-05-11 10:41:13 - [TEST_STEP][PASSED] - setText: Finding Test Object with id 'Object Repository/MOH AND GRN/Page_KDMC - CMS/input_txtmrp'

2018-05-11 10:41:13 - [TEST_STEP][PASSED] - Statement - switch (id): Finding Test Object with id 'Object Repository/MOH AND GRN/Page_KDMC - CMS/input_txtdeal'

2018-05-11 10:41:13 - [TEST_STEP][PASSED] - Statement - case 4:: Text '37.0' is set on object 'Object Repository/MOH AND GRN/Page_KDMC - CMS/input_txtmrp'

2018-05-11 10:41:13 - [TEST_STEP][PASSED] - Statement - return (java.lang.Math.floor((java.lang.Math.random() * ((max - min) + 1))) + min): Text '37.0' is set on object 'Object Repository/MOH AND GRN/Page_KDMC - CMS/input_txtmrp'

2018-05-11 10:41:13 - [MESSAGE][PASSED] - Text '37.0' is set on object 'Object Repository/MOH AND GRN/Page_KDMC - CMS/input_txtmrp'

2018-05-11 10:41:13 - [TEST_STEP][PASSED] - setText: Finding Test Object with id 'Object Repository/MOH AND GRN/Page_KDMC - CMS/input_txtdeal'

2018-05-11 10:41:13 - [TEST_STEP][PASSED] - Statement - switch (id): Finding Test Object with id 'Object Repository/MOH AND GRN/Page_KDMC - CMS/input_txtbatchno'

2018-05-11 10:41:13 - [TEST_STEP][PASSED] - Statement - case 5:: Text '11.0' is set on object 'Object Repository/MOH AND GRN/Page_KDMC - CMS/input_txtdeal'

2018-05-11 10:41:13 - [TEST_STEP][PASSED] - Statement - return (java.lang.Math.floor((java.lang.Math.random() * ((max - min) + 1))) + min): Text '11.0' is set on object 'Object Repository/MOH AND GRN/Page_KDMC - CMS/input_txtdeal'

2018-05-11 10:41:13 - [MESSAGE][PASSED] - Text '11.0' is set on object 'Object Repository/MOH AND GRN/Page_KDMC - CMS/input_txtdeal'

2018-05-11 10:41:13 - [TEST_STEP][PASSED] - setText: Finding Test Object with id 'Object Repository/MOH AND GRN/Page_KDMC - CMS/input_txtbatchno'

2018-05-11 10:41:13 - [TEST_STEP][PASSED] - Statement - switch (id): Finding Test Object with id 'Object Repository/MOH AND GRN/Page_KDMC - CMS/input_txtmrp'

2018-05-11 10:41:13 - [TEST_STEP][PASSED] - Statement - case 1:: Text 'BA440.0' is set on object 'Object Repository/MOH AND GRN/Page_KDMC - CMS/input_txtbatchno'

2018-05-11 10:41:13 - [TEST_STEP][PASSED] - Statement - return (java.lang.Math.floor((java.lang.Math.random() * ((max - min) + 1))) + min): Text 'BA440.0' is set on object 'Object Repository/MOH AND GRN/Page_KDMC - CMS/input_txtbatchno'

2018-05-11 10:41:13 - [MESSAGE][PASSED] - Text 'BA440.0' is set on object 'Object Repository/MOH AND GRN/Page_KDMC - CMS/input_txtbatchno'

2018-05-11 10:41:13 - [TEST_STEP][PASSED] - rightClick: Object: 'Object Repository/GRN/Page_KDMC - CMS/input_txtexpdate' is right clicked on

2018-05-11 10:41:13 - [MESSAGE][PASSED] - Object: 'Object Repository/GRN/Page_KDMC - CMS/input_txtexpdate' is right clicked on

2018-05-11 10:41:13 - [TEST_STEP][PASSED] - selectOptionByIndex: All options with index in [5] are selected on object 'Object Repository/GRN/Page_KDMC - CMS/select_20182019202020212022202'

2018-05-11 10:41:14 - [MESSAGE][PASSED] - All options with index in [5] are selected on object 'Object Repository/GRN/Page_KDMC - CMS/select_20182019202020212022202'

2018-05-11 10:41:14 - [TEST_STEP][PASSED] - selectOptionByIndex: All options with index in [5] are selected on object 'Object Repository/GRN/Page_KDMC - CMS/select_JanFebMarAprMayJunJulAu'

2018-05-11 10:41:14 - [MESSAGE][PASSED] - All options with index in [5] are selected on object 'Object Repository/GRN/Page_KDMC - CMS/select_JanFebMarAprMayJunJulAu'

2018-05-11 10:41:14 - [TEST_STEP][PASSED] - click: Object: 'Object Repository/MOH AND GRN/Page_KDMC - CMS/a_12' is clicked on

2018-05-11 10:41:14 - [MESSAGE][PASSED] - Object: 'Object Repository/MOH AND GRN/Page_KDMC - CMS/a_12' is clicked on

2018-05-11 10:41:14 - [TEST_STEP][PASSED] - click: Object: 'Object Repository/MOH AND GRN/Page_KDMC - CMS/input_btnadd' is clicked on

2018-05-11 10:41:14 - [MESSAGE][PASSED] - Object: 'Object Repository/MOH AND GRN/Page_KDMC - CMS/input_btnadd' is clicked on

2018-05-11 10:41:14 - [TEST_STEP][PASSED] - Statement - If (s == 10): null

2018-05-11 10:41:14 - [TEST_STEP][PASSED] - Statement - Else: null

2018-05-11 10:41:14 - [TEST_STEP][PASSED] - Statement - (s++): null

2018-05-11 10:41:14 - [TEST_STEP][PASSED] - delay: Delayed 1 second(s)

2018-05-11 10:41:15 - [MESSAGE][PASSED] - Delayed 1 second(s)

2018-05-11 10:41:15 - [TEST_STEP][PASSED] - selectOptionByIndex: All options with index in [16] are selected on object 'Object Repository/MOH AND GRN/Page_KDMC - CMS/select_--Select--Amikacin -500'

2018-05-11 10:41:15 - [MESSAGE][PASSED] - All options with index in [16] are selected on object 'Object Repository/MOH AND GRN/Page_KDMC - CMS/select_--Select--Amikacin -500'

2018-05-11 10:41:15 - [TEST_STEP][PASSED] - setText: Text '5000' is set on object 'Object Repository/MOH AND GRN/Page_KDMC - CMS/input_txtqty'

2018-05-11 10:41:15 - [MESSAGE][PASSED] - Text '5000' is set on object 'Object Repository/MOH AND GRN/Page_KDMC - CMS/input_txtqty'

2018-05-11 10:41:15 - [TEST_STEP][PASSED] - selectOptionByIndex: All options with index in [1] are selected on object 'Object Repository/MOH AND GRN/Page_KDMC - CMS/select_--Select--No Tax0'

2018-05-11 10:41:15 - [MESSAGE][PASSED] - All options with index in [1] are selected on object 'Object Repository/MOH AND GRN/Page_KDMC - CMS/select_--Select--No Tax0'

2018-05-11 10:41:15 - [TEST_STEP][PASSED] - setText: Finding Test Object with id 'Object Repository/MOH AND GRN/Page_KDMC - CMS/input_txtmrp'

2018-05-11 10:41:15 - [TEST_STEP][PASSED] - Statement - switch (id): Finding Test Object with id 'Object Repository/MOH AND GRN/Page_KDMC - CMS/input_txtdeal'

2018-05-11 10:41:15 - [TEST_STEP][PASSED] - Statement - case 4:: Text '18.0' is set on object 'Object Repository/MOH AND GRN/Page_KDMC - CMS/input_txtmrp'

2018-05-11 10:41:15 - [TEST_STEP][PASSED] - Statement - return (java.lang.Math.floor((java.lang.Math.random() * ((max - min) + 1))) + min): Text '18.0' is set on object 'Object Repository/MOH AND GRN/Page_KDMC - CMS/input_txtmrp'

2018-05-11 10:41:16 - [MESSAGE][PASSED] - Text '18.0' is set on object 'Object Repository/MOH AND GRN/Page_KDMC - CMS/input_txtmrp'

2018-05-11 10:41:16 - [TEST_STEP][PASSED] - setText: Finding Test Object with id 'Object Repository/MOH AND GRN/Page_KDMC - CMS/input_txtdeal'

2018-05-11 10:41:16 - [TEST_STEP][PASSED] - Statement - switch (id): Finding Test Object with id 'Object Repository/MOH AND GRN/Page_KDMC - CMS/input_txtbatchno'

2018-05-11 10:41:16 - [TEST_STEP][PASSED] - Statement - case 5:: Text '9.0' is set on object 'Object Repository/MOH AND GRN/Page_KDMC - CMS/input_txtdeal'

2018-05-11 10:41:16 - [TEST_STEP][PASSED] - Statement - return (java.lang.Math.floor((java.lang.Math.random() * ((max - min) + 1))) + min): Text '9.0' is set on object 'Object Repository/MOH AND GRN/Page_KDMC - CMS/input_txtdeal'

2018-05-11 10:41:16 - [MESSAGE][PASSED] - Text '9.0' is set on object 'Object Repository/MOH AND GRN/Page_KDMC - CMS/input_txtdeal'

2018-05-11 10:41:16 - [TEST_STEP][PASSED] - setText: Finding Test Object with id 'Object Repository/MOH AND GRN/Page_KDMC - CMS/input_txtbatchno'

2018-05-11 10:41:16 - [TEST_STEP][PASSED] - Statement - switch (id): Delayed 1 second(s)

2018-05-11 10:41:16 - [TEST_STEP][PASSED] - Statement - case 1:: Text 'BA71.0' is set on object 'Object Repository/MOH AND GRN/Page_KDMC - CMS/input_txtbatchno'

2018-05-11 10:41:16 - [TEST_STEP][PASSED] - Statement - return (java.lang.Math.floor((java.lang.Math.random() * ((max - min) + 1))) + min): Text 'BA71.0' is set on object 'Object Repository/MOH AND GRN/Page_KDMC - CMS/input_txtbatchno'

2018-05-11 10:41:16 - [MESSAGE][PASSED] - Text 'BA71.0' is set on object 'Object Repository/MOH AND GRN/Page_KDMC - CMS/input_txtbatchno'

2018-05-11 10:41:16 - [TEST_STEP][PASSED] - rightClick: Object: 'Object Repository/GRN/Page_KDMC - CMS/input_txtexpdate' is right clicked on

2018-05-11 10:41:16 - [MESSAGE][PASSED] - Object: 'Object Repository/GRN/Page_KDMC - CMS/input_txtexpdate' is right clicked on

2018-05-11 10:41:16 - [TEST_STEP][PASSED] - selectOptionByIndex: All options with index in [6] are selected on object 'Object Repository/GRN/Page_KDMC - CMS/select_20182019202020212022202'

2018-05-11 10:41:16 - [MESSAGE][PASSED] - All options with index in [6] are selected on object 'Object Repository/GRN/Page_KDMC - CMS/select_20182019202020212022202'

2018-05-11 10:41:16 - [TEST_STEP][PASSED] - selectOptionByIndex: All options with index in [6] are selected on object 'Object Repository/GRN/Page_KDMC - CMS/select_JanFebMarAprMayJunJulAu'

2018-05-11 10:41:16 - [MESSAGE][PASSED] - All options with index in [6] are selected on object 'Object Repository/GRN/Page_KDMC - CMS/select_JanFebMarAprMayJunJulAu'

2018-05-11 10:41:16 - [TEST_STEP][PASSED] - click: Object: 'Object Repository/MOH AND GRN/Page_KDMC - CMS/a_12' is clicked on

2018-05-11 10:41:16 - [MESSAGE][PASSED] - Object: 'Object Repository/MOH AND GRN/Page_KDMC - CMS/a_12' is clicked on

2018-05-11 10:41:16 - [TEST_STEP][PASSED] - click: Object: 'Object Repository/MOH AND GRN/Page_KDMC - CMS/input_btnadd' is clicked on

2018-05-11 10:41:16 - [MESSAGE][PASSED] - Object: 'Object Repository/MOH AND GRN/Page_KDMC - CMS/input_btnadd' is clicked on

2018-05-11 10:41:16 - [TEST_STEP][PASSED] - Statement - If (s == 10): null

2018-05-11 10:41:16 - [TEST_STEP][PASSED] - Statement - Else: null

2018-05-11 10:41:16 - [TEST_STEP][PASSED] - Statement - (s++): null

2018-05-11 10:41:16 - [TEST_STEP][PASSED] - delay: Delayed 1 second(s)

2018-05-11 10:41:17 - [MESSAGE][PASSED] - Delayed 1 second(s)

2018-05-11 10:41:17 - [TEST_STEP][PASSED] - scrollToElement: Scroll to object 'Object Repository/MOH AND GRN/Page_KDMC - CMS/input_btnSubmit' successfully

2018-05-11 10:41:17 - [MESSAGE][PASSED] - Scroll to object 'Object Repository/MOH AND GRN/Page_KDMC - CMS/input_btnSubmit' successfully

2018-05-11 10:41:17 - [TEST_STEP][PASSED] - click: Object: 'Object Repository/MOH AND GRN/Page_KDMC - CMS/input_btnSubmit' is clicked on

2018-05-11 10:41:18 - [MESSAGE][PASSED] - Object: 'Object Repository/MOH AND GRN/Page_KDMC - CMS/input_btnSubmit' is clicked on

2018-05-11 10:41:18 - [TEST_STEP][PASSED] - delay: Delayed 3 second(s)

2018-05-11 10:41:21 - [MESSAGE][PASSED] - Delayed 3 second(s)

2018-05-11 10:41:21 - [TEST_STEP][PASSED] - click: Object: 'Object Repository/MOH AND GRN/Page_KDMC - CMS/button_OK' is clicked on

2018-05-11 10:41:21 - [MESSAGE][PASSED] - Object: 'Object Repository/MOH AND GRN/Page_KDMC - CMS/button_OK' is clicked on

2018-05-11 10:41:21 - [TEST_STEP][PASSED] - delay: Delayed 2 second(s)

2018-05-11 10:41:23 - [MESSAGE][PASSED] - Delayed 2 second(s)

2018-05-11 10:41:23 - [TEST_STEP][PASSED] - delay: Delayed 3 second(s)

2018-05-11 10:41:26 - [MESSAGE][PASSED] - Delayed 3 second(s)

2018-05-11 10:41:26 - [TEST_STEP][PASSED] - click: Object: 'Object Repository/MOH AND GRN/Page_KDMC - CMS/a_dropdown-toggle' is clicked on

2018-05-11 10:41:26 - [MESSAGE][PASSED] - Object: 'Object Repository/MOH AND GRN/Page_KDMC - CMS/a_dropdown-toggle' is clicked on

2018-05-11 10:41:26 - [TEST_STEP][PASSED] - click: Object: 'Object Repository/MOH AND GRN/Page_KDMC - CMS/a_Sign out' is clicked on

2018-05-11 10:41:27 - [MESSAGE][PASSED] - Object: 'Object Repository/MOH AND GRN/Page_KDMC - CMS/a_Sign out' is clicked on

2018-05-11 10:41:27 - [TEST_STEP][PASSED] - closeBrowser: Browser is closed

2018-05-11 10:41:27 - [MESSAGE][PASSED] - Browser is closed]]></system-out>
         <system-err><![CDATA[]]></system-err>
      </testcase>
      <testcase name="Test Cases/MOH REQUEST AND GRN/Moh Request GRN  Schedule 6" classname="Test Cases/MOH REQUEST AND GRN/Moh Request GRN  Schedule 6" status="PASSED">
         <system-out><![CDATA[2018-05-11 10:41:27 - [TEST_CASE][PASSED] - Test Cases/MOH REQUEST AND GRN/Moh Request GRN  Schedule 6: Test Cases/MOH REQUEST AND GRN/Moh Request GRN  Schedule 6

2018-05-11 10:41:28 - [TEST_STEP][PASSED] - openBrowser: Browser is opened with url: ''

2018-05-11 10:41:30 - [MESSAGE][PASSED] - Browser is opened with url: ''

2018-05-11 10:41:30 - [TEST_STEP][PASSED] - navigateToUrl: Navigate to 'http://192.168.137.1/multihospital_new/' successfully

2018-05-11 10:41:33 - [MESSAGE][PASSED] - Navigate to 'http://192.168.137.1/multihospital_new/' successfully

2018-05-11 10:41:33 - [TEST_STEP][PASSED] - maximizeWindow: Current window maximized

2018-05-11 10:41:34 - [MESSAGE][PASSED] - Current window maximized

2018-05-11 10:41:34 - [TEST_STEP][PASSED] - click: Object: 'Object Repository/MOH AND GRN/Page_KDMC/a_CMS' is clicked on

2018-05-11 10:41:34 - [MESSAGE][PASSED] - Object: 'Object Repository/MOH AND GRN/Page_KDMC/a_CMS' is clicked on

2018-05-11 10:41:34 - [TEST_STEP][PASSED] - setText: Text 'bala' is set on object 'Object Repository/MOH AND GRN/Page_CMS login/input_txtusername'

2018-05-11 10:41:35 - [MESSAGE][PASSED] - Text 'bala' is set on object 'Object Repository/MOH AND GRN/Page_CMS login/input_txtusername'

2018-05-11 10:41:35 - [TEST_STEP][PASSED] - setText: Text '123' is set on object 'Object Repository/MOH AND GRN/Page_CMS login/input_txtpassword'

2018-05-11 10:41:35 - [MESSAGE][PASSED] - Text '123' is set on object 'Object Repository/MOH AND GRN/Page_CMS login/input_txtpassword'

2018-05-11 10:41:35 - [TEST_STEP][PASSED] - delay: Delayed 3 second(s)

2018-05-11 10:41:38 - [MESSAGE][PASSED] - Delayed 3 second(s)

2018-05-11 10:41:38 - [TEST_STEP][PASSED] - click: Object: 'Object Repository/MOH AND GRN/Page_CMS login/button_Sign in' is clicked on

2018-05-11 10:41:39 - [MESSAGE][PASSED] - Object: 'Object Repository/MOH AND GRN/Page_CMS login/button_Sign in' is clicked on

2018-05-11 10:41:39 - [TEST_STEP][PASSED] - click: Object: 'Object Repository/MOH AND GRN/Page_KDMC - CMS/a_Request to MOH' is clicked on

2018-05-11 10:41:40 - [MESSAGE][PASSED] - Object: 'Object Repository/MOH AND GRN/Page_KDMC - CMS/a_Request to MOH' is clicked on

2018-05-11 10:41:40 - [TEST_STEP][PASSED] - selectOptionByIndex: All options with index in [2] are selected on object 'Object Repository/MOH AND GRN/Page_KDMC - CMS/select_--Select--'

2018-05-11 10:41:40 - [MESSAGE][PASSED] - All options with index in [2] are selected on object 'Object Repository/MOH AND GRN/Page_KDMC - CMS/select_--Select--'

2018-05-11 10:41:40 - [TEST_STEP][PASSED] - selectOptionByIndex: All options with index in [6] are selected on object 'Object Repository/MOH AND GRN/Page_KDMC - CMS/select_--Select--Schedule 1Inj'

2018-05-11 10:41:40 - [MESSAGE][PASSED] - All options with index in [6] are selected on object 'Object Repository/MOH AND GRN/Page_KDMC - CMS/select_--Select--Schedule 1Inj'

2018-05-11 10:41:40 - [TEST_STEP][PASSED] - Statement - selectedoptions = com.kms.katalon.core.webui.keyword.WebUiBuiltInKeywords.getNumberOfTotalOption(com.kms.katalon.core.testobject.ObjectRepository.findTestObject(MOH AND GRN/Page_KDMC - CMS/select_--Select--Adernaline 0.)): 14 options of object 'Object Repository/MOH AND GRN/Page_KDMC - CMS/select_--Select--Adernaline 0.' counted

2018-05-11 10:41:40 - [MESSAGE][PASSED] - 14 options of object 'Object Repository/MOH AND GRN/Page_KDMC - CMS/select_--Select--Adernaline 0.' counted

2018-05-11 10:41:40 - [TEST_STEP][PASSED] - Statement - For ([j = 1, j <= selectedoptions - 1, (j++)]): Object: 'Object Repository/MOH AND GRN/Page_KDMC - CMS/button_Add' is clicked on

2018-05-11 10:41:40 - [TEST_STEP][PASSED] - selectOptionByIndex: All options with index in [6] are selected on object 'Object Repository/MOH AND GRN/Page_KDMC - CMS/select_--Select--Schedule 1Inj'

2018-05-11 10:41:40 - [MESSAGE][PASSED] - All options with index in [6] are selected on object 'Object Repository/MOH AND GRN/Page_KDMC - CMS/select_--Select--Schedule 1Inj'

2018-05-11 10:41:40 - [TEST_STEP][PASSED] - selectOptionByIndex: All options with index in [1] are selected on object 'Object Repository/MOH AND GRN/Page_KDMC - CMS/select_--Select--Adernaline 0.'

2018-05-11 10:41:40 - [MESSAGE][PASSED] - All options with index in [1] are selected on object 'Object Repository/MOH AND GRN/Page_KDMC - CMS/select_--Select--Adernaline 0.'

2018-05-11 10:41:40 - [TEST_STEP][PASSED] - setText: Text '5000' is set on object 'Object Repository/MOH AND GRN/Page_KDMC - CMS/input_txttreat'

2018-05-11 10:41:41 - [MESSAGE][PASSED] - Text '5000' is set on object 'Object Repository/MOH AND GRN/Page_KDMC - CMS/input_txttreat'

2018-05-11 10:41:41 - [TEST_STEP][PASSED] - click: Object: 'Object Repository/MOH AND GRN/Page_KDMC - CMS/button_Add' is clicked on

2018-05-11 10:41:41 - [MESSAGE][PASSED] - Object: 'Object Repository/MOH AND GRN/Page_KDMC - CMS/button_Add' is clicked on

2018-05-11 10:41:41 - [TEST_STEP][PASSED] - selectOptionByIndex: All options with index in [6] are selected on object 'Object Repository/MOH AND GRN/Page_KDMC - CMS/select_--Select--Schedule 1Inj'

2018-05-11 10:41:41 - [MESSAGE][PASSED] - All options with index in [6] are selected on object 'Object Repository/MOH AND GRN/Page_KDMC - CMS/select_--Select--Schedule 1Inj'

2018-05-11 10:41:41 - [TEST_STEP][PASSED] - selectOptionByIndex: All options with index in [2] are selected on object 'Object Repository/MOH AND GRN/Page_KDMC - CMS/select_--Select--Adernaline 0.'

2018-05-11 10:41:41 - [MESSAGE][PASSED] - All options with index in [2] are selected on object 'Object Repository/MOH AND GRN/Page_KDMC - CMS/select_--Select--Adernaline 0.'

2018-05-11 10:41:41 - [TEST_STEP][PASSED] - setText: Text '5000' is set on object 'Object Repository/MOH AND GRN/Page_KDMC - CMS/input_txttreat'

2018-05-11 10:41:41 - [MESSAGE][PASSED] - Text '5000' is set on object 'Object Repository/MOH AND GRN/Page_KDMC - CMS/input_txttreat'

2018-05-11 10:41:41 - [TEST_STEP][PASSED] - click: Object: 'Object Repository/MOH AND GRN/Page_KDMC - CMS/button_Add' is clicked on

2018-05-11 10:41:41 - [MESSAGE][PASSED] - Object: 'Object Repository/MOH AND GRN/Page_KDMC - CMS/button_Add' is clicked on

2018-05-11 10:41:41 - [TEST_STEP][PASSED] - selectOptionByIndex: All options with index in [6] are selected on object 'Object Repository/MOH AND GRN/Page_KDMC - CMS/select_--Select--Schedule 1Inj'

2018-05-11 10:41:41 - [MESSAGE][PASSED] - All options with index in [6] are selected on object 'Object Repository/MOH AND GRN/Page_KDMC - CMS/select_--Select--Schedule 1Inj'

2018-05-11 10:41:41 - [TEST_STEP][PASSED] - selectOptionByIndex: All options with index in [3] are selected on object 'Object Repository/MOH AND GRN/Page_KDMC - CMS/select_--Select--Adernaline 0.'

2018-05-11 10:41:41 - [MESSAGE][PASSED] - All options with index in [3] are selected on object 'Object Repository/MOH AND GRN/Page_KDMC - CMS/select_--Select--Adernaline 0.'

2018-05-11 10:41:41 - [TEST_STEP][PASSED] - setText: Text '5000' is set on object 'Object Repository/MOH AND GRN/Page_KDMC - CMS/input_txttreat'

2018-05-11 10:41:41 - [MESSAGE][PASSED] - Text '5000' is set on object 'Object Repository/MOH AND GRN/Page_KDMC - CMS/input_txttreat'

2018-05-11 10:41:41 - [TEST_STEP][PASSED] - click: Object: 'Object Repository/MOH AND GRN/Page_KDMC - CMS/button_Add' is clicked on

2018-05-11 10:41:42 - [MESSAGE][PASSED] - Object: 'Object Repository/MOH AND GRN/Page_KDMC - CMS/button_Add' is clicked on

2018-05-11 10:41:42 - [TEST_STEP][PASSED] - selectOptionByIndex: All options with index in [6] are selected on object 'Object Repository/MOH AND GRN/Page_KDMC - CMS/select_--Select--Schedule 1Inj'

2018-05-11 10:41:42 - [MESSAGE][PASSED] - All options with index in [6] are selected on object 'Object Repository/MOH AND GRN/Page_KDMC - CMS/select_--Select--Schedule 1Inj'

2018-05-11 10:41:42 - [TEST_STEP][PASSED] - selectOptionByIndex: All options with index in [4] are selected on object 'Object Repository/MOH AND GRN/Page_KDMC - CMS/select_--Select--Adernaline 0.'

2018-05-11 10:41:42 - [MESSAGE][PASSED] - All options with index in [4] are selected on object 'Object Repository/MOH AND GRN/Page_KDMC - CMS/select_--Select--Adernaline 0.'

2018-05-11 10:41:42 - [TEST_STEP][PASSED] - setText: Text '5000' is set on object 'Object Repository/MOH AND GRN/Page_KDMC - CMS/input_txttreat'

2018-05-11 10:41:42 - [MESSAGE][PASSED] - Text '5000' is set on object 'Object Repository/MOH AND GRN/Page_KDMC - CMS/input_txttreat'

2018-05-11 10:41:42 - [TEST_STEP][PASSED] - click: Object: 'Object Repository/MOH AND GRN/Page_KDMC - CMS/button_Add' is clicked on

2018-05-11 10:41:42 - [MESSAGE][PASSED] - Object: 'Object Repository/MOH AND GRN/Page_KDMC - CMS/button_Add' is clicked on

2018-05-11 10:41:42 - [TEST_STEP][PASSED] - selectOptionByIndex: All options with index in [6] are selected on object 'Object Repository/MOH AND GRN/Page_KDMC - CMS/select_--Select--Schedule 1Inj'

2018-05-11 10:41:42 - [MESSAGE][PASSED] - All options with index in [6] are selected on object 'Object Repository/MOH AND GRN/Page_KDMC - CMS/select_--Select--Schedule 1Inj'

2018-05-11 10:41:42 - [TEST_STEP][PASSED] - selectOptionByIndex: All options with index in [5] are selected on object 'Object Repository/MOH AND GRN/Page_KDMC - CMS/select_--Select--Adernaline 0.'

2018-05-11 10:41:42 - [MESSAGE][PASSED] - All options with index in [5] are selected on object 'Object Repository/MOH AND GRN/Page_KDMC - CMS/select_--Select--Adernaline 0.'

2018-05-11 10:41:42 - [TEST_STEP][PASSED] - setText: Text '5000' is set on object 'Object Repository/MOH AND GRN/Page_KDMC - CMS/input_txttreat'

2018-05-11 10:41:42 - [MESSAGE][PASSED] - Text '5000' is set on object 'Object Repository/MOH AND GRN/Page_KDMC - CMS/input_txttreat'

2018-05-11 10:41:42 - [TEST_STEP][PASSED] - click: Object: 'Object Repository/MOH AND GRN/Page_KDMC - CMS/button_Add' is clicked on

2018-05-11 10:41:42 - [MESSAGE][PASSED] - Object: 'Object Repository/MOH AND GRN/Page_KDMC - CMS/button_Add' is clicked on

2018-05-11 10:41:42 - [TEST_STEP][PASSED] - selectOptionByIndex: All options with index in [6] are selected on object 'Object Repository/MOH AND GRN/Page_KDMC - CMS/select_--Select--Schedule 1Inj'

2018-05-11 10:41:43 - [MESSAGE][PASSED] - All options with index in [6] are selected on object 'Object Repository/MOH AND GRN/Page_KDMC - CMS/select_--Select--Schedule 1Inj'

2018-05-11 10:41:43 - [TEST_STEP][PASSED] - selectOptionByIndex: All options with index in [6] are selected on object 'Object Repository/MOH AND GRN/Page_KDMC - CMS/select_--Select--Adernaline 0.'

2018-05-11 10:41:43 - [MESSAGE][PASSED] - All options with index in [6] are selected on object 'Object Repository/MOH AND GRN/Page_KDMC - CMS/select_--Select--Adernaline 0.'

2018-05-11 10:41:43 - [TEST_STEP][PASSED] - setText: Text '5000' is set on object 'Object Repository/MOH AND GRN/Page_KDMC - CMS/input_txttreat'

2018-05-11 10:41:43 - [MESSAGE][PASSED] - Text '5000' is set on object 'Object Repository/MOH AND GRN/Page_KDMC - CMS/input_txttreat'

2018-05-11 10:41:43 - [TEST_STEP][PASSED] - click: Object: 'Object Repository/MOH AND GRN/Page_KDMC - CMS/button_Add' is clicked on

2018-05-11 10:41:43 - [MESSAGE][PASSED] - Object: 'Object Repository/MOH AND GRN/Page_KDMC - CMS/button_Add' is clicked on

2018-05-11 10:41:43 - [TEST_STEP][PASSED] - selectOptionByIndex: All options with index in [6] are selected on object 'Object Repository/MOH AND GRN/Page_KDMC - CMS/select_--Select--Schedule 1Inj'

2018-05-11 10:41:43 - [MESSAGE][PASSED] - All options with index in [6] are selected on object 'Object Repository/MOH AND GRN/Page_KDMC - CMS/select_--Select--Schedule 1Inj'

2018-05-11 10:41:43 - [TEST_STEP][PASSED] - selectOptionByIndex: All options with index in [7] are selected on object 'Object Repository/MOH AND GRN/Page_KDMC - CMS/select_--Select--Adernaline 0.'

2018-05-11 10:41:43 - [MESSAGE][PASSED] - All options with index in [7] are selected on object 'Object Repository/MOH AND GRN/Page_KDMC - CMS/select_--Select--Adernaline 0.'

2018-05-11 10:41:43 - [TEST_STEP][PASSED] - setText: Text '5000' is set on object 'Object Repository/MOH AND GRN/Page_KDMC - CMS/input_txttreat'

2018-05-11 10:41:43 - [MESSAGE][PASSED] - Text '5000' is set on object 'Object Repository/MOH AND GRN/Page_KDMC - CMS/input_txttreat'

2018-05-11 10:41:43 - [TEST_STEP][PASSED] - click: Object: 'Object Repository/MOH AND GRN/Page_KDMC - CMS/button_Add' is clicked on

2018-05-11 10:41:43 - [MESSAGE][PASSED] - Object: 'Object Repository/MOH AND GRN/Page_KDMC - CMS/button_Add' is clicked on

2018-05-11 10:41:43 - [TEST_STEP][PASSED] - selectOptionByIndex: All options with index in [6] are selected on object 'Object Repository/MOH AND GRN/Page_KDMC - CMS/select_--Select--Schedule 1Inj'

2018-05-11 10:41:44 - [MESSAGE][PASSED] - All options with index in [6] are selected on object 'Object Repository/MOH AND GRN/Page_KDMC - CMS/select_--Select--Schedule 1Inj'

2018-05-11 10:41:44 - [TEST_STEP][PASSED] - selectOptionByIndex: All options with index in [8] are selected on object 'Object Repository/MOH AND GRN/Page_KDMC - CMS/select_--Select--Adernaline 0.'

2018-05-11 10:41:44 - [MESSAGE][PASSED] - All options with index in [8] are selected on object 'Object Repository/MOH AND GRN/Page_KDMC - CMS/select_--Select--Adernaline 0.'

2018-05-11 10:41:44 - [TEST_STEP][PASSED] - setText: Text '5000' is set on object 'Object Repository/MOH AND GRN/Page_KDMC - CMS/input_txttreat'

2018-05-11 10:41:44 - [MESSAGE][PASSED] - Text '5000' is set on object 'Object Repository/MOH AND GRN/Page_KDMC - CMS/input_txttreat'

2018-05-11 10:41:44 - [TEST_STEP][PASSED] - click: Object: 'Object Repository/MOH AND GRN/Page_KDMC - CMS/button_Add' is clicked on

2018-05-11 10:41:44 - [MESSAGE][PASSED] - Object: 'Object Repository/MOH AND GRN/Page_KDMC - CMS/button_Add' is clicked on

2018-05-11 10:41:44 - [TEST_STEP][PASSED] - selectOptionByIndex: All options with index in [6] are selected on object 'Object Repository/MOH AND GRN/Page_KDMC - CMS/select_--Select--Schedule 1Inj'

2018-05-11 10:41:44 - [MESSAGE][PASSED] - All options with index in [6] are selected on object 'Object Repository/MOH AND GRN/Page_KDMC - CMS/select_--Select--Schedule 1Inj'

2018-05-11 10:41:44 - [TEST_STEP][PASSED] - selectOptionByIndex: All options with index in [9] are selected on object 'Object Repository/MOH AND GRN/Page_KDMC - CMS/select_--Select--Adernaline 0.'

2018-05-11 10:41:44 - [MESSAGE][PASSED] - All options with index in [9] are selected on object 'Object Repository/MOH AND GRN/Page_KDMC - CMS/select_--Select--Adernaline 0.'

2018-05-11 10:41:44 - [TEST_STEP][PASSED] - setText: Text '5000' is set on object 'Object Repository/MOH AND GRN/Page_KDMC - CMS/input_txttreat'

2018-05-11 10:41:44 - [MESSAGE][PASSED] - Text '5000' is set on object 'Object Repository/MOH AND GRN/Page_KDMC - CMS/input_txttreat'

2018-05-11 10:41:44 - [TEST_STEP][PASSED] - click: Object: 'Object Repository/MOH AND GRN/Page_KDMC - CMS/button_Add' is clicked on

2018-05-11 10:41:45 - [MESSAGE][PASSED] - Object: 'Object Repository/MOH AND GRN/Page_KDMC - CMS/button_Add' is clicked on

2018-05-11 10:41:45 - [TEST_STEP][PASSED] - selectOptionByIndex: All options with index in [6] are selected on object 'Object Repository/MOH AND GRN/Page_KDMC - CMS/select_--Select--Schedule 1Inj'

2018-05-11 10:41:45 - [MESSAGE][PASSED] - All options with index in [6] are selected on object 'Object Repository/MOH AND GRN/Page_KDMC - CMS/select_--Select--Schedule 1Inj'

2018-05-11 10:41:45 - [TEST_STEP][PASSED] - selectOptionByIndex: All options with index in [10] are selected on object 'Object Repository/MOH AND GRN/Page_KDMC - CMS/select_--Select--Adernaline 0.'

2018-05-11 10:41:45 - [MESSAGE][PASSED] - All options with index in [10] are selected on object 'Object Repository/MOH AND GRN/Page_KDMC - CMS/select_--Select--Adernaline 0.'

2018-05-11 10:41:45 - [TEST_STEP][PASSED] - setText: Text '5000' is set on object 'Object Repository/MOH AND GRN/Page_KDMC - CMS/input_txttreat'

2018-05-11 10:41:45 - [MESSAGE][PASSED] - Text '5000' is set on object 'Object Repository/MOH AND GRN/Page_KDMC - CMS/input_txttreat'

2018-05-11 10:41:45 - [TEST_STEP][PASSED] - click: Object: 'Object Repository/MOH AND GRN/Page_KDMC - CMS/button_Add' is clicked on

2018-05-11 10:41:45 - [MESSAGE][PASSED] - Object: 'Object Repository/MOH AND GRN/Page_KDMC - CMS/button_Add' is clicked on

2018-05-11 10:41:45 - [TEST_STEP][PASSED] - selectOptionByIndex: All options with index in [6] are selected on object 'Object Repository/MOH AND GRN/Page_KDMC - CMS/select_--Select--Schedule 1Inj'

2018-05-11 10:41:45 - [MESSAGE][PASSED] - All options with index in [6] are selected on object 'Object Repository/MOH AND GRN/Page_KDMC - CMS/select_--Select--Schedule 1Inj'

2018-05-11 10:41:45 - [TEST_STEP][PASSED] - selectOptionByIndex: All options with index in [11] are selected on object 'Object Repository/MOH AND GRN/Page_KDMC - CMS/select_--Select--Adernaline 0.'

2018-05-11 10:41:45 - [MESSAGE][PASSED] - All options with index in [11] are selected on object 'Object Repository/MOH AND GRN/Page_KDMC - CMS/select_--Select--Adernaline 0.'

2018-05-11 10:41:45 - [TEST_STEP][PASSED] - setText: Text '5000' is set on object 'Object Repository/MOH AND GRN/Page_KDMC - CMS/input_txttreat'

2018-05-11 10:41:45 - [MESSAGE][PASSED] - Text '5000' is set on object 'Object Repository/MOH AND GRN/Page_KDMC - CMS/input_txttreat'

2018-05-11 10:41:45 - [TEST_STEP][PASSED] - click: Object: 'Object Repository/MOH AND GRN/Page_KDMC - CMS/button_Add' is clicked on

2018-05-11 10:41:46 - [MESSAGE][PASSED] - Object: 'Object Repository/MOH AND GRN/Page_KDMC - CMS/button_Add' is clicked on

2018-05-11 10:41:46 - [TEST_STEP][PASSED] - selectOptionByIndex: All options with index in [6] are selected on object 'Object Repository/MOH AND GRN/Page_KDMC - CMS/select_--Select--Schedule 1Inj'

2018-05-11 10:41:46 - [MESSAGE][PASSED] - All options with index in [6] are selected on object 'Object Repository/MOH AND GRN/Page_KDMC - CMS/select_--Select--Schedule 1Inj'

2018-05-11 10:41:46 - [TEST_STEP][PASSED] - selectOptionByIndex: All options with index in [12] are selected on object 'Object Repository/MOH AND GRN/Page_KDMC - CMS/select_--Select--Adernaline 0.'

2018-05-11 10:41:46 - [MESSAGE][PASSED] - All options with index in [12] are selected on object 'Object Repository/MOH AND GRN/Page_KDMC - CMS/select_--Select--Adernaline 0.'

2018-05-11 10:41:46 - [TEST_STEP][PASSED] - setText: Text '5000' is set on object 'Object Repository/MOH AND GRN/Page_KDMC - CMS/input_txttreat'

2018-05-11 10:41:46 - [MESSAGE][PASSED] - Text '5000' is set on object 'Object Repository/MOH AND GRN/Page_KDMC - CMS/input_txttreat'

2018-05-11 10:41:46 - [TEST_STEP][PASSED] - click: Object: 'Object Repository/MOH AND GRN/Page_KDMC - CMS/button_Add' is clicked on

2018-05-11 10:41:46 - [MESSAGE][PASSED] - Object: 'Object Repository/MOH AND GRN/Page_KDMC - CMS/button_Add' is clicked on

2018-05-11 10:41:46 - [TEST_STEP][PASSED] - selectOptionByIndex: All options with index in [6] are selected on object 'Object Repository/MOH AND GRN/Page_KDMC - CMS/select_--Select--Schedule 1Inj'

2018-05-11 10:41:46 - [MESSAGE][PASSED] - All options with index in [6] are selected on object 'Object Repository/MOH AND GRN/Page_KDMC - CMS/select_--Select--Schedule 1Inj'

2018-05-11 10:41:46 - [TEST_STEP][PASSED] - selectOptionByIndex: All options with index in [13] are selected on object 'Object Repository/MOH AND GRN/Page_KDMC - CMS/select_--Select--Adernaline 0.'

2018-05-11 10:41:46 - [MESSAGE][PASSED] - All options with index in [13] are selected on object 'Object Repository/MOH AND GRN/Page_KDMC - CMS/select_--Select--Adernaline 0.'

2018-05-11 10:41:46 - [TEST_STEP][PASSED] - setText: Text '5000' is set on object 'Object Repository/MOH AND GRN/Page_KDMC - CMS/input_txttreat'

2018-05-11 10:41:47 - [MESSAGE][PASSED] - Text '5000' is set on object 'Object Repository/MOH AND GRN/Page_KDMC - CMS/input_txttreat'

2018-05-11 10:41:47 - [TEST_STEP][PASSED] - click: Object: 'Object Repository/MOH AND GRN/Page_KDMC - CMS/button_Add' is clicked on

2018-05-11 10:41:47 - [MESSAGE][PASSED] - Object: 'Object Repository/MOH AND GRN/Page_KDMC - CMS/button_Add' is clicked on

2018-05-11 10:41:47 - [TEST_STEP][PASSED] - scrollToElement: Scroll to object 'Object Repository/MOH AND GRN/Page_KDMC - CMS/input_btnsave' successfully

2018-05-11 10:41:47 - [MESSAGE][PASSED] - Scroll to object 'Object Repository/MOH AND GRN/Page_KDMC - CMS/input_btnsave' successfully

2018-05-11 10:41:47 - [TEST_STEP][PASSED] - click: Object: 'Object Repository/MOH AND GRN/Page_KDMC - CMS/input_btnsave' is clicked on

2018-05-11 10:41:47 - [MESSAGE][PASSED] - Object: 'Object Repository/MOH AND GRN/Page_KDMC - CMS/input_btnsave' is clicked on

2018-05-11 10:41:47 - [TEST_STEP][PASSED] - delay: Delayed 3 second(s)

2018-05-11 10:41:50 - [MESSAGE][PASSED] - Delayed 3 second(s)

2018-05-11 10:41:50 - [TEST_STEP][PASSED] - Statement - Request1 = com.kms.katalon.core.webui.keyword.WebUiBuiltInKeywords.getText(com.kms.katalon.core.testobject.ObjectRepository.findTestObject(MOH AND GRN/Page_KDMC - CMS/font_PRNO0505201876)): Text of object 'Object Repository/MOH AND GRN/Page_KDMC - CMS/font_PRNO0505201876' is: 'PRNO/11052018/211'

2018-05-11 10:41:50 - [MESSAGE][PASSED] - Text of object 'Object Repository/MOH AND GRN/Page_KDMC - CMS/font_PRNO0505201876' is: 'PRNO/11052018/211'

2018-05-11 10:41:50 - [TEST_STEP][PASSED] - Statement - out.println("Length OF The Medicine " + Request1): null

2018-05-11 10:41:50 - [TEST_STEP][PASSED] - Statement - RequestNUmber = Request1.split("/")[2].trim(): null

2018-05-11 10:41:50 - [TEST_STEP][PASSED] - Statement - out.println("ID IS " + RequestNUmber): null

2018-05-11 10:41:50 - [TEST_STEP][PASSED] - delay: Delayed 3 second(s)

2018-05-11 10:41:53 - [MESSAGE][PASSED] - Delayed 3 second(s)

2018-05-11 10:41:53 - [TEST_STEP][PASSED] - click: Object: 'Object Repository/MOH AND GRN/Page_KDMC - CMS/button_OK' is clicked on

2018-05-11 10:41:53 - [MESSAGE][PASSED] - Object: 'Object Repository/MOH AND GRN/Page_KDMC - CMS/button_OK' is clicked on

2018-05-11 10:41:53 - [TEST_STEP][PASSED] - click: Object: 'Object Repository/MOH AND GRN/Page_KDMC - CMS/a_dropdown-toggle' is clicked on

2018-05-11 10:41:54 - [MESSAGE][PASSED] - Object: 'Object Repository/MOH AND GRN/Page_KDMC - CMS/a_dropdown-toggle' is clicked on

2018-05-11 10:41:54 - [TEST_STEP][PASSED] - click: Object: 'Object Repository/MOH AND GRN/Page_KDMC - CMS/a_Sign out' is clicked on

2018-05-11 10:41:55 - [MESSAGE][PASSED] - Object: 'Object Repository/MOH AND GRN/Page_KDMC - CMS/a_Sign out' is clicked on

2018-05-11 10:41:55 - [TEST_STEP][PASSED] - delay: Delayed 4 second(s)

2018-05-11 10:41:59 - [MESSAGE][PASSED] - Delayed 4 second(s)

2018-05-11 10:41:59 - [TEST_STEP][PASSED] - click: Object: 'Object Repository/MOH AND GRN/Page_KDMC/a_Admin Master' is clicked on

2018-05-11 10:42:00 - [MESSAGE][PASSED] - Object: 'Object Repository/MOH AND GRN/Page_KDMC/a_Admin Master' is clicked on

2018-05-11 10:42:00 - [TEST_STEP][PASSED] - setText: Text 'admin' is set on object 'Object Repository/MOH AND GRN/Page_Admin login/input_txtusername'

2018-05-11 10:42:00 - [MESSAGE][PASSED] - Text 'admin' is set on object 'Object Repository/MOH AND GRN/Page_Admin login/input_txtusername'

2018-05-11 10:42:00 - [TEST_STEP][PASSED] - setText: Text 'admin123' is set on object 'Object Repository/MOH AND GRN/Page_Admin login/input_txtpassword'

2018-05-11 10:42:01 - [MESSAGE][PASSED] - Text 'admin123' is set on object 'Object Repository/MOH AND GRN/Page_Admin login/input_txtpassword'

2018-05-11 10:42:01 - [TEST_STEP][PASSED] - delay: Delayed 3 second(s)

2018-05-11 10:42:04 - [MESSAGE][PASSED] - Delayed 3 second(s)

2018-05-11 10:42:04 - [TEST_STEP][PASSED] - click: Object: 'Object Repository/MOH AND GRN/Page_Admin login/button_Sign in' is clicked on

2018-05-11 10:42:05 - [MESSAGE][PASSED] - Object: 'Object Repository/MOH AND GRN/Page_Admin login/button_Sign in' is clicked on

2018-05-11 10:42:05 - [TEST_STEP][PASSED] - delay: Delayed 20 second(s)

2018-05-11 10:42:25 - [MESSAGE][PASSED] - Delayed 20 second(s)

2018-05-11 10:42:25 - [TEST_STEP][PASSED] - scrollToPosition: Browser is scrolled to position x = 200, y = 200

2018-05-11 10:42:25 - [MESSAGE][PASSED] - Browser is scrolled to position x = 200, y = 200

2018-05-11 10:42:25 - [TEST_STEP][PASSED] - click: Object: 'Object Repository/MOH AND GRN/Page_KDMC/a_CMS_1' is clicked on

2018-05-11 10:42:25 - [MESSAGE][PASSED] - Object: 'Object Repository/MOH AND GRN/Page_KDMC/a_CMS_1' is clicked on

2018-05-11 10:42:25 - [TEST_STEP][PASSED] - click: Object: 'Object Repository/MOH AND GRN/Page_KDMC/a_Request List' is clicked on

2018-05-11 10:42:27 - [MESSAGE][PASSED] - Object: 'Object Repository/MOH AND GRN/Page_KDMC/a_Request List' is clicked on

2018-05-11 10:42:27 - [TEST_STEP][PASSED] - Statement - RequestNumberId = com.kms.katalon.core.webui.keyword.WebUiBuiltInKeywords.modifyObjectProperty(com.kms.katalon.core.testobject.ObjectRepository.findTestObject(MOH AND GRN/Page_KDMC - CMS/input_PO0032), "xpath", "equals", "//*[@id =" + RequestNUmber + "]", true): Modify property of object successfully

2018-05-11 10:42:27 - [MESSAGE][PASSED] - Modify property of object successfully

2018-05-11 10:42:27 - [TEST_STEP][PASSED] - click: Object: 'Object Repository/MOH AND GRN/Page_KDMC - CMS/input_PO0032' is clicked on

2018-05-11 10:42:27 - [MESSAGE][PASSED] - Object: 'Object Repository/MOH AND GRN/Page_KDMC - CMS/input_PO0032' is clicked on

2018-05-11 10:42:27 - [TEST_STEP][PASSED] - delay: Delayed 3 second(s)

2018-05-11 10:42:30 - [MESSAGE][PASSED] - Delayed 3 second(s)

2018-05-11 10:42:30 - [TEST_STEP][PASSED] - selectOptionByIndex: All options with index in [1] are selected on object 'Object Repository/MOH AND GRN/Page_KDMC/select_--Select--'

2018-05-11 10:42:30 - [MESSAGE][PASSED] - All options with index in [1] are selected on object 'Object Repository/MOH AND GRN/Page_KDMC/select_--Select--'

2018-05-11 10:42:30 - [TEST_STEP][PASSED] - click: Object: 'Object Repository/MOH AND GRN/Page_KDMC/input_btnupdate' is clicked on

2018-05-11 10:42:30 - [MESSAGE][PASSED] - Object: 'Object Repository/MOH AND GRN/Page_KDMC/input_btnupdate' is clicked on

2018-05-11 10:42:30 - [TEST_STEP][PASSED] - delay: Delayed 3 second(s)

2018-05-11 10:42:33 - [MESSAGE][PASSED] - Delayed 3 second(s)

2018-05-11 10:42:33 - [TEST_STEP][PASSED] - click: Object: 'Object Repository/MOH AND GRN/Page_KDMC/button_OK' is clicked on

2018-05-11 10:42:34 - [MESSAGE][PASSED] - Object: 'Object Repository/MOH AND GRN/Page_KDMC/button_OK' is clicked on

2018-05-11 10:42:34 - [TEST_STEP][PASSED] - delay: Delayed 3 second(s)

2018-05-11 10:42:37 - [MESSAGE][PASSED] - Delayed 3 second(s)

2018-05-11 10:42:37 - [TEST_STEP][PASSED] - scrollToPosition: Browser is scrolled to position x = 200, y = 200

2018-05-11 10:42:37 - [MESSAGE][PASSED] - Browser is scrolled to position x = 200, y = 200

2018-05-11 10:42:37 - [TEST_STEP][PASSED] - click: Object: 'Object Repository/MOH AND GRN/Page_KDMC/a_CMS_2' is clicked on

2018-05-11 10:42:37 - [MESSAGE][PASSED] - Object: 'Object Repository/MOH AND GRN/Page_KDMC/a_CMS_2' is clicked on

2018-05-11 10:42:37 - [TEST_STEP][PASSED] - delay: Delayed 2 second(s)

2018-05-11 10:42:39 - [MESSAGE][PASSED] - Delayed 2 second(s)

2018-05-11 10:42:39 - [TEST_STEP][PASSED] - click: Object: 'Object Repository/MOH AND GRN/Page_KDMC/a_Generate P.O' is clicked on

2018-05-11 10:42:40 - [MESSAGE][PASSED] - Object: 'Object Repository/MOH AND GRN/Page_KDMC/a_Generate P.O' is clicked on

2018-05-11 10:42:40 - [TEST_STEP][PASSED] - delay: Delayed 2 second(s)

2018-05-11 10:42:42 - [MESSAGE][PASSED] - Delayed 2 second(s)

2018-05-11 10:42:42 - [TEST_STEP][PASSED] - selectOptionByIndex: All options with index in [1] are selected on object 'Object Repository/MOH AND GRN/Page_KDMC/select_--Select--PRNO040520183'

2018-05-11 10:42:42 - [MESSAGE][PASSED] - All options with index in [1] are selected on object 'Object Repository/MOH AND GRN/Page_KDMC/select_--Select--PRNO040520183'

2018-05-11 10:42:42 - [TEST_STEP][PASSED] - selectOptionByIndex: All options with index in [9] are selected on object 'Object Repository/MOH AND GRN/Page_KDMC/select_--Select--Hamen Chandra'

2018-05-11 10:42:42 - [MESSAGE][PASSED] - All options with index in [9] are selected on object 'Object Repository/MOH AND GRN/Page_KDMC/select_--Select--Hamen Chandra'

2018-05-11 10:42:42 - [TEST_STEP][PASSED] - Statement - PONumber = com.kms.katalon.core.webui.keyword.WebUiBuiltInKeywords.getText(com.kms.katalon.core.testobject.ObjectRepository.findTestObject(MOH AND GRN/Page_KDMC/input_lblpono)).trim(): Text of object 'Object Repository/MOH AND GRN/Page_KDMC/input_lblpono' is: ''

2018-05-11 10:42:42 - [MESSAGE][PASSED] - Text of object 'Object Repository/MOH AND GRN/Page_KDMC/input_lblpono' is: ''

2018-05-11 10:42:42 - [TEST_STEP][PASSED] - Statement - PONumber1 = com.kms.katalon.core.webui.keyword.WebUiBuiltInKeywords.getAttribute(com.kms.katalon.core.testobject.ObjectRepository.findTestObject(MOH AND GRN/Page_KDMC/input_lblpono), "value").trim(): Attribute 'value' of object 'Object Repository/MOH AND GRN/Page_KDMC/input_lblpono' is: 'PO0095'

2018-05-11 10:42:42 - [MESSAGE][PASSED] - Attribute 'value' of object 'Object Repository/MOH AND GRN/Page_KDMC/input_lblpono' is: 'PO0095'

2018-05-11 10:42:42 - [TEST_STEP][PASSED] - Statement - out.println("PO NUMBER :" + PONumber): null

2018-05-11 10:42:42 - [TEST_STEP][PASSED] - Statement - out.println("PO NUMBER :" + PONumber1): null

2018-05-11 10:42:42 - [TEST_STEP][PASSED] - click: Object: 'Object Repository/MOH AND GRN/Page_KDMC/input_chkrem' is clicked on

2018-05-11 10:42:43 - [MESSAGE][PASSED] - Object: 'Object Repository/MOH AND GRN/Page_KDMC/input_chkrem' is clicked on

2018-05-11 10:42:43 - [TEST_STEP][PASSED] - scrollToElement: Scroll to object 'Object Repository/MOH AND GRN/Page_KDMC/input_btnreturn' successfully

2018-05-11 10:42:43 - [MESSAGE][PASSED] - Scroll to object 'Object Repository/MOH AND GRN/Page_KDMC/input_btnreturn' successfully

2018-05-11 10:42:43 - [TEST_STEP][PASSED] - click: Object: 'Object Repository/MOH AND GRN/Page_KDMC/input_btnreturn' is clicked on

2018-05-11 10:42:43 - [MESSAGE][PASSED] - Object: 'Object Repository/MOH AND GRN/Page_KDMC/input_btnreturn' is clicked on

2018-05-11 10:42:43 - [TEST_STEP][PASSED] - delay: Delayed 3 second(s)

2018-05-11 10:42:46 - [MESSAGE][PASSED] - Delayed 3 second(s)

2018-05-11 10:42:46 - [TEST_STEP][PASSED] - click: Object: 'Object Repository/MOH AND GRN/Page_KDMC/button_Yes' is clicked on

2018-05-11 10:42:46 - [MESSAGE][PASSED] - Object: 'Object Repository/MOH AND GRN/Page_KDMC/button_Yes' is clicked on

2018-05-11 10:42:46 - [TEST_STEP][PASSED] - delay: Delayed 3 second(s)

2018-05-11 10:42:49 - [MESSAGE][PASSED] - Delayed 3 second(s)

2018-05-11 10:42:49 - [TEST_STEP][PASSED] - click: Object: 'Object Repository/MOH AND GRN/Page_KDMC/button_OK' is clicked on

2018-05-11 10:42:50 - [MESSAGE][PASSED] - Object: 'Object Repository/MOH AND GRN/Page_KDMC/button_OK' is clicked on

2018-05-11 10:42:50 - [TEST_STEP][PASSED] - delay: Delayed 3 second(s)

2018-05-11 10:42:53 - [MESSAGE][PASSED] - Delayed 3 second(s)

2018-05-11 10:42:53 - [TEST_STEP][PASSED] - click: Object: 'Object Repository/MOH AND GRN/Page_KDMC/a_dropdown-toggle' is clicked on

2018-05-11 10:42:53 - [MESSAGE][PASSED] - Object: 'Object Repository/MOH AND GRN/Page_KDMC/a_dropdown-toggle' is clicked on

2018-05-11 10:42:53 - [TEST_STEP][PASSED] - click: Object: 'Object Repository/MOH AND GRN/Page_KDMC/a_Sign out' is clicked on

2018-05-11 10:42:53 - [MESSAGE][PASSED] - Object: 'Object Repository/MOH AND GRN/Page_KDMC/a_Sign out' is clicked on

2018-05-11 10:42:53 - [TEST_STEP][PASSED] - delay: Delayed 4 second(s)

2018-05-11 10:42:57 - [MESSAGE][PASSED] - Delayed 4 second(s)

2018-05-11 10:42:57 - [TEST_STEP][PASSED] - click: Object: 'Object Repository/MOH AND GRN/Page_KDMC/a_CMS' is clicked on

2018-05-11 10:42:58 - [MESSAGE][PASSED] - Object: 'Object Repository/MOH AND GRN/Page_KDMC/a_CMS' is clicked on

2018-05-11 10:42:58 - [TEST_STEP][PASSED] - setText: Text 'bala' is set on object 'Object Repository/MOH AND GRN/Page_CMS login/input_txtusername'

2018-05-11 10:42:58 - [MESSAGE][PASSED] - Text 'bala' is set on object 'Object Repository/MOH AND GRN/Page_CMS login/input_txtusername'

2018-05-11 10:42:58 - [TEST_STEP][PASSED] - setText: Text '123' is set on object 'Object Repository/MOH AND GRN/Page_CMS login/input_txtpassword'

2018-05-11 10:42:58 - [MESSAGE][PASSED] - Text '123' is set on object 'Object Repository/MOH AND GRN/Page_CMS login/input_txtpassword'

2018-05-11 10:42:58 - [TEST_STEP][PASSED] - delay: Delayed 3 second(s)

2018-05-11 10:43:01 - [MESSAGE][PASSED] - Delayed 3 second(s)

2018-05-11 10:43:01 - [TEST_STEP][PASSED] - click: Object: 'Object Repository/MOH AND GRN/Page_CMS login/button_Sign in' is clicked on

2018-05-11 10:43:02 - [MESSAGE][PASSED] - Object: 'Object Repository/MOH AND GRN/Page_CMS login/button_Sign in' is clicked on

2018-05-11 10:43:02 - [TEST_STEP][PASSED] - click: Object: 'Object Repository/MOH AND GRN/Page_KDMC - CMS/a_CMS Details' is clicked on

2018-05-11 10:43:02 - [MESSAGE][PASSED] - Object: 'Object Repository/MOH AND GRN/Page_KDMC - CMS/a_CMS Details' is clicked on

2018-05-11 10:43:02 - [TEST_STEP][PASSED] - delay: Delayed 2 second(s)

2018-05-11 10:43:04 - [MESSAGE][PASSED] - Delayed 2 second(s)

2018-05-11 10:43:04 - [TEST_STEP][PASSED] - click: Object: 'Object Repository/MOH AND GRN/Page_KDMC - CMS/a_Goods Receive' is clicked on

2018-05-11 10:43:04 - [MESSAGE][PASSED] - Object: 'Object Repository/MOH AND GRN/Page_KDMC - CMS/a_Goods Receive' is clicked on

2018-05-11 10:43:04 - [TEST_STEP][PASSED] - delay: Delayed 2 second(s)

2018-05-11 10:43:06 - [MESSAGE][PASSED] - Delayed 2 second(s)

2018-05-11 10:43:06 - [TEST_STEP][PASSED] - selectOptionByLabel: All options with label 'PO0095' are selected in object 'Object Repository/MOH AND GRN/Page_KDMC - CMS/select_--Select--PO0032PO0031P' 

2018-05-11 10:43:07 - [MESSAGE][PASSED] - All options with label 'PO0095' are selected in object 'Object Repository/MOH AND GRN/Page_KDMC - CMS/select_--Select--PO0032PO0031P' 

2018-05-11 10:43:07 - [TEST_STEP][PASSED] - setText: Finding Test Object with id 'Object Repository/MOH AND GRN/Page_KDMC - CMS/input_txtgrnno'

2018-05-11 10:43:07 - [TEST_STEP][PASSED] - Statement - switch (id): Text 'INV941.0' is set on object 'Object Repository/MOH AND GRN/Page_KDMC - CMS/input_txtgrnno'

2018-05-11 10:43:07 - [TEST_STEP][PASSED] - Statement - case 2:: Text 'INV941.0' is set on object 'Object Repository/MOH AND GRN/Page_KDMC - CMS/input_txtgrnno'

2018-05-11 10:43:07 - [TEST_STEP][PASSED] - Statement - return (java.lang.Math.floor((java.lang.Math.random() * ((max - min) + 1))) + min): Text 'INV941.0' is set on object 'Object Repository/MOH AND GRN/Page_KDMC - CMS/input_txtgrnno'

2018-05-11 10:43:07 - [MESSAGE][PASSED] - Text 'INV941.0' is set on object 'Object Repository/MOH AND GRN/Page_KDMC - CMS/input_txtgrnno'

2018-05-11 10:43:07 - [TEST_STEP][PASSED] - selectOptionByIndex: All options with index in [1] are selected on object 'Object Repository/MOH AND GRN/Page_KDMC - CMS/select_--Select--PERUMAL PHARM'

2018-05-11 10:43:07 - [MESSAGE][PASSED] - All options with index in [1] are selected on object 'Object Repository/MOH AND GRN/Page_KDMC - CMS/select_--Select--PERUMAL PHARM'

2018-05-11 10:43:07 - [TEST_STEP][PASSED] - setText: Text '18000' is set on object 'Object Repository/MOH AND GRN/Page_KDMC - CMS/input_txtgrnno_1'

2018-05-11 10:43:07 - [MESSAGE][PASSED] - Text '18000' is set on object 'Object Repository/MOH AND GRN/Page_KDMC - CMS/input_txtgrnno_1'

2018-05-11 10:43:07 - [TEST_STEP][PASSED] - setText: Text '700' is set on object 'Object Repository/MOH AND GRN/Page_KDMC - CMS/input_txtgrnno_2'

2018-05-11 10:43:07 - [MESSAGE][PASSED] - Text '700' is set on object 'Object Repository/MOH AND GRN/Page_KDMC - CMS/input_txtgrnno_2'

2018-05-11 10:43:07 - [TEST_STEP][PASSED] - setText: Finding Test Object with id 'Object Repository/MOH AND GRN/Page_KDMC - CMS/input_txtgrnno_3'

2018-05-11 10:43:07 - [TEST_STEP][PASSED] - Statement - switch (id): Text 'CH361.0' is set on object 'Object Repository/MOH AND GRN/Page_KDMC - CMS/input_txtgrnno_3'

2018-05-11 10:43:07 - [TEST_STEP][PASSED] - Statement - case 3:: Text 'CH361.0' is set on object 'Object Repository/MOH AND GRN/Page_KDMC - CMS/input_txtgrnno_3'

2018-05-11 10:43:07 - [TEST_STEP][PASSED] - Statement - return (java.lang.Math.floor((java.lang.Math.random() * ((max - min) + 1))) + min): Text 'CH361.0' is set on object 'Object Repository/MOH AND GRN/Page_KDMC - CMS/input_txtgrnno_3'

2018-05-11 10:43:07 - [MESSAGE][PASSED] - Text 'CH361.0' is set on object 'Object Repository/MOH AND GRN/Page_KDMC - CMS/input_txtgrnno_3'

2018-05-11 10:43:07 - [TEST_STEP][PASSED] - scrollToPosition: Browser is scrolled to position x = 200, y = 200

2018-05-11 10:43:07 - [MESSAGE][PASSED] - Browser is scrolled to position x = 200, y = 200

2018-05-11 10:43:07 - [TEST_STEP][PASSED] - Statement - GrnLength = com.kms.katalon.core.webui.keyword.WebUiBuiltInKeywords.getNumberOfTotalOption(com.kms.katalon.core.testobject.ObjectRepository.findTestObject(MOH AND GRN/Page_KDMC - CMS/select_--Select--Amikacin -500)): 14 options of object 'Object Repository/MOH AND GRN/Page_KDMC - CMS/select_--Select--Amikacin -500' counted

2018-05-11 10:43:07 - [MESSAGE][PASSED] - 14 options of object 'Object Repository/MOH AND GRN/Page_KDMC - CMS/select_--Select--Amikacin -500' counted

2018-05-11 10:43:07 - [TEST_STEP][PASSED] - Statement - out.println("Length OF The Medicine " + GrnLength): null

2018-05-11 10:43:07 - [TEST_STEP][PASSED] - Statement - s = 1: null

2018-05-11 10:43:07 - [TEST_STEP][PASSED] - Statement - For ([t = 1, t < GrnLength, (t++)]): Finding Test Object with id 'Object Repository/MOH AND GRN/Page_KDMC - CMS/input_txtmrp'

2018-05-11 10:43:07 - [TEST_STEP][PASSED] - selectOptionByIndex: All options with index in [1] are selected on object 'Object Repository/MOH AND GRN/Page_KDMC - CMS/select_--Select--Amikacin -500'

2018-05-11 10:43:08 - [MESSAGE][PASSED] - All options with index in [1] are selected on object 'Object Repository/MOH AND GRN/Page_KDMC - CMS/select_--Select--Amikacin -500'

2018-05-11 10:43:08 - [TEST_STEP][PASSED] - setText: Text '5000' is set on object 'Object Repository/MOH AND GRN/Page_KDMC - CMS/input_txtqty'

2018-05-11 10:43:08 - [MESSAGE][PASSED] - Text '5000' is set on object 'Object Repository/MOH AND GRN/Page_KDMC - CMS/input_txtqty'

2018-05-11 10:43:08 - [TEST_STEP][PASSED] - selectOptionByIndex: All options with index in [1] are selected on object 'Object Repository/MOH AND GRN/Page_KDMC - CMS/select_--Select--No Tax0'

2018-05-11 10:43:08 - [MESSAGE][PASSED] - All options with index in [1] are selected on object 'Object Repository/MOH AND GRN/Page_KDMC - CMS/select_--Select--No Tax0'

2018-05-11 10:43:08 - [TEST_STEP][PASSED] - setText: Finding Test Object with id 'Object Repository/MOH AND GRN/Page_KDMC - CMS/input_txtmrp'

2018-05-11 10:43:08 - [TEST_STEP][PASSED] - Statement - switch (id): Finding Test Object with id 'Object Repository/MOH AND GRN/Page_KDMC - CMS/input_txtdeal'

2018-05-11 10:43:08 - [TEST_STEP][PASSED] - Statement - case 4:: Text '45.0' is set on object 'Object Repository/MOH AND GRN/Page_KDMC - CMS/input_txtmrp'

2018-05-11 10:43:08 - [TEST_STEP][PASSED] - Statement - return (java.lang.Math.floor((java.lang.Math.random() * ((max - min) + 1))) + min): Text '45.0' is set on object 'Object Repository/MOH AND GRN/Page_KDMC - CMS/input_txtmrp'

2018-05-11 10:43:08 - [MESSAGE][PASSED] - Text '45.0' is set on object 'Object Repository/MOH AND GRN/Page_KDMC - CMS/input_txtmrp'

2018-05-11 10:43:08 - [TEST_STEP][PASSED] - setText: Finding Test Object with id 'Object Repository/MOH AND GRN/Page_KDMC - CMS/input_txtdeal'

2018-05-11 10:43:08 - [TEST_STEP][PASSED] - Statement - switch (id): Finding Test Object with id 'Object Repository/MOH AND GRN/Page_KDMC - CMS/input_txtbatchno'

2018-05-11 10:43:08 - [TEST_STEP][PASSED] - Statement - case 5:: Text '9.0' is set on object 'Object Repository/MOH AND GRN/Page_KDMC - CMS/input_txtdeal'

2018-05-11 10:43:08 - [TEST_STEP][PASSED] - Statement - return (java.lang.Math.floor((java.lang.Math.random() * ((max - min) + 1))) + min): Text '9.0' is set on object 'Object Repository/MOH AND GRN/Page_KDMC - CMS/input_txtdeal'

2018-05-11 10:43:08 - [MESSAGE][PASSED] - Text '9.0' is set on object 'Object Repository/MOH AND GRN/Page_KDMC - CMS/input_txtdeal'

2018-05-11 10:43:08 - [TEST_STEP][PASSED] - setText: Finding Test Object with id 'Object Repository/MOH AND GRN/Page_KDMC - CMS/input_txtbatchno'

2018-05-11 10:43:08 - [TEST_STEP][PASSED] - Statement - switch (id): Finding Test Object with id 'Object Repository/MOH AND GRN/Page_KDMC - CMS/input_txtmrp'

2018-05-11 10:43:08 - [TEST_STEP][PASSED] - Statement - case 1:: Text 'BA632.0' is set on object 'Object Repository/MOH AND GRN/Page_KDMC - CMS/input_txtbatchno'

2018-05-11 10:43:08 - [TEST_STEP][PASSED] - Statement - return (java.lang.Math.floor((java.lang.Math.random() * ((max - min) + 1))) + min): Text 'BA632.0' is set on object 'Object Repository/MOH AND GRN/Page_KDMC - CMS/input_txtbatchno'

2018-05-11 10:43:08 - [MESSAGE][PASSED] - Text 'BA632.0' is set on object 'Object Repository/MOH AND GRN/Page_KDMC - CMS/input_txtbatchno'

2018-05-11 10:43:08 - [TEST_STEP][PASSED] - rightClick: Object: 'Object Repository/GRN/Page_KDMC - CMS/input_txtexpdate' is right clicked on

2018-05-11 10:43:08 - [MESSAGE][PASSED] - Object: 'Object Repository/GRN/Page_KDMC - CMS/input_txtexpdate' is right clicked on

2018-05-11 10:43:08 - [TEST_STEP][PASSED] - selectOptionByIndex: All options with index in [1] are selected on object 'Object Repository/GRN/Page_KDMC - CMS/select_20182019202020212022202'

2018-05-11 10:43:09 - [MESSAGE][PASSED] - All options with index in [1] are selected on object 'Object Repository/GRN/Page_KDMC - CMS/select_20182019202020212022202'

2018-05-11 10:43:09 - [TEST_STEP][PASSED] - selectOptionByIndex: All options with index in [1] are selected on object 'Object Repository/GRN/Page_KDMC - CMS/select_JanFebMarAprMayJunJulAu'

2018-05-11 10:43:09 - [MESSAGE][PASSED] - All options with index in [1] are selected on object 'Object Repository/GRN/Page_KDMC - CMS/select_JanFebMarAprMayJunJulAu'

2018-05-11 10:43:09 - [TEST_STEP][PASSED] - click: Object: 'Object Repository/MOH AND GRN/Page_KDMC - CMS/a_12' is clicked on

2018-05-11 10:43:09 - [MESSAGE][PASSED] - Object: 'Object Repository/MOH AND GRN/Page_KDMC - CMS/a_12' is clicked on

2018-05-11 10:43:09 - [TEST_STEP][PASSED] - click: Object: 'Object Repository/MOH AND GRN/Page_KDMC - CMS/input_btnadd' is clicked on

2018-05-11 10:43:09 - [MESSAGE][PASSED] - Object: 'Object Repository/MOH AND GRN/Page_KDMC - CMS/input_btnadd' is clicked on

2018-05-11 10:43:09 - [TEST_STEP][PASSED] - Statement - If (s == 10): null

2018-05-11 10:43:09 - [TEST_STEP][PASSED] - Statement - Else: null

2018-05-11 10:43:09 - [TEST_STEP][PASSED] - Statement - (s++): null

2018-05-11 10:43:09 - [TEST_STEP][PASSED] - delay: Delayed 1 second(s)

2018-05-11 10:43:10 - [MESSAGE][PASSED] - Delayed 1 second(s)

2018-05-11 10:43:10 - [TEST_STEP][PASSED] - selectOptionByIndex: All options with index in [2] are selected on object 'Object Repository/MOH AND GRN/Page_KDMC - CMS/select_--Select--Amikacin -500'

2018-05-11 10:43:10 - [MESSAGE][PASSED] - All options with index in [2] are selected on object 'Object Repository/MOH AND GRN/Page_KDMC - CMS/select_--Select--Amikacin -500'

2018-05-11 10:43:10 - [TEST_STEP][PASSED] - setText: Text '5000' is set on object 'Object Repository/MOH AND GRN/Page_KDMC - CMS/input_txtqty'

2018-05-11 10:43:10 - [MESSAGE][PASSED] - Text '5000' is set on object 'Object Repository/MOH AND GRN/Page_KDMC - CMS/input_txtqty'

2018-05-11 10:43:10 - [TEST_STEP][PASSED] - selectOptionByIndex: All options with index in [1] are selected on object 'Object Repository/MOH AND GRN/Page_KDMC - CMS/select_--Select--No Tax0'

2018-05-11 10:43:10 - [MESSAGE][PASSED] - All options with index in [1] are selected on object 'Object Repository/MOH AND GRN/Page_KDMC - CMS/select_--Select--No Tax0'

2018-05-11 10:43:10 - [TEST_STEP][PASSED] - setText: Finding Test Object with id 'Object Repository/MOH AND GRN/Page_KDMC - CMS/input_txtmrp'

2018-05-11 10:43:10 - [TEST_STEP][PASSED] - Statement - switch (id): Finding Test Object with id 'Object Repository/MOH AND GRN/Page_KDMC - CMS/input_txtdeal'

2018-05-11 10:43:10 - [TEST_STEP][PASSED] - Statement - case 4:: Text '36.0' is set on object 'Object Repository/MOH AND GRN/Page_KDMC - CMS/input_txtmrp'

2018-05-11 10:43:10 - [TEST_STEP][PASSED] - Statement - return (java.lang.Math.floor((java.lang.Math.random() * ((max - min) + 1))) + min): Text '36.0' is set on object 'Object Repository/MOH AND GRN/Page_KDMC - CMS/input_txtmrp'

2018-05-11 10:43:10 - [MESSAGE][PASSED] - Text '36.0' is set on object 'Object Repository/MOH AND GRN/Page_KDMC - CMS/input_txtmrp'

2018-05-11 10:43:10 - [TEST_STEP][PASSED] - setText: Finding Test Object with id 'Object Repository/MOH AND GRN/Page_KDMC - CMS/input_txtdeal'

2018-05-11 10:43:10 - [TEST_STEP][PASSED] - Statement - switch (id): Finding Test Object with id 'Object Repository/MOH AND GRN/Page_KDMC - CMS/input_txtbatchno'

2018-05-11 10:43:10 - [TEST_STEP][PASSED] - Statement - case 5:: Text '8.0' is set on object 'Object Repository/MOH AND GRN/Page_KDMC - CMS/input_txtdeal'

2018-05-11 10:43:10 - [TEST_STEP][PASSED] - Statement - return (java.lang.Math.floor((java.lang.Math.random() * ((max - min) + 1))) + min): Text '8.0' is set on object 'Object Repository/MOH AND GRN/Page_KDMC - CMS/input_txtdeal'

2018-05-11 10:43:10 - [MESSAGE][PASSED] - Text '8.0' is set on object 'Object Repository/MOH AND GRN/Page_KDMC - CMS/input_txtdeal'

2018-05-11 10:43:10 - [TEST_STEP][PASSED] - setText: Finding Test Object with id 'Object Repository/MOH AND GRN/Page_KDMC - CMS/input_txtbatchno'

2018-05-11 10:43:10 - [TEST_STEP][PASSED] - Statement - switch (id): Finding Test Object with id 'Object Repository/MOH AND GRN/Page_KDMC - CMS/input_txtmrp'

2018-05-11 10:43:10 - [TEST_STEP][PASSED] - Statement - case 1:: Text 'BA654.0' is set on object 'Object Repository/MOH AND GRN/Page_KDMC - CMS/input_txtbatchno'

2018-05-11 10:43:10 - [TEST_STEP][PASSED] - Statement - return (java.lang.Math.floor((java.lang.Math.random() * ((max - min) + 1))) + min): Text 'BA654.0' is set on object 'Object Repository/MOH AND GRN/Page_KDMC - CMS/input_txtbatchno'

2018-05-11 10:43:11 - [MESSAGE][PASSED] - Text 'BA654.0' is set on object 'Object Repository/MOH AND GRN/Page_KDMC - CMS/input_txtbatchno'

2018-05-11 10:43:11 - [TEST_STEP][PASSED] - rightClick: Object: 'Object Repository/GRN/Page_KDMC - CMS/input_txtexpdate' is right clicked on

2018-05-11 10:43:11 - [MESSAGE][PASSED] - Object: 'Object Repository/GRN/Page_KDMC - CMS/input_txtexpdate' is right clicked on

2018-05-11 10:43:11 - [TEST_STEP][PASSED] - selectOptionByIndex: All options with index in [2] are selected on object 'Object Repository/GRN/Page_KDMC - CMS/select_20182019202020212022202'

2018-05-11 10:43:11 - [MESSAGE][PASSED] - All options with index in [2] are selected on object 'Object Repository/GRN/Page_KDMC - CMS/select_20182019202020212022202'

2018-05-11 10:43:11 - [TEST_STEP][PASSED] - selectOptionByIndex: All options with index in [2] are selected on object 'Object Repository/GRN/Page_KDMC - CMS/select_JanFebMarAprMayJunJulAu'

2018-05-11 10:43:11 - [MESSAGE][PASSED] - All options with index in [2] are selected on object 'Object Repository/GRN/Page_KDMC - CMS/select_JanFebMarAprMayJunJulAu'

2018-05-11 10:43:11 - [TEST_STEP][PASSED] - click: Object: 'Object Repository/MOH AND GRN/Page_KDMC - CMS/a_12' is clicked on

2018-05-11 10:43:11 - [MESSAGE][PASSED] - Object: 'Object Repository/MOH AND GRN/Page_KDMC - CMS/a_12' is clicked on

2018-05-11 10:43:11 - [TEST_STEP][PASSED] - click: Object: 'Object Repository/MOH AND GRN/Page_KDMC - CMS/input_btnadd' is clicked on

2018-05-11 10:43:11 - [MESSAGE][PASSED] - Object: 'Object Repository/MOH AND GRN/Page_KDMC - CMS/input_btnadd' is clicked on

2018-05-11 10:43:11 - [TEST_STEP][PASSED] - Statement - If (s == 10): null

2018-05-11 10:43:11 - [TEST_STEP][PASSED] - Statement - Else: null

2018-05-11 10:43:11 - [TEST_STEP][PASSED] - Statement - (s++): null

2018-05-11 10:43:11 - [TEST_STEP][PASSED] - delay: Delayed 1 second(s)

2018-05-11 10:43:12 - [MESSAGE][PASSED] - Delayed 1 second(s)

2018-05-11 10:43:12 - [TEST_STEP][PASSED] - selectOptionByIndex: All options with index in [3] are selected on object 'Object Repository/MOH AND GRN/Page_KDMC - CMS/select_--Select--Amikacin -500'

2018-05-11 10:43:12 - [MESSAGE][PASSED] - All options with index in [3] are selected on object 'Object Repository/MOH AND GRN/Page_KDMC - CMS/select_--Select--Amikacin -500'

2018-05-11 10:43:12 - [TEST_STEP][PASSED] - setText: Text '5000' is set on object 'Object Repository/MOH AND GRN/Page_KDMC - CMS/input_txtqty'

2018-05-11 10:43:12 - [MESSAGE][PASSED] - Text '5000' is set on object 'Object Repository/MOH AND GRN/Page_KDMC - CMS/input_txtqty'

2018-05-11 10:43:12 - [TEST_STEP][PASSED] - selectOptionByIndex: All options with index in [1] are selected on object 'Object Repository/MOH AND GRN/Page_KDMC - CMS/select_--Select--No Tax0'

2018-05-11 10:43:12 - [MESSAGE][PASSED] - All options with index in [1] are selected on object 'Object Repository/MOH AND GRN/Page_KDMC - CMS/select_--Select--No Tax0'

2018-05-11 10:43:12 - [TEST_STEP][PASSED] - setText: Finding Test Object with id 'Object Repository/MOH AND GRN/Page_KDMC - CMS/input_txtmrp'

2018-05-11 10:43:12 - [TEST_STEP][PASSED] - Statement - switch (id): Finding Test Object with id 'Object Repository/MOH AND GRN/Page_KDMC - CMS/input_txtdeal'

2018-05-11 10:43:12 - [TEST_STEP][PASSED] - Statement - case 4:: Text '19.0' is set on object 'Object Repository/MOH AND GRN/Page_KDMC - CMS/input_txtmrp'

2018-05-11 10:43:12 - [TEST_STEP][PASSED] - Statement - return (java.lang.Math.floor((java.lang.Math.random() * ((max - min) + 1))) + min): Text '19.0' is set on object 'Object Repository/MOH AND GRN/Page_KDMC - CMS/input_txtmrp'

2018-05-11 10:43:13 - [MESSAGE][PASSED] - Text '19.0' is set on object 'Object Repository/MOH AND GRN/Page_KDMC - CMS/input_txtmrp'

2018-05-11 10:43:13 - [TEST_STEP][PASSED] - setText: Finding Test Object with id 'Object Repository/MOH AND GRN/Page_KDMC - CMS/input_txtdeal'

2018-05-11 10:43:13 - [TEST_STEP][PASSED] - Statement - switch (id): Finding Test Object with id 'Object Repository/MOH AND GRN/Page_KDMC - CMS/input_txtbatchno'

2018-05-11 10:43:13 - [TEST_STEP][PASSED] - Statement - case 5:: Text '12.0' is set on object 'Object Repository/MOH AND GRN/Page_KDMC - CMS/input_txtdeal'

2018-05-11 10:43:13 - [TEST_STEP][PASSED] - Statement - return (java.lang.Math.floor((java.lang.Math.random() * ((max - min) + 1))) + min): Text '12.0' is set on object 'Object Repository/MOH AND GRN/Page_KDMC - CMS/input_txtdeal'

2018-05-11 10:43:13 - [MESSAGE][PASSED] - Text '12.0' is set on object 'Object Repository/MOH AND GRN/Page_KDMC - CMS/input_txtdeal'

2018-05-11 10:43:13 - [TEST_STEP][PASSED] - setText: Finding Test Object with id 'Object Repository/MOH AND GRN/Page_KDMC - CMS/input_txtbatchno'

2018-05-11 10:43:13 - [TEST_STEP][PASSED] - Statement - switch (id): Finding Test Object with id 'Object Repository/MOH AND GRN/Page_KDMC - CMS/input_txtmrp'

2018-05-11 10:43:13 - [TEST_STEP][PASSED] - Statement - case 1:: Text 'BA88.0' is set on object 'Object Repository/MOH AND GRN/Page_KDMC - CMS/input_txtbatchno'

2018-05-11 10:43:13 - [TEST_STEP][PASSED] - Statement - return (java.lang.Math.floor((java.lang.Math.random() * ((max - min) + 1))) + min): Text 'BA88.0' is set on object 'Object Repository/MOH AND GRN/Page_KDMC - CMS/input_txtbatchno'

2018-05-11 10:43:13 - [MESSAGE][PASSED] - Text 'BA88.0' is set on object 'Object Repository/MOH AND GRN/Page_KDMC - CMS/input_txtbatchno'

2018-05-11 10:43:13 - [TEST_STEP][PASSED] - rightClick: Object: 'Object Repository/GRN/Page_KDMC - CMS/input_txtexpdate' is right clicked on

2018-05-11 10:43:13 - [MESSAGE][PASSED] - Object: 'Object Repository/GRN/Page_KDMC - CMS/input_txtexpdate' is right clicked on

2018-05-11 10:43:13 - [TEST_STEP][PASSED] - selectOptionByIndex: All options with index in [3] are selected on object 'Object Repository/GRN/Page_KDMC - CMS/select_20182019202020212022202'

2018-05-11 10:43:13 - [MESSAGE][PASSED] - All options with index in [3] are selected on object 'Object Repository/GRN/Page_KDMC - CMS/select_20182019202020212022202'

2018-05-11 10:43:13 - [TEST_STEP][PASSED] - selectOptionByIndex: All options with index in [3] are selected on object 'Object Repository/GRN/Page_KDMC - CMS/select_JanFebMarAprMayJunJulAu'

2018-05-11 10:43:13 - [MESSAGE][PASSED] - All options with index in [3] are selected on object 'Object Repository/GRN/Page_KDMC - CMS/select_JanFebMarAprMayJunJulAu'

2018-05-11 10:43:13 - [TEST_STEP][PASSED] - click: Object: 'Object Repository/MOH AND GRN/Page_KDMC - CMS/a_12' is clicked on

2018-05-11 10:43:13 - [MESSAGE][PASSED] - Object: 'Object Repository/MOH AND GRN/Page_KDMC - CMS/a_12' is clicked on

2018-05-11 10:43:13 - [TEST_STEP][PASSED] - click: Object: 'Object Repository/MOH AND GRN/Page_KDMC - CMS/input_btnadd' is clicked on

2018-05-11 10:43:13 - [MESSAGE][PASSED] - Object: 'Object Repository/MOH AND GRN/Page_KDMC - CMS/input_btnadd' is clicked on

2018-05-11 10:43:13 - [TEST_STEP][PASSED] - Statement - If (s == 10): null

2018-05-11 10:43:13 - [TEST_STEP][PASSED] - Statement - Else: null

2018-05-11 10:43:13 - [TEST_STEP][PASSED] - Statement - (s++): null

2018-05-11 10:43:13 - [TEST_STEP][PASSED] - delay: Delayed 1 second(s)

2018-05-11 10:43:14 - [MESSAGE][PASSED] - Delayed 1 second(s)

2018-05-11 10:43:14 - [TEST_STEP][PASSED] - selectOptionByIndex: All options with index in [4] are selected on object 'Object Repository/MOH AND GRN/Page_KDMC - CMS/select_--Select--Amikacin -500'

2018-05-11 10:43:15 - [MESSAGE][PASSED] - All options with index in [4] are selected on object 'Object Repository/MOH AND GRN/Page_KDMC - CMS/select_--Select--Amikacin -500'

2018-05-11 10:43:15 - [TEST_STEP][PASSED] - setText: Text '5000' is set on object 'Object Repository/MOH AND GRN/Page_KDMC - CMS/input_txtqty'

2018-05-11 10:43:15 - [MESSAGE][PASSED] - Text '5000' is set on object 'Object Repository/MOH AND GRN/Page_KDMC - CMS/input_txtqty'

2018-05-11 10:43:15 - [TEST_STEP][PASSED] - selectOptionByIndex: All options with index in [1] are selected on object 'Object Repository/MOH AND GRN/Page_KDMC - CMS/select_--Select--No Tax0'

2018-05-11 10:43:15 - [MESSAGE][PASSED] - All options with index in [1] are selected on object 'Object Repository/MOH AND GRN/Page_KDMC - CMS/select_--Select--No Tax0'

2018-05-11 10:43:15 - [TEST_STEP][PASSED] - setText: Finding Test Object with id 'Object Repository/MOH AND GRN/Page_KDMC - CMS/input_txtmrp'

2018-05-11 10:43:15 - [TEST_STEP][PASSED] - Statement - switch (id): Finding Test Object with id 'Object Repository/MOH AND GRN/Page_KDMC - CMS/input_txtdeal'

2018-05-11 10:43:15 - [TEST_STEP][PASSED] - Statement - case 4:: Text '25.0' is set on object 'Object Repository/MOH AND GRN/Page_KDMC - CMS/input_txtmrp'

2018-05-11 10:43:15 - [TEST_STEP][PASSED] - Statement - return (java.lang.Math.floor((java.lang.Math.random() * ((max - min) + 1))) + min): Text '25.0' is set on object 'Object Repository/MOH AND GRN/Page_KDMC - CMS/input_txtmrp'

2018-05-11 10:43:15 - [MESSAGE][PASSED] - Text '25.0' is set on object 'Object Repository/MOH AND GRN/Page_KDMC - CMS/input_txtmrp'

2018-05-11 10:43:15 - [TEST_STEP][PASSED] - setText: Finding Test Object with id 'Object Repository/MOH AND GRN/Page_KDMC - CMS/input_txtdeal'

2018-05-11 10:43:15 - [TEST_STEP][PASSED] - Statement - switch (id): Finding Test Object with id 'Object Repository/MOH AND GRN/Page_KDMC - CMS/input_txtbatchno'

2018-05-11 10:43:15 - [TEST_STEP][PASSED] - Statement - case 5:: Text '5.0' is set on object 'Object Repository/MOH AND GRN/Page_KDMC - CMS/input_txtdeal'

2018-05-11 10:43:15 - [TEST_STEP][PASSED] - Statement - return (java.lang.Math.floor((java.lang.Math.random() * ((max - min) + 1))) + min): Text '5.0' is set on object 'Object Repository/MOH AND GRN/Page_KDMC - CMS/input_txtdeal'

2018-05-11 10:43:15 - [MESSAGE][PASSED] - Text '5.0' is set on object 'Object Repository/MOH AND GRN/Page_KDMC - CMS/input_txtdeal'

2018-05-11 10:43:15 - [TEST_STEP][PASSED] - setText: Finding Test Object with id 'Object Repository/MOH AND GRN/Page_KDMC - CMS/input_txtbatchno'

2018-05-11 10:43:15 - [TEST_STEP][PASSED] - Statement - switch (id): Finding Test Object with id 'Object Repository/MOH AND GRN/Page_KDMC - CMS/input_txtmrp'

2018-05-11 10:43:15 - [TEST_STEP][PASSED] - Statement - case 1:: Text 'BA104.0' is set on object 'Object Repository/MOH AND GRN/Page_KDMC - CMS/input_txtbatchno'

2018-05-11 10:43:15 - [TEST_STEP][PASSED] - Statement - return (java.lang.Math.floor((java.lang.Math.random() * ((max - min) + 1))) + min): Text 'BA104.0' is set on object 'Object Repository/MOH AND GRN/Page_KDMC - CMS/input_txtbatchno'

2018-05-11 10:43:15 - [MESSAGE][PASSED] - Text 'BA104.0' is set on object 'Object Repository/MOH AND GRN/Page_KDMC - CMS/input_txtbatchno'

2018-05-11 10:43:15 - [TEST_STEP][PASSED] - rightClick: Object: 'Object Repository/GRN/Page_KDMC - CMS/input_txtexpdate' is right clicked on

2018-05-11 10:43:15 - [MESSAGE][PASSED] - Object: 'Object Repository/GRN/Page_KDMC - CMS/input_txtexpdate' is right clicked on

2018-05-11 10:43:15 - [TEST_STEP][PASSED] - selectOptionByIndex: All options with index in [4] are selected on object 'Object Repository/GRN/Page_KDMC - CMS/select_20182019202020212022202'

2018-05-11 10:43:15 - [MESSAGE][PASSED] - All options with index in [4] are selected on object 'Object Repository/GRN/Page_KDMC - CMS/select_20182019202020212022202'

2018-05-11 10:43:15 - [TEST_STEP][PASSED] - selectOptionByIndex: All options with index in [4] are selected on object 'Object Repository/GRN/Page_KDMC - CMS/select_JanFebMarAprMayJunJulAu'

2018-05-11 10:43:15 - [MESSAGE][PASSED] - All options with index in [4] are selected on object 'Object Repository/GRN/Page_KDMC - CMS/select_JanFebMarAprMayJunJulAu'

2018-05-11 10:43:15 - [TEST_STEP][PASSED] - click: Object: 'Object Repository/MOH AND GRN/Page_KDMC - CMS/a_12' is clicked on

2018-05-11 10:43:16 - [MESSAGE][PASSED] - Object: 'Object Repository/MOH AND GRN/Page_KDMC - CMS/a_12' is clicked on

2018-05-11 10:43:16 - [TEST_STEP][PASSED] - click: Object: 'Object Repository/MOH AND GRN/Page_KDMC - CMS/input_btnadd' is clicked on

2018-05-11 10:43:16 - [MESSAGE][PASSED] - Object: 'Object Repository/MOH AND GRN/Page_KDMC - CMS/input_btnadd' is clicked on

2018-05-11 10:43:16 - [TEST_STEP][PASSED] - Statement - If (s == 10): null

2018-05-11 10:43:16 - [TEST_STEP][PASSED] - Statement - Else: null

2018-05-11 10:43:16 - [TEST_STEP][PASSED] - Statement - (s++): null

2018-05-11 10:43:16 - [TEST_STEP][PASSED] - delay: Delayed 1 second(s)

2018-05-11 10:43:17 - [MESSAGE][PASSED] - Delayed 1 second(s)

2018-05-11 10:43:17 - [TEST_STEP][PASSED] - selectOptionByIndex: All options with index in [5] are selected on object 'Object Repository/MOH AND GRN/Page_KDMC - CMS/select_--Select--Amikacin -500'

2018-05-11 10:43:17 - [MESSAGE][PASSED] - All options with index in [5] are selected on object 'Object Repository/MOH AND GRN/Page_KDMC - CMS/select_--Select--Amikacin -500'

2018-05-11 10:43:17 - [TEST_STEP][PASSED] - setText: Text '5000' is set on object 'Object Repository/MOH AND GRN/Page_KDMC - CMS/input_txtqty'

2018-05-11 10:43:17 - [MESSAGE][PASSED] - Text '5000' is set on object 'Object Repository/MOH AND GRN/Page_KDMC - CMS/input_txtqty'

2018-05-11 10:43:17 - [TEST_STEP][PASSED] - selectOptionByIndex: All options with index in [1] are selected on object 'Object Repository/MOH AND GRN/Page_KDMC - CMS/select_--Select--No Tax0'

2018-05-11 10:43:17 - [MESSAGE][PASSED] - All options with index in [1] are selected on object 'Object Repository/MOH AND GRN/Page_KDMC - CMS/select_--Select--No Tax0'

2018-05-11 10:43:17 - [TEST_STEP][PASSED] - setText: Finding Test Object with id 'Object Repository/MOH AND GRN/Page_KDMC - CMS/input_txtmrp'

2018-05-11 10:43:17 - [TEST_STEP][PASSED] - Statement - switch (id): Finding Test Object with id 'Object Repository/MOH AND GRN/Page_KDMC - CMS/input_txtdeal'

2018-05-11 10:43:17 - [TEST_STEP][PASSED] - Statement - case 4:: Text '45.0' is set on object 'Object Repository/MOH AND GRN/Page_KDMC - CMS/input_txtmrp'

2018-05-11 10:43:17 - [TEST_STEP][PASSED] - Statement - return (java.lang.Math.floor((java.lang.Math.random() * ((max - min) + 1))) + min): Text '45.0' is set on object 'Object Repository/MOH AND GRN/Page_KDMC - CMS/input_txtmrp'

2018-05-11 10:43:17 - [MESSAGE][PASSED] - Text '45.0' is set on object 'Object Repository/MOH AND GRN/Page_KDMC - CMS/input_txtmrp'

2018-05-11 10:43:17 - [TEST_STEP][PASSED] - setText: Finding Test Object with id 'Object Repository/MOH AND GRN/Page_KDMC - CMS/input_txtdeal'

2018-05-11 10:43:17 - [TEST_STEP][PASSED] - Statement - switch (id): Finding Test Object with id 'Object Repository/MOH AND GRN/Page_KDMC - CMS/input_txtbatchno'

2018-05-11 10:43:17 - [TEST_STEP][PASSED] - Statement - case 5:: Text '9.0' is set on object 'Object Repository/MOH AND GRN/Page_KDMC - CMS/input_txtdeal'

2018-05-11 10:43:17 - [TEST_STEP][PASSED] - Statement - return (java.lang.Math.floor((java.lang.Math.random() * ((max - min) + 1))) + min): Text '9.0' is set on object 'Object Repository/MOH AND GRN/Page_KDMC - CMS/input_txtdeal'

2018-05-11 10:43:17 - [MESSAGE][PASSED] - Text '9.0' is set on object 'Object Repository/MOH AND GRN/Page_KDMC - CMS/input_txtdeal'

2018-05-11 10:43:17 - [TEST_STEP][PASSED] - setText: Finding Test Object with id 'Object Repository/MOH AND GRN/Page_KDMC - CMS/input_txtbatchno'

2018-05-11 10:43:17 - [TEST_STEP][PASSED] - Statement - switch (id): Finding Test Object with id 'Object Repository/MOH AND GRN/Page_KDMC - CMS/input_txtmrp'

2018-05-11 10:43:17 - [TEST_STEP][PASSED] - Statement - case 1:: Text 'BA702.0' is set on object 'Object Repository/MOH AND GRN/Page_KDMC - CMS/input_txtbatchno'

2018-05-11 10:43:17 - [TEST_STEP][PASSED] - Statement - return (java.lang.Math.floor((java.lang.Math.random() * ((max - min) + 1))) + min): Text 'BA702.0' is set on object 'Object Repository/MOH AND GRN/Page_KDMC - CMS/input_txtbatchno'

2018-05-11 10:43:17 - [MESSAGE][PASSED] - Text 'BA702.0' is set on object 'Object Repository/MOH AND GRN/Page_KDMC - CMS/input_txtbatchno'

2018-05-11 10:43:17 - [TEST_STEP][PASSED] - rightClick: Object: 'Object Repository/GRN/Page_KDMC - CMS/input_txtexpdate' is right clicked on

2018-05-11 10:43:17 - [MESSAGE][PASSED] - Object: 'Object Repository/GRN/Page_KDMC - CMS/input_txtexpdate' is right clicked on

2018-05-11 10:43:17 - [TEST_STEP][PASSED] - selectOptionByIndex: All options with index in [5] are selected on object 'Object Repository/GRN/Page_KDMC - CMS/select_20182019202020212022202'

2018-05-11 10:43:18 - [MESSAGE][PASSED] - All options with index in [5] are selected on object 'Object Repository/GRN/Page_KDMC - CMS/select_20182019202020212022202'

2018-05-11 10:43:18 - [TEST_STEP][PASSED] - selectOptionByIndex: All options with index in [5] are selected on object 'Object Repository/GRN/Page_KDMC - CMS/select_JanFebMarAprMayJunJulAu'

2018-05-11 10:43:18 - [MESSAGE][PASSED] - All options with index in [5] are selected on object 'Object Repository/GRN/Page_KDMC - CMS/select_JanFebMarAprMayJunJulAu'

2018-05-11 10:43:18 - [TEST_STEP][PASSED] - click: Object: 'Object Repository/MOH AND GRN/Page_KDMC - CMS/a_12' is clicked on

2018-05-11 10:43:18 - [MESSAGE][PASSED] - Object: 'Object Repository/MOH AND GRN/Page_KDMC - CMS/a_12' is clicked on

2018-05-11 10:43:18 - [TEST_STEP][PASSED] - click: Object: 'Object Repository/MOH AND GRN/Page_KDMC - CMS/input_btnadd' is clicked on

2018-05-11 10:43:18 - [MESSAGE][PASSED] - Object: 'Object Repository/MOH AND GRN/Page_KDMC - CMS/input_btnadd' is clicked on

2018-05-11 10:43:18 - [TEST_STEP][PASSED] - Statement - If (s == 10): null

2018-05-11 10:43:18 - [TEST_STEP][PASSED] - Statement - Else: null

2018-05-11 10:43:18 - [TEST_STEP][PASSED] - Statement - (s++): null

2018-05-11 10:43:18 - [TEST_STEP][PASSED] - delay: Delayed 1 second(s)

2018-05-11 10:43:19 - [MESSAGE][PASSED] - Delayed 1 second(s)

2018-05-11 10:43:19 - [TEST_STEP][PASSED] - selectOptionByIndex: All options with index in [6] are selected on object 'Object Repository/MOH AND GRN/Page_KDMC - CMS/select_--Select--Amikacin -500'

2018-05-11 10:43:19 - [MESSAGE][PASSED] - All options with index in [6] are selected on object 'Object Repository/MOH AND GRN/Page_KDMC - CMS/select_--Select--Amikacin -500'

2018-05-11 10:43:19 - [TEST_STEP][PASSED] - setText: Text '5000' is set on object 'Object Repository/MOH AND GRN/Page_KDMC - CMS/input_txtqty'

2018-05-11 10:43:19 - [MESSAGE][PASSED] - Text '5000' is set on object 'Object Repository/MOH AND GRN/Page_KDMC - CMS/input_txtqty'

2018-05-11 10:43:19 - [TEST_STEP][PASSED] - selectOptionByIndex: All options with index in [1] are selected on object 'Object Repository/MOH AND GRN/Page_KDMC - CMS/select_--Select--No Tax0'

2018-05-11 10:43:19 - [MESSAGE][PASSED] - All options with index in [1] are selected on object 'Object Repository/MOH AND GRN/Page_KDMC - CMS/select_--Select--No Tax0'

2018-05-11 10:43:19 - [TEST_STEP][PASSED] - setText: Finding Test Object with id 'Object Repository/MOH AND GRN/Page_KDMC - CMS/input_txtmrp'

2018-05-11 10:43:19 - [TEST_STEP][PASSED] - Statement - switch (id): Finding Test Object with id 'Object Repository/MOH AND GRN/Page_KDMC - CMS/input_txtdeal'

2018-05-11 10:43:19 - [TEST_STEP][PASSED] - Statement - case 4:: Text '29.0' is set on object 'Object Repository/MOH AND GRN/Page_KDMC - CMS/input_txtmrp'

2018-05-11 10:43:19 - [TEST_STEP][PASSED] - Statement - return (java.lang.Math.floor((java.lang.Math.random() * ((max - min) + 1))) + min): Text '29.0' is set on object 'Object Repository/MOH AND GRN/Page_KDMC - CMS/input_txtmrp'

2018-05-11 10:43:20 - [MESSAGE][PASSED] - Text '29.0' is set on object 'Object Repository/MOH AND GRN/Page_KDMC - CMS/input_txtmrp'

2018-05-11 10:43:20 - [TEST_STEP][PASSED] - setText: Finding Test Object with id 'Object Repository/MOH AND GRN/Page_KDMC - CMS/input_txtdeal'

2018-05-11 10:43:20 - [TEST_STEP][PASSED] - Statement - switch (id): Finding Test Object with id 'Object Repository/MOH AND GRN/Page_KDMC - CMS/input_txtbatchno'

2018-05-11 10:43:20 - [TEST_STEP][PASSED] - Statement - case 5:: Text '1.0' is set on object 'Object Repository/MOH AND GRN/Page_KDMC - CMS/input_txtdeal'

2018-05-11 10:43:20 - [TEST_STEP][PASSED] - Statement - return (java.lang.Math.floor((java.lang.Math.random() * ((max - min) + 1))) + min): Text '1.0' is set on object 'Object Repository/MOH AND GRN/Page_KDMC - CMS/input_txtdeal'

2018-05-11 10:43:20 - [MESSAGE][PASSED] - Text '1.0' is set on object 'Object Repository/MOH AND GRN/Page_KDMC - CMS/input_txtdeal'

2018-05-11 10:43:20 - [TEST_STEP][PASSED] - setText: Finding Test Object with id 'Object Repository/MOH AND GRN/Page_KDMC - CMS/input_txtbatchno'

2018-05-11 10:43:20 - [TEST_STEP][PASSED] - Statement - switch (id): Finding Test Object with id 'Object Repository/MOH AND GRN/Page_KDMC - CMS/input_txtmrp'

2018-05-11 10:43:20 - [TEST_STEP][PASSED] - Statement - case 1:: Text 'BA868.0' is set on object 'Object Repository/MOH AND GRN/Page_KDMC - CMS/input_txtbatchno'

2018-05-11 10:43:20 - [TEST_STEP][PASSED] - Statement - return (java.lang.Math.floor((java.lang.Math.random() * ((max - min) + 1))) + min): Text 'BA868.0' is set on object 'Object Repository/MOH AND GRN/Page_KDMC - CMS/input_txtbatchno'

2018-05-11 10:43:20 - [MESSAGE][PASSED] - Text 'BA868.0' is set on object 'Object Repository/MOH AND GRN/Page_KDMC - CMS/input_txtbatchno'

2018-05-11 10:43:20 - [TEST_STEP][PASSED] - rightClick: Object: 'Object Repository/GRN/Page_KDMC - CMS/input_txtexpdate' is right clicked on

2018-05-11 10:43:20 - [MESSAGE][PASSED] - Object: 'Object Repository/GRN/Page_KDMC - CMS/input_txtexpdate' is right clicked on

2018-05-11 10:43:20 - [TEST_STEP][PASSED] - selectOptionByIndex: All options with index in [6] are selected on object 'Object Repository/GRN/Page_KDMC - CMS/select_20182019202020212022202'

2018-05-11 10:43:20 - [MESSAGE][PASSED] - All options with index in [6] are selected on object 'Object Repository/GRN/Page_KDMC - CMS/select_20182019202020212022202'

2018-05-11 10:43:20 - [TEST_STEP][PASSED] - selectOptionByIndex: All options with index in [6] are selected on object 'Object Repository/GRN/Page_KDMC - CMS/select_JanFebMarAprMayJunJulAu'

2018-05-11 10:43:20 - [MESSAGE][PASSED] - All options with index in [6] are selected on object 'Object Repository/GRN/Page_KDMC - CMS/select_JanFebMarAprMayJunJulAu'

2018-05-11 10:43:20 - [TEST_STEP][PASSED] - click: Object: 'Object Repository/MOH AND GRN/Page_KDMC - CMS/a_12' is clicked on

2018-05-11 10:43:20 - [MESSAGE][PASSED] - Object: 'Object Repository/MOH AND GRN/Page_KDMC - CMS/a_12' is clicked on

2018-05-11 10:43:20 - [TEST_STEP][PASSED] - click: Object: 'Object Repository/MOH AND GRN/Page_KDMC - CMS/input_btnadd' is clicked on

2018-05-11 10:43:20 - [MESSAGE][PASSED] - Object: 'Object Repository/MOH AND GRN/Page_KDMC - CMS/input_btnadd' is clicked on

2018-05-11 10:43:20 - [TEST_STEP][PASSED] - Statement - If (s == 10): null

2018-05-11 10:43:20 - [TEST_STEP][PASSED] - Statement - Else: null

2018-05-11 10:43:20 - [TEST_STEP][PASSED] - Statement - (s++): null

2018-05-11 10:43:20 - [TEST_STEP][PASSED] - delay: Delayed 1 second(s)

2018-05-11 10:43:21 - [MESSAGE][PASSED] - Delayed 1 second(s)

2018-05-11 10:43:21 - [TEST_STEP][PASSED] - selectOptionByIndex: All options with index in [7] are selected on object 'Object Repository/MOH AND GRN/Page_KDMC - CMS/select_--Select--Amikacin -500'

2018-05-11 10:43:22 - [MESSAGE][PASSED] - All options with index in [7] are selected on object 'Object Repository/MOH AND GRN/Page_KDMC - CMS/select_--Select--Amikacin -500'

2018-05-11 10:43:22 - [TEST_STEP][PASSED] - setText: Text '5000' is set on object 'Object Repository/MOH AND GRN/Page_KDMC - CMS/input_txtqty'

2018-05-11 10:43:22 - [MESSAGE][PASSED] - Text '5000' is set on object 'Object Repository/MOH AND GRN/Page_KDMC - CMS/input_txtqty'

2018-05-11 10:43:22 - [TEST_STEP][PASSED] - selectOptionByIndex: All options with index in [1] are selected on object 'Object Repository/MOH AND GRN/Page_KDMC - CMS/select_--Select--No Tax0'

2018-05-11 10:43:22 - [MESSAGE][PASSED] - All options with index in [1] are selected on object 'Object Repository/MOH AND GRN/Page_KDMC - CMS/select_--Select--No Tax0'

2018-05-11 10:43:22 - [TEST_STEP][PASSED] - setText: Finding Test Object with id 'Object Repository/MOH AND GRN/Page_KDMC - CMS/input_txtmrp'

2018-05-11 10:43:22 - [TEST_STEP][PASSED] - Statement - switch (id): Finding Test Object with id 'Object Repository/MOH AND GRN/Page_KDMC - CMS/input_txtdeal'

2018-05-11 10:43:22 - [TEST_STEP][PASSED] - Statement - case 4:: Text '18.0' is set on object 'Object Repository/MOH AND GRN/Page_KDMC - CMS/input_txtmrp'

2018-05-11 10:43:22 - [TEST_STEP][PASSED] - Statement - return (java.lang.Math.floor((java.lang.Math.random() * ((max - min) + 1))) + min): Text '18.0' is set on object 'Object Repository/MOH AND GRN/Page_KDMC - CMS/input_txtmrp'

2018-05-11 10:43:22 - [MESSAGE][PASSED] - Text '18.0' is set on object 'Object Repository/MOH AND GRN/Page_KDMC - CMS/input_txtmrp'

2018-05-11 10:43:22 - [TEST_STEP][PASSED] - setText: Finding Test Object with id 'Object Repository/MOH AND GRN/Page_KDMC - CMS/input_txtdeal'

2018-05-11 10:43:22 - [TEST_STEP][PASSED] - Statement - switch (id): Finding Test Object with id 'Object Repository/MOH AND GRN/Page_KDMC - CMS/input_txtbatchno'

2018-05-11 10:43:22 - [TEST_STEP][PASSED] - Statement - case 5:: Text '12.0' is set on object 'Object Repository/MOH AND GRN/Page_KDMC - CMS/input_txtdeal'

2018-05-11 10:43:22 - [TEST_STEP][PASSED] - Statement - return (java.lang.Math.floor((java.lang.Math.random() * ((max - min) + 1))) + min): Text '12.0' is set on object 'Object Repository/MOH AND GRN/Page_KDMC - CMS/input_txtdeal'

2018-05-11 10:43:22 - [MESSAGE][PASSED] - Text '12.0' is set on object 'Object Repository/MOH AND GRN/Page_KDMC - CMS/input_txtdeal'

2018-05-11 10:43:22 - [TEST_STEP][PASSED] - setText: Finding Test Object with id 'Object Repository/MOH AND GRN/Page_KDMC - CMS/input_txtbatchno'

2018-05-11 10:43:22 - [TEST_STEP][PASSED] - Statement - switch (id): Finding Test Object with id 'Object Repository/MOH AND GRN/Page_KDMC - CMS/input_txtmrp'

2018-05-11 10:43:22 - [TEST_STEP][PASSED] - Statement - case 1:: Text 'BA688.0' is set on object 'Object Repository/MOH AND GRN/Page_KDMC - CMS/input_txtbatchno'

2018-05-11 10:43:22 - [TEST_STEP][PASSED] - Statement - return (java.lang.Math.floor((java.lang.Math.random() * ((max - min) + 1))) + min): Text 'BA688.0' is set on object 'Object Repository/MOH AND GRN/Page_KDMC - CMS/input_txtbatchno'

2018-05-11 10:43:22 - [MESSAGE][PASSED] - Text 'BA688.0' is set on object 'Object Repository/MOH AND GRN/Page_KDMC - CMS/input_txtbatchno'

2018-05-11 10:43:22 - [TEST_STEP][PASSED] - rightClick: Object: 'Object Repository/GRN/Page_KDMC - CMS/input_txtexpdate' is right clicked on

2018-05-11 10:43:22 - [MESSAGE][PASSED] - Object: 'Object Repository/GRN/Page_KDMC - CMS/input_txtexpdate' is right clicked on

2018-05-11 10:43:22 - [TEST_STEP][PASSED] - selectOptionByIndex: All options with index in [7] are selected on object 'Object Repository/GRN/Page_KDMC - CMS/select_20182019202020212022202'

2018-05-11 10:43:22 - [MESSAGE][PASSED] - All options with index in [7] are selected on object 'Object Repository/GRN/Page_KDMC - CMS/select_20182019202020212022202'

2018-05-11 10:43:22 - [TEST_STEP][PASSED] - selectOptionByIndex: All options with index in [7] are selected on object 'Object Repository/GRN/Page_KDMC - CMS/select_JanFebMarAprMayJunJulAu'

2018-05-11 10:43:23 - [MESSAGE][PASSED] - All options with index in [7] are selected on object 'Object Repository/GRN/Page_KDMC - CMS/select_JanFebMarAprMayJunJulAu'

2018-05-11 10:43:23 - [TEST_STEP][PASSED] - click: Object: 'Object Repository/MOH AND GRN/Page_KDMC - CMS/a_12' is clicked on

2018-05-11 10:43:23 - [MESSAGE][PASSED] - Object: 'Object Repository/MOH AND GRN/Page_KDMC - CMS/a_12' is clicked on

2018-05-11 10:43:23 - [TEST_STEP][PASSED] - click: Object: 'Object Repository/MOH AND GRN/Page_KDMC - CMS/input_btnadd' is clicked on

2018-05-11 10:43:23 - [MESSAGE][PASSED] - Object: 'Object Repository/MOH AND GRN/Page_KDMC - CMS/input_btnadd' is clicked on

2018-05-11 10:43:23 - [TEST_STEP][PASSED] - Statement - If (s == 10): null

2018-05-11 10:43:23 - [TEST_STEP][PASSED] - Statement - Else: null

2018-05-11 10:43:23 - [TEST_STEP][PASSED] - Statement - (s++): null

2018-05-11 10:43:23 - [TEST_STEP][PASSED] - delay: Delayed 1 second(s)

2018-05-11 10:43:24 - [MESSAGE][PASSED] - Delayed 1 second(s)

2018-05-11 10:43:24 - [TEST_STEP][PASSED] - selectOptionByIndex: All options with index in [8] are selected on object 'Object Repository/MOH AND GRN/Page_KDMC - CMS/select_--Select--Amikacin -500'

2018-05-11 10:43:24 - [MESSAGE][PASSED] - All options with index in [8] are selected on object 'Object Repository/MOH AND GRN/Page_KDMC - CMS/select_--Select--Amikacin -500'

2018-05-11 10:43:24 - [TEST_STEP][PASSED] - setText: Text '5000' is set on object 'Object Repository/MOH AND GRN/Page_KDMC - CMS/input_txtqty'

2018-05-11 10:43:24 - [MESSAGE][PASSED] - Text '5000' is set on object 'Object Repository/MOH AND GRN/Page_KDMC - CMS/input_txtqty'

2018-05-11 10:43:24 - [TEST_STEP][PASSED] - selectOptionByIndex: All options with index in [1] are selected on object 'Object Repository/MOH AND GRN/Page_KDMC - CMS/select_--Select--No Tax0'

2018-05-11 10:43:24 - [MESSAGE][PASSED] - All options with index in [1] are selected on object 'Object Repository/MOH AND GRN/Page_KDMC - CMS/select_--Select--No Tax0'

2018-05-11 10:43:24 - [TEST_STEP][PASSED] - setText: Finding Test Object with id 'Object Repository/MOH AND GRN/Page_KDMC - CMS/input_txtmrp'

2018-05-11 10:43:24 - [TEST_STEP][PASSED] - Statement - switch (id): Finding Test Object with id 'Object Repository/MOH AND GRN/Page_KDMC - CMS/input_txtdeal'

2018-05-11 10:43:24 - [TEST_STEP][PASSED] - Statement - case 4:: Text '23.0' is set on object 'Object Repository/MOH AND GRN/Page_KDMC - CMS/input_txtmrp'

2018-05-11 10:43:24 - [TEST_STEP][PASSED] - Statement - return (java.lang.Math.floor((java.lang.Math.random() * ((max - min) + 1))) + min): Text '23.0' is set on object 'Object Repository/MOH AND GRN/Page_KDMC - CMS/input_txtmrp'

2018-05-11 10:43:24 - [MESSAGE][PASSED] - Text '23.0' is set on object 'Object Repository/MOH AND GRN/Page_KDMC - CMS/input_txtmrp'

2018-05-11 10:43:24 - [TEST_STEP][PASSED] - setText: Finding Test Object with id 'Object Repository/MOH AND GRN/Page_KDMC - CMS/input_txtdeal'

2018-05-11 10:43:24 - [TEST_STEP][PASSED] - Statement - switch (id): Finding Test Object with id 'Object Repository/MOH AND GRN/Page_KDMC - CMS/input_txtbatchno'

2018-05-11 10:43:24 - [TEST_STEP][PASSED] - Statement - case 5:: Text '1.0' is set on object 'Object Repository/MOH AND GRN/Page_KDMC - CMS/input_txtdeal'

2018-05-11 10:43:24 - [TEST_STEP][PASSED] - Statement - return (java.lang.Math.floor((java.lang.Math.random() * ((max - min) + 1))) + min): Text '1.0' is set on object 'Object Repository/MOH AND GRN/Page_KDMC - CMS/input_txtdeal'

2018-05-11 10:43:24 - [MESSAGE][PASSED] - Text '1.0' is set on object 'Object Repository/MOH AND GRN/Page_KDMC - CMS/input_txtdeal'

2018-05-11 10:43:24 - [TEST_STEP][PASSED] - setText: Finding Test Object with id 'Object Repository/MOH AND GRN/Page_KDMC - CMS/input_txtbatchno'

2018-05-11 10:43:24 - [TEST_STEP][PASSED] - Statement - switch (id): Finding Test Object with id 'Object Repository/MOH AND GRN/Page_KDMC - CMS/input_txtmrp'

2018-05-11 10:43:24 - [TEST_STEP][PASSED] - Statement - case 1:: Text 'BA440.0' is set on object 'Object Repository/MOH AND GRN/Page_KDMC - CMS/input_txtbatchno'

2018-05-11 10:43:24 - [TEST_STEP][PASSED] - Statement - return (java.lang.Math.floor((java.lang.Math.random() * ((max - min) + 1))) + min): Text 'BA440.0' is set on object 'Object Repository/MOH AND GRN/Page_KDMC - CMS/input_txtbatchno'

2018-05-11 10:43:25 - [MESSAGE][PASSED] - Text 'BA440.0' is set on object 'Object Repository/MOH AND GRN/Page_KDMC - CMS/input_txtbatchno'

2018-05-11 10:43:25 - [TEST_STEP][PASSED] - rightClick: Object: 'Object Repository/GRN/Page_KDMC - CMS/input_txtexpdate' is right clicked on

2018-05-11 10:43:25 - [MESSAGE][PASSED] - Object: 'Object Repository/GRN/Page_KDMC - CMS/input_txtexpdate' is right clicked on

2018-05-11 10:43:25 - [TEST_STEP][PASSED] - selectOptionByIndex: All options with index in [8] are selected on object 'Object Repository/GRN/Page_KDMC - CMS/select_20182019202020212022202'

2018-05-11 10:43:25 - [MESSAGE][PASSED] - All options with index in [8] are selected on object 'Object Repository/GRN/Page_KDMC - CMS/select_20182019202020212022202'

2018-05-11 10:43:25 - [TEST_STEP][PASSED] - selectOptionByIndex: All options with index in [8] are selected on object 'Object Repository/GRN/Page_KDMC - CMS/select_JanFebMarAprMayJunJulAu'

2018-05-11 10:43:25 - [MESSAGE][PASSED] - All options with index in [8] are selected on object 'Object Repository/GRN/Page_KDMC - CMS/select_JanFebMarAprMayJunJulAu'

2018-05-11 10:43:25 - [TEST_STEP][PASSED] - click: Object: 'Object Repository/MOH AND GRN/Page_KDMC - CMS/a_12' is clicked on

2018-05-11 10:43:25 - [MESSAGE][PASSED] - Object: 'Object Repository/MOH AND GRN/Page_KDMC - CMS/a_12' is clicked on

2018-05-11 10:43:25 - [TEST_STEP][PASSED] - click: Object: 'Object Repository/MOH AND GRN/Page_KDMC - CMS/input_btnadd' is clicked on

2018-05-11 10:43:25 - [MESSAGE][PASSED] - Object: 'Object Repository/MOH AND GRN/Page_KDMC - CMS/input_btnadd' is clicked on

2018-05-11 10:43:25 - [TEST_STEP][PASSED] - Statement - If (s == 10): null

2018-05-11 10:43:25 - [TEST_STEP][PASSED] - Statement - Else: null

2018-05-11 10:43:25 - [TEST_STEP][PASSED] - Statement - (s++): null

2018-05-11 10:43:25 - [TEST_STEP][PASSED] - delay: Delayed 1 second(s)

2018-05-11 10:43:26 - [MESSAGE][PASSED] - Delayed 1 second(s)

2018-05-11 10:43:26 - [TEST_STEP][PASSED] - selectOptionByIndex: All options with index in [9] are selected on object 'Object Repository/MOH AND GRN/Page_KDMC - CMS/select_--Select--Amikacin -500'

2018-05-11 10:43:27 - [MESSAGE][PASSED] - All options with index in [9] are selected on object 'Object Repository/MOH AND GRN/Page_KDMC - CMS/select_--Select--Amikacin -500'

2018-05-11 10:43:27 - [TEST_STEP][PASSED] - setText: Text '5000' is set on object 'Object Repository/MOH AND GRN/Page_KDMC - CMS/input_txtqty'

2018-05-11 10:43:27 - [MESSAGE][PASSED] - Text '5000' is set on object 'Object Repository/MOH AND GRN/Page_KDMC - CMS/input_txtqty'

2018-05-11 10:43:27 - [TEST_STEP][PASSED] - selectOptionByIndex: All options with index in [1] are selected on object 'Object Repository/MOH AND GRN/Page_KDMC - CMS/select_--Select--No Tax0'

2018-05-11 10:43:27 - [MESSAGE][PASSED] - All options with index in [1] are selected on object 'Object Repository/MOH AND GRN/Page_KDMC - CMS/select_--Select--No Tax0'

2018-05-11 10:43:27 - [TEST_STEP][PASSED] - setText: Finding Test Object with id 'Object Repository/MOH AND GRN/Page_KDMC - CMS/input_txtmrp'

2018-05-11 10:43:27 - [TEST_STEP][PASSED] - Statement - switch (id): Finding Test Object with id 'Object Repository/MOH AND GRN/Page_KDMC - CMS/input_txtdeal'

2018-05-11 10:43:27 - [TEST_STEP][PASSED] - Statement - case 4:: Text '25.0' is set on object 'Object Repository/MOH AND GRN/Page_KDMC - CMS/input_txtmrp'

2018-05-11 10:43:27 - [TEST_STEP][PASSED] - Statement - return (java.lang.Math.floor((java.lang.Math.random() * ((max - min) + 1))) + min): Text '25.0' is set on object 'Object Repository/MOH AND GRN/Page_KDMC - CMS/input_txtmrp'

2018-05-11 10:43:27 - [MESSAGE][PASSED] - Text '25.0' is set on object 'Object Repository/MOH AND GRN/Page_KDMC - CMS/input_txtmrp'

2018-05-11 10:43:27 - [TEST_STEP][PASSED] - setText: Finding Test Object with id 'Object Repository/MOH AND GRN/Page_KDMC - CMS/input_txtdeal'

2018-05-11 10:43:27 - [TEST_STEP][PASSED] - Statement - switch (id): Finding Test Object with id 'Object Repository/MOH AND GRN/Page_KDMC - CMS/input_txtbatchno'

2018-05-11 10:43:27 - [TEST_STEP][PASSED] - Statement - case 5:: Text '4.0' is set on object 'Object Repository/MOH AND GRN/Page_KDMC - CMS/input_txtdeal'

2018-05-11 10:43:27 - [TEST_STEP][PASSED] - Statement - return (java.lang.Math.floor((java.lang.Math.random() * ((max - min) + 1))) + min): Text '4.0' is set on object 'Object Repository/MOH AND GRN/Page_KDMC - CMS/input_txtdeal'

2018-05-11 10:43:27 - [MESSAGE][PASSED] - Text '4.0' is set on object 'Object Repository/MOH AND GRN/Page_KDMC - CMS/input_txtdeal'

2018-05-11 10:43:27 - [TEST_STEP][PASSED] - setText: Finding Test Object with id 'Object Repository/MOH AND GRN/Page_KDMC - CMS/input_txtbatchno'

2018-05-11 10:43:27 - [TEST_STEP][PASSED] - Statement - switch (id): Finding Test Object with id 'Object Repository/MOH AND GRN/Page_KDMC - CMS/input_txtmrp'

2018-05-11 10:43:27 - [TEST_STEP][PASSED] - Statement - case 1:: Text 'BA762.0' is set on object 'Object Repository/MOH AND GRN/Page_KDMC - CMS/input_txtbatchno'

2018-05-11 10:43:27 - [TEST_STEP][PASSED] - Statement - return (java.lang.Math.floor((java.lang.Math.random() * ((max - min) + 1))) + min): Text 'BA762.0' is set on object 'Object Repository/MOH AND GRN/Page_KDMC - CMS/input_txtbatchno'

2018-05-11 10:43:27 - [MESSAGE][PASSED] - Text 'BA762.0' is set on object 'Object Repository/MOH AND GRN/Page_KDMC - CMS/input_txtbatchno'

2018-05-11 10:43:27 - [TEST_STEP][PASSED] - rightClick: Object: 'Object Repository/GRN/Page_KDMC - CMS/input_txtexpdate' is right clicked on

2018-05-11 10:43:27 - [MESSAGE][PASSED] - Object: 'Object Repository/GRN/Page_KDMC - CMS/input_txtexpdate' is right clicked on

2018-05-11 10:43:27 - [TEST_STEP][PASSED] - selectOptionByIndex: All options with index in [9] are selected on object 'Object Repository/GRN/Page_KDMC - CMS/select_20182019202020212022202'

2018-05-11 10:43:27 - [MESSAGE][PASSED] - All options with index in [9] are selected on object 'Object Repository/GRN/Page_KDMC - CMS/select_20182019202020212022202'

2018-05-11 10:43:27 - [TEST_STEP][PASSED] - selectOptionByIndex: All options with index in [9] are selected on object 'Object Repository/GRN/Page_KDMC - CMS/select_JanFebMarAprMayJunJulAu'

2018-05-11 10:43:28 - [MESSAGE][PASSED] - All options with index in [9] are selected on object 'Object Repository/GRN/Page_KDMC - CMS/select_JanFebMarAprMayJunJulAu'

2018-05-11 10:43:28 - [TEST_STEP][PASSED] - click: Object: 'Object Repository/MOH AND GRN/Page_KDMC - CMS/a_12' is clicked on

2018-05-11 10:43:28 - [MESSAGE][PASSED] - Object: 'Object Repository/MOH AND GRN/Page_KDMC - CMS/a_12' is clicked on

2018-05-11 10:43:28 - [TEST_STEP][PASSED] - click: Object: 'Object Repository/MOH AND GRN/Page_KDMC - CMS/input_btnadd' is clicked on

2018-05-11 10:43:28 - [MESSAGE][PASSED] - Object: 'Object Repository/MOH AND GRN/Page_KDMC - CMS/input_btnadd' is clicked on

2018-05-11 10:43:28 - [TEST_STEP][PASSED] - Statement - If (s == 10): null

2018-05-11 10:43:28 - [TEST_STEP][PASSED] - Statement - Else: null

2018-05-11 10:43:28 - [TEST_STEP][PASSED] - Statement - (s++): null

2018-05-11 10:43:28 - [TEST_STEP][PASSED] - delay: Delayed 1 second(s)

2018-05-11 10:43:29 - [MESSAGE][PASSED] - Delayed 1 second(s)

2018-05-11 10:43:29 - [TEST_STEP][PASSED] - selectOptionByIndex: All options with index in [10] are selected on object 'Object Repository/MOH AND GRN/Page_KDMC - CMS/select_--Select--Amikacin -500'

2018-05-11 10:43:29 - [MESSAGE][PASSED] - All options with index in [10] are selected on object 'Object Repository/MOH AND GRN/Page_KDMC - CMS/select_--Select--Amikacin -500'

2018-05-11 10:43:29 - [TEST_STEP][PASSED] - setText: Text '5000' is set on object 'Object Repository/MOH AND GRN/Page_KDMC - CMS/input_txtqty'

2018-05-11 10:43:29 - [MESSAGE][PASSED] - Text '5000' is set on object 'Object Repository/MOH AND GRN/Page_KDMC - CMS/input_txtqty'

2018-05-11 10:43:29 - [TEST_STEP][PASSED] - selectOptionByIndex: All options with index in [1] are selected on object 'Object Repository/MOH AND GRN/Page_KDMC - CMS/select_--Select--No Tax0'

2018-05-11 10:43:29 - [MESSAGE][PASSED] - All options with index in [1] are selected on object 'Object Repository/MOH AND GRN/Page_KDMC - CMS/select_--Select--No Tax0'

2018-05-11 10:43:29 - [TEST_STEP][PASSED] - setText: Finding Test Object with id 'Object Repository/MOH AND GRN/Page_KDMC - CMS/input_txtmrp'

2018-05-11 10:43:29 - [TEST_STEP][PASSED] - Statement - switch (id): Finding Test Object with id 'Object Repository/MOH AND GRN/Page_KDMC - CMS/input_txtdeal'

2018-05-11 10:43:29 - [TEST_STEP][PASSED] - Statement - case 4:: Text '24.0' is set on object 'Object Repository/MOH AND GRN/Page_KDMC - CMS/input_txtmrp'

2018-05-11 10:43:29 - [TEST_STEP][PASSED] - Statement - return (java.lang.Math.floor((java.lang.Math.random() * ((max - min) + 1))) + min): Text '24.0' is set on object 'Object Repository/MOH AND GRN/Page_KDMC - CMS/input_txtmrp'

2018-05-11 10:43:29 - [MESSAGE][PASSED] - Text '24.0' is set on object 'Object Repository/MOH AND GRN/Page_KDMC - CMS/input_txtmrp'

2018-05-11 10:43:29 - [TEST_STEP][PASSED] - setText: Finding Test Object with id 'Object Repository/MOH AND GRN/Page_KDMC - CMS/input_txtdeal'

2018-05-11 10:43:29 - [TEST_STEP][PASSED] - Statement - switch (id): Finding Test Object with id 'Object Repository/MOH AND GRN/Page_KDMC - CMS/input_txtbatchno'

2018-05-11 10:43:29 - [TEST_STEP][PASSED] - Statement - case 5:: Text '1.0' is set on object 'Object Repository/MOH AND GRN/Page_KDMC - CMS/input_txtdeal'

2018-05-11 10:43:29 - [TEST_STEP][PASSED] - Statement - return (java.lang.Math.floor((java.lang.Math.random() * ((max - min) + 1))) + min): Text '1.0' is set on object 'Object Repository/MOH AND GRN/Page_KDMC - CMS/input_txtdeal'

2018-05-11 10:43:29 - [MESSAGE][PASSED] - Text '1.0' is set on object 'Object Repository/MOH AND GRN/Page_KDMC - CMS/input_txtdeal'

2018-05-11 10:43:29 - [TEST_STEP][PASSED] - setText: Finding Test Object with id 'Object Repository/MOH AND GRN/Page_KDMC - CMS/input_txtbatchno'

2018-05-11 10:43:29 - [TEST_STEP][PASSED] - Statement - switch (id): Finding Test Object with id 'Object Repository/MOH AND GRN/Page_KDMC - CMS/input_txtmrp'

2018-05-11 10:43:29 - [TEST_STEP][PASSED] - Statement - case 1:: Text 'BA131.0' is set on object 'Object Repository/MOH AND GRN/Page_KDMC - CMS/input_txtbatchno'

2018-05-11 10:43:29 - [TEST_STEP][PASSED] - Statement - return (java.lang.Math.floor((java.lang.Math.random() * ((max - min) + 1))) + min): Text 'BA131.0' is set on object 'Object Repository/MOH AND GRN/Page_KDMC - CMS/input_txtbatchno'

2018-05-11 10:43:30 - [MESSAGE][PASSED] - Text 'BA131.0' is set on object 'Object Repository/MOH AND GRN/Page_KDMC - CMS/input_txtbatchno'

2018-05-11 10:43:30 - [TEST_STEP][PASSED] - rightClick: Object: 'Object Repository/GRN/Page_KDMC - CMS/input_txtexpdate' is right clicked on

2018-05-11 10:43:30 - [MESSAGE][PASSED] - Object: 'Object Repository/GRN/Page_KDMC - CMS/input_txtexpdate' is right clicked on

2018-05-11 10:43:30 - [TEST_STEP][PASSED] - selectOptionByIndex: All options with index in [10] are selected on object 'Object Repository/GRN/Page_KDMC - CMS/select_20182019202020212022202'

2018-05-11 10:43:30 - [MESSAGE][PASSED] - All options with index in [10] are selected on object 'Object Repository/GRN/Page_KDMC - CMS/select_20182019202020212022202'

2018-05-11 10:43:30 - [TEST_STEP][PASSED] - selectOptionByIndex: All options with index in [10] are selected on object 'Object Repository/GRN/Page_KDMC - CMS/select_JanFebMarAprMayJunJulAu'

2018-05-11 10:43:30 - [MESSAGE][PASSED] - All options with index in [10] are selected on object 'Object Repository/GRN/Page_KDMC - CMS/select_JanFebMarAprMayJunJulAu'

2018-05-11 10:43:30 - [TEST_STEP][PASSED] - click: Object: 'Object Repository/MOH AND GRN/Page_KDMC - CMS/a_12' is clicked on

2018-05-11 10:43:30 - [MESSAGE][PASSED] - Object: 'Object Repository/MOH AND GRN/Page_KDMC - CMS/a_12' is clicked on

2018-05-11 10:43:30 - [TEST_STEP][PASSED] - click: Object: 'Object Repository/MOH AND GRN/Page_KDMC - CMS/input_btnadd' is clicked on

2018-05-11 10:43:30 - [MESSAGE][PASSED] - Object: 'Object Repository/MOH AND GRN/Page_KDMC - CMS/input_btnadd' is clicked on

2018-05-11 10:43:30 - [TEST_STEP][PASSED] - Statement - If (s == 10): null

2018-05-11 10:43:30 - [TEST_STEP][PASSED] - Statement - s = 1: null

2018-05-11 10:43:30 - [TEST_STEP][PASSED] - delay: Delayed 1 second(s)

2018-05-11 10:43:31 - [MESSAGE][PASSED] - Delayed 1 second(s)

2018-05-11 10:43:31 - [TEST_STEP][PASSED] - selectOptionByIndex: All options with index in [11] are selected on object 'Object Repository/MOH AND GRN/Page_KDMC - CMS/select_--Select--Amikacin -500'

2018-05-11 10:43:32 - [MESSAGE][PASSED] - All options with index in [11] are selected on object 'Object Repository/MOH AND GRN/Page_KDMC - CMS/select_--Select--Amikacin -500'

2018-05-11 10:43:32 - [TEST_STEP][PASSED] - setText: Text '5000' is set on object 'Object Repository/MOH AND GRN/Page_KDMC - CMS/input_txtqty'

2018-05-11 10:43:32 - [MESSAGE][PASSED] - Text '5000' is set on object 'Object Repository/MOH AND GRN/Page_KDMC - CMS/input_txtqty'

2018-05-11 10:43:32 - [TEST_STEP][PASSED] - selectOptionByIndex: All options with index in [1] are selected on object 'Object Repository/MOH AND GRN/Page_KDMC - CMS/select_--Select--No Tax0'

2018-05-11 10:43:32 - [MESSAGE][PASSED] - All options with index in [1] are selected on object 'Object Repository/MOH AND GRN/Page_KDMC - CMS/select_--Select--No Tax0'

2018-05-11 10:43:32 - [TEST_STEP][PASSED] - setText: Finding Test Object with id 'Object Repository/MOH AND GRN/Page_KDMC - CMS/input_txtmrp'

2018-05-11 10:43:32 - [TEST_STEP][PASSED] - Statement - switch (id): Finding Test Object with id 'Object Repository/MOH AND GRN/Page_KDMC - CMS/input_txtdeal'

2018-05-11 10:43:32 - [TEST_STEP][PASSED] - Statement - case 4:: Text '42.0' is set on object 'Object Repository/MOH AND GRN/Page_KDMC - CMS/input_txtmrp'

2018-05-11 10:43:32 - [TEST_STEP][PASSED] - Statement - return (java.lang.Math.floor((java.lang.Math.random() * ((max - min) + 1))) + min): Text '42.0' is set on object 'Object Repository/MOH AND GRN/Page_KDMC - CMS/input_txtmrp'

2018-05-11 10:43:32 - [MESSAGE][PASSED] - Text '42.0' is set on object 'Object Repository/MOH AND GRN/Page_KDMC - CMS/input_txtmrp'

2018-05-11 10:43:32 - [TEST_STEP][PASSED] - setText: Finding Test Object with id 'Object Repository/MOH AND GRN/Page_KDMC - CMS/input_txtdeal'

2018-05-11 10:43:32 - [TEST_STEP][PASSED] - Statement - switch (id): Finding Test Object with id 'Object Repository/MOH AND GRN/Page_KDMC - CMS/input_txtbatchno'

2018-05-11 10:43:32 - [TEST_STEP][PASSED] - Statement - case 5:: Text '9.0' is set on object 'Object Repository/MOH AND GRN/Page_KDMC - CMS/input_txtdeal'

2018-05-11 10:43:32 - [TEST_STEP][PASSED] - Statement - return (java.lang.Math.floor((java.lang.Math.random() * ((max - min) + 1))) + min): Text '9.0' is set on object 'Object Repository/MOH AND GRN/Page_KDMC - CMS/input_txtdeal'

2018-05-11 10:43:32 - [MESSAGE][PASSED] - Text '9.0' is set on object 'Object Repository/MOH AND GRN/Page_KDMC - CMS/input_txtdeal'

2018-05-11 10:43:32 - [TEST_STEP][PASSED] - setText: Finding Test Object with id 'Object Repository/MOH AND GRN/Page_KDMC - CMS/input_txtbatchno'

2018-05-11 10:43:32 - [TEST_STEP][PASSED] - Statement - switch (id): Finding Test Object with id 'Object Repository/MOH AND GRN/Page_KDMC - CMS/input_txtmrp'

2018-05-11 10:43:32 - [TEST_STEP][PASSED] - Statement - case 1:: Text 'BA844.0' is set on object 'Object Repository/MOH AND GRN/Page_KDMC - CMS/input_txtbatchno'

2018-05-11 10:43:32 - [TEST_STEP][PASSED] - Statement - return (java.lang.Math.floor((java.lang.Math.random() * ((max - min) + 1))) + min): Text 'BA844.0' is set on object 'Object Repository/MOH AND GRN/Page_KDMC - CMS/input_txtbatchno'

2018-05-11 10:43:32 - [MESSAGE][PASSED] - Text 'BA844.0' is set on object 'Object Repository/MOH AND GRN/Page_KDMC - CMS/input_txtbatchno'

2018-05-11 10:43:32 - [TEST_STEP][PASSED] - rightClick: Object: 'Object Repository/GRN/Page_KDMC - CMS/input_txtexpdate' is right clicked on

2018-05-11 10:43:32 - [MESSAGE][PASSED] - Object: 'Object Repository/GRN/Page_KDMC - CMS/input_txtexpdate' is right clicked on

2018-05-11 10:43:32 - [TEST_STEP][PASSED] - selectOptionByIndex: All options with index in [1] are selected on object 'Object Repository/GRN/Page_KDMC - CMS/select_20182019202020212022202'

2018-05-11 10:43:32 - [MESSAGE][PASSED] - All options with index in [1] are selected on object 'Object Repository/GRN/Page_KDMC - CMS/select_20182019202020212022202'

2018-05-11 10:43:32 - [TEST_STEP][PASSED] - selectOptionByIndex: All options with index in [1] are selected on object 'Object Repository/GRN/Page_KDMC - CMS/select_JanFebMarAprMayJunJulAu'

2018-05-11 10:43:33 - [MESSAGE][PASSED] - All options with index in [1] are selected on object 'Object Repository/GRN/Page_KDMC - CMS/select_JanFebMarAprMayJunJulAu'

2018-05-11 10:43:33 - [TEST_STEP][PASSED] - click: Object: 'Object Repository/MOH AND GRN/Page_KDMC - CMS/a_12' is clicked on

2018-05-11 10:43:33 - [MESSAGE][PASSED] - Object: 'Object Repository/MOH AND GRN/Page_KDMC - CMS/a_12' is clicked on

2018-05-11 10:43:33 - [TEST_STEP][PASSED] - click: Object: 'Object Repository/MOH AND GRN/Page_KDMC - CMS/input_btnadd' is clicked on

2018-05-11 10:43:33 - [MESSAGE][PASSED] - Object: 'Object Repository/MOH AND GRN/Page_KDMC - CMS/input_btnadd' is clicked on

2018-05-11 10:43:33 - [TEST_STEP][PASSED] - Statement - If (s == 10): null

2018-05-11 10:43:33 - [TEST_STEP][PASSED] - Statement - Else: null

2018-05-11 10:43:33 - [TEST_STEP][PASSED] - Statement - (s++): null

2018-05-11 10:43:33 - [TEST_STEP][PASSED] - delay: Delayed 1 second(s)

2018-05-11 10:43:34 - [MESSAGE][PASSED] - Delayed 1 second(s)

2018-05-11 10:43:34 - [TEST_STEP][PASSED] - selectOptionByIndex: All options with index in [12] are selected on object 'Object Repository/MOH AND GRN/Page_KDMC - CMS/select_--Select--Amikacin -500'

2018-05-11 10:43:34 - [MESSAGE][PASSED] - All options with index in [12] are selected on object 'Object Repository/MOH AND GRN/Page_KDMC - CMS/select_--Select--Amikacin -500'

2018-05-11 10:43:34 - [TEST_STEP][PASSED] - setText: Text '5000' is set on object 'Object Repository/MOH AND GRN/Page_KDMC - CMS/input_txtqty'

2018-05-11 10:43:34 - [MESSAGE][PASSED] - Text '5000' is set on object 'Object Repository/MOH AND GRN/Page_KDMC - CMS/input_txtqty'

2018-05-11 10:43:34 - [TEST_STEP][PASSED] - selectOptionByIndex: All options with index in [1] are selected on object 'Object Repository/MOH AND GRN/Page_KDMC - CMS/select_--Select--No Tax0'

2018-05-11 10:43:34 - [MESSAGE][PASSED] - All options with index in [1] are selected on object 'Object Repository/MOH AND GRN/Page_KDMC - CMS/select_--Select--No Tax0'

2018-05-11 10:43:34 - [TEST_STEP][PASSED] - setText: Finding Test Object with id 'Object Repository/MOH AND GRN/Page_KDMC - CMS/input_txtmrp'

2018-05-11 10:43:34 - [TEST_STEP][PASSED] - Statement - switch (id): Finding Test Object with id 'Object Repository/MOH AND GRN/Page_KDMC - CMS/input_txtdeal'

2018-05-11 10:43:34 - [TEST_STEP][PASSED] - Statement - case 4:: Text '37.0' is set on object 'Object Repository/MOH AND GRN/Page_KDMC - CMS/input_txtmrp'

2018-05-11 10:43:34 - [TEST_STEP][PASSED] - Statement - return (java.lang.Math.floor((java.lang.Math.random() * ((max - min) + 1))) + min): Text '37.0' is set on object 'Object Repository/MOH AND GRN/Page_KDMC - CMS/input_txtmrp'

2018-05-11 10:43:34 - [MESSAGE][PASSED] - Text '37.0' is set on object 'Object Repository/MOH AND GRN/Page_KDMC - CMS/input_txtmrp'

2018-05-11 10:43:34 - [TEST_STEP][PASSED] - setText: Finding Test Object with id 'Object Repository/MOH AND GRN/Page_KDMC - CMS/input_txtdeal'

2018-05-11 10:43:34 - [TEST_STEP][PASSED] - Statement - switch (id): Finding Test Object with id 'Object Repository/MOH AND GRN/Page_KDMC - CMS/input_txtbatchno'

2018-05-11 10:43:34 - [TEST_STEP][PASSED] - Statement - case 5:: Text '12.0' is set on object 'Object Repository/MOH AND GRN/Page_KDMC - CMS/input_txtdeal'

2018-05-11 10:43:34 - [TEST_STEP][PASSED] - Statement - return (java.lang.Math.floor((java.lang.Math.random() * ((max - min) + 1))) + min): Text '12.0' is set on object 'Object Repository/MOH AND GRN/Page_KDMC - CMS/input_txtdeal'

2018-05-11 10:43:34 - [MESSAGE][PASSED] - Text '12.0' is set on object 'Object Repository/MOH AND GRN/Page_KDMC - CMS/input_txtdeal'

2018-05-11 10:43:34 - [TEST_STEP][PASSED] - setText: Finding Test Object with id 'Object Repository/MOH AND GRN/Page_KDMC - CMS/input_txtbatchno'

2018-05-11 10:43:34 - [TEST_STEP][PASSED] - Statement - switch (id): Finding Test Object with id 'Object Repository/MOH AND GRN/Page_KDMC - CMS/input_txtmrp'

2018-05-11 10:43:34 - [TEST_STEP][PASSED] - Statement - case 1:: Text 'BA33.0' is set on object 'Object Repository/MOH AND GRN/Page_KDMC - CMS/input_txtbatchno'

2018-05-11 10:43:34 - [TEST_STEP][PASSED] - Statement - return (java.lang.Math.floor((java.lang.Math.random() * ((max - min) + 1))) + min): Text 'BA33.0' is set on object 'Object Repository/MOH AND GRN/Page_KDMC - CMS/input_txtbatchno'

2018-05-11 10:43:35 - [MESSAGE][PASSED] - Text 'BA33.0' is set on object 'Object Repository/MOH AND GRN/Page_KDMC - CMS/input_txtbatchno'

2018-05-11 10:43:35 - [TEST_STEP][PASSED] - rightClick: Object: 'Object Repository/GRN/Page_KDMC - CMS/input_txtexpdate' is right clicked on

2018-05-11 10:43:35 - [MESSAGE][PASSED] - Object: 'Object Repository/GRN/Page_KDMC - CMS/input_txtexpdate' is right clicked on

2018-05-11 10:43:35 - [TEST_STEP][PASSED] - selectOptionByIndex: All options with index in [2] are selected on object 'Object Repository/GRN/Page_KDMC - CMS/select_20182019202020212022202'

2018-05-11 10:43:35 - [MESSAGE][PASSED] - All options with index in [2] are selected on object 'Object Repository/GRN/Page_KDMC - CMS/select_20182019202020212022202'

2018-05-11 10:43:35 - [TEST_STEP][PASSED] - selectOptionByIndex: All options with index in [2] are selected on object 'Object Repository/GRN/Page_KDMC - CMS/select_JanFebMarAprMayJunJulAu'

2018-05-11 10:43:35 - [MESSAGE][PASSED] - All options with index in [2] are selected on object 'Object Repository/GRN/Page_KDMC - CMS/select_JanFebMarAprMayJunJulAu'

2018-05-11 10:43:35 - [TEST_STEP][PASSED] - click: Object: 'Object Repository/MOH AND GRN/Page_KDMC - CMS/a_12' is clicked on

2018-05-11 10:43:35 - [MESSAGE][PASSED] - Object: 'Object Repository/MOH AND GRN/Page_KDMC - CMS/a_12' is clicked on

2018-05-11 10:43:35 - [TEST_STEP][PASSED] - click: Object: 'Object Repository/MOH AND GRN/Page_KDMC - CMS/input_btnadd' is clicked on

2018-05-11 10:43:35 - [MESSAGE][PASSED] - Object: 'Object Repository/MOH AND GRN/Page_KDMC - CMS/input_btnadd' is clicked on

2018-05-11 10:43:35 - [TEST_STEP][PASSED] - Statement - If (s == 10): null

2018-05-11 10:43:35 - [TEST_STEP][PASSED] - Statement - Else: null

2018-05-11 10:43:35 - [TEST_STEP][PASSED] - Statement - (s++): null

2018-05-11 10:43:35 - [TEST_STEP][PASSED] - delay: Delayed 1 second(s)

2018-05-11 10:43:36 - [MESSAGE][PASSED] - Delayed 1 second(s)

2018-05-11 10:43:36 - [TEST_STEP][PASSED] - selectOptionByIndex: All options with index in [13] are selected on object 'Object Repository/MOH AND GRN/Page_KDMC - CMS/select_--Select--Amikacin -500'

2018-05-11 10:43:36 - [MESSAGE][PASSED] - All options with index in [13] are selected on object 'Object Repository/MOH AND GRN/Page_KDMC - CMS/select_--Select--Amikacin -500'

2018-05-11 10:43:36 - [TEST_STEP][PASSED] - setText: Text '5000' is set on object 'Object Repository/MOH AND GRN/Page_KDMC - CMS/input_txtqty'

2018-05-11 10:43:36 - [MESSAGE][PASSED] - Text '5000' is set on object 'Object Repository/MOH AND GRN/Page_KDMC - CMS/input_txtqty'

2018-05-11 10:43:36 - [TEST_STEP][PASSED] - selectOptionByIndex: All options with index in [1] are selected on object 'Object Repository/MOH AND GRN/Page_KDMC - CMS/select_--Select--No Tax0'

2018-05-11 10:43:37 - [MESSAGE][PASSED] - All options with index in [1] are selected on object 'Object Repository/MOH AND GRN/Page_KDMC - CMS/select_--Select--No Tax0'

2018-05-11 10:43:37 - [TEST_STEP][PASSED] - setText: Finding Test Object with id 'Object Repository/MOH AND GRN/Page_KDMC - CMS/input_txtmrp'

2018-05-11 10:43:37 - [TEST_STEP][PASSED] - Statement - switch (id): Finding Test Object with id 'Object Repository/MOH AND GRN/Page_KDMC - CMS/input_txtdeal'

2018-05-11 10:43:37 - [TEST_STEP][PASSED] - Statement - case 4:: Text '26.0' is set on object 'Object Repository/MOH AND GRN/Page_KDMC - CMS/input_txtmrp'

2018-05-11 10:43:37 - [TEST_STEP][PASSED] - Statement - return (java.lang.Math.floor((java.lang.Math.random() * ((max - min) + 1))) + min): Text '26.0' is set on object 'Object Repository/MOH AND GRN/Page_KDMC - CMS/input_txtmrp'

2018-05-11 10:43:37 - [MESSAGE][PASSED] - Text '26.0' is set on object 'Object Repository/MOH AND GRN/Page_KDMC - CMS/input_txtmrp'

2018-05-11 10:43:37 - [TEST_STEP][PASSED] - setText: Finding Test Object with id 'Object Repository/MOH AND GRN/Page_KDMC - CMS/input_txtdeal'

2018-05-11 10:43:37 - [TEST_STEP][PASSED] - Statement - switch (id): Finding Test Object with id 'Object Repository/MOH AND GRN/Page_KDMC - CMS/input_txtbatchno'

2018-05-11 10:43:37 - [TEST_STEP][PASSED] - Statement - case 5:: Text '12.0' is set on object 'Object Repository/MOH AND GRN/Page_KDMC - CMS/input_txtdeal'

2018-05-11 10:43:37 - [TEST_STEP][PASSED] - Statement - return (java.lang.Math.floor((java.lang.Math.random() * ((max - min) + 1))) + min): Text '12.0' is set on object 'Object Repository/MOH AND GRN/Page_KDMC - CMS/input_txtdeal'

2018-05-11 10:43:37 - [MESSAGE][PASSED] - Text '12.0' is set on object 'Object Repository/MOH AND GRN/Page_KDMC - CMS/input_txtdeal'

2018-05-11 10:43:37 - [TEST_STEP][PASSED] - setText: Finding Test Object with id 'Object Repository/MOH AND GRN/Page_KDMC - CMS/input_txtbatchno'

2018-05-11 10:43:37 - [TEST_STEP][PASSED] - Statement - switch (id): Delayed 1 second(s)

2018-05-11 10:43:37 - [TEST_STEP][PASSED] - Statement - case 1:: Text 'BA97.0' is set on object 'Object Repository/MOH AND GRN/Page_KDMC - CMS/input_txtbatchno'

2018-05-11 10:43:37 - [TEST_STEP][PASSED] - Statement - return (java.lang.Math.floor((java.lang.Math.random() * ((max - min) + 1))) + min): Text 'BA97.0' is set on object 'Object Repository/MOH AND GRN/Page_KDMC - CMS/input_txtbatchno'

2018-05-11 10:43:37 - [MESSAGE][PASSED] - Text 'BA97.0' is set on object 'Object Repository/MOH AND GRN/Page_KDMC - CMS/input_txtbatchno'

2018-05-11 10:43:37 - [TEST_STEP][PASSED] - rightClick: Object: 'Object Repository/GRN/Page_KDMC - CMS/input_txtexpdate' is right clicked on

2018-05-11 10:43:37 - [MESSAGE][PASSED] - Object: 'Object Repository/GRN/Page_KDMC - CMS/input_txtexpdate' is right clicked on

2018-05-11 10:43:37 - [TEST_STEP][PASSED] - selectOptionByIndex: All options with index in [3] are selected on object 'Object Repository/GRN/Page_KDMC - CMS/select_20182019202020212022202'

2018-05-11 10:43:37 - [MESSAGE][PASSED] - All options with index in [3] are selected on object 'Object Repository/GRN/Page_KDMC - CMS/select_20182019202020212022202'

2018-05-11 10:43:37 - [TEST_STEP][PASSED] - selectOptionByIndex: All options with index in [3] are selected on object 'Object Repository/GRN/Page_KDMC - CMS/select_JanFebMarAprMayJunJulAu'

2018-05-11 10:43:37 - [MESSAGE][PASSED] - All options with index in [3] are selected on object 'Object Repository/GRN/Page_KDMC - CMS/select_JanFebMarAprMayJunJulAu'

2018-05-11 10:43:37 - [TEST_STEP][PASSED] - click: Object: 'Object Repository/MOH AND GRN/Page_KDMC - CMS/a_12' is clicked on

2018-05-11 10:43:37 - [MESSAGE][PASSED] - Object: 'Object Repository/MOH AND GRN/Page_KDMC - CMS/a_12' is clicked on

2018-05-11 10:43:37 - [TEST_STEP][PASSED] - click: Object: 'Object Repository/MOH AND GRN/Page_KDMC - CMS/input_btnadd' is clicked on

2018-05-11 10:43:38 - [MESSAGE][PASSED] - Object: 'Object Repository/MOH AND GRN/Page_KDMC - CMS/input_btnadd' is clicked on

2018-05-11 10:43:38 - [TEST_STEP][PASSED] - Statement - If (s == 10): null

2018-05-11 10:43:38 - [TEST_STEP][PASSED] - Statement - Else: null

2018-05-11 10:43:38 - [TEST_STEP][PASSED] - Statement - (s++): null

2018-05-11 10:43:38 - [TEST_STEP][PASSED] - delay: Delayed 1 second(s)

2018-05-11 10:43:39 - [MESSAGE][PASSED] - Delayed 1 second(s)

2018-05-11 10:43:39 - [TEST_STEP][PASSED] - scrollToElement: Scroll to object 'Object Repository/MOH AND GRN/Page_KDMC - CMS/input_btnSubmit' successfully

2018-05-11 10:43:39 - [MESSAGE][PASSED] - Scroll to object 'Object Repository/MOH AND GRN/Page_KDMC - CMS/input_btnSubmit' successfully

2018-05-11 10:43:39 - [TEST_STEP][PASSED] - click: Object: 'Object Repository/MOH AND GRN/Page_KDMC - CMS/input_btnSubmit' is clicked on

2018-05-11 10:43:39 - [MESSAGE][PASSED] - Object: 'Object Repository/MOH AND GRN/Page_KDMC - CMS/input_btnSubmit' is clicked on

2018-05-11 10:43:39 - [TEST_STEP][PASSED] - delay: Delayed 3 second(s)

2018-05-11 10:43:42 - [MESSAGE][PASSED] - Delayed 3 second(s)

2018-05-11 10:43:42 - [TEST_STEP][PASSED] - click: Object: 'Object Repository/MOH AND GRN/Page_KDMC - CMS/button_OK' is clicked on

2018-05-11 10:43:43 - [MESSAGE][PASSED] - Object: 'Object Repository/MOH AND GRN/Page_KDMC - CMS/button_OK' is clicked on

2018-05-11 10:43:43 - [TEST_STEP][PASSED] - delay: Delayed 2 second(s)

2018-05-11 10:43:45 - [MESSAGE][PASSED] - Delayed 2 second(s)

2018-05-11 10:43:45 - [TEST_STEP][PASSED] - delay: Delayed 3 second(s)

2018-05-11 10:43:48 - [MESSAGE][PASSED] - Delayed 3 second(s)

2018-05-11 10:43:48 - [TEST_STEP][PASSED] - click: Object: 'Object Repository/MOH AND GRN/Page_KDMC - CMS/a_dropdown-toggle' is clicked on

2018-05-11 10:43:48 - [MESSAGE][PASSED] - Object: 'Object Repository/MOH AND GRN/Page_KDMC - CMS/a_dropdown-toggle' is clicked on

2018-05-11 10:43:48 - [TEST_STEP][PASSED] - click: Object: 'Object Repository/MOH AND GRN/Page_KDMC - CMS/a_Sign out' is clicked on

2018-05-11 10:43:49 - [MESSAGE][PASSED] - Object: 'Object Repository/MOH AND GRN/Page_KDMC - CMS/a_Sign out' is clicked on

2018-05-11 10:43:49 - [TEST_STEP][PASSED] - closeBrowser: Browser is closed

2018-05-11 10:43:50 - [MESSAGE][PASSED] - Browser is closed]]></system-out>
         <system-err><![CDATA[]]></system-err>
      </testcase>
      <testcase name="Test Cases/MOH REQUEST AND GRN/Moh Request GRN  Schedule 7" classname="Test Cases/MOH REQUEST AND GRN/Moh Request GRN  Schedule 7" status="PASSED">
         <system-out><![CDATA[2018-05-11 10:43:50 - [TEST_CASE][PASSED] - Test Cases/MOH REQUEST AND GRN/Moh Request GRN  Schedule 7: Test Cases/MOH REQUEST AND GRN/Moh Request GRN  Schedule 7

2018-05-11 10:43:50 - [TEST_STEP][PASSED] - openBrowser: Browser is opened with url: ''

2018-05-11 10:43:52 - [MESSAGE][PASSED] - Browser is opened with url: ''

2018-05-11 10:43:52 - [TEST_STEP][PASSED] - navigateToUrl: Navigate to 'http://192.168.137.1/multihospital_new/' successfully

2018-05-11 10:43:57 - [MESSAGE][PASSED] - Navigate to 'http://192.168.137.1/multihospital_new/' successfully

2018-05-11 10:43:57 - [TEST_STEP][PASSED] - maximizeWindow: Current window maximized

2018-05-11 10:43:58 - [MESSAGE][PASSED] - Current window maximized

2018-05-11 10:43:58 - [TEST_STEP][PASSED] - click: Object: 'Object Repository/MOH AND GRN/Page_KDMC/a_CMS' is clicked on

2018-05-11 10:43:59 - [MESSAGE][PASSED] - Object: 'Object Repository/MOH AND GRN/Page_KDMC/a_CMS' is clicked on

2018-05-11 10:43:59 - [TEST_STEP][PASSED] - setText: Text 'bala' is set on object 'Object Repository/MOH AND GRN/Page_CMS login/input_txtusername'

2018-05-11 10:43:59 - [MESSAGE][PASSED] - Text 'bala' is set on object 'Object Repository/MOH AND GRN/Page_CMS login/input_txtusername'

2018-05-11 10:43:59 - [TEST_STEP][PASSED] - setText: Text '123' is set on object 'Object Repository/MOH AND GRN/Page_CMS login/input_txtpassword'

2018-05-11 10:43:59 - [MESSAGE][PASSED] - Text '123' is set on object 'Object Repository/MOH AND GRN/Page_CMS login/input_txtpassword'

2018-05-11 10:43:59 - [TEST_STEP][PASSED] - delay: Delayed 3 second(s)

2018-05-11 10:44:02 - [MESSAGE][PASSED] - Delayed 3 second(s)

2018-05-11 10:44:02 - [TEST_STEP][PASSED] - click: Object: 'Object Repository/MOH AND GRN/Page_CMS login/button_Sign in' is clicked on

2018-05-11 10:44:04 - [MESSAGE][PASSED] - Object: 'Object Repository/MOH AND GRN/Page_CMS login/button_Sign in' is clicked on

2018-05-11 10:44:04 - [TEST_STEP][PASSED] - click: Object: 'Object Repository/MOH AND GRN/Page_KDMC - CMS/a_Request to MOH' is clicked on

2018-05-11 10:44:04 - [MESSAGE][PASSED] - Object: 'Object Repository/MOH AND GRN/Page_KDMC - CMS/a_Request to MOH' is clicked on

2018-05-11 10:44:04 - [TEST_STEP][PASSED] - selectOptionByIndex: All options with index in [2] are selected on object 'Object Repository/MOH AND GRN/Page_KDMC - CMS/select_--Select--'

2018-05-11 10:44:05 - [MESSAGE][PASSED] - All options with index in [2] are selected on object 'Object Repository/MOH AND GRN/Page_KDMC - CMS/select_--Select--'

2018-05-11 10:44:05 - [TEST_STEP][PASSED] - selectOptionByIndex: All options with index in [7] are selected on object 'Object Repository/MOH AND GRN/Page_KDMC - CMS/select_--Select--Schedule 1Inj'

2018-05-11 10:44:05 - [MESSAGE][PASSED] - All options with index in [7] are selected on object 'Object Repository/MOH AND GRN/Page_KDMC - CMS/select_--Select--Schedule 1Inj'

2018-05-11 10:44:05 - [TEST_STEP][PASSED] - Statement - selectedoptions = com.kms.katalon.core.webui.keyword.WebUiBuiltInKeywords.getNumberOfTotalOption(com.kms.katalon.core.testobject.ObjectRepository.findTestObject(MOH AND GRN/Page_KDMC - CMS/select_--Select--Adernaline 0.)): 24 options of object 'Object Repository/MOH AND GRN/Page_KDMC - CMS/select_--Select--Adernaline 0.' counted

2018-05-11 10:44:05 - [MESSAGE][PASSED] - 24 options of object 'Object Repository/MOH AND GRN/Page_KDMC - CMS/select_--Select--Adernaline 0.' counted

2018-05-11 10:44:05 - [TEST_STEP][PASSED] - Statement - For ([j = 1, j <= selectedoptions - 1, (j++)]): Object: 'Object Repository/MOH AND GRN/Page_KDMC - CMS/button_Add' is clicked on

2018-05-11 10:44:05 - [TEST_STEP][PASSED] - selectOptionByIndex: All options with index in [7] are selected on object 'Object Repository/MOH AND GRN/Page_KDMC - CMS/select_--Select--Schedule 1Inj'

2018-05-11 10:44:05 - [MESSAGE][PASSED] - All options with index in [7] are selected on object 'Object Repository/MOH AND GRN/Page_KDMC - CMS/select_--Select--Schedule 1Inj'

2018-05-11 10:44:05 - [TEST_STEP][PASSED] - selectOptionByIndex: All options with index in [1] are selected on object 'Object Repository/MOH AND GRN/Page_KDMC - CMS/select_--Select--Adernaline 0.'

2018-05-11 10:44:05 - [MESSAGE][PASSED] - All options with index in [1] are selected on object 'Object Repository/MOH AND GRN/Page_KDMC - CMS/select_--Select--Adernaline 0.'

2018-05-11 10:44:05 - [TEST_STEP][PASSED] - setText: Text '5000' is set on object 'Object Repository/MOH AND GRN/Page_KDMC - CMS/input_txttreat'

2018-05-11 10:44:05 - [MESSAGE][PASSED] - Text '5000' is set on object 'Object Repository/MOH AND GRN/Page_KDMC - CMS/input_txttreat'

2018-05-11 10:44:05 - [TEST_STEP][PASSED] - click: Object: 'Object Repository/MOH AND GRN/Page_KDMC - CMS/button_Add' is clicked on

2018-05-11 10:44:05 - [MESSAGE][PASSED] - Object: 'Object Repository/MOH AND GRN/Page_KDMC - CMS/button_Add' is clicked on

2018-05-11 10:44:05 - [TEST_STEP][PASSED] - selectOptionByIndex: All options with index in [7] are selected on object 'Object Repository/MOH AND GRN/Page_KDMC - CMS/select_--Select--Schedule 1Inj'

2018-05-11 10:44:06 - [MESSAGE][PASSED] - All options with index in [7] are selected on object 'Object Repository/MOH AND GRN/Page_KDMC - CMS/select_--Select--Schedule 1Inj'

2018-05-11 10:44:06 - [TEST_STEP][PASSED] - selectOptionByIndex: All options with index in [2] are selected on object 'Object Repository/MOH AND GRN/Page_KDMC - CMS/select_--Select--Adernaline 0.'

2018-05-11 10:44:06 - [MESSAGE][PASSED] - All options with index in [2] are selected on object 'Object Repository/MOH AND GRN/Page_KDMC - CMS/select_--Select--Adernaline 0.'

2018-05-11 10:44:06 - [TEST_STEP][PASSED] - setText: Text '5000' is set on object 'Object Repository/MOH AND GRN/Page_KDMC - CMS/input_txttreat'

2018-05-11 10:44:06 - [MESSAGE][PASSED] - Text '5000' is set on object 'Object Repository/MOH AND GRN/Page_KDMC - CMS/input_txttreat'

2018-05-11 10:44:06 - [TEST_STEP][PASSED] - click: Object: 'Object Repository/MOH AND GRN/Page_KDMC - CMS/button_Add' is clicked on

2018-05-11 10:44:06 - [MESSAGE][PASSED] - Object: 'Object Repository/MOH AND GRN/Page_KDMC - CMS/button_Add' is clicked on

2018-05-11 10:44:06 - [TEST_STEP][PASSED] - selectOptionByIndex: All options with index in [7] are selected on object 'Object Repository/MOH AND GRN/Page_KDMC - CMS/select_--Select--Schedule 1Inj'

2018-05-11 10:44:06 - [MESSAGE][PASSED] - All options with index in [7] are selected on object 'Object Repository/MOH AND GRN/Page_KDMC - CMS/select_--Select--Schedule 1Inj'

2018-05-11 10:44:06 - [TEST_STEP][PASSED] - selectOptionByIndex: All options with index in [3] are selected on object 'Object Repository/MOH AND GRN/Page_KDMC - CMS/select_--Select--Adernaline 0.'

2018-05-11 10:44:06 - [MESSAGE][PASSED] - All options with index in [3] are selected on object 'Object Repository/MOH AND GRN/Page_KDMC - CMS/select_--Select--Adernaline 0.'

2018-05-11 10:44:06 - [TEST_STEP][PASSED] - setText: Text '5000' is set on object 'Object Repository/MOH AND GRN/Page_KDMC - CMS/input_txttreat'

2018-05-11 10:44:06 - [MESSAGE][PASSED] - Text '5000' is set on object 'Object Repository/MOH AND GRN/Page_KDMC - CMS/input_txttreat'

2018-05-11 10:44:06 - [TEST_STEP][PASSED] - click: Object: 'Object Repository/MOH AND GRN/Page_KDMC - CMS/button_Add' is clicked on

2018-05-11 10:44:06 - [MESSAGE][PASSED] - Object: 'Object Repository/MOH AND GRN/Page_KDMC - CMS/button_Add' is clicked on

2018-05-11 10:44:06 - [TEST_STEP][PASSED] - selectOptionByIndex: All options with index in [7] are selected on object 'Object Repository/MOH AND GRN/Page_KDMC - CMS/select_--Select--Schedule 1Inj'

2018-05-11 10:44:07 - [MESSAGE][PASSED] - All options with index in [7] are selected on object 'Object Repository/MOH AND GRN/Page_KDMC - CMS/select_--Select--Schedule 1Inj'

2018-05-11 10:44:07 - [TEST_STEP][PASSED] - selectOptionByIndex: All options with index in [4] are selected on object 'Object Repository/MOH AND GRN/Page_KDMC - CMS/select_--Select--Adernaline 0.'

2018-05-11 10:44:07 - [MESSAGE][PASSED] - All options with index in [4] are selected on object 'Object Repository/MOH AND GRN/Page_KDMC - CMS/select_--Select--Adernaline 0.'

2018-05-11 10:44:07 - [TEST_STEP][PASSED] - setText: Text '5000' is set on object 'Object Repository/MOH AND GRN/Page_KDMC - CMS/input_txttreat'

2018-05-11 10:44:07 - [MESSAGE][PASSED] - Text '5000' is set on object 'Object Repository/MOH AND GRN/Page_KDMC - CMS/input_txttreat'

2018-05-11 10:44:07 - [TEST_STEP][PASSED] - click: Object: 'Object Repository/MOH AND GRN/Page_KDMC - CMS/button_Add' is clicked on

2018-05-11 10:44:07 - [MESSAGE][PASSED] - Object: 'Object Repository/MOH AND GRN/Page_KDMC - CMS/button_Add' is clicked on

2018-05-11 10:44:07 - [TEST_STEP][PASSED] - selectOptionByIndex: All options with index in [7] are selected on object 'Object Repository/MOH AND GRN/Page_KDMC - CMS/select_--Select--Schedule 1Inj'

2018-05-11 10:44:07 - [MESSAGE][PASSED] - All options with index in [7] are selected on object 'Object Repository/MOH AND GRN/Page_KDMC - CMS/select_--Select--Schedule 1Inj'

2018-05-11 10:44:07 - [TEST_STEP][PASSED] - selectOptionByIndex: All options with index in [5] are selected on object 'Object Repository/MOH AND GRN/Page_KDMC - CMS/select_--Select--Adernaline 0.'

2018-05-11 10:44:07 - [MESSAGE][PASSED] - All options with index in [5] are selected on object 'Object Repository/MOH AND GRN/Page_KDMC - CMS/select_--Select--Adernaline 0.'

2018-05-11 10:44:07 - [TEST_STEP][PASSED] - setText: Text '5000' is set on object 'Object Repository/MOH AND GRN/Page_KDMC - CMS/input_txttreat'

2018-05-11 10:44:07 - [MESSAGE][PASSED] - Text '5000' is set on object 'Object Repository/MOH AND GRN/Page_KDMC - CMS/input_txttreat'

2018-05-11 10:44:07 - [TEST_STEP][PASSED] - click: Object: 'Object Repository/MOH AND GRN/Page_KDMC - CMS/button_Add' is clicked on

2018-05-11 10:44:08 - [MESSAGE][PASSED] - Object: 'Object Repository/MOH AND GRN/Page_KDMC - CMS/button_Add' is clicked on

2018-05-11 10:44:08 - [TEST_STEP][PASSED] - selectOptionByIndex: All options with index in [7] are selected on object 'Object Repository/MOH AND GRN/Page_KDMC - CMS/select_--Select--Schedule 1Inj'

2018-05-11 10:44:08 - [MESSAGE][PASSED] - All options with index in [7] are selected on object 'Object Repository/MOH AND GRN/Page_KDMC - CMS/select_--Select--Schedule 1Inj'

2018-05-11 10:44:08 - [TEST_STEP][PASSED] - selectOptionByIndex: All options with index in [6] are selected on object 'Object Repository/MOH AND GRN/Page_KDMC - CMS/select_--Select--Adernaline 0.'

2018-05-11 10:44:08 - [MESSAGE][PASSED] - All options with index in [6] are selected on object 'Object Repository/MOH AND GRN/Page_KDMC - CMS/select_--Select--Adernaline 0.'

2018-05-11 10:44:08 - [TEST_STEP][PASSED] - setText: Text '5000' is set on object 'Object Repository/MOH AND GRN/Page_KDMC - CMS/input_txttreat'

2018-05-11 10:44:08 - [MESSAGE][PASSED] - Text '5000' is set on object 'Object Repository/MOH AND GRN/Page_KDMC - CMS/input_txttreat'

2018-05-11 10:44:08 - [TEST_STEP][PASSED] - click: Object: 'Object Repository/MOH AND GRN/Page_KDMC - CMS/button_Add' is clicked on

2018-05-11 10:44:08 - [MESSAGE][PASSED] - Object: 'Object Repository/MOH AND GRN/Page_KDMC - CMS/button_Add' is clicked on

2018-05-11 10:44:08 - [TEST_STEP][PASSED] - selectOptionByIndex: All options with index in [7] are selected on object 'Object Repository/MOH AND GRN/Page_KDMC - CMS/select_--Select--Schedule 1Inj'

2018-05-11 10:44:08 - [MESSAGE][PASSED] - All options with index in [7] are selected on object 'Object Repository/MOH AND GRN/Page_KDMC - CMS/select_--Select--Schedule 1Inj'

2018-05-11 10:44:08 - [TEST_STEP][PASSED] - selectOptionByIndex: All options with index in [7] are selected on object 'Object Repository/MOH AND GRN/Page_KDMC - CMS/select_--Select--Adernaline 0.'

2018-05-11 10:44:09 - [MESSAGE][PASSED] - All options with index in [7] are selected on object 'Object Repository/MOH AND GRN/Page_KDMC - CMS/select_--Select--Adernaline 0.'

2018-05-11 10:44:09 - [TEST_STEP][PASSED] - setText: Text '5000' is set on object 'Object Repository/MOH AND GRN/Page_KDMC - CMS/input_txttreat'

2018-05-11 10:44:09 - [MESSAGE][PASSED] - Text '5000' is set on object 'Object Repository/MOH AND GRN/Page_KDMC - CMS/input_txttreat'

2018-05-11 10:44:09 - [TEST_STEP][PASSED] - click: Object: 'Object Repository/MOH AND GRN/Page_KDMC - CMS/button_Add' is clicked on

2018-05-11 10:44:09 - [MESSAGE][PASSED] - Object: 'Object Repository/MOH AND GRN/Page_KDMC - CMS/button_Add' is clicked on

2018-05-11 10:44:09 - [TEST_STEP][PASSED] - selectOptionByIndex: All options with index in [7] are selected on object 'Object Repository/MOH AND GRN/Page_KDMC - CMS/select_--Select--Schedule 1Inj'

2018-05-11 10:44:09 - [MESSAGE][PASSED] - All options with index in [7] are selected on object 'Object Repository/MOH AND GRN/Page_KDMC - CMS/select_--Select--Schedule 1Inj'

2018-05-11 10:44:09 - [TEST_STEP][PASSED] - selectOptionByIndex: All options with index in [8] are selected on object 'Object Repository/MOH AND GRN/Page_KDMC - CMS/select_--Select--Adernaline 0.'

2018-05-11 10:44:09 - [MESSAGE][PASSED] - All options with index in [8] are selected on object 'Object Repository/MOH AND GRN/Page_KDMC - CMS/select_--Select--Adernaline 0.'

2018-05-11 10:44:09 - [TEST_STEP][PASSED] - setText: Text '5000' is set on object 'Object Repository/MOH AND GRN/Page_KDMC - CMS/input_txttreat'

2018-05-11 10:44:09 - [MESSAGE][PASSED] - Text '5000' is set on object 'Object Repository/MOH AND GRN/Page_KDMC - CMS/input_txttreat'

2018-05-11 10:44:09 - [TEST_STEP][PASSED] - click: Object: 'Object Repository/MOH AND GRN/Page_KDMC - CMS/button_Add' is clicked on

2018-05-11 10:44:09 - [MESSAGE][PASSED] - Object: 'Object Repository/MOH AND GRN/Page_KDMC - CMS/button_Add' is clicked on

2018-05-11 10:44:09 - [TEST_STEP][PASSED] - selectOptionByIndex: All options with index in [7] are selected on object 'Object Repository/MOH AND GRN/Page_KDMC - CMS/select_--Select--Schedule 1Inj'

2018-05-11 10:44:09 - [MESSAGE][PASSED] - All options with index in [7] are selected on object 'Object Repository/MOH AND GRN/Page_KDMC - CMS/select_--Select--Schedule 1Inj'

2018-05-11 10:44:09 - [TEST_STEP][PASSED] - selectOptionByIndex: All options with index in [9] are selected on object 'Object Repository/MOH AND GRN/Page_KDMC - CMS/select_--Select--Adernaline 0.'

2018-05-11 10:44:10 - [MESSAGE][PASSED] - All options with index in [9] are selected on object 'Object Repository/MOH AND GRN/Page_KDMC - CMS/select_--Select--Adernaline 0.'

2018-05-11 10:44:10 - [TEST_STEP][PASSED] - setText: Text '5000' is set on object 'Object Repository/MOH AND GRN/Page_KDMC - CMS/input_txttreat'

2018-05-11 10:44:10 - [MESSAGE][PASSED] - Text '5000' is set on object 'Object Repository/MOH AND GRN/Page_KDMC - CMS/input_txttreat'

2018-05-11 10:44:10 - [TEST_STEP][PASSED] - click: Object: 'Object Repository/MOH AND GRN/Page_KDMC - CMS/button_Add' is clicked on

2018-05-11 10:44:10 - [MESSAGE][PASSED] - Object: 'Object Repository/MOH AND GRN/Page_KDMC - CMS/button_Add' is clicked on

2018-05-11 10:44:10 - [TEST_STEP][PASSED] - selectOptionByIndex: All options with index in [7] are selected on object 'Object Repository/MOH AND GRN/Page_KDMC - CMS/select_--Select--Schedule 1Inj'

2018-05-11 10:44:10 - [MESSAGE][PASSED] - All options with index in [7] are selected on object 'Object Repository/MOH AND GRN/Page_KDMC - CMS/select_--Select--Schedule 1Inj'

2018-05-11 10:44:10 - [TEST_STEP][PASSED] - selectOptionByIndex: All options with index in [10] are selected on object 'Object Repository/MOH AND GRN/Page_KDMC - CMS/select_--Select--Adernaline 0.'

2018-05-11 10:44:10 - [MESSAGE][PASSED] - All options with index in [10] are selected on object 'Object Repository/MOH AND GRN/Page_KDMC - CMS/select_--Select--Adernaline 0.'

2018-05-11 10:44:10 - [TEST_STEP][PASSED] - setText: Text '5000' is set on object 'Object Repository/MOH AND GRN/Page_KDMC - CMS/input_txttreat'

2018-05-11 10:44:10 - [MESSAGE][PASSED] - Text '5000' is set on object 'Object Repository/MOH AND GRN/Page_KDMC - CMS/input_txttreat'

2018-05-11 10:44:10 - [TEST_STEP][PASSED] - click: Object: 'Object Repository/MOH AND GRN/Page_KDMC - CMS/button_Add' is clicked on

2018-05-11 10:44:10 - [MESSAGE][PASSED] - Object: 'Object Repository/MOH AND GRN/Page_KDMC - CMS/button_Add' is clicked on

2018-05-11 10:44:10 - [TEST_STEP][PASSED] - selectOptionByIndex: All options with index in [7] are selected on object 'Object Repository/MOH AND GRN/Page_KDMC - CMS/select_--Select--Schedule 1Inj'

2018-05-11 10:44:11 - [MESSAGE][PASSED] - All options with index in [7] are selected on object 'Object Repository/MOH AND GRN/Page_KDMC - CMS/select_--Select--Schedule 1Inj'

2018-05-11 10:44:11 - [TEST_STEP][PASSED] - selectOptionByIndex: All options with index in [11] are selected on object 'Object Repository/MOH AND GRN/Page_KDMC - CMS/select_--Select--Adernaline 0.'

2018-05-11 10:44:11 - [MESSAGE][PASSED] - All options with index in [11] are selected on object 'Object Repository/MOH AND GRN/Page_KDMC - CMS/select_--Select--Adernaline 0.'

2018-05-11 10:44:11 - [TEST_STEP][PASSED] - setText: Text '5000' is set on object 'Object Repository/MOH AND GRN/Page_KDMC - CMS/input_txttreat'

2018-05-11 10:44:11 - [MESSAGE][PASSED] - Text '5000' is set on object 'Object Repository/MOH AND GRN/Page_KDMC - CMS/input_txttreat'

2018-05-11 10:44:11 - [TEST_STEP][PASSED] - click: Object: 'Object Repository/MOH AND GRN/Page_KDMC - CMS/button_Add' is clicked on

2018-05-11 10:44:11 - [MESSAGE][PASSED] - Object: 'Object Repository/MOH AND GRN/Page_KDMC - CMS/button_Add' is clicked on

2018-05-11 10:44:11 - [TEST_STEP][PASSED] - selectOptionByIndex: All options with index in [7] are selected on object 'Object Repository/MOH AND GRN/Page_KDMC - CMS/select_--Select--Schedule 1Inj'

2018-05-11 10:44:11 - [MESSAGE][PASSED] - All options with index in [7] are selected on object 'Object Repository/MOH AND GRN/Page_KDMC - CMS/select_--Select--Schedule 1Inj'

2018-05-11 10:44:11 - [TEST_STEP][PASSED] - selectOptionByIndex: All options with index in [12] are selected on object 'Object Repository/MOH AND GRN/Page_KDMC - CMS/select_--Select--Adernaline 0.'

2018-05-11 10:44:11 - [MESSAGE][PASSED] - All options with index in [12] are selected on object 'Object Repository/MOH AND GRN/Page_KDMC - CMS/select_--Select--Adernaline 0.'

2018-05-11 10:44:11 - [TEST_STEP][PASSED] - setText: Text '5000' is set on object 'Object Repository/MOH AND GRN/Page_KDMC - CMS/input_txttreat'

2018-05-11 10:44:11 - [MESSAGE][PASSED] - Text '5000' is set on object 'Object Repository/MOH AND GRN/Page_KDMC - CMS/input_txttreat'

2018-05-11 10:44:11 - [TEST_STEP][PASSED] - click: Object: 'Object Repository/MOH AND GRN/Page_KDMC - CMS/button_Add' is clicked on

2018-05-11 10:44:12 - [MESSAGE][PASSED] - Object: 'Object Repository/MOH AND GRN/Page_KDMC - CMS/button_Add' is clicked on

2018-05-11 10:44:12 - [TEST_STEP][PASSED] - selectOptionByIndex: All options with index in [7] are selected on object 'Object Repository/MOH AND GRN/Page_KDMC - CMS/select_--Select--Schedule 1Inj'

2018-05-11 10:44:12 - [MESSAGE][PASSED] - All options with index in [7] are selected on object 'Object Repository/MOH AND GRN/Page_KDMC - CMS/select_--Select--Schedule 1Inj'

2018-05-11 10:44:12 - [TEST_STEP][PASSED] - selectOptionByIndex: All options with index in [13] are selected on object 'Object Repository/MOH AND GRN/Page_KDMC - CMS/select_--Select--Adernaline 0.'

2018-05-11 10:44:12 - [MESSAGE][PASSED] - All options with index in [13] are selected on object 'Object Repository/MOH AND GRN/Page_KDMC - CMS/select_--Select--Adernaline 0.'

2018-05-11 10:44:12 - [TEST_STEP][PASSED] - setText: Text '5000' is set on object 'Object Repository/MOH AND GRN/Page_KDMC - CMS/input_txttreat'

2018-05-11 10:44:12 - [MESSAGE][PASSED] - Text '5000' is set on object 'Object Repository/MOH AND GRN/Page_KDMC - CMS/input_txttreat'

2018-05-11 10:44:12 - [TEST_STEP][PASSED] - click: Object: 'Object Repository/MOH AND GRN/Page_KDMC - CMS/button_Add' is clicked on

2018-05-11 10:44:12 - [MESSAGE][PASSED] - Object: 'Object Repository/MOH AND GRN/Page_KDMC - CMS/button_Add' is clicked on

2018-05-11 10:44:12 - [TEST_STEP][PASSED] - selectOptionByIndex: All options with index in [7] are selected on object 'Object Repository/MOH AND GRN/Page_KDMC - CMS/select_--Select--Schedule 1Inj'

2018-05-11 10:44:12 - [MESSAGE][PASSED] - All options with index in [7] are selected on object 'Object Repository/MOH AND GRN/Page_KDMC - CMS/select_--Select--Schedule 1Inj'

2018-05-11 10:44:12 - [TEST_STEP][PASSED] - selectOptionByIndex: All options with index in [14] are selected on object 'Object Repository/MOH AND GRN/Page_KDMC - CMS/select_--Select--Adernaline 0.'

2018-05-11 10:44:13 - [MESSAGE][PASSED] - All options with index in [14] are selected on object 'Object Repository/MOH AND GRN/Page_KDMC - CMS/select_--Select--Adernaline 0.'

2018-05-11 10:44:13 - [TEST_STEP][PASSED] - setText: Text '5000' is set on object 'Object Repository/MOH AND GRN/Page_KDMC - CMS/input_txttreat'

2018-05-11 10:44:13 - [MESSAGE][PASSED] - Text '5000' is set on object 'Object Repository/MOH AND GRN/Page_KDMC - CMS/input_txttreat'

2018-05-11 10:44:13 - [TEST_STEP][PASSED] - click: Object: 'Object Repository/MOH AND GRN/Page_KDMC - CMS/button_Add' is clicked on

2018-05-11 10:44:13 - [MESSAGE][PASSED] - Object: 'Object Repository/MOH AND GRN/Page_KDMC - CMS/button_Add' is clicked on

2018-05-11 10:44:13 - [TEST_STEP][PASSED] - selectOptionByIndex: All options with index in [7] are selected on object 'Object Repository/MOH AND GRN/Page_KDMC - CMS/select_--Select--Schedule 1Inj'

2018-05-11 10:44:13 - [MESSAGE][PASSED] - All options with index in [7] are selected on object 'Object Repository/MOH AND GRN/Page_KDMC - CMS/select_--Select--Schedule 1Inj'

2018-05-11 10:44:13 - [TEST_STEP][PASSED] - selectOptionByIndex: All options with index in [15] are selected on object 'Object Repository/MOH AND GRN/Page_KDMC - CMS/select_--Select--Adernaline 0.'

2018-05-11 10:44:13 - [MESSAGE][PASSED] - All options with index in [15] are selected on object 'Object Repository/MOH AND GRN/Page_KDMC - CMS/select_--Select--Adernaline 0.'

2018-05-11 10:44:13 - [TEST_STEP][PASSED] - setText: Text '5000' is set on object 'Object Repository/MOH AND GRN/Page_KDMC - CMS/input_txttreat'

2018-05-11 10:44:14 - [MESSAGE][PASSED] - Text '5000' is set on object 'Object Repository/MOH AND GRN/Page_KDMC - CMS/input_txttreat'

2018-05-11 10:44:14 - [TEST_STEP][PASSED] - click: Object: 'Object Repository/MOH AND GRN/Page_KDMC - CMS/button_Add' is clicked on

2018-05-11 10:44:14 - [MESSAGE][PASSED] - Object: 'Object Repository/MOH AND GRN/Page_KDMC - CMS/button_Add' is clicked on

2018-05-11 10:44:14 - [TEST_STEP][PASSED] - selectOptionByIndex: All options with index in [7] are selected on object 'Object Repository/MOH AND GRN/Page_KDMC - CMS/select_--Select--Schedule 1Inj'

2018-05-11 10:44:14 - [MESSAGE][PASSED] - All options with index in [7] are selected on object 'Object Repository/MOH AND GRN/Page_KDMC - CMS/select_--Select--Schedule 1Inj'

2018-05-11 10:44:14 - [TEST_STEP][PASSED] - selectOptionByIndex: All options with index in [16] are selected on object 'Object Repository/MOH AND GRN/Page_KDMC - CMS/select_--Select--Adernaline 0.'

2018-05-11 10:44:14 - [MESSAGE][PASSED] - All options with index in [16] are selected on object 'Object Repository/MOH AND GRN/Page_KDMC - CMS/select_--Select--Adernaline 0.'

2018-05-11 10:44:14 - [TEST_STEP][PASSED] - setText: Text '5000' is set on object 'Object Repository/MOH AND GRN/Page_KDMC - CMS/input_txttreat'

2018-05-11 10:44:14 - [MESSAGE][PASSED] - Text '5000' is set on object 'Object Repository/MOH AND GRN/Page_KDMC - CMS/input_txttreat'

2018-05-11 10:44:14 - [TEST_STEP][PASSED] - click: Object: 'Object Repository/MOH AND GRN/Page_KDMC - CMS/button_Add' is clicked on

2018-05-11 10:44:14 - [MESSAGE][PASSED] - Object: 'Object Repository/MOH AND GRN/Page_KDMC - CMS/button_Add' is clicked on

2018-05-11 10:44:14 - [TEST_STEP][PASSED] - selectOptionByIndex: All options with index in [7] are selected on object 'Object Repository/MOH AND GRN/Page_KDMC - CMS/select_--Select--Schedule 1Inj'

2018-05-11 10:44:15 - [MESSAGE][PASSED] - All options with index in [7] are selected on object 'Object Repository/MOH AND GRN/Page_KDMC - CMS/select_--Select--Schedule 1Inj'

2018-05-11 10:44:15 - [TEST_STEP][PASSED] - selectOptionByIndex: All options with index in [17] are selected on object 'Object Repository/MOH AND GRN/Page_KDMC - CMS/select_--Select--Adernaline 0.'

2018-05-11 10:44:15 - [MESSAGE][PASSED] - All options with index in [17] are selected on object 'Object Repository/MOH AND GRN/Page_KDMC - CMS/select_--Select--Adernaline 0.'

2018-05-11 10:44:15 - [TEST_STEP][PASSED] - setText: Text '5000' is set on object 'Object Repository/MOH AND GRN/Page_KDMC - CMS/input_txttreat'

2018-05-11 10:44:15 - [MESSAGE][PASSED] - Text '5000' is set on object 'Object Repository/MOH AND GRN/Page_KDMC - CMS/input_txttreat'

2018-05-11 10:44:15 - [TEST_STEP][PASSED] - click: Object: 'Object Repository/MOH AND GRN/Page_KDMC - CMS/button_Add' is clicked on

2018-05-11 10:44:15 - [MESSAGE][PASSED] - Object: 'Object Repository/MOH AND GRN/Page_KDMC - CMS/button_Add' is clicked on

2018-05-11 10:44:15 - [TEST_STEP][PASSED] - selectOptionByIndex: All options with index in [7] are selected on object 'Object Repository/MOH AND GRN/Page_KDMC - CMS/select_--Select--Schedule 1Inj'

2018-05-11 10:44:15 - [MESSAGE][PASSED] - All options with index in [7] are selected on object 'Object Repository/MOH AND GRN/Page_KDMC - CMS/select_--Select--Schedule 1Inj'

2018-05-11 10:44:15 - [TEST_STEP][PASSED] - selectOptionByIndex: All options with index in [18] are selected on object 'Object Repository/MOH AND GRN/Page_KDMC - CMS/select_--Select--Adernaline 0.'

2018-05-11 10:44:16 - [MESSAGE][PASSED] - All options with index in [18] are selected on object 'Object Repository/MOH AND GRN/Page_KDMC - CMS/select_--Select--Adernaline 0.'

2018-05-11 10:44:16 - [TEST_STEP][PASSED] - setText: Text '5000' is set on object 'Object Repository/MOH AND GRN/Page_KDMC - CMS/input_txttreat'

2018-05-11 10:44:16 - [MESSAGE][PASSED] - Text '5000' is set on object 'Object Repository/MOH AND GRN/Page_KDMC - CMS/input_txttreat'

2018-05-11 10:44:16 - [TEST_STEP][PASSED] - click: Object: 'Object Repository/MOH AND GRN/Page_KDMC - CMS/button_Add' is clicked on

2018-05-11 10:44:16 - [MESSAGE][PASSED] - Object: 'Object Repository/MOH AND GRN/Page_KDMC - CMS/button_Add' is clicked on

2018-05-11 10:44:16 - [TEST_STEP][PASSED] - selectOptionByIndex: All options with index in [7] are selected on object 'Object Repository/MOH AND GRN/Page_KDMC - CMS/select_--Select--Schedule 1Inj'

2018-05-11 10:44:16 - [MESSAGE][PASSED] - All options with index in [7] are selected on object 'Object Repository/MOH AND GRN/Page_KDMC - CMS/select_--Select--Schedule 1Inj'

2018-05-11 10:44:16 - [TEST_STEP][PASSED] - selectOptionByIndex: All options with index in [19] are selected on object 'Object Repository/MOH AND GRN/Page_KDMC - CMS/select_--Select--Adernaline 0.'

2018-05-11 10:44:16 - [MESSAGE][PASSED] - All options with index in [19] are selected on object 'Object Repository/MOH AND GRN/Page_KDMC - CMS/select_--Select--Adernaline 0.'

2018-05-11 10:44:16 - [TEST_STEP][PASSED] - setText: Text '5000' is set on object 'Object Repository/MOH AND GRN/Page_KDMC - CMS/input_txttreat'

2018-05-11 10:44:16 - [MESSAGE][PASSED] - Text '5000' is set on object 'Object Repository/MOH AND GRN/Page_KDMC - CMS/input_txttreat'

2018-05-11 10:44:16 - [TEST_STEP][PASSED] - click: Object: 'Object Repository/MOH AND GRN/Page_KDMC - CMS/button_Add' is clicked on

2018-05-11 10:44:16 - [MESSAGE][PASSED] - Object: 'Object Repository/MOH AND GRN/Page_KDMC - CMS/button_Add' is clicked on

2018-05-11 10:44:16 - [TEST_STEP][PASSED] - selectOptionByIndex: All options with index in [7] are selected on object 'Object Repository/MOH AND GRN/Page_KDMC - CMS/select_--Select--Schedule 1Inj'

2018-05-11 10:44:16 - [MESSAGE][PASSED] - All options with index in [7] are selected on object 'Object Repository/MOH AND GRN/Page_KDMC - CMS/select_--Select--Schedule 1Inj'

2018-05-11 10:44:16 - [TEST_STEP][PASSED] - selectOptionByIndex: All options with index in [20] are selected on object 'Object Repository/MOH AND GRN/Page_KDMC - CMS/select_--Select--Adernaline 0.'

2018-05-11 10:44:17 - [MESSAGE][PASSED] - All options with index in [20] are selected on object 'Object Repository/MOH AND GRN/Page_KDMC - CMS/select_--Select--Adernaline 0.'

2018-05-11 10:44:17 - [TEST_STEP][PASSED] - setText: Text '5000' is set on object 'Object Repository/MOH AND GRN/Page_KDMC - CMS/input_txttreat'

2018-05-11 10:44:17 - [MESSAGE][PASSED] - Text '5000' is set on object 'Object Repository/MOH AND GRN/Page_KDMC - CMS/input_txttreat'

2018-05-11 10:44:17 - [TEST_STEP][PASSED] - click: Object: 'Object Repository/MOH AND GRN/Page_KDMC - CMS/button_Add' is clicked on

2018-05-11 10:44:17 - [MESSAGE][PASSED] - Object: 'Object Repository/MOH AND GRN/Page_KDMC - CMS/button_Add' is clicked on

2018-05-11 10:44:17 - [TEST_STEP][PASSED] - selectOptionByIndex: All options with index in [7] are selected on object 'Object Repository/MOH AND GRN/Page_KDMC - CMS/select_--Select--Schedule 1Inj'

2018-05-11 10:44:17 - [MESSAGE][PASSED] - All options with index in [7] are selected on object 'Object Repository/MOH AND GRN/Page_KDMC - CMS/select_--Select--Schedule 1Inj'

2018-05-11 10:44:17 - [TEST_STEP][PASSED] - selectOptionByIndex: All options with index in [21] are selected on object 'Object Repository/MOH AND GRN/Page_KDMC - CMS/select_--Select--Adernaline 0.'

2018-05-11 10:44:17 - [MESSAGE][PASSED] - All options with index in [21] are selected on object 'Object Repository/MOH AND GRN/Page_KDMC - CMS/select_--Select--Adernaline 0.'

2018-05-11 10:44:17 - [TEST_STEP][PASSED] - setText: Text '5000' is set on object 'Object Repository/MOH AND GRN/Page_KDMC - CMS/input_txttreat'

2018-05-11 10:44:18 - [MESSAGE][PASSED] - Text '5000' is set on object 'Object Repository/MOH AND GRN/Page_KDMC - CMS/input_txttreat'

2018-05-11 10:44:18 - [TEST_STEP][PASSED] - click: Object: 'Object Repository/MOH AND GRN/Page_KDMC - CMS/button_Add' is clicked on

2018-05-11 10:44:18 - [MESSAGE][PASSED] - Object: 'Object Repository/MOH AND GRN/Page_KDMC - CMS/button_Add' is clicked on

2018-05-11 10:44:18 - [TEST_STEP][PASSED] - selectOptionByIndex: All options with index in [7] are selected on object 'Object Repository/MOH AND GRN/Page_KDMC - CMS/select_--Select--Schedule 1Inj'

2018-05-11 10:44:18 - [MESSAGE][PASSED] - All options with index in [7] are selected on object 'Object Repository/MOH AND GRN/Page_KDMC - CMS/select_--Select--Schedule 1Inj'

2018-05-11 10:44:18 - [TEST_STEP][PASSED] - selectOptionByIndex: All options with index in [22] are selected on object 'Object Repository/MOH AND GRN/Page_KDMC - CMS/select_--Select--Adernaline 0.'

2018-05-11 10:44:18 - [MESSAGE][PASSED] - All options with index in [22] are selected on object 'Object Repository/MOH AND GRN/Page_KDMC - CMS/select_--Select--Adernaline 0.'

2018-05-11 10:44:18 - [TEST_STEP][PASSED] - setText: Text '5000' is set on object 'Object Repository/MOH AND GRN/Page_KDMC - CMS/input_txttreat'

2018-05-11 10:44:18 - [MESSAGE][PASSED] - Text '5000' is set on object 'Object Repository/MOH AND GRN/Page_KDMC - CMS/input_txttreat'

2018-05-11 10:44:18 - [TEST_STEP][PASSED] - click: Object: 'Object Repository/MOH AND GRN/Page_KDMC - CMS/button_Add' is clicked on

2018-05-11 10:44:18 - [MESSAGE][PASSED] - Object: 'Object Repository/MOH AND GRN/Page_KDMC - CMS/button_Add' is clicked on

2018-05-11 10:44:18 - [TEST_STEP][PASSED] - selectOptionByIndex: All options with index in [7] are selected on object 'Object Repository/MOH AND GRN/Page_KDMC - CMS/select_--Select--Schedule 1Inj'

2018-05-11 10:44:19 - [MESSAGE][PASSED] - All options with index in [7] are selected on object 'Object Repository/MOH AND GRN/Page_KDMC - CMS/select_--Select--Schedule 1Inj'

2018-05-11 10:44:19 - [TEST_STEP][PASSED] - selectOptionByIndex: All options with index in [23] are selected on object 'Object Repository/MOH AND GRN/Page_KDMC - CMS/select_--Select--Adernaline 0.'

2018-05-11 10:44:19 - [MESSAGE][PASSED] - All options with index in [23] are selected on object 'Object Repository/MOH AND GRN/Page_KDMC - CMS/select_--Select--Adernaline 0.'

2018-05-11 10:44:19 - [TEST_STEP][PASSED] - setText: Text '5000' is set on object 'Object Repository/MOH AND GRN/Page_KDMC - CMS/input_txttreat'

2018-05-11 10:44:19 - [MESSAGE][PASSED] - Text '5000' is set on object 'Object Repository/MOH AND GRN/Page_KDMC - CMS/input_txttreat'

2018-05-11 10:44:19 - [TEST_STEP][PASSED] - click: Object: 'Object Repository/MOH AND GRN/Page_KDMC - CMS/button_Add' is clicked on

2018-05-11 10:44:19 - [MESSAGE][PASSED] - Object: 'Object Repository/MOH AND GRN/Page_KDMC - CMS/button_Add' is clicked on

2018-05-11 10:44:19 - [TEST_STEP][PASSED] - scrollToElement: Scroll to object 'Object Repository/MOH AND GRN/Page_KDMC - CMS/input_btnsave' successfully

2018-05-11 10:44:19 - [MESSAGE][PASSED] - Scroll to object 'Object Repository/MOH AND GRN/Page_KDMC - CMS/input_btnsave' successfully

2018-05-11 10:44:19 - [TEST_STEP][PASSED] - click: Object: 'Object Repository/MOH AND GRN/Page_KDMC - CMS/input_btnsave' is clicked on

2018-05-11 10:44:19 - [MESSAGE][PASSED] - Object: 'Object Repository/MOH AND GRN/Page_KDMC - CMS/input_btnsave' is clicked on

2018-05-11 10:44:19 - [TEST_STEP][PASSED] - delay: Delayed 3 second(s)

2018-05-11 10:44:22 - [MESSAGE][PASSED] - Delayed 3 second(s)

2018-05-11 10:44:22 - [TEST_STEP][PASSED] - Statement - Request1 = com.kms.katalon.core.webui.keyword.WebUiBuiltInKeywords.getText(com.kms.katalon.core.testobject.ObjectRepository.findTestObject(MOH AND GRN/Page_KDMC - CMS/font_PRNO0505201876)): Text of object 'Object Repository/MOH AND GRN/Page_KDMC - CMS/font_PRNO0505201876' is: 'PRNO/11052018/212'

2018-05-11 10:44:22 - [MESSAGE][PASSED] - Text of object 'Object Repository/MOH AND GRN/Page_KDMC - CMS/font_PRNO0505201876' is: 'PRNO/11052018/212'

2018-05-11 10:44:22 - [TEST_STEP][PASSED] - Statement - out.println("Length OF The Medicine " + Request1): null

2018-05-11 10:44:22 - [TEST_STEP][PASSED] - Statement - RequestNUmber = Request1.split("/")[2].trim(): null

2018-05-11 10:44:22 - [TEST_STEP][PASSED] - Statement - out.println("ID IS " + RequestNUmber): null

2018-05-11 10:44:22 - [TEST_STEP][PASSED] - delay: Delayed 3 second(s)

2018-05-11 10:44:25 - [MESSAGE][PASSED] - Delayed 3 second(s)

2018-05-11 10:44:25 - [TEST_STEP][PASSED] - click: Object: 'Object Repository/MOH AND GRN/Page_KDMC - CMS/button_OK' is clicked on

2018-05-11 10:44:26 - [MESSAGE][PASSED] - Object: 'Object Repository/MOH AND GRN/Page_KDMC - CMS/button_OK' is clicked on

2018-05-11 10:44:26 - [TEST_STEP][PASSED] - click: Object: 'Object Repository/MOH AND GRN/Page_KDMC - CMS/a_dropdown-toggle' is clicked on

2018-05-11 10:44:27 - [MESSAGE][PASSED] - Object: 'Object Repository/MOH AND GRN/Page_KDMC - CMS/a_dropdown-toggle' is clicked on

2018-05-11 10:44:27 - [TEST_STEP][PASSED] - click: Object: 'Object Repository/MOH AND GRN/Page_KDMC - CMS/a_Sign out' is clicked on

2018-05-11 10:44:28 - [MESSAGE][PASSED] - Object: 'Object Repository/MOH AND GRN/Page_KDMC - CMS/a_Sign out' is clicked on

2018-05-11 10:44:28 - [TEST_STEP][PASSED] - delay: Delayed 4 second(s)

2018-05-11 10:44:32 - [MESSAGE][PASSED] - Delayed 4 second(s)

2018-05-11 10:44:32 - [TEST_STEP][PASSED] - click: Object: 'Object Repository/MOH AND GRN/Page_KDMC/a_Admin Master' is clicked on

2018-05-11 10:44:33 - [MESSAGE][PASSED] - Object: 'Object Repository/MOH AND GRN/Page_KDMC/a_Admin Master' is clicked on

2018-05-11 10:44:33 - [TEST_STEP][PASSED] - setText: Text 'admin' is set on object 'Object Repository/MOH AND GRN/Page_Admin login/input_txtusername'

2018-05-11 10:44:33 - [MESSAGE][PASSED] - Text 'admin' is set on object 'Object Repository/MOH AND GRN/Page_Admin login/input_txtusername'

2018-05-11 10:44:33 - [TEST_STEP][PASSED] - setText: Text 'admin123' is set on object 'Object Repository/MOH AND GRN/Page_Admin login/input_txtpassword'

2018-05-11 10:44:33 - [MESSAGE][PASSED] - Text 'admin123' is set on object 'Object Repository/MOH AND GRN/Page_Admin login/input_txtpassword'

2018-05-11 10:44:33 - [TEST_STEP][PASSED] - delay: Delayed 3 second(s)

2018-05-11 10:44:36 - [MESSAGE][PASSED] - Delayed 3 second(s)

2018-05-11 10:44:36 - [TEST_STEP][PASSED] - click: Object: 'Object Repository/MOH AND GRN/Page_Admin login/button_Sign in' is clicked on

2018-05-11 10:44:38 - [MESSAGE][PASSED] - Object: 'Object Repository/MOH AND GRN/Page_Admin login/button_Sign in' is clicked on

2018-05-11 10:44:38 - [TEST_STEP][PASSED] - delay: Delayed 20 second(s)

2018-05-11 10:44:58 - [MESSAGE][PASSED] - Delayed 20 second(s)

2018-05-11 10:44:58 - [TEST_STEP][PASSED] - scrollToPosition: Browser is scrolled to position x = 200, y = 200

2018-05-11 10:44:58 - [MESSAGE][PASSED] - Browser is scrolled to position x = 200, y = 200

2018-05-11 10:44:58 - [TEST_STEP][PASSED] - click: Object: 'Object Repository/MOH AND GRN/Page_KDMC/a_CMS_1' is clicked on

2018-05-11 10:44:58 - [MESSAGE][PASSED] - Object: 'Object Repository/MOH AND GRN/Page_KDMC/a_CMS_1' is clicked on

2018-05-11 10:44:58 - [TEST_STEP][PASSED] - click: Object: 'Object Repository/MOH AND GRN/Page_KDMC/a_Request List' is clicked on

2018-05-11 10:44:59 - [MESSAGE][PASSED] - Object: 'Object Repository/MOH AND GRN/Page_KDMC/a_Request List' is clicked on

2018-05-11 10:44:59 - [TEST_STEP][PASSED] - Statement - RequestNumberId = com.kms.katalon.core.webui.keyword.WebUiBuiltInKeywords.modifyObjectProperty(com.kms.katalon.core.testobject.ObjectRepository.findTestObject(MOH AND GRN/Page_KDMC - CMS/input_PO0032), "xpath", "equals", "//*[@id =" + RequestNUmber + "]", true): Modify property of object successfully

2018-05-11 10:44:59 - [MESSAGE][PASSED] - Modify property of object successfully

2018-05-11 10:44:59 - [TEST_STEP][PASSED] - click: Object: 'Object Repository/MOH AND GRN/Page_KDMC - CMS/input_PO0032' is clicked on

2018-05-11 10:44:59 - [MESSAGE][PASSED] - Object: 'Object Repository/MOH AND GRN/Page_KDMC - CMS/input_PO0032' is clicked on

2018-05-11 10:44:59 - [TEST_STEP][PASSED] - delay: Delayed 3 second(s)

2018-05-11 10:45:02 - [MESSAGE][PASSED] - Delayed 3 second(s)

2018-05-11 10:45:02 - [TEST_STEP][PASSED] - selectOptionByIndex: All options with index in [1] are selected on object 'Object Repository/MOH AND GRN/Page_KDMC/select_--Select--'

2018-05-11 10:45:02 - [MESSAGE][PASSED] - All options with index in [1] are selected on object 'Object Repository/MOH AND GRN/Page_KDMC/select_--Select--'

2018-05-11 10:45:02 - [TEST_STEP][PASSED] - click: Object: 'Object Repository/MOH AND GRN/Page_KDMC/input_btnupdate' is clicked on

2018-05-11 10:45:02 - [MESSAGE][PASSED] - Object: 'Object Repository/MOH AND GRN/Page_KDMC/input_btnupdate' is clicked on

2018-05-11 10:45:02 - [TEST_STEP][PASSED] - delay: Delayed 3 second(s)

2018-05-11 10:45:05 - [MESSAGE][PASSED] - Delayed 3 second(s)

2018-05-11 10:45:05 - [TEST_STEP][PASSED] - click: Object: 'Object Repository/MOH AND GRN/Page_KDMC/button_OK' is clicked on

2018-05-11 10:45:06 - [MESSAGE][PASSED] - Object: 'Object Repository/MOH AND GRN/Page_KDMC/button_OK' is clicked on

2018-05-11 10:45:06 - [TEST_STEP][PASSED] - delay: Delayed 3 second(s)

2018-05-11 10:45:09 - [MESSAGE][PASSED] - Delayed 3 second(s)

2018-05-11 10:45:09 - [TEST_STEP][PASSED] - scrollToPosition: Browser is scrolled to position x = 200, y = 200

2018-05-11 10:45:09 - [MESSAGE][PASSED] - Browser is scrolled to position x = 200, y = 200

2018-05-11 10:45:09 - [TEST_STEP][PASSED] - click: Object: 'Object Repository/MOH AND GRN/Page_KDMC/a_CMS_2' is clicked on

2018-05-11 10:45:09 - [MESSAGE][PASSED] - Object: 'Object Repository/MOH AND GRN/Page_KDMC/a_CMS_2' is clicked on

2018-05-11 10:45:09 - [TEST_STEP][PASSED] - delay: Delayed 2 second(s)

2018-05-11 10:45:11 - [MESSAGE][PASSED] - Delayed 2 second(s)

2018-05-11 10:45:11 - [TEST_STEP][PASSED] - click: Object: 'Object Repository/MOH AND GRN/Page_KDMC/a_Generate P.O' is clicked on

2018-05-11 10:45:12 - [MESSAGE][PASSED] - Object: 'Object Repository/MOH AND GRN/Page_KDMC/a_Generate P.O' is clicked on

2018-05-11 10:45:12 - [TEST_STEP][PASSED] - delay: Delayed 2 second(s)

2018-05-11 10:45:14 - [MESSAGE][PASSED] - Delayed 2 second(s)

2018-05-11 10:45:14 - [TEST_STEP][PASSED] - selectOptionByIndex: All options with index in [1] are selected on object 'Object Repository/MOH AND GRN/Page_KDMC/select_--Select--PRNO040520183'

2018-05-11 10:45:14 - [MESSAGE][PASSED] - All options with index in [1] are selected on object 'Object Repository/MOH AND GRN/Page_KDMC/select_--Select--PRNO040520183'

2018-05-11 10:45:14 - [TEST_STEP][PASSED] - selectOptionByIndex: All options with index in [7] are selected on object 'Object Repository/MOH AND GRN/Page_KDMC/select_--Select--Hamen Chandra'

2018-05-11 10:45:14 - [MESSAGE][PASSED] - All options with index in [7] are selected on object 'Object Repository/MOH AND GRN/Page_KDMC/select_--Select--Hamen Chandra'

2018-05-11 10:45:14 - [TEST_STEP][PASSED] - Statement - PONumber = com.kms.katalon.core.webui.keyword.WebUiBuiltInKeywords.getText(com.kms.katalon.core.testobject.ObjectRepository.findTestObject(MOH AND GRN/Page_KDMC/input_lblpono)).trim(): Text of object 'Object Repository/MOH AND GRN/Page_KDMC/input_lblpono' is: ''

2018-05-11 10:45:14 - [MESSAGE][PASSED] - Text of object 'Object Repository/MOH AND GRN/Page_KDMC/input_lblpono' is: ''

2018-05-11 10:45:14 - [TEST_STEP][PASSED] - Statement - PONumber1 = com.kms.katalon.core.webui.keyword.WebUiBuiltInKeywords.getAttribute(com.kms.katalon.core.testobject.ObjectRepository.findTestObject(MOH AND GRN/Page_KDMC/input_lblpono), "value").trim(): Attribute 'value' of object 'Object Repository/MOH AND GRN/Page_KDMC/input_lblpono' is: 'PO0096'

2018-05-11 10:45:14 - [MESSAGE][PASSED] - Attribute 'value' of object 'Object Repository/MOH AND GRN/Page_KDMC/input_lblpono' is: 'PO0096'

2018-05-11 10:45:14 - [TEST_STEP][PASSED] - Statement - out.println("PO NUMBER :" + PONumber): null

2018-05-11 10:45:14 - [TEST_STEP][PASSED] - Statement - out.println("PO NUMBER :" + PONumber1): null

2018-05-11 10:45:14 - [TEST_STEP][PASSED] - click: Object: 'Object Repository/MOH AND GRN/Page_KDMC/input_chkrem' is clicked on

2018-05-11 10:45:14 - [MESSAGE][PASSED] - Object: 'Object Repository/MOH AND GRN/Page_KDMC/input_chkrem' is clicked on

2018-05-11 10:45:14 - [TEST_STEP][PASSED] - scrollToElement: Scroll to object 'Object Repository/MOH AND GRN/Page_KDMC/input_btnreturn' successfully

2018-05-11 10:45:14 - [MESSAGE][PASSED] - Scroll to object 'Object Repository/MOH AND GRN/Page_KDMC/input_btnreturn' successfully

2018-05-11 10:45:14 - [TEST_STEP][PASSED] - click: Object: 'Object Repository/MOH AND GRN/Page_KDMC/input_btnreturn' is clicked on

2018-05-11 10:45:14 - [MESSAGE][PASSED] - Object: 'Object Repository/MOH AND GRN/Page_KDMC/input_btnreturn' is clicked on

2018-05-11 10:45:14 - [TEST_STEP][PASSED] - delay: Delayed 3 second(s)

2018-05-11 10:45:17 - [MESSAGE][PASSED] - Delayed 3 second(s)

2018-05-11 10:45:17 - [TEST_STEP][PASSED] - click: Object: 'Object Repository/MOH AND GRN/Page_KDMC/button_Yes' is clicked on

2018-05-11 10:45:17 - [MESSAGE][PASSED] - Object: 'Object Repository/MOH AND GRN/Page_KDMC/button_Yes' is clicked on

2018-05-11 10:45:17 - [TEST_STEP][PASSED] - delay: Delayed 3 second(s)

2018-05-11 10:45:20 - [MESSAGE][PASSED] - Delayed 3 second(s)

2018-05-11 10:45:20 - [TEST_STEP][PASSED] - click: Object: 'Object Repository/MOH AND GRN/Page_KDMC/button_OK' is clicked on

2018-05-11 10:45:21 - [MESSAGE][PASSED] - Object: 'Object Repository/MOH AND GRN/Page_KDMC/button_OK' is clicked on

2018-05-11 10:45:21 - [TEST_STEP][PASSED] - delay: Delayed 3 second(s)

2018-05-11 10:45:24 - [MESSAGE][PASSED] - Delayed 3 second(s)

2018-05-11 10:45:24 - [TEST_STEP][PASSED] - click: Object: 'Object Repository/MOH AND GRN/Page_KDMC/a_dropdown-toggle' is clicked on

2018-05-11 10:45:24 - [MESSAGE][PASSED] - Object: 'Object Repository/MOH AND GRN/Page_KDMC/a_dropdown-toggle' is clicked on

2018-05-11 10:45:24 - [TEST_STEP][PASSED] - click: Object: 'Object Repository/MOH AND GRN/Page_KDMC/a_Sign out' is clicked on

2018-05-11 10:45:25 - [MESSAGE][PASSED] - Object: 'Object Repository/MOH AND GRN/Page_KDMC/a_Sign out' is clicked on

2018-05-11 10:45:25 - [TEST_STEP][PASSED] - delay: Delayed 4 second(s)

2018-05-11 10:45:29 - [MESSAGE][PASSED] - Delayed 4 second(s)

2018-05-11 10:45:29 - [TEST_STEP][PASSED] - click: Object: 'Object Repository/MOH AND GRN/Page_KDMC/a_CMS' is clicked on

2018-05-11 10:45:30 - [MESSAGE][PASSED] - Object: 'Object Repository/MOH AND GRN/Page_KDMC/a_CMS' is clicked on

2018-05-11 10:45:30 - [TEST_STEP][PASSED] - setText: Text 'bala' is set on object 'Object Repository/MOH AND GRN/Page_CMS login/input_txtusername'

2018-05-11 10:45:30 - [MESSAGE][PASSED] - Text 'bala' is set on object 'Object Repository/MOH AND GRN/Page_CMS login/input_txtusername'

2018-05-11 10:45:30 - [TEST_STEP][PASSED] - setText: Text '123' is set on object 'Object Repository/MOH AND GRN/Page_CMS login/input_txtpassword'

2018-05-11 10:45:30 - [MESSAGE][PASSED] - Text '123' is set on object 'Object Repository/MOH AND GRN/Page_CMS login/input_txtpassword'

2018-05-11 10:45:30 - [TEST_STEP][PASSED] - delay: Delayed 3 second(s)

2018-05-11 10:45:33 - [MESSAGE][PASSED] - Delayed 3 second(s)

2018-05-11 10:45:33 - [TEST_STEP][PASSED] - click: Object: 'Object Repository/MOH AND GRN/Page_CMS login/button_Sign in' is clicked on

2018-05-11 10:45:34 - [MESSAGE][PASSED] - Object: 'Object Repository/MOH AND GRN/Page_CMS login/button_Sign in' is clicked on

2018-05-11 10:45:34 - [TEST_STEP][PASSED] - click: Object: 'Object Repository/MOH AND GRN/Page_KDMC - CMS/a_CMS Details' is clicked on

2018-05-11 10:45:34 - [MESSAGE][PASSED] - Object: 'Object Repository/MOH AND GRN/Page_KDMC - CMS/a_CMS Details' is clicked on

2018-05-11 10:45:34 - [TEST_STEP][PASSED] - delay: Delayed 2 second(s)

2018-05-11 10:45:36 - [MESSAGE][PASSED] - Delayed 2 second(s)

2018-05-11 10:45:36 - [TEST_STEP][PASSED] - click: Object: 'Object Repository/MOH AND GRN/Page_KDMC - CMS/a_Goods Receive' is clicked on

2018-05-11 10:45:36 - [MESSAGE][PASSED] - Object: 'Object Repository/MOH AND GRN/Page_KDMC - CMS/a_Goods Receive' is clicked on

2018-05-11 10:45:36 - [TEST_STEP][PASSED] - delay: Delayed 2 second(s)

2018-05-11 10:45:38 - [MESSAGE][PASSED] - Delayed 2 second(s)

2018-05-11 10:45:38 - [TEST_STEP][PASSED] - selectOptionByLabel: All options with label 'PO0096' are selected in object 'Object Repository/MOH AND GRN/Page_KDMC - CMS/select_--Select--PO0032PO0031P' 

2018-05-11 10:45:38 - [MESSAGE][PASSED] - All options with label 'PO0096' are selected in object 'Object Repository/MOH AND GRN/Page_KDMC - CMS/select_--Select--PO0032PO0031P' 

2018-05-11 10:45:38 - [TEST_STEP][PASSED] - setText: Finding Test Object with id 'Object Repository/MOH AND GRN/Page_KDMC - CMS/input_txtgrnno'

2018-05-11 10:45:38 - [TEST_STEP][PASSED] - Statement - switch (id): Text 'INV391.0' is set on object 'Object Repository/MOH AND GRN/Page_KDMC - CMS/input_txtgrnno'

2018-05-11 10:45:38 - [TEST_STEP][PASSED] - Statement - case 2:: Text 'INV391.0' is set on object 'Object Repository/MOH AND GRN/Page_KDMC - CMS/input_txtgrnno'

2018-05-11 10:45:38 - [TEST_STEP][PASSED] - Statement - return (java.lang.Math.floor((java.lang.Math.random() * ((max - min) + 1))) + min): Text 'INV391.0' is set on object 'Object Repository/MOH AND GRN/Page_KDMC - CMS/input_txtgrnno'

2018-05-11 10:45:39 - [MESSAGE][PASSED] - Text 'INV391.0' is set on object 'Object Repository/MOH AND GRN/Page_KDMC - CMS/input_txtgrnno'

2018-05-11 10:45:39 - [TEST_STEP][PASSED] - selectOptionByIndex: All options with index in [1] are selected on object 'Object Repository/MOH AND GRN/Page_KDMC - CMS/select_--Select--PERUMAL PHARM'

2018-05-11 10:45:39 - [MESSAGE][PASSED] - All options with index in [1] are selected on object 'Object Repository/MOH AND GRN/Page_KDMC - CMS/select_--Select--PERUMAL PHARM'

2018-05-11 10:45:39 - [TEST_STEP][PASSED] - setText: Text '20000' is set on object 'Object Repository/MOH AND GRN/Page_KDMC - CMS/input_txtgrnno_1'

2018-05-11 10:45:39 - [MESSAGE][PASSED] - Text '20000' is set on object 'Object Repository/MOH AND GRN/Page_KDMC - CMS/input_txtgrnno_1'

2018-05-11 10:45:39 - [TEST_STEP][PASSED] - setText: Text '900' is set on object 'Object Repository/MOH AND GRN/Page_KDMC - CMS/input_txtgrnno_2'

2018-05-11 10:45:39 - [MESSAGE][PASSED] - Text '900' is set on object 'Object Repository/MOH AND GRN/Page_KDMC - CMS/input_txtgrnno_2'

2018-05-11 10:45:39 - [TEST_STEP][PASSED] - setText: Finding Test Object with id 'Object Repository/MOH AND GRN/Page_KDMC - CMS/input_txtgrnno_3'

2018-05-11 10:45:39 - [TEST_STEP][PASSED] - Statement - switch (id): Text 'CH442.0' is set on object 'Object Repository/MOH AND GRN/Page_KDMC - CMS/input_txtgrnno_3'

2018-05-11 10:45:39 - [TEST_STEP][PASSED] - Statement - case 3:: Text 'CH442.0' is set on object 'Object Repository/MOH AND GRN/Page_KDMC - CMS/input_txtgrnno_3'

2018-05-11 10:45:39 - [TEST_STEP][PASSED] - Statement - return (java.lang.Math.floor((java.lang.Math.random() * ((max - min) + 1))) + min): Text 'CH442.0' is set on object 'Object Repository/MOH AND GRN/Page_KDMC - CMS/input_txtgrnno_3'

2018-05-11 10:45:39 - [MESSAGE][PASSED] - Text 'CH442.0' is set on object 'Object Repository/MOH AND GRN/Page_KDMC - CMS/input_txtgrnno_3'

2018-05-11 10:45:39 - [TEST_STEP][PASSED] - scrollToPosition: Browser is scrolled to position x = 200, y = 200

2018-05-11 10:45:39 - [MESSAGE][PASSED] - Browser is scrolled to position x = 200, y = 200

2018-05-11 10:45:39 - [TEST_STEP][PASSED] - Statement - GrnLength = com.kms.katalon.core.webui.keyword.WebUiBuiltInKeywords.getNumberOfTotalOption(com.kms.katalon.core.testobject.ObjectRepository.findTestObject(MOH AND GRN/Page_KDMC - CMS/select_--Select--Amikacin -500)): 24 options of object 'Object Repository/MOH AND GRN/Page_KDMC - CMS/select_--Select--Amikacin -500' counted

2018-05-11 10:45:39 - [MESSAGE][PASSED] - 24 options of object 'Object Repository/MOH AND GRN/Page_KDMC - CMS/select_--Select--Amikacin -500' counted

2018-05-11 10:45:39 - [TEST_STEP][PASSED] - Statement - out.println("Length OF The Medicine " + GrnLength): null

2018-05-11 10:45:39 - [TEST_STEP][PASSED] - Statement - s = 1: null

2018-05-11 10:45:39 - [TEST_STEP][PASSED] - Statement - For ([t = 1, t < GrnLength, (t++)]): Finding Test Object with id 'Object Repository/MOH AND GRN/Page_KDMC - CMS/input_txtmrp'

2018-05-11 10:45:39 - [TEST_STEP][PASSED] - selectOptionByIndex: All options with index in [1] are selected on object 'Object Repository/MOH AND GRN/Page_KDMC - CMS/select_--Select--Amikacin -500'

2018-05-11 10:45:39 - [MESSAGE][PASSED] - All options with index in [1] are selected on object 'Object Repository/MOH AND GRN/Page_KDMC - CMS/select_--Select--Amikacin -500'

2018-05-11 10:45:39 - [TEST_STEP][PASSED] - setText: Text '5000' is set on object 'Object Repository/MOH AND GRN/Page_KDMC - CMS/input_txtqty'

2018-05-11 10:45:39 - [MESSAGE][PASSED] - Text '5000' is set on object 'Object Repository/MOH AND GRN/Page_KDMC - CMS/input_txtqty'

2018-05-11 10:45:39 - [TEST_STEP][PASSED] - selectOptionByIndex: All options with index in [1] are selected on object 'Object Repository/MOH AND GRN/Page_KDMC - CMS/select_--Select--No Tax0'

2018-05-11 10:45:40 - [MESSAGE][PASSED] - All options with index in [1] are selected on object 'Object Repository/MOH AND GRN/Page_KDMC - CMS/select_--Select--No Tax0'

2018-05-11 10:45:40 - [TEST_STEP][PASSED] - setText: Finding Test Object with id 'Object Repository/MOH AND GRN/Page_KDMC - CMS/input_txtmrp'

2018-05-11 10:45:40 - [TEST_STEP][PASSED] - Statement - switch (id): Finding Test Object with id 'Object Repository/MOH AND GRN/Page_KDMC - CMS/input_txtdeal'

2018-05-11 10:45:40 - [TEST_STEP][PASSED] - Statement - case 4:: Text '36.0' is set on object 'Object Repository/MOH AND GRN/Page_KDMC - CMS/input_txtmrp'

2018-05-11 10:45:40 - [TEST_STEP][PASSED] - Statement - return (java.lang.Math.floor((java.lang.Math.random() * ((max - min) + 1))) + min): Text '36.0' is set on object 'Object Repository/MOH AND GRN/Page_KDMC - CMS/input_txtmrp'

2018-05-11 10:45:40 - [MESSAGE][PASSED] - Text '36.0' is set on object 'Object Repository/MOH AND GRN/Page_KDMC - CMS/input_txtmrp'

2018-05-11 10:45:40 - [TEST_STEP][PASSED] - setText: Finding Test Object with id 'Object Repository/MOH AND GRN/Page_KDMC - CMS/input_txtdeal'

2018-05-11 10:45:40 - [TEST_STEP][PASSED] - Statement - switch (id): Finding Test Object with id 'Object Repository/MOH AND GRN/Page_KDMC - CMS/input_txtbatchno'

2018-05-11 10:45:40 - [TEST_STEP][PASSED] - Statement - case 5:: Text '11.0' is set on object 'Object Repository/MOH AND GRN/Page_KDMC - CMS/input_txtdeal'

2018-05-11 10:45:40 - [TEST_STEP][PASSED] - Statement - return (java.lang.Math.floor((java.lang.Math.random() * ((max - min) + 1))) + min): Text '11.0' is set on object 'Object Repository/MOH AND GRN/Page_KDMC - CMS/input_txtdeal'

2018-05-11 10:45:40 - [MESSAGE][PASSED] - Text '11.0' is set on object 'Object Repository/MOH AND GRN/Page_KDMC - CMS/input_txtdeal'

2018-05-11 10:45:40 - [TEST_STEP][PASSED] - setText: Finding Test Object with id 'Object Repository/MOH AND GRN/Page_KDMC - CMS/input_txtbatchno'

2018-05-11 10:45:40 - [TEST_STEP][PASSED] - Statement - switch (id): Finding Test Object with id 'Object Repository/MOH AND GRN/Page_KDMC - CMS/input_txtmrp'

2018-05-11 10:45:40 - [TEST_STEP][PASSED] - Statement - case 1:: Text 'BA170.0' is set on object 'Object Repository/MOH AND GRN/Page_KDMC - CMS/input_txtbatchno'

2018-05-11 10:45:40 - [TEST_STEP][PASSED] - Statement - return (java.lang.Math.floor((java.lang.Math.random() * ((max - min) + 1))) + min): Text 'BA170.0' is set on object 'Object Repository/MOH AND GRN/Page_KDMC - CMS/input_txtbatchno'

2018-05-11 10:45:40 - [MESSAGE][PASSED] - Text 'BA170.0' is set on object 'Object Repository/MOH AND GRN/Page_KDMC - CMS/input_txtbatchno'

2018-05-11 10:45:40 - [TEST_STEP][PASSED] - rightClick: Object: 'Object Repository/GRN/Page_KDMC - CMS/input_txtexpdate' is right clicked on

2018-05-11 10:45:40 - [MESSAGE][PASSED] - Object: 'Object Repository/GRN/Page_KDMC - CMS/input_txtexpdate' is right clicked on

2018-05-11 10:45:40 - [TEST_STEP][PASSED] - selectOptionByIndex: All options with index in [1] are selected on object 'Object Repository/GRN/Page_KDMC - CMS/select_20182019202020212022202'

2018-05-11 10:45:40 - [MESSAGE][PASSED] - All options with index in [1] are selected on object 'Object Repository/GRN/Page_KDMC - CMS/select_20182019202020212022202'

2018-05-11 10:45:40 - [TEST_STEP][PASSED] - selectOptionByIndex: All options with index in [1] are selected on object 'Object Repository/GRN/Page_KDMC - CMS/select_JanFebMarAprMayJunJulAu'

2018-05-11 10:45:40 - [MESSAGE][PASSED] - All options with index in [1] are selected on object 'Object Repository/GRN/Page_KDMC - CMS/select_JanFebMarAprMayJunJulAu'

2018-05-11 10:45:40 - [TEST_STEP][PASSED] - click: Object: 'Object Repository/MOH AND GRN/Page_KDMC - CMS/a_12' is clicked on

2018-05-11 10:45:41 - [MESSAGE][PASSED] - Object: 'Object Repository/MOH AND GRN/Page_KDMC - CMS/a_12' is clicked on

2018-05-11 10:45:41 - [TEST_STEP][PASSED] - click: Object: 'Object Repository/MOH AND GRN/Page_KDMC - CMS/input_btnadd' is clicked on

2018-05-11 10:45:41 - [MESSAGE][PASSED] - Object: 'Object Repository/MOH AND GRN/Page_KDMC - CMS/input_btnadd' is clicked on

2018-05-11 10:45:41 - [TEST_STEP][PASSED] - Statement - If (s == 10): null

2018-05-11 10:45:41 - [TEST_STEP][PASSED] - Statement - Else: null

2018-05-11 10:45:41 - [TEST_STEP][PASSED] - Statement - (s++): null

2018-05-11 10:45:41 - [TEST_STEP][PASSED] - delay: Delayed 1 second(s)

2018-05-11 10:45:42 - [MESSAGE][PASSED] - Delayed 1 second(s)

2018-05-11 10:45:42 - [TEST_STEP][PASSED] - selectOptionByIndex: All options with index in [2] are selected on object 'Object Repository/MOH AND GRN/Page_KDMC - CMS/select_--Select--Amikacin -500'

2018-05-11 10:45:42 - [MESSAGE][PASSED] - All options with index in [2] are selected on object 'Object Repository/MOH AND GRN/Page_KDMC - CMS/select_--Select--Amikacin -500'

2018-05-11 10:45:42 - [TEST_STEP][PASSED] - setText: Text '5000' is set on object 'Object Repository/MOH AND GRN/Page_KDMC - CMS/input_txtqty'

2018-05-11 10:45:42 - [MESSAGE][PASSED] - Text '5000' is set on object 'Object Repository/MOH AND GRN/Page_KDMC - CMS/input_txtqty'

2018-05-11 10:45:42 - [TEST_STEP][PASSED] - selectOptionByIndex: All options with index in [1] are selected on object 'Object Repository/MOH AND GRN/Page_KDMC - CMS/select_--Select--No Tax0'

2018-05-11 10:45:42 - [MESSAGE][PASSED] - All options with index in [1] are selected on object 'Object Repository/MOH AND GRN/Page_KDMC - CMS/select_--Select--No Tax0'

2018-05-11 10:45:42 - [TEST_STEP][PASSED] - setText: Finding Test Object with id 'Object Repository/MOH AND GRN/Page_KDMC - CMS/input_txtmrp'

2018-05-11 10:45:42 - [TEST_STEP][PASSED] - Statement - switch (id): Finding Test Object with id 'Object Repository/MOH AND GRN/Page_KDMC - CMS/input_txtdeal'

2018-05-11 10:45:42 - [TEST_STEP][PASSED] - Statement - case 4:: Text '24.0' is set on object 'Object Repository/MOH AND GRN/Page_KDMC - CMS/input_txtmrp'

2018-05-11 10:45:42 - [TEST_STEP][PASSED] - Statement - return (java.lang.Math.floor((java.lang.Math.random() * ((max - min) + 1))) + min): Text '24.0' is set on object 'Object Repository/MOH AND GRN/Page_KDMC - CMS/input_txtmrp'

2018-05-11 10:45:42 - [MESSAGE][PASSED] - Text '24.0' is set on object 'Object Repository/MOH AND GRN/Page_KDMC - CMS/input_txtmrp'

2018-05-11 10:45:42 - [TEST_STEP][PASSED] - setText: Finding Test Object with id 'Object Repository/MOH AND GRN/Page_KDMC - CMS/input_txtdeal'

2018-05-11 10:45:42 - [TEST_STEP][PASSED] - Statement - switch (id): Finding Test Object with id 'Object Repository/MOH AND GRN/Page_KDMC - CMS/input_txtbatchno'

2018-05-11 10:45:42 - [TEST_STEP][PASSED] - Statement - case 5:: Text '9.0' is set on object 'Object Repository/MOH AND GRN/Page_KDMC - CMS/input_txtdeal'

2018-05-11 10:45:42 - [TEST_STEP][PASSED] - Statement - return (java.lang.Math.floor((java.lang.Math.random() * ((max - min) + 1))) + min): Text '9.0' is set on object 'Object Repository/MOH AND GRN/Page_KDMC - CMS/input_txtdeal'

2018-05-11 10:45:42 - [MESSAGE][PASSED] - Text '9.0' is set on object 'Object Repository/MOH AND GRN/Page_KDMC - CMS/input_txtdeal'

2018-05-11 10:45:42 - [TEST_STEP][PASSED] - setText: Finding Test Object with id 'Object Repository/MOH AND GRN/Page_KDMC - CMS/input_txtbatchno'

2018-05-11 10:45:42 - [TEST_STEP][PASSED] - Statement - switch (id): Finding Test Object with id 'Object Repository/MOH AND GRN/Page_KDMC - CMS/input_txtmrp'

2018-05-11 10:45:42 - [TEST_STEP][PASSED] - Statement - case 1:: Text 'BA195.0' is set on object 'Object Repository/MOH AND GRN/Page_KDMC - CMS/input_txtbatchno'

2018-05-11 10:45:42 - [TEST_STEP][PASSED] - Statement - return (java.lang.Math.floor((java.lang.Math.random() * ((max - min) + 1))) + min): Text 'BA195.0' is set on object 'Object Repository/MOH AND GRN/Page_KDMC - CMS/input_txtbatchno'

2018-05-11 10:45:42 - [MESSAGE][PASSED] - Text 'BA195.0' is set on object 'Object Repository/MOH AND GRN/Page_KDMC - CMS/input_txtbatchno'

2018-05-11 10:45:42 - [TEST_STEP][PASSED] - rightClick: Object: 'Object Repository/GRN/Page_KDMC - CMS/input_txtexpdate' is right clicked on

2018-05-11 10:45:42 - [MESSAGE][PASSED] - Object: 'Object Repository/GRN/Page_KDMC - CMS/input_txtexpdate' is right clicked on

2018-05-11 10:45:42 - [TEST_STEP][PASSED] - selectOptionByIndex: All options with index in [2] are selected on object 'Object Repository/GRN/Page_KDMC - CMS/select_20182019202020212022202'

2018-05-11 10:45:43 - [MESSAGE][PASSED] - All options with index in [2] are selected on object 'Object Repository/GRN/Page_KDMC - CMS/select_20182019202020212022202'

2018-05-11 10:45:43 - [TEST_STEP][PASSED] - selectOptionByIndex: All options with index in [2] are selected on object 'Object Repository/GRN/Page_KDMC - CMS/select_JanFebMarAprMayJunJulAu'

2018-05-11 10:45:43 - [MESSAGE][PASSED] - All options with index in [2] are selected on object 'Object Repository/GRN/Page_KDMC - CMS/select_JanFebMarAprMayJunJulAu'

2018-05-11 10:45:43 - [TEST_STEP][PASSED] - click: Object: 'Object Repository/MOH AND GRN/Page_KDMC - CMS/a_12' is clicked on

2018-05-11 10:45:43 - [MESSAGE][PASSED] - Object: 'Object Repository/MOH AND GRN/Page_KDMC - CMS/a_12' is clicked on

2018-05-11 10:45:43 - [TEST_STEP][PASSED] - click: Object: 'Object Repository/MOH AND GRN/Page_KDMC - CMS/input_btnadd' is clicked on

2018-05-11 10:45:43 - [MESSAGE][PASSED] - Object: 'Object Repository/MOH AND GRN/Page_KDMC - CMS/input_btnadd' is clicked on

2018-05-11 10:45:43 - [TEST_STEP][PASSED] - Statement - If (s == 10): null

2018-05-11 10:45:43 - [TEST_STEP][PASSED] - Statement - Else: null

2018-05-11 10:45:43 - [TEST_STEP][PASSED] - Statement - (s++): null

2018-05-11 10:45:43 - [TEST_STEP][PASSED] - delay: Delayed 1 second(s)

2018-05-11 10:45:44 - [MESSAGE][PASSED] - Delayed 1 second(s)

2018-05-11 10:45:44 - [TEST_STEP][PASSED] - selectOptionByIndex: All options with index in [3] are selected on object 'Object Repository/MOH AND GRN/Page_KDMC - CMS/select_--Select--Amikacin -500'

2018-05-11 10:45:44 - [MESSAGE][PASSED] - All options with index in [3] are selected on object 'Object Repository/MOH AND GRN/Page_KDMC - CMS/select_--Select--Amikacin -500'

2018-05-11 10:45:44 - [TEST_STEP][PASSED] - setText: Text '5000' is set on object 'Object Repository/MOH AND GRN/Page_KDMC - CMS/input_txtqty'

2018-05-11 10:45:44 - [MESSAGE][PASSED] - Text '5000' is set on object 'Object Repository/MOH AND GRN/Page_KDMC - CMS/input_txtqty'

2018-05-11 10:45:44 - [TEST_STEP][PASSED] - selectOptionByIndex: All options with index in [1] are selected on object 'Object Repository/MOH AND GRN/Page_KDMC - CMS/select_--Select--No Tax0'

2018-05-11 10:45:44 - [MESSAGE][PASSED] - All options with index in [1] are selected on object 'Object Repository/MOH AND GRN/Page_KDMC - CMS/select_--Select--No Tax0'

2018-05-11 10:45:44 - [TEST_STEP][PASSED] - setText: Finding Test Object with id 'Object Repository/MOH AND GRN/Page_KDMC - CMS/input_txtmrp'

2018-05-11 10:45:44 - [TEST_STEP][PASSED] - Statement - switch (id): Finding Test Object with id 'Object Repository/MOH AND GRN/Page_KDMC - CMS/input_txtdeal'

2018-05-11 10:45:44 - [TEST_STEP][PASSED] - Statement - case 4:: Text '15.0' is set on object 'Object Repository/MOH AND GRN/Page_KDMC - CMS/input_txtmrp'

2018-05-11 10:45:44 - [TEST_STEP][PASSED] - Statement - return (java.lang.Math.floor((java.lang.Math.random() * ((max - min) + 1))) + min): Text '15.0' is set on object 'Object Repository/MOH AND GRN/Page_KDMC - CMS/input_txtmrp'

2018-05-11 10:45:44 - [MESSAGE][PASSED] - Text '15.0' is set on object 'Object Repository/MOH AND GRN/Page_KDMC - CMS/input_txtmrp'

2018-05-11 10:45:44 - [TEST_STEP][PASSED] - setText: Finding Test Object with id 'Object Repository/MOH AND GRN/Page_KDMC - CMS/input_txtdeal'

2018-05-11 10:45:44 - [TEST_STEP][PASSED] - Statement - switch (id): Finding Test Object with id 'Object Repository/MOH AND GRN/Page_KDMC - CMS/input_txtbatchno'

2018-05-11 10:45:44 - [TEST_STEP][PASSED] - Statement - case 5:: Text '12.0' is set on object 'Object Repository/MOH AND GRN/Page_KDMC - CMS/input_txtdeal'

2018-05-11 10:45:44 - [TEST_STEP][PASSED] - Statement - return (java.lang.Math.floor((java.lang.Math.random() * ((max - min) + 1))) + min): Text '12.0' is set on object 'Object Repository/MOH AND GRN/Page_KDMC - CMS/input_txtdeal'

2018-05-11 10:45:44 - [MESSAGE][PASSED] - Text '12.0' is set on object 'Object Repository/MOH AND GRN/Page_KDMC - CMS/input_txtdeal'

2018-05-11 10:45:44 - [TEST_STEP][PASSED] - setText: Finding Test Object with id 'Object Repository/MOH AND GRN/Page_KDMC - CMS/input_txtbatchno'

2018-05-11 10:45:44 - [TEST_STEP][PASSED] - Statement - switch (id): Finding Test Object with id 'Object Repository/MOH AND GRN/Page_KDMC - CMS/input_txtmrp'

2018-05-11 10:45:44 - [TEST_STEP][PASSED] - Statement - case 1:: Text 'BA736.0' is set on object 'Object Repository/MOH AND GRN/Page_KDMC - CMS/input_txtbatchno'

2018-05-11 10:45:44 - [TEST_STEP][PASSED] - Statement - return (java.lang.Math.floor((java.lang.Math.random() * ((max - min) + 1))) + min): Text 'BA736.0' is set on object 'Object Repository/MOH AND GRN/Page_KDMC - CMS/input_txtbatchno'

2018-05-11 10:45:45 - [MESSAGE][PASSED] - Text 'BA736.0' is set on object 'Object Repository/MOH AND GRN/Page_KDMC - CMS/input_txtbatchno'

2018-05-11 10:45:45 - [TEST_STEP][PASSED] - rightClick: Object: 'Object Repository/GRN/Page_KDMC - CMS/input_txtexpdate' is right clicked on

2018-05-11 10:45:45 - [MESSAGE][PASSED] - Object: 'Object Repository/GRN/Page_KDMC - CMS/input_txtexpdate' is right clicked on

2018-05-11 10:45:45 - [TEST_STEP][PASSED] - selectOptionByIndex: All options with index in [3] are selected on object 'Object Repository/GRN/Page_KDMC - CMS/select_20182019202020212022202'

2018-05-11 10:45:45 - [MESSAGE][PASSED] - All options with index in [3] are selected on object 'Object Repository/GRN/Page_KDMC - CMS/select_20182019202020212022202'

2018-05-11 10:45:45 - [TEST_STEP][PASSED] - selectOptionByIndex: All options with index in [3] are selected on object 'Object Repository/GRN/Page_KDMC - CMS/select_JanFebMarAprMayJunJulAu'

2018-05-11 10:45:45 - [MESSAGE][PASSED] - All options with index in [3] are selected on object 'Object Repository/GRN/Page_KDMC - CMS/select_JanFebMarAprMayJunJulAu'

2018-05-11 10:45:45 - [TEST_STEP][PASSED] - click: Object: 'Object Repository/MOH AND GRN/Page_KDMC - CMS/a_12' is clicked on

2018-05-11 10:45:45 - [MESSAGE][PASSED] - Object: 'Object Repository/MOH AND GRN/Page_KDMC - CMS/a_12' is clicked on

2018-05-11 10:45:45 - [TEST_STEP][PASSED] - click: Object: 'Object Repository/MOH AND GRN/Page_KDMC - CMS/input_btnadd' is clicked on

2018-05-11 10:45:45 - [MESSAGE][PASSED] - Object: 'Object Repository/MOH AND GRN/Page_KDMC - CMS/input_btnadd' is clicked on

2018-05-11 10:45:45 - [TEST_STEP][PASSED] - Statement - If (s == 10): null

2018-05-11 10:45:45 - [TEST_STEP][PASSED] - Statement - Else: null

2018-05-11 10:45:45 - [TEST_STEP][PASSED] - Statement - (s++): null

2018-05-11 10:45:45 - [TEST_STEP][PASSED] - delay: Delayed 1 second(s)

2018-05-11 10:45:46 - [MESSAGE][PASSED] - Delayed 1 second(s)

2018-05-11 10:45:46 - [TEST_STEP][PASSED] - selectOptionByIndex: All options with index in [4] are selected on object 'Object Repository/MOH AND GRN/Page_KDMC - CMS/select_--Select--Amikacin -500'

2018-05-11 10:45:46 - [MESSAGE][PASSED] - All options with index in [4] are selected on object 'Object Repository/MOH AND GRN/Page_KDMC - CMS/select_--Select--Amikacin -500'

2018-05-11 10:45:46 - [TEST_STEP][PASSED] - setText: Text '5000' is set on object 'Object Repository/MOH AND GRN/Page_KDMC - CMS/input_txtqty'

2018-05-11 10:45:46 - [MESSAGE][PASSED] - Text '5000' is set on object 'Object Repository/MOH AND GRN/Page_KDMC - CMS/input_txtqty'

2018-05-11 10:45:46 - [TEST_STEP][PASSED] - selectOptionByIndex: All options with index in [1] are selected on object 'Object Repository/MOH AND GRN/Page_KDMC - CMS/select_--Select--No Tax0'

2018-05-11 10:45:47 - [MESSAGE][PASSED] - All options with index in [1] are selected on object 'Object Repository/MOH AND GRN/Page_KDMC - CMS/select_--Select--No Tax0'

2018-05-11 10:45:47 - [TEST_STEP][PASSED] - setText: Finding Test Object with id 'Object Repository/MOH AND GRN/Page_KDMC - CMS/input_txtmrp'

2018-05-11 10:45:47 - [TEST_STEP][PASSED] - Statement - switch (id): Finding Test Object with id 'Object Repository/MOH AND GRN/Page_KDMC - CMS/input_txtdeal'

2018-05-11 10:45:47 - [TEST_STEP][PASSED] - Statement - case 4:: Text '37.0' is set on object 'Object Repository/MOH AND GRN/Page_KDMC - CMS/input_txtmrp'

2018-05-11 10:45:47 - [TEST_STEP][PASSED] - Statement - return (java.lang.Math.floor((java.lang.Math.random() * ((max - min) + 1))) + min): Text '37.0' is set on object 'Object Repository/MOH AND GRN/Page_KDMC - CMS/input_txtmrp'

2018-05-11 10:45:47 - [MESSAGE][PASSED] - Text '37.0' is set on object 'Object Repository/MOH AND GRN/Page_KDMC - CMS/input_txtmrp'

2018-05-11 10:45:47 - [TEST_STEP][PASSED] - setText: Finding Test Object with id 'Object Repository/MOH AND GRN/Page_KDMC - CMS/input_txtdeal'

2018-05-11 10:45:47 - [TEST_STEP][PASSED] - Statement - switch (id): Finding Test Object with id 'Object Repository/MOH AND GRN/Page_KDMC - CMS/input_txtbatchno'

2018-05-11 10:45:47 - [TEST_STEP][PASSED] - Statement - case 5:: Text '4.0' is set on object 'Object Repository/MOH AND GRN/Page_KDMC - CMS/input_txtdeal'

2018-05-11 10:45:47 - [TEST_STEP][PASSED] - Statement - return (java.lang.Math.floor((java.lang.Math.random() * ((max - min) + 1))) + min): Text '4.0' is set on object 'Object Repository/MOH AND GRN/Page_KDMC - CMS/input_txtdeal'

2018-05-11 10:45:47 - [MESSAGE][PASSED] - Text '4.0' is set on object 'Object Repository/MOH AND GRN/Page_KDMC - CMS/input_txtdeal'

2018-05-11 10:45:47 - [TEST_STEP][PASSED] - setText: Finding Test Object with id 'Object Repository/MOH AND GRN/Page_KDMC - CMS/input_txtbatchno'

2018-05-11 10:45:47 - [TEST_STEP][PASSED] - Statement - switch (id): Finding Test Object with id 'Object Repository/MOH AND GRN/Page_KDMC - CMS/input_txtmrp'

2018-05-11 10:45:47 - [TEST_STEP][PASSED] - Statement - case 1:: Text 'BA999.0' is set on object 'Object Repository/MOH AND GRN/Page_KDMC - CMS/input_txtbatchno'

2018-05-11 10:45:47 - [TEST_STEP][PASSED] - Statement - return (java.lang.Math.floor((java.lang.Math.random() * ((max - min) + 1))) + min): Text 'BA999.0' is set on object 'Object Repository/MOH AND GRN/Page_KDMC - CMS/input_txtbatchno'

2018-05-11 10:45:47 - [MESSAGE][PASSED] - Text 'BA999.0' is set on object 'Object Repository/MOH AND GRN/Page_KDMC - CMS/input_txtbatchno'

2018-05-11 10:45:47 - [TEST_STEP][PASSED] - rightClick: Object: 'Object Repository/GRN/Page_KDMC - CMS/input_txtexpdate' is right clicked on

2018-05-11 10:45:47 - [MESSAGE][PASSED] - Object: 'Object Repository/GRN/Page_KDMC - CMS/input_txtexpdate' is right clicked on

2018-05-11 10:45:47 - [TEST_STEP][PASSED] - selectOptionByIndex: All options with index in [4] are selected on object 'Object Repository/GRN/Page_KDMC - CMS/select_20182019202020212022202'

2018-05-11 10:45:47 - [MESSAGE][PASSED] - All options with index in [4] are selected on object 'Object Repository/GRN/Page_KDMC - CMS/select_20182019202020212022202'

2018-05-11 10:45:47 - [TEST_STEP][PASSED] - selectOptionByIndex: All options with index in [4] are selected on object 'Object Repository/GRN/Page_KDMC - CMS/select_JanFebMarAprMayJunJulAu'

2018-05-11 10:45:47 - [MESSAGE][PASSED] - All options with index in [4] are selected on object 'Object Repository/GRN/Page_KDMC - CMS/select_JanFebMarAprMayJunJulAu'

2018-05-11 10:45:47 - [TEST_STEP][PASSED] - click: Object: 'Object Repository/MOH AND GRN/Page_KDMC - CMS/a_12' is clicked on

2018-05-11 10:45:47 - [MESSAGE][PASSED] - Object: 'Object Repository/MOH AND GRN/Page_KDMC - CMS/a_12' is clicked on

2018-05-11 10:45:47 - [TEST_STEP][PASSED] - click: Object: 'Object Repository/MOH AND GRN/Page_KDMC - CMS/input_btnadd' is clicked on

2018-05-11 10:45:47 - [MESSAGE][PASSED] - Object: 'Object Repository/MOH AND GRN/Page_KDMC - CMS/input_btnadd' is clicked on

2018-05-11 10:45:47 - [TEST_STEP][PASSED] - Statement - If (s == 10): null

2018-05-11 10:45:47 - [TEST_STEP][PASSED] - Statement - Else: null

2018-05-11 10:45:47 - [TEST_STEP][PASSED] - Statement - (s++): null

2018-05-11 10:45:47 - [TEST_STEP][PASSED] - delay: Delayed 1 second(s)

2018-05-11 10:45:48 - [MESSAGE][PASSED] - Delayed 1 second(s)

2018-05-11 10:45:48 - [TEST_STEP][PASSED] - selectOptionByIndex: All options with index in [5] are selected on object 'Object Repository/MOH AND GRN/Page_KDMC - CMS/select_--Select--Amikacin -500'

2018-05-11 10:45:49 - [MESSAGE][PASSED] - All options with index in [5] are selected on object 'Object Repository/MOH AND GRN/Page_KDMC - CMS/select_--Select--Amikacin -500'

2018-05-11 10:45:49 - [TEST_STEP][PASSED] - setText: Text '5000' is set on object 'Object Repository/MOH AND GRN/Page_KDMC - CMS/input_txtqty'

2018-05-11 10:45:49 - [MESSAGE][PASSED] - Text '5000' is set on object 'Object Repository/MOH AND GRN/Page_KDMC - CMS/input_txtqty'

2018-05-11 10:45:49 - [TEST_STEP][PASSED] - selectOptionByIndex: All options with index in [1] are selected on object 'Object Repository/MOH AND GRN/Page_KDMC - CMS/select_--Select--No Tax0'

2018-05-11 10:45:49 - [MESSAGE][PASSED] - All options with index in [1] are selected on object 'Object Repository/MOH AND GRN/Page_KDMC - CMS/select_--Select--No Tax0'

2018-05-11 10:45:49 - [TEST_STEP][PASSED] - setText: Finding Test Object with id 'Object Repository/MOH AND GRN/Page_KDMC - CMS/input_txtmrp'

2018-05-11 10:45:49 - [TEST_STEP][PASSED] - Statement - switch (id): Finding Test Object with id 'Object Repository/MOH AND GRN/Page_KDMC - CMS/input_txtdeal'

2018-05-11 10:45:49 - [TEST_STEP][PASSED] - Statement - case 4:: Text '27.0' is set on object 'Object Repository/MOH AND GRN/Page_KDMC - CMS/input_txtmrp'

2018-05-11 10:45:49 - [TEST_STEP][PASSED] - Statement - return (java.lang.Math.floor((java.lang.Math.random() * ((max - min) + 1))) + min): Text '27.0' is set on object 'Object Repository/MOH AND GRN/Page_KDMC - CMS/input_txtmrp'

2018-05-11 10:45:49 - [MESSAGE][PASSED] - Text '27.0' is set on object 'Object Repository/MOH AND GRN/Page_KDMC - CMS/input_txtmrp'

2018-05-11 10:45:49 - [TEST_STEP][PASSED] - setText: Finding Test Object with id 'Object Repository/MOH AND GRN/Page_KDMC - CMS/input_txtdeal'

2018-05-11 10:45:49 - [TEST_STEP][PASSED] - Statement - switch (id): Finding Test Object with id 'Object Repository/MOH AND GRN/Page_KDMC - CMS/input_txtbatchno'

2018-05-11 10:45:49 - [TEST_STEP][PASSED] - Statement - case 5:: Text '1.0' is set on object 'Object Repository/MOH AND GRN/Page_KDMC - CMS/input_txtdeal'

2018-05-11 10:45:49 - [TEST_STEP][PASSED] - Statement - return (java.lang.Math.floor((java.lang.Math.random() * ((max - min) + 1))) + min): Text '1.0' is set on object 'Object Repository/MOH AND GRN/Page_KDMC - CMS/input_txtdeal'

2018-05-11 10:45:49 - [MESSAGE][PASSED] - Text '1.0' is set on object 'Object Repository/MOH AND GRN/Page_KDMC - CMS/input_txtdeal'

2018-05-11 10:45:49 - [TEST_STEP][PASSED] - setText: Finding Test Object with id 'Object Repository/MOH AND GRN/Page_KDMC - CMS/input_txtbatchno'

2018-05-11 10:45:49 - [TEST_STEP][PASSED] - Statement - switch (id): Finding Test Object with id 'Object Repository/MOH AND GRN/Page_KDMC - CMS/input_txtmrp'

2018-05-11 10:45:49 - [TEST_STEP][PASSED] - Statement - case 1:: Text 'BA783.0' is set on object 'Object Repository/MOH AND GRN/Page_KDMC - CMS/input_txtbatchno'

2018-05-11 10:45:49 - [TEST_STEP][PASSED] - Statement - return (java.lang.Math.floor((java.lang.Math.random() * ((max - min) + 1))) + min): Text 'BA783.0' is set on object 'Object Repository/MOH AND GRN/Page_KDMC - CMS/input_txtbatchno'

2018-05-11 10:45:49 - [MESSAGE][PASSED] - Text 'BA783.0' is set on object 'Object Repository/MOH AND GRN/Page_KDMC - CMS/input_txtbatchno'

2018-05-11 10:45:49 - [TEST_STEP][PASSED] - rightClick: Object: 'Object Repository/GRN/Page_KDMC - CMS/input_txtexpdate' is right clicked on

2018-05-11 10:45:49 - [MESSAGE][PASSED] - Object: 'Object Repository/GRN/Page_KDMC - CMS/input_txtexpdate' is right clicked on

2018-05-11 10:45:49 - [TEST_STEP][PASSED] - selectOptionByIndex: All options with index in [5] are selected on object 'Object Repository/GRN/Page_KDMC - CMS/select_20182019202020212022202'

2018-05-11 10:45:49 - [MESSAGE][PASSED] - All options with index in [5] are selected on object 'Object Repository/GRN/Page_KDMC - CMS/select_20182019202020212022202'

2018-05-11 10:45:49 - [TEST_STEP][PASSED] - selectOptionByIndex: All options with index in [5] are selected on object 'Object Repository/GRN/Page_KDMC - CMS/select_JanFebMarAprMayJunJulAu'

2018-05-11 10:45:50 - [MESSAGE][PASSED] - All options with index in [5] are selected on object 'Object Repository/GRN/Page_KDMC - CMS/select_JanFebMarAprMayJunJulAu'

2018-05-11 10:45:50 - [TEST_STEP][PASSED] - click: Object: 'Object Repository/MOH AND GRN/Page_KDMC - CMS/a_12' is clicked on

2018-05-11 10:45:50 - [MESSAGE][PASSED] - Object: 'Object Repository/MOH AND GRN/Page_KDMC - CMS/a_12' is clicked on

2018-05-11 10:45:50 - [TEST_STEP][PASSED] - click: Object: 'Object Repository/MOH AND GRN/Page_KDMC - CMS/input_btnadd' is clicked on

2018-05-11 10:45:50 - [MESSAGE][PASSED] - Object: 'Object Repository/MOH AND GRN/Page_KDMC - CMS/input_btnadd' is clicked on

2018-05-11 10:45:50 - [TEST_STEP][PASSED] - Statement - If (s == 10): null

2018-05-11 10:45:50 - [TEST_STEP][PASSED] - Statement - Else: null

2018-05-11 10:45:50 - [TEST_STEP][PASSED] - Statement - (s++): null

2018-05-11 10:45:50 - [TEST_STEP][PASSED] - delay: Delayed 1 second(s)

2018-05-11 10:45:51 - [MESSAGE][PASSED] - Delayed 1 second(s)

2018-05-11 10:45:51 - [TEST_STEP][PASSED] - selectOptionByIndex: All options with index in [6] are selected on object 'Object Repository/MOH AND GRN/Page_KDMC - CMS/select_--Select--Amikacin -500'

2018-05-11 10:45:51 - [MESSAGE][PASSED] - All options with index in [6] are selected on object 'Object Repository/MOH AND GRN/Page_KDMC - CMS/select_--Select--Amikacin -500'

2018-05-11 10:45:51 - [TEST_STEP][PASSED] - setText: Text '5000' is set on object 'Object Repository/MOH AND GRN/Page_KDMC - CMS/input_txtqty'

2018-05-11 10:45:51 - [MESSAGE][PASSED] - Text '5000' is set on object 'Object Repository/MOH AND GRN/Page_KDMC - CMS/input_txtqty'

2018-05-11 10:45:51 - [TEST_STEP][PASSED] - selectOptionByIndex: All options with index in [1] are selected on object 'Object Repository/MOH AND GRN/Page_KDMC - CMS/select_--Select--No Tax0'

2018-05-11 10:45:51 - [MESSAGE][PASSED] - All options with index in [1] are selected on object 'Object Repository/MOH AND GRN/Page_KDMC - CMS/select_--Select--No Tax0'

2018-05-11 10:45:51 - [TEST_STEP][PASSED] - setText: Finding Test Object with id 'Object Repository/MOH AND GRN/Page_KDMC - CMS/input_txtmrp'

2018-05-11 10:45:51 - [TEST_STEP][PASSED] - Statement - switch (id): Finding Test Object with id 'Object Repository/MOH AND GRN/Page_KDMC - CMS/input_txtdeal'

2018-05-11 10:45:51 - [TEST_STEP][PASSED] - Statement - case 4:: Text '23.0' is set on object 'Object Repository/MOH AND GRN/Page_KDMC - CMS/input_txtmrp'

2018-05-11 10:45:51 - [TEST_STEP][PASSED] - Statement - return (java.lang.Math.floor((java.lang.Math.random() * ((max - min) + 1))) + min): Text '23.0' is set on object 'Object Repository/MOH AND GRN/Page_KDMC - CMS/input_txtmrp'

2018-05-11 10:45:51 - [MESSAGE][PASSED] - Text '23.0' is set on object 'Object Repository/MOH AND GRN/Page_KDMC - CMS/input_txtmrp'

2018-05-11 10:45:51 - [TEST_STEP][PASSED] - setText: Finding Test Object with id 'Object Repository/MOH AND GRN/Page_KDMC - CMS/input_txtdeal'

2018-05-11 10:45:51 - [TEST_STEP][PASSED] - Statement - switch (id): Finding Test Object with id 'Object Repository/MOH AND GRN/Page_KDMC - CMS/input_txtbatchno'

2018-05-11 10:45:51 - [TEST_STEP][PASSED] - Statement - case 5:: Text '12.0' is set on object 'Object Repository/MOH AND GRN/Page_KDMC - CMS/input_txtdeal'

2018-05-11 10:45:51 - [TEST_STEP][PASSED] - Statement - return (java.lang.Math.floor((java.lang.Math.random() * ((max - min) + 1))) + min): Text '12.0' is set on object 'Object Repository/MOH AND GRN/Page_KDMC - CMS/input_txtdeal'

2018-05-11 10:45:51 - [MESSAGE][PASSED] - Text '12.0' is set on object 'Object Repository/MOH AND GRN/Page_KDMC - CMS/input_txtdeal'

2018-05-11 10:45:51 - [TEST_STEP][PASSED] - setText: Finding Test Object with id 'Object Repository/MOH AND GRN/Page_KDMC - CMS/input_txtbatchno'

2018-05-11 10:45:51 - [TEST_STEP][PASSED] - Statement - switch (id): Finding Test Object with id 'Object Repository/MOH AND GRN/Page_KDMC - CMS/input_txtmrp'

2018-05-11 10:45:51 - [TEST_STEP][PASSED] - Statement - case 1:: Text 'BA446.0' is set on object 'Object Repository/MOH AND GRN/Page_KDMC - CMS/input_txtbatchno'

2018-05-11 10:45:51 - [TEST_STEP][PASSED] - Statement - return (java.lang.Math.floor((java.lang.Math.random() * ((max - min) + 1))) + min): Text 'BA446.0' is set on object 'Object Repository/MOH AND GRN/Page_KDMC - CMS/input_txtbatchno'

2018-05-11 10:45:51 - [MESSAGE][PASSED] - Text 'BA446.0' is set on object 'Object Repository/MOH AND GRN/Page_KDMC - CMS/input_txtbatchno'

2018-05-11 10:45:51 - [TEST_STEP][PASSED] - rightClick: Object: 'Object Repository/GRN/Page_KDMC - CMS/input_txtexpdate' is right clicked on

2018-05-11 10:45:52 - [MESSAGE][PASSED] - Object: 'Object Repository/GRN/Page_KDMC - CMS/input_txtexpdate' is right clicked on

2018-05-11 10:45:52 - [TEST_STEP][PASSED] - selectOptionByIndex: All options with index in [6] are selected on object 'Object Repository/GRN/Page_KDMC - CMS/select_20182019202020212022202'

2018-05-11 10:45:52 - [MESSAGE][PASSED] - All options with index in [6] are selected on object 'Object Repository/GRN/Page_KDMC - CMS/select_20182019202020212022202'

2018-05-11 10:45:52 - [TEST_STEP][PASSED] - selectOptionByIndex: All options with index in [6] are selected on object 'Object Repository/GRN/Page_KDMC - CMS/select_JanFebMarAprMayJunJulAu'

2018-05-11 10:45:52 - [MESSAGE][PASSED] - All options with index in [6] are selected on object 'Object Repository/GRN/Page_KDMC - CMS/select_JanFebMarAprMayJunJulAu'

2018-05-11 10:45:52 - [TEST_STEP][PASSED] - click: Object: 'Object Repository/MOH AND GRN/Page_KDMC - CMS/a_12' is clicked on

2018-05-11 10:45:52 - [MESSAGE][PASSED] - Object: 'Object Repository/MOH AND GRN/Page_KDMC - CMS/a_12' is clicked on

2018-05-11 10:45:52 - [TEST_STEP][PASSED] - click: Object: 'Object Repository/MOH AND GRN/Page_KDMC - CMS/input_btnadd' is clicked on

2018-05-11 10:45:52 - [MESSAGE][PASSED] - Object: 'Object Repository/MOH AND GRN/Page_KDMC - CMS/input_btnadd' is clicked on

2018-05-11 10:45:52 - [TEST_STEP][PASSED] - Statement - If (s == 10): null

2018-05-11 10:45:52 - [TEST_STEP][PASSED] - Statement - Else: null

2018-05-11 10:45:52 - [TEST_STEP][PASSED] - Statement - (s++): null

2018-05-11 10:45:52 - [TEST_STEP][PASSED] - delay: Delayed 1 second(s)

2018-05-11 10:45:53 - [MESSAGE][PASSED] - Delayed 1 second(s)

2018-05-11 10:45:53 - [TEST_STEP][PASSED] - selectOptionByIndex: All options with index in [7] are selected on object 'Object Repository/MOH AND GRN/Page_KDMC - CMS/select_--Select--Amikacin -500'

2018-05-11 10:45:53 - [MESSAGE][PASSED] - All options with index in [7] are selected on object 'Object Repository/MOH AND GRN/Page_KDMC - CMS/select_--Select--Amikacin -500'

2018-05-11 10:45:53 - [TEST_STEP][PASSED] - setText: Text '5000' is set on object 'Object Repository/MOH AND GRN/Page_KDMC - CMS/input_txtqty'

2018-05-11 10:45:53 - [MESSAGE][PASSED] - Text '5000' is set on object 'Object Repository/MOH AND GRN/Page_KDMC - CMS/input_txtqty'

2018-05-11 10:45:53 - [TEST_STEP][PASSED] - selectOptionByIndex: All options with index in [1] are selected on object 'Object Repository/MOH AND GRN/Page_KDMC - CMS/select_--Select--No Tax0'

2018-05-11 10:45:54 - [MESSAGE][PASSED] - All options with index in [1] are selected on object 'Object Repository/MOH AND GRN/Page_KDMC - CMS/select_--Select--No Tax0'

2018-05-11 10:45:54 - [TEST_STEP][PASSED] - setText: Finding Test Object with id 'Object Repository/MOH AND GRN/Page_KDMC - CMS/input_txtmrp'

2018-05-11 10:45:54 - [TEST_STEP][PASSED] - Statement - switch (id): Finding Test Object with id 'Object Repository/MOH AND GRN/Page_KDMC - CMS/input_txtdeal'

2018-05-11 10:45:54 - [TEST_STEP][PASSED] - Statement - case 4:: Text '38.0' is set on object 'Object Repository/MOH AND GRN/Page_KDMC - CMS/input_txtmrp'

2018-05-11 10:45:54 - [TEST_STEP][PASSED] - Statement - return (java.lang.Math.floor((java.lang.Math.random() * ((max - min) + 1))) + min): Text '38.0' is set on object 'Object Repository/MOH AND GRN/Page_KDMC - CMS/input_txtmrp'

2018-05-11 10:45:54 - [MESSAGE][PASSED] - Text '38.0' is set on object 'Object Repository/MOH AND GRN/Page_KDMC - CMS/input_txtmrp'

2018-05-11 10:45:54 - [TEST_STEP][PASSED] - setText: Finding Test Object with id 'Object Repository/MOH AND GRN/Page_KDMC - CMS/input_txtdeal'

2018-05-11 10:45:54 - [TEST_STEP][PASSED] - Statement - switch (id): Finding Test Object with id 'Object Repository/MOH AND GRN/Page_KDMC - CMS/input_txtbatchno'

2018-05-11 10:45:54 - [TEST_STEP][PASSED] - Statement - case 5:: Text '10.0' is set on object 'Object Repository/MOH AND GRN/Page_KDMC - CMS/input_txtdeal'

2018-05-11 10:45:54 - [TEST_STEP][PASSED] - Statement - return (java.lang.Math.floor((java.lang.Math.random() * ((max - min) + 1))) + min): Text '10.0' is set on object 'Object Repository/MOH AND GRN/Page_KDMC - CMS/input_txtdeal'

2018-05-11 10:45:54 - [MESSAGE][PASSED] - Text '10.0' is set on object 'Object Repository/MOH AND GRN/Page_KDMC - CMS/input_txtdeal'

2018-05-11 10:45:54 - [TEST_STEP][PASSED] - setText: Finding Test Object with id 'Object Repository/MOH AND GRN/Page_KDMC - CMS/input_txtbatchno'

2018-05-11 10:45:54 - [TEST_STEP][PASSED] - Statement - switch (id): Finding Test Object with id 'Object Repository/MOH AND GRN/Page_KDMC - CMS/input_txtmrp'

2018-05-11 10:45:54 - [TEST_STEP][PASSED] - Statement - case 1:: Text 'BA400.0' is set on object 'Object Repository/MOH AND GRN/Page_KDMC - CMS/input_txtbatchno'

2018-05-11 10:45:54 - [TEST_STEP][PASSED] - Statement - return (java.lang.Math.floor((java.lang.Math.random() * ((max - min) + 1))) + min): Text 'BA400.0' is set on object 'Object Repository/MOH AND GRN/Page_KDMC - CMS/input_txtbatchno'

2018-05-11 10:45:54 - [MESSAGE][PASSED] - Text 'BA400.0' is set on object 'Object Repository/MOH AND GRN/Page_KDMC - CMS/input_txtbatchno'

2018-05-11 10:45:54 - [TEST_STEP][PASSED] - rightClick: Object: 'Object Repository/GRN/Page_KDMC - CMS/input_txtexpdate' is right clicked on

2018-05-11 10:45:54 - [MESSAGE][PASSED] - Object: 'Object Repository/GRN/Page_KDMC - CMS/input_txtexpdate' is right clicked on

2018-05-11 10:45:54 - [TEST_STEP][PASSED] - selectOptionByIndex: All options with index in [7] are selected on object 'Object Repository/GRN/Page_KDMC - CMS/select_20182019202020212022202'

2018-05-11 10:45:54 - [MESSAGE][PASSED] - All options with index in [7] are selected on object 'Object Repository/GRN/Page_KDMC - CMS/select_20182019202020212022202'

2018-05-11 10:45:54 - [TEST_STEP][PASSED] - selectOptionByIndex: All options with index in [7] are selected on object 'Object Repository/GRN/Page_KDMC - CMS/select_JanFebMarAprMayJunJulAu'

2018-05-11 10:45:54 - [MESSAGE][PASSED] - All options with index in [7] are selected on object 'Object Repository/GRN/Page_KDMC - CMS/select_JanFebMarAprMayJunJulAu'

2018-05-11 10:45:54 - [TEST_STEP][PASSED] - click: Object: 'Object Repository/MOH AND GRN/Page_KDMC - CMS/a_12' is clicked on

2018-05-11 10:45:54 - [MESSAGE][PASSED] - Object: 'Object Repository/MOH AND GRN/Page_KDMC - CMS/a_12' is clicked on

2018-05-11 10:45:54 - [TEST_STEP][PASSED] - click: Object: 'Object Repository/MOH AND GRN/Page_KDMC - CMS/input_btnadd' is clicked on

2018-05-11 10:45:54 - [MESSAGE][PASSED] - Object: 'Object Repository/MOH AND GRN/Page_KDMC - CMS/input_btnadd' is clicked on

2018-05-11 10:45:54 - [TEST_STEP][PASSED] - Statement - If (s == 10): null

2018-05-11 10:45:54 - [TEST_STEP][PASSED] - Statement - Else: null

2018-05-11 10:45:54 - [TEST_STEP][PASSED] - Statement - (s++): null

2018-05-11 10:45:54 - [TEST_STEP][PASSED] - delay: Delayed 1 second(s)

2018-05-11 10:45:55 - [MESSAGE][PASSED] - Delayed 1 second(s)

2018-05-11 10:45:55 - [TEST_STEP][PASSED] - selectOptionByIndex: All options with index in [8] are selected on object 'Object Repository/MOH AND GRN/Page_KDMC - CMS/select_--Select--Amikacin -500'

2018-05-11 10:45:56 - [MESSAGE][PASSED] - All options with index in [8] are selected on object 'Object Repository/MOH AND GRN/Page_KDMC - CMS/select_--Select--Amikacin -500'

2018-05-11 10:45:56 - [TEST_STEP][PASSED] - setText: Text '5000' is set on object 'Object Repository/MOH AND GRN/Page_KDMC - CMS/input_txtqty'

2018-05-11 10:45:56 - [MESSAGE][PASSED] - Text '5000' is set on object 'Object Repository/MOH AND GRN/Page_KDMC - CMS/input_txtqty'

2018-05-11 10:45:56 - [TEST_STEP][PASSED] - selectOptionByIndex: All options with index in [1] are selected on object 'Object Repository/MOH AND GRN/Page_KDMC - CMS/select_--Select--No Tax0'

2018-05-11 10:45:56 - [MESSAGE][PASSED] - All options with index in [1] are selected on object 'Object Repository/MOH AND GRN/Page_KDMC - CMS/select_--Select--No Tax0'

2018-05-11 10:45:56 - [TEST_STEP][PASSED] - setText: Finding Test Object with id 'Object Repository/MOH AND GRN/Page_KDMC - CMS/input_txtmrp'

2018-05-11 10:45:56 - [TEST_STEP][PASSED] - Statement - switch (id): Finding Test Object with id 'Object Repository/MOH AND GRN/Page_KDMC - CMS/input_txtdeal'

2018-05-11 10:45:56 - [TEST_STEP][PASSED] - Statement - case 4:: Text '19.0' is set on object 'Object Repository/MOH AND GRN/Page_KDMC - CMS/input_txtmrp'

2018-05-11 10:45:56 - [TEST_STEP][PASSED] - Statement - return (java.lang.Math.floor((java.lang.Math.random() * ((max - min) + 1))) + min): Text '19.0' is set on object 'Object Repository/MOH AND GRN/Page_KDMC - CMS/input_txtmrp'

2018-05-11 10:45:56 - [MESSAGE][PASSED] - Text '19.0' is set on object 'Object Repository/MOH AND GRN/Page_KDMC - CMS/input_txtmrp'

2018-05-11 10:45:56 - [TEST_STEP][PASSED] - setText: Finding Test Object with id 'Object Repository/MOH AND GRN/Page_KDMC - CMS/input_txtdeal'

2018-05-11 10:45:56 - [TEST_STEP][PASSED] - Statement - switch (id): Finding Test Object with id 'Object Repository/MOH AND GRN/Page_KDMC - CMS/input_txtbatchno'

2018-05-11 10:45:56 - [TEST_STEP][PASSED] - Statement - case 5:: Text '5.0' is set on object 'Object Repository/MOH AND GRN/Page_KDMC - CMS/input_txtdeal'

2018-05-11 10:45:56 - [TEST_STEP][PASSED] - Statement - return (java.lang.Math.floor((java.lang.Math.random() * ((max - min) + 1))) + min): Text '5.0' is set on object 'Object Repository/MOH AND GRN/Page_KDMC - CMS/input_txtdeal'

2018-05-11 10:45:56 - [MESSAGE][PASSED] - Text '5.0' is set on object 'Object Repository/MOH AND GRN/Page_KDMC - CMS/input_txtdeal'

2018-05-11 10:45:56 - [TEST_STEP][PASSED] - setText: Finding Test Object with id 'Object Repository/MOH AND GRN/Page_KDMC - CMS/input_txtbatchno'

2018-05-11 10:45:56 - [TEST_STEP][PASSED] - Statement - switch (id): Finding Test Object with id 'Object Repository/MOH AND GRN/Page_KDMC - CMS/input_txtmrp'

2018-05-11 10:45:56 - [TEST_STEP][PASSED] - Statement - case 1:: Text 'BA647.0' is set on object 'Object Repository/MOH AND GRN/Page_KDMC - CMS/input_txtbatchno'

2018-05-11 10:45:56 - [TEST_STEP][PASSED] - Statement - return (java.lang.Math.floor((java.lang.Math.random() * ((max - min) + 1))) + min): Text 'BA647.0' is set on object 'Object Repository/MOH AND GRN/Page_KDMC - CMS/input_txtbatchno'

2018-05-11 10:45:56 - [MESSAGE][PASSED] - Text 'BA647.0' is set on object 'Object Repository/MOH AND GRN/Page_KDMC - CMS/input_txtbatchno'

2018-05-11 10:45:56 - [TEST_STEP][PASSED] - rightClick: Object: 'Object Repository/GRN/Page_KDMC - CMS/input_txtexpdate' is right clicked on

2018-05-11 10:45:56 - [MESSAGE][PASSED] - Object: 'Object Repository/GRN/Page_KDMC - CMS/input_txtexpdate' is right clicked on

2018-05-11 10:45:56 - [TEST_STEP][PASSED] - selectOptionByIndex: All options with index in [8] are selected on object 'Object Repository/GRN/Page_KDMC - CMS/select_20182019202020212022202'

2018-05-11 10:45:57 - [MESSAGE][PASSED] - All options with index in [8] are selected on object 'Object Repository/GRN/Page_KDMC - CMS/select_20182019202020212022202'

2018-05-11 10:45:57 - [TEST_STEP][PASSED] - selectOptionByIndex: All options with index in [8] are selected on object 'Object Repository/GRN/Page_KDMC - CMS/select_JanFebMarAprMayJunJulAu'

2018-05-11 10:45:57 - [MESSAGE][PASSED] - All options with index in [8] are selected on object 'Object Repository/GRN/Page_KDMC - CMS/select_JanFebMarAprMayJunJulAu'

2018-05-11 10:45:57 - [TEST_STEP][PASSED] - click: Object: 'Object Repository/MOH AND GRN/Page_KDMC - CMS/a_12' is clicked on

2018-05-11 10:45:57 - [MESSAGE][PASSED] - Object: 'Object Repository/MOH AND GRN/Page_KDMC - CMS/a_12' is clicked on

2018-05-11 10:45:57 - [TEST_STEP][PASSED] - click: Object: 'Object Repository/MOH AND GRN/Page_KDMC - CMS/input_btnadd' is clicked on

2018-05-11 10:45:57 - [MESSAGE][PASSED] - Object: 'Object Repository/MOH AND GRN/Page_KDMC - CMS/input_btnadd' is clicked on

2018-05-11 10:45:57 - [TEST_STEP][PASSED] - Statement - If (s == 10): null

2018-05-11 10:45:57 - [TEST_STEP][PASSED] - Statement - Else: null

2018-05-11 10:45:57 - [TEST_STEP][PASSED] - Statement - (s++): null

2018-05-11 10:45:57 - [TEST_STEP][PASSED] - delay: Delayed 1 second(s)

2018-05-11 10:45:58 - [MESSAGE][PASSED] - Delayed 1 second(s)

2018-05-11 10:45:58 - [TEST_STEP][PASSED] - selectOptionByIndex: All options with index in [9] are selected on object 'Object Repository/MOH AND GRN/Page_KDMC - CMS/select_--Select--Amikacin -500'

2018-05-11 10:45:58 - [MESSAGE][PASSED] - All options with index in [9] are selected on object 'Object Repository/MOH AND GRN/Page_KDMC - CMS/select_--Select--Amikacin -500'

2018-05-11 10:45:58 - [TEST_STEP][PASSED] - setText: Text '5000' is set on object 'Object Repository/MOH AND GRN/Page_KDMC - CMS/input_txtqty'

2018-05-11 10:45:58 - [MESSAGE][PASSED] - Text '5000' is set on object 'Object Repository/MOH AND GRN/Page_KDMC - CMS/input_txtqty'

2018-05-11 10:45:58 - [TEST_STEP][PASSED] - selectOptionByIndex: All options with index in [1] are selected on object 'Object Repository/MOH AND GRN/Page_KDMC - CMS/select_--Select--No Tax0'

2018-05-11 10:45:58 - [MESSAGE][PASSED] - All options with index in [1] are selected on object 'Object Repository/MOH AND GRN/Page_KDMC - CMS/select_--Select--No Tax0'

2018-05-11 10:45:58 - [TEST_STEP][PASSED] - setText: Finding Test Object with id 'Object Repository/MOH AND GRN/Page_KDMC - CMS/input_txtmrp'

2018-05-11 10:45:58 - [TEST_STEP][PASSED] - Statement - switch (id): Finding Test Object with id 'Object Repository/MOH AND GRN/Page_KDMC - CMS/input_txtdeal'

2018-05-11 10:45:58 - [TEST_STEP][PASSED] - Statement - case 4:: Text '32.0' is set on object 'Object Repository/MOH AND GRN/Page_KDMC - CMS/input_txtmrp'

2018-05-11 10:45:58 - [TEST_STEP][PASSED] - Statement - return (java.lang.Math.floor((java.lang.Math.random() * ((max - min) + 1))) + min): Text '32.0' is set on object 'Object Repository/MOH AND GRN/Page_KDMC - CMS/input_txtmrp'

2018-05-11 10:45:58 - [MESSAGE][PASSED] - Text '32.0' is set on object 'Object Repository/MOH AND GRN/Page_KDMC - CMS/input_txtmrp'

2018-05-11 10:45:58 - [TEST_STEP][PASSED] - setText: Finding Test Object with id 'Object Repository/MOH AND GRN/Page_KDMC - CMS/input_txtdeal'

2018-05-11 10:45:58 - [TEST_STEP][PASSED] - Statement - switch (id): Finding Test Object with id 'Object Repository/MOH AND GRN/Page_KDMC - CMS/input_txtbatchno'

2018-05-11 10:45:58 - [TEST_STEP][PASSED] - Statement - case 5:: Text '4.0' is set on object 'Object Repository/MOH AND GRN/Page_KDMC - CMS/input_txtdeal'

2018-05-11 10:45:58 - [TEST_STEP][PASSED] - Statement - return (java.lang.Math.floor((java.lang.Math.random() * ((max - min) + 1))) + min): Text '4.0' is set on object 'Object Repository/MOH AND GRN/Page_KDMC - CMS/input_txtdeal'

2018-05-11 10:45:59 - [MESSAGE][PASSED] - Text '4.0' is set on object 'Object Repository/MOH AND GRN/Page_KDMC - CMS/input_txtdeal'

2018-05-11 10:45:59 - [TEST_STEP][PASSED] - setText: Finding Test Object with id 'Object Repository/MOH AND GRN/Page_KDMC - CMS/input_txtbatchno'

2018-05-11 10:45:59 - [TEST_STEP][PASSED] - Statement - switch (id): Finding Test Object with id 'Object Repository/MOH AND GRN/Page_KDMC - CMS/input_txtmrp'

2018-05-11 10:45:59 - [TEST_STEP][PASSED] - Statement - case 1:: Text 'BA321.0' is set on object 'Object Repository/MOH AND GRN/Page_KDMC - CMS/input_txtbatchno'

2018-05-11 10:45:59 - [TEST_STEP][PASSED] - Statement - return (java.lang.Math.floor((java.lang.Math.random() * ((max - min) + 1))) + min): Text 'BA321.0' is set on object 'Object Repository/MOH AND GRN/Page_KDMC - CMS/input_txtbatchno'

2018-05-11 10:45:59 - [MESSAGE][PASSED] - Text 'BA321.0' is set on object 'Object Repository/MOH AND GRN/Page_KDMC - CMS/input_txtbatchno'

2018-05-11 10:45:59 - [TEST_STEP][PASSED] - rightClick: Object: 'Object Repository/GRN/Page_KDMC - CMS/input_txtexpdate' is right clicked on

2018-05-11 10:45:59 - [MESSAGE][PASSED] - Object: 'Object Repository/GRN/Page_KDMC - CMS/input_txtexpdate' is right clicked on

2018-05-11 10:45:59 - [TEST_STEP][PASSED] - selectOptionByIndex: All options with index in [9] are selected on object 'Object Repository/GRN/Page_KDMC - CMS/select_20182019202020212022202'

2018-05-11 10:45:59 - [MESSAGE][PASSED] - All options with index in [9] are selected on object 'Object Repository/GRN/Page_KDMC - CMS/select_20182019202020212022202'

2018-05-11 10:45:59 - [TEST_STEP][PASSED] - selectOptionByIndex: All options with index in [9] are selected on object 'Object Repository/GRN/Page_KDMC - CMS/select_JanFebMarAprMayJunJulAu'

2018-05-11 10:45:59 - [MESSAGE][PASSED] - All options with index in [9] are selected on object 'Object Repository/GRN/Page_KDMC - CMS/select_JanFebMarAprMayJunJulAu'

2018-05-11 10:45:59 - [TEST_STEP][PASSED] - click: Object: 'Object Repository/MOH AND GRN/Page_KDMC - CMS/a_12' is clicked on

2018-05-11 10:45:59 - [MESSAGE][PASSED] - Object: 'Object Repository/MOH AND GRN/Page_KDMC - CMS/a_12' is clicked on

2018-05-11 10:45:59 - [TEST_STEP][PASSED] - click: Object: 'Object Repository/MOH AND GRN/Page_KDMC - CMS/input_btnadd' is clicked on

2018-05-11 10:45:59 - [MESSAGE][PASSED] - Object: 'Object Repository/MOH AND GRN/Page_KDMC - CMS/input_btnadd' is clicked on

2018-05-11 10:45:59 - [TEST_STEP][PASSED] - Statement - If (s == 10): null

2018-05-11 10:45:59 - [TEST_STEP][PASSED] - Statement - Else: null

2018-05-11 10:45:59 - [TEST_STEP][PASSED] - Statement - (s++): null

2018-05-11 10:45:59 - [TEST_STEP][PASSED] - delay: Delayed 1 second(s)

2018-05-11 10:46:00 - [MESSAGE][PASSED] - Delayed 1 second(s)

2018-05-11 10:46:00 - [TEST_STEP][PASSED] - selectOptionByIndex: All options with index in [10] are selected on object 'Object Repository/MOH AND GRN/Page_KDMC - CMS/select_--Select--Amikacin -500'

2018-05-11 10:46:01 - [MESSAGE][PASSED] - All options with index in [10] are selected on object 'Object Repository/MOH AND GRN/Page_KDMC - CMS/select_--Select--Amikacin -500'

2018-05-11 10:46:01 - [TEST_STEP][PASSED] - setText: Text '5000' is set on object 'Object Repository/MOH AND GRN/Page_KDMC - CMS/input_txtqty'

2018-05-11 10:46:01 - [MESSAGE][PASSED] - Text '5000' is set on object 'Object Repository/MOH AND GRN/Page_KDMC - CMS/input_txtqty'

2018-05-11 10:46:01 - [TEST_STEP][PASSED] - selectOptionByIndex: All options with index in [1] are selected on object 'Object Repository/MOH AND GRN/Page_KDMC - CMS/select_--Select--No Tax0'

2018-05-11 10:46:01 - [MESSAGE][PASSED] - All options with index in [1] are selected on object 'Object Repository/MOH AND GRN/Page_KDMC - CMS/select_--Select--No Tax0'

2018-05-11 10:46:01 - [TEST_STEP][PASSED] - setText: Finding Test Object with id 'Object Repository/MOH AND GRN/Page_KDMC - CMS/input_txtmrp'

2018-05-11 10:46:01 - [TEST_STEP][PASSED] - Statement - switch (id): Finding Test Object with id 'Object Repository/MOH AND GRN/Page_KDMC - CMS/input_txtdeal'

2018-05-11 10:46:01 - [TEST_STEP][PASSED] - Statement - case 4:: Text '33.0' is set on object 'Object Repository/MOH AND GRN/Page_KDMC - CMS/input_txtmrp'

2018-05-11 10:46:01 - [TEST_STEP][PASSED] - Statement - return (java.lang.Math.floor((java.lang.Math.random() * ((max - min) + 1))) + min): Text '33.0' is set on object 'Object Repository/MOH AND GRN/Page_KDMC - CMS/input_txtmrp'

2018-05-11 10:46:01 - [MESSAGE][PASSED] - Text '33.0' is set on object 'Object Repository/MOH AND GRN/Page_KDMC - CMS/input_txtmrp'

2018-05-11 10:46:01 - [TEST_STEP][PASSED] - setText: Finding Test Object with id 'Object Repository/MOH AND GRN/Page_KDMC - CMS/input_txtdeal'

2018-05-11 10:46:01 - [TEST_STEP][PASSED] - Statement - switch (id): Finding Test Object with id 'Object Repository/MOH AND GRN/Page_KDMC - CMS/input_txtbatchno'

2018-05-11 10:46:01 - [TEST_STEP][PASSED] - Statement - case 5:: Text '8.0' is set on object 'Object Repository/MOH AND GRN/Page_KDMC - CMS/input_txtdeal'

2018-05-11 10:46:01 - [TEST_STEP][PASSED] - Statement - return (java.lang.Math.floor((java.lang.Math.random() * ((max - min) + 1))) + min): Text '8.0' is set on object 'Object Repository/MOH AND GRN/Page_KDMC - CMS/input_txtdeal'

2018-05-11 10:46:01 - [MESSAGE][PASSED] - Text '8.0' is set on object 'Object Repository/MOH AND GRN/Page_KDMC - CMS/input_txtdeal'

2018-05-11 10:46:01 - [TEST_STEP][PASSED] - setText: Finding Test Object with id 'Object Repository/MOH AND GRN/Page_KDMC - CMS/input_txtbatchno'

2018-05-11 10:46:01 - [TEST_STEP][PASSED] - Statement - switch (id): Finding Test Object with id 'Object Repository/MOH AND GRN/Page_KDMC - CMS/input_txtmrp'

2018-05-11 10:46:01 - [TEST_STEP][PASSED] - Statement - case 1:: Text 'BA977.0' is set on object 'Object Repository/MOH AND GRN/Page_KDMC - CMS/input_txtbatchno'

2018-05-11 10:46:01 - [TEST_STEP][PASSED] - Statement - return (java.lang.Math.floor((java.lang.Math.random() * ((max - min) + 1))) + min): Text 'BA977.0' is set on object 'Object Repository/MOH AND GRN/Page_KDMC - CMS/input_txtbatchno'

2018-05-11 10:46:01 - [MESSAGE][PASSED] - Text 'BA977.0' is set on object 'Object Repository/MOH AND GRN/Page_KDMC - CMS/input_txtbatchno'

2018-05-11 10:46:01 - [TEST_STEP][PASSED] - rightClick: Object: 'Object Repository/GRN/Page_KDMC - CMS/input_txtexpdate' is right clicked on

2018-05-11 10:46:01 - [MESSAGE][PASSED] - Object: 'Object Repository/GRN/Page_KDMC - CMS/input_txtexpdate' is right clicked on

2018-05-11 10:46:01 - [TEST_STEP][PASSED] - selectOptionByIndex: All options with index in [10] are selected on object 'Object Repository/GRN/Page_KDMC - CMS/select_20182019202020212022202'

2018-05-11 10:46:01 - [MESSAGE][PASSED] - All options with index in [10] are selected on object 'Object Repository/GRN/Page_KDMC - CMS/select_20182019202020212022202'

2018-05-11 10:46:01 - [TEST_STEP][PASSED] - selectOptionByIndex: All options with index in [10] are selected on object 'Object Repository/GRN/Page_KDMC - CMS/select_JanFebMarAprMayJunJulAu'

2018-05-11 10:46:02 - [MESSAGE][PASSED] - All options with index in [10] are selected on object 'Object Repository/GRN/Page_KDMC - CMS/select_JanFebMarAprMayJunJulAu'

2018-05-11 10:46:02 - [TEST_STEP][PASSED] - click: Object: 'Object Repository/MOH AND GRN/Page_KDMC - CMS/a_12' is clicked on

2018-05-11 10:46:02 - [MESSAGE][PASSED] - Object: 'Object Repository/MOH AND GRN/Page_KDMC - CMS/a_12' is clicked on

2018-05-11 10:46:02 - [TEST_STEP][PASSED] - click: Object: 'Object Repository/MOH AND GRN/Page_KDMC - CMS/input_btnadd' is clicked on

2018-05-11 10:46:02 - [MESSAGE][PASSED] - Object: 'Object Repository/MOH AND GRN/Page_KDMC - CMS/input_btnadd' is clicked on

2018-05-11 10:46:02 - [TEST_STEP][PASSED] - Statement - If (s == 10): null

2018-05-11 10:46:02 - [TEST_STEP][PASSED] - Statement - s = 1: null

2018-05-11 10:46:02 - [TEST_STEP][PASSED] - delay: Delayed 1 second(s)

2018-05-11 10:46:03 - [MESSAGE][PASSED] - Delayed 1 second(s)

2018-05-11 10:46:03 - [TEST_STEP][PASSED] - selectOptionByIndex: All options with index in [11] are selected on object 'Object Repository/MOH AND GRN/Page_KDMC - CMS/select_--Select--Amikacin -500'

2018-05-11 10:46:03 - [MESSAGE][PASSED] - All options with index in [11] are selected on object 'Object Repository/MOH AND GRN/Page_KDMC - CMS/select_--Select--Amikacin -500'

2018-05-11 10:46:03 - [TEST_STEP][PASSED] - setText: Text '5000' is set on object 'Object Repository/MOH AND GRN/Page_KDMC - CMS/input_txtqty'

2018-05-11 10:46:03 - [MESSAGE][PASSED] - Text '5000' is set on object 'Object Repository/MOH AND GRN/Page_KDMC - CMS/input_txtqty'

2018-05-11 10:46:03 - [TEST_STEP][PASSED] - selectOptionByIndex: All options with index in [1] are selected on object 'Object Repository/MOH AND GRN/Page_KDMC - CMS/select_--Select--No Tax0'

2018-05-11 10:46:03 - [MESSAGE][PASSED] - All options with index in [1] are selected on object 'Object Repository/MOH AND GRN/Page_KDMC - CMS/select_--Select--No Tax0'

2018-05-11 10:46:03 - [TEST_STEP][PASSED] - setText: Finding Test Object with id 'Object Repository/MOH AND GRN/Page_KDMC - CMS/input_txtmrp'

2018-05-11 10:46:03 - [TEST_STEP][PASSED] - Statement - switch (id): Finding Test Object with id 'Object Repository/MOH AND GRN/Page_KDMC - CMS/input_txtdeal'

2018-05-11 10:46:03 - [TEST_STEP][PASSED] - Statement - case 4:: Text '33.0' is set on object 'Object Repository/MOH AND GRN/Page_KDMC - CMS/input_txtmrp'

2018-05-11 10:46:03 - [TEST_STEP][PASSED] - Statement - return (java.lang.Math.floor((java.lang.Math.random() * ((max - min) + 1))) + min): Text '33.0' is set on object 'Object Repository/MOH AND GRN/Page_KDMC - CMS/input_txtmrp'

2018-05-11 10:46:03 - [MESSAGE][PASSED] - Text '33.0' is set on object 'Object Repository/MOH AND GRN/Page_KDMC - CMS/input_txtmrp'

2018-05-11 10:46:03 - [TEST_STEP][PASSED] - setText: Finding Test Object with id 'Object Repository/MOH AND GRN/Page_KDMC - CMS/input_txtdeal'

2018-05-11 10:46:03 - [TEST_STEP][PASSED] - Statement - switch (id): Finding Test Object with id 'Object Repository/MOH AND GRN/Page_KDMC - CMS/input_txtbatchno'

2018-05-11 10:46:03 - [TEST_STEP][PASSED] - Statement - case 5:: Text '6.0' is set on object 'Object Repository/MOH AND GRN/Page_KDMC - CMS/input_txtdeal'

2018-05-11 10:46:03 - [TEST_STEP][PASSED] - Statement - return (java.lang.Math.floor((java.lang.Math.random() * ((max - min) + 1))) + min): Text '6.0' is set on object 'Object Repository/MOH AND GRN/Page_KDMC - CMS/input_txtdeal'

2018-05-11 10:46:03 - [MESSAGE][PASSED] - Text '6.0' is set on object 'Object Repository/MOH AND GRN/Page_KDMC - CMS/input_txtdeal'

2018-05-11 10:46:03 - [TEST_STEP][PASSED] - setText: Finding Test Object with id 'Object Repository/MOH AND GRN/Page_KDMC - CMS/input_txtbatchno'

2018-05-11 10:46:03 - [TEST_STEP][PASSED] - Statement - switch (id): Finding Test Object with id 'Object Repository/MOH AND GRN/Page_KDMC - CMS/input_txtmrp'

2018-05-11 10:46:03 - [TEST_STEP][PASSED] - Statement - case 1:: Text 'BA547.0' is set on object 'Object Repository/MOH AND GRN/Page_KDMC - CMS/input_txtbatchno'

2018-05-11 10:46:03 - [TEST_STEP][PASSED] - Statement - return (java.lang.Math.floor((java.lang.Math.random() * ((max - min) + 1))) + min): Text 'BA547.0' is set on object 'Object Repository/MOH AND GRN/Page_KDMC - CMS/input_txtbatchno'

2018-05-11 10:46:04 - [MESSAGE][PASSED] - Text 'BA547.0' is set on object 'Object Repository/MOH AND GRN/Page_KDMC - CMS/input_txtbatchno'

2018-05-11 10:46:04 - [TEST_STEP][PASSED] - rightClick: Object: 'Object Repository/GRN/Page_KDMC - CMS/input_txtexpdate' is right clicked on

2018-05-11 10:46:04 - [MESSAGE][PASSED] - Object: 'Object Repository/GRN/Page_KDMC - CMS/input_txtexpdate' is right clicked on

2018-05-11 10:46:04 - [TEST_STEP][PASSED] - selectOptionByIndex: All options with index in [1] are selected on object 'Object Repository/GRN/Page_KDMC - CMS/select_20182019202020212022202'

2018-05-11 10:46:04 - [MESSAGE][PASSED] - All options with index in [1] are selected on object 'Object Repository/GRN/Page_KDMC - CMS/select_20182019202020212022202'

2018-05-11 10:46:04 - [TEST_STEP][PASSED] - selectOptionByIndex: All options with index in [1] are selected on object 'Object Repository/GRN/Page_KDMC - CMS/select_JanFebMarAprMayJunJulAu'

2018-05-11 10:46:04 - [MESSAGE][PASSED] - All options with index in [1] are selected on object 'Object Repository/GRN/Page_KDMC - CMS/select_JanFebMarAprMayJunJulAu'

2018-05-11 10:46:04 - [TEST_STEP][PASSED] - click: Object: 'Object Repository/MOH AND GRN/Page_KDMC - CMS/a_12' is clicked on

2018-05-11 10:46:04 - [MESSAGE][PASSED] - Object: 'Object Repository/MOH AND GRN/Page_KDMC - CMS/a_12' is clicked on

2018-05-11 10:46:04 - [TEST_STEP][PASSED] - click: Object: 'Object Repository/MOH AND GRN/Page_KDMC - CMS/input_btnadd' is clicked on

2018-05-11 10:46:04 - [MESSAGE][PASSED] - Object: 'Object Repository/MOH AND GRN/Page_KDMC - CMS/input_btnadd' is clicked on

2018-05-11 10:46:04 - [TEST_STEP][PASSED] - Statement - If (s == 10): null

2018-05-11 10:46:04 - [TEST_STEP][PASSED] - Statement - Else: null

2018-05-11 10:46:04 - [TEST_STEP][PASSED] - Statement - (s++): null

2018-05-11 10:46:04 - [TEST_STEP][PASSED] - delay: Delayed 1 second(s)

2018-05-11 10:46:05 - [MESSAGE][PASSED] - Delayed 1 second(s)

2018-05-11 10:46:05 - [TEST_STEP][PASSED] - selectOptionByIndex: All options with index in [12] are selected on object 'Object Repository/MOH AND GRN/Page_KDMC - CMS/select_--Select--Amikacin -500'

2018-05-11 10:46:05 - [MESSAGE][PASSED] - All options with index in [12] are selected on object 'Object Repository/MOH AND GRN/Page_KDMC - CMS/select_--Select--Amikacin -500'

2018-05-11 10:46:05 - [TEST_STEP][PASSED] - setText: Text '5000' is set on object 'Object Repository/MOH AND GRN/Page_KDMC - CMS/input_txtqty'

2018-05-11 10:46:05 - [MESSAGE][PASSED] - Text '5000' is set on object 'Object Repository/MOH AND GRN/Page_KDMC - CMS/input_txtqty'

2018-05-11 10:46:05 - [TEST_STEP][PASSED] - selectOptionByIndex: All options with index in [1] are selected on object 'Object Repository/MOH AND GRN/Page_KDMC - CMS/select_--Select--No Tax0'

2018-05-11 10:46:06 - [MESSAGE][PASSED] - All options with index in [1] are selected on object 'Object Repository/MOH AND GRN/Page_KDMC - CMS/select_--Select--No Tax0'

2018-05-11 10:46:06 - [TEST_STEP][PASSED] - setText: Finding Test Object with id 'Object Repository/MOH AND GRN/Page_KDMC - CMS/input_txtmrp'

2018-05-11 10:46:06 - [TEST_STEP][PASSED] - Statement - switch (id): Finding Test Object with id 'Object Repository/MOH AND GRN/Page_KDMC - CMS/input_txtdeal'

2018-05-11 10:46:06 - [TEST_STEP][PASSED] - Statement - case 4:: Text '38.0' is set on object 'Object Repository/MOH AND GRN/Page_KDMC - CMS/input_txtmrp'

2018-05-11 10:46:06 - [TEST_STEP][PASSED] - Statement - return (java.lang.Math.floor((java.lang.Math.random() * ((max - min) + 1))) + min): Text '38.0' is set on object 'Object Repository/MOH AND GRN/Page_KDMC - CMS/input_txtmrp'

2018-05-11 10:46:06 - [MESSAGE][PASSED] - Text '38.0' is set on object 'Object Repository/MOH AND GRN/Page_KDMC - CMS/input_txtmrp'

2018-05-11 10:46:06 - [TEST_STEP][PASSED] - setText: Finding Test Object with id 'Object Repository/MOH AND GRN/Page_KDMC - CMS/input_txtdeal'

2018-05-11 10:46:06 - [TEST_STEP][PASSED] - Statement - switch (id): Finding Test Object with id 'Object Repository/MOH AND GRN/Page_KDMC - CMS/input_txtbatchno'

2018-05-11 10:46:06 - [TEST_STEP][PASSED] - Statement - case 5:: Text '6.0' is set on object 'Object Repository/MOH AND GRN/Page_KDMC - CMS/input_txtdeal'

2018-05-11 10:46:06 - [TEST_STEP][PASSED] - Statement - return (java.lang.Math.floor((java.lang.Math.random() * ((max - min) + 1))) + min): Text '6.0' is set on object 'Object Repository/MOH AND GRN/Page_KDMC - CMS/input_txtdeal'

2018-05-11 10:46:06 - [MESSAGE][PASSED] - Text '6.0' is set on object 'Object Repository/MOH AND GRN/Page_KDMC - CMS/input_txtdeal'

2018-05-11 10:46:06 - [TEST_STEP][PASSED] - setText: Finding Test Object with id 'Object Repository/MOH AND GRN/Page_KDMC - CMS/input_txtbatchno'

2018-05-11 10:46:06 - [TEST_STEP][PASSED] - Statement - switch (id): Finding Test Object with id 'Object Repository/MOH AND GRN/Page_KDMC - CMS/input_txtmrp'

2018-05-11 10:46:06 - [TEST_STEP][PASSED] - Statement - case 1:: Text 'BA85.0' is set on object 'Object Repository/MOH AND GRN/Page_KDMC - CMS/input_txtbatchno'

2018-05-11 10:46:06 - [TEST_STEP][PASSED] - Statement - return (java.lang.Math.floor((java.lang.Math.random() * ((max - min) + 1))) + min): Text 'BA85.0' is set on object 'Object Repository/MOH AND GRN/Page_KDMC - CMS/input_txtbatchno'

2018-05-11 10:46:06 - [MESSAGE][PASSED] - Text 'BA85.0' is set on object 'Object Repository/MOH AND GRN/Page_KDMC - CMS/input_txtbatchno'

2018-05-11 10:46:06 - [TEST_STEP][PASSED] - rightClick: Object: 'Object Repository/GRN/Page_KDMC - CMS/input_txtexpdate' is right clicked on

2018-05-11 10:46:06 - [MESSAGE][PASSED] - Object: 'Object Repository/GRN/Page_KDMC - CMS/input_txtexpdate' is right clicked on

2018-05-11 10:46:06 - [TEST_STEP][PASSED] - selectOptionByIndex: All options with index in [2] are selected on object 'Object Repository/GRN/Page_KDMC - CMS/select_20182019202020212022202'

2018-05-11 10:46:06 - [MESSAGE][PASSED] - All options with index in [2] are selected on object 'Object Repository/GRN/Page_KDMC - CMS/select_20182019202020212022202'

2018-05-11 10:46:06 - [TEST_STEP][PASSED] - selectOptionByIndex: All options with index in [2] are selected on object 'Object Repository/GRN/Page_KDMC - CMS/select_JanFebMarAprMayJunJulAu'

2018-05-11 10:46:06 - [MESSAGE][PASSED] - All options with index in [2] are selected on object 'Object Repository/GRN/Page_KDMC - CMS/select_JanFebMarAprMayJunJulAu'

2018-05-11 10:46:06 - [TEST_STEP][PASSED] - click: Object: 'Object Repository/MOH AND GRN/Page_KDMC - CMS/a_12' is clicked on

2018-05-11 10:46:06 - [MESSAGE][PASSED] - Object: 'Object Repository/MOH AND GRN/Page_KDMC - CMS/a_12' is clicked on

2018-05-11 10:46:06 - [TEST_STEP][PASSED] - click: Object: 'Object Repository/MOH AND GRN/Page_KDMC - CMS/input_btnadd' is clicked on

2018-05-11 10:46:06 - [MESSAGE][PASSED] - Object: 'Object Repository/MOH AND GRN/Page_KDMC - CMS/input_btnadd' is clicked on

2018-05-11 10:46:06 - [TEST_STEP][PASSED] - Statement - If (s == 10): null

2018-05-11 10:46:06 - [TEST_STEP][PASSED] - Statement - Else: null

2018-05-11 10:46:06 - [TEST_STEP][PASSED] - Statement - (s++): null

2018-05-11 10:46:06 - [TEST_STEP][PASSED] - delay: Delayed 1 second(s)

2018-05-11 10:46:07 - [MESSAGE][PASSED] - Delayed 1 second(s)

2018-05-11 10:46:07 - [TEST_STEP][PASSED] - selectOptionByIndex: All options with index in [13] are selected on object 'Object Repository/MOH AND GRN/Page_KDMC - CMS/select_--Select--Amikacin -500'

2018-05-11 10:46:08 - [MESSAGE][PASSED] - All options with index in [13] are selected on object 'Object Repository/MOH AND GRN/Page_KDMC - CMS/select_--Select--Amikacin -500'

2018-05-11 10:46:08 - [TEST_STEP][PASSED] - setText: Text '5000' is set on object 'Object Repository/MOH AND GRN/Page_KDMC - CMS/input_txtqty'

2018-05-11 10:46:08 - [MESSAGE][PASSED] - Text '5000' is set on object 'Object Repository/MOH AND GRN/Page_KDMC - CMS/input_txtqty'

2018-05-11 10:46:08 - [TEST_STEP][PASSED] - selectOptionByIndex: All options with index in [1] are selected on object 'Object Repository/MOH AND GRN/Page_KDMC - CMS/select_--Select--No Tax0'

2018-05-11 10:46:08 - [MESSAGE][PASSED] - All options with index in [1] are selected on object 'Object Repository/MOH AND GRN/Page_KDMC - CMS/select_--Select--No Tax0'

2018-05-11 10:46:08 - [TEST_STEP][PASSED] - setText: Finding Test Object with id 'Object Repository/MOH AND GRN/Page_KDMC - CMS/input_txtmrp'

2018-05-11 10:46:08 - [TEST_STEP][PASSED] - Statement - switch (id): Finding Test Object with id 'Object Repository/MOH AND GRN/Page_KDMC - CMS/input_txtdeal'

2018-05-11 10:46:08 - [TEST_STEP][PASSED] - Statement - case 4:: Text '41.0' is set on object 'Object Repository/MOH AND GRN/Page_KDMC - CMS/input_txtmrp'

2018-05-11 10:46:08 - [TEST_STEP][PASSED] - Statement - return (java.lang.Math.floor((java.lang.Math.random() * ((max - min) + 1))) + min): Text '41.0' is set on object 'Object Repository/MOH AND GRN/Page_KDMC - CMS/input_txtmrp'

2018-05-11 10:46:08 - [MESSAGE][PASSED] - Text '41.0' is set on object 'Object Repository/MOH AND GRN/Page_KDMC - CMS/input_txtmrp'

2018-05-11 10:46:08 - [TEST_STEP][PASSED] - setText: Finding Test Object with id 'Object Repository/MOH AND GRN/Page_KDMC - CMS/input_txtdeal'

2018-05-11 10:46:08 - [TEST_STEP][PASSED] - Statement - switch (id): Finding Test Object with id 'Object Repository/MOH AND GRN/Page_KDMC - CMS/input_txtbatchno'

2018-05-11 10:46:08 - [TEST_STEP][PASSED] - Statement - case 5:: Text '6.0' is set on object 'Object Repository/MOH AND GRN/Page_KDMC - CMS/input_txtdeal'

2018-05-11 10:46:08 - [TEST_STEP][PASSED] - Statement - return (java.lang.Math.floor((java.lang.Math.random() * ((max - min) + 1))) + min): Text '6.0' is set on object 'Object Repository/MOH AND GRN/Page_KDMC - CMS/input_txtdeal'

2018-05-11 10:46:08 - [MESSAGE][PASSED] - Text '6.0' is set on object 'Object Repository/MOH AND GRN/Page_KDMC - CMS/input_txtdeal'

2018-05-11 10:46:08 - [TEST_STEP][PASSED] - setText: Finding Test Object with id 'Object Repository/MOH AND GRN/Page_KDMC - CMS/input_txtbatchno'

2018-05-11 10:46:08 - [TEST_STEP][PASSED] - Statement - switch (id): Finding Test Object with id 'Object Repository/MOH AND GRN/Page_KDMC - CMS/input_txtmrp'

2018-05-11 10:46:08 - [TEST_STEP][PASSED] - Statement - case 1:: Text 'BA55.0' is set on object 'Object Repository/MOH AND GRN/Page_KDMC - CMS/input_txtbatchno'

2018-05-11 10:46:08 - [TEST_STEP][PASSED] - Statement - return (java.lang.Math.floor((java.lang.Math.random() * ((max - min) + 1))) + min): Text 'BA55.0' is set on object 'Object Repository/MOH AND GRN/Page_KDMC - CMS/input_txtbatchno'

2018-05-11 10:46:08 - [MESSAGE][PASSED] - Text 'BA55.0' is set on object 'Object Repository/MOH AND GRN/Page_KDMC - CMS/input_txtbatchno'

2018-05-11 10:46:08 - [TEST_STEP][PASSED] - rightClick: Object: 'Object Repository/GRN/Page_KDMC - CMS/input_txtexpdate' is right clicked on

2018-05-11 10:46:08 - [MESSAGE][PASSED] - Object: 'Object Repository/GRN/Page_KDMC - CMS/input_txtexpdate' is right clicked on

2018-05-11 10:46:08 - [TEST_STEP][PASSED] - selectOptionByIndex: All options with index in [3] are selected on object 'Object Repository/GRN/Page_KDMC - CMS/select_20182019202020212022202'

2018-05-11 10:46:08 - [MESSAGE][PASSED] - All options with index in [3] are selected on object 'Object Repository/GRN/Page_KDMC - CMS/select_20182019202020212022202'

2018-05-11 10:46:08 - [TEST_STEP][PASSED] - selectOptionByIndex: All options with index in [3] are selected on object 'Object Repository/GRN/Page_KDMC - CMS/select_JanFebMarAprMayJunJulAu'

2018-05-11 10:46:09 - [MESSAGE][PASSED] - All options with index in [3] are selected on object 'Object Repository/GRN/Page_KDMC - CMS/select_JanFebMarAprMayJunJulAu'

2018-05-11 10:46:09 - [TEST_STEP][PASSED] - click: Object: 'Object Repository/MOH AND GRN/Page_KDMC - CMS/a_12' is clicked on

2018-05-11 10:46:09 - [MESSAGE][PASSED] - Object: 'Object Repository/MOH AND GRN/Page_KDMC - CMS/a_12' is clicked on

2018-05-11 10:46:09 - [TEST_STEP][PASSED] - click: Object: 'Object Repository/MOH AND GRN/Page_KDMC - CMS/input_btnadd' is clicked on

2018-05-11 10:46:09 - [MESSAGE][PASSED] - Object: 'Object Repository/MOH AND GRN/Page_KDMC - CMS/input_btnadd' is clicked on

2018-05-11 10:46:09 - [TEST_STEP][PASSED] - Statement - If (s == 10): null

2018-05-11 10:46:09 - [TEST_STEP][PASSED] - Statement - Else: null

2018-05-11 10:46:09 - [TEST_STEP][PASSED] - Statement - (s++): null

2018-05-11 10:46:09 - [TEST_STEP][PASSED] - delay: Delayed 1 second(s)

2018-05-11 10:46:10 - [MESSAGE][PASSED] - Delayed 1 second(s)

2018-05-11 10:46:10 - [TEST_STEP][PASSED] - selectOptionByIndex: All options with index in [14] are selected on object 'Object Repository/MOH AND GRN/Page_KDMC - CMS/select_--Select--Amikacin -500'

2018-05-11 10:46:10 - [MESSAGE][PASSED] - All options with index in [14] are selected on object 'Object Repository/MOH AND GRN/Page_KDMC - CMS/select_--Select--Amikacin -500'

2018-05-11 10:46:10 - [TEST_STEP][PASSED] - setText: Text '5000' is set on object 'Object Repository/MOH AND GRN/Page_KDMC - CMS/input_txtqty'

2018-05-11 10:46:10 - [MESSAGE][PASSED] - Text '5000' is set on object 'Object Repository/MOH AND GRN/Page_KDMC - CMS/input_txtqty'

2018-05-11 10:46:10 - [TEST_STEP][PASSED] - selectOptionByIndex: All options with index in [1] are selected on object 'Object Repository/MOH AND GRN/Page_KDMC - CMS/select_--Select--No Tax0'

2018-05-11 10:46:10 - [MESSAGE][PASSED] - All options with index in [1] are selected on object 'Object Repository/MOH AND GRN/Page_KDMC - CMS/select_--Select--No Tax0'

2018-05-11 10:46:10 - [TEST_STEP][PASSED] - setText: Finding Test Object with id 'Object Repository/MOH AND GRN/Page_KDMC - CMS/input_txtmrp'

2018-05-11 10:46:10 - [TEST_STEP][PASSED] - Statement - switch (id): Finding Test Object with id 'Object Repository/MOH AND GRN/Page_KDMC - CMS/input_txtdeal'

2018-05-11 10:46:10 - [TEST_STEP][PASSED] - Statement - case 4:: Text '21.0' is set on object 'Object Repository/MOH AND GRN/Page_KDMC - CMS/input_txtmrp'

2018-05-11 10:46:10 - [TEST_STEP][PASSED] - Statement - return (java.lang.Math.floor((java.lang.Math.random() * ((max - min) + 1))) + min): Text '21.0' is set on object 'Object Repository/MOH AND GRN/Page_KDMC - CMS/input_txtmrp'

2018-05-11 10:46:10 - [MESSAGE][PASSED] - Text '21.0' is set on object 'Object Repository/MOH AND GRN/Page_KDMC - CMS/input_txtmrp'

2018-05-11 10:46:10 - [TEST_STEP][PASSED] - setText: Finding Test Object with id 'Object Repository/MOH AND GRN/Page_KDMC - CMS/input_txtdeal'

2018-05-11 10:46:10 - [TEST_STEP][PASSED] - Statement - switch (id): Finding Test Object with id 'Object Repository/MOH AND GRN/Page_KDMC - CMS/input_txtbatchno'

2018-05-11 10:46:10 - [TEST_STEP][PASSED] - Statement - case 5:: Text '1.0' is set on object 'Object Repository/MOH AND GRN/Page_KDMC - CMS/input_txtdeal'

2018-05-11 10:46:10 - [TEST_STEP][PASSED] - Statement - return (java.lang.Math.floor((java.lang.Math.random() * ((max - min) + 1))) + min): Text '1.0' is set on object 'Object Repository/MOH AND GRN/Page_KDMC - CMS/input_txtdeal'

2018-05-11 10:46:10 - [MESSAGE][PASSED] - Text '1.0' is set on object 'Object Repository/MOH AND GRN/Page_KDMC - CMS/input_txtdeal'

2018-05-11 10:46:10 - [TEST_STEP][PASSED] - setText: Finding Test Object with id 'Object Repository/MOH AND GRN/Page_KDMC - CMS/input_txtbatchno'

2018-05-11 10:46:10 - [TEST_STEP][PASSED] - Statement - switch (id): Finding Test Object with id 'Object Repository/MOH AND GRN/Page_KDMC - CMS/input_txtmrp'

2018-05-11 10:46:10 - [TEST_STEP][PASSED] - Statement - case 1:: Text 'BA766.0' is set on object 'Object Repository/MOH AND GRN/Page_KDMC - CMS/input_txtbatchno'

2018-05-11 10:46:10 - [TEST_STEP][PASSED] - Statement - return (java.lang.Math.floor((java.lang.Math.random() * ((max - min) + 1))) + min): Text 'BA766.0' is set on object 'Object Repository/MOH AND GRN/Page_KDMC - CMS/input_txtbatchno'

2018-05-11 10:46:10 - [MESSAGE][PASSED] - Text 'BA766.0' is set on object 'Object Repository/MOH AND GRN/Page_KDMC - CMS/input_txtbatchno'

2018-05-11 10:46:10 - [TEST_STEP][PASSED] - rightClick: Object: 'Object Repository/GRN/Page_KDMC - CMS/input_txtexpdate' is right clicked on

2018-05-11 10:46:11 - [MESSAGE][PASSED] - Object: 'Object Repository/GRN/Page_KDMC - CMS/input_txtexpdate' is right clicked on

2018-05-11 10:46:11 - [TEST_STEP][PASSED] - selectOptionByIndex: All options with index in [4] are selected on object 'Object Repository/GRN/Page_KDMC - CMS/select_20182019202020212022202'

2018-05-11 10:46:11 - [MESSAGE][PASSED] - All options with index in [4] are selected on object 'Object Repository/GRN/Page_KDMC - CMS/select_20182019202020212022202'

2018-05-11 10:46:11 - [TEST_STEP][PASSED] - selectOptionByIndex: All options with index in [4] are selected on object 'Object Repository/GRN/Page_KDMC - CMS/select_JanFebMarAprMayJunJulAu'

2018-05-11 10:46:11 - [MESSAGE][PASSED] - All options with index in [4] are selected on object 'Object Repository/GRN/Page_KDMC - CMS/select_JanFebMarAprMayJunJulAu'

2018-05-11 10:46:11 - [TEST_STEP][PASSED] - click: Object: 'Object Repository/MOH AND GRN/Page_KDMC - CMS/a_12' is clicked on

2018-05-11 10:46:11 - [MESSAGE][PASSED] - Object: 'Object Repository/MOH AND GRN/Page_KDMC - CMS/a_12' is clicked on

2018-05-11 10:46:11 - [TEST_STEP][PASSED] - click: Object: 'Object Repository/MOH AND GRN/Page_KDMC - CMS/input_btnadd' is clicked on

2018-05-11 10:46:11 - [MESSAGE][PASSED] - Object: 'Object Repository/MOH AND GRN/Page_KDMC - CMS/input_btnadd' is clicked on

2018-05-11 10:46:11 - [TEST_STEP][PASSED] - Statement - If (s == 10): null

2018-05-11 10:46:11 - [TEST_STEP][PASSED] - Statement - Else: null

2018-05-11 10:46:11 - [TEST_STEP][PASSED] - Statement - (s++): null

2018-05-11 10:46:11 - [TEST_STEP][PASSED] - delay: Delayed 1 second(s)

2018-05-11 10:46:12 - [MESSAGE][PASSED] - Delayed 1 second(s)

2018-05-11 10:46:12 - [TEST_STEP][PASSED] - selectOptionByIndex: All options with index in [15] are selected on object 'Object Repository/MOH AND GRN/Page_KDMC - CMS/select_--Select--Amikacin -500'

2018-05-11 10:46:12 - [MESSAGE][PASSED] - All options with index in [15] are selected on object 'Object Repository/MOH AND GRN/Page_KDMC - CMS/select_--Select--Amikacin -500'

2018-05-11 10:46:12 - [TEST_STEP][PASSED] - setText: Text '5000' is set on object 'Object Repository/MOH AND GRN/Page_KDMC - CMS/input_txtqty'

2018-05-11 10:46:12 - [MESSAGE][PASSED] - Text '5000' is set on object 'Object Repository/MOH AND GRN/Page_KDMC - CMS/input_txtqty'

2018-05-11 10:46:12 - [TEST_STEP][PASSED] - selectOptionByIndex: All options with index in [1] are selected on object 'Object Repository/MOH AND GRN/Page_KDMC - CMS/select_--Select--No Tax0'

2018-05-11 10:46:13 - [MESSAGE][PASSED] - All options with index in [1] are selected on object 'Object Repository/MOH AND GRN/Page_KDMC - CMS/select_--Select--No Tax0'

2018-05-11 10:46:13 - [TEST_STEP][PASSED] - setText: Finding Test Object with id 'Object Repository/MOH AND GRN/Page_KDMC - CMS/input_txtmrp'

2018-05-11 10:46:13 - [TEST_STEP][PASSED] - Statement - switch (id): Finding Test Object with id 'Object Repository/MOH AND GRN/Page_KDMC - CMS/input_txtdeal'

2018-05-11 10:46:13 - [TEST_STEP][PASSED] - Statement - case 4:: Text '22.0' is set on object 'Object Repository/MOH AND GRN/Page_KDMC - CMS/input_txtmrp'

2018-05-11 10:46:13 - [TEST_STEP][PASSED] - Statement - return (java.lang.Math.floor((java.lang.Math.random() * ((max - min) + 1))) + min): Text '22.0' is set on object 'Object Repository/MOH AND GRN/Page_KDMC - CMS/input_txtmrp'

2018-05-11 10:46:13 - [MESSAGE][PASSED] - Text '22.0' is set on object 'Object Repository/MOH AND GRN/Page_KDMC - CMS/input_txtmrp'

2018-05-11 10:46:13 - [TEST_STEP][PASSED] - setText: Finding Test Object with id 'Object Repository/MOH AND GRN/Page_KDMC - CMS/input_txtdeal'

2018-05-11 10:46:13 - [TEST_STEP][PASSED] - Statement - switch (id): Finding Test Object with id 'Object Repository/MOH AND GRN/Page_KDMC - CMS/input_txtbatchno'

2018-05-11 10:46:13 - [TEST_STEP][PASSED] - Statement - case 5:: Text '2.0' is set on object 'Object Repository/MOH AND GRN/Page_KDMC - CMS/input_txtdeal'

2018-05-11 10:46:13 - [TEST_STEP][PASSED] - Statement - return (java.lang.Math.floor((java.lang.Math.random() * ((max - min) + 1))) + min): Text '2.0' is set on object 'Object Repository/MOH AND GRN/Page_KDMC - CMS/input_txtdeal'

2018-05-11 10:46:13 - [MESSAGE][PASSED] - Text '2.0' is set on object 'Object Repository/MOH AND GRN/Page_KDMC - CMS/input_txtdeal'

2018-05-11 10:46:13 - [TEST_STEP][PASSED] - setText: Finding Test Object with id 'Object Repository/MOH AND GRN/Page_KDMC - CMS/input_txtbatchno'

2018-05-11 10:46:13 - [TEST_STEP][PASSED] - Statement - switch (id): Finding Test Object with id 'Object Repository/MOH AND GRN/Page_KDMC - CMS/input_txtmrp'

2018-05-11 10:46:13 - [TEST_STEP][PASSED] - Statement - case 1:: Text 'BA660.0' is set on object 'Object Repository/MOH AND GRN/Page_KDMC - CMS/input_txtbatchno'

2018-05-11 10:46:13 - [TEST_STEP][PASSED] - Statement - return (java.lang.Math.floor((java.lang.Math.random() * ((max - min) + 1))) + min): Text 'BA660.0' is set on object 'Object Repository/MOH AND GRN/Page_KDMC - CMS/input_txtbatchno'

2018-05-11 10:46:13 - [MESSAGE][PASSED] - Text 'BA660.0' is set on object 'Object Repository/MOH AND GRN/Page_KDMC - CMS/input_txtbatchno'

2018-05-11 10:46:13 - [TEST_STEP][PASSED] - rightClick: Object: 'Object Repository/GRN/Page_KDMC - CMS/input_txtexpdate' is right clicked on

2018-05-11 10:46:13 - [MESSAGE][PASSED] - Object: 'Object Repository/GRN/Page_KDMC - CMS/input_txtexpdate' is right clicked on

2018-05-11 10:46:13 - [TEST_STEP][PASSED] - selectOptionByIndex: All options with index in [5] are selected on object 'Object Repository/GRN/Page_KDMC - CMS/select_20182019202020212022202'

2018-05-11 10:46:13 - [MESSAGE][PASSED] - All options with index in [5] are selected on object 'Object Repository/GRN/Page_KDMC - CMS/select_20182019202020212022202'

2018-05-11 10:46:13 - [TEST_STEP][PASSED] - selectOptionByIndex: All options with index in [5] are selected on object 'Object Repository/GRN/Page_KDMC - CMS/select_JanFebMarAprMayJunJulAu'

2018-05-11 10:46:13 - [MESSAGE][PASSED] - All options with index in [5] are selected on object 'Object Repository/GRN/Page_KDMC - CMS/select_JanFebMarAprMayJunJulAu'

2018-05-11 10:46:13 - [TEST_STEP][PASSED] - click: Object: 'Object Repository/MOH AND GRN/Page_KDMC - CMS/a_12' is clicked on

2018-05-11 10:46:13 - [MESSAGE][PASSED] - Object: 'Object Repository/MOH AND GRN/Page_KDMC - CMS/a_12' is clicked on

2018-05-11 10:46:13 - [TEST_STEP][PASSED] - click: Object: 'Object Repository/MOH AND GRN/Page_KDMC - CMS/input_btnadd' is clicked on

2018-05-11 10:46:13 - [MESSAGE][PASSED] - Object: 'Object Repository/MOH AND GRN/Page_KDMC - CMS/input_btnadd' is clicked on

2018-05-11 10:46:13 - [TEST_STEP][PASSED] - Statement - If (s == 10): null

2018-05-11 10:46:13 - [TEST_STEP][PASSED] - Statement - Else: null

2018-05-11 10:46:13 - [TEST_STEP][PASSED] - Statement - (s++): null

2018-05-11 10:46:13 - [TEST_STEP][PASSED] - delay: Delayed 1 second(s)

2018-05-11 10:46:14 - [MESSAGE][PASSED] - Delayed 1 second(s)

2018-05-11 10:46:14 - [TEST_STEP][PASSED] - selectOptionByIndex: All options with index in [16] are selected on object 'Object Repository/MOH AND GRN/Page_KDMC - CMS/select_--Select--Amikacin -500'

2018-05-11 10:46:15 - [MESSAGE][PASSED] - All options with index in [16] are selected on object 'Object Repository/MOH AND GRN/Page_KDMC - CMS/select_--Select--Amikacin -500'

2018-05-11 10:46:15 - [TEST_STEP][PASSED] - setText: Text '5000' is set on object 'Object Repository/MOH AND GRN/Page_KDMC - CMS/input_txtqty'

2018-05-11 10:46:15 - [MESSAGE][PASSED] - Text '5000' is set on object 'Object Repository/MOH AND GRN/Page_KDMC - CMS/input_txtqty'

2018-05-11 10:46:15 - [TEST_STEP][PASSED] - selectOptionByIndex: All options with index in [1] are selected on object 'Object Repository/MOH AND GRN/Page_KDMC - CMS/select_--Select--No Tax0'

2018-05-11 10:46:15 - [MESSAGE][PASSED] - All options with index in [1] are selected on object 'Object Repository/MOH AND GRN/Page_KDMC - CMS/select_--Select--No Tax0'

2018-05-11 10:46:15 - [TEST_STEP][PASSED] - setText: Finding Test Object with id 'Object Repository/MOH AND GRN/Page_KDMC - CMS/input_txtmrp'

2018-05-11 10:46:15 - [TEST_STEP][PASSED] - Statement - switch (id): Finding Test Object with id 'Object Repository/MOH AND GRN/Page_KDMC - CMS/input_txtdeal'

2018-05-11 10:46:15 - [TEST_STEP][PASSED] - Statement - case 4:: Text '35.0' is set on object 'Object Repository/MOH AND GRN/Page_KDMC - CMS/input_txtmrp'

2018-05-11 10:46:15 - [TEST_STEP][PASSED] - Statement - return (java.lang.Math.floor((java.lang.Math.random() * ((max - min) + 1))) + min): Text '35.0' is set on object 'Object Repository/MOH AND GRN/Page_KDMC - CMS/input_txtmrp'

2018-05-11 10:46:15 - [MESSAGE][PASSED] - Text '35.0' is set on object 'Object Repository/MOH AND GRN/Page_KDMC - CMS/input_txtmrp'

2018-05-11 10:46:15 - [TEST_STEP][PASSED] - setText: Finding Test Object with id 'Object Repository/MOH AND GRN/Page_KDMC - CMS/input_txtdeal'

2018-05-11 10:46:15 - [TEST_STEP][PASSED] - Statement - switch (id): Finding Test Object with id 'Object Repository/MOH AND GRN/Page_KDMC - CMS/input_txtbatchno'

2018-05-11 10:46:15 - [TEST_STEP][PASSED] - Statement - case 5:: Text '8.0' is set on object 'Object Repository/MOH AND GRN/Page_KDMC - CMS/input_txtdeal'

2018-05-11 10:46:15 - [TEST_STEP][PASSED] - Statement - return (java.lang.Math.floor((java.lang.Math.random() * ((max - min) + 1))) + min): Text '8.0' is set on object 'Object Repository/MOH AND GRN/Page_KDMC - CMS/input_txtdeal'

2018-05-11 10:46:15 - [MESSAGE][PASSED] - Text '8.0' is set on object 'Object Repository/MOH AND GRN/Page_KDMC - CMS/input_txtdeal'

2018-05-11 10:46:15 - [TEST_STEP][PASSED] - setText: Finding Test Object with id 'Object Repository/MOH AND GRN/Page_KDMC - CMS/input_txtbatchno'

2018-05-11 10:46:15 - [TEST_STEP][PASSED] - Statement - switch (id): Finding Test Object with id 'Object Repository/MOH AND GRN/Page_KDMC - CMS/input_txtmrp'

2018-05-11 10:46:15 - [TEST_STEP][PASSED] - Statement - case 1:: Text 'BA958.0' is set on object 'Object Repository/MOH AND GRN/Page_KDMC - CMS/input_txtbatchno'

2018-05-11 10:46:15 - [TEST_STEP][PASSED] - Statement - return (java.lang.Math.floor((java.lang.Math.random() * ((max - min) + 1))) + min): Text 'BA958.0' is set on object 'Object Repository/MOH AND GRN/Page_KDMC - CMS/input_txtbatchno'

2018-05-11 10:46:15 - [MESSAGE][PASSED] - Text 'BA958.0' is set on object 'Object Repository/MOH AND GRN/Page_KDMC - CMS/input_txtbatchno'

2018-05-11 10:46:15 - [TEST_STEP][PASSED] - rightClick: Object: 'Object Repository/GRN/Page_KDMC - CMS/input_txtexpdate' is right clicked on

2018-05-11 10:46:15 - [MESSAGE][PASSED] - Object: 'Object Repository/GRN/Page_KDMC - CMS/input_txtexpdate' is right clicked on

2018-05-11 10:46:15 - [TEST_STEP][PASSED] - selectOptionByIndex: All options with index in [6] are selected on object 'Object Repository/GRN/Page_KDMC - CMS/select_20182019202020212022202'

2018-05-11 10:46:15 - [MESSAGE][PASSED] - All options with index in [6] are selected on object 'Object Repository/GRN/Page_KDMC - CMS/select_20182019202020212022202'

2018-05-11 10:46:15 - [TEST_STEP][PASSED] - selectOptionByIndex: All options with index in [6] are selected on object 'Object Repository/GRN/Page_KDMC - CMS/select_JanFebMarAprMayJunJulAu'

2018-05-11 10:46:16 - [MESSAGE][PASSED] - All options with index in [6] are selected on object 'Object Repository/GRN/Page_KDMC - CMS/select_JanFebMarAprMayJunJulAu'

2018-05-11 10:46:16 - [TEST_STEP][PASSED] - click: Object: 'Object Repository/MOH AND GRN/Page_KDMC - CMS/a_12' is clicked on

2018-05-11 10:46:16 - [MESSAGE][PASSED] - Object: 'Object Repository/MOH AND GRN/Page_KDMC - CMS/a_12' is clicked on

2018-05-11 10:46:16 - [TEST_STEP][PASSED] - click: Object: 'Object Repository/MOH AND GRN/Page_KDMC - CMS/input_btnadd' is clicked on

2018-05-11 10:46:16 - [MESSAGE][PASSED] - Object: 'Object Repository/MOH AND GRN/Page_KDMC - CMS/input_btnadd' is clicked on

2018-05-11 10:46:16 - [TEST_STEP][PASSED] - Statement - If (s == 10): null

2018-05-11 10:46:16 - [TEST_STEP][PASSED] - Statement - Else: null

2018-05-11 10:46:16 - [TEST_STEP][PASSED] - Statement - (s++): null

2018-05-11 10:46:16 - [TEST_STEP][PASSED] - delay: Delayed 1 second(s)

2018-05-11 10:46:17 - [MESSAGE][PASSED] - Delayed 1 second(s)

2018-05-11 10:46:17 - [TEST_STEP][PASSED] - selectOptionByIndex: All options with index in [17] are selected on object 'Object Repository/MOH AND GRN/Page_KDMC - CMS/select_--Select--Amikacin -500'

2018-05-11 10:46:17 - [MESSAGE][PASSED] - All options with index in [17] are selected on object 'Object Repository/MOH AND GRN/Page_KDMC - CMS/select_--Select--Amikacin -500'

2018-05-11 10:46:17 - [TEST_STEP][PASSED] - setText: Text '5000' is set on object 'Object Repository/MOH AND GRN/Page_KDMC - CMS/input_txtqty'

2018-05-11 10:46:17 - [MESSAGE][PASSED] - Text '5000' is set on object 'Object Repository/MOH AND GRN/Page_KDMC - CMS/input_txtqty'

2018-05-11 10:46:17 - [TEST_STEP][PASSED] - selectOptionByIndex: All options with index in [1] are selected on object 'Object Repository/MOH AND GRN/Page_KDMC - CMS/select_--Select--No Tax0'

2018-05-11 10:46:17 - [MESSAGE][PASSED] - All options with index in [1] are selected on object 'Object Repository/MOH AND GRN/Page_KDMC - CMS/select_--Select--No Tax0'

2018-05-11 10:46:17 - [TEST_STEP][PASSED] - setText: Finding Test Object with id 'Object Repository/MOH AND GRN/Page_KDMC - CMS/input_txtmrp'

2018-05-11 10:46:17 - [TEST_STEP][PASSED] - Statement - switch (id): Finding Test Object with id 'Object Repository/MOH AND GRN/Page_KDMC - CMS/input_txtdeal'

2018-05-11 10:46:17 - [TEST_STEP][PASSED] - Statement - case 4:: Text '24.0' is set on object 'Object Repository/MOH AND GRN/Page_KDMC - CMS/input_txtmrp'

2018-05-11 10:46:17 - [TEST_STEP][PASSED] - Statement - return (java.lang.Math.floor((java.lang.Math.random() * ((max - min) + 1))) + min): Text '24.0' is set on object 'Object Repository/MOH AND GRN/Page_KDMC - CMS/input_txtmrp'

2018-05-11 10:46:18 - [MESSAGE][PASSED] - Text '24.0' is set on object 'Object Repository/MOH AND GRN/Page_KDMC - CMS/input_txtmrp'

2018-05-11 10:46:18 - [TEST_STEP][PASSED] - setText: Finding Test Object with id 'Object Repository/MOH AND GRN/Page_KDMC - CMS/input_txtdeal'

2018-05-11 10:46:18 - [TEST_STEP][PASSED] - Statement - switch (id): Finding Test Object with id 'Object Repository/MOH AND GRN/Page_KDMC - CMS/input_txtbatchno'

2018-05-11 10:46:18 - [TEST_STEP][PASSED] - Statement - case 5:: Text '3.0' is set on object 'Object Repository/MOH AND GRN/Page_KDMC - CMS/input_txtdeal'

2018-05-11 10:46:18 - [TEST_STEP][PASSED] - Statement - return (java.lang.Math.floor((java.lang.Math.random() * ((max - min) + 1))) + min): Text '3.0' is set on object 'Object Repository/MOH AND GRN/Page_KDMC - CMS/input_txtdeal'

2018-05-11 10:46:18 - [MESSAGE][PASSED] - Text '3.0' is set on object 'Object Repository/MOH AND GRN/Page_KDMC - CMS/input_txtdeal'

2018-05-11 10:46:18 - [TEST_STEP][PASSED] - setText: Finding Test Object with id 'Object Repository/MOH AND GRN/Page_KDMC - CMS/input_txtbatchno'

2018-05-11 10:46:18 - [TEST_STEP][PASSED] - Statement - switch (id): Finding Test Object with id 'Object Repository/MOH AND GRN/Page_KDMC - CMS/input_txtmrp'

2018-05-11 10:46:18 - [TEST_STEP][PASSED] - Statement - case 1:: Text 'BA954.0' is set on object 'Object Repository/MOH AND GRN/Page_KDMC - CMS/input_txtbatchno'

2018-05-11 10:46:18 - [TEST_STEP][PASSED] - Statement - return (java.lang.Math.floor((java.lang.Math.random() * ((max - min) + 1))) + min): Text 'BA954.0' is set on object 'Object Repository/MOH AND GRN/Page_KDMC - CMS/input_txtbatchno'

2018-05-11 10:46:18 - [MESSAGE][PASSED] - Text 'BA954.0' is set on object 'Object Repository/MOH AND GRN/Page_KDMC - CMS/input_txtbatchno'

2018-05-11 10:46:18 - [TEST_STEP][PASSED] - rightClick: Object: 'Object Repository/GRN/Page_KDMC - CMS/input_txtexpdate' is right clicked on

2018-05-11 10:46:18 - [MESSAGE][PASSED] - Object: 'Object Repository/GRN/Page_KDMC - CMS/input_txtexpdate' is right clicked on

2018-05-11 10:46:18 - [TEST_STEP][PASSED] - selectOptionByIndex: All options with index in [7] are selected on object 'Object Repository/GRN/Page_KDMC - CMS/select_20182019202020212022202'

2018-05-11 10:46:18 - [MESSAGE][PASSED] - All options with index in [7] are selected on object 'Object Repository/GRN/Page_KDMC - CMS/select_20182019202020212022202'

2018-05-11 10:46:18 - [TEST_STEP][PASSED] - selectOptionByIndex: All options with index in [7] are selected on object 'Object Repository/GRN/Page_KDMC - CMS/select_JanFebMarAprMayJunJulAu'

2018-05-11 10:46:18 - [MESSAGE][PASSED] - All options with index in [7] are selected on object 'Object Repository/GRN/Page_KDMC - CMS/select_JanFebMarAprMayJunJulAu'

2018-05-11 10:46:18 - [TEST_STEP][PASSED] - click: Object: 'Object Repository/MOH AND GRN/Page_KDMC - CMS/a_12' is clicked on

2018-05-11 10:46:18 - [MESSAGE][PASSED] - Object: 'Object Repository/MOH AND GRN/Page_KDMC - CMS/a_12' is clicked on

2018-05-11 10:46:18 - [TEST_STEP][PASSED] - click: Object: 'Object Repository/MOH AND GRN/Page_KDMC - CMS/input_btnadd' is clicked on

2018-05-11 10:46:18 - [MESSAGE][PASSED] - Object: 'Object Repository/MOH AND GRN/Page_KDMC - CMS/input_btnadd' is clicked on

2018-05-11 10:46:18 - [TEST_STEP][PASSED] - Statement - If (s == 10): null

2018-05-11 10:46:18 - [TEST_STEP][PASSED] - Statement - Else: null

2018-05-11 10:46:18 - [TEST_STEP][PASSED] - Statement - (s++): null

2018-05-11 10:46:18 - [TEST_STEP][PASSED] - delay: Delayed 1 second(s)

2018-05-11 10:46:19 - [MESSAGE][PASSED] - Delayed 1 second(s)

2018-05-11 10:46:19 - [TEST_STEP][PASSED] - selectOptionByIndex: All options with index in [18] are selected on object 'Object Repository/MOH AND GRN/Page_KDMC - CMS/select_--Select--Amikacin -500'

2018-05-11 10:46:20 - [MESSAGE][PASSED] - All options with index in [18] are selected on object 'Object Repository/MOH AND GRN/Page_KDMC - CMS/select_--Select--Amikacin -500'

2018-05-11 10:46:20 - [TEST_STEP][PASSED] - setText: Text '5000' is set on object 'Object Repository/MOH AND GRN/Page_KDMC - CMS/input_txtqty'

2018-05-11 10:46:20 - [MESSAGE][PASSED] - Text '5000' is set on object 'Object Repository/MOH AND GRN/Page_KDMC - CMS/input_txtqty'

2018-05-11 10:46:20 - [TEST_STEP][PASSED] - selectOptionByIndex: All options with index in [1] are selected on object 'Object Repository/MOH AND GRN/Page_KDMC - CMS/select_--Select--No Tax0'

2018-05-11 10:46:20 - [MESSAGE][PASSED] - All options with index in [1] are selected on object 'Object Repository/MOH AND GRN/Page_KDMC - CMS/select_--Select--No Tax0'

2018-05-11 10:46:20 - [TEST_STEP][PASSED] - setText: Finding Test Object with id 'Object Repository/MOH AND GRN/Page_KDMC - CMS/input_txtmrp'

2018-05-11 10:46:20 - [TEST_STEP][PASSED] - Statement - switch (id): Finding Test Object with id 'Object Repository/MOH AND GRN/Page_KDMC - CMS/input_txtdeal'

2018-05-11 10:46:20 - [TEST_STEP][PASSED] - Statement - case 4:: Text '29.0' is set on object 'Object Repository/MOH AND GRN/Page_KDMC - CMS/input_txtmrp'

2018-05-11 10:46:20 - [TEST_STEP][PASSED] - Statement - return (java.lang.Math.floor((java.lang.Math.random() * ((max - min) + 1))) + min): Text '29.0' is set on object 'Object Repository/MOH AND GRN/Page_KDMC - CMS/input_txtmrp'

2018-05-11 10:46:20 - [MESSAGE][PASSED] - Text '29.0' is set on object 'Object Repository/MOH AND GRN/Page_KDMC - CMS/input_txtmrp'

2018-05-11 10:46:20 - [TEST_STEP][PASSED] - setText: Finding Test Object with id 'Object Repository/MOH AND GRN/Page_KDMC - CMS/input_txtdeal'

2018-05-11 10:46:20 - [TEST_STEP][PASSED] - Statement - switch (id): Finding Test Object with id 'Object Repository/MOH AND GRN/Page_KDMC - CMS/input_txtbatchno'

2018-05-11 10:46:20 - [TEST_STEP][PASSED] - Statement - case 5:: Text '1.0' is set on object 'Object Repository/MOH AND GRN/Page_KDMC - CMS/input_txtdeal'

2018-05-11 10:46:20 - [TEST_STEP][PASSED] - Statement - return (java.lang.Math.floor((java.lang.Math.random() * ((max - min) + 1))) + min): Text '1.0' is set on object 'Object Repository/MOH AND GRN/Page_KDMC - CMS/input_txtdeal'

2018-05-11 10:46:20 - [MESSAGE][PASSED] - Text '1.0' is set on object 'Object Repository/MOH AND GRN/Page_KDMC - CMS/input_txtdeal'

2018-05-11 10:46:20 - [TEST_STEP][PASSED] - setText: Finding Test Object with id 'Object Repository/MOH AND GRN/Page_KDMC - CMS/input_txtbatchno'

2018-05-11 10:46:20 - [TEST_STEP][PASSED] - Statement - switch (id): Finding Test Object with id 'Object Repository/MOH AND GRN/Page_KDMC - CMS/input_txtmrp'

2018-05-11 10:46:20 - [TEST_STEP][PASSED] - Statement - case 1:: Text 'BA482.0' is set on object 'Object Repository/MOH AND GRN/Page_KDMC - CMS/input_txtbatchno'

2018-05-11 10:46:20 - [TEST_STEP][PASSED] - Statement - return (java.lang.Math.floor((java.lang.Math.random() * ((max - min) + 1))) + min): Text 'BA482.0' is set on object 'Object Repository/MOH AND GRN/Page_KDMC - CMS/input_txtbatchno'

2018-05-11 10:46:20 - [MESSAGE][PASSED] - Text 'BA482.0' is set on object 'Object Repository/MOH AND GRN/Page_KDMC - CMS/input_txtbatchno'

2018-05-11 10:46:20 - [TEST_STEP][PASSED] - rightClick: Object: 'Object Repository/GRN/Page_KDMC - CMS/input_txtexpdate' is right clicked on

2018-05-11 10:46:20 - [MESSAGE][PASSED] - Object: 'Object Repository/GRN/Page_KDMC - CMS/input_txtexpdate' is right clicked on

2018-05-11 10:46:20 - [TEST_STEP][PASSED] - selectOptionByIndex: All options with index in [8] are selected on object 'Object Repository/GRN/Page_KDMC - CMS/select_20182019202020212022202'

2018-05-11 10:46:21 - [MESSAGE][PASSED] - All options with index in [8] are selected on object 'Object Repository/GRN/Page_KDMC - CMS/select_20182019202020212022202'

2018-05-11 10:46:21 - [TEST_STEP][PASSED] - selectOptionByIndex: All options with index in [8] are selected on object 'Object Repository/GRN/Page_KDMC - CMS/select_JanFebMarAprMayJunJulAu'

2018-05-11 10:46:21 - [MESSAGE][PASSED] - All options with index in [8] are selected on object 'Object Repository/GRN/Page_KDMC - CMS/select_JanFebMarAprMayJunJulAu'

2018-05-11 10:46:21 - [TEST_STEP][PASSED] - click: Object: 'Object Repository/MOH AND GRN/Page_KDMC - CMS/a_12' is clicked on

2018-05-11 10:46:21 - [MESSAGE][PASSED] - Object: 'Object Repository/MOH AND GRN/Page_KDMC - CMS/a_12' is clicked on

2018-05-11 10:46:21 - [TEST_STEP][PASSED] - click: Object: 'Object Repository/MOH AND GRN/Page_KDMC - CMS/input_btnadd' is clicked on

2018-05-11 10:46:21 - [MESSAGE][PASSED] - Object: 'Object Repository/MOH AND GRN/Page_KDMC - CMS/input_btnadd' is clicked on

2018-05-11 10:46:21 - [TEST_STEP][PASSED] - Statement - If (s == 10): null

2018-05-11 10:46:21 - [TEST_STEP][PASSED] - Statement - Else: null

2018-05-11 10:46:21 - [TEST_STEP][PASSED] - Statement - (s++): null

2018-05-11 10:46:21 - [TEST_STEP][PASSED] - delay: Delayed 1 second(s)

2018-05-11 10:46:22 - [MESSAGE][PASSED] - Delayed 1 second(s)

2018-05-11 10:46:22 - [TEST_STEP][PASSED] - selectOptionByIndex: All options with index in [19] are selected on object 'Object Repository/MOH AND GRN/Page_KDMC - CMS/select_--Select--Amikacin -500'

2018-05-11 10:46:22 - [MESSAGE][PASSED] - All options with index in [19] are selected on object 'Object Repository/MOH AND GRN/Page_KDMC - CMS/select_--Select--Amikacin -500'

2018-05-11 10:46:22 - [TEST_STEP][PASSED] - setText: Text '5000' is set on object 'Object Repository/MOH AND GRN/Page_KDMC - CMS/input_txtqty'

2018-05-11 10:46:22 - [MESSAGE][PASSED] - Text '5000' is set on object 'Object Repository/MOH AND GRN/Page_KDMC - CMS/input_txtqty'

2018-05-11 10:46:22 - [TEST_STEP][PASSED] - selectOptionByIndex: All options with index in [1] are selected on object 'Object Repository/MOH AND GRN/Page_KDMC - CMS/select_--Select--No Tax0'

2018-05-11 10:46:22 - [MESSAGE][PASSED] - All options with index in [1] are selected on object 'Object Repository/MOH AND GRN/Page_KDMC - CMS/select_--Select--No Tax0'

2018-05-11 10:46:22 - [TEST_STEP][PASSED] - setText: Finding Test Object with id 'Object Repository/MOH AND GRN/Page_KDMC - CMS/input_txtmrp'

2018-05-11 10:46:22 - [TEST_STEP][PASSED] - Statement - switch (id): Finding Test Object with id 'Object Repository/MOH AND GRN/Page_KDMC - CMS/input_txtdeal'

2018-05-11 10:46:22 - [TEST_STEP][PASSED] - Statement - case 4:: Text '36.0' is set on object 'Object Repository/MOH AND GRN/Page_KDMC - CMS/input_txtmrp'

2018-05-11 10:46:22 - [TEST_STEP][PASSED] - Statement - return (java.lang.Math.floor((java.lang.Math.random() * ((max - min) + 1))) + min): Text '36.0' is set on object 'Object Repository/MOH AND GRN/Page_KDMC - CMS/input_txtmrp'

2018-05-11 10:46:23 - [MESSAGE][PASSED] - Text '36.0' is set on object 'Object Repository/MOH AND GRN/Page_KDMC - CMS/input_txtmrp'

2018-05-11 10:46:23 - [TEST_STEP][PASSED] - setText: Finding Test Object with id 'Object Repository/MOH AND GRN/Page_KDMC - CMS/input_txtdeal'

2018-05-11 10:46:23 - [TEST_STEP][PASSED] - Statement - switch (id): Finding Test Object with id 'Object Repository/MOH AND GRN/Page_KDMC - CMS/input_txtbatchno'

2018-05-11 10:46:23 - [TEST_STEP][PASSED] - Statement - case 5:: Text '6.0' is set on object 'Object Repository/MOH AND GRN/Page_KDMC - CMS/input_txtdeal'

2018-05-11 10:46:23 - [TEST_STEP][PASSED] - Statement - return (java.lang.Math.floor((java.lang.Math.random() * ((max - min) + 1))) + min): Text '6.0' is set on object 'Object Repository/MOH AND GRN/Page_KDMC - CMS/input_txtdeal'

2018-05-11 10:46:23 - [MESSAGE][PASSED] - Text '6.0' is set on object 'Object Repository/MOH AND GRN/Page_KDMC - CMS/input_txtdeal'

2018-05-11 10:46:23 - [TEST_STEP][PASSED] - setText: Finding Test Object with id 'Object Repository/MOH AND GRN/Page_KDMC - CMS/input_txtbatchno'

2018-05-11 10:46:23 - [TEST_STEP][PASSED] - Statement - switch (id): Finding Test Object with id 'Object Repository/MOH AND GRN/Page_KDMC - CMS/input_txtmrp'

2018-05-11 10:46:23 - [TEST_STEP][PASSED] - Statement - case 1:: Text 'BA563.0' is set on object 'Object Repository/MOH AND GRN/Page_KDMC - CMS/input_txtbatchno'

2018-05-11 10:46:23 - [TEST_STEP][PASSED] - Statement - return (java.lang.Math.floor((java.lang.Math.random() * ((max - min) + 1))) + min): Text 'BA563.0' is set on object 'Object Repository/MOH AND GRN/Page_KDMC - CMS/input_txtbatchno'

2018-05-11 10:46:23 - [MESSAGE][PASSED] - Text 'BA563.0' is set on object 'Object Repository/MOH AND GRN/Page_KDMC - CMS/input_txtbatchno'

2018-05-11 10:46:23 - [TEST_STEP][PASSED] - rightClick: Object: 'Object Repository/GRN/Page_KDMC - CMS/input_txtexpdate' is right clicked on

2018-05-11 10:46:23 - [MESSAGE][PASSED] - Object: 'Object Repository/GRN/Page_KDMC - CMS/input_txtexpdate' is right clicked on

2018-05-11 10:46:23 - [TEST_STEP][PASSED] - selectOptionByIndex: All options with index in [9] are selected on object 'Object Repository/GRN/Page_KDMC - CMS/select_20182019202020212022202'

2018-05-11 10:46:23 - [MESSAGE][PASSED] - All options with index in [9] are selected on object 'Object Repository/GRN/Page_KDMC - CMS/select_20182019202020212022202'

2018-05-11 10:46:23 - [TEST_STEP][PASSED] - selectOptionByIndex: All options with index in [9] are selected on object 'Object Repository/GRN/Page_KDMC - CMS/select_JanFebMarAprMayJunJulAu'

2018-05-11 10:46:23 - [MESSAGE][PASSED] - All options with index in [9] are selected on object 'Object Repository/GRN/Page_KDMC - CMS/select_JanFebMarAprMayJunJulAu'

2018-05-11 10:46:23 - [TEST_STEP][PASSED] - click: Object: 'Object Repository/MOH AND GRN/Page_KDMC - CMS/a_12' is clicked on

2018-05-11 10:46:23 - [MESSAGE][PASSED] - Object: 'Object Repository/MOH AND GRN/Page_KDMC - CMS/a_12' is clicked on

2018-05-11 10:46:23 - [TEST_STEP][PASSED] - click: Object: 'Object Repository/MOH AND GRN/Page_KDMC - CMS/input_btnadd' is clicked on

2018-05-11 10:46:23 - [MESSAGE][PASSED] - Object: 'Object Repository/MOH AND GRN/Page_KDMC - CMS/input_btnadd' is clicked on

2018-05-11 10:46:23 - [TEST_STEP][PASSED] - Statement - If (s == 10): null

2018-05-11 10:46:23 - [TEST_STEP][PASSED] - Statement - Else: null

2018-05-11 10:46:23 - [TEST_STEP][PASSED] - Statement - (s++): null

2018-05-11 10:46:23 - [TEST_STEP][PASSED] - delay: Delayed 1 second(s)

2018-05-11 10:46:24 - [MESSAGE][PASSED] - Delayed 1 second(s)

2018-05-11 10:46:24 - [TEST_STEP][PASSED] - selectOptionByIndex: All options with index in [20] are selected on object 'Object Repository/MOH AND GRN/Page_KDMC - CMS/select_--Select--Amikacin -500'

2018-05-11 10:46:25 - [MESSAGE][PASSED] - All options with index in [20] are selected on object 'Object Repository/MOH AND GRN/Page_KDMC - CMS/select_--Select--Amikacin -500'

2018-05-11 10:46:25 - [TEST_STEP][PASSED] - setText: Text '5000' is set on object 'Object Repository/MOH AND GRN/Page_KDMC - CMS/input_txtqty'

2018-05-11 10:46:25 - [MESSAGE][PASSED] - Text '5000' is set on object 'Object Repository/MOH AND GRN/Page_KDMC - CMS/input_txtqty'

2018-05-11 10:46:25 - [TEST_STEP][PASSED] - selectOptionByIndex: All options with index in [1] are selected on object 'Object Repository/MOH AND GRN/Page_KDMC - CMS/select_--Select--No Tax0'

2018-05-11 10:46:25 - [MESSAGE][PASSED] - All options with index in [1] are selected on object 'Object Repository/MOH AND GRN/Page_KDMC - CMS/select_--Select--No Tax0'

2018-05-11 10:46:25 - [TEST_STEP][PASSED] - setText: Finding Test Object with id 'Object Repository/MOH AND GRN/Page_KDMC - CMS/input_txtmrp'

2018-05-11 10:46:25 - [TEST_STEP][PASSED] - Statement - switch (id): Finding Test Object with id 'Object Repository/MOH AND GRN/Page_KDMC - CMS/input_txtdeal'

2018-05-11 10:46:25 - [TEST_STEP][PASSED] - Statement - case 4:: Text '36.0' is set on object 'Object Repository/MOH AND GRN/Page_KDMC - CMS/input_txtmrp'

2018-05-11 10:46:25 - [TEST_STEP][PASSED] - Statement - return (java.lang.Math.floor((java.lang.Math.random() * ((max - min) + 1))) + min): Text '36.0' is set on object 'Object Repository/MOH AND GRN/Page_KDMC - CMS/input_txtmrp'

2018-05-11 10:46:25 - [MESSAGE][PASSED] - Text '36.0' is set on object 'Object Repository/MOH AND GRN/Page_KDMC - CMS/input_txtmrp'

2018-05-11 10:46:25 - [TEST_STEP][PASSED] - setText: Finding Test Object with id 'Object Repository/MOH AND GRN/Page_KDMC - CMS/input_txtdeal'

2018-05-11 10:46:25 - [TEST_STEP][PASSED] - Statement - switch (id): Finding Test Object with id 'Object Repository/MOH AND GRN/Page_KDMC - CMS/input_txtbatchno'

2018-05-11 10:46:25 - [TEST_STEP][PASSED] - Statement - case 5:: Text '4.0' is set on object 'Object Repository/MOH AND GRN/Page_KDMC - CMS/input_txtdeal'

2018-05-11 10:46:25 - [TEST_STEP][PASSED] - Statement - return (java.lang.Math.floor((java.lang.Math.random() * ((max - min) + 1))) + min): Text '4.0' is set on object 'Object Repository/MOH AND GRN/Page_KDMC - CMS/input_txtdeal'

2018-05-11 10:46:25 - [MESSAGE][PASSED] - Text '4.0' is set on object 'Object Repository/MOH AND GRN/Page_KDMC - CMS/input_txtdeal'

2018-05-11 10:46:25 - [TEST_STEP][PASSED] - setText: Finding Test Object with id 'Object Repository/MOH AND GRN/Page_KDMC - CMS/input_txtbatchno'

2018-05-11 10:46:25 - [TEST_STEP][PASSED] - Statement - switch (id): Finding Test Object with id 'Object Repository/MOH AND GRN/Page_KDMC - CMS/input_txtmrp'

2018-05-11 10:46:25 - [TEST_STEP][PASSED] - Statement - case 1:: Text 'BA805.0' is set on object 'Object Repository/MOH AND GRN/Page_KDMC - CMS/input_txtbatchno'

2018-05-11 10:46:25 - [TEST_STEP][PASSED] - Statement - return (java.lang.Math.floor((java.lang.Math.random() * ((max - min) + 1))) + min): Text 'BA805.0' is set on object 'Object Repository/MOH AND GRN/Page_KDMC - CMS/input_txtbatchno'

2018-05-11 10:46:25 - [MESSAGE][PASSED] - Text 'BA805.0' is set on object 'Object Repository/MOH AND GRN/Page_KDMC - CMS/input_txtbatchno'

2018-05-11 10:46:25 - [TEST_STEP][PASSED] - rightClick: Object: 'Object Repository/GRN/Page_KDMC - CMS/input_txtexpdate' is right clicked on

2018-05-11 10:46:25 - [MESSAGE][PASSED] - Object: 'Object Repository/GRN/Page_KDMC - CMS/input_txtexpdate' is right clicked on

2018-05-11 10:46:25 - [TEST_STEP][PASSED] - selectOptionByIndex: All options with index in [10] are selected on object 'Object Repository/GRN/Page_KDMC - CMS/select_20182019202020212022202'

2018-05-11 10:46:26 - [MESSAGE][PASSED] - All options with index in [10] are selected on object 'Object Repository/GRN/Page_KDMC - CMS/select_20182019202020212022202'

2018-05-11 10:46:26 - [TEST_STEP][PASSED] - selectOptionByIndex: All options with index in [10] are selected on object 'Object Repository/GRN/Page_KDMC - CMS/select_JanFebMarAprMayJunJulAu'

2018-05-11 10:46:26 - [MESSAGE][PASSED] - All options with index in [10] are selected on object 'Object Repository/GRN/Page_KDMC - CMS/select_JanFebMarAprMayJunJulAu'

2018-05-11 10:46:26 - [TEST_STEP][PASSED] - click: Object: 'Object Repository/MOH AND GRN/Page_KDMC - CMS/a_12' is clicked on

2018-05-11 10:46:26 - [MESSAGE][PASSED] - Object: 'Object Repository/MOH AND GRN/Page_KDMC - CMS/a_12' is clicked on

2018-05-11 10:46:26 - [TEST_STEP][PASSED] - click: Object: 'Object Repository/MOH AND GRN/Page_KDMC - CMS/input_btnadd' is clicked on

2018-05-11 10:46:26 - [MESSAGE][PASSED] - Object: 'Object Repository/MOH AND GRN/Page_KDMC - CMS/input_btnadd' is clicked on

2018-05-11 10:46:26 - [TEST_STEP][PASSED] - Statement - If (s == 10): null

2018-05-11 10:46:26 - [TEST_STEP][PASSED] - Statement - s = 1: null

2018-05-11 10:46:26 - [TEST_STEP][PASSED] - delay: Delayed 1 second(s)

2018-05-11 10:46:27 - [MESSAGE][PASSED] - Delayed 1 second(s)

2018-05-11 10:46:27 - [TEST_STEP][PASSED] - selectOptionByIndex: All options with index in [21] are selected on object 'Object Repository/MOH AND GRN/Page_KDMC - CMS/select_--Select--Amikacin -500'

2018-05-11 10:46:27 - [MESSAGE][PASSED] - All options with index in [21] are selected on object 'Object Repository/MOH AND GRN/Page_KDMC - CMS/select_--Select--Amikacin -500'

2018-05-11 10:46:27 - [TEST_STEP][PASSED] - setText: Text '5000' is set on object 'Object Repository/MOH AND GRN/Page_KDMC - CMS/input_txtqty'

2018-05-11 10:46:27 - [MESSAGE][PASSED] - Text '5000' is set on object 'Object Repository/MOH AND GRN/Page_KDMC - CMS/input_txtqty'

2018-05-11 10:46:27 - [TEST_STEP][PASSED] - selectOptionByIndex: All options with index in [1] are selected on object 'Object Repository/MOH AND GRN/Page_KDMC - CMS/select_--Select--No Tax0'

2018-05-11 10:46:28 - [MESSAGE][PASSED] - All options with index in [1] are selected on object 'Object Repository/MOH AND GRN/Page_KDMC - CMS/select_--Select--No Tax0'

2018-05-11 10:46:28 - [TEST_STEP][PASSED] - setText: Finding Test Object with id 'Object Repository/MOH AND GRN/Page_KDMC - CMS/input_txtmrp'

2018-05-11 10:46:28 - [TEST_STEP][PASSED] - Statement - switch (id): Finding Test Object with id 'Object Repository/MOH AND GRN/Page_KDMC - CMS/input_txtdeal'

2018-05-11 10:46:28 - [TEST_STEP][PASSED] - Statement - case 4:: Text '15.0' is set on object 'Object Repository/MOH AND GRN/Page_KDMC - CMS/input_txtmrp'

2018-05-11 10:46:28 - [TEST_STEP][PASSED] - Statement - return (java.lang.Math.floor((java.lang.Math.random() * ((max - min) + 1))) + min): Text '15.0' is set on object 'Object Repository/MOH AND GRN/Page_KDMC - CMS/input_txtmrp'

2018-05-11 10:46:28 - [MESSAGE][PASSED] - Text '15.0' is set on object 'Object Repository/MOH AND GRN/Page_KDMC - CMS/input_txtmrp'

2018-05-11 10:46:28 - [TEST_STEP][PASSED] - setText: Finding Test Object with id 'Object Repository/MOH AND GRN/Page_KDMC - CMS/input_txtdeal'

2018-05-11 10:46:28 - [TEST_STEP][PASSED] - Statement - switch (id): Finding Test Object with id 'Object Repository/MOH AND GRN/Page_KDMC - CMS/input_txtbatchno'

2018-05-11 10:46:28 - [TEST_STEP][PASSED] - Statement - case 5:: Text '12.0' is set on object 'Object Repository/MOH AND GRN/Page_KDMC - CMS/input_txtdeal'

2018-05-11 10:46:28 - [TEST_STEP][PASSED] - Statement - return (java.lang.Math.floor((java.lang.Math.random() * ((max - min) + 1))) + min): Text '12.0' is set on object 'Object Repository/MOH AND GRN/Page_KDMC - CMS/input_txtdeal'

2018-05-11 10:46:28 - [MESSAGE][PASSED] - Text '12.0' is set on object 'Object Repository/MOH AND GRN/Page_KDMC - CMS/input_txtdeal'

2018-05-11 10:46:28 - [TEST_STEP][PASSED] - setText: Finding Test Object with id 'Object Repository/MOH AND GRN/Page_KDMC - CMS/input_txtbatchno'

2018-05-11 10:46:28 - [TEST_STEP][PASSED] - Statement - switch (id): Finding Test Object with id 'Object Repository/MOH AND GRN/Page_KDMC - CMS/input_txtmrp'

2018-05-11 10:46:28 - [TEST_STEP][PASSED] - Statement - case 1:: Text 'BA928.0' is set on object 'Object Repository/MOH AND GRN/Page_KDMC - CMS/input_txtbatchno'

2018-05-11 10:46:28 - [TEST_STEP][PASSED] - Statement - return (java.lang.Math.floor((java.lang.Math.random() * ((max - min) + 1))) + min): Text 'BA928.0' is set on object 'Object Repository/MOH AND GRN/Page_KDMC - CMS/input_txtbatchno'

2018-05-11 10:46:28 - [MESSAGE][PASSED] - Text 'BA928.0' is set on object 'Object Repository/MOH AND GRN/Page_KDMC - CMS/input_txtbatchno'

2018-05-11 10:46:28 - [TEST_STEP][PASSED] - rightClick: Object: 'Object Repository/GRN/Page_KDMC - CMS/input_txtexpdate' is right clicked on

2018-05-11 10:46:28 - [MESSAGE][PASSED] - Object: 'Object Repository/GRN/Page_KDMC - CMS/input_txtexpdate' is right clicked on

2018-05-11 10:46:28 - [TEST_STEP][PASSED] - selectOptionByIndex: All options with index in [1] are selected on object 'Object Repository/GRN/Page_KDMC - CMS/select_20182019202020212022202'

2018-05-11 10:46:28 - [MESSAGE][PASSED] - All options with index in [1] are selected on object 'Object Repository/GRN/Page_KDMC - CMS/select_20182019202020212022202'

2018-05-11 10:46:28 - [TEST_STEP][PASSED] - selectOptionByIndex: All options with index in [1] are selected on object 'Object Repository/GRN/Page_KDMC - CMS/select_JanFebMarAprMayJunJulAu'

2018-05-11 10:46:28 - [MESSAGE][PASSED] - All options with index in [1] are selected on object 'Object Repository/GRN/Page_KDMC - CMS/select_JanFebMarAprMayJunJulAu'

2018-05-11 10:46:28 - [TEST_STEP][PASSED] - click: Object: 'Object Repository/MOH AND GRN/Page_KDMC - CMS/a_12' is clicked on

2018-05-11 10:46:28 - [MESSAGE][PASSED] - Object: 'Object Repository/MOH AND GRN/Page_KDMC - CMS/a_12' is clicked on

2018-05-11 10:46:28 - [TEST_STEP][PASSED] - click: Object: 'Object Repository/MOH AND GRN/Page_KDMC - CMS/input_btnadd' is clicked on

2018-05-11 10:46:28 - [MESSAGE][PASSED] - Object: 'Object Repository/MOH AND GRN/Page_KDMC - CMS/input_btnadd' is clicked on

2018-05-11 10:46:28 - [TEST_STEP][PASSED] - Statement - If (s == 10): null

2018-05-11 10:46:28 - [TEST_STEP][PASSED] - Statement - Else: null

2018-05-11 10:46:28 - [TEST_STEP][PASSED] - Statement - (s++): null

2018-05-11 10:46:28 - [TEST_STEP][PASSED] - delay: Delayed 1 second(s)

2018-05-11 10:46:29 - [MESSAGE][PASSED] - Delayed 1 second(s)

2018-05-11 10:46:29 - [TEST_STEP][PASSED] - selectOptionByIndex: All options with index in [22] are selected on object 'Object Repository/MOH AND GRN/Page_KDMC - CMS/select_--Select--Amikacin -500'

2018-05-11 10:46:30 - [MESSAGE][PASSED] - All options with index in [22] are selected on object 'Object Repository/MOH AND GRN/Page_KDMC - CMS/select_--Select--Amikacin -500'

2018-05-11 10:46:30 - [TEST_STEP][PASSED] - setText: Text '5000' is set on object 'Object Repository/MOH AND GRN/Page_KDMC - CMS/input_txtqty'

2018-05-11 10:46:30 - [MESSAGE][PASSED] - Text '5000' is set on object 'Object Repository/MOH AND GRN/Page_KDMC - CMS/input_txtqty'

2018-05-11 10:46:30 - [TEST_STEP][PASSED] - selectOptionByIndex: All options with index in [1] are selected on object 'Object Repository/MOH AND GRN/Page_KDMC - CMS/select_--Select--No Tax0'

2018-05-11 10:46:30 - [MESSAGE][PASSED] - All options with index in [1] are selected on object 'Object Repository/MOH AND GRN/Page_KDMC - CMS/select_--Select--No Tax0'

2018-05-11 10:46:30 - [TEST_STEP][PASSED] - setText: Finding Test Object with id 'Object Repository/MOH AND GRN/Page_KDMC - CMS/input_txtmrp'

2018-05-11 10:46:30 - [TEST_STEP][PASSED] - Statement - switch (id): Finding Test Object with id 'Object Repository/MOH AND GRN/Page_KDMC - CMS/input_txtdeal'

2018-05-11 10:46:30 - [TEST_STEP][PASSED] - Statement - case 4:: Text '44.0' is set on object 'Object Repository/MOH AND GRN/Page_KDMC - CMS/input_txtmrp'

2018-05-11 10:46:30 - [TEST_STEP][PASSED] - Statement - return (java.lang.Math.floor((java.lang.Math.random() * ((max - min) + 1))) + min): Text '44.0' is set on object 'Object Repository/MOH AND GRN/Page_KDMC - CMS/input_txtmrp'

2018-05-11 10:46:30 - [MESSAGE][PASSED] - Text '44.0' is set on object 'Object Repository/MOH AND GRN/Page_KDMC - CMS/input_txtmrp'

2018-05-11 10:46:30 - [TEST_STEP][PASSED] - setText: Finding Test Object with id 'Object Repository/MOH AND GRN/Page_KDMC - CMS/input_txtdeal'

2018-05-11 10:46:30 - [TEST_STEP][PASSED] - Statement - switch (id): Finding Test Object with id 'Object Repository/MOH AND GRN/Page_KDMC - CMS/input_txtbatchno'

2018-05-11 10:46:30 - [TEST_STEP][PASSED] - Statement - case 5:: Text '12.0' is set on object 'Object Repository/MOH AND GRN/Page_KDMC - CMS/input_txtdeal'

2018-05-11 10:46:30 - [TEST_STEP][PASSED] - Statement - return (java.lang.Math.floor((java.lang.Math.random() * ((max - min) + 1))) + min): Text '12.0' is set on object 'Object Repository/MOH AND GRN/Page_KDMC - CMS/input_txtdeal'

2018-05-11 10:46:30 - [MESSAGE][PASSED] - Text '12.0' is set on object 'Object Repository/MOH AND GRN/Page_KDMC - CMS/input_txtdeal'

2018-05-11 10:46:30 - [TEST_STEP][PASSED] - setText: Finding Test Object with id 'Object Repository/MOH AND GRN/Page_KDMC - CMS/input_txtbatchno'

2018-05-11 10:46:30 - [TEST_STEP][PASSED] - Statement - switch (id): Finding Test Object with id 'Object Repository/MOH AND GRN/Page_KDMC - CMS/input_txtmrp'

2018-05-11 10:46:30 - [TEST_STEP][PASSED] - Statement - case 1:: Text 'BA827.0' is set on object 'Object Repository/MOH AND GRN/Page_KDMC - CMS/input_txtbatchno'

2018-05-11 10:46:30 - [TEST_STEP][PASSED] - Statement - return (java.lang.Math.floor((java.lang.Math.random() * ((max - min) + 1))) + min): Text 'BA827.0' is set on object 'Object Repository/MOH AND GRN/Page_KDMC - CMS/input_txtbatchno'

2018-05-11 10:46:30 - [MESSAGE][PASSED] - Text 'BA827.0' is set on object 'Object Repository/MOH AND GRN/Page_KDMC - CMS/input_txtbatchno'

2018-05-11 10:46:30 - [TEST_STEP][PASSED] - rightClick: Object: 'Object Repository/GRN/Page_KDMC - CMS/input_txtexpdate' is right clicked on

2018-05-11 10:46:30 - [MESSAGE][PASSED] - Object: 'Object Repository/GRN/Page_KDMC - CMS/input_txtexpdate' is right clicked on

2018-05-11 10:46:30 - [TEST_STEP][PASSED] - selectOptionByIndex: All options with index in [2] are selected on object 'Object Repository/GRN/Page_KDMC - CMS/select_20182019202020212022202'

2018-05-11 10:46:31 - [MESSAGE][PASSED] - All options with index in [2] are selected on object 'Object Repository/GRN/Page_KDMC - CMS/select_20182019202020212022202'

2018-05-11 10:46:31 - [TEST_STEP][PASSED] - selectOptionByIndex: All options with index in [2] are selected on object 'Object Repository/GRN/Page_KDMC - CMS/select_JanFebMarAprMayJunJulAu'

2018-05-11 10:46:31 - [MESSAGE][PASSED] - All options with index in [2] are selected on object 'Object Repository/GRN/Page_KDMC - CMS/select_JanFebMarAprMayJunJulAu'

2018-05-11 10:46:31 - [TEST_STEP][PASSED] - click: Object: 'Object Repository/MOH AND GRN/Page_KDMC - CMS/a_12' is clicked on

2018-05-11 10:46:31 - [MESSAGE][PASSED] - Object: 'Object Repository/MOH AND GRN/Page_KDMC - CMS/a_12' is clicked on

2018-05-11 10:46:31 - [TEST_STEP][PASSED] - click: Object: 'Object Repository/MOH AND GRN/Page_KDMC - CMS/input_btnadd' is clicked on

2018-05-11 10:46:31 - [MESSAGE][PASSED] - Object: 'Object Repository/MOH AND GRN/Page_KDMC - CMS/input_btnadd' is clicked on

2018-05-11 10:46:31 - [TEST_STEP][PASSED] - Statement - If (s == 10): null

2018-05-11 10:46:31 - [TEST_STEP][PASSED] - Statement - Else: null

2018-05-11 10:46:31 - [TEST_STEP][PASSED] - Statement - (s++): null

2018-05-11 10:46:31 - [TEST_STEP][PASSED] - delay: Delayed 1 second(s)

2018-05-11 10:46:32 - [MESSAGE][PASSED] - Delayed 1 second(s)

2018-05-11 10:46:32 - [TEST_STEP][PASSED] - selectOptionByIndex: All options with index in [23] are selected on object 'Object Repository/MOH AND GRN/Page_KDMC - CMS/select_--Select--Amikacin -500'

2018-05-11 10:46:32 - [MESSAGE][PASSED] - All options with index in [23] are selected on object 'Object Repository/MOH AND GRN/Page_KDMC - CMS/select_--Select--Amikacin -500'

2018-05-11 10:46:32 - [TEST_STEP][PASSED] - setText: Text '5000' is set on object 'Object Repository/MOH AND GRN/Page_KDMC - CMS/input_txtqty'

2018-05-11 10:46:32 - [MESSAGE][PASSED] - Text '5000' is set on object 'Object Repository/MOH AND GRN/Page_KDMC - CMS/input_txtqty'

2018-05-11 10:46:32 - [TEST_STEP][PASSED] - selectOptionByIndex: All options with index in [1] are selected on object 'Object Repository/MOH AND GRN/Page_KDMC - CMS/select_--Select--No Tax0'

2018-05-11 10:46:33 - [MESSAGE][PASSED] - All options with index in [1] are selected on object 'Object Repository/MOH AND GRN/Page_KDMC - CMS/select_--Select--No Tax0'

2018-05-11 10:46:33 - [TEST_STEP][PASSED] - setText: Finding Test Object with id 'Object Repository/MOH AND GRN/Page_KDMC - CMS/input_txtmrp'

2018-05-11 10:46:33 - [TEST_STEP][PASSED] - Statement - switch (id): Finding Test Object with id 'Object Repository/MOH AND GRN/Page_KDMC - CMS/input_txtdeal'

2018-05-11 10:46:33 - [TEST_STEP][PASSED] - Statement - case 4:: Text '34.0' is set on object 'Object Repository/MOH AND GRN/Page_KDMC - CMS/input_txtmrp'

2018-05-11 10:46:33 - [TEST_STEP][PASSED] - Statement - return (java.lang.Math.floor((java.lang.Math.random() * ((max - min) + 1))) + min): Text '34.0' is set on object 'Object Repository/MOH AND GRN/Page_KDMC - CMS/input_txtmrp'

2018-05-11 10:46:33 - [MESSAGE][PASSED] - Text '34.0' is set on object 'Object Repository/MOH AND GRN/Page_KDMC - CMS/input_txtmrp'

2018-05-11 10:46:33 - [TEST_STEP][PASSED] - setText: Finding Test Object with id 'Object Repository/MOH AND GRN/Page_KDMC - CMS/input_txtdeal'

2018-05-11 10:46:33 - [TEST_STEP][PASSED] - Statement - switch (id): Finding Test Object with id 'Object Repository/MOH AND GRN/Page_KDMC - CMS/input_txtbatchno'

2018-05-11 10:46:33 - [TEST_STEP][PASSED] - Statement - case 5:: Text '8.0' is set on object 'Object Repository/MOH AND GRN/Page_KDMC - CMS/input_txtdeal'

2018-05-11 10:46:33 - [TEST_STEP][PASSED] - Statement - return (java.lang.Math.floor((java.lang.Math.random() * ((max - min) + 1))) + min): Text '8.0' is set on object 'Object Repository/MOH AND GRN/Page_KDMC - CMS/input_txtdeal'

2018-05-11 10:46:33 - [MESSAGE][PASSED] - Text '8.0' is set on object 'Object Repository/MOH AND GRN/Page_KDMC - CMS/input_txtdeal'

2018-05-11 10:46:33 - [TEST_STEP][PASSED] - setText: Finding Test Object with id 'Object Repository/MOH AND GRN/Page_KDMC - CMS/input_txtbatchno'

2018-05-11 10:46:33 - [TEST_STEP][PASSED] - Statement - switch (id): Delayed 1 second(s)

2018-05-11 10:46:33 - [TEST_STEP][PASSED] - Statement - case 1:: Text 'BA602.0' is set on object 'Object Repository/MOH AND GRN/Page_KDMC - CMS/input_txtbatchno'

2018-05-11 10:46:33 - [TEST_STEP][PASSED] - Statement - return (java.lang.Math.floor((java.lang.Math.random() * ((max - min) + 1))) + min): Text 'BA602.0' is set on object 'Object Repository/MOH AND GRN/Page_KDMC - CMS/input_txtbatchno'

2018-05-11 10:46:33 - [MESSAGE][PASSED] - Text 'BA602.0' is set on object 'Object Repository/MOH AND GRN/Page_KDMC - CMS/input_txtbatchno'

2018-05-11 10:46:33 - [TEST_STEP][PASSED] - rightClick: Object: 'Object Repository/GRN/Page_KDMC - CMS/input_txtexpdate' is right clicked on

2018-05-11 10:46:33 - [MESSAGE][PASSED] - Object: 'Object Repository/GRN/Page_KDMC - CMS/input_txtexpdate' is right clicked on

2018-05-11 10:46:33 - [TEST_STEP][PASSED] - selectOptionByIndex: All options with index in [3] are selected on object 'Object Repository/GRN/Page_KDMC - CMS/select_20182019202020212022202'

2018-05-11 10:46:33 - [MESSAGE][PASSED] - All options with index in [3] are selected on object 'Object Repository/GRN/Page_KDMC - CMS/select_20182019202020212022202'

2018-05-11 10:46:33 - [TEST_STEP][PASSED] - selectOptionByIndex: All options with index in [3] are selected on object 'Object Repository/GRN/Page_KDMC - CMS/select_JanFebMarAprMayJunJulAu'

2018-05-11 10:46:33 - [MESSAGE][PASSED] - All options with index in [3] are selected on object 'Object Repository/GRN/Page_KDMC - CMS/select_JanFebMarAprMayJunJulAu'

2018-05-11 10:46:33 - [TEST_STEP][PASSED] - click: Object: 'Object Repository/MOH AND GRN/Page_KDMC - CMS/a_12' is clicked on

2018-05-11 10:46:33 - [MESSAGE][PASSED] - Object: 'Object Repository/MOH AND GRN/Page_KDMC - CMS/a_12' is clicked on

2018-05-11 10:46:33 - [TEST_STEP][PASSED] - click: Object: 'Object Repository/MOH AND GRN/Page_KDMC - CMS/input_btnadd' is clicked on

2018-05-11 10:46:33 - [MESSAGE][PASSED] - Object: 'Object Repository/MOH AND GRN/Page_KDMC - CMS/input_btnadd' is clicked on

2018-05-11 10:46:33 - [TEST_STEP][PASSED] - Statement - If (s == 10): null

2018-05-11 10:46:33 - [TEST_STEP][PASSED] - Statement - Else: null

2018-05-11 10:46:33 - [TEST_STEP][PASSED] - Statement - (s++): null

2018-05-11 10:46:33 - [TEST_STEP][PASSED] - delay: Delayed 1 second(s)

2018-05-11 10:46:34 - [MESSAGE][PASSED] - Delayed 1 second(s)

2018-05-11 10:46:34 - [TEST_STEP][PASSED] - scrollToElement: Scroll to object 'Object Repository/MOH AND GRN/Page_KDMC - CMS/input_btnSubmit' successfully

2018-05-11 10:46:34 - [MESSAGE][PASSED] - Scroll to object 'Object Repository/MOH AND GRN/Page_KDMC - CMS/input_btnSubmit' successfully

2018-05-11 10:46:34 - [TEST_STEP][PASSED] - click: Object: 'Object Repository/MOH AND GRN/Page_KDMC - CMS/input_btnSubmit' is clicked on

2018-05-11 10:46:35 - [MESSAGE][PASSED] - Object: 'Object Repository/MOH AND GRN/Page_KDMC - CMS/input_btnSubmit' is clicked on

2018-05-11 10:46:35 - [TEST_STEP][PASSED] - delay: Delayed 3 second(s)

2018-05-11 10:46:38 - [MESSAGE][PASSED] - Delayed 3 second(s)

2018-05-11 10:46:38 - [TEST_STEP][PASSED] - click: Object: 'Object Repository/MOH AND GRN/Page_KDMC - CMS/button_OK' is clicked on

2018-05-11 10:46:38 - [MESSAGE][PASSED] - Object: 'Object Repository/MOH AND GRN/Page_KDMC - CMS/button_OK' is clicked on

2018-05-11 10:46:38 - [TEST_STEP][PASSED] - delay: Delayed 2 second(s)

2018-05-11 10:46:40 - [MESSAGE][PASSED] - Delayed 2 second(s)

2018-05-11 10:46:40 - [TEST_STEP][PASSED] - delay: Delayed 3 second(s)

2018-05-11 10:46:43 - [MESSAGE][PASSED] - Delayed 3 second(s)

2018-05-11 10:46:43 - [TEST_STEP][PASSED] - click: Object: 'Object Repository/MOH AND GRN/Page_KDMC - CMS/a_dropdown-toggle' is clicked on

2018-05-11 10:46:43 - [MESSAGE][PASSED] - Object: 'Object Repository/MOH AND GRN/Page_KDMC - CMS/a_dropdown-toggle' is clicked on

2018-05-11 10:46:43 - [TEST_STEP][PASSED] - click: Object: 'Object Repository/MOH AND GRN/Page_KDMC - CMS/a_Sign out' is clicked on

2018-05-11 10:46:44 - [MESSAGE][PASSED] - Object: 'Object Repository/MOH AND GRN/Page_KDMC - CMS/a_Sign out' is clicked on

2018-05-11 10:46:44 - [TEST_STEP][PASSED] - closeBrowser: Browser is closed

2018-05-11 10:46:44 - [MESSAGE][PASSED] - Browser is closed]]></system-out>
         <system-err><![CDATA[]]></system-err>
      </testcase>
      <testcase name="Test Cases/MOH REQUEST AND GRN/Moh Request GRN  Schedule 8" classname="Test Cases/MOH REQUEST AND GRN/Moh Request GRN  Schedule 8" status="PASSED">
         <system-out><![CDATA[2018-05-11 10:46:44 - [TEST_CASE][PASSED] - Test Cases/MOH REQUEST AND GRN/Moh Request GRN  Schedule 8: Test Cases/MOH REQUEST AND GRN/Moh Request GRN  Schedule 8

2018-05-11 10:46:45 - [TEST_STEP][PASSED] - openBrowser: Browser is opened with url: ''

2018-05-11 10:46:47 - [MESSAGE][PASSED] - Browser is opened with url: ''

2018-05-11 10:46:47 - [TEST_STEP][PASSED] - navigateToUrl: Navigate to 'http://192.168.137.1/multihospital_new/' successfully

2018-05-11 10:46:49 - [MESSAGE][PASSED] - Navigate to 'http://192.168.137.1/multihospital_new/' successfully

2018-05-11 10:46:49 - [TEST_STEP][PASSED] - maximizeWindow: Current window maximized

2018-05-11 10:46:50 - [MESSAGE][PASSED] - Current window maximized

2018-05-11 10:46:50 - [TEST_STEP][PASSED] - click: Object: 'Object Repository/MOH AND GRN/Page_KDMC/a_CMS' is clicked on

2018-05-11 10:46:51 - [MESSAGE][PASSED] - Object: 'Object Repository/MOH AND GRN/Page_KDMC/a_CMS' is clicked on

2018-05-11 10:46:51 - [TEST_STEP][PASSED] - setText: Text 'bala' is set on object 'Object Repository/MOH AND GRN/Page_CMS login/input_txtusername'

2018-05-11 10:46:51 - [MESSAGE][PASSED] - Text 'bala' is set on object 'Object Repository/MOH AND GRN/Page_CMS login/input_txtusername'

2018-05-11 10:46:51 - [TEST_STEP][PASSED] - setText: Text '123' is set on object 'Object Repository/MOH AND GRN/Page_CMS login/input_txtpassword'

2018-05-11 10:46:51 - [MESSAGE][PASSED] - Text '123' is set on object 'Object Repository/MOH AND GRN/Page_CMS login/input_txtpassword'

2018-05-11 10:46:51 - [TEST_STEP][PASSED] - delay: Delayed 3 second(s)

2018-05-11 10:46:54 - [MESSAGE][PASSED] - Delayed 3 second(s)

2018-05-11 10:46:54 - [TEST_STEP][PASSED] - click: Object: 'Object Repository/MOH AND GRN/Page_CMS login/button_Sign in' is clicked on

2018-05-11 10:46:55 - [MESSAGE][PASSED] - Object: 'Object Repository/MOH AND GRN/Page_CMS login/button_Sign in' is clicked on

2018-05-11 10:46:55 - [TEST_STEP][PASSED] - click: Object: 'Object Repository/MOH AND GRN/Page_KDMC - CMS/a_Request to MOH' is clicked on

2018-05-11 10:46:56 - [MESSAGE][PASSED] - Object: 'Object Repository/MOH AND GRN/Page_KDMC - CMS/a_Request to MOH' is clicked on

2018-05-11 10:46:56 - [TEST_STEP][PASSED] - selectOptionByIndex: All options with index in [2] are selected on object 'Object Repository/MOH AND GRN/Page_KDMC - CMS/select_--Select--'

2018-05-11 10:46:56 - [MESSAGE][PASSED] - All options with index in [2] are selected on object 'Object Repository/MOH AND GRN/Page_KDMC - CMS/select_--Select--'

2018-05-11 10:46:56 - [TEST_STEP][PASSED] - selectOptionByIndex: All options with index in [8] are selected on object 'Object Repository/MOH AND GRN/Page_KDMC - CMS/select_--Select--Schedule 1Inj'

2018-05-11 10:46:56 - [MESSAGE][PASSED] - All options with index in [8] are selected on object 'Object Repository/MOH AND GRN/Page_KDMC - CMS/select_--Select--Schedule 1Inj'

2018-05-11 10:46:56 - [TEST_STEP][PASSED] - Statement - selectedoptions = com.kms.katalon.core.webui.keyword.WebUiBuiltInKeywords.getNumberOfTotalOption(com.kms.katalon.core.testobject.ObjectRepository.findTestObject(MOH AND GRN/Page_KDMC - CMS/select_--Select--Adernaline 0.)): 18 options of object 'Object Repository/MOH AND GRN/Page_KDMC - CMS/select_--Select--Adernaline 0.' counted

2018-05-11 10:46:56 - [MESSAGE][PASSED] - 18 options of object 'Object Repository/MOH AND GRN/Page_KDMC - CMS/select_--Select--Adernaline 0.' counted

2018-05-11 10:46:56 - [TEST_STEP][PASSED] - Statement - For ([j = 1, j <= selectedoptions - 1, (j++)]): Object: 'Object Repository/MOH AND GRN/Page_KDMC - CMS/button_Add' is clicked on

2018-05-11 10:46:56 - [TEST_STEP][PASSED] - selectOptionByIndex: All options with index in [8] are selected on object 'Object Repository/MOH AND GRN/Page_KDMC - CMS/select_--Select--Schedule 1Inj'

2018-05-11 10:46:57 - [MESSAGE][PASSED] - All options with index in [8] are selected on object 'Object Repository/MOH AND GRN/Page_KDMC - CMS/select_--Select--Schedule 1Inj'

2018-05-11 10:46:57 - [TEST_STEP][PASSED] - selectOptionByIndex: All options with index in [1] are selected on object 'Object Repository/MOH AND GRN/Page_KDMC - CMS/select_--Select--Adernaline 0.'

2018-05-11 10:46:57 - [MESSAGE][PASSED] - All options with index in [1] are selected on object 'Object Repository/MOH AND GRN/Page_KDMC - CMS/select_--Select--Adernaline 0.'

2018-05-11 10:46:57 - [TEST_STEP][PASSED] - setText: Text '5000' is set on object 'Object Repository/MOH AND GRN/Page_KDMC - CMS/input_txttreat'

2018-05-11 10:46:57 - [MESSAGE][PASSED] - Text '5000' is set on object 'Object Repository/MOH AND GRN/Page_KDMC - CMS/input_txttreat'

2018-05-11 10:46:57 - [TEST_STEP][PASSED] - click: Object: 'Object Repository/MOH AND GRN/Page_KDMC - CMS/button_Add' is clicked on

2018-05-11 10:46:57 - [MESSAGE][PASSED] - Object: 'Object Repository/MOH AND GRN/Page_KDMC - CMS/button_Add' is clicked on

2018-05-11 10:46:57 - [TEST_STEP][PASSED] - selectOptionByIndex: All options with index in [8] are selected on object 'Object Repository/MOH AND GRN/Page_KDMC - CMS/select_--Select--Schedule 1Inj'

2018-05-11 10:46:57 - [MESSAGE][PASSED] - All options with index in [8] are selected on object 'Object Repository/MOH AND GRN/Page_KDMC - CMS/select_--Select--Schedule 1Inj'

2018-05-11 10:46:57 - [TEST_STEP][PASSED] - selectOptionByIndex: All options with index in [2] are selected on object 'Object Repository/MOH AND GRN/Page_KDMC - CMS/select_--Select--Adernaline 0.'

2018-05-11 10:46:57 - [MESSAGE][PASSED] - All options with index in [2] are selected on object 'Object Repository/MOH AND GRN/Page_KDMC - CMS/select_--Select--Adernaline 0.'

2018-05-11 10:46:57 - [TEST_STEP][PASSED] - setText: Text '5000' is set on object 'Object Repository/MOH AND GRN/Page_KDMC - CMS/input_txttreat'

2018-05-11 10:46:57 - [MESSAGE][PASSED] - Text '5000' is set on object 'Object Repository/MOH AND GRN/Page_KDMC - CMS/input_txttreat'

2018-05-11 10:46:57 - [TEST_STEP][PASSED] - click: Object: 'Object Repository/MOH AND GRN/Page_KDMC - CMS/button_Add' is clicked on

2018-05-11 10:46:57 - [MESSAGE][PASSED] - Object: 'Object Repository/MOH AND GRN/Page_KDMC - CMS/button_Add' is clicked on

2018-05-11 10:46:57 - [TEST_STEP][PASSED] - selectOptionByIndex: All options with index in [8] are selected on object 'Object Repository/MOH AND GRN/Page_KDMC - CMS/select_--Select--Schedule 1Inj'

2018-05-11 10:46:58 - [MESSAGE][PASSED] - All options with index in [8] are selected on object 'Object Repository/MOH AND GRN/Page_KDMC - CMS/select_--Select--Schedule 1Inj'

2018-05-11 10:46:58 - [TEST_STEP][PASSED] - selectOptionByIndex: All options with index in [3] are selected on object 'Object Repository/MOH AND GRN/Page_KDMC - CMS/select_--Select--Adernaline 0.'

2018-05-11 10:46:58 - [MESSAGE][PASSED] - All options with index in [3] are selected on object 'Object Repository/MOH AND GRN/Page_KDMC - CMS/select_--Select--Adernaline 0.'

2018-05-11 10:46:58 - [TEST_STEP][PASSED] - setText: Text '5000' is set on object 'Object Repository/MOH AND GRN/Page_KDMC - CMS/input_txttreat'

2018-05-11 10:46:58 - [MESSAGE][PASSED] - Text '5000' is set on object 'Object Repository/MOH AND GRN/Page_KDMC - CMS/input_txttreat'

2018-05-11 10:46:58 - [TEST_STEP][PASSED] - click: Object: 'Object Repository/MOH AND GRN/Page_KDMC - CMS/button_Add' is clicked on

2018-05-11 10:46:58 - [MESSAGE][PASSED] - Object: 'Object Repository/MOH AND GRN/Page_KDMC - CMS/button_Add' is clicked on

2018-05-11 10:46:58 - [TEST_STEP][PASSED] - selectOptionByIndex: All options with index in [8] are selected on object 'Object Repository/MOH AND GRN/Page_KDMC - CMS/select_--Select--Schedule 1Inj'

2018-05-11 10:46:58 - [MESSAGE][PASSED] - All options with index in [8] are selected on object 'Object Repository/MOH AND GRN/Page_KDMC - CMS/select_--Select--Schedule 1Inj'

2018-05-11 10:46:58 - [TEST_STEP][PASSED] - selectOptionByIndex: All options with index in [4] are selected on object 'Object Repository/MOH AND GRN/Page_KDMC - CMS/select_--Select--Adernaline 0.'

2018-05-11 10:46:58 - [MESSAGE][PASSED] - All options with index in [4] are selected on object 'Object Repository/MOH AND GRN/Page_KDMC - CMS/select_--Select--Adernaline 0.'

2018-05-11 10:46:58 - [TEST_STEP][PASSED] - setText: Text '5000' is set on object 'Object Repository/MOH AND GRN/Page_KDMC - CMS/input_txttreat'

2018-05-11 10:46:58 - [MESSAGE][PASSED] - Text '5000' is set on object 'Object Repository/MOH AND GRN/Page_KDMC - CMS/input_txttreat'

2018-05-11 10:46:58 - [TEST_STEP][PASSED] - click: Object: 'Object Repository/MOH AND GRN/Page_KDMC - CMS/button_Add' is clicked on

2018-05-11 10:46:58 - [MESSAGE][PASSED] - Object: 'Object Repository/MOH AND GRN/Page_KDMC - CMS/button_Add' is clicked on

2018-05-11 10:46:58 - [TEST_STEP][PASSED] - selectOptionByIndex: All options with index in [8] are selected on object 'Object Repository/MOH AND GRN/Page_KDMC - CMS/select_--Select--Schedule 1Inj'

2018-05-11 10:46:58 - [MESSAGE][PASSED] - All options with index in [8] are selected on object 'Object Repository/MOH AND GRN/Page_KDMC - CMS/select_--Select--Schedule 1Inj'

2018-05-11 10:46:58 - [TEST_STEP][PASSED] - selectOptionByIndex: All options with index in [5] are selected on object 'Object Repository/MOH AND GRN/Page_KDMC - CMS/select_--Select--Adernaline 0.'

2018-05-11 10:46:59 - [MESSAGE][PASSED] - All options with index in [5] are selected on object 'Object Repository/MOH AND GRN/Page_KDMC - CMS/select_--Select--Adernaline 0.'

2018-05-11 10:46:59 - [TEST_STEP][PASSED] - setText: Text '5000' is set on object 'Object Repository/MOH AND GRN/Page_KDMC - CMS/input_txttreat'

2018-05-11 10:46:59 - [MESSAGE][PASSED] - Text '5000' is set on object 'Object Repository/MOH AND GRN/Page_KDMC - CMS/input_txttreat'

2018-05-11 10:46:59 - [TEST_STEP][PASSED] - click: Object: 'Object Repository/MOH AND GRN/Page_KDMC - CMS/button_Add' is clicked on

2018-05-11 10:46:59 - [MESSAGE][PASSED] - Object: 'Object Repository/MOH AND GRN/Page_KDMC - CMS/button_Add' is clicked on

2018-05-11 10:46:59 - [TEST_STEP][PASSED] - selectOptionByIndex: All options with index in [8] are selected on object 'Object Repository/MOH AND GRN/Page_KDMC - CMS/select_--Select--Schedule 1Inj'

2018-05-11 10:46:59 - [MESSAGE][PASSED] - All options with index in [8] are selected on object 'Object Repository/MOH AND GRN/Page_KDMC - CMS/select_--Select--Schedule 1Inj'

2018-05-11 10:46:59 - [TEST_STEP][PASSED] - selectOptionByIndex: All options with index in [6] are selected on object 'Object Repository/MOH AND GRN/Page_KDMC - CMS/select_--Select--Adernaline 0.'

2018-05-11 10:46:59 - [MESSAGE][PASSED] - All options with index in [6] are selected on object 'Object Repository/MOH AND GRN/Page_KDMC - CMS/select_--Select--Adernaline 0.'

2018-05-11 10:46:59 - [TEST_STEP][PASSED] - setText: Text '5000' is set on object 'Object Repository/MOH AND GRN/Page_KDMC - CMS/input_txttreat'

2018-05-11 10:46:59 - [MESSAGE][PASSED] - Text '5000' is set on object 'Object Repository/MOH AND GRN/Page_KDMC - CMS/input_txttreat'

2018-05-11 10:46:59 - [TEST_STEP][PASSED] - click: Object: 'Object Repository/MOH AND GRN/Page_KDMC - CMS/button_Add' is clicked on

2018-05-11 10:46:59 - [MESSAGE][PASSED] - Object: 'Object Repository/MOH AND GRN/Page_KDMC - CMS/button_Add' is clicked on

2018-05-11 10:46:59 - [TEST_STEP][PASSED] - selectOptionByIndex: All options with index in [8] are selected on object 'Object Repository/MOH AND GRN/Page_KDMC - CMS/select_--Select--Schedule 1Inj'

2018-05-11 10:46:59 - [MESSAGE][PASSED] - All options with index in [8] are selected on object 'Object Repository/MOH AND GRN/Page_KDMC - CMS/select_--Select--Schedule 1Inj'

2018-05-11 10:46:59 - [TEST_STEP][PASSED] - selectOptionByIndex: All options with index in [7] are selected on object 'Object Repository/MOH AND GRN/Page_KDMC - CMS/select_--Select--Adernaline 0.'

2018-05-11 10:47:00 - [MESSAGE][PASSED] - All options with index in [7] are selected on object 'Object Repository/MOH AND GRN/Page_KDMC - CMS/select_--Select--Adernaline 0.'

2018-05-11 10:47:00 - [TEST_STEP][PASSED] - setText: Text '5000' is set on object 'Object Repository/MOH AND GRN/Page_KDMC - CMS/input_txttreat'

2018-05-11 10:47:00 - [MESSAGE][PASSED] - Text '5000' is set on object 'Object Repository/MOH AND GRN/Page_KDMC - CMS/input_txttreat'

2018-05-11 10:47:00 - [TEST_STEP][PASSED] - click: Object: 'Object Repository/MOH AND GRN/Page_KDMC - CMS/button_Add' is clicked on

2018-05-11 10:47:00 - [MESSAGE][PASSED] - Object: 'Object Repository/MOH AND GRN/Page_KDMC - CMS/button_Add' is clicked on

2018-05-11 10:47:00 - [TEST_STEP][PASSED] - selectOptionByIndex: All options with index in [8] are selected on object 'Object Repository/MOH AND GRN/Page_KDMC - CMS/select_--Select--Schedule 1Inj'

2018-05-11 10:47:00 - [MESSAGE][PASSED] - All options with index in [8] are selected on object 'Object Repository/MOH AND GRN/Page_KDMC - CMS/select_--Select--Schedule 1Inj'

2018-05-11 10:47:00 - [TEST_STEP][PASSED] - selectOptionByIndex: All options with index in [8] are selected on object 'Object Repository/MOH AND GRN/Page_KDMC - CMS/select_--Select--Adernaline 0.'

2018-05-11 10:47:00 - [MESSAGE][PASSED] - All options with index in [8] are selected on object 'Object Repository/MOH AND GRN/Page_KDMC - CMS/select_--Select--Adernaline 0.'

2018-05-11 10:47:00 - [TEST_STEP][PASSED] - setText: Text '5000' is set on object 'Object Repository/MOH AND GRN/Page_KDMC - CMS/input_txttreat'

2018-05-11 10:47:00 - [MESSAGE][PASSED] - Text '5000' is set on object 'Object Repository/MOH AND GRN/Page_KDMC - CMS/input_txttreat'

2018-05-11 10:47:00 - [TEST_STEP][PASSED] - click: Object: 'Object Repository/MOH AND GRN/Page_KDMC - CMS/button_Add' is clicked on

2018-05-11 10:47:00 - [MESSAGE][PASSED] - Object: 'Object Repository/MOH AND GRN/Page_KDMC - CMS/button_Add' is clicked on

2018-05-11 10:47:00 - [TEST_STEP][PASSED] - selectOptionByIndex: All options with index in [8] are selected on object 'Object Repository/MOH AND GRN/Page_KDMC - CMS/select_--Select--Schedule 1Inj'

2018-05-11 10:47:00 - [MESSAGE][PASSED] - All options with index in [8] are selected on object 'Object Repository/MOH AND GRN/Page_KDMC - CMS/select_--Select--Schedule 1Inj'

2018-05-11 10:47:00 - [TEST_STEP][PASSED] - selectOptionByIndex: All options with index in [9] are selected on object 'Object Repository/MOH AND GRN/Page_KDMC - CMS/select_--Select--Adernaline 0.'

2018-05-11 10:47:01 - [MESSAGE][PASSED] - All options with index in [9] are selected on object 'Object Repository/MOH AND GRN/Page_KDMC - CMS/select_--Select--Adernaline 0.'

2018-05-11 10:47:01 - [TEST_STEP][PASSED] - setText: Text '5000' is set on object 'Object Repository/MOH AND GRN/Page_KDMC - CMS/input_txttreat'

2018-05-11 10:47:01 - [MESSAGE][PASSED] - Text '5000' is set on object 'Object Repository/MOH AND GRN/Page_KDMC - CMS/input_txttreat'

2018-05-11 10:47:01 - [TEST_STEP][PASSED] - click: Object: 'Object Repository/MOH AND GRN/Page_KDMC - CMS/button_Add' is clicked on

2018-05-11 10:47:01 - [MESSAGE][PASSED] - Object: 'Object Repository/MOH AND GRN/Page_KDMC - CMS/button_Add' is clicked on

2018-05-11 10:47:01 - [TEST_STEP][PASSED] - selectOptionByIndex: All options with index in [8] are selected on object 'Object Repository/MOH AND GRN/Page_KDMC - CMS/select_--Select--Schedule 1Inj'

2018-05-11 10:47:01 - [MESSAGE][PASSED] - All options with index in [8] are selected on object 'Object Repository/MOH AND GRN/Page_KDMC - CMS/select_--Select--Schedule 1Inj'

2018-05-11 10:47:01 - [TEST_STEP][PASSED] - selectOptionByIndex: All options with index in [10] are selected on object 'Object Repository/MOH AND GRN/Page_KDMC - CMS/select_--Select--Adernaline 0.'

2018-05-11 10:47:01 - [MESSAGE][PASSED] - All options with index in [10] are selected on object 'Object Repository/MOH AND GRN/Page_KDMC - CMS/select_--Select--Adernaline 0.'

2018-05-11 10:47:01 - [TEST_STEP][PASSED] - setText: Text '5000' is set on object 'Object Repository/MOH AND GRN/Page_KDMC - CMS/input_txttreat'

2018-05-11 10:47:01 - [MESSAGE][PASSED] - Text '5000' is set on object 'Object Repository/MOH AND GRN/Page_KDMC - CMS/input_txttreat'

2018-05-11 10:47:01 - [TEST_STEP][PASSED] - click: Object: 'Object Repository/MOH AND GRN/Page_KDMC - CMS/button_Add' is clicked on

2018-05-11 10:47:01 - [MESSAGE][PASSED] - Object: 'Object Repository/MOH AND GRN/Page_KDMC - CMS/button_Add' is clicked on

2018-05-11 10:47:01 - [TEST_STEP][PASSED] - selectOptionByIndex: All options with index in [8] are selected on object 'Object Repository/MOH AND GRN/Page_KDMC - CMS/select_--Select--Schedule 1Inj'

2018-05-11 10:47:02 - [MESSAGE][PASSED] - All options with index in [8] are selected on object 'Object Repository/MOH AND GRN/Page_KDMC - CMS/select_--Select--Schedule 1Inj'

2018-05-11 10:47:02 - [TEST_STEP][PASSED] - selectOptionByIndex: All options with index in [11] are selected on object 'Object Repository/MOH AND GRN/Page_KDMC - CMS/select_--Select--Adernaline 0.'

2018-05-11 10:47:02 - [MESSAGE][PASSED] - All options with index in [11] are selected on object 'Object Repository/MOH AND GRN/Page_KDMC - CMS/select_--Select--Adernaline 0.'

2018-05-11 10:47:02 - [TEST_STEP][PASSED] - setText: Text '5000' is set on object 'Object Repository/MOH AND GRN/Page_KDMC - CMS/input_txttreat'

2018-05-11 10:47:02 - [MESSAGE][PASSED] - Text '5000' is set on object 'Object Repository/MOH AND GRN/Page_KDMC - CMS/input_txttreat'

2018-05-11 10:47:02 - [TEST_STEP][PASSED] - click: Object: 'Object Repository/MOH AND GRN/Page_KDMC - CMS/button_Add' is clicked on

2018-05-11 10:47:02 - [MESSAGE][PASSED] - Object: 'Object Repository/MOH AND GRN/Page_KDMC - CMS/button_Add' is clicked on

2018-05-11 10:47:02 - [TEST_STEP][PASSED] - selectOptionByIndex: All options with index in [8] are selected on object 'Object Repository/MOH AND GRN/Page_KDMC - CMS/select_--Select--Schedule 1Inj'

2018-05-11 10:47:02 - [MESSAGE][PASSED] - All options with index in [8] are selected on object 'Object Repository/MOH AND GRN/Page_KDMC - CMS/select_--Select--Schedule 1Inj'

2018-05-11 10:47:02 - [TEST_STEP][PASSED] - selectOptionByIndex: All options with index in [12] are selected on object 'Object Repository/MOH AND GRN/Page_KDMC - CMS/select_--Select--Adernaline 0.'

2018-05-11 10:47:02 - [MESSAGE][PASSED] - All options with index in [12] are selected on object 'Object Repository/MOH AND GRN/Page_KDMC - CMS/select_--Select--Adernaline 0.'

2018-05-11 10:47:02 - [TEST_STEP][PASSED] - setText: Text '5000' is set on object 'Object Repository/MOH AND GRN/Page_KDMC - CMS/input_txttreat'

2018-05-11 10:47:02 - [MESSAGE][PASSED] - Text '5000' is set on object 'Object Repository/MOH AND GRN/Page_KDMC - CMS/input_txttreat'

2018-05-11 10:47:02 - [TEST_STEP][PASSED] - click: Object: 'Object Repository/MOH AND GRN/Page_KDMC - CMS/button_Add' is clicked on

2018-05-11 10:47:02 - [MESSAGE][PASSED] - Object: 'Object Repository/MOH AND GRN/Page_KDMC - CMS/button_Add' is clicked on

2018-05-11 10:47:02 - [TEST_STEP][PASSED] - selectOptionByIndex: All options with index in [8] are selected on object 'Object Repository/MOH AND GRN/Page_KDMC - CMS/select_--Select--Schedule 1Inj'

2018-05-11 10:47:03 - [MESSAGE][PASSED] - All options with index in [8] are selected on object 'Object Repository/MOH AND GRN/Page_KDMC - CMS/select_--Select--Schedule 1Inj'

2018-05-11 10:47:03 - [TEST_STEP][PASSED] - selectOptionByIndex: All options with index in [13] are selected on object 'Object Repository/MOH AND GRN/Page_KDMC - CMS/select_--Select--Adernaline 0.'

2018-05-11 10:47:03 - [MESSAGE][PASSED] - All options with index in [13] are selected on object 'Object Repository/MOH AND GRN/Page_KDMC - CMS/select_--Select--Adernaline 0.'

2018-05-11 10:47:03 - [TEST_STEP][PASSED] - setText: Text '5000' is set on object 'Object Repository/MOH AND GRN/Page_KDMC - CMS/input_txttreat'

2018-05-11 10:47:03 - [MESSAGE][PASSED] - Text '5000' is set on object 'Object Repository/MOH AND GRN/Page_KDMC - CMS/input_txttreat'

2018-05-11 10:47:03 - [TEST_STEP][PASSED] - click: Object: 'Object Repository/MOH AND GRN/Page_KDMC - CMS/button_Add' is clicked on

2018-05-11 10:47:03 - [MESSAGE][PASSED] - Object: 'Object Repository/MOH AND GRN/Page_KDMC - CMS/button_Add' is clicked on

2018-05-11 10:47:03 - [TEST_STEP][PASSED] - selectOptionByIndex: All options with index in [8] are selected on object 'Object Repository/MOH AND GRN/Page_KDMC - CMS/select_--Select--Schedule 1Inj'

2018-05-11 10:47:03 - [MESSAGE][PASSED] - All options with index in [8] are selected on object 'Object Repository/MOH AND GRN/Page_KDMC - CMS/select_--Select--Schedule 1Inj'

2018-05-11 10:47:03 - [TEST_STEP][PASSED] - selectOptionByIndex: All options with index in [14] are selected on object 'Object Repository/MOH AND GRN/Page_KDMC - CMS/select_--Select--Adernaline 0.'

2018-05-11 10:47:03 - [MESSAGE][PASSED] - All options with index in [14] are selected on object 'Object Repository/MOH AND GRN/Page_KDMC - CMS/select_--Select--Adernaline 0.'

2018-05-11 10:47:03 - [TEST_STEP][PASSED] - setText: Text '5000' is set on object 'Object Repository/MOH AND GRN/Page_KDMC - CMS/input_txttreat'

2018-05-11 10:47:03 - [MESSAGE][PASSED] - Text '5000' is set on object 'Object Repository/MOH AND GRN/Page_KDMC - CMS/input_txttreat'

2018-05-11 10:47:03 - [TEST_STEP][PASSED] - click: Object: 'Object Repository/MOH AND GRN/Page_KDMC - CMS/button_Add' is clicked on

2018-05-11 10:47:04 - [MESSAGE][PASSED] - Object: 'Object Repository/MOH AND GRN/Page_KDMC - CMS/button_Add' is clicked on

2018-05-11 10:47:04 - [TEST_STEP][PASSED] - selectOptionByIndex: All options with index in [8] are selected on object 'Object Repository/MOH AND GRN/Page_KDMC - CMS/select_--Select--Schedule 1Inj'

2018-05-11 10:47:04 - [MESSAGE][PASSED] - All options with index in [8] are selected on object 'Object Repository/MOH AND GRN/Page_KDMC - CMS/select_--Select--Schedule 1Inj'

2018-05-11 10:47:04 - [TEST_STEP][PASSED] - selectOptionByIndex: All options with index in [15] are selected on object 'Object Repository/MOH AND GRN/Page_KDMC - CMS/select_--Select--Adernaline 0.'

2018-05-11 10:47:04 - [MESSAGE][PASSED] - All options with index in [15] are selected on object 'Object Repository/MOH AND GRN/Page_KDMC - CMS/select_--Select--Adernaline 0.'

2018-05-11 10:47:04 - [TEST_STEP][PASSED] - setText: Text '5000' is set on object 'Object Repository/MOH AND GRN/Page_KDMC - CMS/input_txttreat'

2018-05-11 10:47:04 - [MESSAGE][PASSED] - Text '5000' is set on object 'Object Repository/MOH AND GRN/Page_KDMC - CMS/input_txttreat'

2018-05-11 10:47:04 - [TEST_STEP][PASSED] - click: Object: 'Object Repository/MOH AND GRN/Page_KDMC - CMS/button_Add' is clicked on

2018-05-11 10:47:04 - [MESSAGE][PASSED] - Object: 'Object Repository/MOH AND GRN/Page_KDMC - CMS/button_Add' is clicked on

2018-05-11 10:47:04 - [TEST_STEP][PASSED] - selectOptionByIndex: All options with index in [8] are selected on object 'Object Repository/MOH AND GRN/Page_KDMC - CMS/select_--Select--Schedule 1Inj'

2018-05-11 10:47:04 - [MESSAGE][PASSED] - All options with index in [8] are selected on object 'Object Repository/MOH AND GRN/Page_KDMC - CMS/select_--Select--Schedule 1Inj'

2018-05-11 10:47:04 - [TEST_STEP][PASSED] - selectOptionByIndex: All options with index in [16] are selected on object 'Object Repository/MOH AND GRN/Page_KDMC - CMS/select_--Select--Adernaline 0.'

2018-05-11 10:47:05 - [MESSAGE][PASSED] - All options with index in [16] are selected on object 'Object Repository/MOH AND GRN/Page_KDMC - CMS/select_--Select--Adernaline 0.'

2018-05-11 10:47:05 - [TEST_STEP][PASSED] - setText: Text '5000' is set on object 'Object Repository/MOH AND GRN/Page_KDMC - CMS/input_txttreat'

2018-05-11 10:47:05 - [MESSAGE][PASSED] - Text '5000' is set on object 'Object Repository/MOH AND GRN/Page_KDMC - CMS/input_txttreat'

2018-05-11 10:47:05 - [TEST_STEP][PASSED] - click: Object: 'Object Repository/MOH AND GRN/Page_KDMC - CMS/button_Add' is clicked on

2018-05-11 10:47:05 - [MESSAGE][PASSED] - Object: 'Object Repository/MOH AND GRN/Page_KDMC - CMS/button_Add' is clicked on

2018-05-11 10:47:05 - [TEST_STEP][PASSED] - selectOptionByIndex: All options with index in [8] are selected on object 'Object Repository/MOH AND GRN/Page_KDMC - CMS/select_--Select--Schedule 1Inj'

2018-05-11 10:47:05 - [MESSAGE][PASSED] - All options with index in [8] are selected on object 'Object Repository/MOH AND GRN/Page_KDMC - CMS/select_--Select--Schedule 1Inj'

2018-05-11 10:47:05 - [TEST_STEP][PASSED] - selectOptionByIndex: All options with index in [17] are selected on object 'Object Repository/MOH AND GRN/Page_KDMC - CMS/select_--Select--Adernaline 0.'

2018-05-11 10:47:05 - [MESSAGE][PASSED] - All options with index in [17] are selected on object 'Object Repository/MOH AND GRN/Page_KDMC - CMS/select_--Select--Adernaline 0.'

2018-05-11 10:47:05 - [TEST_STEP][PASSED] - setText: Text '5000' is set on object 'Object Repository/MOH AND GRN/Page_KDMC - CMS/input_txttreat'

2018-05-11 10:47:05 - [MESSAGE][PASSED] - Text '5000' is set on object 'Object Repository/MOH AND GRN/Page_KDMC - CMS/input_txttreat'

2018-05-11 10:47:05 - [TEST_STEP][PASSED] - click: Object: 'Object Repository/MOH AND GRN/Page_KDMC - CMS/button_Add' is clicked on

2018-05-11 10:47:05 - [MESSAGE][PASSED] - Object: 'Object Repository/MOH AND GRN/Page_KDMC - CMS/button_Add' is clicked on

2018-05-11 10:47:05 - [TEST_STEP][PASSED] - scrollToElement: Scroll to object 'Object Repository/MOH AND GRN/Page_KDMC - CMS/input_btnsave' successfully

2018-05-11 10:47:05 - [MESSAGE][PASSED] - Scroll to object 'Object Repository/MOH AND GRN/Page_KDMC - CMS/input_btnsave' successfully

2018-05-11 10:47:05 - [TEST_STEP][PASSED] - click: Object: 'Object Repository/MOH AND GRN/Page_KDMC - CMS/input_btnsave' is clicked on

2018-05-11 10:47:05 - [MESSAGE][PASSED] - Object: 'Object Repository/MOH AND GRN/Page_KDMC - CMS/input_btnsave' is clicked on

2018-05-11 10:47:05 - [TEST_STEP][PASSED] - delay: Delayed 3 second(s)

2018-05-11 10:47:08 - [MESSAGE][PASSED] - Delayed 3 second(s)

2018-05-11 10:47:08 - [TEST_STEP][PASSED] - Statement - Request1 = com.kms.katalon.core.webui.keyword.WebUiBuiltInKeywords.getText(com.kms.katalon.core.testobject.ObjectRepository.findTestObject(MOH AND GRN/Page_KDMC - CMS/font_PRNO0505201876)): Text of object 'Object Repository/MOH AND GRN/Page_KDMC - CMS/font_PRNO0505201876' is: 'PRNO/11052018/213'

2018-05-11 10:47:08 - [MESSAGE][PASSED] - Text of object 'Object Repository/MOH AND GRN/Page_KDMC - CMS/font_PRNO0505201876' is: 'PRNO/11052018/213'

2018-05-11 10:47:08 - [TEST_STEP][PASSED] - Statement - out.println("Length OF The Medicine " + Request1): null

2018-05-11 10:47:08 - [TEST_STEP][PASSED] - Statement - RequestNUmber = Request1.split("/")[2].trim(): null

2018-05-11 10:47:08 - [TEST_STEP][PASSED] - Statement - out.println("ID IS " + RequestNUmber): null

2018-05-11 10:47:08 - [TEST_STEP][PASSED] - delay: Delayed 3 second(s)

2018-05-11 10:47:11 - [MESSAGE][PASSED] - Delayed 3 second(s)

2018-05-11 10:47:11 - [TEST_STEP][PASSED] - click: Object: 'Object Repository/MOH AND GRN/Page_KDMC - CMS/button_OK' is clicked on

2018-05-11 10:47:12 - [MESSAGE][PASSED] - Object: 'Object Repository/MOH AND GRN/Page_KDMC - CMS/button_OK' is clicked on

2018-05-11 10:47:12 - [TEST_STEP][PASSED] - click: Object: 'Object Repository/MOH AND GRN/Page_KDMC - CMS/a_dropdown-toggle' is clicked on

2018-05-11 10:47:13 - [MESSAGE][PASSED] - Object: 'Object Repository/MOH AND GRN/Page_KDMC - CMS/a_dropdown-toggle' is clicked on

2018-05-11 10:47:13 - [TEST_STEP][PASSED] - click: Object: 'Object Repository/MOH AND GRN/Page_KDMC - CMS/a_Sign out' is clicked on

2018-05-11 10:47:14 - [MESSAGE][PASSED] - Object: 'Object Repository/MOH AND GRN/Page_KDMC - CMS/a_Sign out' is clicked on

2018-05-11 10:47:14 - [TEST_STEP][PASSED] - delay: Delayed 4 second(s)

2018-05-11 10:47:18 - [MESSAGE][PASSED] - Delayed 4 second(s)

2018-05-11 10:47:18 - [TEST_STEP][PASSED] - click: Object: 'Object Repository/MOH AND GRN/Page_KDMC/a_Admin Master' is clicked on

2018-05-11 10:47:19 - [MESSAGE][PASSED] - Object: 'Object Repository/MOH AND GRN/Page_KDMC/a_Admin Master' is clicked on

2018-05-11 10:47:19 - [TEST_STEP][PASSED] - setText: Text 'admin' is set on object 'Object Repository/MOH AND GRN/Page_Admin login/input_txtusername'

2018-05-11 10:47:19 - [MESSAGE][PASSED] - Text 'admin' is set on object 'Object Repository/MOH AND GRN/Page_Admin login/input_txtusername'

2018-05-11 10:47:19 - [TEST_STEP][PASSED] - setText: Text 'admin123' is set on object 'Object Repository/MOH AND GRN/Page_Admin login/input_txtpassword'

2018-05-11 10:47:19 - [MESSAGE][PASSED] - Text 'admin123' is set on object 'Object Repository/MOH AND GRN/Page_Admin login/input_txtpassword'

2018-05-11 10:47:19 - [TEST_STEP][PASSED] - delay: Delayed 3 second(s)

2018-05-11 10:47:22 - [MESSAGE][PASSED] - Delayed 3 second(s)

2018-05-11 10:47:22 - [TEST_STEP][PASSED] - click: Object: 'Object Repository/MOH AND GRN/Page_Admin login/button_Sign in' is clicked on

2018-05-11 10:47:23 - [MESSAGE][PASSED] - Object: 'Object Repository/MOH AND GRN/Page_Admin login/button_Sign in' is clicked on

2018-05-11 10:47:23 - [TEST_STEP][PASSED] - delay: Delayed 20 second(s)

2018-05-11 10:47:43 - [MESSAGE][PASSED] - Delayed 20 second(s)

2018-05-11 10:47:43 - [TEST_STEP][PASSED] - scrollToPosition: Browser is scrolled to position x = 200, y = 200

2018-05-11 10:47:43 - [MESSAGE][PASSED] - Browser is scrolled to position x = 200, y = 200

2018-05-11 10:47:43 - [TEST_STEP][PASSED] - click: Object: 'Object Repository/MOH AND GRN/Page_KDMC/a_CMS_1' is clicked on

2018-05-11 10:47:43 - [MESSAGE][PASSED] - Object: 'Object Repository/MOH AND GRN/Page_KDMC/a_CMS_1' is clicked on

2018-05-11 10:47:43 - [TEST_STEP][PASSED] - click: Object: 'Object Repository/MOH AND GRN/Page_KDMC/a_Request List' is clicked on

2018-05-11 10:47:44 - [MESSAGE][PASSED] - Object: 'Object Repository/MOH AND GRN/Page_KDMC/a_Request List' is clicked on

2018-05-11 10:47:44 - [TEST_STEP][PASSED] - Statement - RequestNumberId = com.kms.katalon.core.webui.keyword.WebUiBuiltInKeywords.modifyObjectProperty(com.kms.katalon.core.testobject.ObjectRepository.findTestObject(MOH AND GRN/Page_KDMC - CMS/input_PO0032), "xpath", "equals", "//*[@id =" + RequestNUmber + "]", true): Modify property of object successfully

2018-05-11 10:47:44 - [MESSAGE][PASSED] - Modify property of object successfully

2018-05-11 10:47:44 - [TEST_STEP][PASSED] - click: Object: 'Object Repository/MOH AND GRN/Page_KDMC - CMS/input_PO0032' is clicked on

2018-05-11 10:47:44 - [MESSAGE][PASSED] - Object: 'Object Repository/MOH AND GRN/Page_KDMC - CMS/input_PO0032' is clicked on

2018-05-11 10:47:44 - [TEST_STEP][PASSED] - delay: Delayed 3 second(s)

2018-05-11 10:47:47 - [MESSAGE][PASSED] - Delayed 3 second(s)

2018-05-11 10:47:47 - [TEST_STEP][PASSED] - selectOptionByIndex: All options with index in [1] are selected on object 'Object Repository/MOH AND GRN/Page_KDMC/select_--Select--'

2018-05-11 10:47:47 - [MESSAGE][PASSED] - All options with index in [1] are selected on object 'Object Repository/MOH AND GRN/Page_KDMC/select_--Select--'

2018-05-11 10:47:47 - [TEST_STEP][PASSED] - click: Object: 'Object Repository/MOH AND GRN/Page_KDMC/input_btnupdate' is clicked on

2018-05-11 10:47:48 - [MESSAGE][PASSED] - Object: 'Object Repository/MOH AND GRN/Page_KDMC/input_btnupdate' is clicked on

2018-05-11 10:47:48 - [TEST_STEP][PASSED] - delay: Delayed 3 second(s)

2018-05-11 10:47:51 - [MESSAGE][PASSED] - Delayed 3 second(s)

2018-05-11 10:47:51 - [TEST_STEP][PASSED] - click: Object: 'Object Repository/MOH AND GRN/Page_KDMC/button_OK' is clicked on

2018-05-11 10:47:52 - [MESSAGE][PASSED] - Object: 'Object Repository/MOH AND GRN/Page_KDMC/button_OK' is clicked on

2018-05-11 10:47:52 - [TEST_STEP][PASSED] - delay: Delayed 3 second(s)

2018-05-11 10:47:55 - [MESSAGE][PASSED] - Delayed 3 second(s)

2018-05-11 10:47:55 - [TEST_STEP][PASSED] - scrollToPosition: Browser is scrolled to position x = 200, y = 200

2018-05-11 10:47:55 - [MESSAGE][PASSED] - Browser is scrolled to position x = 200, y = 200

2018-05-11 10:47:55 - [TEST_STEP][PASSED] - click: Object: 'Object Repository/MOH AND GRN/Page_KDMC/a_CMS_2' is clicked on

2018-05-11 10:47:55 - [MESSAGE][PASSED] - Object: 'Object Repository/MOH AND GRN/Page_KDMC/a_CMS_2' is clicked on

2018-05-11 10:47:55 - [TEST_STEP][PASSED] - delay: Delayed 2 second(s)

2018-05-11 10:47:57 - [MESSAGE][PASSED] - Delayed 2 second(s)

2018-05-11 10:47:57 - [TEST_STEP][PASSED] - click: Object: 'Object Repository/MOH AND GRN/Page_KDMC/a_Generate P.O' is clicked on

2018-05-11 10:47:58 - [MESSAGE][PASSED] - Object: 'Object Repository/MOH AND GRN/Page_KDMC/a_Generate P.O' is clicked on

2018-05-11 10:47:58 - [TEST_STEP][PASSED] - delay: Delayed 2 second(s)

2018-05-11 10:48:00 - [MESSAGE][PASSED] - Delayed 2 second(s)

2018-05-11 10:48:00 - [TEST_STEP][PASSED] - selectOptionByIndex: All options with index in [1] are selected on object 'Object Repository/MOH AND GRN/Page_KDMC/select_--Select--PRNO040520183'

2018-05-11 10:48:00 - [MESSAGE][PASSED] - All options with index in [1] are selected on object 'Object Repository/MOH AND GRN/Page_KDMC/select_--Select--PRNO040520183'

2018-05-11 10:48:00 - [TEST_STEP][PASSED] - selectOptionByIndex: All options with index in [10] are selected on object 'Object Repository/MOH AND GRN/Page_KDMC/select_--Select--Hamen Chandra'

2018-05-11 10:48:00 - [MESSAGE][PASSED] - All options with index in [10] are selected on object 'Object Repository/MOH AND GRN/Page_KDMC/select_--Select--Hamen Chandra'

2018-05-11 10:48:00 - [TEST_STEP][PASSED] - Statement - PONumber = com.kms.katalon.core.webui.keyword.WebUiBuiltInKeywords.getText(com.kms.katalon.core.testobject.ObjectRepository.findTestObject(MOH AND GRN/Page_KDMC/input_lblpono)).trim(): Text of object 'Object Repository/MOH AND GRN/Page_KDMC/input_lblpono' is: ''

2018-05-11 10:48:00 - [MESSAGE][PASSED] - Text of object 'Object Repository/MOH AND GRN/Page_KDMC/input_lblpono' is: ''

2018-05-11 10:48:00 - [TEST_STEP][PASSED] - Statement - PONumber1 = com.kms.katalon.core.webui.keyword.WebUiBuiltInKeywords.getAttribute(com.kms.katalon.core.testobject.ObjectRepository.findTestObject(MOH AND GRN/Page_KDMC/input_lblpono), "value").trim(): Attribute 'value' of object 'Object Repository/MOH AND GRN/Page_KDMC/input_lblpono' is: 'PO0097'

2018-05-11 10:48:00 - [MESSAGE][PASSED] - Attribute 'value' of object 'Object Repository/MOH AND GRN/Page_KDMC/input_lblpono' is: 'PO0097'

2018-05-11 10:48:00 - [TEST_STEP][PASSED] - Statement - out.println("PO NUMBER :" + PONumber): null

2018-05-11 10:48:00 - [TEST_STEP][PASSED] - Statement - out.println("PO NUMBER :" + PONumber1): null

2018-05-11 10:48:00 - [TEST_STEP][PASSED] - click: Object: 'Object Repository/MOH AND GRN/Page_KDMC/input_chkrem' is clicked on

2018-05-11 10:48:00 - [MESSAGE][PASSED] - Object: 'Object Repository/MOH AND GRN/Page_KDMC/input_chkrem' is clicked on

2018-05-11 10:48:00 - [TEST_STEP][PASSED] - scrollToElement: Scroll to object 'Object Repository/MOH AND GRN/Page_KDMC/input_btnreturn' successfully

2018-05-11 10:48:00 - [MESSAGE][PASSED] - Scroll to object 'Object Repository/MOH AND GRN/Page_KDMC/input_btnreturn' successfully

2018-05-11 10:48:00 - [TEST_STEP][PASSED] - click: Object: 'Object Repository/MOH AND GRN/Page_KDMC/input_btnreturn' is clicked on

2018-05-11 10:48:00 - [MESSAGE][PASSED] - Object: 'Object Repository/MOH AND GRN/Page_KDMC/input_btnreturn' is clicked on

2018-05-11 10:48:00 - [TEST_STEP][PASSED] - delay: Delayed 3 second(s)

2018-05-11 10:48:03 - [MESSAGE][PASSED] - Delayed 3 second(s)

2018-05-11 10:48:03 - [TEST_STEP][PASSED] - click: Object: 'Object Repository/MOH AND GRN/Page_KDMC/button_Yes' is clicked on

2018-05-11 10:48:03 - [MESSAGE][PASSED] - Object: 'Object Repository/MOH AND GRN/Page_KDMC/button_Yes' is clicked on

2018-05-11 10:48:03 - [TEST_STEP][PASSED] - delay: Delayed 3 second(s)

2018-05-11 10:48:06 - [MESSAGE][PASSED] - Delayed 3 second(s)

2018-05-11 10:48:06 - [TEST_STEP][PASSED] - click: Object: 'Object Repository/MOH AND GRN/Page_KDMC/button_OK' is clicked on

2018-05-11 10:48:07 - [MESSAGE][PASSED] - Object: 'Object Repository/MOH AND GRN/Page_KDMC/button_OK' is clicked on

2018-05-11 10:48:07 - [TEST_STEP][PASSED] - delay: Delayed 3 second(s)

2018-05-11 10:48:10 - [MESSAGE][PASSED] - Delayed 3 second(s)

2018-05-11 10:48:10 - [TEST_STEP][PASSED] - click: Object: 'Object Repository/MOH AND GRN/Page_KDMC/a_dropdown-toggle' is clicked on

2018-05-11 10:48:10 - [MESSAGE][PASSED] - Object: 'Object Repository/MOH AND GRN/Page_KDMC/a_dropdown-toggle' is clicked on

2018-05-11 10:48:10 - [TEST_STEP][PASSED] - click: Object: 'Object Repository/MOH AND GRN/Page_KDMC/a_Sign out' is clicked on

2018-05-11 10:48:11 - [MESSAGE][PASSED] - Object: 'Object Repository/MOH AND GRN/Page_KDMC/a_Sign out' is clicked on

2018-05-11 10:48:11 - [TEST_STEP][PASSED] - delay: Delayed 4 second(s)

2018-05-11 10:48:15 - [MESSAGE][PASSED] - Delayed 4 second(s)

2018-05-11 10:48:15 - [TEST_STEP][PASSED] - click: Object: 'Object Repository/MOH AND GRN/Page_KDMC/a_CMS' is clicked on

2018-05-11 10:48:16 - [MESSAGE][PASSED] - Object: 'Object Repository/MOH AND GRN/Page_KDMC/a_CMS' is clicked on

2018-05-11 10:48:16 - [TEST_STEP][PASSED] - setText: Text 'bala' is set on object 'Object Repository/MOH AND GRN/Page_CMS login/input_txtusername'

2018-05-11 10:48:16 - [MESSAGE][PASSED] - Text 'bala' is set on object 'Object Repository/MOH AND GRN/Page_CMS login/input_txtusername'

2018-05-11 10:48:16 - [TEST_STEP][PASSED] - setText: Text '123' is set on object 'Object Repository/MOH AND GRN/Page_CMS login/input_txtpassword'

2018-05-11 10:48:16 - [MESSAGE][PASSED] - Text '123' is set on object 'Object Repository/MOH AND GRN/Page_CMS login/input_txtpassword'

2018-05-11 10:48:16 - [TEST_STEP][PASSED] - delay: Delayed 3 second(s)

2018-05-11 10:48:19 - [MESSAGE][PASSED] - Delayed 3 second(s)

2018-05-11 10:48:19 - [TEST_STEP][PASSED] - click: Object: 'Object Repository/MOH AND GRN/Page_CMS login/button_Sign in' is clicked on

2018-05-11 10:48:19 - [MESSAGE][PASSED] - Object: 'Object Repository/MOH AND GRN/Page_CMS login/button_Sign in' is clicked on

2018-05-11 10:48:19 - [TEST_STEP][PASSED] - click: Object: 'Object Repository/MOH AND GRN/Page_KDMC - CMS/a_CMS Details' is clicked on

2018-05-11 10:48:20 - [MESSAGE][PASSED] - Object: 'Object Repository/MOH AND GRN/Page_KDMC - CMS/a_CMS Details' is clicked on

2018-05-11 10:48:20 - [TEST_STEP][PASSED] - delay: Delayed 2 second(s)

2018-05-11 10:48:22 - [MESSAGE][PASSED] - Delayed 2 second(s)

2018-05-11 10:48:22 - [TEST_STEP][PASSED] - click: Object: 'Object Repository/MOH AND GRN/Page_KDMC - CMS/a_Goods Receive' is clicked on

2018-05-11 10:48:22 - [MESSAGE][PASSED] - Object: 'Object Repository/MOH AND GRN/Page_KDMC - CMS/a_Goods Receive' is clicked on

2018-05-11 10:48:22 - [TEST_STEP][PASSED] - delay: Delayed 2 second(s)

2018-05-11 10:48:24 - [MESSAGE][PASSED] - Delayed 2 second(s)

2018-05-11 10:48:24 - [TEST_STEP][PASSED] - selectOptionByLabel: All options with label 'PO0097' are selected in object 'Object Repository/MOH AND GRN/Page_KDMC - CMS/select_--Select--PO0032PO0031P' 

2018-05-11 10:48:24 - [MESSAGE][PASSED] - All options with label 'PO0097' are selected in object 'Object Repository/MOH AND GRN/Page_KDMC - CMS/select_--Select--PO0032PO0031P' 

2018-05-11 10:48:24 - [TEST_STEP][PASSED] - setText: Finding Test Object with id 'Object Repository/MOH AND GRN/Page_KDMC - CMS/input_txtgrnno'

2018-05-11 10:48:24 - [TEST_STEP][PASSED] - Statement - switch (id): Text 'INV218.0' is set on object 'Object Repository/MOH AND GRN/Page_KDMC - CMS/input_txtgrnno'

2018-05-11 10:48:24 - [TEST_STEP][PASSED] - Statement - case 2:: Text 'INV218.0' is set on object 'Object Repository/MOH AND GRN/Page_KDMC - CMS/input_txtgrnno'

2018-05-11 10:48:24 - [TEST_STEP][PASSED] - Statement - return (java.lang.Math.floor((java.lang.Math.random() * ((max - min) + 1))) + min): Text 'INV218.0' is set on object 'Object Repository/MOH AND GRN/Page_KDMC - CMS/input_txtgrnno'

2018-05-11 10:48:24 - [MESSAGE][PASSED] - Text 'INV218.0' is set on object 'Object Repository/MOH AND GRN/Page_KDMC - CMS/input_txtgrnno'

2018-05-11 10:48:24 - [TEST_STEP][PASSED] - selectOptionByIndex: All options with index in [1] are selected on object 'Object Repository/MOH AND GRN/Page_KDMC - CMS/select_--Select--PERUMAL PHARM'

2018-05-11 10:48:25 - [MESSAGE][PASSED] - All options with index in [1] are selected on object 'Object Repository/MOH AND GRN/Page_KDMC - CMS/select_--Select--PERUMAL PHARM'

2018-05-11 10:48:25 - [TEST_STEP][PASSED] - setText: Text '14000' is set on object 'Object Repository/MOH AND GRN/Page_KDMC - CMS/input_txtgrnno_1'

2018-05-11 10:48:25 - [MESSAGE][PASSED] - Text '14000' is set on object 'Object Repository/MOH AND GRN/Page_KDMC - CMS/input_txtgrnno_1'

2018-05-11 10:48:25 - [TEST_STEP][PASSED] - setText: Text '400' is set on object 'Object Repository/MOH AND GRN/Page_KDMC - CMS/input_txtgrnno_2'

2018-05-11 10:48:25 - [MESSAGE][PASSED] - Text '400' is set on object 'Object Repository/MOH AND GRN/Page_KDMC - CMS/input_txtgrnno_2'

2018-05-11 10:48:25 - [TEST_STEP][PASSED] - setText: Finding Test Object with id 'Object Repository/MOH AND GRN/Page_KDMC - CMS/input_txtgrnno_3'

2018-05-11 10:48:25 - [TEST_STEP][PASSED] - Statement - switch (id): Text 'CH416.0' is set on object 'Object Repository/MOH AND GRN/Page_KDMC - CMS/input_txtgrnno_3'

2018-05-11 10:48:25 - [TEST_STEP][PASSED] - Statement - case 3:: Text 'CH416.0' is set on object 'Object Repository/MOH AND GRN/Page_KDMC - CMS/input_txtgrnno_3'

2018-05-11 10:48:25 - [TEST_STEP][PASSED] - Statement - return (java.lang.Math.floor((java.lang.Math.random() * ((max - min) + 1))) + min): Text 'CH416.0' is set on object 'Object Repository/MOH AND GRN/Page_KDMC - CMS/input_txtgrnno_3'

2018-05-11 10:48:25 - [MESSAGE][PASSED] - Text 'CH416.0' is set on object 'Object Repository/MOH AND GRN/Page_KDMC - CMS/input_txtgrnno_3'

2018-05-11 10:48:25 - [TEST_STEP][PASSED] - scrollToPosition: Browser is scrolled to position x = 200, y = 200

2018-05-11 10:48:25 - [MESSAGE][PASSED] - Browser is scrolled to position x = 200, y = 200

2018-05-11 10:48:25 - [TEST_STEP][PASSED] - Statement - GrnLength = com.kms.katalon.core.webui.keyword.WebUiBuiltInKeywords.getNumberOfTotalOption(com.kms.katalon.core.testobject.ObjectRepository.findTestObject(MOH AND GRN/Page_KDMC - CMS/select_--Select--Amikacin -500)): 18 options of object 'Object Repository/MOH AND GRN/Page_KDMC - CMS/select_--Select--Amikacin -500' counted

2018-05-11 10:48:25 - [MESSAGE][PASSED] - 18 options of object 'Object Repository/MOH AND GRN/Page_KDMC - CMS/select_--Select--Amikacin -500' counted

2018-05-11 10:48:25 - [TEST_STEP][PASSED] - Statement - out.println("Length OF The Medicine " + GrnLength): null

2018-05-11 10:48:25 - [TEST_STEP][PASSED] - Statement - s = 1: null

2018-05-11 10:48:25 - [TEST_STEP][PASSED] - Statement - For ([t = 1, t < GrnLength, (t++)]): Finding Test Object with id 'Object Repository/MOH AND GRN/Page_KDMC - CMS/input_txtmrp'

2018-05-11 10:48:25 - [TEST_STEP][PASSED] - selectOptionByIndex: All options with index in [1] are selected on object 'Object Repository/MOH AND GRN/Page_KDMC - CMS/select_--Select--Amikacin -500'

2018-05-11 10:48:25 - [MESSAGE][PASSED] - All options with index in [1] are selected on object 'Object Repository/MOH AND GRN/Page_KDMC - CMS/select_--Select--Amikacin -500'

2018-05-11 10:48:25 - [TEST_STEP][PASSED] - setText: Text '5000' is set on object 'Object Repository/MOH AND GRN/Page_KDMC - CMS/input_txtqty'

2018-05-11 10:48:25 - [MESSAGE][PASSED] - Text '5000' is set on object 'Object Repository/MOH AND GRN/Page_KDMC - CMS/input_txtqty'

2018-05-11 10:48:25 - [TEST_STEP][PASSED] - selectOptionByIndex: All options with index in [1] are selected on object 'Object Repository/MOH AND GRN/Page_KDMC - CMS/select_--Select--No Tax0'

2018-05-11 10:48:25 - [MESSAGE][PASSED] - All options with index in [1] are selected on object 'Object Repository/MOH AND GRN/Page_KDMC - CMS/select_--Select--No Tax0'

2018-05-11 10:48:25 - [TEST_STEP][PASSED] - setText: Finding Test Object with id 'Object Repository/MOH AND GRN/Page_KDMC - CMS/input_txtmrp'

2018-05-11 10:48:25 - [TEST_STEP][PASSED] - Statement - switch (id): Finding Test Object with id 'Object Repository/MOH AND GRN/Page_KDMC - CMS/input_txtdeal'

2018-05-11 10:48:25 - [TEST_STEP][PASSED] - Statement - case 4:: Text '16.0' is set on object 'Object Repository/MOH AND GRN/Page_KDMC - CMS/input_txtmrp'

2018-05-11 10:48:25 - [TEST_STEP][PASSED] - Statement - return (java.lang.Math.floor((java.lang.Math.random() * ((max - min) + 1))) + min): Text '16.0' is set on object 'Object Repository/MOH AND GRN/Page_KDMC - CMS/input_txtmrp'

2018-05-11 10:48:26 - [MESSAGE][PASSED] - Text '16.0' is set on object 'Object Repository/MOH AND GRN/Page_KDMC - CMS/input_txtmrp'

2018-05-11 10:48:26 - [TEST_STEP][PASSED] - setText: Finding Test Object with id 'Object Repository/MOH AND GRN/Page_KDMC - CMS/input_txtdeal'

2018-05-11 10:48:26 - [TEST_STEP][PASSED] - Statement - switch (id): Finding Test Object with id 'Object Repository/MOH AND GRN/Page_KDMC - CMS/input_txtbatchno'

2018-05-11 10:48:26 - [TEST_STEP][PASSED] - Statement - case 5:: Text '3.0' is set on object 'Object Repository/MOH AND GRN/Page_KDMC - CMS/input_txtdeal'

2018-05-11 10:48:26 - [TEST_STEP][PASSED] - Statement - return (java.lang.Math.floor((java.lang.Math.random() * ((max - min) + 1))) + min): Text '3.0' is set on object 'Object Repository/MOH AND GRN/Page_KDMC - CMS/input_txtdeal'

2018-05-11 10:48:26 - [MESSAGE][PASSED] - Text '3.0' is set on object 'Object Repository/MOH AND GRN/Page_KDMC - CMS/input_txtdeal'

2018-05-11 10:48:26 - [TEST_STEP][PASSED] - setText: Finding Test Object with id 'Object Repository/MOH AND GRN/Page_KDMC - CMS/input_txtbatchno'

2018-05-11 10:48:26 - [TEST_STEP][PASSED] - Statement - switch (id): Finding Test Object with id 'Object Repository/MOH AND GRN/Page_KDMC - CMS/input_txtmrp'

2018-05-11 10:48:26 - [TEST_STEP][PASSED] - Statement - case 1:: Text 'BA700.0' is set on object 'Object Repository/MOH AND GRN/Page_KDMC - CMS/input_txtbatchno'

2018-05-11 10:48:26 - [TEST_STEP][PASSED] - Statement - return (java.lang.Math.floor((java.lang.Math.random() * ((max - min) + 1))) + min): Text 'BA700.0' is set on object 'Object Repository/MOH AND GRN/Page_KDMC - CMS/input_txtbatchno'

2018-05-11 10:48:26 - [MESSAGE][PASSED] - Text 'BA700.0' is set on object 'Object Repository/MOH AND GRN/Page_KDMC - CMS/input_txtbatchno'

2018-05-11 10:48:26 - [TEST_STEP][PASSED] - rightClick: Object: 'Object Repository/GRN/Page_KDMC - CMS/input_txtexpdate' is right clicked on

2018-05-11 10:48:26 - [MESSAGE][PASSED] - Object: 'Object Repository/GRN/Page_KDMC - CMS/input_txtexpdate' is right clicked on

2018-05-11 10:48:26 - [TEST_STEP][PASSED] - selectOptionByIndex: All options with index in [1] are selected on object 'Object Repository/GRN/Page_KDMC - CMS/select_20182019202020212022202'

2018-05-11 10:48:26 - [MESSAGE][PASSED] - All options with index in [1] are selected on object 'Object Repository/GRN/Page_KDMC - CMS/select_20182019202020212022202'

2018-05-11 10:48:26 - [TEST_STEP][PASSED] - selectOptionByIndex: All options with index in [1] are selected on object 'Object Repository/GRN/Page_KDMC - CMS/select_JanFebMarAprMayJunJulAu'

2018-05-11 10:48:26 - [MESSAGE][PASSED] - All options with index in [1] are selected on object 'Object Repository/GRN/Page_KDMC - CMS/select_JanFebMarAprMayJunJulAu'

2018-05-11 10:48:26 - [TEST_STEP][PASSED] - click: Object: 'Object Repository/MOH AND GRN/Page_KDMC - CMS/a_12' is clicked on

2018-05-11 10:48:26 - [MESSAGE][PASSED] - Object: 'Object Repository/MOH AND GRN/Page_KDMC - CMS/a_12' is clicked on

2018-05-11 10:48:26 - [TEST_STEP][PASSED] - click: Object: 'Object Repository/MOH AND GRN/Page_KDMC - CMS/input_btnadd' is clicked on

2018-05-11 10:48:26 - [MESSAGE][PASSED] - Object: 'Object Repository/MOH AND GRN/Page_KDMC - CMS/input_btnadd' is clicked on

2018-05-11 10:48:26 - [TEST_STEP][PASSED] - Statement - If (s == 10): null

2018-05-11 10:48:26 - [TEST_STEP][PASSED] - Statement - Else: null

2018-05-11 10:48:26 - [TEST_STEP][PASSED] - Statement - (s++): null

2018-05-11 10:48:26 - [TEST_STEP][PASSED] - delay: Delayed 1 second(s)

2018-05-11 10:48:27 - [MESSAGE][PASSED] - Delayed 1 second(s)

2018-05-11 10:48:27 - [TEST_STEP][PASSED] - selectOptionByIndex: All options with index in [2] are selected on object 'Object Repository/MOH AND GRN/Page_KDMC - CMS/select_--Select--Amikacin -500'

2018-05-11 10:48:28 - [MESSAGE][PASSED] - All options with index in [2] are selected on object 'Object Repository/MOH AND GRN/Page_KDMC - CMS/select_--Select--Amikacin -500'

2018-05-11 10:48:28 - [TEST_STEP][PASSED] - setText: Text '5000' is set on object 'Object Repository/MOH AND GRN/Page_KDMC - CMS/input_txtqty'

2018-05-11 10:48:28 - [MESSAGE][PASSED] - Text '5000' is set on object 'Object Repository/MOH AND GRN/Page_KDMC - CMS/input_txtqty'

2018-05-11 10:48:28 - [TEST_STEP][PASSED] - selectOptionByIndex: All options with index in [1] are selected on object 'Object Repository/MOH AND GRN/Page_KDMC - CMS/select_--Select--No Tax0'

2018-05-11 10:48:28 - [MESSAGE][PASSED] - All options with index in [1] are selected on object 'Object Repository/MOH AND GRN/Page_KDMC - CMS/select_--Select--No Tax0'

2018-05-11 10:48:28 - [TEST_STEP][PASSED] - setText: Finding Test Object with id 'Object Repository/MOH AND GRN/Page_KDMC - CMS/input_txtmrp'

2018-05-11 10:48:28 - [TEST_STEP][PASSED] - Statement - switch (id): Finding Test Object with id 'Object Repository/MOH AND GRN/Page_KDMC - CMS/input_txtdeal'

2018-05-11 10:48:28 - [TEST_STEP][PASSED] - Statement - case 4:: Text '32.0' is set on object 'Object Repository/MOH AND GRN/Page_KDMC - CMS/input_txtmrp'

2018-05-11 10:48:28 - [TEST_STEP][PASSED] - Statement - return (java.lang.Math.floor((java.lang.Math.random() * ((max - min) + 1))) + min): Text '32.0' is set on object 'Object Repository/MOH AND GRN/Page_KDMC - CMS/input_txtmrp'

2018-05-11 10:48:28 - [MESSAGE][PASSED] - Text '32.0' is set on object 'Object Repository/MOH AND GRN/Page_KDMC - CMS/input_txtmrp'

2018-05-11 10:48:28 - [TEST_STEP][PASSED] - setText: Finding Test Object with id 'Object Repository/MOH AND GRN/Page_KDMC - CMS/input_txtdeal'

2018-05-11 10:48:28 - [TEST_STEP][PASSED] - Statement - switch (id): Finding Test Object with id 'Object Repository/MOH AND GRN/Page_KDMC - CMS/input_txtbatchno'

2018-05-11 10:48:28 - [TEST_STEP][PASSED] - Statement - case 5:: Text '2.0' is set on object 'Object Repository/MOH AND GRN/Page_KDMC - CMS/input_txtdeal'

2018-05-11 10:48:28 - [TEST_STEP][PASSED] - Statement - return (java.lang.Math.floor((java.lang.Math.random() * ((max - min) + 1))) + min): Text '2.0' is set on object 'Object Repository/MOH AND GRN/Page_KDMC - CMS/input_txtdeal'

2018-05-11 10:48:28 - [MESSAGE][PASSED] - Text '2.0' is set on object 'Object Repository/MOH AND GRN/Page_KDMC - CMS/input_txtdeal'

2018-05-11 10:48:28 - [TEST_STEP][PASSED] - setText: Finding Test Object with id 'Object Repository/MOH AND GRN/Page_KDMC - CMS/input_txtbatchno'

2018-05-11 10:48:28 - [TEST_STEP][PASSED] - Statement - switch (id): Finding Test Object with id 'Object Repository/MOH AND GRN/Page_KDMC - CMS/input_txtmrp'

2018-05-11 10:48:28 - [TEST_STEP][PASSED] - Statement - case 1:: Text 'BA153.0' is set on object 'Object Repository/MOH AND GRN/Page_KDMC - CMS/input_txtbatchno'

2018-05-11 10:48:28 - [TEST_STEP][PASSED] - Statement - return (java.lang.Math.floor((java.lang.Math.random() * ((max - min) + 1))) + min): Text 'BA153.0' is set on object 'Object Repository/MOH AND GRN/Page_KDMC - CMS/input_txtbatchno'

2018-05-11 10:48:28 - [MESSAGE][PASSED] - Text 'BA153.0' is set on object 'Object Repository/MOH AND GRN/Page_KDMC - CMS/input_txtbatchno'

2018-05-11 10:48:28 - [TEST_STEP][PASSED] - rightClick: Object: 'Object Repository/GRN/Page_KDMC - CMS/input_txtexpdate' is right clicked on

2018-05-11 10:48:28 - [MESSAGE][PASSED] - Object: 'Object Repository/GRN/Page_KDMC - CMS/input_txtexpdate' is right clicked on

2018-05-11 10:48:28 - [TEST_STEP][PASSED] - selectOptionByIndex: All options with index in [2] are selected on object 'Object Repository/GRN/Page_KDMC - CMS/select_20182019202020212022202'

2018-05-11 10:48:28 - [MESSAGE][PASSED] - All options with index in [2] are selected on object 'Object Repository/GRN/Page_KDMC - CMS/select_20182019202020212022202'

2018-05-11 10:48:28 - [TEST_STEP][PASSED] - selectOptionByIndex: All options with index in [2] are selected on object 'Object Repository/GRN/Page_KDMC - CMS/select_JanFebMarAprMayJunJulAu'

2018-05-11 10:48:29 - [MESSAGE][PASSED] - All options with index in [2] are selected on object 'Object Repository/GRN/Page_KDMC - CMS/select_JanFebMarAprMayJunJulAu'

2018-05-11 10:48:29 - [TEST_STEP][PASSED] - click: Object: 'Object Repository/MOH AND GRN/Page_KDMC - CMS/a_12' is clicked on

2018-05-11 10:48:29 - [MESSAGE][PASSED] - Object: 'Object Repository/MOH AND GRN/Page_KDMC - CMS/a_12' is clicked on

2018-05-11 10:48:29 - [TEST_STEP][PASSED] - click: Object: 'Object Repository/MOH AND GRN/Page_KDMC - CMS/input_btnadd' is clicked on

2018-05-11 10:48:29 - [MESSAGE][PASSED] - Object: 'Object Repository/MOH AND GRN/Page_KDMC - CMS/input_btnadd' is clicked on

2018-05-11 10:48:29 - [TEST_STEP][PASSED] - Statement - If (s == 10): null

2018-05-11 10:48:29 - [TEST_STEP][PASSED] - Statement - Else: null

2018-05-11 10:48:29 - [TEST_STEP][PASSED] - Statement - (s++): null

2018-05-11 10:48:29 - [TEST_STEP][PASSED] - delay: Delayed 1 second(s)

2018-05-11 10:48:30 - [MESSAGE][PASSED] - Delayed 1 second(s)

2018-05-11 10:48:30 - [TEST_STEP][PASSED] - selectOptionByIndex: All options with index in [3] are selected on object 'Object Repository/MOH AND GRN/Page_KDMC - CMS/select_--Select--Amikacin -500'

2018-05-11 10:48:30 - [MESSAGE][PASSED] - All options with index in [3] are selected on object 'Object Repository/MOH AND GRN/Page_KDMC - CMS/select_--Select--Amikacin -500'

2018-05-11 10:48:30 - [TEST_STEP][PASSED] - setText: Text '5000' is set on object 'Object Repository/MOH AND GRN/Page_KDMC - CMS/input_txtqty'

2018-05-11 10:48:30 - [MESSAGE][PASSED] - Text '5000' is set on object 'Object Repository/MOH AND GRN/Page_KDMC - CMS/input_txtqty'

2018-05-11 10:48:30 - [TEST_STEP][PASSED] - selectOptionByIndex: All options with index in [1] are selected on object 'Object Repository/MOH AND GRN/Page_KDMC - CMS/select_--Select--No Tax0'

2018-05-11 10:48:30 - [MESSAGE][PASSED] - All options with index in [1] are selected on object 'Object Repository/MOH AND GRN/Page_KDMC - CMS/select_--Select--No Tax0'

2018-05-11 10:48:30 - [TEST_STEP][PASSED] - setText: Finding Test Object with id 'Object Repository/MOH AND GRN/Page_KDMC - CMS/input_txtmrp'

2018-05-11 10:48:30 - [TEST_STEP][PASSED] - Statement - switch (id): Finding Test Object with id 'Object Repository/MOH AND GRN/Page_KDMC - CMS/input_txtdeal'

2018-05-11 10:48:30 - [TEST_STEP][PASSED] - Statement - case 4:: Text '38.0' is set on object 'Object Repository/MOH AND GRN/Page_KDMC - CMS/input_txtmrp'

2018-05-11 10:48:30 - [TEST_STEP][PASSED] - Statement - return (java.lang.Math.floor((java.lang.Math.random() * ((max - min) + 1))) + min): Text '38.0' is set on object 'Object Repository/MOH AND GRN/Page_KDMC - CMS/input_txtmrp'

2018-05-11 10:48:30 - [MESSAGE][PASSED] - Text '38.0' is set on object 'Object Repository/MOH AND GRN/Page_KDMC - CMS/input_txtmrp'

2018-05-11 10:48:30 - [TEST_STEP][PASSED] - setText: Finding Test Object with id 'Object Repository/MOH AND GRN/Page_KDMC - CMS/input_txtdeal'

2018-05-11 10:48:30 - [TEST_STEP][PASSED] - Statement - switch (id): Finding Test Object with id 'Object Repository/MOH AND GRN/Page_KDMC - CMS/input_txtbatchno'

2018-05-11 10:48:30 - [TEST_STEP][PASSED] - Statement - case 5:: Text '9.0' is set on object 'Object Repository/MOH AND GRN/Page_KDMC - CMS/input_txtdeal'

2018-05-11 10:48:30 - [TEST_STEP][PASSED] - Statement - return (java.lang.Math.floor((java.lang.Math.random() * ((max - min) + 1))) + min): Text '9.0' is set on object 'Object Repository/MOH AND GRN/Page_KDMC - CMS/input_txtdeal'

2018-05-11 10:48:30 - [MESSAGE][PASSED] - Text '9.0' is set on object 'Object Repository/MOH AND GRN/Page_KDMC - CMS/input_txtdeal'

2018-05-11 10:48:30 - [TEST_STEP][PASSED] - setText: Finding Test Object with id 'Object Repository/MOH AND GRN/Page_KDMC - CMS/input_txtbatchno'

2018-05-11 10:48:30 - [TEST_STEP][PASSED] - Statement - switch (id): Finding Test Object with id 'Object Repository/MOH AND GRN/Page_KDMC - CMS/input_txtmrp'

2018-05-11 10:48:30 - [TEST_STEP][PASSED] - Statement - case 1:: Text 'BA257.0' is set on object 'Object Repository/MOH AND GRN/Page_KDMC - CMS/input_txtbatchno'

2018-05-11 10:48:30 - [TEST_STEP][PASSED] - Statement - return (java.lang.Math.floor((java.lang.Math.random() * ((max - min) + 1))) + min): Text 'BA257.0' is set on object 'Object Repository/MOH AND GRN/Page_KDMC - CMS/input_txtbatchno'

2018-05-11 10:48:30 - [MESSAGE][PASSED] - Text 'BA257.0' is set on object 'Object Repository/MOH AND GRN/Page_KDMC - CMS/input_txtbatchno'

2018-05-11 10:48:30 - [TEST_STEP][PASSED] - rightClick: Object: 'Object Repository/GRN/Page_KDMC - CMS/input_txtexpdate' is right clicked on

2018-05-11 10:48:30 - [MESSAGE][PASSED] - Object: 'Object Repository/GRN/Page_KDMC - CMS/input_txtexpdate' is right clicked on

2018-05-11 10:48:30 - [TEST_STEP][PASSED] - selectOptionByIndex: All options with index in [3] are selected on object 'Object Repository/GRN/Page_KDMC - CMS/select_20182019202020212022202'

2018-05-11 10:48:31 - [MESSAGE][PASSED] - All options with index in [3] are selected on object 'Object Repository/GRN/Page_KDMC - CMS/select_20182019202020212022202'

2018-05-11 10:48:31 - [TEST_STEP][PASSED] - selectOptionByIndex: All options with index in [3] are selected on object 'Object Repository/GRN/Page_KDMC - CMS/select_JanFebMarAprMayJunJulAu'

2018-05-11 10:48:31 - [MESSAGE][PASSED] - All options with index in [3] are selected on object 'Object Repository/GRN/Page_KDMC - CMS/select_JanFebMarAprMayJunJulAu'

2018-05-11 10:48:31 - [TEST_STEP][PASSED] - click: Object: 'Object Repository/MOH AND GRN/Page_KDMC - CMS/a_12' is clicked on

2018-05-11 10:48:31 - [MESSAGE][PASSED] - Object: 'Object Repository/MOH AND GRN/Page_KDMC - CMS/a_12' is clicked on

2018-05-11 10:48:31 - [TEST_STEP][PASSED] - click: Object: 'Object Repository/MOH AND GRN/Page_KDMC - CMS/input_btnadd' is clicked on

2018-05-11 10:48:31 - [MESSAGE][PASSED] - Object: 'Object Repository/MOH AND GRN/Page_KDMC - CMS/input_btnadd' is clicked on

2018-05-11 10:48:31 - [TEST_STEP][PASSED] - Statement - If (s == 10): null

2018-05-11 10:48:31 - [TEST_STEP][PASSED] - Statement - Else: null

2018-05-11 10:48:31 - [TEST_STEP][PASSED] - Statement - (s++): null

2018-05-11 10:48:31 - [TEST_STEP][PASSED] - delay: Delayed 1 second(s)

2018-05-11 10:48:32 - [MESSAGE][PASSED] - Delayed 1 second(s)

2018-05-11 10:48:32 - [TEST_STEP][PASSED] - selectOptionByIndex: All options with index in [4] are selected on object 'Object Repository/MOH AND GRN/Page_KDMC - CMS/select_--Select--Amikacin -500'

2018-05-11 10:48:32 - [MESSAGE][PASSED] - All options with index in [4] are selected on object 'Object Repository/MOH AND GRN/Page_KDMC - CMS/select_--Select--Amikacin -500'

2018-05-11 10:48:32 - [TEST_STEP][PASSED] - setText: Text '5000' is set on object 'Object Repository/MOH AND GRN/Page_KDMC - CMS/input_txtqty'

2018-05-11 10:48:32 - [MESSAGE][PASSED] - Text '5000' is set on object 'Object Repository/MOH AND GRN/Page_KDMC - CMS/input_txtqty'

2018-05-11 10:48:32 - [TEST_STEP][PASSED] - selectOptionByIndex: All options with index in [1] are selected on object 'Object Repository/MOH AND GRN/Page_KDMC - CMS/select_--Select--No Tax0'

2018-05-11 10:48:32 - [MESSAGE][PASSED] - All options with index in [1] are selected on object 'Object Repository/MOH AND GRN/Page_KDMC - CMS/select_--Select--No Tax0'

2018-05-11 10:48:32 - [TEST_STEP][PASSED] - setText: Finding Test Object with id 'Object Repository/MOH AND GRN/Page_KDMC - CMS/input_txtmrp'

2018-05-11 10:48:32 - [TEST_STEP][PASSED] - Statement - switch (id): Finding Test Object with id 'Object Repository/MOH AND GRN/Page_KDMC - CMS/input_txtdeal'

2018-05-11 10:48:32 - [TEST_STEP][PASSED] - Statement - case 4:: Text '26.0' is set on object 'Object Repository/MOH AND GRN/Page_KDMC - CMS/input_txtmrp'

2018-05-11 10:48:32 - [TEST_STEP][PASSED] - Statement - return (java.lang.Math.floor((java.lang.Math.random() * ((max - min) + 1))) + min): Text '26.0' is set on object 'Object Repository/MOH AND GRN/Page_KDMC - CMS/input_txtmrp'

2018-05-11 10:48:32 - [MESSAGE][PASSED] - Text '26.0' is set on object 'Object Repository/MOH AND GRN/Page_KDMC - CMS/input_txtmrp'

2018-05-11 10:48:32 - [TEST_STEP][PASSED] - setText: Finding Test Object with id 'Object Repository/MOH AND GRN/Page_KDMC - CMS/input_txtdeal'

2018-05-11 10:48:32 - [TEST_STEP][PASSED] - Statement - switch (id): Finding Test Object with id 'Object Repository/MOH AND GRN/Page_KDMC - CMS/input_txtbatchno'

2018-05-11 10:48:32 - [TEST_STEP][PASSED] - Statement - case 5:: Text '9.0' is set on object 'Object Repository/MOH AND GRN/Page_KDMC - CMS/input_txtdeal'

2018-05-11 10:48:32 - [TEST_STEP][PASSED] - Statement - return (java.lang.Math.floor((java.lang.Math.random() * ((max - min) + 1))) + min): Text '9.0' is set on object 'Object Repository/MOH AND GRN/Page_KDMC - CMS/input_txtdeal'

2018-05-11 10:48:33 - [MESSAGE][PASSED] - Text '9.0' is set on object 'Object Repository/MOH AND GRN/Page_KDMC - CMS/input_txtdeal'

2018-05-11 10:48:33 - [TEST_STEP][PASSED] - setText: Finding Test Object with id 'Object Repository/MOH AND GRN/Page_KDMC - CMS/input_txtbatchno'

2018-05-11 10:48:33 - [TEST_STEP][PASSED] - Statement - switch (id): Finding Test Object with id 'Object Repository/MOH AND GRN/Page_KDMC - CMS/input_txtmrp'

2018-05-11 10:48:33 - [TEST_STEP][PASSED] - Statement - case 1:: Text 'BA857.0' is set on object 'Object Repository/MOH AND GRN/Page_KDMC - CMS/input_txtbatchno'

2018-05-11 10:48:33 - [TEST_STEP][PASSED] - Statement - return (java.lang.Math.floor((java.lang.Math.random() * ((max - min) + 1))) + min): Text 'BA857.0' is set on object 'Object Repository/MOH AND GRN/Page_KDMC - CMS/input_txtbatchno'

2018-05-11 10:48:33 - [MESSAGE][PASSED] - Text 'BA857.0' is set on object 'Object Repository/MOH AND GRN/Page_KDMC - CMS/input_txtbatchno'

2018-05-11 10:48:33 - [TEST_STEP][PASSED] - rightClick: Object: 'Object Repository/GRN/Page_KDMC - CMS/input_txtexpdate' is right clicked on

2018-05-11 10:48:33 - [MESSAGE][PASSED] - Object: 'Object Repository/GRN/Page_KDMC - CMS/input_txtexpdate' is right clicked on

2018-05-11 10:48:33 - [TEST_STEP][PASSED] - selectOptionByIndex: All options with index in [4] are selected on object 'Object Repository/GRN/Page_KDMC - CMS/select_20182019202020212022202'

2018-05-11 10:48:33 - [MESSAGE][PASSED] - All options with index in [4] are selected on object 'Object Repository/GRN/Page_KDMC - CMS/select_20182019202020212022202'

2018-05-11 10:48:33 - [TEST_STEP][PASSED] - selectOptionByIndex: All options with index in [4] are selected on object 'Object Repository/GRN/Page_KDMC - CMS/select_JanFebMarAprMayJunJulAu'

2018-05-11 10:48:33 - [MESSAGE][PASSED] - All options with index in [4] are selected on object 'Object Repository/GRN/Page_KDMC - CMS/select_JanFebMarAprMayJunJulAu'

2018-05-11 10:48:33 - [TEST_STEP][PASSED] - click: Object: 'Object Repository/MOH AND GRN/Page_KDMC - CMS/a_12' is clicked on

2018-05-11 10:48:33 - [MESSAGE][PASSED] - Object: 'Object Repository/MOH AND GRN/Page_KDMC - CMS/a_12' is clicked on

2018-05-11 10:48:33 - [TEST_STEP][PASSED] - click: Object: 'Object Repository/MOH AND GRN/Page_KDMC - CMS/input_btnadd' is clicked on

2018-05-11 10:48:33 - [MESSAGE][PASSED] - Object: 'Object Repository/MOH AND GRN/Page_KDMC - CMS/input_btnadd' is clicked on

2018-05-11 10:48:33 - [TEST_STEP][PASSED] - Statement - If (s == 10): null

2018-05-11 10:48:33 - [TEST_STEP][PASSED] - Statement - Else: null

2018-05-11 10:48:33 - [TEST_STEP][PASSED] - Statement - (s++): null

2018-05-11 10:48:33 - [TEST_STEP][PASSED] - delay: Delayed 1 second(s)

2018-05-11 10:48:34 - [MESSAGE][PASSED] - Delayed 1 second(s)

2018-05-11 10:48:34 - [TEST_STEP][PASSED] - selectOptionByIndex: All options with index in [5] are selected on object 'Object Repository/MOH AND GRN/Page_KDMC - CMS/select_--Select--Amikacin -500'

2018-05-11 10:48:34 - [MESSAGE][PASSED] - All options with index in [5] are selected on object 'Object Repository/MOH AND GRN/Page_KDMC - CMS/select_--Select--Amikacin -500'

2018-05-11 10:48:34 - [TEST_STEP][PASSED] - setText: Text '5000' is set on object 'Object Repository/MOH AND GRN/Page_KDMC - CMS/input_txtqty'

2018-05-11 10:48:34 - [MESSAGE][PASSED] - Text '5000' is set on object 'Object Repository/MOH AND GRN/Page_KDMC - CMS/input_txtqty'

2018-05-11 10:48:34 - [TEST_STEP][PASSED] - selectOptionByIndex: All options with index in [1] are selected on object 'Object Repository/MOH AND GRN/Page_KDMC - CMS/select_--Select--No Tax0'

2018-05-11 10:48:35 - [MESSAGE][PASSED] - All options with index in [1] are selected on object 'Object Repository/MOH AND GRN/Page_KDMC - CMS/select_--Select--No Tax0'

2018-05-11 10:48:35 - [TEST_STEP][PASSED] - setText: Finding Test Object with id 'Object Repository/MOH AND GRN/Page_KDMC - CMS/input_txtmrp'

2018-05-11 10:48:35 - [TEST_STEP][PASSED] - Statement - switch (id): Finding Test Object with id 'Object Repository/MOH AND GRN/Page_KDMC - CMS/input_txtdeal'

2018-05-11 10:48:35 - [TEST_STEP][PASSED] - Statement - case 4:: Text '27.0' is set on object 'Object Repository/MOH AND GRN/Page_KDMC - CMS/input_txtmrp'

2018-05-11 10:48:35 - [TEST_STEP][PASSED] - Statement - return (java.lang.Math.floor((java.lang.Math.random() * ((max - min) + 1))) + min): Text '27.0' is set on object 'Object Repository/MOH AND GRN/Page_KDMC - CMS/input_txtmrp'

2018-05-11 10:48:35 - [MESSAGE][PASSED] - Text '27.0' is set on object 'Object Repository/MOH AND GRN/Page_KDMC - CMS/input_txtmrp'

2018-05-11 10:48:35 - [TEST_STEP][PASSED] - setText: Finding Test Object with id 'Object Repository/MOH AND GRN/Page_KDMC - CMS/input_txtdeal'

2018-05-11 10:48:35 - [TEST_STEP][PASSED] - Statement - switch (id): Finding Test Object with id 'Object Repository/MOH AND GRN/Page_KDMC - CMS/input_txtbatchno'

2018-05-11 10:48:35 - [TEST_STEP][PASSED] - Statement - case 5:: Text '7.0' is set on object 'Object Repository/MOH AND GRN/Page_KDMC - CMS/input_txtdeal'

2018-05-11 10:48:35 - [TEST_STEP][PASSED] - Statement - return (java.lang.Math.floor((java.lang.Math.random() * ((max - min) + 1))) + min): Text '7.0' is set on object 'Object Repository/MOH AND GRN/Page_KDMC - CMS/input_txtdeal'

2018-05-11 10:48:35 - [MESSAGE][PASSED] - Text '7.0' is set on object 'Object Repository/MOH AND GRN/Page_KDMC - CMS/input_txtdeal'

2018-05-11 10:48:35 - [TEST_STEP][PASSED] - setText: Finding Test Object with id 'Object Repository/MOH AND GRN/Page_KDMC - CMS/input_txtbatchno'

2018-05-11 10:48:35 - [TEST_STEP][PASSED] - Statement - switch (id): Finding Test Object with id 'Object Repository/MOH AND GRN/Page_KDMC - CMS/input_txtmrp'

2018-05-11 10:48:35 - [TEST_STEP][PASSED] - Statement - case 1:: Text 'BA499.0' is set on object 'Object Repository/MOH AND GRN/Page_KDMC - CMS/input_txtbatchno'

2018-05-11 10:48:35 - [TEST_STEP][PASSED] - Statement - return (java.lang.Math.floor((java.lang.Math.random() * ((max - min) + 1))) + min): Text 'BA499.0' is set on object 'Object Repository/MOH AND GRN/Page_KDMC - CMS/input_txtbatchno'

2018-05-11 10:48:35 - [MESSAGE][PASSED] - Text 'BA499.0' is set on object 'Object Repository/MOH AND GRN/Page_KDMC - CMS/input_txtbatchno'

2018-05-11 10:48:35 - [TEST_STEP][PASSED] - rightClick: Object: 'Object Repository/GRN/Page_KDMC - CMS/input_txtexpdate' is right clicked on

2018-05-11 10:48:35 - [MESSAGE][PASSED] - Object: 'Object Repository/GRN/Page_KDMC - CMS/input_txtexpdate' is right clicked on

2018-05-11 10:48:35 - [TEST_STEP][PASSED] - selectOptionByIndex: All options with index in [5] are selected on object 'Object Repository/GRN/Page_KDMC - CMS/select_20182019202020212022202'

2018-05-11 10:48:35 - [MESSAGE][PASSED] - All options with index in [5] are selected on object 'Object Repository/GRN/Page_KDMC - CMS/select_20182019202020212022202'

2018-05-11 10:48:35 - [TEST_STEP][PASSED] - selectOptionByIndex: All options with index in [5] are selected on object 'Object Repository/GRN/Page_KDMC - CMS/select_JanFebMarAprMayJunJulAu'

2018-05-11 10:48:35 - [MESSAGE][PASSED] - All options with index in [5] are selected on object 'Object Repository/GRN/Page_KDMC - CMS/select_JanFebMarAprMayJunJulAu'

2018-05-11 10:48:35 - [TEST_STEP][PASSED] - click: Object: 'Object Repository/MOH AND GRN/Page_KDMC - CMS/a_12' is clicked on

2018-05-11 10:48:35 - [MESSAGE][PASSED] - Object: 'Object Repository/MOH AND GRN/Page_KDMC - CMS/a_12' is clicked on

2018-05-11 10:48:35 - [TEST_STEP][PASSED] - click: Object: 'Object Repository/MOH AND GRN/Page_KDMC - CMS/input_btnadd' is clicked on

2018-05-11 10:48:35 - [MESSAGE][PASSED] - Object: 'Object Repository/MOH AND GRN/Page_KDMC - CMS/input_btnadd' is clicked on

2018-05-11 10:48:35 - [TEST_STEP][PASSED] - Statement - If (s == 10): null

2018-05-11 10:48:35 - [TEST_STEP][PASSED] - Statement - Else: null

2018-05-11 10:48:35 - [TEST_STEP][PASSED] - Statement - (s++): null

2018-05-11 10:48:35 - [TEST_STEP][PASSED] - delay: Delayed 1 second(s)

2018-05-11 10:48:36 - [MESSAGE][PASSED] - Delayed 1 second(s)

2018-05-11 10:48:36 - [TEST_STEP][PASSED] - selectOptionByIndex: All options with index in [6] are selected on object 'Object Repository/MOH AND GRN/Page_KDMC - CMS/select_--Select--Amikacin -500'

2018-05-11 10:48:37 - [MESSAGE][PASSED] - All options with index in [6] are selected on object 'Object Repository/MOH AND GRN/Page_KDMC - CMS/select_--Select--Amikacin -500'

2018-05-11 10:48:37 - [TEST_STEP][PASSED] - setText: Text '5000' is set on object 'Object Repository/MOH AND GRN/Page_KDMC - CMS/input_txtqty'

2018-05-11 10:48:37 - [MESSAGE][PASSED] - Text '5000' is set on object 'Object Repository/MOH AND GRN/Page_KDMC - CMS/input_txtqty'

2018-05-11 10:48:37 - [TEST_STEP][PASSED] - selectOptionByIndex: All options with index in [1] are selected on object 'Object Repository/MOH AND GRN/Page_KDMC - CMS/select_--Select--No Tax0'

2018-05-11 10:48:37 - [MESSAGE][PASSED] - All options with index in [1] are selected on object 'Object Repository/MOH AND GRN/Page_KDMC - CMS/select_--Select--No Tax0'

2018-05-11 10:48:37 - [TEST_STEP][PASSED] - setText: Finding Test Object with id 'Object Repository/MOH AND GRN/Page_KDMC - CMS/input_txtmrp'

2018-05-11 10:48:37 - [TEST_STEP][PASSED] - Statement - switch (id): Finding Test Object with id 'Object Repository/MOH AND GRN/Page_KDMC - CMS/input_txtdeal'

2018-05-11 10:48:37 - [TEST_STEP][PASSED] - Statement - case 4:: Text '15.0' is set on object 'Object Repository/MOH AND GRN/Page_KDMC - CMS/input_txtmrp'

2018-05-11 10:48:37 - [TEST_STEP][PASSED] - Statement - return (java.lang.Math.floor((java.lang.Math.random() * ((max - min) + 1))) + min): Text '15.0' is set on object 'Object Repository/MOH AND GRN/Page_KDMC - CMS/input_txtmrp'

2018-05-11 10:48:37 - [MESSAGE][PASSED] - Text '15.0' is set on object 'Object Repository/MOH AND GRN/Page_KDMC - CMS/input_txtmrp'

2018-05-11 10:48:37 - [TEST_STEP][PASSED] - setText: Finding Test Object with id 'Object Repository/MOH AND GRN/Page_KDMC - CMS/input_txtdeal'

2018-05-11 10:48:37 - [TEST_STEP][PASSED] - Statement - switch (id): Finding Test Object with id 'Object Repository/MOH AND GRN/Page_KDMC - CMS/input_txtbatchno'

2018-05-11 10:48:37 - [TEST_STEP][PASSED] - Statement - case 5:: Text '3.0' is set on object 'Object Repository/MOH AND GRN/Page_KDMC - CMS/input_txtdeal'

2018-05-11 10:48:37 - [TEST_STEP][PASSED] - Statement - return (java.lang.Math.floor((java.lang.Math.random() * ((max - min) + 1))) + min): Text '3.0' is set on object 'Object Repository/MOH AND GRN/Page_KDMC - CMS/input_txtdeal'

2018-05-11 10:48:37 - [MESSAGE][PASSED] - Text '3.0' is set on object 'Object Repository/MOH AND GRN/Page_KDMC - CMS/input_txtdeal'

2018-05-11 10:48:37 - [TEST_STEP][PASSED] - setText: Finding Test Object with id 'Object Repository/MOH AND GRN/Page_KDMC - CMS/input_txtbatchno'

2018-05-11 10:48:37 - [TEST_STEP][PASSED] - Statement - switch (id): Finding Test Object with id 'Object Repository/MOH AND GRN/Page_KDMC - CMS/input_txtmrp'

2018-05-11 10:48:37 - [TEST_STEP][PASSED] - Statement - case 1:: Text 'BA810.0' is set on object 'Object Repository/MOH AND GRN/Page_KDMC - CMS/input_txtbatchno'

2018-05-11 10:48:37 - [TEST_STEP][PASSED] - Statement - return (java.lang.Math.floor((java.lang.Math.random() * ((max - min) + 1))) + min): Text 'BA810.0' is set on object 'Object Repository/MOH AND GRN/Page_KDMC - CMS/input_txtbatchno'

2018-05-11 10:48:37 - [MESSAGE][PASSED] - Text 'BA810.0' is set on object 'Object Repository/MOH AND GRN/Page_KDMC - CMS/input_txtbatchno'

2018-05-11 10:48:37 - [TEST_STEP][PASSED] - rightClick: Object: 'Object Repository/GRN/Page_KDMC - CMS/input_txtexpdate' is right clicked on

2018-05-11 10:48:37 - [MESSAGE][PASSED] - Object: 'Object Repository/GRN/Page_KDMC - CMS/input_txtexpdate' is right clicked on

2018-05-11 10:48:37 - [TEST_STEP][PASSED] - selectOptionByIndex: All options with index in [6] are selected on object 'Object Repository/GRN/Page_KDMC - CMS/select_20182019202020212022202'

2018-05-11 10:48:37 - [MESSAGE][PASSED] - All options with index in [6] are selected on object 'Object Repository/GRN/Page_KDMC - CMS/select_20182019202020212022202'

2018-05-11 10:48:37 - [TEST_STEP][PASSED] - selectOptionByIndex: All options with index in [6] are selected on object 'Object Repository/GRN/Page_KDMC - CMS/select_JanFebMarAprMayJunJulAu'

2018-05-11 10:48:38 - [MESSAGE][PASSED] - All options with index in [6] are selected on object 'Object Repository/GRN/Page_KDMC - CMS/select_JanFebMarAprMayJunJulAu'

2018-05-11 10:48:38 - [TEST_STEP][PASSED] - click: Object: 'Object Repository/MOH AND GRN/Page_KDMC - CMS/a_12' is clicked on

2018-05-11 10:48:38 - [MESSAGE][PASSED] - Object: 'Object Repository/MOH AND GRN/Page_KDMC - CMS/a_12' is clicked on

2018-05-11 10:48:38 - [TEST_STEP][PASSED] - click: Object: 'Object Repository/MOH AND GRN/Page_KDMC - CMS/input_btnadd' is clicked on

2018-05-11 10:48:38 - [MESSAGE][PASSED] - Object: 'Object Repository/MOH AND GRN/Page_KDMC - CMS/input_btnadd' is clicked on

2018-05-11 10:48:38 - [TEST_STEP][PASSED] - Statement - If (s == 10): null

2018-05-11 10:48:38 - [TEST_STEP][PASSED] - Statement - Else: null

2018-05-11 10:48:38 - [TEST_STEP][PASSED] - Statement - (s++): null

2018-05-11 10:48:38 - [TEST_STEP][PASSED] - delay: Delayed 1 second(s)

2018-05-11 10:48:39 - [MESSAGE][PASSED] - Delayed 1 second(s)

2018-05-11 10:48:39 - [TEST_STEP][PASSED] - selectOptionByIndex: All options with index in [7] are selected on object 'Object Repository/MOH AND GRN/Page_KDMC - CMS/select_--Select--Amikacin -500'

2018-05-11 10:48:39 - [MESSAGE][PASSED] - All options with index in [7] are selected on object 'Object Repository/MOH AND GRN/Page_KDMC - CMS/select_--Select--Amikacin -500'

2018-05-11 10:48:39 - [TEST_STEP][PASSED] - setText: Text '5000' is set on object 'Object Repository/MOH AND GRN/Page_KDMC - CMS/input_txtqty'

2018-05-11 10:48:39 - [MESSAGE][PASSED] - Text '5000' is set on object 'Object Repository/MOH AND GRN/Page_KDMC - CMS/input_txtqty'

2018-05-11 10:48:39 - [TEST_STEP][PASSED] - selectOptionByIndex: All options with index in [1] are selected on object 'Object Repository/MOH AND GRN/Page_KDMC - CMS/select_--Select--No Tax0'

2018-05-11 10:48:39 - [MESSAGE][PASSED] - All options with index in [1] are selected on object 'Object Repository/MOH AND GRN/Page_KDMC - CMS/select_--Select--No Tax0'

2018-05-11 10:48:39 - [TEST_STEP][PASSED] - setText: Finding Test Object with id 'Object Repository/MOH AND GRN/Page_KDMC - CMS/input_txtmrp'

2018-05-11 10:48:39 - [TEST_STEP][PASSED] - Statement - switch (id): Finding Test Object with id 'Object Repository/MOH AND GRN/Page_KDMC - CMS/input_txtdeal'

2018-05-11 10:48:39 - [TEST_STEP][PASSED] - Statement - case 4:: Text '42.0' is set on object 'Object Repository/MOH AND GRN/Page_KDMC - CMS/input_txtmrp'

2018-05-11 10:48:39 - [TEST_STEP][PASSED] - Statement - return (java.lang.Math.floor((java.lang.Math.random() * ((max - min) + 1))) + min): Text '42.0' is set on object 'Object Repository/MOH AND GRN/Page_KDMC - CMS/input_txtmrp'

2018-05-11 10:48:39 - [MESSAGE][PASSED] - Text '42.0' is set on object 'Object Repository/MOH AND GRN/Page_KDMC - CMS/input_txtmrp'

2018-05-11 10:48:39 - [TEST_STEP][PASSED] - setText: Finding Test Object with id 'Object Repository/MOH AND GRN/Page_KDMC - CMS/input_txtdeal'

2018-05-11 10:48:39 - [TEST_STEP][PASSED] - Statement - switch (id): Finding Test Object with id 'Object Repository/MOH AND GRN/Page_KDMC - CMS/input_txtbatchno'

2018-05-11 10:48:39 - [TEST_STEP][PASSED] - Statement - case 5:: Text '5.0' is set on object 'Object Repository/MOH AND GRN/Page_KDMC - CMS/input_txtdeal'

2018-05-11 10:48:39 - [TEST_STEP][PASSED] - Statement - return (java.lang.Math.floor((java.lang.Math.random() * ((max - min) + 1))) + min): Text '5.0' is set on object 'Object Repository/MOH AND GRN/Page_KDMC - CMS/input_txtdeal'

2018-05-11 10:48:39 - [MESSAGE][PASSED] - Text '5.0' is set on object 'Object Repository/MOH AND GRN/Page_KDMC - CMS/input_txtdeal'

2018-05-11 10:48:39 - [TEST_STEP][PASSED] - setText: Finding Test Object with id 'Object Repository/MOH AND GRN/Page_KDMC - CMS/input_txtbatchno'

2018-05-11 10:48:39 - [TEST_STEP][PASSED] - Statement - switch (id): Finding Test Object with id 'Object Repository/MOH AND GRN/Page_KDMC - CMS/input_txtmrp'

2018-05-11 10:48:39 - [TEST_STEP][PASSED] - Statement - case 1:: Text 'BA993.0' is set on object 'Object Repository/MOH AND GRN/Page_KDMC - CMS/input_txtbatchno'

2018-05-11 10:48:39 - [TEST_STEP][PASSED] - Statement - return (java.lang.Math.floor((java.lang.Math.random() * ((max - min) + 1))) + min): Text 'BA993.0' is set on object 'Object Repository/MOH AND GRN/Page_KDMC - CMS/input_txtbatchno'

2018-05-11 10:48:40 - [MESSAGE][PASSED] - Text 'BA993.0' is set on object 'Object Repository/MOH AND GRN/Page_KDMC - CMS/input_txtbatchno'

2018-05-11 10:48:40 - [TEST_STEP][PASSED] - rightClick: Object: 'Object Repository/GRN/Page_KDMC - CMS/input_txtexpdate' is right clicked on

2018-05-11 10:48:40 - [MESSAGE][PASSED] - Object: 'Object Repository/GRN/Page_KDMC - CMS/input_txtexpdate' is right clicked on

2018-05-11 10:48:40 - [TEST_STEP][PASSED] - selectOptionByIndex: All options with index in [7] are selected on object 'Object Repository/GRN/Page_KDMC - CMS/select_20182019202020212022202'

2018-05-11 10:48:40 - [MESSAGE][PASSED] - All options with index in [7] are selected on object 'Object Repository/GRN/Page_KDMC - CMS/select_20182019202020212022202'

2018-05-11 10:48:40 - [TEST_STEP][PASSED] - selectOptionByIndex: All options with index in [7] are selected on object 'Object Repository/GRN/Page_KDMC - CMS/select_JanFebMarAprMayJunJulAu'

2018-05-11 10:48:40 - [MESSAGE][PASSED] - All options with index in [7] are selected on object 'Object Repository/GRN/Page_KDMC - CMS/select_JanFebMarAprMayJunJulAu'

2018-05-11 10:48:40 - [TEST_STEP][PASSED] - click: Object: 'Object Repository/MOH AND GRN/Page_KDMC - CMS/a_12' is clicked on

2018-05-11 10:48:40 - [MESSAGE][PASSED] - Object: 'Object Repository/MOH AND GRN/Page_KDMC - CMS/a_12' is clicked on

2018-05-11 10:48:40 - [TEST_STEP][PASSED] - click: Object: 'Object Repository/MOH AND GRN/Page_KDMC - CMS/input_btnadd' is clicked on

2018-05-11 10:48:40 - [MESSAGE][PASSED] - Object: 'Object Repository/MOH AND GRN/Page_KDMC - CMS/input_btnadd' is clicked on

2018-05-11 10:48:40 - [TEST_STEP][PASSED] - Statement - If (s == 10): null

2018-05-11 10:48:40 - [TEST_STEP][PASSED] - Statement - Else: null

2018-05-11 10:48:40 - [TEST_STEP][PASSED] - Statement - (s++): null

2018-05-11 10:48:40 - [TEST_STEP][PASSED] - delay: Delayed 1 second(s)

2018-05-11 10:48:41 - [MESSAGE][PASSED] - Delayed 1 second(s)

2018-05-11 10:48:41 - [TEST_STEP][PASSED] - selectOptionByIndex: All options with index in [8] are selected on object 'Object Repository/MOH AND GRN/Page_KDMC - CMS/select_--Select--Amikacin -500'

2018-05-11 10:48:41 - [MESSAGE][PASSED] - All options with index in [8] are selected on object 'Object Repository/MOH AND GRN/Page_KDMC - CMS/select_--Select--Amikacin -500'

2018-05-11 10:48:41 - [TEST_STEP][PASSED] - setText: Text '5000' is set on object 'Object Repository/MOH AND GRN/Page_KDMC - CMS/input_txtqty'

2018-05-11 10:48:42 - [MESSAGE][PASSED] - Text '5000' is set on object 'Object Repository/MOH AND GRN/Page_KDMC - CMS/input_txtqty'

2018-05-11 10:48:42 - [TEST_STEP][PASSED] - selectOptionByIndex: All options with index in [1] are selected on object 'Object Repository/MOH AND GRN/Page_KDMC - CMS/select_--Select--No Tax0'

2018-05-11 10:48:42 - [MESSAGE][PASSED] - All options with index in [1] are selected on object 'Object Repository/MOH AND GRN/Page_KDMC - CMS/select_--Select--No Tax0'

2018-05-11 10:48:42 - [TEST_STEP][PASSED] - setText: Finding Test Object with id 'Object Repository/MOH AND GRN/Page_KDMC - CMS/input_txtmrp'

2018-05-11 10:48:42 - [TEST_STEP][PASSED] - Statement - switch (id): Finding Test Object with id 'Object Repository/MOH AND GRN/Page_KDMC - CMS/input_txtdeal'

2018-05-11 10:48:42 - [TEST_STEP][PASSED] - Statement - case 4:: Text '35.0' is set on object 'Object Repository/MOH AND GRN/Page_KDMC - CMS/input_txtmrp'

2018-05-11 10:48:42 - [TEST_STEP][PASSED] - Statement - return (java.lang.Math.floor((java.lang.Math.random() * ((max - min) + 1))) + min): Text '35.0' is set on object 'Object Repository/MOH AND GRN/Page_KDMC - CMS/input_txtmrp'

2018-05-11 10:48:42 - [MESSAGE][PASSED] - Text '35.0' is set on object 'Object Repository/MOH AND GRN/Page_KDMC - CMS/input_txtmrp'

2018-05-11 10:48:42 - [TEST_STEP][PASSED] - setText: Finding Test Object with id 'Object Repository/MOH AND GRN/Page_KDMC - CMS/input_txtdeal'

2018-05-11 10:48:42 - [TEST_STEP][PASSED] - Statement - switch (id): Finding Test Object with id 'Object Repository/MOH AND GRN/Page_KDMC - CMS/input_txtbatchno'

2018-05-11 10:48:42 - [TEST_STEP][PASSED] - Statement - case 5:: Text '1.0' is set on object 'Object Repository/MOH AND GRN/Page_KDMC - CMS/input_txtdeal'

2018-05-11 10:48:42 - [TEST_STEP][PASSED] - Statement - return (java.lang.Math.floor((java.lang.Math.random() * ((max - min) + 1))) + min): Text '1.0' is set on object 'Object Repository/MOH AND GRN/Page_KDMC - CMS/input_txtdeal'

2018-05-11 10:48:42 - [MESSAGE][PASSED] - Text '1.0' is set on object 'Object Repository/MOH AND GRN/Page_KDMC - CMS/input_txtdeal'

2018-05-11 10:48:42 - [TEST_STEP][PASSED] - setText: Finding Test Object with id 'Object Repository/MOH AND GRN/Page_KDMC - CMS/input_txtbatchno'

2018-05-11 10:48:42 - [TEST_STEP][PASSED] - Statement - switch (id): Finding Test Object with id 'Object Repository/MOH AND GRN/Page_KDMC - CMS/input_txtmrp'

2018-05-11 10:48:42 - [TEST_STEP][PASSED] - Statement - case 1:: Text 'BA361.0' is set on object 'Object Repository/MOH AND GRN/Page_KDMC - CMS/input_txtbatchno'

2018-05-11 10:48:42 - [TEST_STEP][PASSED] - Statement - return (java.lang.Math.floor((java.lang.Math.random() * ((max - min) + 1))) + min): Text 'BA361.0' is set on object 'Object Repository/MOH AND GRN/Page_KDMC - CMS/input_txtbatchno'

2018-05-11 10:48:42 - [MESSAGE][PASSED] - Text 'BA361.0' is set on object 'Object Repository/MOH AND GRN/Page_KDMC - CMS/input_txtbatchno'

2018-05-11 10:48:42 - [TEST_STEP][PASSED] - rightClick: Object: 'Object Repository/GRN/Page_KDMC - CMS/input_txtexpdate' is right clicked on

2018-05-11 10:48:42 - [MESSAGE][PASSED] - Object: 'Object Repository/GRN/Page_KDMC - CMS/input_txtexpdate' is right clicked on

2018-05-11 10:48:42 - [TEST_STEP][PASSED] - selectOptionByIndex: All options with index in [8] are selected on object 'Object Repository/GRN/Page_KDMC - CMS/select_20182019202020212022202'

2018-05-11 10:48:42 - [MESSAGE][PASSED] - All options with index in [8] are selected on object 'Object Repository/GRN/Page_KDMC - CMS/select_20182019202020212022202'

2018-05-11 10:48:42 - [TEST_STEP][PASSED] - selectOptionByIndex: All options with index in [8] are selected on object 'Object Repository/GRN/Page_KDMC - CMS/select_JanFebMarAprMayJunJulAu'

2018-05-11 10:48:42 - [MESSAGE][PASSED] - All options with index in [8] are selected on object 'Object Repository/GRN/Page_KDMC - CMS/select_JanFebMarAprMayJunJulAu'

2018-05-11 10:48:42 - [TEST_STEP][PASSED] - click: Object: 'Object Repository/MOH AND GRN/Page_KDMC - CMS/a_12' is clicked on

2018-05-11 10:48:43 - [MESSAGE][PASSED] - Object: 'Object Repository/MOH AND GRN/Page_KDMC - CMS/a_12' is clicked on

2018-05-11 10:48:43 - [TEST_STEP][PASSED] - click: Object: 'Object Repository/MOH AND GRN/Page_KDMC - CMS/input_btnadd' is clicked on

2018-05-11 10:48:43 - [MESSAGE][PASSED] - Object: 'Object Repository/MOH AND GRN/Page_KDMC - CMS/input_btnadd' is clicked on

2018-05-11 10:48:43 - [TEST_STEP][PASSED] - Statement - If (s == 10): null

2018-05-11 10:48:43 - [TEST_STEP][PASSED] - Statement - Else: null

2018-05-11 10:48:43 - [TEST_STEP][PASSED] - Statement - (s++): null

2018-05-11 10:48:43 - [TEST_STEP][PASSED] - delay: Delayed 1 second(s)

2018-05-11 10:48:44 - [MESSAGE][PASSED] - Delayed 1 second(s)

2018-05-11 10:48:44 - [TEST_STEP][PASSED] - selectOptionByIndex: All options with index in [9] are selected on object 'Object Repository/MOH AND GRN/Page_KDMC - CMS/select_--Select--Amikacin -500'

2018-05-11 10:48:44 - [MESSAGE][PASSED] - All options with index in [9] are selected on object 'Object Repository/MOH AND GRN/Page_KDMC - CMS/select_--Select--Amikacin -500'

2018-05-11 10:48:44 - [TEST_STEP][PASSED] - setText: Text '5000' is set on object 'Object Repository/MOH AND GRN/Page_KDMC - CMS/input_txtqty'

2018-05-11 10:48:44 - [MESSAGE][PASSED] - Text '5000' is set on object 'Object Repository/MOH AND GRN/Page_KDMC - CMS/input_txtqty'

2018-05-11 10:48:44 - [TEST_STEP][PASSED] - selectOptionByIndex: All options with index in [1] are selected on object 'Object Repository/MOH AND GRN/Page_KDMC - CMS/select_--Select--No Tax0'

2018-05-11 10:48:44 - [MESSAGE][PASSED] - All options with index in [1] are selected on object 'Object Repository/MOH AND GRN/Page_KDMC - CMS/select_--Select--No Tax0'

2018-05-11 10:48:44 - [TEST_STEP][PASSED] - setText: Finding Test Object with id 'Object Repository/MOH AND GRN/Page_KDMC - CMS/input_txtmrp'

2018-05-11 10:48:44 - [TEST_STEP][PASSED] - Statement - switch (id): Finding Test Object with id 'Object Repository/MOH AND GRN/Page_KDMC - CMS/input_txtdeal'

2018-05-11 10:48:44 - [TEST_STEP][PASSED] - Statement - case 4:: Text '44.0' is set on object 'Object Repository/MOH AND GRN/Page_KDMC - CMS/input_txtmrp'

2018-05-11 10:48:44 - [TEST_STEP][PASSED] - Statement - return (java.lang.Math.floor((java.lang.Math.random() * ((max - min) + 1))) + min): Text '44.0' is set on object 'Object Repository/MOH AND GRN/Page_KDMC - CMS/input_txtmrp'

2018-05-11 10:48:44 - [MESSAGE][PASSED] - Text '44.0' is set on object 'Object Repository/MOH AND GRN/Page_KDMC - CMS/input_txtmrp'

2018-05-11 10:48:44 - [TEST_STEP][PASSED] - setText: Finding Test Object with id 'Object Repository/MOH AND GRN/Page_KDMC - CMS/input_txtdeal'

2018-05-11 10:48:44 - [TEST_STEP][PASSED] - Statement - switch (id): Finding Test Object with id 'Object Repository/MOH AND GRN/Page_KDMC - CMS/input_txtbatchno'

2018-05-11 10:48:44 - [TEST_STEP][PASSED] - Statement - case 5:: Text '11.0' is set on object 'Object Repository/MOH AND GRN/Page_KDMC - CMS/input_txtdeal'

2018-05-11 10:48:44 - [TEST_STEP][PASSED] - Statement - return (java.lang.Math.floor((java.lang.Math.random() * ((max - min) + 1))) + min): Text '11.0' is set on object 'Object Repository/MOH AND GRN/Page_KDMC - CMS/input_txtdeal'

2018-05-11 10:48:44 - [MESSAGE][PASSED] - Text '11.0' is set on object 'Object Repository/MOH AND GRN/Page_KDMC - CMS/input_txtdeal'

2018-05-11 10:48:44 - [TEST_STEP][PASSED] - setText: Finding Test Object with id 'Object Repository/MOH AND GRN/Page_KDMC - CMS/input_txtbatchno'

2018-05-11 10:48:44 - [TEST_STEP][PASSED] - Statement - switch (id): Finding Test Object with id 'Object Repository/MOH AND GRN/Page_KDMC - CMS/input_txtmrp'

2018-05-11 10:48:44 - [TEST_STEP][PASSED] - Statement - case 1:: Text 'BA134.0' is set on object 'Object Repository/MOH AND GRN/Page_KDMC - CMS/input_txtbatchno'

2018-05-11 10:48:44 - [TEST_STEP][PASSED] - Statement - return (java.lang.Math.floor((java.lang.Math.random() * ((max - min) + 1))) + min): Text 'BA134.0' is set on object 'Object Repository/MOH AND GRN/Page_KDMC - CMS/input_txtbatchno'

2018-05-11 10:48:44 - [MESSAGE][PASSED] - Text 'BA134.0' is set on object 'Object Repository/MOH AND GRN/Page_KDMC - CMS/input_txtbatchno'

2018-05-11 10:48:44 - [TEST_STEP][PASSED] - rightClick: Object: 'Object Repository/GRN/Page_KDMC - CMS/input_txtexpdate' is right clicked on

2018-05-11 10:48:44 - [MESSAGE][PASSED] - Object: 'Object Repository/GRN/Page_KDMC - CMS/input_txtexpdate' is right clicked on

2018-05-11 10:48:44 - [TEST_STEP][PASSED] - selectOptionByIndex: All options with index in [9] are selected on object 'Object Repository/GRN/Page_KDMC - CMS/select_20182019202020212022202'

2018-05-11 10:48:45 - [MESSAGE][PASSED] - All options with index in [9] are selected on object 'Object Repository/GRN/Page_KDMC - CMS/select_20182019202020212022202'

2018-05-11 10:48:45 - [TEST_STEP][PASSED] - selectOptionByIndex: All options with index in [9] are selected on object 'Object Repository/GRN/Page_KDMC - CMS/select_JanFebMarAprMayJunJulAu'

2018-05-11 10:48:45 - [MESSAGE][PASSED] - All options with index in [9] are selected on object 'Object Repository/GRN/Page_KDMC - CMS/select_JanFebMarAprMayJunJulAu'

2018-05-11 10:48:45 - [TEST_STEP][PASSED] - click: Object: 'Object Repository/MOH AND GRN/Page_KDMC - CMS/a_12' is clicked on

2018-05-11 10:48:45 - [MESSAGE][PASSED] - Object: 'Object Repository/MOH AND GRN/Page_KDMC - CMS/a_12' is clicked on

2018-05-11 10:48:45 - [TEST_STEP][PASSED] - click: Object: 'Object Repository/MOH AND GRN/Page_KDMC - CMS/input_btnadd' is clicked on

2018-05-11 10:48:45 - [MESSAGE][PASSED] - Object: 'Object Repository/MOH AND GRN/Page_KDMC - CMS/input_btnadd' is clicked on

2018-05-11 10:48:45 - [TEST_STEP][PASSED] - Statement - If (s == 10): null

2018-05-11 10:48:45 - [TEST_STEP][PASSED] - Statement - Else: null

2018-05-11 10:48:45 - [TEST_STEP][PASSED] - Statement - (s++): null

2018-05-11 10:48:45 - [TEST_STEP][PASSED] - delay: Delayed 1 second(s)

2018-05-11 10:48:46 - [MESSAGE][PASSED] - Delayed 1 second(s)

2018-05-11 10:48:46 - [TEST_STEP][PASSED] - selectOptionByIndex: All options with index in [10] are selected on object 'Object Repository/MOH AND GRN/Page_KDMC - CMS/select_--Select--Amikacin -500'

2018-05-11 10:48:46 - [MESSAGE][PASSED] - All options with index in [10] are selected on object 'Object Repository/MOH AND GRN/Page_KDMC - CMS/select_--Select--Amikacin -500'

2018-05-11 10:48:46 - [TEST_STEP][PASSED] - setText: Text '5000' is set on object 'Object Repository/MOH AND GRN/Page_KDMC - CMS/input_txtqty'

2018-05-11 10:48:46 - [MESSAGE][PASSED] - Text '5000' is set on object 'Object Repository/MOH AND GRN/Page_KDMC - CMS/input_txtqty'

2018-05-11 10:48:46 - [TEST_STEP][PASSED] - selectOptionByIndex: All options with index in [1] are selected on object 'Object Repository/MOH AND GRN/Page_KDMC - CMS/select_--Select--No Tax0'

2018-05-11 10:48:47 - [MESSAGE][PASSED] - All options with index in [1] are selected on object 'Object Repository/MOH AND GRN/Page_KDMC - CMS/select_--Select--No Tax0'

2018-05-11 10:48:47 - [TEST_STEP][PASSED] - setText: Finding Test Object with id 'Object Repository/MOH AND GRN/Page_KDMC - CMS/input_txtmrp'

2018-05-11 10:48:47 - [TEST_STEP][PASSED] - Statement - switch (id): Finding Test Object with id 'Object Repository/MOH AND GRN/Page_KDMC - CMS/input_txtdeal'

2018-05-11 10:48:47 - [TEST_STEP][PASSED] - Statement - case 4:: Text '26.0' is set on object 'Object Repository/MOH AND GRN/Page_KDMC - CMS/input_txtmrp'

2018-05-11 10:48:47 - [TEST_STEP][PASSED] - Statement - return (java.lang.Math.floor((java.lang.Math.random() * ((max - min) + 1))) + min): Text '26.0' is set on object 'Object Repository/MOH AND GRN/Page_KDMC - CMS/input_txtmrp'

2018-05-11 10:48:47 - [MESSAGE][PASSED] - Text '26.0' is set on object 'Object Repository/MOH AND GRN/Page_KDMC - CMS/input_txtmrp'

2018-05-11 10:48:47 - [TEST_STEP][PASSED] - setText: Finding Test Object with id 'Object Repository/MOH AND GRN/Page_KDMC - CMS/input_txtdeal'

2018-05-11 10:48:47 - [TEST_STEP][PASSED] - Statement - switch (id): Finding Test Object with id 'Object Repository/MOH AND GRN/Page_KDMC - CMS/input_txtbatchno'

2018-05-11 10:48:47 - [TEST_STEP][PASSED] - Statement - case 5:: Text '5.0' is set on object 'Object Repository/MOH AND GRN/Page_KDMC - CMS/input_txtdeal'

2018-05-11 10:48:47 - [TEST_STEP][PASSED] - Statement - return (java.lang.Math.floor((java.lang.Math.random() * ((max - min) + 1))) + min): Text '5.0' is set on object 'Object Repository/MOH AND GRN/Page_KDMC - CMS/input_txtdeal'

2018-05-11 10:48:47 - [MESSAGE][PASSED] - Text '5.0' is set on object 'Object Repository/MOH AND GRN/Page_KDMC - CMS/input_txtdeal'

2018-05-11 10:48:47 - [TEST_STEP][PASSED] - setText: Finding Test Object with id 'Object Repository/MOH AND GRN/Page_KDMC - CMS/input_txtbatchno'

2018-05-11 10:48:47 - [TEST_STEP][PASSED] - Statement - switch (id): Finding Test Object with id 'Object Repository/MOH AND GRN/Page_KDMC - CMS/input_txtmrp'

2018-05-11 10:48:47 - [TEST_STEP][PASSED] - Statement - case 1:: Text 'BA851.0' is set on object 'Object Repository/MOH AND GRN/Page_KDMC - CMS/input_txtbatchno'

2018-05-11 10:48:47 - [TEST_STEP][PASSED] - Statement - return (java.lang.Math.floor((java.lang.Math.random() * ((max - min) + 1))) + min): Text 'BA851.0' is set on object 'Object Repository/MOH AND GRN/Page_KDMC - CMS/input_txtbatchno'

2018-05-11 10:48:47 - [MESSAGE][PASSED] - Text 'BA851.0' is set on object 'Object Repository/MOH AND GRN/Page_KDMC - CMS/input_txtbatchno'

2018-05-11 10:48:47 - [TEST_STEP][PASSED] - rightClick: Object: 'Object Repository/GRN/Page_KDMC - CMS/input_txtexpdate' is right clicked on

2018-05-11 10:48:47 - [MESSAGE][PASSED] - Object: 'Object Repository/GRN/Page_KDMC - CMS/input_txtexpdate' is right clicked on

2018-05-11 10:48:47 - [TEST_STEP][PASSED] - selectOptionByIndex: All options with index in [10] are selected on object 'Object Repository/GRN/Page_KDMC - CMS/select_20182019202020212022202'

2018-05-11 10:48:47 - [MESSAGE][PASSED] - All options with index in [10] are selected on object 'Object Repository/GRN/Page_KDMC - CMS/select_20182019202020212022202'

2018-05-11 10:48:47 - [TEST_STEP][PASSED] - selectOptionByIndex: All options with index in [10] are selected on object 'Object Repository/GRN/Page_KDMC - CMS/select_JanFebMarAprMayJunJulAu'

2018-05-11 10:48:47 - [MESSAGE][PASSED] - All options with index in [10] are selected on object 'Object Repository/GRN/Page_KDMC - CMS/select_JanFebMarAprMayJunJulAu'

2018-05-11 10:48:47 - [TEST_STEP][PASSED] - click: Object: 'Object Repository/MOH AND GRN/Page_KDMC - CMS/a_12' is clicked on

2018-05-11 10:48:47 - [MESSAGE][PASSED] - Object: 'Object Repository/MOH AND GRN/Page_KDMC - CMS/a_12' is clicked on

2018-05-11 10:48:47 - [TEST_STEP][PASSED] - click: Object: 'Object Repository/MOH AND GRN/Page_KDMC - CMS/input_btnadd' is clicked on

2018-05-11 10:48:48 - [MESSAGE][PASSED] - Object: 'Object Repository/MOH AND GRN/Page_KDMC - CMS/input_btnadd' is clicked on

2018-05-11 10:48:48 - [TEST_STEP][PASSED] - Statement - If (s == 10): null

2018-05-11 10:48:48 - [TEST_STEP][PASSED] - Statement - s = 1: null

2018-05-11 10:48:48 - [TEST_STEP][PASSED] - delay: Delayed 1 second(s)

2018-05-11 10:48:49 - [MESSAGE][PASSED] - Delayed 1 second(s)

2018-05-11 10:48:49 - [TEST_STEP][PASSED] - selectOptionByIndex: All options with index in [11] are selected on object 'Object Repository/MOH AND GRN/Page_KDMC - CMS/select_--Select--Amikacin -500'

2018-05-11 10:48:49 - [MESSAGE][PASSED] - All options with index in [11] are selected on object 'Object Repository/MOH AND GRN/Page_KDMC - CMS/select_--Select--Amikacin -500'

2018-05-11 10:48:49 - [TEST_STEP][PASSED] - setText: Text '5000' is set on object 'Object Repository/MOH AND GRN/Page_KDMC - CMS/input_txtqty'

2018-05-11 10:48:49 - [MESSAGE][PASSED] - Text '5000' is set on object 'Object Repository/MOH AND GRN/Page_KDMC - CMS/input_txtqty'

2018-05-11 10:48:49 - [TEST_STEP][PASSED] - selectOptionByIndex: All options with index in [1] are selected on object 'Object Repository/MOH AND GRN/Page_KDMC - CMS/select_--Select--No Tax0'

2018-05-11 10:48:49 - [MESSAGE][PASSED] - All options with index in [1] are selected on object 'Object Repository/MOH AND GRN/Page_KDMC - CMS/select_--Select--No Tax0'

2018-05-11 10:48:49 - [TEST_STEP][PASSED] - setText: Finding Test Object with id 'Object Repository/MOH AND GRN/Page_KDMC - CMS/input_txtmrp'

2018-05-11 10:48:49 - [TEST_STEP][PASSED] - Statement - switch (id): Finding Test Object with id 'Object Repository/MOH AND GRN/Page_KDMC - CMS/input_txtdeal'

2018-05-11 10:48:49 - [TEST_STEP][PASSED] - Statement - case 4:: Text '39.0' is set on object 'Object Repository/MOH AND GRN/Page_KDMC - CMS/input_txtmrp'

2018-05-11 10:48:49 - [TEST_STEP][PASSED] - Statement - return (java.lang.Math.floor((java.lang.Math.random() * ((max - min) + 1))) + min): Text '39.0' is set on object 'Object Repository/MOH AND GRN/Page_KDMC - CMS/input_txtmrp'

2018-05-11 10:48:49 - [MESSAGE][PASSED] - Text '39.0' is set on object 'Object Repository/MOH AND GRN/Page_KDMC - CMS/input_txtmrp'

2018-05-11 10:48:49 - [TEST_STEP][PASSED] - setText: Finding Test Object with id 'Object Repository/MOH AND GRN/Page_KDMC - CMS/input_txtdeal'

2018-05-11 10:48:49 - [TEST_STEP][PASSED] - Statement - switch (id): Finding Test Object with id 'Object Repository/MOH AND GRN/Page_KDMC - CMS/input_txtbatchno'

2018-05-11 10:48:49 - [TEST_STEP][PASSED] - Statement - case 5:: Text '9.0' is set on object 'Object Repository/MOH AND GRN/Page_KDMC - CMS/input_txtdeal'

2018-05-11 10:48:49 - [TEST_STEP][PASSED] - Statement - return (java.lang.Math.floor((java.lang.Math.random() * ((max - min) + 1))) + min): Text '9.0' is set on object 'Object Repository/MOH AND GRN/Page_KDMC - CMS/input_txtdeal'

2018-05-11 10:48:49 - [MESSAGE][PASSED] - Text '9.0' is set on object 'Object Repository/MOH AND GRN/Page_KDMC - CMS/input_txtdeal'

2018-05-11 10:48:49 - [TEST_STEP][PASSED] - setText: Finding Test Object with id 'Object Repository/MOH AND GRN/Page_KDMC - CMS/input_txtbatchno'

2018-05-11 10:48:49 - [TEST_STEP][PASSED] - Statement - switch (id): Finding Test Object with id 'Object Repository/MOH AND GRN/Page_KDMC - CMS/input_txtmrp'

2018-05-11 10:48:49 - [TEST_STEP][PASSED] - Statement - case 1:: Text 'BA859.0' is set on object 'Object Repository/MOH AND GRN/Page_KDMC - CMS/input_txtbatchno'

2018-05-11 10:48:49 - [TEST_STEP][PASSED] - Statement - return (java.lang.Math.floor((java.lang.Math.random() * ((max - min) + 1))) + min): Text 'BA859.0' is set on object 'Object Repository/MOH AND GRN/Page_KDMC - CMS/input_txtbatchno'

2018-05-11 10:48:49 - [MESSAGE][PASSED] - Text 'BA859.0' is set on object 'Object Repository/MOH AND GRN/Page_KDMC - CMS/input_txtbatchno'

2018-05-11 10:48:49 - [TEST_STEP][PASSED] - rightClick: Object: 'Object Repository/GRN/Page_KDMC - CMS/input_txtexpdate' is right clicked on

2018-05-11 10:48:49 - [MESSAGE][PASSED] - Object: 'Object Repository/GRN/Page_KDMC - CMS/input_txtexpdate' is right clicked on

2018-05-11 10:48:49 - [TEST_STEP][PASSED] - selectOptionByIndex: All options with index in [1] are selected on object 'Object Repository/GRN/Page_KDMC - CMS/select_20182019202020212022202'

2018-05-11 10:48:50 - [MESSAGE][PASSED] - All options with index in [1] are selected on object 'Object Repository/GRN/Page_KDMC - CMS/select_20182019202020212022202'

2018-05-11 10:48:50 - [TEST_STEP][PASSED] - selectOptionByIndex: All options with index in [1] are selected on object 'Object Repository/GRN/Page_KDMC - CMS/select_JanFebMarAprMayJunJulAu'

2018-05-11 10:48:50 - [MESSAGE][PASSED] - All options with index in [1] are selected on object 'Object Repository/GRN/Page_KDMC - CMS/select_JanFebMarAprMayJunJulAu'

2018-05-11 10:48:50 - [TEST_STEP][PASSED] - click: Object: 'Object Repository/MOH AND GRN/Page_KDMC - CMS/a_12' is clicked on

2018-05-11 10:48:50 - [MESSAGE][PASSED] - Object: 'Object Repository/MOH AND GRN/Page_KDMC - CMS/a_12' is clicked on

2018-05-11 10:48:50 - [TEST_STEP][PASSED] - click: Object: 'Object Repository/MOH AND GRN/Page_KDMC - CMS/input_btnadd' is clicked on

2018-05-11 10:48:50 - [MESSAGE][PASSED] - Object: 'Object Repository/MOH AND GRN/Page_KDMC - CMS/input_btnadd' is clicked on

2018-05-11 10:48:50 - [TEST_STEP][PASSED] - Statement - If (s == 10): null

2018-05-11 10:48:50 - [TEST_STEP][PASSED] - Statement - Else: null

2018-05-11 10:48:50 - [TEST_STEP][PASSED] - Statement - (s++): null

2018-05-11 10:48:50 - [TEST_STEP][PASSED] - delay: Delayed 1 second(s)

2018-05-11 10:48:51 - [MESSAGE][PASSED] - Delayed 1 second(s)

2018-05-11 10:48:51 - [TEST_STEP][PASSED] - selectOptionByIndex: All options with index in [12] are selected on object 'Object Repository/MOH AND GRN/Page_KDMC - CMS/select_--Select--Amikacin -500'

2018-05-11 10:48:51 - [MESSAGE][PASSED] - All options with index in [12] are selected on object 'Object Repository/MOH AND GRN/Page_KDMC - CMS/select_--Select--Amikacin -500'

2018-05-11 10:48:51 - [TEST_STEP][PASSED] - setText: Text '5000' is set on object 'Object Repository/MOH AND GRN/Page_KDMC - CMS/input_txtqty'

2018-05-11 10:48:51 - [MESSAGE][PASSED] - Text '5000' is set on object 'Object Repository/MOH AND GRN/Page_KDMC - CMS/input_txtqty'

2018-05-11 10:48:51 - [TEST_STEP][PASSED] - selectOptionByIndex: All options with index in [1] are selected on object 'Object Repository/MOH AND GRN/Page_KDMC - CMS/select_--Select--No Tax0'

2018-05-11 10:48:51 - [MESSAGE][PASSED] - All options with index in [1] are selected on object 'Object Repository/MOH AND GRN/Page_KDMC - CMS/select_--Select--No Tax0'

2018-05-11 10:48:51 - [TEST_STEP][PASSED] - setText: Finding Test Object with id 'Object Repository/MOH AND GRN/Page_KDMC - CMS/input_txtmrp'

2018-05-11 10:48:51 - [TEST_STEP][PASSED] - Statement - switch (id): Finding Test Object with id 'Object Repository/MOH AND GRN/Page_KDMC - CMS/input_txtdeal'

2018-05-11 10:48:51 - [TEST_STEP][PASSED] - Statement - case 4:: Text '22.0' is set on object 'Object Repository/MOH AND GRN/Page_KDMC - CMS/input_txtmrp'

2018-05-11 10:48:51 - [TEST_STEP][PASSED] - Statement - return (java.lang.Math.floor((java.lang.Math.random() * ((max - min) + 1))) + min): Text '22.0' is set on object 'Object Repository/MOH AND GRN/Page_KDMC - CMS/input_txtmrp'

2018-05-11 10:48:51 - [MESSAGE][PASSED] - Text '22.0' is set on object 'Object Repository/MOH AND GRN/Page_KDMC - CMS/input_txtmrp'

2018-05-11 10:48:51 - [TEST_STEP][PASSED] - setText: Finding Test Object with id 'Object Repository/MOH AND GRN/Page_KDMC - CMS/input_txtdeal'

2018-05-11 10:48:51 - [TEST_STEP][PASSED] - Statement - switch (id): Finding Test Object with id 'Object Repository/MOH AND GRN/Page_KDMC - CMS/input_txtbatchno'

2018-05-11 10:48:51 - [TEST_STEP][PASSED] - Statement - case 5:: Text '12.0' is set on object 'Object Repository/MOH AND GRN/Page_KDMC - CMS/input_txtdeal'

2018-05-11 10:48:51 - [TEST_STEP][PASSED] - Statement - return (java.lang.Math.floor((java.lang.Math.random() * ((max - min) + 1))) + min): Text '12.0' is set on object 'Object Repository/MOH AND GRN/Page_KDMC - CMS/input_txtdeal'

2018-05-11 10:48:52 - [MESSAGE][PASSED] - Text '12.0' is set on object 'Object Repository/MOH AND GRN/Page_KDMC - CMS/input_txtdeal'

2018-05-11 10:48:52 - [TEST_STEP][PASSED] - setText: Finding Test Object with id 'Object Repository/MOH AND GRN/Page_KDMC - CMS/input_txtbatchno'

2018-05-11 10:48:52 - [TEST_STEP][PASSED] - Statement - switch (id): Finding Test Object with id 'Object Repository/MOH AND GRN/Page_KDMC - CMS/input_txtmrp'

2018-05-11 10:48:52 - [TEST_STEP][PASSED] - Statement - case 1:: Text 'BA486.0' is set on object 'Object Repository/MOH AND GRN/Page_KDMC - CMS/input_txtbatchno'

2018-05-11 10:48:52 - [TEST_STEP][PASSED] - Statement - return (java.lang.Math.floor((java.lang.Math.random() * ((max - min) + 1))) + min): Text 'BA486.0' is set on object 'Object Repository/MOH AND GRN/Page_KDMC - CMS/input_txtbatchno'

2018-05-11 10:48:52 - [MESSAGE][PASSED] - Text 'BA486.0' is set on object 'Object Repository/MOH AND GRN/Page_KDMC - CMS/input_txtbatchno'

2018-05-11 10:48:52 - [TEST_STEP][PASSED] - rightClick: Object: 'Object Repository/GRN/Page_KDMC - CMS/input_txtexpdate' is right clicked on

2018-05-11 10:48:52 - [MESSAGE][PASSED] - Object: 'Object Repository/GRN/Page_KDMC - CMS/input_txtexpdate' is right clicked on

2018-05-11 10:48:52 - [TEST_STEP][PASSED] - selectOptionByIndex: All options with index in [2] are selected on object 'Object Repository/GRN/Page_KDMC - CMS/select_20182019202020212022202'

2018-05-11 10:48:52 - [MESSAGE][PASSED] - All options with index in [2] are selected on object 'Object Repository/GRN/Page_KDMC - CMS/select_20182019202020212022202'

2018-05-11 10:48:52 - [TEST_STEP][PASSED] - selectOptionByIndex: All options with index in [2] are selected on object 'Object Repository/GRN/Page_KDMC - CMS/select_JanFebMarAprMayJunJulAu'

2018-05-11 10:48:52 - [MESSAGE][PASSED] - All options with index in [2] are selected on object 'Object Repository/GRN/Page_KDMC - CMS/select_JanFebMarAprMayJunJulAu'

2018-05-11 10:48:52 - [TEST_STEP][PASSED] - click: Object: 'Object Repository/MOH AND GRN/Page_KDMC - CMS/a_12' is clicked on

2018-05-11 10:48:52 - [MESSAGE][PASSED] - Object: 'Object Repository/MOH AND GRN/Page_KDMC - CMS/a_12' is clicked on

2018-05-11 10:48:52 - [TEST_STEP][PASSED] - click: Object: 'Object Repository/MOH AND GRN/Page_KDMC - CMS/input_btnadd' is clicked on

2018-05-11 10:48:52 - [MESSAGE][PASSED] - Object: 'Object Repository/MOH AND GRN/Page_KDMC - CMS/input_btnadd' is clicked on

2018-05-11 10:48:52 - [TEST_STEP][PASSED] - Statement - If (s == 10): null

2018-05-11 10:48:52 - [TEST_STEP][PASSED] - Statement - Else: null

2018-05-11 10:48:52 - [TEST_STEP][PASSED] - Statement - (s++): null

2018-05-11 10:48:52 - [TEST_STEP][PASSED] - delay: Delayed 1 second(s)

2018-05-11 10:48:53 - [MESSAGE][PASSED] - Delayed 1 second(s)

2018-05-11 10:48:53 - [TEST_STEP][PASSED] - selectOptionByIndex: All options with index in [13] are selected on object 'Object Repository/MOH AND GRN/Page_KDMC - CMS/select_--Select--Amikacin -500'

2018-05-11 10:48:53 - [MESSAGE][PASSED] - All options with index in [13] are selected on object 'Object Repository/MOH AND GRN/Page_KDMC - CMS/select_--Select--Amikacin -500'

2018-05-11 10:48:53 - [TEST_STEP][PASSED] - setText: Text '5000' is set on object 'Object Repository/MOH AND GRN/Page_KDMC - CMS/input_txtqty'

2018-05-11 10:48:54 - [MESSAGE][PASSED] - Text '5000' is set on object 'Object Repository/MOH AND GRN/Page_KDMC - CMS/input_txtqty'

2018-05-11 10:48:54 - [TEST_STEP][PASSED] - selectOptionByIndex: All options with index in [1] are selected on object 'Object Repository/MOH AND GRN/Page_KDMC - CMS/select_--Select--No Tax0'

2018-05-11 10:48:54 - [MESSAGE][PASSED] - All options with index in [1] are selected on object 'Object Repository/MOH AND GRN/Page_KDMC - CMS/select_--Select--No Tax0'

2018-05-11 10:48:54 - [TEST_STEP][PASSED] - setText: Finding Test Object with id 'Object Repository/MOH AND GRN/Page_KDMC - CMS/input_txtmrp'

2018-05-11 10:48:54 - [TEST_STEP][PASSED] - Statement - switch (id): Finding Test Object with id 'Object Repository/MOH AND GRN/Page_KDMC - CMS/input_txtdeal'

2018-05-11 10:48:54 - [TEST_STEP][PASSED] - Statement - case 4:: Text '24.0' is set on object 'Object Repository/MOH AND GRN/Page_KDMC - CMS/input_txtmrp'

2018-05-11 10:48:54 - [TEST_STEP][PASSED] - Statement - return (java.lang.Math.floor((java.lang.Math.random() * ((max - min) + 1))) + min): Text '24.0' is set on object 'Object Repository/MOH AND GRN/Page_KDMC - CMS/input_txtmrp'

2018-05-11 10:48:54 - [MESSAGE][PASSED] - Text '24.0' is set on object 'Object Repository/MOH AND GRN/Page_KDMC - CMS/input_txtmrp'

2018-05-11 10:48:54 - [TEST_STEP][PASSED] - setText: Finding Test Object with id 'Object Repository/MOH AND GRN/Page_KDMC - CMS/input_txtdeal'

2018-05-11 10:48:54 - [TEST_STEP][PASSED] - Statement - switch (id): Finding Test Object with id 'Object Repository/MOH AND GRN/Page_KDMC - CMS/input_txtbatchno'

2018-05-11 10:48:54 - [TEST_STEP][PASSED] - Statement - case 5:: Text '1.0' is set on object 'Object Repository/MOH AND GRN/Page_KDMC - CMS/input_txtdeal'

2018-05-11 10:48:54 - [TEST_STEP][PASSED] - Statement - return (java.lang.Math.floor((java.lang.Math.random() * ((max - min) + 1))) + min): Text '1.0' is set on object 'Object Repository/MOH AND GRN/Page_KDMC - CMS/input_txtdeal'

2018-05-11 10:48:54 - [MESSAGE][PASSED] - Text '1.0' is set on object 'Object Repository/MOH AND GRN/Page_KDMC - CMS/input_txtdeal'

2018-05-11 10:48:54 - [TEST_STEP][PASSED] - setText: Finding Test Object with id 'Object Repository/MOH AND GRN/Page_KDMC - CMS/input_txtbatchno'

2018-05-11 10:48:54 - [TEST_STEP][PASSED] - Statement - switch (id): Finding Test Object with id 'Object Repository/MOH AND GRN/Page_KDMC - CMS/input_txtmrp'

2018-05-11 10:48:54 - [TEST_STEP][PASSED] - Statement - case 1:: Text 'BA154.0' is set on object 'Object Repository/MOH AND GRN/Page_KDMC - CMS/input_txtbatchno'

2018-05-11 10:48:54 - [TEST_STEP][PASSED] - Statement - return (java.lang.Math.floor((java.lang.Math.random() * ((max - min) + 1))) + min): Text 'BA154.0' is set on object 'Object Repository/MOH AND GRN/Page_KDMC - CMS/input_txtbatchno'

2018-05-11 10:48:54 - [MESSAGE][PASSED] - Text 'BA154.0' is set on object 'Object Repository/MOH AND GRN/Page_KDMC - CMS/input_txtbatchno'

2018-05-11 10:48:54 - [TEST_STEP][PASSED] - rightClick: Object: 'Object Repository/GRN/Page_KDMC - CMS/input_txtexpdate' is right clicked on

2018-05-11 10:48:54 - [MESSAGE][PASSED] - Object: 'Object Repository/GRN/Page_KDMC - CMS/input_txtexpdate' is right clicked on

2018-05-11 10:48:54 - [TEST_STEP][PASSED] - selectOptionByIndex: All options with index in [3] are selected on object 'Object Repository/GRN/Page_KDMC - CMS/select_20182019202020212022202'

2018-05-11 10:48:54 - [MESSAGE][PASSED] - All options with index in [3] are selected on object 'Object Repository/GRN/Page_KDMC - CMS/select_20182019202020212022202'

2018-05-11 10:48:54 - [TEST_STEP][PASSED] - selectOptionByIndex: All options with index in [3] are selected on object 'Object Repository/GRN/Page_KDMC - CMS/select_JanFebMarAprMayJunJulAu'

2018-05-11 10:48:54 - [MESSAGE][PASSED] - All options with index in [3] are selected on object 'Object Repository/GRN/Page_KDMC - CMS/select_JanFebMarAprMayJunJulAu'

2018-05-11 10:48:54 - [TEST_STEP][PASSED] - click: Object: 'Object Repository/MOH AND GRN/Page_KDMC - CMS/a_12' is clicked on

2018-05-11 10:48:54 - [MESSAGE][PASSED] - Object: 'Object Repository/MOH AND GRN/Page_KDMC - CMS/a_12' is clicked on

2018-05-11 10:48:54 - [TEST_STEP][PASSED] - click: Object: 'Object Repository/MOH AND GRN/Page_KDMC - CMS/input_btnadd' is clicked on

2018-05-11 10:48:55 - [MESSAGE][PASSED] - Object: 'Object Repository/MOH AND GRN/Page_KDMC - CMS/input_btnadd' is clicked on

2018-05-11 10:48:55 - [TEST_STEP][PASSED] - Statement - If (s == 10): null

2018-05-11 10:48:55 - [TEST_STEP][PASSED] - Statement - Else: null

2018-05-11 10:48:55 - [TEST_STEP][PASSED] - Statement - (s++): null

2018-05-11 10:48:55 - [TEST_STEP][PASSED] - delay: Delayed 1 second(s)

2018-05-11 10:48:56 - [MESSAGE][PASSED] - Delayed 1 second(s)

2018-05-11 10:48:56 - [TEST_STEP][PASSED] - selectOptionByIndex: All options with index in [14] are selected on object 'Object Repository/MOH AND GRN/Page_KDMC - CMS/select_--Select--Amikacin -500'

2018-05-11 10:48:56 - [MESSAGE][PASSED] - All options with index in [14] are selected on object 'Object Repository/MOH AND GRN/Page_KDMC - CMS/select_--Select--Amikacin -500'

2018-05-11 10:48:56 - [TEST_STEP][PASSED] - setText: Text '5000' is set on object 'Object Repository/MOH AND GRN/Page_KDMC - CMS/input_txtqty'

2018-05-11 10:48:56 - [MESSAGE][PASSED] - Text '5000' is set on object 'Object Repository/MOH AND GRN/Page_KDMC - CMS/input_txtqty'

2018-05-11 10:48:56 - [TEST_STEP][PASSED] - selectOptionByIndex: All options with index in [1] are selected on object 'Object Repository/MOH AND GRN/Page_KDMC - CMS/select_--Select--No Tax0'

2018-05-11 10:48:56 - [MESSAGE][PASSED] - All options with index in [1] are selected on object 'Object Repository/MOH AND GRN/Page_KDMC - CMS/select_--Select--No Tax0'

2018-05-11 10:48:56 - [TEST_STEP][PASSED] - setText: Finding Test Object with id 'Object Repository/MOH AND GRN/Page_KDMC - CMS/input_txtmrp'

2018-05-11 10:48:56 - [TEST_STEP][PASSED] - Statement - switch (id): Finding Test Object with id 'Object Repository/MOH AND GRN/Page_KDMC - CMS/input_txtdeal'

2018-05-11 10:48:56 - [TEST_STEP][PASSED] - Statement - case 4:: Text '27.0' is set on object 'Object Repository/MOH AND GRN/Page_KDMC - CMS/input_txtmrp'

2018-05-11 10:48:56 - [TEST_STEP][PASSED] - Statement - return (java.lang.Math.floor((java.lang.Math.random() * ((max - min) + 1))) + min): Text '27.0' is set on object 'Object Repository/MOH AND GRN/Page_KDMC - CMS/input_txtmrp'

2018-05-11 10:48:56 - [MESSAGE][PASSED] - Text '27.0' is set on object 'Object Repository/MOH AND GRN/Page_KDMC - CMS/input_txtmrp'

2018-05-11 10:48:56 - [TEST_STEP][PASSED] - setText: Finding Test Object with id 'Object Repository/MOH AND GRN/Page_KDMC - CMS/input_txtdeal'

2018-05-11 10:48:56 - [TEST_STEP][PASSED] - Statement - switch (id): Finding Test Object with id 'Object Repository/MOH AND GRN/Page_KDMC - CMS/input_txtbatchno'

2018-05-11 10:48:56 - [TEST_STEP][PASSED] - Statement - case 5:: Text '12.0' is set on object 'Object Repository/MOH AND GRN/Page_KDMC - CMS/input_txtdeal'

2018-05-11 10:48:56 - [TEST_STEP][PASSED] - Statement - return (java.lang.Math.floor((java.lang.Math.random() * ((max - min) + 1))) + min): Text '12.0' is set on object 'Object Repository/MOH AND GRN/Page_KDMC - CMS/input_txtdeal'

2018-05-11 10:48:56 - [MESSAGE][PASSED] - Text '12.0' is set on object 'Object Repository/MOH AND GRN/Page_KDMC - CMS/input_txtdeal'

2018-05-11 10:48:56 - [TEST_STEP][PASSED] - setText: Finding Test Object with id 'Object Repository/MOH AND GRN/Page_KDMC - CMS/input_txtbatchno'

2018-05-11 10:48:56 - [TEST_STEP][PASSED] - Statement - switch (id): Finding Test Object with id 'Object Repository/MOH AND GRN/Page_KDMC - CMS/input_txtmrp'

2018-05-11 10:48:56 - [TEST_STEP][PASSED] - Statement - case 1:: Text 'BA317.0' is set on object 'Object Repository/MOH AND GRN/Page_KDMC - CMS/input_txtbatchno'

2018-05-11 10:48:56 - [TEST_STEP][PASSED] - Statement - return (java.lang.Math.floor((java.lang.Math.random() * ((max - min) + 1))) + min): Text 'BA317.0' is set on object 'Object Repository/MOH AND GRN/Page_KDMC - CMS/input_txtbatchno'

2018-05-11 10:48:56 - [MESSAGE][PASSED] - Text 'BA317.0' is set on object 'Object Repository/MOH AND GRN/Page_KDMC - CMS/input_txtbatchno'

2018-05-11 10:48:56 - [TEST_STEP][PASSED] - rightClick: Object: 'Object Repository/GRN/Page_KDMC - CMS/input_txtexpdate' is right clicked on

2018-05-11 10:48:56 - [MESSAGE][PASSED] - Object: 'Object Repository/GRN/Page_KDMC - CMS/input_txtexpdate' is right clicked on

2018-05-11 10:48:56 - [TEST_STEP][PASSED] - selectOptionByIndex: All options with index in [4] are selected on object 'Object Repository/GRN/Page_KDMC - CMS/select_20182019202020212022202'

2018-05-11 10:48:57 - [MESSAGE][PASSED] - All options with index in [4] are selected on object 'Object Repository/GRN/Page_KDMC - CMS/select_20182019202020212022202'

2018-05-11 10:48:57 - [TEST_STEP][PASSED] - selectOptionByIndex: All options with index in [4] are selected on object 'Object Repository/GRN/Page_KDMC - CMS/select_JanFebMarAprMayJunJulAu'

2018-05-11 10:48:57 - [MESSAGE][PASSED] - All options with index in [4] are selected on object 'Object Repository/GRN/Page_KDMC - CMS/select_JanFebMarAprMayJunJulAu'

2018-05-11 10:48:57 - [TEST_STEP][PASSED] - click: Object: 'Object Repository/MOH AND GRN/Page_KDMC - CMS/a_12' is clicked on

2018-05-11 10:48:57 - [MESSAGE][PASSED] - Object: 'Object Repository/MOH AND GRN/Page_KDMC - CMS/a_12' is clicked on

2018-05-11 10:48:57 - [TEST_STEP][PASSED] - click: Object: 'Object Repository/MOH AND GRN/Page_KDMC - CMS/input_btnadd' is clicked on

2018-05-11 10:48:57 - [MESSAGE][PASSED] - Object: 'Object Repository/MOH AND GRN/Page_KDMC - CMS/input_btnadd' is clicked on

2018-05-11 10:48:57 - [TEST_STEP][PASSED] - Statement - If (s == 10): null

2018-05-11 10:48:57 - [TEST_STEP][PASSED] - Statement - Else: null

2018-05-11 10:48:57 - [TEST_STEP][PASSED] - Statement - (s++): null

2018-05-11 10:48:57 - [TEST_STEP][PASSED] - delay: Delayed 1 second(s)

2018-05-11 10:48:58 - [MESSAGE][PASSED] - Delayed 1 second(s)

2018-05-11 10:48:58 - [TEST_STEP][PASSED] - selectOptionByIndex: All options with index in [15] are selected on object 'Object Repository/MOH AND GRN/Page_KDMC - CMS/select_--Select--Amikacin -500'

2018-05-11 10:48:58 - [MESSAGE][PASSED] - All options with index in [15] are selected on object 'Object Repository/MOH AND GRN/Page_KDMC - CMS/select_--Select--Amikacin -500'

2018-05-11 10:48:58 - [TEST_STEP][PASSED] - setText: Text '5000' is set on object 'Object Repository/MOH AND GRN/Page_KDMC - CMS/input_txtqty'

2018-05-11 10:48:58 - [MESSAGE][PASSED] - Text '5000' is set on object 'Object Repository/MOH AND GRN/Page_KDMC - CMS/input_txtqty'

2018-05-11 10:48:58 - [TEST_STEP][PASSED] - selectOptionByIndex: All options with index in [1] are selected on object 'Object Repository/MOH AND GRN/Page_KDMC - CMS/select_--Select--No Tax0'

2018-05-11 10:48:58 - [MESSAGE][PASSED] - All options with index in [1] are selected on object 'Object Repository/MOH AND GRN/Page_KDMC - CMS/select_--Select--No Tax0'

2018-05-11 10:48:58 - [TEST_STEP][PASSED] - setText: Finding Test Object with id 'Object Repository/MOH AND GRN/Page_KDMC - CMS/input_txtmrp'

2018-05-11 10:48:58 - [TEST_STEP][PASSED] - Statement - switch (id): Finding Test Object with id 'Object Repository/MOH AND GRN/Page_KDMC - CMS/input_txtdeal'

2018-05-11 10:48:58 - [TEST_STEP][PASSED] - Statement - case 4:: Text '45.0' is set on object 'Object Repository/MOH AND GRN/Page_KDMC - CMS/input_txtmrp'

2018-05-11 10:48:58 - [TEST_STEP][PASSED] - Statement - return (java.lang.Math.floor((java.lang.Math.random() * ((max - min) + 1))) + min): Text '45.0' is set on object 'Object Repository/MOH AND GRN/Page_KDMC - CMS/input_txtmrp'

2018-05-11 10:48:59 - [MESSAGE][PASSED] - Text '45.0' is set on object 'Object Repository/MOH AND GRN/Page_KDMC - CMS/input_txtmrp'

2018-05-11 10:48:59 - [TEST_STEP][PASSED] - setText: Finding Test Object with id 'Object Repository/MOH AND GRN/Page_KDMC - CMS/input_txtdeal'

2018-05-11 10:48:59 - [TEST_STEP][PASSED] - Statement - switch (id): Finding Test Object with id 'Object Repository/MOH AND GRN/Page_KDMC - CMS/input_txtbatchno'

2018-05-11 10:48:59 - [TEST_STEP][PASSED] - Statement - case 5:: Text '5.0' is set on object 'Object Repository/MOH AND GRN/Page_KDMC - CMS/input_txtdeal'

2018-05-11 10:48:59 - [TEST_STEP][PASSED] - Statement - return (java.lang.Math.floor((java.lang.Math.random() * ((max - min) + 1))) + min): Text '5.0' is set on object 'Object Repository/MOH AND GRN/Page_KDMC - CMS/input_txtdeal'

2018-05-11 10:48:59 - [MESSAGE][PASSED] - Text '5.0' is set on object 'Object Repository/MOH AND GRN/Page_KDMC - CMS/input_txtdeal'

2018-05-11 10:48:59 - [TEST_STEP][PASSED] - setText: Finding Test Object with id 'Object Repository/MOH AND GRN/Page_KDMC - CMS/input_txtbatchno'

2018-05-11 10:48:59 - [TEST_STEP][PASSED] - Statement - switch (id): Finding Test Object with id 'Object Repository/MOH AND GRN/Page_KDMC - CMS/input_txtmrp'

2018-05-11 10:48:59 - [TEST_STEP][PASSED] - Statement - case 1:: Text 'BA631.0' is set on object 'Object Repository/MOH AND GRN/Page_KDMC - CMS/input_txtbatchno'

2018-05-11 10:48:59 - [TEST_STEP][PASSED] - Statement - return (java.lang.Math.floor((java.lang.Math.random() * ((max - min) + 1))) + min): Text 'BA631.0' is set on object 'Object Repository/MOH AND GRN/Page_KDMC - CMS/input_txtbatchno'

2018-05-11 10:48:59 - [MESSAGE][PASSED] - Text 'BA631.0' is set on object 'Object Repository/MOH AND GRN/Page_KDMC - CMS/input_txtbatchno'

2018-05-11 10:48:59 - [TEST_STEP][PASSED] - rightClick: Object: 'Object Repository/GRN/Page_KDMC - CMS/input_txtexpdate' is right clicked on

2018-05-11 10:48:59 - [MESSAGE][PASSED] - Object: 'Object Repository/GRN/Page_KDMC - CMS/input_txtexpdate' is right clicked on

2018-05-11 10:48:59 - [TEST_STEP][PASSED] - selectOptionByIndex: All options with index in [5] are selected on object 'Object Repository/GRN/Page_KDMC - CMS/select_20182019202020212022202'

2018-05-11 10:48:59 - [MESSAGE][PASSED] - All options with index in [5] are selected on object 'Object Repository/GRN/Page_KDMC - CMS/select_20182019202020212022202'

2018-05-11 10:48:59 - [TEST_STEP][PASSED] - selectOptionByIndex: All options with index in [5] are selected on object 'Object Repository/GRN/Page_KDMC - CMS/select_JanFebMarAprMayJunJulAu'

2018-05-11 10:48:59 - [MESSAGE][PASSED] - All options with index in [5] are selected on object 'Object Repository/GRN/Page_KDMC - CMS/select_JanFebMarAprMayJunJulAu'

2018-05-11 10:48:59 - [TEST_STEP][PASSED] - click: Object: 'Object Repository/MOH AND GRN/Page_KDMC - CMS/a_12' is clicked on

2018-05-11 10:48:59 - [MESSAGE][PASSED] - Object: 'Object Repository/MOH AND GRN/Page_KDMC - CMS/a_12' is clicked on

2018-05-11 10:48:59 - [TEST_STEP][PASSED] - click: Object: 'Object Repository/MOH AND GRN/Page_KDMC - CMS/input_btnadd' is clicked on

2018-05-11 10:48:59 - [MESSAGE][PASSED] - Object: 'Object Repository/MOH AND GRN/Page_KDMC - CMS/input_btnadd' is clicked on

2018-05-11 10:48:59 - [TEST_STEP][PASSED] - Statement - If (s == 10): null

2018-05-11 10:48:59 - [TEST_STEP][PASSED] - Statement - Else: null

2018-05-11 10:48:59 - [TEST_STEP][PASSED] - Statement - (s++): null

2018-05-11 10:48:59 - [TEST_STEP][PASSED] - delay: Delayed 1 second(s)

2018-05-11 10:49:00 - [MESSAGE][PASSED] - Delayed 1 second(s)

2018-05-11 10:49:00 - [TEST_STEP][PASSED] - selectOptionByIndex: All options with index in [16] are selected on object 'Object Repository/MOH AND GRN/Page_KDMC - CMS/select_--Select--Amikacin -500'

2018-05-11 10:49:01 - [MESSAGE][PASSED] - All options with index in [16] are selected on object 'Object Repository/MOH AND GRN/Page_KDMC - CMS/select_--Select--Amikacin -500'

2018-05-11 10:49:01 - [TEST_STEP][PASSED] - setText: Text '5000' is set on object 'Object Repository/MOH AND GRN/Page_KDMC - CMS/input_txtqty'

2018-05-11 10:49:01 - [MESSAGE][PASSED] - Text '5000' is set on object 'Object Repository/MOH AND GRN/Page_KDMC - CMS/input_txtqty'

2018-05-11 10:49:01 - [TEST_STEP][PASSED] - selectOptionByIndex: All options with index in [1] are selected on object 'Object Repository/MOH AND GRN/Page_KDMC - CMS/select_--Select--No Tax0'

2018-05-11 10:49:01 - [MESSAGE][PASSED] - All options with index in [1] are selected on object 'Object Repository/MOH AND GRN/Page_KDMC - CMS/select_--Select--No Tax0'

2018-05-11 10:49:01 - [TEST_STEP][PASSED] - setText: Finding Test Object with id 'Object Repository/MOH AND GRN/Page_KDMC - CMS/input_txtmrp'

2018-05-11 10:49:01 - [TEST_STEP][PASSED] - Statement - switch (id): Finding Test Object with id 'Object Repository/MOH AND GRN/Page_KDMC - CMS/input_txtdeal'

2018-05-11 10:49:01 - [TEST_STEP][PASSED] - Statement - case 4:: Text '21.0' is set on object 'Object Repository/MOH AND GRN/Page_KDMC - CMS/input_txtmrp'

2018-05-11 10:49:01 - [TEST_STEP][PASSED] - Statement - return (java.lang.Math.floor((java.lang.Math.random() * ((max - min) + 1))) + min): Text '21.0' is set on object 'Object Repository/MOH AND GRN/Page_KDMC - CMS/input_txtmrp'

2018-05-11 10:49:01 - [MESSAGE][PASSED] - Text '21.0' is set on object 'Object Repository/MOH AND GRN/Page_KDMC - CMS/input_txtmrp'

2018-05-11 10:49:01 - [TEST_STEP][PASSED] - setText: Finding Test Object with id 'Object Repository/MOH AND GRN/Page_KDMC - CMS/input_txtdeal'

2018-05-11 10:49:01 - [TEST_STEP][PASSED] - Statement - switch (id): Finding Test Object with id 'Object Repository/MOH AND GRN/Page_KDMC - CMS/input_txtbatchno'

2018-05-11 10:49:01 - [TEST_STEP][PASSED] - Statement - case 5:: Text '9.0' is set on object 'Object Repository/MOH AND GRN/Page_KDMC - CMS/input_txtdeal'

2018-05-11 10:49:01 - [TEST_STEP][PASSED] - Statement - return (java.lang.Math.floor((java.lang.Math.random() * ((max - min) + 1))) + min): Text '9.0' is set on object 'Object Repository/MOH AND GRN/Page_KDMC - CMS/input_txtdeal'

2018-05-11 10:49:01 - [MESSAGE][PASSED] - Text '9.0' is set on object 'Object Repository/MOH AND GRN/Page_KDMC - CMS/input_txtdeal'

2018-05-11 10:49:01 - [TEST_STEP][PASSED] - setText: Finding Test Object with id 'Object Repository/MOH AND GRN/Page_KDMC - CMS/input_txtbatchno'

2018-05-11 10:49:01 - [TEST_STEP][PASSED] - Statement - switch (id): Finding Test Object with id 'Object Repository/MOH AND GRN/Page_KDMC - CMS/input_txtmrp'

2018-05-11 10:49:01 - [TEST_STEP][PASSED] - Statement - case 1:: Text 'BA271.0' is set on object 'Object Repository/MOH AND GRN/Page_KDMC - CMS/input_txtbatchno'

2018-05-11 10:49:01 - [TEST_STEP][PASSED] - Statement - return (java.lang.Math.floor((java.lang.Math.random() * ((max - min) + 1))) + min): Text 'BA271.0' is set on object 'Object Repository/MOH AND GRN/Page_KDMC - CMS/input_txtbatchno'

2018-05-11 10:49:01 - [MESSAGE][PASSED] - Text 'BA271.0' is set on object 'Object Repository/MOH AND GRN/Page_KDMC - CMS/input_txtbatchno'

2018-05-11 10:49:01 - [TEST_STEP][PASSED] - rightClick: Object: 'Object Repository/GRN/Page_KDMC - CMS/input_txtexpdate' is right clicked on

2018-05-11 10:49:01 - [MESSAGE][PASSED] - Object: 'Object Repository/GRN/Page_KDMC - CMS/input_txtexpdate' is right clicked on

2018-05-11 10:49:01 - [TEST_STEP][PASSED] - selectOptionByIndex: All options with index in [6] are selected on object 'Object Repository/GRN/Page_KDMC - CMS/select_20182019202020212022202'

2018-05-11 10:49:02 - [MESSAGE][PASSED] - All options with index in [6] are selected on object 'Object Repository/GRN/Page_KDMC - CMS/select_20182019202020212022202'

2018-05-11 10:49:02 - [TEST_STEP][PASSED] - selectOptionByIndex: All options with index in [6] are selected on object 'Object Repository/GRN/Page_KDMC - CMS/select_JanFebMarAprMayJunJulAu'

2018-05-11 10:49:02 - [MESSAGE][PASSED] - All options with index in [6] are selected on object 'Object Repository/GRN/Page_KDMC - CMS/select_JanFebMarAprMayJunJulAu'

2018-05-11 10:49:02 - [TEST_STEP][PASSED] - click: Object: 'Object Repository/MOH AND GRN/Page_KDMC - CMS/a_12' is clicked on

2018-05-11 10:49:02 - [MESSAGE][PASSED] - Object: 'Object Repository/MOH AND GRN/Page_KDMC - CMS/a_12' is clicked on

2018-05-11 10:49:02 - [TEST_STEP][PASSED] - click: Object: 'Object Repository/MOH AND GRN/Page_KDMC - CMS/input_btnadd' is clicked on

2018-05-11 10:49:02 - [MESSAGE][PASSED] - Object: 'Object Repository/MOH AND GRN/Page_KDMC - CMS/input_btnadd' is clicked on

2018-05-11 10:49:02 - [TEST_STEP][PASSED] - Statement - If (s == 10): null

2018-05-11 10:49:02 - [TEST_STEP][PASSED] - Statement - Else: null

2018-05-11 10:49:02 - [TEST_STEP][PASSED] - Statement - (s++): null

2018-05-11 10:49:02 - [TEST_STEP][PASSED] - delay: Delayed 1 second(s)

2018-05-11 10:49:03 - [MESSAGE][PASSED] - Delayed 1 second(s)

2018-05-11 10:49:03 - [TEST_STEP][PASSED] - selectOptionByIndex: All options with index in [17] are selected on object 'Object Repository/MOH AND GRN/Page_KDMC - CMS/select_--Select--Amikacin -500'

2018-05-11 10:49:03 - [MESSAGE][PASSED] - All options with index in [17] are selected on object 'Object Repository/MOH AND GRN/Page_KDMC - CMS/select_--Select--Amikacin -500'

2018-05-11 10:49:03 - [TEST_STEP][PASSED] - setText: Text '5000' is set on object 'Object Repository/MOH AND GRN/Page_KDMC - CMS/input_txtqty'

2018-05-11 10:49:03 - [MESSAGE][PASSED] - Text '5000' is set on object 'Object Repository/MOH AND GRN/Page_KDMC - CMS/input_txtqty'

2018-05-11 10:49:03 - [TEST_STEP][PASSED] - selectOptionByIndex: All options with index in [1] are selected on object 'Object Repository/MOH AND GRN/Page_KDMC - CMS/select_--Select--No Tax0'

2018-05-11 10:49:03 - [MESSAGE][PASSED] - All options with index in [1] are selected on object 'Object Repository/MOH AND GRN/Page_KDMC - CMS/select_--Select--No Tax0'

2018-05-11 10:49:03 - [TEST_STEP][PASSED] - setText: Finding Test Object with id 'Object Repository/MOH AND GRN/Page_KDMC - CMS/input_txtmrp'

2018-05-11 10:49:03 - [TEST_STEP][PASSED] - Statement - switch (id): Finding Test Object with id 'Object Repository/MOH AND GRN/Page_KDMC - CMS/input_txtdeal'

2018-05-11 10:49:03 - [TEST_STEP][PASSED] - Statement - case 4:: Text '38.0' is set on object 'Object Repository/MOH AND GRN/Page_KDMC - CMS/input_txtmrp'

2018-05-11 10:49:03 - [TEST_STEP][PASSED] - Statement - return (java.lang.Math.floor((java.lang.Math.random() * ((max - min) + 1))) + min): Text '38.0' is set on object 'Object Repository/MOH AND GRN/Page_KDMC - CMS/input_txtmrp'

2018-05-11 10:49:04 - [MESSAGE][PASSED] - Text '38.0' is set on object 'Object Repository/MOH AND GRN/Page_KDMC - CMS/input_txtmrp'

2018-05-11 10:49:04 - [TEST_STEP][PASSED] - setText: Finding Test Object with id 'Object Repository/MOH AND GRN/Page_KDMC - CMS/input_txtdeal'

2018-05-11 10:49:04 - [TEST_STEP][PASSED] - Statement - switch (id): Finding Test Object with id 'Object Repository/MOH AND GRN/Page_KDMC - CMS/input_txtbatchno'

2018-05-11 10:49:04 - [TEST_STEP][PASSED] - Statement - case 5:: Text '10.0' is set on object 'Object Repository/MOH AND GRN/Page_KDMC - CMS/input_txtdeal'

2018-05-11 10:49:04 - [TEST_STEP][PASSED] - Statement - return (java.lang.Math.floor((java.lang.Math.random() * ((max - min) + 1))) + min): Text '10.0' is set on object 'Object Repository/MOH AND GRN/Page_KDMC - CMS/input_txtdeal'

2018-05-11 10:49:04 - [MESSAGE][PASSED] - Text '10.0' is set on object 'Object Repository/MOH AND GRN/Page_KDMC - CMS/input_txtdeal'

2018-05-11 10:49:04 - [TEST_STEP][PASSED] - setText: Finding Test Object with id 'Object Repository/MOH AND GRN/Page_KDMC - CMS/input_txtbatchno'

2018-05-11 10:49:04 - [TEST_STEP][PASSED] - Statement - switch (id): Delayed 1 second(s)

2018-05-11 10:49:04 - [TEST_STEP][PASSED] - Statement - case 1:: Text 'BA485.0' is set on object 'Object Repository/MOH AND GRN/Page_KDMC - CMS/input_txtbatchno'

2018-05-11 10:49:04 - [TEST_STEP][PASSED] - Statement - return (java.lang.Math.floor((java.lang.Math.random() * ((max - min) + 1))) + min): Text 'BA485.0' is set on object 'Object Repository/MOH AND GRN/Page_KDMC - CMS/input_txtbatchno'

2018-05-11 10:49:04 - [MESSAGE][PASSED] - Text 'BA485.0' is set on object 'Object Repository/MOH AND GRN/Page_KDMC - CMS/input_txtbatchno'

2018-05-11 10:49:04 - [TEST_STEP][PASSED] - rightClick: Object: 'Object Repository/GRN/Page_KDMC - CMS/input_txtexpdate' is right clicked on

2018-05-11 10:49:04 - [MESSAGE][PASSED] - Object: 'Object Repository/GRN/Page_KDMC - CMS/input_txtexpdate' is right clicked on

2018-05-11 10:49:04 - [TEST_STEP][PASSED] - selectOptionByIndex: All options with index in [7] are selected on object 'Object Repository/GRN/Page_KDMC - CMS/select_20182019202020212022202'

2018-05-11 10:49:04 - [MESSAGE][PASSED] - All options with index in [7] are selected on object 'Object Repository/GRN/Page_KDMC - CMS/select_20182019202020212022202'

2018-05-11 10:49:04 - [TEST_STEP][PASSED] - selectOptionByIndex: All options with index in [7] are selected on object 'Object Repository/GRN/Page_KDMC - CMS/select_JanFebMarAprMayJunJulAu'

2018-05-11 10:49:04 - [MESSAGE][PASSED] - All options with index in [7] are selected on object 'Object Repository/GRN/Page_KDMC - CMS/select_JanFebMarAprMayJunJulAu'

2018-05-11 10:49:04 - [TEST_STEP][PASSED] - click: Object: 'Object Repository/MOH AND GRN/Page_KDMC - CMS/a_12' is clicked on

2018-05-11 10:49:04 - [MESSAGE][PASSED] - Object: 'Object Repository/MOH AND GRN/Page_KDMC - CMS/a_12' is clicked on

2018-05-11 10:49:04 - [TEST_STEP][PASSED] - click: Object: 'Object Repository/MOH AND GRN/Page_KDMC - CMS/input_btnadd' is clicked on

2018-05-11 10:49:04 - [MESSAGE][PASSED] - Object: 'Object Repository/MOH AND GRN/Page_KDMC - CMS/input_btnadd' is clicked on

2018-05-11 10:49:04 - [TEST_STEP][PASSED] - Statement - If (s == 10): null

2018-05-11 10:49:04 - [TEST_STEP][PASSED] - Statement - Else: null

2018-05-11 10:49:04 - [TEST_STEP][PASSED] - Statement - (s++): null

2018-05-11 10:49:04 - [TEST_STEP][PASSED] - delay: Delayed 1 second(s)

2018-05-11 10:49:05 - [MESSAGE][PASSED] - Delayed 1 second(s)

2018-05-11 10:49:05 - [TEST_STEP][PASSED] - scrollToElement: Scroll to object 'Object Repository/MOH AND GRN/Page_KDMC - CMS/input_btnSubmit' successfully

2018-05-11 10:49:05 - [MESSAGE][PASSED] - Scroll to object 'Object Repository/MOH AND GRN/Page_KDMC - CMS/input_btnSubmit' successfully

2018-05-11 10:49:05 - [TEST_STEP][PASSED] - click: Object: 'Object Repository/MOH AND GRN/Page_KDMC - CMS/input_btnSubmit' is clicked on

2018-05-11 10:49:06 - [MESSAGE][PASSED] - Object: 'Object Repository/MOH AND GRN/Page_KDMC - CMS/input_btnSubmit' is clicked on

2018-05-11 10:49:06 - [TEST_STEP][PASSED] - delay: Delayed 3 second(s)

2018-05-11 10:49:09 - [MESSAGE][PASSED] - Delayed 3 second(s)

2018-05-11 10:49:09 - [TEST_STEP][PASSED] - click: Object: 'Object Repository/MOH AND GRN/Page_KDMC - CMS/button_OK' is clicked on

2018-05-11 10:49:09 - [MESSAGE][PASSED] - Object: 'Object Repository/MOH AND GRN/Page_KDMC - CMS/button_OK' is clicked on

2018-05-11 10:49:09 - [TEST_STEP][PASSED] - delay: Delayed 2 second(s)

2018-05-11 10:49:11 - [MESSAGE][PASSED] - Delayed 2 second(s)

2018-05-11 10:49:11 - [TEST_STEP][PASSED] - delay: Delayed 3 second(s)

2018-05-11 10:49:14 - [MESSAGE][PASSED] - Delayed 3 second(s)

2018-05-11 10:49:14 - [TEST_STEP][PASSED] - click: Object: 'Object Repository/MOH AND GRN/Page_KDMC - CMS/a_dropdown-toggle' is clicked on

2018-05-11 10:49:14 - [MESSAGE][PASSED] - Object: 'Object Repository/MOH AND GRN/Page_KDMC - CMS/a_dropdown-toggle' is clicked on

2018-05-11 10:49:14 - [TEST_STEP][PASSED] - click: Object: 'Object Repository/MOH AND GRN/Page_KDMC - CMS/a_Sign out' is clicked on

2018-05-11 10:49:15 - [MESSAGE][PASSED] - Object: 'Object Repository/MOH AND GRN/Page_KDMC - CMS/a_Sign out' is clicked on

2018-05-11 10:49:15 - [TEST_STEP][PASSED] - closeBrowser: Browser is closed

2018-05-11 10:49:16 - [MESSAGE][PASSED] - Browser is closed]]></system-out>
         <system-err><![CDATA[]]></system-err>
      </testcase>
      <testcase name="Test Cases/MOH REQUEST AND GRN/Moh Request GRN  Schedule 9" classname="Test Cases/MOH REQUEST AND GRN/Moh Request GRN  Schedule 9" status="PASSED">
         <system-out><![CDATA[2018-05-11 10:49:16 - [TEST_CASE][PASSED] - Test Cases/MOH REQUEST AND GRN/Moh Request GRN  Schedule 9: Test Cases/MOH REQUEST AND GRN/Moh Request GRN  Schedule 9

2018-05-11 10:49:16 - [TEST_STEP][PASSED] - openBrowser: Browser is opened with url: ''

2018-05-11 10:49:18 - [MESSAGE][PASSED] - Browser is opened with url: ''

2018-05-11 10:49:18 - [TEST_STEP][PASSED] - navigateToUrl: Navigate to 'http://192.168.137.1/multihospital_new/' successfully

2018-05-11 10:49:20 - [MESSAGE][PASSED] - Navigate to 'http://192.168.137.1/multihospital_new/' successfully

2018-05-11 10:49:20 - [TEST_STEP][PASSED] - maximizeWindow: Current window maximized

2018-05-11 10:49:21 - [MESSAGE][PASSED] - Current window maximized

2018-05-11 10:49:21 - [TEST_STEP][PASSED] - click: Object: 'Object Repository/MOH AND GRN/Page_KDMC/a_CMS' is clicked on

2018-05-11 10:49:22 - [MESSAGE][PASSED] - Object: 'Object Repository/MOH AND GRN/Page_KDMC/a_CMS' is clicked on

2018-05-11 10:49:22 - [TEST_STEP][PASSED] - setText: Text 'bala' is set on object 'Object Repository/MOH AND GRN/Page_CMS login/input_txtusername'

2018-05-11 10:49:22 - [MESSAGE][PASSED] - Text 'bala' is set on object 'Object Repository/MOH AND GRN/Page_CMS login/input_txtusername'

2018-05-11 10:49:22 - [TEST_STEP][PASSED] - setText: Text '123' is set on object 'Object Repository/MOH AND GRN/Page_CMS login/input_txtpassword'

2018-05-11 10:49:22 - [MESSAGE][PASSED] - Text '123' is set on object 'Object Repository/MOH AND GRN/Page_CMS login/input_txtpassword'

2018-05-11 10:49:22 - [TEST_STEP][PASSED] - delay: Delayed 3 second(s)

2018-05-11 10:49:25 - [MESSAGE][PASSED] - Delayed 3 second(s)

2018-05-11 10:49:25 - [TEST_STEP][PASSED] - click: Object: 'Object Repository/MOH AND GRN/Page_CMS login/button_Sign in' is clicked on

2018-05-11 10:49:26 - [MESSAGE][PASSED] - Object: 'Object Repository/MOH AND GRN/Page_CMS login/button_Sign in' is clicked on

2018-05-11 10:49:26 - [TEST_STEP][PASSED] - click: Object: 'Object Repository/MOH AND GRN/Page_KDMC - CMS/a_Request to MOH' is clicked on

2018-05-11 10:49:27 - [MESSAGE][PASSED] - Object: 'Object Repository/MOH AND GRN/Page_KDMC - CMS/a_Request to MOH' is clicked on

2018-05-11 10:49:27 - [TEST_STEP][PASSED] - selectOptionByIndex: All options with index in [2] are selected on object 'Object Repository/MOH AND GRN/Page_KDMC - CMS/select_--Select--'

2018-05-11 10:49:27 - [MESSAGE][PASSED] - All options with index in [2] are selected on object 'Object Repository/MOH AND GRN/Page_KDMC - CMS/select_--Select--'

2018-05-11 10:49:27 - [TEST_STEP][PASSED] - selectOptionByIndex: All options with index in [9] are selected on object 'Object Repository/MOH AND GRN/Page_KDMC - CMS/select_--Select--Schedule 1Inj'

2018-05-11 10:49:27 - [MESSAGE][PASSED] - All options with index in [9] are selected on object 'Object Repository/MOH AND GRN/Page_KDMC - CMS/select_--Select--Schedule 1Inj'

2018-05-11 10:49:27 - [TEST_STEP][PASSED] - Statement - selectedoptions = com.kms.katalon.core.webui.keyword.WebUiBuiltInKeywords.getNumberOfTotalOption(com.kms.katalon.core.testobject.ObjectRepository.findTestObject(MOH AND GRN/Page_KDMC - CMS/select_--Select--Adernaline 0.)): 36 options of object 'Object Repository/MOH AND GRN/Page_KDMC - CMS/select_--Select--Adernaline 0.' counted

2018-05-11 10:49:27 - [MESSAGE][PASSED] - 36 options of object 'Object Repository/MOH AND GRN/Page_KDMC - CMS/select_--Select--Adernaline 0.' counted

2018-05-11 10:49:27 - [TEST_STEP][PASSED] - Statement - For ([j = 1, j <= selectedoptions - 1, (j++)]): Object: 'Object Repository/MOH AND GRN/Page_KDMC - CMS/button_Add' is clicked on

2018-05-11 10:49:27 - [TEST_STEP][PASSED] - selectOptionByIndex: All options with index in [9] are selected on object 'Object Repository/MOH AND GRN/Page_KDMC - CMS/select_--Select--Schedule 1Inj'

2018-05-11 10:49:27 - [MESSAGE][PASSED] - All options with index in [9] are selected on object 'Object Repository/MOH AND GRN/Page_KDMC - CMS/select_--Select--Schedule 1Inj'

2018-05-11 10:49:27 - [TEST_STEP][PASSED] - selectOptionByIndex: All options with index in [1] are selected on object 'Object Repository/MOH AND GRN/Page_KDMC - CMS/select_--Select--Adernaline 0.'

2018-05-11 10:49:27 - [MESSAGE][PASSED] - All options with index in [1] are selected on object 'Object Repository/MOH AND GRN/Page_KDMC - CMS/select_--Select--Adernaline 0.'

2018-05-11 10:49:27 - [TEST_STEP][PASSED] - setText: Text '5000' is set on object 'Object Repository/MOH AND GRN/Page_KDMC - CMS/input_txttreat'

2018-05-11 10:49:28 - [MESSAGE][PASSED] - Text '5000' is set on object 'Object Repository/MOH AND GRN/Page_KDMC - CMS/input_txttreat'

2018-05-11 10:49:28 - [TEST_STEP][PASSED] - click: Object: 'Object Repository/MOH AND GRN/Page_KDMC - CMS/button_Add' is clicked on

2018-05-11 10:49:28 - [MESSAGE][PASSED] - Object: 'Object Repository/MOH AND GRN/Page_KDMC - CMS/button_Add' is clicked on

2018-05-11 10:49:28 - [TEST_STEP][PASSED] - selectOptionByIndex: All options with index in [9] are selected on object 'Object Repository/MOH AND GRN/Page_KDMC - CMS/select_--Select--Schedule 1Inj'

2018-05-11 10:49:28 - [MESSAGE][PASSED] - All options with index in [9] are selected on object 'Object Repository/MOH AND GRN/Page_KDMC - CMS/select_--Select--Schedule 1Inj'

2018-05-11 10:49:28 - [TEST_STEP][PASSED] - selectOptionByIndex: All options with index in [2] are selected on object 'Object Repository/MOH AND GRN/Page_KDMC - CMS/select_--Select--Adernaline 0.'

2018-05-11 10:49:28 - [MESSAGE][PASSED] - All options with index in [2] are selected on object 'Object Repository/MOH AND GRN/Page_KDMC - CMS/select_--Select--Adernaline 0.'

2018-05-11 10:49:28 - [TEST_STEP][PASSED] - setText: Text '5000' is set on object 'Object Repository/MOH AND GRN/Page_KDMC - CMS/input_txttreat'

2018-05-11 10:49:28 - [MESSAGE][PASSED] - Text '5000' is set on object 'Object Repository/MOH AND GRN/Page_KDMC - CMS/input_txttreat'

2018-05-11 10:49:28 - [TEST_STEP][PASSED] - click: Object: 'Object Repository/MOH AND GRN/Page_KDMC - CMS/button_Add' is clicked on

2018-05-11 10:49:28 - [MESSAGE][PASSED] - Object: 'Object Repository/MOH AND GRN/Page_KDMC - CMS/button_Add' is clicked on

2018-05-11 10:49:28 - [TEST_STEP][PASSED] - selectOptionByIndex: All options with index in [9] are selected on object 'Object Repository/MOH AND GRN/Page_KDMC - CMS/select_--Select--Schedule 1Inj'

2018-05-11 10:49:28 - [MESSAGE][PASSED] - All options with index in [9] are selected on object 'Object Repository/MOH AND GRN/Page_KDMC - CMS/select_--Select--Schedule 1Inj'

2018-05-11 10:49:28 - [TEST_STEP][PASSED] - selectOptionByIndex: All options with index in [3] are selected on object 'Object Repository/MOH AND GRN/Page_KDMC - CMS/select_--Select--Adernaline 0.'

2018-05-11 10:49:28 - [MESSAGE][PASSED] - All options with index in [3] are selected on object 'Object Repository/MOH AND GRN/Page_KDMC - CMS/select_--Select--Adernaline 0.'

2018-05-11 10:49:28 - [TEST_STEP][PASSED] - setText: Text '5000' is set on object 'Object Repository/MOH AND GRN/Page_KDMC - CMS/input_txttreat'

2018-05-11 10:49:29 - [MESSAGE][PASSED] - Text '5000' is set on object 'Object Repository/MOH AND GRN/Page_KDMC - CMS/input_txttreat'

2018-05-11 10:49:29 - [TEST_STEP][PASSED] - click: Object: 'Object Repository/MOH AND GRN/Page_KDMC - CMS/button_Add' is clicked on

2018-05-11 10:49:29 - [MESSAGE][PASSED] - Object: 'Object Repository/MOH AND GRN/Page_KDMC - CMS/button_Add' is clicked on

2018-05-11 10:49:29 - [TEST_STEP][PASSED] - selectOptionByIndex: All options with index in [9] are selected on object 'Object Repository/MOH AND GRN/Page_KDMC - CMS/select_--Select--Schedule 1Inj'

2018-05-11 10:49:29 - [MESSAGE][PASSED] - All options with index in [9] are selected on object 'Object Repository/MOH AND GRN/Page_KDMC - CMS/select_--Select--Schedule 1Inj'

2018-05-11 10:49:29 - [TEST_STEP][PASSED] - selectOptionByIndex: All options with index in [4] are selected on object 'Object Repository/MOH AND GRN/Page_KDMC - CMS/select_--Select--Adernaline 0.'

2018-05-11 10:49:29 - [MESSAGE][PASSED] - All options with index in [4] are selected on object 'Object Repository/MOH AND GRN/Page_KDMC - CMS/select_--Select--Adernaline 0.'

2018-05-11 10:49:29 - [TEST_STEP][PASSED] - setText: Text '5000' is set on object 'Object Repository/MOH AND GRN/Page_KDMC - CMS/input_txttreat'

2018-05-11 10:49:29 - [MESSAGE][PASSED] - Text '5000' is set on object 'Object Repository/MOH AND GRN/Page_KDMC - CMS/input_txttreat'

2018-05-11 10:49:29 - [TEST_STEP][PASSED] - click: Object: 'Object Repository/MOH AND GRN/Page_KDMC - CMS/button_Add' is clicked on

2018-05-11 10:49:29 - [MESSAGE][PASSED] - Object: 'Object Repository/MOH AND GRN/Page_KDMC - CMS/button_Add' is clicked on

2018-05-11 10:49:29 - [TEST_STEP][PASSED] - selectOptionByIndex: All options with index in [9] are selected on object 'Object Repository/MOH AND GRN/Page_KDMC - CMS/select_--Select--Schedule 1Inj'

2018-05-11 10:49:29 - [MESSAGE][PASSED] - All options with index in [9] are selected on object 'Object Repository/MOH AND GRN/Page_KDMC - CMS/select_--Select--Schedule 1Inj'

2018-05-11 10:49:29 - [TEST_STEP][PASSED] - selectOptionByIndex: All options with index in [5] are selected on object 'Object Repository/MOH AND GRN/Page_KDMC - CMS/select_--Select--Adernaline 0.'

2018-05-11 10:49:29 - [MESSAGE][PASSED] - All options with index in [5] are selected on object 'Object Repository/MOH AND GRN/Page_KDMC - CMS/select_--Select--Adernaline 0.'

2018-05-11 10:49:29 - [TEST_STEP][PASSED] - setText: Text '5000' is set on object 'Object Repository/MOH AND GRN/Page_KDMC - CMS/input_txttreat'

2018-05-11 10:49:29 - [MESSAGE][PASSED] - Text '5000' is set on object 'Object Repository/MOH AND GRN/Page_KDMC - CMS/input_txttreat'

2018-05-11 10:49:29 - [TEST_STEP][PASSED] - click: Object: 'Object Repository/MOH AND GRN/Page_KDMC - CMS/button_Add' is clicked on

2018-05-11 10:49:30 - [MESSAGE][PASSED] - Object: 'Object Repository/MOH AND GRN/Page_KDMC - CMS/button_Add' is clicked on

2018-05-11 10:49:30 - [TEST_STEP][PASSED] - selectOptionByIndex: All options with index in [9] are selected on object 'Object Repository/MOH AND GRN/Page_KDMC - CMS/select_--Select--Schedule 1Inj'

2018-05-11 10:49:30 - [MESSAGE][PASSED] - All options with index in [9] are selected on object 'Object Repository/MOH AND GRN/Page_KDMC - CMS/select_--Select--Schedule 1Inj'

2018-05-11 10:49:30 - [TEST_STEP][PASSED] - selectOptionByIndex: All options with index in [6] are selected on object 'Object Repository/MOH AND GRN/Page_KDMC - CMS/select_--Select--Adernaline 0.'

2018-05-11 10:49:30 - [MESSAGE][PASSED] - All options with index in [6] are selected on object 'Object Repository/MOH AND GRN/Page_KDMC - CMS/select_--Select--Adernaline 0.'

2018-05-11 10:49:30 - [TEST_STEP][PASSED] - setText: Text '5000' is set on object 'Object Repository/MOH AND GRN/Page_KDMC - CMS/input_txttreat'

2018-05-11 10:49:30 - [MESSAGE][PASSED] - Text '5000' is set on object 'Object Repository/MOH AND GRN/Page_KDMC - CMS/input_txttreat'

2018-05-11 10:49:30 - [TEST_STEP][PASSED] - click: Object: 'Object Repository/MOH AND GRN/Page_KDMC - CMS/button_Add' is clicked on

2018-05-11 10:49:30 - [MESSAGE][PASSED] - Object: 'Object Repository/MOH AND GRN/Page_KDMC - CMS/button_Add' is clicked on

2018-05-11 10:49:30 - [TEST_STEP][PASSED] - selectOptionByIndex: All options with index in [9] are selected on object 'Object Repository/MOH AND GRN/Page_KDMC - CMS/select_--Select--Schedule 1Inj'

2018-05-11 10:49:30 - [MESSAGE][PASSED] - All options with index in [9] are selected on object 'Object Repository/MOH AND GRN/Page_KDMC - CMS/select_--Select--Schedule 1Inj'

2018-05-11 10:49:30 - [TEST_STEP][PASSED] - selectOptionByIndex: All options with index in [7] are selected on object 'Object Repository/MOH AND GRN/Page_KDMC - CMS/select_--Select--Adernaline 0.'

2018-05-11 10:49:30 - [MESSAGE][PASSED] - All options with index in [7] are selected on object 'Object Repository/MOH AND GRN/Page_KDMC - CMS/select_--Select--Adernaline 0.'

2018-05-11 10:49:30 - [TEST_STEP][PASSED] - setText: Text '5000' is set on object 'Object Repository/MOH AND GRN/Page_KDMC - CMS/input_txttreat'

2018-05-11 10:49:31 - [MESSAGE][PASSED] - Text '5000' is set on object 'Object Repository/MOH AND GRN/Page_KDMC - CMS/input_txttreat'

2018-05-11 10:49:31 - [TEST_STEP][PASSED] - click: Object: 'Object Repository/MOH AND GRN/Page_KDMC - CMS/button_Add' is clicked on

2018-05-11 10:49:31 - [MESSAGE][PASSED] - Object: 'Object Repository/MOH AND GRN/Page_KDMC - CMS/button_Add' is clicked on

2018-05-11 10:49:31 - [TEST_STEP][PASSED] - selectOptionByIndex: All options with index in [9] are selected on object 'Object Repository/MOH AND GRN/Page_KDMC - CMS/select_--Select--Schedule 1Inj'

2018-05-11 10:49:31 - [MESSAGE][PASSED] - All options with index in [9] are selected on object 'Object Repository/MOH AND GRN/Page_KDMC - CMS/select_--Select--Schedule 1Inj'

2018-05-11 10:49:31 - [TEST_STEP][PASSED] - selectOptionByIndex: All options with index in [8] are selected on object 'Object Repository/MOH AND GRN/Page_KDMC - CMS/select_--Select--Adernaline 0.'

2018-05-11 10:49:31 - [MESSAGE][PASSED] - All options with index in [8] are selected on object 'Object Repository/MOH AND GRN/Page_KDMC - CMS/select_--Select--Adernaline 0.'

2018-05-11 10:49:31 - [TEST_STEP][PASSED] - setText: Text '5000' is set on object 'Object Repository/MOH AND GRN/Page_KDMC - CMS/input_txttreat'

2018-05-11 10:49:31 - [MESSAGE][PASSED] - Text '5000' is set on object 'Object Repository/MOH AND GRN/Page_KDMC - CMS/input_txttreat'

2018-05-11 10:49:31 - [TEST_STEP][PASSED] - click: Object: 'Object Repository/MOH AND GRN/Page_KDMC - CMS/button_Add' is clicked on

2018-05-11 10:49:31 - [MESSAGE][PASSED] - Object: 'Object Repository/MOH AND GRN/Page_KDMC - CMS/button_Add' is clicked on

2018-05-11 10:49:31 - [TEST_STEP][PASSED] - selectOptionByIndex: All options with index in [9] are selected on object 'Object Repository/MOH AND GRN/Page_KDMC - CMS/select_--Select--Schedule 1Inj'

2018-05-11 10:49:31 - [MESSAGE][PASSED] - All options with index in [9] are selected on object 'Object Repository/MOH AND GRN/Page_KDMC - CMS/select_--Select--Schedule 1Inj'

2018-05-11 10:49:31 - [TEST_STEP][PASSED] - selectOptionByIndex: All options with index in [9] are selected on object 'Object Repository/MOH AND GRN/Page_KDMC - CMS/select_--Select--Adernaline 0.'

2018-05-11 10:49:32 - [MESSAGE][PASSED] - All options with index in [9] are selected on object 'Object Repository/MOH AND GRN/Page_KDMC - CMS/select_--Select--Adernaline 0.'

2018-05-11 10:49:32 - [TEST_STEP][PASSED] - setText: Text '5000' is set on object 'Object Repository/MOH AND GRN/Page_KDMC - CMS/input_txttreat'

2018-05-11 10:49:32 - [MESSAGE][PASSED] - Text '5000' is set on object 'Object Repository/MOH AND GRN/Page_KDMC - CMS/input_txttreat'

2018-05-11 10:49:32 - [TEST_STEP][PASSED] - click: Object: 'Object Repository/MOH AND GRN/Page_KDMC - CMS/button_Add' is clicked on

2018-05-11 10:49:32 - [MESSAGE][PASSED] - Object: 'Object Repository/MOH AND GRN/Page_KDMC - CMS/button_Add' is clicked on

2018-05-11 10:49:32 - [TEST_STEP][PASSED] - selectOptionByIndex: All options with index in [9] are selected on object 'Object Repository/MOH AND GRN/Page_KDMC - CMS/select_--Select--Schedule 1Inj'

2018-05-11 10:49:32 - [MESSAGE][PASSED] - All options with index in [9] are selected on object 'Object Repository/MOH AND GRN/Page_KDMC - CMS/select_--Select--Schedule 1Inj'

2018-05-11 10:49:32 - [TEST_STEP][PASSED] - selectOptionByIndex: All options with index in [10] are selected on object 'Object Repository/MOH AND GRN/Page_KDMC - CMS/select_--Select--Adernaline 0.'

2018-05-11 10:49:32 - [MESSAGE][PASSED] - All options with index in [10] are selected on object 'Object Repository/MOH AND GRN/Page_KDMC - CMS/select_--Select--Adernaline 0.'

2018-05-11 10:49:32 - [TEST_STEP][PASSED] - setText: Text '5000' is set on object 'Object Repository/MOH AND GRN/Page_KDMC - CMS/input_txttreat'

2018-05-11 10:49:32 - [MESSAGE][PASSED] - Text '5000' is set on object 'Object Repository/MOH AND GRN/Page_KDMC - CMS/input_txttreat'

2018-05-11 10:49:32 - [TEST_STEP][PASSED] - click: Object: 'Object Repository/MOH AND GRN/Page_KDMC - CMS/button_Add' is clicked on

2018-05-11 10:49:32 - [MESSAGE][PASSED] - Object: 'Object Repository/MOH AND GRN/Page_KDMC - CMS/button_Add' is clicked on

2018-05-11 10:49:32 - [TEST_STEP][PASSED] - selectOptionByIndex: All options with index in [9] are selected on object 'Object Repository/MOH AND GRN/Page_KDMC - CMS/select_--Select--Schedule 1Inj'

2018-05-11 10:49:32 - [MESSAGE][PASSED] - All options with index in [9] are selected on object 'Object Repository/MOH AND GRN/Page_KDMC - CMS/select_--Select--Schedule 1Inj'

2018-05-11 10:49:32 - [TEST_STEP][PASSED] - selectOptionByIndex: All options with index in [11] are selected on object 'Object Repository/MOH AND GRN/Page_KDMC - CMS/select_--Select--Adernaline 0.'

2018-05-11 10:49:33 - [MESSAGE][PASSED] - All options with index in [11] are selected on object 'Object Repository/MOH AND GRN/Page_KDMC - CMS/select_--Select--Adernaline 0.'

2018-05-11 10:49:33 - [TEST_STEP][PASSED] - setText: Text '5000' is set on object 'Object Repository/MOH AND GRN/Page_KDMC - CMS/input_txttreat'

2018-05-11 10:49:33 - [MESSAGE][PASSED] - Text '5000' is set on object 'Object Repository/MOH AND GRN/Page_KDMC - CMS/input_txttreat'

2018-05-11 10:49:33 - [TEST_STEP][PASSED] - click: Object: 'Object Repository/MOH AND GRN/Page_KDMC - CMS/button_Add' is clicked on

2018-05-11 10:49:33 - [MESSAGE][PASSED] - Object: 'Object Repository/MOH AND GRN/Page_KDMC - CMS/button_Add' is clicked on

2018-05-11 10:49:33 - [TEST_STEP][PASSED] - selectOptionByIndex: All options with index in [9] are selected on object 'Object Repository/MOH AND GRN/Page_KDMC - CMS/select_--Select--Schedule 1Inj'

2018-05-11 10:49:33 - [MESSAGE][PASSED] - All options with index in [9] are selected on object 'Object Repository/MOH AND GRN/Page_KDMC - CMS/select_--Select--Schedule 1Inj'

2018-05-11 10:49:33 - [TEST_STEP][PASSED] - selectOptionByIndex: All options with index in [12] are selected on object 'Object Repository/MOH AND GRN/Page_KDMC - CMS/select_--Select--Adernaline 0.'

2018-05-11 10:49:33 - [MESSAGE][PASSED] - All options with index in [12] are selected on object 'Object Repository/MOH AND GRN/Page_KDMC - CMS/select_--Select--Adernaline 0.'

2018-05-11 10:49:33 - [TEST_STEP][PASSED] - setText: Text '5000' is set on object 'Object Repository/MOH AND GRN/Page_KDMC - CMS/input_txttreat'

2018-05-11 10:49:33 - [MESSAGE][PASSED] - Text '5000' is set on object 'Object Repository/MOH AND GRN/Page_KDMC - CMS/input_txttreat'

2018-05-11 10:49:33 - [TEST_STEP][PASSED] - click: Object: 'Object Repository/MOH AND GRN/Page_KDMC - CMS/button_Add' is clicked on

2018-05-11 10:49:33 - [MESSAGE][PASSED] - Object: 'Object Repository/MOH AND GRN/Page_KDMC - CMS/button_Add' is clicked on

2018-05-11 10:49:33 - [TEST_STEP][PASSED] - selectOptionByIndex: All options with index in [9] are selected on object 'Object Repository/MOH AND GRN/Page_KDMC - CMS/select_--Select--Schedule 1Inj'

2018-05-11 10:49:33 - [MESSAGE][PASSED] - All options with index in [9] are selected on object 'Object Repository/MOH AND GRN/Page_KDMC - CMS/select_--Select--Schedule 1Inj'

2018-05-11 10:49:33 - [TEST_STEP][PASSED] - selectOptionByIndex: All options with index in [13] are selected on object 'Object Repository/MOH AND GRN/Page_KDMC - CMS/select_--Select--Adernaline 0.'

2018-05-11 10:49:34 - [MESSAGE][PASSED] - All options with index in [13] are selected on object 'Object Repository/MOH AND GRN/Page_KDMC - CMS/select_--Select--Adernaline 0.'

2018-05-11 10:49:34 - [TEST_STEP][PASSED] - setText: Text '5000' is set on object 'Object Repository/MOH AND GRN/Page_KDMC - CMS/input_txttreat'

2018-05-11 10:49:34 - [MESSAGE][PASSED] - Text '5000' is set on object 'Object Repository/MOH AND GRN/Page_KDMC - CMS/input_txttreat'

2018-05-11 10:49:34 - [TEST_STEP][PASSED] - click: Object: 'Object Repository/MOH AND GRN/Page_KDMC - CMS/button_Add' is clicked on

2018-05-11 10:49:34 - [MESSAGE][PASSED] - Object: 'Object Repository/MOH AND GRN/Page_KDMC - CMS/button_Add' is clicked on

2018-05-11 10:49:34 - [TEST_STEP][PASSED] - selectOptionByIndex: All options with index in [9] are selected on object 'Object Repository/MOH AND GRN/Page_KDMC - CMS/select_--Select--Schedule 1Inj'

2018-05-11 10:49:34 - [MESSAGE][PASSED] - All options with index in [9] are selected on object 'Object Repository/MOH AND GRN/Page_KDMC - CMS/select_--Select--Schedule 1Inj'

2018-05-11 10:49:34 - [TEST_STEP][PASSED] - selectOptionByIndex: All options with index in [14] are selected on object 'Object Repository/MOH AND GRN/Page_KDMC - CMS/select_--Select--Adernaline 0.'

2018-05-11 10:49:34 - [MESSAGE][PASSED] - All options with index in [14] are selected on object 'Object Repository/MOH AND GRN/Page_KDMC - CMS/select_--Select--Adernaline 0.'

2018-05-11 10:49:34 - [TEST_STEP][PASSED] - setText: Text '5000' is set on object 'Object Repository/MOH AND GRN/Page_KDMC - CMS/input_txttreat'

2018-05-11 10:49:34 - [MESSAGE][PASSED] - Text '5000' is set on object 'Object Repository/MOH AND GRN/Page_KDMC - CMS/input_txttreat'

2018-05-11 10:49:34 - [TEST_STEP][PASSED] - click: Object: 'Object Repository/MOH AND GRN/Page_KDMC - CMS/button_Add' is clicked on

2018-05-11 10:49:34 - [MESSAGE][PASSED] - Object: 'Object Repository/MOH AND GRN/Page_KDMC - CMS/button_Add' is clicked on

2018-05-11 10:49:34 - [TEST_STEP][PASSED] - selectOptionByIndex: All options with index in [9] are selected on object 'Object Repository/MOH AND GRN/Page_KDMC - CMS/select_--Select--Schedule 1Inj'

2018-05-11 10:49:35 - [MESSAGE][PASSED] - All options with index in [9] are selected on object 'Object Repository/MOH AND GRN/Page_KDMC - CMS/select_--Select--Schedule 1Inj'

2018-05-11 10:49:35 - [TEST_STEP][PASSED] - selectOptionByIndex: All options with index in [15] are selected on object 'Object Repository/MOH AND GRN/Page_KDMC - CMS/select_--Select--Adernaline 0.'

2018-05-11 10:49:35 - [MESSAGE][PASSED] - All options with index in [15] are selected on object 'Object Repository/MOH AND GRN/Page_KDMC - CMS/select_--Select--Adernaline 0.'

2018-05-11 10:49:35 - [TEST_STEP][PASSED] - setText: Text '5000' is set on object 'Object Repository/MOH AND GRN/Page_KDMC - CMS/input_txttreat'

2018-05-11 10:49:35 - [MESSAGE][PASSED] - Text '5000' is set on object 'Object Repository/MOH AND GRN/Page_KDMC - CMS/input_txttreat'

2018-05-11 10:49:35 - [TEST_STEP][PASSED] - click: Object: 'Object Repository/MOH AND GRN/Page_KDMC - CMS/button_Add' is clicked on

2018-05-11 10:49:35 - [MESSAGE][PASSED] - Object: 'Object Repository/MOH AND GRN/Page_KDMC - CMS/button_Add' is clicked on

2018-05-11 10:49:35 - [TEST_STEP][PASSED] - selectOptionByIndex: All options with index in [9] are selected on object 'Object Repository/MOH AND GRN/Page_KDMC - CMS/select_--Select--Schedule 1Inj'

2018-05-11 10:49:35 - [MESSAGE][PASSED] - All options with index in [9] are selected on object 'Object Repository/MOH AND GRN/Page_KDMC - CMS/select_--Select--Schedule 1Inj'

2018-05-11 10:49:35 - [TEST_STEP][PASSED] - selectOptionByIndex: All options with index in [16] are selected on object 'Object Repository/MOH AND GRN/Page_KDMC - CMS/select_--Select--Adernaline 0.'

2018-05-11 10:49:35 - [MESSAGE][PASSED] - All options with index in [16] are selected on object 'Object Repository/MOH AND GRN/Page_KDMC - CMS/select_--Select--Adernaline 0.'

2018-05-11 10:49:35 - [TEST_STEP][PASSED] - setText: Text '5000' is set on object 'Object Repository/MOH AND GRN/Page_KDMC - CMS/input_txttreat'

2018-05-11 10:49:36 - [MESSAGE][PASSED] - Text '5000' is set on object 'Object Repository/MOH AND GRN/Page_KDMC - CMS/input_txttreat'

2018-05-11 10:49:36 - [TEST_STEP][PASSED] - click: Object: 'Object Repository/MOH AND GRN/Page_KDMC - CMS/button_Add' is clicked on

2018-05-11 10:49:36 - [MESSAGE][PASSED] - Object: 'Object Repository/MOH AND GRN/Page_KDMC - CMS/button_Add' is clicked on

2018-05-11 10:49:36 - [TEST_STEP][PASSED] - selectOptionByIndex: All options with index in [9] are selected on object 'Object Repository/MOH AND GRN/Page_KDMC - CMS/select_--Select--Schedule 1Inj'

2018-05-11 10:49:36 - [MESSAGE][PASSED] - All options with index in [9] are selected on object 'Object Repository/MOH AND GRN/Page_KDMC - CMS/select_--Select--Schedule 1Inj'

2018-05-11 10:49:36 - [TEST_STEP][PASSED] - selectOptionByIndex: All options with index in [17] are selected on object 'Object Repository/MOH AND GRN/Page_KDMC - CMS/select_--Select--Adernaline 0.'

2018-05-11 10:49:36 - [MESSAGE][PASSED] - All options with index in [17] are selected on object 'Object Repository/MOH AND GRN/Page_KDMC - CMS/select_--Select--Adernaline 0.'

2018-05-11 10:49:36 - [TEST_STEP][PASSED] - setText: Text '5000' is set on object 'Object Repository/MOH AND GRN/Page_KDMC - CMS/input_txttreat'

2018-05-11 10:49:36 - [MESSAGE][PASSED] - Text '5000' is set on object 'Object Repository/MOH AND GRN/Page_KDMC - CMS/input_txttreat'

2018-05-11 10:49:36 - [TEST_STEP][PASSED] - click: Object: 'Object Repository/MOH AND GRN/Page_KDMC - CMS/button_Add' is clicked on

2018-05-11 10:49:36 - [MESSAGE][PASSED] - Object: 'Object Repository/MOH AND GRN/Page_KDMC - CMS/button_Add' is clicked on

2018-05-11 10:49:36 - [TEST_STEP][PASSED] - selectOptionByIndex: All options with index in [9] are selected on object 'Object Repository/MOH AND GRN/Page_KDMC - CMS/select_--Select--Schedule 1Inj'

2018-05-11 10:49:36 - [MESSAGE][PASSED] - All options with index in [9] are selected on object 'Object Repository/MOH AND GRN/Page_KDMC - CMS/select_--Select--Schedule 1Inj'

2018-05-11 10:49:36 - [TEST_STEP][PASSED] - selectOptionByIndex: All options with index in [18] are selected on object 'Object Repository/MOH AND GRN/Page_KDMC - CMS/select_--Select--Adernaline 0.'

2018-05-11 10:49:37 - [MESSAGE][PASSED] - All options with index in [18] are selected on object 'Object Repository/MOH AND GRN/Page_KDMC - CMS/select_--Select--Adernaline 0.'

2018-05-11 10:49:37 - [TEST_STEP][PASSED] - setText: Text '5000' is set on object 'Object Repository/MOH AND GRN/Page_KDMC - CMS/input_txttreat'

2018-05-11 10:49:37 - [MESSAGE][PASSED] - Text '5000' is set on object 'Object Repository/MOH AND GRN/Page_KDMC - CMS/input_txttreat'

2018-05-11 10:49:37 - [TEST_STEP][PASSED] - click: Object: 'Object Repository/MOH AND GRN/Page_KDMC - CMS/button_Add' is clicked on

2018-05-11 10:49:37 - [MESSAGE][PASSED] - Object: 'Object Repository/MOH AND GRN/Page_KDMC - CMS/button_Add' is clicked on

2018-05-11 10:49:37 - [TEST_STEP][PASSED] - selectOptionByIndex: All options with index in [9] are selected on object 'Object Repository/MOH AND GRN/Page_KDMC - CMS/select_--Select--Schedule 1Inj'

2018-05-11 10:49:37 - [MESSAGE][PASSED] - All options with index in [9] are selected on object 'Object Repository/MOH AND GRN/Page_KDMC - CMS/select_--Select--Schedule 1Inj'

2018-05-11 10:49:37 - [TEST_STEP][PASSED] - selectOptionByIndex: All options with index in [19] are selected on object 'Object Repository/MOH AND GRN/Page_KDMC - CMS/select_--Select--Adernaline 0.'

2018-05-11 10:49:37 - [MESSAGE][PASSED] - All options with index in [19] are selected on object 'Object Repository/MOH AND GRN/Page_KDMC - CMS/select_--Select--Adernaline 0.'

2018-05-11 10:49:37 - [TEST_STEP][PASSED] - setText: Text '5000' is set on object 'Object Repository/MOH AND GRN/Page_KDMC - CMS/input_txttreat'

2018-05-11 10:49:37 - [MESSAGE][PASSED] - Text '5000' is set on object 'Object Repository/MOH AND GRN/Page_KDMC - CMS/input_txttreat'

2018-05-11 10:49:37 - [TEST_STEP][PASSED] - click: Object: 'Object Repository/MOH AND GRN/Page_KDMC - CMS/button_Add' is clicked on

2018-05-11 10:49:37 - [MESSAGE][PASSED] - Object: 'Object Repository/MOH AND GRN/Page_KDMC - CMS/button_Add' is clicked on

2018-05-11 10:49:37 - [TEST_STEP][PASSED] - selectOptionByIndex: All options with index in [9] are selected on object 'Object Repository/MOH AND GRN/Page_KDMC - CMS/select_--Select--Schedule 1Inj'

2018-05-11 10:49:38 - [MESSAGE][PASSED] - All options with index in [9] are selected on object 'Object Repository/MOH AND GRN/Page_KDMC - CMS/select_--Select--Schedule 1Inj'

2018-05-11 10:49:38 - [TEST_STEP][PASSED] - selectOptionByIndex: All options with index in [20] are selected on object 'Object Repository/MOH AND GRN/Page_KDMC - CMS/select_--Select--Adernaline 0.'

2018-05-11 10:49:38 - [MESSAGE][PASSED] - All options with index in [20] are selected on object 'Object Repository/MOH AND GRN/Page_KDMC - CMS/select_--Select--Adernaline 0.'

2018-05-11 10:49:38 - [TEST_STEP][PASSED] - setText: Text '5000' is set on object 'Object Repository/MOH AND GRN/Page_KDMC - CMS/input_txttreat'

2018-05-11 10:49:38 - [MESSAGE][PASSED] - Text '5000' is set on object 'Object Repository/MOH AND GRN/Page_KDMC - CMS/input_txttreat'

2018-05-11 10:49:38 - [TEST_STEP][PASSED] - click: Object: 'Object Repository/MOH AND GRN/Page_KDMC - CMS/button_Add' is clicked on

2018-05-11 10:49:38 - [MESSAGE][PASSED] - Object: 'Object Repository/MOH AND GRN/Page_KDMC - CMS/button_Add' is clicked on

2018-05-11 10:49:38 - [TEST_STEP][PASSED] - selectOptionByIndex: All options with index in [9] are selected on object 'Object Repository/MOH AND GRN/Page_KDMC - CMS/select_--Select--Schedule 1Inj'

2018-05-11 10:49:38 - [MESSAGE][PASSED] - All options with index in [9] are selected on object 'Object Repository/MOH AND GRN/Page_KDMC - CMS/select_--Select--Schedule 1Inj'

2018-05-11 10:49:38 - [TEST_STEP][PASSED] - selectOptionByIndex: All options with index in [21] are selected on object 'Object Repository/MOH AND GRN/Page_KDMC - CMS/select_--Select--Adernaline 0.'

2018-05-11 10:49:39 - [MESSAGE][PASSED] - All options with index in [21] are selected on object 'Object Repository/MOH AND GRN/Page_KDMC - CMS/select_--Select--Adernaline 0.'

2018-05-11 10:49:39 - [TEST_STEP][PASSED] - setText: Text '5000' is set on object 'Object Repository/MOH AND GRN/Page_KDMC - CMS/input_txttreat'

2018-05-11 10:49:39 - [MESSAGE][PASSED] - Text '5000' is set on object 'Object Repository/MOH AND GRN/Page_KDMC - CMS/input_txttreat'

2018-05-11 10:49:39 - [TEST_STEP][PASSED] - click: Object: 'Object Repository/MOH AND GRN/Page_KDMC - CMS/button_Add' is clicked on

2018-05-11 10:49:39 - [MESSAGE][PASSED] - Object: 'Object Repository/MOH AND GRN/Page_KDMC - CMS/button_Add' is clicked on

2018-05-11 10:49:39 - [TEST_STEP][PASSED] - selectOptionByIndex: All options with index in [9] are selected on object 'Object Repository/MOH AND GRN/Page_KDMC - CMS/select_--Select--Schedule 1Inj'

2018-05-11 10:49:39 - [MESSAGE][PASSED] - All options with index in [9] are selected on object 'Object Repository/MOH AND GRN/Page_KDMC - CMS/select_--Select--Schedule 1Inj'

2018-05-11 10:49:39 - [TEST_STEP][PASSED] - selectOptionByIndex: All options with index in [22] are selected on object 'Object Repository/MOH AND GRN/Page_KDMC - CMS/select_--Select--Adernaline 0.'

2018-05-11 10:49:39 - [MESSAGE][PASSED] - All options with index in [22] are selected on object 'Object Repository/MOH AND GRN/Page_KDMC - CMS/select_--Select--Adernaline 0.'

2018-05-11 10:49:39 - [TEST_STEP][PASSED] - setText: Text '5000' is set on object 'Object Repository/MOH AND GRN/Page_KDMC - CMS/input_txttreat'

2018-05-11 10:49:39 - [MESSAGE][PASSED] - Text '5000' is set on object 'Object Repository/MOH AND GRN/Page_KDMC - CMS/input_txttreat'

2018-05-11 10:49:39 - [TEST_STEP][PASSED] - click: Object: 'Object Repository/MOH AND GRN/Page_KDMC - CMS/button_Add' is clicked on

2018-05-11 10:49:39 - [MESSAGE][PASSED] - Object: 'Object Repository/MOH AND GRN/Page_KDMC - CMS/button_Add' is clicked on

2018-05-11 10:49:39 - [TEST_STEP][PASSED] - selectOptionByIndex: All options with index in [9] are selected on object 'Object Repository/MOH AND GRN/Page_KDMC - CMS/select_--Select--Schedule 1Inj'

2018-05-11 10:49:40 - [MESSAGE][PASSED] - All options with index in [9] are selected on object 'Object Repository/MOH AND GRN/Page_KDMC - CMS/select_--Select--Schedule 1Inj'

2018-05-11 10:49:40 - [TEST_STEP][PASSED] - selectOptionByIndex: All options with index in [23] are selected on object 'Object Repository/MOH AND GRN/Page_KDMC - CMS/select_--Select--Adernaline 0.'

2018-05-11 10:49:40 - [MESSAGE][PASSED] - All options with index in [23] are selected on object 'Object Repository/MOH AND GRN/Page_KDMC - CMS/select_--Select--Adernaline 0.'

2018-05-11 10:49:40 - [TEST_STEP][PASSED] - setText: Text '5000' is set on object 'Object Repository/MOH AND GRN/Page_KDMC - CMS/input_txttreat'

2018-05-11 10:49:40 - [MESSAGE][PASSED] - Text '5000' is set on object 'Object Repository/MOH AND GRN/Page_KDMC - CMS/input_txttreat'

2018-05-11 10:49:40 - [TEST_STEP][PASSED] - click: Object: 'Object Repository/MOH AND GRN/Page_KDMC - CMS/button_Add' is clicked on

2018-05-11 10:49:40 - [MESSAGE][PASSED] - Object: 'Object Repository/MOH AND GRN/Page_KDMC - CMS/button_Add' is clicked on

2018-05-11 10:49:40 - [TEST_STEP][PASSED] - selectOptionByIndex: All options with index in [9] are selected on object 'Object Repository/MOH AND GRN/Page_KDMC - CMS/select_--Select--Schedule 1Inj'

2018-05-11 10:49:40 - [MESSAGE][PASSED] - All options with index in [9] are selected on object 'Object Repository/MOH AND GRN/Page_KDMC - CMS/select_--Select--Schedule 1Inj'

2018-05-11 10:49:40 - [TEST_STEP][PASSED] - selectOptionByIndex: All options with index in [24] are selected on object 'Object Repository/MOH AND GRN/Page_KDMC - CMS/select_--Select--Adernaline 0.'

2018-05-11 10:49:41 - [MESSAGE][PASSED] - All options with index in [24] are selected on object 'Object Repository/MOH AND GRN/Page_KDMC - CMS/select_--Select--Adernaline 0.'

2018-05-11 10:49:41 - [TEST_STEP][PASSED] - setText: Text '5000' is set on object 'Object Repository/MOH AND GRN/Page_KDMC - CMS/input_txttreat'

2018-05-11 10:49:41 - [MESSAGE][PASSED] - Text '5000' is set on object 'Object Repository/MOH AND GRN/Page_KDMC - CMS/input_txttreat'

2018-05-11 10:49:41 - [TEST_STEP][PASSED] - click: Object: 'Object Repository/MOH AND GRN/Page_KDMC - CMS/button_Add' is clicked on

2018-05-11 10:49:41 - [MESSAGE][PASSED] - Object: 'Object Repository/MOH AND GRN/Page_KDMC - CMS/button_Add' is clicked on

2018-05-11 10:49:41 - [TEST_STEP][PASSED] - selectOptionByIndex: All options with index in [9] are selected on object 'Object Repository/MOH AND GRN/Page_KDMC - CMS/select_--Select--Schedule 1Inj'

2018-05-11 10:49:41 - [MESSAGE][PASSED] - All options with index in [9] are selected on object 'Object Repository/MOH AND GRN/Page_KDMC - CMS/select_--Select--Schedule 1Inj'

2018-05-11 10:49:41 - [TEST_STEP][PASSED] - selectOptionByIndex: All options with index in [25] are selected on object 'Object Repository/MOH AND GRN/Page_KDMC - CMS/select_--Select--Adernaline 0.'

2018-05-11 10:49:41 - [MESSAGE][PASSED] - All options with index in [25] are selected on object 'Object Repository/MOH AND GRN/Page_KDMC - CMS/select_--Select--Adernaline 0.'

2018-05-11 10:49:41 - [TEST_STEP][PASSED] - setText: Text '5000' is set on object 'Object Repository/MOH AND GRN/Page_KDMC - CMS/input_txttreat'

2018-05-11 10:49:41 - [MESSAGE][PASSED] - Text '5000' is set on object 'Object Repository/MOH AND GRN/Page_KDMC - CMS/input_txttreat'

2018-05-11 10:49:41 - [TEST_STEP][PASSED] - click: Object: 'Object Repository/MOH AND GRN/Page_KDMC - CMS/button_Add' is clicked on

2018-05-11 10:49:41 - [MESSAGE][PASSED] - Object: 'Object Repository/MOH AND GRN/Page_KDMC - CMS/button_Add' is clicked on

2018-05-11 10:49:41 - [TEST_STEP][PASSED] - selectOptionByIndex: All options with index in [9] are selected on object 'Object Repository/MOH AND GRN/Page_KDMC - CMS/select_--Select--Schedule 1Inj'

2018-05-11 10:49:42 - [MESSAGE][PASSED] - All options with index in [9] are selected on object 'Object Repository/MOH AND GRN/Page_KDMC - CMS/select_--Select--Schedule 1Inj'

2018-05-11 10:49:42 - [TEST_STEP][PASSED] - selectOptionByIndex: All options with index in [26] are selected on object 'Object Repository/MOH AND GRN/Page_KDMC - CMS/select_--Select--Adernaline 0.'

2018-05-11 10:49:42 - [MESSAGE][PASSED] - All options with index in [26] are selected on object 'Object Repository/MOH AND GRN/Page_KDMC - CMS/select_--Select--Adernaline 0.'

2018-05-11 10:49:42 - [TEST_STEP][PASSED] - setText: Text '5000' is set on object 'Object Repository/MOH AND GRN/Page_KDMC - CMS/input_txttreat'

2018-05-11 10:49:42 - [MESSAGE][PASSED] - Text '5000' is set on object 'Object Repository/MOH AND GRN/Page_KDMC - CMS/input_txttreat'

2018-05-11 10:49:42 - [TEST_STEP][PASSED] - click: Object: 'Object Repository/MOH AND GRN/Page_KDMC - CMS/button_Add' is clicked on

2018-05-11 10:49:42 - [MESSAGE][PASSED] - Object: 'Object Repository/MOH AND GRN/Page_KDMC - CMS/button_Add' is clicked on

2018-05-11 10:49:42 - [TEST_STEP][PASSED] - selectOptionByIndex: All options with index in [9] are selected on object 'Object Repository/MOH AND GRN/Page_KDMC - CMS/select_--Select--Schedule 1Inj'

2018-05-11 10:49:42 - [MESSAGE][PASSED] - All options with index in [9] are selected on object 'Object Repository/MOH AND GRN/Page_KDMC - CMS/select_--Select--Schedule 1Inj'

2018-05-11 10:49:42 - [TEST_STEP][PASSED] - selectOptionByIndex: All options with index in [27] are selected on object 'Object Repository/MOH AND GRN/Page_KDMC - CMS/select_--Select--Adernaline 0.'

2018-05-11 10:49:43 - [MESSAGE][PASSED] - All options with index in [27] are selected on object 'Object Repository/MOH AND GRN/Page_KDMC - CMS/select_--Select--Adernaline 0.'

2018-05-11 10:49:43 - [TEST_STEP][PASSED] - setText: Text '5000' is set on object 'Object Repository/MOH AND GRN/Page_KDMC - CMS/input_txttreat'

2018-05-11 10:49:43 - [MESSAGE][PASSED] - Text '5000' is set on object 'Object Repository/MOH AND GRN/Page_KDMC - CMS/input_txttreat'

2018-05-11 10:49:43 - [TEST_STEP][PASSED] - click: Object: 'Object Repository/MOH AND GRN/Page_KDMC - CMS/button_Add' is clicked on

2018-05-11 10:49:43 - [MESSAGE][PASSED] - Object: 'Object Repository/MOH AND GRN/Page_KDMC - CMS/button_Add' is clicked on

2018-05-11 10:49:43 - [TEST_STEP][PASSED] - selectOptionByIndex: All options with index in [9] are selected on object 'Object Repository/MOH AND GRN/Page_KDMC - CMS/select_--Select--Schedule 1Inj'

2018-05-11 10:49:43 - [MESSAGE][PASSED] - All options with index in [9] are selected on object 'Object Repository/MOH AND GRN/Page_KDMC - CMS/select_--Select--Schedule 1Inj'

2018-05-11 10:49:43 - [TEST_STEP][PASSED] - selectOptionByIndex: All options with index in [28] are selected on object 'Object Repository/MOH AND GRN/Page_KDMC - CMS/select_--Select--Adernaline 0.'

2018-05-11 10:49:43 - [MESSAGE][PASSED] - All options with index in [28] are selected on object 'Object Repository/MOH AND GRN/Page_KDMC - CMS/select_--Select--Adernaline 0.'

2018-05-11 10:49:43 - [TEST_STEP][PASSED] - setText: Text '5000' is set on object 'Object Repository/MOH AND GRN/Page_KDMC - CMS/input_txttreat'

2018-05-11 10:49:43 - [MESSAGE][PASSED] - Text '5000' is set on object 'Object Repository/MOH AND GRN/Page_KDMC - CMS/input_txttreat'

2018-05-11 10:49:43 - [TEST_STEP][PASSED] - click: Object: 'Object Repository/MOH AND GRN/Page_KDMC - CMS/button_Add' is clicked on

2018-05-11 10:49:43 - [MESSAGE][PASSED] - Object: 'Object Repository/MOH AND GRN/Page_KDMC - CMS/button_Add' is clicked on

2018-05-11 10:49:43 - [TEST_STEP][PASSED] - selectOptionByIndex: All options with index in [9] are selected on object 'Object Repository/MOH AND GRN/Page_KDMC - CMS/select_--Select--Schedule 1Inj'

2018-05-11 10:49:44 - [MESSAGE][PASSED] - All options with index in [9] are selected on object 'Object Repository/MOH AND GRN/Page_KDMC - CMS/select_--Select--Schedule 1Inj'

2018-05-11 10:49:44 - [TEST_STEP][PASSED] - selectOptionByIndex: All options with index in [29] are selected on object 'Object Repository/MOH AND GRN/Page_KDMC - CMS/select_--Select--Adernaline 0.'

2018-05-11 10:49:44 - [MESSAGE][PASSED] - All options with index in [29] are selected on object 'Object Repository/MOH AND GRN/Page_KDMC - CMS/select_--Select--Adernaline 0.'

2018-05-11 10:49:44 - [TEST_STEP][PASSED] - setText: Text '5000' is set on object 'Object Repository/MOH AND GRN/Page_KDMC - CMS/input_txttreat'

2018-05-11 10:49:44 - [MESSAGE][PASSED] - Text '5000' is set on object 'Object Repository/MOH AND GRN/Page_KDMC - CMS/input_txttreat'

2018-05-11 10:49:44 - [TEST_STEP][PASSED] - click: Object: 'Object Repository/MOH AND GRN/Page_KDMC - CMS/button_Add' is clicked on

2018-05-11 10:49:44 - [MESSAGE][PASSED] - Object: 'Object Repository/MOH AND GRN/Page_KDMC - CMS/button_Add' is clicked on

2018-05-11 10:49:44 - [TEST_STEP][PASSED] - selectOptionByIndex: All options with index in [9] are selected on object 'Object Repository/MOH AND GRN/Page_KDMC - CMS/select_--Select--Schedule 1Inj'

2018-05-11 10:49:44 - [MESSAGE][PASSED] - All options with index in [9] are selected on object 'Object Repository/MOH AND GRN/Page_KDMC - CMS/select_--Select--Schedule 1Inj'

2018-05-11 10:49:44 - [TEST_STEP][PASSED] - selectOptionByIndex: All options with index in [30] are selected on object 'Object Repository/MOH AND GRN/Page_KDMC - CMS/select_--Select--Adernaline 0.'

2018-05-11 10:49:45 - [MESSAGE][PASSED] - All options with index in [30] are selected on object 'Object Repository/MOH AND GRN/Page_KDMC - CMS/select_--Select--Adernaline 0.'

2018-05-11 10:49:45 - [TEST_STEP][PASSED] - setText: Text '5000' is set on object 'Object Repository/MOH AND GRN/Page_KDMC - CMS/input_txttreat'

2018-05-11 10:49:45 - [MESSAGE][PASSED] - Text '5000' is set on object 'Object Repository/MOH AND GRN/Page_KDMC - CMS/input_txttreat'

2018-05-11 10:49:45 - [TEST_STEP][PASSED] - click: Object: 'Object Repository/MOH AND GRN/Page_KDMC - CMS/button_Add' is clicked on

2018-05-11 10:49:45 - [MESSAGE][PASSED] - Object: 'Object Repository/MOH AND GRN/Page_KDMC - CMS/button_Add' is clicked on

2018-05-11 10:49:45 - [TEST_STEP][PASSED] - selectOptionByIndex: All options with index in [9] are selected on object 'Object Repository/MOH AND GRN/Page_KDMC - CMS/select_--Select--Schedule 1Inj'

2018-05-11 10:49:45 - [MESSAGE][PASSED] - All options with index in [9] are selected on object 'Object Repository/MOH AND GRN/Page_KDMC - CMS/select_--Select--Schedule 1Inj'

2018-05-11 10:49:45 - [TEST_STEP][PASSED] - selectOptionByIndex: All options with index in [31] are selected on object 'Object Repository/MOH AND GRN/Page_KDMC - CMS/select_--Select--Adernaline 0.'

2018-05-11 10:49:45 - [MESSAGE][PASSED] - All options with index in [31] are selected on object 'Object Repository/MOH AND GRN/Page_KDMC - CMS/select_--Select--Adernaline 0.'

2018-05-11 10:49:45 - [TEST_STEP][PASSED] - setText: Text '5000' is set on object 'Object Repository/MOH AND GRN/Page_KDMC - CMS/input_txttreat'

2018-05-11 10:49:46 - [MESSAGE][PASSED] - Text '5000' is set on object 'Object Repository/MOH AND GRN/Page_KDMC - CMS/input_txttreat'

2018-05-11 10:49:46 - [TEST_STEP][PASSED] - click: Object: 'Object Repository/MOH AND GRN/Page_KDMC - CMS/button_Add' is clicked on

2018-05-11 10:49:46 - [MESSAGE][PASSED] - Object: 'Object Repository/MOH AND GRN/Page_KDMC - CMS/button_Add' is clicked on

2018-05-11 10:49:46 - [TEST_STEP][PASSED] - selectOptionByIndex: All options with index in [9] are selected on object 'Object Repository/MOH AND GRN/Page_KDMC - CMS/select_--Select--Schedule 1Inj'

2018-05-11 10:49:46 - [MESSAGE][PASSED] - All options with index in [9] are selected on object 'Object Repository/MOH AND GRN/Page_KDMC - CMS/select_--Select--Schedule 1Inj'

2018-05-11 10:49:46 - [TEST_STEP][PASSED] - selectOptionByIndex: All options with index in [32] are selected on object 'Object Repository/MOH AND GRN/Page_KDMC - CMS/select_--Select--Adernaline 0.'

2018-05-11 10:49:46 - [MESSAGE][PASSED] - All options with index in [32] are selected on object 'Object Repository/MOH AND GRN/Page_KDMC - CMS/select_--Select--Adernaline 0.'

2018-05-11 10:49:46 - [TEST_STEP][PASSED] - setText: Text '5000' is set on object 'Object Repository/MOH AND GRN/Page_KDMC - CMS/input_txttreat'

2018-05-11 10:49:46 - [MESSAGE][PASSED] - Text '5000' is set on object 'Object Repository/MOH AND GRN/Page_KDMC - CMS/input_txttreat'

2018-05-11 10:49:46 - [TEST_STEP][PASSED] - click: Object: 'Object Repository/MOH AND GRN/Page_KDMC - CMS/button_Add' is clicked on

2018-05-11 10:49:46 - [MESSAGE][PASSED] - Object: 'Object Repository/MOH AND GRN/Page_KDMC - CMS/button_Add' is clicked on

2018-05-11 10:49:46 - [TEST_STEP][PASSED] - selectOptionByIndex: All options with index in [9] are selected on object 'Object Repository/MOH AND GRN/Page_KDMC - CMS/select_--Select--Schedule 1Inj'

2018-05-11 10:49:47 - [MESSAGE][PASSED] - All options with index in [9] are selected on object 'Object Repository/MOH AND GRN/Page_KDMC - CMS/select_--Select--Schedule 1Inj'

2018-05-11 10:49:47 - [TEST_STEP][PASSED] - selectOptionByIndex: All options with index in [33] are selected on object 'Object Repository/MOH AND GRN/Page_KDMC - CMS/select_--Select--Adernaline 0.'

2018-05-11 10:49:47 - [MESSAGE][PASSED] - All options with index in [33] are selected on object 'Object Repository/MOH AND GRN/Page_KDMC - CMS/select_--Select--Adernaline 0.'

2018-05-11 10:49:47 - [TEST_STEP][PASSED] - setText: Text '5000' is set on object 'Object Repository/MOH AND GRN/Page_KDMC - CMS/input_txttreat'

2018-05-11 10:49:47 - [MESSAGE][PASSED] - Text '5000' is set on object 'Object Repository/MOH AND GRN/Page_KDMC - CMS/input_txttreat'

2018-05-11 10:49:47 - [TEST_STEP][PASSED] - click: Object: 'Object Repository/MOH AND GRN/Page_KDMC - CMS/button_Add' is clicked on

2018-05-11 10:49:47 - [MESSAGE][PASSED] - Object: 'Object Repository/MOH AND GRN/Page_KDMC - CMS/button_Add' is clicked on

2018-05-11 10:49:47 - [TEST_STEP][PASSED] - selectOptionByIndex: All options with index in [9] are selected on object 'Object Repository/MOH AND GRN/Page_KDMC - CMS/select_--Select--Schedule 1Inj'

2018-05-11 10:49:47 - [MESSAGE][PASSED] - All options with index in [9] are selected on object 'Object Repository/MOH AND GRN/Page_KDMC - CMS/select_--Select--Schedule 1Inj'

2018-05-11 10:49:47 - [TEST_STEP][PASSED] - selectOptionByIndex: All options with index in [34] are selected on object 'Object Repository/MOH AND GRN/Page_KDMC - CMS/select_--Select--Adernaline 0.'

2018-05-11 10:49:48 - [MESSAGE][PASSED] - All options with index in [34] are selected on object 'Object Repository/MOH AND GRN/Page_KDMC - CMS/select_--Select--Adernaline 0.'

2018-05-11 10:49:48 - [TEST_STEP][PASSED] - setText: Text '5000' is set on object 'Object Repository/MOH AND GRN/Page_KDMC - CMS/input_txttreat'

2018-05-11 10:49:48 - [MESSAGE][PASSED] - Text '5000' is set on object 'Object Repository/MOH AND GRN/Page_KDMC - CMS/input_txttreat'

2018-05-11 10:49:48 - [TEST_STEP][PASSED] - click: Object: 'Object Repository/MOH AND GRN/Page_KDMC - CMS/button_Add' is clicked on

2018-05-11 10:49:48 - [MESSAGE][PASSED] - Object: 'Object Repository/MOH AND GRN/Page_KDMC - CMS/button_Add' is clicked on

2018-05-11 10:49:48 - [TEST_STEP][PASSED] - selectOptionByIndex: All options with index in [9] are selected on object 'Object Repository/MOH AND GRN/Page_KDMC - CMS/select_--Select--Schedule 1Inj'

2018-05-11 10:49:48 - [MESSAGE][PASSED] - All options with index in [9] are selected on object 'Object Repository/MOH AND GRN/Page_KDMC - CMS/select_--Select--Schedule 1Inj'

2018-05-11 10:49:48 - [TEST_STEP][PASSED] - selectOptionByIndex: All options with index in [35] are selected on object 'Object Repository/MOH AND GRN/Page_KDMC - CMS/select_--Select--Adernaline 0.'

2018-05-11 10:49:49 - [MESSAGE][PASSED] - All options with index in [35] are selected on object 'Object Repository/MOH AND GRN/Page_KDMC - CMS/select_--Select--Adernaline 0.'

2018-05-11 10:49:49 - [TEST_STEP][PASSED] - setText: Text '5000' is set on object 'Object Repository/MOH AND GRN/Page_KDMC - CMS/input_txttreat'

2018-05-11 10:49:49 - [MESSAGE][PASSED] - Text '5000' is set on object 'Object Repository/MOH AND GRN/Page_KDMC - CMS/input_txttreat'

2018-05-11 10:49:49 - [TEST_STEP][PASSED] - click: Object: 'Object Repository/MOH AND GRN/Page_KDMC - CMS/button_Add' is clicked on

2018-05-11 10:49:49 - [MESSAGE][PASSED] - Object: 'Object Repository/MOH AND GRN/Page_KDMC - CMS/button_Add' is clicked on

2018-05-11 10:49:49 - [TEST_STEP][PASSED] - scrollToElement: Scroll to object 'Object Repository/MOH AND GRN/Page_KDMC - CMS/input_btnsave' successfully

2018-05-11 10:49:49 - [MESSAGE][PASSED] - Scroll to object 'Object Repository/MOH AND GRN/Page_KDMC - CMS/input_btnsave' successfully

2018-05-11 10:49:49 - [TEST_STEP][PASSED] - click: Object: 'Object Repository/MOH AND GRN/Page_KDMC - CMS/input_btnsave' is clicked on

2018-05-11 10:49:49 - [MESSAGE][PASSED] - Object: 'Object Repository/MOH AND GRN/Page_KDMC - CMS/input_btnsave' is clicked on

2018-05-11 10:49:49 - [TEST_STEP][PASSED] - delay: Delayed 3 second(s)

2018-05-11 10:49:52 - [MESSAGE][PASSED] - Delayed 3 second(s)

2018-05-11 10:49:52 - [TEST_STEP][PASSED] - Statement - Request1 = com.kms.katalon.core.webui.keyword.WebUiBuiltInKeywords.getText(com.kms.katalon.core.testobject.ObjectRepository.findTestObject(MOH AND GRN/Page_KDMC - CMS/font_PRNO0505201876)): Text of object 'Object Repository/MOH AND GRN/Page_KDMC - CMS/font_PRNO0505201876' is: 'PRNO/11052018/214'

2018-05-11 10:49:52 - [MESSAGE][PASSED] - Text of object 'Object Repository/MOH AND GRN/Page_KDMC - CMS/font_PRNO0505201876' is: 'PRNO/11052018/214'

2018-05-11 10:49:52 - [TEST_STEP][PASSED] - Statement - out.println("Length OF The Medicine " + Request1): null

2018-05-11 10:49:52 - [TEST_STEP][PASSED] - Statement - RequestNUmber = Request1.split("/")[2].trim(): null

2018-05-11 10:49:52 - [TEST_STEP][PASSED] - Statement - out.println("ID IS " + RequestNUmber): null

2018-05-11 10:49:52 - [TEST_STEP][PASSED] - delay: Delayed 3 second(s)

2018-05-11 10:49:55 - [MESSAGE][PASSED] - Delayed 3 second(s)

2018-05-11 10:49:55 - [TEST_STEP][PASSED] - click: Object: 'Object Repository/MOH AND GRN/Page_KDMC - CMS/button_OK' is clicked on

2018-05-11 10:49:55 - [MESSAGE][PASSED] - Object: 'Object Repository/MOH AND GRN/Page_KDMC - CMS/button_OK' is clicked on

2018-05-11 10:49:55 - [TEST_STEP][PASSED] - click: Object: 'Object Repository/MOH AND GRN/Page_KDMC - CMS/a_dropdown-toggle' is clicked on

2018-05-11 10:49:57 - [MESSAGE][PASSED] - Object: 'Object Repository/MOH AND GRN/Page_KDMC - CMS/a_dropdown-toggle' is clicked on

2018-05-11 10:49:57 - [TEST_STEP][PASSED] - click: Object: 'Object Repository/MOH AND GRN/Page_KDMC - CMS/a_Sign out' is clicked on

2018-05-11 10:49:57 - [MESSAGE][PASSED] - Object: 'Object Repository/MOH AND GRN/Page_KDMC - CMS/a_Sign out' is clicked on

2018-05-11 10:49:57 - [TEST_STEP][PASSED] - delay: Delayed 4 second(s)

2018-05-11 10:50:01 - [MESSAGE][PASSED] - Delayed 4 second(s)

2018-05-11 10:50:01 - [TEST_STEP][PASSED] - click: Object: 'Object Repository/MOH AND GRN/Page_KDMC/a_Admin Master' is clicked on

2018-05-11 10:50:02 - [MESSAGE][PASSED] - Object: 'Object Repository/MOH AND GRN/Page_KDMC/a_Admin Master' is clicked on

2018-05-11 10:50:02 - [TEST_STEP][PASSED] - setText: Text 'admin' is set on object 'Object Repository/MOH AND GRN/Page_Admin login/input_txtusername'

2018-05-11 10:50:02 - [MESSAGE][PASSED] - Text 'admin' is set on object 'Object Repository/MOH AND GRN/Page_Admin login/input_txtusername'

2018-05-11 10:50:02 - [TEST_STEP][PASSED] - setText: Text 'admin123' is set on object 'Object Repository/MOH AND GRN/Page_Admin login/input_txtpassword'

2018-05-11 10:50:02 - [MESSAGE][PASSED] - Text 'admin123' is set on object 'Object Repository/MOH AND GRN/Page_Admin login/input_txtpassword'

2018-05-11 10:50:02 - [TEST_STEP][PASSED] - delay: Delayed 3 second(s)

2018-05-11 10:50:05 - [MESSAGE][PASSED] - Delayed 3 second(s)

2018-05-11 10:50:05 - [TEST_STEP][PASSED] - click: Object: 'Object Repository/MOH AND GRN/Page_Admin login/button_Sign in' is clicked on

2018-05-11 10:50:07 - [MESSAGE][PASSED] - Object: 'Object Repository/MOH AND GRN/Page_Admin login/button_Sign in' is clicked on

2018-05-11 10:50:07 - [TEST_STEP][PASSED] - delay: Delayed 20 second(s)

2018-05-11 10:50:27 - [MESSAGE][PASSED] - Delayed 20 second(s)

2018-05-11 10:50:27 - [TEST_STEP][PASSED] - scrollToPosition: Browser is scrolled to position x = 200, y = 200

2018-05-11 10:50:27 - [MESSAGE][PASSED] - Browser is scrolled to position x = 200, y = 200

2018-05-11 10:50:27 - [TEST_STEP][PASSED] - click: Object: 'Object Repository/MOH AND GRN/Page_KDMC/a_CMS_1' is clicked on

2018-05-11 10:50:27 - [MESSAGE][PASSED] - Object: 'Object Repository/MOH AND GRN/Page_KDMC/a_CMS_1' is clicked on

2018-05-11 10:50:27 - [TEST_STEP][PASSED] - click: Object: 'Object Repository/MOH AND GRN/Page_KDMC/a_Request List' is clicked on

2018-05-11 10:50:28 - [MESSAGE][PASSED] - Object: 'Object Repository/MOH AND GRN/Page_KDMC/a_Request List' is clicked on

2018-05-11 10:50:28 - [TEST_STEP][PASSED] - Statement - RequestNumberId = com.kms.katalon.core.webui.keyword.WebUiBuiltInKeywords.modifyObjectProperty(com.kms.katalon.core.testobject.ObjectRepository.findTestObject(MOH AND GRN/Page_KDMC - CMS/input_PO0032), "xpath", "equals", "//*[@id =" + RequestNUmber + "]", true): Modify property of object successfully

2018-05-11 10:50:28 - [MESSAGE][PASSED] - Modify property of object successfully

2018-05-11 10:50:28 - [TEST_STEP][PASSED] - click: Object: 'Object Repository/MOH AND GRN/Page_KDMC - CMS/input_PO0032' is clicked on

2018-05-11 10:50:28 - [MESSAGE][PASSED] - Object: 'Object Repository/MOH AND GRN/Page_KDMC - CMS/input_PO0032' is clicked on

2018-05-11 10:50:28 - [TEST_STEP][PASSED] - delay: Delayed 3 second(s)

2018-05-11 10:50:31 - [MESSAGE][PASSED] - Delayed 3 second(s)

2018-05-11 10:50:31 - [TEST_STEP][PASSED] - selectOptionByIndex: All options with index in [1] are selected on object 'Object Repository/MOH AND GRN/Page_KDMC/select_--Select--'

2018-05-11 10:50:31 - [MESSAGE][PASSED] - All options with index in [1] are selected on object 'Object Repository/MOH AND GRN/Page_KDMC/select_--Select--'

2018-05-11 10:50:31 - [TEST_STEP][PASSED] - click: Object: 'Object Repository/MOH AND GRN/Page_KDMC/input_btnupdate' is clicked on

2018-05-11 10:50:32 - [MESSAGE][PASSED] - Object: 'Object Repository/MOH AND GRN/Page_KDMC/input_btnupdate' is clicked on

2018-05-11 10:50:32 - [TEST_STEP][PASSED] - delay: Delayed 3 second(s)

2018-05-11 10:50:35 - [MESSAGE][PASSED] - Delayed 3 second(s)

2018-05-11 10:50:35 - [TEST_STEP][PASSED] - click: Object: 'Object Repository/MOH AND GRN/Page_KDMC/button_OK' is clicked on

2018-05-11 10:50:35 - [MESSAGE][PASSED] - Object: 'Object Repository/MOH AND GRN/Page_KDMC/button_OK' is clicked on

2018-05-11 10:50:35 - [TEST_STEP][PASSED] - delay: Delayed 3 second(s)

2018-05-11 10:50:38 - [MESSAGE][PASSED] - Delayed 3 second(s)

2018-05-11 10:50:38 - [TEST_STEP][PASSED] - scrollToPosition: Browser is scrolled to position x = 200, y = 200

2018-05-11 10:50:38 - [MESSAGE][PASSED] - Browser is scrolled to position x = 200, y = 200

2018-05-11 10:50:38 - [TEST_STEP][PASSED] - click: Object: 'Object Repository/MOH AND GRN/Page_KDMC/a_CMS_2' is clicked on

2018-05-11 10:50:39 - [MESSAGE][PASSED] - Object: 'Object Repository/MOH AND GRN/Page_KDMC/a_CMS_2' is clicked on

2018-05-11 10:50:39 - [TEST_STEP][PASSED] - delay: Delayed 2 second(s)

2018-05-11 10:50:41 - [MESSAGE][PASSED] - Delayed 2 second(s)

2018-05-11 10:50:41 - [TEST_STEP][PASSED] - click: Object: 'Object Repository/MOH AND GRN/Page_KDMC/a_Generate P.O' is clicked on

2018-05-11 10:50:41 - [MESSAGE][PASSED] - Object: 'Object Repository/MOH AND GRN/Page_KDMC/a_Generate P.O' is clicked on

2018-05-11 10:50:41 - [TEST_STEP][PASSED] - delay: Delayed 2 second(s)

2018-05-11 10:50:43 - [MESSAGE][PASSED] - Delayed 2 second(s)

2018-05-11 10:50:43 - [TEST_STEP][PASSED] - selectOptionByIndex: All options with index in [1] are selected on object 'Object Repository/MOH AND GRN/Page_KDMC/select_--Select--PRNO040520183'

2018-05-11 10:50:43 - [MESSAGE][PASSED] - All options with index in [1] are selected on object 'Object Repository/MOH AND GRN/Page_KDMC/select_--Select--PRNO040520183'

2018-05-11 10:50:43 - [TEST_STEP][PASSED] - selectOptionByIndex: All options with index in [12] are selected on object 'Object Repository/MOH AND GRN/Page_KDMC/select_--Select--Hamen Chandra'

2018-05-11 10:50:44 - [MESSAGE][PASSED] - All options with index in [12] are selected on object 'Object Repository/MOH AND GRN/Page_KDMC/select_--Select--Hamen Chandra'

2018-05-11 10:50:44 - [TEST_STEP][PASSED] - Statement - PONumber = com.kms.katalon.core.webui.keyword.WebUiBuiltInKeywords.getText(com.kms.katalon.core.testobject.ObjectRepository.findTestObject(MOH AND GRN/Page_KDMC/input_lblpono)).trim(): Text of object 'Object Repository/MOH AND GRN/Page_KDMC/input_lblpono' is: ''

2018-05-11 10:50:44 - [MESSAGE][PASSED] - Text of object 'Object Repository/MOH AND GRN/Page_KDMC/input_lblpono' is: ''

2018-05-11 10:50:44 - [TEST_STEP][PASSED] - Statement - PONumber1 = com.kms.katalon.core.webui.keyword.WebUiBuiltInKeywords.getAttribute(com.kms.katalon.core.testobject.ObjectRepository.findTestObject(MOH AND GRN/Page_KDMC/input_lblpono), "value").trim(): Attribute 'value' of object 'Object Repository/MOH AND GRN/Page_KDMC/input_lblpono' is: 'PO0098'

2018-05-11 10:50:44 - [MESSAGE][PASSED] - Attribute 'value' of object 'Object Repository/MOH AND GRN/Page_KDMC/input_lblpono' is: 'PO0098'

2018-05-11 10:50:44 - [TEST_STEP][PASSED] - Statement - out.println("PO NUMBER :" + PONumber): null

2018-05-11 10:50:44 - [TEST_STEP][PASSED] - Statement - out.println("PO NUMBER :" + PONumber1): null

2018-05-11 10:50:44 - [TEST_STEP][PASSED] - click: Object: 'Object Repository/MOH AND GRN/Page_KDMC/input_chkrem' is clicked on

2018-05-11 10:50:44 - [MESSAGE][PASSED] - Object: 'Object Repository/MOH AND GRN/Page_KDMC/input_chkrem' is clicked on

2018-05-11 10:50:44 - [TEST_STEP][PASSED] - scrollToElement: Scroll to object 'Object Repository/MOH AND GRN/Page_KDMC/input_btnreturn' successfully

2018-05-11 10:50:44 - [MESSAGE][PASSED] - Scroll to object 'Object Repository/MOH AND GRN/Page_KDMC/input_btnreturn' successfully

2018-05-11 10:50:44 - [TEST_STEP][PASSED] - click: Object: 'Object Repository/MOH AND GRN/Page_KDMC/input_btnreturn' is clicked on

2018-05-11 10:50:44 - [MESSAGE][PASSED] - Object: 'Object Repository/MOH AND GRN/Page_KDMC/input_btnreturn' is clicked on

2018-05-11 10:50:44 - [TEST_STEP][PASSED] - delay: Delayed 3 second(s)

2018-05-11 10:50:47 - [MESSAGE][PASSED] - Delayed 3 second(s)

2018-05-11 10:50:47 - [TEST_STEP][PASSED] - click: Object: 'Object Repository/MOH AND GRN/Page_KDMC/button_Yes' is clicked on

2018-05-11 10:50:47 - [MESSAGE][PASSED] - Object: 'Object Repository/MOH AND GRN/Page_KDMC/button_Yes' is clicked on

2018-05-11 10:50:47 - [TEST_STEP][PASSED] - delay: Delayed 3 second(s)

2018-05-11 10:50:50 - [MESSAGE][PASSED] - Delayed 3 second(s)

2018-05-11 10:50:50 - [TEST_STEP][PASSED] - click: Object: 'Object Repository/MOH AND GRN/Page_KDMC/button_OK' is clicked on

2018-05-11 10:50:51 - [MESSAGE][PASSED] - Object: 'Object Repository/MOH AND GRN/Page_KDMC/button_OK' is clicked on

2018-05-11 10:50:51 - [TEST_STEP][PASSED] - delay: Delayed 3 second(s)

2018-05-11 10:50:54 - [MESSAGE][PASSED] - Delayed 3 second(s)

2018-05-11 10:50:54 - [TEST_STEP][PASSED] - click: Object: 'Object Repository/MOH AND GRN/Page_KDMC/a_dropdown-toggle' is clicked on

2018-05-11 10:50:54 - [MESSAGE][PASSED] - Object: 'Object Repository/MOH AND GRN/Page_KDMC/a_dropdown-toggle' is clicked on

2018-05-11 10:50:54 - [TEST_STEP][PASSED] - click: Object: 'Object Repository/MOH AND GRN/Page_KDMC/a_Sign out' is clicked on

2018-05-11 10:50:55 - [MESSAGE][PASSED] - Object: 'Object Repository/MOH AND GRN/Page_KDMC/a_Sign out' is clicked on

2018-05-11 10:50:55 - [TEST_STEP][PASSED] - delay: Delayed 4 second(s)

2018-05-11 10:50:59 - [MESSAGE][PASSED] - Delayed 4 second(s)

2018-05-11 10:50:59 - [TEST_STEP][PASSED] - click: Object: 'Object Repository/MOH AND GRN/Page_KDMC/a_CMS' is clicked on

2018-05-11 10:50:59 - [MESSAGE][PASSED] - Object: 'Object Repository/MOH AND GRN/Page_KDMC/a_CMS' is clicked on

2018-05-11 10:50:59 - [TEST_STEP][PASSED] - setText: Text 'bala' is set on object 'Object Repository/MOH AND GRN/Page_CMS login/input_txtusername'

2018-05-11 10:50:59 - [MESSAGE][PASSED] - Text 'bala' is set on object 'Object Repository/MOH AND GRN/Page_CMS login/input_txtusername'

2018-05-11 10:50:59 - [TEST_STEP][PASSED] - setText: Text '123' is set on object 'Object Repository/MOH AND GRN/Page_CMS login/input_txtpassword'

2018-05-11 10:51:00 - [MESSAGE][PASSED] - Text '123' is set on object 'Object Repository/MOH AND GRN/Page_CMS login/input_txtpassword'

2018-05-11 10:51:00 - [TEST_STEP][PASSED] - delay: Delayed 3 second(s)

2018-05-11 10:51:03 - [MESSAGE][PASSED] - Delayed 3 second(s)

2018-05-11 10:51:03 - [TEST_STEP][PASSED] - click: Object: 'Object Repository/MOH AND GRN/Page_CMS login/button_Sign in' is clicked on

2018-05-11 10:51:03 - [MESSAGE][PASSED] - Object: 'Object Repository/MOH AND GRN/Page_CMS login/button_Sign in' is clicked on

2018-05-11 10:51:03 - [TEST_STEP][PASSED] - click: Object: 'Object Repository/MOH AND GRN/Page_KDMC - CMS/a_CMS Details' is clicked on

2018-05-11 10:51:03 - [MESSAGE][PASSED] - Object: 'Object Repository/MOH AND GRN/Page_KDMC - CMS/a_CMS Details' is clicked on

2018-05-11 10:51:03 - [TEST_STEP][PASSED] - delay: Delayed 2 second(s)

2018-05-11 10:51:05 - [MESSAGE][PASSED] - Delayed 2 second(s)

2018-05-11 10:51:05 - [TEST_STEP][PASSED] - click: Object: 'Object Repository/MOH AND GRN/Page_KDMC - CMS/a_Goods Receive' is clicked on

2018-05-11 10:51:06 - [MESSAGE][PASSED] - Object: 'Object Repository/MOH AND GRN/Page_KDMC - CMS/a_Goods Receive' is clicked on

2018-05-11 10:51:06 - [TEST_STEP][PASSED] - delay: Delayed 2 second(s)

2018-05-11 10:51:08 - [MESSAGE][PASSED] - Delayed 2 second(s)

2018-05-11 10:51:08 - [TEST_STEP][PASSED] - selectOptionByLabel: All options with label 'PO0098' are selected in object 'Object Repository/MOH AND GRN/Page_KDMC - CMS/select_--Select--PO0032PO0031P' 

2018-05-11 10:51:08 - [MESSAGE][PASSED] - All options with label 'PO0098' are selected in object 'Object Repository/MOH AND GRN/Page_KDMC - CMS/select_--Select--PO0032PO0031P' 

2018-05-11 10:51:08 - [TEST_STEP][PASSED] - setText: Finding Test Object with id 'Object Repository/MOH AND GRN/Page_KDMC - CMS/input_txtgrnno'

2018-05-11 10:51:08 - [TEST_STEP][PASSED] - Statement - switch (id): Text 'INV616.0' is set on object 'Object Repository/MOH AND GRN/Page_KDMC - CMS/input_txtgrnno'

2018-05-11 10:51:08 - [TEST_STEP][PASSED] - Statement - case 2:: Text 'INV616.0' is set on object 'Object Repository/MOH AND GRN/Page_KDMC - CMS/input_txtgrnno'

2018-05-11 10:51:08 - [TEST_STEP][PASSED] - Statement - return (java.lang.Math.floor((java.lang.Math.random() * ((max - min) + 1))) + min): Text 'INV616.0' is set on object 'Object Repository/MOH AND GRN/Page_KDMC - CMS/input_txtgrnno'

2018-05-11 10:51:08 - [MESSAGE][PASSED] - Text 'INV616.0' is set on object 'Object Repository/MOH AND GRN/Page_KDMC - CMS/input_txtgrnno'

2018-05-11 10:51:08 - [TEST_STEP][PASSED] - selectOptionByIndex: All options with index in [1] are selected on object 'Object Repository/MOH AND GRN/Page_KDMC - CMS/select_--Select--PERUMAL PHARM'

2018-05-11 10:51:09 - [MESSAGE][PASSED] - All options with index in [1] are selected on object 'Object Repository/MOH AND GRN/Page_KDMC - CMS/select_--Select--PERUMAL PHARM'

2018-05-11 10:51:09 - [TEST_STEP][PASSED] - setText: Text '19500' is set on object 'Object Repository/MOH AND GRN/Page_KDMC - CMS/input_txtgrnno_1'

2018-05-11 10:51:09 - [MESSAGE][PASSED] - Text '19500' is set on object 'Object Repository/MOH AND GRN/Page_KDMC - CMS/input_txtgrnno_1'

2018-05-11 10:51:09 - [TEST_STEP][PASSED] - setText: Text '650' is set on object 'Object Repository/MOH AND GRN/Page_KDMC - CMS/input_txtgrnno_2'

2018-05-11 10:51:09 - [MESSAGE][PASSED] - Text '650' is set on object 'Object Repository/MOH AND GRN/Page_KDMC - CMS/input_txtgrnno_2'

2018-05-11 10:51:09 - [TEST_STEP][PASSED] - setText: Finding Test Object with id 'Object Repository/MOH AND GRN/Page_KDMC - CMS/input_txtgrnno_3'

2018-05-11 10:51:09 - [TEST_STEP][PASSED] - Statement - switch (id): Text 'CH541.0' is set on object 'Object Repository/MOH AND GRN/Page_KDMC - CMS/input_txtgrnno_3'

2018-05-11 10:51:09 - [TEST_STEP][PASSED] - Statement - case 3:: Text 'CH541.0' is set on object 'Object Repository/MOH AND GRN/Page_KDMC - CMS/input_txtgrnno_3'

2018-05-11 10:51:09 - [TEST_STEP][PASSED] - Statement - return (java.lang.Math.floor((java.lang.Math.random() * ((max - min) + 1))) + min): Text 'CH541.0' is set on object 'Object Repository/MOH AND GRN/Page_KDMC - CMS/input_txtgrnno_3'

2018-05-11 10:51:09 - [MESSAGE][PASSED] - Text 'CH541.0' is set on object 'Object Repository/MOH AND GRN/Page_KDMC - CMS/input_txtgrnno_3'

2018-05-11 10:51:09 - [TEST_STEP][PASSED] - scrollToPosition: Browser is scrolled to position x = 200, y = 200

2018-05-11 10:51:09 - [MESSAGE][PASSED] - Browser is scrolled to position x = 200, y = 200

2018-05-11 10:51:09 - [TEST_STEP][PASSED] - Statement - GrnLength = com.kms.katalon.core.webui.keyword.WebUiBuiltInKeywords.getNumberOfTotalOption(com.kms.katalon.core.testobject.ObjectRepository.findTestObject(MOH AND GRN/Page_KDMC - CMS/select_--Select--Amikacin -500)): 36 options of object 'Object Repository/MOH AND GRN/Page_KDMC - CMS/select_--Select--Amikacin -500' counted

2018-05-11 10:51:09 - [MESSAGE][PASSED] - 36 options of object 'Object Repository/MOH AND GRN/Page_KDMC - CMS/select_--Select--Amikacin -500' counted

2018-05-11 10:51:09 - [TEST_STEP][PASSED] - Statement - out.println("Length OF The Medicine " + GrnLength): null

2018-05-11 10:51:09 - [TEST_STEP][PASSED] - Statement - s = 1: null

2018-05-11 10:51:09 - [TEST_STEP][PASSED] - Statement - For ([t = 1, t < GrnLength, (t++)]): Finding Test Object with id 'Object Repository/MOH AND GRN/Page_KDMC - CMS/input_txtmrp'

2018-05-11 10:51:09 - [TEST_STEP][PASSED] - selectOptionByIndex: All options with index in [1] are selected on object 'Object Repository/MOH AND GRN/Page_KDMC - CMS/select_--Select--Amikacin -500'

2018-05-11 10:51:09 - [MESSAGE][PASSED] - All options with index in [1] are selected on object 'Object Repository/MOH AND GRN/Page_KDMC - CMS/select_--Select--Amikacin -500'

2018-05-11 10:51:09 - [TEST_STEP][PASSED] - setText: Text '5000' is set on object 'Object Repository/MOH AND GRN/Page_KDMC - CMS/input_txtqty'

2018-05-11 10:51:09 - [MESSAGE][PASSED] - Text '5000' is set on object 'Object Repository/MOH AND GRN/Page_KDMC - CMS/input_txtqty'

2018-05-11 10:51:09 - [TEST_STEP][PASSED] - selectOptionByIndex: All options with index in [1] are selected on object 'Object Repository/MOH AND GRN/Page_KDMC - CMS/select_--Select--No Tax0'

2018-05-11 10:51:09 - [MESSAGE][PASSED] - All options with index in [1] are selected on object 'Object Repository/MOH AND GRN/Page_KDMC - CMS/select_--Select--No Tax0'

2018-05-11 10:51:09 - [TEST_STEP][PASSED] - setText: Finding Test Object with id 'Object Repository/MOH AND GRN/Page_KDMC - CMS/input_txtmrp'

2018-05-11 10:51:09 - [TEST_STEP][PASSED] - Statement - switch (id): Finding Test Object with id 'Object Repository/MOH AND GRN/Page_KDMC - CMS/input_txtdeal'

2018-05-11 10:51:09 - [TEST_STEP][PASSED] - Statement - case 4:: Text '45.0' is set on object 'Object Repository/MOH AND GRN/Page_KDMC - CMS/input_txtmrp'

2018-05-11 10:51:09 - [TEST_STEP][PASSED] - Statement - return (java.lang.Math.floor((java.lang.Math.random() * ((max - min) + 1))) + min): Text '45.0' is set on object 'Object Repository/MOH AND GRN/Page_KDMC - CMS/input_txtmrp'

2018-05-11 10:51:10 - [MESSAGE][PASSED] - Text '45.0' is set on object 'Object Repository/MOH AND GRN/Page_KDMC - CMS/input_txtmrp'

2018-05-11 10:51:10 - [TEST_STEP][PASSED] - setText: Finding Test Object with id 'Object Repository/MOH AND GRN/Page_KDMC - CMS/input_txtdeal'

2018-05-11 10:51:10 - [TEST_STEP][PASSED] - Statement - switch (id): Finding Test Object with id 'Object Repository/MOH AND GRN/Page_KDMC - CMS/input_txtbatchno'

2018-05-11 10:51:10 - [TEST_STEP][PASSED] - Statement - case 5:: Text '2.0' is set on object 'Object Repository/MOH AND GRN/Page_KDMC - CMS/input_txtdeal'

2018-05-11 10:51:10 - [TEST_STEP][PASSED] - Statement - return (java.lang.Math.floor((java.lang.Math.random() * ((max - min) + 1))) + min): Text '2.0' is set on object 'Object Repository/MOH AND GRN/Page_KDMC - CMS/input_txtdeal'

2018-05-11 10:51:10 - [MESSAGE][PASSED] - Text '2.0' is set on object 'Object Repository/MOH AND GRN/Page_KDMC - CMS/input_txtdeal'

2018-05-11 10:51:10 - [TEST_STEP][PASSED] - setText: Finding Test Object with id 'Object Repository/MOH AND GRN/Page_KDMC - CMS/input_txtbatchno'

2018-05-11 10:51:10 - [TEST_STEP][PASSED] - Statement - switch (id): Finding Test Object with id 'Object Repository/MOH AND GRN/Page_KDMC - CMS/input_txtmrp'

2018-05-11 10:51:10 - [TEST_STEP][PASSED] - Statement - case 1:: Text 'BA892.0' is set on object 'Object Repository/MOH AND GRN/Page_KDMC - CMS/input_txtbatchno'

2018-05-11 10:51:10 - [TEST_STEP][PASSED] - Statement - return (java.lang.Math.floor((java.lang.Math.random() * ((max - min) + 1))) + min): Text 'BA892.0' is set on object 'Object Repository/MOH AND GRN/Page_KDMC - CMS/input_txtbatchno'

2018-05-11 10:51:10 - [MESSAGE][PASSED] - Text 'BA892.0' is set on object 'Object Repository/MOH AND GRN/Page_KDMC - CMS/input_txtbatchno'

2018-05-11 10:51:10 - [TEST_STEP][PASSED] - rightClick: Object: 'Object Repository/GRN/Page_KDMC - CMS/input_txtexpdate' is right clicked on

2018-05-11 10:51:10 - [MESSAGE][PASSED] - Object: 'Object Repository/GRN/Page_KDMC - CMS/input_txtexpdate' is right clicked on

2018-05-11 10:51:10 - [TEST_STEP][PASSED] - selectOptionByIndex: All options with index in [1] are selected on object 'Object Repository/GRN/Page_KDMC - CMS/select_20182019202020212022202'

2018-05-11 10:51:10 - [MESSAGE][PASSED] - All options with index in [1] are selected on object 'Object Repository/GRN/Page_KDMC - CMS/select_20182019202020212022202'

2018-05-11 10:51:10 - [TEST_STEP][PASSED] - selectOptionByIndex: All options with index in [1] are selected on object 'Object Repository/GRN/Page_KDMC - CMS/select_JanFebMarAprMayJunJulAu'

2018-05-11 10:51:10 - [MESSAGE][PASSED] - All options with index in [1] are selected on object 'Object Repository/GRN/Page_KDMC - CMS/select_JanFebMarAprMayJunJulAu'

2018-05-11 10:51:10 - [TEST_STEP][PASSED] - click: Object: 'Object Repository/MOH AND GRN/Page_KDMC - CMS/a_12' is clicked on

2018-05-11 10:51:10 - [MESSAGE][PASSED] - Object: 'Object Repository/MOH AND GRN/Page_KDMC - CMS/a_12' is clicked on

2018-05-11 10:51:10 - [TEST_STEP][PASSED] - click: Object: 'Object Repository/MOH AND GRN/Page_KDMC - CMS/input_btnadd' is clicked on

2018-05-11 10:51:11 - [MESSAGE][PASSED] - Object: 'Object Repository/MOH AND GRN/Page_KDMC - CMS/input_btnadd' is clicked on

2018-05-11 10:51:11 - [TEST_STEP][PASSED] - Statement - If (s == 10): null

2018-05-11 10:51:11 - [TEST_STEP][PASSED] - Statement - Else: null

2018-05-11 10:51:11 - [TEST_STEP][PASSED] - Statement - (s++): null

2018-05-11 10:51:11 - [TEST_STEP][PASSED] - delay: Delayed 1 second(s)

2018-05-11 10:51:12 - [MESSAGE][PASSED] - Delayed 1 second(s)

2018-05-11 10:51:12 - [TEST_STEP][PASSED] - selectOptionByIndex: All options with index in [2] are selected on object 'Object Repository/MOH AND GRN/Page_KDMC - CMS/select_--Select--Amikacin -500'

2018-05-11 10:51:12 - [MESSAGE][PASSED] - All options with index in [2] are selected on object 'Object Repository/MOH AND GRN/Page_KDMC - CMS/select_--Select--Amikacin -500'

2018-05-11 10:51:12 - [TEST_STEP][PASSED] - setText: Text '5000' is set on object 'Object Repository/MOH AND GRN/Page_KDMC - CMS/input_txtqty'

2018-05-11 10:51:12 - [MESSAGE][PASSED] - Text '5000' is set on object 'Object Repository/MOH AND GRN/Page_KDMC - CMS/input_txtqty'

2018-05-11 10:51:12 - [TEST_STEP][PASSED] - selectOptionByIndex: All options with index in [1] are selected on object 'Object Repository/MOH AND GRN/Page_KDMC - CMS/select_--Select--No Tax0'

2018-05-11 10:51:12 - [MESSAGE][PASSED] - All options with index in [1] are selected on object 'Object Repository/MOH AND GRN/Page_KDMC - CMS/select_--Select--No Tax0'

2018-05-11 10:51:12 - [TEST_STEP][PASSED] - setText: Finding Test Object with id 'Object Repository/MOH AND GRN/Page_KDMC - CMS/input_txtmrp'

2018-05-11 10:51:12 - [TEST_STEP][PASSED] - Statement - switch (id): Finding Test Object with id 'Object Repository/MOH AND GRN/Page_KDMC - CMS/input_txtdeal'

2018-05-11 10:51:12 - [TEST_STEP][PASSED] - Statement - case 4:: Text '38.0' is set on object 'Object Repository/MOH AND GRN/Page_KDMC - CMS/input_txtmrp'

2018-05-11 10:51:12 - [TEST_STEP][PASSED] - Statement - return (java.lang.Math.floor((java.lang.Math.random() * ((max - min) + 1))) + min): Text '38.0' is set on object 'Object Repository/MOH AND GRN/Page_KDMC - CMS/input_txtmrp'

2018-05-11 10:51:12 - [MESSAGE][PASSED] - Text '38.0' is set on object 'Object Repository/MOH AND GRN/Page_KDMC - CMS/input_txtmrp'

2018-05-11 10:51:12 - [TEST_STEP][PASSED] - setText: Finding Test Object with id 'Object Repository/MOH AND GRN/Page_KDMC - CMS/input_txtdeal'

2018-05-11 10:51:12 - [TEST_STEP][PASSED] - Statement - switch (id): Finding Test Object with id 'Object Repository/MOH AND GRN/Page_KDMC - CMS/input_txtbatchno'

2018-05-11 10:51:12 - [TEST_STEP][PASSED] - Statement - case 5:: Text '7.0' is set on object 'Object Repository/MOH AND GRN/Page_KDMC - CMS/input_txtdeal'

2018-05-11 10:51:12 - [TEST_STEP][PASSED] - Statement - return (java.lang.Math.floor((java.lang.Math.random() * ((max - min) + 1))) + min): Text '7.0' is set on object 'Object Repository/MOH AND GRN/Page_KDMC - CMS/input_txtdeal'

2018-05-11 10:51:12 - [MESSAGE][PASSED] - Text '7.0' is set on object 'Object Repository/MOH AND GRN/Page_KDMC - CMS/input_txtdeal'

2018-05-11 10:51:12 - [TEST_STEP][PASSED] - setText: Finding Test Object with id 'Object Repository/MOH AND GRN/Page_KDMC - CMS/input_txtbatchno'

2018-05-11 10:51:12 - [TEST_STEP][PASSED] - Statement - switch (id): Finding Test Object with id 'Object Repository/MOH AND GRN/Page_KDMC - CMS/input_txtmrp'

2018-05-11 10:51:12 - [TEST_STEP][PASSED] - Statement - case 1:: Text 'BA308.0' is set on object 'Object Repository/MOH AND GRN/Page_KDMC - CMS/input_txtbatchno'

2018-05-11 10:51:12 - [TEST_STEP][PASSED] - Statement - return (java.lang.Math.floor((java.lang.Math.random() * ((max - min) + 1))) + min): Text 'BA308.0' is set on object 'Object Repository/MOH AND GRN/Page_KDMC - CMS/input_txtbatchno'

2018-05-11 10:51:12 - [MESSAGE][PASSED] - Text 'BA308.0' is set on object 'Object Repository/MOH AND GRN/Page_KDMC - CMS/input_txtbatchno'

2018-05-11 10:51:12 - [TEST_STEP][PASSED] - rightClick: Object: 'Object Repository/GRN/Page_KDMC - CMS/input_txtexpdate' is right clicked on

2018-05-11 10:51:12 - [MESSAGE][PASSED] - Object: 'Object Repository/GRN/Page_KDMC - CMS/input_txtexpdate' is right clicked on

2018-05-11 10:51:12 - [TEST_STEP][PASSED] - selectOptionByIndex: All options with index in [2] are selected on object 'Object Repository/GRN/Page_KDMC - CMS/select_20182019202020212022202'

2018-05-11 10:51:13 - [MESSAGE][PASSED] - All options with index in [2] are selected on object 'Object Repository/GRN/Page_KDMC - CMS/select_20182019202020212022202'

2018-05-11 10:51:13 - [TEST_STEP][PASSED] - selectOptionByIndex: All options with index in [2] are selected on object 'Object Repository/GRN/Page_KDMC - CMS/select_JanFebMarAprMayJunJulAu'

2018-05-11 10:51:13 - [MESSAGE][PASSED] - All options with index in [2] are selected on object 'Object Repository/GRN/Page_KDMC - CMS/select_JanFebMarAprMayJunJulAu'

2018-05-11 10:51:13 - [TEST_STEP][PASSED] - click: Object: 'Object Repository/MOH AND GRN/Page_KDMC - CMS/a_12' is clicked on

2018-05-11 10:51:13 - [MESSAGE][PASSED] - Object: 'Object Repository/MOH AND GRN/Page_KDMC - CMS/a_12' is clicked on

2018-05-11 10:51:13 - [TEST_STEP][PASSED] - click: Object: 'Object Repository/MOH AND GRN/Page_KDMC - CMS/input_btnadd' is clicked on

2018-05-11 10:51:13 - [MESSAGE][PASSED] - Object: 'Object Repository/MOH AND GRN/Page_KDMC - CMS/input_btnadd' is clicked on

2018-05-11 10:51:13 - [TEST_STEP][PASSED] - Statement - If (s == 10): null

2018-05-11 10:51:13 - [TEST_STEP][PASSED] - Statement - Else: null

2018-05-11 10:51:13 - [TEST_STEP][PASSED] - Statement - (s++): null

2018-05-11 10:51:13 - [TEST_STEP][PASSED] - delay: Delayed 1 second(s)

2018-05-11 10:51:14 - [MESSAGE][PASSED] - Delayed 1 second(s)

2018-05-11 10:51:14 - [TEST_STEP][PASSED] - selectOptionByIndex: All options with index in [3] are selected on object 'Object Repository/MOH AND GRN/Page_KDMC - CMS/select_--Select--Amikacin -500'

2018-05-11 10:51:14 - [MESSAGE][PASSED] - All options with index in [3] are selected on object 'Object Repository/MOH AND GRN/Page_KDMC - CMS/select_--Select--Amikacin -500'

2018-05-11 10:51:14 - [TEST_STEP][PASSED] - setText: Text '5000' is set on object 'Object Repository/MOH AND GRN/Page_KDMC - CMS/input_txtqty'

2018-05-11 10:51:14 - [MESSAGE][PASSED] - Text '5000' is set on object 'Object Repository/MOH AND GRN/Page_KDMC - CMS/input_txtqty'

2018-05-11 10:51:14 - [TEST_STEP][PASSED] - selectOptionByIndex: All options with index in [1] are selected on object 'Object Repository/MOH AND GRN/Page_KDMC - CMS/select_--Select--No Tax0'

2018-05-11 10:51:14 - [MESSAGE][PASSED] - All options with index in [1] are selected on object 'Object Repository/MOH AND GRN/Page_KDMC - CMS/select_--Select--No Tax0'

2018-05-11 10:51:14 - [TEST_STEP][PASSED] - setText: Finding Test Object with id 'Object Repository/MOH AND GRN/Page_KDMC - CMS/input_txtmrp'

2018-05-11 10:51:14 - [TEST_STEP][PASSED] - Statement - switch (id): Finding Test Object with id 'Object Repository/MOH AND GRN/Page_KDMC - CMS/input_txtdeal'

2018-05-11 10:51:14 - [TEST_STEP][PASSED] - Statement - case 4:: Text '17.0' is set on object 'Object Repository/MOH AND GRN/Page_KDMC - CMS/input_txtmrp'

2018-05-11 10:51:14 - [TEST_STEP][PASSED] - Statement - return (java.lang.Math.floor((java.lang.Math.random() * ((max - min) + 1))) + min): Text '17.0' is set on object 'Object Repository/MOH AND GRN/Page_KDMC - CMS/input_txtmrp'

2018-05-11 10:51:14 - [MESSAGE][PASSED] - Text '17.0' is set on object 'Object Repository/MOH AND GRN/Page_KDMC - CMS/input_txtmrp'

2018-05-11 10:51:14 - [TEST_STEP][PASSED] - setText: Finding Test Object with id 'Object Repository/MOH AND GRN/Page_KDMC - CMS/input_txtdeal'

2018-05-11 10:51:14 - [TEST_STEP][PASSED] - Statement - switch (id): Finding Test Object with id 'Object Repository/MOH AND GRN/Page_KDMC - CMS/input_txtbatchno'

2018-05-11 10:51:14 - [TEST_STEP][PASSED] - Statement - case 5:: Text '2.0' is set on object 'Object Repository/MOH AND GRN/Page_KDMC - CMS/input_txtdeal'

2018-05-11 10:51:14 - [TEST_STEP][PASSED] - Statement - return (java.lang.Math.floor((java.lang.Math.random() * ((max - min) + 1))) + min): Text '2.0' is set on object 'Object Repository/MOH AND GRN/Page_KDMC - CMS/input_txtdeal'

2018-05-11 10:51:14 - [MESSAGE][PASSED] - Text '2.0' is set on object 'Object Repository/MOH AND GRN/Page_KDMC - CMS/input_txtdeal'

2018-05-11 10:51:14 - [TEST_STEP][PASSED] - setText: Finding Test Object with id 'Object Repository/MOH AND GRN/Page_KDMC - CMS/input_txtbatchno'

2018-05-11 10:51:14 - [TEST_STEP][PASSED] - Statement - switch (id): Finding Test Object with id 'Object Repository/MOH AND GRN/Page_KDMC - CMS/input_txtmrp'

2018-05-11 10:51:14 - [TEST_STEP][PASSED] - Statement - case 1:: Text 'BA746.0' is set on object 'Object Repository/MOH AND GRN/Page_KDMC - CMS/input_txtbatchno'

2018-05-11 10:51:14 - [TEST_STEP][PASSED] - Statement - return (java.lang.Math.floor((java.lang.Math.random() * ((max - min) + 1))) + min): Text 'BA746.0' is set on object 'Object Repository/MOH AND GRN/Page_KDMC - CMS/input_txtbatchno'

2018-05-11 10:51:15 - [MESSAGE][PASSED] - Text 'BA746.0' is set on object 'Object Repository/MOH AND GRN/Page_KDMC - CMS/input_txtbatchno'

2018-05-11 10:51:15 - [TEST_STEP][PASSED] - rightClick: Object: 'Object Repository/GRN/Page_KDMC - CMS/input_txtexpdate' is right clicked on

2018-05-11 10:51:15 - [MESSAGE][PASSED] - Object: 'Object Repository/GRN/Page_KDMC - CMS/input_txtexpdate' is right clicked on

2018-05-11 10:51:15 - [TEST_STEP][PASSED] - selectOptionByIndex: All options with index in [3] are selected on object 'Object Repository/GRN/Page_KDMC - CMS/select_20182019202020212022202'

2018-05-11 10:51:15 - [MESSAGE][PASSED] - All options with index in [3] are selected on object 'Object Repository/GRN/Page_KDMC - CMS/select_20182019202020212022202'

2018-05-11 10:51:15 - [TEST_STEP][PASSED] - selectOptionByIndex: All options with index in [3] are selected on object 'Object Repository/GRN/Page_KDMC - CMS/select_JanFebMarAprMayJunJulAu'

2018-05-11 10:51:15 - [MESSAGE][PASSED] - All options with index in [3] are selected on object 'Object Repository/GRN/Page_KDMC - CMS/select_JanFebMarAprMayJunJulAu'

2018-05-11 10:51:15 - [TEST_STEP][PASSED] - click: Object: 'Object Repository/MOH AND GRN/Page_KDMC - CMS/a_12' is clicked on

2018-05-11 10:51:15 - [MESSAGE][PASSED] - Object: 'Object Repository/MOH AND GRN/Page_KDMC - CMS/a_12' is clicked on

2018-05-11 10:51:15 - [TEST_STEP][PASSED] - click: Object: 'Object Repository/MOH AND GRN/Page_KDMC - CMS/input_btnadd' is clicked on

2018-05-11 10:51:15 - [MESSAGE][PASSED] - Object: 'Object Repository/MOH AND GRN/Page_KDMC - CMS/input_btnadd' is clicked on

2018-05-11 10:51:15 - [TEST_STEP][PASSED] - Statement - If (s == 10): null

2018-05-11 10:51:15 - [TEST_STEP][PASSED] - Statement - Else: null

2018-05-11 10:51:15 - [TEST_STEP][PASSED] - Statement - (s++): null

2018-05-11 10:51:15 - [TEST_STEP][PASSED] - delay: Delayed 1 second(s)

2018-05-11 10:51:16 - [MESSAGE][PASSED] - Delayed 1 second(s)

2018-05-11 10:51:16 - [TEST_STEP][PASSED] - selectOptionByIndex: All options with index in [4] are selected on object 'Object Repository/MOH AND GRN/Page_KDMC - CMS/select_--Select--Amikacin -500'

2018-05-11 10:51:16 - [MESSAGE][PASSED] - All options with index in [4] are selected on object 'Object Repository/MOH AND GRN/Page_KDMC - CMS/select_--Select--Amikacin -500'

2018-05-11 10:51:16 - [TEST_STEP][PASSED] - setText: Text '5000' is set on object 'Object Repository/MOH AND GRN/Page_KDMC - CMS/input_txtqty'

2018-05-11 10:51:16 - [MESSAGE][PASSED] - Text '5000' is set on object 'Object Repository/MOH AND GRN/Page_KDMC - CMS/input_txtqty'

2018-05-11 10:51:16 - [TEST_STEP][PASSED] - selectOptionByIndex: All options with index in [1] are selected on object 'Object Repository/MOH AND GRN/Page_KDMC - CMS/select_--Select--No Tax0'

2018-05-11 10:51:17 - [MESSAGE][PASSED] - All options with index in [1] are selected on object 'Object Repository/MOH AND GRN/Page_KDMC - CMS/select_--Select--No Tax0'

2018-05-11 10:51:17 - [TEST_STEP][PASSED] - setText: Finding Test Object with id 'Object Repository/MOH AND GRN/Page_KDMC - CMS/input_txtmrp'

2018-05-11 10:51:17 - [TEST_STEP][PASSED] - Statement - switch (id): Finding Test Object with id 'Object Repository/MOH AND GRN/Page_KDMC - CMS/input_txtdeal'

2018-05-11 10:51:17 - [TEST_STEP][PASSED] - Statement - case 4:: Text '28.0' is set on object 'Object Repository/MOH AND GRN/Page_KDMC - CMS/input_txtmrp'

2018-05-11 10:51:17 - [TEST_STEP][PASSED] - Statement - return (java.lang.Math.floor((java.lang.Math.random() * ((max - min) + 1))) + min): Text '28.0' is set on object 'Object Repository/MOH AND GRN/Page_KDMC - CMS/input_txtmrp'

2018-05-11 10:51:17 - [MESSAGE][PASSED] - Text '28.0' is set on object 'Object Repository/MOH AND GRN/Page_KDMC - CMS/input_txtmrp'

2018-05-11 10:51:17 - [TEST_STEP][PASSED] - setText: Finding Test Object with id 'Object Repository/MOH AND GRN/Page_KDMC - CMS/input_txtdeal'

2018-05-11 10:51:17 - [TEST_STEP][PASSED] - Statement - switch (id): Finding Test Object with id 'Object Repository/MOH AND GRN/Page_KDMC - CMS/input_txtbatchno'

2018-05-11 10:51:17 - [TEST_STEP][PASSED] - Statement - case 5:: Text '3.0' is set on object 'Object Repository/MOH AND GRN/Page_KDMC - CMS/input_txtdeal'

2018-05-11 10:51:17 - [TEST_STEP][PASSED] - Statement - return (java.lang.Math.floor((java.lang.Math.random() * ((max - min) + 1))) + min): Text '3.0' is set on object 'Object Repository/MOH AND GRN/Page_KDMC - CMS/input_txtdeal'

2018-05-11 10:51:17 - [MESSAGE][PASSED] - Text '3.0' is set on object 'Object Repository/MOH AND GRN/Page_KDMC - CMS/input_txtdeal'

2018-05-11 10:51:17 - [TEST_STEP][PASSED] - setText: Finding Test Object with id 'Object Repository/MOH AND GRN/Page_KDMC - CMS/input_txtbatchno'

2018-05-11 10:51:17 - [TEST_STEP][PASSED] - Statement - switch (id): Finding Test Object with id 'Object Repository/MOH AND GRN/Page_KDMC - CMS/input_txtmrp'

2018-05-11 10:51:17 - [TEST_STEP][PASSED] - Statement - case 1:: Text 'BA513.0' is set on object 'Object Repository/MOH AND GRN/Page_KDMC - CMS/input_txtbatchno'

2018-05-11 10:51:17 - [TEST_STEP][PASSED] - Statement - return (java.lang.Math.floor((java.lang.Math.random() * ((max - min) + 1))) + min): Text 'BA513.0' is set on object 'Object Repository/MOH AND GRN/Page_KDMC - CMS/input_txtbatchno'

2018-05-11 10:51:17 - [MESSAGE][PASSED] - Text 'BA513.0' is set on object 'Object Repository/MOH AND GRN/Page_KDMC - CMS/input_txtbatchno'

2018-05-11 10:51:17 - [TEST_STEP][PASSED] - rightClick: Object: 'Object Repository/GRN/Page_KDMC - CMS/input_txtexpdate' is right clicked on

2018-05-11 10:51:17 - [MESSAGE][PASSED] - Object: 'Object Repository/GRN/Page_KDMC - CMS/input_txtexpdate' is right clicked on

2018-05-11 10:51:17 - [TEST_STEP][PASSED] - selectOptionByIndex: All options with index in [4] are selected on object 'Object Repository/GRN/Page_KDMC - CMS/select_20182019202020212022202'

2018-05-11 10:51:17 - [MESSAGE][PASSED] - All options with index in [4] are selected on object 'Object Repository/GRN/Page_KDMC - CMS/select_20182019202020212022202'

2018-05-11 10:51:17 - [TEST_STEP][PASSED] - selectOptionByIndex: All options with index in [4] are selected on object 'Object Repository/GRN/Page_KDMC - CMS/select_JanFebMarAprMayJunJulAu'

2018-05-11 10:51:17 - [MESSAGE][PASSED] - All options with index in [4] are selected on object 'Object Repository/GRN/Page_KDMC - CMS/select_JanFebMarAprMayJunJulAu'

2018-05-11 10:51:17 - [TEST_STEP][PASSED] - click: Object: 'Object Repository/MOH AND GRN/Page_KDMC - CMS/a_12' is clicked on

2018-05-11 10:51:17 - [MESSAGE][PASSED] - Object: 'Object Repository/MOH AND GRN/Page_KDMC - CMS/a_12' is clicked on

2018-05-11 10:51:17 - [TEST_STEP][PASSED] - click: Object: 'Object Repository/MOH AND GRN/Page_KDMC - CMS/input_btnadd' is clicked on

2018-05-11 10:51:17 - [MESSAGE][PASSED] - Object: 'Object Repository/MOH AND GRN/Page_KDMC - CMS/input_btnadd' is clicked on

2018-05-11 10:51:17 - [TEST_STEP][PASSED] - Statement - If (s == 10): null

2018-05-11 10:51:17 - [TEST_STEP][PASSED] - Statement - Else: null

2018-05-11 10:51:17 - [TEST_STEP][PASSED] - Statement - (s++): null

2018-05-11 10:51:17 - [TEST_STEP][PASSED] - delay: Delayed 1 second(s)

2018-05-11 10:51:18 - [MESSAGE][PASSED] - Delayed 1 second(s)

2018-05-11 10:51:18 - [TEST_STEP][PASSED] - selectOptionByIndex: All options with index in [5] are selected on object 'Object Repository/MOH AND GRN/Page_KDMC - CMS/select_--Select--Amikacin -500'

2018-05-11 10:51:19 - [MESSAGE][PASSED] - All options with index in [5] are selected on object 'Object Repository/MOH AND GRN/Page_KDMC - CMS/select_--Select--Amikacin -500'

2018-05-11 10:51:19 - [TEST_STEP][PASSED] - setText: Text '5000' is set on object 'Object Repository/MOH AND GRN/Page_KDMC - CMS/input_txtqty'

2018-05-11 10:51:19 - [MESSAGE][PASSED] - Text '5000' is set on object 'Object Repository/MOH AND GRN/Page_KDMC - CMS/input_txtqty'

2018-05-11 10:51:19 - [TEST_STEP][PASSED] - selectOptionByIndex: All options with index in [1] are selected on object 'Object Repository/MOH AND GRN/Page_KDMC - CMS/select_--Select--No Tax0'

2018-05-11 10:51:19 - [MESSAGE][PASSED] - All options with index in [1] are selected on object 'Object Repository/MOH AND GRN/Page_KDMC - CMS/select_--Select--No Tax0'

2018-05-11 10:51:19 - [TEST_STEP][PASSED] - setText: Finding Test Object with id 'Object Repository/MOH AND GRN/Page_KDMC - CMS/input_txtmrp'

2018-05-11 10:51:19 - [TEST_STEP][PASSED] - Statement - switch (id): Finding Test Object with id 'Object Repository/MOH AND GRN/Page_KDMC - CMS/input_txtdeal'

2018-05-11 10:51:19 - [TEST_STEP][PASSED] - Statement - case 4:: Text '24.0' is set on object 'Object Repository/MOH AND GRN/Page_KDMC - CMS/input_txtmrp'

2018-05-11 10:51:19 - [TEST_STEP][PASSED] - Statement - return (java.lang.Math.floor((java.lang.Math.random() * ((max - min) + 1))) + min): Text '24.0' is set on object 'Object Repository/MOH AND GRN/Page_KDMC - CMS/input_txtmrp'

2018-05-11 10:51:19 - [MESSAGE][PASSED] - Text '24.0' is set on object 'Object Repository/MOH AND GRN/Page_KDMC - CMS/input_txtmrp'

2018-05-11 10:51:19 - [TEST_STEP][PASSED] - setText: Finding Test Object with id 'Object Repository/MOH AND GRN/Page_KDMC - CMS/input_txtdeal'

2018-05-11 10:51:19 - [TEST_STEP][PASSED] - Statement - switch (id): Finding Test Object with id 'Object Repository/MOH AND GRN/Page_KDMC - CMS/input_txtbatchno'

2018-05-11 10:51:19 - [TEST_STEP][PASSED] - Statement - case 5:: Text '6.0' is set on object 'Object Repository/MOH AND GRN/Page_KDMC - CMS/input_txtdeal'

2018-05-11 10:51:19 - [TEST_STEP][PASSED] - Statement - return (java.lang.Math.floor((java.lang.Math.random() * ((max - min) + 1))) + min): Text '6.0' is set on object 'Object Repository/MOH AND GRN/Page_KDMC - CMS/input_txtdeal'

2018-05-11 10:51:19 - [MESSAGE][PASSED] - Text '6.0' is set on object 'Object Repository/MOH AND GRN/Page_KDMC - CMS/input_txtdeal'

2018-05-11 10:51:19 - [TEST_STEP][PASSED] - setText: Finding Test Object with id 'Object Repository/MOH AND GRN/Page_KDMC - CMS/input_txtbatchno'

2018-05-11 10:51:19 - [TEST_STEP][PASSED] - Statement - switch (id): Finding Test Object with id 'Object Repository/MOH AND GRN/Page_KDMC - CMS/input_txtmrp'

2018-05-11 10:51:19 - [TEST_STEP][PASSED] - Statement - case 1:: Text 'BA356.0' is set on object 'Object Repository/MOH AND GRN/Page_KDMC - CMS/input_txtbatchno'

2018-05-11 10:51:19 - [TEST_STEP][PASSED] - Statement - return (java.lang.Math.floor((java.lang.Math.random() * ((max - min) + 1))) + min): Text 'BA356.0' is set on object 'Object Repository/MOH AND GRN/Page_KDMC - CMS/input_txtbatchno'

2018-05-11 10:51:19 - [MESSAGE][PASSED] - Text 'BA356.0' is set on object 'Object Repository/MOH AND GRN/Page_KDMC - CMS/input_txtbatchno'

2018-05-11 10:51:19 - [TEST_STEP][PASSED] - rightClick: Object: 'Object Repository/GRN/Page_KDMC - CMS/input_txtexpdate' is right clicked on

2018-05-11 10:51:19 - [MESSAGE][PASSED] - Object: 'Object Repository/GRN/Page_KDMC - CMS/input_txtexpdate' is right clicked on

2018-05-11 10:51:19 - [TEST_STEP][PASSED] - selectOptionByIndex: All options with index in [5] are selected on object 'Object Repository/GRN/Page_KDMC - CMS/select_20182019202020212022202'

2018-05-11 10:51:19 - [MESSAGE][PASSED] - All options with index in [5] are selected on object 'Object Repository/GRN/Page_KDMC - CMS/select_20182019202020212022202'

2018-05-11 10:51:19 - [TEST_STEP][PASSED] - selectOptionByIndex: All options with index in [5] are selected on object 'Object Repository/GRN/Page_KDMC - CMS/select_JanFebMarAprMayJunJulAu'

2018-05-11 10:51:20 - [MESSAGE][PASSED] - All options with index in [5] are selected on object 'Object Repository/GRN/Page_KDMC - CMS/select_JanFebMarAprMayJunJulAu'

2018-05-11 10:51:20 - [TEST_STEP][PASSED] - click: Object: 'Object Repository/MOH AND GRN/Page_KDMC - CMS/a_12' is clicked on

2018-05-11 10:51:20 - [MESSAGE][PASSED] - Object: 'Object Repository/MOH AND GRN/Page_KDMC - CMS/a_12' is clicked on

2018-05-11 10:51:20 - [TEST_STEP][PASSED] - click: Object: 'Object Repository/MOH AND GRN/Page_KDMC - CMS/input_btnadd' is clicked on

2018-05-11 10:51:20 - [MESSAGE][PASSED] - Object: 'Object Repository/MOH AND GRN/Page_KDMC - CMS/input_btnadd' is clicked on

2018-05-11 10:51:20 - [TEST_STEP][PASSED] - Statement - If (s == 10): null

2018-05-11 10:51:20 - [TEST_STEP][PASSED] - Statement - Else: null

2018-05-11 10:51:20 - [TEST_STEP][PASSED] - Statement - (s++): null

2018-05-11 10:51:20 - [TEST_STEP][PASSED] - delay: Delayed 1 second(s)

2018-05-11 10:51:21 - [MESSAGE][PASSED] - Delayed 1 second(s)

2018-05-11 10:51:21 - [TEST_STEP][PASSED] - selectOptionByIndex: All options with index in [6] are selected on object 'Object Repository/MOH AND GRN/Page_KDMC - CMS/select_--Select--Amikacin -500'

2018-05-11 10:51:21 - [MESSAGE][PASSED] - All options with index in [6] are selected on object 'Object Repository/MOH AND GRN/Page_KDMC - CMS/select_--Select--Amikacin -500'

2018-05-11 10:51:21 - [TEST_STEP][PASSED] - setText: Text '5000' is set on object 'Object Repository/MOH AND GRN/Page_KDMC - CMS/input_txtqty'

2018-05-11 10:51:21 - [MESSAGE][PASSED] - Text '5000' is set on object 'Object Repository/MOH AND GRN/Page_KDMC - CMS/input_txtqty'

2018-05-11 10:51:21 - [TEST_STEP][PASSED] - selectOptionByIndex: All options with index in [1] are selected on object 'Object Repository/MOH AND GRN/Page_KDMC - CMS/select_--Select--No Tax0'

2018-05-11 10:51:21 - [MESSAGE][PASSED] - All options with index in [1] are selected on object 'Object Repository/MOH AND GRN/Page_KDMC - CMS/select_--Select--No Tax0'

2018-05-11 10:51:21 - [TEST_STEP][PASSED] - setText: Finding Test Object with id 'Object Repository/MOH AND GRN/Page_KDMC - CMS/input_txtmrp'

2018-05-11 10:51:21 - [TEST_STEP][PASSED] - Statement - switch (id): Finding Test Object with id 'Object Repository/MOH AND GRN/Page_KDMC - CMS/input_txtdeal'

2018-05-11 10:51:21 - [TEST_STEP][PASSED] - Statement - case 4:: Text '23.0' is set on object 'Object Repository/MOH AND GRN/Page_KDMC - CMS/input_txtmrp'

2018-05-11 10:51:21 - [TEST_STEP][PASSED] - Statement - return (java.lang.Math.floor((java.lang.Math.random() * ((max - min) + 1))) + min): Text '23.0' is set on object 'Object Repository/MOH AND GRN/Page_KDMC - CMS/input_txtmrp'

2018-05-11 10:51:21 - [MESSAGE][PASSED] - Text '23.0' is set on object 'Object Repository/MOH AND GRN/Page_KDMC - CMS/input_txtmrp'

2018-05-11 10:51:21 - [TEST_STEP][PASSED] - setText: Finding Test Object with id 'Object Repository/MOH AND GRN/Page_KDMC - CMS/input_txtdeal'

2018-05-11 10:51:21 - [TEST_STEP][PASSED] - Statement - switch (id): Finding Test Object with id 'Object Repository/MOH AND GRN/Page_KDMC - CMS/input_txtbatchno'

2018-05-11 10:51:21 - [TEST_STEP][PASSED] - Statement - case 5:: Text '5.0' is set on object 'Object Repository/MOH AND GRN/Page_KDMC - CMS/input_txtdeal'

2018-05-11 10:51:21 - [TEST_STEP][PASSED] - Statement - return (java.lang.Math.floor((java.lang.Math.random() * ((max - min) + 1))) + min): Text '5.0' is set on object 'Object Repository/MOH AND GRN/Page_KDMC - CMS/input_txtdeal'

2018-05-11 10:51:21 - [MESSAGE][PASSED] - Text '5.0' is set on object 'Object Repository/MOH AND GRN/Page_KDMC - CMS/input_txtdeal'

2018-05-11 10:51:21 - [TEST_STEP][PASSED] - setText: Finding Test Object with id 'Object Repository/MOH AND GRN/Page_KDMC - CMS/input_txtbatchno'

2018-05-11 10:51:21 - [TEST_STEP][PASSED] - Statement - switch (id): Finding Test Object with id 'Object Repository/MOH AND GRN/Page_KDMC - CMS/input_txtmrp'

2018-05-11 10:51:21 - [TEST_STEP][PASSED] - Statement - case 1:: Text 'BA607.0' is set on object 'Object Repository/MOH AND GRN/Page_KDMC - CMS/input_txtbatchno'

2018-05-11 10:51:21 - [TEST_STEP][PASSED] - Statement - return (java.lang.Math.floor((java.lang.Math.random() * ((max - min) + 1))) + min): Text 'BA607.0' is set on object 'Object Repository/MOH AND GRN/Page_KDMC - CMS/input_txtbatchno'

2018-05-11 10:51:22 - [MESSAGE][PASSED] - Text 'BA607.0' is set on object 'Object Repository/MOH AND GRN/Page_KDMC - CMS/input_txtbatchno'

2018-05-11 10:51:22 - [TEST_STEP][PASSED] - rightClick: Object: 'Object Repository/GRN/Page_KDMC - CMS/input_txtexpdate' is right clicked on

2018-05-11 10:51:22 - [MESSAGE][PASSED] - Object: 'Object Repository/GRN/Page_KDMC - CMS/input_txtexpdate' is right clicked on

2018-05-11 10:51:22 - [TEST_STEP][PASSED] - selectOptionByIndex: All options with index in [6] are selected on object 'Object Repository/GRN/Page_KDMC - CMS/select_20182019202020212022202'

2018-05-11 10:51:22 - [MESSAGE][PASSED] - All options with index in [6] are selected on object 'Object Repository/GRN/Page_KDMC - CMS/select_20182019202020212022202'

2018-05-11 10:51:22 - [TEST_STEP][PASSED] - selectOptionByIndex: All options with index in [6] are selected on object 'Object Repository/GRN/Page_KDMC - CMS/select_JanFebMarAprMayJunJulAu'

2018-05-11 10:51:22 - [MESSAGE][PASSED] - All options with index in [6] are selected on object 'Object Repository/GRN/Page_KDMC - CMS/select_JanFebMarAprMayJunJulAu'

2018-05-11 10:51:22 - [TEST_STEP][PASSED] - click: Object: 'Object Repository/MOH AND GRN/Page_KDMC - CMS/a_12' is clicked on

2018-05-11 10:51:22 - [MESSAGE][PASSED] - Object: 'Object Repository/MOH AND GRN/Page_KDMC - CMS/a_12' is clicked on

2018-05-11 10:51:22 - [TEST_STEP][PASSED] - click: Object: 'Object Repository/MOH AND GRN/Page_KDMC - CMS/input_btnadd' is clicked on

2018-05-11 10:51:22 - [MESSAGE][PASSED] - Object: 'Object Repository/MOH AND GRN/Page_KDMC - CMS/input_btnadd' is clicked on

2018-05-11 10:51:22 - [TEST_STEP][PASSED] - Statement - If (s == 10): null

2018-05-11 10:51:22 - [TEST_STEP][PASSED] - Statement - Else: null

2018-05-11 10:51:22 - [TEST_STEP][PASSED] - Statement - (s++): null

2018-05-11 10:51:22 - [TEST_STEP][PASSED] - delay: Delayed 1 second(s)

2018-05-11 10:51:23 - [MESSAGE][PASSED] - Delayed 1 second(s)

2018-05-11 10:51:23 - [TEST_STEP][PASSED] - selectOptionByIndex: All options with index in [7] are selected on object 'Object Repository/MOH AND GRN/Page_KDMC - CMS/select_--Select--Amikacin -500'

2018-05-11 10:51:23 - [MESSAGE][PASSED] - All options with index in [7] are selected on object 'Object Repository/MOH AND GRN/Page_KDMC - CMS/select_--Select--Amikacin -500'

2018-05-11 10:51:23 - [TEST_STEP][PASSED] - setText: Text '5000' is set on object 'Object Repository/MOH AND GRN/Page_KDMC - CMS/input_txtqty'

2018-05-11 10:51:24 - [MESSAGE][PASSED] - Text '5000' is set on object 'Object Repository/MOH AND GRN/Page_KDMC - CMS/input_txtqty'

2018-05-11 10:51:24 - [TEST_STEP][PASSED] - selectOptionByIndex: All options with index in [1] are selected on object 'Object Repository/MOH AND GRN/Page_KDMC - CMS/select_--Select--No Tax0'

2018-05-11 10:51:24 - [MESSAGE][PASSED] - All options with index in [1] are selected on object 'Object Repository/MOH AND GRN/Page_KDMC - CMS/select_--Select--No Tax0'

2018-05-11 10:51:24 - [TEST_STEP][PASSED] - setText: Finding Test Object with id 'Object Repository/MOH AND GRN/Page_KDMC - CMS/input_txtmrp'

2018-05-11 10:51:24 - [TEST_STEP][PASSED] - Statement - switch (id): Finding Test Object with id 'Object Repository/MOH AND GRN/Page_KDMC - CMS/input_txtdeal'

2018-05-11 10:51:24 - [TEST_STEP][PASSED] - Statement - case 4:: Text '24.0' is set on object 'Object Repository/MOH AND GRN/Page_KDMC - CMS/input_txtmrp'

2018-05-11 10:51:24 - [TEST_STEP][PASSED] - Statement - return (java.lang.Math.floor((java.lang.Math.random() * ((max - min) + 1))) + min): Text '24.0' is set on object 'Object Repository/MOH AND GRN/Page_KDMC - CMS/input_txtmrp'

2018-05-11 10:51:24 - [MESSAGE][PASSED] - Text '24.0' is set on object 'Object Repository/MOH AND GRN/Page_KDMC - CMS/input_txtmrp'

2018-05-11 10:51:24 - [TEST_STEP][PASSED] - setText: Finding Test Object with id 'Object Repository/MOH AND GRN/Page_KDMC - CMS/input_txtdeal'

2018-05-11 10:51:24 - [TEST_STEP][PASSED] - Statement - switch (id): Finding Test Object with id 'Object Repository/MOH AND GRN/Page_KDMC - CMS/input_txtbatchno'

2018-05-11 10:51:24 - [TEST_STEP][PASSED] - Statement - case 5:: Text '12.0' is set on object 'Object Repository/MOH AND GRN/Page_KDMC - CMS/input_txtdeal'

2018-05-11 10:51:24 - [TEST_STEP][PASSED] - Statement - return (java.lang.Math.floor((java.lang.Math.random() * ((max - min) + 1))) + min): Text '12.0' is set on object 'Object Repository/MOH AND GRN/Page_KDMC - CMS/input_txtdeal'

2018-05-11 10:51:24 - [MESSAGE][PASSED] - Text '12.0' is set on object 'Object Repository/MOH AND GRN/Page_KDMC - CMS/input_txtdeal'

2018-05-11 10:51:24 - [TEST_STEP][PASSED] - setText: Finding Test Object with id 'Object Repository/MOH AND GRN/Page_KDMC - CMS/input_txtbatchno'

2018-05-11 10:51:24 - [TEST_STEP][PASSED] - Statement - switch (id): Finding Test Object with id 'Object Repository/MOH AND GRN/Page_KDMC - CMS/input_txtmrp'

2018-05-11 10:51:24 - [TEST_STEP][PASSED] - Statement - case 1:: Text 'BA137.0' is set on object 'Object Repository/MOH AND GRN/Page_KDMC - CMS/input_txtbatchno'

2018-05-11 10:51:24 - [TEST_STEP][PASSED] - Statement - return (java.lang.Math.floor((java.lang.Math.random() * ((max - min) + 1))) + min): Text 'BA137.0' is set on object 'Object Repository/MOH AND GRN/Page_KDMC - CMS/input_txtbatchno'

2018-05-11 10:51:24 - [MESSAGE][PASSED] - Text 'BA137.0' is set on object 'Object Repository/MOH AND GRN/Page_KDMC - CMS/input_txtbatchno'

2018-05-11 10:51:24 - [TEST_STEP][PASSED] - rightClick: Object: 'Object Repository/GRN/Page_KDMC - CMS/input_txtexpdate' is right clicked on

2018-05-11 10:51:24 - [MESSAGE][PASSED] - Object: 'Object Repository/GRN/Page_KDMC - CMS/input_txtexpdate' is right clicked on

2018-05-11 10:51:24 - [TEST_STEP][PASSED] - selectOptionByIndex: All options with index in [7] are selected on object 'Object Repository/GRN/Page_KDMC - CMS/select_20182019202020212022202'

2018-05-11 10:51:24 - [MESSAGE][PASSED] - All options with index in [7] are selected on object 'Object Repository/GRN/Page_KDMC - CMS/select_20182019202020212022202'

2018-05-11 10:51:24 - [TEST_STEP][PASSED] - selectOptionByIndex: All options with index in [7] are selected on object 'Object Repository/GRN/Page_KDMC - CMS/select_JanFebMarAprMayJunJulAu'

2018-05-11 10:51:24 - [MESSAGE][PASSED] - All options with index in [7] are selected on object 'Object Repository/GRN/Page_KDMC - CMS/select_JanFebMarAprMayJunJulAu'

2018-05-11 10:51:24 - [TEST_STEP][PASSED] - click: Object: 'Object Repository/MOH AND GRN/Page_KDMC - CMS/a_12' is clicked on

2018-05-11 10:51:25 - [MESSAGE][PASSED] - Object: 'Object Repository/MOH AND GRN/Page_KDMC - CMS/a_12' is clicked on

2018-05-11 10:51:25 - [TEST_STEP][PASSED] - click: Object: 'Object Repository/MOH AND GRN/Page_KDMC - CMS/input_btnadd' is clicked on

2018-05-11 10:51:25 - [MESSAGE][PASSED] - Object: 'Object Repository/MOH AND GRN/Page_KDMC - CMS/input_btnadd' is clicked on

2018-05-11 10:51:25 - [TEST_STEP][PASSED] - Statement - If (s == 10): null

2018-05-11 10:51:25 - [TEST_STEP][PASSED] - Statement - Else: null

2018-05-11 10:51:25 - [TEST_STEP][PASSED] - Statement - (s++): null

2018-05-11 10:51:25 - [TEST_STEP][PASSED] - delay: Delayed 1 second(s)

2018-05-11 10:51:26 - [MESSAGE][PASSED] - Delayed 1 second(s)

2018-05-11 10:51:26 - [TEST_STEP][PASSED] - selectOptionByIndex: All options with index in [8] are selected on object 'Object Repository/MOH AND GRN/Page_KDMC - CMS/select_--Select--Amikacin -500'

2018-05-11 10:51:26 - [MESSAGE][PASSED] - All options with index in [8] are selected on object 'Object Repository/MOH AND GRN/Page_KDMC - CMS/select_--Select--Amikacin -500'

2018-05-11 10:51:26 - [TEST_STEP][PASSED] - setText: Text '5000' is set on object 'Object Repository/MOH AND GRN/Page_KDMC - CMS/input_txtqty'

2018-05-11 10:51:26 - [MESSAGE][PASSED] - Text '5000' is set on object 'Object Repository/MOH AND GRN/Page_KDMC - CMS/input_txtqty'

2018-05-11 10:51:26 - [TEST_STEP][PASSED] - selectOptionByIndex: All options with index in [1] are selected on object 'Object Repository/MOH AND GRN/Page_KDMC - CMS/select_--Select--No Tax0'

2018-05-11 10:51:26 - [MESSAGE][PASSED] - All options with index in [1] are selected on object 'Object Repository/MOH AND GRN/Page_KDMC - CMS/select_--Select--No Tax0'

2018-05-11 10:51:26 - [TEST_STEP][PASSED] - setText: Finding Test Object with id 'Object Repository/MOH AND GRN/Page_KDMC - CMS/input_txtmrp'

2018-05-11 10:51:26 - [TEST_STEP][PASSED] - Statement - switch (id): Finding Test Object with id 'Object Repository/MOH AND GRN/Page_KDMC - CMS/input_txtdeal'

2018-05-11 10:51:26 - [TEST_STEP][PASSED] - Statement - case 4:: Text '23.0' is set on object 'Object Repository/MOH AND GRN/Page_KDMC - CMS/input_txtmrp'

2018-05-11 10:51:26 - [TEST_STEP][PASSED] - Statement - return (java.lang.Math.floor((java.lang.Math.random() * ((max - min) + 1))) + min): Text '23.0' is set on object 'Object Repository/MOH AND GRN/Page_KDMC - CMS/input_txtmrp'

2018-05-11 10:51:26 - [MESSAGE][PASSED] - Text '23.0' is set on object 'Object Repository/MOH AND GRN/Page_KDMC - CMS/input_txtmrp'

2018-05-11 10:51:26 - [TEST_STEP][PASSED] - setText: Finding Test Object with id 'Object Repository/MOH AND GRN/Page_KDMC - CMS/input_txtdeal'

2018-05-11 10:51:26 - [TEST_STEP][PASSED] - Statement - switch (id): Finding Test Object with id 'Object Repository/MOH AND GRN/Page_KDMC - CMS/input_txtbatchno'

2018-05-11 10:51:26 - [TEST_STEP][PASSED] - Statement - case 5:: Text '11.0' is set on object 'Object Repository/MOH AND GRN/Page_KDMC - CMS/input_txtdeal'

2018-05-11 10:51:26 - [TEST_STEP][PASSED] - Statement - return (java.lang.Math.floor((java.lang.Math.random() * ((max - min) + 1))) + min): Text '11.0' is set on object 'Object Repository/MOH AND GRN/Page_KDMC - CMS/input_txtdeal'

2018-05-11 10:51:26 - [MESSAGE][PASSED] - Text '11.0' is set on object 'Object Repository/MOH AND GRN/Page_KDMC - CMS/input_txtdeal'

2018-05-11 10:51:26 - [TEST_STEP][PASSED] - setText: Finding Test Object with id 'Object Repository/MOH AND GRN/Page_KDMC - CMS/input_txtbatchno'

2018-05-11 10:51:26 - [TEST_STEP][PASSED] - Statement - switch (id): Finding Test Object with id 'Object Repository/MOH AND GRN/Page_KDMC - CMS/input_txtmrp'

2018-05-11 10:51:26 - [TEST_STEP][PASSED] - Statement - case 1:: Text 'BA949.0' is set on object 'Object Repository/MOH AND GRN/Page_KDMC - CMS/input_txtbatchno'

2018-05-11 10:51:26 - [TEST_STEP][PASSED] - Statement - return (java.lang.Math.floor((java.lang.Math.random() * ((max - min) + 1))) + min): Text 'BA949.0' is set on object 'Object Repository/MOH AND GRN/Page_KDMC - CMS/input_txtbatchno'

2018-05-11 10:51:26 - [MESSAGE][PASSED] - Text 'BA949.0' is set on object 'Object Repository/MOH AND GRN/Page_KDMC - CMS/input_txtbatchno'

2018-05-11 10:51:26 - [TEST_STEP][PASSED] - rightClick: Object: 'Object Repository/GRN/Page_KDMC - CMS/input_txtexpdate' is right clicked on

2018-05-11 10:51:27 - [MESSAGE][PASSED] - Object: 'Object Repository/GRN/Page_KDMC - CMS/input_txtexpdate' is right clicked on

2018-05-11 10:51:27 - [TEST_STEP][PASSED] - selectOptionByIndex: All options with index in [8] are selected on object 'Object Repository/GRN/Page_KDMC - CMS/select_20182019202020212022202'

2018-05-11 10:51:27 - [MESSAGE][PASSED] - All options with index in [8] are selected on object 'Object Repository/GRN/Page_KDMC - CMS/select_20182019202020212022202'

2018-05-11 10:51:27 - [TEST_STEP][PASSED] - selectOptionByIndex: All options with index in [8] are selected on object 'Object Repository/GRN/Page_KDMC - CMS/select_JanFebMarAprMayJunJulAu'

2018-05-11 10:51:27 - [MESSAGE][PASSED] - All options with index in [8] are selected on object 'Object Repository/GRN/Page_KDMC - CMS/select_JanFebMarAprMayJunJulAu'

2018-05-11 10:51:27 - [TEST_STEP][PASSED] - click: Object: 'Object Repository/MOH AND GRN/Page_KDMC - CMS/a_12' is clicked on

2018-05-11 10:51:27 - [MESSAGE][PASSED] - Object: 'Object Repository/MOH AND GRN/Page_KDMC - CMS/a_12' is clicked on

2018-05-11 10:51:27 - [TEST_STEP][PASSED] - click: Object: 'Object Repository/MOH AND GRN/Page_KDMC - CMS/input_btnadd' is clicked on

2018-05-11 10:51:27 - [MESSAGE][PASSED] - Object: 'Object Repository/MOH AND GRN/Page_KDMC - CMS/input_btnadd' is clicked on

2018-05-11 10:51:27 - [TEST_STEP][PASSED] - Statement - If (s == 10): null

2018-05-11 10:51:27 - [TEST_STEP][PASSED] - Statement - Else: null

2018-05-11 10:51:27 - [TEST_STEP][PASSED] - Statement - (s++): null

2018-05-11 10:51:27 - [TEST_STEP][PASSED] - delay: Delayed 1 second(s)

2018-05-11 10:51:28 - [MESSAGE][PASSED] - Delayed 1 second(s)

2018-05-11 10:51:28 - [TEST_STEP][PASSED] - selectOptionByIndex: All options with index in [9] are selected on object 'Object Repository/MOH AND GRN/Page_KDMC - CMS/select_--Select--Amikacin -500'

2018-05-11 10:51:28 - [MESSAGE][PASSED] - All options with index in [9] are selected on object 'Object Repository/MOH AND GRN/Page_KDMC - CMS/select_--Select--Amikacin -500'

2018-05-11 10:51:28 - [TEST_STEP][PASSED] - setText: Text '5000' is set on object 'Object Repository/MOH AND GRN/Page_KDMC - CMS/input_txtqty'

2018-05-11 10:51:28 - [MESSAGE][PASSED] - Text '5000' is set on object 'Object Repository/MOH AND GRN/Page_KDMC - CMS/input_txtqty'

2018-05-11 10:51:28 - [TEST_STEP][PASSED] - selectOptionByIndex: All options with index in [1] are selected on object 'Object Repository/MOH AND GRN/Page_KDMC - CMS/select_--Select--No Tax0'

2018-05-11 10:51:29 - [MESSAGE][PASSED] - All options with index in [1] are selected on object 'Object Repository/MOH AND GRN/Page_KDMC - CMS/select_--Select--No Tax0'

2018-05-11 10:51:29 - [TEST_STEP][PASSED] - setText: Finding Test Object with id 'Object Repository/MOH AND GRN/Page_KDMC - CMS/input_txtmrp'

2018-05-11 10:51:29 - [TEST_STEP][PASSED] - Statement - switch (id): Finding Test Object with id 'Object Repository/MOH AND GRN/Page_KDMC - CMS/input_txtdeal'

2018-05-11 10:51:29 - [TEST_STEP][PASSED] - Statement - case 4:: Text '44.0' is set on object 'Object Repository/MOH AND GRN/Page_KDMC - CMS/input_txtmrp'

2018-05-11 10:51:29 - [TEST_STEP][PASSED] - Statement - return (java.lang.Math.floor((java.lang.Math.random() * ((max - min) + 1))) + min): Text '44.0' is set on object 'Object Repository/MOH AND GRN/Page_KDMC - CMS/input_txtmrp'

2018-05-11 10:51:29 - [MESSAGE][PASSED] - Text '44.0' is set on object 'Object Repository/MOH AND GRN/Page_KDMC - CMS/input_txtmrp'

2018-05-11 10:51:29 - [TEST_STEP][PASSED] - setText: Finding Test Object with id 'Object Repository/MOH AND GRN/Page_KDMC - CMS/input_txtdeal'

2018-05-11 10:51:29 - [TEST_STEP][PASSED] - Statement - switch (id): Finding Test Object with id 'Object Repository/MOH AND GRN/Page_KDMC - CMS/input_txtbatchno'

2018-05-11 10:51:29 - [TEST_STEP][PASSED] - Statement - case 5:: Text '1.0' is set on object 'Object Repository/MOH AND GRN/Page_KDMC - CMS/input_txtdeal'

2018-05-11 10:51:29 - [TEST_STEP][PASSED] - Statement - return (java.lang.Math.floor((java.lang.Math.random() * ((max - min) + 1))) + min): Text '1.0' is set on object 'Object Repository/MOH AND GRN/Page_KDMC - CMS/input_txtdeal'

2018-05-11 10:51:29 - [MESSAGE][PASSED] - Text '1.0' is set on object 'Object Repository/MOH AND GRN/Page_KDMC - CMS/input_txtdeal'

2018-05-11 10:51:29 - [TEST_STEP][PASSED] - setText: Finding Test Object with id 'Object Repository/MOH AND GRN/Page_KDMC - CMS/input_txtbatchno'

2018-05-11 10:51:29 - [TEST_STEP][PASSED] - Statement - switch (id): Finding Test Object with id 'Object Repository/MOH AND GRN/Page_KDMC - CMS/input_txtmrp'

2018-05-11 10:51:29 - [TEST_STEP][PASSED] - Statement - case 1:: Text 'BA180.0' is set on object 'Object Repository/MOH AND GRN/Page_KDMC - CMS/input_txtbatchno'

2018-05-11 10:51:29 - [TEST_STEP][PASSED] - Statement - return (java.lang.Math.floor((java.lang.Math.random() * ((max - min) + 1))) + min): Text 'BA180.0' is set on object 'Object Repository/MOH AND GRN/Page_KDMC - CMS/input_txtbatchno'

2018-05-11 10:51:29 - [MESSAGE][PASSED] - Text 'BA180.0' is set on object 'Object Repository/MOH AND GRN/Page_KDMC - CMS/input_txtbatchno'

2018-05-11 10:51:29 - [TEST_STEP][PASSED] - rightClick: Object: 'Object Repository/GRN/Page_KDMC - CMS/input_txtexpdate' is right clicked on

2018-05-11 10:51:29 - [MESSAGE][PASSED] - Object: 'Object Repository/GRN/Page_KDMC - CMS/input_txtexpdate' is right clicked on

2018-05-11 10:51:29 - [TEST_STEP][PASSED] - selectOptionByIndex: All options with index in [9] are selected on object 'Object Repository/GRN/Page_KDMC - CMS/select_20182019202020212022202'

2018-05-11 10:51:29 - [MESSAGE][PASSED] - All options with index in [9] are selected on object 'Object Repository/GRN/Page_KDMC - CMS/select_20182019202020212022202'

2018-05-11 10:51:29 - [TEST_STEP][PASSED] - selectOptionByIndex: All options with index in [9] are selected on object 'Object Repository/GRN/Page_KDMC - CMS/select_JanFebMarAprMayJunJulAu'

2018-05-11 10:51:29 - [MESSAGE][PASSED] - All options with index in [9] are selected on object 'Object Repository/GRN/Page_KDMC - CMS/select_JanFebMarAprMayJunJulAu'

2018-05-11 10:51:29 - [TEST_STEP][PASSED] - click: Object: 'Object Repository/MOH AND GRN/Page_KDMC - CMS/a_12' is clicked on

2018-05-11 10:51:29 - [MESSAGE][PASSED] - Object: 'Object Repository/MOH AND GRN/Page_KDMC - CMS/a_12' is clicked on

2018-05-11 10:51:29 - [TEST_STEP][PASSED] - click: Object: 'Object Repository/MOH AND GRN/Page_KDMC - CMS/input_btnadd' is clicked on

2018-05-11 10:51:30 - [MESSAGE][PASSED] - Object: 'Object Repository/MOH AND GRN/Page_KDMC - CMS/input_btnadd' is clicked on

2018-05-11 10:51:30 - [TEST_STEP][PASSED] - Statement - If (s == 10): null

2018-05-11 10:51:30 - [TEST_STEP][PASSED] - Statement - Else: null

2018-05-11 10:51:30 - [TEST_STEP][PASSED] - Statement - (s++): null

2018-05-11 10:51:30 - [TEST_STEP][PASSED] - delay: Delayed 1 second(s)

2018-05-11 10:51:31 - [MESSAGE][PASSED] - Delayed 1 second(s)

2018-05-11 10:51:31 - [TEST_STEP][PASSED] - selectOptionByIndex: All options with index in [10] are selected on object 'Object Repository/MOH AND GRN/Page_KDMC - CMS/select_--Select--Amikacin -500'

2018-05-11 10:51:31 - [MESSAGE][PASSED] - All options with index in [10] are selected on object 'Object Repository/MOH AND GRN/Page_KDMC - CMS/select_--Select--Amikacin -500'

2018-05-11 10:51:31 - [TEST_STEP][PASSED] - setText: Text '5000' is set on object 'Object Repository/MOH AND GRN/Page_KDMC - CMS/input_txtqty'

2018-05-11 10:51:31 - [MESSAGE][PASSED] - Text '5000' is set on object 'Object Repository/MOH AND GRN/Page_KDMC - CMS/input_txtqty'

2018-05-11 10:51:31 - [TEST_STEP][PASSED] - selectOptionByIndex: All options with index in [1] are selected on object 'Object Repository/MOH AND GRN/Page_KDMC - CMS/select_--Select--No Tax0'

2018-05-11 10:51:31 - [MESSAGE][PASSED] - All options with index in [1] are selected on object 'Object Repository/MOH AND GRN/Page_KDMC - CMS/select_--Select--No Tax0'

2018-05-11 10:51:31 - [TEST_STEP][PASSED] - setText: Finding Test Object with id 'Object Repository/MOH AND GRN/Page_KDMC - CMS/input_txtmrp'

2018-05-11 10:51:31 - [TEST_STEP][PASSED] - Statement - switch (id): Finding Test Object with id 'Object Repository/MOH AND GRN/Page_KDMC - CMS/input_txtdeal'

2018-05-11 10:51:31 - [TEST_STEP][PASSED] - Statement - case 4:: Text '35.0' is set on object 'Object Repository/MOH AND GRN/Page_KDMC - CMS/input_txtmrp'

2018-05-11 10:51:31 - [TEST_STEP][PASSED] - Statement - return (java.lang.Math.floor((java.lang.Math.random() * ((max - min) + 1))) + min): Text '35.0' is set on object 'Object Repository/MOH AND GRN/Page_KDMC - CMS/input_txtmrp'

2018-05-11 10:51:31 - [MESSAGE][PASSED] - Text '35.0' is set on object 'Object Repository/MOH AND GRN/Page_KDMC - CMS/input_txtmrp'

2018-05-11 10:51:31 - [TEST_STEP][PASSED] - setText: Finding Test Object with id 'Object Repository/MOH AND GRN/Page_KDMC - CMS/input_txtdeal'

2018-05-11 10:51:31 - [TEST_STEP][PASSED] - Statement - switch (id): Finding Test Object with id 'Object Repository/MOH AND GRN/Page_KDMC - CMS/input_txtbatchno'

2018-05-11 10:51:31 - [TEST_STEP][PASSED] - Statement - case 5:: Text '4.0' is set on object 'Object Repository/MOH AND GRN/Page_KDMC - CMS/input_txtdeal'

2018-05-11 10:51:31 - [TEST_STEP][PASSED] - Statement - return (java.lang.Math.floor((java.lang.Math.random() * ((max - min) + 1))) + min): Text '4.0' is set on object 'Object Repository/MOH AND GRN/Page_KDMC - CMS/input_txtdeal'

2018-05-11 10:51:31 - [MESSAGE][PASSED] - Text '4.0' is set on object 'Object Repository/MOH AND GRN/Page_KDMC - CMS/input_txtdeal'

2018-05-11 10:51:31 - [TEST_STEP][PASSED] - setText: Finding Test Object with id 'Object Repository/MOH AND GRN/Page_KDMC - CMS/input_txtbatchno'

2018-05-11 10:51:31 - [TEST_STEP][PASSED] - Statement - switch (id): Finding Test Object with id 'Object Repository/MOH AND GRN/Page_KDMC - CMS/input_txtmrp'

2018-05-11 10:51:31 - [TEST_STEP][PASSED] - Statement - case 1:: Text 'BA631.0' is set on object 'Object Repository/MOH AND GRN/Page_KDMC - CMS/input_txtbatchno'

2018-05-11 10:51:31 - [TEST_STEP][PASSED] - Statement - return (java.lang.Math.floor((java.lang.Math.random() * ((max - min) + 1))) + min): Text 'BA631.0' is set on object 'Object Repository/MOH AND GRN/Page_KDMC - CMS/input_txtbatchno'

2018-05-11 10:51:31 - [MESSAGE][PASSED] - Text 'BA631.0' is set on object 'Object Repository/MOH AND GRN/Page_KDMC - CMS/input_txtbatchno'

2018-05-11 10:51:31 - [TEST_STEP][PASSED] - rightClick: Object: 'Object Repository/GRN/Page_KDMC - CMS/input_txtexpdate' is right clicked on

2018-05-11 10:51:31 - [MESSAGE][PASSED] - Object: 'Object Repository/GRN/Page_KDMC - CMS/input_txtexpdate' is right clicked on

2018-05-11 10:51:31 - [TEST_STEP][PASSED] - selectOptionByIndex: All options with index in [10] are selected on object 'Object Repository/GRN/Page_KDMC - CMS/select_20182019202020212022202'

2018-05-11 10:51:32 - [MESSAGE][PASSED] - All options with index in [10] are selected on object 'Object Repository/GRN/Page_KDMC - CMS/select_20182019202020212022202'

2018-05-11 10:51:32 - [TEST_STEP][PASSED] - selectOptionByIndex: All options with index in [10] are selected on object 'Object Repository/GRN/Page_KDMC - CMS/select_JanFebMarAprMayJunJulAu'

2018-05-11 10:51:32 - [MESSAGE][PASSED] - All options with index in [10] are selected on object 'Object Repository/GRN/Page_KDMC - CMS/select_JanFebMarAprMayJunJulAu'

2018-05-11 10:51:32 - [TEST_STEP][PASSED] - click: Object: 'Object Repository/MOH AND GRN/Page_KDMC - CMS/a_12' is clicked on

2018-05-11 10:51:32 - [MESSAGE][PASSED] - Object: 'Object Repository/MOH AND GRN/Page_KDMC - CMS/a_12' is clicked on

2018-05-11 10:51:32 - [TEST_STEP][PASSED] - click: Object: 'Object Repository/MOH AND GRN/Page_KDMC - CMS/input_btnadd' is clicked on

2018-05-11 10:51:32 - [MESSAGE][PASSED] - Object: 'Object Repository/MOH AND GRN/Page_KDMC - CMS/input_btnadd' is clicked on

2018-05-11 10:51:32 - [TEST_STEP][PASSED] - Statement - If (s == 10): null

2018-05-11 10:51:32 - [TEST_STEP][PASSED] - Statement - s = 1: null

2018-05-11 10:51:32 - [TEST_STEP][PASSED] - delay: Delayed 1 second(s)

2018-05-11 10:51:33 - [MESSAGE][PASSED] - Delayed 1 second(s)

2018-05-11 10:51:33 - [TEST_STEP][PASSED] - selectOptionByIndex: All options with index in [11] are selected on object 'Object Repository/MOH AND GRN/Page_KDMC - CMS/select_--Select--Amikacin -500'

2018-05-11 10:51:33 - [MESSAGE][PASSED] - All options with index in [11] are selected on object 'Object Repository/MOH AND GRN/Page_KDMC - CMS/select_--Select--Amikacin -500'

2018-05-11 10:51:33 - [TEST_STEP][PASSED] - setText: Text '5000' is set on object 'Object Repository/MOH AND GRN/Page_KDMC - CMS/input_txtqty'

2018-05-11 10:51:33 - [MESSAGE][PASSED] - Text '5000' is set on object 'Object Repository/MOH AND GRN/Page_KDMC - CMS/input_txtqty'

2018-05-11 10:51:33 - [TEST_STEP][PASSED] - selectOptionByIndex: All options with index in [1] are selected on object 'Object Repository/MOH AND GRN/Page_KDMC - CMS/select_--Select--No Tax0'

2018-05-11 10:51:33 - [MESSAGE][PASSED] - All options with index in [1] are selected on object 'Object Repository/MOH AND GRN/Page_KDMC - CMS/select_--Select--No Tax0'

2018-05-11 10:51:33 - [TEST_STEP][PASSED] - setText: Finding Test Object with id 'Object Repository/MOH AND GRN/Page_KDMC - CMS/input_txtmrp'

2018-05-11 10:51:33 - [TEST_STEP][PASSED] - Statement - switch (id): Finding Test Object with id 'Object Repository/MOH AND GRN/Page_KDMC - CMS/input_txtdeal'

2018-05-11 10:51:33 - [TEST_STEP][PASSED] - Statement - case 4:: Text '33.0' is set on object 'Object Repository/MOH AND GRN/Page_KDMC - CMS/input_txtmrp'

2018-05-11 10:51:33 - [TEST_STEP][PASSED] - Statement - return (java.lang.Math.floor((java.lang.Math.random() * ((max - min) + 1))) + min): Text '33.0' is set on object 'Object Repository/MOH AND GRN/Page_KDMC - CMS/input_txtmrp'

2018-05-11 10:51:34 - [MESSAGE][PASSED] - Text '33.0' is set on object 'Object Repository/MOH AND GRN/Page_KDMC - CMS/input_txtmrp'

2018-05-11 10:51:34 - [TEST_STEP][PASSED] - setText: Finding Test Object with id 'Object Repository/MOH AND GRN/Page_KDMC - CMS/input_txtdeal'

2018-05-11 10:51:34 - [TEST_STEP][PASSED] - Statement - switch (id): Finding Test Object with id 'Object Repository/MOH AND GRN/Page_KDMC - CMS/input_txtbatchno'

2018-05-11 10:51:34 - [TEST_STEP][PASSED] - Statement - case 5:: Text '6.0' is set on object 'Object Repository/MOH AND GRN/Page_KDMC - CMS/input_txtdeal'

2018-05-11 10:51:34 - [TEST_STEP][PASSED] - Statement - return (java.lang.Math.floor((java.lang.Math.random() * ((max - min) + 1))) + min): Text '6.0' is set on object 'Object Repository/MOH AND GRN/Page_KDMC - CMS/input_txtdeal'

2018-05-11 10:51:34 - [MESSAGE][PASSED] - Text '6.0' is set on object 'Object Repository/MOH AND GRN/Page_KDMC - CMS/input_txtdeal'

2018-05-11 10:51:34 - [TEST_STEP][PASSED] - setText: Finding Test Object with id 'Object Repository/MOH AND GRN/Page_KDMC - CMS/input_txtbatchno'

2018-05-11 10:51:34 - [TEST_STEP][PASSED] - Statement - switch (id): Finding Test Object with id 'Object Repository/MOH AND GRN/Page_KDMC - CMS/input_txtmrp'

2018-05-11 10:51:34 - [TEST_STEP][PASSED] - Statement - case 1:: Text 'BA297.0' is set on object 'Object Repository/MOH AND GRN/Page_KDMC - CMS/input_txtbatchno'

2018-05-11 10:51:34 - [TEST_STEP][PASSED] - Statement - return (java.lang.Math.floor((java.lang.Math.random() * ((max - min) + 1))) + min): Text 'BA297.0' is set on object 'Object Repository/MOH AND GRN/Page_KDMC - CMS/input_txtbatchno'

2018-05-11 10:51:34 - [MESSAGE][PASSED] - Text 'BA297.0' is set on object 'Object Repository/MOH AND GRN/Page_KDMC - CMS/input_txtbatchno'

2018-05-11 10:51:34 - [TEST_STEP][PASSED] - rightClick: Object: 'Object Repository/GRN/Page_KDMC - CMS/input_txtexpdate' is right clicked on

2018-05-11 10:51:34 - [MESSAGE][PASSED] - Object: 'Object Repository/GRN/Page_KDMC - CMS/input_txtexpdate' is right clicked on

2018-05-11 10:51:34 - [TEST_STEP][PASSED] - selectOptionByIndex: All options with index in [1] are selected on object 'Object Repository/GRN/Page_KDMC - CMS/select_20182019202020212022202'

2018-05-11 10:51:34 - [MESSAGE][PASSED] - All options with index in [1] are selected on object 'Object Repository/GRN/Page_KDMC - CMS/select_20182019202020212022202'

2018-05-11 10:51:34 - [TEST_STEP][PASSED] - selectOptionByIndex: All options with index in [1] are selected on object 'Object Repository/GRN/Page_KDMC - CMS/select_JanFebMarAprMayJunJulAu'

2018-05-11 10:51:34 - [MESSAGE][PASSED] - All options with index in [1] are selected on object 'Object Repository/GRN/Page_KDMC - CMS/select_JanFebMarAprMayJunJulAu'

2018-05-11 10:51:34 - [TEST_STEP][PASSED] - click: Object: 'Object Repository/MOH AND GRN/Page_KDMC - CMS/a_12' is clicked on

2018-05-11 10:51:34 - [MESSAGE][PASSED] - Object: 'Object Repository/MOH AND GRN/Page_KDMC - CMS/a_12' is clicked on

2018-05-11 10:51:34 - [TEST_STEP][PASSED] - click: Object: 'Object Repository/MOH AND GRN/Page_KDMC - CMS/input_btnadd' is clicked on

2018-05-11 10:51:34 - [MESSAGE][PASSED] - Object: 'Object Repository/MOH AND GRN/Page_KDMC - CMS/input_btnadd' is clicked on

2018-05-11 10:51:34 - [TEST_STEP][PASSED] - Statement - If (s == 10): null

2018-05-11 10:51:34 - [TEST_STEP][PASSED] - Statement - Else: null

2018-05-11 10:51:34 - [TEST_STEP][PASSED] - Statement - (s++): null

2018-05-11 10:51:34 - [TEST_STEP][PASSED] - delay: Delayed 1 second(s)

2018-05-11 10:51:35 - [MESSAGE][PASSED] - Delayed 1 second(s)

2018-05-11 10:51:35 - [TEST_STEP][PASSED] - selectOptionByIndex: All options with index in [12] are selected on object 'Object Repository/MOH AND GRN/Page_KDMC - CMS/select_--Select--Amikacin -500'

2018-05-11 10:51:36 - [MESSAGE][PASSED] - All options with index in [12] are selected on object 'Object Repository/MOH AND GRN/Page_KDMC - CMS/select_--Select--Amikacin -500'

2018-05-11 10:51:36 - [TEST_STEP][PASSED] - setText: Text '5000' is set on object 'Object Repository/MOH AND GRN/Page_KDMC - CMS/input_txtqty'

2018-05-11 10:51:36 - [MESSAGE][PASSED] - Text '5000' is set on object 'Object Repository/MOH AND GRN/Page_KDMC - CMS/input_txtqty'

2018-05-11 10:51:36 - [TEST_STEP][PASSED] - selectOptionByIndex: All options with index in [1] are selected on object 'Object Repository/MOH AND GRN/Page_KDMC - CMS/select_--Select--No Tax0'

2018-05-11 10:51:36 - [MESSAGE][PASSED] - All options with index in [1] are selected on object 'Object Repository/MOH AND GRN/Page_KDMC - CMS/select_--Select--No Tax0'

2018-05-11 10:51:36 - [TEST_STEP][PASSED] - setText: Finding Test Object with id 'Object Repository/MOH AND GRN/Page_KDMC - CMS/input_txtmrp'

2018-05-11 10:51:36 - [TEST_STEP][PASSED] - Statement - switch (id): Finding Test Object with id 'Object Repository/MOH AND GRN/Page_KDMC - CMS/input_txtdeal'

2018-05-11 10:51:36 - [TEST_STEP][PASSED] - Statement - case 4:: Text '35.0' is set on object 'Object Repository/MOH AND GRN/Page_KDMC - CMS/input_txtmrp'

2018-05-11 10:51:36 - [TEST_STEP][PASSED] - Statement - return (java.lang.Math.floor((java.lang.Math.random() * ((max - min) + 1))) + min): Text '35.0' is set on object 'Object Repository/MOH AND GRN/Page_KDMC - CMS/input_txtmrp'

2018-05-11 10:51:36 - [MESSAGE][PASSED] - Text '35.0' is set on object 'Object Repository/MOH AND GRN/Page_KDMC - CMS/input_txtmrp'

2018-05-11 10:51:36 - [TEST_STEP][PASSED] - setText: Finding Test Object with id 'Object Repository/MOH AND GRN/Page_KDMC - CMS/input_txtdeal'

2018-05-11 10:51:36 - [TEST_STEP][PASSED] - Statement - switch (id): Finding Test Object with id 'Object Repository/MOH AND GRN/Page_KDMC - CMS/input_txtbatchno'

2018-05-11 10:51:36 - [TEST_STEP][PASSED] - Statement - case 5:: Text '9.0' is set on object 'Object Repository/MOH AND GRN/Page_KDMC - CMS/input_txtdeal'

2018-05-11 10:51:36 - [TEST_STEP][PASSED] - Statement - return (java.lang.Math.floor((java.lang.Math.random() * ((max - min) + 1))) + min): Text '9.0' is set on object 'Object Repository/MOH AND GRN/Page_KDMC - CMS/input_txtdeal'

2018-05-11 10:51:36 - [MESSAGE][PASSED] - Text '9.0' is set on object 'Object Repository/MOH AND GRN/Page_KDMC - CMS/input_txtdeal'

2018-05-11 10:51:36 - [TEST_STEP][PASSED] - setText: Finding Test Object with id 'Object Repository/MOH AND GRN/Page_KDMC - CMS/input_txtbatchno'

2018-05-11 10:51:36 - [TEST_STEP][PASSED] - Statement - switch (id): Finding Test Object with id 'Object Repository/MOH AND GRN/Page_KDMC - CMS/input_txtmrp'

2018-05-11 10:51:36 - [TEST_STEP][PASSED] - Statement - case 1:: Text 'BA921.0' is set on object 'Object Repository/MOH AND GRN/Page_KDMC - CMS/input_txtbatchno'

2018-05-11 10:51:36 - [TEST_STEP][PASSED] - Statement - return (java.lang.Math.floor((java.lang.Math.random() * ((max - min) + 1))) + min): Text 'BA921.0' is set on object 'Object Repository/MOH AND GRN/Page_KDMC - CMS/input_txtbatchno'

2018-05-11 10:51:36 - [MESSAGE][PASSED] - Text 'BA921.0' is set on object 'Object Repository/MOH AND GRN/Page_KDMC - CMS/input_txtbatchno'

2018-05-11 10:51:36 - [TEST_STEP][PASSED] - rightClick: Object: 'Object Repository/GRN/Page_KDMC - CMS/input_txtexpdate' is right clicked on

2018-05-11 10:51:36 - [MESSAGE][PASSED] - Object: 'Object Repository/GRN/Page_KDMC - CMS/input_txtexpdate' is right clicked on

2018-05-11 10:51:36 - [TEST_STEP][PASSED] - selectOptionByIndex: All options with index in [2] are selected on object 'Object Repository/GRN/Page_KDMC - CMS/select_20182019202020212022202'

2018-05-11 10:51:36 - [MESSAGE][PASSED] - All options with index in [2] are selected on object 'Object Repository/GRN/Page_KDMC - CMS/select_20182019202020212022202'

2018-05-11 10:51:36 - [TEST_STEP][PASSED] - selectOptionByIndex: All options with index in [2] are selected on object 'Object Repository/GRN/Page_KDMC - CMS/select_JanFebMarAprMayJunJulAu'

2018-05-11 10:51:37 - [MESSAGE][PASSED] - All options with index in [2] are selected on object 'Object Repository/GRN/Page_KDMC - CMS/select_JanFebMarAprMayJunJulAu'

2018-05-11 10:51:37 - [TEST_STEP][PASSED] - click: Object: 'Object Repository/MOH AND GRN/Page_KDMC - CMS/a_12' is clicked on

2018-05-11 10:51:37 - [MESSAGE][PASSED] - Object: 'Object Repository/MOH AND GRN/Page_KDMC - CMS/a_12' is clicked on

2018-05-11 10:51:37 - [TEST_STEP][PASSED] - click: Object: 'Object Repository/MOH AND GRN/Page_KDMC - CMS/input_btnadd' is clicked on

2018-05-11 10:51:37 - [MESSAGE][PASSED] - Object: 'Object Repository/MOH AND GRN/Page_KDMC - CMS/input_btnadd' is clicked on

2018-05-11 10:51:37 - [TEST_STEP][PASSED] - Statement - If (s == 10): null

2018-05-11 10:51:37 - [TEST_STEP][PASSED] - Statement - Else: null

2018-05-11 10:51:37 - [TEST_STEP][PASSED] - Statement - (s++): null

2018-05-11 10:51:37 - [TEST_STEP][PASSED] - delay: Delayed 1 second(s)

2018-05-11 10:51:38 - [MESSAGE][PASSED] - Delayed 1 second(s)

2018-05-11 10:51:38 - [TEST_STEP][PASSED] - selectOptionByIndex: All options with index in [13] are selected on object 'Object Repository/MOH AND GRN/Page_KDMC - CMS/select_--Select--Amikacin -500'

2018-05-11 10:51:38 - [MESSAGE][PASSED] - All options with index in [13] are selected on object 'Object Repository/MOH AND GRN/Page_KDMC - CMS/select_--Select--Amikacin -500'

2018-05-11 10:51:38 - [TEST_STEP][PASSED] - setText: Text '5000' is set on object 'Object Repository/MOH AND GRN/Page_KDMC - CMS/input_txtqty'

2018-05-11 10:51:38 - [MESSAGE][PASSED] - Text '5000' is set on object 'Object Repository/MOH AND GRN/Page_KDMC - CMS/input_txtqty'

2018-05-11 10:51:38 - [TEST_STEP][PASSED] - selectOptionByIndex: All options with index in [1] are selected on object 'Object Repository/MOH AND GRN/Page_KDMC - CMS/select_--Select--No Tax0'

2018-05-11 10:51:38 - [MESSAGE][PASSED] - All options with index in [1] are selected on object 'Object Repository/MOH AND GRN/Page_KDMC - CMS/select_--Select--No Tax0'

2018-05-11 10:51:38 - [TEST_STEP][PASSED] - setText: Finding Test Object with id 'Object Repository/MOH AND GRN/Page_KDMC - CMS/input_txtmrp'

2018-05-11 10:51:38 - [TEST_STEP][PASSED] - Statement - switch (id): Finding Test Object with id 'Object Repository/MOH AND GRN/Page_KDMC - CMS/input_txtdeal'

2018-05-11 10:51:38 - [TEST_STEP][PASSED] - Statement - case 4:: Text '36.0' is set on object 'Object Repository/MOH AND GRN/Page_KDMC - CMS/input_txtmrp'

2018-05-11 10:51:38 - [TEST_STEP][PASSED] - Statement - return (java.lang.Math.floor((java.lang.Math.random() * ((max - min) + 1))) + min): Text '36.0' is set on object 'Object Repository/MOH AND GRN/Page_KDMC - CMS/input_txtmrp'

2018-05-11 10:51:38 - [MESSAGE][PASSED] - Text '36.0' is set on object 'Object Repository/MOH AND GRN/Page_KDMC - CMS/input_txtmrp'

2018-05-11 10:51:38 - [TEST_STEP][PASSED] - setText: Finding Test Object with id 'Object Repository/MOH AND GRN/Page_KDMC - CMS/input_txtdeal'

2018-05-11 10:51:38 - [TEST_STEP][PASSED] - Statement - switch (id): Finding Test Object with id 'Object Repository/MOH AND GRN/Page_KDMC - CMS/input_txtbatchno'

2018-05-11 10:51:38 - [TEST_STEP][PASSED] - Statement - case 5:: Text '10.0' is set on object 'Object Repository/MOH AND GRN/Page_KDMC - CMS/input_txtdeal'

2018-05-11 10:51:38 - [TEST_STEP][PASSED] - Statement - return (java.lang.Math.floor((java.lang.Math.random() * ((max - min) + 1))) + min): Text '10.0' is set on object 'Object Repository/MOH AND GRN/Page_KDMC - CMS/input_txtdeal'

2018-05-11 10:51:38 - [MESSAGE][PASSED] - Text '10.0' is set on object 'Object Repository/MOH AND GRN/Page_KDMC - CMS/input_txtdeal'

2018-05-11 10:51:38 - [TEST_STEP][PASSED] - setText: Finding Test Object with id 'Object Repository/MOH AND GRN/Page_KDMC - CMS/input_txtbatchno'

2018-05-11 10:51:38 - [TEST_STEP][PASSED] - Statement - switch (id): Finding Test Object with id 'Object Repository/MOH AND GRN/Page_KDMC - CMS/input_txtmrp'

2018-05-11 10:51:38 - [TEST_STEP][PASSED] - Statement - case 1:: Text 'BA753.0' is set on object 'Object Repository/MOH AND GRN/Page_KDMC - CMS/input_txtbatchno'

2018-05-11 10:51:38 - [TEST_STEP][PASSED] - Statement - return (java.lang.Math.floor((java.lang.Math.random() * ((max - min) + 1))) + min): Text 'BA753.0' is set on object 'Object Repository/MOH AND GRN/Page_KDMC - CMS/input_txtbatchno'

2018-05-11 10:51:39 - [MESSAGE][PASSED] - Text 'BA753.0' is set on object 'Object Repository/MOH AND GRN/Page_KDMC - CMS/input_txtbatchno'

2018-05-11 10:51:39 - [TEST_STEP][PASSED] - rightClick: Object: 'Object Repository/GRN/Page_KDMC - CMS/input_txtexpdate' is right clicked on

2018-05-11 10:51:39 - [MESSAGE][PASSED] - Object: 'Object Repository/GRN/Page_KDMC - CMS/input_txtexpdate' is right clicked on

2018-05-11 10:51:39 - [TEST_STEP][PASSED] - selectOptionByIndex: All options with index in [3] are selected on object 'Object Repository/GRN/Page_KDMC - CMS/select_20182019202020212022202'

2018-05-11 10:51:39 - [MESSAGE][PASSED] - All options with index in [3] are selected on object 'Object Repository/GRN/Page_KDMC - CMS/select_20182019202020212022202'

2018-05-11 10:51:39 - [TEST_STEP][PASSED] - selectOptionByIndex: All options with index in [3] are selected on object 'Object Repository/GRN/Page_KDMC - CMS/select_JanFebMarAprMayJunJulAu'

2018-05-11 10:51:39 - [MESSAGE][PASSED] - All options with index in [3] are selected on object 'Object Repository/GRN/Page_KDMC - CMS/select_JanFebMarAprMayJunJulAu'

2018-05-11 10:51:39 - [TEST_STEP][PASSED] - click: Object: 'Object Repository/MOH AND GRN/Page_KDMC - CMS/a_12' is clicked on

2018-05-11 10:51:39 - [MESSAGE][PASSED] - Object: 'Object Repository/MOH AND GRN/Page_KDMC - CMS/a_12' is clicked on

2018-05-11 10:51:39 - [TEST_STEP][PASSED] - click: Object: 'Object Repository/MOH AND GRN/Page_KDMC - CMS/input_btnadd' is clicked on

2018-05-11 10:51:39 - [MESSAGE][PASSED] - Object: 'Object Repository/MOH AND GRN/Page_KDMC - CMS/input_btnadd' is clicked on

2018-05-11 10:51:39 - [TEST_STEP][PASSED] - Statement - If (s == 10): null

2018-05-11 10:51:39 - [TEST_STEP][PASSED] - Statement - Else: null

2018-05-11 10:51:39 - [TEST_STEP][PASSED] - Statement - (s++): null

2018-05-11 10:51:39 - [TEST_STEP][PASSED] - delay: Delayed 1 second(s)

2018-05-11 10:51:40 - [MESSAGE][PASSED] - Delayed 1 second(s)

2018-05-11 10:51:40 - [TEST_STEP][PASSED] - selectOptionByIndex: All options with index in [14] are selected on object 'Object Repository/MOH AND GRN/Page_KDMC - CMS/select_--Select--Amikacin -500'

2018-05-11 10:51:40 - [MESSAGE][PASSED] - All options with index in [14] are selected on object 'Object Repository/MOH AND GRN/Page_KDMC - CMS/select_--Select--Amikacin -500'

2018-05-11 10:51:40 - [TEST_STEP][PASSED] - setText: Text '5000' is set on object 'Object Repository/MOH AND GRN/Page_KDMC - CMS/input_txtqty'

2018-05-11 10:51:41 - [MESSAGE][PASSED] - Text '5000' is set on object 'Object Repository/MOH AND GRN/Page_KDMC - CMS/input_txtqty'

2018-05-11 10:51:41 - [TEST_STEP][PASSED] - selectOptionByIndex: All options with index in [1] are selected on object 'Object Repository/MOH AND GRN/Page_KDMC - CMS/select_--Select--No Tax0'

2018-05-11 10:51:41 - [MESSAGE][PASSED] - All options with index in [1] are selected on object 'Object Repository/MOH AND GRN/Page_KDMC - CMS/select_--Select--No Tax0'

2018-05-11 10:51:41 - [TEST_STEP][PASSED] - setText: Finding Test Object with id 'Object Repository/MOH AND GRN/Page_KDMC - CMS/input_txtmrp'

2018-05-11 10:51:41 - [TEST_STEP][PASSED] - Statement - switch (id): Finding Test Object with id 'Object Repository/MOH AND GRN/Page_KDMC - CMS/input_txtdeal'

2018-05-11 10:51:41 - [TEST_STEP][PASSED] - Statement - case 4:: Text '45.0' is set on object 'Object Repository/MOH AND GRN/Page_KDMC - CMS/input_txtmrp'

2018-05-11 10:51:41 - [TEST_STEP][PASSED] - Statement - return (java.lang.Math.floor((java.lang.Math.random() * ((max - min) + 1))) + min): Text '45.0' is set on object 'Object Repository/MOH AND GRN/Page_KDMC - CMS/input_txtmrp'

2018-05-11 10:51:41 - [MESSAGE][PASSED] - Text '45.0' is set on object 'Object Repository/MOH AND GRN/Page_KDMC - CMS/input_txtmrp'

2018-05-11 10:51:41 - [TEST_STEP][PASSED] - setText: Finding Test Object with id 'Object Repository/MOH AND GRN/Page_KDMC - CMS/input_txtdeal'

2018-05-11 10:51:41 - [TEST_STEP][PASSED] - Statement - switch (id): Finding Test Object with id 'Object Repository/MOH AND GRN/Page_KDMC - CMS/input_txtbatchno'

2018-05-11 10:51:41 - [TEST_STEP][PASSED] - Statement - case 5:: Text '7.0' is set on object 'Object Repository/MOH AND GRN/Page_KDMC - CMS/input_txtdeal'

2018-05-11 10:51:41 - [TEST_STEP][PASSED] - Statement - return (java.lang.Math.floor((java.lang.Math.random() * ((max - min) + 1))) + min): Text '7.0' is set on object 'Object Repository/MOH AND GRN/Page_KDMC - CMS/input_txtdeal'

2018-05-11 10:51:41 - [MESSAGE][PASSED] - Text '7.0' is set on object 'Object Repository/MOH AND GRN/Page_KDMC - CMS/input_txtdeal'

2018-05-11 10:51:41 - [TEST_STEP][PASSED] - setText: Finding Test Object with id 'Object Repository/MOH AND GRN/Page_KDMC - CMS/input_txtbatchno'

2018-05-11 10:51:41 - [TEST_STEP][PASSED] - Statement - switch (id): Finding Test Object with id 'Object Repository/MOH AND GRN/Page_KDMC - CMS/input_txtmrp'

2018-05-11 10:51:41 - [TEST_STEP][PASSED] - Statement - case 1:: Text 'BA105.0' is set on object 'Object Repository/MOH AND GRN/Page_KDMC - CMS/input_txtbatchno'

2018-05-11 10:51:41 - [TEST_STEP][PASSED] - Statement - return (java.lang.Math.floor((java.lang.Math.random() * ((max - min) + 1))) + min): Text 'BA105.0' is set on object 'Object Repository/MOH AND GRN/Page_KDMC - CMS/input_txtbatchno'

2018-05-11 10:51:41 - [MESSAGE][PASSED] - Text 'BA105.0' is set on object 'Object Repository/MOH AND GRN/Page_KDMC - CMS/input_txtbatchno'

2018-05-11 10:51:41 - [TEST_STEP][PASSED] - rightClick: Object: 'Object Repository/GRN/Page_KDMC - CMS/input_txtexpdate' is right clicked on

2018-05-11 10:51:41 - [MESSAGE][PASSED] - Object: 'Object Repository/GRN/Page_KDMC - CMS/input_txtexpdate' is right clicked on

2018-05-11 10:51:41 - [TEST_STEP][PASSED] - selectOptionByIndex: All options with index in [4] are selected on object 'Object Repository/GRN/Page_KDMC - CMS/select_20182019202020212022202'

2018-05-11 10:51:41 - [MESSAGE][PASSED] - All options with index in [4] are selected on object 'Object Repository/GRN/Page_KDMC - CMS/select_20182019202020212022202'

2018-05-11 10:51:41 - [TEST_STEP][PASSED] - selectOptionByIndex: All options with index in [4] are selected on object 'Object Repository/GRN/Page_KDMC - CMS/select_JanFebMarAprMayJunJulAu'

2018-05-11 10:51:41 - [MESSAGE][PASSED] - All options with index in [4] are selected on object 'Object Repository/GRN/Page_KDMC - CMS/select_JanFebMarAprMayJunJulAu'

2018-05-11 10:51:41 - [TEST_STEP][PASSED] - click: Object: 'Object Repository/MOH AND GRN/Page_KDMC - CMS/a_12' is clicked on

2018-05-11 10:51:41 - [MESSAGE][PASSED] - Object: 'Object Repository/MOH AND GRN/Page_KDMC - CMS/a_12' is clicked on

2018-05-11 10:51:41 - [TEST_STEP][PASSED] - click: Object: 'Object Repository/MOH AND GRN/Page_KDMC - CMS/input_btnadd' is clicked on

2018-05-11 10:51:41 - [MESSAGE][PASSED] - Object: 'Object Repository/MOH AND GRN/Page_KDMC - CMS/input_btnadd' is clicked on

2018-05-11 10:51:41 - [TEST_STEP][PASSED] - Statement - If (s == 10): null

2018-05-11 10:51:41 - [TEST_STEP][PASSED] - Statement - Else: null

2018-05-11 10:51:41 - [TEST_STEP][PASSED] - Statement - (s++): null

2018-05-11 10:51:41 - [TEST_STEP][PASSED] - delay: Delayed 1 second(s)

2018-05-11 10:51:42 - [MESSAGE][PASSED] - Delayed 1 second(s)

2018-05-11 10:51:42 - [TEST_STEP][PASSED] - selectOptionByIndex: All options with index in [15] are selected on object 'Object Repository/MOH AND GRN/Page_KDMC - CMS/select_--Select--Amikacin -500'

2018-05-11 10:51:43 - [MESSAGE][PASSED] - All options with index in [15] are selected on object 'Object Repository/MOH AND GRN/Page_KDMC - CMS/select_--Select--Amikacin -500'

2018-05-11 10:51:43 - [TEST_STEP][PASSED] - setText: Text '5000' is set on object 'Object Repository/MOH AND GRN/Page_KDMC - CMS/input_txtqty'

2018-05-11 10:51:43 - [MESSAGE][PASSED] - Text '5000' is set on object 'Object Repository/MOH AND GRN/Page_KDMC - CMS/input_txtqty'

2018-05-11 10:51:43 - [TEST_STEP][PASSED] - selectOptionByIndex: All options with index in [1] are selected on object 'Object Repository/MOH AND GRN/Page_KDMC - CMS/select_--Select--No Tax0'

2018-05-11 10:51:43 - [MESSAGE][PASSED] - All options with index in [1] are selected on object 'Object Repository/MOH AND GRN/Page_KDMC - CMS/select_--Select--No Tax0'

2018-05-11 10:51:43 - [TEST_STEP][PASSED] - setText: Finding Test Object with id 'Object Repository/MOH AND GRN/Page_KDMC - CMS/input_txtmrp'

2018-05-11 10:51:43 - [TEST_STEP][PASSED] - Statement - switch (id): Finding Test Object with id 'Object Repository/MOH AND GRN/Page_KDMC - CMS/input_txtdeal'

2018-05-11 10:51:43 - [TEST_STEP][PASSED] - Statement - case 4:: Text '23.0' is set on object 'Object Repository/MOH AND GRN/Page_KDMC - CMS/input_txtmrp'

2018-05-11 10:51:43 - [TEST_STEP][PASSED] - Statement - return (java.lang.Math.floor((java.lang.Math.random() * ((max - min) + 1))) + min): Text '23.0' is set on object 'Object Repository/MOH AND GRN/Page_KDMC - CMS/input_txtmrp'

2018-05-11 10:51:43 - [MESSAGE][PASSED] - Text '23.0' is set on object 'Object Repository/MOH AND GRN/Page_KDMC - CMS/input_txtmrp'

2018-05-11 10:51:43 - [TEST_STEP][PASSED] - setText: Finding Test Object with id 'Object Repository/MOH AND GRN/Page_KDMC - CMS/input_txtdeal'

2018-05-11 10:51:43 - [TEST_STEP][PASSED] - Statement - switch (id): Finding Test Object with id 'Object Repository/MOH AND GRN/Page_KDMC - CMS/input_txtbatchno'

2018-05-11 10:51:43 - [TEST_STEP][PASSED] - Statement - case 5:: Text '12.0' is set on object 'Object Repository/MOH AND GRN/Page_KDMC - CMS/input_txtdeal'

2018-05-11 10:51:43 - [TEST_STEP][PASSED] - Statement - return (java.lang.Math.floor((java.lang.Math.random() * ((max - min) + 1))) + min): Text '12.0' is set on object 'Object Repository/MOH AND GRN/Page_KDMC - CMS/input_txtdeal'

2018-05-11 10:51:43 - [MESSAGE][PASSED] - Text '12.0' is set on object 'Object Repository/MOH AND GRN/Page_KDMC - CMS/input_txtdeal'

2018-05-11 10:51:43 - [TEST_STEP][PASSED] - setText: Finding Test Object with id 'Object Repository/MOH AND GRN/Page_KDMC - CMS/input_txtbatchno'

2018-05-11 10:51:43 - [TEST_STEP][PASSED] - Statement - switch (id): Finding Test Object with id 'Object Repository/MOH AND GRN/Page_KDMC - CMS/input_txtmrp'

2018-05-11 10:51:43 - [TEST_STEP][PASSED] - Statement - case 1:: Text 'BA882.0' is set on object 'Object Repository/MOH AND GRN/Page_KDMC - CMS/input_txtbatchno'

2018-05-11 10:51:43 - [TEST_STEP][PASSED] - Statement - return (java.lang.Math.floor((java.lang.Math.random() * ((max - min) + 1))) + min): Text 'BA882.0' is set on object 'Object Repository/MOH AND GRN/Page_KDMC - CMS/input_txtbatchno'

2018-05-11 10:51:43 - [MESSAGE][PASSED] - Text 'BA882.0' is set on object 'Object Repository/MOH AND GRN/Page_KDMC - CMS/input_txtbatchno'

2018-05-11 10:51:43 - [TEST_STEP][PASSED] - rightClick: Object: 'Object Repository/GRN/Page_KDMC - CMS/input_txtexpdate' is right clicked on

2018-05-11 10:51:43 - [MESSAGE][PASSED] - Object: 'Object Repository/GRN/Page_KDMC - CMS/input_txtexpdate' is right clicked on

2018-05-11 10:51:43 - [TEST_STEP][PASSED] - selectOptionByIndex: All options with index in [5] are selected on object 'Object Repository/GRN/Page_KDMC - CMS/select_20182019202020212022202'

2018-05-11 10:51:44 - [MESSAGE][PASSED] - All options with index in [5] are selected on object 'Object Repository/GRN/Page_KDMC - CMS/select_20182019202020212022202'

2018-05-11 10:51:44 - [TEST_STEP][PASSED] - selectOptionByIndex: All options with index in [5] are selected on object 'Object Repository/GRN/Page_KDMC - CMS/select_JanFebMarAprMayJunJulAu'

2018-05-11 10:51:44 - [MESSAGE][PASSED] - All options with index in [5] are selected on object 'Object Repository/GRN/Page_KDMC - CMS/select_JanFebMarAprMayJunJulAu'

2018-05-11 10:51:44 - [TEST_STEP][PASSED] - click: Object: 'Object Repository/MOH AND GRN/Page_KDMC - CMS/a_12' is clicked on

2018-05-11 10:51:44 - [MESSAGE][PASSED] - Object: 'Object Repository/MOH AND GRN/Page_KDMC - CMS/a_12' is clicked on

2018-05-11 10:51:44 - [TEST_STEP][PASSED] - click: Object: 'Object Repository/MOH AND GRN/Page_KDMC - CMS/input_btnadd' is clicked on

2018-05-11 10:51:44 - [MESSAGE][PASSED] - Object: 'Object Repository/MOH AND GRN/Page_KDMC - CMS/input_btnadd' is clicked on

2018-05-11 10:51:44 - [TEST_STEP][PASSED] - Statement - If (s == 10): null

2018-05-11 10:51:44 - [TEST_STEP][PASSED] - Statement - Else: null

2018-05-11 10:51:44 - [TEST_STEP][PASSED] - Statement - (s++): null

2018-05-11 10:51:44 - [TEST_STEP][PASSED] - delay: Delayed 1 second(s)

2018-05-11 10:51:45 - [MESSAGE][PASSED] - Delayed 1 second(s)

2018-05-11 10:51:45 - [TEST_STEP][PASSED] - selectOptionByIndex: All options with index in [16] are selected on object 'Object Repository/MOH AND GRN/Page_KDMC - CMS/select_--Select--Amikacin -500'

2018-05-11 10:51:45 - [MESSAGE][PASSED] - All options with index in [16] are selected on object 'Object Repository/MOH AND GRN/Page_KDMC - CMS/select_--Select--Amikacin -500'

2018-05-11 10:51:45 - [TEST_STEP][PASSED] - setText: Text '5000' is set on object 'Object Repository/MOH AND GRN/Page_KDMC - CMS/input_txtqty'

2018-05-11 10:51:45 - [MESSAGE][PASSED] - Text '5000' is set on object 'Object Repository/MOH AND GRN/Page_KDMC - CMS/input_txtqty'

2018-05-11 10:51:45 - [TEST_STEP][PASSED] - selectOptionByIndex: All options with index in [1] are selected on object 'Object Repository/MOH AND GRN/Page_KDMC - CMS/select_--Select--No Tax0'

2018-05-11 10:51:45 - [MESSAGE][PASSED] - All options with index in [1] are selected on object 'Object Repository/MOH AND GRN/Page_KDMC - CMS/select_--Select--No Tax0'

2018-05-11 10:51:45 - [TEST_STEP][PASSED] - setText: Finding Test Object with id 'Object Repository/MOH AND GRN/Page_KDMC - CMS/input_txtmrp'

2018-05-11 10:51:45 - [TEST_STEP][PASSED] - Statement - switch (id): Finding Test Object with id 'Object Repository/MOH AND GRN/Page_KDMC - CMS/input_txtdeal'

2018-05-11 10:51:45 - [TEST_STEP][PASSED] - Statement - case 4:: Text '26.0' is set on object 'Object Repository/MOH AND GRN/Page_KDMC - CMS/input_txtmrp'

2018-05-11 10:51:45 - [TEST_STEP][PASSED] - Statement - return (java.lang.Math.floor((java.lang.Math.random() * ((max - min) + 1))) + min): Text '26.0' is set on object 'Object Repository/MOH AND GRN/Page_KDMC - CMS/input_txtmrp'

2018-05-11 10:51:45 - [MESSAGE][PASSED] - Text '26.0' is set on object 'Object Repository/MOH AND GRN/Page_KDMC - CMS/input_txtmrp'

2018-05-11 10:51:45 - [TEST_STEP][PASSED] - setText: Finding Test Object with id 'Object Repository/MOH AND GRN/Page_KDMC - CMS/input_txtdeal'

2018-05-11 10:51:45 - [TEST_STEP][PASSED] - Statement - switch (id): Finding Test Object with id 'Object Repository/MOH AND GRN/Page_KDMC - CMS/input_txtbatchno'

2018-05-11 10:51:45 - [TEST_STEP][PASSED] - Statement - case 5:: Text '6.0' is set on object 'Object Repository/MOH AND GRN/Page_KDMC - CMS/input_txtdeal'

2018-05-11 10:51:45 - [TEST_STEP][PASSED] - Statement - return (java.lang.Math.floor((java.lang.Math.random() * ((max - min) + 1))) + min): Text '6.0' is set on object 'Object Repository/MOH AND GRN/Page_KDMC - CMS/input_txtdeal'

2018-05-11 10:51:46 - [MESSAGE][PASSED] - Text '6.0' is set on object 'Object Repository/MOH AND GRN/Page_KDMC - CMS/input_txtdeal'

2018-05-11 10:51:46 - [TEST_STEP][PASSED] - setText: Finding Test Object with id 'Object Repository/MOH AND GRN/Page_KDMC - CMS/input_txtbatchno'

2018-05-11 10:51:46 - [TEST_STEP][PASSED] - Statement - switch (id): Finding Test Object with id 'Object Repository/MOH AND GRN/Page_KDMC - CMS/input_txtmrp'

2018-05-11 10:51:46 - [TEST_STEP][PASSED] - Statement - case 1:: Text 'BA198.0' is set on object 'Object Repository/MOH AND GRN/Page_KDMC - CMS/input_txtbatchno'

2018-05-11 10:51:46 - [TEST_STEP][PASSED] - Statement - return (java.lang.Math.floor((java.lang.Math.random() * ((max - min) + 1))) + min): Text 'BA198.0' is set on object 'Object Repository/MOH AND GRN/Page_KDMC - CMS/input_txtbatchno'

2018-05-11 10:51:46 - [MESSAGE][PASSED] - Text 'BA198.0' is set on object 'Object Repository/MOH AND GRN/Page_KDMC - CMS/input_txtbatchno'

2018-05-11 10:51:46 - [TEST_STEP][PASSED] - rightClick: Object: 'Object Repository/GRN/Page_KDMC - CMS/input_txtexpdate' is right clicked on

2018-05-11 10:51:46 - [MESSAGE][PASSED] - Object: 'Object Repository/GRN/Page_KDMC - CMS/input_txtexpdate' is right clicked on

2018-05-11 10:51:46 - [TEST_STEP][PASSED] - selectOptionByIndex: All options with index in [6] are selected on object 'Object Repository/GRN/Page_KDMC - CMS/select_20182019202020212022202'

2018-05-11 10:51:46 - [MESSAGE][PASSED] - All options with index in [6] are selected on object 'Object Repository/GRN/Page_KDMC - CMS/select_20182019202020212022202'

2018-05-11 10:51:46 - [TEST_STEP][PASSED] - selectOptionByIndex: All options with index in [6] are selected on object 'Object Repository/GRN/Page_KDMC - CMS/select_JanFebMarAprMayJunJulAu'

2018-05-11 10:51:46 - [MESSAGE][PASSED] - All options with index in [6] are selected on object 'Object Repository/GRN/Page_KDMC - CMS/select_JanFebMarAprMayJunJulAu'

2018-05-11 10:51:46 - [TEST_STEP][PASSED] - click: Object: 'Object Repository/MOH AND GRN/Page_KDMC - CMS/a_12' is clicked on

2018-05-11 10:51:46 - [MESSAGE][PASSED] - Object: 'Object Repository/MOH AND GRN/Page_KDMC - CMS/a_12' is clicked on

2018-05-11 10:51:46 - [TEST_STEP][PASSED] - click: Object: 'Object Repository/MOH AND GRN/Page_KDMC - CMS/input_btnadd' is clicked on

2018-05-11 10:51:46 - [MESSAGE][PASSED] - Object: 'Object Repository/MOH AND GRN/Page_KDMC - CMS/input_btnadd' is clicked on

2018-05-11 10:51:46 - [TEST_STEP][PASSED] - Statement - If (s == 10): null

2018-05-11 10:51:46 - [TEST_STEP][PASSED] - Statement - Else: null

2018-05-11 10:51:46 - [TEST_STEP][PASSED] - Statement - (s++): null

2018-05-11 10:51:46 - [TEST_STEP][PASSED] - delay: Delayed 1 second(s)

2018-05-11 10:51:47 - [MESSAGE][PASSED] - Delayed 1 second(s)

2018-05-11 10:51:47 - [TEST_STEP][PASSED] - selectOptionByIndex: All options with index in [17] are selected on object 'Object Repository/MOH AND GRN/Page_KDMC - CMS/select_--Select--Amikacin -500'

2018-05-11 10:51:48 - [MESSAGE][PASSED] - All options with index in [17] are selected on object 'Object Repository/MOH AND GRN/Page_KDMC - CMS/select_--Select--Amikacin -500'

2018-05-11 10:51:48 - [TEST_STEP][PASSED] - setText: Text '5000' is set on object 'Object Repository/MOH AND GRN/Page_KDMC - CMS/input_txtqty'

2018-05-11 10:51:48 - [MESSAGE][PASSED] - Text '5000' is set on object 'Object Repository/MOH AND GRN/Page_KDMC - CMS/input_txtqty'

2018-05-11 10:51:48 - [TEST_STEP][PASSED] - selectOptionByIndex: All options with index in [1] are selected on object 'Object Repository/MOH AND GRN/Page_KDMC - CMS/select_--Select--No Tax0'

2018-05-11 10:51:48 - [MESSAGE][PASSED] - All options with index in [1] are selected on object 'Object Repository/MOH AND GRN/Page_KDMC - CMS/select_--Select--No Tax0'

2018-05-11 10:51:48 - [TEST_STEP][PASSED] - setText: Finding Test Object with id 'Object Repository/MOH AND GRN/Page_KDMC - CMS/input_txtmrp'

2018-05-11 10:51:48 - [TEST_STEP][PASSED] - Statement - switch (id): Finding Test Object with id 'Object Repository/MOH AND GRN/Page_KDMC - CMS/input_txtdeal'

2018-05-11 10:51:48 - [TEST_STEP][PASSED] - Statement - case 4:: Text '40.0' is set on object 'Object Repository/MOH AND GRN/Page_KDMC - CMS/input_txtmrp'

2018-05-11 10:51:48 - [TEST_STEP][PASSED] - Statement - return (java.lang.Math.floor((java.lang.Math.random() * ((max - min) + 1))) + min): Text '40.0' is set on object 'Object Repository/MOH AND GRN/Page_KDMC - CMS/input_txtmrp'

2018-05-11 10:51:48 - [MESSAGE][PASSED] - Text '40.0' is set on object 'Object Repository/MOH AND GRN/Page_KDMC - CMS/input_txtmrp'

2018-05-11 10:51:48 - [TEST_STEP][PASSED] - setText: Finding Test Object with id 'Object Repository/MOH AND GRN/Page_KDMC - CMS/input_txtdeal'

2018-05-11 10:51:48 - [TEST_STEP][PASSED] - Statement - switch (id): Finding Test Object with id 'Object Repository/MOH AND GRN/Page_KDMC - CMS/input_txtbatchno'

2018-05-11 10:51:48 - [TEST_STEP][PASSED] - Statement - case 5:: Text '12.0' is set on object 'Object Repository/MOH AND GRN/Page_KDMC - CMS/input_txtdeal'

2018-05-11 10:51:48 - [TEST_STEP][PASSED] - Statement - return (java.lang.Math.floor((java.lang.Math.random() * ((max - min) + 1))) + min): Text '12.0' is set on object 'Object Repository/MOH AND GRN/Page_KDMC - CMS/input_txtdeal'

2018-05-11 10:51:48 - [MESSAGE][PASSED] - Text '12.0' is set on object 'Object Repository/MOH AND GRN/Page_KDMC - CMS/input_txtdeal'

2018-05-11 10:51:48 - [TEST_STEP][PASSED] - setText: Finding Test Object with id 'Object Repository/MOH AND GRN/Page_KDMC - CMS/input_txtbatchno'

2018-05-11 10:51:48 - [TEST_STEP][PASSED] - Statement - switch (id): Finding Test Object with id 'Object Repository/MOH AND GRN/Page_KDMC - CMS/input_txtmrp'

2018-05-11 10:51:48 - [TEST_STEP][PASSED] - Statement - case 1:: Text 'BA369.0' is set on object 'Object Repository/MOH AND GRN/Page_KDMC - CMS/input_txtbatchno'

2018-05-11 10:51:48 - [TEST_STEP][PASSED] - Statement - return (java.lang.Math.floor((java.lang.Math.random() * ((max - min) + 1))) + min): Text 'BA369.0' is set on object 'Object Repository/MOH AND GRN/Page_KDMC - CMS/input_txtbatchno'

2018-05-11 10:51:48 - [MESSAGE][PASSED] - Text 'BA369.0' is set on object 'Object Repository/MOH AND GRN/Page_KDMC - CMS/input_txtbatchno'

2018-05-11 10:51:48 - [TEST_STEP][PASSED] - rightClick: Object: 'Object Repository/GRN/Page_KDMC - CMS/input_txtexpdate' is right clicked on

2018-05-11 10:51:48 - [MESSAGE][PASSED] - Object: 'Object Repository/GRN/Page_KDMC - CMS/input_txtexpdate' is right clicked on

2018-05-11 10:51:48 - [TEST_STEP][PASSED] - selectOptionByIndex: All options with index in [7] are selected on object 'Object Repository/GRN/Page_KDMC - CMS/select_20182019202020212022202'

2018-05-11 10:51:48 - [MESSAGE][PASSED] - All options with index in [7] are selected on object 'Object Repository/GRN/Page_KDMC - CMS/select_20182019202020212022202'

2018-05-11 10:51:48 - [TEST_STEP][PASSED] - selectOptionByIndex: All options with index in [7] are selected on object 'Object Repository/GRN/Page_KDMC - CMS/select_JanFebMarAprMayJunJulAu'

2018-05-11 10:51:49 - [MESSAGE][PASSED] - All options with index in [7] are selected on object 'Object Repository/GRN/Page_KDMC - CMS/select_JanFebMarAprMayJunJulAu'

2018-05-11 10:51:49 - [TEST_STEP][PASSED] - click: Object: 'Object Repository/MOH AND GRN/Page_KDMC - CMS/a_12' is clicked on

2018-05-11 10:51:49 - [MESSAGE][PASSED] - Object: 'Object Repository/MOH AND GRN/Page_KDMC - CMS/a_12' is clicked on

2018-05-11 10:51:49 - [TEST_STEP][PASSED] - click: Object: 'Object Repository/MOH AND GRN/Page_KDMC - CMS/input_btnadd' is clicked on

2018-05-11 10:51:49 - [MESSAGE][PASSED] - Object: 'Object Repository/MOH AND GRN/Page_KDMC - CMS/input_btnadd' is clicked on

2018-05-11 10:51:49 - [TEST_STEP][PASSED] - Statement - If (s == 10): null

2018-05-11 10:51:49 - [TEST_STEP][PASSED] - Statement - Else: null

2018-05-11 10:51:49 - [TEST_STEP][PASSED] - Statement - (s++): null

2018-05-11 10:51:49 - [TEST_STEP][PASSED] - delay: Delayed 1 second(s)

2018-05-11 10:51:50 - [MESSAGE][PASSED] - Delayed 1 second(s)

2018-05-11 10:51:50 - [TEST_STEP][PASSED] - selectOptionByIndex: All options with index in [18] are selected on object 'Object Repository/MOH AND GRN/Page_KDMC - CMS/select_--Select--Amikacin -500'

2018-05-11 10:51:50 - [MESSAGE][PASSED] - All options with index in [18] are selected on object 'Object Repository/MOH AND GRN/Page_KDMC - CMS/select_--Select--Amikacin -500'

2018-05-11 10:51:50 - [TEST_STEP][PASSED] - setText: Text '5000' is set on object 'Object Repository/MOH AND GRN/Page_KDMC - CMS/input_txtqty'

2018-05-11 10:51:50 - [MESSAGE][PASSED] - Text '5000' is set on object 'Object Repository/MOH AND GRN/Page_KDMC - CMS/input_txtqty'

2018-05-11 10:51:50 - [TEST_STEP][PASSED] - selectOptionByIndex: All options with index in [1] are selected on object 'Object Repository/MOH AND GRN/Page_KDMC - CMS/select_--Select--No Tax0'

2018-05-11 10:51:50 - [MESSAGE][PASSED] - All options with index in [1] are selected on object 'Object Repository/MOH AND GRN/Page_KDMC - CMS/select_--Select--No Tax0'

2018-05-11 10:51:50 - [TEST_STEP][PASSED] - setText: Finding Test Object with id 'Object Repository/MOH AND GRN/Page_KDMC - CMS/input_txtmrp'

2018-05-11 10:51:50 - [TEST_STEP][PASSED] - Statement - switch (id): Finding Test Object with id 'Object Repository/MOH AND GRN/Page_KDMC - CMS/input_txtdeal'

2018-05-11 10:51:50 - [TEST_STEP][PASSED] - Statement - case 4:: Text '16.0' is set on object 'Object Repository/MOH AND GRN/Page_KDMC - CMS/input_txtmrp'

2018-05-11 10:51:50 - [TEST_STEP][PASSED] - Statement - return (java.lang.Math.floor((java.lang.Math.random() * ((max - min) + 1))) + min): Text '16.0' is set on object 'Object Repository/MOH AND GRN/Page_KDMC - CMS/input_txtmrp'

2018-05-11 10:51:50 - [MESSAGE][PASSED] - Text '16.0' is set on object 'Object Repository/MOH AND GRN/Page_KDMC - CMS/input_txtmrp'

2018-05-11 10:51:50 - [TEST_STEP][PASSED] - setText: Finding Test Object with id 'Object Repository/MOH AND GRN/Page_KDMC - CMS/input_txtdeal'

2018-05-11 10:51:50 - [TEST_STEP][PASSED] - Statement - switch (id): Finding Test Object with id 'Object Repository/MOH AND GRN/Page_KDMC - CMS/input_txtbatchno'

2018-05-11 10:51:50 - [TEST_STEP][PASSED] - Statement - case 5:: Text '9.0' is set on object 'Object Repository/MOH AND GRN/Page_KDMC - CMS/input_txtdeal'

2018-05-11 10:51:50 - [TEST_STEP][PASSED] - Statement - return (java.lang.Math.floor((java.lang.Math.random() * ((max - min) + 1))) + min): Text '9.0' is set on object 'Object Repository/MOH AND GRN/Page_KDMC - CMS/input_txtdeal'

2018-05-11 10:51:50 - [MESSAGE][PASSED] - Text '9.0' is set on object 'Object Repository/MOH AND GRN/Page_KDMC - CMS/input_txtdeal'

2018-05-11 10:51:50 - [TEST_STEP][PASSED] - setText: Finding Test Object with id 'Object Repository/MOH AND GRN/Page_KDMC - CMS/input_txtbatchno'

2018-05-11 10:51:50 - [TEST_STEP][PASSED] - Statement - switch (id): Finding Test Object with id 'Object Repository/MOH AND GRN/Page_KDMC - CMS/input_txtmrp'

2018-05-11 10:51:50 - [TEST_STEP][PASSED] - Statement - case 1:: Text 'BA946.0' is set on object 'Object Repository/MOH AND GRN/Page_KDMC - CMS/input_txtbatchno'

2018-05-11 10:51:50 - [TEST_STEP][PASSED] - Statement - return (java.lang.Math.floor((java.lang.Math.random() * ((max - min) + 1))) + min): Text 'BA946.0' is set on object 'Object Repository/MOH AND GRN/Page_KDMC - CMS/input_txtbatchno'

2018-05-11 10:51:51 - [MESSAGE][PASSED] - Text 'BA946.0' is set on object 'Object Repository/MOH AND GRN/Page_KDMC - CMS/input_txtbatchno'

2018-05-11 10:51:51 - [TEST_STEP][PASSED] - rightClick: Object: 'Object Repository/GRN/Page_KDMC - CMS/input_txtexpdate' is right clicked on

2018-05-11 10:51:51 - [MESSAGE][PASSED] - Object: 'Object Repository/GRN/Page_KDMC - CMS/input_txtexpdate' is right clicked on

2018-05-11 10:51:51 - [TEST_STEP][PASSED] - selectOptionByIndex: All options with index in [8] are selected on object 'Object Repository/GRN/Page_KDMC - CMS/select_20182019202020212022202'

2018-05-11 10:51:51 - [MESSAGE][PASSED] - All options with index in [8] are selected on object 'Object Repository/GRN/Page_KDMC - CMS/select_20182019202020212022202'

2018-05-11 10:51:51 - [TEST_STEP][PASSED] - selectOptionByIndex: All options with index in [8] are selected on object 'Object Repository/GRN/Page_KDMC - CMS/select_JanFebMarAprMayJunJulAu'

2018-05-11 10:51:51 - [MESSAGE][PASSED] - All options with index in [8] are selected on object 'Object Repository/GRN/Page_KDMC - CMS/select_JanFebMarAprMayJunJulAu'

2018-05-11 10:51:51 - [TEST_STEP][PASSED] - click: Object: 'Object Repository/MOH AND GRN/Page_KDMC - CMS/a_12' is clicked on

2018-05-11 10:51:51 - [MESSAGE][PASSED] - Object: 'Object Repository/MOH AND GRN/Page_KDMC - CMS/a_12' is clicked on

2018-05-11 10:51:51 - [TEST_STEP][PASSED] - click: Object: 'Object Repository/MOH AND GRN/Page_KDMC - CMS/input_btnadd' is clicked on

2018-05-11 10:51:51 - [MESSAGE][PASSED] - Object: 'Object Repository/MOH AND GRN/Page_KDMC - CMS/input_btnadd' is clicked on

2018-05-11 10:51:51 - [TEST_STEP][PASSED] - Statement - If (s == 10): null

2018-05-11 10:51:51 - [TEST_STEP][PASSED] - Statement - Else: null

2018-05-11 10:51:51 - [TEST_STEP][PASSED] - Statement - (s++): null

2018-05-11 10:51:51 - [TEST_STEP][PASSED] - delay: Delayed 1 second(s)

2018-05-11 10:51:52 - [MESSAGE][PASSED] - Delayed 1 second(s)

2018-05-11 10:51:52 - [TEST_STEP][PASSED] - selectOptionByIndex: All options with index in [19] are selected on object 'Object Repository/MOH AND GRN/Page_KDMC - CMS/select_--Select--Amikacin -500'

2018-05-11 10:51:53 - [MESSAGE][PASSED] - All options with index in [19] are selected on object 'Object Repository/MOH AND GRN/Page_KDMC - CMS/select_--Select--Amikacin -500'

2018-05-11 10:51:53 - [TEST_STEP][PASSED] - setText: Text '5000' is set on object 'Object Repository/MOH AND GRN/Page_KDMC - CMS/input_txtqty'

2018-05-11 10:51:53 - [MESSAGE][PASSED] - Text '5000' is set on object 'Object Repository/MOH AND GRN/Page_KDMC - CMS/input_txtqty'

2018-05-11 10:51:53 - [TEST_STEP][PASSED] - selectOptionByIndex: All options with index in [1] are selected on object 'Object Repository/MOH AND GRN/Page_KDMC - CMS/select_--Select--No Tax0'

2018-05-11 10:51:53 - [MESSAGE][PASSED] - All options with index in [1] are selected on object 'Object Repository/MOH AND GRN/Page_KDMC - CMS/select_--Select--No Tax0'

2018-05-11 10:51:53 - [TEST_STEP][PASSED] - setText: Finding Test Object with id 'Object Repository/MOH AND GRN/Page_KDMC - CMS/input_txtmrp'

2018-05-11 10:51:53 - [TEST_STEP][PASSED] - Statement - switch (id): Finding Test Object with id 'Object Repository/MOH AND GRN/Page_KDMC - CMS/input_txtdeal'

2018-05-11 10:51:53 - [TEST_STEP][PASSED] - Statement - case 4:: Text '26.0' is set on object 'Object Repository/MOH AND GRN/Page_KDMC - CMS/input_txtmrp'

2018-05-11 10:51:53 - [TEST_STEP][PASSED] - Statement - return (java.lang.Math.floor((java.lang.Math.random() * ((max - min) + 1))) + min): Text '26.0' is set on object 'Object Repository/MOH AND GRN/Page_KDMC - CMS/input_txtmrp'

2018-05-11 10:51:53 - [MESSAGE][PASSED] - Text '26.0' is set on object 'Object Repository/MOH AND GRN/Page_KDMC - CMS/input_txtmrp'

2018-05-11 10:51:53 - [TEST_STEP][PASSED] - setText: Finding Test Object with id 'Object Repository/MOH AND GRN/Page_KDMC - CMS/input_txtdeal'

2018-05-11 10:51:53 - [TEST_STEP][PASSED] - Statement - switch (id): Finding Test Object with id 'Object Repository/MOH AND GRN/Page_KDMC - CMS/input_txtbatchno'

2018-05-11 10:51:53 - [TEST_STEP][PASSED] - Statement - case 5:: Text '9.0' is set on object 'Object Repository/MOH AND GRN/Page_KDMC - CMS/input_txtdeal'

2018-05-11 10:51:53 - [TEST_STEP][PASSED] - Statement - return (java.lang.Math.floor((java.lang.Math.random() * ((max - min) + 1))) + min): Text '9.0' is set on object 'Object Repository/MOH AND GRN/Page_KDMC - CMS/input_txtdeal'

2018-05-11 10:51:53 - [MESSAGE][PASSED] - Text '9.0' is set on object 'Object Repository/MOH AND GRN/Page_KDMC - CMS/input_txtdeal'

2018-05-11 10:51:53 - [TEST_STEP][PASSED] - setText: Finding Test Object with id 'Object Repository/MOH AND GRN/Page_KDMC - CMS/input_txtbatchno'

2018-05-11 10:51:53 - [TEST_STEP][PASSED] - Statement - switch (id): Finding Test Object with id 'Object Repository/MOH AND GRN/Page_KDMC - CMS/input_txtmrp'

2018-05-11 10:51:53 - [TEST_STEP][PASSED] - Statement - case 1:: Text 'BA412.0' is set on object 'Object Repository/MOH AND GRN/Page_KDMC - CMS/input_txtbatchno'

2018-05-11 10:51:53 - [TEST_STEP][PASSED] - Statement - return (java.lang.Math.floor((java.lang.Math.random() * ((max - min) + 1))) + min): Text 'BA412.0' is set on object 'Object Repository/MOH AND GRN/Page_KDMC - CMS/input_txtbatchno'

2018-05-11 10:51:53 - [MESSAGE][PASSED] - Text 'BA412.0' is set on object 'Object Repository/MOH AND GRN/Page_KDMC - CMS/input_txtbatchno'

2018-05-11 10:51:53 - [TEST_STEP][PASSED] - rightClick: Object: 'Object Repository/GRN/Page_KDMC - CMS/input_txtexpdate' is right clicked on

2018-05-11 10:51:53 - [MESSAGE][PASSED] - Object: 'Object Repository/GRN/Page_KDMC - CMS/input_txtexpdate' is right clicked on

2018-05-11 10:51:53 - [TEST_STEP][PASSED] - selectOptionByIndex: All options with index in [9] are selected on object 'Object Repository/GRN/Page_KDMC - CMS/select_20182019202020212022202'

2018-05-11 10:51:53 - [MESSAGE][PASSED] - All options with index in [9] are selected on object 'Object Repository/GRN/Page_KDMC - CMS/select_20182019202020212022202'

2018-05-11 10:51:53 - [TEST_STEP][PASSED] - selectOptionByIndex: All options with index in [9] are selected on object 'Object Repository/GRN/Page_KDMC - CMS/select_JanFebMarAprMayJunJulAu'

2018-05-11 10:51:54 - [MESSAGE][PASSED] - All options with index in [9] are selected on object 'Object Repository/GRN/Page_KDMC - CMS/select_JanFebMarAprMayJunJulAu'

2018-05-11 10:51:54 - [TEST_STEP][PASSED] - click: Object: 'Object Repository/MOH AND GRN/Page_KDMC - CMS/a_12' is clicked on

2018-05-11 10:51:54 - [MESSAGE][PASSED] - Object: 'Object Repository/MOH AND GRN/Page_KDMC - CMS/a_12' is clicked on

2018-05-11 10:51:54 - [TEST_STEP][PASSED] - click: Object: 'Object Repository/MOH AND GRN/Page_KDMC - CMS/input_btnadd' is clicked on

2018-05-11 10:51:54 - [MESSAGE][PASSED] - Object: 'Object Repository/MOH AND GRN/Page_KDMC - CMS/input_btnadd' is clicked on

2018-05-11 10:51:54 - [TEST_STEP][PASSED] - Statement - If (s == 10): null

2018-05-11 10:51:54 - [TEST_STEP][PASSED] - Statement - Else: null

2018-05-11 10:51:54 - [TEST_STEP][PASSED] - Statement - (s++): null

2018-05-11 10:51:54 - [TEST_STEP][PASSED] - delay: Delayed 1 second(s)

2018-05-11 10:51:55 - [MESSAGE][PASSED] - Delayed 1 second(s)

2018-05-11 10:51:55 - [TEST_STEP][PASSED] - selectOptionByIndex: All options with index in [20] are selected on object 'Object Repository/MOH AND GRN/Page_KDMC - CMS/select_--Select--Amikacin -500'

2018-05-11 10:51:55 - [MESSAGE][PASSED] - All options with index in [20] are selected on object 'Object Repository/MOH AND GRN/Page_KDMC - CMS/select_--Select--Amikacin -500'

2018-05-11 10:51:55 - [TEST_STEP][PASSED] - setText: Text '5000' is set on object 'Object Repository/MOH AND GRN/Page_KDMC - CMS/input_txtqty'

2018-05-11 10:51:55 - [MESSAGE][PASSED] - Text '5000' is set on object 'Object Repository/MOH AND GRN/Page_KDMC - CMS/input_txtqty'

2018-05-11 10:51:55 - [TEST_STEP][PASSED] - selectOptionByIndex: All options with index in [1] are selected on object 'Object Repository/MOH AND GRN/Page_KDMC - CMS/select_--Select--No Tax0'

2018-05-11 10:51:55 - [MESSAGE][PASSED] - All options with index in [1] are selected on object 'Object Repository/MOH AND GRN/Page_KDMC - CMS/select_--Select--No Tax0'

2018-05-11 10:51:55 - [TEST_STEP][PASSED] - setText: Finding Test Object with id 'Object Repository/MOH AND GRN/Page_KDMC - CMS/input_txtmrp'

2018-05-11 10:51:55 - [TEST_STEP][PASSED] - Statement - switch (id): Finding Test Object with id 'Object Repository/MOH AND GRN/Page_KDMC - CMS/input_txtdeal'

2018-05-11 10:51:55 - [TEST_STEP][PASSED] - Statement - case 4:: Text '27.0' is set on object 'Object Repository/MOH AND GRN/Page_KDMC - CMS/input_txtmrp'

2018-05-11 10:51:55 - [TEST_STEP][PASSED] - Statement - return (java.lang.Math.floor((java.lang.Math.random() * ((max - min) + 1))) + min): Text '27.0' is set on object 'Object Repository/MOH AND GRN/Page_KDMC - CMS/input_txtmrp'

2018-05-11 10:51:55 - [MESSAGE][PASSED] - Text '27.0' is set on object 'Object Repository/MOH AND GRN/Page_KDMC - CMS/input_txtmrp'

2018-05-11 10:51:55 - [TEST_STEP][PASSED] - setText: Finding Test Object with id 'Object Repository/MOH AND GRN/Page_KDMC - CMS/input_txtdeal'

2018-05-11 10:51:55 - [TEST_STEP][PASSED] - Statement - switch (id): Finding Test Object with id 'Object Repository/MOH AND GRN/Page_KDMC - CMS/input_txtbatchno'

2018-05-11 10:51:55 - [TEST_STEP][PASSED] - Statement - case 5:: Text '10.0' is set on object 'Object Repository/MOH AND GRN/Page_KDMC - CMS/input_txtdeal'

2018-05-11 10:51:55 - [TEST_STEP][PASSED] - Statement - return (java.lang.Math.floor((java.lang.Math.random() * ((max - min) + 1))) + min): Text '10.0' is set on object 'Object Repository/MOH AND GRN/Page_KDMC - CMS/input_txtdeal'

2018-05-11 10:51:56 - [MESSAGE][PASSED] - Text '10.0' is set on object 'Object Repository/MOH AND GRN/Page_KDMC - CMS/input_txtdeal'

2018-05-11 10:51:56 - [TEST_STEP][PASSED] - setText: Finding Test Object with id 'Object Repository/MOH AND GRN/Page_KDMC - CMS/input_txtbatchno'

2018-05-11 10:51:56 - [TEST_STEP][PASSED] - Statement - switch (id): Finding Test Object with id 'Object Repository/MOH AND GRN/Page_KDMC - CMS/input_txtmrp'

2018-05-11 10:51:56 - [TEST_STEP][PASSED] - Statement - case 1:: Text 'BA537.0' is set on object 'Object Repository/MOH AND GRN/Page_KDMC - CMS/input_txtbatchno'

2018-05-11 10:51:56 - [TEST_STEP][PASSED] - Statement - return (java.lang.Math.floor((java.lang.Math.random() * ((max - min) + 1))) + min): Text 'BA537.0' is set on object 'Object Repository/MOH AND GRN/Page_KDMC - CMS/input_txtbatchno'

2018-05-11 10:51:56 - [MESSAGE][PASSED] - Text 'BA537.0' is set on object 'Object Repository/MOH AND GRN/Page_KDMC - CMS/input_txtbatchno'

2018-05-11 10:51:56 - [TEST_STEP][PASSED] - rightClick: Object: 'Object Repository/GRN/Page_KDMC - CMS/input_txtexpdate' is right clicked on

2018-05-11 10:51:56 - [MESSAGE][PASSED] - Object: 'Object Repository/GRN/Page_KDMC - CMS/input_txtexpdate' is right clicked on

2018-05-11 10:51:56 - [TEST_STEP][PASSED] - selectOptionByIndex: All options with index in [10] are selected on object 'Object Repository/GRN/Page_KDMC - CMS/select_20182019202020212022202'

2018-05-11 10:51:56 - [MESSAGE][PASSED] - All options with index in [10] are selected on object 'Object Repository/GRN/Page_KDMC - CMS/select_20182019202020212022202'

2018-05-11 10:51:56 - [TEST_STEP][PASSED] - selectOptionByIndex: All options with index in [10] are selected on object 'Object Repository/GRN/Page_KDMC - CMS/select_JanFebMarAprMayJunJulAu'

2018-05-11 10:51:56 - [MESSAGE][PASSED] - All options with index in [10] are selected on object 'Object Repository/GRN/Page_KDMC - CMS/select_JanFebMarAprMayJunJulAu'

2018-05-11 10:51:56 - [TEST_STEP][PASSED] - click: Object: 'Object Repository/MOH AND GRN/Page_KDMC - CMS/a_12' is clicked on

2018-05-11 10:51:56 - [MESSAGE][PASSED] - Object: 'Object Repository/MOH AND GRN/Page_KDMC - CMS/a_12' is clicked on

2018-05-11 10:51:56 - [TEST_STEP][PASSED] - click: Object: 'Object Repository/MOH AND GRN/Page_KDMC - CMS/input_btnadd' is clicked on

2018-05-11 10:51:56 - [MESSAGE][PASSED] - Object: 'Object Repository/MOH AND GRN/Page_KDMC - CMS/input_btnadd' is clicked on

2018-05-11 10:51:56 - [TEST_STEP][PASSED] - Statement - If (s == 10): null

2018-05-11 10:51:56 - [TEST_STEP][PASSED] - Statement - s = 1: null

2018-05-11 10:51:56 - [TEST_STEP][PASSED] - delay: Delayed 1 second(s)

2018-05-11 10:51:57 - [MESSAGE][PASSED] - Delayed 1 second(s)

2018-05-11 10:51:57 - [TEST_STEP][PASSED] - selectOptionByIndex: All options with index in [21] are selected on object 'Object Repository/MOH AND GRN/Page_KDMC - CMS/select_--Select--Amikacin -500'

2018-05-11 10:51:58 - [MESSAGE][PASSED] - All options with index in [21] are selected on object 'Object Repository/MOH AND GRN/Page_KDMC - CMS/select_--Select--Amikacin -500'

2018-05-11 10:51:58 - [TEST_STEP][PASSED] - setText: Text '5000' is set on object 'Object Repository/MOH AND GRN/Page_KDMC - CMS/input_txtqty'

2018-05-11 10:51:58 - [MESSAGE][PASSED] - Text '5000' is set on object 'Object Repository/MOH AND GRN/Page_KDMC - CMS/input_txtqty'

2018-05-11 10:51:58 - [TEST_STEP][PASSED] - selectOptionByIndex: All options with index in [1] are selected on object 'Object Repository/MOH AND GRN/Page_KDMC - CMS/select_--Select--No Tax0'

2018-05-11 10:51:58 - [MESSAGE][PASSED] - All options with index in [1] are selected on object 'Object Repository/MOH AND GRN/Page_KDMC - CMS/select_--Select--No Tax0'

2018-05-11 10:51:58 - [TEST_STEP][PASSED] - setText: Finding Test Object with id 'Object Repository/MOH AND GRN/Page_KDMC - CMS/input_txtmrp'

2018-05-11 10:51:58 - [TEST_STEP][PASSED] - Statement - switch (id): Finding Test Object with id 'Object Repository/MOH AND GRN/Page_KDMC - CMS/input_txtdeal'

2018-05-11 10:51:58 - [TEST_STEP][PASSED] - Statement - case 4:: Text '23.0' is set on object 'Object Repository/MOH AND GRN/Page_KDMC - CMS/input_txtmrp'

2018-05-11 10:51:58 - [TEST_STEP][PASSED] - Statement - return (java.lang.Math.floor((java.lang.Math.random() * ((max - min) + 1))) + min): Text '23.0' is set on object 'Object Repository/MOH AND GRN/Page_KDMC - CMS/input_txtmrp'

2018-05-11 10:51:58 - [MESSAGE][PASSED] - Text '23.0' is set on object 'Object Repository/MOH AND GRN/Page_KDMC - CMS/input_txtmrp'

2018-05-11 10:51:58 - [TEST_STEP][PASSED] - setText: Finding Test Object with id 'Object Repository/MOH AND GRN/Page_KDMC - CMS/input_txtdeal'

2018-05-11 10:51:58 - [TEST_STEP][PASSED] - Statement - switch (id): Finding Test Object with id 'Object Repository/MOH AND GRN/Page_KDMC - CMS/input_txtbatchno'

2018-05-11 10:51:58 - [TEST_STEP][PASSED] - Statement - case 5:: Text '3.0' is set on object 'Object Repository/MOH AND GRN/Page_KDMC - CMS/input_txtdeal'

2018-05-11 10:51:58 - [TEST_STEP][PASSED] - Statement - return (java.lang.Math.floor((java.lang.Math.random() * ((max - min) + 1))) + min): Text '3.0' is set on object 'Object Repository/MOH AND GRN/Page_KDMC - CMS/input_txtdeal'

2018-05-11 10:51:58 - [MESSAGE][PASSED] - Text '3.0' is set on object 'Object Repository/MOH AND GRN/Page_KDMC - CMS/input_txtdeal'

2018-05-11 10:51:58 - [TEST_STEP][PASSED] - setText: Finding Test Object with id 'Object Repository/MOH AND GRN/Page_KDMC - CMS/input_txtbatchno'

2018-05-11 10:51:58 - [TEST_STEP][PASSED] - Statement - switch (id): Finding Test Object with id 'Object Repository/MOH AND GRN/Page_KDMC - CMS/input_txtmrp'

2018-05-11 10:51:58 - [TEST_STEP][PASSED] - Statement - case 1:: Text 'BA290.0' is set on object 'Object Repository/MOH AND GRN/Page_KDMC - CMS/input_txtbatchno'

2018-05-11 10:51:58 - [TEST_STEP][PASSED] - Statement - return (java.lang.Math.floor((java.lang.Math.random() * ((max - min) + 1))) + min): Text 'BA290.0' is set on object 'Object Repository/MOH AND GRN/Page_KDMC - CMS/input_txtbatchno'

2018-05-11 10:51:58 - [MESSAGE][PASSED] - Text 'BA290.0' is set on object 'Object Repository/MOH AND GRN/Page_KDMC - CMS/input_txtbatchno'

2018-05-11 10:51:58 - [TEST_STEP][PASSED] - rightClick: Object: 'Object Repository/GRN/Page_KDMC - CMS/input_txtexpdate' is right clicked on

2018-05-11 10:51:58 - [MESSAGE][PASSED] - Object: 'Object Repository/GRN/Page_KDMC - CMS/input_txtexpdate' is right clicked on

2018-05-11 10:51:58 - [TEST_STEP][PASSED] - selectOptionByIndex: All options with index in [1] are selected on object 'Object Repository/GRN/Page_KDMC - CMS/select_20182019202020212022202'

2018-05-11 10:51:59 - [MESSAGE][PASSED] - All options with index in [1] are selected on object 'Object Repository/GRN/Page_KDMC - CMS/select_20182019202020212022202'

2018-05-11 10:51:59 - [TEST_STEP][PASSED] - selectOptionByIndex: All options with index in [1] are selected on object 'Object Repository/GRN/Page_KDMC - CMS/select_JanFebMarAprMayJunJulAu'

2018-05-11 10:51:59 - [MESSAGE][PASSED] - All options with index in [1] are selected on object 'Object Repository/GRN/Page_KDMC - CMS/select_JanFebMarAprMayJunJulAu'

2018-05-11 10:51:59 - [TEST_STEP][PASSED] - click: Object: 'Object Repository/MOH AND GRN/Page_KDMC - CMS/a_12' is clicked on

2018-05-11 10:51:59 - [MESSAGE][PASSED] - Object: 'Object Repository/MOH AND GRN/Page_KDMC - CMS/a_12' is clicked on

2018-05-11 10:51:59 - [TEST_STEP][PASSED] - click: Object: 'Object Repository/MOH AND GRN/Page_KDMC - CMS/input_btnadd' is clicked on

2018-05-11 10:51:59 - [MESSAGE][PASSED] - Object: 'Object Repository/MOH AND GRN/Page_KDMC - CMS/input_btnadd' is clicked on

2018-05-11 10:51:59 - [TEST_STEP][PASSED] - Statement - If (s == 10): null

2018-05-11 10:51:59 - [TEST_STEP][PASSED] - Statement - Else: null

2018-05-11 10:51:59 - [TEST_STEP][PASSED] - Statement - (s++): null

2018-05-11 10:51:59 - [TEST_STEP][PASSED] - delay: Delayed 1 second(s)

2018-05-11 10:52:00 - [MESSAGE][PASSED] - Delayed 1 second(s)

2018-05-11 10:52:00 - [TEST_STEP][PASSED] - selectOptionByIndex: All options with index in [22] are selected on object 'Object Repository/MOH AND GRN/Page_KDMC - CMS/select_--Select--Amikacin -500'

2018-05-11 10:52:00 - [MESSAGE][PASSED] - All options with index in [22] are selected on object 'Object Repository/MOH AND GRN/Page_KDMC - CMS/select_--Select--Amikacin -500'

2018-05-11 10:52:00 - [TEST_STEP][PASSED] - setText: Text '5000' is set on object 'Object Repository/MOH AND GRN/Page_KDMC - CMS/input_txtqty'

2018-05-11 10:52:00 - [MESSAGE][PASSED] - Text '5000' is set on object 'Object Repository/MOH AND GRN/Page_KDMC - CMS/input_txtqty'

2018-05-11 10:52:00 - [TEST_STEP][PASSED] - selectOptionByIndex: All options with index in [1] are selected on object 'Object Repository/MOH AND GRN/Page_KDMC - CMS/select_--Select--No Tax0'

2018-05-11 10:52:01 - [MESSAGE][PASSED] - All options with index in [1] are selected on object 'Object Repository/MOH AND GRN/Page_KDMC - CMS/select_--Select--No Tax0'

2018-05-11 10:52:01 - [TEST_STEP][PASSED] - setText: Finding Test Object with id 'Object Repository/MOH AND GRN/Page_KDMC - CMS/input_txtmrp'

2018-05-11 10:52:01 - [TEST_STEP][PASSED] - Statement - switch (id): Finding Test Object with id 'Object Repository/MOH AND GRN/Page_KDMC - CMS/input_txtdeal'

2018-05-11 10:52:01 - [TEST_STEP][PASSED] - Statement - case 4:: Text '17.0' is set on object 'Object Repository/MOH AND GRN/Page_KDMC - CMS/input_txtmrp'

2018-05-11 10:52:01 - [TEST_STEP][PASSED] - Statement - return (java.lang.Math.floor((java.lang.Math.random() * ((max - min) + 1))) + min): Text '17.0' is set on object 'Object Repository/MOH AND GRN/Page_KDMC - CMS/input_txtmrp'

2018-05-11 10:52:01 - [MESSAGE][PASSED] - Text '17.0' is set on object 'Object Repository/MOH AND GRN/Page_KDMC - CMS/input_txtmrp'

2018-05-11 10:52:01 - [TEST_STEP][PASSED] - setText: Finding Test Object with id 'Object Repository/MOH AND GRN/Page_KDMC - CMS/input_txtdeal'

2018-05-11 10:52:01 - [TEST_STEP][PASSED] - Statement - switch (id): Finding Test Object with id 'Object Repository/MOH AND GRN/Page_KDMC - CMS/input_txtbatchno'

2018-05-11 10:52:01 - [TEST_STEP][PASSED] - Statement - case 5:: Text '8.0' is set on object 'Object Repository/MOH AND GRN/Page_KDMC - CMS/input_txtdeal'

2018-05-11 10:52:01 - [TEST_STEP][PASSED] - Statement - return (java.lang.Math.floor((java.lang.Math.random() * ((max - min) + 1))) + min): Text '8.0' is set on object 'Object Repository/MOH AND GRN/Page_KDMC - CMS/input_txtdeal'

2018-05-11 10:52:01 - [MESSAGE][PASSED] - Text '8.0' is set on object 'Object Repository/MOH AND GRN/Page_KDMC - CMS/input_txtdeal'

2018-05-11 10:52:01 - [TEST_STEP][PASSED] - setText: Finding Test Object with id 'Object Repository/MOH AND GRN/Page_KDMC - CMS/input_txtbatchno'

2018-05-11 10:52:01 - [TEST_STEP][PASSED] - Statement - switch (id): Finding Test Object with id 'Object Repository/MOH AND GRN/Page_KDMC - CMS/input_txtmrp'

2018-05-11 10:52:01 - [TEST_STEP][PASSED] - Statement - case 1:: Text 'BA225.0' is set on object 'Object Repository/MOH AND GRN/Page_KDMC - CMS/input_txtbatchno'

2018-05-11 10:52:01 - [TEST_STEP][PASSED] - Statement - return (java.lang.Math.floor((java.lang.Math.random() * ((max - min) + 1))) + min): Text 'BA225.0' is set on object 'Object Repository/MOH AND GRN/Page_KDMC - CMS/input_txtbatchno'

2018-05-11 10:52:01 - [MESSAGE][PASSED] - Text 'BA225.0' is set on object 'Object Repository/MOH AND GRN/Page_KDMC - CMS/input_txtbatchno'

2018-05-11 10:52:01 - [TEST_STEP][PASSED] - rightClick: Object: 'Object Repository/GRN/Page_KDMC - CMS/input_txtexpdate' is right clicked on

2018-05-11 10:52:01 - [MESSAGE][PASSED] - Object: 'Object Repository/GRN/Page_KDMC - CMS/input_txtexpdate' is right clicked on

2018-05-11 10:52:01 - [TEST_STEP][PASSED] - selectOptionByIndex: All options with index in [2] are selected on object 'Object Repository/GRN/Page_KDMC - CMS/select_20182019202020212022202'

2018-05-11 10:52:01 - [MESSAGE][PASSED] - All options with index in [2] are selected on object 'Object Repository/GRN/Page_KDMC - CMS/select_20182019202020212022202'

2018-05-11 10:52:01 - [TEST_STEP][PASSED] - selectOptionByIndex: All options with index in [2] are selected on object 'Object Repository/GRN/Page_KDMC - CMS/select_JanFebMarAprMayJunJulAu'

2018-05-11 10:52:01 - [MESSAGE][PASSED] - All options with index in [2] are selected on object 'Object Repository/GRN/Page_KDMC - CMS/select_JanFebMarAprMayJunJulAu'

2018-05-11 10:52:01 - [TEST_STEP][PASSED] - click: Object: 'Object Repository/MOH AND GRN/Page_KDMC - CMS/a_12' is clicked on

2018-05-11 10:52:01 - [MESSAGE][PASSED] - Object: 'Object Repository/MOH AND GRN/Page_KDMC - CMS/a_12' is clicked on

2018-05-11 10:52:01 - [TEST_STEP][PASSED] - click: Object: 'Object Repository/MOH AND GRN/Page_KDMC - CMS/input_btnadd' is clicked on

2018-05-11 10:52:01 - [MESSAGE][PASSED] - Object: 'Object Repository/MOH AND GRN/Page_KDMC - CMS/input_btnadd' is clicked on

2018-05-11 10:52:01 - [TEST_STEP][PASSED] - Statement - If (s == 10): null

2018-05-11 10:52:01 - [TEST_STEP][PASSED] - Statement - Else: null

2018-05-11 10:52:01 - [TEST_STEP][PASSED] - Statement - (s++): null

2018-05-11 10:52:01 - [TEST_STEP][PASSED] - delay: Delayed 1 second(s)

2018-05-11 10:52:02 - [MESSAGE][PASSED] - Delayed 1 second(s)

2018-05-11 10:52:02 - [TEST_STEP][PASSED] - selectOptionByIndex: All options with index in [23] are selected on object 'Object Repository/MOH AND GRN/Page_KDMC - CMS/select_--Select--Amikacin -500'

2018-05-11 10:52:03 - [MESSAGE][PASSED] - All options with index in [23] are selected on object 'Object Repository/MOH AND GRN/Page_KDMC - CMS/select_--Select--Amikacin -500'

2018-05-11 10:52:03 - [TEST_STEP][PASSED] - setText: Text '5000' is set on object 'Object Repository/MOH AND GRN/Page_KDMC - CMS/input_txtqty'

2018-05-11 10:52:03 - [MESSAGE][PASSED] - Text '5000' is set on object 'Object Repository/MOH AND GRN/Page_KDMC - CMS/input_txtqty'

2018-05-11 10:52:03 - [TEST_STEP][PASSED] - selectOptionByIndex: All options with index in [1] are selected on object 'Object Repository/MOH AND GRN/Page_KDMC - CMS/select_--Select--No Tax0'

2018-05-11 10:52:03 - [MESSAGE][PASSED] - All options with index in [1] are selected on object 'Object Repository/MOH AND GRN/Page_KDMC - CMS/select_--Select--No Tax0'

2018-05-11 10:52:03 - [TEST_STEP][PASSED] - setText: Finding Test Object with id 'Object Repository/MOH AND GRN/Page_KDMC - CMS/input_txtmrp'

2018-05-11 10:52:03 - [TEST_STEP][PASSED] - Statement - switch (id): Finding Test Object with id 'Object Repository/MOH AND GRN/Page_KDMC - CMS/input_txtdeal'

2018-05-11 10:52:03 - [TEST_STEP][PASSED] - Statement - case 4:: Text '36.0' is set on object 'Object Repository/MOH AND GRN/Page_KDMC - CMS/input_txtmrp'

2018-05-11 10:52:03 - [TEST_STEP][PASSED] - Statement - return (java.lang.Math.floor((java.lang.Math.random() * ((max - min) + 1))) + min): Text '36.0' is set on object 'Object Repository/MOH AND GRN/Page_KDMC - CMS/input_txtmrp'

2018-05-11 10:52:03 - [MESSAGE][PASSED] - Text '36.0' is set on object 'Object Repository/MOH AND GRN/Page_KDMC - CMS/input_txtmrp'

2018-05-11 10:52:03 - [TEST_STEP][PASSED] - setText: Finding Test Object with id 'Object Repository/MOH AND GRN/Page_KDMC - CMS/input_txtdeal'

2018-05-11 10:52:03 - [TEST_STEP][PASSED] - Statement - switch (id): Finding Test Object with id 'Object Repository/MOH AND GRN/Page_KDMC - CMS/input_txtbatchno'

2018-05-11 10:52:03 - [TEST_STEP][PASSED] - Statement - case 5:: Text '7.0' is set on object 'Object Repository/MOH AND GRN/Page_KDMC - CMS/input_txtdeal'

2018-05-11 10:52:03 - [TEST_STEP][PASSED] - Statement - return (java.lang.Math.floor((java.lang.Math.random() * ((max - min) + 1))) + min): Text '7.0' is set on object 'Object Repository/MOH AND GRN/Page_KDMC - CMS/input_txtdeal'

2018-05-11 10:52:03 - [MESSAGE][PASSED] - Text '7.0' is set on object 'Object Repository/MOH AND GRN/Page_KDMC - CMS/input_txtdeal'

2018-05-11 10:52:03 - [TEST_STEP][PASSED] - setText: Finding Test Object with id 'Object Repository/MOH AND GRN/Page_KDMC - CMS/input_txtbatchno'

2018-05-11 10:52:03 - [TEST_STEP][PASSED] - Statement - switch (id): Finding Test Object with id 'Object Repository/MOH AND GRN/Page_KDMC - CMS/input_txtmrp'

2018-05-11 10:52:03 - [TEST_STEP][PASSED] - Statement - case 1:: Text 'BA491.0' is set on object 'Object Repository/MOH AND GRN/Page_KDMC - CMS/input_txtbatchno'

2018-05-11 10:52:03 - [TEST_STEP][PASSED] - Statement - return (java.lang.Math.floor((java.lang.Math.random() * ((max - min) + 1))) + min): Text 'BA491.0' is set on object 'Object Repository/MOH AND GRN/Page_KDMC - CMS/input_txtbatchno'

2018-05-11 10:52:03 - [MESSAGE][PASSED] - Text 'BA491.0' is set on object 'Object Repository/MOH AND GRN/Page_KDMC - CMS/input_txtbatchno'

2018-05-11 10:52:03 - [TEST_STEP][PASSED] - rightClick: Object: 'Object Repository/GRN/Page_KDMC - CMS/input_txtexpdate' is right clicked on

2018-05-11 10:52:03 - [MESSAGE][PASSED] - Object: 'Object Repository/GRN/Page_KDMC - CMS/input_txtexpdate' is right clicked on

2018-05-11 10:52:03 - [TEST_STEP][PASSED] - selectOptionByIndex: All options with index in [3] are selected on object 'Object Repository/GRN/Page_KDMC - CMS/select_20182019202020212022202'

2018-05-11 10:52:03 - [MESSAGE][PASSED] - All options with index in [3] are selected on object 'Object Repository/GRN/Page_KDMC - CMS/select_20182019202020212022202'

2018-05-11 10:52:03 - [TEST_STEP][PASSED] - selectOptionByIndex: All options with index in [3] are selected on object 'Object Repository/GRN/Page_KDMC - CMS/select_JanFebMarAprMayJunJulAu'

2018-05-11 10:52:04 - [MESSAGE][PASSED] - All options with index in [3] are selected on object 'Object Repository/GRN/Page_KDMC - CMS/select_JanFebMarAprMayJunJulAu'

2018-05-11 10:52:04 - [TEST_STEP][PASSED] - click: Object: 'Object Repository/MOH AND GRN/Page_KDMC - CMS/a_12' is clicked on

2018-05-11 10:52:04 - [MESSAGE][PASSED] - Object: 'Object Repository/MOH AND GRN/Page_KDMC - CMS/a_12' is clicked on

2018-05-11 10:52:04 - [TEST_STEP][PASSED] - click: Object: 'Object Repository/MOH AND GRN/Page_KDMC - CMS/input_btnadd' is clicked on

2018-05-11 10:52:04 - [MESSAGE][PASSED] - Object: 'Object Repository/MOH AND GRN/Page_KDMC - CMS/input_btnadd' is clicked on

2018-05-11 10:52:04 - [TEST_STEP][PASSED] - Statement - If (s == 10): null

2018-05-11 10:52:04 - [TEST_STEP][PASSED] - Statement - Else: null

2018-05-11 10:52:04 - [TEST_STEP][PASSED] - Statement - (s++): null

2018-05-11 10:52:04 - [TEST_STEP][PASSED] - delay: Delayed 1 second(s)

2018-05-11 10:52:05 - [MESSAGE][PASSED] - Delayed 1 second(s)

2018-05-11 10:52:05 - [TEST_STEP][PASSED] - selectOptionByIndex: All options with index in [24] are selected on object 'Object Repository/MOH AND GRN/Page_KDMC - CMS/select_--Select--Amikacin -500'

2018-05-11 10:52:05 - [MESSAGE][PASSED] - All options with index in [24] are selected on object 'Object Repository/MOH AND GRN/Page_KDMC - CMS/select_--Select--Amikacin -500'

2018-05-11 10:52:05 - [TEST_STEP][PASSED] - setText: Text '5000' is set on object 'Object Repository/MOH AND GRN/Page_KDMC - CMS/input_txtqty'

2018-05-11 10:52:05 - [MESSAGE][PASSED] - Text '5000' is set on object 'Object Repository/MOH AND GRN/Page_KDMC - CMS/input_txtqty'

2018-05-11 10:52:05 - [TEST_STEP][PASSED] - selectOptionByIndex: All options with index in [1] are selected on object 'Object Repository/MOH AND GRN/Page_KDMC - CMS/select_--Select--No Tax0'

2018-05-11 10:52:05 - [MESSAGE][PASSED] - All options with index in [1] are selected on object 'Object Repository/MOH AND GRN/Page_KDMC - CMS/select_--Select--No Tax0'

2018-05-11 10:52:05 - [TEST_STEP][PASSED] - setText: Finding Test Object with id 'Object Repository/MOH AND GRN/Page_KDMC - CMS/input_txtmrp'

2018-05-11 10:52:05 - [TEST_STEP][PASSED] - Statement - switch (id): Finding Test Object with id 'Object Repository/MOH AND GRN/Page_KDMC - CMS/input_txtdeal'

2018-05-11 10:52:05 - [TEST_STEP][PASSED] - Statement - case 4:: Text '25.0' is set on object 'Object Repository/MOH AND GRN/Page_KDMC - CMS/input_txtmrp'

2018-05-11 10:52:05 - [TEST_STEP][PASSED] - Statement - return (java.lang.Math.floor((java.lang.Math.random() * ((max - min) + 1))) + min): Text '25.0' is set on object 'Object Repository/MOH AND GRN/Page_KDMC - CMS/input_txtmrp'

2018-05-11 10:52:05 - [MESSAGE][PASSED] - Text '25.0' is set on object 'Object Repository/MOH AND GRN/Page_KDMC - CMS/input_txtmrp'

2018-05-11 10:52:05 - [TEST_STEP][PASSED] - setText: Finding Test Object with id 'Object Repository/MOH AND GRN/Page_KDMC - CMS/input_txtdeal'

2018-05-11 10:52:05 - [TEST_STEP][PASSED] - Statement - switch (id): Finding Test Object with id 'Object Repository/MOH AND GRN/Page_KDMC - CMS/input_txtbatchno'

2018-05-11 10:52:05 - [TEST_STEP][PASSED] - Statement - case 5:: Text '9.0' is set on object 'Object Repository/MOH AND GRN/Page_KDMC - CMS/input_txtdeal'

2018-05-11 10:52:05 - [TEST_STEP][PASSED] - Statement - return (java.lang.Math.floor((java.lang.Math.random() * ((max - min) + 1))) + min): Text '9.0' is set on object 'Object Repository/MOH AND GRN/Page_KDMC - CMS/input_txtdeal'

2018-05-11 10:52:06 - [MESSAGE][PASSED] - Text '9.0' is set on object 'Object Repository/MOH AND GRN/Page_KDMC - CMS/input_txtdeal'

2018-05-11 10:52:06 - [TEST_STEP][PASSED] - setText: Finding Test Object with id 'Object Repository/MOH AND GRN/Page_KDMC - CMS/input_txtbatchno'

2018-05-11 10:52:06 - [TEST_STEP][PASSED] - Statement - switch (id): Finding Test Object with id 'Object Repository/MOH AND GRN/Page_KDMC - CMS/input_txtmrp'

2018-05-11 10:52:06 - [TEST_STEP][PASSED] - Statement - case 1:: Text 'BA619.0' is set on object 'Object Repository/MOH AND GRN/Page_KDMC - CMS/input_txtbatchno'

2018-05-11 10:52:06 - [TEST_STEP][PASSED] - Statement - return (java.lang.Math.floor((java.lang.Math.random() * ((max - min) + 1))) + min): Text 'BA619.0' is set on object 'Object Repository/MOH AND GRN/Page_KDMC - CMS/input_txtbatchno'

2018-05-11 10:52:06 - [MESSAGE][PASSED] - Text 'BA619.0' is set on object 'Object Repository/MOH AND GRN/Page_KDMC - CMS/input_txtbatchno'

2018-05-11 10:52:06 - [TEST_STEP][PASSED] - rightClick: Object: 'Object Repository/GRN/Page_KDMC - CMS/input_txtexpdate' is right clicked on

2018-05-11 10:52:06 - [MESSAGE][PASSED] - Object: 'Object Repository/GRN/Page_KDMC - CMS/input_txtexpdate' is right clicked on

2018-05-11 10:52:06 - [TEST_STEP][PASSED] - selectOptionByIndex: All options with index in [4] are selected on object 'Object Repository/GRN/Page_KDMC - CMS/select_20182019202020212022202'

2018-05-11 10:52:06 - [MESSAGE][PASSED] - All options with index in [4] are selected on object 'Object Repository/GRN/Page_KDMC - CMS/select_20182019202020212022202'

2018-05-11 10:52:06 - [TEST_STEP][PASSED] - selectOptionByIndex: All options with index in [4] are selected on object 'Object Repository/GRN/Page_KDMC - CMS/select_JanFebMarAprMayJunJulAu'

2018-05-11 10:52:06 - [MESSAGE][PASSED] - All options with index in [4] are selected on object 'Object Repository/GRN/Page_KDMC - CMS/select_JanFebMarAprMayJunJulAu'

2018-05-11 10:52:06 - [TEST_STEP][PASSED] - click: Object: 'Object Repository/MOH AND GRN/Page_KDMC - CMS/a_12' is clicked on

2018-05-11 10:52:06 - [MESSAGE][PASSED] - Object: 'Object Repository/MOH AND GRN/Page_KDMC - CMS/a_12' is clicked on

2018-05-11 10:52:06 - [TEST_STEP][PASSED] - click: Object: 'Object Repository/MOH AND GRN/Page_KDMC - CMS/input_btnadd' is clicked on

2018-05-11 10:52:06 - [MESSAGE][PASSED] - Object: 'Object Repository/MOH AND GRN/Page_KDMC - CMS/input_btnadd' is clicked on

2018-05-11 10:52:06 - [TEST_STEP][PASSED] - Statement - If (s == 10): null

2018-05-11 10:52:06 - [TEST_STEP][PASSED] - Statement - Else: null

2018-05-11 10:52:06 - [TEST_STEP][PASSED] - Statement - (s++): null

2018-05-11 10:52:06 - [TEST_STEP][PASSED] - delay: Delayed 1 second(s)

2018-05-11 10:52:07 - [MESSAGE][PASSED] - Delayed 1 second(s)

2018-05-11 10:52:07 - [TEST_STEP][PASSED] - selectOptionByIndex: All options with index in [25] are selected on object 'Object Repository/MOH AND GRN/Page_KDMC - CMS/select_--Select--Amikacin -500'

2018-05-11 10:52:08 - [MESSAGE][PASSED] - All options with index in [25] are selected on object 'Object Repository/MOH AND GRN/Page_KDMC - CMS/select_--Select--Amikacin -500'

2018-05-11 10:52:08 - [TEST_STEP][PASSED] - setText: Text '5000' is set on object 'Object Repository/MOH AND GRN/Page_KDMC - CMS/input_txtqty'

2018-05-11 10:52:08 - [MESSAGE][PASSED] - Text '5000' is set on object 'Object Repository/MOH AND GRN/Page_KDMC - CMS/input_txtqty'

2018-05-11 10:52:08 - [TEST_STEP][PASSED] - selectOptionByIndex: All options with index in [1] are selected on object 'Object Repository/MOH AND GRN/Page_KDMC - CMS/select_--Select--No Tax0'

2018-05-11 10:52:08 - [MESSAGE][PASSED] - All options with index in [1] are selected on object 'Object Repository/MOH AND GRN/Page_KDMC - CMS/select_--Select--No Tax0'

2018-05-11 10:52:08 - [TEST_STEP][PASSED] - setText: Finding Test Object with id 'Object Repository/MOH AND GRN/Page_KDMC - CMS/input_txtmrp'

2018-05-11 10:52:08 - [TEST_STEP][PASSED] - Statement - switch (id): Finding Test Object with id 'Object Repository/MOH AND GRN/Page_KDMC - CMS/input_txtdeal'

2018-05-11 10:52:08 - [TEST_STEP][PASSED] - Statement - case 4:: Text '37.0' is set on object 'Object Repository/MOH AND GRN/Page_KDMC - CMS/input_txtmrp'

2018-05-11 10:52:08 - [TEST_STEP][PASSED] - Statement - return (java.lang.Math.floor((java.lang.Math.random() * ((max - min) + 1))) + min): Text '37.0' is set on object 'Object Repository/MOH AND GRN/Page_KDMC - CMS/input_txtmrp'

2018-05-11 10:52:08 - [MESSAGE][PASSED] - Text '37.0' is set on object 'Object Repository/MOH AND GRN/Page_KDMC - CMS/input_txtmrp'

2018-05-11 10:52:08 - [TEST_STEP][PASSED] - setText: Finding Test Object with id 'Object Repository/MOH AND GRN/Page_KDMC - CMS/input_txtdeal'

2018-05-11 10:52:08 - [TEST_STEP][PASSED] - Statement - switch (id): Finding Test Object with id 'Object Repository/MOH AND GRN/Page_KDMC - CMS/input_txtbatchno'

2018-05-11 10:52:08 - [TEST_STEP][PASSED] - Statement - case 5:: Text '7.0' is set on object 'Object Repository/MOH AND GRN/Page_KDMC - CMS/input_txtdeal'

2018-05-11 10:52:08 - [TEST_STEP][PASSED] - Statement - return (java.lang.Math.floor((java.lang.Math.random() * ((max - min) + 1))) + min): Text '7.0' is set on object 'Object Repository/MOH AND GRN/Page_KDMC - CMS/input_txtdeal'

2018-05-11 10:52:08 - [MESSAGE][PASSED] - Text '7.0' is set on object 'Object Repository/MOH AND GRN/Page_KDMC - CMS/input_txtdeal'

2018-05-11 10:52:08 - [TEST_STEP][PASSED] - setText: Finding Test Object with id 'Object Repository/MOH AND GRN/Page_KDMC - CMS/input_txtbatchno'

2018-05-11 10:52:08 - [TEST_STEP][PASSED] - Statement - switch (id): Finding Test Object with id 'Object Repository/MOH AND GRN/Page_KDMC - CMS/input_txtmrp'

2018-05-11 10:52:08 - [TEST_STEP][PASSED] - Statement - case 1:: Text 'BA760.0' is set on object 'Object Repository/MOH AND GRN/Page_KDMC - CMS/input_txtbatchno'

2018-05-11 10:52:08 - [TEST_STEP][PASSED] - Statement - return (java.lang.Math.floor((java.lang.Math.random() * ((max - min) + 1))) + min): Text 'BA760.0' is set on object 'Object Repository/MOH AND GRN/Page_KDMC - CMS/input_txtbatchno'

2018-05-11 10:52:08 - [MESSAGE][PASSED] - Text 'BA760.0' is set on object 'Object Repository/MOH AND GRN/Page_KDMC - CMS/input_txtbatchno'

2018-05-11 10:52:08 - [TEST_STEP][PASSED] - rightClick: Object: 'Object Repository/GRN/Page_KDMC - CMS/input_txtexpdate' is right clicked on

2018-05-11 10:52:08 - [MESSAGE][PASSED] - Object: 'Object Repository/GRN/Page_KDMC - CMS/input_txtexpdate' is right clicked on

2018-05-11 10:52:08 - [TEST_STEP][PASSED] - selectOptionByIndex: All options with index in [5] are selected on object 'Object Repository/GRN/Page_KDMC - CMS/select_20182019202020212022202'

2018-05-11 10:52:08 - [MESSAGE][PASSED] - All options with index in [5] are selected on object 'Object Repository/GRN/Page_KDMC - CMS/select_20182019202020212022202'

2018-05-11 10:52:08 - [TEST_STEP][PASSED] - selectOptionByIndex: All options with index in [5] are selected on object 'Object Repository/GRN/Page_KDMC - CMS/select_JanFebMarAprMayJunJulAu'

2018-05-11 10:52:09 - [MESSAGE][PASSED] - All options with index in [5] are selected on object 'Object Repository/GRN/Page_KDMC - CMS/select_JanFebMarAprMayJunJulAu'

2018-05-11 10:52:09 - [TEST_STEP][PASSED] - click: Object: 'Object Repository/MOH AND GRN/Page_KDMC - CMS/a_12' is clicked on

2018-05-11 10:52:09 - [MESSAGE][PASSED] - Object: 'Object Repository/MOH AND GRN/Page_KDMC - CMS/a_12' is clicked on

2018-05-11 10:52:09 - [TEST_STEP][PASSED] - click: Object: 'Object Repository/MOH AND GRN/Page_KDMC - CMS/input_btnadd' is clicked on

2018-05-11 10:52:09 - [MESSAGE][PASSED] - Object: 'Object Repository/MOH AND GRN/Page_KDMC - CMS/input_btnadd' is clicked on

2018-05-11 10:52:09 - [TEST_STEP][PASSED] - Statement - If (s == 10): null

2018-05-11 10:52:09 - [TEST_STEP][PASSED] - Statement - Else: null

2018-05-11 10:52:09 - [TEST_STEP][PASSED] - Statement - (s++): null

2018-05-11 10:52:09 - [TEST_STEP][PASSED] - delay: Delayed 1 second(s)

2018-05-11 10:52:10 - [MESSAGE][PASSED] - Delayed 1 second(s)

2018-05-11 10:52:10 - [TEST_STEP][PASSED] - selectOptionByIndex: All options with index in [26] are selected on object 'Object Repository/MOH AND GRN/Page_KDMC - CMS/select_--Select--Amikacin -500'

2018-05-11 10:52:10 - [MESSAGE][PASSED] - All options with index in [26] are selected on object 'Object Repository/MOH AND GRN/Page_KDMC - CMS/select_--Select--Amikacin -500'

2018-05-11 10:52:10 - [TEST_STEP][PASSED] - setText: Text '5000' is set on object 'Object Repository/MOH AND GRN/Page_KDMC - CMS/input_txtqty'

2018-05-11 10:52:10 - [MESSAGE][PASSED] - Text '5000' is set on object 'Object Repository/MOH AND GRN/Page_KDMC - CMS/input_txtqty'

2018-05-11 10:52:10 - [TEST_STEP][PASSED] - selectOptionByIndex: All options with index in [1] are selected on object 'Object Repository/MOH AND GRN/Page_KDMC - CMS/select_--Select--No Tax0'

2018-05-11 10:52:10 - [MESSAGE][PASSED] - All options with index in [1] are selected on object 'Object Repository/MOH AND GRN/Page_KDMC - CMS/select_--Select--No Tax0'

2018-05-11 10:52:10 - [TEST_STEP][PASSED] - setText: Finding Test Object with id 'Object Repository/MOH AND GRN/Page_KDMC - CMS/input_txtmrp'

2018-05-11 10:52:10 - [TEST_STEP][PASSED] - Statement - switch (id): Finding Test Object with id 'Object Repository/MOH AND GRN/Page_KDMC - CMS/input_txtdeal'

2018-05-11 10:52:10 - [TEST_STEP][PASSED] - Statement - case 4:: Text '18.0' is set on object 'Object Repository/MOH AND GRN/Page_KDMC - CMS/input_txtmrp'

2018-05-11 10:52:10 - [TEST_STEP][PASSED] - Statement - return (java.lang.Math.floor((java.lang.Math.random() * ((max - min) + 1))) + min): Text '18.0' is set on object 'Object Repository/MOH AND GRN/Page_KDMC - CMS/input_txtmrp'

2018-05-11 10:52:11 - [MESSAGE][PASSED] - Text '18.0' is set on object 'Object Repository/MOH AND GRN/Page_KDMC - CMS/input_txtmrp'

2018-05-11 10:52:11 - [TEST_STEP][PASSED] - setText: Finding Test Object with id 'Object Repository/MOH AND GRN/Page_KDMC - CMS/input_txtdeal'

2018-05-11 10:52:11 - [TEST_STEP][PASSED] - Statement - switch (id): Finding Test Object with id 'Object Repository/MOH AND GRN/Page_KDMC - CMS/input_txtbatchno'

2018-05-11 10:52:11 - [TEST_STEP][PASSED] - Statement - case 5:: Text '11.0' is set on object 'Object Repository/MOH AND GRN/Page_KDMC - CMS/input_txtdeal'

2018-05-11 10:52:11 - [TEST_STEP][PASSED] - Statement - return (java.lang.Math.floor((java.lang.Math.random() * ((max - min) + 1))) + min): Text '11.0' is set on object 'Object Repository/MOH AND GRN/Page_KDMC - CMS/input_txtdeal'

2018-05-11 10:52:11 - [MESSAGE][PASSED] - Text '11.0' is set on object 'Object Repository/MOH AND GRN/Page_KDMC - CMS/input_txtdeal'

2018-05-11 10:52:11 - [TEST_STEP][PASSED] - setText: Finding Test Object with id 'Object Repository/MOH AND GRN/Page_KDMC - CMS/input_txtbatchno'

2018-05-11 10:52:11 - [TEST_STEP][PASSED] - Statement - switch (id): Finding Test Object with id 'Object Repository/MOH AND GRN/Page_KDMC - CMS/input_txtmrp'

2018-05-11 10:52:11 - [TEST_STEP][PASSED] - Statement - case 1:: Text 'BA511.0' is set on object 'Object Repository/MOH AND GRN/Page_KDMC - CMS/input_txtbatchno'

2018-05-11 10:52:11 - [TEST_STEP][PASSED] - Statement - return (java.lang.Math.floor((java.lang.Math.random() * ((max - min) + 1))) + min): Text 'BA511.0' is set on object 'Object Repository/MOH AND GRN/Page_KDMC - CMS/input_txtbatchno'

2018-05-11 10:52:11 - [MESSAGE][PASSED] - Text 'BA511.0' is set on object 'Object Repository/MOH AND GRN/Page_KDMC - CMS/input_txtbatchno'

2018-05-11 10:52:11 - [TEST_STEP][PASSED] - rightClick: Object: 'Object Repository/GRN/Page_KDMC - CMS/input_txtexpdate' is right clicked on

2018-05-11 10:52:11 - [MESSAGE][PASSED] - Object: 'Object Repository/GRN/Page_KDMC - CMS/input_txtexpdate' is right clicked on

2018-05-11 10:52:11 - [TEST_STEP][PASSED] - selectOptionByIndex: All options with index in [6] are selected on object 'Object Repository/GRN/Page_KDMC - CMS/select_20182019202020212022202'

2018-05-11 10:52:11 - [MESSAGE][PASSED] - All options with index in [6] are selected on object 'Object Repository/GRN/Page_KDMC - CMS/select_20182019202020212022202'

2018-05-11 10:52:11 - [TEST_STEP][PASSED] - selectOptionByIndex: All options with index in [6] are selected on object 'Object Repository/GRN/Page_KDMC - CMS/select_JanFebMarAprMayJunJulAu'

2018-05-11 10:52:11 - [MESSAGE][PASSED] - All options with index in [6] are selected on object 'Object Repository/GRN/Page_KDMC - CMS/select_JanFebMarAprMayJunJulAu'

2018-05-11 10:52:11 - [TEST_STEP][PASSED] - click: Object: 'Object Repository/MOH AND GRN/Page_KDMC - CMS/a_12' is clicked on

2018-05-11 10:52:11 - [MESSAGE][PASSED] - Object: 'Object Repository/MOH AND GRN/Page_KDMC - CMS/a_12' is clicked on

2018-05-11 10:52:11 - [TEST_STEP][PASSED] - click: Object: 'Object Repository/MOH AND GRN/Page_KDMC - CMS/input_btnadd' is clicked on

2018-05-11 10:52:11 - [MESSAGE][PASSED] - Object: 'Object Repository/MOH AND GRN/Page_KDMC - CMS/input_btnadd' is clicked on

2018-05-11 10:52:11 - [TEST_STEP][PASSED] - Statement - If (s == 10): null

2018-05-11 10:52:11 - [TEST_STEP][PASSED] - Statement - Else: null

2018-05-11 10:52:11 - [TEST_STEP][PASSED] - Statement - (s++): null

2018-05-11 10:52:11 - [TEST_STEP][PASSED] - delay: Delayed 1 second(s)

2018-05-11 10:52:12 - [MESSAGE][PASSED] - Delayed 1 second(s)

2018-05-11 10:52:12 - [TEST_STEP][PASSED] - selectOptionByIndex: All options with index in [27] are selected on object 'Object Repository/MOH AND GRN/Page_KDMC - CMS/select_--Select--Amikacin -500'

2018-05-11 10:52:13 - [MESSAGE][PASSED] - All options with index in [27] are selected on object 'Object Repository/MOH AND GRN/Page_KDMC - CMS/select_--Select--Amikacin -500'

2018-05-11 10:52:13 - [TEST_STEP][PASSED] - setText: Text '5000' is set on object 'Object Repository/MOH AND GRN/Page_KDMC - CMS/input_txtqty'

2018-05-11 10:52:13 - [MESSAGE][PASSED] - Text '5000' is set on object 'Object Repository/MOH AND GRN/Page_KDMC - CMS/input_txtqty'

2018-05-11 10:52:13 - [TEST_STEP][PASSED] - selectOptionByIndex: All options with index in [1] are selected on object 'Object Repository/MOH AND GRN/Page_KDMC - CMS/select_--Select--No Tax0'

2018-05-11 10:52:13 - [MESSAGE][PASSED] - All options with index in [1] are selected on object 'Object Repository/MOH AND GRN/Page_KDMC - CMS/select_--Select--No Tax0'

2018-05-11 10:52:13 - [TEST_STEP][PASSED] - setText: Finding Test Object with id 'Object Repository/MOH AND GRN/Page_KDMC - CMS/input_txtmrp'

2018-05-11 10:52:13 - [TEST_STEP][PASSED] - Statement - switch (id): Finding Test Object with id 'Object Repository/MOH AND GRN/Page_KDMC - CMS/input_txtdeal'

2018-05-11 10:52:13 - [TEST_STEP][PASSED] - Statement - case 4:: Text '21.0' is set on object 'Object Repository/MOH AND GRN/Page_KDMC - CMS/input_txtmrp'

2018-05-11 10:52:13 - [TEST_STEP][PASSED] - Statement - return (java.lang.Math.floor((java.lang.Math.random() * ((max - min) + 1))) + min): Text '21.0' is set on object 'Object Repository/MOH AND GRN/Page_KDMC - CMS/input_txtmrp'

2018-05-11 10:52:13 - [MESSAGE][PASSED] - Text '21.0' is set on object 'Object Repository/MOH AND GRN/Page_KDMC - CMS/input_txtmrp'

2018-05-11 10:52:13 - [TEST_STEP][PASSED] - setText: Finding Test Object with id 'Object Repository/MOH AND GRN/Page_KDMC - CMS/input_txtdeal'

2018-05-11 10:52:13 - [TEST_STEP][PASSED] - Statement - switch (id): Finding Test Object with id 'Object Repository/MOH AND GRN/Page_KDMC - CMS/input_txtbatchno'

2018-05-11 10:52:13 - [TEST_STEP][PASSED] - Statement - case 5:: Text '6.0' is set on object 'Object Repository/MOH AND GRN/Page_KDMC - CMS/input_txtdeal'

2018-05-11 10:52:13 - [TEST_STEP][PASSED] - Statement - return (java.lang.Math.floor((java.lang.Math.random() * ((max - min) + 1))) + min): Text '6.0' is set on object 'Object Repository/MOH AND GRN/Page_KDMC - CMS/input_txtdeal'

2018-05-11 10:52:13 - [MESSAGE][PASSED] - Text '6.0' is set on object 'Object Repository/MOH AND GRN/Page_KDMC - CMS/input_txtdeal'

2018-05-11 10:52:13 - [TEST_STEP][PASSED] - setText: Finding Test Object with id 'Object Repository/MOH AND GRN/Page_KDMC - CMS/input_txtbatchno'

2018-05-11 10:52:13 - [TEST_STEP][PASSED] - Statement - switch (id): Finding Test Object with id 'Object Repository/MOH AND GRN/Page_KDMC - CMS/input_txtmrp'

2018-05-11 10:52:13 - [TEST_STEP][PASSED] - Statement - case 1:: Text 'BA144.0' is set on object 'Object Repository/MOH AND GRN/Page_KDMC - CMS/input_txtbatchno'

2018-05-11 10:52:13 - [TEST_STEP][PASSED] - Statement - return (java.lang.Math.floor((java.lang.Math.random() * ((max - min) + 1))) + min): Text 'BA144.0' is set on object 'Object Repository/MOH AND GRN/Page_KDMC - CMS/input_txtbatchno'

2018-05-11 10:52:13 - [MESSAGE][PASSED] - Text 'BA144.0' is set on object 'Object Repository/MOH AND GRN/Page_KDMC - CMS/input_txtbatchno'

2018-05-11 10:52:13 - [TEST_STEP][PASSED] - rightClick: Object: 'Object Repository/GRN/Page_KDMC - CMS/input_txtexpdate' is right clicked on

2018-05-11 10:52:13 - [MESSAGE][PASSED] - Object: 'Object Repository/GRN/Page_KDMC - CMS/input_txtexpdate' is right clicked on

2018-05-11 10:52:13 - [TEST_STEP][PASSED] - selectOptionByIndex: All options with index in [7] are selected on object 'Object Repository/GRN/Page_KDMC - CMS/select_20182019202020212022202'

2018-05-11 10:52:14 - [MESSAGE][PASSED] - All options with index in [7] are selected on object 'Object Repository/GRN/Page_KDMC - CMS/select_20182019202020212022202'

2018-05-11 10:52:14 - [TEST_STEP][PASSED] - selectOptionByIndex: All options with index in [7] are selected on object 'Object Repository/GRN/Page_KDMC - CMS/select_JanFebMarAprMayJunJulAu'

2018-05-11 10:52:14 - [MESSAGE][PASSED] - All options with index in [7] are selected on object 'Object Repository/GRN/Page_KDMC - CMS/select_JanFebMarAprMayJunJulAu'

2018-05-11 10:52:14 - [TEST_STEP][PASSED] - click: Object: 'Object Repository/MOH AND GRN/Page_KDMC - CMS/a_12' is clicked on

2018-05-11 10:52:14 - [MESSAGE][PASSED] - Object: 'Object Repository/MOH AND GRN/Page_KDMC - CMS/a_12' is clicked on

2018-05-11 10:52:14 - [TEST_STEP][PASSED] - click: Object: 'Object Repository/MOH AND GRN/Page_KDMC - CMS/input_btnadd' is clicked on

2018-05-11 10:52:14 - [MESSAGE][PASSED] - Object: 'Object Repository/MOH AND GRN/Page_KDMC - CMS/input_btnadd' is clicked on

2018-05-11 10:52:14 - [TEST_STEP][PASSED] - Statement - If (s == 10): null

2018-05-11 10:52:14 - [TEST_STEP][PASSED] - Statement - Else: null

2018-05-11 10:52:14 - [TEST_STEP][PASSED] - Statement - (s++): null

2018-05-11 10:52:14 - [TEST_STEP][PASSED] - delay: Delayed 1 second(s)

2018-05-11 10:52:15 - [MESSAGE][PASSED] - Delayed 1 second(s)

2018-05-11 10:52:15 - [TEST_STEP][PASSED] - selectOptionByIndex: All options with index in [28] are selected on object 'Object Repository/MOH AND GRN/Page_KDMC - CMS/select_--Select--Amikacin -500'

2018-05-11 10:52:16 - [MESSAGE][PASSED] - All options with index in [28] are selected on object 'Object Repository/MOH AND GRN/Page_KDMC - CMS/select_--Select--Amikacin -500'

2018-05-11 10:52:16 - [TEST_STEP][PASSED] - setText: Text '5000' is set on object 'Object Repository/MOH AND GRN/Page_KDMC - CMS/input_txtqty'

2018-05-11 10:52:16 - [MESSAGE][PASSED] - Text '5000' is set on object 'Object Repository/MOH AND GRN/Page_KDMC - CMS/input_txtqty'

2018-05-11 10:52:16 - [TEST_STEP][PASSED] - selectOptionByIndex: All options with index in [1] are selected on object 'Object Repository/MOH AND GRN/Page_KDMC - CMS/select_--Select--No Tax0'

2018-05-11 10:52:16 - [MESSAGE][PASSED] - All options with index in [1] are selected on object 'Object Repository/MOH AND GRN/Page_KDMC - CMS/select_--Select--No Tax0'

2018-05-11 10:52:16 - [TEST_STEP][PASSED] - setText: Finding Test Object with id 'Object Repository/MOH AND GRN/Page_KDMC - CMS/input_txtmrp'

2018-05-11 10:52:16 - [TEST_STEP][PASSED] - Statement - switch (id): Finding Test Object with id 'Object Repository/MOH AND GRN/Page_KDMC - CMS/input_txtdeal'

2018-05-11 10:52:16 - [TEST_STEP][PASSED] - Statement - case 4:: Text '33.0' is set on object 'Object Repository/MOH AND GRN/Page_KDMC - CMS/input_txtmrp'

2018-05-11 10:52:16 - [TEST_STEP][PASSED] - Statement - return (java.lang.Math.floor((java.lang.Math.random() * ((max - min) + 1))) + min): Text '33.0' is set on object 'Object Repository/MOH AND GRN/Page_KDMC - CMS/input_txtmrp'

2018-05-11 10:52:16 - [MESSAGE][PASSED] - Text '33.0' is set on object 'Object Repository/MOH AND GRN/Page_KDMC - CMS/input_txtmrp'

2018-05-11 10:52:16 - [TEST_STEP][PASSED] - setText: Finding Test Object with id 'Object Repository/MOH AND GRN/Page_KDMC - CMS/input_txtdeal'

2018-05-11 10:52:16 - [TEST_STEP][PASSED] - Statement - switch (id): Finding Test Object with id 'Object Repository/MOH AND GRN/Page_KDMC - CMS/input_txtbatchno'

2018-05-11 10:52:16 - [TEST_STEP][PASSED] - Statement - case 5:: Text '7.0' is set on object 'Object Repository/MOH AND GRN/Page_KDMC - CMS/input_txtdeal'

2018-05-11 10:52:16 - [TEST_STEP][PASSED] - Statement - return (java.lang.Math.floor((java.lang.Math.random() * ((max - min) + 1))) + min): Text '7.0' is set on object 'Object Repository/MOH AND GRN/Page_KDMC - CMS/input_txtdeal'

2018-05-11 10:52:16 - [MESSAGE][PASSED] - Text '7.0' is set on object 'Object Repository/MOH AND GRN/Page_KDMC - CMS/input_txtdeal'

2018-05-11 10:52:16 - [TEST_STEP][PASSED] - setText: Finding Test Object with id 'Object Repository/MOH AND GRN/Page_KDMC - CMS/input_txtbatchno'

2018-05-11 10:52:16 - [TEST_STEP][PASSED] - Statement - switch (id): Finding Test Object with id 'Object Repository/MOH AND GRN/Page_KDMC - CMS/input_txtmrp'

2018-05-11 10:52:16 - [TEST_STEP][PASSED] - Statement - case 1:: Text 'BA610.0' is set on object 'Object Repository/MOH AND GRN/Page_KDMC - CMS/input_txtbatchno'

2018-05-11 10:52:16 - [TEST_STEP][PASSED] - Statement - return (java.lang.Math.floor((java.lang.Math.random() * ((max - min) + 1))) + min): Text 'BA610.0' is set on object 'Object Repository/MOH AND GRN/Page_KDMC - CMS/input_txtbatchno'

2018-05-11 10:52:16 - [MESSAGE][PASSED] - Text 'BA610.0' is set on object 'Object Repository/MOH AND GRN/Page_KDMC - CMS/input_txtbatchno'

2018-05-11 10:52:16 - [TEST_STEP][PASSED] - rightClick: Object: 'Object Repository/GRN/Page_KDMC - CMS/input_txtexpdate' is right clicked on

2018-05-11 10:52:16 - [MESSAGE][PASSED] - Object: 'Object Repository/GRN/Page_KDMC - CMS/input_txtexpdate' is right clicked on

2018-05-11 10:52:16 - [TEST_STEP][PASSED] - selectOptionByIndex: All options with index in [8] are selected on object 'Object Repository/GRN/Page_KDMC - CMS/select_20182019202020212022202'

2018-05-11 10:52:16 - [MESSAGE][PASSED] - All options with index in [8] are selected on object 'Object Repository/GRN/Page_KDMC - CMS/select_20182019202020212022202'

2018-05-11 10:52:16 - [TEST_STEP][PASSED] - selectOptionByIndex: All options with index in [8] are selected on object 'Object Repository/GRN/Page_KDMC - CMS/select_JanFebMarAprMayJunJulAu'

2018-05-11 10:52:17 - [MESSAGE][PASSED] - All options with index in [8] are selected on object 'Object Repository/GRN/Page_KDMC - CMS/select_JanFebMarAprMayJunJulAu'

2018-05-11 10:52:17 - [TEST_STEP][PASSED] - click: Object: 'Object Repository/MOH AND GRN/Page_KDMC - CMS/a_12' is clicked on

2018-05-11 10:52:17 - [MESSAGE][PASSED] - Object: 'Object Repository/MOH AND GRN/Page_KDMC - CMS/a_12' is clicked on

2018-05-11 10:52:17 - [TEST_STEP][PASSED] - click: Object: 'Object Repository/MOH AND GRN/Page_KDMC - CMS/input_btnadd' is clicked on

2018-05-11 10:52:17 - [MESSAGE][PASSED] - Object: 'Object Repository/MOH AND GRN/Page_KDMC - CMS/input_btnadd' is clicked on

2018-05-11 10:52:17 - [TEST_STEP][PASSED] - Statement - If (s == 10): null

2018-05-11 10:52:17 - [TEST_STEP][PASSED] - Statement - Else: null

2018-05-11 10:52:17 - [TEST_STEP][PASSED] - Statement - (s++): null

2018-05-11 10:52:17 - [TEST_STEP][PASSED] - delay: Delayed 1 second(s)

2018-05-11 10:52:18 - [MESSAGE][PASSED] - Delayed 1 second(s)

2018-05-11 10:52:18 - [TEST_STEP][PASSED] - selectOptionByIndex: All options with index in [29] are selected on object 'Object Repository/MOH AND GRN/Page_KDMC - CMS/select_--Select--Amikacin -500'

2018-05-11 10:52:18 - [MESSAGE][PASSED] - All options with index in [29] are selected on object 'Object Repository/MOH AND GRN/Page_KDMC - CMS/select_--Select--Amikacin -500'

2018-05-11 10:52:18 - [TEST_STEP][PASSED] - setText: Text '5000' is set on object 'Object Repository/MOH AND GRN/Page_KDMC - CMS/input_txtqty'

2018-05-11 10:52:18 - [MESSAGE][PASSED] - Text '5000' is set on object 'Object Repository/MOH AND GRN/Page_KDMC - CMS/input_txtqty'

2018-05-11 10:52:18 - [TEST_STEP][PASSED] - selectOptionByIndex: All options with index in [1] are selected on object 'Object Repository/MOH AND GRN/Page_KDMC - CMS/select_--Select--No Tax0'

2018-05-11 10:52:18 - [MESSAGE][PASSED] - All options with index in [1] are selected on object 'Object Repository/MOH AND GRN/Page_KDMC - CMS/select_--Select--No Tax0'

2018-05-11 10:52:18 - [TEST_STEP][PASSED] - setText: Finding Test Object with id 'Object Repository/MOH AND GRN/Page_KDMC - CMS/input_txtmrp'

2018-05-11 10:52:18 - [TEST_STEP][PASSED] - Statement - switch (id): Finding Test Object with id 'Object Repository/MOH AND GRN/Page_KDMC - CMS/input_txtdeal'

2018-05-11 10:52:18 - [TEST_STEP][PASSED] - Statement - case 4:: Text '16.0' is set on object 'Object Repository/MOH AND GRN/Page_KDMC - CMS/input_txtmrp'

2018-05-11 10:52:18 - [TEST_STEP][PASSED] - Statement - return (java.lang.Math.floor((java.lang.Math.random() * ((max - min) + 1))) + min): Text '16.0' is set on object 'Object Repository/MOH AND GRN/Page_KDMC - CMS/input_txtmrp'

2018-05-11 10:52:19 - [MESSAGE][PASSED] - Text '16.0' is set on object 'Object Repository/MOH AND GRN/Page_KDMC - CMS/input_txtmrp'

2018-05-11 10:52:19 - [TEST_STEP][PASSED] - setText: Finding Test Object with id 'Object Repository/MOH AND GRN/Page_KDMC - CMS/input_txtdeal'

2018-05-11 10:52:19 - [TEST_STEP][PASSED] - Statement - switch (id): Finding Test Object with id 'Object Repository/MOH AND GRN/Page_KDMC - CMS/input_txtbatchno'

2018-05-11 10:52:19 - [TEST_STEP][PASSED] - Statement - case 5:: Text '5.0' is set on object 'Object Repository/MOH AND GRN/Page_KDMC - CMS/input_txtdeal'

2018-05-11 10:52:19 - [TEST_STEP][PASSED] - Statement - return (java.lang.Math.floor((java.lang.Math.random() * ((max - min) + 1))) + min): Text '5.0' is set on object 'Object Repository/MOH AND GRN/Page_KDMC - CMS/input_txtdeal'

2018-05-11 10:52:19 - [MESSAGE][PASSED] - Text '5.0' is set on object 'Object Repository/MOH AND GRN/Page_KDMC - CMS/input_txtdeal'

2018-05-11 10:52:19 - [TEST_STEP][PASSED] - setText: Finding Test Object with id 'Object Repository/MOH AND GRN/Page_KDMC - CMS/input_txtbatchno'

2018-05-11 10:52:19 - [TEST_STEP][PASSED] - Statement - switch (id): Finding Test Object with id 'Object Repository/MOH AND GRN/Page_KDMC - CMS/input_txtmrp'

2018-05-11 10:52:19 - [TEST_STEP][PASSED] - Statement - case 1:: Text 'BA273.0' is set on object 'Object Repository/MOH AND GRN/Page_KDMC - CMS/input_txtbatchno'

2018-05-11 10:52:19 - [TEST_STEP][PASSED] - Statement - return (java.lang.Math.floor((java.lang.Math.random() * ((max - min) + 1))) + min): Text 'BA273.0' is set on object 'Object Repository/MOH AND GRN/Page_KDMC - CMS/input_txtbatchno'

2018-05-11 10:52:19 - [MESSAGE][PASSED] - Text 'BA273.0' is set on object 'Object Repository/MOH AND GRN/Page_KDMC - CMS/input_txtbatchno'

2018-05-11 10:52:19 - [TEST_STEP][PASSED] - rightClick: Object: 'Object Repository/GRN/Page_KDMC - CMS/input_txtexpdate' is right clicked on

2018-05-11 10:52:19 - [MESSAGE][PASSED] - Object: 'Object Repository/GRN/Page_KDMC - CMS/input_txtexpdate' is right clicked on

2018-05-11 10:52:19 - [TEST_STEP][PASSED] - selectOptionByIndex: All options with index in [9] are selected on object 'Object Repository/GRN/Page_KDMC - CMS/select_20182019202020212022202'

2018-05-11 10:52:19 - [MESSAGE][PASSED] - All options with index in [9] are selected on object 'Object Repository/GRN/Page_KDMC - CMS/select_20182019202020212022202'

2018-05-11 10:52:19 - [TEST_STEP][PASSED] - selectOptionByIndex: All options with index in [9] are selected on object 'Object Repository/GRN/Page_KDMC - CMS/select_JanFebMarAprMayJunJulAu'

2018-05-11 10:52:19 - [MESSAGE][PASSED] - All options with index in [9] are selected on object 'Object Repository/GRN/Page_KDMC - CMS/select_JanFebMarAprMayJunJulAu'

2018-05-11 10:52:19 - [TEST_STEP][PASSED] - click: Object: 'Object Repository/MOH AND GRN/Page_KDMC - CMS/a_12' is clicked on

2018-05-11 10:52:19 - [MESSAGE][PASSED] - Object: 'Object Repository/MOH AND GRN/Page_KDMC - CMS/a_12' is clicked on

2018-05-11 10:52:19 - [TEST_STEP][PASSED] - click: Object: 'Object Repository/MOH AND GRN/Page_KDMC - CMS/input_btnadd' is clicked on

2018-05-11 10:52:19 - [MESSAGE][PASSED] - Object: 'Object Repository/MOH AND GRN/Page_KDMC - CMS/input_btnadd' is clicked on

2018-05-11 10:52:19 - [TEST_STEP][PASSED] - Statement - If (s == 10): null

2018-05-11 10:52:19 - [TEST_STEP][PASSED] - Statement - Else: null

2018-05-11 10:52:19 - [TEST_STEP][PASSED] - Statement - (s++): null

2018-05-11 10:52:19 - [TEST_STEP][PASSED] - delay: Delayed 1 second(s)

2018-05-11 10:52:20 - [MESSAGE][PASSED] - Delayed 1 second(s)

2018-05-11 10:52:20 - [TEST_STEP][PASSED] - selectOptionByIndex: All options with index in [30] are selected on object 'Object Repository/MOH AND GRN/Page_KDMC - CMS/select_--Select--Amikacin -500'

2018-05-11 10:52:21 - [MESSAGE][PASSED] - All options with index in [30] are selected on object 'Object Repository/MOH AND GRN/Page_KDMC - CMS/select_--Select--Amikacin -500'

2018-05-11 10:52:21 - [TEST_STEP][PASSED] - setText: Text '5000' is set on object 'Object Repository/MOH AND GRN/Page_KDMC - CMS/input_txtqty'

2018-05-11 10:52:21 - [MESSAGE][PASSED] - Text '5000' is set on object 'Object Repository/MOH AND GRN/Page_KDMC - CMS/input_txtqty'

2018-05-11 10:52:21 - [TEST_STEP][PASSED] - selectOptionByIndex: All options with index in [1] are selected on object 'Object Repository/MOH AND GRN/Page_KDMC - CMS/select_--Select--No Tax0'

2018-05-11 10:52:21 - [MESSAGE][PASSED] - All options with index in [1] are selected on object 'Object Repository/MOH AND GRN/Page_KDMC - CMS/select_--Select--No Tax0'

2018-05-11 10:52:21 - [TEST_STEP][PASSED] - setText: Finding Test Object with id 'Object Repository/MOH AND GRN/Page_KDMC - CMS/input_txtmrp'

2018-05-11 10:52:21 - [TEST_STEP][PASSED] - Statement - switch (id): Finding Test Object with id 'Object Repository/MOH AND GRN/Page_KDMC - CMS/input_txtdeal'

2018-05-11 10:52:21 - [TEST_STEP][PASSED] - Statement - case 4:: Text '16.0' is set on object 'Object Repository/MOH AND GRN/Page_KDMC - CMS/input_txtmrp'

2018-05-11 10:52:21 - [TEST_STEP][PASSED] - Statement - return (java.lang.Math.floor((java.lang.Math.random() * ((max - min) + 1))) + min): Text '16.0' is set on object 'Object Repository/MOH AND GRN/Page_KDMC - CMS/input_txtmrp'

2018-05-11 10:52:21 - [MESSAGE][PASSED] - Text '16.0' is set on object 'Object Repository/MOH AND GRN/Page_KDMC - CMS/input_txtmrp'

2018-05-11 10:52:21 - [TEST_STEP][PASSED] - setText: Finding Test Object with id 'Object Repository/MOH AND GRN/Page_KDMC - CMS/input_txtdeal'

2018-05-11 10:52:21 - [TEST_STEP][PASSED] - Statement - switch (id): Finding Test Object with id 'Object Repository/MOH AND GRN/Page_KDMC - CMS/input_txtbatchno'

2018-05-11 10:52:21 - [TEST_STEP][PASSED] - Statement - case 5:: Text '2.0' is set on object 'Object Repository/MOH AND GRN/Page_KDMC - CMS/input_txtdeal'

2018-05-11 10:52:21 - [TEST_STEP][PASSED] - Statement - return (java.lang.Math.floor((java.lang.Math.random() * ((max - min) + 1))) + min): Text '2.0' is set on object 'Object Repository/MOH AND GRN/Page_KDMC - CMS/input_txtdeal'

2018-05-11 10:52:21 - [MESSAGE][PASSED] - Text '2.0' is set on object 'Object Repository/MOH AND GRN/Page_KDMC - CMS/input_txtdeal'

2018-05-11 10:52:21 - [TEST_STEP][PASSED] - setText: Finding Test Object with id 'Object Repository/MOH AND GRN/Page_KDMC - CMS/input_txtbatchno'

2018-05-11 10:52:21 - [TEST_STEP][PASSED] - Statement - switch (id): Finding Test Object with id 'Object Repository/MOH AND GRN/Page_KDMC - CMS/input_txtmrp'

2018-05-11 10:52:21 - [TEST_STEP][PASSED] - Statement - case 1:: Text 'BA978.0' is set on object 'Object Repository/MOH AND GRN/Page_KDMC - CMS/input_txtbatchno'

2018-05-11 10:52:21 - [TEST_STEP][PASSED] - Statement - return (java.lang.Math.floor((java.lang.Math.random() * ((max - min) + 1))) + min): Text 'BA978.0' is set on object 'Object Repository/MOH AND GRN/Page_KDMC - CMS/input_txtbatchno'

2018-05-11 10:52:22 - [MESSAGE][PASSED] - Text 'BA978.0' is set on object 'Object Repository/MOH AND GRN/Page_KDMC - CMS/input_txtbatchno'

2018-05-11 10:52:22 - [TEST_STEP][PASSED] - rightClick: Object: 'Object Repository/GRN/Page_KDMC - CMS/input_txtexpdate' is right clicked on

2018-05-11 10:52:22 - [MESSAGE][PASSED] - Object: 'Object Repository/GRN/Page_KDMC - CMS/input_txtexpdate' is right clicked on

2018-05-11 10:52:22 - [TEST_STEP][PASSED] - selectOptionByIndex: All options with index in [10] are selected on object 'Object Repository/GRN/Page_KDMC - CMS/select_20182019202020212022202'

2018-05-11 10:52:22 - [MESSAGE][PASSED] - All options with index in [10] are selected on object 'Object Repository/GRN/Page_KDMC - CMS/select_20182019202020212022202'

2018-05-11 10:52:22 - [TEST_STEP][PASSED] - selectOptionByIndex: All options with index in [10] are selected on object 'Object Repository/GRN/Page_KDMC - CMS/select_JanFebMarAprMayJunJulAu'

2018-05-11 10:52:22 - [MESSAGE][PASSED] - All options with index in [10] are selected on object 'Object Repository/GRN/Page_KDMC - CMS/select_JanFebMarAprMayJunJulAu'

2018-05-11 10:52:22 - [TEST_STEP][PASSED] - click: Object: 'Object Repository/MOH AND GRN/Page_KDMC - CMS/a_12' is clicked on

2018-05-11 10:52:22 - [MESSAGE][PASSED] - Object: 'Object Repository/MOH AND GRN/Page_KDMC - CMS/a_12' is clicked on

2018-05-11 10:52:22 - [TEST_STEP][PASSED] - click: Object: 'Object Repository/MOH AND GRN/Page_KDMC - CMS/input_btnadd' is clicked on

2018-05-11 10:52:22 - [MESSAGE][PASSED] - Object: 'Object Repository/MOH AND GRN/Page_KDMC - CMS/input_btnadd' is clicked on

2018-05-11 10:52:22 - [TEST_STEP][PASSED] - Statement - If (s == 10): null

2018-05-11 10:52:22 - [TEST_STEP][PASSED] - Statement - s = 1: null

2018-05-11 10:52:22 - [TEST_STEP][PASSED] - delay: Delayed 1 second(s)

2018-05-11 10:52:23 - [MESSAGE][PASSED] - Delayed 1 second(s)

2018-05-11 10:52:23 - [TEST_STEP][PASSED] - selectOptionByIndex: All options with index in [31] are selected on object 'Object Repository/MOH AND GRN/Page_KDMC - CMS/select_--Select--Amikacin -500'

2018-05-11 10:52:24 - [MESSAGE][PASSED] - All options with index in [31] are selected on object 'Object Repository/MOH AND GRN/Page_KDMC - CMS/select_--Select--Amikacin -500'

2018-05-11 10:52:24 - [TEST_STEP][PASSED] - setText: Text '5000' is set on object 'Object Repository/MOH AND GRN/Page_KDMC - CMS/input_txtqty'

2018-05-11 10:52:24 - [MESSAGE][PASSED] - Text '5000' is set on object 'Object Repository/MOH AND GRN/Page_KDMC - CMS/input_txtqty'

2018-05-11 10:52:24 - [TEST_STEP][PASSED] - selectOptionByIndex: All options with index in [1] are selected on object 'Object Repository/MOH AND GRN/Page_KDMC - CMS/select_--Select--No Tax0'

2018-05-11 10:52:24 - [MESSAGE][PASSED] - All options with index in [1] are selected on object 'Object Repository/MOH AND GRN/Page_KDMC - CMS/select_--Select--No Tax0'

2018-05-11 10:52:24 - [TEST_STEP][PASSED] - setText: Finding Test Object with id 'Object Repository/MOH AND GRN/Page_KDMC - CMS/input_txtmrp'

2018-05-11 10:52:24 - [TEST_STEP][PASSED] - Statement - switch (id): Finding Test Object with id 'Object Repository/MOH AND GRN/Page_KDMC - CMS/input_txtdeal'

2018-05-11 10:52:24 - [TEST_STEP][PASSED] - Statement - case 4:: Text '16.0' is set on object 'Object Repository/MOH AND GRN/Page_KDMC - CMS/input_txtmrp'

2018-05-11 10:52:24 - [TEST_STEP][PASSED] - Statement - return (java.lang.Math.floor((java.lang.Math.random() * ((max - min) + 1))) + min): Text '16.0' is set on object 'Object Repository/MOH AND GRN/Page_KDMC - CMS/input_txtmrp'

2018-05-11 10:52:24 - [MESSAGE][PASSED] - Text '16.0' is set on object 'Object Repository/MOH AND GRN/Page_KDMC - CMS/input_txtmrp'

2018-05-11 10:52:24 - [TEST_STEP][PASSED] - setText: Finding Test Object with id 'Object Repository/MOH AND GRN/Page_KDMC - CMS/input_txtdeal'

2018-05-11 10:52:24 - [TEST_STEP][PASSED] - Statement - switch (id): Finding Test Object with id 'Object Repository/MOH AND GRN/Page_KDMC - CMS/input_txtbatchno'

2018-05-11 10:52:24 - [TEST_STEP][PASSED] - Statement - case 5:: Text '4.0' is set on object 'Object Repository/MOH AND GRN/Page_KDMC - CMS/input_txtdeal'

2018-05-11 10:52:24 - [TEST_STEP][PASSED] - Statement - return (java.lang.Math.floor((java.lang.Math.random() * ((max - min) + 1))) + min): Text '4.0' is set on object 'Object Repository/MOH AND GRN/Page_KDMC - CMS/input_txtdeal'

2018-05-11 10:52:24 - [MESSAGE][PASSED] - Text '4.0' is set on object 'Object Repository/MOH AND GRN/Page_KDMC - CMS/input_txtdeal'

2018-05-11 10:52:24 - [TEST_STEP][PASSED] - setText: Finding Test Object with id 'Object Repository/MOH AND GRN/Page_KDMC - CMS/input_txtbatchno'

2018-05-11 10:52:24 - [TEST_STEP][PASSED] - Statement - switch (id): Finding Test Object with id 'Object Repository/MOH AND GRN/Page_KDMC - CMS/input_txtmrp'

2018-05-11 10:52:24 - [TEST_STEP][PASSED] - Statement - case 1:: Text 'BA348.0' is set on object 'Object Repository/MOH AND GRN/Page_KDMC - CMS/input_txtbatchno'

2018-05-11 10:52:24 - [TEST_STEP][PASSED] - Statement - return (java.lang.Math.floor((java.lang.Math.random() * ((max - min) + 1))) + min): Text 'BA348.0' is set on object 'Object Repository/MOH AND GRN/Page_KDMC - CMS/input_txtbatchno'

2018-05-11 10:52:24 - [MESSAGE][PASSED] - Text 'BA348.0' is set on object 'Object Repository/MOH AND GRN/Page_KDMC - CMS/input_txtbatchno'

2018-05-11 10:52:24 - [TEST_STEP][PASSED] - rightClick: Object: 'Object Repository/GRN/Page_KDMC - CMS/input_txtexpdate' is right clicked on

2018-05-11 10:52:24 - [MESSAGE][PASSED] - Object: 'Object Repository/GRN/Page_KDMC - CMS/input_txtexpdate' is right clicked on

2018-05-11 10:52:24 - [TEST_STEP][PASSED] - selectOptionByIndex: All options with index in [1] are selected on object 'Object Repository/GRN/Page_KDMC - CMS/select_20182019202020212022202'

2018-05-11 10:52:24 - [MESSAGE][PASSED] - All options with index in [1] are selected on object 'Object Repository/GRN/Page_KDMC - CMS/select_20182019202020212022202'

2018-05-11 10:52:24 - [TEST_STEP][PASSED] - selectOptionByIndex: All options with index in [1] are selected on object 'Object Repository/GRN/Page_KDMC - CMS/select_JanFebMarAprMayJunJulAu'

2018-05-11 10:52:25 - [MESSAGE][PASSED] - All options with index in [1] are selected on object 'Object Repository/GRN/Page_KDMC - CMS/select_JanFebMarAprMayJunJulAu'

2018-05-11 10:52:25 - [TEST_STEP][PASSED] - click: Object: 'Object Repository/MOH AND GRN/Page_KDMC - CMS/a_12' is clicked on

2018-05-11 10:52:25 - [MESSAGE][PASSED] - Object: 'Object Repository/MOH AND GRN/Page_KDMC - CMS/a_12' is clicked on

2018-05-11 10:52:25 - [TEST_STEP][PASSED] - click: Object: 'Object Repository/MOH AND GRN/Page_KDMC - CMS/input_btnadd' is clicked on

2018-05-11 10:52:25 - [MESSAGE][PASSED] - Object: 'Object Repository/MOH AND GRN/Page_KDMC - CMS/input_btnadd' is clicked on

2018-05-11 10:52:25 - [TEST_STEP][PASSED] - Statement - If (s == 10): null

2018-05-11 10:52:25 - [TEST_STEP][PASSED] - Statement - Else: null

2018-05-11 10:52:25 - [TEST_STEP][PASSED] - Statement - (s++): null

2018-05-11 10:52:25 - [TEST_STEP][PASSED] - delay: Delayed 1 second(s)

2018-05-11 10:52:26 - [MESSAGE][PASSED] - Delayed 1 second(s)

2018-05-11 10:52:26 - [TEST_STEP][PASSED] - selectOptionByIndex: All options with index in [32] are selected on object 'Object Repository/MOH AND GRN/Page_KDMC - CMS/select_--Select--Amikacin -500'

2018-05-11 10:52:26 - [MESSAGE][PASSED] - All options with index in [32] are selected on object 'Object Repository/MOH AND GRN/Page_KDMC - CMS/select_--Select--Amikacin -500'

2018-05-11 10:52:26 - [TEST_STEP][PASSED] - setText: Text '5000' is set on object 'Object Repository/MOH AND GRN/Page_KDMC - CMS/input_txtqty'

2018-05-11 10:52:26 - [MESSAGE][PASSED] - Text '5000' is set on object 'Object Repository/MOH AND GRN/Page_KDMC - CMS/input_txtqty'

2018-05-11 10:52:26 - [TEST_STEP][PASSED] - selectOptionByIndex: All options with index in [1] are selected on object 'Object Repository/MOH AND GRN/Page_KDMC - CMS/select_--Select--No Tax0'

2018-05-11 10:52:26 - [MESSAGE][PASSED] - All options with index in [1] are selected on object 'Object Repository/MOH AND GRN/Page_KDMC - CMS/select_--Select--No Tax0'

2018-05-11 10:52:26 - [TEST_STEP][PASSED] - setText: Finding Test Object with id 'Object Repository/MOH AND GRN/Page_KDMC - CMS/input_txtmrp'

2018-05-11 10:52:26 - [TEST_STEP][PASSED] - Statement - switch (id): Finding Test Object with id 'Object Repository/MOH AND GRN/Page_KDMC - CMS/input_txtdeal'

2018-05-11 10:52:26 - [TEST_STEP][PASSED] - Statement - case 4:: Text '40.0' is set on object 'Object Repository/MOH AND GRN/Page_KDMC - CMS/input_txtmrp'

2018-05-11 10:52:26 - [TEST_STEP][PASSED] - Statement - return (java.lang.Math.floor((java.lang.Math.random() * ((max - min) + 1))) + min): Text '40.0' is set on object 'Object Repository/MOH AND GRN/Page_KDMC - CMS/input_txtmrp'

2018-05-11 10:52:27 - [MESSAGE][PASSED] - Text '40.0' is set on object 'Object Repository/MOH AND GRN/Page_KDMC - CMS/input_txtmrp'

2018-05-11 10:52:27 - [TEST_STEP][PASSED] - setText: Finding Test Object with id 'Object Repository/MOH AND GRN/Page_KDMC - CMS/input_txtdeal'

2018-05-11 10:52:27 - [TEST_STEP][PASSED] - Statement - switch (id): Finding Test Object with id 'Object Repository/MOH AND GRN/Page_KDMC - CMS/input_txtbatchno'

2018-05-11 10:52:27 - [TEST_STEP][PASSED] - Statement - case 5:: Text '8.0' is set on object 'Object Repository/MOH AND GRN/Page_KDMC - CMS/input_txtdeal'

2018-05-11 10:52:27 - [TEST_STEP][PASSED] - Statement - return (java.lang.Math.floor((java.lang.Math.random() * ((max - min) + 1))) + min): Text '8.0' is set on object 'Object Repository/MOH AND GRN/Page_KDMC - CMS/input_txtdeal'

2018-05-11 10:52:27 - [MESSAGE][PASSED] - Text '8.0' is set on object 'Object Repository/MOH AND GRN/Page_KDMC - CMS/input_txtdeal'

2018-05-11 10:52:27 - [TEST_STEP][PASSED] - setText: Finding Test Object with id 'Object Repository/MOH AND GRN/Page_KDMC - CMS/input_txtbatchno'

2018-05-11 10:52:27 - [TEST_STEP][PASSED] - Statement - switch (id): Finding Test Object with id 'Object Repository/MOH AND GRN/Page_KDMC - CMS/input_txtmrp'

2018-05-11 10:52:27 - [TEST_STEP][PASSED] - Statement - case 1:: Text 'BA428.0' is set on object 'Object Repository/MOH AND GRN/Page_KDMC - CMS/input_txtbatchno'

2018-05-11 10:52:27 - [TEST_STEP][PASSED] - Statement - return (java.lang.Math.floor((java.lang.Math.random() * ((max - min) + 1))) + min): Text 'BA428.0' is set on object 'Object Repository/MOH AND GRN/Page_KDMC - CMS/input_txtbatchno'

2018-05-11 10:52:27 - [MESSAGE][PASSED] - Text 'BA428.0' is set on object 'Object Repository/MOH AND GRN/Page_KDMC - CMS/input_txtbatchno'

2018-05-11 10:52:27 - [TEST_STEP][PASSED] - rightClick: Object: 'Object Repository/GRN/Page_KDMC - CMS/input_txtexpdate' is right clicked on

2018-05-11 10:52:27 - [MESSAGE][PASSED] - Object: 'Object Repository/GRN/Page_KDMC - CMS/input_txtexpdate' is right clicked on

2018-05-11 10:52:27 - [TEST_STEP][PASSED] - selectOptionByIndex: All options with index in [2] are selected on object 'Object Repository/GRN/Page_KDMC - CMS/select_20182019202020212022202'

2018-05-11 10:52:27 - [MESSAGE][PASSED] - All options with index in [2] are selected on object 'Object Repository/GRN/Page_KDMC - CMS/select_20182019202020212022202'

2018-05-11 10:52:27 - [TEST_STEP][PASSED] - selectOptionByIndex: All options with index in [2] are selected on object 'Object Repository/GRN/Page_KDMC - CMS/select_JanFebMarAprMayJunJulAu'

2018-05-11 10:52:27 - [MESSAGE][PASSED] - All options with index in [2] are selected on object 'Object Repository/GRN/Page_KDMC - CMS/select_JanFebMarAprMayJunJulAu'

2018-05-11 10:52:27 - [TEST_STEP][PASSED] - click: Object: 'Object Repository/MOH AND GRN/Page_KDMC - CMS/a_12' is clicked on

2018-05-11 10:52:27 - [MESSAGE][PASSED] - Object: 'Object Repository/MOH AND GRN/Page_KDMC - CMS/a_12' is clicked on

2018-05-11 10:52:27 - [TEST_STEP][PASSED] - click: Object: 'Object Repository/MOH AND GRN/Page_KDMC - CMS/input_btnadd' is clicked on

2018-05-11 10:52:27 - [MESSAGE][PASSED] - Object: 'Object Repository/MOH AND GRN/Page_KDMC - CMS/input_btnadd' is clicked on

2018-05-11 10:52:27 - [TEST_STEP][PASSED] - Statement - If (s == 10): null

2018-05-11 10:52:27 - [TEST_STEP][PASSED] - Statement - Else: null

2018-05-11 10:52:27 - [TEST_STEP][PASSED] - Statement - (s++): null

2018-05-11 10:52:27 - [TEST_STEP][PASSED] - delay: Delayed 1 second(s)

2018-05-11 10:52:28 - [MESSAGE][PASSED] - Delayed 1 second(s)

2018-05-11 10:52:28 - [TEST_STEP][PASSED] - selectOptionByIndex: All options with index in [33] are selected on object 'Object Repository/MOH AND GRN/Page_KDMC - CMS/select_--Select--Amikacin -500'

2018-05-11 10:52:29 - [MESSAGE][PASSED] - All options with index in [33] are selected on object 'Object Repository/MOH AND GRN/Page_KDMC - CMS/select_--Select--Amikacin -500'

2018-05-11 10:52:29 - [TEST_STEP][PASSED] - setText: Text '5000' is set on object 'Object Repository/MOH AND GRN/Page_KDMC - CMS/input_txtqty'

2018-05-11 10:52:29 - [MESSAGE][PASSED] - Text '5000' is set on object 'Object Repository/MOH AND GRN/Page_KDMC - CMS/input_txtqty'

2018-05-11 10:52:29 - [TEST_STEP][PASSED] - selectOptionByIndex: All options with index in [1] are selected on object 'Object Repository/MOH AND GRN/Page_KDMC - CMS/select_--Select--No Tax0'

2018-05-11 10:52:29 - [MESSAGE][PASSED] - All options with index in [1] are selected on object 'Object Repository/MOH AND GRN/Page_KDMC - CMS/select_--Select--No Tax0'

2018-05-11 10:52:29 - [TEST_STEP][PASSED] - setText: Finding Test Object with id 'Object Repository/MOH AND GRN/Page_KDMC - CMS/input_txtmrp'

2018-05-11 10:52:29 - [TEST_STEP][PASSED] - Statement - switch (id): Finding Test Object with id 'Object Repository/MOH AND GRN/Page_KDMC - CMS/input_txtdeal'

2018-05-11 10:52:29 - [TEST_STEP][PASSED] - Statement - case 4:: Text '19.0' is set on object 'Object Repository/MOH AND GRN/Page_KDMC - CMS/input_txtmrp'

2018-05-11 10:52:29 - [TEST_STEP][PASSED] - Statement - return (java.lang.Math.floor((java.lang.Math.random() * ((max - min) + 1))) + min): Text '19.0' is set on object 'Object Repository/MOH AND GRN/Page_KDMC - CMS/input_txtmrp'

2018-05-11 10:52:29 - [MESSAGE][PASSED] - Text '19.0' is set on object 'Object Repository/MOH AND GRN/Page_KDMC - CMS/input_txtmrp'

2018-05-11 10:52:29 - [TEST_STEP][PASSED] - setText: Finding Test Object with id 'Object Repository/MOH AND GRN/Page_KDMC - CMS/input_txtdeal'

2018-05-11 10:52:29 - [TEST_STEP][PASSED] - Statement - switch (id): Finding Test Object with id 'Object Repository/MOH AND GRN/Page_KDMC - CMS/input_txtbatchno'

2018-05-11 10:52:29 - [TEST_STEP][PASSED] - Statement - case 5:: Text '10.0' is set on object 'Object Repository/MOH AND GRN/Page_KDMC - CMS/input_txtdeal'

2018-05-11 10:52:29 - [TEST_STEP][PASSED] - Statement - return (java.lang.Math.floor((java.lang.Math.random() * ((max - min) + 1))) + min): Text '10.0' is set on object 'Object Repository/MOH AND GRN/Page_KDMC - CMS/input_txtdeal'

2018-05-11 10:52:29 - [MESSAGE][PASSED] - Text '10.0' is set on object 'Object Repository/MOH AND GRN/Page_KDMC - CMS/input_txtdeal'

2018-05-11 10:52:29 - [TEST_STEP][PASSED] - setText: Finding Test Object with id 'Object Repository/MOH AND GRN/Page_KDMC - CMS/input_txtbatchno'

2018-05-11 10:52:29 - [TEST_STEP][PASSED] - Statement - switch (id): Finding Test Object with id 'Object Repository/MOH AND GRN/Page_KDMC - CMS/input_txtmrp'

2018-05-11 10:52:29 - [TEST_STEP][PASSED] - Statement - case 1:: Text 'BA50.0' is set on object 'Object Repository/MOH AND GRN/Page_KDMC - CMS/input_txtbatchno'

2018-05-11 10:52:29 - [TEST_STEP][PASSED] - Statement - return (java.lang.Math.floor((java.lang.Math.random() * ((max - min) + 1))) + min): Text 'BA50.0' is set on object 'Object Repository/MOH AND GRN/Page_KDMC - CMS/input_txtbatchno'

2018-05-11 10:52:29 - [MESSAGE][PASSED] - Text 'BA50.0' is set on object 'Object Repository/MOH AND GRN/Page_KDMC - CMS/input_txtbatchno'

2018-05-11 10:52:29 - [TEST_STEP][PASSED] - rightClick: Object: 'Object Repository/GRN/Page_KDMC - CMS/input_txtexpdate' is right clicked on

2018-05-11 10:52:29 - [MESSAGE][PASSED] - Object: 'Object Repository/GRN/Page_KDMC - CMS/input_txtexpdate' is right clicked on

2018-05-11 10:52:29 - [TEST_STEP][PASSED] - selectOptionByIndex: All options with index in [3] are selected on object 'Object Repository/GRN/Page_KDMC - CMS/select_20182019202020212022202'

2018-05-11 10:52:30 - [MESSAGE][PASSED] - All options with index in [3] are selected on object 'Object Repository/GRN/Page_KDMC - CMS/select_20182019202020212022202'

2018-05-11 10:52:30 - [TEST_STEP][PASSED] - selectOptionByIndex: All options with index in [3] are selected on object 'Object Repository/GRN/Page_KDMC - CMS/select_JanFebMarAprMayJunJulAu'

2018-05-11 10:52:30 - [MESSAGE][PASSED] - All options with index in [3] are selected on object 'Object Repository/GRN/Page_KDMC - CMS/select_JanFebMarAprMayJunJulAu'

2018-05-11 10:52:30 - [TEST_STEP][PASSED] - click: Object: 'Object Repository/MOH AND GRN/Page_KDMC - CMS/a_12' is clicked on

2018-05-11 10:52:30 - [MESSAGE][PASSED] - Object: 'Object Repository/MOH AND GRN/Page_KDMC - CMS/a_12' is clicked on

2018-05-11 10:52:30 - [TEST_STEP][PASSED] - click: Object: 'Object Repository/MOH AND GRN/Page_KDMC - CMS/input_btnadd' is clicked on

2018-05-11 10:52:30 - [MESSAGE][PASSED] - Object: 'Object Repository/MOH AND GRN/Page_KDMC - CMS/input_btnadd' is clicked on

2018-05-11 10:52:30 - [TEST_STEP][PASSED] - Statement - If (s == 10): null

2018-05-11 10:52:30 - [TEST_STEP][PASSED] - Statement - Else: null

2018-05-11 10:52:30 - [TEST_STEP][PASSED] - Statement - (s++): null

2018-05-11 10:52:30 - [TEST_STEP][PASSED] - delay: Delayed 1 second(s)

2018-05-11 10:52:31 - [MESSAGE][PASSED] - Delayed 1 second(s)

2018-05-11 10:52:31 - [TEST_STEP][PASSED] - selectOptionByIndex: All options with index in [34] are selected on object 'Object Repository/MOH AND GRN/Page_KDMC - CMS/select_--Select--Amikacin -500'

2018-05-11 10:52:31 - [MESSAGE][PASSED] - All options with index in [34] are selected on object 'Object Repository/MOH AND GRN/Page_KDMC - CMS/select_--Select--Amikacin -500'

2018-05-11 10:52:31 - [TEST_STEP][PASSED] - setText: Text '5000' is set on object 'Object Repository/MOH AND GRN/Page_KDMC - CMS/input_txtqty'

2018-05-11 10:52:32 - [MESSAGE][PASSED] - Text '5000' is set on object 'Object Repository/MOH AND GRN/Page_KDMC - CMS/input_txtqty'

2018-05-11 10:52:32 - [TEST_STEP][PASSED] - selectOptionByIndex: All options with index in [1] are selected on object 'Object Repository/MOH AND GRN/Page_KDMC - CMS/select_--Select--No Tax0'

2018-05-11 10:52:32 - [MESSAGE][PASSED] - All options with index in [1] are selected on object 'Object Repository/MOH AND GRN/Page_KDMC - CMS/select_--Select--No Tax0'

2018-05-11 10:52:32 - [TEST_STEP][PASSED] - setText: Finding Test Object with id 'Object Repository/MOH AND GRN/Page_KDMC - CMS/input_txtmrp'

2018-05-11 10:52:32 - [TEST_STEP][PASSED] - Statement - switch (id): Finding Test Object with id 'Object Repository/MOH AND GRN/Page_KDMC - CMS/input_txtdeal'

2018-05-11 10:52:32 - [TEST_STEP][PASSED] - Statement - case 4:: Text '36.0' is set on object 'Object Repository/MOH AND GRN/Page_KDMC - CMS/input_txtmrp'

2018-05-11 10:52:32 - [TEST_STEP][PASSED] - Statement - return (java.lang.Math.floor((java.lang.Math.random() * ((max - min) + 1))) + min): Text '36.0' is set on object 'Object Repository/MOH AND GRN/Page_KDMC - CMS/input_txtmrp'

2018-05-11 10:52:32 - [MESSAGE][PASSED] - Text '36.0' is set on object 'Object Repository/MOH AND GRN/Page_KDMC - CMS/input_txtmrp'

2018-05-11 10:52:32 - [TEST_STEP][PASSED] - setText: Finding Test Object with id 'Object Repository/MOH AND GRN/Page_KDMC - CMS/input_txtdeal'

2018-05-11 10:52:32 - [TEST_STEP][PASSED] - Statement - switch (id): Finding Test Object with id 'Object Repository/MOH AND GRN/Page_KDMC - CMS/input_txtbatchno'

2018-05-11 10:52:32 - [TEST_STEP][PASSED] - Statement - case 5:: Text '11.0' is set on object 'Object Repository/MOH AND GRN/Page_KDMC - CMS/input_txtdeal'

2018-05-11 10:52:32 - [TEST_STEP][PASSED] - Statement - return (java.lang.Math.floor((java.lang.Math.random() * ((max - min) + 1))) + min): Text '11.0' is set on object 'Object Repository/MOH AND GRN/Page_KDMC - CMS/input_txtdeal'

2018-05-11 10:52:32 - [MESSAGE][PASSED] - Text '11.0' is set on object 'Object Repository/MOH AND GRN/Page_KDMC - CMS/input_txtdeal'

2018-05-11 10:52:32 - [TEST_STEP][PASSED] - setText: Finding Test Object with id 'Object Repository/MOH AND GRN/Page_KDMC - CMS/input_txtbatchno'

2018-05-11 10:52:32 - [TEST_STEP][PASSED] - Statement - switch (id): Finding Test Object with id 'Object Repository/MOH AND GRN/Page_KDMC - CMS/input_txtmrp'

2018-05-11 10:52:32 - [TEST_STEP][PASSED] - Statement - case 1:: Text 'BA936.0' is set on object 'Object Repository/MOH AND GRN/Page_KDMC - CMS/input_txtbatchno'

2018-05-11 10:52:32 - [TEST_STEP][PASSED] - Statement - return (java.lang.Math.floor((java.lang.Math.random() * ((max - min) + 1))) + min): Text 'BA936.0' is set on object 'Object Repository/MOH AND GRN/Page_KDMC - CMS/input_txtbatchno'

2018-05-11 10:52:32 - [MESSAGE][PASSED] - Text 'BA936.0' is set on object 'Object Repository/MOH AND GRN/Page_KDMC - CMS/input_txtbatchno'

2018-05-11 10:52:32 - [TEST_STEP][PASSED] - rightClick: Object: 'Object Repository/GRN/Page_KDMC - CMS/input_txtexpdate' is right clicked on

2018-05-11 10:52:32 - [MESSAGE][PASSED] - Object: 'Object Repository/GRN/Page_KDMC - CMS/input_txtexpdate' is right clicked on

2018-05-11 10:52:32 - [TEST_STEP][PASSED] - selectOptionByIndex: All options with index in [4] are selected on object 'Object Repository/GRN/Page_KDMC - CMS/select_20182019202020212022202'

2018-05-11 10:52:32 - [MESSAGE][PASSED] - All options with index in [4] are selected on object 'Object Repository/GRN/Page_KDMC - CMS/select_20182019202020212022202'

2018-05-11 10:52:32 - [TEST_STEP][PASSED] - selectOptionByIndex: All options with index in [4] are selected on object 'Object Repository/GRN/Page_KDMC - CMS/select_JanFebMarAprMayJunJulAu'

2018-05-11 10:52:32 - [MESSAGE][PASSED] - All options with index in [4] are selected on object 'Object Repository/GRN/Page_KDMC - CMS/select_JanFebMarAprMayJunJulAu'

2018-05-11 10:52:32 - [TEST_STEP][PASSED] - click: Object: 'Object Repository/MOH AND GRN/Page_KDMC - CMS/a_12' is clicked on

2018-05-11 10:52:32 - [MESSAGE][PASSED] - Object: 'Object Repository/MOH AND GRN/Page_KDMC - CMS/a_12' is clicked on

2018-05-11 10:52:32 - [TEST_STEP][PASSED] - click: Object: 'Object Repository/MOH AND GRN/Page_KDMC - CMS/input_btnadd' is clicked on

2018-05-11 10:52:33 - [MESSAGE][PASSED] - Object: 'Object Repository/MOH AND GRN/Page_KDMC - CMS/input_btnadd' is clicked on

2018-05-11 10:52:33 - [TEST_STEP][PASSED] - Statement - If (s == 10): null

2018-05-11 10:52:33 - [TEST_STEP][PASSED] - Statement - Else: null

2018-05-11 10:52:33 - [TEST_STEP][PASSED] - Statement - (s++): null

2018-05-11 10:52:33 - [TEST_STEP][PASSED] - delay: Delayed 1 second(s)

2018-05-11 10:52:34 - [MESSAGE][PASSED] - Delayed 1 second(s)

2018-05-11 10:52:34 - [TEST_STEP][PASSED] - selectOptionByIndex: All options with index in [35] are selected on object 'Object Repository/MOH AND GRN/Page_KDMC - CMS/select_--Select--Amikacin -500'

2018-05-11 10:52:34 - [MESSAGE][PASSED] - All options with index in [35] are selected on object 'Object Repository/MOH AND GRN/Page_KDMC - CMS/select_--Select--Amikacin -500'

2018-05-11 10:52:34 - [TEST_STEP][PASSED] - setText: Text '5000' is set on object 'Object Repository/MOH AND GRN/Page_KDMC - CMS/input_txtqty'

2018-05-11 10:52:34 - [MESSAGE][PASSED] - Text '5000' is set on object 'Object Repository/MOH AND GRN/Page_KDMC - CMS/input_txtqty'

2018-05-11 10:52:34 - [TEST_STEP][PASSED] - selectOptionByIndex: All options with index in [1] are selected on object 'Object Repository/MOH AND GRN/Page_KDMC - CMS/select_--Select--No Tax0'

2018-05-11 10:52:34 - [MESSAGE][PASSED] - All options with index in [1] are selected on object 'Object Repository/MOH AND GRN/Page_KDMC - CMS/select_--Select--No Tax0'

2018-05-11 10:52:34 - [TEST_STEP][PASSED] - setText: Finding Test Object with id 'Object Repository/MOH AND GRN/Page_KDMC - CMS/input_txtmrp'

2018-05-11 10:52:34 - [TEST_STEP][PASSED] - Statement - switch (id): Finding Test Object with id 'Object Repository/MOH AND GRN/Page_KDMC - CMS/input_txtdeal'

2018-05-11 10:52:34 - [TEST_STEP][PASSED] - Statement - case 4:: Text '23.0' is set on object 'Object Repository/MOH AND GRN/Page_KDMC - CMS/input_txtmrp'

2018-05-11 10:52:34 - [TEST_STEP][PASSED] - Statement - return (java.lang.Math.floor((java.lang.Math.random() * ((max - min) + 1))) + min): Text '23.0' is set on object 'Object Repository/MOH AND GRN/Page_KDMC - CMS/input_txtmrp'

2018-05-11 10:52:34 - [MESSAGE][PASSED] - Text '23.0' is set on object 'Object Repository/MOH AND GRN/Page_KDMC - CMS/input_txtmrp'

2018-05-11 10:52:34 - [TEST_STEP][PASSED] - setText: Finding Test Object with id 'Object Repository/MOH AND GRN/Page_KDMC - CMS/input_txtdeal'

2018-05-11 10:52:34 - [TEST_STEP][PASSED] - Statement - switch (id): Finding Test Object with id 'Object Repository/MOH AND GRN/Page_KDMC - CMS/input_txtbatchno'

2018-05-11 10:52:34 - [TEST_STEP][PASSED] - Statement - case 5:: Text '4.0' is set on object 'Object Repository/MOH AND GRN/Page_KDMC - CMS/input_txtdeal'

2018-05-11 10:52:34 - [TEST_STEP][PASSED] - Statement - return (java.lang.Math.floor((java.lang.Math.random() * ((max - min) + 1))) + min): Text '4.0' is set on object 'Object Repository/MOH AND GRN/Page_KDMC - CMS/input_txtdeal'

2018-05-11 10:52:35 - [MESSAGE][PASSED] - Text '4.0' is set on object 'Object Repository/MOH AND GRN/Page_KDMC - CMS/input_txtdeal'

2018-05-11 10:52:35 - [TEST_STEP][PASSED] - setText: Finding Test Object with id 'Object Repository/MOH AND GRN/Page_KDMC - CMS/input_txtbatchno'

2018-05-11 10:52:35 - [TEST_STEP][PASSED] - Statement - switch (id): Delayed 1 second(s)

2018-05-11 10:52:35 - [TEST_STEP][PASSED] - Statement - case 1:: Text 'BA607.0' is set on object 'Object Repository/MOH AND GRN/Page_KDMC - CMS/input_txtbatchno'

2018-05-11 10:52:35 - [TEST_STEP][PASSED] - Statement - return (java.lang.Math.floor((java.lang.Math.random() * ((max - min) + 1))) + min): Text 'BA607.0' is set on object 'Object Repository/MOH AND GRN/Page_KDMC - CMS/input_txtbatchno'

2018-05-11 10:52:35 - [MESSAGE][PASSED] - Text 'BA607.0' is set on object 'Object Repository/MOH AND GRN/Page_KDMC - CMS/input_txtbatchno'

2018-05-11 10:52:35 - [TEST_STEP][PASSED] - rightClick: Object: 'Object Repository/GRN/Page_KDMC - CMS/input_txtexpdate' is right clicked on

2018-05-11 10:52:35 - [MESSAGE][PASSED] - Object: 'Object Repository/GRN/Page_KDMC - CMS/input_txtexpdate' is right clicked on

2018-05-11 10:52:35 - [TEST_STEP][PASSED] - selectOptionByIndex: All options with index in [5] are selected on object 'Object Repository/GRN/Page_KDMC - CMS/select_20182019202020212022202'

2018-05-11 10:52:35 - [MESSAGE][PASSED] - All options with index in [5] are selected on object 'Object Repository/GRN/Page_KDMC - CMS/select_20182019202020212022202'

2018-05-11 10:52:35 - [TEST_STEP][PASSED] - selectOptionByIndex: All options with index in [5] are selected on object 'Object Repository/GRN/Page_KDMC - CMS/select_JanFebMarAprMayJunJulAu'

2018-05-11 10:52:35 - [MESSAGE][PASSED] - All options with index in [5] are selected on object 'Object Repository/GRN/Page_KDMC - CMS/select_JanFebMarAprMayJunJulAu'

2018-05-11 10:52:35 - [TEST_STEP][PASSED] - click: Object: 'Object Repository/MOH AND GRN/Page_KDMC - CMS/a_12' is clicked on

2018-05-11 10:52:35 - [MESSAGE][PASSED] - Object: 'Object Repository/MOH AND GRN/Page_KDMC - CMS/a_12' is clicked on

2018-05-11 10:52:35 - [TEST_STEP][PASSED] - click: Object: 'Object Repository/MOH AND GRN/Page_KDMC - CMS/input_btnadd' is clicked on

2018-05-11 10:52:35 - [MESSAGE][PASSED] - Object: 'Object Repository/MOH AND GRN/Page_KDMC - CMS/input_btnadd' is clicked on

2018-05-11 10:52:35 - [TEST_STEP][PASSED] - Statement - If (s == 10): null

2018-05-11 10:52:35 - [TEST_STEP][PASSED] - Statement - Else: null

2018-05-11 10:52:35 - [TEST_STEP][PASSED] - Statement - (s++): null

2018-05-11 10:52:35 - [TEST_STEP][PASSED] - delay: Delayed 1 second(s)

2018-05-11 10:52:36 - [MESSAGE][PASSED] - Delayed 1 second(s)

2018-05-11 10:52:36 - [TEST_STEP][PASSED] - scrollToElement: Scroll to object 'Object Repository/MOH AND GRN/Page_KDMC - CMS/input_btnSubmit' successfully

2018-05-11 10:52:36 - [MESSAGE][PASSED] - Scroll to object 'Object Repository/MOH AND GRN/Page_KDMC - CMS/input_btnSubmit' successfully

2018-05-11 10:52:36 - [TEST_STEP][PASSED] - click: Object: 'Object Repository/MOH AND GRN/Page_KDMC - CMS/input_btnSubmit' is clicked on

2018-05-11 10:52:36 - [MESSAGE][PASSED] - Object: 'Object Repository/MOH AND GRN/Page_KDMC - CMS/input_btnSubmit' is clicked on

2018-05-11 10:52:36 - [TEST_STEP][PASSED] - delay: Delayed 3 second(s)

2018-05-11 10:52:39 - [MESSAGE][PASSED] - Delayed 3 second(s)

2018-05-11 10:52:39 - [TEST_STEP][PASSED] - click: Object: 'Object Repository/MOH AND GRN/Page_KDMC - CMS/button_OK' is clicked on

2018-05-11 10:52:41 - [MESSAGE][PASSED] - Object: 'Object Repository/MOH AND GRN/Page_KDMC - CMS/button_OK' is clicked on

2018-05-11 10:52:41 - [TEST_STEP][PASSED] - delay: Delayed 2 second(s)

2018-05-11 10:52:43 - [MESSAGE][PASSED] - Delayed 2 second(s)

2018-05-11 10:52:43 - [TEST_STEP][PASSED] - delay: Delayed 3 second(s)

2018-05-11 10:52:46 - [MESSAGE][PASSED] - Delayed 3 second(s)

2018-05-11 10:52:46 - [TEST_STEP][PASSED] - click: Object: 'Object Repository/MOH AND GRN/Page_KDMC - CMS/a_dropdown-toggle' is clicked on

2018-05-11 10:52:46 - [MESSAGE][PASSED] - Object: 'Object Repository/MOH AND GRN/Page_KDMC - CMS/a_dropdown-toggle' is clicked on

2018-05-11 10:52:46 - [TEST_STEP][PASSED] - click: Object: 'Object Repository/MOH AND GRN/Page_KDMC - CMS/a_Sign out' is clicked on

2018-05-11 10:52:47 - [MESSAGE][PASSED] - Object: 'Object Repository/MOH AND GRN/Page_KDMC - CMS/a_Sign out' is clicked on

2018-05-11 10:52:47 - [TEST_STEP][PASSED] - closeBrowser: Browser is closed

2018-05-11 10:52:48 - [MESSAGE][PASSED] - Browser is closed]]></system-out>
         <system-err><![CDATA[]]></system-err>
      </testcase>
      <testcase name="Test Cases/MOH REQUEST AND GRN/Moh Request GRN  Schedule 10" classname="Test Cases/MOH REQUEST AND GRN/Moh Request GRN  Schedule 10" status="FAILED">
         <failure type="FAILED" message="Unable to click on object 'Object Repository/MOH AND GRN/Page_KDMC/a_dropdown-toggle' (Root cause: com.kms.katalon.core.webui.exception.WebElementNotFoundException: Web element with id: 'Object Repository/MOH AND GRN/Page_KDMC/a_dropdown-toggle' located by 'By.xpath: /html[1]/body[@class=&quot;skin-blue  pace-done&quot;]/header[@class=&quot;header&quot;]/div[@class=&quot;row&quot;]/div[@class=&quot;col-md-12&quot;]/nav[@class=&quot;navbar navbar-static-top&quot;]/div[@class=&quot;navbar-right&quot;]/ul[@class=&quot;nav navbar-nav&quot;]/li[@class=&quot;dropdown user user-menu&quot;]/a[@class=&quot;dropdown-toggle&quot;][count(. | //a[@href = '#']) = count(//a[@href = '#'])]' not found)"/>
         <system-out><![CDATA[2018-05-11 10:52:48 - [TEST_CASE][FAILED] - Test Cases/MOH REQUEST AND GRN/Moh Request GRN  Schedule 10: Test Cases/MOH REQUEST AND GRN/Moh Request GRN  Schedule 10 FAILED because (of) Unable to click on object 'Object Repository/MOH AND GRN/Page_KDMC/a_dropdown-toggle' (Root cause: com.kms.katalon.core.webui.exception.WebElementNotFoundException: Web element with id: 'Object Repository/MOH AND GRN/Page_KDMC/a_dropdown-toggle' located by 'By.xpath: /html[1]/body[@class="skin-blue  pace-done"]/header[@class="header"]/div[@class="row"]/div[@class="col-md-12"]/nav[@class="navbar navbar-static-top"]/div[@class="navbar-right"]/ul[@class="nav navbar-nav"]/li[@class="dropdown user user-menu"]/a[@class="dropdown-toggle"][count(. | //a[@href = '#']) = count(//a[@href = '#'])]' not found)

2018-05-11 10:52:48 - [TEST_STEP][PASSED] - openBrowser: Browser is opened with url: ''

2018-05-11 10:52:50 - [MESSAGE][PASSED] - Browser is opened with url: ''

2018-05-11 10:52:50 - [TEST_STEP][PASSED] - navigateToUrl: Navigate to 'http://192.168.137.1/multihospital_new/' successfully

2018-05-11 10:52:53 - [MESSAGE][PASSED] - Navigate to 'http://192.168.137.1/multihospital_new/' successfully

2018-05-11 10:52:53 - [TEST_STEP][PASSED] - maximizeWindow: Current window maximized

2018-05-11 10:52:55 - [MESSAGE][PASSED] - Current window maximized

2018-05-11 10:52:55 - [TEST_STEP][PASSED] - click: Object: 'Object Repository/MOH AND GRN/Page_KDMC/a_CMS' is clicked on

2018-05-11 10:52:55 - [MESSAGE][PASSED] - Object: 'Object Repository/MOH AND GRN/Page_KDMC/a_CMS' is clicked on

2018-05-11 10:52:55 - [TEST_STEP][PASSED] - setText: Text 'bala' is set on object 'Object Repository/MOH AND GRN/Page_CMS login/input_txtusername'

2018-05-11 10:52:55 - [MESSAGE][PASSED] - Text 'bala' is set on object 'Object Repository/MOH AND GRN/Page_CMS login/input_txtusername'

2018-05-11 10:52:55 - [TEST_STEP][PASSED] - setText: Text '123' is set on object 'Object Repository/MOH AND GRN/Page_CMS login/input_txtpassword'

2018-05-11 10:52:56 - [MESSAGE][PASSED] - Text '123' is set on object 'Object Repository/MOH AND GRN/Page_CMS login/input_txtpassword'

2018-05-11 10:52:56 - [TEST_STEP][PASSED] - delay: Delayed 3 second(s)

2018-05-11 10:52:59 - [MESSAGE][PASSED] - Delayed 3 second(s)

2018-05-11 10:52:59 - [TEST_STEP][PASSED] - click: Object: 'Object Repository/MOH AND GRN/Page_CMS login/button_Sign in' is clicked on

2018-05-11 10:53:01 - [MESSAGE][PASSED] - Object: 'Object Repository/MOH AND GRN/Page_CMS login/button_Sign in' is clicked on

2018-05-11 10:53:01 - [TEST_STEP][PASSED] - click: Object: 'Object Repository/MOH AND GRN/Page_KDMC - CMS/a_Request to MOH' is clicked on

2018-05-11 10:53:01 - [MESSAGE][PASSED] - Object: 'Object Repository/MOH AND GRN/Page_KDMC - CMS/a_Request to MOH' is clicked on

2018-05-11 10:53:01 - [TEST_STEP][PASSED] - selectOptionByIndex: All options with index in [2] are selected on object 'Object Repository/MOH AND GRN/Page_KDMC - CMS/select_--Select--'

2018-05-11 10:53:01 - [MESSAGE][PASSED] - All options with index in [2] are selected on object 'Object Repository/MOH AND GRN/Page_KDMC - CMS/select_--Select--'

2018-05-11 10:53:01 - [TEST_STEP][PASSED] - selectOptionByIndex: All options with index in [10] are selected on object 'Object Repository/MOH AND GRN/Page_KDMC - CMS/select_--Select--Schedule 1Inj'

2018-05-11 10:53:01 - [MESSAGE][PASSED] - All options with index in [10] are selected on object 'Object Repository/MOH AND GRN/Page_KDMC - CMS/select_--Select--Schedule 1Inj'

2018-05-11 10:53:01 - [TEST_STEP][PASSED] - Statement - selectedoptions = com.kms.katalon.core.webui.keyword.WebUiBuiltInKeywords.getNumberOfTotalOption(com.kms.katalon.core.testobject.ObjectRepository.findTestObject(MOH AND GRN/Page_KDMC - CMS/select_--Select--Adernaline 0.)): 19 options of object 'Object Repository/MOH AND GRN/Page_KDMC - CMS/select_--Select--Adernaline 0.' counted

2018-05-11 10:53:01 - [MESSAGE][PASSED] - 19 options of object 'Object Repository/MOH AND GRN/Page_KDMC - CMS/select_--Select--Adernaline 0.' counted

2018-05-11 10:53:01 - [TEST_STEP][PASSED] - Statement - For ([j = 1, j <= selectedoptions - 1, (j++)]): Object: 'Object Repository/MOH AND GRN/Page_KDMC - CMS/button_Add' is clicked on

2018-05-11 10:53:01 - [TEST_STEP][PASSED] - selectOptionByIndex: All options with index in [10] are selected on object 'Object Repository/MOH AND GRN/Page_KDMC - CMS/select_--Select--Schedule 1Inj'

2018-05-11 10:53:02 - [MESSAGE][PASSED] - All options with index in [10] are selected on object 'Object Repository/MOH AND GRN/Page_KDMC - CMS/select_--Select--Schedule 1Inj'

2018-05-11 10:53:02 - [TEST_STEP][PASSED] - selectOptionByIndex: All options with index in [1] are selected on object 'Object Repository/MOH AND GRN/Page_KDMC - CMS/select_--Select--Adernaline 0.'

2018-05-11 10:53:02 - [MESSAGE][PASSED] - All options with index in [1] are selected on object 'Object Repository/MOH AND GRN/Page_KDMC - CMS/select_--Select--Adernaline 0.'

2018-05-11 10:53:02 - [TEST_STEP][PASSED] - setText: Text '5000' is set on object 'Object Repository/MOH AND GRN/Page_KDMC - CMS/input_txttreat'

2018-05-11 10:53:02 - [MESSAGE][PASSED] - Text '5000' is set on object 'Object Repository/MOH AND GRN/Page_KDMC - CMS/input_txttreat'

2018-05-11 10:53:02 - [TEST_STEP][PASSED] - click: Object: 'Object Repository/MOH AND GRN/Page_KDMC - CMS/button_Add' is clicked on

2018-05-11 10:53:02 - [MESSAGE][PASSED] - Object: 'Object Repository/MOH AND GRN/Page_KDMC - CMS/button_Add' is clicked on

2018-05-11 10:53:02 - [TEST_STEP][PASSED] - selectOptionByIndex: All options with index in [10] are selected on object 'Object Repository/MOH AND GRN/Page_KDMC - CMS/select_--Select--Schedule 1Inj'

2018-05-11 10:53:02 - [MESSAGE][PASSED] - All options with index in [10] are selected on object 'Object Repository/MOH AND GRN/Page_KDMC - CMS/select_--Select--Schedule 1Inj'

2018-05-11 10:53:02 - [TEST_STEP][PASSED] - selectOptionByIndex: All options with index in [2] are selected on object 'Object Repository/MOH AND GRN/Page_KDMC - CMS/select_--Select--Adernaline 0.'

2018-05-11 10:53:02 - [MESSAGE][PASSED] - All options with index in [2] are selected on object 'Object Repository/MOH AND GRN/Page_KDMC - CMS/select_--Select--Adernaline 0.'

2018-05-11 10:53:02 - [TEST_STEP][PASSED] - setText: Text '5000' is set on object 'Object Repository/MOH AND GRN/Page_KDMC - CMS/input_txttreat'

2018-05-11 10:53:02 - [MESSAGE][PASSED] - Text '5000' is set on object 'Object Repository/MOH AND GRN/Page_KDMC - CMS/input_txttreat'

2018-05-11 10:53:02 - [TEST_STEP][PASSED] - click: Object: 'Object Repository/MOH AND GRN/Page_KDMC - CMS/button_Add' is clicked on

2018-05-11 10:53:02 - [MESSAGE][PASSED] - Object: 'Object Repository/MOH AND GRN/Page_KDMC - CMS/button_Add' is clicked on

2018-05-11 10:53:02 - [TEST_STEP][PASSED] - selectOptionByIndex: All options with index in [10] are selected on object 'Object Repository/MOH AND GRN/Page_KDMC - CMS/select_--Select--Schedule 1Inj'

2018-05-11 10:53:03 - [MESSAGE][PASSED] - All options with index in [10] are selected on object 'Object Repository/MOH AND GRN/Page_KDMC - CMS/select_--Select--Schedule 1Inj'

2018-05-11 10:53:03 - [TEST_STEP][PASSED] - selectOptionByIndex: All options with index in [3] are selected on object 'Object Repository/MOH AND GRN/Page_KDMC - CMS/select_--Select--Adernaline 0.'

2018-05-11 10:53:03 - [MESSAGE][PASSED] - All options with index in [3] are selected on object 'Object Repository/MOH AND GRN/Page_KDMC - CMS/select_--Select--Adernaline 0.'

2018-05-11 10:53:03 - [TEST_STEP][PASSED] - setText: Text '5000' is set on object 'Object Repository/MOH AND GRN/Page_KDMC - CMS/input_txttreat'

2018-05-11 10:53:03 - [MESSAGE][PASSED] - Text '5000' is set on object 'Object Repository/MOH AND GRN/Page_KDMC - CMS/input_txttreat'

2018-05-11 10:53:03 - [TEST_STEP][PASSED] - click: Object: 'Object Repository/MOH AND GRN/Page_KDMC - CMS/button_Add' is clicked on

2018-05-11 10:53:03 - [MESSAGE][PASSED] - Object: 'Object Repository/MOH AND GRN/Page_KDMC - CMS/button_Add' is clicked on

2018-05-11 10:53:03 - [TEST_STEP][PASSED] - selectOptionByIndex: All options with index in [10] are selected on object 'Object Repository/MOH AND GRN/Page_KDMC - CMS/select_--Select--Schedule 1Inj'

2018-05-11 10:53:03 - [MESSAGE][PASSED] - All options with index in [10] are selected on object 'Object Repository/MOH AND GRN/Page_KDMC - CMS/select_--Select--Schedule 1Inj'

2018-05-11 10:53:03 - [TEST_STEP][PASSED] - selectOptionByIndex: All options with index in [4] are selected on object 'Object Repository/MOH AND GRN/Page_KDMC - CMS/select_--Select--Adernaline 0.'

2018-05-11 10:53:03 - [MESSAGE][PASSED] - All options with index in [4] are selected on object 'Object Repository/MOH AND GRN/Page_KDMC - CMS/select_--Select--Adernaline 0.'

2018-05-11 10:53:03 - [TEST_STEP][PASSED] - setText: Text '5000' is set on object 'Object Repository/MOH AND GRN/Page_KDMC - CMS/input_txttreat'

2018-05-11 10:53:03 - [MESSAGE][PASSED] - Text '5000' is set on object 'Object Repository/MOH AND GRN/Page_KDMC - CMS/input_txttreat'

2018-05-11 10:53:03 - [TEST_STEP][PASSED] - click: Object: 'Object Repository/MOH AND GRN/Page_KDMC - CMS/button_Add' is clicked on

2018-05-11 10:53:03 - [MESSAGE][PASSED] - Object: 'Object Repository/MOH AND GRN/Page_KDMC - CMS/button_Add' is clicked on

2018-05-11 10:53:03 - [TEST_STEP][PASSED] - selectOptionByIndex: All options with index in [10] are selected on object 'Object Repository/MOH AND GRN/Page_KDMC - CMS/select_--Select--Schedule 1Inj'

2018-05-11 10:53:04 - [MESSAGE][PASSED] - All options with index in [10] are selected on object 'Object Repository/MOH AND GRN/Page_KDMC - CMS/select_--Select--Schedule 1Inj'

2018-05-11 10:53:04 - [TEST_STEP][PASSED] - selectOptionByIndex: All options with index in [5] are selected on object 'Object Repository/MOH AND GRN/Page_KDMC - CMS/select_--Select--Adernaline 0.'

2018-05-11 10:53:04 - [MESSAGE][PASSED] - All options with index in [5] are selected on object 'Object Repository/MOH AND GRN/Page_KDMC - CMS/select_--Select--Adernaline 0.'

2018-05-11 10:53:04 - [TEST_STEP][PASSED] - setText: Text '5000' is set on object 'Object Repository/MOH AND GRN/Page_KDMC - CMS/input_txttreat'

2018-05-11 10:53:04 - [MESSAGE][PASSED] - Text '5000' is set on object 'Object Repository/MOH AND GRN/Page_KDMC - CMS/input_txttreat'

2018-05-11 10:53:04 - [TEST_STEP][PASSED] - click: Object: 'Object Repository/MOH AND GRN/Page_KDMC - CMS/button_Add' is clicked on

2018-05-11 10:53:04 - [MESSAGE][PASSED] - Object: 'Object Repository/MOH AND GRN/Page_KDMC - CMS/button_Add' is clicked on

2018-05-11 10:53:04 - [TEST_STEP][PASSED] - selectOptionByIndex: All options with index in [10] are selected on object 'Object Repository/MOH AND GRN/Page_KDMC - CMS/select_--Select--Schedule 1Inj'

2018-05-11 10:53:04 - [MESSAGE][PASSED] - All options with index in [10] are selected on object 'Object Repository/MOH AND GRN/Page_KDMC - CMS/select_--Select--Schedule 1Inj'

2018-05-11 10:53:04 - [TEST_STEP][PASSED] - selectOptionByIndex: All options with index in [6] are selected on object 'Object Repository/MOH AND GRN/Page_KDMC - CMS/select_--Select--Adernaline 0.'

2018-05-11 10:53:04 - [MESSAGE][PASSED] - All options with index in [6] are selected on object 'Object Repository/MOH AND GRN/Page_KDMC - CMS/select_--Select--Adernaline 0.'

2018-05-11 10:53:04 - [TEST_STEP][PASSED] - setText: Text '5000' is set on object 'Object Repository/MOH AND GRN/Page_KDMC - CMS/input_txttreat'

2018-05-11 10:53:04 - [MESSAGE][PASSED] - Text '5000' is set on object 'Object Repository/MOH AND GRN/Page_KDMC - CMS/input_txttreat'

2018-05-11 10:53:04 - [TEST_STEP][PASSED] - click: Object: 'Object Repository/MOH AND GRN/Page_KDMC - CMS/button_Add' is clicked on

2018-05-11 10:53:04 - [MESSAGE][PASSED] - Object: 'Object Repository/MOH AND GRN/Page_KDMC - CMS/button_Add' is clicked on

2018-05-11 10:53:04 - [TEST_STEP][PASSED] - selectOptionByIndex: All options with index in [10] are selected on object 'Object Repository/MOH AND GRN/Page_KDMC - CMS/select_--Select--Schedule 1Inj'

2018-05-11 10:53:05 - [MESSAGE][PASSED] - All options with index in [10] are selected on object 'Object Repository/MOH AND GRN/Page_KDMC - CMS/select_--Select--Schedule 1Inj'

2018-05-11 10:53:05 - [TEST_STEP][PASSED] - selectOptionByIndex: All options with index in [7] are selected on object 'Object Repository/MOH AND GRN/Page_KDMC - CMS/select_--Select--Adernaline 0.'

2018-05-11 10:53:05 - [MESSAGE][PASSED] - All options with index in [7] are selected on object 'Object Repository/MOH AND GRN/Page_KDMC - CMS/select_--Select--Adernaline 0.'

2018-05-11 10:53:05 - [TEST_STEP][PASSED] - setText: Text '5000' is set on object 'Object Repository/MOH AND GRN/Page_KDMC - CMS/input_txttreat'

2018-05-11 10:53:05 - [MESSAGE][PASSED] - Text '5000' is set on object 'Object Repository/MOH AND GRN/Page_KDMC - CMS/input_txttreat'

2018-05-11 10:53:05 - [TEST_STEP][PASSED] - click: Object: 'Object Repository/MOH AND GRN/Page_KDMC - CMS/button_Add' is clicked on

2018-05-11 10:53:05 - [MESSAGE][PASSED] - Object: 'Object Repository/MOH AND GRN/Page_KDMC - CMS/button_Add' is clicked on

2018-05-11 10:53:05 - [TEST_STEP][PASSED] - selectOptionByIndex: All options with index in [10] are selected on object 'Object Repository/MOH AND GRN/Page_KDMC - CMS/select_--Select--Schedule 1Inj'

2018-05-11 10:53:05 - [MESSAGE][PASSED] - All options with index in [10] are selected on object 'Object Repository/MOH AND GRN/Page_KDMC - CMS/select_--Select--Schedule 1Inj'

2018-05-11 10:53:05 - [TEST_STEP][PASSED] - selectOptionByIndex: All options with index in [8] are selected on object 'Object Repository/MOH AND GRN/Page_KDMC - CMS/select_--Select--Adernaline 0.'

2018-05-11 10:53:05 - [MESSAGE][PASSED] - All options with index in [8] are selected on object 'Object Repository/MOH AND GRN/Page_KDMC - CMS/select_--Select--Adernaline 0.'

2018-05-11 10:53:05 - [TEST_STEP][PASSED] - setText: Text '5000' is set on object 'Object Repository/MOH AND GRN/Page_KDMC - CMS/input_txttreat'

2018-05-11 10:53:05 - [MESSAGE][PASSED] - Text '5000' is set on object 'Object Repository/MOH AND GRN/Page_KDMC - CMS/input_txttreat'

2018-05-11 10:53:05 - [TEST_STEP][PASSED] - click: Object: 'Object Repository/MOH AND GRN/Page_KDMC - CMS/button_Add' is clicked on

2018-05-11 10:53:05 - [MESSAGE][PASSED] - Object: 'Object Repository/MOH AND GRN/Page_KDMC - CMS/button_Add' is clicked on

2018-05-11 10:53:05 - [TEST_STEP][PASSED] - selectOptionByIndex: All options with index in [10] are selected on object 'Object Repository/MOH AND GRN/Page_KDMC - CMS/select_--Select--Schedule 1Inj'

2018-05-11 10:53:06 - [MESSAGE][PASSED] - All options with index in [10] are selected on object 'Object Repository/MOH AND GRN/Page_KDMC - CMS/select_--Select--Schedule 1Inj'

2018-05-11 10:53:06 - [TEST_STEP][PASSED] - selectOptionByIndex: All options with index in [9] are selected on object 'Object Repository/MOH AND GRN/Page_KDMC - CMS/select_--Select--Adernaline 0.'

2018-05-11 10:53:06 - [MESSAGE][PASSED] - All options with index in [9] are selected on object 'Object Repository/MOH AND GRN/Page_KDMC - CMS/select_--Select--Adernaline 0.'

2018-05-11 10:53:06 - [TEST_STEP][PASSED] - setText: Text '5000' is set on object 'Object Repository/MOH AND GRN/Page_KDMC - CMS/input_txttreat'

2018-05-11 10:53:06 - [MESSAGE][PASSED] - Text '5000' is set on object 'Object Repository/MOH AND GRN/Page_KDMC - CMS/input_txttreat'

2018-05-11 10:53:06 - [TEST_STEP][PASSED] - click: Object: 'Object Repository/MOH AND GRN/Page_KDMC - CMS/button_Add' is clicked on

2018-05-11 10:53:06 - [MESSAGE][PASSED] - Object: 'Object Repository/MOH AND GRN/Page_KDMC - CMS/button_Add' is clicked on

2018-05-11 10:53:06 - [TEST_STEP][PASSED] - selectOptionByIndex: All options with index in [10] are selected on object 'Object Repository/MOH AND GRN/Page_KDMC - CMS/select_--Select--Schedule 1Inj'

2018-05-11 10:53:06 - [MESSAGE][PASSED] - All options with index in [10] are selected on object 'Object Repository/MOH AND GRN/Page_KDMC - CMS/select_--Select--Schedule 1Inj'

2018-05-11 10:53:06 - [TEST_STEP][PASSED] - selectOptionByIndex: All options with index in [10] are selected on object 'Object Repository/MOH AND GRN/Page_KDMC - CMS/select_--Select--Adernaline 0.'

2018-05-11 10:53:06 - [MESSAGE][PASSED] - All options with index in [10] are selected on object 'Object Repository/MOH AND GRN/Page_KDMC - CMS/select_--Select--Adernaline 0.'

2018-05-11 10:53:06 - [TEST_STEP][PASSED] - setText: Text '5000' is set on object 'Object Repository/MOH AND GRN/Page_KDMC - CMS/input_txttreat'

2018-05-11 10:53:06 - [MESSAGE][PASSED] - Text '5000' is set on object 'Object Repository/MOH AND GRN/Page_KDMC - CMS/input_txttreat'

2018-05-11 10:53:06 - [TEST_STEP][PASSED] - click: Object: 'Object Repository/MOH AND GRN/Page_KDMC - CMS/button_Add' is clicked on

2018-05-11 10:53:06 - [MESSAGE][PASSED] - Object: 'Object Repository/MOH AND GRN/Page_KDMC - CMS/button_Add' is clicked on

2018-05-11 10:53:06 - [TEST_STEP][PASSED] - selectOptionByIndex: All options with index in [10] are selected on object 'Object Repository/MOH AND GRN/Page_KDMC - CMS/select_--Select--Schedule 1Inj'

2018-05-11 10:53:07 - [MESSAGE][PASSED] - All options with index in [10] are selected on object 'Object Repository/MOH AND GRN/Page_KDMC - CMS/select_--Select--Schedule 1Inj'

2018-05-11 10:53:07 - [TEST_STEP][PASSED] - selectOptionByIndex: All options with index in [11] are selected on object 'Object Repository/MOH AND GRN/Page_KDMC - CMS/select_--Select--Adernaline 0.'

2018-05-11 10:53:07 - [MESSAGE][PASSED] - All options with index in [11] are selected on object 'Object Repository/MOH AND GRN/Page_KDMC - CMS/select_--Select--Adernaline 0.'

2018-05-11 10:53:07 - [TEST_STEP][PASSED] - setText: Text '5000' is set on object 'Object Repository/MOH AND GRN/Page_KDMC - CMS/input_txttreat'

2018-05-11 10:53:07 - [MESSAGE][PASSED] - Text '5000' is set on object 'Object Repository/MOH AND GRN/Page_KDMC - CMS/input_txttreat'

2018-05-11 10:53:07 - [TEST_STEP][PASSED] - click: Object: 'Object Repository/MOH AND GRN/Page_KDMC - CMS/button_Add' is clicked on

2018-05-11 10:53:07 - [MESSAGE][PASSED] - Object: 'Object Repository/MOH AND GRN/Page_KDMC - CMS/button_Add' is clicked on

2018-05-11 10:53:07 - [TEST_STEP][PASSED] - selectOptionByIndex: All options with index in [10] are selected on object 'Object Repository/MOH AND GRN/Page_KDMC - CMS/select_--Select--Schedule 1Inj'

2018-05-11 10:53:07 - [MESSAGE][PASSED] - All options with index in [10] are selected on object 'Object Repository/MOH AND GRN/Page_KDMC - CMS/select_--Select--Schedule 1Inj'

2018-05-11 10:53:07 - [TEST_STEP][PASSED] - selectOptionByIndex: All options with index in [12] are selected on object 'Object Repository/MOH AND GRN/Page_KDMC - CMS/select_--Select--Adernaline 0.'

2018-05-11 10:53:07 - [MESSAGE][PASSED] - All options with index in [12] are selected on object 'Object Repository/MOH AND GRN/Page_KDMC - CMS/select_--Select--Adernaline 0.'

2018-05-11 10:53:07 - [TEST_STEP][PASSED] - setText: Text '5000' is set on object 'Object Repository/MOH AND GRN/Page_KDMC - CMS/input_txttreat'

2018-05-11 10:53:07 - [MESSAGE][PASSED] - Text '5000' is set on object 'Object Repository/MOH AND GRN/Page_KDMC - CMS/input_txttreat'

2018-05-11 10:53:07 - [TEST_STEP][PASSED] - click: Object: 'Object Repository/MOH AND GRN/Page_KDMC - CMS/button_Add' is clicked on

2018-05-11 10:53:07 - [MESSAGE][PASSED] - Object: 'Object Repository/MOH AND GRN/Page_KDMC - CMS/button_Add' is clicked on

2018-05-11 10:53:07 - [TEST_STEP][PASSED] - selectOptionByIndex: All options with index in [10] are selected on object 'Object Repository/MOH AND GRN/Page_KDMC - CMS/select_--Select--Schedule 1Inj'

2018-05-11 10:53:08 - [MESSAGE][PASSED] - All options with index in [10] are selected on object 'Object Repository/MOH AND GRN/Page_KDMC - CMS/select_--Select--Schedule 1Inj'

2018-05-11 10:53:08 - [TEST_STEP][PASSED] - selectOptionByIndex: All options with index in [13] are selected on object 'Object Repository/MOH AND GRN/Page_KDMC - CMS/select_--Select--Adernaline 0.'

2018-05-11 10:53:08 - [MESSAGE][PASSED] - All options with index in [13] are selected on object 'Object Repository/MOH AND GRN/Page_KDMC - CMS/select_--Select--Adernaline 0.'

2018-05-11 10:53:08 - [TEST_STEP][PASSED] - setText: Text '5000' is set on object 'Object Repository/MOH AND GRN/Page_KDMC - CMS/input_txttreat'

2018-05-11 10:53:08 - [MESSAGE][PASSED] - Text '5000' is set on object 'Object Repository/MOH AND GRN/Page_KDMC - CMS/input_txttreat'

2018-05-11 10:53:08 - [TEST_STEP][PASSED] - click: Object: 'Object Repository/MOH AND GRN/Page_KDMC - CMS/button_Add' is clicked on

2018-05-11 10:53:08 - [MESSAGE][PASSED] - Object: 'Object Repository/MOH AND GRN/Page_KDMC - CMS/button_Add' is clicked on

2018-05-11 10:53:08 - [TEST_STEP][PASSED] - selectOptionByIndex: All options with index in [10] are selected on object 'Object Repository/MOH AND GRN/Page_KDMC - CMS/select_--Select--Schedule 1Inj'

2018-05-11 10:53:08 - [MESSAGE][PASSED] - All options with index in [10] are selected on object 'Object Repository/MOH AND GRN/Page_KDMC - CMS/select_--Select--Schedule 1Inj'

2018-05-11 10:53:08 - [TEST_STEP][PASSED] - selectOptionByIndex: All options with index in [14] are selected on object 'Object Repository/MOH AND GRN/Page_KDMC - CMS/select_--Select--Adernaline 0.'

2018-05-11 10:53:08 - [MESSAGE][PASSED] - All options with index in [14] are selected on object 'Object Repository/MOH AND GRN/Page_KDMC - CMS/select_--Select--Adernaline 0.'

2018-05-11 10:53:08 - [TEST_STEP][PASSED] - setText: Text '5000' is set on object 'Object Repository/MOH AND GRN/Page_KDMC - CMS/input_txttreat'

2018-05-11 10:53:09 - [MESSAGE][PASSED] - Text '5000' is set on object 'Object Repository/MOH AND GRN/Page_KDMC - CMS/input_txttreat'

2018-05-11 10:53:09 - [TEST_STEP][PASSED] - click: Object: 'Object Repository/MOH AND GRN/Page_KDMC - CMS/button_Add' is clicked on

2018-05-11 10:53:09 - [MESSAGE][PASSED] - Object: 'Object Repository/MOH AND GRN/Page_KDMC - CMS/button_Add' is clicked on

2018-05-11 10:53:09 - [TEST_STEP][PASSED] - selectOptionByIndex: All options with index in [10] are selected on object 'Object Repository/MOH AND GRN/Page_KDMC - CMS/select_--Select--Schedule 1Inj'

2018-05-11 10:53:09 - [MESSAGE][PASSED] - All options with index in [10] are selected on object 'Object Repository/MOH AND GRN/Page_KDMC - CMS/select_--Select--Schedule 1Inj'

2018-05-11 10:53:09 - [TEST_STEP][PASSED] - selectOptionByIndex: All options with index in [15] are selected on object 'Object Repository/MOH AND GRN/Page_KDMC - CMS/select_--Select--Adernaline 0.'

2018-05-11 10:53:09 - [MESSAGE][PASSED] - All options with index in [15] are selected on object 'Object Repository/MOH AND GRN/Page_KDMC - CMS/select_--Select--Adernaline 0.'

2018-05-11 10:53:09 - [TEST_STEP][PASSED] - setText: Text '5000' is set on object 'Object Repository/MOH AND GRN/Page_KDMC - CMS/input_txttreat'

2018-05-11 10:53:09 - [MESSAGE][PASSED] - Text '5000' is set on object 'Object Repository/MOH AND GRN/Page_KDMC - CMS/input_txttreat'

2018-05-11 10:53:09 - [TEST_STEP][PASSED] - click: Object: 'Object Repository/MOH AND GRN/Page_KDMC - CMS/button_Add' is clicked on

2018-05-11 10:53:09 - [MESSAGE][PASSED] - Object: 'Object Repository/MOH AND GRN/Page_KDMC - CMS/button_Add' is clicked on

2018-05-11 10:53:09 - [TEST_STEP][PASSED] - selectOptionByIndex: All options with index in [10] are selected on object 'Object Repository/MOH AND GRN/Page_KDMC - CMS/select_--Select--Schedule 1Inj'

2018-05-11 10:53:09 - [MESSAGE][PASSED] - All options with index in [10] are selected on object 'Object Repository/MOH AND GRN/Page_KDMC - CMS/select_--Select--Schedule 1Inj'

2018-05-11 10:53:09 - [TEST_STEP][PASSED] - selectOptionByIndex: All options with index in [16] are selected on object 'Object Repository/MOH AND GRN/Page_KDMC - CMS/select_--Select--Adernaline 0.'

2018-05-11 10:53:10 - [MESSAGE][PASSED] - All options with index in [16] are selected on object 'Object Repository/MOH AND GRN/Page_KDMC - CMS/select_--Select--Adernaline 0.'

2018-05-11 10:53:10 - [TEST_STEP][PASSED] - setText: Text '5000' is set on object 'Object Repository/MOH AND GRN/Page_KDMC - CMS/input_txttreat'

2018-05-11 10:53:10 - [MESSAGE][PASSED] - Text '5000' is set on object 'Object Repository/MOH AND GRN/Page_KDMC - CMS/input_txttreat'

2018-05-11 10:53:10 - [TEST_STEP][PASSED] - click: Object: 'Object Repository/MOH AND GRN/Page_KDMC - CMS/button_Add' is clicked on

2018-05-11 10:53:10 - [MESSAGE][PASSED] - Object: 'Object Repository/MOH AND GRN/Page_KDMC - CMS/button_Add' is clicked on

2018-05-11 10:53:10 - [TEST_STEP][PASSED] - selectOptionByIndex: All options with index in [10] are selected on object 'Object Repository/MOH AND GRN/Page_KDMC - CMS/select_--Select--Schedule 1Inj'

2018-05-11 10:53:10 - [MESSAGE][PASSED] - All options with index in [10] are selected on object 'Object Repository/MOH AND GRN/Page_KDMC - CMS/select_--Select--Schedule 1Inj'

2018-05-11 10:53:10 - [TEST_STEP][PASSED] - selectOptionByIndex: All options with index in [17] are selected on object 'Object Repository/MOH AND GRN/Page_KDMC - CMS/select_--Select--Adernaline 0.'

2018-05-11 10:53:10 - [MESSAGE][PASSED] - All options with index in [17] are selected on object 'Object Repository/MOH AND GRN/Page_KDMC - CMS/select_--Select--Adernaline 0.'

2018-05-11 10:53:10 - [TEST_STEP][PASSED] - setText: Text '5000' is set on object 'Object Repository/MOH AND GRN/Page_KDMC - CMS/input_txttreat'

2018-05-11 10:53:10 - [MESSAGE][PASSED] - Text '5000' is set on object 'Object Repository/MOH AND GRN/Page_KDMC - CMS/input_txttreat'

2018-05-11 10:53:10 - [TEST_STEP][PASSED] - click: Object: 'Object Repository/MOH AND GRN/Page_KDMC - CMS/button_Add' is clicked on

2018-05-11 10:53:10 - [MESSAGE][PASSED] - Object: 'Object Repository/MOH AND GRN/Page_KDMC - CMS/button_Add' is clicked on

2018-05-11 10:53:10 - [TEST_STEP][PASSED] - selectOptionByIndex: All options with index in [10] are selected on object 'Object Repository/MOH AND GRN/Page_KDMC - CMS/select_--Select--Schedule 1Inj'

2018-05-11 10:53:11 - [MESSAGE][PASSED] - All options with index in [10] are selected on object 'Object Repository/MOH AND GRN/Page_KDMC - CMS/select_--Select--Schedule 1Inj'

2018-05-11 10:53:11 - [TEST_STEP][PASSED] - selectOptionByIndex: All options with index in [18] are selected on object 'Object Repository/MOH AND GRN/Page_KDMC - CMS/select_--Select--Adernaline 0.'

2018-05-11 10:53:11 - [MESSAGE][PASSED] - All options with index in [18] are selected on object 'Object Repository/MOH AND GRN/Page_KDMC - CMS/select_--Select--Adernaline 0.'

2018-05-11 10:53:11 - [TEST_STEP][PASSED] - setText: Text '5000' is set on object 'Object Repository/MOH AND GRN/Page_KDMC - CMS/input_txttreat'

2018-05-11 10:53:11 - [MESSAGE][PASSED] - Text '5000' is set on object 'Object Repository/MOH AND GRN/Page_KDMC - CMS/input_txttreat'

2018-05-11 10:53:11 - [TEST_STEP][PASSED] - click: Object: 'Object Repository/MOH AND GRN/Page_KDMC - CMS/button_Add' is clicked on

2018-05-11 10:53:11 - [MESSAGE][PASSED] - Object: 'Object Repository/MOH AND GRN/Page_KDMC - CMS/button_Add' is clicked on

2018-05-11 10:53:11 - [TEST_STEP][PASSED] - scrollToElement: Scroll to object 'Object Repository/MOH AND GRN/Page_KDMC - CMS/input_btnsave' successfully

2018-05-11 10:53:11 - [MESSAGE][PASSED] - Scroll to object 'Object Repository/MOH AND GRN/Page_KDMC - CMS/input_btnsave' successfully

2018-05-11 10:53:11 - [TEST_STEP][PASSED] - click: Object: 'Object Repository/MOH AND GRN/Page_KDMC - CMS/input_btnsave' is clicked on

2018-05-11 10:53:11 - [MESSAGE][PASSED] - Object: 'Object Repository/MOH AND GRN/Page_KDMC - CMS/input_btnsave' is clicked on

2018-05-11 10:53:11 - [TEST_STEP][PASSED] - delay: Delayed 3 second(s)

2018-05-11 10:53:14 - [MESSAGE][PASSED] - Delayed 3 second(s)

2018-05-11 10:53:14 - [TEST_STEP][PASSED] - Statement - Request1 = com.kms.katalon.core.webui.keyword.WebUiBuiltInKeywords.getText(com.kms.katalon.core.testobject.ObjectRepository.findTestObject(MOH AND GRN/Page_KDMC - CMS/font_PRNO0505201876)): Text of object 'Object Repository/MOH AND GRN/Page_KDMC - CMS/font_PRNO0505201876' is: 'PRNO/11052018/215'

2018-05-11 10:53:14 - [MESSAGE][PASSED] - Text of object 'Object Repository/MOH AND GRN/Page_KDMC - CMS/font_PRNO0505201876' is: 'PRNO/11052018/215'

2018-05-11 10:53:14 - [TEST_STEP][PASSED] - Statement - out.println("Length OF The Medicine " + Request1): null

2018-05-11 10:53:14 - [TEST_STEP][PASSED] - Statement - RequestNUmber = Request1.split("/")[2].trim(): null

2018-05-11 10:53:14 - [TEST_STEP][PASSED] - Statement - out.println("ID IS " + RequestNUmber): null

2018-05-11 10:53:14 - [TEST_STEP][PASSED] - delay: Delayed 3 second(s)

2018-05-11 10:53:17 - [MESSAGE][PASSED] - Delayed 3 second(s)

2018-05-11 10:53:17 - [TEST_STEP][PASSED] - click: Object: 'Object Repository/MOH AND GRN/Page_KDMC - CMS/button_OK' is clicked on

2018-05-11 10:53:18 - [MESSAGE][PASSED] - Object: 'Object Repository/MOH AND GRN/Page_KDMC - CMS/button_OK' is clicked on

2018-05-11 10:53:18 - [TEST_STEP][PASSED] - click: Object: 'Object Repository/MOH AND GRN/Page_KDMC - CMS/a_dropdown-toggle' is clicked on

2018-05-11 10:53:19 - [MESSAGE][PASSED] - Object: 'Object Repository/MOH AND GRN/Page_KDMC - CMS/a_dropdown-toggle' is clicked on

2018-05-11 10:53:19 - [TEST_STEP][PASSED] - click: Object: 'Object Repository/MOH AND GRN/Page_KDMC - CMS/a_Sign out' is clicked on

2018-05-11 10:53:19 - [MESSAGE][PASSED] - Object: 'Object Repository/MOH AND GRN/Page_KDMC - CMS/a_Sign out' is clicked on

2018-05-11 10:53:19 - [TEST_STEP][PASSED] - delay: Delayed 4 second(s)

2018-05-11 10:53:23 - [MESSAGE][PASSED] - Delayed 4 second(s)

2018-05-11 10:53:23 - [TEST_STEP][PASSED] - click: Object: 'Object Repository/MOH AND GRN/Page_KDMC/a_Admin Master' is clicked on

2018-05-11 10:53:24 - [MESSAGE][PASSED] - Object: 'Object Repository/MOH AND GRN/Page_KDMC/a_Admin Master' is clicked on

2018-05-11 10:53:24 - [TEST_STEP][PASSED] - setText: Text 'admin' is set on object 'Object Repository/MOH AND GRN/Page_Admin login/input_txtusername'

2018-05-11 10:53:24 - [MESSAGE][PASSED] - Text 'admin' is set on object 'Object Repository/MOH AND GRN/Page_Admin login/input_txtusername'

2018-05-11 10:53:24 - [TEST_STEP][PASSED] - setText: Text 'admin123' is set on object 'Object Repository/MOH AND GRN/Page_Admin login/input_txtpassword'

2018-05-11 10:53:24 - [MESSAGE][PASSED] - Text 'admin123' is set on object 'Object Repository/MOH AND GRN/Page_Admin login/input_txtpassword'

2018-05-11 10:53:24 - [TEST_STEP][PASSED] - delay: Delayed 3 second(s)

2018-05-11 10:53:27 - [MESSAGE][PASSED] - Delayed 3 second(s)

2018-05-11 10:53:27 - [TEST_STEP][PASSED] - click: Object: 'Object Repository/MOH AND GRN/Page_Admin login/button_Sign in' is clicked on

2018-05-11 10:53:28 - [MESSAGE][PASSED] - Object: 'Object Repository/MOH AND GRN/Page_Admin login/button_Sign in' is clicked on

2018-05-11 10:53:28 - [TEST_STEP][PASSED] - delay: Delayed 20 second(s)

2018-05-11 10:53:48 - [MESSAGE][PASSED] - Delayed 20 second(s)

2018-05-11 10:53:48 - [TEST_STEP][PASSED] - scrollToPosition: Browser is scrolled to position x = 200, y = 200

2018-05-11 10:53:48 - [MESSAGE][PASSED] - Browser is scrolled to position x = 200, y = 200

2018-05-11 10:53:48 - [TEST_STEP][PASSED] - click: Object: 'Object Repository/MOH AND GRN/Page_KDMC/a_CMS_1' is clicked on

2018-05-11 10:53:48 - [MESSAGE][PASSED] - Object: 'Object Repository/MOH AND GRN/Page_KDMC/a_CMS_1' is clicked on

2018-05-11 10:53:48 - [TEST_STEP][PASSED] - click: Object: 'Object Repository/MOH AND GRN/Page_KDMC/a_Request List' is clicked on

2018-05-11 10:53:50 - [MESSAGE][PASSED] - Object: 'Object Repository/MOH AND GRN/Page_KDMC/a_Request List' is clicked on

2018-05-11 10:53:50 - [TEST_STEP][PASSED] - Statement - RequestNumberId = com.kms.katalon.core.webui.keyword.WebUiBuiltInKeywords.modifyObjectProperty(com.kms.katalon.core.testobject.ObjectRepository.findTestObject(MOH AND GRN/Page_KDMC - CMS/input_PO0032), "xpath", "equals", "//*[@id =" + RequestNUmber + "]", true): Modify property of object successfully

2018-05-11 10:53:50 - [MESSAGE][PASSED] - Modify property of object successfully

2018-05-11 10:53:50 - [TEST_STEP][PASSED] - click: Object: 'Object Repository/MOH AND GRN/Page_KDMC - CMS/input_PO0032' is clicked on

2018-05-11 10:53:50 - [MESSAGE][PASSED] - Object: 'Object Repository/MOH AND GRN/Page_KDMC - CMS/input_PO0032' is clicked on

2018-05-11 10:53:50 - [TEST_STEP][PASSED] - delay: Delayed 3 second(s)

2018-05-11 10:53:53 - [MESSAGE][PASSED] - Delayed 3 second(s)

2018-05-11 10:53:53 - [TEST_STEP][PASSED] - selectOptionByIndex: All options with index in [1] are selected on object 'Object Repository/MOH AND GRN/Page_KDMC/select_--Select--'

2018-05-11 10:53:53 - [MESSAGE][PASSED] - All options with index in [1] are selected on object 'Object Repository/MOH AND GRN/Page_KDMC/select_--Select--'

2018-05-11 10:53:53 - [TEST_STEP][PASSED] - click: Object: 'Object Repository/MOH AND GRN/Page_KDMC/input_btnupdate' is clicked on

2018-05-11 10:53:54 - [MESSAGE][PASSED] - Object: 'Object Repository/MOH AND GRN/Page_KDMC/input_btnupdate' is clicked on

2018-05-11 10:53:54 - [TEST_STEP][PASSED] - delay: Delayed 3 second(s)

2018-05-11 10:53:57 - [MESSAGE][PASSED] - Delayed 3 second(s)

2018-05-11 10:53:57 - [TEST_STEP][PASSED] - click: Object: 'Object Repository/MOH AND GRN/Page_KDMC/button_OK' is clicked on

2018-05-11 10:53:57 - [MESSAGE][PASSED] - Object: 'Object Repository/MOH AND GRN/Page_KDMC/button_OK' is clicked on

2018-05-11 10:53:57 - [TEST_STEP][PASSED] - delay: Delayed 3 second(s)

2018-05-11 10:54:00 - [MESSAGE][PASSED] - Delayed 3 second(s)

2018-05-11 10:54:00 - [TEST_STEP][PASSED] - scrollToPosition: Browser is scrolled to position x = 200, y = 200

2018-05-11 10:54:00 - [MESSAGE][PASSED] - Browser is scrolled to position x = 200, y = 200

2018-05-11 10:54:00 - [TEST_STEP][PASSED] - click: Object: 'Object Repository/MOH AND GRN/Page_KDMC/a_CMS_2' is clicked on

2018-05-11 10:54:05 - [MESSAGE][PASSED] - Object: 'Object Repository/MOH AND GRN/Page_KDMC/a_CMS_2' is clicked on

2018-05-11 10:54:05 - [TEST_STEP][PASSED] - delay: Delayed 2 second(s)

2018-05-11 10:54:07 - [MESSAGE][PASSED] - Delayed 2 second(s)

2018-05-11 10:54:07 - [TEST_STEP][PASSED] - click: Object: 'Object Repository/MOH AND GRN/Page_KDMC/a_Generate P.O' is clicked on

2018-05-11 10:54:13 - [MESSAGE][PASSED] - Object: 'Object Repository/MOH AND GRN/Page_KDMC/a_Generate P.O' is clicked on

2018-05-11 10:54:13 - [TEST_STEP][PASSED] - delay: Delayed 2 second(s)

2018-05-11 10:54:15 - [MESSAGE][PASSED] - Delayed 2 second(s)

2018-05-11 10:54:15 - [TEST_STEP][PASSED] - selectOptionByIndex: All options with index in [1] are selected on object 'Object Repository/MOH AND GRN/Page_KDMC/select_--Select--PRNO040520183'

2018-05-11 10:54:15 - [MESSAGE][PASSED] - All options with index in [1] are selected on object 'Object Repository/MOH AND GRN/Page_KDMC/select_--Select--PRNO040520183'

2018-05-11 10:54:15 - [TEST_STEP][PASSED] - selectOptionByIndex: All options with index in [5] are selected on object 'Object Repository/MOH AND GRN/Page_KDMC/select_--Select--Hamen Chandra'

2018-05-11 10:54:15 - [MESSAGE][PASSED] - All options with index in [5] are selected on object 'Object Repository/MOH AND GRN/Page_KDMC/select_--Select--Hamen Chandra'

2018-05-11 10:54:15 - [TEST_STEP][PASSED] - Statement - PONumber = com.kms.katalon.core.webui.keyword.WebUiBuiltInKeywords.getText(com.kms.katalon.core.testobject.ObjectRepository.findTestObject(MOH AND GRN/Page_KDMC/input_lblpono)).trim(): Text of object 'Object Repository/MOH AND GRN/Page_KDMC/input_lblpono' is: ''

2018-05-11 10:54:15 - [MESSAGE][PASSED] - Text of object 'Object Repository/MOH AND GRN/Page_KDMC/input_lblpono' is: ''

2018-05-11 10:54:15 - [TEST_STEP][PASSED] - Statement - PONumber1 = com.kms.katalon.core.webui.keyword.WebUiBuiltInKeywords.getAttribute(com.kms.katalon.core.testobject.ObjectRepository.findTestObject(MOH AND GRN/Page_KDMC/input_lblpono), "value").trim(): Attribute 'value' of object 'Object Repository/MOH AND GRN/Page_KDMC/input_lblpono' is: 'PO0099'

2018-05-11 10:54:15 - [MESSAGE][PASSED] - Attribute 'value' of object 'Object Repository/MOH AND GRN/Page_KDMC/input_lblpono' is: 'PO0099'

2018-05-11 10:54:15 - [TEST_STEP][PASSED] - Statement - out.println("PO NUMBER :" + PONumber): null

2018-05-11 10:54:15 - [TEST_STEP][PASSED] - Statement - out.println("PO NUMBER :" + PONumber1): null

2018-05-11 10:54:15 - [TEST_STEP][PASSED] - click: Object: 'Object Repository/MOH AND GRN/Page_KDMC/input_chkrem' is clicked on

2018-05-11 10:54:20 - [MESSAGE][PASSED] - Object: 'Object Repository/MOH AND GRN/Page_KDMC/input_chkrem' is clicked on

2018-05-11 10:54:20 - [TEST_STEP][PASSED] - scrollToElement: Scroll to object 'Object Repository/MOH AND GRN/Page_KDMC/input_btnreturn' successfully

2018-05-11 10:54:20 - [MESSAGE][PASSED] - Scroll to object 'Object Repository/MOH AND GRN/Page_KDMC/input_btnreturn' successfully

2018-05-11 10:54:20 - [TEST_STEP][PASSED] - click: Object: 'Object Repository/MOH AND GRN/Page_KDMC/input_btnreturn' is clicked on

2018-05-11 10:54:25 - [MESSAGE][PASSED] - Object: 'Object Repository/MOH AND GRN/Page_KDMC/input_btnreturn' is clicked on

2018-05-11 10:54:25 - [TEST_STEP][PASSED] - delay: Delayed 3 second(s)

2018-05-11 10:54:28 - [MESSAGE][PASSED] - Delayed 3 second(s)

2018-05-11 10:54:28 - [TEST_STEP][PASSED] - click: Object: 'Object Repository/MOH AND GRN/Page_KDMC/button_Yes' is clicked on

2018-05-11 10:54:34 - [MESSAGE][PASSED] - Object: 'Object Repository/MOH AND GRN/Page_KDMC/button_Yes' is clicked on

2018-05-11 10:54:34 - [TEST_STEP][PASSED] - delay: Delayed 3 second(s)

2018-05-11 10:54:37 - [MESSAGE][PASSED] - Delayed 3 second(s)

2018-05-11 10:54:37 - [TEST_STEP][PASSED] - click: Object: 'Object Repository/MOH AND GRN/Page_KDMC/button_OK' is clicked on

2018-05-11 10:54:42 - [MESSAGE][PASSED] - Object: 'Object Repository/MOH AND GRN/Page_KDMC/button_OK' is clicked on

2018-05-11 10:54:42 - [TEST_STEP][PASSED] - delay: Delayed 3 second(s)

2018-05-11 10:54:45 - [MESSAGE][PASSED] - Delayed 3 second(s)

2018-05-11 10:54:45 - [TEST_STEP][FAILED] - click: Unable to click on object 'Object Repository/MOH AND GRN/Page_KDMC/a_dropdown-toggle' (Root cause: com.kms.katalon.core.webui.exception.WebElementNotFoundException: Web element with id: 'Object Repository/MOH AND GRN/Page_KDMC/a_dropdown-toggle' located by 'By.xpath: /html[1]/body[@class="skin-blue  pace-done"]/header[@class="header"]/div[@class="row"]/div[@class="col-md-12"]/nav[@class="navbar navbar-static-top"]/div[@class="navbar-right"]/ul[@class="nav navbar-nav"]/li[@class="dropdown user user-menu"]/a[@class="dropdown-toggle"][count(. | //a[@href = '#']) = count(//a[@href = '#'])]' not found)

2018-05-11 10:55:17 - [MESSAGE][FAILED] - Unable to click on object 'Object Repository/MOH AND GRN/Page_KDMC/a_dropdown-toggle' (Root cause: com.kms.katalon.core.webui.exception.WebElementNotFoundException: Web element with id: 'Object Repository/MOH AND GRN/Page_KDMC/a_dropdown-toggle' located by 'By.xpath: /html[1]/body[@class="skin-blue  pace-done"]/header[@class="header"]/div[@class="row"]/div[@class="col-md-12"]/nav[@class="navbar navbar-static-top"]/div[@class="navbar-right"]/ul[@class="nav navbar-nav"]/li[@class="dropdown user user-menu"]/a[@class="dropdown-toggle"][count(. | //a[@href = '#']) = count(//a[@href = '#'])]' not found)
[[ATTACHMENT|C:\\Users\\Quality Analyst\\Katalon Studio\\ds\\Reports\\MOH REQUEST AND GRN\\20180511_101930\\1526016316847.png]]]]></system-out>
         <system-err><![CDATA[2018-05-11 10:52:48 - [TEST_CASE][FAILED] - Test Cases/MOH REQUEST AND GRN/Moh Request GRN  Schedule 10: Test Cases/MOH REQUEST AND GRN/Moh Request GRN  Schedule 10 FAILED because (of) Unable to click on object 'Object Repository/MOH AND GRN/Page_KDMC/a_dropdown-toggle' (Root cause: com.kms.katalon.core.webui.exception.WebElementNotFoundException: Web element with id: 'Object Repository/MOH AND GRN/Page_KDMC/a_dropdown-toggle' located by 'By.xpath: /html[1]/body[@class="skin-blue  pace-done"]/header[@class="header"]/div[@class="row"]/div[@class="col-md-12"]/nav[@class="navbar navbar-static-top"]/div[@class="navbar-right"]/ul[@class="nav navbar-nav"]/li[@class="dropdown user user-menu"]/a[@class="dropdown-toggle"][count(. | //a[@href = '#']) = count(//a[@href = '#'])]' not found)]]></system-err>
      </testcase>
      <testcase name="Test Cases/MOH REQUEST AND GRN/Moh Request GRN  Schedule 11" classname="Test Cases/MOH REQUEST AND GRN/Moh Request GRN  Schedule 11" status="FAILED">
         <failure type="FAILED" message="Unable to click on object 'Object Repository/MOH AND GRN/Page_KDMC - CMS/button_OK' (Root cause: com.kms.katalon.core.webui.exception.WebElementNotFoundException: Web element with id: 'Object Repository/MOH AND GRN/Page_KDMC - CMS/button_OK' located by 'By.xpath: /html[1]/body[@class=&quot;skin-blue  pace-done modal-open&quot;]/div[@class=&quot;bootbox modal fade bootbox-alert in&quot;]/div[@class=&quot;modal-dialog&quot;]/div[@class=&quot;modal-content&quot;]/div[@class=&quot;modal-footer&quot;]/button[@class=&quot;btn btn-primary&quot;][count(. | //button[@type = 'button' and (text() = 'OK' or . = 'OK')]) = count(//button[@type = 'button' and (text() = 'OK' or . = 'OK')])]' not found)"/>
         <system-out><![CDATA[2018-05-11 10:55:17 - [TEST_CASE][FAILED] - Test Cases/MOH REQUEST AND GRN/Moh Request GRN  Schedule 11: Test Cases/MOH REQUEST AND GRN/Moh Request GRN  Schedule 11 FAILED because (of) Unable to click on object 'Object Repository/MOH AND GRN/Page_KDMC - CMS/button_OK' (Root cause: com.kms.katalon.core.webui.exception.WebElementNotFoundException: Web element with id: 'Object Repository/MOH AND GRN/Page_KDMC - CMS/button_OK' located by 'By.xpath: /html[1]/body[@class="skin-blue  pace-done modal-open"]/div[@class="bootbox modal fade bootbox-alert in"]/div[@class="modal-dialog"]/div[@class="modal-content"]/div[@class="modal-footer"]/button[@class="btn btn-primary"][count(. | //button[@type = 'button' and (text() = 'OK' or . = 'OK')]) = count(//button[@type = 'button' and (text() = 'OK' or . = 'OK')])]' not found)

2018-05-11 10:55:17 - [TEST_STEP][PASSED] - openBrowser: Browser is opened with url: ''

2018-05-11 10:55:17 - [MESSAGE][WARNING] - A browser is already opened. Closing browser and opening a new one

2018-05-11 10:55:20 - [MESSAGE][PASSED] - Browser is opened with url: ''

2018-05-11 10:55:20 - [TEST_STEP][PASSED] - navigateToUrl: Navigate to 'http://192.168.137.1/multihospital_new/' successfully

2018-05-11 10:55:22 - [MESSAGE][PASSED] - Navigate to 'http://192.168.137.1/multihospital_new/' successfully

2018-05-11 10:55:22 - [TEST_STEP][PASSED] - maximizeWindow: Current window maximized

2018-05-11 10:55:23 - [MESSAGE][PASSED] - Current window maximized

2018-05-11 10:55:23 - [TEST_STEP][PASSED] - click: Object: 'Object Repository/MOH AND GRN/Page_KDMC/a_CMS' is clicked on

2018-05-11 10:55:24 - [MESSAGE][PASSED] - Object: 'Object Repository/MOH AND GRN/Page_KDMC/a_CMS' is clicked on

2018-05-11 10:55:24 - [TEST_STEP][PASSED] - setText: Text 'bala' is set on object 'Object Repository/MOH AND GRN/Page_CMS login/input_txtusername'

2018-05-11 10:55:24 - [MESSAGE][PASSED] - Text 'bala' is set on object 'Object Repository/MOH AND GRN/Page_CMS login/input_txtusername'

2018-05-11 10:55:24 - [TEST_STEP][PASSED] - setText: Text '123' is set on object 'Object Repository/MOH AND GRN/Page_CMS login/input_txtpassword'

2018-05-11 10:55:24 - [MESSAGE][PASSED] - Text '123' is set on object 'Object Repository/MOH AND GRN/Page_CMS login/input_txtpassword'

2018-05-11 10:55:24 - [TEST_STEP][PASSED] - delay: Delayed 3 second(s)

2018-05-11 10:55:27 - [MESSAGE][PASSED] - Delayed 3 second(s)

2018-05-11 10:55:27 - [TEST_STEP][PASSED] - click: Object: 'Object Repository/MOH AND GRN/Page_CMS login/button_Sign in' is clicked on

2018-05-11 10:55:29 - [MESSAGE][PASSED] - Object: 'Object Repository/MOH AND GRN/Page_CMS login/button_Sign in' is clicked on

2018-05-11 10:55:29 - [TEST_STEP][PASSED] - click: Object: 'Object Repository/MOH AND GRN/Page_KDMC - CMS/a_Request to MOH' is clicked on

2018-05-11 10:55:29 - [MESSAGE][PASSED] - Object: 'Object Repository/MOH AND GRN/Page_KDMC - CMS/a_Request to MOH' is clicked on

2018-05-11 10:55:29 - [TEST_STEP][PASSED] - selectOptionByIndex: All options with index in [2] are selected on object 'Object Repository/MOH AND GRN/Page_KDMC - CMS/select_--Select--'

2018-05-11 10:55:29 - [MESSAGE][PASSED] - All options with index in [2] are selected on object 'Object Repository/MOH AND GRN/Page_KDMC - CMS/select_--Select--'

2018-05-11 10:55:29 - [TEST_STEP][PASSED] - selectOptionByIndex: All options with index in [11] are selected on object 'Object Repository/MOH AND GRN/Page_KDMC - CMS/select_--Select--Schedule 1Inj'

2018-05-11 10:55:30 - [MESSAGE][PASSED] - All options with index in [11] are selected on object 'Object Repository/MOH AND GRN/Page_KDMC - CMS/select_--Select--Schedule 1Inj'

2018-05-11 10:55:30 - [TEST_STEP][PASSED] - Statement - selectedoptions = com.kms.katalon.core.webui.keyword.WebUiBuiltInKeywords.getNumberOfTotalOption(com.kms.katalon.core.testobject.ObjectRepository.findTestObject(MOH AND GRN/Page_KDMC - CMS/select_--Select--Adernaline 0.)): 81 options of object 'Object Repository/MOH AND GRN/Page_KDMC - CMS/select_--Select--Adernaline 0.' counted

2018-05-11 10:55:30 - [MESSAGE][PASSED] - 81 options of object 'Object Repository/MOH AND GRN/Page_KDMC - CMS/select_--Select--Adernaline 0.' counted

2018-05-11 10:55:30 - [TEST_STEP][PASSED] - Statement - For ([j = 1, j <= selectedoptions - 1, (j++)]): Object: 'Object Repository/MOH AND GRN/Page_KDMC - CMS/button_Add' is clicked on

2018-05-11 10:55:30 - [TEST_STEP][PASSED] - selectOptionByIndex: All options with index in [11] are selected on object 'Object Repository/MOH AND GRN/Page_KDMC - CMS/select_--Select--Schedule 1Inj'

2018-05-11 10:55:30 - [MESSAGE][PASSED] - All options with index in [11] are selected on object 'Object Repository/MOH AND GRN/Page_KDMC - CMS/select_--Select--Schedule 1Inj'

2018-05-11 10:55:30 - [TEST_STEP][PASSED] - selectOptionByIndex: All options with index in [1] are selected on object 'Object Repository/MOH AND GRN/Page_KDMC - CMS/select_--Select--Adernaline 0.'

2018-05-11 10:55:30 - [MESSAGE][PASSED] - All options with index in [1] are selected on object 'Object Repository/MOH AND GRN/Page_KDMC - CMS/select_--Select--Adernaline 0.'

2018-05-11 10:55:30 - [TEST_STEP][PASSED] - setText: Text '5000' is set on object 'Object Repository/MOH AND GRN/Page_KDMC - CMS/input_txttreat'

2018-05-11 10:55:30 - [MESSAGE][PASSED] - Text '5000' is set on object 'Object Repository/MOH AND GRN/Page_KDMC - CMS/input_txttreat'

2018-05-11 10:55:30 - [TEST_STEP][PASSED] - click: Object: 'Object Repository/MOH AND GRN/Page_KDMC - CMS/button_Add' is clicked on

2018-05-11 10:55:30 - [MESSAGE][PASSED] - Object: 'Object Repository/MOH AND GRN/Page_KDMC - CMS/button_Add' is clicked on

2018-05-11 10:55:30 - [TEST_STEP][PASSED] - selectOptionByIndex: All options with index in [11] are selected on object 'Object Repository/MOH AND GRN/Page_KDMC - CMS/select_--Select--Schedule 1Inj'

2018-05-11 10:55:30 - [MESSAGE][PASSED] - All options with index in [11] are selected on object 'Object Repository/MOH AND GRN/Page_KDMC - CMS/select_--Select--Schedule 1Inj'

2018-05-11 10:55:30 - [TEST_STEP][PASSED] - selectOptionByIndex: All options with index in [2] are selected on object 'Object Repository/MOH AND GRN/Page_KDMC - CMS/select_--Select--Adernaline 0.'

2018-05-11 10:55:31 - [MESSAGE][PASSED] - All options with index in [2] are selected on object 'Object Repository/MOH AND GRN/Page_KDMC - CMS/select_--Select--Adernaline 0.'

2018-05-11 10:55:31 - [TEST_STEP][PASSED] - setText: Text '5000' is set on object 'Object Repository/MOH AND GRN/Page_KDMC - CMS/input_txttreat'

2018-05-11 10:55:31 - [MESSAGE][PASSED] - Text '5000' is set on object 'Object Repository/MOH AND GRN/Page_KDMC - CMS/input_txttreat'

2018-05-11 10:55:31 - [TEST_STEP][PASSED] - click: Object: 'Object Repository/MOH AND GRN/Page_KDMC - CMS/button_Add' is clicked on

2018-05-11 10:55:31 - [MESSAGE][PASSED] - Object: 'Object Repository/MOH AND GRN/Page_KDMC - CMS/button_Add' is clicked on

2018-05-11 10:55:31 - [TEST_STEP][PASSED] - selectOptionByIndex: All options with index in [11] are selected on object 'Object Repository/MOH AND GRN/Page_KDMC - CMS/select_--Select--Schedule 1Inj'

2018-05-11 10:55:31 - [MESSAGE][PASSED] - All options with index in [11] are selected on object 'Object Repository/MOH AND GRN/Page_KDMC - CMS/select_--Select--Schedule 1Inj'

2018-05-11 10:55:31 - [TEST_STEP][PASSED] - selectOptionByIndex: All options with index in [3] are selected on object 'Object Repository/MOH AND GRN/Page_KDMC - CMS/select_--Select--Adernaline 0.'

2018-05-11 10:55:31 - [MESSAGE][PASSED] - All options with index in [3] are selected on object 'Object Repository/MOH AND GRN/Page_KDMC - CMS/select_--Select--Adernaline 0.'

2018-05-11 10:55:31 - [TEST_STEP][PASSED] - setText: Text '5000' is set on object 'Object Repository/MOH AND GRN/Page_KDMC - CMS/input_txttreat'

2018-05-11 10:55:31 - [MESSAGE][PASSED] - Text '5000' is set on object 'Object Repository/MOH AND GRN/Page_KDMC - CMS/input_txttreat'

2018-05-11 10:55:31 - [TEST_STEP][PASSED] - click: Object: 'Object Repository/MOH AND GRN/Page_KDMC - CMS/button_Add' is clicked on

2018-05-11 10:55:31 - [MESSAGE][PASSED] - Object: 'Object Repository/MOH AND GRN/Page_KDMC - CMS/button_Add' is clicked on

2018-05-11 10:55:31 - [TEST_STEP][PASSED] - selectOptionByIndex: All options with index in [11] are selected on object 'Object Repository/MOH AND GRN/Page_KDMC - CMS/select_--Select--Schedule 1Inj'

2018-05-11 10:55:31 - [MESSAGE][PASSED] - All options with index in [11] are selected on object 'Object Repository/MOH AND GRN/Page_KDMC - CMS/select_--Select--Schedule 1Inj'

2018-05-11 10:55:31 - [TEST_STEP][PASSED] - selectOptionByIndex: All options with index in [4] are selected on object 'Object Repository/MOH AND GRN/Page_KDMC - CMS/select_--Select--Adernaline 0.'

2018-05-11 10:55:31 - [MESSAGE][PASSED] - All options with index in [4] are selected on object 'Object Repository/MOH AND GRN/Page_KDMC - CMS/select_--Select--Adernaline 0.'

2018-05-11 10:55:31 - [TEST_STEP][PASSED] - setText: Text '5000' is set on object 'Object Repository/MOH AND GRN/Page_KDMC - CMS/input_txttreat'

2018-05-11 10:55:32 - [MESSAGE][PASSED] - Text '5000' is set on object 'Object Repository/MOH AND GRN/Page_KDMC - CMS/input_txttreat'

2018-05-11 10:55:32 - [TEST_STEP][PASSED] - click: Object: 'Object Repository/MOH AND GRN/Page_KDMC - CMS/button_Add' is clicked on

2018-05-11 10:55:32 - [MESSAGE][PASSED] - Object: 'Object Repository/MOH AND GRN/Page_KDMC - CMS/button_Add' is clicked on

2018-05-11 10:55:32 - [TEST_STEP][PASSED] - selectOptionByIndex: All options with index in [11] are selected on object 'Object Repository/MOH AND GRN/Page_KDMC - CMS/select_--Select--Schedule 1Inj'

2018-05-11 10:55:32 - [MESSAGE][PASSED] - All options with index in [11] are selected on object 'Object Repository/MOH AND GRN/Page_KDMC - CMS/select_--Select--Schedule 1Inj'

2018-05-11 10:55:32 - [TEST_STEP][PASSED] - selectOptionByIndex: All options with index in [5] are selected on object 'Object Repository/MOH AND GRN/Page_KDMC - CMS/select_--Select--Adernaline 0.'

2018-05-11 10:55:32 - [MESSAGE][PASSED] - All options with index in [5] are selected on object 'Object Repository/MOH AND GRN/Page_KDMC - CMS/select_--Select--Adernaline 0.'

2018-05-11 10:55:32 - [TEST_STEP][PASSED] - setText: Text '5000' is set on object 'Object Repository/MOH AND GRN/Page_KDMC - CMS/input_txttreat'

2018-05-11 10:55:32 - [MESSAGE][PASSED] - Text '5000' is set on object 'Object Repository/MOH AND GRN/Page_KDMC - CMS/input_txttreat'

2018-05-11 10:55:32 - [TEST_STEP][PASSED] - click: Object: 'Object Repository/MOH AND GRN/Page_KDMC - CMS/button_Add' is clicked on

2018-05-11 10:55:32 - [MESSAGE][PASSED] - Object: 'Object Repository/MOH AND GRN/Page_KDMC - CMS/button_Add' is clicked on

2018-05-11 10:55:32 - [TEST_STEP][PASSED] - selectOptionByIndex: All options with index in [11] are selected on object 'Object Repository/MOH AND GRN/Page_KDMC - CMS/select_--Select--Schedule 1Inj'

2018-05-11 10:55:32 - [MESSAGE][PASSED] - All options with index in [11] are selected on object 'Object Repository/MOH AND GRN/Page_KDMC - CMS/select_--Select--Schedule 1Inj'

2018-05-11 10:55:32 - [TEST_STEP][PASSED] - selectOptionByIndex: All options with index in [6] are selected on object 'Object Repository/MOH AND GRN/Page_KDMC - CMS/select_--Select--Adernaline 0.'

2018-05-11 10:55:33 - [MESSAGE][PASSED] - All options with index in [6] are selected on object 'Object Repository/MOH AND GRN/Page_KDMC - CMS/select_--Select--Adernaline 0.'

2018-05-11 10:55:33 - [TEST_STEP][PASSED] - setText: Text '5000' is set on object 'Object Repository/MOH AND GRN/Page_KDMC - CMS/input_txttreat'

2018-05-11 10:55:33 - [MESSAGE][PASSED] - Text '5000' is set on object 'Object Repository/MOH AND GRN/Page_KDMC - CMS/input_txttreat'

2018-05-11 10:55:33 - [TEST_STEP][PASSED] - click: Object: 'Object Repository/MOH AND GRN/Page_KDMC - CMS/button_Add' is clicked on

2018-05-11 10:55:33 - [MESSAGE][PASSED] - Object: 'Object Repository/MOH AND GRN/Page_KDMC - CMS/button_Add' is clicked on

2018-05-11 10:55:33 - [TEST_STEP][PASSED] - selectOptionByIndex: All options with index in [11] are selected on object 'Object Repository/MOH AND GRN/Page_KDMC - CMS/select_--Select--Schedule 1Inj'

2018-05-11 10:55:33 - [MESSAGE][PASSED] - All options with index in [11] are selected on object 'Object Repository/MOH AND GRN/Page_KDMC - CMS/select_--Select--Schedule 1Inj'

2018-05-11 10:55:33 - [TEST_STEP][PASSED] - selectOptionByIndex: All options with index in [7] are selected on object 'Object Repository/MOH AND GRN/Page_KDMC - CMS/select_--Select--Adernaline 0.'

2018-05-11 10:55:33 - [MESSAGE][PASSED] - All options with index in [7] are selected on object 'Object Repository/MOH AND GRN/Page_KDMC - CMS/select_--Select--Adernaline 0.'

2018-05-11 10:55:33 - [TEST_STEP][PASSED] - setText: Text '5000' is set on object 'Object Repository/MOH AND GRN/Page_KDMC - CMS/input_txttreat'

2018-05-11 10:55:33 - [MESSAGE][PASSED] - Text '5000' is set on object 'Object Repository/MOH AND GRN/Page_KDMC - CMS/input_txttreat'

2018-05-11 10:55:33 - [TEST_STEP][PASSED] - click: Object: 'Object Repository/MOH AND GRN/Page_KDMC - CMS/button_Add' is clicked on

2018-05-11 10:55:33 - [MESSAGE][PASSED] - Object: 'Object Repository/MOH AND GRN/Page_KDMC - CMS/button_Add' is clicked on

2018-05-11 10:55:33 - [TEST_STEP][PASSED] - selectOptionByIndex: All options with index in [11] are selected on object 'Object Repository/MOH AND GRN/Page_KDMC - CMS/select_--Select--Schedule 1Inj'

2018-05-11 10:55:33 - [MESSAGE][PASSED] - All options with index in [11] are selected on object 'Object Repository/MOH AND GRN/Page_KDMC - CMS/select_--Select--Schedule 1Inj'

2018-05-11 10:55:33 - [TEST_STEP][PASSED] - selectOptionByIndex: All options with index in [8] are selected on object 'Object Repository/MOH AND GRN/Page_KDMC - CMS/select_--Select--Adernaline 0.'

2018-05-11 10:55:34 - [MESSAGE][PASSED] - All options with index in [8] are selected on object 'Object Repository/MOH AND GRN/Page_KDMC - CMS/select_--Select--Adernaline 0.'

2018-05-11 10:55:34 - [TEST_STEP][PASSED] - setText: Text '5000' is set on object 'Object Repository/MOH AND GRN/Page_KDMC - CMS/input_txttreat'

2018-05-11 10:55:34 - [MESSAGE][PASSED] - Text '5000' is set on object 'Object Repository/MOH AND GRN/Page_KDMC - CMS/input_txttreat'

2018-05-11 10:55:34 - [TEST_STEP][PASSED] - click: Object: 'Object Repository/MOH AND GRN/Page_KDMC - CMS/button_Add' is clicked on

2018-05-11 10:55:34 - [MESSAGE][PASSED] - Object: 'Object Repository/MOH AND GRN/Page_KDMC - CMS/button_Add' is clicked on

2018-05-11 10:55:34 - [TEST_STEP][PASSED] - selectOptionByIndex: All options with index in [11] are selected on object 'Object Repository/MOH AND GRN/Page_KDMC - CMS/select_--Select--Schedule 1Inj'

2018-05-11 10:55:34 - [MESSAGE][PASSED] - All options with index in [11] are selected on object 'Object Repository/MOH AND GRN/Page_KDMC - CMS/select_--Select--Schedule 1Inj'

2018-05-11 10:55:34 - [TEST_STEP][PASSED] - selectOptionByIndex: All options with index in [9] are selected on object 'Object Repository/MOH AND GRN/Page_KDMC - CMS/select_--Select--Adernaline 0.'

2018-05-11 10:55:34 - [MESSAGE][PASSED] - All options with index in [9] are selected on object 'Object Repository/MOH AND GRN/Page_KDMC - CMS/select_--Select--Adernaline 0.'

2018-05-11 10:55:34 - [TEST_STEP][PASSED] - setText: Text '5000' is set on object 'Object Repository/MOH AND GRN/Page_KDMC - CMS/input_txttreat'

2018-05-11 10:55:34 - [MESSAGE][PASSED] - Text '5000' is set on object 'Object Repository/MOH AND GRN/Page_KDMC - CMS/input_txttreat'

2018-05-11 10:55:34 - [TEST_STEP][PASSED] - click: Object: 'Object Repository/MOH AND GRN/Page_KDMC - CMS/button_Add' is clicked on

2018-05-11 10:55:34 - [MESSAGE][PASSED] - Object: 'Object Repository/MOH AND GRN/Page_KDMC - CMS/button_Add' is clicked on

2018-05-11 10:55:34 - [TEST_STEP][PASSED] - selectOptionByIndex: All options with index in [11] are selected on object 'Object Repository/MOH AND GRN/Page_KDMC - CMS/select_--Select--Schedule 1Inj'

2018-05-11 10:55:35 - [MESSAGE][PASSED] - All options with index in [11] are selected on object 'Object Repository/MOH AND GRN/Page_KDMC - CMS/select_--Select--Schedule 1Inj'

2018-05-11 10:55:35 - [TEST_STEP][PASSED] - selectOptionByIndex: All options with index in [10] are selected on object 'Object Repository/MOH AND GRN/Page_KDMC - CMS/select_--Select--Adernaline 0.'

2018-05-11 10:55:35 - [MESSAGE][PASSED] - All options with index in [10] are selected on object 'Object Repository/MOH AND GRN/Page_KDMC - CMS/select_--Select--Adernaline 0.'

2018-05-11 10:55:35 - [TEST_STEP][PASSED] - setText: Text '5000' is set on object 'Object Repository/MOH AND GRN/Page_KDMC - CMS/input_txttreat'

2018-05-11 10:55:35 - [MESSAGE][PASSED] - Text '5000' is set on object 'Object Repository/MOH AND GRN/Page_KDMC - CMS/input_txttreat'

2018-05-11 10:55:35 - [TEST_STEP][PASSED] - click: Object: 'Object Repository/MOH AND GRN/Page_KDMC - CMS/button_Add' is clicked on

2018-05-11 10:55:35 - [MESSAGE][PASSED] - Object: 'Object Repository/MOH AND GRN/Page_KDMC - CMS/button_Add' is clicked on

2018-05-11 10:55:35 - [TEST_STEP][PASSED] - selectOptionByIndex: All options with index in [11] are selected on object 'Object Repository/MOH AND GRN/Page_KDMC - CMS/select_--Select--Schedule 1Inj'

2018-05-11 10:55:35 - [MESSAGE][PASSED] - All options with index in [11] are selected on object 'Object Repository/MOH AND GRN/Page_KDMC - CMS/select_--Select--Schedule 1Inj'

2018-05-11 10:55:35 - [TEST_STEP][PASSED] - selectOptionByIndex: All options with index in [11] are selected on object 'Object Repository/MOH AND GRN/Page_KDMC - CMS/select_--Select--Adernaline 0.'

2018-05-11 10:55:35 - [MESSAGE][PASSED] - All options with index in [11] are selected on object 'Object Repository/MOH AND GRN/Page_KDMC - CMS/select_--Select--Adernaline 0.'

2018-05-11 10:55:35 - [TEST_STEP][PASSED] - setText: Text '5000' is set on object 'Object Repository/MOH AND GRN/Page_KDMC - CMS/input_txttreat'

2018-05-11 10:55:35 - [MESSAGE][PASSED] - Text '5000' is set on object 'Object Repository/MOH AND GRN/Page_KDMC - CMS/input_txttreat'

2018-05-11 10:55:35 - [TEST_STEP][PASSED] - click: Object: 'Object Repository/MOH AND GRN/Page_KDMC - CMS/button_Add' is clicked on

2018-05-11 10:55:36 - [MESSAGE][PASSED] - Object: 'Object Repository/MOH AND GRN/Page_KDMC - CMS/button_Add' is clicked on

2018-05-11 10:55:36 - [TEST_STEP][PASSED] - selectOptionByIndex: All options with index in [11] are selected on object 'Object Repository/MOH AND GRN/Page_KDMC - CMS/select_--Select--Schedule 1Inj'

2018-05-11 10:55:36 - [MESSAGE][PASSED] - All options with index in [11] are selected on object 'Object Repository/MOH AND GRN/Page_KDMC - CMS/select_--Select--Schedule 1Inj'

2018-05-11 10:55:36 - [TEST_STEP][PASSED] - selectOptionByIndex: All options with index in [12] are selected on object 'Object Repository/MOH AND GRN/Page_KDMC - CMS/select_--Select--Adernaline 0.'

2018-05-11 10:55:36 - [MESSAGE][PASSED] - All options with index in [12] are selected on object 'Object Repository/MOH AND GRN/Page_KDMC - CMS/select_--Select--Adernaline 0.'

2018-05-11 10:55:36 - [TEST_STEP][PASSED] - setText: Text '5000' is set on object 'Object Repository/MOH AND GRN/Page_KDMC - CMS/input_txttreat'

2018-05-11 10:55:36 - [MESSAGE][PASSED] - Text '5000' is set on object 'Object Repository/MOH AND GRN/Page_KDMC - CMS/input_txttreat'

2018-05-11 10:55:36 - [TEST_STEP][PASSED] - click: Object: 'Object Repository/MOH AND GRN/Page_KDMC - CMS/button_Add' is clicked on

2018-05-11 10:55:36 - [MESSAGE][PASSED] - Object: 'Object Repository/MOH AND GRN/Page_KDMC - CMS/button_Add' is clicked on

2018-05-11 10:55:36 - [TEST_STEP][PASSED] - selectOptionByIndex: All options with index in [11] are selected on object 'Object Repository/MOH AND GRN/Page_KDMC - CMS/select_--Select--Schedule 1Inj'

2018-05-11 10:55:36 - [MESSAGE][PASSED] - All options with index in [11] are selected on object 'Object Repository/MOH AND GRN/Page_KDMC - CMS/select_--Select--Schedule 1Inj'

2018-05-11 10:55:36 - [TEST_STEP][PASSED] - selectOptionByIndex: All options with index in [13] are selected on object 'Object Repository/MOH AND GRN/Page_KDMC - CMS/select_--Select--Adernaline 0.'

2018-05-11 10:55:37 - [MESSAGE][PASSED] - All options with index in [13] are selected on object 'Object Repository/MOH AND GRN/Page_KDMC - CMS/select_--Select--Adernaline 0.'

2018-05-11 10:55:37 - [TEST_STEP][PASSED] - setText: Text '5000' is set on object 'Object Repository/MOH AND GRN/Page_KDMC - CMS/input_txttreat'

2018-05-11 10:55:37 - [MESSAGE][PASSED] - Text '5000' is set on object 'Object Repository/MOH AND GRN/Page_KDMC - CMS/input_txttreat'

2018-05-11 10:55:37 - [TEST_STEP][PASSED] - click: Object: 'Object Repository/MOH AND GRN/Page_KDMC - CMS/button_Add' is clicked on

2018-05-11 10:55:37 - [MESSAGE][PASSED] - Object: 'Object Repository/MOH AND GRN/Page_KDMC - CMS/button_Add' is clicked on

2018-05-11 10:55:37 - [TEST_STEP][PASSED] - selectOptionByIndex: All options with index in [11] are selected on object 'Object Repository/MOH AND GRN/Page_KDMC - CMS/select_--Select--Schedule 1Inj'

2018-05-11 10:55:37 - [MESSAGE][PASSED] - All options with index in [11] are selected on object 'Object Repository/MOH AND GRN/Page_KDMC - CMS/select_--Select--Schedule 1Inj'

2018-05-11 10:55:37 - [TEST_STEP][PASSED] - selectOptionByIndex: All options with index in [14] are selected on object 'Object Repository/MOH AND GRN/Page_KDMC - CMS/select_--Select--Adernaline 0.'

2018-05-11 10:55:37 - [MESSAGE][PASSED] - All options with index in [14] are selected on object 'Object Repository/MOH AND GRN/Page_KDMC - CMS/select_--Select--Adernaline 0.'

2018-05-11 10:55:37 - [TEST_STEP][PASSED] - setText: Text '5000' is set on object 'Object Repository/MOH AND GRN/Page_KDMC - CMS/input_txttreat'

2018-05-11 10:55:37 - [MESSAGE][PASSED] - Text '5000' is set on object 'Object Repository/MOH AND GRN/Page_KDMC - CMS/input_txttreat'

2018-05-11 10:55:37 - [TEST_STEP][PASSED] - click: Object: 'Object Repository/MOH AND GRN/Page_KDMC - CMS/button_Add' is clicked on

2018-05-11 10:55:37 - [MESSAGE][PASSED] - Object: 'Object Repository/MOH AND GRN/Page_KDMC - CMS/button_Add' is clicked on

2018-05-11 10:55:37 - [TEST_STEP][PASSED] - selectOptionByIndex: All options with index in [11] are selected on object 'Object Repository/MOH AND GRN/Page_KDMC - CMS/select_--Select--Schedule 1Inj'

2018-05-11 10:55:38 - [MESSAGE][PASSED] - All options with index in [11] are selected on object 'Object Repository/MOH AND GRN/Page_KDMC - CMS/select_--Select--Schedule 1Inj'

2018-05-11 10:55:38 - [TEST_STEP][PASSED] - selectOptionByIndex: All options with index in [15] are selected on object 'Object Repository/MOH AND GRN/Page_KDMC - CMS/select_--Select--Adernaline 0.'

2018-05-11 10:55:38 - [MESSAGE][PASSED] - All options with index in [15] are selected on object 'Object Repository/MOH AND GRN/Page_KDMC - CMS/select_--Select--Adernaline 0.'

2018-05-11 10:55:38 - [TEST_STEP][PASSED] - setText: Text '5000' is set on object 'Object Repository/MOH AND GRN/Page_KDMC - CMS/input_txttreat'

2018-05-11 10:55:38 - [MESSAGE][PASSED] - Text '5000' is set on object 'Object Repository/MOH AND GRN/Page_KDMC - CMS/input_txttreat'

2018-05-11 10:55:38 - [TEST_STEP][PASSED] - click: Object: 'Object Repository/MOH AND GRN/Page_KDMC - CMS/button_Add' is clicked on

2018-05-11 10:55:38 - [MESSAGE][PASSED] - Object: 'Object Repository/MOH AND GRN/Page_KDMC - CMS/button_Add' is clicked on

2018-05-11 10:55:38 - [TEST_STEP][PASSED] - selectOptionByIndex: All options with index in [11] are selected on object 'Object Repository/MOH AND GRN/Page_KDMC - CMS/select_--Select--Schedule 1Inj'

2018-05-11 10:55:38 - [MESSAGE][PASSED] - All options with index in [11] are selected on object 'Object Repository/MOH AND GRN/Page_KDMC - CMS/select_--Select--Schedule 1Inj'

2018-05-11 10:55:38 - [TEST_STEP][PASSED] - selectOptionByIndex: All options with index in [16] are selected on object 'Object Repository/MOH AND GRN/Page_KDMC - CMS/select_--Select--Adernaline 0.'

2018-05-11 10:55:39 - [MESSAGE][PASSED] - All options with index in [16] are selected on object 'Object Repository/MOH AND GRN/Page_KDMC - CMS/select_--Select--Adernaline 0.'

2018-05-11 10:55:39 - [TEST_STEP][PASSED] - setText: Text '5000' is set on object 'Object Repository/MOH AND GRN/Page_KDMC - CMS/input_txttreat'

2018-05-11 10:55:39 - [MESSAGE][PASSED] - Text '5000' is set on object 'Object Repository/MOH AND GRN/Page_KDMC - CMS/input_txttreat'

2018-05-11 10:55:39 - [TEST_STEP][PASSED] - click: Object: 'Object Repository/MOH AND GRN/Page_KDMC - CMS/button_Add' is clicked on

2018-05-11 10:55:39 - [MESSAGE][PASSED] - Object: 'Object Repository/MOH AND GRN/Page_KDMC - CMS/button_Add' is clicked on

2018-05-11 10:55:39 - [TEST_STEP][PASSED] - selectOptionByIndex: All options with index in [11] are selected on object 'Object Repository/MOH AND GRN/Page_KDMC - CMS/select_--Select--Schedule 1Inj'

2018-05-11 10:55:39 - [MESSAGE][PASSED] - All options with index in [11] are selected on object 'Object Repository/MOH AND GRN/Page_KDMC - CMS/select_--Select--Schedule 1Inj'

2018-05-11 10:55:39 - [TEST_STEP][PASSED] - selectOptionByIndex: All options with index in [17] are selected on object 'Object Repository/MOH AND GRN/Page_KDMC - CMS/select_--Select--Adernaline 0.'

2018-05-11 10:55:39 - [MESSAGE][PASSED] - All options with index in [17] are selected on object 'Object Repository/MOH AND GRN/Page_KDMC - CMS/select_--Select--Adernaline 0.'

2018-05-11 10:55:39 - [TEST_STEP][PASSED] - setText: Text '5000' is set on object 'Object Repository/MOH AND GRN/Page_KDMC - CMS/input_txttreat'

2018-05-11 10:55:39 - [MESSAGE][PASSED] - Text '5000' is set on object 'Object Repository/MOH AND GRN/Page_KDMC - CMS/input_txttreat'

2018-05-11 10:55:39 - [TEST_STEP][PASSED] - click: Object: 'Object Repository/MOH AND GRN/Page_KDMC - CMS/button_Add' is clicked on

2018-05-11 10:55:39 - [MESSAGE][PASSED] - Object: 'Object Repository/MOH AND GRN/Page_KDMC - CMS/button_Add' is clicked on

2018-05-11 10:55:39 - [TEST_STEP][PASSED] - selectOptionByIndex: All options with index in [11] are selected on object 'Object Repository/MOH AND GRN/Page_KDMC - CMS/select_--Select--Schedule 1Inj'

2018-05-11 10:55:39 - [MESSAGE][PASSED] - All options with index in [11] are selected on object 'Object Repository/MOH AND GRN/Page_KDMC - CMS/select_--Select--Schedule 1Inj'

2018-05-11 10:55:39 - [TEST_STEP][PASSED] - selectOptionByIndex: All options with index in [18] are selected on object 'Object Repository/MOH AND GRN/Page_KDMC - CMS/select_--Select--Adernaline 0.'

2018-05-11 10:55:40 - [MESSAGE][PASSED] - All options with index in [18] are selected on object 'Object Repository/MOH AND GRN/Page_KDMC - CMS/select_--Select--Adernaline 0.'

2018-05-11 10:55:40 - [TEST_STEP][PASSED] - setText: Text '5000' is set on object 'Object Repository/MOH AND GRN/Page_KDMC - CMS/input_txttreat'

2018-05-11 10:55:40 - [MESSAGE][PASSED] - Text '5000' is set on object 'Object Repository/MOH AND GRN/Page_KDMC - CMS/input_txttreat'

2018-05-11 10:55:40 - [TEST_STEP][PASSED] - click: Object: 'Object Repository/MOH AND GRN/Page_KDMC - CMS/button_Add' is clicked on

2018-05-11 10:55:40 - [MESSAGE][PASSED] - Object: 'Object Repository/MOH AND GRN/Page_KDMC - CMS/button_Add' is clicked on

2018-05-11 10:55:40 - [TEST_STEP][PASSED] - selectOptionByIndex: All options with index in [11] are selected on object 'Object Repository/MOH AND GRN/Page_KDMC - CMS/select_--Select--Schedule 1Inj'

2018-05-11 10:55:40 - [MESSAGE][PASSED] - All options with index in [11] are selected on object 'Object Repository/MOH AND GRN/Page_KDMC - CMS/select_--Select--Schedule 1Inj'

2018-05-11 10:55:40 - [TEST_STEP][PASSED] - selectOptionByIndex: All options with index in [19] are selected on object 'Object Repository/MOH AND GRN/Page_KDMC - CMS/select_--Select--Adernaline 0.'

2018-05-11 10:55:40 - [MESSAGE][PASSED] - All options with index in [19] are selected on object 'Object Repository/MOH AND GRN/Page_KDMC - CMS/select_--Select--Adernaline 0.'

2018-05-11 10:55:40 - [TEST_STEP][PASSED] - setText: Text '5000' is set on object 'Object Repository/MOH AND GRN/Page_KDMC - CMS/input_txttreat'

2018-05-11 10:55:41 - [MESSAGE][PASSED] - Text '5000' is set on object 'Object Repository/MOH AND GRN/Page_KDMC - CMS/input_txttreat'

2018-05-11 10:55:41 - [TEST_STEP][PASSED] - click: Object: 'Object Repository/MOH AND GRN/Page_KDMC - CMS/button_Add' is clicked on

2018-05-11 10:55:41 - [MESSAGE][PASSED] - Object: 'Object Repository/MOH AND GRN/Page_KDMC - CMS/button_Add' is clicked on

2018-05-11 10:55:41 - [TEST_STEP][PASSED] - selectOptionByIndex: All options with index in [11] are selected on object 'Object Repository/MOH AND GRN/Page_KDMC - CMS/select_--Select--Schedule 1Inj'

2018-05-11 10:55:41 - [MESSAGE][PASSED] - All options with index in [11] are selected on object 'Object Repository/MOH AND GRN/Page_KDMC - CMS/select_--Select--Schedule 1Inj'

2018-05-11 10:55:41 - [TEST_STEP][PASSED] - selectOptionByIndex: All options with index in [20] are selected on object 'Object Repository/MOH AND GRN/Page_KDMC - CMS/select_--Select--Adernaline 0.'

2018-05-11 10:55:41 - [MESSAGE][PASSED] - All options with index in [20] are selected on object 'Object Repository/MOH AND GRN/Page_KDMC - CMS/select_--Select--Adernaline 0.'

2018-05-11 10:55:41 - [TEST_STEP][PASSED] - setText: Text '5000' is set on object 'Object Repository/MOH AND GRN/Page_KDMC - CMS/input_txttreat'

2018-05-11 10:55:41 - [MESSAGE][PASSED] - Text '5000' is set on object 'Object Repository/MOH AND GRN/Page_KDMC - CMS/input_txttreat'

2018-05-11 10:55:41 - [TEST_STEP][PASSED] - click: Object: 'Object Repository/MOH AND GRN/Page_KDMC - CMS/button_Add' is clicked on

2018-05-11 10:55:41 - [MESSAGE][PASSED] - Object: 'Object Repository/MOH AND GRN/Page_KDMC - CMS/button_Add' is clicked on

2018-05-11 10:55:41 - [TEST_STEP][PASSED] - selectOptionByIndex: All options with index in [11] are selected on object 'Object Repository/MOH AND GRN/Page_KDMC - CMS/select_--Select--Schedule 1Inj'

2018-05-11 10:55:41 - [MESSAGE][PASSED] - All options with index in [11] are selected on object 'Object Repository/MOH AND GRN/Page_KDMC - CMS/select_--Select--Schedule 1Inj'

2018-05-11 10:55:41 - [TEST_STEP][PASSED] - selectOptionByIndex: All options with index in [21] are selected on object 'Object Repository/MOH AND GRN/Page_KDMC - CMS/select_--Select--Adernaline 0.'

2018-05-11 10:55:42 - [MESSAGE][PASSED] - All options with index in [21] are selected on object 'Object Repository/MOH AND GRN/Page_KDMC - CMS/select_--Select--Adernaline 0.'

2018-05-11 10:55:42 - [TEST_STEP][PASSED] - setText: Text '5000' is set on object 'Object Repository/MOH AND GRN/Page_KDMC - CMS/input_txttreat'

2018-05-11 10:55:42 - [MESSAGE][PASSED] - Text '5000' is set on object 'Object Repository/MOH AND GRN/Page_KDMC - CMS/input_txttreat'

2018-05-11 10:55:42 - [TEST_STEP][PASSED] - click: Object: 'Object Repository/MOH AND GRN/Page_KDMC - CMS/button_Add' is clicked on

2018-05-11 10:55:42 - [MESSAGE][PASSED] - Object: 'Object Repository/MOH AND GRN/Page_KDMC - CMS/button_Add' is clicked on

2018-05-11 10:55:42 - [TEST_STEP][PASSED] - selectOptionByIndex: All options with index in [11] are selected on object 'Object Repository/MOH AND GRN/Page_KDMC - CMS/select_--Select--Schedule 1Inj'

2018-05-11 10:55:42 - [MESSAGE][PASSED] - All options with index in [11] are selected on object 'Object Repository/MOH AND GRN/Page_KDMC - CMS/select_--Select--Schedule 1Inj'

2018-05-11 10:55:42 - [TEST_STEP][PASSED] - selectOptionByIndex: All options with index in [22] are selected on object 'Object Repository/MOH AND GRN/Page_KDMC - CMS/select_--Select--Adernaline 0.'

2018-05-11 10:55:42 - [MESSAGE][PASSED] - All options with index in [22] are selected on object 'Object Repository/MOH AND GRN/Page_KDMC - CMS/select_--Select--Adernaline 0.'

2018-05-11 10:55:42 - [TEST_STEP][PASSED] - setText: Text '5000' is set on object 'Object Repository/MOH AND GRN/Page_KDMC - CMS/input_txttreat'

2018-05-11 10:55:43 - [MESSAGE][PASSED] - Text '5000' is set on object 'Object Repository/MOH AND GRN/Page_KDMC - CMS/input_txttreat'

2018-05-11 10:55:43 - [TEST_STEP][PASSED] - click: Object: 'Object Repository/MOH AND GRN/Page_KDMC - CMS/button_Add' is clicked on

2018-05-11 10:55:43 - [MESSAGE][PASSED] - Object: 'Object Repository/MOH AND GRN/Page_KDMC - CMS/button_Add' is clicked on

2018-05-11 10:55:43 - [TEST_STEP][PASSED] - selectOptionByIndex: All options with index in [11] are selected on object 'Object Repository/MOH AND GRN/Page_KDMC - CMS/select_--Select--Schedule 1Inj'

2018-05-11 10:55:43 - [MESSAGE][PASSED] - All options with index in [11] are selected on object 'Object Repository/MOH AND GRN/Page_KDMC - CMS/select_--Select--Schedule 1Inj'

2018-05-11 10:55:43 - [TEST_STEP][PASSED] - selectOptionByIndex: All options with index in [23] are selected on object 'Object Repository/MOH AND GRN/Page_KDMC - CMS/select_--Select--Adernaline 0.'

2018-05-11 10:55:43 - [MESSAGE][PASSED] - All options with index in [23] are selected on object 'Object Repository/MOH AND GRN/Page_KDMC - CMS/select_--Select--Adernaline 0.'

2018-05-11 10:55:43 - [TEST_STEP][PASSED] - setText: Text '5000' is set on object 'Object Repository/MOH AND GRN/Page_KDMC - CMS/input_txttreat'

2018-05-11 10:55:43 - [MESSAGE][PASSED] - Text '5000' is set on object 'Object Repository/MOH AND GRN/Page_KDMC - CMS/input_txttreat'

2018-05-11 10:55:43 - [TEST_STEP][PASSED] - click: Object: 'Object Repository/MOH AND GRN/Page_KDMC - CMS/button_Add' is clicked on

2018-05-11 10:55:43 - [MESSAGE][PASSED] - Object: 'Object Repository/MOH AND GRN/Page_KDMC - CMS/button_Add' is clicked on

2018-05-11 10:55:43 - [TEST_STEP][PASSED] - selectOptionByIndex: All options with index in [11] are selected on object 'Object Repository/MOH AND GRN/Page_KDMC - CMS/select_--Select--Schedule 1Inj'

2018-05-11 10:55:44 - [MESSAGE][PASSED] - All options with index in [11] are selected on object 'Object Repository/MOH AND GRN/Page_KDMC - CMS/select_--Select--Schedule 1Inj'

2018-05-11 10:55:44 - [TEST_STEP][PASSED] - selectOptionByIndex: All options with index in [24] are selected on object 'Object Repository/MOH AND GRN/Page_KDMC - CMS/select_--Select--Adernaline 0.'

2018-05-11 10:55:44 - [MESSAGE][PASSED] - All options with index in [24] are selected on object 'Object Repository/MOH AND GRN/Page_KDMC - CMS/select_--Select--Adernaline 0.'

2018-05-11 10:55:44 - [TEST_STEP][PASSED] - setText: Text '5000' is set on object 'Object Repository/MOH AND GRN/Page_KDMC - CMS/input_txttreat'

2018-05-11 10:55:44 - [MESSAGE][PASSED] - Text '5000' is set on object 'Object Repository/MOH AND GRN/Page_KDMC - CMS/input_txttreat'

2018-05-11 10:55:44 - [TEST_STEP][PASSED] - click: Object: 'Object Repository/MOH AND GRN/Page_KDMC - CMS/button_Add' is clicked on

2018-05-11 10:55:44 - [MESSAGE][PASSED] - Object: 'Object Repository/MOH AND GRN/Page_KDMC - CMS/button_Add' is clicked on

2018-05-11 10:55:44 - [TEST_STEP][PASSED] - selectOptionByIndex: All options with index in [11] are selected on object 'Object Repository/MOH AND GRN/Page_KDMC - CMS/select_--Select--Schedule 1Inj'

2018-05-11 10:55:44 - [MESSAGE][PASSED] - All options with index in [11] are selected on object 'Object Repository/MOH AND GRN/Page_KDMC - CMS/select_--Select--Schedule 1Inj'

2018-05-11 10:55:44 - [TEST_STEP][PASSED] - selectOptionByIndex: All options with index in [25] are selected on object 'Object Repository/MOH AND GRN/Page_KDMC - CMS/select_--Select--Adernaline 0.'

2018-05-11 10:55:45 - [MESSAGE][PASSED] - All options with index in [25] are selected on object 'Object Repository/MOH AND GRN/Page_KDMC - CMS/select_--Select--Adernaline 0.'

2018-05-11 10:55:45 - [TEST_STEP][PASSED] - setText: Text '5000' is set on object 'Object Repository/MOH AND GRN/Page_KDMC - CMS/input_txttreat'

2018-05-11 10:55:45 - [MESSAGE][PASSED] - Text '5000' is set on object 'Object Repository/MOH AND GRN/Page_KDMC - CMS/input_txttreat'

2018-05-11 10:55:45 - [TEST_STEP][PASSED] - click: Object: 'Object Repository/MOH AND GRN/Page_KDMC - CMS/button_Add' is clicked on

2018-05-11 10:55:45 - [MESSAGE][PASSED] - Object: 'Object Repository/MOH AND GRN/Page_KDMC - CMS/button_Add' is clicked on

2018-05-11 10:55:45 - [TEST_STEP][PASSED] - selectOptionByIndex: All options with index in [11] are selected on object 'Object Repository/MOH AND GRN/Page_KDMC - CMS/select_--Select--Schedule 1Inj'

2018-05-11 10:55:45 - [MESSAGE][PASSED] - All options with index in [11] are selected on object 'Object Repository/MOH AND GRN/Page_KDMC - CMS/select_--Select--Schedule 1Inj'

2018-05-11 10:55:45 - [TEST_STEP][PASSED] - selectOptionByIndex: All options with index in [26] are selected on object 'Object Repository/MOH AND GRN/Page_KDMC - CMS/select_--Select--Adernaline 0.'

2018-05-11 10:55:45 - [MESSAGE][PASSED] - All options with index in [26] are selected on object 'Object Repository/MOH AND GRN/Page_KDMC - CMS/select_--Select--Adernaline 0.'

2018-05-11 10:55:45 - [TEST_STEP][PASSED] - setText: Text '5000' is set on object 'Object Repository/MOH AND GRN/Page_KDMC - CMS/input_txttreat'

2018-05-11 10:55:45 - [MESSAGE][PASSED] - Text '5000' is set on object 'Object Repository/MOH AND GRN/Page_KDMC - CMS/input_txttreat'

2018-05-11 10:55:45 - [TEST_STEP][PASSED] - click: Object: 'Object Repository/MOH AND GRN/Page_KDMC - CMS/button_Add' is clicked on

2018-05-11 10:55:46 - [MESSAGE][PASSED] - Object: 'Object Repository/MOH AND GRN/Page_KDMC - CMS/button_Add' is clicked on

2018-05-11 10:55:46 - [TEST_STEP][PASSED] - selectOptionByIndex: All options with index in [11] are selected on object 'Object Repository/MOH AND GRN/Page_KDMC - CMS/select_--Select--Schedule 1Inj'

2018-05-11 10:55:46 - [MESSAGE][PASSED] - All options with index in [11] are selected on object 'Object Repository/MOH AND GRN/Page_KDMC - CMS/select_--Select--Schedule 1Inj'

2018-05-11 10:55:46 - [TEST_STEP][PASSED] - selectOptionByIndex: All options with index in [27] are selected on object 'Object Repository/MOH AND GRN/Page_KDMC - CMS/select_--Select--Adernaline 0.'

2018-05-11 10:55:46 - [MESSAGE][PASSED] - All options with index in [27] are selected on object 'Object Repository/MOH AND GRN/Page_KDMC - CMS/select_--Select--Adernaline 0.'

2018-05-11 10:55:46 - [TEST_STEP][PASSED] - setText: Text '5000' is set on object 'Object Repository/MOH AND GRN/Page_KDMC - CMS/input_txttreat'

2018-05-11 10:55:46 - [MESSAGE][PASSED] - Text '5000' is set on object 'Object Repository/MOH AND GRN/Page_KDMC - CMS/input_txttreat'

2018-05-11 10:55:46 - [TEST_STEP][PASSED] - click: Object: 'Object Repository/MOH AND GRN/Page_KDMC - CMS/button_Add' is clicked on

2018-05-11 10:55:46 - [MESSAGE][PASSED] - Object: 'Object Repository/MOH AND GRN/Page_KDMC - CMS/button_Add' is clicked on

2018-05-11 10:55:46 - [TEST_STEP][PASSED] - selectOptionByIndex: All options with index in [11] are selected on object 'Object Repository/MOH AND GRN/Page_KDMC - CMS/select_--Select--Schedule 1Inj'

2018-05-11 10:55:46 - [MESSAGE][PASSED] - All options with index in [11] are selected on object 'Object Repository/MOH AND GRN/Page_KDMC - CMS/select_--Select--Schedule 1Inj'

2018-05-11 10:55:46 - [TEST_STEP][PASSED] - selectOptionByIndex: All options with index in [28] are selected on object 'Object Repository/MOH AND GRN/Page_KDMC - CMS/select_--Select--Adernaline 0.'

2018-05-11 10:55:47 - [MESSAGE][PASSED] - All options with index in [28] are selected on object 'Object Repository/MOH AND GRN/Page_KDMC - CMS/select_--Select--Adernaline 0.'

2018-05-11 10:55:47 - [TEST_STEP][PASSED] - setText: Text '5000' is set on object 'Object Repository/MOH AND GRN/Page_KDMC - CMS/input_txttreat'

2018-05-11 10:55:47 - [MESSAGE][PASSED] - Text '5000' is set on object 'Object Repository/MOH AND GRN/Page_KDMC - CMS/input_txttreat'

2018-05-11 10:55:47 - [TEST_STEP][PASSED] - click: Object: 'Object Repository/MOH AND GRN/Page_KDMC - CMS/button_Add' is clicked on

2018-05-11 10:55:47 - [MESSAGE][PASSED] - Object: 'Object Repository/MOH AND GRN/Page_KDMC - CMS/button_Add' is clicked on

2018-05-11 10:55:47 - [TEST_STEP][PASSED] - selectOptionByIndex: All options with index in [11] are selected on object 'Object Repository/MOH AND GRN/Page_KDMC - CMS/select_--Select--Schedule 1Inj'

2018-05-11 10:55:47 - [MESSAGE][PASSED] - All options with index in [11] are selected on object 'Object Repository/MOH AND GRN/Page_KDMC - CMS/select_--Select--Schedule 1Inj'

2018-05-11 10:55:47 - [TEST_STEP][PASSED] - selectOptionByIndex: All options with index in [29] are selected on object 'Object Repository/MOH AND GRN/Page_KDMC - CMS/select_--Select--Adernaline 0.'

2018-05-11 10:55:48 - [MESSAGE][PASSED] - All options with index in [29] are selected on object 'Object Repository/MOH AND GRN/Page_KDMC - CMS/select_--Select--Adernaline 0.'

2018-05-11 10:55:48 - [TEST_STEP][PASSED] - setText: Text '5000' is set on object 'Object Repository/MOH AND GRN/Page_KDMC - CMS/input_txttreat'

2018-05-11 10:55:48 - [MESSAGE][PASSED] - Text '5000' is set on object 'Object Repository/MOH AND GRN/Page_KDMC - CMS/input_txttreat'

2018-05-11 10:55:48 - [TEST_STEP][PASSED] - click: Object: 'Object Repository/MOH AND GRN/Page_KDMC - CMS/button_Add' is clicked on

2018-05-11 10:55:48 - [MESSAGE][PASSED] - Object: 'Object Repository/MOH AND GRN/Page_KDMC - CMS/button_Add' is clicked on

2018-05-11 10:55:48 - [TEST_STEP][PASSED] - selectOptionByIndex: All options with index in [11] are selected on object 'Object Repository/MOH AND GRN/Page_KDMC - CMS/select_--Select--Schedule 1Inj'

2018-05-11 10:55:48 - [MESSAGE][PASSED] - All options with index in [11] are selected on object 'Object Repository/MOH AND GRN/Page_KDMC - CMS/select_--Select--Schedule 1Inj'

2018-05-11 10:55:48 - [TEST_STEP][PASSED] - selectOptionByIndex: All options with index in [30] are selected on object 'Object Repository/MOH AND GRN/Page_KDMC - CMS/select_--Select--Adernaline 0.'

2018-05-11 10:55:48 - [MESSAGE][PASSED] - All options with index in [30] are selected on object 'Object Repository/MOH AND GRN/Page_KDMC - CMS/select_--Select--Adernaline 0.'

2018-05-11 10:55:48 - [TEST_STEP][PASSED] - setText: Text '5000' is set on object 'Object Repository/MOH AND GRN/Page_KDMC - CMS/input_txttreat'

2018-05-11 10:55:48 - [MESSAGE][PASSED] - Text '5000' is set on object 'Object Repository/MOH AND GRN/Page_KDMC - CMS/input_txttreat'

2018-05-11 10:55:48 - [TEST_STEP][PASSED] - click: Object: 'Object Repository/MOH AND GRN/Page_KDMC - CMS/button_Add' is clicked on

2018-05-11 10:55:48 - [MESSAGE][PASSED] - Object: 'Object Repository/MOH AND GRN/Page_KDMC - CMS/button_Add' is clicked on

2018-05-11 10:55:48 - [TEST_STEP][PASSED] - selectOptionByIndex: All options with index in [11] are selected on object 'Object Repository/MOH AND GRN/Page_KDMC - CMS/select_--Select--Schedule 1Inj'

2018-05-11 10:55:49 - [MESSAGE][PASSED] - All options with index in [11] are selected on object 'Object Repository/MOH AND GRN/Page_KDMC - CMS/select_--Select--Schedule 1Inj'

2018-05-11 10:55:49 - [TEST_STEP][PASSED] - selectOptionByIndex: All options with index in [31] are selected on object 'Object Repository/MOH AND GRN/Page_KDMC - CMS/select_--Select--Adernaline 0.'

2018-05-11 10:55:49 - [MESSAGE][PASSED] - All options with index in [31] are selected on object 'Object Repository/MOH AND GRN/Page_KDMC - CMS/select_--Select--Adernaline 0.'

2018-05-11 10:55:49 - [TEST_STEP][PASSED] - setText: Text '5000' is set on object 'Object Repository/MOH AND GRN/Page_KDMC - CMS/input_txttreat'

2018-05-11 10:55:49 - [MESSAGE][PASSED] - Text '5000' is set on object 'Object Repository/MOH AND GRN/Page_KDMC - CMS/input_txttreat'

2018-05-11 10:55:49 - [TEST_STEP][PASSED] - click: Object: 'Object Repository/MOH AND GRN/Page_KDMC - CMS/button_Add' is clicked on

2018-05-11 10:55:49 - [MESSAGE][PASSED] - Object: 'Object Repository/MOH AND GRN/Page_KDMC - CMS/button_Add' is clicked on

2018-05-11 10:55:49 - [TEST_STEP][PASSED] - selectOptionByIndex: All options with index in [11] are selected on object 'Object Repository/MOH AND GRN/Page_KDMC - CMS/select_--Select--Schedule 1Inj'

2018-05-11 10:55:49 - [MESSAGE][PASSED] - All options with index in [11] are selected on object 'Object Repository/MOH AND GRN/Page_KDMC - CMS/select_--Select--Schedule 1Inj'

2018-05-11 10:55:49 - [TEST_STEP][PASSED] - selectOptionByIndex: All options with index in [32] are selected on object 'Object Repository/MOH AND GRN/Page_KDMC - CMS/select_--Select--Adernaline 0.'

2018-05-11 10:55:50 - [MESSAGE][PASSED] - All options with index in [32] are selected on object 'Object Repository/MOH AND GRN/Page_KDMC - CMS/select_--Select--Adernaline 0.'

2018-05-11 10:55:50 - [TEST_STEP][PASSED] - setText: Text '5000' is set on object 'Object Repository/MOH AND GRN/Page_KDMC - CMS/input_txttreat'

2018-05-11 10:55:50 - [MESSAGE][PASSED] - Text '5000' is set on object 'Object Repository/MOH AND GRN/Page_KDMC - CMS/input_txttreat'

2018-05-11 10:55:50 - [TEST_STEP][PASSED] - click: Object: 'Object Repository/MOH AND GRN/Page_KDMC - CMS/button_Add' is clicked on

2018-05-11 10:55:50 - [MESSAGE][PASSED] - Object: 'Object Repository/MOH AND GRN/Page_KDMC - CMS/button_Add' is clicked on

2018-05-11 10:55:50 - [TEST_STEP][PASSED] - selectOptionByIndex: All options with index in [11] are selected on object 'Object Repository/MOH AND GRN/Page_KDMC - CMS/select_--Select--Schedule 1Inj'

2018-05-11 10:55:50 - [MESSAGE][PASSED] - All options with index in [11] are selected on object 'Object Repository/MOH AND GRN/Page_KDMC - CMS/select_--Select--Schedule 1Inj'

2018-05-11 10:55:50 - [TEST_STEP][PASSED] - selectOptionByIndex: All options with index in [33] are selected on object 'Object Repository/MOH AND GRN/Page_KDMC - CMS/select_--Select--Adernaline 0.'

2018-05-11 10:55:51 - [MESSAGE][PASSED] - All options with index in [33] are selected on object 'Object Repository/MOH AND GRN/Page_KDMC - CMS/select_--Select--Adernaline 0.'

2018-05-11 10:55:51 - [TEST_STEP][PASSED] - setText: Text '5000' is set on object 'Object Repository/MOH AND GRN/Page_KDMC - CMS/input_txttreat'

2018-05-11 10:55:51 - [MESSAGE][PASSED] - Text '5000' is set on object 'Object Repository/MOH AND GRN/Page_KDMC - CMS/input_txttreat'

2018-05-11 10:55:51 - [TEST_STEP][PASSED] - click: Object: 'Object Repository/MOH AND GRN/Page_KDMC - CMS/button_Add' is clicked on

2018-05-11 10:55:51 - [MESSAGE][PASSED] - Object: 'Object Repository/MOH AND GRN/Page_KDMC - CMS/button_Add' is clicked on

2018-05-11 10:55:51 - [TEST_STEP][PASSED] - selectOptionByIndex: All options with index in [11] are selected on object 'Object Repository/MOH AND GRN/Page_KDMC - CMS/select_--Select--Schedule 1Inj'

2018-05-11 10:55:51 - [MESSAGE][PASSED] - All options with index in [11] are selected on object 'Object Repository/MOH AND GRN/Page_KDMC - CMS/select_--Select--Schedule 1Inj'

2018-05-11 10:55:51 - [TEST_STEP][PASSED] - selectOptionByIndex: All options with index in [34] are selected on object 'Object Repository/MOH AND GRN/Page_KDMC - CMS/select_--Select--Adernaline 0.'

2018-05-11 10:55:51 - [MESSAGE][PASSED] - All options with index in [34] are selected on object 'Object Repository/MOH AND GRN/Page_KDMC - CMS/select_--Select--Adernaline 0.'

2018-05-11 10:55:51 - [TEST_STEP][PASSED] - setText: Text '5000' is set on object 'Object Repository/MOH AND GRN/Page_KDMC - CMS/input_txttreat'

2018-05-11 10:55:52 - [MESSAGE][PASSED] - Text '5000' is set on object 'Object Repository/MOH AND GRN/Page_KDMC - CMS/input_txttreat'

2018-05-11 10:55:52 - [TEST_STEP][PASSED] - click: Object: 'Object Repository/MOH AND GRN/Page_KDMC - CMS/button_Add' is clicked on

2018-05-11 10:55:52 - [MESSAGE][PASSED] - Object: 'Object Repository/MOH AND GRN/Page_KDMC - CMS/button_Add' is clicked on

2018-05-11 10:55:52 - [TEST_STEP][PASSED] - selectOptionByIndex: All options with index in [11] are selected on object 'Object Repository/MOH AND GRN/Page_KDMC - CMS/select_--Select--Schedule 1Inj'

2018-05-11 10:55:52 - [MESSAGE][PASSED] - All options with index in [11] are selected on object 'Object Repository/MOH AND GRN/Page_KDMC - CMS/select_--Select--Schedule 1Inj'

2018-05-11 10:55:52 - [TEST_STEP][PASSED] - selectOptionByIndex: All options with index in [35] are selected on object 'Object Repository/MOH AND GRN/Page_KDMC - CMS/select_--Select--Adernaline 0.'

2018-05-11 10:55:52 - [MESSAGE][PASSED] - All options with index in [35] are selected on object 'Object Repository/MOH AND GRN/Page_KDMC - CMS/select_--Select--Adernaline 0.'

2018-05-11 10:55:52 - [TEST_STEP][PASSED] - setText: Text '5000' is set on object 'Object Repository/MOH AND GRN/Page_KDMC - CMS/input_txttreat'

2018-05-11 10:55:53 - [MESSAGE][PASSED] - Text '5000' is set on object 'Object Repository/MOH AND GRN/Page_KDMC - CMS/input_txttreat'

2018-05-11 10:55:53 - [TEST_STEP][PASSED] - click: Object: 'Object Repository/MOH AND GRN/Page_KDMC - CMS/button_Add' is clicked on

2018-05-11 10:55:53 - [MESSAGE][PASSED] - Object: 'Object Repository/MOH AND GRN/Page_KDMC - CMS/button_Add' is clicked on

2018-05-11 10:55:53 - [TEST_STEP][PASSED] - selectOptionByIndex: All options with index in [11] are selected on object 'Object Repository/MOH AND GRN/Page_KDMC - CMS/select_--Select--Schedule 1Inj'

2018-05-11 10:55:53 - [MESSAGE][PASSED] - All options with index in [11] are selected on object 'Object Repository/MOH AND GRN/Page_KDMC - CMS/select_--Select--Schedule 1Inj'

2018-05-11 10:55:53 - [TEST_STEP][PASSED] - selectOptionByIndex: All options with index in [36] are selected on object 'Object Repository/MOH AND GRN/Page_KDMC - CMS/select_--Select--Adernaline 0.'

2018-05-11 10:55:53 - [MESSAGE][PASSED] - All options with index in [36] are selected on object 'Object Repository/MOH AND GRN/Page_KDMC - CMS/select_--Select--Adernaline 0.'

2018-05-11 10:55:53 - [TEST_STEP][PASSED] - setText: Text '5000' is set on object 'Object Repository/MOH AND GRN/Page_KDMC - CMS/input_txttreat'

2018-05-11 10:55:53 - [MESSAGE][PASSED] - Text '5000' is set on object 'Object Repository/MOH AND GRN/Page_KDMC - CMS/input_txttreat'

2018-05-11 10:55:53 - [TEST_STEP][PASSED] - click: Object: 'Object Repository/MOH AND GRN/Page_KDMC - CMS/button_Add' is clicked on

2018-05-11 10:55:53 - [MESSAGE][PASSED] - Object: 'Object Repository/MOH AND GRN/Page_KDMC - CMS/button_Add' is clicked on

2018-05-11 10:55:53 - [TEST_STEP][PASSED] - selectOptionByIndex: All options with index in [11] are selected on object 'Object Repository/MOH AND GRN/Page_KDMC - CMS/select_--Select--Schedule 1Inj'

2018-05-11 10:55:54 - [MESSAGE][PASSED] - All options with index in [11] are selected on object 'Object Repository/MOH AND GRN/Page_KDMC - CMS/select_--Select--Schedule 1Inj'

2018-05-11 10:55:54 - [TEST_STEP][PASSED] - selectOptionByIndex: All options with index in [37] are selected on object 'Object Repository/MOH AND GRN/Page_KDMC - CMS/select_--Select--Adernaline 0.'

2018-05-11 10:55:54 - [MESSAGE][PASSED] - All options with index in [37] are selected on object 'Object Repository/MOH AND GRN/Page_KDMC - CMS/select_--Select--Adernaline 0.'

2018-05-11 10:55:54 - [TEST_STEP][PASSED] - setText: Text '5000' is set on object 'Object Repository/MOH AND GRN/Page_KDMC - CMS/input_txttreat'

2018-05-11 10:55:54 - [MESSAGE][PASSED] - Text '5000' is set on object 'Object Repository/MOH AND GRN/Page_KDMC - CMS/input_txttreat'

2018-05-11 10:55:54 - [TEST_STEP][PASSED] - click: Object: 'Object Repository/MOH AND GRN/Page_KDMC - CMS/button_Add' is clicked on

2018-05-11 10:55:54 - [MESSAGE][PASSED] - Object: 'Object Repository/MOH AND GRN/Page_KDMC - CMS/button_Add' is clicked on

2018-05-11 10:55:54 - [TEST_STEP][PASSED] - selectOptionByIndex: All options with index in [11] are selected on object 'Object Repository/MOH AND GRN/Page_KDMC - CMS/select_--Select--Schedule 1Inj'

2018-05-11 10:55:54 - [MESSAGE][PASSED] - All options with index in [11] are selected on object 'Object Repository/MOH AND GRN/Page_KDMC - CMS/select_--Select--Schedule 1Inj'

2018-05-11 10:55:54 - [TEST_STEP][PASSED] - selectOptionByIndex: All options with index in [38] are selected on object 'Object Repository/MOH AND GRN/Page_KDMC - CMS/select_--Select--Adernaline 0.'

2018-05-11 10:55:55 - [MESSAGE][PASSED] - All options with index in [38] are selected on object 'Object Repository/MOH AND GRN/Page_KDMC - CMS/select_--Select--Adernaline 0.'

2018-05-11 10:55:55 - [TEST_STEP][PASSED] - setText: Text '5000' is set on object 'Object Repository/MOH AND GRN/Page_KDMC - CMS/input_txttreat'

2018-05-11 10:55:55 - [MESSAGE][PASSED] - Text '5000' is set on object 'Object Repository/MOH AND GRN/Page_KDMC - CMS/input_txttreat'

2018-05-11 10:55:55 - [TEST_STEP][PASSED] - click: Object: 'Object Repository/MOH AND GRN/Page_KDMC - CMS/button_Add' is clicked on

2018-05-11 10:55:55 - [MESSAGE][PASSED] - Object: 'Object Repository/MOH AND GRN/Page_KDMC - CMS/button_Add' is clicked on

2018-05-11 10:55:55 - [TEST_STEP][PASSED] - selectOptionByIndex: All options with index in [11] are selected on object 'Object Repository/MOH AND GRN/Page_KDMC - CMS/select_--Select--Schedule 1Inj'

2018-05-11 10:55:55 - [MESSAGE][PASSED] - All options with index in [11] are selected on object 'Object Repository/MOH AND GRN/Page_KDMC - CMS/select_--Select--Schedule 1Inj'

2018-05-11 10:55:55 - [TEST_STEP][PASSED] - selectOptionByIndex: All options with index in [39] are selected on object 'Object Repository/MOH AND GRN/Page_KDMC - CMS/select_--Select--Adernaline 0.'

2018-05-11 10:55:56 - [MESSAGE][PASSED] - All options with index in [39] are selected on object 'Object Repository/MOH AND GRN/Page_KDMC - CMS/select_--Select--Adernaline 0.'

2018-05-11 10:55:56 - [TEST_STEP][PASSED] - setText: Text '5000' is set on object 'Object Repository/MOH AND GRN/Page_KDMC - CMS/input_txttreat'

2018-05-11 10:55:56 - [MESSAGE][PASSED] - Text '5000' is set on object 'Object Repository/MOH AND GRN/Page_KDMC - CMS/input_txttreat'

2018-05-11 10:55:56 - [TEST_STEP][PASSED] - click: Object: 'Object Repository/MOH AND GRN/Page_KDMC - CMS/button_Add' is clicked on

2018-05-11 10:55:56 - [MESSAGE][PASSED] - Object: 'Object Repository/MOH AND GRN/Page_KDMC - CMS/button_Add' is clicked on

2018-05-11 10:55:56 - [TEST_STEP][PASSED] - selectOptionByIndex: All options with index in [11] are selected on object 'Object Repository/MOH AND GRN/Page_KDMC - CMS/select_--Select--Schedule 1Inj'

2018-05-11 10:55:56 - [MESSAGE][PASSED] - All options with index in [11] are selected on object 'Object Repository/MOH AND GRN/Page_KDMC - CMS/select_--Select--Schedule 1Inj'

2018-05-11 10:55:56 - [TEST_STEP][PASSED] - selectOptionByIndex: All options with index in [40] are selected on object 'Object Repository/MOH AND GRN/Page_KDMC - CMS/select_--Select--Adernaline 0.'

2018-05-11 10:55:57 - [MESSAGE][PASSED] - All options with index in [40] are selected on object 'Object Repository/MOH AND GRN/Page_KDMC - CMS/select_--Select--Adernaline 0.'

2018-05-11 10:55:57 - [TEST_STEP][PASSED] - setText: Text '5000' is set on object 'Object Repository/MOH AND GRN/Page_KDMC - CMS/input_txttreat'

2018-05-11 10:55:57 - [MESSAGE][PASSED] - Text '5000' is set on object 'Object Repository/MOH AND GRN/Page_KDMC - CMS/input_txttreat'

2018-05-11 10:55:57 - [TEST_STEP][PASSED] - click: Object: 'Object Repository/MOH AND GRN/Page_KDMC - CMS/button_Add' is clicked on

2018-05-11 10:55:57 - [MESSAGE][PASSED] - Object: 'Object Repository/MOH AND GRN/Page_KDMC - CMS/button_Add' is clicked on

2018-05-11 10:55:57 - [TEST_STEP][PASSED] - selectOptionByIndex: All options with index in [11] are selected on object 'Object Repository/MOH AND GRN/Page_KDMC - CMS/select_--Select--Schedule 1Inj'

2018-05-11 10:55:57 - [MESSAGE][PASSED] - All options with index in [11] are selected on object 'Object Repository/MOH AND GRN/Page_KDMC - CMS/select_--Select--Schedule 1Inj'

2018-05-11 10:55:57 - [TEST_STEP][PASSED] - selectOptionByIndex: All options with index in [41] are selected on object 'Object Repository/MOH AND GRN/Page_KDMC - CMS/select_--Select--Adernaline 0.'

2018-05-11 10:55:58 - [MESSAGE][PASSED] - All options with index in [41] are selected on object 'Object Repository/MOH AND GRN/Page_KDMC - CMS/select_--Select--Adernaline 0.'

2018-05-11 10:55:58 - [TEST_STEP][PASSED] - setText: Text '5000' is set on object 'Object Repository/MOH AND GRN/Page_KDMC - CMS/input_txttreat'

2018-05-11 10:55:58 - [MESSAGE][PASSED] - Text '5000' is set on object 'Object Repository/MOH AND GRN/Page_KDMC - CMS/input_txttreat'

2018-05-11 10:55:58 - [TEST_STEP][PASSED] - click: Object: 'Object Repository/MOH AND GRN/Page_KDMC - CMS/button_Add' is clicked on

2018-05-11 10:55:58 - [MESSAGE][PASSED] - Object: 'Object Repository/MOH AND GRN/Page_KDMC - CMS/button_Add' is clicked on

2018-05-11 10:55:58 - [TEST_STEP][PASSED] - selectOptionByIndex: All options with index in [11] are selected on object 'Object Repository/MOH AND GRN/Page_KDMC - CMS/select_--Select--Schedule 1Inj'

2018-05-11 10:55:58 - [MESSAGE][PASSED] - All options with index in [11] are selected on object 'Object Repository/MOH AND GRN/Page_KDMC - CMS/select_--Select--Schedule 1Inj'

2018-05-11 10:55:58 - [TEST_STEP][PASSED] - selectOptionByIndex: All options with index in [42] are selected on object 'Object Repository/MOH AND GRN/Page_KDMC - CMS/select_--Select--Adernaline 0.'

2018-05-11 10:55:59 - [MESSAGE][PASSED] - All options with index in [42] are selected on object 'Object Repository/MOH AND GRN/Page_KDMC - CMS/select_--Select--Adernaline 0.'

2018-05-11 10:55:59 - [TEST_STEP][PASSED] - setText: Text '5000' is set on object 'Object Repository/MOH AND GRN/Page_KDMC - CMS/input_txttreat'

2018-05-11 10:55:59 - [MESSAGE][PASSED] - Text '5000' is set on object 'Object Repository/MOH AND GRN/Page_KDMC - CMS/input_txttreat'

2018-05-11 10:55:59 - [TEST_STEP][PASSED] - click: Object: 'Object Repository/MOH AND GRN/Page_KDMC - CMS/button_Add' is clicked on

2018-05-11 10:55:59 - [MESSAGE][PASSED] - Object: 'Object Repository/MOH AND GRN/Page_KDMC - CMS/button_Add' is clicked on

2018-05-11 10:55:59 - [TEST_STEP][PASSED] - selectOptionByIndex: All options with index in [11] are selected on object 'Object Repository/MOH AND GRN/Page_KDMC - CMS/select_--Select--Schedule 1Inj'

2018-05-11 10:55:59 - [MESSAGE][PASSED] - All options with index in [11] are selected on object 'Object Repository/MOH AND GRN/Page_KDMC - CMS/select_--Select--Schedule 1Inj'

2018-05-11 10:55:59 - [TEST_STEP][PASSED] - selectOptionByIndex: All options with index in [43] are selected on object 'Object Repository/MOH AND GRN/Page_KDMC - CMS/select_--Select--Adernaline 0.'

2018-05-11 10:56:00 - [MESSAGE][PASSED] - All options with index in [43] are selected on object 'Object Repository/MOH AND GRN/Page_KDMC - CMS/select_--Select--Adernaline 0.'

2018-05-11 10:56:00 - [TEST_STEP][PASSED] - setText: Text '5000' is set on object 'Object Repository/MOH AND GRN/Page_KDMC - CMS/input_txttreat'

2018-05-11 10:56:00 - [MESSAGE][PASSED] - Text '5000' is set on object 'Object Repository/MOH AND GRN/Page_KDMC - CMS/input_txttreat'

2018-05-11 10:56:00 - [TEST_STEP][PASSED] - click: Object: 'Object Repository/MOH AND GRN/Page_KDMC - CMS/button_Add' is clicked on

2018-05-11 10:56:00 - [MESSAGE][PASSED] - Object: 'Object Repository/MOH AND GRN/Page_KDMC - CMS/button_Add' is clicked on

2018-05-11 10:56:00 - [TEST_STEP][PASSED] - selectOptionByIndex: All options with index in [11] are selected on object 'Object Repository/MOH AND GRN/Page_KDMC - CMS/select_--Select--Schedule 1Inj'

2018-05-11 10:56:00 - [MESSAGE][PASSED] - All options with index in [11] are selected on object 'Object Repository/MOH AND GRN/Page_KDMC - CMS/select_--Select--Schedule 1Inj'

2018-05-11 10:56:00 - [TEST_STEP][PASSED] - selectOptionByIndex: All options with index in [44] are selected on object 'Object Repository/MOH AND GRN/Page_KDMC - CMS/select_--Select--Adernaline 0.'

2018-05-11 10:56:01 - [MESSAGE][PASSED] - All options with index in [44] are selected on object 'Object Repository/MOH AND GRN/Page_KDMC - CMS/select_--Select--Adernaline 0.'

2018-05-11 10:56:01 - [TEST_STEP][PASSED] - setText: Text '5000' is set on object 'Object Repository/MOH AND GRN/Page_KDMC - CMS/input_txttreat'

2018-05-11 10:56:01 - [MESSAGE][PASSED] - Text '5000' is set on object 'Object Repository/MOH AND GRN/Page_KDMC - CMS/input_txttreat'

2018-05-11 10:56:01 - [TEST_STEP][PASSED] - click: Object: 'Object Repository/MOH AND GRN/Page_KDMC - CMS/button_Add' is clicked on

2018-05-11 10:56:01 - [MESSAGE][PASSED] - Object: 'Object Repository/MOH AND GRN/Page_KDMC - CMS/button_Add' is clicked on

2018-05-11 10:56:01 - [TEST_STEP][PASSED] - selectOptionByIndex: All options with index in [11] are selected on object 'Object Repository/MOH AND GRN/Page_KDMC - CMS/select_--Select--Schedule 1Inj'

2018-05-11 10:56:01 - [MESSAGE][PASSED] - All options with index in [11] are selected on object 'Object Repository/MOH AND GRN/Page_KDMC - CMS/select_--Select--Schedule 1Inj'

2018-05-11 10:56:01 - [TEST_STEP][PASSED] - selectOptionByIndex: All options with index in [45] are selected on object 'Object Repository/MOH AND GRN/Page_KDMC - CMS/select_--Select--Adernaline 0.'

2018-05-11 10:56:02 - [MESSAGE][PASSED] - All options with index in [45] are selected on object 'Object Repository/MOH AND GRN/Page_KDMC - CMS/select_--Select--Adernaline 0.'

2018-05-11 10:56:02 - [TEST_STEP][PASSED] - setText: Text '5000' is set on object 'Object Repository/MOH AND GRN/Page_KDMC - CMS/input_txttreat'

2018-05-11 10:56:02 - [MESSAGE][PASSED] - Text '5000' is set on object 'Object Repository/MOH AND GRN/Page_KDMC - CMS/input_txttreat'

2018-05-11 10:56:02 - [TEST_STEP][PASSED] - click: Object: 'Object Repository/MOH AND GRN/Page_KDMC - CMS/button_Add' is clicked on

2018-05-11 10:56:02 - [MESSAGE][PASSED] - Object: 'Object Repository/MOH AND GRN/Page_KDMC - CMS/button_Add' is clicked on

2018-05-11 10:56:02 - [TEST_STEP][PASSED] - selectOptionByIndex: All options with index in [11] are selected on object 'Object Repository/MOH AND GRN/Page_KDMC - CMS/select_--Select--Schedule 1Inj'

2018-05-11 10:56:02 - [MESSAGE][PASSED] - All options with index in [11] are selected on object 'Object Repository/MOH AND GRN/Page_KDMC - CMS/select_--Select--Schedule 1Inj'

2018-05-11 10:56:02 - [TEST_STEP][PASSED] - selectOptionByIndex: All options with index in [46] are selected on object 'Object Repository/MOH AND GRN/Page_KDMC - CMS/select_--Select--Adernaline 0.'

2018-05-11 10:56:03 - [MESSAGE][PASSED] - All options with index in [46] are selected on object 'Object Repository/MOH AND GRN/Page_KDMC - CMS/select_--Select--Adernaline 0.'

2018-05-11 10:56:03 - [TEST_STEP][PASSED] - setText: Text '5000' is set on object 'Object Repository/MOH AND GRN/Page_KDMC - CMS/input_txttreat'

2018-05-11 10:56:03 - [MESSAGE][PASSED] - Text '5000' is set on object 'Object Repository/MOH AND GRN/Page_KDMC - CMS/input_txttreat'

2018-05-11 10:56:03 - [TEST_STEP][PASSED] - click: Object: 'Object Repository/MOH AND GRN/Page_KDMC - CMS/button_Add' is clicked on

2018-05-11 10:56:03 - [MESSAGE][PASSED] - Object: 'Object Repository/MOH AND GRN/Page_KDMC - CMS/button_Add' is clicked on

2018-05-11 10:56:03 - [TEST_STEP][PASSED] - selectOptionByIndex: All options with index in [11] are selected on object 'Object Repository/MOH AND GRN/Page_KDMC - CMS/select_--Select--Schedule 1Inj'

2018-05-11 10:56:03 - [MESSAGE][PASSED] - All options with index in [11] are selected on object 'Object Repository/MOH AND GRN/Page_KDMC - CMS/select_--Select--Schedule 1Inj'

2018-05-11 10:56:03 - [TEST_STEP][PASSED] - selectOptionByIndex: All options with index in [47] are selected on object 'Object Repository/MOH AND GRN/Page_KDMC - CMS/select_--Select--Adernaline 0.'

2018-05-11 10:56:04 - [MESSAGE][PASSED] - All options with index in [47] are selected on object 'Object Repository/MOH AND GRN/Page_KDMC - CMS/select_--Select--Adernaline 0.'

2018-05-11 10:56:04 - [TEST_STEP][PASSED] - setText: Text '5000' is set on object 'Object Repository/MOH AND GRN/Page_KDMC - CMS/input_txttreat'

2018-05-11 10:56:04 - [MESSAGE][PASSED] - Text '5000' is set on object 'Object Repository/MOH AND GRN/Page_KDMC - CMS/input_txttreat'

2018-05-11 10:56:04 - [TEST_STEP][PASSED] - click: Object: 'Object Repository/MOH AND GRN/Page_KDMC - CMS/button_Add' is clicked on

2018-05-11 10:56:04 - [MESSAGE][PASSED] - Object: 'Object Repository/MOH AND GRN/Page_KDMC - CMS/button_Add' is clicked on

2018-05-11 10:56:04 - [TEST_STEP][PASSED] - selectOptionByIndex: All options with index in [11] are selected on object 'Object Repository/MOH AND GRN/Page_KDMC - CMS/select_--Select--Schedule 1Inj'

2018-05-11 10:56:04 - [MESSAGE][PASSED] - All options with index in [11] are selected on object 'Object Repository/MOH AND GRN/Page_KDMC - CMS/select_--Select--Schedule 1Inj'

2018-05-11 10:56:04 - [TEST_STEP][PASSED] - selectOptionByIndex: All options with index in [48] are selected on object 'Object Repository/MOH AND GRN/Page_KDMC - CMS/select_--Select--Adernaline 0.'

2018-05-11 10:56:05 - [MESSAGE][PASSED] - All options with index in [48] are selected on object 'Object Repository/MOH AND GRN/Page_KDMC - CMS/select_--Select--Adernaline 0.'

2018-05-11 10:56:05 - [TEST_STEP][PASSED] - setText: Text '5000' is set on object 'Object Repository/MOH AND GRN/Page_KDMC - CMS/input_txttreat'

2018-05-11 10:56:05 - [MESSAGE][PASSED] - Text '5000' is set on object 'Object Repository/MOH AND GRN/Page_KDMC - CMS/input_txttreat'

2018-05-11 10:56:05 - [TEST_STEP][PASSED] - click: Object: 'Object Repository/MOH AND GRN/Page_KDMC - CMS/button_Add' is clicked on

2018-05-11 10:56:05 - [MESSAGE][PASSED] - Object: 'Object Repository/MOH AND GRN/Page_KDMC - CMS/button_Add' is clicked on

2018-05-11 10:56:05 - [TEST_STEP][PASSED] - selectOptionByIndex: All options with index in [11] are selected on object 'Object Repository/MOH AND GRN/Page_KDMC - CMS/select_--Select--Schedule 1Inj'

2018-05-11 10:56:05 - [MESSAGE][PASSED] - All options with index in [11] are selected on object 'Object Repository/MOH AND GRN/Page_KDMC - CMS/select_--Select--Schedule 1Inj'

2018-05-11 10:56:05 - [TEST_STEP][PASSED] - selectOptionByIndex: All options with index in [49] are selected on object 'Object Repository/MOH AND GRN/Page_KDMC - CMS/select_--Select--Adernaline 0.'

2018-05-11 10:56:06 - [MESSAGE][PASSED] - All options with index in [49] are selected on object 'Object Repository/MOH AND GRN/Page_KDMC - CMS/select_--Select--Adernaline 0.'

2018-05-11 10:56:06 - [TEST_STEP][PASSED] - setText: Text '5000' is set on object 'Object Repository/MOH AND GRN/Page_KDMC - CMS/input_txttreat'

2018-05-11 10:56:06 - [MESSAGE][PASSED] - Text '5000' is set on object 'Object Repository/MOH AND GRN/Page_KDMC - CMS/input_txttreat'

2018-05-11 10:56:06 - [TEST_STEP][PASSED] - click: Object: 'Object Repository/MOH AND GRN/Page_KDMC - CMS/button_Add' is clicked on

2018-05-11 10:56:06 - [MESSAGE][PASSED] - Object: 'Object Repository/MOH AND GRN/Page_KDMC - CMS/button_Add' is clicked on

2018-05-11 10:56:06 - [TEST_STEP][PASSED] - selectOptionByIndex: All options with index in [11] are selected on object 'Object Repository/MOH AND GRN/Page_KDMC - CMS/select_--Select--Schedule 1Inj'

2018-05-11 10:56:06 - [MESSAGE][PASSED] - All options with index in [11] are selected on object 'Object Repository/MOH AND GRN/Page_KDMC - CMS/select_--Select--Schedule 1Inj'

2018-05-11 10:56:06 - [TEST_STEP][PASSED] - selectOptionByIndex: All options with index in [50] are selected on object 'Object Repository/MOH AND GRN/Page_KDMC - CMS/select_--Select--Adernaline 0.'

2018-05-11 10:56:07 - [MESSAGE][PASSED] - All options with index in [50] are selected on object 'Object Repository/MOH AND GRN/Page_KDMC - CMS/select_--Select--Adernaline 0.'

2018-05-11 10:56:07 - [TEST_STEP][PASSED] - setText: Text '5000' is set on object 'Object Repository/MOH AND GRN/Page_KDMC - CMS/input_txttreat'

2018-05-11 10:56:07 - [MESSAGE][PASSED] - Text '5000' is set on object 'Object Repository/MOH AND GRN/Page_KDMC - CMS/input_txttreat'

2018-05-11 10:56:07 - [TEST_STEP][PASSED] - click: Object: 'Object Repository/MOH AND GRN/Page_KDMC - CMS/button_Add' is clicked on

2018-05-11 10:56:07 - [MESSAGE][PASSED] - Object: 'Object Repository/MOH AND GRN/Page_KDMC - CMS/button_Add' is clicked on

2018-05-11 10:56:07 - [TEST_STEP][PASSED] - selectOptionByIndex: All options with index in [11] are selected on object 'Object Repository/MOH AND GRN/Page_KDMC - CMS/select_--Select--Schedule 1Inj'

2018-05-11 10:56:07 - [MESSAGE][PASSED] - All options with index in [11] are selected on object 'Object Repository/MOH AND GRN/Page_KDMC - CMS/select_--Select--Schedule 1Inj'

2018-05-11 10:56:07 - [TEST_STEP][PASSED] - selectOptionByIndex: All options with index in [51] are selected on object 'Object Repository/MOH AND GRN/Page_KDMC - CMS/select_--Select--Adernaline 0.'

2018-05-11 10:56:08 - [MESSAGE][PASSED] - All options with index in [51] are selected on object 'Object Repository/MOH AND GRN/Page_KDMC - CMS/select_--Select--Adernaline 0.'

2018-05-11 10:56:08 - [TEST_STEP][PASSED] - setText: Text '5000' is set on object 'Object Repository/MOH AND GRN/Page_KDMC - CMS/input_txttreat'

2018-05-11 10:56:08 - [MESSAGE][PASSED] - Text '5000' is set on object 'Object Repository/MOH AND GRN/Page_KDMC - CMS/input_txttreat'

2018-05-11 10:56:08 - [TEST_STEP][PASSED] - click: Object: 'Object Repository/MOH AND GRN/Page_KDMC - CMS/button_Add' is clicked on

2018-05-11 10:56:08 - [MESSAGE][PASSED] - Object: 'Object Repository/MOH AND GRN/Page_KDMC - CMS/button_Add' is clicked on

2018-05-11 10:56:08 - [TEST_STEP][PASSED] - selectOptionByIndex: All options with index in [11] are selected on object 'Object Repository/MOH AND GRN/Page_KDMC - CMS/select_--Select--Schedule 1Inj'

2018-05-11 10:56:08 - [MESSAGE][PASSED] - All options with index in [11] are selected on object 'Object Repository/MOH AND GRN/Page_KDMC - CMS/select_--Select--Schedule 1Inj'

2018-05-11 10:56:08 - [TEST_STEP][PASSED] - selectOptionByIndex: All options with index in [52] are selected on object 'Object Repository/MOH AND GRN/Page_KDMC - CMS/select_--Select--Adernaline 0.'

2018-05-11 10:56:09 - [MESSAGE][PASSED] - All options with index in [52] are selected on object 'Object Repository/MOH AND GRN/Page_KDMC - CMS/select_--Select--Adernaline 0.'

2018-05-11 10:56:09 - [TEST_STEP][PASSED] - setText: Text '5000' is set on object 'Object Repository/MOH AND GRN/Page_KDMC - CMS/input_txttreat'

2018-05-11 10:56:09 - [MESSAGE][PASSED] - Text '5000' is set on object 'Object Repository/MOH AND GRN/Page_KDMC - CMS/input_txttreat'

2018-05-11 10:56:09 - [TEST_STEP][PASSED] - click: Object: 'Object Repository/MOH AND GRN/Page_KDMC - CMS/button_Add' is clicked on

2018-05-11 10:56:09 - [MESSAGE][PASSED] - Object: 'Object Repository/MOH AND GRN/Page_KDMC - CMS/button_Add' is clicked on

2018-05-11 10:56:09 - [TEST_STEP][PASSED] - selectOptionByIndex: All options with index in [11] are selected on object 'Object Repository/MOH AND GRN/Page_KDMC - CMS/select_--Select--Schedule 1Inj'

2018-05-11 10:56:09 - [MESSAGE][PASSED] - All options with index in [11] are selected on object 'Object Repository/MOH AND GRN/Page_KDMC - CMS/select_--Select--Schedule 1Inj'

2018-05-11 10:56:09 - [TEST_STEP][PASSED] - selectOptionByIndex: All options with index in [53] are selected on object 'Object Repository/MOH AND GRN/Page_KDMC - CMS/select_--Select--Adernaline 0.'

2018-05-11 10:56:09 - [MESSAGE][PASSED] - All options with index in [53] are selected on object 'Object Repository/MOH AND GRN/Page_KDMC - CMS/select_--Select--Adernaline 0.'

2018-05-11 10:56:09 - [TEST_STEP][PASSED] - setText: Text '5000' is set on object 'Object Repository/MOH AND GRN/Page_KDMC - CMS/input_txttreat'

2018-05-11 10:56:10 - [MESSAGE][PASSED] - Text '5000' is set on object 'Object Repository/MOH AND GRN/Page_KDMC - CMS/input_txttreat'

2018-05-11 10:56:10 - [TEST_STEP][PASSED] - click: Object: 'Object Repository/MOH AND GRN/Page_KDMC - CMS/button_Add' is clicked on

2018-05-11 10:56:10 - [MESSAGE][PASSED] - Object: 'Object Repository/MOH AND GRN/Page_KDMC - CMS/button_Add' is clicked on

2018-05-11 10:56:10 - [TEST_STEP][PASSED] - selectOptionByIndex: All options with index in [11] are selected on object 'Object Repository/MOH AND GRN/Page_KDMC - CMS/select_--Select--Schedule 1Inj'

2018-05-11 10:56:10 - [MESSAGE][PASSED] - All options with index in [11] are selected on object 'Object Repository/MOH AND GRN/Page_KDMC - CMS/select_--Select--Schedule 1Inj'

2018-05-11 10:56:10 - [TEST_STEP][PASSED] - selectOptionByIndex: All options with index in [54] are selected on object 'Object Repository/MOH AND GRN/Page_KDMC - CMS/select_--Select--Adernaline 0.'

2018-05-11 10:56:11 - [MESSAGE][PASSED] - All options with index in [54] are selected on object 'Object Repository/MOH AND GRN/Page_KDMC - CMS/select_--Select--Adernaline 0.'

2018-05-11 10:56:11 - [TEST_STEP][PASSED] - setText: Text '5000' is set on object 'Object Repository/MOH AND GRN/Page_KDMC - CMS/input_txttreat'

2018-05-11 10:56:11 - [MESSAGE][PASSED] - Text '5000' is set on object 'Object Repository/MOH AND GRN/Page_KDMC - CMS/input_txttreat'

2018-05-11 10:56:11 - [TEST_STEP][PASSED] - click: Object: 'Object Repository/MOH AND GRN/Page_KDMC - CMS/button_Add' is clicked on

2018-05-11 10:56:11 - [MESSAGE][PASSED] - Object: 'Object Repository/MOH AND GRN/Page_KDMC - CMS/button_Add' is clicked on

2018-05-11 10:56:11 - [TEST_STEP][PASSED] - selectOptionByIndex: All options with index in [11] are selected on object 'Object Repository/MOH AND GRN/Page_KDMC - CMS/select_--Select--Schedule 1Inj'

2018-05-11 10:56:11 - [MESSAGE][PASSED] - All options with index in [11] are selected on object 'Object Repository/MOH AND GRN/Page_KDMC - CMS/select_--Select--Schedule 1Inj'

2018-05-11 10:56:11 - [TEST_STEP][PASSED] - selectOptionByIndex: All options with index in [55] are selected on object 'Object Repository/MOH AND GRN/Page_KDMC - CMS/select_--Select--Adernaline 0.'

2018-05-11 10:56:12 - [MESSAGE][PASSED] - All options with index in [55] are selected on object 'Object Repository/MOH AND GRN/Page_KDMC - CMS/select_--Select--Adernaline 0.'

2018-05-11 10:56:12 - [TEST_STEP][PASSED] - setText: Text '5000' is set on object 'Object Repository/MOH AND GRN/Page_KDMC - CMS/input_txttreat'

2018-05-11 10:56:12 - [MESSAGE][PASSED] - Text '5000' is set on object 'Object Repository/MOH AND GRN/Page_KDMC - CMS/input_txttreat'

2018-05-11 10:56:12 - [TEST_STEP][PASSED] - click: Object: 'Object Repository/MOH AND GRN/Page_KDMC - CMS/button_Add' is clicked on

2018-05-11 10:56:12 - [MESSAGE][PASSED] - Object: 'Object Repository/MOH AND GRN/Page_KDMC - CMS/button_Add' is clicked on

2018-05-11 10:56:12 - [TEST_STEP][PASSED] - selectOptionByIndex: All options with index in [11] are selected on object 'Object Repository/MOH AND GRN/Page_KDMC - CMS/select_--Select--Schedule 1Inj'

2018-05-11 10:56:12 - [MESSAGE][PASSED] - All options with index in [11] are selected on object 'Object Repository/MOH AND GRN/Page_KDMC - CMS/select_--Select--Schedule 1Inj'

2018-05-11 10:56:12 - [TEST_STEP][PASSED] - selectOptionByIndex: All options with index in [56] are selected on object 'Object Repository/MOH AND GRN/Page_KDMC - CMS/select_--Select--Adernaline 0.'

2018-05-11 10:56:13 - [MESSAGE][PASSED] - All options with index in [56] are selected on object 'Object Repository/MOH AND GRN/Page_KDMC - CMS/select_--Select--Adernaline 0.'

2018-05-11 10:56:13 - [TEST_STEP][PASSED] - setText: Text '5000' is set on object 'Object Repository/MOH AND GRN/Page_KDMC - CMS/input_txttreat'

2018-05-11 10:56:13 - [MESSAGE][PASSED] - Text '5000' is set on object 'Object Repository/MOH AND GRN/Page_KDMC - CMS/input_txttreat'

2018-05-11 10:56:13 - [TEST_STEP][PASSED] - click: Object: 'Object Repository/MOH AND GRN/Page_KDMC - CMS/button_Add' is clicked on

2018-05-11 10:56:13 - [MESSAGE][PASSED] - Object: 'Object Repository/MOH AND GRN/Page_KDMC - CMS/button_Add' is clicked on

2018-05-11 10:56:13 - [TEST_STEP][PASSED] - selectOptionByIndex: All options with index in [11] are selected on object 'Object Repository/MOH AND GRN/Page_KDMC - CMS/select_--Select--Schedule 1Inj'

2018-05-11 10:56:13 - [MESSAGE][PASSED] - All options with index in [11] are selected on object 'Object Repository/MOH AND GRN/Page_KDMC - CMS/select_--Select--Schedule 1Inj'

2018-05-11 10:56:13 - [TEST_STEP][PASSED] - selectOptionByIndex: All options with index in [57] are selected on object 'Object Repository/MOH AND GRN/Page_KDMC - CMS/select_--Select--Adernaline 0.'

2018-05-11 10:56:14 - [MESSAGE][PASSED] - All options with index in [57] are selected on object 'Object Repository/MOH AND GRN/Page_KDMC - CMS/select_--Select--Adernaline 0.'

2018-05-11 10:56:14 - [TEST_STEP][PASSED] - setText: Text '5000' is set on object 'Object Repository/MOH AND GRN/Page_KDMC - CMS/input_txttreat'

2018-05-11 10:56:14 - [MESSAGE][PASSED] - Text '5000' is set on object 'Object Repository/MOH AND GRN/Page_KDMC - CMS/input_txttreat'

2018-05-11 10:56:14 - [TEST_STEP][PASSED] - click: Object: 'Object Repository/MOH AND GRN/Page_KDMC - CMS/button_Add' is clicked on

2018-05-11 10:56:14 - [MESSAGE][PASSED] - Object: 'Object Repository/MOH AND GRN/Page_KDMC - CMS/button_Add' is clicked on

2018-05-11 10:56:14 - [TEST_STEP][PASSED] - selectOptionByIndex: All options with index in [11] are selected on object 'Object Repository/MOH AND GRN/Page_KDMC - CMS/select_--Select--Schedule 1Inj'

2018-05-11 10:56:14 - [MESSAGE][PASSED] - All options with index in [11] are selected on object 'Object Repository/MOH AND GRN/Page_KDMC - CMS/select_--Select--Schedule 1Inj'

2018-05-11 10:56:14 - [TEST_STEP][PASSED] - selectOptionByIndex: All options with index in [58] are selected on object 'Object Repository/MOH AND GRN/Page_KDMC - CMS/select_--Select--Adernaline 0.'

2018-05-11 10:56:15 - [MESSAGE][PASSED] - All options with index in [58] are selected on object 'Object Repository/MOH AND GRN/Page_KDMC - CMS/select_--Select--Adernaline 0.'

2018-05-11 10:56:15 - [TEST_STEP][PASSED] - setText: Text '5000' is set on object 'Object Repository/MOH AND GRN/Page_KDMC - CMS/input_txttreat'

2018-05-11 10:56:15 - [MESSAGE][PASSED] - Text '5000' is set on object 'Object Repository/MOH AND GRN/Page_KDMC - CMS/input_txttreat'

2018-05-11 10:56:15 - [TEST_STEP][PASSED] - click: Object: 'Object Repository/MOH AND GRN/Page_KDMC - CMS/button_Add' is clicked on

2018-05-11 10:56:15 - [MESSAGE][PASSED] - Object: 'Object Repository/MOH AND GRN/Page_KDMC - CMS/button_Add' is clicked on

2018-05-11 10:56:15 - [TEST_STEP][PASSED] - selectOptionByIndex: All options with index in [11] are selected on object 'Object Repository/MOH AND GRN/Page_KDMC - CMS/select_--Select--Schedule 1Inj'

2018-05-11 10:56:15 - [MESSAGE][PASSED] - All options with index in [11] are selected on object 'Object Repository/MOH AND GRN/Page_KDMC - CMS/select_--Select--Schedule 1Inj'

2018-05-11 10:56:15 - [TEST_STEP][PASSED] - selectOptionByIndex: All options with index in [59] are selected on object 'Object Repository/MOH AND GRN/Page_KDMC - CMS/select_--Select--Adernaline 0.'

2018-05-11 10:56:16 - [MESSAGE][PASSED] - All options with index in [59] are selected on object 'Object Repository/MOH AND GRN/Page_KDMC - CMS/select_--Select--Adernaline 0.'

2018-05-11 10:56:16 - [TEST_STEP][PASSED] - setText: Text '5000' is set on object 'Object Repository/MOH AND GRN/Page_KDMC - CMS/input_txttreat'

2018-05-11 10:56:16 - [MESSAGE][PASSED] - Text '5000' is set on object 'Object Repository/MOH AND GRN/Page_KDMC - CMS/input_txttreat'

2018-05-11 10:56:16 - [TEST_STEP][PASSED] - click: Object: 'Object Repository/MOH AND GRN/Page_KDMC - CMS/button_Add' is clicked on

2018-05-11 10:56:16 - [MESSAGE][PASSED] - Object: 'Object Repository/MOH AND GRN/Page_KDMC - CMS/button_Add' is clicked on

2018-05-11 10:56:16 - [TEST_STEP][PASSED] - selectOptionByIndex: All options with index in [11] are selected on object 'Object Repository/MOH AND GRN/Page_KDMC - CMS/select_--Select--Schedule 1Inj'

2018-05-11 10:56:16 - [MESSAGE][PASSED] - All options with index in [11] are selected on object 'Object Repository/MOH AND GRN/Page_KDMC - CMS/select_--Select--Schedule 1Inj'

2018-05-11 10:56:16 - [TEST_STEP][PASSED] - selectOptionByIndex: All options with index in [60] are selected on object 'Object Repository/MOH AND GRN/Page_KDMC - CMS/select_--Select--Adernaline 0.'

2018-05-11 10:56:17 - [MESSAGE][PASSED] - All options with index in [60] are selected on object 'Object Repository/MOH AND GRN/Page_KDMC - CMS/select_--Select--Adernaline 0.'

2018-05-11 10:56:17 - [TEST_STEP][PASSED] - setText: Text '5000' is set on object 'Object Repository/MOH AND GRN/Page_KDMC - CMS/input_txttreat'

2018-05-11 10:56:17 - [MESSAGE][PASSED] - Text '5000' is set on object 'Object Repository/MOH AND GRN/Page_KDMC - CMS/input_txttreat'

2018-05-11 10:56:17 - [TEST_STEP][PASSED] - click: Object: 'Object Repository/MOH AND GRN/Page_KDMC - CMS/button_Add' is clicked on

2018-05-11 10:56:17 - [MESSAGE][PASSED] - Object: 'Object Repository/MOH AND GRN/Page_KDMC - CMS/button_Add' is clicked on

2018-05-11 10:56:17 - [TEST_STEP][PASSED] - selectOptionByIndex: All options with index in [11] are selected on object 'Object Repository/MOH AND GRN/Page_KDMC - CMS/select_--Select--Schedule 1Inj'

2018-05-11 10:56:17 - [MESSAGE][PASSED] - All options with index in [11] are selected on object 'Object Repository/MOH AND GRN/Page_KDMC - CMS/select_--Select--Schedule 1Inj'

2018-05-11 10:56:17 - [TEST_STEP][PASSED] - selectOptionByIndex: All options with index in [61] are selected on object 'Object Repository/MOH AND GRN/Page_KDMC - CMS/select_--Select--Adernaline 0.'

2018-05-11 10:56:18 - [MESSAGE][PASSED] - All options with index in [61] are selected on object 'Object Repository/MOH AND GRN/Page_KDMC - CMS/select_--Select--Adernaline 0.'

2018-05-11 10:56:18 - [TEST_STEP][PASSED] - setText: Text '5000' is set on object 'Object Repository/MOH AND GRN/Page_KDMC - CMS/input_txttreat'

2018-05-11 10:56:18 - [MESSAGE][PASSED] - Text '5000' is set on object 'Object Repository/MOH AND GRN/Page_KDMC - CMS/input_txttreat'

2018-05-11 10:56:18 - [TEST_STEP][PASSED] - click: Object: 'Object Repository/MOH AND GRN/Page_KDMC - CMS/button_Add' is clicked on

2018-05-11 10:56:18 - [MESSAGE][PASSED] - Object: 'Object Repository/MOH AND GRN/Page_KDMC - CMS/button_Add' is clicked on

2018-05-11 10:56:18 - [TEST_STEP][PASSED] - selectOptionByIndex: All options with index in [11] are selected on object 'Object Repository/MOH AND GRN/Page_KDMC - CMS/select_--Select--Schedule 1Inj'

2018-05-11 10:56:18 - [MESSAGE][PASSED] - All options with index in [11] are selected on object 'Object Repository/MOH AND GRN/Page_KDMC - CMS/select_--Select--Schedule 1Inj'

2018-05-11 10:56:18 - [TEST_STEP][PASSED] - selectOptionByIndex: All options with index in [62] are selected on object 'Object Repository/MOH AND GRN/Page_KDMC - CMS/select_--Select--Adernaline 0.'

2018-05-11 10:56:19 - [MESSAGE][PASSED] - All options with index in [62] are selected on object 'Object Repository/MOH AND GRN/Page_KDMC - CMS/select_--Select--Adernaline 0.'

2018-05-11 10:56:19 - [TEST_STEP][PASSED] - setText: Text '5000' is set on object 'Object Repository/MOH AND GRN/Page_KDMC - CMS/input_txttreat'

2018-05-11 10:56:19 - [MESSAGE][PASSED] - Text '5000' is set on object 'Object Repository/MOH AND GRN/Page_KDMC - CMS/input_txttreat'

2018-05-11 10:56:19 - [TEST_STEP][PASSED] - click: Object: 'Object Repository/MOH AND GRN/Page_KDMC - CMS/button_Add' is clicked on

2018-05-11 10:56:19 - [MESSAGE][PASSED] - Object: 'Object Repository/MOH AND GRN/Page_KDMC - CMS/button_Add' is clicked on

2018-05-11 10:56:19 - [TEST_STEP][PASSED] - selectOptionByIndex: All options with index in [11] are selected on object 'Object Repository/MOH AND GRN/Page_KDMC - CMS/select_--Select--Schedule 1Inj'

2018-05-11 10:56:20 - [MESSAGE][PASSED] - All options with index in [11] are selected on object 'Object Repository/MOH AND GRN/Page_KDMC - CMS/select_--Select--Schedule 1Inj'

2018-05-11 10:56:20 - [TEST_STEP][PASSED] - selectOptionByIndex: All options with index in [63] are selected on object 'Object Repository/MOH AND GRN/Page_KDMC - CMS/select_--Select--Adernaline 0.'

2018-05-11 10:56:20 - [MESSAGE][PASSED] - All options with index in [63] are selected on object 'Object Repository/MOH AND GRN/Page_KDMC - CMS/select_--Select--Adernaline 0.'

2018-05-11 10:56:20 - [TEST_STEP][PASSED] - setText: Text '5000' is set on object 'Object Repository/MOH AND GRN/Page_KDMC - CMS/input_txttreat'

2018-05-11 10:56:20 - [MESSAGE][PASSED] - Text '5000' is set on object 'Object Repository/MOH AND GRN/Page_KDMC - CMS/input_txttreat'

2018-05-11 10:56:20 - [TEST_STEP][PASSED] - click: Object: 'Object Repository/MOH AND GRN/Page_KDMC - CMS/button_Add' is clicked on

2018-05-11 10:56:21 - [MESSAGE][PASSED] - Object: 'Object Repository/MOH AND GRN/Page_KDMC - CMS/button_Add' is clicked on

2018-05-11 10:56:21 - [TEST_STEP][PASSED] - selectOptionByIndex: All options with index in [11] are selected on object 'Object Repository/MOH AND GRN/Page_KDMC - CMS/select_--Select--Schedule 1Inj'

2018-05-11 10:56:21 - [MESSAGE][PASSED] - All options with index in [11] are selected on object 'Object Repository/MOH AND GRN/Page_KDMC - CMS/select_--Select--Schedule 1Inj'

2018-05-11 10:56:21 - [TEST_STEP][PASSED] - selectOptionByIndex: All options with index in [64] are selected on object 'Object Repository/MOH AND GRN/Page_KDMC - CMS/select_--Select--Adernaline 0.'

2018-05-11 10:56:21 - [MESSAGE][PASSED] - All options with index in [64] are selected on object 'Object Repository/MOH AND GRN/Page_KDMC - CMS/select_--Select--Adernaline 0.'

2018-05-11 10:56:21 - [TEST_STEP][PASSED] - setText: Text '5000' is set on object 'Object Repository/MOH AND GRN/Page_KDMC - CMS/input_txttreat'

2018-05-11 10:56:22 - [MESSAGE][PASSED] - Text '5000' is set on object 'Object Repository/MOH AND GRN/Page_KDMC - CMS/input_txttreat'

2018-05-11 10:56:22 - [TEST_STEP][PASSED] - click: Object: 'Object Repository/MOH AND GRN/Page_KDMC - CMS/button_Add' is clicked on

2018-05-11 10:56:22 - [MESSAGE][PASSED] - Object: 'Object Repository/MOH AND GRN/Page_KDMC - CMS/button_Add' is clicked on

2018-05-11 10:56:22 - [TEST_STEP][PASSED] - selectOptionByIndex: All options with index in [11] are selected on object 'Object Repository/MOH AND GRN/Page_KDMC - CMS/select_--Select--Schedule 1Inj'

2018-05-11 10:56:22 - [MESSAGE][PASSED] - All options with index in [11] are selected on object 'Object Repository/MOH AND GRN/Page_KDMC - CMS/select_--Select--Schedule 1Inj'

2018-05-11 10:56:22 - [TEST_STEP][PASSED] - selectOptionByIndex: All options with index in [65] are selected on object 'Object Repository/MOH AND GRN/Page_KDMC - CMS/select_--Select--Adernaline 0.'

2018-05-11 10:56:23 - [MESSAGE][PASSED] - All options with index in [65] are selected on object 'Object Repository/MOH AND GRN/Page_KDMC - CMS/select_--Select--Adernaline 0.'

2018-05-11 10:56:23 - [TEST_STEP][PASSED] - setText: Text '5000' is set on object 'Object Repository/MOH AND GRN/Page_KDMC - CMS/input_txttreat'

2018-05-11 10:56:23 - [MESSAGE][PASSED] - Text '5000' is set on object 'Object Repository/MOH AND GRN/Page_KDMC - CMS/input_txttreat'

2018-05-11 10:56:23 - [TEST_STEP][PASSED] - click: Object: 'Object Repository/MOH AND GRN/Page_KDMC - CMS/button_Add' is clicked on

2018-05-11 10:56:23 - [MESSAGE][PASSED] - Object: 'Object Repository/MOH AND GRN/Page_KDMC - CMS/button_Add' is clicked on

2018-05-11 10:56:23 - [TEST_STEP][PASSED] - selectOptionByIndex: All options with index in [11] are selected on object 'Object Repository/MOH AND GRN/Page_KDMC - CMS/select_--Select--Schedule 1Inj'

2018-05-11 10:56:23 - [MESSAGE][PASSED] - All options with index in [11] are selected on object 'Object Repository/MOH AND GRN/Page_KDMC - CMS/select_--Select--Schedule 1Inj'

2018-05-11 10:56:23 - [TEST_STEP][PASSED] - selectOptionByIndex: All options with index in [66] are selected on object 'Object Repository/MOH AND GRN/Page_KDMC - CMS/select_--Select--Adernaline 0.'

2018-05-11 10:56:24 - [MESSAGE][PASSED] - All options with index in [66] are selected on object 'Object Repository/MOH AND GRN/Page_KDMC - CMS/select_--Select--Adernaline 0.'

2018-05-11 10:56:24 - [TEST_STEP][PASSED] - setText: Text '5000' is set on object 'Object Repository/MOH AND GRN/Page_KDMC - CMS/input_txttreat'

2018-05-11 10:56:24 - [MESSAGE][PASSED] - Text '5000' is set on object 'Object Repository/MOH AND GRN/Page_KDMC - CMS/input_txttreat'

2018-05-11 10:56:24 - [TEST_STEP][PASSED] - click: Object: 'Object Repository/MOH AND GRN/Page_KDMC - CMS/button_Add' is clicked on

2018-05-11 10:56:24 - [MESSAGE][PASSED] - Object: 'Object Repository/MOH AND GRN/Page_KDMC - CMS/button_Add' is clicked on

2018-05-11 10:56:24 - [TEST_STEP][PASSED] - selectOptionByIndex: All options with index in [11] are selected on object 'Object Repository/MOH AND GRN/Page_KDMC - CMS/select_--Select--Schedule 1Inj'

2018-05-11 10:56:24 - [MESSAGE][PASSED] - All options with index in [11] are selected on object 'Object Repository/MOH AND GRN/Page_KDMC - CMS/select_--Select--Schedule 1Inj'

2018-05-11 10:56:24 - [TEST_STEP][PASSED] - selectOptionByIndex: All options with index in [67] are selected on object 'Object Repository/MOH AND GRN/Page_KDMC - CMS/select_--Select--Adernaline 0.'

2018-05-11 10:56:25 - [MESSAGE][PASSED] - All options with index in [67] are selected on object 'Object Repository/MOH AND GRN/Page_KDMC - CMS/select_--Select--Adernaline 0.'

2018-05-11 10:56:25 - [TEST_STEP][PASSED] - setText: Text '5000' is set on object 'Object Repository/MOH AND GRN/Page_KDMC - CMS/input_txttreat'

2018-05-11 10:56:25 - [MESSAGE][PASSED] - Text '5000' is set on object 'Object Repository/MOH AND GRN/Page_KDMC - CMS/input_txttreat'

2018-05-11 10:56:25 - [TEST_STEP][PASSED] - click: Object: 'Object Repository/MOH AND GRN/Page_KDMC - CMS/button_Add' is clicked on

2018-05-11 10:56:25 - [MESSAGE][PASSED] - Object: 'Object Repository/MOH AND GRN/Page_KDMC - CMS/button_Add' is clicked on

2018-05-11 10:56:25 - [TEST_STEP][PASSED] - selectOptionByIndex: All options with index in [11] are selected on object 'Object Repository/MOH AND GRN/Page_KDMC - CMS/select_--Select--Schedule 1Inj'

2018-05-11 10:56:25 - [MESSAGE][PASSED] - All options with index in [11] are selected on object 'Object Repository/MOH AND GRN/Page_KDMC - CMS/select_--Select--Schedule 1Inj'

2018-05-11 10:56:25 - [TEST_STEP][PASSED] - selectOptionByIndex: All options with index in [68] are selected on object 'Object Repository/MOH AND GRN/Page_KDMC - CMS/select_--Select--Adernaline 0.'

2018-05-11 10:56:26 - [MESSAGE][PASSED] - All options with index in [68] are selected on object 'Object Repository/MOH AND GRN/Page_KDMC - CMS/select_--Select--Adernaline 0.'

2018-05-11 10:56:26 - [TEST_STEP][PASSED] - setText: Text '5000' is set on object 'Object Repository/MOH AND GRN/Page_KDMC - CMS/input_txttreat'

2018-05-11 10:56:26 - [MESSAGE][PASSED] - Text '5000' is set on object 'Object Repository/MOH AND GRN/Page_KDMC - CMS/input_txttreat'

2018-05-11 10:56:26 - [TEST_STEP][PASSED] - click: Object: 'Object Repository/MOH AND GRN/Page_KDMC - CMS/button_Add' is clicked on

2018-05-11 10:56:26 - [MESSAGE][PASSED] - Object: 'Object Repository/MOH AND GRN/Page_KDMC - CMS/button_Add' is clicked on

2018-05-11 10:56:26 - [TEST_STEP][PASSED] - selectOptionByIndex: All options with index in [11] are selected on object 'Object Repository/MOH AND GRN/Page_KDMC - CMS/select_--Select--Schedule 1Inj'

2018-05-11 10:56:26 - [MESSAGE][PASSED] - All options with index in [11] are selected on object 'Object Repository/MOH AND GRN/Page_KDMC - CMS/select_--Select--Schedule 1Inj'

2018-05-11 10:56:26 - [TEST_STEP][PASSED] - selectOptionByIndex: All options with index in [69] are selected on object 'Object Repository/MOH AND GRN/Page_KDMC - CMS/select_--Select--Adernaline 0.'

2018-05-11 10:56:27 - [MESSAGE][PASSED] - All options with index in [69] are selected on object 'Object Repository/MOH AND GRN/Page_KDMC - CMS/select_--Select--Adernaline 0.'

2018-05-11 10:56:27 - [TEST_STEP][PASSED] - setText: Text '5000' is set on object 'Object Repository/MOH AND GRN/Page_KDMC - CMS/input_txttreat'

2018-05-11 10:56:27 - [MESSAGE][PASSED] - Text '5000' is set on object 'Object Repository/MOH AND GRN/Page_KDMC - CMS/input_txttreat'

2018-05-11 10:56:27 - [TEST_STEP][PASSED] - click: Object: 'Object Repository/MOH AND GRN/Page_KDMC - CMS/button_Add' is clicked on

2018-05-11 10:56:27 - [MESSAGE][PASSED] - Object: 'Object Repository/MOH AND GRN/Page_KDMC - CMS/button_Add' is clicked on

2018-05-11 10:56:27 - [TEST_STEP][PASSED] - selectOptionByIndex: All options with index in [11] are selected on object 'Object Repository/MOH AND GRN/Page_KDMC - CMS/select_--Select--Schedule 1Inj'

2018-05-11 10:56:27 - [MESSAGE][PASSED] - All options with index in [11] are selected on object 'Object Repository/MOH AND GRN/Page_KDMC - CMS/select_--Select--Schedule 1Inj'

2018-05-11 10:56:27 - [TEST_STEP][PASSED] - selectOptionByIndex: All options with index in [70] are selected on object 'Object Repository/MOH AND GRN/Page_KDMC - CMS/select_--Select--Adernaline 0.'

2018-05-11 10:56:28 - [MESSAGE][PASSED] - All options with index in [70] are selected on object 'Object Repository/MOH AND GRN/Page_KDMC - CMS/select_--Select--Adernaline 0.'

2018-05-11 10:56:28 - [TEST_STEP][PASSED] - setText: Text '5000' is set on object 'Object Repository/MOH AND GRN/Page_KDMC - CMS/input_txttreat'

2018-05-11 10:56:28 - [MESSAGE][PASSED] - Text '5000' is set on object 'Object Repository/MOH AND GRN/Page_KDMC - CMS/input_txttreat'

2018-05-11 10:56:28 - [TEST_STEP][PASSED] - click: Object: 'Object Repository/MOH AND GRN/Page_KDMC - CMS/button_Add' is clicked on

2018-05-11 10:56:28 - [MESSAGE][PASSED] - Object: 'Object Repository/MOH AND GRN/Page_KDMC - CMS/button_Add' is clicked on

2018-05-11 10:56:28 - [TEST_STEP][PASSED] - selectOptionByIndex: All options with index in [11] are selected on object 'Object Repository/MOH AND GRN/Page_KDMC - CMS/select_--Select--Schedule 1Inj'

2018-05-11 10:56:29 - [MESSAGE][PASSED] - All options with index in [11] are selected on object 'Object Repository/MOH AND GRN/Page_KDMC - CMS/select_--Select--Schedule 1Inj'

2018-05-11 10:56:29 - [TEST_STEP][PASSED] - selectOptionByIndex: All options with index in [71] are selected on object 'Object Repository/MOH AND GRN/Page_KDMC - CMS/select_--Select--Adernaline 0.'

2018-05-11 10:56:29 - [MESSAGE][PASSED] - All options with index in [71] are selected on object 'Object Repository/MOH AND GRN/Page_KDMC - CMS/select_--Select--Adernaline 0.'

2018-05-11 10:56:29 - [TEST_STEP][PASSED] - setText: Text '5000' is set on object 'Object Repository/MOH AND GRN/Page_KDMC - CMS/input_txttreat'

2018-05-11 10:56:30 - [MESSAGE][PASSED] - Text '5000' is set on object 'Object Repository/MOH AND GRN/Page_KDMC - CMS/input_txttreat'

2018-05-11 10:56:30 - [TEST_STEP][PASSED] - click: Object: 'Object Repository/MOH AND GRN/Page_KDMC - CMS/button_Add' is clicked on

2018-05-11 10:56:30 - [MESSAGE][PASSED] - Object: 'Object Repository/MOH AND GRN/Page_KDMC - CMS/button_Add' is clicked on

2018-05-11 10:56:30 - [TEST_STEP][PASSED] - selectOptionByIndex: All options with index in [11] are selected on object 'Object Repository/MOH AND GRN/Page_KDMC - CMS/select_--Select--Schedule 1Inj'

2018-05-11 10:56:30 - [MESSAGE][PASSED] - All options with index in [11] are selected on object 'Object Repository/MOH AND GRN/Page_KDMC - CMS/select_--Select--Schedule 1Inj'

2018-05-11 10:56:30 - [TEST_STEP][PASSED] - selectOptionByIndex: All options with index in [72] are selected on object 'Object Repository/MOH AND GRN/Page_KDMC - CMS/select_--Select--Adernaline 0.'

2018-05-11 10:56:31 - [MESSAGE][PASSED] - All options with index in [72] are selected on object 'Object Repository/MOH AND GRN/Page_KDMC - CMS/select_--Select--Adernaline 0.'

2018-05-11 10:56:31 - [TEST_STEP][PASSED] - setText: Text '5000' is set on object 'Object Repository/MOH AND GRN/Page_KDMC - CMS/input_txttreat'

2018-05-11 10:56:31 - [MESSAGE][PASSED] - Text '5000' is set on object 'Object Repository/MOH AND GRN/Page_KDMC - CMS/input_txttreat'

2018-05-11 10:56:31 - [TEST_STEP][PASSED] - click: Object: 'Object Repository/MOH AND GRN/Page_KDMC - CMS/button_Add' is clicked on

2018-05-11 10:56:31 - [MESSAGE][PASSED] - Object: 'Object Repository/MOH AND GRN/Page_KDMC - CMS/button_Add' is clicked on

2018-05-11 10:56:31 - [TEST_STEP][PASSED] - selectOptionByIndex: All options with index in [11] are selected on object 'Object Repository/MOH AND GRN/Page_KDMC - CMS/select_--Select--Schedule 1Inj'

2018-05-11 10:56:31 - [MESSAGE][PASSED] - All options with index in [11] are selected on object 'Object Repository/MOH AND GRN/Page_KDMC - CMS/select_--Select--Schedule 1Inj'

2018-05-11 10:56:31 - [TEST_STEP][PASSED] - selectOptionByIndex: All options with index in [73] are selected on object 'Object Repository/MOH AND GRN/Page_KDMC - CMS/select_--Select--Adernaline 0.'

2018-05-11 10:56:32 - [MESSAGE][PASSED] - All options with index in [73] are selected on object 'Object Repository/MOH AND GRN/Page_KDMC - CMS/select_--Select--Adernaline 0.'

2018-05-11 10:56:32 - [TEST_STEP][PASSED] - setText: Text '5000' is set on object 'Object Repository/MOH AND GRN/Page_KDMC - CMS/input_txttreat'

2018-05-11 10:56:32 - [MESSAGE][PASSED] - Text '5000' is set on object 'Object Repository/MOH AND GRN/Page_KDMC - CMS/input_txttreat'

2018-05-11 10:56:32 - [TEST_STEP][PASSED] - click: Object: 'Object Repository/MOH AND GRN/Page_KDMC - CMS/button_Add' is clicked on

2018-05-11 10:56:32 - [MESSAGE][PASSED] - Object: 'Object Repository/MOH AND GRN/Page_KDMC - CMS/button_Add' is clicked on

2018-05-11 10:56:32 - [TEST_STEP][PASSED] - selectOptionByIndex: All options with index in [11] are selected on object 'Object Repository/MOH AND GRN/Page_KDMC - CMS/select_--Select--Schedule 1Inj'

2018-05-11 10:56:32 - [MESSAGE][PASSED] - All options with index in [11] are selected on object 'Object Repository/MOH AND GRN/Page_KDMC - CMS/select_--Select--Schedule 1Inj'

2018-05-11 10:56:32 - [TEST_STEP][PASSED] - selectOptionByIndex: All options with index in [74] are selected on object 'Object Repository/MOH AND GRN/Page_KDMC - CMS/select_--Select--Adernaline 0.'

2018-05-11 10:56:33 - [MESSAGE][PASSED] - All options with index in [74] are selected on object 'Object Repository/MOH AND GRN/Page_KDMC - CMS/select_--Select--Adernaline 0.'

2018-05-11 10:56:33 - [TEST_STEP][PASSED] - setText: Text '5000' is set on object 'Object Repository/MOH AND GRN/Page_KDMC - CMS/input_txttreat'

2018-05-11 10:56:33 - [MESSAGE][PASSED] - Text '5000' is set on object 'Object Repository/MOH AND GRN/Page_KDMC - CMS/input_txttreat'

2018-05-11 10:56:33 - [TEST_STEP][PASSED] - click: Object: 'Object Repository/MOH AND GRN/Page_KDMC - CMS/button_Add' is clicked on

2018-05-11 10:56:33 - [MESSAGE][PASSED] - Object: 'Object Repository/MOH AND GRN/Page_KDMC - CMS/button_Add' is clicked on

2018-05-11 10:56:33 - [TEST_STEP][PASSED] - selectOptionByIndex: All options with index in [11] are selected on object 'Object Repository/MOH AND GRN/Page_KDMC - CMS/select_--Select--Schedule 1Inj'

2018-05-11 10:56:34 - [MESSAGE][PASSED] - All options with index in [11] are selected on object 'Object Repository/MOH AND GRN/Page_KDMC - CMS/select_--Select--Schedule 1Inj'

2018-05-11 10:56:34 - [TEST_STEP][PASSED] - selectOptionByIndex: All options with index in [75] are selected on object 'Object Repository/MOH AND GRN/Page_KDMC - CMS/select_--Select--Adernaline 0.'

2018-05-11 10:56:35 - [MESSAGE][PASSED] - All options with index in [75] are selected on object 'Object Repository/MOH AND GRN/Page_KDMC - CMS/select_--Select--Adernaline 0.'

2018-05-11 10:56:35 - [TEST_STEP][PASSED] - setText: Text '5000' is set on object 'Object Repository/MOH AND GRN/Page_KDMC - CMS/input_txttreat'

2018-05-11 10:56:35 - [MESSAGE][PASSED] - Text '5000' is set on object 'Object Repository/MOH AND GRN/Page_KDMC - CMS/input_txttreat'

2018-05-11 10:56:35 - [TEST_STEP][PASSED] - click: Object: 'Object Repository/MOH AND GRN/Page_KDMC - CMS/button_Add' is clicked on

2018-05-11 10:56:35 - [MESSAGE][PASSED] - Object: 'Object Repository/MOH AND GRN/Page_KDMC - CMS/button_Add' is clicked on

2018-05-11 10:56:35 - [TEST_STEP][PASSED] - selectOptionByIndex: All options with index in [11] are selected on object 'Object Repository/MOH AND GRN/Page_KDMC - CMS/select_--Select--Schedule 1Inj'

2018-05-11 10:56:35 - [MESSAGE][PASSED] - All options with index in [11] are selected on object 'Object Repository/MOH AND GRN/Page_KDMC - CMS/select_--Select--Schedule 1Inj'

2018-05-11 10:56:35 - [TEST_STEP][PASSED] - selectOptionByIndex: All options with index in [76] are selected on object 'Object Repository/MOH AND GRN/Page_KDMC - CMS/select_--Select--Adernaline 0.'

2018-05-11 10:56:36 - [MESSAGE][PASSED] - All options with index in [76] are selected on object 'Object Repository/MOH AND GRN/Page_KDMC - CMS/select_--Select--Adernaline 0.'

2018-05-11 10:56:36 - [TEST_STEP][PASSED] - setText: Text '5000' is set on object 'Object Repository/MOH AND GRN/Page_KDMC - CMS/input_txttreat'

2018-05-11 10:56:36 - [MESSAGE][PASSED] - Text '5000' is set on object 'Object Repository/MOH AND GRN/Page_KDMC - CMS/input_txttreat'

2018-05-11 10:56:36 - [TEST_STEP][PASSED] - click: Object: 'Object Repository/MOH AND GRN/Page_KDMC - CMS/button_Add' is clicked on

2018-05-11 10:56:36 - [MESSAGE][PASSED] - Object: 'Object Repository/MOH AND GRN/Page_KDMC - CMS/button_Add' is clicked on

2018-05-11 10:56:36 - [TEST_STEP][PASSED] - selectOptionByIndex: All options with index in [11] are selected on object 'Object Repository/MOH AND GRN/Page_KDMC - CMS/select_--Select--Schedule 1Inj'

2018-05-11 10:56:36 - [MESSAGE][PASSED] - All options with index in [11] are selected on object 'Object Repository/MOH AND GRN/Page_KDMC - CMS/select_--Select--Schedule 1Inj'

2018-05-11 10:56:36 - [TEST_STEP][PASSED] - selectOptionByIndex: All options with index in [77] are selected on object 'Object Repository/MOH AND GRN/Page_KDMC - CMS/select_--Select--Adernaline 0.'

2018-05-11 10:56:37 - [MESSAGE][PASSED] - All options with index in [77] are selected on object 'Object Repository/MOH AND GRN/Page_KDMC - CMS/select_--Select--Adernaline 0.'

2018-05-11 10:56:37 - [TEST_STEP][PASSED] - setText: Text '5000' is set on object 'Object Repository/MOH AND GRN/Page_KDMC - CMS/input_txttreat'

2018-05-11 10:56:37 - [MESSAGE][PASSED] - Text '5000' is set on object 'Object Repository/MOH AND GRN/Page_KDMC - CMS/input_txttreat'

2018-05-11 10:56:37 - [TEST_STEP][PASSED] - click: Object: 'Object Repository/MOH AND GRN/Page_KDMC - CMS/button_Add' is clicked on

2018-05-11 10:56:37 - [MESSAGE][PASSED] - Object: 'Object Repository/MOH AND GRN/Page_KDMC - CMS/button_Add' is clicked on

2018-05-11 10:56:37 - [TEST_STEP][PASSED] - selectOptionByIndex: All options with index in [11] are selected on object 'Object Repository/MOH AND GRN/Page_KDMC - CMS/select_--Select--Schedule 1Inj'

2018-05-11 10:56:37 - [MESSAGE][PASSED] - All options with index in [11] are selected on object 'Object Repository/MOH AND GRN/Page_KDMC - CMS/select_--Select--Schedule 1Inj'

2018-05-11 10:56:37 - [TEST_STEP][PASSED] - selectOptionByIndex: All options with index in [78] are selected on object 'Object Repository/MOH AND GRN/Page_KDMC - CMS/select_--Select--Adernaline 0.'

2018-05-11 10:56:38 - [MESSAGE][PASSED] - All options with index in [78] are selected on object 'Object Repository/MOH AND GRN/Page_KDMC - CMS/select_--Select--Adernaline 0.'

2018-05-11 10:56:38 - [TEST_STEP][PASSED] - setText: Text '5000' is set on object 'Object Repository/MOH AND GRN/Page_KDMC - CMS/input_txttreat'

2018-05-11 10:56:38 - [MESSAGE][PASSED] - Text '5000' is set on object 'Object Repository/MOH AND GRN/Page_KDMC - CMS/input_txttreat'

2018-05-11 10:56:38 - [TEST_STEP][PASSED] - click: Object: 'Object Repository/MOH AND GRN/Page_KDMC - CMS/button_Add' is clicked on

2018-05-11 10:56:38 - [MESSAGE][PASSED] - Object: 'Object Repository/MOH AND GRN/Page_KDMC - CMS/button_Add' is clicked on

2018-05-11 10:56:38 - [TEST_STEP][PASSED] - selectOptionByIndex: All options with index in [11] are selected on object 'Object Repository/MOH AND GRN/Page_KDMC - CMS/select_--Select--Schedule 1Inj'

2018-05-11 10:56:38 - [MESSAGE][PASSED] - All options with index in [11] are selected on object 'Object Repository/MOH AND GRN/Page_KDMC - CMS/select_--Select--Schedule 1Inj'

2018-05-11 10:56:38 - [TEST_STEP][PASSED] - selectOptionByIndex: All options with index in [79] are selected on object 'Object Repository/MOH AND GRN/Page_KDMC - CMS/select_--Select--Adernaline 0.'

2018-05-11 10:56:39 - [MESSAGE][PASSED] - All options with index in [79] are selected on object 'Object Repository/MOH AND GRN/Page_KDMC - CMS/select_--Select--Adernaline 0.'

2018-05-11 10:56:39 - [TEST_STEP][PASSED] - setText: Text '5000' is set on object 'Object Repository/MOH AND GRN/Page_KDMC - CMS/input_txttreat'

2018-05-11 10:56:39 - [MESSAGE][PASSED] - Text '5000' is set on object 'Object Repository/MOH AND GRN/Page_KDMC - CMS/input_txttreat'

2018-05-11 10:56:39 - [TEST_STEP][PASSED] - click: Object: 'Object Repository/MOH AND GRN/Page_KDMC - CMS/button_Add' is clicked on

2018-05-11 10:56:39 - [MESSAGE][PASSED] - Object: 'Object Repository/MOH AND GRN/Page_KDMC - CMS/button_Add' is clicked on

2018-05-11 10:56:39 - [TEST_STEP][PASSED] - selectOptionByIndex: All options with index in [11] are selected on object 'Object Repository/MOH AND GRN/Page_KDMC - CMS/select_--Select--Schedule 1Inj'

2018-05-11 10:56:40 - [MESSAGE][PASSED] - All options with index in [11] are selected on object 'Object Repository/MOH AND GRN/Page_KDMC - CMS/select_--Select--Schedule 1Inj'

2018-05-11 10:56:40 - [TEST_STEP][PASSED] - selectOptionByIndex: All options with index in [80] are selected on object 'Object Repository/MOH AND GRN/Page_KDMC - CMS/select_--Select--Adernaline 0.'

2018-05-11 10:56:41 - [MESSAGE][PASSED] - All options with index in [80] are selected on object 'Object Repository/MOH AND GRN/Page_KDMC - CMS/select_--Select--Adernaline 0.'

2018-05-11 10:56:41 - [TEST_STEP][PASSED] - setText: Text '5000' is set on object 'Object Repository/MOH AND GRN/Page_KDMC - CMS/input_txttreat'

2018-05-11 10:56:41 - [MESSAGE][PASSED] - Text '5000' is set on object 'Object Repository/MOH AND GRN/Page_KDMC - CMS/input_txttreat'

2018-05-11 10:56:41 - [TEST_STEP][PASSED] - click: Object: 'Object Repository/MOH AND GRN/Page_KDMC - CMS/button_Add' is clicked on

2018-05-11 10:56:41 - [MESSAGE][PASSED] - Object: 'Object Repository/MOH AND GRN/Page_KDMC - CMS/button_Add' is clicked on

2018-05-11 10:56:41 - [TEST_STEP][PASSED] - scrollToElement: Scroll to object 'Object Repository/MOH AND GRN/Page_KDMC - CMS/input_btnsave' successfully

2018-05-11 10:56:41 - [MESSAGE][PASSED] - Scroll to object 'Object Repository/MOH AND GRN/Page_KDMC - CMS/input_btnsave' successfully

2018-05-11 10:56:41 - [TEST_STEP][PASSED] - click: Object: 'Object Repository/MOH AND GRN/Page_KDMC - CMS/input_btnsave' is clicked on

2018-05-11 10:56:41 - [MESSAGE][PASSED] - Object: 'Object Repository/MOH AND GRN/Page_KDMC - CMS/input_btnsave' is clicked on

2018-05-11 10:56:41 - [TEST_STEP][PASSED] - delay: Delayed 3 second(s)

2018-05-11 10:56:44 - [MESSAGE][PASSED] - Delayed 3 second(s)

2018-05-11 10:56:44 - [TEST_STEP][PASSED] - Statement - Request1 = com.kms.katalon.core.webui.keyword.WebUiBuiltInKeywords.getText(com.kms.katalon.core.testobject.ObjectRepository.findTestObject(MOH AND GRN/Page_KDMC - CMS/font_PRNO0505201876)): Text of object 'Object Repository/MOH AND GRN/Page_KDMC - CMS/font_PRNO0505201876' is: 'PRNO/11052018/216'

2018-05-11 10:56:44 - [MESSAGE][PASSED] - Text of object 'Object Repository/MOH AND GRN/Page_KDMC - CMS/font_PRNO0505201876' is: 'PRNO/11052018/216'

2018-05-11 10:56:44 - [TEST_STEP][PASSED] - Statement - out.println("Length OF The Medicine " + Request1): null

2018-05-11 10:56:44 - [TEST_STEP][PASSED] - Statement - RequestNUmber = Request1.split("/")[2].trim(): null

2018-05-11 10:56:44 - [TEST_STEP][PASSED] - Statement - out.println("ID IS " + RequestNUmber): null

2018-05-11 10:56:44 - [TEST_STEP][PASSED] - delay: Delayed 3 second(s)

2018-05-11 10:56:47 - [MESSAGE][PASSED] - Delayed 3 second(s)

2018-05-11 10:56:47 - [TEST_STEP][PASSED] - click: Object: 'Object Repository/MOH AND GRN/Page_KDMC - CMS/button_OK' is clicked on

2018-05-11 10:56:48 - [MESSAGE][PASSED] - Object: 'Object Repository/MOH AND GRN/Page_KDMC - CMS/button_OK' is clicked on

2018-05-11 10:56:48 - [TEST_STEP][PASSED] - click: Object: 'Object Repository/MOH AND GRN/Page_KDMC - CMS/a_dropdown-toggle' is clicked on

2018-05-11 10:56:49 - [MESSAGE][PASSED] - Object: 'Object Repository/MOH AND GRN/Page_KDMC - CMS/a_dropdown-toggle' is clicked on

2018-05-11 10:56:49 - [TEST_STEP][PASSED] - click: Object: 'Object Repository/MOH AND GRN/Page_KDMC - CMS/a_Sign out' is clicked on

2018-05-11 10:56:50 - [MESSAGE][PASSED] - Object: 'Object Repository/MOH AND GRN/Page_KDMC - CMS/a_Sign out' is clicked on

2018-05-11 10:56:50 - [TEST_STEP][PASSED] - delay: Delayed 4 second(s)

2018-05-11 10:56:54 - [MESSAGE][PASSED] - Delayed 4 second(s)

2018-05-11 10:56:54 - [TEST_STEP][PASSED] - click: Object: 'Object Repository/MOH AND GRN/Page_KDMC/a_Admin Master' is clicked on

2018-05-11 10:56:55 - [MESSAGE][PASSED] - Object: 'Object Repository/MOH AND GRN/Page_KDMC/a_Admin Master' is clicked on

2018-05-11 10:56:55 - [TEST_STEP][PASSED] - setText: Text 'admin' is set on object 'Object Repository/MOH AND GRN/Page_Admin login/input_txtusername'

2018-05-11 10:56:55 - [MESSAGE][PASSED] - Text 'admin' is set on object 'Object Repository/MOH AND GRN/Page_Admin login/input_txtusername'

2018-05-11 10:56:55 - [TEST_STEP][PASSED] - setText: Text 'admin123' is set on object 'Object Repository/MOH AND GRN/Page_Admin login/input_txtpassword'

2018-05-11 10:56:55 - [MESSAGE][PASSED] - Text 'admin123' is set on object 'Object Repository/MOH AND GRN/Page_Admin login/input_txtpassword'

2018-05-11 10:56:55 - [TEST_STEP][PASSED] - delay: Delayed 3 second(s)

2018-05-11 10:56:58 - [MESSAGE][PASSED] - Delayed 3 second(s)

2018-05-11 10:56:58 - [TEST_STEP][PASSED] - click: Object: 'Object Repository/MOH AND GRN/Page_Admin login/button_Sign in' is clicked on

2018-05-11 10:57:00 - [MESSAGE][PASSED] - Object: 'Object Repository/MOH AND GRN/Page_Admin login/button_Sign in' is clicked on

2018-05-11 10:57:00 - [TEST_STEP][PASSED] - delay: Delayed 20 second(s)

2018-05-11 10:57:20 - [MESSAGE][PASSED] - Delayed 20 second(s)

2018-05-11 10:57:20 - [TEST_STEP][PASSED] - scrollToPosition: Browser is scrolled to position x = 200, y = 200

2018-05-11 10:57:20 - [MESSAGE][PASSED] - Browser is scrolled to position x = 200, y = 200

2018-05-11 10:57:20 - [TEST_STEP][PASSED] - click: Object: 'Object Repository/MOH AND GRN/Page_KDMC/a_CMS_1' is clicked on

2018-05-11 10:57:20 - [MESSAGE][PASSED] - Object: 'Object Repository/MOH AND GRN/Page_KDMC/a_CMS_1' is clicked on

2018-05-11 10:57:20 - [TEST_STEP][PASSED] - click: Object: 'Object Repository/MOH AND GRN/Page_KDMC/a_Request List' is clicked on

2018-05-11 10:57:21 - [MESSAGE][PASSED] - Object: 'Object Repository/MOH AND GRN/Page_KDMC/a_Request List' is clicked on

2018-05-11 10:57:21 - [TEST_STEP][PASSED] - Statement - RequestNumberId = com.kms.katalon.core.webui.keyword.WebUiBuiltInKeywords.modifyObjectProperty(com.kms.katalon.core.testobject.ObjectRepository.findTestObject(MOH AND GRN/Page_KDMC - CMS/input_PO0032), "xpath", "equals", "//*[@id =" + RequestNUmber + "]", true): Modify property of object successfully

2018-05-11 10:57:21 - [MESSAGE][PASSED] - Modify property of object successfully

2018-05-11 10:57:21 - [TEST_STEP][PASSED] - click: Object: 'Object Repository/MOH AND GRN/Page_KDMC - CMS/input_PO0032' is clicked on

2018-05-11 10:57:21 - [MESSAGE][PASSED] - Object: 'Object Repository/MOH AND GRN/Page_KDMC - CMS/input_PO0032' is clicked on

2018-05-11 10:57:21 - [TEST_STEP][PASSED] - delay: Delayed 3 second(s)

2018-05-11 10:57:24 - [MESSAGE][PASSED] - Delayed 3 second(s)

2018-05-11 10:57:24 - [TEST_STEP][PASSED] - selectOptionByIndex: All options with index in [1] are selected on object 'Object Repository/MOH AND GRN/Page_KDMC/select_--Select--'

2018-05-11 10:57:24 - [MESSAGE][PASSED] - All options with index in [1] are selected on object 'Object Repository/MOH AND GRN/Page_KDMC/select_--Select--'

2018-05-11 10:57:24 - [TEST_STEP][PASSED] - click: Object: 'Object Repository/MOH AND GRN/Page_KDMC/input_btnupdate' is clicked on

2018-05-11 10:57:24 - [MESSAGE][PASSED] - Object: 'Object Repository/MOH AND GRN/Page_KDMC/input_btnupdate' is clicked on

2018-05-11 10:57:24 - [TEST_STEP][PASSED] - delay: Delayed 3 second(s)

2018-05-11 10:57:27 - [MESSAGE][PASSED] - Delayed 3 second(s)

2018-05-11 10:57:27 - [TEST_STEP][PASSED] - click: Object: 'Object Repository/MOH AND GRN/Page_KDMC/button_OK' is clicked on

2018-05-11 10:57:28 - [MESSAGE][PASSED] - Object: 'Object Repository/MOH AND GRN/Page_KDMC/button_OK' is clicked on

2018-05-11 10:57:28 - [TEST_STEP][PASSED] - delay: Delayed 3 second(s)

2018-05-11 10:57:31 - [MESSAGE][PASSED] - Delayed 3 second(s)

2018-05-11 10:57:31 - [TEST_STEP][PASSED] - scrollToPosition: Browser is scrolled to position x = 200, y = 200

2018-05-11 10:57:31 - [MESSAGE][PASSED] - Browser is scrolled to position x = 200, y = 200

2018-05-11 10:57:31 - [TEST_STEP][PASSED] - click: Object: 'Object Repository/MOH AND GRN/Page_KDMC/a_CMS_2' is clicked on

2018-05-11 10:57:31 - [MESSAGE][PASSED] - Object: 'Object Repository/MOH AND GRN/Page_KDMC/a_CMS_2' is clicked on

2018-05-11 10:57:31 - [TEST_STEP][PASSED] - delay: Delayed 2 second(s)

2018-05-11 10:57:33 - [MESSAGE][PASSED] - Delayed 2 second(s)

2018-05-11 10:57:33 - [TEST_STEP][PASSED] - click: Object: 'Object Repository/MOH AND GRN/Page_KDMC/a_Generate P.O' is clicked on

2018-05-11 10:57:34 - [MESSAGE][PASSED] - Object: 'Object Repository/MOH AND GRN/Page_KDMC/a_Generate P.O' is clicked on

2018-05-11 10:57:34 - [TEST_STEP][PASSED] - delay: Delayed 2 second(s)

2018-05-11 10:57:36 - [MESSAGE][PASSED] - Delayed 2 second(s)

2018-05-11 10:57:36 - [TEST_STEP][PASSED] - selectOptionByIndex: All options with index in [1] are selected on object 'Object Repository/MOH AND GRN/Page_KDMC/select_--Select--PRNO040520183'

2018-05-11 10:57:36 - [MESSAGE][PASSED] - All options with index in [1] are selected on object 'Object Repository/MOH AND GRN/Page_KDMC/select_--Select--PRNO040520183'

2018-05-11 10:57:36 - [TEST_STEP][PASSED] - selectOptionByIndex: All options with index in [2] are selected on object 'Object Repository/MOH AND GRN/Page_KDMC/select_--Select--Hamen Chandra'

2018-05-11 10:57:36 - [MESSAGE][PASSED] - All options with index in [2] are selected on object 'Object Repository/MOH AND GRN/Page_KDMC/select_--Select--Hamen Chandra'

2018-05-11 10:57:36 - [TEST_STEP][PASSED] - Statement - PONumber = com.kms.katalon.core.webui.keyword.WebUiBuiltInKeywords.getText(com.kms.katalon.core.testobject.ObjectRepository.findTestObject(MOH AND GRN/Page_KDMC/input_lblpono)).trim(): Text of object 'Object Repository/MOH AND GRN/Page_KDMC/input_lblpono' is: ''

2018-05-11 10:57:36 - [MESSAGE][PASSED] - Text of object 'Object Repository/MOH AND GRN/Page_KDMC/input_lblpono' is: ''

2018-05-11 10:57:36 - [TEST_STEP][PASSED] - Statement - PONumber1 = com.kms.katalon.core.webui.keyword.WebUiBuiltInKeywords.getAttribute(com.kms.katalon.core.testobject.ObjectRepository.findTestObject(MOH AND GRN/Page_KDMC/input_lblpono), "value").trim(): Attribute 'value' of object 'Object Repository/MOH AND GRN/Page_KDMC/input_lblpono' is: 'PO00100'

2018-05-11 10:57:36 - [MESSAGE][PASSED] - Attribute 'value' of object 'Object Repository/MOH AND GRN/Page_KDMC/input_lblpono' is: 'PO00100'

2018-05-11 10:57:36 - [TEST_STEP][PASSED] - Statement - out.println("PO NUMBER :" + PONumber): null

2018-05-11 10:57:36 - [TEST_STEP][PASSED] - Statement - out.println("PO NUMBER :" + PONumber1): null

2018-05-11 10:57:36 - [TEST_STEP][PASSED] - click: Object: 'Object Repository/MOH AND GRN/Page_KDMC/input_chkrem' is clicked on

2018-05-11 10:57:36 - [MESSAGE][PASSED] - Object: 'Object Repository/MOH AND GRN/Page_KDMC/input_chkrem' is clicked on

2018-05-11 10:57:36 - [TEST_STEP][PASSED] - scrollToElement: Scroll to object 'Object Repository/MOH AND GRN/Page_KDMC/input_btnreturn' successfully

2018-05-11 10:57:36 - [MESSAGE][PASSED] - Scroll to object 'Object Repository/MOH AND GRN/Page_KDMC/input_btnreturn' successfully

2018-05-11 10:57:36 - [TEST_STEP][PASSED] - click: Object: 'Object Repository/MOH AND GRN/Page_KDMC/input_btnreturn' is clicked on

2018-05-11 10:57:36 - [MESSAGE][PASSED] - Object: 'Object Repository/MOH AND GRN/Page_KDMC/input_btnreturn' is clicked on

2018-05-11 10:57:36 - [TEST_STEP][PASSED] - delay: Delayed 3 second(s)

2018-05-11 10:57:39 - [MESSAGE][PASSED] - Delayed 3 second(s)

2018-05-11 10:57:39 - [TEST_STEP][PASSED] - click: Object: 'Object Repository/MOH AND GRN/Page_KDMC/button_Yes' is clicked on

2018-05-11 10:57:40 - [MESSAGE][PASSED] - Object: 'Object Repository/MOH AND GRN/Page_KDMC/button_Yes' is clicked on

2018-05-11 10:57:40 - [TEST_STEP][PASSED] - delay: Delayed 3 second(s)

2018-05-11 10:57:43 - [MESSAGE][PASSED] - Delayed 3 second(s)

2018-05-11 10:57:43 - [TEST_STEP][PASSED] - click: Object: 'Object Repository/MOH AND GRN/Page_KDMC/button_OK' is clicked on

2018-05-11 10:57:43 - [MESSAGE][PASSED] - Object: 'Object Repository/MOH AND GRN/Page_KDMC/button_OK' is clicked on

2018-05-11 10:57:43 - [TEST_STEP][PASSED] - delay: Delayed 3 second(s)

2018-05-11 10:57:46 - [MESSAGE][PASSED] - Delayed 3 second(s)

2018-05-11 10:57:46 - [TEST_STEP][PASSED] - click: Object: 'Object Repository/MOH AND GRN/Page_KDMC/a_dropdown-toggle' is clicked on

2018-05-11 10:57:46 - [MESSAGE][PASSED] - Object: 'Object Repository/MOH AND GRN/Page_KDMC/a_dropdown-toggle' is clicked on

2018-05-11 10:57:46 - [TEST_STEP][PASSED] - click: Object: 'Object Repository/MOH AND GRN/Page_KDMC/a_Sign out' is clicked on

2018-05-11 10:57:47 - [MESSAGE][PASSED] - Object: 'Object Repository/MOH AND GRN/Page_KDMC/a_Sign out' is clicked on

2018-05-11 10:57:47 - [TEST_STEP][PASSED] - delay: Delayed 4 second(s)

2018-05-11 10:57:51 - [MESSAGE][PASSED] - Delayed 4 second(s)

2018-05-11 10:57:51 - [TEST_STEP][PASSED] - click: Object: 'Object Repository/MOH AND GRN/Page_KDMC/a_CMS' is clicked on

2018-05-11 10:57:51 - [MESSAGE][PASSED] - Object: 'Object Repository/MOH AND GRN/Page_KDMC/a_CMS' is clicked on

2018-05-11 10:57:51 - [TEST_STEP][PASSED] - setText: Text 'bala' is set on object 'Object Repository/MOH AND GRN/Page_CMS login/input_txtusername'

2018-05-11 10:57:51 - [MESSAGE][PASSED] - Text 'bala' is set on object 'Object Repository/MOH AND GRN/Page_CMS login/input_txtusername'

2018-05-11 10:57:51 - [TEST_STEP][PASSED] - setText: Text '123' is set on object 'Object Repository/MOH AND GRN/Page_CMS login/input_txtpassword'

2018-05-11 10:57:52 - [MESSAGE][PASSED] - Text '123' is set on object 'Object Repository/MOH AND GRN/Page_CMS login/input_txtpassword'

2018-05-11 10:57:52 - [TEST_STEP][PASSED] - delay: Delayed 3 second(s)

2018-05-11 10:57:55 - [MESSAGE][PASSED] - Delayed 3 second(s)

2018-05-11 10:57:55 - [TEST_STEP][PASSED] - click: Object: 'Object Repository/MOH AND GRN/Page_CMS login/button_Sign in' is clicked on

2018-05-11 10:57:55 - [MESSAGE][PASSED] - Object: 'Object Repository/MOH AND GRN/Page_CMS login/button_Sign in' is clicked on

2018-05-11 10:57:55 - [TEST_STEP][PASSED] - click: Object: 'Object Repository/MOH AND GRN/Page_KDMC - CMS/a_CMS Details' is clicked on

2018-05-11 10:57:55 - [MESSAGE][PASSED] - Object: 'Object Repository/MOH AND GRN/Page_KDMC - CMS/a_CMS Details' is clicked on

2018-05-11 10:57:55 - [TEST_STEP][PASSED] - delay: Delayed 2 second(s)

2018-05-11 10:57:57 - [MESSAGE][PASSED] - Delayed 2 second(s)

2018-05-11 10:57:57 - [TEST_STEP][PASSED] - click: Object: 'Object Repository/MOH AND GRN/Page_KDMC - CMS/a_Goods Receive' is clicked on

2018-05-11 10:57:58 - [MESSAGE][PASSED] - Object: 'Object Repository/MOH AND GRN/Page_KDMC - CMS/a_Goods Receive' is clicked on

2018-05-11 10:57:58 - [TEST_STEP][PASSED] - delay: Delayed 2 second(s)

2018-05-11 10:58:00 - [MESSAGE][PASSED] - Delayed 2 second(s)

2018-05-11 10:58:00 - [TEST_STEP][PASSED] - selectOptionByLabel: All options with label 'PO00100' are selected in object 'Object Repository/MOH AND GRN/Page_KDMC - CMS/select_--Select--PO0032PO0031P' 

2018-05-11 10:58:00 - [MESSAGE][PASSED] - All options with label 'PO00100' are selected in object 'Object Repository/MOH AND GRN/Page_KDMC - CMS/select_--Select--PO0032PO0031P' 

2018-05-11 10:58:00 - [TEST_STEP][PASSED] - setText: Finding Test Object with id 'Object Repository/MOH AND GRN/Page_KDMC - CMS/input_txtgrnno'

2018-05-11 10:58:00 - [TEST_STEP][PASSED] - Statement - switch (id): Text 'INV389.0' is set on object 'Object Repository/MOH AND GRN/Page_KDMC - CMS/input_txtgrnno'

2018-05-11 10:58:00 - [TEST_STEP][PASSED] - Statement - case 2:: Text 'INV389.0' is set on object 'Object Repository/MOH AND GRN/Page_KDMC - CMS/input_txtgrnno'

2018-05-11 10:58:00 - [TEST_STEP][PASSED] - Statement - return (java.lang.Math.floor((java.lang.Math.random() * ((max - min) + 1))) + min): Text 'INV389.0' is set on object 'Object Repository/MOH AND GRN/Page_KDMC - CMS/input_txtgrnno'

2018-05-11 10:58:00 - [MESSAGE][PASSED] - Text 'INV389.0' is set on object 'Object Repository/MOH AND GRN/Page_KDMC - CMS/input_txtgrnno'

2018-05-11 10:58:00 - [TEST_STEP][PASSED] - selectOptionByIndex: All options with index in [1] are selected on object 'Object Repository/MOH AND GRN/Page_KDMC - CMS/select_--Select--PERUMAL PHARM'

2018-05-11 10:58:00 - [MESSAGE][PASSED] - All options with index in [1] are selected on object 'Object Repository/MOH AND GRN/Page_KDMC - CMS/select_--Select--PERUMAL PHARM'

2018-05-11 10:58:00 - [TEST_STEP][PASSED] - setText: Text '16500' is set on object 'Object Repository/MOH AND GRN/Page_KDMC - CMS/input_txtgrnno_1'

2018-05-11 10:58:00 - [MESSAGE][PASSED] - Text '16500' is set on object 'Object Repository/MOH AND GRN/Page_KDMC - CMS/input_txtgrnno_1'

2018-05-11 10:58:00 - [TEST_STEP][PASSED] - setText: Text '250' is set on object 'Object Repository/MOH AND GRN/Page_KDMC - CMS/input_txtgrnno_2'

2018-05-11 10:58:00 - [MESSAGE][PASSED] - Text '250' is set on object 'Object Repository/MOH AND GRN/Page_KDMC - CMS/input_txtgrnno_2'

2018-05-11 10:58:00 - [TEST_STEP][PASSED] - setText: Finding Test Object with id 'Object Repository/MOH AND GRN/Page_KDMC - CMS/input_txtgrnno_3'

2018-05-11 10:58:00 - [TEST_STEP][PASSED] - Statement - switch (id): Text 'CH994.0' is set on object 'Object Repository/MOH AND GRN/Page_KDMC - CMS/input_txtgrnno_3'

2018-05-11 10:58:00 - [TEST_STEP][PASSED] - Statement - case 3:: Text 'CH994.0' is set on object 'Object Repository/MOH AND GRN/Page_KDMC - CMS/input_txtgrnno_3'

2018-05-11 10:58:00 - [TEST_STEP][PASSED] - Statement - return (java.lang.Math.floor((java.lang.Math.random() * ((max - min) + 1))) + min): Text 'CH994.0' is set on object 'Object Repository/MOH AND GRN/Page_KDMC - CMS/input_txtgrnno_3'

2018-05-11 10:58:00 - [MESSAGE][PASSED] - Text 'CH994.0' is set on object 'Object Repository/MOH AND GRN/Page_KDMC - CMS/input_txtgrnno_3'

2018-05-11 10:58:00 - [TEST_STEP][PASSED] - scrollToPosition: Browser is scrolled to position x = 200, y = 200

2018-05-11 10:58:00 - [MESSAGE][PASSED] - Browser is scrolled to position x = 200, y = 200

2018-05-11 10:58:00 - [TEST_STEP][PASSED] - Statement - GrnLength = com.kms.katalon.core.webui.keyword.WebUiBuiltInKeywords.getNumberOfTotalOption(com.kms.katalon.core.testobject.ObjectRepository.findTestObject(MOH AND GRN/Page_KDMC - CMS/select_--Select--Amikacin -500)): 81 options of object 'Object Repository/MOH AND GRN/Page_KDMC - CMS/select_--Select--Amikacin -500' counted

2018-05-11 10:58:00 - [MESSAGE][PASSED] - 81 options of object 'Object Repository/MOH AND GRN/Page_KDMC - CMS/select_--Select--Amikacin -500' counted

2018-05-11 10:58:00 - [TEST_STEP][PASSED] - Statement - out.println("Length OF The Medicine " + GrnLength): null

2018-05-11 10:58:00 - [TEST_STEP][PASSED] - Statement - s = 1: null

2018-05-11 10:58:00 - [TEST_STEP][PASSED] - Statement - For ([t = 1, t < GrnLength, (t++)]): Finding Test Object with id 'Object Repository/MOH AND GRN/Page_KDMC - CMS/input_txtmrp'

2018-05-11 10:58:00 - [TEST_STEP][PASSED] - selectOptionByIndex: All options with index in [1] are selected on object 'Object Repository/MOH AND GRN/Page_KDMC - CMS/select_--Select--Amikacin -500'

2018-05-11 10:58:01 - [MESSAGE][PASSED] - All options with index in [1] are selected on object 'Object Repository/MOH AND GRN/Page_KDMC - CMS/select_--Select--Amikacin -500'

2018-05-11 10:58:01 - [TEST_STEP][PASSED] - setText: Text '5000' is set on object 'Object Repository/MOH AND GRN/Page_KDMC - CMS/input_txtqty'

2018-05-11 10:58:01 - [MESSAGE][PASSED] - Text '5000' is set on object 'Object Repository/MOH AND GRN/Page_KDMC - CMS/input_txtqty'

2018-05-11 10:58:01 - [TEST_STEP][PASSED] - selectOptionByIndex: All options with index in [1] are selected on object 'Object Repository/MOH AND GRN/Page_KDMC - CMS/select_--Select--No Tax0'

2018-05-11 10:58:01 - [MESSAGE][PASSED] - All options with index in [1] are selected on object 'Object Repository/MOH AND GRN/Page_KDMC - CMS/select_--Select--No Tax0'

2018-05-11 10:58:01 - [TEST_STEP][PASSED] - setText: Finding Test Object with id 'Object Repository/MOH AND GRN/Page_KDMC - CMS/input_txtmrp'

2018-05-11 10:58:01 - [TEST_STEP][PASSED] - Statement - switch (id): Finding Test Object with id 'Object Repository/MOH AND GRN/Page_KDMC - CMS/input_txtdeal'

2018-05-11 10:58:01 - [TEST_STEP][PASSED] - Statement - case 4:: Text '43.0' is set on object 'Object Repository/MOH AND GRN/Page_KDMC - CMS/input_txtmrp'

2018-05-11 10:58:01 - [TEST_STEP][PASSED] - Statement - return (java.lang.Math.floor((java.lang.Math.random() * ((max - min) + 1))) + min): Text '43.0' is set on object 'Object Repository/MOH AND GRN/Page_KDMC - CMS/input_txtmrp'

2018-05-11 10:58:01 - [MESSAGE][PASSED] - Text '43.0' is set on object 'Object Repository/MOH AND GRN/Page_KDMC - CMS/input_txtmrp'

2018-05-11 10:58:01 - [TEST_STEP][PASSED] - setText: Finding Test Object with id 'Object Repository/MOH AND GRN/Page_KDMC - CMS/input_txtdeal'

2018-05-11 10:58:01 - [TEST_STEP][PASSED] - Statement - switch (id): Finding Test Object with id 'Object Repository/MOH AND GRN/Page_KDMC - CMS/input_txtbatchno'

2018-05-11 10:58:01 - [TEST_STEP][PASSED] - Statement - case 5:: Text '12.0' is set on object 'Object Repository/MOH AND GRN/Page_KDMC - CMS/input_txtdeal'

2018-05-11 10:58:01 - [TEST_STEP][PASSED] - Statement - return (java.lang.Math.floor((java.lang.Math.random() * ((max - min) + 1))) + min): Text '12.0' is set on object 'Object Repository/MOH AND GRN/Page_KDMC - CMS/input_txtdeal'

2018-05-11 10:58:01 - [MESSAGE][PASSED] - Text '12.0' is set on object 'Object Repository/MOH AND GRN/Page_KDMC - CMS/input_txtdeal'

2018-05-11 10:58:01 - [TEST_STEP][PASSED] - setText: Finding Test Object with id 'Object Repository/MOH AND GRN/Page_KDMC - CMS/input_txtbatchno'

2018-05-11 10:58:01 - [TEST_STEP][PASSED] - Statement - switch (id): Finding Test Object with id 'Object Repository/MOH AND GRN/Page_KDMC - CMS/input_txtmrp'

2018-05-11 10:58:01 - [TEST_STEP][PASSED] - Statement - case 1:: Text 'BA380.0' is set on object 'Object Repository/MOH AND GRN/Page_KDMC - CMS/input_txtbatchno'

2018-05-11 10:58:01 - [TEST_STEP][PASSED] - Statement - return (java.lang.Math.floor((java.lang.Math.random() * ((max - min) + 1))) + min): Text 'BA380.0' is set on object 'Object Repository/MOH AND GRN/Page_KDMC - CMS/input_txtbatchno'

2018-05-11 10:58:01 - [MESSAGE][PASSED] - Text 'BA380.0' is set on object 'Object Repository/MOH AND GRN/Page_KDMC - CMS/input_txtbatchno'

2018-05-11 10:58:01 - [TEST_STEP][PASSED] - rightClick: Object: 'Object Repository/GRN/Page_KDMC - CMS/input_txtexpdate' is right clicked on

2018-05-11 10:58:01 - [MESSAGE][PASSED] - Object: 'Object Repository/GRN/Page_KDMC - CMS/input_txtexpdate' is right clicked on

2018-05-11 10:58:01 - [TEST_STEP][PASSED] - selectOptionByIndex: All options with index in [1] are selected on object 'Object Repository/GRN/Page_KDMC - CMS/select_20182019202020212022202'

2018-05-11 10:58:01 - [MESSAGE][PASSED] - All options with index in [1] are selected on object 'Object Repository/GRN/Page_KDMC - CMS/select_20182019202020212022202'

2018-05-11 10:58:01 - [TEST_STEP][PASSED] - selectOptionByIndex: All options with index in [1] are selected on object 'Object Repository/GRN/Page_KDMC - CMS/select_JanFebMarAprMayJunJulAu'

2018-05-11 10:58:02 - [MESSAGE][PASSED] - All options with index in [1] are selected on object 'Object Repository/GRN/Page_KDMC - CMS/select_JanFebMarAprMayJunJulAu'

2018-05-11 10:58:02 - [TEST_STEP][PASSED] - click: Object: 'Object Repository/MOH AND GRN/Page_KDMC - CMS/a_12' is clicked on

2018-05-11 10:58:02 - [MESSAGE][PASSED] - Object: 'Object Repository/MOH AND GRN/Page_KDMC - CMS/a_12' is clicked on

2018-05-11 10:58:02 - [TEST_STEP][PASSED] - click: Object: 'Object Repository/MOH AND GRN/Page_KDMC - CMS/input_btnadd' is clicked on

2018-05-11 10:58:02 - [MESSAGE][PASSED] - Object: 'Object Repository/MOH AND GRN/Page_KDMC - CMS/input_btnadd' is clicked on

2018-05-11 10:58:02 - [TEST_STEP][PASSED] - Statement - If (s == 10): null

2018-05-11 10:58:02 - [TEST_STEP][PASSED] - Statement - Else: null

2018-05-11 10:58:02 - [TEST_STEP][PASSED] - Statement - (s++): null

2018-05-11 10:58:02 - [TEST_STEP][PASSED] - delay: Delayed 1 second(s)

2018-05-11 10:58:03 - [MESSAGE][PASSED] - Delayed 1 second(s)

2018-05-11 10:58:03 - [TEST_STEP][PASSED] - selectOptionByIndex: All options with index in [2] are selected on object 'Object Repository/MOH AND GRN/Page_KDMC - CMS/select_--Select--Amikacin -500'

2018-05-11 10:58:03 - [MESSAGE][PASSED] - All options with index in [2] are selected on object 'Object Repository/MOH AND GRN/Page_KDMC - CMS/select_--Select--Amikacin -500'

2018-05-11 10:58:03 - [TEST_STEP][PASSED] - setText: Text '5000' is set on object 'Object Repository/MOH AND GRN/Page_KDMC - CMS/input_txtqty'

2018-05-11 10:58:03 - [MESSAGE][PASSED] - Text '5000' is set on object 'Object Repository/MOH AND GRN/Page_KDMC - CMS/input_txtqty'

2018-05-11 10:58:03 - [TEST_STEP][PASSED] - selectOptionByIndex: All options with index in [1] are selected on object 'Object Repository/MOH AND GRN/Page_KDMC - CMS/select_--Select--No Tax0'

2018-05-11 10:58:03 - [MESSAGE][PASSED] - All options with index in [1] are selected on object 'Object Repository/MOH AND GRN/Page_KDMC - CMS/select_--Select--No Tax0'

2018-05-11 10:58:03 - [TEST_STEP][PASSED] - setText: Finding Test Object with id 'Object Repository/MOH AND GRN/Page_KDMC - CMS/input_txtmrp'

2018-05-11 10:58:03 - [TEST_STEP][PASSED] - Statement - switch (id): Finding Test Object with id 'Object Repository/MOH AND GRN/Page_KDMC - CMS/input_txtdeal'

2018-05-11 10:58:03 - [TEST_STEP][PASSED] - Statement - case 4:: Text '24.0' is set on object 'Object Repository/MOH AND GRN/Page_KDMC - CMS/input_txtmrp'

2018-05-11 10:58:03 - [TEST_STEP][PASSED] - Statement - return (java.lang.Math.floor((java.lang.Math.random() * ((max - min) + 1))) + min): Text '24.0' is set on object 'Object Repository/MOH AND GRN/Page_KDMC - CMS/input_txtmrp'

2018-05-11 10:58:03 - [MESSAGE][PASSED] - Text '24.0' is set on object 'Object Repository/MOH AND GRN/Page_KDMC - CMS/input_txtmrp'

2018-05-11 10:58:03 - [TEST_STEP][PASSED] - setText: Finding Test Object with id 'Object Repository/MOH AND GRN/Page_KDMC - CMS/input_txtdeal'

2018-05-11 10:58:03 - [TEST_STEP][PASSED] - Statement - switch (id): Finding Test Object with id 'Object Repository/MOH AND GRN/Page_KDMC - CMS/input_txtbatchno'

2018-05-11 10:58:03 - [TEST_STEP][PASSED] - Statement - case 5:: Text '10.0' is set on object 'Object Repository/MOH AND GRN/Page_KDMC - CMS/input_txtdeal'

2018-05-11 10:58:03 - [TEST_STEP][PASSED] - Statement - return (java.lang.Math.floor((java.lang.Math.random() * ((max - min) + 1))) + min): Text '10.0' is set on object 'Object Repository/MOH AND GRN/Page_KDMC - CMS/input_txtdeal'

2018-05-11 10:58:04 - [MESSAGE][PASSED] - Text '10.0' is set on object 'Object Repository/MOH AND GRN/Page_KDMC - CMS/input_txtdeal'

2018-05-11 10:58:04 - [TEST_STEP][PASSED] - setText: Finding Test Object with id 'Object Repository/MOH AND GRN/Page_KDMC - CMS/input_txtbatchno'

2018-05-11 10:58:04 - [TEST_STEP][PASSED] - Statement - switch (id): Finding Test Object with id 'Object Repository/MOH AND GRN/Page_KDMC - CMS/input_txtmrp'

2018-05-11 10:58:04 - [TEST_STEP][PASSED] - Statement - case 1:: Text 'BA484.0' is set on object 'Object Repository/MOH AND GRN/Page_KDMC - CMS/input_txtbatchno'

2018-05-11 10:58:04 - [TEST_STEP][PASSED] - Statement - return (java.lang.Math.floor((java.lang.Math.random() * ((max - min) + 1))) + min): Text 'BA484.0' is set on object 'Object Repository/MOH AND GRN/Page_KDMC - CMS/input_txtbatchno'

2018-05-11 10:58:04 - [MESSAGE][PASSED] - Text 'BA484.0' is set on object 'Object Repository/MOH AND GRN/Page_KDMC - CMS/input_txtbatchno'

2018-05-11 10:58:04 - [TEST_STEP][PASSED] - rightClick: Object: 'Object Repository/GRN/Page_KDMC - CMS/input_txtexpdate' is right clicked on

2018-05-11 10:58:04 - [MESSAGE][PASSED] - Object: 'Object Repository/GRN/Page_KDMC - CMS/input_txtexpdate' is right clicked on

2018-05-11 10:58:04 - [TEST_STEP][PASSED] - selectOptionByIndex: All options with index in [2] are selected on object 'Object Repository/GRN/Page_KDMC - CMS/select_20182019202020212022202'

2018-05-11 10:58:04 - [MESSAGE][PASSED] - All options with index in [2] are selected on object 'Object Repository/GRN/Page_KDMC - CMS/select_20182019202020212022202'

2018-05-11 10:58:04 - [TEST_STEP][PASSED] - selectOptionByIndex: All options with index in [2] are selected on object 'Object Repository/GRN/Page_KDMC - CMS/select_JanFebMarAprMayJunJulAu'

2018-05-11 10:58:04 - [MESSAGE][PASSED] - All options with index in [2] are selected on object 'Object Repository/GRN/Page_KDMC - CMS/select_JanFebMarAprMayJunJulAu'

2018-05-11 10:58:04 - [TEST_STEP][PASSED] - click: Object: 'Object Repository/MOH AND GRN/Page_KDMC - CMS/a_12' is clicked on

2018-05-11 10:58:04 - [MESSAGE][PASSED] - Object: 'Object Repository/MOH AND GRN/Page_KDMC - CMS/a_12' is clicked on

2018-05-11 10:58:04 - [TEST_STEP][PASSED] - click: Object: 'Object Repository/MOH AND GRN/Page_KDMC - CMS/input_btnadd' is clicked on

2018-05-11 10:58:04 - [MESSAGE][PASSED] - Object: 'Object Repository/MOH AND GRN/Page_KDMC - CMS/input_btnadd' is clicked on

2018-05-11 10:58:04 - [TEST_STEP][PASSED] - Statement - If (s == 10): null

2018-05-11 10:58:04 - [TEST_STEP][PASSED] - Statement - Else: null

2018-05-11 10:58:04 - [TEST_STEP][PASSED] - Statement - (s++): null

2018-05-11 10:58:04 - [TEST_STEP][PASSED] - delay: Delayed 1 second(s)

2018-05-11 10:58:05 - [MESSAGE][PASSED] - Delayed 1 second(s)

2018-05-11 10:58:05 - [TEST_STEP][PASSED] - selectOptionByIndex: All options with index in [3] are selected on object 'Object Repository/MOH AND GRN/Page_KDMC - CMS/select_--Select--Amikacin -500'

2018-05-11 10:58:05 - [MESSAGE][PASSED] - All options with index in [3] are selected on object 'Object Repository/MOH AND GRN/Page_KDMC - CMS/select_--Select--Amikacin -500'

2018-05-11 10:58:05 - [TEST_STEP][PASSED] - setText: Text '5000' is set on object 'Object Repository/MOH AND GRN/Page_KDMC - CMS/input_txtqty'

2018-05-11 10:58:06 - [MESSAGE][PASSED] - Text '5000' is set on object 'Object Repository/MOH AND GRN/Page_KDMC - CMS/input_txtqty'

2018-05-11 10:58:06 - [TEST_STEP][PASSED] - selectOptionByIndex: All options with index in [1] are selected on object 'Object Repository/MOH AND GRN/Page_KDMC - CMS/select_--Select--No Tax0'

2018-05-11 10:58:06 - [MESSAGE][PASSED] - All options with index in [1] are selected on object 'Object Repository/MOH AND GRN/Page_KDMC - CMS/select_--Select--No Tax0'

2018-05-11 10:58:06 - [TEST_STEP][PASSED] - setText: Finding Test Object with id 'Object Repository/MOH AND GRN/Page_KDMC - CMS/input_txtmrp'

2018-05-11 10:58:06 - [TEST_STEP][PASSED] - Statement - switch (id): Finding Test Object with id 'Object Repository/MOH AND GRN/Page_KDMC - CMS/input_txtdeal'

2018-05-11 10:58:06 - [TEST_STEP][PASSED] - Statement - case 4:: Text '43.0' is set on object 'Object Repository/MOH AND GRN/Page_KDMC - CMS/input_txtmrp'

2018-05-11 10:58:06 - [TEST_STEP][PASSED] - Statement - return (java.lang.Math.floor((java.lang.Math.random() * ((max - min) + 1))) + min): Text '43.0' is set on object 'Object Repository/MOH AND GRN/Page_KDMC - CMS/input_txtmrp'

2018-05-11 10:58:06 - [MESSAGE][PASSED] - Text '43.0' is set on object 'Object Repository/MOH AND GRN/Page_KDMC - CMS/input_txtmrp'

2018-05-11 10:58:06 - [TEST_STEP][PASSED] - setText: Finding Test Object with id 'Object Repository/MOH AND GRN/Page_KDMC - CMS/input_txtdeal'

2018-05-11 10:58:06 - [TEST_STEP][PASSED] - Statement - switch (id): Finding Test Object with id 'Object Repository/MOH AND GRN/Page_KDMC - CMS/input_txtbatchno'

2018-05-11 10:58:06 - [TEST_STEP][PASSED] - Statement - case 5:: Text '8.0' is set on object 'Object Repository/MOH AND GRN/Page_KDMC - CMS/input_txtdeal'

2018-05-11 10:58:06 - [TEST_STEP][PASSED] - Statement - return (java.lang.Math.floor((java.lang.Math.random() * ((max - min) + 1))) + min): Text '8.0' is set on object 'Object Repository/MOH AND GRN/Page_KDMC - CMS/input_txtdeal'

2018-05-11 10:58:06 - [MESSAGE][PASSED] - Text '8.0' is set on object 'Object Repository/MOH AND GRN/Page_KDMC - CMS/input_txtdeal'

2018-05-11 10:58:06 - [TEST_STEP][PASSED] - setText: Finding Test Object with id 'Object Repository/MOH AND GRN/Page_KDMC - CMS/input_txtbatchno'

2018-05-11 10:58:06 - [TEST_STEP][PASSED] - Statement - switch (id): Finding Test Object with id 'Object Repository/MOH AND GRN/Page_KDMC - CMS/input_txtmrp'

2018-05-11 10:58:06 - [TEST_STEP][PASSED] - Statement - case 1:: Text 'BA200.0' is set on object 'Object Repository/MOH AND GRN/Page_KDMC - CMS/input_txtbatchno'

2018-05-11 10:58:06 - [TEST_STEP][PASSED] - Statement - return (java.lang.Math.floor((java.lang.Math.random() * ((max - min) + 1))) + min): Text 'BA200.0' is set on object 'Object Repository/MOH AND GRN/Page_KDMC - CMS/input_txtbatchno'

2018-05-11 10:58:06 - [MESSAGE][PASSED] - Text 'BA200.0' is set on object 'Object Repository/MOH AND GRN/Page_KDMC - CMS/input_txtbatchno'

2018-05-11 10:58:06 - [TEST_STEP][PASSED] - rightClick: Object: 'Object Repository/GRN/Page_KDMC - CMS/input_txtexpdate' is right clicked on

2018-05-11 10:58:06 - [MESSAGE][PASSED] - Object: 'Object Repository/GRN/Page_KDMC - CMS/input_txtexpdate' is right clicked on

2018-05-11 10:58:06 - [TEST_STEP][PASSED] - selectOptionByIndex: All options with index in [3] are selected on object 'Object Repository/GRN/Page_KDMC - CMS/select_20182019202020212022202'

2018-05-11 10:58:06 - [MESSAGE][PASSED] - All options with index in [3] are selected on object 'Object Repository/GRN/Page_KDMC - CMS/select_20182019202020212022202'

2018-05-11 10:58:06 - [TEST_STEP][PASSED] - selectOptionByIndex: All options with index in [3] are selected on object 'Object Repository/GRN/Page_KDMC - CMS/select_JanFebMarAprMayJunJulAu'

2018-05-11 10:58:06 - [MESSAGE][PASSED] - All options with index in [3] are selected on object 'Object Repository/GRN/Page_KDMC - CMS/select_JanFebMarAprMayJunJulAu'

2018-05-11 10:58:06 - [TEST_STEP][PASSED] - click: Object: 'Object Repository/MOH AND GRN/Page_KDMC - CMS/a_12' is clicked on

2018-05-11 10:58:06 - [MESSAGE][PASSED] - Object: 'Object Repository/MOH AND GRN/Page_KDMC - CMS/a_12' is clicked on

2018-05-11 10:58:06 - [TEST_STEP][PASSED] - click: Object: 'Object Repository/MOH AND GRN/Page_KDMC - CMS/input_btnadd' is clicked on

2018-05-11 10:58:07 - [MESSAGE][PASSED] - Object: 'Object Repository/MOH AND GRN/Page_KDMC - CMS/input_btnadd' is clicked on

2018-05-11 10:58:07 - [TEST_STEP][PASSED] - Statement - If (s == 10): null

2018-05-11 10:58:07 - [TEST_STEP][PASSED] - Statement - Else: null

2018-05-11 10:58:07 - [TEST_STEP][PASSED] - Statement - (s++): null

2018-05-11 10:58:07 - [TEST_STEP][PASSED] - delay: Delayed 1 second(s)

2018-05-11 10:58:08 - [MESSAGE][PASSED] - Delayed 1 second(s)

2018-05-11 10:58:08 - [TEST_STEP][PASSED] - selectOptionByIndex: All options with index in [4] are selected on object 'Object Repository/MOH AND GRN/Page_KDMC - CMS/select_--Select--Amikacin -500'

2018-05-11 10:58:08 - [MESSAGE][PASSED] - All options with index in [4] are selected on object 'Object Repository/MOH AND GRN/Page_KDMC - CMS/select_--Select--Amikacin -500'

2018-05-11 10:58:08 - [TEST_STEP][PASSED] - setText: Text '5000' is set on object 'Object Repository/MOH AND GRN/Page_KDMC - CMS/input_txtqty'

2018-05-11 10:58:08 - [MESSAGE][PASSED] - Text '5000' is set on object 'Object Repository/MOH AND GRN/Page_KDMC - CMS/input_txtqty'

2018-05-11 10:58:08 - [TEST_STEP][PASSED] - selectOptionByIndex: All options with index in [1] are selected on object 'Object Repository/MOH AND GRN/Page_KDMC - CMS/select_--Select--No Tax0'

2018-05-11 10:58:08 - [MESSAGE][PASSED] - All options with index in [1] are selected on object 'Object Repository/MOH AND GRN/Page_KDMC - CMS/select_--Select--No Tax0'

2018-05-11 10:58:08 - [TEST_STEP][PASSED] - setText: Finding Test Object with id 'Object Repository/MOH AND GRN/Page_KDMC - CMS/input_txtmrp'

2018-05-11 10:58:08 - [TEST_STEP][PASSED] - Statement - switch (id): Finding Test Object with id 'Object Repository/MOH AND GRN/Page_KDMC - CMS/input_txtdeal'

2018-05-11 10:58:08 - [TEST_STEP][PASSED] - Statement - case 4:: Text '40.0' is set on object 'Object Repository/MOH AND GRN/Page_KDMC - CMS/input_txtmrp'

2018-05-11 10:58:08 - [TEST_STEP][PASSED] - Statement - return (java.lang.Math.floor((java.lang.Math.random() * ((max - min) + 1))) + min): Text '40.0' is set on object 'Object Repository/MOH AND GRN/Page_KDMC - CMS/input_txtmrp'

2018-05-11 10:58:08 - [MESSAGE][PASSED] - Text '40.0' is set on object 'Object Repository/MOH AND GRN/Page_KDMC - CMS/input_txtmrp'

2018-05-11 10:58:08 - [TEST_STEP][PASSED] - setText: Finding Test Object with id 'Object Repository/MOH AND GRN/Page_KDMC - CMS/input_txtdeal'

2018-05-11 10:58:08 - [TEST_STEP][PASSED] - Statement - switch (id): Finding Test Object with id 'Object Repository/MOH AND GRN/Page_KDMC - CMS/input_txtbatchno'

2018-05-11 10:58:08 - [TEST_STEP][PASSED] - Statement - case 5:: Text '9.0' is set on object 'Object Repository/MOH AND GRN/Page_KDMC - CMS/input_txtdeal'

2018-05-11 10:58:08 - [TEST_STEP][PASSED] - Statement - return (java.lang.Math.floor((java.lang.Math.random() * ((max - min) + 1))) + min): Text '9.0' is set on object 'Object Repository/MOH AND GRN/Page_KDMC - CMS/input_txtdeal'

2018-05-11 10:58:08 - [MESSAGE][PASSED] - Text '9.0' is set on object 'Object Repository/MOH AND GRN/Page_KDMC - CMS/input_txtdeal'

2018-05-11 10:58:08 - [TEST_STEP][PASSED] - setText: Finding Test Object with id 'Object Repository/MOH AND GRN/Page_KDMC - CMS/input_txtbatchno'

2018-05-11 10:58:08 - [TEST_STEP][PASSED] - Statement - switch (id): Finding Test Object with id 'Object Repository/MOH AND GRN/Page_KDMC - CMS/input_txtmrp'

2018-05-11 10:58:08 - [TEST_STEP][PASSED] - Statement - case 1:: Text 'BA125.0' is set on object 'Object Repository/MOH AND GRN/Page_KDMC - CMS/input_txtbatchno'

2018-05-11 10:58:08 - [TEST_STEP][PASSED] - Statement - return (java.lang.Math.floor((java.lang.Math.random() * ((max - min) + 1))) + min): Text 'BA125.0' is set on object 'Object Repository/MOH AND GRN/Page_KDMC - CMS/input_txtbatchno'

2018-05-11 10:58:08 - [MESSAGE][PASSED] - Text 'BA125.0' is set on object 'Object Repository/MOH AND GRN/Page_KDMC - CMS/input_txtbatchno'

2018-05-11 10:58:08 - [TEST_STEP][PASSED] - rightClick: Object: 'Object Repository/GRN/Page_KDMC - CMS/input_txtexpdate' is right clicked on

2018-05-11 10:58:08 - [MESSAGE][PASSED] - Object: 'Object Repository/GRN/Page_KDMC - CMS/input_txtexpdate' is right clicked on

2018-05-11 10:58:08 - [TEST_STEP][PASSED] - selectOptionByIndex: All options with index in [4] are selected on object 'Object Repository/GRN/Page_KDMC - CMS/select_20182019202020212022202'

2018-05-11 10:58:08 - [MESSAGE][PASSED] - All options with index in [4] are selected on object 'Object Repository/GRN/Page_KDMC - CMS/select_20182019202020212022202'

2018-05-11 10:58:08 - [TEST_STEP][PASSED] - selectOptionByIndex: All options with index in [4] are selected on object 'Object Repository/GRN/Page_KDMC - CMS/select_JanFebMarAprMayJunJulAu'

2018-05-11 10:58:09 - [MESSAGE][PASSED] - All options with index in [4] are selected on object 'Object Repository/GRN/Page_KDMC - CMS/select_JanFebMarAprMayJunJulAu'

2018-05-11 10:58:09 - [TEST_STEP][PASSED] - click: Object: 'Object Repository/MOH AND GRN/Page_KDMC - CMS/a_12' is clicked on

2018-05-11 10:58:09 - [MESSAGE][PASSED] - Object: 'Object Repository/MOH AND GRN/Page_KDMC - CMS/a_12' is clicked on

2018-05-11 10:58:09 - [TEST_STEP][PASSED] - click: Object: 'Object Repository/MOH AND GRN/Page_KDMC - CMS/input_btnadd' is clicked on

2018-05-11 10:58:09 - [MESSAGE][PASSED] - Object: 'Object Repository/MOH AND GRN/Page_KDMC - CMS/input_btnadd' is clicked on

2018-05-11 10:58:09 - [TEST_STEP][PASSED] - Statement - If (s == 10): null

2018-05-11 10:58:09 - [TEST_STEP][PASSED] - Statement - Else: null

2018-05-11 10:58:09 - [TEST_STEP][PASSED] - Statement - (s++): null

2018-05-11 10:58:09 - [TEST_STEP][PASSED] - delay: Delayed 1 second(s)

2018-05-11 10:58:10 - [MESSAGE][PASSED] - Delayed 1 second(s)

2018-05-11 10:58:10 - [TEST_STEP][PASSED] - selectOptionByIndex: All options with index in [5] are selected on object 'Object Repository/MOH AND GRN/Page_KDMC - CMS/select_--Select--Amikacin -500'

2018-05-11 10:58:10 - [MESSAGE][PASSED] - All options with index in [5] are selected on object 'Object Repository/MOH AND GRN/Page_KDMC - CMS/select_--Select--Amikacin -500'

2018-05-11 10:58:10 - [TEST_STEP][PASSED] - setText: Text '5000' is set on object 'Object Repository/MOH AND GRN/Page_KDMC - CMS/input_txtqty'

2018-05-11 10:58:10 - [MESSAGE][PASSED] - Text '5000' is set on object 'Object Repository/MOH AND GRN/Page_KDMC - CMS/input_txtqty'

2018-05-11 10:58:10 - [TEST_STEP][PASSED] - selectOptionByIndex: All options with index in [1] are selected on object 'Object Repository/MOH AND GRN/Page_KDMC - CMS/select_--Select--No Tax0'

2018-05-11 10:58:10 - [MESSAGE][PASSED] - All options with index in [1] are selected on object 'Object Repository/MOH AND GRN/Page_KDMC - CMS/select_--Select--No Tax0'

2018-05-11 10:58:10 - [TEST_STEP][PASSED] - setText: Finding Test Object with id 'Object Repository/MOH AND GRN/Page_KDMC - CMS/input_txtmrp'

2018-05-11 10:58:10 - [TEST_STEP][PASSED] - Statement - switch (id): Finding Test Object with id 'Object Repository/MOH AND GRN/Page_KDMC - CMS/input_txtdeal'

2018-05-11 10:58:10 - [TEST_STEP][PASSED] - Statement - case 4:: Text '23.0' is set on object 'Object Repository/MOH AND GRN/Page_KDMC - CMS/input_txtmrp'

2018-05-11 10:58:10 - [TEST_STEP][PASSED] - Statement - return (java.lang.Math.floor((java.lang.Math.random() * ((max - min) + 1))) + min): Text '23.0' is set on object 'Object Repository/MOH AND GRN/Page_KDMC - CMS/input_txtmrp'

2018-05-11 10:58:10 - [MESSAGE][PASSED] - Text '23.0' is set on object 'Object Repository/MOH AND GRN/Page_KDMC - CMS/input_txtmrp'

2018-05-11 10:58:10 - [TEST_STEP][PASSED] - setText: Finding Test Object with id 'Object Repository/MOH AND GRN/Page_KDMC - CMS/input_txtdeal'

2018-05-11 10:58:10 - [TEST_STEP][PASSED] - Statement - switch (id): Finding Test Object with id 'Object Repository/MOH AND GRN/Page_KDMC - CMS/input_txtbatchno'

2018-05-11 10:58:10 - [TEST_STEP][PASSED] - Statement - case 5:: Text '2.0' is set on object 'Object Repository/MOH AND GRN/Page_KDMC - CMS/input_txtdeal'

2018-05-11 10:58:10 - [TEST_STEP][PASSED] - Statement - return (java.lang.Math.floor((java.lang.Math.random() * ((max - min) + 1))) + min): Text '2.0' is set on object 'Object Repository/MOH AND GRN/Page_KDMC - CMS/input_txtdeal'

2018-05-11 10:58:10 - [MESSAGE][PASSED] - Text '2.0' is set on object 'Object Repository/MOH AND GRN/Page_KDMC - CMS/input_txtdeal'

2018-05-11 10:58:10 - [TEST_STEP][PASSED] - setText: Finding Test Object with id 'Object Repository/MOH AND GRN/Page_KDMC - CMS/input_txtbatchno'

2018-05-11 10:58:10 - [TEST_STEP][PASSED] - Statement - switch (id): Finding Test Object with id 'Object Repository/MOH AND GRN/Page_KDMC - CMS/input_txtmrp'

2018-05-11 10:58:10 - [TEST_STEP][PASSED] - Statement - case 1:: Text 'BA35.0' is set on object 'Object Repository/MOH AND GRN/Page_KDMC - CMS/input_txtbatchno'

2018-05-11 10:58:10 - [TEST_STEP][PASSED] - Statement - return (java.lang.Math.floor((java.lang.Math.random() * ((max - min) + 1))) + min): Text 'BA35.0' is set on object 'Object Repository/MOH AND GRN/Page_KDMC - CMS/input_txtbatchno'

2018-05-11 10:58:10 - [MESSAGE][PASSED] - Text 'BA35.0' is set on object 'Object Repository/MOH AND GRN/Page_KDMC - CMS/input_txtbatchno'

2018-05-11 10:58:10 - [TEST_STEP][PASSED] - rightClick: Object: 'Object Repository/GRN/Page_KDMC - CMS/input_txtexpdate' is right clicked on

2018-05-11 10:58:11 - [MESSAGE][PASSED] - Object: 'Object Repository/GRN/Page_KDMC - CMS/input_txtexpdate' is right clicked on

2018-05-11 10:58:11 - [TEST_STEP][PASSED] - selectOptionByIndex: All options with index in [5] are selected on object 'Object Repository/GRN/Page_KDMC - CMS/select_20182019202020212022202'

2018-05-11 10:58:11 - [MESSAGE][PASSED] - All options with index in [5] are selected on object 'Object Repository/GRN/Page_KDMC - CMS/select_20182019202020212022202'

2018-05-11 10:58:11 - [TEST_STEP][PASSED] - selectOptionByIndex: All options with index in [5] are selected on object 'Object Repository/GRN/Page_KDMC - CMS/select_JanFebMarAprMayJunJulAu'

2018-05-11 10:58:11 - [MESSAGE][PASSED] - All options with index in [5] are selected on object 'Object Repository/GRN/Page_KDMC - CMS/select_JanFebMarAprMayJunJulAu'

2018-05-11 10:58:11 - [TEST_STEP][PASSED] - click: Object: 'Object Repository/MOH AND GRN/Page_KDMC - CMS/a_12' is clicked on

2018-05-11 10:58:11 - [MESSAGE][PASSED] - Object: 'Object Repository/MOH AND GRN/Page_KDMC - CMS/a_12' is clicked on

2018-05-11 10:58:11 - [TEST_STEP][PASSED] - click: Object: 'Object Repository/MOH AND GRN/Page_KDMC - CMS/input_btnadd' is clicked on

2018-05-11 10:58:11 - [MESSAGE][PASSED] - Object: 'Object Repository/MOH AND GRN/Page_KDMC - CMS/input_btnadd' is clicked on

2018-05-11 10:58:11 - [TEST_STEP][PASSED] - Statement - If (s == 10): null

2018-05-11 10:58:11 - [TEST_STEP][PASSED] - Statement - Else: null

2018-05-11 10:58:11 - [TEST_STEP][PASSED] - Statement - (s++): null

2018-05-11 10:58:11 - [TEST_STEP][PASSED] - delay: Delayed 1 second(s)

2018-05-11 10:58:12 - [MESSAGE][PASSED] - Delayed 1 second(s)

2018-05-11 10:58:12 - [TEST_STEP][PASSED] - selectOptionByIndex: All options with index in [6] are selected on object 'Object Repository/MOH AND GRN/Page_KDMC - CMS/select_--Select--Amikacin -500'

2018-05-11 10:58:12 - [MESSAGE][PASSED] - All options with index in [6] are selected on object 'Object Repository/MOH AND GRN/Page_KDMC - CMS/select_--Select--Amikacin -500'

2018-05-11 10:58:12 - [TEST_STEP][PASSED] - setText: Text '5000' is set on object 'Object Repository/MOH AND GRN/Page_KDMC - CMS/input_txtqty'

2018-05-11 10:58:12 - [MESSAGE][PASSED] - Text '5000' is set on object 'Object Repository/MOH AND GRN/Page_KDMC - CMS/input_txtqty'

2018-05-11 10:58:12 - [TEST_STEP][PASSED] - selectOptionByIndex: All options with index in [1] are selected on object 'Object Repository/MOH AND GRN/Page_KDMC - CMS/select_--Select--No Tax0'

2018-05-11 10:58:13 - [MESSAGE][PASSED] - All options with index in [1] are selected on object 'Object Repository/MOH AND GRN/Page_KDMC - CMS/select_--Select--No Tax0'

2018-05-11 10:58:13 - [TEST_STEP][PASSED] - setText: Finding Test Object with id 'Object Repository/MOH AND GRN/Page_KDMC - CMS/input_txtmrp'

2018-05-11 10:58:13 - [TEST_STEP][PASSED] - Statement - switch (id): Finding Test Object with id 'Object Repository/MOH AND GRN/Page_KDMC - CMS/input_txtdeal'

2018-05-11 10:58:13 - [TEST_STEP][PASSED] - Statement - case 4:: Text '41.0' is set on object 'Object Repository/MOH AND GRN/Page_KDMC - CMS/input_txtmrp'

2018-05-11 10:58:13 - [TEST_STEP][PASSED] - Statement - return (java.lang.Math.floor((java.lang.Math.random() * ((max - min) + 1))) + min): Text '41.0' is set on object 'Object Repository/MOH AND GRN/Page_KDMC - CMS/input_txtmrp'

2018-05-11 10:58:13 - [MESSAGE][PASSED] - Text '41.0' is set on object 'Object Repository/MOH AND GRN/Page_KDMC - CMS/input_txtmrp'

2018-05-11 10:58:13 - [TEST_STEP][PASSED] - setText: Finding Test Object with id 'Object Repository/MOH AND GRN/Page_KDMC - CMS/input_txtdeal'

2018-05-11 10:58:13 - [TEST_STEP][PASSED] - Statement - switch (id): Finding Test Object with id 'Object Repository/MOH AND GRN/Page_KDMC - CMS/input_txtbatchno'

2018-05-11 10:58:13 - [TEST_STEP][PASSED] - Statement - case 5:: Text '4.0' is set on object 'Object Repository/MOH AND GRN/Page_KDMC - CMS/input_txtdeal'

2018-05-11 10:58:13 - [TEST_STEP][PASSED] - Statement - return (java.lang.Math.floor((java.lang.Math.random() * ((max - min) + 1))) + min): Text '4.0' is set on object 'Object Repository/MOH AND GRN/Page_KDMC - CMS/input_txtdeal'

2018-05-11 10:58:13 - [MESSAGE][PASSED] - Text '4.0' is set on object 'Object Repository/MOH AND GRN/Page_KDMC - CMS/input_txtdeal'

2018-05-11 10:58:13 - [TEST_STEP][PASSED] - setText: Finding Test Object with id 'Object Repository/MOH AND GRN/Page_KDMC - CMS/input_txtbatchno'

2018-05-11 10:58:13 - [TEST_STEP][PASSED] - Statement - switch (id): Finding Test Object with id 'Object Repository/MOH AND GRN/Page_KDMC - CMS/input_txtmrp'

2018-05-11 10:58:13 - [TEST_STEP][PASSED] - Statement - case 1:: Text 'BA284.0' is set on object 'Object Repository/MOH AND GRN/Page_KDMC - CMS/input_txtbatchno'

2018-05-11 10:58:13 - [TEST_STEP][PASSED] - Statement - return (java.lang.Math.floor((java.lang.Math.random() * ((max - min) + 1))) + min): Text 'BA284.0' is set on object 'Object Repository/MOH AND GRN/Page_KDMC - CMS/input_txtbatchno'

2018-05-11 10:58:13 - [MESSAGE][PASSED] - Text 'BA284.0' is set on object 'Object Repository/MOH AND GRN/Page_KDMC - CMS/input_txtbatchno'

2018-05-11 10:58:13 - [TEST_STEP][PASSED] - rightClick: Object: 'Object Repository/GRN/Page_KDMC - CMS/input_txtexpdate' is right clicked on

2018-05-11 10:58:13 - [MESSAGE][PASSED] - Object: 'Object Repository/GRN/Page_KDMC - CMS/input_txtexpdate' is right clicked on

2018-05-11 10:58:13 - [TEST_STEP][PASSED] - selectOptionByIndex: All options with index in [6] are selected on object 'Object Repository/GRN/Page_KDMC - CMS/select_20182019202020212022202'

2018-05-11 10:58:13 - [MESSAGE][PASSED] - All options with index in [6] are selected on object 'Object Repository/GRN/Page_KDMC - CMS/select_20182019202020212022202'

2018-05-11 10:58:13 - [TEST_STEP][PASSED] - selectOptionByIndex: All options with index in [6] are selected on object 'Object Repository/GRN/Page_KDMC - CMS/select_JanFebMarAprMayJunJulAu'

2018-05-11 10:58:13 - [MESSAGE][PASSED] - All options with index in [6] are selected on object 'Object Repository/GRN/Page_KDMC - CMS/select_JanFebMarAprMayJunJulAu'

2018-05-11 10:58:13 - [TEST_STEP][PASSED] - click: Object: 'Object Repository/MOH AND GRN/Page_KDMC - CMS/a_12' is clicked on

2018-05-11 10:58:13 - [MESSAGE][PASSED] - Object: 'Object Repository/MOH AND GRN/Page_KDMC - CMS/a_12' is clicked on

2018-05-11 10:58:13 - [TEST_STEP][PASSED] - click: Object: 'Object Repository/MOH AND GRN/Page_KDMC - CMS/input_btnadd' is clicked on

2018-05-11 10:58:14 - [MESSAGE][PASSED] - Object: 'Object Repository/MOH AND GRN/Page_KDMC - CMS/input_btnadd' is clicked on

2018-05-11 10:58:14 - [TEST_STEP][PASSED] - Statement - If (s == 10): null

2018-05-11 10:58:14 - [TEST_STEP][PASSED] - Statement - Else: null

2018-05-11 10:58:14 - [TEST_STEP][PASSED] - Statement - (s++): null

2018-05-11 10:58:14 - [TEST_STEP][PASSED] - delay: Delayed 1 second(s)

2018-05-11 10:58:15 - [MESSAGE][PASSED] - Delayed 1 second(s)

2018-05-11 10:58:15 - [TEST_STEP][PASSED] - selectOptionByIndex: All options with index in [7] are selected on object 'Object Repository/MOH AND GRN/Page_KDMC - CMS/select_--Select--Amikacin -500'

2018-05-11 10:58:15 - [MESSAGE][PASSED] - All options with index in [7] are selected on object 'Object Repository/MOH AND GRN/Page_KDMC - CMS/select_--Select--Amikacin -500'

2018-05-11 10:58:15 - [TEST_STEP][PASSED] - setText: Text '5000' is set on object 'Object Repository/MOH AND GRN/Page_KDMC - CMS/input_txtqty'

2018-05-11 10:58:15 - [MESSAGE][PASSED] - Text '5000' is set on object 'Object Repository/MOH AND GRN/Page_KDMC - CMS/input_txtqty'

2018-05-11 10:58:15 - [TEST_STEP][PASSED] - selectOptionByIndex: All options with index in [1] are selected on object 'Object Repository/MOH AND GRN/Page_KDMC - CMS/select_--Select--No Tax0'

2018-05-11 10:58:15 - [MESSAGE][PASSED] - All options with index in [1] are selected on object 'Object Repository/MOH AND GRN/Page_KDMC - CMS/select_--Select--No Tax0'

2018-05-11 10:58:15 - [TEST_STEP][PASSED] - setText: Finding Test Object with id 'Object Repository/MOH AND GRN/Page_KDMC - CMS/input_txtmrp'

2018-05-11 10:58:15 - [TEST_STEP][PASSED] - Statement - switch (id): Finding Test Object with id 'Object Repository/MOH AND GRN/Page_KDMC - CMS/input_txtdeal'

2018-05-11 10:58:15 - [TEST_STEP][PASSED] - Statement - case 4:: Text '32.0' is set on object 'Object Repository/MOH AND GRN/Page_KDMC - CMS/input_txtmrp'

2018-05-11 10:58:15 - [TEST_STEP][PASSED] - Statement - return (java.lang.Math.floor((java.lang.Math.random() * ((max - min) + 1))) + min): Text '32.0' is set on object 'Object Repository/MOH AND GRN/Page_KDMC - CMS/input_txtmrp'

2018-05-11 10:58:15 - [MESSAGE][PASSED] - Text '32.0' is set on object 'Object Repository/MOH AND GRN/Page_KDMC - CMS/input_txtmrp'

2018-05-11 10:58:15 - [TEST_STEP][PASSED] - setText: Finding Test Object with id 'Object Repository/MOH AND GRN/Page_KDMC - CMS/input_txtdeal'

2018-05-11 10:58:15 - [TEST_STEP][PASSED] - Statement - switch (id): Finding Test Object with id 'Object Repository/MOH AND GRN/Page_KDMC - CMS/input_txtbatchno'

2018-05-11 10:58:15 - [TEST_STEP][PASSED] - Statement - case 5:: Text '3.0' is set on object 'Object Repository/MOH AND GRN/Page_KDMC - CMS/input_txtdeal'

2018-05-11 10:58:15 - [TEST_STEP][PASSED] - Statement - return (java.lang.Math.floor((java.lang.Math.random() * ((max - min) + 1))) + min): Text '3.0' is set on object 'Object Repository/MOH AND GRN/Page_KDMC - CMS/input_txtdeal'

2018-05-11 10:58:15 - [MESSAGE][PASSED] - Text '3.0' is set on object 'Object Repository/MOH AND GRN/Page_KDMC - CMS/input_txtdeal'

2018-05-11 10:58:15 - [TEST_STEP][PASSED] - setText: Finding Test Object with id 'Object Repository/MOH AND GRN/Page_KDMC - CMS/input_txtbatchno'

2018-05-11 10:58:15 - [TEST_STEP][PASSED] - Statement - switch (id): Finding Test Object with id 'Object Repository/MOH AND GRN/Page_KDMC - CMS/input_txtmrp'

2018-05-11 10:58:15 - [TEST_STEP][PASSED] - Statement - case 1:: Text 'BA614.0' is set on object 'Object Repository/MOH AND GRN/Page_KDMC - CMS/input_txtbatchno'

2018-05-11 10:58:15 - [TEST_STEP][PASSED] - Statement - return (java.lang.Math.floor((java.lang.Math.random() * ((max - min) + 1))) + min): Text 'BA614.0' is set on object 'Object Repository/MOH AND GRN/Page_KDMC - CMS/input_txtbatchno'

2018-05-11 10:58:15 - [MESSAGE][PASSED] - Text 'BA614.0' is set on object 'Object Repository/MOH AND GRN/Page_KDMC - CMS/input_txtbatchno'

2018-05-11 10:58:15 - [TEST_STEP][PASSED] - rightClick: Object: 'Object Repository/GRN/Page_KDMC - CMS/input_txtexpdate' is right clicked on

2018-05-11 10:58:15 - [MESSAGE][PASSED] - Object: 'Object Repository/GRN/Page_KDMC - CMS/input_txtexpdate' is right clicked on

2018-05-11 10:58:15 - [TEST_STEP][PASSED] - selectOptionByIndex: All options with index in [7] are selected on object 'Object Repository/GRN/Page_KDMC - CMS/select_20182019202020212022202'

2018-05-11 10:58:16 - [MESSAGE][PASSED] - All options with index in [7] are selected on object 'Object Repository/GRN/Page_KDMC - CMS/select_20182019202020212022202'

2018-05-11 10:58:16 - [TEST_STEP][PASSED] - selectOptionByIndex: All options with index in [7] are selected on object 'Object Repository/GRN/Page_KDMC - CMS/select_JanFebMarAprMayJunJulAu'

2018-05-11 10:58:16 - [MESSAGE][PASSED] - All options with index in [7] are selected on object 'Object Repository/GRN/Page_KDMC - CMS/select_JanFebMarAprMayJunJulAu'

2018-05-11 10:58:16 - [TEST_STEP][PASSED] - click: Object: 'Object Repository/MOH AND GRN/Page_KDMC - CMS/a_12' is clicked on

2018-05-11 10:58:16 - [MESSAGE][PASSED] - Object: 'Object Repository/MOH AND GRN/Page_KDMC - CMS/a_12' is clicked on

2018-05-11 10:58:16 - [TEST_STEP][PASSED] - click: Object: 'Object Repository/MOH AND GRN/Page_KDMC - CMS/input_btnadd' is clicked on

2018-05-11 10:58:16 - [MESSAGE][PASSED] - Object: 'Object Repository/MOH AND GRN/Page_KDMC - CMS/input_btnadd' is clicked on

2018-05-11 10:58:16 - [TEST_STEP][PASSED] - Statement - If (s == 10): null

2018-05-11 10:58:16 - [TEST_STEP][PASSED] - Statement - Else: null

2018-05-11 10:58:16 - [TEST_STEP][PASSED] - Statement - (s++): null

2018-05-11 10:58:16 - [TEST_STEP][PASSED] - delay: Delayed 1 second(s)

2018-05-11 10:58:17 - [MESSAGE][PASSED] - Delayed 1 second(s)

2018-05-11 10:58:17 - [TEST_STEP][PASSED] - selectOptionByIndex: All options with index in [8] are selected on object 'Object Repository/MOH AND GRN/Page_KDMC - CMS/select_--Select--Amikacin -500'

2018-05-11 10:58:17 - [MESSAGE][PASSED] - All options with index in [8] are selected on object 'Object Repository/MOH AND GRN/Page_KDMC - CMS/select_--Select--Amikacin -500'

2018-05-11 10:58:17 - [TEST_STEP][PASSED] - setText: Text '5000' is set on object 'Object Repository/MOH AND GRN/Page_KDMC - CMS/input_txtqty'

2018-05-11 10:58:17 - [MESSAGE][PASSED] - Text '5000' is set on object 'Object Repository/MOH AND GRN/Page_KDMC - CMS/input_txtqty'

2018-05-11 10:58:17 - [TEST_STEP][PASSED] - selectOptionByIndex: All options with index in [1] are selected on object 'Object Repository/MOH AND GRN/Page_KDMC - CMS/select_--Select--No Tax0'

2018-05-11 10:58:17 - [MESSAGE][PASSED] - All options with index in [1] are selected on object 'Object Repository/MOH AND GRN/Page_KDMC - CMS/select_--Select--No Tax0'

2018-05-11 10:58:17 - [TEST_STEP][PASSED] - setText: Finding Test Object with id 'Object Repository/MOH AND GRN/Page_KDMC - CMS/input_txtmrp'

2018-05-11 10:58:17 - [TEST_STEP][PASSED] - Statement - switch (id): Finding Test Object with id 'Object Repository/MOH AND GRN/Page_KDMC - CMS/input_txtdeal'

2018-05-11 10:58:17 - [TEST_STEP][PASSED] - Statement - case 4:: Text '45.0' is set on object 'Object Repository/MOH AND GRN/Page_KDMC - CMS/input_txtmrp'

2018-05-11 10:58:17 - [TEST_STEP][PASSED] - Statement - return (java.lang.Math.floor((java.lang.Math.random() * ((max - min) + 1))) + min): Text '45.0' is set on object 'Object Repository/MOH AND GRN/Page_KDMC - CMS/input_txtmrp'

2018-05-11 10:58:17 - [MESSAGE][PASSED] - Text '45.0' is set on object 'Object Repository/MOH AND GRN/Page_KDMC - CMS/input_txtmrp'

2018-05-11 10:58:17 - [TEST_STEP][PASSED] - setText: Finding Test Object with id 'Object Repository/MOH AND GRN/Page_KDMC - CMS/input_txtdeal'

2018-05-11 10:58:17 - [TEST_STEP][PASSED] - Statement - switch (id): Finding Test Object with id 'Object Repository/MOH AND GRN/Page_KDMC - CMS/input_txtbatchno'

2018-05-11 10:58:17 - [TEST_STEP][PASSED] - Statement - case 5:: Text '10.0' is set on object 'Object Repository/MOH AND GRN/Page_KDMC - CMS/input_txtdeal'

2018-05-11 10:58:17 - [TEST_STEP][PASSED] - Statement - return (java.lang.Math.floor((java.lang.Math.random() * ((max - min) + 1))) + min): Text '10.0' is set on object 'Object Repository/MOH AND GRN/Page_KDMC - CMS/input_txtdeal'

2018-05-11 10:58:18 - [MESSAGE][PASSED] - Text '10.0' is set on object 'Object Repository/MOH AND GRN/Page_KDMC - CMS/input_txtdeal'

2018-05-11 10:58:18 - [TEST_STEP][PASSED] - setText: Finding Test Object with id 'Object Repository/MOH AND GRN/Page_KDMC - CMS/input_txtbatchno'

2018-05-11 10:58:18 - [TEST_STEP][PASSED] - Statement - switch (id): Finding Test Object with id 'Object Repository/MOH AND GRN/Page_KDMC - CMS/input_txtmrp'

2018-05-11 10:58:18 - [TEST_STEP][PASSED] - Statement - case 1:: Text 'BA476.0' is set on object 'Object Repository/MOH AND GRN/Page_KDMC - CMS/input_txtbatchno'

2018-05-11 10:58:18 - [TEST_STEP][PASSED] - Statement - return (java.lang.Math.floor((java.lang.Math.random() * ((max - min) + 1))) + min): Text 'BA476.0' is set on object 'Object Repository/MOH AND GRN/Page_KDMC - CMS/input_txtbatchno'

2018-05-11 10:58:18 - [MESSAGE][PASSED] - Text 'BA476.0' is set on object 'Object Repository/MOH AND GRN/Page_KDMC - CMS/input_txtbatchno'

2018-05-11 10:58:18 - [TEST_STEP][PASSED] - rightClick: Object: 'Object Repository/GRN/Page_KDMC - CMS/input_txtexpdate' is right clicked on

2018-05-11 10:58:18 - [MESSAGE][PASSED] - Object: 'Object Repository/GRN/Page_KDMC - CMS/input_txtexpdate' is right clicked on

2018-05-11 10:58:18 - [TEST_STEP][PASSED] - selectOptionByIndex: All options with index in [8] are selected on object 'Object Repository/GRN/Page_KDMC - CMS/select_20182019202020212022202'

2018-05-11 10:58:18 - [MESSAGE][PASSED] - All options with index in [8] are selected on object 'Object Repository/GRN/Page_KDMC - CMS/select_20182019202020212022202'

2018-05-11 10:58:18 - [TEST_STEP][PASSED] - selectOptionByIndex: All options with index in [8] are selected on object 'Object Repository/GRN/Page_KDMC - CMS/select_JanFebMarAprMayJunJulAu'

2018-05-11 10:58:18 - [MESSAGE][PASSED] - All options with index in [8] are selected on object 'Object Repository/GRN/Page_KDMC - CMS/select_JanFebMarAprMayJunJulAu'

2018-05-11 10:58:18 - [TEST_STEP][PASSED] - click: Object: 'Object Repository/MOH AND GRN/Page_KDMC - CMS/a_12' is clicked on

2018-05-11 10:58:18 - [MESSAGE][PASSED] - Object: 'Object Repository/MOH AND GRN/Page_KDMC - CMS/a_12' is clicked on

2018-05-11 10:58:18 - [TEST_STEP][PASSED] - click: Object: 'Object Repository/MOH AND GRN/Page_KDMC - CMS/input_btnadd' is clicked on

2018-05-11 10:58:18 - [MESSAGE][PASSED] - Object: 'Object Repository/MOH AND GRN/Page_KDMC - CMS/input_btnadd' is clicked on

2018-05-11 10:58:18 - [TEST_STEP][PASSED] - Statement - If (s == 10): null

2018-05-11 10:58:18 - [TEST_STEP][PASSED] - Statement - Else: null

2018-05-11 10:58:18 - [TEST_STEP][PASSED] - Statement - (s++): null

2018-05-11 10:58:18 - [TEST_STEP][PASSED] - delay: Delayed 1 second(s)

2018-05-11 10:58:19 - [MESSAGE][PASSED] - Delayed 1 second(s)

2018-05-11 10:58:19 - [TEST_STEP][PASSED] - selectOptionByIndex: All options with index in [9] are selected on object 'Object Repository/MOH AND GRN/Page_KDMC - CMS/select_--Select--Amikacin -500'

2018-05-11 10:58:19 - [MESSAGE][PASSED] - All options with index in [9] are selected on object 'Object Repository/MOH AND GRN/Page_KDMC - CMS/select_--Select--Amikacin -500'

2018-05-11 10:58:19 - [TEST_STEP][PASSED] - setText: Text '5000' is set on object 'Object Repository/MOH AND GRN/Page_KDMC - CMS/input_txtqty'

2018-05-11 10:58:20 - [MESSAGE][PASSED] - Text '5000' is set on object 'Object Repository/MOH AND GRN/Page_KDMC - CMS/input_txtqty'

2018-05-11 10:58:20 - [TEST_STEP][PASSED] - selectOptionByIndex: All options with index in [1] are selected on object 'Object Repository/MOH AND GRN/Page_KDMC - CMS/select_--Select--No Tax0'

2018-05-11 10:58:20 - [MESSAGE][PASSED] - All options with index in [1] are selected on object 'Object Repository/MOH AND GRN/Page_KDMC - CMS/select_--Select--No Tax0'

2018-05-11 10:58:20 - [TEST_STEP][PASSED] - setText: Finding Test Object with id 'Object Repository/MOH AND GRN/Page_KDMC - CMS/input_txtmrp'

2018-05-11 10:58:20 - [TEST_STEP][PASSED] - Statement - switch (id): Finding Test Object with id 'Object Repository/MOH AND GRN/Page_KDMC - CMS/input_txtdeal'

2018-05-11 10:58:20 - [TEST_STEP][PASSED] - Statement - case 4:: Text '24.0' is set on object 'Object Repository/MOH AND GRN/Page_KDMC - CMS/input_txtmrp'

2018-05-11 10:58:20 - [TEST_STEP][PASSED] - Statement - return (java.lang.Math.floor((java.lang.Math.random() * ((max - min) + 1))) + min): Text '24.0' is set on object 'Object Repository/MOH AND GRN/Page_KDMC - CMS/input_txtmrp'

2018-05-11 10:58:20 - [MESSAGE][PASSED] - Text '24.0' is set on object 'Object Repository/MOH AND GRN/Page_KDMC - CMS/input_txtmrp'

2018-05-11 10:58:20 - [TEST_STEP][PASSED] - setText: Finding Test Object with id 'Object Repository/MOH AND GRN/Page_KDMC - CMS/input_txtdeal'

2018-05-11 10:58:20 - [TEST_STEP][PASSED] - Statement - switch (id): Finding Test Object with id 'Object Repository/MOH AND GRN/Page_KDMC - CMS/input_txtbatchno'

2018-05-11 10:58:20 - [TEST_STEP][PASSED] - Statement - case 5:: Text '6.0' is set on object 'Object Repository/MOH AND GRN/Page_KDMC - CMS/input_txtdeal'

2018-05-11 10:58:20 - [TEST_STEP][PASSED] - Statement - return (java.lang.Math.floor((java.lang.Math.random() * ((max - min) + 1))) + min): Text '6.0' is set on object 'Object Repository/MOH AND GRN/Page_KDMC - CMS/input_txtdeal'

2018-05-11 10:58:20 - [MESSAGE][PASSED] - Text '6.0' is set on object 'Object Repository/MOH AND GRN/Page_KDMC - CMS/input_txtdeal'

2018-05-11 10:58:20 - [TEST_STEP][PASSED] - setText: Finding Test Object with id 'Object Repository/MOH AND GRN/Page_KDMC - CMS/input_txtbatchno'

2018-05-11 10:58:20 - [TEST_STEP][PASSED] - Statement - switch (id): Finding Test Object with id 'Object Repository/MOH AND GRN/Page_KDMC - CMS/input_txtmrp'

2018-05-11 10:58:20 - [TEST_STEP][PASSED] - Statement - case 1:: Text 'BA656.0' is set on object 'Object Repository/MOH AND GRN/Page_KDMC - CMS/input_txtbatchno'

2018-05-11 10:58:20 - [TEST_STEP][PASSED] - Statement - return (java.lang.Math.floor((java.lang.Math.random() * ((max - min) + 1))) + min): Text 'BA656.0' is set on object 'Object Repository/MOH AND GRN/Page_KDMC - CMS/input_txtbatchno'

2018-05-11 10:58:20 - [MESSAGE][PASSED] - Text 'BA656.0' is set on object 'Object Repository/MOH AND GRN/Page_KDMC - CMS/input_txtbatchno'

2018-05-11 10:58:20 - [TEST_STEP][PASSED] - rightClick: Object: 'Object Repository/GRN/Page_KDMC - CMS/input_txtexpdate' is right clicked on

2018-05-11 10:58:20 - [MESSAGE][PASSED] - Object: 'Object Repository/GRN/Page_KDMC - CMS/input_txtexpdate' is right clicked on

2018-05-11 10:58:20 - [TEST_STEP][PASSED] - selectOptionByIndex: All options with index in [9] are selected on object 'Object Repository/GRN/Page_KDMC - CMS/select_20182019202020212022202'

2018-05-11 10:58:20 - [MESSAGE][PASSED] - All options with index in [9] are selected on object 'Object Repository/GRN/Page_KDMC - CMS/select_20182019202020212022202'

2018-05-11 10:58:20 - [TEST_STEP][PASSED] - selectOptionByIndex: All options with index in [9] are selected on object 'Object Repository/GRN/Page_KDMC - CMS/select_JanFebMarAprMayJunJulAu'

2018-05-11 10:58:21 - [MESSAGE][PASSED] - All options with index in [9] are selected on object 'Object Repository/GRN/Page_KDMC - CMS/select_JanFebMarAprMayJunJulAu'

2018-05-11 10:58:21 - [TEST_STEP][PASSED] - click: Object: 'Object Repository/MOH AND GRN/Page_KDMC - CMS/a_12' is clicked on

2018-05-11 10:58:21 - [MESSAGE][PASSED] - Object: 'Object Repository/MOH AND GRN/Page_KDMC - CMS/a_12' is clicked on

2018-05-11 10:58:21 - [TEST_STEP][PASSED] - click: Object: 'Object Repository/MOH AND GRN/Page_KDMC - CMS/input_btnadd' is clicked on

2018-05-11 10:58:21 - [MESSAGE][PASSED] - Object: 'Object Repository/MOH AND GRN/Page_KDMC - CMS/input_btnadd' is clicked on

2018-05-11 10:58:21 - [TEST_STEP][PASSED] - Statement - If (s == 10): null

2018-05-11 10:58:21 - [TEST_STEP][PASSED] - Statement - Else: null

2018-05-11 10:58:21 - [TEST_STEP][PASSED] - Statement - (s++): null

2018-05-11 10:58:21 - [TEST_STEP][PASSED] - delay: Delayed 1 second(s)

2018-05-11 10:58:22 - [MESSAGE][PASSED] - Delayed 1 second(s)

2018-05-11 10:58:22 - [TEST_STEP][PASSED] - selectOptionByIndex: All options with index in [10] are selected on object 'Object Repository/MOH AND GRN/Page_KDMC - CMS/select_--Select--Amikacin -500'

2018-05-11 10:58:22 - [MESSAGE][PASSED] - All options with index in [10] are selected on object 'Object Repository/MOH AND GRN/Page_KDMC - CMS/select_--Select--Amikacin -500'

2018-05-11 10:58:22 - [TEST_STEP][PASSED] - setText: Text '5000' is set on object 'Object Repository/MOH AND GRN/Page_KDMC - CMS/input_txtqty'

2018-05-11 10:58:22 - [MESSAGE][PASSED] - Text '5000' is set on object 'Object Repository/MOH AND GRN/Page_KDMC - CMS/input_txtqty'

2018-05-11 10:58:22 - [TEST_STEP][PASSED] - selectOptionByIndex: All options with index in [1] are selected on object 'Object Repository/MOH AND GRN/Page_KDMC - CMS/select_--Select--No Tax0'

2018-05-11 10:58:22 - [MESSAGE][PASSED] - All options with index in [1] are selected on object 'Object Repository/MOH AND GRN/Page_KDMC - CMS/select_--Select--No Tax0'

2018-05-11 10:58:22 - [TEST_STEP][PASSED] - setText: Finding Test Object with id 'Object Repository/MOH AND GRN/Page_KDMC - CMS/input_txtmrp'

2018-05-11 10:58:22 - [TEST_STEP][PASSED] - Statement - switch (id): Finding Test Object with id 'Object Repository/MOH AND GRN/Page_KDMC - CMS/input_txtdeal'

2018-05-11 10:58:22 - [TEST_STEP][PASSED] - Statement - case 4:: Text '40.0' is set on object 'Object Repository/MOH AND GRN/Page_KDMC - CMS/input_txtmrp'

2018-05-11 10:58:22 - [TEST_STEP][PASSED] - Statement - return (java.lang.Math.floor((java.lang.Math.random() * ((max - min) + 1))) + min): Text '40.0' is set on object 'Object Repository/MOH AND GRN/Page_KDMC - CMS/input_txtmrp'

2018-05-11 10:58:22 - [MESSAGE][PASSED] - Text '40.0' is set on object 'Object Repository/MOH AND GRN/Page_KDMC - CMS/input_txtmrp'

2018-05-11 10:58:22 - [TEST_STEP][PASSED] - setText: Finding Test Object with id 'Object Repository/MOH AND GRN/Page_KDMC - CMS/input_txtdeal'

2018-05-11 10:58:22 - [TEST_STEP][PASSED] - Statement - switch (id): Finding Test Object with id 'Object Repository/MOH AND GRN/Page_KDMC - CMS/input_txtbatchno'

2018-05-11 10:58:22 - [TEST_STEP][PASSED] - Statement - case 5:: Text '7.0' is set on object 'Object Repository/MOH AND GRN/Page_KDMC - CMS/input_txtdeal'

2018-05-11 10:58:22 - [TEST_STEP][PASSED] - Statement - return (java.lang.Math.floor((java.lang.Math.random() * ((max - min) + 1))) + min): Text '7.0' is set on object 'Object Repository/MOH AND GRN/Page_KDMC - CMS/input_txtdeal'

2018-05-11 10:58:22 - [MESSAGE][PASSED] - Text '7.0' is set on object 'Object Repository/MOH AND GRN/Page_KDMC - CMS/input_txtdeal'

2018-05-11 10:58:22 - [TEST_STEP][PASSED] - setText: Finding Test Object with id 'Object Repository/MOH AND GRN/Page_KDMC - CMS/input_txtbatchno'

2018-05-11 10:58:22 - [TEST_STEP][PASSED] - Statement - switch (id): Finding Test Object with id 'Object Repository/MOH AND GRN/Page_KDMC - CMS/input_txtmrp'

2018-05-11 10:58:22 - [TEST_STEP][PASSED] - Statement - case 1:: Text 'BA715.0' is set on object 'Object Repository/MOH AND GRN/Page_KDMC - CMS/input_txtbatchno'

2018-05-11 10:58:22 - [TEST_STEP][PASSED] - Statement - return (java.lang.Math.floor((java.lang.Math.random() * ((max - min) + 1))) + min): Text 'BA715.0' is set on object 'Object Repository/MOH AND GRN/Page_KDMC - CMS/input_txtbatchno'

2018-05-11 10:58:22 - [MESSAGE][PASSED] - Text 'BA715.0' is set on object 'Object Repository/MOH AND GRN/Page_KDMC - CMS/input_txtbatchno'

2018-05-11 10:58:22 - [TEST_STEP][PASSED] - rightClick: Object: 'Object Repository/GRN/Page_KDMC - CMS/input_txtexpdate' is right clicked on

2018-05-11 10:58:22 - [MESSAGE][PASSED] - Object: 'Object Repository/GRN/Page_KDMC - CMS/input_txtexpdate' is right clicked on

2018-05-11 10:58:22 - [TEST_STEP][PASSED] - selectOptionByIndex: All options with index in [10] are selected on object 'Object Repository/GRN/Page_KDMC - CMS/select_20182019202020212022202'

2018-05-11 10:58:23 - [MESSAGE][PASSED] - All options with index in [10] are selected on object 'Object Repository/GRN/Page_KDMC - CMS/select_20182019202020212022202'

2018-05-11 10:58:23 - [TEST_STEP][PASSED] - selectOptionByIndex: All options with index in [10] are selected on object 'Object Repository/GRN/Page_KDMC - CMS/select_JanFebMarAprMayJunJulAu'

2018-05-11 10:58:23 - [MESSAGE][PASSED] - All options with index in [10] are selected on object 'Object Repository/GRN/Page_KDMC - CMS/select_JanFebMarAprMayJunJulAu'

2018-05-11 10:58:23 - [TEST_STEP][PASSED] - click: Object: 'Object Repository/MOH AND GRN/Page_KDMC - CMS/a_12' is clicked on

2018-05-11 10:58:23 - [MESSAGE][PASSED] - Object: 'Object Repository/MOH AND GRN/Page_KDMC - CMS/a_12' is clicked on

2018-05-11 10:58:23 - [TEST_STEP][PASSED] - click: Object: 'Object Repository/MOH AND GRN/Page_KDMC - CMS/input_btnadd' is clicked on

2018-05-11 10:58:23 - [MESSAGE][PASSED] - Object: 'Object Repository/MOH AND GRN/Page_KDMC - CMS/input_btnadd' is clicked on

2018-05-11 10:58:23 - [TEST_STEP][PASSED] - Statement - If (s == 10): null

2018-05-11 10:58:23 - [TEST_STEP][PASSED] - Statement - s = 1: null

2018-05-11 10:58:23 - [TEST_STEP][PASSED] - delay: Delayed 1 second(s)

2018-05-11 10:58:24 - [MESSAGE][PASSED] - Delayed 1 second(s)

2018-05-11 10:58:24 - [TEST_STEP][PASSED] - selectOptionByIndex: All options with index in [11] are selected on object 'Object Repository/MOH AND GRN/Page_KDMC - CMS/select_--Select--Amikacin -500'

2018-05-11 10:58:24 - [MESSAGE][PASSED] - All options with index in [11] are selected on object 'Object Repository/MOH AND GRN/Page_KDMC - CMS/select_--Select--Amikacin -500'

2018-05-11 10:58:24 - [TEST_STEP][PASSED] - setText: Text '5000' is set on object 'Object Repository/MOH AND GRN/Page_KDMC - CMS/input_txtqty'

2018-05-11 10:58:24 - [MESSAGE][PASSED] - Text '5000' is set on object 'Object Repository/MOH AND GRN/Page_KDMC - CMS/input_txtqty'

2018-05-11 10:58:24 - [TEST_STEP][PASSED] - selectOptionByIndex: All options with index in [1] are selected on object 'Object Repository/MOH AND GRN/Page_KDMC - CMS/select_--Select--No Tax0'

2018-05-11 10:58:25 - [MESSAGE][PASSED] - All options with index in [1] are selected on object 'Object Repository/MOH AND GRN/Page_KDMC - CMS/select_--Select--No Tax0'

2018-05-11 10:58:25 - [TEST_STEP][PASSED] - setText: Finding Test Object with id 'Object Repository/MOH AND GRN/Page_KDMC - CMS/input_txtmrp'

2018-05-11 10:58:25 - [TEST_STEP][PASSED] - Statement - switch (id): Finding Test Object with id 'Object Repository/MOH AND GRN/Page_KDMC - CMS/input_txtdeal'

2018-05-11 10:58:25 - [TEST_STEP][PASSED] - Statement - case 4:: Text '27.0' is set on object 'Object Repository/MOH AND GRN/Page_KDMC - CMS/input_txtmrp'

2018-05-11 10:58:25 - [TEST_STEP][PASSED] - Statement - return (java.lang.Math.floor((java.lang.Math.random() * ((max - min) + 1))) + min): Text '27.0' is set on object 'Object Repository/MOH AND GRN/Page_KDMC - CMS/input_txtmrp'

2018-05-11 10:58:25 - [MESSAGE][PASSED] - Text '27.0' is set on object 'Object Repository/MOH AND GRN/Page_KDMC - CMS/input_txtmrp'

2018-05-11 10:58:25 - [TEST_STEP][PASSED] - setText: Finding Test Object with id 'Object Repository/MOH AND GRN/Page_KDMC - CMS/input_txtdeal'

2018-05-11 10:58:25 - [TEST_STEP][PASSED] - Statement - switch (id): Finding Test Object with id 'Object Repository/MOH AND GRN/Page_KDMC - CMS/input_txtbatchno'

2018-05-11 10:58:25 - [TEST_STEP][PASSED] - Statement - case 5:: Text '9.0' is set on object 'Object Repository/MOH AND GRN/Page_KDMC - CMS/input_txtdeal'

2018-05-11 10:58:25 - [TEST_STEP][PASSED] - Statement - return (java.lang.Math.floor((java.lang.Math.random() * ((max - min) + 1))) + min): Text '9.0' is set on object 'Object Repository/MOH AND GRN/Page_KDMC - CMS/input_txtdeal'

2018-05-11 10:58:25 - [MESSAGE][PASSED] - Text '9.0' is set on object 'Object Repository/MOH AND GRN/Page_KDMC - CMS/input_txtdeal'

2018-05-11 10:58:25 - [TEST_STEP][PASSED] - setText: Finding Test Object with id 'Object Repository/MOH AND GRN/Page_KDMC - CMS/input_txtbatchno'

2018-05-11 10:58:25 - [TEST_STEP][PASSED] - Statement - switch (id): Finding Test Object with id 'Object Repository/MOH AND GRN/Page_KDMC - CMS/input_txtmrp'

2018-05-11 10:58:25 - [TEST_STEP][PASSED] - Statement - case 1:: Text 'BA681.0' is set on object 'Object Repository/MOH AND GRN/Page_KDMC - CMS/input_txtbatchno'

2018-05-11 10:58:25 - [TEST_STEP][PASSED] - Statement - return (java.lang.Math.floor((java.lang.Math.random() * ((max - min) + 1))) + min): Text 'BA681.0' is set on object 'Object Repository/MOH AND GRN/Page_KDMC - CMS/input_txtbatchno'

2018-05-11 10:58:25 - [MESSAGE][PASSED] - Text 'BA681.0' is set on object 'Object Repository/MOH AND GRN/Page_KDMC - CMS/input_txtbatchno'

2018-05-11 10:58:25 - [TEST_STEP][PASSED] - rightClick: Object: 'Object Repository/GRN/Page_KDMC - CMS/input_txtexpdate' is right clicked on

2018-05-11 10:58:25 - [MESSAGE][PASSED] - Object: 'Object Repository/GRN/Page_KDMC - CMS/input_txtexpdate' is right clicked on

2018-05-11 10:58:25 - [TEST_STEP][PASSED] - selectOptionByIndex: All options with index in [1] are selected on object 'Object Repository/GRN/Page_KDMC - CMS/select_20182019202020212022202'

2018-05-11 10:58:25 - [MESSAGE][PASSED] - All options with index in [1] are selected on object 'Object Repository/GRN/Page_KDMC - CMS/select_20182019202020212022202'

2018-05-11 10:58:25 - [TEST_STEP][PASSED] - selectOptionByIndex: All options with index in [1] are selected on object 'Object Repository/GRN/Page_KDMC - CMS/select_JanFebMarAprMayJunJulAu'

2018-05-11 10:58:25 - [MESSAGE][PASSED] - All options with index in [1] are selected on object 'Object Repository/GRN/Page_KDMC - CMS/select_JanFebMarAprMayJunJulAu'

2018-05-11 10:58:25 - [TEST_STEP][PASSED] - click: Object: 'Object Repository/MOH AND GRN/Page_KDMC - CMS/a_12' is clicked on

2018-05-11 10:58:25 - [MESSAGE][PASSED] - Object: 'Object Repository/MOH AND GRN/Page_KDMC - CMS/a_12' is clicked on

2018-05-11 10:58:25 - [TEST_STEP][PASSED] - click: Object: 'Object Repository/MOH AND GRN/Page_KDMC - CMS/input_btnadd' is clicked on

2018-05-11 10:58:25 - [MESSAGE][PASSED] - Object: 'Object Repository/MOH AND GRN/Page_KDMC - CMS/input_btnadd' is clicked on

2018-05-11 10:58:25 - [TEST_STEP][PASSED] - Statement - If (s == 10): null

2018-05-11 10:58:25 - [TEST_STEP][PASSED] - Statement - Else: null

2018-05-11 10:58:25 - [TEST_STEP][PASSED] - Statement - (s++): null

2018-05-11 10:58:25 - [TEST_STEP][PASSED] - delay: Delayed 1 second(s)

2018-05-11 10:58:26 - [MESSAGE][PASSED] - Delayed 1 second(s)

2018-05-11 10:58:26 - [TEST_STEP][PASSED] - selectOptionByIndex: All options with index in [12] are selected on object 'Object Repository/MOH AND GRN/Page_KDMC - CMS/select_--Select--Amikacin -500'

2018-05-11 10:58:27 - [MESSAGE][PASSED] - All options with index in [12] are selected on object 'Object Repository/MOH AND GRN/Page_KDMC - CMS/select_--Select--Amikacin -500'

2018-05-11 10:58:27 - [TEST_STEP][PASSED] - setText: Text '5000' is set on object 'Object Repository/MOH AND GRN/Page_KDMC - CMS/input_txtqty'

2018-05-11 10:58:27 - [MESSAGE][PASSED] - Text '5000' is set on object 'Object Repository/MOH AND GRN/Page_KDMC - CMS/input_txtqty'

2018-05-11 10:58:27 - [TEST_STEP][PASSED] - selectOptionByIndex: All options with index in [1] are selected on object 'Object Repository/MOH AND GRN/Page_KDMC - CMS/select_--Select--No Tax0'

2018-05-11 10:58:27 - [MESSAGE][PASSED] - All options with index in [1] are selected on object 'Object Repository/MOH AND GRN/Page_KDMC - CMS/select_--Select--No Tax0'

2018-05-11 10:58:27 - [TEST_STEP][PASSED] - setText: Finding Test Object with id 'Object Repository/MOH AND GRN/Page_KDMC - CMS/input_txtmrp'

2018-05-11 10:58:27 - [TEST_STEP][PASSED] - Statement - switch (id): Finding Test Object with id 'Object Repository/MOH AND GRN/Page_KDMC - CMS/input_txtdeal'

2018-05-11 10:58:27 - [TEST_STEP][PASSED] - Statement - case 4:: Text '31.0' is set on object 'Object Repository/MOH AND GRN/Page_KDMC - CMS/input_txtmrp'

2018-05-11 10:58:27 - [TEST_STEP][PASSED] - Statement - return (java.lang.Math.floor((java.lang.Math.random() * ((max - min) + 1))) + min): Text '31.0' is set on object 'Object Repository/MOH AND GRN/Page_KDMC - CMS/input_txtmrp'

2018-05-11 10:58:27 - [MESSAGE][PASSED] - Text '31.0' is set on object 'Object Repository/MOH AND GRN/Page_KDMC - CMS/input_txtmrp'

2018-05-11 10:58:27 - [TEST_STEP][PASSED] - setText: Finding Test Object with id 'Object Repository/MOH AND GRN/Page_KDMC - CMS/input_txtdeal'

2018-05-11 10:58:27 - [TEST_STEP][PASSED] - Statement - switch (id): Finding Test Object with id 'Object Repository/MOH AND GRN/Page_KDMC - CMS/input_txtbatchno'

2018-05-11 10:58:27 - [TEST_STEP][PASSED] - Statement - case 5:: Text '12.0' is set on object 'Object Repository/MOH AND GRN/Page_KDMC - CMS/input_txtdeal'

2018-05-11 10:58:27 - [TEST_STEP][PASSED] - Statement - return (java.lang.Math.floor((java.lang.Math.random() * ((max - min) + 1))) + min): Text '12.0' is set on object 'Object Repository/MOH AND GRN/Page_KDMC - CMS/input_txtdeal'

2018-05-11 10:58:27 - [MESSAGE][PASSED] - Text '12.0' is set on object 'Object Repository/MOH AND GRN/Page_KDMC - CMS/input_txtdeal'

2018-05-11 10:58:27 - [TEST_STEP][PASSED] - setText: Finding Test Object with id 'Object Repository/MOH AND GRN/Page_KDMC - CMS/input_txtbatchno'

2018-05-11 10:58:27 - [TEST_STEP][PASSED] - Statement - switch (id): Finding Test Object with id 'Object Repository/MOH AND GRN/Page_KDMC - CMS/input_txtmrp'

2018-05-11 10:58:27 - [TEST_STEP][PASSED] - Statement - case 1:: Text 'BA444.0' is set on object 'Object Repository/MOH AND GRN/Page_KDMC - CMS/input_txtbatchno'

2018-05-11 10:58:27 - [TEST_STEP][PASSED] - Statement - return (java.lang.Math.floor((java.lang.Math.random() * ((max - min) + 1))) + min): Text 'BA444.0' is set on object 'Object Repository/MOH AND GRN/Page_KDMC - CMS/input_txtbatchno'

2018-05-11 10:58:27 - [MESSAGE][PASSED] - Text 'BA444.0' is set on object 'Object Repository/MOH AND GRN/Page_KDMC - CMS/input_txtbatchno'

2018-05-11 10:58:27 - [TEST_STEP][PASSED] - rightClick: Object: 'Object Repository/GRN/Page_KDMC - CMS/input_txtexpdate' is right clicked on

2018-05-11 10:58:27 - [MESSAGE][PASSED] - Object: 'Object Repository/GRN/Page_KDMC - CMS/input_txtexpdate' is right clicked on

2018-05-11 10:58:27 - [TEST_STEP][PASSED] - selectOptionByIndex: All options with index in [2] are selected on object 'Object Repository/GRN/Page_KDMC - CMS/select_20182019202020212022202'

2018-05-11 10:58:27 - [MESSAGE][PASSED] - All options with index in [2] are selected on object 'Object Repository/GRN/Page_KDMC - CMS/select_20182019202020212022202'

2018-05-11 10:58:27 - [TEST_STEP][PASSED] - selectOptionByIndex: All options with index in [2] are selected on object 'Object Repository/GRN/Page_KDMC - CMS/select_JanFebMarAprMayJunJulAu'

2018-05-11 10:58:28 - [MESSAGE][PASSED] - All options with index in [2] are selected on object 'Object Repository/GRN/Page_KDMC - CMS/select_JanFebMarAprMayJunJulAu'

2018-05-11 10:58:28 - [TEST_STEP][PASSED] - click: Object: 'Object Repository/MOH AND GRN/Page_KDMC - CMS/a_12' is clicked on

2018-05-11 10:58:28 - [MESSAGE][PASSED] - Object: 'Object Repository/MOH AND GRN/Page_KDMC - CMS/a_12' is clicked on

2018-05-11 10:58:28 - [TEST_STEP][PASSED] - click: Object: 'Object Repository/MOH AND GRN/Page_KDMC - CMS/input_btnadd' is clicked on

2018-05-11 10:58:28 - [MESSAGE][PASSED] - Object: 'Object Repository/MOH AND GRN/Page_KDMC - CMS/input_btnadd' is clicked on

2018-05-11 10:58:28 - [TEST_STEP][PASSED] - Statement - If (s == 10): null

2018-05-11 10:58:28 - [TEST_STEP][PASSED] - Statement - Else: null

2018-05-11 10:58:28 - [TEST_STEP][PASSED] - Statement - (s++): null

2018-05-11 10:58:28 - [TEST_STEP][PASSED] - delay: Delayed 1 second(s)

2018-05-11 10:58:29 - [MESSAGE][PASSED] - Delayed 1 second(s)

2018-05-11 10:58:29 - [TEST_STEP][PASSED] - selectOptionByIndex: All options with index in [13] are selected on object 'Object Repository/MOH AND GRN/Page_KDMC - CMS/select_--Select--Amikacin -500'

2018-05-11 10:58:29 - [MESSAGE][PASSED] - All options with index in [13] are selected on object 'Object Repository/MOH AND GRN/Page_KDMC - CMS/select_--Select--Amikacin -500'

2018-05-11 10:58:29 - [TEST_STEP][PASSED] - setText: Text '5000' is set on object 'Object Repository/MOH AND GRN/Page_KDMC - CMS/input_txtqty'

2018-05-11 10:58:29 - [MESSAGE][PASSED] - Text '5000' is set on object 'Object Repository/MOH AND GRN/Page_KDMC - CMS/input_txtqty'

2018-05-11 10:58:29 - [TEST_STEP][PASSED] - selectOptionByIndex: All options with index in [1] are selected on object 'Object Repository/MOH AND GRN/Page_KDMC - CMS/select_--Select--No Tax0'

2018-05-11 10:58:29 - [MESSAGE][PASSED] - All options with index in [1] are selected on object 'Object Repository/MOH AND GRN/Page_KDMC - CMS/select_--Select--No Tax0'

2018-05-11 10:58:29 - [TEST_STEP][PASSED] - setText: Finding Test Object with id 'Object Repository/MOH AND GRN/Page_KDMC - CMS/input_txtmrp'

2018-05-11 10:58:29 - [TEST_STEP][PASSED] - Statement - switch (id): Finding Test Object with id 'Object Repository/MOH AND GRN/Page_KDMC - CMS/input_txtdeal'

2018-05-11 10:58:29 - [TEST_STEP][PASSED] - Statement - case 4:: Text '42.0' is set on object 'Object Repository/MOH AND GRN/Page_KDMC - CMS/input_txtmrp'

2018-05-11 10:58:29 - [TEST_STEP][PASSED] - Statement - return (java.lang.Math.floor((java.lang.Math.random() * ((max - min) + 1))) + min): Text '42.0' is set on object 'Object Repository/MOH AND GRN/Page_KDMC - CMS/input_txtmrp'

2018-05-11 10:58:29 - [MESSAGE][PASSED] - Text '42.0' is set on object 'Object Repository/MOH AND GRN/Page_KDMC - CMS/input_txtmrp'

2018-05-11 10:58:29 - [TEST_STEP][PASSED] - setText: Finding Test Object with id 'Object Repository/MOH AND GRN/Page_KDMC - CMS/input_txtdeal'

2018-05-11 10:58:29 - [TEST_STEP][PASSED] - Statement - switch (id): Finding Test Object with id 'Object Repository/MOH AND GRN/Page_KDMC - CMS/input_txtbatchno'

2018-05-11 10:58:29 - [TEST_STEP][PASSED] - Statement - case 5:: Text '3.0' is set on object 'Object Repository/MOH AND GRN/Page_KDMC - CMS/input_txtdeal'

2018-05-11 10:58:29 - [TEST_STEP][PASSED] - Statement - return (java.lang.Math.floor((java.lang.Math.random() * ((max - min) + 1))) + min): Text '3.0' is set on object 'Object Repository/MOH AND GRN/Page_KDMC - CMS/input_txtdeal'

2018-05-11 10:58:29 - [MESSAGE][PASSED] - Text '3.0' is set on object 'Object Repository/MOH AND GRN/Page_KDMC - CMS/input_txtdeal'

2018-05-11 10:58:29 - [TEST_STEP][PASSED] - setText: Finding Test Object with id 'Object Repository/MOH AND GRN/Page_KDMC - CMS/input_txtbatchno'

2018-05-11 10:58:29 - [TEST_STEP][PASSED] - Statement - switch (id): Finding Test Object with id 'Object Repository/MOH AND GRN/Page_KDMC - CMS/input_txtmrp'

2018-05-11 10:58:29 - [TEST_STEP][PASSED] - Statement - case 1:: Text 'BA435.0' is set on object 'Object Repository/MOH AND GRN/Page_KDMC - CMS/input_txtbatchno'

2018-05-11 10:58:29 - [TEST_STEP][PASSED] - Statement - return (java.lang.Math.floor((java.lang.Math.random() * ((max - min) + 1))) + min): Text 'BA435.0' is set on object 'Object Repository/MOH AND GRN/Page_KDMC - CMS/input_txtbatchno'

2018-05-11 10:58:30 - [MESSAGE][PASSED] - Text 'BA435.0' is set on object 'Object Repository/MOH AND GRN/Page_KDMC - CMS/input_txtbatchno'

2018-05-11 10:58:30 - [TEST_STEP][PASSED] - rightClick: Object: 'Object Repository/GRN/Page_KDMC - CMS/input_txtexpdate' is right clicked on

2018-05-11 10:58:30 - [MESSAGE][PASSED] - Object: 'Object Repository/GRN/Page_KDMC - CMS/input_txtexpdate' is right clicked on

2018-05-11 10:58:30 - [TEST_STEP][PASSED] - selectOptionByIndex: All options with index in [3] are selected on object 'Object Repository/GRN/Page_KDMC - CMS/select_20182019202020212022202'

2018-05-11 10:58:30 - [MESSAGE][PASSED] - All options with index in [3] are selected on object 'Object Repository/GRN/Page_KDMC - CMS/select_20182019202020212022202'

2018-05-11 10:58:30 - [TEST_STEP][PASSED] - selectOptionByIndex: All options with index in [3] are selected on object 'Object Repository/GRN/Page_KDMC - CMS/select_JanFebMarAprMayJunJulAu'

2018-05-11 10:58:30 - [MESSAGE][PASSED] - All options with index in [3] are selected on object 'Object Repository/GRN/Page_KDMC - CMS/select_JanFebMarAprMayJunJulAu'

2018-05-11 10:58:30 - [TEST_STEP][PASSED] - click: Object: 'Object Repository/MOH AND GRN/Page_KDMC - CMS/a_12' is clicked on

2018-05-11 10:58:30 - [MESSAGE][PASSED] - Object: 'Object Repository/MOH AND GRN/Page_KDMC - CMS/a_12' is clicked on

2018-05-11 10:58:30 - [TEST_STEP][PASSED] - click: Object: 'Object Repository/MOH AND GRN/Page_KDMC - CMS/input_btnadd' is clicked on

2018-05-11 10:58:30 - [MESSAGE][PASSED] - Object: 'Object Repository/MOH AND GRN/Page_KDMC - CMS/input_btnadd' is clicked on

2018-05-11 10:58:30 - [TEST_STEP][PASSED] - Statement - If (s == 10): null

2018-05-11 10:58:30 - [TEST_STEP][PASSED] - Statement - Else: null

2018-05-11 10:58:30 - [TEST_STEP][PASSED] - Statement - (s++): null

2018-05-11 10:58:30 - [TEST_STEP][PASSED] - delay: Delayed 1 second(s)

2018-05-11 10:58:31 - [MESSAGE][PASSED] - Delayed 1 second(s)

2018-05-11 10:58:31 - [TEST_STEP][PASSED] - selectOptionByIndex: All options with index in [14] are selected on object 'Object Repository/MOH AND GRN/Page_KDMC - CMS/select_--Select--Amikacin -500'

2018-05-11 10:58:31 - [MESSAGE][PASSED] - All options with index in [14] are selected on object 'Object Repository/MOH AND GRN/Page_KDMC - CMS/select_--Select--Amikacin -500'

2018-05-11 10:58:31 - [TEST_STEP][PASSED] - setText: Text '5000' is set on object 'Object Repository/MOH AND GRN/Page_KDMC - CMS/input_txtqty'

2018-05-11 10:58:31 - [MESSAGE][PASSED] - Text '5000' is set on object 'Object Repository/MOH AND GRN/Page_KDMC - CMS/input_txtqty'

2018-05-11 10:58:31 - [TEST_STEP][PASSED] - selectOptionByIndex: All options with index in [1] are selected on object 'Object Repository/MOH AND GRN/Page_KDMC - CMS/select_--Select--No Tax0'

2018-05-11 10:58:32 - [MESSAGE][PASSED] - All options with index in [1] are selected on object 'Object Repository/MOH AND GRN/Page_KDMC - CMS/select_--Select--No Tax0'

2018-05-11 10:58:32 - [TEST_STEP][PASSED] - setText: Finding Test Object with id 'Object Repository/MOH AND GRN/Page_KDMC - CMS/input_txtmrp'

2018-05-11 10:58:32 - [TEST_STEP][PASSED] - Statement - switch (id): Finding Test Object with id 'Object Repository/MOH AND GRN/Page_KDMC - CMS/input_txtdeal'

2018-05-11 10:58:32 - [TEST_STEP][PASSED] - Statement - case 4:: Text '28.0' is set on object 'Object Repository/MOH AND GRN/Page_KDMC - CMS/input_txtmrp'

2018-05-11 10:58:32 - [TEST_STEP][PASSED] - Statement - return (java.lang.Math.floor((java.lang.Math.random() * ((max - min) + 1))) + min): Text '28.0' is set on object 'Object Repository/MOH AND GRN/Page_KDMC - CMS/input_txtmrp'

2018-05-11 10:58:32 - [MESSAGE][PASSED] - Text '28.0' is set on object 'Object Repository/MOH AND GRN/Page_KDMC - CMS/input_txtmrp'

2018-05-11 10:58:32 - [TEST_STEP][PASSED] - setText: Finding Test Object with id 'Object Repository/MOH AND GRN/Page_KDMC - CMS/input_txtdeal'

2018-05-11 10:58:32 - [TEST_STEP][PASSED] - Statement - switch (id): Finding Test Object with id 'Object Repository/MOH AND GRN/Page_KDMC - CMS/input_txtbatchno'

2018-05-11 10:58:32 - [TEST_STEP][PASSED] - Statement - case 5:: Text '5.0' is set on object 'Object Repository/MOH AND GRN/Page_KDMC - CMS/input_txtdeal'

2018-05-11 10:58:32 - [TEST_STEP][PASSED] - Statement - return (java.lang.Math.floor((java.lang.Math.random() * ((max - min) + 1))) + min): Text '5.0' is set on object 'Object Repository/MOH AND GRN/Page_KDMC - CMS/input_txtdeal'

2018-05-11 10:58:32 - [MESSAGE][PASSED] - Text '5.0' is set on object 'Object Repository/MOH AND GRN/Page_KDMC - CMS/input_txtdeal'

2018-05-11 10:58:32 - [TEST_STEP][PASSED] - setText: Finding Test Object with id 'Object Repository/MOH AND GRN/Page_KDMC - CMS/input_txtbatchno'

2018-05-11 10:58:32 - [TEST_STEP][PASSED] - Statement - switch (id): Finding Test Object with id 'Object Repository/MOH AND GRN/Page_KDMC - CMS/input_txtmrp'

2018-05-11 10:58:32 - [TEST_STEP][PASSED] - Statement - case 1:: Text 'BA46.0' is set on object 'Object Repository/MOH AND GRN/Page_KDMC - CMS/input_txtbatchno'

2018-05-11 10:58:32 - [TEST_STEP][PASSED] - Statement - return (java.lang.Math.floor((java.lang.Math.random() * ((max - min) + 1))) + min): Text 'BA46.0' is set on object 'Object Repository/MOH AND GRN/Page_KDMC - CMS/input_txtbatchno'

2018-05-11 10:58:32 - [MESSAGE][PASSED] - Text 'BA46.0' is set on object 'Object Repository/MOH AND GRN/Page_KDMC - CMS/input_txtbatchno'

2018-05-11 10:58:32 - [TEST_STEP][PASSED] - rightClick: Object: 'Object Repository/GRN/Page_KDMC - CMS/input_txtexpdate' is right clicked on

2018-05-11 10:58:32 - [MESSAGE][PASSED] - Object: 'Object Repository/GRN/Page_KDMC - CMS/input_txtexpdate' is right clicked on

2018-05-11 10:58:32 - [TEST_STEP][PASSED] - selectOptionByIndex: All options with index in [4] are selected on object 'Object Repository/GRN/Page_KDMC - CMS/select_20182019202020212022202'

2018-05-11 10:58:32 - [MESSAGE][PASSED] - All options with index in [4] are selected on object 'Object Repository/GRN/Page_KDMC - CMS/select_20182019202020212022202'

2018-05-11 10:58:32 - [TEST_STEP][PASSED] - selectOptionByIndex: All options with index in [4] are selected on object 'Object Repository/GRN/Page_KDMC - CMS/select_JanFebMarAprMayJunJulAu'

2018-05-11 10:58:32 - [MESSAGE][PASSED] - All options with index in [4] are selected on object 'Object Repository/GRN/Page_KDMC - CMS/select_JanFebMarAprMayJunJulAu'

2018-05-11 10:58:32 - [TEST_STEP][PASSED] - click: Object: 'Object Repository/MOH AND GRN/Page_KDMC - CMS/a_12' is clicked on

2018-05-11 10:58:32 - [MESSAGE][PASSED] - Object: 'Object Repository/MOH AND GRN/Page_KDMC - CMS/a_12' is clicked on

2018-05-11 10:58:32 - [TEST_STEP][PASSED] - click: Object: 'Object Repository/MOH AND GRN/Page_KDMC - CMS/input_btnadd' is clicked on

2018-05-11 10:58:32 - [MESSAGE][PASSED] - Object: 'Object Repository/MOH AND GRN/Page_KDMC - CMS/input_btnadd' is clicked on

2018-05-11 10:58:32 - [TEST_STEP][PASSED] - Statement - If (s == 10): null

2018-05-11 10:58:32 - [TEST_STEP][PASSED] - Statement - Else: null

2018-05-11 10:58:32 - [TEST_STEP][PASSED] - Statement - (s++): null

2018-05-11 10:58:32 - [TEST_STEP][PASSED] - delay: Delayed 1 second(s)

2018-05-11 10:58:33 - [MESSAGE][PASSED] - Delayed 1 second(s)

2018-05-11 10:58:33 - [TEST_STEP][PASSED] - selectOptionByIndex: All options with index in [15] are selected on object 'Object Repository/MOH AND GRN/Page_KDMC - CMS/select_--Select--Amikacin -500'

2018-05-11 10:58:34 - [MESSAGE][PASSED] - All options with index in [15] are selected on object 'Object Repository/MOH AND GRN/Page_KDMC - CMS/select_--Select--Amikacin -500'

2018-05-11 10:58:34 - [TEST_STEP][PASSED] - setText: Text '5000' is set on object 'Object Repository/MOH AND GRN/Page_KDMC - CMS/input_txtqty'

2018-05-11 10:58:34 - [MESSAGE][PASSED] - Text '5000' is set on object 'Object Repository/MOH AND GRN/Page_KDMC - CMS/input_txtqty'

2018-05-11 10:58:34 - [TEST_STEP][PASSED] - selectOptionByIndex: All options with index in [1] are selected on object 'Object Repository/MOH AND GRN/Page_KDMC - CMS/select_--Select--No Tax0'

2018-05-11 10:58:34 - [MESSAGE][PASSED] - All options with index in [1] are selected on object 'Object Repository/MOH AND GRN/Page_KDMC - CMS/select_--Select--No Tax0'

2018-05-11 10:58:34 - [TEST_STEP][PASSED] - setText: Finding Test Object with id 'Object Repository/MOH AND GRN/Page_KDMC - CMS/input_txtmrp'

2018-05-11 10:58:34 - [TEST_STEP][PASSED] - Statement - switch (id): Finding Test Object with id 'Object Repository/MOH AND GRN/Page_KDMC - CMS/input_txtdeal'

2018-05-11 10:58:34 - [TEST_STEP][PASSED] - Statement - case 4:: Text '28.0' is set on object 'Object Repository/MOH AND GRN/Page_KDMC - CMS/input_txtmrp'

2018-05-11 10:58:34 - [TEST_STEP][PASSED] - Statement - return (java.lang.Math.floor((java.lang.Math.random() * ((max - min) + 1))) + min): Text '28.0' is set on object 'Object Repository/MOH AND GRN/Page_KDMC - CMS/input_txtmrp'

2018-05-11 10:58:34 - [MESSAGE][PASSED] - Text '28.0' is set on object 'Object Repository/MOH AND GRN/Page_KDMC - CMS/input_txtmrp'

2018-05-11 10:58:34 - [TEST_STEP][PASSED] - setText: Finding Test Object with id 'Object Repository/MOH AND GRN/Page_KDMC - CMS/input_txtdeal'

2018-05-11 10:58:34 - [TEST_STEP][PASSED] - Statement - switch (id): Finding Test Object with id 'Object Repository/MOH AND GRN/Page_KDMC - CMS/input_txtbatchno'

2018-05-11 10:58:34 - [TEST_STEP][PASSED] - Statement - case 5:: Text '1.0' is set on object 'Object Repository/MOH AND GRN/Page_KDMC - CMS/input_txtdeal'

2018-05-11 10:58:34 - [TEST_STEP][PASSED] - Statement - return (java.lang.Math.floor((java.lang.Math.random() * ((max - min) + 1))) + min): Text '1.0' is set on object 'Object Repository/MOH AND GRN/Page_KDMC - CMS/input_txtdeal'

2018-05-11 10:58:34 - [MESSAGE][PASSED] - Text '1.0' is set on object 'Object Repository/MOH AND GRN/Page_KDMC - CMS/input_txtdeal'

2018-05-11 10:58:34 - [TEST_STEP][PASSED] - setText: Finding Test Object with id 'Object Repository/MOH AND GRN/Page_KDMC - CMS/input_txtbatchno'

2018-05-11 10:58:34 - [TEST_STEP][PASSED] - Statement - switch (id): Finding Test Object with id 'Object Repository/MOH AND GRN/Page_KDMC - CMS/input_txtmrp'

2018-05-11 10:58:34 - [TEST_STEP][PASSED] - Statement - case 1:: Text 'BA647.0' is set on object 'Object Repository/MOH AND GRN/Page_KDMC - CMS/input_txtbatchno'

2018-05-11 10:58:34 - [TEST_STEP][PASSED] - Statement - return (java.lang.Math.floor((java.lang.Math.random() * ((max - min) + 1))) + min): Text 'BA647.0' is set on object 'Object Repository/MOH AND GRN/Page_KDMC - CMS/input_txtbatchno'

2018-05-11 10:58:34 - [MESSAGE][PASSED] - Text 'BA647.0' is set on object 'Object Repository/MOH AND GRN/Page_KDMC - CMS/input_txtbatchno'

2018-05-11 10:58:34 - [TEST_STEP][PASSED] - rightClick: Object: 'Object Repository/GRN/Page_KDMC - CMS/input_txtexpdate' is right clicked on

2018-05-11 10:58:34 - [MESSAGE][PASSED] - Object: 'Object Repository/GRN/Page_KDMC - CMS/input_txtexpdate' is right clicked on

2018-05-11 10:58:34 - [TEST_STEP][PASSED] - selectOptionByIndex: All options with index in [5] are selected on object 'Object Repository/GRN/Page_KDMC - CMS/select_20182019202020212022202'

2018-05-11 10:58:35 - [MESSAGE][PASSED] - All options with index in [5] are selected on object 'Object Repository/GRN/Page_KDMC - CMS/select_20182019202020212022202'

2018-05-11 10:58:35 - [TEST_STEP][PASSED] - selectOptionByIndex: All options with index in [5] are selected on object 'Object Repository/GRN/Page_KDMC - CMS/select_JanFebMarAprMayJunJulAu'

2018-05-11 10:58:35 - [MESSAGE][PASSED] - All options with index in [5] are selected on object 'Object Repository/GRN/Page_KDMC - CMS/select_JanFebMarAprMayJunJulAu'

2018-05-11 10:58:35 - [TEST_STEP][PASSED] - click: Object: 'Object Repository/MOH AND GRN/Page_KDMC - CMS/a_12' is clicked on

2018-05-11 10:58:35 - [MESSAGE][PASSED] - Object: 'Object Repository/MOH AND GRN/Page_KDMC - CMS/a_12' is clicked on

2018-05-11 10:58:35 - [TEST_STEP][PASSED] - click: Object: 'Object Repository/MOH AND GRN/Page_KDMC - CMS/input_btnadd' is clicked on

2018-05-11 10:58:35 - [MESSAGE][PASSED] - Object: 'Object Repository/MOH AND GRN/Page_KDMC - CMS/input_btnadd' is clicked on

2018-05-11 10:58:35 - [TEST_STEP][PASSED] - Statement - If (s == 10): null

2018-05-11 10:58:35 - [TEST_STEP][PASSED] - Statement - Else: null

2018-05-11 10:58:35 - [TEST_STEP][PASSED] - Statement - (s++): null

2018-05-11 10:58:35 - [TEST_STEP][PASSED] - delay: Delayed 1 second(s)

2018-05-11 10:58:36 - [MESSAGE][PASSED] - Delayed 1 second(s)

2018-05-11 10:58:36 - [TEST_STEP][PASSED] - selectOptionByIndex: All options with index in [16] are selected on object 'Object Repository/MOH AND GRN/Page_KDMC - CMS/select_--Select--Amikacin -500'

2018-05-11 10:58:36 - [MESSAGE][PASSED] - All options with index in [16] are selected on object 'Object Repository/MOH AND GRN/Page_KDMC - CMS/select_--Select--Amikacin -500'

2018-05-11 10:58:36 - [TEST_STEP][PASSED] - setText: Text '5000' is set on object 'Object Repository/MOH AND GRN/Page_KDMC - CMS/input_txtqty'

2018-05-11 10:58:36 - [MESSAGE][PASSED] - Text '5000' is set on object 'Object Repository/MOH AND GRN/Page_KDMC - CMS/input_txtqty'

2018-05-11 10:58:36 - [TEST_STEP][PASSED] - selectOptionByIndex: All options with index in [1] are selected on object 'Object Repository/MOH AND GRN/Page_KDMC - CMS/select_--Select--No Tax0'

2018-05-11 10:58:37 - [MESSAGE][PASSED] - All options with index in [1] are selected on object 'Object Repository/MOH AND GRN/Page_KDMC - CMS/select_--Select--No Tax0'

2018-05-11 10:58:37 - [TEST_STEP][PASSED] - setText: Finding Test Object with id 'Object Repository/MOH AND GRN/Page_KDMC - CMS/input_txtmrp'

2018-05-11 10:58:37 - [TEST_STEP][PASSED] - Statement - switch (id): Finding Test Object with id 'Object Repository/MOH AND GRN/Page_KDMC - CMS/input_txtdeal'

2018-05-11 10:58:37 - [TEST_STEP][PASSED] - Statement - case 4:: Text '41.0' is set on object 'Object Repository/MOH AND GRN/Page_KDMC - CMS/input_txtmrp'

2018-05-11 10:58:37 - [TEST_STEP][PASSED] - Statement - return (java.lang.Math.floor((java.lang.Math.random() * ((max - min) + 1))) + min): Text '41.0' is set on object 'Object Repository/MOH AND GRN/Page_KDMC - CMS/input_txtmrp'

2018-05-11 10:58:37 - [MESSAGE][PASSED] - Text '41.0' is set on object 'Object Repository/MOH AND GRN/Page_KDMC - CMS/input_txtmrp'

2018-05-11 10:58:37 - [TEST_STEP][PASSED] - setText: Finding Test Object with id 'Object Repository/MOH AND GRN/Page_KDMC - CMS/input_txtdeal'

2018-05-11 10:58:37 - [TEST_STEP][PASSED] - Statement - switch (id): Finding Test Object with id 'Object Repository/MOH AND GRN/Page_KDMC - CMS/input_txtbatchno'

2018-05-11 10:58:37 - [TEST_STEP][PASSED] - Statement - case 5:: Text '7.0' is set on object 'Object Repository/MOH AND GRN/Page_KDMC - CMS/input_txtdeal'

2018-05-11 10:58:37 - [TEST_STEP][PASSED] - Statement - return (java.lang.Math.floor((java.lang.Math.random() * ((max - min) + 1))) + min): Text '7.0' is set on object 'Object Repository/MOH AND GRN/Page_KDMC - CMS/input_txtdeal'

2018-05-11 10:58:37 - [MESSAGE][PASSED] - Text '7.0' is set on object 'Object Repository/MOH AND GRN/Page_KDMC - CMS/input_txtdeal'

2018-05-11 10:58:37 - [TEST_STEP][PASSED] - setText: Finding Test Object with id 'Object Repository/MOH AND GRN/Page_KDMC - CMS/input_txtbatchno'

2018-05-11 10:58:37 - [TEST_STEP][PASSED] - Statement - switch (id): Finding Test Object with id 'Object Repository/MOH AND GRN/Page_KDMC - CMS/input_txtmrp'

2018-05-11 10:58:37 - [TEST_STEP][PASSED] - Statement - case 1:: Text 'BA126.0' is set on object 'Object Repository/MOH AND GRN/Page_KDMC - CMS/input_txtbatchno'

2018-05-11 10:58:37 - [TEST_STEP][PASSED] - Statement - return (java.lang.Math.floor((java.lang.Math.random() * ((max - min) + 1))) + min): Text 'BA126.0' is set on object 'Object Repository/MOH AND GRN/Page_KDMC - CMS/input_txtbatchno'

2018-05-11 10:58:37 - [MESSAGE][PASSED] - Text 'BA126.0' is set on object 'Object Repository/MOH AND GRN/Page_KDMC - CMS/input_txtbatchno'

2018-05-11 10:58:37 - [TEST_STEP][PASSED] - rightClick: Object: 'Object Repository/GRN/Page_KDMC - CMS/input_txtexpdate' is right clicked on

2018-05-11 10:58:37 - [MESSAGE][PASSED] - Object: 'Object Repository/GRN/Page_KDMC - CMS/input_txtexpdate' is right clicked on

2018-05-11 10:58:37 - [TEST_STEP][PASSED] - selectOptionByIndex: All options with index in [6] are selected on object 'Object Repository/GRN/Page_KDMC - CMS/select_20182019202020212022202'

2018-05-11 10:58:37 - [MESSAGE][PASSED] - All options with index in [6] are selected on object 'Object Repository/GRN/Page_KDMC - CMS/select_20182019202020212022202'

2018-05-11 10:58:37 - [TEST_STEP][PASSED] - selectOptionByIndex: All options with index in [6] are selected on object 'Object Repository/GRN/Page_KDMC - CMS/select_JanFebMarAprMayJunJulAu'

2018-05-11 10:58:37 - [MESSAGE][PASSED] - All options with index in [6] are selected on object 'Object Repository/GRN/Page_KDMC - CMS/select_JanFebMarAprMayJunJulAu'

2018-05-11 10:58:37 - [TEST_STEP][PASSED] - click: Object: 'Object Repository/MOH AND GRN/Page_KDMC - CMS/a_12' is clicked on

2018-05-11 10:58:37 - [MESSAGE][PASSED] - Object: 'Object Repository/MOH AND GRN/Page_KDMC - CMS/a_12' is clicked on

2018-05-11 10:58:37 - [TEST_STEP][PASSED] - click: Object: 'Object Repository/MOH AND GRN/Page_KDMC - CMS/input_btnadd' is clicked on

2018-05-11 10:58:37 - [MESSAGE][PASSED] - Object: 'Object Repository/MOH AND GRN/Page_KDMC - CMS/input_btnadd' is clicked on

2018-05-11 10:58:37 - [TEST_STEP][PASSED] - Statement - If (s == 10): null

2018-05-11 10:58:37 - [TEST_STEP][PASSED] - Statement - Else: null

2018-05-11 10:58:37 - [TEST_STEP][PASSED] - Statement - (s++): null

2018-05-11 10:58:37 - [TEST_STEP][PASSED] - delay: Delayed 1 second(s)

2018-05-11 10:58:38 - [MESSAGE][PASSED] - Delayed 1 second(s)

2018-05-11 10:58:38 - [TEST_STEP][PASSED] - selectOptionByIndex: All options with index in [17] are selected on object 'Object Repository/MOH AND GRN/Page_KDMC - CMS/select_--Select--Amikacin -500'

2018-05-11 10:58:39 - [MESSAGE][PASSED] - All options with index in [17] are selected on object 'Object Repository/MOH AND GRN/Page_KDMC - CMS/select_--Select--Amikacin -500'

2018-05-11 10:58:39 - [TEST_STEP][PASSED] - setText: Text '5000' is set on object 'Object Repository/MOH AND GRN/Page_KDMC - CMS/input_txtqty'

2018-05-11 10:58:39 - [MESSAGE][PASSED] - Text '5000' is set on object 'Object Repository/MOH AND GRN/Page_KDMC - CMS/input_txtqty'

2018-05-11 10:58:39 - [TEST_STEP][PASSED] - selectOptionByIndex: All options with index in [1] are selected on object 'Object Repository/MOH AND GRN/Page_KDMC - CMS/select_--Select--No Tax0'

2018-05-11 10:58:39 - [MESSAGE][PASSED] - All options with index in [1] are selected on object 'Object Repository/MOH AND GRN/Page_KDMC - CMS/select_--Select--No Tax0'

2018-05-11 10:58:39 - [TEST_STEP][PASSED] - setText: Finding Test Object with id 'Object Repository/MOH AND GRN/Page_KDMC - CMS/input_txtmrp'

2018-05-11 10:58:39 - [TEST_STEP][PASSED] - Statement - switch (id): Finding Test Object with id 'Object Repository/MOH AND GRN/Page_KDMC - CMS/input_txtdeal'

2018-05-11 10:58:39 - [TEST_STEP][PASSED] - Statement - case 4:: Text '35.0' is set on object 'Object Repository/MOH AND GRN/Page_KDMC - CMS/input_txtmrp'

2018-05-11 10:58:39 - [TEST_STEP][PASSED] - Statement - return (java.lang.Math.floor((java.lang.Math.random() * ((max - min) + 1))) + min): Text '35.0' is set on object 'Object Repository/MOH AND GRN/Page_KDMC - CMS/input_txtmrp'

2018-05-11 10:58:39 - [MESSAGE][PASSED] - Text '35.0' is set on object 'Object Repository/MOH AND GRN/Page_KDMC - CMS/input_txtmrp'

2018-05-11 10:58:39 - [TEST_STEP][PASSED] - setText: Finding Test Object with id 'Object Repository/MOH AND GRN/Page_KDMC - CMS/input_txtdeal'

2018-05-11 10:58:39 - [TEST_STEP][PASSED] - Statement - switch (id): Finding Test Object with id 'Object Repository/MOH AND GRN/Page_KDMC - CMS/input_txtbatchno'

2018-05-11 10:58:39 - [TEST_STEP][PASSED] - Statement - case 5:: Text '11.0' is set on object 'Object Repository/MOH AND GRN/Page_KDMC - CMS/input_txtdeal'

2018-05-11 10:58:39 - [TEST_STEP][PASSED] - Statement - return (java.lang.Math.floor((java.lang.Math.random() * ((max - min) + 1))) + min): Text '11.0' is set on object 'Object Repository/MOH AND GRN/Page_KDMC - CMS/input_txtdeal'

2018-05-11 10:58:39 - [MESSAGE][PASSED] - Text '11.0' is set on object 'Object Repository/MOH AND GRN/Page_KDMC - CMS/input_txtdeal'

2018-05-11 10:58:39 - [TEST_STEP][PASSED] - setText: Finding Test Object with id 'Object Repository/MOH AND GRN/Page_KDMC - CMS/input_txtbatchno'

2018-05-11 10:58:39 - [TEST_STEP][PASSED] - Statement - switch (id): Finding Test Object with id 'Object Repository/MOH AND GRN/Page_KDMC - CMS/input_txtmrp'

2018-05-11 10:58:39 - [TEST_STEP][PASSED] - Statement - case 1:: Text 'BA598.0' is set on object 'Object Repository/MOH AND GRN/Page_KDMC - CMS/input_txtbatchno'

2018-05-11 10:58:39 - [TEST_STEP][PASSED] - Statement - return (java.lang.Math.floor((java.lang.Math.random() * ((max - min) + 1))) + min): Text 'BA598.0' is set on object 'Object Repository/MOH AND GRN/Page_KDMC - CMS/input_txtbatchno'

2018-05-11 10:58:39 - [MESSAGE][PASSED] - Text 'BA598.0' is set on object 'Object Repository/MOH AND GRN/Page_KDMC - CMS/input_txtbatchno'

2018-05-11 10:58:39 - [TEST_STEP][PASSED] - rightClick: Object: 'Object Repository/GRN/Page_KDMC - CMS/input_txtexpdate' is right clicked on

2018-05-11 10:58:39 - [MESSAGE][PASSED] - Object: 'Object Repository/GRN/Page_KDMC - CMS/input_txtexpdate' is right clicked on

2018-05-11 10:58:39 - [TEST_STEP][PASSED] - selectOptionByIndex: All options with index in [7] are selected on object 'Object Repository/GRN/Page_KDMC - CMS/select_20182019202020212022202'

2018-05-11 10:58:40 - [MESSAGE][PASSED] - All options with index in [7] are selected on object 'Object Repository/GRN/Page_KDMC - CMS/select_20182019202020212022202'

2018-05-11 10:58:40 - [TEST_STEP][PASSED] - selectOptionByIndex: All options with index in [7] are selected on object 'Object Repository/GRN/Page_KDMC - CMS/select_JanFebMarAprMayJunJulAu'

2018-05-11 10:58:40 - [MESSAGE][PASSED] - All options with index in [7] are selected on object 'Object Repository/GRN/Page_KDMC - CMS/select_JanFebMarAprMayJunJulAu'

2018-05-11 10:58:40 - [TEST_STEP][PASSED] - click: Object: 'Object Repository/MOH AND GRN/Page_KDMC - CMS/a_12' is clicked on

2018-05-11 10:58:40 - [MESSAGE][PASSED] - Object: 'Object Repository/MOH AND GRN/Page_KDMC - CMS/a_12' is clicked on

2018-05-11 10:58:40 - [TEST_STEP][PASSED] - click: Object: 'Object Repository/MOH AND GRN/Page_KDMC - CMS/input_btnadd' is clicked on

2018-05-11 10:58:40 - [MESSAGE][PASSED] - Object: 'Object Repository/MOH AND GRN/Page_KDMC - CMS/input_btnadd' is clicked on

2018-05-11 10:58:40 - [TEST_STEP][PASSED] - Statement - If (s == 10): null

2018-05-11 10:58:40 - [TEST_STEP][PASSED] - Statement - Else: null

2018-05-11 10:58:40 - [TEST_STEP][PASSED] - Statement - (s++): null

2018-05-11 10:58:40 - [TEST_STEP][PASSED] - delay: Delayed 1 second(s)

2018-05-11 10:58:41 - [MESSAGE][PASSED] - Delayed 1 second(s)

2018-05-11 10:58:41 - [TEST_STEP][PASSED] - selectOptionByIndex: All options with index in [18] are selected on object 'Object Repository/MOH AND GRN/Page_KDMC - CMS/select_--Select--Amikacin -500'

2018-05-11 10:58:41 - [MESSAGE][PASSED] - All options with index in [18] are selected on object 'Object Repository/MOH AND GRN/Page_KDMC - CMS/select_--Select--Amikacin -500'

2018-05-11 10:58:41 - [TEST_STEP][PASSED] - setText: Text '5000' is set on object 'Object Repository/MOH AND GRN/Page_KDMC - CMS/input_txtqty'

2018-05-11 10:58:41 - [MESSAGE][PASSED] - Text '5000' is set on object 'Object Repository/MOH AND GRN/Page_KDMC - CMS/input_txtqty'

2018-05-11 10:58:41 - [TEST_STEP][PASSED] - selectOptionByIndex: All options with index in [1] are selected on object 'Object Repository/MOH AND GRN/Page_KDMC - CMS/select_--Select--No Tax0'

2018-05-11 10:58:42 - [MESSAGE][PASSED] - All options with index in [1] are selected on object 'Object Repository/MOH AND GRN/Page_KDMC - CMS/select_--Select--No Tax0'

2018-05-11 10:58:42 - [TEST_STEP][PASSED] - setText: Finding Test Object with id 'Object Repository/MOH AND GRN/Page_KDMC - CMS/input_txtmrp'

2018-05-11 10:58:42 - [TEST_STEP][PASSED] - Statement - switch (id): Finding Test Object with id 'Object Repository/MOH AND GRN/Page_KDMC - CMS/input_txtdeal'

2018-05-11 10:58:42 - [TEST_STEP][PASSED] - Statement - case 4:: Text '19.0' is set on object 'Object Repository/MOH AND GRN/Page_KDMC - CMS/input_txtmrp'

2018-05-11 10:58:42 - [TEST_STEP][PASSED] - Statement - return (java.lang.Math.floor((java.lang.Math.random() * ((max - min) + 1))) + min): Text '19.0' is set on object 'Object Repository/MOH AND GRN/Page_KDMC - CMS/input_txtmrp'

2018-05-11 10:58:42 - [MESSAGE][PASSED] - Text '19.0' is set on object 'Object Repository/MOH AND GRN/Page_KDMC - CMS/input_txtmrp'

2018-05-11 10:58:42 - [TEST_STEP][PASSED] - setText: Finding Test Object with id 'Object Repository/MOH AND GRN/Page_KDMC - CMS/input_txtdeal'

2018-05-11 10:58:42 - [TEST_STEP][PASSED] - Statement - switch (id): Finding Test Object with id 'Object Repository/MOH AND GRN/Page_KDMC - CMS/input_txtbatchno'

2018-05-11 10:58:42 - [TEST_STEP][PASSED] - Statement - case 5:: Text '11.0' is set on object 'Object Repository/MOH AND GRN/Page_KDMC - CMS/input_txtdeal'

2018-05-11 10:58:42 - [TEST_STEP][PASSED] - Statement - return (java.lang.Math.floor((java.lang.Math.random() * ((max - min) + 1))) + min): Text '11.0' is set on object 'Object Repository/MOH AND GRN/Page_KDMC - CMS/input_txtdeal'

2018-05-11 10:58:42 - [MESSAGE][PASSED] - Text '11.0' is set on object 'Object Repository/MOH AND GRN/Page_KDMC - CMS/input_txtdeal'

2018-05-11 10:58:42 - [TEST_STEP][PASSED] - setText: Finding Test Object with id 'Object Repository/MOH AND GRN/Page_KDMC - CMS/input_txtbatchno'

2018-05-11 10:58:42 - [TEST_STEP][PASSED] - Statement - switch (id): Finding Test Object with id 'Object Repository/MOH AND GRN/Page_KDMC - CMS/input_txtmrp'

2018-05-11 10:58:42 - [TEST_STEP][PASSED] - Statement - case 1:: Text 'BA856.0' is set on object 'Object Repository/MOH AND GRN/Page_KDMC - CMS/input_txtbatchno'

2018-05-11 10:58:42 - [TEST_STEP][PASSED] - Statement - return (java.lang.Math.floor((java.lang.Math.random() * ((max - min) + 1))) + min): Text 'BA856.0' is set on object 'Object Repository/MOH AND GRN/Page_KDMC - CMS/input_txtbatchno'

2018-05-11 10:58:42 - [MESSAGE][PASSED] - Text 'BA856.0' is set on object 'Object Repository/MOH AND GRN/Page_KDMC - CMS/input_txtbatchno'

2018-05-11 10:58:42 - [TEST_STEP][PASSED] - rightClick: Object: 'Object Repository/GRN/Page_KDMC - CMS/input_txtexpdate' is right clicked on

2018-05-11 10:58:42 - [MESSAGE][PASSED] - Object: 'Object Repository/GRN/Page_KDMC - CMS/input_txtexpdate' is right clicked on

2018-05-11 10:58:42 - [TEST_STEP][PASSED] - selectOptionByIndex: All options with index in [8] are selected on object 'Object Repository/GRN/Page_KDMC - CMS/select_20182019202020212022202'

2018-05-11 10:58:42 - [MESSAGE][PASSED] - All options with index in [8] are selected on object 'Object Repository/GRN/Page_KDMC - CMS/select_20182019202020212022202'

2018-05-11 10:58:42 - [TEST_STEP][PASSED] - selectOptionByIndex: All options with index in [8] are selected on object 'Object Repository/GRN/Page_KDMC - CMS/select_JanFebMarAprMayJunJulAu'

2018-05-11 10:58:43 - [MESSAGE][PASSED] - All options with index in [8] are selected on object 'Object Repository/GRN/Page_KDMC - CMS/select_JanFebMarAprMayJunJulAu'

2018-05-11 10:58:43 - [TEST_STEP][PASSED] - click: Object: 'Object Repository/MOH AND GRN/Page_KDMC - CMS/a_12' is clicked on

2018-05-11 10:58:43 - [MESSAGE][PASSED] - Object: 'Object Repository/MOH AND GRN/Page_KDMC - CMS/a_12' is clicked on

2018-05-11 10:58:43 - [TEST_STEP][PASSED] - click: Object: 'Object Repository/MOH AND GRN/Page_KDMC - CMS/input_btnadd' is clicked on

2018-05-11 10:58:43 - [MESSAGE][PASSED] - Object: 'Object Repository/MOH AND GRN/Page_KDMC - CMS/input_btnadd' is clicked on

2018-05-11 10:58:43 - [TEST_STEP][PASSED] - Statement - If (s == 10): null

2018-05-11 10:58:43 - [TEST_STEP][PASSED] - Statement - Else: null

2018-05-11 10:58:43 - [TEST_STEP][PASSED] - Statement - (s++): null

2018-05-11 10:58:43 - [TEST_STEP][PASSED] - delay: Delayed 1 second(s)

2018-05-11 10:58:44 - [MESSAGE][PASSED] - Delayed 1 second(s)

2018-05-11 10:58:44 - [TEST_STEP][PASSED] - selectOptionByIndex: All options with index in [19] are selected on object 'Object Repository/MOH AND GRN/Page_KDMC - CMS/select_--Select--Amikacin -500'

2018-05-11 10:58:44 - [MESSAGE][PASSED] - All options with index in [19] are selected on object 'Object Repository/MOH AND GRN/Page_KDMC - CMS/select_--Select--Amikacin -500'

2018-05-11 10:58:44 - [TEST_STEP][PASSED] - setText: Text '5000' is set on object 'Object Repository/MOH AND GRN/Page_KDMC - CMS/input_txtqty'

2018-05-11 10:58:44 - [MESSAGE][PASSED] - Text '5000' is set on object 'Object Repository/MOH AND GRN/Page_KDMC - CMS/input_txtqty'

2018-05-11 10:58:44 - [TEST_STEP][PASSED] - selectOptionByIndex: All options with index in [1] are selected on object 'Object Repository/MOH AND GRN/Page_KDMC - CMS/select_--Select--No Tax0'

2018-05-11 10:58:44 - [MESSAGE][PASSED] - All options with index in [1] are selected on object 'Object Repository/MOH AND GRN/Page_KDMC - CMS/select_--Select--No Tax0'

2018-05-11 10:58:44 - [TEST_STEP][PASSED] - setText: Finding Test Object with id 'Object Repository/MOH AND GRN/Page_KDMC - CMS/input_txtmrp'

2018-05-11 10:58:44 - [TEST_STEP][PASSED] - Statement - switch (id): Finding Test Object with id 'Object Repository/MOH AND GRN/Page_KDMC - CMS/input_txtdeal'

2018-05-11 10:58:44 - [TEST_STEP][PASSED] - Statement - case 4:: Text '39.0' is set on object 'Object Repository/MOH AND GRN/Page_KDMC - CMS/input_txtmrp'

2018-05-11 10:58:44 - [TEST_STEP][PASSED] - Statement - return (java.lang.Math.floor((java.lang.Math.random() * ((max - min) + 1))) + min): Text '39.0' is set on object 'Object Repository/MOH AND GRN/Page_KDMC - CMS/input_txtmrp'

2018-05-11 10:58:44 - [MESSAGE][PASSED] - Text '39.0' is set on object 'Object Repository/MOH AND GRN/Page_KDMC - CMS/input_txtmrp'

2018-05-11 10:58:44 - [TEST_STEP][PASSED] - setText: Finding Test Object with id 'Object Repository/MOH AND GRN/Page_KDMC - CMS/input_txtdeal'

2018-05-11 10:58:44 - [TEST_STEP][PASSED] - Statement - switch (id): Finding Test Object with id 'Object Repository/MOH AND GRN/Page_KDMC - CMS/input_txtbatchno'

2018-05-11 10:58:44 - [TEST_STEP][PASSED] - Statement - case 5:: Text '4.0' is set on object 'Object Repository/MOH AND GRN/Page_KDMC - CMS/input_txtdeal'

2018-05-11 10:58:44 - [TEST_STEP][PASSED] - Statement - return (java.lang.Math.floor((java.lang.Math.random() * ((max - min) + 1))) + min): Text '4.0' is set on object 'Object Repository/MOH AND GRN/Page_KDMC - CMS/input_txtdeal'

2018-05-11 10:58:44 - [MESSAGE][PASSED] - Text '4.0' is set on object 'Object Repository/MOH AND GRN/Page_KDMC - CMS/input_txtdeal'

2018-05-11 10:58:44 - [TEST_STEP][PASSED] - setText: Finding Test Object with id 'Object Repository/MOH AND GRN/Page_KDMC - CMS/input_txtbatchno'

2018-05-11 10:58:44 - [TEST_STEP][PASSED] - Statement - switch (id): Finding Test Object with id 'Object Repository/MOH AND GRN/Page_KDMC - CMS/input_txtmrp'

2018-05-11 10:58:44 - [TEST_STEP][PASSED] - Statement - case 1:: Text 'BA237.0' is set on object 'Object Repository/MOH AND GRN/Page_KDMC - CMS/input_txtbatchno'

2018-05-11 10:58:44 - [TEST_STEP][PASSED] - Statement - return (java.lang.Math.floor((java.lang.Math.random() * ((max - min) + 1))) + min): Text 'BA237.0' is set on object 'Object Repository/MOH AND GRN/Page_KDMC - CMS/input_txtbatchno'

2018-05-11 10:58:45 - [MESSAGE][PASSED] - Text 'BA237.0' is set on object 'Object Repository/MOH AND GRN/Page_KDMC - CMS/input_txtbatchno'

2018-05-11 10:58:45 - [TEST_STEP][PASSED] - rightClick: Object: 'Object Repository/GRN/Page_KDMC - CMS/input_txtexpdate' is right clicked on

2018-05-11 10:58:45 - [MESSAGE][PASSED] - Object: 'Object Repository/GRN/Page_KDMC - CMS/input_txtexpdate' is right clicked on

2018-05-11 10:58:45 - [TEST_STEP][PASSED] - selectOptionByIndex: All options with index in [9] are selected on object 'Object Repository/GRN/Page_KDMC - CMS/select_20182019202020212022202'

2018-05-11 10:58:45 - [MESSAGE][PASSED] - All options with index in [9] are selected on object 'Object Repository/GRN/Page_KDMC - CMS/select_20182019202020212022202'

2018-05-11 10:58:45 - [TEST_STEP][PASSED] - selectOptionByIndex: All options with index in [9] are selected on object 'Object Repository/GRN/Page_KDMC - CMS/select_JanFebMarAprMayJunJulAu'

2018-05-11 10:58:45 - [MESSAGE][PASSED] - All options with index in [9] are selected on object 'Object Repository/GRN/Page_KDMC - CMS/select_JanFebMarAprMayJunJulAu'

2018-05-11 10:58:45 - [TEST_STEP][PASSED] - click: Object: 'Object Repository/MOH AND GRN/Page_KDMC - CMS/a_12' is clicked on

2018-05-11 10:58:45 - [MESSAGE][PASSED] - Object: 'Object Repository/MOH AND GRN/Page_KDMC - CMS/a_12' is clicked on

2018-05-11 10:58:45 - [TEST_STEP][PASSED] - click: Object: 'Object Repository/MOH AND GRN/Page_KDMC - CMS/input_btnadd' is clicked on

2018-05-11 10:58:45 - [MESSAGE][PASSED] - Object: 'Object Repository/MOH AND GRN/Page_KDMC - CMS/input_btnadd' is clicked on

2018-05-11 10:58:45 - [TEST_STEP][PASSED] - Statement - If (s == 10): null

2018-05-11 10:58:45 - [TEST_STEP][PASSED] - Statement - Else: null

2018-05-11 10:58:45 - [TEST_STEP][PASSED] - Statement - (s++): null

2018-05-11 10:58:45 - [TEST_STEP][PASSED] - delay: Delayed 1 second(s)

2018-05-11 10:58:46 - [MESSAGE][PASSED] - Delayed 1 second(s)

2018-05-11 10:58:46 - [TEST_STEP][PASSED] - selectOptionByIndex: All options with index in [20] are selected on object 'Object Repository/MOH AND GRN/Page_KDMC - CMS/select_--Select--Amikacin -500'

2018-05-11 10:58:47 - [MESSAGE][PASSED] - All options with index in [20] are selected on object 'Object Repository/MOH AND GRN/Page_KDMC - CMS/select_--Select--Amikacin -500'

2018-05-11 10:58:47 - [TEST_STEP][PASSED] - setText: Text '5000' is set on object 'Object Repository/MOH AND GRN/Page_KDMC - CMS/input_txtqty'

2018-05-11 10:58:47 - [MESSAGE][PASSED] - Text '5000' is set on object 'Object Repository/MOH AND GRN/Page_KDMC - CMS/input_txtqty'

2018-05-11 10:58:47 - [TEST_STEP][PASSED] - selectOptionByIndex: All options with index in [1] are selected on object 'Object Repository/MOH AND GRN/Page_KDMC - CMS/select_--Select--No Tax0'

2018-05-11 10:58:47 - [MESSAGE][PASSED] - All options with index in [1] are selected on object 'Object Repository/MOH AND GRN/Page_KDMC - CMS/select_--Select--No Tax0'

2018-05-11 10:58:47 - [TEST_STEP][PASSED] - setText: Finding Test Object with id 'Object Repository/MOH AND GRN/Page_KDMC - CMS/input_txtmrp'

2018-05-11 10:58:47 - [TEST_STEP][PASSED] - Statement - switch (id): Finding Test Object with id 'Object Repository/MOH AND GRN/Page_KDMC - CMS/input_txtdeal'

2018-05-11 10:58:47 - [TEST_STEP][PASSED] - Statement - case 4:: Text '43.0' is set on object 'Object Repository/MOH AND GRN/Page_KDMC - CMS/input_txtmrp'

2018-05-11 10:58:47 - [TEST_STEP][PASSED] - Statement - return (java.lang.Math.floor((java.lang.Math.random() * ((max - min) + 1))) + min): Text '43.0' is set on object 'Object Repository/MOH AND GRN/Page_KDMC - CMS/input_txtmrp'

2018-05-11 10:58:47 - [MESSAGE][PASSED] - Text '43.0' is set on object 'Object Repository/MOH AND GRN/Page_KDMC - CMS/input_txtmrp'

2018-05-11 10:58:47 - [TEST_STEP][PASSED] - setText: Finding Test Object with id 'Object Repository/MOH AND GRN/Page_KDMC - CMS/input_txtdeal'

2018-05-11 10:58:47 - [TEST_STEP][PASSED] - Statement - switch (id): Finding Test Object with id 'Object Repository/MOH AND GRN/Page_KDMC - CMS/input_txtbatchno'

2018-05-11 10:58:47 - [TEST_STEP][PASSED] - Statement - case 5:: Text '2.0' is set on object 'Object Repository/MOH AND GRN/Page_KDMC - CMS/input_txtdeal'

2018-05-11 10:58:47 - [TEST_STEP][PASSED] - Statement - return (java.lang.Math.floor((java.lang.Math.random() * ((max - min) + 1))) + min): Text '2.0' is set on object 'Object Repository/MOH AND GRN/Page_KDMC - CMS/input_txtdeal'

2018-05-11 10:58:47 - [MESSAGE][PASSED] - Text '2.0' is set on object 'Object Repository/MOH AND GRN/Page_KDMC - CMS/input_txtdeal'

2018-05-11 10:58:47 - [TEST_STEP][PASSED] - setText: Finding Test Object with id 'Object Repository/MOH AND GRN/Page_KDMC - CMS/input_txtbatchno'

2018-05-11 10:58:47 - [TEST_STEP][PASSED] - Statement - switch (id): Finding Test Object with id 'Object Repository/MOH AND GRN/Page_KDMC - CMS/input_txtmrp'

2018-05-11 10:58:47 - [TEST_STEP][PASSED] - Statement - case 1:: Text 'BA943.0' is set on object 'Object Repository/MOH AND GRN/Page_KDMC - CMS/input_txtbatchno'

2018-05-11 10:58:47 - [TEST_STEP][PASSED] - Statement - return (java.lang.Math.floor((java.lang.Math.random() * ((max - min) + 1))) + min): Text 'BA943.0' is set on object 'Object Repository/MOH AND GRN/Page_KDMC - CMS/input_txtbatchno'

2018-05-11 10:58:47 - [MESSAGE][PASSED] - Text 'BA943.0' is set on object 'Object Repository/MOH AND GRN/Page_KDMC - CMS/input_txtbatchno'

2018-05-11 10:58:47 - [TEST_STEP][PASSED] - rightClick: Object: 'Object Repository/GRN/Page_KDMC - CMS/input_txtexpdate' is right clicked on

2018-05-11 10:58:47 - [MESSAGE][PASSED] - Object: 'Object Repository/GRN/Page_KDMC - CMS/input_txtexpdate' is right clicked on

2018-05-11 10:58:47 - [TEST_STEP][PASSED] - selectOptionByIndex: All options with index in [10] are selected on object 'Object Repository/GRN/Page_KDMC - CMS/select_20182019202020212022202'

2018-05-11 10:58:48 - [MESSAGE][PASSED] - All options with index in [10] are selected on object 'Object Repository/GRN/Page_KDMC - CMS/select_20182019202020212022202'

2018-05-11 10:58:48 - [TEST_STEP][PASSED] - selectOptionByIndex: All options with index in [10] are selected on object 'Object Repository/GRN/Page_KDMC - CMS/select_JanFebMarAprMayJunJulAu'

2018-05-11 10:58:48 - [MESSAGE][PASSED] - All options with index in [10] are selected on object 'Object Repository/GRN/Page_KDMC - CMS/select_JanFebMarAprMayJunJulAu'

2018-05-11 10:58:48 - [TEST_STEP][PASSED] - click: Object: 'Object Repository/MOH AND GRN/Page_KDMC - CMS/a_12' is clicked on

2018-05-11 10:58:48 - [MESSAGE][PASSED] - Object: 'Object Repository/MOH AND GRN/Page_KDMC - CMS/a_12' is clicked on

2018-05-11 10:58:48 - [TEST_STEP][PASSED] - click: Object: 'Object Repository/MOH AND GRN/Page_KDMC - CMS/input_btnadd' is clicked on

2018-05-11 10:58:48 - [MESSAGE][PASSED] - Object: 'Object Repository/MOH AND GRN/Page_KDMC - CMS/input_btnadd' is clicked on

2018-05-11 10:58:48 - [TEST_STEP][PASSED] - Statement - If (s == 10): null

2018-05-11 10:58:48 - [TEST_STEP][PASSED] - Statement - s = 1: null

2018-05-11 10:58:48 - [TEST_STEP][PASSED] - delay: Delayed 1 second(s)

2018-05-11 10:58:49 - [MESSAGE][PASSED] - Delayed 1 second(s)

2018-05-11 10:58:49 - [TEST_STEP][PASSED] - selectOptionByIndex: All options with index in [21] are selected on object 'Object Repository/MOH AND GRN/Page_KDMC - CMS/select_--Select--Amikacin -500'

2018-05-11 10:58:49 - [MESSAGE][PASSED] - All options with index in [21] are selected on object 'Object Repository/MOH AND GRN/Page_KDMC - CMS/select_--Select--Amikacin -500'

2018-05-11 10:58:49 - [TEST_STEP][PASSED] - setText: Text '5000' is set on object 'Object Repository/MOH AND GRN/Page_KDMC - CMS/input_txtqty'

2018-05-11 10:58:49 - [MESSAGE][PASSED] - Text '5000' is set on object 'Object Repository/MOH AND GRN/Page_KDMC - CMS/input_txtqty'

2018-05-11 10:58:49 - [TEST_STEP][PASSED] - selectOptionByIndex: All options with index in [1] are selected on object 'Object Repository/MOH AND GRN/Page_KDMC - CMS/select_--Select--No Tax0'

2018-05-11 10:58:49 - [MESSAGE][PASSED] - All options with index in [1] are selected on object 'Object Repository/MOH AND GRN/Page_KDMC - CMS/select_--Select--No Tax0'

2018-05-11 10:58:49 - [TEST_STEP][PASSED] - setText: Finding Test Object with id 'Object Repository/MOH AND GRN/Page_KDMC - CMS/input_txtmrp'

2018-05-11 10:58:49 - [TEST_STEP][PASSED] - Statement - switch (id): Finding Test Object with id 'Object Repository/MOH AND GRN/Page_KDMC - CMS/input_txtdeal'

2018-05-11 10:58:49 - [TEST_STEP][PASSED] - Statement - case 4:: Text '15.0' is set on object 'Object Repository/MOH AND GRN/Page_KDMC - CMS/input_txtmrp'

2018-05-11 10:58:49 - [TEST_STEP][PASSED] - Statement - return (java.lang.Math.floor((java.lang.Math.random() * ((max - min) + 1))) + min): Text '15.0' is set on object 'Object Repository/MOH AND GRN/Page_KDMC - CMS/input_txtmrp'

2018-05-11 10:58:50 - [MESSAGE][PASSED] - Text '15.0' is set on object 'Object Repository/MOH AND GRN/Page_KDMC - CMS/input_txtmrp'

2018-05-11 10:58:50 - [TEST_STEP][PASSED] - setText: Finding Test Object with id 'Object Repository/MOH AND GRN/Page_KDMC - CMS/input_txtdeal'

2018-05-11 10:58:50 - [TEST_STEP][PASSED] - Statement - switch (id): Finding Test Object with id 'Object Repository/MOH AND GRN/Page_KDMC - CMS/input_txtbatchno'

2018-05-11 10:58:50 - [TEST_STEP][PASSED] - Statement - case 5:: Text '12.0' is set on object 'Object Repository/MOH AND GRN/Page_KDMC - CMS/input_txtdeal'

2018-05-11 10:58:50 - [TEST_STEP][PASSED] - Statement - return (java.lang.Math.floor((java.lang.Math.random() * ((max - min) + 1))) + min): Text '12.0' is set on object 'Object Repository/MOH AND GRN/Page_KDMC - CMS/input_txtdeal'

2018-05-11 10:58:50 - [MESSAGE][PASSED] - Text '12.0' is set on object 'Object Repository/MOH AND GRN/Page_KDMC - CMS/input_txtdeal'

2018-05-11 10:58:50 - [TEST_STEP][PASSED] - setText: Finding Test Object with id 'Object Repository/MOH AND GRN/Page_KDMC - CMS/input_txtbatchno'

2018-05-11 10:58:50 - [TEST_STEP][PASSED] - Statement - switch (id): Finding Test Object with id 'Object Repository/MOH AND GRN/Page_KDMC - CMS/input_txtmrp'

2018-05-11 10:58:50 - [TEST_STEP][PASSED] - Statement - case 1:: Text 'BA359.0' is set on object 'Object Repository/MOH AND GRN/Page_KDMC - CMS/input_txtbatchno'

2018-05-11 10:58:50 - [TEST_STEP][PASSED] - Statement - return (java.lang.Math.floor((java.lang.Math.random() * ((max - min) + 1))) + min): Text 'BA359.0' is set on object 'Object Repository/MOH AND GRN/Page_KDMC - CMS/input_txtbatchno'

2018-05-11 10:58:50 - [MESSAGE][PASSED] - Text 'BA359.0' is set on object 'Object Repository/MOH AND GRN/Page_KDMC - CMS/input_txtbatchno'

2018-05-11 10:58:50 - [TEST_STEP][PASSED] - rightClick: Object: 'Object Repository/GRN/Page_KDMC - CMS/input_txtexpdate' is right clicked on

2018-05-11 10:58:50 - [MESSAGE][PASSED] - Object: 'Object Repository/GRN/Page_KDMC - CMS/input_txtexpdate' is right clicked on

2018-05-11 10:58:50 - [TEST_STEP][PASSED] - selectOptionByIndex: All options with index in [1] are selected on object 'Object Repository/GRN/Page_KDMC - CMS/select_20182019202020212022202'

2018-05-11 10:58:50 - [MESSAGE][PASSED] - All options with index in [1] are selected on object 'Object Repository/GRN/Page_KDMC - CMS/select_20182019202020212022202'

2018-05-11 10:58:50 - [TEST_STEP][PASSED] - selectOptionByIndex: All options with index in [1] are selected on object 'Object Repository/GRN/Page_KDMC - CMS/select_JanFebMarAprMayJunJulAu'

2018-05-11 10:58:50 - [MESSAGE][PASSED] - All options with index in [1] are selected on object 'Object Repository/GRN/Page_KDMC - CMS/select_JanFebMarAprMayJunJulAu'

2018-05-11 10:58:50 - [TEST_STEP][PASSED] - click: Object: 'Object Repository/MOH AND GRN/Page_KDMC - CMS/a_12' is clicked on

2018-05-11 10:58:50 - [MESSAGE][PASSED] - Object: 'Object Repository/MOH AND GRN/Page_KDMC - CMS/a_12' is clicked on

2018-05-11 10:58:50 - [TEST_STEP][PASSED] - click: Object: 'Object Repository/MOH AND GRN/Page_KDMC - CMS/input_btnadd' is clicked on

2018-05-11 10:58:50 - [MESSAGE][PASSED] - Object: 'Object Repository/MOH AND GRN/Page_KDMC - CMS/input_btnadd' is clicked on

2018-05-11 10:58:50 - [TEST_STEP][PASSED] - Statement - If (s == 10): null

2018-05-11 10:58:50 - [TEST_STEP][PASSED] - Statement - Else: null

2018-05-11 10:58:50 - [TEST_STEP][PASSED] - Statement - (s++): null

2018-05-11 10:58:50 - [TEST_STEP][PASSED] - delay: Delayed 1 second(s)

2018-05-11 10:58:51 - [MESSAGE][PASSED] - Delayed 1 second(s)

2018-05-11 10:58:51 - [TEST_STEP][PASSED] - selectOptionByIndex: All options with index in [22] are selected on object 'Object Repository/MOH AND GRN/Page_KDMC - CMS/select_--Select--Amikacin -500'

2018-05-11 10:58:52 - [MESSAGE][PASSED] - All options with index in [22] are selected on object 'Object Repository/MOH AND GRN/Page_KDMC - CMS/select_--Select--Amikacin -500'

2018-05-11 10:58:52 - [TEST_STEP][PASSED] - setText: Text '5000' is set on object 'Object Repository/MOH AND GRN/Page_KDMC - CMS/input_txtqty'

2018-05-11 10:58:52 - [MESSAGE][PASSED] - Text '5000' is set on object 'Object Repository/MOH AND GRN/Page_KDMC - CMS/input_txtqty'

2018-05-11 10:58:52 - [TEST_STEP][PASSED] - selectOptionByIndex: All options with index in [1] are selected on object 'Object Repository/MOH AND GRN/Page_KDMC - CMS/select_--Select--No Tax0'

2018-05-11 10:58:52 - [MESSAGE][PASSED] - All options with index in [1] are selected on object 'Object Repository/MOH AND GRN/Page_KDMC - CMS/select_--Select--No Tax0'

2018-05-11 10:58:52 - [TEST_STEP][PASSED] - setText: Finding Test Object with id 'Object Repository/MOH AND GRN/Page_KDMC - CMS/input_txtmrp'

2018-05-11 10:58:52 - [TEST_STEP][PASSED] - Statement - switch (id): Finding Test Object with id 'Object Repository/MOH AND GRN/Page_KDMC - CMS/input_txtdeal'

2018-05-11 10:58:52 - [TEST_STEP][PASSED] - Statement - case 4:: Text '26.0' is set on object 'Object Repository/MOH AND GRN/Page_KDMC - CMS/input_txtmrp'

2018-05-11 10:58:52 - [TEST_STEP][PASSED] - Statement - return (java.lang.Math.floor((java.lang.Math.random() * ((max - min) + 1))) + min): Text '26.0' is set on object 'Object Repository/MOH AND GRN/Page_KDMC - CMS/input_txtmrp'

2018-05-11 10:58:52 - [MESSAGE][PASSED] - Text '26.0' is set on object 'Object Repository/MOH AND GRN/Page_KDMC - CMS/input_txtmrp'

2018-05-11 10:58:52 - [TEST_STEP][PASSED] - setText: Finding Test Object with id 'Object Repository/MOH AND GRN/Page_KDMC - CMS/input_txtdeal'

2018-05-11 10:58:52 - [TEST_STEP][PASSED] - Statement - switch (id): Finding Test Object with id 'Object Repository/MOH AND GRN/Page_KDMC - CMS/input_txtbatchno'

2018-05-11 10:58:52 - [TEST_STEP][PASSED] - Statement - case 5:: Text '9.0' is set on object 'Object Repository/MOH AND GRN/Page_KDMC - CMS/input_txtdeal'

2018-05-11 10:58:52 - [TEST_STEP][PASSED] - Statement - return (java.lang.Math.floor((java.lang.Math.random() * ((max - min) + 1))) + min): Text '9.0' is set on object 'Object Repository/MOH AND GRN/Page_KDMC - CMS/input_txtdeal'

2018-05-11 10:58:52 - [MESSAGE][PASSED] - Text '9.0' is set on object 'Object Repository/MOH AND GRN/Page_KDMC - CMS/input_txtdeal'

2018-05-11 10:58:52 - [TEST_STEP][PASSED] - setText: Finding Test Object with id 'Object Repository/MOH AND GRN/Page_KDMC - CMS/input_txtbatchno'

2018-05-11 10:58:52 - [TEST_STEP][PASSED] - Statement - switch (id): Finding Test Object with id 'Object Repository/MOH AND GRN/Page_KDMC - CMS/input_txtmrp'

2018-05-11 10:58:52 - [TEST_STEP][PASSED] - Statement - case 1:: Text 'BA295.0' is set on object 'Object Repository/MOH AND GRN/Page_KDMC - CMS/input_txtbatchno'

2018-05-11 10:58:52 - [TEST_STEP][PASSED] - Statement - return (java.lang.Math.floor((java.lang.Math.random() * ((max - min) + 1))) + min): Text 'BA295.0' is set on object 'Object Repository/MOH AND GRN/Page_KDMC - CMS/input_txtbatchno'

2018-05-11 10:58:52 - [MESSAGE][PASSED] - Text 'BA295.0' is set on object 'Object Repository/MOH AND GRN/Page_KDMC - CMS/input_txtbatchno'

2018-05-11 10:58:52 - [TEST_STEP][PASSED] - rightClick: Object: 'Object Repository/GRN/Page_KDMC - CMS/input_txtexpdate' is right clicked on

2018-05-11 10:58:52 - [MESSAGE][PASSED] - Object: 'Object Repository/GRN/Page_KDMC - CMS/input_txtexpdate' is right clicked on

2018-05-11 10:58:52 - [TEST_STEP][PASSED] - selectOptionByIndex: All options with index in [2] are selected on object 'Object Repository/GRN/Page_KDMC - CMS/select_20182019202020212022202'

2018-05-11 10:58:52 - [MESSAGE][PASSED] - All options with index in [2] are selected on object 'Object Repository/GRN/Page_KDMC - CMS/select_20182019202020212022202'

2018-05-11 10:58:52 - [TEST_STEP][PASSED] - selectOptionByIndex: All options with index in [2] are selected on object 'Object Repository/GRN/Page_KDMC - CMS/select_JanFebMarAprMayJunJulAu'

2018-05-11 10:58:53 - [MESSAGE][PASSED] - All options with index in [2] are selected on object 'Object Repository/GRN/Page_KDMC - CMS/select_JanFebMarAprMayJunJulAu'

2018-05-11 10:58:53 - [TEST_STEP][PASSED] - click: Object: 'Object Repository/MOH AND GRN/Page_KDMC - CMS/a_12' is clicked on

2018-05-11 10:58:53 - [MESSAGE][PASSED] - Object: 'Object Repository/MOH AND GRN/Page_KDMC - CMS/a_12' is clicked on

2018-05-11 10:58:53 - [TEST_STEP][PASSED] - click: Object: 'Object Repository/MOH AND GRN/Page_KDMC - CMS/input_btnadd' is clicked on

2018-05-11 10:58:53 - [MESSAGE][PASSED] - Object: 'Object Repository/MOH AND GRN/Page_KDMC - CMS/input_btnadd' is clicked on

2018-05-11 10:58:53 - [TEST_STEP][PASSED] - Statement - If (s == 10): null

2018-05-11 10:58:53 - [TEST_STEP][PASSED] - Statement - Else: null

2018-05-11 10:58:53 - [TEST_STEP][PASSED] - Statement - (s++): null

2018-05-11 10:58:53 - [TEST_STEP][PASSED] - delay: Delayed 1 second(s)

2018-05-11 10:58:54 - [MESSAGE][PASSED] - Delayed 1 second(s)

2018-05-11 10:58:54 - [TEST_STEP][PASSED] - selectOptionByIndex: All options with index in [23] are selected on object 'Object Repository/MOH AND GRN/Page_KDMC - CMS/select_--Select--Amikacin -500'

2018-05-11 10:58:54 - [MESSAGE][PASSED] - All options with index in [23] are selected on object 'Object Repository/MOH AND GRN/Page_KDMC - CMS/select_--Select--Amikacin -500'

2018-05-11 10:58:54 - [TEST_STEP][PASSED] - setText: Text '5000' is set on object 'Object Repository/MOH AND GRN/Page_KDMC - CMS/input_txtqty'

2018-05-11 10:58:54 - [MESSAGE][PASSED] - Text '5000' is set on object 'Object Repository/MOH AND GRN/Page_KDMC - CMS/input_txtqty'

2018-05-11 10:58:54 - [TEST_STEP][PASSED] - selectOptionByIndex: All options with index in [1] are selected on object 'Object Repository/MOH AND GRN/Page_KDMC - CMS/select_--Select--No Tax0'

2018-05-11 10:58:54 - [MESSAGE][PASSED] - All options with index in [1] are selected on object 'Object Repository/MOH AND GRN/Page_KDMC - CMS/select_--Select--No Tax0'

2018-05-11 10:58:54 - [TEST_STEP][PASSED] - setText: Finding Test Object with id 'Object Repository/MOH AND GRN/Page_KDMC - CMS/input_txtmrp'

2018-05-11 10:58:54 - [TEST_STEP][PASSED] - Statement - switch (id): Finding Test Object with id 'Object Repository/MOH AND GRN/Page_KDMC - CMS/input_txtdeal'

2018-05-11 10:58:54 - [TEST_STEP][PASSED] - Statement - case 4:: Text '30.0' is set on object 'Object Repository/MOH AND GRN/Page_KDMC - CMS/input_txtmrp'

2018-05-11 10:58:54 - [TEST_STEP][PASSED] - Statement - return (java.lang.Math.floor((java.lang.Math.random() * ((max - min) + 1))) + min): Text '30.0' is set on object 'Object Repository/MOH AND GRN/Page_KDMC - CMS/input_txtmrp'

2018-05-11 10:58:54 - [MESSAGE][PASSED] - Text '30.0' is set on object 'Object Repository/MOH AND GRN/Page_KDMC - CMS/input_txtmrp'

2018-05-11 10:58:54 - [TEST_STEP][PASSED] - setText: Finding Test Object with id 'Object Repository/MOH AND GRN/Page_KDMC - CMS/input_txtdeal'

2018-05-11 10:58:54 - [TEST_STEP][PASSED] - Statement - switch (id): Finding Test Object with id 'Object Repository/MOH AND GRN/Page_KDMC - CMS/input_txtbatchno'

2018-05-11 10:58:54 - [TEST_STEP][PASSED] - Statement - case 5:: Text '2.0' is set on object 'Object Repository/MOH AND GRN/Page_KDMC - CMS/input_txtdeal'

2018-05-11 10:58:54 - [TEST_STEP][PASSED] - Statement - return (java.lang.Math.floor((java.lang.Math.random() * ((max - min) + 1))) + min): Text '2.0' is set on object 'Object Repository/MOH AND GRN/Page_KDMC - CMS/input_txtdeal'

2018-05-11 10:58:54 - [MESSAGE][PASSED] - Text '2.0' is set on object 'Object Repository/MOH AND GRN/Page_KDMC - CMS/input_txtdeal'

2018-05-11 10:58:54 - [TEST_STEP][PASSED] - setText: Finding Test Object with id 'Object Repository/MOH AND GRN/Page_KDMC - CMS/input_txtbatchno'

2018-05-11 10:58:54 - [TEST_STEP][PASSED] - Statement - switch (id): Finding Test Object with id 'Object Repository/MOH AND GRN/Page_KDMC - CMS/input_txtmrp'

2018-05-11 10:58:54 - [TEST_STEP][PASSED] - Statement - case 1:: Text 'BA301.0' is set on object 'Object Repository/MOH AND GRN/Page_KDMC - CMS/input_txtbatchno'

2018-05-11 10:58:54 - [TEST_STEP][PASSED] - Statement - return (java.lang.Math.floor((java.lang.Math.random() * ((max - min) + 1))) + min): Text 'BA301.0' is set on object 'Object Repository/MOH AND GRN/Page_KDMC - CMS/input_txtbatchno'

2018-05-11 10:58:55 - [MESSAGE][PASSED] - Text 'BA301.0' is set on object 'Object Repository/MOH AND GRN/Page_KDMC - CMS/input_txtbatchno'

2018-05-11 10:58:55 - [TEST_STEP][PASSED] - rightClick: Object: 'Object Repository/GRN/Page_KDMC - CMS/input_txtexpdate' is right clicked on

2018-05-11 10:58:55 - [MESSAGE][PASSED] - Object: 'Object Repository/GRN/Page_KDMC - CMS/input_txtexpdate' is right clicked on

2018-05-11 10:58:55 - [TEST_STEP][PASSED] - selectOptionByIndex: All options with index in [3] are selected on object 'Object Repository/GRN/Page_KDMC - CMS/select_20182019202020212022202'

2018-05-11 10:58:55 - [MESSAGE][PASSED] - All options with index in [3] are selected on object 'Object Repository/GRN/Page_KDMC - CMS/select_20182019202020212022202'

2018-05-11 10:58:55 - [TEST_STEP][PASSED] - selectOptionByIndex: All options with index in [3] are selected on object 'Object Repository/GRN/Page_KDMC - CMS/select_JanFebMarAprMayJunJulAu'

2018-05-11 10:58:55 - [MESSAGE][PASSED] - All options with index in [3] are selected on object 'Object Repository/GRN/Page_KDMC - CMS/select_JanFebMarAprMayJunJulAu'

2018-05-11 10:58:55 - [TEST_STEP][PASSED] - click: Object: 'Object Repository/MOH AND GRN/Page_KDMC - CMS/a_12' is clicked on

2018-05-11 10:58:55 - [MESSAGE][PASSED] - Object: 'Object Repository/MOH AND GRN/Page_KDMC - CMS/a_12' is clicked on

2018-05-11 10:58:55 - [TEST_STEP][PASSED] - click: Object: 'Object Repository/MOH AND GRN/Page_KDMC - CMS/input_btnadd' is clicked on

2018-05-11 10:58:55 - [MESSAGE][PASSED] - Object: 'Object Repository/MOH AND GRN/Page_KDMC - CMS/input_btnadd' is clicked on

2018-05-11 10:58:55 - [TEST_STEP][PASSED] - Statement - If (s == 10): null

2018-05-11 10:58:55 - [TEST_STEP][PASSED] - Statement - Else: null

2018-05-11 10:58:55 - [TEST_STEP][PASSED] - Statement - (s++): null

2018-05-11 10:58:55 - [TEST_STEP][PASSED] - delay: Delayed 1 second(s)

2018-05-11 10:58:56 - [MESSAGE][PASSED] - Delayed 1 second(s)

2018-05-11 10:58:56 - [TEST_STEP][PASSED] - selectOptionByIndex: All options with index in [24] are selected on object 'Object Repository/MOH AND GRN/Page_KDMC - CMS/select_--Select--Amikacin -500'

2018-05-11 10:58:57 - [MESSAGE][PASSED] - All options with index in [24] are selected on object 'Object Repository/MOH AND GRN/Page_KDMC - CMS/select_--Select--Amikacin -500'

2018-05-11 10:58:57 - [TEST_STEP][PASSED] - setText: Text '5000' is set on object 'Object Repository/MOH AND GRN/Page_KDMC - CMS/input_txtqty'

2018-05-11 10:58:57 - [MESSAGE][PASSED] - Text '5000' is set on object 'Object Repository/MOH AND GRN/Page_KDMC - CMS/input_txtqty'

2018-05-11 10:58:57 - [TEST_STEP][PASSED] - selectOptionByIndex: All options with index in [1] are selected on object 'Object Repository/MOH AND GRN/Page_KDMC - CMS/select_--Select--No Tax0'

2018-05-11 10:58:57 - [MESSAGE][PASSED] - All options with index in [1] are selected on object 'Object Repository/MOH AND GRN/Page_KDMC - CMS/select_--Select--No Tax0'

2018-05-11 10:58:57 - [TEST_STEP][PASSED] - setText: Finding Test Object with id 'Object Repository/MOH AND GRN/Page_KDMC - CMS/input_txtmrp'

2018-05-11 10:58:57 - [TEST_STEP][PASSED] - Statement - switch (id): Finding Test Object with id 'Object Repository/MOH AND GRN/Page_KDMC - CMS/input_txtdeal'

2018-05-11 10:58:57 - [TEST_STEP][PASSED] - Statement - case 4:: Text '44.0' is set on object 'Object Repository/MOH AND GRN/Page_KDMC - CMS/input_txtmrp'

2018-05-11 10:58:57 - [TEST_STEP][PASSED] - Statement - return (java.lang.Math.floor((java.lang.Math.random() * ((max - min) + 1))) + min): Text '44.0' is set on object 'Object Repository/MOH AND GRN/Page_KDMC - CMS/input_txtmrp'

2018-05-11 10:58:57 - [MESSAGE][PASSED] - Text '44.0' is set on object 'Object Repository/MOH AND GRN/Page_KDMC - CMS/input_txtmrp'

2018-05-11 10:58:57 - [TEST_STEP][PASSED] - setText: Finding Test Object with id 'Object Repository/MOH AND GRN/Page_KDMC - CMS/input_txtdeal'

2018-05-11 10:58:57 - [TEST_STEP][PASSED] - Statement - switch (id): Finding Test Object with id 'Object Repository/MOH AND GRN/Page_KDMC - CMS/input_txtbatchno'

2018-05-11 10:58:57 - [TEST_STEP][PASSED] - Statement - case 5:: Text '9.0' is set on object 'Object Repository/MOH AND GRN/Page_KDMC - CMS/input_txtdeal'

2018-05-11 10:58:57 - [TEST_STEP][PASSED] - Statement - return (java.lang.Math.floor((java.lang.Math.random() * ((max - min) + 1))) + min): Text '9.0' is set on object 'Object Repository/MOH AND GRN/Page_KDMC - CMS/input_txtdeal'

2018-05-11 10:58:57 - [MESSAGE][PASSED] - Text '9.0' is set on object 'Object Repository/MOH AND GRN/Page_KDMC - CMS/input_txtdeal'

2018-05-11 10:58:57 - [TEST_STEP][PASSED] - setText: Finding Test Object with id 'Object Repository/MOH AND GRN/Page_KDMC - CMS/input_txtbatchno'

2018-05-11 10:58:57 - [TEST_STEP][PASSED] - Statement - switch (id): Finding Test Object with id 'Object Repository/MOH AND GRN/Page_KDMC - CMS/input_txtmrp'

2018-05-11 10:58:57 - [TEST_STEP][PASSED] - Statement - case 1:: Text 'BA216.0' is set on object 'Object Repository/MOH AND GRN/Page_KDMC - CMS/input_txtbatchno'

2018-05-11 10:58:57 - [TEST_STEP][PASSED] - Statement - return (java.lang.Math.floor((java.lang.Math.random() * ((max - min) + 1))) + min): Text 'BA216.0' is set on object 'Object Repository/MOH AND GRN/Page_KDMC - CMS/input_txtbatchno'

2018-05-11 10:58:57 - [MESSAGE][PASSED] - Text 'BA216.0' is set on object 'Object Repository/MOH AND GRN/Page_KDMC - CMS/input_txtbatchno'

2018-05-11 10:58:57 - [TEST_STEP][PASSED] - rightClick: Object: 'Object Repository/GRN/Page_KDMC - CMS/input_txtexpdate' is right clicked on

2018-05-11 10:58:57 - [MESSAGE][PASSED] - Object: 'Object Repository/GRN/Page_KDMC - CMS/input_txtexpdate' is right clicked on

2018-05-11 10:58:57 - [TEST_STEP][PASSED] - selectOptionByIndex: All options with index in [4] are selected on object 'Object Repository/GRN/Page_KDMC - CMS/select_20182019202020212022202'

2018-05-11 10:58:57 - [MESSAGE][PASSED] - All options with index in [4] are selected on object 'Object Repository/GRN/Page_KDMC - CMS/select_20182019202020212022202'

2018-05-11 10:58:57 - [TEST_STEP][PASSED] - selectOptionByIndex: All options with index in [4] are selected on object 'Object Repository/GRN/Page_KDMC - CMS/select_JanFebMarAprMayJunJulAu'

2018-05-11 10:58:57 - [MESSAGE][PASSED] - All options with index in [4] are selected on object 'Object Repository/GRN/Page_KDMC - CMS/select_JanFebMarAprMayJunJulAu'

2018-05-11 10:58:57 - [TEST_STEP][PASSED] - click: Object: 'Object Repository/MOH AND GRN/Page_KDMC - CMS/a_12' is clicked on

2018-05-11 10:58:58 - [MESSAGE][PASSED] - Object: 'Object Repository/MOH AND GRN/Page_KDMC - CMS/a_12' is clicked on

2018-05-11 10:58:58 - [TEST_STEP][PASSED] - click: Object: 'Object Repository/MOH AND GRN/Page_KDMC - CMS/input_btnadd' is clicked on

2018-05-11 10:58:58 - [MESSAGE][PASSED] - Object: 'Object Repository/MOH AND GRN/Page_KDMC - CMS/input_btnadd' is clicked on

2018-05-11 10:58:58 - [TEST_STEP][PASSED] - Statement - If (s == 10): null

2018-05-11 10:58:58 - [TEST_STEP][PASSED] - Statement - Else: null

2018-05-11 10:58:58 - [TEST_STEP][PASSED] - Statement - (s++): null

2018-05-11 10:58:58 - [TEST_STEP][PASSED] - delay: Delayed 1 second(s)

2018-05-11 10:58:59 - [MESSAGE][PASSED] - Delayed 1 second(s)

2018-05-11 10:58:59 - [TEST_STEP][PASSED] - selectOptionByIndex: All options with index in [25] are selected on object 'Object Repository/MOH AND GRN/Page_KDMC - CMS/select_--Select--Amikacin -500'

2018-05-11 10:58:59 - [MESSAGE][PASSED] - All options with index in [25] are selected on object 'Object Repository/MOH AND GRN/Page_KDMC - CMS/select_--Select--Amikacin -500'

2018-05-11 10:58:59 - [TEST_STEP][PASSED] - setText: Text '5000' is set on object 'Object Repository/MOH AND GRN/Page_KDMC - CMS/input_txtqty'

2018-05-11 10:58:59 - [MESSAGE][PASSED] - Text '5000' is set on object 'Object Repository/MOH AND GRN/Page_KDMC - CMS/input_txtqty'

2018-05-11 10:58:59 - [TEST_STEP][PASSED] - selectOptionByIndex: All options with index in [1] are selected on object 'Object Repository/MOH AND GRN/Page_KDMC - CMS/select_--Select--No Tax0'

2018-05-11 10:58:59 - [MESSAGE][PASSED] - All options with index in [1] are selected on object 'Object Repository/MOH AND GRN/Page_KDMC - CMS/select_--Select--No Tax0'

2018-05-11 10:58:59 - [TEST_STEP][PASSED] - setText: Finding Test Object with id 'Object Repository/MOH AND GRN/Page_KDMC - CMS/input_txtmrp'

2018-05-11 10:58:59 - [TEST_STEP][PASSED] - Statement - switch (id): Finding Test Object with id 'Object Repository/MOH AND GRN/Page_KDMC - CMS/input_txtdeal'

2018-05-11 10:58:59 - [TEST_STEP][PASSED] - Statement - case 4:: Text '16.0' is set on object 'Object Repository/MOH AND GRN/Page_KDMC - CMS/input_txtmrp'

2018-05-11 10:58:59 - [TEST_STEP][PASSED] - Statement - return (java.lang.Math.floor((java.lang.Math.random() * ((max - min) + 1))) + min): Text '16.0' is set on object 'Object Repository/MOH AND GRN/Page_KDMC - CMS/input_txtmrp'

2018-05-11 10:58:59 - [MESSAGE][PASSED] - Text '16.0' is set on object 'Object Repository/MOH AND GRN/Page_KDMC - CMS/input_txtmrp'

2018-05-11 10:58:59 - [TEST_STEP][PASSED] - setText: Finding Test Object with id 'Object Repository/MOH AND GRN/Page_KDMC - CMS/input_txtdeal'

2018-05-11 10:58:59 - [TEST_STEP][PASSED] - Statement - switch (id): Finding Test Object with id 'Object Repository/MOH AND GRN/Page_KDMC - CMS/input_txtbatchno'

2018-05-11 10:58:59 - [TEST_STEP][PASSED] - Statement - case 5:: Text '2.0' is set on object 'Object Repository/MOH AND GRN/Page_KDMC - CMS/input_txtdeal'

2018-05-11 10:58:59 - [TEST_STEP][PASSED] - Statement - return (java.lang.Math.floor((java.lang.Math.random() * ((max - min) + 1))) + min): Text '2.0' is set on object 'Object Repository/MOH AND GRN/Page_KDMC - CMS/input_txtdeal'

2018-05-11 10:58:59 - [MESSAGE][PASSED] - Text '2.0' is set on object 'Object Repository/MOH AND GRN/Page_KDMC - CMS/input_txtdeal'

2018-05-11 10:58:59 - [TEST_STEP][PASSED] - setText: Finding Test Object with id 'Object Repository/MOH AND GRN/Page_KDMC - CMS/input_txtbatchno'

2018-05-11 10:58:59 - [TEST_STEP][PASSED] - Statement - switch (id): Finding Test Object with id 'Object Repository/MOH AND GRN/Page_KDMC - CMS/input_txtmrp'

2018-05-11 10:58:59 - [TEST_STEP][PASSED] - Statement - case 1:: Text 'BA261.0' is set on object 'Object Repository/MOH AND GRN/Page_KDMC - CMS/input_txtbatchno'

2018-05-11 10:58:59 - [TEST_STEP][PASSED] - Statement - return (java.lang.Math.floor((java.lang.Math.random() * ((max - min) + 1))) + min): Text 'BA261.0' is set on object 'Object Repository/MOH AND GRN/Page_KDMC - CMS/input_txtbatchno'

2018-05-11 10:59:00 - [MESSAGE][PASSED] - Text 'BA261.0' is set on object 'Object Repository/MOH AND GRN/Page_KDMC - CMS/input_txtbatchno'

2018-05-11 10:59:00 - [TEST_STEP][PASSED] - rightClick: Object: 'Object Repository/GRN/Page_KDMC - CMS/input_txtexpdate' is right clicked on

2018-05-11 10:59:00 - [MESSAGE][PASSED] - Object: 'Object Repository/GRN/Page_KDMC - CMS/input_txtexpdate' is right clicked on

2018-05-11 10:59:00 - [TEST_STEP][PASSED] - selectOptionByIndex: All options with index in [5] are selected on object 'Object Repository/GRN/Page_KDMC - CMS/select_20182019202020212022202'

2018-05-11 10:59:00 - [MESSAGE][PASSED] - All options with index in [5] are selected on object 'Object Repository/GRN/Page_KDMC - CMS/select_20182019202020212022202'

2018-05-11 10:59:00 - [TEST_STEP][PASSED] - selectOptionByIndex: All options with index in [5] are selected on object 'Object Repository/GRN/Page_KDMC - CMS/select_JanFebMarAprMayJunJulAu'

2018-05-11 10:59:00 - [MESSAGE][PASSED] - All options with index in [5] are selected on object 'Object Repository/GRN/Page_KDMC - CMS/select_JanFebMarAprMayJunJulAu'

2018-05-11 10:59:00 - [TEST_STEP][PASSED] - click: Object: 'Object Repository/MOH AND GRN/Page_KDMC - CMS/a_12' is clicked on

2018-05-11 10:59:00 - [MESSAGE][PASSED] - Object: 'Object Repository/MOH AND GRN/Page_KDMC - CMS/a_12' is clicked on

2018-05-11 10:59:00 - [TEST_STEP][PASSED] - click: Object: 'Object Repository/MOH AND GRN/Page_KDMC - CMS/input_btnadd' is clicked on

2018-05-11 10:59:00 - [MESSAGE][PASSED] - Object: 'Object Repository/MOH AND GRN/Page_KDMC - CMS/input_btnadd' is clicked on

2018-05-11 10:59:00 - [TEST_STEP][PASSED] - Statement - If (s == 10): null

2018-05-11 10:59:00 - [TEST_STEP][PASSED] - Statement - Else: null

2018-05-11 10:59:00 - [TEST_STEP][PASSED] - Statement - (s++): null

2018-05-11 10:59:00 - [TEST_STEP][PASSED] - delay: Delayed 1 second(s)

2018-05-11 10:59:01 - [MESSAGE][PASSED] - Delayed 1 second(s)

2018-05-11 10:59:01 - [TEST_STEP][PASSED] - selectOptionByIndex: All options with index in [26] are selected on object 'Object Repository/MOH AND GRN/Page_KDMC - CMS/select_--Select--Amikacin -500'

2018-05-11 10:59:02 - [MESSAGE][PASSED] - All options with index in [26] are selected on object 'Object Repository/MOH AND GRN/Page_KDMC - CMS/select_--Select--Amikacin -500'

2018-05-11 10:59:02 - [TEST_STEP][PASSED] - setText: Text '5000' is set on object 'Object Repository/MOH AND GRN/Page_KDMC - CMS/input_txtqty'

2018-05-11 10:59:02 - [MESSAGE][PASSED] - Text '5000' is set on object 'Object Repository/MOH AND GRN/Page_KDMC - CMS/input_txtqty'

2018-05-11 10:59:02 - [TEST_STEP][PASSED] - selectOptionByIndex: All options with index in [1] are selected on object 'Object Repository/MOH AND GRN/Page_KDMC - CMS/select_--Select--No Tax0'

2018-05-11 10:59:02 - [MESSAGE][PASSED] - All options with index in [1] are selected on object 'Object Repository/MOH AND GRN/Page_KDMC - CMS/select_--Select--No Tax0'

2018-05-11 10:59:02 - [TEST_STEP][PASSED] - setText: Finding Test Object with id 'Object Repository/MOH AND GRN/Page_KDMC - CMS/input_txtmrp'

2018-05-11 10:59:02 - [TEST_STEP][PASSED] - Statement - switch (id): Finding Test Object with id 'Object Repository/MOH AND GRN/Page_KDMC - CMS/input_txtdeal'

2018-05-11 10:59:02 - [TEST_STEP][PASSED] - Statement - case 4:: Text '41.0' is set on object 'Object Repository/MOH AND GRN/Page_KDMC - CMS/input_txtmrp'

2018-05-11 10:59:02 - [TEST_STEP][PASSED] - Statement - return (java.lang.Math.floor((java.lang.Math.random() * ((max - min) + 1))) + min): Text '41.0' is set on object 'Object Repository/MOH AND GRN/Page_KDMC - CMS/input_txtmrp'

2018-05-11 10:59:02 - [MESSAGE][PASSED] - Text '41.0' is set on object 'Object Repository/MOH AND GRN/Page_KDMC - CMS/input_txtmrp'

2018-05-11 10:59:02 - [TEST_STEP][PASSED] - setText: Finding Test Object with id 'Object Repository/MOH AND GRN/Page_KDMC - CMS/input_txtdeal'

2018-05-11 10:59:02 - [TEST_STEP][PASSED] - Statement - switch (id): Finding Test Object with id 'Object Repository/MOH AND GRN/Page_KDMC - CMS/input_txtbatchno'

2018-05-11 10:59:02 - [TEST_STEP][PASSED] - Statement - case 5:: Text '3.0' is set on object 'Object Repository/MOH AND GRN/Page_KDMC - CMS/input_txtdeal'

2018-05-11 10:59:02 - [TEST_STEP][PASSED] - Statement - return (java.lang.Math.floor((java.lang.Math.random() * ((max - min) + 1))) + min): Text '3.0' is set on object 'Object Repository/MOH AND GRN/Page_KDMC - CMS/input_txtdeal'

2018-05-11 10:59:02 - [MESSAGE][PASSED] - Text '3.0' is set on object 'Object Repository/MOH AND GRN/Page_KDMC - CMS/input_txtdeal'

2018-05-11 10:59:02 - [TEST_STEP][PASSED] - setText: Finding Test Object with id 'Object Repository/MOH AND GRN/Page_KDMC - CMS/input_txtbatchno'

2018-05-11 10:59:02 - [TEST_STEP][PASSED] - Statement - switch (id): Finding Test Object with id 'Object Repository/MOH AND GRN/Page_KDMC - CMS/input_txtmrp'

2018-05-11 10:59:02 - [TEST_STEP][PASSED] - Statement - case 1:: Text 'BA897.0' is set on object 'Object Repository/MOH AND GRN/Page_KDMC - CMS/input_txtbatchno'

2018-05-11 10:59:02 - [TEST_STEP][PASSED] - Statement - return (java.lang.Math.floor((java.lang.Math.random() * ((max - min) + 1))) + min): Text 'BA897.0' is set on object 'Object Repository/MOH AND GRN/Page_KDMC - CMS/input_txtbatchno'

2018-05-11 10:59:02 - [MESSAGE][PASSED] - Text 'BA897.0' is set on object 'Object Repository/MOH AND GRN/Page_KDMC - CMS/input_txtbatchno'

2018-05-11 10:59:02 - [TEST_STEP][PASSED] - rightClick: Object: 'Object Repository/GRN/Page_KDMC - CMS/input_txtexpdate' is right clicked on

2018-05-11 10:59:02 - [MESSAGE][PASSED] - Object: 'Object Repository/GRN/Page_KDMC - CMS/input_txtexpdate' is right clicked on

2018-05-11 10:59:02 - [TEST_STEP][PASSED] - selectOptionByIndex: All options with index in [6] are selected on object 'Object Repository/GRN/Page_KDMC - CMS/select_20182019202020212022202'

2018-05-11 10:59:02 - [MESSAGE][PASSED] - All options with index in [6] are selected on object 'Object Repository/GRN/Page_KDMC - CMS/select_20182019202020212022202'

2018-05-11 10:59:02 - [TEST_STEP][PASSED] - selectOptionByIndex: All options with index in [6] are selected on object 'Object Repository/GRN/Page_KDMC - CMS/select_JanFebMarAprMayJunJulAu'

2018-05-11 10:59:03 - [MESSAGE][PASSED] - All options with index in [6] are selected on object 'Object Repository/GRN/Page_KDMC - CMS/select_JanFebMarAprMayJunJulAu'

2018-05-11 10:59:03 - [TEST_STEP][PASSED] - click: Object: 'Object Repository/MOH AND GRN/Page_KDMC - CMS/a_12' is clicked on

2018-05-11 10:59:03 - [MESSAGE][PASSED] - Object: 'Object Repository/MOH AND GRN/Page_KDMC - CMS/a_12' is clicked on

2018-05-11 10:59:03 - [TEST_STEP][PASSED] - click: Object: 'Object Repository/MOH AND GRN/Page_KDMC - CMS/input_btnadd' is clicked on

2018-05-11 10:59:03 - [MESSAGE][PASSED] - Object: 'Object Repository/MOH AND GRN/Page_KDMC - CMS/input_btnadd' is clicked on

2018-05-11 10:59:03 - [TEST_STEP][PASSED] - Statement - If (s == 10): null

2018-05-11 10:59:03 - [TEST_STEP][PASSED] - Statement - Else: null

2018-05-11 10:59:03 - [TEST_STEP][PASSED] - Statement - (s++): null

2018-05-11 10:59:03 - [TEST_STEP][PASSED] - delay: Delayed 1 second(s)

2018-05-11 10:59:04 - [MESSAGE][PASSED] - Delayed 1 second(s)

2018-05-11 10:59:04 - [TEST_STEP][PASSED] - selectOptionByIndex: All options with index in [27] are selected on object 'Object Repository/MOH AND GRN/Page_KDMC - CMS/select_--Select--Amikacin -500'

2018-05-11 10:59:04 - [MESSAGE][PASSED] - All options with index in [27] are selected on object 'Object Repository/MOH AND GRN/Page_KDMC - CMS/select_--Select--Amikacin -500'

2018-05-11 10:59:04 - [TEST_STEP][PASSED] - setText: Text '5000' is set on object 'Object Repository/MOH AND GRN/Page_KDMC - CMS/input_txtqty'

2018-05-11 10:59:04 - [MESSAGE][PASSED] - Text '5000' is set on object 'Object Repository/MOH AND GRN/Page_KDMC - CMS/input_txtqty'

2018-05-11 10:59:04 - [TEST_STEP][PASSED] - selectOptionByIndex: All options with index in [1] are selected on object 'Object Repository/MOH AND GRN/Page_KDMC - CMS/select_--Select--No Tax0'

2018-05-11 10:59:04 - [MESSAGE][PASSED] - All options with index in [1] are selected on object 'Object Repository/MOH AND GRN/Page_KDMC - CMS/select_--Select--No Tax0'

2018-05-11 10:59:04 - [TEST_STEP][PASSED] - setText: Finding Test Object with id 'Object Repository/MOH AND GRN/Page_KDMC - CMS/input_txtmrp'

2018-05-11 10:59:04 - [TEST_STEP][PASSED] - Statement - switch (id): Finding Test Object with id 'Object Repository/MOH AND GRN/Page_KDMC - CMS/input_txtdeal'

2018-05-11 10:59:04 - [TEST_STEP][PASSED] - Statement - case 4:: Text '17.0' is set on object 'Object Repository/MOH AND GRN/Page_KDMC - CMS/input_txtmrp'

2018-05-11 10:59:04 - [TEST_STEP][PASSED] - Statement - return (java.lang.Math.floor((java.lang.Math.random() * ((max - min) + 1))) + min): Text '17.0' is set on object 'Object Repository/MOH AND GRN/Page_KDMC - CMS/input_txtmrp'

2018-05-11 10:59:04 - [MESSAGE][PASSED] - Text '17.0' is set on object 'Object Repository/MOH AND GRN/Page_KDMC - CMS/input_txtmrp'

2018-05-11 10:59:04 - [TEST_STEP][PASSED] - setText: Finding Test Object with id 'Object Repository/MOH AND GRN/Page_KDMC - CMS/input_txtdeal'

2018-05-11 10:59:04 - [TEST_STEP][PASSED] - Statement - switch (id): Finding Test Object with id 'Object Repository/MOH AND GRN/Page_KDMC - CMS/input_txtbatchno'

2018-05-11 10:59:04 - [TEST_STEP][PASSED] - Statement - case 5:: Text '4.0' is set on object 'Object Repository/MOH AND GRN/Page_KDMC - CMS/input_txtdeal'

2018-05-11 10:59:04 - [TEST_STEP][PASSED] - Statement - return (java.lang.Math.floor((java.lang.Math.random() * ((max - min) + 1))) + min): Text '4.0' is set on object 'Object Repository/MOH AND GRN/Page_KDMC - CMS/input_txtdeal'

2018-05-11 10:59:05 - [MESSAGE][PASSED] - Text '4.0' is set on object 'Object Repository/MOH AND GRN/Page_KDMC - CMS/input_txtdeal'

2018-05-11 10:59:05 - [TEST_STEP][PASSED] - setText: Finding Test Object with id 'Object Repository/MOH AND GRN/Page_KDMC - CMS/input_txtbatchno'

2018-05-11 10:59:05 - [TEST_STEP][PASSED] - Statement - switch (id): Finding Test Object with id 'Object Repository/MOH AND GRN/Page_KDMC - CMS/input_txtmrp'

2018-05-11 10:59:05 - [TEST_STEP][PASSED] - Statement - case 1:: Text 'BA291.0' is set on object 'Object Repository/MOH AND GRN/Page_KDMC - CMS/input_txtbatchno'

2018-05-11 10:59:05 - [TEST_STEP][PASSED] - Statement - return (java.lang.Math.floor((java.lang.Math.random() * ((max - min) + 1))) + min): Text 'BA291.0' is set on object 'Object Repository/MOH AND GRN/Page_KDMC - CMS/input_txtbatchno'

2018-05-11 10:59:05 - [MESSAGE][PASSED] - Text 'BA291.0' is set on object 'Object Repository/MOH AND GRN/Page_KDMC - CMS/input_txtbatchno'

2018-05-11 10:59:05 - [TEST_STEP][PASSED] - rightClick: Object: 'Object Repository/GRN/Page_KDMC - CMS/input_txtexpdate' is right clicked on

2018-05-11 10:59:05 - [MESSAGE][PASSED] - Object: 'Object Repository/GRN/Page_KDMC - CMS/input_txtexpdate' is right clicked on

2018-05-11 10:59:05 - [TEST_STEP][PASSED] - selectOptionByIndex: All options with index in [7] are selected on object 'Object Repository/GRN/Page_KDMC - CMS/select_20182019202020212022202'

2018-05-11 10:59:05 - [MESSAGE][PASSED] - All options with index in [7] are selected on object 'Object Repository/GRN/Page_KDMC - CMS/select_20182019202020212022202'

2018-05-11 10:59:05 - [TEST_STEP][PASSED] - selectOptionByIndex: All options with index in [7] are selected on object 'Object Repository/GRN/Page_KDMC - CMS/select_JanFebMarAprMayJunJulAu'

2018-05-11 10:59:05 - [MESSAGE][PASSED] - All options with index in [7] are selected on object 'Object Repository/GRN/Page_KDMC - CMS/select_JanFebMarAprMayJunJulAu'

2018-05-11 10:59:05 - [TEST_STEP][PASSED] - click: Object: 'Object Repository/MOH AND GRN/Page_KDMC - CMS/a_12' is clicked on

2018-05-11 10:59:05 - [MESSAGE][PASSED] - Object: 'Object Repository/MOH AND GRN/Page_KDMC - CMS/a_12' is clicked on

2018-05-11 10:59:05 - [TEST_STEP][PASSED] - click: Object: 'Object Repository/MOH AND GRN/Page_KDMC - CMS/input_btnadd' is clicked on

2018-05-11 10:59:05 - [MESSAGE][PASSED] - Object: 'Object Repository/MOH AND GRN/Page_KDMC - CMS/input_btnadd' is clicked on

2018-05-11 10:59:05 - [TEST_STEP][PASSED] - Statement - If (s == 10): null

2018-05-11 10:59:05 - [TEST_STEP][PASSED] - Statement - Else: null

2018-05-11 10:59:05 - [TEST_STEP][PASSED] - Statement - (s++): null

2018-05-11 10:59:05 - [TEST_STEP][PASSED] - delay: Delayed 1 second(s)

2018-05-11 10:59:06 - [MESSAGE][PASSED] - Delayed 1 second(s)

2018-05-11 10:59:06 - [TEST_STEP][PASSED] - selectOptionByIndex: All options with index in [28] are selected on object 'Object Repository/MOH AND GRN/Page_KDMC - CMS/select_--Select--Amikacin -500'

2018-05-11 10:59:07 - [MESSAGE][PASSED] - All options with index in [28] are selected on object 'Object Repository/MOH AND GRN/Page_KDMC - CMS/select_--Select--Amikacin -500'

2018-05-11 10:59:07 - [TEST_STEP][PASSED] - setText: Text '5000' is set on object 'Object Repository/MOH AND GRN/Page_KDMC - CMS/input_txtqty'

2018-05-11 10:59:07 - [MESSAGE][PASSED] - Text '5000' is set on object 'Object Repository/MOH AND GRN/Page_KDMC - CMS/input_txtqty'

2018-05-11 10:59:07 - [TEST_STEP][PASSED] - selectOptionByIndex: All options with index in [1] are selected on object 'Object Repository/MOH AND GRN/Page_KDMC - CMS/select_--Select--No Tax0'

2018-05-11 10:59:07 - [MESSAGE][PASSED] - All options with index in [1] are selected on object 'Object Repository/MOH AND GRN/Page_KDMC - CMS/select_--Select--No Tax0'

2018-05-11 10:59:07 - [TEST_STEP][PASSED] - setText: Finding Test Object with id 'Object Repository/MOH AND GRN/Page_KDMC - CMS/input_txtmrp'

2018-05-11 10:59:07 - [TEST_STEP][PASSED] - Statement - switch (id): Finding Test Object with id 'Object Repository/MOH AND GRN/Page_KDMC - CMS/input_txtdeal'

2018-05-11 10:59:07 - [TEST_STEP][PASSED] - Statement - case 4:: Text '45.0' is set on object 'Object Repository/MOH AND GRN/Page_KDMC - CMS/input_txtmrp'

2018-05-11 10:59:07 - [TEST_STEP][PASSED] - Statement - return (java.lang.Math.floor((java.lang.Math.random() * ((max - min) + 1))) + min): Text '45.0' is set on object 'Object Repository/MOH AND GRN/Page_KDMC - CMS/input_txtmrp'

2018-05-11 10:59:07 - [MESSAGE][PASSED] - Text '45.0' is set on object 'Object Repository/MOH AND GRN/Page_KDMC - CMS/input_txtmrp'

2018-05-11 10:59:07 - [TEST_STEP][PASSED] - setText: Finding Test Object with id 'Object Repository/MOH AND GRN/Page_KDMC - CMS/input_txtdeal'

2018-05-11 10:59:07 - [TEST_STEP][PASSED] - Statement - switch (id): Finding Test Object with id 'Object Repository/MOH AND GRN/Page_KDMC - CMS/input_txtbatchno'

2018-05-11 10:59:07 - [TEST_STEP][PASSED] - Statement - case 5:: Text '1.0' is set on object 'Object Repository/MOH AND GRN/Page_KDMC - CMS/input_txtdeal'

2018-05-11 10:59:07 - [TEST_STEP][PASSED] - Statement - return (java.lang.Math.floor((java.lang.Math.random() * ((max - min) + 1))) + min): Text '1.0' is set on object 'Object Repository/MOH AND GRN/Page_KDMC - CMS/input_txtdeal'

2018-05-11 10:59:07 - [MESSAGE][PASSED] - Text '1.0' is set on object 'Object Repository/MOH AND GRN/Page_KDMC - CMS/input_txtdeal'

2018-05-11 10:59:07 - [TEST_STEP][PASSED] - setText: Finding Test Object with id 'Object Repository/MOH AND GRN/Page_KDMC - CMS/input_txtbatchno'

2018-05-11 10:59:07 - [TEST_STEP][PASSED] - Statement - switch (id): Finding Test Object with id 'Object Repository/MOH AND GRN/Page_KDMC - CMS/input_txtmrp'

2018-05-11 10:59:07 - [TEST_STEP][PASSED] - Statement - case 1:: Text 'BA604.0' is set on object 'Object Repository/MOH AND GRN/Page_KDMC - CMS/input_txtbatchno'

2018-05-11 10:59:07 - [TEST_STEP][PASSED] - Statement - return (java.lang.Math.floor((java.lang.Math.random() * ((max - min) + 1))) + min): Text 'BA604.0' is set on object 'Object Repository/MOH AND GRN/Page_KDMC - CMS/input_txtbatchno'

2018-05-11 10:59:07 - [MESSAGE][PASSED] - Text 'BA604.0' is set on object 'Object Repository/MOH AND GRN/Page_KDMC - CMS/input_txtbatchno'

2018-05-11 10:59:07 - [TEST_STEP][PASSED] - rightClick: Object: 'Object Repository/GRN/Page_KDMC - CMS/input_txtexpdate' is right clicked on

2018-05-11 10:59:07 - [MESSAGE][PASSED] - Object: 'Object Repository/GRN/Page_KDMC - CMS/input_txtexpdate' is right clicked on

2018-05-11 10:59:07 - [TEST_STEP][PASSED] - selectOptionByIndex: All options with index in [8] are selected on object 'Object Repository/GRN/Page_KDMC - CMS/select_20182019202020212022202'

2018-05-11 10:59:08 - [MESSAGE][PASSED] - All options with index in [8] are selected on object 'Object Repository/GRN/Page_KDMC - CMS/select_20182019202020212022202'

2018-05-11 10:59:08 - [TEST_STEP][PASSED] - selectOptionByIndex: All options with index in [8] are selected on object 'Object Repository/GRN/Page_KDMC - CMS/select_JanFebMarAprMayJunJulAu'

2018-05-11 10:59:08 - [MESSAGE][PASSED] - All options with index in [8] are selected on object 'Object Repository/GRN/Page_KDMC - CMS/select_JanFebMarAprMayJunJulAu'

2018-05-11 10:59:08 - [TEST_STEP][PASSED] - click: Object: 'Object Repository/MOH AND GRN/Page_KDMC - CMS/a_12' is clicked on

2018-05-11 10:59:08 - [MESSAGE][PASSED] - Object: 'Object Repository/MOH AND GRN/Page_KDMC - CMS/a_12' is clicked on

2018-05-11 10:59:08 - [TEST_STEP][PASSED] - click: Object: 'Object Repository/MOH AND GRN/Page_KDMC - CMS/input_btnadd' is clicked on

2018-05-11 10:59:08 - [MESSAGE][PASSED] - Object: 'Object Repository/MOH AND GRN/Page_KDMC - CMS/input_btnadd' is clicked on

2018-05-11 10:59:08 - [TEST_STEP][PASSED] - Statement - If (s == 10): null

2018-05-11 10:59:08 - [TEST_STEP][PASSED] - Statement - Else: null

2018-05-11 10:59:08 - [TEST_STEP][PASSED] - Statement - (s++): null

2018-05-11 10:59:08 - [TEST_STEP][PASSED] - delay: Delayed 1 second(s)

2018-05-11 10:59:09 - [MESSAGE][PASSED] - Delayed 1 second(s)

2018-05-11 10:59:09 - [TEST_STEP][PASSED] - selectOptionByIndex: All options with index in [29] are selected on object 'Object Repository/MOH AND GRN/Page_KDMC - CMS/select_--Select--Amikacin -500'

2018-05-11 10:59:10 - [MESSAGE][PASSED] - All options with index in [29] are selected on object 'Object Repository/MOH AND GRN/Page_KDMC - CMS/select_--Select--Amikacin -500'

2018-05-11 10:59:10 - [TEST_STEP][PASSED] - setText: Text '5000' is set on object 'Object Repository/MOH AND GRN/Page_KDMC - CMS/input_txtqty'

2018-05-11 10:59:10 - [MESSAGE][PASSED] - Text '5000' is set on object 'Object Repository/MOH AND GRN/Page_KDMC - CMS/input_txtqty'

2018-05-11 10:59:10 - [TEST_STEP][PASSED] - selectOptionByIndex: All options with index in [1] are selected on object 'Object Repository/MOH AND GRN/Page_KDMC - CMS/select_--Select--No Tax0'

2018-05-11 10:59:10 - [MESSAGE][PASSED] - All options with index in [1] are selected on object 'Object Repository/MOH AND GRN/Page_KDMC - CMS/select_--Select--No Tax0'

2018-05-11 10:59:10 - [TEST_STEP][PASSED] - setText: Finding Test Object with id 'Object Repository/MOH AND GRN/Page_KDMC - CMS/input_txtmrp'

2018-05-11 10:59:10 - [TEST_STEP][PASSED] - Statement - switch (id): Finding Test Object with id 'Object Repository/MOH AND GRN/Page_KDMC - CMS/input_txtdeal'

2018-05-11 10:59:10 - [TEST_STEP][PASSED] - Statement - case 4:: Text '18.0' is set on object 'Object Repository/MOH AND GRN/Page_KDMC - CMS/input_txtmrp'

2018-05-11 10:59:10 - [TEST_STEP][PASSED] - Statement - return (java.lang.Math.floor((java.lang.Math.random() * ((max - min) + 1))) + min): Text '18.0' is set on object 'Object Repository/MOH AND GRN/Page_KDMC - CMS/input_txtmrp'

2018-05-11 10:59:10 - [MESSAGE][PASSED] - Text '18.0' is set on object 'Object Repository/MOH AND GRN/Page_KDMC - CMS/input_txtmrp'

2018-05-11 10:59:10 - [TEST_STEP][PASSED] - setText: Finding Test Object with id 'Object Repository/MOH AND GRN/Page_KDMC - CMS/input_txtdeal'

2018-05-11 10:59:10 - [TEST_STEP][PASSED] - Statement - switch (id): Finding Test Object with id 'Object Repository/MOH AND GRN/Page_KDMC - CMS/input_txtbatchno'

2018-05-11 10:59:10 - [TEST_STEP][PASSED] - Statement - case 5:: Text '3.0' is set on object 'Object Repository/MOH AND GRN/Page_KDMC - CMS/input_txtdeal'

2018-05-11 10:59:10 - [TEST_STEP][PASSED] - Statement - return (java.lang.Math.floor((java.lang.Math.random() * ((max - min) + 1))) + min): Text '3.0' is set on object 'Object Repository/MOH AND GRN/Page_KDMC - CMS/input_txtdeal'

2018-05-11 10:59:10 - [MESSAGE][PASSED] - Text '3.0' is set on object 'Object Repository/MOH AND GRN/Page_KDMC - CMS/input_txtdeal'

2018-05-11 10:59:10 - [TEST_STEP][PASSED] - setText: Finding Test Object with id 'Object Repository/MOH AND GRN/Page_KDMC - CMS/input_txtbatchno'

2018-05-11 10:59:10 - [TEST_STEP][PASSED] - Statement - switch (id): Finding Test Object with id 'Object Repository/MOH AND GRN/Page_KDMC - CMS/input_txtmrp'

2018-05-11 10:59:10 - [TEST_STEP][PASSED] - Statement - case 1:: Text 'BA37.0' is set on object 'Object Repository/MOH AND GRN/Page_KDMC - CMS/input_txtbatchno'

2018-05-11 10:59:10 - [TEST_STEP][PASSED] - Statement - return (java.lang.Math.floor((java.lang.Math.random() * ((max - min) + 1))) + min): Text 'BA37.0' is set on object 'Object Repository/MOH AND GRN/Page_KDMC - CMS/input_txtbatchno'

2018-05-11 10:59:10 - [MESSAGE][PASSED] - Text 'BA37.0' is set on object 'Object Repository/MOH AND GRN/Page_KDMC - CMS/input_txtbatchno'

2018-05-11 10:59:10 - [TEST_STEP][PASSED] - rightClick: Object: 'Object Repository/GRN/Page_KDMC - CMS/input_txtexpdate' is right clicked on

2018-05-11 10:59:20 - [MESSAGE][PASSED] - Object: 'Object Repository/GRN/Page_KDMC - CMS/input_txtexpdate' is right clicked on

2018-05-11 10:59:20 - [TEST_STEP][PASSED] - selectOptionByIndex: All options with index in [9] are selected on object 'Object Repository/GRN/Page_KDMC - CMS/select_20182019202020212022202'

2018-05-11 10:59:20 - [MESSAGE][PASSED] - All options with index in [9] are selected on object 'Object Repository/GRN/Page_KDMC - CMS/select_20182019202020212022202'

2018-05-11 10:59:20 - [TEST_STEP][PASSED] - selectOptionByIndex: All options with index in [9] are selected on object 'Object Repository/GRN/Page_KDMC - CMS/select_JanFebMarAprMayJunJulAu'

2018-05-11 10:59:21 - [MESSAGE][PASSED] - All options with index in [9] are selected on object 'Object Repository/GRN/Page_KDMC - CMS/select_JanFebMarAprMayJunJulAu'

2018-05-11 10:59:21 - [TEST_STEP][PASSED] - click: Object: 'Object Repository/MOH AND GRN/Page_KDMC - CMS/a_12' is clicked on

2018-05-11 10:59:26 - [MESSAGE][PASSED] - Object: 'Object Repository/MOH AND GRN/Page_KDMC - CMS/a_12' is clicked on

2018-05-11 10:59:26 - [TEST_STEP][PASSED] - click: Object: 'Object Repository/MOH AND GRN/Page_KDMC - CMS/input_btnadd' is clicked on

2018-05-11 10:59:31 - [MESSAGE][PASSED] - Object: 'Object Repository/MOH AND GRN/Page_KDMC - CMS/input_btnadd' is clicked on

2018-05-11 10:59:31 - [TEST_STEP][PASSED] - Statement - If (s == 10): null

2018-05-11 10:59:31 - [TEST_STEP][PASSED] - Statement - Else: null

2018-05-11 10:59:31 - [TEST_STEP][PASSED] - Statement - (s++): null

2018-05-11 10:59:31 - [TEST_STEP][PASSED] - delay: Delayed 1 second(s)

2018-05-11 10:59:32 - [MESSAGE][PASSED] - Delayed 1 second(s)

2018-05-11 10:59:32 - [TEST_STEP][PASSED] - selectOptionByIndex: All options with index in [30] are selected on object 'Object Repository/MOH AND GRN/Page_KDMC - CMS/select_--Select--Amikacin -500'

2018-05-11 10:59:32 - [MESSAGE][PASSED] - All options with index in [30] are selected on object 'Object Repository/MOH AND GRN/Page_KDMC - CMS/select_--Select--Amikacin -500'

2018-05-11 10:59:32 - [TEST_STEP][PASSED] - setText: Text '5000' is set on object 'Object Repository/MOH AND GRN/Page_KDMC - CMS/input_txtqty'

2018-05-11 10:59:32 - [MESSAGE][PASSED] - Text '5000' is set on object 'Object Repository/MOH AND GRN/Page_KDMC - CMS/input_txtqty'

2018-05-11 10:59:32 - [TEST_STEP][PASSED] - selectOptionByIndex: All options with index in [1] are selected on object 'Object Repository/MOH AND GRN/Page_KDMC - CMS/select_--Select--No Tax0'

2018-05-11 10:59:32 - [MESSAGE][PASSED] - All options with index in [1] are selected on object 'Object Repository/MOH AND GRN/Page_KDMC - CMS/select_--Select--No Tax0'

2018-05-11 10:59:32 - [TEST_STEP][PASSED] - setText: Finding Test Object with id 'Object Repository/MOH AND GRN/Page_KDMC - CMS/input_txtmrp'

2018-05-11 10:59:32 - [TEST_STEP][PASSED] - Statement - switch (id): Finding Test Object with id 'Object Repository/MOH AND GRN/Page_KDMC - CMS/input_txtdeal'

2018-05-11 10:59:32 - [TEST_STEP][PASSED] - Statement - case 4:: Text '44.0' is set on object 'Object Repository/MOH AND GRN/Page_KDMC - CMS/input_txtmrp'

2018-05-11 10:59:32 - [TEST_STEP][PASSED] - Statement - return (java.lang.Math.floor((java.lang.Math.random() * ((max - min) + 1))) + min): Text '44.0' is set on object 'Object Repository/MOH AND GRN/Page_KDMC - CMS/input_txtmrp'

2018-05-11 10:59:33 - [MESSAGE][PASSED] - Text '44.0' is set on object 'Object Repository/MOH AND GRN/Page_KDMC - CMS/input_txtmrp'

2018-05-11 10:59:33 - [TEST_STEP][PASSED] - setText: Finding Test Object with id 'Object Repository/MOH AND GRN/Page_KDMC - CMS/input_txtdeal'

2018-05-11 10:59:33 - [TEST_STEP][PASSED] - Statement - switch (id): Finding Test Object with id 'Object Repository/MOH AND GRN/Page_KDMC - CMS/input_txtbatchno'

2018-05-11 10:59:33 - [TEST_STEP][PASSED] - Statement - case 5:: Text '5.0' is set on object 'Object Repository/MOH AND GRN/Page_KDMC - CMS/input_txtdeal'

2018-05-11 10:59:33 - [TEST_STEP][PASSED] - Statement - return (java.lang.Math.floor((java.lang.Math.random() * ((max - min) + 1))) + min): Text '5.0' is set on object 'Object Repository/MOH AND GRN/Page_KDMC - CMS/input_txtdeal'

2018-05-11 10:59:33 - [MESSAGE][PASSED] - Text '5.0' is set on object 'Object Repository/MOH AND GRN/Page_KDMC - CMS/input_txtdeal'

2018-05-11 10:59:33 - [TEST_STEP][PASSED] - setText: Finding Test Object with id 'Object Repository/MOH AND GRN/Page_KDMC - CMS/input_txtbatchno'

2018-05-11 10:59:33 - [TEST_STEP][PASSED] - Statement - switch (id): Finding Test Object with id 'Object Repository/MOH AND GRN/Page_KDMC - CMS/input_txtmrp'

2018-05-11 10:59:33 - [TEST_STEP][PASSED] - Statement - case 1:: Text 'BA725.0' is set on object 'Object Repository/MOH AND GRN/Page_KDMC - CMS/input_txtbatchno'

2018-05-11 10:59:33 - [TEST_STEP][PASSED] - Statement - return (java.lang.Math.floor((java.lang.Math.random() * ((max - min) + 1))) + min): Text 'BA725.0' is set on object 'Object Repository/MOH AND GRN/Page_KDMC - CMS/input_txtbatchno'

2018-05-11 10:59:33 - [MESSAGE][PASSED] - Text 'BA725.0' is set on object 'Object Repository/MOH AND GRN/Page_KDMC - CMS/input_txtbatchno'

2018-05-11 10:59:33 - [TEST_STEP][PASSED] - rightClick: Object: 'Object Repository/GRN/Page_KDMC - CMS/input_txtexpdate' is right clicked on

2018-05-11 10:59:43 - [MESSAGE][PASSED] - Object: 'Object Repository/GRN/Page_KDMC - CMS/input_txtexpdate' is right clicked on

2018-05-11 10:59:43 - [TEST_STEP][PASSED] - selectOptionByIndex: All options with index in [10] are selected on object 'Object Repository/GRN/Page_KDMC - CMS/select_20182019202020212022202'

2018-05-11 10:59:43 - [MESSAGE][PASSED] - All options with index in [10] are selected on object 'Object Repository/GRN/Page_KDMC - CMS/select_20182019202020212022202'

2018-05-11 10:59:43 - [TEST_STEP][PASSED] - selectOptionByIndex: All options with index in [10] are selected on object 'Object Repository/GRN/Page_KDMC - CMS/select_JanFebMarAprMayJunJulAu'

2018-05-11 10:59:43 - [MESSAGE][PASSED] - All options with index in [10] are selected on object 'Object Repository/GRN/Page_KDMC - CMS/select_JanFebMarAprMayJunJulAu'

2018-05-11 10:59:43 - [TEST_STEP][PASSED] - click: Object: 'Object Repository/MOH AND GRN/Page_KDMC - CMS/a_12' is clicked on

2018-05-11 10:59:48 - [MESSAGE][PASSED] - Object: 'Object Repository/MOH AND GRN/Page_KDMC - CMS/a_12' is clicked on

2018-05-11 10:59:48 - [TEST_STEP][PASSED] - click: Object: 'Object Repository/MOH AND GRN/Page_KDMC - CMS/input_btnadd' is clicked on

2018-05-11 10:59:54 - [MESSAGE][PASSED] - Object: 'Object Repository/MOH AND GRN/Page_KDMC - CMS/input_btnadd' is clicked on

2018-05-11 10:59:54 - [TEST_STEP][PASSED] - Statement - If (s == 10): null

2018-05-11 10:59:54 - [TEST_STEP][PASSED] - Statement - s = 1: null

2018-05-11 10:59:54 - [TEST_STEP][PASSED] - delay: Delayed 1 second(s)

2018-05-11 10:59:55 - [MESSAGE][PASSED] - Delayed 1 second(s)

2018-05-11 10:59:55 - [TEST_STEP][PASSED] - selectOptionByIndex: All options with index in [31] are selected on object 'Object Repository/MOH AND GRN/Page_KDMC - CMS/select_--Select--Amikacin -500'

2018-05-11 10:59:55 - [MESSAGE][PASSED] - All options with index in [31] are selected on object 'Object Repository/MOH AND GRN/Page_KDMC - CMS/select_--Select--Amikacin -500'

2018-05-11 10:59:55 - [TEST_STEP][PASSED] - setText: Text '5000' is set on object 'Object Repository/MOH AND GRN/Page_KDMC - CMS/input_txtqty'

2018-05-11 10:59:55 - [MESSAGE][PASSED] - Text '5000' is set on object 'Object Repository/MOH AND GRN/Page_KDMC - CMS/input_txtqty'

2018-05-11 10:59:55 - [TEST_STEP][PASSED] - selectOptionByIndex: All options with index in [1] are selected on object 'Object Repository/MOH AND GRN/Page_KDMC - CMS/select_--Select--No Tax0'

2018-05-11 10:59:55 - [MESSAGE][PASSED] - All options with index in [1] are selected on object 'Object Repository/MOH AND GRN/Page_KDMC - CMS/select_--Select--No Tax0'

2018-05-11 10:59:55 - [TEST_STEP][PASSED] - setText: Finding Test Object with id 'Object Repository/MOH AND GRN/Page_KDMC - CMS/input_txtmrp'

2018-05-11 10:59:55 - [TEST_STEP][PASSED] - Statement - switch (id): Finding Test Object with id 'Object Repository/MOH AND GRN/Page_KDMC - CMS/input_txtdeal'

2018-05-11 10:59:55 - [TEST_STEP][PASSED] - Statement - case 4:: Text '45.0' is set on object 'Object Repository/MOH AND GRN/Page_KDMC - CMS/input_txtmrp'

2018-05-11 10:59:55 - [TEST_STEP][PASSED] - Statement - return (java.lang.Math.floor((java.lang.Math.random() * ((max - min) + 1))) + min): Text '45.0' is set on object 'Object Repository/MOH AND GRN/Page_KDMC - CMS/input_txtmrp'

2018-05-11 10:59:55 - [MESSAGE][PASSED] - Text '45.0' is set on object 'Object Repository/MOH AND GRN/Page_KDMC - CMS/input_txtmrp'

2018-05-11 10:59:55 - [TEST_STEP][PASSED] - setText: Finding Test Object with id 'Object Repository/MOH AND GRN/Page_KDMC - CMS/input_txtdeal'

2018-05-11 10:59:55 - [TEST_STEP][PASSED] - Statement - switch (id): Finding Test Object with id 'Object Repository/MOH AND GRN/Page_KDMC - CMS/input_txtbatchno'

2018-05-11 10:59:55 - [TEST_STEP][PASSED] - Statement - case 5:: Text '4.0' is set on object 'Object Repository/MOH AND GRN/Page_KDMC - CMS/input_txtdeal'

2018-05-11 10:59:55 - [TEST_STEP][PASSED] - Statement - return (java.lang.Math.floor((java.lang.Math.random() * ((max - min) + 1))) + min): Text '4.0' is set on object 'Object Repository/MOH AND GRN/Page_KDMC - CMS/input_txtdeal'

2018-05-11 10:59:55 - [MESSAGE][PASSED] - Text '4.0' is set on object 'Object Repository/MOH AND GRN/Page_KDMC - CMS/input_txtdeal'

2018-05-11 10:59:55 - [TEST_STEP][PASSED] - setText: Finding Test Object with id 'Object Repository/MOH AND GRN/Page_KDMC - CMS/input_txtbatchno'

2018-05-11 10:59:55 - [TEST_STEP][PASSED] - Statement - switch (id): Finding Test Object with id 'Object Repository/MOH AND GRN/Page_KDMC - CMS/input_txtmrp'

2018-05-11 10:59:55 - [TEST_STEP][PASSED] - Statement - case 1:: Text 'BA524.0' is set on object 'Object Repository/MOH AND GRN/Page_KDMC - CMS/input_txtbatchno'

2018-05-11 10:59:55 - [TEST_STEP][PASSED] - Statement - return (java.lang.Math.floor((java.lang.Math.random() * ((max - min) + 1))) + min): Text 'BA524.0' is set on object 'Object Repository/MOH AND GRN/Page_KDMC - CMS/input_txtbatchno'

2018-05-11 10:59:56 - [MESSAGE][PASSED] - Text 'BA524.0' is set on object 'Object Repository/MOH AND GRN/Page_KDMC - CMS/input_txtbatchno'

2018-05-11 10:59:56 - [TEST_STEP][PASSED] - rightClick: Object: 'Object Repository/GRN/Page_KDMC - CMS/input_txtexpdate' is right clicked on

2018-05-11 11:00:06 - [MESSAGE][PASSED] - Object: 'Object Repository/GRN/Page_KDMC - CMS/input_txtexpdate' is right clicked on

2018-05-11 11:00:06 - [TEST_STEP][PASSED] - selectOptionByIndex: All options with index in [1] are selected on object 'Object Repository/GRN/Page_KDMC - CMS/select_20182019202020212022202'

2018-05-11 11:00:06 - [MESSAGE][PASSED] - All options with index in [1] are selected on object 'Object Repository/GRN/Page_KDMC - CMS/select_20182019202020212022202'

2018-05-11 11:00:06 - [TEST_STEP][PASSED] - selectOptionByIndex: All options with index in [1] are selected on object 'Object Repository/GRN/Page_KDMC - CMS/select_JanFebMarAprMayJunJulAu'

2018-05-11 11:00:06 - [MESSAGE][PASSED] - All options with index in [1] are selected on object 'Object Repository/GRN/Page_KDMC - CMS/select_JanFebMarAprMayJunJulAu'

2018-05-11 11:00:06 - [TEST_STEP][PASSED] - click: Object: 'Object Repository/MOH AND GRN/Page_KDMC - CMS/a_12' is clicked on

2018-05-11 11:00:11 - [MESSAGE][PASSED] - Object: 'Object Repository/MOH AND GRN/Page_KDMC - CMS/a_12' is clicked on

2018-05-11 11:00:11 - [TEST_STEP][PASSED] - click: Object: 'Object Repository/MOH AND GRN/Page_KDMC - CMS/input_btnadd' is clicked on

2018-05-11 11:00:16 - [MESSAGE][PASSED] - Object: 'Object Repository/MOH AND GRN/Page_KDMC - CMS/input_btnadd' is clicked on

2018-05-11 11:00:16 - [TEST_STEP][PASSED] - Statement - If (s == 10): null

2018-05-11 11:00:16 - [TEST_STEP][PASSED] - Statement - Else: null

2018-05-11 11:00:16 - [TEST_STEP][PASSED] - Statement - (s++): null

2018-05-11 11:00:16 - [TEST_STEP][PASSED] - delay: Delayed 1 second(s)

2018-05-11 11:00:17 - [MESSAGE][PASSED] - Delayed 1 second(s)

2018-05-11 11:00:17 - [TEST_STEP][PASSED] - selectOptionByIndex: All options with index in [32] are selected on object 'Object Repository/MOH AND GRN/Page_KDMC - CMS/select_--Select--Amikacin -500'

2018-05-11 11:00:18 - [MESSAGE][PASSED] - All options with index in [32] are selected on object 'Object Repository/MOH AND GRN/Page_KDMC - CMS/select_--Select--Amikacin -500'

2018-05-11 11:00:18 - [TEST_STEP][PASSED] - setText: Text '5000' is set on object 'Object Repository/MOH AND GRN/Page_KDMC - CMS/input_txtqty'

2018-05-11 11:00:18 - [MESSAGE][PASSED] - Text '5000' is set on object 'Object Repository/MOH AND GRN/Page_KDMC - CMS/input_txtqty'

2018-05-11 11:00:18 - [TEST_STEP][PASSED] - selectOptionByIndex: All options with index in [1] are selected on object 'Object Repository/MOH AND GRN/Page_KDMC - CMS/select_--Select--No Tax0'

2018-05-11 11:00:18 - [MESSAGE][PASSED] - All options with index in [1] are selected on object 'Object Repository/MOH AND GRN/Page_KDMC - CMS/select_--Select--No Tax0'

2018-05-11 11:00:18 - [TEST_STEP][PASSED] - setText: Finding Test Object with id 'Object Repository/MOH AND GRN/Page_KDMC - CMS/input_txtmrp'

2018-05-11 11:00:18 - [TEST_STEP][PASSED] - Statement - switch (id): Finding Test Object with id 'Object Repository/MOH AND GRN/Page_KDMC - CMS/input_txtdeal'

2018-05-11 11:00:18 - [TEST_STEP][PASSED] - Statement - case 4:: Text '33.0' is set on object 'Object Repository/MOH AND GRN/Page_KDMC - CMS/input_txtmrp'

2018-05-11 11:00:18 - [TEST_STEP][PASSED] - Statement - return (java.lang.Math.floor((java.lang.Math.random() * ((max - min) + 1))) + min): Text '33.0' is set on object 'Object Repository/MOH AND GRN/Page_KDMC - CMS/input_txtmrp'

2018-05-11 11:00:18 - [MESSAGE][PASSED] - Text '33.0' is set on object 'Object Repository/MOH AND GRN/Page_KDMC - CMS/input_txtmrp'

2018-05-11 11:00:18 - [TEST_STEP][PASSED] - setText: Finding Test Object with id 'Object Repository/MOH AND GRN/Page_KDMC - CMS/input_txtdeal'

2018-05-11 11:00:18 - [TEST_STEP][PASSED] - Statement - switch (id): Finding Test Object with id 'Object Repository/MOH AND GRN/Page_KDMC - CMS/input_txtbatchno'

2018-05-11 11:00:18 - [TEST_STEP][PASSED] - Statement - case 5:: Text '6.0' is set on object 'Object Repository/MOH AND GRN/Page_KDMC - CMS/input_txtdeal'

2018-05-11 11:00:18 - [TEST_STEP][PASSED] - Statement - return (java.lang.Math.floor((java.lang.Math.random() * ((max - min) + 1))) + min): Text '6.0' is set on object 'Object Repository/MOH AND GRN/Page_KDMC - CMS/input_txtdeal'

2018-05-11 11:00:18 - [MESSAGE][PASSED] - Text '6.0' is set on object 'Object Repository/MOH AND GRN/Page_KDMC - CMS/input_txtdeal'

2018-05-11 11:00:18 - [TEST_STEP][PASSED] - setText: Finding Test Object with id 'Object Repository/MOH AND GRN/Page_KDMC - CMS/input_txtbatchno'

2018-05-11 11:00:18 - [TEST_STEP][PASSED] - Statement - switch (id): Finding Test Object with id 'Object Repository/MOH AND GRN/Page_KDMC - CMS/input_txtmrp'

2018-05-11 11:00:18 - [TEST_STEP][PASSED] - Statement - case 1:: Text 'BA799.0' is set on object 'Object Repository/MOH AND GRN/Page_KDMC - CMS/input_txtbatchno'

2018-05-11 11:00:18 - [TEST_STEP][PASSED] - Statement - return (java.lang.Math.floor((java.lang.Math.random() * ((max - min) + 1))) + min): Text 'BA799.0' is set on object 'Object Repository/MOH AND GRN/Page_KDMC - CMS/input_txtbatchno'

2018-05-11 11:00:18 - [MESSAGE][PASSED] - Text 'BA799.0' is set on object 'Object Repository/MOH AND GRN/Page_KDMC - CMS/input_txtbatchno'

2018-05-11 11:00:18 - [TEST_STEP][PASSED] - rightClick: Object: 'Object Repository/GRN/Page_KDMC - CMS/input_txtexpdate' is right clicked on

2018-05-11 11:00:28 - [MESSAGE][PASSED] - Object: 'Object Repository/GRN/Page_KDMC - CMS/input_txtexpdate' is right clicked on

2018-05-11 11:00:28 - [TEST_STEP][PASSED] - selectOptionByIndex: All options with index in [2] are selected on object 'Object Repository/GRN/Page_KDMC - CMS/select_20182019202020212022202'

2018-05-11 11:00:29 - [MESSAGE][PASSED] - All options with index in [2] are selected on object 'Object Repository/GRN/Page_KDMC - CMS/select_20182019202020212022202'

2018-05-11 11:00:29 - [TEST_STEP][PASSED] - selectOptionByIndex: All options with index in [2] are selected on object 'Object Repository/GRN/Page_KDMC - CMS/select_JanFebMarAprMayJunJulAu'

2018-05-11 11:00:29 - [MESSAGE][PASSED] - All options with index in [2] are selected on object 'Object Repository/GRN/Page_KDMC - CMS/select_JanFebMarAprMayJunJulAu'

2018-05-11 11:00:29 - [TEST_STEP][PASSED] - click: Object: 'Object Repository/MOH AND GRN/Page_KDMC - CMS/a_12' is clicked on

2018-05-11 11:00:34 - [MESSAGE][PASSED] - Object: 'Object Repository/MOH AND GRN/Page_KDMC - CMS/a_12' is clicked on

2018-05-11 11:00:34 - [TEST_STEP][PASSED] - click: Object: 'Object Repository/MOH AND GRN/Page_KDMC - CMS/input_btnadd' is clicked on

2018-05-11 11:00:39 - [MESSAGE][PASSED] - Object: 'Object Repository/MOH AND GRN/Page_KDMC - CMS/input_btnadd' is clicked on

2018-05-11 11:00:39 - [TEST_STEP][PASSED] - Statement - If (s == 10): null

2018-05-11 11:00:39 - [TEST_STEP][PASSED] - Statement - Else: null

2018-05-11 11:00:39 - [TEST_STEP][PASSED] - Statement - (s++): null

2018-05-11 11:00:39 - [TEST_STEP][PASSED] - delay: Delayed 1 second(s)

2018-05-11 11:00:40 - [MESSAGE][PASSED] - Delayed 1 second(s)

2018-05-11 11:00:40 - [TEST_STEP][PASSED] - selectOptionByIndex: All options with index in [33] are selected on object 'Object Repository/MOH AND GRN/Page_KDMC - CMS/select_--Select--Amikacin -500'

2018-05-11 11:00:41 - [MESSAGE][PASSED] - All options with index in [33] are selected on object 'Object Repository/MOH AND GRN/Page_KDMC - CMS/select_--Select--Amikacin -500'

2018-05-11 11:00:41 - [TEST_STEP][PASSED] - setText: Text '5000' is set on object 'Object Repository/MOH AND GRN/Page_KDMC - CMS/input_txtqty'

2018-05-11 11:00:41 - [MESSAGE][PASSED] - Text '5000' is set on object 'Object Repository/MOH AND GRN/Page_KDMC - CMS/input_txtqty'

2018-05-11 11:00:41 - [TEST_STEP][PASSED] - selectOptionByIndex: All options with index in [1] are selected on object 'Object Repository/MOH AND GRN/Page_KDMC - CMS/select_--Select--No Tax0'

2018-05-11 11:00:41 - [MESSAGE][PASSED] - All options with index in [1] are selected on object 'Object Repository/MOH AND GRN/Page_KDMC - CMS/select_--Select--No Tax0'

2018-05-11 11:00:41 - [TEST_STEP][PASSED] - setText: Finding Test Object with id 'Object Repository/MOH AND GRN/Page_KDMC - CMS/input_txtmrp'

2018-05-11 11:00:41 - [TEST_STEP][PASSED] - Statement - switch (id): Finding Test Object with id 'Object Repository/MOH AND GRN/Page_KDMC - CMS/input_txtdeal'

2018-05-11 11:00:41 - [TEST_STEP][PASSED] - Statement - case 4:: Text '45.0' is set on object 'Object Repository/MOH AND GRN/Page_KDMC - CMS/input_txtmrp'

2018-05-11 11:00:41 - [TEST_STEP][PASSED] - Statement - return (java.lang.Math.floor((java.lang.Math.random() * ((max - min) + 1))) + min): Text '45.0' is set on object 'Object Repository/MOH AND GRN/Page_KDMC - CMS/input_txtmrp'

2018-05-11 11:00:41 - [MESSAGE][PASSED] - Text '45.0' is set on object 'Object Repository/MOH AND GRN/Page_KDMC - CMS/input_txtmrp'

2018-05-11 11:00:41 - [TEST_STEP][PASSED] - setText: Finding Test Object with id 'Object Repository/MOH AND GRN/Page_KDMC - CMS/input_txtdeal'

2018-05-11 11:00:41 - [TEST_STEP][PASSED] - Statement - switch (id): Finding Test Object with id 'Object Repository/MOH AND GRN/Page_KDMC - CMS/input_txtbatchno'

2018-05-11 11:00:41 - [TEST_STEP][PASSED] - Statement - case 5:: Text '10.0' is set on object 'Object Repository/MOH AND GRN/Page_KDMC - CMS/input_txtdeal'

2018-05-11 11:00:41 - [TEST_STEP][PASSED] - Statement - return (java.lang.Math.floor((java.lang.Math.random() * ((max - min) + 1))) + min): Text '10.0' is set on object 'Object Repository/MOH AND GRN/Page_KDMC - CMS/input_txtdeal'

2018-05-11 11:00:41 - [MESSAGE][PASSED] - Text '10.0' is set on object 'Object Repository/MOH AND GRN/Page_KDMC - CMS/input_txtdeal'

2018-05-11 11:00:41 - [TEST_STEP][PASSED] - setText: Finding Test Object with id 'Object Repository/MOH AND GRN/Page_KDMC - CMS/input_txtbatchno'

2018-05-11 11:00:41 - [TEST_STEP][PASSED] - Statement - switch (id): Finding Test Object with id 'Object Repository/MOH AND GRN/Page_KDMC - CMS/input_txtmrp'

2018-05-11 11:00:41 - [TEST_STEP][PASSED] - Statement - case 1:: Text 'BA669.0' is set on object 'Object Repository/MOH AND GRN/Page_KDMC - CMS/input_txtbatchno'

2018-05-11 11:00:41 - [TEST_STEP][PASSED] - Statement - return (java.lang.Math.floor((java.lang.Math.random() * ((max - min) + 1))) + min): Text 'BA669.0' is set on object 'Object Repository/MOH AND GRN/Page_KDMC - CMS/input_txtbatchno'

2018-05-11 11:00:41 - [MESSAGE][PASSED] - Text 'BA669.0' is set on object 'Object Repository/MOH AND GRN/Page_KDMC - CMS/input_txtbatchno'

2018-05-11 11:00:41 - [TEST_STEP][PASSED] - rightClick: Object: 'Object Repository/GRN/Page_KDMC - CMS/input_txtexpdate' is right clicked on

2018-05-11 11:00:51 - [MESSAGE][PASSED] - Object: 'Object Repository/GRN/Page_KDMC - CMS/input_txtexpdate' is right clicked on

2018-05-11 11:00:51 - [TEST_STEP][PASSED] - selectOptionByIndex: All options with index in [3] are selected on object 'Object Repository/GRN/Page_KDMC - CMS/select_20182019202020212022202'

2018-05-11 11:00:51 - [MESSAGE][PASSED] - All options with index in [3] are selected on object 'Object Repository/GRN/Page_KDMC - CMS/select_20182019202020212022202'

2018-05-11 11:00:51 - [TEST_STEP][PASSED] - selectOptionByIndex: All options with index in [3] are selected on object 'Object Repository/GRN/Page_KDMC - CMS/select_JanFebMarAprMayJunJulAu'

2018-05-11 11:00:52 - [MESSAGE][PASSED] - All options with index in [3] are selected on object 'Object Repository/GRN/Page_KDMC - CMS/select_JanFebMarAprMayJunJulAu'

2018-05-11 11:00:52 - [TEST_STEP][PASSED] - click: Object: 'Object Repository/MOH AND GRN/Page_KDMC - CMS/a_12' is clicked on

2018-05-11 11:00:57 - [MESSAGE][PASSED] - Object: 'Object Repository/MOH AND GRN/Page_KDMC - CMS/a_12' is clicked on

2018-05-11 11:00:57 - [TEST_STEP][PASSED] - click: Object: 'Object Repository/MOH AND GRN/Page_KDMC - CMS/input_btnadd' is clicked on

2018-05-11 11:01:02 - [MESSAGE][PASSED] - Object: 'Object Repository/MOH AND GRN/Page_KDMC - CMS/input_btnadd' is clicked on

2018-05-11 11:01:02 - [TEST_STEP][PASSED] - Statement - If (s == 10): null

2018-05-11 11:01:02 - [TEST_STEP][PASSED] - Statement - Else: null

2018-05-11 11:01:02 - [TEST_STEP][PASSED] - Statement - (s++): null

2018-05-11 11:01:02 - [TEST_STEP][PASSED] - delay: Delayed 1 second(s)

2018-05-11 11:01:03 - [MESSAGE][PASSED] - Delayed 1 second(s)

2018-05-11 11:01:03 - [TEST_STEP][PASSED] - selectOptionByIndex: All options with index in [34] are selected on object 'Object Repository/MOH AND GRN/Page_KDMC - CMS/select_--Select--Amikacin -500'

2018-05-11 11:01:04 - [MESSAGE][PASSED] - All options with index in [34] are selected on object 'Object Repository/MOH AND GRN/Page_KDMC - CMS/select_--Select--Amikacin -500'

2018-05-11 11:01:04 - [TEST_STEP][PASSED] - setText: Text '5000' is set on object 'Object Repository/MOH AND GRN/Page_KDMC - CMS/input_txtqty'

2018-05-11 11:01:04 - [MESSAGE][PASSED] - Text '5000' is set on object 'Object Repository/MOH AND GRN/Page_KDMC - CMS/input_txtqty'

2018-05-11 11:01:04 - [TEST_STEP][PASSED] - selectOptionByIndex: All options with index in [1] are selected on object 'Object Repository/MOH AND GRN/Page_KDMC - CMS/select_--Select--No Tax0'

2018-05-11 11:01:04 - [MESSAGE][PASSED] - All options with index in [1] are selected on object 'Object Repository/MOH AND GRN/Page_KDMC - CMS/select_--Select--No Tax0'

2018-05-11 11:01:04 - [TEST_STEP][PASSED] - setText: Finding Test Object with id 'Object Repository/MOH AND GRN/Page_KDMC - CMS/input_txtmrp'

2018-05-11 11:01:04 - [TEST_STEP][PASSED] - Statement - switch (id): Finding Test Object with id 'Object Repository/MOH AND GRN/Page_KDMC - CMS/input_txtdeal'

2018-05-11 11:01:04 - [TEST_STEP][PASSED] - Statement - case 4:: Text '39.0' is set on object 'Object Repository/MOH AND GRN/Page_KDMC - CMS/input_txtmrp'

2018-05-11 11:01:04 - [TEST_STEP][PASSED] - Statement - return (java.lang.Math.floor((java.lang.Math.random() * ((max - min) + 1))) + min): Text '39.0' is set on object 'Object Repository/MOH AND GRN/Page_KDMC - CMS/input_txtmrp'

2018-05-11 11:01:04 - [MESSAGE][PASSED] - Text '39.0' is set on object 'Object Repository/MOH AND GRN/Page_KDMC - CMS/input_txtmrp'

2018-05-11 11:01:04 - [TEST_STEP][PASSED] - setText: Finding Test Object with id 'Object Repository/MOH AND GRN/Page_KDMC - CMS/input_txtdeal'

2018-05-11 11:01:04 - [TEST_STEP][PASSED] - Statement - switch (id): Finding Test Object with id 'Object Repository/MOH AND GRN/Page_KDMC - CMS/input_txtbatchno'

2018-05-11 11:01:04 - [TEST_STEP][PASSED] - Statement - case 5:: Text '10.0' is set on object 'Object Repository/MOH AND GRN/Page_KDMC - CMS/input_txtdeal'

2018-05-11 11:01:04 - [TEST_STEP][PASSED] - Statement - return (java.lang.Math.floor((java.lang.Math.random() * ((max - min) + 1))) + min): Text '10.0' is set on object 'Object Repository/MOH AND GRN/Page_KDMC - CMS/input_txtdeal'

2018-05-11 11:01:04 - [MESSAGE][PASSED] - Text '10.0' is set on object 'Object Repository/MOH AND GRN/Page_KDMC - CMS/input_txtdeal'

2018-05-11 11:01:04 - [TEST_STEP][PASSED] - setText: Finding Test Object with id 'Object Repository/MOH AND GRN/Page_KDMC - CMS/input_txtbatchno'

2018-05-11 11:01:04 - [TEST_STEP][PASSED] - Statement - switch (id): Finding Test Object with id 'Object Repository/MOH AND GRN/Page_KDMC - CMS/input_txtmrp'

2018-05-11 11:01:04 - [TEST_STEP][PASSED] - Statement - case 1:: Text 'BA608.0' is set on object 'Object Repository/MOH AND GRN/Page_KDMC - CMS/input_txtbatchno'

2018-05-11 11:01:04 - [TEST_STEP][PASSED] - Statement - return (java.lang.Math.floor((java.lang.Math.random() * ((max - min) + 1))) + min): Text 'BA608.0' is set on object 'Object Repository/MOH AND GRN/Page_KDMC - CMS/input_txtbatchno'

2018-05-11 11:01:04 - [MESSAGE][PASSED] - Text 'BA608.0' is set on object 'Object Repository/MOH AND GRN/Page_KDMC - CMS/input_txtbatchno'

2018-05-11 11:01:04 - [TEST_STEP][PASSED] - rightClick: Object: 'Object Repository/GRN/Page_KDMC - CMS/input_txtexpdate' is right clicked on

2018-05-11 11:01:14 - [MESSAGE][PASSED] - Object: 'Object Repository/GRN/Page_KDMC - CMS/input_txtexpdate' is right clicked on

2018-05-11 11:01:14 - [TEST_STEP][PASSED] - selectOptionByIndex: All options with index in [4] are selected on object 'Object Repository/GRN/Page_KDMC - CMS/select_20182019202020212022202'

2018-05-11 11:01:14 - [MESSAGE][PASSED] - All options with index in [4] are selected on object 'Object Repository/GRN/Page_KDMC - CMS/select_20182019202020212022202'

2018-05-11 11:01:14 - [TEST_STEP][PASSED] - selectOptionByIndex: All options with index in [4] are selected on object 'Object Repository/GRN/Page_KDMC - CMS/select_JanFebMarAprMayJunJulAu'

2018-05-11 11:01:15 - [MESSAGE][PASSED] - All options with index in [4] are selected on object 'Object Repository/GRN/Page_KDMC - CMS/select_JanFebMarAprMayJunJulAu'

2018-05-11 11:01:15 - [TEST_STEP][PASSED] - click: Object: 'Object Repository/MOH AND GRN/Page_KDMC - CMS/a_12' is clicked on

2018-05-11 11:01:20 - [MESSAGE][PASSED] - Object: 'Object Repository/MOH AND GRN/Page_KDMC - CMS/a_12' is clicked on

2018-05-11 11:01:20 - [TEST_STEP][PASSED] - click: Object: 'Object Repository/MOH AND GRN/Page_KDMC - CMS/input_btnadd' is clicked on

2018-05-11 11:01:25 - [MESSAGE][PASSED] - Object: 'Object Repository/MOH AND GRN/Page_KDMC - CMS/input_btnadd' is clicked on

2018-05-11 11:01:25 - [TEST_STEP][PASSED] - Statement - If (s == 10): null

2018-05-11 11:01:25 - [TEST_STEP][PASSED] - Statement - Else: null

2018-05-11 11:01:25 - [TEST_STEP][PASSED] - Statement - (s++): null

2018-05-11 11:01:25 - [TEST_STEP][PASSED] - delay: Delayed 1 second(s)

2018-05-11 11:01:26 - [MESSAGE][PASSED] - Delayed 1 second(s)

2018-05-11 11:01:26 - [TEST_STEP][PASSED] - selectOptionByIndex: All options with index in [35] are selected on object 'Object Repository/MOH AND GRN/Page_KDMC - CMS/select_--Select--Amikacin -500'

2018-05-11 11:01:26 - [MESSAGE][PASSED] - All options with index in [35] are selected on object 'Object Repository/MOH AND GRN/Page_KDMC - CMS/select_--Select--Amikacin -500'

2018-05-11 11:01:26 - [TEST_STEP][PASSED] - setText: Text '5000' is set on object 'Object Repository/MOH AND GRN/Page_KDMC - CMS/input_txtqty'

2018-05-11 11:01:26 - [MESSAGE][PASSED] - Text '5000' is set on object 'Object Repository/MOH AND GRN/Page_KDMC - CMS/input_txtqty'

2018-05-11 11:01:26 - [TEST_STEP][PASSED] - selectOptionByIndex: All options with index in [1] are selected on object 'Object Repository/MOH AND GRN/Page_KDMC - CMS/select_--Select--No Tax0'

2018-05-11 11:01:27 - [MESSAGE][PASSED] - All options with index in [1] are selected on object 'Object Repository/MOH AND GRN/Page_KDMC - CMS/select_--Select--No Tax0'

2018-05-11 11:01:27 - [TEST_STEP][PASSED] - setText: Finding Test Object with id 'Object Repository/MOH AND GRN/Page_KDMC - CMS/input_txtmrp'

2018-05-11 11:01:27 - [TEST_STEP][PASSED] - Statement - switch (id): Finding Test Object with id 'Object Repository/MOH AND GRN/Page_KDMC - CMS/input_txtdeal'

2018-05-11 11:01:27 - [TEST_STEP][PASSED] - Statement - case 4:: Text '44.0' is set on object 'Object Repository/MOH AND GRN/Page_KDMC - CMS/input_txtmrp'

2018-05-11 11:01:27 - [TEST_STEP][PASSED] - Statement - return (java.lang.Math.floor((java.lang.Math.random() * ((max - min) + 1))) + min): Text '44.0' is set on object 'Object Repository/MOH AND GRN/Page_KDMC - CMS/input_txtmrp'

2018-05-11 11:01:27 - [MESSAGE][PASSED] - Text '44.0' is set on object 'Object Repository/MOH AND GRN/Page_KDMC - CMS/input_txtmrp'

2018-05-11 11:01:27 - [TEST_STEP][PASSED] - setText: Finding Test Object with id 'Object Repository/MOH AND GRN/Page_KDMC - CMS/input_txtdeal'

2018-05-11 11:01:27 - [TEST_STEP][PASSED] - Statement - switch (id): Finding Test Object with id 'Object Repository/MOH AND GRN/Page_KDMC - CMS/input_txtbatchno'

2018-05-11 11:01:27 - [TEST_STEP][PASSED] - Statement - case 5:: Text '1.0' is set on object 'Object Repository/MOH AND GRN/Page_KDMC - CMS/input_txtdeal'

2018-05-11 11:01:27 - [TEST_STEP][PASSED] - Statement - return (java.lang.Math.floor((java.lang.Math.random() * ((max - min) + 1))) + min): Text '1.0' is set on object 'Object Repository/MOH AND GRN/Page_KDMC - CMS/input_txtdeal'

2018-05-11 11:01:27 - [MESSAGE][PASSED] - Text '1.0' is set on object 'Object Repository/MOH AND GRN/Page_KDMC - CMS/input_txtdeal'

2018-05-11 11:01:27 - [TEST_STEP][PASSED] - setText: Finding Test Object with id 'Object Repository/MOH AND GRN/Page_KDMC - CMS/input_txtbatchno'

2018-05-11 11:01:27 - [TEST_STEP][PASSED] - Statement - switch (id): Finding Test Object with id 'Object Repository/MOH AND GRN/Page_KDMC - CMS/input_txtmrp'

2018-05-11 11:01:27 - [TEST_STEP][PASSED] - Statement - case 1:: Text 'BA560.0' is set on object 'Object Repository/MOH AND GRN/Page_KDMC - CMS/input_txtbatchno'

2018-05-11 11:01:27 - [TEST_STEP][PASSED] - Statement - return (java.lang.Math.floor((java.lang.Math.random() * ((max - min) + 1))) + min): Text 'BA560.0' is set on object 'Object Repository/MOH AND GRN/Page_KDMC - CMS/input_txtbatchno'

2018-05-11 11:01:27 - [MESSAGE][PASSED] - Text 'BA560.0' is set on object 'Object Repository/MOH AND GRN/Page_KDMC - CMS/input_txtbatchno'

2018-05-11 11:01:27 - [TEST_STEP][PASSED] - rightClick: Object: 'Object Repository/GRN/Page_KDMC - CMS/input_txtexpdate' is right clicked on

2018-05-11 11:01:37 - [MESSAGE][PASSED] - Object: 'Object Repository/GRN/Page_KDMC - CMS/input_txtexpdate' is right clicked on

2018-05-11 11:01:37 - [TEST_STEP][PASSED] - selectOptionByIndex: All options with index in [5] are selected on object 'Object Repository/GRN/Page_KDMC - CMS/select_20182019202020212022202'

2018-05-11 11:01:37 - [MESSAGE][PASSED] - All options with index in [5] are selected on object 'Object Repository/GRN/Page_KDMC - CMS/select_20182019202020212022202'

2018-05-11 11:01:37 - [TEST_STEP][PASSED] - selectOptionByIndex: All options with index in [5] are selected on object 'Object Repository/GRN/Page_KDMC - CMS/select_JanFebMarAprMayJunJulAu'

2018-05-11 11:01:37 - [MESSAGE][PASSED] - All options with index in [5] are selected on object 'Object Repository/GRN/Page_KDMC - CMS/select_JanFebMarAprMayJunJulAu'

2018-05-11 11:01:37 - [TEST_STEP][PASSED] - click: Object: 'Object Repository/MOH AND GRN/Page_KDMC - CMS/a_12' is clicked on

2018-05-11 11:01:43 - [MESSAGE][PASSED] - Object: 'Object Repository/MOH AND GRN/Page_KDMC - CMS/a_12' is clicked on

2018-05-11 11:01:43 - [TEST_STEP][PASSED] - click: Object: 'Object Repository/MOH AND GRN/Page_KDMC - CMS/input_btnadd' is clicked on

2018-05-11 11:01:48 - [MESSAGE][PASSED] - Object: 'Object Repository/MOH AND GRN/Page_KDMC - CMS/input_btnadd' is clicked on

2018-05-11 11:01:48 - [TEST_STEP][PASSED] - Statement - If (s == 10): null

2018-05-11 11:01:48 - [TEST_STEP][PASSED] - Statement - Else: null

2018-05-11 11:01:48 - [TEST_STEP][PASSED] - Statement - (s++): null

2018-05-11 11:01:48 - [TEST_STEP][PASSED] - delay: Delayed 1 second(s)

2018-05-11 11:01:49 - [MESSAGE][PASSED] - Delayed 1 second(s)

2018-05-11 11:01:49 - [TEST_STEP][PASSED] - selectOptionByIndex: All options with index in [36] are selected on object 'Object Repository/MOH AND GRN/Page_KDMC - CMS/select_--Select--Amikacin -500'

2018-05-11 11:01:49 - [MESSAGE][PASSED] - All options with index in [36] are selected on object 'Object Repository/MOH AND GRN/Page_KDMC - CMS/select_--Select--Amikacin -500'

2018-05-11 11:01:49 - [TEST_STEP][PASSED] - setText: Text '5000' is set on object 'Object Repository/MOH AND GRN/Page_KDMC - CMS/input_txtqty'

2018-05-11 11:01:49 - [MESSAGE][PASSED] - Text '5000' is set on object 'Object Repository/MOH AND GRN/Page_KDMC - CMS/input_txtqty'

2018-05-11 11:01:49 - [TEST_STEP][PASSED] - selectOptionByIndex: All options with index in [1] are selected on object 'Object Repository/MOH AND GRN/Page_KDMC - CMS/select_--Select--No Tax0'

2018-05-11 11:01:49 - [MESSAGE][PASSED] - All options with index in [1] are selected on object 'Object Repository/MOH AND GRN/Page_KDMC - CMS/select_--Select--No Tax0'

2018-05-11 11:01:49 - [TEST_STEP][PASSED] - setText: Finding Test Object with id 'Object Repository/MOH AND GRN/Page_KDMC - CMS/input_txtmrp'

2018-05-11 11:01:49 - [TEST_STEP][PASSED] - Statement - switch (id): Finding Test Object with id 'Object Repository/MOH AND GRN/Page_KDMC - CMS/input_txtdeal'

2018-05-11 11:01:49 - [TEST_STEP][PASSED] - Statement - case 4:: Text '22.0' is set on object 'Object Repository/MOH AND GRN/Page_KDMC - CMS/input_txtmrp'

2018-05-11 11:01:49 - [TEST_STEP][PASSED] - Statement - return (java.lang.Math.floor((java.lang.Math.random() * ((max - min) + 1))) + min): Text '22.0' is set on object 'Object Repository/MOH AND GRN/Page_KDMC - CMS/input_txtmrp'

2018-05-11 11:01:50 - [MESSAGE][PASSED] - Text '22.0' is set on object 'Object Repository/MOH AND GRN/Page_KDMC - CMS/input_txtmrp'

2018-05-11 11:01:50 - [TEST_STEP][PASSED] - setText: Finding Test Object with id 'Object Repository/MOH AND GRN/Page_KDMC - CMS/input_txtdeal'

2018-05-11 11:01:50 - [TEST_STEP][PASSED] - Statement - switch (id): Finding Test Object with id 'Object Repository/MOH AND GRN/Page_KDMC - CMS/input_txtbatchno'

2018-05-11 11:01:50 - [TEST_STEP][PASSED] - Statement - case 5:: Text '2.0' is set on object 'Object Repository/MOH AND GRN/Page_KDMC - CMS/input_txtdeal'

2018-05-11 11:01:50 - [TEST_STEP][PASSED] - Statement - return (java.lang.Math.floor((java.lang.Math.random() * ((max - min) + 1))) + min): Text '2.0' is set on object 'Object Repository/MOH AND GRN/Page_KDMC - CMS/input_txtdeal'

2018-05-11 11:01:50 - [MESSAGE][PASSED] - Text '2.0' is set on object 'Object Repository/MOH AND GRN/Page_KDMC - CMS/input_txtdeal'

2018-05-11 11:01:50 - [TEST_STEP][PASSED] - setText: Finding Test Object with id 'Object Repository/MOH AND GRN/Page_KDMC - CMS/input_txtbatchno'

2018-05-11 11:01:50 - [TEST_STEP][PASSED] - Statement - switch (id): Finding Test Object with id 'Object Repository/MOH AND GRN/Page_KDMC - CMS/input_txtmrp'

2018-05-11 11:01:50 - [TEST_STEP][PASSED] - Statement - case 1:: Text 'BA865.0' is set on object 'Object Repository/MOH AND GRN/Page_KDMC - CMS/input_txtbatchno'

2018-05-11 11:01:50 - [TEST_STEP][PASSED] - Statement - return (java.lang.Math.floor((java.lang.Math.random() * ((max - min) + 1))) + min): Text 'BA865.0' is set on object 'Object Repository/MOH AND GRN/Page_KDMC - CMS/input_txtbatchno'

2018-05-11 11:01:50 - [MESSAGE][PASSED] - Text 'BA865.0' is set on object 'Object Repository/MOH AND GRN/Page_KDMC - CMS/input_txtbatchno'

2018-05-11 11:01:50 - [TEST_STEP][PASSED] - rightClick: Object: 'Object Repository/GRN/Page_KDMC - CMS/input_txtexpdate' is right clicked on

2018-05-11 11:02:00 - [MESSAGE][PASSED] - Object: 'Object Repository/GRN/Page_KDMC - CMS/input_txtexpdate' is right clicked on

2018-05-11 11:02:00 - [TEST_STEP][PASSED] - selectOptionByIndex: All options with index in [6] are selected on object 'Object Repository/GRN/Page_KDMC - CMS/select_20182019202020212022202'

2018-05-11 11:02:00 - [MESSAGE][PASSED] - All options with index in [6] are selected on object 'Object Repository/GRN/Page_KDMC - CMS/select_20182019202020212022202'

2018-05-11 11:02:00 - [TEST_STEP][PASSED] - selectOptionByIndex: All options with index in [6] are selected on object 'Object Repository/GRN/Page_KDMC - CMS/select_JanFebMarAprMayJunJulAu'

2018-05-11 11:02:00 - [MESSAGE][PASSED] - All options with index in [6] are selected on object 'Object Repository/GRN/Page_KDMC - CMS/select_JanFebMarAprMayJunJulAu'

2018-05-11 11:02:00 - [TEST_STEP][PASSED] - click: Object: 'Object Repository/MOH AND GRN/Page_KDMC - CMS/a_12' is clicked on

2018-05-11 11:02:05 - [MESSAGE][PASSED] - Object: 'Object Repository/MOH AND GRN/Page_KDMC - CMS/a_12' is clicked on

2018-05-11 11:02:05 - [TEST_STEP][PASSED] - click: Object: 'Object Repository/MOH AND GRN/Page_KDMC - CMS/input_btnadd' is clicked on

2018-05-11 11:02:11 - [MESSAGE][PASSED] - Object: 'Object Repository/MOH AND GRN/Page_KDMC - CMS/input_btnadd' is clicked on

2018-05-11 11:02:11 - [TEST_STEP][PASSED] - Statement - If (s == 10): null

2018-05-11 11:02:11 - [TEST_STEP][PASSED] - Statement - Else: null

2018-05-11 11:02:11 - [TEST_STEP][PASSED] - Statement - (s++): null

2018-05-11 11:02:11 - [TEST_STEP][PASSED] - delay: Delayed 1 second(s)

2018-05-11 11:02:12 - [MESSAGE][PASSED] - Delayed 1 second(s)

2018-05-11 11:02:12 - [TEST_STEP][PASSED] - selectOptionByIndex: All options with index in [37] are selected on object 'Object Repository/MOH AND GRN/Page_KDMC - CMS/select_--Select--Amikacin -500'

2018-05-11 11:02:12 - [MESSAGE][PASSED] - All options with index in [37] are selected on object 'Object Repository/MOH AND GRN/Page_KDMC - CMS/select_--Select--Amikacin -500'

2018-05-11 11:02:12 - [TEST_STEP][PASSED] - setText: Text '5000' is set on object 'Object Repository/MOH AND GRN/Page_KDMC - CMS/input_txtqty'

2018-05-11 11:02:12 - [MESSAGE][PASSED] - Text '5000' is set on object 'Object Repository/MOH AND GRN/Page_KDMC - CMS/input_txtqty'

2018-05-11 11:02:12 - [TEST_STEP][PASSED] - selectOptionByIndex: All options with index in [1] are selected on object 'Object Repository/MOH AND GRN/Page_KDMC - CMS/select_--Select--No Tax0'

2018-05-11 11:02:12 - [MESSAGE][PASSED] - All options with index in [1] are selected on object 'Object Repository/MOH AND GRN/Page_KDMC - CMS/select_--Select--No Tax0'

2018-05-11 11:02:12 - [TEST_STEP][PASSED] - setText: Finding Test Object with id 'Object Repository/MOH AND GRN/Page_KDMC - CMS/input_txtmrp'

2018-05-11 11:02:12 - [TEST_STEP][PASSED] - Statement - switch (id): Finding Test Object with id 'Object Repository/MOH AND GRN/Page_KDMC - CMS/input_txtdeal'

2018-05-11 11:02:12 - [TEST_STEP][PASSED] - Statement - case 4:: Text '17.0' is set on object 'Object Repository/MOH AND GRN/Page_KDMC - CMS/input_txtmrp'

2018-05-11 11:02:12 - [TEST_STEP][PASSED] - Statement - return (java.lang.Math.floor((java.lang.Math.random() * ((max - min) + 1))) + min): Text '17.0' is set on object 'Object Repository/MOH AND GRN/Page_KDMC - CMS/input_txtmrp'

2018-05-11 11:02:12 - [MESSAGE][PASSED] - Text '17.0' is set on object 'Object Repository/MOH AND GRN/Page_KDMC - CMS/input_txtmrp'

2018-05-11 11:02:12 - [TEST_STEP][PASSED] - setText: Finding Test Object with id 'Object Repository/MOH AND GRN/Page_KDMC - CMS/input_txtdeal'

2018-05-11 11:02:12 - [TEST_STEP][PASSED] - Statement - switch (id): Finding Test Object with id 'Object Repository/MOH AND GRN/Page_KDMC - CMS/input_txtbatchno'

2018-05-11 11:02:12 - [TEST_STEP][PASSED] - Statement - case 5:: Text '8.0' is set on object 'Object Repository/MOH AND GRN/Page_KDMC - CMS/input_txtdeal'

2018-05-11 11:02:12 - [TEST_STEP][PASSED] - Statement - return (java.lang.Math.floor((java.lang.Math.random() * ((max - min) + 1))) + min): Text '8.0' is set on object 'Object Repository/MOH AND GRN/Page_KDMC - CMS/input_txtdeal'

2018-05-11 11:02:13 - [MESSAGE][PASSED] - Text '8.0' is set on object 'Object Repository/MOH AND GRN/Page_KDMC - CMS/input_txtdeal'

2018-05-11 11:02:13 - [TEST_STEP][PASSED] - setText: Finding Test Object with id 'Object Repository/MOH AND GRN/Page_KDMC - CMS/input_txtbatchno'

2018-05-11 11:02:13 - [TEST_STEP][PASSED] - Statement - switch (id): Finding Test Object with id 'Object Repository/MOH AND GRN/Page_KDMC - CMS/input_txtmrp'

2018-05-11 11:02:13 - [TEST_STEP][PASSED] - Statement - case 1:: Text 'BA351.0' is set on object 'Object Repository/MOH AND GRN/Page_KDMC - CMS/input_txtbatchno'

2018-05-11 11:02:13 - [TEST_STEP][PASSED] - Statement - return (java.lang.Math.floor((java.lang.Math.random() * ((max - min) + 1))) + min): Text 'BA351.0' is set on object 'Object Repository/MOH AND GRN/Page_KDMC - CMS/input_txtbatchno'

2018-05-11 11:02:13 - [MESSAGE][PASSED] - Text 'BA351.0' is set on object 'Object Repository/MOH AND GRN/Page_KDMC - CMS/input_txtbatchno'

2018-05-11 11:02:13 - [TEST_STEP][PASSED] - rightClick: Object: 'Object Repository/GRN/Page_KDMC - CMS/input_txtexpdate' is right clicked on

2018-05-11 11:02:23 - [MESSAGE][PASSED] - Object: 'Object Repository/GRN/Page_KDMC - CMS/input_txtexpdate' is right clicked on

2018-05-11 11:02:23 - [TEST_STEP][PASSED] - selectOptionByIndex: All options with index in [7] are selected on object 'Object Repository/GRN/Page_KDMC - CMS/select_20182019202020212022202'

2018-05-11 11:02:23 - [MESSAGE][PASSED] - All options with index in [7] are selected on object 'Object Repository/GRN/Page_KDMC - CMS/select_20182019202020212022202'

2018-05-11 11:02:23 - [TEST_STEP][PASSED] - selectOptionByIndex: All options with index in [7] are selected on object 'Object Repository/GRN/Page_KDMC - CMS/select_JanFebMarAprMayJunJulAu'

2018-05-11 11:02:23 - [MESSAGE][PASSED] - All options with index in [7] are selected on object 'Object Repository/GRN/Page_KDMC - CMS/select_JanFebMarAprMayJunJulAu'

2018-05-11 11:02:23 - [TEST_STEP][PASSED] - click: Object: 'Object Repository/MOH AND GRN/Page_KDMC - CMS/a_12' is clicked on

2018-05-11 11:02:28 - [MESSAGE][PASSED] - Object: 'Object Repository/MOH AND GRN/Page_KDMC - CMS/a_12' is clicked on

2018-05-11 11:02:28 - [TEST_STEP][PASSED] - click: Object: 'Object Repository/MOH AND GRN/Page_KDMC - CMS/input_btnadd' is clicked on

2018-05-11 11:02:33 - [MESSAGE][PASSED] - Object: 'Object Repository/MOH AND GRN/Page_KDMC - CMS/input_btnadd' is clicked on

2018-05-11 11:02:33 - [TEST_STEP][PASSED] - Statement - If (s == 10): null

2018-05-11 11:02:33 - [TEST_STEP][PASSED] - Statement - Else: null

2018-05-11 11:02:33 - [TEST_STEP][PASSED] - Statement - (s++): null

2018-05-11 11:02:33 - [TEST_STEP][PASSED] - delay: Delayed 1 second(s)

2018-05-11 11:02:34 - [MESSAGE][PASSED] - Delayed 1 second(s)

2018-05-11 11:02:34 - [TEST_STEP][PASSED] - selectOptionByIndex: All options with index in [38] are selected on object 'Object Repository/MOH AND GRN/Page_KDMC - CMS/select_--Select--Amikacin -500'

2018-05-11 11:02:35 - [MESSAGE][PASSED] - All options with index in [38] are selected on object 'Object Repository/MOH AND GRN/Page_KDMC - CMS/select_--Select--Amikacin -500'

2018-05-11 11:02:35 - [TEST_STEP][PASSED] - setText: Text '5000' is set on object 'Object Repository/MOH AND GRN/Page_KDMC - CMS/input_txtqty'

2018-05-11 11:02:35 - [MESSAGE][PASSED] - Text '5000' is set on object 'Object Repository/MOH AND GRN/Page_KDMC - CMS/input_txtqty'

2018-05-11 11:02:35 - [TEST_STEP][PASSED] - selectOptionByIndex: All options with index in [1] are selected on object 'Object Repository/MOH AND GRN/Page_KDMC - CMS/select_--Select--No Tax0'

2018-05-11 11:02:35 - [MESSAGE][PASSED] - All options with index in [1] are selected on object 'Object Repository/MOH AND GRN/Page_KDMC - CMS/select_--Select--No Tax0'

2018-05-11 11:02:35 - [TEST_STEP][PASSED] - setText: Finding Test Object with id 'Object Repository/MOH AND GRN/Page_KDMC - CMS/input_txtmrp'

2018-05-11 11:02:35 - [TEST_STEP][PASSED] - Statement - switch (id): Finding Test Object with id 'Object Repository/MOH AND GRN/Page_KDMC - CMS/input_txtdeal'

2018-05-11 11:02:35 - [TEST_STEP][PASSED] - Statement - case 4:: Text '44.0' is set on object 'Object Repository/MOH AND GRN/Page_KDMC - CMS/input_txtmrp'

2018-05-11 11:02:35 - [TEST_STEP][PASSED] - Statement - return (java.lang.Math.floor((java.lang.Math.random() * ((max - min) + 1))) + min): Text '44.0' is set on object 'Object Repository/MOH AND GRN/Page_KDMC - CMS/input_txtmrp'

2018-05-11 11:02:35 - [MESSAGE][PASSED] - Text '44.0' is set on object 'Object Repository/MOH AND GRN/Page_KDMC - CMS/input_txtmrp'

2018-05-11 11:02:35 - [TEST_STEP][PASSED] - setText: Finding Test Object with id 'Object Repository/MOH AND GRN/Page_KDMC - CMS/input_txtdeal'

2018-05-11 11:02:35 - [TEST_STEP][PASSED] - Statement - switch (id): Finding Test Object with id 'Object Repository/MOH AND GRN/Page_KDMC - CMS/input_txtbatchno'

2018-05-11 11:02:35 - [TEST_STEP][PASSED] - Statement - case 5:: Text '7.0' is set on object 'Object Repository/MOH AND GRN/Page_KDMC - CMS/input_txtdeal'

2018-05-11 11:02:35 - [TEST_STEP][PASSED] - Statement - return (java.lang.Math.floor((java.lang.Math.random() * ((max - min) + 1))) + min): Text '7.0' is set on object 'Object Repository/MOH AND GRN/Page_KDMC - CMS/input_txtdeal'

2018-05-11 11:02:35 - [MESSAGE][PASSED] - Text '7.0' is set on object 'Object Repository/MOH AND GRN/Page_KDMC - CMS/input_txtdeal'

2018-05-11 11:02:35 - [TEST_STEP][PASSED] - setText: Finding Test Object with id 'Object Repository/MOH AND GRN/Page_KDMC - CMS/input_txtbatchno'

2018-05-11 11:02:35 - [TEST_STEP][PASSED] - Statement - switch (id): Finding Test Object with id 'Object Repository/MOH AND GRN/Page_KDMC - CMS/input_txtmrp'

2018-05-11 11:02:35 - [TEST_STEP][PASSED] - Statement - case 1:: Text 'BA857.0' is set on object 'Object Repository/MOH AND GRN/Page_KDMC - CMS/input_txtbatchno'

2018-05-11 11:02:35 - [TEST_STEP][PASSED] - Statement - return (java.lang.Math.floor((java.lang.Math.random() * ((max - min) + 1))) + min): Text 'BA857.0' is set on object 'Object Repository/MOH AND GRN/Page_KDMC - CMS/input_txtbatchno'

2018-05-11 11:02:36 - [MESSAGE][PASSED] - Text 'BA857.0' is set on object 'Object Repository/MOH AND GRN/Page_KDMC - CMS/input_txtbatchno'

2018-05-11 11:02:36 - [TEST_STEP][PASSED] - rightClick: Object: 'Object Repository/GRN/Page_KDMC - CMS/input_txtexpdate' is right clicked on

2018-05-11 11:02:46 - [MESSAGE][PASSED] - Object: 'Object Repository/GRN/Page_KDMC - CMS/input_txtexpdate' is right clicked on

2018-05-11 11:02:46 - [TEST_STEP][PASSED] - selectOptionByIndex: All options with index in [8] are selected on object 'Object Repository/GRN/Page_KDMC - CMS/select_20182019202020212022202'

2018-05-11 11:02:46 - [MESSAGE][PASSED] - All options with index in [8] are selected on object 'Object Repository/GRN/Page_KDMC - CMS/select_20182019202020212022202'

2018-05-11 11:02:46 - [TEST_STEP][PASSED] - selectOptionByIndex: All options with index in [8] are selected on object 'Object Repository/GRN/Page_KDMC - CMS/select_JanFebMarAprMayJunJulAu'

2018-05-11 11:02:46 - [MESSAGE][PASSED] - All options with index in [8] are selected on object 'Object Repository/GRN/Page_KDMC - CMS/select_JanFebMarAprMayJunJulAu'

2018-05-11 11:02:46 - [TEST_STEP][PASSED] - click: Object: 'Object Repository/MOH AND GRN/Page_KDMC - CMS/a_12' is clicked on

2018-05-11 11:02:51 - [MESSAGE][PASSED] - Object: 'Object Repository/MOH AND GRN/Page_KDMC - CMS/a_12' is clicked on

2018-05-11 11:02:51 - [TEST_STEP][PASSED] - click: Object: 'Object Repository/MOH AND GRN/Page_KDMC - CMS/input_btnadd' is clicked on

2018-05-11 11:02:56 - [MESSAGE][PASSED] - Object: 'Object Repository/MOH AND GRN/Page_KDMC - CMS/input_btnadd' is clicked on

2018-05-11 11:02:56 - [TEST_STEP][PASSED] - Statement - If (s == 10): null

2018-05-11 11:02:56 - [TEST_STEP][PASSED] - Statement - Else: null

2018-05-11 11:02:56 - [TEST_STEP][PASSED] - Statement - (s++): null

2018-05-11 11:02:56 - [TEST_STEP][PASSED] - delay: Delayed 1 second(s)

2018-05-11 11:02:57 - [MESSAGE][PASSED] - Delayed 1 second(s)

2018-05-11 11:02:57 - [TEST_STEP][PASSED] - selectOptionByIndex: All options with index in [39] are selected on object 'Object Repository/MOH AND GRN/Page_KDMC - CMS/select_--Select--Amikacin -500'

2018-05-11 11:02:58 - [MESSAGE][PASSED] - All options with index in [39] are selected on object 'Object Repository/MOH AND GRN/Page_KDMC - CMS/select_--Select--Amikacin -500'

2018-05-11 11:02:58 - [TEST_STEP][PASSED] - setText: Text '5000' is set on object 'Object Repository/MOH AND GRN/Page_KDMC - CMS/input_txtqty'

2018-05-11 11:02:58 - [MESSAGE][PASSED] - Text '5000' is set on object 'Object Repository/MOH AND GRN/Page_KDMC - CMS/input_txtqty'

2018-05-11 11:02:58 - [TEST_STEP][PASSED] - selectOptionByIndex: All options with index in [1] are selected on object 'Object Repository/MOH AND GRN/Page_KDMC - CMS/select_--Select--No Tax0'

2018-05-11 11:02:58 - [MESSAGE][PASSED] - All options with index in [1] are selected on object 'Object Repository/MOH AND GRN/Page_KDMC - CMS/select_--Select--No Tax0'

2018-05-11 11:02:58 - [TEST_STEP][PASSED] - setText: Finding Test Object with id 'Object Repository/MOH AND GRN/Page_KDMC - CMS/input_txtmrp'

2018-05-11 11:02:58 - [TEST_STEP][PASSED] - Statement - switch (id): Finding Test Object with id 'Object Repository/MOH AND GRN/Page_KDMC - CMS/input_txtdeal'

2018-05-11 11:02:58 - [TEST_STEP][PASSED] - Statement - case 4:: Text '28.0' is set on object 'Object Repository/MOH AND GRN/Page_KDMC - CMS/input_txtmrp'

2018-05-11 11:02:58 - [TEST_STEP][PASSED] - Statement - return (java.lang.Math.floor((java.lang.Math.random() * ((max - min) + 1))) + min): Text '28.0' is set on object 'Object Repository/MOH AND GRN/Page_KDMC - CMS/input_txtmrp'

2018-05-11 11:02:58 - [MESSAGE][PASSED] - Text '28.0' is set on object 'Object Repository/MOH AND GRN/Page_KDMC - CMS/input_txtmrp'

2018-05-11 11:02:58 - [TEST_STEP][PASSED] - setText: Finding Test Object with id 'Object Repository/MOH AND GRN/Page_KDMC - CMS/input_txtdeal'

2018-05-11 11:02:58 - [TEST_STEP][PASSED] - Statement - switch (id): Finding Test Object with id 'Object Repository/MOH AND GRN/Page_KDMC - CMS/input_txtbatchno'

2018-05-11 11:02:58 - [TEST_STEP][PASSED] - Statement - case 5:: Text '6.0' is set on object 'Object Repository/MOH AND GRN/Page_KDMC - CMS/input_txtdeal'

2018-05-11 11:02:58 - [TEST_STEP][PASSED] - Statement - return (java.lang.Math.floor((java.lang.Math.random() * ((max - min) + 1))) + min): Text '6.0' is set on object 'Object Repository/MOH AND GRN/Page_KDMC - CMS/input_txtdeal'

2018-05-11 11:02:58 - [MESSAGE][PASSED] - Text '6.0' is set on object 'Object Repository/MOH AND GRN/Page_KDMC - CMS/input_txtdeal'

2018-05-11 11:02:58 - [TEST_STEP][PASSED] - setText: Finding Test Object with id 'Object Repository/MOH AND GRN/Page_KDMC - CMS/input_txtbatchno'

2018-05-11 11:02:58 - [TEST_STEP][PASSED] - Statement - switch (id): Finding Test Object with id 'Object Repository/MOH AND GRN/Page_KDMC - CMS/input_txtmrp'

2018-05-11 11:02:58 - [TEST_STEP][PASSED] - Statement - case 1:: Text 'BA647.0' is set on object 'Object Repository/MOH AND GRN/Page_KDMC - CMS/input_txtbatchno'

2018-05-11 11:02:58 - [TEST_STEP][PASSED] - Statement - return (java.lang.Math.floor((java.lang.Math.random() * ((max - min) + 1))) + min): Text 'BA647.0' is set on object 'Object Repository/MOH AND GRN/Page_KDMC - CMS/input_txtbatchno'

2018-05-11 11:02:58 - [MESSAGE][PASSED] - Text 'BA647.0' is set on object 'Object Repository/MOH AND GRN/Page_KDMC - CMS/input_txtbatchno'

2018-05-11 11:02:58 - [TEST_STEP][PASSED] - rightClick: Object: 'Object Repository/GRN/Page_KDMC - CMS/input_txtexpdate' is right clicked on

2018-05-11 11:03:09 - [MESSAGE][PASSED] - Object: 'Object Repository/GRN/Page_KDMC - CMS/input_txtexpdate' is right clicked on

2018-05-11 11:03:09 - [TEST_STEP][PASSED] - selectOptionByIndex: All options with index in [9] are selected on object 'Object Repository/GRN/Page_KDMC - CMS/select_20182019202020212022202'

2018-05-11 11:03:09 - [MESSAGE][PASSED] - All options with index in [9] are selected on object 'Object Repository/GRN/Page_KDMC - CMS/select_20182019202020212022202'

2018-05-11 11:03:09 - [TEST_STEP][PASSED] - selectOptionByIndex: All options with index in [9] are selected on object 'Object Repository/GRN/Page_KDMC - CMS/select_JanFebMarAprMayJunJulAu'

2018-05-11 11:03:09 - [MESSAGE][PASSED] - All options with index in [9] are selected on object 'Object Repository/GRN/Page_KDMC - CMS/select_JanFebMarAprMayJunJulAu'

2018-05-11 11:03:09 - [TEST_STEP][PASSED] - click: Object: 'Object Repository/MOH AND GRN/Page_KDMC - CMS/a_12' is clicked on

2018-05-11 11:03:14 - [MESSAGE][PASSED] - Object: 'Object Repository/MOH AND GRN/Page_KDMC - CMS/a_12' is clicked on

2018-05-11 11:03:14 - [TEST_STEP][PASSED] - click: Object: 'Object Repository/MOH AND GRN/Page_KDMC - CMS/input_btnadd' is clicked on

2018-05-11 11:03:17 - [MESSAGE][PASSED] - Object: 'Object Repository/MOH AND GRN/Page_KDMC - CMS/input_btnadd' is clicked on

2018-05-11 11:03:17 - [TEST_STEP][PASSED] - Statement - If (s == 10): null

2018-05-11 11:03:17 - [TEST_STEP][PASSED] - Statement - Else: null

2018-05-11 11:03:17 - [TEST_STEP][PASSED] - Statement - (s++): null

2018-05-11 11:03:17 - [TEST_STEP][PASSED] - delay: Delayed 1 second(s)

2018-05-11 11:03:18 - [MESSAGE][PASSED] - Delayed 1 second(s)

2018-05-11 11:03:18 - [TEST_STEP][PASSED] - selectOptionByIndex: All options with index in [40] are selected on object 'Object Repository/MOH AND GRN/Page_KDMC - CMS/select_--Select--Amikacin -500'

2018-05-11 11:03:19 - [MESSAGE][PASSED] - All options with index in [40] are selected on object 'Object Repository/MOH AND GRN/Page_KDMC - CMS/select_--Select--Amikacin -500'

2018-05-11 11:03:19 - [TEST_STEP][PASSED] - setText: Text '5000' is set on object 'Object Repository/MOH AND GRN/Page_KDMC - CMS/input_txtqty'

2018-05-11 11:03:19 - [MESSAGE][PASSED] - Text '5000' is set on object 'Object Repository/MOH AND GRN/Page_KDMC - CMS/input_txtqty'

2018-05-11 11:03:19 - [TEST_STEP][PASSED] - selectOptionByIndex: All options with index in [1] are selected on object 'Object Repository/MOH AND GRN/Page_KDMC - CMS/select_--Select--No Tax0'

2018-05-11 11:03:19 - [MESSAGE][PASSED] - All options with index in [1] are selected on object 'Object Repository/MOH AND GRN/Page_KDMC - CMS/select_--Select--No Tax0'

2018-05-11 11:03:19 - [TEST_STEP][PASSED] - setText: Finding Test Object with id 'Object Repository/MOH AND GRN/Page_KDMC - CMS/input_txtmrp'

2018-05-11 11:03:19 - [TEST_STEP][PASSED] - Statement - switch (id): Finding Test Object with id 'Object Repository/MOH AND GRN/Page_KDMC - CMS/input_txtdeal'

2018-05-11 11:03:19 - [TEST_STEP][PASSED] - Statement - case 4:: Text '30.0' is set on object 'Object Repository/MOH AND GRN/Page_KDMC - CMS/input_txtmrp'

2018-05-11 11:03:19 - [TEST_STEP][PASSED] - Statement - return (java.lang.Math.floor((java.lang.Math.random() * ((max - min) + 1))) + min): Text '30.0' is set on object 'Object Repository/MOH AND GRN/Page_KDMC - CMS/input_txtmrp'

2018-05-11 11:03:19 - [MESSAGE][PASSED] - Text '30.0' is set on object 'Object Repository/MOH AND GRN/Page_KDMC - CMS/input_txtmrp'

2018-05-11 11:03:19 - [TEST_STEP][PASSED] - setText: Finding Test Object with id 'Object Repository/MOH AND GRN/Page_KDMC - CMS/input_txtdeal'

2018-05-11 11:03:19 - [TEST_STEP][PASSED] - Statement - switch (id): Finding Test Object with id 'Object Repository/MOH AND GRN/Page_KDMC - CMS/input_txtbatchno'

2018-05-11 11:03:19 - [TEST_STEP][PASSED] - Statement - case 5:: Text '10.0' is set on object 'Object Repository/MOH AND GRN/Page_KDMC - CMS/input_txtdeal'

2018-05-11 11:03:19 - [TEST_STEP][PASSED] - Statement - return (java.lang.Math.floor((java.lang.Math.random() * ((max - min) + 1))) + min): Text '10.0' is set on object 'Object Repository/MOH AND GRN/Page_KDMC - CMS/input_txtdeal'

2018-05-11 11:03:19 - [MESSAGE][PASSED] - Text '10.0' is set on object 'Object Repository/MOH AND GRN/Page_KDMC - CMS/input_txtdeal'

2018-05-11 11:03:19 - [TEST_STEP][PASSED] - setText: Finding Test Object with id 'Object Repository/MOH AND GRN/Page_KDMC - CMS/input_txtbatchno'

2018-05-11 11:03:19 - [TEST_STEP][PASSED] - Statement - switch (id): Finding Test Object with id 'Object Repository/MOH AND GRN/Page_KDMC - CMS/input_txtmrp'

2018-05-11 11:03:19 - [TEST_STEP][PASSED] - Statement - case 1:: Text 'BA814.0' is set on object 'Object Repository/MOH AND GRN/Page_KDMC - CMS/input_txtbatchno'

2018-05-11 11:03:19 - [TEST_STEP][PASSED] - Statement - return (java.lang.Math.floor((java.lang.Math.random() * ((max - min) + 1))) + min): Text 'BA814.0' is set on object 'Object Repository/MOH AND GRN/Page_KDMC - CMS/input_txtbatchno'

2018-05-11 11:03:19 - [MESSAGE][PASSED] - Text 'BA814.0' is set on object 'Object Repository/MOH AND GRN/Page_KDMC - CMS/input_txtbatchno'

2018-05-11 11:03:19 - [TEST_STEP][PASSED] - rightClick: Object: 'Object Repository/GRN/Page_KDMC - CMS/input_txtexpdate' is right clicked on

2018-05-11 11:03:19 - [MESSAGE][PASSED] - Object: 'Object Repository/GRN/Page_KDMC - CMS/input_txtexpdate' is right clicked on

2018-05-11 11:03:19 - [TEST_STEP][PASSED] - selectOptionByIndex: All options with index in [10] are selected on object 'Object Repository/GRN/Page_KDMC - CMS/select_20182019202020212022202'

2018-05-11 11:03:20 - [MESSAGE][PASSED] - All options with index in [10] are selected on object 'Object Repository/GRN/Page_KDMC - CMS/select_20182019202020212022202'

2018-05-11 11:03:20 - [TEST_STEP][PASSED] - selectOptionByIndex: All options with index in [10] are selected on object 'Object Repository/GRN/Page_KDMC - CMS/select_JanFebMarAprMayJunJulAu'

2018-05-11 11:03:20 - [MESSAGE][PASSED] - All options with index in [10] are selected on object 'Object Repository/GRN/Page_KDMC - CMS/select_JanFebMarAprMayJunJulAu'

2018-05-11 11:03:20 - [TEST_STEP][PASSED] - click: Object: 'Object Repository/MOH AND GRN/Page_KDMC - CMS/a_12' is clicked on

2018-05-11 11:03:20 - [MESSAGE][PASSED] - Object: 'Object Repository/MOH AND GRN/Page_KDMC - CMS/a_12' is clicked on

2018-05-11 11:03:20 - [TEST_STEP][PASSED] - click: Object: 'Object Repository/MOH AND GRN/Page_KDMC - CMS/input_btnadd' is clicked on

2018-05-11 11:03:20 - [MESSAGE][PASSED] - Object: 'Object Repository/MOH AND GRN/Page_KDMC - CMS/input_btnadd' is clicked on

2018-05-11 11:03:20 - [TEST_STEP][PASSED] - Statement - If (s == 10): null

2018-05-11 11:03:20 - [TEST_STEP][PASSED] - Statement - s = 1: null

2018-05-11 11:03:20 - [TEST_STEP][PASSED] - delay: Delayed 1 second(s)

2018-05-11 11:03:21 - [MESSAGE][PASSED] - Delayed 1 second(s)

2018-05-11 11:03:21 - [TEST_STEP][PASSED] - selectOptionByIndex: All options with index in [41] are selected on object 'Object Repository/MOH AND GRN/Page_KDMC - CMS/select_--Select--Amikacin -500'

2018-05-11 11:03:22 - [MESSAGE][PASSED] - All options with index in [41] are selected on object 'Object Repository/MOH AND GRN/Page_KDMC - CMS/select_--Select--Amikacin -500'

2018-05-11 11:03:22 - [TEST_STEP][PASSED] - setText: Text '5000' is set on object 'Object Repository/MOH AND GRN/Page_KDMC - CMS/input_txtqty'

2018-05-11 11:03:22 - [MESSAGE][PASSED] - Text '5000' is set on object 'Object Repository/MOH AND GRN/Page_KDMC - CMS/input_txtqty'

2018-05-11 11:03:22 - [TEST_STEP][PASSED] - selectOptionByIndex: All options with index in [1] are selected on object 'Object Repository/MOH AND GRN/Page_KDMC - CMS/select_--Select--No Tax0'

2018-05-11 11:03:22 - [MESSAGE][PASSED] - All options with index in [1] are selected on object 'Object Repository/MOH AND GRN/Page_KDMC - CMS/select_--Select--No Tax0'

2018-05-11 11:03:22 - [TEST_STEP][PASSED] - setText: Finding Test Object with id 'Object Repository/MOH AND GRN/Page_KDMC - CMS/input_txtmrp'

2018-05-11 11:03:22 - [TEST_STEP][PASSED] - Statement - switch (id): Finding Test Object with id 'Object Repository/MOH AND GRN/Page_KDMC - CMS/input_txtdeal'

2018-05-11 11:03:22 - [TEST_STEP][PASSED] - Statement - case 4:: Text '24.0' is set on object 'Object Repository/MOH AND GRN/Page_KDMC - CMS/input_txtmrp'

2018-05-11 11:03:22 - [TEST_STEP][PASSED] - Statement - return (java.lang.Math.floor((java.lang.Math.random() * ((max - min) + 1))) + min): Text '24.0' is set on object 'Object Repository/MOH AND GRN/Page_KDMC - CMS/input_txtmrp'

2018-05-11 11:03:22 - [MESSAGE][PASSED] - Text '24.0' is set on object 'Object Repository/MOH AND GRN/Page_KDMC - CMS/input_txtmrp'

2018-05-11 11:03:22 - [TEST_STEP][PASSED] - setText: Finding Test Object with id 'Object Repository/MOH AND GRN/Page_KDMC - CMS/input_txtdeal'

2018-05-11 11:03:22 - [TEST_STEP][PASSED] - Statement - switch (id): Finding Test Object with id 'Object Repository/MOH AND GRN/Page_KDMC - CMS/input_txtbatchno'

2018-05-11 11:03:22 - [TEST_STEP][PASSED] - Statement - case 5:: Text '1.0' is set on object 'Object Repository/MOH AND GRN/Page_KDMC - CMS/input_txtdeal'

2018-05-11 11:03:22 - [TEST_STEP][PASSED] - Statement - return (java.lang.Math.floor((java.lang.Math.random() * ((max - min) + 1))) + min): Text '1.0' is set on object 'Object Repository/MOH AND GRN/Page_KDMC - CMS/input_txtdeal'

2018-05-11 11:03:22 - [MESSAGE][PASSED] - Text '1.0' is set on object 'Object Repository/MOH AND GRN/Page_KDMC - CMS/input_txtdeal'

2018-05-11 11:03:22 - [TEST_STEP][PASSED] - setText: Finding Test Object with id 'Object Repository/MOH AND GRN/Page_KDMC - CMS/input_txtbatchno'

2018-05-11 11:03:22 - [TEST_STEP][PASSED] - Statement - switch (id): Finding Test Object with id 'Object Repository/MOH AND GRN/Page_KDMC - CMS/input_txtmrp'

2018-05-11 11:03:22 - [TEST_STEP][PASSED] - Statement - case 1:: Text 'BA764.0' is set on object 'Object Repository/MOH AND GRN/Page_KDMC - CMS/input_txtbatchno'

2018-05-11 11:03:22 - [TEST_STEP][PASSED] - Statement - return (java.lang.Math.floor((java.lang.Math.random() * ((max - min) + 1))) + min): Text 'BA764.0' is set on object 'Object Repository/MOH AND GRN/Page_KDMC - CMS/input_txtbatchno'

2018-05-11 11:03:22 - [MESSAGE][PASSED] - Text 'BA764.0' is set on object 'Object Repository/MOH AND GRN/Page_KDMC - CMS/input_txtbatchno'

2018-05-11 11:03:22 - [TEST_STEP][PASSED] - rightClick: Object: 'Object Repository/GRN/Page_KDMC - CMS/input_txtexpdate' is right clicked on

2018-05-11 11:03:22 - [MESSAGE][PASSED] - Object: 'Object Repository/GRN/Page_KDMC - CMS/input_txtexpdate' is right clicked on

2018-05-11 11:03:22 - [TEST_STEP][PASSED] - selectOptionByIndex: All options with index in [1] are selected on object 'Object Repository/GRN/Page_KDMC - CMS/select_20182019202020212022202'

2018-05-11 11:03:22 - [MESSAGE][PASSED] - All options with index in [1] are selected on object 'Object Repository/GRN/Page_KDMC - CMS/select_20182019202020212022202'

2018-05-11 11:03:22 - [TEST_STEP][PASSED] - selectOptionByIndex: All options with index in [1] are selected on object 'Object Repository/GRN/Page_KDMC - CMS/select_JanFebMarAprMayJunJulAu'

2018-05-11 11:03:23 - [MESSAGE][PASSED] - All options with index in [1] are selected on object 'Object Repository/GRN/Page_KDMC - CMS/select_JanFebMarAprMayJunJulAu'

2018-05-11 11:03:23 - [TEST_STEP][PASSED] - click: Object: 'Object Repository/MOH AND GRN/Page_KDMC - CMS/a_12' is clicked on

2018-05-11 11:03:23 - [MESSAGE][PASSED] - Object: 'Object Repository/MOH AND GRN/Page_KDMC - CMS/a_12' is clicked on

2018-05-11 11:03:23 - [TEST_STEP][PASSED] - click: Object: 'Object Repository/MOH AND GRN/Page_KDMC - CMS/input_btnadd' is clicked on

2018-05-11 11:03:23 - [MESSAGE][PASSED] - Object: 'Object Repository/MOH AND GRN/Page_KDMC - CMS/input_btnadd' is clicked on

2018-05-11 11:03:23 - [TEST_STEP][PASSED] - Statement - If (s == 10): null

2018-05-11 11:03:23 - [TEST_STEP][PASSED] - Statement - Else: null

2018-05-11 11:03:23 - [TEST_STEP][PASSED] - Statement - (s++): null

2018-05-11 11:03:23 - [TEST_STEP][PASSED] - delay: Delayed 1 second(s)

2018-05-11 11:03:24 - [MESSAGE][PASSED] - Delayed 1 second(s)

2018-05-11 11:03:24 - [TEST_STEP][PASSED] - selectOptionByIndex: All options with index in [42] are selected on object 'Object Repository/MOH AND GRN/Page_KDMC - CMS/select_--Select--Amikacin -500'

2018-05-11 11:03:24 - [MESSAGE][PASSED] - All options with index in [42] are selected on object 'Object Repository/MOH AND GRN/Page_KDMC - CMS/select_--Select--Amikacin -500'

2018-05-11 11:03:24 - [TEST_STEP][PASSED] - setText: Text '5000' is set on object 'Object Repository/MOH AND GRN/Page_KDMC - CMS/input_txtqty'

2018-05-11 11:03:24 - [MESSAGE][PASSED] - Text '5000' is set on object 'Object Repository/MOH AND GRN/Page_KDMC - CMS/input_txtqty'

2018-05-11 11:03:24 - [TEST_STEP][PASSED] - selectOptionByIndex: All options with index in [1] are selected on object 'Object Repository/MOH AND GRN/Page_KDMC - CMS/select_--Select--No Tax0'

2018-05-11 11:03:25 - [MESSAGE][PASSED] - All options with index in [1] are selected on object 'Object Repository/MOH AND GRN/Page_KDMC - CMS/select_--Select--No Tax0'

2018-05-11 11:03:25 - [TEST_STEP][PASSED] - setText: Finding Test Object with id 'Object Repository/MOH AND GRN/Page_KDMC - CMS/input_txtmrp'

2018-05-11 11:03:25 - [TEST_STEP][PASSED] - Statement - switch (id): Finding Test Object with id 'Object Repository/MOH AND GRN/Page_KDMC - CMS/input_txtdeal'

2018-05-11 11:03:25 - [TEST_STEP][PASSED] - Statement - case 4:: Text '43.0' is set on object 'Object Repository/MOH AND GRN/Page_KDMC - CMS/input_txtmrp'

2018-05-11 11:03:25 - [TEST_STEP][PASSED] - Statement - return (java.lang.Math.floor((java.lang.Math.random() * ((max - min) + 1))) + min): Text '43.0' is set on object 'Object Repository/MOH AND GRN/Page_KDMC - CMS/input_txtmrp'

2018-05-11 11:03:25 - [MESSAGE][PASSED] - Text '43.0' is set on object 'Object Repository/MOH AND GRN/Page_KDMC - CMS/input_txtmrp'

2018-05-11 11:03:25 - [TEST_STEP][PASSED] - setText: Finding Test Object with id 'Object Repository/MOH AND GRN/Page_KDMC - CMS/input_txtdeal'

2018-05-11 11:03:25 - [TEST_STEP][PASSED] - Statement - switch (id): Finding Test Object with id 'Object Repository/MOH AND GRN/Page_KDMC - CMS/input_txtbatchno'

2018-05-11 11:03:25 - [TEST_STEP][PASSED] - Statement - case 5:: Text '4.0' is set on object 'Object Repository/MOH AND GRN/Page_KDMC - CMS/input_txtdeal'

2018-05-11 11:03:25 - [TEST_STEP][PASSED] - Statement - return (java.lang.Math.floor((java.lang.Math.random() * ((max - min) + 1))) + min): Text '4.0' is set on object 'Object Repository/MOH AND GRN/Page_KDMC - CMS/input_txtdeal'

2018-05-11 11:03:25 - [MESSAGE][PASSED] - Text '4.0' is set on object 'Object Repository/MOH AND GRN/Page_KDMC - CMS/input_txtdeal'

2018-05-11 11:03:25 - [TEST_STEP][PASSED] - setText: Finding Test Object with id 'Object Repository/MOH AND GRN/Page_KDMC - CMS/input_txtbatchno'

2018-05-11 11:03:25 - [TEST_STEP][PASSED] - Statement - switch (id): Finding Test Object with id 'Object Repository/MOH AND GRN/Page_KDMC - CMS/input_txtmrp'

2018-05-11 11:03:25 - [TEST_STEP][PASSED] - Statement - case 1:: Text 'BA836.0' is set on object 'Object Repository/MOH AND GRN/Page_KDMC - CMS/input_txtbatchno'

2018-05-11 11:03:25 - [TEST_STEP][PASSED] - Statement - return (java.lang.Math.floor((java.lang.Math.random() * ((max - min) + 1))) + min): Text 'BA836.0' is set on object 'Object Repository/MOH AND GRN/Page_KDMC - CMS/input_txtbatchno'

2018-05-11 11:03:25 - [MESSAGE][PASSED] - Text 'BA836.0' is set on object 'Object Repository/MOH AND GRN/Page_KDMC - CMS/input_txtbatchno'

2018-05-11 11:03:25 - [TEST_STEP][PASSED] - rightClick: Object: 'Object Repository/GRN/Page_KDMC - CMS/input_txtexpdate' is right clicked on

2018-05-11 11:03:25 - [MESSAGE][PASSED] - Object: 'Object Repository/GRN/Page_KDMC - CMS/input_txtexpdate' is right clicked on

2018-05-11 11:03:25 - [TEST_STEP][PASSED] - selectOptionByIndex: All options with index in [2] are selected on object 'Object Repository/GRN/Page_KDMC - CMS/select_20182019202020212022202'

2018-05-11 11:03:25 - [MESSAGE][PASSED] - All options with index in [2] are selected on object 'Object Repository/GRN/Page_KDMC - CMS/select_20182019202020212022202'

2018-05-11 11:03:25 - [TEST_STEP][PASSED] - selectOptionByIndex: All options with index in [2] are selected on object 'Object Repository/GRN/Page_KDMC - CMS/select_JanFebMarAprMayJunJulAu'

2018-05-11 11:03:25 - [MESSAGE][PASSED] - All options with index in [2] are selected on object 'Object Repository/GRN/Page_KDMC - CMS/select_JanFebMarAprMayJunJulAu'

2018-05-11 11:03:25 - [TEST_STEP][PASSED] - click: Object: 'Object Repository/MOH AND GRN/Page_KDMC - CMS/a_12' is clicked on

2018-05-11 11:03:25 - [MESSAGE][PASSED] - Object: 'Object Repository/MOH AND GRN/Page_KDMC - CMS/a_12' is clicked on

2018-05-11 11:03:25 - [TEST_STEP][PASSED] - click: Object: 'Object Repository/MOH AND GRN/Page_KDMC - CMS/input_btnadd' is clicked on

2018-05-11 11:03:25 - [MESSAGE][PASSED] - Object: 'Object Repository/MOH AND GRN/Page_KDMC - CMS/input_btnadd' is clicked on

2018-05-11 11:03:25 - [TEST_STEP][PASSED] - Statement - If (s == 10): null

2018-05-11 11:03:25 - [TEST_STEP][PASSED] - Statement - Else: null

2018-05-11 11:03:25 - [TEST_STEP][PASSED] - Statement - (s++): null

2018-05-11 11:03:25 - [TEST_STEP][PASSED] - delay: Delayed 1 second(s)

2018-05-11 11:03:26 - [MESSAGE][PASSED] - Delayed 1 second(s)

2018-05-11 11:03:26 - [TEST_STEP][PASSED] - selectOptionByIndex: All options with index in [43] are selected on object 'Object Repository/MOH AND GRN/Page_KDMC - CMS/select_--Select--Amikacin -500'

2018-05-11 11:03:27 - [MESSAGE][PASSED] - All options with index in [43] are selected on object 'Object Repository/MOH AND GRN/Page_KDMC - CMS/select_--Select--Amikacin -500'

2018-05-11 11:03:27 - [TEST_STEP][PASSED] - setText: Text '5000' is set on object 'Object Repository/MOH AND GRN/Page_KDMC - CMS/input_txtqty'

2018-05-11 11:03:27 - [MESSAGE][PASSED] - Text '5000' is set on object 'Object Repository/MOH AND GRN/Page_KDMC - CMS/input_txtqty'

2018-05-11 11:03:27 - [TEST_STEP][PASSED] - selectOptionByIndex: All options with index in [1] are selected on object 'Object Repository/MOH AND GRN/Page_KDMC - CMS/select_--Select--No Tax0'

2018-05-11 11:03:27 - [MESSAGE][PASSED] - All options with index in [1] are selected on object 'Object Repository/MOH AND GRN/Page_KDMC - CMS/select_--Select--No Tax0'

2018-05-11 11:03:27 - [TEST_STEP][PASSED] - setText: Finding Test Object with id 'Object Repository/MOH AND GRN/Page_KDMC - CMS/input_txtmrp'

2018-05-11 11:03:27 - [TEST_STEP][PASSED] - Statement - switch (id): Finding Test Object with id 'Object Repository/MOH AND GRN/Page_KDMC - CMS/input_txtdeal'

2018-05-11 11:03:27 - [TEST_STEP][PASSED] - Statement - case 4:: Text '33.0' is set on object 'Object Repository/MOH AND GRN/Page_KDMC - CMS/input_txtmrp'

2018-05-11 11:03:27 - [TEST_STEP][PASSED] - Statement - return (java.lang.Math.floor((java.lang.Math.random() * ((max - min) + 1))) + min): Text '33.0' is set on object 'Object Repository/MOH AND GRN/Page_KDMC - CMS/input_txtmrp'

2018-05-11 11:03:27 - [MESSAGE][PASSED] - Text '33.0' is set on object 'Object Repository/MOH AND GRN/Page_KDMC - CMS/input_txtmrp'

2018-05-11 11:03:27 - [TEST_STEP][PASSED] - setText: Finding Test Object with id 'Object Repository/MOH AND GRN/Page_KDMC - CMS/input_txtdeal'

2018-05-11 11:03:27 - [TEST_STEP][PASSED] - Statement - switch (id): Finding Test Object with id 'Object Repository/MOH AND GRN/Page_KDMC - CMS/input_txtbatchno'

2018-05-11 11:03:27 - [TEST_STEP][PASSED] - Statement - case 5:: Text '11.0' is set on object 'Object Repository/MOH AND GRN/Page_KDMC - CMS/input_txtdeal'

2018-05-11 11:03:27 - [TEST_STEP][PASSED] - Statement - return (java.lang.Math.floor((java.lang.Math.random() * ((max - min) + 1))) + min): Text '11.0' is set on object 'Object Repository/MOH AND GRN/Page_KDMC - CMS/input_txtdeal'

2018-05-11 11:03:28 - [MESSAGE][PASSED] - Text '11.0' is set on object 'Object Repository/MOH AND GRN/Page_KDMC - CMS/input_txtdeal'

2018-05-11 11:03:28 - [TEST_STEP][PASSED] - setText: Finding Test Object with id 'Object Repository/MOH AND GRN/Page_KDMC - CMS/input_txtbatchno'

2018-05-11 11:03:28 - [TEST_STEP][PASSED] - Statement - switch (id): Finding Test Object with id 'Object Repository/MOH AND GRN/Page_KDMC - CMS/input_txtmrp'

2018-05-11 11:03:28 - [TEST_STEP][PASSED] - Statement - case 1:: Text 'BA652.0' is set on object 'Object Repository/MOH AND GRN/Page_KDMC - CMS/input_txtbatchno'

2018-05-11 11:03:28 - [TEST_STEP][PASSED] - Statement - return (java.lang.Math.floor((java.lang.Math.random() * ((max - min) + 1))) + min): Text 'BA652.0' is set on object 'Object Repository/MOH AND GRN/Page_KDMC - CMS/input_txtbatchno'

2018-05-11 11:03:28 - [MESSAGE][PASSED] - Text 'BA652.0' is set on object 'Object Repository/MOH AND GRN/Page_KDMC - CMS/input_txtbatchno'

2018-05-11 11:03:28 - [TEST_STEP][PASSED] - rightClick: Object: 'Object Repository/GRN/Page_KDMC - CMS/input_txtexpdate' is right clicked on

2018-05-11 11:03:28 - [MESSAGE][PASSED] - Object: 'Object Repository/GRN/Page_KDMC - CMS/input_txtexpdate' is right clicked on

2018-05-11 11:03:28 - [TEST_STEP][PASSED] - selectOptionByIndex: All options with index in [3] are selected on object 'Object Repository/GRN/Page_KDMC - CMS/select_20182019202020212022202'

2018-05-11 11:03:28 - [MESSAGE][PASSED] - All options with index in [3] are selected on object 'Object Repository/GRN/Page_KDMC - CMS/select_20182019202020212022202'

2018-05-11 11:03:28 - [TEST_STEP][PASSED] - selectOptionByIndex: All options with index in [3] are selected on object 'Object Repository/GRN/Page_KDMC - CMS/select_JanFebMarAprMayJunJulAu'

2018-05-11 11:03:28 - [MESSAGE][PASSED] - All options with index in [3] are selected on object 'Object Repository/GRN/Page_KDMC - CMS/select_JanFebMarAprMayJunJulAu'

2018-05-11 11:03:28 - [TEST_STEP][PASSED] - click: Object: 'Object Repository/MOH AND GRN/Page_KDMC - CMS/a_12' is clicked on

2018-05-11 11:03:28 - [MESSAGE][PASSED] - Object: 'Object Repository/MOH AND GRN/Page_KDMC - CMS/a_12' is clicked on

2018-05-11 11:03:28 - [TEST_STEP][PASSED] - click: Object: 'Object Repository/MOH AND GRN/Page_KDMC - CMS/input_btnadd' is clicked on

2018-05-11 11:03:28 - [MESSAGE][PASSED] - Object: 'Object Repository/MOH AND GRN/Page_KDMC - CMS/input_btnadd' is clicked on

2018-05-11 11:03:28 - [TEST_STEP][PASSED] - Statement - If (s == 10): null

2018-05-11 11:03:28 - [TEST_STEP][PASSED] - Statement - Else: null

2018-05-11 11:03:28 - [TEST_STEP][PASSED] - Statement - (s++): null

2018-05-11 11:03:28 - [TEST_STEP][PASSED] - delay: Delayed 1 second(s)

2018-05-11 11:03:29 - [MESSAGE][PASSED] - Delayed 1 second(s)

2018-05-11 11:03:29 - [TEST_STEP][PASSED] - selectOptionByIndex: All options with index in [44] are selected on object 'Object Repository/MOH AND GRN/Page_KDMC - CMS/select_--Select--Amikacin -500'

2018-05-11 11:03:30 - [MESSAGE][PASSED] - All options with index in [44] are selected on object 'Object Repository/MOH AND GRN/Page_KDMC - CMS/select_--Select--Amikacin -500'

2018-05-11 11:03:30 - [TEST_STEP][PASSED] - setText: Text '5000' is set on object 'Object Repository/MOH AND GRN/Page_KDMC - CMS/input_txtqty'

2018-05-11 11:03:30 - [MESSAGE][PASSED] - Text '5000' is set on object 'Object Repository/MOH AND GRN/Page_KDMC - CMS/input_txtqty'

2018-05-11 11:03:30 - [TEST_STEP][PASSED] - selectOptionByIndex: All options with index in [1] are selected on object 'Object Repository/MOH AND GRN/Page_KDMC - CMS/select_--Select--No Tax0'

2018-05-11 11:03:30 - [MESSAGE][PASSED] - All options with index in [1] are selected on object 'Object Repository/MOH AND GRN/Page_KDMC - CMS/select_--Select--No Tax0'

2018-05-11 11:03:30 - [TEST_STEP][PASSED] - setText: Finding Test Object with id 'Object Repository/MOH AND GRN/Page_KDMC - CMS/input_txtmrp'

2018-05-11 11:03:30 - [TEST_STEP][PASSED] - Statement - switch (id): Finding Test Object with id 'Object Repository/MOH AND GRN/Page_KDMC - CMS/input_txtdeal'

2018-05-11 11:03:30 - [TEST_STEP][PASSED] - Statement - case 4:: Text '33.0' is set on object 'Object Repository/MOH AND GRN/Page_KDMC - CMS/input_txtmrp'

2018-05-11 11:03:30 - [TEST_STEP][PASSED] - Statement - return (java.lang.Math.floor((java.lang.Math.random() * ((max - min) + 1))) + min): Text '33.0' is set on object 'Object Repository/MOH AND GRN/Page_KDMC - CMS/input_txtmrp'

2018-05-11 11:03:30 - [MESSAGE][PASSED] - Text '33.0' is set on object 'Object Repository/MOH AND GRN/Page_KDMC - CMS/input_txtmrp'

2018-05-11 11:03:30 - [TEST_STEP][PASSED] - setText: Finding Test Object with id 'Object Repository/MOH AND GRN/Page_KDMC - CMS/input_txtdeal'

2018-05-11 11:03:30 - [TEST_STEP][PASSED] - Statement - switch (id): Finding Test Object with id 'Object Repository/MOH AND GRN/Page_KDMC - CMS/input_txtbatchno'

2018-05-11 11:03:30 - [TEST_STEP][PASSED] - Statement - case 5:: Text '12.0' is set on object 'Object Repository/MOH AND GRN/Page_KDMC - CMS/input_txtdeal'

2018-05-11 11:03:30 - [TEST_STEP][PASSED] - Statement - return (java.lang.Math.floor((java.lang.Math.random() * ((max - min) + 1))) + min): Text '12.0' is set on object 'Object Repository/MOH AND GRN/Page_KDMC - CMS/input_txtdeal'

2018-05-11 11:03:30 - [MESSAGE][PASSED] - Text '12.0' is set on object 'Object Repository/MOH AND GRN/Page_KDMC - CMS/input_txtdeal'

2018-05-11 11:03:30 - [TEST_STEP][PASSED] - setText: Finding Test Object with id 'Object Repository/MOH AND GRN/Page_KDMC - CMS/input_txtbatchno'

2018-05-11 11:03:30 - [TEST_STEP][PASSED] - Statement - switch (id): Finding Test Object with id 'Object Repository/MOH AND GRN/Page_KDMC - CMS/input_txtmrp'

2018-05-11 11:03:30 - [TEST_STEP][PASSED] - Statement - case 1:: Text 'BA72.0' is set on object 'Object Repository/MOH AND GRN/Page_KDMC - CMS/input_txtbatchno'

2018-05-11 11:03:30 - [TEST_STEP][PASSED] - Statement - return (java.lang.Math.floor((java.lang.Math.random() * ((max - min) + 1))) + min): Text 'BA72.0' is set on object 'Object Repository/MOH AND GRN/Page_KDMC - CMS/input_txtbatchno'

2018-05-11 11:03:30 - [MESSAGE][PASSED] - Text 'BA72.0' is set on object 'Object Repository/MOH AND GRN/Page_KDMC - CMS/input_txtbatchno'

2018-05-11 11:03:30 - [TEST_STEP][PASSED] - rightClick: Object: 'Object Repository/GRN/Page_KDMC - CMS/input_txtexpdate' is right clicked on

2018-05-11 11:03:30 - [MESSAGE][PASSED] - Object: 'Object Repository/GRN/Page_KDMC - CMS/input_txtexpdate' is right clicked on

2018-05-11 11:03:30 - [TEST_STEP][PASSED] - selectOptionByIndex: All options with index in [4] are selected on object 'Object Repository/GRN/Page_KDMC - CMS/select_20182019202020212022202'

2018-05-11 11:03:31 - [MESSAGE][PASSED] - All options with index in [4] are selected on object 'Object Repository/GRN/Page_KDMC - CMS/select_20182019202020212022202'

2018-05-11 11:03:31 - [TEST_STEP][PASSED] - selectOptionByIndex: All options with index in [4] are selected on object 'Object Repository/GRN/Page_KDMC - CMS/select_JanFebMarAprMayJunJulAu'

2018-05-11 11:03:31 - [MESSAGE][PASSED] - All options with index in [4] are selected on object 'Object Repository/GRN/Page_KDMC - CMS/select_JanFebMarAprMayJunJulAu'

2018-05-11 11:03:31 - [TEST_STEP][PASSED] - click: Object: 'Object Repository/MOH AND GRN/Page_KDMC - CMS/a_12' is clicked on

2018-05-11 11:03:31 - [MESSAGE][PASSED] - Object: 'Object Repository/MOH AND GRN/Page_KDMC - CMS/a_12' is clicked on

2018-05-11 11:03:31 - [TEST_STEP][PASSED] - click: Object: 'Object Repository/MOH AND GRN/Page_KDMC - CMS/input_btnadd' is clicked on

2018-05-11 11:03:31 - [MESSAGE][PASSED] - Object: 'Object Repository/MOH AND GRN/Page_KDMC - CMS/input_btnadd' is clicked on

2018-05-11 11:03:31 - [TEST_STEP][PASSED] - Statement - If (s == 10): null

2018-05-11 11:03:31 - [TEST_STEP][PASSED] - Statement - Else: null

2018-05-11 11:03:31 - [TEST_STEP][PASSED] - Statement - (s++): null

2018-05-11 11:03:31 - [TEST_STEP][PASSED] - delay: Delayed 1 second(s)

2018-05-11 11:03:32 - [MESSAGE][PASSED] - Delayed 1 second(s)

2018-05-11 11:03:32 - [TEST_STEP][PASSED] - selectOptionByIndex: All options with index in [45] are selected on object 'Object Repository/MOH AND GRN/Page_KDMC - CMS/select_--Select--Amikacin -500'

2018-05-11 11:03:33 - [MESSAGE][PASSED] - All options with index in [45] are selected on object 'Object Repository/MOH AND GRN/Page_KDMC - CMS/select_--Select--Amikacin -500'

2018-05-11 11:03:33 - [TEST_STEP][PASSED] - setText: Text '5000' is set on object 'Object Repository/MOH AND GRN/Page_KDMC - CMS/input_txtqty'

2018-05-11 11:03:33 - [MESSAGE][PASSED] - Text '5000' is set on object 'Object Repository/MOH AND GRN/Page_KDMC - CMS/input_txtqty'

2018-05-11 11:03:33 - [TEST_STEP][PASSED] - selectOptionByIndex: All options with index in [1] are selected on object 'Object Repository/MOH AND GRN/Page_KDMC - CMS/select_--Select--No Tax0'

2018-05-11 11:03:33 - [MESSAGE][PASSED] - All options with index in [1] are selected on object 'Object Repository/MOH AND GRN/Page_KDMC - CMS/select_--Select--No Tax0'

2018-05-11 11:03:33 - [TEST_STEP][PASSED] - setText: Finding Test Object with id 'Object Repository/MOH AND GRN/Page_KDMC - CMS/input_txtmrp'

2018-05-11 11:03:33 - [TEST_STEP][PASSED] - Statement - switch (id): Finding Test Object with id 'Object Repository/MOH AND GRN/Page_KDMC - CMS/input_txtdeal'

2018-05-11 11:03:33 - [TEST_STEP][PASSED] - Statement - case 4:: Text '23.0' is set on object 'Object Repository/MOH AND GRN/Page_KDMC - CMS/input_txtmrp'

2018-05-11 11:03:33 - [TEST_STEP][PASSED] - Statement - return (java.lang.Math.floor((java.lang.Math.random() * ((max - min) + 1))) + min): Text '23.0' is set on object 'Object Repository/MOH AND GRN/Page_KDMC - CMS/input_txtmrp'

2018-05-11 11:03:33 - [MESSAGE][PASSED] - Text '23.0' is set on object 'Object Repository/MOH AND GRN/Page_KDMC - CMS/input_txtmrp'

2018-05-11 11:03:33 - [TEST_STEP][PASSED] - setText: Finding Test Object with id 'Object Repository/MOH AND GRN/Page_KDMC - CMS/input_txtdeal'

2018-05-11 11:03:33 - [TEST_STEP][PASSED] - Statement - switch (id): Finding Test Object with id 'Object Repository/MOH AND GRN/Page_KDMC - CMS/input_txtbatchno'

2018-05-11 11:03:33 - [TEST_STEP][PASSED] - Statement - case 5:: Text '12.0' is set on object 'Object Repository/MOH AND GRN/Page_KDMC - CMS/input_txtdeal'

2018-05-11 11:03:33 - [TEST_STEP][PASSED] - Statement - return (java.lang.Math.floor((java.lang.Math.random() * ((max - min) + 1))) + min): Text '12.0' is set on object 'Object Repository/MOH AND GRN/Page_KDMC - CMS/input_txtdeal'

2018-05-11 11:03:33 - [MESSAGE][PASSED] - Text '12.0' is set on object 'Object Repository/MOH AND GRN/Page_KDMC - CMS/input_txtdeal'

2018-05-11 11:03:33 - [TEST_STEP][PASSED] - setText: Finding Test Object with id 'Object Repository/MOH AND GRN/Page_KDMC - CMS/input_txtbatchno'

2018-05-11 11:03:33 - [TEST_STEP][PASSED] - Statement - switch (id): Finding Test Object with id 'Object Repository/MOH AND GRN/Page_KDMC - CMS/input_txtmrp'

2018-05-11 11:03:33 - [TEST_STEP][PASSED] - Statement - case 1:: Text 'BA491.0' is set on object 'Object Repository/MOH AND GRN/Page_KDMC - CMS/input_txtbatchno'

2018-05-11 11:03:33 - [TEST_STEP][PASSED] - Statement - return (java.lang.Math.floor((java.lang.Math.random() * ((max - min) + 1))) + min): Text 'BA491.0' is set on object 'Object Repository/MOH AND GRN/Page_KDMC - CMS/input_txtbatchno'

2018-05-11 11:03:33 - [MESSAGE][PASSED] - Text 'BA491.0' is set on object 'Object Repository/MOH AND GRN/Page_KDMC - CMS/input_txtbatchno'

2018-05-11 11:03:33 - [TEST_STEP][PASSED] - rightClick: Object: 'Object Repository/GRN/Page_KDMC - CMS/input_txtexpdate' is right clicked on

2018-05-11 11:03:33 - [MESSAGE][PASSED] - Object: 'Object Repository/GRN/Page_KDMC - CMS/input_txtexpdate' is right clicked on

2018-05-11 11:03:33 - [TEST_STEP][PASSED] - selectOptionByIndex: All options with index in [5] are selected on object 'Object Repository/GRN/Page_KDMC - CMS/select_20182019202020212022202'

2018-05-11 11:03:33 - [MESSAGE][PASSED] - All options with index in [5] are selected on object 'Object Repository/GRN/Page_KDMC - CMS/select_20182019202020212022202'

2018-05-11 11:03:33 - [TEST_STEP][PASSED] - selectOptionByIndex: All options with index in [5] are selected on object 'Object Repository/GRN/Page_KDMC - CMS/select_JanFebMarAprMayJunJulAu'

2018-05-11 11:03:34 - [MESSAGE][PASSED] - All options with index in [5] are selected on object 'Object Repository/GRN/Page_KDMC - CMS/select_JanFebMarAprMayJunJulAu'

2018-05-11 11:03:34 - [TEST_STEP][PASSED] - click: Object: 'Object Repository/MOH AND GRN/Page_KDMC - CMS/a_12' is clicked on

2018-05-11 11:03:34 - [MESSAGE][PASSED] - Object: 'Object Repository/MOH AND GRN/Page_KDMC - CMS/a_12' is clicked on

2018-05-11 11:03:34 - [TEST_STEP][PASSED] - click: Object: 'Object Repository/MOH AND GRN/Page_KDMC - CMS/input_btnadd' is clicked on

2018-05-11 11:03:34 - [MESSAGE][PASSED] - Object: 'Object Repository/MOH AND GRN/Page_KDMC - CMS/input_btnadd' is clicked on

2018-05-11 11:03:34 - [TEST_STEP][PASSED] - Statement - If (s == 10): null

2018-05-11 11:03:34 - [TEST_STEP][PASSED] - Statement - Else: null

2018-05-11 11:03:34 - [TEST_STEP][PASSED] - Statement - (s++): null

2018-05-11 11:03:34 - [TEST_STEP][PASSED] - delay: Delayed 1 second(s)

2018-05-11 11:03:35 - [MESSAGE][PASSED] - Delayed 1 second(s)

2018-05-11 11:03:35 - [TEST_STEP][PASSED] - selectOptionByIndex: All options with index in [46] are selected on object 'Object Repository/MOH AND GRN/Page_KDMC - CMS/select_--Select--Amikacin -500'

2018-05-11 11:03:35 - [MESSAGE][PASSED] - All options with index in [46] are selected on object 'Object Repository/MOH AND GRN/Page_KDMC - CMS/select_--Select--Amikacin -500'

2018-05-11 11:03:35 - [TEST_STEP][PASSED] - setText: Text '5000' is set on object 'Object Repository/MOH AND GRN/Page_KDMC - CMS/input_txtqty'

2018-05-11 11:03:35 - [MESSAGE][PASSED] - Text '5000' is set on object 'Object Repository/MOH AND GRN/Page_KDMC - CMS/input_txtqty'

2018-05-11 11:03:35 - [TEST_STEP][PASSED] - selectOptionByIndex: All options with index in [1] are selected on object 'Object Repository/MOH AND GRN/Page_KDMC - CMS/select_--Select--No Tax0'

2018-05-11 11:03:36 - [MESSAGE][PASSED] - All options with index in [1] are selected on object 'Object Repository/MOH AND GRN/Page_KDMC - CMS/select_--Select--No Tax0'

2018-05-11 11:03:36 - [TEST_STEP][PASSED] - setText: Finding Test Object with id 'Object Repository/MOH AND GRN/Page_KDMC - CMS/input_txtmrp'

2018-05-11 11:03:36 - [TEST_STEP][PASSED] - Statement - switch (id): Finding Test Object with id 'Object Repository/MOH AND GRN/Page_KDMC - CMS/input_txtdeal'

2018-05-11 11:03:36 - [TEST_STEP][PASSED] - Statement - case 4:: Text '17.0' is set on object 'Object Repository/MOH AND GRN/Page_KDMC - CMS/input_txtmrp'

2018-05-11 11:03:36 - [TEST_STEP][PASSED] - Statement - return (java.lang.Math.floor((java.lang.Math.random() * ((max - min) + 1))) + min): Text '17.0' is set on object 'Object Repository/MOH AND GRN/Page_KDMC - CMS/input_txtmrp'

2018-05-11 11:03:36 - [MESSAGE][PASSED] - Text '17.0' is set on object 'Object Repository/MOH AND GRN/Page_KDMC - CMS/input_txtmrp'

2018-05-11 11:03:36 - [TEST_STEP][PASSED] - setText: Finding Test Object with id 'Object Repository/MOH AND GRN/Page_KDMC - CMS/input_txtdeal'

2018-05-11 11:03:36 - [TEST_STEP][PASSED] - Statement - switch (id): Finding Test Object with id 'Object Repository/MOH AND GRN/Page_KDMC - CMS/input_txtbatchno'

2018-05-11 11:03:36 - [TEST_STEP][PASSED] - Statement - case 5:: Text '9.0' is set on object 'Object Repository/MOH AND GRN/Page_KDMC - CMS/input_txtdeal'

2018-05-11 11:03:36 - [TEST_STEP][PASSED] - Statement - return (java.lang.Math.floor((java.lang.Math.random() * ((max - min) + 1))) + min): Text '9.0' is set on object 'Object Repository/MOH AND GRN/Page_KDMC - CMS/input_txtdeal'

2018-05-11 11:03:36 - [MESSAGE][PASSED] - Text '9.0' is set on object 'Object Repository/MOH AND GRN/Page_KDMC - CMS/input_txtdeal'

2018-05-11 11:03:36 - [TEST_STEP][PASSED] - setText: Finding Test Object with id 'Object Repository/MOH AND GRN/Page_KDMC - CMS/input_txtbatchno'

2018-05-11 11:03:36 - [TEST_STEP][PASSED] - Statement - switch (id): Finding Test Object with id 'Object Repository/MOH AND GRN/Page_KDMC - CMS/input_txtmrp'

2018-05-11 11:03:36 - [TEST_STEP][PASSED] - Statement - case 1:: Text 'BA631.0' is set on object 'Object Repository/MOH AND GRN/Page_KDMC - CMS/input_txtbatchno'

2018-05-11 11:03:36 - [TEST_STEP][PASSED] - Statement - return (java.lang.Math.floor((java.lang.Math.random() * ((max - min) + 1))) + min): Text 'BA631.0' is set on object 'Object Repository/MOH AND GRN/Page_KDMC - CMS/input_txtbatchno'

2018-05-11 11:03:36 - [MESSAGE][PASSED] - Text 'BA631.0' is set on object 'Object Repository/MOH AND GRN/Page_KDMC - CMS/input_txtbatchno'

2018-05-11 11:03:36 - [TEST_STEP][PASSED] - rightClick: Object: 'Object Repository/GRN/Page_KDMC - CMS/input_txtexpdate' is right clicked on

2018-05-11 11:03:36 - [MESSAGE][PASSED] - Object: 'Object Repository/GRN/Page_KDMC - CMS/input_txtexpdate' is right clicked on

2018-05-11 11:03:36 - [TEST_STEP][PASSED] - selectOptionByIndex: All options with index in [6] are selected on object 'Object Repository/GRN/Page_KDMC - CMS/select_20182019202020212022202'

2018-05-11 11:03:36 - [MESSAGE][PASSED] - All options with index in [6] are selected on object 'Object Repository/GRN/Page_KDMC - CMS/select_20182019202020212022202'

2018-05-11 11:03:36 - [TEST_STEP][PASSED] - selectOptionByIndex: All options with index in [6] are selected on object 'Object Repository/GRN/Page_KDMC - CMS/select_JanFebMarAprMayJunJulAu'

2018-05-11 11:03:36 - [MESSAGE][PASSED] - All options with index in [6] are selected on object 'Object Repository/GRN/Page_KDMC - CMS/select_JanFebMarAprMayJunJulAu'

2018-05-11 11:03:36 - [TEST_STEP][PASSED] - click: Object: 'Object Repository/MOH AND GRN/Page_KDMC - CMS/a_12' is clicked on

2018-05-11 11:03:36 - [MESSAGE][PASSED] - Object: 'Object Repository/MOH AND GRN/Page_KDMC - CMS/a_12' is clicked on

2018-05-11 11:03:36 - [TEST_STEP][PASSED] - click: Object: 'Object Repository/MOH AND GRN/Page_KDMC - CMS/input_btnadd' is clicked on

2018-05-11 11:03:37 - [MESSAGE][PASSED] - Object: 'Object Repository/MOH AND GRN/Page_KDMC - CMS/input_btnadd' is clicked on

2018-05-11 11:03:37 - [TEST_STEP][PASSED] - Statement - If (s == 10): null

2018-05-11 11:03:37 - [TEST_STEP][PASSED] - Statement - Else: null

2018-05-11 11:03:37 - [TEST_STEP][PASSED] - Statement - (s++): null

2018-05-11 11:03:37 - [TEST_STEP][PASSED] - delay: Delayed 1 second(s)

2018-05-11 11:03:38 - [MESSAGE][PASSED] - Delayed 1 second(s)

2018-05-11 11:03:38 - [TEST_STEP][PASSED] - selectOptionByIndex: All options with index in [47] are selected on object 'Object Repository/MOH AND GRN/Page_KDMC - CMS/select_--Select--Amikacin -500'

2018-05-11 11:03:38 - [MESSAGE][PASSED] - All options with index in [47] are selected on object 'Object Repository/MOH AND GRN/Page_KDMC - CMS/select_--Select--Amikacin -500'

2018-05-11 11:03:38 - [TEST_STEP][PASSED] - setText: Text '5000' is set on object 'Object Repository/MOH AND GRN/Page_KDMC - CMS/input_txtqty'

2018-05-11 11:03:38 - [MESSAGE][PASSED] - Text '5000' is set on object 'Object Repository/MOH AND GRN/Page_KDMC - CMS/input_txtqty'

2018-05-11 11:03:38 - [TEST_STEP][PASSED] - selectOptionByIndex: All options with index in [1] are selected on object 'Object Repository/MOH AND GRN/Page_KDMC - CMS/select_--Select--No Tax0'

2018-05-11 11:03:38 - [MESSAGE][PASSED] - All options with index in [1] are selected on object 'Object Repository/MOH AND GRN/Page_KDMC - CMS/select_--Select--No Tax0'

2018-05-11 11:03:38 - [TEST_STEP][PASSED] - setText: Finding Test Object with id 'Object Repository/MOH AND GRN/Page_KDMC - CMS/input_txtmrp'

2018-05-11 11:03:38 - [TEST_STEP][PASSED] - Statement - switch (id): Finding Test Object with id 'Object Repository/MOH AND GRN/Page_KDMC - CMS/input_txtdeal'

2018-05-11 11:03:38 - [TEST_STEP][PASSED] - Statement - case 4:: Text '18.0' is set on object 'Object Repository/MOH AND GRN/Page_KDMC - CMS/input_txtmrp'

2018-05-11 11:03:38 - [TEST_STEP][PASSED] - Statement - return (java.lang.Math.floor((java.lang.Math.random() * ((max - min) + 1))) + min): Text '18.0' is set on object 'Object Repository/MOH AND GRN/Page_KDMC - CMS/input_txtmrp'

2018-05-11 11:03:38 - [MESSAGE][PASSED] - Text '18.0' is set on object 'Object Repository/MOH AND GRN/Page_KDMC - CMS/input_txtmrp'

2018-05-11 11:03:38 - [TEST_STEP][PASSED] - setText: Finding Test Object with id 'Object Repository/MOH AND GRN/Page_KDMC - CMS/input_txtdeal'

2018-05-11 11:03:38 - [TEST_STEP][PASSED] - Statement - switch (id): Finding Test Object with id 'Object Repository/MOH AND GRN/Page_KDMC - CMS/input_txtbatchno'

2018-05-11 11:03:38 - [TEST_STEP][PASSED] - Statement - case 5:: Text '8.0' is set on object 'Object Repository/MOH AND GRN/Page_KDMC - CMS/input_txtdeal'

2018-05-11 11:03:38 - [TEST_STEP][PASSED] - Statement - return (java.lang.Math.floor((java.lang.Math.random() * ((max - min) + 1))) + min): Text '8.0' is set on object 'Object Repository/MOH AND GRN/Page_KDMC - CMS/input_txtdeal'

2018-05-11 11:03:39 - [MESSAGE][PASSED] - Text '8.0' is set on object 'Object Repository/MOH AND GRN/Page_KDMC - CMS/input_txtdeal'

2018-05-11 11:03:39 - [TEST_STEP][PASSED] - setText: Finding Test Object with id 'Object Repository/MOH AND GRN/Page_KDMC - CMS/input_txtbatchno'

2018-05-11 11:03:39 - [TEST_STEP][PASSED] - Statement - switch (id): Finding Test Object with id 'Object Repository/MOH AND GRN/Page_KDMC - CMS/input_txtmrp'

2018-05-11 11:03:39 - [TEST_STEP][PASSED] - Statement - case 1:: Text 'BA810.0' is set on object 'Object Repository/MOH AND GRN/Page_KDMC - CMS/input_txtbatchno'

2018-05-11 11:03:39 - [TEST_STEP][PASSED] - Statement - return (java.lang.Math.floor((java.lang.Math.random() * ((max - min) + 1))) + min): Text 'BA810.0' is set on object 'Object Repository/MOH AND GRN/Page_KDMC - CMS/input_txtbatchno'

2018-05-11 11:03:39 - [MESSAGE][PASSED] - Text 'BA810.0' is set on object 'Object Repository/MOH AND GRN/Page_KDMC - CMS/input_txtbatchno'

2018-05-11 11:03:39 - [TEST_STEP][PASSED] - rightClick: Object: 'Object Repository/GRN/Page_KDMC - CMS/input_txtexpdate' is right clicked on

2018-05-11 11:03:39 - [MESSAGE][PASSED] - Object: 'Object Repository/GRN/Page_KDMC - CMS/input_txtexpdate' is right clicked on

2018-05-11 11:03:39 - [TEST_STEP][PASSED] - selectOptionByIndex: All options with index in [7] are selected on object 'Object Repository/GRN/Page_KDMC - CMS/select_20182019202020212022202'

2018-05-11 11:03:39 - [MESSAGE][PASSED] - All options with index in [7] are selected on object 'Object Repository/GRN/Page_KDMC - CMS/select_20182019202020212022202'

2018-05-11 11:03:39 - [TEST_STEP][PASSED] - selectOptionByIndex: All options with index in [7] are selected on object 'Object Repository/GRN/Page_KDMC - CMS/select_JanFebMarAprMayJunJulAu'

2018-05-11 11:03:39 - [MESSAGE][PASSED] - All options with index in [7] are selected on object 'Object Repository/GRN/Page_KDMC - CMS/select_JanFebMarAprMayJunJulAu'

2018-05-11 11:03:39 - [TEST_STEP][PASSED] - click: Object: 'Object Repository/MOH AND GRN/Page_KDMC - CMS/a_12' is clicked on

2018-05-11 11:03:39 - [MESSAGE][PASSED] - Object: 'Object Repository/MOH AND GRN/Page_KDMC - CMS/a_12' is clicked on

2018-05-11 11:03:39 - [TEST_STEP][PASSED] - click: Object: 'Object Repository/MOH AND GRN/Page_KDMC - CMS/input_btnadd' is clicked on

2018-05-11 11:03:39 - [MESSAGE][PASSED] - Object: 'Object Repository/MOH AND GRN/Page_KDMC - CMS/input_btnadd' is clicked on

2018-05-11 11:03:39 - [TEST_STEP][PASSED] - Statement - If (s == 10): null

2018-05-11 11:03:39 - [TEST_STEP][PASSED] - Statement - Else: null

2018-05-11 11:03:39 - [TEST_STEP][PASSED] - Statement - (s++): null

2018-05-11 11:03:39 - [TEST_STEP][PASSED] - delay: Delayed 1 second(s)

2018-05-11 11:03:40 - [MESSAGE][PASSED] - Delayed 1 second(s)

2018-05-11 11:03:40 - [TEST_STEP][PASSED] - selectOptionByIndex: All options with index in [48] are selected on object 'Object Repository/MOH AND GRN/Page_KDMC - CMS/select_--Select--Amikacin -500'

2018-05-11 11:03:41 - [MESSAGE][PASSED] - All options with index in [48] are selected on object 'Object Repository/MOH AND GRN/Page_KDMC - CMS/select_--Select--Amikacin -500'

2018-05-11 11:03:41 - [TEST_STEP][PASSED] - setText: Text '5000' is set on object 'Object Repository/MOH AND GRN/Page_KDMC - CMS/input_txtqty'

2018-05-11 11:03:41 - [MESSAGE][PASSED] - Text '5000' is set on object 'Object Repository/MOH AND GRN/Page_KDMC - CMS/input_txtqty'

2018-05-11 11:03:41 - [TEST_STEP][PASSED] - selectOptionByIndex: All options with index in [1] are selected on object 'Object Repository/MOH AND GRN/Page_KDMC - CMS/select_--Select--No Tax0'

2018-05-11 11:03:41 - [MESSAGE][PASSED] - All options with index in [1] are selected on object 'Object Repository/MOH AND GRN/Page_KDMC - CMS/select_--Select--No Tax0'

2018-05-11 11:03:41 - [TEST_STEP][PASSED] - setText: Finding Test Object with id 'Object Repository/MOH AND GRN/Page_KDMC - CMS/input_txtmrp'

2018-05-11 11:03:41 - [TEST_STEP][PASSED] - Statement - switch (id): Finding Test Object with id 'Object Repository/MOH AND GRN/Page_KDMC - CMS/input_txtdeal'

2018-05-11 11:03:41 - [TEST_STEP][PASSED] - Statement - case 4:: Text '27.0' is set on object 'Object Repository/MOH AND GRN/Page_KDMC - CMS/input_txtmrp'

2018-05-11 11:03:41 - [TEST_STEP][PASSED] - Statement - return (java.lang.Math.floor((java.lang.Math.random() * ((max - min) + 1))) + min): Text '27.0' is set on object 'Object Repository/MOH AND GRN/Page_KDMC - CMS/input_txtmrp'

2018-05-11 11:03:41 - [MESSAGE][PASSED] - Text '27.0' is set on object 'Object Repository/MOH AND GRN/Page_KDMC - CMS/input_txtmrp'

2018-05-11 11:03:41 - [TEST_STEP][PASSED] - setText: Finding Test Object with id 'Object Repository/MOH AND GRN/Page_KDMC - CMS/input_txtdeal'

2018-05-11 11:03:41 - [TEST_STEP][PASSED] - Statement - switch (id): Finding Test Object with id 'Object Repository/MOH AND GRN/Page_KDMC - CMS/input_txtbatchno'

2018-05-11 11:03:41 - [TEST_STEP][PASSED] - Statement - case 5:: Text '10.0' is set on object 'Object Repository/MOH AND GRN/Page_KDMC - CMS/input_txtdeal'

2018-05-11 11:03:41 - [TEST_STEP][PASSED] - Statement - return (java.lang.Math.floor((java.lang.Math.random() * ((max - min) + 1))) + min): Text '10.0' is set on object 'Object Repository/MOH AND GRN/Page_KDMC - CMS/input_txtdeal'

2018-05-11 11:03:41 - [MESSAGE][PASSED] - Text '10.0' is set on object 'Object Repository/MOH AND GRN/Page_KDMC - CMS/input_txtdeal'

2018-05-11 11:03:41 - [TEST_STEP][PASSED] - setText: Finding Test Object with id 'Object Repository/MOH AND GRN/Page_KDMC - CMS/input_txtbatchno'

2018-05-11 11:03:41 - [TEST_STEP][PASSED] - Statement - switch (id): Finding Test Object with id 'Object Repository/MOH AND GRN/Page_KDMC - CMS/input_txtmrp'

2018-05-11 11:03:41 - [TEST_STEP][PASSED] - Statement - case 1:: Text 'BA854.0' is set on object 'Object Repository/MOH AND GRN/Page_KDMC - CMS/input_txtbatchno'

2018-05-11 11:03:41 - [TEST_STEP][PASSED] - Statement - return (java.lang.Math.floor((java.lang.Math.random() * ((max - min) + 1))) + min): Text 'BA854.0' is set on object 'Object Repository/MOH AND GRN/Page_KDMC - CMS/input_txtbatchno'

2018-05-11 11:03:41 - [MESSAGE][PASSED] - Text 'BA854.0' is set on object 'Object Repository/MOH AND GRN/Page_KDMC - CMS/input_txtbatchno'

2018-05-11 11:03:41 - [TEST_STEP][PASSED] - rightClick: Object: 'Object Repository/GRN/Page_KDMC - CMS/input_txtexpdate' is right clicked on

2018-05-11 11:03:42 - [MESSAGE][PASSED] - Object: 'Object Repository/GRN/Page_KDMC - CMS/input_txtexpdate' is right clicked on

2018-05-11 11:03:42 - [TEST_STEP][PASSED] - selectOptionByIndex: All options with index in [8] are selected on object 'Object Repository/GRN/Page_KDMC - CMS/select_20182019202020212022202'

2018-05-11 11:03:42 - [MESSAGE][PASSED] - All options with index in [8] are selected on object 'Object Repository/GRN/Page_KDMC - CMS/select_20182019202020212022202'

2018-05-11 11:03:42 - [TEST_STEP][PASSED] - selectOptionByIndex: All options with index in [8] are selected on object 'Object Repository/GRN/Page_KDMC - CMS/select_JanFebMarAprMayJunJulAu'

2018-05-11 11:03:42 - [MESSAGE][PASSED] - All options with index in [8] are selected on object 'Object Repository/GRN/Page_KDMC - CMS/select_JanFebMarAprMayJunJulAu'

2018-05-11 11:03:42 - [TEST_STEP][PASSED] - click: Object: 'Object Repository/MOH AND GRN/Page_KDMC - CMS/a_12' is clicked on

2018-05-11 11:03:42 - [MESSAGE][PASSED] - Object: 'Object Repository/MOH AND GRN/Page_KDMC - CMS/a_12' is clicked on

2018-05-11 11:03:42 - [TEST_STEP][PASSED] - click: Object: 'Object Repository/MOH AND GRN/Page_KDMC - CMS/input_btnadd' is clicked on

2018-05-11 11:03:42 - [MESSAGE][PASSED] - Object: 'Object Repository/MOH AND GRN/Page_KDMC - CMS/input_btnadd' is clicked on

2018-05-11 11:03:42 - [TEST_STEP][PASSED] - Statement - If (s == 10): null

2018-05-11 11:03:42 - [TEST_STEP][PASSED] - Statement - Else: null

2018-05-11 11:03:42 - [TEST_STEP][PASSED] - Statement - (s++): null

2018-05-11 11:03:42 - [TEST_STEP][PASSED] - delay: Delayed 1 second(s)

2018-05-11 11:03:43 - [MESSAGE][PASSED] - Delayed 1 second(s)

2018-05-11 11:03:43 - [TEST_STEP][PASSED] - selectOptionByIndex: All options with index in [49] are selected on object 'Object Repository/MOH AND GRN/Page_KDMC - CMS/select_--Select--Amikacin -500'

2018-05-11 11:03:44 - [MESSAGE][PASSED] - All options with index in [49] are selected on object 'Object Repository/MOH AND GRN/Page_KDMC - CMS/select_--Select--Amikacin -500'

2018-05-11 11:03:44 - [TEST_STEP][PASSED] - setText: Text '5000' is set on object 'Object Repository/MOH AND GRN/Page_KDMC - CMS/input_txtqty'

2018-05-11 11:03:44 - [MESSAGE][PASSED] - Text '5000' is set on object 'Object Repository/MOH AND GRN/Page_KDMC - CMS/input_txtqty'

2018-05-11 11:03:44 - [TEST_STEP][PASSED] - selectOptionByIndex: All options with index in [1] are selected on object 'Object Repository/MOH AND GRN/Page_KDMC - CMS/select_--Select--No Tax0'

2018-05-11 11:03:44 - [MESSAGE][PASSED] - All options with index in [1] are selected on object 'Object Repository/MOH AND GRN/Page_KDMC - CMS/select_--Select--No Tax0'

2018-05-11 11:03:44 - [TEST_STEP][PASSED] - setText: Finding Test Object with id 'Object Repository/MOH AND GRN/Page_KDMC - CMS/input_txtmrp'

2018-05-11 11:03:44 - [TEST_STEP][PASSED] - Statement - switch (id): Finding Test Object with id 'Object Repository/MOH AND GRN/Page_KDMC - CMS/input_txtdeal'

2018-05-11 11:03:44 - [TEST_STEP][PASSED] - Statement - case 4:: Text '33.0' is set on object 'Object Repository/MOH AND GRN/Page_KDMC - CMS/input_txtmrp'

2018-05-11 11:03:44 - [TEST_STEP][PASSED] - Statement - return (java.lang.Math.floor((java.lang.Math.random() * ((max - min) + 1))) + min): Text '33.0' is set on object 'Object Repository/MOH AND GRN/Page_KDMC - CMS/input_txtmrp'

2018-05-11 11:03:44 - [MESSAGE][PASSED] - Text '33.0' is set on object 'Object Repository/MOH AND GRN/Page_KDMC - CMS/input_txtmrp'

2018-05-11 11:03:44 - [TEST_STEP][PASSED] - setText: Finding Test Object with id 'Object Repository/MOH AND GRN/Page_KDMC - CMS/input_txtdeal'

2018-05-11 11:03:44 - [TEST_STEP][PASSED] - Statement - switch (id): Finding Test Object with id 'Object Repository/MOH AND GRN/Page_KDMC - CMS/input_txtbatchno'

2018-05-11 11:03:44 - [TEST_STEP][PASSED] - Statement - case 5:: Text '9.0' is set on object 'Object Repository/MOH AND GRN/Page_KDMC - CMS/input_txtdeal'

2018-05-11 11:03:44 - [TEST_STEP][PASSED] - Statement - return (java.lang.Math.floor((java.lang.Math.random() * ((max - min) + 1))) + min): Text '9.0' is set on object 'Object Repository/MOH AND GRN/Page_KDMC - CMS/input_txtdeal'

2018-05-11 11:03:44 - [MESSAGE][PASSED] - Text '9.0' is set on object 'Object Repository/MOH AND GRN/Page_KDMC - CMS/input_txtdeal'

2018-05-11 11:03:44 - [TEST_STEP][PASSED] - setText: Finding Test Object with id 'Object Repository/MOH AND GRN/Page_KDMC - CMS/input_txtbatchno'

2018-05-11 11:03:44 - [TEST_STEP][PASSED] - Statement - switch (id): Finding Test Object with id 'Object Repository/MOH AND GRN/Page_KDMC - CMS/input_txtmrp'

2018-05-11 11:03:44 - [TEST_STEP][PASSED] - Statement - case 1:: Text 'BA60.0' is set on object 'Object Repository/MOH AND GRN/Page_KDMC - CMS/input_txtbatchno'

2018-05-11 11:03:44 - [TEST_STEP][PASSED] - Statement - return (java.lang.Math.floor((java.lang.Math.random() * ((max - min) + 1))) + min): Text 'BA60.0' is set on object 'Object Repository/MOH AND GRN/Page_KDMC - CMS/input_txtbatchno'

2018-05-11 11:03:44 - [MESSAGE][PASSED] - Text 'BA60.0' is set on object 'Object Repository/MOH AND GRN/Page_KDMC - CMS/input_txtbatchno'

2018-05-11 11:03:44 - [TEST_STEP][PASSED] - rightClick: Object: 'Object Repository/GRN/Page_KDMC - CMS/input_txtexpdate' is right clicked on

2018-05-11 11:03:45 - [MESSAGE][PASSED] - Object: 'Object Repository/GRN/Page_KDMC - CMS/input_txtexpdate' is right clicked on

2018-05-11 11:03:45 - [TEST_STEP][PASSED] - selectOptionByIndex: All options with index in [9] are selected on object 'Object Repository/GRN/Page_KDMC - CMS/select_20182019202020212022202'

2018-05-11 11:03:45 - [MESSAGE][PASSED] - All options with index in [9] are selected on object 'Object Repository/GRN/Page_KDMC - CMS/select_20182019202020212022202'

2018-05-11 11:03:45 - [TEST_STEP][PASSED] - selectOptionByIndex: All options with index in [9] are selected on object 'Object Repository/GRN/Page_KDMC - CMS/select_JanFebMarAprMayJunJulAu'

2018-05-11 11:03:45 - [MESSAGE][PASSED] - All options with index in [9] are selected on object 'Object Repository/GRN/Page_KDMC - CMS/select_JanFebMarAprMayJunJulAu'

2018-05-11 11:03:45 - [TEST_STEP][PASSED] - click: Object: 'Object Repository/MOH AND GRN/Page_KDMC - CMS/a_12' is clicked on

2018-05-11 11:03:45 - [MESSAGE][PASSED] - Object: 'Object Repository/MOH AND GRN/Page_KDMC - CMS/a_12' is clicked on

2018-05-11 11:03:45 - [TEST_STEP][PASSED] - click: Object: 'Object Repository/MOH AND GRN/Page_KDMC - CMS/input_btnadd' is clicked on

2018-05-11 11:03:45 - [MESSAGE][PASSED] - Object: 'Object Repository/MOH AND GRN/Page_KDMC - CMS/input_btnadd' is clicked on

2018-05-11 11:03:45 - [TEST_STEP][PASSED] - Statement - If (s == 10): null

2018-05-11 11:03:45 - [TEST_STEP][PASSED] - Statement - Else: null

2018-05-11 11:03:45 - [TEST_STEP][PASSED] - Statement - (s++): null

2018-05-11 11:03:45 - [TEST_STEP][PASSED] - delay: Delayed 1 second(s)

2018-05-11 11:03:46 - [MESSAGE][PASSED] - Delayed 1 second(s)

2018-05-11 11:03:46 - [TEST_STEP][PASSED] - selectOptionByIndex: All options with index in [50] are selected on object 'Object Repository/MOH AND GRN/Page_KDMC - CMS/select_--Select--Amikacin -500'

2018-05-11 11:03:47 - [MESSAGE][PASSED] - All options with index in [50] are selected on object 'Object Repository/MOH AND GRN/Page_KDMC - CMS/select_--Select--Amikacin -500'

2018-05-11 11:03:47 - [TEST_STEP][PASSED] - setText: Text '5000' is set on object 'Object Repository/MOH AND GRN/Page_KDMC - CMS/input_txtqty'

2018-05-11 11:03:47 - [MESSAGE][PASSED] - Text '5000' is set on object 'Object Repository/MOH AND GRN/Page_KDMC - CMS/input_txtqty'

2018-05-11 11:03:47 - [TEST_STEP][PASSED] - selectOptionByIndex: All options with index in [1] are selected on object 'Object Repository/MOH AND GRN/Page_KDMC - CMS/select_--Select--No Tax0'

2018-05-11 11:03:47 - [MESSAGE][PASSED] - All options with index in [1] are selected on object 'Object Repository/MOH AND GRN/Page_KDMC - CMS/select_--Select--No Tax0'

2018-05-11 11:03:47 - [TEST_STEP][PASSED] - setText: Finding Test Object with id 'Object Repository/MOH AND GRN/Page_KDMC - CMS/input_txtmrp'

2018-05-11 11:03:47 - [TEST_STEP][PASSED] - Statement - switch (id): Finding Test Object with id 'Object Repository/MOH AND GRN/Page_KDMC - CMS/input_txtdeal'

2018-05-11 11:03:47 - [TEST_STEP][PASSED] - Statement - case 4:: Text '32.0' is set on object 'Object Repository/MOH AND GRN/Page_KDMC - CMS/input_txtmrp'

2018-05-11 11:03:47 - [TEST_STEP][PASSED] - Statement - return (java.lang.Math.floor((java.lang.Math.random() * ((max - min) + 1))) + min): Text '32.0' is set on object 'Object Repository/MOH AND GRN/Page_KDMC - CMS/input_txtmrp'

2018-05-11 11:03:47 - [MESSAGE][PASSED] - Text '32.0' is set on object 'Object Repository/MOH AND GRN/Page_KDMC - CMS/input_txtmrp'

2018-05-11 11:03:47 - [TEST_STEP][PASSED] - setText: Finding Test Object with id 'Object Repository/MOH AND GRN/Page_KDMC - CMS/input_txtdeal'

2018-05-11 11:03:47 - [TEST_STEP][PASSED] - Statement - switch (id): Finding Test Object with id 'Object Repository/MOH AND GRN/Page_KDMC - CMS/input_txtbatchno'

2018-05-11 11:03:47 - [TEST_STEP][PASSED] - Statement - case 5:: Text '3.0' is set on object 'Object Repository/MOH AND GRN/Page_KDMC - CMS/input_txtdeal'

2018-05-11 11:03:47 - [TEST_STEP][PASSED] - Statement - return (java.lang.Math.floor((java.lang.Math.random() * ((max - min) + 1))) + min): Text '3.0' is set on object 'Object Repository/MOH AND GRN/Page_KDMC - CMS/input_txtdeal'

2018-05-11 11:03:47 - [MESSAGE][PASSED] - Text '3.0' is set on object 'Object Repository/MOH AND GRN/Page_KDMC - CMS/input_txtdeal'

2018-05-11 11:03:47 - [TEST_STEP][PASSED] - setText: Finding Test Object with id 'Object Repository/MOH AND GRN/Page_KDMC - CMS/input_txtbatchno'

2018-05-11 11:03:47 - [TEST_STEP][PASSED] - Statement - switch (id): Finding Test Object with id 'Object Repository/MOH AND GRN/Page_KDMC - CMS/input_txtmrp'

2018-05-11 11:03:47 - [TEST_STEP][PASSED] - Statement - case 1:: Text 'BA146.0' is set on object 'Object Repository/MOH AND GRN/Page_KDMC - CMS/input_txtbatchno'

2018-05-11 11:03:47 - [TEST_STEP][PASSED] - Statement - return (java.lang.Math.floor((java.lang.Math.random() * ((max - min) + 1))) + min): Text 'BA146.0' is set on object 'Object Repository/MOH AND GRN/Page_KDMC - CMS/input_txtbatchno'

2018-05-11 11:03:47 - [MESSAGE][PASSED] - Text 'BA146.0' is set on object 'Object Repository/MOH AND GRN/Page_KDMC - CMS/input_txtbatchno'

2018-05-11 11:03:47 - [TEST_STEP][PASSED] - rightClick: Object: 'Object Repository/GRN/Page_KDMC - CMS/input_txtexpdate' is right clicked on

2018-05-11 11:03:47 - [MESSAGE][PASSED] - Object: 'Object Repository/GRN/Page_KDMC - CMS/input_txtexpdate' is right clicked on

2018-05-11 11:03:47 - [TEST_STEP][PASSED] - selectOptionByIndex: All options with index in [10] are selected on object 'Object Repository/GRN/Page_KDMC - CMS/select_20182019202020212022202'

2018-05-11 11:03:48 - [MESSAGE][PASSED] - All options with index in [10] are selected on object 'Object Repository/GRN/Page_KDMC - CMS/select_20182019202020212022202'

2018-05-11 11:03:48 - [TEST_STEP][PASSED] - selectOptionByIndex: All options with index in [10] are selected on object 'Object Repository/GRN/Page_KDMC - CMS/select_JanFebMarAprMayJunJulAu'

2018-05-11 11:03:48 - [MESSAGE][PASSED] - All options with index in [10] are selected on object 'Object Repository/GRN/Page_KDMC - CMS/select_JanFebMarAprMayJunJulAu'

2018-05-11 11:03:48 - [TEST_STEP][PASSED] - click: Object: 'Object Repository/MOH AND GRN/Page_KDMC - CMS/a_12' is clicked on

2018-05-11 11:03:48 - [MESSAGE][PASSED] - Object: 'Object Repository/MOH AND GRN/Page_KDMC - CMS/a_12' is clicked on

2018-05-11 11:03:48 - [TEST_STEP][PASSED] - click: Object: 'Object Repository/MOH AND GRN/Page_KDMC - CMS/input_btnadd' is clicked on

2018-05-11 11:03:48 - [MESSAGE][PASSED] - Object: 'Object Repository/MOH AND GRN/Page_KDMC - CMS/input_btnadd' is clicked on

2018-05-11 11:03:48 - [TEST_STEP][PASSED] - Statement - If (s == 10): null

2018-05-11 11:03:48 - [TEST_STEP][PASSED] - Statement - s = 1: null

2018-05-11 11:03:48 - [TEST_STEP][PASSED] - delay: Delayed 1 second(s)

2018-05-11 11:03:49 - [MESSAGE][PASSED] - Delayed 1 second(s)

2018-05-11 11:03:49 - [TEST_STEP][PASSED] - selectOptionByIndex: All options with index in [51] are selected on object 'Object Repository/MOH AND GRN/Page_KDMC - CMS/select_--Select--Amikacin -500'

2018-05-11 11:03:50 - [MESSAGE][PASSED] - All options with index in [51] are selected on object 'Object Repository/MOH AND GRN/Page_KDMC - CMS/select_--Select--Amikacin -500'

2018-05-11 11:03:50 - [TEST_STEP][PASSED] - setText: Text '5000' is set on object 'Object Repository/MOH AND GRN/Page_KDMC - CMS/input_txtqty'

2018-05-11 11:03:50 - [MESSAGE][PASSED] - Text '5000' is set on object 'Object Repository/MOH AND GRN/Page_KDMC - CMS/input_txtqty'

2018-05-11 11:03:50 - [TEST_STEP][PASSED] - selectOptionByIndex: All options with index in [1] are selected on object 'Object Repository/MOH AND GRN/Page_KDMC - CMS/select_--Select--No Tax0'

2018-05-11 11:03:50 - [MESSAGE][PASSED] - All options with index in [1] are selected on object 'Object Repository/MOH AND GRN/Page_KDMC - CMS/select_--Select--No Tax0'

2018-05-11 11:03:50 - [TEST_STEP][PASSED] - setText: Finding Test Object with id 'Object Repository/MOH AND GRN/Page_KDMC - CMS/input_txtmrp'

2018-05-11 11:03:50 - [TEST_STEP][PASSED] - Statement - switch (id): Finding Test Object with id 'Object Repository/MOH AND GRN/Page_KDMC - CMS/input_txtdeal'

2018-05-11 11:03:50 - [TEST_STEP][PASSED] - Statement - case 4:: Text '18.0' is set on object 'Object Repository/MOH AND GRN/Page_KDMC - CMS/input_txtmrp'

2018-05-11 11:03:50 - [TEST_STEP][PASSED] - Statement - return (java.lang.Math.floor((java.lang.Math.random() * ((max - min) + 1))) + min): Text '18.0' is set on object 'Object Repository/MOH AND GRN/Page_KDMC - CMS/input_txtmrp'

2018-05-11 11:03:50 - [MESSAGE][PASSED] - Text '18.0' is set on object 'Object Repository/MOH AND GRN/Page_KDMC - CMS/input_txtmrp'

2018-05-11 11:03:50 - [TEST_STEP][PASSED] - setText: Finding Test Object with id 'Object Repository/MOH AND GRN/Page_KDMC - CMS/input_txtdeal'

2018-05-11 11:03:50 - [TEST_STEP][PASSED] - Statement - switch (id): Finding Test Object with id 'Object Repository/MOH AND GRN/Page_KDMC - CMS/input_txtbatchno'

2018-05-11 11:03:50 - [TEST_STEP][PASSED] - Statement - case 5:: Text '2.0' is set on object 'Object Repository/MOH AND GRN/Page_KDMC - CMS/input_txtdeal'

2018-05-11 11:03:50 - [TEST_STEP][PASSED] - Statement - return (java.lang.Math.floor((java.lang.Math.random() * ((max - min) + 1))) + min): Text '2.0' is set on object 'Object Repository/MOH AND GRN/Page_KDMC - CMS/input_txtdeal'

2018-05-11 11:03:50 - [MESSAGE][PASSED] - Text '2.0' is set on object 'Object Repository/MOH AND GRN/Page_KDMC - CMS/input_txtdeal'

2018-05-11 11:03:50 - [TEST_STEP][PASSED] - setText: Finding Test Object with id 'Object Repository/MOH AND GRN/Page_KDMC - CMS/input_txtbatchno'

2018-05-11 11:03:50 - [TEST_STEP][PASSED] - Statement - switch (id): Finding Test Object with id 'Object Repository/MOH AND GRN/Page_KDMC - CMS/input_txtmrp'

2018-05-11 11:03:50 - [TEST_STEP][PASSED] - Statement - case 1:: Text 'BA197.0' is set on object 'Object Repository/MOH AND GRN/Page_KDMC - CMS/input_txtbatchno'

2018-05-11 11:03:50 - [TEST_STEP][PASSED] - Statement - return (java.lang.Math.floor((java.lang.Math.random() * ((max - min) + 1))) + min): Text 'BA197.0' is set on object 'Object Repository/MOH AND GRN/Page_KDMC - CMS/input_txtbatchno'

2018-05-11 11:03:50 - [MESSAGE][PASSED] - Text 'BA197.0' is set on object 'Object Repository/MOH AND GRN/Page_KDMC - CMS/input_txtbatchno'

2018-05-11 11:03:50 - [TEST_STEP][PASSED] - rightClick: Object: 'Object Repository/GRN/Page_KDMC - CMS/input_txtexpdate' is right clicked on

2018-05-11 11:03:50 - [MESSAGE][PASSED] - Object: 'Object Repository/GRN/Page_KDMC - CMS/input_txtexpdate' is right clicked on

2018-05-11 11:03:50 - [TEST_STEP][PASSED] - selectOptionByIndex: All options with index in [1] are selected on object 'Object Repository/GRN/Page_KDMC - CMS/select_20182019202020212022202'

2018-05-11 11:03:51 - [MESSAGE][PASSED] - All options with index in [1] are selected on object 'Object Repository/GRN/Page_KDMC - CMS/select_20182019202020212022202'

2018-05-11 11:03:51 - [TEST_STEP][PASSED] - selectOptionByIndex: All options with index in [1] are selected on object 'Object Repository/GRN/Page_KDMC - CMS/select_JanFebMarAprMayJunJulAu'

2018-05-11 11:03:51 - [MESSAGE][PASSED] - All options with index in [1] are selected on object 'Object Repository/GRN/Page_KDMC - CMS/select_JanFebMarAprMayJunJulAu'

2018-05-11 11:03:51 - [TEST_STEP][PASSED] - click: Object: 'Object Repository/MOH AND GRN/Page_KDMC - CMS/a_12' is clicked on

2018-05-11 11:03:51 - [MESSAGE][PASSED] - Object: 'Object Repository/MOH AND GRN/Page_KDMC - CMS/a_12' is clicked on

2018-05-11 11:03:51 - [TEST_STEP][PASSED] - click: Object: 'Object Repository/MOH AND GRN/Page_KDMC - CMS/input_btnadd' is clicked on

2018-05-11 11:03:51 - [MESSAGE][PASSED] - Object: 'Object Repository/MOH AND GRN/Page_KDMC - CMS/input_btnadd' is clicked on

2018-05-11 11:03:51 - [TEST_STEP][PASSED] - Statement - If (s == 10): null

2018-05-11 11:03:51 - [TEST_STEP][PASSED] - Statement - Else: null

2018-05-11 11:03:51 - [TEST_STEP][PASSED] - Statement - (s++): null

2018-05-11 11:03:51 - [TEST_STEP][PASSED] - delay: Delayed 1 second(s)

2018-05-11 11:03:52 - [MESSAGE][PASSED] - Delayed 1 second(s)

2018-05-11 11:03:52 - [TEST_STEP][PASSED] - selectOptionByIndex: All options with index in [52] are selected on object 'Object Repository/MOH AND GRN/Page_KDMC - CMS/select_--Select--Amikacin -500'

2018-05-11 11:03:53 - [MESSAGE][PASSED] - All options with index in [52] are selected on object 'Object Repository/MOH AND GRN/Page_KDMC - CMS/select_--Select--Amikacin -500'

2018-05-11 11:03:53 - [TEST_STEP][PASSED] - setText: Text '5000' is set on object 'Object Repository/MOH AND GRN/Page_KDMC - CMS/input_txtqty'

2018-05-11 11:03:53 - [MESSAGE][PASSED] - Text '5000' is set on object 'Object Repository/MOH AND GRN/Page_KDMC - CMS/input_txtqty'

2018-05-11 11:03:53 - [TEST_STEP][PASSED] - selectOptionByIndex: All options with index in [1] are selected on object 'Object Repository/MOH AND GRN/Page_KDMC - CMS/select_--Select--No Tax0'

2018-05-11 11:03:53 - [MESSAGE][PASSED] - All options with index in [1] are selected on object 'Object Repository/MOH AND GRN/Page_KDMC - CMS/select_--Select--No Tax0'

2018-05-11 11:03:53 - [TEST_STEP][PASSED] - setText: Finding Test Object with id 'Object Repository/MOH AND GRN/Page_KDMC - CMS/input_txtmrp'

2018-05-11 11:03:53 - [TEST_STEP][PASSED] - Statement - switch (id): Finding Test Object with id 'Object Repository/MOH AND GRN/Page_KDMC - CMS/input_txtdeal'

2018-05-11 11:03:53 - [TEST_STEP][PASSED] - Statement - case 4:: Text '36.0' is set on object 'Object Repository/MOH AND GRN/Page_KDMC - CMS/input_txtmrp'

2018-05-11 11:03:53 - [TEST_STEP][PASSED] - Statement - return (java.lang.Math.floor((java.lang.Math.random() * ((max - min) + 1))) + min): Text '36.0' is set on object 'Object Repository/MOH AND GRN/Page_KDMC - CMS/input_txtmrp'

2018-05-11 11:03:53 - [MESSAGE][PASSED] - Text '36.0' is set on object 'Object Repository/MOH AND GRN/Page_KDMC - CMS/input_txtmrp'

2018-05-11 11:03:53 - [TEST_STEP][PASSED] - setText: Finding Test Object with id 'Object Repository/MOH AND GRN/Page_KDMC - CMS/input_txtdeal'

2018-05-11 11:03:53 - [TEST_STEP][PASSED] - Statement - switch (id): Finding Test Object with id 'Object Repository/MOH AND GRN/Page_KDMC - CMS/input_txtbatchno'

2018-05-11 11:03:53 - [TEST_STEP][PASSED] - Statement - case 5:: Text '10.0' is set on object 'Object Repository/MOH AND GRN/Page_KDMC - CMS/input_txtdeal'

2018-05-11 11:03:53 - [TEST_STEP][PASSED] - Statement - return (java.lang.Math.floor((java.lang.Math.random() * ((max - min) + 1))) + min): Text '10.0' is set on object 'Object Repository/MOH AND GRN/Page_KDMC - CMS/input_txtdeal'

2018-05-11 11:03:53 - [MESSAGE][PASSED] - Text '10.0' is set on object 'Object Repository/MOH AND GRN/Page_KDMC - CMS/input_txtdeal'

2018-05-11 11:03:53 - [TEST_STEP][PASSED] - setText: Finding Test Object with id 'Object Repository/MOH AND GRN/Page_KDMC - CMS/input_txtbatchno'

2018-05-11 11:03:53 - [TEST_STEP][PASSED] - Statement - switch (id): Finding Test Object with id 'Object Repository/MOH AND GRN/Page_KDMC - CMS/input_txtmrp'

2018-05-11 11:03:53 - [TEST_STEP][PASSED] - Statement - case 1:: Text 'BA726.0' is set on object 'Object Repository/MOH AND GRN/Page_KDMC - CMS/input_txtbatchno'

2018-05-11 11:03:53 - [TEST_STEP][PASSED] - Statement - return (java.lang.Math.floor((java.lang.Math.random() * ((max - min) + 1))) + min): Text 'BA726.0' is set on object 'Object Repository/MOH AND GRN/Page_KDMC - CMS/input_txtbatchno'

2018-05-11 11:03:53 - [MESSAGE][PASSED] - Text 'BA726.0' is set on object 'Object Repository/MOH AND GRN/Page_KDMC - CMS/input_txtbatchno'

2018-05-11 11:03:53 - [TEST_STEP][PASSED] - rightClick: Object: 'Object Repository/GRN/Page_KDMC - CMS/input_txtexpdate' is right clicked on

2018-05-11 11:03:53 - [MESSAGE][PASSED] - Object: 'Object Repository/GRN/Page_KDMC - CMS/input_txtexpdate' is right clicked on

2018-05-11 11:03:53 - [TEST_STEP][PASSED] - selectOptionByIndex: All options with index in [2] are selected on object 'Object Repository/GRN/Page_KDMC - CMS/select_20182019202020212022202'

2018-05-11 11:03:53 - [MESSAGE][PASSED] - All options with index in [2] are selected on object 'Object Repository/GRN/Page_KDMC - CMS/select_20182019202020212022202'

2018-05-11 11:03:53 - [TEST_STEP][PASSED] - selectOptionByIndex: All options with index in [2] are selected on object 'Object Repository/GRN/Page_KDMC - CMS/select_JanFebMarAprMayJunJulAu'

2018-05-11 11:03:54 - [MESSAGE][PASSED] - All options with index in [2] are selected on object 'Object Repository/GRN/Page_KDMC - CMS/select_JanFebMarAprMayJunJulAu'

2018-05-11 11:03:54 - [TEST_STEP][PASSED] - click: Object: 'Object Repository/MOH AND GRN/Page_KDMC - CMS/a_12' is clicked on

2018-05-11 11:03:54 - [MESSAGE][PASSED] - Object: 'Object Repository/MOH AND GRN/Page_KDMC - CMS/a_12' is clicked on

2018-05-11 11:03:54 - [TEST_STEP][PASSED] - click: Object: 'Object Repository/MOH AND GRN/Page_KDMC - CMS/input_btnadd' is clicked on

2018-05-11 11:03:54 - [MESSAGE][PASSED] - Object: 'Object Repository/MOH AND GRN/Page_KDMC - CMS/input_btnadd' is clicked on

2018-05-11 11:03:54 - [TEST_STEP][PASSED] - Statement - If (s == 10): null

2018-05-11 11:03:54 - [TEST_STEP][PASSED] - Statement - Else: null

2018-05-11 11:03:54 - [TEST_STEP][PASSED] - Statement - (s++): null

2018-05-11 11:03:54 - [TEST_STEP][PASSED] - delay: Delayed 1 second(s)

2018-05-11 11:03:55 - [MESSAGE][PASSED] - Delayed 1 second(s)

2018-05-11 11:03:55 - [TEST_STEP][PASSED] - selectOptionByIndex: All options with index in [53] are selected on object 'Object Repository/MOH AND GRN/Page_KDMC - CMS/select_--Select--Amikacin -500'

2018-05-11 11:03:56 - [MESSAGE][PASSED] - All options with index in [53] are selected on object 'Object Repository/MOH AND GRN/Page_KDMC - CMS/select_--Select--Amikacin -500'

2018-05-11 11:03:56 - [TEST_STEP][PASSED] - setText: Text '5000' is set on object 'Object Repository/MOH AND GRN/Page_KDMC - CMS/input_txtqty'

2018-05-11 11:03:56 - [MESSAGE][PASSED] - Text '5000' is set on object 'Object Repository/MOH AND GRN/Page_KDMC - CMS/input_txtqty'

2018-05-11 11:03:56 - [TEST_STEP][PASSED] - selectOptionByIndex: All options with index in [1] are selected on object 'Object Repository/MOH AND GRN/Page_KDMC - CMS/select_--Select--No Tax0'

2018-05-11 11:03:56 - [MESSAGE][PASSED] - All options with index in [1] are selected on object 'Object Repository/MOH AND GRN/Page_KDMC - CMS/select_--Select--No Tax0'

2018-05-11 11:03:56 - [TEST_STEP][PASSED] - setText: Finding Test Object with id 'Object Repository/MOH AND GRN/Page_KDMC - CMS/input_txtmrp'

2018-05-11 11:03:56 - [TEST_STEP][PASSED] - Statement - switch (id): Finding Test Object with id 'Object Repository/MOH AND GRN/Page_KDMC - CMS/input_txtdeal'

2018-05-11 11:03:56 - [TEST_STEP][PASSED] - Statement - case 4:: Text '35.0' is set on object 'Object Repository/MOH AND GRN/Page_KDMC - CMS/input_txtmrp'

2018-05-11 11:03:56 - [TEST_STEP][PASSED] - Statement - return (java.lang.Math.floor((java.lang.Math.random() * ((max - min) + 1))) + min): Text '35.0' is set on object 'Object Repository/MOH AND GRN/Page_KDMC - CMS/input_txtmrp'

2018-05-11 11:03:56 - [MESSAGE][PASSED] - Text '35.0' is set on object 'Object Repository/MOH AND GRN/Page_KDMC - CMS/input_txtmrp'

2018-05-11 11:03:56 - [TEST_STEP][PASSED] - setText: Finding Test Object with id 'Object Repository/MOH AND GRN/Page_KDMC - CMS/input_txtdeal'

2018-05-11 11:03:56 - [TEST_STEP][PASSED] - Statement - switch (id): Finding Test Object with id 'Object Repository/MOH AND GRN/Page_KDMC - CMS/input_txtbatchno'

2018-05-11 11:03:56 - [TEST_STEP][PASSED] - Statement - case 5:: Text '5.0' is set on object 'Object Repository/MOH AND GRN/Page_KDMC - CMS/input_txtdeal'

2018-05-11 11:03:56 - [TEST_STEP][PASSED] - Statement - return (java.lang.Math.floor((java.lang.Math.random() * ((max - min) + 1))) + min): Text '5.0' is set on object 'Object Repository/MOH AND GRN/Page_KDMC - CMS/input_txtdeal'

2018-05-11 11:03:56 - [MESSAGE][PASSED] - Text '5.0' is set on object 'Object Repository/MOH AND GRN/Page_KDMC - CMS/input_txtdeal'

2018-05-11 11:03:56 - [TEST_STEP][PASSED] - setText: Finding Test Object with id 'Object Repository/MOH AND GRN/Page_KDMC - CMS/input_txtbatchno'

2018-05-11 11:03:56 - [TEST_STEP][PASSED] - Statement - switch (id): Finding Test Object with id 'Object Repository/MOH AND GRN/Page_KDMC - CMS/input_txtmrp'

2018-05-11 11:03:56 - [TEST_STEP][PASSED] - Statement - case 1:: Text 'BA760.0' is set on object 'Object Repository/MOH AND GRN/Page_KDMC - CMS/input_txtbatchno'

2018-05-11 11:03:56 - [TEST_STEP][PASSED] - Statement - return (java.lang.Math.floor((java.lang.Math.random() * ((max - min) + 1))) + min): Text 'BA760.0' is set on object 'Object Repository/MOH AND GRN/Page_KDMC - CMS/input_txtbatchno'

2018-05-11 11:03:56 - [MESSAGE][PASSED] - Text 'BA760.0' is set on object 'Object Repository/MOH AND GRN/Page_KDMC - CMS/input_txtbatchno'

2018-05-11 11:03:56 - [TEST_STEP][PASSED] - rightClick: Object: 'Object Repository/GRN/Page_KDMC - CMS/input_txtexpdate' is right clicked on

2018-05-11 11:03:56 - [MESSAGE][PASSED] - Object: 'Object Repository/GRN/Page_KDMC - CMS/input_txtexpdate' is right clicked on

2018-05-11 11:03:56 - [TEST_STEP][PASSED] - selectOptionByIndex: All options with index in [3] are selected on object 'Object Repository/GRN/Page_KDMC - CMS/select_20182019202020212022202'

2018-05-11 11:03:56 - [MESSAGE][PASSED] - All options with index in [3] are selected on object 'Object Repository/GRN/Page_KDMC - CMS/select_20182019202020212022202'

2018-05-11 11:03:56 - [TEST_STEP][PASSED] - selectOptionByIndex: All options with index in [3] are selected on object 'Object Repository/GRN/Page_KDMC - CMS/select_JanFebMarAprMayJunJulAu'

2018-05-11 11:03:56 - [MESSAGE][PASSED] - All options with index in [3] are selected on object 'Object Repository/GRN/Page_KDMC - CMS/select_JanFebMarAprMayJunJulAu'

2018-05-11 11:03:56 - [TEST_STEP][PASSED] - click: Object: 'Object Repository/MOH AND GRN/Page_KDMC - CMS/a_12' is clicked on

2018-05-11 11:03:57 - [MESSAGE][PASSED] - Object: 'Object Repository/MOH AND GRN/Page_KDMC - CMS/a_12' is clicked on

2018-05-11 11:03:57 - [TEST_STEP][PASSED] - click: Object: 'Object Repository/MOH AND GRN/Page_KDMC - CMS/input_btnadd' is clicked on

2018-05-11 11:03:57 - [MESSAGE][PASSED] - Object: 'Object Repository/MOH AND GRN/Page_KDMC - CMS/input_btnadd' is clicked on

2018-05-11 11:03:57 - [TEST_STEP][PASSED] - Statement - If (s == 10): null

2018-05-11 11:03:57 - [TEST_STEP][PASSED] - Statement - Else: null

2018-05-11 11:03:57 - [TEST_STEP][PASSED] - Statement - (s++): null

2018-05-11 11:03:57 - [TEST_STEP][PASSED] - delay: Delayed 1 second(s)

2018-05-11 11:03:58 - [MESSAGE][PASSED] - Delayed 1 second(s)

2018-05-11 11:03:58 - [TEST_STEP][PASSED] - selectOptionByIndex: All options with index in [54] are selected on object 'Object Repository/MOH AND GRN/Page_KDMC - CMS/select_--Select--Amikacin -500'

2018-05-11 11:03:59 - [MESSAGE][PASSED] - All options with index in [54] are selected on object 'Object Repository/MOH AND GRN/Page_KDMC - CMS/select_--Select--Amikacin -500'

2018-05-11 11:03:59 - [TEST_STEP][PASSED] - setText: Text '5000' is set on object 'Object Repository/MOH AND GRN/Page_KDMC - CMS/input_txtqty'

2018-05-11 11:03:59 - [MESSAGE][PASSED] - Text '5000' is set on object 'Object Repository/MOH AND GRN/Page_KDMC - CMS/input_txtqty'

2018-05-11 11:03:59 - [TEST_STEP][PASSED] - selectOptionByIndex: All options with index in [1] are selected on object 'Object Repository/MOH AND GRN/Page_KDMC - CMS/select_--Select--No Tax0'

2018-05-11 11:03:59 - [MESSAGE][PASSED] - All options with index in [1] are selected on object 'Object Repository/MOH AND GRN/Page_KDMC - CMS/select_--Select--No Tax0'

2018-05-11 11:03:59 - [TEST_STEP][PASSED] - setText: Finding Test Object with id 'Object Repository/MOH AND GRN/Page_KDMC - CMS/input_txtmrp'

2018-05-11 11:03:59 - [TEST_STEP][PASSED] - Statement - switch (id): Finding Test Object with id 'Object Repository/MOH AND GRN/Page_KDMC - CMS/input_txtdeal'

2018-05-11 11:03:59 - [TEST_STEP][PASSED] - Statement - case 4:: Text '35.0' is set on object 'Object Repository/MOH AND GRN/Page_KDMC - CMS/input_txtmrp'

2018-05-11 11:03:59 - [TEST_STEP][PASSED] - Statement - return (java.lang.Math.floor((java.lang.Math.random() * ((max - min) + 1))) + min): Text '35.0' is set on object 'Object Repository/MOH AND GRN/Page_KDMC - CMS/input_txtmrp'

2018-05-11 11:03:59 - [MESSAGE][PASSED] - Text '35.0' is set on object 'Object Repository/MOH AND GRN/Page_KDMC - CMS/input_txtmrp'

2018-05-11 11:03:59 - [TEST_STEP][PASSED] - setText: Finding Test Object with id 'Object Repository/MOH AND GRN/Page_KDMC - CMS/input_txtdeal'

2018-05-11 11:03:59 - [TEST_STEP][PASSED] - Statement - switch (id): Finding Test Object with id 'Object Repository/MOH AND GRN/Page_KDMC - CMS/input_txtbatchno'

2018-05-11 11:03:59 - [TEST_STEP][PASSED] - Statement - case 5:: Text '11.0' is set on object 'Object Repository/MOH AND GRN/Page_KDMC - CMS/input_txtdeal'

2018-05-11 11:03:59 - [TEST_STEP][PASSED] - Statement - return (java.lang.Math.floor((java.lang.Math.random() * ((max - min) + 1))) + min): Text '11.0' is set on object 'Object Repository/MOH AND GRN/Page_KDMC - CMS/input_txtdeal'

2018-05-11 11:03:59 - [MESSAGE][PASSED] - Text '11.0' is set on object 'Object Repository/MOH AND GRN/Page_KDMC - CMS/input_txtdeal'

2018-05-11 11:03:59 - [TEST_STEP][PASSED] - setText: Finding Test Object with id 'Object Repository/MOH AND GRN/Page_KDMC - CMS/input_txtbatchno'

2018-05-11 11:03:59 - [TEST_STEP][PASSED] - Statement - switch (id): Finding Test Object with id 'Object Repository/MOH AND GRN/Page_KDMC - CMS/input_txtmrp'

2018-05-11 11:03:59 - [TEST_STEP][PASSED] - Statement - case 1:: Text 'BA289.0' is set on object 'Object Repository/MOH AND GRN/Page_KDMC - CMS/input_txtbatchno'

2018-05-11 11:03:59 - [TEST_STEP][PASSED] - Statement - return (java.lang.Math.floor((java.lang.Math.random() * ((max - min) + 1))) + min): Text 'BA289.0' is set on object 'Object Repository/MOH AND GRN/Page_KDMC - CMS/input_txtbatchno'

2018-05-11 11:03:59 - [MESSAGE][PASSED] - Text 'BA289.0' is set on object 'Object Repository/MOH AND GRN/Page_KDMC - CMS/input_txtbatchno'

2018-05-11 11:03:59 - [TEST_STEP][PASSED] - rightClick: Object: 'Object Repository/GRN/Page_KDMC - CMS/input_txtexpdate' is right clicked on

2018-05-11 11:03:59 - [MESSAGE][PASSED] - Object: 'Object Repository/GRN/Page_KDMC - CMS/input_txtexpdate' is right clicked on

2018-05-11 11:03:59 - [TEST_STEP][PASSED] - selectOptionByIndex: All options with index in [4] are selected on object 'Object Repository/GRN/Page_KDMC - CMS/select_20182019202020212022202'

2018-05-11 11:03:59 - [MESSAGE][PASSED] - All options with index in [4] are selected on object 'Object Repository/GRN/Page_KDMC - CMS/select_20182019202020212022202'

2018-05-11 11:03:59 - [TEST_STEP][PASSED] - selectOptionByIndex: All options with index in [4] are selected on object 'Object Repository/GRN/Page_KDMC - CMS/select_JanFebMarAprMayJunJulAu'

2018-05-11 11:04:00 - [MESSAGE][PASSED] - All options with index in [4] are selected on object 'Object Repository/GRN/Page_KDMC - CMS/select_JanFebMarAprMayJunJulAu'

2018-05-11 11:04:00 - [TEST_STEP][PASSED] - click: Object: 'Object Repository/MOH AND GRN/Page_KDMC - CMS/a_12' is clicked on

2018-05-11 11:04:00 - [MESSAGE][PASSED] - Object: 'Object Repository/MOH AND GRN/Page_KDMC - CMS/a_12' is clicked on

2018-05-11 11:04:00 - [TEST_STEP][PASSED] - click: Object: 'Object Repository/MOH AND GRN/Page_KDMC - CMS/input_btnadd' is clicked on

2018-05-11 11:04:00 - [MESSAGE][PASSED] - Object: 'Object Repository/MOH AND GRN/Page_KDMC - CMS/input_btnadd' is clicked on

2018-05-11 11:04:00 - [TEST_STEP][PASSED] - Statement - If (s == 10): null

2018-05-11 11:04:00 - [TEST_STEP][PASSED] - Statement - Else: null

2018-05-11 11:04:00 - [TEST_STEP][PASSED] - Statement - (s++): null

2018-05-11 11:04:00 - [TEST_STEP][PASSED] - delay: Delayed 1 second(s)

2018-05-11 11:04:01 - [MESSAGE][PASSED] - Delayed 1 second(s)

2018-05-11 11:04:01 - [TEST_STEP][PASSED] - selectOptionByIndex: All options with index in [55] are selected on object 'Object Repository/MOH AND GRN/Page_KDMC - CMS/select_--Select--Amikacin -500'

2018-05-11 11:04:01 - [MESSAGE][PASSED] - All options with index in [55] are selected on object 'Object Repository/MOH AND GRN/Page_KDMC - CMS/select_--Select--Amikacin -500'

2018-05-11 11:04:01 - [TEST_STEP][PASSED] - setText: Text '5000' is set on object 'Object Repository/MOH AND GRN/Page_KDMC - CMS/input_txtqty'

2018-05-11 11:04:02 - [MESSAGE][PASSED] - Text '5000' is set on object 'Object Repository/MOH AND GRN/Page_KDMC - CMS/input_txtqty'

2018-05-11 11:04:02 - [TEST_STEP][PASSED] - selectOptionByIndex: All options with index in [1] are selected on object 'Object Repository/MOH AND GRN/Page_KDMC - CMS/select_--Select--No Tax0'

2018-05-11 11:04:02 - [MESSAGE][PASSED] - All options with index in [1] are selected on object 'Object Repository/MOH AND GRN/Page_KDMC - CMS/select_--Select--No Tax0'

2018-05-11 11:04:02 - [TEST_STEP][PASSED] - setText: Finding Test Object with id 'Object Repository/MOH AND GRN/Page_KDMC - CMS/input_txtmrp'

2018-05-11 11:04:02 - [TEST_STEP][PASSED] - Statement - switch (id): Finding Test Object with id 'Object Repository/MOH AND GRN/Page_KDMC - CMS/input_txtdeal'

2018-05-11 11:04:02 - [TEST_STEP][PASSED] - Statement - case 4:: Text '16.0' is set on object 'Object Repository/MOH AND GRN/Page_KDMC - CMS/input_txtmrp'

2018-05-11 11:04:02 - [TEST_STEP][PASSED] - Statement - return (java.lang.Math.floor((java.lang.Math.random() * ((max - min) + 1))) + min): Text '16.0' is set on object 'Object Repository/MOH AND GRN/Page_KDMC - CMS/input_txtmrp'

2018-05-11 11:04:02 - [MESSAGE][PASSED] - Text '16.0' is set on object 'Object Repository/MOH AND GRN/Page_KDMC - CMS/input_txtmrp'

2018-05-11 11:04:02 - [TEST_STEP][PASSED] - setText: Finding Test Object with id 'Object Repository/MOH AND GRN/Page_KDMC - CMS/input_txtdeal'

2018-05-11 11:04:02 - [TEST_STEP][PASSED] - Statement - switch (id): Finding Test Object with id 'Object Repository/MOH AND GRN/Page_KDMC - CMS/input_txtbatchno'

2018-05-11 11:04:02 - [TEST_STEP][PASSED] - Statement - case 5:: Text '5.0' is set on object 'Object Repository/MOH AND GRN/Page_KDMC - CMS/input_txtdeal'

2018-05-11 11:04:02 - [TEST_STEP][PASSED] - Statement - return (java.lang.Math.floor((java.lang.Math.random() * ((max - min) + 1))) + min): Text '5.0' is set on object 'Object Repository/MOH AND GRN/Page_KDMC - CMS/input_txtdeal'

2018-05-11 11:04:02 - [MESSAGE][PASSED] - Text '5.0' is set on object 'Object Repository/MOH AND GRN/Page_KDMC - CMS/input_txtdeal'

2018-05-11 11:04:02 - [TEST_STEP][PASSED] - setText: Finding Test Object with id 'Object Repository/MOH AND GRN/Page_KDMC - CMS/input_txtbatchno'

2018-05-11 11:04:02 - [TEST_STEP][PASSED] - Statement - switch (id): Finding Test Object with id 'Object Repository/MOH AND GRN/Page_KDMC - CMS/input_txtmrp'

2018-05-11 11:04:02 - [TEST_STEP][PASSED] - Statement - case 1:: Text 'BA919.0' is set on object 'Object Repository/MOH AND GRN/Page_KDMC - CMS/input_txtbatchno'

2018-05-11 11:04:02 - [TEST_STEP][PASSED] - Statement - return (java.lang.Math.floor((java.lang.Math.random() * ((max - min) + 1))) + min): Text 'BA919.0' is set on object 'Object Repository/MOH AND GRN/Page_KDMC - CMS/input_txtbatchno'

2018-05-11 11:04:02 - [MESSAGE][PASSED] - Text 'BA919.0' is set on object 'Object Repository/MOH AND GRN/Page_KDMC - CMS/input_txtbatchno'

2018-05-11 11:04:02 - [TEST_STEP][PASSED] - rightClick: Object: 'Object Repository/GRN/Page_KDMC - CMS/input_txtexpdate' is right clicked on

2018-05-11 11:04:02 - [MESSAGE][PASSED] - Object: 'Object Repository/GRN/Page_KDMC - CMS/input_txtexpdate' is right clicked on

2018-05-11 11:04:02 - [TEST_STEP][PASSED] - selectOptionByIndex: All options with index in [5] are selected on object 'Object Repository/GRN/Page_KDMC - CMS/select_20182019202020212022202'

2018-05-11 11:04:02 - [MESSAGE][PASSED] - All options with index in [5] are selected on object 'Object Repository/GRN/Page_KDMC - CMS/select_20182019202020212022202'

2018-05-11 11:04:02 - [TEST_STEP][PASSED] - selectOptionByIndex: All options with index in [5] are selected on object 'Object Repository/GRN/Page_KDMC - CMS/select_JanFebMarAprMayJunJulAu'

2018-05-11 11:04:02 - [MESSAGE][PASSED] - All options with index in [5] are selected on object 'Object Repository/GRN/Page_KDMC - CMS/select_JanFebMarAprMayJunJulAu'

2018-05-11 11:04:02 - [TEST_STEP][PASSED] - click: Object: 'Object Repository/MOH AND GRN/Page_KDMC - CMS/a_12' is clicked on

2018-05-11 11:04:03 - [MESSAGE][PASSED] - Object: 'Object Repository/MOH AND GRN/Page_KDMC - CMS/a_12' is clicked on

2018-05-11 11:04:03 - [TEST_STEP][PASSED] - click: Object: 'Object Repository/MOH AND GRN/Page_KDMC - CMS/input_btnadd' is clicked on

2018-05-11 11:04:03 - [MESSAGE][PASSED] - Object: 'Object Repository/MOH AND GRN/Page_KDMC - CMS/input_btnadd' is clicked on

2018-05-11 11:04:03 - [TEST_STEP][PASSED] - Statement - If (s == 10): null

2018-05-11 11:04:03 - [TEST_STEP][PASSED] - Statement - Else: null

2018-05-11 11:04:03 - [TEST_STEP][PASSED] - Statement - (s++): null

2018-05-11 11:04:03 - [TEST_STEP][PASSED] - delay: Delayed 1 second(s)

2018-05-11 11:04:04 - [MESSAGE][PASSED] - Delayed 1 second(s)

2018-05-11 11:04:04 - [TEST_STEP][PASSED] - selectOptionByIndex: All options with index in [56] are selected on object 'Object Repository/MOH AND GRN/Page_KDMC - CMS/select_--Select--Amikacin -500'

2018-05-11 11:04:04 - [MESSAGE][PASSED] - All options with index in [56] are selected on object 'Object Repository/MOH AND GRN/Page_KDMC - CMS/select_--Select--Amikacin -500'

2018-05-11 11:04:04 - [TEST_STEP][PASSED] - setText: Text '5000' is set on object 'Object Repository/MOH AND GRN/Page_KDMC - CMS/input_txtqty'

2018-05-11 11:04:05 - [MESSAGE][PASSED] - Text '5000' is set on object 'Object Repository/MOH AND GRN/Page_KDMC - CMS/input_txtqty'

2018-05-11 11:04:05 - [TEST_STEP][PASSED] - selectOptionByIndex: All options with index in [1] are selected on object 'Object Repository/MOH AND GRN/Page_KDMC - CMS/select_--Select--No Tax0'

2018-05-11 11:04:05 - [MESSAGE][PASSED] - All options with index in [1] are selected on object 'Object Repository/MOH AND GRN/Page_KDMC - CMS/select_--Select--No Tax0'

2018-05-11 11:04:05 - [TEST_STEP][PASSED] - setText: Finding Test Object with id 'Object Repository/MOH AND GRN/Page_KDMC - CMS/input_txtmrp'

2018-05-11 11:04:05 - [TEST_STEP][PASSED] - Statement - switch (id): Finding Test Object with id 'Object Repository/MOH AND GRN/Page_KDMC - CMS/input_txtdeal'

2018-05-11 11:04:05 - [TEST_STEP][PASSED] - Statement - case 4:: Text '30.0' is set on object 'Object Repository/MOH AND GRN/Page_KDMC - CMS/input_txtmrp'

2018-05-11 11:04:05 - [TEST_STEP][PASSED] - Statement - return (java.lang.Math.floor((java.lang.Math.random() * ((max - min) + 1))) + min): Text '30.0' is set on object 'Object Repository/MOH AND GRN/Page_KDMC - CMS/input_txtmrp'

2018-05-11 11:04:05 - [MESSAGE][PASSED] - Text '30.0' is set on object 'Object Repository/MOH AND GRN/Page_KDMC - CMS/input_txtmrp'

2018-05-11 11:04:05 - [TEST_STEP][PASSED] - setText: Finding Test Object with id 'Object Repository/MOH AND GRN/Page_KDMC - CMS/input_txtdeal'

2018-05-11 11:04:05 - [TEST_STEP][PASSED] - Statement - switch (id): Finding Test Object with id 'Object Repository/MOH AND GRN/Page_KDMC - CMS/input_txtbatchno'

2018-05-11 11:04:05 - [TEST_STEP][PASSED] - Statement - case 5:: Text '10.0' is set on object 'Object Repository/MOH AND GRN/Page_KDMC - CMS/input_txtdeal'

2018-05-11 11:04:05 - [TEST_STEP][PASSED] - Statement - return (java.lang.Math.floor((java.lang.Math.random() * ((max - min) + 1))) + min): Text '10.0' is set on object 'Object Repository/MOH AND GRN/Page_KDMC - CMS/input_txtdeal'

2018-05-11 11:04:05 - [MESSAGE][PASSED] - Text '10.0' is set on object 'Object Repository/MOH AND GRN/Page_KDMC - CMS/input_txtdeal'

2018-05-11 11:04:05 - [TEST_STEP][PASSED] - setText: Finding Test Object with id 'Object Repository/MOH AND GRN/Page_KDMC - CMS/input_txtbatchno'

2018-05-11 11:04:05 - [TEST_STEP][PASSED] - Statement - switch (id): Finding Test Object with id 'Object Repository/MOH AND GRN/Page_KDMC - CMS/input_txtmrp'

2018-05-11 11:04:05 - [TEST_STEP][PASSED] - Statement - case 1:: Text 'BA192.0' is set on object 'Object Repository/MOH AND GRN/Page_KDMC - CMS/input_txtbatchno'

2018-05-11 11:04:05 - [TEST_STEP][PASSED] - Statement - return (java.lang.Math.floor((java.lang.Math.random() * ((max - min) + 1))) + min): Text 'BA192.0' is set on object 'Object Repository/MOH AND GRN/Page_KDMC - CMS/input_txtbatchno'

2018-05-11 11:04:05 - [MESSAGE][PASSED] - Text 'BA192.0' is set on object 'Object Repository/MOH AND GRN/Page_KDMC - CMS/input_txtbatchno'

2018-05-11 11:04:05 - [TEST_STEP][PASSED] - rightClick: Object: 'Object Repository/GRN/Page_KDMC - CMS/input_txtexpdate' is right clicked on

2018-05-11 11:04:05 - [MESSAGE][PASSED] - Object: 'Object Repository/GRN/Page_KDMC - CMS/input_txtexpdate' is right clicked on

2018-05-11 11:04:05 - [TEST_STEP][PASSED] - selectOptionByIndex: All options with index in [6] are selected on object 'Object Repository/GRN/Page_KDMC - CMS/select_20182019202020212022202'

2018-05-11 11:04:05 - [MESSAGE][PASSED] - All options with index in [6] are selected on object 'Object Repository/GRN/Page_KDMC - CMS/select_20182019202020212022202'

2018-05-11 11:04:05 - [TEST_STEP][PASSED] - selectOptionByIndex: All options with index in [6] are selected on object 'Object Repository/GRN/Page_KDMC - CMS/select_JanFebMarAprMayJunJulAu'

2018-05-11 11:04:06 - [MESSAGE][PASSED] - All options with index in [6] are selected on object 'Object Repository/GRN/Page_KDMC - CMS/select_JanFebMarAprMayJunJulAu'

2018-05-11 11:04:06 - [TEST_STEP][PASSED] - click: Object: 'Object Repository/MOH AND GRN/Page_KDMC - CMS/a_12' is clicked on

2018-05-11 11:04:06 - [MESSAGE][PASSED] - Object: 'Object Repository/MOH AND GRN/Page_KDMC - CMS/a_12' is clicked on

2018-05-11 11:04:06 - [TEST_STEP][PASSED] - click: Object: 'Object Repository/MOH AND GRN/Page_KDMC - CMS/input_btnadd' is clicked on

2018-05-11 11:04:06 - [MESSAGE][PASSED] - Object: 'Object Repository/MOH AND GRN/Page_KDMC - CMS/input_btnadd' is clicked on

2018-05-11 11:04:06 - [TEST_STEP][PASSED] - Statement - If (s == 10): null

2018-05-11 11:04:06 - [TEST_STEP][PASSED] - Statement - Else: null

2018-05-11 11:04:06 - [TEST_STEP][PASSED] - Statement - (s++): null

2018-05-11 11:04:06 - [TEST_STEP][PASSED] - delay: Delayed 1 second(s)

2018-05-11 11:04:07 - [MESSAGE][PASSED] - Delayed 1 second(s)

2018-05-11 11:04:07 - [TEST_STEP][PASSED] - selectOptionByIndex: All options with index in [57] are selected on object 'Object Repository/MOH AND GRN/Page_KDMC - CMS/select_--Select--Amikacin -500'

2018-05-11 11:04:07 - [MESSAGE][PASSED] - All options with index in [57] are selected on object 'Object Repository/MOH AND GRN/Page_KDMC - CMS/select_--Select--Amikacin -500'

2018-05-11 11:04:07 - [TEST_STEP][PASSED] - setText: Text '5000' is set on object 'Object Repository/MOH AND GRN/Page_KDMC - CMS/input_txtqty'

2018-05-11 11:04:08 - [MESSAGE][PASSED] - Text '5000' is set on object 'Object Repository/MOH AND GRN/Page_KDMC - CMS/input_txtqty'

2018-05-11 11:04:08 - [TEST_STEP][PASSED] - selectOptionByIndex: All options with index in [1] are selected on object 'Object Repository/MOH AND GRN/Page_KDMC - CMS/select_--Select--No Tax0'

2018-05-11 11:04:08 - [MESSAGE][PASSED] - All options with index in [1] are selected on object 'Object Repository/MOH AND GRN/Page_KDMC - CMS/select_--Select--No Tax0'

2018-05-11 11:04:08 - [TEST_STEP][PASSED] - setText: Finding Test Object with id 'Object Repository/MOH AND GRN/Page_KDMC - CMS/input_txtmrp'

2018-05-11 11:04:08 - [TEST_STEP][PASSED] - Statement - switch (id): Finding Test Object with id 'Object Repository/MOH AND GRN/Page_KDMC - CMS/input_txtdeal'

2018-05-11 11:04:08 - [TEST_STEP][PASSED] - Statement - case 4:: Text '26.0' is set on object 'Object Repository/MOH AND GRN/Page_KDMC - CMS/input_txtmrp'

2018-05-11 11:04:08 - [TEST_STEP][PASSED] - Statement - return (java.lang.Math.floor((java.lang.Math.random() * ((max - min) + 1))) + min): Text '26.0' is set on object 'Object Repository/MOH AND GRN/Page_KDMC - CMS/input_txtmrp'

2018-05-11 11:04:08 - [MESSAGE][PASSED] - Text '26.0' is set on object 'Object Repository/MOH AND GRN/Page_KDMC - CMS/input_txtmrp'

2018-05-11 11:04:08 - [TEST_STEP][PASSED] - setText: Finding Test Object with id 'Object Repository/MOH AND GRN/Page_KDMC - CMS/input_txtdeal'

2018-05-11 11:04:08 - [TEST_STEP][PASSED] - Statement - switch (id): Finding Test Object with id 'Object Repository/MOH AND GRN/Page_KDMC - CMS/input_txtbatchno'

2018-05-11 11:04:08 - [TEST_STEP][PASSED] - Statement - case 5:: Text '6.0' is set on object 'Object Repository/MOH AND GRN/Page_KDMC - CMS/input_txtdeal'

2018-05-11 11:04:08 - [TEST_STEP][PASSED] - Statement - return (java.lang.Math.floor((java.lang.Math.random() * ((max - min) + 1))) + min): Text '6.0' is set on object 'Object Repository/MOH AND GRN/Page_KDMC - CMS/input_txtdeal'

2018-05-11 11:04:08 - [MESSAGE][PASSED] - Text '6.0' is set on object 'Object Repository/MOH AND GRN/Page_KDMC - CMS/input_txtdeal'

2018-05-11 11:04:08 - [TEST_STEP][PASSED] - setText: Finding Test Object with id 'Object Repository/MOH AND GRN/Page_KDMC - CMS/input_txtbatchno'

2018-05-11 11:04:08 - [TEST_STEP][PASSED] - Statement - switch (id): Finding Test Object with id 'Object Repository/MOH AND GRN/Page_KDMC - CMS/input_txtmrp'

2018-05-11 11:04:08 - [TEST_STEP][PASSED] - Statement - case 1:: Text 'BA483.0' is set on object 'Object Repository/MOH AND GRN/Page_KDMC - CMS/input_txtbatchno'

2018-05-11 11:04:08 - [TEST_STEP][PASSED] - Statement - return (java.lang.Math.floor((java.lang.Math.random() * ((max - min) + 1))) + min): Text 'BA483.0' is set on object 'Object Repository/MOH AND GRN/Page_KDMC - CMS/input_txtbatchno'

2018-05-11 11:04:08 - [MESSAGE][PASSED] - Text 'BA483.0' is set on object 'Object Repository/MOH AND GRN/Page_KDMC - CMS/input_txtbatchno'

2018-05-11 11:04:08 - [TEST_STEP][PASSED] - rightClick: Object: 'Object Repository/GRN/Page_KDMC - CMS/input_txtexpdate' is right clicked on

2018-05-11 11:04:08 - [MESSAGE][PASSED] - Object: 'Object Repository/GRN/Page_KDMC - CMS/input_txtexpdate' is right clicked on

2018-05-11 11:04:08 - [TEST_STEP][PASSED] - selectOptionByIndex: All options with index in [7] are selected on object 'Object Repository/GRN/Page_KDMC - CMS/select_20182019202020212022202'

2018-05-11 11:04:08 - [MESSAGE][PASSED] - All options with index in [7] are selected on object 'Object Repository/GRN/Page_KDMC - CMS/select_20182019202020212022202'

2018-05-11 11:04:08 - [TEST_STEP][PASSED] - selectOptionByIndex: All options with index in [7] are selected on object 'Object Repository/GRN/Page_KDMC - CMS/select_JanFebMarAprMayJunJulAu'

2018-05-11 11:04:09 - [MESSAGE][PASSED] - All options with index in [7] are selected on object 'Object Repository/GRN/Page_KDMC - CMS/select_JanFebMarAprMayJunJulAu'

2018-05-11 11:04:09 - [TEST_STEP][PASSED] - click: Object: 'Object Repository/MOH AND GRN/Page_KDMC - CMS/a_12' is clicked on

2018-05-11 11:04:09 - [MESSAGE][PASSED] - Object: 'Object Repository/MOH AND GRN/Page_KDMC - CMS/a_12' is clicked on

2018-05-11 11:04:09 - [TEST_STEP][PASSED] - click: Object: 'Object Repository/MOH AND GRN/Page_KDMC - CMS/input_btnadd' is clicked on

2018-05-11 11:04:09 - [MESSAGE][PASSED] - Object: 'Object Repository/MOH AND GRN/Page_KDMC - CMS/input_btnadd' is clicked on

2018-05-11 11:04:09 - [TEST_STEP][PASSED] - Statement - If (s == 10): null

2018-05-11 11:04:09 - [TEST_STEP][PASSED] - Statement - Else: null

2018-05-11 11:04:09 - [TEST_STEP][PASSED] - Statement - (s++): null

2018-05-11 11:04:09 - [TEST_STEP][PASSED] - delay: Delayed 1 second(s)

2018-05-11 11:04:10 - [MESSAGE][PASSED] - Delayed 1 second(s)

2018-05-11 11:04:10 - [TEST_STEP][PASSED] - selectOptionByIndex: All options with index in [58] are selected on object 'Object Repository/MOH AND GRN/Page_KDMC - CMS/select_--Select--Amikacin -500'

2018-05-11 11:04:11 - [MESSAGE][PASSED] - All options with index in [58] are selected on object 'Object Repository/MOH AND GRN/Page_KDMC - CMS/select_--Select--Amikacin -500'

2018-05-11 11:04:11 - [TEST_STEP][PASSED] - setText: Text '5000' is set on object 'Object Repository/MOH AND GRN/Page_KDMC - CMS/input_txtqty'

2018-05-11 11:04:11 - [MESSAGE][PASSED] - Text '5000' is set on object 'Object Repository/MOH AND GRN/Page_KDMC - CMS/input_txtqty'

2018-05-11 11:04:11 - [TEST_STEP][PASSED] - selectOptionByIndex: All options with index in [1] are selected on object 'Object Repository/MOH AND GRN/Page_KDMC - CMS/select_--Select--No Tax0'

2018-05-11 11:04:11 - [MESSAGE][PASSED] - All options with index in [1] are selected on object 'Object Repository/MOH AND GRN/Page_KDMC - CMS/select_--Select--No Tax0'

2018-05-11 11:04:11 - [TEST_STEP][PASSED] - setText: Finding Test Object with id 'Object Repository/MOH AND GRN/Page_KDMC - CMS/input_txtmrp'

2018-05-11 11:04:11 - [TEST_STEP][PASSED] - Statement - switch (id): Finding Test Object with id 'Object Repository/MOH AND GRN/Page_KDMC - CMS/input_txtdeal'

2018-05-11 11:04:11 - [TEST_STEP][PASSED] - Statement - case 4:: Text '28.0' is set on object 'Object Repository/MOH AND GRN/Page_KDMC - CMS/input_txtmrp'

2018-05-11 11:04:11 - [TEST_STEP][PASSED] - Statement - return (java.lang.Math.floor((java.lang.Math.random() * ((max - min) + 1))) + min): Text '28.0' is set on object 'Object Repository/MOH AND GRN/Page_KDMC - CMS/input_txtmrp'

2018-05-11 11:04:11 - [MESSAGE][PASSED] - Text '28.0' is set on object 'Object Repository/MOH AND GRN/Page_KDMC - CMS/input_txtmrp'

2018-05-11 11:04:11 - [TEST_STEP][PASSED] - setText: Finding Test Object with id 'Object Repository/MOH AND GRN/Page_KDMC - CMS/input_txtdeal'

2018-05-11 11:04:11 - [TEST_STEP][PASSED] - Statement - switch (id): Finding Test Object with id 'Object Repository/MOH AND GRN/Page_KDMC - CMS/input_txtbatchno'

2018-05-11 11:04:11 - [TEST_STEP][PASSED] - Statement - case 5:: Text '2.0' is set on object 'Object Repository/MOH AND GRN/Page_KDMC - CMS/input_txtdeal'

2018-05-11 11:04:11 - [TEST_STEP][PASSED] - Statement - return (java.lang.Math.floor((java.lang.Math.random() * ((max - min) + 1))) + min): Text '2.0' is set on object 'Object Repository/MOH AND GRN/Page_KDMC - CMS/input_txtdeal'

2018-05-11 11:04:11 - [MESSAGE][PASSED] - Text '2.0' is set on object 'Object Repository/MOH AND GRN/Page_KDMC - CMS/input_txtdeal'

2018-05-11 11:04:11 - [TEST_STEP][PASSED] - setText: Finding Test Object with id 'Object Repository/MOH AND GRN/Page_KDMC - CMS/input_txtbatchno'

2018-05-11 11:04:11 - [TEST_STEP][PASSED] - Statement - switch (id): Finding Test Object with id 'Object Repository/MOH AND GRN/Page_KDMC - CMS/input_txtmrp'

2018-05-11 11:04:11 - [TEST_STEP][PASSED] - Statement - case 1:: Text 'BA738.0' is set on object 'Object Repository/MOH AND GRN/Page_KDMC - CMS/input_txtbatchno'

2018-05-11 11:04:11 - [TEST_STEP][PASSED] - Statement - return (java.lang.Math.floor((java.lang.Math.random() * ((max - min) + 1))) + min): Text 'BA738.0' is set on object 'Object Repository/MOH AND GRN/Page_KDMC - CMS/input_txtbatchno'

2018-05-11 11:04:11 - [MESSAGE][PASSED] - Text 'BA738.0' is set on object 'Object Repository/MOH AND GRN/Page_KDMC - CMS/input_txtbatchno'

2018-05-11 11:04:11 - [TEST_STEP][PASSED] - rightClick: Object: 'Object Repository/GRN/Page_KDMC - CMS/input_txtexpdate' is right clicked on

2018-05-11 11:04:11 - [MESSAGE][PASSED] - Object: 'Object Repository/GRN/Page_KDMC - CMS/input_txtexpdate' is right clicked on

2018-05-11 11:04:11 - [TEST_STEP][PASSED] - selectOptionByIndex: All options with index in [8] are selected on object 'Object Repository/GRN/Page_KDMC - CMS/select_20182019202020212022202'

2018-05-11 11:04:12 - [MESSAGE][PASSED] - All options with index in [8] are selected on object 'Object Repository/GRN/Page_KDMC - CMS/select_20182019202020212022202'

2018-05-11 11:04:12 - [TEST_STEP][PASSED] - selectOptionByIndex: All options with index in [8] are selected on object 'Object Repository/GRN/Page_KDMC - CMS/select_JanFebMarAprMayJunJulAu'

2018-05-11 11:04:12 - [MESSAGE][PASSED] - All options with index in [8] are selected on object 'Object Repository/GRN/Page_KDMC - CMS/select_JanFebMarAprMayJunJulAu'

2018-05-11 11:04:12 - [TEST_STEP][PASSED] - click: Object: 'Object Repository/MOH AND GRN/Page_KDMC - CMS/a_12' is clicked on

2018-05-11 11:04:12 - [MESSAGE][PASSED] - Object: 'Object Repository/MOH AND GRN/Page_KDMC - CMS/a_12' is clicked on

2018-05-11 11:04:12 - [TEST_STEP][PASSED] - click: Object: 'Object Repository/MOH AND GRN/Page_KDMC - CMS/input_btnadd' is clicked on

2018-05-11 11:04:12 - [MESSAGE][PASSED] - Object: 'Object Repository/MOH AND GRN/Page_KDMC - CMS/input_btnadd' is clicked on

2018-05-11 11:04:12 - [TEST_STEP][PASSED] - Statement - If (s == 10): null

2018-05-11 11:04:12 - [TEST_STEP][PASSED] - Statement - Else: null

2018-05-11 11:04:12 - [TEST_STEP][PASSED] - Statement - (s++): null

2018-05-11 11:04:12 - [TEST_STEP][PASSED] - delay: Delayed 1 second(s)

2018-05-11 11:04:13 - [MESSAGE][PASSED] - Delayed 1 second(s)

2018-05-11 11:04:13 - [TEST_STEP][PASSED] - selectOptionByIndex: All options with index in [59] are selected on object 'Object Repository/MOH AND GRN/Page_KDMC - CMS/select_--Select--Amikacin -500'

2018-05-11 11:04:14 - [MESSAGE][PASSED] - All options with index in [59] are selected on object 'Object Repository/MOH AND GRN/Page_KDMC - CMS/select_--Select--Amikacin -500'

2018-05-11 11:04:14 - [TEST_STEP][PASSED] - setText: Text '5000' is set on object 'Object Repository/MOH AND GRN/Page_KDMC - CMS/input_txtqty'

2018-05-11 11:04:14 - [MESSAGE][PASSED] - Text '5000' is set on object 'Object Repository/MOH AND GRN/Page_KDMC - CMS/input_txtqty'

2018-05-11 11:04:14 - [TEST_STEP][PASSED] - selectOptionByIndex: All options with index in [1] are selected on object 'Object Repository/MOH AND GRN/Page_KDMC - CMS/select_--Select--No Tax0'

2018-05-11 11:04:14 - [MESSAGE][PASSED] - All options with index in [1] are selected on object 'Object Repository/MOH AND GRN/Page_KDMC - CMS/select_--Select--No Tax0'

2018-05-11 11:04:14 - [TEST_STEP][PASSED] - setText: Finding Test Object with id 'Object Repository/MOH AND GRN/Page_KDMC - CMS/input_txtmrp'

2018-05-11 11:04:14 - [TEST_STEP][PASSED] - Statement - switch (id): Finding Test Object with id 'Object Repository/MOH AND GRN/Page_KDMC - CMS/input_txtdeal'

2018-05-11 11:04:14 - [TEST_STEP][PASSED] - Statement - case 4:: Text '37.0' is set on object 'Object Repository/MOH AND GRN/Page_KDMC - CMS/input_txtmrp'

2018-05-11 11:04:14 - [TEST_STEP][PASSED] - Statement - return (java.lang.Math.floor((java.lang.Math.random() * ((max - min) + 1))) + min): Text '37.0' is set on object 'Object Repository/MOH AND GRN/Page_KDMC - CMS/input_txtmrp'

2018-05-11 11:04:14 - [MESSAGE][PASSED] - Text '37.0' is set on object 'Object Repository/MOH AND GRN/Page_KDMC - CMS/input_txtmrp'

2018-05-11 11:04:14 - [TEST_STEP][PASSED] - setText: Finding Test Object with id 'Object Repository/MOH AND GRN/Page_KDMC - CMS/input_txtdeal'

2018-05-11 11:04:14 - [TEST_STEP][PASSED] - Statement - switch (id): Finding Test Object with id 'Object Repository/MOH AND GRN/Page_KDMC - CMS/input_txtbatchno'

2018-05-11 11:04:14 - [TEST_STEP][PASSED] - Statement - case 5:: Text '12.0' is set on object 'Object Repository/MOH AND GRN/Page_KDMC - CMS/input_txtdeal'

2018-05-11 11:04:14 - [TEST_STEP][PASSED] - Statement - return (java.lang.Math.floor((java.lang.Math.random() * ((max - min) + 1))) + min): Text '12.0' is set on object 'Object Repository/MOH AND GRN/Page_KDMC - CMS/input_txtdeal'

2018-05-11 11:04:14 - [MESSAGE][PASSED] - Text '12.0' is set on object 'Object Repository/MOH AND GRN/Page_KDMC - CMS/input_txtdeal'

2018-05-11 11:04:14 - [TEST_STEP][PASSED] - setText: Finding Test Object with id 'Object Repository/MOH AND GRN/Page_KDMC - CMS/input_txtbatchno'

2018-05-11 11:04:14 - [TEST_STEP][PASSED] - Statement - switch (id): Finding Test Object with id 'Object Repository/MOH AND GRN/Page_KDMC - CMS/input_txtmrp'

2018-05-11 11:04:14 - [TEST_STEP][PASSED] - Statement - case 1:: Text 'BA976.0' is set on object 'Object Repository/MOH AND GRN/Page_KDMC - CMS/input_txtbatchno'

2018-05-11 11:04:14 - [TEST_STEP][PASSED] - Statement - return (java.lang.Math.floor((java.lang.Math.random() * ((max - min) + 1))) + min): Text 'BA976.0' is set on object 'Object Repository/MOH AND GRN/Page_KDMC - CMS/input_txtbatchno'

2018-05-11 11:04:14 - [MESSAGE][PASSED] - Text 'BA976.0' is set on object 'Object Repository/MOH AND GRN/Page_KDMC - CMS/input_txtbatchno'

2018-05-11 11:04:14 - [TEST_STEP][PASSED] - rightClick: Object: 'Object Repository/GRN/Page_KDMC - CMS/input_txtexpdate' is right clicked on

2018-05-11 11:04:14 - [MESSAGE][PASSED] - Object: 'Object Repository/GRN/Page_KDMC - CMS/input_txtexpdate' is right clicked on

2018-05-11 11:04:14 - [TEST_STEP][PASSED] - selectOptionByIndex: All options with index in [9] are selected on object 'Object Repository/GRN/Page_KDMC - CMS/select_20182019202020212022202'

2018-05-11 11:04:15 - [MESSAGE][PASSED] - All options with index in [9] are selected on object 'Object Repository/GRN/Page_KDMC - CMS/select_20182019202020212022202'

2018-05-11 11:04:15 - [TEST_STEP][PASSED] - selectOptionByIndex: All options with index in [9] are selected on object 'Object Repository/GRN/Page_KDMC - CMS/select_JanFebMarAprMayJunJulAu'

2018-05-11 11:04:15 - [MESSAGE][PASSED] - All options with index in [9] are selected on object 'Object Repository/GRN/Page_KDMC - CMS/select_JanFebMarAprMayJunJulAu'

2018-05-11 11:04:15 - [TEST_STEP][PASSED] - click: Object: 'Object Repository/MOH AND GRN/Page_KDMC - CMS/a_12' is clicked on

2018-05-11 11:04:15 - [MESSAGE][PASSED] - Object: 'Object Repository/MOH AND GRN/Page_KDMC - CMS/a_12' is clicked on

2018-05-11 11:04:15 - [TEST_STEP][PASSED] - click: Object: 'Object Repository/MOH AND GRN/Page_KDMC - CMS/input_btnadd' is clicked on

2018-05-11 11:04:15 - [MESSAGE][PASSED] - Object: 'Object Repository/MOH AND GRN/Page_KDMC - CMS/input_btnadd' is clicked on

2018-05-11 11:04:15 - [TEST_STEP][PASSED] - Statement - If (s == 10): null

2018-05-11 11:04:15 - [TEST_STEP][PASSED] - Statement - Else: null

2018-05-11 11:04:15 - [TEST_STEP][PASSED] - Statement - (s++): null

2018-05-11 11:04:15 - [TEST_STEP][PASSED] - delay: Delayed 1 second(s)

2018-05-11 11:04:16 - [MESSAGE][PASSED] - Delayed 1 second(s)

2018-05-11 11:04:16 - [TEST_STEP][PASSED] - selectOptionByIndex: All options with index in [60] are selected on object 'Object Repository/MOH AND GRN/Page_KDMC - CMS/select_--Select--Amikacin -500'

2018-05-11 11:04:17 - [MESSAGE][PASSED] - All options with index in [60] are selected on object 'Object Repository/MOH AND GRN/Page_KDMC - CMS/select_--Select--Amikacin -500'

2018-05-11 11:04:17 - [TEST_STEP][PASSED] - setText: Text '5000' is set on object 'Object Repository/MOH AND GRN/Page_KDMC - CMS/input_txtqty'

2018-05-11 11:04:17 - [MESSAGE][PASSED] - Text '5000' is set on object 'Object Repository/MOH AND GRN/Page_KDMC - CMS/input_txtqty'

2018-05-11 11:04:17 - [TEST_STEP][PASSED] - selectOptionByIndex: All options with index in [1] are selected on object 'Object Repository/MOH AND GRN/Page_KDMC - CMS/select_--Select--No Tax0'

2018-05-11 11:04:17 - [MESSAGE][PASSED] - All options with index in [1] are selected on object 'Object Repository/MOH AND GRN/Page_KDMC - CMS/select_--Select--No Tax0'

2018-05-11 11:04:17 - [TEST_STEP][PASSED] - setText: Finding Test Object with id 'Object Repository/MOH AND GRN/Page_KDMC - CMS/input_txtmrp'

2018-05-11 11:04:17 - [TEST_STEP][PASSED] - Statement - switch (id): Finding Test Object with id 'Object Repository/MOH AND GRN/Page_KDMC - CMS/input_txtdeal'

2018-05-11 11:04:17 - [TEST_STEP][PASSED] - Statement - case 4:: Text '30.0' is set on object 'Object Repository/MOH AND GRN/Page_KDMC - CMS/input_txtmrp'

2018-05-11 11:04:17 - [TEST_STEP][PASSED] - Statement - return (java.lang.Math.floor((java.lang.Math.random() * ((max - min) + 1))) + min): Text '30.0' is set on object 'Object Repository/MOH AND GRN/Page_KDMC - CMS/input_txtmrp'

2018-05-11 11:04:17 - [MESSAGE][PASSED] - Text '30.0' is set on object 'Object Repository/MOH AND GRN/Page_KDMC - CMS/input_txtmrp'

2018-05-11 11:04:17 - [TEST_STEP][PASSED] - setText: Finding Test Object with id 'Object Repository/MOH AND GRN/Page_KDMC - CMS/input_txtdeal'

2018-05-11 11:04:17 - [TEST_STEP][PASSED] - Statement - switch (id): Finding Test Object with id 'Object Repository/MOH AND GRN/Page_KDMC - CMS/input_txtbatchno'

2018-05-11 11:04:17 - [TEST_STEP][PASSED] - Statement - case 5:: Text '9.0' is set on object 'Object Repository/MOH AND GRN/Page_KDMC - CMS/input_txtdeal'

2018-05-11 11:04:17 - [TEST_STEP][PASSED] - Statement - return (java.lang.Math.floor((java.lang.Math.random() * ((max - min) + 1))) + min): Text '9.0' is set on object 'Object Repository/MOH AND GRN/Page_KDMC - CMS/input_txtdeal'

2018-05-11 11:04:17 - [MESSAGE][PASSED] - Text '9.0' is set on object 'Object Repository/MOH AND GRN/Page_KDMC - CMS/input_txtdeal'

2018-05-11 11:04:17 - [TEST_STEP][PASSED] - setText: Finding Test Object with id 'Object Repository/MOH AND GRN/Page_KDMC - CMS/input_txtbatchno'

2018-05-11 11:04:17 - [TEST_STEP][PASSED] - Statement - switch (id): Finding Test Object with id 'Object Repository/MOH AND GRN/Page_KDMC - CMS/input_txtmrp'

2018-05-11 11:04:17 - [TEST_STEP][PASSED] - Statement - case 1:: Text 'BA443.0' is set on object 'Object Repository/MOH AND GRN/Page_KDMC - CMS/input_txtbatchno'

2018-05-11 11:04:17 - [TEST_STEP][PASSED] - Statement - return (java.lang.Math.floor((java.lang.Math.random() * ((max - min) + 1))) + min): Text 'BA443.0' is set on object 'Object Repository/MOH AND GRN/Page_KDMC - CMS/input_txtbatchno'

2018-05-11 11:04:18 - [MESSAGE][PASSED] - Text 'BA443.0' is set on object 'Object Repository/MOH AND GRN/Page_KDMC - CMS/input_txtbatchno'

2018-05-11 11:04:18 - [TEST_STEP][PASSED] - rightClick: Object: 'Object Repository/GRN/Page_KDMC - CMS/input_txtexpdate' is right clicked on

2018-05-11 11:04:18 - [MESSAGE][PASSED] - Object: 'Object Repository/GRN/Page_KDMC - CMS/input_txtexpdate' is right clicked on

2018-05-11 11:04:18 - [TEST_STEP][PASSED] - selectOptionByIndex: All options with index in [10] are selected on object 'Object Repository/GRN/Page_KDMC - CMS/select_20182019202020212022202'

2018-05-11 11:04:18 - [MESSAGE][PASSED] - All options with index in [10] are selected on object 'Object Repository/GRN/Page_KDMC - CMS/select_20182019202020212022202'

2018-05-11 11:04:18 - [TEST_STEP][PASSED] - selectOptionByIndex: All options with index in [10] are selected on object 'Object Repository/GRN/Page_KDMC - CMS/select_JanFebMarAprMayJunJulAu'

2018-05-11 11:04:18 - [MESSAGE][PASSED] - All options with index in [10] are selected on object 'Object Repository/GRN/Page_KDMC - CMS/select_JanFebMarAprMayJunJulAu'

2018-05-11 11:04:18 - [TEST_STEP][PASSED] - click: Object: 'Object Repository/MOH AND GRN/Page_KDMC - CMS/a_12' is clicked on

2018-05-11 11:04:18 - [MESSAGE][PASSED] - Object: 'Object Repository/MOH AND GRN/Page_KDMC - CMS/a_12' is clicked on

2018-05-11 11:04:18 - [TEST_STEP][PASSED] - click: Object: 'Object Repository/MOH AND GRN/Page_KDMC - CMS/input_btnadd' is clicked on

2018-05-11 11:04:18 - [MESSAGE][PASSED] - Object: 'Object Repository/MOH AND GRN/Page_KDMC - CMS/input_btnadd' is clicked on

2018-05-11 11:04:18 - [TEST_STEP][PASSED] - Statement - If (s == 10): null

2018-05-11 11:04:18 - [TEST_STEP][PASSED] - Statement - s = 1: null

2018-05-11 11:04:18 - [TEST_STEP][PASSED] - delay: Delayed 1 second(s)

2018-05-11 11:04:19 - [MESSAGE][PASSED] - Delayed 1 second(s)

2018-05-11 11:04:19 - [TEST_STEP][PASSED] - selectOptionByIndex: All options with index in [61] are selected on object 'Object Repository/MOH AND GRN/Page_KDMC - CMS/select_--Select--Amikacin -500'

2018-05-11 11:04:20 - [MESSAGE][PASSED] - All options with index in [61] are selected on object 'Object Repository/MOH AND GRN/Page_KDMC - CMS/select_--Select--Amikacin -500'

2018-05-11 11:04:20 - [TEST_STEP][PASSED] - setText: Text '5000' is set on object 'Object Repository/MOH AND GRN/Page_KDMC - CMS/input_txtqty'

2018-05-11 11:04:20 - [MESSAGE][PASSED] - Text '5000' is set on object 'Object Repository/MOH AND GRN/Page_KDMC - CMS/input_txtqty'

2018-05-11 11:04:20 - [TEST_STEP][PASSED] - selectOptionByIndex: All options with index in [1] are selected on object 'Object Repository/MOH AND GRN/Page_KDMC - CMS/select_--Select--No Tax0'

2018-05-11 11:04:20 - [MESSAGE][PASSED] - All options with index in [1] are selected on object 'Object Repository/MOH AND GRN/Page_KDMC - CMS/select_--Select--No Tax0'

2018-05-11 11:04:20 - [TEST_STEP][PASSED] - setText: Finding Test Object with id 'Object Repository/MOH AND GRN/Page_KDMC - CMS/input_txtmrp'

2018-05-11 11:04:20 - [TEST_STEP][PASSED] - Statement - switch (id): Finding Test Object with id 'Object Repository/MOH AND GRN/Page_KDMC - CMS/input_txtdeal'

2018-05-11 11:04:20 - [TEST_STEP][PASSED] - Statement - case 4:: Text '25.0' is set on object 'Object Repository/MOH AND GRN/Page_KDMC - CMS/input_txtmrp'

2018-05-11 11:04:20 - [TEST_STEP][PASSED] - Statement - return (java.lang.Math.floor((java.lang.Math.random() * ((max - min) + 1))) + min): Text '25.0' is set on object 'Object Repository/MOH AND GRN/Page_KDMC - CMS/input_txtmrp'

2018-05-11 11:04:20 - [MESSAGE][PASSED] - Text '25.0' is set on object 'Object Repository/MOH AND GRN/Page_KDMC - CMS/input_txtmrp'

2018-05-11 11:04:20 - [TEST_STEP][PASSED] - setText: Finding Test Object with id 'Object Repository/MOH AND GRN/Page_KDMC - CMS/input_txtdeal'

2018-05-11 11:04:20 - [TEST_STEP][PASSED] - Statement - switch (id): Finding Test Object with id 'Object Repository/MOH AND GRN/Page_KDMC - CMS/input_txtbatchno'

2018-05-11 11:04:20 - [TEST_STEP][PASSED] - Statement - case 5:: Text '11.0' is set on object 'Object Repository/MOH AND GRN/Page_KDMC - CMS/input_txtdeal'

2018-05-11 11:04:20 - [TEST_STEP][PASSED] - Statement - return (java.lang.Math.floor((java.lang.Math.random() * ((max - min) + 1))) + min): Text '11.0' is set on object 'Object Repository/MOH AND GRN/Page_KDMC - CMS/input_txtdeal'

2018-05-11 11:04:20 - [MESSAGE][PASSED] - Text '11.0' is set on object 'Object Repository/MOH AND GRN/Page_KDMC - CMS/input_txtdeal'

2018-05-11 11:04:20 - [TEST_STEP][PASSED] - setText: Finding Test Object with id 'Object Repository/MOH AND GRN/Page_KDMC - CMS/input_txtbatchno'

2018-05-11 11:04:20 - [TEST_STEP][PASSED] - Statement - switch (id): Finding Test Object with id 'Object Repository/MOH AND GRN/Page_KDMC - CMS/input_txtmrp'

2018-05-11 11:04:20 - [TEST_STEP][PASSED] - Statement - case 1:: Text 'BA151.0' is set on object 'Object Repository/MOH AND GRN/Page_KDMC - CMS/input_txtbatchno'

2018-05-11 11:04:20 - [TEST_STEP][PASSED] - Statement - return (java.lang.Math.floor((java.lang.Math.random() * ((max - min) + 1))) + min): Text 'BA151.0' is set on object 'Object Repository/MOH AND GRN/Page_KDMC - CMS/input_txtbatchno'

2018-05-11 11:04:21 - [MESSAGE][PASSED] - Text 'BA151.0' is set on object 'Object Repository/MOH AND GRN/Page_KDMC - CMS/input_txtbatchno'

2018-05-11 11:04:21 - [TEST_STEP][PASSED] - rightClick: Object: 'Object Repository/GRN/Page_KDMC - CMS/input_txtexpdate' is right clicked on

2018-05-11 11:04:21 - [MESSAGE][PASSED] - Object: 'Object Repository/GRN/Page_KDMC - CMS/input_txtexpdate' is right clicked on

2018-05-11 11:04:21 - [TEST_STEP][PASSED] - selectOptionByIndex: All options with index in [1] are selected on object 'Object Repository/GRN/Page_KDMC - CMS/select_20182019202020212022202'

2018-05-11 11:04:21 - [MESSAGE][PASSED] - All options with index in [1] are selected on object 'Object Repository/GRN/Page_KDMC - CMS/select_20182019202020212022202'

2018-05-11 11:04:21 - [TEST_STEP][PASSED] - selectOptionByIndex: All options with index in [1] are selected on object 'Object Repository/GRN/Page_KDMC - CMS/select_JanFebMarAprMayJunJulAu'

2018-05-11 11:04:21 - [MESSAGE][PASSED] - All options with index in [1] are selected on object 'Object Repository/GRN/Page_KDMC - CMS/select_JanFebMarAprMayJunJulAu'

2018-05-11 11:04:21 - [TEST_STEP][PASSED] - click: Object: 'Object Repository/MOH AND GRN/Page_KDMC - CMS/a_12' is clicked on

2018-05-11 11:04:21 - [MESSAGE][PASSED] - Object: 'Object Repository/MOH AND GRN/Page_KDMC - CMS/a_12' is clicked on

2018-05-11 11:04:21 - [TEST_STEP][PASSED] - click: Object: 'Object Repository/MOH AND GRN/Page_KDMC - CMS/input_btnadd' is clicked on

2018-05-11 11:04:21 - [MESSAGE][PASSED] - Object: 'Object Repository/MOH AND GRN/Page_KDMC - CMS/input_btnadd' is clicked on

2018-05-11 11:04:21 - [TEST_STEP][PASSED] - Statement - If (s == 10): null

2018-05-11 11:04:21 - [TEST_STEP][PASSED] - Statement - Else: null

2018-05-11 11:04:21 - [TEST_STEP][PASSED] - Statement - (s++): null

2018-05-11 11:04:21 - [TEST_STEP][PASSED] - delay: Delayed 1 second(s)

2018-05-11 11:04:22 - [MESSAGE][PASSED] - Delayed 1 second(s)

2018-05-11 11:04:22 - [TEST_STEP][PASSED] - selectOptionByIndex: All options with index in [62] are selected on object 'Object Repository/MOH AND GRN/Page_KDMC - CMS/select_--Select--Amikacin -500'

2018-05-11 11:04:23 - [MESSAGE][PASSED] - All options with index in [62] are selected on object 'Object Repository/MOH AND GRN/Page_KDMC - CMS/select_--Select--Amikacin -500'

2018-05-11 11:04:23 - [TEST_STEP][PASSED] - setText: Text '5000' is set on object 'Object Repository/MOH AND GRN/Page_KDMC - CMS/input_txtqty'

2018-05-11 11:04:23 - [MESSAGE][PASSED] - Text '5000' is set on object 'Object Repository/MOH AND GRN/Page_KDMC - CMS/input_txtqty'

2018-05-11 11:04:23 - [TEST_STEP][PASSED] - selectOptionByIndex: All options with index in [1] are selected on object 'Object Repository/MOH AND GRN/Page_KDMC - CMS/select_--Select--No Tax0'

2018-05-11 11:04:23 - [MESSAGE][PASSED] - All options with index in [1] are selected on object 'Object Repository/MOH AND GRN/Page_KDMC - CMS/select_--Select--No Tax0'

2018-05-11 11:04:23 - [TEST_STEP][PASSED] - setText: Finding Test Object with id 'Object Repository/MOH AND GRN/Page_KDMC - CMS/input_txtmrp'

2018-05-11 11:04:23 - [TEST_STEP][PASSED] - Statement - switch (id): Finding Test Object with id 'Object Repository/MOH AND GRN/Page_KDMC - CMS/input_txtdeal'

2018-05-11 11:04:23 - [TEST_STEP][PASSED] - Statement - case 4:: Text '19.0' is set on object 'Object Repository/MOH AND GRN/Page_KDMC - CMS/input_txtmrp'

2018-05-11 11:04:23 - [TEST_STEP][PASSED] - Statement - return (java.lang.Math.floor((java.lang.Math.random() * ((max - min) + 1))) + min): Text '19.0' is set on object 'Object Repository/MOH AND GRN/Page_KDMC - CMS/input_txtmrp'

2018-05-11 11:04:24 - [MESSAGE][PASSED] - Text '19.0' is set on object 'Object Repository/MOH AND GRN/Page_KDMC - CMS/input_txtmrp'

2018-05-11 11:04:24 - [TEST_STEP][PASSED] - setText: Finding Test Object with id 'Object Repository/MOH AND GRN/Page_KDMC - CMS/input_txtdeal'

2018-05-11 11:04:24 - [TEST_STEP][PASSED] - Statement - switch (id): Finding Test Object with id 'Object Repository/MOH AND GRN/Page_KDMC - CMS/input_txtbatchno'

2018-05-11 11:04:24 - [TEST_STEP][PASSED] - Statement - case 5:: Text '7.0' is set on object 'Object Repository/MOH AND GRN/Page_KDMC - CMS/input_txtdeal'

2018-05-11 11:04:24 - [TEST_STEP][PASSED] - Statement - return (java.lang.Math.floor((java.lang.Math.random() * ((max - min) + 1))) + min): Text '7.0' is set on object 'Object Repository/MOH AND GRN/Page_KDMC - CMS/input_txtdeal'

2018-05-11 11:04:24 - [MESSAGE][PASSED] - Text '7.0' is set on object 'Object Repository/MOH AND GRN/Page_KDMC - CMS/input_txtdeal'

2018-05-11 11:04:24 - [TEST_STEP][PASSED] - setText: Finding Test Object with id 'Object Repository/MOH AND GRN/Page_KDMC - CMS/input_txtbatchno'

2018-05-11 11:04:24 - [TEST_STEP][PASSED] - Statement - switch (id): Finding Test Object with id 'Object Repository/MOH AND GRN/Page_KDMC - CMS/input_txtmrp'

2018-05-11 11:04:24 - [TEST_STEP][PASSED] - Statement - case 1:: Text 'BA779.0' is set on object 'Object Repository/MOH AND GRN/Page_KDMC - CMS/input_txtbatchno'

2018-05-11 11:04:24 - [TEST_STEP][PASSED] - Statement - return (java.lang.Math.floor((java.lang.Math.random() * ((max - min) + 1))) + min): Text 'BA779.0' is set on object 'Object Repository/MOH AND GRN/Page_KDMC - CMS/input_txtbatchno'

2018-05-11 11:04:24 - [MESSAGE][PASSED] - Text 'BA779.0' is set on object 'Object Repository/MOH AND GRN/Page_KDMC - CMS/input_txtbatchno'

2018-05-11 11:04:24 - [TEST_STEP][PASSED] - rightClick: Object: 'Object Repository/GRN/Page_KDMC - CMS/input_txtexpdate' is right clicked on

2018-05-11 11:04:24 - [MESSAGE][PASSED] - Object: 'Object Repository/GRN/Page_KDMC - CMS/input_txtexpdate' is right clicked on

2018-05-11 11:04:24 - [TEST_STEP][PASSED] - selectOptionByIndex: All options with index in [2] are selected on object 'Object Repository/GRN/Page_KDMC - CMS/select_20182019202020212022202'

2018-05-11 11:04:24 - [MESSAGE][PASSED] - All options with index in [2] are selected on object 'Object Repository/GRN/Page_KDMC - CMS/select_20182019202020212022202'

2018-05-11 11:04:24 - [TEST_STEP][PASSED] - selectOptionByIndex: All options with index in [2] are selected on object 'Object Repository/GRN/Page_KDMC - CMS/select_JanFebMarAprMayJunJulAu'

2018-05-11 11:04:24 - [MESSAGE][PASSED] - All options with index in [2] are selected on object 'Object Repository/GRN/Page_KDMC - CMS/select_JanFebMarAprMayJunJulAu'

2018-05-11 11:04:24 - [TEST_STEP][PASSED] - click: Object: 'Object Repository/MOH AND GRN/Page_KDMC - CMS/a_12' is clicked on

2018-05-11 11:04:24 - [MESSAGE][PASSED] - Object: 'Object Repository/MOH AND GRN/Page_KDMC - CMS/a_12' is clicked on

2018-05-11 11:04:24 - [TEST_STEP][PASSED] - click: Object: 'Object Repository/MOH AND GRN/Page_KDMC - CMS/input_btnadd' is clicked on

2018-05-11 11:04:24 - [MESSAGE][PASSED] - Object: 'Object Repository/MOH AND GRN/Page_KDMC - CMS/input_btnadd' is clicked on

2018-05-11 11:04:24 - [TEST_STEP][PASSED] - Statement - If (s == 10): null

2018-05-11 11:04:24 - [TEST_STEP][PASSED] - Statement - Else: null

2018-05-11 11:04:24 - [TEST_STEP][PASSED] - Statement - (s++): null

2018-05-11 11:04:24 - [TEST_STEP][PASSED] - delay: Delayed 1 second(s)

2018-05-11 11:04:25 - [MESSAGE][PASSED] - Delayed 1 second(s)

2018-05-11 11:04:25 - [TEST_STEP][PASSED] - selectOptionByIndex: All options with index in [63] are selected on object 'Object Repository/MOH AND GRN/Page_KDMC - CMS/select_--Select--Amikacin -500'

2018-05-11 11:04:26 - [MESSAGE][PASSED] - All options with index in [63] are selected on object 'Object Repository/MOH AND GRN/Page_KDMC - CMS/select_--Select--Amikacin -500'

2018-05-11 11:04:26 - [TEST_STEP][PASSED] - setText: Text '5000' is set on object 'Object Repository/MOH AND GRN/Page_KDMC - CMS/input_txtqty'

2018-05-11 11:04:26 - [MESSAGE][PASSED] - Text '5000' is set on object 'Object Repository/MOH AND GRN/Page_KDMC - CMS/input_txtqty'

2018-05-11 11:04:26 - [TEST_STEP][PASSED] - selectOptionByIndex: All options with index in [1] are selected on object 'Object Repository/MOH AND GRN/Page_KDMC - CMS/select_--Select--No Tax0'

2018-05-11 11:04:26 - [MESSAGE][PASSED] - All options with index in [1] are selected on object 'Object Repository/MOH AND GRN/Page_KDMC - CMS/select_--Select--No Tax0'

2018-05-11 11:04:26 - [TEST_STEP][PASSED] - setText: Finding Test Object with id 'Object Repository/MOH AND GRN/Page_KDMC - CMS/input_txtmrp'

2018-05-11 11:04:26 - [TEST_STEP][PASSED] - Statement - switch (id): Finding Test Object with id 'Object Repository/MOH AND GRN/Page_KDMC - CMS/input_txtdeal'

2018-05-11 11:04:26 - [TEST_STEP][PASSED] - Statement - case 4:: Text '36.0' is set on object 'Object Repository/MOH AND GRN/Page_KDMC - CMS/input_txtmrp'

2018-05-11 11:04:26 - [TEST_STEP][PASSED] - Statement - return (java.lang.Math.floor((java.lang.Math.random() * ((max - min) + 1))) + min): Text '36.0' is set on object 'Object Repository/MOH AND GRN/Page_KDMC - CMS/input_txtmrp'

2018-05-11 11:04:26 - [MESSAGE][PASSED] - Text '36.0' is set on object 'Object Repository/MOH AND GRN/Page_KDMC - CMS/input_txtmrp'

2018-05-11 11:04:26 - [TEST_STEP][PASSED] - setText: Finding Test Object with id 'Object Repository/MOH AND GRN/Page_KDMC - CMS/input_txtdeal'

2018-05-11 11:04:26 - [TEST_STEP][PASSED] - Statement - switch (id): Finding Test Object with id 'Object Repository/MOH AND GRN/Page_KDMC - CMS/input_txtbatchno'

2018-05-11 11:04:26 - [TEST_STEP][PASSED] - Statement - case 5:: Text '4.0' is set on object 'Object Repository/MOH AND GRN/Page_KDMC - CMS/input_txtdeal'

2018-05-11 11:04:26 - [TEST_STEP][PASSED] - Statement - return (java.lang.Math.floor((java.lang.Math.random() * ((max - min) + 1))) + min): Text '4.0' is set on object 'Object Repository/MOH AND GRN/Page_KDMC - CMS/input_txtdeal'

2018-05-11 11:04:27 - [MESSAGE][PASSED] - Text '4.0' is set on object 'Object Repository/MOH AND GRN/Page_KDMC - CMS/input_txtdeal'

2018-05-11 11:04:27 - [TEST_STEP][PASSED] - setText: Finding Test Object with id 'Object Repository/MOH AND GRN/Page_KDMC - CMS/input_txtbatchno'

2018-05-11 11:04:27 - [TEST_STEP][PASSED] - Statement - switch (id): Finding Test Object with id 'Object Repository/MOH AND GRN/Page_KDMC - CMS/input_txtmrp'

2018-05-11 11:04:27 - [TEST_STEP][PASSED] - Statement - case 1:: Text 'BA675.0' is set on object 'Object Repository/MOH AND GRN/Page_KDMC - CMS/input_txtbatchno'

2018-05-11 11:04:27 - [TEST_STEP][PASSED] - Statement - return (java.lang.Math.floor((java.lang.Math.random() * ((max - min) + 1))) + min): Text 'BA675.0' is set on object 'Object Repository/MOH AND GRN/Page_KDMC - CMS/input_txtbatchno'

2018-05-11 11:04:27 - [MESSAGE][PASSED] - Text 'BA675.0' is set on object 'Object Repository/MOH AND GRN/Page_KDMC - CMS/input_txtbatchno'

2018-05-11 11:04:27 - [TEST_STEP][PASSED] - rightClick: Object: 'Object Repository/GRN/Page_KDMC - CMS/input_txtexpdate' is right clicked on

2018-05-11 11:04:27 - [MESSAGE][PASSED] - Object: 'Object Repository/GRN/Page_KDMC - CMS/input_txtexpdate' is right clicked on

2018-05-11 11:04:27 - [TEST_STEP][PASSED] - selectOptionByIndex: All options with index in [3] are selected on object 'Object Repository/GRN/Page_KDMC - CMS/select_20182019202020212022202'

2018-05-11 11:04:27 - [MESSAGE][PASSED] - All options with index in [3] are selected on object 'Object Repository/GRN/Page_KDMC - CMS/select_20182019202020212022202'

2018-05-11 11:04:27 - [TEST_STEP][PASSED] - selectOptionByIndex: All options with index in [3] are selected on object 'Object Repository/GRN/Page_KDMC - CMS/select_JanFebMarAprMayJunJulAu'

2018-05-11 11:04:27 - [MESSAGE][PASSED] - All options with index in [3] are selected on object 'Object Repository/GRN/Page_KDMC - CMS/select_JanFebMarAprMayJunJulAu'

2018-05-11 11:04:27 - [TEST_STEP][PASSED] - click: Object: 'Object Repository/MOH AND GRN/Page_KDMC - CMS/a_12' is clicked on

2018-05-11 11:04:27 - [MESSAGE][PASSED] - Object: 'Object Repository/MOH AND GRN/Page_KDMC - CMS/a_12' is clicked on

2018-05-11 11:04:27 - [TEST_STEP][PASSED] - click: Object: 'Object Repository/MOH AND GRN/Page_KDMC - CMS/input_btnadd' is clicked on

2018-05-11 11:04:27 - [MESSAGE][PASSED] - Object: 'Object Repository/MOH AND GRN/Page_KDMC - CMS/input_btnadd' is clicked on

2018-05-11 11:04:27 - [TEST_STEP][PASSED] - Statement - If (s == 10): null

2018-05-11 11:04:27 - [TEST_STEP][PASSED] - Statement - Else: null

2018-05-11 11:04:27 - [TEST_STEP][PASSED] - Statement - (s++): null

2018-05-11 11:04:27 - [TEST_STEP][PASSED] - delay: Delayed 1 second(s)

2018-05-11 11:04:28 - [MESSAGE][PASSED] - Delayed 1 second(s)

2018-05-11 11:04:28 - [TEST_STEP][PASSED] - selectOptionByIndex: All options with index in [64] are selected on object 'Object Repository/MOH AND GRN/Page_KDMC - CMS/select_--Select--Amikacin -500'

2018-05-11 11:04:29 - [MESSAGE][PASSED] - All options with index in [64] are selected on object 'Object Repository/MOH AND GRN/Page_KDMC - CMS/select_--Select--Amikacin -500'

2018-05-11 11:04:29 - [TEST_STEP][PASSED] - setText: Text '5000' is set on object 'Object Repository/MOH AND GRN/Page_KDMC - CMS/input_txtqty'

2018-05-11 11:04:29 - [MESSAGE][PASSED] - Text '5000' is set on object 'Object Repository/MOH AND GRN/Page_KDMC - CMS/input_txtqty'

2018-05-11 11:04:29 - [TEST_STEP][PASSED] - selectOptionByIndex: All options with index in [1] are selected on object 'Object Repository/MOH AND GRN/Page_KDMC - CMS/select_--Select--No Tax0'

2018-05-11 11:04:29 - [MESSAGE][PASSED] - All options with index in [1] are selected on object 'Object Repository/MOH AND GRN/Page_KDMC - CMS/select_--Select--No Tax0'

2018-05-11 11:04:29 - [TEST_STEP][PASSED] - setText: Finding Test Object with id 'Object Repository/MOH AND GRN/Page_KDMC - CMS/input_txtmrp'

2018-05-11 11:04:29 - [TEST_STEP][PASSED] - Statement - switch (id): Finding Test Object with id 'Object Repository/MOH AND GRN/Page_KDMC - CMS/input_txtdeal'

2018-05-11 11:04:29 - [TEST_STEP][PASSED] - Statement - case 4:: Text '25.0' is set on object 'Object Repository/MOH AND GRN/Page_KDMC - CMS/input_txtmrp'

2018-05-11 11:04:29 - [TEST_STEP][PASSED] - Statement - return (java.lang.Math.floor((java.lang.Math.random() * ((max - min) + 1))) + min): Text '25.0' is set on object 'Object Repository/MOH AND GRN/Page_KDMC - CMS/input_txtmrp'

2018-05-11 11:04:30 - [MESSAGE][PASSED] - Text '25.0' is set on object 'Object Repository/MOH AND GRN/Page_KDMC - CMS/input_txtmrp'

2018-05-11 11:04:30 - [TEST_STEP][PASSED] - setText: Finding Test Object with id 'Object Repository/MOH AND GRN/Page_KDMC - CMS/input_txtdeal'

2018-05-11 11:04:30 - [TEST_STEP][PASSED] - Statement - switch (id): Finding Test Object with id 'Object Repository/MOH AND GRN/Page_KDMC - CMS/input_txtbatchno'

2018-05-11 11:04:30 - [TEST_STEP][PASSED] - Statement - case 5:: Text '6.0' is set on object 'Object Repository/MOH AND GRN/Page_KDMC - CMS/input_txtdeal'

2018-05-11 11:04:30 - [TEST_STEP][PASSED] - Statement - return (java.lang.Math.floor((java.lang.Math.random() * ((max - min) + 1))) + min): Text '6.0' is set on object 'Object Repository/MOH AND GRN/Page_KDMC - CMS/input_txtdeal'

2018-05-11 11:04:30 - [MESSAGE][PASSED] - Text '6.0' is set on object 'Object Repository/MOH AND GRN/Page_KDMC - CMS/input_txtdeal'

2018-05-11 11:04:30 - [TEST_STEP][PASSED] - setText: Finding Test Object with id 'Object Repository/MOH AND GRN/Page_KDMC - CMS/input_txtbatchno'

2018-05-11 11:04:30 - [TEST_STEP][PASSED] - Statement - switch (id): Finding Test Object with id 'Object Repository/MOH AND GRN/Page_KDMC - CMS/input_txtmrp'

2018-05-11 11:04:30 - [TEST_STEP][PASSED] - Statement - case 1:: Text 'BA712.0' is set on object 'Object Repository/MOH AND GRN/Page_KDMC - CMS/input_txtbatchno'

2018-05-11 11:04:30 - [TEST_STEP][PASSED] - Statement - return (java.lang.Math.floor((java.lang.Math.random() * ((max - min) + 1))) + min): Text 'BA712.0' is set on object 'Object Repository/MOH AND GRN/Page_KDMC - CMS/input_txtbatchno'

2018-05-11 11:04:30 - [MESSAGE][PASSED] - Text 'BA712.0' is set on object 'Object Repository/MOH AND GRN/Page_KDMC - CMS/input_txtbatchno'

2018-05-11 11:04:30 - [TEST_STEP][PASSED] - rightClick: Object: 'Object Repository/GRN/Page_KDMC - CMS/input_txtexpdate' is right clicked on

2018-05-11 11:04:30 - [MESSAGE][PASSED] - Object: 'Object Repository/GRN/Page_KDMC - CMS/input_txtexpdate' is right clicked on

2018-05-11 11:04:30 - [TEST_STEP][PASSED] - selectOptionByIndex: All options with index in [4] are selected on object 'Object Repository/GRN/Page_KDMC - CMS/select_20182019202020212022202'

2018-05-11 11:04:30 - [MESSAGE][PASSED] - All options with index in [4] are selected on object 'Object Repository/GRN/Page_KDMC - CMS/select_20182019202020212022202'

2018-05-11 11:04:30 - [TEST_STEP][PASSED] - selectOptionByIndex: All options with index in [4] are selected on object 'Object Repository/GRN/Page_KDMC - CMS/select_JanFebMarAprMayJunJulAu'

2018-05-11 11:04:30 - [MESSAGE][PASSED] - All options with index in [4] are selected on object 'Object Repository/GRN/Page_KDMC - CMS/select_JanFebMarAprMayJunJulAu'

2018-05-11 11:04:30 - [TEST_STEP][PASSED] - click: Object: 'Object Repository/MOH AND GRN/Page_KDMC - CMS/a_12' is clicked on

2018-05-11 11:04:30 - [MESSAGE][PASSED] - Object: 'Object Repository/MOH AND GRN/Page_KDMC - CMS/a_12' is clicked on

2018-05-11 11:04:30 - [TEST_STEP][PASSED] - click: Object: 'Object Repository/MOH AND GRN/Page_KDMC - CMS/input_btnadd' is clicked on

2018-05-11 11:04:30 - [MESSAGE][PASSED] - Object: 'Object Repository/MOH AND GRN/Page_KDMC - CMS/input_btnadd' is clicked on

2018-05-11 11:04:30 - [TEST_STEP][PASSED] - Statement - If (s == 10): null

2018-05-11 11:04:30 - [TEST_STEP][PASSED] - Statement - Else: null

2018-05-11 11:04:30 - [TEST_STEP][PASSED] - Statement - (s++): null

2018-05-11 11:04:30 - [TEST_STEP][PASSED] - delay: Delayed 1 second(s)

2018-05-11 11:04:31 - [MESSAGE][PASSED] - Delayed 1 second(s)

2018-05-11 11:04:31 - [TEST_STEP][PASSED] - selectOptionByIndex: All options with index in [65] are selected on object 'Object Repository/MOH AND GRN/Page_KDMC - CMS/select_--Select--Amikacin -500'

2018-05-11 11:04:32 - [MESSAGE][PASSED] - All options with index in [65] are selected on object 'Object Repository/MOH AND GRN/Page_KDMC - CMS/select_--Select--Amikacin -500'

2018-05-11 11:04:32 - [TEST_STEP][PASSED] - setText: Text '5000' is set on object 'Object Repository/MOH AND GRN/Page_KDMC - CMS/input_txtqty'

2018-05-11 11:04:32 - [MESSAGE][PASSED] - Text '5000' is set on object 'Object Repository/MOH AND GRN/Page_KDMC - CMS/input_txtqty'

2018-05-11 11:04:32 - [TEST_STEP][PASSED] - selectOptionByIndex: All options with index in [1] are selected on object 'Object Repository/MOH AND GRN/Page_KDMC - CMS/select_--Select--No Tax0'

2018-05-11 11:04:32 - [MESSAGE][PASSED] - All options with index in [1] are selected on object 'Object Repository/MOH AND GRN/Page_KDMC - CMS/select_--Select--No Tax0'

2018-05-11 11:04:32 - [TEST_STEP][PASSED] - setText: Finding Test Object with id 'Object Repository/MOH AND GRN/Page_KDMC - CMS/input_txtmrp'

2018-05-11 11:04:32 - [TEST_STEP][PASSED] - Statement - switch (id): Finding Test Object with id 'Object Repository/MOH AND GRN/Page_KDMC - CMS/input_txtdeal'

2018-05-11 11:04:32 - [TEST_STEP][PASSED] - Statement - case 4:: Text '42.0' is set on object 'Object Repository/MOH AND GRN/Page_KDMC - CMS/input_txtmrp'

2018-05-11 11:04:32 - [TEST_STEP][PASSED] - Statement - return (java.lang.Math.floor((java.lang.Math.random() * ((max - min) + 1))) + min): Text '42.0' is set on object 'Object Repository/MOH AND GRN/Page_KDMC - CMS/input_txtmrp'

2018-05-11 11:04:33 - [MESSAGE][PASSED] - Text '42.0' is set on object 'Object Repository/MOH AND GRN/Page_KDMC - CMS/input_txtmrp'

2018-05-11 11:04:33 - [TEST_STEP][PASSED] - setText: Finding Test Object with id 'Object Repository/MOH AND GRN/Page_KDMC - CMS/input_txtdeal'

2018-05-11 11:04:33 - [TEST_STEP][PASSED] - Statement - switch (id): Finding Test Object with id 'Object Repository/MOH AND GRN/Page_KDMC - CMS/input_txtbatchno'

2018-05-11 11:04:33 - [TEST_STEP][PASSED] - Statement - case 5:: Text '1.0' is set on object 'Object Repository/MOH AND GRN/Page_KDMC - CMS/input_txtdeal'

2018-05-11 11:04:33 - [TEST_STEP][PASSED] - Statement - return (java.lang.Math.floor((java.lang.Math.random() * ((max - min) + 1))) + min): Text '1.0' is set on object 'Object Repository/MOH AND GRN/Page_KDMC - CMS/input_txtdeal'

2018-05-11 11:04:33 - [MESSAGE][PASSED] - Text '1.0' is set on object 'Object Repository/MOH AND GRN/Page_KDMC - CMS/input_txtdeal'

2018-05-11 11:04:33 - [TEST_STEP][PASSED] - setText: Finding Test Object with id 'Object Repository/MOH AND GRN/Page_KDMC - CMS/input_txtbatchno'

2018-05-11 11:04:33 - [TEST_STEP][PASSED] - Statement - switch (id): Finding Test Object with id 'Object Repository/MOH AND GRN/Page_KDMC - CMS/input_txtmrp'

2018-05-11 11:04:33 - [TEST_STEP][PASSED] - Statement - case 1:: Text 'BA143.0' is set on object 'Object Repository/MOH AND GRN/Page_KDMC - CMS/input_txtbatchno'

2018-05-11 11:04:33 - [TEST_STEP][PASSED] - Statement - return (java.lang.Math.floor((java.lang.Math.random() * ((max - min) + 1))) + min): Text 'BA143.0' is set on object 'Object Repository/MOH AND GRN/Page_KDMC - CMS/input_txtbatchno'

2018-05-11 11:04:33 - [MESSAGE][PASSED] - Text 'BA143.0' is set on object 'Object Repository/MOH AND GRN/Page_KDMC - CMS/input_txtbatchno'

2018-05-11 11:04:33 - [TEST_STEP][PASSED] - rightClick: Object: 'Object Repository/GRN/Page_KDMC - CMS/input_txtexpdate' is right clicked on

2018-05-11 11:04:33 - [MESSAGE][PASSED] - Object: 'Object Repository/GRN/Page_KDMC - CMS/input_txtexpdate' is right clicked on

2018-05-11 11:04:33 - [TEST_STEP][PASSED] - selectOptionByIndex: All options with index in [5] are selected on object 'Object Repository/GRN/Page_KDMC - CMS/select_20182019202020212022202'

2018-05-11 11:04:33 - [MESSAGE][PASSED] - All options with index in [5] are selected on object 'Object Repository/GRN/Page_KDMC - CMS/select_20182019202020212022202'

2018-05-11 11:04:33 - [TEST_STEP][PASSED] - selectOptionByIndex: All options with index in [5] are selected on object 'Object Repository/GRN/Page_KDMC - CMS/select_JanFebMarAprMayJunJulAu'

2018-05-11 11:04:33 - [MESSAGE][PASSED] - All options with index in [5] are selected on object 'Object Repository/GRN/Page_KDMC - CMS/select_JanFebMarAprMayJunJulAu'

2018-05-11 11:04:33 - [TEST_STEP][PASSED] - click: Object: 'Object Repository/MOH AND GRN/Page_KDMC - CMS/a_12' is clicked on

2018-05-11 11:04:33 - [MESSAGE][PASSED] - Object: 'Object Repository/MOH AND GRN/Page_KDMC - CMS/a_12' is clicked on

2018-05-11 11:04:33 - [TEST_STEP][PASSED] - click: Object: 'Object Repository/MOH AND GRN/Page_KDMC - CMS/input_btnadd' is clicked on

2018-05-11 11:04:33 - [MESSAGE][PASSED] - Object: 'Object Repository/MOH AND GRN/Page_KDMC - CMS/input_btnadd' is clicked on

2018-05-11 11:04:33 - [TEST_STEP][PASSED] - Statement - If (s == 10): null

2018-05-11 11:04:33 - [TEST_STEP][PASSED] - Statement - Else: null

2018-05-11 11:04:33 - [TEST_STEP][PASSED] - Statement - (s++): null

2018-05-11 11:04:33 - [TEST_STEP][PASSED] - delay: Delayed 1 second(s)

2018-05-11 11:04:34 - [MESSAGE][PASSED] - Delayed 1 second(s)

2018-05-11 11:04:34 - [TEST_STEP][PASSED] - selectOptionByIndex: All options with index in [66] are selected on object 'Object Repository/MOH AND GRN/Page_KDMC - CMS/select_--Select--Amikacin -500'

2018-05-11 11:04:35 - [MESSAGE][PASSED] - All options with index in [66] are selected on object 'Object Repository/MOH AND GRN/Page_KDMC - CMS/select_--Select--Amikacin -500'

2018-05-11 11:04:35 - [TEST_STEP][PASSED] - setText: Text '5000' is set on object 'Object Repository/MOH AND GRN/Page_KDMC - CMS/input_txtqty'

2018-05-11 11:04:35 - [MESSAGE][PASSED] - Text '5000' is set on object 'Object Repository/MOH AND GRN/Page_KDMC - CMS/input_txtqty'

2018-05-11 11:04:35 - [TEST_STEP][PASSED] - selectOptionByIndex: All options with index in [1] are selected on object 'Object Repository/MOH AND GRN/Page_KDMC - CMS/select_--Select--No Tax0'

2018-05-11 11:04:35 - [MESSAGE][PASSED] - All options with index in [1] are selected on object 'Object Repository/MOH AND GRN/Page_KDMC - CMS/select_--Select--No Tax0'

2018-05-11 11:04:35 - [TEST_STEP][PASSED] - setText: Finding Test Object with id 'Object Repository/MOH AND GRN/Page_KDMC - CMS/input_txtmrp'

2018-05-11 11:04:35 - [TEST_STEP][PASSED] - Statement - switch (id): Finding Test Object with id 'Object Repository/MOH AND GRN/Page_KDMC - CMS/input_txtdeal'

2018-05-11 11:04:35 - [TEST_STEP][PASSED] - Statement - case 4:: Text '39.0' is set on object 'Object Repository/MOH AND GRN/Page_KDMC - CMS/input_txtmrp'

2018-05-11 11:04:35 - [TEST_STEP][PASSED] - Statement - return (java.lang.Math.floor((java.lang.Math.random() * ((max - min) + 1))) + min): Text '39.0' is set on object 'Object Repository/MOH AND GRN/Page_KDMC - CMS/input_txtmrp'

2018-05-11 11:04:36 - [MESSAGE][PASSED] - Text '39.0' is set on object 'Object Repository/MOH AND GRN/Page_KDMC - CMS/input_txtmrp'

2018-05-11 11:04:36 - [TEST_STEP][PASSED] - setText: Finding Test Object with id 'Object Repository/MOH AND GRN/Page_KDMC - CMS/input_txtdeal'

2018-05-11 11:04:36 - [TEST_STEP][PASSED] - Statement - switch (id): Finding Test Object with id 'Object Repository/MOH AND GRN/Page_KDMC - CMS/input_txtbatchno'

2018-05-11 11:04:36 - [TEST_STEP][PASSED] - Statement - case 5:: Text '7.0' is set on object 'Object Repository/MOH AND GRN/Page_KDMC - CMS/input_txtdeal'

2018-05-11 11:04:36 - [TEST_STEP][PASSED] - Statement - return (java.lang.Math.floor((java.lang.Math.random() * ((max - min) + 1))) + min): Text '7.0' is set on object 'Object Repository/MOH AND GRN/Page_KDMC - CMS/input_txtdeal'

2018-05-11 11:04:36 - [MESSAGE][PASSED] - Text '7.0' is set on object 'Object Repository/MOH AND GRN/Page_KDMC - CMS/input_txtdeal'

2018-05-11 11:04:36 - [TEST_STEP][PASSED] - setText: Finding Test Object with id 'Object Repository/MOH AND GRN/Page_KDMC - CMS/input_txtbatchno'

2018-05-11 11:04:36 - [TEST_STEP][PASSED] - Statement - switch (id): Finding Test Object with id 'Object Repository/MOH AND GRN/Page_KDMC - CMS/input_txtmrp'

2018-05-11 11:04:36 - [TEST_STEP][PASSED] - Statement - case 1:: Text 'BA216.0' is set on object 'Object Repository/MOH AND GRN/Page_KDMC - CMS/input_txtbatchno'

2018-05-11 11:04:36 - [TEST_STEP][PASSED] - Statement - return (java.lang.Math.floor((java.lang.Math.random() * ((max - min) + 1))) + min): Text 'BA216.0' is set on object 'Object Repository/MOH AND GRN/Page_KDMC - CMS/input_txtbatchno'

2018-05-11 11:04:36 - [MESSAGE][PASSED] - Text 'BA216.0' is set on object 'Object Repository/MOH AND GRN/Page_KDMC - CMS/input_txtbatchno'

2018-05-11 11:04:36 - [TEST_STEP][PASSED] - rightClick: Object: 'Object Repository/GRN/Page_KDMC - CMS/input_txtexpdate' is right clicked on

2018-05-11 11:04:36 - [MESSAGE][PASSED] - Object: 'Object Repository/GRN/Page_KDMC - CMS/input_txtexpdate' is right clicked on

2018-05-11 11:04:36 - [TEST_STEP][PASSED] - selectOptionByIndex: All options with index in [6] are selected on object 'Object Repository/GRN/Page_KDMC - CMS/select_20182019202020212022202'

2018-05-11 11:04:36 - [MESSAGE][PASSED] - All options with index in [6] are selected on object 'Object Repository/GRN/Page_KDMC - CMS/select_20182019202020212022202'

2018-05-11 11:04:36 - [TEST_STEP][PASSED] - selectOptionByIndex: All options with index in [6] are selected on object 'Object Repository/GRN/Page_KDMC - CMS/select_JanFebMarAprMayJunJulAu'

2018-05-11 11:04:36 - [MESSAGE][PASSED] - All options with index in [6] are selected on object 'Object Repository/GRN/Page_KDMC - CMS/select_JanFebMarAprMayJunJulAu'

2018-05-11 11:04:36 - [TEST_STEP][PASSED] - click: Object: 'Object Repository/MOH AND GRN/Page_KDMC - CMS/a_12' is clicked on

2018-05-11 11:04:36 - [MESSAGE][PASSED] - Object: 'Object Repository/MOH AND GRN/Page_KDMC - CMS/a_12' is clicked on

2018-05-11 11:04:36 - [TEST_STEP][PASSED] - click: Object: 'Object Repository/MOH AND GRN/Page_KDMC - CMS/input_btnadd' is clicked on

2018-05-11 11:04:36 - [MESSAGE][PASSED] - Object: 'Object Repository/MOH AND GRN/Page_KDMC - CMS/input_btnadd' is clicked on

2018-05-11 11:04:36 - [TEST_STEP][PASSED] - Statement - If (s == 10): null

2018-05-11 11:04:36 - [TEST_STEP][PASSED] - Statement - Else: null

2018-05-11 11:04:36 - [TEST_STEP][PASSED] - Statement - (s++): null

2018-05-11 11:04:36 - [TEST_STEP][PASSED] - delay: Delayed 1 second(s)

2018-05-11 11:04:37 - [MESSAGE][PASSED] - Delayed 1 second(s)

2018-05-11 11:04:37 - [TEST_STEP][PASSED] - selectOptionByIndex: All options with index in [67] are selected on object 'Object Repository/MOH AND GRN/Page_KDMC - CMS/select_--Select--Amikacin -500'

2018-05-11 11:04:38 - [MESSAGE][PASSED] - All options with index in [67] are selected on object 'Object Repository/MOH AND GRN/Page_KDMC - CMS/select_--Select--Amikacin -500'

2018-05-11 11:04:38 - [TEST_STEP][PASSED] - setText: Text '5000' is set on object 'Object Repository/MOH AND GRN/Page_KDMC - CMS/input_txtqty'

2018-05-11 11:04:38 - [MESSAGE][PASSED] - Text '5000' is set on object 'Object Repository/MOH AND GRN/Page_KDMC - CMS/input_txtqty'

2018-05-11 11:04:38 - [TEST_STEP][PASSED] - selectOptionByIndex: All options with index in [1] are selected on object 'Object Repository/MOH AND GRN/Page_KDMC - CMS/select_--Select--No Tax0'

2018-05-11 11:04:38 - [MESSAGE][PASSED] - All options with index in [1] are selected on object 'Object Repository/MOH AND GRN/Page_KDMC - CMS/select_--Select--No Tax0'

2018-05-11 11:04:38 - [TEST_STEP][PASSED] - setText: Finding Test Object with id 'Object Repository/MOH AND GRN/Page_KDMC - CMS/input_txtmrp'

2018-05-11 11:04:38 - [TEST_STEP][PASSED] - Statement - switch (id): Finding Test Object with id 'Object Repository/MOH AND GRN/Page_KDMC - CMS/input_txtdeal'

2018-05-11 11:04:38 - [TEST_STEP][PASSED] - Statement - case 4:: Text '27.0' is set on object 'Object Repository/MOH AND GRN/Page_KDMC - CMS/input_txtmrp'

2018-05-11 11:04:38 - [TEST_STEP][PASSED] - Statement - return (java.lang.Math.floor((java.lang.Math.random() * ((max - min) + 1))) + min): Text '27.0' is set on object 'Object Repository/MOH AND GRN/Page_KDMC - CMS/input_txtmrp'

2018-05-11 11:04:38 - [MESSAGE][PASSED] - Text '27.0' is set on object 'Object Repository/MOH AND GRN/Page_KDMC - CMS/input_txtmrp'

2018-05-11 11:04:38 - [TEST_STEP][PASSED] - setText: Finding Test Object with id 'Object Repository/MOH AND GRN/Page_KDMC - CMS/input_txtdeal'

2018-05-11 11:04:38 - [TEST_STEP][PASSED] - Statement - switch (id): Finding Test Object with id 'Object Repository/MOH AND GRN/Page_KDMC - CMS/input_txtbatchno'

2018-05-11 11:04:38 - [TEST_STEP][PASSED] - Statement - case 5:: Text '9.0' is set on object 'Object Repository/MOH AND GRN/Page_KDMC - CMS/input_txtdeal'

2018-05-11 11:04:38 - [TEST_STEP][PASSED] - Statement - return (java.lang.Math.floor((java.lang.Math.random() * ((max - min) + 1))) + min): Text '9.0' is set on object 'Object Repository/MOH AND GRN/Page_KDMC - CMS/input_txtdeal'

2018-05-11 11:04:39 - [MESSAGE][PASSED] - Text '9.0' is set on object 'Object Repository/MOH AND GRN/Page_KDMC - CMS/input_txtdeal'

2018-05-11 11:04:39 - [TEST_STEP][PASSED] - setText: Finding Test Object with id 'Object Repository/MOH AND GRN/Page_KDMC - CMS/input_txtbatchno'

2018-05-11 11:04:39 - [TEST_STEP][PASSED] - Statement - switch (id): Finding Test Object with id 'Object Repository/MOH AND GRN/Page_KDMC - CMS/input_txtmrp'

2018-05-11 11:04:39 - [TEST_STEP][PASSED] - Statement - case 1:: Text 'BA870.0' is set on object 'Object Repository/MOH AND GRN/Page_KDMC - CMS/input_txtbatchno'

2018-05-11 11:04:39 - [TEST_STEP][PASSED] - Statement - return (java.lang.Math.floor((java.lang.Math.random() * ((max - min) + 1))) + min): Text 'BA870.0' is set on object 'Object Repository/MOH AND GRN/Page_KDMC - CMS/input_txtbatchno'

2018-05-11 11:04:39 - [MESSAGE][PASSED] - Text 'BA870.0' is set on object 'Object Repository/MOH AND GRN/Page_KDMC - CMS/input_txtbatchno'

2018-05-11 11:04:39 - [TEST_STEP][PASSED] - rightClick: Object: 'Object Repository/GRN/Page_KDMC - CMS/input_txtexpdate' is right clicked on

2018-05-11 11:04:39 - [MESSAGE][PASSED] - Object: 'Object Repository/GRN/Page_KDMC - CMS/input_txtexpdate' is right clicked on

2018-05-11 11:04:39 - [TEST_STEP][PASSED] - selectOptionByIndex: All options with index in [7] are selected on object 'Object Repository/GRN/Page_KDMC - CMS/select_20182019202020212022202'

2018-05-11 11:04:39 - [MESSAGE][PASSED] - All options with index in [7] are selected on object 'Object Repository/GRN/Page_KDMC - CMS/select_20182019202020212022202'

2018-05-11 11:04:39 - [TEST_STEP][PASSED] - selectOptionByIndex: All options with index in [7] are selected on object 'Object Repository/GRN/Page_KDMC - CMS/select_JanFebMarAprMayJunJulAu'

2018-05-11 11:04:39 - [MESSAGE][PASSED] - All options with index in [7] are selected on object 'Object Repository/GRN/Page_KDMC - CMS/select_JanFebMarAprMayJunJulAu'

2018-05-11 11:04:39 - [TEST_STEP][PASSED] - click: Object: 'Object Repository/MOH AND GRN/Page_KDMC - CMS/a_12' is clicked on

2018-05-11 11:04:39 - [MESSAGE][PASSED] - Object: 'Object Repository/MOH AND GRN/Page_KDMC - CMS/a_12' is clicked on

2018-05-11 11:04:39 - [TEST_STEP][PASSED] - click: Object: 'Object Repository/MOH AND GRN/Page_KDMC - CMS/input_btnadd' is clicked on

2018-05-11 11:04:39 - [MESSAGE][PASSED] - Object: 'Object Repository/MOH AND GRN/Page_KDMC - CMS/input_btnadd' is clicked on

2018-05-11 11:04:39 - [TEST_STEP][PASSED] - Statement - If (s == 10): null

2018-05-11 11:04:39 - [TEST_STEP][PASSED] - Statement - Else: null

2018-05-11 11:04:39 - [TEST_STEP][PASSED] - Statement - (s++): null

2018-05-11 11:04:39 - [TEST_STEP][PASSED] - delay: Delayed 1 second(s)

2018-05-11 11:04:40 - [MESSAGE][PASSED] - Delayed 1 second(s)

2018-05-11 11:04:40 - [TEST_STEP][PASSED] - selectOptionByIndex: All options with index in [68] are selected on object 'Object Repository/MOH AND GRN/Page_KDMC - CMS/select_--Select--Amikacin -500'

2018-05-11 11:04:41 - [MESSAGE][PASSED] - All options with index in [68] are selected on object 'Object Repository/MOH AND GRN/Page_KDMC - CMS/select_--Select--Amikacin -500'

2018-05-11 11:04:41 - [TEST_STEP][PASSED] - setText: Text '5000' is set on object 'Object Repository/MOH AND GRN/Page_KDMC - CMS/input_txtqty'

2018-05-11 11:04:41 - [MESSAGE][PASSED] - Text '5000' is set on object 'Object Repository/MOH AND GRN/Page_KDMC - CMS/input_txtqty'

2018-05-11 11:04:41 - [TEST_STEP][PASSED] - selectOptionByIndex: All options with index in [1] are selected on object 'Object Repository/MOH AND GRN/Page_KDMC - CMS/select_--Select--No Tax0'

2018-05-11 11:04:42 - [MESSAGE][PASSED] - All options with index in [1] are selected on object 'Object Repository/MOH AND GRN/Page_KDMC - CMS/select_--Select--No Tax0'

2018-05-11 11:04:42 - [TEST_STEP][PASSED] - setText: Finding Test Object with id 'Object Repository/MOH AND GRN/Page_KDMC - CMS/input_txtmrp'

2018-05-11 11:04:42 - [TEST_STEP][PASSED] - Statement - switch (id): Finding Test Object with id 'Object Repository/MOH AND GRN/Page_KDMC - CMS/input_txtdeal'

2018-05-11 11:04:42 - [TEST_STEP][PASSED] - Statement - case 4:: Text '45.0' is set on object 'Object Repository/MOH AND GRN/Page_KDMC - CMS/input_txtmrp'

2018-05-11 11:04:42 - [TEST_STEP][PASSED] - Statement - return (java.lang.Math.floor((java.lang.Math.random() * ((max - min) + 1))) + min): Text '45.0' is set on object 'Object Repository/MOH AND GRN/Page_KDMC - CMS/input_txtmrp'

2018-05-11 11:04:42 - [MESSAGE][PASSED] - Text '45.0' is set on object 'Object Repository/MOH AND GRN/Page_KDMC - CMS/input_txtmrp'

2018-05-11 11:04:42 - [TEST_STEP][PASSED] - setText: Finding Test Object with id 'Object Repository/MOH AND GRN/Page_KDMC - CMS/input_txtdeal'

2018-05-11 11:04:42 - [TEST_STEP][PASSED] - Statement - switch (id): Finding Test Object with id 'Object Repository/MOH AND GRN/Page_KDMC - CMS/input_txtbatchno'

2018-05-11 11:04:42 - [TEST_STEP][PASSED] - Statement - case 5:: Text '3.0' is set on object 'Object Repository/MOH AND GRN/Page_KDMC - CMS/input_txtdeal'

2018-05-11 11:04:42 - [TEST_STEP][PASSED] - Statement - return (java.lang.Math.floor((java.lang.Math.random() * ((max - min) + 1))) + min): Text '3.0' is set on object 'Object Repository/MOH AND GRN/Page_KDMC - CMS/input_txtdeal'

2018-05-11 11:04:42 - [MESSAGE][PASSED] - Text '3.0' is set on object 'Object Repository/MOH AND GRN/Page_KDMC - CMS/input_txtdeal'

2018-05-11 11:04:42 - [TEST_STEP][PASSED] - setText: Finding Test Object with id 'Object Repository/MOH AND GRN/Page_KDMC - CMS/input_txtbatchno'

2018-05-11 11:04:42 - [TEST_STEP][PASSED] - Statement - switch (id): Finding Test Object with id 'Object Repository/MOH AND GRN/Page_KDMC - CMS/input_txtmrp'

2018-05-11 11:04:42 - [TEST_STEP][PASSED] - Statement - case 1:: Text 'BA191.0' is set on object 'Object Repository/MOH AND GRN/Page_KDMC - CMS/input_txtbatchno'

2018-05-11 11:04:42 - [TEST_STEP][PASSED] - Statement - return (java.lang.Math.floor((java.lang.Math.random() * ((max - min) + 1))) + min): Text 'BA191.0' is set on object 'Object Repository/MOH AND GRN/Page_KDMC - CMS/input_txtbatchno'

2018-05-11 11:04:42 - [MESSAGE][PASSED] - Text 'BA191.0' is set on object 'Object Repository/MOH AND GRN/Page_KDMC - CMS/input_txtbatchno'

2018-05-11 11:04:42 - [TEST_STEP][PASSED] - rightClick: Object: 'Object Repository/GRN/Page_KDMC - CMS/input_txtexpdate' is right clicked on

2018-05-11 11:04:42 - [MESSAGE][PASSED] - Object: 'Object Repository/GRN/Page_KDMC - CMS/input_txtexpdate' is right clicked on

2018-05-11 11:04:42 - [TEST_STEP][PASSED] - selectOptionByIndex: All options with index in [8] are selected on object 'Object Repository/GRN/Page_KDMC - CMS/select_20182019202020212022202'

2018-05-11 11:04:42 - [MESSAGE][PASSED] - All options with index in [8] are selected on object 'Object Repository/GRN/Page_KDMC - CMS/select_20182019202020212022202'

2018-05-11 11:04:42 - [TEST_STEP][PASSED] - selectOptionByIndex: All options with index in [8] are selected on object 'Object Repository/GRN/Page_KDMC - CMS/select_JanFebMarAprMayJunJulAu'

2018-05-11 11:04:42 - [MESSAGE][PASSED] - All options with index in [8] are selected on object 'Object Repository/GRN/Page_KDMC - CMS/select_JanFebMarAprMayJunJulAu'

2018-05-11 11:04:42 - [TEST_STEP][PASSED] - click: Object: 'Object Repository/MOH AND GRN/Page_KDMC - CMS/a_12' is clicked on

2018-05-11 11:04:42 - [MESSAGE][PASSED] - Object: 'Object Repository/MOH AND GRN/Page_KDMC - CMS/a_12' is clicked on

2018-05-11 11:04:42 - [TEST_STEP][PASSED] - click: Object: 'Object Repository/MOH AND GRN/Page_KDMC - CMS/input_btnadd' is clicked on

2018-05-11 11:04:43 - [MESSAGE][PASSED] - Object: 'Object Repository/MOH AND GRN/Page_KDMC - CMS/input_btnadd' is clicked on

2018-05-11 11:04:43 - [TEST_STEP][PASSED] - Statement - If (s == 10): null

2018-05-11 11:04:43 - [TEST_STEP][PASSED] - Statement - Else: null

2018-05-11 11:04:43 - [TEST_STEP][PASSED] - Statement - (s++): null

2018-05-11 11:04:43 - [TEST_STEP][PASSED] - delay: Delayed 1 second(s)

2018-05-11 11:04:44 - [MESSAGE][PASSED] - Delayed 1 second(s)

2018-05-11 11:04:44 - [TEST_STEP][PASSED] - selectOptionByIndex: All options with index in [69] are selected on object 'Object Repository/MOH AND GRN/Page_KDMC - CMS/select_--Select--Amikacin -500'

2018-05-11 11:04:45 - [MESSAGE][PASSED] - All options with index in [69] are selected on object 'Object Repository/MOH AND GRN/Page_KDMC - CMS/select_--Select--Amikacin -500'

2018-05-11 11:04:45 - [TEST_STEP][PASSED] - setText: Text '5000' is set on object 'Object Repository/MOH AND GRN/Page_KDMC - CMS/input_txtqty'

2018-05-11 11:04:45 - [MESSAGE][PASSED] - Text '5000' is set on object 'Object Repository/MOH AND GRN/Page_KDMC - CMS/input_txtqty'

2018-05-11 11:04:45 - [TEST_STEP][PASSED] - selectOptionByIndex: All options with index in [1] are selected on object 'Object Repository/MOH AND GRN/Page_KDMC - CMS/select_--Select--No Tax0'

2018-05-11 11:04:45 - [MESSAGE][PASSED] - All options with index in [1] are selected on object 'Object Repository/MOH AND GRN/Page_KDMC - CMS/select_--Select--No Tax0'

2018-05-11 11:04:45 - [TEST_STEP][PASSED] - setText: Finding Test Object with id 'Object Repository/MOH AND GRN/Page_KDMC - CMS/input_txtmrp'

2018-05-11 11:04:45 - [TEST_STEP][PASSED] - Statement - switch (id): Finding Test Object with id 'Object Repository/MOH AND GRN/Page_KDMC - CMS/input_txtdeal'

2018-05-11 11:04:45 - [TEST_STEP][PASSED] - Statement - case 4:: Text '38.0' is set on object 'Object Repository/MOH AND GRN/Page_KDMC - CMS/input_txtmrp'

2018-05-11 11:04:45 - [TEST_STEP][PASSED] - Statement - return (java.lang.Math.floor((java.lang.Math.random() * ((max - min) + 1))) + min): Text '38.0' is set on object 'Object Repository/MOH AND GRN/Page_KDMC - CMS/input_txtmrp'

2018-05-11 11:04:45 - [MESSAGE][PASSED] - Text '38.0' is set on object 'Object Repository/MOH AND GRN/Page_KDMC - CMS/input_txtmrp'

2018-05-11 11:04:45 - [TEST_STEP][PASSED] - setText: Finding Test Object with id 'Object Repository/MOH AND GRN/Page_KDMC - CMS/input_txtdeal'

2018-05-11 11:04:45 - [TEST_STEP][PASSED] - Statement - switch (id): Finding Test Object with id 'Object Repository/MOH AND GRN/Page_KDMC - CMS/input_txtbatchno'

2018-05-11 11:04:45 - [TEST_STEP][PASSED] - Statement - case 5:: Text '12.0' is set on object 'Object Repository/MOH AND GRN/Page_KDMC - CMS/input_txtdeal'

2018-05-11 11:04:45 - [TEST_STEP][PASSED] - Statement - return (java.lang.Math.floor((java.lang.Math.random() * ((max - min) + 1))) + min): Text '12.0' is set on object 'Object Repository/MOH AND GRN/Page_KDMC - CMS/input_txtdeal'

2018-05-11 11:04:45 - [MESSAGE][PASSED] - Text '12.0' is set on object 'Object Repository/MOH AND GRN/Page_KDMC - CMS/input_txtdeal'

2018-05-11 11:04:45 - [TEST_STEP][PASSED] - setText: Finding Test Object with id 'Object Repository/MOH AND GRN/Page_KDMC - CMS/input_txtbatchno'

2018-05-11 11:04:45 - [TEST_STEP][PASSED] - Statement - switch (id): Finding Test Object with id 'Object Repository/MOH AND GRN/Page_KDMC - CMS/input_txtmrp'

2018-05-11 11:04:45 - [TEST_STEP][PASSED] - Statement - case 1:: Text 'BA396.0' is set on object 'Object Repository/MOH AND GRN/Page_KDMC - CMS/input_txtbatchno'

2018-05-11 11:04:45 - [TEST_STEP][PASSED] - Statement - return (java.lang.Math.floor((java.lang.Math.random() * ((max - min) + 1))) + min): Text 'BA396.0' is set on object 'Object Repository/MOH AND GRN/Page_KDMC - CMS/input_txtbatchno'

2018-05-11 11:04:45 - [MESSAGE][PASSED] - Text 'BA396.0' is set on object 'Object Repository/MOH AND GRN/Page_KDMC - CMS/input_txtbatchno'

2018-05-11 11:04:45 - [TEST_STEP][PASSED] - rightClick: Object: 'Object Repository/GRN/Page_KDMC - CMS/input_txtexpdate' is right clicked on

2018-05-11 11:04:45 - [MESSAGE][PASSED] - Object: 'Object Repository/GRN/Page_KDMC - CMS/input_txtexpdate' is right clicked on

2018-05-11 11:04:45 - [TEST_STEP][PASSED] - selectOptionByIndex: All options with index in [9] are selected on object 'Object Repository/GRN/Page_KDMC - CMS/select_20182019202020212022202'

2018-05-11 11:04:45 - [MESSAGE][PASSED] - All options with index in [9] are selected on object 'Object Repository/GRN/Page_KDMC - CMS/select_20182019202020212022202'

2018-05-11 11:04:45 - [TEST_STEP][PASSED] - selectOptionByIndex: All options with index in [9] are selected on object 'Object Repository/GRN/Page_KDMC - CMS/select_JanFebMarAprMayJunJulAu'

2018-05-11 11:04:46 - [MESSAGE][PASSED] - All options with index in [9] are selected on object 'Object Repository/GRN/Page_KDMC - CMS/select_JanFebMarAprMayJunJulAu'

2018-05-11 11:04:46 - [TEST_STEP][PASSED] - click: Object: 'Object Repository/MOH AND GRN/Page_KDMC - CMS/a_12' is clicked on

2018-05-11 11:04:46 - [MESSAGE][PASSED] - Object: 'Object Repository/MOH AND GRN/Page_KDMC - CMS/a_12' is clicked on

2018-05-11 11:04:46 - [TEST_STEP][PASSED] - click: Object: 'Object Repository/MOH AND GRN/Page_KDMC - CMS/input_btnadd' is clicked on

2018-05-11 11:04:46 - [MESSAGE][PASSED] - Object: 'Object Repository/MOH AND GRN/Page_KDMC - CMS/input_btnadd' is clicked on

2018-05-11 11:04:46 - [TEST_STEP][PASSED] - Statement - If (s == 10): null

2018-05-11 11:04:46 - [TEST_STEP][PASSED] - Statement - Else: null

2018-05-11 11:04:46 - [TEST_STEP][PASSED] - Statement - (s++): null

2018-05-11 11:04:46 - [TEST_STEP][PASSED] - delay: Delayed 1 second(s)

2018-05-11 11:04:47 - [MESSAGE][PASSED] - Delayed 1 second(s)

2018-05-11 11:04:47 - [TEST_STEP][PASSED] - selectOptionByIndex: All options with index in [70] are selected on object 'Object Repository/MOH AND GRN/Page_KDMC - CMS/select_--Select--Amikacin -500'

2018-05-11 11:04:48 - [MESSAGE][PASSED] - All options with index in [70] are selected on object 'Object Repository/MOH AND GRN/Page_KDMC - CMS/select_--Select--Amikacin -500'

2018-05-11 11:04:48 - [TEST_STEP][PASSED] - setText: Text '5000' is set on object 'Object Repository/MOH AND GRN/Page_KDMC - CMS/input_txtqty'

2018-05-11 11:04:48 - [MESSAGE][PASSED] - Text '5000' is set on object 'Object Repository/MOH AND GRN/Page_KDMC - CMS/input_txtqty'

2018-05-11 11:04:48 - [TEST_STEP][PASSED] - selectOptionByIndex: All options with index in [1] are selected on object 'Object Repository/MOH AND GRN/Page_KDMC - CMS/select_--Select--No Tax0'

2018-05-11 11:04:48 - [MESSAGE][PASSED] - All options with index in [1] are selected on object 'Object Repository/MOH AND GRN/Page_KDMC - CMS/select_--Select--No Tax0'

2018-05-11 11:04:48 - [TEST_STEP][PASSED] - setText: Finding Test Object with id 'Object Repository/MOH AND GRN/Page_KDMC - CMS/input_txtmrp'

2018-05-11 11:04:48 - [TEST_STEP][PASSED] - Statement - switch (id): Finding Test Object with id 'Object Repository/MOH AND GRN/Page_KDMC - CMS/input_txtdeal'

2018-05-11 11:04:48 - [TEST_STEP][PASSED] - Statement - case 4:: Text '45.0' is set on object 'Object Repository/MOH AND GRN/Page_KDMC - CMS/input_txtmrp'

2018-05-11 11:04:48 - [TEST_STEP][PASSED] - Statement - return (java.lang.Math.floor((java.lang.Math.random() * ((max - min) + 1))) + min): Text '45.0' is set on object 'Object Repository/MOH AND GRN/Page_KDMC - CMS/input_txtmrp'

2018-05-11 11:04:48 - [MESSAGE][PASSED] - Text '45.0' is set on object 'Object Repository/MOH AND GRN/Page_KDMC - CMS/input_txtmrp'

2018-05-11 11:04:48 - [TEST_STEP][PASSED] - setText: Finding Test Object with id 'Object Repository/MOH AND GRN/Page_KDMC - CMS/input_txtdeal'

2018-05-11 11:04:48 - [TEST_STEP][PASSED] - Statement - switch (id): Finding Test Object with id 'Object Repository/MOH AND GRN/Page_KDMC - CMS/input_txtbatchno'

2018-05-11 11:04:48 - [TEST_STEP][PASSED] - Statement - case 5:: Text '2.0' is set on object 'Object Repository/MOH AND GRN/Page_KDMC - CMS/input_txtdeal'

2018-05-11 11:04:48 - [TEST_STEP][PASSED] - Statement - return (java.lang.Math.floor((java.lang.Math.random() * ((max - min) + 1))) + min): Text '2.0' is set on object 'Object Repository/MOH AND GRN/Page_KDMC - CMS/input_txtdeal'

2018-05-11 11:04:48 - [MESSAGE][PASSED] - Text '2.0' is set on object 'Object Repository/MOH AND GRN/Page_KDMC - CMS/input_txtdeal'

2018-05-11 11:04:48 - [TEST_STEP][PASSED] - setText: Finding Test Object with id 'Object Repository/MOH AND GRN/Page_KDMC - CMS/input_txtbatchno'

2018-05-11 11:04:48 - [TEST_STEP][PASSED] - Statement - switch (id): Finding Test Object with id 'Object Repository/MOH AND GRN/Page_KDMC - CMS/input_txtmrp'

2018-05-11 11:04:48 - [TEST_STEP][PASSED] - Statement - case 1:: Text 'BA139.0' is set on object 'Object Repository/MOH AND GRN/Page_KDMC - CMS/input_txtbatchno'

2018-05-11 11:04:48 - [TEST_STEP][PASSED] - Statement - return (java.lang.Math.floor((java.lang.Math.random() * ((max - min) + 1))) + min): Text 'BA139.0' is set on object 'Object Repository/MOH AND GRN/Page_KDMC - CMS/input_txtbatchno'

2018-05-11 11:04:48 - [MESSAGE][PASSED] - Text 'BA139.0' is set on object 'Object Repository/MOH AND GRN/Page_KDMC - CMS/input_txtbatchno'

2018-05-11 11:04:48 - [TEST_STEP][PASSED] - rightClick: Object: 'Object Repository/GRN/Page_KDMC - CMS/input_txtexpdate' is right clicked on

2018-05-11 11:04:48 - [MESSAGE][PASSED] - Object: 'Object Repository/GRN/Page_KDMC - CMS/input_txtexpdate' is right clicked on

2018-05-11 11:04:48 - [TEST_STEP][PASSED] - selectOptionByIndex: All options with index in [10] are selected on object 'Object Repository/GRN/Page_KDMC - CMS/select_20182019202020212022202'

2018-05-11 11:04:48 - [MESSAGE][PASSED] - All options with index in [10] are selected on object 'Object Repository/GRN/Page_KDMC - CMS/select_20182019202020212022202'

2018-05-11 11:04:48 - [TEST_STEP][PASSED] - selectOptionByIndex: All options with index in [10] are selected on object 'Object Repository/GRN/Page_KDMC - CMS/select_JanFebMarAprMayJunJulAu'

2018-05-11 11:04:49 - [MESSAGE][PASSED] - All options with index in [10] are selected on object 'Object Repository/GRN/Page_KDMC - CMS/select_JanFebMarAprMayJunJulAu'

2018-05-11 11:04:49 - [TEST_STEP][PASSED] - click: Object: 'Object Repository/MOH AND GRN/Page_KDMC - CMS/a_12' is clicked on

2018-05-11 11:04:49 - [MESSAGE][PASSED] - Object: 'Object Repository/MOH AND GRN/Page_KDMC - CMS/a_12' is clicked on

2018-05-11 11:04:49 - [TEST_STEP][PASSED] - click: Object: 'Object Repository/MOH AND GRN/Page_KDMC - CMS/input_btnadd' is clicked on

2018-05-11 11:04:49 - [MESSAGE][PASSED] - Object: 'Object Repository/MOH AND GRN/Page_KDMC - CMS/input_btnadd' is clicked on

2018-05-11 11:04:49 - [TEST_STEP][PASSED] - Statement - If (s == 10): null

2018-05-11 11:04:49 - [TEST_STEP][PASSED] - Statement - s = 1: null

2018-05-11 11:04:49 - [TEST_STEP][PASSED] - delay: Delayed 1 second(s)

2018-05-11 11:04:50 - [MESSAGE][PASSED] - Delayed 1 second(s)

2018-05-11 11:04:50 - [TEST_STEP][PASSED] - selectOptionByIndex: All options with index in [71] are selected on object 'Object Repository/MOH AND GRN/Page_KDMC - CMS/select_--Select--Amikacin -500'

2018-05-11 11:04:51 - [MESSAGE][PASSED] - All options with index in [71] are selected on object 'Object Repository/MOH AND GRN/Page_KDMC - CMS/select_--Select--Amikacin -500'

2018-05-11 11:04:51 - [TEST_STEP][PASSED] - setText: Text '5000' is set on object 'Object Repository/MOH AND GRN/Page_KDMC - CMS/input_txtqty'

2018-05-11 11:04:51 - [MESSAGE][PASSED] - Text '5000' is set on object 'Object Repository/MOH AND GRN/Page_KDMC - CMS/input_txtqty'

2018-05-11 11:04:51 - [TEST_STEP][PASSED] - selectOptionByIndex: All options with index in [1] are selected on object 'Object Repository/MOH AND GRN/Page_KDMC - CMS/select_--Select--No Tax0'

2018-05-11 11:04:51 - [MESSAGE][PASSED] - All options with index in [1] are selected on object 'Object Repository/MOH AND GRN/Page_KDMC - CMS/select_--Select--No Tax0'

2018-05-11 11:04:51 - [TEST_STEP][PASSED] - setText: Finding Test Object with id 'Object Repository/MOH AND GRN/Page_KDMC - CMS/input_txtmrp'

2018-05-11 11:04:51 - [TEST_STEP][PASSED] - Statement - switch (id): Finding Test Object with id 'Object Repository/MOH AND GRN/Page_KDMC - CMS/input_txtdeal'

2018-05-11 11:04:51 - [TEST_STEP][PASSED] - Statement - case 4:: Text '34.0' is set on object 'Object Repository/MOH AND GRN/Page_KDMC - CMS/input_txtmrp'

2018-05-11 11:04:51 - [TEST_STEP][PASSED] - Statement - return (java.lang.Math.floor((java.lang.Math.random() * ((max - min) + 1))) + min): Text '34.0' is set on object 'Object Repository/MOH AND GRN/Page_KDMC - CMS/input_txtmrp'

2018-05-11 11:04:51 - [MESSAGE][PASSED] - Text '34.0' is set on object 'Object Repository/MOH AND GRN/Page_KDMC - CMS/input_txtmrp'

2018-05-11 11:04:51 - [TEST_STEP][PASSED] - setText: Finding Test Object with id 'Object Repository/MOH AND GRN/Page_KDMC - CMS/input_txtdeal'

2018-05-11 11:04:51 - [TEST_STEP][PASSED] - Statement - switch (id): Finding Test Object with id 'Object Repository/MOH AND GRN/Page_KDMC - CMS/input_txtbatchno'

2018-05-11 11:04:51 - [TEST_STEP][PASSED] - Statement - case 5:: Text '4.0' is set on object 'Object Repository/MOH AND GRN/Page_KDMC - CMS/input_txtdeal'

2018-05-11 11:04:51 - [TEST_STEP][PASSED] - Statement - return (java.lang.Math.floor((java.lang.Math.random() * ((max - min) + 1))) + min): Text '4.0' is set on object 'Object Repository/MOH AND GRN/Page_KDMC - CMS/input_txtdeal'

2018-05-11 11:04:51 - [MESSAGE][PASSED] - Text '4.0' is set on object 'Object Repository/MOH AND GRN/Page_KDMC - CMS/input_txtdeal'

2018-05-11 11:04:51 - [TEST_STEP][PASSED] - setText: Finding Test Object with id 'Object Repository/MOH AND GRN/Page_KDMC - CMS/input_txtbatchno'

2018-05-11 11:04:51 - [TEST_STEP][PASSED] - Statement - switch (id): Finding Test Object with id 'Object Repository/MOH AND GRN/Page_KDMC - CMS/input_txtmrp'

2018-05-11 11:04:51 - [TEST_STEP][PASSED] - Statement - case 1:: Text 'BA553.0' is set on object 'Object Repository/MOH AND GRN/Page_KDMC - CMS/input_txtbatchno'

2018-05-11 11:04:51 - [TEST_STEP][PASSED] - Statement - return (java.lang.Math.floor((java.lang.Math.random() * ((max - min) + 1))) + min): Text 'BA553.0' is set on object 'Object Repository/MOH AND GRN/Page_KDMC - CMS/input_txtbatchno'

2018-05-11 11:04:51 - [MESSAGE][PASSED] - Text 'BA553.0' is set on object 'Object Repository/MOH AND GRN/Page_KDMC - CMS/input_txtbatchno'

2018-05-11 11:04:51 - [TEST_STEP][PASSED] - rightClick: Object: 'Object Repository/GRN/Page_KDMC - CMS/input_txtexpdate' is right clicked on

2018-05-11 11:04:52 - [MESSAGE][PASSED] - Object: 'Object Repository/GRN/Page_KDMC - CMS/input_txtexpdate' is right clicked on

2018-05-11 11:04:52 - [TEST_STEP][PASSED] - selectOptionByIndex: All options with index in [1] are selected on object 'Object Repository/GRN/Page_KDMC - CMS/select_20182019202020212022202'

2018-05-11 11:04:52 - [MESSAGE][PASSED] - All options with index in [1] are selected on object 'Object Repository/GRN/Page_KDMC - CMS/select_20182019202020212022202'

2018-05-11 11:04:52 - [TEST_STEP][PASSED] - selectOptionByIndex: All options with index in [1] are selected on object 'Object Repository/GRN/Page_KDMC - CMS/select_JanFebMarAprMayJunJulAu'

2018-05-11 11:04:52 - [MESSAGE][PASSED] - All options with index in [1] are selected on object 'Object Repository/GRN/Page_KDMC - CMS/select_JanFebMarAprMayJunJulAu'

2018-05-11 11:04:52 - [TEST_STEP][PASSED] - click: Object: 'Object Repository/MOH AND GRN/Page_KDMC - CMS/a_12' is clicked on

2018-05-11 11:04:52 - [MESSAGE][PASSED] - Object: 'Object Repository/MOH AND GRN/Page_KDMC - CMS/a_12' is clicked on

2018-05-11 11:04:52 - [TEST_STEP][PASSED] - click: Object: 'Object Repository/MOH AND GRN/Page_KDMC - CMS/input_btnadd' is clicked on

2018-05-11 11:04:52 - [MESSAGE][PASSED] - Object: 'Object Repository/MOH AND GRN/Page_KDMC - CMS/input_btnadd' is clicked on

2018-05-11 11:04:52 - [TEST_STEP][PASSED] - Statement - If (s == 10): null

2018-05-11 11:04:52 - [TEST_STEP][PASSED] - Statement - Else: null

2018-05-11 11:04:52 - [TEST_STEP][PASSED] - Statement - (s++): null

2018-05-11 11:04:52 - [TEST_STEP][PASSED] - delay: Delayed 1 second(s)

2018-05-11 11:04:53 - [MESSAGE][PASSED] - Delayed 1 second(s)

2018-05-11 11:04:53 - [TEST_STEP][PASSED] - selectOptionByIndex: All options with index in [72] are selected on object 'Object Repository/MOH AND GRN/Page_KDMC - CMS/select_--Select--Amikacin -500'

2018-05-11 11:04:54 - [MESSAGE][PASSED] - All options with index in [72] are selected on object 'Object Repository/MOH AND GRN/Page_KDMC - CMS/select_--Select--Amikacin -500'

2018-05-11 11:04:54 - [TEST_STEP][PASSED] - setText: Text '5000' is set on object 'Object Repository/MOH AND GRN/Page_KDMC - CMS/input_txtqty'

2018-05-11 11:04:54 - [MESSAGE][PASSED] - Text '5000' is set on object 'Object Repository/MOH AND GRN/Page_KDMC - CMS/input_txtqty'

2018-05-11 11:04:54 - [TEST_STEP][PASSED] - selectOptionByIndex: All options with index in [1] are selected on object 'Object Repository/MOH AND GRN/Page_KDMC - CMS/select_--Select--No Tax0'

2018-05-11 11:04:54 - [MESSAGE][PASSED] - All options with index in [1] are selected on object 'Object Repository/MOH AND GRN/Page_KDMC - CMS/select_--Select--No Tax0'

2018-05-11 11:04:54 - [TEST_STEP][PASSED] - setText: Finding Test Object with id 'Object Repository/MOH AND GRN/Page_KDMC - CMS/input_txtmrp'

2018-05-11 11:04:54 - [TEST_STEP][PASSED] - Statement - switch (id): Finding Test Object with id 'Object Repository/MOH AND GRN/Page_KDMC - CMS/input_txtdeal'

2018-05-11 11:04:54 - [TEST_STEP][PASSED] - Statement - case 4:: Text '21.0' is set on object 'Object Repository/MOH AND GRN/Page_KDMC - CMS/input_txtmrp'

2018-05-11 11:04:54 - [TEST_STEP][PASSED] - Statement - return (java.lang.Math.floor((java.lang.Math.random() * ((max - min) + 1))) + min): Text '21.0' is set on object 'Object Repository/MOH AND GRN/Page_KDMC - CMS/input_txtmrp'

2018-05-11 11:04:54 - [MESSAGE][PASSED] - Text '21.0' is set on object 'Object Repository/MOH AND GRN/Page_KDMC - CMS/input_txtmrp'

2018-05-11 11:04:54 - [TEST_STEP][PASSED] - setText: Finding Test Object with id 'Object Repository/MOH AND GRN/Page_KDMC - CMS/input_txtdeal'

2018-05-11 11:04:54 - [TEST_STEP][PASSED] - Statement - switch (id): Finding Test Object with id 'Object Repository/MOH AND GRN/Page_KDMC - CMS/input_txtbatchno'

2018-05-11 11:04:54 - [TEST_STEP][PASSED] - Statement - case 5:: Text '12.0' is set on object 'Object Repository/MOH AND GRN/Page_KDMC - CMS/input_txtdeal'

2018-05-11 11:04:54 - [TEST_STEP][PASSED] - Statement - return (java.lang.Math.floor((java.lang.Math.random() * ((max - min) + 1))) + min): Text '12.0' is set on object 'Object Repository/MOH AND GRN/Page_KDMC - CMS/input_txtdeal'

2018-05-11 11:04:54 - [MESSAGE][PASSED] - Text '12.0' is set on object 'Object Repository/MOH AND GRN/Page_KDMC - CMS/input_txtdeal'

2018-05-11 11:04:54 - [TEST_STEP][PASSED] - setText: Finding Test Object with id 'Object Repository/MOH AND GRN/Page_KDMC - CMS/input_txtbatchno'

2018-05-11 11:04:54 - [TEST_STEP][PASSED] - Statement - switch (id): Finding Test Object with id 'Object Repository/MOH AND GRN/Page_KDMC - CMS/input_txtmrp'

2018-05-11 11:04:54 - [TEST_STEP][PASSED] - Statement - case 1:: Text 'BA916.0' is set on object 'Object Repository/MOH AND GRN/Page_KDMC - CMS/input_txtbatchno'

2018-05-11 11:04:54 - [TEST_STEP][PASSED] - Statement - return (java.lang.Math.floor((java.lang.Math.random() * ((max - min) + 1))) + min): Text 'BA916.0' is set on object 'Object Repository/MOH AND GRN/Page_KDMC - CMS/input_txtbatchno'

2018-05-11 11:04:55 - [MESSAGE][PASSED] - Text 'BA916.0' is set on object 'Object Repository/MOH AND GRN/Page_KDMC - CMS/input_txtbatchno'

2018-05-11 11:04:55 - [TEST_STEP][PASSED] - rightClick: Object: 'Object Repository/GRN/Page_KDMC - CMS/input_txtexpdate' is right clicked on

2018-05-11 11:04:55 - [MESSAGE][PASSED] - Object: 'Object Repository/GRN/Page_KDMC - CMS/input_txtexpdate' is right clicked on

2018-05-11 11:04:55 - [TEST_STEP][PASSED] - selectOptionByIndex: All options with index in [2] are selected on object 'Object Repository/GRN/Page_KDMC - CMS/select_20182019202020212022202'

2018-05-11 11:04:55 - [MESSAGE][PASSED] - All options with index in [2] are selected on object 'Object Repository/GRN/Page_KDMC - CMS/select_20182019202020212022202'

2018-05-11 11:04:55 - [TEST_STEP][PASSED] - selectOptionByIndex: All options with index in [2] are selected on object 'Object Repository/GRN/Page_KDMC - CMS/select_JanFebMarAprMayJunJulAu'

2018-05-11 11:04:55 - [MESSAGE][PASSED] - All options with index in [2] are selected on object 'Object Repository/GRN/Page_KDMC - CMS/select_JanFebMarAprMayJunJulAu'

2018-05-11 11:04:55 - [TEST_STEP][PASSED] - click: Object: 'Object Repository/MOH AND GRN/Page_KDMC - CMS/a_12' is clicked on

2018-05-11 11:04:55 - [MESSAGE][PASSED] - Object: 'Object Repository/MOH AND GRN/Page_KDMC - CMS/a_12' is clicked on

2018-05-11 11:04:55 - [TEST_STEP][PASSED] - click: Object: 'Object Repository/MOH AND GRN/Page_KDMC - CMS/input_btnadd' is clicked on

2018-05-11 11:04:55 - [MESSAGE][PASSED] - Object: 'Object Repository/MOH AND GRN/Page_KDMC - CMS/input_btnadd' is clicked on

2018-05-11 11:04:55 - [TEST_STEP][PASSED] - Statement - If (s == 10): null

2018-05-11 11:04:55 - [TEST_STEP][PASSED] - Statement - Else: null

2018-05-11 11:04:55 - [TEST_STEP][PASSED] - Statement - (s++): null

2018-05-11 11:04:55 - [TEST_STEP][PASSED] - delay: Delayed 1 second(s)

2018-05-11 11:04:56 - [MESSAGE][PASSED] - Delayed 1 second(s)

2018-05-11 11:04:56 - [TEST_STEP][PASSED] - selectOptionByIndex: All options with index in [73] are selected on object 'Object Repository/MOH AND GRN/Page_KDMC - CMS/select_--Select--Amikacin -500'

2018-05-11 11:04:57 - [MESSAGE][PASSED] - All options with index in [73] are selected on object 'Object Repository/MOH AND GRN/Page_KDMC - CMS/select_--Select--Amikacin -500'

2018-05-11 11:04:57 - [TEST_STEP][PASSED] - setText: Text '5000' is set on object 'Object Repository/MOH AND GRN/Page_KDMC - CMS/input_txtqty'

2018-05-11 11:04:57 - [MESSAGE][PASSED] - Text '5000' is set on object 'Object Repository/MOH AND GRN/Page_KDMC - CMS/input_txtqty'

2018-05-11 11:04:57 - [TEST_STEP][PASSED] - selectOptionByIndex: All options with index in [1] are selected on object 'Object Repository/MOH AND GRN/Page_KDMC - CMS/select_--Select--No Tax0'

2018-05-11 11:04:57 - [MESSAGE][PASSED] - All options with index in [1] are selected on object 'Object Repository/MOH AND GRN/Page_KDMC - CMS/select_--Select--No Tax0'

2018-05-11 11:04:57 - [TEST_STEP][PASSED] - setText: Finding Test Object with id 'Object Repository/MOH AND GRN/Page_KDMC - CMS/input_txtmrp'

2018-05-11 11:04:57 - [TEST_STEP][PASSED] - Statement - switch (id): Finding Test Object with id 'Object Repository/MOH AND GRN/Page_KDMC - CMS/input_txtdeal'

2018-05-11 11:04:57 - [TEST_STEP][PASSED] - Statement - case 4:: Text '36.0' is set on object 'Object Repository/MOH AND GRN/Page_KDMC - CMS/input_txtmrp'

2018-05-11 11:04:57 - [TEST_STEP][PASSED] - Statement - return (java.lang.Math.floor((java.lang.Math.random() * ((max - min) + 1))) + min): Text '36.0' is set on object 'Object Repository/MOH AND GRN/Page_KDMC - CMS/input_txtmrp'

2018-05-11 11:04:57 - [MESSAGE][PASSED] - Text '36.0' is set on object 'Object Repository/MOH AND GRN/Page_KDMC - CMS/input_txtmrp'

2018-05-11 11:04:57 - [TEST_STEP][PASSED] - setText: Finding Test Object with id 'Object Repository/MOH AND GRN/Page_KDMC - CMS/input_txtdeal'

2018-05-11 11:04:57 - [TEST_STEP][PASSED] - Statement - switch (id): Finding Test Object with id 'Object Repository/MOH AND GRN/Page_KDMC - CMS/input_txtbatchno'

2018-05-11 11:04:57 - [TEST_STEP][PASSED] - Statement - case 5:: Text '1.0' is set on object 'Object Repository/MOH AND GRN/Page_KDMC - CMS/input_txtdeal'

2018-05-11 11:04:57 - [TEST_STEP][PASSED] - Statement - return (java.lang.Math.floor((java.lang.Math.random() * ((max - min) + 1))) + min): Text '1.0' is set on object 'Object Repository/MOH AND GRN/Page_KDMC - CMS/input_txtdeal'

2018-05-11 11:04:57 - [MESSAGE][PASSED] - Text '1.0' is set on object 'Object Repository/MOH AND GRN/Page_KDMC - CMS/input_txtdeal'

2018-05-11 11:04:57 - [TEST_STEP][PASSED] - setText: Finding Test Object with id 'Object Repository/MOH AND GRN/Page_KDMC - CMS/input_txtbatchno'

2018-05-11 11:04:57 - [TEST_STEP][PASSED] - Statement - switch (id): Finding Test Object with id 'Object Repository/MOH AND GRN/Page_KDMC - CMS/input_txtmrp'

2018-05-11 11:04:57 - [TEST_STEP][PASSED] - Statement - case 1:: Text 'BA727.0' is set on object 'Object Repository/MOH AND GRN/Page_KDMC - CMS/input_txtbatchno'

2018-05-11 11:04:57 - [TEST_STEP][PASSED] - Statement - return (java.lang.Math.floor((java.lang.Math.random() * ((max - min) + 1))) + min): Text 'BA727.0' is set on object 'Object Repository/MOH AND GRN/Page_KDMC - CMS/input_txtbatchno'

2018-05-11 11:04:58 - [MESSAGE][PASSED] - Text 'BA727.0' is set on object 'Object Repository/MOH AND GRN/Page_KDMC - CMS/input_txtbatchno'

2018-05-11 11:04:58 - [TEST_STEP][PASSED] - rightClick: Object: 'Object Repository/GRN/Page_KDMC - CMS/input_txtexpdate' is right clicked on

2018-05-11 11:04:58 - [MESSAGE][PASSED] - Object: 'Object Repository/GRN/Page_KDMC - CMS/input_txtexpdate' is right clicked on

2018-05-11 11:04:58 - [TEST_STEP][PASSED] - selectOptionByIndex: All options with index in [3] are selected on object 'Object Repository/GRN/Page_KDMC - CMS/select_20182019202020212022202'

2018-05-11 11:04:58 - [MESSAGE][PASSED] - All options with index in [3] are selected on object 'Object Repository/GRN/Page_KDMC - CMS/select_20182019202020212022202'

2018-05-11 11:04:58 - [TEST_STEP][PASSED] - selectOptionByIndex: All options with index in [3] are selected on object 'Object Repository/GRN/Page_KDMC - CMS/select_JanFebMarAprMayJunJulAu'

2018-05-11 11:04:58 - [MESSAGE][PASSED] - All options with index in [3] are selected on object 'Object Repository/GRN/Page_KDMC - CMS/select_JanFebMarAprMayJunJulAu'

2018-05-11 11:04:58 - [TEST_STEP][PASSED] - click: Object: 'Object Repository/MOH AND GRN/Page_KDMC - CMS/a_12' is clicked on

2018-05-11 11:04:58 - [MESSAGE][PASSED] - Object: 'Object Repository/MOH AND GRN/Page_KDMC - CMS/a_12' is clicked on

2018-05-11 11:04:58 - [TEST_STEP][PASSED] - click: Object: 'Object Repository/MOH AND GRN/Page_KDMC - CMS/input_btnadd' is clicked on

2018-05-11 11:04:58 - [MESSAGE][PASSED] - Object: 'Object Repository/MOH AND GRN/Page_KDMC - CMS/input_btnadd' is clicked on

2018-05-11 11:04:58 - [TEST_STEP][PASSED] - Statement - If (s == 10): null

2018-05-11 11:04:58 - [TEST_STEP][PASSED] - Statement - Else: null

2018-05-11 11:04:58 - [TEST_STEP][PASSED] - Statement - (s++): null

2018-05-11 11:04:58 - [TEST_STEP][PASSED] - delay: Delayed 1 second(s)

2018-05-11 11:04:59 - [MESSAGE][PASSED] - Delayed 1 second(s)

2018-05-11 11:04:59 - [TEST_STEP][PASSED] - selectOptionByIndex: All options with index in [74] are selected on object 'Object Repository/MOH AND GRN/Page_KDMC - CMS/select_--Select--Amikacin -500'

2018-05-11 11:05:00 - [MESSAGE][PASSED] - All options with index in [74] are selected on object 'Object Repository/MOH AND GRN/Page_KDMC - CMS/select_--Select--Amikacin -500'

2018-05-11 11:05:00 - [TEST_STEP][PASSED] - setText: Text '5000' is set on object 'Object Repository/MOH AND GRN/Page_KDMC - CMS/input_txtqty'

2018-05-11 11:05:00 - [MESSAGE][PASSED] - Text '5000' is set on object 'Object Repository/MOH AND GRN/Page_KDMC - CMS/input_txtqty'

2018-05-11 11:05:00 - [TEST_STEP][PASSED] - selectOptionByIndex: All options with index in [1] are selected on object 'Object Repository/MOH AND GRN/Page_KDMC - CMS/select_--Select--No Tax0'

2018-05-11 11:05:00 - [MESSAGE][PASSED] - All options with index in [1] are selected on object 'Object Repository/MOH AND GRN/Page_KDMC - CMS/select_--Select--No Tax0'

2018-05-11 11:05:00 - [TEST_STEP][PASSED] - setText: Finding Test Object with id 'Object Repository/MOH AND GRN/Page_KDMC - CMS/input_txtmrp'

2018-05-11 11:05:00 - [TEST_STEP][PASSED] - Statement - switch (id): Finding Test Object with id 'Object Repository/MOH AND GRN/Page_KDMC - CMS/input_txtdeal'

2018-05-11 11:05:00 - [TEST_STEP][PASSED] - Statement - case 4:: Text '44.0' is set on object 'Object Repository/MOH AND GRN/Page_KDMC - CMS/input_txtmrp'

2018-05-11 11:05:00 - [TEST_STEP][PASSED] - Statement - return (java.lang.Math.floor((java.lang.Math.random() * ((max - min) + 1))) + min): Text '44.0' is set on object 'Object Repository/MOH AND GRN/Page_KDMC - CMS/input_txtmrp'

2018-05-11 11:05:00 - [MESSAGE][PASSED] - Text '44.0' is set on object 'Object Repository/MOH AND GRN/Page_KDMC - CMS/input_txtmrp'

2018-05-11 11:05:00 - [TEST_STEP][PASSED] - setText: Finding Test Object with id 'Object Repository/MOH AND GRN/Page_KDMC - CMS/input_txtdeal'

2018-05-11 11:05:00 - [TEST_STEP][PASSED] - Statement - switch (id): Finding Test Object with id 'Object Repository/MOH AND GRN/Page_KDMC - CMS/input_txtbatchno'

2018-05-11 11:05:00 - [TEST_STEP][PASSED] - Statement - case 5:: Text '5.0' is set on object 'Object Repository/MOH AND GRN/Page_KDMC - CMS/input_txtdeal'

2018-05-11 11:05:00 - [TEST_STEP][PASSED] - Statement - return (java.lang.Math.floor((java.lang.Math.random() * ((max - min) + 1))) + min): Text '5.0' is set on object 'Object Repository/MOH AND GRN/Page_KDMC - CMS/input_txtdeal'

2018-05-11 11:05:01 - [MESSAGE][PASSED] - Text '5.0' is set on object 'Object Repository/MOH AND GRN/Page_KDMC - CMS/input_txtdeal'

2018-05-11 11:05:01 - [TEST_STEP][PASSED] - setText: Finding Test Object with id 'Object Repository/MOH AND GRN/Page_KDMC - CMS/input_txtbatchno'

2018-05-11 11:05:01 - [TEST_STEP][PASSED] - Statement - switch (id): Finding Test Object with id 'Object Repository/MOH AND GRN/Page_KDMC - CMS/input_txtmrp'

2018-05-11 11:05:01 - [TEST_STEP][PASSED] - Statement - case 1:: Text 'BA445.0' is set on object 'Object Repository/MOH AND GRN/Page_KDMC - CMS/input_txtbatchno'

2018-05-11 11:05:01 - [TEST_STEP][PASSED] - Statement - return (java.lang.Math.floor((java.lang.Math.random() * ((max - min) + 1))) + min): Text 'BA445.0' is set on object 'Object Repository/MOH AND GRN/Page_KDMC - CMS/input_txtbatchno'

2018-05-11 11:05:01 - [MESSAGE][PASSED] - Text 'BA445.0' is set on object 'Object Repository/MOH AND GRN/Page_KDMC - CMS/input_txtbatchno'

2018-05-11 11:05:01 - [TEST_STEP][PASSED] - rightClick: Object: 'Object Repository/GRN/Page_KDMC - CMS/input_txtexpdate' is right clicked on

2018-05-11 11:05:01 - [MESSAGE][PASSED] - Object: 'Object Repository/GRN/Page_KDMC - CMS/input_txtexpdate' is right clicked on

2018-05-11 11:05:01 - [TEST_STEP][PASSED] - selectOptionByIndex: All options with index in [4] are selected on object 'Object Repository/GRN/Page_KDMC - CMS/select_20182019202020212022202'

2018-05-11 11:05:01 - [MESSAGE][PASSED] - All options with index in [4] are selected on object 'Object Repository/GRN/Page_KDMC - CMS/select_20182019202020212022202'

2018-05-11 11:05:01 - [TEST_STEP][PASSED] - selectOptionByIndex: All options with index in [4] are selected on object 'Object Repository/GRN/Page_KDMC - CMS/select_JanFebMarAprMayJunJulAu'

2018-05-11 11:05:01 - [MESSAGE][PASSED] - All options with index in [4] are selected on object 'Object Repository/GRN/Page_KDMC - CMS/select_JanFebMarAprMayJunJulAu'

2018-05-11 11:05:01 - [TEST_STEP][PASSED] - click: Object: 'Object Repository/MOH AND GRN/Page_KDMC - CMS/a_12' is clicked on

2018-05-11 11:05:01 - [MESSAGE][PASSED] - Object: 'Object Repository/MOH AND GRN/Page_KDMC - CMS/a_12' is clicked on

2018-05-11 11:05:01 - [TEST_STEP][PASSED] - click: Object: 'Object Repository/MOH AND GRN/Page_KDMC - CMS/input_btnadd' is clicked on

2018-05-11 11:05:01 - [MESSAGE][PASSED] - Object: 'Object Repository/MOH AND GRN/Page_KDMC - CMS/input_btnadd' is clicked on

2018-05-11 11:05:01 - [TEST_STEP][PASSED] - Statement - If (s == 10): null

2018-05-11 11:05:01 - [TEST_STEP][PASSED] - Statement - Else: null

2018-05-11 11:05:01 - [TEST_STEP][PASSED] - Statement - (s++): null

2018-05-11 11:05:01 - [TEST_STEP][PASSED] - delay: Delayed 1 second(s)

2018-05-11 11:05:02 - [MESSAGE][PASSED] - Delayed 1 second(s)

2018-05-11 11:05:02 - [TEST_STEP][PASSED] - selectOptionByIndex: All options with index in [75] are selected on object 'Object Repository/MOH AND GRN/Page_KDMC - CMS/select_--Select--Amikacin -500'

2018-05-11 11:05:03 - [MESSAGE][PASSED] - All options with index in [75] are selected on object 'Object Repository/MOH AND GRN/Page_KDMC - CMS/select_--Select--Amikacin -500'

2018-05-11 11:05:03 - [TEST_STEP][PASSED] - setText: Text '5000' is set on object 'Object Repository/MOH AND GRN/Page_KDMC - CMS/input_txtqty'

2018-05-11 11:05:04 - [MESSAGE][PASSED] - Text '5000' is set on object 'Object Repository/MOH AND GRN/Page_KDMC - CMS/input_txtqty'

2018-05-11 11:05:04 - [TEST_STEP][PASSED] - selectOptionByIndex: All options with index in [1] are selected on object 'Object Repository/MOH AND GRN/Page_KDMC - CMS/select_--Select--No Tax0'

2018-05-11 11:05:04 - [MESSAGE][PASSED] - All options with index in [1] are selected on object 'Object Repository/MOH AND GRN/Page_KDMC - CMS/select_--Select--No Tax0'

2018-05-11 11:05:04 - [TEST_STEP][PASSED] - setText: Finding Test Object with id 'Object Repository/MOH AND GRN/Page_KDMC - CMS/input_txtmrp'

2018-05-11 11:05:04 - [TEST_STEP][PASSED] - Statement - switch (id): Finding Test Object with id 'Object Repository/MOH AND GRN/Page_KDMC - CMS/input_txtdeal'

2018-05-11 11:05:04 - [TEST_STEP][PASSED] - Statement - case 4:: Text '38.0' is set on object 'Object Repository/MOH AND GRN/Page_KDMC - CMS/input_txtmrp'

2018-05-11 11:05:04 - [TEST_STEP][PASSED] - Statement - return (java.lang.Math.floor((java.lang.Math.random() * ((max - min) + 1))) + min): Text '38.0' is set on object 'Object Repository/MOH AND GRN/Page_KDMC - CMS/input_txtmrp'

2018-05-11 11:05:04 - [MESSAGE][PASSED] - Text '38.0' is set on object 'Object Repository/MOH AND GRN/Page_KDMC - CMS/input_txtmrp'

2018-05-11 11:05:04 - [TEST_STEP][PASSED] - setText: Finding Test Object with id 'Object Repository/MOH AND GRN/Page_KDMC - CMS/input_txtdeal'

2018-05-11 11:05:04 - [TEST_STEP][PASSED] - Statement - switch (id): Finding Test Object with id 'Object Repository/MOH AND GRN/Page_KDMC - CMS/input_txtbatchno'

2018-05-11 11:05:04 - [TEST_STEP][PASSED] - Statement - case 5:: Text '7.0' is set on object 'Object Repository/MOH AND GRN/Page_KDMC - CMS/input_txtdeal'

2018-05-11 11:05:04 - [TEST_STEP][PASSED] - Statement - return (java.lang.Math.floor((java.lang.Math.random() * ((max - min) + 1))) + min): Text '7.0' is set on object 'Object Repository/MOH AND GRN/Page_KDMC - CMS/input_txtdeal'

2018-05-11 11:05:04 - [MESSAGE][PASSED] - Text '7.0' is set on object 'Object Repository/MOH AND GRN/Page_KDMC - CMS/input_txtdeal'

2018-05-11 11:05:04 - [TEST_STEP][PASSED] - setText: Finding Test Object with id 'Object Repository/MOH AND GRN/Page_KDMC - CMS/input_txtbatchno'

2018-05-11 11:05:04 - [TEST_STEP][PASSED] - Statement - switch (id): Finding Test Object with id 'Object Repository/MOH AND GRN/Page_KDMC - CMS/input_txtmrp'

2018-05-11 11:05:04 - [TEST_STEP][PASSED] - Statement - case 1:: Text 'BA401.0' is set on object 'Object Repository/MOH AND GRN/Page_KDMC - CMS/input_txtbatchno'

2018-05-11 11:05:04 - [TEST_STEP][PASSED] - Statement - return (java.lang.Math.floor((java.lang.Math.random() * ((max - min) + 1))) + min): Text 'BA401.0' is set on object 'Object Repository/MOH AND GRN/Page_KDMC - CMS/input_txtbatchno'

2018-05-11 11:05:04 - [MESSAGE][PASSED] - Text 'BA401.0' is set on object 'Object Repository/MOH AND GRN/Page_KDMC - CMS/input_txtbatchno'

2018-05-11 11:05:04 - [TEST_STEP][PASSED] - rightClick: Object: 'Object Repository/GRN/Page_KDMC - CMS/input_txtexpdate' is right clicked on

2018-05-11 11:05:04 - [MESSAGE][PASSED] - Object: 'Object Repository/GRN/Page_KDMC - CMS/input_txtexpdate' is right clicked on

2018-05-11 11:05:04 - [TEST_STEP][PASSED] - selectOptionByIndex: All options with index in [5] are selected on object 'Object Repository/GRN/Page_KDMC - CMS/select_20182019202020212022202'

2018-05-11 11:05:04 - [MESSAGE][PASSED] - All options with index in [5] are selected on object 'Object Repository/GRN/Page_KDMC - CMS/select_20182019202020212022202'

2018-05-11 11:05:04 - [TEST_STEP][PASSED] - selectOptionByIndex: All options with index in [5] are selected on object 'Object Repository/GRN/Page_KDMC - CMS/select_JanFebMarAprMayJunJulAu'

2018-05-11 11:05:04 - [MESSAGE][PASSED] - All options with index in [5] are selected on object 'Object Repository/GRN/Page_KDMC - CMS/select_JanFebMarAprMayJunJulAu'

2018-05-11 11:05:04 - [TEST_STEP][PASSED] - click: Object: 'Object Repository/MOH AND GRN/Page_KDMC - CMS/a_12' is clicked on

2018-05-11 11:05:04 - [MESSAGE][PASSED] - Object: 'Object Repository/MOH AND GRN/Page_KDMC - CMS/a_12' is clicked on

2018-05-11 11:05:04 - [TEST_STEP][PASSED] - click: Object: 'Object Repository/MOH AND GRN/Page_KDMC - CMS/input_btnadd' is clicked on

2018-05-11 11:05:05 - [MESSAGE][PASSED] - Object: 'Object Repository/MOH AND GRN/Page_KDMC - CMS/input_btnadd' is clicked on

2018-05-11 11:05:05 - [TEST_STEP][PASSED] - Statement - If (s == 10): null

2018-05-11 11:05:05 - [TEST_STEP][PASSED] - Statement - Else: null

2018-05-11 11:05:05 - [TEST_STEP][PASSED] - Statement - (s++): null

2018-05-11 11:05:05 - [TEST_STEP][PASSED] - delay: Delayed 1 second(s)

2018-05-11 11:05:06 - [MESSAGE][PASSED] - Delayed 1 second(s)

2018-05-11 11:05:06 - [TEST_STEP][PASSED] - selectOptionByIndex: All options with index in [76] are selected on object 'Object Repository/MOH AND GRN/Page_KDMC - CMS/select_--Select--Amikacin -500'

2018-05-11 11:05:07 - [MESSAGE][PASSED] - All options with index in [76] are selected on object 'Object Repository/MOH AND GRN/Page_KDMC - CMS/select_--Select--Amikacin -500'

2018-05-11 11:05:07 - [TEST_STEP][PASSED] - setText: Text '5000' is set on object 'Object Repository/MOH AND GRN/Page_KDMC - CMS/input_txtqty'

2018-05-11 11:05:07 - [MESSAGE][PASSED] - Text '5000' is set on object 'Object Repository/MOH AND GRN/Page_KDMC - CMS/input_txtqty'

2018-05-11 11:05:07 - [TEST_STEP][PASSED] - selectOptionByIndex: All options with index in [1] are selected on object 'Object Repository/MOH AND GRN/Page_KDMC - CMS/select_--Select--No Tax0'

2018-05-11 11:05:07 - [MESSAGE][PASSED] - All options with index in [1] are selected on object 'Object Repository/MOH AND GRN/Page_KDMC - CMS/select_--Select--No Tax0'

2018-05-11 11:05:07 - [TEST_STEP][PASSED] - setText: Finding Test Object with id 'Object Repository/MOH AND GRN/Page_KDMC - CMS/input_txtmrp'

2018-05-11 11:05:07 - [TEST_STEP][PASSED] - Statement - switch (id): Finding Test Object with id 'Object Repository/MOH AND GRN/Page_KDMC - CMS/input_txtdeal'

2018-05-11 11:05:07 - [TEST_STEP][PASSED] - Statement - case 4:: Text '22.0' is set on object 'Object Repository/MOH AND GRN/Page_KDMC - CMS/input_txtmrp'

2018-05-11 11:05:07 - [TEST_STEP][PASSED] - Statement - return (java.lang.Math.floor((java.lang.Math.random() * ((max - min) + 1))) + min): Text '22.0' is set on object 'Object Repository/MOH AND GRN/Page_KDMC - CMS/input_txtmrp'

2018-05-11 11:05:07 - [MESSAGE][PASSED] - Text '22.0' is set on object 'Object Repository/MOH AND GRN/Page_KDMC - CMS/input_txtmrp'

2018-05-11 11:05:07 - [TEST_STEP][PASSED] - setText: Finding Test Object with id 'Object Repository/MOH AND GRN/Page_KDMC - CMS/input_txtdeal'

2018-05-11 11:05:07 - [TEST_STEP][PASSED] - Statement - switch (id): Finding Test Object with id 'Object Repository/MOH AND GRN/Page_KDMC - CMS/input_txtbatchno'

2018-05-11 11:05:07 - [TEST_STEP][PASSED] - Statement - case 5:: Text '7.0' is set on object 'Object Repository/MOH AND GRN/Page_KDMC - CMS/input_txtdeal'

2018-05-11 11:05:07 - [TEST_STEP][PASSED] - Statement - return (java.lang.Math.floor((java.lang.Math.random() * ((max - min) + 1))) + min): Text '7.0' is set on object 'Object Repository/MOH AND GRN/Page_KDMC - CMS/input_txtdeal'

2018-05-11 11:05:07 - [MESSAGE][PASSED] - Text '7.0' is set on object 'Object Repository/MOH AND GRN/Page_KDMC - CMS/input_txtdeal'

2018-05-11 11:05:07 - [TEST_STEP][PASSED] - setText: Finding Test Object with id 'Object Repository/MOH AND GRN/Page_KDMC - CMS/input_txtbatchno'

2018-05-11 11:05:07 - [TEST_STEP][PASSED] - Statement - switch (id): Finding Test Object with id 'Object Repository/MOH AND GRN/Page_KDMC - CMS/input_txtmrp'

2018-05-11 11:05:07 - [TEST_STEP][PASSED] - Statement - case 1:: Text 'BA224.0' is set on object 'Object Repository/MOH AND GRN/Page_KDMC - CMS/input_txtbatchno'

2018-05-11 11:05:07 - [TEST_STEP][PASSED] - Statement - return (java.lang.Math.floor((java.lang.Math.random() * ((max - min) + 1))) + min): Text 'BA224.0' is set on object 'Object Repository/MOH AND GRN/Page_KDMC - CMS/input_txtbatchno'

2018-05-11 11:05:07 - [MESSAGE][PASSED] - Text 'BA224.0' is set on object 'Object Repository/MOH AND GRN/Page_KDMC - CMS/input_txtbatchno'

2018-05-11 11:05:07 - [TEST_STEP][PASSED] - rightClick: Object: 'Object Repository/GRN/Page_KDMC - CMS/input_txtexpdate' is right clicked on

2018-05-11 11:05:07 - [MESSAGE][PASSED] - Object: 'Object Repository/GRN/Page_KDMC - CMS/input_txtexpdate' is right clicked on

2018-05-11 11:05:07 - [TEST_STEP][PASSED] - selectOptionByIndex: All options with index in [6] are selected on object 'Object Repository/GRN/Page_KDMC - CMS/select_20182019202020212022202'

2018-05-11 11:05:07 - [MESSAGE][PASSED] - All options with index in [6] are selected on object 'Object Repository/GRN/Page_KDMC - CMS/select_20182019202020212022202'

2018-05-11 11:05:07 - [TEST_STEP][PASSED] - selectOptionByIndex: All options with index in [6] are selected on object 'Object Repository/GRN/Page_KDMC - CMS/select_JanFebMarAprMayJunJulAu'

2018-05-11 11:05:08 - [MESSAGE][PASSED] - All options with index in [6] are selected on object 'Object Repository/GRN/Page_KDMC - CMS/select_JanFebMarAprMayJunJulAu'

2018-05-11 11:05:08 - [TEST_STEP][PASSED] - click: Object: 'Object Repository/MOH AND GRN/Page_KDMC - CMS/a_12' is clicked on

2018-05-11 11:05:08 - [MESSAGE][PASSED] - Object: 'Object Repository/MOH AND GRN/Page_KDMC - CMS/a_12' is clicked on

2018-05-11 11:05:08 - [TEST_STEP][PASSED] - click: Object: 'Object Repository/MOH AND GRN/Page_KDMC - CMS/input_btnadd' is clicked on

2018-05-11 11:05:08 - [MESSAGE][PASSED] - Object: 'Object Repository/MOH AND GRN/Page_KDMC - CMS/input_btnadd' is clicked on

2018-05-11 11:05:08 - [TEST_STEP][PASSED] - Statement - If (s == 10): null

2018-05-11 11:05:08 - [TEST_STEP][PASSED] - Statement - Else: null

2018-05-11 11:05:08 - [TEST_STEP][PASSED] - Statement - (s++): null

2018-05-11 11:05:08 - [TEST_STEP][PASSED] - delay: Delayed 1 second(s)

2018-05-11 11:05:09 - [MESSAGE][PASSED] - Delayed 1 second(s)

2018-05-11 11:05:09 - [TEST_STEP][PASSED] - selectOptionByIndex: All options with index in [77] are selected on object 'Object Repository/MOH AND GRN/Page_KDMC - CMS/select_--Select--Amikacin -500'

2018-05-11 11:05:10 - [MESSAGE][PASSED] - All options with index in [77] are selected on object 'Object Repository/MOH AND GRN/Page_KDMC - CMS/select_--Select--Amikacin -500'

2018-05-11 11:05:10 - [TEST_STEP][PASSED] - setText: Text '5000' is set on object 'Object Repository/MOH AND GRN/Page_KDMC - CMS/input_txtqty'

2018-05-11 11:05:10 - [MESSAGE][PASSED] - Text '5000' is set on object 'Object Repository/MOH AND GRN/Page_KDMC - CMS/input_txtqty'

2018-05-11 11:05:10 - [TEST_STEP][PASSED] - selectOptionByIndex: All options with index in [1] are selected on object 'Object Repository/MOH AND GRN/Page_KDMC - CMS/select_--Select--No Tax0'

2018-05-11 11:05:10 - [MESSAGE][PASSED] - All options with index in [1] are selected on object 'Object Repository/MOH AND GRN/Page_KDMC - CMS/select_--Select--No Tax0'

2018-05-11 11:05:10 - [TEST_STEP][PASSED] - setText: Finding Test Object with id 'Object Repository/MOH AND GRN/Page_KDMC - CMS/input_txtmrp'

2018-05-11 11:05:10 - [TEST_STEP][PASSED] - Statement - switch (id): Finding Test Object with id 'Object Repository/MOH AND GRN/Page_KDMC - CMS/input_txtdeal'

2018-05-11 11:05:10 - [TEST_STEP][PASSED] - Statement - case 4:: Text '20.0' is set on object 'Object Repository/MOH AND GRN/Page_KDMC - CMS/input_txtmrp'

2018-05-11 11:05:10 - [TEST_STEP][PASSED] - Statement - return (java.lang.Math.floor((java.lang.Math.random() * ((max - min) + 1))) + min): Text '20.0' is set on object 'Object Repository/MOH AND GRN/Page_KDMC - CMS/input_txtmrp'

2018-05-11 11:05:10 - [MESSAGE][PASSED] - Text '20.0' is set on object 'Object Repository/MOH AND GRN/Page_KDMC - CMS/input_txtmrp'

2018-05-11 11:05:10 - [TEST_STEP][PASSED] - setText: Finding Test Object with id 'Object Repository/MOH AND GRN/Page_KDMC - CMS/input_txtdeal'

2018-05-11 11:05:10 - [TEST_STEP][PASSED] - Statement - switch (id): Finding Test Object with id 'Object Repository/MOH AND GRN/Page_KDMC - CMS/input_txtbatchno'

2018-05-11 11:05:10 - [TEST_STEP][PASSED] - Statement - case 5:: Text '11.0' is set on object 'Object Repository/MOH AND GRN/Page_KDMC - CMS/input_txtdeal'

2018-05-11 11:05:10 - [TEST_STEP][PASSED] - Statement - return (java.lang.Math.floor((java.lang.Math.random() * ((max - min) + 1))) + min): Text '11.0' is set on object 'Object Repository/MOH AND GRN/Page_KDMC - CMS/input_txtdeal'

2018-05-11 11:05:10 - [MESSAGE][PASSED] - Text '11.0' is set on object 'Object Repository/MOH AND GRN/Page_KDMC - CMS/input_txtdeal'

2018-05-11 11:05:10 - [TEST_STEP][PASSED] - setText: Finding Test Object with id 'Object Repository/MOH AND GRN/Page_KDMC - CMS/input_txtbatchno'

2018-05-11 11:05:10 - [TEST_STEP][PASSED] - Statement - switch (id): Finding Test Object with id 'Object Repository/MOH AND GRN/Page_KDMC - CMS/input_txtmrp'

2018-05-11 11:05:10 - [TEST_STEP][PASSED] - Statement - case 1:: Text 'BA666.0' is set on object 'Object Repository/MOH AND GRN/Page_KDMC - CMS/input_txtbatchno'

2018-05-11 11:05:10 - [TEST_STEP][PASSED] - Statement - return (java.lang.Math.floor((java.lang.Math.random() * ((max - min) + 1))) + min): Text 'BA666.0' is set on object 'Object Repository/MOH AND GRN/Page_KDMC - CMS/input_txtbatchno'

2018-05-11 11:05:11 - [MESSAGE][PASSED] - Text 'BA666.0' is set on object 'Object Repository/MOH AND GRN/Page_KDMC - CMS/input_txtbatchno'

2018-05-11 11:05:11 - [TEST_STEP][PASSED] - rightClick: Object: 'Object Repository/GRN/Page_KDMC - CMS/input_txtexpdate' is right clicked on

2018-05-11 11:05:11 - [MESSAGE][PASSED] - Object: 'Object Repository/GRN/Page_KDMC - CMS/input_txtexpdate' is right clicked on

2018-05-11 11:05:11 - [TEST_STEP][PASSED] - selectOptionByIndex: All options with index in [7] are selected on object 'Object Repository/GRN/Page_KDMC - CMS/select_20182019202020212022202'

2018-05-11 11:05:11 - [MESSAGE][PASSED] - All options with index in [7] are selected on object 'Object Repository/GRN/Page_KDMC - CMS/select_20182019202020212022202'

2018-05-11 11:05:11 - [TEST_STEP][PASSED] - selectOptionByIndex: All options with index in [7] are selected on object 'Object Repository/GRN/Page_KDMC - CMS/select_JanFebMarAprMayJunJulAu'

2018-05-11 11:05:11 - [MESSAGE][PASSED] - All options with index in [7] are selected on object 'Object Repository/GRN/Page_KDMC - CMS/select_JanFebMarAprMayJunJulAu'

2018-05-11 11:05:11 - [TEST_STEP][PASSED] - click: Object: 'Object Repository/MOH AND GRN/Page_KDMC - CMS/a_12' is clicked on

2018-05-11 11:05:11 - [MESSAGE][PASSED] - Object: 'Object Repository/MOH AND GRN/Page_KDMC - CMS/a_12' is clicked on

2018-05-11 11:05:11 - [TEST_STEP][PASSED] - click: Object: 'Object Repository/MOH AND GRN/Page_KDMC - CMS/input_btnadd' is clicked on

2018-05-11 11:05:11 - [MESSAGE][PASSED] - Object: 'Object Repository/MOH AND GRN/Page_KDMC - CMS/input_btnadd' is clicked on

2018-05-11 11:05:11 - [TEST_STEP][PASSED] - Statement - If (s == 10): null

2018-05-11 11:05:11 - [TEST_STEP][PASSED] - Statement - Else: null

2018-05-11 11:05:11 - [TEST_STEP][PASSED] - Statement - (s++): null

2018-05-11 11:05:11 - [TEST_STEP][PASSED] - delay: Delayed 1 second(s)

2018-05-11 11:05:12 - [MESSAGE][PASSED] - Delayed 1 second(s)

2018-05-11 11:05:12 - [TEST_STEP][PASSED] - selectOptionByIndex: All options with index in [78] are selected on object 'Object Repository/MOH AND GRN/Page_KDMC - CMS/select_--Select--Amikacin -500'

2018-05-11 11:05:13 - [MESSAGE][PASSED] - All options with index in [78] are selected on object 'Object Repository/MOH AND GRN/Page_KDMC - CMS/select_--Select--Amikacin -500'

2018-05-11 11:05:13 - [TEST_STEP][PASSED] - setText: Text '5000' is set on object 'Object Repository/MOH AND GRN/Page_KDMC - CMS/input_txtqty'

2018-05-11 11:05:13 - [MESSAGE][PASSED] - Text '5000' is set on object 'Object Repository/MOH AND GRN/Page_KDMC - CMS/input_txtqty'

2018-05-11 11:05:13 - [TEST_STEP][PASSED] - selectOptionByIndex: All options with index in [1] are selected on object 'Object Repository/MOH AND GRN/Page_KDMC - CMS/select_--Select--No Tax0'

2018-05-11 11:05:14 - [MESSAGE][PASSED] - All options with index in [1] are selected on object 'Object Repository/MOH AND GRN/Page_KDMC - CMS/select_--Select--No Tax0'

2018-05-11 11:05:14 - [TEST_STEP][PASSED] - setText: Finding Test Object with id 'Object Repository/MOH AND GRN/Page_KDMC - CMS/input_txtmrp'

2018-05-11 11:05:14 - [TEST_STEP][PASSED] - Statement - switch (id): Finding Test Object with id 'Object Repository/MOH AND GRN/Page_KDMC - CMS/input_txtdeal'

2018-05-11 11:05:14 - [TEST_STEP][PASSED] - Statement - case 4:: Text '15.0' is set on object 'Object Repository/MOH AND GRN/Page_KDMC - CMS/input_txtmrp'

2018-05-11 11:05:14 - [TEST_STEP][PASSED] - Statement - return (java.lang.Math.floor((java.lang.Math.random() * ((max - min) + 1))) + min): Text '15.0' is set on object 'Object Repository/MOH AND GRN/Page_KDMC - CMS/input_txtmrp'

2018-05-11 11:05:14 - [MESSAGE][PASSED] - Text '15.0' is set on object 'Object Repository/MOH AND GRN/Page_KDMC - CMS/input_txtmrp'

2018-05-11 11:05:14 - [TEST_STEP][PASSED] - setText: Finding Test Object with id 'Object Repository/MOH AND GRN/Page_KDMC - CMS/input_txtdeal'

2018-05-11 11:05:14 - [TEST_STEP][PASSED] - Statement - switch (id): Finding Test Object with id 'Object Repository/MOH AND GRN/Page_KDMC - CMS/input_txtbatchno'

2018-05-11 11:05:14 - [TEST_STEP][PASSED] - Statement - case 5:: Text '3.0' is set on object 'Object Repository/MOH AND GRN/Page_KDMC - CMS/input_txtdeal'

2018-05-11 11:05:14 - [TEST_STEP][PASSED] - Statement - return (java.lang.Math.floor((java.lang.Math.random() * ((max - min) + 1))) + min): Text '3.0' is set on object 'Object Repository/MOH AND GRN/Page_KDMC - CMS/input_txtdeal'

2018-05-11 11:05:14 - [MESSAGE][PASSED] - Text '3.0' is set on object 'Object Repository/MOH AND GRN/Page_KDMC - CMS/input_txtdeal'

2018-05-11 11:05:14 - [TEST_STEP][PASSED] - setText: Finding Test Object with id 'Object Repository/MOH AND GRN/Page_KDMC - CMS/input_txtbatchno'

2018-05-11 11:05:14 - [TEST_STEP][PASSED] - Statement - switch (id): Finding Test Object with id 'Object Repository/MOH AND GRN/Page_KDMC - CMS/input_txtmrp'

2018-05-11 11:05:14 - [TEST_STEP][PASSED] - Statement - case 1:: Text 'BA436.0' is set on object 'Object Repository/MOH AND GRN/Page_KDMC - CMS/input_txtbatchno'

2018-05-11 11:05:14 - [TEST_STEP][PASSED] - Statement - return (java.lang.Math.floor((java.lang.Math.random() * ((max - min) + 1))) + min): Text 'BA436.0' is set on object 'Object Repository/MOH AND GRN/Page_KDMC - CMS/input_txtbatchno'

2018-05-11 11:05:14 - [MESSAGE][PASSED] - Text 'BA436.0' is set on object 'Object Repository/MOH AND GRN/Page_KDMC - CMS/input_txtbatchno'

2018-05-11 11:05:14 - [TEST_STEP][PASSED] - rightClick: Object: 'Object Repository/GRN/Page_KDMC - CMS/input_txtexpdate' is right clicked on

2018-05-11 11:05:14 - [MESSAGE][PASSED] - Object: 'Object Repository/GRN/Page_KDMC - CMS/input_txtexpdate' is right clicked on

2018-05-11 11:05:14 - [TEST_STEP][PASSED] - selectOptionByIndex: All options with index in [8] are selected on object 'Object Repository/GRN/Page_KDMC - CMS/select_20182019202020212022202'

2018-05-11 11:05:14 - [MESSAGE][PASSED] - All options with index in [8] are selected on object 'Object Repository/GRN/Page_KDMC - CMS/select_20182019202020212022202'

2018-05-11 11:05:14 - [TEST_STEP][PASSED] - selectOptionByIndex: All options with index in [8] are selected on object 'Object Repository/GRN/Page_KDMC - CMS/select_JanFebMarAprMayJunJulAu'

2018-05-11 11:05:14 - [MESSAGE][PASSED] - All options with index in [8] are selected on object 'Object Repository/GRN/Page_KDMC - CMS/select_JanFebMarAprMayJunJulAu'

2018-05-11 11:05:14 - [TEST_STEP][PASSED] - click: Object: 'Object Repository/MOH AND GRN/Page_KDMC - CMS/a_12' is clicked on

2018-05-11 11:05:15 - [MESSAGE][PASSED] - Object: 'Object Repository/MOH AND GRN/Page_KDMC - CMS/a_12' is clicked on

2018-05-11 11:05:15 - [TEST_STEP][PASSED] - click: Object: 'Object Repository/MOH AND GRN/Page_KDMC - CMS/input_btnadd' is clicked on

2018-05-11 11:05:15 - [MESSAGE][PASSED] - Object: 'Object Repository/MOH AND GRN/Page_KDMC - CMS/input_btnadd' is clicked on

2018-05-11 11:05:15 - [TEST_STEP][PASSED] - Statement - If (s == 10): null

2018-05-11 11:05:15 - [TEST_STEP][PASSED] - Statement - Else: null

2018-05-11 11:05:15 - [TEST_STEP][PASSED] - Statement - (s++): null

2018-05-11 11:05:15 - [TEST_STEP][PASSED] - delay: Delayed 1 second(s)

2018-05-11 11:05:16 - [MESSAGE][PASSED] - Delayed 1 second(s)

2018-05-11 11:05:16 - [TEST_STEP][PASSED] - selectOptionByIndex: All options with index in [79] are selected on object 'Object Repository/MOH AND GRN/Page_KDMC - CMS/select_--Select--Amikacin -500'

2018-05-11 11:05:17 - [MESSAGE][PASSED] - All options with index in [79] are selected on object 'Object Repository/MOH AND GRN/Page_KDMC - CMS/select_--Select--Amikacin -500'

2018-05-11 11:05:17 - [TEST_STEP][PASSED] - setText: Text '5000' is set on object 'Object Repository/MOH AND GRN/Page_KDMC - CMS/input_txtqty'

2018-05-11 11:05:17 - [MESSAGE][PASSED] - Text '5000' is set on object 'Object Repository/MOH AND GRN/Page_KDMC - CMS/input_txtqty'

2018-05-11 11:05:17 - [TEST_STEP][PASSED] - selectOptionByIndex: All options with index in [1] are selected on object 'Object Repository/MOH AND GRN/Page_KDMC - CMS/select_--Select--No Tax0'

2018-05-11 11:05:17 - [MESSAGE][PASSED] - All options with index in [1] are selected on object 'Object Repository/MOH AND GRN/Page_KDMC - CMS/select_--Select--No Tax0'

2018-05-11 11:05:17 - [TEST_STEP][PASSED] - setText: Finding Test Object with id 'Object Repository/MOH AND GRN/Page_KDMC - CMS/input_txtmrp'

2018-05-11 11:05:17 - [TEST_STEP][PASSED] - Statement - switch (id): Finding Test Object with id 'Object Repository/MOH AND GRN/Page_KDMC - CMS/input_txtdeal'

2018-05-11 11:05:17 - [TEST_STEP][PASSED] - Statement - case 4:: Text '35.0' is set on object 'Object Repository/MOH AND GRN/Page_KDMC - CMS/input_txtmrp'

2018-05-11 11:05:17 - [TEST_STEP][PASSED] - Statement - return (java.lang.Math.floor((java.lang.Math.random() * ((max - min) + 1))) + min): Text '35.0' is set on object 'Object Repository/MOH AND GRN/Page_KDMC - CMS/input_txtmrp'

2018-05-11 11:05:17 - [MESSAGE][PASSED] - Text '35.0' is set on object 'Object Repository/MOH AND GRN/Page_KDMC - CMS/input_txtmrp'

2018-05-11 11:05:17 - [TEST_STEP][PASSED] - setText: Finding Test Object with id 'Object Repository/MOH AND GRN/Page_KDMC - CMS/input_txtdeal'

2018-05-11 11:05:17 - [TEST_STEP][PASSED] - Statement - switch (id): Finding Test Object with id 'Object Repository/MOH AND GRN/Page_KDMC - CMS/input_txtbatchno'

2018-05-11 11:05:17 - [TEST_STEP][PASSED] - Statement - case 5:: Text '8.0' is set on object 'Object Repository/MOH AND GRN/Page_KDMC - CMS/input_txtdeal'

2018-05-11 11:05:17 - [TEST_STEP][PASSED] - Statement - return (java.lang.Math.floor((java.lang.Math.random() * ((max - min) + 1))) + min): Text '8.0' is set on object 'Object Repository/MOH AND GRN/Page_KDMC - CMS/input_txtdeal'

2018-05-11 11:05:17 - [MESSAGE][PASSED] - Text '8.0' is set on object 'Object Repository/MOH AND GRN/Page_KDMC - CMS/input_txtdeal'

2018-05-11 11:05:17 - [TEST_STEP][PASSED] - setText: Finding Test Object with id 'Object Repository/MOH AND GRN/Page_KDMC - CMS/input_txtbatchno'

2018-05-11 11:05:17 - [TEST_STEP][PASSED] - Statement - switch (id): Finding Test Object with id 'Object Repository/MOH AND GRN/Page_KDMC - CMS/input_txtmrp'

2018-05-11 11:05:17 - [TEST_STEP][PASSED] - Statement - case 1:: Text 'BA850.0' is set on object 'Object Repository/MOH AND GRN/Page_KDMC - CMS/input_txtbatchno'

2018-05-11 11:05:17 - [TEST_STEP][PASSED] - Statement - return (java.lang.Math.floor((java.lang.Math.random() * ((max - min) + 1))) + min): Text 'BA850.0' is set on object 'Object Repository/MOH AND GRN/Page_KDMC - CMS/input_txtbatchno'

2018-05-11 11:05:17 - [MESSAGE][PASSED] - Text 'BA850.0' is set on object 'Object Repository/MOH AND GRN/Page_KDMC - CMS/input_txtbatchno'

2018-05-11 11:05:17 - [TEST_STEP][PASSED] - rightClick: Object: 'Object Repository/GRN/Page_KDMC - CMS/input_txtexpdate' is right clicked on

2018-05-11 11:05:17 - [MESSAGE][PASSED] - Object: 'Object Repository/GRN/Page_KDMC - CMS/input_txtexpdate' is right clicked on

2018-05-11 11:05:17 - [TEST_STEP][PASSED] - selectOptionByIndex: All options with index in [9] are selected on object 'Object Repository/GRN/Page_KDMC - CMS/select_20182019202020212022202'

2018-05-11 11:05:18 - [MESSAGE][PASSED] - All options with index in [9] are selected on object 'Object Repository/GRN/Page_KDMC - CMS/select_20182019202020212022202'

2018-05-11 11:05:18 - [TEST_STEP][PASSED] - selectOptionByIndex: All options with index in [9] are selected on object 'Object Repository/GRN/Page_KDMC - CMS/select_JanFebMarAprMayJunJulAu'

2018-05-11 11:05:18 - [MESSAGE][PASSED] - All options with index in [9] are selected on object 'Object Repository/GRN/Page_KDMC - CMS/select_JanFebMarAprMayJunJulAu'

2018-05-11 11:05:18 - [TEST_STEP][PASSED] - click: Object: 'Object Repository/MOH AND GRN/Page_KDMC - CMS/a_12' is clicked on

2018-05-11 11:05:18 - [MESSAGE][PASSED] - Object: 'Object Repository/MOH AND GRN/Page_KDMC - CMS/a_12' is clicked on

2018-05-11 11:05:18 - [TEST_STEP][PASSED] - click: Object: 'Object Repository/MOH AND GRN/Page_KDMC - CMS/input_btnadd' is clicked on

2018-05-11 11:05:18 - [MESSAGE][PASSED] - Object: 'Object Repository/MOH AND GRN/Page_KDMC - CMS/input_btnadd' is clicked on

2018-05-11 11:05:18 - [TEST_STEP][PASSED] - Statement - If (s == 10): null

2018-05-11 11:05:18 - [TEST_STEP][PASSED] - Statement - Else: null

2018-05-11 11:05:18 - [TEST_STEP][PASSED] - Statement - (s++): null

2018-05-11 11:05:18 - [TEST_STEP][PASSED] - delay: Delayed 1 second(s)

2018-05-11 11:05:19 - [MESSAGE][PASSED] - Delayed 1 second(s)

2018-05-11 11:05:19 - [TEST_STEP][PASSED] - selectOptionByIndex: All options with index in [80] are selected on object 'Object Repository/MOH AND GRN/Page_KDMC - CMS/select_--Select--Amikacin -500'

2018-05-11 11:05:20 - [MESSAGE][PASSED] - All options with index in [80] are selected on object 'Object Repository/MOH AND GRN/Page_KDMC - CMS/select_--Select--Amikacin -500'

2018-05-11 11:05:20 - [TEST_STEP][PASSED] - setText: Text '5000' is set on object 'Object Repository/MOH AND GRN/Page_KDMC - CMS/input_txtqty'

2018-05-11 11:05:20 - [MESSAGE][PASSED] - Text '5000' is set on object 'Object Repository/MOH AND GRN/Page_KDMC - CMS/input_txtqty'

2018-05-11 11:05:20 - [TEST_STEP][PASSED] - selectOptionByIndex: All options with index in [1] are selected on object 'Object Repository/MOH AND GRN/Page_KDMC - CMS/select_--Select--No Tax0'

2018-05-11 11:05:20 - [MESSAGE][PASSED] - All options with index in [1] are selected on object 'Object Repository/MOH AND GRN/Page_KDMC - CMS/select_--Select--No Tax0'

2018-05-11 11:05:20 - [TEST_STEP][PASSED] - setText: Finding Test Object with id 'Object Repository/MOH AND GRN/Page_KDMC - CMS/input_txtmrp'

2018-05-11 11:05:20 - [TEST_STEP][PASSED] - Statement - switch (id): Finding Test Object with id 'Object Repository/MOH AND GRN/Page_KDMC - CMS/input_txtdeal'

2018-05-11 11:05:20 - [TEST_STEP][PASSED] - Statement - case 4:: Text '39.0' is set on object 'Object Repository/MOH AND GRN/Page_KDMC - CMS/input_txtmrp'

2018-05-11 11:05:20 - [TEST_STEP][PASSED] - Statement - return (java.lang.Math.floor((java.lang.Math.random() * ((max - min) + 1))) + min): Text '39.0' is set on object 'Object Repository/MOH AND GRN/Page_KDMC - CMS/input_txtmrp'

2018-05-11 11:05:20 - [MESSAGE][PASSED] - Text '39.0' is set on object 'Object Repository/MOH AND GRN/Page_KDMC - CMS/input_txtmrp'

2018-05-11 11:05:20 - [TEST_STEP][PASSED] - setText: Finding Test Object with id 'Object Repository/MOH AND GRN/Page_KDMC - CMS/input_txtdeal'

2018-05-11 11:05:20 - [TEST_STEP][PASSED] - Statement - switch (id): Finding Test Object with id 'Object Repository/MOH AND GRN/Page_KDMC - CMS/input_txtbatchno'

2018-05-11 11:05:20 - [TEST_STEP][PASSED] - Statement - case 5:: Text '8.0' is set on object 'Object Repository/MOH AND GRN/Page_KDMC - CMS/input_txtdeal'

2018-05-11 11:05:20 - [TEST_STEP][PASSED] - Statement - return (java.lang.Math.floor((java.lang.Math.random() * ((max - min) + 1))) + min): Text '8.0' is set on object 'Object Repository/MOH AND GRN/Page_KDMC - CMS/input_txtdeal'

2018-05-11 11:05:20 - [MESSAGE][PASSED] - Text '8.0' is set on object 'Object Repository/MOH AND GRN/Page_KDMC - CMS/input_txtdeal'

2018-05-11 11:05:20 - [TEST_STEP][PASSED] - setText: Finding Test Object with id 'Object Repository/MOH AND GRN/Page_KDMC - CMS/input_txtbatchno'

2018-05-11 11:05:20 - [TEST_STEP][PASSED] - Statement - switch (id): Delayed 1 second(s)

2018-05-11 11:05:20 - [TEST_STEP][PASSED] - Statement - case 1:: Text 'BA75.0' is set on object 'Object Repository/MOH AND GRN/Page_KDMC - CMS/input_txtbatchno'

2018-05-11 11:05:20 - [TEST_STEP][PASSED] - Statement - return (java.lang.Math.floor((java.lang.Math.random() * ((max - min) + 1))) + min): Text 'BA75.0' is set on object 'Object Repository/MOH AND GRN/Page_KDMC - CMS/input_txtbatchno'

2018-05-11 11:05:21 - [MESSAGE][PASSED] - Text 'BA75.0' is set on object 'Object Repository/MOH AND GRN/Page_KDMC - CMS/input_txtbatchno'

2018-05-11 11:05:21 - [TEST_STEP][PASSED] - rightClick: Object: 'Object Repository/GRN/Page_KDMC - CMS/input_txtexpdate' is right clicked on

2018-05-11 11:05:21 - [MESSAGE][PASSED] - Object: 'Object Repository/GRN/Page_KDMC - CMS/input_txtexpdate' is right clicked on

2018-05-11 11:05:21 - [TEST_STEP][PASSED] - selectOptionByIndex: All options with index in [10] are selected on object 'Object Repository/GRN/Page_KDMC - CMS/select_20182019202020212022202'

2018-05-11 11:05:21 - [MESSAGE][PASSED] - All options with index in [10] are selected on object 'Object Repository/GRN/Page_KDMC - CMS/select_20182019202020212022202'

2018-05-11 11:05:21 - [TEST_STEP][PASSED] - selectOptionByIndex: All options with index in [10] are selected on object 'Object Repository/GRN/Page_KDMC - CMS/select_JanFebMarAprMayJunJulAu'

2018-05-11 11:05:21 - [MESSAGE][PASSED] - All options with index in [10] are selected on object 'Object Repository/GRN/Page_KDMC - CMS/select_JanFebMarAprMayJunJulAu'

2018-05-11 11:05:21 - [TEST_STEP][PASSED] - click: Object: 'Object Repository/MOH AND GRN/Page_KDMC - CMS/a_12' is clicked on

2018-05-11 11:05:21 - [MESSAGE][PASSED] - Object: 'Object Repository/MOH AND GRN/Page_KDMC - CMS/a_12' is clicked on

2018-05-11 11:05:21 - [TEST_STEP][PASSED] - click: Object: 'Object Repository/MOH AND GRN/Page_KDMC - CMS/input_btnadd' is clicked on

2018-05-11 11:05:21 - [MESSAGE][PASSED] - Object: 'Object Repository/MOH AND GRN/Page_KDMC - CMS/input_btnadd' is clicked on

2018-05-11 11:05:21 - [TEST_STEP][PASSED] - Statement - If (s == 10): null

2018-05-11 11:05:21 - [TEST_STEP][PASSED] - Statement - s = 1: null

2018-05-11 11:05:21 - [TEST_STEP][PASSED] - delay: Delayed 1 second(s)

2018-05-11 11:05:22 - [MESSAGE][PASSED] - Delayed 1 second(s)

2018-05-11 11:05:22 - [TEST_STEP][PASSED] - scrollToElement: Scroll to object 'Object Repository/MOH AND GRN/Page_KDMC - CMS/input_btnSubmit' successfully

2018-05-11 11:05:22 - [MESSAGE][PASSED] - Scroll to object 'Object Repository/MOH AND GRN/Page_KDMC - CMS/input_btnSubmit' successfully

2018-05-11 11:05:22 - [TEST_STEP][PASSED] - click: Object: 'Object Repository/MOH AND GRN/Page_KDMC - CMS/input_btnSubmit' is clicked on

2018-05-11 11:05:23 - [MESSAGE][PASSED] - Object: 'Object Repository/MOH AND GRN/Page_KDMC - CMS/input_btnSubmit' is clicked on

2018-05-11 11:05:23 - [TEST_STEP][PASSED] - delay: Delayed 3 second(s)

2018-05-11 11:05:26 - [MESSAGE][PASSED] - Delayed 3 second(s)

2018-05-11 11:05:26 - [TEST_STEP][FAILED] - click: Unable to click on object 'Object Repository/MOH AND GRN/Page_KDMC - CMS/button_OK' (Root cause: com.kms.katalon.core.webui.exception.WebElementNotFoundException: Web element with id: 'Object Repository/MOH AND GRN/Page_KDMC - CMS/button_OK' located by 'By.xpath: /html[1]/body[@class="skin-blue  pace-done modal-open"]/div[@class="bootbox modal fade bootbox-alert in"]/div[@class="modal-dialog"]/div[@class="modal-content"]/div[@class="modal-footer"]/button[@class="btn btn-primary"][count(. | //button[@type = 'button' and (text() = 'OK' or . = 'OK')]) = count(//button[@type = 'button' and (text() = 'OK' or . = 'OK')])]' not found)

2018-05-11 11:05:58 - [MESSAGE][FAILED] - Unable to click on object 'Object Repository/MOH AND GRN/Page_KDMC - CMS/button_OK' (Root cause: com.kms.katalon.core.webui.exception.WebElementNotFoundException: Web element with id: 'Object Repository/MOH AND GRN/Page_KDMC - CMS/button_OK' located by 'By.xpath: /html[1]/body[@class="skin-blue  pace-done modal-open"]/div[@class="bootbox modal fade bootbox-alert in"]/div[@class="modal-dialog"]/div[@class="modal-content"]/div[@class="modal-footer"]/button[@class="btn btn-primary"][count(. | //button[@type = 'button' and (text() = 'OK' or . = 'OK')]) = count(//button[@type = 'button' and (text() = 'OK' or . = 'OK')])]' not found)
[[ATTACHMENT|C:\\Users\\Quality Analyst\\Katalon Studio\\ds\\Reports\\MOH REQUEST AND GRN\\20180511_101930\\1526016957343.png]]]]></system-out>
         <system-err><![CDATA[2018-05-11 10:55:17 - [TEST_CASE][FAILED] - Test Cases/MOH REQUEST AND GRN/Moh Request GRN  Schedule 11: Test Cases/MOH REQUEST AND GRN/Moh Request GRN  Schedule 11 FAILED because (of) Unable to click on object 'Object Repository/MOH AND GRN/Page_KDMC - CMS/button_OK' (Root cause: com.kms.katalon.core.webui.exception.WebElementNotFoundException: Web element with id: 'Object Repository/MOH AND GRN/Page_KDMC - CMS/button_OK' located by 'By.xpath: /html[1]/body[@class="skin-blue  pace-done modal-open"]/div[@class="bootbox modal fade bootbox-alert in"]/div[@class="modal-dialog"]/div[@class="modal-content"]/div[@class="modal-footer"]/button[@class="btn btn-primary"][count(. | //button[@type = 'button' and (text() = 'OK' or . = 'OK')]) = count(//button[@type = 'button' and (text() = 'OK' or . = 'OK')])]' not found)]]></system-err>
      </testcase>
      <testcase name="Test Cases/MOH REQUEST AND GRN/Moh Request GRN Schedule 12" classname="Test Cases/MOH REQUEST AND GRN/Moh Request GRN Schedule 12" status="PASSED">
         <system-out><![CDATA[2018-05-11 11:05:58 - [TEST_CASE][PASSED] - Test Cases/MOH REQUEST AND GRN/Moh Request GRN Schedule 12: Test Cases/MOH REQUEST AND GRN/Moh Request GRN Schedule 12

2018-05-11 11:05:58 - [TEST_STEP][PASSED] - openBrowser: Browser is opened with url: ''

2018-05-11 11:05:58 - [MESSAGE][WARNING] - A browser is already opened. Closing browser and opening a new one

2018-05-11 11:06:01 - [MESSAGE][PASSED] - Browser is opened with url: ''

2018-05-11 11:06:01 - [TEST_STEP][PASSED] - navigateToUrl: Navigate to 'http://192.168.137.1/multihospital_new/' successfully

2018-05-11 11:06:03 - [MESSAGE][PASSED] - Navigate to 'http://192.168.137.1/multihospital_new/' successfully

2018-05-11 11:06:03 - [TEST_STEP][PASSED] - maximizeWindow: Current window maximized

2018-05-11 11:06:04 - [MESSAGE][PASSED] - Current window maximized

2018-05-11 11:06:04 - [TEST_STEP][PASSED] - click: Object: 'Object Repository/MOH AND GRN/Page_KDMC/a_CMS' is clicked on

2018-05-11 11:06:05 - [MESSAGE][PASSED] - Object: 'Object Repository/MOH AND GRN/Page_KDMC/a_CMS' is clicked on

2018-05-11 11:06:05 - [TEST_STEP][PASSED] - setText: Text 'bala' is set on object 'Object Repository/MOH AND GRN/Page_CMS login/input_txtusername'

2018-05-11 11:06:05 - [MESSAGE][PASSED] - Text 'bala' is set on object 'Object Repository/MOH AND GRN/Page_CMS login/input_txtusername'

2018-05-11 11:06:05 - [TEST_STEP][PASSED] - setText: Text '123' is set on object 'Object Repository/MOH AND GRN/Page_CMS login/input_txtpassword'

2018-05-11 11:06:05 - [MESSAGE][PASSED] - Text '123' is set on object 'Object Repository/MOH AND GRN/Page_CMS login/input_txtpassword'

2018-05-11 11:06:05 - [TEST_STEP][PASSED] - delay: Delayed 3 second(s)

2018-05-11 11:06:08 - [MESSAGE][PASSED] - Delayed 3 second(s)

2018-05-11 11:06:08 - [TEST_STEP][PASSED] - click: Object: 'Object Repository/MOH AND GRN/Page_CMS login/button_Sign in' is clicked on

2018-05-11 11:06:09 - [MESSAGE][PASSED] - Object: 'Object Repository/MOH AND GRN/Page_CMS login/button_Sign in' is clicked on

2018-05-11 11:06:09 - [TEST_STEP][PASSED] - click: Object: 'Object Repository/MOH AND GRN/Page_KDMC - CMS/a_Request to MOH' is clicked on

2018-05-11 11:06:09 - [MESSAGE][PASSED] - Object: 'Object Repository/MOH AND GRN/Page_KDMC - CMS/a_Request to MOH' is clicked on

2018-05-11 11:06:09 - [TEST_STEP][PASSED] - selectOptionByIndex: All options with index in [2] are selected on object 'Object Repository/MOH AND GRN/Page_KDMC - CMS/select_--Select--'

2018-05-11 11:06:10 - [MESSAGE][PASSED] - All options with index in [2] are selected on object 'Object Repository/MOH AND GRN/Page_KDMC - CMS/select_--Select--'

2018-05-11 11:06:10 - [TEST_STEP][PASSED] - selectOptionByIndex: All options with index in [12] are selected on object 'Object Repository/MOH AND GRN/Page_KDMC - CMS/select_--Select--Schedule 1Inj'

2018-05-11 11:06:10 - [MESSAGE][PASSED] - All options with index in [12] are selected on object 'Object Repository/MOH AND GRN/Page_KDMC - CMS/select_--Select--Schedule 1Inj'

2018-05-11 11:06:10 - [TEST_STEP][PASSED] - Statement - selectedoptions = com.kms.katalon.core.webui.keyword.WebUiBuiltInKeywords.getNumberOfTotalOption(com.kms.katalon.core.testobject.ObjectRepository.findTestObject(MOH AND GRN/Page_KDMC - CMS/select_--Select--Adernaline 0.)): 20 options of object 'Object Repository/MOH AND GRN/Page_KDMC - CMS/select_--Select--Adernaline 0.' counted

2018-05-11 11:06:10 - [MESSAGE][PASSED] - 20 options of object 'Object Repository/MOH AND GRN/Page_KDMC - CMS/select_--Select--Adernaline 0.' counted

2018-05-11 11:06:10 - [TEST_STEP][PASSED] - Statement - For ([j = 1, j <= selectedoptions - 1, (j++)]): Object: 'Object Repository/MOH AND GRN/Page_KDMC - CMS/button_Add' is clicked on

2018-05-11 11:06:10 - [TEST_STEP][PASSED] - selectOptionByIndex: All options with index in [12] are selected on object 'Object Repository/MOH AND GRN/Page_KDMC - CMS/select_--Select--Schedule 1Inj'

2018-05-11 11:06:10 - [MESSAGE][PASSED] - All options with index in [12] are selected on object 'Object Repository/MOH AND GRN/Page_KDMC - CMS/select_--Select--Schedule 1Inj'

2018-05-11 11:06:10 - [TEST_STEP][PASSED] - selectOptionByIndex: All options with index in [1] are selected on object 'Object Repository/MOH AND GRN/Page_KDMC - CMS/select_--Select--Adernaline 0.'

2018-05-11 11:06:10 - [MESSAGE][PASSED] - All options with index in [1] are selected on object 'Object Repository/MOH AND GRN/Page_KDMC - CMS/select_--Select--Adernaline 0.'

2018-05-11 11:06:10 - [TEST_STEP][PASSED] - setText: Text '50000' is set on object 'Object Repository/MOH AND GRN/Page_KDMC - CMS/input_txttreat'

2018-05-11 11:06:10 - [MESSAGE][PASSED] - Text '50000' is set on object 'Object Repository/MOH AND GRN/Page_KDMC - CMS/input_txttreat'

2018-05-11 11:06:10 - [TEST_STEP][PASSED] - click: Object: 'Object Repository/MOH AND GRN/Page_KDMC - CMS/button_Add' is clicked on

2018-05-11 11:06:10 - [MESSAGE][PASSED] - Object: 'Object Repository/MOH AND GRN/Page_KDMC - CMS/button_Add' is clicked on

2018-05-11 11:06:10 - [TEST_STEP][PASSED] - selectOptionByIndex: All options with index in [12] are selected on object 'Object Repository/MOH AND GRN/Page_KDMC - CMS/select_--Select--Schedule 1Inj'

2018-05-11 11:06:11 - [MESSAGE][PASSED] - All options with index in [12] are selected on object 'Object Repository/MOH AND GRN/Page_KDMC - CMS/select_--Select--Schedule 1Inj'

2018-05-11 11:06:11 - [TEST_STEP][PASSED] - selectOptionByIndex: All options with index in [2] are selected on object 'Object Repository/MOH AND GRN/Page_KDMC - CMS/select_--Select--Adernaline 0.'

2018-05-11 11:06:11 - [MESSAGE][PASSED] - All options with index in [2] are selected on object 'Object Repository/MOH AND GRN/Page_KDMC - CMS/select_--Select--Adernaline 0.'

2018-05-11 11:06:11 - [TEST_STEP][PASSED] - setText: Text '50000' is set on object 'Object Repository/MOH AND GRN/Page_KDMC - CMS/input_txttreat'

2018-05-11 11:06:11 - [MESSAGE][PASSED] - Text '50000' is set on object 'Object Repository/MOH AND GRN/Page_KDMC - CMS/input_txttreat'

2018-05-11 11:06:11 - [TEST_STEP][PASSED] - click: Object: 'Object Repository/MOH AND GRN/Page_KDMC - CMS/button_Add' is clicked on

2018-05-11 11:06:11 - [MESSAGE][PASSED] - Object: 'Object Repository/MOH AND GRN/Page_KDMC - CMS/button_Add' is clicked on

2018-05-11 11:06:11 - [TEST_STEP][PASSED] - selectOptionByIndex: All options with index in [12] are selected on object 'Object Repository/MOH AND GRN/Page_KDMC - CMS/select_--Select--Schedule 1Inj'

2018-05-11 11:06:11 - [MESSAGE][PASSED] - All options with index in [12] are selected on object 'Object Repository/MOH AND GRN/Page_KDMC - CMS/select_--Select--Schedule 1Inj'

2018-05-11 11:06:11 - [TEST_STEP][PASSED] - selectOptionByIndex: All options with index in [3] are selected on object 'Object Repository/MOH AND GRN/Page_KDMC - CMS/select_--Select--Adernaline 0.'

2018-05-11 11:06:11 - [MESSAGE][PASSED] - All options with index in [3] are selected on object 'Object Repository/MOH AND GRN/Page_KDMC - CMS/select_--Select--Adernaline 0.'

2018-05-11 11:06:11 - [TEST_STEP][PASSED] - setText: Text '50000' is set on object 'Object Repository/MOH AND GRN/Page_KDMC - CMS/input_txttreat'

2018-05-11 11:06:11 - [MESSAGE][PASSED] - Text '50000' is set on object 'Object Repository/MOH AND GRN/Page_KDMC - CMS/input_txttreat'

2018-05-11 11:06:11 - [TEST_STEP][PASSED] - click: Object: 'Object Repository/MOH AND GRN/Page_KDMC - CMS/button_Add' is clicked on

2018-05-11 11:06:11 - [MESSAGE][PASSED] - Object: 'Object Repository/MOH AND GRN/Page_KDMC - CMS/button_Add' is clicked on

2018-05-11 11:06:11 - [TEST_STEP][PASSED] - selectOptionByIndex: All options with index in [12] are selected on object 'Object Repository/MOH AND GRN/Page_KDMC - CMS/select_--Select--Schedule 1Inj'

2018-05-11 11:06:12 - [MESSAGE][PASSED] - All options with index in [12] are selected on object 'Object Repository/MOH AND GRN/Page_KDMC - CMS/select_--Select--Schedule 1Inj'

2018-05-11 11:06:12 - [TEST_STEP][PASSED] - selectOptionByIndex: All options with index in [4] are selected on object 'Object Repository/MOH AND GRN/Page_KDMC - CMS/select_--Select--Adernaline 0.'

2018-05-11 11:06:12 - [MESSAGE][PASSED] - All options with index in [4] are selected on object 'Object Repository/MOH AND GRN/Page_KDMC - CMS/select_--Select--Adernaline 0.'

2018-05-11 11:06:12 - [TEST_STEP][PASSED] - setText: Text '50000' is set on object 'Object Repository/MOH AND GRN/Page_KDMC - CMS/input_txttreat'

2018-05-11 11:06:12 - [MESSAGE][PASSED] - Text '50000' is set on object 'Object Repository/MOH AND GRN/Page_KDMC - CMS/input_txttreat'

2018-05-11 11:06:12 - [TEST_STEP][PASSED] - click: Object: 'Object Repository/MOH AND GRN/Page_KDMC - CMS/button_Add' is clicked on

2018-05-11 11:06:12 - [MESSAGE][PASSED] - Object: 'Object Repository/MOH AND GRN/Page_KDMC - CMS/button_Add' is clicked on

2018-05-11 11:06:12 - [TEST_STEP][PASSED] - selectOptionByIndex: All options with index in [12] are selected on object 'Object Repository/MOH AND GRN/Page_KDMC - CMS/select_--Select--Schedule 1Inj'

2018-05-11 11:06:12 - [MESSAGE][PASSED] - All options with index in [12] are selected on object 'Object Repository/MOH AND GRN/Page_KDMC - CMS/select_--Select--Schedule 1Inj'

2018-05-11 11:06:12 - [TEST_STEP][PASSED] - selectOptionByIndex: All options with index in [5] are selected on object 'Object Repository/MOH AND GRN/Page_KDMC - CMS/select_--Select--Adernaline 0.'

2018-05-11 11:06:12 - [MESSAGE][PASSED] - All options with index in [5] are selected on object 'Object Repository/MOH AND GRN/Page_KDMC - CMS/select_--Select--Adernaline 0.'

2018-05-11 11:06:12 - [TEST_STEP][PASSED] - setText: Text '50000' is set on object 'Object Repository/MOH AND GRN/Page_KDMC - CMS/input_txttreat'

2018-05-11 11:06:12 - [MESSAGE][PASSED] - Text '50000' is set on object 'Object Repository/MOH AND GRN/Page_KDMC - CMS/input_txttreat'

2018-05-11 11:06:12 - [TEST_STEP][PASSED] - click: Object: 'Object Repository/MOH AND GRN/Page_KDMC - CMS/button_Add' is clicked on

2018-05-11 11:06:12 - [MESSAGE][PASSED] - Object: 'Object Repository/MOH AND GRN/Page_KDMC - CMS/button_Add' is clicked on

2018-05-11 11:06:12 - [TEST_STEP][PASSED] - selectOptionByIndex: All options with index in [12] are selected on object 'Object Repository/MOH AND GRN/Page_KDMC - CMS/select_--Select--Schedule 1Inj'

2018-05-11 11:06:13 - [MESSAGE][PASSED] - All options with index in [12] are selected on object 'Object Repository/MOH AND GRN/Page_KDMC - CMS/select_--Select--Schedule 1Inj'

2018-05-11 11:06:13 - [TEST_STEP][PASSED] - selectOptionByIndex: All options with index in [6] are selected on object 'Object Repository/MOH AND GRN/Page_KDMC - CMS/select_--Select--Adernaline 0.'

2018-05-11 11:06:13 - [MESSAGE][PASSED] - All options with index in [6] are selected on object 'Object Repository/MOH AND GRN/Page_KDMC - CMS/select_--Select--Adernaline 0.'

2018-05-11 11:06:13 - [TEST_STEP][PASSED] - setText: Text '50000' is set on object 'Object Repository/MOH AND GRN/Page_KDMC - CMS/input_txttreat'

2018-05-11 11:06:13 - [MESSAGE][PASSED] - Text '50000' is set on object 'Object Repository/MOH AND GRN/Page_KDMC - CMS/input_txttreat'

2018-05-11 11:06:13 - [TEST_STEP][PASSED] - click: Object: 'Object Repository/MOH AND GRN/Page_KDMC - CMS/button_Add' is clicked on

2018-05-11 11:06:13 - [MESSAGE][PASSED] - Object: 'Object Repository/MOH AND GRN/Page_KDMC - CMS/button_Add' is clicked on

2018-05-11 11:06:13 - [TEST_STEP][PASSED] - selectOptionByIndex: All options with index in [12] are selected on object 'Object Repository/MOH AND GRN/Page_KDMC - CMS/select_--Select--Schedule 1Inj'

2018-05-11 11:06:13 - [MESSAGE][PASSED] - All options with index in [12] are selected on object 'Object Repository/MOH AND GRN/Page_KDMC - CMS/select_--Select--Schedule 1Inj'

2018-05-11 11:06:13 - [TEST_STEP][PASSED] - selectOptionByIndex: All options with index in [7] are selected on object 'Object Repository/MOH AND GRN/Page_KDMC - CMS/select_--Select--Adernaline 0.'

2018-05-11 11:06:13 - [MESSAGE][PASSED] - All options with index in [7] are selected on object 'Object Repository/MOH AND GRN/Page_KDMC - CMS/select_--Select--Adernaline 0.'

2018-05-11 11:06:13 - [TEST_STEP][PASSED] - setText: Text '50000' is set on object 'Object Repository/MOH AND GRN/Page_KDMC - CMS/input_txttreat'

2018-05-11 11:06:13 - [MESSAGE][PASSED] - Text '50000' is set on object 'Object Repository/MOH AND GRN/Page_KDMC - CMS/input_txttreat'

2018-05-11 11:06:13 - [TEST_STEP][PASSED] - click: Object: 'Object Repository/MOH AND GRN/Page_KDMC - CMS/button_Add' is clicked on

2018-05-11 11:06:13 - [MESSAGE][PASSED] - Object: 'Object Repository/MOH AND GRN/Page_KDMC - CMS/button_Add' is clicked on

2018-05-11 11:06:13 - [TEST_STEP][PASSED] - selectOptionByIndex: All options with index in [12] are selected on object 'Object Repository/MOH AND GRN/Page_KDMC - CMS/select_--Select--Schedule 1Inj'

2018-05-11 11:06:14 - [MESSAGE][PASSED] - All options with index in [12] are selected on object 'Object Repository/MOH AND GRN/Page_KDMC - CMS/select_--Select--Schedule 1Inj'

2018-05-11 11:06:14 - [TEST_STEP][PASSED] - selectOptionByIndex: All options with index in [8] are selected on object 'Object Repository/MOH AND GRN/Page_KDMC - CMS/select_--Select--Adernaline 0.'

2018-05-11 11:06:14 - [MESSAGE][PASSED] - All options with index in [8] are selected on object 'Object Repository/MOH AND GRN/Page_KDMC - CMS/select_--Select--Adernaline 0.'

2018-05-11 11:06:14 - [TEST_STEP][PASSED] - setText: Text '50000' is set on object 'Object Repository/MOH AND GRN/Page_KDMC - CMS/input_txttreat'

2018-05-11 11:06:14 - [MESSAGE][PASSED] - Text '50000' is set on object 'Object Repository/MOH AND GRN/Page_KDMC - CMS/input_txttreat'

2018-05-11 11:06:14 - [TEST_STEP][PASSED] - click: Object: 'Object Repository/MOH AND GRN/Page_KDMC - CMS/button_Add' is clicked on

2018-05-11 11:06:14 - [MESSAGE][PASSED] - Object: 'Object Repository/MOH AND GRN/Page_KDMC - CMS/button_Add' is clicked on

2018-05-11 11:06:14 - [TEST_STEP][PASSED] - selectOptionByIndex: All options with index in [12] are selected on object 'Object Repository/MOH AND GRN/Page_KDMC - CMS/select_--Select--Schedule 1Inj'

2018-05-11 11:06:14 - [MESSAGE][PASSED] - All options with index in [12] are selected on object 'Object Repository/MOH AND GRN/Page_KDMC - CMS/select_--Select--Schedule 1Inj'

2018-05-11 11:06:14 - [TEST_STEP][PASSED] - selectOptionByIndex: All options with index in [9] are selected on object 'Object Repository/MOH AND GRN/Page_KDMC - CMS/select_--Select--Adernaline 0.'

2018-05-11 11:06:14 - [MESSAGE][PASSED] - All options with index in [9] are selected on object 'Object Repository/MOH AND GRN/Page_KDMC - CMS/select_--Select--Adernaline 0.'

2018-05-11 11:06:14 - [TEST_STEP][PASSED] - setText: Text '50000' is set on object 'Object Repository/MOH AND GRN/Page_KDMC - CMS/input_txttreat'

2018-05-11 11:06:14 - [MESSAGE][PASSED] - Text '50000' is set on object 'Object Repository/MOH AND GRN/Page_KDMC - CMS/input_txttreat'

2018-05-11 11:06:14 - [TEST_STEP][PASSED] - click: Object: 'Object Repository/MOH AND GRN/Page_KDMC - CMS/button_Add' is clicked on

2018-05-11 11:06:14 - [MESSAGE][PASSED] - Object: 'Object Repository/MOH AND GRN/Page_KDMC - CMS/button_Add' is clicked on

2018-05-11 11:06:14 - [TEST_STEP][PASSED] - selectOptionByIndex: All options with index in [12] are selected on object 'Object Repository/MOH AND GRN/Page_KDMC - CMS/select_--Select--Schedule 1Inj'

2018-05-11 11:06:15 - [MESSAGE][PASSED] - All options with index in [12] are selected on object 'Object Repository/MOH AND GRN/Page_KDMC - CMS/select_--Select--Schedule 1Inj'

2018-05-11 11:06:15 - [TEST_STEP][PASSED] - selectOptionByIndex: All options with index in [10] are selected on object 'Object Repository/MOH AND GRN/Page_KDMC - CMS/select_--Select--Adernaline 0.'

2018-05-11 11:06:15 - [MESSAGE][PASSED] - All options with index in [10] are selected on object 'Object Repository/MOH AND GRN/Page_KDMC - CMS/select_--Select--Adernaline 0.'

2018-05-11 11:06:15 - [TEST_STEP][PASSED] - setText: Text '50000' is set on object 'Object Repository/MOH AND GRN/Page_KDMC - CMS/input_txttreat'

2018-05-11 11:06:15 - [MESSAGE][PASSED] - Text '50000' is set on object 'Object Repository/MOH AND GRN/Page_KDMC - CMS/input_txttreat'

2018-05-11 11:06:15 - [TEST_STEP][PASSED] - click: Object: 'Object Repository/MOH AND GRN/Page_KDMC - CMS/button_Add' is clicked on

2018-05-11 11:06:15 - [MESSAGE][PASSED] - Object: 'Object Repository/MOH AND GRN/Page_KDMC - CMS/button_Add' is clicked on

2018-05-11 11:06:15 - [TEST_STEP][PASSED] - selectOptionByIndex: All options with index in [12] are selected on object 'Object Repository/MOH AND GRN/Page_KDMC - CMS/select_--Select--Schedule 1Inj'

2018-05-11 11:06:15 - [MESSAGE][PASSED] - All options with index in [12] are selected on object 'Object Repository/MOH AND GRN/Page_KDMC - CMS/select_--Select--Schedule 1Inj'

2018-05-11 11:06:15 - [TEST_STEP][PASSED] - selectOptionByIndex: All options with index in [11] are selected on object 'Object Repository/MOH AND GRN/Page_KDMC - CMS/select_--Select--Adernaline 0.'

2018-05-11 11:06:15 - [MESSAGE][PASSED] - All options with index in [11] are selected on object 'Object Repository/MOH AND GRN/Page_KDMC - CMS/select_--Select--Adernaline 0.'

2018-05-11 11:06:15 - [TEST_STEP][PASSED] - setText: Text '50000' is set on object 'Object Repository/MOH AND GRN/Page_KDMC - CMS/input_txttreat'

2018-05-11 11:06:16 - [MESSAGE][PASSED] - Text '50000' is set on object 'Object Repository/MOH AND GRN/Page_KDMC - CMS/input_txttreat'

2018-05-11 11:06:16 - [TEST_STEP][PASSED] - click: Object: 'Object Repository/MOH AND GRN/Page_KDMC - CMS/button_Add' is clicked on

2018-05-11 11:06:16 - [MESSAGE][PASSED] - Object: 'Object Repository/MOH AND GRN/Page_KDMC - CMS/button_Add' is clicked on

2018-05-11 11:06:16 - [TEST_STEP][PASSED] - selectOptionByIndex: All options with index in [12] are selected on object 'Object Repository/MOH AND GRN/Page_KDMC - CMS/select_--Select--Schedule 1Inj'

2018-05-11 11:06:16 - [MESSAGE][PASSED] - All options with index in [12] are selected on object 'Object Repository/MOH AND GRN/Page_KDMC - CMS/select_--Select--Schedule 1Inj'

2018-05-11 11:06:16 - [TEST_STEP][PASSED] - selectOptionByIndex: All options with index in [12] are selected on object 'Object Repository/MOH AND GRN/Page_KDMC - CMS/select_--Select--Adernaline 0.'

2018-05-11 11:06:16 - [MESSAGE][PASSED] - All options with index in [12] are selected on object 'Object Repository/MOH AND GRN/Page_KDMC - CMS/select_--Select--Adernaline 0.'

2018-05-11 11:06:16 - [TEST_STEP][PASSED] - setText: Text '50000' is set on object 'Object Repository/MOH AND GRN/Page_KDMC - CMS/input_txttreat'

2018-05-11 11:06:16 - [MESSAGE][PASSED] - Text '50000' is set on object 'Object Repository/MOH AND GRN/Page_KDMC - CMS/input_txttreat'

2018-05-11 11:06:16 - [TEST_STEP][PASSED] - click: Object: 'Object Repository/MOH AND GRN/Page_KDMC - CMS/button_Add' is clicked on

2018-05-11 11:06:16 - [MESSAGE][PASSED] - Object: 'Object Repository/MOH AND GRN/Page_KDMC - CMS/button_Add' is clicked on

2018-05-11 11:06:16 - [TEST_STEP][PASSED] - selectOptionByIndex: All options with index in [12] are selected on object 'Object Repository/MOH AND GRN/Page_KDMC - CMS/select_--Select--Schedule 1Inj'

2018-05-11 11:06:16 - [MESSAGE][PASSED] - All options with index in [12] are selected on object 'Object Repository/MOH AND GRN/Page_KDMC - CMS/select_--Select--Schedule 1Inj'

2018-05-11 11:06:16 - [TEST_STEP][PASSED] - selectOptionByIndex: All options with index in [13] are selected on object 'Object Repository/MOH AND GRN/Page_KDMC - CMS/select_--Select--Adernaline 0.'

2018-05-11 11:06:17 - [MESSAGE][PASSED] - All options with index in [13] are selected on object 'Object Repository/MOH AND GRN/Page_KDMC - CMS/select_--Select--Adernaline 0.'

2018-05-11 11:06:17 - [TEST_STEP][PASSED] - setText: Text '50000' is set on object 'Object Repository/MOH AND GRN/Page_KDMC - CMS/input_txttreat'

2018-05-11 11:06:17 - [MESSAGE][PASSED] - Text '50000' is set on object 'Object Repository/MOH AND GRN/Page_KDMC - CMS/input_txttreat'

2018-05-11 11:06:17 - [TEST_STEP][PASSED] - click: Object: 'Object Repository/MOH AND GRN/Page_KDMC - CMS/button_Add' is clicked on

2018-05-11 11:06:17 - [MESSAGE][PASSED] - Object: 'Object Repository/MOH AND GRN/Page_KDMC - CMS/button_Add' is clicked on

2018-05-11 11:06:17 - [TEST_STEP][PASSED] - selectOptionByIndex: All options with index in [12] are selected on object 'Object Repository/MOH AND GRN/Page_KDMC - CMS/select_--Select--Schedule 1Inj'

2018-05-11 11:06:17 - [MESSAGE][PASSED] - All options with index in [12] are selected on object 'Object Repository/MOH AND GRN/Page_KDMC - CMS/select_--Select--Schedule 1Inj'

2018-05-11 11:06:17 - [TEST_STEP][PASSED] - selectOptionByIndex: All options with index in [14] are selected on object 'Object Repository/MOH AND GRN/Page_KDMC - CMS/select_--Select--Adernaline 0.'

2018-05-11 11:06:17 - [MESSAGE][PASSED] - All options with index in [14] are selected on object 'Object Repository/MOH AND GRN/Page_KDMC - CMS/select_--Select--Adernaline 0.'

2018-05-11 11:06:17 - [TEST_STEP][PASSED] - setText: Text '50000' is set on object 'Object Repository/MOH AND GRN/Page_KDMC - CMS/input_txttreat'

2018-05-11 11:06:17 - [MESSAGE][PASSED] - Text '50000' is set on object 'Object Repository/MOH AND GRN/Page_KDMC - CMS/input_txttreat'

2018-05-11 11:06:17 - [TEST_STEP][PASSED] - click: Object: 'Object Repository/MOH AND GRN/Page_KDMC - CMS/button_Add' is clicked on

2018-05-11 11:06:17 - [MESSAGE][PASSED] - Object: 'Object Repository/MOH AND GRN/Page_KDMC - CMS/button_Add' is clicked on

2018-05-11 11:06:17 - [TEST_STEP][PASSED] - selectOptionByIndex: All options with index in [12] are selected on object 'Object Repository/MOH AND GRN/Page_KDMC - CMS/select_--Select--Schedule 1Inj'

2018-05-11 11:06:18 - [MESSAGE][PASSED] - All options with index in [12] are selected on object 'Object Repository/MOH AND GRN/Page_KDMC - CMS/select_--Select--Schedule 1Inj'

2018-05-11 11:06:18 - [TEST_STEP][PASSED] - selectOptionByIndex: All options with index in [15] are selected on object 'Object Repository/MOH AND GRN/Page_KDMC - CMS/select_--Select--Adernaline 0.'

2018-05-11 11:06:18 - [MESSAGE][PASSED] - All options with index in [15] are selected on object 'Object Repository/MOH AND GRN/Page_KDMC - CMS/select_--Select--Adernaline 0.'

2018-05-11 11:06:18 - [TEST_STEP][PASSED] - setText: Text '50000' is set on object 'Object Repository/MOH AND GRN/Page_KDMC - CMS/input_txttreat'

2018-05-11 11:06:18 - [MESSAGE][PASSED] - Text '50000' is set on object 'Object Repository/MOH AND GRN/Page_KDMC - CMS/input_txttreat'

2018-05-11 11:06:18 - [TEST_STEP][PASSED] - click: Object: 'Object Repository/MOH AND GRN/Page_KDMC - CMS/button_Add' is clicked on

2018-05-11 11:06:18 - [MESSAGE][PASSED] - Object: 'Object Repository/MOH AND GRN/Page_KDMC - CMS/button_Add' is clicked on

2018-05-11 11:06:18 - [TEST_STEP][PASSED] - selectOptionByIndex: All options with index in [12] are selected on object 'Object Repository/MOH AND GRN/Page_KDMC - CMS/select_--Select--Schedule 1Inj'

2018-05-11 11:06:18 - [MESSAGE][PASSED] - All options with index in [12] are selected on object 'Object Repository/MOH AND GRN/Page_KDMC - CMS/select_--Select--Schedule 1Inj'

2018-05-11 11:06:18 - [TEST_STEP][PASSED] - selectOptionByIndex: All options with index in [16] are selected on object 'Object Repository/MOH AND GRN/Page_KDMC - CMS/select_--Select--Adernaline 0.'

2018-05-11 11:06:18 - [MESSAGE][PASSED] - All options with index in [16] are selected on object 'Object Repository/MOH AND GRN/Page_KDMC - CMS/select_--Select--Adernaline 0.'

2018-05-11 11:06:18 - [TEST_STEP][PASSED] - setText: Text '50000' is set on object 'Object Repository/MOH AND GRN/Page_KDMC - CMS/input_txttreat'

2018-05-11 11:06:19 - [MESSAGE][PASSED] - Text '50000' is set on object 'Object Repository/MOH AND GRN/Page_KDMC - CMS/input_txttreat'

2018-05-11 11:06:19 - [TEST_STEP][PASSED] - click: Object: 'Object Repository/MOH AND GRN/Page_KDMC - CMS/button_Add' is clicked on

2018-05-11 11:06:19 - [MESSAGE][PASSED] - Object: 'Object Repository/MOH AND GRN/Page_KDMC - CMS/button_Add' is clicked on

2018-05-11 11:06:19 - [TEST_STEP][PASSED] - selectOptionByIndex: All options with index in [12] are selected on object 'Object Repository/MOH AND GRN/Page_KDMC - CMS/select_--Select--Schedule 1Inj'

2018-05-11 11:06:19 - [MESSAGE][PASSED] - All options with index in [12] are selected on object 'Object Repository/MOH AND GRN/Page_KDMC - CMS/select_--Select--Schedule 1Inj'

2018-05-11 11:06:19 - [TEST_STEP][PASSED] - selectOptionByIndex: All options with index in [17] are selected on object 'Object Repository/MOH AND GRN/Page_KDMC - CMS/select_--Select--Adernaline 0.'

2018-05-11 11:06:19 - [MESSAGE][PASSED] - All options with index in [17] are selected on object 'Object Repository/MOH AND GRN/Page_KDMC - CMS/select_--Select--Adernaline 0.'

2018-05-11 11:06:19 - [TEST_STEP][PASSED] - setText: Text '50000' is set on object 'Object Repository/MOH AND GRN/Page_KDMC - CMS/input_txttreat'

2018-05-11 11:06:19 - [MESSAGE][PASSED] - Text '50000' is set on object 'Object Repository/MOH AND GRN/Page_KDMC - CMS/input_txttreat'

2018-05-11 11:06:19 - [TEST_STEP][PASSED] - click: Object: 'Object Repository/MOH AND GRN/Page_KDMC - CMS/button_Add' is clicked on

2018-05-11 11:06:19 - [MESSAGE][PASSED] - Object: 'Object Repository/MOH AND GRN/Page_KDMC - CMS/button_Add' is clicked on

2018-05-11 11:06:19 - [TEST_STEP][PASSED] - selectOptionByIndex: All options with index in [12] are selected on object 'Object Repository/MOH AND GRN/Page_KDMC - CMS/select_--Select--Schedule 1Inj'

2018-05-11 11:06:19 - [MESSAGE][PASSED] - All options with index in [12] are selected on object 'Object Repository/MOH AND GRN/Page_KDMC - CMS/select_--Select--Schedule 1Inj'

2018-05-11 11:06:19 - [TEST_STEP][PASSED] - selectOptionByIndex: All options with index in [18] are selected on object 'Object Repository/MOH AND GRN/Page_KDMC - CMS/select_--Select--Adernaline 0.'

2018-05-11 11:06:20 - [MESSAGE][PASSED] - All options with index in [18] are selected on object 'Object Repository/MOH AND GRN/Page_KDMC - CMS/select_--Select--Adernaline 0.'

2018-05-11 11:06:20 - [TEST_STEP][PASSED] - setText: Text '50000' is set on object 'Object Repository/MOH AND GRN/Page_KDMC - CMS/input_txttreat'

2018-05-11 11:06:20 - [MESSAGE][PASSED] - Text '50000' is set on object 'Object Repository/MOH AND GRN/Page_KDMC - CMS/input_txttreat'

2018-05-11 11:06:20 - [TEST_STEP][PASSED] - click: Object: 'Object Repository/MOH AND GRN/Page_KDMC - CMS/button_Add' is clicked on

2018-05-11 11:06:20 - [MESSAGE][PASSED] - Object: 'Object Repository/MOH AND GRN/Page_KDMC - CMS/button_Add' is clicked on

2018-05-11 11:06:20 - [TEST_STEP][PASSED] - selectOptionByIndex: All options with index in [12] are selected on object 'Object Repository/MOH AND GRN/Page_KDMC - CMS/select_--Select--Schedule 1Inj'

2018-05-11 11:06:20 - [MESSAGE][PASSED] - All options with index in [12] are selected on object 'Object Repository/MOH AND GRN/Page_KDMC - CMS/select_--Select--Schedule 1Inj'

2018-05-11 11:06:20 - [TEST_STEP][PASSED] - selectOptionByIndex: All options with index in [19] are selected on object 'Object Repository/MOH AND GRN/Page_KDMC - CMS/select_--Select--Adernaline 0.'

2018-05-11 11:06:20 - [MESSAGE][PASSED] - All options with index in [19] are selected on object 'Object Repository/MOH AND GRN/Page_KDMC - CMS/select_--Select--Adernaline 0.'

2018-05-11 11:06:20 - [TEST_STEP][PASSED] - setText: Text '50000' is set on object 'Object Repository/MOH AND GRN/Page_KDMC - CMS/input_txttreat'

2018-05-11 11:06:20 - [MESSAGE][PASSED] - Text '50000' is set on object 'Object Repository/MOH AND GRN/Page_KDMC - CMS/input_txttreat'

2018-05-11 11:06:20 - [TEST_STEP][PASSED] - click: Object: 'Object Repository/MOH AND GRN/Page_KDMC - CMS/button_Add' is clicked on

2018-05-11 11:06:21 - [MESSAGE][PASSED] - Object: 'Object Repository/MOH AND GRN/Page_KDMC - CMS/button_Add' is clicked on

2018-05-11 11:06:21 - [TEST_STEP][PASSED] - scrollToElement: Scroll to object 'Object Repository/MOH AND GRN/Page_KDMC - CMS/input_btnsave' successfully

2018-05-11 11:06:21 - [MESSAGE][PASSED] - Scroll to object 'Object Repository/MOH AND GRN/Page_KDMC - CMS/input_btnsave' successfully

2018-05-11 11:06:21 - [TEST_STEP][PASSED] - click: Object: 'Object Repository/MOH AND GRN/Page_KDMC - CMS/input_btnsave' is clicked on

2018-05-11 11:06:21 - [MESSAGE][PASSED] - Object: 'Object Repository/MOH AND GRN/Page_KDMC - CMS/input_btnsave' is clicked on

2018-05-11 11:06:21 - [TEST_STEP][PASSED] - delay: Delayed 3 second(s)

2018-05-11 11:06:24 - [MESSAGE][PASSED] - Delayed 3 second(s)

2018-05-11 11:06:24 - [TEST_STEP][PASSED] - Statement - Request1 = com.kms.katalon.core.webui.keyword.WebUiBuiltInKeywords.getText(com.kms.katalon.core.testobject.ObjectRepository.findTestObject(MOH AND GRN/Page_KDMC - CMS/font_PRNO0505201876)): Text of object 'Object Repository/MOH AND GRN/Page_KDMC - CMS/font_PRNO0505201876' is: 'PRNO/11052018/217'

2018-05-11 11:06:24 - [MESSAGE][PASSED] - Text of object 'Object Repository/MOH AND GRN/Page_KDMC - CMS/font_PRNO0505201876' is: 'PRNO/11052018/217'

2018-05-11 11:06:24 - [TEST_STEP][PASSED] - Statement - out.println("Length OF The Medicine " + Request1): null

2018-05-11 11:06:24 - [TEST_STEP][PASSED] - Statement - RequestNUmber = Request1.split("/")[2].trim(): null

2018-05-11 11:06:24 - [TEST_STEP][PASSED] - Statement - out.println("ID IS " + RequestNUmber): null

2018-05-11 11:06:24 - [TEST_STEP][PASSED] - delay: Delayed 3 second(s)

2018-05-11 11:06:27 - [MESSAGE][PASSED] - Delayed 3 second(s)

2018-05-11 11:06:27 - [TEST_STEP][PASSED] - click: Object: 'Object Repository/MOH AND GRN/Page_KDMC - CMS/button_OK' is clicked on

2018-05-11 11:06:27 - [MESSAGE][PASSED] - Object: 'Object Repository/MOH AND GRN/Page_KDMC - CMS/button_OK' is clicked on

2018-05-11 11:06:27 - [TEST_STEP][PASSED] - click: Object: 'Object Repository/MOH AND GRN/Page_KDMC - CMS/a_dropdown-toggle' is clicked on

2018-05-11 11:06:28 - [MESSAGE][PASSED] - Object: 'Object Repository/MOH AND GRN/Page_KDMC - CMS/a_dropdown-toggle' is clicked on

2018-05-11 11:06:28 - [TEST_STEP][PASSED] - click: Object: 'Object Repository/MOH AND GRN/Page_KDMC - CMS/a_Sign out' is clicked on

2018-05-11 11:06:29 - [MESSAGE][PASSED] - Object: 'Object Repository/MOH AND GRN/Page_KDMC - CMS/a_Sign out' is clicked on

2018-05-11 11:06:29 - [TEST_STEP][PASSED] - delay: Delayed 4 second(s)

2018-05-11 11:06:33 - [MESSAGE][PASSED] - Delayed 4 second(s)

2018-05-11 11:06:33 - [TEST_STEP][PASSED] - click: Object: 'Object Repository/MOH AND GRN/Page_KDMC/a_Admin Master' is clicked on

2018-05-11 11:06:34 - [MESSAGE][PASSED] - Object: 'Object Repository/MOH AND GRN/Page_KDMC/a_Admin Master' is clicked on

2018-05-11 11:06:34 - [TEST_STEP][PASSED] - setText: Text 'admin' is set on object 'Object Repository/MOH AND GRN/Page_Admin login/input_txtusername'

2018-05-11 11:06:34 - [MESSAGE][PASSED] - Text 'admin' is set on object 'Object Repository/MOH AND GRN/Page_Admin login/input_txtusername'

2018-05-11 11:06:34 - [TEST_STEP][PASSED] - setText: Text 'admin123' is set on object 'Object Repository/MOH AND GRN/Page_Admin login/input_txtpassword'

2018-05-11 11:06:34 - [MESSAGE][PASSED] - Text 'admin123' is set on object 'Object Repository/MOH AND GRN/Page_Admin login/input_txtpassword'

2018-05-11 11:06:34 - [TEST_STEP][PASSED] - delay: Delayed 3 second(s)

2018-05-11 11:06:37 - [MESSAGE][PASSED] - Delayed 3 second(s)

2018-05-11 11:06:37 - [TEST_STEP][PASSED] - click: Object: 'Object Repository/MOH AND GRN/Page_Admin login/button_Sign in' is clicked on

2018-05-11 11:06:39 - [MESSAGE][PASSED] - Object: 'Object Repository/MOH AND GRN/Page_Admin login/button_Sign in' is clicked on

2018-05-11 11:06:39 - [TEST_STEP][PASSED] - delay: Delayed 20 second(s)

2018-05-11 11:06:59 - [MESSAGE][PASSED] - Delayed 20 second(s)

2018-05-11 11:06:59 - [TEST_STEP][PASSED] - scrollToPosition: Browser is scrolled to position x = 200, y = 200

2018-05-11 11:06:59 - [MESSAGE][PASSED] - Browser is scrolled to position x = 200, y = 200

2018-05-11 11:06:59 - [TEST_STEP][PASSED] - click: Object: 'Object Repository/MOH AND GRN/Page_KDMC/a_CMS_1' is clicked on

2018-05-11 11:06:59 - [MESSAGE][PASSED] - Object: 'Object Repository/MOH AND GRN/Page_KDMC/a_CMS_1' is clicked on

2018-05-11 11:06:59 - [TEST_STEP][PASSED] - click: Object: 'Object Repository/MOH AND GRN/Page_KDMC/a_Request List' is clicked on

2018-05-11 11:07:00 - [MESSAGE][PASSED] - Object: 'Object Repository/MOH AND GRN/Page_KDMC/a_Request List' is clicked on

2018-05-11 11:07:00 - [TEST_STEP][PASSED] - Statement - RequestNumberId = com.kms.katalon.core.webui.keyword.WebUiBuiltInKeywords.modifyObjectProperty(com.kms.katalon.core.testobject.ObjectRepository.findTestObject(MOH AND GRN/Page_KDMC - CMS/input_PO0032), "xpath", "equals", "//*[@id =" + RequestNUmber + "]", true): Modify property of object successfully

2018-05-11 11:07:00 - [MESSAGE][PASSED] - Modify property of object successfully

2018-05-11 11:07:00 - [TEST_STEP][PASSED] - click: Object: 'Object Repository/MOH AND GRN/Page_KDMC - CMS/input_PO0032' is clicked on

2018-05-11 11:07:00 - [MESSAGE][PASSED] - Object: 'Object Repository/MOH AND GRN/Page_KDMC - CMS/input_PO0032' is clicked on

2018-05-11 11:07:00 - [TEST_STEP][PASSED] - delay: Delayed 3 second(s)

2018-05-11 11:07:03 - [MESSAGE][PASSED] - Delayed 3 second(s)

2018-05-11 11:07:03 - [TEST_STEP][PASSED] - selectOptionByIndex: All options with index in [1] are selected on object 'Object Repository/MOH AND GRN/Page_KDMC/select_--Select--'

2018-05-11 11:07:03 - [MESSAGE][PASSED] - All options with index in [1] are selected on object 'Object Repository/MOH AND GRN/Page_KDMC/select_--Select--'

2018-05-11 11:07:03 - [TEST_STEP][PASSED] - click: Object: 'Object Repository/MOH AND GRN/Page_KDMC/input_btnupdate' is clicked on

2018-05-11 11:07:03 - [MESSAGE][PASSED] - Object: 'Object Repository/MOH AND GRN/Page_KDMC/input_btnupdate' is clicked on

2018-05-11 11:07:03 - [TEST_STEP][PASSED] - delay: Delayed 3 second(s)

2018-05-11 11:07:06 - [MESSAGE][PASSED] - Delayed 3 second(s)

2018-05-11 11:07:06 - [TEST_STEP][PASSED] - click: Object: 'Object Repository/MOH AND GRN/Page_KDMC/button_OK' is clicked on

2018-05-11 11:07:07 - [MESSAGE][PASSED] - Object: 'Object Repository/MOH AND GRN/Page_KDMC/button_OK' is clicked on

2018-05-11 11:07:07 - [TEST_STEP][PASSED] - delay: Delayed 3 second(s)

2018-05-11 11:07:10 - [MESSAGE][PASSED] - Delayed 3 second(s)

2018-05-11 11:07:10 - [TEST_STEP][PASSED] - scrollToPosition: Browser is scrolled to position x = 200, y = 200

2018-05-11 11:07:10 - [MESSAGE][PASSED] - Browser is scrolled to position x = 200, y = 200

2018-05-11 11:07:10 - [TEST_STEP][PASSED] - click: Object: 'Object Repository/MOH AND GRN/Page_KDMC/a_CMS_2' is clicked on

2018-05-11 11:07:10 - [MESSAGE][PASSED] - Object: 'Object Repository/MOH AND GRN/Page_KDMC/a_CMS_2' is clicked on

2018-05-11 11:07:10 - [TEST_STEP][PASSED] - delay: Delayed 2 second(s)

2018-05-11 11:07:12 - [MESSAGE][PASSED] - Delayed 2 second(s)

2018-05-11 11:07:12 - [TEST_STEP][PASSED] - click: Object: 'Object Repository/MOH AND GRN/Page_KDMC/a_Generate P.O' is clicked on

2018-05-11 11:07:13 - [MESSAGE][PASSED] - Object: 'Object Repository/MOH AND GRN/Page_KDMC/a_Generate P.O' is clicked on

2018-05-11 11:07:13 - [TEST_STEP][PASSED] - delay: Delayed 2 second(s)

2018-05-11 11:07:15 - [MESSAGE][PASSED] - Delayed 2 second(s)

2018-05-11 11:07:15 - [TEST_STEP][PASSED] - selectOptionByIndex: All options with index in [1] are selected on object 'Object Repository/MOH AND GRN/Page_KDMC/select_--Select--PRNO040520183'

2018-05-11 11:07:15 - [MESSAGE][PASSED] - All options with index in [1] are selected on object 'Object Repository/MOH AND GRN/Page_KDMC/select_--Select--PRNO040520183'

2018-05-11 11:07:15 - [TEST_STEP][PASSED] - selectOptionByIndex: All options with index in [1] are selected on object 'Object Repository/MOH AND GRN/Page_KDMC/select_--Select--Hamen Chandra'

2018-05-11 11:07:15 - [MESSAGE][PASSED] - All options with index in [1] are selected on object 'Object Repository/MOH AND GRN/Page_KDMC/select_--Select--Hamen Chandra'

2018-05-11 11:07:15 - [TEST_STEP][PASSED] - Statement - PONumber = com.kms.katalon.core.webui.keyword.WebUiBuiltInKeywords.getText(com.kms.katalon.core.testobject.ObjectRepository.findTestObject(MOH AND GRN/Page_KDMC/input_lblpono)).trim(): Text of object 'Object Repository/MOH AND GRN/Page_KDMC/input_lblpono' is: ''

2018-05-11 11:07:15 - [MESSAGE][PASSED] - Text of object 'Object Repository/MOH AND GRN/Page_KDMC/input_lblpono' is: ''

2018-05-11 11:07:15 - [TEST_STEP][PASSED] - Statement - PONumber1 = com.kms.katalon.core.webui.keyword.WebUiBuiltInKeywords.getAttribute(com.kms.katalon.core.testobject.ObjectRepository.findTestObject(MOH AND GRN/Page_KDMC/input_lblpono), "value").trim(): Attribute 'value' of object 'Object Repository/MOH AND GRN/Page_KDMC/input_lblpono' is: 'PO00101'

2018-05-11 11:07:15 - [MESSAGE][PASSED] - Attribute 'value' of object 'Object Repository/MOH AND GRN/Page_KDMC/input_lblpono' is: 'PO00101'

2018-05-11 11:07:15 - [TEST_STEP][PASSED] - Statement - out.println("PO NUMBER :" + PONumber): null

2018-05-11 11:07:15 - [TEST_STEP][PASSED] - Statement - out.println("PO NUMBER :" + PONumber1): null

2018-05-11 11:07:15 - [TEST_STEP][PASSED] - click: Object: 'Object Repository/MOH AND GRN/Page_KDMC/input_chkrem' is clicked on

2018-05-11 11:07:15 - [MESSAGE][PASSED] - Object: 'Object Repository/MOH AND GRN/Page_KDMC/input_chkrem' is clicked on

2018-05-11 11:07:15 - [TEST_STEP][PASSED] - scrollToElement: Scroll to object 'Object Repository/MOH AND GRN/Page_KDMC/input_btnreturn' successfully

2018-05-11 11:07:15 - [MESSAGE][PASSED] - Scroll to object 'Object Repository/MOH AND GRN/Page_KDMC/input_btnreturn' successfully

2018-05-11 11:07:15 - [TEST_STEP][PASSED] - click: Object: 'Object Repository/MOH AND GRN/Page_KDMC/input_btnreturn' is clicked on

2018-05-11 11:07:15 - [MESSAGE][PASSED] - Object: 'Object Repository/MOH AND GRN/Page_KDMC/input_btnreturn' is clicked on

2018-05-11 11:07:15 - [TEST_STEP][PASSED] - delay: Delayed 3 second(s)

2018-05-11 11:07:18 - [MESSAGE][PASSED] - Delayed 3 second(s)

2018-05-11 11:07:18 - [TEST_STEP][PASSED] - click: Object: 'Object Repository/MOH AND GRN/Page_KDMC/button_Yes' is clicked on

2018-05-11 11:07:18 - [MESSAGE][PASSED] - Object: 'Object Repository/MOH AND GRN/Page_KDMC/button_Yes' is clicked on

2018-05-11 11:07:18 - [TEST_STEP][PASSED] - delay: Delayed 3 second(s)

2018-05-11 11:07:21 - [MESSAGE][PASSED] - Delayed 3 second(s)

2018-05-11 11:07:21 - [TEST_STEP][PASSED] - click: Object: 'Object Repository/MOH AND GRN/Page_KDMC/button_OK' is clicked on

2018-05-11 11:07:22 - [MESSAGE][PASSED] - Object: 'Object Repository/MOH AND GRN/Page_KDMC/button_OK' is clicked on

2018-05-11 11:07:22 - [TEST_STEP][PASSED] - delay: Delayed 3 second(s)

2018-05-11 11:07:25 - [MESSAGE][PASSED] - Delayed 3 second(s)

2018-05-11 11:07:25 - [TEST_STEP][PASSED] - click: Object: 'Object Repository/MOH AND GRN/Page_KDMC/a_dropdown-toggle' is clicked on

2018-05-11 11:07:25 - [MESSAGE][PASSED] - Object: 'Object Repository/MOH AND GRN/Page_KDMC/a_dropdown-toggle' is clicked on

2018-05-11 11:07:25 - [TEST_STEP][PASSED] - click: Object: 'Object Repository/MOH AND GRN/Page_KDMC/a_Sign out' is clicked on

2018-05-11 11:07:26 - [MESSAGE][PASSED] - Object: 'Object Repository/MOH AND GRN/Page_KDMC/a_Sign out' is clicked on

2018-05-11 11:07:26 - [TEST_STEP][PASSED] - delay: Delayed 4 second(s)

2018-05-11 11:07:30 - [MESSAGE][PASSED] - Delayed 4 second(s)

2018-05-11 11:07:30 - [TEST_STEP][PASSED] - click: Object: 'Object Repository/MOH AND GRN/Page_KDMC/a_CMS' is clicked on

2018-05-11 11:07:31 - [MESSAGE][PASSED] - Object: 'Object Repository/MOH AND GRN/Page_KDMC/a_CMS' is clicked on

2018-05-11 11:07:31 - [TEST_STEP][PASSED] - setText: Text 'bala' is set on object 'Object Repository/MOH AND GRN/Page_CMS login/input_txtusername'

2018-05-11 11:07:31 - [MESSAGE][PASSED] - Text 'bala' is set on object 'Object Repository/MOH AND GRN/Page_CMS login/input_txtusername'

2018-05-11 11:07:31 - [TEST_STEP][PASSED] - setText: Text '123' is set on object 'Object Repository/MOH AND GRN/Page_CMS login/input_txtpassword'

2018-05-11 11:07:31 - [MESSAGE][PASSED] - Text '123' is set on object 'Object Repository/MOH AND GRN/Page_CMS login/input_txtpassword'

2018-05-11 11:07:31 - [TEST_STEP][PASSED] - delay: Delayed 3 second(s)

2018-05-11 11:07:34 - [MESSAGE][PASSED] - Delayed 3 second(s)

2018-05-11 11:07:34 - [TEST_STEP][PASSED] - click: Object: 'Object Repository/MOH AND GRN/Page_CMS login/button_Sign in' is clicked on

2018-05-11 11:07:34 - [MESSAGE][PASSED] - Object: 'Object Repository/MOH AND GRN/Page_CMS login/button_Sign in' is clicked on

2018-05-11 11:07:34 - [TEST_STEP][PASSED] - click: Object: 'Object Repository/MOH AND GRN/Page_KDMC - CMS/a_CMS Details' is clicked on

2018-05-11 11:07:34 - [MESSAGE][PASSED] - Object: 'Object Repository/MOH AND GRN/Page_KDMC - CMS/a_CMS Details' is clicked on

2018-05-11 11:07:34 - [TEST_STEP][PASSED] - delay: Delayed 2 second(s)

2018-05-11 11:07:36 - [MESSAGE][PASSED] - Delayed 2 second(s)

2018-05-11 11:07:36 - [TEST_STEP][PASSED] - click: Object: 'Object Repository/MOH AND GRN/Page_KDMC - CMS/a_Goods Receive' is clicked on

2018-05-11 11:07:37 - [MESSAGE][PASSED] - Object: 'Object Repository/MOH AND GRN/Page_KDMC - CMS/a_Goods Receive' is clicked on

2018-05-11 11:07:37 - [TEST_STEP][PASSED] - delay: Delayed 2 second(s)

2018-05-11 11:07:39 - [MESSAGE][PASSED] - Delayed 2 second(s)

2018-05-11 11:07:39 - [TEST_STEP][PASSED] - selectOptionByLabel: All options with label 'PO00101' are selected in object 'Object Repository/MOH AND GRN/Page_KDMC - CMS/select_--Select--PO0032PO0031P' 

2018-05-11 11:07:39 - [MESSAGE][PASSED] - All options with label 'PO00101' are selected in object 'Object Repository/MOH AND GRN/Page_KDMC - CMS/select_--Select--PO0032PO0031P' 

2018-05-11 11:07:39 - [TEST_STEP][PASSED] - setText: Finding Test Object with id 'Object Repository/MOH AND GRN/Page_KDMC - CMS/input_txtgrnno'

2018-05-11 11:07:39 - [TEST_STEP][PASSED] - Statement - switch (id): Text 'INV508.0' is set on object 'Object Repository/MOH AND GRN/Page_KDMC - CMS/input_txtgrnno'

2018-05-11 11:07:39 - [TEST_STEP][PASSED] - Statement - case 2:: Text 'INV508.0' is set on object 'Object Repository/MOH AND GRN/Page_KDMC - CMS/input_txtgrnno'

2018-05-11 11:07:39 - [TEST_STEP][PASSED] - Statement - return (java.lang.Math.floor((java.lang.Math.random() * ((max - min) + 1))) + min): Text 'INV508.0' is set on object 'Object Repository/MOH AND GRN/Page_KDMC - CMS/input_txtgrnno'

2018-05-11 11:07:39 - [MESSAGE][PASSED] - Text 'INV508.0' is set on object 'Object Repository/MOH AND GRN/Page_KDMC - CMS/input_txtgrnno'

2018-05-11 11:07:39 - [TEST_STEP][PASSED] - selectOptionByIndex: All options with index in [1] are selected on object 'Object Repository/MOH AND GRN/Page_KDMC - CMS/select_--Select--PERUMAL PHARM'

2018-05-11 11:07:40 - [MESSAGE][PASSED] - All options with index in [1] are selected on object 'Object Repository/MOH AND GRN/Page_KDMC - CMS/select_--Select--PERUMAL PHARM'

2018-05-11 11:07:40 - [TEST_STEP][PASSED] - setText: Text '17000' is set on object 'Object Repository/MOH AND GRN/Page_KDMC - CMS/input_txtgrnno_1'

2018-05-11 11:07:40 - [MESSAGE][PASSED] - Text '17000' is set on object 'Object Repository/MOH AND GRN/Page_KDMC - CMS/input_txtgrnno_1'

2018-05-11 11:07:40 - [TEST_STEP][PASSED] - setText: Text '500' is set on object 'Object Repository/MOH AND GRN/Page_KDMC - CMS/input_txtgrnno_2'

2018-05-11 11:07:40 - [MESSAGE][PASSED] - Text '500' is set on object 'Object Repository/MOH AND GRN/Page_KDMC - CMS/input_txtgrnno_2'

2018-05-11 11:07:40 - [TEST_STEP][PASSED] - setText: Finding Test Object with id 'Object Repository/MOH AND GRN/Page_KDMC - CMS/input_txtgrnno_3'

2018-05-11 11:07:40 - [TEST_STEP][PASSED] - Statement - switch (id): Text 'CH596.0' is set on object 'Object Repository/MOH AND GRN/Page_KDMC - CMS/input_txtgrnno_3'

2018-05-11 11:07:40 - [TEST_STEP][PASSED] - Statement - case 3:: Text 'CH596.0' is set on object 'Object Repository/MOH AND GRN/Page_KDMC - CMS/input_txtgrnno_3'

2018-05-11 11:07:40 - [TEST_STEP][PASSED] - Statement - return (java.lang.Math.floor((java.lang.Math.random() * ((max - min) + 1))) + min): Text 'CH596.0' is set on object 'Object Repository/MOH AND GRN/Page_KDMC - CMS/input_txtgrnno_3'

2018-05-11 11:07:40 - [MESSAGE][PASSED] - Text 'CH596.0' is set on object 'Object Repository/MOH AND GRN/Page_KDMC - CMS/input_txtgrnno_3'

2018-05-11 11:07:40 - [TEST_STEP][PASSED] - scrollToPosition: Browser is scrolled to position x = 200, y = 200

2018-05-11 11:07:40 - [MESSAGE][PASSED] - Browser is scrolled to position x = 200, y = 200

2018-05-11 11:07:40 - [TEST_STEP][PASSED] - Statement - GrnLength = com.kms.katalon.core.webui.keyword.WebUiBuiltInKeywords.getNumberOfTotalOption(com.kms.katalon.core.testobject.ObjectRepository.findTestObject(MOH AND GRN/Page_KDMC - CMS/select_--Select--Amikacin -500)): 20 options of object 'Object Repository/MOH AND GRN/Page_KDMC - CMS/select_--Select--Amikacin -500' counted

2018-05-11 11:07:40 - [MESSAGE][PASSED] - 20 options of object 'Object Repository/MOH AND GRN/Page_KDMC - CMS/select_--Select--Amikacin -500' counted

2018-05-11 11:07:40 - [TEST_STEP][PASSED] - Statement - out.println("Length OF The Medicine " + GrnLength): null

2018-05-11 11:07:40 - [TEST_STEP][PASSED] - Statement - s = 1: null

2018-05-11 11:07:40 - [TEST_STEP][PASSED] - Statement - For ([t = 1, t < GrnLength, (t++)]): Finding Test Object with id 'Object Repository/MOH AND GRN/Page_KDMC - CMS/input_txtmrp'

2018-05-11 11:07:40 - [TEST_STEP][PASSED] - selectOptionByIndex: All options with index in [1] are selected on object 'Object Repository/MOH AND GRN/Page_KDMC - CMS/select_--Select--Amikacin -500'

2018-05-11 11:07:40 - [MESSAGE][PASSED] - All options with index in [1] are selected on object 'Object Repository/MOH AND GRN/Page_KDMC - CMS/select_--Select--Amikacin -500'

2018-05-11 11:07:40 - [TEST_STEP][PASSED] - setText: Text '50000' is set on object 'Object Repository/MOH AND GRN/Page_KDMC - CMS/input_txtqty'

2018-05-11 11:07:40 - [MESSAGE][PASSED] - Text '50000' is set on object 'Object Repository/MOH AND GRN/Page_KDMC - CMS/input_txtqty'

2018-05-11 11:07:40 - [TEST_STEP][PASSED] - selectOptionByIndex: All options with index in [1] are selected on object 'Object Repository/MOH AND GRN/Page_KDMC - CMS/select_--Select--No Tax0'

2018-05-11 11:07:40 - [MESSAGE][PASSED] - All options with index in [1] are selected on object 'Object Repository/MOH AND GRN/Page_KDMC - CMS/select_--Select--No Tax0'

2018-05-11 11:07:40 - [TEST_STEP][PASSED] - setText: Finding Test Object with id 'Object Repository/MOH AND GRN/Page_KDMC - CMS/input_txtmrp'

2018-05-11 11:07:40 - [TEST_STEP][PASSED] - Statement - switch (id): Finding Test Object with id 'Object Repository/MOH AND GRN/Page_KDMC - CMS/input_txtdeal'

2018-05-11 11:07:40 - [TEST_STEP][PASSED] - Statement - case 4:: Text '45.0' is set on object 'Object Repository/MOH AND GRN/Page_KDMC - CMS/input_txtmrp'

2018-05-11 11:07:40 - [TEST_STEP][PASSED] - Statement - return (java.lang.Math.floor((java.lang.Math.random() * ((max - min) + 1))) + min): Text '45.0' is set on object 'Object Repository/MOH AND GRN/Page_KDMC - CMS/input_txtmrp'

2018-05-11 11:07:41 - [MESSAGE][PASSED] - Text '45.0' is set on object 'Object Repository/MOH AND GRN/Page_KDMC - CMS/input_txtmrp'

2018-05-11 11:07:41 - [TEST_STEP][PASSED] - setText: Finding Test Object with id 'Object Repository/MOH AND GRN/Page_KDMC - CMS/input_txtdeal'

2018-05-11 11:07:41 - [TEST_STEP][PASSED] - Statement - switch (id): Finding Test Object with id 'Object Repository/MOH AND GRN/Page_KDMC - CMS/input_txtbatchno'

2018-05-11 11:07:41 - [TEST_STEP][PASSED] - Statement - case 5:: Text '2.0' is set on object 'Object Repository/MOH AND GRN/Page_KDMC - CMS/input_txtdeal'

2018-05-11 11:07:41 - [TEST_STEP][PASSED] - Statement - return (java.lang.Math.floor((java.lang.Math.random() * ((max - min) + 1))) + min): Text '2.0' is set on object 'Object Repository/MOH AND GRN/Page_KDMC - CMS/input_txtdeal'

2018-05-11 11:07:41 - [MESSAGE][PASSED] - Text '2.0' is set on object 'Object Repository/MOH AND GRN/Page_KDMC - CMS/input_txtdeal'

2018-05-11 11:07:41 - [TEST_STEP][PASSED] - setText: Finding Test Object with id 'Object Repository/MOH AND GRN/Page_KDMC - CMS/input_txtbatchno'

2018-05-11 11:07:41 - [TEST_STEP][PASSED] - Statement - switch (id): Finding Test Object with id 'Object Repository/MOH AND GRN/Page_KDMC - CMS/input_txtmrp'

2018-05-11 11:07:41 - [TEST_STEP][PASSED] - Statement - case 1:: Text 'BA393.0' is set on object 'Object Repository/MOH AND GRN/Page_KDMC - CMS/input_txtbatchno'

2018-05-11 11:07:41 - [TEST_STEP][PASSED] - Statement - return (java.lang.Math.floor((java.lang.Math.random() * ((max - min) + 1))) + min): Text 'BA393.0' is set on object 'Object Repository/MOH AND GRN/Page_KDMC - CMS/input_txtbatchno'

2018-05-11 11:07:41 - [MESSAGE][PASSED] - Text 'BA393.0' is set on object 'Object Repository/MOH AND GRN/Page_KDMC - CMS/input_txtbatchno'

2018-05-11 11:07:41 - [TEST_STEP][PASSED] - rightClick: Object: 'Object Repository/GRN/Page_KDMC - CMS/input_txtexpdate' is right clicked on

2018-05-11 11:07:41 - [MESSAGE][PASSED] - Object: 'Object Repository/GRN/Page_KDMC - CMS/input_txtexpdate' is right clicked on

2018-05-11 11:07:41 - [TEST_STEP][PASSED] - selectOptionByIndex: All options with index in [1] are selected on object 'Object Repository/GRN/Page_KDMC - CMS/select_20182019202020212022202'

2018-05-11 11:07:41 - [MESSAGE][PASSED] - All options with index in [1] are selected on object 'Object Repository/GRN/Page_KDMC - CMS/select_20182019202020212022202'

2018-05-11 11:07:41 - [TEST_STEP][PASSED] - selectOptionByIndex: All options with index in [1] are selected on object 'Object Repository/GRN/Page_KDMC - CMS/select_JanFebMarAprMayJunJulAu'

2018-05-11 11:07:41 - [MESSAGE][PASSED] - All options with index in [1] are selected on object 'Object Repository/GRN/Page_KDMC - CMS/select_JanFebMarAprMayJunJulAu'

2018-05-11 11:07:41 - [TEST_STEP][PASSED] - click: Object: 'Object Repository/MOH AND GRN/Page_KDMC - CMS/a_12' is clicked on

2018-05-11 11:07:41 - [MESSAGE][PASSED] - Object: 'Object Repository/MOH AND GRN/Page_KDMC - CMS/a_12' is clicked on

2018-05-11 11:07:41 - [TEST_STEP][PASSED] - click: Object: 'Object Repository/MOH AND GRN/Page_KDMC - CMS/input_btnadd' is clicked on

2018-05-11 11:07:41 - [MESSAGE][PASSED] - Object: 'Object Repository/MOH AND GRN/Page_KDMC - CMS/input_btnadd' is clicked on

2018-05-11 11:07:41 - [TEST_STEP][PASSED] - Statement - If (s == 10): null

2018-05-11 11:07:41 - [TEST_STEP][PASSED] - Statement - Else: null

2018-05-11 11:07:41 - [TEST_STEP][PASSED] - Statement - (s++): null

2018-05-11 11:07:41 - [TEST_STEP][PASSED] - delay: Delayed 1 second(s)

2018-05-11 11:07:42 - [MESSAGE][PASSED] - Delayed 1 second(s)

2018-05-11 11:07:42 - [TEST_STEP][PASSED] - selectOptionByIndex: All options with index in [2] are selected on object 'Object Repository/MOH AND GRN/Page_KDMC - CMS/select_--Select--Amikacin -500'

2018-05-11 11:07:43 - [MESSAGE][PASSED] - All options with index in [2] are selected on object 'Object Repository/MOH AND GRN/Page_KDMC - CMS/select_--Select--Amikacin -500'

2018-05-11 11:07:43 - [TEST_STEP][PASSED] - setText: Text '50000' is set on object 'Object Repository/MOH AND GRN/Page_KDMC - CMS/input_txtqty'

2018-05-11 11:07:43 - [MESSAGE][PASSED] - Text '50000' is set on object 'Object Repository/MOH AND GRN/Page_KDMC - CMS/input_txtqty'

2018-05-11 11:07:43 - [TEST_STEP][PASSED] - selectOptionByIndex: All options with index in [1] are selected on object 'Object Repository/MOH AND GRN/Page_KDMC - CMS/select_--Select--No Tax0'

2018-05-11 11:07:43 - [MESSAGE][PASSED] - All options with index in [1] are selected on object 'Object Repository/MOH AND GRN/Page_KDMC - CMS/select_--Select--No Tax0'

2018-05-11 11:07:43 - [TEST_STEP][PASSED] - setText: Finding Test Object with id 'Object Repository/MOH AND GRN/Page_KDMC - CMS/input_txtmrp'

2018-05-11 11:07:43 - [TEST_STEP][PASSED] - Statement - switch (id): Finding Test Object with id 'Object Repository/MOH AND GRN/Page_KDMC - CMS/input_txtdeal'

2018-05-11 11:07:43 - [TEST_STEP][PASSED] - Statement - case 4:: Text '35.0' is set on object 'Object Repository/MOH AND GRN/Page_KDMC - CMS/input_txtmrp'

2018-05-11 11:07:43 - [TEST_STEP][PASSED] - Statement - return (java.lang.Math.floor((java.lang.Math.random() * ((max - min) + 1))) + min): Text '35.0' is set on object 'Object Repository/MOH AND GRN/Page_KDMC - CMS/input_txtmrp'

2018-05-11 11:07:43 - [MESSAGE][PASSED] - Text '35.0' is set on object 'Object Repository/MOH AND GRN/Page_KDMC - CMS/input_txtmrp'

2018-05-11 11:07:43 - [TEST_STEP][PASSED] - setText: Finding Test Object with id 'Object Repository/MOH AND GRN/Page_KDMC - CMS/input_txtdeal'

2018-05-11 11:07:43 - [TEST_STEP][PASSED] - Statement - switch (id): Finding Test Object with id 'Object Repository/MOH AND GRN/Page_KDMC - CMS/input_txtbatchno'

2018-05-11 11:07:43 - [TEST_STEP][PASSED] - Statement - case 5:: Text '4.0' is set on object 'Object Repository/MOH AND GRN/Page_KDMC - CMS/input_txtdeal'

2018-05-11 11:07:43 - [TEST_STEP][PASSED] - Statement - return (java.lang.Math.floor((java.lang.Math.random() * ((max - min) + 1))) + min): Text '4.0' is set on object 'Object Repository/MOH AND GRN/Page_KDMC - CMS/input_txtdeal'

2018-05-11 11:07:43 - [MESSAGE][PASSED] - Text '4.0' is set on object 'Object Repository/MOH AND GRN/Page_KDMC - CMS/input_txtdeal'

2018-05-11 11:07:43 - [TEST_STEP][PASSED] - setText: Finding Test Object with id 'Object Repository/MOH AND GRN/Page_KDMC - CMS/input_txtbatchno'

2018-05-11 11:07:43 - [TEST_STEP][PASSED] - Statement - switch (id): Finding Test Object with id 'Object Repository/MOH AND GRN/Page_KDMC - CMS/input_txtmrp'

2018-05-11 11:07:43 - [TEST_STEP][PASSED] - Statement - case 1:: Text 'BA747.0' is set on object 'Object Repository/MOH AND GRN/Page_KDMC - CMS/input_txtbatchno'

2018-05-11 11:07:43 - [TEST_STEP][PASSED] - Statement - return (java.lang.Math.floor((java.lang.Math.random() * ((max - min) + 1))) + min): Text 'BA747.0' is set on object 'Object Repository/MOH AND GRN/Page_KDMC - CMS/input_txtbatchno'

2018-05-11 11:07:43 - [MESSAGE][PASSED] - Text 'BA747.0' is set on object 'Object Repository/MOH AND GRN/Page_KDMC - CMS/input_txtbatchno'

2018-05-11 11:07:43 - [TEST_STEP][PASSED] - rightClick: Object: 'Object Repository/GRN/Page_KDMC - CMS/input_txtexpdate' is right clicked on

2018-05-11 11:07:43 - [MESSAGE][PASSED] - Object: 'Object Repository/GRN/Page_KDMC - CMS/input_txtexpdate' is right clicked on

2018-05-11 11:07:43 - [TEST_STEP][PASSED] - selectOptionByIndex: All options with index in [2] are selected on object 'Object Repository/GRN/Page_KDMC - CMS/select_20182019202020212022202'

2018-05-11 11:07:43 - [MESSAGE][PASSED] - All options with index in [2] are selected on object 'Object Repository/GRN/Page_KDMC - CMS/select_20182019202020212022202'

2018-05-11 11:07:43 - [TEST_STEP][PASSED] - selectOptionByIndex: All options with index in [2] are selected on object 'Object Repository/GRN/Page_KDMC - CMS/select_JanFebMarAprMayJunJulAu'

2018-05-11 11:07:43 - [MESSAGE][PASSED] - All options with index in [2] are selected on object 'Object Repository/GRN/Page_KDMC - CMS/select_JanFebMarAprMayJunJulAu'

2018-05-11 11:07:43 - [TEST_STEP][PASSED] - click: Object: 'Object Repository/MOH AND GRN/Page_KDMC - CMS/a_12' is clicked on

2018-05-11 11:07:44 - [MESSAGE][PASSED] - Object: 'Object Repository/MOH AND GRN/Page_KDMC - CMS/a_12' is clicked on

2018-05-11 11:07:44 - [TEST_STEP][PASSED] - click: Object: 'Object Repository/MOH AND GRN/Page_KDMC - CMS/input_btnadd' is clicked on

2018-05-11 11:07:44 - [MESSAGE][PASSED] - Object: 'Object Repository/MOH AND GRN/Page_KDMC - CMS/input_btnadd' is clicked on

2018-05-11 11:07:44 - [TEST_STEP][PASSED] - Statement - If (s == 10): null

2018-05-11 11:07:44 - [TEST_STEP][PASSED] - Statement - Else: null

2018-05-11 11:07:44 - [TEST_STEP][PASSED] - Statement - (s++): null

2018-05-11 11:07:44 - [TEST_STEP][PASSED] - delay: Delayed 1 second(s)

2018-05-11 11:07:45 - [MESSAGE][PASSED] - Delayed 1 second(s)

2018-05-11 11:07:45 - [TEST_STEP][PASSED] - selectOptionByIndex: All options with index in [3] are selected on object 'Object Repository/MOH AND GRN/Page_KDMC - CMS/select_--Select--Amikacin -500'

2018-05-11 11:07:45 - [MESSAGE][PASSED] - All options with index in [3] are selected on object 'Object Repository/MOH AND GRN/Page_KDMC - CMS/select_--Select--Amikacin -500'

2018-05-11 11:07:45 - [TEST_STEP][PASSED] - setText: Text '50000' is set on object 'Object Repository/MOH AND GRN/Page_KDMC - CMS/input_txtqty'

2018-05-11 11:07:45 - [MESSAGE][PASSED] - Text '50000' is set on object 'Object Repository/MOH AND GRN/Page_KDMC - CMS/input_txtqty'

2018-05-11 11:07:45 - [TEST_STEP][PASSED] - selectOptionByIndex: All options with index in [1] are selected on object 'Object Repository/MOH AND GRN/Page_KDMC - CMS/select_--Select--No Tax0'

2018-05-11 11:07:45 - [MESSAGE][PASSED] - All options with index in [1] are selected on object 'Object Repository/MOH AND GRN/Page_KDMC - CMS/select_--Select--No Tax0'

2018-05-11 11:07:45 - [TEST_STEP][PASSED] - setText: Finding Test Object with id 'Object Repository/MOH AND GRN/Page_KDMC - CMS/input_txtmrp'

2018-05-11 11:07:45 - [TEST_STEP][PASSED] - Statement - switch (id): Finding Test Object with id 'Object Repository/MOH AND GRN/Page_KDMC - CMS/input_txtdeal'

2018-05-11 11:07:45 - [TEST_STEP][PASSED] - Statement - case 4:: Text '24.0' is set on object 'Object Repository/MOH AND GRN/Page_KDMC - CMS/input_txtmrp'

2018-05-11 11:07:45 - [TEST_STEP][PASSED] - Statement - return (java.lang.Math.floor((java.lang.Math.random() * ((max - min) + 1))) + min): Text '24.0' is set on object 'Object Repository/MOH AND GRN/Page_KDMC - CMS/input_txtmrp'

2018-05-11 11:07:45 - [MESSAGE][PASSED] - Text '24.0' is set on object 'Object Repository/MOH AND GRN/Page_KDMC - CMS/input_txtmrp'

2018-05-11 11:07:45 - [TEST_STEP][PASSED] - setText: Finding Test Object with id 'Object Repository/MOH AND GRN/Page_KDMC - CMS/input_txtdeal'

2018-05-11 11:07:45 - [TEST_STEP][PASSED] - Statement - switch (id): Finding Test Object with id 'Object Repository/MOH AND GRN/Page_KDMC - CMS/input_txtbatchno'

2018-05-11 11:07:45 - [TEST_STEP][PASSED] - Statement - case 5:: Text '1.0' is set on object 'Object Repository/MOH AND GRN/Page_KDMC - CMS/input_txtdeal'

2018-05-11 11:07:45 - [TEST_STEP][PASSED] - Statement - return (java.lang.Math.floor((java.lang.Math.random() * ((max - min) + 1))) + min): Text '1.0' is set on object 'Object Repository/MOH AND GRN/Page_KDMC - CMS/input_txtdeal'

2018-05-11 11:07:45 - [MESSAGE][PASSED] - Text '1.0' is set on object 'Object Repository/MOH AND GRN/Page_KDMC - CMS/input_txtdeal'

2018-05-11 11:07:45 - [TEST_STEP][PASSED] - setText: Finding Test Object with id 'Object Repository/MOH AND GRN/Page_KDMC - CMS/input_txtbatchno'

2018-05-11 11:07:45 - [TEST_STEP][PASSED] - Statement - switch (id): Finding Test Object with id 'Object Repository/MOH AND GRN/Page_KDMC - CMS/input_txtmrp'

2018-05-11 11:07:45 - [TEST_STEP][PASSED] - Statement - case 1:: Text 'BA717.0' is set on object 'Object Repository/MOH AND GRN/Page_KDMC - CMS/input_txtbatchno'

2018-05-11 11:07:45 - [TEST_STEP][PASSED] - Statement - return (java.lang.Math.floor((java.lang.Math.random() * ((max - min) + 1))) + min): Text 'BA717.0' is set on object 'Object Repository/MOH AND GRN/Page_KDMC - CMS/input_txtbatchno'

2018-05-11 11:07:45 - [MESSAGE][PASSED] - Text 'BA717.0' is set on object 'Object Repository/MOH AND GRN/Page_KDMC - CMS/input_txtbatchno'

2018-05-11 11:07:45 - [TEST_STEP][PASSED] - rightClick: Object: 'Object Repository/GRN/Page_KDMC - CMS/input_txtexpdate' is right clicked on

2018-05-11 11:07:45 - [MESSAGE][PASSED] - Object: 'Object Repository/GRN/Page_KDMC - CMS/input_txtexpdate' is right clicked on

2018-05-11 11:07:45 - [TEST_STEP][PASSED] - selectOptionByIndex: All options with index in [3] are selected on object 'Object Repository/GRN/Page_KDMC - CMS/select_20182019202020212022202'

2018-05-11 11:07:45 - [MESSAGE][PASSED] - All options with index in [3] are selected on object 'Object Repository/GRN/Page_KDMC - CMS/select_20182019202020212022202'

2018-05-11 11:07:45 - [TEST_STEP][PASSED] - selectOptionByIndex: All options with index in [3] are selected on object 'Object Repository/GRN/Page_KDMC - CMS/select_JanFebMarAprMayJunJulAu'

2018-05-11 11:07:46 - [MESSAGE][PASSED] - All options with index in [3] are selected on object 'Object Repository/GRN/Page_KDMC - CMS/select_JanFebMarAprMayJunJulAu'

2018-05-11 11:07:46 - [TEST_STEP][PASSED] - click: Object: 'Object Repository/MOH AND GRN/Page_KDMC - CMS/a_12' is clicked on

2018-05-11 11:07:46 - [MESSAGE][PASSED] - Object: 'Object Repository/MOH AND GRN/Page_KDMC - CMS/a_12' is clicked on

2018-05-11 11:07:46 - [TEST_STEP][PASSED] - click: Object: 'Object Repository/MOH AND GRN/Page_KDMC - CMS/input_btnadd' is clicked on

2018-05-11 11:07:46 - [MESSAGE][PASSED] - Object: 'Object Repository/MOH AND GRN/Page_KDMC - CMS/input_btnadd' is clicked on

2018-05-11 11:07:46 - [TEST_STEP][PASSED] - Statement - If (s == 10): null

2018-05-11 11:07:46 - [TEST_STEP][PASSED] - Statement - Else: null

2018-05-11 11:07:46 - [TEST_STEP][PASSED] - Statement - (s++): null

2018-05-11 11:07:46 - [TEST_STEP][PASSED] - delay: Delayed 1 second(s)

2018-05-11 11:07:47 - [MESSAGE][PASSED] - Delayed 1 second(s)

2018-05-11 11:07:47 - [TEST_STEP][PASSED] - selectOptionByIndex: All options with index in [4] are selected on object 'Object Repository/MOH AND GRN/Page_KDMC - CMS/select_--Select--Amikacin -500'

2018-05-11 11:07:47 - [MESSAGE][PASSED] - All options with index in [4] are selected on object 'Object Repository/MOH AND GRN/Page_KDMC - CMS/select_--Select--Amikacin -500'

2018-05-11 11:07:47 - [TEST_STEP][PASSED] - setText: Text '50000' is set on object 'Object Repository/MOH AND GRN/Page_KDMC - CMS/input_txtqty'

2018-05-11 11:07:47 - [MESSAGE][PASSED] - Text '50000' is set on object 'Object Repository/MOH AND GRN/Page_KDMC - CMS/input_txtqty'

2018-05-11 11:07:47 - [TEST_STEP][PASSED] - selectOptionByIndex: All options with index in [1] are selected on object 'Object Repository/MOH AND GRN/Page_KDMC - CMS/select_--Select--No Tax0'

2018-05-11 11:07:47 - [MESSAGE][PASSED] - All options with index in [1] are selected on object 'Object Repository/MOH AND GRN/Page_KDMC - CMS/select_--Select--No Tax0'

2018-05-11 11:07:47 - [TEST_STEP][PASSED] - setText: Finding Test Object with id 'Object Repository/MOH AND GRN/Page_KDMC - CMS/input_txtmrp'

2018-05-11 11:07:47 - [TEST_STEP][PASSED] - Statement - switch (id): Finding Test Object with id 'Object Repository/MOH AND GRN/Page_KDMC - CMS/input_txtdeal'

2018-05-11 11:07:47 - [TEST_STEP][PASSED] - Statement - case 4:: Text '44.0' is set on object 'Object Repository/MOH AND GRN/Page_KDMC - CMS/input_txtmrp'

2018-05-11 11:07:47 - [TEST_STEP][PASSED] - Statement - return (java.lang.Math.floor((java.lang.Math.random() * ((max - min) + 1))) + min): Text '44.0' is set on object 'Object Repository/MOH AND GRN/Page_KDMC - CMS/input_txtmrp'

2018-05-11 11:07:47 - [MESSAGE][PASSED] - Text '44.0' is set on object 'Object Repository/MOH AND GRN/Page_KDMC - CMS/input_txtmrp'

2018-05-11 11:07:47 - [TEST_STEP][PASSED] - setText: Finding Test Object with id 'Object Repository/MOH AND GRN/Page_KDMC - CMS/input_txtdeal'

2018-05-11 11:07:47 - [TEST_STEP][PASSED] - Statement - switch (id): Finding Test Object with id 'Object Repository/MOH AND GRN/Page_KDMC - CMS/input_txtbatchno'

2018-05-11 11:07:47 - [TEST_STEP][PASSED] - Statement - case 5:: Text '2.0' is set on object 'Object Repository/MOH AND GRN/Page_KDMC - CMS/input_txtdeal'

2018-05-11 11:07:47 - [TEST_STEP][PASSED] - Statement - return (java.lang.Math.floor((java.lang.Math.random() * ((max - min) + 1))) + min): Text '2.0' is set on object 'Object Repository/MOH AND GRN/Page_KDMC - CMS/input_txtdeal'

2018-05-11 11:07:47 - [MESSAGE][PASSED] - Text '2.0' is set on object 'Object Repository/MOH AND GRN/Page_KDMC - CMS/input_txtdeal'

2018-05-11 11:07:47 - [TEST_STEP][PASSED] - setText: Finding Test Object with id 'Object Repository/MOH AND GRN/Page_KDMC - CMS/input_txtbatchno'

2018-05-11 11:07:47 - [TEST_STEP][PASSED] - Statement - switch (id): Finding Test Object with id 'Object Repository/MOH AND GRN/Page_KDMC - CMS/input_txtmrp'

2018-05-11 11:07:47 - [TEST_STEP][PASSED] - Statement - case 1:: Text 'BA459.0' is set on object 'Object Repository/MOH AND GRN/Page_KDMC - CMS/input_txtbatchno'

2018-05-11 11:07:47 - [TEST_STEP][PASSED] - Statement - return (java.lang.Math.floor((java.lang.Math.random() * ((max - min) + 1))) + min): Text 'BA459.0' is set on object 'Object Repository/MOH AND GRN/Page_KDMC - CMS/input_txtbatchno'

2018-05-11 11:07:47 - [MESSAGE][PASSED] - Text 'BA459.0' is set on object 'Object Repository/MOH AND GRN/Page_KDMC - CMS/input_txtbatchno'

2018-05-11 11:07:47 - [TEST_STEP][PASSED] - rightClick: Object: 'Object Repository/GRN/Page_KDMC - CMS/input_txtexpdate' is right clicked on

2018-05-11 11:07:48 - [MESSAGE][PASSED] - Object: 'Object Repository/GRN/Page_KDMC - CMS/input_txtexpdate' is right clicked on

2018-05-11 11:07:48 - [TEST_STEP][PASSED] - selectOptionByIndex: All options with index in [4] are selected on object 'Object Repository/GRN/Page_KDMC - CMS/select_20182019202020212022202'

2018-05-11 11:07:48 - [MESSAGE][PASSED] - All options with index in [4] are selected on object 'Object Repository/GRN/Page_KDMC - CMS/select_20182019202020212022202'

2018-05-11 11:07:48 - [TEST_STEP][PASSED] - selectOptionByIndex: All options with index in [4] are selected on object 'Object Repository/GRN/Page_KDMC - CMS/select_JanFebMarAprMayJunJulAu'

2018-05-11 11:07:48 - [MESSAGE][PASSED] - All options with index in [4] are selected on object 'Object Repository/GRN/Page_KDMC - CMS/select_JanFebMarAprMayJunJulAu'

2018-05-11 11:07:48 - [TEST_STEP][PASSED] - click: Object: 'Object Repository/MOH AND GRN/Page_KDMC - CMS/a_12' is clicked on

2018-05-11 11:07:48 - [MESSAGE][PASSED] - Object: 'Object Repository/MOH AND GRN/Page_KDMC - CMS/a_12' is clicked on

2018-05-11 11:07:48 - [TEST_STEP][PASSED] - click: Object: 'Object Repository/MOH AND GRN/Page_KDMC - CMS/input_btnadd' is clicked on

2018-05-11 11:07:48 - [MESSAGE][PASSED] - Object: 'Object Repository/MOH AND GRN/Page_KDMC - CMS/input_btnadd' is clicked on

2018-05-11 11:07:48 - [TEST_STEP][PASSED] - Statement - If (s == 10): null

2018-05-11 11:07:48 - [TEST_STEP][PASSED] - Statement - Else: null

2018-05-11 11:07:48 - [TEST_STEP][PASSED] - Statement - (s++): null

2018-05-11 11:07:48 - [TEST_STEP][PASSED] - delay: Delayed 1 second(s)

2018-05-11 11:07:49 - [MESSAGE][PASSED] - Delayed 1 second(s)

2018-05-11 11:07:49 - [TEST_STEP][PASSED] - selectOptionByIndex: All options with index in [5] are selected on object 'Object Repository/MOH AND GRN/Page_KDMC - CMS/select_--Select--Amikacin -500'

2018-05-11 11:07:49 - [MESSAGE][PASSED] - All options with index in [5] are selected on object 'Object Repository/MOH AND GRN/Page_KDMC - CMS/select_--Select--Amikacin -500'

2018-05-11 11:07:49 - [TEST_STEP][PASSED] - setText: Text '50000' is set on object 'Object Repository/MOH AND GRN/Page_KDMC - CMS/input_txtqty'

2018-05-11 11:07:49 - [MESSAGE][PASSED] - Text '50000' is set on object 'Object Repository/MOH AND GRN/Page_KDMC - CMS/input_txtqty'

2018-05-11 11:07:49 - [TEST_STEP][PASSED] - selectOptionByIndex: All options with index in [1] are selected on object 'Object Repository/MOH AND GRN/Page_KDMC - CMS/select_--Select--No Tax0'

2018-05-11 11:07:49 - [MESSAGE][PASSED] - All options with index in [1] are selected on object 'Object Repository/MOH AND GRN/Page_KDMC - CMS/select_--Select--No Tax0'

2018-05-11 11:07:49 - [TEST_STEP][PASSED] - setText: Finding Test Object with id 'Object Repository/MOH AND GRN/Page_KDMC - CMS/input_txtmrp'

2018-05-11 11:07:49 - [TEST_STEP][PASSED] - Statement - switch (id): Finding Test Object with id 'Object Repository/MOH AND GRN/Page_KDMC - CMS/input_txtdeal'

2018-05-11 11:07:49 - [TEST_STEP][PASSED] - Statement - case 4:: Text '16.0' is set on object 'Object Repository/MOH AND GRN/Page_KDMC - CMS/input_txtmrp'

2018-05-11 11:07:49 - [TEST_STEP][PASSED] - Statement - return (java.lang.Math.floor((java.lang.Math.random() * ((max - min) + 1))) + min): Text '16.0' is set on object 'Object Repository/MOH AND GRN/Page_KDMC - CMS/input_txtmrp'

2018-05-11 11:07:50 - [MESSAGE][PASSED] - Text '16.0' is set on object 'Object Repository/MOH AND GRN/Page_KDMC - CMS/input_txtmrp'

2018-05-11 11:07:50 - [TEST_STEP][PASSED] - setText: Finding Test Object with id 'Object Repository/MOH AND GRN/Page_KDMC - CMS/input_txtdeal'

2018-05-11 11:07:50 - [TEST_STEP][PASSED] - Statement - switch (id): Finding Test Object with id 'Object Repository/MOH AND GRN/Page_KDMC - CMS/input_txtbatchno'

2018-05-11 11:07:50 - [TEST_STEP][PASSED] - Statement - case 5:: Text '9.0' is set on object 'Object Repository/MOH AND GRN/Page_KDMC - CMS/input_txtdeal'

2018-05-11 11:07:50 - [TEST_STEP][PASSED] - Statement - return (java.lang.Math.floor((java.lang.Math.random() * ((max - min) + 1))) + min): Text '9.0' is set on object 'Object Repository/MOH AND GRN/Page_KDMC - CMS/input_txtdeal'

2018-05-11 11:07:50 - [MESSAGE][PASSED] - Text '9.0' is set on object 'Object Repository/MOH AND GRN/Page_KDMC - CMS/input_txtdeal'

2018-05-11 11:07:50 - [TEST_STEP][PASSED] - setText: Finding Test Object with id 'Object Repository/MOH AND GRN/Page_KDMC - CMS/input_txtbatchno'

2018-05-11 11:07:50 - [TEST_STEP][PASSED] - Statement - switch (id): Finding Test Object with id 'Object Repository/MOH AND GRN/Page_KDMC - CMS/input_txtmrp'

2018-05-11 11:07:50 - [TEST_STEP][PASSED] - Statement - case 1:: Text 'BA28.0' is set on object 'Object Repository/MOH AND GRN/Page_KDMC - CMS/input_txtbatchno'

2018-05-11 11:07:50 - [TEST_STEP][PASSED] - Statement - return (java.lang.Math.floor((java.lang.Math.random() * ((max - min) + 1))) + min): Text 'BA28.0' is set on object 'Object Repository/MOH AND GRN/Page_KDMC - CMS/input_txtbatchno'

2018-05-11 11:07:50 - [MESSAGE][PASSED] - Text 'BA28.0' is set on object 'Object Repository/MOH AND GRN/Page_KDMC - CMS/input_txtbatchno'

2018-05-11 11:07:50 - [TEST_STEP][PASSED] - rightClick: Object: 'Object Repository/GRN/Page_KDMC - CMS/input_txtexpdate' is right clicked on

2018-05-11 11:07:50 - [MESSAGE][PASSED] - Object: 'Object Repository/GRN/Page_KDMC - CMS/input_txtexpdate' is right clicked on

2018-05-11 11:07:50 - [TEST_STEP][PASSED] - selectOptionByIndex: All options with index in [5] are selected on object 'Object Repository/GRN/Page_KDMC - CMS/select_20182019202020212022202'

2018-05-11 11:07:50 - [MESSAGE][PASSED] - All options with index in [5] are selected on object 'Object Repository/GRN/Page_KDMC - CMS/select_20182019202020212022202'

2018-05-11 11:07:50 - [TEST_STEP][PASSED] - selectOptionByIndex: All options with index in [5] are selected on object 'Object Repository/GRN/Page_KDMC - CMS/select_JanFebMarAprMayJunJulAu'

2018-05-11 11:07:50 - [MESSAGE][PASSED] - All options with index in [5] are selected on object 'Object Repository/GRN/Page_KDMC - CMS/select_JanFebMarAprMayJunJulAu'

2018-05-11 11:07:50 - [TEST_STEP][PASSED] - click: Object: 'Object Repository/MOH AND GRN/Page_KDMC - CMS/a_12' is clicked on

2018-05-11 11:07:50 - [MESSAGE][PASSED] - Object: 'Object Repository/MOH AND GRN/Page_KDMC - CMS/a_12' is clicked on

2018-05-11 11:07:50 - [TEST_STEP][PASSED] - click: Object: 'Object Repository/MOH AND GRN/Page_KDMC - CMS/input_btnadd' is clicked on

2018-05-11 11:07:50 - [MESSAGE][PASSED] - Object: 'Object Repository/MOH AND GRN/Page_KDMC - CMS/input_btnadd' is clicked on

2018-05-11 11:07:50 - [TEST_STEP][PASSED] - Statement - If (s == 10): null

2018-05-11 11:07:50 - [TEST_STEP][PASSED] - Statement - Else: null

2018-05-11 11:07:50 - [TEST_STEP][PASSED] - Statement - (s++): null

2018-05-11 11:07:50 - [TEST_STEP][PASSED] - delay: Delayed 1 second(s)

2018-05-11 11:07:51 - [MESSAGE][PASSED] - Delayed 1 second(s)

2018-05-11 11:07:51 - [TEST_STEP][PASSED] - selectOptionByIndex: All options with index in [6] are selected on object 'Object Repository/MOH AND GRN/Page_KDMC - CMS/select_--Select--Amikacin -500'

2018-05-11 11:07:51 - [MESSAGE][PASSED] - All options with index in [6] are selected on object 'Object Repository/MOH AND GRN/Page_KDMC - CMS/select_--Select--Amikacin -500'

2018-05-11 11:07:51 - [TEST_STEP][PASSED] - setText: Text '50000' is set on object 'Object Repository/MOH AND GRN/Page_KDMC - CMS/input_txtqty'

2018-05-11 11:07:52 - [MESSAGE][PASSED] - Text '50000' is set on object 'Object Repository/MOH AND GRN/Page_KDMC - CMS/input_txtqty'

2018-05-11 11:07:52 - [TEST_STEP][PASSED] - selectOptionByIndex: All options with index in [1] are selected on object 'Object Repository/MOH AND GRN/Page_KDMC - CMS/select_--Select--No Tax0'

2018-05-11 11:07:52 - [MESSAGE][PASSED] - All options with index in [1] are selected on object 'Object Repository/MOH AND GRN/Page_KDMC - CMS/select_--Select--No Tax0'

2018-05-11 11:07:52 - [TEST_STEP][PASSED] - setText: Finding Test Object with id 'Object Repository/MOH AND GRN/Page_KDMC - CMS/input_txtmrp'

2018-05-11 11:07:52 - [TEST_STEP][PASSED] - Statement - switch (id): Finding Test Object with id 'Object Repository/MOH AND GRN/Page_KDMC - CMS/input_txtdeal'

2018-05-11 11:07:52 - [TEST_STEP][PASSED] - Statement - case 4:: Text '28.0' is set on object 'Object Repository/MOH AND GRN/Page_KDMC - CMS/input_txtmrp'

2018-05-11 11:07:52 - [TEST_STEP][PASSED] - Statement - return (java.lang.Math.floor((java.lang.Math.random() * ((max - min) + 1))) + min): Text '28.0' is set on object 'Object Repository/MOH AND GRN/Page_KDMC - CMS/input_txtmrp'

2018-05-11 11:07:52 - [MESSAGE][PASSED] - Text '28.0' is set on object 'Object Repository/MOH AND GRN/Page_KDMC - CMS/input_txtmrp'

2018-05-11 11:07:52 - [TEST_STEP][PASSED] - setText: Finding Test Object with id 'Object Repository/MOH AND GRN/Page_KDMC - CMS/input_txtdeal'

2018-05-11 11:07:52 - [TEST_STEP][PASSED] - Statement - switch (id): Finding Test Object with id 'Object Repository/MOH AND GRN/Page_KDMC - CMS/input_txtbatchno'

2018-05-11 11:07:52 - [TEST_STEP][PASSED] - Statement - case 5:: Text '5.0' is set on object 'Object Repository/MOH AND GRN/Page_KDMC - CMS/input_txtdeal'

2018-05-11 11:07:52 - [TEST_STEP][PASSED] - Statement - return (java.lang.Math.floor((java.lang.Math.random() * ((max - min) + 1))) + min): Text '5.0' is set on object 'Object Repository/MOH AND GRN/Page_KDMC - CMS/input_txtdeal'

2018-05-11 11:07:52 - [MESSAGE][PASSED] - Text '5.0' is set on object 'Object Repository/MOH AND GRN/Page_KDMC - CMS/input_txtdeal'

2018-05-11 11:07:52 - [TEST_STEP][PASSED] - setText: Finding Test Object with id 'Object Repository/MOH AND GRN/Page_KDMC - CMS/input_txtbatchno'

2018-05-11 11:07:52 - [TEST_STEP][PASSED] - Statement - switch (id): Finding Test Object with id 'Object Repository/MOH AND GRN/Page_KDMC - CMS/input_txtmrp'

2018-05-11 11:07:52 - [TEST_STEP][PASSED] - Statement - case 1:: Text 'BA531.0' is set on object 'Object Repository/MOH AND GRN/Page_KDMC - CMS/input_txtbatchno'

2018-05-11 11:07:52 - [TEST_STEP][PASSED] - Statement - return (java.lang.Math.floor((java.lang.Math.random() * ((max - min) + 1))) + min): Text 'BA531.0' is set on object 'Object Repository/MOH AND GRN/Page_KDMC - CMS/input_txtbatchno'

2018-05-11 11:07:52 - [MESSAGE][PASSED] - Text 'BA531.0' is set on object 'Object Repository/MOH AND GRN/Page_KDMC - CMS/input_txtbatchno'

2018-05-11 11:07:52 - [TEST_STEP][PASSED] - rightClick: Object: 'Object Repository/GRN/Page_KDMC - CMS/input_txtexpdate' is right clicked on

2018-05-11 11:07:52 - [MESSAGE][PASSED] - Object: 'Object Repository/GRN/Page_KDMC - CMS/input_txtexpdate' is right clicked on

2018-05-11 11:07:52 - [TEST_STEP][PASSED] - selectOptionByIndex: All options with index in [6] are selected on object 'Object Repository/GRN/Page_KDMC - CMS/select_20182019202020212022202'

2018-05-11 11:07:52 - [MESSAGE][PASSED] - All options with index in [6] are selected on object 'Object Repository/GRN/Page_KDMC - CMS/select_20182019202020212022202'

2018-05-11 11:07:52 - [TEST_STEP][PASSED] - selectOptionByIndex: All options with index in [6] are selected on object 'Object Repository/GRN/Page_KDMC - CMS/select_JanFebMarAprMayJunJulAu'

2018-05-11 11:07:52 - [MESSAGE][PASSED] - All options with index in [6] are selected on object 'Object Repository/GRN/Page_KDMC - CMS/select_JanFebMarAprMayJunJulAu'

2018-05-11 11:07:52 - [TEST_STEP][PASSED] - click: Object: 'Object Repository/MOH AND GRN/Page_KDMC - CMS/a_12' is clicked on

2018-05-11 11:07:53 - [MESSAGE][PASSED] - Object: 'Object Repository/MOH AND GRN/Page_KDMC - CMS/a_12' is clicked on

2018-05-11 11:07:53 - [TEST_STEP][PASSED] - click: Object: 'Object Repository/MOH AND GRN/Page_KDMC - CMS/input_btnadd' is clicked on

2018-05-11 11:07:53 - [MESSAGE][PASSED] - Object: 'Object Repository/MOH AND GRN/Page_KDMC - CMS/input_btnadd' is clicked on

2018-05-11 11:07:53 - [TEST_STEP][PASSED] - Statement - If (s == 10): null

2018-05-11 11:07:53 - [TEST_STEP][PASSED] - Statement - Else: null

2018-05-11 11:07:53 - [TEST_STEP][PASSED] - Statement - (s++): null

2018-05-11 11:07:53 - [TEST_STEP][PASSED] - delay: Delayed 1 second(s)

2018-05-11 11:07:54 - [MESSAGE][PASSED] - Delayed 1 second(s)

2018-05-11 11:07:54 - [TEST_STEP][PASSED] - selectOptionByIndex: All options with index in [7] are selected on object 'Object Repository/MOH AND GRN/Page_KDMC - CMS/select_--Select--Amikacin -500'

2018-05-11 11:07:54 - [MESSAGE][PASSED] - All options with index in [7] are selected on object 'Object Repository/MOH AND GRN/Page_KDMC - CMS/select_--Select--Amikacin -500'

2018-05-11 11:07:54 - [TEST_STEP][PASSED] - setText: Text '50000' is set on object 'Object Repository/MOH AND GRN/Page_KDMC - CMS/input_txtqty'

2018-05-11 11:07:54 - [MESSAGE][PASSED] - Text '50000' is set on object 'Object Repository/MOH AND GRN/Page_KDMC - CMS/input_txtqty'

2018-05-11 11:07:54 - [TEST_STEP][PASSED] - selectOptionByIndex: All options with index in [1] are selected on object 'Object Repository/MOH AND GRN/Page_KDMC - CMS/select_--Select--No Tax0'

2018-05-11 11:07:54 - [MESSAGE][PASSED] - All options with index in [1] are selected on object 'Object Repository/MOH AND GRN/Page_KDMC - CMS/select_--Select--No Tax0'

2018-05-11 11:07:54 - [TEST_STEP][PASSED] - setText: Finding Test Object with id 'Object Repository/MOH AND GRN/Page_KDMC - CMS/input_txtmrp'

2018-05-11 11:07:54 - [TEST_STEP][PASSED] - Statement - switch (id): Finding Test Object with id 'Object Repository/MOH AND GRN/Page_KDMC - CMS/input_txtdeal'

2018-05-11 11:07:54 - [TEST_STEP][PASSED] - Statement - case 4:: Text '19.0' is set on object 'Object Repository/MOH AND GRN/Page_KDMC - CMS/input_txtmrp'

2018-05-11 11:07:54 - [TEST_STEP][PASSED] - Statement - return (java.lang.Math.floor((java.lang.Math.random() * ((max - min) + 1))) + min): Text '19.0' is set on object 'Object Repository/MOH AND GRN/Page_KDMC - CMS/input_txtmrp'

2018-05-11 11:07:54 - [MESSAGE][PASSED] - Text '19.0' is set on object 'Object Repository/MOH AND GRN/Page_KDMC - CMS/input_txtmrp'

2018-05-11 11:07:54 - [TEST_STEP][PASSED] - setText: Finding Test Object with id 'Object Repository/MOH AND GRN/Page_KDMC - CMS/input_txtdeal'

2018-05-11 11:07:54 - [TEST_STEP][PASSED] - Statement - switch (id): Finding Test Object with id 'Object Repository/MOH AND GRN/Page_KDMC - CMS/input_txtbatchno'

2018-05-11 11:07:54 - [TEST_STEP][PASSED] - Statement - case 5:: Text '8.0' is set on object 'Object Repository/MOH AND GRN/Page_KDMC - CMS/input_txtdeal'

2018-05-11 11:07:54 - [TEST_STEP][PASSED] - Statement - return (java.lang.Math.floor((java.lang.Math.random() * ((max - min) + 1))) + min): Text '8.0' is set on object 'Object Repository/MOH AND GRN/Page_KDMC - CMS/input_txtdeal'

2018-05-11 11:07:54 - [MESSAGE][PASSED] - Text '8.0' is set on object 'Object Repository/MOH AND GRN/Page_KDMC - CMS/input_txtdeal'

2018-05-11 11:07:54 - [TEST_STEP][PASSED] - setText: Finding Test Object with id 'Object Repository/MOH AND GRN/Page_KDMC - CMS/input_txtbatchno'

2018-05-11 11:07:54 - [TEST_STEP][PASSED] - Statement - switch (id): Finding Test Object with id 'Object Repository/MOH AND GRN/Page_KDMC - CMS/input_txtmrp'

2018-05-11 11:07:54 - [TEST_STEP][PASSED] - Statement - case 1:: Text 'BA91.0' is set on object 'Object Repository/MOH AND GRN/Page_KDMC - CMS/input_txtbatchno'

2018-05-11 11:07:54 - [TEST_STEP][PASSED] - Statement - return (java.lang.Math.floor((java.lang.Math.random() * ((max - min) + 1))) + min): Text 'BA91.0' is set on object 'Object Repository/MOH AND GRN/Page_KDMC - CMS/input_txtbatchno'

2018-05-11 11:07:54 - [MESSAGE][PASSED] - Text 'BA91.0' is set on object 'Object Repository/MOH AND GRN/Page_KDMC - CMS/input_txtbatchno'

2018-05-11 11:07:54 - [TEST_STEP][PASSED] - rightClick: Object: 'Object Repository/GRN/Page_KDMC - CMS/input_txtexpdate' is right clicked on

2018-05-11 11:07:54 - [MESSAGE][PASSED] - Object: 'Object Repository/GRN/Page_KDMC - CMS/input_txtexpdate' is right clicked on

2018-05-11 11:07:54 - [TEST_STEP][PASSED] - selectOptionByIndex: All options with index in [7] are selected on object 'Object Repository/GRN/Page_KDMC - CMS/select_20182019202020212022202'

2018-05-11 11:07:55 - [MESSAGE][PASSED] - All options with index in [7] are selected on object 'Object Repository/GRN/Page_KDMC - CMS/select_20182019202020212022202'

2018-05-11 11:07:55 - [TEST_STEP][PASSED] - selectOptionByIndex: All options with index in [7] are selected on object 'Object Repository/GRN/Page_KDMC - CMS/select_JanFebMarAprMayJunJulAu'

2018-05-11 11:07:55 - [MESSAGE][PASSED] - All options with index in [7] are selected on object 'Object Repository/GRN/Page_KDMC - CMS/select_JanFebMarAprMayJunJulAu'

2018-05-11 11:07:55 - [TEST_STEP][PASSED] - click: Object: 'Object Repository/MOH AND GRN/Page_KDMC - CMS/a_12' is clicked on

2018-05-11 11:07:55 - [MESSAGE][PASSED] - Object: 'Object Repository/MOH AND GRN/Page_KDMC - CMS/a_12' is clicked on

2018-05-11 11:07:55 - [TEST_STEP][PASSED] - click: Object: 'Object Repository/MOH AND GRN/Page_KDMC - CMS/input_btnadd' is clicked on

2018-05-11 11:07:55 - [MESSAGE][PASSED] - Object: 'Object Repository/MOH AND GRN/Page_KDMC - CMS/input_btnadd' is clicked on

2018-05-11 11:07:55 - [TEST_STEP][PASSED] - Statement - If (s == 10): null

2018-05-11 11:07:55 - [TEST_STEP][PASSED] - Statement - Else: null

2018-05-11 11:07:55 - [TEST_STEP][PASSED] - Statement - (s++): null

2018-05-11 11:07:55 - [TEST_STEP][PASSED] - delay: Delayed 1 second(s)

2018-05-11 11:07:56 - [MESSAGE][PASSED] - Delayed 1 second(s)

2018-05-11 11:07:56 - [TEST_STEP][PASSED] - selectOptionByIndex: All options with index in [8] are selected on object 'Object Repository/MOH AND GRN/Page_KDMC - CMS/select_--Select--Amikacin -500'

2018-05-11 11:07:56 - [MESSAGE][PASSED] - All options with index in [8] are selected on object 'Object Repository/MOH AND GRN/Page_KDMC - CMS/select_--Select--Amikacin -500'

2018-05-11 11:07:56 - [TEST_STEP][PASSED] - setText: Text '50000' is set on object 'Object Repository/MOH AND GRN/Page_KDMC - CMS/input_txtqty'

2018-05-11 11:07:56 - [MESSAGE][PASSED] - Text '50000' is set on object 'Object Repository/MOH AND GRN/Page_KDMC - CMS/input_txtqty'

2018-05-11 11:07:56 - [TEST_STEP][PASSED] - selectOptionByIndex: All options with index in [1] are selected on object 'Object Repository/MOH AND GRN/Page_KDMC - CMS/select_--Select--No Tax0'

2018-05-11 11:07:56 - [MESSAGE][PASSED] - All options with index in [1] are selected on object 'Object Repository/MOH AND GRN/Page_KDMC - CMS/select_--Select--No Tax0'

2018-05-11 11:07:56 - [TEST_STEP][PASSED] - setText: Finding Test Object with id 'Object Repository/MOH AND GRN/Page_KDMC - CMS/input_txtmrp'

2018-05-11 11:07:56 - [TEST_STEP][PASSED] - Statement - switch (id): Finding Test Object with id 'Object Repository/MOH AND GRN/Page_KDMC - CMS/input_txtdeal'

2018-05-11 11:07:56 - [TEST_STEP][PASSED] - Statement - case 4:: Text '19.0' is set on object 'Object Repository/MOH AND GRN/Page_KDMC - CMS/input_txtmrp'

2018-05-11 11:07:56 - [TEST_STEP][PASSED] - Statement - return (java.lang.Math.floor((java.lang.Math.random() * ((max - min) + 1))) + min): Text '19.0' is set on object 'Object Repository/MOH AND GRN/Page_KDMC - CMS/input_txtmrp'

2018-05-11 11:07:56 - [MESSAGE][PASSED] - Text '19.0' is set on object 'Object Repository/MOH AND GRN/Page_KDMC - CMS/input_txtmrp'

2018-05-11 11:07:56 - [TEST_STEP][PASSED] - setText: Finding Test Object with id 'Object Repository/MOH AND GRN/Page_KDMC - CMS/input_txtdeal'

2018-05-11 11:07:56 - [TEST_STEP][PASSED] - Statement - switch (id): Finding Test Object with id 'Object Repository/MOH AND GRN/Page_KDMC - CMS/input_txtbatchno'

2018-05-11 11:07:56 - [TEST_STEP][PASSED] - Statement - case 5:: Text '11.0' is set on object 'Object Repository/MOH AND GRN/Page_KDMC - CMS/input_txtdeal'

2018-05-11 11:07:56 - [TEST_STEP][PASSED] - Statement - return (java.lang.Math.floor((java.lang.Math.random() * ((max - min) + 1))) + min): Text '11.0' is set on object 'Object Repository/MOH AND GRN/Page_KDMC - CMS/input_txtdeal'

2018-05-11 11:07:57 - [MESSAGE][PASSED] - Text '11.0' is set on object 'Object Repository/MOH AND GRN/Page_KDMC - CMS/input_txtdeal'

2018-05-11 11:07:57 - [TEST_STEP][PASSED] - setText: Finding Test Object with id 'Object Repository/MOH AND GRN/Page_KDMC - CMS/input_txtbatchno'

2018-05-11 11:07:57 - [TEST_STEP][PASSED] - Statement - switch (id): Finding Test Object with id 'Object Repository/MOH AND GRN/Page_KDMC - CMS/input_txtmrp'

2018-05-11 11:07:57 - [TEST_STEP][PASSED] - Statement - case 1:: Text 'BA910.0' is set on object 'Object Repository/MOH AND GRN/Page_KDMC - CMS/input_txtbatchno'

2018-05-11 11:07:57 - [TEST_STEP][PASSED] - Statement - return (java.lang.Math.floor((java.lang.Math.random() * ((max - min) + 1))) + min): Text 'BA910.0' is set on object 'Object Repository/MOH AND GRN/Page_KDMC - CMS/input_txtbatchno'

2018-05-11 11:07:57 - [MESSAGE][PASSED] - Text 'BA910.0' is set on object 'Object Repository/MOH AND GRN/Page_KDMC - CMS/input_txtbatchno'

2018-05-11 11:07:57 - [TEST_STEP][PASSED] - rightClick: Object: 'Object Repository/GRN/Page_KDMC - CMS/input_txtexpdate' is right clicked on

2018-05-11 11:07:57 - [MESSAGE][PASSED] - Object: 'Object Repository/GRN/Page_KDMC - CMS/input_txtexpdate' is right clicked on

2018-05-11 11:07:57 - [TEST_STEP][PASSED] - selectOptionByIndex: All options with index in [8] are selected on object 'Object Repository/GRN/Page_KDMC - CMS/select_20182019202020212022202'

2018-05-11 11:07:57 - [MESSAGE][PASSED] - All options with index in [8] are selected on object 'Object Repository/GRN/Page_KDMC - CMS/select_20182019202020212022202'

2018-05-11 11:07:57 - [TEST_STEP][PASSED] - selectOptionByIndex: All options with index in [8] are selected on object 'Object Repository/GRN/Page_KDMC - CMS/select_JanFebMarAprMayJunJulAu'

2018-05-11 11:07:57 - [MESSAGE][PASSED] - All options with index in [8] are selected on object 'Object Repository/GRN/Page_KDMC - CMS/select_JanFebMarAprMayJunJulAu'

2018-05-11 11:07:57 - [TEST_STEP][PASSED] - click: Object: 'Object Repository/MOH AND GRN/Page_KDMC - CMS/a_12' is clicked on

2018-05-11 11:07:57 - [MESSAGE][PASSED] - Object: 'Object Repository/MOH AND GRN/Page_KDMC - CMS/a_12' is clicked on

2018-05-11 11:07:57 - [TEST_STEP][PASSED] - click: Object: 'Object Repository/MOH AND GRN/Page_KDMC - CMS/input_btnadd' is clicked on

2018-05-11 11:07:57 - [MESSAGE][PASSED] - Object: 'Object Repository/MOH AND GRN/Page_KDMC - CMS/input_btnadd' is clicked on

2018-05-11 11:07:57 - [TEST_STEP][PASSED] - Statement - If (s == 10): null

2018-05-11 11:07:57 - [TEST_STEP][PASSED] - Statement - Else: null

2018-05-11 11:07:57 - [TEST_STEP][PASSED] - Statement - (s++): null

2018-05-11 11:07:57 - [TEST_STEP][PASSED] - delay: Delayed 1 second(s)

2018-05-11 11:07:58 - [MESSAGE][PASSED] - Delayed 1 second(s)

2018-05-11 11:07:58 - [TEST_STEP][PASSED] - selectOptionByIndex: All options with index in [9] are selected on object 'Object Repository/MOH AND GRN/Page_KDMC - CMS/select_--Select--Amikacin -500'

2018-05-11 11:07:59 - [MESSAGE][PASSED] - All options with index in [9] are selected on object 'Object Repository/MOH AND GRN/Page_KDMC - CMS/select_--Select--Amikacin -500'

2018-05-11 11:07:59 - [TEST_STEP][PASSED] - setText: Text '50000' is set on object 'Object Repository/MOH AND GRN/Page_KDMC - CMS/input_txtqty'

2018-05-11 11:07:59 - [MESSAGE][PASSED] - Text '50000' is set on object 'Object Repository/MOH AND GRN/Page_KDMC - CMS/input_txtqty'

2018-05-11 11:07:59 - [TEST_STEP][PASSED] - selectOptionByIndex: All options with index in [1] are selected on object 'Object Repository/MOH AND GRN/Page_KDMC - CMS/select_--Select--No Tax0'

2018-05-11 11:07:59 - [MESSAGE][PASSED] - All options with index in [1] are selected on object 'Object Repository/MOH AND GRN/Page_KDMC - CMS/select_--Select--No Tax0'

2018-05-11 11:07:59 - [TEST_STEP][PASSED] - setText: Finding Test Object with id 'Object Repository/MOH AND GRN/Page_KDMC - CMS/input_txtmrp'

2018-05-11 11:07:59 - [TEST_STEP][PASSED] - Statement - switch (id): Finding Test Object with id 'Object Repository/MOH AND GRN/Page_KDMC - CMS/input_txtdeal'

2018-05-11 11:07:59 - [TEST_STEP][PASSED] - Statement - case 4:: Text '26.0' is set on object 'Object Repository/MOH AND GRN/Page_KDMC - CMS/input_txtmrp'

2018-05-11 11:07:59 - [TEST_STEP][PASSED] - Statement - return (java.lang.Math.floor((java.lang.Math.random() * ((max - min) + 1))) + min): Text '26.0' is set on object 'Object Repository/MOH AND GRN/Page_KDMC - CMS/input_txtmrp'

2018-05-11 11:07:59 - [MESSAGE][PASSED] - Text '26.0' is set on object 'Object Repository/MOH AND GRN/Page_KDMC - CMS/input_txtmrp'

2018-05-11 11:07:59 - [TEST_STEP][PASSED] - setText: Finding Test Object with id 'Object Repository/MOH AND GRN/Page_KDMC - CMS/input_txtdeal'

2018-05-11 11:07:59 - [TEST_STEP][PASSED] - Statement - switch (id): Finding Test Object with id 'Object Repository/MOH AND GRN/Page_KDMC - CMS/input_txtbatchno'

2018-05-11 11:07:59 - [TEST_STEP][PASSED] - Statement - case 5:: Text '8.0' is set on object 'Object Repository/MOH AND GRN/Page_KDMC - CMS/input_txtdeal'

2018-05-11 11:07:59 - [TEST_STEP][PASSED] - Statement - return (java.lang.Math.floor((java.lang.Math.random() * ((max - min) + 1))) + min): Text '8.0' is set on object 'Object Repository/MOH AND GRN/Page_KDMC - CMS/input_txtdeal'

2018-05-11 11:07:59 - [MESSAGE][PASSED] - Text '8.0' is set on object 'Object Repository/MOH AND GRN/Page_KDMC - CMS/input_txtdeal'

2018-05-11 11:07:59 - [TEST_STEP][PASSED] - setText: Finding Test Object with id 'Object Repository/MOH AND GRN/Page_KDMC - CMS/input_txtbatchno'

2018-05-11 11:07:59 - [TEST_STEP][PASSED] - Statement - switch (id): Finding Test Object with id 'Object Repository/MOH AND GRN/Page_KDMC - CMS/input_txtmrp'

2018-05-11 11:07:59 - [TEST_STEP][PASSED] - Statement - case 1:: Text 'BA194.0' is set on object 'Object Repository/MOH AND GRN/Page_KDMC - CMS/input_txtbatchno'

2018-05-11 11:07:59 - [TEST_STEP][PASSED] - Statement - return (java.lang.Math.floor((java.lang.Math.random() * ((max - min) + 1))) + min): Text 'BA194.0' is set on object 'Object Repository/MOH AND GRN/Page_KDMC - CMS/input_txtbatchno'

2018-05-11 11:07:59 - [MESSAGE][PASSED] - Text 'BA194.0' is set on object 'Object Repository/MOH AND GRN/Page_KDMC - CMS/input_txtbatchno'

2018-05-11 11:07:59 - [TEST_STEP][PASSED] - rightClick: Object: 'Object Repository/GRN/Page_KDMC - CMS/input_txtexpdate' is right clicked on

2018-05-11 11:07:59 - [MESSAGE][PASSED] - Object: 'Object Repository/GRN/Page_KDMC - CMS/input_txtexpdate' is right clicked on

2018-05-11 11:07:59 - [TEST_STEP][PASSED] - selectOptionByIndex: All options with index in [9] are selected on object 'Object Repository/GRN/Page_KDMC - CMS/select_20182019202020212022202'

2018-05-11 11:07:59 - [MESSAGE][PASSED] - All options with index in [9] are selected on object 'Object Repository/GRN/Page_KDMC - CMS/select_20182019202020212022202'

2018-05-11 11:07:59 - [TEST_STEP][PASSED] - selectOptionByIndex: All options with index in [9] are selected on object 'Object Repository/GRN/Page_KDMC - CMS/select_JanFebMarAprMayJunJulAu'

2018-05-11 11:08:00 - [MESSAGE][PASSED] - All options with index in [9] are selected on object 'Object Repository/GRN/Page_KDMC - CMS/select_JanFebMarAprMayJunJulAu'

2018-05-11 11:08:00 - [TEST_STEP][PASSED] - click: Object: 'Object Repository/MOH AND GRN/Page_KDMC - CMS/a_12' is clicked on

2018-05-11 11:08:00 - [MESSAGE][PASSED] - Object: 'Object Repository/MOH AND GRN/Page_KDMC - CMS/a_12' is clicked on

2018-05-11 11:08:00 - [TEST_STEP][PASSED] - click: Object: 'Object Repository/MOH AND GRN/Page_KDMC - CMS/input_btnadd' is clicked on

2018-05-11 11:08:00 - [MESSAGE][PASSED] - Object: 'Object Repository/MOH AND GRN/Page_KDMC - CMS/input_btnadd' is clicked on

2018-05-11 11:08:00 - [TEST_STEP][PASSED] - Statement - If (s == 10): null

2018-05-11 11:08:00 - [TEST_STEP][PASSED] - Statement - Else: null

2018-05-11 11:08:00 - [TEST_STEP][PASSED] - Statement - (s++): null

2018-05-11 11:08:00 - [TEST_STEP][PASSED] - delay: Delayed 1 second(s)

2018-05-11 11:08:01 - [MESSAGE][PASSED] - Delayed 1 second(s)

2018-05-11 11:08:01 - [TEST_STEP][PASSED] - selectOptionByIndex: All options with index in [10] are selected on object 'Object Repository/MOH AND GRN/Page_KDMC - CMS/select_--Select--Amikacin -500'

2018-05-11 11:08:01 - [MESSAGE][PASSED] - All options with index in [10] are selected on object 'Object Repository/MOH AND GRN/Page_KDMC - CMS/select_--Select--Amikacin -500'

2018-05-11 11:08:01 - [TEST_STEP][PASSED] - setText: Text '50000' is set on object 'Object Repository/MOH AND GRN/Page_KDMC - CMS/input_txtqty'

2018-05-11 11:08:01 - [MESSAGE][PASSED] - Text '50000' is set on object 'Object Repository/MOH AND GRN/Page_KDMC - CMS/input_txtqty'

2018-05-11 11:08:01 - [TEST_STEP][PASSED] - selectOptionByIndex: All options with index in [1] are selected on object 'Object Repository/MOH AND GRN/Page_KDMC - CMS/select_--Select--No Tax0'

2018-05-11 11:08:01 - [MESSAGE][PASSED] - All options with index in [1] are selected on object 'Object Repository/MOH AND GRN/Page_KDMC - CMS/select_--Select--No Tax0'

2018-05-11 11:08:01 - [TEST_STEP][PASSED] - setText: Finding Test Object with id 'Object Repository/MOH AND GRN/Page_KDMC - CMS/input_txtmrp'

2018-05-11 11:08:01 - [TEST_STEP][PASSED] - Statement - switch (id): Finding Test Object with id 'Object Repository/MOH AND GRN/Page_KDMC - CMS/input_txtdeal'

2018-05-11 11:08:01 - [TEST_STEP][PASSED] - Statement - case 4:: Text '36.0' is set on object 'Object Repository/MOH AND GRN/Page_KDMC - CMS/input_txtmrp'

2018-05-11 11:08:01 - [TEST_STEP][PASSED] - Statement - return (java.lang.Math.floor((java.lang.Math.random() * ((max - min) + 1))) + min): Text '36.0' is set on object 'Object Repository/MOH AND GRN/Page_KDMC - CMS/input_txtmrp'

2018-05-11 11:08:01 - [MESSAGE][PASSED] - Text '36.0' is set on object 'Object Repository/MOH AND GRN/Page_KDMC - CMS/input_txtmrp'

2018-05-11 11:08:01 - [TEST_STEP][PASSED] - setText: Finding Test Object with id 'Object Repository/MOH AND GRN/Page_KDMC - CMS/input_txtdeal'

2018-05-11 11:08:01 - [TEST_STEP][PASSED] - Statement - switch (id): Finding Test Object with id 'Object Repository/MOH AND GRN/Page_KDMC - CMS/input_txtbatchno'

2018-05-11 11:08:01 - [TEST_STEP][PASSED] - Statement - case 5:: Text '1.0' is set on object 'Object Repository/MOH AND GRN/Page_KDMC - CMS/input_txtdeal'

2018-05-11 11:08:01 - [TEST_STEP][PASSED] - Statement - return (java.lang.Math.floor((java.lang.Math.random() * ((max - min) + 1))) + min): Text '1.0' is set on object 'Object Repository/MOH AND GRN/Page_KDMC - CMS/input_txtdeal'

2018-05-11 11:08:02 - [MESSAGE][PASSED] - Text '1.0' is set on object 'Object Repository/MOH AND GRN/Page_KDMC - CMS/input_txtdeal'

2018-05-11 11:08:02 - [TEST_STEP][PASSED] - setText: Finding Test Object with id 'Object Repository/MOH AND GRN/Page_KDMC - CMS/input_txtbatchno'

2018-05-11 11:08:02 - [TEST_STEP][PASSED] - Statement - switch (id): Finding Test Object with id 'Object Repository/MOH AND GRN/Page_KDMC - CMS/input_txtmrp'

2018-05-11 11:08:02 - [TEST_STEP][PASSED] - Statement - case 1:: Text 'BA645.0' is set on object 'Object Repository/MOH AND GRN/Page_KDMC - CMS/input_txtbatchno'

2018-05-11 11:08:02 - [TEST_STEP][PASSED] - Statement - return (java.lang.Math.floor((java.lang.Math.random() * ((max - min) + 1))) + min): Text 'BA645.0' is set on object 'Object Repository/MOH AND GRN/Page_KDMC - CMS/input_txtbatchno'

2018-05-11 11:08:02 - [MESSAGE][PASSED] - Text 'BA645.0' is set on object 'Object Repository/MOH AND GRN/Page_KDMC - CMS/input_txtbatchno'

2018-05-11 11:08:02 - [TEST_STEP][PASSED] - rightClick: Object: 'Object Repository/GRN/Page_KDMC - CMS/input_txtexpdate' is right clicked on

2018-05-11 11:08:02 - [MESSAGE][PASSED] - Object: 'Object Repository/GRN/Page_KDMC - CMS/input_txtexpdate' is right clicked on

2018-05-11 11:08:02 - [TEST_STEP][PASSED] - selectOptionByIndex: All options with index in [10] are selected on object 'Object Repository/GRN/Page_KDMC - CMS/select_20182019202020212022202'

2018-05-11 11:08:02 - [MESSAGE][PASSED] - All options with index in [10] are selected on object 'Object Repository/GRN/Page_KDMC - CMS/select_20182019202020212022202'

2018-05-11 11:08:02 - [TEST_STEP][PASSED] - selectOptionByIndex: All options with index in [10] are selected on object 'Object Repository/GRN/Page_KDMC - CMS/select_JanFebMarAprMayJunJulAu'

2018-05-11 11:08:02 - [MESSAGE][PASSED] - All options with index in [10] are selected on object 'Object Repository/GRN/Page_KDMC - CMS/select_JanFebMarAprMayJunJulAu'

2018-05-11 11:08:02 - [TEST_STEP][PASSED] - click: Object: 'Object Repository/MOH AND GRN/Page_KDMC - CMS/a_12' is clicked on

2018-05-11 11:08:02 - [MESSAGE][PASSED] - Object: 'Object Repository/MOH AND GRN/Page_KDMC - CMS/a_12' is clicked on

2018-05-11 11:08:02 - [TEST_STEP][PASSED] - click: Object: 'Object Repository/MOH AND GRN/Page_KDMC - CMS/input_btnadd' is clicked on

2018-05-11 11:08:02 - [MESSAGE][PASSED] - Object: 'Object Repository/MOH AND GRN/Page_KDMC - CMS/input_btnadd' is clicked on

2018-05-11 11:08:02 - [TEST_STEP][PASSED] - Statement - If (s == 10): null

2018-05-11 11:08:02 - [TEST_STEP][PASSED] - Statement - s = 1: null

2018-05-11 11:08:02 - [TEST_STEP][PASSED] - delay: Delayed 1 second(s)

2018-05-11 11:08:03 - [MESSAGE][PASSED] - Delayed 1 second(s)

2018-05-11 11:08:03 - [TEST_STEP][PASSED] - selectOptionByIndex: All options with index in [11] are selected on object 'Object Repository/MOH AND GRN/Page_KDMC - CMS/select_--Select--Amikacin -500'

2018-05-11 11:08:04 - [MESSAGE][PASSED] - All options with index in [11] are selected on object 'Object Repository/MOH AND GRN/Page_KDMC - CMS/select_--Select--Amikacin -500'

2018-05-11 11:08:04 - [TEST_STEP][PASSED] - setText: Text '50000' is set on object 'Object Repository/MOH AND GRN/Page_KDMC - CMS/input_txtqty'

2018-05-11 11:08:04 - [MESSAGE][PASSED] - Text '50000' is set on object 'Object Repository/MOH AND GRN/Page_KDMC - CMS/input_txtqty'

2018-05-11 11:08:04 - [TEST_STEP][PASSED] - selectOptionByIndex: All options with index in [1] are selected on object 'Object Repository/MOH AND GRN/Page_KDMC - CMS/select_--Select--No Tax0'

2018-05-11 11:08:04 - [MESSAGE][PASSED] - All options with index in [1] are selected on object 'Object Repository/MOH AND GRN/Page_KDMC - CMS/select_--Select--No Tax0'

2018-05-11 11:08:04 - [TEST_STEP][PASSED] - setText: Finding Test Object with id 'Object Repository/MOH AND GRN/Page_KDMC - CMS/input_txtmrp'

2018-05-11 11:08:04 - [TEST_STEP][PASSED] - Statement - switch (id): Finding Test Object with id 'Object Repository/MOH AND GRN/Page_KDMC - CMS/input_txtdeal'

2018-05-11 11:08:04 - [TEST_STEP][PASSED] - Statement - case 4:: Text '33.0' is set on object 'Object Repository/MOH AND GRN/Page_KDMC - CMS/input_txtmrp'

2018-05-11 11:08:04 - [TEST_STEP][PASSED] - Statement - return (java.lang.Math.floor((java.lang.Math.random() * ((max - min) + 1))) + min): Text '33.0' is set on object 'Object Repository/MOH AND GRN/Page_KDMC - CMS/input_txtmrp'

2018-05-11 11:08:04 - [MESSAGE][PASSED] - Text '33.0' is set on object 'Object Repository/MOH AND GRN/Page_KDMC - CMS/input_txtmrp'

2018-05-11 11:08:04 - [TEST_STEP][PASSED] - setText: Finding Test Object with id 'Object Repository/MOH AND GRN/Page_KDMC - CMS/input_txtdeal'

2018-05-11 11:08:04 - [TEST_STEP][PASSED] - Statement - switch (id): Finding Test Object with id 'Object Repository/MOH AND GRN/Page_KDMC - CMS/input_txtbatchno'

2018-05-11 11:08:04 - [TEST_STEP][PASSED] - Statement - case 5:: Text '8.0' is set on object 'Object Repository/MOH AND GRN/Page_KDMC - CMS/input_txtdeal'

2018-05-11 11:08:04 - [TEST_STEP][PASSED] - Statement - return (java.lang.Math.floor((java.lang.Math.random() * ((max - min) + 1))) + min): Text '8.0' is set on object 'Object Repository/MOH AND GRN/Page_KDMC - CMS/input_txtdeal'

2018-05-11 11:08:04 - [MESSAGE][PASSED] - Text '8.0' is set on object 'Object Repository/MOH AND GRN/Page_KDMC - CMS/input_txtdeal'

2018-05-11 11:08:04 - [TEST_STEP][PASSED] - setText: Finding Test Object with id 'Object Repository/MOH AND GRN/Page_KDMC - CMS/input_txtbatchno'

2018-05-11 11:08:04 - [TEST_STEP][PASSED] - Statement - switch (id): Finding Test Object with id 'Object Repository/MOH AND GRN/Page_KDMC - CMS/input_txtmrp'

2018-05-11 11:08:04 - [TEST_STEP][PASSED] - Statement - case 1:: Text 'BA993.0' is set on object 'Object Repository/MOH AND GRN/Page_KDMC - CMS/input_txtbatchno'

2018-05-11 11:08:04 - [TEST_STEP][PASSED] - Statement - return (java.lang.Math.floor((java.lang.Math.random() * ((max - min) + 1))) + min): Text 'BA993.0' is set on object 'Object Repository/MOH AND GRN/Page_KDMC - CMS/input_txtbatchno'

2018-05-11 11:08:04 - [MESSAGE][PASSED] - Text 'BA993.0' is set on object 'Object Repository/MOH AND GRN/Page_KDMC - CMS/input_txtbatchno'

2018-05-11 11:08:04 - [TEST_STEP][PASSED] - rightClick: Object: 'Object Repository/GRN/Page_KDMC - CMS/input_txtexpdate' is right clicked on

2018-05-11 11:08:04 - [MESSAGE][PASSED] - Object: 'Object Repository/GRN/Page_KDMC - CMS/input_txtexpdate' is right clicked on

2018-05-11 11:08:04 - [TEST_STEP][PASSED] - selectOptionByIndex: All options with index in [1] are selected on object 'Object Repository/GRN/Page_KDMC - CMS/select_20182019202020212022202'

2018-05-11 11:08:04 - [MESSAGE][PASSED] - All options with index in [1] are selected on object 'Object Repository/GRN/Page_KDMC - CMS/select_20182019202020212022202'

2018-05-11 11:08:04 - [TEST_STEP][PASSED] - selectOptionByIndex: All options with index in [1] are selected on object 'Object Repository/GRN/Page_KDMC - CMS/select_JanFebMarAprMayJunJulAu'

2018-05-11 11:08:04 - [MESSAGE][PASSED] - All options with index in [1] are selected on object 'Object Repository/GRN/Page_KDMC - CMS/select_JanFebMarAprMayJunJulAu'

2018-05-11 11:08:04 - [TEST_STEP][PASSED] - click: Object: 'Object Repository/MOH AND GRN/Page_KDMC - CMS/a_12' is clicked on

2018-05-11 11:08:05 - [MESSAGE][PASSED] - Object: 'Object Repository/MOH AND GRN/Page_KDMC - CMS/a_12' is clicked on

2018-05-11 11:08:05 - [TEST_STEP][PASSED] - click: Object: 'Object Repository/MOH AND GRN/Page_KDMC - CMS/input_btnadd' is clicked on

2018-05-11 11:08:05 - [MESSAGE][PASSED] - Object: 'Object Repository/MOH AND GRN/Page_KDMC - CMS/input_btnadd' is clicked on

2018-05-11 11:08:05 - [TEST_STEP][PASSED] - Statement - If (s == 10): null

2018-05-11 11:08:05 - [TEST_STEP][PASSED] - Statement - Else: null

2018-05-11 11:08:05 - [TEST_STEP][PASSED] - Statement - (s++): null

2018-05-11 11:08:05 - [TEST_STEP][PASSED] - delay: Delayed 1 second(s)

2018-05-11 11:08:06 - [MESSAGE][PASSED] - Delayed 1 second(s)

2018-05-11 11:08:06 - [TEST_STEP][PASSED] - selectOptionByIndex: All options with index in [12] are selected on object 'Object Repository/MOH AND GRN/Page_KDMC - CMS/select_--Select--Amikacin -500'

2018-05-11 11:08:06 - [MESSAGE][PASSED] - All options with index in [12] are selected on object 'Object Repository/MOH AND GRN/Page_KDMC - CMS/select_--Select--Amikacin -500'

2018-05-11 11:08:06 - [TEST_STEP][PASSED] - setText: Text '50000' is set on object 'Object Repository/MOH AND GRN/Page_KDMC - CMS/input_txtqty'

2018-05-11 11:08:06 - [MESSAGE][PASSED] - Text '50000' is set on object 'Object Repository/MOH AND GRN/Page_KDMC - CMS/input_txtqty'

2018-05-11 11:08:06 - [TEST_STEP][PASSED] - selectOptionByIndex: All options with index in [1] are selected on object 'Object Repository/MOH AND GRN/Page_KDMC - CMS/select_--Select--No Tax0'

2018-05-11 11:08:06 - [MESSAGE][PASSED] - All options with index in [1] are selected on object 'Object Repository/MOH AND GRN/Page_KDMC - CMS/select_--Select--No Tax0'

2018-05-11 11:08:06 - [TEST_STEP][PASSED] - setText: Finding Test Object with id 'Object Repository/MOH AND GRN/Page_KDMC - CMS/input_txtmrp'

2018-05-11 11:08:06 - [TEST_STEP][PASSED] - Statement - switch (id): Finding Test Object with id 'Object Repository/MOH AND GRN/Page_KDMC - CMS/input_txtdeal'

2018-05-11 11:08:06 - [TEST_STEP][PASSED] - Statement - case 4:: Text '25.0' is set on object 'Object Repository/MOH AND GRN/Page_KDMC - CMS/input_txtmrp'

2018-05-11 11:08:06 - [TEST_STEP][PASSED] - Statement - return (java.lang.Math.floor((java.lang.Math.random() * ((max - min) + 1))) + min): Text '25.0' is set on object 'Object Repository/MOH AND GRN/Page_KDMC - CMS/input_txtmrp'

2018-05-11 11:08:06 - [MESSAGE][PASSED] - Text '25.0' is set on object 'Object Repository/MOH AND GRN/Page_KDMC - CMS/input_txtmrp'

2018-05-11 11:08:06 - [TEST_STEP][PASSED] - setText: Finding Test Object with id 'Object Repository/MOH AND GRN/Page_KDMC - CMS/input_txtdeal'

2018-05-11 11:08:06 - [TEST_STEP][PASSED] - Statement - switch (id): Finding Test Object with id 'Object Repository/MOH AND GRN/Page_KDMC - CMS/input_txtbatchno'

2018-05-11 11:08:06 - [TEST_STEP][PASSED] - Statement - case 5:: Text '4.0' is set on object 'Object Repository/MOH AND GRN/Page_KDMC - CMS/input_txtdeal'

2018-05-11 11:08:06 - [TEST_STEP][PASSED] - Statement - return (java.lang.Math.floor((java.lang.Math.random() * ((max - min) + 1))) + min): Text '4.0' is set on object 'Object Repository/MOH AND GRN/Page_KDMC - CMS/input_txtdeal'

2018-05-11 11:08:06 - [MESSAGE][PASSED] - Text '4.0' is set on object 'Object Repository/MOH AND GRN/Page_KDMC - CMS/input_txtdeal'

2018-05-11 11:08:06 - [TEST_STEP][PASSED] - setText: Finding Test Object with id 'Object Repository/MOH AND GRN/Page_KDMC - CMS/input_txtbatchno'

2018-05-11 11:08:06 - [TEST_STEP][PASSED] - Statement - switch (id): Finding Test Object with id 'Object Repository/MOH AND GRN/Page_KDMC - CMS/input_txtmrp'

2018-05-11 11:08:06 - [TEST_STEP][PASSED] - Statement - case 1:: Text 'BA356.0' is set on object 'Object Repository/MOH AND GRN/Page_KDMC - CMS/input_txtbatchno'

2018-05-11 11:08:06 - [TEST_STEP][PASSED] - Statement - return (java.lang.Math.floor((java.lang.Math.random() * ((max - min) + 1))) + min): Text 'BA356.0' is set on object 'Object Repository/MOH AND GRN/Page_KDMC - CMS/input_txtbatchno'

2018-05-11 11:08:06 - [MESSAGE][PASSED] - Text 'BA356.0' is set on object 'Object Repository/MOH AND GRN/Page_KDMC - CMS/input_txtbatchno'

2018-05-11 11:08:06 - [TEST_STEP][PASSED] - rightClick: Object: 'Object Repository/GRN/Page_KDMC - CMS/input_txtexpdate' is right clicked on

2018-05-11 11:08:06 - [MESSAGE][PASSED] - Object: 'Object Repository/GRN/Page_KDMC - CMS/input_txtexpdate' is right clicked on

2018-05-11 11:08:06 - [TEST_STEP][PASSED] - selectOptionByIndex: All options with index in [2] are selected on object 'Object Repository/GRN/Page_KDMC - CMS/select_20182019202020212022202'

2018-05-11 11:08:07 - [MESSAGE][PASSED] - All options with index in [2] are selected on object 'Object Repository/GRN/Page_KDMC - CMS/select_20182019202020212022202'

2018-05-11 11:08:07 - [TEST_STEP][PASSED] - selectOptionByIndex: All options with index in [2] are selected on object 'Object Repository/GRN/Page_KDMC - CMS/select_JanFebMarAprMayJunJulAu'

2018-05-11 11:08:07 - [MESSAGE][PASSED] - All options with index in [2] are selected on object 'Object Repository/GRN/Page_KDMC - CMS/select_JanFebMarAprMayJunJulAu'

2018-05-11 11:08:07 - [TEST_STEP][PASSED] - click: Object: 'Object Repository/MOH AND GRN/Page_KDMC - CMS/a_12' is clicked on

2018-05-11 11:08:07 - [MESSAGE][PASSED] - Object: 'Object Repository/MOH AND GRN/Page_KDMC - CMS/a_12' is clicked on

2018-05-11 11:08:07 - [TEST_STEP][PASSED] - click: Object: 'Object Repository/MOH AND GRN/Page_KDMC - CMS/input_btnadd' is clicked on

2018-05-11 11:08:07 - [MESSAGE][PASSED] - Object: 'Object Repository/MOH AND GRN/Page_KDMC - CMS/input_btnadd' is clicked on

2018-05-11 11:08:07 - [TEST_STEP][PASSED] - Statement - If (s == 10): null

2018-05-11 11:08:07 - [TEST_STEP][PASSED] - Statement - Else: null

2018-05-11 11:08:07 - [TEST_STEP][PASSED] - Statement - (s++): null

2018-05-11 11:08:07 - [TEST_STEP][PASSED] - delay: Delayed 1 second(s)

2018-05-11 11:08:08 - [MESSAGE][PASSED] - Delayed 1 second(s)

2018-05-11 11:08:08 - [TEST_STEP][PASSED] - selectOptionByIndex: All options with index in [13] are selected on object 'Object Repository/MOH AND GRN/Page_KDMC - CMS/select_--Select--Amikacin -500'

2018-05-11 11:08:08 - [MESSAGE][PASSED] - All options with index in [13] are selected on object 'Object Repository/MOH AND GRN/Page_KDMC - CMS/select_--Select--Amikacin -500'

2018-05-11 11:08:08 - [TEST_STEP][PASSED] - setText: Text '50000' is set on object 'Object Repository/MOH AND GRN/Page_KDMC - CMS/input_txtqty'

2018-05-11 11:08:08 - [MESSAGE][PASSED] - Text '50000' is set on object 'Object Repository/MOH AND GRN/Page_KDMC - CMS/input_txtqty'

2018-05-11 11:08:08 - [TEST_STEP][PASSED] - selectOptionByIndex: All options with index in [1] are selected on object 'Object Repository/MOH AND GRN/Page_KDMC - CMS/select_--Select--No Tax0'

2018-05-11 11:08:08 - [MESSAGE][PASSED] - All options with index in [1] are selected on object 'Object Repository/MOH AND GRN/Page_KDMC - CMS/select_--Select--No Tax0'

2018-05-11 11:08:08 - [TEST_STEP][PASSED] - setText: Finding Test Object with id 'Object Repository/MOH AND GRN/Page_KDMC - CMS/input_txtmrp'

2018-05-11 11:08:08 - [TEST_STEP][PASSED] - Statement - switch (id): Finding Test Object with id 'Object Repository/MOH AND GRN/Page_KDMC - CMS/input_txtdeal'

2018-05-11 11:08:08 - [TEST_STEP][PASSED] - Statement - case 4:: Text '29.0' is set on object 'Object Repository/MOH AND GRN/Page_KDMC - CMS/input_txtmrp'

2018-05-11 11:08:08 - [TEST_STEP][PASSED] - Statement - return (java.lang.Math.floor((java.lang.Math.random() * ((max - min) + 1))) + min): Text '29.0' is set on object 'Object Repository/MOH AND GRN/Page_KDMC - CMS/input_txtmrp'

2018-05-11 11:08:09 - [MESSAGE][PASSED] - Text '29.0' is set on object 'Object Repository/MOH AND GRN/Page_KDMC - CMS/input_txtmrp'

2018-05-11 11:08:09 - [TEST_STEP][PASSED] - setText: Finding Test Object with id 'Object Repository/MOH AND GRN/Page_KDMC - CMS/input_txtdeal'

2018-05-11 11:08:09 - [TEST_STEP][PASSED] - Statement - switch (id): Finding Test Object with id 'Object Repository/MOH AND GRN/Page_KDMC - CMS/input_txtbatchno'

2018-05-11 11:08:09 - [TEST_STEP][PASSED] - Statement - case 5:: Text '4.0' is set on object 'Object Repository/MOH AND GRN/Page_KDMC - CMS/input_txtdeal'

2018-05-11 11:08:09 - [TEST_STEP][PASSED] - Statement - return (java.lang.Math.floor((java.lang.Math.random() * ((max - min) + 1))) + min): Text '4.0' is set on object 'Object Repository/MOH AND GRN/Page_KDMC - CMS/input_txtdeal'

2018-05-11 11:08:09 - [MESSAGE][PASSED] - Text '4.0' is set on object 'Object Repository/MOH AND GRN/Page_KDMC - CMS/input_txtdeal'

2018-05-11 11:08:09 - [TEST_STEP][PASSED] - setText: Finding Test Object with id 'Object Repository/MOH AND GRN/Page_KDMC - CMS/input_txtbatchno'

2018-05-11 11:08:09 - [TEST_STEP][PASSED] - Statement - switch (id): Finding Test Object with id 'Object Repository/MOH AND GRN/Page_KDMC - CMS/input_txtmrp'

2018-05-11 11:08:09 - [TEST_STEP][PASSED] - Statement - case 1:: Text 'BA117.0' is set on object 'Object Repository/MOH AND GRN/Page_KDMC - CMS/input_txtbatchno'

2018-05-11 11:08:09 - [TEST_STEP][PASSED] - Statement - return (java.lang.Math.floor((java.lang.Math.random() * ((max - min) + 1))) + min): Text 'BA117.0' is set on object 'Object Repository/MOH AND GRN/Page_KDMC - CMS/input_txtbatchno'

2018-05-11 11:08:09 - [MESSAGE][PASSED] - Text 'BA117.0' is set on object 'Object Repository/MOH AND GRN/Page_KDMC - CMS/input_txtbatchno'

2018-05-11 11:08:09 - [TEST_STEP][PASSED] - rightClick: Object: 'Object Repository/GRN/Page_KDMC - CMS/input_txtexpdate' is right clicked on

2018-05-11 11:08:09 - [MESSAGE][PASSED] - Object: 'Object Repository/GRN/Page_KDMC - CMS/input_txtexpdate' is right clicked on

2018-05-11 11:08:09 - [TEST_STEP][PASSED] - selectOptionByIndex: All options with index in [3] are selected on object 'Object Repository/GRN/Page_KDMC - CMS/select_20182019202020212022202'

2018-05-11 11:08:09 - [MESSAGE][PASSED] - All options with index in [3] are selected on object 'Object Repository/GRN/Page_KDMC - CMS/select_20182019202020212022202'

2018-05-11 11:08:09 - [TEST_STEP][PASSED] - selectOptionByIndex: All options with index in [3] are selected on object 'Object Repository/GRN/Page_KDMC - CMS/select_JanFebMarAprMayJunJulAu'

2018-05-11 11:08:09 - [MESSAGE][PASSED] - All options with index in [3] are selected on object 'Object Repository/GRN/Page_KDMC - CMS/select_JanFebMarAprMayJunJulAu'

2018-05-11 11:08:09 - [TEST_STEP][PASSED] - click: Object: 'Object Repository/MOH AND GRN/Page_KDMC - CMS/a_12' is clicked on

2018-05-11 11:08:09 - [MESSAGE][PASSED] - Object: 'Object Repository/MOH AND GRN/Page_KDMC - CMS/a_12' is clicked on

2018-05-11 11:08:09 - [TEST_STEP][PASSED] - click: Object: 'Object Repository/MOH AND GRN/Page_KDMC - CMS/input_btnadd' is clicked on

2018-05-11 11:08:09 - [MESSAGE][PASSED] - Object: 'Object Repository/MOH AND GRN/Page_KDMC - CMS/input_btnadd' is clicked on

2018-05-11 11:08:09 - [TEST_STEP][PASSED] - Statement - If (s == 10): null

2018-05-11 11:08:09 - [TEST_STEP][PASSED] - Statement - Else: null

2018-05-11 11:08:09 - [TEST_STEP][PASSED] - Statement - (s++): null

2018-05-11 11:08:09 - [TEST_STEP][PASSED] - delay: Delayed 1 second(s)

2018-05-11 11:08:10 - [MESSAGE][PASSED] - Delayed 1 second(s)

2018-05-11 11:08:10 - [TEST_STEP][PASSED] - selectOptionByIndex: All options with index in [14] are selected on object 'Object Repository/MOH AND GRN/Page_KDMC - CMS/select_--Select--Amikacin -500'

2018-05-11 11:08:11 - [MESSAGE][PASSED] - All options with index in [14] are selected on object 'Object Repository/MOH AND GRN/Page_KDMC - CMS/select_--Select--Amikacin -500'

2018-05-11 11:08:11 - [TEST_STEP][PASSED] - setText: Text '50000' is set on object 'Object Repository/MOH AND GRN/Page_KDMC - CMS/input_txtqty'

2018-05-11 11:08:11 - [MESSAGE][PASSED] - Text '50000' is set on object 'Object Repository/MOH AND GRN/Page_KDMC - CMS/input_txtqty'

2018-05-11 11:08:11 - [TEST_STEP][PASSED] - selectOptionByIndex: All options with index in [1] are selected on object 'Object Repository/MOH AND GRN/Page_KDMC - CMS/select_--Select--No Tax0'

2018-05-11 11:08:11 - [MESSAGE][PASSED] - All options with index in [1] are selected on object 'Object Repository/MOH AND GRN/Page_KDMC - CMS/select_--Select--No Tax0'

2018-05-11 11:08:11 - [TEST_STEP][PASSED] - setText: Finding Test Object with id 'Object Repository/MOH AND GRN/Page_KDMC - CMS/input_txtmrp'

2018-05-11 11:08:11 - [TEST_STEP][PASSED] - Statement - switch (id): Finding Test Object with id 'Object Repository/MOH AND GRN/Page_KDMC - CMS/input_txtdeal'

2018-05-11 11:08:11 - [TEST_STEP][PASSED] - Statement - case 4:: Text '45.0' is set on object 'Object Repository/MOH AND GRN/Page_KDMC - CMS/input_txtmrp'

2018-05-11 11:08:11 - [TEST_STEP][PASSED] - Statement - return (java.lang.Math.floor((java.lang.Math.random() * ((max - min) + 1))) + min): Text '45.0' is set on object 'Object Repository/MOH AND GRN/Page_KDMC - CMS/input_txtmrp'

2018-05-11 11:08:11 - [MESSAGE][PASSED] - Text '45.0' is set on object 'Object Repository/MOH AND GRN/Page_KDMC - CMS/input_txtmrp'

2018-05-11 11:08:11 - [TEST_STEP][PASSED] - setText: Finding Test Object with id 'Object Repository/MOH AND GRN/Page_KDMC - CMS/input_txtdeal'

2018-05-11 11:08:11 - [TEST_STEP][PASSED] - Statement - switch (id): Finding Test Object with id 'Object Repository/MOH AND GRN/Page_KDMC - CMS/input_txtbatchno'

2018-05-11 11:08:11 - [TEST_STEP][PASSED] - Statement - case 5:: Text '1.0' is set on object 'Object Repository/MOH AND GRN/Page_KDMC - CMS/input_txtdeal'

2018-05-11 11:08:11 - [TEST_STEP][PASSED] - Statement - return (java.lang.Math.floor((java.lang.Math.random() * ((max - min) + 1))) + min): Text '1.0' is set on object 'Object Repository/MOH AND GRN/Page_KDMC - CMS/input_txtdeal'

2018-05-11 11:08:11 - [MESSAGE][PASSED] - Text '1.0' is set on object 'Object Repository/MOH AND GRN/Page_KDMC - CMS/input_txtdeal'

2018-05-11 11:08:11 - [TEST_STEP][PASSED] - setText: Finding Test Object with id 'Object Repository/MOH AND GRN/Page_KDMC - CMS/input_txtbatchno'

2018-05-11 11:08:11 - [TEST_STEP][PASSED] - Statement - switch (id): Finding Test Object with id 'Object Repository/MOH AND GRN/Page_KDMC - CMS/input_txtmrp'

2018-05-11 11:08:11 - [TEST_STEP][PASSED] - Statement - case 1:: Text 'BA988.0' is set on object 'Object Repository/MOH AND GRN/Page_KDMC - CMS/input_txtbatchno'

2018-05-11 11:08:11 - [TEST_STEP][PASSED] - Statement - return (java.lang.Math.floor((java.lang.Math.random() * ((max - min) + 1))) + min): Text 'BA988.0' is set on object 'Object Repository/MOH AND GRN/Page_KDMC - CMS/input_txtbatchno'

2018-05-11 11:08:11 - [MESSAGE][PASSED] - Text 'BA988.0' is set on object 'Object Repository/MOH AND GRN/Page_KDMC - CMS/input_txtbatchno'

2018-05-11 11:08:11 - [TEST_STEP][PASSED] - rightClick: Object: 'Object Repository/GRN/Page_KDMC - CMS/input_txtexpdate' is right clicked on

2018-05-11 11:08:11 - [MESSAGE][PASSED] - Object: 'Object Repository/GRN/Page_KDMC - CMS/input_txtexpdate' is right clicked on

2018-05-11 11:08:11 - [TEST_STEP][PASSED] - selectOptionByIndex: All options with index in [4] are selected on object 'Object Repository/GRN/Page_KDMC - CMS/select_20182019202020212022202'

2018-05-11 11:08:11 - [MESSAGE][PASSED] - All options with index in [4] are selected on object 'Object Repository/GRN/Page_KDMC - CMS/select_20182019202020212022202'

2018-05-11 11:08:11 - [TEST_STEP][PASSED] - selectOptionByIndex: All options with index in [4] are selected on object 'Object Repository/GRN/Page_KDMC - CMS/select_JanFebMarAprMayJunJulAu'

2018-05-11 11:08:11 - [MESSAGE][PASSED] - All options with index in [4] are selected on object 'Object Repository/GRN/Page_KDMC - CMS/select_JanFebMarAprMayJunJulAu'

2018-05-11 11:08:11 - [TEST_STEP][PASSED] - click: Object: 'Object Repository/MOH AND GRN/Page_KDMC - CMS/a_12' is clicked on

2018-05-11 11:08:12 - [MESSAGE][PASSED] - Object: 'Object Repository/MOH AND GRN/Page_KDMC - CMS/a_12' is clicked on

2018-05-11 11:08:12 - [TEST_STEP][PASSED] - click: Object: 'Object Repository/MOH AND GRN/Page_KDMC - CMS/input_btnadd' is clicked on

2018-05-11 11:08:12 - [MESSAGE][PASSED] - Object: 'Object Repository/MOH AND GRN/Page_KDMC - CMS/input_btnadd' is clicked on

2018-05-11 11:08:12 - [TEST_STEP][PASSED] - Statement - If (s == 10): null

2018-05-11 11:08:12 - [TEST_STEP][PASSED] - Statement - Else: null

2018-05-11 11:08:12 - [TEST_STEP][PASSED] - Statement - (s++): null

2018-05-11 11:08:12 - [TEST_STEP][PASSED] - delay: Delayed 1 second(s)

2018-05-11 11:08:13 - [MESSAGE][PASSED] - Delayed 1 second(s)

2018-05-11 11:08:13 - [TEST_STEP][PASSED] - selectOptionByIndex: All options with index in [15] are selected on object 'Object Repository/MOH AND GRN/Page_KDMC - CMS/select_--Select--Amikacin -500'

2018-05-11 11:08:13 - [MESSAGE][PASSED] - All options with index in [15] are selected on object 'Object Repository/MOH AND GRN/Page_KDMC - CMS/select_--Select--Amikacin -500'

2018-05-11 11:08:13 - [TEST_STEP][PASSED] - setText: Text '50000' is set on object 'Object Repository/MOH AND GRN/Page_KDMC - CMS/input_txtqty'

2018-05-11 11:08:13 - [MESSAGE][PASSED] - Text '50000' is set on object 'Object Repository/MOH AND GRN/Page_KDMC - CMS/input_txtqty'

2018-05-11 11:08:13 - [TEST_STEP][PASSED] - selectOptionByIndex: All options with index in [1] are selected on object 'Object Repository/MOH AND GRN/Page_KDMC - CMS/select_--Select--No Tax0'

2018-05-11 11:08:13 - [MESSAGE][PASSED] - All options with index in [1] are selected on object 'Object Repository/MOH AND GRN/Page_KDMC - CMS/select_--Select--No Tax0'

2018-05-11 11:08:13 - [TEST_STEP][PASSED] - setText: Finding Test Object with id 'Object Repository/MOH AND GRN/Page_KDMC - CMS/input_txtmrp'

2018-05-11 11:08:13 - [TEST_STEP][PASSED] - Statement - switch (id): Finding Test Object with id 'Object Repository/MOH AND GRN/Page_KDMC - CMS/input_txtdeal'

2018-05-11 11:08:13 - [TEST_STEP][PASSED] - Statement - case 4:: Text '37.0' is set on object 'Object Repository/MOH AND GRN/Page_KDMC - CMS/input_txtmrp'

2018-05-11 11:08:13 - [TEST_STEP][PASSED] - Statement - return (java.lang.Math.floor((java.lang.Math.random() * ((max - min) + 1))) + min): Text '37.0' is set on object 'Object Repository/MOH AND GRN/Page_KDMC - CMS/input_txtmrp'

2018-05-11 11:08:13 - [MESSAGE][PASSED] - Text '37.0' is set on object 'Object Repository/MOH AND GRN/Page_KDMC - CMS/input_txtmrp'

2018-05-11 11:08:13 - [TEST_STEP][PASSED] - setText: Finding Test Object with id 'Object Repository/MOH AND GRN/Page_KDMC - CMS/input_txtdeal'

2018-05-11 11:08:13 - [TEST_STEP][PASSED] - Statement - switch (id): Finding Test Object with id 'Object Repository/MOH AND GRN/Page_KDMC - CMS/input_txtbatchno'

2018-05-11 11:08:13 - [TEST_STEP][PASSED] - Statement - case 5:: Text '10.0' is set on object 'Object Repository/MOH AND GRN/Page_KDMC - CMS/input_txtdeal'

2018-05-11 11:08:13 - [TEST_STEP][PASSED] - Statement - return (java.lang.Math.floor((java.lang.Math.random() * ((max - min) + 1))) + min): Text '10.0' is set on object 'Object Repository/MOH AND GRN/Page_KDMC - CMS/input_txtdeal'

2018-05-11 11:08:13 - [MESSAGE][PASSED] - Text '10.0' is set on object 'Object Repository/MOH AND GRN/Page_KDMC - CMS/input_txtdeal'

2018-05-11 11:08:13 - [TEST_STEP][PASSED] - setText: Finding Test Object with id 'Object Repository/MOH AND GRN/Page_KDMC - CMS/input_txtbatchno'

2018-05-11 11:08:13 - [TEST_STEP][PASSED] - Statement - switch (id): Finding Test Object with id 'Object Repository/MOH AND GRN/Page_KDMC - CMS/input_txtmrp'

2018-05-11 11:08:13 - [TEST_STEP][PASSED] - Statement - case 1:: Text 'BA689.0' is set on object 'Object Repository/MOH AND GRN/Page_KDMC - CMS/input_txtbatchno'

2018-05-11 11:08:13 - [TEST_STEP][PASSED] - Statement - return (java.lang.Math.floor((java.lang.Math.random() * ((max - min) + 1))) + min): Text 'BA689.0' is set on object 'Object Repository/MOH AND GRN/Page_KDMC - CMS/input_txtbatchno'

2018-05-11 11:08:13 - [MESSAGE][PASSED] - Text 'BA689.0' is set on object 'Object Repository/MOH AND GRN/Page_KDMC - CMS/input_txtbatchno'

2018-05-11 11:08:13 - [TEST_STEP][PASSED] - rightClick: Object: 'Object Repository/GRN/Page_KDMC - CMS/input_txtexpdate' is right clicked on

2018-05-11 11:08:13 - [MESSAGE][PASSED] - Object: 'Object Repository/GRN/Page_KDMC - CMS/input_txtexpdate' is right clicked on

2018-05-11 11:08:13 - [TEST_STEP][PASSED] - selectOptionByIndex: All options with index in [5] are selected on object 'Object Repository/GRN/Page_KDMC - CMS/select_20182019202020212022202'

2018-05-11 11:08:14 - [MESSAGE][PASSED] - All options with index in [5] are selected on object 'Object Repository/GRN/Page_KDMC - CMS/select_20182019202020212022202'

2018-05-11 11:08:14 - [TEST_STEP][PASSED] - selectOptionByIndex: All options with index in [5] are selected on object 'Object Repository/GRN/Page_KDMC - CMS/select_JanFebMarAprMayJunJulAu'

2018-05-11 11:08:14 - [MESSAGE][PASSED] - All options with index in [5] are selected on object 'Object Repository/GRN/Page_KDMC - CMS/select_JanFebMarAprMayJunJulAu'

2018-05-11 11:08:14 - [TEST_STEP][PASSED] - click: Object: 'Object Repository/MOH AND GRN/Page_KDMC - CMS/a_12' is clicked on

2018-05-11 11:08:14 - [MESSAGE][PASSED] - Object: 'Object Repository/MOH AND GRN/Page_KDMC - CMS/a_12' is clicked on

2018-05-11 11:08:14 - [TEST_STEP][PASSED] - click: Object: 'Object Repository/MOH AND GRN/Page_KDMC - CMS/input_btnadd' is clicked on

2018-05-11 11:08:14 - [MESSAGE][PASSED] - Object: 'Object Repository/MOH AND GRN/Page_KDMC - CMS/input_btnadd' is clicked on

2018-05-11 11:08:14 - [TEST_STEP][PASSED] - Statement - If (s == 10): null

2018-05-11 11:08:14 - [TEST_STEP][PASSED] - Statement - Else: null

2018-05-11 11:08:14 - [TEST_STEP][PASSED] - Statement - (s++): null

2018-05-11 11:08:14 - [TEST_STEP][PASSED] - delay: Delayed 1 second(s)

2018-05-11 11:08:15 - [MESSAGE][PASSED] - Delayed 1 second(s)

2018-05-11 11:08:15 - [TEST_STEP][PASSED] - selectOptionByIndex: All options with index in [16] are selected on object 'Object Repository/MOH AND GRN/Page_KDMC - CMS/select_--Select--Amikacin -500'

2018-05-11 11:08:15 - [MESSAGE][PASSED] - All options with index in [16] are selected on object 'Object Repository/MOH AND GRN/Page_KDMC - CMS/select_--Select--Amikacin -500'

2018-05-11 11:08:15 - [TEST_STEP][PASSED] - setText: Text '50000' is set on object 'Object Repository/MOH AND GRN/Page_KDMC - CMS/input_txtqty'

2018-05-11 11:08:15 - [MESSAGE][PASSED] - Text '50000' is set on object 'Object Repository/MOH AND GRN/Page_KDMC - CMS/input_txtqty'

2018-05-11 11:08:15 - [TEST_STEP][PASSED] - selectOptionByIndex: All options with index in [1] are selected on object 'Object Repository/MOH AND GRN/Page_KDMC - CMS/select_--Select--No Tax0'

2018-05-11 11:08:16 - [MESSAGE][PASSED] - All options with index in [1] are selected on object 'Object Repository/MOH AND GRN/Page_KDMC - CMS/select_--Select--No Tax0'

2018-05-11 11:08:16 - [TEST_STEP][PASSED] - setText: Finding Test Object with id 'Object Repository/MOH AND GRN/Page_KDMC - CMS/input_txtmrp'

2018-05-11 11:08:16 - [TEST_STEP][PASSED] - Statement - switch (id): Finding Test Object with id 'Object Repository/MOH AND GRN/Page_KDMC - CMS/input_txtdeal'

2018-05-11 11:08:16 - [TEST_STEP][PASSED] - Statement - case 4:: Text '24.0' is set on object 'Object Repository/MOH AND GRN/Page_KDMC - CMS/input_txtmrp'

2018-05-11 11:08:16 - [TEST_STEP][PASSED] - Statement - return (java.lang.Math.floor((java.lang.Math.random() * ((max - min) + 1))) + min): Text '24.0' is set on object 'Object Repository/MOH AND GRN/Page_KDMC - CMS/input_txtmrp'

2018-05-11 11:08:16 - [MESSAGE][PASSED] - Text '24.0' is set on object 'Object Repository/MOH AND GRN/Page_KDMC - CMS/input_txtmrp'

2018-05-11 11:08:16 - [TEST_STEP][PASSED] - setText: Finding Test Object with id 'Object Repository/MOH AND GRN/Page_KDMC - CMS/input_txtdeal'

2018-05-11 11:08:16 - [TEST_STEP][PASSED] - Statement - switch (id): Finding Test Object with id 'Object Repository/MOH AND GRN/Page_KDMC - CMS/input_txtbatchno'

2018-05-11 11:08:16 - [TEST_STEP][PASSED] - Statement - case 5:: Text '6.0' is set on object 'Object Repository/MOH AND GRN/Page_KDMC - CMS/input_txtdeal'

2018-05-11 11:08:16 - [TEST_STEP][PASSED] - Statement - return (java.lang.Math.floor((java.lang.Math.random() * ((max - min) + 1))) + min): Text '6.0' is set on object 'Object Repository/MOH AND GRN/Page_KDMC - CMS/input_txtdeal'

2018-05-11 11:08:16 - [MESSAGE][PASSED] - Text '6.0' is set on object 'Object Repository/MOH AND GRN/Page_KDMC - CMS/input_txtdeal'

2018-05-11 11:08:16 - [TEST_STEP][PASSED] - setText: Finding Test Object with id 'Object Repository/MOH AND GRN/Page_KDMC - CMS/input_txtbatchno'

2018-05-11 11:08:16 - [TEST_STEP][PASSED] - Statement - switch (id): Finding Test Object with id 'Object Repository/MOH AND GRN/Page_KDMC - CMS/input_txtmrp'

2018-05-11 11:08:16 - [TEST_STEP][PASSED] - Statement - case 1:: Text 'BA524.0' is set on object 'Object Repository/MOH AND GRN/Page_KDMC - CMS/input_txtbatchno'

2018-05-11 11:08:16 - [TEST_STEP][PASSED] - Statement - return (java.lang.Math.floor((java.lang.Math.random() * ((max - min) + 1))) + min): Text 'BA524.0' is set on object 'Object Repository/MOH AND GRN/Page_KDMC - CMS/input_txtbatchno'

2018-05-11 11:08:16 - [MESSAGE][PASSED] - Text 'BA524.0' is set on object 'Object Repository/MOH AND GRN/Page_KDMC - CMS/input_txtbatchno'

2018-05-11 11:08:16 - [TEST_STEP][PASSED] - rightClick: Object: 'Object Repository/GRN/Page_KDMC - CMS/input_txtexpdate' is right clicked on

2018-05-11 11:08:16 - [MESSAGE][PASSED] - Object: 'Object Repository/GRN/Page_KDMC - CMS/input_txtexpdate' is right clicked on

2018-05-11 11:08:16 - [TEST_STEP][PASSED] - selectOptionByIndex: All options with index in [6] are selected on object 'Object Repository/GRN/Page_KDMC - CMS/select_20182019202020212022202'

2018-05-11 11:08:16 - [MESSAGE][PASSED] - All options with index in [6] are selected on object 'Object Repository/GRN/Page_KDMC - CMS/select_20182019202020212022202'

2018-05-11 11:08:16 - [TEST_STEP][PASSED] - selectOptionByIndex: All options with index in [6] are selected on object 'Object Repository/GRN/Page_KDMC - CMS/select_JanFebMarAprMayJunJulAu'

2018-05-11 11:08:16 - [MESSAGE][PASSED] - All options with index in [6] are selected on object 'Object Repository/GRN/Page_KDMC - CMS/select_JanFebMarAprMayJunJulAu'

2018-05-11 11:08:16 - [TEST_STEP][PASSED] - click: Object: 'Object Repository/MOH AND GRN/Page_KDMC - CMS/a_12' is clicked on

2018-05-11 11:08:16 - [MESSAGE][PASSED] - Object: 'Object Repository/MOH AND GRN/Page_KDMC - CMS/a_12' is clicked on

2018-05-11 11:08:16 - [TEST_STEP][PASSED] - click: Object: 'Object Repository/MOH AND GRN/Page_KDMC - CMS/input_btnadd' is clicked on

2018-05-11 11:08:16 - [MESSAGE][PASSED] - Object: 'Object Repository/MOH AND GRN/Page_KDMC - CMS/input_btnadd' is clicked on

2018-05-11 11:08:16 - [TEST_STEP][PASSED] - Statement - If (s == 10): null

2018-05-11 11:08:16 - [TEST_STEP][PASSED] - Statement - Else: null

2018-05-11 11:08:16 - [TEST_STEP][PASSED] - Statement - (s++): null

2018-05-11 11:08:16 - [TEST_STEP][PASSED] - delay: Delayed 1 second(s)

2018-05-11 11:08:17 - [MESSAGE][PASSED] - Delayed 1 second(s)

2018-05-11 11:08:17 - [TEST_STEP][PASSED] - selectOptionByIndex: All options with index in [17] are selected on object 'Object Repository/MOH AND GRN/Page_KDMC - CMS/select_--Select--Amikacin -500'

2018-05-11 11:08:18 - [MESSAGE][PASSED] - All options with index in [17] are selected on object 'Object Repository/MOH AND GRN/Page_KDMC - CMS/select_--Select--Amikacin -500'

2018-05-11 11:08:18 - [TEST_STEP][PASSED] - setText: Text '50000' is set on object 'Object Repository/MOH AND GRN/Page_KDMC - CMS/input_txtqty'

2018-05-11 11:08:18 - [MESSAGE][PASSED] - Text '50000' is set on object 'Object Repository/MOH AND GRN/Page_KDMC - CMS/input_txtqty'

2018-05-11 11:08:18 - [TEST_STEP][PASSED] - selectOptionByIndex: All options with index in [1] are selected on object 'Object Repository/MOH AND GRN/Page_KDMC - CMS/select_--Select--No Tax0'

2018-05-11 11:08:18 - [MESSAGE][PASSED] - All options with index in [1] are selected on object 'Object Repository/MOH AND GRN/Page_KDMC - CMS/select_--Select--No Tax0'

2018-05-11 11:08:18 - [TEST_STEP][PASSED] - setText: Finding Test Object with id 'Object Repository/MOH AND GRN/Page_KDMC - CMS/input_txtmrp'

2018-05-11 11:08:18 - [TEST_STEP][PASSED] - Statement - switch (id): Finding Test Object with id 'Object Repository/MOH AND GRN/Page_KDMC - CMS/input_txtdeal'

2018-05-11 11:08:18 - [TEST_STEP][PASSED] - Statement - case 4:: Text '45.0' is set on object 'Object Repository/MOH AND GRN/Page_KDMC - CMS/input_txtmrp'

2018-05-11 11:08:18 - [TEST_STEP][PASSED] - Statement - return (java.lang.Math.floor((java.lang.Math.random() * ((max - min) + 1))) + min): Text '45.0' is set on object 'Object Repository/MOH AND GRN/Page_KDMC - CMS/input_txtmrp'

2018-05-11 11:08:18 - [MESSAGE][PASSED] - Text '45.0' is set on object 'Object Repository/MOH AND GRN/Page_KDMC - CMS/input_txtmrp'

2018-05-11 11:08:18 - [TEST_STEP][PASSED] - setText: Finding Test Object with id 'Object Repository/MOH AND GRN/Page_KDMC - CMS/input_txtdeal'

2018-05-11 11:08:18 - [TEST_STEP][PASSED] - Statement - switch (id): Finding Test Object with id 'Object Repository/MOH AND GRN/Page_KDMC - CMS/input_txtbatchno'

2018-05-11 11:08:18 - [TEST_STEP][PASSED] - Statement - case 5:: Text '4.0' is set on object 'Object Repository/MOH AND GRN/Page_KDMC - CMS/input_txtdeal'

2018-05-11 11:08:18 - [TEST_STEP][PASSED] - Statement - return (java.lang.Math.floor((java.lang.Math.random() * ((max - min) + 1))) + min): Text '4.0' is set on object 'Object Repository/MOH AND GRN/Page_KDMC - CMS/input_txtdeal'

2018-05-11 11:08:18 - [MESSAGE][PASSED] - Text '4.0' is set on object 'Object Repository/MOH AND GRN/Page_KDMC - CMS/input_txtdeal'

2018-05-11 11:08:18 - [TEST_STEP][PASSED] - setText: Finding Test Object with id 'Object Repository/MOH AND GRN/Page_KDMC - CMS/input_txtbatchno'

2018-05-11 11:08:18 - [TEST_STEP][PASSED] - Statement - switch (id): Finding Test Object with id 'Object Repository/MOH AND GRN/Page_KDMC - CMS/input_txtmrp'

2018-05-11 11:08:18 - [TEST_STEP][PASSED] - Statement - case 1:: Text 'BA896.0' is set on object 'Object Repository/MOH AND GRN/Page_KDMC - CMS/input_txtbatchno'

2018-05-11 11:08:18 - [TEST_STEP][PASSED] - Statement - return (java.lang.Math.floor((java.lang.Math.random() * ((max - min) + 1))) + min): Text 'BA896.0' is set on object 'Object Repository/MOH AND GRN/Page_KDMC - CMS/input_txtbatchno'

2018-05-11 11:08:18 - [MESSAGE][PASSED] - Text 'BA896.0' is set on object 'Object Repository/MOH AND GRN/Page_KDMC - CMS/input_txtbatchno'

2018-05-11 11:08:18 - [TEST_STEP][PASSED] - rightClick: Object: 'Object Repository/GRN/Page_KDMC - CMS/input_txtexpdate' is right clicked on

2018-05-11 11:08:18 - [MESSAGE][PASSED] - Object: 'Object Repository/GRN/Page_KDMC - CMS/input_txtexpdate' is right clicked on

2018-05-11 11:08:18 - [TEST_STEP][PASSED] - selectOptionByIndex: All options with index in [7] are selected on object 'Object Repository/GRN/Page_KDMC - CMS/select_20182019202020212022202'

2018-05-11 11:08:19 - [MESSAGE][PASSED] - All options with index in [7] are selected on object 'Object Repository/GRN/Page_KDMC - CMS/select_20182019202020212022202'

2018-05-11 11:08:19 - [TEST_STEP][PASSED] - selectOptionByIndex: All options with index in [7] are selected on object 'Object Repository/GRN/Page_KDMC - CMS/select_JanFebMarAprMayJunJulAu'

2018-05-11 11:08:19 - [MESSAGE][PASSED] - All options with index in [7] are selected on object 'Object Repository/GRN/Page_KDMC - CMS/select_JanFebMarAprMayJunJulAu'

2018-05-11 11:08:19 - [TEST_STEP][PASSED] - click: Object: 'Object Repository/MOH AND GRN/Page_KDMC - CMS/a_12' is clicked on

2018-05-11 11:08:19 - [MESSAGE][PASSED] - Object: 'Object Repository/MOH AND GRN/Page_KDMC - CMS/a_12' is clicked on

2018-05-11 11:08:19 - [TEST_STEP][PASSED] - click: Object: 'Object Repository/MOH AND GRN/Page_KDMC - CMS/input_btnadd' is clicked on

2018-05-11 11:08:19 - [MESSAGE][PASSED] - Object: 'Object Repository/MOH AND GRN/Page_KDMC - CMS/input_btnadd' is clicked on

2018-05-11 11:08:19 - [TEST_STEP][PASSED] - Statement - If (s == 10): null

2018-05-11 11:08:19 - [TEST_STEP][PASSED] - Statement - Else: null

2018-05-11 11:08:19 - [TEST_STEP][PASSED] - Statement - (s++): null

2018-05-11 11:08:19 - [TEST_STEP][PASSED] - delay: Delayed 1 second(s)

2018-05-11 11:08:20 - [MESSAGE][PASSED] - Delayed 1 second(s)

2018-05-11 11:08:20 - [TEST_STEP][PASSED] - selectOptionByIndex: All options with index in [18] are selected on object 'Object Repository/MOH AND GRN/Page_KDMC - CMS/select_--Select--Amikacin -500'

2018-05-11 11:08:20 - [MESSAGE][PASSED] - All options with index in [18] are selected on object 'Object Repository/MOH AND GRN/Page_KDMC - CMS/select_--Select--Amikacin -500'

2018-05-11 11:08:20 - [TEST_STEP][PASSED] - setText: Text '50000' is set on object 'Object Repository/MOH AND GRN/Page_KDMC - CMS/input_txtqty'

2018-05-11 11:08:20 - [MESSAGE][PASSED] - Text '50000' is set on object 'Object Repository/MOH AND GRN/Page_KDMC - CMS/input_txtqty'

2018-05-11 11:08:20 - [TEST_STEP][PASSED] - selectOptionByIndex: All options with index in [1] are selected on object 'Object Repository/MOH AND GRN/Page_KDMC - CMS/select_--Select--No Tax0'

2018-05-11 11:08:20 - [MESSAGE][PASSED] - All options with index in [1] are selected on object 'Object Repository/MOH AND GRN/Page_KDMC - CMS/select_--Select--No Tax0'

2018-05-11 11:08:20 - [TEST_STEP][PASSED] - setText: Finding Test Object with id 'Object Repository/MOH AND GRN/Page_KDMC - CMS/input_txtmrp'

2018-05-11 11:08:20 - [TEST_STEP][PASSED] - Statement - switch (id): Finding Test Object with id 'Object Repository/MOH AND GRN/Page_KDMC - CMS/input_txtdeal'

2018-05-11 11:08:20 - [TEST_STEP][PASSED] - Statement - case 4:: Text '33.0' is set on object 'Object Repository/MOH AND GRN/Page_KDMC - CMS/input_txtmrp'

2018-05-11 11:08:20 - [TEST_STEP][PASSED] - Statement - return (java.lang.Math.floor((java.lang.Math.random() * ((max - min) + 1))) + min): Text '33.0' is set on object 'Object Repository/MOH AND GRN/Page_KDMC - CMS/input_txtmrp'

2018-05-11 11:08:21 - [MESSAGE][PASSED] - Text '33.0' is set on object 'Object Repository/MOH AND GRN/Page_KDMC - CMS/input_txtmrp'

2018-05-11 11:08:21 - [TEST_STEP][PASSED] - setText: Finding Test Object with id 'Object Repository/MOH AND GRN/Page_KDMC - CMS/input_txtdeal'

2018-05-11 11:08:21 - [TEST_STEP][PASSED] - Statement - switch (id): Finding Test Object with id 'Object Repository/MOH AND GRN/Page_KDMC - CMS/input_txtbatchno'

2018-05-11 11:08:21 - [TEST_STEP][PASSED] - Statement - case 5:: Text '4.0' is set on object 'Object Repository/MOH AND GRN/Page_KDMC - CMS/input_txtdeal'

2018-05-11 11:08:21 - [TEST_STEP][PASSED] - Statement - return (java.lang.Math.floor((java.lang.Math.random() * ((max - min) + 1))) + min): Text '4.0' is set on object 'Object Repository/MOH AND GRN/Page_KDMC - CMS/input_txtdeal'

2018-05-11 11:08:21 - [MESSAGE][PASSED] - Text '4.0' is set on object 'Object Repository/MOH AND GRN/Page_KDMC - CMS/input_txtdeal'

2018-05-11 11:08:21 - [TEST_STEP][PASSED] - setText: Finding Test Object with id 'Object Repository/MOH AND GRN/Page_KDMC - CMS/input_txtbatchno'

2018-05-11 11:08:21 - [TEST_STEP][PASSED] - Statement - switch (id): Finding Test Object with id 'Object Repository/MOH AND GRN/Page_KDMC - CMS/input_txtmrp'

2018-05-11 11:08:21 - [TEST_STEP][PASSED] - Statement - case 1:: Text 'BA152.0' is set on object 'Object Repository/MOH AND GRN/Page_KDMC - CMS/input_txtbatchno'

2018-05-11 11:08:21 - [TEST_STEP][PASSED] - Statement - return (java.lang.Math.floor((java.lang.Math.random() * ((max - min) + 1))) + min): Text 'BA152.0' is set on object 'Object Repository/MOH AND GRN/Page_KDMC - CMS/input_txtbatchno'

2018-05-11 11:08:21 - [MESSAGE][PASSED] - Text 'BA152.0' is set on object 'Object Repository/MOH AND GRN/Page_KDMC - CMS/input_txtbatchno'

2018-05-11 11:08:21 - [TEST_STEP][PASSED] - rightClick: Object: 'Object Repository/GRN/Page_KDMC - CMS/input_txtexpdate' is right clicked on

2018-05-11 11:08:21 - [MESSAGE][PASSED] - Object: 'Object Repository/GRN/Page_KDMC - CMS/input_txtexpdate' is right clicked on

2018-05-11 11:08:21 - [TEST_STEP][PASSED] - selectOptionByIndex: All options with index in [8] are selected on object 'Object Repository/GRN/Page_KDMC - CMS/select_20182019202020212022202'

2018-05-11 11:08:21 - [MESSAGE][PASSED] - All options with index in [8] are selected on object 'Object Repository/GRN/Page_KDMC - CMS/select_20182019202020212022202'

2018-05-11 11:08:21 - [TEST_STEP][PASSED] - selectOptionByIndex: All options with index in [8] are selected on object 'Object Repository/GRN/Page_KDMC - CMS/select_JanFebMarAprMayJunJulAu'

2018-05-11 11:08:21 - [MESSAGE][PASSED] - All options with index in [8] are selected on object 'Object Repository/GRN/Page_KDMC - CMS/select_JanFebMarAprMayJunJulAu'

2018-05-11 11:08:21 - [TEST_STEP][PASSED] - click: Object: 'Object Repository/MOH AND GRN/Page_KDMC - CMS/a_12' is clicked on

2018-05-11 11:08:21 - [MESSAGE][PASSED] - Object: 'Object Repository/MOH AND GRN/Page_KDMC - CMS/a_12' is clicked on

2018-05-11 11:08:21 - [TEST_STEP][PASSED] - click: Object: 'Object Repository/MOH AND GRN/Page_KDMC - CMS/input_btnadd' is clicked on

2018-05-11 11:08:21 - [MESSAGE][PASSED] - Object: 'Object Repository/MOH AND GRN/Page_KDMC - CMS/input_btnadd' is clicked on

2018-05-11 11:08:21 - [TEST_STEP][PASSED] - Statement - If (s == 10): null

2018-05-11 11:08:21 - [TEST_STEP][PASSED] - Statement - Else: null

2018-05-11 11:08:21 - [TEST_STEP][PASSED] - Statement - (s++): null

2018-05-11 11:08:21 - [TEST_STEP][PASSED] - delay: Delayed 1 second(s)

2018-05-11 11:08:22 - [MESSAGE][PASSED] - Delayed 1 second(s)

2018-05-11 11:08:22 - [TEST_STEP][PASSED] - selectOptionByIndex: All options with index in [19] are selected on object 'Object Repository/MOH AND GRN/Page_KDMC - CMS/select_--Select--Amikacin -500'

2018-05-11 11:08:23 - [MESSAGE][PASSED] - All options with index in [19] are selected on object 'Object Repository/MOH AND GRN/Page_KDMC - CMS/select_--Select--Amikacin -500'

2018-05-11 11:08:23 - [TEST_STEP][PASSED] - setText: Text '50000' is set on object 'Object Repository/MOH AND GRN/Page_KDMC - CMS/input_txtqty'

2018-05-11 11:08:23 - [MESSAGE][PASSED] - Text '50000' is set on object 'Object Repository/MOH AND GRN/Page_KDMC - CMS/input_txtqty'

2018-05-11 11:08:23 - [TEST_STEP][PASSED] - selectOptionByIndex: All options with index in [1] are selected on object 'Object Repository/MOH AND GRN/Page_KDMC - CMS/select_--Select--No Tax0'

2018-05-11 11:08:23 - [MESSAGE][PASSED] - All options with index in [1] are selected on object 'Object Repository/MOH AND GRN/Page_KDMC - CMS/select_--Select--No Tax0'

2018-05-11 11:08:23 - [TEST_STEP][PASSED] - setText: Finding Test Object with id 'Object Repository/MOH AND GRN/Page_KDMC - CMS/input_txtmrp'

2018-05-11 11:08:23 - [TEST_STEP][PASSED] - Statement - switch (id): Finding Test Object with id 'Object Repository/MOH AND GRN/Page_KDMC - CMS/input_txtdeal'

2018-05-11 11:08:23 - [TEST_STEP][PASSED] - Statement - case 4:: Text '32.0' is set on object 'Object Repository/MOH AND GRN/Page_KDMC - CMS/input_txtmrp'

2018-05-11 11:08:23 - [TEST_STEP][PASSED] - Statement - return (java.lang.Math.floor((java.lang.Math.random() * ((max - min) + 1))) + min): Text '32.0' is set on object 'Object Repository/MOH AND GRN/Page_KDMC - CMS/input_txtmrp'

2018-05-11 11:08:23 - [MESSAGE][PASSED] - Text '32.0' is set on object 'Object Repository/MOH AND GRN/Page_KDMC - CMS/input_txtmrp'

2018-05-11 11:08:23 - [TEST_STEP][PASSED] - setText: Finding Test Object with id 'Object Repository/MOH AND GRN/Page_KDMC - CMS/input_txtdeal'

2018-05-11 11:08:23 - [TEST_STEP][PASSED] - Statement - switch (id): Finding Test Object with id 'Object Repository/MOH AND GRN/Page_KDMC - CMS/input_txtbatchno'

2018-05-11 11:08:23 - [TEST_STEP][PASSED] - Statement - case 5:: Text '12.0' is set on object 'Object Repository/MOH AND GRN/Page_KDMC - CMS/input_txtdeal'

2018-05-11 11:08:23 - [TEST_STEP][PASSED] - Statement - return (java.lang.Math.floor((java.lang.Math.random() * ((max - min) + 1))) + min): Text '12.0' is set on object 'Object Repository/MOH AND GRN/Page_KDMC - CMS/input_txtdeal'

2018-05-11 11:08:23 - [MESSAGE][PASSED] - Text '12.0' is set on object 'Object Repository/MOH AND GRN/Page_KDMC - CMS/input_txtdeal'

2018-05-11 11:08:23 - [TEST_STEP][PASSED] - setText: Finding Test Object with id 'Object Repository/MOH AND GRN/Page_KDMC - CMS/input_txtbatchno'

2018-05-11 11:08:23 - [TEST_STEP][PASSED] - Statement - switch (id): Delayed 1 second(s)

2018-05-11 11:08:23 - [TEST_STEP][PASSED] - Statement - case 1:: Text 'BA419.0' is set on object 'Object Repository/MOH AND GRN/Page_KDMC - CMS/input_txtbatchno'

2018-05-11 11:08:23 - [TEST_STEP][PASSED] - Statement - return (java.lang.Math.floor((java.lang.Math.random() * ((max - min) + 1))) + min): Text 'BA419.0' is set on object 'Object Repository/MOH AND GRN/Page_KDMC - CMS/input_txtbatchno'

2018-05-11 11:08:23 - [MESSAGE][PASSED] - Text 'BA419.0' is set on object 'Object Repository/MOH AND GRN/Page_KDMC - CMS/input_txtbatchno'

2018-05-11 11:08:23 - [TEST_STEP][PASSED] - rightClick: Object: 'Object Repository/GRN/Page_KDMC - CMS/input_txtexpdate' is right clicked on

2018-05-11 11:08:23 - [MESSAGE][PASSED] - Object: 'Object Repository/GRN/Page_KDMC - CMS/input_txtexpdate' is right clicked on

2018-05-11 11:08:23 - [TEST_STEP][PASSED] - selectOptionByIndex: All options with index in [9] are selected on object 'Object Repository/GRN/Page_KDMC - CMS/select_20182019202020212022202'

2018-05-11 11:08:24 - [MESSAGE][PASSED] - All options with index in [9] are selected on object 'Object Repository/GRN/Page_KDMC - CMS/select_20182019202020212022202'

2018-05-11 11:08:24 - [TEST_STEP][PASSED] - selectOptionByIndex: All options with index in [9] are selected on object 'Object Repository/GRN/Page_KDMC - CMS/select_JanFebMarAprMayJunJulAu'

2018-05-11 11:08:24 - [MESSAGE][PASSED] - All options with index in [9] are selected on object 'Object Repository/GRN/Page_KDMC - CMS/select_JanFebMarAprMayJunJulAu'

2018-05-11 11:08:24 - [TEST_STEP][PASSED] - click: Object: 'Object Repository/MOH AND GRN/Page_KDMC - CMS/a_12' is clicked on

2018-05-11 11:08:24 - [MESSAGE][PASSED] - Object: 'Object Repository/MOH AND GRN/Page_KDMC - CMS/a_12' is clicked on

2018-05-11 11:08:24 - [TEST_STEP][PASSED] - click: Object: 'Object Repository/MOH AND GRN/Page_KDMC - CMS/input_btnadd' is clicked on

2018-05-11 11:08:24 - [MESSAGE][PASSED] - Object: 'Object Repository/MOH AND GRN/Page_KDMC - CMS/input_btnadd' is clicked on

2018-05-11 11:08:24 - [TEST_STEP][PASSED] - Statement - If (s == 10): null

2018-05-11 11:08:24 - [TEST_STEP][PASSED] - Statement - Else: null

2018-05-11 11:08:24 - [TEST_STEP][PASSED] - Statement - (s++): null

2018-05-11 11:08:24 - [TEST_STEP][PASSED] - delay: Delayed 1 second(s)

2018-05-11 11:08:25 - [MESSAGE][PASSED] - Delayed 1 second(s)

2018-05-11 11:08:25 - [TEST_STEP][PASSED] - scrollToElement: Scroll to object 'Object Repository/MOH AND GRN/Page_KDMC - CMS/input_btnSubmit' successfully

2018-05-11 11:08:25 - [MESSAGE][PASSED] - Scroll to object 'Object Repository/MOH AND GRN/Page_KDMC - CMS/input_btnSubmit' successfully

2018-05-11 11:08:25 - [TEST_STEP][PASSED] - click: Object: 'Object Repository/MOH AND GRN/Page_KDMC - CMS/input_btnSubmit' is clicked on

2018-05-11 11:08:25 - [MESSAGE][PASSED] - Object: 'Object Repository/MOH AND GRN/Page_KDMC - CMS/input_btnSubmit' is clicked on

2018-05-11 11:08:25 - [TEST_STEP][PASSED] - delay: Delayed 3 second(s)

2018-05-11 11:08:28 - [MESSAGE][PASSED] - Delayed 3 second(s)

2018-05-11 11:08:28 - [TEST_STEP][PASSED] - click: Object: 'Object Repository/MOH AND GRN/Page_KDMC - CMS/button_OK' is clicked on

2018-05-11 11:08:28 - [MESSAGE][PASSED] - Object: 'Object Repository/MOH AND GRN/Page_KDMC - CMS/button_OK' is clicked on

2018-05-11 11:08:28 - [TEST_STEP][PASSED] - delay: Delayed 2 second(s)

2018-05-11 11:08:30 - [MESSAGE][PASSED] - Delayed 2 second(s)

2018-05-11 11:08:30 - [TEST_STEP][PASSED] - delay: Delayed 3 second(s)

2018-05-11 11:08:33 - [MESSAGE][PASSED] - Delayed 3 second(s)

2018-05-11 11:08:33 - [TEST_STEP][PASSED] - click: Object: 'Object Repository/MOH AND GRN/Page_KDMC - CMS/a_dropdown-toggle' is clicked on

2018-05-11 11:08:33 - [MESSAGE][PASSED] - Object: 'Object Repository/MOH AND GRN/Page_KDMC - CMS/a_dropdown-toggle' is clicked on

2018-05-11 11:08:33 - [TEST_STEP][PASSED] - click: Object: 'Object Repository/MOH AND GRN/Page_KDMC - CMS/a_Sign out' is clicked on

2018-05-11 11:08:34 - [MESSAGE][PASSED] - Object: 'Object Repository/MOH AND GRN/Page_KDMC - CMS/a_Sign out' is clicked on

2018-05-11 11:08:34 - [TEST_STEP][PASSED] - closeBrowser: Browser is closed

2018-05-11 11:08:34 - [MESSAGE][PASSED] - Browser is closed]]></system-out>
         <system-err><![CDATA[]]></system-err>
      </testcase>
      <system-out><![CDATA[2018-05-11 10:19:42 - [TEST_SUITE][FAILED] - MOH REQUEST AND GRN: Test Cases/MOH REQUEST AND GRN/Moh Request GRN Schedule 1 FAILED because (of) Unable to click on object 'Object Repository/MOH AND GRN/Page_KDMC - CMS/a_dropdown-toggle' (Root cause: com.kms.katalon.core.webui.exception.WebElementNotFoundException: Web element with id: 'Object Repository/MOH AND GRN/Page_KDMC - CMS/a_dropdown-toggle' located by 'By.xpath: /html[1]/body[@class="skin-blue  pace-done"]/header[@class="header"]/div[@class="row"]/div[@class="col-md-12"]/nav[@class="navbar navbar-static-top"]/div[@class="navbar-right"]/ul[@class="nav navbar-nav"]/li[@class="dropdown user user-menu"]/a[@class="dropdown-toggle"][count(. | //*[@class = 'dropdown-toggle' and @data-toggle = 'dropdown']) = count(//*[@class = 'dropdown-toggle' and @data-toggle = 'dropdown'])]' not found)]]></system-out>
      <system-err><![CDATA[2018-05-11 10:19:42 - [TEST_SUITE][FAILED] - MOH REQUEST AND GRN: Test Cases/MOH REQUEST AND GRN/Moh Request GRN Schedule 1 FAILED because (of) Unable to click on object 'Object Repository/MOH AND GRN/Page_KDMC - CMS/a_dropdown-toggle' (Root cause: com.kms.katalon.core.webui.exception.WebElementNotFoundException: Web element with id: 'Object Repository/MOH AND GRN/Page_KDMC - CMS/a_dropdown-toggle' located by 'By.xpath: /html[1]/body[@class="skin-blue  pace-done"]/header[@class="header"]/div[@class="row"]/div[@class="col-md-12"]/nav[@class="navbar navbar-static-top"]/div[@class="navbar-right"]/ul[@class="nav navbar-nav"]/li[@class="dropdown user user-menu"]/a[@class="dropdown-toggle"][count(. | //*[@class = 'dropdown-toggle' and @data-toggle = 'dropdown']) = count(//*[@class = 'dropdown-toggle' and @data-toggle = 'dropdown'])]' not found)]]></system-err>
   </testsuite>
</testsuites>
