<?xml version="1.0" encoding="UTF-8"?>
<testsuites name="Investigation_Suite" time="788" tests="1" failures="5" errors="0">
   <testsuite name="Investigation_Suite" tests="1" failures="5" errors="0" time="788" timestamp="2018-05-21 13:07:53" hostname="Quality Analyst - DESKTOP-BLFTK83" id="Test Suites/Investigation_Suite">
      <properties>
         <property name="deviceName" value=""/>
         <property name="devicePlatform" value=""/>
         <property name="logFolder" value="C:\\Users\\Quality Analyst\\Katalon Studio\\ds\\Reports\\Investigation_Suite\\20180521_095838"/>
         <property name="logFiles" value="C:\\Users\\Quality Analyst\\Katalon Studio\\ds\\Reports\\Investigation_Suite\\20180521_095838\\execution0.log"/>
         <property name="attachments" value="C:\\Users\\Quality Analyst\\Katalon Studio\\ds\\Reports\\Investigation_Suite\\20180521_095838\\1526888400224.png, C:\\Users\\Quality Analyst\\Katalon Studio\\ds\\Reports\\Investigation_Suite\\20180521_095838\\1526888824222.png, C:\\Users\\Quality Analyst\\Katalon Studio\\ds\\Reports\\Investigation_Suite\\20180521_095838\\1526888855939.png, C:\\Users\\Quality Analyst\\Katalon Studio\\ds\\Reports\\Investigation_Suite\\20180521_095838\\1526888863658.png, C:\\Users\\Quality Analyst\\Katalon Studio\\ds\\Reports\\Investigation_Suite\\20180521_095838\\1526889010332.png, C:\\Users\\Quality Analyst\\Katalon Studio\\ds\\Reports\\Investigation_Suite\\20180521_095838\\1526889061399.png"/>
         <property name="hostName" value="Quality Analyst - DESKTOP-BLFTK83"/>
         <property name="os" value="Windows 10 64bit"/>
         <property name="katalonVersion" value="5.4.1.1"/>
         <property name="browser" value="Chrome 66.0.3359.139"/>
         <property name="hostAddress" value="192.168.71.2"/>
         <property name="sessionId" value="6962525d3de95719a28806494fcdb62b"/>
         <property name="seleniumVersion" value="3.7.1"/>
         <property name="proxyInformation" value="ProxyInformation{proxyOption=NO_PROXY, proxyServerType=HTTP, password=, proxyServerAddress=, proxyServerPort=0}"/>
         <property name="platform" value="Windows 10"/>
      </properties>
      <testcase name="Test Cases/INVESTIGATION TEST CASES/TC_INV_001 Verify Schedule 4 Investigation Request Are Working Successfully Or Not" classname="Test Cases/INVESTIGATION TEST CASES/TC_INV_001 Verify Schedule 4 Investigation Request Are Working Successfully Or Not" status="FAILED">
         <failure type="FAILED" message="Unable to click on object 'Object Repository/lab/Page_Store/button_OK' (Root cause: com.kms.katalon.core.webui.exception.WebElementNotFoundException: Web element with id: 'Object Repository/lab/Page_Store/button_OK' located by 'By.xpath: /html/body/div[5]/div/div/div[2]/button[count(. | //button[@type = 'button' and (text() = 'OK' or . = 'OK')]) = count(//button[@type = 'button' and (text() = 'OK' or . = 'OK')])]' not found)"/>
         <system-out><![CDATA[2018-05-21 13:07:54 - [TEST_CASE][FAILED] - Test Cases/INVESTIGATION TEST CASES/TC_INV_001 Verify Schedule 4 Investigation Request Are Working Successfully Or Not: Test Cases/INVESTIGATION TEST CASES/TC_INV_001 Verify Schedule 4 Investigation Request Are Working Successfully Or Not FAILED because (of) Unable to click on object 'Object Repository/lab/Page_Store/button_OK' (Root cause: com.kms.katalon.core.webui.exception.WebElementNotFoundException: Web element with id: 'Object Repository/lab/Page_Store/button_OK' located by 'By.xpath: /html/body/div[5]/div/div/div[2]/button[count(. | //button[@type = 'button' and (text() = 'OK' or . = 'OK')]) = count(//button[@type = 'button' and (text() = 'OK' or . = 'OK')])]' not found)

2018-05-21 13:07:54 - [TEST_STEP][PASSED] - openBrowser: Browser is opened with url: ''

2018-05-21 13:07:57 - [MESSAGE][PASSED] - Browser is opened with url: ''

2018-05-21 13:07:57 - [TEST_STEP][PASSED] - navigateToUrl: Navigate to 'http://192.168.137.1/multihospital_new/' successfully

2018-05-21 13:08:00 - [MESSAGE][PASSED] - Navigate to 'http://192.168.137.1/multihospital_new/' successfully

2018-05-21 13:08:00 - [TEST_STEP][PASSED] - Statement - out.println(" Verify Schedule 4 Investigation Request Are Working Successfully Or Not"): null

2018-05-21 13:08:00 - [TEST_STEP][PASSED] - maximizeWindow: Current window maximized

2018-05-21 13:08:01 - [MESSAGE][PASSED] - Current window maximized

2018-05-21 13:08:01 - [TEST_STEP][PASSED] - click: Object: 'Object Repository/lab/Page_KDMC/a_Investigation' is clicked on

2018-05-21 13:08:02 - [MESSAGE][PASSED] - Object: 'Object Repository/lab/Page_KDMC/a_Investigation' is clicked on

2018-05-21 13:08:02 - [TEST_STEP][PASSED] - setText: Text 'manoj' is set on object 'Object Repository/lab/Page_Investigation login/input_txtusername'

2018-05-21 13:08:02 - [MESSAGE][PASSED] - Text 'manoj' is set on object 'Object Repository/lab/Page_Investigation login/input_txtusername'

2018-05-21 13:08:02 - [TEST_STEP][PASSED] - setText: Text '123' is set on object 'Object Repository/lab/Page_Investigation login/input_txtpassword'

2018-05-21 13:08:02 - [MESSAGE][PASSED] - Text '123' is set on object 'Object Repository/lab/Page_Investigation login/input_txtpassword'

2018-05-21 13:08:02 - [TEST_STEP][PASSED] - delay: Delayed 3 second(s)

2018-05-21 13:08:05 - [MESSAGE][PASSED] - Delayed 3 second(s)

2018-05-21 13:08:05 - [TEST_STEP][PASSED] - click: Object: 'Object Repository/lab/Page_Investigation login/button_Sign in' is clicked on

2018-05-21 13:08:07 - [MESSAGE][PASSED] - Object: 'Object Repository/lab/Page_Investigation login/button_Sign in' is clicked on

2018-05-21 13:08:07 - [TEST_STEP][PASSED] - click: Object: 'Object Repository/lab/Page_KDMC/a_Store Request' is clicked on

2018-05-21 13:08:08 - [MESSAGE][PASSED] - Object: 'Object Repository/lab/Page_KDMC/a_Store Request' is clicked on

2018-05-21 13:08:08 - [TEST_STEP][PASSED] - delay: Delayed 2 second(s)

2018-05-21 13:08:10 - [MESSAGE][PASSED] - Delayed 2 second(s)

2018-05-21 13:08:10 - [TEST_STEP][PASSED] - click: Object: 'Object Repository/lab/Page_KDMC/a_Medicine Request' is clicked on

2018-05-21 13:08:10 - [MESSAGE][PASSED] - Object: 'Object Repository/lab/Page_KDMC/a_Medicine Request' is clicked on

2018-05-21 13:08:10 - [TEST_STEP][PASSED] - selectOptionByIndex: All options with index in [1] are selected on object 'Object Repository/lab/Page_KDMC/select_--Select--Schedule 4X-r'

2018-05-21 13:08:11 - [MESSAGE][PASSED] - All options with index in [1] are selected on object 'Object Repository/lab/Page_KDMC/select_--Select--Schedule 4X-r'

2018-05-21 13:08:11 - [TEST_STEP][PASSED] - Statement - medicineslength = com.kms.katalon.core.webui.keyword.WebUiBuiltInKeywords.getNumberOfTotalOption(com.kms.katalon.core.testobject.ObjectRepository.findTestObject(lab/Page_KDMC/select_--Select--Automatic x-r)): 16 options of object 'Object Repository/lab/Page_KDMC/select_--Select--Automatic x-r' counted

2018-05-21 13:08:11 - [MESSAGE][PASSED] - 16 options of object 'Object Repository/lab/Page_KDMC/select_--Select--Automatic x-r' counted

2018-05-21 13:08:11 - [TEST_STEP][PASSED] - Statement - For ([e = 1, e < medicineslength, (e++)]): Object: 'Object Repository/lab/Page_KDMC/button_Add' is clicked on

2018-05-21 13:08:11 - [TEST_STEP][PASSED] - selectOptionByIndex: All options with index in [1] are selected on object 'Object Repository/lab/Page_KDMC/select_--Select--Schedule 4X-r'

2018-05-21 13:08:11 - [MESSAGE][PASSED] - All options with index in [1] are selected on object 'Object Repository/lab/Page_KDMC/select_--Select--Schedule 4X-r'

2018-05-21 13:08:11 - [TEST_STEP][PASSED] - selectOptionByIndex: All options with index in [1] are selected on object 'Object Repository/lab/Page_KDMC/select_--Select--Automatic x-r'

2018-05-21 13:08:11 - [MESSAGE][PASSED] - All options with index in [1] are selected on object 'Object Repository/lab/Page_KDMC/select_--Select--Automatic x-r'

2018-05-21 13:08:11 - [TEST_STEP][PASSED] - setText: Text '10' is set on object 'Object Repository/lab/Page_KDMC/input_txttreat'

2018-05-21 13:08:11 - [MESSAGE][PASSED] - Text '10' is set on object 'Object Repository/lab/Page_KDMC/input_txttreat'

2018-05-21 13:08:11 - [TEST_STEP][PASSED] - click: Object: 'Object Repository/lab/Page_KDMC/button_Add' is clicked on

2018-05-21 13:08:11 - [MESSAGE][PASSED] - Object: 'Object Repository/lab/Page_KDMC/button_Add' is clicked on

2018-05-21 13:08:11 - [TEST_STEP][PASSED] - selectOptionByIndex: All options with index in [1] are selected on object 'Object Repository/lab/Page_KDMC/select_--Select--Schedule 4X-r'

2018-05-21 13:08:11 - [MESSAGE][PASSED] - All options with index in [1] are selected on object 'Object Repository/lab/Page_KDMC/select_--Select--Schedule 4X-r'

2018-05-21 13:08:11 - [TEST_STEP][PASSED] - selectOptionByIndex: All options with index in [2] are selected on object 'Object Repository/lab/Page_KDMC/select_--Select--Automatic x-r'

2018-05-21 13:08:12 - [MESSAGE][PASSED] - All options with index in [2] are selected on object 'Object Repository/lab/Page_KDMC/select_--Select--Automatic x-r'

2018-05-21 13:08:12 - [TEST_STEP][PASSED] - setText: Text '10' is set on object 'Object Repository/lab/Page_KDMC/input_txttreat'

2018-05-21 13:08:12 - [MESSAGE][PASSED] - Text '10' is set on object 'Object Repository/lab/Page_KDMC/input_txttreat'

2018-05-21 13:08:12 - [TEST_STEP][PASSED] - click: Object: 'Object Repository/lab/Page_KDMC/button_Add' is clicked on

2018-05-21 13:08:12 - [MESSAGE][PASSED] - Object: 'Object Repository/lab/Page_KDMC/button_Add' is clicked on

2018-05-21 13:08:12 - [TEST_STEP][PASSED] - selectOptionByIndex: All options with index in [1] are selected on object 'Object Repository/lab/Page_KDMC/select_--Select--Schedule 4X-r'

2018-05-21 13:08:12 - [MESSAGE][PASSED] - All options with index in [1] are selected on object 'Object Repository/lab/Page_KDMC/select_--Select--Schedule 4X-r'

2018-05-21 13:08:12 - [TEST_STEP][PASSED] - selectOptionByIndex: All options with index in [3] are selected on object 'Object Repository/lab/Page_KDMC/select_--Select--Automatic x-r'

2018-05-21 13:08:12 - [MESSAGE][PASSED] - All options with index in [3] are selected on object 'Object Repository/lab/Page_KDMC/select_--Select--Automatic x-r'

2018-05-21 13:08:12 - [TEST_STEP][PASSED] - setText: Text '10' is set on object 'Object Repository/lab/Page_KDMC/input_txttreat'

2018-05-21 13:08:12 - [MESSAGE][PASSED] - Text '10' is set on object 'Object Repository/lab/Page_KDMC/input_txttreat'

2018-05-21 13:08:12 - [TEST_STEP][PASSED] - click: Object: 'Object Repository/lab/Page_KDMC/button_Add' is clicked on

2018-05-21 13:08:12 - [MESSAGE][PASSED] - Object: 'Object Repository/lab/Page_KDMC/button_Add' is clicked on

2018-05-21 13:08:12 - [TEST_STEP][PASSED] - selectOptionByIndex: All options with index in [1] are selected on object 'Object Repository/lab/Page_KDMC/select_--Select--Schedule 4X-r'

2018-05-21 13:08:12 - [MESSAGE][PASSED] - All options with index in [1] are selected on object 'Object Repository/lab/Page_KDMC/select_--Select--Schedule 4X-r'

2018-05-21 13:08:12 - [TEST_STEP][PASSED] - selectOptionByIndex: All options with index in [4] are selected on object 'Object Repository/lab/Page_KDMC/select_--Select--Automatic x-r'

2018-05-21 13:08:12 - [MESSAGE][PASSED] - All options with index in [4] are selected on object 'Object Repository/lab/Page_KDMC/select_--Select--Automatic x-r'

2018-05-21 13:08:12 - [TEST_STEP][PASSED] - setText: Text '10' is set on object 'Object Repository/lab/Page_KDMC/input_txttreat'

2018-05-21 13:08:12 - [MESSAGE][PASSED] - Text '10' is set on object 'Object Repository/lab/Page_KDMC/input_txttreat'

2018-05-21 13:08:12 - [TEST_STEP][PASSED] - click: Object: 'Object Repository/lab/Page_KDMC/button_Add' is clicked on

2018-05-21 13:08:13 - [MESSAGE][PASSED] - Object: 'Object Repository/lab/Page_KDMC/button_Add' is clicked on

2018-05-21 13:08:13 - [TEST_STEP][PASSED] - selectOptionByIndex: All options with index in [1] are selected on object 'Object Repository/lab/Page_KDMC/select_--Select--Schedule 4X-r'

2018-05-21 13:08:13 - [MESSAGE][PASSED] - All options with index in [1] are selected on object 'Object Repository/lab/Page_KDMC/select_--Select--Schedule 4X-r'

2018-05-21 13:08:13 - [TEST_STEP][PASSED] - selectOptionByIndex: All options with index in [5] are selected on object 'Object Repository/lab/Page_KDMC/select_--Select--Automatic x-r'

2018-05-21 13:08:13 - [MESSAGE][PASSED] - All options with index in [5] are selected on object 'Object Repository/lab/Page_KDMC/select_--Select--Automatic x-r'

2018-05-21 13:08:13 - [TEST_STEP][PASSED] - setText: Text '10' is set on object 'Object Repository/lab/Page_KDMC/input_txttreat'

2018-05-21 13:08:13 - [MESSAGE][PASSED] - Text '10' is set on object 'Object Repository/lab/Page_KDMC/input_txttreat'

2018-05-21 13:08:13 - [TEST_STEP][PASSED] - click: Object: 'Object Repository/lab/Page_KDMC/button_Add' is clicked on

2018-05-21 13:08:13 - [MESSAGE][PASSED] - Object: 'Object Repository/lab/Page_KDMC/button_Add' is clicked on

2018-05-21 13:08:13 - [TEST_STEP][PASSED] - selectOptionByIndex: All options with index in [1] are selected on object 'Object Repository/lab/Page_KDMC/select_--Select--Schedule 4X-r'

2018-05-21 13:08:13 - [MESSAGE][PASSED] - All options with index in [1] are selected on object 'Object Repository/lab/Page_KDMC/select_--Select--Schedule 4X-r'

2018-05-21 13:08:13 - [TEST_STEP][PASSED] - selectOptionByIndex: All options with index in [6] are selected on object 'Object Repository/lab/Page_KDMC/select_--Select--Automatic x-r'

2018-05-21 13:08:13 - [MESSAGE][PASSED] - All options with index in [6] are selected on object 'Object Repository/lab/Page_KDMC/select_--Select--Automatic x-r'

2018-05-21 13:08:13 - [TEST_STEP][PASSED] - setText: Text '10' is set on object 'Object Repository/lab/Page_KDMC/input_txttreat'

2018-05-21 13:08:13 - [MESSAGE][PASSED] - Text '10' is set on object 'Object Repository/lab/Page_KDMC/input_txttreat'

2018-05-21 13:08:13 - [TEST_STEP][PASSED] - click: Object: 'Object Repository/lab/Page_KDMC/button_Add' is clicked on

2018-05-21 13:08:13 - [MESSAGE][PASSED] - Object: 'Object Repository/lab/Page_KDMC/button_Add' is clicked on

2018-05-21 13:08:13 - [TEST_STEP][PASSED] - selectOptionByIndex: All options with index in [1] are selected on object 'Object Repository/lab/Page_KDMC/select_--Select--Schedule 4X-r'

2018-05-21 13:08:14 - [MESSAGE][PASSED] - All options with index in [1] are selected on object 'Object Repository/lab/Page_KDMC/select_--Select--Schedule 4X-r'

2018-05-21 13:08:14 - [TEST_STEP][PASSED] - selectOptionByIndex: All options with index in [7] are selected on object 'Object Repository/lab/Page_KDMC/select_--Select--Automatic x-r'

2018-05-21 13:08:14 - [MESSAGE][PASSED] - All options with index in [7] are selected on object 'Object Repository/lab/Page_KDMC/select_--Select--Automatic x-r'

2018-05-21 13:08:14 - [TEST_STEP][PASSED] - setText: Text '10' is set on object 'Object Repository/lab/Page_KDMC/input_txttreat'

2018-05-21 13:08:14 - [MESSAGE][PASSED] - Text '10' is set on object 'Object Repository/lab/Page_KDMC/input_txttreat'

2018-05-21 13:08:14 - [TEST_STEP][PASSED] - click: Object: 'Object Repository/lab/Page_KDMC/button_Add' is clicked on

2018-05-21 13:08:14 - [MESSAGE][PASSED] - Object: 'Object Repository/lab/Page_KDMC/button_Add' is clicked on

2018-05-21 13:08:14 - [TEST_STEP][PASSED] - selectOptionByIndex: All options with index in [1] are selected on object 'Object Repository/lab/Page_KDMC/select_--Select--Schedule 4X-r'

2018-05-21 13:08:14 - [MESSAGE][PASSED] - All options with index in [1] are selected on object 'Object Repository/lab/Page_KDMC/select_--Select--Schedule 4X-r'

2018-05-21 13:08:14 - [TEST_STEP][PASSED] - selectOptionByIndex: All options with index in [8] are selected on object 'Object Repository/lab/Page_KDMC/select_--Select--Automatic x-r'

2018-05-21 13:08:14 - [MESSAGE][PASSED] - All options with index in [8] are selected on object 'Object Repository/lab/Page_KDMC/select_--Select--Automatic x-r'

2018-05-21 13:08:14 - [TEST_STEP][PASSED] - setText: Text '10' is set on object 'Object Repository/lab/Page_KDMC/input_txttreat'

2018-05-21 13:08:14 - [MESSAGE][PASSED] - Text '10' is set on object 'Object Repository/lab/Page_KDMC/input_txttreat'

2018-05-21 13:08:14 - [TEST_STEP][PASSED] - click: Object: 'Object Repository/lab/Page_KDMC/button_Add' is clicked on

2018-05-21 13:08:14 - [MESSAGE][PASSED] - Object: 'Object Repository/lab/Page_KDMC/button_Add' is clicked on

2018-05-21 13:08:14 - [TEST_STEP][PASSED] - selectOptionByIndex: All options with index in [1] are selected on object 'Object Repository/lab/Page_KDMC/select_--Select--Schedule 4X-r'

2018-05-21 13:08:15 - [MESSAGE][PASSED] - All options with index in [1] are selected on object 'Object Repository/lab/Page_KDMC/select_--Select--Schedule 4X-r'

2018-05-21 13:08:15 - [TEST_STEP][PASSED] - selectOptionByIndex: All options with index in [9] are selected on object 'Object Repository/lab/Page_KDMC/select_--Select--Automatic x-r'

2018-05-21 13:08:15 - [MESSAGE][PASSED] - All options with index in [9] are selected on object 'Object Repository/lab/Page_KDMC/select_--Select--Automatic x-r'

2018-05-21 13:08:15 - [TEST_STEP][PASSED] - setText: Text '10' is set on object 'Object Repository/lab/Page_KDMC/input_txttreat'

2018-05-21 13:08:15 - [MESSAGE][PASSED] - Text '10' is set on object 'Object Repository/lab/Page_KDMC/input_txttreat'

2018-05-21 13:08:15 - [TEST_STEP][PASSED] - click: Object: 'Object Repository/lab/Page_KDMC/button_Add' is clicked on

2018-05-21 13:08:15 - [MESSAGE][PASSED] - Object: 'Object Repository/lab/Page_KDMC/button_Add' is clicked on

2018-05-21 13:08:15 - [TEST_STEP][PASSED] - selectOptionByIndex: All options with index in [1] are selected on object 'Object Repository/lab/Page_KDMC/select_--Select--Schedule 4X-r'

2018-05-21 13:08:15 - [MESSAGE][PASSED] - All options with index in [1] are selected on object 'Object Repository/lab/Page_KDMC/select_--Select--Schedule 4X-r'

2018-05-21 13:08:15 - [TEST_STEP][PASSED] - selectOptionByIndex: All options with index in [10] are selected on object 'Object Repository/lab/Page_KDMC/select_--Select--Automatic x-r'

2018-05-21 13:08:15 - [MESSAGE][PASSED] - All options with index in [10] are selected on object 'Object Repository/lab/Page_KDMC/select_--Select--Automatic x-r'

2018-05-21 13:08:15 - [TEST_STEP][PASSED] - setText: Text '10' is set on object 'Object Repository/lab/Page_KDMC/input_txttreat'

2018-05-21 13:08:15 - [MESSAGE][PASSED] - Text '10' is set on object 'Object Repository/lab/Page_KDMC/input_txttreat'

2018-05-21 13:08:15 - [TEST_STEP][PASSED] - click: Object: 'Object Repository/lab/Page_KDMC/button_Add' is clicked on

2018-05-21 13:08:15 - [MESSAGE][PASSED] - Object: 'Object Repository/lab/Page_KDMC/button_Add' is clicked on

2018-05-21 13:08:15 - [TEST_STEP][PASSED] - selectOptionByIndex: All options with index in [1] are selected on object 'Object Repository/lab/Page_KDMC/select_--Select--Schedule 4X-r'

2018-05-21 13:08:16 - [MESSAGE][PASSED] - All options with index in [1] are selected on object 'Object Repository/lab/Page_KDMC/select_--Select--Schedule 4X-r'

2018-05-21 13:08:16 - [TEST_STEP][PASSED] - selectOptionByIndex: All options with index in [11] are selected on object 'Object Repository/lab/Page_KDMC/select_--Select--Automatic x-r'

2018-05-21 13:08:16 - [MESSAGE][PASSED] - All options with index in [11] are selected on object 'Object Repository/lab/Page_KDMC/select_--Select--Automatic x-r'

2018-05-21 13:08:16 - [TEST_STEP][PASSED] - setText: Text '10' is set on object 'Object Repository/lab/Page_KDMC/input_txttreat'

2018-05-21 13:08:16 - [MESSAGE][PASSED] - Text '10' is set on object 'Object Repository/lab/Page_KDMC/input_txttreat'

2018-05-21 13:08:16 - [TEST_STEP][PASSED] - click: Object: 'Object Repository/lab/Page_KDMC/button_Add' is clicked on

2018-05-21 13:08:16 - [MESSAGE][PASSED] - Object: 'Object Repository/lab/Page_KDMC/button_Add' is clicked on

2018-05-21 13:08:16 - [TEST_STEP][PASSED] - selectOptionByIndex: All options with index in [1] are selected on object 'Object Repository/lab/Page_KDMC/select_--Select--Schedule 4X-r'

2018-05-21 13:08:16 - [MESSAGE][PASSED] - All options with index in [1] are selected on object 'Object Repository/lab/Page_KDMC/select_--Select--Schedule 4X-r'

2018-05-21 13:08:16 - [TEST_STEP][PASSED] - selectOptionByIndex: All options with index in [12] are selected on object 'Object Repository/lab/Page_KDMC/select_--Select--Automatic x-r'

2018-05-21 13:08:16 - [MESSAGE][PASSED] - All options with index in [12] are selected on object 'Object Repository/lab/Page_KDMC/select_--Select--Automatic x-r'

2018-05-21 13:08:16 - [TEST_STEP][PASSED] - setText: Text '10' is set on object 'Object Repository/lab/Page_KDMC/input_txttreat'

2018-05-21 13:08:16 - [MESSAGE][PASSED] - Text '10' is set on object 'Object Repository/lab/Page_KDMC/input_txttreat'

2018-05-21 13:08:16 - [TEST_STEP][PASSED] - click: Object: 'Object Repository/lab/Page_KDMC/button_Add' is clicked on

2018-05-21 13:08:16 - [MESSAGE][PASSED] - Object: 'Object Repository/lab/Page_KDMC/button_Add' is clicked on

2018-05-21 13:08:16 - [TEST_STEP][PASSED] - selectOptionByIndex: All options with index in [1] are selected on object 'Object Repository/lab/Page_KDMC/select_--Select--Schedule 4X-r'

2018-05-21 13:08:17 - [MESSAGE][PASSED] - All options with index in [1] are selected on object 'Object Repository/lab/Page_KDMC/select_--Select--Schedule 4X-r'

2018-05-21 13:08:17 - [TEST_STEP][PASSED] - selectOptionByIndex: All options with index in [13] are selected on object 'Object Repository/lab/Page_KDMC/select_--Select--Automatic x-r'

2018-05-21 13:08:17 - [MESSAGE][PASSED] - All options with index in [13] are selected on object 'Object Repository/lab/Page_KDMC/select_--Select--Automatic x-r'

2018-05-21 13:08:17 - [TEST_STEP][PASSED] - setText: Text '10' is set on object 'Object Repository/lab/Page_KDMC/input_txttreat'

2018-05-21 13:08:17 - [MESSAGE][PASSED] - Text '10' is set on object 'Object Repository/lab/Page_KDMC/input_txttreat'

2018-05-21 13:08:17 - [TEST_STEP][PASSED] - click: Object: 'Object Repository/lab/Page_KDMC/button_Add' is clicked on

2018-05-21 13:08:17 - [MESSAGE][PASSED] - Object: 'Object Repository/lab/Page_KDMC/button_Add' is clicked on

2018-05-21 13:08:17 - [TEST_STEP][PASSED] - selectOptionByIndex: All options with index in [1] are selected on object 'Object Repository/lab/Page_KDMC/select_--Select--Schedule 4X-r'

2018-05-21 13:08:17 - [MESSAGE][PASSED] - All options with index in [1] are selected on object 'Object Repository/lab/Page_KDMC/select_--Select--Schedule 4X-r'

2018-05-21 13:08:17 - [TEST_STEP][PASSED] - selectOptionByIndex: All options with index in [14] are selected on object 'Object Repository/lab/Page_KDMC/select_--Select--Automatic x-r'

2018-05-21 13:08:17 - [MESSAGE][PASSED] - All options with index in [14] are selected on object 'Object Repository/lab/Page_KDMC/select_--Select--Automatic x-r'

2018-05-21 13:08:17 - [TEST_STEP][PASSED] - setText: Text '10' is set on object 'Object Repository/lab/Page_KDMC/input_txttreat'

2018-05-21 13:08:17 - [MESSAGE][PASSED] - Text '10' is set on object 'Object Repository/lab/Page_KDMC/input_txttreat'

2018-05-21 13:08:17 - [TEST_STEP][PASSED] - click: Object: 'Object Repository/lab/Page_KDMC/button_Add' is clicked on

2018-05-21 13:08:17 - [MESSAGE][PASSED] - Object: 'Object Repository/lab/Page_KDMC/button_Add' is clicked on

2018-05-21 13:08:17 - [TEST_STEP][PASSED] - selectOptionByIndex: All options with index in [1] are selected on object 'Object Repository/lab/Page_KDMC/select_--Select--Schedule 4X-r'

2018-05-21 13:08:18 - [MESSAGE][PASSED] - All options with index in [1] are selected on object 'Object Repository/lab/Page_KDMC/select_--Select--Schedule 4X-r'

2018-05-21 13:08:18 - [TEST_STEP][PASSED] - selectOptionByIndex: All options with index in [15] are selected on object 'Object Repository/lab/Page_KDMC/select_--Select--Automatic x-r'

2018-05-21 13:08:18 - [MESSAGE][PASSED] - All options with index in [15] are selected on object 'Object Repository/lab/Page_KDMC/select_--Select--Automatic x-r'

2018-05-21 13:08:18 - [TEST_STEP][PASSED] - setText: Text '10' is set on object 'Object Repository/lab/Page_KDMC/input_txttreat'

2018-05-21 13:08:18 - [MESSAGE][PASSED] - Text '10' is set on object 'Object Repository/lab/Page_KDMC/input_txttreat'

2018-05-21 13:08:18 - [TEST_STEP][PASSED] - click: Object: 'Object Repository/lab/Page_KDMC/button_Add' is clicked on

2018-05-21 13:08:18 - [MESSAGE][PASSED] - Object: 'Object Repository/lab/Page_KDMC/button_Add' is clicked on

2018-05-21 13:08:18 - [TEST_STEP][PASSED] - Statement - RN1 = com.kms.katalon.core.webui.keyword.WebUiBuiltInKeywords.getAttribute(com.kms.katalon.core.testobject.ObjectRepository.findTestObject(lab/Page_KDMC/input_txtno), "value"): Attribute 'value' of object 'Object Repository/lab/Page_KDMC/input_txtno' is: 'LRNO/21052018/123'

2018-05-21 13:08:18 - [MESSAGE][PASSED] - Attribute 'value' of object 'Object Repository/lab/Page_KDMC/input_txtno' is: 'LRNO/21052018/123'

2018-05-21 13:08:18 - [TEST_STEP][PASSED] - Statement - out.println(RN1): null

2018-05-21 13:08:18 - [TEST_STEP][PASSED] - Statement - RID = RN1.split("/")[2]: null

2018-05-21 13:08:18 - [TEST_STEP][PASSED] - scrollToElement: Scroll to object 'Object Repository/lab/Page_KDMC/input_btnsave' successfully

2018-05-21 13:08:18 - [MESSAGE][PASSED] - Scroll to object 'Object Repository/lab/Page_KDMC/input_btnsave' successfully

2018-05-21 13:08:18 - [TEST_STEP][PASSED] - click: Object: 'Object Repository/lab/Page_KDMC/input_btnsave' is clicked on

2018-05-21 13:08:18 - [MESSAGE][PASSED] - Object: 'Object Repository/lab/Page_KDMC/input_btnsave' is clicked on

2018-05-21 13:08:18 - [TEST_STEP][PASSED] - delay: Delayed 3 second(s)

2018-05-21 13:08:21 - [MESSAGE][PASSED] - Delayed 3 second(s)

2018-05-21 13:08:21 - [TEST_STEP][PASSED] - click: Object: 'Object Repository/lab/Page_KDMC/button_OK' is clicked on

2018-05-21 13:08:22 - [MESSAGE][PASSED] - Object: 'Object Repository/lab/Page_KDMC/button_OK' is clicked on

2018-05-21 13:08:22 - [TEST_STEP][PASSED] - delay: Delayed 3 second(s)

2018-05-21 13:08:25 - [MESSAGE][PASSED] - Delayed 3 second(s)

2018-05-21 13:08:25 - [TEST_STEP][PASSED] - click: Object: 'Object Repository/lab/Page_KDMC/a_dropdown-toggle' is clicked on

2018-05-21 13:08:25 - [MESSAGE][PASSED] - Object: 'Object Repository/lab/Page_KDMC/a_dropdown-toggle' is clicked on

2018-05-21 13:08:25 - [TEST_STEP][PASSED] - click: Object: 'Object Repository/lab/Page_KDMC/a_Sign out' is clicked on

2018-05-21 13:08:26 - [MESSAGE][PASSED] - Object: 'Object Repository/lab/Page_KDMC/a_Sign out' is clicked on

2018-05-21 13:08:26 - [TEST_STEP][PASSED] - delay: Delayed 3 second(s)

2018-05-21 13:08:29 - [MESSAGE][PASSED] - Delayed 3 second(s)

2018-05-21 13:08:29 - [TEST_STEP][PASSED] - click: Object: 'Object Repository/lab/Page_KDMC/a_CMO' is clicked on

2018-05-21 13:08:29 - [MESSAGE][PASSED] - Object: 'Object Repository/lab/Page_KDMC/a_CMO' is clicked on

2018-05-21 13:08:29 - [TEST_STEP][PASSED] - setText: Text 'guru' is set on object 'Object Repository/lab/Page_CMO login/input_txtusername'

2018-05-21 13:08:30 - [MESSAGE][PASSED] - Text 'guru' is set on object 'Object Repository/lab/Page_CMO login/input_txtusername'

2018-05-21 13:08:30 - [TEST_STEP][PASSED] - setText: Text '123' is set on object 'Object Repository/lab/Page_CMO login/input_txtpassword'

2018-05-21 13:08:30 - [MESSAGE][PASSED] - Text '123' is set on object 'Object Repository/lab/Page_CMO login/input_txtpassword'

2018-05-21 13:08:30 - [TEST_STEP][PASSED] - delay: Delayed 3 second(s)

2018-05-21 13:08:33 - [MESSAGE][PASSED] - Delayed 3 second(s)

2018-05-21 13:08:33 - [TEST_STEP][PASSED] - click: Object: 'Object Repository/lab/Page_CMO login/button_Sign in' is clicked on

2018-05-21 13:08:34 - [MESSAGE][PASSED] - Object: 'Object Repository/lab/Page_CMO login/button_Sign in' is clicked on

2018-05-21 13:08:34 - [TEST_STEP][PASSED] - click: Object: 'Object Repository/lab/Page_KDMC - CMO/span_Department Wise Request' is clicked on

2018-05-21 13:08:36 - [MESSAGE][PASSED] - Object: 'Object Repository/lab/Page_KDMC - CMO/span_Department Wise Request' is clicked on

2018-05-21 13:08:36 - [TEST_STEP][PASSED] - selectOptionByIndex: All options with index in [4] are selected on object 'Object Repository/lab/Page_KDMC - CMO/select_--ALL--'

2018-05-21 13:08:36 - [MESSAGE][PASSED] - All options with index in [4] are selected on object 'Object Repository/lab/Page_KDMC - CMO/select_--ALL--'

2018-05-21 13:08:36 - [TEST_STEP][PASSED] - selectOptionByIndex: All options with index in [1] are selected on object 'Object Repository/lab/Page_KDMC - CMO/select_--ALL--                _1'

2018-05-21 13:08:36 - [MESSAGE][PASSED] - All options with index in [1] are selected on object 'Object Repository/lab/Page_KDMC - CMO/select_--ALL--                _1'

2018-05-21 13:08:36 - [TEST_STEP][PASSED] - click: Object: 'Object Repository/lab/Page_KDMC - CMO/input_btnsearch' is clicked on

2018-05-21 13:08:36 - [MESSAGE][PASSED] - Object: 'Object Repository/lab/Page_KDMC - CMO/input_btnsearch' is clicked on

2018-05-21 13:08:36 - [TEST_STEP][PASSED] - Statement - ID = com.kms.katalon.core.webui.keyword.WebUiBuiltInKeywords.modifyObjectProperty(com.kms.katalon.core.testobject.ObjectRepository.findTestObject(lab/Page_KDMC - CMO/input_1), "xpath", "equals", "//*[@id=" + RID + "]", true): Modify property of object successfully

2018-05-21 13:08:36 - [MESSAGE][PASSED] - Modify property of object successfully

2018-05-21 13:08:36 - [TEST_STEP][PASSED] - click: Object: 'Object Repository/lab/Page_KDMC - CMO/input_1' is clicked on

2018-05-21 13:08:37 - [MESSAGE][PASSED] - Object: 'Object Repository/lab/Page_KDMC - CMO/input_1' is clicked on

2018-05-21 13:08:37 - [TEST_STEP][PASSED] - delay: Delayed 2 second(s)

2018-05-21 13:08:39 - [MESSAGE][PASSED] - Delayed 2 second(s)

2018-05-21 13:08:39 - [TEST_STEP][PASSED] - selectOptionByIndex: All options with index in [1] are selected on object 'Object Repository/lab/Page_KDMC - CMO/select_--Select--'

2018-05-21 13:08:39 - [MESSAGE][PASSED] - All options with index in [1] are selected on object 'Object Repository/lab/Page_KDMC - CMO/select_--Select--'

2018-05-21 13:08:39 - [TEST_STEP][PASSED] - click: Object: 'Object Repository/lab/Page_KDMC - CMO/input_btnupdate' is clicked on

2018-05-21 13:08:39 - [MESSAGE][PASSED] - Object: 'Object Repository/lab/Page_KDMC - CMO/input_btnupdate' is clicked on

2018-05-21 13:08:39 - [TEST_STEP][PASSED] - delay: Delayed 2 second(s)

2018-05-21 13:08:41 - [MESSAGE][PASSED] - Delayed 2 second(s)

2018-05-21 13:08:41 - [TEST_STEP][PASSED] - click: Object: 'Object Repository/lab/Page_KDMC - CMO/button_OK' is clicked on

2018-05-21 13:08:42 - [MESSAGE][PASSED] - Object: 'Object Repository/lab/Page_KDMC - CMO/button_OK' is clicked on

2018-05-21 13:08:42 - [TEST_STEP][PASSED] - delay: Delayed 3 second(s)

2018-05-21 13:08:45 - [MESSAGE][PASSED] - Delayed 3 second(s)

2018-05-21 13:08:45 - [TEST_STEP][PASSED] - click: Object: 'Object Repository/lab/Page_KDMC - CMO/a_dropdown-toggle' is clicked on

2018-05-21 13:08:45 - [MESSAGE][PASSED] - Object: 'Object Repository/lab/Page_KDMC - CMO/a_dropdown-toggle' is clicked on

2018-05-21 13:08:45 - [TEST_STEP][PASSED] - click: Object: 'Object Repository/lab/Page_KDMC - CMO/a_Sign out' is clicked on

2018-05-21 13:08:45 - [MESSAGE][PASSED] - Object: 'Object Repository/lab/Page_KDMC - CMO/a_Sign out' is clicked on

2018-05-21 13:08:45 - [TEST_STEP][PASSED] - delay: Delayed 3 second(s)

2018-05-21 13:08:48 - [MESSAGE][PASSED] - Delayed 3 second(s)

2018-05-21 13:08:48 - [TEST_STEP][PASSED] - click: Object: 'Object Repository/lab/Page_KDMC/a_Divisional Store' is clicked on

2018-05-21 13:08:49 - [MESSAGE][PASSED] - Object: 'Object Repository/lab/Page_KDMC/a_Divisional Store' is clicked on

2018-05-21 13:08:49 - [TEST_STEP][PASSED] - setText: Text 'ragu' is set on object 'Object Repository/lab/Page_Divisonal Store Login/input_txtusername'

2018-05-21 13:08:49 - [MESSAGE][PASSED] - Text 'ragu' is set on object 'Object Repository/lab/Page_Divisonal Store Login/input_txtusername'

2018-05-21 13:08:49 - [TEST_STEP][PASSED] - setText: Text '123' is set on object 'Object Repository/lab/Page_Divisonal Store Login/input_txtpassword'

2018-05-21 13:08:49 - [MESSAGE][PASSED] - Text '123' is set on object 'Object Repository/lab/Page_Divisonal Store Login/input_txtpassword'

2018-05-21 13:08:49 - [TEST_STEP][PASSED] - delay: Delayed 3 second(s)

2018-05-21 13:08:52 - [MESSAGE][PASSED] - Delayed 3 second(s)

2018-05-21 13:08:52 - [TEST_STEP][PASSED] - click: Object: 'Object Repository/lab/Page_Divisonal Store Login/button_Sign in' is clicked on

2018-05-21 13:08:54 - [MESSAGE][PASSED] - Object: 'Object Repository/lab/Page_Divisonal Store Login/button_Sign in' is clicked on

2018-05-21 13:08:54 - [TEST_STEP][PASSED] - delay: Delayed 3 second(s)

2018-05-21 13:08:57 - [MESSAGE][PASSED] - Delayed 3 second(s)

2018-05-21 13:08:57 - [TEST_STEP][PASSED] - click: Object: 'Object Repository/lab/Page_Store/a_Lab Request' is clicked on

2018-05-21 13:08:57 - [MESSAGE][PASSED] - Object: 'Object Repository/lab/Page_Store/a_Lab Request' is clicked on

2018-05-21 13:08:57 - [TEST_STEP][PASSED] - click: Object: 'Object Repository/lab/Page_Store/a_Request Item Lab' is clicked on

2018-05-21 13:08:57 - [MESSAGE][PASSED] - Object: 'Object Repository/lab/Page_Store/a_Request Item Lab' is clicked on

2018-05-21 13:08:57 - [TEST_STEP][PASSED] - Statement - ChooseRequest = com.kms.katalon.core.webui.keyword.WebUiBuiltInKeywords.modifyObjectProperty(com.kms.katalon.core.testobject.ObjectRepository.findTestObject(lab/Page_Store/input_1), "xpath", "equals", "//*[@id=" + RID + "]", true): Modify property of object successfully

2018-05-21 13:08:57 - [MESSAGE][PASSED] - Modify property of object successfully

2018-05-21 13:08:57 - [TEST_STEP][PASSED] - click: Object: 'Object Repository/lab/Page_Store/input_1' is clicked on

2018-05-21 13:08:58 - [MESSAGE][PASSED] - Object: 'Object Repository/lab/Page_Store/input_1' is clicked on

2018-05-21 13:08:58 - [TEST_STEP][PASSED] - delay: Delayed 2 second(s)

2018-05-21 13:09:00 - [MESSAGE][PASSED] - Delayed 2 second(s)

2018-05-21 13:09:00 - [TEST_STEP][PASSED] - Statement - selectedoptions = com.kms.katalon.core.webui.keyword.WebUiBuiltInKeywords.getNumberOfTotalOption(com.kms.katalon.core.testobject.ObjectRepository.findTestObject(lab/Page_Store/select_--Select--E.C.G. Jelly)): 16 options of object 'Object Repository/lab/Page_Store/select_--Select--E.C.G. Jelly' counted

2018-05-21 13:09:00 - [MESSAGE][PASSED] - 16 options of object 'Object Repository/lab/Page_Store/select_--Select--E.C.G. Jelly' counted

2018-05-21 13:09:00 - [TEST_STEP][FAILED] - Statement - For ([a = 1, a < selectedoptions, (a++)]): Unable to click on object 'Object Repository/lab/Page_Store/button_OK' (Root cause: com.kms.katalon.core.webui.exception.WebElementNotFoundException: Web element with id: 'Object Repository/lab/Page_Store/button_OK' located by 'By.xpath: /html/body/div[5]/div/div/div[2]/button[count(. | //button[@type = 'button' and (text() = 'OK' or . = 'OK')]) = count(//button[@type = 'button' and (text() = 'OK' or . = 'OK')])]' not found)

2018-05-21 13:09:00 - [TEST_STEP][PASSED] - selectOptionByIndex: All options with index in [1] are selected on object 'Object Repository/lab/Page_Store/select_--Select--E.C.G. Jelly'

2018-05-21 13:09:00 - [MESSAGE][PASSED] - All options with index in [1] are selected on object 'Object Repository/lab/Page_Store/select_--Select--E.C.G. Jelly'

2018-05-21 13:09:00 - [TEST_STEP][PASSED] - delay: Delayed 2 second(s)

2018-05-21 13:09:02 - [MESSAGE][PASSED] - Delayed 2 second(s)

2018-05-21 13:09:02 - [TEST_STEP][PASSED] - Statement - RequestedQty = com.kms.katalon.core.webui.keyword.WebUiBuiltInKeywords.getAttribute(com.kms.katalon.core.testobject.ObjectRepository.findTestObject(lab/Page_Store/input_txttotal), "value"): Attribute 'value' of object 'Object Repository/lab/Page_Store/input_txttotal' is: '10'

2018-05-21 13:09:02 - [MESSAGE][PASSED] - Attribute 'value' of object 'Object Repository/lab/Page_Store/input_txttotal' is: '10'

2018-05-21 13:09:02 - [TEST_STEP][PASSED] - Statement - out.println("Requested QTY : " + RequestedQty): null

2018-05-21 13:09:02 - [TEST_STEP][PASSED] - Statement - BatchNumber = com.kms.katalon.core.webui.keyword.WebUiBuiltInKeywords.getNumberOfTotalOption(com.kms.katalon.core.testobject.ObjectRepository.findTestObject(lab/Page_Store/select_--Select--BA50)): 6 options of object 'Object Repository/lab/Page_Store/select_--Select--BA50' counted

2018-05-21 13:09:02 - [MESSAGE][PASSED] - 6 options of object 'Object Repository/lab/Page_Store/select_--Select--BA50' counted

2018-05-21 13:09:02 - [TEST_STEP][PASSED] - Statement - For ([g = 1, g < BatchNumber, (g++)]): null

2018-05-21 13:09:02 - [TEST_STEP][PASSED] - selectOptionByIndex: All options with index in [1] are selected on object 'Object Repository/lab/Page_Store/select_--Select--BA50'

2018-05-21 13:09:03 - [MESSAGE][PASSED] - All options with index in [1] are selected on object 'Object Repository/lab/Page_Store/select_--Select--BA50'

2018-05-21 13:09:03 - [TEST_STEP][PASSED] - Statement - Try: null

2018-05-21 13:09:03 - [TEST_STEP][PASSED] - Statement - StockQty = com.kms.katalon.core.webui.keyword.WebUiBuiltInKeywords.getAttribute(com.kms.katalon.core.testobject.ObjectRepository.findTestObject(lab/Page_Store/input_txtprice), "value"): Attribute 'value' of object 'Object Repository/lab/Page_Store/input_txtprice' is: '100'

2018-05-21 13:09:03 - [MESSAGE][PASSED] - Attribute 'value' of object 'Object Repository/lab/Page_Store/input_txtprice' is: '100'

2018-05-21 13:09:03 - [TEST_STEP][PASSED] - Statement - out.println("Stock QTY : " + StockQty): null

2018-05-21 13:09:03 - [TEST_STEP][PASSED] - delay: Delayed 2 second(s)

2018-05-21 13:09:05 - [MESSAGE][PASSED] - Delayed 2 second(s)

2018-05-21 13:09:05 - [TEST_STEP][PASSED] - Statement - If (java.lang.Integer.valueOf(StockQty) >= java.lang.Integer.valueOf(RequestedQty)): null

2018-05-21 13:09:05 - [TEST_STEP][PASSED] - setText: Text '10' is set on object 'Object Repository/lab/Page_Store/input_txtqty'

2018-05-21 13:09:05 - [MESSAGE][PASSED] - Text '10' is set on object 'Object Repository/lab/Page_Store/input_txtqty'

2018-05-21 13:09:05 - [TEST_STEP][PASSED] - click: Object: 'Object Repository/lab/Page_Store/button_Add' is clicked on

2018-05-21 13:09:05 - [MESSAGE][PASSED] - Object: 'Object Repository/lab/Page_Store/button_Add' is clicked on

2018-05-21 13:09:05 - [TEST_STEP][PASSED] - Statement - Break: null

2018-05-21 13:09:05 - [TEST_STEP][PASSED] - selectOptionByIndex: All options with index in [2] are selected on object 'Object Repository/lab/Page_Store/select_--Select--E.C.G. Jelly'

2018-05-21 13:09:05 - [MESSAGE][PASSED] - All options with index in [2] are selected on object 'Object Repository/lab/Page_Store/select_--Select--E.C.G. Jelly'

2018-05-21 13:09:05 - [TEST_STEP][PASSED] - delay: Delayed 2 second(s)

2018-05-21 13:09:07 - [MESSAGE][PASSED] - Delayed 2 second(s)

2018-05-21 13:09:07 - [TEST_STEP][PASSED] - Statement - RequestedQty = com.kms.katalon.core.webui.keyword.WebUiBuiltInKeywords.getAttribute(com.kms.katalon.core.testobject.ObjectRepository.findTestObject(lab/Page_Store/input_txttotal), "value"): Attribute 'value' of object 'Object Repository/lab/Page_Store/input_txttotal' is: '10'

2018-05-21 13:09:07 - [MESSAGE][PASSED] - Attribute 'value' of object 'Object Repository/lab/Page_Store/input_txttotal' is: '10'

2018-05-21 13:09:07 - [TEST_STEP][PASSED] - Statement - out.println("Requested QTY : " + RequestedQty): null

2018-05-21 13:09:07 - [TEST_STEP][PASSED] - Statement - BatchNumber = com.kms.katalon.core.webui.keyword.WebUiBuiltInKeywords.getNumberOfTotalOption(com.kms.katalon.core.testobject.ObjectRepository.findTestObject(lab/Page_Store/select_--Select--BA50)): 4 options of object 'Object Repository/lab/Page_Store/select_--Select--BA50' counted

2018-05-21 13:09:07 - [MESSAGE][PASSED] - 4 options of object 'Object Repository/lab/Page_Store/select_--Select--BA50' counted

2018-05-21 13:09:07 - [TEST_STEP][PASSED] - Statement - For ([g = 1, g < BatchNumber, (g++)]): null

2018-05-21 13:09:07 - [TEST_STEP][PASSED] - selectOptionByIndex: All options with index in [1] are selected on object 'Object Repository/lab/Page_Store/select_--Select--BA50'

2018-05-21 13:09:07 - [MESSAGE][PASSED] - All options with index in [1] are selected on object 'Object Repository/lab/Page_Store/select_--Select--BA50'

2018-05-21 13:09:07 - [TEST_STEP][PASSED] - Statement - Try: null

2018-05-21 13:09:07 - [TEST_STEP][PASSED] - Statement - StockQty = com.kms.katalon.core.webui.keyword.WebUiBuiltInKeywords.getAttribute(com.kms.katalon.core.testobject.ObjectRepository.findTestObject(lab/Page_Store/input_txtprice), "value"): Attribute 'value' of object 'Object Repository/lab/Page_Store/input_txtprice' is: '130'

2018-05-21 13:09:07 - [MESSAGE][PASSED] - Attribute 'value' of object 'Object Repository/lab/Page_Store/input_txtprice' is: '130'

2018-05-21 13:09:07 - [TEST_STEP][PASSED] - Statement - out.println("Stock QTY : " + StockQty): null

2018-05-21 13:09:07 - [TEST_STEP][PASSED] - delay: Delayed 2 second(s)

2018-05-21 13:09:09 - [MESSAGE][PASSED] - Delayed 2 second(s)

2018-05-21 13:09:09 - [TEST_STEP][PASSED] - Statement - If (java.lang.Integer.valueOf(StockQty) >= java.lang.Integer.valueOf(RequestedQty)): null

2018-05-21 13:09:09 - [TEST_STEP][PASSED] - setText: Text '10' is set on object 'Object Repository/lab/Page_Store/input_txtqty'

2018-05-21 13:09:09 - [MESSAGE][PASSED] - Text '10' is set on object 'Object Repository/lab/Page_Store/input_txtqty'

2018-05-21 13:09:09 - [TEST_STEP][PASSED] - click: Object: 'Object Repository/lab/Page_Store/button_Add' is clicked on

2018-05-21 13:09:10 - [MESSAGE][PASSED] - Object: 'Object Repository/lab/Page_Store/button_Add' is clicked on

2018-05-21 13:09:10 - [TEST_STEP][PASSED] - Statement - Break: null

2018-05-21 13:09:10 - [TEST_STEP][PASSED] - selectOptionByIndex: All options with index in [3] are selected on object 'Object Repository/lab/Page_Store/select_--Select--E.C.G. Jelly'

2018-05-21 13:09:10 - [MESSAGE][PASSED] - All options with index in [3] are selected on object 'Object Repository/lab/Page_Store/select_--Select--E.C.G. Jelly'

2018-05-21 13:09:10 - [TEST_STEP][PASSED] - delay: Delayed 2 second(s)

2018-05-21 13:09:12 - [MESSAGE][PASSED] - Delayed 2 second(s)

2018-05-21 13:09:12 - [TEST_STEP][PASSED] - Statement - RequestedQty = com.kms.katalon.core.webui.keyword.WebUiBuiltInKeywords.getAttribute(com.kms.katalon.core.testobject.ObjectRepository.findTestObject(lab/Page_Store/input_txttotal), "value"): Attribute 'value' of object 'Object Repository/lab/Page_Store/input_txttotal' is: '10'

2018-05-21 13:09:12 - [MESSAGE][PASSED] - Attribute 'value' of object 'Object Repository/lab/Page_Store/input_txttotal' is: '10'

2018-05-21 13:09:12 - [TEST_STEP][PASSED] - Statement - out.println("Requested QTY : " + RequestedQty): null

2018-05-21 13:09:12 - [TEST_STEP][PASSED] - Statement - BatchNumber = com.kms.katalon.core.webui.keyword.WebUiBuiltInKeywords.getNumberOfTotalOption(com.kms.katalon.core.testobject.ObjectRepository.findTestObject(lab/Page_Store/select_--Select--BA50)): 5 options of object 'Object Repository/lab/Page_Store/select_--Select--BA50' counted

2018-05-21 13:09:12 - [MESSAGE][PASSED] - 5 options of object 'Object Repository/lab/Page_Store/select_--Select--BA50' counted

2018-05-21 13:09:12 - [TEST_STEP][PASSED] - Statement - For ([g = 1, g < BatchNumber, (g++)]): null

2018-05-21 13:09:12 - [TEST_STEP][PASSED] - selectOptionByIndex: All options with index in [1] are selected on object 'Object Repository/lab/Page_Store/select_--Select--BA50'

2018-05-21 13:09:12 - [MESSAGE][PASSED] - All options with index in [1] are selected on object 'Object Repository/lab/Page_Store/select_--Select--BA50'

2018-05-21 13:09:12 - [TEST_STEP][PASSED] - Statement - Try: null

2018-05-21 13:09:12 - [TEST_STEP][PASSED] - Statement - StockQty = com.kms.katalon.core.webui.keyword.WebUiBuiltInKeywords.getAttribute(com.kms.katalon.core.testobject.ObjectRepository.findTestObject(lab/Page_Store/input_txtprice), "value"): Attribute 'value' of object 'Object Repository/lab/Page_Store/input_txtprice' is: '100'

2018-05-21 13:09:12 - [MESSAGE][PASSED] - Attribute 'value' of object 'Object Repository/lab/Page_Store/input_txtprice' is: '100'

2018-05-21 13:09:12 - [TEST_STEP][PASSED] - Statement - out.println("Stock QTY : " + StockQty): null

2018-05-21 13:09:12 - [TEST_STEP][PASSED] - delay: Delayed 2 second(s)

2018-05-21 13:09:14 - [MESSAGE][PASSED] - Delayed 2 second(s)

2018-05-21 13:09:14 - [TEST_STEP][PASSED] - Statement - If (java.lang.Integer.valueOf(StockQty) >= java.lang.Integer.valueOf(RequestedQty)): null

2018-05-21 13:09:14 - [TEST_STEP][PASSED] - setText: Text '10' is set on object 'Object Repository/lab/Page_Store/input_txtqty'

2018-05-21 13:09:14 - [MESSAGE][PASSED] - Text '10' is set on object 'Object Repository/lab/Page_Store/input_txtqty'

2018-05-21 13:09:14 - [TEST_STEP][PASSED] - click: Object: 'Object Repository/lab/Page_Store/button_Add' is clicked on

2018-05-21 13:09:14 - [MESSAGE][PASSED] - Object: 'Object Repository/lab/Page_Store/button_Add' is clicked on

2018-05-21 13:09:14 - [TEST_STEP][PASSED] - Statement - Break: null

2018-05-21 13:09:14 - [TEST_STEP][PASSED] - selectOptionByIndex: All options with index in [4] are selected on object 'Object Repository/lab/Page_Store/select_--Select--E.C.G. Jelly'

2018-05-21 13:09:14 - [MESSAGE][PASSED] - All options with index in [4] are selected on object 'Object Repository/lab/Page_Store/select_--Select--E.C.G. Jelly'

2018-05-21 13:09:14 - [TEST_STEP][PASSED] - delay: Delayed 2 second(s)

2018-05-21 13:09:16 - [MESSAGE][PASSED] - Delayed 2 second(s)

2018-05-21 13:09:16 - [TEST_STEP][PASSED] - Statement - RequestedQty = com.kms.katalon.core.webui.keyword.WebUiBuiltInKeywords.getAttribute(com.kms.katalon.core.testobject.ObjectRepository.findTestObject(lab/Page_Store/input_txttotal), "value"): Attribute 'value' of object 'Object Repository/lab/Page_Store/input_txttotal' is: '10'

2018-05-21 13:09:16 - [MESSAGE][PASSED] - Attribute 'value' of object 'Object Repository/lab/Page_Store/input_txttotal' is: '10'

2018-05-21 13:09:16 - [TEST_STEP][PASSED] - Statement - out.println("Requested QTY : " + RequestedQty): null

2018-05-21 13:09:16 - [TEST_STEP][PASSED] - Statement - BatchNumber = com.kms.katalon.core.webui.keyword.WebUiBuiltInKeywords.getNumberOfTotalOption(com.kms.katalon.core.testobject.ObjectRepository.findTestObject(lab/Page_Store/select_--Select--BA50)): 3 options of object 'Object Repository/lab/Page_Store/select_--Select--BA50' counted

2018-05-21 13:09:17 - [MESSAGE][PASSED] - 3 options of object 'Object Repository/lab/Page_Store/select_--Select--BA50' counted

2018-05-21 13:09:17 - [TEST_STEP][PASSED] - Statement - For ([g = 1, g < BatchNumber, (g++)]): null

2018-05-21 13:09:17 - [TEST_STEP][PASSED] - selectOptionByIndex: All options with index in [1] are selected on object 'Object Repository/lab/Page_Store/select_--Select--BA50'

2018-05-21 13:09:17 - [MESSAGE][PASSED] - All options with index in [1] are selected on object 'Object Repository/lab/Page_Store/select_--Select--BA50'

2018-05-21 13:09:17 - [TEST_STEP][PASSED] - Statement - Try: null

2018-05-21 13:09:17 - [TEST_STEP][PASSED] - Statement - StockQty = com.kms.katalon.core.webui.keyword.WebUiBuiltInKeywords.getAttribute(com.kms.katalon.core.testobject.ObjectRepository.findTestObject(lab/Page_Store/input_txtprice), "value"): Attribute 'value' of object 'Object Repository/lab/Page_Store/input_txtprice' is: '100'

2018-05-21 13:09:17 - [MESSAGE][PASSED] - Attribute 'value' of object 'Object Repository/lab/Page_Store/input_txtprice' is: '100'

2018-05-21 13:09:17 - [TEST_STEP][PASSED] - Statement - out.println("Stock QTY : " + StockQty): null

2018-05-21 13:09:17 - [TEST_STEP][PASSED] - delay: Delayed 2 second(s)

2018-05-21 13:09:19 - [MESSAGE][PASSED] - Delayed 2 second(s)

2018-05-21 13:09:19 - [TEST_STEP][PASSED] - Statement - If (java.lang.Integer.valueOf(StockQty) >= java.lang.Integer.valueOf(RequestedQty)): null

2018-05-21 13:09:19 - [TEST_STEP][PASSED] - setText: Text '10' is set on object 'Object Repository/lab/Page_Store/input_txtqty'

2018-05-21 13:09:19 - [MESSAGE][PASSED] - Text '10' is set on object 'Object Repository/lab/Page_Store/input_txtqty'

2018-05-21 13:09:19 - [TEST_STEP][PASSED] - click: Object: 'Object Repository/lab/Page_Store/button_Add' is clicked on

2018-05-21 13:09:24 - [MESSAGE][PASSED] - Object: 'Object Repository/lab/Page_Store/button_Add' is clicked on

2018-05-21 13:09:24 - [TEST_STEP][PASSED] - Statement - Break: null

2018-05-21 13:09:24 - [TEST_STEP][PASSED] - selectOptionByIndex: All options with index in [5] are selected on object 'Object Repository/lab/Page_Store/select_--Select--E.C.G. Jelly'

2018-05-21 13:09:24 - [MESSAGE][PASSED] - All options with index in [5] are selected on object 'Object Repository/lab/Page_Store/select_--Select--E.C.G. Jelly'

2018-05-21 13:09:24 - [TEST_STEP][PASSED] - delay: Delayed 2 second(s)

2018-05-21 13:09:26 - [MESSAGE][PASSED] - Delayed 2 second(s)

2018-05-21 13:09:26 - [TEST_STEP][PASSED] - Statement - RequestedQty = com.kms.katalon.core.webui.keyword.WebUiBuiltInKeywords.getAttribute(com.kms.katalon.core.testobject.ObjectRepository.findTestObject(lab/Page_Store/input_txttotal), "value"): Attribute 'value' of object 'Object Repository/lab/Page_Store/input_txttotal' is: '10'

2018-05-21 13:09:26 - [MESSAGE][PASSED] - Attribute 'value' of object 'Object Repository/lab/Page_Store/input_txttotal' is: '10'

2018-05-21 13:09:26 - [TEST_STEP][PASSED] - Statement - out.println("Requested QTY : " + RequestedQty): null

2018-05-21 13:09:26 - [TEST_STEP][PASSED] - Statement - BatchNumber = com.kms.katalon.core.webui.keyword.WebUiBuiltInKeywords.getNumberOfTotalOption(com.kms.katalon.core.testobject.ObjectRepository.findTestObject(lab/Page_Store/select_--Select--BA50)): 3 options of object 'Object Repository/lab/Page_Store/select_--Select--BA50' counted

2018-05-21 13:09:26 - [MESSAGE][PASSED] - 3 options of object 'Object Repository/lab/Page_Store/select_--Select--BA50' counted

2018-05-21 13:09:26 - [TEST_STEP][FAILED] - Statement - For ([g = 1, g < BatchNumber, (g++)]): Unable to click on object 'Object Repository/lab/Page_Store/button_OK' (Root cause: com.kms.katalon.core.webui.exception.WebElementNotFoundException: Web element with id: 'Object Repository/lab/Page_Store/button_OK' located by 'By.xpath: /html/body/div[5]/div/div/div[2]/button[count(. | //button[@type = 'button' and (text() = 'OK' or . = 'OK')]) = count(//button[@type = 'button' and (text() = 'OK' or . = 'OK')])]' not found)

2018-05-21 13:09:26 - [TEST_STEP][PASSED] - selectOptionByIndex: All options with index in [1] are selected on object 'Object Repository/lab/Page_Store/select_--Select--BA50'

2018-05-21 13:09:26 - [MESSAGE][PASSED] - All options with index in [1] are selected on object 'Object Repository/lab/Page_Store/select_--Select--BA50'

2018-05-21 13:09:26 - [TEST_STEP][PASSED] - Statement - Try: null

2018-05-21 13:09:26 - [TEST_STEP][PASSED] - Statement - StockQty = com.kms.katalon.core.webui.keyword.WebUiBuiltInKeywords.getAttribute(com.kms.katalon.core.testobject.ObjectRepository.findTestObject(lab/Page_Store/input_txtprice), "value"): Attribute 'value' of object 'Object Repository/lab/Page_Store/input_txtprice' is: ''

2018-05-21 13:09:26 - [MESSAGE][PASSED] - Attribute 'value' of object 'Object Repository/lab/Page_Store/input_txtprice' is: ''

2018-05-21 13:09:26 - [TEST_STEP][PASSED] - Statement - out.println("Stock QTY : " + StockQty): null

2018-05-21 13:09:26 - [TEST_STEP][PASSED] - delay: Delayed 2 second(s)

2018-05-21 13:09:28 - [MESSAGE][PASSED] - Delayed 2 second(s)

2018-05-21 13:09:28 - [TEST_STEP][PASSED] - Statement - If (java.lang.Integer.valueOf(StockQty) >= java.lang.Integer.valueOf(RequestedQty)): null

2018-05-21 13:09:28 - [TEST_STEP][FAILED] - Statement - Catch (Exception e): Unable to click on object 'Object Repository/lab/Page_Store/button_OK' (Root cause: com.kms.katalon.core.webui.exception.WebElementNotFoundException: Web element with id: 'Object Repository/lab/Page_Store/button_OK' located by 'By.xpath: /html/body/div[5]/div/div/div[2]/button[count(. | //button[@type = 'button' and (text() = 'OK' or . = 'OK')]) = count(//button[@type = 'button' and (text() = 'OK' or . = 'OK')])]' not found)

2018-05-21 13:09:28 - [TEST_STEP][FAILED] - click: Unable to click on object 'Object Repository/lab/Page_Store/button_OK' (Root cause: com.kms.katalon.core.webui.exception.WebElementNotFoundException: Web element with id: 'Object Repository/lab/Page_Store/button_OK' located by 'By.xpath: /html/body/div[5]/div/div/div[2]/button[count(. | //button[@type = 'button' and (text() = 'OK' or . = 'OK')]) = count(//button[@type = 'button' and (text() = 'OK' or . = 'OK')])]' not found)

2018-05-21 13:10:00 - [MESSAGE][FAILED] - Unable to click on object 'Object Repository/lab/Page_Store/button_OK' (Root cause: com.kms.katalon.core.webui.exception.WebElementNotFoundException: Web element with id: 'Object Repository/lab/Page_Store/button_OK' located by 'By.xpath: /html/body/div[5]/div/div/div[2]/button[count(. | //button[@type = 'button' and (text() = 'OK' or . = 'OK')]) = count(//button[@type = 'button' and (text() = 'OK' or . = 'OK')])]' not found)
[[ATTACHMENT|C:\\Users\\Quality Analyst\\Katalon Studio\\ds\\Reports\\Investigation_Suite\\20180521_095838\\1526888400224.png]]]]></system-out>
         <system-err><![CDATA[2018-05-21 13:07:54 - [TEST_CASE][FAILED] - Test Cases/INVESTIGATION TEST CASES/TC_INV_001 Verify Schedule 4 Investigation Request Are Working Successfully Or Not: Test Cases/INVESTIGATION TEST CASES/TC_INV_001 Verify Schedule 4 Investigation Request Are Working Successfully Or Not FAILED because (of) Unable to click on object 'Object Repository/lab/Page_Store/button_OK' (Root cause: com.kms.katalon.core.webui.exception.WebElementNotFoundException: Web element with id: 'Object Repository/lab/Page_Store/button_OK' located by 'By.xpath: /html/body/div[5]/div/div/div[2]/button[count(. | //button[@type = 'button' and (text() = 'OK' or . = 'OK')]) = count(//button[@type = 'button' and (text() = 'OK' or . = 'OK')])]' not found)]]></system-err>
      </testcase>
      <testcase name="Test Cases/INVESTIGATION TEST CASES/TC_INV_002 Verify Schedule 5 Investigation Request Are Working Successfully Or No" classname="Test Cases/INVESTIGATION TEST CASES/TC_INV_002 Verify Schedule 5 Investigation Request Are Working Successfully Or No" status="PASSED">
         <system-out><![CDATA[2018-05-21 13:10:00 - [TEST_CASE][PASSED] - Test Cases/INVESTIGATION TEST CASES/TC_INV_002 Verify Schedule 5 Investigation Request Are Working Successfully Or No: Test Cases/INVESTIGATION TEST CASES/TC_INV_002 Verify Schedule 5 Investigation Request Are Working Successfully Or No

2018-05-21 13:10:00 - [TEST_STEP][PASSED] - openBrowser: Browser is opened with url: ''

2018-05-21 13:10:00 - [MESSAGE][WARNING] - A browser is already opened. Closing browser and opening a new one

2018-05-21 13:10:03 - [MESSAGE][PASSED] - Browser is opened with url: ''

2018-05-21 13:10:03 - [TEST_STEP][PASSED] - navigateToUrl: Navigate to 'http://192.168.137.1/multihospital_new/' successfully

2018-05-21 13:10:06 - [MESSAGE][PASSED] - Navigate to 'http://192.168.137.1/multihospital_new/' successfully

2018-05-21 13:10:06 - [TEST_STEP][PASSED] - Statement - out.println(" Verify Schedule 5 Investigation Request Are Working Successfully Or Not"): null

2018-05-21 13:10:06 - [TEST_STEP][PASSED] - maximizeWindow: Current window maximized

2018-05-21 13:10:07 - [MESSAGE][PASSED] - Current window maximized

2018-05-21 13:10:07 - [TEST_STEP][PASSED] - click: Object: 'Object Repository/lab/Page_KDMC/a_Investigation' is clicked on

2018-05-21 13:10:07 - [MESSAGE][PASSED] - Object: 'Object Repository/lab/Page_KDMC/a_Investigation' is clicked on

2018-05-21 13:10:07 - [TEST_STEP][PASSED] - setText: Text 'manoj' is set on object 'Object Repository/lab/Page_Investigation login/input_txtusername'

2018-05-21 13:10:07 - [MESSAGE][PASSED] - Text 'manoj' is set on object 'Object Repository/lab/Page_Investigation login/input_txtusername'

2018-05-21 13:10:07 - [TEST_STEP][PASSED] - setText: Text '123' is set on object 'Object Repository/lab/Page_Investigation login/input_txtpassword'

2018-05-21 13:10:07 - [MESSAGE][PASSED] - Text '123' is set on object 'Object Repository/lab/Page_Investigation login/input_txtpassword'

2018-05-21 13:10:07 - [TEST_STEP][PASSED] - delay: Delayed 3 second(s)

2018-05-21 13:10:10 - [MESSAGE][PASSED] - Delayed 3 second(s)

2018-05-21 13:10:10 - [TEST_STEP][PASSED] - click: Object: 'Object Repository/lab/Page_Investigation login/button_Sign in' is clicked on

2018-05-21 13:10:11 - [MESSAGE][PASSED] - Object: 'Object Repository/lab/Page_Investigation login/button_Sign in' is clicked on

2018-05-21 13:10:11 - [TEST_STEP][PASSED] - click: Object: 'Object Repository/lab/Page_KDMC/a_Store Request' is clicked on

2018-05-21 13:10:12 - [MESSAGE][PASSED] - Object: 'Object Repository/lab/Page_KDMC/a_Store Request' is clicked on

2018-05-21 13:10:12 - [TEST_STEP][PASSED] - delay: Delayed 2 second(s)

2018-05-21 13:10:14 - [MESSAGE][PASSED] - Delayed 2 second(s)

2018-05-21 13:10:14 - [TEST_STEP][PASSED] - click: Object: 'Object Repository/lab/Page_KDMC/a_Medicine Request' is clicked on

2018-05-21 13:10:15 - [MESSAGE][PASSED] - Object: 'Object Repository/lab/Page_KDMC/a_Medicine Request' is clicked on

2018-05-21 13:10:15 - [TEST_STEP][PASSED] - selectOptionByIndex: All options with index in [2] are selected on object 'Object Repository/lab/Page_KDMC/select_--Select--Schedule 4X-r'

2018-05-21 13:10:15 - [MESSAGE][PASSED] - All options with index in [2] are selected on object 'Object Repository/lab/Page_KDMC/select_--Select--Schedule 4X-r'

2018-05-21 13:10:15 - [TEST_STEP][PASSED] - Statement - medicineslength = com.kms.katalon.core.webui.keyword.WebUiBuiltInKeywords.getNumberOfTotalOption(com.kms.katalon.core.testobject.ObjectRepository.findTestObject(lab/Page_KDMC/select_--Select--Automatic x-r)): 17 options of object 'Object Repository/lab/Page_KDMC/select_--Select--Automatic x-r' counted

2018-05-21 13:10:15 - [MESSAGE][PASSED] - 17 options of object 'Object Repository/lab/Page_KDMC/select_--Select--Automatic x-r' counted

2018-05-21 13:10:15 - [TEST_STEP][PASSED] - Statement - For ([e = 1, e < medicineslength, (e++)]): Object: 'Object Repository/lab/Page_KDMC/button_Add' is clicked on

2018-05-21 13:10:15 - [TEST_STEP][PASSED] - selectOptionByIndex: All options with index in [2] are selected on object 'Object Repository/lab/Page_KDMC/select_--Select--Schedule 4X-r'

2018-05-21 13:10:15 - [MESSAGE][PASSED] - All options with index in [2] are selected on object 'Object Repository/lab/Page_KDMC/select_--Select--Schedule 4X-r'

2018-05-21 13:10:15 - [TEST_STEP][PASSED] - selectOptionByIndex: All options with index in [1] are selected on object 'Object Repository/lab/Page_KDMC/select_--Select--Automatic x-r'

2018-05-21 13:10:15 - [MESSAGE][PASSED] - All options with index in [1] are selected on object 'Object Repository/lab/Page_KDMC/select_--Select--Automatic x-r'

2018-05-21 13:10:15 - [TEST_STEP][PASSED] - setText: Text '10' is set on object 'Object Repository/lab/Page_KDMC/input_txttreat'

2018-05-21 13:10:15 - [MESSAGE][PASSED] - Text '10' is set on object 'Object Repository/lab/Page_KDMC/input_txttreat'

2018-05-21 13:10:15 - [TEST_STEP][PASSED] - click: Object: 'Object Repository/lab/Page_KDMC/button_Add' is clicked on

2018-05-21 13:10:15 - [MESSAGE][PASSED] - Object: 'Object Repository/lab/Page_KDMC/button_Add' is clicked on

2018-05-21 13:10:15 - [TEST_STEP][PASSED] - selectOptionByIndex: All options with index in [2] are selected on object 'Object Repository/lab/Page_KDMC/select_--Select--Schedule 4X-r'

2018-05-21 13:10:16 - [MESSAGE][PASSED] - All options with index in [2] are selected on object 'Object Repository/lab/Page_KDMC/select_--Select--Schedule 4X-r'

2018-05-21 13:10:16 - [TEST_STEP][PASSED] - selectOptionByIndex: All options with index in [2] are selected on object 'Object Repository/lab/Page_KDMC/select_--Select--Automatic x-r'

2018-05-21 13:10:16 - [MESSAGE][PASSED] - All options with index in [2] are selected on object 'Object Repository/lab/Page_KDMC/select_--Select--Automatic x-r'

2018-05-21 13:10:16 - [TEST_STEP][PASSED] - setText: Text '10' is set on object 'Object Repository/lab/Page_KDMC/input_txttreat'

2018-05-21 13:10:16 - [MESSAGE][PASSED] - Text '10' is set on object 'Object Repository/lab/Page_KDMC/input_txttreat'

2018-05-21 13:10:16 - [TEST_STEP][PASSED] - click: Object: 'Object Repository/lab/Page_KDMC/button_Add' is clicked on

2018-05-21 13:10:16 - [MESSAGE][PASSED] - Object: 'Object Repository/lab/Page_KDMC/button_Add' is clicked on

2018-05-21 13:10:16 - [TEST_STEP][PASSED] - selectOptionByIndex: All options with index in [2] are selected on object 'Object Repository/lab/Page_KDMC/select_--Select--Schedule 4X-r'

2018-05-21 13:10:16 - [MESSAGE][PASSED] - All options with index in [2] are selected on object 'Object Repository/lab/Page_KDMC/select_--Select--Schedule 4X-r'

2018-05-21 13:10:16 - [TEST_STEP][PASSED] - selectOptionByIndex: All options with index in [3] are selected on object 'Object Repository/lab/Page_KDMC/select_--Select--Automatic x-r'

2018-05-21 13:10:16 - [MESSAGE][PASSED] - All options with index in [3] are selected on object 'Object Repository/lab/Page_KDMC/select_--Select--Automatic x-r'

2018-05-21 13:10:16 - [TEST_STEP][PASSED] - setText: Text '10' is set on object 'Object Repository/lab/Page_KDMC/input_txttreat'

2018-05-21 13:10:16 - [MESSAGE][PASSED] - Text '10' is set on object 'Object Repository/lab/Page_KDMC/input_txttreat'

2018-05-21 13:10:16 - [TEST_STEP][PASSED] - click: Object: 'Object Repository/lab/Page_KDMC/button_Add' is clicked on

2018-05-21 13:10:16 - [MESSAGE][PASSED] - Object: 'Object Repository/lab/Page_KDMC/button_Add' is clicked on

2018-05-21 13:10:16 - [TEST_STEP][PASSED] - selectOptionByIndex: All options with index in [2] are selected on object 'Object Repository/lab/Page_KDMC/select_--Select--Schedule 4X-r'

2018-05-21 13:10:16 - [MESSAGE][PASSED] - All options with index in [2] are selected on object 'Object Repository/lab/Page_KDMC/select_--Select--Schedule 4X-r'

2018-05-21 13:10:16 - [TEST_STEP][PASSED] - selectOptionByIndex: All options with index in [4] are selected on object 'Object Repository/lab/Page_KDMC/select_--Select--Automatic x-r'

2018-05-21 13:10:17 - [MESSAGE][PASSED] - All options with index in [4] are selected on object 'Object Repository/lab/Page_KDMC/select_--Select--Automatic x-r'

2018-05-21 13:10:17 - [TEST_STEP][PASSED] - setText: Text '10' is set on object 'Object Repository/lab/Page_KDMC/input_txttreat'

2018-05-21 13:10:17 - [MESSAGE][PASSED] - Text '10' is set on object 'Object Repository/lab/Page_KDMC/input_txttreat'

2018-05-21 13:10:17 - [TEST_STEP][PASSED] - click: Object: 'Object Repository/lab/Page_KDMC/button_Add' is clicked on

2018-05-21 13:10:17 - [MESSAGE][PASSED] - Object: 'Object Repository/lab/Page_KDMC/button_Add' is clicked on

2018-05-21 13:10:17 - [TEST_STEP][PASSED] - selectOptionByIndex: All options with index in [2] are selected on object 'Object Repository/lab/Page_KDMC/select_--Select--Schedule 4X-r'

2018-05-21 13:10:17 - [MESSAGE][PASSED] - All options with index in [2] are selected on object 'Object Repository/lab/Page_KDMC/select_--Select--Schedule 4X-r'

2018-05-21 13:10:17 - [TEST_STEP][PASSED] - selectOptionByIndex: All options with index in [5] are selected on object 'Object Repository/lab/Page_KDMC/select_--Select--Automatic x-r'

2018-05-21 13:10:17 - [MESSAGE][PASSED] - All options with index in [5] are selected on object 'Object Repository/lab/Page_KDMC/select_--Select--Automatic x-r'

2018-05-21 13:10:17 - [TEST_STEP][PASSED] - setText: Text '10' is set on object 'Object Repository/lab/Page_KDMC/input_txttreat'

2018-05-21 13:10:17 - [MESSAGE][PASSED] - Text '10' is set on object 'Object Repository/lab/Page_KDMC/input_txttreat'

2018-05-21 13:10:17 - [TEST_STEP][PASSED] - click: Object: 'Object Repository/lab/Page_KDMC/button_Add' is clicked on

2018-05-21 13:10:17 - [MESSAGE][PASSED] - Object: 'Object Repository/lab/Page_KDMC/button_Add' is clicked on

2018-05-21 13:10:17 - [TEST_STEP][PASSED] - selectOptionByIndex: All options with index in [2] are selected on object 'Object Repository/lab/Page_KDMC/select_--Select--Schedule 4X-r'

2018-05-21 13:10:17 - [MESSAGE][PASSED] - All options with index in [2] are selected on object 'Object Repository/lab/Page_KDMC/select_--Select--Schedule 4X-r'

2018-05-21 13:10:17 - [TEST_STEP][PASSED] - selectOptionByIndex: All options with index in [6] are selected on object 'Object Repository/lab/Page_KDMC/select_--Select--Automatic x-r'

2018-05-21 13:10:17 - [MESSAGE][PASSED] - All options with index in [6] are selected on object 'Object Repository/lab/Page_KDMC/select_--Select--Automatic x-r'

2018-05-21 13:10:17 - [TEST_STEP][PASSED] - setText: Text '10' is set on object 'Object Repository/lab/Page_KDMC/input_txttreat'

2018-05-21 13:10:18 - [MESSAGE][PASSED] - Text '10' is set on object 'Object Repository/lab/Page_KDMC/input_txttreat'

2018-05-21 13:10:18 - [TEST_STEP][PASSED] - click: Object: 'Object Repository/lab/Page_KDMC/button_Add' is clicked on

2018-05-21 13:10:18 - [MESSAGE][PASSED] - Object: 'Object Repository/lab/Page_KDMC/button_Add' is clicked on

2018-05-21 13:10:18 - [TEST_STEP][PASSED] - selectOptionByIndex: All options with index in [2] are selected on object 'Object Repository/lab/Page_KDMC/select_--Select--Schedule 4X-r'

2018-05-21 13:10:18 - [MESSAGE][PASSED] - All options with index in [2] are selected on object 'Object Repository/lab/Page_KDMC/select_--Select--Schedule 4X-r'

2018-05-21 13:10:18 - [TEST_STEP][PASSED] - selectOptionByIndex: All options with index in [7] are selected on object 'Object Repository/lab/Page_KDMC/select_--Select--Automatic x-r'

2018-05-21 13:10:18 - [MESSAGE][PASSED] - All options with index in [7] are selected on object 'Object Repository/lab/Page_KDMC/select_--Select--Automatic x-r'

2018-05-21 13:10:18 - [TEST_STEP][PASSED] - setText: Text '10' is set on object 'Object Repository/lab/Page_KDMC/input_txttreat'

2018-05-21 13:10:18 - [MESSAGE][PASSED] - Text '10' is set on object 'Object Repository/lab/Page_KDMC/input_txttreat'

2018-05-21 13:10:18 - [TEST_STEP][PASSED] - click: Object: 'Object Repository/lab/Page_KDMC/button_Add' is clicked on

2018-05-21 13:10:18 - [MESSAGE][PASSED] - Object: 'Object Repository/lab/Page_KDMC/button_Add' is clicked on

2018-05-21 13:10:18 - [TEST_STEP][PASSED] - selectOptionByIndex: All options with index in [2] are selected on object 'Object Repository/lab/Page_KDMC/select_--Select--Schedule 4X-r'

2018-05-21 13:10:18 - [MESSAGE][PASSED] - All options with index in [2] are selected on object 'Object Repository/lab/Page_KDMC/select_--Select--Schedule 4X-r'

2018-05-21 13:10:18 - [TEST_STEP][PASSED] - selectOptionByIndex: All options with index in [8] are selected on object 'Object Repository/lab/Page_KDMC/select_--Select--Automatic x-r'

2018-05-21 13:10:18 - [MESSAGE][PASSED] - All options with index in [8] are selected on object 'Object Repository/lab/Page_KDMC/select_--Select--Automatic x-r'

2018-05-21 13:10:18 - [TEST_STEP][PASSED] - setText: Text '10' is set on object 'Object Repository/lab/Page_KDMC/input_txttreat'

2018-05-21 13:10:18 - [MESSAGE][PASSED] - Text '10' is set on object 'Object Repository/lab/Page_KDMC/input_txttreat'

2018-05-21 13:10:18 - [TEST_STEP][PASSED] - click: Object: 'Object Repository/lab/Page_KDMC/button_Add' is clicked on

2018-05-21 13:10:18 - [MESSAGE][PASSED] - Object: 'Object Repository/lab/Page_KDMC/button_Add' is clicked on

2018-05-21 13:10:18 - [TEST_STEP][PASSED] - selectOptionByIndex: All options with index in [2] are selected on object 'Object Repository/lab/Page_KDMC/select_--Select--Schedule 4X-r'

2018-05-21 13:10:19 - [MESSAGE][PASSED] - All options with index in [2] are selected on object 'Object Repository/lab/Page_KDMC/select_--Select--Schedule 4X-r'

2018-05-21 13:10:19 - [TEST_STEP][PASSED] - selectOptionByIndex: All options with index in [9] are selected on object 'Object Repository/lab/Page_KDMC/select_--Select--Automatic x-r'

2018-05-21 13:10:19 - [MESSAGE][PASSED] - All options with index in [9] are selected on object 'Object Repository/lab/Page_KDMC/select_--Select--Automatic x-r'

2018-05-21 13:10:19 - [TEST_STEP][PASSED] - setText: Text '10' is set on object 'Object Repository/lab/Page_KDMC/input_txttreat'

2018-05-21 13:10:19 - [MESSAGE][PASSED] - Text '10' is set on object 'Object Repository/lab/Page_KDMC/input_txttreat'

2018-05-21 13:10:19 - [TEST_STEP][PASSED] - click: Object: 'Object Repository/lab/Page_KDMC/button_Add' is clicked on

2018-05-21 13:10:19 - [MESSAGE][PASSED] - Object: 'Object Repository/lab/Page_KDMC/button_Add' is clicked on

2018-05-21 13:10:19 - [TEST_STEP][PASSED] - selectOptionByIndex: All options with index in [2] are selected on object 'Object Repository/lab/Page_KDMC/select_--Select--Schedule 4X-r'

2018-05-21 13:10:19 - [MESSAGE][PASSED] - All options with index in [2] are selected on object 'Object Repository/lab/Page_KDMC/select_--Select--Schedule 4X-r'

2018-05-21 13:10:19 - [TEST_STEP][PASSED] - selectOptionByIndex: All options with index in [10] are selected on object 'Object Repository/lab/Page_KDMC/select_--Select--Automatic x-r'

2018-05-21 13:10:19 - [MESSAGE][PASSED] - All options with index in [10] are selected on object 'Object Repository/lab/Page_KDMC/select_--Select--Automatic x-r'

2018-05-21 13:10:19 - [TEST_STEP][PASSED] - setText: Text '10' is set on object 'Object Repository/lab/Page_KDMC/input_txttreat'

2018-05-21 13:10:19 - [MESSAGE][PASSED] - Text '10' is set on object 'Object Repository/lab/Page_KDMC/input_txttreat'

2018-05-21 13:10:19 - [TEST_STEP][PASSED] - click: Object: 'Object Repository/lab/Page_KDMC/button_Add' is clicked on

2018-05-21 13:10:19 - [MESSAGE][PASSED] - Object: 'Object Repository/lab/Page_KDMC/button_Add' is clicked on

2018-05-21 13:10:19 - [TEST_STEP][PASSED] - selectOptionByIndex: All options with index in [2] are selected on object 'Object Repository/lab/Page_KDMC/select_--Select--Schedule 4X-r'

2018-05-21 13:10:20 - [MESSAGE][PASSED] - All options with index in [2] are selected on object 'Object Repository/lab/Page_KDMC/select_--Select--Schedule 4X-r'

2018-05-21 13:10:20 - [TEST_STEP][PASSED] - selectOptionByIndex: All options with index in [11] are selected on object 'Object Repository/lab/Page_KDMC/select_--Select--Automatic x-r'

2018-05-21 13:10:20 - [MESSAGE][PASSED] - All options with index in [11] are selected on object 'Object Repository/lab/Page_KDMC/select_--Select--Automatic x-r'

2018-05-21 13:10:20 - [TEST_STEP][PASSED] - setText: Text '10' is set on object 'Object Repository/lab/Page_KDMC/input_txttreat'

2018-05-21 13:10:20 - [MESSAGE][PASSED] - Text '10' is set on object 'Object Repository/lab/Page_KDMC/input_txttreat'

2018-05-21 13:10:20 - [TEST_STEP][PASSED] - click: Object: 'Object Repository/lab/Page_KDMC/button_Add' is clicked on

2018-05-21 13:10:20 - [MESSAGE][PASSED] - Object: 'Object Repository/lab/Page_KDMC/button_Add' is clicked on

2018-05-21 13:10:20 - [TEST_STEP][PASSED] - selectOptionByIndex: All options with index in [2] are selected on object 'Object Repository/lab/Page_KDMC/select_--Select--Schedule 4X-r'

2018-05-21 13:10:20 - [MESSAGE][PASSED] - All options with index in [2] are selected on object 'Object Repository/lab/Page_KDMC/select_--Select--Schedule 4X-r'

2018-05-21 13:10:20 - [TEST_STEP][PASSED] - selectOptionByIndex: All options with index in [12] are selected on object 'Object Repository/lab/Page_KDMC/select_--Select--Automatic x-r'

2018-05-21 13:10:20 - [MESSAGE][PASSED] - All options with index in [12] are selected on object 'Object Repository/lab/Page_KDMC/select_--Select--Automatic x-r'

2018-05-21 13:10:20 - [TEST_STEP][PASSED] - setText: Text '10' is set on object 'Object Repository/lab/Page_KDMC/input_txttreat'

2018-05-21 13:10:20 - [MESSAGE][PASSED] - Text '10' is set on object 'Object Repository/lab/Page_KDMC/input_txttreat'

2018-05-21 13:10:20 - [TEST_STEP][PASSED] - click: Object: 'Object Repository/lab/Page_KDMC/button_Add' is clicked on

2018-05-21 13:10:20 - [MESSAGE][PASSED] - Object: 'Object Repository/lab/Page_KDMC/button_Add' is clicked on

2018-05-21 13:10:20 - [TEST_STEP][PASSED] - selectOptionByIndex: All options with index in [2] are selected on object 'Object Repository/lab/Page_KDMC/select_--Select--Schedule 4X-r'

2018-05-21 13:10:21 - [MESSAGE][PASSED] - All options with index in [2] are selected on object 'Object Repository/lab/Page_KDMC/select_--Select--Schedule 4X-r'

2018-05-21 13:10:21 - [TEST_STEP][PASSED] - selectOptionByIndex: All options with index in [13] are selected on object 'Object Repository/lab/Page_KDMC/select_--Select--Automatic x-r'

2018-05-21 13:10:21 - [MESSAGE][PASSED] - All options with index in [13] are selected on object 'Object Repository/lab/Page_KDMC/select_--Select--Automatic x-r'

2018-05-21 13:10:21 - [TEST_STEP][PASSED] - setText: Text '10' is set on object 'Object Repository/lab/Page_KDMC/input_txttreat'

2018-05-21 13:10:21 - [MESSAGE][PASSED] - Text '10' is set on object 'Object Repository/lab/Page_KDMC/input_txttreat'

2018-05-21 13:10:21 - [TEST_STEP][PASSED] - click: Object: 'Object Repository/lab/Page_KDMC/button_Add' is clicked on

2018-05-21 13:10:21 - [MESSAGE][PASSED] - Object: 'Object Repository/lab/Page_KDMC/button_Add' is clicked on

2018-05-21 13:10:21 - [TEST_STEP][PASSED] - selectOptionByIndex: All options with index in [2] are selected on object 'Object Repository/lab/Page_KDMC/select_--Select--Schedule 4X-r'

2018-05-21 13:10:21 - [MESSAGE][PASSED] - All options with index in [2] are selected on object 'Object Repository/lab/Page_KDMC/select_--Select--Schedule 4X-r'

2018-05-21 13:10:21 - [TEST_STEP][PASSED] - selectOptionByIndex: All options with index in [14] are selected on object 'Object Repository/lab/Page_KDMC/select_--Select--Automatic x-r'

2018-05-21 13:10:21 - [MESSAGE][PASSED] - All options with index in [14] are selected on object 'Object Repository/lab/Page_KDMC/select_--Select--Automatic x-r'

2018-05-21 13:10:21 - [TEST_STEP][PASSED] - setText: Text '10' is set on object 'Object Repository/lab/Page_KDMC/input_txttreat'

2018-05-21 13:10:21 - [MESSAGE][PASSED] - Text '10' is set on object 'Object Repository/lab/Page_KDMC/input_txttreat'

2018-05-21 13:10:21 - [TEST_STEP][PASSED] - click: Object: 'Object Repository/lab/Page_KDMC/button_Add' is clicked on

2018-05-21 13:10:21 - [MESSAGE][PASSED] - Object: 'Object Repository/lab/Page_KDMC/button_Add' is clicked on

2018-05-21 13:10:21 - [TEST_STEP][PASSED] - selectOptionByIndex: All options with index in [2] are selected on object 'Object Repository/lab/Page_KDMC/select_--Select--Schedule 4X-r'

2018-05-21 13:10:22 - [MESSAGE][PASSED] - All options with index in [2] are selected on object 'Object Repository/lab/Page_KDMC/select_--Select--Schedule 4X-r'

2018-05-21 13:10:22 - [TEST_STEP][PASSED] - selectOptionByIndex: All options with index in [15] are selected on object 'Object Repository/lab/Page_KDMC/select_--Select--Automatic x-r'

2018-05-21 13:10:22 - [MESSAGE][PASSED] - All options with index in [15] are selected on object 'Object Repository/lab/Page_KDMC/select_--Select--Automatic x-r'

2018-05-21 13:10:22 - [TEST_STEP][PASSED] - setText: Text '10' is set on object 'Object Repository/lab/Page_KDMC/input_txttreat'

2018-05-21 13:10:22 - [MESSAGE][PASSED] - Text '10' is set on object 'Object Repository/lab/Page_KDMC/input_txttreat'

2018-05-21 13:10:22 - [TEST_STEP][PASSED] - click: Object: 'Object Repository/lab/Page_KDMC/button_Add' is clicked on

2018-05-21 13:10:22 - [MESSAGE][PASSED] - Object: 'Object Repository/lab/Page_KDMC/button_Add' is clicked on

2018-05-21 13:10:22 - [TEST_STEP][PASSED] - selectOptionByIndex: All options with index in [2] are selected on object 'Object Repository/lab/Page_KDMC/select_--Select--Schedule 4X-r'

2018-05-21 13:10:22 - [MESSAGE][PASSED] - All options with index in [2] are selected on object 'Object Repository/lab/Page_KDMC/select_--Select--Schedule 4X-r'

2018-05-21 13:10:22 - [TEST_STEP][PASSED] - selectOptionByIndex: All options with index in [16] are selected on object 'Object Repository/lab/Page_KDMC/select_--Select--Automatic x-r'

2018-05-21 13:10:23 - [MESSAGE][PASSED] - All options with index in [16] are selected on object 'Object Repository/lab/Page_KDMC/select_--Select--Automatic x-r'

2018-05-21 13:10:23 - [TEST_STEP][PASSED] - setText: Text '10' is set on object 'Object Repository/lab/Page_KDMC/input_txttreat'

2018-05-21 13:10:23 - [MESSAGE][PASSED] - Text '10' is set on object 'Object Repository/lab/Page_KDMC/input_txttreat'

2018-05-21 13:10:23 - [TEST_STEP][PASSED] - click: Object: 'Object Repository/lab/Page_KDMC/button_Add' is clicked on

2018-05-21 13:10:23 - [MESSAGE][PASSED] - Object: 'Object Repository/lab/Page_KDMC/button_Add' is clicked on

2018-05-21 13:10:23 - [TEST_STEP][PASSED] - Statement - RN1 = com.kms.katalon.core.webui.keyword.WebUiBuiltInKeywords.getAttribute(com.kms.katalon.core.testobject.ObjectRepository.findTestObject(lab/Page_KDMC/input_txtno), "value"): Attribute 'value' of object 'Object Repository/lab/Page_KDMC/input_txtno' is: 'LRNO/21052018/124'

2018-05-21 13:10:23 - [MESSAGE][PASSED] - Attribute 'value' of object 'Object Repository/lab/Page_KDMC/input_txtno' is: 'LRNO/21052018/124'

2018-05-21 13:10:23 - [TEST_STEP][PASSED] - Statement - out.println(RN1): null

2018-05-21 13:10:23 - [TEST_STEP][PASSED] - Statement - RID = RN1.split("/")[2]: null

2018-05-21 13:10:23 - [TEST_STEP][PASSED] - scrollToElement: Scroll to object 'Object Repository/lab/Page_KDMC/input_btnsave' successfully

2018-05-21 13:10:23 - [MESSAGE][PASSED] - Scroll to object 'Object Repository/lab/Page_KDMC/input_btnsave' successfully

2018-05-21 13:10:23 - [TEST_STEP][PASSED] - click: Object: 'Object Repository/lab/Page_KDMC/input_btnsave' is clicked on

2018-05-21 13:10:23 - [MESSAGE][PASSED] - Object: 'Object Repository/lab/Page_KDMC/input_btnsave' is clicked on

2018-05-21 13:10:23 - [TEST_STEP][PASSED] - delay: Delayed 3 second(s)

2018-05-21 13:10:26 - [MESSAGE][PASSED] - Delayed 3 second(s)

2018-05-21 13:10:26 - [TEST_STEP][PASSED] - click: Object: 'Object Repository/lab/Page_KDMC/button_OK' is clicked on

2018-05-21 13:10:26 - [MESSAGE][PASSED] - Object: 'Object Repository/lab/Page_KDMC/button_OK' is clicked on

2018-05-21 13:10:26 - [TEST_STEP][PASSED] - delay: Delayed 3 second(s)

2018-05-21 13:10:29 - [MESSAGE][PASSED] - Delayed 3 second(s)

2018-05-21 13:10:29 - [TEST_STEP][PASSED] - click: Object: 'Object Repository/lab/Page_KDMC/a_dropdown-toggle' is clicked on

2018-05-21 13:10:29 - [MESSAGE][PASSED] - Object: 'Object Repository/lab/Page_KDMC/a_dropdown-toggle' is clicked on

2018-05-21 13:10:29 - [TEST_STEP][PASSED] - click: Object: 'Object Repository/lab/Page_KDMC/a_Sign out' is clicked on

2018-05-21 13:10:30 - [MESSAGE][PASSED] - Object: 'Object Repository/lab/Page_KDMC/a_Sign out' is clicked on

2018-05-21 13:10:30 - [TEST_STEP][PASSED] - delay: Delayed 3 second(s)

2018-05-21 13:10:33 - [MESSAGE][PASSED] - Delayed 3 second(s)

2018-05-21 13:10:33 - [TEST_STEP][PASSED] - click: Object: 'Object Repository/lab/Page_KDMC/a_CMO' is clicked on

2018-05-21 13:10:33 - [MESSAGE][PASSED] - Object: 'Object Repository/lab/Page_KDMC/a_CMO' is clicked on

2018-05-21 13:10:33 - [TEST_STEP][PASSED] - setText: Text 'guru' is set on object 'Object Repository/lab/Page_CMO login/input_txtusername'

2018-05-21 13:10:34 - [MESSAGE][PASSED] - Text 'guru' is set on object 'Object Repository/lab/Page_CMO login/input_txtusername'

2018-05-21 13:10:34 - [TEST_STEP][PASSED] - setText: Text '123' is set on object 'Object Repository/lab/Page_CMO login/input_txtpassword'

2018-05-21 13:10:34 - [MESSAGE][PASSED] - Text '123' is set on object 'Object Repository/lab/Page_CMO login/input_txtpassword'

2018-05-21 13:10:34 - [TEST_STEP][PASSED] - delay: Delayed 3 second(s)

2018-05-21 13:10:37 - [MESSAGE][PASSED] - Delayed 3 second(s)

2018-05-21 13:10:37 - [TEST_STEP][PASSED] - click: Object: 'Object Repository/lab/Page_CMO login/button_Sign in' is clicked on

2018-05-21 13:10:37 - [MESSAGE][PASSED] - Object: 'Object Repository/lab/Page_CMO login/button_Sign in' is clicked on

2018-05-21 13:10:37 - [TEST_STEP][PASSED] - click: Object: 'Object Repository/lab/Page_KDMC - CMO/span_Department Wise Request' is clicked on

2018-05-21 13:10:39 - [MESSAGE][PASSED] - Object: 'Object Repository/lab/Page_KDMC - CMO/span_Department Wise Request' is clicked on

2018-05-21 13:10:39 - [TEST_STEP][PASSED] - selectOptionByIndex: All options with index in [4] are selected on object 'Object Repository/lab/Page_KDMC - CMO/select_--ALL--'

2018-05-21 13:10:39 - [MESSAGE][PASSED] - All options with index in [4] are selected on object 'Object Repository/lab/Page_KDMC - CMO/select_--ALL--'

2018-05-21 13:10:39 - [TEST_STEP][PASSED] - selectOptionByIndex: All options with index in [1] are selected on object 'Object Repository/lab/Page_KDMC - CMO/select_--ALL--                _1'

2018-05-21 13:10:40 - [MESSAGE][PASSED] - All options with index in [1] are selected on object 'Object Repository/lab/Page_KDMC - CMO/select_--ALL--                _1'

2018-05-21 13:10:40 - [TEST_STEP][PASSED] - click: Object: 'Object Repository/lab/Page_KDMC - CMO/input_btnsearch' is clicked on

2018-05-21 13:10:40 - [MESSAGE][PASSED] - Object: 'Object Repository/lab/Page_KDMC - CMO/input_btnsearch' is clicked on

2018-05-21 13:10:40 - [TEST_STEP][PASSED] - Statement - ID = com.kms.katalon.core.webui.keyword.WebUiBuiltInKeywords.modifyObjectProperty(com.kms.katalon.core.testobject.ObjectRepository.findTestObject(lab/Page_KDMC - CMO/input_1), "xpath", "equals", "//*[@id=" + RID + "]", true): Modify property of object successfully

2018-05-21 13:10:40 - [MESSAGE][PASSED] - Modify property of object successfully

2018-05-21 13:10:40 - [TEST_STEP][PASSED] - click: Object: 'Object Repository/lab/Page_KDMC - CMO/input_1' is clicked on

2018-05-21 13:10:40 - [MESSAGE][PASSED] - Object: 'Object Repository/lab/Page_KDMC - CMO/input_1' is clicked on

2018-05-21 13:10:40 - [TEST_STEP][PASSED] - delay: Delayed 2 second(s)

2018-05-21 13:10:42 - [MESSAGE][PASSED] - Delayed 2 second(s)

2018-05-21 13:10:42 - [TEST_STEP][PASSED] - selectOptionByIndex: All options with index in [1] are selected on object 'Object Repository/lab/Page_KDMC - CMO/select_--Select--'

2018-05-21 13:10:42 - [MESSAGE][PASSED] - All options with index in [1] are selected on object 'Object Repository/lab/Page_KDMC - CMO/select_--Select--'

2018-05-21 13:10:42 - [TEST_STEP][PASSED] - click: Object: 'Object Repository/lab/Page_KDMC - CMO/input_btnupdate' is clicked on

2018-05-21 13:10:43 - [MESSAGE][PASSED] - Object: 'Object Repository/lab/Page_KDMC - CMO/input_btnupdate' is clicked on

2018-05-21 13:10:43 - [TEST_STEP][PASSED] - delay: Delayed 2 second(s)

2018-05-21 13:10:45 - [MESSAGE][PASSED] - Delayed 2 second(s)

2018-05-21 13:10:45 - [TEST_STEP][PASSED] - click: Object: 'Object Repository/lab/Page_KDMC - CMO/button_OK' is clicked on

2018-05-21 13:10:45 - [MESSAGE][PASSED] - Object: 'Object Repository/lab/Page_KDMC - CMO/button_OK' is clicked on

2018-05-21 13:10:45 - [TEST_STEP][PASSED] - delay: Delayed 3 second(s)

2018-05-21 13:10:48 - [MESSAGE][PASSED] - Delayed 3 second(s)

2018-05-21 13:10:48 - [TEST_STEP][PASSED] - click: Object: 'Object Repository/lab/Page_KDMC - CMO/a_dropdown-toggle' is clicked on

2018-05-21 13:10:48 - [MESSAGE][PASSED] - Object: 'Object Repository/lab/Page_KDMC - CMO/a_dropdown-toggle' is clicked on

2018-05-21 13:10:48 - [TEST_STEP][PASSED] - click: Object: 'Object Repository/lab/Page_KDMC - CMO/a_Sign out' is clicked on

2018-05-21 13:10:49 - [MESSAGE][PASSED] - Object: 'Object Repository/lab/Page_KDMC - CMO/a_Sign out' is clicked on

2018-05-21 13:10:49 - [TEST_STEP][PASSED] - delay: Delayed 3 second(s)

2018-05-21 13:10:52 - [MESSAGE][PASSED] - Delayed 3 second(s)

2018-05-21 13:10:52 - [TEST_STEP][PASSED] - click: Object: 'Object Repository/lab/Page_KDMC/a_Divisional Store' is clicked on

2018-05-21 13:10:52 - [MESSAGE][PASSED] - Object: 'Object Repository/lab/Page_KDMC/a_Divisional Store' is clicked on

2018-05-21 13:10:52 - [TEST_STEP][PASSED] - setText: Text 'ragu' is set on object 'Object Repository/lab/Page_Divisonal Store Login/input_txtusername'

2018-05-21 13:10:52 - [MESSAGE][PASSED] - Text 'ragu' is set on object 'Object Repository/lab/Page_Divisonal Store Login/input_txtusername'

2018-05-21 13:10:52 - [TEST_STEP][PASSED] - setText: Text '123' is set on object 'Object Repository/lab/Page_Divisonal Store Login/input_txtpassword'

2018-05-21 13:10:53 - [MESSAGE][PASSED] - Text '123' is set on object 'Object Repository/lab/Page_Divisonal Store Login/input_txtpassword'

2018-05-21 13:10:53 - [TEST_STEP][PASSED] - delay: Delayed 3 second(s)

2018-05-21 13:10:56 - [MESSAGE][PASSED] - Delayed 3 second(s)

2018-05-21 13:10:56 - [TEST_STEP][PASSED] - click: Object: 'Object Repository/lab/Page_Divisonal Store Login/button_Sign in' is clicked on

2018-05-21 13:10:59 - [MESSAGE][PASSED] - Object: 'Object Repository/lab/Page_Divisonal Store Login/button_Sign in' is clicked on

2018-05-21 13:10:59 - [TEST_STEP][PASSED] - delay: Delayed 3 second(s)

2018-05-21 13:11:02 - [MESSAGE][PASSED] - Delayed 3 second(s)

2018-05-21 13:11:02 - [TEST_STEP][PASSED] - click: Object: 'Object Repository/lab/Page_Store/a_Lab Request' is clicked on

2018-05-21 13:11:02 - [MESSAGE][PASSED] - Object: 'Object Repository/lab/Page_Store/a_Lab Request' is clicked on

2018-05-21 13:11:02 - [TEST_STEP][PASSED] - click: Object: 'Object Repository/lab/Page_Store/a_Request Item Lab' is clicked on

2018-05-21 13:11:03 - [MESSAGE][PASSED] - Object: 'Object Repository/lab/Page_Store/a_Request Item Lab' is clicked on

2018-05-21 13:11:03 - [TEST_STEP][PASSED] - Statement - ChooseRequest = com.kms.katalon.core.webui.keyword.WebUiBuiltInKeywords.modifyObjectProperty(com.kms.katalon.core.testobject.ObjectRepository.findTestObject(lab/Page_Store/input_1), "xpath", "equals", "//*[@id=" + RID + "]", true): Modify property of object successfully

2018-05-21 13:11:03 - [MESSAGE][PASSED] - Modify property of object successfully

2018-05-21 13:11:03 - [TEST_STEP][PASSED] - click: Object: 'Object Repository/lab/Page_Store/input_1' is clicked on

2018-05-21 13:11:04 - [MESSAGE][PASSED] - Object: 'Object Repository/lab/Page_Store/input_1' is clicked on

2018-05-21 13:11:04 - [TEST_STEP][PASSED] - delay: Delayed 2 second(s)

2018-05-21 13:11:06 - [MESSAGE][PASSED] - Delayed 2 second(s)

2018-05-21 13:11:06 - [TEST_STEP][PASSED] - Statement - selectedoptions = com.kms.katalon.core.webui.keyword.WebUiBuiltInKeywords.getNumberOfTotalOption(com.kms.katalon.core.testobject.ObjectRepository.findTestObject(lab/Page_Store/select_--Select--E.C.G. Jelly)): 17 options of object 'Object Repository/lab/Page_Store/select_--Select--E.C.G. Jelly' counted

2018-05-21 13:11:06 - [MESSAGE][PASSED] - 17 options of object 'Object Repository/lab/Page_Store/select_--Select--E.C.G. Jelly' counted

2018-05-21 13:11:06 - [TEST_STEP][PASSED] - Statement - For ([a = 1, a <= selectedoptions - 1, (a++)]): null

2018-05-21 13:11:06 - [TEST_STEP][PASSED] - selectOptionByIndex: All options with index in [1] are selected on object 'Object Repository/lab/Page_Store/select_--Select--E.C.G. Jelly'

2018-05-21 13:11:06 - [MESSAGE][PASSED] - All options with index in [1] are selected on object 'Object Repository/lab/Page_Store/select_--Select--E.C.G. Jelly'

2018-05-21 13:11:06 - [TEST_STEP][PASSED] - delay: Delayed 2 second(s)

2018-05-21 13:11:08 - [MESSAGE][PASSED] - Delayed 2 second(s)

2018-05-21 13:11:08 - [TEST_STEP][PASSED] - Statement - RequestedQty = com.kms.katalon.core.webui.keyword.WebUiBuiltInKeywords.getAttribute(com.kms.katalon.core.testobject.ObjectRepository.findTestObject(lab/Page_Store/input_txttotal), "value"): Attribute 'value' of object 'Object Repository/lab/Page_Store/input_txttotal' is: '10'

2018-05-21 13:11:08 - [MESSAGE][PASSED] - Attribute 'value' of object 'Object Repository/lab/Page_Store/input_txttotal' is: '10'

2018-05-21 13:11:08 - [TEST_STEP][PASSED] - Statement - out.println("Requested QTY : " + RequestedQty): null

2018-05-21 13:11:08 - [TEST_STEP][PASSED] - Statement - BatchNumber = com.kms.katalon.core.webui.keyword.WebUiBuiltInKeywords.getNumberOfTotalOption(com.kms.katalon.core.testobject.ObjectRepository.findTestObject(lab/Page_Store/select_--Select--BA50)): 3 options of object 'Object Repository/lab/Page_Store/select_--Select--BA50' counted

2018-05-21 13:11:08 - [MESSAGE][PASSED] - 3 options of object 'Object Repository/lab/Page_Store/select_--Select--BA50' counted

2018-05-21 13:11:08 - [TEST_STEP][PASSED] - Statement - For ([g = 1, g <= BatchNumber - 1, (g++)]): null

2018-05-21 13:11:08 - [TEST_STEP][PASSED] - selectOptionByIndex: All options with index in [1] are selected on object 'Object Repository/lab/Page_Store/select_--Select--BA50'

2018-05-21 13:11:09 - [MESSAGE][PASSED] - All options with index in [1] are selected on object 'Object Repository/lab/Page_Store/select_--Select--BA50'

2018-05-21 13:11:09 - [TEST_STEP][PASSED] - delay: Delayed 2 second(s)

2018-05-21 13:11:11 - [MESSAGE][PASSED] - Delayed 2 second(s)

2018-05-21 13:11:11 - [TEST_STEP][PASSED] - Statement - Try: null

2018-05-21 13:11:11 - [TEST_STEP][PASSED] - Statement - StockQty = com.kms.katalon.core.webui.keyword.WebUiBuiltInKeywords.getAttribute(com.kms.katalon.core.testobject.ObjectRepository.findTestObject(lab/Page_Store/input_txtprice), "value"): Attribute 'value' of object 'Object Repository/lab/Page_Store/input_txtprice' is: '1975'

2018-05-21 13:11:11 - [MESSAGE][PASSED] - Attribute 'value' of object 'Object Repository/lab/Page_Store/input_txtprice' is: '1975'

2018-05-21 13:11:11 - [TEST_STEP][PASSED] - Statement - out.println("Stock QTY : " + StockQty): null

2018-05-21 13:11:11 - [TEST_STEP][PASSED] - delay: Delayed 2 second(s)

2018-05-21 13:11:13 - [MESSAGE][PASSED] - Delayed 2 second(s)

2018-05-21 13:11:13 - [TEST_STEP][PASSED] - Statement - If (java.lang.Integer.valueOf(StockQty) >= java.lang.Integer.valueOf(RequestedQty)): null

2018-05-21 13:11:13 - [TEST_STEP][PASSED] - Statement - out.println(" " + StockQty + " >= " + RequestedQty): null

2018-05-21 13:11:13 - [TEST_STEP][PASSED] - Statement - Try: null

2018-05-21 13:11:13 - [TEST_STEP][PASSED] - setText: Text '10' is set on object 'Object Repository/lab/Page_Store/input_txtqty'

2018-05-21 13:11:13 - [MESSAGE][PASSED] - Text '10' is set on object 'Object Repository/lab/Page_Store/input_txtqty'

2018-05-21 13:11:13 - [TEST_STEP][PASSED] - click: Object: 'Object Repository/lab/Page_Store/button_Add' is clicked on

2018-05-21 13:11:13 - [MESSAGE][PASSED] - Object: 'Object Repository/lab/Page_Store/button_Add' is clicked on

2018-05-21 13:11:13 - [TEST_STEP][PASSED] - Statement - Break: null

2018-05-21 13:11:13 - [TEST_STEP][PASSED] - selectOptionByIndex: All options with index in [2] are selected on object 'Object Repository/lab/Page_Store/select_--Select--E.C.G. Jelly'

2018-05-21 13:11:13 - [MESSAGE][PASSED] - All options with index in [2] are selected on object 'Object Repository/lab/Page_Store/select_--Select--E.C.G. Jelly'

2018-05-21 13:11:13 - [TEST_STEP][PASSED] - delay: Delayed 2 second(s)

2018-05-21 13:11:15 - [MESSAGE][PASSED] - Delayed 2 second(s)

2018-05-21 13:11:15 - [TEST_STEP][PASSED] - Statement - RequestedQty = com.kms.katalon.core.webui.keyword.WebUiBuiltInKeywords.getAttribute(com.kms.katalon.core.testobject.ObjectRepository.findTestObject(lab/Page_Store/input_txttotal), "value"): Attribute 'value' of object 'Object Repository/lab/Page_Store/input_txttotal' is: '10'

2018-05-21 13:11:15 - [MESSAGE][PASSED] - Attribute 'value' of object 'Object Repository/lab/Page_Store/input_txttotal' is: '10'

2018-05-21 13:11:15 - [TEST_STEP][PASSED] - Statement - out.println("Requested QTY : " + RequestedQty): null

2018-05-21 13:11:15 - [TEST_STEP][PASSED] - Statement - BatchNumber = com.kms.katalon.core.webui.keyword.WebUiBuiltInKeywords.getNumberOfTotalOption(com.kms.katalon.core.testobject.ObjectRepository.findTestObject(lab/Page_Store/select_--Select--BA50)): 3 options of object 'Object Repository/lab/Page_Store/select_--Select--BA50' counted

2018-05-21 13:11:15 - [MESSAGE][PASSED] - 3 options of object 'Object Repository/lab/Page_Store/select_--Select--BA50' counted

2018-05-21 13:11:15 - [TEST_STEP][PASSED] - Statement - For ([g = 1, g <= BatchNumber - 1, (g++)]): null

2018-05-21 13:11:15 - [TEST_STEP][PASSED] - selectOptionByIndex: All options with index in [1] are selected on object 'Object Repository/lab/Page_Store/select_--Select--BA50'

2018-05-21 13:11:15 - [MESSAGE][PASSED] - All options with index in [1] are selected on object 'Object Repository/lab/Page_Store/select_--Select--BA50'

2018-05-21 13:11:15 - [TEST_STEP][PASSED] - delay: Delayed 2 second(s)

2018-05-21 13:11:17 - [MESSAGE][PASSED] - Delayed 2 second(s)

2018-05-21 13:11:17 - [TEST_STEP][PASSED] - Statement - Try: null

2018-05-21 13:11:17 - [TEST_STEP][PASSED] - Statement - StockQty = com.kms.katalon.core.webui.keyword.WebUiBuiltInKeywords.getAttribute(com.kms.katalon.core.testobject.ObjectRepository.findTestObject(lab/Page_Store/input_txtprice), "value"): Attribute 'value' of object 'Object Repository/lab/Page_Store/input_txtprice' is: '1669'

2018-05-21 13:11:17 - [MESSAGE][PASSED] - Attribute 'value' of object 'Object Repository/lab/Page_Store/input_txtprice' is: '1669'

2018-05-21 13:11:17 - [TEST_STEP][PASSED] - Statement - out.println("Stock QTY : " + StockQty): null

2018-05-21 13:11:17 - [TEST_STEP][PASSED] - delay: Delayed 2 second(s)

2018-05-21 13:11:19 - [MESSAGE][PASSED] - Delayed 2 second(s)

2018-05-21 13:11:19 - [TEST_STEP][PASSED] - Statement - If (java.lang.Integer.valueOf(StockQty) >= java.lang.Integer.valueOf(RequestedQty)): null

2018-05-21 13:11:19 - [TEST_STEP][PASSED] - Statement - out.println(" " + StockQty + " >= " + RequestedQty): null

2018-05-21 13:11:19 - [TEST_STEP][PASSED] - Statement - Try: null

2018-05-21 13:11:19 - [TEST_STEP][PASSED] - setText: Text '10' is set on object 'Object Repository/lab/Page_Store/input_txtqty'

2018-05-21 13:11:19 - [MESSAGE][PASSED] - Text '10' is set on object 'Object Repository/lab/Page_Store/input_txtqty'

2018-05-21 13:11:19 - [TEST_STEP][PASSED] - click: Object: 'Object Repository/lab/Page_Store/button_Add' is clicked on

2018-05-21 13:11:20 - [MESSAGE][PASSED] - Object: 'Object Repository/lab/Page_Store/button_Add' is clicked on

2018-05-21 13:11:20 - [TEST_STEP][PASSED] - Statement - Break: null

2018-05-21 13:11:20 - [TEST_STEP][PASSED] - selectOptionByIndex: All options with index in [3] are selected on object 'Object Repository/lab/Page_Store/select_--Select--E.C.G. Jelly'

2018-05-21 13:11:20 - [MESSAGE][PASSED] - All options with index in [3] are selected on object 'Object Repository/lab/Page_Store/select_--Select--E.C.G. Jelly'

2018-05-21 13:11:20 - [TEST_STEP][PASSED] - delay: Delayed 2 second(s)

2018-05-21 13:11:22 - [MESSAGE][PASSED] - Delayed 2 second(s)

2018-05-21 13:11:22 - [TEST_STEP][PASSED] - Statement - RequestedQty = com.kms.katalon.core.webui.keyword.WebUiBuiltInKeywords.getAttribute(com.kms.katalon.core.testobject.ObjectRepository.findTestObject(lab/Page_Store/input_txttotal), "value"): Attribute 'value' of object 'Object Repository/lab/Page_Store/input_txttotal' is: '10'

2018-05-21 13:11:22 - [MESSAGE][PASSED] - Attribute 'value' of object 'Object Repository/lab/Page_Store/input_txttotal' is: '10'

2018-05-21 13:11:22 - [TEST_STEP][PASSED] - Statement - out.println("Requested QTY : " + RequestedQty): null

2018-05-21 13:11:22 - [TEST_STEP][PASSED] - Statement - BatchNumber = com.kms.katalon.core.webui.keyword.WebUiBuiltInKeywords.getNumberOfTotalOption(com.kms.katalon.core.testobject.ObjectRepository.findTestObject(lab/Page_Store/select_--Select--BA50)): 3 options of object 'Object Repository/lab/Page_Store/select_--Select--BA50' counted

2018-05-21 13:11:22 - [MESSAGE][PASSED] - 3 options of object 'Object Repository/lab/Page_Store/select_--Select--BA50' counted

2018-05-21 13:11:22 - [TEST_STEP][PASSED] - Statement - For ([g = 1, g <= BatchNumber - 1, (g++)]): null

2018-05-21 13:11:22 - [TEST_STEP][PASSED] - selectOptionByIndex: All options with index in [1] are selected on object 'Object Repository/lab/Page_Store/select_--Select--BA50'

2018-05-21 13:11:22 - [MESSAGE][PASSED] - All options with index in [1] are selected on object 'Object Repository/lab/Page_Store/select_--Select--BA50'

2018-05-21 13:11:22 - [TEST_STEP][PASSED] - delay: Delayed 2 second(s)

2018-05-21 13:11:24 - [MESSAGE][PASSED] - Delayed 2 second(s)

2018-05-21 13:11:24 - [TEST_STEP][PASSED] - Statement - Try: null

2018-05-21 13:11:24 - [TEST_STEP][PASSED] - Statement - StockQty = com.kms.katalon.core.webui.keyword.WebUiBuiltInKeywords.getAttribute(com.kms.katalon.core.testobject.ObjectRepository.findTestObject(lab/Page_Store/input_txtprice), "value"): Attribute 'value' of object 'Object Repository/lab/Page_Store/input_txtprice' is: '1880'

2018-05-21 13:11:24 - [MESSAGE][PASSED] - Attribute 'value' of object 'Object Repository/lab/Page_Store/input_txtprice' is: '1880'

2018-05-21 13:11:24 - [TEST_STEP][PASSED] - Statement - out.println("Stock QTY : " + StockQty): null

2018-05-21 13:11:24 - [TEST_STEP][PASSED] - delay: Delayed 2 second(s)

2018-05-21 13:11:26 - [MESSAGE][PASSED] - Delayed 2 second(s)

2018-05-21 13:11:26 - [TEST_STEP][PASSED] - Statement - If (java.lang.Integer.valueOf(StockQty) >= java.lang.Integer.valueOf(RequestedQty)): null

2018-05-21 13:11:26 - [TEST_STEP][PASSED] - Statement - out.println(" " + StockQty + " >= " + RequestedQty): null

2018-05-21 13:11:26 - [TEST_STEP][PASSED] - Statement - Try: null

2018-05-21 13:11:26 - [TEST_STEP][PASSED] - setText: Text '10' is set on object 'Object Repository/lab/Page_Store/input_txtqty'

2018-05-21 13:11:26 - [MESSAGE][PASSED] - Text '10' is set on object 'Object Repository/lab/Page_Store/input_txtqty'

2018-05-21 13:11:26 - [TEST_STEP][PASSED] - click: Object: 'Object Repository/lab/Page_Store/button_Add' is clicked on

2018-05-21 13:11:26 - [MESSAGE][PASSED] - Object: 'Object Repository/lab/Page_Store/button_Add' is clicked on

2018-05-21 13:11:26 - [TEST_STEP][PASSED] - Statement - Break: null

2018-05-21 13:11:26 - [TEST_STEP][PASSED] - selectOptionByIndex: All options with index in [4] are selected on object 'Object Repository/lab/Page_Store/select_--Select--E.C.G. Jelly'

2018-05-21 13:11:26 - [MESSAGE][PASSED] - All options with index in [4] are selected on object 'Object Repository/lab/Page_Store/select_--Select--E.C.G. Jelly'

2018-05-21 13:11:26 - [TEST_STEP][PASSED] - delay: Delayed 2 second(s)

2018-05-21 13:11:28 - [MESSAGE][PASSED] - Delayed 2 second(s)

2018-05-21 13:11:28 - [TEST_STEP][PASSED] - Statement - RequestedQty = com.kms.katalon.core.webui.keyword.WebUiBuiltInKeywords.getAttribute(com.kms.katalon.core.testobject.ObjectRepository.findTestObject(lab/Page_Store/input_txttotal), "value"): Attribute 'value' of object 'Object Repository/lab/Page_Store/input_txttotal' is: '10'

2018-05-21 13:11:28 - [MESSAGE][PASSED] - Attribute 'value' of object 'Object Repository/lab/Page_Store/input_txttotal' is: '10'

2018-05-21 13:11:28 - [TEST_STEP][PASSED] - Statement - out.println("Requested QTY : " + RequestedQty): null

2018-05-21 13:11:28 - [TEST_STEP][PASSED] - Statement - BatchNumber = com.kms.katalon.core.webui.keyword.WebUiBuiltInKeywords.getNumberOfTotalOption(com.kms.katalon.core.testobject.ObjectRepository.findTestObject(lab/Page_Store/select_--Select--BA50)): 3 options of object 'Object Repository/lab/Page_Store/select_--Select--BA50' counted

2018-05-21 13:11:28 - [MESSAGE][PASSED] - 3 options of object 'Object Repository/lab/Page_Store/select_--Select--BA50' counted

2018-05-21 13:11:28 - [TEST_STEP][PASSED] - Statement - For ([g = 1, g <= BatchNumber - 1, (g++)]): null

2018-05-21 13:11:28 - [TEST_STEP][PASSED] - selectOptionByIndex: All options with index in [1] are selected on object 'Object Repository/lab/Page_Store/select_--Select--BA50'

2018-05-21 13:11:29 - [MESSAGE][PASSED] - All options with index in [1] are selected on object 'Object Repository/lab/Page_Store/select_--Select--BA50'

2018-05-21 13:11:29 - [TEST_STEP][PASSED] - delay: Delayed 2 second(s)

2018-05-21 13:11:31 - [MESSAGE][PASSED] - Delayed 2 second(s)

2018-05-21 13:11:31 - [TEST_STEP][PASSED] - Statement - Try: null

2018-05-21 13:11:31 - [TEST_STEP][PASSED] - Statement - StockQty = com.kms.katalon.core.webui.keyword.WebUiBuiltInKeywords.getAttribute(com.kms.katalon.core.testobject.ObjectRepository.findTestObject(lab/Page_Store/input_txtprice), "value"): Attribute 'value' of object 'Object Repository/lab/Page_Store/input_txtprice' is: '1880'

2018-05-21 13:11:31 - [MESSAGE][PASSED] - Attribute 'value' of object 'Object Repository/lab/Page_Store/input_txtprice' is: '1880'

2018-05-21 13:11:31 - [TEST_STEP][PASSED] - Statement - out.println("Stock QTY : " + StockQty): null

2018-05-21 13:11:31 - [TEST_STEP][PASSED] - delay: Delayed 2 second(s)

2018-05-21 13:11:33 - [MESSAGE][PASSED] - Delayed 2 second(s)

2018-05-21 13:11:33 - [TEST_STEP][PASSED] - Statement - If (java.lang.Integer.valueOf(StockQty) >= java.lang.Integer.valueOf(RequestedQty)): null

2018-05-21 13:11:33 - [TEST_STEP][PASSED] - Statement - out.println(" " + StockQty + " >= " + RequestedQty): null

2018-05-21 13:11:33 - [TEST_STEP][PASSED] - Statement - Try: null

2018-05-21 13:11:33 - [TEST_STEP][PASSED] - setText: Text '10' is set on object 'Object Repository/lab/Page_Store/input_txtqty'

2018-05-21 13:11:33 - [MESSAGE][PASSED] - Text '10' is set on object 'Object Repository/lab/Page_Store/input_txtqty'

2018-05-21 13:11:33 - [TEST_STEP][PASSED] - click: Object: 'Object Repository/lab/Page_Store/button_Add' is clicked on

2018-05-21 13:11:33 - [MESSAGE][PASSED] - Object: 'Object Repository/lab/Page_Store/button_Add' is clicked on

2018-05-21 13:11:33 - [TEST_STEP][PASSED] - Statement - Break: null

2018-05-21 13:11:33 - [TEST_STEP][PASSED] - selectOptionByIndex: All options with index in [5] are selected on object 'Object Repository/lab/Page_Store/select_--Select--E.C.G. Jelly'

2018-05-21 13:11:33 - [MESSAGE][PASSED] - All options with index in [5] are selected on object 'Object Repository/lab/Page_Store/select_--Select--E.C.G. Jelly'

2018-05-21 13:11:33 - [TEST_STEP][PASSED] - delay: Delayed 2 second(s)

2018-05-21 13:11:35 - [MESSAGE][PASSED] - Delayed 2 second(s)

2018-05-21 13:11:35 - [TEST_STEP][PASSED] - Statement - RequestedQty = com.kms.katalon.core.webui.keyword.WebUiBuiltInKeywords.getAttribute(com.kms.katalon.core.testobject.ObjectRepository.findTestObject(lab/Page_Store/input_txttotal), "value"): Attribute 'value' of object 'Object Repository/lab/Page_Store/input_txttotal' is: '10'

2018-05-21 13:11:35 - [MESSAGE][PASSED] - Attribute 'value' of object 'Object Repository/lab/Page_Store/input_txttotal' is: '10'

2018-05-21 13:11:35 - [TEST_STEP][PASSED] - Statement - out.println("Requested QTY : " + RequestedQty): null

2018-05-21 13:11:35 - [TEST_STEP][PASSED] - Statement - BatchNumber = com.kms.katalon.core.webui.keyword.WebUiBuiltInKeywords.getNumberOfTotalOption(com.kms.katalon.core.testobject.ObjectRepository.findTestObject(lab/Page_Store/select_--Select--BA50)): 3 options of object 'Object Repository/lab/Page_Store/select_--Select--BA50' counted

2018-05-21 13:11:35 - [MESSAGE][PASSED] - 3 options of object 'Object Repository/lab/Page_Store/select_--Select--BA50' counted

2018-05-21 13:11:35 - [TEST_STEP][PASSED] - Statement - For ([g = 1, g <= BatchNumber - 1, (g++)]): null

2018-05-21 13:11:35 - [TEST_STEP][PASSED] - selectOptionByIndex: All options with index in [1] are selected on object 'Object Repository/lab/Page_Store/select_--Select--BA50'

2018-05-21 13:11:35 - [MESSAGE][PASSED] - All options with index in [1] are selected on object 'Object Repository/lab/Page_Store/select_--Select--BA50'

2018-05-21 13:11:35 - [TEST_STEP][PASSED] - delay: Delayed 2 second(s)

2018-05-21 13:11:37 - [MESSAGE][PASSED] - Delayed 2 second(s)

2018-05-21 13:11:37 - [TEST_STEP][PASSED] - Statement - Try: null

2018-05-21 13:11:37 - [TEST_STEP][PASSED] - Statement - StockQty = com.kms.katalon.core.webui.keyword.WebUiBuiltInKeywords.getAttribute(com.kms.katalon.core.testobject.ObjectRepository.findTestObject(lab/Page_Store/input_txtprice), "value"): Attribute 'value' of object 'Object Repository/lab/Page_Store/input_txtprice' is: '1880'

2018-05-21 13:11:37 - [MESSAGE][PASSED] - Attribute 'value' of object 'Object Repository/lab/Page_Store/input_txtprice' is: '1880'

2018-05-21 13:11:37 - [TEST_STEP][PASSED] - Statement - out.println("Stock QTY : " + StockQty): null

2018-05-21 13:11:37 - [TEST_STEP][PASSED] - delay: Delayed 2 second(s)

2018-05-21 13:11:39 - [MESSAGE][PASSED] - Delayed 2 second(s)

2018-05-21 13:11:39 - [TEST_STEP][PASSED] - Statement - If (java.lang.Integer.valueOf(StockQty) >= java.lang.Integer.valueOf(RequestedQty)): null

2018-05-21 13:11:39 - [TEST_STEP][PASSED] - Statement - out.println(" " + StockQty + " >= " + RequestedQty): null

2018-05-21 13:11:39 - [TEST_STEP][PASSED] - Statement - Try: null

2018-05-21 13:11:39 - [TEST_STEP][PASSED] - setText: Text '10' is set on object 'Object Repository/lab/Page_Store/input_txtqty'

2018-05-21 13:11:39 - [MESSAGE][PASSED] - Text '10' is set on object 'Object Repository/lab/Page_Store/input_txtqty'

2018-05-21 13:11:39 - [TEST_STEP][PASSED] - click: Object: 'Object Repository/lab/Page_Store/button_Add' is clicked on

2018-05-21 13:11:39 - [MESSAGE][PASSED] - Object: 'Object Repository/lab/Page_Store/button_Add' is clicked on

2018-05-21 13:11:39 - [TEST_STEP][PASSED] - Statement - Break: null

2018-05-21 13:11:39 - [TEST_STEP][PASSED] - selectOptionByIndex: All options with index in [6] are selected on object 'Object Repository/lab/Page_Store/select_--Select--E.C.G. Jelly'

2018-05-21 13:11:40 - [MESSAGE][PASSED] - All options with index in [6] are selected on object 'Object Repository/lab/Page_Store/select_--Select--E.C.G. Jelly'

2018-05-21 13:11:40 - [TEST_STEP][PASSED] - delay: Delayed 2 second(s)

2018-05-21 13:11:42 - [MESSAGE][PASSED] - Delayed 2 second(s)

2018-05-21 13:11:42 - [TEST_STEP][PASSED] - Statement - RequestedQty = com.kms.katalon.core.webui.keyword.WebUiBuiltInKeywords.getAttribute(com.kms.katalon.core.testobject.ObjectRepository.findTestObject(lab/Page_Store/input_txttotal), "value"): Attribute 'value' of object 'Object Repository/lab/Page_Store/input_txttotal' is: '10'

2018-05-21 13:11:42 - [MESSAGE][PASSED] - Attribute 'value' of object 'Object Repository/lab/Page_Store/input_txttotal' is: '10'

2018-05-21 13:11:42 - [TEST_STEP][PASSED] - Statement - out.println("Requested QTY : " + RequestedQty): null

2018-05-21 13:11:42 - [TEST_STEP][PASSED] - Statement - BatchNumber = com.kms.katalon.core.webui.keyword.WebUiBuiltInKeywords.getNumberOfTotalOption(com.kms.katalon.core.testobject.ObjectRepository.findTestObject(lab/Page_Store/select_--Select--BA50)): 3 options of object 'Object Repository/lab/Page_Store/select_--Select--BA50' counted

2018-05-21 13:11:42 - [MESSAGE][PASSED] - 3 options of object 'Object Repository/lab/Page_Store/select_--Select--BA50' counted

2018-05-21 13:11:42 - [TEST_STEP][PASSED] - Statement - For ([g = 1, g <= BatchNumber - 1, (g++)]): null

2018-05-21 13:11:42 - [TEST_STEP][PASSED] - selectOptionByIndex: All options with index in [1] are selected on object 'Object Repository/lab/Page_Store/select_--Select--BA50'

2018-05-21 13:11:42 - [MESSAGE][PASSED] - All options with index in [1] are selected on object 'Object Repository/lab/Page_Store/select_--Select--BA50'

2018-05-21 13:11:42 - [TEST_STEP][PASSED] - delay: Delayed 2 second(s)

2018-05-21 13:11:44 - [MESSAGE][PASSED] - Delayed 2 second(s)

2018-05-21 13:11:44 - [TEST_STEP][PASSED] - Statement - Try: null

2018-05-21 13:11:44 - [TEST_STEP][PASSED] - Statement - StockQty = com.kms.katalon.core.webui.keyword.WebUiBuiltInKeywords.getAttribute(com.kms.katalon.core.testobject.ObjectRepository.findTestObject(lab/Page_Store/input_txtprice), "value"): Attribute 'value' of object 'Object Repository/lab/Page_Store/input_txtprice' is: '1775'

2018-05-21 13:11:44 - [MESSAGE][PASSED] - Attribute 'value' of object 'Object Repository/lab/Page_Store/input_txtprice' is: '1775'

2018-05-21 13:11:44 - [TEST_STEP][PASSED] - Statement - out.println("Stock QTY : " + StockQty): null

2018-05-21 13:11:44 - [TEST_STEP][PASSED] - delay: Delayed 2 second(s)

2018-05-21 13:11:46 - [MESSAGE][PASSED] - Delayed 2 second(s)

2018-05-21 13:11:46 - [TEST_STEP][PASSED] - Statement - If (java.lang.Integer.valueOf(StockQty) >= java.lang.Integer.valueOf(RequestedQty)): null

2018-05-21 13:11:46 - [TEST_STEP][PASSED] - Statement - out.println(" " + StockQty + " >= " + RequestedQty): null

2018-05-21 13:11:46 - [TEST_STEP][PASSED] - Statement - Try: null

2018-05-21 13:11:46 - [TEST_STEP][PASSED] - setText: Text '10' is set on object 'Object Repository/lab/Page_Store/input_txtqty'

2018-05-21 13:11:46 - [MESSAGE][PASSED] - Text '10' is set on object 'Object Repository/lab/Page_Store/input_txtqty'

2018-05-21 13:11:46 - [TEST_STEP][PASSED] - click: Object: 'Object Repository/lab/Page_Store/button_Add' is clicked on

2018-05-21 13:11:46 - [MESSAGE][PASSED] - Object: 'Object Repository/lab/Page_Store/button_Add' is clicked on

2018-05-21 13:11:46 - [TEST_STEP][PASSED] - Statement - Break: null

2018-05-21 13:11:46 - [TEST_STEP][PASSED] - selectOptionByIndex: All options with index in [7] are selected on object 'Object Repository/lab/Page_Store/select_--Select--E.C.G. Jelly'

2018-05-21 13:11:46 - [MESSAGE][PASSED] - All options with index in [7] are selected on object 'Object Repository/lab/Page_Store/select_--Select--E.C.G. Jelly'

2018-05-21 13:11:46 - [TEST_STEP][PASSED] - delay: Delayed 2 second(s)

2018-05-21 13:11:48 - [MESSAGE][PASSED] - Delayed 2 second(s)

2018-05-21 13:11:48 - [TEST_STEP][PASSED] - Statement - RequestedQty = com.kms.katalon.core.webui.keyword.WebUiBuiltInKeywords.getAttribute(com.kms.katalon.core.testobject.ObjectRepository.findTestObject(lab/Page_Store/input_txttotal), "value"): Attribute 'value' of object 'Object Repository/lab/Page_Store/input_txttotal' is: '10'

2018-05-21 13:11:48 - [MESSAGE][PASSED] - Attribute 'value' of object 'Object Repository/lab/Page_Store/input_txttotal' is: '10'

2018-05-21 13:11:48 - [TEST_STEP][PASSED] - Statement - out.println("Requested QTY : " + RequestedQty): null

2018-05-21 13:11:48 - [TEST_STEP][PASSED] - Statement - BatchNumber = com.kms.katalon.core.webui.keyword.WebUiBuiltInKeywords.getNumberOfTotalOption(com.kms.katalon.core.testobject.ObjectRepository.findTestObject(lab/Page_Store/select_--Select--BA50)): 4 options of object 'Object Repository/lab/Page_Store/select_--Select--BA50' counted

2018-05-21 13:11:48 - [MESSAGE][PASSED] - 4 options of object 'Object Repository/lab/Page_Store/select_--Select--BA50' counted

2018-05-21 13:11:48 - [TEST_STEP][PASSED] - Statement - For ([g = 1, g <= BatchNumber - 1, (g++)]): null

2018-05-21 13:11:48 - [TEST_STEP][PASSED] - selectOptionByIndex: All options with index in [1] are selected on object 'Object Repository/lab/Page_Store/select_--Select--BA50'

2018-05-21 13:11:48 - [MESSAGE][PASSED] - All options with index in [1] are selected on object 'Object Repository/lab/Page_Store/select_--Select--BA50'

2018-05-21 13:11:48 - [TEST_STEP][PASSED] - delay: Delayed 2 second(s)

2018-05-21 13:11:50 - [MESSAGE][PASSED] - Delayed 2 second(s)

2018-05-21 13:11:50 - [TEST_STEP][PASSED] - Statement - Try: null

2018-05-21 13:11:50 - [TEST_STEP][PASSED] - Statement - StockQty = com.kms.katalon.core.webui.keyword.WebUiBuiltInKeywords.getAttribute(com.kms.katalon.core.testobject.ObjectRepository.findTestObject(lab/Page_Store/input_txtprice), "value"): Attribute 'value' of object 'Object Repository/lab/Page_Store/input_txtprice' is: '4'

2018-05-21 13:11:50 - [MESSAGE][PASSED] - Attribute 'value' of object 'Object Repository/lab/Page_Store/input_txtprice' is: '4'

2018-05-21 13:11:50 - [TEST_STEP][PASSED] - Statement - out.println("Stock QTY : " + StockQty): null

2018-05-21 13:11:50 - [TEST_STEP][PASSED] - delay: Delayed 2 second(s)

2018-05-21 13:11:52 - [MESSAGE][PASSED] - Delayed 2 second(s)

2018-05-21 13:11:52 - [TEST_STEP][PASSED] - Statement - If (java.lang.Integer.valueOf(StockQty) >= java.lang.Integer.valueOf(RequestedQty)): null

2018-05-21 13:11:52 - [TEST_STEP][PASSED] - Statement - Else: null

2018-05-21 13:11:52 - [TEST_STEP][PASSED] - Statement - out.println("Stock Is Less Than Requested Qty"): null

2018-05-21 13:11:52 - [TEST_STEP][PASSED] - selectOptionByIndex: All options with index in [2] are selected on object 'Object Repository/lab/Page_Store/select_--Select--BA50'

2018-05-21 13:11:53 - [MESSAGE][PASSED] - All options with index in [2] are selected on object 'Object Repository/lab/Page_Store/select_--Select--BA50'

2018-05-21 13:11:53 - [TEST_STEP][PASSED] - delay: Delayed 2 second(s)

2018-05-21 13:11:55 - [MESSAGE][PASSED] - Delayed 2 second(s)

2018-05-21 13:11:55 - [TEST_STEP][PASSED] - Statement - Try: null

2018-05-21 13:11:55 - [TEST_STEP][PASSED] - Statement - StockQty = com.kms.katalon.core.webui.keyword.WebUiBuiltInKeywords.getAttribute(com.kms.katalon.core.testobject.ObjectRepository.findTestObject(lab/Page_Store/input_txtprice), "value"): Attribute 'value' of object 'Object Repository/lab/Page_Store/input_txtprice' is: '1656'

2018-05-21 13:11:55 - [MESSAGE][PASSED] - Attribute 'value' of object 'Object Repository/lab/Page_Store/input_txtprice' is: '1656'

2018-05-21 13:11:55 - [TEST_STEP][PASSED] - Statement - out.println("Stock QTY : " + StockQty): null

2018-05-21 13:11:55 - [TEST_STEP][PASSED] - delay: Delayed 2 second(s)

2018-05-21 13:11:57 - [MESSAGE][PASSED] - Delayed 2 second(s)

2018-05-21 13:11:57 - [TEST_STEP][PASSED] - Statement - If (java.lang.Integer.valueOf(StockQty) >= java.lang.Integer.valueOf(RequestedQty)): null

2018-05-21 13:11:57 - [TEST_STEP][PASSED] - Statement - out.println(" " + StockQty + " >= " + RequestedQty): null

2018-05-21 13:11:57 - [TEST_STEP][PASSED] - Statement - Try: null

2018-05-21 13:11:57 - [TEST_STEP][PASSED] - setText: Text '10' is set on object 'Object Repository/lab/Page_Store/input_txtqty'

2018-05-21 13:11:57 - [MESSAGE][PASSED] - Text '10' is set on object 'Object Repository/lab/Page_Store/input_txtqty'

2018-05-21 13:11:57 - [TEST_STEP][PASSED] - click: Object: 'Object Repository/lab/Page_Store/button_Add' is clicked on

2018-05-21 13:11:57 - [MESSAGE][PASSED] - Object: 'Object Repository/lab/Page_Store/button_Add' is clicked on

2018-05-21 13:11:57 - [TEST_STEP][PASSED] - Statement - Break: null

2018-05-21 13:11:57 - [TEST_STEP][PASSED] - selectOptionByIndex: All options with index in [8] are selected on object 'Object Repository/lab/Page_Store/select_--Select--E.C.G. Jelly'

2018-05-21 13:11:57 - [MESSAGE][PASSED] - All options with index in [8] are selected on object 'Object Repository/lab/Page_Store/select_--Select--E.C.G. Jelly'

2018-05-21 13:11:57 - [TEST_STEP][PASSED] - delay: Delayed 2 second(s)

2018-05-21 13:11:59 - [MESSAGE][PASSED] - Delayed 2 second(s)

2018-05-21 13:11:59 - [TEST_STEP][PASSED] - Statement - RequestedQty = com.kms.katalon.core.webui.keyword.WebUiBuiltInKeywords.getAttribute(com.kms.katalon.core.testobject.ObjectRepository.findTestObject(lab/Page_Store/input_txttotal), "value"): Attribute 'value' of object 'Object Repository/lab/Page_Store/input_txttotal' is: '10'

2018-05-21 13:11:59 - [MESSAGE][PASSED] - Attribute 'value' of object 'Object Repository/lab/Page_Store/input_txttotal' is: '10'

2018-05-21 13:11:59 - [TEST_STEP][PASSED] - Statement - out.println("Requested QTY : " + RequestedQty): null

2018-05-21 13:11:59 - [TEST_STEP][PASSED] - Statement - BatchNumber = com.kms.katalon.core.webui.keyword.WebUiBuiltInKeywords.getNumberOfTotalOption(com.kms.katalon.core.testobject.ObjectRepository.findTestObject(lab/Page_Store/select_--Select--BA50)): 3 options of object 'Object Repository/lab/Page_Store/select_--Select--BA50' counted

2018-05-21 13:11:59 - [MESSAGE][PASSED] - 3 options of object 'Object Repository/lab/Page_Store/select_--Select--BA50' counted

2018-05-21 13:11:59 - [TEST_STEP][PASSED] - Statement - For ([g = 1, g <= BatchNumber - 1, (g++)]): null

2018-05-21 13:11:59 - [TEST_STEP][PASSED] - selectOptionByIndex: All options with index in [1] are selected on object 'Object Repository/lab/Page_Store/select_--Select--BA50'

2018-05-21 13:11:59 - [MESSAGE][PASSED] - All options with index in [1] are selected on object 'Object Repository/lab/Page_Store/select_--Select--BA50'

2018-05-21 13:11:59 - [TEST_STEP][PASSED] - delay: Delayed 2 second(s)

2018-05-21 13:12:01 - [MESSAGE][PASSED] - Delayed 2 second(s)

2018-05-21 13:12:01 - [TEST_STEP][PASSED] - Statement - Try: null

2018-05-21 13:12:01 - [TEST_STEP][PASSED] - Statement - StockQty = com.kms.katalon.core.webui.keyword.WebUiBuiltInKeywords.getAttribute(com.kms.katalon.core.testobject.ObjectRepository.findTestObject(lab/Page_Store/input_txtprice), "value"): Attribute 'value' of object 'Object Repository/lab/Page_Store/input_txtprice' is: '1738'

2018-05-21 13:12:01 - [MESSAGE][PASSED] - Attribute 'value' of object 'Object Repository/lab/Page_Store/input_txtprice' is: '1738'

2018-05-21 13:12:01 - [TEST_STEP][PASSED] - Statement - out.println("Stock QTY : " + StockQty): null

2018-05-21 13:12:01 - [TEST_STEP][PASSED] - delay: Delayed 2 second(s)

2018-05-21 13:12:03 - [MESSAGE][PASSED] - Delayed 2 second(s)

2018-05-21 13:12:03 - [TEST_STEP][PASSED] - Statement - If (java.lang.Integer.valueOf(StockQty) >= java.lang.Integer.valueOf(RequestedQty)): null

2018-05-21 13:12:03 - [TEST_STEP][PASSED] - Statement - out.println(" " + StockQty + " >= " + RequestedQty): null

2018-05-21 13:12:03 - [TEST_STEP][PASSED] - Statement - Try: null

2018-05-21 13:12:03 - [TEST_STEP][PASSED] - setText: Text '10' is set on object 'Object Repository/lab/Page_Store/input_txtqty'

2018-05-21 13:12:03 - [MESSAGE][PASSED] - Text '10' is set on object 'Object Repository/lab/Page_Store/input_txtqty'

2018-05-21 13:12:03 - [TEST_STEP][PASSED] - click: Object: 'Object Repository/lab/Page_Store/button_Add' is clicked on

2018-05-21 13:12:03 - [MESSAGE][PASSED] - Object: 'Object Repository/lab/Page_Store/button_Add' is clicked on

2018-05-21 13:12:03 - [TEST_STEP][PASSED] - Statement - Break: null

2018-05-21 13:12:03 - [TEST_STEP][PASSED] - selectOptionByIndex: All options with index in [9] are selected on object 'Object Repository/lab/Page_Store/select_--Select--E.C.G. Jelly'

2018-05-21 13:12:04 - [MESSAGE][PASSED] - All options with index in [9] are selected on object 'Object Repository/lab/Page_Store/select_--Select--E.C.G. Jelly'

2018-05-21 13:12:04 - [TEST_STEP][PASSED] - delay: Delayed 2 second(s)

2018-05-21 13:12:06 - [MESSAGE][PASSED] - Delayed 2 second(s)

2018-05-21 13:12:06 - [TEST_STEP][PASSED] - Statement - RequestedQty = com.kms.katalon.core.webui.keyword.WebUiBuiltInKeywords.getAttribute(com.kms.katalon.core.testobject.ObjectRepository.findTestObject(lab/Page_Store/input_txttotal), "value"): Attribute 'value' of object 'Object Repository/lab/Page_Store/input_txttotal' is: '10'

2018-05-21 13:12:06 - [MESSAGE][PASSED] - Attribute 'value' of object 'Object Repository/lab/Page_Store/input_txttotal' is: '10'

2018-05-21 13:12:06 - [TEST_STEP][PASSED] - Statement - out.println("Requested QTY : " + RequestedQty): null

2018-05-21 13:12:06 - [TEST_STEP][PASSED] - Statement - BatchNumber = com.kms.katalon.core.webui.keyword.WebUiBuiltInKeywords.getNumberOfTotalOption(com.kms.katalon.core.testobject.ObjectRepository.findTestObject(lab/Page_Store/select_--Select--BA50)): 3 options of object 'Object Repository/lab/Page_Store/select_--Select--BA50' counted

2018-05-21 13:12:06 - [MESSAGE][PASSED] - 3 options of object 'Object Repository/lab/Page_Store/select_--Select--BA50' counted

2018-05-21 13:12:06 - [TEST_STEP][PASSED] - Statement - For ([g = 1, g <= BatchNumber - 1, (g++)]): null

2018-05-21 13:12:06 - [TEST_STEP][PASSED] - selectOptionByIndex: All options with index in [1] are selected on object 'Object Repository/lab/Page_Store/select_--Select--BA50'

2018-05-21 13:12:06 - [MESSAGE][PASSED] - All options with index in [1] are selected on object 'Object Repository/lab/Page_Store/select_--Select--BA50'

2018-05-21 13:12:06 - [TEST_STEP][PASSED] - delay: Delayed 2 second(s)

2018-05-21 13:12:08 - [MESSAGE][PASSED] - Delayed 2 second(s)

2018-05-21 13:12:08 - [TEST_STEP][PASSED] - Statement - Try: null

2018-05-21 13:12:08 - [TEST_STEP][PASSED] - Statement - StockQty = com.kms.katalon.core.webui.keyword.WebUiBuiltInKeywords.getAttribute(com.kms.katalon.core.testobject.ObjectRepository.findTestObject(lab/Page_Store/input_txtprice), "value"): Attribute 'value' of object 'Object Repository/lab/Page_Store/input_txtprice' is: '1546'

2018-05-21 13:12:08 - [MESSAGE][PASSED] - Attribute 'value' of object 'Object Repository/lab/Page_Store/input_txtprice' is: '1546'

2018-05-21 13:12:08 - [TEST_STEP][PASSED] - Statement - out.println("Stock QTY : " + StockQty): null

2018-05-21 13:12:08 - [TEST_STEP][PASSED] - delay: Delayed 2 second(s)

2018-05-21 13:12:10 - [MESSAGE][PASSED] - Delayed 2 second(s)

2018-05-21 13:12:10 - [TEST_STEP][PASSED] - Statement - If (java.lang.Integer.valueOf(StockQty) >= java.lang.Integer.valueOf(RequestedQty)): null

2018-05-21 13:12:10 - [TEST_STEP][PASSED] - Statement - out.println(" " + StockQty + " >= " + RequestedQty): null

2018-05-21 13:12:10 - [TEST_STEP][PASSED] - Statement - Try: null

2018-05-21 13:12:10 - [TEST_STEP][PASSED] - setText: Text '10' is set on object 'Object Repository/lab/Page_Store/input_txtqty'

2018-05-21 13:12:10 - [MESSAGE][PASSED] - Text '10' is set on object 'Object Repository/lab/Page_Store/input_txtqty'

2018-05-21 13:12:10 - [TEST_STEP][PASSED] - click: Object: 'Object Repository/lab/Page_Store/button_Add' is clicked on

2018-05-21 13:12:10 - [MESSAGE][PASSED] - Object: 'Object Repository/lab/Page_Store/button_Add' is clicked on

2018-05-21 13:12:10 - [TEST_STEP][PASSED] - Statement - Break: null

2018-05-21 13:12:10 - [TEST_STEP][PASSED] - selectOptionByIndex: All options with index in [10] are selected on object 'Object Repository/lab/Page_Store/select_--Select--E.C.G. Jelly'

2018-05-21 13:12:10 - [MESSAGE][PASSED] - All options with index in [10] are selected on object 'Object Repository/lab/Page_Store/select_--Select--E.C.G. Jelly'

2018-05-21 13:12:10 - [TEST_STEP][PASSED] - delay: Delayed 2 second(s)

2018-05-21 13:12:12 - [MESSAGE][PASSED] - Delayed 2 second(s)

2018-05-21 13:12:12 - [TEST_STEP][PASSED] - Statement - RequestedQty = com.kms.katalon.core.webui.keyword.WebUiBuiltInKeywords.getAttribute(com.kms.katalon.core.testobject.ObjectRepository.findTestObject(lab/Page_Store/input_txttotal), "value"): Attribute 'value' of object 'Object Repository/lab/Page_Store/input_txttotal' is: '10'

2018-05-21 13:12:12 - [MESSAGE][PASSED] - Attribute 'value' of object 'Object Repository/lab/Page_Store/input_txttotal' is: '10'

2018-05-21 13:12:12 - [TEST_STEP][PASSED] - Statement - out.println("Requested QTY : " + RequestedQty): null

2018-05-21 13:12:12 - [TEST_STEP][PASSED] - Statement - BatchNumber = com.kms.katalon.core.webui.keyword.WebUiBuiltInKeywords.getNumberOfTotalOption(com.kms.katalon.core.testobject.ObjectRepository.findTestObject(lab/Page_Store/select_--Select--BA50)): 3 options of object 'Object Repository/lab/Page_Store/select_--Select--BA50' counted

2018-05-21 13:12:12 - [MESSAGE][PASSED] - 3 options of object 'Object Repository/lab/Page_Store/select_--Select--BA50' counted

2018-05-21 13:12:12 - [TEST_STEP][PASSED] - Statement - For ([g = 1, g <= BatchNumber - 1, (g++)]): null

2018-05-21 13:12:12 - [TEST_STEP][PASSED] - selectOptionByIndex: All options with index in [1] are selected on object 'Object Repository/lab/Page_Store/select_--Select--BA50'

2018-05-21 13:12:13 - [MESSAGE][PASSED] - All options with index in [1] are selected on object 'Object Repository/lab/Page_Store/select_--Select--BA50'

2018-05-21 13:12:13 - [TEST_STEP][PASSED] - delay: Delayed 2 second(s)

2018-05-21 13:12:15 - [MESSAGE][PASSED] - Delayed 2 second(s)

2018-05-21 13:12:15 - [TEST_STEP][PASSED] - Statement - Try: null

2018-05-21 13:12:15 - [TEST_STEP][PASSED] - Statement - StockQty = com.kms.katalon.core.webui.keyword.WebUiBuiltInKeywords.getAttribute(com.kms.katalon.core.testobject.ObjectRepository.findTestObject(lab/Page_Store/input_txtprice), "value"): Attribute 'value' of object 'Object Repository/lab/Page_Store/input_txtprice' is: '1880'

2018-05-21 13:12:15 - [MESSAGE][PASSED] - Attribute 'value' of object 'Object Repository/lab/Page_Store/input_txtprice' is: '1880'

2018-05-21 13:12:15 - [TEST_STEP][PASSED] - Statement - out.println("Stock QTY : " + StockQty): null

2018-05-21 13:12:15 - [TEST_STEP][PASSED] - delay: Delayed 2 second(s)

2018-05-21 13:12:17 - [MESSAGE][PASSED] - Delayed 2 second(s)

2018-05-21 13:12:17 - [TEST_STEP][PASSED] - Statement - If (java.lang.Integer.valueOf(StockQty) >= java.lang.Integer.valueOf(RequestedQty)): null

2018-05-21 13:12:17 - [TEST_STEP][PASSED] - Statement - out.println(" " + StockQty + " >= " + RequestedQty): null

2018-05-21 13:12:17 - [TEST_STEP][PASSED] - Statement - Try: null

2018-05-21 13:12:17 - [TEST_STEP][PASSED] - setText: Text '10' is set on object 'Object Repository/lab/Page_Store/input_txtqty'

2018-05-21 13:12:17 - [MESSAGE][PASSED] - Text '10' is set on object 'Object Repository/lab/Page_Store/input_txtqty'

2018-05-21 13:12:17 - [TEST_STEP][PASSED] - click: Object: 'Object Repository/lab/Page_Store/button_Add' is clicked on

2018-05-21 13:12:17 - [MESSAGE][PASSED] - Object: 'Object Repository/lab/Page_Store/button_Add' is clicked on

2018-05-21 13:12:17 - [TEST_STEP][PASSED] - Statement - Break: null

2018-05-21 13:12:17 - [TEST_STEP][PASSED] - selectOptionByIndex: All options with index in [11] are selected on object 'Object Repository/lab/Page_Store/select_--Select--E.C.G. Jelly'

2018-05-21 13:12:17 - [MESSAGE][PASSED] - All options with index in [11] are selected on object 'Object Repository/lab/Page_Store/select_--Select--E.C.G. Jelly'

2018-05-21 13:12:17 - [TEST_STEP][PASSED] - delay: Delayed 2 second(s)

2018-05-21 13:12:19 - [MESSAGE][PASSED] - Delayed 2 second(s)

2018-05-21 13:12:19 - [TEST_STEP][PASSED] - Statement - RequestedQty = com.kms.katalon.core.webui.keyword.WebUiBuiltInKeywords.getAttribute(com.kms.katalon.core.testobject.ObjectRepository.findTestObject(lab/Page_Store/input_txttotal), "value"): Attribute 'value' of object 'Object Repository/lab/Page_Store/input_txttotal' is: '10'

2018-05-21 13:12:19 - [MESSAGE][PASSED] - Attribute 'value' of object 'Object Repository/lab/Page_Store/input_txttotal' is: '10'

2018-05-21 13:12:19 - [TEST_STEP][PASSED] - Statement - out.println("Requested QTY : " + RequestedQty): null

2018-05-21 13:12:19 - [TEST_STEP][PASSED] - Statement - BatchNumber = com.kms.katalon.core.webui.keyword.WebUiBuiltInKeywords.getNumberOfTotalOption(com.kms.katalon.core.testobject.ObjectRepository.findTestObject(lab/Page_Store/select_--Select--BA50)): 2 options of object 'Object Repository/lab/Page_Store/select_--Select--BA50' counted

2018-05-21 13:12:19 - [MESSAGE][PASSED] - 2 options of object 'Object Repository/lab/Page_Store/select_--Select--BA50' counted

2018-05-21 13:12:19 - [TEST_STEP][PASSED] - Statement - For ([g = 1, g <= BatchNumber - 1, (g++)]): null

2018-05-21 13:12:19 - [TEST_STEP][PASSED] - selectOptionByIndex: All options with index in [1] are selected on object 'Object Repository/lab/Page_Store/select_--Select--BA50'

2018-05-21 13:12:19 - [MESSAGE][PASSED] - All options with index in [1] are selected on object 'Object Repository/lab/Page_Store/select_--Select--BA50'

2018-05-21 13:12:19 - [TEST_STEP][PASSED] - delay: Delayed 2 second(s)

2018-05-21 13:12:21 - [MESSAGE][PASSED] - Delayed 2 second(s)

2018-05-21 13:12:21 - [TEST_STEP][PASSED] - Statement - Try: null

2018-05-21 13:12:21 - [TEST_STEP][PASSED] - Statement - StockQty = com.kms.katalon.core.webui.keyword.WebUiBuiltInKeywords.getAttribute(com.kms.katalon.core.testobject.ObjectRepository.findTestObject(lab/Page_Store/input_txtprice), "value"): Attribute 'value' of object 'Object Repository/lab/Page_Store/input_txtprice' is: '1796'

2018-05-21 13:12:21 - [MESSAGE][PASSED] - Attribute 'value' of object 'Object Repository/lab/Page_Store/input_txtprice' is: '1796'

2018-05-21 13:12:21 - [TEST_STEP][PASSED] - Statement - out.println("Stock QTY : " + StockQty): null

2018-05-21 13:12:21 - [TEST_STEP][PASSED] - delay: Delayed 2 second(s)

2018-05-21 13:12:23 - [MESSAGE][PASSED] - Delayed 2 second(s)

2018-05-21 13:12:23 - [TEST_STEP][PASSED] - Statement - If (java.lang.Integer.valueOf(StockQty) >= java.lang.Integer.valueOf(RequestedQty)): null

2018-05-21 13:12:23 - [TEST_STEP][PASSED] - Statement - out.println(" " + StockQty + " >= " + RequestedQty): null

2018-05-21 13:12:23 - [TEST_STEP][PASSED] - Statement - Try: null

2018-05-21 13:12:23 - [TEST_STEP][PASSED] - setText: Text '10' is set on object 'Object Repository/lab/Page_Store/input_txtqty'

2018-05-21 13:12:23 - [MESSAGE][PASSED] - Text '10' is set on object 'Object Repository/lab/Page_Store/input_txtqty'

2018-05-21 13:12:23 - [TEST_STEP][PASSED] - click: Object: 'Object Repository/lab/Page_Store/button_Add' is clicked on

2018-05-21 13:12:24 - [MESSAGE][PASSED] - Object: 'Object Repository/lab/Page_Store/button_Add' is clicked on

2018-05-21 13:12:24 - [TEST_STEP][PASSED] - Statement - Break: null

2018-05-21 13:12:24 - [TEST_STEP][PASSED] - selectOptionByIndex: All options with index in [12] are selected on object 'Object Repository/lab/Page_Store/select_--Select--E.C.G. Jelly'

2018-05-21 13:12:24 - [MESSAGE][PASSED] - All options with index in [12] are selected on object 'Object Repository/lab/Page_Store/select_--Select--E.C.G. Jelly'

2018-05-21 13:12:24 - [TEST_STEP][PASSED] - delay: Delayed 2 second(s)

2018-05-21 13:12:26 - [MESSAGE][PASSED] - Delayed 2 second(s)

2018-05-21 13:12:26 - [TEST_STEP][PASSED] - Statement - RequestedQty = com.kms.katalon.core.webui.keyword.WebUiBuiltInKeywords.getAttribute(com.kms.katalon.core.testobject.ObjectRepository.findTestObject(lab/Page_Store/input_txttotal), "value"): Attribute 'value' of object 'Object Repository/lab/Page_Store/input_txttotal' is: '10'

2018-05-21 13:12:26 - [MESSAGE][PASSED] - Attribute 'value' of object 'Object Repository/lab/Page_Store/input_txttotal' is: '10'

2018-05-21 13:12:26 - [TEST_STEP][PASSED] - Statement - out.println("Requested QTY : " + RequestedQty): null

2018-05-21 13:12:26 - [TEST_STEP][PASSED] - Statement - BatchNumber = com.kms.katalon.core.webui.keyword.WebUiBuiltInKeywords.getNumberOfTotalOption(com.kms.katalon.core.testobject.ObjectRepository.findTestObject(lab/Page_Store/select_--Select--BA50)): 3 options of object 'Object Repository/lab/Page_Store/select_--Select--BA50' counted

2018-05-21 13:12:26 - [MESSAGE][PASSED] - 3 options of object 'Object Repository/lab/Page_Store/select_--Select--BA50' counted

2018-05-21 13:12:26 - [TEST_STEP][PASSED] - Statement - For ([g = 1, g <= BatchNumber - 1, (g++)]): null

2018-05-21 13:12:26 - [TEST_STEP][PASSED] - selectOptionByIndex: All options with index in [1] are selected on object 'Object Repository/lab/Page_Store/select_--Select--BA50'

2018-05-21 13:12:26 - [MESSAGE][PASSED] - All options with index in [1] are selected on object 'Object Repository/lab/Page_Store/select_--Select--BA50'

2018-05-21 13:12:26 - [TEST_STEP][PASSED] - delay: Delayed 2 second(s)

2018-05-21 13:12:28 - [MESSAGE][PASSED] - Delayed 2 second(s)

2018-05-21 13:12:28 - [TEST_STEP][PASSED] - Statement - Try: null

2018-05-21 13:12:28 - [TEST_STEP][PASSED] - Statement - StockQty = com.kms.katalon.core.webui.keyword.WebUiBuiltInKeywords.getAttribute(com.kms.katalon.core.testobject.ObjectRepository.findTestObject(lab/Page_Store/input_txtprice), "value"): Attribute 'value' of object 'Object Repository/lab/Page_Store/input_txtprice' is: '1855'

2018-05-21 13:12:28 - [MESSAGE][PASSED] - Attribute 'value' of object 'Object Repository/lab/Page_Store/input_txtprice' is: '1855'

2018-05-21 13:12:28 - [TEST_STEP][PASSED] - Statement - out.println("Stock QTY : " + StockQty): null

2018-05-21 13:12:28 - [TEST_STEP][PASSED] - delay: Delayed 2 second(s)

2018-05-21 13:12:30 - [MESSAGE][PASSED] - Delayed 2 second(s)

2018-05-21 13:12:30 - [TEST_STEP][PASSED] - Statement - If (java.lang.Integer.valueOf(StockQty) >= java.lang.Integer.valueOf(RequestedQty)): null

2018-05-21 13:12:30 - [TEST_STEP][PASSED] - Statement - out.println(" " + StockQty + " >= " + RequestedQty): null

2018-05-21 13:12:30 - [TEST_STEP][PASSED] - Statement - Try: null

2018-05-21 13:12:30 - [TEST_STEP][PASSED] - setText: Text '10' is set on object 'Object Repository/lab/Page_Store/input_txtqty'

2018-05-21 13:12:30 - [MESSAGE][PASSED] - Text '10' is set on object 'Object Repository/lab/Page_Store/input_txtqty'

2018-05-21 13:12:30 - [TEST_STEP][PASSED] - click: Object: 'Object Repository/lab/Page_Store/button_Add' is clicked on

2018-05-21 13:12:30 - [MESSAGE][PASSED] - Object: 'Object Repository/lab/Page_Store/button_Add' is clicked on

2018-05-21 13:12:30 - [TEST_STEP][PASSED] - Statement - Break: null

2018-05-21 13:12:30 - [TEST_STEP][PASSED] - selectOptionByIndex: All options with index in [13] are selected on object 'Object Repository/lab/Page_Store/select_--Select--E.C.G. Jelly'

2018-05-21 13:12:31 - [MESSAGE][PASSED] - All options with index in [13] are selected on object 'Object Repository/lab/Page_Store/select_--Select--E.C.G. Jelly'

2018-05-21 13:12:31 - [TEST_STEP][PASSED] - delay: Delayed 2 second(s)

2018-05-21 13:12:33 - [MESSAGE][PASSED] - Delayed 2 second(s)

2018-05-21 13:12:33 - [TEST_STEP][PASSED] - Statement - RequestedQty = com.kms.katalon.core.webui.keyword.WebUiBuiltInKeywords.getAttribute(com.kms.katalon.core.testobject.ObjectRepository.findTestObject(lab/Page_Store/input_txttotal), "value"): Attribute 'value' of object 'Object Repository/lab/Page_Store/input_txttotal' is: '10'

2018-05-21 13:12:33 - [MESSAGE][PASSED] - Attribute 'value' of object 'Object Repository/lab/Page_Store/input_txttotal' is: '10'

2018-05-21 13:12:33 - [TEST_STEP][PASSED] - Statement - out.println("Requested QTY : " + RequestedQty): null

2018-05-21 13:12:33 - [TEST_STEP][PASSED] - Statement - BatchNumber = com.kms.katalon.core.webui.keyword.WebUiBuiltInKeywords.getNumberOfTotalOption(com.kms.katalon.core.testobject.ObjectRepository.findTestObject(lab/Page_Store/select_--Select--BA50)): 3 options of object 'Object Repository/lab/Page_Store/select_--Select--BA50' counted

2018-05-21 13:12:33 - [MESSAGE][PASSED] - 3 options of object 'Object Repository/lab/Page_Store/select_--Select--BA50' counted

2018-05-21 13:12:33 - [TEST_STEP][PASSED] - Statement - For ([g = 1, g <= BatchNumber - 1, (g++)]): null

2018-05-21 13:12:33 - [TEST_STEP][PASSED] - selectOptionByIndex: All options with index in [1] are selected on object 'Object Repository/lab/Page_Store/select_--Select--BA50'

2018-05-21 13:12:33 - [MESSAGE][PASSED] - All options with index in [1] are selected on object 'Object Repository/lab/Page_Store/select_--Select--BA50'

2018-05-21 13:12:33 - [TEST_STEP][PASSED] - delay: Delayed 2 second(s)

2018-05-21 13:12:35 - [MESSAGE][PASSED] - Delayed 2 second(s)

2018-05-21 13:12:35 - [TEST_STEP][PASSED] - Statement - Try: null

2018-05-21 13:12:35 - [TEST_STEP][PASSED] - Statement - StockQty = com.kms.katalon.core.webui.keyword.WebUiBuiltInKeywords.getAttribute(com.kms.katalon.core.testobject.ObjectRepository.findTestObject(lab/Page_Store/input_txtprice), "value"): Attribute 'value' of object 'Object Repository/lab/Page_Store/input_txtprice' is: '25'

2018-05-21 13:12:35 - [MESSAGE][PASSED] - Attribute 'value' of object 'Object Repository/lab/Page_Store/input_txtprice' is: '25'

2018-05-21 13:12:35 - [TEST_STEP][PASSED] - Statement - out.println("Stock QTY : " + StockQty): null

2018-05-21 13:12:35 - [TEST_STEP][PASSED] - delay: Delayed 2 second(s)

2018-05-21 13:12:37 - [MESSAGE][PASSED] - Delayed 2 second(s)

2018-05-21 13:12:37 - [TEST_STEP][PASSED] - Statement - If (java.lang.Integer.valueOf(StockQty) >= java.lang.Integer.valueOf(RequestedQty)): null

2018-05-21 13:12:37 - [TEST_STEP][PASSED] - Statement - out.println(" " + StockQty + " >= " + RequestedQty): null

2018-05-21 13:12:37 - [TEST_STEP][PASSED] - Statement - Try: null

2018-05-21 13:12:37 - [TEST_STEP][PASSED] - setText: Text '10' is set on object 'Object Repository/lab/Page_Store/input_txtqty'

2018-05-21 13:12:37 - [MESSAGE][PASSED] - Text '10' is set on object 'Object Repository/lab/Page_Store/input_txtqty'

2018-05-21 13:12:37 - [TEST_STEP][PASSED] - click: Object: 'Object Repository/lab/Page_Store/button_Add' is clicked on

2018-05-21 13:12:37 - [MESSAGE][PASSED] - Object: 'Object Repository/lab/Page_Store/button_Add' is clicked on

2018-05-21 13:12:37 - [TEST_STEP][PASSED] - Statement - Break: null

2018-05-21 13:12:37 - [TEST_STEP][PASSED] - selectOptionByIndex: All options with index in [14] are selected on object 'Object Repository/lab/Page_Store/select_--Select--E.C.G. Jelly'

2018-05-21 13:12:37 - [MESSAGE][PASSED] - All options with index in [14] are selected on object 'Object Repository/lab/Page_Store/select_--Select--E.C.G. Jelly'

2018-05-21 13:12:37 - [TEST_STEP][PASSED] - delay: Delayed 2 second(s)

2018-05-21 13:12:39 - [MESSAGE][PASSED] - Delayed 2 second(s)

2018-05-21 13:12:39 - [TEST_STEP][PASSED] - Statement - RequestedQty = com.kms.katalon.core.webui.keyword.WebUiBuiltInKeywords.getAttribute(com.kms.katalon.core.testobject.ObjectRepository.findTestObject(lab/Page_Store/input_txttotal), "value"): Attribute 'value' of object 'Object Repository/lab/Page_Store/input_txttotal' is: '10'

2018-05-21 13:12:39 - [MESSAGE][PASSED] - Attribute 'value' of object 'Object Repository/lab/Page_Store/input_txttotal' is: '10'

2018-05-21 13:12:39 - [TEST_STEP][PASSED] - Statement - out.println("Requested QTY : " + RequestedQty): null

2018-05-21 13:12:39 - [TEST_STEP][PASSED] - Statement - BatchNumber = com.kms.katalon.core.webui.keyword.WebUiBuiltInKeywords.getNumberOfTotalOption(com.kms.katalon.core.testobject.ObjectRepository.findTestObject(lab/Page_Store/select_--Select--BA50)): 3 options of object 'Object Repository/lab/Page_Store/select_--Select--BA50' counted

2018-05-21 13:12:39 - [MESSAGE][PASSED] - 3 options of object 'Object Repository/lab/Page_Store/select_--Select--BA50' counted

2018-05-21 13:12:39 - [TEST_STEP][PASSED] - Statement - For ([g = 1, g <= BatchNumber - 1, (g++)]): null

2018-05-21 13:12:39 - [TEST_STEP][PASSED] - selectOptionByIndex: All options with index in [1] are selected on object 'Object Repository/lab/Page_Store/select_--Select--BA50'

2018-05-21 13:12:40 - [MESSAGE][PASSED] - All options with index in [1] are selected on object 'Object Repository/lab/Page_Store/select_--Select--BA50'

2018-05-21 13:12:40 - [TEST_STEP][PASSED] - delay: Delayed 2 second(s)

2018-05-21 13:12:42 - [MESSAGE][PASSED] - Delayed 2 second(s)

2018-05-21 13:12:42 - [TEST_STEP][PASSED] - Statement - Try: null

2018-05-21 13:12:42 - [TEST_STEP][PASSED] - Statement - StockQty = com.kms.katalon.core.webui.keyword.WebUiBuiltInKeywords.getAttribute(com.kms.katalon.core.testobject.ObjectRepository.findTestObject(lab/Page_Store/input_txtprice), "value"): Attribute 'value' of object 'Object Repository/lab/Page_Store/input_txtprice' is: '1880'

2018-05-21 13:12:42 - [MESSAGE][PASSED] - Attribute 'value' of object 'Object Repository/lab/Page_Store/input_txtprice' is: '1880'

2018-05-21 13:12:42 - [TEST_STEP][PASSED] - Statement - out.println("Stock QTY : " + StockQty): null

2018-05-21 13:12:42 - [TEST_STEP][PASSED] - delay: Delayed 2 second(s)

2018-05-21 13:12:44 - [MESSAGE][PASSED] - Delayed 2 second(s)

2018-05-21 13:12:44 - [TEST_STEP][PASSED] - Statement - If (java.lang.Integer.valueOf(StockQty) >= java.lang.Integer.valueOf(RequestedQty)): null

2018-05-21 13:12:44 - [TEST_STEP][PASSED] - Statement - out.println(" " + StockQty + " >= " + RequestedQty): null

2018-05-21 13:12:44 - [TEST_STEP][PASSED] - Statement - Try: null

2018-05-21 13:12:44 - [TEST_STEP][PASSED] - setText: Text '10' is set on object 'Object Repository/lab/Page_Store/input_txtqty'

2018-05-21 13:12:44 - [MESSAGE][PASSED] - Text '10' is set on object 'Object Repository/lab/Page_Store/input_txtqty'

2018-05-21 13:12:44 - [TEST_STEP][PASSED] - click: Object: 'Object Repository/lab/Page_Store/button_Add' is clicked on

2018-05-21 13:12:44 - [MESSAGE][PASSED] - Object: 'Object Repository/lab/Page_Store/button_Add' is clicked on

2018-05-21 13:12:44 - [TEST_STEP][PASSED] - Statement - Break: null

2018-05-21 13:12:44 - [TEST_STEP][PASSED] - selectOptionByIndex: All options with index in [15] are selected on object 'Object Repository/lab/Page_Store/select_--Select--E.C.G. Jelly'

2018-05-21 13:12:44 - [MESSAGE][PASSED] - All options with index in [15] are selected on object 'Object Repository/lab/Page_Store/select_--Select--E.C.G. Jelly'

2018-05-21 13:12:44 - [TEST_STEP][PASSED] - delay: Delayed 2 second(s)

2018-05-21 13:12:46 - [MESSAGE][PASSED] - Delayed 2 second(s)

2018-05-21 13:12:46 - [TEST_STEP][PASSED] - Statement - RequestedQty = com.kms.katalon.core.webui.keyword.WebUiBuiltInKeywords.getAttribute(com.kms.katalon.core.testobject.ObjectRepository.findTestObject(lab/Page_Store/input_txttotal), "value"): Attribute 'value' of object 'Object Repository/lab/Page_Store/input_txttotal' is: '10'

2018-05-21 13:12:46 - [MESSAGE][PASSED] - Attribute 'value' of object 'Object Repository/lab/Page_Store/input_txttotal' is: '10'

2018-05-21 13:12:46 - [TEST_STEP][PASSED] - Statement - out.println("Requested QTY : " + RequestedQty): null

2018-05-21 13:12:46 - [TEST_STEP][PASSED] - Statement - BatchNumber = com.kms.katalon.core.webui.keyword.WebUiBuiltInKeywords.getNumberOfTotalOption(com.kms.katalon.core.testobject.ObjectRepository.findTestObject(lab/Page_Store/select_--Select--BA50)): 3 options of object 'Object Repository/lab/Page_Store/select_--Select--BA50' counted

2018-05-21 13:12:46 - [MESSAGE][PASSED] - 3 options of object 'Object Repository/lab/Page_Store/select_--Select--BA50' counted

2018-05-21 13:12:46 - [TEST_STEP][PASSED] - Statement - For ([g = 1, g <= BatchNumber - 1, (g++)]): null

2018-05-21 13:12:46 - [TEST_STEP][PASSED] - selectOptionByIndex: All options with index in [1] are selected on object 'Object Repository/lab/Page_Store/select_--Select--BA50'

2018-05-21 13:12:46 - [MESSAGE][PASSED] - All options with index in [1] are selected on object 'Object Repository/lab/Page_Store/select_--Select--BA50'

2018-05-21 13:12:46 - [TEST_STEP][PASSED] - delay: Delayed 2 second(s)

2018-05-21 13:12:48 - [MESSAGE][PASSED] - Delayed 2 second(s)

2018-05-21 13:12:48 - [TEST_STEP][PASSED] - Statement - Try: null

2018-05-21 13:12:48 - [TEST_STEP][PASSED] - Statement - StockQty = com.kms.katalon.core.webui.keyword.WebUiBuiltInKeywords.getAttribute(com.kms.katalon.core.testobject.ObjectRepository.findTestObject(lab/Page_Store/input_txtprice), "value"): Attribute 'value' of object 'Object Repository/lab/Page_Store/input_txtprice' is: '1880'

2018-05-21 13:12:48 - [MESSAGE][PASSED] - Attribute 'value' of object 'Object Repository/lab/Page_Store/input_txtprice' is: '1880'

2018-05-21 13:12:48 - [TEST_STEP][PASSED] - Statement - out.println("Stock QTY : " + StockQty): null

2018-05-21 13:12:48 - [TEST_STEP][PASSED] - delay: Delayed 2 second(s)

2018-05-21 13:12:50 - [MESSAGE][PASSED] - Delayed 2 second(s)

2018-05-21 13:12:50 - [TEST_STEP][PASSED] - Statement - If (java.lang.Integer.valueOf(StockQty) >= java.lang.Integer.valueOf(RequestedQty)): null

2018-05-21 13:12:50 - [TEST_STEP][PASSED] - Statement - out.println(" " + StockQty + " >= " + RequestedQty): null

2018-05-21 13:12:50 - [TEST_STEP][PASSED] - Statement - Try: null

2018-05-21 13:12:50 - [TEST_STEP][PASSED] - setText: Text '10' is set on object 'Object Repository/lab/Page_Store/input_txtqty'

2018-05-21 13:12:50 - [MESSAGE][PASSED] - Text '10' is set on object 'Object Repository/lab/Page_Store/input_txtqty'

2018-05-21 13:12:50 - [TEST_STEP][PASSED] - click: Object: 'Object Repository/lab/Page_Store/button_Add' is clicked on

2018-05-21 13:12:50 - [MESSAGE][PASSED] - Object: 'Object Repository/lab/Page_Store/button_Add' is clicked on

2018-05-21 13:12:50 - [TEST_STEP][PASSED] - Statement - Break: null

2018-05-21 13:12:50 - [TEST_STEP][PASSED] - selectOptionByIndex: All options with index in [16] are selected on object 'Object Repository/lab/Page_Store/select_--Select--E.C.G. Jelly'

2018-05-21 13:12:51 - [MESSAGE][PASSED] - All options with index in [16] are selected on object 'Object Repository/lab/Page_Store/select_--Select--E.C.G. Jelly'

2018-05-21 13:12:51 - [TEST_STEP][PASSED] - delay: Delayed 2 second(s)

2018-05-21 13:12:53 - [MESSAGE][PASSED] - Delayed 2 second(s)

2018-05-21 13:12:53 - [TEST_STEP][PASSED] - Statement - RequestedQty = com.kms.katalon.core.webui.keyword.WebUiBuiltInKeywords.getAttribute(com.kms.katalon.core.testobject.ObjectRepository.findTestObject(lab/Page_Store/input_txttotal), "value"): Attribute 'value' of object 'Object Repository/lab/Page_Store/input_txttotal' is: '10'

2018-05-21 13:12:53 - [MESSAGE][PASSED] - Attribute 'value' of object 'Object Repository/lab/Page_Store/input_txttotal' is: '10'

2018-05-21 13:12:53 - [TEST_STEP][PASSED] - Statement - out.println("Requested QTY : " + RequestedQty): null

2018-05-21 13:12:53 - [TEST_STEP][PASSED] - Statement - BatchNumber = com.kms.katalon.core.webui.keyword.WebUiBuiltInKeywords.getNumberOfTotalOption(com.kms.katalon.core.testobject.ObjectRepository.findTestObject(lab/Page_Store/select_--Select--BA50)): 2 options of object 'Object Repository/lab/Page_Store/select_--Select--BA50' counted

2018-05-21 13:12:53 - [MESSAGE][PASSED] - 2 options of object 'Object Repository/lab/Page_Store/select_--Select--BA50' counted

2018-05-21 13:12:53 - [TEST_STEP][PASSED] - Statement - For ([g = 1, g <= BatchNumber - 1, (g++)]): null

2018-05-21 13:12:53 - [TEST_STEP][PASSED] - selectOptionByIndex: All options with index in [1] are selected on object 'Object Repository/lab/Page_Store/select_--Select--BA50'

2018-05-21 13:12:53 - [MESSAGE][PASSED] - All options with index in [1] are selected on object 'Object Repository/lab/Page_Store/select_--Select--BA50'

2018-05-21 13:12:53 - [TEST_STEP][PASSED] - delay: Delayed 2 second(s)

2018-05-21 13:12:55 - [MESSAGE][PASSED] - Delayed 2 second(s)

2018-05-21 13:12:55 - [TEST_STEP][PASSED] - Statement - Try: null

2018-05-21 13:12:55 - [TEST_STEP][PASSED] - Statement - StockQty = com.kms.katalon.core.webui.keyword.WebUiBuiltInKeywords.getAttribute(com.kms.katalon.core.testobject.ObjectRepository.findTestObject(lab/Page_Store/input_txtprice), "value"): Attribute 'value' of object 'Object Repository/lab/Page_Store/input_txtprice' is: '15'

2018-05-21 13:12:55 - [MESSAGE][PASSED] - Attribute 'value' of object 'Object Repository/lab/Page_Store/input_txtprice' is: '15'

2018-05-21 13:12:55 - [TEST_STEP][PASSED] - Statement - out.println("Stock QTY : " + StockQty): null

2018-05-21 13:12:55 - [TEST_STEP][PASSED] - delay: Delayed 2 second(s)

2018-05-21 13:12:57 - [MESSAGE][PASSED] - Delayed 2 second(s)

2018-05-21 13:12:57 - [TEST_STEP][PASSED] - Statement - If (java.lang.Integer.valueOf(StockQty) >= java.lang.Integer.valueOf(RequestedQty)): null

2018-05-21 13:12:57 - [TEST_STEP][PASSED] - Statement - out.println(" " + StockQty + " >= " + RequestedQty): null

2018-05-21 13:12:57 - [TEST_STEP][PASSED] - Statement - Try: null

2018-05-21 13:12:57 - [TEST_STEP][PASSED] - setText: Text '10' is set on object 'Object Repository/lab/Page_Store/input_txtqty'

2018-05-21 13:12:57 - [MESSAGE][PASSED] - Text '10' is set on object 'Object Repository/lab/Page_Store/input_txtqty'

2018-05-21 13:12:57 - [TEST_STEP][PASSED] - click: Object: 'Object Repository/lab/Page_Store/button_Add' is clicked on

2018-05-21 13:12:57 - [MESSAGE][PASSED] - Object: 'Object Repository/lab/Page_Store/button_Add' is clicked on

2018-05-21 13:12:57 - [TEST_STEP][PASSED] - Statement - Break: null

2018-05-21 13:12:57 - [TEST_STEP][PASSED] - scrollToElement: Scroll to object 'Object Repository/lab/Page_Store/input_btnSubmit' successfully

2018-05-21 13:12:57 - [MESSAGE][PASSED] - Scroll to object 'Object Repository/lab/Page_Store/input_btnSubmit' successfully

2018-05-21 13:12:57 - [TEST_STEP][PASSED] - Statement - Try: Object: 'Object Repository/lab/Page_Store/button_OK' is clicked on

2018-05-21 13:12:57 - [TEST_STEP][PASSED] - click: Object: 'Object Repository/lab/Page_Store/input_btnSubmit' is clicked on

2018-05-21 13:12:57 - [MESSAGE][PASSED] - Object: 'Object Repository/lab/Page_Store/input_btnSubmit' is clicked on

2018-05-21 13:12:57 - [TEST_STEP][PASSED] - delay: Delayed 3 second(s)

2018-05-21 13:13:00 - [MESSAGE][PASSED] - Delayed 3 second(s)

2018-05-21 13:13:00 - [TEST_STEP][PASSED] - click: Object: 'Object Repository/lab/Page_Store/button_OK' is clicked on

2018-05-21 13:13:01 - [MESSAGE][PASSED] - Object: 'Object Repository/lab/Page_Store/button_OK' is clicked on

2018-05-21 13:13:01 - [TEST_STEP][PASSED] - delay: Delayed 3 second(s)

2018-05-21 13:13:04 - [MESSAGE][PASSED] - Delayed 3 second(s)

2018-05-21 13:13:04 - [TEST_STEP][PASSED] - click: Object: 'Object Repository/lab/Page_Store/a_dropdown-toggle' is clicked on

2018-05-21 13:13:04 - [MESSAGE][PASSED] - Object: 'Object Repository/lab/Page_Store/a_dropdown-toggle' is clicked on

2018-05-21 13:13:04 - [TEST_STEP][PASSED] - click: Object: 'Object Repository/lab/Page_Store/a_Sign out' is clicked on

2018-05-21 13:13:05 - [MESSAGE][PASSED] - Object: 'Object Repository/lab/Page_Store/a_Sign out' is clicked on

2018-05-21 13:13:05 - [TEST_STEP][PASSED] - closeBrowser: Browser is closed

2018-05-21 13:13:06 - [MESSAGE][PASSED] - Browser is closed

2018-05-21 13:13:06 - [TEST_STEP][PASSED] - Statement - out.println("Schedule 5 Investigation Request Are Working Successfully"): null]]></system-out>
         <system-err><![CDATA[]]></system-err>
      </testcase>
      <testcase name="Test Cases/INVESTIGATION TEST CASES/TC_INV_003 Verify Schedule 6 Investigation Request Are Working Successfully Or Not" classname="Test Cases/INVESTIGATION TEST CASES/TC_INV_003 Verify Schedule 6 Investigation Request Are Working Successfully Or Not" status="FAILED">
         <failure type="FAILED" message="Unable to click on object 'Object Repository/lab/Page_Store/button_OK' (Root cause: com.kms.katalon.core.webui.exception.WebElementNotFoundException: Web element with id: 'Object Repository/lab/Page_Store/button_OK' located by 'By.xpath: /html/body/div[5]/div/div/div[2]/button[count(. | //button[@type = 'button' and (text() = 'OK' or . = 'OK')]) = count(//button[@type = 'button' and (text() = 'OK' or . = 'OK')])]' not found)"/>
         <system-out><![CDATA[2018-05-21 13:13:06 - [TEST_CASE][FAILED] - Test Cases/INVESTIGATION TEST CASES/TC_INV_003 Verify Schedule 6 Investigation Request Are Working Successfully Or Not: Test Cases/INVESTIGATION TEST CASES/TC_INV_003 Verify Schedule 6 Investigation Request Are Working Successfully Or Not FAILED because (of) Unable to click on object 'Object Repository/lab/Page_Store/button_OK' (Root cause: com.kms.katalon.core.webui.exception.WebElementNotFoundException: Web element with id: 'Object Repository/lab/Page_Store/button_OK' located by 'By.xpath: /html/body/div[5]/div/div/div[2]/button[count(. | //button[@type = 'button' and (text() = 'OK' or . = 'OK')]) = count(//button[@type = 'button' and (text() = 'OK' or . = 'OK')])]' not found)

2018-05-21 13:13:06 - [TEST_STEP][PASSED] - openBrowser: Browser is opened with url: ''

2018-05-21 13:13:08 - [MESSAGE][PASSED] - Browser is opened with url: ''

2018-05-21 13:13:08 - [TEST_STEP][PASSED] - navigateToUrl: Navigate to 'http://192.168.137.1/multihospital_new/' successfully

2018-05-21 13:13:11 - [MESSAGE][PASSED] - Navigate to 'http://192.168.137.1/multihospital_new/' successfully

2018-05-21 13:13:11 - [TEST_STEP][PASSED] - Statement - out.println(" Verify Schedule 6 Investigation Request Are Working Successfully Or Not"): null

2018-05-21 13:13:11 - [TEST_STEP][PASSED] - maximizeWindow: Current window maximized

2018-05-21 13:13:12 - [MESSAGE][PASSED] - Current window maximized

2018-05-21 13:13:12 - [TEST_STEP][PASSED] - click: Object: 'Object Repository/lab/Page_KDMC/a_Investigation' is clicked on

2018-05-21 13:13:12 - [MESSAGE][PASSED] - Object: 'Object Repository/lab/Page_KDMC/a_Investigation' is clicked on

2018-05-21 13:13:12 - [TEST_STEP][PASSED] - setText: Text 'manoj' is set on object 'Object Repository/lab/Page_Investigation login/input_txtusername'

2018-05-21 13:13:13 - [MESSAGE][PASSED] - Text 'manoj' is set on object 'Object Repository/lab/Page_Investigation login/input_txtusername'

2018-05-21 13:13:13 - [TEST_STEP][PASSED] - setText: Text '123' is set on object 'Object Repository/lab/Page_Investigation login/input_txtpassword'

2018-05-21 13:13:13 - [MESSAGE][PASSED] - Text '123' is set on object 'Object Repository/lab/Page_Investigation login/input_txtpassword'

2018-05-21 13:13:13 - [TEST_STEP][PASSED] - delay: Delayed 3 second(s)

2018-05-21 13:13:16 - [MESSAGE][PASSED] - Delayed 3 second(s)

2018-05-21 13:13:16 - [TEST_STEP][PASSED] - click: Object: 'Object Repository/lab/Page_Investigation login/button_Sign in' is clicked on

2018-05-21 13:13:16 - [MESSAGE][PASSED] - Object: 'Object Repository/lab/Page_Investigation login/button_Sign in' is clicked on

2018-05-21 13:13:16 - [TEST_STEP][PASSED] - click: Object: 'Object Repository/lab/Page_KDMC/a_Store Request' is clicked on

2018-05-21 13:13:18 - [MESSAGE][PASSED] - Object: 'Object Repository/lab/Page_KDMC/a_Store Request' is clicked on

2018-05-21 13:13:18 - [TEST_STEP][PASSED] - delay: Delayed 2 second(s)

2018-05-21 13:13:20 - [MESSAGE][PASSED] - Delayed 2 second(s)

2018-05-21 13:13:20 - [TEST_STEP][PASSED] - click: Object: 'Object Repository/lab/Page_KDMC/a_Medicine Request' is clicked on

2018-05-21 13:13:21 - [MESSAGE][PASSED] - Object: 'Object Repository/lab/Page_KDMC/a_Medicine Request' is clicked on

2018-05-21 13:13:21 - [TEST_STEP][PASSED] - selectOptionByIndex: All options with index in [3] are selected on object 'Object Repository/lab/Page_KDMC/select_--Select--Schedule 4X-r'

2018-05-21 13:13:21 - [MESSAGE][PASSED] - All options with index in [3] are selected on object 'Object Repository/lab/Page_KDMC/select_--Select--Schedule 4X-r'

2018-05-21 13:13:21 - [TEST_STEP][PASSED] - Statement - medicineslength = com.kms.katalon.core.webui.keyword.WebUiBuiltInKeywords.getNumberOfTotalOption(com.kms.katalon.core.testobject.ObjectRepository.findTestObject(lab/Page_KDMC/select_--Select--Automatic x-r)): 14 options of object 'Object Repository/lab/Page_KDMC/select_--Select--Automatic x-r' counted

2018-05-21 13:13:21 - [MESSAGE][PASSED] - 14 options of object 'Object Repository/lab/Page_KDMC/select_--Select--Automatic x-r' counted

2018-05-21 13:13:21 - [TEST_STEP][PASSED] - Statement - For ([e = 1, e < medicineslength, (e++)]): Object: 'Object Repository/lab/Page_KDMC/button_Add' is clicked on

2018-05-21 13:13:21 - [TEST_STEP][PASSED] - selectOptionByIndex: All options with index in [3] are selected on object 'Object Repository/lab/Page_KDMC/select_--Select--Schedule 4X-r'

2018-05-21 13:13:21 - [MESSAGE][PASSED] - All options with index in [3] are selected on object 'Object Repository/lab/Page_KDMC/select_--Select--Schedule 4X-r'

2018-05-21 13:13:21 - [TEST_STEP][PASSED] - selectOptionByIndex: All options with index in [1] are selected on object 'Object Repository/lab/Page_KDMC/select_--Select--Automatic x-r'

2018-05-21 13:13:21 - [MESSAGE][PASSED] - All options with index in [1] are selected on object 'Object Repository/lab/Page_KDMC/select_--Select--Automatic x-r'

2018-05-21 13:13:21 - [TEST_STEP][PASSED] - setText: Text '10' is set on object 'Object Repository/lab/Page_KDMC/input_txttreat'

2018-05-21 13:13:21 - [MESSAGE][PASSED] - Text '10' is set on object 'Object Repository/lab/Page_KDMC/input_txttreat'

2018-05-21 13:13:21 - [TEST_STEP][PASSED] - click: Object: 'Object Repository/lab/Page_KDMC/button_Add' is clicked on

2018-05-21 13:13:22 - [MESSAGE][PASSED] - Object: 'Object Repository/lab/Page_KDMC/button_Add' is clicked on

2018-05-21 13:13:22 - [TEST_STEP][PASSED] - selectOptionByIndex: All options with index in [3] are selected on object 'Object Repository/lab/Page_KDMC/select_--Select--Schedule 4X-r'

2018-05-21 13:13:22 - [MESSAGE][PASSED] - All options with index in [3] are selected on object 'Object Repository/lab/Page_KDMC/select_--Select--Schedule 4X-r'

2018-05-21 13:13:22 - [TEST_STEP][PASSED] - selectOptionByIndex: All options with index in [2] are selected on object 'Object Repository/lab/Page_KDMC/select_--Select--Automatic x-r'

2018-05-21 13:13:22 - [MESSAGE][PASSED] - All options with index in [2] are selected on object 'Object Repository/lab/Page_KDMC/select_--Select--Automatic x-r'

2018-05-21 13:13:22 - [TEST_STEP][PASSED] - setText: Text '10' is set on object 'Object Repository/lab/Page_KDMC/input_txttreat'

2018-05-21 13:13:22 - [MESSAGE][PASSED] - Text '10' is set on object 'Object Repository/lab/Page_KDMC/input_txttreat'

2018-05-21 13:13:22 - [TEST_STEP][PASSED] - click: Object: 'Object Repository/lab/Page_KDMC/button_Add' is clicked on

2018-05-21 13:13:22 - [MESSAGE][PASSED] - Object: 'Object Repository/lab/Page_KDMC/button_Add' is clicked on

2018-05-21 13:13:22 - [TEST_STEP][PASSED] - selectOptionByIndex: All options with index in [3] are selected on object 'Object Repository/lab/Page_KDMC/select_--Select--Schedule 4X-r'

2018-05-21 13:13:22 - [MESSAGE][PASSED] - All options with index in [3] are selected on object 'Object Repository/lab/Page_KDMC/select_--Select--Schedule 4X-r'

2018-05-21 13:13:22 - [TEST_STEP][PASSED] - selectOptionByIndex: All options with index in [3] are selected on object 'Object Repository/lab/Page_KDMC/select_--Select--Automatic x-r'

2018-05-21 13:13:22 - [MESSAGE][PASSED] - All options with index in [3] are selected on object 'Object Repository/lab/Page_KDMC/select_--Select--Automatic x-r'

2018-05-21 13:13:22 - [TEST_STEP][PASSED] - setText: Text '10' is set on object 'Object Repository/lab/Page_KDMC/input_txttreat'

2018-05-21 13:13:22 - [MESSAGE][PASSED] - Text '10' is set on object 'Object Repository/lab/Page_KDMC/input_txttreat'

2018-05-21 13:13:22 - [TEST_STEP][PASSED] - click: Object: 'Object Repository/lab/Page_KDMC/button_Add' is clicked on

2018-05-21 13:13:22 - [MESSAGE][PASSED] - Object: 'Object Repository/lab/Page_KDMC/button_Add' is clicked on

2018-05-21 13:13:22 - [TEST_STEP][PASSED] - selectOptionByIndex: All options with index in [3] are selected on object 'Object Repository/lab/Page_KDMC/select_--Select--Schedule 4X-r'

2018-05-21 13:13:23 - [MESSAGE][PASSED] - All options with index in [3] are selected on object 'Object Repository/lab/Page_KDMC/select_--Select--Schedule 4X-r'

2018-05-21 13:13:23 - [TEST_STEP][PASSED] - selectOptionByIndex: All options with index in [4] are selected on object 'Object Repository/lab/Page_KDMC/select_--Select--Automatic x-r'

2018-05-21 13:13:23 - [MESSAGE][PASSED] - All options with index in [4] are selected on object 'Object Repository/lab/Page_KDMC/select_--Select--Automatic x-r'

2018-05-21 13:13:23 - [TEST_STEP][PASSED] - setText: Text '10' is set on object 'Object Repository/lab/Page_KDMC/input_txttreat'

2018-05-21 13:13:23 - [MESSAGE][PASSED] - Text '10' is set on object 'Object Repository/lab/Page_KDMC/input_txttreat'

2018-05-21 13:13:23 - [TEST_STEP][PASSED] - click: Object: 'Object Repository/lab/Page_KDMC/button_Add' is clicked on

2018-05-21 13:13:23 - [MESSAGE][PASSED] - Object: 'Object Repository/lab/Page_KDMC/button_Add' is clicked on

2018-05-21 13:13:23 - [TEST_STEP][PASSED] - selectOptionByIndex: All options with index in [3] are selected on object 'Object Repository/lab/Page_KDMC/select_--Select--Schedule 4X-r'

2018-05-21 13:13:23 - [MESSAGE][PASSED] - All options with index in [3] are selected on object 'Object Repository/lab/Page_KDMC/select_--Select--Schedule 4X-r'

2018-05-21 13:13:23 - [TEST_STEP][PASSED] - selectOptionByIndex: All options with index in [5] are selected on object 'Object Repository/lab/Page_KDMC/select_--Select--Automatic x-r'

2018-05-21 13:13:23 - [MESSAGE][PASSED] - All options with index in [5] are selected on object 'Object Repository/lab/Page_KDMC/select_--Select--Automatic x-r'

2018-05-21 13:13:23 - [TEST_STEP][PASSED] - setText: Text '10' is set on object 'Object Repository/lab/Page_KDMC/input_txttreat'

2018-05-21 13:13:23 - [MESSAGE][PASSED] - Text '10' is set on object 'Object Repository/lab/Page_KDMC/input_txttreat'

2018-05-21 13:13:23 - [TEST_STEP][PASSED] - click: Object: 'Object Repository/lab/Page_KDMC/button_Add' is clicked on

2018-05-21 13:13:23 - [MESSAGE][PASSED] - Object: 'Object Repository/lab/Page_KDMC/button_Add' is clicked on

2018-05-21 13:13:23 - [TEST_STEP][PASSED] - selectOptionByIndex: All options with index in [3] are selected on object 'Object Repository/lab/Page_KDMC/select_--Select--Schedule 4X-r'

2018-05-21 13:13:24 - [MESSAGE][PASSED] - All options with index in [3] are selected on object 'Object Repository/lab/Page_KDMC/select_--Select--Schedule 4X-r'

2018-05-21 13:13:24 - [TEST_STEP][PASSED] - selectOptionByIndex: All options with index in [6] are selected on object 'Object Repository/lab/Page_KDMC/select_--Select--Automatic x-r'

2018-05-21 13:13:24 - [MESSAGE][PASSED] - All options with index in [6] are selected on object 'Object Repository/lab/Page_KDMC/select_--Select--Automatic x-r'

2018-05-21 13:13:24 - [TEST_STEP][PASSED] - setText: Text '10' is set on object 'Object Repository/lab/Page_KDMC/input_txttreat'

2018-05-21 13:13:24 - [MESSAGE][PASSED] - Text '10' is set on object 'Object Repository/lab/Page_KDMC/input_txttreat'

2018-05-21 13:13:24 - [TEST_STEP][PASSED] - click: Object: 'Object Repository/lab/Page_KDMC/button_Add' is clicked on

2018-05-21 13:13:24 - [MESSAGE][PASSED] - Object: 'Object Repository/lab/Page_KDMC/button_Add' is clicked on

2018-05-21 13:13:24 - [TEST_STEP][PASSED] - selectOptionByIndex: All options with index in [3] are selected on object 'Object Repository/lab/Page_KDMC/select_--Select--Schedule 4X-r'

2018-05-21 13:13:24 - [MESSAGE][PASSED] - All options with index in [3] are selected on object 'Object Repository/lab/Page_KDMC/select_--Select--Schedule 4X-r'

2018-05-21 13:13:24 - [TEST_STEP][PASSED] - selectOptionByIndex: All options with index in [7] are selected on object 'Object Repository/lab/Page_KDMC/select_--Select--Automatic x-r'

2018-05-21 13:13:24 - [MESSAGE][PASSED] - All options with index in [7] are selected on object 'Object Repository/lab/Page_KDMC/select_--Select--Automatic x-r'

2018-05-21 13:13:24 - [TEST_STEP][PASSED] - setText: Text '10' is set on object 'Object Repository/lab/Page_KDMC/input_txttreat'

2018-05-21 13:13:24 - [MESSAGE][PASSED] - Text '10' is set on object 'Object Repository/lab/Page_KDMC/input_txttreat'

2018-05-21 13:13:24 - [TEST_STEP][PASSED] - click: Object: 'Object Repository/lab/Page_KDMC/button_Add' is clicked on

2018-05-21 13:13:24 - [MESSAGE][PASSED] - Object: 'Object Repository/lab/Page_KDMC/button_Add' is clicked on

2018-05-21 13:13:24 - [TEST_STEP][PASSED] - selectOptionByIndex: All options with index in [3] are selected on object 'Object Repository/lab/Page_KDMC/select_--Select--Schedule 4X-r'

2018-05-21 13:13:25 - [MESSAGE][PASSED] - All options with index in [3] are selected on object 'Object Repository/lab/Page_KDMC/select_--Select--Schedule 4X-r'

2018-05-21 13:13:25 - [TEST_STEP][PASSED] - selectOptionByIndex: All options with index in [8] are selected on object 'Object Repository/lab/Page_KDMC/select_--Select--Automatic x-r'

2018-05-21 13:13:25 - [MESSAGE][PASSED] - All options with index in [8] are selected on object 'Object Repository/lab/Page_KDMC/select_--Select--Automatic x-r'

2018-05-21 13:13:25 - [TEST_STEP][PASSED] - setText: Text '10' is set on object 'Object Repository/lab/Page_KDMC/input_txttreat'

2018-05-21 13:13:25 - [MESSAGE][PASSED] - Text '10' is set on object 'Object Repository/lab/Page_KDMC/input_txttreat'

2018-05-21 13:13:25 - [TEST_STEP][PASSED] - click: Object: 'Object Repository/lab/Page_KDMC/button_Add' is clicked on

2018-05-21 13:13:25 - [MESSAGE][PASSED] - Object: 'Object Repository/lab/Page_KDMC/button_Add' is clicked on

2018-05-21 13:13:25 - [TEST_STEP][PASSED] - selectOptionByIndex: All options with index in [3] are selected on object 'Object Repository/lab/Page_KDMC/select_--Select--Schedule 4X-r'

2018-05-21 13:13:25 - [MESSAGE][PASSED] - All options with index in [3] are selected on object 'Object Repository/lab/Page_KDMC/select_--Select--Schedule 4X-r'

2018-05-21 13:13:25 - [TEST_STEP][PASSED] - selectOptionByIndex: All options with index in [9] are selected on object 'Object Repository/lab/Page_KDMC/select_--Select--Automatic x-r'

2018-05-21 13:13:25 - [MESSAGE][PASSED] - All options with index in [9] are selected on object 'Object Repository/lab/Page_KDMC/select_--Select--Automatic x-r'

2018-05-21 13:13:25 - [TEST_STEP][PASSED] - setText: Text '10' is set on object 'Object Repository/lab/Page_KDMC/input_txttreat'

2018-05-21 13:13:25 - [MESSAGE][PASSED] - Text '10' is set on object 'Object Repository/lab/Page_KDMC/input_txttreat'

2018-05-21 13:13:25 - [TEST_STEP][PASSED] - click: Object: 'Object Repository/lab/Page_KDMC/button_Add' is clicked on

2018-05-21 13:13:25 - [MESSAGE][PASSED] - Object: 'Object Repository/lab/Page_KDMC/button_Add' is clicked on

2018-05-21 13:13:25 - [TEST_STEP][PASSED] - selectOptionByIndex: All options with index in [3] are selected on object 'Object Repository/lab/Page_KDMC/select_--Select--Schedule 4X-r'

2018-05-21 13:13:26 - [MESSAGE][PASSED] - All options with index in [3] are selected on object 'Object Repository/lab/Page_KDMC/select_--Select--Schedule 4X-r'

2018-05-21 13:13:26 - [TEST_STEP][PASSED] - selectOptionByIndex: All options with index in [10] are selected on object 'Object Repository/lab/Page_KDMC/select_--Select--Automatic x-r'

2018-05-21 13:13:26 - [MESSAGE][PASSED] - All options with index in [10] are selected on object 'Object Repository/lab/Page_KDMC/select_--Select--Automatic x-r'

2018-05-21 13:13:26 - [TEST_STEP][PASSED] - setText: Text '10' is set on object 'Object Repository/lab/Page_KDMC/input_txttreat'

2018-05-21 13:13:26 - [MESSAGE][PASSED] - Text '10' is set on object 'Object Repository/lab/Page_KDMC/input_txttreat'

2018-05-21 13:13:26 - [TEST_STEP][PASSED] - click: Object: 'Object Repository/lab/Page_KDMC/button_Add' is clicked on

2018-05-21 13:13:26 - [MESSAGE][PASSED] - Object: 'Object Repository/lab/Page_KDMC/button_Add' is clicked on

2018-05-21 13:13:26 - [TEST_STEP][PASSED] - selectOptionByIndex: All options with index in [3] are selected on object 'Object Repository/lab/Page_KDMC/select_--Select--Schedule 4X-r'

2018-05-21 13:13:26 - [MESSAGE][PASSED] - All options with index in [3] are selected on object 'Object Repository/lab/Page_KDMC/select_--Select--Schedule 4X-r'

2018-05-21 13:13:26 - [TEST_STEP][PASSED] - selectOptionByIndex: All options with index in [11] are selected on object 'Object Repository/lab/Page_KDMC/select_--Select--Automatic x-r'

2018-05-21 13:13:27 - [MESSAGE][PASSED] - All options with index in [11] are selected on object 'Object Repository/lab/Page_KDMC/select_--Select--Automatic x-r'

2018-05-21 13:13:27 - [TEST_STEP][PASSED] - setText: Text '10' is set on object 'Object Repository/lab/Page_KDMC/input_txttreat'

2018-05-21 13:13:27 - [MESSAGE][PASSED] - Text '10' is set on object 'Object Repository/lab/Page_KDMC/input_txttreat'

2018-05-21 13:13:27 - [TEST_STEP][PASSED] - click: Object: 'Object Repository/lab/Page_KDMC/button_Add' is clicked on

2018-05-21 13:13:27 - [MESSAGE][PASSED] - Object: 'Object Repository/lab/Page_KDMC/button_Add' is clicked on

2018-05-21 13:13:27 - [TEST_STEP][PASSED] - selectOptionByIndex: All options with index in [3] are selected on object 'Object Repository/lab/Page_KDMC/select_--Select--Schedule 4X-r'

2018-05-21 13:13:27 - [MESSAGE][PASSED] - All options with index in [3] are selected on object 'Object Repository/lab/Page_KDMC/select_--Select--Schedule 4X-r'

2018-05-21 13:13:27 - [TEST_STEP][PASSED] - selectOptionByIndex: All options with index in [12] are selected on object 'Object Repository/lab/Page_KDMC/select_--Select--Automatic x-r'

2018-05-21 13:13:27 - [MESSAGE][PASSED] - All options with index in [12] are selected on object 'Object Repository/lab/Page_KDMC/select_--Select--Automatic x-r'

2018-05-21 13:13:27 - [TEST_STEP][PASSED] - setText: Text '10' is set on object 'Object Repository/lab/Page_KDMC/input_txttreat'

2018-05-21 13:13:27 - [MESSAGE][PASSED] - Text '10' is set on object 'Object Repository/lab/Page_KDMC/input_txttreat'

2018-05-21 13:13:27 - [TEST_STEP][PASSED] - click: Object: 'Object Repository/lab/Page_KDMC/button_Add' is clicked on

2018-05-21 13:13:27 - [MESSAGE][PASSED] - Object: 'Object Repository/lab/Page_KDMC/button_Add' is clicked on

2018-05-21 13:13:27 - [TEST_STEP][PASSED] - selectOptionByIndex: All options with index in [3] are selected on object 'Object Repository/lab/Page_KDMC/select_--Select--Schedule 4X-r'

2018-05-21 13:13:27 - [MESSAGE][PASSED] - All options with index in [3] are selected on object 'Object Repository/lab/Page_KDMC/select_--Select--Schedule 4X-r'

2018-05-21 13:13:27 - [TEST_STEP][PASSED] - selectOptionByIndex: All options with index in [13] are selected on object 'Object Repository/lab/Page_KDMC/select_--Select--Automatic x-r'

2018-05-21 13:13:28 - [MESSAGE][PASSED] - All options with index in [13] are selected on object 'Object Repository/lab/Page_KDMC/select_--Select--Automatic x-r'

2018-05-21 13:13:28 - [TEST_STEP][PASSED] - setText: Text '10' is set on object 'Object Repository/lab/Page_KDMC/input_txttreat'

2018-05-21 13:13:28 - [MESSAGE][PASSED] - Text '10' is set on object 'Object Repository/lab/Page_KDMC/input_txttreat'

2018-05-21 13:13:28 - [TEST_STEP][PASSED] - click: Object: 'Object Repository/lab/Page_KDMC/button_Add' is clicked on

2018-05-21 13:13:28 - [MESSAGE][PASSED] - Object: 'Object Repository/lab/Page_KDMC/button_Add' is clicked on

2018-05-21 13:13:28 - [TEST_STEP][PASSED] - Statement - RN1 = com.kms.katalon.core.webui.keyword.WebUiBuiltInKeywords.getAttribute(com.kms.katalon.core.testobject.ObjectRepository.findTestObject(lab/Page_KDMC/input_txtno), "value"): Attribute 'value' of object 'Object Repository/lab/Page_KDMC/input_txtno' is: 'LRNO/21052018/125'

2018-05-21 13:13:28 - [MESSAGE][PASSED] - Attribute 'value' of object 'Object Repository/lab/Page_KDMC/input_txtno' is: 'LRNO/21052018/125'

2018-05-21 13:13:28 - [TEST_STEP][PASSED] - Statement - out.println(RN1): null

2018-05-21 13:13:28 - [TEST_STEP][PASSED] - Statement - RID = RN1.split("/")[2]: null

2018-05-21 13:13:28 - [TEST_STEP][PASSED] - scrollToElement: Scroll to object 'Object Repository/lab/Page_KDMC/input_btnsave' successfully

2018-05-21 13:13:28 - [MESSAGE][PASSED] - Scroll to object 'Object Repository/lab/Page_KDMC/input_btnsave' successfully

2018-05-21 13:13:28 - [TEST_STEP][PASSED] - click: Object: 'Object Repository/lab/Page_KDMC/input_btnsave' is clicked on

2018-05-21 13:13:28 - [MESSAGE][PASSED] - Object: 'Object Repository/lab/Page_KDMC/input_btnsave' is clicked on

2018-05-21 13:13:28 - [TEST_STEP][PASSED] - delay: Delayed 3 second(s)

2018-05-21 13:13:31 - [MESSAGE][PASSED] - Delayed 3 second(s)

2018-05-21 13:13:31 - [TEST_STEP][PASSED] - click: Object: 'Object Repository/lab/Page_KDMC/button_OK' is clicked on

2018-05-21 13:13:31 - [MESSAGE][PASSED] - Object: 'Object Repository/lab/Page_KDMC/button_OK' is clicked on

2018-05-21 13:13:31 - [TEST_STEP][PASSED] - delay: Delayed 3 second(s)

2018-05-21 13:13:34 - [MESSAGE][PASSED] - Delayed 3 second(s)

2018-05-21 13:13:34 - [TEST_STEP][PASSED] - click: Object: 'Object Repository/lab/Page_KDMC/a_dropdown-toggle' is clicked on

2018-05-21 13:13:35 - [MESSAGE][PASSED] - Object: 'Object Repository/lab/Page_KDMC/a_dropdown-toggle' is clicked on

2018-05-21 13:13:35 - [TEST_STEP][PASSED] - click: Object: 'Object Repository/lab/Page_KDMC/a_Sign out' is clicked on

2018-05-21 13:13:35 - [MESSAGE][PASSED] - Object: 'Object Repository/lab/Page_KDMC/a_Sign out' is clicked on

2018-05-21 13:13:35 - [TEST_STEP][PASSED] - delay: Delayed 3 second(s)

2018-05-21 13:13:38 - [MESSAGE][PASSED] - Delayed 3 second(s)

2018-05-21 13:13:38 - [TEST_STEP][PASSED] - click: Object: 'Object Repository/lab/Page_KDMC/a_CMO' is clicked on

2018-05-21 13:13:39 - [MESSAGE][PASSED] - Object: 'Object Repository/lab/Page_KDMC/a_CMO' is clicked on

2018-05-21 13:13:39 - [TEST_STEP][PASSED] - setText: Text 'guru' is set on object 'Object Repository/lab/Page_CMO login/input_txtusername'

2018-05-21 13:13:39 - [MESSAGE][PASSED] - Text 'guru' is set on object 'Object Repository/lab/Page_CMO login/input_txtusername'

2018-05-21 13:13:39 - [TEST_STEP][PASSED] - setText: Text '123' is set on object 'Object Repository/lab/Page_CMO login/input_txtpassword'

2018-05-21 13:13:39 - [MESSAGE][PASSED] - Text '123' is set on object 'Object Repository/lab/Page_CMO login/input_txtpassword'

2018-05-21 13:13:39 - [TEST_STEP][PASSED] - delay: Delayed 3 second(s)

2018-05-21 13:13:42 - [MESSAGE][PASSED] - Delayed 3 second(s)

2018-05-21 13:13:42 - [TEST_STEP][PASSED] - click: Object: 'Object Repository/lab/Page_CMO login/button_Sign in' is clicked on

2018-05-21 13:13:43 - [MESSAGE][PASSED] - Object: 'Object Repository/lab/Page_CMO login/button_Sign in' is clicked on

2018-05-21 13:13:43 - [TEST_STEP][PASSED] - click: Object: 'Object Repository/lab/Page_KDMC - CMO/span_Department Wise Request' is clicked on

2018-05-21 13:13:45 - [MESSAGE][PASSED] - Object: 'Object Repository/lab/Page_KDMC - CMO/span_Department Wise Request' is clicked on

2018-05-21 13:13:45 - [TEST_STEP][PASSED] - selectOptionByIndex: All options with index in [4] are selected on object 'Object Repository/lab/Page_KDMC - CMO/select_--ALL--'

2018-05-21 13:13:45 - [MESSAGE][PASSED] - All options with index in [4] are selected on object 'Object Repository/lab/Page_KDMC - CMO/select_--ALL--'

2018-05-21 13:13:45 - [TEST_STEP][PASSED] - selectOptionByIndex: All options with index in [1] are selected on object 'Object Repository/lab/Page_KDMC - CMO/select_--ALL--                _1'

2018-05-21 13:13:45 - [MESSAGE][PASSED] - All options with index in [1] are selected on object 'Object Repository/lab/Page_KDMC - CMO/select_--ALL--                _1'

2018-05-21 13:13:45 - [TEST_STEP][PASSED] - click: Object: 'Object Repository/lab/Page_KDMC - CMO/input_btnsearch' is clicked on

2018-05-21 13:13:45 - [MESSAGE][PASSED] - Object: 'Object Repository/lab/Page_KDMC - CMO/input_btnsearch' is clicked on

2018-05-21 13:13:45 - [TEST_STEP][PASSED] - Statement - ID = com.kms.katalon.core.webui.keyword.WebUiBuiltInKeywords.modifyObjectProperty(com.kms.katalon.core.testobject.ObjectRepository.findTestObject(lab/Page_KDMC - CMO/input_1), "xpath", "equals", "//*[@id=" + RID + "]", true): Modify property of object successfully

2018-05-21 13:13:45 - [MESSAGE][PASSED] - Modify property of object successfully

2018-05-21 13:13:45 - [TEST_STEP][PASSED] - click: Object: 'Object Repository/lab/Page_KDMC - CMO/input_1' is clicked on

2018-05-21 13:13:46 - [MESSAGE][PASSED] - Object: 'Object Repository/lab/Page_KDMC - CMO/input_1' is clicked on

2018-05-21 13:13:46 - [TEST_STEP][PASSED] - delay: Delayed 2 second(s)

2018-05-21 13:13:48 - [MESSAGE][PASSED] - Delayed 2 second(s)

2018-05-21 13:13:48 - [TEST_STEP][PASSED] - selectOptionByIndex: All options with index in [1] are selected on object 'Object Repository/lab/Page_KDMC - CMO/select_--Select--'

2018-05-21 13:13:48 - [MESSAGE][PASSED] - All options with index in [1] are selected on object 'Object Repository/lab/Page_KDMC - CMO/select_--Select--'

2018-05-21 13:13:48 - [TEST_STEP][PASSED] - click: Object: 'Object Repository/lab/Page_KDMC - CMO/input_btnupdate' is clicked on

2018-05-21 13:13:48 - [MESSAGE][PASSED] - Object: 'Object Repository/lab/Page_KDMC - CMO/input_btnupdate' is clicked on

2018-05-21 13:13:48 - [TEST_STEP][PASSED] - delay: Delayed 2 second(s)

2018-05-21 13:13:50 - [MESSAGE][PASSED] - Delayed 2 second(s)

2018-05-21 13:13:50 - [TEST_STEP][PASSED] - click: Object: 'Object Repository/lab/Page_KDMC - CMO/button_OK' is clicked on

2018-05-21 13:13:51 - [MESSAGE][PASSED] - Object: 'Object Repository/lab/Page_KDMC - CMO/button_OK' is clicked on

2018-05-21 13:13:51 - [TEST_STEP][PASSED] - delay: Delayed 3 second(s)

2018-05-21 13:13:54 - [MESSAGE][PASSED] - Delayed 3 second(s)

2018-05-21 13:13:54 - [TEST_STEP][PASSED] - click: Object: 'Object Repository/lab/Page_KDMC - CMO/a_dropdown-toggle' is clicked on

2018-05-21 13:13:54 - [MESSAGE][PASSED] - Object: 'Object Repository/lab/Page_KDMC - CMO/a_dropdown-toggle' is clicked on

2018-05-21 13:13:54 - [TEST_STEP][PASSED] - click: Object: 'Object Repository/lab/Page_KDMC - CMO/a_Sign out' is clicked on

2018-05-21 13:13:54 - [MESSAGE][PASSED] - Object: 'Object Repository/lab/Page_KDMC - CMO/a_Sign out' is clicked on

2018-05-21 13:13:54 - [TEST_STEP][PASSED] - delay: Delayed 3 second(s)

2018-05-21 13:13:57 - [MESSAGE][PASSED] - Delayed 3 second(s)

2018-05-21 13:13:57 - [TEST_STEP][PASSED] - click: Object: 'Object Repository/lab/Page_KDMC/a_Divisional Store' is clicked on

2018-05-21 13:13:58 - [MESSAGE][PASSED] - Object: 'Object Repository/lab/Page_KDMC/a_Divisional Store' is clicked on

2018-05-21 13:13:58 - [TEST_STEP][PASSED] - setText: Text 'ragu' is set on object 'Object Repository/lab/Page_Divisonal Store Login/input_txtusername'

2018-05-21 13:13:58 - [MESSAGE][PASSED] - Text 'ragu' is set on object 'Object Repository/lab/Page_Divisonal Store Login/input_txtusername'

2018-05-21 13:13:58 - [TEST_STEP][PASSED] - setText: Text '123' is set on object 'Object Repository/lab/Page_Divisonal Store Login/input_txtpassword'

2018-05-21 13:13:58 - [MESSAGE][PASSED] - Text '123' is set on object 'Object Repository/lab/Page_Divisonal Store Login/input_txtpassword'

2018-05-21 13:13:58 - [TEST_STEP][PASSED] - delay: Delayed 3 second(s)

2018-05-21 13:14:01 - [MESSAGE][PASSED] - Delayed 3 second(s)

2018-05-21 13:14:01 - [TEST_STEP][PASSED] - click: Object: 'Object Repository/lab/Page_Divisonal Store Login/button_Sign in' is clicked on

2018-05-21 13:14:03 - [MESSAGE][PASSED] - Object: 'Object Repository/lab/Page_Divisonal Store Login/button_Sign in' is clicked on

2018-05-21 13:14:03 - [TEST_STEP][PASSED] - delay: Delayed 3 second(s)

2018-05-21 13:14:06 - [MESSAGE][PASSED] - Delayed 3 second(s)

2018-05-21 13:14:06 - [TEST_STEP][PASSED] - click: Object: 'Object Repository/lab/Page_Store/a_Lab Request' is clicked on

2018-05-21 13:14:06 - [MESSAGE][PASSED] - Object: 'Object Repository/lab/Page_Store/a_Lab Request' is clicked on

2018-05-21 13:14:06 - [TEST_STEP][PASSED] - click: Object: 'Object Repository/lab/Page_Store/a_Request Item Lab' is clicked on

2018-05-21 13:14:07 - [MESSAGE][PASSED] - Object: 'Object Repository/lab/Page_Store/a_Request Item Lab' is clicked on

2018-05-21 13:14:07 - [TEST_STEP][PASSED] - Statement - ChooseRequest = com.kms.katalon.core.webui.keyword.WebUiBuiltInKeywords.modifyObjectProperty(com.kms.katalon.core.testobject.ObjectRepository.findTestObject(lab/Page_Store/input_1), "xpath", "equals", "//*[@id=" + RID + "]", true): Modify property of object successfully

2018-05-21 13:14:07 - [MESSAGE][PASSED] - Modify property of object successfully

2018-05-21 13:14:07 - [TEST_STEP][PASSED] - click: Object: 'Object Repository/lab/Page_Store/input_1' is clicked on

2018-05-21 13:14:07 - [MESSAGE][PASSED] - Object: 'Object Repository/lab/Page_Store/input_1' is clicked on

2018-05-21 13:14:07 - [TEST_STEP][PASSED] - delay: Delayed 2 second(s)

2018-05-21 13:14:09 - [MESSAGE][PASSED] - Delayed 2 second(s)

2018-05-21 13:14:09 - [TEST_STEP][PASSED] - Statement - selectedoptions = com.kms.katalon.core.webui.keyword.WebUiBuiltInKeywords.getNumberOfTotalOption(com.kms.katalon.core.testobject.ObjectRepository.findTestObject(lab/Page_Store/select_--Select--E.C.G. Jelly)): 14 options of object 'Object Repository/lab/Page_Store/select_--Select--E.C.G. Jelly' counted

2018-05-21 13:14:09 - [MESSAGE][PASSED] - 14 options of object 'Object Repository/lab/Page_Store/select_--Select--E.C.G. Jelly' counted

2018-05-21 13:14:09 - [TEST_STEP][PASSED] - Statement - For ([a = 1, a <= selectedoptions - 1, (a++)]): null

2018-05-21 13:14:09 - [TEST_STEP][PASSED] - selectOptionByIndex: All options with index in [1] are selected on object 'Object Repository/lab/Page_Store/select_--Select--E.C.G. Jelly'

2018-05-21 13:14:09 - [MESSAGE][PASSED] - All options with index in [1] are selected on object 'Object Repository/lab/Page_Store/select_--Select--E.C.G. Jelly'

2018-05-21 13:14:09 - [TEST_STEP][PASSED] - delay: Delayed 2 second(s)

2018-05-21 13:14:11 - [MESSAGE][PASSED] - Delayed 2 second(s)

2018-05-21 13:14:11 - [TEST_STEP][PASSED] - Statement - RequestedQty = com.kms.katalon.core.webui.keyword.WebUiBuiltInKeywords.getAttribute(com.kms.katalon.core.testobject.ObjectRepository.findTestObject(lab/Page_Store/input_txttotal), "value"): Attribute 'value' of object 'Object Repository/lab/Page_Store/input_txttotal' is: '10'

2018-05-21 13:14:11 - [MESSAGE][PASSED] - Attribute 'value' of object 'Object Repository/lab/Page_Store/input_txttotal' is: '10'

2018-05-21 13:14:11 - [TEST_STEP][PASSED] - Statement - out.println("Requested QTY : " + RequestedQty): null

2018-05-21 13:14:11 - [TEST_STEP][PASSED] - Statement - BatchNumber = com.kms.katalon.core.webui.keyword.WebUiBuiltInKeywords.getNumberOfTotalOption(com.kms.katalon.core.testobject.ObjectRepository.findTestObject(lab/Page_Store/select_--Select--BA50)): 3 options of object 'Object Repository/lab/Page_Store/select_--Select--BA50' counted

2018-05-21 13:14:12 - [MESSAGE][PASSED] - 3 options of object 'Object Repository/lab/Page_Store/select_--Select--BA50' counted

2018-05-21 13:14:12 - [TEST_STEP][PASSED] - Statement - For ([g = 1, g <= BatchNumber - 1, (g++)]): null

2018-05-21 13:14:12 - [TEST_STEP][PASSED] - selectOptionByIndex: All options with index in [1] are selected on object 'Object Repository/lab/Page_Store/select_--Select--BA50'

2018-05-21 13:14:12 - [MESSAGE][PASSED] - All options with index in [1] are selected on object 'Object Repository/lab/Page_Store/select_--Select--BA50'

2018-05-21 13:14:12 - [TEST_STEP][PASSED] - Statement - Try: null

2018-05-21 13:14:12 - [TEST_STEP][PASSED] - Statement - StockQty = com.kms.katalon.core.webui.keyword.WebUiBuiltInKeywords.getAttribute(com.kms.katalon.core.testobject.ObjectRepository.findTestObject(lab/Page_Store/input_txtprice), "value"): Attribute 'value' of object 'Object Repository/lab/Page_Store/input_txtprice' is: '140'

2018-05-21 13:14:12 - [MESSAGE][PASSED] - Attribute 'value' of object 'Object Repository/lab/Page_Store/input_txtprice' is: '140'

2018-05-21 13:14:12 - [TEST_STEP][PASSED] - Statement - out.println("Stock QTY : " + StockQty): null

2018-05-21 13:14:12 - [TEST_STEP][PASSED] - delay: Delayed 2 second(s)

2018-05-21 13:14:14 - [MESSAGE][PASSED] - Delayed 2 second(s)

2018-05-21 13:14:14 - [TEST_STEP][PASSED] - Statement - If (java.lang.Integer.valueOf(StockQty) >= java.lang.Integer.valueOf(RequestedQty)): null

2018-05-21 13:14:14 - [TEST_STEP][PASSED] - setText: Text '10' is set on object 'Object Repository/lab/Page_Store/input_txtqty'

2018-05-21 13:14:14 - [MESSAGE][PASSED] - Text '10' is set on object 'Object Repository/lab/Page_Store/input_txtqty'

2018-05-21 13:14:14 - [TEST_STEP][PASSED] - click: Object: 'Object Repository/lab/Page_Store/button_Add' is clicked on

2018-05-21 13:14:19 - [MESSAGE][PASSED] - Object: 'Object Repository/lab/Page_Store/button_Add' is clicked on

2018-05-21 13:14:19 - [TEST_STEP][PASSED] - Statement - Break: null

2018-05-21 13:14:19 - [TEST_STEP][PASSED] - selectOptionByIndex: All options with index in [2] are selected on object 'Object Repository/lab/Page_Store/select_--Select--E.C.G. Jelly'

2018-05-21 13:14:19 - [MESSAGE][PASSED] - All options with index in [2] are selected on object 'Object Repository/lab/Page_Store/select_--Select--E.C.G. Jelly'

2018-05-21 13:14:19 - [TEST_STEP][PASSED] - delay: Delayed 2 second(s)

2018-05-21 13:14:21 - [MESSAGE][PASSED] - Delayed 2 second(s)

2018-05-21 13:14:21 - [TEST_STEP][PASSED] - Statement - RequestedQty = com.kms.katalon.core.webui.keyword.WebUiBuiltInKeywords.getAttribute(com.kms.katalon.core.testobject.ObjectRepository.findTestObject(lab/Page_Store/input_txttotal), "value"): Attribute 'value' of object 'Object Repository/lab/Page_Store/input_txttotal' is: '10'

2018-05-21 13:14:21 - [MESSAGE][PASSED] - Attribute 'value' of object 'Object Repository/lab/Page_Store/input_txttotal' is: '10'

2018-05-21 13:14:21 - [TEST_STEP][PASSED] - Statement - out.println("Requested QTY : " + RequestedQty): null

2018-05-21 13:14:21 - [TEST_STEP][PASSED] - Statement - BatchNumber = com.kms.katalon.core.webui.keyword.WebUiBuiltInKeywords.getNumberOfTotalOption(com.kms.katalon.core.testobject.ObjectRepository.findTestObject(lab/Page_Store/select_--Select--BA50)): 3 options of object 'Object Repository/lab/Page_Store/select_--Select--BA50' counted

2018-05-21 13:14:21 - [MESSAGE][PASSED] - 3 options of object 'Object Repository/lab/Page_Store/select_--Select--BA50' counted

2018-05-21 13:14:21 - [TEST_STEP][PASSED] - Statement - For ([g = 1, g <= BatchNumber - 1, (g++)]): null

2018-05-21 13:14:21 - [TEST_STEP][PASSED] - selectOptionByIndex: All options with index in [1] are selected on object 'Object Repository/lab/Page_Store/select_--Select--BA50'

2018-05-21 13:14:22 - [MESSAGE][PASSED] - All options with index in [1] are selected on object 'Object Repository/lab/Page_Store/select_--Select--BA50'

2018-05-21 13:14:22 - [TEST_STEP][PASSED] - Statement - Try: null

2018-05-21 13:14:22 - [TEST_STEP][PASSED] - Statement - StockQty = com.kms.katalon.core.webui.keyword.WebUiBuiltInKeywords.getAttribute(com.kms.katalon.core.testobject.ObjectRepository.findTestObject(lab/Page_Store/input_txtprice), "value"): Attribute 'value' of object 'Object Repository/lab/Page_Store/input_txtprice' is: '150'

2018-05-21 13:14:22 - [MESSAGE][PASSED] - Attribute 'value' of object 'Object Repository/lab/Page_Store/input_txtprice' is: '150'

2018-05-21 13:14:22 - [TEST_STEP][PASSED] - Statement - out.println("Stock QTY : " + StockQty): null

2018-05-21 13:14:22 - [TEST_STEP][PASSED] - delay: Delayed 2 second(s)

2018-05-21 13:14:24 - [MESSAGE][PASSED] - Delayed 2 second(s)

2018-05-21 13:14:24 - [TEST_STEP][PASSED] - Statement - If (java.lang.Integer.valueOf(StockQty) >= java.lang.Integer.valueOf(RequestedQty)): null

2018-05-21 13:14:24 - [TEST_STEP][PASSED] - setText: Text '10' is set on object 'Object Repository/lab/Page_Store/input_txtqty'

2018-05-21 13:14:24 - [MESSAGE][PASSED] - Text '10' is set on object 'Object Repository/lab/Page_Store/input_txtqty'

2018-05-21 13:14:24 - [TEST_STEP][PASSED] - click: Object: 'Object Repository/lab/Page_Store/button_Add' is clicked on

2018-05-21 13:14:29 - [MESSAGE][PASSED] - Object: 'Object Repository/lab/Page_Store/button_Add' is clicked on

2018-05-21 13:14:29 - [TEST_STEP][PASSED] - Statement - Break: null

2018-05-21 13:14:29 - [TEST_STEP][PASSED] - selectOptionByIndex: All options with index in [3] are selected on object 'Object Repository/lab/Page_Store/select_--Select--E.C.G. Jelly'

2018-05-21 13:14:29 - [MESSAGE][PASSED] - All options with index in [3] are selected on object 'Object Repository/lab/Page_Store/select_--Select--E.C.G. Jelly'

2018-05-21 13:14:29 - [TEST_STEP][PASSED] - delay: Delayed 2 second(s)

2018-05-21 13:14:31 - [MESSAGE][PASSED] - Delayed 2 second(s)

2018-05-21 13:14:31 - [TEST_STEP][PASSED] - Statement - RequestedQty = com.kms.katalon.core.webui.keyword.WebUiBuiltInKeywords.getAttribute(com.kms.katalon.core.testobject.ObjectRepository.findTestObject(lab/Page_Store/input_txttotal), "value"): Attribute 'value' of object 'Object Repository/lab/Page_Store/input_txttotal' is: '10'

2018-05-21 13:14:31 - [MESSAGE][PASSED] - Attribute 'value' of object 'Object Repository/lab/Page_Store/input_txttotal' is: '10'

2018-05-21 13:14:31 - [TEST_STEP][PASSED] - Statement - out.println("Requested QTY : " + RequestedQty): null

2018-05-21 13:14:31 - [TEST_STEP][PASSED] - Statement - BatchNumber = com.kms.katalon.core.webui.keyword.WebUiBuiltInKeywords.getNumberOfTotalOption(com.kms.katalon.core.testobject.ObjectRepository.findTestObject(lab/Page_Store/select_--Select--BA50)): 2 options of object 'Object Repository/lab/Page_Store/select_--Select--BA50' counted

2018-05-21 13:14:31 - [MESSAGE][PASSED] - 2 options of object 'Object Repository/lab/Page_Store/select_--Select--BA50' counted

2018-05-21 13:14:31 - [TEST_STEP][PASSED] - Statement - For ([g = 1, g <= BatchNumber - 1, (g++)]): null

2018-05-21 13:14:31 - [TEST_STEP][PASSED] - selectOptionByIndex: All options with index in [1] are selected on object 'Object Repository/lab/Page_Store/select_--Select--BA50'

2018-05-21 13:14:31 - [MESSAGE][PASSED] - All options with index in [1] are selected on object 'Object Repository/lab/Page_Store/select_--Select--BA50'

2018-05-21 13:14:31 - [TEST_STEP][PASSED] - Statement - Try: null

2018-05-21 13:14:31 - [TEST_STEP][PASSED] - Statement - StockQty = com.kms.katalon.core.webui.keyword.WebUiBuiltInKeywords.getAttribute(com.kms.katalon.core.testobject.ObjectRepository.findTestObject(lab/Page_Store/input_txtprice), "value"): Attribute 'value' of object 'Object Repository/lab/Page_Store/input_txtprice' is: '180'

2018-05-21 13:14:31 - [MESSAGE][PASSED] - Attribute 'value' of object 'Object Repository/lab/Page_Store/input_txtprice' is: '180'

2018-05-21 13:14:31 - [TEST_STEP][PASSED] - Statement - out.println("Stock QTY : " + StockQty): null

2018-05-21 13:14:31 - [TEST_STEP][PASSED] - delay: Delayed 2 second(s)

2018-05-21 13:14:33 - [MESSAGE][PASSED] - Delayed 2 second(s)

2018-05-21 13:14:33 - [TEST_STEP][PASSED] - Statement - If (java.lang.Integer.valueOf(StockQty) >= java.lang.Integer.valueOf(RequestedQty)): null

2018-05-21 13:14:33 - [TEST_STEP][PASSED] - setText: Text '10' is set on object 'Object Repository/lab/Page_Store/input_txtqty'

2018-05-21 13:14:33 - [MESSAGE][PASSED] - Text '10' is set on object 'Object Repository/lab/Page_Store/input_txtqty'

2018-05-21 13:14:33 - [TEST_STEP][PASSED] - click: Object: 'Object Repository/lab/Page_Store/button_Add' is clicked on

2018-05-21 13:14:38 - [MESSAGE][PASSED] - Object: 'Object Repository/lab/Page_Store/button_Add' is clicked on

2018-05-21 13:14:38 - [TEST_STEP][PASSED] - Statement - Break: null

2018-05-21 13:14:38 - [TEST_STEP][PASSED] - selectOptionByIndex: All options with index in [4] are selected on object 'Object Repository/lab/Page_Store/select_--Select--E.C.G. Jelly'

2018-05-21 13:14:39 - [MESSAGE][PASSED] - All options with index in [4] are selected on object 'Object Repository/lab/Page_Store/select_--Select--E.C.G. Jelly'

2018-05-21 13:14:39 - [TEST_STEP][PASSED] - delay: Delayed 2 second(s)

2018-05-21 13:14:41 - [MESSAGE][PASSED] - Delayed 2 second(s)

2018-05-21 13:14:41 - [TEST_STEP][PASSED] - Statement - RequestedQty = com.kms.katalon.core.webui.keyword.WebUiBuiltInKeywords.getAttribute(com.kms.katalon.core.testobject.ObjectRepository.findTestObject(lab/Page_Store/input_txttotal), "value"): Attribute 'value' of object 'Object Repository/lab/Page_Store/input_txttotal' is: '10'

2018-05-21 13:14:41 - [MESSAGE][PASSED] - Attribute 'value' of object 'Object Repository/lab/Page_Store/input_txttotal' is: '10'

2018-05-21 13:14:41 - [TEST_STEP][PASSED] - Statement - out.println("Requested QTY : " + RequestedQty): null

2018-05-21 13:14:41 - [TEST_STEP][PASSED] - Statement - BatchNumber = com.kms.katalon.core.webui.keyword.WebUiBuiltInKeywords.getNumberOfTotalOption(com.kms.katalon.core.testobject.ObjectRepository.findTestObject(lab/Page_Store/select_--Select--BA50)): 3 options of object 'Object Repository/lab/Page_Store/select_--Select--BA50' counted

2018-05-21 13:14:41 - [MESSAGE][PASSED] - 3 options of object 'Object Repository/lab/Page_Store/select_--Select--BA50' counted

2018-05-21 13:14:41 - [TEST_STEP][PASSED] - Statement - For ([g = 1, g <= BatchNumber - 1, (g++)]): null

2018-05-21 13:14:41 - [TEST_STEP][PASSED] - selectOptionByIndex: All options with index in [1] are selected on object 'Object Repository/lab/Page_Store/select_--Select--BA50'

2018-05-21 13:14:41 - [MESSAGE][PASSED] - All options with index in [1] are selected on object 'Object Repository/lab/Page_Store/select_--Select--BA50'

2018-05-21 13:14:41 - [TEST_STEP][PASSED] - Statement - Try: null

2018-05-21 13:14:41 - [TEST_STEP][PASSED] - Statement - StockQty = com.kms.katalon.core.webui.keyword.WebUiBuiltInKeywords.getAttribute(com.kms.katalon.core.testobject.ObjectRepository.findTestObject(lab/Page_Store/input_txtprice), "value"): Attribute 'value' of object 'Object Repository/lab/Page_Store/input_txtprice' is: '140'

2018-05-21 13:14:41 - [MESSAGE][PASSED] - Attribute 'value' of object 'Object Repository/lab/Page_Store/input_txtprice' is: '140'

2018-05-21 13:14:41 - [TEST_STEP][PASSED] - Statement - out.println("Stock QTY : " + StockQty): null

2018-05-21 13:14:41 - [TEST_STEP][PASSED] - delay: Delayed 2 second(s)

2018-05-21 13:14:43 - [MESSAGE][PASSED] - Delayed 2 second(s)

2018-05-21 13:14:43 - [TEST_STEP][PASSED] - Statement - If (java.lang.Integer.valueOf(StockQty) >= java.lang.Integer.valueOf(RequestedQty)): null

2018-05-21 13:14:43 - [TEST_STEP][PASSED] - setText: Text '10' is set on object 'Object Repository/lab/Page_Store/input_txtqty'

2018-05-21 13:14:43 - [MESSAGE][PASSED] - Text '10' is set on object 'Object Repository/lab/Page_Store/input_txtqty'

2018-05-21 13:14:43 - [TEST_STEP][PASSED] - click: Object: 'Object Repository/lab/Page_Store/button_Add' is clicked on

2018-05-21 13:14:48 - [MESSAGE][PASSED] - Object: 'Object Repository/lab/Page_Store/button_Add' is clicked on

2018-05-21 13:14:48 - [TEST_STEP][PASSED] - Statement - Break: null

2018-05-21 13:14:48 - [TEST_STEP][PASSED] - selectOptionByIndex: All options with index in [5] are selected on object 'Object Repository/lab/Page_Store/select_--Select--E.C.G. Jelly'

2018-05-21 13:14:48 - [MESSAGE][PASSED] - All options with index in [5] are selected on object 'Object Repository/lab/Page_Store/select_--Select--E.C.G. Jelly'

2018-05-21 13:14:48 - [TEST_STEP][PASSED] - delay: Delayed 2 second(s)

2018-05-21 13:14:50 - [MESSAGE][PASSED] - Delayed 2 second(s)

2018-05-21 13:14:50 - [TEST_STEP][PASSED] - Statement - RequestedQty = com.kms.katalon.core.webui.keyword.WebUiBuiltInKeywords.getAttribute(com.kms.katalon.core.testobject.ObjectRepository.findTestObject(lab/Page_Store/input_txttotal), "value"): Attribute 'value' of object 'Object Repository/lab/Page_Store/input_txttotal' is: '10'

2018-05-21 13:14:50 - [MESSAGE][PASSED] - Attribute 'value' of object 'Object Repository/lab/Page_Store/input_txttotal' is: '10'

2018-05-21 13:14:50 - [TEST_STEP][PASSED] - Statement - out.println("Requested QTY : " + RequestedQty): null

2018-05-21 13:14:50 - [TEST_STEP][PASSED] - Statement - BatchNumber = com.kms.katalon.core.webui.keyword.WebUiBuiltInKeywords.getNumberOfTotalOption(com.kms.katalon.core.testobject.ObjectRepository.findTestObject(lab/Page_Store/select_--Select--BA50)): 2 options of object 'Object Repository/lab/Page_Store/select_--Select--BA50' counted

2018-05-21 13:14:50 - [MESSAGE][PASSED] - 2 options of object 'Object Repository/lab/Page_Store/select_--Select--BA50' counted

2018-05-21 13:14:50 - [TEST_STEP][PASSED] - Statement - For ([g = 1, g <= BatchNumber - 1, (g++)]): null

2018-05-21 13:14:50 - [TEST_STEP][PASSED] - selectOptionByIndex: All options with index in [1] are selected on object 'Object Repository/lab/Page_Store/select_--Select--BA50'

2018-05-21 13:14:51 - [MESSAGE][PASSED] - All options with index in [1] are selected on object 'Object Repository/lab/Page_Store/select_--Select--BA50'

2018-05-21 13:14:51 - [TEST_STEP][PASSED] - Statement - Try: null

2018-05-21 13:14:51 - [TEST_STEP][PASSED] - Statement - StockQty = com.kms.katalon.core.webui.keyword.WebUiBuiltInKeywords.getAttribute(com.kms.katalon.core.testobject.ObjectRepository.findTestObject(lab/Page_Store/input_txtprice), "value"): Attribute 'value' of object 'Object Repository/lab/Page_Store/input_txtprice' is: '100'

2018-05-21 13:14:51 - [MESSAGE][PASSED] - Attribute 'value' of object 'Object Repository/lab/Page_Store/input_txtprice' is: '100'

2018-05-21 13:14:51 - [TEST_STEP][PASSED] - Statement - out.println("Stock QTY : " + StockQty): null

2018-05-21 13:14:51 - [TEST_STEP][PASSED] - delay: Delayed 2 second(s)

2018-05-21 13:14:53 - [MESSAGE][PASSED] - Delayed 2 second(s)

2018-05-21 13:14:53 - [TEST_STEP][PASSED] - Statement - If (java.lang.Integer.valueOf(StockQty) >= java.lang.Integer.valueOf(RequestedQty)): null

2018-05-21 13:14:53 - [TEST_STEP][PASSED] - setText: Text '10' is set on object 'Object Repository/lab/Page_Store/input_txtqty'

2018-05-21 13:14:53 - [MESSAGE][PASSED] - Text '10' is set on object 'Object Repository/lab/Page_Store/input_txtqty'

2018-05-21 13:14:53 - [TEST_STEP][PASSED] - click: Object: 'Object Repository/lab/Page_Store/button_Add' is clicked on

2018-05-21 13:14:58 - [MESSAGE][PASSED] - Object: 'Object Repository/lab/Page_Store/button_Add' is clicked on

2018-05-21 13:14:58 - [TEST_STEP][PASSED] - Statement - Break: null

2018-05-21 13:14:58 - [TEST_STEP][PASSED] - selectOptionByIndex: All options with index in [6] are selected on object 'Object Repository/lab/Page_Store/select_--Select--E.C.G. Jelly'

2018-05-21 13:14:58 - [MESSAGE][PASSED] - All options with index in [6] are selected on object 'Object Repository/lab/Page_Store/select_--Select--E.C.G. Jelly'

2018-05-21 13:14:58 - [TEST_STEP][PASSED] - delay: Delayed 2 second(s)

2018-05-21 13:15:00 - [MESSAGE][PASSED] - Delayed 2 second(s)

2018-05-21 13:15:00 - [TEST_STEP][PASSED] - Statement - RequestedQty = com.kms.katalon.core.webui.keyword.WebUiBuiltInKeywords.getAttribute(com.kms.katalon.core.testobject.ObjectRepository.findTestObject(lab/Page_Store/input_txttotal), "value"): Attribute 'value' of object 'Object Repository/lab/Page_Store/input_txttotal' is: '10'

2018-05-21 13:15:00 - [MESSAGE][PASSED] - Attribute 'value' of object 'Object Repository/lab/Page_Store/input_txttotal' is: '10'

2018-05-21 13:15:00 - [TEST_STEP][PASSED] - Statement - out.println("Requested QTY : " + RequestedQty): null

2018-05-21 13:15:00 - [TEST_STEP][PASSED] - Statement - BatchNumber = com.kms.katalon.core.webui.keyword.WebUiBuiltInKeywords.getNumberOfTotalOption(com.kms.katalon.core.testobject.ObjectRepository.findTestObject(lab/Page_Store/select_--Select--BA50)): 3 options of object 'Object Repository/lab/Page_Store/select_--Select--BA50' counted

2018-05-21 13:15:00 - [MESSAGE][PASSED] - 3 options of object 'Object Repository/lab/Page_Store/select_--Select--BA50' counted

2018-05-21 13:15:00 - [TEST_STEP][PASSED] - Statement - For ([g = 1, g <= BatchNumber - 1, (g++)]): null

2018-05-21 13:15:00 - [TEST_STEP][PASSED] - selectOptionByIndex: All options with index in [1] are selected on object 'Object Repository/lab/Page_Store/select_--Select--BA50'

2018-05-21 13:15:00 - [MESSAGE][PASSED] - All options with index in [1] are selected on object 'Object Repository/lab/Page_Store/select_--Select--BA50'

2018-05-21 13:15:00 - [TEST_STEP][PASSED] - Statement - Try: null

2018-05-21 13:15:00 - [TEST_STEP][PASSED] - Statement - StockQty = com.kms.katalon.core.webui.keyword.WebUiBuiltInKeywords.getAttribute(com.kms.katalon.core.testobject.ObjectRepository.findTestObject(lab/Page_Store/input_txtprice), "value"): Attribute 'value' of object 'Object Repository/lab/Page_Store/input_txtprice' is: '160'

2018-05-21 13:15:00 - [MESSAGE][PASSED] - Attribute 'value' of object 'Object Repository/lab/Page_Store/input_txtprice' is: '160'

2018-05-21 13:15:00 - [TEST_STEP][PASSED] - Statement - out.println("Stock QTY : " + StockQty): null

2018-05-21 13:15:00 - [TEST_STEP][PASSED] - delay: Delayed 2 second(s)

2018-05-21 13:15:02 - [MESSAGE][PASSED] - Delayed 2 second(s)

2018-05-21 13:15:02 - [TEST_STEP][PASSED] - Statement - If (java.lang.Integer.valueOf(StockQty) >= java.lang.Integer.valueOf(RequestedQty)): null

2018-05-21 13:15:02 - [TEST_STEP][PASSED] - setText: Text '10' is set on object 'Object Repository/lab/Page_Store/input_txtqty'

2018-05-21 13:15:02 - [MESSAGE][PASSED] - Text '10' is set on object 'Object Repository/lab/Page_Store/input_txtqty'

2018-05-21 13:15:02 - [TEST_STEP][PASSED] - click: Object: 'Object Repository/lab/Page_Store/button_Add' is clicked on

2018-05-21 13:15:07 - [MESSAGE][PASSED] - Object: 'Object Repository/lab/Page_Store/button_Add' is clicked on

2018-05-21 13:15:07 - [TEST_STEP][PASSED] - Statement - Break: null

2018-05-21 13:15:07 - [TEST_STEP][PASSED] - selectOptionByIndex: All options with index in [7] are selected on object 'Object Repository/lab/Page_Store/select_--Select--E.C.G. Jelly'

2018-05-21 13:15:08 - [MESSAGE][PASSED] - All options with index in [7] are selected on object 'Object Repository/lab/Page_Store/select_--Select--E.C.G. Jelly'

2018-05-21 13:15:08 - [TEST_STEP][PASSED] - delay: Delayed 2 second(s)

2018-05-21 13:15:10 - [MESSAGE][PASSED] - Delayed 2 second(s)

2018-05-21 13:15:10 - [TEST_STEP][PASSED] - Statement - RequestedQty = com.kms.katalon.core.webui.keyword.WebUiBuiltInKeywords.getAttribute(com.kms.katalon.core.testobject.ObjectRepository.findTestObject(lab/Page_Store/input_txttotal), "value"): Attribute 'value' of object 'Object Repository/lab/Page_Store/input_txttotal' is: '10'

2018-05-21 13:15:10 - [MESSAGE][PASSED] - Attribute 'value' of object 'Object Repository/lab/Page_Store/input_txttotal' is: '10'

2018-05-21 13:15:10 - [TEST_STEP][PASSED] - Statement - out.println("Requested QTY : " + RequestedQty): null

2018-05-21 13:15:10 - [TEST_STEP][PASSED] - Statement - BatchNumber = com.kms.katalon.core.webui.keyword.WebUiBuiltInKeywords.getNumberOfTotalOption(com.kms.katalon.core.testobject.ObjectRepository.findTestObject(lab/Page_Store/select_--Select--BA50)): 2 options of object 'Object Repository/lab/Page_Store/select_--Select--BA50' counted

2018-05-21 13:15:10 - [MESSAGE][PASSED] - 2 options of object 'Object Repository/lab/Page_Store/select_--Select--BA50' counted

2018-05-21 13:15:10 - [TEST_STEP][PASSED] - Statement - For ([g = 1, g <= BatchNumber - 1, (g++)]): null

2018-05-21 13:15:10 - [TEST_STEP][PASSED] - selectOptionByIndex: All options with index in [1] are selected on object 'Object Repository/lab/Page_Store/select_--Select--BA50'

2018-05-21 13:15:10 - [MESSAGE][PASSED] - All options with index in [1] are selected on object 'Object Repository/lab/Page_Store/select_--Select--BA50'

2018-05-21 13:15:10 - [TEST_STEP][PASSED] - Statement - Try: null

2018-05-21 13:15:10 - [TEST_STEP][PASSED] - Statement - StockQty = com.kms.katalon.core.webui.keyword.WebUiBuiltInKeywords.getAttribute(com.kms.katalon.core.testobject.ObjectRepository.findTestObject(lab/Page_Store/input_txtprice), "value"): Attribute 'value' of object 'Object Repository/lab/Page_Store/input_txtprice' is: '200'

2018-05-21 13:15:10 - [MESSAGE][PASSED] - Attribute 'value' of object 'Object Repository/lab/Page_Store/input_txtprice' is: '200'

2018-05-21 13:15:10 - [TEST_STEP][PASSED] - Statement - out.println("Stock QTY : " + StockQty): null

2018-05-21 13:15:10 - [TEST_STEP][PASSED] - delay: Delayed 2 second(s)

2018-05-21 13:15:12 - [MESSAGE][PASSED] - Delayed 2 second(s)

2018-05-21 13:15:12 - [TEST_STEP][PASSED] - Statement - If (java.lang.Integer.valueOf(StockQty) >= java.lang.Integer.valueOf(RequestedQty)): null

2018-05-21 13:15:12 - [TEST_STEP][PASSED] - setText: Text '10' is set on object 'Object Repository/lab/Page_Store/input_txtqty'

2018-05-21 13:15:12 - [MESSAGE][PASSED] - Text '10' is set on object 'Object Repository/lab/Page_Store/input_txtqty'

2018-05-21 13:15:12 - [TEST_STEP][PASSED] - click: Object: 'Object Repository/lab/Page_Store/button_Add' is clicked on

2018-05-21 13:15:17 - [MESSAGE][PASSED] - Object: 'Object Repository/lab/Page_Store/button_Add' is clicked on

2018-05-21 13:15:17 - [TEST_STEP][PASSED] - Statement - Break: null

2018-05-21 13:15:17 - [TEST_STEP][PASSED] - selectOptionByIndex: All options with index in [8] are selected on object 'Object Repository/lab/Page_Store/select_--Select--E.C.G. Jelly'

2018-05-21 13:15:17 - [MESSAGE][PASSED] - All options with index in [8] are selected on object 'Object Repository/lab/Page_Store/select_--Select--E.C.G. Jelly'

2018-05-21 13:15:17 - [TEST_STEP][PASSED] - delay: Delayed 2 second(s)

2018-05-21 13:15:19 - [MESSAGE][PASSED] - Delayed 2 second(s)

2018-05-21 13:15:19 - [TEST_STEP][PASSED] - Statement - RequestedQty = com.kms.katalon.core.webui.keyword.WebUiBuiltInKeywords.getAttribute(com.kms.katalon.core.testobject.ObjectRepository.findTestObject(lab/Page_Store/input_txttotal), "value"): Attribute 'value' of object 'Object Repository/lab/Page_Store/input_txttotal' is: '10'

2018-05-21 13:15:19 - [MESSAGE][PASSED] - Attribute 'value' of object 'Object Repository/lab/Page_Store/input_txttotal' is: '10'

2018-05-21 13:15:19 - [TEST_STEP][PASSED] - Statement - out.println("Requested QTY : " + RequestedQty): null

2018-05-21 13:15:19 - [TEST_STEP][PASSED] - Statement - BatchNumber = com.kms.katalon.core.webui.keyword.WebUiBuiltInKeywords.getNumberOfTotalOption(com.kms.katalon.core.testobject.ObjectRepository.findTestObject(lab/Page_Store/select_--Select--BA50)): 3 options of object 'Object Repository/lab/Page_Store/select_--Select--BA50' counted

2018-05-21 13:15:19 - [MESSAGE][PASSED] - 3 options of object 'Object Repository/lab/Page_Store/select_--Select--BA50' counted

2018-05-21 13:15:19 - [TEST_STEP][PASSED] - Statement - For ([g = 1, g <= BatchNumber - 1, (g++)]): null

2018-05-21 13:15:19 - [TEST_STEP][PASSED] - selectOptionByIndex: All options with index in [1] are selected on object 'Object Repository/lab/Page_Store/select_--Select--BA50'

2018-05-21 13:15:20 - [MESSAGE][PASSED] - All options with index in [1] are selected on object 'Object Repository/lab/Page_Store/select_--Select--BA50'

2018-05-21 13:15:20 - [TEST_STEP][PASSED] - Statement - Try: null

2018-05-21 13:15:20 - [TEST_STEP][PASSED] - Statement - StockQty = com.kms.katalon.core.webui.keyword.WebUiBuiltInKeywords.getAttribute(com.kms.katalon.core.testobject.ObjectRepository.findTestObject(lab/Page_Store/input_txtprice), "value"): Attribute 'value' of object 'Object Repository/lab/Page_Store/input_txtprice' is: '160'

2018-05-21 13:15:20 - [MESSAGE][PASSED] - Attribute 'value' of object 'Object Repository/lab/Page_Store/input_txtprice' is: '160'

2018-05-21 13:15:20 - [TEST_STEP][PASSED] - Statement - out.println("Stock QTY : " + StockQty): null

2018-05-21 13:15:20 - [TEST_STEP][PASSED] - delay: Delayed 2 second(s)

2018-05-21 13:15:22 - [MESSAGE][PASSED] - Delayed 2 second(s)

2018-05-21 13:15:22 - [TEST_STEP][PASSED] - Statement - If (java.lang.Integer.valueOf(StockQty) >= java.lang.Integer.valueOf(RequestedQty)): null

2018-05-21 13:15:22 - [TEST_STEP][PASSED] - setText: Text '10' is set on object 'Object Repository/lab/Page_Store/input_txtqty'

2018-05-21 13:15:22 - [MESSAGE][PASSED] - Text '10' is set on object 'Object Repository/lab/Page_Store/input_txtqty'

2018-05-21 13:15:22 - [TEST_STEP][PASSED] - click: Object: 'Object Repository/lab/Page_Store/button_Add' is clicked on

2018-05-21 13:15:27 - [MESSAGE][PASSED] - Object: 'Object Repository/lab/Page_Store/button_Add' is clicked on

2018-05-21 13:15:27 - [TEST_STEP][PASSED] - Statement - Break: null

2018-05-21 13:15:27 - [TEST_STEP][PASSED] - selectOptionByIndex: All options with index in [9] are selected on object 'Object Repository/lab/Page_Store/select_--Select--E.C.G. Jelly'

2018-05-21 13:15:27 - [MESSAGE][PASSED] - All options with index in [9] are selected on object 'Object Repository/lab/Page_Store/select_--Select--E.C.G. Jelly'

2018-05-21 13:15:27 - [TEST_STEP][PASSED] - delay: Delayed 2 second(s)

2018-05-21 13:15:29 - [MESSAGE][PASSED] - Delayed 2 second(s)

2018-05-21 13:15:29 - [TEST_STEP][PASSED] - Statement - RequestedQty = com.kms.katalon.core.webui.keyword.WebUiBuiltInKeywords.getAttribute(com.kms.katalon.core.testobject.ObjectRepository.findTestObject(lab/Page_Store/input_txttotal), "value"): Attribute 'value' of object 'Object Repository/lab/Page_Store/input_txttotal' is: '10'

2018-05-21 13:15:29 - [MESSAGE][PASSED] - Attribute 'value' of object 'Object Repository/lab/Page_Store/input_txttotal' is: '10'

2018-05-21 13:15:29 - [TEST_STEP][PASSED] - Statement - out.println("Requested QTY : " + RequestedQty): null

2018-05-21 13:15:29 - [TEST_STEP][PASSED] - Statement - BatchNumber = com.kms.katalon.core.webui.keyword.WebUiBuiltInKeywords.getNumberOfTotalOption(com.kms.katalon.core.testobject.ObjectRepository.findTestObject(lab/Page_Store/select_--Select--BA50)): 3 options of object 'Object Repository/lab/Page_Store/select_--Select--BA50' counted

2018-05-21 13:15:29 - [MESSAGE][PASSED] - 3 options of object 'Object Repository/lab/Page_Store/select_--Select--BA50' counted

2018-05-21 13:15:29 - [TEST_STEP][PASSED] - Statement - For ([g = 1, g <= BatchNumber - 1, (g++)]): null

2018-05-21 13:15:29 - [TEST_STEP][PASSED] - selectOptionByIndex: All options with index in [1] are selected on object 'Object Repository/lab/Page_Store/select_--Select--BA50'

2018-05-21 13:15:29 - [MESSAGE][PASSED] - All options with index in [1] are selected on object 'Object Repository/lab/Page_Store/select_--Select--BA50'

2018-05-21 13:15:29 - [TEST_STEP][PASSED] - Statement - Try: null

2018-05-21 13:15:29 - [TEST_STEP][PASSED] - Statement - StockQty = com.kms.katalon.core.webui.keyword.WebUiBuiltInKeywords.getAttribute(com.kms.katalon.core.testobject.ObjectRepository.findTestObject(lab/Page_Store/input_txtprice), "value"): Attribute 'value' of object 'Object Repository/lab/Page_Store/input_txtprice' is: '160'

2018-05-21 13:15:29 - [MESSAGE][PASSED] - Attribute 'value' of object 'Object Repository/lab/Page_Store/input_txtprice' is: '160'

2018-05-21 13:15:29 - [TEST_STEP][PASSED] - Statement - out.println("Stock QTY : " + StockQty): null

2018-05-21 13:15:29 - [TEST_STEP][PASSED] - delay: Delayed 2 second(s)

2018-05-21 13:15:31 - [MESSAGE][PASSED] - Delayed 2 second(s)

2018-05-21 13:15:31 - [TEST_STEP][PASSED] - Statement - If (java.lang.Integer.valueOf(StockQty) >= java.lang.Integer.valueOf(RequestedQty)): null

2018-05-21 13:15:31 - [TEST_STEP][PASSED] - setText: Text '10' is set on object 'Object Repository/lab/Page_Store/input_txtqty'

2018-05-21 13:15:31 - [MESSAGE][PASSED] - Text '10' is set on object 'Object Repository/lab/Page_Store/input_txtqty'

2018-05-21 13:15:31 - [TEST_STEP][PASSED] - click: Object: 'Object Repository/lab/Page_Store/button_Add' is clicked on

2018-05-21 13:15:37 - [MESSAGE][PASSED] - Object: 'Object Repository/lab/Page_Store/button_Add' is clicked on

2018-05-21 13:15:37 - [TEST_STEP][PASSED] - Statement - Break: null

2018-05-21 13:15:37 - [TEST_STEP][PASSED] - selectOptionByIndex: All options with index in [10] are selected on object 'Object Repository/lab/Page_Store/select_--Select--E.C.G. Jelly'

2018-05-21 13:15:37 - [MESSAGE][PASSED] - All options with index in [10] are selected on object 'Object Repository/lab/Page_Store/select_--Select--E.C.G. Jelly'

2018-05-21 13:15:37 - [TEST_STEP][PASSED] - delay: Delayed 2 second(s)

2018-05-21 13:15:39 - [MESSAGE][PASSED] - Delayed 2 second(s)

2018-05-21 13:15:39 - [TEST_STEP][PASSED] - Statement - RequestedQty = com.kms.katalon.core.webui.keyword.WebUiBuiltInKeywords.getAttribute(com.kms.katalon.core.testobject.ObjectRepository.findTestObject(lab/Page_Store/input_txttotal), "value"): Attribute 'value' of object 'Object Repository/lab/Page_Store/input_txttotal' is: '10'

2018-05-21 13:15:39 - [MESSAGE][PASSED] - Attribute 'value' of object 'Object Repository/lab/Page_Store/input_txttotal' is: '10'

2018-05-21 13:15:39 - [TEST_STEP][PASSED] - Statement - out.println("Requested QTY : " + RequestedQty): null

2018-05-21 13:15:39 - [TEST_STEP][PASSED] - Statement - BatchNumber = com.kms.katalon.core.webui.keyword.WebUiBuiltInKeywords.getNumberOfTotalOption(com.kms.katalon.core.testobject.ObjectRepository.findTestObject(lab/Page_Store/select_--Select--BA50)): 3 options of object 'Object Repository/lab/Page_Store/select_--Select--BA50' counted

2018-05-21 13:15:39 - [MESSAGE][PASSED] - 3 options of object 'Object Repository/lab/Page_Store/select_--Select--BA50' counted

2018-05-21 13:15:39 - [TEST_STEP][PASSED] - Statement - For ([g = 1, g <= BatchNumber - 1, (g++)]): null

2018-05-21 13:15:39 - [TEST_STEP][PASSED] - selectOptionByIndex: All options with index in [1] are selected on object 'Object Repository/lab/Page_Store/select_--Select--BA50'

2018-05-21 13:15:39 - [MESSAGE][PASSED] - All options with index in [1] are selected on object 'Object Repository/lab/Page_Store/select_--Select--BA50'

2018-05-21 13:15:39 - [TEST_STEP][PASSED] - Statement - Try: null

2018-05-21 13:15:39 - [TEST_STEP][PASSED] - Statement - StockQty = com.kms.katalon.core.webui.keyword.WebUiBuiltInKeywords.getAttribute(com.kms.katalon.core.testobject.ObjectRepository.findTestObject(lab/Page_Store/input_txtprice), "value"): Attribute 'value' of object 'Object Repository/lab/Page_Store/input_txtprice' is: '160'

2018-05-21 13:15:39 - [MESSAGE][PASSED] - Attribute 'value' of object 'Object Repository/lab/Page_Store/input_txtprice' is: '160'

2018-05-21 13:15:39 - [TEST_STEP][PASSED] - Statement - out.println("Stock QTY : " + StockQty): null

2018-05-21 13:15:39 - [TEST_STEP][PASSED] - delay: Delayed 2 second(s)

2018-05-21 13:15:41 - [MESSAGE][PASSED] - Delayed 2 second(s)

2018-05-21 13:15:41 - [TEST_STEP][PASSED] - Statement - If (java.lang.Integer.valueOf(StockQty) >= java.lang.Integer.valueOf(RequestedQty)): null

2018-05-21 13:15:41 - [TEST_STEP][PASSED] - setText: Text '10' is set on object 'Object Repository/lab/Page_Store/input_txtqty'

2018-05-21 13:15:41 - [MESSAGE][PASSED] - Text '10' is set on object 'Object Repository/lab/Page_Store/input_txtqty'

2018-05-21 13:15:41 - [TEST_STEP][PASSED] - click: Object: 'Object Repository/lab/Page_Store/button_Add' is clicked on

2018-05-21 13:15:46 - [MESSAGE][PASSED] - Object: 'Object Repository/lab/Page_Store/button_Add' is clicked on

2018-05-21 13:15:46 - [TEST_STEP][PASSED] - Statement - Break: null

2018-05-21 13:15:46 - [TEST_STEP][PASSED] - selectOptionByIndex: All options with index in [11] are selected on object 'Object Repository/lab/Page_Store/select_--Select--E.C.G. Jelly'

2018-05-21 13:15:46 - [MESSAGE][PASSED] - All options with index in [11] are selected on object 'Object Repository/lab/Page_Store/select_--Select--E.C.G. Jelly'

2018-05-21 13:15:46 - [TEST_STEP][PASSED] - delay: Delayed 2 second(s)

2018-05-21 13:15:48 - [MESSAGE][PASSED] - Delayed 2 second(s)

2018-05-21 13:15:48 - [TEST_STEP][PASSED] - Statement - RequestedQty = com.kms.katalon.core.webui.keyword.WebUiBuiltInKeywords.getAttribute(com.kms.katalon.core.testobject.ObjectRepository.findTestObject(lab/Page_Store/input_txttotal), "value"): Attribute 'value' of object 'Object Repository/lab/Page_Store/input_txttotal' is: '10'

2018-05-21 13:15:48 - [MESSAGE][PASSED] - Attribute 'value' of object 'Object Repository/lab/Page_Store/input_txttotal' is: '10'

2018-05-21 13:15:48 - [TEST_STEP][PASSED] - Statement - out.println("Requested QTY : " + RequestedQty): null

2018-05-21 13:15:48 - [TEST_STEP][PASSED] - Statement - BatchNumber = com.kms.katalon.core.webui.keyword.WebUiBuiltInKeywords.getNumberOfTotalOption(com.kms.katalon.core.testobject.ObjectRepository.findTestObject(lab/Page_Store/select_--Select--BA50)): 2 options of object 'Object Repository/lab/Page_Store/select_--Select--BA50' counted

2018-05-21 13:15:49 - [MESSAGE][PASSED] - 2 options of object 'Object Repository/lab/Page_Store/select_--Select--BA50' counted

2018-05-21 13:15:49 - [TEST_STEP][PASSED] - Statement - For ([g = 1, g <= BatchNumber - 1, (g++)]): null

2018-05-21 13:15:49 - [TEST_STEP][PASSED] - selectOptionByIndex: All options with index in [1] are selected on object 'Object Repository/lab/Page_Store/select_--Select--BA50'

2018-05-21 13:15:49 - [MESSAGE][PASSED] - All options with index in [1] are selected on object 'Object Repository/lab/Page_Store/select_--Select--BA50'

2018-05-21 13:15:49 - [TEST_STEP][PASSED] - Statement - Try: null

2018-05-21 13:15:49 - [TEST_STEP][PASSED] - Statement - StockQty = com.kms.katalon.core.webui.keyword.WebUiBuiltInKeywords.getAttribute(com.kms.katalon.core.testobject.ObjectRepository.findTestObject(lab/Page_Store/input_txtprice), "value"): Attribute 'value' of object 'Object Repository/lab/Page_Store/input_txtprice' is: '200'

2018-05-21 13:15:49 - [MESSAGE][PASSED] - Attribute 'value' of object 'Object Repository/lab/Page_Store/input_txtprice' is: '200'

2018-05-21 13:15:49 - [TEST_STEP][PASSED] - Statement - out.println("Stock QTY : " + StockQty): null

2018-05-21 13:15:49 - [TEST_STEP][PASSED] - delay: Delayed 2 second(s)

2018-05-21 13:15:51 - [MESSAGE][PASSED] - Delayed 2 second(s)

2018-05-21 13:15:51 - [TEST_STEP][PASSED] - Statement - If (java.lang.Integer.valueOf(StockQty) >= java.lang.Integer.valueOf(RequestedQty)): null

2018-05-21 13:15:51 - [TEST_STEP][PASSED] - setText: Text '10' is set on object 'Object Repository/lab/Page_Store/input_txtqty'

2018-05-21 13:15:51 - [MESSAGE][PASSED] - Text '10' is set on object 'Object Repository/lab/Page_Store/input_txtqty'

2018-05-21 13:15:51 - [TEST_STEP][PASSED] - click: Object: 'Object Repository/lab/Page_Store/button_Add' is clicked on

2018-05-21 13:15:56 - [MESSAGE][PASSED] - Object: 'Object Repository/lab/Page_Store/button_Add' is clicked on

2018-05-21 13:15:56 - [TEST_STEP][PASSED] - Statement - Break: null

2018-05-21 13:15:56 - [TEST_STEP][PASSED] - selectOptionByIndex: All options with index in [12] are selected on object 'Object Repository/lab/Page_Store/select_--Select--E.C.G. Jelly'

2018-05-21 13:15:56 - [MESSAGE][PASSED] - All options with index in [12] are selected on object 'Object Repository/lab/Page_Store/select_--Select--E.C.G. Jelly'

2018-05-21 13:15:56 - [TEST_STEP][PASSED] - delay: Delayed 2 second(s)

2018-05-21 13:15:58 - [MESSAGE][PASSED] - Delayed 2 second(s)

2018-05-21 13:15:58 - [TEST_STEP][PASSED] - Statement - RequestedQty = com.kms.katalon.core.webui.keyword.WebUiBuiltInKeywords.getAttribute(com.kms.katalon.core.testobject.ObjectRepository.findTestObject(lab/Page_Store/input_txttotal), "value"): Attribute 'value' of object 'Object Repository/lab/Page_Store/input_txttotal' is: '10'

2018-05-21 13:15:58 - [MESSAGE][PASSED] - Attribute 'value' of object 'Object Repository/lab/Page_Store/input_txttotal' is: '10'

2018-05-21 13:15:58 - [TEST_STEP][PASSED] - Statement - out.println("Requested QTY : " + RequestedQty): null

2018-05-21 13:15:58 - [TEST_STEP][PASSED] - Statement - BatchNumber = com.kms.katalon.core.webui.keyword.WebUiBuiltInKeywords.getNumberOfTotalOption(com.kms.katalon.core.testobject.ObjectRepository.findTestObject(lab/Page_Store/select_--Select--BA50)): 3 options of object 'Object Repository/lab/Page_Store/select_--Select--BA50' counted

2018-05-21 13:15:58 - [MESSAGE][PASSED] - 3 options of object 'Object Repository/lab/Page_Store/select_--Select--BA50' counted

2018-05-21 13:15:58 - [TEST_STEP][PASSED] - Statement - For ([g = 1, g <= BatchNumber - 1, (g++)]): null

2018-05-21 13:15:58 - [TEST_STEP][PASSED] - selectOptionByIndex: All options with index in [1] are selected on object 'Object Repository/lab/Page_Store/select_--Select--BA50'

2018-05-21 13:15:58 - [MESSAGE][PASSED] - All options with index in [1] are selected on object 'Object Repository/lab/Page_Store/select_--Select--BA50'

2018-05-21 13:15:58 - [TEST_STEP][PASSED] - Statement - Try: null

2018-05-21 13:15:58 - [TEST_STEP][PASSED] - Statement - StockQty = com.kms.katalon.core.webui.keyword.WebUiBuiltInKeywords.getAttribute(com.kms.katalon.core.testobject.ObjectRepository.findTestObject(lab/Page_Store/input_txtprice), "value"): Attribute 'value' of object 'Object Repository/lab/Page_Store/input_txtprice' is: '160'

2018-05-21 13:15:58 - [MESSAGE][PASSED] - Attribute 'value' of object 'Object Repository/lab/Page_Store/input_txtprice' is: '160'

2018-05-21 13:15:58 - [TEST_STEP][PASSED] - Statement - out.println("Stock QTY : " + StockQty): null

2018-05-21 13:15:58 - [TEST_STEP][PASSED] - delay: Delayed 2 second(s)

2018-05-21 13:16:00 - [MESSAGE][PASSED] - Delayed 2 second(s)

2018-05-21 13:16:00 - [TEST_STEP][PASSED] - Statement - If (java.lang.Integer.valueOf(StockQty) >= java.lang.Integer.valueOf(RequestedQty)): null

2018-05-21 13:16:00 - [TEST_STEP][PASSED] - setText: Text '10' is set on object 'Object Repository/lab/Page_Store/input_txtqty'

2018-05-21 13:16:01 - [MESSAGE][PASSED] - Text '10' is set on object 'Object Repository/lab/Page_Store/input_txtqty'

2018-05-21 13:16:01 - [TEST_STEP][PASSED] - click: Object: 'Object Repository/lab/Page_Store/button_Add' is clicked on

2018-05-21 13:16:06 - [MESSAGE][PASSED] - Object: 'Object Repository/lab/Page_Store/button_Add' is clicked on

2018-05-21 13:16:06 - [TEST_STEP][PASSED] - Statement - Break: null

2018-05-21 13:16:06 - [TEST_STEP][PASSED] - selectOptionByIndex: All options with index in [13] are selected on object 'Object Repository/lab/Page_Store/select_--Select--E.C.G. Jelly'

2018-05-21 13:16:06 - [MESSAGE][PASSED] - All options with index in [13] are selected on object 'Object Repository/lab/Page_Store/select_--Select--E.C.G. Jelly'

2018-05-21 13:16:06 - [TEST_STEP][PASSED] - delay: Delayed 2 second(s)

2018-05-21 13:16:08 - [MESSAGE][PASSED] - Delayed 2 second(s)

2018-05-21 13:16:08 - [TEST_STEP][PASSED] - Statement - RequestedQty = com.kms.katalon.core.webui.keyword.WebUiBuiltInKeywords.getAttribute(com.kms.katalon.core.testobject.ObjectRepository.findTestObject(lab/Page_Store/input_txttotal), "value"): Attribute 'value' of object 'Object Repository/lab/Page_Store/input_txttotal' is: '10'

2018-05-21 13:16:08 - [MESSAGE][PASSED] - Attribute 'value' of object 'Object Repository/lab/Page_Store/input_txttotal' is: '10'

2018-05-21 13:16:08 - [TEST_STEP][PASSED] - Statement - out.println("Requested QTY : " + RequestedQty): null

2018-05-21 13:16:08 - [TEST_STEP][PASSED] - Statement - BatchNumber = com.kms.katalon.core.webui.keyword.WebUiBuiltInKeywords.getNumberOfTotalOption(com.kms.katalon.core.testobject.ObjectRepository.findTestObject(lab/Page_Store/select_--Select--BA50)): 3 options of object 'Object Repository/lab/Page_Store/select_--Select--BA50' counted

2018-05-21 13:16:08 - [MESSAGE][PASSED] - 3 options of object 'Object Repository/lab/Page_Store/select_--Select--BA50' counted

2018-05-21 13:16:08 - [TEST_STEP][PASSED] - Statement - For ([g = 1, g <= BatchNumber - 1, (g++)]): null

2018-05-21 13:16:08 - [TEST_STEP][PASSED] - selectOptionByIndex: All options with index in [1] are selected on object 'Object Repository/lab/Page_Store/select_--Select--BA50'

2018-05-21 13:16:08 - [MESSAGE][PASSED] - All options with index in [1] are selected on object 'Object Repository/lab/Page_Store/select_--Select--BA50'

2018-05-21 13:16:08 - [TEST_STEP][PASSED] - Statement - Try: null

2018-05-21 13:16:08 - [TEST_STEP][PASSED] - Statement - StockQty = com.kms.katalon.core.webui.keyword.WebUiBuiltInKeywords.getAttribute(com.kms.katalon.core.testobject.ObjectRepository.findTestObject(lab/Page_Store/input_txtprice), "value"): Attribute 'value' of object 'Object Repository/lab/Page_Store/input_txtprice' is: '160'

2018-05-21 13:16:08 - [MESSAGE][PASSED] - Attribute 'value' of object 'Object Repository/lab/Page_Store/input_txtprice' is: '160'

2018-05-21 13:16:08 - [TEST_STEP][PASSED] - Statement - out.println("Stock QTY : " + StockQty): null

2018-05-21 13:16:08 - [TEST_STEP][PASSED] - delay: Delayed 2 second(s)

2018-05-21 13:16:10 - [MESSAGE][PASSED] - Delayed 2 second(s)

2018-05-21 13:16:10 - [TEST_STEP][PASSED] - Statement - If (java.lang.Integer.valueOf(StockQty) >= java.lang.Integer.valueOf(RequestedQty)): null

2018-05-21 13:16:10 - [TEST_STEP][PASSED] - setText: Text '10' is set on object 'Object Repository/lab/Page_Store/input_txtqty'

2018-05-21 13:16:10 - [MESSAGE][PASSED] - Text '10' is set on object 'Object Repository/lab/Page_Store/input_txtqty'

2018-05-21 13:16:10 - [TEST_STEP][PASSED] - click: Object: 'Object Repository/lab/Page_Store/button_Add' is clicked on

2018-05-21 13:16:15 - [MESSAGE][PASSED] - Object: 'Object Repository/lab/Page_Store/button_Add' is clicked on

2018-05-21 13:16:15 - [TEST_STEP][PASSED] - Statement - Break: null

2018-05-21 13:16:15 - [TEST_STEP][PASSED] - scrollToElement: Scroll to object 'Object Repository/lab/Page_Store/input_btnSubmit' successfully

2018-05-21 13:16:15 - [MESSAGE][PASSED] - Scroll to object 'Object Repository/lab/Page_Store/input_btnSubmit' successfully

2018-05-21 13:16:15 - [TEST_STEP][FAILED] - Statement - Try: Unable to click on object 'Object Repository/lab/Page_Store/button_OK' (Root cause: com.kms.katalon.core.webui.exception.WebElementNotFoundException: Web element with id: 'Object Repository/lab/Page_Store/button_OK' located by 'By.xpath: /html/body/div[5]/div/div/div[2]/button[count(. | //button[@type = 'button' and (text() = 'OK' or . = 'OK')]) = count(//button[@type = 'button' and (text() = 'OK' or . = 'OK')])]' not found)

2018-05-21 13:16:15 - [TEST_STEP][PASSED] - click: Object: 'Object Repository/lab/Page_Store/input_btnSubmit' is clicked on

2018-05-21 13:16:20 - [MESSAGE][PASSED] - Object: 'Object Repository/lab/Page_Store/input_btnSubmit' is clicked on

2018-05-21 13:16:20 - [TEST_STEP][PASSED] - delay: Delayed 3 second(s)

2018-05-21 13:16:23 - [MESSAGE][PASSED] - Delayed 3 second(s)

2018-05-21 13:16:23 - [TEST_STEP][PASSED] - click: Object: 'Object Repository/lab/Page_Store/button_OK' is clicked on

2018-05-21 13:16:30 - [MESSAGE][PASSED] - Object: 'Object Repository/lab/Page_Store/button_OK' is clicked on

2018-05-21 13:16:30 - [TEST_STEP][PASSED] - delay: Delayed 3 second(s)

2018-05-21 13:16:33 - [MESSAGE][PASSED] - Delayed 3 second(s)

2018-05-21 13:16:33 - [TEST_STEP][FAILED] - click: Unable to click on object 'Object Repository/lab/Page_Store/button_OK' (Root cause: com.kms.katalon.core.webui.exception.WebElementNotFoundException: Web element with id: 'Object Repository/lab/Page_Store/button_OK' located by 'By.xpath: /html/body/div[5]/div/div/div[2]/button[count(. | //button[@type = 'button' and (text() = 'OK' or . = 'OK')]) = count(//button[@type = 'button' and (text() = 'OK' or . = 'OK')])]' not found)

2018-05-21 13:17:04 - [MESSAGE][FAILED] - Unable to click on object 'Object Repository/lab/Page_Store/button_OK' (Root cause: com.kms.katalon.core.webui.exception.WebElementNotFoundException: Web element with id: 'Object Repository/lab/Page_Store/button_OK' located by 'By.xpath: /html/body/div[5]/div/div/div[2]/button[count(. | //button[@type = 'button' and (text() = 'OK' or . = 'OK')]) = count(//button[@type = 'button' and (text() = 'OK' or . = 'OK')])]' not found)
[[ATTACHMENT|C:\\Users\\Quality Analyst\\Katalon Studio\\ds\\Reports\\Investigation_Suite\\20180521_095838\\1526888824222.png]]

2018-05-21 13:17:04 - [TEST_STEP][FAILED] - Statement - Catch (Exception e): Unable to click on object 'Object Repository/lab/Page_Store/button_OK' (Root cause: com.kms.katalon.core.webui.exception.WebElementNotFoundException: Web element with id: 'Object Repository/lab/Page_Store/button_OK' located by 'By.xpath: /html/body/div[5]/div/div/div[2]/button[count(. | //button[@type = 'button' and (text() = 'OK' or . = 'OK')]) = count(//button[@type = 'button' and (text() = 'OK' or . = 'OK')])]' not found)

2018-05-21 13:17:04 - [TEST_STEP][FAILED] - click: Unable to click on object 'Object Repository/lab/Page_Store/button_OK' (Root cause: com.kms.katalon.core.webui.exception.WebElementNotFoundException: Web element with id: 'Object Repository/lab/Page_Store/button_OK' located by 'By.xpath: /html/body/div[5]/div/div/div[2]/button[count(. | //button[@type = 'button' and (text() = 'OK' or . = 'OK')]) = count(//button[@type = 'button' and (text() = 'OK' or . = 'OK')])]' not found)

2018-05-21 13:17:36 - [MESSAGE][FAILED] - Unable to click on object 'Object Repository/lab/Page_Store/button_OK' (Root cause: com.kms.katalon.core.webui.exception.WebElementNotFoundException: Web element with id: 'Object Repository/lab/Page_Store/button_OK' located by 'By.xpath: /html/body/div[5]/div/div/div[2]/button[count(. | //button[@type = 'button' and (text() = 'OK' or . = 'OK')]) = count(//button[@type = 'button' and (text() = 'OK' or . = 'OK')])]' not found)
[[ATTACHMENT|C:\\Users\\Quality Analyst\\Katalon Studio\\ds\\Reports\\Investigation_Suite\\20180521_095838\\1526888855939.png]]]]></system-out>
         <system-err><![CDATA[2018-05-21 13:13:06 - [TEST_CASE][FAILED] - Test Cases/INVESTIGATION TEST CASES/TC_INV_003 Verify Schedule 6 Investigation Request Are Working Successfully Or Not: Test Cases/INVESTIGATION TEST CASES/TC_INV_003 Verify Schedule 6 Investigation Request Are Working Successfully Or Not FAILED because (of) Unable to click on object 'Object Repository/lab/Page_Store/button_OK' (Root cause: com.kms.katalon.core.webui.exception.WebElementNotFoundException: Web element with id: 'Object Repository/lab/Page_Store/button_OK' located by 'By.xpath: /html/body/div[5]/div/div/div[2]/button[count(. | //button[@type = 'button' and (text() = 'OK' or . = 'OK')]) = count(//button[@type = 'button' and (text() = 'OK' or . = 'OK')])]' not found)]]></system-err>
      </testcase>
      <testcase name="Test Cases/INVESTIGATION TEST CASES/TC_INV_004 Verify Schedule 8 Investigation Request Are Working Successfully Or Not" classname="Test Cases/INVESTIGATION TEST CASES/TC_INV_004 Verify Schedule 8 Investigation Request Are Working Successfully Or Not" status="FAILED">
         <failure type="FAILED" message="Unable to maximize current window (Root cause: org.openqa.selenium.WebDriverException: unknown error: failed to change window state to maximized, current state is normal
  (Session info: chrome=66.0.3359.139)
  (Driver info: chromedriver=2.35.528161 (5b82f2d2aae0ca24b877009200ced9065a772e73),platform=Windows NT 10.0.17134 x86_64) (WARNING: The server did not provide any stacktrace information)
Command duration or timeout: 0 milliseconds
Build info: version: '3.7.1', revision: '8a0099a', time: '2017-11-06T21:07:36.161Z'
System info: host: 'DESKTOP-BLFTK83', ip: '192.168.71.2', os.name: 'Windows 10', os.arch: 'amd64', os.version: '10.0', java.version: '1.8.0_102'
Driver info: com.kms.katalon.selenium.driver.CChromeDriver
Capabilities {acceptInsecureCerts: false, acceptSslCerts: false, applicationCacheEnabled: false, browserConnectionEnabled: false, browserName: chrome, chrome: {chromedriverVersion: 2.35.528161 (5b82f2d2aae0ca..., userDataDir: C:\Users\QUALIT~1\AppData\L...}, cssSelectorsEnabled: true, databaseEnabled: false, handlesAlerts: true, hasTouchScreen: false, javascriptEnabled: true, locationContextEnabled: true, mobileEmulationEnabled: false, nativeEvents: true, networkConnectionEnabled: false, pageLoadStrategy: normal, platform: XP, platformName: XP, rotatable: false, setWindowRect: true, takesHeapSnapshot: true, takesScreenshot: true, unexpectedAlertBehaviour: , unhandledPromptBehavior: , version: 66.0.3359.139, webStorageEnabled: true}
Session ID: b133fc995d3ddebb247d02cd7f284cab)"/>
         <system-out><![CDATA[2018-05-21 13:17:36 - [TEST_CASE][FAILED] - Test Cases/INVESTIGATION TEST CASES/TC_INV_004 Verify Schedule 8 Investigation Request Are Working Successfully Or Not: Test Cases/INVESTIGATION TEST CASES/TC_INV_004 Verify Schedule 8 Investigation Request Are Working Successfully Or Not FAILED because (of) Unable to maximize current window (Root cause: org.openqa.selenium.WebDriverException: unknown error: failed to change window state to maximized, current state is normal
  (Session info: chrome=66.0.3359.139)
  (Driver info: chromedriver=2.35.528161 (5b82f2d2aae0ca24b877009200ced9065a772e73),platform=Windows NT 10.0.17134 x86_64) (WARNING: The server did not provide any stacktrace information)
Command duration or timeout: 0 milliseconds
Build info: version: '3.7.1', revision: '8a0099a', time: '2017-11-06T21:07:36.161Z'
System info: host: 'DESKTOP-BLFTK83', ip: '192.168.71.2', os.name: 'Windows 10', os.arch: 'amd64', os.version: '10.0', java.version: '1.8.0_102'
Driver info: com.kms.katalon.selenium.driver.CChromeDriver
Capabilities {acceptInsecureCerts: false, acceptSslCerts: false, applicationCacheEnabled: false, browserConnectionEnabled: false, browserName: chrome, chrome: {chromedriverVersion: 2.35.528161 (5b82f2d2aae0ca..., userDataDir: C:\Users\QUALIT~1\AppData\L...}, cssSelectorsEnabled: true, databaseEnabled: false, handlesAlerts: true, hasTouchScreen: false, javascriptEnabled: true, locationContextEnabled: true, mobileEmulationEnabled: false, nativeEvents: true, networkConnectionEnabled: false, pageLoadStrategy: normal, platform: XP, platformName: XP, rotatable: false, setWindowRect: true, takesHeapSnapshot: true, takesScreenshot: true, unexpectedAlertBehaviour: , unhandledPromptBehavior: , version: 66.0.3359.139, webStorageEnabled: true}
Session ID: b133fc995d3ddebb247d02cd7f284cab)

2018-05-21 13:17:36 - [TEST_STEP][PASSED] - openBrowser: Browser is opened with url: ''

2018-05-21 13:17:36 - [MESSAGE][WARNING] - A browser is already opened. Closing browser and opening a new one

2018-05-21 13:17:39 - [MESSAGE][PASSED] - Browser is opened with url: ''

2018-05-21 13:17:39 - [TEST_STEP][PASSED] - navigateToUrl: Navigate to 'http://192.168.137.1/multihospital_new/' successfully

2018-05-21 13:17:42 - [MESSAGE][PASSED] - Navigate to 'http://192.168.137.1/multihospital_new/' successfully

2018-05-21 13:17:42 - [TEST_STEP][PASSED] - Statement - out.println(" Verify Schedule 8 Investigation Request Are Working Successfully Or Not"): null

2018-05-21 13:17:42 - [TEST_STEP][FAILED] - maximizeWindow: Unable to maximize current window (Root cause: org.openqa.selenium.WebDriverException: unknown error: failed to change window state to maximized, current state is normal
  (Session info: chrome=66.0.3359.139)
  (Driver info: chromedriver=2.35.528161 (5b82f2d2aae0ca24b877009200ced9065a772e73),platform=Windows NT 10.0.17134 x86_64) (WARNING: The server did not provide any stacktrace information)
Command duration or timeout: 0 milliseconds
Build info: version: '3.7.1', revision: '8a0099a', time: '2017-11-06T21:07:36.161Z'
System info: host: 'DESKTOP-BLFTK83', ip: '192.168.71.2', os.name: 'Windows 10', os.arch: 'amd64', os.version: '10.0', java.version: '1.8.0_102'
Driver info: com.kms.katalon.selenium.driver.CChromeDriver
Capabilities {acceptInsecureCerts: false, acceptSslCerts: false, applicationCacheEnabled: false, browserConnectionEnabled: false, browserName: chrome, chrome: {chromedriverVersion: 2.35.528161 (5b82f2d2aae0ca..., userDataDir: C:\Users\QUALIT~1\AppData\L...}, cssSelectorsEnabled: true, databaseEnabled: false, handlesAlerts: true, hasTouchScreen: false, javascriptEnabled: true, locationContextEnabled: true, mobileEmulationEnabled: false, nativeEvents: true, networkConnectionEnabled: false, pageLoadStrategy: normal, platform: XP, platformName: XP, rotatable: false, setWindowRect: true, takesHeapSnapshot: true, takesScreenshot: true, unexpectedAlertBehaviour: , unhandledPromptBehavior: , version: 66.0.3359.139, webStorageEnabled: true}
Session ID: b133fc995d3ddebb247d02cd7f284cab)

2018-05-21 13:17:44 - [MESSAGE][FAILED] - Unable to maximize current window (Root cause: org.openqa.selenium.WebDriverException: unknown error: failed to change window state to maximized, current state is normal
  (Session info: chrome=66.0.3359.139)
  (Driver info: chromedriver=2.35.528161 (5b82f2d2aae0ca24b877009200ced9065a772e73),platform=Windows NT 10.0.17134 x86_64) (WARNING: The server did not provide any stacktrace information)
Command duration or timeout: 0 milliseconds
Build info: version: '3.7.1', revision: '8a0099a', time: '2017-11-06T21:07:36.161Z'
System info: host: 'DESKTOP-BLFTK83', ip: '192.168.71.2', os.name: 'Windows 10', os.arch: 'amd64', os.version: '10.0', java.version: '1.8.0_102'
Driver info: com.kms.katalon.selenium.driver.CChromeDriver
Capabilities {acceptInsecureCerts: false, acceptSslCerts: false, applicationCacheEnabled: false, browserConnectionEnabled: false, browserName: chrome, chrome: {chromedriverVersion: 2.35.528161 (5b82f2d2aae0ca..., userDataDir: C:\Users\QUALIT~1\AppData\L...}, cssSelectorsEnabled: true, databaseEnabled: false, handlesAlerts: true, hasTouchScreen: false, javascriptEnabled: true, locationContextEnabled: true, mobileEmulationEnabled: false, nativeEvents: true, networkConnectionEnabled: false, pageLoadStrategy: normal, platform: XP, platformName: XP, rotatable: false, setWindowRect: true, takesHeapSnapshot: true, takesScreenshot: true, unexpectedAlertBehaviour: , unhandledPromptBehavior: , version: 66.0.3359.139, webStorageEnabled: true}
Session ID: b133fc995d3ddebb247d02cd7f284cab)
[[ATTACHMENT|C:\\Users\\Quality Analyst\\Katalon Studio\\ds\\Reports\\Investigation_Suite\\20180521_095838\\1526888863658.png]]]]></system-out>
         <system-err><![CDATA[2018-05-21 13:17:36 - [TEST_CASE][FAILED] - Test Cases/INVESTIGATION TEST CASES/TC_INV_004 Verify Schedule 8 Investigation Request Are Working Successfully Or Not: Test Cases/INVESTIGATION TEST CASES/TC_INV_004 Verify Schedule 8 Investigation Request Are Working Successfully Or Not FAILED because (of) Unable to maximize current window (Root cause: org.openqa.selenium.WebDriverException: unknown error: failed to change window state to maximized, current state is normal
  (Session info: chrome=66.0.3359.139)
  (Driver info: chromedriver=2.35.528161 (5b82f2d2aae0ca24b877009200ced9065a772e73),platform=Windows NT 10.0.17134 x86_64) (WARNING: The server did not provide any stacktrace information)
Command duration or timeout: 0 milliseconds
Build info: version: '3.7.1', revision: '8a0099a', time: '2017-11-06T21:07:36.161Z'
System info: host: 'DESKTOP-BLFTK83', ip: '192.168.71.2', os.name: 'Windows 10', os.arch: 'amd64', os.version: '10.0', java.version: '1.8.0_102'
Driver info: com.kms.katalon.selenium.driver.CChromeDriver
Capabilities {acceptInsecureCerts: false, acceptSslCerts: false, applicationCacheEnabled: false, browserConnectionEnabled: false, browserName: chrome, chrome: {chromedriverVersion: 2.35.528161 (5b82f2d2aae0ca..., userDataDir: C:\Users\QUALIT~1\AppData\L...}, cssSelectorsEnabled: true, databaseEnabled: false, handlesAlerts: true, hasTouchScreen: false, javascriptEnabled: true, locationContextEnabled: true, mobileEmulationEnabled: false, nativeEvents: true, networkConnectionEnabled: false, pageLoadStrategy: normal, platform: XP, platformName: XP, rotatable: false, setWindowRect: true, takesHeapSnapshot: true, takesScreenshot: true, unexpectedAlertBehaviour: , unhandledPromptBehavior: , version: 66.0.3359.139, webStorageEnabled: true}
Session ID: b133fc995d3ddebb247d02cd7f284cab)]]></system-err>
      </testcase>
      <testcase name="Test Cases/INVESTIGATION TEST CASES/TC_INV_005 Verify Schedule 10 Investigation Request Are Working Successfully Or No" classname="Test Cases/INVESTIGATION TEST CASES/TC_INV_005 Verify Schedule 10 Investigation Request Are Working Successfully Or No" status="FAILED">
         <failure type="FAILED" message="Unable to click on object 'Object Repository/lab/Page_KDMC/a_CMO' (Root cause: org.openqa.selenium.WebDriverException: unknown error: Element &lt;a href=&quot;...Login.aspx&quot; title=&quot;Chief Medical Officers&quot;>CMO&lt;/a> is not clickable at point (1338, 529). Other element would receive the click: &lt;div class=&quot;modal-backdrop fade&quot;>&lt;/div>
  (Session info: chrome=66.0.3359.139)
  (Driver info: chromedriver=2.35.528161 (5b82f2d2aae0ca24b877009200ced9065a772e73),platform=Windows NT 10.0.17134 x86_64) (WARNING: The server did not provide any stacktrace information)
Command duration or timeout: 0 milliseconds
Build info: version: '3.7.1', revision: '8a0099a', time: '2017-11-06T21:07:36.161Z'
System info: host: 'DESKTOP-BLFTK83', ip: '192.168.71.2', os.name: 'Windows 10', os.arch: 'amd64', os.version: '10.0', java.version: '1.8.0_102'
Driver info: com.kms.katalon.selenium.driver.CChromeDriver
Capabilities {acceptInsecureCerts: false, acceptSslCerts: false, applicationCacheEnabled: false, browserConnectionEnabled: false, browserName: chrome, chrome: {chromedriverVersion: 2.35.528161 (5b82f2d2aae0ca..., userDataDir: C:\Users\QUALIT~1\AppData\L...}, cssSelectorsEnabled: true, databaseEnabled: false, handlesAlerts: true, hasTouchScreen: false, javascriptEnabled: true, locationContextEnabled: true, mobileEmulationEnabled: false, nativeEvents: true, networkConnectionEnabled: false, pageLoadStrategy: normal, platform: XP, platformName: XP, rotatable: false, setWindowRect: true, takesHeapSnapshot: true, takesScreenshot: true, unexpectedAlertBehaviour: , unhandledPromptBehavior: , version: 66.0.3359.139, webStorageEnabled: true}
Session ID: 207bea63e825b4853c4460c27dd9d7ca)"/>
         <system-out><![CDATA[2018-05-21 13:17:44 - [TEST_CASE][FAILED] - Test Cases/INVESTIGATION TEST CASES/TC_INV_005 Verify Schedule 10 Investigation Request Are Working Successfully Or No: Test Cases/INVESTIGATION TEST CASES/TC_INV_005 Verify Schedule 10 Investigation Request Are Working Successfully Or No FAILED because (of) Unable to click on object 'Object Repository/lab/Page_KDMC/a_CMO' (Root cause: org.openqa.selenium.WebDriverException: unknown error: Element <a href="...Login.aspx" title="Chief Medical Officers">CMO</a> is not clickable at point (1338, 529). Other element would receive the click: <div class="modal-backdrop fade"></div>
  (Session info: chrome=66.0.3359.139)
  (Driver info: chromedriver=2.35.528161 (5b82f2d2aae0ca24b877009200ced9065a772e73),platform=Windows NT 10.0.17134 x86_64) (WARNING: The server did not provide any stacktrace information)
Command duration or timeout: 0 milliseconds
Build info: version: '3.7.1', revision: '8a0099a', time: '2017-11-06T21:07:36.161Z'
System info: host: 'DESKTOP-BLFTK83', ip: '192.168.71.2', os.name: 'Windows 10', os.arch: 'amd64', os.version: '10.0', java.version: '1.8.0_102'
Driver info: com.kms.katalon.selenium.driver.CChromeDriver
Capabilities {acceptInsecureCerts: false, acceptSslCerts: false, applicationCacheEnabled: false, browserConnectionEnabled: false, browserName: chrome, chrome: {chromedriverVersion: 2.35.528161 (5b82f2d2aae0ca..., userDataDir: C:\Users\QUALIT~1\AppData\L...}, cssSelectorsEnabled: true, databaseEnabled: false, handlesAlerts: true, hasTouchScreen: false, javascriptEnabled: true, locationContextEnabled: true, mobileEmulationEnabled: false, nativeEvents: true, networkConnectionEnabled: false, pageLoadStrategy: normal, platform: XP, platformName: XP, rotatable: false, setWindowRect: true, takesHeapSnapshot: true, takesScreenshot: true, unexpectedAlertBehaviour: , unhandledPromptBehavior: , version: 66.0.3359.139, webStorageEnabled: true}
Session ID: 207bea63e825b4853c4460c27dd9d7ca)

2018-05-21 13:17:44 - [TEST_STEP][PASSED] - openBrowser: Browser is opened with url: ''

2018-05-21 13:17:44 - [MESSAGE][WARNING] - A browser is already opened. Closing browser and opening a new one

2018-05-21 13:17:47 - [MESSAGE][PASSED] - Browser is opened with url: ''

2018-05-21 13:17:47 - [TEST_STEP][PASSED] - navigateToUrl: Navigate to 'http://192.168.137.1/multihospital_new/' successfully

2018-05-21 13:17:49 - [MESSAGE][PASSED] - Navigate to 'http://192.168.137.1/multihospital_new/' successfully

2018-05-21 13:17:49 - [TEST_STEP][PASSED] - Statement - out.println(" Verify Schedule 10 Investigation Request Are Working Successfully Or Not"): null

2018-05-21 13:17:49 - [TEST_STEP][PASSED] - maximizeWindow: Current window maximized

2018-05-21 13:17:51 - [MESSAGE][PASSED] - Current window maximized

2018-05-21 13:17:51 - [TEST_STEP][PASSED] - click: Object: 'Object Repository/lab/Page_KDMC/a_Investigation' is clicked on

2018-05-21 13:17:51 - [MESSAGE][PASSED] - Object: 'Object Repository/lab/Page_KDMC/a_Investigation' is clicked on

2018-05-21 13:17:51 - [TEST_STEP][PASSED] - setText: Text 'manoj' is set on object 'Object Repository/lab/Page_Investigation login/input_txtusername'

2018-05-21 13:17:51 - [MESSAGE][PASSED] - Text 'manoj' is set on object 'Object Repository/lab/Page_Investigation login/input_txtusername'

2018-05-21 13:17:51 - [TEST_STEP][PASSED] - setText: Text '123' is set on object 'Object Repository/lab/Page_Investigation login/input_txtpassword'

2018-05-21 13:17:51 - [MESSAGE][PASSED] - Text '123' is set on object 'Object Repository/lab/Page_Investigation login/input_txtpassword'

2018-05-21 13:17:51 - [TEST_STEP][PASSED] - delay: Delayed 3 second(s)

2018-05-21 13:17:54 - [MESSAGE][PASSED] - Delayed 3 second(s)

2018-05-21 13:17:54 - [TEST_STEP][PASSED] - click: Object: 'Object Repository/lab/Page_Investigation login/button_Sign in' is clicked on

2018-05-21 13:17:55 - [MESSAGE][PASSED] - Object: 'Object Repository/lab/Page_Investigation login/button_Sign in' is clicked on

2018-05-21 13:17:55 - [TEST_STEP][PASSED] - click: Object: 'Object Repository/lab/Page_KDMC/a_Store Request' is clicked on

2018-05-21 13:17:57 - [MESSAGE][PASSED] - Object: 'Object Repository/lab/Page_KDMC/a_Store Request' is clicked on

2018-05-21 13:17:57 - [TEST_STEP][PASSED] - delay: Delayed 2 second(s)

2018-05-21 13:17:59 - [MESSAGE][PASSED] - Delayed 2 second(s)

2018-05-21 13:17:59 - [TEST_STEP][PASSED] - click: Object: 'Object Repository/lab/Page_KDMC/a_Medicine Request' is clicked on

2018-05-21 13:17:59 - [MESSAGE][PASSED] - Object: 'Object Repository/lab/Page_KDMC/a_Medicine Request' is clicked on

2018-05-21 13:17:59 - [TEST_STEP][PASSED] - selectOptionByIndex: All options with index in [5] are selected on object 'Object Repository/lab/Page_KDMC/select_--Select--Schedule 4X-r'

2018-05-21 13:18:00 - [MESSAGE][PASSED] - All options with index in [5] are selected on object 'Object Repository/lab/Page_KDMC/select_--Select--Schedule 4X-r'

2018-05-21 13:18:00 - [TEST_STEP][PASSED] - Statement - medicineslength = com.kms.katalon.core.webui.keyword.WebUiBuiltInKeywords.getNumberOfTotalOption(com.kms.katalon.core.testobject.ObjectRepository.findTestObject(lab/Page_KDMC/select_--Select--Automatic x-r)): 19 options of object 'Object Repository/lab/Page_KDMC/select_--Select--Automatic x-r' counted

2018-05-21 13:18:00 - [MESSAGE][PASSED] - 19 options of object 'Object Repository/lab/Page_KDMC/select_--Select--Automatic x-r' counted

2018-05-21 13:18:00 - [TEST_STEP][PASSED] - Statement - For ([e = 1, e < medicineslength, (e++)]): Object: 'Object Repository/lab/Page_KDMC/button_Add' is clicked on

2018-05-21 13:18:00 - [TEST_STEP][PASSED] - selectOptionByIndex: All options with index in [5] are selected on object 'Object Repository/lab/Page_KDMC/select_--Select--Schedule 4X-r'

2018-05-21 13:18:00 - [MESSAGE][PASSED] - All options with index in [5] are selected on object 'Object Repository/lab/Page_KDMC/select_--Select--Schedule 4X-r'

2018-05-21 13:18:00 - [TEST_STEP][PASSED] - selectOptionByIndex: All options with index in [1] are selected on object 'Object Repository/lab/Page_KDMC/select_--Select--Automatic x-r'

2018-05-21 13:18:00 - [MESSAGE][PASSED] - All options with index in [1] are selected on object 'Object Repository/lab/Page_KDMC/select_--Select--Automatic x-r'

2018-05-21 13:18:00 - [TEST_STEP][PASSED] - setText: Text '10' is set on object 'Object Repository/lab/Page_KDMC/input_txttreat'

2018-05-21 13:18:00 - [MESSAGE][PASSED] - Text '10' is set on object 'Object Repository/lab/Page_KDMC/input_txttreat'

2018-05-21 13:18:00 - [TEST_STEP][PASSED] - click: Object: 'Object Repository/lab/Page_KDMC/button_Add' is clicked on

2018-05-21 13:18:05 - [MESSAGE][PASSED] - Object: 'Object Repository/lab/Page_KDMC/button_Add' is clicked on

2018-05-21 13:18:05 - [TEST_STEP][PASSED] - selectOptionByIndex: All options with index in [5] are selected on object 'Object Repository/lab/Page_KDMC/select_--Select--Schedule 4X-r'

2018-05-21 13:18:06 - [MESSAGE][PASSED] - All options with index in [5] are selected on object 'Object Repository/lab/Page_KDMC/select_--Select--Schedule 4X-r'

2018-05-21 13:18:06 - [TEST_STEP][PASSED] - selectOptionByIndex: All options with index in [2] are selected on object 'Object Repository/lab/Page_KDMC/select_--Select--Automatic x-r'

2018-05-21 13:18:06 - [MESSAGE][PASSED] - All options with index in [2] are selected on object 'Object Repository/lab/Page_KDMC/select_--Select--Automatic x-r'

2018-05-21 13:18:06 - [TEST_STEP][PASSED] - setText: Text '10' is set on object 'Object Repository/lab/Page_KDMC/input_txttreat'

2018-05-21 13:18:06 - [MESSAGE][PASSED] - Text '10' is set on object 'Object Repository/lab/Page_KDMC/input_txttreat'

2018-05-21 13:18:06 - [TEST_STEP][PASSED] - click: Object: 'Object Repository/lab/Page_KDMC/button_Add' is clicked on

2018-05-21 13:18:11 - [MESSAGE][PASSED] - Object: 'Object Repository/lab/Page_KDMC/button_Add' is clicked on

2018-05-21 13:18:11 - [TEST_STEP][PASSED] - selectOptionByIndex: All options with index in [5] are selected on object 'Object Repository/lab/Page_KDMC/select_--Select--Schedule 4X-r'

2018-05-21 13:18:11 - [MESSAGE][PASSED] - All options with index in [5] are selected on object 'Object Repository/lab/Page_KDMC/select_--Select--Schedule 4X-r'

2018-05-21 13:18:11 - [TEST_STEP][PASSED] - selectOptionByIndex: All options with index in [3] are selected on object 'Object Repository/lab/Page_KDMC/select_--Select--Automatic x-r'

2018-05-21 13:18:11 - [MESSAGE][PASSED] - All options with index in [3] are selected on object 'Object Repository/lab/Page_KDMC/select_--Select--Automatic x-r'

2018-05-21 13:18:11 - [TEST_STEP][PASSED] - setText: Text '10' is set on object 'Object Repository/lab/Page_KDMC/input_txttreat'

2018-05-21 13:18:11 - [MESSAGE][PASSED] - Text '10' is set on object 'Object Repository/lab/Page_KDMC/input_txttreat'

2018-05-21 13:18:11 - [TEST_STEP][PASSED] - click: Object: 'Object Repository/lab/Page_KDMC/button_Add' is clicked on

2018-05-21 13:18:16 - [MESSAGE][PASSED] - Object: 'Object Repository/lab/Page_KDMC/button_Add' is clicked on

2018-05-21 13:18:16 - [TEST_STEP][PASSED] - selectOptionByIndex: All options with index in [5] are selected on object 'Object Repository/lab/Page_KDMC/select_--Select--Schedule 4X-r'

2018-05-21 13:18:17 - [MESSAGE][PASSED] - All options with index in [5] are selected on object 'Object Repository/lab/Page_KDMC/select_--Select--Schedule 4X-r'

2018-05-21 13:18:17 - [TEST_STEP][PASSED] - selectOptionByIndex: All options with index in [4] are selected on object 'Object Repository/lab/Page_KDMC/select_--Select--Automatic x-r'

2018-05-21 13:18:17 - [MESSAGE][PASSED] - All options with index in [4] are selected on object 'Object Repository/lab/Page_KDMC/select_--Select--Automatic x-r'

2018-05-21 13:18:17 - [TEST_STEP][PASSED] - setText: Text '10' is set on object 'Object Repository/lab/Page_KDMC/input_txttreat'

2018-05-21 13:18:17 - [MESSAGE][PASSED] - Text '10' is set on object 'Object Repository/lab/Page_KDMC/input_txttreat'

2018-05-21 13:18:17 - [TEST_STEP][PASSED] - click: Object: 'Object Repository/lab/Page_KDMC/button_Add' is clicked on

2018-05-21 13:18:22 - [MESSAGE][PASSED] - Object: 'Object Repository/lab/Page_KDMC/button_Add' is clicked on

2018-05-21 13:18:22 - [TEST_STEP][PASSED] - selectOptionByIndex: All options with index in [5] are selected on object 'Object Repository/lab/Page_KDMC/select_--Select--Schedule 4X-r'

2018-05-21 13:18:22 - [MESSAGE][PASSED] - All options with index in [5] are selected on object 'Object Repository/lab/Page_KDMC/select_--Select--Schedule 4X-r'

2018-05-21 13:18:22 - [TEST_STEP][PASSED] - selectOptionByIndex: All options with index in [5] are selected on object 'Object Repository/lab/Page_KDMC/select_--Select--Automatic x-r'

2018-05-21 13:18:22 - [MESSAGE][PASSED] - All options with index in [5] are selected on object 'Object Repository/lab/Page_KDMC/select_--Select--Automatic x-r'

2018-05-21 13:18:22 - [TEST_STEP][PASSED] - setText: Text '10' is set on object 'Object Repository/lab/Page_KDMC/input_txttreat'

2018-05-21 13:18:22 - [MESSAGE][PASSED] - Text '10' is set on object 'Object Repository/lab/Page_KDMC/input_txttreat'

2018-05-21 13:18:22 - [TEST_STEP][PASSED] - click: Object: 'Object Repository/lab/Page_KDMC/button_Add' is clicked on

2018-05-21 13:18:27 - [MESSAGE][PASSED] - Object: 'Object Repository/lab/Page_KDMC/button_Add' is clicked on

2018-05-21 13:18:27 - [TEST_STEP][PASSED] - selectOptionByIndex: All options with index in [5] are selected on object 'Object Repository/lab/Page_KDMC/select_--Select--Schedule 4X-r'

2018-05-21 13:18:27 - [MESSAGE][PASSED] - All options with index in [5] are selected on object 'Object Repository/lab/Page_KDMC/select_--Select--Schedule 4X-r'

2018-05-21 13:18:27 - [TEST_STEP][PASSED] - selectOptionByIndex: All options with index in [6] are selected on object 'Object Repository/lab/Page_KDMC/select_--Select--Automatic x-r'

2018-05-21 13:18:28 - [MESSAGE][PASSED] - All options with index in [6] are selected on object 'Object Repository/lab/Page_KDMC/select_--Select--Automatic x-r'

2018-05-21 13:18:28 - [TEST_STEP][PASSED] - setText: Text '10' is set on object 'Object Repository/lab/Page_KDMC/input_txttreat'

2018-05-21 13:18:28 - [MESSAGE][PASSED] - Text '10' is set on object 'Object Repository/lab/Page_KDMC/input_txttreat'

2018-05-21 13:18:28 - [TEST_STEP][PASSED] - click: Object: 'Object Repository/lab/Page_KDMC/button_Add' is clicked on

2018-05-21 13:18:33 - [MESSAGE][PASSED] - Object: 'Object Repository/lab/Page_KDMC/button_Add' is clicked on

2018-05-21 13:18:33 - [TEST_STEP][PASSED] - selectOptionByIndex: All options with index in [5] are selected on object 'Object Repository/lab/Page_KDMC/select_--Select--Schedule 4X-r'

2018-05-21 13:18:33 - [MESSAGE][PASSED] - All options with index in [5] are selected on object 'Object Repository/lab/Page_KDMC/select_--Select--Schedule 4X-r'

2018-05-21 13:18:33 - [TEST_STEP][PASSED] - selectOptionByIndex: All options with index in [7] are selected on object 'Object Repository/lab/Page_KDMC/select_--Select--Automatic x-r'

2018-05-21 13:18:33 - [MESSAGE][PASSED] - All options with index in [7] are selected on object 'Object Repository/lab/Page_KDMC/select_--Select--Automatic x-r'

2018-05-21 13:18:33 - [TEST_STEP][PASSED] - setText: Text '10' is set on object 'Object Repository/lab/Page_KDMC/input_txttreat'

2018-05-21 13:18:33 - [MESSAGE][PASSED] - Text '10' is set on object 'Object Repository/lab/Page_KDMC/input_txttreat'

2018-05-21 13:18:33 - [TEST_STEP][PASSED] - click: Object: 'Object Repository/lab/Page_KDMC/button_Add' is clicked on

2018-05-21 13:18:38 - [MESSAGE][PASSED] - Object: 'Object Repository/lab/Page_KDMC/button_Add' is clicked on

2018-05-21 13:18:38 - [TEST_STEP][PASSED] - selectOptionByIndex: All options with index in [5] are selected on object 'Object Repository/lab/Page_KDMC/select_--Select--Schedule 4X-r'

2018-05-21 13:18:39 - [MESSAGE][PASSED] - All options with index in [5] are selected on object 'Object Repository/lab/Page_KDMC/select_--Select--Schedule 4X-r'

2018-05-21 13:18:39 - [TEST_STEP][PASSED] - selectOptionByIndex: All options with index in [8] are selected on object 'Object Repository/lab/Page_KDMC/select_--Select--Automatic x-r'

2018-05-21 13:18:39 - [MESSAGE][PASSED] - All options with index in [8] are selected on object 'Object Repository/lab/Page_KDMC/select_--Select--Automatic x-r'

2018-05-21 13:18:39 - [TEST_STEP][PASSED] - setText: Text '10' is set on object 'Object Repository/lab/Page_KDMC/input_txttreat'

2018-05-21 13:18:39 - [MESSAGE][PASSED] - Text '10' is set on object 'Object Repository/lab/Page_KDMC/input_txttreat'

2018-05-21 13:18:39 - [TEST_STEP][PASSED] - click: Object: 'Object Repository/lab/Page_KDMC/button_Add' is clicked on

2018-05-21 13:18:44 - [MESSAGE][PASSED] - Object: 'Object Repository/lab/Page_KDMC/button_Add' is clicked on

2018-05-21 13:18:44 - [TEST_STEP][PASSED] - selectOptionByIndex: All options with index in [5] are selected on object 'Object Repository/lab/Page_KDMC/select_--Select--Schedule 4X-r'

2018-05-21 13:18:44 - [MESSAGE][PASSED] - All options with index in [5] are selected on object 'Object Repository/lab/Page_KDMC/select_--Select--Schedule 4X-r'

2018-05-21 13:18:44 - [TEST_STEP][PASSED] - selectOptionByIndex: All options with index in [9] are selected on object 'Object Repository/lab/Page_KDMC/select_--Select--Automatic x-r'

2018-05-21 13:18:44 - [MESSAGE][PASSED] - All options with index in [9] are selected on object 'Object Repository/lab/Page_KDMC/select_--Select--Automatic x-r'

2018-05-21 13:18:44 - [TEST_STEP][PASSED] - setText: Text '10' is set on object 'Object Repository/lab/Page_KDMC/input_txttreat'

2018-05-21 13:18:44 - [MESSAGE][PASSED] - Text '10' is set on object 'Object Repository/lab/Page_KDMC/input_txttreat'

2018-05-21 13:18:44 - [TEST_STEP][PASSED] - click: Object: 'Object Repository/lab/Page_KDMC/button_Add' is clicked on

2018-05-21 13:18:49 - [MESSAGE][PASSED] - Object: 'Object Repository/lab/Page_KDMC/button_Add' is clicked on

2018-05-21 13:18:49 - [TEST_STEP][PASSED] - selectOptionByIndex: All options with index in [5] are selected on object 'Object Repository/lab/Page_KDMC/select_--Select--Schedule 4X-r'

2018-05-21 13:18:50 - [MESSAGE][PASSED] - All options with index in [5] are selected on object 'Object Repository/lab/Page_KDMC/select_--Select--Schedule 4X-r'

2018-05-21 13:18:50 - [TEST_STEP][PASSED] - selectOptionByIndex: All options with index in [10] are selected on object 'Object Repository/lab/Page_KDMC/select_--Select--Automatic x-r'

2018-05-21 13:18:50 - [MESSAGE][PASSED] - All options with index in [10] are selected on object 'Object Repository/lab/Page_KDMC/select_--Select--Automatic x-r'

2018-05-21 13:18:50 - [TEST_STEP][PASSED] - setText: Text '10' is set on object 'Object Repository/lab/Page_KDMC/input_txttreat'

2018-05-21 13:18:50 - [MESSAGE][PASSED] - Text '10' is set on object 'Object Repository/lab/Page_KDMC/input_txttreat'

2018-05-21 13:18:50 - [TEST_STEP][PASSED] - click: Object: 'Object Repository/lab/Page_KDMC/button_Add' is clicked on

2018-05-21 13:18:55 - [MESSAGE][PASSED] - Object: 'Object Repository/lab/Page_KDMC/button_Add' is clicked on

2018-05-21 13:18:55 - [TEST_STEP][PASSED] - selectOptionByIndex: All options with index in [5] are selected on object 'Object Repository/lab/Page_KDMC/select_--Select--Schedule 4X-r'

2018-05-21 13:18:55 - [MESSAGE][PASSED] - All options with index in [5] are selected on object 'Object Repository/lab/Page_KDMC/select_--Select--Schedule 4X-r'

2018-05-21 13:18:55 - [TEST_STEP][PASSED] - selectOptionByIndex: All options with index in [11] are selected on object 'Object Repository/lab/Page_KDMC/select_--Select--Automatic x-r'

2018-05-21 13:18:55 - [MESSAGE][PASSED] - All options with index in [11] are selected on object 'Object Repository/lab/Page_KDMC/select_--Select--Automatic x-r'

2018-05-21 13:18:55 - [TEST_STEP][PASSED] - setText: Text '10' is set on object 'Object Repository/lab/Page_KDMC/input_txttreat'

2018-05-21 13:18:55 - [MESSAGE][PASSED] - Text '10' is set on object 'Object Repository/lab/Page_KDMC/input_txttreat'

2018-05-21 13:18:55 - [TEST_STEP][PASSED] - click: Object: 'Object Repository/lab/Page_KDMC/button_Add' is clicked on

2018-05-21 13:19:00 - [MESSAGE][PASSED] - Object: 'Object Repository/lab/Page_KDMC/button_Add' is clicked on

2018-05-21 13:19:00 - [TEST_STEP][PASSED] - selectOptionByIndex: All options with index in [5] are selected on object 'Object Repository/lab/Page_KDMC/select_--Select--Schedule 4X-r'

2018-05-21 13:19:01 - [MESSAGE][PASSED] - All options with index in [5] are selected on object 'Object Repository/lab/Page_KDMC/select_--Select--Schedule 4X-r'

2018-05-21 13:19:01 - [TEST_STEP][PASSED] - selectOptionByIndex: All options with index in [12] are selected on object 'Object Repository/lab/Page_KDMC/select_--Select--Automatic x-r'

2018-05-21 13:19:01 - [MESSAGE][PASSED] - All options with index in [12] are selected on object 'Object Repository/lab/Page_KDMC/select_--Select--Automatic x-r'

2018-05-21 13:19:01 - [TEST_STEP][PASSED] - setText: Text '10' is set on object 'Object Repository/lab/Page_KDMC/input_txttreat'

2018-05-21 13:19:01 - [MESSAGE][PASSED] - Text '10' is set on object 'Object Repository/lab/Page_KDMC/input_txttreat'

2018-05-21 13:19:01 - [TEST_STEP][PASSED] - click: Object: 'Object Repository/lab/Page_KDMC/button_Add' is clicked on

2018-05-21 13:19:06 - [MESSAGE][PASSED] - Object: 'Object Repository/lab/Page_KDMC/button_Add' is clicked on

2018-05-21 13:19:06 - [TEST_STEP][PASSED] - selectOptionByIndex: All options with index in [5] are selected on object 'Object Repository/lab/Page_KDMC/select_--Select--Schedule 4X-r'

2018-05-21 13:19:06 - [MESSAGE][PASSED] - All options with index in [5] are selected on object 'Object Repository/lab/Page_KDMC/select_--Select--Schedule 4X-r'

2018-05-21 13:19:06 - [TEST_STEP][PASSED] - selectOptionByIndex: All options with index in [13] are selected on object 'Object Repository/lab/Page_KDMC/select_--Select--Automatic x-r'

2018-05-21 13:19:06 - [MESSAGE][PASSED] - All options with index in [13] are selected on object 'Object Repository/lab/Page_KDMC/select_--Select--Automatic x-r'

2018-05-21 13:19:06 - [TEST_STEP][PASSED] - setText: Text '10' is set on object 'Object Repository/lab/Page_KDMC/input_txttreat'

2018-05-21 13:19:06 - [MESSAGE][PASSED] - Text '10' is set on object 'Object Repository/lab/Page_KDMC/input_txttreat'

2018-05-21 13:19:06 - [TEST_STEP][PASSED] - click: Object: 'Object Repository/lab/Page_KDMC/button_Add' is clicked on

2018-05-21 13:19:12 - [MESSAGE][PASSED] - Object: 'Object Repository/lab/Page_KDMC/button_Add' is clicked on

2018-05-21 13:19:12 - [TEST_STEP][PASSED] - selectOptionByIndex: All options with index in [5] are selected on object 'Object Repository/lab/Page_KDMC/select_--Select--Schedule 4X-r'

2018-05-21 13:19:12 - [MESSAGE][PASSED] - All options with index in [5] are selected on object 'Object Repository/lab/Page_KDMC/select_--Select--Schedule 4X-r'

2018-05-21 13:19:12 - [TEST_STEP][PASSED] - selectOptionByIndex: All options with index in [14] are selected on object 'Object Repository/lab/Page_KDMC/select_--Select--Automatic x-r'

2018-05-21 13:19:12 - [MESSAGE][PASSED] - All options with index in [14] are selected on object 'Object Repository/lab/Page_KDMC/select_--Select--Automatic x-r'

2018-05-21 13:19:12 - [TEST_STEP][PASSED] - setText: Text '10' is set on object 'Object Repository/lab/Page_KDMC/input_txttreat'

2018-05-21 13:19:12 - [MESSAGE][PASSED] - Text '10' is set on object 'Object Repository/lab/Page_KDMC/input_txttreat'

2018-05-21 13:19:12 - [TEST_STEP][PASSED] - click: Object: 'Object Repository/lab/Page_KDMC/button_Add' is clicked on

2018-05-21 13:19:17 - [MESSAGE][PASSED] - Object: 'Object Repository/lab/Page_KDMC/button_Add' is clicked on

2018-05-21 13:19:17 - [TEST_STEP][PASSED] - selectOptionByIndex: All options with index in [5] are selected on object 'Object Repository/lab/Page_KDMC/select_--Select--Schedule 4X-r'

2018-05-21 13:19:17 - [MESSAGE][PASSED] - All options with index in [5] are selected on object 'Object Repository/lab/Page_KDMC/select_--Select--Schedule 4X-r'

2018-05-21 13:19:17 - [TEST_STEP][PASSED] - selectOptionByIndex: All options with index in [15] are selected on object 'Object Repository/lab/Page_KDMC/select_--Select--Automatic x-r'

2018-05-21 13:19:18 - [MESSAGE][PASSED] - All options with index in [15] are selected on object 'Object Repository/lab/Page_KDMC/select_--Select--Automatic x-r'

2018-05-21 13:19:18 - [TEST_STEP][PASSED] - setText: Text '10' is set on object 'Object Repository/lab/Page_KDMC/input_txttreat'

2018-05-21 13:19:18 - [MESSAGE][PASSED] - Text '10' is set on object 'Object Repository/lab/Page_KDMC/input_txttreat'

2018-05-21 13:19:18 - [TEST_STEP][PASSED] - click: Object: 'Object Repository/lab/Page_KDMC/button_Add' is clicked on

2018-05-21 13:19:23 - [MESSAGE][PASSED] - Object: 'Object Repository/lab/Page_KDMC/button_Add' is clicked on

2018-05-21 13:19:23 - [TEST_STEP][PASSED] - selectOptionByIndex: All options with index in [5] are selected on object 'Object Repository/lab/Page_KDMC/select_--Select--Schedule 4X-r'

2018-05-21 13:19:23 - [MESSAGE][PASSED] - All options with index in [5] are selected on object 'Object Repository/lab/Page_KDMC/select_--Select--Schedule 4X-r'

2018-05-21 13:19:23 - [TEST_STEP][PASSED] - selectOptionByIndex: All options with index in [16] are selected on object 'Object Repository/lab/Page_KDMC/select_--Select--Automatic x-r'

2018-05-21 13:19:23 - [MESSAGE][PASSED] - All options with index in [16] are selected on object 'Object Repository/lab/Page_KDMC/select_--Select--Automatic x-r'

2018-05-21 13:19:23 - [TEST_STEP][PASSED] - setText: Text '10' is set on object 'Object Repository/lab/Page_KDMC/input_txttreat'

2018-05-21 13:19:23 - [MESSAGE][PASSED] - Text '10' is set on object 'Object Repository/lab/Page_KDMC/input_txttreat'

2018-05-21 13:19:23 - [TEST_STEP][PASSED] - click: Object: 'Object Repository/lab/Page_KDMC/button_Add' is clicked on

2018-05-21 13:19:28 - [MESSAGE][PASSED] - Object: 'Object Repository/lab/Page_KDMC/button_Add' is clicked on

2018-05-21 13:19:28 - [TEST_STEP][PASSED] - selectOptionByIndex: All options with index in [5] are selected on object 'Object Repository/lab/Page_KDMC/select_--Select--Schedule 4X-r'

2018-05-21 13:19:28 - [MESSAGE][PASSED] - All options with index in [5] are selected on object 'Object Repository/lab/Page_KDMC/select_--Select--Schedule 4X-r'

2018-05-21 13:19:28 - [TEST_STEP][PASSED] - selectOptionByIndex: All options with index in [17] are selected on object 'Object Repository/lab/Page_KDMC/select_--Select--Automatic x-r'

2018-05-21 13:19:29 - [MESSAGE][PASSED] - All options with index in [17] are selected on object 'Object Repository/lab/Page_KDMC/select_--Select--Automatic x-r'

2018-05-21 13:19:29 - [TEST_STEP][PASSED] - setText: Text '10' is set on object 'Object Repository/lab/Page_KDMC/input_txttreat'

2018-05-21 13:19:29 - [MESSAGE][PASSED] - Text '10' is set on object 'Object Repository/lab/Page_KDMC/input_txttreat'

2018-05-21 13:19:29 - [TEST_STEP][PASSED] - click: Object: 'Object Repository/lab/Page_KDMC/button_Add' is clicked on

2018-05-21 13:19:34 - [MESSAGE][PASSED] - Object: 'Object Repository/lab/Page_KDMC/button_Add' is clicked on

2018-05-21 13:19:34 - [TEST_STEP][PASSED] - selectOptionByIndex: All options with index in [5] are selected on object 'Object Repository/lab/Page_KDMC/select_--Select--Schedule 4X-r'

2018-05-21 13:19:34 - [MESSAGE][PASSED] - All options with index in [5] are selected on object 'Object Repository/lab/Page_KDMC/select_--Select--Schedule 4X-r'

2018-05-21 13:19:34 - [TEST_STEP][PASSED] - selectOptionByIndex: All options with index in [18] are selected on object 'Object Repository/lab/Page_KDMC/select_--Select--Automatic x-r'

2018-05-21 13:19:34 - [MESSAGE][PASSED] - All options with index in [18] are selected on object 'Object Repository/lab/Page_KDMC/select_--Select--Automatic x-r'

2018-05-21 13:19:34 - [TEST_STEP][PASSED] - setText: Text '10' is set on object 'Object Repository/lab/Page_KDMC/input_txttreat'

2018-05-21 13:19:34 - [MESSAGE][PASSED] - Text '10' is set on object 'Object Repository/lab/Page_KDMC/input_txttreat'

2018-05-21 13:19:34 - [TEST_STEP][PASSED] - click: Object: 'Object Repository/lab/Page_KDMC/button_Add' is clicked on

2018-05-21 13:19:39 - [MESSAGE][PASSED] - Object: 'Object Repository/lab/Page_KDMC/button_Add' is clicked on

2018-05-21 13:19:39 - [TEST_STEP][PASSED] - Statement - RN1 = com.kms.katalon.core.webui.keyword.WebUiBuiltInKeywords.getAttribute(com.kms.katalon.core.testobject.ObjectRepository.findTestObject(lab/Page_KDMC/input_txtno), "value"): Attribute 'value' of object 'Object Repository/lab/Page_KDMC/input_txtno' is: 'LRNO/21052018/126'

2018-05-21 13:19:39 - [MESSAGE][PASSED] - Attribute 'value' of object 'Object Repository/lab/Page_KDMC/input_txtno' is: 'LRNO/21052018/126'

2018-05-21 13:19:39 - [TEST_STEP][PASSED] - Statement - out.println(RN1): null

2018-05-21 13:19:39 - [TEST_STEP][PASSED] - Statement - RID = RN1.split("/")[2]: null

2018-05-21 13:19:39 - [TEST_STEP][PASSED] - scrollToElement: Scroll to object 'Object Repository/lab/Page_KDMC/input_btnsave' successfully

2018-05-21 13:19:40 - [MESSAGE][PASSED] - Scroll to object 'Object Repository/lab/Page_KDMC/input_btnsave' successfully

2018-05-21 13:19:40 - [TEST_STEP][PASSED] - click: Object: 'Object Repository/lab/Page_KDMC/input_btnsave' is clicked on

2018-05-21 13:19:45 - [MESSAGE][PASSED] - Object: 'Object Repository/lab/Page_KDMC/input_btnsave' is clicked on

2018-05-21 13:19:45 - [TEST_STEP][PASSED] - delay: Delayed 3 second(s)

2018-05-21 13:19:48 - [MESSAGE][PASSED] - Delayed 3 second(s)

2018-05-21 13:19:48 - [TEST_STEP][PASSED] - click: Object: 'Object Repository/lab/Page_KDMC/button_OK' is clicked on

2018-05-21 13:19:53 - [MESSAGE][PASSED] - Object: 'Object Repository/lab/Page_KDMC/button_OK' is clicked on

2018-05-21 13:19:53 - [TEST_STEP][PASSED] - delay: Delayed 3 second(s)

2018-05-21 13:19:56 - [MESSAGE][PASSED] - Delayed 3 second(s)

2018-05-21 13:19:56 - [TEST_STEP][PASSED] - click: Object: 'Object Repository/lab/Page_KDMC/a_dropdown-toggle' is clicked on

2018-05-21 13:20:01 - [MESSAGE][PASSED] - Object: 'Object Repository/lab/Page_KDMC/a_dropdown-toggle' is clicked on

2018-05-21 13:20:01 - [TEST_STEP][PASSED] - click: Object: 'Object Repository/lab/Page_KDMC/a_Sign out' is clicked on

2018-05-21 13:20:07 - [MESSAGE][PASSED] - Object: 'Object Repository/lab/Page_KDMC/a_Sign out' is clicked on

2018-05-21 13:20:07 - [TEST_STEP][PASSED] - delay: Delayed 3 second(s)

2018-05-21 13:20:10 - [MESSAGE][PASSED] - Delayed 3 second(s)

2018-05-21 13:20:10 - [TEST_STEP][FAILED] - click: Unable to click on object 'Object Repository/lab/Page_KDMC/a_CMO' (Root cause: org.openqa.selenium.WebDriverException: unknown error: Element <a href="...Login.aspx" title="Chief Medical Officers">CMO</a> is not clickable at point (1338, 529). Other element would receive the click: <div class="modal-backdrop fade"></div>
  (Session info: chrome=66.0.3359.139)
  (Driver info: chromedriver=2.35.528161 (5b82f2d2aae0ca24b877009200ced9065a772e73),platform=Windows NT 10.0.17134 x86_64) (WARNING: The server did not provide any stacktrace information)
Command duration or timeout: 0 milliseconds
Build info: version: '3.7.1', revision: '8a0099a', time: '2017-11-06T21:07:36.161Z'
System info: host: 'DESKTOP-BLFTK83', ip: '192.168.71.2', os.name: 'Windows 10', os.arch: 'amd64', os.version: '10.0', java.version: '1.8.0_102'
Driver info: com.kms.katalon.selenium.driver.CChromeDriver
Capabilities {acceptInsecureCerts: false, acceptSslCerts: false, applicationCacheEnabled: false, browserConnectionEnabled: false, browserName: chrome, chrome: {chromedriverVersion: 2.35.528161 (5b82f2d2aae0ca..., userDataDir: C:\Users\QUALIT~1\AppData\L...}, cssSelectorsEnabled: true, databaseEnabled: false, handlesAlerts: true, hasTouchScreen: false, javascriptEnabled: true, locationContextEnabled: true, mobileEmulationEnabled: false, nativeEvents: true, networkConnectionEnabled: false, pageLoadStrategy: normal, platform: XP, platformName: XP, rotatable: false, setWindowRect: true, takesHeapSnapshot: true, takesScreenshot: true, unexpectedAlertBehaviour: , unhandledPromptBehavior: , version: 66.0.3359.139, webStorageEnabled: true}
Session ID: 207bea63e825b4853c4460c27dd9d7ca)

2018-05-21 13:20:11 - [MESSAGE][FAILED] - Unable to click on object 'Object Repository/lab/Page_KDMC/a_CMO' (Root cause: org.openqa.selenium.WebDriverException: unknown error: Element <a href="...Login.aspx" title="Chief Medical Officers">CMO</a> is not clickable at point (1338, 529). Other element would receive the click: <div class="modal-backdrop fade"></div>
  (Session info: chrome=66.0.3359.139)
  (Driver info: chromedriver=2.35.528161 (5b82f2d2aae0ca24b877009200ced9065a772e73),platform=Windows NT 10.0.17134 x86_64) (WARNING: The server did not provide any stacktrace information)
Command duration or timeout: 0 milliseconds
Build info: version: '3.7.1', revision: '8a0099a', time: '2017-11-06T21:07:36.161Z'
System info: host: 'DESKTOP-BLFTK83', ip: '192.168.71.2', os.name: 'Windows 10', os.arch: 'amd64', os.version: '10.0', java.version: '1.8.0_102'
Driver info: com.kms.katalon.selenium.driver.CChromeDriver
Capabilities {acceptInsecureCerts: false, acceptSslCerts: false, applicationCacheEnabled: false, browserConnectionEnabled: false, browserName: chrome, chrome: {chromedriverVersion: 2.35.528161 (5b82f2d2aae0ca..., userDataDir: C:\Users\QUALIT~1\AppData\L...}, cssSelectorsEnabled: true, databaseEnabled: false, handlesAlerts: true, hasTouchScreen: false, javascriptEnabled: true, locationContextEnabled: true, mobileEmulationEnabled: false, nativeEvents: true, networkConnectionEnabled: false, pageLoadStrategy: normal, platform: XP, platformName: XP, rotatable: false, setWindowRect: true, takesHeapSnapshot: true, takesScreenshot: true, unexpectedAlertBehaviour: , unhandledPromptBehavior: , version: 66.0.3359.139, webStorageEnabled: true}
Session ID: 207bea63e825b4853c4460c27dd9d7ca)
[[ATTACHMENT|C:\\Users\\Quality Analyst\\Katalon Studio\\ds\\Reports\\Investigation_Suite\\20180521_095838\\1526889010332.png]]]]></system-out>
         <system-err><![CDATA[2018-05-21 13:17:44 - [TEST_CASE][FAILED] - Test Cases/INVESTIGATION TEST CASES/TC_INV_005 Verify Schedule 10 Investigation Request Are Working Successfully Or No: Test Cases/INVESTIGATION TEST CASES/TC_INV_005 Verify Schedule 10 Investigation Request Are Working Successfully Or No FAILED because (of) Unable to click on object 'Object Repository/lab/Page_KDMC/a_CMO' (Root cause: org.openqa.selenium.WebDriverException: unknown error: Element <a href="...Login.aspx" title="Chief Medical Officers">CMO</a> is not clickable at point (1338, 529). Other element would receive the click: <div class="modal-backdrop fade"></div>
  (Session info: chrome=66.0.3359.139)
  (Driver info: chromedriver=2.35.528161 (5b82f2d2aae0ca24b877009200ced9065a772e73),platform=Windows NT 10.0.17134 x86_64) (WARNING: The server did not provide any stacktrace information)
Command duration or timeout: 0 milliseconds
Build info: version: '3.7.1', revision: '8a0099a', time: '2017-11-06T21:07:36.161Z'
System info: host: 'DESKTOP-BLFTK83', ip: '192.168.71.2', os.name: 'Windows 10', os.arch: 'amd64', os.version: '10.0', java.version: '1.8.0_102'
Driver info: com.kms.katalon.selenium.driver.CChromeDriver
Capabilities {acceptInsecureCerts: false, acceptSslCerts: false, applicationCacheEnabled: false, browserConnectionEnabled: false, browserName: chrome, chrome: {chromedriverVersion: 2.35.528161 (5b82f2d2aae0ca..., userDataDir: C:\Users\QUALIT~1\AppData\L...}, cssSelectorsEnabled: true, databaseEnabled: false, handlesAlerts: true, hasTouchScreen: false, javascriptEnabled: true, locationContextEnabled: true, mobileEmulationEnabled: false, nativeEvents: true, networkConnectionEnabled: false, pageLoadStrategy: normal, platform: XP, platformName: XP, rotatable: false, setWindowRect: true, takesHeapSnapshot: true, takesScreenshot: true, unexpectedAlertBehaviour: , unhandledPromptBehavior: , version: 66.0.3359.139, webStorageEnabled: true}
Session ID: 207bea63e825b4853c4460c27dd9d7ca)]]></system-err>
      </testcase>
      <testcase name="Test Cases/INVESTIGATION TEST CASES/TC_INV_006 Verify Schedule 11 Investigation Request Are Working Successfully Or No" classname="Test Cases/INVESTIGATION TEST CASES/TC_INV_006 Verify Schedule 11 Investigation Request Are Working Successfully Or No" status="FAILED">
         <failure type="FAILED" message="Unable to set text '10' of object 'Object Repository/lab/Page_KDMC/input_txttreat' (Root cause: org.openqa.selenium.WebDriverException: unknown error: cannot focus element
  (Session info: chrome=66.0.3359.139)
  (Driver info: chromedriver=2.35.528161 (5b82f2d2aae0ca24b877009200ced9065a772e73),platform=Windows NT 10.0.17134 x86_64) (WARNING: The server did not provide any stacktrace information)
Command duration or timeout: 0 milliseconds
Build info: version: '3.7.1', revision: '8a0099a', time: '2017-11-06T21:07:36.161Z'
System info: host: 'DESKTOP-BLFTK83', ip: '192.168.71.2', os.name: 'Windows 10', os.arch: 'amd64', os.version: '10.0', java.version: '1.8.0_102'
Driver info: com.kms.katalon.selenium.driver.CChromeDriver
Capabilities {acceptInsecureCerts: false, acceptSslCerts: false, applicationCacheEnabled: false, browserConnectionEnabled: false, browserName: chrome, chrome: {chromedriverVersion: 2.35.528161 (5b82f2d2aae0ca..., userDataDir: C:\Users\QUALIT~1\AppData\L...}, cssSelectorsEnabled: true, databaseEnabled: false, handlesAlerts: true, hasTouchScreen: false, javascriptEnabled: true, locationContextEnabled: true, mobileEmulationEnabled: false, nativeEvents: true, networkConnectionEnabled: false, pageLoadStrategy: normal, platform: XP, platformName: XP, rotatable: false, setWindowRect: true, takesHeapSnapshot: true, takesScreenshot: true, unexpectedAlertBehaviour: , unhandledPromptBehavior: , version: 66.0.3359.139, webStorageEnabled: true}
Session ID: 6962525d3de95719a28806494fcdb62b)"/>
         <system-out><![CDATA[2018-05-21 13:20:11 - [TEST_CASE][FAILED] - Test Cases/INVESTIGATION TEST CASES/TC_INV_006 Verify Schedule 11 Investigation Request Are Working Successfully Or No: Test Cases/INVESTIGATION TEST CASES/TC_INV_006 Verify Schedule 11 Investigation Request Are Working Successfully Or No FAILED because (of) Unable to set text '10' of object 'Object Repository/lab/Page_KDMC/input_txttreat' (Root cause: org.openqa.selenium.WebDriverException: unknown error: cannot focus element
  (Session info: chrome=66.0.3359.139)
  (Driver info: chromedriver=2.35.528161 (5b82f2d2aae0ca24b877009200ced9065a772e73),platform=Windows NT 10.0.17134 x86_64) (WARNING: The server did not provide any stacktrace information)
Command duration or timeout: 0 milliseconds
Build info: version: '3.7.1', revision: '8a0099a', time: '2017-11-06T21:07:36.161Z'
System info: host: 'DESKTOP-BLFTK83', ip: '192.168.71.2', os.name: 'Windows 10', os.arch: 'amd64', os.version: '10.0', java.version: '1.8.0_102'
Driver info: com.kms.katalon.selenium.driver.CChromeDriver
Capabilities {acceptInsecureCerts: false, acceptSslCerts: false, applicationCacheEnabled: false, browserConnectionEnabled: false, browserName: chrome, chrome: {chromedriverVersion: 2.35.528161 (5b82f2d2aae0ca..., userDataDir: C:\Users\QUALIT~1\AppData\L...}, cssSelectorsEnabled: true, databaseEnabled: false, handlesAlerts: true, hasTouchScreen: false, javascriptEnabled: true, locationContextEnabled: true, mobileEmulationEnabled: false, nativeEvents: true, networkConnectionEnabled: false, pageLoadStrategy: normal, platform: XP, platformName: XP, rotatable: false, setWindowRect: true, takesHeapSnapshot: true, takesScreenshot: true, unexpectedAlertBehaviour: , unhandledPromptBehavior: , version: 66.0.3359.139, webStorageEnabled: true}
Session ID: 6962525d3de95719a28806494fcdb62b)

2018-05-21 13:20:11 - [TEST_STEP][PASSED] - openBrowser: Browser is opened with url: ''

2018-05-21 13:20:11 - [MESSAGE][WARNING] - A browser is already opened. Closing browser and opening a new one

2018-05-21 13:20:14 - [MESSAGE][PASSED] - Browser is opened with url: ''

2018-05-21 13:20:14 - [TEST_STEP][PASSED] - navigateToUrl: Navigate to 'http://192.168.137.1/multihospital_new/' successfully

2018-05-21 13:20:16 - [MESSAGE][PASSED] - Navigate to 'http://192.168.137.1/multihospital_new/' successfully

2018-05-21 13:20:16 - [TEST_STEP][PASSED] - Statement - out.println(" Verify Schedule 11 Investigation Request Are Working Successfully Or Not"): null

2018-05-21 13:20:16 - [TEST_STEP][PASSED] - maximizeWindow: Current window maximized

2018-05-21 13:20:17 - [MESSAGE][PASSED] - Current window maximized

2018-05-21 13:20:17 - [TEST_STEP][PASSED] - click: Object: 'Object Repository/lab/Page_KDMC/a_Investigation' is clicked on

2018-05-21 13:20:18 - [MESSAGE][PASSED] - Object: 'Object Repository/lab/Page_KDMC/a_Investigation' is clicked on

2018-05-21 13:20:18 - [TEST_STEP][PASSED] - setText: Text 'manoj' is set on object 'Object Repository/lab/Page_Investigation login/input_txtusername'

2018-05-21 13:20:18 - [MESSAGE][PASSED] - Text 'manoj' is set on object 'Object Repository/lab/Page_Investigation login/input_txtusername'

2018-05-21 13:20:18 - [TEST_STEP][PASSED] - setText: Text '123' is set on object 'Object Repository/lab/Page_Investigation login/input_txtpassword'

2018-05-21 13:20:18 - [MESSAGE][PASSED] - Text '123' is set on object 'Object Repository/lab/Page_Investigation login/input_txtpassword'

2018-05-21 13:20:18 - [TEST_STEP][PASSED] - delay: Delayed 3 second(s)

2018-05-21 13:20:21 - [MESSAGE][PASSED] - Delayed 3 second(s)

2018-05-21 13:20:21 - [TEST_STEP][PASSED] - click: Object: 'Object Repository/lab/Page_Investigation login/button_Sign in' is clicked on

2018-05-21 13:20:22 - [MESSAGE][PASSED] - Object: 'Object Repository/lab/Page_Investigation login/button_Sign in' is clicked on

2018-05-21 13:20:22 - [TEST_STEP][PASSED] - click: Object: 'Object Repository/lab/Page_KDMC/a_Store Request' is clicked on

2018-05-21 13:20:24 - [MESSAGE][PASSED] - Object: 'Object Repository/lab/Page_KDMC/a_Store Request' is clicked on

2018-05-21 13:20:24 - [TEST_STEP][PASSED] - delay: Delayed 2 second(s)

2018-05-21 13:20:26 - [MESSAGE][PASSED] - Delayed 2 second(s)

2018-05-21 13:20:26 - [TEST_STEP][PASSED] - click: Object: 'Object Repository/lab/Page_KDMC/a_Medicine Request' is clicked on

2018-05-21 13:20:26 - [MESSAGE][PASSED] - Object: 'Object Repository/lab/Page_KDMC/a_Medicine Request' is clicked on

2018-05-21 13:20:26 - [TEST_STEP][PASSED] - selectOptionByIndex: All options with index in [6] are selected on object 'Object Repository/lab/Page_KDMC/select_--Select--Schedule 4X-r'

2018-05-21 13:20:26 - [MESSAGE][PASSED] - All options with index in [6] are selected on object 'Object Repository/lab/Page_KDMC/select_--Select--Schedule 4X-r'

2018-05-21 13:20:26 - [TEST_STEP][PASSED] - Statement - medicineslength = com.kms.katalon.core.webui.keyword.WebUiBuiltInKeywords.getNumberOfTotalOption(com.kms.katalon.core.testobject.ObjectRepository.findTestObject(lab/Page_KDMC/select_--Select--Automatic x-r)): 81 options of object 'Object Repository/lab/Page_KDMC/select_--Select--Automatic x-r' counted

2018-05-21 13:20:26 - [MESSAGE][PASSED] - 81 options of object 'Object Repository/lab/Page_KDMC/select_--Select--Automatic x-r' counted

2018-05-21 13:20:26 - [TEST_STEP][FAILED] - Statement - For ([e = 1, e < medicineslength, (e++)]): Unable to set text '10' of object 'Object Repository/lab/Page_KDMC/input_txttreat' (Root cause: org.openqa.selenium.WebDriverException: unknown error: cannot focus element
  (Session info: chrome=66.0.3359.139)
  (Driver info: chromedriver=2.35.528161 (5b82f2d2aae0ca24b877009200ced9065a772e73),platform=Windows NT 10.0.17134 x86_64) (WARNING: The server did not provide any stacktrace information)
Command duration or timeout: 0 milliseconds
Build info: version: '3.7.1', revision: '8a0099a', time: '2017-11-06T21:07:36.161Z'
System info: host: 'DESKTOP-BLFTK83', ip: '192.168.71.2', os.name: 'Windows 10', os.arch: 'amd64', os.version: '10.0', java.version: '1.8.0_102'
Driver info: com.kms.katalon.selenium.driver.CChromeDriver
Capabilities {acceptInsecureCerts: false, acceptSslCerts: false, applicationCacheEnabled: false, browserConnectionEnabled: false, browserName: chrome, chrome: {chromedriverVersion: 2.35.528161 (5b82f2d2aae0ca..., userDataDir: C:\Users\QUALIT~1\AppData\L...}, cssSelectorsEnabled: true, databaseEnabled: false, handlesAlerts: true, hasTouchScreen: false, javascriptEnabled: true, locationContextEnabled: true, mobileEmulationEnabled: false, nativeEvents: true, networkConnectionEnabled: false, pageLoadStrategy: normal, platform: XP, platformName: XP, rotatable: false, setWindowRect: true, takesHeapSnapshot: true, takesScreenshot: true, unexpectedAlertBehaviour: , unhandledPromptBehavior: , version: 66.0.3359.139, webStorageEnabled: true}
Session ID: 6962525d3de95719a28806494fcdb62b)

2018-05-21 13:20:26 - [TEST_STEP][PASSED] - selectOptionByIndex: All options with index in [6] are selected on object 'Object Repository/lab/Page_KDMC/select_--Select--Schedule 4X-r'

2018-05-21 13:20:27 - [MESSAGE][PASSED] - All options with index in [6] are selected on object 'Object Repository/lab/Page_KDMC/select_--Select--Schedule 4X-r'

2018-05-21 13:20:27 - [TEST_STEP][PASSED] - selectOptionByIndex: All options with index in [1] are selected on object 'Object Repository/lab/Page_KDMC/select_--Select--Automatic x-r'

2018-05-21 13:20:27 - [MESSAGE][PASSED] - All options with index in [1] are selected on object 'Object Repository/lab/Page_KDMC/select_--Select--Automatic x-r'

2018-05-21 13:20:27 - [TEST_STEP][PASSED] - setText: Text '10' is set on object 'Object Repository/lab/Page_KDMC/input_txttreat'

2018-05-21 13:20:27 - [MESSAGE][PASSED] - Text '10' is set on object 'Object Repository/lab/Page_KDMC/input_txttreat'

2018-05-21 13:20:27 - [TEST_STEP][PASSED] - click: Object: 'Object Repository/lab/Page_KDMC/button_Add' is clicked on

2018-05-21 13:20:27 - [MESSAGE][PASSED] - Object: 'Object Repository/lab/Page_KDMC/button_Add' is clicked on

2018-05-21 13:20:27 - [TEST_STEP][PASSED] - selectOptionByIndex: All options with index in [6] are selected on object 'Object Repository/lab/Page_KDMC/select_--Select--Schedule 4X-r'

2018-05-21 13:20:27 - [MESSAGE][PASSED] - All options with index in [6] are selected on object 'Object Repository/lab/Page_KDMC/select_--Select--Schedule 4X-r'

2018-05-21 13:20:27 - [TEST_STEP][PASSED] - selectOptionByIndex: All options with index in [2] are selected on object 'Object Repository/lab/Page_KDMC/select_--Select--Automatic x-r'

2018-05-21 13:20:27 - [MESSAGE][PASSED] - All options with index in [2] are selected on object 'Object Repository/lab/Page_KDMC/select_--Select--Automatic x-r'

2018-05-21 13:20:27 - [TEST_STEP][PASSED] - setText: Text '10' is set on object 'Object Repository/lab/Page_KDMC/input_txttreat'

2018-05-21 13:20:27 - [MESSAGE][PASSED] - Text '10' is set on object 'Object Repository/lab/Page_KDMC/input_txttreat'

2018-05-21 13:20:27 - [TEST_STEP][PASSED] - click: Object: 'Object Repository/lab/Page_KDMC/button_Add' is clicked on

2018-05-21 13:20:28 - [MESSAGE][PASSED] - Object: 'Object Repository/lab/Page_KDMC/button_Add' is clicked on

2018-05-21 13:20:28 - [TEST_STEP][PASSED] - selectOptionByIndex: All options with index in [6] are selected on object 'Object Repository/lab/Page_KDMC/select_--Select--Schedule 4X-r'

2018-05-21 13:20:28 - [MESSAGE][PASSED] - All options with index in [6] are selected on object 'Object Repository/lab/Page_KDMC/select_--Select--Schedule 4X-r'

2018-05-21 13:20:28 - [TEST_STEP][PASSED] - selectOptionByIndex: All options with index in [3] are selected on object 'Object Repository/lab/Page_KDMC/select_--Select--Automatic x-r'

2018-05-21 13:20:28 - [MESSAGE][PASSED] - All options with index in [3] are selected on object 'Object Repository/lab/Page_KDMC/select_--Select--Automatic x-r'

2018-05-21 13:20:28 - [TEST_STEP][PASSED] - setText: Text '10' is set on object 'Object Repository/lab/Page_KDMC/input_txttreat'

2018-05-21 13:20:28 - [MESSAGE][PASSED] - Text '10' is set on object 'Object Repository/lab/Page_KDMC/input_txttreat'

2018-05-21 13:20:28 - [TEST_STEP][PASSED] - click: Object: 'Object Repository/lab/Page_KDMC/button_Add' is clicked on

2018-05-21 13:20:28 - [MESSAGE][PASSED] - Object: 'Object Repository/lab/Page_KDMC/button_Add' is clicked on

2018-05-21 13:20:28 - [TEST_STEP][PASSED] - selectOptionByIndex: All options with index in [6] are selected on object 'Object Repository/lab/Page_KDMC/select_--Select--Schedule 4X-r'

2018-05-21 13:20:28 - [MESSAGE][PASSED] - All options with index in [6] are selected on object 'Object Repository/lab/Page_KDMC/select_--Select--Schedule 4X-r'

2018-05-21 13:20:28 - [TEST_STEP][PASSED] - selectOptionByIndex: All options with index in [4] are selected on object 'Object Repository/lab/Page_KDMC/select_--Select--Automatic x-r'

2018-05-21 13:20:28 - [MESSAGE][PASSED] - All options with index in [4] are selected on object 'Object Repository/lab/Page_KDMC/select_--Select--Automatic x-r'

2018-05-21 13:20:28 - [TEST_STEP][PASSED] - setText: Text '10' is set on object 'Object Repository/lab/Page_KDMC/input_txttreat'

2018-05-21 13:20:28 - [MESSAGE][PASSED] - Text '10' is set on object 'Object Repository/lab/Page_KDMC/input_txttreat'

2018-05-21 13:20:28 - [TEST_STEP][PASSED] - click: Object: 'Object Repository/lab/Page_KDMC/button_Add' is clicked on

2018-05-21 13:20:28 - [MESSAGE][PASSED] - Object: 'Object Repository/lab/Page_KDMC/button_Add' is clicked on

2018-05-21 13:20:28 - [TEST_STEP][PASSED] - selectOptionByIndex: All options with index in [6] are selected on object 'Object Repository/lab/Page_KDMC/select_--Select--Schedule 4X-r'

2018-05-21 13:20:29 - [MESSAGE][PASSED] - All options with index in [6] are selected on object 'Object Repository/lab/Page_KDMC/select_--Select--Schedule 4X-r'

2018-05-21 13:20:29 - [TEST_STEP][PASSED] - selectOptionByIndex: All options with index in [5] are selected on object 'Object Repository/lab/Page_KDMC/select_--Select--Automatic x-r'

2018-05-21 13:20:29 - [MESSAGE][PASSED] - All options with index in [5] are selected on object 'Object Repository/lab/Page_KDMC/select_--Select--Automatic x-r'

2018-05-21 13:20:29 - [TEST_STEP][PASSED] - setText: Text '10' is set on object 'Object Repository/lab/Page_KDMC/input_txttreat'

2018-05-21 13:20:29 - [MESSAGE][PASSED] - Text '10' is set on object 'Object Repository/lab/Page_KDMC/input_txttreat'

2018-05-21 13:20:29 - [TEST_STEP][PASSED] - click: Object: 'Object Repository/lab/Page_KDMC/button_Add' is clicked on

2018-05-21 13:20:29 - [MESSAGE][PASSED] - Object: 'Object Repository/lab/Page_KDMC/button_Add' is clicked on

2018-05-21 13:20:29 - [TEST_STEP][PASSED] - selectOptionByIndex: All options with index in [6] are selected on object 'Object Repository/lab/Page_KDMC/select_--Select--Schedule 4X-r'

2018-05-21 13:20:29 - [MESSAGE][PASSED] - All options with index in [6] are selected on object 'Object Repository/lab/Page_KDMC/select_--Select--Schedule 4X-r'

2018-05-21 13:20:29 - [TEST_STEP][PASSED] - selectOptionByIndex: All options with index in [6] are selected on object 'Object Repository/lab/Page_KDMC/select_--Select--Automatic x-r'

2018-05-21 13:20:29 - [MESSAGE][PASSED] - All options with index in [6] are selected on object 'Object Repository/lab/Page_KDMC/select_--Select--Automatic x-r'

2018-05-21 13:20:29 - [TEST_STEP][PASSED] - setText: Text '10' is set on object 'Object Repository/lab/Page_KDMC/input_txttreat'

2018-05-21 13:20:29 - [MESSAGE][PASSED] - Text '10' is set on object 'Object Repository/lab/Page_KDMC/input_txttreat'

2018-05-21 13:20:29 - [TEST_STEP][PASSED] - click: Object: 'Object Repository/lab/Page_KDMC/button_Add' is clicked on

2018-05-21 13:20:29 - [MESSAGE][PASSED] - Object: 'Object Repository/lab/Page_KDMC/button_Add' is clicked on

2018-05-21 13:20:29 - [TEST_STEP][PASSED] - selectOptionByIndex: All options with index in [6] are selected on object 'Object Repository/lab/Page_KDMC/select_--Select--Schedule 4X-r'

2018-05-21 13:20:30 - [MESSAGE][PASSED] - All options with index in [6] are selected on object 'Object Repository/lab/Page_KDMC/select_--Select--Schedule 4X-r'

2018-05-21 13:20:30 - [TEST_STEP][PASSED] - selectOptionByIndex: All options with index in [7] are selected on object 'Object Repository/lab/Page_KDMC/select_--Select--Automatic x-r'

2018-05-21 13:20:30 - [MESSAGE][PASSED] - All options with index in [7] are selected on object 'Object Repository/lab/Page_KDMC/select_--Select--Automatic x-r'

2018-05-21 13:20:30 - [TEST_STEP][PASSED] - setText: Text '10' is set on object 'Object Repository/lab/Page_KDMC/input_txttreat'

2018-05-21 13:20:30 - [MESSAGE][PASSED] - Text '10' is set on object 'Object Repository/lab/Page_KDMC/input_txttreat'

2018-05-21 13:20:30 - [TEST_STEP][PASSED] - click: Object: 'Object Repository/lab/Page_KDMC/button_Add' is clicked on

2018-05-21 13:20:30 - [MESSAGE][PASSED] - Object: 'Object Repository/lab/Page_KDMC/button_Add' is clicked on

2018-05-21 13:20:30 - [TEST_STEP][PASSED] - selectOptionByIndex: All options with index in [6] are selected on object 'Object Repository/lab/Page_KDMC/select_--Select--Schedule 4X-r'

2018-05-21 13:20:30 - [MESSAGE][PASSED] - All options with index in [6] are selected on object 'Object Repository/lab/Page_KDMC/select_--Select--Schedule 4X-r'

2018-05-21 13:20:30 - [TEST_STEP][PASSED] - selectOptionByIndex: All options with index in [8] are selected on object 'Object Repository/lab/Page_KDMC/select_--Select--Automatic x-r'

2018-05-21 13:20:30 - [MESSAGE][PASSED] - All options with index in [8] are selected on object 'Object Repository/lab/Page_KDMC/select_--Select--Automatic x-r'

2018-05-21 13:20:30 - [TEST_STEP][PASSED] - setText: Text '10' is set on object 'Object Repository/lab/Page_KDMC/input_txttreat'

2018-05-21 13:20:30 - [MESSAGE][PASSED] - Text '10' is set on object 'Object Repository/lab/Page_KDMC/input_txttreat'

2018-05-21 13:20:30 - [TEST_STEP][PASSED] - click: Object: 'Object Repository/lab/Page_KDMC/button_Add' is clicked on

2018-05-21 13:20:30 - [MESSAGE][PASSED] - Object: 'Object Repository/lab/Page_KDMC/button_Add' is clicked on

2018-05-21 13:20:30 - [TEST_STEP][PASSED] - selectOptionByIndex: All options with index in [6] are selected on object 'Object Repository/lab/Page_KDMC/select_--Select--Schedule 4X-r'

2018-05-21 13:20:31 - [MESSAGE][PASSED] - All options with index in [6] are selected on object 'Object Repository/lab/Page_KDMC/select_--Select--Schedule 4X-r'

2018-05-21 13:20:31 - [TEST_STEP][PASSED] - selectOptionByIndex: All options with index in [9] are selected on object 'Object Repository/lab/Page_KDMC/select_--Select--Automatic x-r'

2018-05-21 13:20:31 - [MESSAGE][PASSED] - All options with index in [9] are selected on object 'Object Repository/lab/Page_KDMC/select_--Select--Automatic x-r'

2018-05-21 13:20:31 - [TEST_STEP][PASSED] - setText: Text '10' is set on object 'Object Repository/lab/Page_KDMC/input_txttreat'

2018-05-21 13:20:31 - [MESSAGE][PASSED] - Text '10' is set on object 'Object Repository/lab/Page_KDMC/input_txttreat'

2018-05-21 13:20:31 - [TEST_STEP][PASSED] - click: Object: 'Object Repository/lab/Page_KDMC/button_Add' is clicked on

2018-05-21 13:20:31 - [MESSAGE][PASSED] - Object: 'Object Repository/lab/Page_KDMC/button_Add' is clicked on

2018-05-21 13:20:31 - [TEST_STEP][PASSED] - selectOptionByIndex: All options with index in [6] are selected on object 'Object Repository/lab/Page_KDMC/select_--Select--Schedule 4X-r'

2018-05-21 13:20:31 - [MESSAGE][PASSED] - All options with index in [6] are selected on object 'Object Repository/lab/Page_KDMC/select_--Select--Schedule 4X-r'

2018-05-21 13:20:31 - [TEST_STEP][PASSED] - selectOptionByIndex: All options with index in [10] are selected on object 'Object Repository/lab/Page_KDMC/select_--Select--Automatic x-r'

2018-05-21 13:20:31 - [MESSAGE][PASSED] - All options with index in [10] are selected on object 'Object Repository/lab/Page_KDMC/select_--Select--Automatic x-r'

2018-05-21 13:20:31 - [TEST_STEP][PASSED] - setText: Text '10' is set on object 'Object Repository/lab/Page_KDMC/input_txttreat'

2018-05-21 13:20:31 - [MESSAGE][PASSED] - Text '10' is set on object 'Object Repository/lab/Page_KDMC/input_txttreat'

2018-05-21 13:20:31 - [TEST_STEP][PASSED] - click: Object: 'Object Repository/lab/Page_KDMC/button_Add' is clicked on

2018-05-21 13:20:31 - [MESSAGE][PASSED] - Object: 'Object Repository/lab/Page_KDMC/button_Add' is clicked on

2018-05-21 13:20:31 - [TEST_STEP][PASSED] - selectOptionByIndex: All options with index in [6] are selected on object 'Object Repository/lab/Page_KDMC/select_--Select--Schedule 4X-r'

2018-05-21 13:20:32 - [MESSAGE][PASSED] - All options with index in [6] are selected on object 'Object Repository/lab/Page_KDMC/select_--Select--Schedule 4X-r'

2018-05-21 13:20:32 - [TEST_STEP][PASSED] - selectOptionByIndex: All options with index in [11] are selected on object 'Object Repository/lab/Page_KDMC/select_--Select--Automatic x-r'

2018-05-21 13:20:32 - [MESSAGE][PASSED] - All options with index in [11] are selected on object 'Object Repository/lab/Page_KDMC/select_--Select--Automatic x-r'

2018-05-21 13:20:32 - [TEST_STEP][PASSED] - setText: Text '10' is set on object 'Object Repository/lab/Page_KDMC/input_txttreat'

2018-05-21 13:20:32 - [MESSAGE][PASSED] - Text '10' is set on object 'Object Repository/lab/Page_KDMC/input_txttreat'

2018-05-21 13:20:32 - [TEST_STEP][PASSED] - click: Object: 'Object Repository/lab/Page_KDMC/button_Add' is clicked on

2018-05-21 13:20:32 - [MESSAGE][PASSED] - Object: 'Object Repository/lab/Page_KDMC/button_Add' is clicked on

2018-05-21 13:20:32 - [TEST_STEP][PASSED] - selectOptionByIndex: All options with index in [6] are selected on object 'Object Repository/lab/Page_KDMC/select_--Select--Schedule 4X-r'

2018-05-21 13:20:32 - [MESSAGE][PASSED] - All options with index in [6] are selected on object 'Object Repository/lab/Page_KDMC/select_--Select--Schedule 4X-r'

2018-05-21 13:20:32 - [TEST_STEP][PASSED] - selectOptionByIndex: All options with index in [12] are selected on object 'Object Repository/lab/Page_KDMC/select_--Select--Automatic x-r'

2018-05-21 13:20:32 - [MESSAGE][PASSED] - All options with index in [12] are selected on object 'Object Repository/lab/Page_KDMC/select_--Select--Automatic x-r'

2018-05-21 13:20:32 - [TEST_STEP][PASSED] - setText: Text '10' is set on object 'Object Repository/lab/Page_KDMC/input_txttreat'

2018-05-21 13:20:32 - [MESSAGE][PASSED] - Text '10' is set on object 'Object Repository/lab/Page_KDMC/input_txttreat'

2018-05-21 13:20:32 - [TEST_STEP][PASSED] - click: Object: 'Object Repository/lab/Page_KDMC/button_Add' is clicked on

2018-05-21 13:20:33 - [MESSAGE][PASSED] - Object: 'Object Repository/lab/Page_KDMC/button_Add' is clicked on

2018-05-21 13:20:33 - [TEST_STEP][PASSED] - selectOptionByIndex: All options with index in [6] are selected on object 'Object Repository/lab/Page_KDMC/select_--Select--Schedule 4X-r'

2018-05-21 13:20:33 - [MESSAGE][PASSED] - All options with index in [6] are selected on object 'Object Repository/lab/Page_KDMC/select_--Select--Schedule 4X-r'

2018-05-21 13:20:33 - [TEST_STEP][PASSED] - selectOptionByIndex: All options with index in [13] are selected on object 'Object Repository/lab/Page_KDMC/select_--Select--Automatic x-r'

2018-05-21 13:20:33 - [MESSAGE][PASSED] - All options with index in [13] are selected on object 'Object Repository/lab/Page_KDMC/select_--Select--Automatic x-r'

2018-05-21 13:20:33 - [TEST_STEP][PASSED] - setText: Text '10' is set on object 'Object Repository/lab/Page_KDMC/input_txttreat'

2018-05-21 13:20:33 - [MESSAGE][PASSED] - Text '10' is set on object 'Object Repository/lab/Page_KDMC/input_txttreat'

2018-05-21 13:20:33 - [TEST_STEP][PASSED] - click: Object: 'Object Repository/lab/Page_KDMC/button_Add' is clicked on

2018-05-21 13:20:33 - [MESSAGE][PASSED] - Object: 'Object Repository/lab/Page_KDMC/button_Add' is clicked on

2018-05-21 13:20:33 - [TEST_STEP][PASSED] - selectOptionByIndex: All options with index in [6] are selected on object 'Object Repository/lab/Page_KDMC/select_--Select--Schedule 4X-r'

2018-05-21 13:20:33 - [MESSAGE][PASSED] - All options with index in [6] are selected on object 'Object Repository/lab/Page_KDMC/select_--Select--Schedule 4X-r'

2018-05-21 13:20:33 - [TEST_STEP][PASSED] - selectOptionByIndex: All options with index in [14] are selected on object 'Object Repository/lab/Page_KDMC/select_--Select--Automatic x-r'

2018-05-21 13:20:34 - [MESSAGE][PASSED] - All options with index in [14] are selected on object 'Object Repository/lab/Page_KDMC/select_--Select--Automatic x-r'

2018-05-21 13:20:34 - [TEST_STEP][PASSED] - setText: Text '10' is set on object 'Object Repository/lab/Page_KDMC/input_txttreat'

2018-05-21 13:20:34 - [MESSAGE][PASSED] - Text '10' is set on object 'Object Repository/lab/Page_KDMC/input_txttreat'

2018-05-21 13:20:34 - [TEST_STEP][PASSED] - click: Object: 'Object Repository/lab/Page_KDMC/button_Add' is clicked on

2018-05-21 13:20:34 - [MESSAGE][PASSED] - Object: 'Object Repository/lab/Page_KDMC/button_Add' is clicked on

2018-05-21 13:20:34 - [TEST_STEP][PASSED] - selectOptionByIndex: All options with index in [6] are selected on object 'Object Repository/lab/Page_KDMC/select_--Select--Schedule 4X-r'

2018-05-21 13:20:34 - [MESSAGE][PASSED] - All options with index in [6] are selected on object 'Object Repository/lab/Page_KDMC/select_--Select--Schedule 4X-r'

2018-05-21 13:20:34 - [TEST_STEP][PASSED] - selectOptionByIndex: All options with index in [15] are selected on object 'Object Repository/lab/Page_KDMC/select_--Select--Automatic x-r'

2018-05-21 13:20:34 - [MESSAGE][PASSED] - All options with index in [15] are selected on object 'Object Repository/lab/Page_KDMC/select_--Select--Automatic x-r'

2018-05-21 13:20:34 - [TEST_STEP][PASSED] - setText: Text '10' is set on object 'Object Repository/lab/Page_KDMC/input_txttreat'

2018-05-21 13:20:34 - [MESSAGE][PASSED] - Text '10' is set on object 'Object Repository/lab/Page_KDMC/input_txttreat'

2018-05-21 13:20:34 - [TEST_STEP][PASSED] - click: Object: 'Object Repository/lab/Page_KDMC/button_Add' is clicked on

2018-05-21 13:20:34 - [MESSAGE][PASSED] - Object: 'Object Repository/lab/Page_KDMC/button_Add' is clicked on

2018-05-21 13:20:34 - [TEST_STEP][PASSED] - selectOptionByIndex: All options with index in [6] are selected on object 'Object Repository/lab/Page_KDMC/select_--Select--Schedule 4X-r'

2018-05-21 13:20:35 - [MESSAGE][PASSED] - All options with index in [6] are selected on object 'Object Repository/lab/Page_KDMC/select_--Select--Schedule 4X-r'

2018-05-21 13:20:35 - [TEST_STEP][PASSED] - selectOptionByIndex: All options with index in [16] are selected on object 'Object Repository/lab/Page_KDMC/select_--Select--Automatic x-r'

2018-05-21 13:20:35 - [MESSAGE][PASSED] - All options with index in [16] are selected on object 'Object Repository/lab/Page_KDMC/select_--Select--Automatic x-r'

2018-05-21 13:20:35 - [TEST_STEP][PASSED] - setText: Text '10' is set on object 'Object Repository/lab/Page_KDMC/input_txttreat'

2018-05-21 13:20:35 - [MESSAGE][PASSED] - Text '10' is set on object 'Object Repository/lab/Page_KDMC/input_txttreat'

2018-05-21 13:20:35 - [TEST_STEP][PASSED] - click: Object: 'Object Repository/lab/Page_KDMC/button_Add' is clicked on

2018-05-21 13:20:35 - [MESSAGE][PASSED] - Object: 'Object Repository/lab/Page_KDMC/button_Add' is clicked on

2018-05-21 13:20:35 - [TEST_STEP][PASSED] - selectOptionByIndex: All options with index in [6] are selected on object 'Object Repository/lab/Page_KDMC/select_--Select--Schedule 4X-r'

2018-05-21 13:20:35 - [MESSAGE][PASSED] - All options with index in [6] are selected on object 'Object Repository/lab/Page_KDMC/select_--Select--Schedule 4X-r'

2018-05-21 13:20:35 - [TEST_STEP][PASSED] - selectOptionByIndex: All options with index in [17] are selected on object 'Object Repository/lab/Page_KDMC/select_--Select--Automatic x-r'

2018-05-21 13:20:35 - [MESSAGE][PASSED] - All options with index in [17] are selected on object 'Object Repository/lab/Page_KDMC/select_--Select--Automatic x-r'

2018-05-21 13:20:35 - [TEST_STEP][PASSED] - setText: Text '10' is set on object 'Object Repository/lab/Page_KDMC/input_txttreat'

2018-05-21 13:20:35 - [MESSAGE][PASSED] - Text '10' is set on object 'Object Repository/lab/Page_KDMC/input_txttreat'

2018-05-21 13:20:35 - [TEST_STEP][PASSED] - click: Object: 'Object Repository/lab/Page_KDMC/button_Add' is clicked on

2018-05-21 13:20:36 - [MESSAGE][PASSED] - Object: 'Object Repository/lab/Page_KDMC/button_Add' is clicked on

2018-05-21 13:20:36 - [TEST_STEP][PASSED] - selectOptionByIndex: All options with index in [6] are selected on object 'Object Repository/lab/Page_KDMC/select_--Select--Schedule 4X-r'

2018-05-21 13:20:36 - [MESSAGE][PASSED] - All options with index in [6] are selected on object 'Object Repository/lab/Page_KDMC/select_--Select--Schedule 4X-r'

2018-05-21 13:20:36 - [TEST_STEP][PASSED] - selectOptionByIndex: All options with index in [18] are selected on object 'Object Repository/lab/Page_KDMC/select_--Select--Automatic x-r'

2018-05-21 13:20:36 - [MESSAGE][PASSED] - All options with index in [18] are selected on object 'Object Repository/lab/Page_KDMC/select_--Select--Automatic x-r'

2018-05-21 13:20:36 - [TEST_STEP][PASSED] - setText: Text '10' is set on object 'Object Repository/lab/Page_KDMC/input_txttreat'

2018-05-21 13:20:36 - [MESSAGE][PASSED] - Text '10' is set on object 'Object Repository/lab/Page_KDMC/input_txttreat'

2018-05-21 13:20:36 - [TEST_STEP][PASSED] - click: Object: 'Object Repository/lab/Page_KDMC/button_Add' is clicked on

2018-05-21 13:20:36 - [MESSAGE][PASSED] - Object: 'Object Repository/lab/Page_KDMC/button_Add' is clicked on

2018-05-21 13:20:36 - [TEST_STEP][PASSED] - selectOptionByIndex: All options with index in [6] are selected on object 'Object Repository/lab/Page_KDMC/select_--Select--Schedule 4X-r'

2018-05-21 13:20:36 - [MESSAGE][PASSED] - All options with index in [6] are selected on object 'Object Repository/lab/Page_KDMC/select_--Select--Schedule 4X-r'

2018-05-21 13:20:36 - [TEST_STEP][PASSED] - selectOptionByIndex: All options with index in [19] are selected on object 'Object Repository/lab/Page_KDMC/select_--Select--Automatic x-r'

2018-05-21 13:20:37 - [MESSAGE][PASSED] - All options with index in [19] are selected on object 'Object Repository/lab/Page_KDMC/select_--Select--Automatic x-r'

2018-05-21 13:20:37 - [TEST_STEP][PASSED] - setText: Text '10' is set on object 'Object Repository/lab/Page_KDMC/input_txttreat'

2018-05-21 13:20:37 - [MESSAGE][PASSED] - Text '10' is set on object 'Object Repository/lab/Page_KDMC/input_txttreat'

2018-05-21 13:20:37 - [TEST_STEP][PASSED] - click: Object: 'Object Repository/lab/Page_KDMC/button_Add' is clicked on

2018-05-21 13:20:37 - [MESSAGE][PASSED] - Object: 'Object Repository/lab/Page_KDMC/button_Add' is clicked on

2018-05-21 13:20:37 - [TEST_STEP][PASSED] - selectOptionByIndex: All options with index in [6] are selected on object 'Object Repository/lab/Page_KDMC/select_--Select--Schedule 4X-r'

2018-05-21 13:20:37 - [MESSAGE][PASSED] - All options with index in [6] are selected on object 'Object Repository/lab/Page_KDMC/select_--Select--Schedule 4X-r'

2018-05-21 13:20:37 - [TEST_STEP][PASSED] - selectOptionByIndex: All options with index in [20] are selected on object 'Object Repository/lab/Page_KDMC/select_--Select--Automatic x-r'

2018-05-21 13:20:37 - [MESSAGE][PASSED] - All options with index in [20] are selected on object 'Object Repository/lab/Page_KDMC/select_--Select--Automatic x-r'

2018-05-21 13:20:37 - [TEST_STEP][PASSED] - setText: Text '10' is set on object 'Object Repository/lab/Page_KDMC/input_txttreat'

2018-05-21 13:20:37 - [MESSAGE][PASSED] - Text '10' is set on object 'Object Repository/lab/Page_KDMC/input_txttreat'

2018-05-21 13:20:37 - [TEST_STEP][PASSED] - click: Object: 'Object Repository/lab/Page_KDMC/button_Add' is clicked on

2018-05-21 13:20:37 - [MESSAGE][PASSED] - Object: 'Object Repository/lab/Page_KDMC/button_Add' is clicked on

2018-05-21 13:20:37 - [TEST_STEP][PASSED] - selectOptionByIndex: All options with index in [6] are selected on object 'Object Repository/lab/Page_KDMC/select_--Select--Schedule 4X-r'

2018-05-21 13:20:37 - [MESSAGE][PASSED] - All options with index in [6] are selected on object 'Object Repository/lab/Page_KDMC/select_--Select--Schedule 4X-r'

2018-05-21 13:20:37 - [TEST_STEP][PASSED] - selectOptionByIndex: All options with index in [21] are selected on object 'Object Repository/lab/Page_KDMC/select_--Select--Automatic x-r'

2018-05-21 13:20:38 - [MESSAGE][PASSED] - All options with index in [21] are selected on object 'Object Repository/lab/Page_KDMC/select_--Select--Automatic x-r'

2018-05-21 13:20:38 - [TEST_STEP][PASSED] - setText: Text '10' is set on object 'Object Repository/lab/Page_KDMC/input_txttreat'

2018-05-21 13:20:38 - [MESSAGE][PASSED] - Text '10' is set on object 'Object Repository/lab/Page_KDMC/input_txttreat'

2018-05-21 13:20:38 - [TEST_STEP][PASSED] - click: Object: 'Object Repository/lab/Page_KDMC/button_Add' is clicked on

2018-05-21 13:20:38 - [MESSAGE][PASSED] - Object: 'Object Repository/lab/Page_KDMC/button_Add' is clicked on

2018-05-21 13:20:38 - [TEST_STEP][PASSED] - selectOptionByIndex: All options with index in [6] are selected on object 'Object Repository/lab/Page_KDMC/select_--Select--Schedule 4X-r'

2018-05-21 13:20:38 - [MESSAGE][PASSED] - All options with index in [6] are selected on object 'Object Repository/lab/Page_KDMC/select_--Select--Schedule 4X-r'

2018-05-21 13:20:38 - [TEST_STEP][PASSED] - selectOptionByIndex: All options with index in [22] are selected on object 'Object Repository/lab/Page_KDMC/select_--Select--Automatic x-r'

2018-05-21 13:20:39 - [MESSAGE][PASSED] - All options with index in [22] are selected on object 'Object Repository/lab/Page_KDMC/select_--Select--Automatic x-r'

2018-05-21 13:20:39 - [TEST_STEP][PASSED] - setText: Text '10' is set on object 'Object Repository/lab/Page_KDMC/input_txttreat'

2018-05-21 13:20:39 - [MESSAGE][PASSED] - Text '10' is set on object 'Object Repository/lab/Page_KDMC/input_txttreat'

2018-05-21 13:20:39 - [TEST_STEP][PASSED] - click: Object: 'Object Repository/lab/Page_KDMC/button_Add' is clicked on

2018-05-21 13:20:39 - [MESSAGE][PASSED] - Object: 'Object Repository/lab/Page_KDMC/button_Add' is clicked on

2018-05-21 13:20:39 - [TEST_STEP][PASSED] - selectOptionByIndex: All options with index in [6] are selected on object 'Object Repository/lab/Page_KDMC/select_--Select--Schedule 4X-r'

2018-05-21 13:20:39 - [MESSAGE][PASSED] - All options with index in [6] are selected on object 'Object Repository/lab/Page_KDMC/select_--Select--Schedule 4X-r'

2018-05-21 13:20:39 - [TEST_STEP][PASSED] - selectOptionByIndex: All options with index in [23] are selected on object 'Object Repository/lab/Page_KDMC/select_--Select--Automatic x-r'

2018-05-21 13:20:39 - [MESSAGE][PASSED] - All options with index in [23] are selected on object 'Object Repository/lab/Page_KDMC/select_--Select--Automatic x-r'

2018-05-21 13:20:39 - [TEST_STEP][PASSED] - setText: Text '10' is set on object 'Object Repository/lab/Page_KDMC/input_txttreat'

2018-05-21 13:20:39 - [MESSAGE][PASSED] - Text '10' is set on object 'Object Repository/lab/Page_KDMC/input_txttreat'

2018-05-21 13:20:39 - [TEST_STEP][PASSED] - click: Object: 'Object Repository/lab/Page_KDMC/button_Add' is clicked on

2018-05-21 13:20:39 - [MESSAGE][PASSED] - Object: 'Object Repository/lab/Page_KDMC/button_Add' is clicked on

2018-05-21 13:20:39 - [TEST_STEP][PASSED] - selectOptionByIndex: All options with index in [6] are selected on object 'Object Repository/lab/Page_KDMC/select_--Select--Schedule 4X-r'

2018-05-21 13:20:40 - [MESSAGE][PASSED] - All options with index in [6] are selected on object 'Object Repository/lab/Page_KDMC/select_--Select--Schedule 4X-r'

2018-05-21 13:20:40 - [TEST_STEP][PASSED] - selectOptionByIndex: All options with index in [24] are selected on object 'Object Repository/lab/Page_KDMC/select_--Select--Automatic x-r'

2018-05-21 13:20:40 - [MESSAGE][PASSED] - All options with index in [24] are selected on object 'Object Repository/lab/Page_KDMC/select_--Select--Automatic x-r'

2018-05-21 13:20:40 - [TEST_STEP][PASSED] - setText: Text '10' is set on object 'Object Repository/lab/Page_KDMC/input_txttreat'

2018-05-21 13:20:40 - [MESSAGE][PASSED] - Text '10' is set on object 'Object Repository/lab/Page_KDMC/input_txttreat'

2018-05-21 13:20:40 - [TEST_STEP][PASSED] - click: Object: 'Object Repository/lab/Page_KDMC/button_Add' is clicked on

2018-05-21 13:20:40 - [MESSAGE][PASSED] - Object: 'Object Repository/lab/Page_KDMC/button_Add' is clicked on

2018-05-21 13:20:40 - [TEST_STEP][PASSED] - selectOptionByIndex: All options with index in [6] are selected on object 'Object Repository/lab/Page_KDMC/select_--Select--Schedule 4X-r'

2018-05-21 13:20:40 - [MESSAGE][PASSED] - All options with index in [6] are selected on object 'Object Repository/lab/Page_KDMC/select_--Select--Schedule 4X-r'

2018-05-21 13:20:40 - [TEST_STEP][PASSED] - selectOptionByIndex: All options with index in [25] are selected on object 'Object Repository/lab/Page_KDMC/select_--Select--Automatic x-r'

2018-05-21 13:20:41 - [MESSAGE][PASSED] - All options with index in [25] are selected on object 'Object Repository/lab/Page_KDMC/select_--Select--Automatic x-r'

2018-05-21 13:20:41 - [TEST_STEP][PASSED] - setText: Text '10' is set on object 'Object Repository/lab/Page_KDMC/input_txttreat'

2018-05-21 13:20:41 - [MESSAGE][PASSED] - Text '10' is set on object 'Object Repository/lab/Page_KDMC/input_txttreat'

2018-05-21 13:20:41 - [TEST_STEP][PASSED] - click: Object: 'Object Repository/lab/Page_KDMC/button_Add' is clicked on

2018-05-21 13:20:41 - [MESSAGE][PASSED] - Object: 'Object Repository/lab/Page_KDMC/button_Add' is clicked on

2018-05-21 13:20:41 - [TEST_STEP][PASSED] - selectOptionByIndex: All options with index in [6] are selected on object 'Object Repository/lab/Page_KDMC/select_--Select--Schedule 4X-r'

2018-05-21 13:20:41 - [MESSAGE][PASSED] - All options with index in [6] are selected on object 'Object Repository/lab/Page_KDMC/select_--Select--Schedule 4X-r'

2018-05-21 13:20:41 - [TEST_STEP][PASSED] - selectOptionByIndex: All options with index in [26] are selected on object 'Object Repository/lab/Page_KDMC/select_--Select--Automatic x-r'

2018-05-21 13:20:41 - [MESSAGE][PASSED] - All options with index in [26] are selected on object 'Object Repository/lab/Page_KDMC/select_--Select--Automatic x-r'

2018-05-21 13:20:41 - [TEST_STEP][PASSED] - setText: Text '10' is set on object 'Object Repository/lab/Page_KDMC/input_txttreat'

2018-05-21 13:20:41 - [MESSAGE][PASSED] - Text '10' is set on object 'Object Repository/lab/Page_KDMC/input_txttreat'

2018-05-21 13:20:41 - [TEST_STEP][PASSED] - click: Object: 'Object Repository/lab/Page_KDMC/button_Add' is clicked on

2018-05-21 13:20:41 - [MESSAGE][PASSED] - Object: 'Object Repository/lab/Page_KDMC/button_Add' is clicked on

2018-05-21 13:20:41 - [TEST_STEP][PASSED] - selectOptionByIndex: All options with index in [6] are selected on object 'Object Repository/lab/Page_KDMC/select_--Select--Schedule 4X-r'

2018-05-21 13:20:42 - [MESSAGE][PASSED] - All options with index in [6] are selected on object 'Object Repository/lab/Page_KDMC/select_--Select--Schedule 4X-r'

2018-05-21 13:20:42 - [TEST_STEP][PASSED] - selectOptionByIndex: All options with index in [27] are selected on object 'Object Repository/lab/Page_KDMC/select_--Select--Automatic x-r'

2018-05-21 13:20:42 - [MESSAGE][PASSED] - All options with index in [27] are selected on object 'Object Repository/lab/Page_KDMC/select_--Select--Automatic x-r'

2018-05-21 13:20:42 - [TEST_STEP][PASSED] - setText: Text '10' is set on object 'Object Repository/lab/Page_KDMC/input_txttreat'

2018-05-21 13:20:42 - [MESSAGE][PASSED] - Text '10' is set on object 'Object Repository/lab/Page_KDMC/input_txttreat'

2018-05-21 13:20:42 - [TEST_STEP][PASSED] - click: Object: 'Object Repository/lab/Page_KDMC/button_Add' is clicked on

2018-05-21 13:20:42 - [MESSAGE][PASSED] - Object: 'Object Repository/lab/Page_KDMC/button_Add' is clicked on

2018-05-21 13:20:42 - [TEST_STEP][PASSED] - selectOptionByIndex: All options with index in [6] are selected on object 'Object Repository/lab/Page_KDMC/select_--Select--Schedule 4X-r'

2018-05-21 13:20:42 - [MESSAGE][PASSED] - All options with index in [6] are selected on object 'Object Repository/lab/Page_KDMC/select_--Select--Schedule 4X-r'

2018-05-21 13:20:42 - [TEST_STEP][PASSED] - selectOptionByIndex: All options with index in [28] are selected on object 'Object Repository/lab/Page_KDMC/select_--Select--Automatic x-r'

2018-05-21 13:20:43 - [MESSAGE][PASSED] - All options with index in [28] are selected on object 'Object Repository/lab/Page_KDMC/select_--Select--Automatic x-r'

2018-05-21 13:20:43 - [TEST_STEP][PASSED] - setText: Text '10' is set on object 'Object Repository/lab/Page_KDMC/input_txttreat'

2018-05-21 13:20:43 - [MESSAGE][PASSED] - Text '10' is set on object 'Object Repository/lab/Page_KDMC/input_txttreat'

2018-05-21 13:20:43 - [TEST_STEP][PASSED] - click: Object: 'Object Repository/lab/Page_KDMC/button_Add' is clicked on

2018-05-21 13:20:43 - [MESSAGE][PASSED] - Object: 'Object Repository/lab/Page_KDMC/button_Add' is clicked on

2018-05-21 13:20:43 - [TEST_STEP][PASSED] - selectOptionByIndex: All options with index in [6] are selected on object 'Object Repository/lab/Page_KDMC/select_--Select--Schedule 4X-r'

2018-05-21 13:20:43 - [MESSAGE][PASSED] - All options with index in [6] are selected on object 'Object Repository/lab/Page_KDMC/select_--Select--Schedule 4X-r'

2018-05-21 13:20:43 - [TEST_STEP][PASSED] - selectOptionByIndex: All options with index in [29] are selected on object 'Object Repository/lab/Page_KDMC/select_--Select--Automatic x-r'

2018-05-21 13:20:43 - [MESSAGE][PASSED] - All options with index in [29] are selected on object 'Object Repository/lab/Page_KDMC/select_--Select--Automatic x-r'

2018-05-21 13:20:43 - [TEST_STEP][PASSED] - setText: Text '10' is set on object 'Object Repository/lab/Page_KDMC/input_txttreat'

2018-05-21 13:20:44 - [MESSAGE][PASSED] - Text '10' is set on object 'Object Repository/lab/Page_KDMC/input_txttreat'

2018-05-21 13:20:44 - [TEST_STEP][PASSED] - click: Object: 'Object Repository/lab/Page_KDMC/button_Add' is clicked on

2018-05-21 13:20:44 - [MESSAGE][PASSED] - Object: 'Object Repository/lab/Page_KDMC/button_Add' is clicked on

2018-05-21 13:20:44 - [TEST_STEP][PASSED] - selectOptionByIndex: All options with index in [6] are selected on object 'Object Repository/lab/Page_KDMC/select_--Select--Schedule 4X-r'

2018-05-21 13:20:44 - [MESSAGE][PASSED] - All options with index in [6] are selected on object 'Object Repository/lab/Page_KDMC/select_--Select--Schedule 4X-r'

2018-05-21 13:20:44 - [TEST_STEP][PASSED] - selectOptionByIndex: All options with index in [30] are selected on object 'Object Repository/lab/Page_KDMC/select_--Select--Automatic x-r'

2018-05-21 13:20:44 - [MESSAGE][PASSED] - All options with index in [30] are selected on object 'Object Repository/lab/Page_KDMC/select_--Select--Automatic x-r'

2018-05-21 13:20:44 - [TEST_STEP][PASSED] - setText: Text '10' is set on object 'Object Repository/lab/Page_KDMC/input_txttreat'

2018-05-21 13:20:44 - [MESSAGE][PASSED] - Text '10' is set on object 'Object Repository/lab/Page_KDMC/input_txttreat'

2018-05-21 13:20:44 - [TEST_STEP][PASSED] - click: Object: 'Object Repository/lab/Page_KDMC/button_Add' is clicked on

2018-05-21 13:20:44 - [MESSAGE][PASSED] - Object: 'Object Repository/lab/Page_KDMC/button_Add' is clicked on

2018-05-21 13:20:44 - [TEST_STEP][PASSED] - selectOptionByIndex: All options with index in [6] are selected on object 'Object Repository/lab/Page_KDMC/select_--Select--Schedule 4X-r'

2018-05-21 13:20:45 - [MESSAGE][PASSED] - All options with index in [6] are selected on object 'Object Repository/lab/Page_KDMC/select_--Select--Schedule 4X-r'

2018-05-21 13:20:45 - [TEST_STEP][PASSED] - selectOptionByIndex: All options with index in [31] are selected on object 'Object Repository/lab/Page_KDMC/select_--Select--Automatic x-r'

2018-05-21 13:20:45 - [MESSAGE][PASSED] - All options with index in [31] are selected on object 'Object Repository/lab/Page_KDMC/select_--Select--Automatic x-r'

2018-05-21 13:20:45 - [TEST_STEP][PASSED] - setText: Text '10' is set on object 'Object Repository/lab/Page_KDMC/input_txttreat'

2018-05-21 13:20:45 - [MESSAGE][PASSED] - Text '10' is set on object 'Object Repository/lab/Page_KDMC/input_txttreat'

2018-05-21 13:20:45 - [TEST_STEP][PASSED] - click: Object: 'Object Repository/lab/Page_KDMC/button_Add' is clicked on

2018-05-21 13:20:45 - [MESSAGE][PASSED] - Object: 'Object Repository/lab/Page_KDMC/button_Add' is clicked on

2018-05-21 13:20:45 - [TEST_STEP][PASSED] - selectOptionByIndex: All options with index in [6] are selected on object 'Object Repository/lab/Page_KDMC/select_--Select--Schedule 4X-r'

2018-05-21 13:20:45 - [MESSAGE][PASSED] - All options with index in [6] are selected on object 'Object Repository/lab/Page_KDMC/select_--Select--Schedule 4X-r'

2018-05-21 13:20:45 - [TEST_STEP][PASSED] - selectOptionByIndex: All options with index in [32] are selected on object 'Object Repository/lab/Page_KDMC/select_--Select--Automatic x-r'

2018-05-21 13:20:46 - [MESSAGE][PASSED] - All options with index in [32] are selected on object 'Object Repository/lab/Page_KDMC/select_--Select--Automatic x-r'

2018-05-21 13:20:46 - [TEST_STEP][PASSED] - setText: Text '10' is set on object 'Object Repository/lab/Page_KDMC/input_txttreat'

2018-05-21 13:20:46 - [MESSAGE][PASSED] - Text '10' is set on object 'Object Repository/lab/Page_KDMC/input_txttreat'

2018-05-21 13:20:46 - [TEST_STEP][PASSED] - click: Object: 'Object Repository/lab/Page_KDMC/button_Add' is clicked on

2018-05-21 13:20:46 - [MESSAGE][PASSED] - Object: 'Object Repository/lab/Page_KDMC/button_Add' is clicked on

2018-05-21 13:20:46 - [TEST_STEP][PASSED] - selectOptionByIndex: All options with index in [6] are selected on object 'Object Repository/lab/Page_KDMC/select_--Select--Schedule 4X-r'

2018-05-21 13:20:46 - [MESSAGE][PASSED] - All options with index in [6] are selected on object 'Object Repository/lab/Page_KDMC/select_--Select--Schedule 4X-r'

2018-05-21 13:20:46 - [TEST_STEP][PASSED] - selectOptionByIndex: All options with index in [33] are selected on object 'Object Repository/lab/Page_KDMC/select_--Select--Automatic x-r'

2018-05-21 13:20:47 - [MESSAGE][PASSED] - All options with index in [33] are selected on object 'Object Repository/lab/Page_KDMC/select_--Select--Automatic x-r'

2018-05-21 13:20:47 - [TEST_STEP][PASSED] - setText: Text '10' is set on object 'Object Repository/lab/Page_KDMC/input_txttreat'

2018-05-21 13:20:47 - [MESSAGE][PASSED] - Text '10' is set on object 'Object Repository/lab/Page_KDMC/input_txttreat'

2018-05-21 13:20:47 - [TEST_STEP][PASSED] - click: Object: 'Object Repository/lab/Page_KDMC/button_Add' is clicked on

2018-05-21 13:20:47 - [MESSAGE][PASSED] - Object: 'Object Repository/lab/Page_KDMC/button_Add' is clicked on

2018-05-21 13:20:47 - [TEST_STEP][PASSED] - selectOptionByIndex: All options with index in [6] are selected on object 'Object Repository/lab/Page_KDMC/select_--Select--Schedule 4X-r'

2018-05-21 13:20:47 - [MESSAGE][PASSED] - All options with index in [6] are selected on object 'Object Repository/lab/Page_KDMC/select_--Select--Schedule 4X-r'

2018-05-21 13:20:47 - [TEST_STEP][PASSED] - selectOptionByIndex: All options with index in [34] are selected on object 'Object Repository/lab/Page_KDMC/select_--Select--Automatic x-r'

2018-05-21 13:20:48 - [MESSAGE][PASSED] - All options with index in [34] are selected on object 'Object Repository/lab/Page_KDMC/select_--Select--Automatic x-r'

2018-05-21 13:20:48 - [TEST_STEP][PASSED] - setText: Text '10' is set on object 'Object Repository/lab/Page_KDMC/input_txttreat'

2018-05-21 13:20:48 - [MESSAGE][PASSED] - Text '10' is set on object 'Object Repository/lab/Page_KDMC/input_txttreat'

2018-05-21 13:20:48 - [TEST_STEP][PASSED] - click: Object: 'Object Repository/lab/Page_KDMC/button_Add' is clicked on

2018-05-21 13:20:48 - [MESSAGE][PASSED] - Object: 'Object Repository/lab/Page_KDMC/button_Add' is clicked on

2018-05-21 13:20:48 - [TEST_STEP][PASSED] - selectOptionByIndex: All options with index in [6] are selected on object 'Object Repository/lab/Page_KDMC/select_--Select--Schedule 4X-r'

2018-05-21 13:20:48 - [MESSAGE][PASSED] - All options with index in [6] are selected on object 'Object Repository/lab/Page_KDMC/select_--Select--Schedule 4X-r'

2018-05-21 13:20:48 - [TEST_STEP][PASSED] - selectOptionByIndex: All options with index in [35] are selected on object 'Object Repository/lab/Page_KDMC/select_--Select--Automatic x-r'

2018-05-21 13:20:48 - [MESSAGE][PASSED] - All options with index in [35] are selected on object 'Object Repository/lab/Page_KDMC/select_--Select--Automatic x-r'

2018-05-21 13:20:48 - [TEST_STEP][PASSED] - setText: Text '10' is set on object 'Object Repository/lab/Page_KDMC/input_txttreat'

2018-05-21 13:20:49 - [MESSAGE][PASSED] - Text '10' is set on object 'Object Repository/lab/Page_KDMC/input_txttreat'

2018-05-21 13:20:49 - [TEST_STEP][PASSED] - click: Object: 'Object Repository/lab/Page_KDMC/button_Add' is clicked on

2018-05-21 13:20:49 - [MESSAGE][PASSED] - Object: 'Object Repository/lab/Page_KDMC/button_Add' is clicked on

2018-05-21 13:20:49 - [TEST_STEP][PASSED] - selectOptionByIndex: All options with index in [6] are selected on object 'Object Repository/lab/Page_KDMC/select_--Select--Schedule 4X-r'

2018-05-21 13:20:49 - [MESSAGE][PASSED] - All options with index in [6] are selected on object 'Object Repository/lab/Page_KDMC/select_--Select--Schedule 4X-r'

2018-05-21 13:20:49 - [TEST_STEP][PASSED] - selectOptionByIndex: All options with index in [36] are selected on object 'Object Repository/lab/Page_KDMC/select_--Select--Automatic x-r'

2018-05-21 13:20:49 - [MESSAGE][PASSED] - All options with index in [36] are selected on object 'Object Repository/lab/Page_KDMC/select_--Select--Automatic x-r'

2018-05-21 13:20:49 - [TEST_STEP][PASSED] - setText: Text '10' is set on object 'Object Repository/lab/Page_KDMC/input_txttreat'

2018-05-21 13:20:49 - [MESSAGE][PASSED] - Text '10' is set on object 'Object Repository/lab/Page_KDMC/input_txttreat'

2018-05-21 13:20:49 - [TEST_STEP][PASSED] - click: Object: 'Object Repository/lab/Page_KDMC/button_Add' is clicked on

2018-05-21 13:20:49 - [MESSAGE][PASSED] - Object: 'Object Repository/lab/Page_KDMC/button_Add' is clicked on

2018-05-21 13:20:49 - [TEST_STEP][PASSED] - selectOptionByIndex: All options with index in [6] are selected on object 'Object Repository/lab/Page_KDMC/select_--Select--Schedule 4X-r'

2018-05-21 13:20:50 - [MESSAGE][PASSED] - All options with index in [6] are selected on object 'Object Repository/lab/Page_KDMC/select_--Select--Schedule 4X-r'

2018-05-21 13:20:50 - [TEST_STEP][PASSED] - selectOptionByIndex: All options with index in [37] are selected on object 'Object Repository/lab/Page_KDMC/select_--Select--Automatic x-r'

2018-05-21 13:20:50 - [MESSAGE][PASSED] - All options with index in [37] are selected on object 'Object Repository/lab/Page_KDMC/select_--Select--Automatic x-r'

2018-05-21 13:20:50 - [TEST_STEP][PASSED] - setText: Text '10' is set on object 'Object Repository/lab/Page_KDMC/input_txttreat'

2018-05-21 13:20:50 - [MESSAGE][PASSED] - Text '10' is set on object 'Object Repository/lab/Page_KDMC/input_txttreat'

2018-05-21 13:20:50 - [TEST_STEP][PASSED] - click: Object: 'Object Repository/lab/Page_KDMC/button_Add' is clicked on

2018-05-21 13:20:50 - [MESSAGE][PASSED] - Object: 'Object Repository/lab/Page_KDMC/button_Add' is clicked on

2018-05-21 13:20:50 - [TEST_STEP][PASSED] - selectOptionByIndex: All options with index in [6] are selected on object 'Object Repository/lab/Page_KDMC/select_--Select--Schedule 4X-r'

2018-05-21 13:20:50 - [MESSAGE][PASSED] - All options with index in [6] are selected on object 'Object Repository/lab/Page_KDMC/select_--Select--Schedule 4X-r'

2018-05-21 13:20:50 - [TEST_STEP][PASSED] - selectOptionByIndex: All options with index in [38] are selected on object 'Object Repository/lab/Page_KDMC/select_--Select--Automatic x-r'

2018-05-21 13:20:51 - [MESSAGE][PASSED] - All options with index in [38] are selected on object 'Object Repository/lab/Page_KDMC/select_--Select--Automatic x-r'

2018-05-21 13:20:51 - [TEST_STEP][PASSED] - setText: Text '10' is set on object 'Object Repository/lab/Page_KDMC/input_txttreat'

2018-05-21 13:20:51 - [MESSAGE][PASSED] - Text '10' is set on object 'Object Repository/lab/Page_KDMC/input_txttreat'

2018-05-21 13:20:51 - [TEST_STEP][PASSED] - click: Object: 'Object Repository/lab/Page_KDMC/button_Add' is clicked on

2018-05-21 13:20:51 - [MESSAGE][PASSED] - Object: 'Object Repository/lab/Page_KDMC/button_Add' is clicked on

2018-05-21 13:20:51 - [TEST_STEP][PASSED] - selectOptionByIndex: All options with index in [6] are selected on object 'Object Repository/lab/Page_KDMC/select_--Select--Schedule 4X-r'

2018-05-21 13:20:51 - [MESSAGE][PASSED] - All options with index in [6] are selected on object 'Object Repository/lab/Page_KDMC/select_--Select--Schedule 4X-r'

2018-05-21 13:20:51 - [TEST_STEP][PASSED] - selectOptionByIndex: All options with index in [39] are selected on object 'Object Repository/lab/Page_KDMC/select_--Select--Automatic x-r'

2018-05-21 13:20:52 - [MESSAGE][PASSED] - All options with index in [39] are selected on object 'Object Repository/lab/Page_KDMC/select_--Select--Automatic x-r'

2018-05-21 13:20:52 - [TEST_STEP][PASSED] - setText: Text '10' is set on object 'Object Repository/lab/Page_KDMC/input_txttreat'

2018-05-21 13:20:52 - [MESSAGE][PASSED] - Text '10' is set on object 'Object Repository/lab/Page_KDMC/input_txttreat'

2018-05-21 13:20:52 - [TEST_STEP][PASSED] - click: Object: 'Object Repository/lab/Page_KDMC/button_Add' is clicked on

2018-05-21 13:20:52 - [MESSAGE][PASSED] - Object: 'Object Repository/lab/Page_KDMC/button_Add' is clicked on

2018-05-21 13:20:52 - [TEST_STEP][PASSED] - selectOptionByIndex: All options with index in [6] are selected on object 'Object Repository/lab/Page_KDMC/select_--Select--Schedule 4X-r'

2018-05-21 13:20:52 - [MESSAGE][PASSED] - All options with index in [6] are selected on object 'Object Repository/lab/Page_KDMC/select_--Select--Schedule 4X-r'

2018-05-21 13:20:52 - [TEST_STEP][PASSED] - selectOptionByIndex: All options with index in [40] are selected on object 'Object Repository/lab/Page_KDMC/select_--Select--Automatic x-r'

2018-05-21 13:20:52 - [MESSAGE][PASSED] - All options with index in [40] are selected on object 'Object Repository/lab/Page_KDMC/select_--Select--Automatic x-r'

2018-05-21 13:20:52 - [TEST_STEP][PASSED] - setText: Text '10' is set on object 'Object Repository/lab/Page_KDMC/input_txttreat'

2018-05-21 13:20:52 - [MESSAGE][PASSED] - Text '10' is set on object 'Object Repository/lab/Page_KDMC/input_txttreat'

2018-05-21 13:20:52 - [TEST_STEP][PASSED] - click: Object: 'Object Repository/lab/Page_KDMC/button_Add' is clicked on

2018-05-21 13:20:53 - [MESSAGE][PASSED] - Object: 'Object Repository/lab/Page_KDMC/button_Add' is clicked on

2018-05-21 13:20:53 - [TEST_STEP][PASSED] - selectOptionByIndex: All options with index in [6] are selected on object 'Object Repository/lab/Page_KDMC/select_--Select--Schedule 4X-r'

2018-05-21 13:20:53 - [MESSAGE][PASSED] - All options with index in [6] are selected on object 'Object Repository/lab/Page_KDMC/select_--Select--Schedule 4X-r'

2018-05-21 13:20:53 - [TEST_STEP][PASSED] - selectOptionByIndex: All options with index in [41] are selected on object 'Object Repository/lab/Page_KDMC/select_--Select--Automatic x-r'

2018-05-21 13:20:53 - [MESSAGE][PASSED] - All options with index in [41] are selected on object 'Object Repository/lab/Page_KDMC/select_--Select--Automatic x-r'

2018-05-21 13:20:53 - [TEST_STEP][PASSED] - setText: Text '10' is set on object 'Object Repository/lab/Page_KDMC/input_txttreat'

2018-05-21 13:20:53 - [MESSAGE][PASSED] - Text '10' is set on object 'Object Repository/lab/Page_KDMC/input_txttreat'

2018-05-21 13:20:53 - [TEST_STEP][PASSED] - click: Object: 'Object Repository/lab/Page_KDMC/button_Add' is clicked on

2018-05-21 13:20:53 - [MESSAGE][PASSED] - Object: 'Object Repository/lab/Page_KDMC/button_Add' is clicked on

2018-05-21 13:20:53 - [TEST_STEP][PASSED] - selectOptionByIndex: All options with index in [6] are selected on object 'Object Repository/lab/Page_KDMC/select_--Select--Schedule 4X-r'

2018-05-21 13:20:54 - [MESSAGE][PASSED] - All options with index in [6] are selected on object 'Object Repository/lab/Page_KDMC/select_--Select--Schedule 4X-r'

2018-05-21 13:20:54 - [TEST_STEP][PASSED] - selectOptionByIndex: All options with index in [42] are selected on object 'Object Repository/lab/Page_KDMC/select_--Select--Automatic x-r'

2018-05-21 13:20:54 - [MESSAGE][PASSED] - All options with index in [42] are selected on object 'Object Repository/lab/Page_KDMC/select_--Select--Automatic x-r'

2018-05-21 13:20:54 - [TEST_STEP][PASSED] - setText: Text '10' is set on object 'Object Repository/lab/Page_KDMC/input_txttreat'

2018-05-21 13:20:54 - [MESSAGE][PASSED] - Text '10' is set on object 'Object Repository/lab/Page_KDMC/input_txttreat'

2018-05-21 13:20:54 - [TEST_STEP][PASSED] - click: Object: 'Object Repository/lab/Page_KDMC/button_Add' is clicked on

2018-05-21 13:20:54 - [MESSAGE][PASSED] - Object: 'Object Repository/lab/Page_KDMC/button_Add' is clicked on

2018-05-21 13:20:54 - [TEST_STEP][PASSED] - selectOptionByIndex: All options with index in [6] are selected on object 'Object Repository/lab/Page_KDMC/select_--Select--Schedule 4X-r'

2018-05-21 13:20:55 - [MESSAGE][PASSED] - All options with index in [6] are selected on object 'Object Repository/lab/Page_KDMC/select_--Select--Schedule 4X-r'

2018-05-21 13:20:55 - [TEST_STEP][PASSED] - selectOptionByIndex: All options with index in [43] are selected on object 'Object Repository/lab/Page_KDMC/select_--Select--Automatic x-r'

2018-05-21 13:20:55 - [MESSAGE][PASSED] - All options with index in [43] are selected on object 'Object Repository/lab/Page_KDMC/select_--Select--Automatic x-r'

2018-05-21 13:20:55 - [TEST_STEP][PASSED] - setText: Text '10' is set on object 'Object Repository/lab/Page_KDMC/input_txttreat'

2018-05-21 13:20:55 - [MESSAGE][PASSED] - Text '10' is set on object 'Object Repository/lab/Page_KDMC/input_txttreat'

2018-05-21 13:20:55 - [TEST_STEP][PASSED] - click: Object: 'Object Repository/lab/Page_KDMC/button_Add' is clicked on

2018-05-21 13:20:55 - [MESSAGE][PASSED] - Object: 'Object Repository/lab/Page_KDMC/button_Add' is clicked on

2018-05-21 13:20:55 - [TEST_STEP][PASSED] - selectOptionByIndex: All options with index in [6] are selected on object 'Object Repository/lab/Page_KDMC/select_--Select--Schedule 4X-r'

2018-05-21 13:20:56 - [MESSAGE][PASSED] - All options with index in [6] are selected on object 'Object Repository/lab/Page_KDMC/select_--Select--Schedule 4X-r'

2018-05-21 13:20:56 - [TEST_STEP][PASSED] - selectOptionByIndex: All options with index in [44] are selected on object 'Object Repository/lab/Page_KDMC/select_--Select--Automatic x-r'

2018-05-21 13:20:56 - [MESSAGE][PASSED] - All options with index in [44] are selected on object 'Object Repository/lab/Page_KDMC/select_--Select--Automatic x-r'

2018-05-21 13:20:56 - [TEST_STEP][PASSED] - setText: Text '10' is set on object 'Object Repository/lab/Page_KDMC/input_txttreat'

2018-05-21 13:20:56 - [MESSAGE][PASSED] - Text '10' is set on object 'Object Repository/lab/Page_KDMC/input_txttreat'

2018-05-21 13:20:56 - [TEST_STEP][PASSED] - click: Object: 'Object Repository/lab/Page_KDMC/button_Add' is clicked on

2018-05-21 13:20:56 - [MESSAGE][PASSED] - Object: 'Object Repository/lab/Page_KDMC/button_Add' is clicked on

2018-05-21 13:20:56 - [TEST_STEP][PASSED] - selectOptionByIndex: All options with index in [6] are selected on object 'Object Repository/lab/Page_KDMC/select_--Select--Schedule 4X-r'

2018-05-21 13:20:56 - [MESSAGE][PASSED] - All options with index in [6] are selected on object 'Object Repository/lab/Page_KDMC/select_--Select--Schedule 4X-r'

2018-05-21 13:20:56 - [TEST_STEP][PASSED] - selectOptionByIndex: All options with index in [45] are selected on object 'Object Repository/lab/Page_KDMC/select_--Select--Automatic x-r'

2018-05-21 13:20:57 - [MESSAGE][PASSED] - All options with index in [45] are selected on object 'Object Repository/lab/Page_KDMC/select_--Select--Automatic x-r'

2018-05-21 13:20:57 - [TEST_STEP][PASSED] - setText: Text '10' is set on object 'Object Repository/lab/Page_KDMC/input_txttreat'

2018-05-21 13:20:57 - [MESSAGE][PASSED] - Text '10' is set on object 'Object Repository/lab/Page_KDMC/input_txttreat'

2018-05-21 13:20:57 - [TEST_STEP][PASSED] - click: Object: 'Object Repository/lab/Page_KDMC/button_Add' is clicked on

2018-05-21 13:20:57 - [MESSAGE][PASSED] - Object: 'Object Repository/lab/Page_KDMC/button_Add' is clicked on

2018-05-21 13:20:57 - [TEST_STEP][PASSED] - selectOptionByIndex: All options with index in [6] are selected on object 'Object Repository/lab/Page_KDMC/select_--Select--Schedule 4X-r'

2018-05-21 13:20:57 - [MESSAGE][PASSED] - All options with index in [6] are selected on object 'Object Repository/lab/Page_KDMC/select_--Select--Schedule 4X-r'

2018-05-21 13:20:57 - [TEST_STEP][PASSED] - selectOptionByIndex: All options with index in [46] are selected on object 'Object Repository/lab/Page_KDMC/select_--Select--Automatic x-r'

2018-05-21 13:20:58 - [MESSAGE][PASSED] - All options with index in [46] are selected on object 'Object Repository/lab/Page_KDMC/select_--Select--Automatic x-r'

2018-05-21 13:20:58 - [TEST_STEP][PASSED] - setText: Text '10' is set on object 'Object Repository/lab/Page_KDMC/input_txttreat'

2018-05-21 13:20:58 - [MESSAGE][PASSED] - Text '10' is set on object 'Object Repository/lab/Page_KDMC/input_txttreat'

2018-05-21 13:20:58 - [TEST_STEP][PASSED] - click: Object: 'Object Repository/lab/Page_KDMC/button_Add' is clicked on

2018-05-21 13:20:58 - [MESSAGE][PASSED] - Object: 'Object Repository/lab/Page_KDMC/button_Add' is clicked on

2018-05-21 13:20:58 - [TEST_STEP][PASSED] - selectOptionByIndex: All options with index in [6] are selected on object 'Object Repository/lab/Page_KDMC/select_--Select--Schedule 4X-r'

2018-05-21 13:20:58 - [MESSAGE][PASSED] - All options with index in [6] are selected on object 'Object Repository/lab/Page_KDMC/select_--Select--Schedule 4X-r'

2018-05-21 13:20:58 - [TEST_STEP][PASSED] - selectOptionByIndex: All options with index in [47] are selected on object 'Object Repository/lab/Page_KDMC/select_--Select--Automatic x-r'

2018-05-21 13:20:59 - [MESSAGE][PASSED] - All options with index in [47] are selected on object 'Object Repository/lab/Page_KDMC/select_--Select--Automatic x-r'

2018-05-21 13:20:59 - [TEST_STEP][PASSED] - setText: Text '10' is set on object 'Object Repository/lab/Page_KDMC/input_txttreat'

2018-05-21 13:20:59 - [MESSAGE][PASSED] - Text '10' is set on object 'Object Repository/lab/Page_KDMC/input_txttreat'

2018-05-21 13:20:59 - [TEST_STEP][PASSED] - click: Object: 'Object Repository/lab/Page_KDMC/button_Add' is clicked on

2018-05-21 13:20:59 - [MESSAGE][PASSED] - Object: 'Object Repository/lab/Page_KDMC/button_Add' is clicked on

2018-05-21 13:20:59 - [TEST_STEP][PASSED] - selectOptionByIndex: All options with index in [6] are selected on object 'Object Repository/lab/Page_KDMC/select_--Select--Schedule 4X-r'

2018-05-21 13:20:59 - [MESSAGE][PASSED] - All options with index in [6] are selected on object 'Object Repository/lab/Page_KDMC/select_--Select--Schedule 4X-r'

2018-05-21 13:20:59 - [TEST_STEP][PASSED] - selectOptionByIndex: All options with index in [48] are selected on object 'Object Repository/lab/Page_KDMC/select_--Select--Automatic x-r'

2018-05-21 13:21:00 - [MESSAGE][PASSED] - All options with index in [48] are selected on object 'Object Repository/lab/Page_KDMC/select_--Select--Automatic x-r'

2018-05-21 13:21:00 - [TEST_STEP][PASSED] - setText: Text '10' is set on object 'Object Repository/lab/Page_KDMC/input_txttreat'

2018-05-21 13:21:00 - [MESSAGE][PASSED] - Text '10' is set on object 'Object Repository/lab/Page_KDMC/input_txttreat'

2018-05-21 13:21:00 - [TEST_STEP][PASSED] - click: Object: 'Object Repository/lab/Page_KDMC/button_Add' is clicked on

2018-05-21 13:21:00 - [MESSAGE][PASSED] - Object: 'Object Repository/lab/Page_KDMC/button_Add' is clicked on

2018-05-21 13:21:00 - [TEST_STEP][PASSED] - selectOptionByIndex: All options with index in [6] are selected on object 'Object Repository/lab/Page_KDMC/select_--Select--Schedule 4X-r'

2018-05-21 13:21:00 - [MESSAGE][PASSED] - All options with index in [6] are selected on object 'Object Repository/lab/Page_KDMC/select_--Select--Schedule 4X-r'

2018-05-21 13:21:00 - [TEST_STEP][PASSED] - selectOptionByIndex: All options with index in [49] are selected on object 'Object Repository/lab/Page_KDMC/select_--Select--Automatic x-r'

2018-05-21 13:21:01 - [MESSAGE][PASSED] - All options with index in [49] are selected on object 'Object Repository/lab/Page_KDMC/select_--Select--Automatic x-r'

2018-05-21 13:21:01 - [TEST_STEP][FAILED] - setText: Unable to set text '10' of object 'Object Repository/lab/Page_KDMC/input_txttreat' (Root cause: org.openqa.selenium.WebDriverException: unknown error: cannot focus element
  (Session info: chrome=66.0.3359.139)
  (Driver info: chromedriver=2.35.528161 (5b82f2d2aae0ca24b877009200ced9065a772e73),platform=Windows NT 10.0.17134 x86_64) (WARNING: The server did not provide any stacktrace information)
Command duration or timeout: 0 milliseconds
Build info: version: '3.7.1', revision: '8a0099a', time: '2017-11-06T21:07:36.161Z'
System info: host: 'DESKTOP-BLFTK83', ip: '192.168.71.2', os.name: 'Windows 10', os.arch: 'amd64', os.version: '10.0', java.version: '1.8.0_102'
Driver info: com.kms.katalon.selenium.driver.CChromeDriver
Capabilities {acceptInsecureCerts: false, acceptSslCerts: false, applicationCacheEnabled: false, browserConnectionEnabled: false, browserName: chrome, chrome: {chromedriverVersion: 2.35.528161 (5b82f2d2aae0ca..., userDataDir: C:\Users\QUALIT~1\AppData\L...}, cssSelectorsEnabled: true, databaseEnabled: false, handlesAlerts: true, hasTouchScreen: false, javascriptEnabled: true, locationContextEnabled: true, mobileEmulationEnabled: false, nativeEvents: true, networkConnectionEnabled: false, pageLoadStrategy: normal, platform: XP, platformName: XP, rotatable: false, setWindowRect: true, takesHeapSnapshot: true, takesScreenshot: true, unexpectedAlertBehaviour: , unhandledPromptBehavior: , version: 66.0.3359.139, webStorageEnabled: true}
Session ID: 6962525d3de95719a28806494fcdb62b)

2018-05-21 13:21:01 - [MESSAGE][FAILED] - Unable to set text '10' of object 'Object Repository/lab/Page_KDMC/input_txttreat' (Root cause: org.openqa.selenium.WebDriverException: unknown error: cannot focus element
  (Session info: chrome=66.0.3359.139)
  (Driver info: chromedriver=2.35.528161 (5b82f2d2aae0ca24b877009200ced9065a772e73),platform=Windows NT 10.0.17134 x86_64) (WARNING: The server did not provide any stacktrace information)
Command duration or timeout: 0 milliseconds
Build info: version: '3.7.1', revision: '8a0099a', time: '2017-11-06T21:07:36.161Z'
System info: host: 'DESKTOP-BLFTK83', ip: '192.168.71.2', os.name: 'Windows 10', os.arch: 'amd64', os.version: '10.0', java.version: '1.8.0_102'
Driver info: com.kms.katalon.selenium.driver.CChromeDriver
Capabilities {acceptInsecureCerts: false, acceptSslCerts: false, applicationCacheEnabled: false, browserConnectionEnabled: false, browserName: chrome, chrome: {chromedriverVersion: 2.35.528161 (5b82f2d2aae0ca..., userDataDir: C:\Users\QUALIT~1\AppData\L...}, cssSelectorsEnabled: true, databaseEnabled: false, handlesAlerts: true, hasTouchScreen: false, javascriptEnabled: true, locationContextEnabled: true, mobileEmulationEnabled: false, nativeEvents: true, networkConnectionEnabled: false, pageLoadStrategy: normal, platform: XP, platformName: XP, rotatable: false, setWindowRect: true, takesHeapSnapshot: true, takesScreenshot: true, unexpectedAlertBehaviour: , unhandledPromptBehavior: , version: 66.0.3359.139, webStorageEnabled: true}
Session ID: 6962525d3de95719a28806494fcdb62b)
[[ATTACHMENT|C:\\Users\\Quality Analyst\\Katalon Studio\\ds\\Reports\\Investigation_Suite\\20180521_095838\\1526889061399.png]]]]></system-out>
         <system-err><![CDATA[2018-05-21 13:20:11 - [TEST_CASE][FAILED] - Test Cases/INVESTIGATION TEST CASES/TC_INV_006 Verify Schedule 11 Investigation Request Are Working Successfully Or No: Test Cases/INVESTIGATION TEST CASES/TC_INV_006 Verify Schedule 11 Investigation Request Are Working Successfully Or No FAILED because (of) Unable to set text '10' of object 'Object Repository/lab/Page_KDMC/input_txttreat' (Root cause: org.openqa.selenium.WebDriverException: unknown error: cannot focus element
  (Session info: chrome=66.0.3359.139)
  (Driver info: chromedriver=2.35.528161 (5b82f2d2aae0ca24b877009200ced9065a772e73),platform=Windows NT 10.0.17134 x86_64) (WARNING: The server did not provide any stacktrace information)
Command duration or timeout: 0 milliseconds
Build info: version: '3.7.1', revision: '8a0099a', time: '2017-11-06T21:07:36.161Z'
System info: host: 'DESKTOP-BLFTK83', ip: '192.168.71.2', os.name: 'Windows 10', os.arch: 'amd64', os.version: '10.0', java.version: '1.8.0_102'
Driver info: com.kms.katalon.selenium.driver.CChromeDriver
Capabilities {acceptInsecureCerts: false, acceptSslCerts: false, applicationCacheEnabled: false, browserConnectionEnabled: false, browserName: chrome, chrome: {chromedriverVersion: 2.35.528161 (5b82f2d2aae0ca..., userDataDir: C:\Users\QUALIT~1\AppData\L...}, cssSelectorsEnabled: true, databaseEnabled: false, handlesAlerts: true, hasTouchScreen: false, javascriptEnabled: true, locationContextEnabled: true, mobileEmulationEnabled: false, nativeEvents: true, networkConnectionEnabled: false, pageLoadStrategy: normal, platform: XP, platformName: XP, rotatable: false, setWindowRect: true, takesHeapSnapshot: true, takesScreenshot: true, unexpectedAlertBehaviour: , unhandledPromptBehavior: , version: 66.0.3359.139, webStorageEnabled: true}
Session ID: 6962525d3de95719a28806494fcdb62b)]]></system-err>
      </testcase>
      <system-out><![CDATA[2018-05-21 13:07:53 - [TEST_SUITE][FAILED] - Investigation_Suite: Test Cases/INVESTIGATION TEST CASES/TC_INV_001 Verify Schedule 4 Investigation Request Are Working Successfully Or Not FAILED because (of) Unable to click on object 'Object Repository/lab/Page_Store/button_OK' (Root cause: com.kms.katalon.core.webui.exception.WebElementNotFoundException: Web element with id: 'Object Repository/lab/Page_Store/button_OK' located by 'By.xpath: /html/body/div[5]/div/div/div[2]/button[count(. | //button[@type = 'button' and (text() = 'OK' or . = 'OK')]) = count(//button[@type = 'button' and (text() = 'OK' or . = 'OK')])]' not found)]]></system-out>
      <system-err><![CDATA[2018-05-21 13:07:53 - [TEST_SUITE][FAILED] - Investigation_Suite: Test Cases/INVESTIGATION TEST CASES/TC_INV_001 Verify Schedule 4 Investigation Request Are Working Successfully Or Not FAILED because (of) Unable to click on object 'Object Repository/lab/Page_Store/button_OK' (Root cause: com.kms.katalon.core.webui.exception.WebElementNotFoundException: Web element with id: 'Object Repository/lab/Page_Store/button_OK' located by 'By.xpath: /html/body/div[5]/div/div/div[2]/button[count(. | //button[@type = 'button' and (text() = 'OK' or . = 'OK')]) = count(//button[@type = 'button' and (text() = 'OK' or . = 'OK')])]' not found)]]></system-err>
   </testsuite>
</testsuites>
