<?xml version="1.0" encoding="UTF-8"?>
<testsuites name="Investigation_Suite" time="716" tests="2" failures="4" errors="0">
   <testsuite name="Investigation_Suite" tests="2" failures="4" errors="0" time="716" timestamp="2018-05-28 09:55:55" hostname="Quality Analyst - DESKTOP-BLFTK83" id="Test Suites/Investigation_Suite">
      <properties>
         <property name="deviceName" value=""/>
         <property name="devicePlatform" value=""/>
         <property name="logFolder" value="C:\\Users\\Quality Analyst\\Katalon Studio\\ds\\Reports\\Investigation_Suite\\20180524_192548"/>
         <property name="logFiles" value="C:\\Users\\Quality Analyst\\Katalon Studio\\ds\\Reports\\Investigation_Suite\\20180524_192548\\execution0.log"/>
         <property name="attachments" value="C:\\Users\\Quality Analyst\\Katalon Studio\\ds\\Reports\\Investigation_Suite\\20180524_192548\\1527482058408.png, C:\\Users\\Quality Analyst\\Katalon Studio\\ds\\Reports\\Investigation_Suite\\20180524_192548\\1527482089958.png, C:\\Users\\Quality Analyst\\Katalon Studio\\ds\\Reports\\Investigation_Suite\\20180524_192548\\1527482222489.png, C:\\Users\\Quality Analyst\\Katalon Studio\\ds\\Reports\\Investigation_Suite\\20180524_192548\\1527482270859.png"/>
         <property name="hostName" value="Quality Analyst - DESKTOP-BLFTK83"/>
         <property name="os" value="Windows 10 64bit"/>
         <property name="katalonVersion" value="5.4.1.1"/>
         <property name="browser" value="Chrome 66.0.3359.181"/>
         <property name="hostAddress" value="169.254.189.85"/>
         <property name="sessionId" value="f5e122c50adc7d2ae3d9c56c72836f19"/>
         <property name="seleniumVersion" value="3.7.1"/>
         <property name="proxyInformation" value="ProxyInformation{proxyOption=NO_PROXY, proxyServerType=HTTP, password=, proxyServerAddress=, proxyServerPort=0}"/>
         <property name="platform" value="Windows 10"/>
      </properties>
      <testcase name="Test Cases/INVESTIGATION TEST CASES/TC_INV_001 Verify Schedule 4 Investigation Request Are Working Successfully Or Not" classname="Test Cases/INVESTIGATION TEST CASES/TC_INV_001 Verify Schedule 4 Investigation Request Are Working Successfully Or Not" status="PASSED">
         <system-out><![CDATA[2018-05-28 09:55:55 - [TEST_CASE][PASSED] - Test Cases/INVESTIGATION TEST CASES/TC_INV_001 Verify Schedule 4 Investigation Request Are Working Successfully Or Not: Test Cases/INVESTIGATION TEST CASES/TC_INV_001 Verify Schedule 4 Investigation Request Are Working Successfully Or Not

2018-05-28 09:55:55 - [TEST_STEP][PASSED] - openBrowser: Browser is opened with url: ''

2018-05-28 09:55:58 - [MESSAGE][PASSED] - Browser is opened with url: ''

2018-05-28 09:55:58 - [TEST_STEP][PASSED] - navigateToUrl: Navigate to 'http://192.168.137.1/multihospital_new/' successfully

2018-05-28 09:56:00 - [MESSAGE][PASSED] - Navigate to 'http://192.168.137.1/multihospital_new/' successfully

2018-05-28 09:56:00 - [TEST_STEP][PASSED] - Statement - out.println(" Verify Schedule 4 Investigation Request Are Working Successfully Or Not"): null

2018-05-28 09:56:00 - [TEST_STEP][PASSED] - maximizeWindow: Current window maximized

2018-05-28 09:56:01 - [MESSAGE][PASSED] - Current window maximized

2018-05-28 09:56:01 - [TEST_STEP][PASSED] - click: Object: 'Object Repository/lab/Page_KDMC/a_Investigation' is clicked on

2018-05-28 09:56:02 - [MESSAGE][PASSED] - Object: 'Object Repository/lab/Page_KDMC/a_Investigation' is clicked on

2018-05-28 09:56:02 - [TEST_STEP][PASSED] - setText: Text 'manoj' is set on object 'Object Repository/lab/Page_Investigation login/input_txtusername'

2018-05-28 09:56:02 - [MESSAGE][PASSED] - Text 'manoj' is set on object 'Object Repository/lab/Page_Investigation login/input_txtusername'

2018-05-28 09:56:02 - [TEST_STEP][PASSED] - setText: Text '123' is set on object 'Object Repository/lab/Page_Investigation login/input_txtpassword'

2018-05-28 09:56:02 - [MESSAGE][PASSED] - Text '123' is set on object 'Object Repository/lab/Page_Investigation login/input_txtpassword'

2018-05-28 09:56:02 - [TEST_STEP][PASSED] - delay: Delayed 3 second(s)

2018-05-28 09:56:05 - [MESSAGE][PASSED] - Delayed 3 second(s)

2018-05-28 09:56:05 - [TEST_STEP][PASSED] - click: Object: 'Object Repository/lab/Page_Investigation login/button_Sign in' is clicked on

2018-05-28 09:56:06 - [MESSAGE][PASSED] - Object: 'Object Repository/lab/Page_Investigation login/button_Sign in' is clicked on

2018-05-28 09:56:06 - [TEST_STEP][PASSED] - click: Object: 'Object Repository/lab/Page_KDMC/a_Store Request' is clicked on

2018-05-28 09:56:08 - [MESSAGE][PASSED] - Object: 'Object Repository/lab/Page_KDMC/a_Store Request' is clicked on

2018-05-28 09:56:08 - [TEST_STEP][PASSED] - delay: Delayed 2 second(s)

2018-05-28 09:56:10 - [MESSAGE][PASSED] - Delayed 2 second(s)

2018-05-28 09:56:10 - [TEST_STEP][PASSED] - click: Object: 'Object Repository/lab/Page_KDMC/a_Medicine Request' is clicked on

2018-05-28 09:56:11 - [MESSAGE][PASSED] - Object: 'Object Repository/lab/Page_KDMC/a_Medicine Request' is clicked on

2018-05-28 09:56:11 - [TEST_STEP][PASSED] - selectOptionByIndex: All options with index in [1] are selected on object 'Object Repository/lab/Page_KDMC/select_--Select--Schedule 4X-r'

2018-05-28 09:56:11 - [MESSAGE][PASSED] - All options with index in [1] are selected on object 'Object Repository/lab/Page_KDMC/select_--Select--Schedule 4X-r'

2018-05-28 09:56:11 - [TEST_STEP][PASSED] - Statement - medicineslength = com.kms.katalon.core.webui.keyword.WebUiBuiltInKeywords.getNumberOfTotalOption(com.kms.katalon.core.testobject.ObjectRepository.findTestObject(lab/Page_KDMC/select_--Select--Automatic x-r)): 16 options of object 'Object Repository/lab/Page_KDMC/select_--Select--Automatic x-r' counted

2018-05-28 09:56:11 - [MESSAGE][PASSED] - 16 options of object 'Object Repository/lab/Page_KDMC/select_--Select--Automatic x-r' counted

2018-05-28 09:56:11 - [TEST_STEP][PASSED] - Statement - For ([e = 1, e < medicineslength, (e++)]): Object: 'Object Repository/lab/Page_KDMC/button_Add' is clicked on

2018-05-28 09:56:11 - [TEST_STEP][PASSED] - selectOptionByIndex: All options with index in [1] are selected on object 'Object Repository/lab/Page_KDMC/select_--Select--Schedule 4X-r'

2018-05-28 09:56:11 - [MESSAGE][PASSED] - All options with index in [1] are selected on object 'Object Repository/lab/Page_KDMC/select_--Select--Schedule 4X-r'

2018-05-28 09:56:11 - [TEST_STEP][PASSED] - selectOptionByIndex: All options with index in [1] are selected on object 'Object Repository/lab/Page_KDMC/select_--Select--Automatic x-r'

2018-05-28 09:56:12 - [MESSAGE][PASSED] - All options with index in [1] are selected on object 'Object Repository/lab/Page_KDMC/select_--Select--Automatic x-r'

2018-05-28 09:56:12 - [TEST_STEP][PASSED] - setText: Text '10' is set on object 'Object Repository/lab/Page_KDMC/input_txttreat'

2018-05-28 09:56:12 - [MESSAGE][PASSED] - Text '10' is set on object 'Object Repository/lab/Page_KDMC/input_txttreat'

2018-05-28 09:56:12 - [TEST_STEP][PASSED] - click: Object: 'Object Repository/lab/Page_KDMC/button_Add' is clicked on

2018-05-28 09:56:12 - [MESSAGE][PASSED] - Object: 'Object Repository/lab/Page_KDMC/button_Add' is clicked on

2018-05-28 09:56:12 - [TEST_STEP][PASSED] - selectOptionByIndex: All options with index in [1] are selected on object 'Object Repository/lab/Page_KDMC/select_--Select--Schedule 4X-r'

2018-05-28 09:56:12 - [MESSAGE][PASSED] - All options with index in [1] are selected on object 'Object Repository/lab/Page_KDMC/select_--Select--Schedule 4X-r'

2018-05-28 09:56:12 - [TEST_STEP][PASSED] - selectOptionByIndex: All options with index in [2] are selected on object 'Object Repository/lab/Page_KDMC/select_--Select--Automatic x-r'

2018-05-28 09:56:12 - [MESSAGE][PASSED] - All options with index in [2] are selected on object 'Object Repository/lab/Page_KDMC/select_--Select--Automatic x-r'

2018-05-28 09:56:12 - [TEST_STEP][PASSED] - setText: Text '10' is set on object 'Object Repository/lab/Page_KDMC/input_txttreat'

2018-05-28 09:56:12 - [MESSAGE][PASSED] - Text '10' is set on object 'Object Repository/lab/Page_KDMC/input_txttreat'

2018-05-28 09:56:12 - [TEST_STEP][PASSED] - click: Object: 'Object Repository/lab/Page_KDMC/button_Add' is clicked on

2018-05-28 09:56:12 - [MESSAGE][PASSED] - Object: 'Object Repository/lab/Page_KDMC/button_Add' is clicked on

2018-05-28 09:56:12 - [TEST_STEP][PASSED] - selectOptionByIndex: All options with index in [1] are selected on object 'Object Repository/lab/Page_KDMC/select_--Select--Schedule 4X-r'

2018-05-28 09:56:12 - [MESSAGE][PASSED] - All options with index in [1] are selected on object 'Object Repository/lab/Page_KDMC/select_--Select--Schedule 4X-r'

2018-05-28 09:56:12 - [TEST_STEP][PASSED] - selectOptionByIndex: All options with index in [3] are selected on object 'Object Repository/lab/Page_KDMC/select_--Select--Automatic x-r'

2018-05-28 09:56:13 - [MESSAGE][PASSED] - All options with index in [3] are selected on object 'Object Repository/lab/Page_KDMC/select_--Select--Automatic x-r'

2018-05-28 09:56:13 - [TEST_STEP][PASSED] - setText: Text '10' is set on object 'Object Repository/lab/Page_KDMC/input_txttreat'

2018-05-28 09:56:13 - [MESSAGE][PASSED] - Text '10' is set on object 'Object Repository/lab/Page_KDMC/input_txttreat'

2018-05-28 09:56:13 - [TEST_STEP][PASSED] - click: Object: 'Object Repository/lab/Page_KDMC/button_Add' is clicked on

2018-05-28 09:56:13 - [MESSAGE][PASSED] - Object: 'Object Repository/lab/Page_KDMC/button_Add' is clicked on

2018-05-28 09:56:13 - [TEST_STEP][PASSED] - selectOptionByIndex: All options with index in [1] are selected on object 'Object Repository/lab/Page_KDMC/select_--Select--Schedule 4X-r'

2018-05-28 09:56:13 - [MESSAGE][PASSED] - All options with index in [1] are selected on object 'Object Repository/lab/Page_KDMC/select_--Select--Schedule 4X-r'

2018-05-28 09:56:13 - [TEST_STEP][PASSED] - selectOptionByIndex: All options with index in [4] are selected on object 'Object Repository/lab/Page_KDMC/select_--Select--Automatic x-r'

2018-05-28 09:56:13 - [MESSAGE][PASSED] - All options with index in [4] are selected on object 'Object Repository/lab/Page_KDMC/select_--Select--Automatic x-r'

2018-05-28 09:56:13 - [TEST_STEP][PASSED] - setText: Text '10' is set on object 'Object Repository/lab/Page_KDMC/input_txttreat'

2018-05-28 09:56:13 - [MESSAGE][PASSED] - Text '10' is set on object 'Object Repository/lab/Page_KDMC/input_txttreat'

2018-05-28 09:56:13 - [TEST_STEP][PASSED] - click: Object: 'Object Repository/lab/Page_KDMC/button_Add' is clicked on

2018-05-28 09:56:13 - [MESSAGE][PASSED] - Object: 'Object Repository/lab/Page_KDMC/button_Add' is clicked on

2018-05-28 09:56:13 - [TEST_STEP][PASSED] - selectOptionByIndex: All options with index in [1] are selected on object 'Object Repository/lab/Page_KDMC/select_--Select--Schedule 4X-r'

2018-05-28 09:56:13 - [MESSAGE][PASSED] - All options with index in [1] are selected on object 'Object Repository/lab/Page_KDMC/select_--Select--Schedule 4X-r'

2018-05-28 09:56:13 - [TEST_STEP][PASSED] - selectOptionByIndex: All options with index in [5] are selected on object 'Object Repository/lab/Page_KDMC/select_--Select--Automatic x-r'

2018-05-28 09:56:13 - [MESSAGE][PASSED] - All options with index in [5] are selected on object 'Object Repository/lab/Page_KDMC/select_--Select--Automatic x-r'

2018-05-28 09:56:13 - [TEST_STEP][PASSED] - setText: Text '10' is set on object 'Object Repository/lab/Page_KDMC/input_txttreat'

2018-05-28 09:56:13 - [MESSAGE][PASSED] - Text '10' is set on object 'Object Repository/lab/Page_KDMC/input_txttreat'

2018-05-28 09:56:13 - [TEST_STEP][PASSED] - click: Object: 'Object Repository/lab/Page_KDMC/button_Add' is clicked on

2018-05-28 09:56:14 - [MESSAGE][PASSED] - Object: 'Object Repository/lab/Page_KDMC/button_Add' is clicked on

2018-05-28 09:56:14 - [TEST_STEP][PASSED] - selectOptionByIndex: All options with index in [1] are selected on object 'Object Repository/lab/Page_KDMC/select_--Select--Schedule 4X-r'

2018-05-28 09:56:14 - [MESSAGE][PASSED] - All options with index in [1] are selected on object 'Object Repository/lab/Page_KDMC/select_--Select--Schedule 4X-r'

2018-05-28 09:56:14 - [TEST_STEP][PASSED] - selectOptionByIndex: All options with index in [6] are selected on object 'Object Repository/lab/Page_KDMC/select_--Select--Automatic x-r'

2018-05-28 09:56:14 - [MESSAGE][PASSED] - All options with index in [6] are selected on object 'Object Repository/lab/Page_KDMC/select_--Select--Automatic x-r'

2018-05-28 09:56:14 - [TEST_STEP][PASSED] - setText: Text '10' is set on object 'Object Repository/lab/Page_KDMC/input_txttreat'

2018-05-28 09:56:14 - [MESSAGE][PASSED] - Text '10' is set on object 'Object Repository/lab/Page_KDMC/input_txttreat'

2018-05-28 09:56:14 - [TEST_STEP][PASSED] - click: Object: 'Object Repository/lab/Page_KDMC/button_Add' is clicked on

2018-05-28 09:56:14 - [MESSAGE][PASSED] - Object: 'Object Repository/lab/Page_KDMC/button_Add' is clicked on

2018-05-28 09:56:14 - [TEST_STEP][PASSED] - selectOptionByIndex: All options with index in [1] are selected on object 'Object Repository/lab/Page_KDMC/select_--Select--Schedule 4X-r'

2018-05-28 09:56:14 - [MESSAGE][PASSED] - All options with index in [1] are selected on object 'Object Repository/lab/Page_KDMC/select_--Select--Schedule 4X-r'

2018-05-28 09:56:14 - [TEST_STEP][PASSED] - selectOptionByIndex: All options with index in [7] are selected on object 'Object Repository/lab/Page_KDMC/select_--Select--Automatic x-r'

2018-05-28 09:56:14 - [MESSAGE][PASSED] - All options with index in [7] are selected on object 'Object Repository/lab/Page_KDMC/select_--Select--Automatic x-r'

2018-05-28 09:56:14 - [TEST_STEP][PASSED] - setText: Text '10' is set on object 'Object Repository/lab/Page_KDMC/input_txttreat'

2018-05-28 09:56:14 - [MESSAGE][PASSED] - Text '10' is set on object 'Object Repository/lab/Page_KDMC/input_txttreat'

2018-05-28 09:56:14 - [TEST_STEP][PASSED] - click: Object: 'Object Repository/lab/Page_KDMC/button_Add' is clicked on

2018-05-28 09:56:14 - [MESSAGE][PASSED] - Object: 'Object Repository/lab/Page_KDMC/button_Add' is clicked on

2018-05-28 09:56:14 - [TEST_STEP][PASSED] - selectOptionByIndex: All options with index in [1] are selected on object 'Object Repository/lab/Page_KDMC/select_--Select--Schedule 4X-r'

2018-05-28 09:56:15 - [MESSAGE][PASSED] - All options with index in [1] are selected on object 'Object Repository/lab/Page_KDMC/select_--Select--Schedule 4X-r'

2018-05-28 09:56:15 - [TEST_STEP][PASSED] - selectOptionByIndex: All options with index in [8] are selected on object 'Object Repository/lab/Page_KDMC/select_--Select--Automatic x-r'

2018-05-28 09:56:15 - [MESSAGE][PASSED] - All options with index in [8] are selected on object 'Object Repository/lab/Page_KDMC/select_--Select--Automatic x-r'

2018-05-28 09:56:15 - [TEST_STEP][PASSED] - setText: Text '10' is set on object 'Object Repository/lab/Page_KDMC/input_txttreat'

2018-05-28 09:56:15 - [MESSAGE][PASSED] - Text '10' is set on object 'Object Repository/lab/Page_KDMC/input_txttreat'

2018-05-28 09:56:15 - [TEST_STEP][PASSED] - click: Object: 'Object Repository/lab/Page_KDMC/button_Add' is clicked on

2018-05-28 09:56:15 - [MESSAGE][PASSED] - Object: 'Object Repository/lab/Page_KDMC/button_Add' is clicked on

2018-05-28 09:56:15 - [TEST_STEP][PASSED] - selectOptionByIndex: All options with index in [1] are selected on object 'Object Repository/lab/Page_KDMC/select_--Select--Schedule 4X-r'

2018-05-28 09:56:15 - [MESSAGE][PASSED] - All options with index in [1] are selected on object 'Object Repository/lab/Page_KDMC/select_--Select--Schedule 4X-r'

2018-05-28 09:56:15 - [TEST_STEP][PASSED] - selectOptionByIndex: All options with index in [9] are selected on object 'Object Repository/lab/Page_KDMC/select_--Select--Automatic x-r'

2018-05-28 09:56:15 - [MESSAGE][PASSED] - All options with index in [9] are selected on object 'Object Repository/lab/Page_KDMC/select_--Select--Automatic x-r'

2018-05-28 09:56:15 - [TEST_STEP][PASSED] - setText: Text '10' is set on object 'Object Repository/lab/Page_KDMC/input_txttreat'

2018-05-28 09:56:15 - [MESSAGE][PASSED] - Text '10' is set on object 'Object Repository/lab/Page_KDMC/input_txttreat'

2018-05-28 09:56:15 - [TEST_STEP][PASSED] - click: Object: 'Object Repository/lab/Page_KDMC/button_Add' is clicked on

2018-05-28 09:56:15 - [MESSAGE][PASSED] - Object: 'Object Repository/lab/Page_KDMC/button_Add' is clicked on

2018-05-28 09:56:15 - [TEST_STEP][PASSED] - selectOptionByIndex: All options with index in [1] are selected on object 'Object Repository/lab/Page_KDMC/select_--Select--Schedule 4X-r'

2018-05-28 09:56:16 - [MESSAGE][PASSED] - All options with index in [1] are selected on object 'Object Repository/lab/Page_KDMC/select_--Select--Schedule 4X-r'

2018-05-28 09:56:16 - [TEST_STEP][PASSED] - selectOptionByIndex: All options with index in [10] are selected on object 'Object Repository/lab/Page_KDMC/select_--Select--Automatic x-r'

2018-05-28 09:56:16 - [MESSAGE][PASSED] - All options with index in [10] are selected on object 'Object Repository/lab/Page_KDMC/select_--Select--Automatic x-r'

2018-05-28 09:56:16 - [TEST_STEP][PASSED] - setText: Text '10' is set on object 'Object Repository/lab/Page_KDMC/input_txttreat'

2018-05-28 09:56:16 - [MESSAGE][PASSED] - Text '10' is set on object 'Object Repository/lab/Page_KDMC/input_txttreat'

2018-05-28 09:56:16 - [TEST_STEP][PASSED] - click: Object: 'Object Repository/lab/Page_KDMC/button_Add' is clicked on

2018-05-28 09:56:16 - [MESSAGE][PASSED] - Object: 'Object Repository/lab/Page_KDMC/button_Add' is clicked on

2018-05-28 09:56:16 - [TEST_STEP][PASSED] - selectOptionByIndex: All options with index in [1] are selected on object 'Object Repository/lab/Page_KDMC/select_--Select--Schedule 4X-r'

2018-05-28 09:56:16 - [MESSAGE][PASSED] - All options with index in [1] are selected on object 'Object Repository/lab/Page_KDMC/select_--Select--Schedule 4X-r'

2018-05-28 09:56:16 - [TEST_STEP][PASSED] - selectOptionByIndex: All options with index in [11] are selected on object 'Object Repository/lab/Page_KDMC/select_--Select--Automatic x-r'

2018-05-28 09:56:16 - [MESSAGE][PASSED] - All options with index in [11] are selected on object 'Object Repository/lab/Page_KDMC/select_--Select--Automatic x-r'

2018-05-28 09:56:16 - [TEST_STEP][PASSED] - setText: Text '10' is set on object 'Object Repository/lab/Page_KDMC/input_txttreat'

2018-05-28 09:56:16 - [MESSAGE][PASSED] - Text '10' is set on object 'Object Repository/lab/Page_KDMC/input_txttreat'

2018-05-28 09:56:16 - [TEST_STEP][PASSED] - click: Object: 'Object Repository/lab/Page_KDMC/button_Add' is clicked on

2018-05-28 09:56:16 - [MESSAGE][PASSED] - Object: 'Object Repository/lab/Page_KDMC/button_Add' is clicked on

2018-05-28 09:56:16 - [TEST_STEP][PASSED] - selectOptionByIndex: All options with index in [1] are selected on object 'Object Repository/lab/Page_KDMC/select_--Select--Schedule 4X-r'

2018-05-28 09:56:17 - [MESSAGE][PASSED] - All options with index in [1] are selected on object 'Object Repository/lab/Page_KDMC/select_--Select--Schedule 4X-r'

2018-05-28 09:56:17 - [TEST_STEP][PASSED] - selectOptionByIndex: All options with index in [12] are selected on object 'Object Repository/lab/Page_KDMC/select_--Select--Automatic x-r'

2018-05-28 09:56:17 - [MESSAGE][PASSED] - All options with index in [12] are selected on object 'Object Repository/lab/Page_KDMC/select_--Select--Automatic x-r'

2018-05-28 09:56:17 - [TEST_STEP][PASSED] - setText: Text '10' is set on object 'Object Repository/lab/Page_KDMC/input_txttreat'

2018-05-28 09:56:17 - [MESSAGE][PASSED] - Text '10' is set on object 'Object Repository/lab/Page_KDMC/input_txttreat'

2018-05-28 09:56:17 - [TEST_STEP][PASSED] - click: Object: 'Object Repository/lab/Page_KDMC/button_Add' is clicked on

2018-05-28 09:56:17 - [MESSAGE][PASSED] - Object: 'Object Repository/lab/Page_KDMC/button_Add' is clicked on

2018-05-28 09:56:17 - [TEST_STEP][PASSED] - selectOptionByIndex: All options with index in [1] are selected on object 'Object Repository/lab/Page_KDMC/select_--Select--Schedule 4X-r'

2018-05-28 09:56:17 - [MESSAGE][PASSED] - All options with index in [1] are selected on object 'Object Repository/lab/Page_KDMC/select_--Select--Schedule 4X-r'

2018-05-28 09:56:17 - [TEST_STEP][PASSED] - selectOptionByIndex: All options with index in [13] are selected on object 'Object Repository/lab/Page_KDMC/select_--Select--Automatic x-r'

2018-05-28 09:56:17 - [MESSAGE][PASSED] - All options with index in [13] are selected on object 'Object Repository/lab/Page_KDMC/select_--Select--Automatic x-r'

2018-05-28 09:56:17 - [TEST_STEP][PASSED] - setText: Text '10' is set on object 'Object Repository/lab/Page_KDMC/input_txttreat'

2018-05-28 09:56:17 - [MESSAGE][PASSED] - Text '10' is set on object 'Object Repository/lab/Page_KDMC/input_txttreat'

2018-05-28 09:56:17 - [TEST_STEP][PASSED] - click: Object: 'Object Repository/lab/Page_KDMC/button_Add' is clicked on

2018-05-28 09:56:18 - [MESSAGE][PASSED] - Object: 'Object Repository/lab/Page_KDMC/button_Add' is clicked on

2018-05-28 09:56:18 - [TEST_STEP][PASSED] - selectOptionByIndex: All options with index in [1] are selected on object 'Object Repository/lab/Page_KDMC/select_--Select--Schedule 4X-r'

2018-05-28 09:56:18 - [MESSAGE][PASSED] - All options with index in [1] are selected on object 'Object Repository/lab/Page_KDMC/select_--Select--Schedule 4X-r'

2018-05-28 09:56:18 - [TEST_STEP][PASSED] - selectOptionByIndex: All options with index in [14] are selected on object 'Object Repository/lab/Page_KDMC/select_--Select--Automatic x-r'

2018-05-28 09:56:18 - [MESSAGE][PASSED] - All options with index in [14] are selected on object 'Object Repository/lab/Page_KDMC/select_--Select--Automatic x-r'

2018-05-28 09:56:18 - [TEST_STEP][PASSED] - setText: Text '10' is set on object 'Object Repository/lab/Page_KDMC/input_txttreat'

2018-05-28 09:56:18 - [MESSAGE][PASSED] - Text '10' is set on object 'Object Repository/lab/Page_KDMC/input_txttreat'

2018-05-28 09:56:18 - [TEST_STEP][PASSED] - click: Object: 'Object Repository/lab/Page_KDMC/button_Add' is clicked on

2018-05-28 09:56:18 - [MESSAGE][PASSED] - Object: 'Object Repository/lab/Page_KDMC/button_Add' is clicked on

2018-05-28 09:56:18 - [TEST_STEP][PASSED] - selectOptionByIndex: All options with index in [1] are selected on object 'Object Repository/lab/Page_KDMC/select_--Select--Schedule 4X-r'

2018-05-28 09:56:18 - [MESSAGE][PASSED] - All options with index in [1] are selected on object 'Object Repository/lab/Page_KDMC/select_--Select--Schedule 4X-r'

2018-05-28 09:56:18 - [TEST_STEP][PASSED] - selectOptionByIndex: All options with index in [15] are selected on object 'Object Repository/lab/Page_KDMC/select_--Select--Automatic x-r'

2018-05-28 09:56:19 - [MESSAGE][PASSED] - All options with index in [15] are selected on object 'Object Repository/lab/Page_KDMC/select_--Select--Automatic x-r'

2018-05-28 09:56:19 - [TEST_STEP][PASSED] - setText: Text '10' is set on object 'Object Repository/lab/Page_KDMC/input_txttreat'

2018-05-28 09:56:19 - [MESSAGE][PASSED] - Text '10' is set on object 'Object Repository/lab/Page_KDMC/input_txttreat'

2018-05-28 09:56:19 - [TEST_STEP][PASSED] - click: Object: 'Object Repository/lab/Page_KDMC/button_Add' is clicked on

2018-05-28 09:56:19 - [MESSAGE][PASSED] - Object: 'Object Repository/lab/Page_KDMC/button_Add' is clicked on

2018-05-28 09:56:19 - [TEST_STEP][PASSED] - Statement - RN1 = com.kms.katalon.core.webui.keyword.WebUiBuiltInKeywords.getAttribute(com.kms.katalon.core.testobject.ObjectRepository.findTestObject(lab/Page_KDMC/input_txtno), "value"): Attribute 'value' of object 'Object Repository/lab/Page_KDMC/input_txtno' is: 'LRNO/28052018/197'

2018-05-28 09:56:19 - [MESSAGE][PASSED] - Attribute 'value' of object 'Object Repository/lab/Page_KDMC/input_txtno' is: 'LRNO/28052018/197'

2018-05-28 09:56:19 - [TEST_STEP][PASSED] - Statement - out.println(RN1): null

2018-05-28 09:56:19 - [TEST_STEP][PASSED] - Statement - RID = RN1.split("/")[2]: null

2018-05-28 09:56:19 - [TEST_STEP][PASSED] - scrollToElement: Scroll to object 'Object Repository/lab/Page_KDMC/input_btnsave' successfully

2018-05-28 09:56:19 - [MESSAGE][PASSED] - Scroll to object 'Object Repository/lab/Page_KDMC/input_btnsave' successfully

2018-05-28 09:56:19 - [TEST_STEP][PASSED] - click: Object: 'Object Repository/lab/Page_KDMC/input_btnsave' is clicked on

2018-05-28 09:56:19 - [MESSAGE][PASSED] - Object: 'Object Repository/lab/Page_KDMC/input_btnsave' is clicked on

2018-05-28 09:56:19 - [TEST_STEP][PASSED] - delay: Delayed 3 second(s)

2018-05-28 09:56:22 - [MESSAGE][PASSED] - Delayed 3 second(s)

2018-05-28 09:56:22 - [TEST_STEP][PASSED] - click: Object: 'Object Repository/lab/Page_KDMC/button_OK' is clicked on

2018-05-28 09:56:22 - [MESSAGE][PASSED] - Object: 'Object Repository/lab/Page_KDMC/button_OK' is clicked on

2018-05-28 09:56:22 - [TEST_STEP][PASSED] - delay: Delayed 3 second(s)

2018-05-28 09:56:25 - [MESSAGE][PASSED] - Delayed 3 second(s)

2018-05-28 09:56:25 - [TEST_STEP][PASSED] - click: Object: 'Object Repository/lab/Page_KDMC/a_dropdown-toggle' is clicked on

2018-05-28 09:56:25 - [MESSAGE][PASSED] - Object: 'Object Repository/lab/Page_KDMC/a_dropdown-toggle' is clicked on

2018-05-28 09:56:25 - [TEST_STEP][PASSED] - click: Object: 'Object Repository/lab/Page_KDMC/a_Sign out' is clicked on

2018-05-28 09:56:26 - [MESSAGE][PASSED] - Object: 'Object Repository/lab/Page_KDMC/a_Sign out' is clicked on

2018-05-28 09:56:26 - [TEST_STEP][PASSED] - delay: Delayed 3 second(s)

2018-05-28 09:56:29 - [MESSAGE][PASSED] - Delayed 3 second(s)

2018-05-28 09:56:29 - [TEST_STEP][PASSED] - click: Object: 'Object Repository/lab/Page_KDMC/a_CMO' is clicked on

2018-05-28 09:56:29 - [MESSAGE][PASSED] - Object: 'Object Repository/lab/Page_KDMC/a_CMO' is clicked on

2018-05-28 09:56:29 - [TEST_STEP][PASSED] - setText: Text 'guru' is set on object 'Object Repository/lab/Page_CMO login/input_txtusername'

2018-05-28 09:56:30 - [MESSAGE][PASSED] - Text 'guru' is set on object 'Object Repository/lab/Page_CMO login/input_txtusername'

2018-05-28 09:56:30 - [TEST_STEP][PASSED] - setText: Text '123' is set on object 'Object Repository/lab/Page_CMO login/input_txtpassword'

2018-05-28 09:56:30 - [MESSAGE][PASSED] - Text '123' is set on object 'Object Repository/lab/Page_CMO login/input_txtpassword'

2018-05-28 09:56:30 - [TEST_STEP][PASSED] - delay: Delayed 3 second(s)

2018-05-28 09:56:33 - [MESSAGE][PASSED] - Delayed 3 second(s)

2018-05-28 09:56:33 - [TEST_STEP][PASSED] - click: Object: 'Object Repository/lab/Page_CMO login/button_Sign in' is clicked on

2018-05-28 09:56:33 - [MESSAGE][PASSED] - Object: 'Object Repository/lab/Page_CMO login/button_Sign in' is clicked on

2018-05-28 09:56:33 - [TEST_STEP][PASSED] - click: Object: 'Object Repository/lab/Page_KDMC - CMO/span_Department Wise Request' is clicked on

2018-05-28 09:56:35 - [MESSAGE][PASSED] - Object: 'Object Repository/lab/Page_KDMC - CMO/span_Department Wise Request' is clicked on

2018-05-28 09:56:35 - [TEST_STEP][PASSED] - selectOptionByIndex: All options with index in [4] are selected on object 'Object Repository/lab/Page_KDMC - CMO/select_--ALL--'

2018-05-28 09:56:36 - [MESSAGE][PASSED] - All options with index in [4] are selected on object 'Object Repository/lab/Page_KDMC - CMO/select_--ALL--'

2018-05-28 09:56:36 - [TEST_STEP][PASSED] - selectOptionByIndex: All options with index in [1] are selected on object 'Object Repository/lab/Page_KDMC - CMO/select_--ALL--                _1'

2018-05-28 09:56:36 - [MESSAGE][PASSED] - All options with index in [1] are selected on object 'Object Repository/lab/Page_KDMC - CMO/select_--ALL--                _1'

2018-05-28 09:56:36 - [TEST_STEP][PASSED] - click: Object: 'Object Repository/lab/Page_KDMC - CMO/input_btnsearch' is clicked on

2018-05-28 09:56:36 - [MESSAGE][PASSED] - Object: 'Object Repository/lab/Page_KDMC - CMO/input_btnsearch' is clicked on

2018-05-28 09:56:36 - [TEST_STEP][PASSED] - Statement - ID = com.kms.katalon.core.webui.keyword.WebUiBuiltInKeywords.modifyObjectProperty(com.kms.katalon.core.testobject.ObjectRepository.findTestObject(lab/Page_KDMC - CMO/input_1), "xpath", "equals", "//*[@id=" + RID + "]", true): Modify property of object successfully

2018-05-28 09:56:36 - [MESSAGE][PASSED] - Modify property of object successfully

2018-05-28 09:56:36 - [TEST_STEP][PASSED] - click: Object: 'Object Repository/lab/Page_KDMC - CMO/input_1' is clicked on

2018-05-28 09:56:37 - [MESSAGE][PASSED] - Object: 'Object Repository/lab/Page_KDMC - CMO/input_1' is clicked on

2018-05-28 09:56:37 - [TEST_STEP][PASSED] - delay: Delayed 2 second(s)

2018-05-28 09:56:39 - [MESSAGE][PASSED] - Delayed 2 second(s)

2018-05-28 09:56:39 - [TEST_STEP][PASSED] - selectOptionByIndex: All options with index in [1] are selected on object 'Object Repository/lab/Page_KDMC - CMO/select_--Select--'

2018-05-28 09:56:39 - [MESSAGE][PASSED] - All options with index in [1] are selected on object 'Object Repository/lab/Page_KDMC - CMO/select_--Select--'

2018-05-28 09:56:39 - [TEST_STEP][PASSED] - click: Object: 'Object Repository/lab/Page_KDMC - CMO/input_btnupdate' is clicked on

2018-05-28 09:56:39 - [MESSAGE][PASSED] - Object: 'Object Repository/lab/Page_KDMC - CMO/input_btnupdate' is clicked on

2018-05-28 09:56:39 - [TEST_STEP][PASSED] - delay: Delayed 2 second(s)

2018-05-28 09:56:41 - [MESSAGE][PASSED] - Delayed 2 second(s)

2018-05-28 09:56:41 - [TEST_STEP][PASSED] - click: Object: 'Object Repository/lab/Page_KDMC - CMO/button_OK' is clicked on

2018-05-28 09:56:42 - [MESSAGE][PASSED] - Object: 'Object Repository/lab/Page_KDMC - CMO/button_OK' is clicked on

2018-05-28 09:56:42 - [TEST_STEP][PASSED] - delay: Delayed 3 second(s)

2018-05-28 09:56:45 - [MESSAGE][PASSED] - Delayed 3 second(s)

2018-05-28 09:56:45 - [TEST_STEP][PASSED] - click: Object: 'Object Repository/lab/Page_KDMC - CMO/a_dropdown-toggle' is clicked on

2018-05-28 09:56:45 - [MESSAGE][PASSED] - Object: 'Object Repository/lab/Page_KDMC - CMO/a_dropdown-toggle' is clicked on

2018-05-28 09:56:45 - [TEST_STEP][PASSED] - click: Object: 'Object Repository/lab/Page_KDMC - CMO/a_Sign out' is clicked on

2018-05-28 09:56:45 - [MESSAGE][PASSED] - Object: 'Object Repository/lab/Page_KDMC - CMO/a_Sign out' is clicked on

2018-05-28 09:56:45 - [TEST_STEP][PASSED] - delay: Delayed 3 second(s)

2018-05-28 09:56:48 - [MESSAGE][PASSED] - Delayed 3 second(s)

2018-05-28 09:56:48 - [TEST_STEP][PASSED] - click: Object: 'Object Repository/lab/Page_KDMC/a_Divisional Store' is clicked on

2018-05-28 09:56:49 - [MESSAGE][PASSED] - Object: 'Object Repository/lab/Page_KDMC/a_Divisional Store' is clicked on

2018-05-28 09:56:49 - [TEST_STEP][PASSED] - setText: Text 'ragu' is set on object 'Object Repository/lab/Page_Divisonal Store Login/input_txtusername'

2018-05-28 09:56:49 - [MESSAGE][PASSED] - Text 'ragu' is set on object 'Object Repository/lab/Page_Divisonal Store Login/input_txtusername'

2018-05-28 09:56:49 - [TEST_STEP][PASSED] - setText: Text '123' is set on object 'Object Repository/lab/Page_Divisonal Store Login/input_txtpassword'

2018-05-28 09:56:49 - [MESSAGE][PASSED] - Text '123' is set on object 'Object Repository/lab/Page_Divisonal Store Login/input_txtpassword'

2018-05-28 09:56:49 - [TEST_STEP][PASSED] - delay: Delayed 3 second(s)

2018-05-28 09:56:52 - [MESSAGE][PASSED] - Delayed 3 second(s)

2018-05-28 09:56:52 - [TEST_STEP][PASSED] - click: Object: 'Object Repository/lab/Page_Divisonal Store Login/button_Sign in' is clicked on

2018-05-28 09:56:54 - [MESSAGE][PASSED] - Object: 'Object Repository/lab/Page_Divisonal Store Login/button_Sign in' is clicked on

2018-05-28 09:56:54 - [TEST_STEP][PASSED] - delay: Delayed 3 second(s)

2018-05-28 09:56:57 - [MESSAGE][PASSED] - Delayed 3 second(s)

2018-05-28 09:56:57 - [TEST_STEP][PASSED] - click: Object: 'Object Repository/lab/Page_Store/a_Lab Request' is clicked on

2018-05-28 09:56:57 - [MESSAGE][PASSED] - Object: 'Object Repository/lab/Page_Store/a_Lab Request' is clicked on

2018-05-28 09:56:57 - [TEST_STEP][PASSED] - click: Object: 'Object Repository/lab/Page_Store/a_Request Item Lab' is clicked on

2018-05-28 09:56:58 - [MESSAGE][PASSED] - Object: 'Object Repository/lab/Page_Store/a_Request Item Lab' is clicked on

2018-05-28 09:56:58 - [TEST_STEP][PASSED] - Statement - ChooseRequest = com.kms.katalon.core.webui.keyword.WebUiBuiltInKeywords.modifyObjectProperty(com.kms.katalon.core.testobject.ObjectRepository.findTestObject(lab/Page_Store/input_1), "xpath", "equals", "//*[@id=" + RID + "]", true): Modify property of object successfully

2018-05-28 09:56:58 - [MESSAGE][PASSED] - Modify property of object successfully

2018-05-28 09:56:58 - [TEST_STEP][PASSED] - click: Object: 'Object Repository/lab/Page_Store/input_1' is clicked on

2018-05-28 09:56:59 - [MESSAGE][PASSED] - Object: 'Object Repository/lab/Page_Store/input_1' is clicked on

2018-05-28 09:56:59 - [TEST_STEP][PASSED] - delay: Delayed 2 second(s)

2018-05-28 09:57:01 - [MESSAGE][PASSED] - Delayed 2 second(s)

2018-05-28 09:57:01 - [TEST_STEP][PASSED] - Statement - selectedoptions = com.kms.katalon.core.webui.keyword.WebUiBuiltInKeywords.getNumberOfTotalOption(com.kms.katalon.core.testobject.ObjectRepository.findTestObject(lab/Page_Store/select_--Select--E.C.G. Jelly)): 16 options of object 'Object Repository/lab/Page_Store/select_--Select--E.C.G. Jelly' counted

2018-05-28 09:57:01 - [MESSAGE][PASSED] - 16 options of object 'Object Repository/lab/Page_Store/select_--Select--E.C.G. Jelly' counted

2018-05-28 09:57:01 - [TEST_STEP][PASSED] - Statement - For ([a = 1, a < selectedoptions, (a++)]): null

2018-05-28 09:57:01 - [TEST_STEP][PASSED] - selectOptionByIndex: All options with index in [1] are selected on object 'Object Repository/lab/Page_Store/select_--Select--E.C.G. Jelly'

2018-05-28 09:57:01 - [MESSAGE][PASSED] - All options with index in [1] are selected on object 'Object Repository/lab/Page_Store/select_--Select--E.C.G. Jelly'

2018-05-28 09:57:01 - [TEST_STEP][PASSED] - delay: Delayed 2 second(s)

2018-05-28 09:57:03 - [MESSAGE][PASSED] - Delayed 2 second(s)

2018-05-28 09:57:03 - [TEST_STEP][PASSED] - Statement - RequestedQty = com.kms.katalon.core.webui.keyword.WebUiBuiltInKeywords.getAttribute(com.kms.katalon.core.testobject.ObjectRepository.findTestObject(lab/Page_Store/input_txttotal), "value"): Attribute 'value' of object 'Object Repository/lab/Page_Store/input_txttotal' is: '10'

2018-05-28 09:57:03 - [MESSAGE][PASSED] - Attribute 'value' of object 'Object Repository/lab/Page_Store/input_txttotal' is: '10'

2018-05-28 09:57:03 - [TEST_STEP][PASSED] - Statement - out.println("Requested QTY : " + RequestedQty): null

2018-05-28 09:57:03 - [TEST_STEP][PASSED] - Statement - BatchNumber = com.kms.katalon.core.webui.keyword.WebUiBuiltInKeywords.getNumberOfTotalOption(com.kms.katalon.core.testobject.ObjectRepository.findTestObject(lab/Page_Store/select_--Select--BA50)): 6 options of object 'Object Repository/lab/Page_Store/select_--Select--BA50' counted

2018-05-28 09:57:03 - [MESSAGE][PASSED] - 6 options of object 'Object Repository/lab/Page_Store/select_--Select--BA50' counted

2018-05-28 09:57:03 - [TEST_STEP][PASSED] - Statement - For ([g = 1, g < BatchNumber, (g++)]): null

2018-05-28 09:57:03 - [TEST_STEP][PASSED] - selectOptionByIndex: All options with index in [1] are selected on object 'Object Repository/lab/Page_Store/select_--Select--BA50'

2018-05-28 09:57:03 - [MESSAGE][PASSED] - All options with index in [1] are selected on object 'Object Repository/lab/Page_Store/select_--Select--BA50'

2018-05-28 09:57:03 - [TEST_STEP][PASSED] - Statement - Try: null

2018-05-28 09:57:03 - [TEST_STEP][PASSED] - Statement - StockQty = com.kms.katalon.core.webui.keyword.WebUiBuiltInKeywords.getAttribute(com.kms.katalon.core.testobject.ObjectRepository.findTestObject(lab/Page_Store/input_txtprice), "value"): Attribute 'value' of object 'Object Repository/lab/Page_Store/input_txtprice' is: '410'

2018-05-28 09:57:03 - [MESSAGE][PASSED] - Attribute 'value' of object 'Object Repository/lab/Page_Store/input_txtprice' is: '410'

2018-05-28 09:57:03 - [TEST_STEP][PASSED] - Statement - out.println("Stock QTY : " + StockQty): null

2018-05-28 09:57:03 - [TEST_STEP][PASSED] - delay: Delayed 2 second(s)

2018-05-28 09:57:05 - [MESSAGE][PASSED] - Delayed 2 second(s)

2018-05-28 09:57:05 - [TEST_STEP][PASSED] - Statement - If (java.lang.Integer.valueOf(StockQty) >= java.lang.Integer.valueOf(RequestedQty)): null

2018-05-28 09:57:05 - [TEST_STEP][PASSED] - setText: Text '10' is set on object 'Object Repository/lab/Page_Store/input_txtqty'

2018-05-28 09:57:05 - [MESSAGE][PASSED] - Text '10' is set on object 'Object Repository/lab/Page_Store/input_txtqty'

2018-05-28 09:57:05 - [TEST_STEP][PASSED] - click: Object: 'Object Repository/lab/Page_Store/button_Add' is clicked on

2018-05-28 09:57:06 - [MESSAGE][PASSED] - Object: 'Object Repository/lab/Page_Store/button_Add' is clicked on

2018-05-28 09:57:06 - [TEST_STEP][PASSED] - Statement - Break: null

2018-05-28 09:57:06 - [TEST_STEP][PASSED] - selectOptionByIndex: All options with index in [2] are selected on object 'Object Repository/lab/Page_Store/select_--Select--E.C.G. Jelly'

2018-05-28 09:57:06 - [MESSAGE][PASSED] - All options with index in [2] are selected on object 'Object Repository/lab/Page_Store/select_--Select--E.C.G. Jelly'

2018-05-28 09:57:06 - [TEST_STEP][PASSED] - delay: Delayed 2 second(s)

2018-05-28 09:57:08 - [MESSAGE][PASSED] - Delayed 2 second(s)

2018-05-28 09:57:08 - [TEST_STEP][PASSED] - Statement - RequestedQty = com.kms.katalon.core.webui.keyword.WebUiBuiltInKeywords.getAttribute(com.kms.katalon.core.testobject.ObjectRepository.findTestObject(lab/Page_Store/input_txttotal), "value"): Attribute 'value' of object 'Object Repository/lab/Page_Store/input_txttotal' is: '10'

2018-05-28 09:57:08 - [MESSAGE][PASSED] - Attribute 'value' of object 'Object Repository/lab/Page_Store/input_txttotal' is: '10'

2018-05-28 09:57:08 - [TEST_STEP][PASSED] - Statement - out.println("Requested QTY : " + RequestedQty): null

2018-05-28 09:57:08 - [TEST_STEP][PASSED] - Statement - BatchNumber = com.kms.katalon.core.webui.keyword.WebUiBuiltInKeywords.getNumberOfTotalOption(com.kms.katalon.core.testobject.ObjectRepository.findTestObject(lab/Page_Store/select_--Select--BA50)): 4 options of object 'Object Repository/lab/Page_Store/select_--Select--BA50' counted

2018-05-28 09:57:08 - [MESSAGE][PASSED] - 4 options of object 'Object Repository/lab/Page_Store/select_--Select--BA50' counted

2018-05-28 09:57:08 - [TEST_STEP][PASSED] - Statement - For ([g = 1, g < BatchNumber, (g++)]): null

2018-05-28 09:57:08 - [TEST_STEP][PASSED] - selectOptionByIndex: All options with index in [1] are selected on object 'Object Repository/lab/Page_Store/select_--Select--BA50'

2018-05-28 09:57:08 - [MESSAGE][PASSED] - All options with index in [1] are selected on object 'Object Repository/lab/Page_Store/select_--Select--BA50'

2018-05-28 09:57:08 - [TEST_STEP][PASSED] - Statement - Try: null

2018-05-28 09:57:08 - [TEST_STEP][PASSED] - Statement - StockQty = com.kms.katalon.core.webui.keyword.WebUiBuiltInKeywords.getAttribute(com.kms.katalon.core.testobject.ObjectRepository.findTestObject(lab/Page_Store/input_txtprice), "value"): Attribute 'value' of object 'Object Repository/lab/Page_Store/input_txtprice' is: '440'

2018-05-28 09:57:08 - [MESSAGE][PASSED] - Attribute 'value' of object 'Object Repository/lab/Page_Store/input_txtprice' is: '440'

2018-05-28 09:57:08 - [TEST_STEP][PASSED] - Statement - out.println("Stock QTY : " + StockQty): null

2018-05-28 09:57:08 - [TEST_STEP][PASSED] - delay: Delayed 2 second(s)

2018-05-28 09:57:10 - [MESSAGE][PASSED] - Delayed 2 second(s)

2018-05-28 09:57:10 - [TEST_STEP][PASSED] - Statement - If (java.lang.Integer.valueOf(StockQty) >= java.lang.Integer.valueOf(RequestedQty)): null

2018-05-28 09:57:10 - [TEST_STEP][PASSED] - setText: Text '10' is set on object 'Object Repository/lab/Page_Store/input_txtqty'

2018-05-28 09:57:10 - [MESSAGE][PASSED] - Text '10' is set on object 'Object Repository/lab/Page_Store/input_txtqty'

2018-05-28 09:57:10 - [TEST_STEP][PASSED] - click: Object: 'Object Repository/lab/Page_Store/button_Add' is clicked on

2018-05-28 09:57:10 - [MESSAGE][PASSED] - Object: 'Object Repository/lab/Page_Store/button_Add' is clicked on

2018-05-28 09:57:10 - [TEST_STEP][PASSED] - Statement - Break: null

2018-05-28 09:57:10 - [TEST_STEP][PASSED] - selectOptionByIndex: All options with index in [3] are selected on object 'Object Repository/lab/Page_Store/select_--Select--E.C.G. Jelly'

2018-05-28 09:57:10 - [MESSAGE][PASSED] - All options with index in [3] are selected on object 'Object Repository/lab/Page_Store/select_--Select--E.C.G. Jelly'

2018-05-28 09:57:10 - [TEST_STEP][PASSED] - delay: Delayed 2 second(s)

2018-05-28 09:57:12 - [MESSAGE][PASSED] - Delayed 2 second(s)

2018-05-28 09:57:12 - [TEST_STEP][PASSED] - Statement - RequestedQty = com.kms.katalon.core.webui.keyword.WebUiBuiltInKeywords.getAttribute(com.kms.katalon.core.testobject.ObjectRepository.findTestObject(lab/Page_Store/input_txttotal), "value"): Attribute 'value' of object 'Object Repository/lab/Page_Store/input_txttotal' is: '10'

2018-05-28 09:57:12 - [MESSAGE][PASSED] - Attribute 'value' of object 'Object Repository/lab/Page_Store/input_txttotal' is: '10'

2018-05-28 09:57:12 - [TEST_STEP][PASSED] - Statement - out.println("Requested QTY : " + RequestedQty): null

2018-05-28 09:57:12 - [TEST_STEP][PASSED] - Statement - BatchNumber = com.kms.katalon.core.webui.keyword.WebUiBuiltInKeywords.getNumberOfTotalOption(com.kms.katalon.core.testobject.ObjectRepository.findTestObject(lab/Page_Store/select_--Select--BA50)): 5 options of object 'Object Repository/lab/Page_Store/select_--Select--BA50' counted

2018-05-28 09:57:12 - [MESSAGE][PASSED] - 5 options of object 'Object Repository/lab/Page_Store/select_--Select--BA50' counted

2018-05-28 09:57:12 - [TEST_STEP][PASSED] - Statement - For ([g = 1, g < BatchNumber, (g++)]): null

2018-05-28 09:57:12 - [TEST_STEP][PASSED] - selectOptionByIndex: All options with index in [1] are selected on object 'Object Repository/lab/Page_Store/select_--Select--BA50'

2018-05-28 09:57:13 - [MESSAGE][PASSED] - All options with index in [1] are selected on object 'Object Repository/lab/Page_Store/select_--Select--BA50'

2018-05-28 09:57:13 - [TEST_STEP][PASSED] - Statement - Try: null

2018-05-28 09:57:13 - [TEST_STEP][PASSED] - Statement - StockQty = com.kms.katalon.core.webui.keyword.WebUiBuiltInKeywords.getAttribute(com.kms.katalon.core.testobject.ObjectRepository.findTestObject(lab/Page_Store/input_txtprice), "value"): Attribute 'value' of object 'Object Repository/lab/Page_Store/input_txtprice' is: '410'

2018-05-28 09:57:13 - [MESSAGE][PASSED] - Attribute 'value' of object 'Object Repository/lab/Page_Store/input_txtprice' is: '410'

2018-05-28 09:57:13 - [TEST_STEP][PASSED] - Statement - out.println("Stock QTY : " + StockQty): null

2018-05-28 09:57:13 - [TEST_STEP][PASSED] - delay: Delayed 2 second(s)

2018-05-28 09:57:15 - [MESSAGE][PASSED] - Delayed 2 second(s)

2018-05-28 09:57:15 - [TEST_STEP][PASSED] - Statement - If (java.lang.Integer.valueOf(StockQty) >= java.lang.Integer.valueOf(RequestedQty)): null

2018-05-28 09:57:15 - [TEST_STEP][PASSED] - setText: Text '10' is set on object 'Object Repository/lab/Page_Store/input_txtqty'

2018-05-28 09:57:15 - [MESSAGE][PASSED] - Text '10' is set on object 'Object Repository/lab/Page_Store/input_txtqty'

2018-05-28 09:57:15 - [TEST_STEP][PASSED] - click: Object: 'Object Repository/lab/Page_Store/button_Add' is clicked on

2018-05-28 09:57:15 - [MESSAGE][PASSED] - Object: 'Object Repository/lab/Page_Store/button_Add' is clicked on

2018-05-28 09:57:15 - [TEST_STEP][PASSED] - Statement - Break: null

2018-05-28 09:57:15 - [TEST_STEP][PASSED] - selectOptionByIndex: All options with index in [4] are selected on object 'Object Repository/lab/Page_Store/select_--Select--E.C.G. Jelly'

2018-05-28 09:57:15 - [MESSAGE][PASSED] - All options with index in [4] are selected on object 'Object Repository/lab/Page_Store/select_--Select--E.C.G. Jelly'

2018-05-28 09:57:15 - [TEST_STEP][PASSED] - delay: Delayed 2 second(s)

2018-05-28 09:57:17 - [MESSAGE][PASSED] - Delayed 2 second(s)

2018-05-28 09:57:17 - [TEST_STEP][PASSED] - Statement - RequestedQty = com.kms.katalon.core.webui.keyword.WebUiBuiltInKeywords.getAttribute(com.kms.katalon.core.testobject.ObjectRepository.findTestObject(lab/Page_Store/input_txttotal), "value"): Attribute 'value' of object 'Object Repository/lab/Page_Store/input_txttotal' is: '10'

2018-05-28 09:57:17 - [MESSAGE][PASSED] - Attribute 'value' of object 'Object Repository/lab/Page_Store/input_txttotal' is: '10'

2018-05-28 09:57:17 - [TEST_STEP][PASSED] - Statement - out.println("Requested QTY : " + RequestedQty): null

2018-05-28 09:57:17 - [TEST_STEP][PASSED] - Statement - BatchNumber = com.kms.katalon.core.webui.keyword.WebUiBuiltInKeywords.getNumberOfTotalOption(com.kms.katalon.core.testobject.ObjectRepository.findTestObject(lab/Page_Store/select_--Select--BA50)): 4 options of object 'Object Repository/lab/Page_Store/select_--Select--BA50' counted

2018-05-28 09:57:17 - [MESSAGE][PASSED] - 4 options of object 'Object Repository/lab/Page_Store/select_--Select--BA50' counted

2018-05-28 09:57:17 - [TEST_STEP][PASSED] - Statement - For ([g = 1, g < BatchNumber, (g++)]): null

2018-05-28 09:57:17 - [TEST_STEP][PASSED] - selectOptionByIndex: All options with index in [1] are selected on object 'Object Repository/lab/Page_Store/select_--Select--BA50'

2018-05-28 09:57:17 - [MESSAGE][PASSED] - All options with index in [1] are selected on object 'Object Repository/lab/Page_Store/select_--Select--BA50'

2018-05-28 09:57:17 - [TEST_STEP][PASSED] - Statement - Try: null

2018-05-28 09:57:17 - [TEST_STEP][PASSED] - Statement - StockQty = com.kms.katalon.core.webui.keyword.WebUiBuiltInKeywords.getAttribute(com.kms.katalon.core.testobject.ObjectRepository.findTestObject(lab/Page_Store/input_txtprice), "value"): Attribute 'value' of object 'Object Repository/lab/Page_Store/input_txtprice' is: '100'

2018-05-28 09:57:17 - [MESSAGE][PASSED] - Attribute 'value' of object 'Object Repository/lab/Page_Store/input_txtprice' is: '100'

2018-05-28 09:57:17 - [TEST_STEP][PASSED] - Statement - out.println("Stock QTY : " + StockQty): null

2018-05-28 09:57:17 - [TEST_STEP][PASSED] - delay: Delayed 2 second(s)

2018-05-28 09:57:19 - [MESSAGE][PASSED] - Delayed 2 second(s)

2018-05-28 09:57:19 - [TEST_STEP][PASSED] - Statement - If (java.lang.Integer.valueOf(StockQty) >= java.lang.Integer.valueOf(RequestedQty)): null

2018-05-28 09:57:19 - [TEST_STEP][PASSED] - setText: Text '10' is set on object 'Object Repository/lab/Page_Store/input_txtqty'

2018-05-28 09:57:19 - [MESSAGE][PASSED] - Text '10' is set on object 'Object Repository/lab/Page_Store/input_txtqty'

2018-05-28 09:57:19 - [TEST_STEP][PASSED] - click: Object: 'Object Repository/lab/Page_Store/button_Add' is clicked on

2018-05-28 09:57:19 - [MESSAGE][PASSED] - Object: 'Object Repository/lab/Page_Store/button_Add' is clicked on

2018-05-28 09:57:19 - [TEST_STEP][PASSED] - Statement - Break: null

2018-05-28 09:57:19 - [TEST_STEP][PASSED] - selectOptionByIndex: All options with index in [5] are selected on object 'Object Repository/lab/Page_Store/select_--Select--E.C.G. Jelly'

2018-05-28 09:57:19 - [MESSAGE][PASSED] - All options with index in [5] are selected on object 'Object Repository/lab/Page_Store/select_--Select--E.C.G. Jelly'

2018-05-28 09:57:19 - [TEST_STEP][PASSED] - delay: Delayed 2 second(s)

2018-05-28 09:57:21 - [MESSAGE][PASSED] - Delayed 2 second(s)

2018-05-28 09:57:21 - [TEST_STEP][PASSED] - Statement - RequestedQty = com.kms.katalon.core.webui.keyword.WebUiBuiltInKeywords.getAttribute(com.kms.katalon.core.testobject.ObjectRepository.findTestObject(lab/Page_Store/input_txttotal), "value"): Attribute 'value' of object 'Object Repository/lab/Page_Store/input_txttotal' is: '10'

2018-05-28 09:57:21 - [MESSAGE][PASSED] - Attribute 'value' of object 'Object Repository/lab/Page_Store/input_txttotal' is: '10'

2018-05-28 09:57:21 - [TEST_STEP][PASSED] - Statement - out.println("Requested QTY : " + RequestedQty): null

2018-05-28 09:57:21 - [TEST_STEP][PASSED] - Statement - BatchNumber = com.kms.katalon.core.webui.keyword.WebUiBuiltInKeywords.getNumberOfTotalOption(com.kms.katalon.core.testobject.ObjectRepository.findTestObject(lab/Page_Store/select_--Select--BA50)): 3 options of object 'Object Repository/lab/Page_Store/select_--Select--BA50' counted

2018-05-28 09:57:22 - [MESSAGE][PASSED] - 3 options of object 'Object Repository/lab/Page_Store/select_--Select--BA50' counted

2018-05-28 09:57:22 - [TEST_STEP][PASSED] - Statement - For ([g = 1, g < BatchNumber, (g++)]): null

2018-05-28 09:57:22 - [TEST_STEP][PASSED] - selectOptionByIndex: All options with index in [1] are selected on object 'Object Repository/lab/Page_Store/select_--Select--BA50'

2018-05-28 09:57:22 - [MESSAGE][PASSED] - All options with index in [1] are selected on object 'Object Repository/lab/Page_Store/select_--Select--BA50'

2018-05-28 09:57:22 - [TEST_STEP][PASSED] - Statement - Try: null

2018-05-28 09:57:22 - [TEST_STEP][PASSED] - Statement - StockQty = com.kms.katalon.core.webui.keyword.WebUiBuiltInKeywords.getAttribute(com.kms.katalon.core.testobject.ObjectRepository.findTestObject(lab/Page_Store/input_txtprice), "value"): Attribute 'value' of object 'Object Repository/lab/Page_Store/input_txtprice' is: '1500'

2018-05-28 09:57:22 - [MESSAGE][PASSED] - Attribute 'value' of object 'Object Repository/lab/Page_Store/input_txtprice' is: '1500'

2018-05-28 09:57:22 - [TEST_STEP][PASSED] - Statement - out.println("Stock QTY : " + StockQty): null

2018-05-28 09:57:22 - [TEST_STEP][PASSED] - delay: Delayed 2 second(s)

2018-05-28 09:57:24 - [MESSAGE][PASSED] - Delayed 2 second(s)

2018-05-28 09:57:24 - [TEST_STEP][PASSED] - Statement - If (java.lang.Integer.valueOf(StockQty) >= java.lang.Integer.valueOf(RequestedQty)): null

2018-05-28 09:57:24 - [TEST_STEP][PASSED] - setText: Text '10' is set on object 'Object Repository/lab/Page_Store/input_txtqty'

2018-05-28 09:57:24 - [MESSAGE][PASSED] - Text '10' is set on object 'Object Repository/lab/Page_Store/input_txtqty'

2018-05-28 09:57:24 - [TEST_STEP][PASSED] - click: Object: 'Object Repository/lab/Page_Store/button_Add' is clicked on

2018-05-28 09:57:24 - [MESSAGE][PASSED] - Object: 'Object Repository/lab/Page_Store/button_Add' is clicked on

2018-05-28 09:57:24 - [TEST_STEP][PASSED] - Statement - Break: null

2018-05-28 09:57:24 - [TEST_STEP][PASSED] - selectOptionByIndex: All options with index in [6] are selected on object 'Object Repository/lab/Page_Store/select_--Select--E.C.G. Jelly'

2018-05-28 09:57:24 - [MESSAGE][PASSED] - All options with index in [6] are selected on object 'Object Repository/lab/Page_Store/select_--Select--E.C.G. Jelly'

2018-05-28 09:57:24 - [TEST_STEP][PASSED] - delay: Delayed 2 second(s)

2018-05-28 09:57:26 - [MESSAGE][PASSED] - Delayed 2 second(s)

2018-05-28 09:57:26 - [TEST_STEP][PASSED] - Statement - RequestedQty = com.kms.katalon.core.webui.keyword.WebUiBuiltInKeywords.getAttribute(com.kms.katalon.core.testobject.ObjectRepository.findTestObject(lab/Page_Store/input_txttotal), "value"): Attribute 'value' of object 'Object Repository/lab/Page_Store/input_txttotal' is: '10'

2018-05-28 09:57:26 - [MESSAGE][PASSED] - Attribute 'value' of object 'Object Repository/lab/Page_Store/input_txttotal' is: '10'

2018-05-28 09:57:26 - [TEST_STEP][PASSED] - Statement - out.println("Requested QTY : " + RequestedQty): null

2018-05-28 09:57:26 - [TEST_STEP][PASSED] - Statement - BatchNumber = com.kms.katalon.core.webui.keyword.WebUiBuiltInKeywords.getNumberOfTotalOption(com.kms.katalon.core.testobject.ObjectRepository.findTestObject(lab/Page_Store/select_--Select--BA50)): 3 options of object 'Object Repository/lab/Page_Store/select_--Select--BA50' counted

2018-05-28 09:57:26 - [MESSAGE][PASSED] - 3 options of object 'Object Repository/lab/Page_Store/select_--Select--BA50' counted

2018-05-28 09:57:26 - [TEST_STEP][PASSED] - Statement - For ([g = 1, g < BatchNumber, (g++)]): null

2018-05-28 09:57:26 - [TEST_STEP][PASSED] - selectOptionByIndex: All options with index in [1] are selected on object 'Object Repository/lab/Page_Store/select_--Select--BA50'

2018-05-28 09:57:26 - [MESSAGE][PASSED] - All options with index in [1] are selected on object 'Object Repository/lab/Page_Store/select_--Select--BA50'

2018-05-28 09:57:26 - [TEST_STEP][PASSED] - Statement - Try: null

2018-05-28 09:57:26 - [TEST_STEP][PASSED] - Statement - StockQty = com.kms.katalon.core.webui.keyword.WebUiBuiltInKeywords.getAttribute(com.kms.katalon.core.testobject.ObjectRepository.findTestObject(lab/Page_Store/input_txtprice), "value"): Attribute 'value' of object 'Object Repository/lab/Page_Store/input_txtprice' is: '1440'

2018-05-28 09:57:26 - [MESSAGE][PASSED] - Attribute 'value' of object 'Object Repository/lab/Page_Store/input_txtprice' is: '1440'

2018-05-28 09:57:26 - [TEST_STEP][PASSED] - Statement - out.println("Stock QTY : " + StockQty): null

2018-05-28 09:57:26 - [TEST_STEP][PASSED] - delay: Delayed 2 second(s)

2018-05-28 09:57:28 - [MESSAGE][PASSED] - Delayed 2 second(s)

2018-05-28 09:57:28 - [TEST_STEP][PASSED] - Statement - If (java.lang.Integer.valueOf(StockQty) >= java.lang.Integer.valueOf(RequestedQty)): null

2018-05-28 09:57:28 - [TEST_STEP][PASSED] - setText: Text '10' is set on object 'Object Repository/lab/Page_Store/input_txtqty'

2018-05-28 09:57:29 - [MESSAGE][PASSED] - Text '10' is set on object 'Object Repository/lab/Page_Store/input_txtqty'

2018-05-28 09:57:29 - [TEST_STEP][PASSED] - click: Object: 'Object Repository/lab/Page_Store/button_Add' is clicked on

2018-05-28 09:57:29 - [MESSAGE][PASSED] - Object: 'Object Repository/lab/Page_Store/button_Add' is clicked on

2018-05-28 09:57:29 - [TEST_STEP][PASSED] - Statement - Break: null

2018-05-28 09:57:29 - [TEST_STEP][PASSED] - selectOptionByIndex: All options with index in [7] are selected on object 'Object Repository/lab/Page_Store/select_--Select--E.C.G. Jelly'

2018-05-28 09:57:29 - [MESSAGE][PASSED] - All options with index in [7] are selected on object 'Object Repository/lab/Page_Store/select_--Select--E.C.G. Jelly'

2018-05-28 09:57:29 - [TEST_STEP][PASSED] - delay: Delayed 2 second(s)

2018-05-28 09:57:31 - [MESSAGE][PASSED] - Delayed 2 second(s)

2018-05-28 09:57:31 - [TEST_STEP][PASSED] - Statement - RequestedQty = com.kms.katalon.core.webui.keyword.WebUiBuiltInKeywords.getAttribute(com.kms.katalon.core.testobject.ObjectRepository.findTestObject(lab/Page_Store/input_txttotal), "value"): Attribute 'value' of object 'Object Repository/lab/Page_Store/input_txttotal' is: '10'

2018-05-28 09:57:31 - [MESSAGE][PASSED] - Attribute 'value' of object 'Object Repository/lab/Page_Store/input_txttotal' is: '10'

2018-05-28 09:57:31 - [TEST_STEP][PASSED] - Statement - out.println("Requested QTY : " + RequestedQty): null

2018-05-28 09:57:31 - [TEST_STEP][PASSED] - Statement - BatchNumber = com.kms.katalon.core.webui.keyword.WebUiBuiltInKeywords.getNumberOfTotalOption(com.kms.katalon.core.testobject.ObjectRepository.findTestObject(lab/Page_Store/select_--Select--BA50)): 3 options of object 'Object Repository/lab/Page_Store/select_--Select--BA50' counted

2018-05-28 09:57:31 - [MESSAGE][PASSED] - 3 options of object 'Object Repository/lab/Page_Store/select_--Select--BA50' counted

2018-05-28 09:57:31 - [TEST_STEP][PASSED] - Statement - For ([g = 1, g < BatchNumber, (g++)]): null

2018-05-28 09:57:31 - [TEST_STEP][PASSED] - selectOptionByIndex: All options with index in [1] are selected on object 'Object Repository/lab/Page_Store/select_--Select--BA50'

2018-05-28 09:57:31 - [MESSAGE][PASSED] - All options with index in [1] are selected on object 'Object Repository/lab/Page_Store/select_--Select--BA50'

2018-05-28 09:57:31 - [TEST_STEP][PASSED] - Statement - Try: null

2018-05-28 09:57:31 - [TEST_STEP][PASSED] - Statement - StockQty = com.kms.katalon.core.webui.keyword.WebUiBuiltInKeywords.getAttribute(com.kms.katalon.core.testobject.ObjectRepository.findTestObject(lab/Page_Store/input_txtprice), "value"): Attribute 'value' of object 'Object Repository/lab/Page_Store/input_txtprice' is: '1340'

2018-05-28 09:57:31 - [MESSAGE][PASSED] - Attribute 'value' of object 'Object Repository/lab/Page_Store/input_txtprice' is: '1340'

2018-05-28 09:57:31 - [TEST_STEP][PASSED] - Statement - out.println("Stock QTY : " + StockQty): null

2018-05-28 09:57:31 - [TEST_STEP][PASSED] - delay: Delayed 2 second(s)

2018-05-28 09:57:33 - [MESSAGE][PASSED] - Delayed 2 second(s)

2018-05-28 09:57:33 - [TEST_STEP][PASSED] - Statement - If (java.lang.Integer.valueOf(StockQty) >= java.lang.Integer.valueOf(RequestedQty)): null

2018-05-28 09:57:33 - [TEST_STEP][PASSED] - setText: Text '10' is set on object 'Object Repository/lab/Page_Store/input_txtqty'

2018-05-28 09:57:33 - [MESSAGE][PASSED] - Text '10' is set on object 'Object Repository/lab/Page_Store/input_txtqty'

2018-05-28 09:57:33 - [TEST_STEP][PASSED] - click: Object: 'Object Repository/lab/Page_Store/button_Add' is clicked on

2018-05-28 09:57:33 - [MESSAGE][PASSED] - Object: 'Object Repository/lab/Page_Store/button_Add' is clicked on

2018-05-28 09:57:33 - [TEST_STEP][PASSED] - Statement - Break: null

2018-05-28 09:57:33 - [TEST_STEP][PASSED] - selectOptionByIndex: All options with index in [8] are selected on object 'Object Repository/lab/Page_Store/select_--Select--E.C.G. Jelly'

2018-05-28 09:57:34 - [MESSAGE][PASSED] - All options with index in [8] are selected on object 'Object Repository/lab/Page_Store/select_--Select--E.C.G. Jelly'

2018-05-28 09:57:34 - [TEST_STEP][PASSED] - delay: Delayed 2 second(s)

2018-05-28 09:57:36 - [MESSAGE][PASSED] - Delayed 2 second(s)

2018-05-28 09:57:36 - [TEST_STEP][PASSED] - Statement - RequestedQty = com.kms.katalon.core.webui.keyword.WebUiBuiltInKeywords.getAttribute(com.kms.katalon.core.testobject.ObjectRepository.findTestObject(lab/Page_Store/input_txttotal), "value"): Attribute 'value' of object 'Object Repository/lab/Page_Store/input_txttotal' is: '10'

2018-05-28 09:57:36 - [MESSAGE][PASSED] - Attribute 'value' of object 'Object Repository/lab/Page_Store/input_txttotal' is: '10'

2018-05-28 09:57:36 - [TEST_STEP][PASSED] - Statement - out.println("Requested QTY : " + RequestedQty): null

2018-05-28 09:57:36 - [TEST_STEP][PASSED] - Statement - BatchNumber = com.kms.katalon.core.webui.keyword.WebUiBuiltInKeywords.getNumberOfTotalOption(com.kms.katalon.core.testobject.ObjectRepository.findTestObject(lab/Page_Store/select_--Select--BA50)): 2 options of object 'Object Repository/lab/Page_Store/select_--Select--BA50' counted

2018-05-28 09:57:36 - [MESSAGE][PASSED] - 2 options of object 'Object Repository/lab/Page_Store/select_--Select--BA50' counted

2018-05-28 09:57:36 - [TEST_STEP][PASSED] - Statement - For ([g = 1, g < BatchNumber, (g++)]): null

2018-05-28 09:57:36 - [TEST_STEP][PASSED] - selectOptionByIndex: All options with index in [1] are selected on object 'Object Repository/lab/Page_Store/select_--Select--BA50'

2018-05-28 09:57:36 - [MESSAGE][PASSED] - All options with index in [1] are selected on object 'Object Repository/lab/Page_Store/select_--Select--BA50'

2018-05-28 09:57:36 - [TEST_STEP][PASSED] - Statement - Try: null

2018-05-28 09:57:36 - [TEST_STEP][PASSED] - Statement - StockQty = com.kms.katalon.core.webui.keyword.WebUiBuiltInKeywords.getAttribute(com.kms.katalon.core.testobject.ObjectRepository.findTestObject(lab/Page_Store/input_txtprice), "value"): Attribute 'value' of object 'Object Repository/lab/Page_Store/input_txtprice' is: '1440'

2018-05-28 09:57:36 - [MESSAGE][PASSED] - Attribute 'value' of object 'Object Repository/lab/Page_Store/input_txtprice' is: '1440'

2018-05-28 09:57:36 - [TEST_STEP][PASSED] - Statement - out.println("Stock QTY : " + StockQty): null

2018-05-28 09:57:36 - [TEST_STEP][PASSED] - delay: Delayed 2 second(s)

2018-05-28 09:57:38 - [MESSAGE][PASSED] - Delayed 2 second(s)

2018-05-28 09:57:38 - [TEST_STEP][PASSED] - Statement - If (java.lang.Integer.valueOf(StockQty) >= java.lang.Integer.valueOf(RequestedQty)): null

2018-05-28 09:57:38 - [TEST_STEP][PASSED] - setText: Text '10' is set on object 'Object Repository/lab/Page_Store/input_txtqty'

2018-05-28 09:57:38 - [MESSAGE][PASSED] - Text '10' is set on object 'Object Repository/lab/Page_Store/input_txtqty'

2018-05-28 09:57:38 - [TEST_STEP][PASSED] - click: Object: 'Object Repository/lab/Page_Store/button_Add' is clicked on

2018-05-28 09:57:38 - [MESSAGE][PASSED] - Object: 'Object Repository/lab/Page_Store/button_Add' is clicked on

2018-05-28 09:57:38 - [TEST_STEP][PASSED] - Statement - Break: null

2018-05-28 09:57:38 - [TEST_STEP][PASSED] - selectOptionByIndex: All options with index in [9] are selected on object 'Object Repository/lab/Page_Store/select_--Select--E.C.G. Jelly'

2018-05-28 09:57:38 - [MESSAGE][PASSED] - All options with index in [9] are selected on object 'Object Repository/lab/Page_Store/select_--Select--E.C.G. Jelly'

2018-05-28 09:57:38 - [TEST_STEP][PASSED] - delay: Delayed 2 second(s)

2018-05-28 09:57:40 - [MESSAGE][PASSED] - Delayed 2 second(s)

2018-05-28 09:57:40 - [TEST_STEP][PASSED] - Statement - RequestedQty = com.kms.katalon.core.webui.keyword.WebUiBuiltInKeywords.getAttribute(com.kms.katalon.core.testobject.ObjectRepository.findTestObject(lab/Page_Store/input_txttotal), "value"): Attribute 'value' of object 'Object Repository/lab/Page_Store/input_txttotal' is: '10'

2018-05-28 09:57:40 - [MESSAGE][PASSED] - Attribute 'value' of object 'Object Repository/lab/Page_Store/input_txttotal' is: '10'

2018-05-28 09:57:40 - [TEST_STEP][PASSED] - Statement - out.println("Requested QTY : " + RequestedQty): null

2018-05-28 09:57:40 - [TEST_STEP][PASSED] - Statement - BatchNumber = com.kms.katalon.core.webui.keyword.WebUiBuiltInKeywords.getNumberOfTotalOption(com.kms.katalon.core.testobject.ObjectRepository.findTestObject(lab/Page_Store/select_--Select--BA50)): 4 options of object 'Object Repository/lab/Page_Store/select_--Select--BA50' counted

2018-05-28 09:57:40 - [MESSAGE][PASSED] - 4 options of object 'Object Repository/lab/Page_Store/select_--Select--BA50' counted

2018-05-28 09:57:40 - [TEST_STEP][PASSED] - Statement - For ([g = 1, g < BatchNumber, (g++)]): null

2018-05-28 09:57:40 - [TEST_STEP][PASSED] - selectOptionByIndex: All options with index in [1] are selected on object 'Object Repository/lab/Page_Store/select_--Select--BA50'

2018-05-28 09:57:40 - [MESSAGE][PASSED] - All options with index in [1] are selected on object 'Object Repository/lab/Page_Store/select_--Select--BA50'

2018-05-28 09:57:40 - [TEST_STEP][PASSED] - Statement - Try: null

2018-05-28 09:57:40 - [TEST_STEP][PASSED] - Statement - StockQty = com.kms.katalon.core.webui.keyword.WebUiBuiltInKeywords.getAttribute(com.kms.katalon.core.testobject.ObjectRepository.findTestObject(lab/Page_Store/input_txtprice), "value"): Attribute 'value' of object 'Object Repository/lab/Page_Store/input_txtprice' is: '1340'

2018-05-28 09:57:40 - [MESSAGE][PASSED] - Attribute 'value' of object 'Object Repository/lab/Page_Store/input_txtprice' is: '1340'

2018-05-28 09:57:40 - [TEST_STEP][PASSED] - Statement - out.println("Stock QTY : " + StockQty): null

2018-05-28 09:57:40 - [TEST_STEP][PASSED] - delay: Delayed 2 second(s)

2018-05-28 09:57:42 - [MESSAGE][PASSED] - Delayed 2 second(s)

2018-05-28 09:57:42 - [TEST_STEP][PASSED] - Statement - If (java.lang.Integer.valueOf(StockQty) >= java.lang.Integer.valueOf(RequestedQty)): null

2018-05-28 09:57:42 - [TEST_STEP][PASSED] - setText: Text '10' is set on object 'Object Repository/lab/Page_Store/input_txtqty'

2018-05-28 09:57:43 - [MESSAGE][PASSED] - Text '10' is set on object 'Object Repository/lab/Page_Store/input_txtqty'

2018-05-28 09:57:43 - [TEST_STEP][PASSED] - click: Object: 'Object Repository/lab/Page_Store/button_Add' is clicked on

2018-05-28 09:57:43 - [MESSAGE][PASSED] - Object: 'Object Repository/lab/Page_Store/button_Add' is clicked on

2018-05-28 09:57:43 - [TEST_STEP][PASSED] - Statement - Break: null

2018-05-28 09:57:43 - [TEST_STEP][PASSED] - selectOptionByIndex: All options with index in [10] are selected on object 'Object Repository/lab/Page_Store/select_--Select--E.C.G. Jelly'

2018-05-28 09:57:43 - [MESSAGE][PASSED] - All options with index in [10] are selected on object 'Object Repository/lab/Page_Store/select_--Select--E.C.G. Jelly'

2018-05-28 09:57:43 - [TEST_STEP][PASSED] - delay: Delayed 2 second(s)

2018-05-28 09:57:45 - [MESSAGE][PASSED] - Delayed 2 second(s)

2018-05-28 09:57:45 - [TEST_STEP][PASSED] - Statement - RequestedQty = com.kms.katalon.core.webui.keyword.WebUiBuiltInKeywords.getAttribute(com.kms.katalon.core.testobject.ObjectRepository.findTestObject(lab/Page_Store/input_txttotal), "value"): Attribute 'value' of object 'Object Repository/lab/Page_Store/input_txttotal' is: '10'

2018-05-28 09:57:45 - [MESSAGE][PASSED] - Attribute 'value' of object 'Object Repository/lab/Page_Store/input_txttotal' is: '10'

2018-05-28 09:57:45 - [TEST_STEP][PASSED] - Statement - out.println("Requested QTY : " + RequestedQty): null

2018-05-28 09:57:45 - [TEST_STEP][PASSED] - Statement - BatchNumber = com.kms.katalon.core.webui.keyword.WebUiBuiltInKeywords.getNumberOfTotalOption(com.kms.katalon.core.testobject.ObjectRepository.findTestObject(lab/Page_Store/select_--Select--BA50)): 3 options of object 'Object Repository/lab/Page_Store/select_--Select--BA50' counted

2018-05-28 09:57:45 - [MESSAGE][PASSED] - 3 options of object 'Object Repository/lab/Page_Store/select_--Select--BA50' counted

2018-05-28 09:57:45 - [TEST_STEP][PASSED] - Statement - For ([g = 1, g < BatchNumber, (g++)]): null

2018-05-28 09:57:45 - [TEST_STEP][PASSED] - selectOptionByIndex: All options with index in [1] are selected on object 'Object Repository/lab/Page_Store/select_--Select--BA50'

2018-05-28 09:57:45 - [MESSAGE][PASSED] - All options with index in [1] are selected on object 'Object Repository/lab/Page_Store/select_--Select--BA50'

2018-05-28 09:57:45 - [TEST_STEP][PASSED] - Statement - Try: null

2018-05-28 09:57:45 - [TEST_STEP][PASSED] - Statement - StockQty = com.kms.katalon.core.webui.keyword.WebUiBuiltInKeywords.getAttribute(com.kms.katalon.core.testobject.ObjectRepository.findTestObject(lab/Page_Store/input_txtprice), "value"): Attribute 'value' of object 'Object Repository/lab/Page_Store/input_txtprice' is: '1440'

2018-05-28 09:57:45 - [MESSAGE][PASSED] - Attribute 'value' of object 'Object Repository/lab/Page_Store/input_txtprice' is: '1440'

2018-05-28 09:57:45 - [TEST_STEP][PASSED] - Statement - out.println("Stock QTY : " + StockQty): null

2018-05-28 09:57:45 - [TEST_STEP][PASSED] - delay: Delayed 2 second(s)

2018-05-28 09:57:47 - [MESSAGE][PASSED] - Delayed 2 second(s)

2018-05-28 09:57:47 - [TEST_STEP][PASSED] - Statement - If (java.lang.Integer.valueOf(StockQty) >= java.lang.Integer.valueOf(RequestedQty)): null

2018-05-28 09:57:47 - [TEST_STEP][PASSED] - setText: Text '10' is set on object 'Object Repository/lab/Page_Store/input_txtqty'

2018-05-28 09:57:47 - [MESSAGE][PASSED] - Text '10' is set on object 'Object Repository/lab/Page_Store/input_txtqty'

2018-05-28 09:57:47 - [TEST_STEP][PASSED] - click: Object: 'Object Repository/lab/Page_Store/button_Add' is clicked on

2018-05-28 09:57:47 - [MESSAGE][PASSED] - Object: 'Object Repository/lab/Page_Store/button_Add' is clicked on

2018-05-28 09:57:47 - [TEST_STEP][PASSED] - Statement - Break: null

2018-05-28 09:57:47 - [TEST_STEP][PASSED] - selectOptionByIndex: All options with index in [11] are selected on object 'Object Repository/lab/Page_Store/select_--Select--E.C.G. Jelly'

2018-05-28 09:57:47 - [MESSAGE][PASSED] - All options with index in [11] are selected on object 'Object Repository/lab/Page_Store/select_--Select--E.C.G. Jelly'

2018-05-28 09:57:47 - [TEST_STEP][PASSED] - delay: Delayed 2 second(s)

2018-05-28 09:57:49 - [MESSAGE][PASSED] - Delayed 2 second(s)

2018-05-28 09:57:49 - [TEST_STEP][PASSED] - Statement - RequestedQty = com.kms.katalon.core.webui.keyword.WebUiBuiltInKeywords.getAttribute(com.kms.katalon.core.testobject.ObjectRepository.findTestObject(lab/Page_Store/input_txttotal), "value"): Attribute 'value' of object 'Object Repository/lab/Page_Store/input_txttotal' is: '10'

2018-05-28 09:57:50 - [MESSAGE][PASSED] - Attribute 'value' of object 'Object Repository/lab/Page_Store/input_txttotal' is: '10'

2018-05-28 09:57:50 - [TEST_STEP][PASSED] - Statement - out.println("Requested QTY : " + RequestedQty): null

2018-05-28 09:57:50 - [TEST_STEP][PASSED] - Statement - BatchNumber = com.kms.katalon.core.webui.keyword.WebUiBuiltInKeywords.getNumberOfTotalOption(com.kms.katalon.core.testobject.ObjectRepository.findTestObject(lab/Page_Store/select_--Select--BA50)): 3 options of object 'Object Repository/lab/Page_Store/select_--Select--BA50' counted

2018-05-28 09:57:50 - [MESSAGE][PASSED] - 3 options of object 'Object Repository/lab/Page_Store/select_--Select--BA50' counted

2018-05-28 09:57:50 - [TEST_STEP][PASSED] - Statement - For ([g = 1, g < BatchNumber, (g++)]): null

2018-05-28 09:57:50 - [TEST_STEP][PASSED] - selectOptionByIndex: All options with index in [1] are selected on object 'Object Repository/lab/Page_Store/select_--Select--BA50'

2018-05-28 09:57:50 - [MESSAGE][PASSED] - All options with index in [1] are selected on object 'Object Repository/lab/Page_Store/select_--Select--BA50'

2018-05-28 09:57:50 - [TEST_STEP][PASSED] - Statement - Try: null

2018-05-28 09:57:50 - [TEST_STEP][PASSED] - Statement - StockQty = com.kms.katalon.core.webui.keyword.WebUiBuiltInKeywords.getAttribute(com.kms.katalon.core.testobject.ObjectRepository.findTestObject(lab/Page_Store/input_txtprice), "value"): Attribute 'value' of object 'Object Repository/lab/Page_Store/input_txtprice' is: '450'

2018-05-28 09:57:50 - [MESSAGE][PASSED] - Attribute 'value' of object 'Object Repository/lab/Page_Store/input_txtprice' is: '450'

2018-05-28 09:57:50 - [TEST_STEP][PASSED] - Statement - out.println("Stock QTY : " + StockQty): null

2018-05-28 09:57:50 - [TEST_STEP][PASSED] - delay: Delayed 2 second(s)

2018-05-28 09:57:52 - [MESSAGE][PASSED] - Delayed 2 second(s)

2018-05-28 09:57:52 - [TEST_STEP][PASSED] - Statement - If (java.lang.Integer.valueOf(StockQty) >= java.lang.Integer.valueOf(RequestedQty)): null

2018-05-28 09:57:52 - [TEST_STEP][PASSED] - setText: Text '10' is set on object 'Object Repository/lab/Page_Store/input_txtqty'

2018-05-28 09:57:52 - [MESSAGE][PASSED] - Text '10' is set on object 'Object Repository/lab/Page_Store/input_txtqty'

2018-05-28 09:57:52 - [TEST_STEP][PASSED] - click: Object: 'Object Repository/lab/Page_Store/button_Add' is clicked on

2018-05-28 09:57:52 - [MESSAGE][PASSED] - Object: 'Object Repository/lab/Page_Store/button_Add' is clicked on

2018-05-28 09:57:52 - [TEST_STEP][PASSED] - Statement - Break: null

2018-05-28 09:57:52 - [TEST_STEP][PASSED] - selectOptionByIndex: All options with index in [12] are selected on object 'Object Repository/lab/Page_Store/select_--Select--E.C.G. Jelly'

2018-05-28 09:57:52 - [MESSAGE][PASSED] - All options with index in [12] are selected on object 'Object Repository/lab/Page_Store/select_--Select--E.C.G. Jelly'

2018-05-28 09:57:52 - [TEST_STEP][PASSED] - delay: Delayed 2 second(s)

2018-05-28 09:57:54 - [MESSAGE][PASSED] - Delayed 2 second(s)

2018-05-28 09:57:54 - [TEST_STEP][PASSED] - Statement - RequestedQty = com.kms.katalon.core.webui.keyword.WebUiBuiltInKeywords.getAttribute(com.kms.katalon.core.testobject.ObjectRepository.findTestObject(lab/Page_Store/input_txttotal), "value"): Attribute 'value' of object 'Object Repository/lab/Page_Store/input_txttotal' is: '10'

2018-05-28 09:57:54 - [MESSAGE][PASSED] - Attribute 'value' of object 'Object Repository/lab/Page_Store/input_txttotal' is: '10'

2018-05-28 09:57:54 - [TEST_STEP][PASSED] - Statement - out.println("Requested QTY : " + RequestedQty): null

2018-05-28 09:57:54 - [TEST_STEP][PASSED] - Statement - BatchNumber = com.kms.katalon.core.webui.keyword.WebUiBuiltInKeywords.getNumberOfTotalOption(com.kms.katalon.core.testobject.ObjectRepository.findTestObject(lab/Page_Store/select_--Select--BA50)): 2 options of object 'Object Repository/lab/Page_Store/select_--Select--BA50' counted

2018-05-28 09:57:54 - [MESSAGE][PASSED] - 2 options of object 'Object Repository/lab/Page_Store/select_--Select--BA50' counted

2018-05-28 09:57:54 - [TEST_STEP][PASSED] - Statement - For ([g = 1, g < BatchNumber, (g++)]): null

2018-05-28 09:57:54 - [TEST_STEP][PASSED] - selectOptionByIndex: All options with index in [1] are selected on object 'Object Repository/lab/Page_Store/select_--Select--BA50'

2018-05-28 09:57:54 - [MESSAGE][PASSED] - All options with index in [1] are selected on object 'Object Repository/lab/Page_Store/select_--Select--BA50'

2018-05-28 09:57:54 - [TEST_STEP][PASSED] - Statement - Try: null

2018-05-28 09:57:54 - [TEST_STEP][PASSED] - Statement - StockQty = com.kms.katalon.core.webui.keyword.WebUiBuiltInKeywords.getAttribute(com.kms.katalon.core.testobject.ObjectRepository.findTestObject(lab/Page_Store/input_txtprice), "value"): Attribute 'value' of object 'Object Repository/lab/Page_Store/input_txtprice' is: '1540'

2018-05-28 09:57:54 - [MESSAGE][PASSED] - Attribute 'value' of object 'Object Repository/lab/Page_Store/input_txtprice' is: '1540'

2018-05-28 09:57:54 - [TEST_STEP][PASSED] - Statement - out.println("Stock QTY : " + StockQty): null

2018-05-28 09:57:54 - [TEST_STEP][PASSED] - delay: Delayed 2 second(s)

2018-05-28 09:57:56 - [MESSAGE][PASSED] - Delayed 2 second(s)

2018-05-28 09:57:56 - [TEST_STEP][PASSED] - Statement - If (java.lang.Integer.valueOf(StockQty) >= java.lang.Integer.valueOf(RequestedQty)): null

2018-05-28 09:57:56 - [TEST_STEP][PASSED] - setText: Text '10' is set on object 'Object Repository/lab/Page_Store/input_txtqty'

2018-05-28 09:57:57 - [MESSAGE][PASSED] - Text '10' is set on object 'Object Repository/lab/Page_Store/input_txtqty'

2018-05-28 09:57:57 - [TEST_STEP][PASSED] - click: Object: 'Object Repository/lab/Page_Store/button_Add' is clicked on

2018-05-28 09:57:57 - [MESSAGE][PASSED] - Object: 'Object Repository/lab/Page_Store/button_Add' is clicked on

2018-05-28 09:57:57 - [TEST_STEP][PASSED] - Statement - Break: null

2018-05-28 09:57:57 - [TEST_STEP][PASSED] - selectOptionByIndex: All options with index in [13] are selected on object 'Object Repository/lab/Page_Store/select_--Select--E.C.G. Jelly'

2018-05-28 09:57:57 - [MESSAGE][PASSED] - All options with index in [13] are selected on object 'Object Repository/lab/Page_Store/select_--Select--E.C.G. Jelly'

2018-05-28 09:57:57 - [TEST_STEP][PASSED] - delay: Delayed 2 second(s)

2018-05-28 09:57:59 - [MESSAGE][PASSED] - Delayed 2 second(s)

2018-05-28 09:57:59 - [TEST_STEP][PASSED] - Statement - RequestedQty = com.kms.katalon.core.webui.keyword.WebUiBuiltInKeywords.getAttribute(com.kms.katalon.core.testobject.ObjectRepository.findTestObject(lab/Page_Store/input_txttotal), "value"): Attribute 'value' of object 'Object Repository/lab/Page_Store/input_txttotal' is: '10'

2018-05-28 09:57:59 - [MESSAGE][PASSED] - Attribute 'value' of object 'Object Repository/lab/Page_Store/input_txttotal' is: '10'

2018-05-28 09:57:59 - [TEST_STEP][PASSED] - Statement - out.println("Requested QTY : " + RequestedQty): null

2018-05-28 09:57:59 - [TEST_STEP][PASSED] - Statement - BatchNumber = com.kms.katalon.core.webui.keyword.WebUiBuiltInKeywords.getNumberOfTotalOption(com.kms.katalon.core.testobject.ObjectRepository.findTestObject(lab/Page_Store/select_--Select--BA50)): 3 options of object 'Object Repository/lab/Page_Store/select_--Select--BA50' counted

2018-05-28 09:57:59 - [MESSAGE][PASSED] - 3 options of object 'Object Repository/lab/Page_Store/select_--Select--BA50' counted

2018-05-28 09:57:59 - [TEST_STEP][PASSED] - Statement - For ([g = 1, g < BatchNumber, (g++)]): null

2018-05-28 09:57:59 - [TEST_STEP][PASSED] - selectOptionByIndex: All options with index in [1] are selected on object 'Object Repository/lab/Page_Store/select_--Select--BA50'

2018-05-28 09:57:59 - [MESSAGE][PASSED] - All options with index in [1] are selected on object 'Object Repository/lab/Page_Store/select_--Select--BA50'

2018-05-28 09:57:59 - [TEST_STEP][PASSED] - Statement - Try: null

2018-05-28 09:57:59 - [TEST_STEP][PASSED] - Statement - StockQty = com.kms.katalon.core.webui.keyword.WebUiBuiltInKeywords.getAttribute(com.kms.katalon.core.testobject.ObjectRepository.findTestObject(lab/Page_Store/input_txtprice), "value"): Attribute 'value' of object 'Object Repository/lab/Page_Store/input_txtprice' is: '1340'

2018-05-28 09:57:59 - [MESSAGE][PASSED] - Attribute 'value' of object 'Object Repository/lab/Page_Store/input_txtprice' is: '1340'

2018-05-28 09:57:59 - [TEST_STEP][PASSED] - Statement - out.println("Stock QTY : " + StockQty): null

2018-05-28 09:57:59 - [TEST_STEP][PASSED] - delay: Delayed 2 second(s)

2018-05-28 09:58:01 - [MESSAGE][PASSED] - Delayed 2 second(s)

2018-05-28 09:58:01 - [TEST_STEP][PASSED] - Statement - If (java.lang.Integer.valueOf(StockQty) >= java.lang.Integer.valueOf(RequestedQty)): null

2018-05-28 09:58:01 - [TEST_STEP][PASSED] - setText: Text '10' is set on object 'Object Repository/lab/Page_Store/input_txtqty'

2018-05-28 09:58:01 - [MESSAGE][PASSED] - Text '10' is set on object 'Object Repository/lab/Page_Store/input_txtqty'

2018-05-28 09:58:01 - [TEST_STEP][PASSED] - click: Object: 'Object Repository/lab/Page_Store/button_Add' is clicked on

2018-05-28 09:58:01 - [MESSAGE][PASSED] - Object: 'Object Repository/lab/Page_Store/button_Add' is clicked on

2018-05-28 09:58:01 - [TEST_STEP][PASSED] - Statement - Break: null

2018-05-28 09:58:01 - [TEST_STEP][PASSED] - selectOptionByIndex: All options with index in [14] are selected on object 'Object Repository/lab/Page_Store/select_--Select--E.C.G. Jelly'

2018-05-28 09:58:02 - [MESSAGE][PASSED] - All options with index in [14] are selected on object 'Object Repository/lab/Page_Store/select_--Select--E.C.G. Jelly'

2018-05-28 09:58:02 - [TEST_STEP][PASSED] - delay: Delayed 2 second(s)

2018-05-28 09:58:04 - [MESSAGE][PASSED] - Delayed 2 second(s)

2018-05-28 09:58:04 - [TEST_STEP][PASSED] - Statement - RequestedQty = com.kms.katalon.core.webui.keyword.WebUiBuiltInKeywords.getAttribute(com.kms.katalon.core.testobject.ObjectRepository.findTestObject(lab/Page_Store/input_txttotal), "value"): Attribute 'value' of object 'Object Repository/lab/Page_Store/input_txttotal' is: '10'

2018-05-28 09:58:04 - [MESSAGE][PASSED] - Attribute 'value' of object 'Object Repository/lab/Page_Store/input_txttotal' is: '10'

2018-05-28 09:58:04 - [TEST_STEP][PASSED] - Statement - out.println("Requested QTY : " + RequestedQty): null

2018-05-28 09:58:04 - [TEST_STEP][PASSED] - Statement - BatchNumber = com.kms.katalon.core.webui.keyword.WebUiBuiltInKeywords.getNumberOfTotalOption(com.kms.katalon.core.testobject.ObjectRepository.findTestObject(lab/Page_Store/select_--Select--BA50)): 4 options of object 'Object Repository/lab/Page_Store/select_--Select--BA50' counted

2018-05-28 09:58:04 - [MESSAGE][PASSED] - 4 options of object 'Object Repository/lab/Page_Store/select_--Select--BA50' counted

2018-05-28 09:58:04 - [TEST_STEP][PASSED] - Statement - For ([g = 1, g < BatchNumber, (g++)]): null

2018-05-28 09:58:04 - [TEST_STEP][PASSED] - selectOptionByIndex: All options with index in [1] are selected on object 'Object Repository/lab/Page_Store/select_--Select--BA50'

2018-05-28 09:58:04 - [MESSAGE][PASSED] - All options with index in [1] are selected on object 'Object Repository/lab/Page_Store/select_--Select--BA50'

2018-05-28 09:58:04 - [TEST_STEP][PASSED] - Statement - Try: null

2018-05-28 09:58:04 - [TEST_STEP][PASSED] - Statement - StockQty = com.kms.katalon.core.webui.keyword.WebUiBuiltInKeywords.getAttribute(com.kms.katalon.core.testobject.ObjectRepository.findTestObject(lab/Page_Store/input_txtprice), "value"): Attribute 'value' of object 'Object Repository/lab/Page_Store/input_txtprice' is: '100'

2018-05-28 09:58:04 - [MESSAGE][PASSED] - Attribute 'value' of object 'Object Repository/lab/Page_Store/input_txtprice' is: '100'

2018-05-28 09:58:04 - [TEST_STEP][PASSED] - Statement - out.println("Stock QTY : " + StockQty): null

2018-05-28 09:58:04 - [TEST_STEP][PASSED] - delay: Delayed 2 second(s)

2018-05-28 09:58:06 - [MESSAGE][PASSED] - Delayed 2 second(s)

2018-05-28 09:58:06 - [TEST_STEP][PASSED] - Statement - If (java.lang.Integer.valueOf(StockQty) >= java.lang.Integer.valueOf(RequestedQty)): null

2018-05-28 09:58:06 - [TEST_STEP][PASSED] - setText: Text '10' is set on object 'Object Repository/lab/Page_Store/input_txtqty'

2018-05-28 09:58:06 - [MESSAGE][PASSED] - Text '10' is set on object 'Object Repository/lab/Page_Store/input_txtqty'

2018-05-28 09:58:06 - [TEST_STEP][PASSED] - click: Object: 'Object Repository/lab/Page_Store/button_Add' is clicked on

2018-05-28 09:58:06 - [MESSAGE][PASSED] - Object: 'Object Repository/lab/Page_Store/button_Add' is clicked on

2018-05-28 09:58:06 - [TEST_STEP][PASSED] - Statement - Break: null

2018-05-28 09:58:06 - [TEST_STEP][PASSED] - selectOptionByIndex: All options with index in [15] are selected on object 'Object Repository/lab/Page_Store/select_--Select--E.C.G. Jelly'

2018-05-28 09:58:06 - [MESSAGE][PASSED] - All options with index in [15] are selected on object 'Object Repository/lab/Page_Store/select_--Select--E.C.G. Jelly'

2018-05-28 09:58:06 - [TEST_STEP][PASSED] - delay: Delayed 2 second(s)

2018-05-28 09:58:08 - [MESSAGE][PASSED] - Delayed 2 second(s)

2018-05-28 09:58:08 - [TEST_STEP][PASSED] - Statement - RequestedQty = com.kms.katalon.core.webui.keyword.WebUiBuiltInKeywords.getAttribute(com.kms.katalon.core.testobject.ObjectRepository.findTestObject(lab/Page_Store/input_txttotal), "value"): Attribute 'value' of object 'Object Repository/lab/Page_Store/input_txttotal' is: '10'

2018-05-28 09:58:08 - [MESSAGE][PASSED] - Attribute 'value' of object 'Object Repository/lab/Page_Store/input_txttotal' is: '10'

2018-05-28 09:58:08 - [TEST_STEP][PASSED] - Statement - out.println("Requested QTY : " + RequestedQty): null

2018-05-28 09:58:08 - [TEST_STEP][PASSED] - Statement - BatchNumber = com.kms.katalon.core.webui.keyword.WebUiBuiltInKeywords.getNumberOfTotalOption(com.kms.katalon.core.testobject.ObjectRepository.findTestObject(lab/Page_Store/select_--Select--BA50)): 5 options of object 'Object Repository/lab/Page_Store/select_--Select--BA50' counted

2018-05-28 09:58:09 - [MESSAGE][PASSED] - 5 options of object 'Object Repository/lab/Page_Store/select_--Select--BA50' counted

2018-05-28 09:58:09 - [TEST_STEP][PASSED] - Statement - For ([g = 1, g < BatchNumber, (g++)]): null

2018-05-28 09:58:09 - [TEST_STEP][PASSED] - selectOptionByIndex: All options with index in [1] are selected on object 'Object Repository/lab/Page_Store/select_--Select--BA50'

2018-05-28 09:58:09 - [MESSAGE][PASSED] - All options with index in [1] are selected on object 'Object Repository/lab/Page_Store/select_--Select--BA50'

2018-05-28 09:58:09 - [TEST_STEP][PASSED] - Statement - Try: null

2018-05-28 09:58:09 - [TEST_STEP][PASSED] - Statement - StockQty = com.kms.katalon.core.webui.keyword.WebUiBuiltInKeywords.getAttribute(com.kms.katalon.core.testobject.ObjectRepository.findTestObject(lab/Page_Store/input_txtprice), "value"): Attribute 'value' of object 'Object Repository/lab/Page_Store/input_txtprice' is: '410'

2018-05-28 09:58:09 - [MESSAGE][PASSED] - Attribute 'value' of object 'Object Repository/lab/Page_Store/input_txtprice' is: '410'

2018-05-28 09:58:09 - [TEST_STEP][PASSED] - Statement - out.println("Stock QTY : " + StockQty): null

2018-05-28 09:58:09 - [TEST_STEP][PASSED] - delay: Delayed 2 second(s)

2018-05-28 09:58:11 - [MESSAGE][PASSED] - Delayed 2 second(s)

2018-05-28 09:58:11 - [TEST_STEP][PASSED] - Statement - If (java.lang.Integer.valueOf(StockQty) >= java.lang.Integer.valueOf(RequestedQty)): null

2018-05-28 09:58:11 - [TEST_STEP][PASSED] - setText: Text '10' is set on object 'Object Repository/lab/Page_Store/input_txtqty'

2018-05-28 09:58:11 - [MESSAGE][PASSED] - Text '10' is set on object 'Object Repository/lab/Page_Store/input_txtqty'

2018-05-28 09:58:11 - [TEST_STEP][PASSED] - click: Object: 'Object Repository/lab/Page_Store/button_Add' is clicked on

2018-05-28 09:58:11 - [MESSAGE][PASSED] - Object: 'Object Repository/lab/Page_Store/button_Add' is clicked on

2018-05-28 09:58:11 - [TEST_STEP][PASSED] - Statement - Break: null

2018-05-28 09:58:11 - [TEST_STEP][PASSED] - scrollToElement: Scroll to object 'Object Repository/lab/Page_Store/input_btnSubmit' successfully

2018-05-28 09:58:11 - [MESSAGE][PASSED] - Scroll to object 'Object Repository/lab/Page_Store/input_btnSubmit' successfully

2018-05-28 09:58:11 - [TEST_STEP][PASSED] - Statement - Try: Object: 'Object Repository/lab/Page_Store/button_OK' is clicked on

2018-05-28 09:58:11 - [TEST_STEP][PASSED] - click: Object: 'Object Repository/lab/Page_Store/input_btnSubmit' is clicked on

2018-05-28 09:58:11 - [MESSAGE][PASSED] - Object: 'Object Repository/lab/Page_Store/input_btnSubmit' is clicked on

2018-05-28 09:58:11 - [TEST_STEP][PASSED] - delay: Delayed 3 second(s)

2018-05-28 09:58:14 - [MESSAGE][PASSED] - Delayed 3 second(s)

2018-05-28 09:58:14 - [TEST_STEP][PASSED] - click: Object: 'Object Repository/lab/Page_Store/button_OK' is clicked on

2018-05-28 09:58:15 - [MESSAGE][PASSED] - Object: 'Object Repository/lab/Page_Store/button_OK' is clicked on

2018-05-28 09:58:15 - [TEST_STEP][PASSED] - delay: Delayed 3 second(s)

2018-05-28 09:58:18 - [MESSAGE][PASSED] - Delayed 3 second(s)

2018-05-28 09:58:18 - [TEST_STEP][PASSED] - click: Object: 'Object Repository/lab/Page_Store/a_dropdown-toggle' is clicked on

2018-05-28 09:58:18 - [MESSAGE][PASSED] - Object: 'Object Repository/lab/Page_Store/a_dropdown-toggle' is clicked on

2018-05-28 09:58:18 - [TEST_STEP][PASSED] - click: Object: 'Object Repository/lab/Page_Store/a_Sign out' is clicked on

2018-05-28 09:58:19 - [MESSAGE][PASSED] - Object: 'Object Repository/lab/Page_Store/a_Sign out' is clicked on

2018-05-28 09:58:19 - [TEST_STEP][PASSED] - closeBrowser: Browser is closed

2018-05-28 09:58:20 - [MESSAGE][PASSED] - Browser is closed

2018-05-28 09:58:20 - [TEST_STEP][PASSED] - Statement - out.println("Schedule 4 Investigation Request Are Working Successfully"): null]]></system-out>
         <system-err><![CDATA[]]></system-err>
      </testcase>
      <testcase name="Test Cases/INVESTIGATION TEST CASES/TC_INV_002 Verify Schedule 5 Investigation Request Are Working Successfully Or No" classname="Test Cases/INVESTIGATION TEST CASES/TC_INV_002 Verify Schedule 5 Investigation Request Are Working Successfully Or No" status="PASSED">
         <system-out><![CDATA[2018-05-28 09:58:20 - [TEST_CASE][PASSED] - Test Cases/INVESTIGATION TEST CASES/TC_INV_002 Verify Schedule 5 Investigation Request Are Working Successfully Or No: Test Cases/INVESTIGATION TEST CASES/TC_INV_002 Verify Schedule 5 Investigation Request Are Working Successfully Or No

2018-05-28 09:58:20 - [TEST_STEP][PASSED] - openBrowser: Browser is opened with url: ''

2018-05-28 09:58:22 - [MESSAGE][PASSED] - Browser is opened with url: ''

2018-05-28 09:58:22 - [TEST_STEP][PASSED] - navigateToUrl: Navigate to 'http://192.168.137.1/multihospital_new/' successfully

2018-05-28 09:58:24 - [MESSAGE][PASSED] - Navigate to 'http://192.168.137.1/multihospital_new/' successfully

2018-05-28 09:58:24 - [TEST_STEP][PASSED] - Statement - out.println(" Verify Schedule 5 Investigation Request Are Working Successfully Or Not"): null

2018-05-28 09:58:24 - [TEST_STEP][PASSED] - maximizeWindow: Current window maximized

2018-05-28 09:58:25 - [MESSAGE][PASSED] - Current window maximized

2018-05-28 09:58:25 - [TEST_STEP][PASSED] - click: Object: 'Object Repository/lab/Page_KDMC/a_Investigation' is clicked on

2018-05-28 09:58:25 - [MESSAGE][PASSED] - Object: 'Object Repository/lab/Page_KDMC/a_Investigation' is clicked on

2018-05-28 09:58:25 - [TEST_STEP][PASSED] - setText: Text 'manoj' is set on object 'Object Repository/lab/Page_Investigation login/input_txtusername'

2018-05-28 09:58:26 - [MESSAGE][PASSED] - Text 'manoj' is set on object 'Object Repository/lab/Page_Investigation login/input_txtusername'

2018-05-28 09:58:26 - [TEST_STEP][PASSED] - setText: Text '123' is set on object 'Object Repository/lab/Page_Investigation login/input_txtpassword'

2018-05-28 09:58:26 - [MESSAGE][PASSED] - Text '123' is set on object 'Object Repository/lab/Page_Investigation login/input_txtpassword'

2018-05-28 09:58:26 - [TEST_STEP][PASSED] - delay: Delayed 3 second(s)

2018-05-28 09:58:29 - [MESSAGE][PASSED] - Delayed 3 second(s)

2018-05-28 09:58:29 - [TEST_STEP][PASSED] - click: Object: 'Object Repository/lab/Page_Investigation login/button_Sign in' is clicked on

2018-05-28 09:58:29 - [MESSAGE][PASSED] - Object: 'Object Repository/lab/Page_Investigation login/button_Sign in' is clicked on

2018-05-28 09:58:29 - [TEST_STEP][PASSED] - click: Object: 'Object Repository/lab/Page_KDMC/a_Store Request' is clicked on

2018-05-28 09:58:31 - [MESSAGE][PASSED] - Object: 'Object Repository/lab/Page_KDMC/a_Store Request' is clicked on

2018-05-28 09:58:31 - [TEST_STEP][PASSED] - delay: Delayed 2 second(s)

2018-05-28 09:58:33 - [MESSAGE][PASSED] - Delayed 2 second(s)

2018-05-28 09:58:33 - [TEST_STEP][PASSED] - click: Object: 'Object Repository/lab/Page_KDMC/a_Medicine Request' is clicked on

2018-05-28 09:58:34 - [MESSAGE][PASSED] - Object: 'Object Repository/lab/Page_KDMC/a_Medicine Request' is clicked on

2018-05-28 09:58:34 - [TEST_STEP][PASSED] - selectOptionByIndex: All options with index in [2] are selected on object 'Object Repository/lab/Page_KDMC/select_--Select--Schedule 4X-r'

2018-05-28 09:58:34 - [MESSAGE][PASSED] - All options with index in [2] are selected on object 'Object Repository/lab/Page_KDMC/select_--Select--Schedule 4X-r'

2018-05-28 09:58:34 - [TEST_STEP][PASSED] - Statement - medicineslength = com.kms.katalon.core.webui.keyword.WebUiBuiltInKeywords.getNumberOfTotalOption(com.kms.katalon.core.testobject.ObjectRepository.findTestObject(lab/Page_KDMC/select_--Select--Automatic x-r)): 17 options of object 'Object Repository/lab/Page_KDMC/select_--Select--Automatic x-r' counted

2018-05-28 09:58:34 - [MESSAGE][PASSED] - 17 options of object 'Object Repository/lab/Page_KDMC/select_--Select--Automatic x-r' counted

2018-05-28 09:58:34 - [TEST_STEP][PASSED] - Statement - For ([e = 1, e < medicineslength, (e++)]): Object: 'Object Repository/lab/Page_KDMC/button_Add' is clicked on

2018-05-28 09:58:34 - [TEST_STEP][PASSED] - selectOptionByIndex: All options with index in [2] are selected on object 'Object Repository/lab/Page_KDMC/select_--Select--Schedule 4X-r'

2018-05-28 09:58:34 - [MESSAGE][PASSED] - All options with index in [2] are selected on object 'Object Repository/lab/Page_KDMC/select_--Select--Schedule 4X-r'

2018-05-28 09:58:34 - [TEST_STEP][PASSED] - selectOptionByIndex: All options with index in [1] are selected on object 'Object Repository/lab/Page_KDMC/select_--Select--Automatic x-r'

2018-05-28 09:58:34 - [MESSAGE][PASSED] - All options with index in [1] are selected on object 'Object Repository/lab/Page_KDMC/select_--Select--Automatic x-r'

2018-05-28 09:58:34 - [TEST_STEP][PASSED] - setText: Text '10' is set on object 'Object Repository/lab/Page_KDMC/input_txttreat'

2018-05-28 09:58:34 - [MESSAGE][PASSED] - Text '10' is set on object 'Object Repository/lab/Page_KDMC/input_txttreat'

2018-05-28 09:58:34 - [TEST_STEP][PASSED] - click: Object: 'Object Repository/lab/Page_KDMC/button_Add' is clicked on

2018-05-28 09:58:35 - [MESSAGE][PASSED] - Object: 'Object Repository/lab/Page_KDMC/button_Add' is clicked on

2018-05-28 09:58:35 - [TEST_STEP][PASSED] - selectOptionByIndex: All options with index in [2] are selected on object 'Object Repository/lab/Page_KDMC/select_--Select--Schedule 4X-r'

2018-05-28 09:58:35 - [MESSAGE][PASSED] - All options with index in [2] are selected on object 'Object Repository/lab/Page_KDMC/select_--Select--Schedule 4X-r'

2018-05-28 09:58:35 - [TEST_STEP][PASSED] - selectOptionByIndex: All options with index in [2] are selected on object 'Object Repository/lab/Page_KDMC/select_--Select--Automatic x-r'

2018-05-28 09:58:35 - [MESSAGE][PASSED] - All options with index in [2] are selected on object 'Object Repository/lab/Page_KDMC/select_--Select--Automatic x-r'

2018-05-28 09:58:35 - [TEST_STEP][PASSED] - setText: Text '10' is set on object 'Object Repository/lab/Page_KDMC/input_txttreat'

2018-05-28 09:58:35 - [MESSAGE][PASSED] - Text '10' is set on object 'Object Repository/lab/Page_KDMC/input_txttreat'

2018-05-28 09:58:35 - [TEST_STEP][PASSED] - click: Object: 'Object Repository/lab/Page_KDMC/button_Add' is clicked on

2018-05-28 09:58:35 - [MESSAGE][PASSED] - Object: 'Object Repository/lab/Page_KDMC/button_Add' is clicked on

2018-05-28 09:58:35 - [TEST_STEP][PASSED] - selectOptionByIndex: All options with index in [2] are selected on object 'Object Repository/lab/Page_KDMC/select_--Select--Schedule 4X-r'

2018-05-28 09:58:35 - [MESSAGE][PASSED] - All options with index in [2] are selected on object 'Object Repository/lab/Page_KDMC/select_--Select--Schedule 4X-r'

2018-05-28 09:58:35 - [TEST_STEP][PASSED] - selectOptionByIndex: All options with index in [3] are selected on object 'Object Repository/lab/Page_KDMC/select_--Select--Automatic x-r'

2018-05-28 09:58:35 - [MESSAGE][PASSED] - All options with index in [3] are selected on object 'Object Repository/lab/Page_KDMC/select_--Select--Automatic x-r'

2018-05-28 09:58:35 - [TEST_STEP][PASSED] - setText: Text '10' is set on object 'Object Repository/lab/Page_KDMC/input_txttreat'

2018-05-28 09:58:35 - [MESSAGE][PASSED] - Text '10' is set on object 'Object Repository/lab/Page_KDMC/input_txttreat'

2018-05-28 09:58:35 - [TEST_STEP][PASSED] - click: Object: 'Object Repository/lab/Page_KDMC/button_Add' is clicked on

2018-05-28 09:58:35 - [MESSAGE][PASSED] - Object: 'Object Repository/lab/Page_KDMC/button_Add' is clicked on

2018-05-28 09:58:35 - [TEST_STEP][PASSED] - selectOptionByIndex: All options with index in [2] are selected on object 'Object Repository/lab/Page_KDMC/select_--Select--Schedule 4X-r'

2018-05-28 09:58:36 - [MESSAGE][PASSED] - All options with index in [2] are selected on object 'Object Repository/lab/Page_KDMC/select_--Select--Schedule 4X-r'

2018-05-28 09:58:36 - [TEST_STEP][PASSED] - selectOptionByIndex: All options with index in [4] are selected on object 'Object Repository/lab/Page_KDMC/select_--Select--Automatic x-r'

2018-05-28 09:58:36 - [MESSAGE][PASSED] - All options with index in [4] are selected on object 'Object Repository/lab/Page_KDMC/select_--Select--Automatic x-r'

2018-05-28 09:58:36 - [TEST_STEP][PASSED] - setText: Text '10' is set on object 'Object Repository/lab/Page_KDMC/input_txttreat'

2018-05-28 09:58:36 - [MESSAGE][PASSED] - Text '10' is set on object 'Object Repository/lab/Page_KDMC/input_txttreat'

2018-05-28 09:58:36 - [TEST_STEP][PASSED] - click: Object: 'Object Repository/lab/Page_KDMC/button_Add' is clicked on

2018-05-28 09:58:36 - [MESSAGE][PASSED] - Object: 'Object Repository/lab/Page_KDMC/button_Add' is clicked on

2018-05-28 09:58:36 - [TEST_STEP][PASSED] - selectOptionByIndex: All options with index in [2] are selected on object 'Object Repository/lab/Page_KDMC/select_--Select--Schedule 4X-r'

2018-05-28 09:58:36 - [MESSAGE][PASSED] - All options with index in [2] are selected on object 'Object Repository/lab/Page_KDMC/select_--Select--Schedule 4X-r'

2018-05-28 09:58:36 - [TEST_STEP][PASSED] - selectOptionByIndex: All options with index in [5] are selected on object 'Object Repository/lab/Page_KDMC/select_--Select--Automatic x-r'

2018-05-28 09:58:36 - [MESSAGE][PASSED] - All options with index in [5] are selected on object 'Object Repository/lab/Page_KDMC/select_--Select--Automatic x-r'

2018-05-28 09:58:36 - [TEST_STEP][PASSED] - setText: Text '10' is set on object 'Object Repository/lab/Page_KDMC/input_txttreat'

2018-05-28 09:58:36 - [MESSAGE][PASSED] - Text '10' is set on object 'Object Repository/lab/Page_KDMC/input_txttreat'

2018-05-28 09:58:36 - [TEST_STEP][PASSED] - click: Object: 'Object Repository/lab/Page_KDMC/button_Add' is clicked on

2018-05-28 09:58:36 - [MESSAGE][PASSED] - Object: 'Object Repository/lab/Page_KDMC/button_Add' is clicked on

2018-05-28 09:58:36 - [TEST_STEP][PASSED] - selectOptionByIndex: All options with index in [2] are selected on object 'Object Repository/lab/Page_KDMC/select_--Select--Schedule 4X-r'

2018-05-28 09:58:36 - [MESSAGE][PASSED] - All options with index in [2] are selected on object 'Object Repository/lab/Page_KDMC/select_--Select--Schedule 4X-r'

2018-05-28 09:58:36 - [TEST_STEP][PASSED] - selectOptionByIndex: All options with index in [6] are selected on object 'Object Repository/lab/Page_KDMC/select_--Select--Automatic x-r'

2018-05-28 09:58:37 - [MESSAGE][PASSED] - All options with index in [6] are selected on object 'Object Repository/lab/Page_KDMC/select_--Select--Automatic x-r'

2018-05-28 09:58:37 - [TEST_STEP][PASSED] - setText: Text '10' is set on object 'Object Repository/lab/Page_KDMC/input_txttreat'

2018-05-28 09:58:37 - [MESSAGE][PASSED] - Text '10' is set on object 'Object Repository/lab/Page_KDMC/input_txttreat'

2018-05-28 09:58:37 - [TEST_STEP][PASSED] - click: Object: 'Object Repository/lab/Page_KDMC/button_Add' is clicked on

2018-05-28 09:58:37 - [MESSAGE][PASSED] - Object: 'Object Repository/lab/Page_KDMC/button_Add' is clicked on

2018-05-28 09:58:37 - [TEST_STEP][PASSED] - selectOptionByIndex: All options with index in [2] are selected on object 'Object Repository/lab/Page_KDMC/select_--Select--Schedule 4X-r'

2018-05-28 09:58:37 - [MESSAGE][PASSED] - All options with index in [2] are selected on object 'Object Repository/lab/Page_KDMC/select_--Select--Schedule 4X-r'

2018-05-28 09:58:37 - [TEST_STEP][PASSED] - selectOptionByIndex: All options with index in [7] are selected on object 'Object Repository/lab/Page_KDMC/select_--Select--Automatic x-r'

2018-05-28 09:58:37 - [MESSAGE][PASSED] - All options with index in [7] are selected on object 'Object Repository/lab/Page_KDMC/select_--Select--Automatic x-r'

2018-05-28 09:58:37 - [TEST_STEP][PASSED] - setText: Text '10' is set on object 'Object Repository/lab/Page_KDMC/input_txttreat'

2018-05-28 09:58:37 - [MESSAGE][PASSED] - Text '10' is set on object 'Object Repository/lab/Page_KDMC/input_txttreat'

2018-05-28 09:58:37 - [TEST_STEP][PASSED] - click: Object: 'Object Repository/lab/Page_KDMC/button_Add' is clicked on

2018-05-28 09:58:37 - [MESSAGE][PASSED] - Object: 'Object Repository/lab/Page_KDMC/button_Add' is clicked on

2018-05-28 09:58:37 - [TEST_STEP][PASSED] - selectOptionByIndex: All options with index in [2] are selected on object 'Object Repository/lab/Page_KDMC/select_--Select--Schedule 4X-r'

2018-05-28 09:58:37 - [MESSAGE][PASSED] - All options with index in [2] are selected on object 'Object Repository/lab/Page_KDMC/select_--Select--Schedule 4X-r'

2018-05-28 09:58:37 - [TEST_STEP][PASSED] - selectOptionByIndex: All options with index in [8] are selected on object 'Object Repository/lab/Page_KDMC/select_--Select--Automatic x-r'

2018-05-28 09:58:38 - [MESSAGE][PASSED] - All options with index in [8] are selected on object 'Object Repository/lab/Page_KDMC/select_--Select--Automatic x-r'

2018-05-28 09:58:38 - [TEST_STEP][PASSED] - setText: Text '10' is set on object 'Object Repository/lab/Page_KDMC/input_txttreat'

2018-05-28 09:58:38 - [MESSAGE][PASSED] - Text '10' is set on object 'Object Repository/lab/Page_KDMC/input_txttreat'

2018-05-28 09:58:38 - [TEST_STEP][PASSED] - click: Object: 'Object Repository/lab/Page_KDMC/button_Add' is clicked on

2018-05-28 09:58:38 - [MESSAGE][PASSED] - Object: 'Object Repository/lab/Page_KDMC/button_Add' is clicked on

2018-05-28 09:58:38 - [TEST_STEP][PASSED] - selectOptionByIndex: All options with index in [2] are selected on object 'Object Repository/lab/Page_KDMC/select_--Select--Schedule 4X-r'

2018-05-28 09:58:38 - [MESSAGE][PASSED] - All options with index in [2] are selected on object 'Object Repository/lab/Page_KDMC/select_--Select--Schedule 4X-r'

2018-05-28 09:58:38 - [TEST_STEP][PASSED] - selectOptionByIndex: All options with index in [9] are selected on object 'Object Repository/lab/Page_KDMC/select_--Select--Automatic x-r'

2018-05-28 09:58:38 - [MESSAGE][PASSED] - All options with index in [9] are selected on object 'Object Repository/lab/Page_KDMC/select_--Select--Automatic x-r'

2018-05-28 09:58:38 - [TEST_STEP][PASSED] - setText: Text '10' is set on object 'Object Repository/lab/Page_KDMC/input_txttreat'

2018-05-28 09:58:38 - [MESSAGE][PASSED] - Text '10' is set on object 'Object Repository/lab/Page_KDMC/input_txttreat'

2018-05-28 09:58:38 - [TEST_STEP][PASSED] - click: Object: 'Object Repository/lab/Page_KDMC/button_Add' is clicked on

2018-05-28 09:58:38 - [MESSAGE][PASSED] - Object: 'Object Repository/lab/Page_KDMC/button_Add' is clicked on

2018-05-28 09:58:38 - [TEST_STEP][PASSED] - selectOptionByIndex: All options with index in [2] are selected on object 'Object Repository/lab/Page_KDMC/select_--Select--Schedule 4X-r'

2018-05-28 09:58:38 - [MESSAGE][PASSED] - All options with index in [2] are selected on object 'Object Repository/lab/Page_KDMC/select_--Select--Schedule 4X-r'

2018-05-28 09:58:38 - [TEST_STEP][PASSED] - selectOptionByIndex: All options with index in [10] are selected on object 'Object Repository/lab/Page_KDMC/select_--Select--Automatic x-r'

2018-05-28 09:58:38 - [MESSAGE][PASSED] - All options with index in [10] are selected on object 'Object Repository/lab/Page_KDMC/select_--Select--Automatic x-r'

2018-05-28 09:58:38 - [TEST_STEP][PASSED] - setText: Text '10' is set on object 'Object Repository/lab/Page_KDMC/input_txttreat'

2018-05-28 09:58:39 - [MESSAGE][PASSED] - Text '10' is set on object 'Object Repository/lab/Page_KDMC/input_txttreat'

2018-05-28 09:58:39 - [TEST_STEP][PASSED] - click: Object: 'Object Repository/lab/Page_KDMC/button_Add' is clicked on

2018-05-28 09:58:39 - [MESSAGE][PASSED] - Object: 'Object Repository/lab/Page_KDMC/button_Add' is clicked on

2018-05-28 09:58:39 - [TEST_STEP][PASSED] - selectOptionByIndex: All options with index in [2] are selected on object 'Object Repository/lab/Page_KDMC/select_--Select--Schedule 4X-r'

2018-05-28 09:58:39 - [MESSAGE][PASSED] - All options with index in [2] are selected on object 'Object Repository/lab/Page_KDMC/select_--Select--Schedule 4X-r'

2018-05-28 09:58:39 - [TEST_STEP][PASSED] - selectOptionByIndex: All options with index in [11] are selected on object 'Object Repository/lab/Page_KDMC/select_--Select--Automatic x-r'

2018-05-28 09:58:39 - [MESSAGE][PASSED] - All options with index in [11] are selected on object 'Object Repository/lab/Page_KDMC/select_--Select--Automatic x-r'

2018-05-28 09:58:39 - [TEST_STEP][PASSED] - setText: Text '10' is set on object 'Object Repository/lab/Page_KDMC/input_txttreat'

2018-05-28 09:58:39 - [MESSAGE][PASSED] - Text '10' is set on object 'Object Repository/lab/Page_KDMC/input_txttreat'

2018-05-28 09:58:39 - [TEST_STEP][PASSED] - click: Object: 'Object Repository/lab/Page_KDMC/button_Add' is clicked on

2018-05-28 09:58:39 - [MESSAGE][PASSED] - Object: 'Object Repository/lab/Page_KDMC/button_Add' is clicked on

2018-05-28 09:58:39 - [TEST_STEP][PASSED] - selectOptionByIndex: All options with index in [2] are selected on object 'Object Repository/lab/Page_KDMC/select_--Select--Schedule 4X-r'

2018-05-28 09:58:39 - [MESSAGE][PASSED] - All options with index in [2] are selected on object 'Object Repository/lab/Page_KDMC/select_--Select--Schedule 4X-r'

2018-05-28 09:58:39 - [TEST_STEP][PASSED] - selectOptionByIndex: All options with index in [12] are selected on object 'Object Repository/lab/Page_KDMC/select_--Select--Automatic x-r'

2018-05-28 09:58:39 - [MESSAGE][PASSED] - All options with index in [12] are selected on object 'Object Repository/lab/Page_KDMC/select_--Select--Automatic x-r'

2018-05-28 09:58:39 - [TEST_STEP][PASSED] - setText: Text '10' is set on object 'Object Repository/lab/Page_KDMC/input_txttreat'

2018-05-28 09:58:40 - [MESSAGE][PASSED] - Text '10' is set on object 'Object Repository/lab/Page_KDMC/input_txttreat'

2018-05-28 09:58:40 - [TEST_STEP][PASSED] - click: Object: 'Object Repository/lab/Page_KDMC/button_Add' is clicked on

2018-05-28 09:58:40 - [MESSAGE][PASSED] - Object: 'Object Repository/lab/Page_KDMC/button_Add' is clicked on

2018-05-28 09:58:40 - [TEST_STEP][PASSED] - selectOptionByIndex: All options with index in [2] are selected on object 'Object Repository/lab/Page_KDMC/select_--Select--Schedule 4X-r'

2018-05-28 09:58:40 - [MESSAGE][PASSED] - All options with index in [2] are selected on object 'Object Repository/lab/Page_KDMC/select_--Select--Schedule 4X-r'

2018-05-28 09:58:40 - [TEST_STEP][PASSED] - selectOptionByIndex: All options with index in [13] are selected on object 'Object Repository/lab/Page_KDMC/select_--Select--Automatic x-r'

2018-05-28 09:58:40 - [MESSAGE][PASSED] - All options with index in [13] are selected on object 'Object Repository/lab/Page_KDMC/select_--Select--Automatic x-r'

2018-05-28 09:58:40 - [TEST_STEP][PASSED] - setText: Text '10' is set on object 'Object Repository/lab/Page_KDMC/input_txttreat'

2018-05-28 09:58:40 - [MESSAGE][PASSED] - Text '10' is set on object 'Object Repository/lab/Page_KDMC/input_txttreat'

2018-05-28 09:58:40 - [TEST_STEP][PASSED] - click: Object: 'Object Repository/lab/Page_KDMC/button_Add' is clicked on

2018-05-28 09:58:40 - [MESSAGE][PASSED] - Object: 'Object Repository/lab/Page_KDMC/button_Add' is clicked on

2018-05-28 09:58:40 - [TEST_STEP][PASSED] - selectOptionByIndex: All options with index in [2] are selected on object 'Object Repository/lab/Page_KDMC/select_--Select--Schedule 4X-r'

2018-05-28 09:58:40 - [MESSAGE][PASSED] - All options with index in [2] are selected on object 'Object Repository/lab/Page_KDMC/select_--Select--Schedule 4X-r'

2018-05-28 09:58:40 - [TEST_STEP][PASSED] - selectOptionByIndex: All options with index in [14] are selected on object 'Object Repository/lab/Page_KDMC/select_--Select--Automatic x-r'

2018-05-28 09:58:41 - [MESSAGE][PASSED] - All options with index in [14] are selected on object 'Object Repository/lab/Page_KDMC/select_--Select--Automatic x-r'

2018-05-28 09:58:41 - [TEST_STEP][PASSED] - setText: Text '10' is set on object 'Object Repository/lab/Page_KDMC/input_txttreat'

2018-05-28 09:58:41 - [MESSAGE][PASSED] - Text '10' is set on object 'Object Repository/lab/Page_KDMC/input_txttreat'

2018-05-28 09:58:41 - [TEST_STEP][PASSED] - click: Object: 'Object Repository/lab/Page_KDMC/button_Add' is clicked on

2018-05-28 09:58:41 - [MESSAGE][PASSED] - Object: 'Object Repository/lab/Page_KDMC/button_Add' is clicked on

2018-05-28 09:58:41 - [TEST_STEP][PASSED] - selectOptionByIndex: All options with index in [2] are selected on object 'Object Repository/lab/Page_KDMC/select_--Select--Schedule 4X-r'

2018-05-28 09:58:41 - [MESSAGE][PASSED] - All options with index in [2] are selected on object 'Object Repository/lab/Page_KDMC/select_--Select--Schedule 4X-r'

2018-05-28 09:58:41 - [TEST_STEP][PASSED] - selectOptionByIndex: All options with index in [15] are selected on object 'Object Repository/lab/Page_KDMC/select_--Select--Automatic x-r'

2018-05-28 09:58:41 - [MESSAGE][PASSED] - All options with index in [15] are selected on object 'Object Repository/lab/Page_KDMC/select_--Select--Automatic x-r'

2018-05-28 09:58:41 - [TEST_STEP][PASSED] - setText: Text '10' is set on object 'Object Repository/lab/Page_KDMC/input_txttreat'

2018-05-28 09:58:41 - [MESSAGE][PASSED] - Text '10' is set on object 'Object Repository/lab/Page_KDMC/input_txttreat'

2018-05-28 09:58:41 - [TEST_STEP][PASSED] - click: Object: 'Object Repository/lab/Page_KDMC/button_Add' is clicked on

2018-05-28 09:58:41 - [MESSAGE][PASSED] - Object: 'Object Repository/lab/Page_KDMC/button_Add' is clicked on

2018-05-28 09:58:41 - [TEST_STEP][PASSED] - selectOptionByIndex: All options with index in [2] are selected on object 'Object Repository/lab/Page_KDMC/select_--Select--Schedule 4X-r'

2018-05-28 09:58:41 - [MESSAGE][PASSED] - All options with index in [2] are selected on object 'Object Repository/lab/Page_KDMC/select_--Select--Schedule 4X-r'

2018-05-28 09:58:41 - [TEST_STEP][PASSED] - selectOptionByIndex: All options with index in [16] are selected on object 'Object Repository/lab/Page_KDMC/select_--Select--Automatic x-r'

2018-05-28 09:58:42 - [MESSAGE][PASSED] - All options with index in [16] are selected on object 'Object Repository/lab/Page_KDMC/select_--Select--Automatic x-r'

2018-05-28 09:58:42 - [TEST_STEP][PASSED] - setText: Text '10' is set on object 'Object Repository/lab/Page_KDMC/input_txttreat'

2018-05-28 09:58:42 - [MESSAGE][PASSED] - Text '10' is set on object 'Object Repository/lab/Page_KDMC/input_txttreat'

2018-05-28 09:58:42 - [TEST_STEP][PASSED] - click: Object: 'Object Repository/lab/Page_KDMC/button_Add' is clicked on

2018-05-28 09:58:42 - [MESSAGE][PASSED] - Object: 'Object Repository/lab/Page_KDMC/button_Add' is clicked on

2018-05-28 09:58:42 - [TEST_STEP][PASSED] - Statement - RN1 = com.kms.katalon.core.webui.keyword.WebUiBuiltInKeywords.getAttribute(com.kms.katalon.core.testobject.ObjectRepository.findTestObject(lab/Page_KDMC/input_txtno), "value"): Attribute 'value' of object 'Object Repository/lab/Page_KDMC/input_txtno' is: 'LRNO/28052018/198'

2018-05-28 09:58:42 - [MESSAGE][PASSED] - Attribute 'value' of object 'Object Repository/lab/Page_KDMC/input_txtno' is: 'LRNO/28052018/198'

2018-05-28 09:58:42 - [TEST_STEP][PASSED] - Statement - out.println(RN1): null

2018-05-28 09:58:42 - [TEST_STEP][PASSED] - Statement - RID = RN1.split("/")[2]: null

2018-05-28 09:58:42 - [TEST_STEP][PASSED] - scrollToElement: Scroll to object 'Object Repository/lab/Page_KDMC/input_btnsave' successfully

2018-05-28 09:58:42 - [MESSAGE][PASSED] - Scroll to object 'Object Repository/lab/Page_KDMC/input_btnsave' successfully

2018-05-28 09:58:42 - [TEST_STEP][PASSED] - click: Object: 'Object Repository/lab/Page_KDMC/input_btnsave' is clicked on

2018-05-28 09:58:42 - [MESSAGE][PASSED] - Object: 'Object Repository/lab/Page_KDMC/input_btnsave' is clicked on

2018-05-28 09:58:42 - [TEST_STEP][PASSED] - delay: Delayed 3 second(s)

2018-05-28 09:58:45 - [MESSAGE][PASSED] - Delayed 3 second(s)

2018-05-28 09:58:45 - [TEST_STEP][PASSED] - click: Object: 'Object Repository/lab/Page_KDMC/button_OK' is clicked on

2018-05-28 09:58:45 - [MESSAGE][PASSED] - Object: 'Object Repository/lab/Page_KDMC/button_OK' is clicked on

2018-05-28 09:58:45 - [TEST_STEP][PASSED] - delay: Delayed 3 second(s)

2018-05-28 09:58:48 - [MESSAGE][PASSED] - Delayed 3 second(s)

2018-05-28 09:58:48 - [TEST_STEP][PASSED] - click: Object: 'Object Repository/lab/Page_KDMC/a_dropdown-toggle' is clicked on

2018-05-28 09:58:48 - [MESSAGE][PASSED] - Object: 'Object Repository/lab/Page_KDMC/a_dropdown-toggle' is clicked on

2018-05-28 09:58:48 - [TEST_STEP][PASSED] - click: Object: 'Object Repository/lab/Page_KDMC/a_Sign out' is clicked on

2018-05-28 09:58:49 - [MESSAGE][PASSED] - Object: 'Object Repository/lab/Page_KDMC/a_Sign out' is clicked on

2018-05-28 09:58:49 - [TEST_STEP][PASSED] - delay: Delayed 3 second(s)

2018-05-28 09:58:52 - [MESSAGE][PASSED] - Delayed 3 second(s)

2018-05-28 09:58:52 - [TEST_STEP][PASSED] - click: Object: 'Object Repository/lab/Page_KDMC/a_CMO' is clicked on

2018-05-28 09:58:52 - [MESSAGE][PASSED] - Object: 'Object Repository/lab/Page_KDMC/a_CMO' is clicked on

2018-05-28 09:58:52 - [TEST_STEP][PASSED] - setText: Text 'guru' is set on object 'Object Repository/lab/Page_CMO login/input_txtusername'

2018-05-28 09:58:52 - [MESSAGE][PASSED] - Text 'guru' is set on object 'Object Repository/lab/Page_CMO login/input_txtusername'

2018-05-28 09:58:52 - [TEST_STEP][PASSED] - setText: Text '123' is set on object 'Object Repository/lab/Page_CMO login/input_txtpassword'

2018-05-28 09:58:52 - [MESSAGE][PASSED] - Text '123' is set on object 'Object Repository/lab/Page_CMO login/input_txtpassword'

2018-05-28 09:58:52 - [TEST_STEP][PASSED] - delay: Delayed 3 second(s)

2018-05-28 09:58:55 - [MESSAGE][PASSED] - Delayed 3 second(s)

2018-05-28 09:58:55 - [TEST_STEP][PASSED] - click: Object: 'Object Repository/lab/Page_CMO login/button_Sign in' is clicked on

2018-05-28 09:58:56 - [MESSAGE][PASSED] - Object: 'Object Repository/lab/Page_CMO login/button_Sign in' is clicked on

2018-05-28 09:58:56 - [TEST_STEP][PASSED] - click: Object: 'Object Repository/lab/Page_KDMC - CMO/span_Department Wise Request' is clicked on

2018-05-28 09:58:58 - [MESSAGE][PASSED] - Object: 'Object Repository/lab/Page_KDMC - CMO/span_Department Wise Request' is clicked on

2018-05-28 09:58:58 - [TEST_STEP][PASSED] - selectOptionByIndex: All options with index in [4] are selected on object 'Object Repository/lab/Page_KDMC - CMO/select_--ALL--'

2018-05-28 09:58:59 - [MESSAGE][PASSED] - All options with index in [4] are selected on object 'Object Repository/lab/Page_KDMC - CMO/select_--ALL--'

2018-05-28 09:58:59 - [TEST_STEP][PASSED] - selectOptionByIndex: All options with index in [1] are selected on object 'Object Repository/lab/Page_KDMC - CMO/select_--ALL--                _1'

2018-05-28 09:58:59 - [MESSAGE][PASSED] - All options with index in [1] are selected on object 'Object Repository/lab/Page_KDMC - CMO/select_--ALL--                _1'

2018-05-28 09:58:59 - [TEST_STEP][PASSED] - click: Object: 'Object Repository/lab/Page_KDMC - CMO/input_btnsearch' is clicked on

2018-05-28 09:58:59 - [MESSAGE][PASSED] - Object: 'Object Repository/lab/Page_KDMC - CMO/input_btnsearch' is clicked on

2018-05-28 09:58:59 - [TEST_STEP][PASSED] - Statement - ID = com.kms.katalon.core.webui.keyword.WebUiBuiltInKeywords.modifyObjectProperty(com.kms.katalon.core.testobject.ObjectRepository.findTestObject(lab/Page_KDMC - CMO/input_1), "xpath", "equals", "//*[@id=" + RID + "]", true): Modify property of object successfully

2018-05-28 09:58:59 - [MESSAGE][PASSED] - Modify property of object successfully

2018-05-28 09:58:59 - [TEST_STEP][PASSED] - click: Object: 'Object Repository/lab/Page_KDMC - CMO/input_1' is clicked on

2018-05-28 09:59:00 - [MESSAGE][PASSED] - Object: 'Object Repository/lab/Page_KDMC - CMO/input_1' is clicked on

2018-05-28 09:59:00 - [TEST_STEP][PASSED] - delay: Delayed 2 second(s)

2018-05-28 09:59:02 - [MESSAGE][PASSED] - Delayed 2 second(s)

2018-05-28 09:59:02 - [TEST_STEP][PASSED] - selectOptionByIndex: All options with index in [1] are selected on object 'Object Repository/lab/Page_KDMC - CMO/select_--Select--'

2018-05-28 09:59:02 - [MESSAGE][PASSED] - All options with index in [1] are selected on object 'Object Repository/lab/Page_KDMC - CMO/select_--Select--'

2018-05-28 09:59:02 - [TEST_STEP][PASSED] - click: Object: 'Object Repository/lab/Page_KDMC - CMO/input_btnupdate' is clicked on

2018-05-28 09:59:02 - [MESSAGE][PASSED] - Object: 'Object Repository/lab/Page_KDMC - CMO/input_btnupdate' is clicked on

2018-05-28 09:59:02 - [TEST_STEP][PASSED] - delay: Delayed 2 second(s)

2018-05-28 09:59:04 - [MESSAGE][PASSED] - Delayed 2 second(s)

2018-05-28 09:59:04 - [TEST_STEP][PASSED] - click: Object: 'Object Repository/lab/Page_KDMC - CMO/button_OK' is clicked on

2018-05-28 09:59:05 - [MESSAGE][PASSED] - Object: 'Object Repository/lab/Page_KDMC - CMO/button_OK' is clicked on

2018-05-28 09:59:05 - [TEST_STEP][PASSED] - delay: Delayed 3 second(s)

2018-05-28 09:59:08 - [MESSAGE][PASSED] - Delayed 3 second(s)

2018-05-28 09:59:08 - [TEST_STEP][PASSED] - click: Object: 'Object Repository/lab/Page_KDMC - CMO/a_dropdown-toggle' is clicked on

2018-05-28 09:59:08 - [MESSAGE][PASSED] - Object: 'Object Repository/lab/Page_KDMC - CMO/a_dropdown-toggle' is clicked on

2018-05-28 09:59:08 - [TEST_STEP][PASSED] - click: Object: 'Object Repository/lab/Page_KDMC - CMO/a_Sign out' is clicked on

2018-05-28 09:59:08 - [MESSAGE][PASSED] - Object: 'Object Repository/lab/Page_KDMC - CMO/a_Sign out' is clicked on

2018-05-28 09:59:08 - [TEST_STEP][PASSED] - delay: Delayed 3 second(s)

2018-05-28 09:59:11 - [MESSAGE][PASSED] - Delayed 3 second(s)

2018-05-28 09:59:11 - [TEST_STEP][PASSED] - click: Object: 'Object Repository/lab/Page_KDMC/a_Divisional Store' is clicked on

2018-05-28 09:59:12 - [MESSAGE][PASSED] - Object: 'Object Repository/lab/Page_KDMC/a_Divisional Store' is clicked on

2018-05-28 09:59:12 - [TEST_STEP][PASSED] - setText: Text 'ragu' is set on object 'Object Repository/lab/Page_Divisonal Store Login/input_txtusername'

2018-05-28 09:59:12 - [MESSAGE][PASSED] - Text 'ragu' is set on object 'Object Repository/lab/Page_Divisonal Store Login/input_txtusername'

2018-05-28 09:59:12 - [TEST_STEP][PASSED] - setText: Text '123' is set on object 'Object Repository/lab/Page_Divisonal Store Login/input_txtpassword'

2018-05-28 09:59:12 - [MESSAGE][PASSED] - Text '123' is set on object 'Object Repository/lab/Page_Divisonal Store Login/input_txtpassword'

2018-05-28 09:59:12 - [TEST_STEP][PASSED] - delay: Delayed 3 second(s)

2018-05-28 09:59:15 - [MESSAGE][PASSED] - Delayed 3 second(s)

2018-05-28 09:59:15 - [TEST_STEP][PASSED] - click: Object: 'Object Repository/lab/Page_Divisonal Store Login/button_Sign in' is clicked on

2018-05-28 09:59:17 - [MESSAGE][PASSED] - Object: 'Object Repository/lab/Page_Divisonal Store Login/button_Sign in' is clicked on

2018-05-28 09:59:17 - [TEST_STEP][PASSED] - delay: Delayed 3 second(s)

2018-05-28 09:59:20 - [MESSAGE][PASSED] - Delayed 3 second(s)

2018-05-28 09:59:20 - [TEST_STEP][PASSED] - click: Object: 'Object Repository/lab/Page_Store/a_Lab Request' is clicked on

2018-05-28 09:59:20 - [MESSAGE][PASSED] - Object: 'Object Repository/lab/Page_Store/a_Lab Request' is clicked on

2018-05-28 09:59:20 - [TEST_STEP][PASSED] - click: Object: 'Object Repository/lab/Page_Store/a_Request Item Lab' is clicked on

2018-05-28 09:59:21 - [MESSAGE][PASSED] - Object: 'Object Repository/lab/Page_Store/a_Request Item Lab' is clicked on

2018-05-28 09:59:21 - [TEST_STEP][PASSED] - Statement - ChooseRequest = com.kms.katalon.core.webui.keyword.WebUiBuiltInKeywords.modifyObjectProperty(com.kms.katalon.core.testobject.ObjectRepository.findTestObject(lab/Page_Store/input_1), "xpath", "equals", "//*[@id=" + RID + "]", true): Modify property of object successfully

2018-05-28 09:59:21 - [MESSAGE][PASSED] - Modify property of object successfully

2018-05-28 09:59:21 - [TEST_STEP][PASSED] - click: Object: 'Object Repository/lab/Page_Store/input_1' is clicked on

2018-05-28 09:59:22 - [MESSAGE][PASSED] - Object: 'Object Repository/lab/Page_Store/input_1' is clicked on

2018-05-28 09:59:22 - [TEST_STEP][PASSED] - delay: Delayed 2 second(s)

2018-05-28 09:59:24 - [MESSAGE][PASSED] - Delayed 2 second(s)

2018-05-28 09:59:24 - [TEST_STEP][PASSED] - Statement - selectedoptions = com.kms.katalon.core.webui.keyword.WebUiBuiltInKeywords.getNumberOfTotalOption(com.kms.katalon.core.testobject.ObjectRepository.findTestObject(lab/Page_Store/select_--Select--E.C.G. Jelly)): 17 options of object 'Object Repository/lab/Page_Store/select_--Select--E.C.G. Jelly' counted

2018-05-28 09:59:24 - [MESSAGE][PASSED] - 17 options of object 'Object Repository/lab/Page_Store/select_--Select--E.C.G. Jelly' counted

2018-05-28 09:59:24 - [TEST_STEP][PASSED] - Statement - For ([a = 1, a <= selectedoptions - 1, (a++)]): null

2018-05-28 09:59:24 - [TEST_STEP][PASSED] - selectOptionByIndex: All options with index in [1] are selected on object 'Object Repository/lab/Page_Store/select_--Select--E.C.G. Jelly'

2018-05-28 09:59:24 - [MESSAGE][PASSED] - All options with index in [1] are selected on object 'Object Repository/lab/Page_Store/select_--Select--E.C.G. Jelly'

2018-05-28 09:59:24 - [TEST_STEP][PASSED] - delay: Delayed 2 second(s)

2018-05-28 09:59:26 - [MESSAGE][PASSED] - Delayed 2 second(s)

2018-05-28 09:59:26 - [TEST_STEP][PASSED] - Statement - RequestedQty = com.kms.katalon.core.webui.keyword.WebUiBuiltInKeywords.getAttribute(com.kms.katalon.core.testobject.ObjectRepository.findTestObject(lab/Page_Store/input_txttotal), "value"): Attribute 'value' of object 'Object Repository/lab/Page_Store/input_txttotal' is: '10'

2018-05-28 09:59:26 - [MESSAGE][PASSED] - Attribute 'value' of object 'Object Repository/lab/Page_Store/input_txttotal' is: '10'

2018-05-28 09:59:26 - [TEST_STEP][PASSED] - Statement - out.println("Requested QTY : " + RequestedQty): null

2018-05-28 09:59:26 - [TEST_STEP][PASSED] - Statement - BatchNumber = com.kms.katalon.core.webui.keyword.WebUiBuiltInKeywords.getNumberOfTotalOption(com.kms.katalon.core.testobject.ObjectRepository.findTestObject(lab/Page_Store/select_--Select--BA50)): 4 options of object 'Object Repository/lab/Page_Store/select_--Select--BA50' counted

2018-05-28 09:59:26 - [MESSAGE][PASSED] - 4 options of object 'Object Repository/lab/Page_Store/select_--Select--BA50' counted

2018-05-28 09:59:26 - [TEST_STEP][PASSED] - Statement - For ([g = 1, g <= BatchNumber - 1, (g++)]): null

2018-05-28 09:59:26 - [TEST_STEP][PASSED] - selectOptionByIndex: All options with index in [1] are selected on object 'Object Repository/lab/Page_Store/select_--Select--BA50'

2018-05-28 09:59:27 - [MESSAGE][PASSED] - All options with index in [1] are selected on object 'Object Repository/lab/Page_Store/select_--Select--BA50'

2018-05-28 09:59:27 - [TEST_STEP][PASSED] - delay: Delayed 2 second(s)

2018-05-28 09:59:29 - [MESSAGE][PASSED] - Delayed 2 second(s)

2018-05-28 09:59:29 - [TEST_STEP][PASSED] - Statement - Try: null

2018-05-28 09:59:29 - [TEST_STEP][PASSED] - Statement - StockQty = com.kms.katalon.core.webui.keyword.WebUiBuiltInKeywords.getAttribute(com.kms.katalon.core.testobject.ObjectRepository.findTestObject(lab/Page_Store/input_txtprice), "value"): Attribute 'value' of object 'Object Repository/lab/Page_Store/input_txtprice' is: '1865'

2018-05-28 09:59:29 - [MESSAGE][PASSED] - Attribute 'value' of object 'Object Repository/lab/Page_Store/input_txtprice' is: '1865'

2018-05-28 09:59:29 - [TEST_STEP][PASSED] - Statement - out.println("Stock QTY : " + StockQty): null

2018-05-28 09:59:29 - [TEST_STEP][PASSED] - delay: Delayed 2 second(s)

2018-05-28 09:59:31 - [MESSAGE][PASSED] - Delayed 2 second(s)

2018-05-28 09:59:31 - [TEST_STEP][PASSED] - Statement - If (java.lang.Integer.valueOf(StockQty) >= java.lang.Integer.valueOf(RequestedQty)): null

2018-05-28 09:59:31 - [TEST_STEP][PASSED] - Statement - out.println(" " + StockQty + " >= " + RequestedQty): null

2018-05-28 09:59:31 - [TEST_STEP][PASSED] - Statement - Try: null

2018-05-28 09:59:31 - [TEST_STEP][PASSED] - setText: Text '10' is set on object 'Object Repository/lab/Page_Store/input_txtqty'

2018-05-28 09:59:31 - [MESSAGE][PASSED] - Text '10' is set on object 'Object Repository/lab/Page_Store/input_txtqty'

2018-05-28 09:59:31 - [TEST_STEP][PASSED] - click: Object: 'Object Repository/lab/Page_Store/button_Add' is clicked on

2018-05-28 09:59:31 - [MESSAGE][PASSED] - Object: 'Object Repository/lab/Page_Store/button_Add' is clicked on

2018-05-28 09:59:31 - [TEST_STEP][PASSED] - Statement - Break: null

2018-05-28 09:59:31 - [TEST_STEP][PASSED] - selectOptionByIndex: All options with index in [2] are selected on object 'Object Repository/lab/Page_Store/select_--Select--E.C.G. Jelly'

2018-05-28 09:59:31 - [MESSAGE][PASSED] - All options with index in [2] are selected on object 'Object Repository/lab/Page_Store/select_--Select--E.C.G. Jelly'

2018-05-28 09:59:31 - [TEST_STEP][PASSED] - delay: Delayed 2 second(s)

2018-05-28 09:59:33 - [MESSAGE][PASSED] - Delayed 2 second(s)

2018-05-28 09:59:33 - [TEST_STEP][PASSED] - Statement - RequestedQty = com.kms.katalon.core.webui.keyword.WebUiBuiltInKeywords.getAttribute(com.kms.katalon.core.testobject.ObjectRepository.findTestObject(lab/Page_Store/input_txttotal), "value"): Attribute 'value' of object 'Object Repository/lab/Page_Store/input_txttotal' is: '10'

2018-05-28 09:59:33 - [MESSAGE][PASSED] - Attribute 'value' of object 'Object Repository/lab/Page_Store/input_txttotal' is: '10'

2018-05-28 09:59:33 - [TEST_STEP][PASSED] - Statement - out.println("Requested QTY : " + RequestedQty): null

2018-05-28 09:59:33 - [TEST_STEP][PASSED] - Statement - BatchNumber = com.kms.katalon.core.webui.keyword.WebUiBuiltInKeywords.getNumberOfTotalOption(com.kms.katalon.core.testobject.ObjectRepository.findTestObject(lab/Page_Store/select_--Select--BA50)): 4 options of object 'Object Repository/lab/Page_Store/select_--Select--BA50' counted

2018-05-28 09:59:33 - [MESSAGE][PASSED] - 4 options of object 'Object Repository/lab/Page_Store/select_--Select--BA50' counted

2018-05-28 09:59:33 - [TEST_STEP][PASSED] - Statement - For ([g = 1, g <= BatchNumber - 1, (g++)]): null

2018-05-28 09:59:33 - [TEST_STEP][PASSED] - selectOptionByIndex: All options with index in [1] are selected on object 'Object Repository/lab/Page_Store/select_--Select--BA50'

2018-05-28 09:59:33 - [MESSAGE][PASSED] - All options with index in [1] are selected on object 'Object Repository/lab/Page_Store/select_--Select--BA50'

2018-05-28 09:59:33 - [TEST_STEP][PASSED] - delay: Delayed 2 second(s)

2018-05-28 09:59:35 - [MESSAGE][PASSED] - Delayed 2 second(s)

2018-05-28 09:59:35 - [TEST_STEP][PASSED] - Statement - Try: null

2018-05-28 09:59:35 - [TEST_STEP][PASSED] - Statement - StockQty = com.kms.katalon.core.webui.keyword.WebUiBuiltInKeywords.getAttribute(com.kms.katalon.core.testobject.ObjectRepository.findTestObject(lab/Page_Store/input_txtprice), "value"): Attribute 'value' of object 'Object Repository/lab/Page_Store/input_txtprice' is: '129'

2018-05-28 09:59:35 - [MESSAGE][PASSED] - Attribute 'value' of object 'Object Repository/lab/Page_Store/input_txtprice' is: '129'

2018-05-28 09:59:35 - [TEST_STEP][PASSED] - Statement - out.println("Stock QTY : " + StockQty): null

2018-05-28 09:59:35 - [TEST_STEP][PASSED] - delay: Delayed 2 second(s)

2018-05-28 09:59:37 - [MESSAGE][PASSED] - Delayed 2 second(s)

2018-05-28 09:59:37 - [TEST_STEP][PASSED] - Statement - If (java.lang.Integer.valueOf(StockQty) >= java.lang.Integer.valueOf(RequestedQty)): null

2018-05-28 09:59:37 - [TEST_STEP][PASSED] - Statement - out.println(" " + StockQty + " >= " + RequestedQty): null

2018-05-28 09:59:37 - [TEST_STEP][PASSED] - Statement - Try: null

2018-05-28 09:59:37 - [TEST_STEP][PASSED] - setText: Text '10' is set on object 'Object Repository/lab/Page_Store/input_txtqty'

2018-05-28 09:59:38 - [MESSAGE][PASSED] - Text '10' is set on object 'Object Repository/lab/Page_Store/input_txtqty'

2018-05-28 09:59:38 - [TEST_STEP][PASSED] - click: Object: 'Object Repository/lab/Page_Store/button_Add' is clicked on

2018-05-28 09:59:38 - [MESSAGE][PASSED] - Object: 'Object Repository/lab/Page_Store/button_Add' is clicked on

2018-05-28 09:59:38 - [TEST_STEP][PASSED] - Statement - Break: null

2018-05-28 09:59:38 - [TEST_STEP][PASSED] - selectOptionByIndex: All options with index in [3] are selected on object 'Object Repository/lab/Page_Store/select_--Select--E.C.G. Jelly'

2018-05-28 09:59:38 - [MESSAGE][PASSED] - All options with index in [3] are selected on object 'Object Repository/lab/Page_Store/select_--Select--E.C.G. Jelly'

2018-05-28 09:59:38 - [TEST_STEP][PASSED] - delay: Delayed 2 second(s)

2018-05-28 09:59:40 - [MESSAGE][PASSED] - Delayed 2 second(s)

2018-05-28 09:59:40 - [TEST_STEP][PASSED] - Statement - RequestedQty = com.kms.katalon.core.webui.keyword.WebUiBuiltInKeywords.getAttribute(com.kms.katalon.core.testobject.ObjectRepository.findTestObject(lab/Page_Store/input_txttotal), "value"): Attribute 'value' of object 'Object Repository/lab/Page_Store/input_txttotal' is: '10'

2018-05-28 09:59:40 - [MESSAGE][PASSED] - Attribute 'value' of object 'Object Repository/lab/Page_Store/input_txttotal' is: '10'

2018-05-28 09:59:40 - [TEST_STEP][PASSED] - Statement - out.println("Requested QTY : " + RequestedQty): null

2018-05-28 09:59:40 - [TEST_STEP][PASSED] - Statement - BatchNumber = com.kms.katalon.core.webui.keyword.WebUiBuiltInKeywords.getNumberOfTotalOption(com.kms.katalon.core.testobject.ObjectRepository.findTestObject(lab/Page_Store/select_--Select--BA50)): 3 options of object 'Object Repository/lab/Page_Store/select_--Select--BA50' counted

2018-05-28 09:59:40 - [MESSAGE][PASSED] - 3 options of object 'Object Repository/lab/Page_Store/select_--Select--BA50' counted

2018-05-28 09:59:40 - [TEST_STEP][PASSED] - Statement - For ([g = 1, g <= BatchNumber - 1, (g++)]): null

2018-05-28 09:59:40 - [TEST_STEP][PASSED] - selectOptionByIndex: All options with index in [1] are selected on object 'Object Repository/lab/Page_Store/select_--Select--BA50'

2018-05-28 09:59:40 - [MESSAGE][PASSED] - All options with index in [1] are selected on object 'Object Repository/lab/Page_Store/select_--Select--BA50'

2018-05-28 09:59:40 - [TEST_STEP][PASSED] - delay: Delayed 2 second(s)

2018-05-28 09:59:42 - [MESSAGE][PASSED] - Delayed 2 second(s)

2018-05-28 09:59:42 - [TEST_STEP][PASSED] - Statement - Try: null

2018-05-28 09:59:42 - [TEST_STEP][PASSED] - Statement - StockQty = com.kms.katalon.core.webui.keyword.WebUiBuiltInKeywords.getAttribute(com.kms.katalon.core.testobject.ObjectRepository.findTestObject(lab/Page_Store/input_txtprice), "value"): Attribute 'value' of object 'Object Repository/lab/Page_Store/input_txtprice' is: '1770'

2018-05-28 09:59:42 - [MESSAGE][PASSED] - Attribute 'value' of object 'Object Repository/lab/Page_Store/input_txtprice' is: '1770'

2018-05-28 09:59:42 - [TEST_STEP][PASSED] - Statement - out.println("Stock QTY : " + StockQty): null

2018-05-28 09:59:42 - [TEST_STEP][PASSED] - delay: Delayed 2 second(s)

2018-05-28 09:59:44 - [MESSAGE][PASSED] - Delayed 2 second(s)

2018-05-28 09:59:44 - [TEST_STEP][PASSED] - Statement - If (java.lang.Integer.valueOf(StockQty) >= java.lang.Integer.valueOf(RequestedQty)): null

2018-05-28 09:59:44 - [TEST_STEP][PASSED] - Statement - out.println(" " + StockQty + " >= " + RequestedQty): null

2018-05-28 09:59:44 - [TEST_STEP][PASSED] - Statement - Try: null

2018-05-28 09:59:44 - [TEST_STEP][PASSED] - setText: Text '10' is set on object 'Object Repository/lab/Page_Store/input_txtqty'

2018-05-28 09:59:44 - [MESSAGE][PASSED] - Text '10' is set on object 'Object Repository/lab/Page_Store/input_txtqty'

2018-05-28 09:59:44 - [TEST_STEP][PASSED] - click: Object: 'Object Repository/lab/Page_Store/button_Add' is clicked on

2018-05-28 09:59:44 - [MESSAGE][PASSED] - Object: 'Object Repository/lab/Page_Store/button_Add' is clicked on

2018-05-28 09:59:44 - [TEST_STEP][PASSED] - Statement - Break: null

2018-05-28 09:59:44 - [TEST_STEP][PASSED] - selectOptionByIndex: All options with index in [4] are selected on object 'Object Repository/lab/Page_Store/select_--Select--E.C.G. Jelly'

2018-05-28 09:59:44 - [MESSAGE][PASSED] - All options with index in [4] are selected on object 'Object Repository/lab/Page_Store/select_--Select--E.C.G. Jelly'

2018-05-28 09:59:44 - [TEST_STEP][PASSED] - delay: Delayed 2 second(s)

2018-05-28 09:59:46 - [MESSAGE][PASSED] - Delayed 2 second(s)

2018-05-28 09:59:46 - [TEST_STEP][PASSED] - Statement - RequestedQty = com.kms.katalon.core.webui.keyword.WebUiBuiltInKeywords.getAttribute(com.kms.katalon.core.testobject.ObjectRepository.findTestObject(lab/Page_Store/input_txttotal), "value"): Attribute 'value' of object 'Object Repository/lab/Page_Store/input_txttotal' is: '10'

2018-05-28 09:59:46 - [MESSAGE][PASSED] - Attribute 'value' of object 'Object Repository/lab/Page_Store/input_txttotal' is: '10'

2018-05-28 09:59:46 - [TEST_STEP][PASSED] - Statement - out.println("Requested QTY : " + RequestedQty): null

2018-05-28 09:59:46 - [TEST_STEP][PASSED] - Statement - BatchNumber = com.kms.katalon.core.webui.keyword.WebUiBuiltInKeywords.getNumberOfTotalOption(com.kms.katalon.core.testobject.ObjectRepository.findTestObject(lab/Page_Store/select_--Select--BA50)): 3 options of object 'Object Repository/lab/Page_Store/select_--Select--BA50' counted

2018-05-28 09:59:47 - [MESSAGE][PASSED] - 3 options of object 'Object Repository/lab/Page_Store/select_--Select--BA50' counted

2018-05-28 09:59:47 - [TEST_STEP][PASSED] - Statement - For ([g = 1, g <= BatchNumber - 1, (g++)]): null

2018-05-28 09:59:47 - [TEST_STEP][PASSED] - selectOptionByIndex: All options with index in [1] are selected on object 'Object Repository/lab/Page_Store/select_--Select--BA50'

2018-05-28 09:59:47 - [MESSAGE][PASSED] - All options with index in [1] are selected on object 'Object Repository/lab/Page_Store/select_--Select--BA50'

2018-05-28 09:59:47 - [TEST_STEP][PASSED] - delay: Delayed 2 second(s)

2018-05-28 09:59:49 - [MESSAGE][PASSED] - Delayed 2 second(s)

2018-05-28 09:59:49 - [TEST_STEP][PASSED] - Statement - Try: null

2018-05-28 09:59:49 - [TEST_STEP][PASSED] - Statement - StockQty = com.kms.katalon.core.webui.keyword.WebUiBuiltInKeywords.getAttribute(com.kms.katalon.core.testobject.ObjectRepository.findTestObject(lab/Page_Store/input_txtprice), "value"): Attribute 'value' of object 'Object Repository/lab/Page_Store/input_txtprice' is: '1770'

2018-05-28 09:59:49 - [MESSAGE][PASSED] - Attribute 'value' of object 'Object Repository/lab/Page_Store/input_txtprice' is: '1770'

2018-05-28 09:59:49 - [TEST_STEP][PASSED] - Statement - out.println("Stock QTY : " + StockQty): null

2018-05-28 09:59:49 - [TEST_STEP][PASSED] - delay: Delayed 2 second(s)

2018-05-28 09:59:51 - [MESSAGE][PASSED] - Delayed 2 second(s)

2018-05-28 09:59:51 - [TEST_STEP][PASSED] - Statement - If (java.lang.Integer.valueOf(StockQty) >= java.lang.Integer.valueOf(RequestedQty)): null

2018-05-28 09:59:51 - [TEST_STEP][PASSED] - Statement - out.println(" " + StockQty + " >= " + RequestedQty): null

2018-05-28 09:59:51 - [TEST_STEP][PASSED] - Statement - Try: null

2018-05-28 09:59:51 - [TEST_STEP][PASSED] - setText: Text '10' is set on object 'Object Repository/lab/Page_Store/input_txtqty'

2018-05-28 09:59:51 - [MESSAGE][PASSED] - Text '10' is set on object 'Object Repository/lab/Page_Store/input_txtqty'

2018-05-28 09:59:51 - [TEST_STEP][PASSED] - click: Object: 'Object Repository/lab/Page_Store/button_Add' is clicked on

2018-05-28 09:59:51 - [MESSAGE][PASSED] - Object: 'Object Repository/lab/Page_Store/button_Add' is clicked on

2018-05-28 09:59:51 - [TEST_STEP][PASSED] - Statement - Break: null

2018-05-28 09:59:51 - [TEST_STEP][PASSED] - selectOptionByIndex: All options with index in [5] are selected on object 'Object Repository/lab/Page_Store/select_--Select--E.C.G. Jelly'

2018-05-28 09:59:51 - [MESSAGE][PASSED] - All options with index in [5] are selected on object 'Object Repository/lab/Page_Store/select_--Select--E.C.G. Jelly'

2018-05-28 09:59:51 - [TEST_STEP][PASSED] - delay: Delayed 2 second(s)

2018-05-28 09:59:53 - [MESSAGE][PASSED] - Delayed 2 second(s)

2018-05-28 09:59:53 - [TEST_STEP][PASSED] - Statement - RequestedQty = com.kms.katalon.core.webui.keyword.WebUiBuiltInKeywords.getAttribute(com.kms.katalon.core.testobject.ObjectRepository.findTestObject(lab/Page_Store/input_txttotal), "value"): Attribute 'value' of object 'Object Repository/lab/Page_Store/input_txttotal' is: '10'

2018-05-28 09:59:53 - [MESSAGE][PASSED] - Attribute 'value' of object 'Object Repository/lab/Page_Store/input_txttotal' is: '10'

2018-05-28 09:59:53 - [TEST_STEP][PASSED] - Statement - out.println("Requested QTY : " + RequestedQty): null

2018-05-28 09:59:53 - [TEST_STEP][PASSED] - Statement - BatchNumber = com.kms.katalon.core.webui.keyword.WebUiBuiltInKeywords.getNumberOfTotalOption(com.kms.katalon.core.testobject.ObjectRepository.findTestObject(lab/Page_Store/select_--Select--BA50)): 3 options of object 'Object Repository/lab/Page_Store/select_--Select--BA50' counted

2018-05-28 09:59:53 - [MESSAGE][PASSED] - 3 options of object 'Object Repository/lab/Page_Store/select_--Select--BA50' counted

2018-05-28 09:59:53 - [TEST_STEP][PASSED] - Statement - For ([g = 1, g <= BatchNumber - 1, (g++)]): null

2018-05-28 09:59:53 - [TEST_STEP][PASSED] - selectOptionByIndex: All options with index in [1] are selected on object 'Object Repository/lab/Page_Store/select_--Select--BA50'

2018-05-28 09:59:53 - [MESSAGE][PASSED] - All options with index in [1] are selected on object 'Object Repository/lab/Page_Store/select_--Select--BA50'

2018-05-28 09:59:53 - [TEST_STEP][PASSED] - delay: Delayed 2 second(s)

2018-05-28 09:59:55 - [MESSAGE][PASSED] - Delayed 2 second(s)

2018-05-28 09:59:55 - [TEST_STEP][PASSED] - Statement - Try: null

2018-05-28 09:59:55 - [TEST_STEP][PASSED] - Statement - StockQty = com.kms.katalon.core.webui.keyword.WebUiBuiltInKeywords.getAttribute(com.kms.katalon.core.testobject.ObjectRepository.findTestObject(lab/Page_Store/input_txtprice), "value"): Attribute 'value' of object 'Object Repository/lab/Page_Store/input_txtprice' is: '1780'

2018-05-28 09:59:55 - [MESSAGE][PASSED] - Attribute 'value' of object 'Object Repository/lab/Page_Store/input_txtprice' is: '1780'

2018-05-28 09:59:55 - [TEST_STEP][PASSED] - Statement - out.println("Stock QTY : " + StockQty): null

2018-05-28 09:59:55 - [TEST_STEP][PASSED] - delay: Delayed 2 second(s)

2018-05-28 09:59:57 - [MESSAGE][PASSED] - Delayed 2 second(s)

2018-05-28 09:59:57 - [TEST_STEP][PASSED] - Statement - If (java.lang.Integer.valueOf(StockQty) >= java.lang.Integer.valueOf(RequestedQty)): null

2018-05-28 09:59:57 - [TEST_STEP][PASSED] - Statement - out.println(" " + StockQty + " >= " + RequestedQty): null

2018-05-28 09:59:57 - [TEST_STEP][PASSED] - Statement - Try: null

2018-05-28 09:59:57 - [TEST_STEP][PASSED] - setText: Text '10' is set on object 'Object Repository/lab/Page_Store/input_txtqty'

2018-05-28 09:59:57 - [MESSAGE][PASSED] - Text '10' is set on object 'Object Repository/lab/Page_Store/input_txtqty'

2018-05-28 09:59:57 - [TEST_STEP][PASSED] - click: Object: 'Object Repository/lab/Page_Store/button_Add' is clicked on

2018-05-28 09:59:57 - [MESSAGE][PASSED] - Object: 'Object Repository/lab/Page_Store/button_Add' is clicked on

2018-05-28 09:59:57 - [TEST_STEP][PASSED] - Statement - Break: null

2018-05-28 09:59:57 - [TEST_STEP][PASSED] - selectOptionByIndex: All options with index in [6] are selected on object 'Object Repository/lab/Page_Store/select_--Select--E.C.G. Jelly'

2018-05-28 09:59:58 - [MESSAGE][PASSED] - All options with index in [6] are selected on object 'Object Repository/lab/Page_Store/select_--Select--E.C.G. Jelly'

2018-05-28 09:59:58 - [TEST_STEP][PASSED] - delay: Delayed 2 second(s)

2018-05-28 10:00:00 - [MESSAGE][PASSED] - Delayed 2 second(s)

2018-05-28 10:00:00 - [TEST_STEP][PASSED] - Statement - RequestedQty = com.kms.katalon.core.webui.keyword.WebUiBuiltInKeywords.getAttribute(com.kms.katalon.core.testobject.ObjectRepository.findTestObject(lab/Page_Store/input_txttotal), "value"): Attribute 'value' of object 'Object Repository/lab/Page_Store/input_txttotal' is: '10'

2018-05-28 10:00:00 - [MESSAGE][PASSED] - Attribute 'value' of object 'Object Repository/lab/Page_Store/input_txttotal' is: '10'

2018-05-28 10:00:00 - [TEST_STEP][PASSED] - Statement - out.println("Requested QTY : " + RequestedQty): null

2018-05-28 10:00:00 - [TEST_STEP][PASSED] - Statement - BatchNumber = com.kms.katalon.core.webui.keyword.WebUiBuiltInKeywords.getNumberOfTotalOption(com.kms.katalon.core.testobject.ObjectRepository.findTestObject(lab/Page_Store/select_--Select--BA50)): 3 options of object 'Object Repository/lab/Page_Store/select_--Select--BA50' counted

2018-05-28 10:00:00 - [MESSAGE][PASSED] - 3 options of object 'Object Repository/lab/Page_Store/select_--Select--BA50' counted

2018-05-28 10:00:00 - [TEST_STEP][PASSED] - Statement - For ([g = 1, g <= BatchNumber - 1, (g++)]): null

2018-05-28 10:00:00 - [TEST_STEP][PASSED] - selectOptionByIndex: All options with index in [1] are selected on object 'Object Repository/lab/Page_Store/select_--Select--BA50'

2018-05-28 10:00:00 - [MESSAGE][PASSED] - All options with index in [1] are selected on object 'Object Repository/lab/Page_Store/select_--Select--BA50'

2018-05-28 10:00:00 - [TEST_STEP][PASSED] - delay: Delayed 2 second(s)

2018-05-28 10:00:02 - [MESSAGE][PASSED] - Delayed 2 second(s)

2018-05-28 10:00:02 - [TEST_STEP][PASSED] - Statement - Try: null

2018-05-28 10:00:02 - [TEST_STEP][PASSED] - Statement - StockQty = com.kms.katalon.core.webui.keyword.WebUiBuiltInKeywords.getAttribute(com.kms.katalon.core.testobject.ObjectRepository.findTestObject(lab/Page_Store/input_txtprice), "value"): Attribute 'value' of object 'Object Repository/lab/Page_Store/input_txtprice' is: '1570'

2018-05-28 10:00:02 - [MESSAGE][PASSED] - Attribute 'value' of object 'Object Repository/lab/Page_Store/input_txtprice' is: '1570'

2018-05-28 10:00:02 - [TEST_STEP][PASSED] - Statement - out.println("Stock QTY : " + StockQty): null

2018-05-28 10:00:02 - [TEST_STEP][PASSED] - delay: Delayed 2 second(s)

2018-05-28 10:00:04 - [MESSAGE][PASSED] - Delayed 2 second(s)

2018-05-28 10:00:04 - [TEST_STEP][PASSED] - Statement - If (java.lang.Integer.valueOf(StockQty) >= java.lang.Integer.valueOf(RequestedQty)): null

2018-05-28 10:00:04 - [TEST_STEP][PASSED] - Statement - out.println(" " + StockQty + " >= " + RequestedQty): null

2018-05-28 10:00:04 - [TEST_STEP][PASSED] - Statement - Try: null

2018-05-28 10:00:04 - [TEST_STEP][PASSED] - setText: Text '10' is set on object 'Object Repository/lab/Page_Store/input_txtqty'

2018-05-28 10:00:04 - [MESSAGE][PASSED] - Text '10' is set on object 'Object Repository/lab/Page_Store/input_txtqty'

2018-05-28 10:00:04 - [TEST_STEP][PASSED] - click: Object: 'Object Repository/lab/Page_Store/button_Add' is clicked on

2018-05-28 10:00:04 - [MESSAGE][PASSED] - Object: 'Object Repository/lab/Page_Store/button_Add' is clicked on

2018-05-28 10:00:04 - [TEST_STEP][PASSED] - Statement - Break: null

2018-05-28 10:00:04 - [TEST_STEP][PASSED] - selectOptionByIndex: All options with index in [7] are selected on object 'Object Repository/lab/Page_Store/select_--Select--E.C.G. Jelly'

2018-05-28 10:00:04 - [MESSAGE][PASSED] - All options with index in [7] are selected on object 'Object Repository/lab/Page_Store/select_--Select--E.C.G. Jelly'

2018-05-28 10:00:04 - [TEST_STEP][PASSED] - delay: Delayed 2 second(s)

2018-05-28 10:00:06 - [MESSAGE][PASSED] - Delayed 2 second(s)

2018-05-28 10:00:06 - [TEST_STEP][PASSED] - Statement - RequestedQty = com.kms.katalon.core.webui.keyword.WebUiBuiltInKeywords.getAttribute(com.kms.katalon.core.testobject.ObjectRepository.findTestObject(lab/Page_Store/input_txttotal), "value"): Attribute 'value' of object 'Object Repository/lab/Page_Store/input_txttotal' is: '10'

2018-05-28 10:00:06 - [MESSAGE][PASSED] - Attribute 'value' of object 'Object Repository/lab/Page_Store/input_txttotal' is: '10'

2018-05-28 10:00:06 - [TEST_STEP][PASSED] - Statement - out.println("Requested QTY : " + RequestedQty): null

2018-05-28 10:00:06 - [TEST_STEP][PASSED] - Statement - BatchNumber = com.kms.katalon.core.webui.keyword.WebUiBuiltInKeywords.getNumberOfTotalOption(com.kms.katalon.core.testobject.ObjectRepository.findTestObject(lab/Page_Store/select_--Select--BA50)): 5 options of object 'Object Repository/lab/Page_Store/select_--Select--BA50' counted

2018-05-28 10:00:06 - [MESSAGE][PASSED] - 5 options of object 'Object Repository/lab/Page_Store/select_--Select--BA50' counted

2018-05-28 10:00:06 - [TEST_STEP][PASSED] - Statement - For ([g = 1, g <= BatchNumber - 1, (g++)]): null

2018-05-28 10:00:06 - [TEST_STEP][PASSED] - selectOptionByIndex: All options with index in [1] are selected on object 'Object Repository/lab/Page_Store/select_--Select--BA50'

2018-05-28 10:00:07 - [MESSAGE][PASSED] - All options with index in [1] are selected on object 'Object Repository/lab/Page_Store/select_--Select--BA50'

2018-05-28 10:00:07 - [TEST_STEP][PASSED] - delay: Delayed 2 second(s)

2018-05-28 10:00:09 - [MESSAGE][PASSED] - Delayed 2 second(s)

2018-05-28 10:00:09 - [TEST_STEP][PASSED] - Statement - Try: null

2018-05-28 10:00:09 - [TEST_STEP][PASSED] - Statement - StockQty = com.kms.katalon.core.webui.keyword.WebUiBuiltInKeywords.getAttribute(com.kms.katalon.core.testobject.ObjectRepository.findTestObject(lab/Page_Store/input_txtprice), "value"): Attribute 'value' of object 'Object Repository/lab/Page_Store/input_txtprice' is: '4'

2018-05-28 10:00:09 - [MESSAGE][PASSED] - Attribute 'value' of object 'Object Repository/lab/Page_Store/input_txtprice' is: '4'

2018-05-28 10:00:09 - [TEST_STEP][PASSED] - Statement - out.println("Stock QTY : " + StockQty): null

2018-05-28 10:00:09 - [TEST_STEP][PASSED] - delay: Delayed 2 second(s)

2018-05-28 10:00:11 - [MESSAGE][PASSED] - Delayed 2 second(s)

2018-05-28 10:00:11 - [TEST_STEP][PASSED] - Statement - If (java.lang.Integer.valueOf(StockQty) >= java.lang.Integer.valueOf(RequestedQty)): null

2018-05-28 10:00:11 - [TEST_STEP][PASSED] - Statement - Else: null

2018-05-28 10:00:11 - [TEST_STEP][PASSED] - Statement - out.println("Stock Is Less Than Requested Qty"): null

2018-05-28 10:00:11 - [TEST_STEP][PASSED] - selectOptionByIndex: All options with index in [2] are selected on object 'Object Repository/lab/Page_Store/select_--Select--BA50'

2018-05-28 10:00:11 - [MESSAGE][PASSED] - All options with index in [2] are selected on object 'Object Repository/lab/Page_Store/select_--Select--BA50'

2018-05-28 10:00:11 - [TEST_STEP][PASSED] - delay: Delayed 2 second(s)

2018-05-28 10:00:13 - [MESSAGE][PASSED] - Delayed 2 second(s)

2018-05-28 10:00:13 - [TEST_STEP][PASSED] - Statement - Try: null

2018-05-28 10:00:13 - [TEST_STEP][PASSED] - Statement - StockQty = com.kms.katalon.core.webui.keyword.WebUiBuiltInKeywords.getAttribute(com.kms.katalon.core.testobject.ObjectRepository.findTestObject(lab/Page_Store/input_txtprice), "value"): Attribute 'value' of object 'Object Repository/lab/Page_Store/input_txtprice' is: '1480'

2018-05-28 10:00:13 - [MESSAGE][PASSED] - Attribute 'value' of object 'Object Repository/lab/Page_Store/input_txtprice' is: '1480'

2018-05-28 10:00:13 - [TEST_STEP][PASSED] - Statement - out.println("Stock QTY : " + StockQty): null

2018-05-28 10:00:13 - [TEST_STEP][PASSED] - delay: Delayed 2 second(s)

2018-05-28 10:00:15 - [MESSAGE][PASSED] - Delayed 2 second(s)

2018-05-28 10:00:15 - [TEST_STEP][PASSED] - Statement - If (java.lang.Integer.valueOf(StockQty) >= java.lang.Integer.valueOf(RequestedQty)): null

2018-05-28 10:00:15 - [TEST_STEP][PASSED] - Statement - out.println(" " + StockQty + " >= " + RequestedQty): null

2018-05-28 10:00:15 - [TEST_STEP][PASSED] - Statement - Try: null

2018-05-28 10:00:15 - [TEST_STEP][PASSED] - setText: Text '10' is set on object 'Object Repository/lab/Page_Store/input_txtqty'

2018-05-28 10:00:15 - [MESSAGE][PASSED] - Text '10' is set on object 'Object Repository/lab/Page_Store/input_txtqty'

2018-05-28 10:00:15 - [TEST_STEP][PASSED] - click: Object: 'Object Repository/lab/Page_Store/button_Add' is clicked on

2018-05-28 10:00:15 - [MESSAGE][PASSED] - Object: 'Object Repository/lab/Page_Store/button_Add' is clicked on

2018-05-28 10:00:15 - [TEST_STEP][PASSED] - Statement - Break: null

2018-05-28 10:00:15 - [TEST_STEP][PASSED] - selectOptionByIndex: All options with index in [8] are selected on object 'Object Repository/lab/Page_Store/select_--Select--E.C.G. Jelly'

2018-05-28 10:00:15 - [MESSAGE][PASSED] - All options with index in [8] are selected on object 'Object Repository/lab/Page_Store/select_--Select--E.C.G. Jelly'

2018-05-28 10:00:15 - [TEST_STEP][PASSED] - delay: Delayed 2 second(s)

2018-05-28 10:00:17 - [MESSAGE][PASSED] - Delayed 2 second(s)

2018-05-28 10:00:17 - [TEST_STEP][PASSED] - Statement - RequestedQty = com.kms.katalon.core.webui.keyword.WebUiBuiltInKeywords.getAttribute(com.kms.katalon.core.testobject.ObjectRepository.findTestObject(lab/Page_Store/input_txttotal), "value"): Attribute 'value' of object 'Object Repository/lab/Page_Store/input_txttotal' is: '10'

2018-05-28 10:00:17 - [MESSAGE][PASSED] - Attribute 'value' of object 'Object Repository/lab/Page_Store/input_txttotal' is: '10'

2018-05-28 10:00:17 - [TEST_STEP][PASSED] - Statement - out.println("Requested QTY : " + RequestedQty): null

2018-05-28 10:00:17 - [TEST_STEP][PASSED] - Statement - BatchNumber = com.kms.katalon.core.webui.keyword.WebUiBuiltInKeywords.getNumberOfTotalOption(com.kms.katalon.core.testobject.ObjectRepository.findTestObject(lab/Page_Store/select_--Select--BA50)): 3 options of object 'Object Repository/lab/Page_Store/select_--Select--BA50' counted

2018-05-28 10:00:17 - [MESSAGE][PASSED] - 3 options of object 'Object Repository/lab/Page_Store/select_--Select--BA50' counted

2018-05-28 10:00:17 - [TEST_STEP][PASSED] - Statement - For ([g = 1, g <= BatchNumber - 1, (g++)]): null

2018-05-28 10:00:17 - [TEST_STEP][PASSED] - selectOptionByIndex: All options with index in [1] are selected on object 'Object Repository/lab/Page_Store/select_--Select--BA50'

2018-05-28 10:00:18 - [MESSAGE][PASSED] - All options with index in [1] are selected on object 'Object Repository/lab/Page_Store/select_--Select--BA50'

2018-05-28 10:00:18 - [TEST_STEP][PASSED] - delay: Delayed 2 second(s)

2018-05-28 10:00:20 - [MESSAGE][PASSED] - Delayed 2 second(s)

2018-05-28 10:00:20 - [TEST_STEP][PASSED] - Statement - Try: null

2018-05-28 10:00:20 - [TEST_STEP][PASSED] - Statement - StockQty = com.kms.katalon.core.webui.keyword.WebUiBuiltInKeywords.getAttribute(com.kms.katalon.core.testobject.ObjectRepository.findTestObject(lab/Page_Store/input_txtprice), "value"): Attribute 'value' of object 'Object Repository/lab/Page_Store/input_txtprice' is: '1594'

2018-05-28 10:00:20 - [MESSAGE][PASSED] - Attribute 'value' of object 'Object Repository/lab/Page_Store/input_txtprice' is: '1594'

2018-05-28 10:00:20 - [TEST_STEP][PASSED] - Statement - out.println("Stock QTY : " + StockQty): null

2018-05-28 10:00:20 - [TEST_STEP][PASSED] - delay: Delayed 2 second(s)

2018-05-28 10:00:22 - [MESSAGE][PASSED] - Delayed 2 second(s)

2018-05-28 10:00:22 - [TEST_STEP][PASSED] - Statement - If (java.lang.Integer.valueOf(StockQty) >= java.lang.Integer.valueOf(RequestedQty)): null

2018-05-28 10:00:22 - [TEST_STEP][PASSED] - Statement - out.println(" " + StockQty + " >= " + RequestedQty): null

2018-05-28 10:00:22 - [TEST_STEP][PASSED] - Statement - Try: null

2018-05-28 10:00:22 - [TEST_STEP][PASSED] - setText: Text '10' is set on object 'Object Repository/lab/Page_Store/input_txtqty'

2018-05-28 10:00:22 - [MESSAGE][PASSED] - Text '10' is set on object 'Object Repository/lab/Page_Store/input_txtqty'

2018-05-28 10:00:22 - [TEST_STEP][PASSED] - click: Object: 'Object Repository/lab/Page_Store/button_Add' is clicked on

2018-05-28 10:00:22 - [MESSAGE][PASSED] - Object: 'Object Repository/lab/Page_Store/button_Add' is clicked on

2018-05-28 10:00:22 - [TEST_STEP][PASSED] - Statement - Break: null

2018-05-28 10:00:22 - [TEST_STEP][PASSED] - selectOptionByIndex: All options with index in [9] are selected on object 'Object Repository/lab/Page_Store/select_--Select--E.C.G. Jelly'

2018-05-28 10:00:22 - [MESSAGE][PASSED] - All options with index in [9] are selected on object 'Object Repository/lab/Page_Store/select_--Select--E.C.G. Jelly'

2018-05-28 10:00:22 - [TEST_STEP][PASSED] - delay: Delayed 2 second(s)

2018-05-28 10:00:24 - [MESSAGE][PASSED] - Delayed 2 second(s)

2018-05-28 10:00:24 - [TEST_STEP][PASSED] - Statement - RequestedQty = com.kms.katalon.core.webui.keyword.WebUiBuiltInKeywords.getAttribute(com.kms.katalon.core.testobject.ObjectRepository.findTestObject(lab/Page_Store/input_txttotal), "value"): Attribute 'value' of object 'Object Repository/lab/Page_Store/input_txttotal' is: '10'

2018-05-28 10:00:24 - [MESSAGE][PASSED] - Attribute 'value' of object 'Object Repository/lab/Page_Store/input_txttotal' is: '10'

2018-05-28 10:00:24 - [TEST_STEP][PASSED] - Statement - out.println("Requested QTY : " + RequestedQty): null

2018-05-28 10:00:24 - [TEST_STEP][PASSED] - Statement - BatchNumber = com.kms.katalon.core.webui.keyword.WebUiBuiltInKeywords.getNumberOfTotalOption(com.kms.katalon.core.testobject.ObjectRepository.findTestObject(lab/Page_Store/select_--Select--BA50)): 3 options of object 'Object Repository/lab/Page_Store/select_--Select--BA50' counted

2018-05-28 10:00:24 - [MESSAGE][PASSED] - 3 options of object 'Object Repository/lab/Page_Store/select_--Select--BA50' counted

2018-05-28 10:00:24 - [TEST_STEP][PASSED] - Statement - For ([g = 1, g <= BatchNumber - 1, (g++)]): null

2018-05-28 10:00:24 - [TEST_STEP][PASSED] - selectOptionByIndex: All options with index in [1] are selected on object 'Object Repository/lab/Page_Store/select_--Select--BA50'

2018-05-28 10:00:24 - [MESSAGE][PASSED] - All options with index in [1] are selected on object 'Object Repository/lab/Page_Store/select_--Select--BA50'

2018-05-28 10:00:24 - [TEST_STEP][PASSED] - delay: Delayed 2 second(s)

2018-05-28 10:00:26 - [MESSAGE][PASSED] - Delayed 2 second(s)

2018-05-28 10:00:26 - [TEST_STEP][PASSED] - Statement - Try: null

2018-05-28 10:00:26 - [TEST_STEP][PASSED] - Statement - StockQty = com.kms.katalon.core.webui.keyword.WebUiBuiltInKeywords.getAttribute(com.kms.katalon.core.testobject.ObjectRepository.findTestObject(lab/Page_Store/input_txtprice), "value"): Attribute 'value' of object 'Object Repository/lab/Page_Store/input_txtprice' is: '1293'

2018-05-28 10:00:26 - [MESSAGE][PASSED] - Attribute 'value' of object 'Object Repository/lab/Page_Store/input_txtprice' is: '1293'

2018-05-28 10:00:26 - [TEST_STEP][PASSED] - Statement - out.println("Stock QTY : " + StockQty): null

2018-05-28 10:00:26 - [TEST_STEP][PASSED] - delay: Delayed 2 second(s)

2018-05-28 10:00:28 - [MESSAGE][PASSED] - Delayed 2 second(s)

2018-05-28 10:00:28 - [TEST_STEP][PASSED] - Statement - If (java.lang.Integer.valueOf(StockQty) >= java.lang.Integer.valueOf(RequestedQty)): null

2018-05-28 10:00:28 - [TEST_STEP][PASSED] - Statement - out.println(" " + StockQty + " >= " + RequestedQty): null

2018-05-28 10:00:28 - [TEST_STEP][PASSED] - Statement - Try: null

2018-05-28 10:00:28 - [TEST_STEP][PASSED] - setText: Text '10' is set on object 'Object Repository/lab/Page_Store/input_txtqty'

2018-05-28 10:00:28 - [MESSAGE][PASSED] - Text '10' is set on object 'Object Repository/lab/Page_Store/input_txtqty'

2018-05-28 10:00:28 - [TEST_STEP][PASSED] - click: Object: 'Object Repository/lab/Page_Store/button_Add' is clicked on

2018-05-28 10:00:28 - [MESSAGE][PASSED] - Object: 'Object Repository/lab/Page_Store/button_Add' is clicked on

2018-05-28 10:00:28 - [TEST_STEP][PASSED] - Statement - Break: null

2018-05-28 10:00:28 - [TEST_STEP][PASSED] - selectOptionByIndex: All options with index in [10] are selected on object 'Object Repository/lab/Page_Store/select_--Select--E.C.G. Jelly'

2018-05-28 10:00:29 - [MESSAGE][PASSED] - All options with index in [10] are selected on object 'Object Repository/lab/Page_Store/select_--Select--E.C.G. Jelly'

2018-05-28 10:00:29 - [TEST_STEP][PASSED] - delay: Delayed 2 second(s)

2018-05-28 10:00:31 - [MESSAGE][PASSED] - Delayed 2 second(s)

2018-05-28 10:00:31 - [TEST_STEP][PASSED] - Statement - RequestedQty = com.kms.katalon.core.webui.keyword.WebUiBuiltInKeywords.getAttribute(com.kms.katalon.core.testobject.ObjectRepository.findTestObject(lab/Page_Store/input_txttotal), "value"): Attribute 'value' of object 'Object Repository/lab/Page_Store/input_txttotal' is: '10'

2018-05-28 10:00:31 - [MESSAGE][PASSED] - Attribute 'value' of object 'Object Repository/lab/Page_Store/input_txttotal' is: '10'

2018-05-28 10:00:31 - [TEST_STEP][PASSED] - Statement - out.println("Requested QTY : " + RequestedQty): null

2018-05-28 10:00:31 - [TEST_STEP][PASSED] - Statement - BatchNumber = com.kms.katalon.core.webui.keyword.WebUiBuiltInKeywords.getNumberOfTotalOption(com.kms.katalon.core.testobject.ObjectRepository.findTestObject(lab/Page_Store/select_--Select--BA50)): 3 options of object 'Object Repository/lab/Page_Store/select_--Select--BA50' counted

2018-05-28 10:00:31 - [MESSAGE][PASSED] - 3 options of object 'Object Repository/lab/Page_Store/select_--Select--BA50' counted

2018-05-28 10:00:31 - [TEST_STEP][PASSED] - Statement - For ([g = 1, g <= BatchNumber - 1, (g++)]): null

2018-05-28 10:00:31 - [TEST_STEP][PASSED] - selectOptionByIndex: All options with index in [1] are selected on object 'Object Repository/lab/Page_Store/select_--Select--BA50'

2018-05-28 10:00:31 - [MESSAGE][PASSED] - All options with index in [1] are selected on object 'Object Repository/lab/Page_Store/select_--Select--BA50'

2018-05-28 10:00:31 - [TEST_STEP][PASSED] - delay: Delayed 2 second(s)

2018-05-28 10:00:33 - [MESSAGE][PASSED] - Delayed 2 second(s)

2018-05-28 10:00:33 - [TEST_STEP][PASSED] - Statement - Try: null

2018-05-28 10:00:33 - [TEST_STEP][PASSED] - Statement - StockQty = com.kms.katalon.core.webui.keyword.WebUiBuiltInKeywords.getAttribute(com.kms.katalon.core.testobject.ObjectRepository.findTestObject(lab/Page_Store/input_txtprice), "value"): Attribute 'value' of object 'Object Repository/lab/Page_Store/input_txtprice' is: '1770'

2018-05-28 10:00:33 - [MESSAGE][PASSED] - Attribute 'value' of object 'Object Repository/lab/Page_Store/input_txtprice' is: '1770'

2018-05-28 10:00:33 - [TEST_STEP][PASSED] - Statement - out.println("Stock QTY : " + StockQty): null

2018-05-28 10:00:33 - [TEST_STEP][PASSED] - delay: Delayed 2 second(s)

2018-05-28 10:00:35 - [MESSAGE][PASSED] - Delayed 2 second(s)

2018-05-28 10:00:35 - [TEST_STEP][PASSED] - Statement - If (java.lang.Integer.valueOf(StockQty) >= java.lang.Integer.valueOf(RequestedQty)): null

2018-05-28 10:00:35 - [TEST_STEP][PASSED] - Statement - out.println(" " + StockQty + " >= " + RequestedQty): null

2018-05-28 10:00:35 - [TEST_STEP][PASSED] - Statement - Try: null

2018-05-28 10:00:35 - [TEST_STEP][PASSED] - setText: Text '10' is set on object 'Object Repository/lab/Page_Store/input_txtqty'

2018-05-28 10:00:35 - [MESSAGE][PASSED] - Text '10' is set on object 'Object Repository/lab/Page_Store/input_txtqty'

2018-05-28 10:00:35 - [TEST_STEP][PASSED] - click: Object: 'Object Repository/lab/Page_Store/button_Add' is clicked on

2018-05-28 10:00:35 - [MESSAGE][PASSED] - Object: 'Object Repository/lab/Page_Store/button_Add' is clicked on

2018-05-28 10:00:35 - [TEST_STEP][PASSED] - Statement - Break: null

2018-05-28 10:00:35 - [TEST_STEP][PASSED] - selectOptionByIndex: All options with index in [11] are selected on object 'Object Repository/lab/Page_Store/select_--Select--E.C.G. Jelly'

2018-05-28 10:00:35 - [MESSAGE][PASSED] - All options with index in [11] are selected on object 'Object Repository/lab/Page_Store/select_--Select--E.C.G. Jelly'

2018-05-28 10:00:35 - [TEST_STEP][PASSED] - delay: Delayed 2 second(s)

2018-05-28 10:00:37 - [MESSAGE][PASSED] - Delayed 2 second(s)

2018-05-28 10:00:37 - [TEST_STEP][PASSED] - Statement - RequestedQty = com.kms.katalon.core.webui.keyword.WebUiBuiltInKeywords.getAttribute(com.kms.katalon.core.testobject.ObjectRepository.findTestObject(lab/Page_Store/input_txttotal), "value"): Attribute 'value' of object 'Object Repository/lab/Page_Store/input_txttotal' is: '10'

2018-05-28 10:00:37 - [MESSAGE][PASSED] - Attribute 'value' of object 'Object Repository/lab/Page_Store/input_txttotal' is: '10'

2018-05-28 10:00:37 - [TEST_STEP][PASSED] - Statement - out.println("Requested QTY : " + RequestedQty): null

2018-05-28 10:00:37 - [TEST_STEP][PASSED] - Statement - BatchNumber = com.kms.katalon.core.webui.keyword.WebUiBuiltInKeywords.getNumberOfTotalOption(com.kms.katalon.core.testobject.ObjectRepository.findTestObject(lab/Page_Store/select_--Select--BA50)): 3 options of object 'Object Repository/lab/Page_Store/select_--Select--BA50' counted

2018-05-28 10:00:37 - [MESSAGE][PASSED] - 3 options of object 'Object Repository/lab/Page_Store/select_--Select--BA50' counted

2018-05-28 10:00:37 - [TEST_STEP][PASSED] - Statement - For ([g = 1, g <= BatchNumber - 1, (g++)]): null

2018-05-28 10:00:37 - [TEST_STEP][PASSED] - selectOptionByIndex: All options with index in [1] are selected on object 'Object Repository/lab/Page_Store/select_--Select--BA50'

2018-05-28 10:00:38 - [MESSAGE][PASSED] - All options with index in [1] are selected on object 'Object Repository/lab/Page_Store/select_--Select--BA50'

2018-05-28 10:00:38 - [TEST_STEP][PASSED] - delay: Delayed 2 second(s)

2018-05-28 10:00:40 - [MESSAGE][PASSED] - Delayed 2 second(s)

2018-05-28 10:00:40 - [TEST_STEP][PASSED] - Statement - Try: null

2018-05-28 10:00:40 - [TEST_STEP][PASSED] - Statement - StockQty = com.kms.katalon.core.webui.keyword.WebUiBuiltInKeywords.getAttribute(com.kms.katalon.core.testobject.ObjectRepository.findTestObject(lab/Page_Store/input_txtprice), "value"): Attribute 'value' of object 'Object Repository/lab/Page_Store/input_txtprice' is: '1608'

2018-05-28 10:00:40 - [MESSAGE][PASSED] - Attribute 'value' of object 'Object Repository/lab/Page_Store/input_txtprice' is: '1608'

2018-05-28 10:00:40 - [TEST_STEP][PASSED] - Statement - out.println("Stock QTY : " + StockQty): null

2018-05-28 10:00:40 - [TEST_STEP][PASSED] - delay: Delayed 2 second(s)

2018-05-28 10:00:42 - [MESSAGE][PASSED] - Delayed 2 second(s)

2018-05-28 10:00:42 - [TEST_STEP][PASSED] - Statement - If (java.lang.Integer.valueOf(StockQty) >= java.lang.Integer.valueOf(RequestedQty)): null

2018-05-28 10:00:42 - [TEST_STEP][PASSED] - Statement - out.println(" " + StockQty + " >= " + RequestedQty): null

2018-05-28 10:00:42 - [TEST_STEP][PASSED] - Statement - Try: null

2018-05-28 10:00:42 - [TEST_STEP][PASSED] - setText: Text '10' is set on object 'Object Repository/lab/Page_Store/input_txtqty'

2018-05-28 10:00:42 - [MESSAGE][PASSED] - Text '10' is set on object 'Object Repository/lab/Page_Store/input_txtqty'

2018-05-28 10:00:42 - [TEST_STEP][PASSED] - click: Object: 'Object Repository/lab/Page_Store/button_Add' is clicked on

2018-05-28 10:00:42 - [MESSAGE][PASSED] - Object: 'Object Repository/lab/Page_Store/button_Add' is clicked on

2018-05-28 10:00:42 - [TEST_STEP][PASSED] - Statement - Break: null

2018-05-28 10:00:42 - [TEST_STEP][PASSED] - selectOptionByIndex: All options with index in [12] are selected on object 'Object Repository/lab/Page_Store/select_--Select--E.C.G. Jelly'

2018-05-28 10:00:42 - [MESSAGE][PASSED] - All options with index in [12] are selected on object 'Object Repository/lab/Page_Store/select_--Select--E.C.G. Jelly'

2018-05-28 10:00:42 - [TEST_STEP][PASSED] - delay: Delayed 2 second(s)

2018-05-28 10:00:44 - [MESSAGE][PASSED] - Delayed 2 second(s)

2018-05-28 10:00:44 - [TEST_STEP][PASSED] - Statement - RequestedQty = com.kms.katalon.core.webui.keyword.WebUiBuiltInKeywords.getAttribute(com.kms.katalon.core.testobject.ObjectRepository.findTestObject(lab/Page_Store/input_txttotal), "value"): Attribute 'value' of object 'Object Repository/lab/Page_Store/input_txttotal' is: '10'

2018-05-28 10:00:44 - [MESSAGE][PASSED] - Attribute 'value' of object 'Object Repository/lab/Page_Store/input_txttotal' is: '10'

2018-05-28 10:00:44 - [TEST_STEP][PASSED] - Statement - out.println("Requested QTY : " + RequestedQty): null

2018-05-28 10:00:44 - [TEST_STEP][PASSED] - Statement - BatchNumber = com.kms.katalon.core.webui.keyword.WebUiBuiltInKeywords.getNumberOfTotalOption(com.kms.katalon.core.testobject.ObjectRepository.findTestObject(lab/Page_Store/select_--Select--BA50)): 3 options of object 'Object Repository/lab/Page_Store/select_--Select--BA50' counted

2018-05-28 10:00:44 - [MESSAGE][PASSED] - 3 options of object 'Object Repository/lab/Page_Store/select_--Select--BA50' counted

2018-05-28 10:00:44 - [TEST_STEP][PASSED] - Statement - For ([g = 1, g <= BatchNumber - 1, (g++)]): null

2018-05-28 10:00:44 - [TEST_STEP][PASSED] - selectOptionByIndex: All options with index in [1] are selected on object 'Object Repository/lab/Page_Store/select_--Select--BA50'

2018-05-28 10:00:44 - [MESSAGE][PASSED] - All options with index in [1] are selected on object 'Object Repository/lab/Page_Store/select_--Select--BA50'

2018-05-28 10:00:44 - [TEST_STEP][PASSED] - delay: Delayed 2 second(s)

2018-05-28 10:00:46 - [MESSAGE][PASSED] - Delayed 2 second(s)

2018-05-28 10:00:46 - [TEST_STEP][PASSED] - Statement - Try: null

2018-05-28 10:00:46 - [TEST_STEP][PASSED] - Statement - StockQty = com.kms.katalon.core.webui.keyword.WebUiBuiltInKeywords.getAttribute(com.kms.katalon.core.testobject.ObjectRepository.findTestObject(lab/Page_Store/input_txtprice), "value"): Attribute 'value' of object 'Object Repository/lab/Page_Store/input_txtprice' is: '1745'

2018-05-28 10:00:46 - [MESSAGE][PASSED] - Attribute 'value' of object 'Object Repository/lab/Page_Store/input_txtprice' is: '1745'

2018-05-28 10:00:46 - [TEST_STEP][PASSED] - Statement - out.println("Stock QTY : " + StockQty): null

2018-05-28 10:00:46 - [TEST_STEP][PASSED] - delay: Delayed 2 second(s)

2018-05-28 10:00:48 - [MESSAGE][PASSED] - Delayed 2 second(s)

2018-05-28 10:00:48 - [TEST_STEP][PASSED] - Statement - If (java.lang.Integer.valueOf(StockQty) >= java.lang.Integer.valueOf(RequestedQty)): null

2018-05-28 10:00:48 - [TEST_STEP][PASSED] - Statement - out.println(" " + StockQty + " >= " + RequestedQty): null

2018-05-28 10:00:48 - [TEST_STEP][PASSED] - Statement - Try: null

2018-05-28 10:00:48 - [TEST_STEP][PASSED] - setText: Text '10' is set on object 'Object Repository/lab/Page_Store/input_txtqty'

2018-05-28 10:00:48 - [MESSAGE][PASSED] - Text '10' is set on object 'Object Repository/lab/Page_Store/input_txtqty'

2018-05-28 10:00:48 - [TEST_STEP][PASSED] - click: Object: 'Object Repository/lab/Page_Store/button_Add' is clicked on

2018-05-28 10:00:49 - [MESSAGE][PASSED] - Object: 'Object Repository/lab/Page_Store/button_Add' is clicked on

2018-05-28 10:00:49 - [TEST_STEP][PASSED] - Statement - Break: null

2018-05-28 10:00:49 - [TEST_STEP][PASSED] - selectOptionByIndex: All options with index in [13] are selected on object 'Object Repository/lab/Page_Store/select_--Select--E.C.G. Jelly'

2018-05-28 10:00:49 - [MESSAGE][PASSED] - All options with index in [13] are selected on object 'Object Repository/lab/Page_Store/select_--Select--E.C.G. Jelly'

2018-05-28 10:00:49 - [TEST_STEP][PASSED] - delay: Delayed 2 second(s)

2018-05-28 10:00:51 - [MESSAGE][PASSED] - Delayed 2 second(s)

2018-05-28 10:00:51 - [TEST_STEP][PASSED] - Statement - RequestedQty = com.kms.katalon.core.webui.keyword.WebUiBuiltInKeywords.getAttribute(com.kms.katalon.core.testobject.ObjectRepository.findTestObject(lab/Page_Store/input_txttotal), "value"): Attribute 'value' of object 'Object Repository/lab/Page_Store/input_txttotal' is: '10'

2018-05-28 10:00:51 - [MESSAGE][PASSED] - Attribute 'value' of object 'Object Repository/lab/Page_Store/input_txttotal' is: '10'

2018-05-28 10:00:51 - [TEST_STEP][PASSED] - Statement - out.println("Requested QTY : " + RequestedQty): null

2018-05-28 10:00:51 - [TEST_STEP][PASSED] - Statement - BatchNumber = com.kms.katalon.core.webui.keyword.WebUiBuiltInKeywords.getNumberOfTotalOption(com.kms.katalon.core.testobject.ObjectRepository.findTestObject(lab/Page_Store/select_--Select--BA50)): 3 options of object 'Object Repository/lab/Page_Store/select_--Select--BA50' counted

2018-05-28 10:00:51 - [MESSAGE][PASSED] - 3 options of object 'Object Repository/lab/Page_Store/select_--Select--BA50' counted

2018-05-28 10:00:51 - [TEST_STEP][PASSED] - Statement - For ([g = 1, g <= BatchNumber - 1, (g++)]): null

2018-05-28 10:00:51 - [TEST_STEP][PASSED] - selectOptionByIndex: All options with index in [1] are selected on object 'Object Repository/lab/Page_Store/select_--Select--BA50'

2018-05-28 10:00:51 - [MESSAGE][PASSED] - All options with index in [1] are selected on object 'Object Repository/lab/Page_Store/select_--Select--BA50'

2018-05-28 10:00:51 - [TEST_STEP][PASSED] - delay: Delayed 2 second(s)

2018-05-28 10:00:53 - [MESSAGE][PASSED] - Delayed 2 second(s)

2018-05-28 10:00:53 - [TEST_STEP][PASSED] - Statement - Try: null

2018-05-28 10:00:53 - [TEST_STEP][PASSED] - Statement - StockQty = com.kms.katalon.core.webui.keyword.WebUiBuiltInKeywords.getAttribute(com.kms.katalon.core.testobject.ObjectRepository.findTestObject(lab/Page_Store/input_txtprice), "value"): Attribute 'value' of object 'Object Repository/lab/Page_Store/input_txtprice' is: '315'

2018-05-28 10:00:53 - [MESSAGE][PASSED] - Attribute 'value' of object 'Object Repository/lab/Page_Store/input_txtprice' is: '315'

2018-05-28 10:00:53 - [TEST_STEP][PASSED] - Statement - out.println("Stock QTY : " + StockQty): null

2018-05-28 10:00:53 - [TEST_STEP][PASSED] - delay: Delayed 2 second(s)

2018-05-28 10:00:55 - [MESSAGE][PASSED] - Delayed 2 second(s)

2018-05-28 10:00:55 - [TEST_STEP][PASSED] - Statement - If (java.lang.Integer.valueOf(StockQty) >= java.lang.Integer.valueOf(RequestedQty)): null

2018-05-28 10:00:55 - [TEST_STEP][PASSED] - Statement - out.println(" " + StockQty + " >= " + RequestedQty): null

2018-05-28 10:00:55 - [TEST_STEP][PASSED] - Statement - Try: null

2018-05-28 10:00:55 - [TEST_STEP][PASSED] - setText: Text '10' is set on object 'Object Repository/lab/Page_Store/input_txtqty'

2018-05-28 10:00:55 - [MESSAGE][PASSED] - Text '10' is set on object 'Object Repository/lab/Page_Store/input_txtqty'

2018-05-28 10:00:55 - [TEST_STEP][PASSED] - click: Object: 'Object Repository/lab/Page_Store/button_Add' is clicked on

2018-05-28 10:00:55 - [MESSAGE][PASSED] - Object: 'Object Repository/lab/Page_Store/button_Add' is clicked on

2018-05-28 10:00:55 - [TEST_STEP][PASSED] - Statement - Break: null

2018-05-28 10:00:55 - [TEST_STEP][PASSED] - selectOptionByIndex: All options with index in [14] are selected on object 'Object Repository/lab/Page_Store/select_--Select--E.C.G. Jelly'

2018-05-28 10:00:55 - [MESSAGE][PASSED] - All options with index in [14] are selected on object 'Object Repository/lab/Page_Store/select_--Select--E.C.G. Jelly'

2018-05-28 10:00:55 - [TEST_STEP][PASSED] - delay: Delayed 2 second(s)

2018-05-28 10:00:57 - [MESSAGE][PASSED] - Delayed 2 second(s)

2018-05-28 10:00:57 - [TEST_STEP][PASSED] - Statement - RequestedQty = com.kms.katalon.core.webui.keyword.WebUiBuiltInKeywords.getAttribute(com.kms.katalon.core.testobject.ObjectRepository.findTestObject(lab/Page_Store/input_txttotal), "value"): Attribute 'value' of object 'Object Repository/lab/Page_Store/input_txttotal' is: '10'

2018-05-28 10:00:58 - [MESSAGE][PASSED] - Attribute 'value' of object 'Object Repository/lab/Page_Store/input_txttotal' is: '10'

2018-05-28 10:00:58 - [TEST_STEP][PASSED] - Statement - out.println("Requested QTY : " + RequestedQty): null

2018-05-28 10:00:58 - [TEST_STEP][PASSED] - Statement - BatchNumber = com.kms.katalon.core.webui.keyword.WebUiBuiltInKeywords.getNumberOfTotalOption(com.kms.katalon.core.testobject.ObjectRepository.findTestObject(lab/Page_Store/select_--Select--BA50)): 3 options of object 'Object Repository/lab/Page_Store/select_--Select--BA50' counted

2018-05-28 10:00:58 - [MESSAGE][PASSED] - 3 options of object 'Object Repository/lab/Page_Store/select_--Select--BA50' counted

2018-05-28 10:00:58 - [TEST_STEP][PASSED] - Statement - For ([g = 1, g <= BatchNumber - 1, (g++)]): null

2018-05-28 10:00:58 - [TEST_STEP][PASSED] - selectOptionByIndex: All options with index in [1] are selected on object 'Object Repository/lab/Page_Store/select_--Select--BA50'

2018-05-28 10:00:58 - [MESSAGE][PASSED] - All options with index in [1] are selected on object 'Object Repository/lab/Page_Store/select_--Select--BA50'

2018-05-28 10:00:58 - [TEST_STEP][PASSED] - delay: Delayed 2 second(s)

2018-05-28 10:01:00 - [MESSAGE][PASSED] - Delayed 2 second(s)

2018-05-28 10:01:00 - [TEST_STEP][PASSED] - Statement - Try: null

2018-05-28 10:01:00 - [TEST_STEP][PASSED] - Statement - StockQty = com.kms.katalon.core.webui.keyword.WebUiBuiltInKeywords.getAttribute(com.kms.katalon.core.testobject.ObjectRepository.findTestObject(lab/Page_Store/input_txtprice), "value"): Attribute 'value' of object 'Object Repository/lab/Page_Store/input_txtprice' is: '1780'

2018-05-28 10:01:00 - [MESSAGE][PASSED] - Attribute 'value' of object 'Object Repository/lab/Page_Store/input_txtprice' is: '1780'

2018-05-28 10:01:00 - [TEST_STEP][PASSED] - Statement - out.println("Stock QTY : " + StockQty): null

2018-05-28 10:01:00 - [TEST_STEP][PASSED] - delay: Delayed 2 second(s)

2018-05-28 10:01:02 - [MESSAGE][PASSED] - Delayed 2 second(s)

2018-05-28 10:01:02 - [TEST_STEP][PASSED] - Statement - If (java.lang.Integer.valueOf(StockQty) >= java.lang.Integer.valueOf(RequestedQty)): null

2018-05-28 10:01:02 - [TEST_STEP][PASSED] - Statement - out.println(" " + StockQty + " >= " + RequestedQty): null

2018-05-28 10:01:02 - [TEST_STEP][PASSED] - Statement - Try: null

2018-05-28 10:01:02 - [TEST_STEP][PASSED] - setText: Text '10' is set on object 'Object Repository/lab/Page_Store/input_txtqty'

2018-05-28 10:01:02 - [MESSAGE][PASSED] - Text '10' is set on object 'Object Repository/lab/Page_Store/input_txtqty'

2018-05-28 10:01:02 - [TEST_STEP][PASSED] - click: Object: 'Object Repository/lab/Page_Store/button_Add' is clicked on

2018-05-28 10:01:02 - [MESSAGE][PASSED] - Object: 'Object Repository/lab/Page_Store/button_Add' is clicked on

2018-05-28 10:01:02 - [TEST_STEP][PASSED] - Statement - Break: null

2018-05-28 10:01:02 - [TEST_STEP][PASSED] - selectOptionByIndex: All options with index in [15] are selected on object 'Object Repository/lab/Page_Store/select_--Select--E.C.G. Jelly'

2018-05-28 10:01:02 - [MESSAGE][PASSED] - All options with index in [15] are selected on object 'Object Repository/lab/Page_Store/select_--Select--E.C.G. Jelly'

2018-05-28 10:01:02 - [TEST_STEP][PASSED] - delay: Delayed 2 second(s)

2018-05-28 10:01:04 - [MESSAGE][PASSED] - Delayed 2 second(s)

2018-05-28 10:01:04 - [TEST_STEP][PASSED] - Statement - RequestedQty = com.kms.katalon.core.webui.keyword.WebUiBuiltInKeywords.getAttribute(com.kms.katalon.core.testobject.ObjectRepository.findTestObject(lab/Page_Store/input_txttotal), "value"): Attribute 'value' of object 'Object Repository/lab/Page_Store/input_txttotal' is: '10'

2018-05-28 10:01:04 - [MESSAGE][PASSED] - Attribute 'value' of object 'Object Repository/lab/Page_Store/input_txttotal' is: '10'

2018-05-28 10:01:04 - [TEST_STEP][PASSED] - Statement - out.println("Requested QTY : " + RequestedQty): null

2018-05-28 10:01:04 - [TEST_STEP][PASSED] - Statement - BatchNumber = com.kms.katalon.core.webui.keyword.WebUiBuiltInKeywords.getNumberOfTotalOption(com.kms.katalon.core.testobject.ObjectRepository.findTestObject(lab/Page_Store/select_--Select--BA50)): 3 options of object 'Object Repository/lab/Page_Store/select_--Select--BA50' counted

2018-05-28 10:01:04 - [MESSAGE][PASSED] - 3 options of object 'Object Repository/lab/Page_Store/select_--Select--BA50' counted

2018-05-28 10:01:04 - [TEST_STEP][PASSED] - Statement - For ([g = 1, g <= BatchNumber - 1, (g++)]): null

2018-05-28 10:01:04 - [TEST_STEP][PASSED] - selectOptionByIndex: All options with index in [1] are selected on object 'Object Repository/lab/Page_Store/select_--Select--BA50'

2018-05-28 10:01:05 - [MESSAGE][PASSED] - All options with index in [1] are selected on object 'Object Repository/lab/Page_Store/select_--Select--BA50'

2018-05-28 10:01:05 - [TEST_STEP][PASSED] - delay: Delayed 2 second(s)

2018-05-28 10:01:07 - [MESSAGE][PASSED] - Delayed 2 second(s)

2018-05-28 10:01:07 - [TEST_STEP][PASSED] - Statement - Try: null

2018-05-28 10:01:07 - [TEST_STEP][PASSED] - Statement - StockQty = com.kms.katalon.core.webui.keyword.WebUiBuiltInKeywords.getAttribute(com.kms.katalon.core.testobject.ObjectRepository.findTestObject(lab/Page_Store/input_txtprice), "value"): Attribute 'value' of object 'Object Repository/lab/Page_Store/input_txtprice' is: '1770'

2018-05-28 10:01:07 - [MESSAGE][PASSED] - Attribute 'value' of object 'Object Repository/lab/Page_Store/input_txtprice' is: '1770'

2018-05-28 10:01:07 - [TEST_STEP][PASSED] - Statement - out.println("Stock QTY : " + StockQty): null

2018-05-28 10:01:07 - [TEST_STEP][PASSED] - delay: Delayed 2 second(s)

2018-05-28 10:01:09 - [MESSAGE][PASSED] - Delayed 2 second(s)

2018-05-28 10:01:09 - [TEST_STEP][PASSED] - Statement - If (java.lang.Integer.valueOf(StockQty) >= java.lang.Integer.valueOf(RequestedQty)): null

2018-05-28 10:01:09 - [TEST_STEP][PASSED] - Statement - out.println(" " + StockQty + " >= " + RequestedQty): null

2018-05-28 10:01:09 - [TEST_STEP][PASSED] - Statement - Try: null

2018-05-28 10:01:09 - [TEST_STEP][PASSED] - setText: Text '10' is set on object 'Object Repository/lab/Page_Store/input_txtqty'

2018-05-28 10:01:09 - [MESSAGE][PASSED] - Text '10' is set on object 'Object Repository/lab/Page_Store/input_txtqty'

2018-05-28 10:01:09 - [TEST_STEP][PASSED] - click: Object: 'Object Repository/lab/Page_Store/button_Add' is clicked on

2018-05-28 10:01:09 - [MESSAGE][PASSED] - Object: 'Object Repository/lab/Page_Store/button_Add' is clicked on

2018-05-28 10:01:09 - [TEST_STEP][PASSED] - Statement - Break: null

2018-05-28 10:01:09 - [TEST_STEP][PASSED] - selectOptionByIndex: All options with index in [16] are selected on object 'Object Repository/lab/Page_Store/select_--Select--E.C.G. Jelly'

2018-05-28 10:01:09 - [MESSAGE][PASSED] - All options with index in [16] are selected on object 'Object Repository/lab/Page_Store/select_--Select--E.C.G. Jelly'

2018-05-28 10:01:09 - [TEST_STEP][PASSED] - delay: Delayed 2 second(s)

2018-05-28 10:01:11 - [MESSAGE][PASSED] - Delayed 2 second(s)

2018-05-28 10:01:11 - [TEST_STEP][PASSED] - Statement - RequestedQty = com.kms.katalon.core.webui.keyword.WebUiBuiltInKeywords.getAttribute(com.kms.katalon.core.testobject.ObjectRepository.findTestObject(lab/Page_Store/input_txttotal), "value"): Attribute 'value' of object 'Object Repository/lab/Page_Store/input_txttotal' is: '10'

2018-05-28 10:01:11 - [MESSAGE][PASSED] - Attribute 'value' of object 'Object Repository/lab/Page_Store/input_txttotal' is: '10'

2018-05-28 10:01:11 - [TEST_STEP][PASSED] - Statement - out.println("Requested QTY : " + RequestedQty): null

2018-05-28 10:01:11 - [TEST_STEP][PASSED] - Statement - BatchNumber = com.kms.katalon.core.webui.keyword.WebUiBuiltInKeywords.getNumberOfTotalOption(com.kms.katalon.core.testobject.ObjectRepository.findTestObject(lab/Page_Store/select_--Select--BA50)): 2 options of object 'Object Repository/lab/Page_Store/select_--Select--BA50' counted

2018-05-28 10:01:11 - [MESSAGE][PASSED] - 2 options of object 'Object Repository/lab/Page_Store/select_--Select--BA50' counted

2018-05-28 10:01:11 - [TEST_STEP][PASSED] - Statement - For ([g = 1, g <= BatchNumber - 1, (g++)]): null

2018-05-28 10:01:11 - [TEST_STEP][PASSED] - selectOptionByIndex: All options with index in [1] are selected on object 'Object Repository/lab/Page_Store/select_--Select--BA50'

2018-05-28 10:01:11 - [MESSAGE][PASSED] - All options with index in [1] are selected on object 'Object Repository/lab/Page_Store/select_--Select--BA50'

2018-05-28 10:01:11 - [TEST_STEP][PASSED] - delay: Delayed 2 second(s)

2018-05-28 10:01:13 - [MESSAGE][PASSED] - Delayed 2 second(s)

2018-05-28 10:01:13 - [TEST_STEP][PASSED] - Statement - Try: null

2018-05-28 10:01:13 - [TEST_STEP][PASSED] - Statement - StockQty = com.kms.katalon.core.webui.keyword.WebUiBuiltInKeywords.getAttribute(com.kms.katalon.core.testobject.ObjectRepository.findTestObject(lab/Page_Store/input_txtprice), "value"): Attribute 'value' of object 'Object Repository/lab/Page_Store/input_txtprice' is: '305'

2018-05-28 10:01:13 - [MESSAGE][PASSED] - Attribute 'value' of object 'Object Repository/lab/Page_Store/input_txtprice' is: '305'

2018-05-28 10:01:13 - [TEST_STEP][PASSED] - Statement - out.println("Stock QTY : " + StockQty): null

2018-05-28 10:01:13 - [TEST_STEP][PASSED] - delay: Delayed 2 second(s)

2018-05-28 10:01:15 - [MESSAGE][PASSED] - Delayed 2 second(s)

2018-05-28 10:01:15 - [TEST_STEP][PASSED] - Statement - If (java.lang.Integer.valueOf(StockQty) >= java.lang.Integer.valueOf(RequestedQty)): null

2018-05-28 10:01:15 - [TEST_STEP][PASSED] - Statement - out.println(" " + StockQty + " >= " + RequestedQty): null

2018-05-28 10:01:15 - [TEST_STEP][PASSED] - Statement - Try: null

2018-05-28 10:01:15 - [TEST_STEP][PASSED] - setText: Text '10' is set on object 'Object Repository/lab/Page_Store/input_txtqty'

2018-05-28 10:01:15 - [MESSAGE][PASSED] - Text '10' is set on object 'Object Repository/lab/Page_Store/input_txtqty'

2018-05-28 10:01:15 - [TEST_STEP][PASSED] - click: Object: 'Object Repository/lab/Page_Store/button_Add' is clicked on

2018-05-28 10:01:15 - [MESSAGE][PASSED] - Object: 'Object Repository/lab/Page_Store/button_Add' is clicked on

2018-05-28 10:01:15 - [TEST_STEP][PASSED] - Statement - Break: null

2018-05-28 10:01:15 - [TEST_STEP][PASSED] - scrollToElement: Scroll to object 'Object Repository/lab/Page_Store/input_btnSubmit' successfully

2018-05-28 10:01:15 - [MESSAGE][PASSED] - Scroll to object 'Object Repository/lab/Page_Store/input_btnSubmit' successfully

2018-05-28 10:01:15 - [TEST_STEP][PASSED] - Statement - Try: Object: 'Object Repository/lab/Page_Store/button_OK' is clicked on

2018-05-28 10:01:15 - [TEST_STEP][PASSED] - click: Object: 'Object Repository/lab/Page_Store/input_btnSubmit' is clicked on

2018-05-28 10:01:16 - [MESSAGE][PASSED] - Object: 'Object Repository/lab/Page_Store/input_btnSubmit' is clicked on

2018-05-28 10:01:16 - [TEST_STEP][PASSED] - delay: Delayed 3 second(s)

2018-05-28 10:01:19 - [MESSAGE][PASSED] - Delayed 3 second(s)

2018-05-28 10:01:19 - [TEST_STEP][PASSED] - click: Object: 'Object Repository/lab/Page_Store/button_OK' is clicked on

2018-05-28 10:01:20 - [MESSAGE][PASSED] - Object: 'Object Repository/lab/Page_Store/button_OK' is clicked on

2018-05-28 10:01:20 - [TEST_STEP][PASSED] - delay: Delayed 3 second(s)

2018-05-28 10:01:23 - [MESSAGE][PASSED] - Delayed 3 second(s)

2018-05-28 10:01:23 - [TEST_STEP][PASSED] - click: Object: 'Object Repository/lab/Page_Store/a_dropdown-toggle' is clicked on

2018-05-28 10:01:23 - [MESSAGE][PASSED] - Object: 'Object Repository/lab/Page_Store/a_dropdown-toggle' is clicked on

2018-05-28 10:01:23 - [TEST_STEP][PASSED] - click: Object: 'Object Repository/lab/Page_Store/a_Sign out' is clicked on

2018-05-28 10:01:24 - [MESSAGE][PASSED] - Object: 'Object Repository/lab/Page_Store/a_Sign out' is clicked on

2018-05-28 10:01:24 - [TEST_STEP][PASSED] - closeBrowser: Browser is closed

2018-05-28 10:01:24 - [MESSAGE][PASSED] - Browser is closed

2018-05-28 10:01:24 - [TEST_STEP][PASSED] - Statement - out.println("Schedule 5 Investigation Request Are Working Successfully"): null]]></system-out>
         <system-err><![CDATA[]]></system-err>
      </testcase>
      <testcase name="Test Cases/INVESTIGATION TEST CASES/TC_INV_003 Verify Schedule 6 Investigation Request Are Working Successfully Or Not" classname="Test Cases/INVESTIGATION TEST CASES/TC_INV_003 Verify Schedule 6 Investigation Request Are Working Successfully Or Not" status="FAILED">
         <failure type="FAILED" message="Unable to click on object 'Object Repository/lab/Page_Store/button_OK' (Root cause: com.kms.katalon.core.webui.exception.WebElementNotFoundException: Web element with id: 'Object Repository/lab/Page_Store/button_OK' located by 'By.xpath: /html/body/div[5]/div/div/div[2]/button[count(. | //button[@type = 'button' and (text() = 'OK' or . = 'OK')]) = count(//button[@type = 'button' and (text() = 'OK' or . = 'OK')])]' not found)"/>
         <system-out><![CDATA[2018-05-28 10:01:24 - [TEST_CASE][FAILED] - Test Cases/INVESTIGATION TEST CASES/TC_INV_003 Verify Schedule 6 Investigation Request Are Working Successfully Or Not: Test Cases/INVESTIGATION TEST CASES/TC_INV_003 Verify Schedule 6 Investigation Request Are Working Successfully Or Not FAILED because (of) Unable to click on object 'Object Repository/lab/Page_Store/button_OK' (Root cause: com.kms.katalon.core.webui.exception.WebElementNotFoundException: Web element with id: 'Object Repository/lab/Page_Store/button_OK' located by 'By.xpath: /html/body/div[5]/div/div/div[2]/button[count(. | //button[@type = 'button' and (text() = 'OK' or . = 'OK')]) = count(//button[@type = 'button' and (text() = 'OK' or . = 'OK')])]' not found)

2018-05-28 10:01:24 - [TEST_STEP][PASSED] - openBrowser: Browser is opened with url: ''

2018-05-28 10:01:27 - [MESSAGE][PASSED] - Browser is opened with url: ''

2018-05-28 10:01:27 - [TEST_STEP][PASSED] - navigateToUrl: Navigate to 'http://192.168.137.1/multihospital_new/' successfully

2018-05-28 10:01:33 - [MESSAGE][PASSED] - Navigate to 'http://192.168.137.1/multihospital_new/' successfully

2018-05-28 10:01:33 - [TEST_STEP][PASSED] - Statement - out.println(" Verify Schedule 6 Investigation Request Are Working Successfully Or Not"): null

2018-05-28 10:01:33 - [TEST_STEP][PASSED] - maximizeWindow: Current window maximized

2018-05-28 10:01:35 - [MESSAGE][PASSED] - Current window maximized

2018-05-28 10:01:35 - [TEST_STEP][PASSED] - click: Object: 'Object Repository/lab/Page_KDMC/a_Investigation' is clicked on

2018-05-28 10:01:36 - [MESSAGE][PASSED] - Object: 'Object Repository/lab/Page_KDMC/a_Investigation' is clicked on

2018-05-28 10:01:36 - [TEST_STEP][PASSED] - setText: Text 'manoj' is set on object 'Object Repository/lab/Page_Investigation login/input_txtusername'

2018-05-28 10:01:36 - [MESSAGE][PASSED] - Text 'manoj' is set on object 'Object Repository/lab/Page_Investigation login/input_txtusername'

2018-05-28 10:01:36 - [TEST_STEP][PASSED] - setText: Text '123' is set on object 'Object Repository/lab/Page_Investigation login/input_txtpassword'

2018-05-28 10:01:36 - [MESSAGE][PASSED] - Text '123' is set on object 'Object Repository/lab/Page_Investigation login/input_txtpassword'

2018-05-28 10:01:36 - [TEST_STEP][PASSED] - delay: Delayed 3 second(s)

2018-05-28 10:01:39 - [MESSAGE][PASSED] - Delayed 3 second(s)

2018-05-28 10:01:39 - [TEST_STEP][PASSED] - click: Object: 'Object Repository/lab/Page_Investigation login/button_Sign in' is clicked on

2018-05-28 10:01:40 - [MESSAGE][PASSED] - Object: 'Object Repository/lab/Page_Investigation login/button_Sign in' is clicked on

2018-05-28 10:01:40 - [TEST_STEP][PASSED] - click: Object: 'Object Repository/lab/Page_KDMC/a_Store Request' is clicked on

2018-05-28 10:01:42 - [MESSAGE][PASSED] - Object: 'Object Repository/lab/Page_KDMC/a_Store Request' is clicked on

2018-05-28 10:01:42 - [TEST_STEP][PASSED] - delay: Delayed 2 second(s)

2018-05-28 10:01:44 - [MESSAGE][PASSED] - Delayed 2 second(s)

2018-05-28 10:01:44 - [TEST_STEP][PASSED] - click: Object: 'Object Repository/lab/Page_KDMC/a_Medicine Request' is clicked on

2018-05-28 10:01:45 - [MESSAGE][PASSED] - Object: 'Object Repository/lab/Page_KDMC/a_Medicine Request' is clicked on

2018-05-28 10:01:45 - [TEST_STEP][PASSED] - selectOptionByIndex: All options with index in [3] are selected on object 'Object Repository/lab/Page_KDMC/select_--Select--Schedule 4X-r'

2018-05-28 10:01:46 - [MESSAGE][PASSED] - All options with index in [3] are selected on object 'Object Repository/lab/Page_KDMC/select_--Select--Schedule 4X-r'

2018-05-28 10:01:46 - [TEST_STEP][PASSED] - Statement - medicineslength = com.kms.katalon.core.webui.keyword.WebUiBuiltInKeywords.getNumberOfTotalOption(com.kms.katalon.core.testobject.ObjectRepository.findTestObject(lab/Page_KDMC/select_--Select--Automatic x-r)): 14 options of object 'Object Repository/lab/Page_KDMC/select_--Select--Automatic x-r' counted

2018-05-28 10:01:46 - [MESSAGE][PASSED] - 14 options of object 'Object Repository/lab/Page_KDMC/select_--Select--Automatic x-r' counted

2018-05-28 10:01:46 - [TEST_STEP][PASSED] - Statement - For ([e = 1, e < medicineslength, (e++)]): Object: 'Object Repository/lab/Page_KDMC/button_Add' is clicked on

2018-05-28 10:01:46 - [TEST_STEP][PASSED] - selectOptionByIndex: All options with index in [3] are selected on object 'Object Repository/lab/Page_KDMC/select_--Select--Schedule 4X-r'

2018-05-28 10:01:46 - [MESSAGE][PASSED] - All options with index in [3] are selected on object 'Object Repository/lab/Page_KDMC/select_--Select--Schedule 4X-r'

2018-05-28 10:01:46 - [TEST_STEP][PASSED] - selectOptionByIndex: All options with index in [1] are selected on object 'Object Repository/lab/Page_KDMC/select_--Select--Automatic x-r'

2018-05-28 10:01:46 - [MESSAGE][PASSED] - All options with index in [1] are selected on object 'Object Repository/lab/Page_KDMC/select_--Select--Automatic x-r'

2018-05-28 10:01:46 - [TEST_STEP][PASSED] - setText: Text '10' is set on object 'Object Repository/lab/Page_KDMC/input_txttreat'

2018-05-28 10:01:46 - [MESSAGE][PASSED] - Text '10' is set on object 'Object Repository/lab/Page_KDMC/input_txttreat'

2018-05-28 10:01:46 - [TEST_STEP][PASSED] - click: Object: 'Object Repository/lab/Page_KDMC/button_Add' is clicked on

2018-05-28 10:01:46 - [MESSAGE][PASSED] - Object: 'Object Repository/lab/Page_KDMC/button_Add' is clicked on

2018-05-28 10:01:46 - [TEST_STEP][PASSED] - selectOptionByIndex: All options with index in [3] are selected on object 'Object Repository/lab/Page_KDMC/select_--Select--Schedule 4X-r'

2018-05-28 10:01:46 - [MESSAGE][PASSED] - All options with index in [3] are selected on object 'Object Repository/lab/Page_KDMC/select_--Select--Schedule 4X-r'

2018-05-28 10:01:46 - [TEST_STEP][PASSED] - selectOptionByIndex: All options with index in [2] are selected on object 'Object Repository/lab/Page_KDMC/select_--Select--Automatic x-r'

2018-05-28 10:01:46 - [MESSAGE][PASSED] - All options with index in [2] are selected on object 'Object Repository/lab/Page_KDMC/select_--Select--Automatic x-r'

2018-05-28 10:01:46 - [TEST_STEP][PASSED] - setText: Text '10' is set on object 'Object Repository/lab/Page_KDMC/input_txttreat'

2018-05-28 10:01:46 - [MESSAGE][PASSED] - Text '10' is set on object 'Object Repository/lab/Page_KDMC/input_txttreat'

2018-05-28 10:01:46 - [TEST_STEP][PASSED] - click: Object: 'Object Repository/lab/Page_KDMC/button_Add' is clicked on

2018-05-28 10:01:47 - [MESSAGE][PASSED] - Object: 'Object Repository/lab/Page_KDMC/button_Add' is clicked on

2018-05-28 10:01:47 - [TEST_STEP][PASSED] - selectOptionByIndex: All options with index in [3] are selected on object 'Object Repository/lab/Page_KDMC/select_--Select--Schedule 4X-r'

2018-05-28 10:01:47 - [MESSAGE][PASSED] - All options with index in [3] are selected on object 'Object Repository/lab/Page_KDMC/select_--Select--Schedule 4X-r'

2018-05-28 10:01:47 - [TEST_STEP][PASSED] - selectOptionByIndex: All options with index in [3] are selected on object 'Object Repository/lab/Page_KDMC/select_--Select--Automatic x-r'

2018-05-28 10:01:47 - [MESSAGE][PASSED] - All options with index in [3] are selected on object 'Object Repository/lab/Page_KDMC/select_--Select--Automatic x-r'

2018-05-28 10:01:47 - [TEST_STEP][PASSED] - setText: Text '10' is set on object 'Object Repository/lab/Page_KDMC/input_txttreat'

2018-05-28 10:01:47 - [MESSAGE][PASSED] - Text '10' is set on object 'Object Repository/lab/Page_KDMC/input_txttreat'

2018-05-28 10:01:47 - [TEST_STEP][PASSED] - click: Object: 'Object Repository/lab/Page_KDMC/button_Add' is clicked on

2018-05-28 10:01:47 - [MESSAGE][PASSED] - Object: 'Object Repository/lab/Page_KDMC/button_Add' is clicked on

2018-05-28 10:01:47 - [TEST_STEP][PASSED] - selectOptionByIndex: All options with index in [3] are selected on object 'Object Repository/lab/Page_KDMC/select_--Select--Schedule 4X-r'

2018-05-28 10:01:47 - [MESSAGE][PASSED] - All options with index in [3] are selected on object 'Object Repository/lab/Page_KDMC/select_--Select--Schedule 4X-r'

2018-05-28 10:01:47 - [TEST_STEP][PASSED] - selectOptionByIndex: All options with index in [4] are selected on object 'Object Repository/lab/Page_KDMC/select_--Select--Automatic x-r'

2018-05-28 10:01:47 - [MESSAGE][PASSED] - All options with index in [4] are selected on object 'Object Repository/lab/Page_KDMC/select_--Select--Automatic x-r'

2018-05-28 10:01:47 - [TEST_STEP][PASSED] - setText: Text '10' is set on object 'Object Repository/lab/Page_KDMC/input_txttreat'

2018-05-28 10:01:47 - [MESSAGE][PASSED] - Text '10' is set on object 'Object Repository/lab/Page_KDMC/input_txttreat'

2018-05-28 10:01:47 - [TEST_STEP][PASSED] - click: Object: 'Object Repository/lab/Page_KDMC/button_Add' is clicked on

2018-05-28 10:01:47 - [MESSAGE][PASSED] - Object: 'Object Repository/lab/Page_KDMC/button_Add' is clicked on

2018-05-28 10:01:47 - [TEST_STEP][PASSED] - selectOptionByIndex: All options with index in [3] are selected on object 'Object Repository/lab/Page_KDMC/select_--Select--Schedule 4X-r'

2018-05-28 10:01:48 - [MESSAGE][PASSED] - All options with index in [3] are selected on object 'Object Repository/lab/Page_KDMC/select_--Select--Schedule 4X-r'

2018-05-28 10:01:48 - [TEST_STEP][PASSED] - selectOptionByIndex: All options with index in [5] are selected on object 'Object Repository/lab/Page_KDMC/select_--Select--Automatic x-r'

2018-05-28 10:01:48 - [MESSAGE][PASSED] - All options with index in [5] are selected on object 'Object Repository/lab/Page_KDMC/select_--Select--Automatic x-r'

2018-05-28 10:01:48 - [TEST_STEP][PASSED] - setText: Text '10' is set on object 'Object Repository/lab/Page_KDMC/input_txttreat'

2018-05-28 10:01:48 - [MESSAGE][PASSED] - Text '10' is set on object 'Object Repository/lab/Page_KDMC/input_txttreat'

2018-05-28 10:01:48 - [TEST_STEP][PASSED] - click: Object: 'Object Repository/lab/Page_KDMC/button_Add' is clicked on

2018-05-28 10:01:48 - [MESSAGE][PASSED] - Object: 'Object Repository/lab/Page_KDMC/button_Add' is clicked on

2018-05-28 10:01:48 - [TEST_STEP][PASSED] - selectOptionByIndex: All options with index in [3] are selected on object 'Object Repository/lab/Page_KDMC/select_--Select--Schedule 4X-r'

2018-05-28 10:01:48 - [MESSAGE][PASSED] - All options with index in [3] are selected on object 'Object Repository/lab/Page_KDMC/select_--Select--Schedule 4X-r'

2018-05-28 10:01:48 - [TEST_STEP][PASSED] - selectOptionByIndex: All options with index in [6] are selected on object 'Object Repository/lab/Page_KDMC/select_--Select--Automatic x-r'

2018-05-28 10:01:48 - [MESSAGE][PASSED] - All options with index in [6] are selected on object 'Object Repository/lab/Page_KDMC/select_--Select--Automatic x-r'

2018-05-28 10:01:48 - [TEST_STEP][PASSED] - setText: Text '10' is set on object 'Object Repository/lab/Page_KDMC/input_txttreat'

2018-05-28 10:01:48 - [MESSAGE][PASSED] - Text '10' is set on object 'Object Repository/lab/Page_KDMC/input_txttreat'

2018-05-28 10:01:48 - [TEST_STEP][PASSED] - click: Object: 'Object Repository/lab/Page_KDMC/button_Add' is clicked on

2018-05-28 10:01:48 - [MESSAGE][PASSED] - Object: 'Object Repository/lab/Page_KDMC/button_Add' is clicked on

2018-05-28 10:01:48 - [TEST_STEP][PASSED] - selectOptionByIndex: All options with index in [3] are selected on object 'Object Repository/lab/Page_KDMC/select_--Select--Schedule 4X-r'

2018-05-28 10:01:48 - [MESSAGE][PASSED] - All options with index in [3] are selected on object 'Object Repository/lab/Page_KDMC/select_--Select--Schedule 4X-r'

2018-05-28 10:01:48 - [TEST_STEP][PASSED] - selectOptionByIndex: All options with index in [7] are selected on object 'Object Repository/lab/Page_KDMC/select_--Select--Automatic x-r'

2018-05-28 10:01:49 - [MESSAGE][PASSED] - All options with index in [7] are selected on object 'Object Repository/lab/Page_KDMC/select_--Select--Automatic x-r'

2018-05-28 10:01:49 - [TEST_STEP][PASSED] - setText: Text '10' is set on object 'Object Repository/lab/Page_KDMC/input_txttreat'

2018-05-28 10:01:49 - [MESSAGE][PASSED] - Text '10' is set on object 'Object Repository/lab/Page_KDMC/input_txttreat'

2018-05-28 10:01:49 - [TEST_STEP][PASSED] - click: Object: 'Object Repository/lab/Page_KDMC/button_Add' is clicked on

2018-05-28 10:01:49 - [MESSAGE][PASSED] - Object: 'Object Repository/lab/Page_KDMC/button_Add' is clicked on

2018-05-28 10:01:49 - [TEST_STEP][PASSED] - selectOptionByIndex: All options with index in [3] are selected on object 'Object Repository/lab/Page_KDMC/select_--Select--Schedule 4X-r'

2018-05-28 10:01:49 - [MESSAGE][PASSED] - All options with index in [3] are selected on object 'Object Repository/lab/Page_KDMC/select_--Select--Schedule 4X-r'

2018-05-28 10:01:49 - [TEST_STEP][PASSED] - selectOptionByIndex: All options with index in [8] are selected on object 'Object Repository/lab/Page_KDMC/select_--Select--Automatic x-r'

2018-05-28 10:01:49 - [MESSAGE][PASSED] - All options with index in [8] are selected on object 'Object Repository/lab/Page_KDMC/select_--Select--Automatic x-r'

2018-05-28 10:01:49 - [TEST_STEP][PASSED] - setText: Text '10' is set on object 'Object Repository/lab/Page_KDMC/input_txttreat'

2018-05-28 10:01:49 - [MESSAGE][PASSED] - Text '10' is set on object 'Object Repository/lab/Page_KDMC/input_txttreat'

2018-05-28 10:01:49 - [TEST_STEP][PASSED] - click: Object: 'Object Repository/lab/Page_KDMC/button_Add' is clicked on

2018-05-28 10:01:49 - [MESSAGE][PASSED] - Object: 'Object Repository/lab/Page_KDMC/button_Add' is clicked on

2018-05-28 10:01:49 - [TEST_STEP][PASSED] - selectOptionByIndex: All options with index in [3] are selected on object 'Object Repository/lab/Page_KDMC/select_--Select--Schedule 4X-r'

2018-05-28 10:01:49 - [MESSAGE][PASSED] - All options with index in [3] are selected on object 'Object Repository/lab/Page_KDMC/select_--Select--Schedule 4X-r'

2018-05-28 10:01:49 - [TEST_STEP][PASSED] - selectOptionByIndex: All options with index in [9] are selected on object 'Object Repository/lab/Page_KDMC/select_--Select--Automatic x-r'

2018-05-28 10:01:50 - [MESSAGE][PASSED] - All options with index in [9] are selected on object 'Object Repository/lab/Page_KDMC/select_--Select--Automatic x-r'

2018-05-28 10:01:50 - [TEST_STEP][PASSED] - setText: Text '10' is set on object 'Object Repository/lab/Page_KDMC/input_txttreat'

2018-05-28 10:01:50 - [MESSAGE][PASSED] - Text '10' is set on object 'Object Repository/lab/Page_KDMC/input_txttreat'

2018-05-28 10:01:50 - [TEST_STEP][PASSED] - click: Object: 'Object Repository/lab/Page_KDMC/button_Add' is clicked on

2018-05-28 10:01:50 - [MESSAGE][PASSED] - Object: 'Object Repository/lab/Page_KDMC/button_Add' is clicked on

2018-05-28 10:01:50 - [TEST_STEP][PASSED] - selectOptionByIndex: All options with index in [3] are selected on object 'Object Repository/lab/Page_KDMC/select_--Select--Schedule 4X-r'

2018-05-28 10:01:50 - [MESSAGE][PASSED] - All options with index in [3] are selected on object 'Object Repository/lab/Page_KDMC/select_--Select--Schedule 4X-r'

2018-05-28 10:01:50 - [TEST_STEP][PASSED] - selectOptionByIndex: All options with index in [10] are selected on object 'Object Repository/lab/Page_KDMC/select_--Select--Automatic x-r'

2018-05-28 10:01:50 - [MESSAGE][PASSED] - All options with index in [10] are selected on object 'Object Repository/lab/Page_KDMC/select_--Select--Automatic x-r'

2018-05-28 10:01:50 - [TEST_STEP][PASSED] - setText: Text '10' is set on object 'Object Repository/lab/Page_KDMC/input_txttreat'

2018-05-28 10:01:50 - [MESSAGE][PASSED] - Text '10' is set on object 'Object Repository/lab/Page_KDMC/input_txttreat'

2018-05-28 10:01:50 - [TEST_STEP][PASSED] - click: Object: 'Object Repository/lab/Page_KDMC/button_Add' is clicked on

2018-05-28 10:01:50 - [MESSAGE][PASSED] - Object: 'Object Repository/lab/Page_KDMC/button_Add' is clicked on

2018-05-28 10:01:50 - [TEST_STEP][PASSED] - selectOptionByIndex: All options with index in [3] are selected on object 'Object Repository/lab/Page_KDMC/select_--Select--Schedule 4X-r'

2018-05-28 10:01:50 - [MESSAGE][PASSED] - All options with index in [3] are selected on object 'Object Repository/lab/Page_KDMC/select_--Select--Schedule 4X-r'

2018-05-28 10:01:50 - [TEST_STEP][PASSED] - selectOptionByIndex: All options with index in [11] are selected on object 'Object Repository/lab/Page_KDMC/select_--Select--Automatic x-r'

2018-05-28 10:01:51 - [MESSAGE][PASSED] - All options with index in [11] are selected on object 'Object Repository/lab/Page_KDMC/select_--Select--Automatic x-r'

2018-05-28 10:01:51 - [TEST_STEP][PASSED] - setText: Text '10' is set on object 'Object Repository/lab/Page_KDMC/input_txttreat'

2018-05-28 10:01:51 - [MESSAGE][PASSED] - Text '10' is set on object 'Object Repository/lab/Page_KDMC/input_txttreat'

2018-05-28 10:01:51 - [TEST_STEP][PASSED] - click: Object: 'Object Repository/lab/Page_KDMC/button_Add' is clicked on

2018-05-28 10:01:51 - [MESSAGE][PASSED] - Object: 'Object Repository/lab/Page_KDMC/button_Add' is clicked on

2018-05-28 10:01:51 - [TEST_STEP][PASSED] - selectOptionByIndex: All options with index in [3] are selected on object 'Object Repository/lab/Page_KDMC/select_--Select--Schedule 4X-r'

2018-05-28 10:01:51 - [MESSAGE][PASSED] - All options with index in [3] are selected on object 'Object Repository/lab/Page_KDMC/select_--Select--Schedule 4X-r'

2018-05-28 10:01:51 - [TEST_STEP][PASSED] - selectOptionByIndex: All options with index in [12] are selected on object 'Object Repository/lab/Page_KDMC/select_--Select--Automatic x-r'

2018-05-28 10:01:51 - [MESSAGE][PASSED] - All options with index in [12] are selected on object 'Object Repository/lab/Page_KDMC/select_--Select--Automatic x-r'

2018-05-28 10:01:51 - [TEST_STEP][PASSED] - setText: Text '10' is set on object 'Object Repository/lab/Page_KDMC/input_txttreat'

2018-05-28 10:01:51 - [MESSAGE][PASSED] - Text '10' is set on object 'Object Repository/lab/Page_KDMC/input_txttreat'

2018-05-28 10:01:51 - [TEST_STEP][PASSED] - click: Object: 'Object Repository/lab/Page_KDMC/button_Add' is clicked on

2018-05-28 10:01:51 - [MESSAGE][PASSED] - Object: 'Object Repository/lab/Page_KDMC/button_Add' is clicked on

2018-05-28 10:01:51 - [TEST_STEP][PASSED] - selectOptionByIndex: All options with index in [3] are selected on object 'Object Repository/lab/Page_KDMC/select_--Select--Schedule 4X-r'

2018-05-28 10:01:51 - [MESSAGE][PASSED] - All options with index in [3] are selected on object 'Object Repository/lab/Page_KDMC/select_--Select--Schedule 4X-r'

2018-05-28 10:01:51 - [TEST_STEP][PASSED] - selectOptionByIndex: All options with index in [13] are selected on object 'Object Repository/lab/Page_KDMC/select_--Select--Automatic x-r'

2018-05-28 10:01:52 - [MESSAGE][PASSED] - All options with index in [13] are selected on object 'Object Repository/lab/Page_KDMC/select_--Select--Automatic x-r'

2018-05-28 10:01:52 - [TEST_STEP][PASSED] - setText: Text '10' is set on object 'Object Repository/lab/Page_KDMC/input_txttreat'

2018-05-28 10:01:52 - [MESSAGE][PASSED] - Text '10' is set on object 'Object Repository/lab/Page_KDMC/input_txttreat'

2018-05-28 10:01:52 - [TEST_STEP][PASSED] - click: Object: 'Object Repository/lab/Page_KDMC/button_Add' is clicked on

2018-05-28 10:01:52 - [MESSAGE][PASSED] - Object: 'Object Repository/lab/Page_KDMC/button_Add' is clicked on

2018-05-28 10:01:52 - [TEST_STEP][PASSED] - Statement - RN1 = com.kms.katalon.core.webui.keyword.WebUiBuiltInKeywords.getAttribute(com.kms.katalon.core.testobject.ObjectRepository.findTestObject(lab/Page_KDMC/input_txtno), "value"): Attribute 'value' of object 'Object Repository/lab/Page_KDMC/input_txtno' is: 'LRNO/28052018/199'

2018-05-28 10:01:52 - [MESSAGE][PASSED] - Attribute 'value' of object 'Object Repository/lab/Page_KDMC/input_txtno' is: 'LRNO/28052018/199'

2018-05-28 10:01:52 - [TEST_STEP][PASSED] - Statement - out.println(RN1): null

2018-05-28 10:01:52 - [TEST_STEP][PASSED] - Statement - RID = RN1.split("/")[2]: null

2018-05-28 10:01:52 - [TEST_STEP][PASSED] - scrollToElement: Scroll to object 'Object Repository/lab/Page_KDMC/input_btnsave' successfully

2018-05-28 10:01:52 - [MESSAGE][PASSED] - Scroll to object 'Object Repository/lab/Page_KDMC/input_btnsave' successfully

2018-05-28 10:01:52 - [TEST_STEP][PASSED] - click: Object: 'Object Repository/lab/Page_KDMC/input_btnsave' is clicked on

2018-05-28 10:01:52 - [MESSAGE][PASSED] - Object: 'Object Repository/lab/Page_KDMC/input_btnsave' is clicked on

2018-05-28 10:01:52 - [TEST_STEP][PASSED] - delay: Delayed 3 second(s)

2018-05-28 10:01:55 - [MESSAGE][PASSED] - Delayed 3 second(s)

2018-05-28 10:01:55 - [TEST_STEP][PASSED] - click: Object: 'Object Repository/lab/Page_KDMC/button_OK' is clicked on

2018-05-28 10:01:56 - [MESSAGE][PASSED] - Object: 'Object Repository/lab/Page_KDMC/button_OK' is clicked on

2018-05-28 10:01:56 - [TEST_STEP][PASSED] - delay: Delayed 3 second(s)

2018-05-28 10:01:59 - [MESSAGE][PASSED] - Delayed 3 second(s)

2018-05-28 10:01:59 - [TEST_STEP][PASSED] - click: Object: 'Object Repository/lab/Page_KDMC/a_dropdown-toggle' is clicked on

2018-05-28 10:01:59 - [MESSAGE][PASSED] - Object: 'Object Repository/lab/Page_KDMC/a_dropdown-toggle' is clicked on

2018-05-28 10:01:59 - [TEST_STEP][PASSED] - click: Object: 'Object Repository/lab/Page_KDMC/a_Sign out' is clicked on

2018-05-28 10:02:01 - [MESSAGE][PASSED] - Object: 'Object Repository/lab/Page_KDMC/a_Sign out' is clicked on

2018-05-28 10:02:01 - [TEST_STEP][PASSED] - delay: Delayed 3 second(s)

2018-05-28 10:02:04 - [MESSAGE][PASSED] - Delayed 3 second(s)

2018-05-28 10:02:04 - [TEST_STEP][PASSED] - click: Object: 'Object Repository/lab/Page_KDMC/a_CMO' is clicked on

2018-05-28 10:02:05 - [MESSAGE][PASSED] - Object: 'Object Repository/lab/Page_KDMC/a_CMO' is clicked on

2018-05-28 10:02:05 - [TEST_STEP][PASSED] - setText: Text 'guru' is set on object 'Object Repository/lab/Page_CMO login/input_txtusername'

2018-05-28 10:02:05 - [MESSAGE][PASSED] - Text 'guru' is set on object 'Object Repository/lab/Page_CMO login/input_txtusername'

2018-05-28 10:02:05 - [TEST_STEP][PASSED] - setText: Text '123' is set on object 'Object Repository/lab/Page_CMO login/input_txtpassword'

2018-05-28 10:02:05 - [MESSAGE][PASSED] - Text '123' is set on object 'Object Repository/lab/Page_CMO login/input_txtpassword'

2018-05-28 10:02:05 - [TEST_STEP][PASSED] - delay: Delayed 3 second(s)

2018-05-28 10:02:08 - [MESSAGE][PASSED] - Delayed 3 second(s)

2018-05-28 10:02:08 - [TEST_STEP][PASSED] - click: Object: 'Object Repository/lab/Page_CMO login/button_Sign in' is clicked on

2018-05-28 10:02:10 - [MESSAGE][PASSED] - Object: 'Object Repository/lab/Page_CMO login/button_Sign in' is clicked on

2018-05-28 10:02:10 - [TEST_STEP][PASSED] - click: Object: 'Object Repository/lab/Page_KDMC - CMO/span_Department Wise Request' is clicked on

2018-05-28 10:02:12 - [MESSAGE][PASSED] - Object: 'Object Repository/lab/Page_KDMC - CMO/span_Department Wise Request' is clicked on

2018-05-28 10:02:12 - [TEST_STEP][PASSED] - selectOptionByIndex: All options with index in [4] are selected on object 'Object Repository/lab/Page_KDMC - CMO/select_--ALL--'

2018-05-28 10:02:12 - [MESSAGE][PASSED] - All options with index in [4] are selected on object 'Object Repository/lab/Page_KDMC - CMO/select_--ALL--'

2018-05-28 10:02:12 - [TEST_STEP][PASSED] - selectOptionByIndex: All options with index in [1] are selected on object 'Object Repository/lab/Page_KDMC - CMO/select_--ALL--                _1'

2018-05-28 10:02:12 - [MESSAGE][PASSED] - All options with index in [1] are selected on object 'Object Repository/lab/Page_KDMC - CMO/select_--ALL--                _1'

2018-05-28 10:02:12 - [TEST_STEP][PASSED] - click: Object: 'Object Repository/lab/Page_KDMC - CMO/input_btnsearch' is clicked on

2018-05-28 10:02:12 - [MESSAGE][PASSED] - Object: 'Object Repository/lab/Page_KDMC - CMO/input_btnsearch' is clicked on

2018-05-28 10:02:12 - [TEST_STEP][PASSED] - Statement - ID = com.kms.katalon.core.webui.keyword.WebUiBuiltInKeywords.modifyObjectProperty(com.kms.katalon.core.testobject.ObjectRepository.findTestObject(lab/Page_KDMC - CMO/input_1), "xpath", "equals", "//*[@id=" + RID + "]", true): Modify property of object successfully

2018-05-28 10:02:12 - [MESSAGE][PASSED] - Modify property of object successfully

2018-05-28 10:02:12 - [TEST_STEP][PASSED] - click: Object: 'Object Repository/lab/Page_KDMC - CMO/input_1' is clicked on

2018-05-28 10:02:13 - [MESSAGE][PASSED] - Object: 'Object Repository/lab/Page_KDMC - CMO/input_1' is clicked on

2018-05-28 10:02:13 - [TEST_STEP][PASSED] - delay: Delayed 2 second(s)

2018-05-28 10:02:15 - [MESSAGE][PASSED] - Delayed 2 second(s)

2018-05-28 10:02:15 - [TEST_STEP][PASSED] - selectOptionByIndex: All options with index in [1] are selected on object 'Object Repository/lab/Page_KDMC - CMO/select_--Select--'

2018-05-28 10:02:15 - [MESSAGE][PASSED] - All options with index in [1] are selected on object 'Object Repository/lab/Page_KDMC - CMO/select_--Select--'

2018-05-28 10:02:15 - [TEST_STEP][PASSED] - click: Object: 'Object Repository/lab/Page_KDMC - CMO/input_btnupdate' is clicked on

2018-05-28 10:02:15 - [MESSAGE][PASSED] - Object: 'Object Repository/lab/Page_KDMC - CMO/input_btnupdate' is clicked on

2018-05-28 10:02:15 - [TEST_STEP][PASSED] - delay: Delayed 2 second(s)

2018-05-28 10:02:17 - [MESSAGE][PASSED] - Delayed 2 second(s)

2018-05-28 10:02:17 - [TEST_STEP][PASSED] - click: Object: 'Object Repository/lab/Page_KDMC - CMO/button_OK' is clicked on

2018-05-28 10:02:18 - [MESSAGE][PASSED] - Object: 'Object Repository/lab/Page_KDMC - CMO/button_OK' is clicked on

2018-05-28 10:02:18 - [TEST_STEP][PASSED] - delay: Delayed 3 second(s)

2018-05-28 10:02:21 - [MESSAGE][PASSED] - Delayed 3 second(s)

2018-05-28 10:02:21 - [TEST_STEP][PASSED] - click: Object: 'Object Repository/lab/Page_KDMC - CMO/a_dropdown-toggle' is clicked on

2018-05-28 10:02:22 - [MESSAGE][PASSED] - Object: 'Object Repository/lab/Page_KDMC - CMO/a_dropdown-toggle' is clicked on

2018-05-28 10:02:22 - [TEST_STEP][PASSED] - click: Object: 'Object Repository/lab/Page_KDMC - CMO/a_Sign out' is clicked on

2018-05-28 10:02:23 - [MESSAGE][PASSED] - Object: 'Object Repository/lab/Page_KDMC - CMO/a_Sign out' is clicked on

2018-05-28 10:02:23 - [TEST_STEP][PASSED] - delay: Delayed 3 second(s)

2018-05-28 10:02:26 - [MESSAGE][PASSED] - Delayed 3 second(s)

2018-05-28 10:02:26 - [TEST_STEP][PASSED] - click: Object: 'Object Repository/lab/Page_KDMC/a_Divisional Store' is clicked on

2018-05-28 10:02:27 - [MESSAGE][PASSED] - Object: 'Object Repository/lab/Page_KDMC/a_Divisional Store' is clicked on

2018-05-28 10:02:27 - [TEST_STEP][PASSED] - setText: Text 'ragu' is set on object 'Object Repository/lab/Page_Divisonal Store Login/input_txtusername'

2018-05-28 10:02:27 - [MESSAGE][PASSED] - Text 'ragu' is set on object 'Object Repository/lab/Page_Divisonal Store Login/input_txtusername'

2018-05-28 10:02:27 - [TEST_STEP][PASSED] - setText: Text '123' is set on object 'Object Repository/lab/Page_Divisonal Store Login/input_txtpassword'

2018-05-28 10:02:27 - [MESSAGE][PASSED] - Text '123' is set on object 'Object Repository/lab/Page_Divisonal Store Login/input_txtpassword'

2018-05-28 10:02:27 - [TEST_STEP][PASSED] - delay: Delayed 3 second(s)

2018-05-28 10:02:30 - [MESSAGE][PASSED] - Delayed 3 second(s)

2018-05-28 10:02:30 - [TEST_STEP][PASSED] - click: Object: 'Object Repository/lab/Page_Divisonal Store Login/button_Sign in' is clicked on

2018-05-28 10:02:32 - [MESSAGE][PASSED] - Object: 'Object Repository/lab/Page_Divisonal Store Login/button_Sign in' is clicked on

2018-05-28 10:02:32 - [TEST_STEP][PASSED] - delay: Delayed 3 second(s)

2018-05-28 10:02:35 - [MESSAGE][PASSED] - Delayed 3 second(s)

2018-05-28 10:02:35 - [TEST_STEP][PASSED] - click: Object: 'Object Repository/lab/Page_Store/a_Lab Request' is clicked on

2018-05-28 10:02:35 - [MESSAGE][PASSED] - Object: 'Object Repository/lab/Page_Store/a_Lab Request' is clicked on

2018-05-28 10:02:35 - [TEST_STEP][PASSED] - click: Object: 'Object Repository/lab/Page_Store/a_Request Item Lab' is clicked on

2018-05-28 10:02:36 - [MESSAGE][PASSED] - Object: 'Object Repository/lab/Page_Store/a_Request Item Lab' is clicked on

2018-05-28 10:02:36 - [TEST_STEP][PASSED] - Statement - ChooseRequest = com.kms.katalon.core.webui.keyword.WebUiBuiltInKeywords.modifyObjectProperty(com.kms.katalon.core.testobject.ObjectRepository.findTestObject(lab/Page_Store/input_1), "xpath", "equals", "//*[@id=" + RID + "]", true): Modify property of object successfully

2018-05-28 10:02:36 - [MESSAGE][PASSED] - Modify property of object successfully

2018-05-28 10:02:36 - [TEST_STEP][PASSED] - click: Object: 'Object Repository/lab/Page_Store/input_1' is clicked on

2018-05-28 10:02:37 - [MESSAGE][PASSED] - Object: 'Object Repository/lab/Page_Store/input_1' is clicked on

2018-05-28 10:02:37 - [TEST_STEP][PASSED] - delay: Delayed 2 second(s)

2018-05-28 10:02:39 - [MESSAGE][PASSED] - Delayed 2 second(s)

2018-05-28 10:02:39 - [TEST_STEP][PASSED] - Statement - selectedoptions = com.kms.katalon.core.webui.keyword.WebUiBuiltInKeywords.getNumberOfTotalOption(com.kms.katalon.core.testobject.ObjectRepository.findTestObject(lab/Page_Store/select_--Select--E.C.G. Jelly)): 14 options of object 'Object Repository/lab/Page_Store/select_--Select--E.C.G. Jelly' counted

2018-05-28 10:02:39 - [MESSAGE][PASSED] - 14 options of object 'Object Repository/lab/Page_Store/select_--Select--E.C.G. Jelly' counted

2018-05-28 10:02:39 - [TEST_STEP][PASSED] - Statement - For ([a = 1, a <= selectedoptions - 1, (a++)]): null

2018-05-28 10:02:39 - [TEST_STEP][PASSED] - selectOptionByIndex: All options with index in [1] are selected on object 'Object Repository/lab/Page_Store/select_--Select--E.C.G. Jelly'

2018-05-28 10:02:39 - [MESSAGE][PASSED] - All options with index in [1] are selected on object 'Object Repository/lab/Page_Store/select_--Select--E.C.G. Jelly'

2018-05-28 10:02:39 - [TEST_STEP][PASSED] - delay: Delayed 2 second(s)

2018-05-28 10:02:41 - [MESSAGE][PASSED] - Delayed 2 second(s)

2018-05-28 10:02:41 - [TEST_STEP][PASSED] - Statement - RequestedQty = com.kms.katalon.core.webui.keyword.WebUiBuiltInKeywords.getAttribute(com.kms.katalon.core.testobject.ObjectRepository.findTestObject(lab/Page_Store/input_txttotal), "value"): Attribute 'value' of object 'Object Repository/lab/Page_Store/input_txttotal' is: '10'

2018-05-28 10:02:41 - [MESSAGE][PASSED] - Attribute 'value' of object 'Object Repository/lab/Page_Store/input_txttotal' is: '10'

2018-05-28 10:02:41 - [TEST_STEP][PASSED] - Statement - out.println("Requested QTY : " + RequestedQty): null

2018-05-28 10:02:41 - [TEST_STEP][PASSED] - Statement - BatchNumber = com.kms.katalon.core.webui.keyword.WebUiBuiltInKeywords.getNumberOfTotalOption(com.kms.katalon.core.testobject.ObjectRepository.findTestObject(lab/Page_Store/select_--Select--BA50)): 3 options of object 'Object Repository/lab/Page_Store/select_--Select--BA50' counted

2018-05-28 10:02:41 - [MESSAGE][PASSED] - 3 options of object 'Object Repository/lab/Page_Store/select_--Select--BA50' counted

2018-05-28 10:02:41 - [TEST_STEP][PASSED] - Statement - For ([g = 1, g <= BatchNumber - 1, (g++)]): null

2018-05-28 10:02:41 - [TEST_STEP][PASSED] - selectOptionByIndex: All options with index in [1] are selected on object 'Object Repository/lab/Page_Store/select_--Select--BA50'

2018-05-28 10:02:41 - [MESSAGE][PASSED] - All options with index in [1] are selected on object 'Object Repository/lab/Page_Store/select_--Select--BA50'

2018-05-28 10:02:41 - [TEST_STEP][PASSED] - Statement - Try: null

2018-05-28 10:02:41 - [TEST_STEP][PASSED] - Statement - StockQty = com.kms.katalon.core.webui.keyword.WebUiBuiltInKeywords.getAttribute(com.kms.katalon.core.testobject.ObjectRepository.findTestObject(lab/Page_Store/input_txtprice), "value"): Attribute 'value' of object 'Object Repository/lab/Page_Store/input_txtprice' is: '560'

2018-05-28 10:02:42 - [MESSAGE][PASSED] - Attribute 'value' of object 'Object Repository/lab/Page_Store/input_txtprice' is: '560'

2018-05-28 10:02:42 - [TEST_STEP][PASSED] - Statement - out.println("Stock QTY : " + StockQty): null

2018-05-28 10:02:42 - [TEST_STEP][PASSED] - delay: Delayed 2 second(s)

2018-05-28 10:02:44 - [MESSAGE][PASSED] - Delayed 2 second(s)

2018-05-28 10:02:44 - [TEST_STEP][PASSED] - Statement - If (java.lang.Integer.valueOf(StockQty) >= java.lang.Integer.valueOf(RequestedQty)): null

2018-05-28 10:02:44 - [TEST_STEP][PASSED] - setText: Text '10' is set on object 'Object Repository/lab/Page_Store/input_txtqty'

2018-05-28 10:02:44 - [MESSAGE][PASSED] - Text '10' is set on object 'Object Repository/lab/Page_Store/input_txtqty'

2018-05-28 10:02:44 - [TEST_STEP][PASSED] - click: Object: 'Object Repository/lab/Page_Store/button_Add' is clicked on

2018-05-28 10:02:44 - [MESSAGE][PASSED] - Object: 'Object Repository/lab/Page_Store/button_Add' is clicked on

2018-05-28 10:02:44 - [TEST_STEP][PASSED] - Statement - Break: null

2018-05-28 10:02:44 - [TEST_STEP][PASSED] - selectOptionByIndex: All options with index in [2] are selected on object 'Object Repository/lab/Page_Store/select_--Select--E.C.G. Jelly'

2018-05-28 10:02:44 - [MESSAGE][PASSED] - All options with index in [2] are selected on object 'Object Repository/lab/Page_Store/select_--Select--E.C.G. Jelly'

2018-05-28 10:02:44 - [TEST_STEP][PASSED] - delay: Delayed 2 second(s)

2018-05-28 10:02:46 - [MESSAGE][PASSED] - Delayed 2 second(s)

2018-05-28 10:02:46 - [TEST_STEP][PASSED] - Statement - RequestedQty = com.kms.katalon.core.webui.keyword.WebUiBuiltInKeywords.getAttribute(com.kms.katalon.core.testobject.ObjectRepository.findTestObject(lab/Page_Store/input_txttotal), "value"): Attribute 'value' of object 'Object Repository/lab/Page_Store/input_txttotal' is: '10'

2018-05-28 10:02:46 - [MESSAGE][PASSED] - Attribute 'value' of object 'Object Repository/lab/Page_Store/input_txttotal' is: '10'

2018-05-28 10:02:46 - [TEST_STEP][PASSED] - Statement - out.println("Requested QTY : " + RequestedQty): null

2018-05-28 10:02:46 - [TEST_STEP][PASSED] - Statement - BatchNumber = com.kms.katalon.core.webui.keyword.WebUiBuiltInKeywords.getNumberOfTotalOption(com.kms.katalon.core.testobject.ObjectRepository.findTestObject(lab/Page_Store/select_--Select--BA50)): 4 options of object 'Object Repository/lab/Page_Store/select_--Select--BA50' counted

2018-05-28 10:02:46 - [MESSAGE][PASSED] - 4 options of object 'Object Repository/lab/Page_Store/select_--Select--BA50' counted

2018-05-28 10:02:46 - [TEST_STEP][PASSED] - Statement - For ([g = 1, g <= BatchNumber - 1, (g++)]): null

2018-05-28 10:02:46 - [TEST_STEP][PASSED] - selectOptionByIndex: All options with index in [1] are selected on object 'Object Repository/lab/Page_Store/select_--Select--BA50'

2018-05-28 10:02:46 - [MESSAGE][PASSED] - All options with index in [1] are selected on object 'Object Repository/lab/Page_Store/select_--Select--BA50'

2018-05-28 10:02:46 - [TEST_STEP][PASSED] - Statement - Try: null

2018-05-28 10:02:46 - [TEST_STEP][PASSED] - Statement - StockQty = com.kms.katalon.core.webui.keyword.WebUiBuiltInKeywords.getAttribute(com.kms.katalon.core.testobject.ObjectRepository.findTestObject(lab/Page_Store/input_txtprice), "value"): Attribute 'value' of object 'Object Repository/lab/Page_Store/input_txtprice' is: '90'

2018-05-28 10:02:46 - [MESSAGE][PASSED] - Attribute 'value' of object 'Object Repository/lab/Page_Store/input_txtprice' is: '90'

2018-05-28 10:02:46 - [TEST_STEP][PASSED] - Statement - out.println("Stock QTY : " + StockQty): null

2018-05-28 10:02:46 - [TEST_STEP][PASSED] - delay: Delayed 2 second(s)

2018-05-28 10:02:48 - [MESSAGE][PASSED] - Delayed 2 second(s)

2018-05-28 10:02:48 - [TEST_STEP][PASSED] - Statement - If (java.lang.Integer.valueOf(StockQty) >= java.lang.Integer.valueOf(RequestedQty)): null

2018-05-28 10:02:48 - [TEST_STEP][PASSED] - setText: Text '10' is set on object 'Object Repository/lab/Page_Store/input_txtqty'

2018-05-28 10:02:48 - [MESSAGE][PASSED] - Text '10' is set on object 'Object Repository/lab/Page_Store/input_txtqty'

2018-05-28 10:02:48 - [TEST_STEP][PASSED] - click: Object: 'Object Repository/lab/Page_Store/button_Add' is clicked on

2018-05-28 10:02:48 - [MESSAGE][PASSED] - Object: 'Object Repository/lab/Page_Store/button_Add' is clicked on

2018-05-28 10:02:48 - [TEST_STEP][PASSED] - Statement - Break: null

2018-05-28 10:02:48 - [TEST_STEP][PASSED] - selectOptionByIndex: All options with index in [3] are selected on object 'Object Repository/lab/Page_Store/select_--Select--E.C.G. Jelly'

2018-05-28 10:02:49 - [MESSAGE][PASSED] - All options with index in [3] are selected on object 'Object Repository/lab/Page_Store/select_--Select--E.C.G. Jelly'

2018-05-28 10:02:49 - [TEST_STEP][PASSED] - delay: Delayed 2 second(s)

2018-05-28 10:02:51 - [MESSAGE][PASSED] - Delayed 2 second(s)

2018-05-28 10:02:51 - [TEST_STEP][PASSED] - Statement - RequestedQty = com.kms.katalon.core.webui.keyword.WebUiBuiltInKeywords.getAttribute(com.kms.katalon.core.testobject.ObjectRepository.findTestObject(lab/Page_Store/input_txttotal), "value"): Attribute 'value' of object 'Object Repository/lab/Page_Store/input_txttotal' is: '10'

2018-05-28 10:02:51 - [MESSAGE][PASSED] - Attribute 'value' of object 'Object Repository/lab/Page_Store/input_txttotal' is: '10'

2018-05-28 10:02:51 - [TEST_STEP][PASSED] - Statement - out.println("Requested QTY : " + RequestedQty): null

2018-05-28 10:02:51 - [TEST_STEP][PASSED] - Statement - BatchNumber = com.kms.katalon.core.webui.keyword.WebUiBuiltInKeywords.getNumberOfTotalOption(com.kms.katalon.core.testobject.ObjectRepository.findTestObject(lab/Page_Store/select_--Select--BA50)): 2 options of object 'Object Repository/lab/Page_Store/select_--Select--BA50' counted

2018-05-28 10:02:51 - [MESSAGE][PASSED] - 2 options of object 'Object Repository/lab/Page_Store/select_--Select--BA50' counted

2018-05-28 10:02:51 - [TEST_STEP][PASSED] - Statement - For ([g = 1, g <= BatchNumber - 1, (g++)]): null

2018-05-28 10:02:51 - [TEST_STEP][PASSED] - selectOptionByIndex: All options with index in [1] are selected on object 'Object Repository/lab/Page_Store/select_--Select--BA50'

2018-05-28 10:02:51 - [MESSAGE][PASSED] - All options with index in [1] are selected on object 'Object Repository/lab/Page_Store/select_--Select--BA50'

2018-05-28 10:02:51 - [TEST_STEP][PASSED] - Statement - Try: null

2018-05-28 10:02:51 - [TEST_STEP][PASSED] - Statement - StockQty = com.kms.katalon.core.webui.keyword.WebUiBuiltInKeywords.getAttribute(com.kms.katalon.core.testobject.ObjectRepository.findTestObject(lab/Page_Store/input_txtprice), "value"): Attribute 'value' of object 'Object Repository/lab/Page_Store/input_txtprice' is: '600'

2018-05-28 10:02:51 - [MESSAGE][PASSED] - Attribute 'value' of object 'Object Repository/lab/Page_Store/input_txtprice' is: '600'

2018-05-28 10:02:51 - [TEST_STEP][PASSED] - Statement - out.println("Stock QTY : " + StockQty): null

2018-05-28 10:02:51 - [TEST_STEP][PASSED] - delay: Delayed 2 second(s)

2018-05-28 10:02:53 - [MESSAGE][PASSED] - Delayed 2 second(s)

2018-05-28 10:02:53 - [TEST_STEP][PASSED] - Statement - If (java.lang.Integer.valueOf(StockQty) >= java.lang.Integer.valueOf(RequestedQty)): null

2018-05-28 10:02:53 - [TEST_STEP][PASSED] - setText: Text '10' is set on object 'Object Repository/lab/Page_Store/input_txtqty'

2018-05-28 10:02:53 - [MESSAGE][PASSED] - Text '10' is set on object 'Object Repository/lab/Page_Store/input_txtqty'

2018-05-28 10:02:53 - [TEST_STEP][PASSED] - click: Object: 'Object Repository/lab/Page_Store/button_Add' is clicked on

2018-05-28 10:02:53 - [MESSAGE][PASSED] - Object: 'Object Repository/lab/Page_Store/button_Add' is clicked on

2018-05-28 10:02:53 - [TEST_STEP][PASSED] - Statement - Break: null

2018-05-28 10:02:53 - [TEST_STEP][PASSED] - selectOptionByIndex: All options with index in [4] are selected on object 'Object Repository/lab/Page_Store/select_--Select--E.C.G. Jelly'

2018-05-28 10:02:53 - [MESSAGE][PASSED] - All options with index in [4] are selected on object 'Object Repository/lab/Page_Store/select_--Select--E.C.G. Jelly'

2018-05-28 10:02:53 - [TEST_STEP][PASSED] - delay: Delayed 2 second(s)

2018-05-28 10:02:55 - [MESSAGE][PASSED] - Delayed 2 second(s)

2018-05-28 10:02:55 - [TEST_STEP][PASSED] - Statement - RequestedQty = com.kms.katalon.core.webui.keyword.WebUiBuiltInKeywords.getAttribute(com.kms.katalon.core.testobject.ObjectRepository.findTestObject(lab/Page_Store/input_txttotal), "value"): Attribute 'value' of object 'Object Repository/lab/Page_Store/input_txttotal' is: '10'

2018-05-28 10:02:55 - [MESSAGE][PASSED] - Attribute 'value' of object 'Object Repository/lab/Page_Store/input_txttotal' is: '10'

2018-05-28 10:02:55 - [TEST_STEP][PASSED] - Statement - out.println("Requested QTY : " + RequestedQty): null

2018-05-28 10:02:55 - [TEST_STEP][PASSED] - Statement - BatchNumber = com.kms.katalon.core.webui.keyword.WebUiBuiltInKeywords.getNumberOfTotalOption(com.kms.katalon.core.testobject.ObjectRepository.findTestObject(lab/Page_Store/select_--Select--BA50)): 3 options of object 'Object Repository/lab/Page_Store/select_--Select--BA50' counted

2018-05-28 10:02:55 - [MESSAGE][PASSED] - 3 options of object 'Object Repository/lab/Page_Store/select_--Select--BA50' counted

2018-05-28 10:02:55 - [TEST_STEP][PASSED] - Statement - For ([g = 1, g <= BatchNumber - 1, (g++)]): null

2018-05-28 10:02:55 - [TEST_STEP][PASSED] - selectOptionByIndex: All options with index in [1] are selected on object 'Object Repository/lab/Page_Store/select_--Select--BA50'

2018-05-28 10:02:55 - [MESSAGE][PASSED] - All options with index in [1] are selected on object 'Object Repository/lab/Page_Store/select_--Select--BA50'

2018-05-28 10:02:55 - [TEST_STEP][PASSED] - Statement - Try: null

2018-05-28 10:02:55 - [TEST_STEP][PASSED] - Statement - StockQty = com.kms.katalon.core.webui.keyword.WebUiBuiltInKeywords.getAttribute(com.kms.katalon.core.testobject.ObjectRepository.findTestObject(lab/Page_Store/input_txtprice), "value"): Attribute 'value' of object 'Object Repository/lab/Page_Store/input_txtprice' is: '560'

2018-05-28 10:02:55 - [MESSAGE][PASSED] - Attribute 'value' of object 'Object Repository/lab/Page_Store/input_txtprice' is: '560'

2018-05-28 10:02:55 - [TEST_STEP][PASSED] - Statement - out.println("Stock QTY : " + StockQty): null

2018-05-28 10:02:55 - [TEST_STEP][PASSED] - delay: Delayed 2 second(s)

2018-05-28 10:02:57 - [MESSAGE][PASSED] - Delayed 2 second(s)

2018-05-28 10:02:57 - [TEST_STEP][PASSED] - Statement - If (java.lang.Integer.valueOf(StockQty) >= java.lang.Integer.valueOf(RequestedQty)): null

2018-05-28 10:02:57 - [TEST_STEP][PASSED] - setText: Text '10' is set on object 'Object Repository/lab/Page_Store/input_txtqty'

2018-05-28 10:02:58 - [MESSAGE][PASSED] - Text '10' is set on object 'Object Repository/lab/Page_Store/input_txtqty'

2018-05-28 10:02:58 - [TEST_STEP][PASSED] - click: Object: 'Object Repository/lab/Page_Store/button_Add' is clicked on

2018-05-28 10:02:58 - [MESSAGE][PASSED] - Object: 'Object Repository/lab/Page_Store/button_Add' is clicked on

2018-05-28 10:02:58 - [TEST_STEP][PASSED] - Statement - Break: null

2018-05-28 10:02:58 - [TEST_STEP][PASSED] - selectOptionByIndex: All options with index in [5] are selected on object 'Object Repository/lab/Page_Store/select_--Select--E.C.G. Jelly'

2018-05-28 10:02:58 - [MESSAGE][PASSED] - All options with index in [5] are selected on object 'Object Repository/lab/Page_Store/select_--Select--E.C.G. Jelly'

2018-05-28 10:02:58 - [TEST_STEP][PASSED] - delay: Delayed 2 second(s)

2018-05-28 10:03:00 - [MESSAGE][PASSED] - Delayed 2 second(s)

2018-05-28 10:03:00 - [TEST_STEP][PASSED] - Statement - RequestedQty = com.kms.katalon.core.webui.keyword.WebUiBuiltInKeywords.getAttribute(com.kms.katalon.core.testobject.ObjectRepository.findTestObject(lab/Page_Store/input_txttotal), "value"): Attribute 'value' of object 'Object Repository/lab/Page_Store/input_txttotal' is: '10'

2018-05-28 10:03:00 - [MESSAGE][PASSED] - Attribute 'value' of object 'Object Repository/lab/Page_Store/input_txttotal' is: '10'

2018-05-28 10:03:00 - [TEST_STEP][PASSED] - Statement - out.println("Requested QTY : " + RequestedQty): null

2018-05-28 10:03:00 - [TEST_STEP][PASSED] - Statement - BatchNumber = com.kms.katalon.core.webui.keyword.WebUiBuiltInKeywords.getNumberOfTotalOption(com.kms.katalon.core.testobject.ObjectRepository.findTestObject(lab/Page_Store/select_--Select--BA50)): 2 options of object 'Object Repository/lab/Page_Store/select_--Select--BA50' counted

2018-05-28 10:03:00 - [MESSAGE][PASSED] - 2 options of object 'Object Repository/lab/Page_Store/select_--Select--BA50' counted

2018-05-28 10:03:00 - [TEST_STEP][PASSED] - Statement - For ([g = 1, g <= BatchNumber - 1, (g++)]): null

2018-05-28 10:03:00 - [TEST_STEP][PASSED] - selectOptionByIndex: All options with index in [1] are selected on object 'Object Repository/lab/Page_Store/select_--Select--BA50'

2018-05-28 10:03:00 - [MESSAGE][PASSED] - All options with index in [1] are selected on object 'Object Repository/lab/Page_Store/select_--Select--BA50'

2018-05-28 10:03:00 - [TEST_STEP][PASSED] - Statement - Try: null

2018-05-28 10:03:00 - [TEST_STEP][PASSED] - Statement - StockQty = com.kms.katalon.core.webui.keyword.WebUiBuiltInKeywords.getAttribute(com.kms.katalon.core.testobject.ObjectRepository.findTestObject(lab/Page_Store/input_txtprice), "value"): Attribute 'value' of object 'Object Repository/lab/Page_Store/input_txtprice' is: '520'

2018-05-28 10:03:00 - [MESSAGE][PASSED] - Attribute 'value' of object 'Object Repository/lab/Page_Store/input_txtprice' is: '520'

2018-05-28 10:03:00 - [TEST_STEP][PASSED] - Statement - out.println("Stock QTY : " + StockQty): null

2018-05-28 10:03:00 - [TEST_STEP][PASSED] - delay: Delayed 2 second(s)

2018-05-28 10:03:02 - [MESSAGE][PASSED] - Delayed 2 second(s)

2018-05-28 10:03:02 - [TEST_STEP][PASSED] - Statement - If (java.lang.Integer.valueOf(StockQty) >= java.lang.Integer.valueOf(RequestedQty)): null

2018-05-28 10:03:02 - [TEST_STEP][PASSED] - setText: Text '10' is set on object 'Object Repository/lab/Page_Store/input_txtqty'

2018-05-28 10:03:02 - [MESSAGE][PASSED] - Text '10' is set on object 'Object Repository/lab/Page_Store/input_txtqty'

2018-05-28 10:03:02 - [TEST_STEP][PASSED] - click: Object: 'Object Repository/lab/Page_Store/button_Add' is clicked on

2018-05-28 10:03:02 - [MESSAGE][PASSED] - Object: 'Object Repository/lab/Page_Store/button_Add' is clicked on

2018-05-28 10:03:02 - [TEST_STEP][PASSED] - Statement - Break: null

2018-05-28 10:03:02 - [TEST_STEP][PASSED] - selectOptionByIndex: All options with index in [6] are selected on object 'Object Repository/lab/Page_Store/select_--Select--E.C.G. Jelly'

2018-05-28 10:03:03 - [MESSAGE][PASSED] - All options with index in [6] are selected on object 'Object Repository/lab/Page_Store/select_--Select--E.C.G. Jelly'

2018-05-28 10:03:03 - [TEST_STEP][PASSED] - delay: Delayed 2 second(s)

2018-05-28 10:03:05 - [MESSAGE][PASSED] - Delayed 2 second(s)

2018-05-28 10:03:05 - [TEST_STEP][PASSED] - Statement - RequestedQty = com.kms.katalon.core.webui.keyword.WebUiBuiltInKeywords.getAttribute(com.kms.katalon.core.testobject.ObjectRepository.findTestObject(lab/Page_Store/input_txttotal), "value"): Attribute 'value' of object 'Object Repository/lab/Page_Store/input_txttotal' is: '10'

2018-05-28 10:03:05 - [MESSAGE][PASSED] - Attribute 'value' of object 'Object Repository/lab/Page_Store/input_txttotal' is: '10'

2018-05-28 10:03:05 - [TEST_STEP][PASSED] - Statement - out.println("Requested QTY : " + RequestedQty): null

2018-05-28 10:03:05 - [TEST_STEP][PASSED] - Statement - BatchNumber = com.kms.katalon.core.webui.keyword.WebUiBuiltInKeywords.getNumberOfTotalOption(com.kms.katalon.core.testobject.ObjectRepository.findTestObject(lab/Page_Store/select_--Select--BA50)): 3 options of object 'Object Repository/lab/Page_Store/select_--Select--BA50' counted

2018-05-28 10:03:05 - [MESSAGE][PASSED] - 3 options of object 'Object Repository/lab/Page_Store/select_--Select--BA50' counted

2018-05-28 10:03:05 - [TEST_STEP][PASSED] - Statement - For ([g = 1, g <= BatchNumber - 1, (g++)]): null

2018-05-28 10:03:05 - [TEST_STEP][PASSED] - selectOptionByIndex: All options with index in [1] are selected on object 'Object Repository/lab/Page_Store/select_--Select--BA50'

2018-05-28 10:03:05 - [MESSAGE][PASSED] - All options with index in [1] are selected on object 'Object Repository/lab/Page_Store/select_--Select--BA50'

2018-05-28 10:03:05 - [TEST_STEP][PASSED] - Statement - Try: null

2018-05-28 10:03:05 - [TEST_STEP][PASSED] - Statement - StockQty = com.kms.katalon.core.webui.keyword.WebUiBuiltInKeywords.getAttribute(com.kms.katalon.core.testobject.ObjectRepository.findTestObject(lab/Page_Store/input_txtprice), "value"): Attribute 'value' of object 'Object Repository/lab/Page_Store/input_txtprice' is: '580'

2018-05-28 10:03:05 - [MESSAGE][PASSED] - Attribute 'value' of object 'Object Repository/lab/Page_Store/input_txtprice' is: '580'

2018-05-28 10:03:05 - [TEST_STEP][PASSED] - Statement - out.println("Stock QTY : " + StockQty): null

2018-05-28 10:03:05 - [TEST_STEP][PASSED] - delay: Delayed 2 second(s)

2018-05-28 10:03:07 - [MESSAGE][PASSED] - Delayed 2 second(s)

2018-05-28 10:03:07 - [TEST_STEP][PASSED] - Statement - If (java.lang.Integer.valueOf(StockQty) >= java.lang.Integer.valueOf(RequestedQty)): null

2018-05-28 10:03:07 - [TEST_STEP][PASSED] - setText: Text '10' is set on object 'Object Repository/lab/Page_Store/input_txtqty'

2018-05-28 10:03:07 - [MESSAGE][PASSED] - Text '10' is set on object 'Object Repository/lab/Page_Store/input_txtqty'

2018-05-28 10:03:07 - [TEST_STEP][PASSED] - click: Object: 'Object Repository/lab/Page_Store/button_Add' is clicked on

2018-05-28 10:03:07 - [MESSAGE][PASSED] - Object: 'Object Repository/lab/Page_Store/button_Add' is clicked on

2018-05-28 10:03:07 - [TEST_STEP][PASSED] - Statement - Break: null

2018-05-28 10:03:07 - [TEST_STEP][PASSED] - selectOptionByIndex: All options with index in [7] are selected on object 'Object Repository/lab/Page_Store/select_--Select--E.C.G. Jelly'

2018-05-28 10:03:07 - [MESSAGE][PASSED] - All options with index in [7] are selected on object 'Object Repository/lab/Page_Store/select_--Select--E.C.G. Jelly'

2018-05-28 10:03:07 - [TEST_STEP][PASSED] - delay: Delayed 2 second(s)

2018-05-28 10:03:09 - [MESSAGE][PASSED] - Delayed 2 second(s)

2018-05-28 10:03:09 - [TEST_STEP][PASSED] - Statement - RequestedQty = com.kms.katalon.core.webui.keyword.WebUiBuiltInKeywords.getAttribute(com.kms.katalon.core.testobject.ObjectRepository.findTestObject(lab/Page_Store/input_txttotal), "value"): Attribute 'value' of object 'Object Repository/lab/Page_Store/input_txttotal' is: '10'

2018-05-28 10:03:09 - [MESSAGE][PASSED] - Attribute 'value' of object 'Object Repository/lab/Page_Store/input_txttotal' is: '10'

2018-05-28 10:03:09 - [TEST_STEP][PASSED] - Statement - out.println("Requested QTY : " + RequestedQty): null

2018-05-28 10:03:09 - [TEST_STEP][PASSED] - Statement - BatchNumber = com.kms.katalon.core.webui.keyword.WebUiBuiltInKeywords.getNumberOfTotalOption(com.kms.katalon.core.testobject.ObjectRepository.findTestObject(lab/Page_Store/select_--Select--BA50)): 3 options of object 'Object Repository/lab/Page_Store/select_--Select--BA50' counted

2018-05-28 10:03:09 - [MESSAGE][PASSED] - 3 options of object 'Object Repository/lab/Page_Store/select_--Select--BA50' counted

2018-05-28 10:03:09 - [TEST_STEP][PASSED] - Statement - For ([g = 1, g <= BatchNumber - 1, (g++)]): null

2018-05-28 10:03:09 - [TEST_STEP][PASSED] - selectOptionByIndex: All options with index in [1] are selected on object 'Object Repository/lab/Page_Store/select_--Select--BA50'

2018-05-28 10:03:09 - [MESSAGE][PASSED] - All options with index in [1] are selected on object 'Object Repository/lab/Page_Store/select_--Select--BA50'

2018-05-28 10:03:09 - [TEST_STEP][PASSED] - Statement - Try: null

2018-05-28 10:03:09 - [TEST_STEP][PASSED] - Statement - StockQty = com.kms.katalon.core.webui.keyword.WebUiBuiltInKeywords.getAttribute(com.kms.katalon.core.testobject.ObjectRepository.findTestObject(lab/Page_Store/input_txtprice), "value"): Attribute 'value' of object 'Object Repository/lab/Page_Store/input_txtprice' is: '90'

2018-05-28 10:03:09 - [MESSAGE][PASSED] - Attribute 'value' of object 'Object Repository/lab/Page_Store/input_txtprice' is: '90'

2018-05-28 10:03:09 - [TEST_STEP][PASSED] - Statement - out.println("Stock QTY : " + StockQty): null

2018-05-28 10:03:09 - [TEST_STEP][PASSED] - delay: Delayed 2 second(s)

2018-05-28 10:03:11 - [MESSAGE][PASSED] - Delayed 2 second(s)

2018-05-28 10:03:11 - [TEST_STEP][PASSED] - Statement - If (java.lang.Integer.valueOf(StockQty) >= java.lang.Integer.valueOf(RequestedQty)): null

2018-05-28 10:03:11 - [TEST_STEP][PASSED] - setText: Text '10' is set on object 'Object Repository/lab/Page_Store/input_txtqty'

2018-05-28 10:03:12 - [MESSAGE][PASSED] - Text '10' is set on object 'Object Repository/lab/Page_Store/input_txtqty'

2018-05-28 10:03:12 - [TEST_STEP][PASSED] - click: Object: 'Object Repository/lab/Page_Store/button_Add' is clicked on

2018-05-28 10:03:12 - [MESSAGE][PASSED] - Object: 'Object Repository/lab/Page_Store/button_Add' is clicked on

2018-05-28 10:03:12 - [TEST_STEP][PASSED] - Statement - Break: null

2018-05-28 10:03:12 - [TEST_STEP][PASSED] - selectOptionByIndex: All options with index in [8] are selected on object 'Object Repository/lab/Page_Store/select_--Select--E.C.G. Jelly'

2018-05-28 10:03:12 - [MESSAGE][PASSED] - All options with index in [8] are selected on object 'Object Repository/lab/Page_Store/select_--Select--E.C.G. Jelly'

2018-05-28 10:03:12 - [TEST_STEP][PASSED] - delay: Delayed 2 second(s)

2018-05-28 10:03:14 - [MESSAGE][PASSED] - Delayed 2 second(s)

2018-05-28 10:03:14 - [TEST_STEP][PASSED] - Statement - RequestedQty = com.kms.katalon.core.webui.keyword.WebUiBuiltInKeywords.getAttribute(com.kms.katalon.core.testobject.ObjectRepository.findTestObject(lab/Page_Store/input_txttotal), "value"): Attribute 'value' of object 'Object Repository/lab/Page_Store/input_txttotal' is: '10'

2018-05-28 10:03:14 - [MESSAGE][PASSED] - Attribute 'value' of object 'Object Repository/lab/Page_Store/input_txttotal' is: '10'

2018-05-28 10:03:14 - [TEST_STEP][PASSED] - Statement - out.println("Requested QTY : " + RequestedQty): null

2018-05-28 10:03:14 - [TEST_STEP][PASSED] - Statement - BatchNumber = com.kms.katalon.core.webui.keyword.WebUiBuiltInKeywords.getNumberOfTotalOption(com.kms.katalon.core.testobject.ObjectRepository.findTestObject(lab/Page_Store/select_--Select--BA50)): 3 options of object 'Object Repository/lab/Page_Store/select_--Select--BA50' counted

2018-05-28 10:03:14 - [MESSAGE][PASSED] - 3 options of object 'Object Repository/lab/Page_Store/select_--Select--BA50' counted

2018-05-28 10:03:14 - [TEST_STEP][PASSED] - Statement - For ([g = 1, g <= BatchNumber - 1, (g++)]): null

2018-05-28 10:03:14 - [TEST_STEP][PASSED] - selectOptionByIndex: All options with index in [1] are selected on object 'Object Repository/lab/Page_Store/select_--Select--BA50'

2018-05-28 10:03:14 - [MESSAGE][PASSED] - All options with index in [1] are selected on object 'Object Repository/lab/Page_Store/select_--Select--BA50'

2018-05-28 10:03:14 - [TEST_STEP][PASSED] - Statement - Try: null

2018-05-28 10:03:14 - [TEST_STEP][PASSED] - Statement - StockQty = com.kms.katalon.core.webui.keyword.WebUiBuiltInKeywords.getAttribute(com.kms.katalon.core.testobject.ObjectRepository.findTestObject(lab/Page_Store/input_txtprice), "value"): Attribute 'value' of object 'Object Repository/lab/Page_Store/input_txtprice' is: '580'

2018-05-28 10:03:14 - [MESSAGE][PASSED] - Attribute 'value' of object 'Object Repository/lab/Page_Store/input_txtprice' is: '580'

2018-05-28 10:03:14 - [TEST_STEP][PASSED] - Statement - out.println("Stock QTY : " + StockQty): null

2018-05-28 10:03:14 - [TEST_STEP][PASSED] - delay: Delayed 2 second(s)

2018-05-28 10:03:16 - [MESSAGE][PASSED] - Delayed 2 second(s)

2018-05-28 10:03:16 - [TEST_STEP][PASSED] - Statement - If (java.lang.Integer.valueOf(StockQty) >= java.lang.Integer.valueOf(RequestedQty)): null

2018-05-28 10:03:16 - [TEST_STEP][PASSED] - setText: Text '10' is set on object 'Object Repository/lab/Page_Store/input_txtqty'

2018-05-28 10:03:16 - [MESSAGE][PASSED] - Text '10' is set on object 'Object Repository/lab/Page_Store/input_txtqty'

2018-05-28 10:03:16 - [TEST_STEP][PASSED] - click: Object: 'Object Repository/lab/Page_Store/button_Add' is clicked on

2018-05-28 10:03:16 - [MESSAGE][PASSED] - Object: 'Object Repository/lab/Page_Store/button_Add' is clicked on

2018-05-28 10:03:16 - [TEST_STEP][PASSED] - Statement - Break: null

2018-05-28 10:03:16 - [TEST_STEP][PASSED] - selectOptionByIndex: All options with index in [9] are selected on object 'Object Repository/lab/Page_Store/select_--Select--E.C.G. Jelly'

2018-05-28 10:03:17 - [MESSAGE][PASSED] - All options with index in [9] are selected on object 'Object Repository/lab/Page_Store/select_--Select--E.C.G. Jelly'

2018-05-28 10:03:17 - [TEST_STEP][PASSED] - delay: Delayed 2 second(s)

2018-05-28 10:03:19 - [MESSAGE][PASSED] - Delayed 2 second(s)

2018-05-28 10:03:19 - [TEST_STEP][PASSED] - Statement - RequestedQty = com.kms.katalon.core.webui.keyword.WebUiBuiltInKeywords.getAttribute(com.kms.katalon.core.testobject.ObjectRepository.findTestObject(lab/Page_Store/input_txttotal), "value"): Attribute 'value' of object 'Object Repository/lab/Page_Store/input_txttotal' is: '10'

2018-05-28 10:03:19 - [MESSAGE][PASSED] - Attribute 'value' of object 'Object Repository/lab/Page_Store/input_txttotal' is: '10'

2018-05-28 10:03:19 - [TEST_STEP][PASSED] - Statement - out.println("Requested QTY : " + RequestedQty): null

2018-05-28 10:03:19 - [TEST_STEP][PASSED] - Statement - BatchNumber = com.kms.katalon.core.webui.keyword.WebUiBuiltInKeywords.getNumberOfTotalOption(com.kms.katalon.core.testobject.ObjectRepository.findTestObject(lab/Page_Store/select_--Select--BA50)): 2 options of object 'Object Repository/lab/Page_Store/select_--Select--BA50' counted

2018-05-28 10:03:19 - [MESSAGE][PASSED] - 2 options of object 'Object Repository/lab/Page_Store/select_--Select--BA50' counted

2018-05-28 10:03:19 - [TEST_STEP][PASSED] - Statement - For ([g = 1, g <= BatchNumber - 1, (g++)]): null

2018-05-28 10:03:19 - [TEST_STEP][PASSED] - selectOptionByIndex: All options with index in [1] are selected on object 'Object Repository/lab/Page_Store/select_--Select--BA50'

2018-05-28 10:03:19 - [MESSAGE][PASSED] - All options with index in [1] are selected on object 'Object Repository/lab/Page_Store/select_--Select--BA50'

2018-05-28 10:03:19 - [TEST_STEP][PASSED] - Statement - Try: null

2018-05-28 10:03:19 - [TEST_STEP][PASSED] - Statement - StockQty = com.kms.katalon.core.webui.keyword.WebUiBuiltInKeywords.getAttribute(com.kms.katalon.core.testobject.ObjectRepository.findTestObject(lab/Page_Store/input_txtprice), "value"): Attribute 'value' of object 'Object Repository/lab/Page_Store/input_txtprice' is: '10000'

2018-05-28 10:03:19 - [MESSAGE][PASSED] - Attribute 'value' of object 'Object Repository/lab/Page_Store/input_txtprice' is: '10000'

2018-05-28 10:03:19 - [TEST_STEP][PASSED] - Statement - out.println("Stock QTY : " + StockQty): null

2018-05-28 10:03:19 - [TEST_STEP][PASSED] - delay: Delayed 2 second(s)

2018-05-28 10:03:21 - [MESSAGE][PASSED] - Delayed 2 second(s)

2018-05-28 10:03:21 - [TEST_STEP][PASSED] - Statement - If (java.lang.Integer.valueOf(StockQty) >= java.lang.Integer.valueOf(RequestedQty)): null

2018-05-28 10:03:21 - [TEST_STEP][PASSED] - setText: Text '10' is set on object 'Object Repository/lab/Page_Store/input_txtqty'

2018-05-28 10:03:21 - [MESSAGE][PASSED] - Text '10' is set on object 'Object Repository/lab/Page_Store/input_txtqty'

2018-05-28 10:03:21 - [TEST_STEP][PASSED] - click: Object: 'Object Repository/lab/Page_Store/button_Add' is clicked on

2018-05-28 10:03:21 - [MESSAGE][PASSED] - Object: 'Object Repository/lab/Page_Store/button_Add' is clicked on

2018-05-28 10:03:21 - [TEST_STEP][PASSED] - Statement - Break: null

2018-05-28 10:03:21 - [TEST_STEP][PASSED] - selectOptionByIndex: All options with index in [10] are selected on object 'Object Repository/lab/Page_Store/select_--Select--E.C.G. Jelly'

2018-05-28 10:03:21 - [MESSAGE][PASSED] - All options with index in [10] are selected on object 'Object Repository/lab/Page_Store/select_--Select--E.C.G. Jelly'

2018-05-28 10:03:21 - [TEST_STEP][PASSED] - delay: Delayed 2 second(s)

2018-05-28 10:03:23 - [MESSAGE][PASSED] - Delayed 2 second(s)

2018-05-28 10:03:23 - [TEST_STEP][PASSED] - Statement - RequestedQty = com.kms.katalon.core.webui.keyword.WebUiBuiltInKeywords.getAttribute(com.kms.katalon.core.testobject.ObjectRepository.findTestObject(lab/Page_Store/input_txttotal), "value"): Attribute 'value' of object 'Object Repository/lab/Page_Store/input_txttotal' is: '10'

2018-05-28 10:03:23 - [MESSAGE][PASSED] - Attribute 'value' of object 'Object Repository/lab/Page_Store/input_txttotal' is: '10'

2018-05-28 10:03:23 - [TEST_STEP][PASSED] - Statement - out.println("Requested QTY : " + RequestedQty): null

2018-05-28 10:03:23 - [TEST_STEP][PASSED] - Statement - BatchNumber = com.kms.katalon.core.webui.keyword.WebUiBuiltInKeywords.getNumberOfTotalOption(com.kms.katalon.core.testobject.ObjectRepository.findTestObject(lab/Page_Store/select_--Select--BA50)): 2 options of object 'Object Repository/lab/Page_Store/select_--Select--BA50' counted

2018-05-28 10:03:23 - [MESSAGE][PASSED] - 2 options of object 'Object Repository/lab/Page_Store/select_--Select--BA50' counted

2018-05-28 10:03:23 - [TEST_STEP][PASSED] - Statement - For ([g = 1, g <= BatchNumber - 1, (g++)]): null

2018-05-28 10:03:23 - [TEST_STEP][PASSED] - selectOptionByIndex: All options with index in [1] are selected on object 'Object Repository/lab/Page_Store/select_--Select--BA50'

2018-05-28 10:03:23 - [MESSAGE][PASSED] - All options with index in [1] are selected on object 'Object Repository/lab/Page_Store/select_--Select--BA50'

2018-05-28 10:03:23 - [TEST_STEP][PASSED] - Statement - Try: null

2018-05-28 10:03:23 - [TEST_STEP][PASSED] - Statement - StockQty = com.kms.katalon.core.webui.keyword.WebUiBuiltInKeywords.getAttribute(com.kms.katalon.core.testobject.ObjectRepository.findTestObject(lab/Page_Store/input_txtprice), "value"): Attribute 'value' of object 'Object Repository/lab/Page_Store/input_txtprice' is: '10000'

2018-05-28 10:03:23 - [MESSAGE][PASSED] - Attribute 'value' of object 'Object Repository/lab/Page_Store/input_txtprice' is: '10000'

2018-05-28 10:03:23 - [TEST_STEP][PASSED] - Statement - out.println("Stock QTY : " + StockQty): null

2018-05-28 10:03:23 - [TEST_STEP][PASSED] - delay: Delayed 2 second(s)

2018-05-28 10:03:25 - [MESSAGE][PASSED] - Delayed 2 second(s)

2018-05-28 10:03:25 - [TEST_STEP][PASSED] - Statement - If (java.lang.Integer.valueOf(StockQty) >= java.lang.Integer.valueOf(RequestedQty)): null

2018-05-28 10:03:25 - [TEST_STEP][PASSED] - setText: Text '10' is set on object 'Object Repository/lab/Page_Store/input_txtqty'

2018-05-28 10:03:26 - [MESSAGE][PASSED] - Text '10' is set on object 'Object Repository/lab/Page_Store/input_txtqty'

2018-05-28 10:03:26 - [TEST_STEP][PASSED] - click: Object: 'Object Repository/lab/Page_Store/button_Add' is clicked on

2018-05-28 10:03:26 - [MESSAGE][PASSED] - Object: 'Object Repository/lab/Page_Store/button_Add' is clicked on

2018-05-28 10:03:26 - [TEST_STEP][PASSED] - Statement - Break: null

2018-05-28 10:03:26 - [TEST_STEP][PASSED] - selectOptionByIndex: All options with index in [11] are selected on object 'Object Repository/lab/Page_Store/select_--Select--E.C.G. Jelly'

2018-05-28 10:03:26 - [MESSAGE][PASSED] - All options with index in [11] are selected on object 'Object Repository/lab/Page_Store/select_--Select--E.C.G. Jelly'

2018-05-28 10:03:26 - [TEST_STEP][PASSED] - delay: Delayed 2 second(s)

2018-05-28 10:03:28 - [MESSAGE][PASSED] - Delayed 2 second(s)

2018-05-28 10:03:28 - [TEST_STEP][PASSED] - Statement - RequestedQty = com.kms.katalon.core.webui.keyword.WebUiBuiltInKeywords.getAttribute(com.kms.katalon.core.testobject.ObjectRepository.findTestObject(lab/Page_Store/input_txttotal), "value"): Attribute 'value' of object 'Object Repository/lab/Page_Store/input_txttotal' is: '10'

2018-05-28 10:03:28 - [MESSAGE][PASSED] - Attribute 'value' of object 'Object Repository/lab/Page_Store/input_txttotal' is: '10'

2018-05-28 10:03:28 - [TEST_STEP][PASSED] - Statement - out.println("Requested QTY : " + RequestedQty): null

2018-05-28 10:03:28 - [TEST_STEP][PASSED] - Statement - BatchNumber = com.kms.katalon.core.webui.keyword.WebUiBuiltInKeywords.getNumberOfTotalOption(com.kms.katalon.core.testobject.ObjectRepository.findTestObject(lab/Page_Store/select_--Select--BA50)): 2 options of object 'Object Repository/lab/Page_Store/select_--Select--BA50' counted

2018-05-28 10:03:28 - [MESSAGE][PASSED] - 2 options of object 'Object Repository/lab/Page_Store/select_--Select--BA50' counted

2018-05-28 10:03:28 - [TEST_STEP][PASSED] - Statement - For ([g = 1, g <= BatchNumber - 1, (g++)]): null

2018-05-28 10:03:28 - [TEST_STEP][PASSED] - selectOptionByIndex: All options with index in [1] are selected on object 'Object Repository/lab/Page_Store/select_--Select--BA50'

2018-05-28 10:03:28 - [MESSAGE][PASSED] - All options with index in [1] are selected on object 'Object Repository/lab/Page_Store/select_--Select--BA50'

2018-05-28 10:03:28 - [TEST_STEP][PASSED] - Statement - Try: null

2018-05-28 10:03:28 - [TEST_STEP][PASSED] - Statement - StockQty = com.kms.katalon.core.webui.keyword.WebUiBuiltInKeywords.getAttribute(com.kms.katalon.core.testobject.ObjectRepository.findTestObject(lab/Page_Store/input_txtprice), "value"): Attribute 'value' of object 'Object Repository/lab/Page_Store/input_txtprice' is: '10000'

2018-05-28 10:03:28 - [MESSAGE][PASSED] - Attribute 'value' of object 'Object Repository/lab/Page_Store/input_txtprice' is: '10000'

2018-05-28 10:03:28 - [TEST_STEP][PASSED] - Statement - out.println("Stock QTY : " + StockQty): null

2018-05-28 10:03:28 - [TEST_STEP][PASSED] - delay: Delayed 2 second(s)

2018-05-28 10:03:30 - [MESSAGE][PASSED] - Delayed 2 second(s)

2018-05-28 10:03:30 - [TEST_STEP][PASSED] - Statement - If (java.lang.Integer.valueOf(StockQty) >= java.lang.Integer.valueOf(RequestedQty)): null

2018-05-28 10:03:30 - [TEST_STEP][PASSED] - setText: Text '10' is set on object 'Object Repository/lab/Page_Store/input_txtqty'

2018-05-28 10:03:30 - [MESSAGE][PASSED] - Text '10' is set on object 'Object Repository/lab/Page_Store/input_txtqty'

2018-05-28 10:03:30 - [TEST_STEP][PASSED] - click: Object: 'Object Repository/lab/Page_Store/button_Add' is clicked on

2018-05-28 10:03:30 - [MESSAGE][PASSED] - Object: 'Object Repository/lab/Page_Store/button_Add' is clicked on

2018-05-28 10:03:30 - [TEST_STEP][PASSED] - Statement - Break: null

2018-05-28 10:03:30 - [TEST_STEP][PASSED] - selectOptionByIndex: All options with index in [12] are selected on object 'Object Repository/lab/Page_Store/select_--Select--E.C.G. Jelly'

2018-05-28 10:03:30 - [MESSAGE][PASSED] - All options with index in [12] are selected on object 'Object Repository/lab/Page_Store/select_--Select--E.C.G. Jelly'

2018-05-28 10:03:30 - [TEST_STEP][PASSED] - delay: Delayed 2 second(s)

2018-05-28 10:03:32 - [MESSAGE][PASSED] - Delayed 2 second(s)

2018-05-28 10:03:32 - [TEST_STEP][PASSED] - Statement - RequestedQty = com.kms.katalon.core.webui.keyword.WebUiBuiltInKeywords.getAttribute(com.kms.katalon.core.testobject.ObjectRepository.findTestObject(lab/Page_Store/input_txttotal), "value"): Attribute 'value' of object 'Object Repository/lab/Page_Store/input_txttotal' is: '10'

2018-05-28 10:03:32 - [MESSAGE][PASSED] - Attribute 'value' of object 'Object Repository/lab/Page_Store/input_txttotal' is: '10'

2018-05-28 10:03:32 - [TEST_STEP][PASSED] - Statement - out.println("Requested QTY : " + RequestedQty): null

2018-05-28 10:03:32 - [TEST_STEP][PASSED] - Statement - BatchNumber = com.kms.katalon.core.webui.keyword.WebUiBuiltInKeywords.getNumberOfTotalOption(com.kms.katalon.core.testobject.ObjectRepository.findTestObject(lab/Page_Store/select_--Select--BA50)): 2 options of object 'Object Repository/lab/Page_Store/select_--Select--BA50' counted

2018-05-28 10:03:32 - [MESSAGE][PASSED] - 2 options of object 'Object Repository/lab/Page_Store/select_--Select--BA50' counted

2018-05-28 10:03:32 - [TEST_STEP][PASSED] - Statement - For ([g = 1, g <= BatchNumber - 1, (g++)]): null

2018-05-28 10:03:32 - [TEST_STEP][PASSED] - selectOptionByIndex: All options with index in [1] are selected on object 'Object Repository/lab/Page_Store/select_--Select--BA50'

2018-05-28 10:03:33 - [MESSAGE][PASSED] - All options with index in [1] are selected on object 'Object Repository/lab/Page_Store/select_--Select--BA50'

2018-05-28 10:03:33 - [TEST_STEP][PASSED] - Statement - Try: null

2018-05-28 10:03:33 - [TEST_STEP][PASSED] - Statement - StockQty = com.kms.katalon.core.webui.keyword.WebUiBuiltInKeywords.getAttribute(com.kms.katalon.core.testobject.ObjectRepository.findTestObject(lab/Page_Store/input_txtprice), "value"): Attribute 'value' of object 'Object Repository/lab/Page_Store/input_txtprice' is: '10000'

2018-05-28 10:03:33 - [MESSAGE][PASSED] - Attribute 'value' of object 'Object Repository/lab/Page_Store/input_txtprice' is: '10000'

2018-05-28 10:03:33 - [TEST_STEP][PASSED] - Statement - out.println("Stock QTY : " + StockQty): null

2018-05-28 10:03:33 - [TEST_STEP][PASSED] - delay: Delayed 2 second(s)

2018-05-28 10:03:35 - [MESSAGE][PASSED] - Delayed 2 second(s)

2018-05-28 10:03:35 - [TEST_STEP][PASSED] - Statement - If (java.lang.Integer.valueOf(StockQty) >= java.lang.Integer.valueOf(RequestedQty)): null

2018-05-28 10:03:35 - [TEST_STEP][PASSED] - setText: Text '10' is set on object 'Object Repository/lab/Page_Store/input_txtqty'

2018-05-28 10:03:35 - [MESSAGE][PASSED] - Text '10' is set on object 'Object Repository/lab/Page_Store/input_txtqty'

2018-05-28 10:03:35 - [TEST_STEP][PASSED] - click: Object: 'Object Repository/lab/Page_Store/button_Add' is clicked on

2018-05-28 10:03:35 - [MESSAGE][PASSED] - Object: 'Object Repository/lab/Page_Store/button_Add' is clicked on

2018-05-28 10:03:35 - [TEST_STEP][PASSED] - Statement - Break: null

2018-05-28 10:03:35 - [TEST_STEP][PASSED] - selectOptionByIndex: All options with index in [13] are selected on object 'Object Repository/lab/Page_Store/select_--Select--E.C.G. Jelly'

2018-05-28 10:03:35 - [MESSAGE][PASSED] - All options with index in [13] are selected on object 'Object Repository/lab/Page_Store/select_--Select--E.C.G. Jelly'

2018-05-28 10:03:35 - [TEST_STEP][PASSED] - delay: Delayed 2 second(s)

2018-05-28 10:03:37 - [MESSAGE][PASSED] - Delayed 2 second(s)

2018-05-28 10:03:37 - [TEST_STEP][PASSED] - Statement - RequestedQty = com.kms.katalon.core.webui.keyword.WebUiBuiltInKeywords.getAttribute(com.kms.katalon.core.testobject.ObjectRepository.findTestObject(lab/Page_Store/input_txttotal), "value"): Attribute 'value' of object 'Object Repository/lab/Page_Store/input_txttotal' is: '10'

2018-05-28 10:03:37 - [MESSAGE][PASSED] - Attribute 'value' of object 'Object Repository/lab/Page_Store/input_txttotal' is: '10'

2018-05-28 10:03:37 - [TEST_STEP][PASSED] - Statement - out.println("Requested QTY : " + RequestedQty): null

2018-05-28 10:03:37 - [TEST_STEP][PASSED] - Statement - BatchNumber = com.kms.katalon.core.webui.keyword.WebUiBuiltInKeywords.getNumberOfTotalOption(com.kms.katalon.core.testobject.ObjectRepository.findTestObject(lab/Page_Store/select_--Select--BA50)): 2 options of object 'Object Repository/lab/Page_Store/select_--Select--BA50' counted

2018-05-28 10:03:37 - [MESSAGE][PASSED] - 2 options of object 'Object Repository/lab/Page_Store/select_--Select--BA50' counted

2018-05-28 10:03:37 - [TEST_STEP][PASSED] - Statement - For ([g = 1, g <= BatchNumber - 1, (g++)]): null

2018-05-28 10:03:37 - [TEST_STEP][PASSED] - selectOptionByIndex: All options with index in [1] are selected on object 'Object Repository/lab/Page_Store/select_--Select--BA50'

2018-05-28 10:03:37 - [MESSAGE][PASSED] - All options with index in [1] are selected on object 'Object Repository/lab/Page_Store/select_--Select--BA50'

2018-05-28 10:03:37 - [TEST_STEP][PASSED] - Statement - Try: null

2018-05-28 10:03:37 - [TEST_STEP][PASSED] - Statement - StockQty = com.kms.katalon.core.webui.keyword.WebUiBuiltInKeywords.getAttribute(com.kms.katalon.core.testobject.ObjectRepository.findTestObject(lab/Page_Store/input_txtprice), "value"): Attribute 'value' of object 'Object Repository/lab/Page_Store/input_txtprice' is: '10000'

2018-05-28 10:03:37 - [MESSAGE][PASSED] - Attribute 'value' of object 'Object Repository/lab/Page_Store/input_txtprice' is: '10000'

2018-05-28 10:03:37 - [TEST_STEP][PASSED] - Statement - out.println("Stock QTY : " + StockQty): null

2018-05-28 10:03:37 - [TEST_STEP][PASSED] - delay: Delayed 2 second(s)

2018-05-28 10:03:39 - [MESSAGE][PASSED] - Delayed 2 second(s)

2018-05-28 10:03:39 - [TEST_STEP][PASSED] - Statement - If (java.lang.Integer.valueOf(StockQty) >= java.lang.Integer.valueOf(RequestedQty)): null

2018-05-28 10:03:39 - [TEST_STEP][PASSED] - setText: Text '10' is set on object 'Object Repository/lab/Page_Store/input_txtqty'

2018-05-28 10:03:39 - [MESSAGE][PASSED] - Text '10' is set on object 'Object Repository/lab/Page_Store/input_txtqty'

2018-05-28 10:03:39 - [TEST_STEP][PASSED] - click: Object: 'Object Repository/lab/Page_Store/button_Add' is clicked on

2018-05-28 10:03:39 - [MESSAGE][PASSED] - Object: 'Object Repository/lab/Page_Store/button_Add' is clicked on

2018-05-28 10:03:39 - [TEST_STEP][PASSED] - Statement - Break: null

2018-05-28 10:03:39 - [TEST_STEP][PASSED] - scrollToElement: Scroll to object 'Object Repository/lab/Page_Store/input_btnSubmit' successfully

2018-05-28 10:03:39 - [MESSAGE][PASSED] - Scroll to object 'Object Repository/lab/Page_Store/input_btnSubmit' successfully

2018-05-28 10:03:39 - [TEST_STEP][FAILED] - Statement - Try: Unable to click on object 'Object Repository/lab/Page_Store/button_OK' (Root cause: com.kms.katalon.core.webui.exception.WebElementNotFoundException: Web element with id: 'Object Repository/lab/Page_Store/button_OK' located by 'By.xpath: /html/body/div[5]/div/div/div[2]/button[count(. | //button[@type = 'button' and (text() = 'OK' or . = 'OK')]) = count(//button[@type = 'button' and (text() = 'OK' or . = 'OK')])]' not found)

2018-05-28 10:03:39 - [TEST_STEP][PASSED] - click: Object: 'Object Repository/lab/Page_Store/input_btnSubmit' is clicked on

2018-05-28 10:03:40 - [MESSAGE][PASSED] - Object: 'Object Repository/lab/Page_Store/input_btnSubmit' is clicked on

2018-05-28 10:03:40 - [TEST_STEP][PASSED] - delay: Delayed 3 second(s)

2018-05-28 10:03:43 - [MESSAGE][PASSED] - Delayed 3 second(s)

2018-05-28 10:03:43 - [TEST_STEP][PASSED] - click: Object: 'Object Repository/lab/Page_Store/button_OK' is clicked on

2018-05-28 10:03:44 - [MESSAGE][PASSED] - Object: 'Object Repository/lab/Page_Store/button_OK' is clicked on

2018-05-28 10:03:44 - [TEST_STEP][PASSED] - delay: Delayed 3 second(s)

2018-05-28 10:03:47 - [MESSAGE][PASSED] - Delayed 3 second(s)

2018-05-28 10:03:47 - [TEST_STEP][FAILED] - click: Unable to click on object 'Object Repository/lab/Page_Store/button_OK' (Root cause: com.kms.katalon.core.webui.exception.WebElementNotFoundException: Web element with id: 'Object Repository/lab/Page_Store/button_OK' located by 'By.xpath: /html/body/div[5]/div/div/div[2]/button[count(. | //button[@type = 'button' and (text() = 'OK' or . = 'OK')]) = count(//button[@type = 'button' and (text() = 'OK' or . = 'OK')])]' not found)

2018-05-28 10:04:18 - [MESSAGE][FAILED] - Unable to click on object 'Object Repository/lab/Page_Store/button_OK' (Root cause: com.kms.katalon.core.webui.exception.WebElementNotFoundException: Web element with id: 'Object Repository/lab/Page_Store/button_OK' located by 'By.xpath: /html/body/div[5]/div/div/div[2]/button[count(. | //button[@type = 'button' and (text() = 'OK' or . = 'OK')]) = count(//button[@type = 'button' and (text() = 'OK' or . = 'OK')])]' not found)
[[ATTACHMENT|C:\\Users\\Quality Analyst\\Katalon Studio\\ds\\Reports\\Investigation_Suite\\20180524_192548\\1527482058408.png]]

2018-05-28 10:04:18 - [TEST_STEP][FAILED] - Statement - Catch (Exception e): Unable to click on object 'Object Repository/lab/Page_Store/button_OK' (Root cause: com.kms.katalon.core.webui.exception.WebElementNotFoundException: Web element with id: 'Object Repository/lab/Page_Store/button_OK' located by 'By.xpath: /html/body/div[5]/div/div/div[2]/button[count(. | //button[@type = 'button' and (text() = 'OK' or . = 'OK')]) = count(//button[@type = 'button' and (text() = 'OK' or . = 'OK')])]' not found)

2018-05-28 10:04:18 - [TEST_STEP][FAILED] - click: Unable to click on object 'Object Repository/lab/Page_Store/button_OK' (Root cause: com.kms.katalon.core.webui.exception.WebElementNotFoundException: Web element with id: 'Object Repository/lab/Page_Store/button_OK' located by 'By.xpath: /html/body/div[5]/div/div/div[2]/button[count(. | //button[@type = 'button' and (text() = 'OK' or . = 'OK')]) = count(//button[@type = 'button' and (text() = 'OK' or . = 'OK')])]' not found)

2018-05-28 10:04:50 - [MESSAGE][FAILED] - Unable to click on object 'Object Repository/lab/Page_Store/button_OK' (Root cause: com.kms.katalon.core.webui.exception.WebElementNotFoundException: Web element with id: 'Object Repository/lab/Page_Store/button_OK' located by 'By.xpath: /html/body/div[5]/div/div/div[2]/button[count(. | //button[@type = 'button' and (text() = 'OK' or . = 'OK')]) = count(//button[@type = 'button' and (text() = 'OK' or . = 'OK')])]' not found)
[[ATTACHMENT|C:\\Users\\Quality Analyst\\Katalon Studio\\ds\\Reports\\Investigation_Suite\\20180524_192548\\1527482089958.png]]]]></system-out>
         <system-err><![CDATA[2018-05-28 10:01:24 - [TEST_CASE][FAILED] - Test Cases/INVESTIGATION TEST CASES/TC_INV_003 Verify Schedule 6 Investigation Request Are Working Successfully Or Not: Test Cases/INVESTIGATION TEST CASES/TC_INV_003 Verify Schedule 6 Investigation Request Are Working Successfully Or Not FAILED because (of) Unable to click on object 'Object Repository/lab/Page_Store/button_OK' (Root cause: com.kms.katalon.core.webui.exception.WebElementNotFoundException: Web element with id: 'Object Repository/lab/Page_Store/button_OK' located by 'By.xpath: /html/body/div[5]/div/div/div[2]/button[count(. | //button[@type = 'button' and (text() = 'OK' or . = 'OK')]) = count(//button[@type = 'button' and (text() = 'OK' or . = 'OK')])]' not found)]]></system-err>
      </testcase>
      <testcase name="Test Cases/INVESTIGATION TEST CASES/TC_INV_004 Verify Schedule 8 Investigation Request Are Working Successfully Or Not" classname="Test Cases/INVESTIGATION TEST CASES/TC_INV_004 Verify Schedule 8 Investigation Request Are Working Successfully Or Not" status="FAILED">
         <failure type="FAILED" message="Unable to click on object 'Object Repository/lab/Page_KDMC/button_OK' (Root cause: org.openqa.selenium.UnhandledAlertException: unexpected alert open: {Alert text : Already Exist this Request No !}
  (Session info: chrome=66.0.3359.181)
  (Driver info: chromedriver=2.35.528161 (5b82f2d2aae0ca24b877009200ced9065a772e73),platform=Windows NT 10.0.17134 x86_64) (WARNING: The server did not provide any stacktrace information)
Command duration or timeout: 0 milliseconds: null
Build info: version: '3.7.1', revision: '8a0099a', time: '2017-11-06T21:07:36.161Z'
System info: host: 'DESKTOP-BLFTK83', ip: '169.254.189.85', os.name: 'Windows 10', os.arch: 'amd64', os.version: '10.0', java.version: '1.8.0_102'
Driver info: com.kms.katalon.selenium.driver.CChromeDriver
Capabilities {acceptInsecureCerts: false, acceptSslCerts: false, applicationCacheEnabled: false, browserConnectionEnabled: false, browserName: chrome, chrome: {chromedriverVersion: 2.35.528161 (5b82f2d2aae0ca..., userDataDir: C:\Users\QUALIT~1\AppData\L...}, cssSelectorsEnabled: true, databaseEnabled: false, handlesAlerts: true, hasTouchScreen: false, javascriptEnabled: true, locationContextEnabled: true, mobileEmulationEnabled: false, nativeEvents: true, networkConnectionEnabled: false, pageLoadStrategy: normal, platform: XP, platformName: XP, rotatable: false, setWindowRect: true, takesHeapSnapshot: true, takesScreenshot: true, unexpectedAlertBehaviour: , unhandledPromptBehavior: , version: 66.0.3359.181, webStorageEnabled: true}
Session ID: 6c589327c491227209cb24cac001f0d0
*** Element info: {Using=xpath, value=/html/body/div[8]/div/div/div[2]/button[count(. | //button[@data-bb-handler = 'ok' and @type = 'button' and @class = 'btn btn-primary' and (text() = 'OK' or . = 'OK')]) = count(//button[@data-bb-handler = 'ok' and @type = 'button' and @class = 'btn btn-primary' and (text() = 'OK' or . = 'OK')])]})"/>
         <system-out><![CDATA[2018-05-28 10:04:50 - [TEST_CASE][FAILED] - Test Cases/INVESTIGATION TEST CASES/TC_INV_004 Verify Schedule 8 Investigation Request Are Working Successfully Or Not: Test Cases/INVESTIGATION TEST CASES/TC_INV_004 Verify Schedule 8 Investigation Request Are Working Successfully Or Not FAILED because (of) Unable to click on object 'Object Repository/lab/Page_KDMC/button_OK' (Root cause: org.openqa.selenium.UnhandledAlertException: unexpected alert open: {Alert text : Already Exist this Request No !}
  (Session info: chrome=66.0.3359.181)
  (Driver info: chromedriver=2.35.528161 (5b82f2d2aae0ca24b877009200ced9065a772e73),platform=Windows NT 10.0.17134 x86_64) (WARNING: The server did not provide any stacktrace information)
Command duration or timeout: 0 milliseconds: null
Build info: version: '3.7.1', revision: '8a0099a', time: '2017-11-06T21:07:36.161Z'
System info: host: 'DESKTOP-BLFTK83', ip: '169.254.189.85', os.name: 'Windows 10', os.arch: 'amd64', os.version: '10.0', java.version: '1.8.0_102'
Driver info: com.kms.katalon.selenium.driver.CChromeDriver
Capabilities {acceptInsecureCerts: false, acceptSslCerts: false, applicationCacheEnabled: false, browserConnectionEnabled: false, browserName: chrome, chrome: {chromedriverVersion: 2.35.528161 (5b82f2d2aae0ca..., userDataDir: C:\Users\QUALIT~1\AppData\L...}, cssSelectorsEnabled: true, databaseEnabled: false, handlesAlerts: true, hasTouchScreen: false, javascriptEnabled: true, locationContextEnabled: true, mobileEmulationEnabled: false, nativeEvents: true, networkConnectionEnabled: false, pageLoadStrategy: normal, platform: XP, platformName: XP, rotatable: false, setWindowRect: true, takesHeapSnapshot: true, takesScreenshot: true, unexpectedAlertBehaviour: , unhandledPromptBehavior: , version: 66.0.3359.181, webStorageEnabled: true}
Session ID: 6c589327c491227209cb24cac001f0d0
*** Element info: {Using=xpath, value=/html/body/div[8]/div/div/div[2]/button[count(. | //button[@data-bb-handler = 'ok' and @type = 'button' and @class = 'btn btn-primary' and (text() = 'OK' or . = 'OK')]) = count(//button[@data-bb-handler = 'ok' and @type = 'button' and @class = 'btn btn-primary' and (text() = 'OK' or . = 'OK')])]})

2018-05-28 10:04:50 - [TEST_STEP][PASSED] - openBrowser: Browser is opened with url: ''

2018-05-28 10:04:50 - [MESSAGE][WARNING] - A browser is already opened. Closing browser and opening a new one

2018-05-28 10:04:53 - [MESSAGE][PASSED] - Browser is opened with url: ''

2018-05-28 10:04:53 - [TEST_STEP][PASSED] - navigateToUrl: Navigate to 'http://192.168.137.1/multihospital_new/' successfully

2018-05-28 10:05:00 - [MESSAGE][PASSED] - Navigate to 'http://192.168.137.1/multihospital_new/' successfully

2018-05-28 10:05:00 - [TEST_STEP][PASSED] - Statement - out.println(" Verify Schedule 8 Investigation Request Are Working Successfully Or Not"): null

2018-05-28 10:05:00 - [TEST_STEP][PASSED] - maximizeWindow: Current window maximized

2018-05-28 10:05:01 - [MESSAGE][PASSED] - Current window maximized

2018-05-28 10:05:01 - [TEST_STEP][PASSED] - click: Object: 'Object Repository/lab/Page_KDMC/a_Investigation' is clicked on

2018-05-28 10:05:02 - [MESSAGE][PASSED] - Object: 'Object Repository/lab/Page_KDMC/a_Investigation' is clicked on

2018-05-28 10:05:02 - [TEST_STEP][PASSED] - setText: Text 'manoj' is set on object 'Object Repository/lab/Page_Investigation login/input_txtusername'

2018-05-28 10:05:02 - [MESSAGE][PASSED] - Text 'manoj' is set on object 'Object Repository/lab/Page_Investigation login/input_txtusername'

2018-05-28 10:05:02 - [TEST_STEP][PASSED] - setText: Text '123' is set on object 'Object Repository/lab/Page_Investigation login/input_txtpassword'

2018-05-28 10:05:03 - [MESSAGE][PASSED] - Text '123' is set on object 'Object Repository/lab/Page_Investigation login/input_txtpassword'

2018-05-28 10:05:03 - [TEST_STEP][PASSED] - delay: Delayed 3 second(s)

2018-05-28 10:05:06 - [MESSAGE][PASSED] - Delayed 3 second(s)

2018-05-28 10:05:06 - [TEST_STEP][PASSED] - click: Object: 'Object Repository/lab/Page_Investigation login/button_Sign in' is clicked on

2018-05-28 10:05:07 - [MESSAGE][PASSED] - Object: 'Object Repository/lab/Page_Investigation login/button_Sign in' is clicked on

2018-05-28 10:05:07 - [TEST_STEP][PASSED] - click: Object: 'Object Repository/lab/Page_KDMC/a_Store Request' is clicked on

2018-05-28 10:05:09 - [MESSAGE][PASSED] - Object: 'Object Repository/lab/Page_KDMC/a_Store Request' is clicked on

2018-05-28 10:05:09 - [TEST_STEP][PASSED] - delay: Delayed 2 second(s)

2018-05-28 10:05:11 - [MESSAGE][PASSED] - Delayed 2 second(s)

2018-05-28 10:05:11 - [TEST_STEP][PASSED] - click: Object: 'Object Repository/lab/Page_KDMC/a_Medicine Request' is clicked on

2018-05-28 10:05:11 - [MESSAGE][PASSED] - Object: 'Object Repository/lab/Page_KDMC/a_Medicine Request' is clicked on

2018-05-28 10:05:11 - [TEST_STEP][PASSED] - selectOptionByIndex: All options with index in [4] are selected on object 'Object Repository/lab/Page_KDMC/select_--Select--Schedule 4X-r'

2018-05-28 10:05:12 - [MESSAGE][PASSED] - All options with index in [4] are selected on object 'Object Repository/lab/Page_KDMC/select_--Select--Schedule 4X-r'

2018-05-28 10:05:12 - [TEST_STEP][PASSED] - Statement - medicineslength = com.kms.katalon.core.webui.keyword.WebUiBuiltInKeywords.getNumberOfTotalOption(com.kms.katalon.core.testobject.ObjectRepository.findTestObject(lab/Page_KDMC/select_--Select--Automatic x-r)): 18 options of object 'Object Repository/lab/Page_KDMC/select_--Select--Automatic x-r' counted

2018-05-28 10:05:12 - [MESSAGE][PASSED] - 18 options of object 'Object Repository/lab/Page_KDMC/select_--Select--Automatic x-r' counted

2018-05-28 10:05:12 - [TEST_STEP][PASSED] - Statement - For ([e = 1, e < medicineslength, (e++)]): Object: 'Object Repository/lab/Page_KDMC/button_Add' is clicked on

2018-05-28 10:05:12 - [TEST_STEP][PASSED] - selectOptionByIndex: All options with index in [4] are selected on object 'Object Repository/lab/Page_KDMC/select_--Select--Schedule 4X-r'

2018-05-28 10:05:12 - [MESSAGE][PASSED] - All options with index in [4] are selected on object 'Object Repository/lab/Page_KDMC/select_--Select--Schedule 4X-r'

2018-05-28 10:05:12 - [TEST_STEP][PASSED] - selectOptionByIndex: All options with index in [1] are selected on object 'Object Repository/lab/Page_KDMC/select_--Select--Automatic x-r'

2018-05-28 10:05:12 - [MESSAGE][PASSED] - All options with index in [1] are selected on object 'Object Repository/lab/Page_KDMC/select_--Select--Automatic x-r'

2018-05-28 10:05:12 - [TEST_STEP][PASSED] - setText: Text '10' is set on object 'Object Repository/lab/Page_KDMC/input_txttreat'

2018-05-28 10:05:12 - [MESSAGE][PASSED] - Text '10' is set on object 'Object Repository/lab/Page_KDMC/input_txttreat'

2018-05-28 10:05:12 - [TEST_STEP][PASSED] - click: Object: 'Object Repository/lab/Page_KDMC/button_Add' is clicked on

2018-05-28 10:05:12 - [MESSAGE][PASSED] - Object: 'Object Repository/lab/Page_KDMC/button_Add' is clicked on

2018-05-28 10:05:12 - [TEST_STEP][PASSED] - selectOptionByIndex: All options with index in [4] are selected on object 'Object Repository/lab/Page_KDMC/select_--Select--Schedule 4X-r'

2018-05-28 10:05:12 - [MESSAGE][PASSED] - All options with index in [4] are selected on object 'Object Repository/lab/Page_KDMC/select_--Select--Schedule 4X-r'

2018-05-28 10:05:12 - [TEST_STEP][PASSED] - selectOptionByIndex: All options with index in [2] are selected on object 'Object Repository/lab/Page_KDMC/select_--Select--Automatic x-r'

2018-05-28 10:05:13 - [MESSAGE][PASSED] - All options with index in [2] are selected on object 'Object Repository/lab/Page_KDMC/select_--Select--Automatic x-r'

2018-05-28 10:05:13 - [TEST_STEP][PASSED] - setText: Text '10' is set on object 'Object Repository/lab/Page_KDMC/input_txttreat'

2018-05-28 10:05:13 - [MESSAGE][PASSED] - Text '10' is set on object 'Object Repository/lab/Page_KDMC/input_txttreat'

2018-05-28 10:05:13 - [TEST_STEP][PASSED] - click: Object: 'Object Repository/lab/Page_KDMC/button_Add' is clicked on

2018-05-28 10:05:13 - [MESSAGE][PASSED] - Object: 'Object Repository/lab/Page_KDMC/button_Add' is clicked on

2018-05-28 10:05:13 - [TEST_STEP][PASSED] - selectOptionByIndex: All options with index in [4] are selected on object 'Object Repository/lab/Page_KDMC/select_--Select--Schedule 4X-r'

2018-05-28 10:05:13 - [MESSAGE][PASSED] - All options with index in [4] are selected on object 'Object Repository/lab/Page_KDMC/select_--Select--Schedule 4X-r'

2018-05-28 10:05:13 - [TEST_STEP][PASSED] - selectOptionByIndex: All options with index in [3] are selected on object 'Object Repository/lab/Page_KDMC/select_--Select--Automatic x-r'

2018-05-28 10:05:13 - [MESSAGE][PASSED] - All options with index in [3] are selected on object 'Object Repository/lab/Page_KDMC/select_--Select--Automatic x-r'

2018-05-28 10:05:13 - [TEST_STEP][PASSED] - setText: Text '10' is set on object 'Object Repository/lab/Page_KDMC/input_txttreat'

2018-05-28 10:05:13 - [MESSAGE][PASSED] - Text '10' is set on object 'Object Repository/lab/Page_KDMC/input_txttreat'

2018-05-28 10:05:13 - [TEST_STEP][PASSED] - click: Object: 'Object Repository/lab/Page_KDMC/button_Add' is clicked on

2018-05-28 10:05:13 - [MESSAGE][PASSED] - Object: 'Object Repository/lab/Page_KDMC/button_Add' is clicked on

2018-05-28 10:05:13 - [TEST_STEP][PASSED] - selectOptionByIndex: All options with index in [4] are selected on object 'Object Repository/lab/Page_KDMC/select_--Select--Schedule 4X-r'

2018-05-28 10:05:13 - [MESSAGE][PASSED] - All options with index in [4] are selected on object 'Object Repository/lab/Page_KDMC/select_--Select--Schedule 4X-r'

2018-05-28 10:05:13 - [TEST_STEP][PASSED] - selectOptionByIndex: All options with index in [4] are selected on object 'Object Repository/lab/Page_KDMC/select_--Select--Automatic x-r'

2018-05-28 10:05:13 - [MESSAGE][PASSED] - All options with index in [4] are selected on object 'Object Repository/lab/Page_KDMC/select_--Select--Automatic x-r'

2018-05-28 10:05:13 - [TEST_STEP][PASSED] - setText: Text '10' is set on object 'Object Repository/lab/Page_KDMC/input_txttreat'

2018-05-28 10:05:13 - [MESSAGE][PASSED] - Text '10' is set on object 'Object Repository/lab/Page_KDMC/input_txttreat'

2018-05-28 10:05:13 - [TEST_STEP][PASSED] - click: Object: 'Object Repository/lab/Page_KDMC/button_Add' is clicked on

2018-05-28 10:05:14 - [MESSAGE][PASSED] - Object: 'Object Repository/lab/Page_KDMC/button_Add' is clicked on

2018-05-28 10:05:14 - [TEST_STEP][PASSED] - selectOptionByIndex: All options with index in [4] are selected on object 'Object Repository/lab/Page_KDMC/select_--Select--Schedule 4X-r'

2018-05-28 10:05:14 - [MESSAGE][PASSED] - All options with index in [4] are selected on object 'Object Repository/lab/Page_KDMC/select_--Select--Schedule 4X-r'

2018-05-28 10:05:14 - [TEST_STEP][PASSED] - selectOptionByIndex: All options with index in [5] are selected on object 'Object Repository/lab/Page_KDMC/select_--Select--Automatic x-r'

2018-05-28 10:05:14 - [MESSAGE][PASSED] - All options with index in [5] are selected on object 'Object Repository/lab/Page_KDMC/select_--Select--Automatic x-r'

2018-05-28 10:05:14 - [TEST_STEP][PASSED] - setText: Text '10' is set on object 'Object Repository/lab/Page_KDMC/input_txttreat'

2018-05-28 10:05:14 - [MESSAGE][PASSED] - Text '10' is set on object 'Object Repository/lab/Page_KDMC/input_txttreat'

2018-05-28 10:05:14 - [TEST_STEP][PASSED] - click: Object: 'Object Repository/lab/Page_KDMC/button_Add' is clicked on

2018-05-28 10:05:14 - [MESSAGE][PASSED] - Object: 'Object Repository/lab/Page_KDMC/button_Add' is clicked on

2018-05-28 10:05:14 - [TEST_STEP][PASSED] - selectOptionByIndex: All options with index in [4] are selected on object 'Object Repository/lab/Page_KDMC/select_--Select--Schedule 4X-r'

2018-05-28 10:05:14 - [MESSAGE][PASSED] - All options with index in [4] are selected on object 'Object Repository/lab/Page_KDMC/select_--Select--Schedule 4X-r'

2018-05-28 10:05:14 - [TEST_STEP][PASSED] - selectOptionByIndex: All options with index in [6] are selected on object 'Object Repository/lab/Page_KDMC/select_--Select--Automatic x-r'

2018-05-28 10:05:14 - [MESSAGE][PASSED] - All options with index in [6] are selected on object 'Object Repository/lab/Page_KDMC/select_--Select--Automatic x-r'

2018-05-28 10:05:14 - [TEST_STEP][PASSED] - setText: Text '10' is set on object 'Object Repository/lab/Page_KDMC/input_txttreat'

2018-05-28 10:05:14 - [MESSAGE][PASSED] - Text '10' is set on object 'Object Repository/lab/Page_KDMC/input_txttreat'

2018-05-28 10:05:14 - [TEST_STEP][PASSED] - click: Object: 'Object Repository/lab/Page_KDMC/button_Add' is clicked on

2018-05-28 10:05:14 - [MESSAGE][PASSED] - Object: 'Object Repository/lab/Page_KDMC/button_Add' is clicked on

2018-05-28 10:05:14 - [TEST_STEP][PASSED] - selectOptionByIndex: All options with index in [4] are selected on object 'Object Repository/lab/Page_KDMC/select_--Select--Schedule 4X-r'

2018-05-28 10:05:15 - [MESSAGE][PASSED] - All options with index in [4] are selected on object 'Object Repository/lab/Page_KDMC/select_--Select--Schedule 4X-r'

2018-05-28 10:05:15 - [TEST_STEP][PASSED] - selectOptionByIndex: All options with index in [7] are selected on object 'Object Repository/lab/Page_KDMC/select_--Select--Automatic x-r'

2018-05-28 10:05:15 - [MESSAGE][PASSED] - All options with index in [7] are selected on object 'Object Repository/lab/Page_KDMC/select_--Select--Automatic x-r'

2018-05-28 10:05:15 - [TEST_STEP][PASSED] - setText: Text '10' is set on object 'Object Repository/lab/Page_KDMC/input_txttreat'

2018-05-28 10:05:15 - [MESSAGE][PASSED] - Text '10' is set on object 'Object Repository/lab/Page_KDMC/input_txttreat'

2018-05-28 10:05:15 - [TEST_STEP][PASSED] - click: Object: 'Object Repository/lab/Page_KDMC/button_Add' is clicked on

2018-05-28 10:05:15 - [MESSAGE][PASSED] - Object: 'Object Repository/lab/Page_KDMC/button_Add' is clicked on

2018-05-28 10:05:15 - [TEST_STEP][PASSED] - selectOptionByIndex: All options with index in [4] are selected on object 'Object Repository/lab/Page_KDMC/select_--Select--Schedule 4X-r'

2018-05-28 10:05:15 - [MESSAGE][PASSED] - All options with index in [4] are selected on object 'Object Repository/lab/Page_KDMC/select_--Select--Schedule 4X-r'

2018-05-28 10:05:15 - [TEST_STEP][PASSED] - selectOptionByIndex: All options with index in [8] are selected on object 'Object Repository/lab/Page_KDMC/select_--Select--Automatic x-r'

2018-05-28 10:05:15 - [MESSAGE][PASSED] - All options with index in [8] are selected on object 'Object Repository/lab/Page_KDMC/select_--Select--Automatic x-r'

2018-05-28 10:05:15 - [TEST_STEP][PASSED] - setText: Text '10' is set on object 'Object Repository/lab/Page_KDMC/input_txttreat'

2018-05-28 10:05:15 - [MESSAGE][PASSED] - Text '10' is set on object 'Object Repository/lab/Page_KDMC/input_txttreat'

2018-05-28 10:05:15 - [TEST_STEP][PASSED] - click: Object: 'Object Repository/lab/Page_KDMC/button_Add' is clicked on

2018-05-28 10:05:15 - [MESSAGE][PASSED] - Object: 'Object Repository/lab/Page_KDMC/button_Add' is clicked on

2018-05-28 10:05:15 - [TEST_STEP][PASSED] - selectOptionByIndex: All options with index in [4] are selected on object 'Object Repository/lab/Page_KDMC/select_--Select--Schedule 4X-r'

2018-05-28 10:05:16 - [MESSAGE][PASSED] - All options with index in [4] are selected on object 'Object Repository/lab/Page_KDMC/select_--Select--Schedule 4X-r'

2018-05-28 10:05:16 - [TEST_STEP][PASSED] - selectOptionByIndex: All options with index in [9] are selected on object 'Object Repository/lab/Page_KDMC/select_--Select--Automatic x-r'

2018-05-28 10:05:16 - [MESSAGE][PASSED] - All options with index in [9] are selected on object 'Object Repository/lab/Page_KDMC/select_--Select--Automatic x-r'

2018-05-28 10:05:16 - [TEST_STEP][PASSED] - setText: Text '10' is set on object 'Object Repository/lab/Page_KDMC/input_txttreat'

2018-05-28 10:05:16 - [MESSAGE][PASSED] - Text '10' is set on object 'Object Repository/lab/Page_KDMC/input_txttreat'

2018-05-28 10:05:16 - [TEST_STEP][PASSED] - click: Object: 'Object Repository/lab/Page_KDMC/button_Add' is clicked on

2018-05-28 10:05:16 - [MESSAGE][PASSED] - Object: 'Object Repository/lab/Page_KDMC/button_Add' is clicked on

2018-05-28 10:05:16 - [TEST_STEP][PASSED] - selectOptionByIndex: All options with index in [4] are selected on object 'Object Repository/lab/Page_KDMC/select_--Select--Schedule 4X-r'

2018-05-28 10:05:16 - [MESSAGE][PASSED] - All options with index in [4] are selected on object 'Object Repository/lab/Page_KDMC/select_--Select--Schedule 4X-r'

2018-05-28 10:05:16 - [TEST_STEP][PASSED] - selectOptionByIndex: All options with index in [10] are selected on object 'Object Repository/lab/Page_KDMC/select_--Select--Automatic x-r'

2018-05-28 10:05:16 - [MESSAGE][PASSED] - All options with index in [10] are selected on object 'Object Repository/lab/Page_KDMC/select_--Select--Automatic x-r'

2018-05-28 10:05:16 - [TEST_STEP][PASSED] - setText: Text '10' is set on object 'Object Repository/lab/Page_KDMC/input_txttreat'

2018-05-28 10:05:16 - [MESSAGE][PASSED] - Text '10' is set on object 'Object Repository/lab/Page_KDMC/input_txttreat'

2018-05-28 10:05:16 - [TEST_STEP][PASSED] - click: Object: 'Object Repository/lab/Page_KDMC/button_Add' is clicked on

2018-05-28 10:05:16 - [MESSAGE][PASSED] - Object: 'Object Repository/lab/Page_KDMC/button_Add' is clicked on

2018-05-28 10:05:16 - [TEST_STEP][PASSED] - selectOptionByIndex: All options with index in [4] are selected on object 'Object Repository/lab/Page_KDMC/select_--Select--Schedule 4X-r'

2018-05-28 10:05:17 - [MESSAGE][PASSED] - All options with index in [4] are selected on object 'Object Repository/lab/Page_KDMC/select_--Select--Schedule 4X-r'

2018-05-28 10:05:17 - [TEST_STEP][PASSED] - selectOptionByIndex: All options with index in [11] are selected on object 'Object Repository/lab/Page_KDMC/select_--Select--Automatic x-r'

2018-05-28 10:05:17 - [MESSAGE][PASSED] - All options with index in [11] are selected on object 'Object Repository/lab/Page_KDMC/select_--Select--Automatic x-r'

2018-05-28 10:05:17 - [TEST_STEP][PASSED] - setText: Text '10' is set on object 'Object Repository/lab/Page_KDMC/input_txttreat'

2018-05-28 10:05:17 - [MESSAGE][PASSED] - Text '10' is set on object 'Object Repository/lab/Page_KDMC/input_txttreat'

2018-05-28 10:05:17 - [TEST_STEP][PASSED] - click: Object: 'Object Repository/lab/Page_KDMC/button_Add' is clicked on

2018-05-28 10:05:17 - [MESSAGE][PASSED] - Object: 'Object Repository/lab/Page_KDMC/button_Add' is clicked on

2018-05-28 10:05:17 - [TEST_STEP][PASSED] - selectOptionByIndex: All options with index in [4] are selected on object 'Object Repository/lab/Page_KDMC/select_--Select--Schedule 4X-r'

2018-05-28 10:05:17 - [MESSAGE][PASSED] - All options with index in [4] are selected on object 'Object Repository/lab/Page_KDMC/select_--Select--Schedule 4X-r'

2018-05-28 10:05:17 - [TEST_STEP][PASSED] - selectOptionByIndex: All options with index in [12] are selected on object 'Object Repository/lab/Page_KDMC/select_--Select--Automatic x-r'

2018-05-28 10:05:17 - [MESSAGE][PASSED] - All options with index in [12] are selected on object 'Object Repository/lab/Page_KDMC/select_--Select--Automatic x-r'

2018-05-28 10:05:17 - [TEST_STEP][PASSED] - setText: Text '10' is set on object 'Object Repository/lab/Page_KDMC/input_txttreat'

2018-05-28 10:05:17 - [MESSAGE][PASSED] - Text '10' is set on object 'Object Repository/lab/Page_KDMC/input_txttreat'

2018-05-28 10:05:17 - [TEST_STEP][PASSED] - click: Object: 'Object Repository/lab/Page_KDMC/button_Add' is clicked on

2018-05-28 10:05:17 - [MESSAGE][PASSED] - Object: 'Object Repository/lab/Page_KDMC/button_Add' is clicked on

2018-05-28 10:05:17 - [TEST_STEP][PASSED] - selectOptionByIndex: All options with index in [4] are selected on object 'Object Repository/lab/Page_KDMC/select_--Select--Schedule 4X-r'

2018-05-28 10:05:18 - [MESSAGE][PASSED] - All options with index in [4] are selected on object 'Object Repository/lab/Page_KDMC/select_--Select--Schedule 4X-r'

2018-05-28 10:05:18 - [TEST_STEP][PASSED] - selectOptionByIndex: All options with index in [13] are selected on object 'Object Repository/lab/Page_KDMC/select_--Select--Automatic x-r'

2018-05-28 10:05:18 - [MESSAGE][PASSED] - All options with index in [13] are selected on object 'Object Repository/lab/Page_KDMC/select_--Select--Automatic x-r'

2018-05-28 10:05:18 - [TEST_STEP][PASSED] - setText: Text '10' is set on object 'Object Repository/lab/Page_KDMC/input_txttreat'

2018-05-28 10:05:18 - [MESSAGE][PASSED] - Text '10' is set on object 'Object Repository/lab/Page_KDMC/input_txttreat'

2018-05-28 10:05:18 - [TEST_STEP][PASSED] - click: Object: 'Object Repository/lab/Page_KDMC/button_Add' is clicked on

2018-05-28 10:05:18 - [MESSAGE][PASSED] - Object: 'Object Repository/lab/Page_KDMC/button_Add' is clicked on

2018-05-28 10:05:18 - [TEST_STEP][PASSED] - selectOptionByIndex: All options with index in [4] are selected on object 'Object Repository/lab/Page_KDMC/select_--Select--Schedule 4X-r'

2018-05-28 10:05:18 - [MESSAGE][PASSED] - All options with index in [4] are selected on object 'Object Repository/lab/Page_KDMC/select_--Select--Schedule 4X-r'

2018-05-28 10:05:18 - [TEST_STEP][PASSED] - selectOptionByIndex: All options with index in [14] are selected on object 'Object Repository/lab/Page_KDMC/select_--Select--Automatic x-r'

2018-05-28 10:05:18 - [MESSAGE][PASSED] - All options with index in [14] are selected on object 'Object Repository/lab/Page_KDMC/select_--Select--Automatic x-r'

2018-05-28 10:05:18 - [TEST_STEP][PASSED] - setText: Text '10' is set on object 'Object Repository/lab/Page_KDMC/input_txttreat'

2018-05-28 10:05:18 - [MESSAGE][PASSED] - Text '10' is set on object 'Object Repository/lab/Page_KDMC/input_txttreat'

2018-05-28 10:05:18 - [TEST_STEP][PASSED] - click: Object: 'Object Repository/lab/Page_KDMC/button_Add' is clicked on

2018-05-28 10:05:19 - [MESSAGE][PASSED] - Object: 'Object Repository/lab/Page_KDMC/button_Add' is clicked on

2018-05-28 10:05:19 - [TEST_STEP][PASSED] - selectOptionByIndex: All options with index in [4] are selected on object 'Object Repository/lab/Page_KDMC/select_--Select--Schedule 4X-r'

2018-05-28 10:05:19 - [MESSAGE][PASSED] - All options with index in [4] are selected on object 'Object Repository/lab/Page_KDMC/select_--Select--Schedule 4X-r'

2018-05-28 10:05:19 - [TEST_STEP][PASSED] - selectOptionByIndex: All options with index in [15] are selected on object 'Object Repository/lab/Page_KDMC/select_--Select--Automatic x-r'

2018-05-28 10:05:19 - [MESSAGE][PASSED] - All options with index in [15] are selected on object 'Object Repository/lab/Page_KDMC/select_--Select--Automatic x-r'

2018-05-28 10:05:19 - [TEST_STEP][PASSED] - setText: Text '10' is set on object 'Object Repository/lab/Page_KDMC/input_txttreat'

2018-05-28 10:05:19 - [MESSAGE][PASSED] - Text '10' is set on object 'Object Repository/lab/Page_KDMC/input_txttreat'

2018-05-28 10:05:19 - [TEST_STEP][PASSED] - click: Object: 'Object Repository/lab/Page_KDMC/button_Add' is clicked on

2018-05-28 10:05:19 - [MESSAGE][PASSED] - Object: 'Object Repository/lab/Page_KDMC/button_Add' is clicked on

2018-05-28 10:05:19 - [TEST_STEP][PASSED] - selectOptionByIndex: All options with index in [4] are selected on object 'Object Repository/lab/Page_KDMC/select_--Select--Schedule 4X-r'

2018-05-28 10:05:19 - [MESSAGE][PASSED] - All options with index in [4] are selected on object 'Object Repository/lab/Page_KDMC/select_--Select--Schedule 4X-r'

2018-05-28 10:05:19 - [TEST_STEP][PASSED] - selectOptionByIndex: All options with index in [16] are selected on object 'Object Repository/lab/Page_KDMC/select_--Select--Automatic x-r'

2018-05-28 10:05:20 - [MESSAGE][PASSED] - All options with index in [16] are selected on object 'Object Repository/lab/Page_KDMC/select_--Select--Automatic x-r'

2018-05-28 10:05:20 - [TEST_STEP][PASSED] - setText: Text '10' is set on object 'Object Repository/lab/Page_KDMC/input_txttreat'

2018-05-28 10:05:20 - [MESSAGE][PASSED] - Text '10' is set on object 'Object Repository/lab/Page_KDMC/input_txttreat'

2018-05-28 10:05:20 - [TEST_STEP][PASSED] - click: Object: 'Object Repository/lab/Page_KDMC/button_Add' is clicked on

2018-05-28 10:05:20 - [MESSAGE][PASSED] - Object: 'Object Repository/lab/Page_KDMC/button_Add' is clicked on

2018-05-28 10:05:20 - [TEST_STEP][PASSED] - selectOptionByIndex: All options with index in [4] are selected on object 'Object Repository/lab/Page_KDMC/select_--Select--Schedule 4X-r'

2018-05-28 10:05:20 - [MESSAGE][PASSED] - All options with index in [4] are selected on object 'Object Repository/lab/Page_KDMC/select_--Select--Schedule 4X-r'

2018-05-28 10:05:20 - [TEST_STEP][PASSED] - selectOptionByIndex: All options with index in [17] are selected on object 'Object Repository/lab/Page_KDMC/select_--Select--Automatic x-r'

2018-05-28 10:05:20 - [MESSAGE][PASSED] - All options with index in [17] are selected on object 'Object Repository/lab/Page_KDMC/select_--Select--Automatic x-r'

2018-05-28 10:05:20 - [TEST_STEP][PASSED] - setText: Text '10' is set on object 'Object Repository/lab/Page_KDMC/input_txttreat'

2018-05-28 10:05:20 - [MESSAGE][PASSED] - Text '10' is set on object 'Object Repository/lab/Page_KDMC/input_txttreat'

2018-05-28 10:05:20 - [TEST_STEP][PASSED] - click: Object: 'Object Repository/lab/Page_KDMC/button_Add' is clicked on

2018-05-28 10:05:20 - [MESSAGE][PASSED] - Object: 'Object Repository/lab/Page_KDMC/button_Add' is clicked on

2018-05-28 10:05:20 - [TEST_STEP][PASSED] - Statement - RN1 = com.kms.katalon.core.webui.keyword.WebUiBuiltInKeywords.getAttribute(com.kms.katalon.core.testobject.ObjectRepository.findTestObject(lab/Page_KDMC/input_txtno), "value"): Attribute 'value' of object 'Object Repository/lab/Page_KDMC/input_txtno' is: 'LRNO/28052018/200'

2018-05-28 10:05:20 - [MESSAGE][PASSED] - Attribute 'value' of object 'Object Repository/lab/Page_KDMC/input_txtno' is: 'LRNO/28052018/200'

2018-05-28 10:05:20 - [TEST_STEP][PASSED] - Statement - out.println(RN1): null

2018-05-28 10:05:20 - [TEST_STEP][PASSED] - Statement - RID = RN1.split("/")[2]: null

2018-05-28 10:05:20 - [TEST_STEP][PASSED] - scrollToElement: Scroll to object 'Object Repository/lab/Page_KDMC/input_btnsave' successfully

2018-05-28 10:05:20 - [MESSAGE][PASSED] - Scroll to object 'Object Repository/lab/Page_KDMC/input_btnsave' successfully

2018-05-28 10:05:20 - [TEST_STEP][PASSED] - click: Object: 'Object Repository/lab/Page_KDMC/input_btnsave' is clicked on

2018-05-28 10:05:20 - [MESSAGE][PASSED] - Object: 'Object Repository/lab/Page_KDMC/input_btnsave' is clicked on

2018-05-28 10:05:20 - [TEST_STEP][PASSED] - delay: Delayed 3 second(s)

2018-05-28 10:05:23 - [MESSAGE][PASSED] - Delayed 3 second(s)

2018-05-28 10:05:23 - [TEST_STEP][FAILED] - click: Unable to click on object 'Object Repository/lab/Page_KDMC/button_OK' (Root cause: org.openqa.selenium.UnhandledAlertException: unexpected alert open: {Alert text : Already Exist this Request No !}
  (Session info: chrome=66.0.3359.181)
  (Driver info: chromedriver=2.35.528161 (5b82f2d2aae0ca24b877009200ced9065a772e73),platform=Windows NT 10.0.17134 x86_64) (WARNING: The server did not provide any stacktrace information)
Command duration or timeout: 0 milliseconds: null
Build info: version: '3.7.1', revision: '8a0099a', time: '2017-11-06T21:07:36.161Z'
System info: host: 'DESKTOP-BLFTK83', ip: '169.254.189.85', os.name: 'Windows 10', os.arch: 'amd64', os.version: '10.0', java.version: '1.8.0_102'
Driver info: com.kms.katalon.selenium.driver.CChromeDriver
Capabilities {acceptInsecureCerts: false, acceptSslCerts: false, applicationCacheEnabled: false, browserConnectionEnabled: false, browserName: chrome, chrome: {chromedriverVersion: 2.35.528161 (5b82f2d2aae0ca..., userDataDir: C:\Users\QUALIT~1\AppData\L...}, cssSelectorsEnabled: true, databaseEnabled: false, handlesAlerts: true, hasTouchScreen: false, javascriptEnabled: true, locationContextEnabled: true, mobileEmulationEnabled: false, nativeEvents: true, networkConnectionEnabled: false, pageLoadStrategy: normal, platform: XP, platformName: XP, rotatable: false, setWindowRect: true, takesHeapSnapshot: true, takesScreenshot: true, unexpectedAlertBehaviour: , unhandledPromptBehavior: , version: 66.0.3359.181, webStorageEnabled: true}
Session ID: 6c589327c491227209cb24cac001f0d0
*** Element info: {Using=xpath, value=/html/body/div[8]/div/div/div[2]/button[count(. | //button[@data-bb-handler = 'ok' and @type = 'button' and @class = 'btn btn-primary' and (text() = 'OK' or . = 'OK')]) = count(//button[@data-bb-handler = 'ok' and @type = 'button' and @class = 'btn btn-primary' and (text() = 'OK' or . = 'OK')])]})

2018-05-28 10:05:23 - [MESSAGE][WARNING] - Cannot take screenshot

2018-05-28 10:05:23 - [MESSAGE][FAILED] - Unable to click on object 'Object Repository/lab/Page_KDMC/button_OK' (Root cause: org.openqa.selenium.UnhandledAlertException: unexpected alert open: {Alert text : Already Exist this Request No !}
  (Session info: chrome=66.0.3359.181)
  (Driver info: chromedriver=2.35.528161 (5b82f2d2aae0ca24b877009200ced9065a772e73),platform=Windows NT 10.0.17134 x86_64) (WARNING: The server did not provide any stacktrace information)
Command duration or timeout: 0 milliseconds: null
Build info: version: '3.7.1', revision: '8a0099a', time: '2017-11-06T21:07:36.161Z'
System info: host: 'DESKTOP-BLFTK83', ip: '169.254.189.85', os.name: 'Windows 10', os.arch: 'amd64', os.version: '10.0', java.version: '1.8.0_102'
Driver info: com.kms.katalon.selenium.driver.CChromeDriver
Capabilities {acceptInsecureCerts: false, acceptSslCerts: false, applicationCacheEnabled: false, browserConnectionEnabled: false, browserName: chrome, chrome: {chromedriverVersion: 2.35.528161 (5b82f2d2aae0ca..., userDataDir: C:\Users\QUALIT~1\AppData\L...}, cssSelectorsEnabled: true, databaseEnabled: false, handlesAlerts: true, hasTouchScreen: false, javascriptEnabled: true, locationContextEnabled: true, mobileEmulationEnabled: false, nativeEvents: true, networkConnectionEnabled: false, pageLoadStrategy: normal, platform: XP, platformName: XP, rotatable: false, setWindowRect: true, takesHeapSnapshot: true, takesScreenshot: true, unexpectedAlertBehaviour: , unhandledPromptBehavior: , version: 66.0.3359.181, webStorageEnabled: true}
Session ID: 6c589327c491227209cb24cac001f0d0
*** Element info: {Using=xpath, value=/html/body/div[8]/div/div/div[2]/button[count(. | //button[@data-bb-handler = 'ok' and @type = 'button' and @class = 'btn btn-primary' and (text() = 'OK' or . = 'OK')]) = count(//button[@data-bb-handler = 'ok' and @type = 'button' and @class = 'btn btn-primary' and (text() = 'OK' or . = 'OK')])]})]]></system-out>
         <system-err><![CDATA[2018-05-28 10:04:50 - [TEST_CASE][FAILED] - Test Cases/INVESTIGATION TEST CASES/TC_INV_004 Verify Schedule 8 Investigation Request Are Working Successfully Or Not: Test Cases/INVESTIGATION TEST CASES/TC_INV_004 Verify Schedule 8 Investigation Request Are Working Successfully Or Not FAILED because (of) Unable to click on object 'Object Repository/lab/Page_KDMC/button_OK' (Root cause: org.openqa.selenium.UnhandledAlertException: unexpected alert open: {Alert text : Already Exist this Request No !}
  (Session info: chrome=66.0.3359.181)
  (Driver info: chromedriver=2.35.528161 (5b82f2d2aae0ca24b877009200ced9065a772e73),platform=Windows NT 10.0.17134 x86_64) (WARNING: The server did not provide any stacktrace information)
Command duration or timeout: 0 milliseconds: null
Build info: version: '3.7.1', revision: '8a0099a', time: '2017-11-06T21:07:36.161Z'
System info: host: 'DESKTOP-BLFTK83', ip: '169.254.189.85', os.name: 'Windows 10', os.arch: 'amd64', os.version: '10.0', java.version: '1.8.0_102'
Driver info: com.kms.katalon.selenium.driver.CChromeDriver
Capabilities {acceptInsecureCerts: false, acceptSslCerts: false, applicationCacheEnabled: false, browserConnectionEnabled: false, browserName: chrome, chrome: {chromedriverVersion: 2.35.528161 (5b82f2d2aae0ca..., userDataDir: C:\Users\QUALIT~1\AppData\L...}, cssSelectorsEnabled: true, databaseEnabled: false, handlesAlerts: true, hasTouchScreen: false, javascriptEnabled: true, locationContextEnabled: true, mobileEmulationEnabled: false, nativeEvents: true, networkConnectionEnabled: false, pageLoadStrategy: normal, platform: XP, platformName: XP, rotatable: false, setWindowRect: true, takesHeapSnapshot: true, takesScreenshot: true, unexpectedAlertBehaviour: , unhandledPromptBehavior: , version: 66.0.3359.181, webStorageEnabled: true}
Session ID: 6c589327c491227209cb24cac001f0d0
*** Element info: {Using=xpath, value=/html/body/div[8]/div/div/div[2]/button[count(. | //button[@data-bb-handler = 'ok' and @type = 'button' and @class = 'btn btn-primary' and (text() = 'OK' or . = 'OK')]) = count(//button[@data-bb-handler = 'ok' and @type = 'button' and @class = 'btn btn-primary' and (text() = 'OK' or . = 'OK')])]})]]></system-err>
      </testcase>
      <testcase name="Test Cases/INVESTIGATION TEST CASES/TC_INV_005 Verify Schedule 10 Investigation Request Are Working Successfully Or No" classname="Test Cases/INVESTIGATION TEST CASES/TC_INV_005 Verify Schedule 10 Investigation Request Are Working Successfully Or No" status="FAILED">
         <failure type="FAILED" message="Unable to click on object 'Object Repository/lab/Page_Store/input_1' (Root cause: com.kms.katalon.core.webui.exception.WebElementNotFoundException: Web element with id: 'Object Repository/lab/Page_Store/input_1' located by 'By.xpath: //*[@id=201][count(. | //input[@type = 'button']) = count(//input[@type = 'button'])]' not found)"/>
         <system-out><![CDATA[2018-05-28 10:05:23 - [TEST_CASE][FAILED] - Test Cases/INVESTIGATION TEST CASES/TC_INV_005 Verify Schedule 10 Investigation Request Are Working Successfully Or No: Test Cases/INVESTIGATION TEST CASES/TC_INV_005 Verify Schedule 10 Investigation Request Are Working Successfully Or No FAILED because (of) Unable to click on object 'Object Repository/lab/Page_Store/input_1' (Root cause: com.kms.katalon.core.webui.exception.WebElementNotFoundException: Web element with id: 'Object Repository/lab/Page_Store/input_1' located by 'By.xpath: //*[@id=201][count(. | //input[@type = 'button']) = count(//input[@type = 'button'])]' not found)

2018-05-28 10:05:24 - [TEST_STEP][PASSED] - openBrowser: Browser is opened with url: ''

2018-05-28 10:05:24 - [MESSAGE][WARNING] - A browser is already opened. Closing browser and opening a new one

2018-05-28 10:05:26 - [MESSAGE][PASSED] - Browser is opened with url: ''

2018-05-28 10:05:26 - [TEST_STEP][PASSED] - navigateToUrl: Navigate to 'http://192.168.137.1/multihospital_new/' successfully

2018-05-28 10:05:29 - [MESSAGE][PASSED] - Navigate to 'http://192.168.137.1/multihospital_new/' successfully

2018-05-28 10:05:29 - [TEST_STEP][PASSED] - Statement - out.println(" Verify Schedule 10 Investigation Request Are Working Successfully Or Not"): null

2018-05-28 10:05:29 - [TEST_STEP][PASSED] - maximizeWindow: Current window maximized

2018-05-28 10:05:30 - [MESSAGE][PASSED] - Current window maximized

2018-05-28 10:05:30 - [TEST_STEP][PASSED] - click: Object: 'Object Repository/lab/Page_KDMC/a_Investigation' is clicked on

2018-05-28 10:05:32 - [MESSAGE][PASSED] - Object: 'Object Repository/lab/Page_KDMC/a_Investigation' is clicked on

2018-05-28 10:05:32 - [TEST_STEP][PASSED] - setText: Text 'manoj' is set on object 'Object Repository/lab/Page_Investigation login/input_txtusername'

2018-05-28 10:05:32 - [MESSAGE][PASSED] - Text 'manoj' is set on object 'Object Repository/lab/Page_Investigation login/input_txtusername'

2018-05-28 10:05:32 - [TEST_STEP][PASSED] - setText: Text '123' is set on object 'Object Repository/lab/Page_Investigation login/input_txtpassword'

2018-05-28 10:05:32 - [MESSAGE][PASSED] - Text '123' is set on object 'Object Repository/lab/Page_Investigation login/input_txtpassword'

2018-05-28 10:05:32 - [TEST_STEP][PASSED] - delay: Delayed 3 second(s)

2018-05-28 10:05:35 - [MESSAGE][PASSED] - Delayed 3 second(s)

2018-05-28 10:05:35 - [TEST_STEP][PASSED] - click: Object: 'Object Repository/lab/Page_Investigation login/button_Sign in' is clicked on

2018-05-28 10:05:38 - [MESSAGE][PASSED] - Object: 'Object Repository/lab/Page_Investigation login/button_Sign in' is clicked on

2018-05-28 10:05:38 - [TEST_STEP][PASSED] - click: Object: 'Object Repository/lab/Page_KDMC/a_Store Request' is clicked on

2018-05-28 10:05:39 - [MESSAGE][PASSED] - Object: 'Object Repository/lab/Page_KDMC/a_Store Request' is clicked on

2018-05-28 10:05:39 - [TEST_STEP][PASSED] - delay: Delayed 2 second(s)

2018-05-28 10:05:41 - [MESSAGE][PASSED] - Delayed 2 second(s)

2018-05-28 10:05:41 - [TEST_STEP][PASSED] - click: Object: 'Object Repository/lab/Page_KDMC/a_Medicine Request' is clicked on

2018-05-28 10:05:42 - [MESSAGE][PASSED] - Object: 'Object Repository/lab/Page_KDMC/a_Medicine Request' is clicked on

2018-05-28 10:05:42 - [TEST_STEP][PASSED] - selectOptionByIndex: All options with index in [5] are selected on object 'Object Repository/lab/Page_KDMC/select_--Select--Schedule 4X-r'

2018-05-28 10:05:42 - [MESSAGE][PASSED] - All options with index in [5] are selected on object 'Object Repository/lab/Page_KDMC/select_--Select--Schedule 4X-r'

2018-05-28 10:05:42 - [TEST_STEP][PASSED] - Statement - medicineslength = com.kms.katalon.core.webui.keyword.WebUiBuiltInKeywords.getNumberOfTotalOption(com.kms.katalon.core.testobject.ObjectRepository.findTestObject(lab/Page_KDMC/select_--Select--Automatic x-r)): 19 options of object 'Object Repository/lab/Page_KDMC/select_--Select--Automatic x-r' counted

2018-05-28 10:05:42 - [MESSAGE][PASSED] - 19 options of object 'Object Repository/lab/Page_KDMC/select_--Select--Automatic x-r' counted

2018-05-28 10:05:42 - [TEST_STEP][PASSED] - Statement - For ([e = 1, e < medicineslength, (e++)]): Object: 'Object Repository/lab/Page_KDMC/button_Add' is clicked on

2018-05-28 10:05:42 - [TEST_STEP][PASSED] - selectOptionByIndex: All options with index in [5] are selected on object 'Object Repository/lab/Page_KDMC/select_--Select--Schedule 4X-r'

2018-05-28 10:05:42 - [MESSAGE][PASSED] - All options with index in [5] are selected on object 'Object Repository/lab/Page_KDMC/select_--Select--Schedule 4X-r'

2018-05-28 10:05:42 - [TEST_STEP][PASSED] - selectOptionByIndex: All options with index in [1] are selected on object 'Object Repository/lab/Page_KDMC/select_--Select--Automatic x-r'

2018-05-28 10:05:42 - [MESSAGE][PASSED] - All options with index in [1] are selected on object 'Object Repository/lab/Page_KDMC/select_--Select--Automatic x-r'

2018-05-28 10:05:42 - [TEST_STEP][PASSED] - setText: Text '10' is set on object 'Object Repository/lab/Page_KDMC/input_txttreat'

2018-05-28 10:05:43 - [MESSAGE][PASSED] - Text '10' is set on object 'Object Repository/lab/Page_KDMC/input_txttreat'

2018-05-28 10:05:43 - [TEST_STEP][PASSED] - click: Object: 'Object Repository/lab/Page_KDMC/button_Add' is clicked on

2018-05-28 10:05:43 - [MESSAGE][PASSED] - Object: 'Object Repository/lab/Page_KDMC/button_Add' is clicked on

2018-05-28 10:05:43 - [TEST_STEP][PASSED] - selectOptionByIndex: All options with index in [5] are selected on object 'Object Repository/lab/Page_KDMC/select_--Select--Schedule 4X-r'

2018-05-28 10:05:43 - [MESSAGE][PASSED] - All options with index in [5] are selected on object 'Object Repository/lab/Page_KDMC/select_--Select--Schedule 4X-r'

2018-05-28 10:05:43 - [TEST_STEP][PASSED] - selectOptionByIndex: All options with index in [2] are selected on object 'Object Repository/lab/Page_KDMC/select_--Select--Automatic x-r'

2018-05-28 10:05:43 - [MESSAGE][PASSED] - All options with index in [2] are selected on object 'Object Repository/lab/Page_KDMC/select_--Select--Automatic x-r'

2018-05-28 10:05:43 - [TEST_STEP][PASSED] - setText: Text '10' is set on object 'Object Repository/lab/Page_KDMC/input_txttreat'

2018-05-28 10:05:43 - [MESSAGE][PASSED] - Text '10' is set on object 'Object Repository/lab/Page_KDMC/input_txttreat'

2018-05-28 10:05:43 - [TEST_STEP][PASSED] - click: Object: 'Object Repository/lab/Page_KDMC/button_Add' is clicked on

2018-05-28 10:05:43 - [MESSAGE][PASSED] - Object: 'Object Repository/lab/Page_KDMC/button_Add' is clicked on

2018-05-28 10:05:43 - [TEST_STEP][PASSED] - selectOptionByIndex: All options with index in [5] are selected on object 'Object Repository/lab/Page_KDMC/select_--Select--Schedule 4X-r'

2018-05-28 10:05:43 - [MESSAGE][PASSED] - All options with index in [5] are selected on object 'Object Repository/lab/Page_KDMC/select_--Select--Schedule 4X-r'

2018-05-28 10:05:43 - [TEST_STEP][PASSED] - selectOptionByIndex: All options with index in [3] are selected on object 'Object Repository/lab/Page_KDMC/select_--Select--Automatic x-r'

2018-05-28 10:05:44 - [MESSAGE][PASSED] - All options with index in [3] are selected on object 'Object Repository/lab/Page_KDMC/select_--Select--Automatic x-r'

2018-05-28 10:05:44 - [TEST_STEP][PASSED] - setText: Text '10' is set on object 'Object Repository/lab/Page_KDMC/input_txttreat'

2018-05-28 10:05:44 - [MESSAGE][PASSED] - Text '10' is set on object 'Object Repository/lab/Page_KDMC/input_txttreat'

2018-05-28 10:05:44 - [TEST_STEP][PASSED] - click: Object: 'Object Repository/lab/Page_KDMC/button_Add' is clicked on

2018-05-28 10:05:44 - [MESSAGE][PASSED] - Object: 'Object Repository/lab/Page_KDMC/button_Add' is clicked on

2018-05-28 10:05:44 - [TEST_STEP][PASSED] - selectOptionByIndex: All options with index in [5] are selected on object 'Object Repository/lab/Page_KDMC/select_--Select--Schedule 4X-r'

2018-05-28 10:05:44 - [MESSAGE][PASSED] - All options with index in [5] are selected on object 'Object Repository/lab/Page_KDMC/select_--Select--Schedule 4X-r'

2018-05-28 10:05:44 - [TEST_STEP][PASSED] - selectOptionByIndex: All options with index in [4] are selected on object 'Object Repository/lab/Page_KDMC/select_--Select--Automatic x-r'

2018-05-28 10:05:44 - [MESSAGE][PASSED] - All options with index in [4] are selected on object 'Object Repository/lab/Page_KDMC/select_--Select--Automatic x-r'

2018-05-28 10:05:44 - [TEST_STEP][PASSED] - setText: Text '10' is set on object 'Object Repository/lab/Page_KDMC/input_txttreat'

2018-05-28 10:05:44 - [MESSAGE][PASSED] - Text '10' is set on object 'Object Repository/lab/Page_KDMC/input_txttreat'

2018-05-28 10:05:44 - [TEST_STEP][PASSED] - click: Object: 'Object Repository/lab/Page_KDMC/button_Add' is clicked on

2018-05-28 10:05:44 - [MESSAGE][PASSED] - Object: 'Object Repository/lab/Page_KDMC/button_Add' is clicked on

2018-05-28 10:05:44 - [TEST_STEP][PASSED] - selectOptionByIndex: All options with index in [5] are selected on object 'Object Repository/lab/Page_KDMC/select_--Select--Schedule 4X-r'

2018-05-28 10:05:44 - [MESSAGE][PASSED] - All options with index in [5] are selected on object 'Object Repository/lab/Page_KDMC/select_--Select--Schedule 4X-r'

2018-05-28 10:05:44 - [TEST_STEP][PASSED] - selectOptionByIndex: All options with index in [5] are selected on object 'Object Repository/lab/Page_KDMC/select_--Select--Automatic x-r'

2018-05-28 10:05:45 - [MESSAGE][PASSED] - All options with index in [5] are selected on object 'Object Repository/lab/Page_KDMC/select_--Select--Automatic x-r'

2018-05-28 10:05:45 - [TEST_STEP][PASSED] - setText: Text '10' is set on object 'Object Repository/lab/Page_KDMC/input_txttreat'

2018-05-28 10:05:45 - [MESSAGE][PASSED] - Text '10' is set on object 'Object Repository/lab/Page_KDMC/input_txttreat'

2018-05-28 10:05:45 - [TEST_STEP][PASSED] - click: Object: 'Object Repository/lab/Page_KDMC/button_Add' is clicked on

2018-05-28 10:05:45 - [MESSAGE][PASSED] - Object: 'Object Repository/lab/Page_KDMC/button_Add' is clicked on

2018-05-28 10:05:45 - [TEST_STEP][PASSED] - selectOptionByIndex: All options with index in [5] are selected on object 'Object Repository/lab/Page_KDMC/select_--Select--Schedule 4X-r'

2018-05-28 10:05:45 - [MESSAGE][PASSED] - All options with index in [5] are selected on object 'Object Repository/lab/Page_KDMC/select_--Select--Schedule 4X-r'

2018-05-28 10:05:45 - [TEST_STEP][PASSED] - selectOptionByIndex: All options with index in [6] are selected on object 'Object Repository/lab/Page_KDMC/select_--Select--Automatic x-r'

2018-05-28 10:05:45 - [MESSAGE][PASSED] - All options with index in [6] are selected on object 'Object Repository/lab/Page_KDMC/select_--Select--Automatic x-r'

2018-05-28 10:05:45 - [TEST_STEP][PASSED] - setText: Text '10' is set on object 'Object Repository/lab/Page_KDMC/input_txttreat'

2018-05-28 10:05:45 - [MESSAGE][PASSED] - Text '10' is set on object 'Object Repository/lab/Page_KDMC/input_txttreat'

2018-05-28 10:05:45 - [TEST_STEP][PASSED] - click: Object: 'Object Repository/lab/Page_KDMC/button_Add' is clicked on

2018-05-28 10:05:45 - [MESSAGE][PASSED] - Object: 'Object Repository/lab/Page_KDMC/button_Add' is clicked on

2018-05-28 10:05:45 - [TEST_STEP][PASSED] - selectOptionByIndex: All options with index in [5] are selected on object 'Object Repository/lab/Page_KDMC/select_--Select--Schedule 4X-r'

2018-05-28 10:05:45 - [MESSAGE][PASSED] - All options with index in [5] are selected on object 'Object Repository/lab/Page_KDMC/select_--Select--Schedule 4X-r'

2018-05-28 10:05:45 - [TEST_STEP][PASSED] - selectOptionByIndex: All options with index in [7] are selected on object 'Object Repository/lab/Page_KDMC/select_--Select--Automatic x-r'

2018-05-28 10:05:46 - [MESSAGE][PASSED] - All options with index in [7] are selected on object 'Object Repository/lab/Page_KDMC/select_--Select--Automatic x-r'

2018-05-28 10:05:46 - [TEST_STEP][PASSED] - setText: Text '10' is set on object 'Object Repository/lab/Page_KDMC/input_txttreat'

2018-05-28 10:05:46 - [MESSAGE][PASSED] - Text '10' is set on object 'Object Repository/lab/Page_KDMC/input_txttreat'

2018-05-28 10:05:46 - [TEST_STEP][PASSED] - click: Object: 'Object Repository/lab/Page_KDMC/button_Add' is clicked on

2018-05-28 10:05:46 - [MESSAGE][PASSED] - Object: 'Object Repository/lab/Page_KDMC/button_Add' is clicked on

2018-05-28 10:05:46 - [TEST_STEP][PASSED] - selectOptionByIndex: All options with index in [5] are selected on object 'Object Repository/lab/Page_KDMC/select_--Select--Schedule 4X-r'

2018-05-28 10:05:46 - [MESSAGE][PASSED] - All options with index in [5] are selected on object 'Object Repository/lab/Page_KDMC/select_--Select--Schedule 4X-r'

2018-05-28 10:05:46 - [TEST_STEP][PASSED] - selectOptionByIndex: All options with index in [8] are selected on object 'Object Repository/lab/Page_KDMC/select_--Select--Automatic x-r'

2018-05-28 10:05:46 - [MESSAGE][PASSED] - All options with index in [8] are selected on object 'Object Repository/lab/Page_KDMC/select_--Select--Automatic x-r'

2018-05-28 10:05:46 - [TEST_STEP][PASSED] - setText: Text '10' is set on object 'Object Repository/lab/Page_KDMC/input_txttreat'

2018-05-28 10:05:46 - [MESSAGE][PASSED] - Text '10' is set on object 'Object Repository/lab/Page_KDMC/input_txttreat'

2018-05-28 10:05:46 - [TEST_STEP][PASSED] - click: Object: 'Object Repository/lab/Page_KDMC/button_Add' is clicked on

2018-05-28 10:05:46 - [MESSAGE][PASSED] - Object: 'Object Repository/lab/Page_KDMC/button_Add' is clicked on

2018-05-28 10:05:46 - [TEST_STEP][PASSED] - selectOptionByIndex: All options with index in [5] are selected on object 'Object Repository/lab/Page_KDMC/select_--Select--Schedule 4X-r'

2018-05-28 10:05:46 - [MESSAGE][PASSED] - All options with index in [5] are selected on object 'Object Repository/lab/Page_KDMC/select_--Select--Schedule 4X-r'

2018-05-28 10:05:46 - [TEST_STEP][PASSED] - selectOptionByIndex: All options with index in [9] are selected on object 'Object Repository/lab/Page_KDMC/select_--Select--Automatic x-r'

2018-05-28 10:05:47 - [MESSAGE][PASSED] - All options with index in [9] are selected on object 'Object Repository/lab/Page_KDMC/select_--Select--Automatic x-r'

2018-05-28 10:05:47 - [TEST_STEP][PASSED] - setText: Text '10' is set on object 'Object Repository/lab/Page_KDMC/input_txttreat'

2018-05-28 10:05:47 - [MESSAGE][PASSED] - Text '10' is set on object 'Object Repository/lab/Page_KDMC/input_txttreat'

2018-05-28 10:05:47 - [TEST_STEP][PASSED] - click: Object: 'Object Repository/lab/Page_KDMC/button_Add' is clicked on

2018-05-28 10:05:47 - [MESSAGE][PASSED] - Object: 'Object Repository/lab/Page_KDMC/button_Add' is clicked on

2018-05-28 10:05:47 - [TEST_STEP][PASSED] - selectOptionByIndex: All options with index in [5] are selected on object 'Object Repository/lab/Page_KDMC/select_--Select--Schedule 4X-r'

2018-05-28 10:05:47 - [MESSAGE][PASSED] - All options with index in [5] are selected on object 'Object Repository/lab/Page_KDMC/select_--Select--Schedule 4X-r'

2018-05-28 10:05:47 - [TEST_STEP][PASSED] - selectOptionByIndex: All options with index in [10] are selected on object 'Object Repository/lab/Page_KDMC/select_--Select--Automatic x-r'

2018-05-28 10:05:47 - [MESSAGE][PASSED] - All options with index in [10] are selected on object 'Object Repository/lab/Page_KDMC/select_--Select--Automatic x-r'

2018-05-28 10:05:47 - [TEST_STEP][PASSED] - setText: Text '10' is set on object 'Object Repository/lab/Page_KDMC/input_txttreat'

2018-05-28 10:05:47 - [MESSAGE][PASSED] - Text '10' is set on object 'Object Repository/lab/Page_KDMC/input_txttreat'

2018-05-28 10:05:47 - [TEST_STEP][PASSED] - click: Object: 'Object Repository/lab/Page_KDMC/button_Add' is clicked on

2018-05-28 10:05:47 - [MESSAGE][PASSED] - Object: 'Object Repository/lab/Page_KDMC/button_Add' is clicked on

2018-05-28 10:05:47 - [TEST_STEP][PASSED] - selectOptionByIndex: All options with index in [5] are selected on object 'Object Repository/lab/Page_KDMC/select_--Select--Schedule 4X-r'

2018-05-28 10:05:47 - [MESSAGE][PASSED] - All options with index in [5] are selected on object 'Object Repository/lab/Page_KDMC/select_--Select--Schedule 4X-r'

2018-05-28 10:05:47 - [TEST_STEP][PASSED] - selectOptionByIndex: All options with index in [11] are selected on object 'Object Repository/lab/Page_KDMC/select_--Select--Automatic x-r'

2018-05-28 10:05:48 - [MESSAGE][PASSED] - All options with index in [11] are selected on object 'Object Repository/lab/Page_KDMC/select_--Select--Automatic x-r'

2018-05-28 10:05:48 - [TEST_STEP][PASSED] - setText: Text '10' is set on object 'Object Repository/lab/Page_KDMC/input_txttreat'

2018-05-28 10:05:48 - [MESSAGE][PASSED] - Text '10' is set on object 'Object Repository/lab/Page_KDMC/input_txttreat'

2018-05-28 10:05:48 - [TEST_STEP][PASSED] - click: Object: 'Object Repository/lab/Page_KDMC/button_Add' is clicked on

2018-05-28 10:05:48 - [MESSAGE][PASSED] - Object: 'Object Repository/lab/Page_KDMC/button_Add' is clicked on

2018-05-28 10:05:48 - [TEST_STEP][PASSED] - selectOptionByIndex: All options with index in [5] are selected on object 'Object Repository/lab/Page_KDMC/select_--Select--Schedule 4X-r'

2018-05-28 10:05:48 - [MESSAGE][PASSED] - All options with index in [5] are selected on object 'Object Repository/lab/Page_KDMC/select_--Select--Schedule 4X-r'

2018-05-28 10:05:48 - [TEST_STEP][PASSED] - selectOptionByIndex: All options with index in [12] are selected on object 'Object Repository/lab/Page_KDMC/select_--Select--Automatic x-r'

2018-05-28 10:05:48 - [MESSAGE][PASSED] - All options with index in [12] are selected on object 'Object Repository/lab/Page_KDMC/select_--Select--Automatic x-r'

2018-05-28 10:05:48 - [TEST_STEP][PASSED] - setText: Text '10' is set on object 'Object Repository/lab/Page_KDMC/input_txttreat'

2018-05-28 10:05:48 - [MESSAGE][PASSED] - Text '10' is set on object 'Object Repository/lab/Page_KDMC/input_txttreat'

2018-05-28 10:05:48 - [TEST_STEP][PASSED] - click: Object: 'Object Repository/lab/Page_KDMC/button_Add' is clicked on

2018-05-28 10:05:48 - [MESSAGE][PASSED] - Object: 'Object Repository/lab/Page_KDMC/button_Add' is clicked on

2018-05-28 10:05:48 - [TEST_STEP][PASSED] - selectOptionByIndex: All options with index in [5] are selected on object 'Object Repository/lab/Page_KDMC/select_--Select--Schedule 4X-r'

2018-05-28 10:05:48 - [MESSAGE][PASSED] - All options with index in [5] are selected on object 'Object Repository/lab/Page_KDMC/select_--Select--Schedule 4X-r'

2018-05-28 10:05:48 - [TEST_STEP][PASSED] - selectOptionByIndex: All options with index in [13] are selected on object 'Object Repository/lab/Page_KDMC/select_--Select--Automatic x-r'

2018-05-28 10:05:49 - [MESSAGE][PASSED] - All options with index in [13] are selected on object 'Object Repository/lab/Page_KDMC/select_--Select--Automatic x-r'

2018-05-28 10:05:49 - [TEST_STEP][PASSED] - setText: Text '10' is set on object 'Object Repository/lab/Page_KDMC/input_txttreat'

2018-05-28 10:05:49 - [MESSAGE][PASSED] - Text '10' is set on object 'Object Repository/lab/Page_KDMC/input_txttreat'

2018-05-28 10:05:49 - [TEST_STEP][PASSED] - click: Object: 'Object Repository/lab/Page_KDMC/button_Add' is clicked on

2018-05-28 10:05:49 - [MESSAGE][PASSED] - Object: 'Object Repository/lab/Page_KDMC/button_Add' is clicked on

2018-05-28 10:05:49 - [TEST_STEP][PASSED] - selectOptionByIndex: All options with index in [5] are selected on object 'Object Repository/lab/Page_KDMC/select_--Select--Schedule 4X-r'

2018-05-28 10:05:49 - [MESSAGE][PASSED] - All options with index in [5] are selected on object 'Object Repository/lab/Page_KDMC/select_--Select--Schedule 4X-r'

2018-05-28 10:05:49 - [TEST_STEP][PASSED] - selectOptionByIndex: All options with index in [14] are selected on object 'Object Repository/lab/Page_KDMC/select_--Select--Automatic x-r'

2018-05-28 10:05:49 - [MESSAGE][PASSED] - All options with index in [14] are selected on object 'Object Repository/lab/Page_KDMC/select_--Select--Automatic x-r'

2018-05-28 10:05:49 - [TEST_STEP][PASSED] - setText: Text '10' is set on object 'Object Repository/lab/Page_KDMC/input_txttreat'

2018-05-28 10:05:49 - [MESSAGE][PASSED] - Text '10' is set on object 'Object Repository/lab/Page_KDMC/input_txttreat'

2018-05-28 10:05:49 - [TEST_STEP][PASSED] - click: Object: 'Object Repository/lab/Page_KDMC/button_Add' is clicked on

2018-05-28 10:05:49 - [MESSAGE][PASSED] - Object: 'Object Repository/lab/Page_KDMC/button_Add' is clicked on

2018-05-28 10:05:49 - [TEST_STEP][PASSED] - selectOptionByIndex: All options with index in [5] are selected on object 'Object Repository/lab/Page_KDMC/select_--Select--Schedule 4X-r'

2018-05-28 10:05:49 - [MESSAGE][PASSED] - All options with index in [5] are selected on object 'Object Repository/lab/Page_KDMC/select_--Select--Schedule 4X-r'

2018-05-28 10:05:49 - [TEST_STEP][PASSED] - selectOptionByIndex: All options with index in [15] are selected on object 'Object Repository/lab/Page_KDMC/select_--Select--Automatic x-r'

2018-05-28 10:05:50 - [MESSAGE][PASSED] - All options with index in [15] are selected on object 'Object Repository/lab/Page_KDMC/select_--Select--Automatic x-r'

2018-05-28 10:05:50 - [TEST_STEP][PASSED] - setText: Text '10' is set on object 'Object Repository/lab/Page_KDMC/input_txttreat'

2018-05-28 10:05:50 - [MESSAGE][PASSED] - Text '10' is set on object 'Object Repository/lab/Page_KDMC/input_txttreat'

2018-05-28 10:05:50 - [TEST_STEP][PASSED] - click: Object: 'Object Repository/lab/Page_KDMC/button_Add' is clicked on

2018-05-28 10:05:50 - [MESSAGE][PASSED] - Object: 'Object Repository/lab/Page_KDMC/button_Add' is clicked on

2018-05-28 10:05:50 - [TEST_STEP][PASSED] - selectOptionByIndex: All options with index in [5] are selected on object 'Object Repository/lab/Page_KDMC/select_--Select--Schedule 4X-r'

2018-05-28 10:05:50 - [MESSAGE][PASSED] - All options with index in [5] are selected on object 'Object Repository/lab/Page_KDMC/select_--Select--Schedule 4X-r'

2018-05-28 10:05:50 - [TEST_STEP][PASSED] - selectOptionByIndex: All options with index in [16] are selected on object 'Object Repository/lab/Page_KDMC/select_--Select--Automatic x-r'

2018-05-28 10:05:50 - [MESSAGE][PASSED] - All options with index in [16] are selected on object 'Object Repository/lab/Page_KDMC/select_--Select--Automatic x-r'

2018-05-28 10:05:50 - [TEST_STEP][PASSED] - setText: Text '10' is set on object 'Object Repository/lab/Page_KDMC/input_txttreat'

2018-05-28 10:05:50 - [MESSAGE][PASSED] - Text '10' is set on object 'Object Repository/lab/Page_KDMC/input_txttreat'

2018-05-28 10:05:50 - [TEST_STEP][PASSED] - click: Object: 'Object Repository/lab/Page_KDMC/button_Add' is clicked on

2018-05-28 10:05:50 - [MESSAGE][PASSED] - Object: 'Object Repository/lab/Page_KDMC/button_Add' is clicked on

2018-05-28 10:05:50 - [TEST_STEP][PASSED] - selectOptionByIndex: All options with index in [5] are selected on object 'Object Repository/lab/Page_KDMC/select_--Select--Schedule 4X-r'

2018-05-28 10:05:51 - [MESSAGE][PASSED] - All options with index in [5] are selected on object 'Object Repository/lab/Page_KDMC/select_--Select--Schedule 4X-r'

2018-05-28 10:05:51 - [TEST_STEP][PASSED] - selectOptionByIndex: All options with index in [17] are selected on object 'Object Repository/lab/Page_KDMC/select_--Select--Automatic x-r'

2018-05-28 10:05:51 - [MESSAGE][PASSED] - All options with index in [17] are selected on object 'Object Repository/lab/Page_KDMC/select_--Select--Automatic x-r'

2018-05-28 10:05:51 - [TEST_STEP][PASSED] - setText: Text '10' is set on object 'Object Repository/lab/Page_KDMC/input_txttreat'

2018-05-28 10:05:51 - [MESSAGE][PASSED] - Text '10' is set on object 'Object Repository/lab/Page_KDMC/input_txttreat'

2018-05-28 10:05:51 - [TEST_STEP][PASSED] - click: Object: 'Object Repository/lab/Page_KDMC/button_Add' is clicked on

2018-05-28 10:05:51 - [MESSAGE][PASSED] - Object: 'Object Repository/lab/Page_KDMC/button_Add' is clicked on

2018-05-28 10:05:51 - [TEST_STEP][PASSED] - selectOptionByIndex: All options with index in [5] are selected on object 'Object Repository/lab/Page_KDMC/select_--Select--Schedule 4X-r'

2018-05-28 10:05:51 - [MESSAGE][PASSED] - All options with index in [5] are selected on object 'Object Repository/lab/Page_KDMC/select_--Select--Schedule 4X-r'

2018-05-28 10:05:51 - [TEST_STEP][PASSED] - selectOptionByIndex: All options with index in [18] are selected on object 'Object Repository/lab/Page_KDMC/select_--Select--Automatic x-r'

2018-05-28 10:05:51 - [MESSAGE][PASSED] - All options with index in [18] are selected on object 'Object Repository/lab/Page_KDMC/select_--Select--Automatic x-r'

2018-05-28 10:05:51 - [TEST_STEP][PASSED] - setText: Text '10' is set on object 'Object Repository/lab/Page_KDMC/input_txttreat'

2018-05-28 10:05:51 - [MESSAGE][PASSED] - Text '10' is set on object 'Object Repository/lab/Page_KDMC/input_txttreat'

2018-05-28 10:05:51 - [TEST_STEP][PASSED] - click: Object: 'Object Repository/lab/Page_KDMC/button_Add' is clicked on

2018-05-28 10:05:52 - [MESSAGE][PASSED] - Object: 'Object Repository/lab/Page_KDMC/button_Add' is clicked on

2018-05-28 10:05:52 - [TEST_STEP][PASSED] - Statement - RN1 = com.kms.katalon.core.webui.keyword.WebUiBuiltInKeywords.getAttribute(com.kms.katalon.core.testobject.ObjectRepository.findTestObject(lab/Page_KDMC/input_txtno), "value"): Attribute 'value' of object 'Object Repository/lab/Page_KDMC/input_txtno' is: 'LRNO/28052018/201'

2018-05-28 10:05:52 - [MESSAGE][PASSED] - Attribute 'value' of object 'Object Repository/lab/Page_KDMC/input_txtno' is: 'LRNO/28052018/201'

2018-05-28 10:05:52 - [TEST_STEP][PASSED] - Statement - out.println(RN1): null

2018-05-28 10:05:52 - [TEST_STEP][PASSED] - Statement - RID = RN1.split("/")[2]: null

2018-05-28 10:05:52 - [TEST_STEP][PASSED] - scrollToElement: Scroll to object 'Object Repository/lab/Page_KDMC/input_btnsave' successfully

2018-05-28 10:05:52 - [MESSAGE][PASSED] - Scroll to object 'Object Repository/lab/Page_KDMC/input_btnsave' successfully

2018-05-28 10:05:52 - [TEST_STEP][PASSED] - click: Object: 'Object Repository/lab/Page_KDMC/input_btnsave' is clicked on

2018-05-28 10:05:52 - [MESSAGE][PASSED] - Object: 'Object Repository/lab/Page_KDMC/input_btnsave' is clicked on

2018-05-28 10:05:52 - [TEST_STEP][PASSED] - delay: Delayed 3 second(s)

2018-05-28 10:05:55 - [MESSAGE][PASSED] - Delayed 3 second(s)

2018-05-28 10:05:55 - [TEST_STEP][PASSED] - click: Object: 'Object Repository/lab/Page_KDMC/button_OK' is clicked on

2018-05-28 10:05:55 - [MESSAGE][PASSED] - Object: 'Object Repository/lab/Page_KDMC/button_OK' is clicked on

2018-05-28 10:05:55 - [TEST_STEP][PASSED] - delay: Delayed 3 second(s)

2018-05-28 10:05:58 - [MESSAGE][PASSED] - Delayed 3 second(s)

2018-05-28 10:05:58 - [TEST_STEP][PASSED] - click: Object: 'Object Repository/lab/Page_KDMC/a_dropdown-toggle' is clicked on

2018-05-28 10:05:58 - [MESSAGE][PASSED] - Object: 'Object Repository/lab/Page_KDMC/a_dropdown-toggle' is clicked on

2018-05-28 10:05:58 - [TEST_STEP][PASSED] - click: Object: 'Object Repository/lab/Page_KDMC/a_Sign out' is clicked on

2018-05-28 10:05:59 - [MESSAGE][PASSED] - Object: 'Object Repository/lab/Page_KDMC/a_Sign out' is clicked on

2018-05-28 10:05:59 - [TEST_STEP][PASSED] - delay: Delayed 3 second(s)

2018-05-28 10:06:02 - [MESSAGE][PASSED] - Delayed 3 second(s)

2018-05-28 10:06:02 - [TEST_STEP][PASSED] - click: Object: 'Object Repository/lab/Page_KDMC/a_CMO' is clicked on

2018-05-28 10:06:02 - [MESSAGE][PASSED] - Object: 'Object Repository/lab/Page_KDMC/a_CMO' is clicked on

2018-05-28 10:06:02 - [TEST_STEP][PASSED] - setText: Text 'guru' is set on object 'Object Repository/lab/Page_CMO login/input_txtusername'

2018-05-28 10:06:02 - [MESSAGE][PASSED] - Text 'guru' is set on object 'Object Repository/lab/Page_CMO login/input_txtusername'

2018-05-28 10:06:02 - [TEST_STEP][PASSED] - setText: Text '123' is set on object 'Object Repository/lab/Page_CMO login/input_txtpassword'

2018-05-28 10:06:02 - [MESSAGE][PASSED] - Text '123' is set on object 'Object Repository/lab/Page_CMO login/input_txtpassword'

2018-05-28 10:06:02 - [TEST_STEP][PASSED] - delay: Delayed 3 second(s)

2018-05-28 10:06:05 - [MESSAGE][PASSED] - Delayed 3 second(s)

2018-05-28 10:06:05 - [TEST_STEP][PASSED] - click: Object: 'Object Repository/lab/Page_CMO login/button_Sign in' is clicked on

2018-05-28 10:06:06 - [MESSAGE][PASSED] - Object: 'Object Repository/lab/Page_CMO login/button_Sign in' is clicked on

2018-05-28 10:06:06 - [TEST_STEP][PASSED] - click: Object: 'Object Repository/lab/Page_KDMC - CMO/span_Department Wise Request' is clicked on

2018-05-28 10:06:08 - [MESSAGE][PASSED] - Object: 'Object Repository/lab/Page_KDMC - CMO/span_Department Wise Request' is clicked on

2018-05-28 10:06:08 - [TEST_STEP][PASSED] - selectOptionByIndex: All options with index in [4] are selected on object 'Object Repository/lab/Page_KDMC - CMO/select_--ALL--'

2018-05-28 10:06:08 - [MESSAGE][PASSED] - All options with index in [4] are selected on object 'Object Repository/lab/Page_KDMC - CMO/select_--ALL--'

2018-05-28 10:06:08 - [TEST_STEP][PASSED] - selectOptionByIndex: All options with index in [1] are selected on object 'Object Repository/lab/Page_KDMC - CMO/select_--ALL--                _1'

2018-05-28 10:06:09 - [MESSAGE][PASSED] - All options with index in [1] are selected on object 'Object Repository/lab/Page_KDMC - CMO/select_--ALL--                _1'

2018-05-28 10:06:09 - [TEST_STEP][PASSED] - click: Object: 'Object Repository/lab/Page_KDMC - CMO/input_btnsearch' is clicked on

2018-05-28 10:06:09 - [MESSAGE][PASSED] - Object: 'Object Repository/lab/Page_KDMC - CMO/input_btnsearch' is clicked on

2018-05-28 10:06:09 - [TEST_STEP][PASSED] - Statement - ID = com.kms.katalon.core.webui.keyword.WebUiBuiltInKeywords.modifyObjectProperty(com.kms.katalon.core.testobject.ObjectRepository.findTestObject(lab/Page_KDMC - CMO/input_1), "xpath", "equals", "//*[@id=" + RID + "]", true): Modify property of object successfully

2018-05-28 10:06:09 - [MESSAGE][PASSED] - Modify property of object successfully

2018-05-28 10:06:09 - [TEST_STEP][PASSED] - click: Object: 'Object Repository/lab/Page_KDMC - CMO/input_1' is clicked on

2018-05-28 10:06:09 - [MESSAGE][PASSED] - Object: 'Object Repository/lab/Page_KDMC - CMO/input_1' is clicked on

2018-05-28 10:06:09 - [TEST_STEP][PASSED] - delay: Delayed 2 second(s)

2018-05-28 10:06:11 - [MESSAGE][PASSED] - Delayed 2 second(s)

2018-05-28 10:06:11 - [TEST_STEP][PASSED] - selectOptionByIndex: All options with index in [1] are selected on object 'Object Repository/lab/Page_KDMC - CMO/select_--Select--'

2018-05-28 10:06:12 - [MESSAGE][PASSED] - All options with index in [1] are selected on object 'Object Repository/lab/Page_KDMC - CMO/select_--Select--'

2018-05-28 10:06:12 - [TEST_STEP][PASSED] - click: Object: 'Object Repository/lab/Page_KDMC - CMO/input_btnupdate' is clicked on

2018-05-28 10:06:12 - [MESSAGE][PASSED] - Object: 'Object Repository/lab/Page_KDMC - CMO/input_btnupdate' is clicked on

2018-05-28 10:06:12 - [TEST_STEP][PASSED] - delay: Delayed 2 second(s)

2018-05-28 10:06:14 - [MESSAGE][PASSED] - Delayed 2 second(s)

2018-05-28 10:06:14 - [TEST_STEP][PASSED] - click: Object: 'Object Repository/lab/Page_KDMC - CMO/button_OK' is clicked on

2018-05-28 10:06:14 - [MESSAGE][PASSED] - Object: 'Object Repository/lab/Page_KDMC - CMO/button_OK' is clicked on

2018-05-28 10:06:14 - [TEST_STEP][PASSED] - delay: Delayed 3 second(s)

2018-05-28 10:06:17 - [MESSAGE][PASSED] - Delayed 3 second(s)

2018-05-28 10:06:17 - [TEST_STEP][PASSED] - click: Object: 'Object Repository/lab/Page_KDMC - CMO/a_dropdown-toggle' is clicked on

2018-05-28 10:06:17 - [MESSAGE][PASSED] - Object: 'Object Repository/lab/Page_KDMC - CMO/a_dropdown-toggle' is clicked on

2018-05-28 10:06:17 - [TEST_STEP][PASSED] - click: Object: 'Object Repository/lab/Page_KDMC - CMO/a_Sign out' is clicked on

2018-05-28 10:06:18 - [MESSAGE][PASSED] - Object: 'Object Repository/lab/Page_KDMC - CMO/a_Sign out' is clicked on

2018-05-28 10:06:18 - [TEST_STEP][PASSED] - delay: Delayed 3 second(s)

2018-05-28 10:06:21 - [MESSAGE][PASSED] - Delayed 3 second(s)

2018-05-28 10:06:21 - [TEST_STEP][PASSED] - click: Object: 'Object Repository/lab/Page_KDMC/a_Divisional Store' is clicked on

2018-05-28 10:06:22 - [MESSAGE][PASSED] - Object: 'Object Repository/lab/Page_KDMC/a_Divisional Store' is clicked on

2018-05-28 10:06:22 - [TEST_STEP][PASSED] - setText: Text 'ragu' is set on object 'Object Repository/lab/Page_Divisonal Store Login/input_txtusername'

2018-05-28 10:06:22 - [MESSAGE][PASSED] - Text 'ragu' is set on object 'Object Repository/lab/Page_Divisonal Store Login/input_txtusername'

2018-05-28 10:06:22 - [TEST_STEP][PASSED] - setText: Text '123' is set on object 'Object Repository/lab/Page_Divisonal Store Login/input_txtpassword'

2018-05-28 10:06:22 - [MESSAGE][PASSED] - Text '123' is set on object 'Object Repository/lab/Page_Divisonal Store Login/input_txtpassword'

2018-05-28 10:06:22 - [TEST_STEP][PASSED] - delay: Delayed 3 second(s)

2018-05-28 10:06:25 - [MESSAGE][PASSED] - Delayed 3 second(s)

2018-05-28 10:06:25 - [TEST_STEP][PASSED] - click: Object: 'Object Repository/lab/Page_Divisonal Store Login/button_Sign in' is clicked on

2018-05-28 10:06:27 - [MESSAGE][PASSED] - Object: 'Object Repository/lab/Page_Divisonal Store Login/button_Sign in' is clicked on

2018-05-28 10:06:27 - [TEST_STEP][PASSED] - delay: Delayed 3 second(s)

2018-05-28 10:06:30 - [MESSAGE][PASSED] - Delayed 3 second(s)

2018-05-28 10:06:30 - [TEST_STEP][PASSED] - click: Object: 'Object Repository/lab/Page_Store/a_Lab Request' is clicked on

2018-05-28 10:06:30 - [MESSAGE][PASSED] - Object: 'Object Repository/lab/Page_Store/a_Lab Request' is clicked on

2018-05-28 10:06:30 - [TEST_STEP][PASSED] - click: Object: 'Object Repository/lab/Page_Store/a_Request Item Lab' is clicked on

2018-05-28 10:06:31 - [MESSAGE][PASSED] - Object: 'Object Repository/lab/Page_Store/a_Request Item Lab' is clicked on

2018-05-28 10:06:31 - [TEST_STEP][PASSED] - Statement - ChooseRequest = com.kms.katalon.core.webui.keyword.WebUiBuiltInKeywords.modifyObjectProperty(com.kms.katalon.core.testobject.ObjectRepository.findTestObject(lab/Page_Store/input_1), "xpath", "equals", "//*[@id=" + RID + "]", true): Modify property of object successfully

2018-05-28 10:06:31 - [MESSAGE][PASSED] - Modify property of object successfully

2018-05-28 10:06:31 - [TEST_STEP][FAILED] - click: Unable to click on object 'Object Repository/lab/Page_Store/input_1' (Root cause: com.kms.katalon.core.webui.exception.WebElementNotFoundException: Web element with id: 'Object Repository/lab/Page_Store/input_1' located by 'By.xpath: //*[@id=201][count(. | //input[@type = 'button']) = count(//input[@type = 'button'])]' not found)

2018-05-28 10:07:02 - [MESSAGE][FAILED] - Unable to click on object 'Object Repository/lab/Page_Store/input_1' (Root cause: com.kms.katalon.core.webui.exception.WebElementNotFoundException: Web element with id: 'Object Repository/lab/Page_Store/input_1' located by 'By.xpath: //*[@id=201][count(. | //input[@type = 'button']) = count(//input[@type = 'button'])]' not found)
[[ATTACHMENT|C:\\Users\\Quality Analyst\\Katalon Studio\\ds\\Reports\\Investigation_Suite\\20180524_192548\\1527482222489.png]]]]></system-out>
         <system-err><![CDATA[2018-05-28 10:05:23 - [TEST_CASE][FAILED] - Test Cases/INVESTIGATION TEST CASES/TC_INV_005 Verify Schedule 10 Investigation Request Are Working Successfully Or No: Test Cases/INVESTIGATION TEST CASES/TC_INV_005 Verify Schedule 10 Investigation Request Are Working Successfully Or No FAILED because (of) Unable to click on object 'Object Repository/lab/Page_Store/input_1' (Root cause: com.kms.katalon.core.webui.exception.WebElementNotFoundException: Web element with id: 'Object Repository/lab/Page_Store/input_1' located by 'By.xpath: //*[@id=201][count(. | //input[@type = 'button']) = count(//input[@type = 'button'])]' not found)]]></system-err>
      </testcase>
      <testcase name="Test Cases/INVESTIGATION TEST CASES/TC_INV_006 Verify Schedule 11 Investigation Request Are Working Successfully Or No" classname="Test Cases/INVESTIGATION TEST CASES/TC_INV_006 Verify Schedule 11 Investigation Request Are Working Successfully Or No" status="FAILED">
         <failure type="FAILED" message="Unable to set text '10' of object 'Object Repository/lab/Page_KDMC/input_txttreat' (Root cause: org.openqa.selenium.WebDriverException: unknown error: cannot focus element
  (Session info: chrome=66.0.3359.181)
  (Driver info: chromedriver=2.35.528161 (5b82f2d2aae0ca24b877009200ced9065a772e73),platform=Windows NT 10.0.17134 x86_64) (WARNING: The server did not provide any stacktrace information)
Command duration or timeout: 0 milliseconds
Build info: version: '3.7.1', revision: '8a0099a', time: '2017-11-06T21:07:36.161Z'
System info: host: 'DESKTOP-BLFTK83', ip: '169.254.189.85', os.name: 'Windows 10', os.arch: 'amd64', os.version: '10.0', java.version: '1.8.0_102'
Driver info: com.kms.katalon.selenium.driver.CChromeDriver
Capabilities {acceptInsecureCerts: false, acceptSslCerts: false, applicationCacheEnabled: false, browserConnectionEnabled: false, browserName: chrome, chrome: {chromedriverVersion: 2.35.528161 (5b82f2d2aae0ca..., userDataDir: C:\Users\QUALIT~1\AppData\L...}, cssSelectorsEnabled: true, databaseEnabled: false, handlesAlerts: true, hasTouchScreen: false, javascriptEnabled: true, locationContextEnabled: true, mobileEmulationEnabled: false, nativeEvents: true, networkConnectionEnabled: false, pageLoadStrategy: normal, platform: XP, platformName: XP, rotatable: false, setWindowRect: true, takesHeapSnapshot: true, takesScreenshot: true, unexpectedAlertBehaviour: , unhandledPromptBehavior: , version: 66.0.3359.181, webStorageEnabled: true}
Session ID: f5e122c50adc7d2ae3d9c56c72836f19)"/>
         <system-out><![CDATA[2018-05-28 10:07:02 - [TEST_CASE][FAILED] - Test Cases/INVESTIGATION TEST CASES/TC_INV_006 Verify Schedule 11 Investigation Request Are Working Successfully Or No: Test Cases/INVESTIGATION TEST CASES/TC_INV_006 Verify Schedule 11 Investigation Request Are Working Successfully Or No FAILED because (of) Unable to set text '10' of object 'Object Repository/lab/Page_KDMC/input_txttreat' (Root cause: org.openqa.selenium.WebDriverException: unknown error: cannot focus element
  (Session info: chrome=66.0.3359.181)
  (Driver info: chromedriver=2.35.528161 (5b82f2d2aae0ca24b877009200ced9065a772e73),platform=Windows NT 10.0.17134 x86_64) (WARNING: The server did not provide any stacktrace information)
Command duration or timeout: 0 milliseconds
Build info: version: '3.7.1', revision: '8a0099a', time: '2017-11-06T21:07:36.161Z'
System info: host: 'DESKTOP-BLFTK83', ip: '169.254.189.85', os.name: 'Windows 10', os.arch: 'amd64', os.version: '10.0', java.version: '1.8.0_102'
Driver info: com.kms.katalon.selenium.driver.CChromeDriver
Capabilities {acceptInsecureCerts: false, acceptSslCerts: false, applicationCacheEnabled: false, browserConnectionEnabled: false, browserName: chrome, chrome: {chromedriverVersion: 2.35.528161 (5b82f2d2aae0ca..., userDataDir: C:\Users\QUALIT~1\AppData\L...}, cssSelectorsEnabled: true, databaseEnabled: false, handlesAlerts: true, hasTouchScreen: false, javascriptEnabled: true, locationContextEnabled: true, mobileEmulationEnabled: false, nativeEvents: true, networkConnectionEnabled: false, pageLoadStrategy: normal, platform: XP, platformName: XP, rotatable: false, setWindowRect: true, takesHeapSnapshot: true, takesScreenshot: true, unexpectedAlertBehaviour: , unhandledPromptBehavior: , version: 66.0.3359.181, webStorageEnabled: true}
Session ID: f5e122c50adc7d2ae3d9c56c72836f19)

2018-05-28 10:07:03 - [TEST_STEP][PASSED] - openBrowser: Browser is opened with url: ''

2018-05-28 10:07:03 - [MESSAGE][WARNING] - A browser is already opened. Closing browser and opening a new one

2018-05-28 10:07:05 - [MESSAGE][PASSED] - Browser is opened with url: ''

2018-05-28 10:07:05 - [TEST_STEP][PASSED] - navigateToUrl: Navigate to 'http://192.168.137.1/multihospital_new/' successfully

2018-05-28 10:07:07 - [MESSAGE][PASSED] - Navigate to 'http://192.168.137.1/multihospital_new/' successfully

2018-05-28 10:07:07 - [TEST_STEP][PASSED] - Statement - out.println(" Verify Schedule 11 Investigation Request Are Working Successfully Or Not"): null

2018-05-28 10:07:07 - [TEST_STEP][PASSED] - maximizeWindow: Current window maximized

2018-05-28 10:07:08 - [MESSAGE][PASSED] - Current window maximized

2018-05-28 10:07:08 - [TEST_STEP][PASSED] - click: Object: 'Object Repository/lab/Page_KDMC/a_Investigation' is clicked on

2018-05-28 10:07:09 - [MESSAGE][PASSED] - Object: 'Object Repository/lab/Page_KDMC/a_Investigation' is clicked on

2018-05-28 10:07:09 - [TEST_STEP][PASSED] - setText: Text 'manoj' is set on object 'Object Repository/lab/Page_Investigation login/input_txtusername'

2018-05-28 10:07:09 - [MESSAGE][PASSED] - Text 'manoj' is set on object 'Object Repository/lab/Page_Investigation login/input_txtusername'

2018-05-28 10:07:09 - [TEST_STEP][PASSED] - setText: Text '123' is set on object 'Object Repository/lab/Page_Investigation login/input_txtpassword'

2018-05-28 10:07:09 - [MESSAGE][PASSED] - Text '123' is set on object 'Object Repository/lab/Page_Investigation login/input_txtpassword'

2018-05-28 10:07:09 - [TEST_STEP][PASSED] - delay: Delayed 3 second(s)

2018-05-28 10:07:12 - [MESSAGE][PASSED] - Delayed 3 second(s)

2018-05-28 10:07:12 - [TEST_STEP][PASSED] - click: Object: 'Object Repository/lab/Page_Investigation login/button_Sign in' is clicked on

2018-05-28 10:07:13 - [MESSAGE][PASSED] - Object: 'Object Repository/lab/Page_Investigation login/button_Sign in' is clicked on

2018-05-28 10:07:13 - [TEST_STEP][PASSED] - click: Object: 'Object Repository/lab/Page_KDMC/a_Store Request' is clicked on

2018-05-28 10:07:15 - [MESSAGE][PASSED] - Object: 'Object Repository/lab/Page_KDMC/a_Store Request' is clicked on

2018-05-28 10:07:15 - [TEST_STEP][PASSED] - delay: Delayed 2 second(s)

2018-05-28 10:07:17 - [MESSAGE][PASSED] - Delayed 2 second(s)

2018-05-28 10:07:17 - [TEST_STEP][PASSED] - click: Object: 'Object Repository/lab/Page_KDMC/a_Medicine Request' is clicked on

2018-05-28 10:07:17 - [MESSAGE][PASSED] - Object: 'Object Repository/lab/Page_KDMC/a_Medicine Request' is clicked on

2018-05-28 10:07:17 - [TEST_STEP][PASSED] - selectOptionByIndex: All options with index in [6] are selected on object 'Object Repository/lab/Page_KDMC/select_--Select--Schedule 4X-r'

2018-05-28 10:07:17 - [MESSAGE][PASSED] - All options with index in [6] are selected on object 'Object Repository/lab/Page_KDMC/select_--Select--Schedule 4X-r'

2018-05-28 10:07:17 - [TEST_STEP][PASSED] - Statement - medicineslength = com.kms.katalon.core.webui.keyword.WebUiBuiltInKeywords.getNumberOfTotalOption(com.kms.katalon.core.testobject.ObjectRepository.findTestObject(lab/Page_KDMC/select_--Select--Automatic x-r)): 81 options of object 'Object Repository/lab/Page_KDMC/select_--Select--Automatic x-r' counted

2018-05-28 10:07:18 - [MESSAGE][PASSED] - 81 options of object 'Object Repository/lab/Page_KDMC/select_--Select--Automatic x-r' counted

2018-05-28 10:07:18 - [TEST_STEP][FAILED] - Statement - For ([e = 1, e < medicineslength, (e++)]): Unable to set text '10' of object 'Object Repository/lab/Page_KDMC/input_txttreat' (Root cause: org.openqa.selenium.WebDriverException: unknown error: cannot focus element
  (Session info: chrome=66.0.3359.181)
  (Driver info: chromedriver=2.35.528161 (5b82f2d2aae0ca24b877009200ced9065a772e73),platform=Windows NT 10.0.17134 x86_64) (WARNING: The server did not provide any stacktrace information)
Command duration or timeout: 0 milliseconds
Build info: version: '3.7.1', revision: '8a0099a', time: '2017-11-06T21:07:36.161Z'
System info: host: 'DESKTOP-BLFTK83', ip: '169.254.189.85', os.name: 'Windows 10', os.arch: 'amd64', os.version: '10.0', java.version: '1.8.0_102'
Driver info: com.kms.katalon.selenium.driver.CChromeDriver
Capabilities {acceptInsecureCerts: false, acceptSslCerts: false, applicationCacheEnabled: false, browserConnectionEnabled: false, browserName: chrome, chrome: {chromedriverVersion: 2.35.528161 (5b82f2d2aae0ca..., userDataDir: C:\Users\QUALIT~1\AppData\L...}, cssSelectorsEnabled: true, databaseEnabled: false, handlesAlerts: true, hasTouchScreen: false, javascriptEnabled: true, locationContextEnabled: true, mobileEmulationEnabled: false, nativeEvents: true, networkConnectionEnabled: false, pageLoadStrategy: normal, platform: XP, platformName: XP, rotatable: false, setWindowRect: true, takesHeapSnapshot: true, takesScreenshot: true, unexpectedAlertBehaviour: , unhandledPromptBehavior: , version: 66.0.3359.181, webStorageEnabled: true}
Session ID: f5e122c50adc7d2ae3d9c56c72836f19)

2018-05-28 10:07:18 - [TEST_STEP][PASSED] - selectOptionByIndex: All options with index in [6] are selected on object 'Object Repository/lab/Page_KDMC/select_--Select--Schedule 4X-r'

2018-05-28 10:07:18 - [MESSAGE][PASSED] - All options with index in [6] are selected on object 'Object Repository/lab/Page_KDMC/select_--Select--Schedule 4X-r'

2018-05-28 10:07:18 - [TEST_STEP][PASSED] - selectOptionByIndex: All options with index in [1] are selected on object 'Object Repository/lab/Page_KDMC/select_--Select--Automatic x-r'

2018-05-28 10:07:18 - [MESSAGE][PASSED] - All options with index in [1] are selected on object 'Object Repository/lab/Page_KDMC/select_--Select--Automatic x-r'

2018-05-28 10:07:18 - [TEST_STEP][PASSED] - setText: Text '10' is set on object 'Object Repository/lab/Page_KDMC/input_txttreat'

2018-05-28 10:07:18 - [MESSAGE][PASSED] - Text '10' is set on object 'Object Repository/lab/Page_KDMC/input_txttreat'

2018-05-28 10:07:18 - [TEST_STEP][PASSED] - click: Object: 'Object Repository/lab/Page_KDMC/button_Add' is clicked on

2018-05-28 10:07:18 - [MESSAGE][PASSED] - Object: 'Object Repository/lab/Page_KDMC/button_Add' is clicked on

2018-05-28 10:07:18 - [TEST_STEP][PASSED] - selectOptionByIndex: All options with index in [6] are selected on object 'Object Repository/lab/Page_KDMC/select_--Select--Schedule 4X-r'

2018-05-28 10:07:18 - [MESSAGE][PASSED] - All options with index in [6] are selected on object 'Object Repository/lab/Page_KDMC/select_--Select--Schedule 4X-r'

2018-05-28 10:07:18 - [TEST_STEP][PASSED] - selectOptionByIndex: All options with index in [2] are selected on object 'Object Repository/lab/Page_KDMC/select_--Select--Automatic x-r'

2018-05-28 10:07:19 - [MESSAGE][PASSED] - All options with index in [2] are selected on object 'Object Repository/lab/Page_KDMC/select_--Select--Automatic x-r'

2018-05-28 10:07:19 - [TEST_STEP][PASSED] - setText: Text '10' is set on object 'Object Repository/lab/Page_KDMC/input_txttreat'

2018-05-28 10:07:19 - [MESSAGE][PASSED] - Text '10' is set on object 'Object Repository/lab/Page_KDMC/input_txttreat'

2018-05-28 10:07:19 - [TEST_STEP][PASSED] - click: Object: 'Object Repository/lab/Page_KDMC/button_Add' is clicked on

2018-05-28 10:07:19 - [MESSAGE][PASSED] - Object: 'Object Repository/lab/Page_KDMC/button_Add' is clicked on

2018-05-28 10:07:19 - [TEST_STEP][PASSED] - selectOptionByIndex: All options with index in [6] are selected on object 'Object Repository/lab/Page_KDMC/select_--Select--Schedule 4X-r'

2018-05-28 10:07:19 - [MESSAGE][PASSED] - All options with index in [6] are selected on object 'Object Repository/lab/Page_KDMC/select_--Select--Schedule 4X-r'

2018-05-28 10:07:19 - [TEST_STEP][PASSED] - selectOptionByIndex: All options with index in [3] are selected on object 'Object Repository/lab/Page_KDMC/select_--Select--Automatic x-r'

2018-05-28 10:07:19 - [MESSAGE][PASSED] - All options with index in [3] are selected on object 'Object Repository/lab/Page_KDMC/select_--Select--Automatic x-r'

2018-05-28 10:07:19 - [TEST_STEP][PASSED] - setText: Text '10' is set on object 'Object Repository/lab/Page_KDMC/input_txttreat'

2018-05-28 10:07:19 - [MESSAGE][PASSED] - Text '10' is set on object 'Object Repository/lab/Page_KDMC/input_txttreat'

2018-05-28 10:07:19 - [TEST_STEP][PASSED] - click: Object: 'Object Repository/lab/Page_KDMC/button_Add' is clicked on

2018-05-28 10:07:19 - [MESSAGE][PASSED] - Object: 'Object Repository/lab/Page_KDMC/button_Add' is clicked on

2018-05-28 10:07:19 - [TEST_STEP][PASSED] - selectOptionByIndex: All options with index in [6] are selected on object 'Object Repository/lab/Page_KDMC/select_--Select--Schedule 4X-r'

2018-05-28 10:07:19 - [MESSAGE][PASSED] - All options with index in [6] are selected on object 'Object Repository/lab/Page_KDMC/select_--Select--Schedule 4X-r'

2018-05-28 10:07:19 - [TEST_STEP][PASSED] - selectOptionByIndex: All options with index in [4] are selected on object 'Object Repository/lab/Page_KDMC/select_--Select--Automatic x-r'

2018-05-28 10:07:19 - [MESSAGE][PASSED] - All options with index in [4] are selected on object 'Object Repository/lab/Page_KDMC/select_--Select--Automatic x-r'

2018-05-28 10:07:19 - [TEST_STEP][PASSED] - setText: Text '10' is set on object 'Object Repository/lab/Page_KDMC/input_txttreat'

2018-05-28 10:07:20 - [MESSAGE][PASSED] - Text '10' is set on object 'Object Repository/lab/Page_KDMC/input_txttreat'

2018-05-28 10:07:20 - [TEST_STEP][PASSED] - click: Object: 'Object Repository/lab/Page_KDMC/button_Add' is clicked on

2018-05-28 10:07:20 - [MESSAGE][PASSED] - Object: 'Object Repository/lab/Page_KDMC/button_Add' is clicked on

2018-05-28 10:07:20 - [TEST_STEP][PASSED] - selectOptionByIndex: All options with index in [6] are selected on object 'Object Repository/lab/Page_KDMC/select_--Select--Schedule 4X-r'

2018-05-28 10:07:20 - [MESSAGE][PASSED] - All options with index in [6] are selected on object 'Object Repository/lab/Page_KDMC/select_--Select--Schedule 4X-r'

2018-05-28 10:07:20 - [TEST_STEP][PASSED] - selectOptionByIndex: All options with index in [5] are selected on object 'Object Repository/lab/Page_KDMC/select_--Select--Automatic x-r'

2018-05-28 10:07:20 - [MESSAGE][PASSED] - All options with index in [5] are selected on object 'Object Repository/lab/Page_KDMC/select_--Select--Automatic x-r'

2018-05-28 10:07:20 - [TEST_STEP][PASSED] - setText: Text '10' is set on object 'Object Repository/lab/Page_KDMC/input_txttreat'

2018-05-28 10:07:20 - [MESSAGE][PASSED] - Text '10' is set on object 'Object Repository/lab/Page_KDMC/input_txttreat'

2018-05-28 10:07:20 - [TEST_STEP][PASSED] - click: Object: 'Object Repository/lab/Page_KDMC/button_Add' is clicked on

2018-05-28 10:07:20 - [MESSAGE][PASSED] - Object: 'Object Repository/lab/Page_KDMC/button_Add' is clicked on

2018-05-28 10:07:20 - [TEST_STEP][PASSED] - selectOptionByIndex: All options with index in [6] are selected on object 'Object Repository/lab/Page_KDMC/select_--Select--Schedule 4X-r'

2018-05-28 10:07:20 - [MESSAGE][PASSED] - All options with index in [6] are selected on object 'Object Repository/lab/Page_KDMC/select_--Select--Schedule 4X-r'

2018-05-28 10:07:20 - [TEST_STEP][PASSED] - selectOptionByIndex: All options with index in [6] are selected on object 'Object Repository/lab/Page_KDMC/select_--Select--Automatic x-r'

2018-05-28 10:07:20 - [MESSAGE][PASSED] - All options with index in [6] are selected on object 'Object Repository/lab/Page_KDMC/select_--Select--Automatic x-r'

2018-05-28 10:07:20 - [TEST_STEP][PASSED] - setText: Text '10' is set on object 'Object Repository/lab/Page_KDMC/input_txttreat'

2018-05-28 10:07:20 - [MESSAGE][PASSED] - Text '10' is set on object 'Object Repository/lab/Page_KDMC/input_txttreat'

2018-05-28 10:07:20 - [TEST_STEP][PASSED] - click: Object: 'Object Repository/lab/Page_KDMC/button_Add' is clicked on

2018-05-28 10:07:21 - [MESSAGE][PASSED] - Object: 'Object Repository/lab/Page_KDMC/button_Add' is clicked on

2018-05-28 10:07:21 - [TEST_STEP][PASSED] - selectOptionByIndex: All options with index in [6] are selected on object 'Object Repository/lab/Page_KDMC/select_--Select--Schedule 4X-r'

2018-05-28 10:07:21 - [MESSAGE][PASSED] - All options with index in [6] are selected on object 'Object Repository/lab/Page_KDMC/select_--Select--Schedule 4X-r'

2018-05-28 10:07:21 - [TEST_STEP][PASSED] - selectOptionByIndex: All options with index in [7] are selected on object 'Object Repository/lab/Page_KDMC/select_--Select--Automatic x-r'

2018-05-28 10:07:21 - [MESSAGE][PASSED] - All options with index in [7] are selected on object 'Object Repository/lab/Page_KDMC/select_--Select--Automatic x-r'

2018-05-28 10:07:21 - [TEST_STEP][PASSED] - setText: Text '10' is set on object 'Object Repository/lab/Page_KDMC/input_txttreat'

2018-05-28 10:07:21 - [MESSAGE][PASSED] - Text '10' is set on object 'Object Repository/lab/Page_KDMC/input_txttreat'

2018-05-28 10:07:21 - [TEST_STEP][PASSED] - click: Object: 'Object Repository/lab/Page_KDMC/button_Add' is clicked on

2018-05-28 10:07:21 - [MESSAGE][PASSED] - Object: 'Object Repository/lab/Page_KDMC/button_Add' is clicked on

2018-05-28 10:07:21 - [TEST_STEP][PASSED] - selectOptionByIndex: All options with index in [6] are selected on object 'Object Repository/lab/Page_KDMC/select_--Select--Schedule 4X-r'

2018-05-28 10:07:21 - [MESSAGE][PASSED] - All options with index in [6] are selected on object 'Object Repository/lab/Page_KDMC/select_--Select--Schedule 4X-r'

2018-05-28 10:07:21 - [TEST_STEP][PASSED] - selectOptionByIndex: All options with index in [8] are selected on object 'Object Repository/lab/Page_KDMC/select_--Select--Automatic x-r'

2018-05-28 10:07:21 - [MESSAGE][PASSED] - All options with index in [8] are selected on object 'Object Repository/lab/Page_KDMC/select_--Select--Automatic x-r'

2018-05-28 10:07:21 - [TEST_STEP][PASSED] - setText: Text '10' is set on object 'Object Repository/lab/Page_KDMC/input_txttreat'

2018-05-28 10:07:22 - [MESSAGE][PASSED] - Text '10' is set on object 'Object Repository/lab/Page_KDMC/input_txttreat'

2018-05-28 10:07:22 - [TEST_STEP][PASSED] - click: Object: 'Object Repository/lab/Page_KDMC/button_Add' is clicked on

2018-05-28 10:07:22 - [MESSAGE][PASSED] - Object: 'Object Repository/lab/Page_KDMC/button_Add' is clicked on

2018-05-28 10:07:22 - [TEST_STEP][PASSED] - selectOptionByIndex: All options with index in [6] are selected on object 'Object Repository/lab/Page_KDMC/select_--Select--Schedule 4X-r'

2018-05-28 10:07:22 - [MESSAGE][PASSED] - All options with index in [6] are selected on object 'Object Repository/lab/Page_KDMC/select_--Select--Schedule 4X-r'

2018-05-28 10:07:22 - [TEST_STEP][PASSED] - selectOptionByIndex: All options with index in [9] are selected on object 'Object Repository/lab/Page_KDMC/select_--Select--Automatic x-r'

2018-05-28 10:07:22 - [MESSAGE][PASSED] - All options with index in [9] are selected on object 'Object Repository/lab/Page_KDMC/select_--Select--Automatic x-r'

2018-05-28 10:07:22 - [TEST_STEP][PASSED] - setText: Text '10' is set on object 'Object Repository/lab/Page_KDMC/input_txttreat'

2018-05-28 10:07:22 - [MESSAGE][PASSED] - Text '10' is set on object 'Object Repository/lab/Page_KDMC/input_txttreat'

2018-05-28 10:07:22 - [TEST_STEP][PASSED] - click: Object: 'Object Repository/lab/Page_KDMC/button_Add' is clicked on

2018-05-28 10:07:22 - [MESSAGE][PASSED] - Object: 'Object Repository/lab/Page_KDMC/button_Add' is clicked on

2018-05-28 10:07:22 - [TEST_STEP][PASSED] - selectOptionByIndex: All options with index in [6] are selected on object 'Object Repository/lab/Page_KDMC/select_--Select--Schedule 4X-r'

2018-05-28 10:07:22 - [MESSAGE][PASSED] - All options with index in [6] are selected on object 'Object Repository/lab/Page_KDMC/select_--Select--Schedule 4X-r'

2018-05-28 10:07:22 - [TEST_STEP][PASSED] - selectOptionByIndex: All options with index in [10] are selected on object 'Object Repository/lab/Page_KDMC/select_--Select--Automatic x-r'

2018-05-28 10:07:22 - [MESSAGE][PASSED] - All options with index in [10] are selected on object 'Object Repository/lab/Page_KDMC/select_--Select--Automatic x-r'

2018-05-28 10:07:22 - [TEST_STEP][PASSED] - setText: Text '10' is set on object 'Object Repository/lab/Page_KDMC/input_txttreat'

2018-05-28 10:07:23 - [MESSAGE][PASSED] - Text '10' is set on object 'Object Repository/lab/Page_KDMC/input_txttreat'

2018-05-28 10:07:23 - [TEST_STEP][PASSED] - click: Object: 'Object Repository/lab/Page_KDMC/button_Add' is clicked on

2018-05-28 10:07:23 - [MESSAGE][PASSED] - Object: 'Object Repository/lab/Page_KDMC/button_Add' is clicked on

2018-05-28 10:07:23 - [TEST_STEP][PASSED] - selectOptionByIndex: All options with index in [6] are selected on object 'Object Repository/lab/Page_KDMC/select_--Select--Schedule 4X-r'

2018-05-28 10:07:23 - [MESSAGE][PASSED] - All options with index in [6] are selected on object 'Object Repository/lab/Page_KDMC/select_--Select--Schedule 4X-r'

2018-05-28 10:07:23 - [TEST_STEP][PASSED] - selectOptionByIndex: All options with index in [11] are selected on object 'Object Repository/lab/Page_KDMC/select_--Select--Automatic x-r'

2018-05-28 10:07:23 - [MESSAGE][PASSED] - All options with index in [11] are selected on object 'Object Repository/lab/Page_KDMC/select_--Select--Automatic x-r'

2018-05-28 10:07:23 - [TEST_STEP][PASSED] - setText: Text '10' is set on object 'Object Repository/lab/Page_KDMC/input_txttreat'

2018-05-28 10:07:23 - [MESSAGE][PASSED] - Text '10' is set on object 'Object Repository/lab/Page_KDMC/input_txttreat'

2018-05-28 10:07:23 - [TEST_STEP][PASSED] - click: Object: 'Object Repository/lab/Page_KDMC/button_Add' is clicked on

2018-05-28 10:07:23 - [MESSAGE][PASSED] - Object: 'Object Repository/lab/Page_KDMC/button_Add' is clicked on

2018-05-28 10:07:23 - [TEST_STEP][PASSED] - selectOptionByIndex: All options with index in [6] are selected on object 'Object Repository/lab/Page_KDMC/select_--Select--Schedule 4X-r'

2018-05-28 10:07:23 - [MESSAGE][PASSED] - All options with index in [6] are selected on object 'Object Repository/lab/Page_KDMC/select_--Select--Schedule 4X-r'

2018-05-28 10:07:23 - [TEST_STEP][PASSED] - selectOptionByIndex: All options with index in [12] are selected on object 'Object Repository/lab/Page_KDMC/select_--Select--Automatic x-r'

2018-05-28 10:07:24 - [MESSAGE][PASSED] - All options with index in [12] are selected on object 'Object Repository/lab/Page_KDMC/select_--Select--Automatic x-r'

2018-05-28 10:07:24 - [TEST_STEP][PASSED] - setText: Text '10' is set on object 'Object Repository/lab/Page_KDMC/input_txttreat'

2018-05-28 10:07:24 - [MESSAGE][PASSED] - Text '10' is set on object 'Object Repository/lab/Page_KDMC/input_txttreat'

2018-05-28 10:07:24 - [TEST_STEP][PASSED] - click: Object: 'Object Repository/lab/Page_KDMC/button_Add' is clicked on

2018-05-28 10:07:24 - [MESSAGE][PASSED] - Object: 'Object Repository/lab/Page_KDMC/button_Add' is clicked on

2018-05-28 10:07:24 - [TEST_STEP][PASSED] - selectOptionByIndex: All options with index in [6] are selected on object 'Object Repository/lab/Page_KDMC/select_--Select--Schedule 4X-r'

2018-05-28 10:07:24 - [MESSAGE][PASSED] - All options with index in [6] are selected on object 'Object Repository/lab/Page_KDMC/select_--Select--Schedule 4X-r'

2018-05-28 10:07:24 - [TEST_STEP][PASSED] - selectOptionByIndex: All options with index in [13] are selected on object 'Object Repository/lab/Page_KDMC/select_--Select--Automatic x-r'

2018-05-28 10:07:24 - [MESSAGE][PASSED] - All options with index in [13] are selected on object 'Object Repository/lab/Page_KDMC/select_--Select--Automatic x-r'

2018-05-28 10:07:24 - [TEST_STEP][PASSED] - setText: Text '10' is set on object 'Object Repository/lab/Page_KDMC/input_txttreat'

2018-05-28 10:07:24 - [MESSAGE][PASSED] - Text '10' is set on object 'Object Repository/lab/Page_KDMC/input_txttreat'

2018-05-28 10:07:24 - [TEST_STEP][PASSED] - click: Object: 'Object Repository/lab/Page_KDMC/button_Add' is clicked on

2018-05-28 10:07:24 - [MESSAGE][PASSED] - Object: 'Object Repository/lab/Page_KDMC/button_Add' is clicked on

2018-05-28 10:07:24 - [TEST_STEP][PASSED] - selectOptionByIndex: All options with index in [6] are selected on object 'Object Repository/lab/Page_KDMC/select_--Select--Schedule 4X-r'

2018-05-28 10:07:24 - [MESSAGE][PASSED] - All options with index in [6] are selected on object 'Object Repository/lab/Page_KDMC/select_--Select--Schedule 4X-r'

2018-05-28 10:07:24 - [TEST_STEP][PASSED] - selectOptionByIndex: All options with index in [14] are selected on object 'Object Repository/lab/Page_KDMC/select_--Select--Automatic x-r'

2018-05-28 10:07:25 - [MESSAGE][PASSED] - All options with index in [14] are selected on object 'Object Repository/lab/Page_KDMC/select_--Select--Automatic x-r'

2018-05-28 10:07:25 - [TEST_STEP][PASSED] - setText: Text '10' is set on object 'Object Repository/lab/Page_KDMC/input_txttreat'

2018-05-28 10:07:25 - [MESSAGE][PASSED] - Text '10' is set on object 'Object Repository/lab/Page_KDMC/input_txttreat'

2018-05-28 10:07:25 - [TEST_STEP][PASSED] - click: Object: 'Object Repository/lab/Page_KDMC/button_Add' is clicked on

2018-05-28 10:07:25 - [MESSAGE][PASSED] - Object: 'Object Repository/lab/Page_KDMC/button_Add' is clicked on

2018-05-28 10:07:25 - [TEST_STEP][PASSED] - selectOptionByIndex: All options with index in [6] are selected on object 'Object Repository/lab/Page_KDMC/select_--Select--Schedule 4X-r'

2018-05-28 10:07:25 - [MESSAGE][PASSED] - All options with index in [6] are selected on object 'Object Repository/lab/Page_KDMC/select_--Select--Schedule 4X-r'

2018-05-28 10:07:25 - [TEST_STEP][PASSED] - selectOptionByIndex: All options with index in [15] are selected on object 'Object Repository/lab/Page_KDMC/select_--Select--Automatic x-r'

2018-05-28 10:07:25 - [MESSAGE][PASSED] - All options with index in [15] are selected on object 'Object Repository/lab/Page_KDMC/select_--Select--Automatic x-r'

2018-05-28 10:07:25 - [TEST_STEP][PASSED] - setText: Text '10' is set on object 'Object Repository/lab/Page_KDMC/input_txttreat'

2018-05-28 10:07:25 - [MESSAGE][PASSED] - Text '10' is set on object 'Object Repository/lab/Page_KDMC/input_txttreat'

2018-05-28 10:07:25 - [TEST_STEP][PASSED] - click: Object: 'Object Repository/lab/Page_KDMC/button_Add' is clicked on

2018-05-28 10:07:25 - [MESSAGE][PASSED] - Object: 'Object Repository/lab/Page_KDMC/button_Add' is clicked on

2018-05-28 10:07:25 - [TEST_STEP][PASSED] - selectOptionByIndex: All options with index in [6] are selected on object 'Object Repository/lab/Page_KDMC/select_--Select--Schedule 4X-r'

2018-05-28 10:07:25 - [MESSAGE][PASSED] - All options with index in [6] are selected on object 'Object Repository/lab/Page_KDMC/select_--Select--Schedule 4X-r'

2018-05-28 10:07:25 - [TEST_STEP][PASSED] - selectOptionByIndex: All options with index in [16] are selected on object 'Object Repository/lab/Page_KDMC/select_--Select--Automatic x-r'

2018-05-28 10:07:26 - [MESSAGE][PASSED] - All options with index in [16] are selected on object 'Object Repository/lab/Page_KDMC/select_--Select--Automatic x-r'

2018-05-28 10:07:26 - [TEST_STEP][PASSED] - setText: Text '10' is set on object 'Object Repository/lab/Page_KDMC/input_txttreat'

2018-05-28 10:07:26 - [MESSAGE][PASSED] - Text '10' is set on object 'Object Repository/lab/Page_KDMC/input_txttreat'

2018-05-28 10:07:26 - [TEST_STEP][PASSED] - click: Object: 'Object Repository/lab/Page_KDMC/button_Add' is clicked on

2018-05-28 10:07:26 - [MESSAGE][PASSED] - Object: 'Object Repository/lab/Page_KDMC/button_Add' is clicked on

2018-05-28 10:07:26 - [TEST_STEP][PASSED] - selectOptionByIndex: All options with index in [6] are selected on object 'Object Repository/lab/Page_KDMC/select_--Select--Schedule 4X-r'

2018-05-28 10:07:26 - [MESSAGE][PASSED] - All options with index in [6] are selected on object 'Object Repository/lab/Page_KDMC/select_--Select--Schedule 4X-r'

2018-05-28 10:07:26 - [TEST_STEP][PASSED] - selectOptionByIndex: All options with index in [17] are selected on object 'Object Repository/lab/Page_KDMC/select_--Select--Automatic x-r'

2018-05-28 10:07:26 - [MESSAGE][PASSED] - All options with index in [17] are selected on object 'Object Repository/lab/Page_KDMC/select_--Select--Automatic x-r'

2018-05-28 10:07:26 - [TEST_STEP][PASSED] - setText: Text '10' is set on object 'Object Repository/lab/Page_KDMC/input_txttreat'

2018-05-28 10:07:26 - [MESSAGE][PASSED] - Text '10' is set on object 'Object Repository/lab/Page_KDMC/input_txttreat'

2018-05-28 10:07:26 - [TEST_STEP][PASSED] - click: Object: 'Object Repository/lab/Page_KDMC/button_Add' is clicked on

2018-05-28 10:07:26 - [MESSAGE][PASSED] - Object: 'Object Repository/lab/Page_KDMC/button_Add' is clicked on

2018-05-28 10:07:26 - [TEST_STEP][PASSED] - selectOptionByIndex: All options with index in [6] are selected on object 'Object Repository/lab/Page_KDMC/select_--Select--Schedule 4X-r'

2018-05-28 10:07:27 - [MESSAGE][PASSED] - All options with index in [6] are selected on object 'Object Repository/lab/Page_KDMC/select_--Select--Schedule 4X-r'

2018-05-28 10:07:27 - [TEST_STEP][PASSED] - selectOptionByIndex: All options with index in [18] are selected on object 'Object Repository/lab/Page_KDMC/select_--Select--Automatic x-r'

2018-05-28 10:07:27 - [MESSAGE][PASSED] - All options with index in [18] are selected on object 'Object Repository/lab/Page_KDMC/select_--Select--Automatic x-r'

2018-05-28 10:07:27 - [TEST_STEP][PASSED] - setText: Text '10' is set on object 'Object Repository/lab/Page_KDMC/input_txttreat'

2018-05-28 10:07:27 - [MESSAGE][PASSED] - Text '10' is set on object 'Object Repository/lab/Page_KDMC/input_txttreat'

2018-05-28 10:07:27 - [TEST_STEP][PASSED] - click: Object: 'Object Repository/lab/Page_KDMC/button_Add' is clicked on

2018-05-28 10:07:27 - [MESSAGE][PASSED] - Object: 'Object Repository/lab/Page_KDMC/button_Add' is clicked on

2018-05-28 10:07:27 - [TEST_STEP][PASSED] - selectOptionByIndex: All options with index in [6] are selected on object 'Object Repository/lab/Page_KDMC/select_--Select--Schedule 4X-r'

2018-05-28 10:07:27 - [MESSAGE][PASSED] - All options with index in [6] are selected on object 'Object Repository/lab/Page_KDMC/select_--Select--Schedule 4X-r'

2018-05-28 10:07:27 - [TEST_STEP][PASSED] - selectOptionByIndex: All options with index in [19] are selected on object 'Object Repository/lab/Page_KDMC/select_--Select--Automatic x-r'

2018-05-28 10:07:28 - [MESSAGE][PASSED] - All options with index in [19] are selected on object 'Object Repository/lab/Page_KDMC/select_--Select--Automatic x-r'

2018-05-28 10:07:28 - [TEST_STEP][PASSED] - setText: Text '10' is set on object 'Object Repository/lab/Page_KDMC/input_txttreat'

2018-05-28 10:07:28 - [MESSAGE][PASSED] - Text '10' is set on object 'Object Repository/lab/Page_KDMC/input_txttreat'

2018-05-28 10:07:28 - [TEST_STEP][PASSED] - click: Object: 'Object Repository/lab/Page_KDMC/button_Add' is clicked on

2018-05-28 10:07:28 - [MESSAGE][PASSED] - Object: 'Object Repository/lab/Page_KDMC/button_Add' is clicked on

2018-05-28 10:07:28 - [TEST_STEP][PASSED] - selectOptionByIndex: All options with index in [6] are selected on object 'Object Repository/lab/Page_KDMC/select_--Select--Schedule 4X-r'

2018-05-28 10:07:28 - [MESSAGE][PASSED] - All options with index in [6] are selected on object 'Object Repository/lab/Page_KDMC/select_--Select--Schedule 4X-r'

2018-05-28 10:07:28 - [TEST_STEP][PASSED] - selectOptionByIndex: All options with index in [20] are selected on object 'Object Repository/lab/Page_KDMC/select_--Select--Automatic x-r'

2018-05-28 10:07:28 - [MESSAGE][PASSED] - All options with index in [20] are selected on object 'Object Repository/lab/Page_KDMC/select_--Select--Automatic x-r'

2018-05-28 10:07:28 - [TEST_STEP][PASSED] - setText: Text '10' is set on object 'Object Repository/lab/Page_KDMC/input_txttreat'

2018-05-28 10:07:28 - [MESSAGE][PASSED] - Text '10' is set on object 'Object Repository/lab/Page_KDMC/input_txttreat'

2018-05-28 10:07:28 - [TEST_STEP][PASSED] - click: Object: 'Object Repository/lab/Page_KDMC/button_Add' is clicked on

2018-05-28 10:07:28 - [MESSAGE][PASSED] - Object: 'Object Repository/lab/Page_KDMC/button_Add' is clicked on

2018-05-28 10:07:28 - [TEST_STEP][PASSED] - selectOptionByIndex: All options with index in [6] are selected on object 'Object Repository/lab/Page_KDMC/select_--Select--Schedule 4X-r'

2018-05-28 10:07:28 - [MESSAGE][PASSED] - All options with index in [6] are selected on object 'Object Repository/lab/Page_KDMC/select_--Select--Schedule 4X-r'

2018-05-28 10:07:28 - [TEST_STEP][PASSED] - selectOptionByIndex: All options with index in [21] are selected on object 'Object Repository/lab/Page_KDMC/select_--Select--Automatic x-r'

2018-05-28 10:07:29 - [MESSAGE][PASSED] - All options with index in [21] are selected on object 'Object Repository/lab/Page_KDMC/select_--Select--Automatic x-r'

2018-05-28 10:07:29 - [TEST_STEP][PASSED] - setText: Text '10' is set on object 'Object Repository/lab/Page_KDMC/input_txttreat'

2018-05-28 10:07:29 - [MESSAGE][PASSED] - Text '10' is set on object 'Object Repository/lab/Page_KDMC/input_txttreat'

2018-05-28 10:07:29 - [TEST_STEP][PASSED] - click: Object: 'Object Repository/lab/Page_KDMC/button_Add' is clicked on

2018-05-28 10:07:29 - [MESSAGE][PASSED] - Object: 'Object Repository/lab/Page_KDMC/button_Add' is clicked on

2018-05-28 10:07:29 - [TEST_STEP][PASSED] - selectOptionByIndex: All options with index in [6] are selected on object 'Object Repository/lab/Page_KDMC/select_--Select--Schedule 4X-r'

2018-05-28 10:07:29 - [MESSAGE][PASSED] - All options with index in [6] are selected on object 'Object Repository/lab/Page_KDMC/select_--Select--Schedule 4X-r'

2018-05-28 10:07:29 - [TEST_STEP][PASSED] - selectOptionByIndex: All options with index in [22] are selected on object 'Object Repository/lab/Page_KDMC/select_--Select--Automatic x-r'

2018-05-28 10:07:29 - [MESSAGE][PASSED] - All options with index in [22] are selected on object 'Object Repository/lab/Page_KDMC/select_--Select--Automatic x-r'

2018-05-28 10:07:29 - [TEST_STEP][PASSED] - setText: Text '10' is set on object 'Object Repository/lab/Page_KDMC/input_txttreat'

2018-05-28 10:07:30 - [MESSAGE][PASSED] - Text '10' is set on object 'Object Repository/lab/Page_KDMC/input_txttreat'

2018-05-28 10:07:30 - [TEST_STEP][PASSED] - click: Object: 'Object Repository/lab/Page_KDMC/button_Add' is clicked on

2018-05-28 10:07:30 - [MESSAGE][PASSED] - Object: 'Object Repository/lab/Page_KDMC/button_Add' is clicked on

2018-05-28 10:07:30 - [TEST_STEP][PASSED] - selectOptionByIndex: All options with index in [6] are selected on object 'Object Repository/lab/Page_KDMC/select_--Select--Schedule 4X-r'

2018-05-28 10:07:30 - [MESSAGE][PASSED] - All options with index in [6] are selected on object 'Object Repository/lab/Page_KDMC/select_--Select--Schedule 4X-r'

2018-05-28 10:07:30 - [TEST_STEP][PASSED] - selectOptionByIndex: All options with index in [23] are selected on object 'Object Repository/lab/Page_KDMC/select_--Select--Automatic x-r'

2018-05-28 10:07:30 - [MESSAGE][PASSED] - All options with index in [23] are selected on object 'Object Repository/lab/Page_KDMC/select_--Select--Automatic x-r'

2018-05-28 10:07:30 - [TEST_STEP][PASSED] - setText: Text '10' is set on object 'Object Repository/lab/Page_KDMC/input_txttreat'

2018-05-28 10:07:30 - [MESSAGE][PASSED] - Text '10' is set on object 'Object Repository/lab/Page_KDMC/input_txttreat'

2018-05-28 10:07:30 - [TEST_STEP][PASSED] - click: Object: 'Object Repository/lab/Page_KDMC/button_Add' is clicked on

2018-05-28 10:07:30 - [MESSAGE][PASSED] - Object: 'Object Repository/lab/Page_KDMC/button_Add' is clicked on

2018-05-28 10:07:30 - [TEST_STEP][PASSED] - selectOptionByIndex: All options with index in [6] are selected on object 'Object Repository/lab/Page_KDMC/select_--Select--Schedule 4X-r'

2018-05-28 10:07:30 - [MESSAGE][PASSED] - All options with index in [6] are selected on object 'Object Repository/lab/Page_KDMC/select_--Select--Schedule 4X-r'

2018-05-28 10:07:30 - [TEST_STEP][PASSED] - selectOptionByIndex: All options with index in [24] are selected on object 'Object Repository/lab/Page_KDMC/select_--Select--Automatic x-r'

2018-05-28 10:07:31 - [MESSAGE][PASSED] - All options with index in [24] are selected on object 'Object Repository/lab/Page_KDMC/select_--Select--Automatic x-r'

2018-05-28 10:07:31 - [TEST_STEP][PASSED] - setText: Text '10' is set on object 'Object Repository/lab/Page_KDMC/input_txttreat'

2018-05-28 10:07:31 - [MESSAGE][PASSED] - Text '10' is set on object 'Object Repository/lab/Page_KDMC/input_txttreat'

2018-05-28 10:07:31 - [TEST_STEP][PASSED] - click: Object: 'Object Repository/lab/Page_KDMC/button_Add' is clicked on

2018-05-28 10:07:31 - [MESSAGE][PASSED] - Object: 'Object Repository/lab/Page_KDMC/button_Add' is clicked on

2018-05-28 10:07:31 - [TEST_STEP][PASSED] - selectOptionByIndex: All options with index in [6] are selected on object 'Object Repository/lab/Page_KDMC/select_--Select--Schedule 4X-r'

2018-05-28 10:07:31 - [MESSAGE][PASSED] - All options with index in [6] are selected on object 'Object Repository/lab/Page_KDMC/select_--Select--Schedule 4X-r'

2018-05-28 10:07:31 - [TEST_STEP][PASSED] - selectOptionByIndex: All options with index in [25] are selected on object 'Object Repository/lab/Page_KDMC/select_--Select--Automatic x-r'

2018-05-28 10:07:31 - [MESSAGE][PASSED] - All options with index in [25] are selected on object 'Object Repository/lab/Page_KDMC/select_--Select--Automatic x-r'

2018-05-28 10:07:31 - [TEST_STEP][PASSED] - setText: Text '10' is set on object 'Object Repository/lab/Page_KDMC/input_txttreat'

2018-05-28 10:07:31 - [MESSAGE][PASSED] - Text '10' is set on object 'Object Repository/lab/Page_KDMC/input_txttreat'

2018-05-28 10:07:31 - [TEST_STEP][PASSED] - click: Object: 'Object Repository/lab/Page_KDMC/button_Add' is clicked on

2018-05-28 10:07:32 - [MESSAGE][PASSED] - Object: 'Object Repository/lab/Page_KDMC/button_Add' is clicked on

2018-05-28 10:07:32 - [TEST_STEP][PASSED] - selectOptionByIndex: All options with index in [6] are selected on object 'Object Repository/lab/Page_KDMC/select_--Select--Schedule 4X-r'

2018-05-28 10:07:32 - [MESSAGE][PASSED] - All options with index in [6] are selected on object 'Object Repository/lab/Page_KDMC/select_--Select--Schedule 4X-r'

2018-05-28 10:07:32 - [TEST_STEP][PASSED] - selectOptionByIndex: All options with index in [26] are selected on object 'Object Repository/lab/Page_KDMC/select_--Select--Automatic x-r'

2018-05-28 10:07:32 - [MESSAGE][PASSED] - All options with index in [26] are selected on object 'Object Repository/lab/Page_KDMC/select_--Select--Automatic x-r'

2018-05-28 10:07:32 - [TEST_STEP][PASSED] - setText: Text '10' is set on object 'Object Repository/lab/Page_KDMC/input_txttreat'

2018-05-28 10:07:32 - [MESSAGE][PASSED] - Text '10' is set on object 'Object Repository/lab/Page_KDMC/input_txttreat'

2018-05-28 10:07:32 - [TEST_STEP][PASSED] - click: Object: 'Object Repository/lab/Page_KDMC/button_Add' is clicked on

2018-05-28 10:07:32 - [MESSAGE][PASSED] - Object: 'Object Repository/lab/Page_KDMC/button_Add' is clicked on

2018-05-28 10:07:32 - [TEST_STEP][PASSED] - selectOptionByIndex: All options with index in [6] are selected on object 'Object Repository/lab/Page_KDMC/select_--Select--Schedule 4X-r'

2018-05-28 10:07:32 - [MESSAGE][PASSED] - All options with index in [6] are selected on object 'Object Repository/lab/Page_KDMC/select_--Select--Schedule 4X-r'

2018-05-28 10:07:32 - [TEST_STEP][PASSED] - selectOptionByIndex: All options with index in [27] are selected on object 'Object Repository/lab/Page_KDMC/select_--Select--Automatic x-r'

2018-05-28 10:07:33 - [MESSAGE][PASSED] - All options with index in [27] are selected on object 'Object Repository/lab/Page_KDMC/select_--Select--Automatic x-r'

2018-05-28 10:07:33 - [TEST_STEP][PASSED] - setText: Text '10' is set on object 'Object Repository/lab/Page_KDMC/input_txttreat'

2018-05-28 10:07:33 - [MESSAGE][PASSED] - Text '10' is set on object 'Object Repository/lab/Page_KDMC/input_txttreat'

2018-05-28 10:07:33 - [TEST_STEP][PASSED] - click: Object: 'Object Repository/lab/Page_KDMC/button_Add' is clicked on

2018-05-28 10:07:33 - [MESSAGE][PASSED] - Object: 'Object Repository/lab/Page_KDMC/button_Add' is clicked on

2018-05-28 10:07:33 - [TEST_STEP][PASSED] - selectOptionByIndex: All options with index in [6] are selected on object 'Object Repository/lab/Page_KDMC/select_--Select--Schedule 4X-r'

2018-05-28 10:07:33 - [MESSAGE][PASSED] - All options with index in [6] are selected on object 'Object Repository/lab/Page_KDMC/select_--Select--Schedule 4X-r'

2018-05-28 10:07:33 - [TEST_STEP][PASSED] - selectOptionByIndex: All options with index in [28] are selected on object 'Object Repository/lab/Page_KDMC/select_--Select--Automatic x-r'

2018-05-28 10:07:33 - [MESSAGE][PASSED] - All options with index in [28] are selected on object 'Object Repository/lab/Page_KDMC/select_--Select--Automatic x-r'

2018-05-28 10:07:33 - [TEST_STEP][PASSED] - setText: Text '10' is set on object 'Object Repository/lab/Page_KDMC/input_txttreat'

2018-05-28 10:07:34 - [MESSAGE][PASSED] - Text '10' is set on object 'Object Repository/lab/Page_KDMC/input_txttreat'

2018-05-28 10:07:34 - [TEST_STEP][PASSED] - click: Object: 'Object Repository/lab/Page_KDMC/button_Add' is clicked on

2018-05-28 10:07:34 - [MESSAGE][PASSED] - Object: 'Object Repository/lab/Page_KDMC/button_Add' is clicked on

2018-05-28 10:07:34 - [TEST_STEP][PASSED] - selectOptionByIndex: All options with index in [6] are selected on object 'Object Repository/lab/Page_KDMC/select_--Select--Schedule 4X-r'

2018-05-28 10:07:34 - [MESSAGE][PASSED] - All options with index in [6] are selected on object 'Object Repository/lab/Page_KDMC/select_--Select--Schedule 4X-r'

2018-05-28 10:07:34 - [TEST_STEP][PASSED] - selectOptionByIndex: All options with index in [29] are selected on object 'Object Repository/lab/Page_KDMC/select_--Select--Automatic x-r'

2018-05-28 10:07:34 - [MESSAGE][PASSED] - All options with index in [29] are selected on object 'Object Repository/lab/Page_KDMC/select_--Select--Automatic x-r'

2018-05-28 10:07:34 - [TEST_STEP][PASSED] - setText: Text '10' is set on object 'Object Repository/lab/Page_KDMC/input_txttreat'

2018-05-28 10:07:34 - [MESSAGE][PASSED] - Text '10' is set on object 'Object Repository/lab/Page_KDMC/input_txttreat'

2018-05-28 10:07:34 - [TEST_STEP][PASSED] - click: Object: 'Object Repository/lab/Page_KDMC/button_Add' is clicked on

2018-05-28 10:07:34 - [MESSAGE][PASSED] - Object: 'Object Repository/lab/Page_KDMC/button_Add' is clicked on

2018-05-28 10:07:34 - [TEST_STEP][PASSED] - selectOptionByIndex: All options with index in [6] are selected on object 'Object Repository/lab/Page_KDMC/select_--Select--Schedule 4X-r'

2018-05-28 10:07:34 - [MESSAGE][PASSED] - All options with index in [6] are selected on object 'Object Repository/lab/Page_KDMC/select_--Select--Schedule 4X-r'

2018-05-28 10:07:34 - [TEST_STEP][PASSED] - selectOptionByIndex: All options with index in [30] are selected on object 'Object Repository/lab/Page_KDMC/select_--Select--Automatic x-r'

2018-05-28 10:07:35 - [MESSAGE][PASSED] - All options with index in [30] are selected on object 'Object Repository/lab/Page_KDMC/select_--Select--Automatic x-r'

2018-05-28 10:07:35 - [TEST_STEP][PASSED] - setText: Text '10' is set on object 'Object Repository/lab/Page_KDMC/input_txttreat'

2018-05-28 10:07:35 - [MESSAGE][PASSED] - Text '10' is set on object 'Object Repository/lab/Page_KDMC/input_txttreat'

2018-05-28 10:07:35 - [TEST_STEP][PASSED] - click: Object: 'Object Repository/lab/Page_KDMC/button_Add' is clicked on

2018-05-28 10:07:35 - [MESSAGE][PASSED] - Object: 'Object Repository/lab/Page_KDMC/button_Add' is clicked on

2018-05-28 10:07:35 - [TEST_STEP][PASSED] - selectOptionByIndex: All options with index in [6] are selected on object 'Object Repository/lab/Page_KDMC/select_--Select--Schedule 4X-r'

2018-05-28 10:07:35 - [MESSAGE][PASSED] - All options with index in [6] are selected on object 'Object Repository/lab/Page_KDMC/select_--Select--Schedule 4X-r'

2018-05-28 10:07:35 - [TEST_STEP][PASSED] - selectOptionByIndex: All options with index in [31] are selected on object 'Object Repository/lab/Page_KDMC/select_--Select--Automatic x-r'

2018-05-28 10:07:36 - [MESSAGE][PASSED] - All options with index in [31] are selected on object 'Object Repository/lab/Page_KDMC/select_--Select--Automatic x-r'

2018-05-28 10:07:36 - [TEST_STEP][PASSED] - setText: Text '10' is set on object 'Object Repository/lab/Page_KDMC/input_txttreat'

2018-05-28 10:07:36 - [MESSAGE][PASSED] - Text '10' is set on object 'Object Repository/lab/Page_KDMC/input_txttreat'

2018-05-28 10:07:36 - [TEST_STEP][PASSED] - click: Object: 'Object Repository/lab/Page_KDMC/button_Add' is clicked on

2018-05-28 10:07:36 - [MESSAGE][PASSED] - Object: 'Object Repository/lab/Page_KDMC/button_Add' is clicked on

2018-05-28 10:07:36 - [TEST_STEP][PASSED] - selectOptionByIndex: All options with index in [6] are selected on object 'Object Repository/lab/Page_KDMC/select_--Select--Schedule 4X-r'

2018-05-28 10:07:36 - [MESSAGE][PASSED] - All options with index in [6] are selected on object 'Object Repository/lab/Page_KDMC/select_--Select--Schedule 4X-r'

2018-05-28 10:07:36 - [TEST_STEP][PASSED] - selectOptionByIndex: All options with index in [32] are selected on object 'Object Repository/lab/Page_KDMC/select_--Select--Automatic x-r'

2018-05-28 10:07:36 - [MESSAGE][PASSED] - All options with index in [32] are selected on object 'Object Repository/lab/Page_KDMC/select_--Select--Automatic x-r'

2018-05-28 10:07:36 - [TEST_STEP][PASSED] - setText: Text '10' is set on object 'Object Repository/lab/Page_KDMC/input_txttreat'

2018-05-28 10:07:36 - [MESSAGE][PASSED] - Text '10' is set on object 'Object Repository/lab/Page_KDMC/input_txttreat'

2018-05-28 10:07:36 - [TEST_STEP][PASSED] - click: Object: 'Object Repository/lab/Page_KDMC/button_Add' is clicked on

2018-05-28 10:07:36 - [MESSAGE][PASSED] - Object: 'Object Repository/lab/Page_KDMC/button_Add' is clicked on

2018-05-28 10:07:36 - [TEST_STEP][PASSED] - selectOptionByIndex: All options with index in [6] are selected on object 'Object Repository/lab/Page_KDMC/select_--Select--Schedule 4X-r'

2018-05-28 10:07:37 - [MESSAGE][PASSED] - All options with index in [6] are selected on object 'Object Repository/lab/Page_KDMC/select_--Select--Schedule 4X-r'

2018-05-28 10:07:37 - [TEST_STEP][PASSED] - selectOptionByIndex: All options with index in [33] are selected on object 'Object Repository/lab/Page_KDMC/select_--Select--Automatic x-r'

2018-05-28 10:07:37 - [MESSAGE][PASSED] - All options with index in [33] are selected on object 'Object Repository/lab/Page_KDMC/select_--Select--Automatic x-r'

2018-05-28 10:07:37 - [TEST_STEP][PASSED] - setText: Text '10' is set on object 'Object Repository/lab/Page_KDMC/input_txttreat'

2018-05-28 10:07:37 - [MESSAGE][PASSED] - Text '10' is set on object 'Object Repository/lab/Page_KDMC/input_txttreat'

2018-05-28 10:07:37 - [TEST_STEP][PASSED] - click: Object: 'Object Repository/lab/Page_KDMC/button_Add' is clicked on

2018-05-28 10:07:37 - [MESSAGE][PASSED] - Object: 'Object Repository/lab/Page_KDMC/button_Add' is clicked on

2018-05-28 10:07:37 - [TEST_STEP][PASSED] - selectOptionByIndex: All options with index in [6] are selected on object 'Object Repository/lab/Page_KDMC/select_--Select--Schedule 4X-r'

2018-05-28 10:07:37 - [MESSAGE][PASSED] - All options with index in [6] are selected on object 'Object Repository/lab/Page_KDMC/select_--Select--Schedule 4X-r'

2018-05-28 10:07:37 - [TEST_STEP][PASSED] - selectOptionByIndex: All options with index in [34] are selected on object 'Object Repository/lab/Page_KDMC/select_--Select--Automatic x-r'

2018-05-28 10:07:38 - [MESSAGE][PASSED] - All options with index in [34] are selected on object 'Object Repository/lab/Page_KDMC/select_--Select--Automatic x-r'

2018-05-28 10:07:38 - [TEST_STEP][PASSED] - setText: Text '10' is set on object 'Object Repository/lab/Page_KDMC/input_txttreat'

2018-05-28 10:07:38 - [MESSAGE][PASSED] - Text '10' is set on object 'Object Repository/lab/Page_KDMC/input_txttreat'

2018-05-28 10:07:38 - [TEST_STEP][PASSED] - click: Object: 'Object Repository/lab/Page_KDMC/button_Add' is clicked on

2018-05-28 10:07:38 - [MESSAGE][PASSED] - Object: 'Object Repository/lab/Page_KDMC/button_Add' is clicked on

2018-05-28 10:07:38 - [TEST_STEP][PASSED] - selectOptionByIndex: All options with index in [6] are selected on object 'Object Repository/lab/Page_KDMC/select_--Select--Schedule 4X-r'

2018-05-28 10:07:38 - [MESSAGE][PASSED] - All options with index in [6] are selected on object 'Object Repository/lab/Page_KDMC/select_--Select--Schedule 4X-r'

2018-05-28 10:07:38 - [TEST_STEP][PASSED] - selectOptionByIndex: All options with index in [35] are selected on object 'Object Repository/lab/Page_KDMC/select_--Select--Automatic x-r'

2018-05-28 10:07:39 - [MESSAGE][PASSED] - All options with index in [35] are selected on object 'Object Repository/lab/Page_KDMC/select_--Select--Automatic x-r'

2018-05-28 10:07:39 - [TEST_STEP][PASSED] - setText: Text '10' is set on object 'Object Repository/lab/Page_KDMC/input_txttreat'

2018-05-28 10:07:39 - [MESSAGE][PASSED] - Text '10' is set on object 'Object Repository/lab/Page_KDMC/input_txttreat'

2018-05-28 10:07:39 - [TEST_STEP][PASSED] - click: Object: 'Object Repository/lab/Page_KDMC/button_Add' is clicked on

2018-05-28 10:07:39 - [MESSAGE][PASSED] - Object: 'Object Repository/lab/Page_KDMC/button_Add' is clicked on

2018-05-28 10:07:39 - [TEST_STEP][PASSED] - selectOptionByIndex: All options with index in [6] are selected on object 'Object Repository/lab/Page_KDMC/select_--Select--Schedule 4X-r'

2018-05-28 10:07:39 - [MESSAGE][PASSED] - All options with index in [6] are selected on object 'Object Repository/lab/Page_KDMC/select_--Select--Schedule 4X-r'

2018-05-28 10:07:39 - [TEST_STEP][PASSED] - selectOptionByIndex: All options with index in [36] are selected on object 'Object Repository/lab/Page_KDMC/select_--Select--Automatic x-r'

2018-05-28 10:07:39 - [MESSAGE][PASSED] - All options with index in [36] are selected on object 'Object Repository/lab/Page_KDMC/select_--Select--Automatic x-r'

2018-05-28 10:07:39 - [TEST_STEP][PASSED] - setText: Text '10' is set on object 'Object Repository/lab/Page_KDMC/input_txttreat'

2018-05-28 10:07:39 - [MESSAGE][PASSED] - Text '10' is set on object 'Object Repository/lab/Page_KDMC/input_txttreat'

2018-05-28 10:07:39 - [TEST_STEP][PASSED] - click: Object: 'Object Repository/lab/Page_KDMC/button_Add' is clicked on

2018-05-28 10:07:40 - [MESSAGE][PASSED] - Object: 'Object Repository/lab/Page_KDMC/button_Add' is clicked on

2018-05-28 10:07:40 - [TEST_STEP][PASSED] - selectOptionByIndex: All options with index in [6] are selected on object 'Object Repository/lab/Page_KDMC/select_--Select--Schedule 4X-r'

2018-05-28 10:07:40 - [MESSAGE][PASSED] - All options with index in [6] are selected on object 'Object Repository/lab/Page_KDMC/select_--Select--Schedule 4X-r'

2018-05-28 10:07:40 - [TEST_STEP][PASSED] - selectOptionByIndex: All options with index in [37] are selected on object 'Object Repository/lab/Page_KDMC/select_--Select--Automatic x-r'

2018-05-28 10:07:40 - [MESSAGE][PASSED] - All options with index in [37] are selected on object 'Object Repository/lab/Page_KDMC/select_--Select--Automatic x-r'

2018-05-28 10:07:40 - [TEST_STEP][PASSED] - setText: Text '10' is set on object 'Object Repository/lab/Page_KDMC/input_txttreat'

2018-05-28 10:07:40 - [MESSAGE][PASSED] - Text '10' is set on object 'Object Repository/lab/Page_KDMC/input_txttreat'

2018-05-28 10:07:40 - [TEST_STEP][PASSED] - click: Object: 'Object Repository/lab/Page_KDMC/button_Add' is clicked on

2018-05-28 10:07:40 - [MESSAGE][PASSED] - Object: 'Object Repository/lab/Page_KDMC/button_Add' is clicked on

2018-05-28 10:07:40 - [TEST_STEP][PASSED] - selectOptionByIndex: All options with index in [6] are selected on object 'Object Repository/lab/Page_KDMC/select_--Select--Schedule 4X-r'

2018-05-28 10:07:40 - [MESSAGE][PASSED] - All options with index in [6] are selected on object 'Object Repository/lab/Page_KDMC/select_--Select--Schedule 4X-r'

2018-05-28 10:07:40 - [TEST_STEP][PASSED] - selectOptionByIndex: All options with index in [38] are selected on object 'Object Repository/lab/Page_KDMC/select_--Select--Automatic x-r'

2018-05-28 10:07:41 - [MESSAGE][PASSED] - All options with index in [38] are selected on object 'Object Repository/lab/Page_KDMC/select_--Select--Automatic x-r'

2018-05-28 10:07:41 - [TEST_STEP][PASSED] - setText: Text '10' is set on object 'Object Repository/lab/Page_KDMC/input_txttreat'

2018-05-28 10:07:41 - [MESSAGE][PASSED] - Text '10' is set on object 'Object Repository/lab/Page_KDMC/input_txttreat'

2018-05-28 10:07:41 - [TEST_STEP][PASSED] - click: Object: 'Object Repository/lab/Page_KDMC/button_Add' is clicked on

2018-05-28 10:07:41 - [MESSAGE][PASSED] - Object: 'Object Repository/lab/Page_KDMC/button_Add' is clicked on

2018-05-28 10:07:41 - [TEST_STEP][PASSED] - selectOptionByIndex: All options with index in [6] are selected on object 'Object Repository/lab/Page_KDMC/select_--Select--Schedule 4X-r'

2018-05-28 10:07:41 - [MESSAGE][PASSED] - All options with index in [6] are selected on object 'Object Repository/lab/Page_KDMC/select_--Select--Schedule 4X-r'

2018-05-28 10:07:41 - [TEST_STEP][PASSED] - selectOptionByIndex: All options with index in [39] are selected on object 'Object Repository/lab/Page_KDMC/select_--Select--Automatic x-r'

2018-05-28 10:07:42 - [MESSAGE][PASSED] - All options with index in [39] are selected on object 'Object Repository/lab/Page_KDMC/select_--Select--Automatic x-r'

2018-05-28 10:07:42 - [TEST_STEP][PASSED] - setText: Text '10' is set on object 'Object Repository/lab/Page_KDMC/input_txttreat'

2018-05-28 10:07:42 - [MESSAGE][PASSED] - Text '10' is set on object 'Object Repository/lab/Page_KDMC/input_txttreat'

2018-05-28 10:07:42 - [TEST_STEP][PASSED] - click: Object: 'Object Repository/lab/Page_KDMC/button_Add' is clicked on

2018-05-28 10:07:42 - [MESSAGE][PASSED] - Object: 'Object Repository/lab/Page_KDMC/button_Add' is clicked on

2018-05-28 10:07:42 - [TEST_STEP][PASSED] - selectOptionByIndex: All options with index in [6] are selected on object 'Object Repository/lab/Page_KDMC/select_--Select--Schedule 4X-r'

2018-05-28 10:07:42 - [MESSAGE][PASSED] - All options with index in [6] are selected on object 'Object Repository/lab/Page_KDMC/select_--Select--Schedule 4X-r'

2018-05-28 10:07:42 - [TEST_STEP][PASSED] - selectOptionByIndex: All options with index in [40] are selected on object 'Object Repository/lab/Page_KDMC/select_--Select--Automatic x-r'

2018-05-28 10:07:43 - [MESSAGE][PASSED] - All options with index in [40] are selected on object 'Object Repository/lab/Page_KDMC/select_--Select--Automatic x-r'

2018-05-28 10:07:43 - [TEST_STEP][PASSED] - setText: Text '10' is set on object 'Object Repository/lab/Page_KDMC/input_txttreat'

2018-05-28 10:07:43 - [MESSAGE][PASSED] - Text '10' is set on object 'Object Repository/lab/Page_KDMC/input_txttreat'

2018-05-28 10:07:43 - [TEST_STEP][PASSED] - click: Object: 'Object Repository/lab/Page_KDMC/button_Add' is clicked on

2018-05-28 10:07:43 - [MESSAGE][PASSED] - Object: 'Object Repository/lab/Page_KDMC/button_Add' is clicked on

2018-05-28 10:07:43 - [TEST_STEP][PASSED] - selectOptionByIndex: All options with index in [6] are selected on object 'Object Repository/lab/Page_KDMC/select_--Select--Schedule 4X-r'

2018-05-28 10:07:43 - [MESSAGE][PASSED] - All options with index in [6] are selected on object 'Object Repository/lab/Page_KDMC/select_--Select--Schedule 4X-r'

2018-05-28 10:07:43 - [TEST_STEP][PASSED] - selectOptionByIndex: All options with index in [41] are selected on object 'Object Repository/lab/Page_KDMC/select_--Select--Automatic x-r'

2018-05-28 10:07:43 - [MESSAGE][PASSED] - All options with index in [41] are selected on object 'Object Repository/lab/Page_KDMC/select_--Select--Automatic x-r'

2018-05-28 10:07:43 - [TEST_STEP][PASSED] - setText: Text '10' is set on object 'Object Repository/lab/Page_KDMC/input_txttreat'

2018-05-28 10:07:43 - [MESSAGE][PASSED] - Text '10' is set on object 'Object Repository/lab/Page_KDMC/input_txttreat'

2018-05-28 10:07:43 - [TEST_STEP][PASSED] - click: Object: 'Object Repository/lab/Page_KDMC/button_Add' is clicked on

2018-05-28 10:07:43 - [MESSAGE][PASSED] - Object: 'Object Repository/lab/Page_KDMC/button_Add' is clicked on

2018-05-28 10:07:43 - [TEST_STEP][PASSED] - selectOptionByIndex: All options with index in [6] are selected on object 'Object Repository/lab/Page_KDMC/select_--Select--Schedule 4X-r'

2018-05-28 10:07:44 - [MESSAGE][PASSED] - All options with index in [6] are selected on object 'Object Repository/lab/Page_KDMC/select_--Select--Schedule 4X-r'

2018-05-28 10:07:44 - [TEST_STEP][PASSED] - selectOptionByIndex: All options with index in [42] are selected on object 'Object Repository/lab/Page_KDMC/select_--Select--Automatic x-r'

2018-05-28 10:07:44 - [MESSAGE][PASSED] - All options with index in [42] are selected on object 'Object Repository/lab/Page_KDMC/select_--Select--Automatic x-r'

2018-05-28 10:07:44 - [TEST_STEP][PASSED] - setText: Text '10' is set on object 'Object Repository/lab/Page_KDMC/input_txttreat'

2018-05-28 10:07:44 - [MESSAGE][PASSED] - Text '10' is set on object 'Object Repository/lab/Page_KDMC/input_txttreat'

2018-05-28 10:07:44 - [TEST_STEP][PASSED] - click: Object: 'Object Repository/lab/Page_KDMC/button_Add' is clicked on

2018-05-28 10:07:44 - [MESSAGE][PASSED] - Object: 'Object Repository/lab/Page_KDMC/button_Add' is clicked on

2018-05-28 10:07:44 - [TEST_STEP][PASSED] - selectOptionByIndex: All options with index in [6] are selected on object 'Object Repository/lab/Page_KDMC/select_--Select--Schedule 4X-r'

2018-05-28 10:07:44 - [MESSAGE][PASSED] - All options with index in [6] are selected on object 'Object Repository/lab/Page_KDMC/select_--Select--Schedule 4X-r'

2018-05-28 10:07:44 - [TEST_STEP][PASSED] - selectOptionByIndex: All options with index in [43] are selected on object 'Object Repository/lab/Page_KDMC/select_--Select--Automatic x-r'

2018-05-28 10:07:45 - [MESSAGE][PASSED] - All options with index in [43] are selected on object 'Object Repository/lab/Page_KDMC/select_--Select--Automatic x-r'

2018-05-28 10:07:45 - [TEST_STEP][PASSED] - setText: Text '10' is set on object 'Object Repository/lab/Page_KDMC/input_txttreat'

2018-05-28 10:07:45 - [MESSAGE][PASSED] - Text '10' is set on object 'Object Repository/lab/Page_KDMC/input_txttreat'

2018-05-28 10:07:45 - [TEST_STEP][PASSED] - click: Object: 'Object Repository/lab/Page_KDMC/button_Add' is clicked on

2018-05-28 10:07:45 - [MESSAGE][PASSED] - Object: 'Object Repository/lab/Page_KDMC/button_Add' is clicked on

2018-05-28 10:07:45 - [TEST_STEP][PASSED] - selectOptionByIndex: All options with index in [6] are selected on object 'Object Repository/lab/Page_KDMC/select_--Select--Schedule 4X-r'

2018-05-28 10:07:45 - [MESSAGE][PASSED] - All options with index in [6] are selected on object 'Object Repository/lab/Page_KDMC/select_--Select--Schedule 4X-r'

2018-05-28 10:07:45 - [TEST_STEP][PASSED] - selectOptionByIndex: All options with index in [44] are selected on object 'Object Repository/lab/Page_KDMC/select_--Select--Automatic x-r'

2018-05-28 10:07:46 - [MESSAGE][PASSED] - All options with index in [44] are selected on object 'Object Repository/lab/Page_KDMC/select_--Select--Automatic x-r'

2018-05-28 10:07:46 - [TEST_STEP][PASSED] - setText: Text '10' is set on object 'Object Repository/lab/Page_KDMC/input_txttreat'

2018-05-28 10:07:46 - [MESSAGE][PASSED] - Text '10' is set on object 'Object Repository/lab/Page_KDMC/input_txttreat'

2018-05-28 10:07:46 - [TEST_STEP][PASSED] - click: Object: 'Object Repository/lab/Page_KDMC/button_Add' is clicked on

2018-05-28 10:07:46 - [MESSAGE][PASSED] - Object: 'Object Repository/lab/Page_KDMC/button_Add' is clicked on

2018-05-28 10:07:46 - [TEST_STEP][PASSED] - selectOptionByIndex: All options with index in [6] are selected on object 'Object Repository/lab/Page_KDMC/select_--Select--Schedule 4X-r'

2018-05-28 10:07:46 - [MESSAGE][PASSED] - All options with index in [6] are selected on object 'Object Repository/lab/Page_KDMC/select_--Select--Schedule 4X-r'

2018-05-28 10:07:46 - [TEST_STEP][PASSED] - selectOptionByIndex: All options with index in [45] are selected on object 'Object Repository/lab/Page_KDMC/select_--Select--Automatic x-r'

2018-05-28 10:07:47 - [MESSAGE][PASSED] - All options with index in [45] are selected on object 'Object Repository/lab/Page_KDMC/select_--Select--Automatic x-r'

2018-05-28 10:07:47 - [TEST_STEP][PASSED] - setText: Text '10' is set on object 'Object Repository/lab/Page_KDMC/input_txttreat'

2018-05-28 10:07:47 - [MESSAGE][PASSED] - Text '10' is set on object 'Object Repository/lab/Page_KDMC/input_txttreat'

2018-05-28 10:07:47 - [TEST_STEP][PASSED] - click: Object: 'Object Repository/lab/Page_KDMC/button_Add' is clicked on

2018-05-28 10:07:47 - [MESSAGE][PASSED] - Object: 'Object Repository/lab/Page_KDMC/button_Add' is clicked on

2018-05-28 10:07:47 - [TEST_STEP][PASSED] - selectOptionByIndex: All options with index in [6] are selected on object 'Object Repository/lab/Page_KDMC/select_--Select--Schedule 4X-r'

2018-05-28 10:07:47 - [MESSAGE][PASSED] - All options with index in [6] are selected on object 'Object Repository/lab/Page_KDMC/select_--Select--Schedule 4X-r'

2018-05-28 10:07:47 - [TEST_STEP][PASSED] - selectOptionByIndex: All options with index in [46] are selected on object 'Object Repository/lab/Page_KDMC/select_--Select--Automatic x-r'

2018-05-28 10:07:48 - [MESSAGE][PASSED] - All options with index in [46] are selected on object 'Object Repository/lab/Page_KDMC/select_--Select--Automatic x-r'

2018-05-28 10:07:48 - [TEST_STEP][PASSED] - setText: Text '10' is set on object 'Object Repository/lab/Page_KDMC/input_txttreat'

2018-05-28 10:07:48 - [MESSAGE][PASSED] - Text '10' is set on object 'Object Repository/lab/Page_KDMC/input_txttreat'

2018-05-28 10:07:48 - [TEST_STEP][PASSED] - click: Object: 'Object Repository/lab/Page_KDMC/button_Add' is clicked on

2018-05-28 10:07:48 - [MESSAGE][PASSED] - Object: 'Object Repository/lab/Page_KDMC/button_Add' is clicked on

2018-05-28 10:07:48 - [TEST_STEP][PASSED] - selectOptionByIndex: All options with index in [6] are selected on object 'Object Repository/lab/Page_KDMC/select_--Select--Schedule 4X-r'

2018-05-28 10:07:48 - [MESSAGE][PASSED] - All options with index in [6] are selected on object 'Object Repository/lab/Page_KDMC/select_--Select--Schedule 4X-r'

2018-05-28 10:07:48 - [TEST_STEP][PASSED] - selectOptionByIndex: All options with index in [47] are selected on object 'Object Repository/lab/Page_KDMC/select_--Select--Automatic x-r'

2018-05-28 10:07:49 - [MESSAGE][PASSED] - All options with index in [47] are selected on object 'Object Repository/lab/Page_KDMC/select_--Select--Automatic x-r'

2018-05-28 10:07:49 - [TEST_STEP][PASSED] - setText: Text '10' is set on object 'Object Repository/lab/Page_KDMC/input_txttreat'

2018-05-28 10:07:49 - [MESSAGE][PASSED] - Text '10' is set on object 'Object Repository/lab/Page_KDMC/input_txttreat'

2018-05-28 10:07:49 - [TEST_STEP][PASSED] - click: Object: 'Object Repository/lab/Page_KDMC/button_Add' is clicked on

2018-05-28 10:07:49 - [MESSAGE][PASSED] - Object: 'Object Repository/lab/Page_KDMC/button_Add' is clicked on

2018-05-28 10:07:49 - [TEST_STEP][PASSED] - selectOptionByIndex: All options with index in [6] are selected on object 'Object Repository/lab/Page_KDMC/select_--Select--Schedule 4X-r'

2018-05-28 10:07:49 - [MESSAGE][PASSED] - All options with index in [6] are selected on object 'Object Repository/lab/Page_KDMC/select_--Select--Schedule 4X-r'

2018-05-28 10:07:49 - [TEST_STEP][PASSED] - selectOptionByIndex: All options with index in [48] are selected on object 'Object Repository/lab/Page_KDMC/select_--Select--Automatic x-r'

2018-05-28 10:07:50 - [MESSAGE][PASSED] - All options with index in [48] are selected on object 'Object Repository/lab/Page_KDMC/select_--Select--Automatic x-r'

2018-05-28 10:07:50 - [TEST_STEP][PASSED] - setText: Text '10' is set on object 'Object Repository/lab/Page_KDMC/input_txttreat'

2018-05-28 10:07:50 - [MESSAGE][PASSED] - Text '10' is set on object 'Object Repository/lab/Page_KDMC/input_txttreat'

2018-05-28 10:07:50 - [TEST_STEP][PASSED] - click: Object: 'Object Repository/lab/Page_KDMC/button_Add' is clicked on

2018-05-28 10:07:50 - [MESSAGE][PASSED] - Object: 'Object Repository/lab/Page_KDMC/button_Add' is clicked on

2018-05-28 10:07:50 - [TEST_STEP][PASSED] - selectOptionByIndex: All options with index in [6] are selected on object 'Object Repository/lab/Page_KDMC/select_--Select--Schedule 4X-r'

2018-05-28 10:07:50 - [MESSAGE][PASSED] - All options with index in [6] are selected on object 'Object Repository/lab/Page_KDMC/select_--Select--Schedule 4X-r'

2018-05-28 10:07:50 - [TEST_STEP][PASSED] - selectOptionByIndex: All options with index in [49] are selected on object 'Object Repository/lab/Page_KDMC/select_--Select--Automatic x-r'

2018-05-28 10:07:50 - [MESSAGE][PASSED] - All options with index in [49] are selected on object 'Object Repository/lab/Page_KDMC/select_--Select--Automatic x-r'

2018-05-28 10:07:50 - [TEST_STEP][FAILED] - setText: Unable to set text '10' of object 'Object Repository/lab/Page_KDMC/input_txttreat' (Root cause: org.openqa.selenium.WebDriverException: unknown error: cannot focus element
  (Session info: chrome=66.0.3359.181)
  (Driver info: chromedriver=2.35.528161 (5b82f2d2aae0ca24b877009200ced9065a772e73),platform=Windows NT 10.0.17134 x86_64) (WARNING: The server did not provide any stacktrace information)
Command duration or timeout: 0 milliseconds
Build info: version: '3.7.1', revision: '8a0099a', time: '2017-11-06T21:07:36.161Z'
System info: host: 'DESKTOP-BLFTK83', ip: '169.254.189.85', os.name: 'Windows 10', os.arch: 'amd64', os.version: '10.0', java.version: '1.8.0_102'
Driver info: com.kms.katalon.selenium.driver.CChromeDriver
Capabilities {acceptInsecureCerts: false, acceptSslCerts: false, applicationCacheEnabled: false, browserConnectionEnabled: false, browserName: chrome, chrome: {chromedriverVersion: 2.35.528161 (5b82f2d2aae0ca..., userDataDir: C:\Users\QUALIT~1\AppData\L...}, cssSelectorsEnabled: true, databaseEnabled: false, handlesAlerts: true, hasTouchScreen: false, javascriptEnabled: true, locationContextEnabled: true, mobileEmulationEnabled: false, nativeEvents: true, networkConnectionEnabled: false, pageLoadStrategy: normal, platform: XP, platformName: XP, rotatable: false, setWindowRect: true, takesHeapSnapshot: true, takesScreenshot: true, unexpectedAlertBehaviour: , unhandledPromptBehavior: , version: 66.0.3359.181, webStorageEnabled: true}
Session ID: f5e122c50adc7d2ae3d9c56c72836f19)

2018-05-28 10:07:51 - [MESSAGE][FAILED] - Unable to set text '10' of object 'Object Repository/lab/Page_KDMC/input_txttreat' (Root cause: org.openqa.selenium.WebDriverException: unknown error: cannot focus element
  (Session info: chrome=66.0.3359.181)
  (Driver info: chromedriver=2.35.528161 (5b82f2d2aae0ca24b877009200ced9065a772e73),platform=Windows NT 10.0.17134 x86_64) (WARNING: The server did not provide any stacktrace information)
Command duration or timeout: 0 milliseconds
Build info: version: '3.7.1', revision: '8a0099a', time: '2017-11-06T21:07:36.161Z'
System info: host: 'DESKTOP-BLFTK83', ip: '169.254.189.85', os.name: 'Windows 10', os.arch: 'amd64', os.version: '10.0', java.version: '1.8.0_102'
Driver info: com.kms.katalon.selenium.driver.CChromeDriver
Capabilities {acceptInsecureCerts: false, acceptSslCerts: false, applicationCacheEnabled: false, browserConnectionEnabled: false, browserName: chrome, chrome: {chromedriverVersion: 2.35.528161 (5b82f2d2aae0ca..., userDataDir: C:\Users\QUALIT~1\AppData\L...}, cssSelectorsEnabled: true, databaseEnabled: false, handlesAlerts: true, hasTouchScreen: false, javascriptEnabled: true, locationContextEnabled: true, mobileEmulationEnabled: false, nativeEvents: true, networkConnectionEnabled: false, pageLoadStrategy: normal, platform: XP, platformName: XP, rotatable: false, setWindowRect: true, takesHeapSnapshot: true, takesScreenshot: true, unexpectedAlertBehaviour: , unhandledPromptBehavior: , version: 66.0.3359.181, webStorageEnabled: true}
Session ID: f5e122c50adc7d2ae3d9c56c72836f19)
[[ATTACHMENT|C:\\Users\\Quality Analyst\\Katalon Studio\\ds\\Reports\\Investigation_Suite\\20180524_192548\\1527482270859.png]]]]></system-out>
         <system-err><![CDATA[2018-05-28 10:07:02 - [TEST_CASE][FAILED] - Test Cases/INVESTIGATION TEST CASES/TC_INV_006 Verify Schedule 11 Investigation Request Are Working Successfully Or No: Test Cases/INVESTIGATION TEST CASES/TC_INV_006 Verify Schedule 11 Investigation Request Are Working Successfully Or No FAILED because (of) Unable to set text '10' of object 'Object Repository/lab/Page_KDMC/input_txttreat' (Root cause: org.openqa.selenium.WebDriverException: unknown error: cannot focus element
  (Session info: chrome=66.0.3359.181)
  (Driver info: chromedriver=2.35.528161 (5b82f2d2aae0ca24b877009200ced9065a772e73),platform=Windows NT 10.0.17134 x86_64) (WARNING: The server did not provide any stacktrace information)
Command duration or timeout: 0 milliseconds
Build info: version: '3.7.1', revision: '8a0099a', time: '2017-11-06T21:07:36.161Z'
System info: host: 'DESKTOP-BLFTK83', ip: '169.254.189.85', os.name: 'Windows 10', os.arch: 'amd64', os.version: '10.0', java.version: '1.8.0_102'
Driver info: com.kms.katalon.selenium.driver.CChromeDriver
Capabilities {acceptInsecureCerts: false, acceptSslCerts: false, applicationCacheEnabled: false, browserConnectionEnabled: false, browserName: chrome, chrome: {chromedriverVersion: 2.35.528161 (5b82f2d2aae0ca..., userDataDir: C:\Users\QUALIT~1\AppData\L...}, cssSelectorsEnabled: true, databaseEnabled: false, handlesAlerts: true, hasTouchScreen: false, javascriptEnabled: true, locationContextEnabled: true, mobileEmulationEnabled: false, nativeEvents: true, networkConnectionEnabled: false, pageLoadStrategy: normal, platform: XP, platformName: XP, rotatable: false, setWindowRect: true, takesHeapSnapshot: true, takesScreenshot: true, unexpectedAlertBehaviour: , unhandledPromptBehavior: , version: 66.0.3359.181, webStorageEnabled: true}
Session ID: f5e122c50adc7d2ae3d9c56c72836f19)]]></system-err>
      </testcase>
      <system-out><![CDATA[2018-05-28 09:55:55 - [TEST_SUITE][FAILED] - Investigation_Suite: Test Cases/INVESTIGATION TEST CASES/TC_INV_003 Verify Schedule 6 Investigation Request Are Working Successfully Or Not FAILED because (of) Unable to click on object 'Object Repository/lab/Page_Store/button_OK' (Root cause: com.kms.katalon.core.webui.exception.WebElementNotFoundException: Web element with id: 'Object Repository/lab/Page_Store/button_OK' located by 'By.xpath: /html/body/div[5]/div/div/div[2]/button[count(. | //button[@type = 'button' and (text() = 'OK' or . = 'OK')]) = count(//button[@type = 'button' and (text() = 'OK' or . = 'OK')])]' not found)]]></system-out>
      <system-err><![CDATA[2018-05-28 09:55:55 - [TEST_SUITE][FAILED] - Investigation_Suite: Test Cases/INVESTIGATION TEST CASES/TC_INV_003 Verify Schedule 6 Investigation Request Are Working Successfully Or Not FAILED because (of) Unable to click on object 'Object Repository/lab/Page_Store/button_OK' (Root cause: com.kms.katalon.core.webui.exception.WebElementNotFoundException: Web element with id: 'Object Repository/lab/Page_Store/button_OK' located by 'By.xpath: /html/body/div[5]/div/div/div[2]/button[count(. | //button[@type = 'button' and (text() = 'OK' or . = 'OK')]) = count(//button[@type = 'button' and (text() = 'OK' or . = 'OK')])]' not found)]]></system-err>
   </testsuite>
</testsuites>
