<?xml version="1.0" encoding="UTF-8"?>
<testsuites name="Moh_Request" time="531" tests="8" failures="3" errors="0">
   <testsuite name="Moh_Request" tests="8" failures="3" errors="0" time="531" timestamp="2018-05-04 18:05:21" hostname="Quality Analyst - DESKTOP-BLFTK83" id="Test Suites/Moh_Request">
      <properties>
         <property name="deviceName" value=""/>
         <property name="devicePlatform" value=""/>
         <property name="logFolder" value="C:\\Users\\Quality Analyst\\Katalon Studio\\ds\\Reports\\Moh_Request\\20180504_180515"/>
         <property name="logFiles" value="C:\\Users\\Quality Analyst\\Katalon Studio\\ds\\Reports\\Moh_Request\\20180504_180515\\execution0.log"/>
         <property name="attachments" value="C:\\Users\\Quality Analyst\\Katalon Studio\\ds\\Reports\\Moh_Request\\20180504_180515\\1525437428943.png, C:\\Users\\Quality Analyst\\Katalon Studio\\ds\\Reports\\Moh_Request\\20180504_180515\\1525437454384.png, C:\\Users\\Quality Analyst\\Katalon Studio\\ds\\Reports\\Moh_Request\\20180504_180515\\1525437579088.png"/>
         <property name="hostName" value="Quality Analyst - DESKTOP-BLFTK83"/>
         <property name="os" value="Windows 10 64bit"/>
         <property name="katalonVersion" value="5.4.1.1"/>
         <property name="browser" value="Chrome 66.0.3359.139"/>
         <property name="hostAddress" value="192.168.71.2"/>
         <property name="sessionId" value="b0782a5113ce7dda0a43ef99de2e684d"/>
         <property name="seleniumVersion" value="3.7.1"/>
         <property name="proxyInformation" value="ProxyInformation{proxyOption=NO_PROXY, proxyServerType=HTTP, password=, proxyServerAddress=, proxyServerPort=0}"/>
         <property name="platform" value="Windows 10"/>
      </properties>
      <testcase name="Test Cases/MOHTOCMSREQUEST/MohRequestSchedule2" classname="Test Cases/MOHTOCMSREQUEST/MohRequestSchedule2" status="FAILED">
         <failure type="FAILED" message="Unable to click on object 'Object Repository/Schedule2/Page_KDMC - CMS/a_Sign out' (Root cause: org.openqa.selenium.ElementNotVisibleException: element not visible
  (Session info: chrome=66.0.3359.139)
  (Driver info: chromedriver=2.35.528161 (5b82f2d2aae0ca24b877009200ced9065a772e73),platform=Windows NT 10.0.16299 x86_64) (WARNING: The server did not provide any stacktrace information)
Command duration or timeout: 0 milliseconds
Build info: version: '3.7.1', revision: '8a0099a', time: '2017-11-06T21:07:36.161Z'
System info: host: 'DESKTOP-BLFTK83', ip: '192.168.71.2', os.name: 'Windows 10', os.arch: 'amd64', os.version: '10.0', java.version: '1.8.0_102'
Driver info: com.kms.katalon.selenium.driver.CChromeDriver
Capabilities {acceptInsecureCerts: false, acceptSslCerts: false, applicationCacheEnabled: false, browserConnectionEnabled: false, browserName: chrome, chrome: {chromedriverVersion: 2.35.528161 (5b82f2d2aae0ca..., userDataDir: C:\Users\QUALIT~1\AppData\L...}, cssSelectorsEnabled: true, databaseEnabled: false, handlesAlerts: true, hasTouchScreen: false, javascriptEnabled: true, locationContextEnabled: true, mobileEmulationEnabled: false, nativeEvents: true, networkConnectionEnabled: false, pageLoadStrategy: normal, platform: XP, platformName: XP, rotatable: false, setWindowRect: true, takesHeapSnapshot: true, takesScreenshot: true, unexpectedAlertBehaviour: , unhandledPromptBehavior: , version: 66.0.3359.139, webStorageEnabled: true}
Session ID: 46647c8a81aa12f1269d640defbee805)"/>
         <system-out><![CDATA[2018-05-04 18:05:22 - [TEST_CASE][FAILED] - Test Cases/MOHTOCMSREQUEST/MohRequestSchedule2: Test Cases/MOHTOCMSREQUEST/MohRequestSchedule2 FAILED because (of) Unable to click on object 'Object Repository/Schedule2/Page_KDMC - CMS/a_Sign out' (Root cause: org.openqa.selenium.ElementNotVisibleException: element not visible
  (Session info: chrome=66.0.3359.139)
  (Driver info: chromedriver=2.35.528161 (5b82f2d2aae0ca24b877009200ced9065a772e73),platform=Windows NT 10.0.16299 x86_64) (WARNING: The server did not provide any stacktrace information)
Command duration or timeout: 0 milliseconds
Build info: version: '3.7.1', revision: '8a0099a', time: '2017-11-06T21:07:36.161Z'
System info: host: 'DESKTOP-BLFTK83', ip: '192.168.71.2', os.name: 'Windows 10', os.arch: 'amd64', os.version: '10.0', java.version: '1.8.0_102'
Driver info: com.kms.katalon.selenium.driver.CChromeDriver
Capabilities {acceptInsecureCerts: false, acceptSslCerts: false, applicationCacheEnabled: false, browserConnectionEnabled: false, browserName: chrome, chrome: {chromedriverVersion: 2.35.528161 (5b82f2d2aae0ca..., userDataDir: C:\Users\QUALIT~1\AppData\L...}, cssSelectorsEnabled: true, databaseEnabled: false, handlesAlerts: true, hasTouchScreen: false, javascriptEnabled: true, locationContextEnabled: true, mobileEmulationEnabled: false, nativeEvents: true, networkConnectionEnabled: false, pageLoadStrategy: normal, platform: XP, platformName: XP, rotatable: false, setWindowRect: true, takesHeapSnapshot: true, takesScreenshot: true, unexpectedAlertBehaviour: , unhandledPromptBehavior: , version: 66.0.3359.139, webStorageEnabled: true}
Session ID: 46647c8a81aa12f1269d640defbee805)

2018-05-04 18:05:22 - [TEST_STEP][PASSED] - openBrowser: Browser is opened with url: ''

2018-05-04 18:05:25 - [MESSAGE][PASSED] - Browser is opened with url: ''

2018-05-04 18:05:25 - [TEST_STEP][PASSED] - Statement - i = 1: null

2018-05-04 18:05:25 - [TEST_STEP][PASSED] - navigateToUrl: Navigate to 'http://192.168.137.1/multihospital_new/' successfully

2018-05-04 18:05:31 - [MESSAGE][PASSED] - Navigate to 'http://192.168.137.1/multihospital_new/' successfully

2018-05-04 18:05:31 - [TEST_STEP][PASSED] - maximizeWindow: Current window maximized

2018-05-04 18:05:32 - [MESSAGE][PASSED] - Current window maximized

2018-05-04 18:05:32 - [TEST_STEP][PASSED] - click: Object: 'Object Repository/Schedule2/Page_KDMC/a_CMS' is clicked on

2018-05-04 18:05:33 - [MESSAGE][PASSED] - Object: 'Object Repository/Schedule2/Page_KDMC/a_CMS' is clicked on

2018-05-04 18:05:33 - [TEST_STEP][PASSED] - setText: Text 'bala' is set on object 'Object Repository/Schedule2/Page_CMS login/input_txtusername'

2018-05-04 18:05:33 - [MESSAGE][PASSED] - Text 'bala' is set on object 'Object Repository/Schedule2/Page_CMS login/input_txtusername'

2018-05-04 18:05:33 - [TEST_STEP][PASSED] - setText: Text '123' is set on object 'Object Repository/Schedule2/Page_CMS login/input_txtpassword'

2018-05-04 18:05:33 - [MESSAGE][PASSED] - Text '123' is set on object 'Object Repository/Schedule2/Page_CMS login/input_txtpassword'

2018-05-04 18:05:33 - [TEST_STEP][PASSED] - delay: Delayed 4 second(s)

2018-05-04 18:05:37 - [MESSAGE][PASSED] - Delayed 4 second(s)

2018-05-04 18:05:37 - [TEST_STEP][PASSED] - click: Object: 'Object Repository/Schedule2/Page_CMS login/button_Sign in' is clicked on

2018-05-04 18:05:39 - [MESSAGE][PASSED] - Object: 'Object Repository/Schedule2/Page_CMS login/button_Sign in' is clicked on

2018-05-04 18:05:39 - [TEST_STEP][PASSED] - delay: Delayed 2 second(s)

2018-05-04 18:05:41 - [MESSAGE][PASSED] - Delayed 2 second(s)

2018-05-04 18:05:41 - [TEST_STEP][PASSED] - click: Object: 'Object Repository/Schedule2/Page_KDMC - CMS/a_Request to MOH' is clicked on

2018-05-04 18:05:41 - [MESSAGE][PASSED] - Object: 'Object Repository/Schedule2/Page_KDMC - CMS/a_Request to MOH' is clicked on

2018-05-04 18:05:41 - [TEST_STEP][PASSED] - delay: Delayed 2 second(s)

2018-05-04 18:05:43 - [MESSAGE][PASSED] - Delayed 2 second(s)

2018-05-04 18:05:43 - [TEST_STEP][PASSED] - selectOptionByValue: All options with value 'Weekly/Monthly' are selected in object 'Object Repository/Schedule2/Page_KDMC - CMS/select_--Select--'  using regular expression

2018-05-04 18:05:44 - [MESSAGE][PASSED] - All options with value 'Weekly/Monthly' are selected in object 'Object Repository/Schedule2/Page_KDMC - CMS/select_--Select--'  using regular expression

2018-05-04 18:05:44 - [TEST_STEP][PASSED] - delay: Delayed 2 second(s)

2018-05-04 18:05:46 - [MESSAGE][PASSED] - Delayed 2 second(s)

2018-05-04 18:05:46 - [TEST_STEP][PASSED] - selectOptionByValue: All options with value '2' are selected in object 'Object Repository/Schedule2/Page_KDMC - CMS/select_--Select--Schedule 1Inj'  using regular expression

2018-05-04 18:05:46 - [MESSAGE][PASSED] - All options with value '2' are selected in object 'Object Repository/Schedule2/Page_KDMC - CMS/select_--Select--Schedule 1Inj'  using regular expression

2018-05-04 18:05:46 - [TEST_STEP][PASSED] - Statement - selectedoptions = com.kms.katalon.core.webui.keyword.WebUiBuiltInKeywords.getNumberOfTotalOption(com.kms.katalon.core.testobject.ObjectRepository.findTestObject(Schedule2/Page_KDMC - CMS/select_--Select--Albendazole)): 73 options of object 'Object Repository/Schedule2/Page_KDMC - CMS/select_--Select--Albendazole' counted

2018-05-04 18:05:46 - [MESSAGE][PASSED] - 73 options of object 'Object Repository/Schedule2/Page_KDMC - CMS/select_--Select--Albendazole' counted

2018-05-04 18:05:46 - [TEST_STEP][PASSED] - Statement - For ([i, i <= selectedoptions - 1, (i++)]): Object: 'Object Repository/Schedule2/Page_KDMC - CMS/button_Add' is clicked on

2018-05-04 18:05:46 - [TEST_STEP][PASSED] - selectOptionByValue: All options with value '2' are selected in object 'Object Repository/Schedule2/Page_KDMC - CMS/select_--Select--Schedule 1Inj'  using regular expression

2018-05-04 18:05:46 - [MESSAGE][PASSED] - All options with value '2' are selected in object 'Object Repository/Schedule2/Page_KDMC - CMS/select_--Select--Schedule 1Inj'  using regular expression

2018-05-04 18:05:46 - [TEST_STEP][PASSED] - selectOptionByIndex: All options with index in [1] are selected on object 'Object Repository/Schedule2/Page_KDMC - CMS/select_--Select--Albendazole'

2018-05-04 18:05:47 - [MESSAGE][PASSED] - All options with index in [1] are selected on object 'Object Repository/Schedule2/Page_KDMC - CMS/select_--Select--Albendazole'

2018-05-04 18:05:47 - [TEST_STEP][PASSED] - setText: Text '5000' is set on object 'Object Repository/Schedule2/Page_KDMC - CMS/input_txttreat'

2018-05-04 18:05:47 - [MESSAGE][PASSED] - Text '5000' is set on object 'Object Repository/Schedule2/Page_KDMC - CMS/input_txttreat'

2018-05-04 18:05:47 - [TEST_STEP][PASSED] - click: Object: 'Object Repository/Schedule2/Page_KDMC - CMS/button_Add' is clicked on

2018-05-04 18:05:47 - [MESSAGE][PASSED] - Object: 'Object Repository/Schedule2/Page_KDMC - CMS/button_Add' is clicked on

2018-05-04 18:05:47 - [TEST_STEP][PASSED] - selectOptionByValue: All options with value '2' are selected in object 'Object Repository/Schedule2/Page_KDMC - CMS/select_--Select--Schedule 1Inj'  using regular expression

2018-05-04 18:05:47 - [MESSAGE][PASSED] - All options with value '2' are selected in object 'Object Repository/Schedule2/Page_KDMC - CMS/select_--Select--Schedule 1Inj'  using regular expression

2018-05-04 18:05:47 - [TEST_STEP][PASSED] - selectOptionByIndex: All options with index in [2] are selected on object 'Object Repository/Schedule2/Page_KDMC - CMS/select_--Select--Albendazole'

2018-05-04 18:05:47 - [MESSAGE][PASSED] - All options with index in [2] are selected on object 'Object Repository/Schedule2/Page_KDMC - CMS/select_--Select--Albendazole'

2018-05-04 18:05:47 - [TEST_STEP][PASSED] - setText: Text '5000' is set on object 'Object Repository/Schedule2/Page_KDMC - CMS/input_txttreat'

2018-05-04 18:05:47 - [MESSAGE][PASSED] - Text '5000' is set on object 'Object Repository/Schedule2/Page_KDMC - CMS/input_txttreat'

2018-05-04 18:05:47 - [TEST_STEP][PASSED] - click: Object: 'Object Repository/Schedule2/Page_KDMC - CMS/button_Add' is clicked on

2018-05-04 18:05:47 - [MESSAGE][PASSED] - Object: 'Object Repository/Schedule2/Page_KDMC - CMS/button_Add' is clicked on

2018-05-04 18:05:47 - [TEST_STEP][PASSED] - selectOptionByValue: All options with value '2' are selected in object 'Object Repository/Schedule2/Page_KDMC - CMS/select_--Select--Schedule 1Inj'  using regular expression

2018-05-04 18:05:48 - [MESSAGE][PASSED] - All options with value '2' are selected in object 'Object Repository/Schedule2/Page_KDMC - CMS/select_--Select--Schedule 1Inj'  using regular expression

2018-05-04 18:05:48 - [TEST_STEP][PASSED] - selectOptionByIndex: All options with index in [3] are selected on object 'Object Repository/Schedule2/Page_KDMC - CMS/select_--Select--Albendazole'

2018-05-04 18:05:48 - [MESSAGE][PASSED] - All options with index in [3] are selected on object 'Object Repository/Schedule2/Page_KDMC - CMS/select_--Select--Albendazole'

2018-05-04 18:05:48 - [TEST_STEP][PASSED] - setText: Text '5000' is set on object 'Object Repository/Schedule2/Page_KDMC - CMS/input_txttreat'

2018-05-04 18:05:48 - [MESSAGE][PASSED] - Text '5000' is set on object 'Object Repository/Schedule2/Page_KDMC - CMS/input_txttreat'

2018-05-04 18:05:48 - [TEST_STEP][PASSED] - click: Object: 'Object Repository/Schedule2/Page_KDMC - CMS/button_Add' is clicked on

2018-05-04 18:05:48 - [MESSAGE][PASSED] - Object: 'Object Repository/Schedule2/Page_KDMC - CMS/button_Add' is clicked on

2018-05-04 18:05:48 - [TEST_STEP][PASSED] - selectOptionByValue: All options with value '2' are selected in object 'Object Repository/Schedule2/Page_KDMC - CMS/select_--Select--Schedule 1Inj'  using regular expression

2018-05-04 18:05:48 - [MESSAGE][PASSED] - All options with value '2' are selected in object 'Object Repository/Schedule2/Page_KDMC - CMS/select_--Select--Schedule 1Inj'  using regular expression

2018-05-04 18:05:48 - [TEST_STEP][PASSED] - selectOptionByIndex: All options with index in [4] are selected on object 'Object Repository/Schedule2/Page_KDMC - CMS/select_--Select--Albendazole'

2018-05-04 18:05:49 - [MESSAGE][PASSED] - All options with index in [4] are selected on object 'Object Repository/Schedule2/Page_KDMC - CMS/select_--Select--Albendazole'

2018-05-04 18:05:49 - [TEST_STEP][PASSED] - setText: Text '5000' is set on object 'Object Repository/Schedule2/Page_KDMC - CMS/input_txttreat'

2018-05-04 18:05:49 - [MESSAGE][PASSED] - Text '5000' is set on object 'Object Repository/Schedule2/Page_KDMC - CMS/input_txttreat'

2018-05-04 18:05:49 - [TEST_STEP][PASSED] - click: Object: 'Object Repository/Schedule2/Page_KDMC - CMS/button_Add' is clicked on

2018-05-04 18:05:49 - [MESSAGE][PASSED] - Object: 'Object Repository/Schedule2/Page_KDMC - CMS/button_Add' is clicked on

2018-05-04 18:05:49 - [TEST_STEP][PASSED] - selectOptionByValue: All options with value '2' are selected in object 'Object Repository/Schedule2/Page_KDMC - CMS/select_--Select--Schedule 1Inj'  using regular expression

2018-05-04 18:05:49 - [MESSAGE][PASSED] - All options with value '2' are selected in object 'Object Repository/Schedule2/Page_KDMC - CMS/select_--Select--Schedule 1Inj'  using regular expression

2018-05-04 18:05:49 - [TEST_STEP][PASSED] - selectOptionByIndex: All options with index in [5] are selected on object 'Object Repository/Schedule2/Page_KDMC - CMS/select_--Select--Albendazole'

2018-05-04 18:05:49 - [MESSAGE][PASSED] - All options with index in [5] are selected on object 'Object Repository/Schedule2/Page_KDMC - CMS/select_--Select--Albendazole'

2018-05-04 18:05:49 - [TEST_STEP][PASSED] - setText: Text '5000' is set on object 'Object Repository/Schedule2/Page_KDMC - CMS/input_txttreat'

2018-05-04 18:05:49 - [MESSAGE][PASSED] - Text '5000' is set on object 'Object Repository/Schedule2/Page_KDMC - CMS/input_txttreat'

2018-05-04 18:05:49 - [TEST_STEP][PASSED] - click: Object: 'Object Repository/Schedule2/Page_KDMC - CMS/button_Add' is clicked on

2018-05-04 18:05:49 - [MESSAGE][PASSED] - Object: 'Object Repository/Schedule2/Page_KDMC - CMS/button_Add' is clicked on

2018-05-04 18:05:49 - [TEST_STEP][PASSED] - selectOptionByValue: All options with value '2' are selected in object 'Object Repository/Schedule2/Page_KDMC - CMS/select_--Select--Schedule 1Inj'  using regular expression

2018-05-04 18:05:50 - [MESSAGE][PASSED] - All options with value '2' are selected in object 'Object Repository/Schedule2/Page_KDMC - CMS/select_--Select--Schedule 1Inj'  using regular expression

2018-05-04 18:05:50 - [TEST_STEP][PASSED] - selectOptionByIndex: All options with index in [6] are selected on object 'Object Repository/Schedule2/Page_KDMC - CMS/select_--Select--Albendazole'

2018-05-04 18:05:50 - [MESSAGE][PASSED] - All options with index in [6] are selected on object 'Object Repository/Schedule2/Page_KDMC - CMS/select_--Select--Albendazole'

2018-05-04 18:05:50 - [TEST_STEP][PASSED] - setText: Text '5000' is set on object 'Object Repository/Schedule2/Page_KDMC - CMS/input_txttreat'

2018-05-04 18:05:50 - [MESSAGE][PASSED] - Text '5000' is set on object 'Object Repository/Schedule2/Page_KDMC - CMS/input_txttreat'

2018-05-04 18:05:50 - [TEST_STEP][PASSED] - click: Object: 'Object Repository/Schedule2/Page_KDMC - CMS/button_Add' is clicked on

2018-05-04 18:05:50 - [MESSAGE][PASSED] - Object: 'Object Repository/Schedule2/Page_KDMC - CMS/button_Add' is clicked on

2018-05-04 18:05:50 - [TEST_STEP][PASSED] - selectOptionByValue: All options with value '2' are selected in object 'Object Repository/Schedule2/Page_KDMC - CMS/select_--Select--Schedule 1Inj'  using regular expression

2018-05-04 18:05:50 - [MESSAGE][PASSED] - All options with value '2' are selected in object 'Object Repository/Schedule2/Page_KDMC - CMS/select_--Select--Schedule 1Inj'  using regular expression

2018-05-04 18:05:50 - [TEST_STEP][PASSED] - selectOptionByIndex: All options with index in [7] are selected on object 'Object Repository/Schedule2/Page_KDMC - CMS/select_--Select--Albendazole'

2018-05-04 18:05:51 - [MESSAGE][PASSED] - All options with index in [7] are selected on object 'Object Repository/Schedule2/Page_KDMC - CMS/select_--Select--Albendazole'

2018-05-04 18:05:51 - [TEST_STEP][PASSED] - setText: Text '5000' is set on object 'Object Repository/Schedule2/Page_KDMC - CMS/input_txttreat'

2018-05-04 18:05:51 - [MESSAGE][PASSED] - Text '5000' is set on object 'Object Repository/Schedule2/Page_KDMC - CMS/input_txttreat'

2018-05-04 18:05:51 - [TEST_STEP][PASSED] - click: Object: 'Object Repository/Schedule2/Page_KDMC - CMS/button_Add' is clicked on

2018-05-04 18:05:51 - [MESSAGE][PASSED] - Object: 'Object Repository/Schedule2/Page_KDMC - CMS/button_Add' is clicked on

2018-05-04 18:05:51 - [TEST_STEP][PASSED] - selectOptionByValue: All options with value '2' are selected in object 'Object Repository/Schedule2/Page_KDMC - CMS/select_--Select--Schedule 1Inj'  using regular expression

2018-05-04 18:05:51 - [MESSAGE][PASSED] - All options with value '2' are selected in object 'Object Repository/Schedule2/Page_KDMC - CMS/select_--Select--Schedule 1Inj'  using regular expression

2018-05-04 18:05:51 - [TEST_STEP][PASSED] - selectOptionByIndex: All options with index in [8] are selected on object 'Object Repository/Schedule2/Page_KDMC - CMS/select_--Select--Albendazole'

2018-05-04 18:05:51 - [MESSAGE][PASSED] - All options with index in [8] are selected on object 'Object Repository/Schedule2/Page_KDMC - CMS/select_--Select--Albendazole'

2018-05-04 18:05:51 - [TEST_STEP][PASSED] - setText: Text '5000' is set on object 'Object Repository/Schedule2/Page_KDMC - CMS/input_txttreat'

2018-05-04 18:05:51 - [MESSAGE][PASSED] - Text '5000' is set on object 'Object Repository/Schedule2/Page_KDMC - CMS/input_txttreat'

2018-05-04 18:05:51 - [TEST_STEP][PASSED] - click: Object: 'Object Repository/Schedule2/Page_KDMC - CMS/button_Add' is clicked on

2018-05-04 18:05:51 - [MESSAGE][PASSED] - Object: 'Object Repository/Schedule2/Page_KDMC - CMS/button_Add' is clicked on

2018-05-04 18:05:51 - [TEST_STEP][PASSED] - selectOptionByValue: All options with value '2' are selected in object 'Object Repository/Schedule2/Page_KDMC - CMS/select_--Select--Schedule 1Inj'  using regular expression

2018-05-04 18:05:52 - [MESSAGE][PASSED] - All options with value '2' are selected in object 'Object Repository/Schedule2/Page_KDMC - CMS/select_--Select--Schedule 1Inj'  using regular expression

2018-05-04 18:05:52 - [TEST_STEP][PASSED] - selectOptionByIndex: All options with index in [9] are selected on object 'Object Repository/Schedule2/Page_KDMC - CMS/select_--Select--Albendazole'

2018-05-04 18:05:52 - [MESSAGE][PASSED] - All options with index in [9] are selected on object 'Object Repository/Schedule2/Page_KDMC - CMS/select_--Select--Albendazole'

2018-05-04 18:05:52 - [TEST_STEP][PASSED] - setText: Text '5000' is set on object 'Object Repository/Schedule2/Page_KDMC - CMS/input_txttreat'

2018-05-04 18:05:52 - [MESSAGE][PASSED] - Text '5000' is set on object 'Object Repository/Schedule2/Page_KDMC - CMS/input_txttreat'

2018-05-04 18:05:52 - [TEST_STEP][PASSED] - click: Object: 'Object Repository/Schedule2/Page_KDMC - CMS/button_Add' is clicked on

2018-05-04 18:05:52 - [MESSAGE][PASSED] - Object: 'Object Repository/Schedule2/Page_KDMC - CMS/button_Add' is clicked on

2018-05-04 18:05:52 - [TEST_STEP][PASSED] - selectOptionByValue: All options with value '2' are selected in object 'Object Repository/Schedule2/Page_KDMC - CMS/select_--Select--Schedule 1Inj'  using regular expression

2018-05-04 18:05:52 - [MESSAGE][PASSED] - All options with value '2' are selected in object 'Object Repository/Schedule2/Page_KDMC - CMS/select_--Select--Schedule 1Inj'  using regular expression

2018-05-04 18:05:52 - [TEST_STEP][PASSED] - selectOptionByIndex: All options with index in [10] are selected on object 'Object Repository/Schedule2/Page_KDMC - CMS/select_--Select--Albendazole'

2018-05-04 18:05:53 - [MESSAGE][PASSED] - All options with index in [10] are selected on object 'Object Repository/Schedule2/Page_KDMC - CMS/select_--Select--Albendazole'

2018-05-04 18:05:53 - [TEST_STEP][PASSED] - setText: Text '5000' is set on object 'Object Repository/Schedule2/Page_KDMC - CMS/input_txttreat'

2018-05-04 18:05:53 - [MESSAGE][PASSED] - Text '5000' is set on object 'Object Repository/Schedule2/Page_KDMC - CMS/input_txttreat'

2018-05-04 18:05:53 - [TEST_STEP][PASSED] - click: Object: 'Object Repository/Schedule2/Page_KDMC - CMS/button_Add' is clicked on

2018-05-04 18:05:53 - [MESSAGE][PASSED] - Object: 'Object Repository/Schedule2/Page_KDMC - CMS/button_Add' is clicked on

2018-05-04 18:05:53 - [TEST_STEP][PASSED] - selectOptionByValue: All options with value '2' are selected in object 'Object Repository/Schedule2/Page_KDMC - CMS/select_--Select--Schedule 1Inj'  using regular expression

2018-05-04 18:05:53 - [MESSAGE][PASSED] - All options with value '2' are selected in object 'Object Repository/Schedule2/Page_KDMC - CMS/select_--Select--Schedule 1Inj'  using regular expression

2018-05-04 18:05:53 - [TEST_STEP][PASSED] - selectOptionByIndex: All options with index in [11] are selected on object 'Object Repository/Schedule2/Page_KDMC - CMS/select_--Select--Albendazole'

2018-05-04 18:05:53 - [MESSAGE][PASSED] - All options with index in [11] are selected on object 'Object Repository/Schedule2/Page_KDMC - CMS/select_--Select--Albendazole'

2018-05-04 18:05:53 - [TEST_STEP][PASSED] - setText: Text '5000' is set on object 'Object Repository/Schedule2/Page_KDMC - CMS/input_txttreat'

2018-05-04 18:05:53 - [MESSAGE][PASSED] - Text '5000' is set on object 'Object Repository/Schedule2/Page_KDMC - CMS/input_txttreat'

2018-05-04 18:05:53 - [TEST_STEP][PASSED] - click: Object: 'Object Repository/Schedule2/Page_KDMC - CMS/button_Add' is clicked on

2018-05-04 18:05:53 - [MESSAGE][PASSED] - Object: 'Object Repository/Schedule2/Page_KDMC - CMS/button_Add' is clicked on

2018-05-04 18:05:53 - [TEST_STEP][PASSED] - selectOptionByValue: All options with value '2' are selected in object 'Object Repository/Schedule2/Page_KDMC - CMS/select_--Select--Schedule 1Inj'  using regular expression

2018-05-04 18:05:54 - [MESSAGE][PASSED] - All options with value '2' are selected in object 'Object Repository/Schedule2/Page_KDMC - CMS/select_--Select--Schedule 1Inj'  using regular expression

2018-05-04 18:05:54 - [TEST_STEP][PASSED] - selectOptionByIndex: All options with index in [12] are selected on object 'Object Repository/Schedule2/Page_KDMC - CMS/select_--Select--Albendazole'

2018-05-04 18:05:54 - [MESSAGE][PASSED] - All options with index in [12] are selected on object 'Object Repository/Schedule2/Page_KDMC - CMS/select_--Select--Albendazole'

2018-05-04 18:05:54 - [TEST_STEP][PASSED] - setText: Text '5000' is set on object 'Object Repository/Schedule2/Page_KDMC - CMS/input_txttreat'

2018-05-04 18:05:54 - [MESSAGE][PASSED] - Text '5000' is set on object 'Object Repository/Schedule2/Page_KDMC - CMS/input_txttreat'

2018-05-04 18:05:54 - [TEST_STEP][PASSED] - click: Object: 'Object Repository/Schedule2/Page_KDMC - CMS/button_Add' is clicked on

2018-05-04 18:05:54 - [MESSAGE][PASSED] - Object: 'Object Repository/Schedule2/Page_KDMC - CMS/button_Add' is clicked on

2018-05-04 18:05:54 - [TEST_STEP][PASSED] - selectOptionByValue: All options with value '2' are selected in object 'Object Repository/Schedule2/Page_KDMC - CMS/select_--Select--Schedule 1Inj'  using regular expression

2018-05-04 18:05:54 - [MESSAGE][PASSED] - All options with value '2' are selected in object 'Object Repository/Schedule2/Page_KDMC - CMS/select_--Select--Schedule 1Inj'  using regular expression

2018-05-04 18:05:54 - [TEST_STEP][PASSED] - selectOptionByIndex: All options with index in [13] are selected on object 'Object Repository/Schedule2/Page_KDMC - CMS/select_--Select--Albendazole'

2018-05-04 18:05:55 - [MESSAGE][PASSED] - All options with index in [13] are selected on object 'Object Repository/Schedule2/Page_KDMC - CMS/select_--Select--Albendazole'

2018-05-04 18:05:55 - [TEST_STEP][PASSED] - setText: Text '5000' is set on object 'Object Repository/Schedule2/Page_KDMC - CMS/input_txttreat'

2018-05-04 18:05:55 - [MESSAGE][PASSED] - Text '5000' is set on object 'Object Repository/Schedule2/Page_KDMC - CMS/input_txttreat'

2018-05-04 18:05:55 - [TEST_STEP][PASSED] - click: Object: 'Object Repository/Schedule2/Page_KDMC - CMS/button_Add' is clicked on

2018-05-04 18:05:55 - [MESSAGE][PASSED] - Object: 'Object Repository/Schedule2/Page_KDMC - CMS/button_Add' is clicked on

2018-05-04 18:05:55 - [TEST_STEP][PASSED] - selectOptionByValue: All options with value '2' are selected in object 'Object Repository/Schedule2/Page_KDMC - CMS/select_--Select--Schedule 1Inj'  using regular expression

2018-05-04 18:05:55 - [MESSAGE][PASSED] - All options with value '2' are selected in object 'Object Repository/Schedule2/Page_KDMC - CMS/select_--Select--Schedule 1Inj'  using regular expression

2018-05-04 18:05:55 - [TEST_STEP][PASSED] - selectOptionByIndex: All options with index in [14] are selected on object 'Object Repository/Schedule2/Page_KDMC - CMS/select_--Select--Albendazole'

2018-05-04 18:05:55 - [MESSAGE][PASSED] - All options with index in [14] are selected on object 'Object Repository/Schedule2/Page_KDMC - CMS/select_--Select--Albendazole'

2018-05-04 18:05:55 - [TEST_STEP][PASSED] - setText: Text '5000' is set on object 'Object Repository/Schedule2/Page_KDMC - CMS/input_txttreat'

2018-05-04 18:05:55 - [MESSAGE][PASSED] - Text '5000' is set on object 'Object Repository/Schedule2/Page_KDMC - CMS/input_txttreat'

2018-05-04 18:05:55 - [TEST_STEP][PASSED] - click: Object: 'Object Repository/Schedule2/Page_KDMC - CMS/button_Add' is clicked on

2018-05-04 18:05:55 - [MESSAGE][PASSED] - Object: 'Object Repository/Schedule2/Page_KDMC - CMS/button_Add' is clicked on

2018-05-04 18:05:55 - [TEST_STEP][PASSED] - selectOptionByValue: All options with value '2' are selected in object 'Object Repository/Schedule2/Page_KDMC - CMS/select_--Select--Schedule 1Inj'  using regular expression

2018-05-04 18:05:56 - [MESSAGE][PASSED] - All options with value '2' are selected in object 'Object Repository/Schedule2/Page_KDMC - CMS/select_--Select--Schedule 1Inj'  using regular expression

2018-05-04 18:05:56 - [TEST_STEP][PASSED] - selectOptionByIndex: All options with index in [15] are selected on object 'Object Repository/Schedule2/Page_KDMC - CMS/select_--Select--Albendazole'

2018-05-04 18:05:56 - [MESSAGE][PASSED] - All options with index in [15] are selected on object 'Object Repository/Schedule2/Page_KDMC - CMS/select_--Select--Albendazole'

2018-05-04 18:05:56 - [TEST_STEP][PASSED] - setText: Text '5000' is set on object 'Object Repository/Schedule2/Page_KDMC - CMS/input_txttreat'

2018-05-04 18:05:56 - [MESSAGE][PASSED] - Text '5000' is set on object 'Object Repository/Schedule2/Page_KDMC - CMS/input_txttreat'

2018-05-04 18:05:56 - [TEST_STEP][PASSED] - click: Object: 'Object Repository/Schedule2/Page_KDMC - CMS/button_Add' is clicked on

2018-05-04 18:05:56 - [MESSAGE][PASSED] - Object: 'Object Repository/Schedule2/Page_KDMC - CMS/button_Add' is clicked on

2018-05-04 18:05:56 - [TEST_STEP][PASSED] - selectOptionByValue: All options with value '2' are selected in object 'Object Repository/Schedule2/Page_KDMC - CMS/select_--Select--Schedule 1Inj'  using regular expression

2018-05-04 18:05:56 - [MESSAGE][PASSED] - All options with value '2' are selected in object 'Object Repository/Schedule2/Page_KDMC - CMS/select_--Select--Schedule 1Inj'  using regular expression

2018-05-04 18:05:56 - [TEST_STEP][PASSED] - selectOptionByIndex: All options with index in [16] are selected on object 'Object Repository/Schedule2/Page_KDMC - CMS/select_--Select--Albendazole'

2018-05-04 18:05:57 - [MESSAGE][PASSED] - All options with index in [16] are selected on object 'Object Repository/Schedule2/Page_KDMC - CMS/select_--Select--Albendazole'

2018-05-04 18:05:57 - [TEST_STEP][PASSED] - setText: Text '5000' is set on object 'Object Repository/Schedule2/Page_KDMC - CMS/input_txttreat'

2018-05-04 18:05:57 - [MESSAGE][PASSED] - Text '5000' is set on object 'Object Repository/Schedule2/Page_KDMC - CMS/input_txttreat'

2018-05-04 18:05:57 - [TEST_STEP][PASSED] - click: Object: 'Object Repository/Schedule2/Page_KDMC - CMS/button_Add' is clicked on

2018-05-04 18:05:57 - [MESSAGE][PASSED] - Object: 'Object Repository/Schedule2/Page_KDMC - CMS/button_Add' is clicked on

2018-05-04 18:05:57 - [TEST_STEP][PASSED] - selectOptionByValue: All options with value '2' are selected in object 'Object Repository/Schedule2/Page_KDMC - CMS/select_--Select--Schedule 1Inj'  using regular expression

2018-05-04 18:05:57 - [MESSAGE][PASSED] - All options with value '2' are selected in object 'Object Repository/Schedule2/Page_KDMC - CMS/select_--Select--Schedule 1Inj'  using regular expression

2018-05-04 18:05:57 - [TEST_STEP][PASSED] - selectOptionByIndex: All options with index in [17] are selected on object 'Object Repository/Schedule2/Page_KDMC - CMS/select_--Select--Albendazole'

2018-05-04 18:05:57 - [MESSAGE][PASSED] - All options with index in [17] are selected on object 'Object Repository/Schedule2/Page_KDMC - CMS/select_--Select--Albendazole'

2018-05-04 18:05:57 - [TEST_STEP][PASSED] - setText: Text '5000' is set on object 'Object Repository/Schedule2/Page_KDMC - CMS/input_txttreat'

2018-05-04 18:05:58 - [MESSAGE][PASSED] - Text '5000' is set on object 'Object Repository/Schedule2/Page_KDMC - CMS/input_txttreat'

2018-05-04 18:05:58 - [TEST_STEP][PASSED] - click: Object: 'Object Repository/Schedule2/Page_KDMC - CMS/button_Add' is clicked on

2018-05-04 18:05:58 - [MESSAGE][PASSED] - Object: 'Object Repository/Schedule2/Page_KDMC - CMS/button_Add' is clicked on

2018-05-04 18:05:58 - [TEST_STEP][PASSED] - selectOptionByValue: All options with value '2' are selected in object 'Object Repository/Schedule2/Page_KDMC - CMS/select_--Select--Schedule 1Inj'  using regular expression

2018-05-04 18:05:58 - [MESSAGE][PASSED] - All options with value '2' are selected in object 'Object Repository/Schedule2/Page_KDMC - CMS/select_--Select--Schedule 1Inj'  using regular expression

2018-05-04 18:05:58 - [TEST_STEP][PASSED] - selectOptionByIndex: All options with index in [18] are selected on object 'Object Repository/Schedule2/Page_KDMC - CMS/select_--Select--Albendazole'

2018-05-04 18:05:58 - [MESSAGE][PASSED] - All options with index in [18] are selected on object 'Object Repository/Schedule2/Page_KDMC - CMS/select_--Select--Albendazole'

2018-05-04 18:05:58 - [TEST_STEP][PASSED] - setText: Text '5000' is set on object 'Object Repository/Schedule2/Page_KDMC - CMS/input_txttreat'

2018-05-04 18:05:58 - [MESSAGE][PASSED] - Text '5000' is set on object 'Object Repository/Schedule2/Page_KDMC - CMS/input_txttreat'

2018-05-04 18:05:58 - [TEST_STEP][PASSED] - click: Object: 'Object Repository/Schedule2/Page_KDMC - CMS/button_Add' is clicked on

2018-05-04 18:05:58 - [MESSAGE][PASSED] - Object: 'Object Repository/Schedule2/Page_KDMC - CMS/button_Add' is clicked on

2018-05-04 18:05:58 - [TEST_STEP][PASSED] - selectOptionByValue: All options with value '2' are selected in object 'Object Repository/Schedule2/Page_KDMC - CMS/select_--Select--Schedule 1Inj'  using regular expression

2018-05-04 18:05:59 - [MESSAGE][PASSED] - All options with value '2' are selected in object 'Object Repository/Schedule2/Page_KDMC - CMS/select_--Select--Schedule 1Inj'  using regular expression

2018-05-04 18:05:59 - [TEST_STEP][PASSED] - selectOptionByIndex: All options with index in [19] are selected on object 'Object Repository/Schedule2/Page_KDMC - CMS/select_--Select--Albendazole'

2018-05-04 18:05:59 - [MESSAGE][PASSED] - All options with index in [19] are selected on object 'Object Repository/Schedule2/Page_KDMC - CMS/select_--Select--Albendazole'

2018-05-04 18:05:59 - [TEST_STEP][PASSED] - setText: Text '5000' is set on object 'Object Repository/Schedule2/Page_KDMC - CMS/input_txttreat'

2018-05-04 18:05:59 - [MESSAGE][PASSED] - Text '5000' is set on object 'Object Repository/Schedule2/Page_KDMC - CMS/input_txttreat'

2018-05-04 18:05:59 - [TEST_STEP][PASSED] - click: Object: 'Object Repository/Schedule2/Page_KDMC - CMS/button_Add' is clicked on

2018-05-04 18:05:59 - [MESSAGE][PASSED] - Object: 'Object Repository/Schedule2/Page_KDMC - CMS/button_Add' is clicked on

2018-05-04 18:05:59 - [TEST_STEP][PASSED] - selectOptionByValue: All options with value '2' are selected in object 'Object Repository/Schedule2/Page_KDMC - CMS/select_--Select--Schedule 1Inj'  using regular expression

2018-05-04 18:05:59 - [MESSAGE][PASSED] - All options with value '2' are selected in object 'Object Repository/Schedule2/Page_KDMC - CMS/select_--Select--Schedule 1Inj'  using regular expression

2018-05-04 18:05:59 - [TEST_STEP][PASSED] - selectOptionByIndex: All options with index in [20] are selected on object 'Object Repository/Schedule2/Page_KDMC - CMS/select_--Select--Albendazole'

2018-05-04 18:06:00 - [MESSAGE][PASSED] - All options with index in [20] are selected on object 'Object Repository/Schedule2/Page_KDMC - CMS/select_--Select--Albendazole'

2018-05-04 18:06:00 - [TEST_STEP][PASSED] - setText: Text '5000' is set on object 'Object Repository/Schedule2/Page_KDMC - CMS/input_txttreat'

2018-05-04 18:06:00 - [MESSAGE][PASSED] - Text '5000' is set on object 'Object Repository/Schedule2/Page_KDMC - CMS/input_txttreat'

2018-05-04 18:06:00 - [TEST_STEP][PASSED] - click: Object: 'Object Repository/Schedule2/Page_KDMC - CMS/button_Add' is clicked on

2018-05-04 18:06:00 - [MESSAGE][PASSED] - Object: 'Object Repository/Schedule2/Page_KDMC - CMS/button_Add' is clicked on

2018-05-04 18:06:00 - [TEST_STEP][PASSED] - selectOptionByValue: All options with value '2' are selected in object 'Object Repository/Schedule2/Page_KDMC - CMS/select_--Select--Schedule 1Inj'  using regular expression

2018-05-04 18:06:00 - [MESSAGE][PASSED] - All options with value '2' are selected in object 'Object Repository/Schedule2/Page_KDMC - CMS/select_--Select--Schedule 1Inj'  using regular expression

2018-05-04 18:06:00 - [TEST_STEP][PASSED] - selectOptionByIndex: All options with index in [21] are selected on object 'Object Repository/Schedule2/Page_KDMC - CMS/select_--Select--Albendazole'

2018-05-04 18:06:00 - [MESSAGE][PASSED] - All options with index in [21] are selected on object 'Object Repository/Schedule2/Page_KDMC - CMS/select_--Select--Albendazole'

2018-05-04 18:06:00 - [TEST_STEP][PASSED] - setText: Text '5000' is set on object 'Object Repository/Schedule2/Page_KDMC - CMS/input_txttreat'

2018-05-04 18:06:01 - [MESSAGE][PASSED] - Text '5000' is set on object 'Object Repository/Schedule2/Page_KDMC - CMS/input_txttreat'

2018-05-04 18:06:01 - [TEST_STEP][PASSED] - click: Object: 'Object Repository/Schedule2/Page_KDMC - CMS/button_Add' is clicked on

2018-05-04 18:06:01 - [MESSAGE][PASSED] - Object: 'Object Repository/Schedule2/Page_KDMC - CMS/button_Add' is clicked on

2018-05-04 18:06:01 - [TEST_STEP][PASSED] - selectOptionByValue: All options with value '2' are selected in object 'Object Repository/Schedule2/Page_KDMC - CMS/select_--Select--Schedule 1Inj'  using regular expression

2018-05-04 18:06:01 - [MESSAGE][PASSED] - All options with value '2' are selected in object 'Object Repository/Schedule2/Page_KDMC - CMS/select_--Select--Schedule 1Inj'  using regular expression

2018-05-04 18:06:01 - [TEST_STEP][PASSED] - selectOptionByIndex: All options with index in [22] are selected on object 'Object Repository/Schedule2/Page_KDMC - CMS/select_--Select--Albendazole'

2018-05-04 18:06:01 - [MESSAGE][PASSED] - All options with index in [22] are selected on object 'Object Repository/Schedule2/Page_KDMC - CMS/select_--Select--Albendazole'

2018-05-04 18:06:01 - [TEST_STEP][PASSED] - setText: Text '5000' is set on object 'Object Repository/Schedule2/Page_KDMC - CMS/input_txttreat'

2018-05-04 18:06:01 - [MESSAGE][PASSED] - Text '5000' is set on object 'Object Repository/Schedule2/Page_KDMC - CMS/input_txttreat'

2018-05-04 18:06:01 - [TEST_STEP][PASSED] - click: Object: 'Object Repository/Schedule2/Page_KDMC - CMS/button_Add' is clicked on

2018-05-04 18:06:01 - [MESSAGE][PASSED] - Object: 'Object Repository/Schedule2/Page_KDMC - CMS/button_Add' is clicked on

2018-05-04 18:06:01 - [TEST_STEP][PASSED] - selectOptionByValue: All options with value '2' are selected in object 'Object Repository/Schedule2/Page_KDMC - CMS/select_--Select--Schedule 1Inj'  using regular expression

2018-05-04 18:06:02 - [MESSAGE][PASSED] - All options with value '2' are selected in object 'Object Repository/Schedule2/Page_KDMC - CMS/select_--Select--Schedule 1Inj'  using regular expression

2018-05-04 18:06:02 - [TEST_STEP][PASSED] - selectOptionByIndex: All options with index in [23] are selected on object 'Object Repository/Schedule2/Page_KDMC - CMS/select_--Select--Albendazole'

2018-05-04 18:06:02 - [MESSAGE][PASSED] - All options with index in [23] are selected on object 'Object Repository/Schedule2/Page_KDMC - CMS/select_--Select--Albendazole'

2018-05-04 18:06:02 - [TEST_STEP][PASSED] - setText: Text '5000' is set on object 'Object Repository/Schedule2/Page_KDMC - CMS/input_txttreat'

2018-05-04 18:06:02 - [MESSAGE][PASSED] - Text '5000' is set on object 'Object Repository/Schedule2/Page_KDMC - CMS/input_txttreat'

2018-05-04 18:06:02 - [TEST_STEP][PASSED] - click: Object: 'Object Repository/Schedule2/Page_KDMC - CMS/button_Add' is clicked on

2018-05-04 18:06:02 - [MESSAGE][PASSED] - Object: 'Object Repository/Schedule2/Page_KDMC - CMS/button_Add' is clicked on

2018-05-04 18:06:02 - [TEST_STEP][PASSED] - selectOptionByValue: All options with value '2' are selected in object 'Object Repository/Schedule2/Page_KDMC - CMS/select_--Select--Schedule 1Inj'  using regular expression

2018-05-04 18:06:02 - [MESSAGE][PASSED] - All options with value '2' are selected in object 'Object Repository/Schedule2/Page_KDMC - CMS/select_--Select--Schedule 1Inj'  using regular expression

2018-05-04 18:06:02 - [TEST_STEP][PASSED] - selectOptionByIndex: All options with index in [24] are selected on object 'Object Repository/Schedule2/Page_KDMC - CMS/select_--Select--Albendazole'

2018-05-04 18:06:03 - [MESSAGE][PASSED] - All options with index in [24] are selected on object 'Object Repository/Schedule2/Page_KDMC - CMS/select_--Select--Albendazole'

2018-05-04 18:06:03 - [TEST_STEP][PASSED] - setText: Text '5000' is set on object 'Object Repository/Schedule2/Page_KDMC - CMS/input_txttreat'

2018-05-04 18:06:03 - [MESSAGE][PASSED] - Text '5000' is set on object 'Object Repository/Schedule2/Page_KDMC - CMS/input_txttreat'

2018-05-04 18:06:03 - [TEST_STEP][PASSED] - click: Object: 'Object Repository/Schedule2/Page_KDMC - CMS/button_Add' is clicked on

2018-05-04 18:06:03 - [MESSAGE][PASSED] - Object: 'Object Repository/Schedule2/Page_KDMC - CMS/button_Add' is clicked on

2018-05-04 18:06:03 - [TEST_STEP][PASSED] - selectOptionByValue: All options with value '2' are selected in object 'Object Repository/Schedule2/Page_KDMC - CMS/select_--Select--Schedule 1Inj'  using regular expression

2018-05-04 18:06:03 - [MESSAGE][PASSED] - All options with value '2' are selected in object 'Object Repository/Schedule2/Page_KDMC - CMS/select_--Select--Schedule 1Inj'  using regular expression

2018-05-04 18:06:03 - [TEST_STEP][PASSED] - selectOptionByIndex: All options with index in [25] are selected on object 'Object Repository/Schedule2/Page_KDMC - CMS/select_--Select--Albendazole'

2018-05-04 18:06:04 - [MESSAGE][PASSED] - All options with index in [25] are selected on object 'Object Repository/Schedule2/Page_KDMC - CMS/select_--Select--Albendazole'

2018-05-04 18:06:04 - [TEST_STEP][PASSED] - setText: Text '5000' is set on object 'Object Repository/Schedule2/Page_KDMC - CMS/input_txttreat'

2018-05-04 18:06:04 - [MESSAGE][PASSED] - Text '5000' is set on object 'Object Repository/Schedule2/Page_KDMC - CMS/input_txttreat'

2018-05-04 18:06:04 - [TEST_STEP][PASSED] - click: Object: 'Object Repository/Schedule2/Page_KDMC - CMS/button_Add' is clicked on

2018-05-04 18:06:04 - [MESSAGE][PASSED] - Object: 'Object Repository/Schedule2/Page_KDMC - CMS/button_Add' is clicked on

2018-05-04 18:06:04 - [TEST_STEP][PASSED] - selectOptionByValue: All options with value '2' are selected in object 'Object Repository/Schedule2/Page_KDMC - CMS/select_--Select--Schedule 1Inj'  using regular expression

2018-05-04 18:06:04 - [MESSAGE][PASSED] - All options with value '2' are selected in object 'Object Repository/Schedule2/Page_KDMC - CMS/select_--Select--Schedule 1Inj'  using regular expression

2018-05-04 18:06:04 - [TEST_STEP][PASSED] - selectOptionByIndex: All options with index in [26] are selected on object 'Object Repository/Schedule2/Page_KDMC - CMS/select_--Select--Albendazole'

2018-05-04 18:06:04 - [MESSAGE][PASSED] - All options with index in [26] are selected on object 'Object Repository/Schedule2/Page_KDMC - CMS/select_--Select--Albendazole'

2018-05-04 18:06:04 - [TEST_STEP][PASSED] - setText: Text '5000' is set on object 'Object Repository/Schedule2/Page_KDMC - CMS/input_txttreat'

2018-05-04 18:06:04 - [MESSAGE][PASSED] - Text '5000' is set on object 'Object Repository/Schedule2/Page_KDMC - CMS/input_txttreat'

2018-05-04 18:06:04 - [TEST_STEP][PASSED] - click: Object: 'Object Repository/Schedule2/Page_KDMC - CMS/button_Add' is clicked on

2018-05-04 18:06:04 - [MESSAGE][PASSED] - Object: 'Object Repository/Schedule2/Page_KDMC - CMS/button_Add' is clicked on

2018-05-04 18:06:04 - [TEST_STEP][PASSED] - selectOptionByValue: All options with value '2' are selected in object 'Object Repository/Schedule2/Page_KDMC - CMS/select_--Select--Schedule 1Inj'  using regular expression

2018-05-04 18:06:05 - [MESSAGE][PASSED] - All options with value '2' are selected in object 'Object Repository/Schedule2/Page_KDMC - CMS/select_--Select--Schedule 1Inj'  using regular expression

2018-05-04 18:06:05 - [TEST_STEP][PASSED] - selectOptionByIndex: All options with index in [27] are selected on object 'Object Repository/Schedule2/Page_KDMC - CMS/select_--Select--Albendazole'

2018-05-04 18:06:05 - [MESSAGE][PASSED] - All options with index in [27] are selected on object 'Object Repository/Schedule2/Page_KDMC - CMS/select_--Select--Albendazole'

2018-05-04 18:06:05 - [TEST_STEP][PASSED] - setText: Text '5000' is set on object 'Object Repository/Schedule2/Page_KDMC - CMS/input_txttreat'

2018-05-04 18:06:05 - [MESSAGE][PASSED] - Text '5000' is set on object 'Object Repository/Schedule2/Page_KDMC - CMS/input_txttreat'

2018-05-04 18:06:05 - [TEST_STEP][PASSED] - click: Object: 'Object Repository/Schedule2/Page_KDMC - CMS/button_Add' is clicked on

2018-05-04 18:06:05 - [MESSAGE][PASSED] - Object: 'Object Repository/Schedule2/Page_KDMC - CMS/button_Add' is clicked on

2018-05-04 18:06:05 - [TEST_STEP][PASSED] - selectOptionByValue: All options with value '2' are selected in object 'Object Repository/Schedule2/Page_KDMC - CMS/select_--Select--Schedule 1Inj'  using regular expression

2018-05-04 18:06:06 - [MESSAGE][PASSED] - All options with value '2' are selected in object 'Object Repository/Schedule2/Page_KDMC - CMS/select_--Select--Schedule 1Inj'  using regular expression

2018-05-04 18:06:06 - [TEST_STEP][PASSED] - selectOptionByIndex: All options with index in [28] are selected on object 'Object Repository/Schedule2/Page_KDMC - CMS/select_--Select--Albendazole'

2018-05-04 18:06:06 - [MESSAGE][PASSED] - All options with index in [28] are selected on object 'Object Repository/Schedule2/Page_KDMC - CMS/select_--Select--Albendazole'

2018-05-04 18:06:06 - [TEST_STEP][PASSED] - setText: Text '5000' is set on object 'Object Repository/Schedule2/Page_KDMC - CMS/input_txttreat'

2018-05-04 18:06:06 - [MESSAGE][PASSED] - Text '5000' is set on object 'Object Repository/Schedule2/Page_KDMC - CMS/input_txttreat'

2018-05-04 18:06:06 - [TEST_STEP][PASSED] - click: Object: 'Object Repository/Schedule2/Page_KDMC - CMS/button_Add' is clicked on

2018-05-04 18:06:06 - [MESSAGE][PASSED] - Object: 'Object Repository/Schedule2/Page_KDMC - CMS/button_Add' is clicked on

2018-05-04 18:06:06 - [TEST_STEP][PASSED] - selectOptionByValue: All options with value '2' are selected in object 'Object Repository/Schedule2/Page_KDMC - CMS/select_--Select--Schedule 1Inj'  using regular expression

2018-05-04 18:06:06 - [MESSAGE][PASSED] - All options with value '2' are selected in object 'Object Repository/Schedule2/Page_KDMC - CMS/select_--Select--Schedule 1Inj'  using regular expression

2018-05-04 18:06:06 - [TEST_STEP][PASSED] - selectOptionByIndex: All options with index in [29] are selected on object 'Object Repository/Schedule2/Page_KDMC - CMS/select_--Select--Albendazole'

2018-05-04 18:06:07 - [MESSAGE][PASSED] - All options with index in [29] are selected on object 'Object Repository/Schedule2/Page_KDMC - CMS/select_--Select--Albendazole'

2018-05-04 18:06:07 - [TEST_STEP][PASSED] - setText: Text '5000' is set on object 'Object Repository/Schedule2/Page_KDMC - CMS/input_txttreat'

2018-05-04 18:06:07 - [MESSAGE][PASSED] - Text '5000' is set on object 'Object Repository/Schedule2/Page_KDMC - CMS/input_txttreat'

2018-05-04 18:06:07 - [TEST_STEP][PASSED] - click: Object: 'Object Repository/Schedule2/Page_KDMC - CMS/button_Add' is clicked on

2018-05-04 18:06:07 - [MESSAGE][PASSED] - Object: 'Object Repository/Schedule2/Page_KDMC - CMS/button_Add' is clicked on

2018-05-04 18:06:07 - [TEST_STEP][PASSED] - selectOptionByValue: All options with value '2' are selected in object 'Object Repository/Schedule2/Page_KDMC - CMS/select_--Select--Schedule 1Inj'  using regular expression

2018-05-04 18:06:07 - [MESSAGE][PASSED] - All options with value '2' are selected in object 'Object Repository/Schedule2/Page_KDMC - CMS/select_--Select--Schedule 1Inj'  using regular expression

2018-05-04 18:06:07 - [TEST_STEP][PASSED] - selectOptionByIndex: All options with index in [30] are selected on object 'Object Repository/Schedule2/Page_KDMC - CMS/select_--Select--Albendazole'

2018-05-04 18:06:08 - [MESSAGE][PASSED] - All options with index in [30] are selected on object 'Object Repository/Schedule2/Page_KDMC - CMS/select_--Select--Albendazole'

2018-05-04 18:06:08 - [TEST_STEP][PASSED] - setText: Text '5000' is set on object 'Object Repository/Schedule2/Page_KDMC - CMS/input_txttreat'

2018-05-04 18:06:08 - [MESSAGE][PASSED] - Text '5000' is set on object 'Object Repository/Schedule2/Page_KDMC - CMS/input_txttreat'

2018-05-04 18:06:08 - [TEST_STEP][PASSED] - click: Object: 'Object Repository/Schedule2/Page_KDMC - CMS/button_Add' is clicked on

2018-05-04 18:06:08 - [MESSAGE][PASSED] - Object: 'Object Repository/Schedule2/Page_KDMC - CMS/button_Add' is clicked on

2018-05-04 18:06:08 - [TEST_STEP][PASSED] - selectOptionByValue: All options with value '2' are selected in object 'Object Repository/Schedule2/Page_KDMC - CMS/select_--Select--Schedule 1Inj'  using regular expression

2018-05-04 18:06:08 - [MESSAGE][PASSED] - All options with value '2' are selected in object 'Object Repository/Schedule2/Page_KDMC - CMS/select_--Select--Schedule 1Inj'  using regular expression

2018-05-04 18:06:08 - [TEST_STEP][PASSED] - selectOptionByIndex: All options with index in [31] are selected on object 'Object Repository/Schedule2/Page_KDMC - CMS/select_--Select--Albendazole'

2018-05-04 18:06:08 - [MESSAGE][PASSED] - All options with index in [31] are selected on object 'Object Repository/Schedule2/Page_KDMC - CMS/select_--Select--Albendazole'

2018-05-04 18:06:08 - [TEST_STEP][PASSED] - setText: Text '5000' is set on object 'Object Repository/Schedule2/Page_KDMC - CMS/input_txttreat'

2018-05-04 18:06:09 - [MESSAGE][PASSED] - Text '5000' is set on object 'Object Repository/Schedule2/Page_KDMC - CMS/input_txttreat'

2018-05-04 18:06:09 - [TEST_STEP][PASSED] - click: Object: 'Object Repository/Schedule2/Page_KDMC - CMS/button_Add' is clicked on

2018-05-04 18:06:09 - [MESSAGE][PASSED] - Object: 'Object Repository/Schedule2/Page_KDMC - CMS/button_Add' is clicked on

2018-05-04 18:06:09 - [TEST_STEP][PASSED] - selectOptionByValue: All options with value '2' are selected in object 'Object Repository/Schedule2/Page_KDMC - CMS/select_--Select--Schedule 1Inj'  using regular expression

2018-05-04 18:06:09 - [MESSAGE][PASSED] - All options with value '2' are selected in object 'Object Repository/Schedule2/Page_KDMC - CMS/select_--Select--Schedule 1Inj'  using regular expression

2018-05-04 18:06:09 - [TEST_STEP][PASSED] - selectOptionByIndex: All options with index in [32] are selected on object 'Object Repository/Schedule2/Page_KDMC - CMS/select_--Select--Albendazole'

2018-05-04 18:06:09 - [MESSAGE][PASSED] - All options with index in [32] are selected on object 'Object Repository/Schedule2/Page_KDMC - CMS/select_--Select--Albendazole'

2018-05-04 18:06:09 - [TEST_STEP][PASSED] - setText: Text '5000' is set on object 'Object Repository/Schedule2/Page_KDMC - CMS/input_txttreat'

2018-05-04 18:06:09 - [MESSAGE][PASSED] - Text '5000' is set on object 'Object Repository/Schedule2/Page_KDMC - CMS/input_txttreat'

2018-05-04 18:06:09 - [TEST_STEP][PASSED] - click: Object: 'Object Repository/Schedule2/Page_KDMC - CMS/button_Add' is clicked on

2018-05-04 18:06:10 - [MESSAGE][PASSED] - Object: 'Object Repository/Schedule2/Page_KDMC - CMS/button_Add' is clicked on

2018-05-04 18:06:10 - [TEST_STEP][PASSED] - selectOptionByValue: All options with value '2' are selected in object 'Object Repository/Schedule2/Page_KDMC - CMS/select_--Select--Schedule 1Inj'  using regular expression

2018-05-04 18:06:10 - [MESSAGE][PASSED] - All options with value '2' are selected in object 'Object Repository/Schedule2/Page_KDMC - CMS/select_--Select--Schedule 1Inj'  using regular expression

2018-05-04 18:06:10 - [TEST_STEP][PASSED] - selectOptionByIndex: All options with index in [33] are selected on object 'Object Repository/Schedule2/Page_KDMC - CMS/select_--Select--Albendazole'

2018-05-04 18:06:10 - [MESSAGE][PASSED] - All options with index in [33] are selected on object 'Object Repository/Schedule2/Page_KDMC - CMS/select_--Select--Albendazole'

2018-05-04 18:06:10 - [TEST_STEP][PASSED] - setText: Text '5000' is set on object 'Object Repository/Schedule2/Page_KDMC - CMS/input_txttreat'

2018-05-04 18:06:10 - [MESSAGE][PASSED] - Text '5000' is set on object 'Object Repository/Schedule2/Page_KDMC - CMS/input_txttreat'

2018-05-04 18:06:10 - [TEST_STEP][PASSED] - click: Object: 'Object Repository/Schedule2/Page_KDMC - CMS/button_Add' is clicked on

2018-05-04 18:06:10 - [MESSAGE][PASSED] - Object: 'Object Repository/Schedule2/Page_KDMC - CMS/button_Add' is clicked on

2018-05-04 18:06:10 - [TEST_STEP][PASSED] - selectOptionByValue: All options with value '2' are selected in object 'Object Repository/Schedule2/Page_KDMC - CMS/select_--Select--Schedule 1Inj'  using regular expression

2018-05-04 18:06:11 - [MESSAGE][PASSED] - All options with value '2' are selected in object 'Object Repository/Schedule2/Page_KDMC - CMS/select_--Select--Schedule 1Inj'  using regular expression

2018-05-04 18:06:11 - [TEST_STEP][PASSED] - selectOptionByIndex: All options with index in [34] are selected on object 'Object Repository/Schedule2/Page_KDMC - CMS/select_--Select--Albendazole'

2018-05-04 18:06:11 - [MESSAGE][PASSED] - All options with index in [34] are selected on object 'Object Repository/Schedule2/Page_KDMC - CMS/select_--Select--Albendazole'

2018-05-04 18:06:11 - [TEST_STEP][PASSED] - setText: Text '5000' is set on object 'Object Repository/Schedule2/Page_KDMC - CMS/input_txttreat'

2018-05-04 18:06:11 - [MESSAGE][PASSED] - Text '5000' is set on object 'Object Repository/Schedule2/Page_KDMC - CMS/input_txttreat'

2018-05-04 18:06:11 - [TEST_STEP][PASSED] - click: Object: 'Object Repository/Schedule2/Page_KDMC - CMS/button_Add' is clicked on

2018-05-04 18:06:11 - [MESSAGE][PASSED] - Object: 'Object Repository/Schedule2/Page_KDMC - CMS/button_Add' is clicked on

2018-05-04 18:06:11 - [TEST_STEP][PASSED] - selectOptionByValue: All options with value '2' are selected in object 'Object Repository/Schedule2/Page_KDMC - CMS/select_--Select--Schedule 1Inj'  using regular expression

2018-05-04 18:06:12 - [MESSAGE][PASSED] - All options with value '2' are selected in object 'Object Repository/Schedule2/Page_KDMC - CMS/select_--Select--Schedule 1Inj'  using regular expression

2018-05-04 18:06:12 - [TEST_STEP][PASSED] - selectOptionByIndex: All options with index in [35] are selected on object 'Object Repository/Schedule2/Page_KDMC - CMS/select_--Select--Albendazole'

2018-05-04 18:06:12 - [MESSAGE][PASSED] - All options with index in [35] are selected on object 'Object Repository/Schedule2/Page_KDMC - CMS/select_--Select--Albendazole'

2018-05-04 18:06:12 - [TEST_STEP][PASSED] - setText: Text '5000' is set on object 'Object Repository/Schedule2/Page_KDMC - CMS/input_txttreat'

2018-05-04 18:06:12 - [MESSAGE][PASSED] - Text '5000' is set on object 'Object Repository/Schedule2/Page_KDMC - CMS/input_txttreat'

2018-05-04 18:06:12 - [TEST_STEP][PASSED] - click: Object: 'Object Repository/Schedule2/Page_KDMC - CMS/button_Add' is clicked on

2018-05-04 18:06:12 - [MESSAGE][PASSED] - Object: 'Object Repository/Schedule2/Page_KDMC - CMS/button_Add' is clicked on

2018-05-04 18:06:12 - [TEST_STEP][PASSED] - selectOptionByValue: All options with value '2' are selected in object 'Object Repository/Schedule2/Page_KDMC - CMS/select_--Select--Schedule 1Inj'  using regular expression

2018-05-04 18:06:12 - [MESSAGE][PASSED] - All options with value '2' are selected in object 'Object Repository/Schedule2/Page_KDMC - CMS/select_--Select--Schedule 1Inj'  using regular expression

2018-05-04 18:06:12 - [TEST_STEP][PASSED] - selectOptionByIndex: All options with index in [36] are selected on object 'Object Repository/Schedule2/Page_KDMC - CMS/select_--Select--Albendazole'

2018-05-04 18:06:13 - [MESSAGE][PASSED] - All options with index in [36] are selected on object 'Object Repository/Schedule2/Page_KDMC - CMS/select_--Select--Albendazole'

2018-05-04 18:06:13 - [TEST_STEP][PASSED] - setText: Text '5000' is set on object 'Object Repository/Schedule2/Page_KDMC - CMS/input_txttreat'

2018-05-04 18:06:13 - [MESSAGE][PASSED] - Text '5000' is set on object 'Object Repository/Schedule2/Page_KDMC - CMS/input_txttreat'

2018-05-04 18:06:13 - [TEST_STEP][PASSED] - click: Object: 'Object Repository/Schedule2/Page_KDMC - CMS/button_Add' is clicked on

2018-05-04 18:06:13 - [MESSAGE][PASSED] - Object: 'Object Repository/Schedule2/Page_KDMC - CMS/button_Add' is clicked on

2018-05-04 18:06:13 - [TEST_STEP][PASSED] - selectOptionByValue: All options with value '2' are selected in object 'Object Repository/Schedule2/Page_KDMC - CMS/select_--Select--Schedule 1Inj'  using regular expression

2018-05-04 18:06:13 - [MESSAGE][PASSED] - All options with value '2' are selected in object 'Object Repository/Schedule2/Page_KDMC - CMS/select_--Select--Schedule 1Inj'  using regular expression

2018-05-04 18:06:13 - [TEST_STEP][PASSED] - selectOptionByIndex: All options with index in [37] are selected on object 'Object Repository/Schedule2/Page_KDMC - CMS/select_--Select--Albendazole'

2018-05-04 18:06:14 - [MESSAGE][PASSED] - All options with index in [37] are selected on object 'Object Repository/Schedule2/Page_KDMC - CMS/select_--Select--Albendazole'

2018-05-04 18:06:14 - [TEST_STEP][PASSED] - setText: Text '5000' is set on object 'Object Repository/Schedule2/Page_KDMC - CMS/input_txttreat'

2018-05-04 18:06:14 - [MESSAGE][PASSED] - Text '5000' is set on object 'Object Repository/Schedule2/Page_KDMC - CMS/input_txttreat'

2018-05-04 18:06:14 - [TEST_STEP][PASSED] - click: Object: 'Object Repository/Schedule2/Page_KDMC - CMS/button_Add' is clicked on

2018-05-04 18:06:14 - [MESSAGE][PASSED] - Object: 'Object Repository/Schedule2/Page_KDMC - CMS/button_Add' is clicked on

2018-05-04 18:06:14 - [TEST_STEP][PASSED] - selectOptionByValue: All options with value '2' are selected in object 'Object Repository/Schedule2/Page_KDMC - CMS/select_--Select--Schedule 1Inj'  using regular expression

2018-05-04 18:06:14 - [MESSAGE][PASSED] - All options with value '2' are selected in object 'Object Repository/Schedule2/Page_KDMC - CMS/select_--Select--Schedule 1Inj'  using regular expression

2018-05-04 18:06:14 - [TEST_STEP][PASSED] - selectOptionByIndex: All options with index in [38] are selected on object 'Object Repository/Schedule2/Page_KDMC - CMS/select_--Select--Albendazole'

2018-05-04 18:06:15 - [MESSAGE][PASSED] - All options with index in [38] are selected on object 'Object Repository/Schedule2/Page_KDMC - CMS/select_--Select--Albendazole'

2018-05-04 18:06:15 - [TEST_STEP][PASSED] - setText: Text '5000' is set on object 'Object Repository/Schedule2/Page_KDMC - CMS/input_txttreat'

2018-05-04 18:06:15 - [MESSAGE][PASSED] - Text '5000' is set on object 'Object Repository/Schedule2/Page_KDMC - CMS/input_txttreat'

2018-05-04 18:06:15 - [TEST_STEP][PASSED] - click: Object: 'Object Repository/Schedule2/Page_KDMC - CMS/button_Add' is clicked on

2018-05-04 18:06:15 - [MESSAGE][PASSED] - Object: 'Object Repository/Schedule2/Page_KDMC - CMS/button_Add' is clicked on

2018-05-04 18:06:15 - [TEST_STEP][PASSED] - selectOptionByValue: All options with value '2' are selected in object 'Object Repository/Schedule2/Page_KDMC - CMS/select_--Select--Schedule 1Inj'  using regular expression

2018-05-04 18:06:15 - [MESSAGE][PASSED] - All options with value '2' are selected in object 'Object Repository/Schedule2/Page_KDMC - CMS/select_--Select--Schedule 1Inj'  using regular expression

2018-05-04 18:06:15 - [TEST_STEP][PASSED] - selectOptionByIndex: All options with index in [39] are selected on object 'Object Repository/Schedule2/Page_KDMC - CMS/select_--Select--Albendazole'

2018-05-04 18:06:16 - [MESSAGE][PASSED] - All options with index in [39] are selected on object 'Object Repository/Schedule2/Page_KDMC - CMS/select_--Select--Albendazole'

2018-05-04 18:06:16 - [TEST_STEP][PASSED] - setText: Text '5000' is set on object 'Object Repository/Schedule2/Page_KDMC - CMS/input_txttreat'

2018-05-04 18:06:16 - [MESSAGE][PASSED] - Text '5000' is set on object 'Object Repository/Schedule2/Page_KDMC - CMS/input_txttreat'

2018-05-04 18:06:16 - [TEST_STEP][PASSED] - click: Object: 'Object Repository/Schedule2/Page_KDMC - CMS/button_Add' is clicked on

2018-05-04 18:06:16 - [MESSAGE][PASSED] - Object: 'Object Repository/Schedule2/Page_KDMC - CMS/button_Add' is clicked on

2018-05-04 18:06:16 - [TEST_STEP][PASSED] - selectOptionByValue: All options with value '2' are selected in object 'Object Repository/Schedule2/Page_KDMC - CMS/select_--Select--Schedule 1Inj'  using regular expression

2018-05-04 18:06:16 - [MESSAGE][PASSED] - All options with value '2' are selected in object 'Object Repository/Schedule2/Page_KDMC - CMS/select_--Select--Schedule 1Inj'  using regular expression

2018-05-04 18:06:16 - [TEST_STEP][PASSED] - selectOptionByIndex: All options with index in [40] are selected on object 'Object Repository/Schedule2/Page_KDMC - CMS/select_--Select--Albendazole'

2018-05-04 18:06:17 - [MESSAGE][PASSED] - All options with index in [40] are selected on object 'Object Repository/Schedule2/Page_KDMC - CMS/select_--Select--Albendazole'

2018-05-04 18:06:17 - [TEST_STEP][PASSED] - setText: Text '5000' is set on object 'Object Repository/Schedule2/Page_KDMC - CMS/input_txttreat'

2018-05-04 18:06:17 - [MESSAGE][PASSED] - Text '5000' is set on object 'Object Repository/Schedule2/Page_KDMC - CMS/input_txttreat'

2018-05-04 18:06:17 - [TEST_STEP][PASSED] - click: Object: 'Object Repository/Schedule2/Page_KDMC - CMS/button_Add' is clicked on

2018-05-04 18:06:17 - [MESSAGE][PASSED] - Object: 'Object Repository/Schedule2/Page_KDMC - CMS/button_Add' is clicked on

2018-05-04 18:06:17 - [TEST_STEP][PASSED] - selectOptionByValue: All options with value '2' are selected in object 'Object Repository/Schedule2/Page_KDMC - CMS/select_--Select--Schedule 1Inj'  using regular expression

2018-05-04 18:06:17 - [MESSAGE][PASSED] - All options with value '2' are selected in object 'Object Repository/Schedule2/Page_KDMC - CMS/select_--Select--Schedule 1Inj'  using regular expression

2018-05-04 18:06:17 - [TEST_STEP][PASSED] - selectOptionByIndex: All options with index in [41] are selected on object 'Object Repository/Schedule2/Page_KDMC - CMS/select_--Select--Albendazole'

2018-05-04 18:06:17 - [MESSAGE][PASSED] - All options with index in [41] are selected on object 'Object Repository/Schedule2/Page_KDMC - CMS/select_--Select--Albendazole'

2018-05-04 18:06:17 - [TEST_STEP][PASSED] - setText: Text '5000' is set on object 'Object Repository/Schedule2/Page_KDMC - CMS/input_txttreat'

2018-05-04 18:06:18 - [MESSAGE][PASSED] - Text '5000' is set on object 'Object Repository/Schedule2/Page_KDMC - CMS/input_txttreat'

2018-05-04 18:06:18 - [TEST_STEP][PASSED] - click: Object: 'Object Repository/Schedule2/Page_KDMC - CMS/button_Add' is clicked on

2018-05-04 18:06:18 - [MESSAGE][PASSED] - Object: 'Object Repository/Schedule2/Page_KDMC - CMS/button_Add' is clicked on

2018-05-04 18:06:18 - [TEST_STEP][PASSED] - selectOptionByValue: All options with value '2' are selected in object 'Object Repository/Schedule2/Page_KDMC - CMS/select_--Select--Schedule 1Inj'  using regular expression

2018-05-04 18:06:18 - [MESSAGE][PASSED] - All options with value '2' are selected in object 'Object Repository/Schedule2/Page_KDMC - CMS/select_--Select--Schedule 1Inj'  using regular expression

2018-05-04 18:06:18 - [TEST_STEP][PASSED] - selectOptionByIndex: All options with index in [42] are selected on object 'Object Repository/Schedule2/Page_KDMC - CMS/select_--Select--Albendazole'

2018-05-04 18:06:18 - [MESSAGE][PASSED] - All options with index in [42] are selected on object 'Object Repository/Schedule2/Page_KDMC - CMS/select_--Select--Albendazole'

2018-05-04 18:06:18 - [TEST_STEP][PASSED] - setText: Text '5000' is set on object 'Object Repository/Schedule2/Page_KDMC - CMS/input_txttreat'

2018-05-04 18:06:19 - [MESSAGE][PASSED] - Text '5000' is set on object 'Object Repository/Schedule2/Page_KDMC - CMS/input_txttreat'

2018-05-04 18:06:19 - [TEST_STEP][PASSED] - click: Object: 'Object Repository/Schedule2/Page_KDMC - CMS/button_Add' is clicked on

2018-05-04 18:06:19 - [MESSAGE][PASSED] - Object: 'Object Repository/Schedule2/Page_KDMC - CMS/button_Add' is clicked on

2018-05-04 18:06:19 - [TEST_STEP][PASSED] - selectOptionByValue: All options with value '2' are selected in object 'Object Repository/Schedule2/Page_KDMC - CMS/select_--Select--Schedule 1Inj'  using regular expression

2018-05-04 18:06:19 - [MESSAGE][PASSED] - All options with value '2' are selected in object 'Object Repository/Schedule2/Page_KDMC - CMS/select_--Select--Schedule 1Inj'  using regular expression

2018-05-04 18:06:19 - [TEST_STEP][PASSED] - selectOptionByIndex: All options with index in [43] are selected on object 'Object Repository/Schedule2/Page_KDMC - CMS/select_--Select--Albendazole'

2018-05-04 18:06:20 - [MESSAGE][PASSED] - All options with index in [43] are selected on object 'Object Repository/Schedule2/Page_KDMC - CMS/select_--Select--Albendazole'

2018-05-04 18:06:20 - [TEST_STEP][PASSED] - setText: Text '5000' is set on object 'Object Repository/Schedule2/Page_KDMC - CMS/input_txttreat'

2018-05-04 18:06:20 - [MESSAGE][PASSED] - Text '5000' is set on object 'Object Repository/Schedule2/Page_KDMC - CMS/input_txttreat'

2018-05-04 18:06:20 - [TEST_STEP][PASSED] - click: Object: 'Object Repository/Schedule2/Page_KDMC - CMS/button_Add' is clicked on

2018-05-04 18:06:20 - [MESSAGE][PASSED] - Object: 'Object Repository/Schedule2/Page_KDMC - CMS/button_Add' is clicked on

2018-05-04 18:06:20 - [TEST_STEP][PASSED] - selectOptionByValue: All options with value '2' are selected in object 'Object Repository/Schedule2/Page_KDMC - CMS/select_--Select--Schedule 1Inj'  using regular expression

2018-05-04 18:06:20 - [MESSAGE][PASSED] - All options with value '2' are selected in object 'Object Repository/Schedule2/Page_KDMC - CMS/select_--Select--Schedule 1Inj'  using regular expression

2018-05-04 18:06:20 - [TEST_STEP][PASSED] - selectOptionByIndex: All options with index in [44] are selected on object 'Object Repository/Schedule2/Page_KDMC - CMS/select_--Select--Albendazole'

2018-05-04 18:06:20 - [MESSAGE][PASSED] - All options with index in [44] are selected on object 'Object Repository/Schedule2/Page_KDMC - CMS/select_--Select--Albendazole'

2018-05-04 18:06:20 - [TEST_STEP][PASSED] - setText: Text '5000' is set on object 'Object Repository/Schedule2/Page_KDMC - CMS/input_txttreat'

2018-05-04 18:06:21 - [MESSAGE][PASSED] - Text '5000' is set on object 'Object Repository/Schedule2/Page_KDMC - CMS/input_txttreat'

2018-05-04 18:06:21 - [TEST_STEP][PASSED] - click: Object: 'Object Repository/Schedule2/Page_KDMC - CMS/button_Add' is clicked on

2018-05-04 18:06:21 - [MESSAGE][PASSED] - Object: 'Object Repository/Schedule2/Page_KDMC - CMS/button_Add' is clicked on

2018-05-04 18:06:21 - [TEST_STEP][PASSED] - selectOptionByValue: All options with value '2' are selected in object 'Object Repository/Schedule2/Page_KDMC - CMS/select_--Select--Schedule 1Inj'  using regular expression

2018-05-04 18:06:21 - [MESSAGE][PASSED] - All options with value '2' are selected in object 'Object Repository/Schedule2/Page_KDMC - CMS/select_--Select--Schedule 1Inj'  using regular expression

2018-05-04 18:06:21 - [TEST_STEP][PASSED] - selectOptionByIndex: All options with index in [45] are selected on object 'Object Repository/Schedule2/Page_KDMC - CMS/select_--Select--Albendazole'

2018-05-04 18:06:21 - [MESSAGE][PASSED] - All options with index in [45] are selected on object 'Object Repository/Schedule2/Page_KDMC - CMS/select_--Select--Albendazole'

2018-05-04 18:06:21 - [TEST_STEP][PASSED] - setText: Text '5000' is set on object 'Object Repository/Schedule2/Page_KDMC - CMS/input_txttreat'

2018-05-04 18:06:22 - [MESSAGE][PASSED] - Text '5000' is set on object 'Object Repository/Schedule2/Page_KDMC - CMS/input_txttreat'

2018-05-04 18:06:22 - [TEST_STEP][PASSED] - click: Object: 'Object Repository/Schedule2/Page_KDMC - CMS/button_Add' is clicked on

2018-05-04 18:06:22 - [MESSAGE][PASSED] - Object: 'Object Repository/Schedule2/Page_KDMC - CMS/button_Add' is clicked on

2018-05-04 18:06:22 - [TEST_STEP][PASSED] - selectOptionByValue: All options with value '2' are selected in object 'Object Repository/Schedule2/Page_KDMC - CMS/select_--Select--Schedule 1Inj'  using regular expression

2018-05-04 18:06:22 - [MESSAGE][PASSED] - All options with value '2' are selected in object 'Object Repository/Schedule2/Page_KDMC - CMS/select_--Select--Schedule 1Inj'  using regular expression

2018-05-04 18:06:22 - [TEST_STEP][PASSED] - selectOptionByIndex: All options with index in [46] are selected on object 'Object Repository/Schedule2/Page_KDMC - CMS/select_--Select--Albendazole'

2018-05-04 18:06:22 - [MESSAGE][PASSED] - All options with index in [46] are selected on object 'Object Repository/Schedule2/Page_KDMC - CMS/select_--Select--Albendazole'

2018-05-04 18:06:22 - [TEST_STEP][PASSED] - setText: Text '5000' is set on object 'Object Repository/Schedule2/Page_KDMC - CMS/input_txttreat'

2018-05-04 18:06:23 - [MESSAGE][PASSED] - Text '5000' is set on object 'Object Repository/Schedule2/Page_KDMC - CMS/input_txttreat'

2018-05-04 18:06:23 - [TEST_STEP][PASSED] - click: Object: 'Object Repository/Schedule2/Page_KDMC - CMS/button_Add' is clicked on

2018-05-04 18:06:23 - [MESSAGE][PASSED] - Object: 'Object Repository/Schedule2/Page_KDMC - CMS/button_Add' is clicked on

2018-05-04 18:06:23 - [TEST_STEP][PASSED] - selectOptionByValue: All options with value '2' are selected in object 'Object Repository/Schedule2/Page_KDMC - CMS/select_--Select--Schedule 1Inj'  using regular expression

2018-05-04 18:06:23 - [MESSAGE][PASSED] - All options with value '2' are selected in object 'Object Repository/Schedule2/Page_KDMC - CMS/select_--Select--Schedule 1Inj'  using regular expression

2018-05-04 18:06:23 - [TEST_STEP][PASSED] - selectOptionByIndex: All options with index in [47] are selected on object 'Object Repository/Schedule2/Page_KDMC - CMS/select_--Select--Albendazole'

2018-05-04 18:06:23 - [MESSAGE][PASSED] - All options with index in [47] are selected on object 'Object Repository/Schedule2/Page_KDMC - CMS/select_--Select--Albendazole'

2018-05-04 18:06:23 - [TEST_STEP][PASSED] - setText: Text '5000' is set on object 'Object Repository/Schedule2/Page_KDMC - CMS/input_txttreat'

2018-05-04 18:06:24 - [MESSAGE][PASSED] - Text '5000' is set on object 'Object Repository/Schedule2/Page_KDMC - CMS/input_txttreat'

2018-05-04 18:06:24 - [TEST_STEP][PASSED] - click: Object: 'Object Repository/Schedule2/Page_KDMC - CMS/button_Add' is clicked on

2018-05-04 18:06:24 - [MESSAGE][PASSED] - Object: 'Object Repository/Schedule2/Page_KDMC - CMS/button_Add' is clicked on

2018-05-04 18:06:24 - [TEST_STEP][PASSED] - selectOptionByValue: All options with value '2' are selected in object 'Object Repository/Schedule2/Page_KDMC - CMS/select_--Select--Schedule 1Inj'  using regular expression

2018-05-04 18:06:24 - [MESSAGE][PASSED] - All options with value '2' are selected in object 'Object Repository/Schedule2/Page_KDMC - CMS/select_--Select--Schedule 1Inj'  using regular expression

2018-05-04 18:06:24 - [TEST_STEP][PASSED] - selectOptionByIndex: All options with index in [48] are selected on object 'Object Repository/Schedule2/Page_KDMC - CMS/select_--Select--Albendazole'

2018-05-04 18:06:24 - [MESSAGE][PASSED] - All options with index in [48] are selected on object 'Object Repository/Schedule2/Page_KDMC - CMS/select_--Select--Albendazole'

2018-05-04 18:06:24 - [TEST_STEP][PASSED] - setText: Text '5000' is set on object 'Object Repository/Schedule2/Page_KDMC - CMS/input_txttreat'

2018-05-04 18:06:25 - [MESSAGE][PASSED] - Text '5000' is set on object 'Object Repository/Schedule2/Page_KDMC - CMS/input_txttreat'

2018-05-04 18:06:25 - [TEST_STEP][PASSED] - click: Object: 'Object Repository/Schedule2/Page_KDMC - CMS/button_Add' is clicked on

2018-05-04 18:06:25 - [MESSAGE][PASSED] - Object: 'Object Repository/Schedule2/Page_KDMC - CMS/button_Add' is clicked on

2018-05-04 18:06:25 - [TEST_STEP][PASSED] - selectOptionByValue: All options with value '2' are selected in object 'Object Repository/Schedule2/Page_KDMC - CMS/select_--Select--Schedule 1Inj'  using regular expression

2018-05-04 18:06:25 - [MESSAGE][PASSED] - All options with value '2' are selected in object 'Object Repository/Schedule2/Page_KDMC - CMS/select_--Select--Schedule 1Inj'  using regular expression

2018-05-04 18:06:25 - [TEST_STEP][PASSED] - selectOptionByIndex: All options with index in [49] are selected on object 'Object Repository/Schedule2/Page_KDMC - CMS/select_--Select--Albendazole'

2018-05-04 18:06:26 - [MESSAGE][PASSED] - All options with index in [49] are selected on object 'Object Repository/Schedule2/Page_KDMC - CMS/select_--Select--Albendazole'

2018-05-04 18:06:26 - [TEST_STEP][PASSED] - setText: Text '5000' is set on object 'Object Repository/Schedule2/Page_KDMC - CMS/input_txttreat'

2018-05-04 18:06:26 - [MESSAGE][PASSED] - Text '5000' is set on object 'Object Repository/Schedule2/Page_KDMC - CMS/input_txttreat'

2018-05-04 18:06:26 - [TEST_STEP][PASSED] - click: Object: 'Object Repository/Schedule2/Page_KDMC - CMS/button_Add' is clicked on

2018-05-04 18:06:26 - [MESSAGE][PASSED] - Object: 'Object Repository/Schedule2/Page_KDMC - CMS/button_Add' is clicked on

2018-05-04 18:06:26 - [TEST_STEP][PASSED] - selectOptionByValue: All options with value '2' are selected in object 'Object Repository/Schedule2/Page_KDMC - CMS/select_--Select--Schedule 1Inj'  using regular expression

2018-05-04 18:06:26 - [MESSAGE][PASSED] - All options with value '2' are selected in object 'Object Repository/Schedule2/Page_KDMC - CMS/select_--Select--Schedule 1Inj'  using regular expression

2018-05-04 18:06:26 - [TEST_STEP][PASSED] - selectOptionByIndex: All options with index in [50] are selected on object 'Object Repository/Schedule2/Page_KDMC - CMS/select_--Select--Albendazole'

2018-05-04 18:06:27 - [MESSAGE][PASSED] - All options with index in [50] are selected on object 'Object Repository/Schedule2/Page_KDMC - CMS/select_--Select--Albendazole'

2018-05-04 18:06:27 - [TEST_STEP][PASSED] - setText: Text '5000' is set on object 'Object Repository/Schedule2/Page_KDMC - CMS/input_txttreat'

2018-05-04 18:06:27 - [MESSAGE][PASSED] - Text '5000' is set on object 'Object Repository/Schedule2/Page_KDMC - CMS/input_txttreat'

2018-05-04 18:06:27 - [TEST_STEP][PASSED] - click: Object: 'Object Repository/Schedule2/Page_KDMC - CMS/button_Add' is clicked on

2018-05-04 18:06:27 - [MESSAGE][PASSED] - Object: 'Object Repository/Schedule2/Page_KDMC - CMS/button_Add' is clicked on

2018-05-04 18:06:27 - [TEST_STEP][PASSED] - selectOptionByValue: All options with value '2' are selected in object 'Object Repository/Schedule2/Page_KDMC - CMS/select_--Select--Schedule 1Inj'  using regular expression

2018-05-04 18:06:27 - [MESSAGE][PASSED] - All options with value '2' are selected in object 'Object Repository/Schedule2/Page_KDMC - CMS/select_--Select--Schedule 1Inj'  using regular expression

2018-05-04 18:06:27 - [TEST_STEP][PASSED] - selectOptionByIndex: All options with index in [51] are selected on object 'Object Repository/Schedule2/Page_KDMC - CMS/select_--Select--Albendazole'

2018-05-04 18:06:28 - [MESSAGE][PASSED] - All options with index in [51] are selected on object 'Object Repository/Schedule2/Page_KDMC - CMS/select_--Select--Albendazole'

2018-05-04 18:06:28 - [TEST_STEP][PASSED] - setText: Text '5000' is set on object 'Object Repository/Schedule2/Page_KDMC - CMS/input_txttreat'

2018-05-04 18:06:28 - [MESSAGE][PASSED] - Text '5000' is set on object 'Object Repository/Schedule2/Page_KDMC - CMS/input_txttreat'

2018-05-04 18:06:28 - [TEST_STEP][PASSED] - click: Object: 'Object Repository/Schedule2/Page_KDMC - CMS/button_Add' is clicked on

2018-05-04 18:06:28 - [MESSAGE][PASSED] - Object: 'Object Repository/Schedule2/Page_KDMC - CMS/button_Add' is clicked on

2018-05-04 18:06:28 - [TEST_STEP][PASSED] - selectOptionByValue: All options with value '2' are selected in object 'Object Repository/Schedule2/Page_KDMC - CMS/select_--Select--Schedule 1Inj'  using regular expression

2018-05-04 18:06:28 - [MESSAGE][PASSED] - All options with value '2' are selected in object 'Object Repository/Schedule2/Page_KDMC - CMS/select_--Select--Schedule 1Inj'  using regular expression

2018-05-04 18:06:28 - [TEST_STEP][PASSED] - selectOptionByIndex: All options with index in [52] are selected on object 'Object Repository/Schedule2/Page_KDMC - CMS/select_--Select--Albendazole'

2018-05-04 18:06:29 - [MESSAGE][PASSED] - All options with index in [52] are selected on object 'Object Repository/Schedule2/Page_KDMC - CMS/select_--Select--Albendazole'

2018-05-04 18:06:29 - [TEST_STEP][PASSED] - setText: Text '5000' is set on object 'Object Repository/Schedule2/Page_KDMC - CMS/input_txttreat'

2018-05-04 18:06:29 - [MESSAGE][PASSED] - Text '5000' is set on object 'Object Repository/Schedule2/Page_KDMC - CMS/input_txttreat'

2018-05-04 18:06:29 - [TEST_STEP][PASSED] - click: Object: 'Object Repository/Schedule2/Page_KDMC - CMS/button_Add' is clicked on

2018-05-04 18:06:29 - [MESSAGE][PASSED] - Object: 'Object Repository/Schedule2/Page_KDMC - CMS/button_Add' is clicked on

2018-05-04 18:06:29 - [TEST_STEP][PASSED] - selectOptionByValue: All options with value '2' are selected in object 'Object Repository/Schedule2/Page_KDMC - CMS/select_--Select--Schedule 1Inj'  using regular expression

2018-05-04 18:06:29 - [MESSAGE][PASSED] - All options with value '2' are selected in object 'Object Repository/Schedule2/Page_KDMC - CMS/select_--Select--Schedule 1Inj'  using regular expression

2018-05-04 18:06:29 - [TEST_STEP][PASSED] - selectOptionByIndex: All options with index in [53] are selected on object 'Object Repository/Schedule2/Page_KDMC - CMS/select_--Select--Albendazole'

2018-05-04 18:06:30 - [MESSAGE][PASSED] - All options with index in [53] are selected on object 'Object Repository/Schedule2/Page_KDMC - CMS/select_--Select--Albendazole'

2018-05-04 18:06:30 - [TEST_STEP][PASSED] - setText: Text '5000' is set on object 'Object Repository/Schedule2/Page_KDMC - CMS/input_txttreat'

2018-05-04 18:06:30 - [MESSAGE][PASSED] - Text '5000' is set on object 'Object Repository/Schedule2/Page_KDMC - CMS/input_txttreat'

2018-05-04 18:06:30 - [TEST_STEP][PASSED] - click: Object: 'Object Repository/Schedule2/Page_KDMC - CMS/button_Add' is clicked on

2018-05-04 18:06:30 - [MESSAGE][PASSED] - Object: 'Object Repository/Schedule2/Page_KDMC - CMS/button_Add' is clicked on

2018-05-04 18:06:30 - [TEST_STEP][PASSED] - selectOptionByValue: All options with value '2' are selected in object 'Object Repository/Schedule2/Page_KDMC - CMS/select_--Select--Schedule 1Inj'  using regular expression

2018-05-04 18:06:30 - [MESSAGE][PASSED] - All options with value '2' are selected in object 'Object Repository/Schedule2/Page_KDMC - CMS/select_--Select--Schedule 1Inj'  using regular expression

2018-05-04 18:06:30 - [TEST_STEP][PASSED] - selectOptionByIndex: All options with index in [54] are selected on object 'Object Repository/Schedule2/Page_KDMC - CMS/select_--Select--Albendazole'

2018-05-04 18:06:31 - [MESSAGE][PASSED] - All options with index in [54] are selected on object 'Object Repository/Schedule2/Page_KDMC - CMS/select_--Select--Albendazole'

2018-05-04 18:06:31 - [TEST_STEP][PASSED] - setText: Text '5000' is set on object 'Object Repository/Schedule2/Page_KDMC - CMS/input_txttreat'

2018-05-04 18:06:31 - [MESSAGE][PASSED] - Text '5000' is set on object 'Object Repository/Schedule2/Page_KDMC - CMS/input_txttreat'

2018-05-04 18:06:31 - [TEST_STEP][PASSED] - click: Object: 'Object Repository/Schedule2/Page_KDMC - CMS/button_Add' is clicked on

2018-05-04 18:06:31 - [MESSAGE][PASSED] - Object: 'Object Repository/Schedule2/Page_KDMC - CMS/button_Add' is clicked on

2018-05-04 18:06:31 - [TEST_STEP][PASSED] - selectOptionByValue: All options with value '2' are selected in object 'Object Repository/Schedule2/Page_KDMC - CMS/select_--Select--Schedule 1Inj'  using regular expression

2018-05-04 18:06:31 - [MESSAGE][PASSED] - All options with value '2' are selected in object 'Object Repository/Schedule2/Page_KDMC - CMS/select_--Select--Schedule 1Inj'  using regular expression

2018-05-04 18:06:31 - [TEST_STEP][PASSED] - selectOptionByIndex: All options with index in [55] are selected on object 'Object Repository/Schedule2/Page_KDMC - CMS/select_--Select--Albendazole'

2018-05-04 18:06:32 - [MESSAGE][PASSED] - All options with index in [55] are selected on object 'Object Repository/Schedule2/Page_KDMC - CMS/select_--Select--Albendazole'

2018-05-04 18:06:32 - [TEST_STEP][PASSED] - setText: Text '5000' is set on object 'Object Repository/Schedule2/Page_KDMC - CMS/input_txttreat'

2018-05-04 18:06:32 - [MESSAGE][PASSED] - Text '5000' is set on object 'Object Repository/Schedule2/Page_KDMC - CMS/input_txttreat'

2018-05-04 18:06:32 - [TEST_STEP][PASSED] - click: Object: 'Object Repository/Schedule2/Page_KDMC - CMS/button_Add' is clicked on

2018-05-04 18:06:32 - [MESSAGE][PASSED] - Object: 'Object Repository/Schedule2/Page_KDMC - CMS/button_Add' is clicked on

2018-05-04 18:06:32 - [TEST_STEP][PASSED] - selectOptionByValue: All options with value '2' are selected in object 'Object Repository/Schedule2/Page_KDMC - CMS/select_--Select--Schedule 1Inj'  using regular expression

2018-05-04 18:06:32 - [MESSAGE][PASSED] - All options with value '2' are selected in object 'Object Repository/Schedule2/Page_KDMC - CMS/select_--Select--Schedule 1Inj'  using regular expression

2018-05-04 18:06:32 - [TEST_STEP][PASSED] - selectOptionByIndex: All options with index in [56] are selected on object 'Object Repository/Schedule2/Page_KDMC - CMS/select_--Select--Albendazole'

2018-05-04 18:06:33 - [MESSAGE][PASSED] - All options with index in [56] are selected on object 'Object Repository/Schedule2/Page_KDMC - CMS/select_--Select--Albendazole'

2018-05-04 18:06:33 - [TEST_STEP][PASSED] - setText: Text '5000' is set on object 'Object Repository/Schedule2/Page_KDMC - CMS/input_txttreat'

2018-05-04 18:06:33 - [MESSAGE][PASSED] - Text '5000' is set on object 'Object Repository/Schedule2/Page_KDMC - CMS/input_txttreat'

2018-05-04 18:06:33 - [TEST_STEP][PASSED] - click: Object: 'Object Repository/Schedule2/Page_KDMC - CMS/button_Add' is clicked on

2018-05-04 18:06:33 - [MESSAGE][PASSED] - Object: 'Object Repository/Schedule2/Page_KDMC - CMS/button_Add' is clicked on

2018-05-04 18:06:33 - [TEST_STEP][PASSED] - selectOptionByValue: All options with value '2' are selected in object 'Object Repository/Schedule2/Page_KDMC - CMS/select_--Select--Schedule 1Inj'  using regular expression

2018-05-04 18:06:34 - [MESSAGE][PASSED] - All options with value '2' are selected in object 'Object Repository/Schedule2/Page_KDMC - CMS/select_--Select--Schedule 1Inj'  using regular expression

2018-05-04 18:06:34 - [TEST_STEP][PASSED] - selectOptionByIndex: All options with index in [57] are selected on object 'Object Repository/Schedule2/Page_KDMC - CMS/select_--Select--Albendazole'

2018-05-04 18:06:34 - [MESSAGE][PASSED] - All options with index in [57] are selected on object 'Object Repository/Schedule2/Page_KDMC - CMS/select_--Select--Albendazole'

2018-05-04 18:06:34 - [TEST_STEP][PASSED] - setText: Text '5000' is set on object 'Object Repository/Schedule2/Page_KDMC - CMS/input_txttreat'

2018-05-04 18:06:34 - [MESSAGE][PASSED] - Text '5000' is set on object 'Object Repository/Schedule2/Page_KDMC - CMS/input_txttreat'

2018-05-04 18:06:34 - [TEST_STEP][PASSED] - click: Object: 'Object Repository/Schedule2/Page_KDMC - CMS/button_Add' is clicked on

2018-05-04 18:06:34 - [MESSAGE][PASSED] - Object: 'Object Repository/Schedule2/Page_KDMC - CMS/button_Add' is clicked on

2018-05-04 18:06:34 - [TEST_STEP][PASSED] - selectOptionByValue: All options with value '2' are selected in object 'Object Repository/Schedule2/Page_KDMC - CMS/select_--Select--Schedule 1Inj'  using regular expression

2018-05-04 18:06:35 - [MESSAGE][PASSED] - All options with value '2' are selected in object 'Object Repository/Schedule2/Page_KDMC - CMS/select_--Select--Schedule 1Inj'  using regular expression

2018-05-04 18:06:35 - [TEST_STEP][PASSED] - selectOptionByIndex: All options with index in [58] are selected on object 'Object Repository/Schedule2/Page_KDMC - CMS/select_--Select--Albendazole'

2018-05-04 18:06:35 - [MESSAGE][PASSED] - All options with index in [58] are selected on object 'Object Repository/Schedule2/Page_KDMC - CMS/select_--Select--Albendazole'

2018-05-04 18:06:35 - [TEST_STEP][PASSED] - setText: Text '5000' is set on object 'Object Repository/Schedule2/Page_KDMC - CMS/input_txttreat'

2018-05-04 18:06:35 - [MESSAGE][PASSED] - Text '5000' is set on object 'Object Repository/Schedule2/Page_KDMC - CMS/input_txttreat'

2018-05-04 18:06:35 - [TEST_STEP][PASSED] - click: Object: 'Object Repository/Schedule2/Page_KDMC - CMS/button_Add' is clicked on

2018-05-04 18:06:35 - [MESSAGE][PASSED] - Object: 'Object Repository/Schedule2/Page_KDMC - CMS/button_Add' is clicked on

2018-05-04 18:06:35 - [TEST_STEP][PASSED] - selectOptionByValue: All options with value '2' are selected in object 'Object Repository/Schedule2/Page_KDMC - CMS/select_--Select--Schedule 1Inj'  using regular expression

2018-05-04 18:06:36 - [MESSAGE][PASSED] - All options with value '2' are selected in object 'Object Repository/Schedule2/Page_KDMC - CMS/select_--Select--Schedule 1Inj'  using regular expression

2018-05-04 18:06:36 - [TEST_STEP][PASSED] - selectOptionByIndex: All options with index in [59] are selected on object 'Object Repository/Schedule2/Page_KDMC - CMS/select_--Select--Albendazole'

2018-05-04 18:06:36 - [MESSAGE][PASSED] - All options with index in [59] are selected on object 'Object Repository/Schedule2/Page_KDMC - CMS/select_--Select--Albendazole'

2018-05-04 18:06:36 - [TEST_STEP][PASSED] - setText: Text '5000' is set on object 'Object Repository/Schedule2/Page_KDMC - CMS/input_txttreat'

2018-05-04 18:06:37 - [MESSAGE][PASSED] - Text '5000' is set on object 'Object Repository/Schedule2/Page_KDMC - CMS/input_txttreat'

2018-05-04 18:06:37 - [TEST_STEP][PASSED] - click: Object: 'Object Repository/Schedule2/Page_KDMC - CMS/button_Add' is clicked on

2018-05-04 18:06:37 - [MESSAGE][PASSED] - Object: 'Object Repository/Schedule2/Page_KDMC - CMS/button_Add' is clicked on

2018-05-04 18:06:37 - [TEST_STEP][PASSED] - selectOptionByValue: All options with value '2' are selected in object 'Object Repository/Schedule2/Page_KDMC - CMS/select_--Select--Schedule 1Inj'  using regular expression

2018-05-04 18:06:37 - [MESSAGE][PASSED] - All options with value '2' are selected in object 'Object Repository/Schedule2/Page_KDMC - CMS/select_--Select--Schedule 1Inj'  using regular expression

2018-05-04 18:06:37 - [TEST_STEP][PASSED] - selectOptionByIndex: All options with index in [60] are selected on object 'Object Repository/Schedule2/Page_KDMC - CMS/select_--Select--Albendazole'

2018-05-04 18:06:38 - [MESSAGE][PASSED] - All options with index in [60] are selected on object 'Object Repository/Schedule2/Page_KDMC - CMS/select_--Select--Albendazole'

2018-05-04 18:06:38 - [TEST_STEP][PASSED] - setText: Text '5000' is set on object 'Object Repository/Schedule2/Page_KDMC - CMS/input_txttreat'

2018-05-04 18:06:38 - [MESSAGE][PASSED] - Text '5000' is set on object 'Object Repository/Schedule2/Page_KDMC - CMS/input_txttreat'

2018-05-04 18:06:38 - [TEST_STEP][PASSED] - click: Object: 'Object Repository/Schedule2/Page_KDMC - CMS/button_Add' is clicked on

2018-05-04 18:06:38 - [MESSAGE][PASSED] - Object: 'Object Repository/Schedule2/Page_KDMC - CMS/button_Add' is clicked on

2018-05-04 18:06:38 - [TEST_STEP][PASSED] - selectOptionByValue: All options with value '2' are selected in object 'Object Repository/Schedule2/Page_KDMC - CMS/select_--Select--Schedule 1Inj'  using regular expression

2018-05-04 18:06:38 - [MESSAGE][PASSED] - All options with value '2' are selected in object 'Object Repository/Schedule2/Page_KDMC - CMS/select_--Select--Schedule 1Inj'  using regular expression

2018-05-04 18:06:38 - [TEST_STEP][PASSED] - selectOptionByIndex: All options with index in [61] are selected on object 'Object Repository/Schedule2/Page_KDMC - CMS/select_--Select--Albendazole'

2018-05-04 18:06:39 - [MESSAGE][PASSED] - All options with index in [61] are selected on object 'Object Repository/Schedule2/Page_KDMC - CMS/select_--Select--Albendazole'

2018-05-04 18:06:39 - [TEST_STEP][PASSED] - setText: Text '5000' is set on object 'Object Repository/Schedule2/Page_KDMC - CMS/input_txttreat'

2018-05-04 18:06:39 - [MESSAGE][PASSED] - Text '5000' is set on object 'Object Repository/Schedule2/Page_KDMC - CMS/input_txttreat'

2018-05-04 18:06:39 - [TEST_STEP][PASSED] - click: Object: 'Object Repository/Schedule2/Page_KDMC - CMS/button_Add' is clicked on

2018-05-04 18:06:39 - [MESSAGE][PASSED] - Object: 'Object Repository/Schedule2/Page_KDMC - CMS/button_Add' is clicked on

2018-05-04 18:06:39 - [TEST_STEP][PASSED] - selectOptionByValue: All options with value '2' are selected in object 'Object Repository/Schedule2/Page_KDMC - CMS/select_--Select--Schedule 1Inj'  using regular expression

2018-05-04 18:06:39 - [MESSAGE][PASSED] - All options with value '2' are selected in object 'Object Repository/Schedule2/Page_KDMC - CMS/select_--Select--Schedule 1Inj'  using regular expression

2018-05-04 18:06:39 - [TEST_STEP][PASSED] - selectOptionByIndex: All options with index in [62] are selected on object 'Object Repository/Schedule2/Page_KDMC - CMS/select_--Select--Albendazole'

2018-05-04 18:06:40 - [MESSAGE][PASSED] - All options with index in [62] are selected on object 'Object Repository/Schedule2/Page_KDMC - CMS/select_--Select--Albendazole'

2018-05-04 18:06:40 - [TEST_STEP][PASSED] - setText: Text '5000' is set on object 'Object Repository/Schedule2/Page_KDMC - CMS/input_txttreat'

2018-05-04 18:06:40 - [MESSAGE][PASSED] - Text '5000' is set on object 'Object Repository/Schedule2/Page_KDMC - CMS/input_txttreat'

2018-05-04 18:06:40 - [TEST_STEP][PASSED] - click: Object: 'Object Repository/Schedule2/Page_KDMC - CMS/button_Add' is clicked on

2018-05-04 18:06:40 - [MESSAGE][PASSED] - Object: 'Object Repository/Schedule2/Page_KDMC - CMS/button_Add' is clicked on

2018-05-04 18:06:40 - [TEST_STEP][PASSED] - selectOptionByValue: All options with value '2' are selected in object 'Object Repository/Schedule2/Page_KDMC - CMS/select_--Select--Schedule 1Inj'  using regular expression

2018-05-04 18:06:40 - [MESSAGE][PASSED] - All options with value '2' are selected in object 'Object Repository/Schedule2/Page_KDMC - CMS/select_--Select--Schedule 1Inj'  using regular expression

2018-05-04 18:06:40 - [TEST_STEP][PASSED] - selectOptionByIndex: All options with index in [63] are selected on object 'Object Repository/Schedule2/Page_KDMC - CMS/select_--Select--Albendazole'

2018-05-04 18:06:51 - [MESSAGE][PASSED] - All options with index in [63] are selected on object 'Object Repository/Schedule2/Page_KDMC - CMS/select_--Select--Albendazole'

2018-05-04 18:06:51 - [TEST_STEP][PASSED] - setText: Text '5000' is set on object 'Object Repository/Schedule2/Page_KDMC - CMS/input_txttreat'

2018-05-04 18:06:52 - [MESSAGE][PASSED] - Text '5000' is set on object 'Object Repository/Schedule2/Page_KDMC - CMS/input_txttreat'

2018-05-04 18:06:52 - [TEST_STEP][PASSED] - click: Object: 'Object Repository/Schedule2/Page_KDMC - CMS/button_Add' is clicked on

2018-05-04 18:06:52 - [MESSAGE][PASSED] - Object: 'Object Repository/Schedule2/Page_KDMC - CMS/button_Add' is clicked on

2018-05-04 18:06:52 - [TEST_STEP][PASSED] - selectOptionByValue: All options with value '2' are selected in object 'Object Repository/Schedule2/Page_KDMC - CMS/select_--Select--Schedule 1Inj'  using regular expression

2018-05-04 18:06:52 - [MESSAGE][PASSED] - All options with value '2' are selected in object 'Object Repository/Schedule2/Page_KDMC - CMS/select_--Select--Schedule 1Inj'  using regular expression

2018-05-04 18:06:52 - [TEST_STEP][PASSED] - selectOptionByIndex: All options with index in [64] are selected on object 'Object Repository/Schedule2/Page_KDMC - CMS/select_--Select--Albendazole'

2018-05-04 18:06:53 - [MESSAGE][PASSED] - All options with index in [64] are selected on object 'Object Repository/Schedule2/Page_KDMC - CMS/select_--Select--Albendazole'

2018-05-04 18:06:53 - [TEST_STEP][PASSED] - setText: Text '5000' is set on object 'Object Repository/Schedule2/Page_KDMC - CMS/input_txttreat'

2018-05-04 18:06:53 - [MESSAGE][PASSED] - Text '5000' is set on object 'Object Repository/Schedule2/Page_KDMC - CMS/input_txttreat'

2018-05-04 18:06:53 - [TEST_STEP][PASSED] - click: Object: 'Object Repository/Schedule2/Page_KDMC - CMS/button_Add' is clicked on

2018-05-04 18:06:53 - [MESSAGE][PASSED] - Object: 'Object Repository/Schedule2/Page_KDMC - CMS/button_Add' is clicked on

2018-05-04 18:06:53 - [TEST_STEP][PASSED] - selectOptionByValue: All options with value '2' are selected in object 'Object Repository/Schedule2/Page_KDMC - CMS/select_--Select--Schedule 1Inj'  using regular expression

2018-05-04 18:06:53 - [MESSAGE][PASSED] - All options with value '2' are selected in object 'Object Repository/Schedule2/Page_KDMC - CMS/select_--Select--Schedule 1Inj'  using regular expression

2018-05-04 18:06:53 - [TEST_STEP][PASSED] - selectOptionByIndex: All options with index in [65] are selected on object 'Object Repository/Schedule2/Page_KDMC - CMS/select_--Select--Albendazole'

2018-05-04 18:06:54 - [MESSAGE][PASSED] - All options with index in [65] are selected on object 'Object Repository/Schedule2/Page_KDMC - CMS/select_--Select--Albendazole'

2018-05-04 18:06:54 - [TEST_STEP][PASSED] - setText: Text '5000' is set on object 'Object Repository/Schedule2/Page_KDMC - CMS/input_txttreat'

2018-05-04 18:06:54 - [MESSAGE][PASSED] - Text '5000' is set on object 'Object Repository/Schedule2/Page_KDMC - CMS/input_txttreat'

2018-05-04 18:06:54 - [TEST_STEP][PASSED] - click: Object: 'Object Repository/Schedule2/Page_KDMC - CMS/button_Add' is clicked on

2018-05-04 18:06:54 - [MESSAGE][PASSED] - Object: 'Object Repository/Schedule2/Page_KDMC - CMS/button_Add' is clicked on

2018-05-04 18:06:54 - [TEST_STEP][PASSED] - selectOptionByValue: All options with value '2' are selected in object 'Object Repository/Schedule2/Page_KDMC - CMS/select_--Select--Schedule 1Inj'  using regular expression

2018-05-04 18:06:54 - [MESSAGE][PASSED] - All options with value '2' are selected in object 'Object Repository/Schedule2/Page_KDMC - CMS/select_--Select--Schedule 1Inj'  using regular expression

2018-05-04 18:06:54 - [TEST_STEP][PASSED] - selectOptionByIndex: All options with index in [66] are selected on object 'Object Repository/Schedule2/Page_KDMC - CMS/select_--Select--Albendazole'

2018-05-04 18:06:55 - [MESSAGE][PASSED] - All options with index in [66] are selected on object 'Object Repository/Schedule2/Page_KDMC - CMS/select_--Select--Albendazole'

2018-05-04 18:06:55 - [TEST_STEP][PASSED] - setText: Text '5000' is set on object 'Object Repository/Schedule2/Page_KDMC - CMS/input_txttreat'

2018-05-04 18:06:55 - [MESSAGE][PASSED] - Text '5000' is set on object 'Object Repository/Schedule2/Page_KDMC - CMS/input_txttreat'

2018-05-04 18:06:55 - [TEST_STEP][PASSED] - click: Object: 'Object Repository/Schedule2/Page_KDMC - CMS/button_Add' is clicked on

2018-05-04 18:06:55 - [MESSAGE][PASSED] - Object: 'Object Repository/Schedule2/Page_KDMC - CMS/button_Add' is clicked on

2018-05-04 18:06:55 - [TEST_STEP][PASSED] - selectOptionByValue: All options with value '2' are selected in object 'Object Repository/Schedule2/Page_KDMC - CMS/select_--Select--Schedule 1Inj'  using regular expression

2018-05-04 18:06:56 - [MESSAGE][PASSED] - All options with value '2' are selected in object 'Object Repository/Schedule2/Page_KDMC - CMS/select_--Select--Schedule 1Inj'  using regular expression

2018-05-04 18:06:56 - [TEST_STEP][PASSED] - selectOptionByIndex: All options with index in [67] are selected on object 'Object Repository/Schedule2/Page_KDMC - CMS/select_--Select--Albendazole'

2018-05-04 18:06:56 - [MESSAGE][PASSED] - All options with index in [67] are selected on object 'Object Repository/Schedule2/Page_KDMC - CMS/select_--Select--Albendazole'

2018-05-04 18:06:56 - [TEST_STEP][PASSED] - setText: Text '5000' is set on object 'Object Repository/Schedule2/Page_KDMC - CMS/input_txttreat'

2018-05-04 18:06:56 - [MESSAGE][PASSED] - Text '5000' is set on object 'Object Repository/Schedule2/Page_KDMC - CMS/input_txttreat'

2018-05-04 18:06:56 - [TEST_STEP][PASSED] - click: Object: 'Object Repository/Schedule2/Page_KDMC - CMS/button_Add' is clicked on

2018-05-04 18:06:56 - [MESSAGE][PASSED] - Object: 'Object Repository/Schedule2/Page_KDMC - CMS/button_Add' is clicked on

2018-05-04 18:06:56 - [TEST_STEP][PASSED] - selectOptionByValue: All options with value '2' are selected in object 'Object Repository/Schedule2/Page_KDMC - CMS/select_--Select--Schedule 1Inj'  using regular expression

2018-05-04 18:06:57 - [MESSAGE][PASSED] - All options with value '2' are selected in object 'Object Repository/Schedule2/Page_KDMC - CMS/select_--Select--Schedule 1Inj'  using regular expression

2018-05-04 18:06:57 - [TEST_STEP][PASSED] - selectOptionByIndex: All options with index in [68] are selected on object 'Object Repository/Schedule2/Page_KDMC - CMS/select_--Select--Albendazole'

2018-05-04 18:06:57 - [MESSAGE][PASSED] - All options with index in [68] are selected on object 'Object Repository/Schedule2/Page_KDMC - CMS/select_--Select--Albendazole'

2018-05-04 18:06:57 - [TEST_STEP][PASSED] - setText: Text '5000' is set on object 'Object Repository/Schedule2/Page_KDMC - CMS/input_txttreat'

2018-05-04 18:06:58 - [MESSAGE][PASSED] - Text '5000' is set on object 'Object Repository/Schedule2/Page_KDMC - CMS/input_txttreat'

2018-05-04 18:06:58 - [TEST_STEP][PASSED] - click: Object: 'Object Repository/Schedule2/Page_KDMC - CMS/button_Add' is clicked on

2018-05-04 18:06:58 - [MESSAGE][PASSED] - Object: 'Object Repository/Schedule2/Page_KDMC - CMS/button_Add' is clicked on

2018-05-04 18:06:58 - [TEST_STEP][PASSED] - selectOptionByValue: All options with value '2' are selected in object 'Object Repository/Schedule2/Page_KDMC - CMS/select_--Select--Schedule 1Inj'  using regular expression

2018-05-04 18:06:58 - [MESSAGE][PASSED] - All options with value '2' are selected in object 'Object Repository/Schedule2/Page_KDMC - CMS/select_--Select--Schedule 1Inj'  using regular expression

2018-05-04 18:06:58 - [TEST_STEP][PASSED] - selectOptionByIndex: All options with index in [69] are selected on object 'Object Repository/Schedule2/Page_KDMC - CMS/select_--Select--Albendazole'

2018-05-04 18:06:59 - [MESSAGE][PASSED] - All options with index in [69] are selected on object 'Object Repository/Schedule2/Page_KDMC - CMS/select_--Select--Albendazole'

2018-05-04 18:06:59 - [TEST_STEP][PASSED] - setText: Text '5000' is set on object 'Object Repository/Schedule2/Page_KDMC - CMS/input_txttreat'

2018-05-04 18:06:59 - [MESSAGE][PASSED] - Text '5000' is set on object 'Object Repository/Schedule2/Page_KDMC - CMS/input_txttreat'

2018-05-04 18:06:59 - [TEST_STEP][PASSED] - click: Object: 'Object Repository/Schedule2/Page_KDMC - CMS/button_Add' is clicked on

2018-05-04 18:06:59 - [MESSAGE][PASSED] - Object: 'Object Repository/Schedule2/Page_KDMC - CMS/button_Add' is clicked on

2018-05-04 18:06:59 - [TEST_STEP][PASSED] - selectOptionByValue: All options with value '2' are selected in object 'Object Repository/Schedule2/Page_KDMC - CMS/select_--Select--Schedule 1Inj'  using regular expression

2018-05-04 18:06:59 - [MESSAGE][PASSED] - All options with value '2' are selected in object 'Object Repository/Schedule2/Page_KDMC - CMS/select_--Select--Schedule 1Inj'  using regular expression

2018-05-04 18:06:59 - [TEST_STEP][PASSED] - selectOptionByIndex: All options with index in [70] are selected on object 'Object Repository/Schedule2/Page_KDMC - CMS/select_--Select--Albendazole'

2018-05-04 18:07:00 - [MESSAGE][PASSED] - All options with index in [70] are selected on object 'Object Repository/Schedule2/Page_KDMC - CMS/select_--Select--Albendazole'

2018-05-04 18:07:00 - [TEST_STEP][PASSED] - setText: Text '5000' is set on object 'Object Repository/Schedule2/Page_KDMC - CMS/input_txttreat'

2018-05-04 18:07:00 - [MESSAGE][PASSED] - Text '5000' is set on object 'Object Repository/Schedule2/Page_KDMC - CMS/input_txttreat'

2018-05-04 18:07:00 - [TEST_STEP][PASSED] - click: Object: 'Object Repository/Schedule2/Page_KDMC - CMS/button_Add' is clicked on

2018-05-04 18:07:00 - [MESSAGE][PASSED] - Object: 'Object Repository/Schedule2/Page_KDMC - CMS/button_Add' is clicked on

2018-05-04 18:07:00 - [TEST_STEP][PASSED] - selectOptionByValue: All options with value '2' are selected in object 'Object Repository/Schedule2/Page_KDMC - CMS/select_--Select--Schedule 1Inj'  using regular expression

2018-05-04 18:07:00 - [MESSAGE][PASSED] - All options with value '2' are selected in object 'Object Repository/Schedule2/Page_KDMC - CMS/select_--Select--Schedule 1Inj'  using regular expression

2018-05-04 18:07:00 - [TEST_STEP][PASSED] - selectOptionByIndex: All options with index in [71] are selected on object 'Object Repository/Schedule2/Page_KDMC - CMS/select_--Select--Albendazole'

2018-05-04 18:07:01 - [MESSAGE][PASSED] - All options with index in [71] are selected on object 'Object Repository/Schedule2/Page_KDMC - CMS/select_--Select--Albendazole'

2018-05-04 18:07:01 - [TEST_STEP][PASSED] - setText: Text '5000' is set on object 'Object Repository/Schedule2/Page_KDMC - CMS/input_txttreat'

2018-05-04 18:07:01 - [MESSAGE][PASSED] - Text '5000' is set on object 'Object Repository/Schedule2/Page_KDMC - CMS/input_txttreat'

2018-05-04 18:07:01 - [TEST_STEP][PASSED] - click: Object: 'Object Repository/Schedule2/Page_KDMC - CMS/button_Add' is clicked on

2018-05-04 18:07:01 - [MESSAGE][PASSED] - Object: 'Object Repository/Schedule2/Page_KDMC - CMS/button_Add' is clicked on

2018-05-04 18:07:01 - [TEST_STEP][PASSED] - selectOptionByValue: All options with value '2' are selected in object 'Object Repository/Schedule2/Page_KDMC - CMS/select_--Select--Schedule 1Inj'  using regular expression

2018-05-04 18:07:02 - [MESSAGE][PASSED] - All options with value '2' are selected in object 'Object Repository/Schedule2/Page_KDMC - CMS/select_--Select--Schedule 1Inj'  using regular expression

2018-05-04 18:07:02 - [TEST_STEP][PASSED] - selectOptionByIndex: All options with index in [72] are selected on object 'Object Repository/Schedule2/Page_KDMC - CMS/select_--Select--Albendazole'

2018-05-04 18:07:02 - [MESSAGE][PASSED] - All options with index in [72] are selected on object 'Object Repository/Schedule2/Page_KDMC - CMS/select_--Select--Albendazole'

2018-05-04 18:07:02 - [TEST_STEP][PASSED] - setText: Text '5000' is set on object 'Object Repository/Schedule2/Page_KDMC - CMS/input_txttreat'

2018-05-04 18:07:02 - [MESSAGE][PASSED] - Text '5000' is set on object 'Object Repository/Schedule2/Page_KDMC - CMS/input_txttreat'

2018-05-04 18:07:02 - [TEST_STEP][PASSED] - click: Object: 'Object Repository/Schedule2/Page_KDMC - CMS/button_Add' is clicked on

2018-05-04 18:07:03 - [MESSAGE][PASSED] - Object: 'Object Repository/Schedule2/Page_KDMC - CMS/button_Add' is clicked on

2018-05-04 18:07:03 - [TEST_STEP][PASSED] - delay: Delayed 3 second(s)

2018-05-04 18:07:06 - [MESSAGE][PASSED] - Delayed 3 second(s)

2018-05-04 18:07:06 - [TEST_STEP][PASSED] - scrollToElement: Scroll to object 'Object Repository/Schedule2/Page_KDMC - CMS/input_btnsave' successfully

2018-05-04 18:07:06 - [MESSAGE][PASSED] - Scroll to object 'Object Repository/Schedule2/Page_KDMC - CMS/input_btnsave' successfully

2018-05-04 18:07:06 - [TEST_STEP][PASSED] - click: Object: 'Object Repository/Schedule2/Page_KDMC - CMS/input_btnsave' is clicked on

2018-05-04 18:07:06 - [MESSAGE][PASSED] - Object: 'Object Repository/Schedule2/Page_KDMC - CMS/input_btnsave' is clicked on

2018-05-04 18:07:06 - [TEST_STEP][PASSED] - click: Object: 'Object Repository/Schedule2/Page_KDMC - CMS/button_OK' is clicked on

2018-05-04 18:07:07 - [MESSAGE][PASSED] - Object: 'Object Repository/Schedule2/Page_KDMC - CMS/button_OK' is clicked on

2018-05-04 18:07:07 - [TEST_STEP][PASSED] - click: Object: 'Object Repository/Schedule2/Page_KDMC - CMS/i_glyphicon glyphicon-user' is clicked on

2018-05-04 18:07:08 - [MESSAGE][PASSED] - Object: 'Object Repository/Schedule2/Page_KDMC - CMS/i_glyphicon glyphicon-user' is clicked on

2018-05-04 18:07:08 - [TEST_STEP][PASSED] - click: Object: 'Object Repository/Schedule2/Page_KDMC - CMS/span_pfnamer' is clicked on

2018-05-04 18:07:08 - [MESSAGE][PASSED] - Object: 'Object Repository/Schedule2/Page_KDMC - CMS/span_pfnamer' is clicked on

2018-05-04 18:07:08 - [TEST_STEP][PASSED] - click: Object: 'Object Repository/Schedule2/Page_KDMC - CMS/a_dropdown-toggle' is clicked on

2018-05-04 18:07:08 - [MESSAGE][PASSED] - Object: 'Object Repository/Schedule2/Page_KDMC - CMS/a_dropdown-toggle' is clicked on

2018-05-04 18:07:08 - [TEST_STEP][FAILED] - click: Unable to click on object 'Object Repository/Schedule2/Page_KDMC - CMS/a_Sign out' (Root cause: org.openqa.selenium.ElementNotVisibleException: element not visible
  (Session info: chrome=66.0.3359.139)
  (Driver info: chromedriver=2.35.528161 (5b82f2d2aae0ca24b877009200ced9065a772e73),platform=Windows NT 10.0.16299 x86_64) (WARNING: The server did not provide any stacktrace information)
Command duration or timeout: 0 milliseconds
Build info: version: '3.7.1', revision: '8a0099a', time: '2017-11-06T21:07:36.161Z'
System info: host: 'DESKTOP-BLFTK83', ip: '192.168.71.2', os.name: 'Windows 10', os.arch: 'amd64', os.version: '10.0', java.version: '1.8.0_102'
Driver info: com.kms.katalon.selenium.driver.CChromeDriver
Capabilities {acceptInsecureCerts: false, acceptSslCerts: false, applicationCacheEnabled: false, browserConnectionEnabled: false, browserName: chrome, chrome: {chromedriverVersion: 2.35.528161 (5b82f2d2aae0ca..., userDataDir: C:\Users\QUALIT~1\AppData\L...}, cssSelectorsEnabled: true, databaseEnabled: false, handlesAlerts: true, hasTouchScreen: false, javascriptEnabled: true, locationContextEnabled: true, mobileEmulationEnabled: false, nativeEvents: true, networkConnectionEnabled: false, pageLoadStrategy: normal, platform: XP, platformName: XP, rotatable: false, setWindowRect: true, takesHeapSnapshot: true, takesScreenshot: true, unexpectedAlertBehaviour: , unhandledPromptBehavior: , version: 66.0.3359.139, webStorageEnabled: true}
Session ID: 46647c8a81aa12f1269d640defbee805)

2018-05-04 18:07:09 - [MESSAGE][FAILED] - Unable to click on object 'Object Repository/Schedule2/Page_KDMC - CMS/a_Sign out' (Root cause: org.openqa.selenium.ElementNotVisibleException: element not visible
  (Session info: chrome=66.0.3359.139)
  (Driver info: chromedriver=2.35.528161 (5b82f2d2aae0ca24b877009200ced9065a772e73),platform=Windows NT 10.0.16299 x86_64) (WARNING: The server did not provide any stacktrace information)
Command duration or timeout: 0 milliseconds
Build info: version: '3.7.1', revision: '8a0099a', time: '2017-11-06T21:07:36.161Z'
System info: host: 'DESKTOP-BLFTK83', ip: '192.168.71.2', os.name: 'Windows 10', os.arch: 'amd64', os.version: '10.0', java.version: '1.8.0_102'
Driver info: com.kms.katalon.selenium.driver.CChromeDriver
Capabilities {acceptInsecureCerts: false, acceptSslCerts: false, applicationCacheEnabled: false, browserConnectionEnabled: false, browserName: chrome, chrome: {chromedriverVersion: 2.35.528161 (5b82f2d2aae0ca..., userDataDir: C:\Users\QUALIT~1\AppData\L...}, cssSelectorsEnabled: true, databaseEnabled: false, handlesAlerts: true, hasTouchScreen: false, javascriptEnabled: true, locationContextEnabled: true, mobileEmulationEnabled: false, nativeEvents: true, networkConnectionEnabled: false, pageLoadStrategy: normal, platform: XP, platformName: XP, rotatable: false, setWindowRect: true, takesHeapSnapshot: true, takesScreenshot: true, unexpectedAlertBehaviour: , unhandledPromptBehavior: , version: 66.0.3359.139, webStorageEnabled: true}
Session ID: 46647c8a81aa12f1269d640defbee805)
[[ATTACHMENT|C:\\Users\\Quality Analyst\\Katalon Studio\\ds\\Reports\\Moh_Request\\20180504_180515\\1525437428943.png]]]]></system-out>
         <system-err><![CDATA[2018-05-04 18:05:22 - [TEST_CASE][FAILED] - Test Cases/MOHTOCMSREQUEST/MohRequestSchedule2: Test Cases/MOHTOCMSREQUEST/MohRequestSchedule2 FAILED because (of) Unable to click on object 'Object Repository/Schedule2/Page_KDMC - CMS/a_Sign out' (Root cause: org.openqa.selenium.ElementNotVisibleException: element not visible
  (Session info: chrome=66.0.3359.139)
  (Driver info: chromedriver=2.35.528161 (5b82f2d2aae0ca24b877009200ced9065a772e73),platform=Windows NT 10.0.16299 x86_64) (WARNING: The server did not provide any stacktrace information)
Command duration or timeout: 0 milliseconds
Build info: version: '3.7.1', revision: '8a0099a', time: '2017-11-06T21:07:36.161Z'
System info: host: 'DESKTOP-BLFTK83', ip: '192.168.71.2', os.name: 'Windows 10', os.arch: 'amd64', os.version: '10.0', java.version: '1.8.0_102'
Driver info: com.kms.katalon.selenium.driver.CChromeDriver
Capabilities {acceptInsecureCerts: false, acceptSslCerts: false, applicationCacheEnabled: false, browserConnectionEnabled: false, browserName: chrome, chrome: {chromedriverVersion: 2.35.528161 (5b82f2d2aae0ca..., userDataDir: C:\Users\QUALIT~1\AppData\L...}, cssSelectorsEnabled: true, databaseEnabled: false, handlesAlerts: true, hasTouchScreen: false, javascriptEnabled: true, locationContextEnabled: true, mobileEmulationEnabled: false, nativeEvents: true, networkConnectionEnabled: false, pageLoadStrategy: normal, platform: XP, platformName: XP, rotatable: false, setWindowRect: true, takesHeapSnapshot: true, takesScreenshot: true, unexpectedAlertBehaviour: , unhandledPromptBehavior: , version: 66.0.3359.139, webStorageEnabled: true}
Session ID: 46647c8a81aa12f1269d640defbee805)]]></system-err>
      </testcase>
      <testcase name="Test Cases/MOHTOCMSREQUEST/MohRequestSchedule3" classname="Test Cases/MOHTOCMSREQUEST/MohRequestSchedule3" status="FAILED">
         <failure type="FAILED" message="Unable to set text '500' of object 'Object Repository/Schedule3/Page_KDMC - CMS/input_txttreat' (Root cause: org.openqa.selenium.WebDriverException: unknown error: cannot focus element
  (Session info: chrome=66.0.3359.139)
  (Driver info: chromedriver=2.35.528161 (5b82f2d2aae0ca24b877009200ced9065a772e73),platform=Windows NT 10.0.16299 x86_64) (WARNING: The server did not provide any stacktrace information)
Command duration or timeout: 0 milliseconds
Build info: version: '3.7.1', revision: '8a0099a', time: '2017-11-06T21:07:36.161Z'
System info: host: 'DESKTOP-BLFTK83', ip: '192.168.71.2', os.name: 'Windows 10', os.arch: 'amd64', os.version: '10.0', java.version: '1.8.0_102'
Driver info: com.kms.katalon.selenium.driver.CChromeDriver
Capabilities {acceptInsecureCerts: false, acceptSslCerts: false, applicationCacheEnabled: false, browserConnectionEnabled: false, browserName: chrome, chrome: {chromedriverVersion: 2.35.528161 (5b82f2d2aae0ca..., userDataDir: C:\Users\QUALIT~1\AppData\L...}, cssSelectorsEnabled: true, databaseEnabled: false, handlesAlerts: true, hasTouchScreen: false, javascriptEnabled: true, locationContextEnabled: true, mobileEmulationEnabled: false, nativeEvents: true, networkConnectionEnabled: false, pageLoadStrategy: normal, platform: XP, platformName: XP, rotatable: false, setWindowRect: true, takesHeapSnapshot: true, takesScreenshot: true, unexpectedAlertBehaviour: , unhandledPromptBehavior: , version: 66.0.3359.139, webStorageEnabled: true}
Session ID: e5108bc4cc74a83e086b01419bc8fdd2)"/>
         <system-out><![CDATA[2018-05-04 18:07:09 - [TEST_CASE][FAILED] - Test Cases/MOHTOCMSREQUEST/MohRequestSchedule3: Test Cases/MOHTOCMSREQUEST/MohRequestSchedule3 FAILED because (of) Unable to set text '500' of object 'Object Repository/Schedule3/Page_KDMC - CMS/input_txttreat' (Root cause: org.openqa.selenium.WebDriverException: unknown error: cannot focus element
  (Session info: chrome=66.0.3359.139)
  (Driver info: chromedriver=2.35.528161 (5b82f2d2aae0ca24b877009200ced9065a772e73),platform=Windows NT 10.0.16299 x86_64) (WARNING: The server did not provide any stacktrace information)
Command duration or timeout: 0 milliseconds
Build info: version: '3.7.1', revision: '8a0099a', time: '2017-11-06T21:07:36.161Z'
System info: host: 'DESKTOP-BLFTK83', ip: '192.168.71.2', os.name: 'Windows 10', os.arch: 'amd64', os.version: '10.0', java.version: '1.8.0_102'
Driver info: com.kms.katalon.selenium.driver.CChromeDriver
Capabilities {acceptInsecureCerts: false, acceptSslCerts: false, applicationCacheEnabled: false, browserConnectionEnabled: false, browserName: chrome, chrome: {chromedriverVersion: 2.35.528161 (5b82f2d2aae0ca..., userDataDir: C:\Users\QUALIT~1\AppData\L...}, cssSelectorsEnabled: true, databaseEnabled: false, handlesAlerts: true, hasTouchScreen: false, javascriptEnabled: true, locationContextEnabled: true, mobileEmulationEnabled: false, nativeEvents: true, networkConnectionEnabled: false, pageLoadStrategy: normal, platform: XP, platformName: XP, rotatable: false, setWindowRect: true, takesHeapSnapshot: true, takesScreenshot: true, unexpectedAlertBehaviour: , unhandledPromptBehavior: , version: 66.0.3359.139, webStorageEnabled: true}
Session ID: e5108bc4cc74a83e086b01419bc8fdd2)

2018-05-04 18:07:09 - [TEST_STEP][PASSED] - openBrowser: Browser is opened with url: ''

2018-05-04 18:07:09 - [MESSAGE][WARNING] - A browser is already opened. Closing browser and opening a new one

2018-05-04 18:07:12 - [MESSAGE][PASSED] - Browser is opened with url: ''

2018-05-04 18:07:12 - [TEST_STEP][PASSED] - navigateToUrl: Navigate to 'http://192.168.137.1/multihospital_new/' successfully

2018-05-04 18:07:14 - [MESSAGE][PASSED] - Navigate to 'http://192.168.137.1/multihospital_new/' successfully

2018-05-04 18:07:14 - [TEST_STEP][PASSED] - maximizeWindow: Current window maximized

2018-05-04 18:07:15 - [MESSAGE][PASSED] - Current window maximized

2018-05-04 18:07:15 - [TEST_STEP][PASSED] - click: Object: 'Object Repository/Schedule3/Page_KDMC/a_CMS' is clicked on

2018-05-04 18:07:16 - [MESSAGE][PASSED] - Object: 'Object Repository/Schedule3/Page_KDMC/a_CMS' is clicked on

2018-05-04 18:07:16 - [TEST_STEP][PASSED] - setText: Text 'bala' is set on object 'Object Repository/Schedule3/Page_CMS login/input_txtusername'

2018-05-04 18:07:16 - [MESSAGE][PASSED] - Text 'bala' is set on object 'Object Repository/Schedule3/Page_CMS login/input_txtusername'

2018-05-04 18:07:16 - [TEST_STEP][PASSED] - setText: Text '123' is set on object 'Object Repository/Schedule3/Page_CMS login/input_txtpassword'

2018-05-04 18:07:16 - [MESSAGE][PASSED] - Text '123' is set on object 'Object Repository/Schedule3/Page_CMS login/input_txtpassword'

2018-05-04 18:07:16 - [TEST_STEP][PASSED] - delay: Delayed 4 second(s)

2018-05-04 18:07:20 - [MESSAGE][PASSED] - Delayed 4 second(s)

2018-05-04 18:07:20 - [TEST_STEP][PASSED] - click: Object: 'Object Repository/Schedule3/Page_CMS login/button_Sign in' is clicked on

2018-05-04 18:07:21 - [MESSAGE][PASSED] - Object: 'Object Repository/Schedule3/Page_CMS login/button_Sign in' is clicked on

2018-05-04 18:07:21 - [TEST_STEP][PASSED] - click: Object: 'Object Repository/Schedule3/Page_KDMC - CMS/a_Request to MOH' is clicked on

2018-05-04 18:07:22 - [MESSAGE][PASSED] - Object: 'Object Repository/Schedule3/Page_KDMC - CMS/a_Request to MOH' is clicked on

2018-05-04 18:07:22 - [TEST_STEP][PASSED] - selectOptionByIndex: All options with index in [2] are selected on object 'Object Repository/Schedule3/Page_KDMC - CMS/select_--Select--'

2018-05-04 18:07:22 - [MESSAGE][PASSED] - All options with index in [2] are selected on object 'Object Repository/Schedule3/Page_KDMC - CMS/select_--Select--'

2018-05-04 18:07:22 - [TEST_STEP][PASSED] - selectOptionByIndex: All options with index in [3] are selected on object 'Object Repository/Schedule3/Page_KDMC - CMS/select_--Select--Schedule 1Inj'

2018-05-04 18:07:22 - [MESSAGE][PASSED] - All options with index in [3] are selected on object 'Object Repository/Schedule3/Page_KDMC - CMS/select_--Select--Schedule 1Inj'

2018-05-04 18:07:22 - [TEST_STEP][PASSED] - delay: Delayed 3 second(s)

2018-05-04 18:07:25 - [MESSAGE][PASSED] - Delayed 3 second(s)

2018-05-04 18:07:25 - [TEST_STEP][PASSED] - Statement - selectedoptions = com.kms.katalon.core.webui.keyword.WebUiBuiltInKeywords.getNumberOfTotalOption(com.kms.katalon.core.testobject.ObjectRepository.findTestObject(Schedule3/Page_KDMC - CMS/select_--Select--Amoxycillin 2)): 37 options of object 'Object Repository/Schedule3/Page_KDMC - CMS/select_--Select--Amoxycillin 2' counted

2018-05-04 18:07:25 - [MESSAGE][PASSED] - 37 options of object 'Object Repository/Schedule3/Page_KDMC - CMS/select_--Select--Amoxycillin 2' counted

2018-05-04 18:07:25 - [TEST_STEP][FAILED] - Statement - For ([i = 1, i <= selectedoptions - 1, (i++)]): Unable to set text '500' of object 'Object Repository/Schedule3/Page_KDMC - CMS/input_txttreat' (Root cause: org.openqa.selenium.WebDriverException: unknown error: cannot focus element
  (Session info: chrome=66.0.3359.139)
  (Driver info: chromedriver=2.35.528161 (5b82f2d2aae0ca24b877009200ced9065a772e73),platform=Windows NT 10.0.16299 x86_64) (WARNING: The server did not provide any stacktrace information)
Command duration or timeout: 0 milliseconds
Build info: version: '3.7.1', revision: '8a0099a', time: '2017-11-06T21:07:36.161Z'
System info: host: 'DESKTOP-BLFTK83', ip: '192.168.71.2', os.name: 'Windows 10', os.arch: 'amd64', os.version: '10.0', java.version: '1.8.0_102'
Driver info: com.kms.katalon.selenium.driver.CChromeDriver
Capabilities {acceptInsecureCerts: false, acceptSslCerts: false, applicationCacheEnabled: false, browserConnectionEnabled: false, browserName: chrome, chrome: {chromedriverVersion: 2.35.528161 (5b82f2d2aae0ca..., userDataDir: C:\Users\QUALIT~1\AppData\L...}, cssSelectorsEnabled: true, databaseEnabled: false, handlesAlerts: true, hasTouchScreen: false, javascriptEnabled: true, locationContextEnabled: true, mobileEmulationEnabled: false, nativeEvents: true, networkConnectionEnabled: false, pageLoadStrategy: normal, platform: XP, platformName: XP, rotatable: false, setWindowRect: true, takesHeapSnapshot: true, takesScreenshot: true, unexpectedAlertBehaviour: , unhandledPromptBehavior: , version: 66.0.3359.139, webStorageEnabled: true}
Session ID: e5108bc4cc74a83e086b01419bc8fdd2)

2018-05-04 18:07:25 - [TEST_STEP][PASSED] - selectOptionByIndex: All options with index in [3] are selected on object 'Object Repository/Schedule3/Page_KDMC - CMS/select_--Select--Schedule 1Inj'

2018-05-04 18:07:25 - [MESSAGE][PASSED] - All options with index in [3] are selected on object 'Object Repository/Schedule3/Page_KDMC - CMS/select_--Select--Schedule 1Inj'

2018-05-04 18:07:25 - [TEST_STEP][PASSED] - selectOptionByIndex: All options with index in [1] are selected on object 'Object Repository/Schedule3/Page_KDMC - CMS/select_--Select--Amoxycillin 2'

2018-05-04 18:07:25 - [MESSAGE][PASSED] - All options with index in [1] are selected on object 'Object Repository/Schedule3/Page_KDMC - CMS/select_--Select--Amoxycillin 2'

2018-05-04 18:07:25 - [TEST_STEP][PASSED] - setText: Text '500' is set on object 'Object Repository/Schedule3/Page_KDMC - CMS/input_txttreat'

2018-05-04 18:07:25 - [MESSAGE][PASSED] - Text '500' is set on object 'Object Repository/Schedule3/Page_KDMC - CMS/input_txttreat'

2018-05-04 18:07:25 - [TEST_STEP][PASSED] - click: Object: 'Object Repository/Schedule3/Page_KDMC - CMS/button_Add' is clicked on

2018-05-04 18:07:25 - [MESSAGE][PASSED] - Object: 'Object Repository/Schedule3/Page_KDMC - CMS/button_Add' is clicked on

2018-05-04 18:07:25 - [TEST_STEP][PASSED] - selectOptionByIndex: All options with index in [3] are selected on object 'Object Repository/Schedule3/Page_KDMC - CMS/select_--Select--Schedule 1Inj'

2018-05-04 18:07:26 - [MESSAGE][PASSED] - All options with index in [3] are selected on object 'Object Repository/Schedule3/Page_KDMC - CMS/select_--Select--Schedule 1Inj'

2018-05-04 18:07:26 - [TEST_STEP][PASSED] - selectOptionByIndex: All options with index in [2] are selected on object 'Object Repository/Schedule3/Page_KDMC - CMS/select_--Select--Amoxycillin 2'

2018-05-04 18:07:26 - [MESSAGE][PASSED] - All options with index in [2] are selected on object 'Object Repository/Schedule3/Page_KDMC - CMS/select_--Select--Amoxycillin 2'

2018-05-04 18:07:26 - [TEST_STEP][PASSED] - setText: Text '500' is set on object 'Object Repository/Schedule3/Page_KDMC - CMS/input_txttreat'

2018-05-04 18:07:26 - [MESSAGE][PASSED] - Text '500' is set on object 'Object Repository/Schedule3/Page_KDMC - CMS/input_txttreat'

2018-05-04 18:07:26 - [TEST_STEP][PASSED] - click: Object: 'Object Repository/Schedule3/Page_KDMC - CMS/button_Add' is clicked on

2018-05-04 18:07:26 - [MESSAGE][PASSED] - Object: 'Object Repository/Schedule3/Page_KDMC - CMS/button_Add' is clicked on

2018-05-04 18:07:26 - [TEST_STEP][PASSED] - selectOptionByIndex: All options with index in [3] are selected on object 'Object Repository/Schedule3/Page_KDMC - CMS/select_--Select--Schedule 1Inj'

2018-05-04 18:07:26 - [MESSAGE][PASSED] - All options with index in [3] are selected on object 'Object Repository/Schedule3/Page_KDMC - CMS/select_--Select--Schedule 1Inj'

2018-05-04 18:07:26 - [TEST_STEP][PASSED] - selectOptionByIndex: All options with index in [3] are selected on object 'Object Repository/Schedule3/Page_KDMC - CMS/select_--Select--Amoxycillin 2'

2018-05-04 18:07:27 - [MESSAGE][PASSED] - All options with index in [3] are selected on object 'Object Repository/Schedule3/Page_KDMC - CMS/select_--Select--Amoxycillin 2'

2018-05-04 18:07:27 - [TEST_STEP][PASSED] - setText: Text '500' is set on object 'Object Repository/Schedule3/Page_KDMC - CMS/input_txttreat'

2018-05-04 18:07:27 - [MESSAGE][PASSED] - Text '500' is set on object 'Object Repository/Schedule3/Page_KDMC - CMS/input_txttreat'

2018-05-04 18:07:27 - [TEST_STEP][PASSED] - click: Object: 'Object Repository/Schedule3/Page_KDMC - CMS/button_Add' is clicked on

2018-05-04 18:07:27 - [MESSAGE][PASSED] - Object: 'Object Repository/Schedule3/Page_KDMC - CMS/button_Add' is clicked on

2018-05-04 18:07:27 - [TEST_STEP][PASSED] - selectOptionByIndex: All options with index in [3] are selected on object 'Object Repository/Schedule3/Page_KDMC - CMS/select_--Select--Schedule 1Inj'

2018-05-04 18:07:27 - [MESSAGE][PASSED] - All options with index in [3] are selected on object 'Object Repository/Schedule3/Page_KDMC - CMS/select_--Select--Schedule 1Inj'

2018-05-04 18:07:27 - [TEST_STEP][PASSED] - selectOptionByIndex: All options with index in [4] are selected on object 'Object Repository/Schedule3/Page_KDMC - CMS/select_--Select--Amoxycillin 2'

2018-05-04 18:07:28 - [MESSAGE][PASSED] - All options with index in [4] are selected on object 'Object Repository/Schedule3/Page_KDMC - CMS/select_--Select--Amoxycillin 2'

2018-05-04 18:07:28 - [TEST_STEP][PASSED] - setText: Text '500' is set on object 'Object Repository/Schedule3/Page_KDMC - CMS/input_txttreat'

2018-05-04 18:07:28 - [MESSAGE][PASSED] - Text '500' is set on object 'Object Repository/Schedule3/Page_KDMC - CMS/input_txttreat'

2018-05-04 18:07:28 - [TEST_STEP][PASSED] - click: Object: 'Object Repository/Schedule3/Page_KDMC - CMS/button_Add' is clicked on

2018-05-04 18:07:28 - [MESSAGE][PASSED] - Object: 'Object Repository/Schedule3/Page_KDMC - CMS/button_Add' is clicked on

2018-05-04 18:07:28 - [TEST_STEP][PASSED] - selectOptionByIndex: All options with index in [3] are selected on object 'Object Repository/Schedule3/Page_KDMC - CMS/select_--Select--Schedule 1Inj'

2018-05-04 18:07:28 - [MESSAGE][PASSED] - All options with index in [3] are selected on object 'Object Repository/Schedule3/Page_KDMC - CMS/select_--Select--Schedule 1Inj'

2018-05-04 18:07:28 - [TEST_STEP][PASSED] - selectOptionByIndex: All options with index in [5] are selected on object 'Object Repository/Schedule3/Page_KDMC - CMS/select_--Select--Amoxycillin 2'

2018-05-04 18:07:28 - [MESSAGE][PASSED] - All options with index in [5] are selected on object 'Object Repository/Schedule3/Page_KDMC - CMS/select_--Select--Amoxycillin 2'

2018-05-04 18:07:28 - [TEST_STEP][PASSED] - setText: Text '500' is set on object 'Object Repository/Schedule3/Page_KDMC - CMS/input_txttreat'

2018-05-04 18:07:28 - [MESSAGE][PASSED] - Text '500' is set on object 'Object Repository/Schedule3/Page_KDMC - CMS/input_txttreat'

2018-05-04 18:07:28 - [TEST_STEP][PASSED] - click: Object: 'Object Repository/Schedule3/Page_KDMC - CMS/button_Add' is clicked on

2018-05-04 18:07:28 - [MESSAGE][PASSED] - Object: 'Object Repository/Schedule3/Page_KDMC - CMS/button_Add' is clicked on

2018-05-04 18:07:28 - [TEST_STEP][PASSED] - selectOptionByIndex: All options with index in [3] are selected on object 'Object Repository/Schedule3/Page_KDMC - CMS/select_--Select--Schedule 1Inj'

2018-05-04 18:07:28 - [MESSAGE][PASSED] - All options with index in [3] are selected on object 'Object Repository/Schedule3/Page_KDMC - CMS/select_--Select--Schedule 1Inj'

2018-05-04 18:07:28 - [TEST_STEP][PASSED] - selectOptionByIndex: All options with index in [6] are selected on object 'Object Repository/Schedule3/Page_KDMC - CMS/select_--Select--Amoxycillin 2'

2018-05-04 18:07:29 - [MESSAGE][PASSED] - All options with index in [6] are selected on object 'Object Repository/Schedule3/Page_KDMC - CMS/select_--Select--Amoxycillin 2'

2018-05-04 18:07:29 - [TEST_STEP][PASSED] - setText: Text '500' is set on object 'Object Repository/Schedule3/Page_KDMC - CMS/input_txttreat'

2018-05-04 18:07:29 - [MESSAGE][PASSED] - Text '500' is set on object 'Object Repository/Schedule3/Page_KDMC - CMS/input_txttreat'

2018-05-04 18:07:29 - [TEST_STEP][PASSED] - click: Object: 'Object Repository/Schedule3/Page_KDMC - CMS/button_Add' is clicked on

2018-05-04 18:07:29 - [MESSAGE][PASSED] - Object: 'Object Repository/Schedule3/Page_KDMC - CMS/button_Add' is clicked on

2018-05-04 18:07:29 - [TEST_STEP][PASSED] - selectOptionByIndex: All options with index in [3] are selected on object 'Object Repository/Schedule3/Page_KDMC - CMS/select_--Select--Schedule 1Inj'

2018-05-04 18:07:29 - [MESSAGE][PASSED] - All options with index in [3] are selected on object 'Object Repository/Schedule3/Page_KDMC - CMS/select_--Select--Schedule 1Inj'

2018-05-04 18:07:29 - [TEST_STEP][PASSED] - selectOptionByIndex: All options with index in [7] are selected on object 'Object Repository/Schedule3/Page_KDMC - CMS/select_--Select--Amoxycillin 2'

2018-05-04 18:07:29 - [MESSAGE][PASSED] - All options with index in [7] are selected on object 'Object Repository/Schedule3/Page_KDMC - CMS/select_--Select--Amoxycillin 2'

2018-05-04 18:07:29 - [TEST_STEP][PASSED] - setText: Text '500' is set on object 'Object Repository/Schedule3/Page_KDMC - CMS/input_txttreat'

2018-05-04 18:07:29 - [MESSAGE][PASSED] - Text '500' is set on object 'Object Repository/Schedule3/Page_KDMC - CMS/input_txttreat'

2018-05-04 18:07:29 - [TEST_STEP][PASSED] - click: Object: 'Object Repository/Schedule3/Page_KDMC - CMS/button_Add' is clicked on

2018-05-04 18:07:30 - [MESSAGE][PASSED] - Object: 'Object Repository/Schedule3/Page_KDMC - CMS/button_Add' is clicked on

2018-05-04 18:07:30 - [TEST_STEP][PASSED] - selectOptionByIndex: All options with index in [3] are selected on object 'Object Repository/Schedule3/Page_KDMC - CMS/select_--Select--Schedule 1Inj'

2018-05-04 18:07:30 - [MESSAGE][PASSED] - All options with index in [3] are selected on object 'Object Repository/Schedule3/Page_KDMC - CMS/select_--Select--Schedule 1Inj'

2018-05-04 18:07:30 - [TEST_STEP][PASSED] - selectOptionByIndex: All options with index in [8] are selected on object 'Object Repository/Schedule3/Page_KDMC - CMS/select_--Select--Amoxycillin 2'

2018-05-04 18:07:30 - [MESSAGE][PASSED] - All options with index in [8] are selected on object 'Object Repository/Schedule3/Page_KDMC - CMS/select_--Select--Amoxycillin 2'

2018-05-04 18:07:30 - [TEST_STEP][PASSED] - setText: Text '500' is set on object 'Object Repository/Schedule3/Page_KDMC - CMS/input_txttreat'

2018-05-04 18:07:30 - [MESSAGE][PASSED] - Text '500' is set on object 'Object Repository/Schedule3/Page_KDMC - CMS/input_txttreat'

2018-05-04 18:07:30 - [TEST_STEP][PASSED] - click: Object: 'Object Repository/Schedule3/Page_KDMC - CMS/button_Add' is clicked on

2018-05-04 18:07:30 - [MESSAGE][PASSED] - Object: 'Object Repository/Schedule3/Page_KDMC - CMS/button_Add' is clicked on

2018-05-04 18:07:30 - [TEST_STEP][PASSED] - selectOptionByIndex: All options with index in [3] are selected on object 'Object Repository/Schedule3/Page_KDMC - CMS/select_--Select--Schedule 1Inj'

2018-05-04 18:07:30 - [MESSAGE][PASSED] - All options with index in [3] are selected on object 'Object Repository/Schedule3/Page_KDMC - CMS/select_--Select--Schedule 1Inj'

2018-05-04 18:07:30 - [TEST_STEP][PASSED] - selectOptionByIndex: All options with index in [9] are selected on object 'Object Repository/Schedule3/Page_KDMC - CMS/select_--Select--Amoxycillin 2'

2018-05-04 18:07:30 - [MESSAGE][PASSED] - All options with index in [9] are selected on object 'Object Repository/Schedule3/Page_KDMC - CMS/select_--Select--Amoxycillin 2'

2018-05-04 18:07:30 - [TEST_STEP][PASSED] - setText: Text '500' is set on object 'Object Repository/Schedule3/Page_KDMC - CMS/input_txttreat'

2018-05-04 18:07:30 - [MESSAGE][PASSED] - Text '500' is set on object 'Object Repository/Schedule3/Page_KDMC - CMS/input_txttreat'

2018-05-04 18:07:30 - [TEST_STEP][PASSED] - click: Object: 'Object Repository/Schedule3/Page_KDMC - CMS/button_Add' is clicked on

2018-05-04 18:07:30 - [MESSAGE][PASSED] - Object: 'Object Repository/Schedule3/Page_KDMC - CMS/button_Add' is clicked on

2018-05-04 18:07:30 - [TEST_STEP][PASSED] - selectOptionByIndex: All options with index in [3] are selected on object 'Object Repository/Schedule3/Page_KDMC - CMS/select_--Select--Schedule 1Inj'

2018-05-04 18:07:31 - [MESSAGE][PASSED] - All options with index in [3] are selected on object 'Object Repository/Schedule3/Page_KDMC - CMS/select_--Select--Schedule 1Inj'

2018-05-04 18:07:31 - [TEST_STEP][PASSED] - selectOptionByIndex: All options with index in [10] are selected on object 'Object Repository/Schedule3/Page_KDMC - CMS/select_--Select--Amoxycillin 2'

2018-05-04 18:07:31 - [MESSAGE][PASSED] - All options with index in [10] are selected on object 'Object Repository/Schedule3/Page_KDMC - CMS/select_--Select--Amoxycillin 2'

2018-05-04 18:07:31 - [TEST_STEP][PASSED] - setText: Text '500' is set on object 'Object Repository/Schedule3/Page_KDMC - CMS/input_txttreat'

2018-05-04 18:07:31 - [MESSAGE][PASSED] - Text '500' is set on object 'Object Repository/Schedule3/Page_KDMC - CMS/input_txttreat'

2018-05-04 18:07:31 - [TEST_STEP][PASSED] - click: Object: 'Object Repository/Schedule3/Page_KDMC - CMS/button_Add' is clicked on

2018-05-04 18:07:31 - [MESSAGE][PASSED] - Object: 'Object Repository/Schedule3/Page_KDMC - CMS/button_Add' is clicked on

2018-05-04 18:07:31 - [TEST_STEP][PASSED] - selectOptionByIndex: All options with index in [3] are selected on object 'Object Repository/Schedule3/Page_KDMC - CMS/select_--Select--Schedule 1Inj'

2018-05-04 18:07:31 - [MESSAGE][PASSED] - All options with index in [3] are selected on object 'Object Repository/Schedule3/Page_KDMC - CMS/select_--Select--Schedule 1Inj'

2018-05-04 18:07:31 - [TEST_STEP][PASSED] - selectOptionByIndex: All options with index in [11] are selected on object 'Object Repository/Schedule3/Page_KDMC - CMS/select_--Select--Amoxycillin 2'

2018-05-04 18:07:32 - [MESSAGE][PASSED] - All options with index in [11] are selected on object 'Object Repository/Schedule3/Page_KDMC - CMS/select_--Select--Amoxycillin 2'

2018-05-04 18:07:32 - [TEST_STEP][PASSED] - setText: Text '500' is set on object 'Object Repository/Schedule3/Page_KDMC - CMS/input_txttreat'

2018-05-04 18:07:32 - [MESSAGE][PASSED] - Text '500' is set on object 'Object Repository/Schedule3/Page_KDMC - CMS/input_txttreat'

2018-05-04 18:07:32 - [TEST_STEP][PASSED] - click: Object: 'Object Repository/Schedule3/Page_KDMC - CMS/button_Add' is clicked on

2018-05-04 18:07:32 - [MESSAGE][PASSED] - Object: 'Object Repository/Schedule3/Page_KDMC - CMS/button_Add' is clicked on

2018-05-04 18:07:32 - [TEST_STEP][PASSED] - selectOptionByIndex: All options with index in [3] are selected on object 'Object Repository/Schedule3/Page_KDMC - CMS/select_--Select--Schedule 1Inj'

2018-05-04 18:07:32 - [MESSAGE][PASSED] - All options with index in [3] are selected on object 'Object Repository/Schedule3/Page_KDMC - CMS/select_--Select--Schedule 1Inj'

2018-05-04 18:07:32 - [TEST_STEP][PASSED] - selectOptionByIndex: All options with index in [12] are selected on object 'Object Repository/Schedule3/Page_KDMC - CMS/select_--Select--Amoxycillin 2'

2018-05-04 18:07:32 - [MESSAGE][PASSED] - All options with index in [12] are selected on object 'Object Repository/Schedule3/Page_KDMC - CMS/select_--Select--Amoxycillin 2'

2018-05-04 18:07:32 - [TEST_STEP][PASSED] - setText: Text '500' is set on object 'Object Repository/Schedule3/Page_KDMC - CMS/input_txttreat'

2018-05-04 18:07:32 - [MESSAGE][PASSED] - Text '500' is set on object 'Object Repository/Schedule3/Page_KDMC - CMS/input_txttreat'

2018-05-04 18:07:32 - [TEST_STEP][PASSED] - click: Object: 'Object Repository/Schedule3/Page_KDMC - CMS/button_Add' is clicked on

2018-05-04 18:07:32 - [MESSAGE][PASSED] - Object: 'Object Repository/Schedule3/Page_KDMC - CMS/button_Add' is clicked on

2018-05-04 18:07:32 - [TEST_STEP][PASSED] - selectOptionByIndex: All options with index in [3] are selected on object 'Object Repository/Schedule3/Page_KDMC - CMS/select_--Select--Schedule 1Inj'

2018-05-04 18:07:33 - [MESSAGE][PASSED] - All options with index in [3] are selected on object 'Object Repository/Schedule3/Page_KDMC - CMS/select_--Select--Schedule 1Inj'

2018-05-04 18:07:33 - [TEST_STEP][PASSED] - selectOptionByIndex: All options with index in [13] are selected on object 'Object Repository/Schedule3/Page_KDMC - CMS/select_--Select--Amoxycillin 2'

2018-05-04 18:07:33 - [MESSAGE][PASSED] - All options with index in [13] are selected on object 'Object Repository/Schedule3/Page_KDMC - CMS/select_--Select--Amoxycillin 2'

2018-05-04 18:07:33 - [TEST_STEP][PASSED] - setText: Text '500' is set on object 'Object Repository/Schedule3/Page_KDMC - CMS/input_txttreat'

2018-05-04 18:07:33 - [MESSAGE][PASSED] - Text '500' is set on object 'Object Repository/Schedule3/Page_KDMC - CMS/input_txttreat'

2018-05-04 18:07:33 - [TEST_STEP][PASSED] - click: Object: 'Object Repository/Schedule3/Page_KDMC - CMS/button_Add' is clicked on

2018-05-04 18:07:33 - [MESSAGE][PASSED] - Object: 'Object Repository/Schedule3/Page_KDMC - CMS/button_Add' is clicked on

2018-05-04 18:07:33 - [TEST_STEP][PASSED] - selectOptionByIndex: All options with index in [3] are selected on object 'Object Repository/Schedule3/Page_KDMC - CMS/select_--Select--Schedule 1Inj'

2018-05-04 18:07:34 - [MESSAGE][PASSED] - All options with index in [3] are selected on object 'Object Repository/Schedule3/Page_KDMC - CMS/select_--Select--Schedule 1Inj'

2018-05-04 18:07:34 - [TEST_STEP][PASSED] - selectOptionByIndex: All options with index in [14] are selected on object 'Object Repository/Schedule3/Page_KDMC - CMS/select_--Select--Amoxycillin 2'

2018-05-04 18:07:34 - [MESSAGE][PASSED] - All options with index in [14] are selected on object 'Object Repository/Schedule3/Page_KDMC - CMS/select_--Select--Amoxycillin 2'

2018-05-04 18:07:34 - [TEST_STEP][FAILED] - setText: Unable to set text '500' of object 'Object Repository/Schedule3/Page_KDMC - CMS/input_txttreat' (Root cause: org.openqa.selenium.WebDriverException: unknown error: cannot focus element
  (Session info: chrome=66.0.3359.139)
  (Driver info: chromedriver=2.35.528161 (5b82f2d2aae0ca24b877009200ced9065a772e73),platform=Windows NT 10.0.16299 x86_64) (WARNING: The server did not provide any stacktrace information)
Command duration or timeout: 0 milliseconds
Build info: version: '3.7.1', revision: '8a0099a', time: '2017-11-06T21:07:36.161Z'
System info: host: 'DESKTOP-BLFTK83', ip: '192.168.71.2', os.name: 'Windows 10', os.arch: 'amd64', os.version: '10.0', java.version: '1.8.0_102'
Driver info: com.kms.katalon.selenium.driver.CChromeDriver
Capabilities {acceptInsecureCerts: false, acceptSslCerts: false, applicationCacheEnabled: false, browserConnectionEnabled: false, browserName: chrome, chrome: {chromedriverVersion: 2.35.528161 (5b82f2d2aae0ca..., userDataDir: C:\Users\QUALIT~1\AppData\L...}, cssSelectorsEnabled: true, databaseEnabled: false, handlesAlerts: true, hasTouchScreen: false, javascriptEnabled: true, locationContextEnabled: true, mobileEmulationEnabled: false, nativeEvents: true, networkConnectionEnabled: false, pageLoadStrategy: normal, platform: XP, platformName: XP, rotatable: false, setWindowRect: true, takesHeapSnapshot: true, takesScreenshot: true, unexpectedAlertBehaviour: , unhandledPromptBehavior: , version: 66.0.3359.139, webStorageEnabled: true}
Session ID: e5108bc4cc74a83e086b01419bc8fdd2)

2018-05-04 18:07:34 - [MESSAGE][FAILED] - Unable to set text '500' of object 'Object Repository/Schedule3/Page_KDMC - CMS/input_txttreat' (Root cause: org.openqa.selenium.WebDriverException: unknown error: cannot focus element
  (Session info: chrome=66.0.3359.139)
  (Driver info: chromedriver=2.35.528161 (5b82f2d2aae0ca24b877009200ced9065a772e73),platform=Windows NT 10.0.16299 x86_64) (WARNING: The server did not provide any stacktrace information)
Command duration or timeout: 0 milliseconds
Build info: version: '3.7.1', revision: '8a0099a', time: '2017-11-06T21:07:36.161Z'
System info: host: 'DESKTOP-BLFTK83', ip: '192.168.71.2', os.name: 'Windows 10', os.arch: 'amd64', os.version: '10.0', java.version: '1.8.0_102'
Driver info: com.kms.katalon.selenium.driver.CChromeDriver
Capabilities {acceptInsecureCerts: false, acceptSslCerts: false, applicationCacheEnabled: false, browserConnectionEnabled: false, browserName: chrome, chrome: {chromedriverVersion: 2.35.528161 (5b82f2d2aae0ca..., userDataDir: C:\Users\QUALIT~1\AppData\L...}, cssSelectorsEnabled: true, databaseEnabled: false, handlesAlerts: true, hasTouchScreen: false, javascriptEnabled: true, locationContextEnabled: true, mobileEmulationEnabled: false, nativeEvents: true, networkConnectionEnabled: false, pageLoadStrategy: normal, platform: XP, platformName: XP, rotatable: false, setWindowRect: true, takesHeapSnapshot: true, takesScreenshot: true, unexpectedAlertBehaviour: , unhandledPromptBehavior: , version: 66.0.3359.139, webStorageEnabled: true}
Session ID: e5108bc4cc74a83e086b01419bc8fdd2)
[[ATTACHMENT|C:\\Users\\Quality Analyst\\Katalon Studio\\ds\\Reports\\Moh_Request\\20180504_180515\\1525437454384.png]]]]></system-out>
         <system-err><![CDATA[2018-05-04 18:07:09 - [TEST_CASE][FAILED] - Test Cases/MOHTOCMSREQUEST/MohRequestSchedule3: Test Cases/MOHTOCMSREQUEST/MohRequestSchedule3 FAILED because (of) Unable to set text '500' of object 'Object Repository/Schedule3/Page_KDMC - CMS/input_txttreat' (Root cause: org.openqa.selenium.WebDriverException: unknown error: cannot focus element
  (Session info: chrome=66.0.3359.139)
  (Driver info: chromedriver=2.35.528161 (5b82f2d2aae0ca24b877009200ced9065a772e73),platform=Windows NT 10.0.16299 x86_64) (WARNING: The server did not provide any stacktrace information)
Command duration or timeout: 0 milliseconds
Build info: version: '3.7.1', revision: '8a0099a', time: '2017-11-06T21:07:36.161Z'
System info: host: 'DESKTOP-BLFTK83', ip: '192.168.71.2', os.name: 'Windows 10', os.arch: 'amd64', os.version: '10.0', java.version: '1.8.0_102'
Driver info: com.kms.katalon.selenium.driver.CChromeDriver
Capabilities {acceptInsecureCerts: false, acceptSslCerts: false, applicationCacheEnabled: false, browserConnectionEnabled: false, browserName: chrome, chrome: {chromedriverVersion: 2.35.528161 (5b82f2d2aae0ca..., userDataDir: C:\Users\QUALIT~1\AppData\L...}, cssSelectorsEnabled: true, databaseEnabled: false, handlesAlerts: true, hasTouchScreen: false, javascriptEnabled: true, locationContextEnabled: true, mobileEmulationEnabled: false, nativeEvents: true, networkConnectionEnabled: false, pageLoadStrategy: normal, platform: XP, platformName: XP, rotatable: false, setWindowRect: true, takesHeapSnapshot: true, takesScreenshot: true, unexpectedAlertBehaviour: , unhandledPromptBehavior: , version: 66.0.3359.139, webStorageEnabled: true}
Session ID: e5108bc4cc74a83e086b01419bc8fdd2)]]></system-err>
      </testcase>
      <testcase name="Test Cases/MOHTOCMSREQUEST/MohRequestSchedule4" classname="Test Cases/MOHTOCMSREQUEST/MohRequestSchedule4" status="PASSED">
         <system-out><![CDATA[2018-05-04 18:07:34 - [TEST_CASE][PASSED] - Test Cases/MOHTOCMSREQUEST/MohRequestSchedule4: Test Cases/MOHTOCMSREQUEST/MohRequestSchedule4

2018-05-04 18:07:34 - [TEST_STEP][PASSED] - openBrowser: Browser is opened with url: ''

2018-05-04 18:07:34 - [MESSAGE][WARNING] - A browser is already opened. Closing browser and opening a new one

2018-05-04 18:07:37 - [MESSAGE][PASSED] - Browser is opened with url: ''

2018-05-04 18:07:37 - [TEST_STEP][PASSED] - navigateToUrl: Navigate to 'http://192.168.137.1/multihospital_new/' successfully

2018-05-04 18:07:39 - [MESSAGE][PASSED] - Navigate to 'http://192.168.137.1/multihospital_new/' successfully

2018-05-04 18:07:39 - [TEST_STEP][PASSED] - maximizeWindow: Current window maximized

2018-05-04 18:07:40 - [MESSAGE][PASSED] - Current window maximized

2018-05-04 18:07:40 - [TEST_STEP][PASSED] - click: Object: 'Object Repository/Schedule4/Page_KDMC/a_CMS' is clicked on

2018-05-04 18:07:40 - [MESSAGE][PASSED] - Object: 'Object Repository/Schedule4/Page_KDMC/a_CMS' is clicked on

2018-05-04 18:07:40 - [TEST_STEP][PASSED] - setText: Text 'bala' is set on object 'Object Repository/Schedule4/Page_CMS login/input_txtusername'

2018-05-04 18:07:41 - [MESSAGE][PASSED] - Text 'bala' is set on object 'Object Repository/Schedule4/Page_CMS login/input_txtusername'

2018-05-04 18:07:41 - [TEST_STEP][PASSED] - setText: Text '123' is set on object 'Object Repository/Schedule4/Page_CMS login/input_txtpassword'

2018-05-04 18:07:41 - [MESSAGE][PASSED] - Text '123' is set on object 'Object Repository/Schedule4/Page_CMS login/input_txtpassword'

2018-05-04 18:07:41 - [TEST_STEP][PASSED] - delay: Delayed 4 second(s)

2018-05-04 18:07:45 - [MESSAGE][PASSED] - Delayed 4 second(s)

2018-05-04 18:07:45 - [TEST_STEP][PASSED] - click: Object: 'Object Repository/Schedule4/Page_CMS login/button_Sign in' is clicked on

2018-05-04 18:07:46 - [MESSAGE][PASSED] - Object: 'Object Repository/Schedule4/Page_CMS login/button_Sign in' is clicked on

2018-05-04 18:07:46 - [TEST_STEP][PASSED] - click: Object: 'Object Repository/Schedule4/Page_KDMC - CMS/a_Request to MOH' is clicked on

2018-05-04 18:07:47 - [MESSAGE][PASSED] - Object: 'Object Repository/Schedule4/Page_KDMC - CMS/a_Request to MOH' is clicked on

2018-05-04 18:07:47 - [TEST_STEP][PASSED] - selectOptionByValue: All options with value 'Weekly/Monthly' are selected in object 'Object Repository/Schedule4/Page_KDMC - CMS/select_--Select--'  using regular expression

2018-05-04 18:07:47 - [MESSAGE][PASSED] - All options with value 'Weekly/Monthly' are selected in object 'Object Repository/Schedule4/Page_KDMC - CMS/select_--Select--'  using regular expression

2018-05-04 18:07:47 - [TEST_STEP][PASSED] - selectOptionByValue: All options with value '4' are selected in object 'Object Repository/Schedule4/Page_KDMC - CMS/select_--Select--Schedule 1Inj'  using regular expression

2018-05-04 18:07:48 - [MESSAGE][PASSED] - All options with value '4' are selected in object 'Object Repository/Schedule4/Page_KDMC - CMS/select_--Select--Schedule 1Inj'  using regular expression

2018-05-04 18:07:48 - [TEST_STEP][PASSED] - Statement - Selectedoptions = com.kms.katalon.core.webui.keyword.WebUiBuiltInKeywords.getNumberOfTotalOption(com.kms.katalon.core.testobject.ObjectRepository.findTestObject(Schedule4/Page_KDMC - CMS/select_--Select--Automatic x-r)): 16 options of object 'Object Repository/Schedule4/Page_KDMC - CMS/select_--Select--Automatic x-r' counted

2018-05-04 18:07:48 - [MESSAGE][PASSED] - 16 options of object 'Object Repository/Schedule4/Page_KDMC - CMS/select_--Select--Automatic x-r' counted

2018-05-04 18:07:48 - [TEST_STEP][PASSED] - Statement - For ([j = 1, j <= Selectedoptions - 1, (j++)]): Object: 'Object Repository/Schedule4/Page_KDMC - CMS/button_Add' is clicked on

2018-05-04 18:07:48 - [TEST_STEP][PASSED] - selectOptionByValue: All options with value '4' are selected in object 'Object Repository/Schedule4/Page_KDMC - CMS/select_--Select--Schedule 1Inj'  using regular expression

2018-05-04 18:07:48 - [MESSAGE][PASSED] - All options with value '4' are selected in object 'Object Repository/Schedule4/Page_KDMC - CMS/select_--Select--Schedule 1Inj'  using regular expression

2018-05-04 18:07:48 - [TEST_STEP][PASSED] - selectOptionByIndex: All options with index in [1] are selected on object 'Object Repository/Schedule4/Page_KDMC - CMS/select_--Select--Automatic x-r'

2018-05-04 18:07:48 - [MESSAGE][PASSED] - All options with index in [1] are selected on object 'Object Repository/Schedule4/Page_KDMC - CMS/select_--Select--Automatic x-r'

2018-05-04 18:07:48 - [TEST_STEP][PASSED] - setText: Text '5000' is set on object 'Object Repository/Schedule4/Page_KDMC - CMS/input_txttreat'

2018-05-04 18:07:48 - [MESSAGE][PASSED] - Text '5000' is set on object 'Object Repository/Schedule4/Page_KDMC - CMS/input_txttreat'

2018-05-04 18:07:48 - [TEST_STEP][PASSED] - click: Object: 'Object Repository/Schedule4/Page_KDMC - CMS/button_Add' is clicked on

2018-05-04 18:07:48 - [MESSAGE][PASSED] - Object: 'Object Repository/Schedule4/Page_KDMC - CMS/button_Add' is clicked on

2018-05-04 18:07:48 - [TEST_STEP][PASSED] - selectOptionByValue: All options with value '4' are selected in object 'Object Repository/Schedule4/Page_KDMC - CMS/select_--Select--Schedule 1Inj'  using regular expression

2018-05-04 18:07:49 - [MESSAGE][PASSED] - All options with value '4' are selected in object 'Object Repository/Schedule4/Page_KDMC - CMS/select_--Select--Schedule 1Inj'  using regular expression

2018-05-04 18:07:49 - [TEST_STEP][PASSED] - selectOptionByIndex: All options with index in [2] are selected on object 'Object Repository/Schedule4/Page_KDMC - CMS/select_--Select--Automatic x-r'

2018-05-04 18:07:49 - [MESSAGE][PASSED] - All options with index in [2] are selected on object 'Object Repository/Schedule4/Page_KDMC - CMS/select_--Select--Automatic x-r'

2018-05-04 18:07:49 - [TEST_STEP][PASSED] - setText: Text '5000' is set on object 'Object Repository/Schedule4/Page_KDMC - CMS/input_txttreat'

2018-05-04 18:07:49 - [MESSAGE][PASSED] - Text '5000' is set on object 'Object Repository/Schedule4/Page_KDMC - CMS/input_txttreat'

2018-05-04 18:07:49 - [TEST_STEP][PASSED] - click: Object: 'Object Repository/Schedule4/Page_KDMC - CMS/button_Add' is clicked on

2018-05-04 18:07:49 - [MESSAGE][PASSED] - Object: 'Object Repository/Schedule4/Page_KDMC - CMS/button_Add' is clicked on

2018-05-04 18:07:49 - [TEST_STEP][PASSED] - selectOptionByValue: All options with value '4' are selected in object 'Object Repository/Schedule4/Page_KDMC - CMS/select_--Select--Schedule 1Inj'  using regular expression

2018-05-04 18:07:49 - [MESSAGE][PASSED] - All options with value '4' are selected in object 'Object Repository/Schedule4/Page_KDMC - CMS/select_--Select--Schedule 1Inj'  using regular expression

2018-05-04 18:07:49 - [TEST_STEP][PASSED] - selectOptionByIndex: All options with index in [3] are selected on object 'Object Repository/Schedule4/Page_KDMC - CMS/select_--Select--Automatic x-r'

2018-05-04 18:07:49 - [MESSAGE][PASSED] - All options with index in [3] are selected on object 'Object Repository/Schedule4/Page_KDMC - CMS/select_--Select--Automatic x-r'

2018-05-04 18:07:49 - [TEST_STEP][PASSED] - setText: Text '5000' is set on object 'Object Repository/Schedule4/Page_KDMC - CMS/input_txttreat'

2018-05-04 18:07:49 - [MESSAGE][PASSED] - Text '5000' is set on object 'Object Repository/Schedule4/Page_KDMC - CMS/input_txttreat'

2018-05-04 18:07:49 - [TEST_STEP][PASSED] - click: Object: 'Object Repository/Schedule4/Page_KDMC - CMS/button_Add' is clicked on

2018-05-04 18:07:49 - [MESSAGE][PASSED] - Object: 'Object Repository/Schedule4/Page_KDMC - CMS/button_Add' is clicked on

2018-05-04 18:07:49 - [TEST_STEP][PASSED] - selectOptionByValue: All options with value '4' are selected in object 'Object Repository/Schedule4/Page_KDMC - CMS/select_--Select--Schedule 1Inj'  using regular expression

2018-05-04 18:07:50 - [MESSAGE][PASSED] - All options with value '4' are selected in object 'Object Repository/Schedule4/Page_KDMC - CMS/select_--Select--Schedule 1Inj'  using regular expression

2018-05-04 18:07:50 - [TEST_STEP][PASSED] - selectOptionByIndex: All options with index in [4] are selected on object 'Object Repository/Schedule4/Page_KDMC - CMS/select_--Select--Automatic x-r'

2018-05-04 18:07:50 - [MESSAGE][PASSED] - All options with index in [4] are selected on object 'Object Repository/Schedule4/Page_KDMC - CMS/select_--Select--Automatic x-r'

2018-05-04 18:07:50 - [TEST_STEP][PASSED] - setText: Text '5000' is set on object 'Object Repository/Schedule4/Page_KDMC - CMS/input_txttreat'

2018-05-04 18:07:50 - [MESSAGE][PASSED] - Text '5000' is set on object 'Object Repository/Schedule4/Page_KDMC - CMS/input_txttreat'

2018-05-04 18:07:50 - [TEST_STEP][PASSED] - click: Object: 'Object Repository/Schedule4/Page_KDMC - CMS/button_Add' is clicked on

2018-05-04 18:07:50 - [MESSAGE][PASSED] - Object: 'Object Repository/Schedule4/Page_KDMC - CMS/button_Add' is clicked on

2018-05-04 18:07:50 - [TEST_STEP][PASSED] - selectOptionByValue: All options with value '4' are selected in object 'Object Repository/Schedule4/Page_KDMC - CMS/select_--Select--Schedule 1Inj'  using regular expression

2018-05-04 18:07:50 - [MESSAGE][PASSED] - All options with value '4' are selected in object 'Object Repository/Schedule4/Page_KDMC - CMS/select_--Select--Schedule 1Inj'  using regular expression

2018-05-04 18:07:50 - [TEST_STEP][PASSED] - selectOptionByIndex: All options with index in [5] are selected on object 'Object Repository/Schedule4/Page_KDMC - CMS/select_--Select--Automatic x-r'

2018-05-04 18:07:50 - [MESSAGE][PASSED] - All options with index in [5] are selected on object 'Object Repository/Schedule4/Page_KDMC - CMS/select_--Select--Automatic x-r'

2018-05-04 18:07:50 - [TEST_STEP][PASSED] - setText: Text '5000' is set on object 'Object Repository/Schedule4/Page_KDMC - CMS/input_txttreat'

2018-05-04 18:07:51 - [MESSAGE][PASSED] - Text '5000' is set on object 'Object Repository/Schedule4/Page_KDMC - CMS/input_txttreat'

2018-05-04 18:07:51 - [TEST_STEP][PASSED] - click: Object: 'Object Repository/Schedule4/Page_KDMC - CMS/button_Add' is clicked on

2018-05-04 18:07:51 - [MESSAGE][PASSED] - Object: 'Object Repository/Schedule4/Page_KDMC - CMS/button_Add' is clicked on

2018-05-04 18:07:51 - [TEST_STEP][PASSED] - selectOptionByValue: All options with value '4' are selected in object 'Object Repository/Schedule4/Page_KDMC - CMS/select_--Select--Schedule 1Inj'  using regular expression

2018-05-04 18:07:51 - [MESSAGE][PASSED] - All options with value '4' are selected in object 'Object Repository/Schedule4/Page_KDMC - CMS/select_--Select--Schedule 1Inj'  using regular expression

2018-05-04 18:07:51 - [TEST_STEP][PASSED] - selectOptionByIndex: All options with index in [6] are selected on object 'Object Repository/Schedule4/Page_KDMC - CMS/select_--Select--Automatic x-r'

2018-05-04 18:07:51 - [MESSAGE][PASSED] - All options with index in [6] are selected on object 'Object Repository/Schedule4/Page_KDMC - CMS/select_--Select--Automatic x-r'

2018-05-04 18:07:51 - [TEST_STEP][PASSED] - setText: Text '5000' is set on object 'Object Repository/Schedule4/Page_KDMC - CMS/input_txttreat'

2018-05-04 18:07:51 - [MESSAGE][PASSED] - Text '5000' is set on object 'Object Repository/Schedule4/Page_KDMC - CMS/input_txttreat'

2018-05-04 18:07:51 - [TEST_STEP][PASSED] - click: Object: 'Object Repository/Schedule4/Page_KDMC - CMS/button_Add' is clicked on

2018-05-04 18:07:51 - [MESSAGE][PASSED] - Object: 'Object Repository/Schedule4/Page_KDMC - CMS/button_Add' is clicked on

2018-05-04 18:07:51 - [TEST_STEP][PASSED] - selectOptionByValue: All options with value '4' are selected in object 'Object Repository/Schedule4/Page_KDMC - CMS/select_--Select--Schedule 1Inj'  using regular expression

2018-05-04 18:07:51 - [MESSAGE][PASSED] - All options with value '4' are selected in object 'Object Repository/Schedule4/Page_KDMC - CMS/select_--Select--Schedule 1Inj'  using regular expression

2018-05-04 18:07:51 - [TEST_STEP][PASSED] - selectOptionByIndex: All options with index in [7] are selected on object 'Object Repository/Schedule4/Page_KDMC - CMS/select_--Select--Automatic x-r'

2018-05-04 18:07:52 - [MESSAGE][PASSED] - All options with index in [7] are selected on object 'Object Repository/Schedule4/Page_KDMC - CMS/select_--Select--Automatic x-r'

2018-05-04 18:07:52 - [TEST_STEP][PASSED] - setText: Text '5000' is set on object 'Object Repository/Schedule4/Page_KDMC - CMS/input_txttreat'

2018-05-04 18:07:52 - [MESSAGE][PASSED] - Text '5000' is set on object 'Object Repository/Schedule4/Page_KDMC - CMS/input_txttreat'

2018-05-04 18:07:52 - [TEST_STEP][PASSED] - click: Object: 'Object Repository/Schedule4/Page_KDMC - CMS/button_Add' is clicked on

2018-05-04 18:07:52 - [MESSAGE][PASSED] - Object: 'Object Repository/Schedule4/Page_KDMC - CMS/button_Add' is clicked on

2018-05-04 18:07:52 - [TEST_STEP][PASSED] - selectOptionByValue: All options with value '4' are selected in object 'Object Repository/Schedule4/Page_KDMC - CMS/select_--Select--Schedule 1Inj'  using regular expression

2018-05-04 18:07:52 - [MESSAGE][PASSED] - All options with value '4' are selected in object 'Object Repository/Schedule4/Page_KDMC - CMS/select_--Select--Schedule 1Inj'  using regular expression

2018-05-04 18:07:52 - [TEST_STEP][PASSED] - selectOptionByIndex: All options with index in [8] are selected on object 'Object Repository/Schedule4/Page_KDMC - CMS/select_--Select--Automatic x-r'

2018-05-04 18:07:52 - [MESSAGE][PASSED] - All options with index in [8] are selected on object 'Object Repository/Schedule4/Page_KDMC - CMS/select_--Select--Automatic x-r'

2018-05-04 18:07:52 - [TEST_STEP][PASSED] - setText: Text '5000' is set on object 'Object Repository/Schedule4/Page_KDMC - CMS/input_txttreat'

2018-05-04 18:07:52 - [MESSAGE][PASSED] - Text '5000' is set on object 'Object Repository/Schedule4/Page_KDMC - CMS/input_txttreat'

2018-05-04 18:07:52 - [TEST_STEP][PASSED] - click: Object: 'Object Repository/Schedule4/Page_KDMC - CMS/button_Add' is clicked on

2018-05-04 18:07:52 - [MESSAGE][PASSED] - Object: 'Object Repository/Schedule4/Page_KDMC - CMS/button_Add' is clicked on

2018-05-04 18:07:52 - [TEST_STEP][PASSED] - selectOptionByValue: All options with value '4' are selected in object 'Object Repository/Schedule4/Page_KDMC - CMS/select_--Select--Schedule 1Inj'  using regular expression

2018-05-04 18:07:53 - [MESSAGE][PASSED] - All options with value '4' are selected in object 'Object Repository/Schedule4/Page_KDMC - CMS/select_--Select--Schedule 1Inj'  using regular expression

2018-05-04 18:07:53 - [TEST_STEP][PASSED] - selectOptionByIndex: All options with index in [9] are selected on object 'Object Repository/Schedule4/Page_KDMC - CMS/select_--Select--Automatic x-r'

2018-05-04 18:07:53 - [MESSAGE][PASSED] - All options with index in [9] are selected on object 'Object Repository/Schedule4/Page_KDMC - CMS/select_--Select--Automatic x-r'

2018-05-04 18:07:53 - [TEST_STEP][PASSED] - setText: Text '5000' is set on object 'Object Repository/Schedule4/Page_KDMC - CMS/input_txttreat'

2018-05-04 18:07:53 - [MESSAGE][PASSED] - Text '5000' is set on object 'Object Repository/Schedule4/Page_KDMC - CMS/input_txttreat'

2018-05-04 18:07:53 - [TEST_STEP][PASSED] - click: Object: 'Object Repository/Schedule4/Page_KDMC - CMS/button_Add' is clicked on

2018-05-04 18:07:53 - [MESSAGE][PASSED] - Object: 'Object Repository/Schedule4/Page_KDMC - CMS/button_Add' is clicked on

2018-05-04 18:07:53 - [TEST_STEP][PASSED] - selectOptionByValue: All options with value '4' are selected in object 'Object Repository/Schedule4/Page_KDMC - CMS/select_--Select--Schedule 1Inj'  using regular expression

2018-05-04 18:07:53 - [MESSAGE][PASSED] - All options with value '4' are selected in object 'Object Repository/Schedule4/Page_KDMC - CMS/select_--Select--Schedule 1Inj'  using regular expression

2018-05-04 18:07:53 - [TEST_STEP][PASSED] - selectOptionByIndex: All options with index in [10] are selected on object 'Object Repository/Schedule4/Page_KDMC - CMS/select_--Select--Automatic x-r'

2018-05-04 18:07:53 - [MESSAGE][PASSED] - All options with index in [10] are selected on object 'Object Repository/Schedule4/Page_KDMC - CMS/select_--Select--Automatic x-r'

2018-05-04 18:07:53 - [TEST_STEP][PASSED] - setText: Text '5000' is set on object 'Object Repository/Schedule4/Page_KDMC - CMS/input_txttreat'

2018-05-04 18:07:54 - [MESSAGE][PASSED] - Text '5000' is set on object 'Object Repository/Schedule4/Page_KDMC - CMS/input_txttreat'

2018-05-04 18:07:54 - [TEST_STEP][PASSED] - click: Object: 'Object Repository/Schedule4/Page_KDMC - CMS/button_Add' is clicked on

2018-05-04 18:07:54 - [MESSAGE][PASSED] - Object: 'Object Repository/Schedule4/Page_KDMC - CMS/button_Add' is clicked on

2018-05-04 18:07:54 - [TEST_STEP][PASSED] - selectOptionByValue: All options with value '4' are selected in object 'Object Repository/Schedule4/Page_KDMC - CMS/select_--Select--Schedule 1Inj'  using regular expression

2018-05-04 18:07:54 - [MESSAGE][PASSED] - All options with value '4' are selected in object 'Object Repository/Schedule4/Page_KDMC - CMS/select_--Select--Schedule 1Inj'  using regular expression

2018-05-04 18:07:54 - [TEST_STEP][PASSED] - selectOptionByIndex: All options with index in [11] are selected on object 'Object Repository/Schedule4/Page_KDMC - CMS/select_--Select--Automatic x-r'

2018-05-04 18:07:54 - [MESSAGE][PASSED] - All options with index in [11] are selected on object 'Object Repository/Schedule4/Page_KDMC - CMS/select_--Select--Automatic x-r'

2018-05-04 18:07:54 - [TEST_STEP][PASSED] - setText: Text '5000' is set on object 'Object Repository/Schedule4/Page_KDMC - CMS/input_txttreat'

2018-05-04 18:07:54 - [MESSAGE][PASSED] - Text '5000' is set on object 'Object Repository/Schedule4/Page_KDMC - CMS/input_txttreat'

2018-05-04 18:07:54 - [TEST_STEP][PASSED] - click: Object: 'Object Repository/Schedule4/Page_KDMC - CMS/button_Add' is clicked on

2018-05-04 18:07:54 - [MESSAGE][PASSED] - Object: 'Object Repository/Schedule4/Page_KDMC - CMS/button_Add' is clicked on

2018-05-04 18:07:54 - [TEST_STEP][PASSED] - selectOptionByValue: All options with value '4' are selected in object 'Object Repository/Schedule4/Page_KDMC - CMS/select_--Select--Schedule 1Inj'  using regular expression

2018-05-04 18:07:54 - [MESSAGE][PASSED] - All options with value '4' are selected in object 'Object Repository/Schedule4/Page_KDMC - CMS/select_--Select--Schedule 1Inj'  using regular expression

2018-05-04 18:07:54 - [TEST_STEP][PASSED] - selectOptionByIndex: All options with index in [12] are selected on object 'Object Repository/Schedule4/Page_KDMC - CMS/select_--Select--Automatic x-r'

2018-05-04 18:07:55 - [MESSAGE][PASSED] - All options with index in [12] are selected on object 'Object Repository/Schedule4/Page_KDMC - CMS/select_--Select--Automatic x-r'

2018-05-04 18:07:55 - [TEST_STEP][PASSED] - setText: Text '5000' is set on object 'Object Repository/Schedule4/Page_KDMC - CMS/input_txttreat'

2018-05-04 18:07:55 - [MESSAGE][PASSED] - Text '5000' is set on object 'Object Repository/Schedule4/Page_KDMC - CMS/input_txttreat'

2018-05-04 18:07:55 - [TEST_STEP][PASSED] - click: Object: 'Object Repository/Schedule4/Page_KDMC - CMS/button_Add' is clicked on

2018-05-04 18:07:55 - [MESSAGE][PASSED] - Object: 'Object Repository/Schedule4/Page_KDMC - CMS/button_Add' is clicked on

2018-05-04 18:07:55 - [TEST_STEP][PASSED] - selectOptionByValue: All options with value '4' are selected in object 'Object Repository/Schedule4/Page_KDMC - CMS/select_--Select--Schedule 1Inj'  using regular expression

2018-05-04 18:07:55 - [MESSAGE][PASSED] - All options with value '4' are selected in object 'Object Repository/Schedule4/Page_KDMC - CMS/select_--Select--Schedule 1Inj'  using regular expression

2018-05-04 18:08:08 - [TEST_STEP][PASSED] - selectOptionByIndex: All options with index in [13] are selected on object 'Object Repository/Schedule4/Page_KDMC - CMS/select_--Select--Automatic x-r'

2018-05-04 18:08:08 - [MESSAGE][PASSED] - All options with index in [13] are selected on object 'Object Repository/Schedule4/Page_KDMC - CMS/select_--Select--Automatic x-r'

2018-05-04 18:08:08 - [TEST_STEP][PASSED] - setText: Text '5000' is set on object 'Object Repository/Schedule4/Page_KDMC - CMS/input_txttreat'

2018-05-04 18:08:08 - [MESSAGE][PASSED] - Text '5000' is set on object 'Object Repository/Schedule4/Page_KDMC - CMS/input_txttreat'

2018-05-04 18:08:08 - [TEST_STEP][PASSED] - click: Object: 'Object Repository/Schedule4/Page_KDMC - CMS/button_Add' is clicked on

2018-05-04 18:08:08 - [MESSAGE][PASSED] - Object: 'Object Repository/Schedule4/Page_KDMC - CMS/button_Add' is clicked on

2018-05-04 18:08:08 - [TEST_STEP][PASSED] - selectOptionByValue: All options with value '4' are selected in object 'Object Repository/Schedule4/Page_KDMC - CMS/select_--Select--Schedule 1Inj'  using regular expression

2018-05-04 18:08:09 - [MESSAGE][PASSED] - All options with value '4' are selected in object 'Object Repository/Schedule4/Page_KDMC - CMS/select_--Select--Schedule 1Inj'  using regular expression

2018-05-04 18:08:09 - [TEST_STEP][PASSED] - selectOptionByIndex: All options with index in [14] are selected on object 'Object Repository/Schedule4/Page_KDMC - CMS/select_--Select--Automatic x-r'

2018-05-04 18:08:09 - [MESSAGE][PASSED] - All options with index in [14] are selected on object 'Object Repository/Schedule4/Page_KDMC - CMS/select_--Select--Automatic x-r'

2018-05-04 18:08:09 - [TEST_STEP][PASSED] - setText: Text '5000' is set on object 'Object Repository/Schedule4/Page_KDMC - CMS/input_txttreat'

2018-05-04 18:08:09 - [MESSAGE][PASSED] - Text '5000' is set on object 'Object Repository/Schedule4/Page_KDMC - CMS/input_txttreat'

2018-05-04 18:08:09 - [TEST_STEP][PASSED] - click: Object: 'Object Repository/Schedule4/Page_KDMC - CMS/button_Add' is clicked on

2018-05-04 18:08:09 - [MESSAGE][PASSED] - Object: 'Object Repository/Schedule4/Page_KDMC - CMS/button_Add' is clicked on

2018-05-04 18:08:09 - [TEST_STEP][PASSED] - selectOptionByValue: All options with value '4' are selected in object 'Object Repository/Schedule4/Page_KDMC - CMS/select_--Select--Schedule 1Inj'  using regular expression

2018-05-04 18:08:09 - [MESSAGE][PASSED] - All options with value '4' are selected in object 'Object Repository/Schedule4/Page_KDMC - CMS/select_--Select--Schedule 1Inj'  using regular expression

2018-05-04 18:08:09 - [TEST_STEP][PASSED] - selectOptionByIndex: All options with index in [15] are selected on object 'Object Repository/Schedule4/Page_KDMC - CMS/select_--Select--Automatic x-r'

2018-05-04 18:08:10 - [MESSAGE][PASSED] - All options with index in [15] are selected on object 'Object Repository/Schedule4/Page_KDMC - CMS/select_--Select--Automatic x-r'

2018-05-04 18:08:10 - [TEST_STEP][PASSED] - setText: Text '5000' is set on object 'Object Repository/Schedule4/Page_KDMC - CMS/input_txttreat'

2018-05-04 18:08:10 - [MESSAGE][PASSED] - Text '5000' is set on object 'Object Repository/Schedule4/Page_KDMC - CMS/input_txttreat'

2018-05-04 18:08:10 - [TEST_STEP][PASSED] - click: Object: 'Object Repository/Schedule4/Page_KDMC - CMS/button_Add' is clicked on

2018-05-04 18:08:10 - [MESSAGE][PASSED] - Object: 'Object Repository/Schedule4/Page_KDMC - CMS/button_Add' is clicked on

2018-05-04 18:08:10 - [TEST_STEP][PASSED] - scrollToElement: Scroll to object 'Object Repository/Schedule4/Page_KDMC - CMS/input_btnsave' successfully

2018-05-04 18:08:10 - [MESSAGE][PASSED] - Scroll to object 'Object Repository/Schedule4/Page_KDMC - CMS/input_btnsave' successfully

2018-05-04 18:08:10 - [TEST_STEP][PASSED] - click: Object: 'Object Repository/Schedule4/Page_KDMC - CMS/input_btnsave' is clicked on

2018-05-04 18:08:10 - [MESSAGE][PASSED] - Object: 'Object Repository/Schedule4/Page_KDMC - CMS/input_btnsave' is clicked on

2018-05-04 18:08:10 - [TEST_STEP][PASSED] - delay: Delayed 3 second(s)

2018-05-04 18:08:13 - [MESSAGE][PASSED] - Delayed 3 second(s)

2018-05-04 18:08:13 - [TEST_STEP][PASSED] - click: Object: 'Object Repository/Schedule4/Page_KDMC - CMS/button_OK' is clicked on

2018-05-04 18:08:13 - [MESSAGE][PASSED] - Object: 'Object Repository/Schedule4/Page_KDMC - CMS/button_OK' is clicked on

2018-05-04 18:08:13 - [TEST_STEP][PASSED] - delay: Delayed 3 second(s)

2018-05-04 18:08:16 - [MESSAGE][PASSED] - Delayed 3 second(s)

2018-05-04 18:08:16 - [TEST_STEP][PASSED] - click: Object: 'Object Repository/Schedule4/Page_KDMC - CMS/a_dropdown-toggle' is clicked on

2018-05-04 18:08:16 - [MESSAGE][PASSED] - Object: 'Object Repository/Schedule4/Page_KDMC - CMS/a_dropdown-toggle' is clicked on

2018-05-04 18:08:16 - [TEST_STEP][PASSED] - delay: Delayed 3 second(s)

2018-05-04 18:08:19 - [MESSAGE][PASSED] - Delayed 3 second(s)

2018-05-04 18:08:19 - [TEST_STEP][PASSED] - click: Object: 'Object Repository/Schedule4/Page_KDMC - CMS/a_Sign out' is clicked on

2018-05-04 18:08:20 - [MESSAGE][PASSED] - Object: 'Object Repository/Schedule4/Page_KDMC - CMS/a_Sign out' is clicked on

2018-05-04 18:08:20 - [TEST_STEP][PASSED] - closeBrowser: Browser is closed

2018-05-04 18:08:20 - [MESSAGE][PASSED] - Browser is closed]]></system-out>
         <system-err><![CDATA[]]></system-err>
      </testcase>
      <testcase name="Test Cases/MOHTOCMSREQUEST/MohRequestSchedule5" classname="Test Cases/MOHTOCMSREQUEST/MohRequestSchedule5" status="PASSED">
         <system-out><![CDATA[2018-05-04 18:08:20 - [TEST_CASE][PASSED] - Test Cases/MOHTOCMSREQUEST/MohRequestSchedule5: Test Cases/MOHTOCMSREQUEST/MohRequestSchedule5

2018-05-04 18:08:20 - [TEST_STEP][PASSED] - openBrowser: Browser is opened with url: ''

2018-05-04 18:08:22 - [MESSAGE][PASSED] - Browser is opened with url: ''

2018-05-04 18:08:22 - [TEST_STEP][PASSED] - navigateToUrl: Navigate to 'http://192.168.137.1/multihospital_new/' successfully

2018-05-04 18:08:24 - [MESSAGE][PASSED] - Navigate to 'http://192.168.137.1/multihospital_new/' successfully

2018-05-04 18:08:24 - [TEST_STEP][PASSED] - maximizeWindow: Current window maximized

2018-05-04 18:08:26 - [MESSAGE][PASSED] - Current window maximized

2018-05-04 18:08:26 - [TEST_STEP][PASSED] - click: Object: 'Object Repository/Schedule5/Page_KDMC/a_CMS' is clicked on

2018-05-04 18:08:26 - [MESSAGE][PASSED] - Object: 'Object Repository/Schedule5/Page_KDMC/a_CMS' is clicked on

2018-05-04 18:08:26 - [TEST_STEP][PASSED] - setText: Text 'bala' is set on object 'Object Repository/Schedule5/Page_CMS login/input_txtusername'

2018-05-04 18:08:26 - [MESSAGE][PASSED] - Text 'bala' is set on object 'Object Repository/Schedule5/Page_CMS login/input_txtusername'

2018-05-04 18:08:26 - [TEST_STEP][PASSED] - setText: Text '123' is set on object 'Object Repository/Schedule5/Page_CMS login/input_txtpassword'

2018-05-04 18:08:26 - [MESSAGE][PASSED] - Text '123' is set on object 'Object Repository/Schedule5/Page_CMS login/input_txtpassword'

2018-05-04 18:08:26 - [TEST_STEP][PASSED] - delay: Delayed 4 second(s)

2018-05-04 18:08:30 - [MESSAGE][PASSED] - Delayed 4 second(s)

2018-05-04 18:08:30 - [TEST_STEP][PASSED] - click: Object: 'Object Repository/Schedule5/Page_CMS login/button_Sign in' is clicked on

2018-05-04 18:08:32 - [MESSAGE][PASSED] - Object: 'Object Repository/Schedule5/Page_CMS login/button_Sign in' is clicked on

2018-05-04 18:08:32 - [TEST_STEP][PASSED] - click: Object: 'Object Repository/Schedule5/Page_KDMC - CMS/a_Request to MOH' is clicked on

2018-05-04 18:08:32 - [MESSAGE][PASSED] - Object: 'Object Repository/Schedule5/Page_KDMC - CMS/a_Request to MOH' is clicked on

2018-05-04 18:08:32 - [TEST_STEP][PASSED] - selectOptionByIndex: All options with index in [1] are selected on object 'Object Repository/Schedule5/Page_KDMC - CMS/select_--Select--'

2018-05-04 18:08:32 - [MESSAGE][PASSED] - All options with index in [1] are selected on object 'Object Repository/Schedule5/Page_KDMC - CMS/select_--Select--'

2018-05-04 18:08:32 - [TEST_STEP][PASSED] - selectOptionByIndex: All options with index in [5] are selected on object 'Object Repository/Schedule5/Page_KDMC - CMS/select_--Select--Schedule 1Inj'

2018-05-04 18:08:32 - [MESSAGE][PASSED] - All options with index in [5] are selected on object 'Object Repository/Schedule5/Page_KDMC - CMS/select_--Select--Schedule 1Inj'

2018-05-04 18:08:32 - [TEST_STEP][PASSED] - Statement - SelectOptions = com.kms.katalon.core.webui.keyword.WebUiBuiltInKeywords.getNumberOfTotalOption(com.kms.katalon.core.testobject.ObjectRepository.findTestObject(Schedule5/Page_KDMC - CMS/select_--Select--Schedule 1Inj)): 15 options of object 'Object Repository/Schedule5/Page_KDMC - CMS/select_--Select--Schedule 1Inj' counted

2018-05-04 18:08:32 - [MESSAGE][PASSED] - 15 options of object 'Object Repository/Schedule5/Page_KDMC - CMS/select_--Select--Schedule 1Inj' counted

2018-05-04 18:08:32 - [TEST_STEP][PASSED] - Statement - For ([q = 1, q < SelectOptions, (q++)]): Object: 'Object Repository/Schedule5/Page_KDMC - CMS/button_Add' is clicked on

2018-05-04 18:08:32 - [TEST_STEP][PASSED] - selectOptionByIndex: All options with index in [5] are selected on object 'Object Repository/Schedule5/Page_KDMC - CMS/select_--Select--Schedule 1Inj'

2018-05-04 18:08:33 - [MESSAGE][PASSED] - All options with index in [5] are selected on object 'Object Repository/Schedule5/Page_KDMC - CMS/select_--Select--Schedule 1Inj'

2018-05-04 18:08:33 - [TEST_STEP][PASSED] - selectOptionByIndex: All options with index in [1] are selected on object 'Object Repository/Schedule5/Page_KDMC - CMS/select_--Select--Alcohol Rub i'

2018-05-04 18:08:33 - [MESSAGE][PASSED] - All options with index in [1] are selected on object 'Object Repository/Schedule5/Page_KDMC - CMS/select_--Select--Alcohol Rub i'

2018-05-04 18:08:33 - [TEST_STEP][PASSED] - setText: Text '5000' is set on object 'Object Repository/Schedule5/Page_KDMC - CMS/input_txttreat'

2018-05-04 18:08:33 - [MESSAGE][PASSED] - Text '5000' is set on object 'Object Repository/Schedule5/Page_KDMC - CMS/input_txttreat'

2018-05-04 18:08:33 - [TEST_STEP][PASSED] - click: Object: 'Object Repository/Schedule5/Page_KDMC - CMS/button_Add' is clicked on

2018-05-04 18:08:33 - [MESSAGE][PASSED] - Object: 'Object Repository/Schedule5/Page_KDMC - CMS/button_Add' is clicked on

2018-05-04 18:08:33 - [TEST_STEP][PASSED] - selectOptionByIndex: All options with index in [5] are selected on object 'Object Repository/Schedule5/Page_KDMC - CMS/select_--Select--Schedule 1Inj'

2018-05-04 18:08:33 - [MESSAGE][PASSED] - All options with index in [5] are selected on object 'Object Repository/Schedule5/Page_KDMC - CMS/select_--Select--Schedule 1Inj'

2018-05-04 18:08:33 - [TEST_STEP][PASSED] - selectOptionByIndex: All options with index in [2] are selected on object 'Object Repository/Schedule5/Page_KDMC - CMS/select_--Select--Alcohol Rub i'

2018-05-04 18:08:34 - [MESSAGE][PASSED] - All options with index in [2] are selected on object 'Object Repository/Schedule5/Page_KDMC - CMS/select_--Select--Alcohol Rub i'

2018-05-04 18:08:34 - [TEST_STEP][PASSED] - setText: Text '5000' is set on object 'Object Repository/Schedule5/Page_KDMC - CMS/input_txttreat'

2018-05-04 18:08:34 - [MESSAGE][PASSED] - Text '5000' is set on object 'Object Repository/Schedule5/Page_KDMC - CMS/input_txttreat'

2018-05-04 18:08:34 - [TEST_STEP][PASSED] - click: Object: 'Object Repository/Schedule5/Page_KDMC - CMS/button_Add' is clicked on

2018-05-04 18:08:34 - [MESSAGE][PASSED] - Object: 'Object Repository/Schedule5/Page_KDMC - CMS/button_Add' is clicked on

2018-05-04 18:08:34 - [TEST_STEP][PASSED] - selectOptionByIndex: All options with index in [5] are selected on object 'Object Repository/Schedule5/Page_KDMC - CMS/select_--Select--Schedule 1Inj'

2018-05-04 18:08:34 - [MESSAGE][PASSED] - All options with index in [5] are selected on object 'Object Repository/Schedule5/Page_KDMC - CMS/select_--Select--Schedule 1Inj'

2018-05-04 18:08:34 - [TEST_STEP][PASSED] - selectOptionByIndex: All options with index in [3] are selected on object 'Object Repository/Schedule5/Page_KDMC - CMS/select_--Select--Alcohol Rub i'

2018-05-04 18:08:34 - [MESSAGE][PASSED] - All options with index in [3] are selected on object 'Object Repository/Schedule5/Page_KDMC - CMS/select_--Select--Alcohol Rub i'

2018-05-04 18:08:34 - [TEST_STEP][PASSED] - setText: Text '5000' is set on object 'Object Repository/Schedule5/Page_KDMC - CMS/input_txttreat'

2018-05-04 18:08:34 - [MESSAGE][PASSED] - Text '5000' is set on object 'Object Repository/Schedule5/Page_KDMC - CMS/input_txttreat'

2018-05-04 18:08:34 - [TEST_STEP][PASSED] - click: Object: 'Object Repository/Schedule5/Page_KDMC - CMS/button_Add' is clicked on

2018-05-04 18:08:34 - [MESSAGE][PASSED] - Object: 'Object Repository/Schedule5/Page_KDMC - CMS/button_Add' is clicked on

2018-05-04 18:08:34 - [TEST_STEP][PASSED] - selectOptionByIndex: All options with index in [5] are selected on object 'Object Repository/Schedule5/Page_KDMC - CMS/select_--Select--Schedule 1Inj'

2018-05-04 18:08:34 - [MESSAGE][PASSED] - All options with index in [5] are selected on object 'Object Repository/Schedule5/Page_KDMC - CMS/select_--Select--Schedule 1Inj'

2018-05-04 18:08:34 - [TEST_STEP][PASSED] - selectOptionByIndex: All options with index in [4] are selected on object 'Object Repository/Schedule5/Page_KDMC - CMS/select_--Select--Alcohol Rub i'

2018-05-04 18:08:35 - [MESSAGE][PASSED] - All options with index in [4] are selected on object 'Object Repository/Schedule5/Page_KDMC - CMS/select_--Select--Alcohol Rub i'

2018-05-04 18:08:35 - [TEST_STEP][PASSED] - setText: Text '5000' is set on object 'Object Repository/Schedule5/Page_KDMC - CMS/input_txttreat'

2018-05-04 18:08:35 - [MESSAGE][PASSED] - Text '5000' is set on object 'Object Repository/Schedule5/Page_KDMC - CMS/input_txttreat'

2018-05-04 18:08:35 - [TEST_STEP][PASSED] - click: Object: 'Object Repository/Schedule5/Page_KDMC - CMS/button_Add' is clicked on

2018-05-04 18:08:35 - [MESSAGE][PASSED] - Object: 'Object Repository/Schedule5/Page_KDMC - CMS/button_Add' is clicked on

2018-05-04 18:08:35 - [TEST_STEP][PASSED] - selectOptionByIndex: All options with index in [5] are selected on object 'Object Repository/Schedule5/Page_KDMC - CMS/select_--Select--Schedule 1Inj'

2018-05-04 18:08:35 - [MESSAGE][PASSED] - All options with index in [5] are selected on object 'Object Repository/Schedule5/Page_KDMC - CMS/select_--Select--Schedule 1Inj'

2018-05-04 18:08:35 - [TEST_STEP][PASSED] - selectOptionByIndex: All options with index in [5] are selected on object 'Object Repository/Schedule5/Page_KDMC - CMS/select_--Select--Alcohol Rub i'

2018-05-04 18:08:35 - [MESSAGE][PASSED] - All options with index in [5] are selected on object 'Object Repository/Schedule5/Page_KDMC - CMS/select_--Select--Alcohol Rub i'

2018-05-04 18:08:35 - [TEST_STEP][PASSED] - setText: Text '5000' is set on object 'Object Repository/Schedule5/Page_KDMC - CMS/input_txttreat'

2018-05-04 18:08:35 - [MESSAGE][PASSED] - Text '5000' is set on object 'Object Repository/Schedule5/Page_KDMC - CMS/input_txttreat'

2018-05-04 18:08:35 - [TEST_STEP][PASSED] - click: Object: 'Object Repository/Schedule5/Page_KDMC - CMS/button_Add' is clicked on

2018-05-04 18:08:35 - [MESSAGE][PASSED] - Object: 'Object Repository/Schedule5/Page_KDMC - CMS/button_Add' is clicked on

2018-05-04 18:08:35 - [TEST_STEP][PASSED] - selectOptionByIndex: All options with index in [5] are selected on object 'Object Repository/Schedule5/Page_KDMC - CMS/select_--Select--Schedule 1Inj'

2018-05-04 18:08:35 - [MESSAGE][PASSED] - All options with index in [5] are selected on object 'Object Repository/Schedule5/Page_KDMC - CMS/select_--Select--Schedule 1Inj'

2018-05-04 18:08:35 - [TEST_STEP][PASSED] - selectOptionByIndex: All options with index in [6] are selected on object 'Object Repository/Schedule5/Page_KDMC - CMS/select_--Select--Alcohol Rub i'

2018-05-04 18:08:35 - [MESSAGE][PASSED] - All options with index in [6] are selected on object 'Object Repository/Schedule5/Page_KDMC - CMS/select_--Select--Alcohol Rub i'

2018-05-04 18:08:35 - [TEST_STEP][PASSED] - setText: Text '5000' is set on object 'Object Repository/Schedule5/Page_KDMC - CMS/input_txttreat'

2018-05-04 18:08:36 - [MESSAGE][PASSED] - Text '5000' is set on object 'Object Repository/Schedule5/Page_KDMC - CMS/input_txttreat'

2018-05-04 18:08:36 - [TEST_STEP][PASSED] - click: Object: 'Object Repository/Schedule5/Page_KDMC - CMS/button_Add' is clicked on

2018-05-04 18:08:36 - [MESSAGE][PASSED] - Object: 'Object Repository/Schedule5/Page_KDMC - CMS/button_Add' is clicked on

2018-05-04 18:08:36 - [TEST_STEP][PASSED] - selectOptionByIndex: All options with index in [5] are selected on object 'Object Repository/Schedule5/Page_KDMC - CMS/select_--Select--Schedule 1Inj'

2018-05-04 18:08:36 - [MESSAGE][PASSED] - All options with index in [5] are selected on object 'Object Repository/Schedule5/Page_KDMC - CMS/select_--Select--Schedule 1Inj'

2018-05-04 18:08:36 - [TEST_STEP][PASSED] - selectOptionByIndex: All options with index in [7] are selected on object 'Object Repository/Schedule5/Page_KDMC - CMS/select_--Select--Alcohol Rub i'

2018-05-04 18:08:36 - [MESSAGE][PASSED] - All options with index in [7] are selected on object 'Object Repository/Schedule5/Page_KDMC - CMS/select_--Select--Alcohol Rub i'

2018-05-04 18:08:36 - [TEST_STEP][PASSED] - setText: Text '5000' is set on object 'Object Repository/Schedule5/Page_KDMC - CMS/input_txttreat'

2018-05-04 18:08:37 - [MESSAGE][PASSED] - Text '5000' is set on object 'Object Repository/Schedule5/Page_KDMC - CMS/input_txttreat'

2018-05-04 18:08:37 - [TEST_STEP][PASSED] - click: Object: 'Object Repository/Schedule5/Page_KDMC - CMS/button_Add' is clicked on

2018-05-04 18:08:37 - [MESSAGE][PASSED] - Object: 'Object Repository/Schedule5/Page_KDMC - CMS/button_Add' is clicked on

2018-05-04 18:08:37 - [TEST_STEP][PASSED] - selectOptionByIndex: All options with index in [5] are selected on object 'Object Repository/Schedule5/Page_KDMC - CMS/select_--Select--Schedule 1Inj'

2018-05-04 18:08:37 - [MESSAGE][PASSED] - All options with index in [5] are selected on object 'Object Repository/Schedule5/Page_KDMC - CMS/select_--Select--Schedule 1Inj'

2018-05-04 18:08:37 - [TEST_STEP][PASSED] - selectOptionByIndex: All options with index in [8] are selected on object 'Object Repository/Schedule5/Page_KDMC - CMS/select_--Select--Alcohol Rub i'

2018-05-04 18:08:37 - [MESSAGE][PASSED] - All options with index in [8] are selected on object 'Object Repository/Schedule5/Page_KDMC - CMS/select_--Select--Alcohol Rub i'

2018-05-04 18:08:37 - [TEST_STEP][PASSED] - setText: Text '5000' is set on object 'Object Repository/Schedule5/Page_KDMC - CMS/input_txttreat'

2018-05-04 18:08:37 - [MESSAGE][PASSED] - Text '5000' is set on object 'Object Repository/Schedule5/Page_KDMC - CMS/input_txttreat'

2018-05-04 18:08:37 - [TEST_STEP][PASSED] - click: Object: 'Object Repository/Schedule5/Page_KDMC - CMS/button_Add' is clicked on

2018-05-04 18:08:37 - [MESSAGE][PASSED] - Object: 'Object Repository/Schedule5/Page_KDMC - CMS/button_Add' is clicked on

2018-05-04 18:08:37 - [TEST_STEP][PASSED] - selectOptionByIndex: All options with index in [5] are selected on object 'Object Repository/Schedule5/Page_KDMC - CMS/select_--Select--Schedule 1Inj'

2018-05-04 18:08:37 - [MESSAGE][PASSED] - All options with index in [5] are selected on object 'Object Repository/Schedule5/Page_KDMC - CMS/select_--Select--Schedule 1Inj'

2018-05-04 18:08:37 - [TEST_STEP][PASSED] - selectOptionByIndex: All options with index in [9] are selected on object 'Object Repository/Schedule5/Page_KDMC - CMS/select_--Select--Alcohol Rub i'

2018-05-04 18:08:37 - [MESSAGE][PASSED] - All options with index in [9] are selected on object 'Object Repository/Schedule5/Page_KDMC - CMS/select_--Select--Alcohol Rub i'

2018-05-04 18:08:37 - [TEST_STEP][PASSED] - setText: Text '5000' is set on object 'Object Repository/Schedule5/Page_KDMC - CMS/input_txttreat'

2018-05-04 18:08:38 - [MESSAGE][PASSED] - Text '5000' is set on object 'Object Repository/Schedule5/Page_KDMC - CMS/input_txttreat'

2018-05-04 18:08:38 - [TEST_STEP][PASSED] - click: Object: 'Object Repository/Schedule5/Page_KDMC - CMS/button_Add' is clicked on

2018-05-04 18:08:38 - [MESSAGE][PASSED] - Object: 'Object Repository/Schedule5/Page_KDMC - CMS/button_Add' is clicked on

2018-05-04 18:08:38 - [TEST_STEP][PASSED] - selectOptionByIndex: All options with index in [5] are selected on object 'Object Repository/Schedule5/Page_KDMC - CMS/select_--Select--Schedule 1Inj'

2018-05-04 18:08:38 - [MESSAGE][PASSED] - All options with index in [5] are selected on object 'Object Repository/Schedule5/Page_KDMC - CMS/select_--Select--Schedule 1Inj'

2018-05-04 18:08:38 - [TEST_STEP][PASSED] - selectOptionByIndex: All options with index in [10] are selected on object 'Object Repository/Schedule5/Page_KDMC - CMS/select_--Select--Alcohol Rub i'

2018-05-04 18:08:38 - [MESSAGE][PASSED] - All options with index in [10] are selected on object 'Object Repository/Schedule5/Page_KDMC - CMS/select_--Select--Alcohol Rub i'

2018-05-04 18:08:38 - [TEST_STEP][PASSED] - setText: Text '5000' is set on object 'Object Repository/Schedule5/Page_KDMC - CMS/input_txttreat'

2018-05-04 18:08:38 - [MESSAGE][PASSED] - Text '5000' is set on object 'Object Repository/Schedule5/Page_KDMC - CMS/input_txttreat'

2018-05-04 18:08:38 - [TEST_STEP][PASSED] - click: Object: 'Object Repository/Schedule5/Page_KDMC - CMS/button_Add' is clicked on

2018-05-04 18:08:38 - [MESSAGE][PASSED] - Object: 'Object Repository/Schedule5/Page_KDMC - CMS/button_Add' is clicked on

2018-05-04 18:08:38 - [TEST_STEP][PASSED] - selectOptionByIndex: All options with index in [5] are selected on object 'Object Repository/Schedule5/Page_KDMC - CMS/select_--Select--Schedule 1Inj'

2018-05-04 18:08:38 - [MESSAGE][PASSED] - All options with index in [5] are selected on object 'Object Repository/Schedule5/Page_KDMC - CMS/select_--Select--Schedule 1Inj'

2018-05-04 18:08:38 - [TEST_STEP][PASSED] - selectOptionByIndex: All options with index in [11] are selected on object 'Object Repository/Schedule5/Page_KDMC - CMS/select_--Select--Alcohol Rub i'

2018-05-04 18:08:39 - [MESSAGE][PASSED] - All options with index in [11] are selected on object 'Object Repository/Schedule5/Page_KDMC - CMS/select_--Select--Alcohol Rub i'

2018-05-04 18:08:39 - [TEST_STEP][PASSED] - setText: Text '5000' is set on object 'Object Repository/Schedule5/Page_KDMC - CMS/input_txttreat'

2018-05-04 18:08:39 - [MESSAGE][PASSED] - Text '5000' is set on object 'Object Repository/Schedule5/Page_KDMC - CMS/input_txttreat'

2018-05-04 18:08:39 - [TEST_STEP][PASSED] - click: Object: 'Object Repository/Schedule5/Page_KDMC - CMS/button_Add' is clicked on

2018-05-04 18:08:39 - [MESSAGE][PASSED] - Object: 'Object Repository/Schedule5/Page_KDMC - CMS/button_Add' is clicked on

2018-05-04 18:08:39 - [TEST_STEP][PASSED] - selectOptionByIndex: All options with index in [5] are selected on object 'Object Repository/Schedule5/Page_KDMC - CMS/select_--Select--Schedule 1Inj'

2018-05-04 18:08:39 - [MESSAGE][PASSED] - All options with index in [5] are selected on object 'Object Repository/Schedule5/Page_KDMC - CMS/select_--Select--Schedule 1Inj'

2018-05-04 18:08:39 - [TEST_STEP][PASSED] - selectOptionByIndex: All options with index in [12] are selected on object 'Object Repository/Schedule5/Page_KDMC - CMS/select_--Select--Alcohol Rub i'

2018-05-04 18:08:40 - [MESSAGE][PASSED] - All options with index in [12] are selected on object 'Object Repository/Schedule5/Page_KDMC - CMS/select_--Select--Alcohol Rub i'

2018-05-04 18:08:40 - [TEST_STEP][PASSED] - setText: Text '5000' is set on object 'Object Repository/Schedule5/Page_KDMC - CMS/input_txttreat'

2018-05-04 18:08:40 - [MESSAGE][PASSED] - Text '5000' is set on object 'Object Repository/Schedule5/Page_KDMC - CMS/input_txttreat'

2018-05-04 18:08:40 - [TEST_STEP][PASSED] - click: Object: 'Object Repository/Schedule5/Page_KDMC - CMS/button_Add' is clicked on

2018-05-04 18:08:40 - [MESSAGE][PASSED] - Object: 'Object Repository/Schedule5/Page_KDMC - CMS/button_Add' is clicked on

2018-05-04 18:08:40 - [TEST_STEP][PASSED] - selectOptionByIndex: All options with index in [5] are selected on object 'Object Repository/Schedule5/Page_KDMC - CMS/select_--Select--Schedule 1Inj'

2018-05-04 18:08:40 - [MESSAGE][PASSED] - All options with index in [5] are selected on object 'Object Repository/Schedule5/Page_KDMC - CMS/select_--Select--Schedule 1Inj'

2018-05-04 18:08:40 - [TEST_STEP][PASSED] - selectOptionByIndex: All options with index in [13] are selected on object 'Object Repository/Schedule5/Page_KDMC - CMS/select_--Select--Alcohol Rub i'

2018-05-04 18:08:41 - [MESSAGE][PASSED] - All options with index in [13] are selected on object 'Object Repository/Schedule5/Page_KDMC - CMS/select_--Select--Alcohol Rub i'

2018-05-04 18:08:41 - [TEST_STEP][PASSED] - setText: Text '5000' is set on object 'Object Repository/Schedule5/Page_KDMC - CMS/input_txttreat'

2018-05-04 18:08:41 - [MESSAGE][PASSED] - Text '5000' is set on object 'Object Repository/Schedule5/Page_KDMC - CMS/input_txttreat'

2018-05-04 18:08:41 - [TEST_STEP][PASSED] - click: Object: 'Object Repository/Schedule5/Page_KDMC - CMS/button_Add' is clicked on

2018-05-04 18:08:41 - [MESSAGE][PASSED] - Object: 'Object Repository/Schedule5/Page_KDMC - CMS/button_Add' is clicked on

2018-05-04 18:08:41 - [TEST_STEP][PASSED] - selectOptionByIndex: All options with index in [5] are selected on object 'Object Repository/Schedule5/Page_KDMC - CMS/select_--Select--Schedule 1Inj'

2018-05-04 18:08:41 - [MESSAGE][PASSED] - All options with index in [5] are selected on object 'Object Repository/Schedule5/Page_KDMC - CMS/select_--Select--Schedule 1Inj'

2018-05-04 18:08:41 - [TEST_STEP][PASSED] - selectOptionByIndex: All options with index in [14] are selected on object 'Object Repository/Schedule5/Page_KDMC - CMS/select_--Select--Alcohol Rub i'

2018-05-04 18:08:42 - [MESSAGE][PASSED] - All options with index in [14] are selected on object 'Object Repository/Schedule5/Page_KDMC - CMS/select_--Select--Alcohol Rub i'

2018-05-04 18:08:42 - [TEST_STEP][PASSED] - setText: Text '5000' is set on object 'Object Repository/Schedule5/Page_KDMC - CMS/input_txttreat'

2018-05-04 18:08:42 - [MESSAGE][PASSED] - Text '5000' is set on object 'Object Repository/Schedule5/Page_KDMC - CMS/input_txttreat'

2018-05-04 18:08:42 - [TEST_STEP][PASSED] - click: Object: 'Object Repository/Schedule5/Page_KDMC - CMS/button_Add' is clicked on

2018-05-04 18:08:42 - [MESSAGE][PASSED] - Object: 'Object Repository/Schedule5/Page_KDMC - CMS/button_Add' is clicked on

2018-05-04 18:08:42 - [TEST_STEP][PASSED] - scrollToElement: Scroll to object 'Object Repository/Schedule5/Page_KDMC - CMS/input_btnsave' successfully

2018-05-04 18:08:42 - [MESSAGE][PASSED] - Scroll to object 'Object Repository/Schedule5/Page_KDMC - CMS/input_btnsave' successfully

2018-05-04 18:08:42 - [TEST_STEP][PASSED] - click: Object: 'Object Repository/Schedule5/Page_KDMC - CMS/input_btnsave' is clicked on

2018-05-04 18:08:42 - [MESSAGE][PASSED] - Object: 'Object Repository/Schedule5/Page_KDMC - CMS/input_btnsave' is clicked on

2018-05-04 18:08:42 - [TEST_STEP][PASSED] - delay: Delayed 3 second(s)

2018-05-04 18:08:45 - [MESSAGE][PASSED] - Delayed 3 second(s)

2018-05-04 18:08:45 - [TEST_STEP][PASSED] - click: Object: 'Object Repository/Schedule5/Page_KDMC - CMS/button_OK' is clicked on

2018-05-04 18:08:45 - [MESSAGE][PASSED] - Object: 'Object Repository/Schedule5/Page_KDMC - CMS/button_OK' is clicked on

2018-05-04 18:08:45 - [TEST_STEP][PASSED] - delay: Delayed 3 second(s)

2018-05-04 18:08:48 - [MESSAGE][PASSED] - Delayed 3 second(s)

2018-05-04 18:08:48 - [TEST_STEP][PASSED] - click: Object: 'Object Repository/Schedule5/Page_KDMC - CMS/a_dropdown-toggle' is clicked on

2018-05-04 18:08:48 - [MESSAGE][PASSED] - Object: 'Object Repository/Schedule5/Page_KDMC - CMS/a_dropdown-toggle' is clicked on

2018-05-04 18:08:48 - [TEST_STEP][PASSED] - delay: Delayed 3 second(s)

2018-05-04 18:08:51 - [MESSAGE][PASSED] - Delayed 3 second(s)

2018-05-04 18:08:51 - [TEST_STEP][PASSED] - click: Object: 'Object Repository/Schedule5/Page_KDMC - CMS/a_Sign out' is clicked on

2018-05-04 18:08:52 - [MESSAGE][PASSED] - Object: 'Object Repository/Schedule5/Page_KDMC - CMS/a_Sign out' is clicked on

2018-05-04 18:08:52 - [TEST_STEP][PASSED] - closeBrowser: Browser is closed

2018-05-04 18:08:52 - [MESSAGE][PASSED] - Browser is closed]]></system-out>
         <system-err><![CDATA[]]></system-err>
      </testcase>
      <testcase name="Test Cases/MOHTOCMSREQUEST/MohRequestSchedule6" classname="Test Cases/MOHTOCMSREQUEST/MohRequestSchedule6" status="PASSED">
         <system-out><![CDATA[2018-05-04 18:08:52 - [TEST_CASE][PASSED] - Test Cases/MOHTOCMSREQUEST/MohRequestSchedule6: Test Cases/MOHTOCMSREQUEST/MohRequestSchedule6

2018-05-04 18:08:52 - [TEST_STEP][PASSED] - openBrowser: Browser is opened with url: ''

2018-05-04 18:08:55 - [MESSAGE][PASSED] - Browser is opened with url: ''

2018-05-04 18:08:55 - [TEST_STEP][PASSED] - navigateToUrl: Navigate to 'http://192.168.137.1/multihospital_new/' successfully

2018-05-04 18:08:58 - [MESSAGE][PASSED] - Navigate to 'http://192.168.137.1/multihospital_new/' successfully

2018-05-04 18:08:58 - [TEST_STEP][PASSED] - maximizeWindow: Current window maximized

2018-05-04 18:08:59 - [MESSAGE][PASSED] - Current window maximized

2018-05-04 18:08:59 - [TEST_STEP][PASSED] - click: Object: 'Object Repository/Schedule6/Page_KDMC/a_CMS' is clicked on

2018-05-04 18:09:01 - [MESSAGE][PASSED] - Object: 'Object Repository/Schedule6/Page_KDMC/a_CMS' is clicked on

2018-05-04 18:09:01 - [TEST_STEP][PASSED] - setText: Text 'bala' is set on object 'Object Repository/Schedule6/Page_CMS login/input_txtusername'

2018-05-04 18:09:01 - [MESSAGE][PASSED] - Text 'bala' is set on object 'Object Repository/Schedule6/Page_CMS login/input_txtusername'

2018-05-04 18:09:01 - [TEST_STEP][PASSED] - setText: Text '123' is set on object 'Object Repository/Schedule6/Page_CMS login/input_txtpassword'

2018-05-04 18:09:01 - [MESSAGE][PASSED] - Text '123' is set on object 'Object Repository/Schedule6/Page_CMS login/input_txtpassword'

2018-05-04 18:09:01 - [TEST_STEP][PASSED] - delay: Delayed 3 second(s)

2018-05-04 18:09:04 - [MESSAGE][PASSED] - Delayed 3 second(s)

2018-05-04 18:09:04 - [TEST_STEP][PASSED] - click: Object: 'Object Repository/Schedule6/Page_CMS login/button_Sign in' is clicked on

2018-05-04 18:09:05 - [MESSAGE][PASSED] - Object: 'Object Repository/Schedule6/Page_CMS login/button_Sign in' is clicked on

2018-05-04 18:09:05 - [TEST_STEP][PASSED] - click: Object: 'Object Repository/Schedule6/Page_KDMC - CMS/a_Request to MOH' is clicked on

2018-05-04 18:09:05 - [MESSAGE][PASSED] - Object: 'Object Repository/Schedule6/Page_KDMC - CMS/a_Request to MOH' is clicked on

2018-05-04 18:09:05 - [TEST_STEP][PASSED] - selectOptionByValue: All options with value 'Quarterly' are selected in object 'Object Repository/Schedule6/Page_KDMC - CMS/select_--Select--'  using regular expression

2018-05-04 18:09:05 - [MESSAGE][PASSED] - All options with value 'Quarterly' are selected in object 'Object Repository/Schedule6/Page_KDMC - CMS/select_--Select--'  using regular expression

2018-05-04 18:09:05 - [TEST_STEP][PASSED] - selectOptionByValue: All options with value '6' are selected in object 'Object Repository/Schedule6/Page_KDMC - CMS/select_--Select--Schedule 1Inj'  using regular expression

2018-05-04 18:09:06 - [MESSAGE][PASSED] - All options with value '6' are selected in object 'Object Repository/Schedule6/Page_KDMC - CMS/select_--Select--Schedule 1Inj'  using regular expression

2018-05-04 18:09:06 - [TEST_STEP][PASSED] - Statement - SelectedOptions = com.kms.katalon.core.webui.keyword.WebUiBuiltInKeywords.getNumberOfTotalOption(com.kms.katalon.core.testobject.ObjectRepository.findTestObject(Schedule6/Page_KDMC - CMS/select_--Select--Albumin kit ()): 14 options of object 'Object Repository/Schedule6/Page_KDMC - CMS/select_--Select--Albumin kit (' counted

2018-05-04 18:09:06 - [MESSAGE][PASSED] - 14 options of object 'Object Repository/Schedule6/Page_KDMC - CMS/select_--Select--Albumin kit (' counted

2018-05-04 18:09:06 - [TEST_STEP][PASSED] - Statement - For ([w = 1, w < SelectedOptions, (w++)]): Object: 'Object Repository/Schedule6/Page_KDMC - CMS/button_Add' is clicked on

2018-05-04 18:09:06 - [TEST_STEP][PASSED] - selectOptionByValue: All options with value '6' are selected in object 'Object Repository/Schedule6/Page_KDMC - CMS/select_--Select--Schedule 1Inj'  using regular expression

2018-05-04 18:09:06 - [MESSAGE][PASSED] - All options with value '6' are selected in object 'Object Repository/Schedule6/Page_KDMC - CMS/select_--Select--Schedule 1Inj'  using regular expression

2018-05-04 18:09:06 - [TEST_STEP][PASSED] - selectOptionByIndex: All options with index in [1] are selected on object 'Object Repository/Schedule6/Page_KDMC - CMS/select_--Select--Albumin kit ('

2018-05-04 18:09:06 - [MESSAGE][PASSED] - All options with index in [1] are selected on object 'Object Repository/Schedule6/Page_KDMC - CMS/select_--Select--Albumin kit ('

2018-05-04 18:09:06 - [TEST_STEP][PASSED] - setText: Text '100' is set on object 'Object Repository/Schedule6/Page_KDMC - CMS/input_txttreat'

2018-05-04 18:09:06 - [MESSAGE][PASSED] - Text '100' is set on object 'Object Repository/Schedule6/Page_KDMC - CMS/input_txttreat'

2018-05-04 18:09:06 - [TEST_STEP][PASSED] - click: Object: 'Object Repository/Schedule6/Page_KDMC - CMS/button_Add' is clicked on

2018-05-04 18:09:06 - [MESSAGE][PASSED] - Object: 'Object Repository/Schedule6/Page_KDMC - CMS/button_Add' is clicked on

2018-05-04 18:09:06 - [TEST_STEP][PASSED] - selectOptionByValue: All options with value '6' are selected in object 'Object Repository/Schedule6/Page_KDMC - CMS/select_--Select--Schedule 1Inj'  using regular expression

2018-05-04 18:09:07 - [MESSAGE][PASSED] - All options with value '6' are selected in object 'Object Repository/Schedule6/Page_KDMC - CMS/select_--Select--Schedule 1Inj'  using regular expression

2018-05-04 18:09:07 - [TEST_STEP][PASSED] - selectOptionByIndex: All options with index in [2] are selected on object 'Object Repository/Schedule6/Page_KDMC - CMS/select_--Select--Albumin kit ('

2018-05-04 18:09:07 - [MESSAGE][PASSED] - All options with index in [2] are selected on object 'Object Repository/Schedule6/Page_KDMC - CMS/select_--Select--Albumin kit ('

2018-05-04 18:09:07 - [TEST_STEP][PASSED] - setText: Text '100' is set on object 'Object Repository/Schedule6/Page_KDMC - CMS/input_txttreat'

2018-05-04 18:09:07 - [MESSAGE][PASSED] - Text '100' is set on object 'Object Repository/Schedule6/Page_KDMC - CMS/input_txttreat'

2018-05-04 18:09:07 - [TEST_STEP][PASSED] - click: Object: 'Object Repository/Schedule6/Page_KDMC - CMS/button_Add' is clicked on

2018-05-04 18:09:07 - [MESSAGE][PASSED] - Object: 'Object Repository/Schedule6/Page_KDMC - CMS/button_Add' is clicked on

2018-05-04 18:09:07 - [TEST_STEP][PASSED] - selectOptionByValue: All options with value '6' are selected in object 'Object Repository/Schedule6/Page_KDMC - CMS/select_--Select--Schedule 1Inj'  using regular expression

2018-05-04 18:09:07 - [MESSAGE][PASSED] - All options with value '6' are selected in object 'Object Repository/Schedule6/Page_KDMC - CMS/select_--Select--Schedule 1Inj'  using regular expression

2018-05-04 18:09:07 - [TEST_STEP][PASSED] - selectOptionByIndex: All options with index in [3] are selected on object 'Object Repository/Schedule6/Page_KDMC - CMS/select_--Select--Albumin kit ('

2018-05-04 18:09:07 - [MESSAGE][PASSED] - All options with index in [3] are selected on object 'Object Repository/Schedule6/Page_KDMC - CMS/select_--Select--Albumin kit ('

2018-05-04 18:09:07 - [TEST_STEP][PASSED] - setText: Text '100' is set on object 'Object Repository/Schedule6/Page_KDMC - CMS/input_txttreat'

2018-05-04 18:09:07 - [MESSAGE][PASSED] - Text '100' is set on object 'Object Repository/Schedule6/Page_KDMC - CMS/input_txttreat'

2018-05-04 18:09:07 - [TEST_STEP][PASSED] - click: Object: 'Object Repository/Schedule6/Page_KDMC - CMS/button_Add' is clicked on

2018-05-04 18:09:08 - [MESSAGE][PASSED] - Object: 'Object Repository/Schedule6/Page_KDMC - CMS/button_Add' is clicked on

2018-05-04 18:09:08 - [TEST_STEP][PASSED] - selectOptionByValue: All options with value '6' are selected in object 'Object Repository/Schedule6/Page_KDMC - CMS/select_--Select--Schedule 1Inj'  using regular expression

2018-05-04 18:09:08 - [MESSAGE][PASSED] - All options with value '6' are selected in object 'Object Repository/Schedule6/Page_KDMC - CMS/select_--Select--Schedule 1Inj'  using regular expression

2018-05-04 18:09:08 - [TEST_STEP][PASSED] - selectOptionByIndex: All options with index in [4] are selected on object 'Object Repository/Schedule6/Page_KDMC - CMS/select_--Select--Albumin kit ('

2018-05-04 18:09:08 - [MESSAGE][PASSED] - All options with index in [4] are selected on object 'Object Repository/Schedule6/Page_KDMC - CMS/select_--Select--Albumin kit ('

2018-05-04 18:09:08 - [TEST_STEP][PASSED] - setText: Text '100' is set on object 'Object Repository/Schedule6/Page_KDMC - CMS/input_txttreat'

2018-05-04 18:09:08 - [MESSAGE][PASSED] - Text '100' is set on object 'Object Repository/Schedule6/Page_KDMC - CMS/input_txttreat'

2018-05-04 18:09:08 - [TEST_STEP][PASSED] - click: Object: 'Object Repository/Schedule6/Page_KDMC - CMS/button_Add' is clicked on

2018-05-04 18:09:08 - [MESSAGE][PASSED] - Object: 'Object Repository/Schedule6/Page_KDMC - CMS/button_Add' is clicked on

2018-05-04 18:09:08 - [TEST_STEP][PASSED] - selectOptionByValue: All options with value '6' are selected in object 'Object Repository/Schedule6/Page_KDMC - CMS/select_--Select--Schedule 1Inj'  using regular expression

2018-05-04 18:09:08 - [MESSAGE][PASSED] - All options with value '6' are selected in object 'Object Repository/Schedule6/Page_KDMC - CMS/select_--Select--Schedule 1Inj'  using regular expression

2018-05-04 18:09:08 - [TEST_STEP][PASSED] - selectOptionByIndex: All options with index in [5] are selected on object 'Object Repository/Schedule6/Page_KDMC - CMS/select_--Select--Albumin kit ('

2018-05-04 18:09:09 - [MESSAGE][PASSED] - All options with index in [5] are selected on object 'Object Repository/Schedule6/Page_KDMC - CMS/select_--Select--Albumin kit ('

2018-05-04 18:09:09 - [TEST_STEP][PASSED] - setText: Text '100' is set on object 'Object Repository/Schedule6/Page_KDMC - CMS/input_txttreat'

2018-05-04 18:09:09 - [MESSAGE][PASSED] - Text '100' is set on object 'Object Repository/Schedule6/Page_KDMC - CMS/input_txttreat'

2018-05-04 18:09:09 - [TEST_STEP][PASSED] - click: Object: 'Object Repository/Schedule6/Page_KDMC - CMS/button_Add' is clicked on

2018-05-04 18:09:09 - [MESSAGE][PASSED] - Object: 'Object Repository/Schedule6/Page_KDMC - CMS/button_Add' is clicked on

2018-05-04 18:09:09 - [TEST_STEP][PASSED] - selectOptionByValue: All options with value '6' are selected in object 'Object Repository/Schedule6/Page_KDMC - CMS/select_--Select--Schedule 1Inj'  using regular expression

2018-05-04 18:09:09 - [MESSAGE][PASSED] - All options with value '6' are selected in object 'Object Repository/Schedule6/Page_KDMC - CMS/select_--Select--Schedule 1Inj'  using regular expression

2018-05-04 18:09:09 - [TEST_STEP][PASSED] - selectOptionByIndex: All options with index in [6] are selected on object 'Object Repository/Schedule6/Page_KDMC - CMS/select_--Select--Albumin kit ('

2018-05-04 18:09:09 - [MESSAGE][PASSED] - All options with index in [6] are selected on object 'Object Repository/Schedule6/Page_KDMC - CMS/select_--Select--Albumin kit ('

2018-05-04 18:09:09 - [TEST_STEP][PASSED] - setText: Text '100' is set on object 'Object Repository/Schedule6/Page_KDMC - CMS/input_txttreat'

2018-05-04 18:09:09 - [MESSAGE][PASSED] - Text '100' is set on object 'Object Repository/Schedule6/Page_KDMC - CMS/input_txttreat'

2018-05-04 18:09:09 - [TEST_STEP][PASSED] - click: Object: 'Object Repository/Schedule6/Page_KDMC - CMS/button_Add' is clicked on

2018-05-04 18:09:09 - [MESSAGE][PASSED] - Object: 'Object Repository/Schedule6/Page_KDMC - CMS/button_Add' is clicked on

2018-05-04 18:09:09 - [TEST_STEP][PASSED] - selectOptionByValue: All options with value '6' are selected in object 'Object Repository/Schedule6/Page_KDMC - CMS/select_--Select--Schedule 1Inj'  using regular expression

2018-05-04 18:09:10 - [MESSAGE][PASSED] - All options with value '6' are selected in object 'Object Repository/Schedule6/Page_KDMC - CMS/select_--Select--Schedule 1Inj'  using regular expression

2018-05-04 18:09:10 - [TEST_STEP][PASSED] - selectOptionByIndex: All options with index in [7] are selected on object 'Object Repository/Schedule6/Page_KDMC - CMS/select_--Select--Albumin kit ('

2018-05-04 18:09:10 - [MESSAGE][PASSED] - All options with index in [7] are selected on object 'Object Repository/Schedule6/Page_KDMC - CMS/select_--Select--Albumin kit ('

2018-05-04 18:09:10 - [TEST_STEP][PASSED] - setText: Text '100' is set on object 'Object Repository/Schedule6/Page_KDMC - CMS/input_txttreat'

2018-05-04 18:09:10 - [MESSAGE][PASSED] - Text '100' is set on object 'Object Repository/Schedule6/Page_KDMC - CMS/input_txttreat'

2018-05-04 18:09:10 - [TEST_STEP][PASSED] - click: Object: 'Object Repository/Schedule6/Page_KDMC - CMS/button_Add' is clicked on

2018-05-04 18:09:10 - [MESSAGE][PASSED] - Object: 'Object Repository/Schedule6/Page_KDMC - CMS/button_Add' is clicked on

2018-05-04 18:09:10 - [TEST_STEP][PASSED] - selectOptionByValue: All options with value '6' are selected in object 'Object Repository/Schedule6/Page_KDMC - CMS/select_--Select--Schedule 1Inj'  using regular expression

2018-05-04 18:09:10 - [MESSAGE][PASSED] - All options with value '6' are selected in object 'Object Repository/Schedule6/Page_KDMC - CMS/select_--Select--Schedule 1Inj'  using regular expression

2018-05-04 18:09:10 - [TEST_STEP][PASSED] - selectOptionByIndex: All options with index in [8] are selected on object 'Object Repository/Schedule6/Page_KDMC - CMS/select_--Select--Albumin kit ('

2018-05-04 18:09:10 - [MESSAGE][PASSED] - All options with index in [8] are selected on object 'Object Repository/Schedule6/Page_KDMC - CMS/select_--Select--Albumin kit ('

2018-05-04 18:09:10 - [TEST_STEP][PASSED] - setText: Text '100' is set on object 'Object Repository/Schedule6/Page_KDMC - CMS/input_txttreat'

2018-05-04 18:09:10 - [MESSAGE][PASSED] - Text '100' is set on object 'Object Repository/Schedule6/Page_KDMC - CMS/input_txttreat'

2018-05-04 18:09:10 - [TEST_STEP][PASSED] - click: Object: 'Object Repository/Schedule6/Page_KDMC - CMS/button_Add' is clicked on

2018-05-04 18:09:11 - [MESSAGE][PASSED] - Object: 'Object Repository/Schedule6/Page_KDMC - CMS/button_Add' is clicked on

2018-05-04 18:09:11 - [TEST_STEP][PASSED] - selectOptionByValue: All options with value '6' are selected in object 'Object Repository/Schedule6/Page_KDMC - CMS/select_--Select--Schedule 1Inj'  using regular expression

2018-05-04 18:09:11 - [MESSAGE][PASSED] - All options with value '6' are selected in object 'Object Repository/Schedule6/Page_KDMC - CMS/select_--Select--Schedule 1Inj'  using regular expression

2018-05-04 18:09:11 - [TEST_STEP][PASSED] - selectOptionByIndex: All options with index in [9] are selected on object 'Object Repository/Schedule6/Page_KDMC - CMS/select_--Select--Albumin kit ('

2018-05-04 18:09:11 - [MESSAGE][PASSED] - All options with index in [9] are selected on object 'Object Repository/Schedule6/Page_KDMC - CMS/select_--Select--Albumin kit ('

2018-05-04 18:09:11 - [TEST_STEP][PASSED] - setText: Text '100' is set on object 'Object Repository/Schedule6/Page_KDMC - CMS/input_txttreat'

2018-05-04 18:09:11 - [MESSAGE][PASSED] - Text '100' is set on object 'Object Repository/Schedule6/Page_KDMC - CMS/input_txttreat'

2018-05-04 18:09:11 - [TEST_STEP][PASSED] - click: Object: 'Object Repository/Schedule6/Page_KDMC - CMS/button_Add' is clicked on

2018-05-04 18:09:11 - [MESSAGE][PASSED] - Object: 'Object Repository/Schedule6/Page_KDMC - CMS/button_Add' is clicked on

2018-05-04 18:09:11 - [TEST_STEP][PASSED] - selectOptionByValue: All options with value '6' are selected in object 'Object Repository/Schedule6/Page_KDMC - CMS/select_--Select--Schedule 1Inj'  using regular expression

2018-05-04 18:09:11 - [MESSAGE][PASSED] - All options with value '6' are selected in object 'Object Repository/Schedule6/Page_KDMC - CMS/select_--Select--Schedule 1Inj'  using regular expression

2018-05-04 18:09:11 - [TEST_STEP][PASSED] - selectOptionByIndex: All options with index in [10] are selected on object 'Object Repository/Schedule6/Page_KDMC - CMS/select_--Select--Albumin kit ('

2018-05-04 18:09:12 - [MESSAGE][PASSED] - All options with index in [10] are selected on object 'Object Repository/Schedule6/Page_KDMC - CMS/select_--Select--Albumin kit ('

2018-05-04 18:09:12 - [TEST_STEP][PASSED] - setText: Text '100' is set on object 'Object Repository/Schedule6/Page_KDMC - CMS/input_txttreat'

2018-05-04 18:09:12 - [MESSAGE][PASSED] - Text '100' is set on object 'Object Repository/Schedule6/Page_KDMC - CMS/input_txttreat'

2018-05-04 18:09:12 - [TEST_STEP][PASSED] - click: Object: 'Object Repository/Schedule6/Page_KDMC - CMS/button_Add' is clicked on

2018-05-04 18:09:12 - [MESSAGE][PASSED] - Object: 'Object Repository/Schedule6/Page_KDMC - CMS/button_Add' is clicked on

2018-05-04 18:09:12 - [TEST_STEP][PASSED] - selectOptionByValue: All options with value '6' are selected in object 'Object Repository/Schedule6/Page_KDMC - CMS/select_--Select--Schedule 1Inj'  using regular expression

2018-05-04 18:09:12 - [MESSAGE][PASSED] - All options with value '6' are selected in object 'Object Repository/Schedule6/Page_KDMC - CMS/select_--Select--Schedule 1Inj'  using regular expression

2018-05-04 18:09:12 - [TEST_STEP][PASSED] - selectOptionByIndex: All options with index in [11] are selected on object 'Object Repository/Schedule6/Page_KDMC - CMS/select_--Select--Albumin kit ('

2018-05-04 18:09:12 - [MESSAGE][PASSED] - All options with index in [11] are selected on object 'Object Repository/Schedule6/Page_KDMC - CMS/select_--Select--Albumin kit ('

2018-05-04 18:09:12 - [TEST_STEP][PASSED] - setText: Text '100' is set on object 'Object Repository/Schedule6/Page_KDMC - CMS/input_txttreat'

2018-05-04 18:09:12 - [MESSAGE][PASSED] - Text '100' is set on object 'Object Repository/Schedule6/Page_KDMC - CMS/input_txttreat'

2018-05-04 18:09:12 - [TEST_STEP][PASSED] - click: Object: 'Object Repository/Schedule6/Page_KDMC - CMS/button_Add' is clicked on

2018-05-04 18:09:12 - [MESSAGE][PASSED] - Object: 'Object Repository/Schedule6/Page_KDMC - CMS/button_Add' is clicked on

2018-05-04 18:09:12 - [TEST_STEP][PASSED] - selectOptionByValue: All options with value '6' are selected in object 'Object Repository/Schedule6/Page_KDMC - CMS/select_--Select--Schedule 1Inj'  using regular expression

2018-05-04 18:09:13 - [MESSAGE][PASSED] - All options with value '6' are selected in object 'Object Repository/Schedule6/Page_KDMC - CMS/select_--Select--Schedule 1Inj'  using regular expression

2018-05-04 18:09:13 - [TEST_STEP][PASSED] - selectOptionByIndex: All options with index in [12] are selected on object 'Object Repository/Schedule6/Page_KDMC - CMS/select_--Select--Albumin kit ('

2018-05-04 18:09:13 - [MESSAGE][PASSED] - All options with index in [12] are selected on object 'Object Repository/Schedule6/Page_KDMC - CMS/select_--Select--Albumin kit ('

2018-05-04 18:09:13 - [TEST_STEP][PASSED] - setText: Text '100' is set on object 'Object Repository/Schedule6/Page_KDMC - CMS/input_txttreat'

2018-05-04 18:09:13 - [MESSAGE][PASSED] - Text '100' is set on object 'Object Repository/Schedule6/Page_KDMC - CMS/input_txttreat'

2018-05-04 18:09:13 - [TEST_STEP][PASSED] - click: Object: 'Object Repository/Schedule6/Page_KDMC - CMS/button_Add' is clicked on

2018-05-04 18:09:13 - [MESSAGE][PASSED] - Object: 'Object Repository/Schedule6/Page_KDMC - CMS/button_Add' is clicked on

2018-05-04 18:09:13 - [TEST_STEP][PASSED] - selectOptionByValue: All options with value '6' are selected in object 'Object Repository/Schedule6/Page_KDMC - CMS/select_--Select--Schedule 1Inj'  using regular expression

2018-05-04 18:09:13 - [MESSAGE][PASSED] - All options with value '6' are selected in object 'Object Repository/Schedule6/Page_KDMC - CMS/select_--Select--Schedule 1Inj'  using regular expression

2018-05-04 18:09:13 - [TEST_STEP][PASSED] - selectOptionByIndex: All options with index in [13] are selected on object 'Object Repository/Schedule6/Page_KDMC - CMS/select_--Select--Albumin kit ('

2018-05-04 18:09:14 - [MESSAGE][PASSED] - All options with index in [13] are selected on object 'Object Repository/Schedule6/Page_KDMC - CMS/select_--Select--Albumin kit ('

2018-05-04 18:09:14 - [TEST_STEP][PASSED] - setText: Text '100' is set on object 'Object Repository/Schedule6/Page_KDMC - CMS/input_txttreat'

2018-05-04 18:09:14 - [MESSAGE][PASSED] - Text '100' is set on object 'Object Repository/Schedule6/Page_KDMC - CMS/input_txttreat'

2018-05-04 18:09:14 - [TEST_STEP][PASSED] - click: Object: 'Object Repository/Schedule6/Page_KDMC - CMS/button_Add' is clicked on

2018-05-04 18:09:14 - [MESSAGE][PASSED] - Object: 'Object Repository/Schedule6/Page_KDMC - CMS/button_Add' is clicked on

2018-05-04 18:09:14 - [TEST_STEP][PASSED] - scrollToElement: Scroll to object 'Object Repository/Schedule6/Page_KDMC - CMS/input_btnsave' successfully

2018-05-04 18:09:14 - [MESSAGE][PASSED] - Scroll to object 'Object Repository/Schedule6/Page_KDMC - CMS/input_btnsave' successfully

2018-05-04 18:09:14 - [TEST_STEP][PASSED] - click: Object: 'Object Repository/Schedule6/Page_KDMC - CMS/input_btnsave' is clicked on

2018-05-04 18:09:14 - [MESSAGE][PASSED] - Object: 'Object Repository/Schedule6/Page_KDMC - CMS/input_btnsave' is clicked on

2018-05-04 18:09:14 - [TEST_STEP][PASSED] - delay: Delayed 3 second(s)

2018-05-04 18:09:17 - [MESSAGE][PASSED] - Delayed 3 second(s)

2018-05-04 18:09:17 - [TEST_STEP][PASSED] - click: Object: 'Object Repository/Schedule6/Page_KDMC - CMS/button_OK' is clicked on

2018-05-04 18:09:17 - [MESSAGE][PASSED] - Object: 'Object Repository/Schedule6/Page_KDMC - CMS/button_OK' is clicked on

2018-05-04 18:09:17 - [TEST_STEP][PASSED] - delay: Delayed 3 second(s)

2018-05-04 18:09:20 - [MESSAGE][PASSED] - Delayed 3 second(s)

2018-05-04 18:09:20 - [TEST_STEP][PASSED] - click: Object: 'Object Repository/Schedule6/Page_KDMC - CMS/a_dropdown-toggle' is clicked on

2018-05-04 18:09:20 - [MESSAGE][PASSED] - Object: 'Object Repository/Schedule6/Page_KDMC - CMS/a_dropdown-toggle' is clicked on

2018-05-04 18:09:20 - [TEST_STEP][PASSED] - delay: Delayed 3 second(s)

2018-05-04 18:09:23 - [MESSAGE][PASSED] - Delayed 3 second(s)

2018-05-04 18:09:23 - [TEST_STEP][PASSED] - click: Object: 'Object Repository/Schedule6/Page_KDMC - CMS/a_Sign out' is clicked on

2018-05-04 18:09:24 - [MESSAGE][PASSED] - Object: 'Object Repository/Schedule6/Page_KDMC - CMS/a_Sign out' is clicked on

2018-05-04 18:09:24 - [TEST_STEP][PASSED] - closeBrowser: Browser is closed

2018-05-04 18:09:24 - [MESSAGE][PASSED] - Browser is closed]]></system-out>
         <system-err><![CDATA[]]></system-err>
      </testcase>
      <testcase name="Test Cases/MOHTOCMSREQUEST/MohRequestSchedule7" classname="Test Cases/MOHTOCMSREQUEST/MohRequestSchedule7" status="FAILED">
         <failure type="FAILED" message="Unable to set text '500' of object 'Object Repository/Schedule7/Page_KDMC - CMS/input_txttreat' (Root cause: org.openqa.selenium.WebDriverException: unknown error: cannot focus element
  (Session info: chrome=66.0.3359.139)
  (Driver info: chromedriver=2.35.528161 (5b82f2d2aae0ca24b877009200ced9065a772e73),platform=Windows NT 10.0.16299 x86_64) (WARNING: The server did not provide any stacktrace information)
Command duration or timeout: 0 milliseconds
Build info: version: '3.7.1', revision: '8a0099a', time: '2017-11-06T21:07:36.161Z'
System info: host: 'DESKTOP-BLFTK83', ip: '192.168.71.2', os.name: 'Windows 10', os.arch: 'amd64', os.version: '10.0', java.version: '1.8.0_102'
Driver info: com.kms.katalon.selenium.driver.CChromeDriver
Capabilities {acceptInsecureCerts: false, acceptSslCerts: false, applicationCacheEnabled: false, browserConnectionEnabled: false, browserName: chrome, chrome: {chromedriverVersion: 2.35.528161 (5b82f2d2aae0ca..., userDataDir: C:\Users\QUALIT~1\AppData\L...}, cssSelectorsEnabled: true, databaseEnabled: false, handlesAlerts: true, hasTouchScreen: false, javascriptEnabled: true, locationContextEnabled: true, mobileEmulationEnabled: false, nativeEvents: true, networkConnectionEnabled: false, pageLoadStrategy: normal, platform: XP, platformName: XP, rotatable: false, setWindowRect: true, takesHeapSnapshot: true, takesScreenshot: true, unexpectedAlertBehaviour: , unhandledPromptBehavior: , version: 66.0.3359.139, webStorageEnabled: true}
Session ID: 3055fff05cb5e10eb1c65c4ef714331e)"/>
         <system-out><![CDATA[2018-05-04 18:09:24 - [TEST_CASE][FAILED] - Test Cases/MOHTOCMSREQUEST/MohRequestSchedule7: Test Cases/MOHTOCMSREQUEST/MohRequestSchedule7 FAILED because (of) Unable to set text '500' of object 'Object Repository/Schedule7/Page_KDMC - CMS/input_txttreat' (Root cause: org.openqa.selenium.WebDriverException: unknown error: cannot focus element
  (Session info: chrome=66.0.3359.139)
  (Driver info: chromedriver=2.35.528161 (5b82f2d2aae0ca24b877009200ced9065a772e73),platform=Windows NT 10.0.16299 x86_64) (WARNING: The server did not provide any stacktrace information)
Command duration or timeout: 0 milliseconds
Build info: version: '3.7.1', revision: '8a0099a', time: '2017-11-06T21:07:36.161Z'
System info: host: 'DESKTOP-BLFTK83', ip: '192.168.71.2', os.name: 'Windows 10', os.arch: 'amd64', os.version: '10.0', java.version: '1.8.0_102'
Driver info: com.kms.katalon.selenium.driver.CChromeDriver
Capabilities {acceptInsecureCerts: false, acceptSslCerts: false, applicationCacheEnabled: false, browserConnectionEnabled: false, browserName: chrome, chrome: {chromedriverVersion: 2.35.528161 (5b82f2d2aae0ca..., userDataDir: C:\Users\QUALIT~1\AppData\L...}, cssSelectorsEnabled: true, databaseEnabled: false, handlesAlerts: true, hasTouchScreen: false, javascriptEnabled: true, locationContextEnabled: true, mobileEmulationEnabled: false, nativeEvents: true, networkConnectionEnabled: false, pageLoadStrategy: normal, platform: XP, platformName: XP, rotatable: false, setWindowRect: true, takesHeapSnapshot: true, takesScreenshot: true, unexpectedAlertBehaviour: , unhandledPromptBehavior: , version: 66.0.3359.139, webStorageEnabled: true}
Session ID: 3055fff05cb5e10eb1c65c4ef714331e)

2018-05-04 18:09:24 - [TEST_STEP][PASSED] - openBrowser: Browser is opened with url: ''

2018-05-04 18:09:27 - [MESSAGE][PASSED] - Browser is opened with url: ''

2018-05-04 18:09:27 - [TEST_STEP][PASSED] - navigateToUrl: Navigate to 'http://192.168.137.1/multihospital_new/' successfully

2018-05-04 18:09:29 - [MESSAGE][PASSED] - Navigate to 'http://192.168.137.1/multihospital_new/' successfully

2018-05-04 18:09:29 - [TEST_STEP][PASSED] - maximizeWindow: Current window maximized

2018-05-04 18:09:30 - [MESSAGE][PASSED] - Current window maximized

2018-05-04 18:09:30 - [TEST_STEP][PASSED] - click: Object: 'Object Repository/Schedule7/Page_KDMC/a_CMS' is clicked on

2018-05-04 18:09:31 - [MESSAGE][PASSED] - Object: 'Object Repository/Schedule7/Page_KDMC/a_CMS' is clicked on

2018-05-04 18:09:31 - [TEST_STEP][PASSED] - setText: Text 'bala' is set on object 'Object Repository/Schedule7/Page_CMS login/input_txtusername'

2018-05-04 18:09:31 - [MESSAGE][PASSED] - Text 'bala' is set on object 'Object Repository/Schedule7/Page_CMS login/input_txtusername'

2018-05-04 18:09:31 - [TEST_STEP][PASSED] - setText: Text '123' is set on object 'Object Repository/Schedule7/Page_CMS login/input_txtpassword'

2018-05-04 18:09:31 - [MESSAGE][PASSED] - Text '123' is set on object 'Object Repository/Schedule7/Page_CMS login/input_txtpassword'

2018-05-04 18:09:31 - [TEST_STEP][PASSED] - delay: Delayed 3 second(s)

2018-05-04 18:09:34 - [MESSAGE][PASSED] - Delayed 3 second(s)

2018-05-04 18:09:34 - [TEST_STEP][PASSED] - click: Object: 'Object Repository/Schedule6/Page_CMS login/button_Sign in' is clicked on

2018-05-04 18:09:35 - [MESSAGE][PASSED] - Object: 'Object Repository/Schedule6/Page_CMS login/button_Sign in' is clicked on

2018-05-04 18:09:35 - [TEST_STEP][PASSED] - click: Object: 'Object Repository/Schedule7/Page_KDMC - CMS/a_Request to MOH' is clicked on

2018-05-04 18:09:36 - [MESSAGE][PASSED] - Object: 'Object Repository/Schedule7/Page_KDMC - CMS/a_Request to MOH' is clicked on

2018-05-04 18:09:36 - [TEST_STEP][PASSED] - selectOptionByValue: All options with value 'Weekly/Monthly' are selected in object 'Object Repository/Schedule7/Page_KDMC - CMS/select_--Select--'  using regular expression

2018-05-04 18:09:36 - [MESSAGE][PASSED] - All options with value 'Weekly/Monthly' are selected in object 'Object Repository/Schedule7/Page_KDMC - CMS/select_--Select--'  using regular expression

2018-05-04 18:09:36 - [TEST_STEP][PASSED] - selectOptionByValue: All options with value '7' are selected in object 'Object Repository/Schedule7/Page_KDMC - CMS/select_--Select--Schedule 1Inj'  using regular expression

2018-05-04 18:09:36 - [MESSAGE][PASSED] - All options with value '7' are selected in object 'Object Repository/Schedule7/Page_KDMC - CMS/select_--Select--Schedule 1Inj'  using regular expression

2018-05-04 18:09:36 - [TEST_STEP][PASSED] - Statement - SelectedOptions = com.kms.katalon.core.webui.keyword.WebUiBuiltInKeywords.getNumberOfTotalOption(com.kms.katalon.core.testobject.ObjectRepository.findTestObject(Schedule7/Page_KDMC - CMS/select_--Select--Absorbable su)): 24 options of object 'Object Repository/Schedule7/Page_KDMC - CMS/select_--Select--Absorbable su' counted

2018-05-04 18:09:37 - [MESSAGE][PASSED] - 24 options of object 'Object Repository/Schedule7/Page_KDMC - CMS/select_--Select--Absorbable su' counted

2018-05-04 18:09:37 - [TEST_STEP][FAILED] - Statement - For ([w = 1, w < SelectedOptions, (w++)]): Unable to set text '500' of object 'Object Repository/Schedule7/Page_KDMC - CMS/input_txttreat' (Root cause: org.openqa.selenium.WebDriverException: unknown error: cannot focus element
  (Session info: chrome=66.0.3359.139)
  (Driver info: chromedriver=2.35.528161 (5b82f2d2aae0ca24b877009200ced9065a772e73),platform=Windows NT 10.0.16299 x86_64) (WARNING: The server did not provide any stacktrace information)
Command duration or timeout: 0 milliseconds
Build info: version: '3.7.1', revision: '8a0099a', time: '2017-11-06T21:07:36.161Z'
System info: host: 'DESKTOP-BLFTK83', ip: '192.168.71.2', os.name: 'Windows 10', os.arch: 'amd64', os.version: '10.0', java.version: '1.8.0_102'
Driver info: com.kms.katalon.selenium.driver.CChromeDriver
Capabilities {acceptInsecureCerts: false, acceptSslCerts: false, applicationCacheEnabled: false, browserConnectionEnabled: false, browserName: chrome, chrome: {chromedriverVersion: 2.35.528161 (5b82f2d2aae0ca..., userDataDir: C:\Users\QUALIT~1\AppData\L...}, cssSelectorsEnabled: true, databaseEnabled: false, handlesAlerts: true, hasTouchScreen: false, javascriptEnabled: true, locationContextEnabled: true, mobileEmulationEnabled: false, nativeEvents: true, networkConnectionEnabled: false, pageLoadStrategy: normal, platform: XP, platformName: XP, rotatable: false, setWindowRect: true, takesHeapSnapshot: true, takesScreenshot: true, unexpectedAlertBehaviour: , unhandledPromptBehavior: , version: 66.0.3359.139, webStorageEnabled: true}
Session ID: 3055fff05cb5e10eb1c65c4ef714331e)

2018-05-04 18:09:37 - [TEST_STEP][PASSED] - selectOptionByValue: All options with value '7' are selected in object 'Object Repository/Schedule7/Page_KDMC - CMS/select_--Select--Schedule 1Inj'  using regular expression

2018-05-04 18:09:37 - [MESSAGE][PASSED] - All options with value '7' are selected in object 'Object Repository/Schedule7/Page_KDMC - CMS/select_--Select--Schedule 1Inj'  using regular expression

2018-05-04 18:09:37 - [TEST_STEP][PASSED] - selectOptionByIndex: All options with index in [1] are selected on object 'Object Repository/Schedule7/Page_KDMC - CMS/select_--Select--Absorbable su'

2018-05-04 18:09:37 - [MESSAGE][PASSED] - All options with index in [1] are selected on object 'Object Repository/Schedule7/Page_KDMC - CMS/select_--Select--Absorbable su'

2018-05-04 18:09:37 - [TEST_STEP][PASSED] - setText: Text '500' is set on object 'Object Repository/Schedule7/Page_KDMC - CMS/input_txttreat'

2018-05-04 18:09:37 - [MESSAGE][PASSED] - Text '500' is set on object 'Object Repository/Schedule7/Page_KDMC - CMS/input_txttreat'

2018-05-04 18:09:37 - [TEST_STEP][PASSED] - click: Object: 'Object Repository/Schedule7/Page_KDMC - CMS/button_Add' is clicked on

2018-05-04 18:09:37 - [MESSAGE][PASSED] - Object: 'Object Repository/Schedule7/Page_KDMC - CMS/button_Add' is clicked on

2018-05-04 18:09:37 - [TEST_STEP][PASSED] - selectOptionByValue: All options with value '7' are selected in object 'Object Repository/Schedule7/Page_KDMC - CMS/select_--Select--Schedule 1Inj'  using regular expression

2018-05-04 18:09:38 - [MESSAGE][PASSED] - All options with value '7' are selected in object 'Object Repository/Schedule7/Page_KDMC - CMS/select_--Select--Schedule 1Inj'  using regular expression

2018-05-04 18:09:38 - [TEST_STEP][PASSED] - selectOptionByIndex: All options with index in [2] are selected on object 'Object Repository/Schedule7/Page_KDMC - CMS/select_--Select--Absorbable su'

2018-05-04 18:09:38 - [MESSAGE][PASSED] - All options with index in [2] are selected on object 'Object Repository/Schedule7/Page_KDMC - CMS/select_--Select--Absorbable su'

2018-05-04 18:09:38 - [TEST_STEP][PASSED] - setText: Text '500' is set on object 'Object Repository/Schedule7/Page_KDMC - CMS/input_txttreat'

2018-05-04 18:09:38 - [MESSAGE][PASSED] - Text '500' is set on object 'Object Repository/Schedule7/Page_KDMC - CMS/input_txttreat'

2018-05-04 18:09:38 - [TEST_STEP][PASSED] - click: Object: 'Object Repository/Schedule7/Page_KDMC - CMS/button_Add' is clicked on

2018-05-04 18:09:38 - [MESSAGE][PASSED] - Object: 'Object Repository/Schedule7/Page_KDMC - CMS/button_Add' is clicked on

2018-05-04 18:09:38 - [TEST_STEP][PASSED] - selectOptionByValue: All options with value '7' are selected in object 'Object Repository/Schedule7/Page_KDMC - CMS/select_--Select--Schedule 1Inj'  using regular expression

2018-05-04 18:09:38 - [MESSAGE][PASSED] - All options with value '7' are selected in object 'Object Repository/Schedule7/Page_KDMC - CMS/select_--Select--Schedule 1Inj'  using regular expression

2018-05-04 18:09:38 - [TEST_STEP][PASSED] - selectOptionByIndex: All options with index in [3] are selected on object 'Object Repository/Schedule7/Page_KDMC - CMS/select_--Select--Absorbable su'

2018-05-04 18:09:39 - [MESSAGE][PASSED] - All options with index in [3] are selected on object 'Object Repository/Schedule7/Page_KDMC - CMS/select_--Select--Absorbable su'

2018-05-04 18:09:39 - [TEST_STEP][FAILED] - setText: Unable to set text '500' of object 'Object Repository/Schedule7/Page_KDMC - CMS/input_txttreat' (Root cause: org.openqa.selenium.WebDriverException: unknown error: cannot focus element
  (Session info: chrome=66.0.3359.139)
  (Driver info: chromedriver=2.35.528161 (5b82f2d2aae0ca24b877009200ced9065a772e73),platform=Windows NT 10.0.16299 x86_64) (WARNING: The server did not provide any stacktrace information)
Command duration or timeout: 0 milliseconds
Build info: version: '3.7.1', revision: '8a0099a', time: '2017-11-06T21:07:36.161Z'
System info: host: 'DESKTOP-BLFTK83', ip: '192.168.71.2', os.name: 'Windows 10', os.arch: 'amd64', os.version: '10.0', java.version: '1.8.0_102'
Driver info: com.kms.katalon.selenium.driver.CChromeDriver
Capabilities {acceptInsecureCerts: false, acceptSslCerts: false, applicationCacheEnabled: false, browserConnectionEnabled: false, browserName: chrome, chrome: {chromedriverVersion: 2.35.528161 (5b82f2d2aae0ca..., userDataDir: C:\Users\QUALIT~1\AppData\L...}, cssSelectorsEnabled: true, databaseEnabled: false, handlesAlerts: true, hasTouchScreen: false, javascriptEnabled: true, locationContextEnabled: true, mobileEmulationEnabled: false, nativeEvents: true, networkConnectionEnabled: false, pageLoadStrategy: normal, platform: XP, platformName: XP, rotatable: false, setWindowRect: true, takesHeapSnapshot: true, takesScreenshot: true, unexpectedAlertBehaviour: , unhandledPromptBehavior: , version: 66.0.3359.139, webStorageEnabled: true}
Session ID: 3055fff05cb5e10eb1c65c4ef714331e)

2018-05-04 18:09:39 - [MESSAGE][FAILED] - Unable to set text '500' of object 'Object Repository/Schedule7/Page_KDMC - CMS/input_txttreat' (Root cause: org.openqa.selenium.WebDriverException: unknown error: cannot focus element
  (Session info: chrome=66.0.3359.139)
  (Driver info: chromedriver=2.35.528161 (5b82f2d2aae0ca24b877009200ced9065a772e73),platform=Windows NT 10.0.16299 x86_64) (WARNING: The server did not provide any stacktrace information)
Command duration or timeout: 0 milliseconds
Build info: version: '3.7.1', revision: '8a0099a', time: '2017-11-06T21:07:36.161Z'
System info: host: 'DESKTOP-BLFTK83', ip: '192.168.71.2', os.name: 'Windows 10', os.arch: 'amd64', os.version: '10.0', java.version: '1.8.0_102'
Driver info: com.kms.katalon.selenium.driver.CChromeDriver
Capabilities {acceptInsecureCerts: false, acceptSslCerts: false, applicationCacheEnabled: false, browserConnectionEnabled: false, browserName: chrome, chrome: {chromedriverVersion: 2.35.528161 (5b82f2d2aae0ca..., userDataDir: C:\Users\QUALIT~1\AppData\L...}, cssSelectorsEnabled: true, databaseEnabled: false, handlesAlerts: true, hasTouchScreen: false, javascriptEnabled: true, locationContextEnabled: true, mobileEmulationEnabled: false, nativeEvents: true, networkConnectionEnabled: false, pageLoadStrategy: normal, platform: XP, platformName: XP, rotatable: false, setWindowRect: true, takesHeapSnapshot: true, takesScreenshot: true, unexpectedAlertBehaviour: , unhandledPromptBehavior: , version: 66.0.3359.139, webStorageEnabled: true}
Session ID: 3055fff05cb5e10eb1c65c4ef714331e)
[[ATTACHMENT|C:\\Users\\Quality Analyst\\Katalon Studio\\ds\\Reports\\Moh_Request\\20180504_180515\\1525437579088.png]]]]></system-out>
         <system-err><![CDATA[2018-05-04 18:09:24 - [TEST_CASE][FAILED] - Test Cases/MOHTOCMSREQUEST/MohRequestSchedule7: Test Cases/MOHTOCMSREQUEST/MohRequestSchedule7 FAILED because (of) Unable to set text '500' of object 'Object Repository/Schedule7/Page_KDMC - CMS/input_txttreat' (Root cause: org.openqa.selenium.WebDriverException: unknown error: cannot focus element
  (Session info: chrome=66.0.3359.139)
  (Driver info: chromedriver=2.35.528161 (5b82f2d2aae0ca24b877009200ced9065a772e73),platform=Windows NT 10.0.16299 x86_64) (WARNING: The server did not provide any stacktrace information)
Command duration or timeout: 0 milliseconds
Build info: version: '3.7.1', revision: '8a0099a', time: '2017-11-06T21:07:36.161Z'
System info: host: 'DESKTOP-BLFTK83', ip: '192.168.71.2', os.name: 'Windows 10', os.arch: 'amd64', os.version: '10.0', java.version: '1.8.0_102'
Driver info: com.kms.katalon.selenium.driver.CChromeDriver
Capabilities {acceptInsecureCerts: false, acceptSslCerts: false, applicationCacheEnabled: false, browserConnectionEnabled: false, browserName: chrome, chrome: {chromedriverVersion: 2.35.528161 (5b82f2d2aae0ca..., userDataDir: C:\Users\QUALIT~1\AppData\L...}, cssSelectorsEnabled: true, databaseEnabled: false, handlesAlerts: true, hasTouchScreen: false, javascriptEnabled: true, locationContextEnabled: true, mobileEmulationEnabled: false, nativeEvents: true, networkConnectionEnabled: false, pageLoadStrategy: normal, platform: XP, platformName: XP, rotatable: false, setWindowRect: true, takesHeapSnapshot: true, takesScreenshot: true, unexpectedAlertBehaviour: , unhandledPromptBehavior: , version: 66.0.3359.139, webStorageEnabled: true}
Session ID: 3055fff05cb5e10eb1c65c4ef714331e)]]></system-err>
      </testcase>
      <testcase name="Test Cases/MOHTOCMSREQUEST/MohRequestSchedule8" classname="Test Cases/MOHTOCMSREQUEST/MohRequestSchedule8" status="PASSED">
         <system-out><![CDATA[2018-05-04 18:09:39 - [TEST_CASE][PASSED] - Test Cases/MOHTOCMSREQUEST/MohRequestSchedule8: Test Cases/MOHTOCMSREQUEST/MohRequestSchedule8

2018-05-04 18:09:39 - [TEST_STEP][PASSED] - openBrowser: Browser is opened with url: ''

2018-05-04 18:09:39 - [MESSAGE][WARNING] - A browser is already opened. Closing browser and opening a new one

2018-05-04 18:09:42 - [MESSAGE][PASSED] - Browser is opened with url: ''

2018-05-04 18:09:42 - [TEST_STEP][PASSED] - navigateToUrl: Navigate to 'http://192.168.137.1/multihospital_new/' successfully

2018-05-04 18:09:45 - [MESSAGE][PASSED] - Navigate to 'http://192.168.137.1/multihospital_new/' successfully

2018-05-04 18:09:45 - [TEST_STEP][PASSED] - maximizeWindow: Current window maximized

2018-05-04 18:09:46 - [MESSAGE][PASSED] - Current window maximized

2018-05-04 18:09:46 - [TEST_STEP][PASSED] - click: Object: 'Object Repository/Schedule8/Page_KDMC/a_CMS' is clicked on

2018-05-04 18:09:47 - [MESSAGE][PASSED] - Object: 'Object Repository/Schedule8/Page_KDMC/a_CMS' is clicked on

2018-05-04 18:09:47 - [TEST_STEP][PASSED] - setText: Text 'bala' is set on object 'Object Repository/Schedule8/Page_CMS login/input_txtusername'

2018-05-04 18:09:47 - [MESSAGE][PASSED] - Text 'bala' is set on object 'Object Repository/Schedule8/Page_CMS login/input_txtusername'

2018-05-04 18:09:47 - [TEST_STEP][PASSED] - setText: Text '123' is set on object 'Object Repository/Schedule8/Page_CMS login/input_txtpassword'

2018-05-04 18:09:47 - [MESSAGE][PASSED] - Text '123' is set on object 'Object Repository/Schedule8/Page_CMS login/input_txtpassword'

2018-05-04 18:09:47 - [TEST_STEP][PASSED] - delay: Delayed 3 second(s)

2018-05-04 18:09:50 - [MESSAGE][PASSED] - Delayed 3 second(s)

2018-05-04 18:09:50 - [TEST_STEP][PASSED] - click: Object: 'Object Repository/Schedule8/Page_CMS login/button_Sign in' is clicked on

2018-05-04 18:09:51 - [MESSAGE][PASSED] - Object: 'Object Repository/Schedule8/Page_CMS login/button_Sign in' is clicked on

2018-05-04 18:09:51 - [TEST_STEP][PASSED] - click: Object: 'Object Repository/Schedule8/Page_KDMC - CMS/a_Request to MOH' is clicked on

2018-05-04 18:09:52 - [MESSAGE][PASSED] - Object: 'Object Repository/Schedule8/Page_KDMC - CMS/a_Request to MOH' is clicked on

2018-05-04 18:09:52 - [TEST_STEP][PASSED] - selectOptionByIndex: All options with index in [2] are selected on object 'Object Repository/Schedule8/Page_KDMC - CMS/select_--Select--'

2018-05-04 18:09:52 - [MESSAGE][PASSED] - All options with index in [2] are selected on object 'Object Repository/Schedule8/Page_KDMC - CMS/select_--Select--'

2018-05-04 18:09:52 - [TEST_STEP][PASSED] - selectOptionByIndex: All options with index in [8] are selected on object 'Object Repository/Schedule8/Page_KDMC - CMS/select_--Select--Schedule 1Inj'

2018-05-04 18:09:52 - [MESSAGE][PASSED] - All options with index in [8] are selected on object 'Object Repository/Schedule8/Page_KDMC - CMS/select_--Select--Schedule 1Inj'

2018-05-04 18:09:52 - [TEST_STEP][PASSED] - Statement - SelectedOption = com.kms.katalon.core.webui.keyword.WebUiBuiltInKeywords.getNumberOfTotalOption(com.kms.katalon.core.testobject.ObjectRepository.findTestObject(Schedule8/Page_KDMC - CMS/select_--Select--Disposable de)): 18 options of object 'Object Repository/Schedule8/Page_KDMC - CMS/select_--Select--Disposable de' counted

2018-05-04 18:09:52 - [MESSAGE][PASSED] - 18 options of object 'Object Repository/Schedule8/Page_KDMC - CMS/select_--Select--Disposable de' counted

2018-05-04 18:09:52 - [TEST_STEP][PASSED] - Statement - For ([r = 1, r < SelectedOption, (r++)]): Object: 'Object Repository/Schedule8/Page_KDMC - CMS/button_Add' is clicked on

2018-05-04 18:09:52 - [TEST_STEP][PASSED] - selectOptionByIndex: All options with index in [8] are selected on object 'Object Repository/Schedule8/Page_KDMC - CMS/select_--Select--Schedule 1Inj'

2018-05-04 18:09:52 - [MESSAGE][PASSED] - All options with index in [8] are selected on object 'Object Repository/Schedule8/Page_KDMC - CMS/select_--Select--Schedule 1Inj'

2018-05-04 18:09:52 - [TEST_STEP][PASSED] - selectOptionByIndex: All options with index in [1] are selected on object 'Object Repository/Schedule8/Page_KDMC - CMS/select_--Select--Disposable de'

2018-05-04 18:09:53 - [MESSAGE][PASSED] - All options with index in [1] are selected on object 'Object Repository/Schedule8/Page_KDMC - CMS/select_--Select--Disposable de'

2018-05-04 18:09:53 - [TEST_STEP][PASSED] - setText: Text '50000' is set on object 'Object Repository/Schedule8/Page_KDMC - CMS/input_txttreat'

2018-05-04 18:09:53 - [MESSAGE][PASSED] - Text '50000' is set on object 'Object Repository/Schedule8/Page_KDMC - CMS/input_txttreat'

2018-05-04 18:09:53 - [TEST_STEP][PASSED] - click: Object: 'Object Repository/Schedule8/Page_KDMC - CMS/button_Add' is clicked on

2018-05-04 18:09:53 - [MESSAGE][PASSED] - Object: 'Object Repository/Schedule8/Page_KDMC - CMS/button_Add' is clicked on

2018-05-04 18:09:53 - [TEST_STEP][PASSED] - selectOptionByIndex: All options with index in [8] are selected on object 'Object Repository/Schedule8/Page_KDMC - CMS/select_--Select--Schedule 1Inj'

2018-05-04 18:09:53 - [MESSAGE][PASSED] - All options with index in [8] are selected on object 'Object Repository/Schedule8/Page_KDMC - CMS/select_--Select--Schedule 1Inj'

2018-05-04 18:09:53 - [TEST_STEP][PASSED] - selectOptionByIndex: All options with index in [2] are selected on object 'Object Repository/Schedule8/Page_KDMC - CMS/select_--Select--Disposable de'

2018-05-04 18:09:53 - [MESSAGE][PASSED] - All options with index in [2] are selected on object 'Object Repository/Schedule8/Page_KDMC - CMS/select_--Select--Disposable de'

2018-05-04 18:09:53 - [TEST_STEP][PASSED] - setText: Text '50000' is set on object 'Object Repository/Schedule8/Page_KDMC - CMS/input_txttreat'

2018-05-04 18:09:53 - [MESSAGE][PASSED] - Text '50000' is set on object 'Object Repository/Schedule8/Page_KDMC - CMS/input_txttreat'

2018-05-04 18:09:53 - [TEST_STEP][PASSED] - click: Object: 'Object Repository/Schedule8/Page_KDMC - CMS/button_Add' is clicked on

2018-05-04 18:09:53 - [MESSAGE][PASSED] - Object: 'Object Repository/Schedule8/Page_KDMC - CMS/button_Add' is clicked on

2018-05-04 18:09:53 - [TEST_STEP][PASSED] - selectOptionByIndex: All options with index in [8] are selected on object 'Object Repository/Schedule8/Page_KDMC - CMS/select_--Select--Schedule 1Inj'

2018-05-04 18:09:53 - [MESSAGE][PASSED] - All options with index in [8] are selected on object 'Object Repository/Schedule8/Page_KDMC - CMS/select_--Select--Schedule 1Inj'

2018-05-04 18:09:53 - [TEST_STEP][PASSED] - selectOptionByIndex: All options with index in [3] are selected on object 'Object Repository/Schedule8/Page_KDMC - CMS/select_--Select--Disposable de'

2018-05-04 18:09:54 - [MESSAGE][PASSED] - All options with index in [3] are selected on object 'Object Repository/Schedule8/Page_KDMC - CMS/select_--Select--Disposable de'

2018-05-04 18:09:54 - [TEST_STEP][PASSED] - setText: Text '50000' is set on object 'Object Repository/Schedule8/Page_KDMC - CMS/input_txttreat'

2018-05-04 18:09:54 - [MESSAGE][PASSED] - Text '50000' is set on object 'Object Repository/Schedule8/Page_KDMC - CMS/input_txttreat'

2018-05-04 18:09:54 - [TEST_STEP][PASSED] - click: Object: 'Object Repository/Schedule8/Page_KDMC - CMS/button_Add' is clicked on

2018-05-04 18:09:54 - [MESSAGE][PASSED] - Object: 'Object Repository/Schedule8/Page_KDMC - CMS/button_Add' is clicked on

2018-05-04 18:09:54 - [TEST_STEP][PASSED] - selectOptionByIndex: All options with index in [8] are selected on object 'Object Repository/Schedule8/Page_KDMC - CMS/select_--Select--Schedule 1Inj'

2018-05-04 18:09:54 - [MESSAGE][PASSED] - All options with index in [8] are selected on object 'Object Repository/Schedule8/Page_KDMC - CMS/select_--Select--Schedule 1Inj'

2018-05-04 18:09:54 - [TEST_STEP][PASSED] - selectOptionByIndex: All options with index in [4] are selected on object 'Object Repository/Schedule8/Page_KDMC - CMS/select_--Select--Disposable de'

2018-05-04 18:09:54 - [MESSAGE][PASSED] - All options with index in [4] are selected on object 'Object Repository/Schedule8/Page_KDMC - CMS/select_--Select--Disposable de'

2018-05-04 18:09:54 - [TEST_STEP][PASSED] - setText: Text '50000' is set on object 'Object Repository/Schedule8/Page_KDMC - CMS/input_txttreat'

2018-05-04 18:09:54 - [MESSAGE][PASSED] - Text '50000' is set on object 'Object Repository/Schedule8/Page_KDMC - CMS/input_txttreat'

2018-05-04 18:09:54 - [TEST_STEP][PASSED] - click: Object: 'Object Repository/Schedule8/Page_KDMC - CMS/button_Add' is clicked on

2018-05-04 18:09:54 - [MESSAGE][PASSED] - Object: 'Object Repository/Schedule8/Page_KDMC - CMS/button_Add' is clicked on

2018-05-04 18:09:54 - [TEST_STEP][PASSED] - selectOptionByIndex: All options with index in [8] are selected on object 'Object Repository/Schedule8/Page_KDMC - CMS/select_--Select--Schedule 1Inj'

2018-05-04 18:09:54 - [MESSAGE][PASSED] - All options with index in [8] are selected on object 'Object Repository/Schedule8/Page_KDMC - CMS/select_--Select--Schedule 1Inj'

2018-05-04 18:09:54 - [TEST_STEP][PASSED] - selectOptionByIndex: All options with index in [5] are selected on object 'Object Repository/Schedule8/Page_KDMC - CMS/select_--Select--Disposable de'

2018-05-04 18:09:54 - [MESSAGE][PASSED] - All options with index in [5] are selected on object 'Object Repository/Schedule8/Page_KDMC - CMS/select_--Select--Disposable de'

2018-05-04 18:09:54 - [TEST_STEP][PASSED] - setText: Text '50000' is set on object 'Object Repository/Schedule8/Page_KDMC - CMS/input_txttreat'

2018-05-04 18:09:55 - [MESSAGE][PASSED] - Text '50000' is set on object 'Object Repository/Schedule8/Page_KDMC - CMS/input_txttreat'

2018-05-04 18:09:55 - [TEST_STEP][PASSED] - click: Object: 'Object Repository/Schedule8/Page_KDMC - CMS/button_Add' is clicked on

2018-05-04 18:09:55 - [MESSAGE][PASSED] - Object: 'Object Repository/Schedule8/Page_KDMC - CMS/button_Add' is clicked on

2018-05-04 18:09:55 - [TEST_STEP][PASSED] - selectOptionByIndex: All options with index in [8] are selected on object 'Object Repository/Schedule8/Page_KDMC - CMS/select_--Select--Schedule 1Inj'

2018-05-04 18:09:55 - [MESSAGE][PASSED] - All options with index in [8] are selected on object 'Object Repository/Schedule8/Page_KDMC - CMS/select_--Select--Schedule 1Inj'

2018-05-04 18:09:55 - [TEST_STEP][PASSED] - selectOptionByIndex: All options with index in [6] are selected on object 'Object Repository/Schedule8/Page_KDMC - CMS/select_--Select--Disposable de'

2018-05-04 18:09:55 - [MESSAGE][PASSED] - All options with index in [6] are selected on object 'Object Repository/Schedule8/Page_KDMC - CMS/select_--Select--Disposable de'

2018-05-04 18:09:55 - [TEST_STEP][PASSED] - setText: Text '50000' is set on object 'Object Repository/Schedule8/Page_KDMC - CMS/input_txttreat'

2018-05-04 18:09:55 - [MESSAGE][PASSED] - Text '50000' is set on object 'Object Repository/Schedule8/Page_KDMC - CMS/input_txttreat'

2018-05-04 18:09:55 - [TEST_STEP][PASSED] - click: Object: 'Object Repository/Schedule8/Page_KDMC - CMS/button_Add' is clicked on

2018-05-04 18:09:55 - [MESSAGE][PASSED] - Object: 'Object Repository/Schedule8/Page_KDMC - CMS/button_Add' is clicked on

2018-05-04 18:09:55 - [TEST_STEP][PASSED] - selectOptionByIndex: All options with index in [8] are selected on object 'Object Repository/Schedule8/Page_KDMC - CMS/select_--Select--Schedule 1Inj'

2018-05-04 18:09:55 - [MESSAGE][PASSED] - All options with index in [8] are selected on object 'Object Repository/Schedule8/Page_KDMC - CMS/select_--Select--Schedule 1Inj'

2018-05-04 18:09:55 - [TEST_STEP][PASSED] - selectOptionByIndex: All options with index in [7] are selected on object 'Object Repository/Schedule8/Page_KDMC - CMS/select_--Select--Disposable de'

2018-05-04 18:09:55 - [MESSAGE][PASSED] - All options with index in [7] are selected on object 'Object Repository/Schedule8/Page_KDMC - CMS/select_--Select--Disposable de'

2018-05-04 18:09:55 - [TEST_STEP][PASSED] - setText: Text '50000' is set on object 'Object Repository/Schedule8/Page_KDMC - CMS/input_txttreat'

2018-05-04 18:09:56 - [MESSAGE][PASSED] - Text '50000' is set on object 'Object Repository/Schedule8/Page_KDMC - CMS/input_txttreat'

2018-05-04 18:09:56 - [TEST_STEP][PASSED] - click: Object: 'Object Repository/Schedule8/Page_KDMC - CMS/button_Add' is clicked on

2018-05-04 18:09:56 - [MESSAGE][PASSED] - Object: 'Object Repository/Schedule8/Page_KDMC - CMS/button_Add' is clicked on

2018-05-04 18:09:56 - [TEST_STEP][PASSED] - selectOptionByIndex: All options with index in [8] are selected on object 'Object Repository/Schedule8/Page_KDMC - CMS/select_--Select--Schedule 1Inj'

2018-05-04 18:09:56 - [MESSAGE][PASSED] - All options with index in [8] are selected on object 'Object Repository/Schedule8/Page_KDMC - CMS/select_--Select--Schedule 1Inj'

2018-05-04 18:09:56 - [TEST_STEP][PASSED] - selectOptionByIndex: All options with index in [8] are selected on object 'Object Repository/Schedule8/Page_KDMC - CMS/select_--Select--Disposable de'

2018-05-04 18:09:56 - [MESSAGE][PASSED] - All options with index in [8] are selected on object 'Object Repository/Schedule8/Page_KDMC - CMS/select_--Select--Disposable de'

2018-05-04 18:09:56 - [TEST_STEP][PASSED] - setText: Text '50000' is set on object 'Object Repository/Schedule8/Page_KDMC - CMS/input_txttreat'

2018-05-04 18:09:57 - [MESSAGE][PASSED] - Text '50000' is set on object 'Object Repository/Schedule8/Page_KDMC - CMS/input_txttreat'

2018-05-04 18:09:57 - [TEST_STEP][PASSED] - click: Object: 'Object Repository/Schedule8/Page_KDMC - CMS/button_Add' is clicked on

2018-05-04 18:09:57 - [MESSAGE][PASSED] - Object: 'Object Repository/Schedule8/Page_KDMC - CMS/button_Add' is clicked on

2018-05-04 18:09:57 - [TEST_STEP][PASSED] - selectOptionByIndex: All options with index in [8] are selected on object 'Object Repository/Schedule8/Page_KDMC - CMS/select_--Select--Schedule 1Inj'

2018-05-04 18:09:57 - [MESSAGE][PASSED] - All options with index in [8] are selected on object 'Object Repository/Schedule8/Page_KDMC - CMS/select_--Select--Schedule 1Inj'

2018-05-04 18:09:57 - [TEST_STEP][PASSED] - selectOptionByIndex: All options with index in [9] are selected on object 'Object Repository/Schedule8/Page_KDMC - CMS/select_--Select--Disposable de'

2018-05-04 18:09:57 - [MESSAGE][PASSED] - All options with index in [9] are selected on object 'Object Repository/Schedule8/Page_KDMC - CMS/select_--Select--Disposable de'

2018-05-04 18:09:57 - [TEST_STEP][PASSED] - setText: Text '50000' is set on object 'Object Repository/Schedule8/Page_KDMC - CMS/input_txttreat'

2018-05-04 18:09:58 - [MESSAGE][PASSED] - Text '50000' is set on object 'Object Repository/Schedule8/Page_KDMC - CMS/input_txttreat'

2018-05-04 18:09:58 - [TEST_STEP][PASSED] - click: Object: 'Object Repository/Schedule8/Page_KDMC - CMS/button_Add' is clicked on

2018-05-04 18:09:58 - [MESSAGE][PASSED] - Object: 'Object Repository/Schedule8/Page_KDMC - CMS/button_Add' is clicked on

2018-05-04 18:09:58 - [TEST_STEP][PASSED] - selectOptionByIndex: All options with index in [8] are selected on object 'Object Repository/Schedule8/Page_KDMC - CMS/select_--Select--Schedule 1Inj'

2018-05-04 18:09:58 - [MESSAGE][PASSED] - All options with index in [8] are selected on object 'Object Repository/Schedule8/Page_KDMC - CMS/select_--Select--Schedule 1Inj'

2018-05-04 18:09:58 - [TEST_STEP][PASSED] - selectOptionByIndex: All options with index in [10] are selected on object 'Object Repository/Schedule8/Page_KDMC - CMS/select_--Select--Disposable de'

2018-05-04 18:09:58 - [MESSAGE][PASSED] - All options with index in [10] are selected on object 'Object Repository/Schedule8/Page_KDMC - CMS/select_--Select--Disposable de'

2018-05-04 18:09:58 - [TEST_STEP][PASSED] - setText: Text '50000' is set on object 'Object Repository/Schedule8/Page_KDMC - CMS/input_txttreat'

2018-05-04 18:09:59 - [MESSAGE][PASSED] - Text '50000' is set on object 'Object Repository/Schedule8/Page_KDMC - CMS/input_txttreat'

2018-05-04 18:09:59 - [TEST_STEP][PASSED] - click: Object: 'Object Repository/Schedule8/Page_KDMC - CMS/button_Add' is clicked on

2018-05-04 18:09:59 - [MESSAGE][PASSED] - Object: 'Object Repository/Schedule8/Page_KDMC - CMS/button_Add' is clicked on

2018-05-04 18:09:59 - [TEST_STEP][PASSED] - selectOptionByIndex: All options with index in [8] are selected on object 'Object Repository/Schedule8/Page_KDMC - CMS/select_--Select--Schedule 1Inj'

2018-05-04 18:09:59 - [MESSAGE][PASSED] - All options with index in [8] are selected on object 'Object Repository/Schedule8/Page_KDMC - CMS/select_--Select--Schedule 1Inj'

2018-05-04 18:09:59 - [TEST_STEP][PASSED] - selectOptionByIndex: All options with index in [11] are selected on object 'Object Repository/Schedule8/Page_KDMC - CMS/select_--Select--Disposable de'

2018-05-04 18:10:00 - [MESSAGE][PASSED] - All options with index in [11] are selected on object 'Object Repository/Schedule8/Page_KDMC - CMS/select_--Select--Disposable de'

2018-05-04 18:10:00 - [TEST_STEP][PASSED] - setText: Text '50000' is set on object 'Object Repository/Schedule8/Page_KDMC - CMS/input_txttreat'

2018-05-04 18:10:00 - [MESSAGE][PASSED] - Text '50000' is set on object 'Object Repository/Schedule8/Page_KDMC - CMS/input_txttreat'

2018-05-04 18:10:00 - [TEST_STEP][PASSED] - click: Object: 'Object Repository/Schedule8/Page_KDMC - CMS/button_Add' is clicked on

2018-05-04 18:10:00 - [MESSAGE][PASSED] - Object: 'Object Repository/Schedule8/Page_KDMC - CMS/button_Add' is clicked on

2018-05-04 18:10:00 - [TEST_STEP][PASSED] - selectOptionByIndex: All options with index in [8] are selected on object 'Object Repository/Schedule8/Page_KDMC - CMS/select_--Select--Schedule 1Inj'

2018-05-04 18:10:00 - [MESSAGE][PASSED] - All options with index in [8] are selected on object 'Object Repository/Schedule8/Page_KDMC - CMS/select_--Select--Schedule 1Inj'

2018-05-04 18:10:00 - [TEST_STEP][PASSED] - selectOptionByIndex: All options with index in [12] are selected on object 'Object Repository/Schedule8/Page_KDMC - CMS/select_--Select--Disposable de'

2018-05-04 18:10:01 - [MESSAGE][PASSED] - All options with index in [12] are selected on object 'Object Repository/Schedule8/Page_KDMC - CMS/select_--Select--Disposable de'

2018-05-04 18:10:01 - [TEST_STEP][PASSED] - setText: Text '50000' is set on object 'Object Repository/Schedule8/Page_KDMC - CMS/input_txttreat'

2018-05-04 18:10:01 - [MESSAGE][PASSED] - Text '50000' is set on object 'Object Repository/Schedule8/Page_KDMC - CMS/input_txttreat'

2018-05-04 18:10:01 - [TEST_STEP][PASSED] - click: Object: 'Object Repository/Schedule8/Page_KDMC - CMS/button_Add' is clicked on

2018-05-04 18:10:01 - [MESSAGE][PASSED] - Object: 'Object Repository/Schedule8/Page_KDMC - CMS/button_Add' is clicked on

2018-05-04 18:10:01 - [TEST_STEP][PASSED] - selectOptionByIndex: All options with index in [8] are selected on object 'Object Repository/Schedule8/Page_KDMC - CMS/select_--Select--Schedule 1Inj'

2018-05-04 18:10:01 - [MESSAGE][PASSED] - All options with index in [8] are selected on object 'Object Repository/Schedule8/Page_KDMC - CMS/select_--Select--Schedule 1Inj'

2018-05-04 18:10:01 - [TEST_STEP][PASSED] - selectOptionByIndex: All options with index in [13] are selected on object 'Object Repository/Schedule8/Page_KDMC - CMS/select_--Select--Disposable de'

2018-05-04 18:10:02 - [MESSAGE][PASSED] - All options with index in [13] are selected on object 'Object Repository/Schedule8/Page_KDMC - CMS/select_--Select--Disposable de'

2018-05-04 18:10:02 - [TEST_STEP][PASSED] - setText: Text '50000' is set on object 'Object Repository/Schedule8/Page_KDMC - CMS/input_txttreat'

2018-05-04 18:10:02 - [MESSAGE][PASSED] - Text '50000' is set on object 'Object Repository/Schedule8/Page_KDMC - CMS/input_txttreat'

2018-05-04 18:10:02 - [TEST_STEP][PASSED] - click: Object: 'Object Repository/Schedule8/Page_KDMC - CMS/button_Add' is clicked on

2018-05-04 18:10:02 - [MESSAGE][PASSED] - Object: 'Object Repository/Schedule8/Page_KDMC - CMS/button_Add' is clicked on

2018-05-04 18:10:02 - [TEST_STEP][PASSED] - selectOptionByIndex: All options with index in [8] are selected on object 'Object Repository/Schedule8/Page_KDMC - CMS/select_--Select--Schedule 1Inj'

2018-05-04 18:10:02 - [MESSAGE][PASSED] - All options with index in [8] are selected on object 'Object Repository/Schedule8/Page_KDMC - CMS/select_--Select--Schedule 1Inj'

2018-05-04 18:10:02 - [TEST_STEP][PASSED] - selectOptionByIndex: All options with index in [14] are selected on object 'Object Repository/Schedule8/Page_KDMC - CMS/select_--Select--Disposable de'

2018-05-04 18:10:03 - [MESSAGE][PASSED] - All options with index in [14] are selected on object 'Object Repository/Schedule8/Page_KDMC - CMS/select_--Select--Disposable de'

2018-05-04 18:10:03 - [TEST_STEP][PASSED] - setText: Text '50000' is set on object 'Object Repository/Schedule8/Page_KDMC - CMS/input_txttreat'

2018-05-04 18:10:03 - [MESSAGE][PASSED] - Text '50000' is set on object 'Object Repository/Schedule8/Page_KDMC - CMS/input_txttreat'

2018-05-04 18:10:03 - [TEST_STEP][PASSED] - click: Object: 'Object Repository/Schedule8/Page_KDMC - CMS/button_Add' is clicked on

2018-05-04 18:10:03 - [MESSAGE][PASSED] - Object: 'Object Repository/Schedule8/Page_KDMC - CMS/button_Add' is clicked on

2018-05-04 18:10:03 - [TEST_STEP][PASSED] - selectOptionByIndex: All options with index in [8] are selected on object 'Object Repository/Schedule8/Page_KDMC - CMS/select_--Select--Schedule 1Inj'

2018-05-04 18:10:03 - [MESSAGE][PASSED] - All options with index in [8] are selected on object 'Object Repository/Schedule8/Page_KDMC - CMS/select_--Select--Schedule 1Inj'

2018-05-04 18:10:03 - [TEST_STEP][PASSED] - selectOptionByIndex: All options with index in [15] are selected on object 'Object Repository/Schedule8/Page_KDMC - CMS/select_--Select--Disposable de'

2018-05-04 18:10:04 - [MESSAGE][PASSED] - All options with index in [15] are selected on object 'Object Repository/Schedule8/Page_KDMC - CMS/select_--Select--Disposable de'

2018-05-04 18:10:04 - [TEST_STEP][PASSED] - setText: Text '50000' is set on object 'Object Repository/Schedule8/Page_KDMC - CMS/input_txttreat'

2018-05-04 18:10:04 - [MESSAGE][PASSED] - Text '50000' is set on object 'Object Repository/Schedule8/Page_KDMC - CMS/input_txttreat'

2018-05-04 18:10:04 - [TEST_STEP][PASSED] - click: Object: 'Object Repository/Schedule8/Page_KDMC - CMS/button_Add' is clicked on

2018-05-04 18:10:04 - [MESSAGE][PASSED] - Object: 'Object Repository/Schedule8/Page_KDMC - CMS/button_Add' is clicked on

2018-05-04 18:10:04 - [TEST_STEP][PASSED] - selectOptionByIndex: All options with index in [8] are selected on object 'Object Repository/Schedule8/Page_KDMC - CMS/select_--Select--Schedule 1Inj'

2018-05-04 18:10:04 - [MESSAGE][PASSED] - All options with index in [8] are selected on object 'Object Repository/Schedule8/Page_KDMC - CMS/select_--Select--Schedule 1Inj'

2018-05-04 18:10:04 - [TEST_STEP][PASSED] - selectOptionByIndex: All options with index in [16] are selected on object 'Object Repository/Schedule8/Page_KDMC - CMS/select_--Select--Disposable de'

2018-05-04 18:10:05 - [MESSAGE][PASSED] - All options with index in [16] are selected on object 'Object Repository/Schedule8/Page_KDMC - CMS/select_--Select--Disposable de'

2018-05-04 18:10:05 - [TEST_STEP][PASSED] - setText: Text '50000' is set on object 'Object Repository/Schedule8/Page_KDMC - CMS/input_txttreat'

2018-05-04 18:10:05 - [MESSAGE][PASSED] - Text '50000' is set on object 'Object Repository/Schedule8/Page_KDMC - CMS/input_txttreat'

2018-05-04 18:10:05 - [TEST_STEP][PASSED] - click: Object: 'Object Repository/Schedule8/Page_KDMC - CMS/button_Add' is clicked on

2018-05-04 18:10:05 - [MESSAGE][PASSED] - Object: 'Object Repository/Schedule8/Page_KDMC - CMS/button_Add' is clicked on

2018-05-04 18:10:05 - [TEST_STEP][PASSED] - selectOptionByIndex: All options with index in [8] are selected on object 'Object Repository/Schedule8/Page_KDMC - CMS/select_--Select--Schedule 1Inj'

2018-05-04 18:10:05 - [MESSAGE][PASSED] - All options with index in [8] are selected on object 'Object Repository/Schedule8/Page_KDMC - CMS/select_--Select--Schedule 1Inj'

2018-05-04 18:10:05 - [TEST_STEP][PASSED] - selectOptionByIndex: All options with index in [17] are selected on object 'Object Repository/Schedule8/Page_KDMC - CMS/select_--Select--Disposable de'

2018-05-04 18:10:06 - [MESSAGE][PASSED] - All options with index in [17] are selected on object 'Object Repository/Schedule8/Page_KDMC - CMS/select_--Select--Disposable de'

2018-05-04 18:10:06 - [TEST_STEP][PASSED] - setText: Text '50000' is set on object 'Object Repository/Schedule8/Page_KDMC - CMS/input_txttreat'

2018-05-04 18:10:06 - [MESSAGE][PASSED] - Text '50000' is set on object 'Object Repository/Schedule8/Page_KDMC - CMS/input_txttreat'

2018-05-04 18:10:06 - [TEST_STEP][PASSED] - click: Object: 'Object Repository/Schedule8/Page_KDMC - CMS/button_Add' is clicked on

2018-05-04 18:10:06 - [MESSAGE][PASSED] - Object: 'Object Repository/Schedule8/Page_KDMC - CMS/button_Add' is clicked on

2018-05-04 18:10:06 - [TEST_STEP][PASSED] - scrollToElement: Scroll to object 'Object Repository/Schedule8/Page_KDMC - CMS/input_btnsave' successfully

2018-05-04 18:10:06 - [MESSAGE][PASSED] - Scroll to object 'Object Repository/Schedule8/Page_KDMC - CMS/input_btnsave' successfully

2018-05-04 18:10:06 - [TEST_STEP][PASSED] - click: Object: 'Object Repository/Schedule8/Page_KDMC - CMS/input_btnsave' is clicked on

2018-05-04 18:10:06 - [MESSAGE][PASSED] - Object: 'Object Repository/Schedule8/Page_KDMC - CMS/input_btnsave' is clicked on

2018-05-04 18:10:06 - [TEST_STEP][PASSED] - delay: Delayed 3 second(s)

2018-05-04 18:10:09 - [MESSAGE][PASSED] - Delayed 3 second(s)

2018-05-04 18:10:09 - [TEST_STEP][PASSED] - click: Object: 'Object Repository/Schedule8/Page_KDMC - CMS/button_OK' is clicked on

2018-05-04 18:10:10 - [MESSAGE][PASSED] - Object: 'Object Repository/Schedule8/Page_KDMC - CMS/button_OK' is clicked on

2018-05-04 18:10:10 - [TEST_STEP][PASSED] - delay: Delayed 3 second(s)

2018-05-04 18:10:13 - [MESSAGE][PASSED] - Delayed 3 second(s)

2018-05-04 18:10:13 - [TEST_STEP][PASSED] - click: Object: 'Object Repository/Schedule8/Page_KDMC - CMS/a_dropdown-toggle' is clicked on

2018-05-04 18:10:13 - [MESSAGE][PASSED] - Object: 'Object Repository/Schedule8/Page_KDMC - CMS/a_dropdown-toggle' is clicked on

2018-05-04 18:10:13 - [TEST_STEP][PASSED] - click: Object: 'Object Repository/Schedule8/Page_KDMC - CMS/a_Sign out' is clicked on

2018-05-04 18:10:13 - [MESSAGE][PASSED] - Object: 'Object Repository/Schedule8/Page_KDMC - CMS/a_Sign out' is clicked on

2018-05-04 18:10:13 - [TEST_STEP][PASSED] - deleteAllCookies: Delete all cookies successfully

2018-05-04 18:10:13 - [MESSAGE][PASSED] - Delete all cookies successfully

2018-05-04 18:10:13 - [TEST_STEP][PASSED] - closeBrowser: Browser is closed

2018-05-04 18:10:14 - [MESSAGE][PASSED] - Browser is closed]]></system-out>
         <system-err><![CDATA[]]></system-err>
      </testcase>
      <testcase name="Test Cases/MOHTOCMSREQUEST/MohRequestSchedule9" classname="Test Cases/MOHTOCMSREQUEST/MohRequestSchedule9" status="PASSED">
         <system-out><![CDATA[2018-05-04 18:10:14 - [TEST_CASE][PASSED] - Test Cases/MOHTOCMSREQUEST/MohRequestSchedule9: Test Cases/MOHTOCMSREQUEST/MohRequestSchedule9

2018-05-04 18:10:14 - [TEST_STEP][PASSED] - openBrowser: Browser is opened with url: ''

2018-05-04 18:10:16 - [MESSAGE][PASSED] - Browser is opened with url: ''

2018-05-04 18:10:16 - [TEST_STEP][PASSED] - navigateToUrl: Navigate to 'http://192.168.137.1/multihospital_new/' successfully

2018-05-04 18:10:18 - [MESSAGE][PASSED] - Navigate to 'http://192.168.137.1/multihospital_new/' successfully

2018-05-04 18:10:18 - [TEST_STEP][PASSED] - maximizeWindow: Current window maximized

2018-05-04 18:10:19 - [MESSAGE][PASSED] - Current window maximized

2018-05-04 18:10:19 - [TEST_STEP][PASSED] - click: Object: 'Object Repository/Schedule9/Page_KDMC/a_CMS' is clicked on

2018-05-04 18:10:20 - [MESSAGE][PASSED] - Object: 'Object Repository/Schedule9/Page_KDMC/a_CMS' is clicked on

2018-05-04 18:10:20 - [TEST_STEP][PASSED] - setText: Text 'bala' is set on object 'Object Repository/Schedule9/Page_CMS login/input_txtusername'

2018-05-04 18:10:20 - [MESSAGE][PASSED] - Text 'bala' is set on object 'Object Repository/Schedule9/Page_CMS login/input_txtusername'

2018-05-04 18:10:20 - [TEST_STEP][PASSED] - setText: Text '123' is set on object 'Object Repository/Schedule9/Page_CMS login/input_txtpassword'

2018-05-04 18:10:20 - [MESSAGE][PASSED] - Text '123' is set on object 'Object Repository/Schedule9/Page_CMS login/input_txtpassword'

2018-05-04 18:10:20 - [TEST_STEP][PASSED] - delay: Delayed 3 second(s)

2018-05-04 18:10:23 - [MESSAGE][PASSED] - Delayed 3 second(s)

2018-05-04 18:10:23 - [TEST_STEP][PASSED] - click: Object: 'Object Repository/Schedule9/Page_CMS login/button_Sign in' is clicked on

2018-05-04 18:10:24 - [MESSAGE][PASSED] - Object: 'Object Repository/Schedule9/Page_CMS login/button_Sign in' is clicked on

2018-05-04 18:10:24 - [TEST_STEP][PASSED] - click: Object: 'Object Repository/Schedule9/Page_KDMC - CMS/a_Request to MOH' is clicked on

2018-05-04 18:10:25 - [MESSAGE][PASSED] - Object: 'Object Repository/Schedule9/Page_KDMC - CMS/a_Request to MOH' is clicked on

2018-05-04 18:10:25 - [TEST_STEP][PASSED] - selectOptionByIndex: All options with index in [2] are selected on object 'Object Repository/Schedule9/Page_KDMC - CMS/select_--Select--'

2018-05-04 18:10:25 - [MESSAGE][PASSED] - All options with index in [2] are selected on object 'Object Repository/Schedule9/Page_KDMC - CMS/select_--Select--'

2018-05-04 18:10:25 - [TEST_STEP][PASSED] - selectOptionByIndex: All options with index in [9] are selected on object 'Object Repository/Schedule9/Page_KDMC - CMS/select_--Select--Schedule 1Inj'

2018-05-04 18:10:25 - [MESSAGE][PASSED] - All options with index in [9] are selected on object 'Object Repository/Schedule9/Page_KDMC - CMS/select_--Select--Schedule 1Inj'

2018-05-04 18:10:25 - [TEST_STEP][PASSED] - Statement - Selectedoption = com.kms.katalon.core.webui.keyword.WebUiBuiltInKeywords.getNumberOfTotalOption(com.kms.katalon.core.testobject.ObjectRepository.findTestObject(Schedule9/Page_KDMC - CMS/select_--Select--Blood Transfu)): 36 options of object 'Object Repository/Schedule9/Page_KDMC - CMS/select_--Select--Blood Transfu' counted

2018-05-04 18:10:25 - [MESSAGE][PASSED] - 36 options of object 'Object Repository/Schedule9/Page_KDMC - CMS/select_--Select--Blood Transfu' counted

2018-05-04 18:10:25 - [TEST_STEP][PASSED] - Statement - For ([a = 1, a < Selectedoption, (a++)]): Object: 'Object Repository/Schedule9/Page_KDMC - CMS/button_Add' is clicked on

2018-05-04 18:10:25 - [TEST_STEP][PASSED] - selectOptionByIndex: All options with index in [9] are selected on object 'Object Repository/Schedule9/Page_KDMC - CMS/select_--Select--Schedule 1Inj'

2018-05-04 18:10:26 - [MESSAGE][PASSED] - All options with index in [9] are selected on object 'Object Repository/Schedule9/Page_KDMC - CMS/select_--Select--Schedule 1Inj'

2018-05-04 18:10:26 - [TEST_STEP][PASSED] - selectOptionByIndex: All options with index in [1] are selected on object 'Object Repository/Schedule9/Page_KDMC - CMS/select_--Select--Blood Transfu'

2018-05-04 18:10:26 - [MESSAGE][PASSED] - All options with index in [1] are selected on object 'Object Repository/Schedule9/Page_KDMC - CMS/select_--Select--Blood Transfu'

2018-05-04 18:10:26 - [TEST_STEP][PASSED] - setText: Text '50000' is set on object 'Object Repository/Schedule9/Page_KDMC - CMS/input_txttreat'

2018-05-04 18:10:26 - [MESSAGE][PASSED] - Text '50000' is set on object 'Object Repository/Schedule9/Page_KDMC - CMS/input_txttreat'

2018-05-04 18:10:26 - [TEST_STEP][PASSED] - click: Object: 'Object Repository/Schedule9/Page_KDMC - CMS/button_Add' is clicked on

2018-05-04 18:10:26 - [MESSAGE][PASSED] - Object: 'Object Repository/Schedule9/Page_KDMC - CMS/button_Add' is clicked on

2018-05-04 18:10:26 - [TEST_STEP][PASSED] - selectOptionByIndex: All options with index in [9] are selected on object 'Object Repository/Schedule9/Page_KDMC - CMS/select_--Select--Schedule 1Inj'

2018-05-04 18:10:26 - [MESSAGE][PASSED] - All options with index in [9] are selected on object 'Object Repository/Schedule9/Page_KDMC - CMS/select_--Select--Schedule 1Inj'

2018-05-04 18:10:26 - [TEST_STEP][PASSED] - selectOptionByIndex: All options with index in [2] are selected on object 'Object Repository/Schedule9/Page_KDMC - CMS/select_--Select--Blood Transfu'

2018-05-04 18:10:27 - [MESSAGE][PASSED] - All options with index in [2] are selected on object 'Object Repository/Schedule9/Page_KDMC - CMS/select_--Select--Blood Transfu'

2018-05-04 18:10:27 - [TEST_STEP][PASSED] - setText: Text '50000' is set on object 'Object Repository/Schedule9/Page_KDMC - CMS/input_txttreat'

2018-05-04 18:10:27 - [MESSAGE][PASSED] - Text '50000' is set on object 'Object Repository/Schedule9/Page_KDMC - CMS/input_txttreat'

2018-05-04 18:10:27 - [TEST_STEP][PASSED] - click: Object: 'Object Repository/Schedule9/Page_KDMC - CMS/button_Add' is clicked on

2018-05-04 18:10:27 - [MESSAGE][PASSED] - Object: 'Object Repository/Schedule9/Page_KDMC - CMS/button_Add' is clicked on

2018-05-04 18:10:27 - [TEST_STEP][PASSED] - selectOptionByIndex: All options with index in [9] are selected on object 'Object Repository/Schedule9/Page_KDMC - CMS/select_--Select--Schedule 1Inj'

2018-05-04 18:10:27 - [MESSAGE][PASSED] - All options with index in [9] are selected on object 'Object Repository/Schedule9/Page_KDMC - CMS/select_--Select--Schedule 1Inj'

2018-05-04 18:10:27 - [TEST_STEP][PASSED] - selectOptionByIndex: All options with index in [3] are selected on object 'Object Repository/Schedule9/Page_KDMC - CMS/select_--Select--Blood Transfu'

2018-05-04 18:10:27 - [MESSAGE][PASSED] - All options with index in [3] are selected on object 'Object Repository/Schedule9/Page_KDMC - CMS/select_--Select--Blood Transfu'

2018-05-04 18:10:27 - [TEST_STEP][PASSED] - setText: Text '50000' is set on object 'Object Repository/Schedule9/Page_KDMC - CMS/input_txttreat'

2018-05-04 18:10:27 - [MESSAGE][PASSED] - Text '50000' is set on object 'Object Repository/Schedule9/Page_KDMC - CMS/input_txttreat'

2018-05-04 18:10:27 - [TEST_STEP][PASSED] - click: Object: 'Object Repository/Schedule9/Page_KDMC - CMS/button_Add' is clicked on

2018-05-04 18:10:27 - [MESSAGE][PASSED] - Object: 'Object Repository/Schedule9/Page_KDMC - CMS/button_Add' is clicked on

2018-05-04 18:10:27 - [TEST_STEP][PASSED] - selectOptionByIndex: All options with index in [9] are selected on object 'Object Repository/Schedule9/Page_KDMC - CMS/select_--Select--Schedule 1Inj'

2018-05-04 18:10:28 - [MESSAGE][PASSED] - All options with index in [9] are selected on object 'Object Repository/Schedule9/Page_KDMC - CMS/select_--Select--Schedule 1Inj'

2018-05-04 18:10:28 - [TEST_STEP][PASSED] - selectOptionByIndex: All options with index in [4] are selected on object 'Object Repository/Schedule9/Page_KDMC - CMS/select_--Select--Blood Transfu'

2018-05-04 18:10:28 - [MESSAGE][PASSED] - All options with index in [4] are selected on object 'Object Repository/Schedule9/Page_KDMC - CMS/select_--Select--Blood Transfu'

2018-05-04 18:10:28 - [TEST_STEP][PASSED] - setText: Text '50000' is set on object 'Object Repository/Schedule9/Page_KDMC - CMS/input_txttreat'

2018-05-04 18:10:28 - [MESSAGE][PASSED] - Text '50000' is set on object 'Object Repository/Schedule9/Page_KDMC - CMS/input_txttreat'

2018-05-04 18:10:28 - [TEST_STEP][PASSED] - click: Object: 'Object Repository/Schedule9/Page_KDMC - CMS/button_Add' is clicked on

2018-05-04 18:10:28 - [MESSAGE][PASSED] - Object: 'Object Repository/Schedule9/Page_KDMC - CMS/button_Add' is clicked on

2018-05-04 18:10:28 - [TEST_STEP][PASSED] - selectOptionByIndex: All options with index in [9] are selected on object 'Object Repository/Schedule9/Page_KDMC - CMS/select_--Select--Schedule 1Inj'

2018-05-04 18:10:28 - [MESSAGE][PASSED] - All options with index in [9] are selected on object 'Object Repository/Schedule9/Page_KDMC - CMS/select_--Select--Schedule 1Inj'

2018-05-04 18:10:28 - [TEST_STEP][PASSED] - selectOptionByIndex: All options with index in [5] are selected on object 'Object Repository/Schedule9/Page_KDMC - CMS/select_--Select--Blood Transfu'

2018-05-04 18:10:28 - [MESSAGE][PASSED] - All options with index in [5] are selected on object 'Object Repository/Schedule9/Page_KDMC - CMS/select_--Select--Blood Transfu'

2018-05-04 18:10:28 - [TEST_STEP][PASSED] - setText: Text '50000' is set on object 'Object Repository/Schedule9/Page_KDMC - CMS/input_txttreat'

2018-05-04 18:10:28 - [MESSAGE][PASSED] - Text '50000' is set on object 'Object Repository/Schedule9/Page_KDMC - CMS/input_txttreat'

2018-05-04 18:10:28 - [TEST_STEP][PASSED] - click: Object: 'Object Repository/Schedule9/Page_KDMC - CMS/button_Add' is clicked on

2018-05-04 18:10:28 - [MESSAGE][PASSED] - Object: 'Object Repository/Schedule9/Page_KDMC - CMS/button_Add' is clicked on

2018-05-04 18:10:28 - [TEST_STEP][PASSED] - selectOptionByIndex: All options with index in [9] are selected on object 'Object Repository/Schedule9/Page_KDMC - CMS/select_--Select--Schedule 1Inj'

2018-05-04 18:10:29 - [MESSAGE][PASSED] - All options with index in [9] are selected on object 'Object Repository/Schedule9/Page_KDMC - CMS/select_--Select--Schedule 1Inj'

2018-05-04 18:10:29 - [TEST_STEP][PASSED] - selectOptionByIndex: All options with index in [6] are selected on object 'Object Repository/Schedule9/Page_KDMC - CMS/select_--Select--Blood Transfu'

2018-05-04 18:10:29 - [MESSAGE][PASSED] - All options with index in [6] are selected on object 'Object Repository/Schedule9/Page_KDMC - CMS/select_--Select--Blood Transfu'

2018-05-04 18:10:29 - [TEST_STEP][PASSED] - setText: Text '50000' is set on object 'Object Repository/Schedule9/Page_KDMC - CMS/input_txttreat'

2018-05-04 18:10:29 - [MESSAGE][PASSED] - Text '50000' is set on object 'Object Repository/Schedule9/Page_KDMC - CMS/input_txttreat'

2018-05-04 18:10:29 - [TEST_STEP][PASSED] - click: Object: 'Object Repository/Schedule9/Page_KDMC - CMS/button_Add' is clicked on

2018-05-04 18:10:29 - [MESSAGE][PASSED] - Object: 'Object Repository/Schedule9/Page_KDMC - CMS/button_Add' is clicked on

2018-05-04 18:10:29 - [TEST_STEP][PASSED] - selectOptionByIndex: All options with index in [9] are selected on object 'Object Repository/Schedule9/Page_KDMC - CMS/select_--Select--Schedule 1Inj'

2018-05-04 18:10:29 - [MESSAGE][PASSED] - All options with index in [9] are selected on object 'Object Repository/Schedule9/Page_KDMC - CMS/select_--Select--Schedule 1Inj'

2018-05-04 18:10:29 - [TEST_STEP][PASSED] - selectOptionByIndex: All options with index in [7] are selected on object 'Object Repository/Schedule9/Page_KDMC - CMS/select_--Select--Blood Transfu'

2018-05-04 18:10:30 - [MESSAGE][PASSED] - All options with index in [7] are selected on object 'Object Repository/Schedule9/Page_KDMC - CMS/select_--Select--Blood Transfu'

2018-05-04 18:10:30 - [TEST_STEP][PASSED] - setText: Text '50000' is set on object 'Object Repository/Schedule9/Page_KDMC - CMS/input_txttreat'

2018-05-04 18:10:30 - [MESSAGE][PASSED] - Text '50000' is set on object 'Object Repository/Schedule9/Page_KDMC - CMS/input_txttreat'

2018-05-04 18:10:30 - [TEST_STEP][PASSED] - click: Object: 'Object Repository/Schedule9/Page_KDMC - CMS/button_Add' is clicked on

2018-05-04 18:10:30 - [MESSAGE][PASSED] - Object: 'Object Repository/Schedule9/Page_KDMC - CMS/button_Add' is clicked on

2018-05-04 18:10:30 - [TEST_STEP][PASSED] - selectOptionByIndex: All options with index in [9] are selected on object 'Object Repository/Schedule9/Page_KDMC - CMS/select_--Select--Schedule 1Inj'

2018-05-04 18:10:30 - [MESSAGE][PASSED] - All options with index in [9] are selected on object 'Object Repository/Schedule9/Page_KDMC - CMS/select_--Select--Schedule 1Inj'

2018-05-04 18:10:30 - [TEST_STEP][PASSED] - selectOptionByIndex: All options with index in [8] are selected on object 'Object Repository/Schedule9/Page_KDMC - CMS/select_--Select--Blood Transfu'

2018-05-04 18:10:31 - [MESSAGE][PASSED] - All options with index in [8] are selected on object 'Object Repository/Schedule9/Page_KDMC - CMS/select_--Select--Blood Transfu'

2018-05-04 18:10:31 - [TEST_STEP][PASSED] - setText: Text '50000' is set on object 'Object Repository/Schedule9/Page_KDMC - CMS/input_txttreat'

2018-05-04 18:10:31 - [MESSAGE][PASSED] - Text '50000' is set on object 'Object Repository/Schedule9/Page_KDMC - CMS/input_txttreat'

2018-05-04 18:10:31 - [TEST_STEP][PASSED] - click: Object: 'Object Repository/Schedule9/Page_KDMC - CMS/button_Add' is clicked on

2018-05-04 18:10:31 - [MESSAGE][PASSED] - Object: 'Object Repository/Schedule9/Page_KDMC - CMS/button_Add' is clicked on

2018-05-04 18:10:31 - [TEST_STEP][PASSED] - selectOptionByIndex: All options with index in [9] are selected on object 'Object Repository/Schedule9/Page_KDMC - CMS/select_--Select--Schedule 1Inj'

2018-05-04 18:10:31 - [MESSAGE][PASSED] - All options with index in [9] are selected on object 'Object Repository/Schedule9/Page_KDMC - CMS/select_--Select--Schedule 1Inj'

2018-05-04 18:10:31 - [TEST_STEP][PASSED] - selectOptionByIndex: All options with index in [9] are selected on object 'Object Repository/Schedule9/Page_KDMC - CMS/select_--Select--Blood Transfu'

2018-05-04 18:10:32 - [MESSAGE][PASSED] - All options with index in [9] are selected on object 'Object Repository/Schedule9/Page_KDMC - CMS/select_--Select--Blood Transfu'

2018-05-04 18:10:32 - [TEST_STEP][PASSED] - setText: Text '50000' is set on object 'Object Repository/Schedule9/Page_KDMC - CMS/input_txttreat'

2018-05-04 18:10:32 - [MESSAGE][PASSED] - Text '50000' is set on object 'Object Repository/Schedule9/Page_KDMC - CMS/input_txttreat'

2018-05-04 18:10:32 - [TEST_STEP][PASSED] - click: Object: 'Object Repository/Schedule9/Page_KDMC - CMS/button_Add' is clicked on

2018-05-04 18:10:32 - [MESSAGE][PASSED] - Object: 'Object Repository/Schedule9/Page_KDMC - CMS/button_Add' is clicked on

2018-05-04 18:10:32 - [TEST_STEP][PASSED] - selectOptionByIndex: All options with index in [9] are selected on object 'Object Repository/Schedule9/Page_KDMC - CMS/select_--Select--Schedule 1Inj'

2018-05-04 18:10:32 - [MESSAGE][PASSED] - All options with index in [9] are selected on object 'Object Repository/Schedule9/Page_KDMC - CMS/select_--Select--Schedule 1Inj'

2018-05-04 18:10:32 - [TEST_STEP][PASSED] - selectOptionByIndex: All options with index in [10] are selected on object 'Object Repository/Schedule9/Page_KDMC - CMS/select_--Select--Blood Transfu'

2018-05-04 18:10:33 - [MESSAGE][PASSED] - All options with index in [10] are selected on object 'Object Repository/Schedule9/Page_KDMC - CMS/select_--Select--Blood Transfu'

2018-05-04 18:10:33 - [TEST_STEP][PASSED] - setText: Text '50000' is set on object 'Object Repository/Schedule9/Page_KDMC - CMS/input_txttreat'

2018-05-04 18:10:33 - [MESSAGE][PASSED] - Text '50000' is set on object 'Object Repository/Schedule9/Page_KDMC - CMS/input_txttreat'

2018-05-04 18:10:33 - [TEST_STEP][PASSED] - click: Object: 'Object Repository/Schedule9/Page_KDMC - CMS/button_Add' is clicked on

2018-05-04 18:10:33 - [MESSAGE][PASSED] - Object: 'Object Repository/Schedule9/Page_KDMC - CMS/button_Add' is clicked on

2018-05-04 18:10:33 - [TEST_STEP][PASSED] - selectOptionByIndex: All options with index in [9] are selected on object 'Object Repository/Schedule9/Page_KDMC - CMS/select_--Select--Schedule 1Inj'

2018-05-04 18:10:33 - [MESSAGE][PASSED] - All options with index in [9] are selected on object 'Object Repository/Schedule9/Page_KDMC - CMS/select_--Select--Schedule 1Inj'

2018-05-04 18:10:33 - [TEST_STEP][PASSED] - selectOptionByIndex: All options with index in [11] are selected on object 'Object Repository/Schedule9/Page_KDMC - CMS/select_--Select--Blood Transfu'

2018-05-04 18:10:34 - [MESSAGE][PASSED] - All options with index in [11] are selected on object 'Object Repository/Schedule9/Page_KDMC - CMS/select_--Select--Blood Transfu'

2018-05-04 18:10:34 - [TEST_STEP][PASSED] - setText: Text '50000' is set on object 'Object Repository/Schedule9/Page_KDMC - CMS/input_txttreat'

2018-05-04 18:10:34 - [MESSAGE][PASSED] - Text '50000' is set on object 'Object Repository/Schedule9/Page_KDMC - CMS/input_txttreat'

2018-05-04 18:10:34 - [TEST_STEP][PASSED] - click: Object: 'Object Repository/Schedule9/Page_KDMC - CMS/button_Add' is clicked on

2018-05-04 18:10:34 - [MESSAGE][PASSED] - Object: 'Object Repository/Schedule9/Page_KDMC - CMS/button_Add' is clicked on

2018-05-04 18:10:34 - [TEST_STEP][PASSED] - selectOptionByIndex: All options with index in [9] are selected on object 'Object Repository/Schedule9/Page_KDMC - CMS/select_--Select--Schedule 1Inj'

2018-05-04 18:10:34 - [MESSAGE][PASSED] - All options with index in [9] are selected on object 'Object Repository/Schedule9/Page_KDMC - CMS/select_--Select--Schedule 1Inj'

2018-05-04 18:10:34 - [TEST_STEP][PASSED] - selectOptionByIndex: All options with index in [12] are selected on object 'Object Repository/Schedule9/Page_KDMC - CMS/select_--Select--Blood Transfu'

2018-05-04 18:10:35 - [MESSAGE][PASSED] - All options with index in [12] are selected on object 'Object Repository/Schedule9/Page_KDMC - CMS/select_--Select--Blood Transfu'

2018-05-04 18:10:35 - [TEST_STEP][PASSED] - setText: Text '50000' is set on object 'Object Repository/Schedule9/Page_KDMC - CMS/input_txttreat'

2018-05-04 18:10:35 - [MESSAGE][PASSED] - Text '50000' is set on object 'Object Repository/Schedule9/Page_KDMC - CMS/input_txttreat'

2018-05-04 18:10:35 - [TEST_STEP][PASSED] - click: Object: 'Object Repository/Schedule9/Page_KDMC - CMS/button_Add' is clicked on

2018-05-04 18:10:35 - [MESSAGE][PASSED] - Object: 'Object Repository/Schedule9/Page_KDMC - CMS/button_Add' is clicked on

2018-05-04 18:10:35 - [TEST_STEP][PASSED] - selectOptionByIndex: All options with index in [9] are selected on object 'Object Repository/Schedule9/Page_KDMC - CMS/select_--Select--Schedule 1Inj'

2018-05-04 18:10:35 - [MESSAGE][PASSED] - All options with index in [9] are selected on object 'Object Repository/Schedule9/Page_KDMC - CMS/select_--Select--Schedule 1Inj'

2018-05-04 18:10:35 - [TEST_STEP][PASSED] - selectOptionByIndex: All options with index in [13] are selected on object 'Object Repository/Schedule9/Page_KDMC - CMS/select_--Select--Blood Transfu'

2018-05-04 18:10:36 - [MESSAGE][PASSED] - All options with index in [13] are selected on object 'Object Repository/Schedule9/Page_KDMC - CMS/select_--Select--Blood Transfu'

2018-05-04 18:10:36 - [TEST_STEP][PASSED] - setText: Text '50000' is set on object 'Object Repository/Schedule9/Page_KDMC - CMS/input_txttreat'

2018-05-04 18:10:36 - [MESSAGE][PASSED] - Text '50000' is set on object 'Object Repository/Schedule9/Page_KDMC - CMS/input_txttreat'

2018-05-04 18:10:36 - [TEST_STEP][PASSED] - click: Object: 'Object Repository/Schedule9/Page_KDMC - CMS/button_Add' is clicked on

2018-05-04 18:10:36 - [MESSAGE][PASSED] - Object: 'Object Repository/Schedule9/Page_KDMC - CMS/button_Add' is clicked on

2018-05-04 18:10:36 - [TEST_STEP][PASSED] - selectOptionByIndex: All options with index in [9] are selected on object 'Object Repository/Schedule9/Page_KDMC - CMS/select_--Select--Schedule 1Inj'

2018-05-04 18:10:36 - [MESSAGE][PASSED] - All options with index in [9] are selected on object 'Object Repository/Schedule9/Page_KDMC - CMS/select_--Select--Schedule 1Inj'

2018-05-04 18:10:36 - [TEST_STEP][PASSED] - selectOptionByIndex: All options with index in [14] are selected on object 'Object Repository/Schedule9/Page_KDMC - CMS/select_--Select--Blood Transfu'

2018-05-04 18:10:37 - [MESSAGE][PASSED] - All options with index in [14] are selected on object 'Object Repository/Schedule9/Page_KDMC - CMS/select_--Select--Blood Transfu'

2018-05-04 18:10:37 - [TEST_STEP][PASSED] - setText: Text '50000' is set on object 'Object Repository/Schedule9/Page_KDMC - CMS/input_txttreat'

2018-05-04 18:10:37 - [MESSAGE][PASSED] - Text '50000' is set on object 'Object Repository/Schedule9/Page_KDMC - CMS/input_txttreat'

2018-05-04 18:10:37 - [TEST_STEP][PASSED] - click: Object: 'Object Repository/Schedule9/Page_KDMC - CMS/button_Add' is clicked on

2018-05-04 18:10:37 - [MESSAGE][PASSED] - Object: 'Object Repository/Schedule9/Page_KDMC - CMS/button_Add' is clicked on

2018-05-04 18:10:37 - [TEST_STEP][PASSED] - selectOptionByIndex: All options with index in [9] are selected on object 'Object Repository/Schedule9/Page_KDMC - CMS/select_--Select--Schedule 1Inj'

2018-05-04 18:10:37 - [MESSAGE][PASSED] - All options with index in [9] are selected on object 'Object Repository/Schedule9/Page_KDMC - CMS/select_--Select--Schedule 1Inj'

2018-05-04 18:10:37 - [TEST_STEP][PASSED] - selectOptionByIndex: All options with index in [15] are selected on object 'Object Repository/Schedule9/Page_KDMC - CMS/select_--Select--Blood Transfu'

2018-05-04 18:10:38 - [MESSAGE][PASSED] - All options with index in [15] are selected on object 'Object Repository/Schedule9/Page_KDMC - CMS/select_--Select--Blood Transfu'

2018-05-04 18:10:38 - [TEST_STEP][PASSED] - setText: Text '50000' is set on object 'Object Repository/Schedule9/Page_KDMC - CMS/input_txttreat'

2018-05-04 18:10:38 - [MESSAGE][PASSED] - Text '50000' is set on object 'Object Repository/Schedule9/Page_KDMC - CMS/input_txttreat'

2018-05-04 18:10:38 - [TEST_STEP][PASSED] - click: Object: 'Object Repository/Schedule9/Page_KDMC - CMS/button_Add' is clicked on

2018-05-04 18:10:38 - [MESSAGE][PASSED] - Object: 'Object Repository/Schedule9/Page_KDMC - CMS/button_Add' is clicked on

2018-05-04 18:10:38 - [TEST_STEP][PASSED] - selectOptionByIndex: All options with index in [9] are selected on object 'Object Repository/Schedule9/Page_KDMC - CMS/select_--Select--Schedule 1Inj'

2018-05-04 18:10:39 - [MESSAGE][PASSED] - All options with index in [9] are selected on object 'Object Repository/Schedule9/Page_KDMC - CMS/select_--Select--Schedule 1Inj'

2018-05-04 18:10:39 - [TEST_STEP][PASSED] - selectOptionByIndex: All options with index in [16] are selected on object 'Object Repository/Schedule9/Page_KDMC - CMS/select_--Select--Blood Transfu'

2018-05-04 18:10:39 - [MESSAGE][PASSED] - All options with index in [16] are selected on object 'Object Repository/Schedule9/Page_KDMC - CMS/select_--Select--Blood Transfu'

2018-05-04 18:10:39 - [TEST_STEP][PASSED] - setText: Text '50000' is set on object 'Object Repository/Schedule9/Page_KDMC - CMS/input_txttreat'

2018-05-04 18:10:39 - [MESSAGE][PASSED] - Text '50000' is set on object 'Object Repository/Schedule9/Page_KDMC - CMS/input_txttreat'

2018-05-04 18:10:39 - [TEST_STEP][PASSED] - click: Object: 'Object Repository/Schedule9/Page_KDMC - CMS/button_Add' is clicked on

2018-05-04 18:10:39 - [MESSAGE][PASSED] - Object: 'Object Repository/Schedule9/Page_KDMC - CMS/button_Add' is clicked on

2018-05-04 18:10:39 - [TEST_STEP][PASSED] - selectOptionByIndex: All options with index in [9] are selected on object 'Object Repository/Schedule9/Page_KDMC - CMS/select_--Select--Schedule 1Inj'

2018-05-04 18:10:40 - [MESSAGE][PASSED] - All options with index in [9] are selected on object 'Object Repository/Schedule9/Page_KDMC - CMS/select_--Select--Schedule 1Inj'

2018-05-04 18:10:40 - [TEST_STEP][PASSED] - selectOptionByIndex: All options with index in [17] are selected on object 'Object Repository/Schedule9/Page_KDMC - CMS/select_--Select--Blood Transfu'

2018-05-04 18:10:40 - [MESSAGE][PASSED] - All options with index in [17] are selected on object 'Object Repository/Schedule9/Page_KDMC - CMS/select_--Select--Blood Transfu'

2018-05-04 18:10:40 - [TEST_STEP][PASSED] - setText: Text '50000' is set on object 'Object Repository/Schedule9/Page_KDMC - CMS/input_txttreat'

2018-05-04 18:10:41 - [MESSAGE][PASSED] - Text '50000' is set on object 'Object Repository/Schedule9/Page_KDMC - CMS/input_txttreat'

2018-05-04 18:10:41 - [TEST_STEP][PASSED] - click: Object: 'Object Repository/Schedule9/Page_KDMC - CMS/button_Add' is clicked on

2018-05-04 18:10:41 - [MESSAGE][PASSED] - Object: 'Object Repository/Schedule9/Page_KDMC - CMS/button_Add' is clicked on

2018-05-04 18:10:41 - [TEST_STEP][PASSED] - selectOptionByIndex: All options with index in [9] are selected on object 'Object Repository/Schedule9/Page_KDMC - CMS/select_--Select--Schedule 1Inj'

2018-05-04 18:10:41 - [MESSAGE][PASSED] - All options with index in [9] are selected on object 'Object Repository/Schedule9/Page_KDMC - CMS/select_--Select--Schedule 1Inj'

2018-05-04 18:10:41 - [TEST_STEP][PASSED] - selectOptionByIndex: All options with index in [18] are selected on object 'Object Repository/Schedule9/Page_KDMC - CMS/select_--Select--Blood Transfu'

2018-05-04 18:10:41 - [MESSAGE][PASSED] - All options with index in [18] are selected on object 'Object Repository/Schedule9/Page_KDMC - CMS/select_--Select--Blood Transfu'

2018-05-04 18:10:41 - [TEST_STEP][PASSED] - setText: Text '50000' is set on object 'Object Repository/Schedule9/Page_KDMC - CMS/input_txttreat'

2018-05-04 18:10:41 - [MESSAGE][PASSED] - Text '50000' is set on object 'Object Repository/Schedule9/Page_KDMC - CMS/input_txttreat'

2018-05-04 18:10:41 - [TEST_STEP][PASSED] - click: Object: 'Object Repository/Schedule9/Page_KDMC - CMS/button_Add' is clicked on

2018-05-04 18:10:41 - [MESSAGE][PASSED] - Object: 'Object Repository/Schedule9/Page_KDMC - CMS/button_Add' is clicked on

2018-05-04 18:10:41 - [TEST_STEP][PASSED] - selectOptionByIndex: All options with index in [9] are selected on object 'Object Repository/Schedule9/Page_KDMC - CMS/select_--Select--Schedule 1Inj'

2018-05-04 18:10:41 - [MESSAGE][PASSED] - All options with index in [9] are selected on object 'Object Repository/Schedule9/Page_KDMC - CMS/select_--Select--Schedule 1Inj'

2018-05-04 18:10:41 - [TEST_STEP][PASSED] - selectOptionByIndex: All options with index in [19] are selected on object 'Object Repository/Schedule9/Page_KDMC - CMS/select_--Select--Blood Transfu'

2018-05-04 18:10:42 - [MESSAGE][PASSED] - All options with index in [19] are selected on object 'Object Repository/Schedule9/Page_KDMC - CMS/select_--Select--Blood Transfu'

2018-05-04 18:10:42 - [TEST_STEP][PASSED] - setText: Text '50000' is set on object 'Object Repository/Schedule9/Page_KDMC - CMS/input_txttreat'

2018-05-04 18:10:42 - [MESSAGE][PASSED] - Text '50000' is set on object 'Object Repository/Schedule9/Page_KDMC - CMS/input_txttreat'

2018-05-04 18:10:42 - [TEST_STEP][PASSED] - click: Object: 'Object Repository/Schedule9/Page_KDMC - CMS/button_Add' is clicked on

2018-05-04 18:10:42 - [MESSAGE][PASSED] - Object: 'Object Repository/Schedule9/Page_KDMC - CMS/button_Add' is clicked on

2018-05-04 18:10:42 - [TEST_STEP][PASSED] - selectOptionByIndex: All options with index in [9] are selected on object 'Object Repository/Schedule9/Page_KDMC - CMS/select_--Select--Schedule 1Inj'

2018-05-04 18:10:42 - [MESSAGE][PASSED] - All options with index in [9] are selected on object 'Object Repository/Schedule9/Page_KDMC - CMS/select_--Select--Schedule 1Inj'

2018-05-04 18:10:42 - [TEST_STEP][PASSED] - selectOptionByIndex: All options with index in [20] are selected on object 'Object Repository/Schedule9/Page_KDMC - CMS/select_--Select--Blood Transfu'

2018-05-04 18:10:43 - [MESSAGE][PASSED] - All options with index in [20] are selected on object 'Object Repository/Schedule9/Page_KDMC - CMS/select_--Select--Blood Transfu'

2018-05-04 18:10:43 - [TEST_STEP][PASSED] - setText: Text '50000' is set on object 'Object Repository/Schedule9/Page_KDMC - CMS/input_txttreat'

2018-05-04 18:10:43 - [MESSAGE][PASSED] - Text '50000' is set on object 'Object Repository/Schedule9/Page_KDMC - CMS/input_txttreat'

2018-05-04 18:10:43 - [TEST_STEP][PASSED] - click: Object: 'Object Repository/Schedule9/Page_KDMC - CMS/button_Add' is clicked on

2018-05-04 18:10:43 - [MESSAGE][PASSED] - Object: 'Object Repository/Schedule9/Page_KDMC - CMS/button_Add' is clicked on

2018-05-04 18:10:43 - [TEST_STEP][PASSED] - selectOptionByIndex: All options with index in [9] are selected on object 'Object Repository/Schedule9/Page_KDMC - CMS/select_--Select--Schedule 1Inj'

2018-05-04 18:10:43 - [MESSAGE][PASSED] - All options with index in [9] are selected on object 'Object Repository/Schedule9/Page_KDMC - CMS/select_--Select--Schedule 1Inj'

2018-05-04 18:10:43 - [TEST_STEP][PASSED] - selectOptionByIndex: All options with index in [21] are selected on object 'Object Repository/Schedule9/Page_KDMC - CMS/select_--Select--Blood Transfu'

2018-05-04 18:10:44 - [MESSAGE][PASSED] - All options with index in [21] are selected on object 'Object Repository/Schedule9/Page_KDMC - CMS/select_--Select--Blood Transfu'

2018-05-04 18:10:44 - [TEST_STEP][PASSED] - setText: Text '50000' is set on object 'Object Repository/Schedule9/Page_KDMC - CMS/input_txttreat'

2018-05-04 18:10:44 - [MESSAGE][PASSED] - Text '50000' is set on object 'Object Repository/Schedule9/Page_KDMC - CMS/input_txttreat'

2018-05-04 18:10:44 - [TEST_STEP][PASSED] - click: Object: 'Object Repository/Schedule9/Page_KDMC - CMS/button_Add' is clicked on

2018-05-04 18:10:44 - [MESSAGE][PASSED] - Object: 'Object Repository/Schedule9/Page_KDMC - CMS/button_Add' is clicked on

2018-05-04 18:10:44 - [TEST_STEP][PASSED] - selectOptionByIndex: All options with index in [9] are selected on object 'Object Repository/Schedule9/Page_KDMC - CMS/select_--Select--Schedule 1Inj'

2018-05-04 18:10:44 - [MESSAGE][PASSED] - All options with index in [9] are selected on object 'Object Repository/Schedule9/Page_KDMC - CMS/select_--Select--Schedule 1Inj'

2018-05-04 18:10:44 - [TEST_STEP][PASSED] - selectOptionByIndex: All options with index in [22] are selected on object 'Object Repository/Schedule9/Page_KDMC - CMS/select_--Select--Blood Transfu'

2018-05-04 18:10:45 - [MESSAGE][PASSED] - All options with index in [22] are selected on object 'Object Repository/Schedule9/Page_KDMC - CMS/select_--Select--Blood Transfu'

2018-05-04 18:10:45 - [TEST_STEP][PASSED] - setText: Text '50000' is set on object 'Object Repository/Schedule9/Page_KDMC - CMS/input_txttreat'

2018-05-04 18:10:45 - [MESSAGE][PASSED] - Text '50000' is set on object 'Object Repository/Schedule9/Page_KDMC - CMS/input_txttreat'

2018-05-04 18:10:45 - [TEST_STEP][PASSED] - click: Object: 'Object Repository/Schedule9/Page_KDMC - CMS/button_Add' is clicked on

2018-05-04 18:10:45 - [MESSAGE][PASSED] - Object: 'Object Repository/Schedule9/Page_KDMC - CMS/button_Add' is clicked on

2018-05-04 18:10:45 - [TEST_STEP][PASSED] - selectOptionByIndex: All options with index in [9] are selected on object 'Object Repository/Schedule9/Page_KDMC - CMS/select_--Select--Schedule 1Inj'

2018-05-04 18:10:45 - [MESSAGE][PASSED] - All options with index in [9] are selected on object 'Object Repository/Schedule9/Page_KDMC - CMS/select_--Select--Schedule 1Inj'

2018-05-04 18:10:45 - [TEST_STEP][PASSED] - selectOptionByIndex: All options with index in [23] are selected on object 'Object Repository/Schedule9/Page_KDMC - CMS/select_--Select--Blood Transfu'

2018-05-04 18:10:46 - [MESSAGE][PASSED] - All options with index in [23] are selected on object 'Object Repository/Schedule9/Page_KDMC - CMS/select_--Select--Blood Transfu'

2018-05-04 18:10:46 - [TEST_STEP][PASSED] - setText: Text '50000' is set on object 'Object Repository/Schedule9/Page_KDMC - CMS/input_txttreat'

2018-05-04 18:10:46 - [MESSAGE][PASSED] - Text '50000' is set on object 'Object Repository/Schedule9/Page_KDMC - CMS/input_txttreat'

2018-05-04 18:10:46 - [TEST_STEP][PASSED] - click: Object: 'Object Repository/Schedule9/Page_KDMC - CMS/button_Add' is clicked on

2018-05-04 18:10:46 - [MESSAGE][PASSED] - Object: 'Object Repository/Schedule9/Page_KDMC - CMS/button_Add' is clicked on

2018-05-04 18:10:46 - [TEST_STEP][PASSED] - selectOptionByIndex: All options with index in [9] are selected on object 'Object Repository/Schedule9/Page_KDMC - CMS/select_--Select--Schedule 1Inj'

2018-05-04 18:10:47 - [MESSAGE][PASSED] - All options with index in [9] are selected on object 'Object Repository/Schedule9/Page_KDMC - CMS/select_--Select--Schedule 1Inj'

2018-05-04 18:10:47 - [TEST_STEP][PASSED] - selectOptionByIndex: All options with index in [24] are selected on object 'Object Repository/Schedule9/Page_KDMC - CMS/select_--Select--Blood Transfu'

2018-05-04 18:10:48 - [MESSAGE][PASSED] - All options with index in [24] are selected on object 'Object Repository/Schedule9/Page_KDMC - CMS/select_--Select--Blood Transfu'

2018-05-04 18:10:48 - [TEST_STEP][PASSED] - setText: Text '50000' is set on object 'Object Repository/Schedule9/Page_KDMC - CMS/input_txttreat'

2018-05-04 18:10:48 - [MESSAGE][PASSED] - Text '50000' is set on object 'Object Repository/Schedule9/Page_KDMC - CMS/input_txttreat'

2018-05-04 18:10:48 - [TEST_STEP][PASSED] - click: Object: 'Object Repository/Schedule9/Page_KDMC - CMS/button_Add' is clicked on

2018-05-04 18:10:48 - [MESSAGE][PASSED] - Object: 'Object Repository/Schedule9/Page_KDMC - CMS/button_Add' is clicked on

2018-05-04 18:10:48 - [TEST_STEP][PASSED] - selectOptionByIndex: All options with index in [9] are selected on object 'Object Repository/Schedule9/Page_KDMC - CMS/select_--Select--Schedule 1Inj'

2018-05-04 18:10:48 - [MESSAGE][PASSED] - All options with index in [9] are selected on object 'Object Repository/Schedule9/Page_KDMC - CMS/select_--Select--Schedule 1Inj'

2018-05-04 18:10:48 - [TEST_STEP][PASSED] - selectOptionByIndex: All options with index in [25] are selected on object 'Object Repository/Schedule9/Page_KDMC - CMS/select_--Select--Blood Transfu'

2018-05-04 18:10:49 - [MESSAGE][PASSED] - All options with index in [25] are selected on object 'Object Repository/Schedule9/Page_KDMC - CMS/select_--Select--Blood Transfu'

2018-05-04 18:10:49 - [TEST_STEP][PASSED] - setText: Text '50000' is set on object 'Object Repository/Schedule9/Page_KDMC - CMS/input_txttreat'

2018-05-04 18:10:49 - [MESSAGE][PASSED] - Text '50000' is set on object 'Object Repository/Schedule9/Page_KDMC - CMS/input_txttreat'

2018-05-04 18:10:49 - [TEST_STEP][PASSED] - click: Object: 'Object Repository/Schedule9/Page_KDMC - CMS/button_Add' is clicked on

2018-05-04 18:10:49 - [MESSAGE][PASSED] - Object: 'Object Repository/Schedule9/Page_KDMC - CMS/button_Add' is clicked on

2018-05-04 18:10:49 - [TEST_STEP][PASSED] - selectOptionByIndex: All options with index in [9] are selected on object 'Object Repository/Schedule9/Page_KDMC - CMS/select_--Select--Schedule 1Inj'

2018-05-04 18:10:49 - [MESSAGE][PASSED] - All options with index in [9] are selected on object 'Object Repository/Schedule9/Page_KDMC - CMS/select_--Select--Schedule 1Inj'

2018-05-04 18:10:49 - [TEST_STEP][PASSED] - selectOptionByIndex: All options with index in [26] are selected on object 'Object Repository/Schedule9/Page_KDMC - CMS/select_--Select--Blood Transfu'

2018-05-04 18:10:50 - [MESSAGE][PASSED] - All options with index in [26] are selected on object 'Object Repository/Schedule9/Page_KDMC - CMS/select_--Select--Blood Transfu'

2018-05-04 18:10:50 - [TEST_STEP][PASSED] - setText: Text '50000' is set on object 'Object Repository/Schedule9/Page_KDMC - CMS/input_txttreat'

2018-05-04 18:10:50 - [MESSAGE][PASSED] - Text '50000' is set on object 'Object Repository/Schedule9/Page_KDMC - CMS/input_txttreat'

2018-05-04 18:10:50 - [TEST_STEP][PASSED] - click: Object: 'Object Repository/Schedule9/Page_KDMC - CMS/button_Add' is clicked on

2018-05-04 18:10:50 - [MESSAGE][PASSED] - Object: 'Object Repository/Schedule9/Page_KDMC - CMS/button_Add' is clicked on

2018-05-04 18:10:50 - [TEST_STEP][PASSED] - selectOptionByIndex: All options with index in [9] are selected on object 'Object Repository/Schedule9/Page_KDMC - CMS/select_--Select--Schedule 1Inj'

2018-05-04 18:10:50 - [MESSAGE][PASSED] - All options with index in [9] are selected on object 'Object Repository/Schedule9/Page_KDMC - CMS/select_--Select--Schedule 1Inj'

2018-05-04 18:10:50 - [TEST_STEP][PASSED] - selectOptionByIndex: All options with index in [27] are selected on object 'Object Repository/Schedule9/Page_KDMC - CMS/select_--Select--Blood Transfu'

2018-05-04 18:10:51 - [MESSAGE][PASSED] - All options with index in [27] are selected on object 'Object Repository/Schedule9/Page_KDMC - CMS/select_--Select--Blood Transfu'

2018-05-04 18:10:51 - [TEST_STEP][PASSED] - setText: Text '50000' is set on object 'Object Repository/Schedule9/Page_KDMC - CMS/input_txttreat'

2018-05-04 18:10:51 - [MESSAGE][PASSED] - Text '50000' is set on object 'Object Repository/Schedule9/Page_KDMC - CMS/input_txttreat'

2018-05-04 18:10:51 - [TEST_STEP][PASSED] - click: Object: 'Object Repository/Schedule9/Page_KDMC - CMS/button_Add' is clicked on

2018-05-04 18:10:51 - [MESSAGE][PASSED] - Object: 'Object Repository/Schedule9/Page_KDMC - CMS/button_Add' is clicked on

2018-05-04 18:10:51 - [TEST_STEP][PASSED] - selectOptionByIndex: All options with index in [9] are selected on object 'Object Repository/Schedule9/Page_KDMC - CMS/select_--Select--Schedule 1Inj'

2018-05-04 18:10:51 - [MESSAGE][PASSED] - All options with index in [9] are selected on object 'Object Repository/Schedule9/Page_KDMC - CMS/select_--Select--Schedule 1Inj'

2018-05-04 18:10:51 - [TEST_STEP][PASSED] - selectOptionByIndex: All options with index in [28] are selected on object 'Object Repository/Schedule9/Page_KDMC - CMS/select_--Select--Blood Transfu'

2018-05-04 18:10:51 - [MESSAGE][PASSED] - All options with index in [28] are selected on object 'Object Repository/Schedule9/Page_KDMC - CMS/select_--Select--Blood Transfu'

2018-05-04 18:10:51 - [TEST_STEP][PASSED] - setText: Text '50000' is set on object 'Object Repository/Schedule9/Page_KDMC - CMS/input_txttreat'

2018-05-04 18:10:51 - [MESSAGE][PASSED] - Text '50000' is set on object 'Object Repository/Schedule9/Page_KDMC - CMS/input_txttreat'

2018-05-04 18:10:51 - [TEST_STEP][PASSED] - click: Object: 'Object Repository/Schedule9/Page_KDMC - CMS/button_Add' is clicked on

2018-05-04 18:10:51 - [MESSAGE][PASSED] - Object: 'Object Repository/Schedule9/Page_KDMC - CMS/button_Add' is clicked on

2018-05-04 18:10:51 - [TEST_STEP][PASSED] - selectOptionByIndex: All options with index in [9] are selected on object 'Object Repository/Schedule9/Page_KDMC - CMS/select_--Select--Schedule 1Inj'

2018-05-04 18:10:52 - [MESSAGE][PASSED] - All options with index in [9] are selected on object 'Object Repository/Schedule9/Page_KDMC - CMS/select_--Select--Schedule 1Inj'

2018-05-04 18:10:52 - [TEST_STEP][PASSED] - selectOptionByIndex: All options with index in [29] are selected on object 'Object Repository/Schedule9/Page_KDMC - CMS/select_--Select--Blood Transfu'

2018-05-04 18:10:53 - [MESSAGE][PASSED] - All options with index in [29] are selected on object 'Object Repository/Schedule9/Page_KDMC - CMS/select_--Select--Blood Transfu'

2018-05-04 18:10:53 - [TEST_STEP][PASSED] - setText: Text '50000' is set on object 'Object Repository/Schedule9/Page_KDMC - CMS/input_txttreat'

2018-05-04 18:10:53 - [MESSAGE][PASSED] - Text '50000' is set on object 'Object Repository/Schedule9/Page_KDMC - CMS/input_txttreat'

2018-05-04 18:10:53 - [TEST_STEP][PASSED] - click: Object: 'Object Repository/Schedule9/Page_KDMC - CMS/button_Add' is clicked on

2018-05-04 18:10:53 - [MESSAGE][PASSED] - Object: 'Object Repository/Schedule9/Page_KDMC - CMS/button_Add' is clicked on

2018-05-04 18:10:53 - [TEST_STEP][PASSED] - selectOptionByIndex: All options with index in [9] are selected on object 'Object Repository/Schedule9/Page_KDMC - CMS/select_--Select--Schedule 1Inj'

2018-05-04 18:10:53 - [MESSAGE][PASSED] - All options with index in [9] are selected on object 'Object Repository/Schedule9/Page_KDMC - CMS/select_--Select--Schedule 1Inj'

2018-05-04 18:10:53 - [TEST_STEP][PASSED] - selectOptionByIndex: All options with index in [30] are selected on object 'Object Repository/Schedule9/Page_KDMC - CMS/select_--Select--Blood Transfu'

2018-05-04 18:10:54 - [MESSAGE][PASSED] - All options with index in [30] are selected on object 'Object Repository/Schedule9/Page_KDMC - CMS/select_--Select--Blood Transfu'

2018-05-04 18:10:54 - [TEST_STEP][PASSED] - setText: Text '50000' is set on object 'Object Repository/Schedule9/Page_KDMC - CMS/input_txttreat'

2018-05-04 18:10:54 - [MESSAGE][PASSED] - Text '50000' is set on object 'Object Repository/Schedule9/Page_KDMC - CMS/input_txttreat'

2018-05-04 18:10:54 - [TEST_STEP][PASSED] - click: Object: 'Object Repository/Schedule9/Page_KDMC - CMS/button_Add' is clicked on

2018-05-04 18:10:54 - [MESSAGE][PASSED] - Object: 'Object Repository/Schedule9/Page_KDMC - CMS/button_Add' is clicked on

2018-05-04 18:10:54 - [TEST_STEP][PASSED] - selectOptionByIndex: All options with index in [9] are selected on object 'Object Repository/Schedule9/Page_KDMC - CMS/select_--Select--Schedule 1Inj'

2018-05-04 18:10:54 - [MESSAGE][PASSED] - All options with index in [9] are selected on object 'Object Repository/Schedule9/Page_KDMC - CMS/select_--Select--Schedule 1Inj'

2018-05-04 18:10:54 - [TEST_STEP][PASSED] - selectOptionByIndex: All options with index in [31] are selected on object 'Object Repository/Schedule9/Page_KDMC - CMS/select_--Select--Blood Transfu'

2018-05-04 18:10:55 - [MESSAGE][PASSED] - All options with index in [31] are selected on object 'Object Repository/Schedule9/Page_KDMC - CMS/select_--Select--Blood Transfu'

2018-05-04 18:10:55 - [TEST_STEP][PASSED] - setText: Text '50000' is set on object 'Object Repository/Schedule9/Page_KDMC - CMS/input_txttreat'

2018-05-04 18:10:55 - [MESSAGE][PASSED] - Text '50000' is set on object 'Object Repository/Schedule9/Page_KDMC - CMS/input_txttreat'

2018-05-04 18:10:55 - [TEST_STEP][PASSED] - click: Object: 'Object Repository/Schedule9/Page_KDMC - CMS/button_Add' is clicked on

2018-05-04 18:10:55 - [MESSAGE][PASSED] - Object: 'Object Repository/Schedule9/Page_KDMC - CMS/button_Add' is clicked on

2018-05-04 18:10:55 - [TEST_STEP][PASSED] - selectOptionByIndex: All options with index in [9] are selected on object 'Object Repository/Schedule9/Page_KDMC - CMS/select_--Select--Schedule 1Inj'

2018-05-04 18:10:55 - [MESSAGE][PASSED] - All options with index in [9] are selected on object 'Object Repository/Schedule9/Page_KDMC - CMS/select_--Select--Schedule 1Inj'

2018-05-04 18:10:55 - [TEST_STEP][PASSED] - selectOptionByIndex: All options with index in [32] are selected on object 'Object Repository/Schedule9/Page_KDMC - CMS/select_--Select--Blood Transfu'

2018-05-04 18:10:56 - [MESSAGE][PASSED] - All options with index in [32] are selected on object 'Object Repository/Schedule9/Page_KDMC - CMS/select_--Select--Blood Transfu'

2018-05-04 18:10:56 - [TEST_STEP][PASSED] - setText: Text '50000' is set on object 'Object Repository/Schedule9/Page_KDMC - CMS/input_txttreat'

2018-05-04 18:10:56 - [MESSAGE][PASSED] - Text '50000' is set on object 'Object Repository/Schedule9/Page_KDMC - CMS/input_txttreat'

2018-05-04 18:10:56 - [TEST_STEP][PASSED] - click: Object: 'Object Repository/Schedule9/Page_KDMC - CMS/button_Add' is clicked on

2018-05-04 18:10:56 - [MESSAGE][PASSED] - Object: 'Object Repository/Schedule9/Page_KDMC - CMS/button_Add' is clicked on

2018-05-04 18:10:56 - [TEST_STEP][PASSED] - selectOptionByIndex: All options with index in [9] are selected on object 'Object Repository/Schedule9/Page_KDMC - CMS/select_--Select--Schedule 1Inj'

2018-05-04 18:10:57 - [MESSAGE][PASSED] - All options with index in [9] are selected on object 'Object Repository/Schedule9/Page_KDMC - CMS/select_--Select--Schedule 1Inj'

2018-05-04 18:10:57 - [TEST_STEP][PASSED] - selectOptionByIndex: All options with index in [33] are selected on object 'Object Repository/Schedule9/Page_KDMC - CMS/select_--Select--Blood Transfu'

2018-05-04 18:10:58 - [MESSAGE][PASSED] - All options with index in [33] are selected on object 'Object Repository/Schedule9/Page_KDMC - CMS/select_--Select--Blood Transfu'

2018-05-04 18:10:58 - [TEST_STEP][PASSED] - setText: Text '50000' is set on object 'Object Repository/Schedule9/Page_KDMC - CMS/input_txttreat'

2018-05-04 18:10:58 - [MESSAGE][PASSED] - Text '50000' is set on object 'Object Repository/Schedule9/Page_KDMC - CMS/input_txttreat'

2018-05-04 18:10:58 - [TEST_STEP][PASSED] - click: Object: 'Object Repository/Schedule9/Page_KDMC - CMS/button_Add' is clicked on

2018-05-04 18:10:58 - [MESSAGE][PASSED] - Object: 'Object Repository/Schedule9/Page_KDMC - CMS/button_Add' is clicked on

2018-05-04 18:10:58 - [TEST_STEP][PASSED] - selectOptionByIndex: All options with index in [9] are selected on object 'Object Repository/Schedule9/Page_KDMC - CMS/select_--Select--Schedule 1Inj'

2018-05-04 18:10:58 - [MESSAGE][PASSED] - All options with index in [9] are selected on object 'Object Repository/Schedule9/Page_KDMC - CMS/select_--Select--Schedule 1Inj'

2018-05-04 18:10:58 - [TEST_STEP][PASSED] - selectOptionByIndex: All options with index in [34] are selected on object 'Object Repository/Schedule9/Page_KDMC - CMS/select_--Select--Blood Transfu'

2018-05-04 18:10:59 - [MESSAGE][PASSED] - All options with index in [34] are selected on object 'Object Repository/Schedule9/Page_KDMC - CMS/select_--Select--Blood Transfu'

2018-05-04 18:10:59 - [TEST_STEP][PASSED] - setText: Text '50000' is set on object 'Object Repository/Schedule9/Page_KDMC - CMS/input_txttreat'

2018-05-04 18:10:59 - [MESSAGE][PASSED] - Text '50000' is set on object 'Object Repository/Schedule9/Page_KDMC - CMS/input_txttreat'

2018-05-04 18:10:59 - [TEST_STEP][PASSED] - click: Object: 'Object Repository/Schedule9/Page_KDMC - CMS/button_Add' is clicked on

2018-05-04 18:10:59 - [MESSAGE][PASSED] - Object: 'Object Repository/Schedule9/Page_KDMC - CMS/button_Add' is clicked on

2018-05-04 18:10:59 - [TEST_STEP][PASSED] - selectOptionByIndex: All options with index in [9] are selected on object 'Object Repository/Schedule9/Page_KDMC - CMS/select_--Select--Schedule 1Inj'

2018-05-04 18:10:59 - [MESSAGE][PASSED] - All options with index in [9] are selected on object 'Object Repository/Schedule9/Page_KDMC - CMS/select_--Select--Schedule 1Inj'

2018-05-04 18:10:59 - [TEST_STEP][PASSED] - selectOptionByIndex: All options with index in [35] are selected on object 'Object Repository/Schedule9/Page_KDMC - CMS/select_--Select--Blood Transfu'

2018-05-04 18:11:00 - [MESSAGE][PASSED] - All options with index in [35] are selected on object 'Object Repository/Schedule9/Page_KDMC - CMS/select_--Select--Blood Transfu'

2018-05-04 18:11:00 - [TEST_STEP][PASSED] - setText: Text '50000' is set on object 'Object Repository/Schedule9/Page_KDMC - CMS/input_txttreat'

2018-05-04 18:11:00 - [MESSAGE][PASSED] - Text '50000' is set on object 'Object Repository/Schedule9/Page_KDMC - CMS/input_txttreat'

2018-05-04 18:11:00 - [TEST_STEP][PASSED] - click: Object: 'Object Repository/Schedule9/Page_KDMC - CMS/button_Add' is clicked on

2018-05-04 18:11:00 - [MESSAGE][PASSED] - Object: 'Object Repository/Schedule9/Page_KDMC - CMS/button_Add' is clicked on

2018-05-04 18:11:00 - [TEST_STEP][PASSED] - scrollToElement: Scroll to object 'Object Repository/Schedule9/Page_KDMC - CMS/input_btnsave' successfully

2018-05-04 18:11:00 - [MESSAGE][PASSED] - Scroll to object 'Object Repository/Schedule9/Page_KDMC - CMS/input_btnsave' successfully

2018-05-04 18:11:00 - [TEST_STEP][PASSED] - click: Object: 'Object Repository/Schedule9/Page_KDMC - CMS/input_btnsave' is clicked on

2018-05-04 18:11:00 - [MESSAGE][PASSED] - Object: 'Object Repository/Schedule9/Page_KDMC - CMS/input_btnsave' is clicked on

2018-05-04 18:11:00 - [TEST_STEP][PASSED] - delay: Delayed 3 second(s)

2018-05-04 18:11:03 - [MESSAGE][PASSED] - Delayed 3 second(s)

2018-05-04 18:11:03 - [TEST_STEP][PASSED] - click: Object: 'Object Repository/Schedule9/Page_KDMC - CMS/button_OK' is clicked on

2018-05-04 18:11:04 - [MESSAGE][PASSED] - Object: 'Object Repository/Schedule9/Page_KDMC - CMS/button_OK' is clicked on

2018-05-04 18:11:04 - [TEST_STEP][PASSED] - click: Object: 'Object Repository/Schedule9/Page_KDMC - CMS/a_dropdown-toggle' is clicked on

2018-05-04 18:11:05 - [MESSAGE][PASSED] - Object: 'Object Repository/Schedule9/Page_KDMC - CMS/a_dropdown-toggle' is clicked on

2018-05-04 18:11:05 - [TEST_STEP][PASSED] - delay: Delayed 3 second(s)

2018-05-04 18:11:08 - [MESSAGE][PASSED] - Delayed 3 second(s)

2018-05-04 18:11:08 - [TEST_STEP][PASSED] - click: Object: 'Object Repository/Schedule9/Page_KDMC - CMS/a_Sign out' is clicked on

2018-05-04 18:11:08 - [MESSAGE][PASSED] - Object: 'Object Repository/Schedule9/Page_KDMC - CMS/a_Sign out' is clicked on

2018-05-04 18:11:08 - [TEST_STEP][PASSED] - closeBrowser: Browser is closed

2018-05-04 18:11:09 - [MESSAGE][PASSED] - Browser is closed]]></system-out>
         <system-err><![CDATA[]]></system-err>
      </testcase>
      <testcase name="Test Cases/MOHTOCMSREQUEST/MohRequestSchedule10" classname="Test Cases/MOHTOCMSREQUEST/MohRequestSchedule10" status="PASSED">
         <system-out><![CDATA[2018-05-04 18:11:09 - [TEST_CASE][PASSED] - Test Cases/MOHTOCMSREQUEST/MohRequestSchedule10: Test Cases/MOHTOCMSREQUEST/MohRequestSchedule10

2018-05-04 18:11:09 - [TEST_STEP][PASSED] - openBrowser: Browser is opened with url: ''

2018-05-04 18:11:11 - [MESSAGE][PASSED] - Browser is opened with url: ''

2018-05-04 18:11:11 - [TEST_STEP][PASSED] - navigateToUrl: Navigate to 'http://192.168.137.1/multihospital_new/' successfully

2018-05-04 18:11:13 - [MESSAGE][PASSED] - Navigate to 'http://192.168.137.1/multihospital_new/' successfully

2018-05-04 18:11:13 - [TEST_STEP][PASSED] - maximizeWindow: Current window maximized

2018-05-04 18:11:14 - [MESSAGE][PASSED] - Current window maximized

2018-05-04 18:11:14 - [TEST_STEP][PASSED] - click: Object: 'Object Repository/Schedule 10/Page_KDMC/a_CMS' is clicked on

2018-05-04 18:11:15 - [MESSAGE][PASSED] - Object: 'Object Repository/Schedule 10/Page_KDMC/a_CMS' is clicked on

2018-05-04 18:11:15 - [TEST_STEP][PASSED] - setText: Text 'bala' is set on object 'Object Repository/Schedule 10/Page_CMS login/input_txtusername'

2018-05-04 18:11:15 - [MESSAGE][PASSED] - Text 'bala' is set on object 'Object Repository/Schedule 10/Page_CMS login/input_txtusername'

2018-05-04 18:11:15 - [TEST_STEP][PASSED] - setText: Text '123' is set on object 'Object Repository/Schedule 10/Page_CMS login/input_txtpassword'

2018-05-04 18:11:15 - [MESSAGE][PASSED] - Text '123' is set on object 'Object Repository/Schedule 10/Page_CMS login/input_txtpassword'

2018-05-04 18:11:15 - [TEST_STEP][PASSED] - delay: Delayed 3 second(s)

2018-05-04 18:11:18 - [MESSAGE][PASSED] - Delayed 3 second(s)

2018-05-04 18:11:18 - [TEST_STEP][PASSED] - click: Object: 'Object Repository/Schedule 10/Page_CMS login/button_Sign in' is clicked on

2018-05-04 18:11:19 - [MESSAGE][PASSED] - Object: 'Object Repository/Schedule 10/Page_CMS login/button_Sign in' is clicked on

2018-05-04 18:11:19 - [TEST_STEP][PASSED] - click: Object: 'Object Repository/Schedule 10/Page_KDMC - CMS/a_Request to MOH' is clicked on

2018-05-04 18:11:19 - [MESSAGE][PASSED] - Object: 'Object Repository/Schedule 10/Page_KDMC - CMS/a_Request to MOH' is clicked on

2018-05-04 18:11:19 - [TEST_STEP][PASSED] - selectOptionByIndex: All options with index in [2] are selected on object 'Object Repository/Schedule 10/Page_KDMC - CMS/select_--Select--'

2018-05-04 18:11:20 - [MESSAGE][PASSED] - All options with index in [2] are selected on object 'Object Repository/Schedule 10/Page_KDMC - CMS/select_--Select--'

2018-05-04 18:11:20 - [TEST_STEP][PASSED] - selectOptionByIndex: All options with index in [10] are selected on object 'Object Repository/Schedule 10/Page_KDMC - CMS/select_--Select--Schedule 1Inj'

2018-05-04 18:11:20 - [MESSAGE][PASSED] - All options with index in [10] are selected on object 'Object Repository/Schedule 10/Page_KDMC - CMS/select_--Select--Schedule 1Inj'

2018-05-04 18:11:20 - [TEST_STEP][PASSED] - Statement - selectedoptions = com.kms.katalon.core.webui.keyword.WebUiBuiltInKeywords.getNumberOfTotalOption(com.kms.katalon.core.testobject.ObjectRepository.findTestObject(Schedule 10/Page_KDMC - CMS/select_--Select--Adjustable Mi)): 19 options of object 'Object Repository/Schedule 10/Page_KDMC - CMS/select_--Select--Adjustable Mi' counted

2018-05-04 18:11:20 - [MESSAGE][PASSED] - 19 options of object 'Object Repository/Schedule 10/Page_KDMC - CMS/select_--Select--Adjustable Mi' counted

2018-05-04 18:11:20 - [TEST_STEP][PASSED] - Statement - For ([c = 1, c < selectedoptions, (c++)]): Object: 'Object Repository/Schedule 10/Page_KDMC - CMS/button_Add' is clicked on

2018-05-04 18:11:20 - [TEST_STEP][PASSED] - selectOptionByIndex: All options with index in [10] are selected on object 'Object Repository/Schedule 10/Page_KDMC - CMS/select_--Select--Schedule 1Inj'

2018-05-04 18:11:20 - [MESSAGE][PASSED] - All options with index in [10] are selected on object 'Object Repository/Schedule 10/Page_KDMC - CMS/select_--Select--Schedule 1Inj'

2018-05-04 18:11:20 - [TEST_STEP][PASSED] - selectOptionByIndex: All options with index in [1] are selected on object 'Object Repository/Schedule 10/Page_KDMC - CMS/select_--Select--Adjustable Mi'

2018-05-04 18:11:20 - [MESSAGE][PASSED] - All options with index in [1] are selected on object 'Object Repository/Schedule 10/Page_KDMC - CMS/select_--Select--Adjustable Mi'

2018-05-04 18:11:20 - [TEST_STEP][PASSED] - setText: Text '500' is set on object 'Object Repository/Schedule 10/Page_KDMC - CMS/input_txttreat'

2018-05-04 18:11:20 - [MESSAGE][PASSED] - Text '500' is set on object 'Object Repository/Schedule 10/Page_KDMC - CMS/input_txttreat'

2018-05-04 18:11:20 - [TEST_STEP][PASSED] - click: Object: 'Object Repository/Schedule 10/Page_KDMC - CMS/button_Add' is clicked on

2018-05-04 18:11:20 - [MESSAGE][PASSED] - Object: 'Object Repository/Schedule 10/Page_KDMC - CMS/button_Add' is clicked on

2018-05-04 18:11:20 - [TEST_STEP][PASSED] - selectOptionByIndex: All options with index in [10] are selected on object 'Object Repository/Schedule 10/Page_KDMC - CMS/select_--Select--Schedule 1Inj'

2018-05-04 18:11:21 - [MESSAGE][PASSED] - All options with index in [10] are selected on object 'Object Repository/Schedule 10/Page_KDMC - CMS/select_--Select--Schedule 1Inj'

2018-05-04 18:11:21 - [TEST_STEP][PASSED] - selectOptionByIndex: All options with index in [2] are selected on object 'Object Repository/Schedule 10/Page_KDMC - CMS/select_--Select--Adjustable Mi'

2018-05-04 18:11:21 - [MESSAGE][PASSED] - All options with index in [2] are selected on object 'Object Repository/Schedule 10/Page_KDMC - CMS/select_--Select--Adjustable Mi'

2018-05-04 18:11:21 - [TEST_STEP][PASSED] - setText: Text '500' is set on object 'Object Repository/Schedule 10/Page_KDMC - CMS/input_txttreat'

2018-05-04 18:11:21 - [MESSAGE][PASSED] - Text '500' is set on object 'Object Repository/Schedule 10/Page_KDMC - CMS/input_txttreat'

2018-05-04 18:11:21 - [TEST_STEP][PASSED] - click: Object: 'Object Repository/Schedule 10/Page_KDMC - CMS/button_Add' is clicked on

2018-05-04 18:11:21 - [MESSAGE][PASSED] - Object: 'Object Repository/Schedule 10/Page_KDMC - CMS/button_Add' is clicked on

2018-05-04 18:11:21 - [TEST_STEP][PASSED] - selectOptionByIndex: All options with index in [10] are selected on object 'Object Repository/Schedule 10/Page_KDMC - CMS/select_--Select--Schedule 1Inj'

2018-05-04 18:11:22 - [MESSAGE][PASSED] - All options with index in [10] are selected on object 'Object Repository/Schedule 10/Page_KDMC - CMS/select_--Select--Schedule 1Inj'

2018-05-04 18:11:22 - [TEST_STEP][PASSED] - selectOptionByIndex: All options with index in [3] are selected on object 'Object Repository/Schedule 10/Page_KDMC - CMS/select_--Select--Adjustable Mi'

2018-05-04 18:11:22 - [MESSAGE][PASSED] - All options with index in [3] are selected on object 'Object Repository/Schedule 10/Page_KDMC - CMS/select_--Select--Adjustable Mi'

2018-05-04 18:11:22 - [TEST_STEP][PASSED] - setText: Text '500' is set on object 'Object Repository/Schedule 10/Page_KDMC - CMS/input_txttreat'

2018-05-04 18:11:22 - [MESSAGE][PASSED] - Text '500' is set on object 'Object Repository/Schedule 10/Page_KDMC - CMS/input_txttreat'

2018-05-04 18:11:22 - [TEST_STEP][PASSED] - click: Object: 'Object Repository/Schedule 10/Page_KDMC - CMS/button_Add' is clicked on

2018-05-04 18:11:22 - [MESSAGE][PASSED] - Object: 'Object Repository/Schedule 10/Page_KDMC - CMS/button_Add' is clicked on

2018-05-04 18:11:22 - [TEST_STEP][PASSED] - selectOptionByIndex: All options with index in [10] are selected on object 'Object Repository/Schedule 10/Page_KDMC - CMS/select_--Select--Schedule 1Inj'

2018-05-04 18:11:22 - [MESSAGE][PASSED] - All options with index in [10] are selected on object 'Object Repository/Schedule 10/Page_KDMC - CMS/select_--Select--Schedule 1Inj'

2018-05-04 18:11:22 - [TEST_STEP][PASSED] - selectOptionByIndex: All options with index in [4] are selected on object 'Object Repository/Schedule 10/Page_KDMC - CMS/select_--Select--Adjustable Mi'

2018-05-04 18:11:22 - [MESSAGE][PASSED] - All options with index in [4] are selected on object 'Object Repository/Schedule 10/Page_KDMC - CMS/select_--Select--Adjustable Mi'

2018-05-04 18:11:22 - [TEST_STEP][PASSED] - setText: Text '500' is set on object 'Object Repository/Schedule 10/Page_KDMC - CMS/input_txttreat'

2018-05-04 18:11:22 - [MESSAGE][PASSED] - Text '500' is set on object 'Object Repository/Schedule 10/Page_KDMC - CMS/input_txttreat'

2018-05-04 18:11:22 - [TEST_STEP][PASSED] - click: Object: 'Object Repository/Schedule 10/Page_KDMC - CMS/button_Add' is clicked on

2018-05-04 18:11:22 - [MESSAGE][PASSED] - Object: 'Object Repository/Schedule 10/Page_KDMC - CMS/button_Add' is clicked on

2018-05-04 18:11:22 - [TEST_STEP][PASSED] - selectOptionByIndex: All options with index in [10] are selected on object 'Object Repository/Schedule 10/Page_KDMC - CMS/select_--Select--Schedule 1Inj'

2018-05-04 18:11:22 - [MESSAGE][PASSED] - All options with index in [10] are selected on object 'Object Repository/Schedule 10/Page_KDMC - CMS/select_--Select--Schedule 1Inj'

2018-05-04 18:11:22 - [TEST_STEP][PASSED] - selectOptionByIndex: All options with index in [5] are selected on object 'Object Repository/Schedule 10/Page_KDMC - CMS/select_--Select--Adjustable Mi'

2018-05-04 18:11:23 - [MESSAGE][PASSED] - All options with index in [5] are selected on object 'Object Repository/Schedule 10/Page_KDMC - CMS/select_--Select--Adjustable Mi'

2018-05-04 18:11:23 - [TEST_STEP][PASSED] - setText: Text '500' is set on object 'Object Repository/Schedule 10/Page_KDMC - CMS/input_txttreat'

2018-05-04 18:11:23 - [MESSAGE][PASSED] - Text '500' is set on object 'Object Repository/Schedule 10/Page_KDMC - CMS/input_txttreat'

2018-05-04 18:11:23 - [TEST_STEP][PASSED] - click: Object: 'Object Repository/Schedule 10/Page_KDMC - CMS/button_Add' is clicked on

2018-05-04 18:11:23 - [MESSAGE][PASSED] - Object: 'Object Repository/Schedule 10/Page_KDMC - CMS/button_Add' is clicked on

2018-05-04 18:11:23 - [TEST_STEP][PASSED] - selectOptionByIndex: All options with index in [10] are selected on object 'Object Repository/Schedule 10/Page_KDMC - CMS/select_--Select--Schedule 1Inj'

2018-05-04 18:11:23 - [MESSAGE][PASSED] - All options with index in [10] are selected on object 'Object Repository/Schedule 10/Page_KDMC - CMS/select_--Select--Schedule 1Inj'

2018-05-04 18:11:23 - [TEST_STEP][PASSED] - selectOptionByIndex: All options with index in [6] are selected on object 'Object Repository/Schedule 10/Page_KDMC - CMS/select_--Select--Adjustable Mi'

2018-05-04 18:11:24 - [MESSAGE][PASSED] - All options with index in [6] are selected on object 'Object Repository/Schedule 10/Page_KDMC - CMS/select_--Select--Adjustable Mi'

2018-05-04 18:11:24 - [TEST_STEP][PASSED] - setText: Text '500' is set on object 'Object Repository/Schedule 10/Page_KDMC - CMS/input_txttreat'

2018-05-04 18:11:24 - [MESSAGE][PASSED] - Text '500' is set on object 'Object Repository/Schedule 10/Page_KDMC - CMS/input_txttreat'

2018-05-04 18:11:24 - [TEST_STEP][PASSED] - click: Object: 'Object Repository/Schedule 10/Page_KDMC - CMS/button_Add' is clicked on

2018-05-04 18:11:24 - [MESSAGE][PASSED] - Object: 'Object Repository/Schedule 10/Page_KDMC - CMS/button_Add' is clicked on

2018-05-04 18:11:24 - [TEST_STEP][PASSED] - selectOptionByIndex: All options with index in [10] are selected on object 'Object Repository/Schedule 10/Page_KDMC - CMS/select_--Select--Schedule 1Inj'

2018-05-04 18:11:24 - [MESSAGE][PASSED] - All options with index in [10] are selected on object 'Object Repository/Schedule 10/Page_KDMC - CMS/select_--Select--Schedule 1Inj'

2018-05-04 18:11:24 - [TEST_STEP][PASSED] - selectOptionByIndex: All options with index in [7] are selected on object 'Object Repository/Schedule 10/Page_KDMC - CMS/select_--Select--Adjustable Mi'

2018-05-04 18:11:25 - [MESSAGE][PASSED] - All options with index in [7] are selected on object 'Object Repository/Schedule 10/Page_KDMC - CMS/select_--Select--Adjustable Mi'

2018-05-04 18:11:25 - [TEST_STEP][PASSED] - setText: Text '500' is set on object 'Object Repository/Schedule 10/Page_KDMC - CMS/input_txttreat'

2018-05-04 18:11:25 - [MESSAGE][PASSED] - Text '500' is set on object 'Object Repository/Schedule 10/Page_KDMC - CMS/input_txttreat'

2018-05-04 18:11:25 - [TEST_STEP][PASSED] - click: Object: 'Object Repository/Schedule 10/Page_KDMC - CMS/button_Add' is clicked on

2018-05-04 18:11:25 - [MESSAGE][PASSED] - Object: 'Object Repository/Schedule 10/Page_KDMC - CMS/button_Add' is clicked on

2018-05-04 18:11:25 - [TEST_STEP][PASSED] - selectOptionByIndex: All options with index in [10] are selected on object 'Object Repository/Schedule 10/Page_KDMC - CMS/select_--Select--Schedule 1Inj'

2018-05-04 18:11:25 - [MESSAGE][PASSED] - All options with index in [10] are selected on object 'Object Repository/Schedule 10/Page_KDMC - CMS/select_--Select--Schedule 1Inj'

2018-05-04 18:11:25 - [TEST_STEP][PASSED] - selectOptionByIndex: All options with index in [8] are selected on object 'Object Repository/Schedule 10/Page_KDMC - CMS/select_--Select--Adjustable Mi'

2018-05-04 18:11:26 - [MESSAGE][PASSED] - All options with index in [8] are selected on object 'Object Repository/Schedule 10/Page_KDMC - CMS/select_--Select--Adjustable Mi'

2018-05-04 18:11:26 - [TEST_STEP][PASSED] - setText: Text '500' is set on object 'Object Repository/Schedule 10/Page_KDMC - CMS/input_txttreat'

2018-05-04 18:11:26 - [MESSAGE][PASSED] - Text '500' is set on object 'Object Repository/Schedule 10/Page_KDMC - CMS/input_txttreat'

2018-05-04 18:11:26 - [TEST_STEP][PASSED] - click: Object: 'Object Repository/Schedule 10/Page_KDMC - CMS/button_Add' is clicked on

2018-05-04 18:11:26 - [MESSAGE][PASSED] - Object: 'Object Repository/Schedule 10/Page_KDMC - CMS/button_Add' is clicked on

2018-05-04 18:11:26 - [TEST_STEP][PASSED] - selectOptionByIndex: All options with index in [10] are selected on object 'Object Repository/Schedule 10/Page_KDMC - CMS/select_--Select--Schedule 1Inj'

2018-05-04 18:11:26 - [MESSAGE][PASSED] - All options with index in [10] are selected on object 'Object Repository/Schedule 10/Page_KDMC - CMS/select_--Select--Schedule 1Inj'

2018-05-04 18:11:26 - [TEST_STEP][PASSED] - selectOptionByIndex: All options with index in [9] are selected on object 'Object Repository/Schedule 10/Page_KDMC - CMS/select_--Select--Adjustable Mi'

2018-05-04 18:11:27 - [MESSAGE][PASSED] - All options with index in [9] are selected on object 'Object Repository/Schedule 10/Page_KDMC - CMS/select_--Select--Adjustable Mi'

2018-05-04 18:11:27 - [TEST_STEP][PASSED] - setText: Text '500' is set on object 'Object Repository/Schedule 10/Page_KDMC - CMS/input_txttreat'

2018-05-04 18:11:27 - [MESSAGE][PASSED] - Text '500' is set on object 'Object Repository/Schedule 10/Page_KDMC - CMS/input_txttreat'

2018-05-04 18:11:27 - [TEST_STEP][PASSED] - click: Object: 'Object Repository/Schedule 10/Page_KDMC - CMS/button_Add' is clicked on

2018-05-04 18:11:27 - [MESSAGE][PASSED] - Object: 'Object Repository/Schedule 10/Page_KDMC - CMS/button_Add' is clicked on

2018-05-04 18:11:27 - [TEST_STEP][PASSED] - selectOptionByIndex: All options with index in [10] are selected on object 'Object Repository/Schedule 10/Page_KDMC - CMS/select_--Select--Schedule 1Inj'

2018-05-04 18:11:27 - [MESSAGE][PASSED] - All options with index in [10] are selected on object 'Object Repository/Schedule 10/Page_KDMC - CMS/select_--Select--Schedule 1Inj'

2018-05-04 18:11:27 - [TEST_STEP][PASSED] - selectOptionByIndex: All options with index in [10] are selected on object 'Object Repository/Schedule 10/Page_KDMC - CMS/select_--Select--Adjustable Mi'

2018-05-04 18:11:28 - [MESSAGE][PASSED] - All options with index in [10] are selected on object 'Object Repository/Schedule 10/Page_KDMC - CMS/select_--Select--Adjustable Mi'

2018-05-04 18:11:28 - [TEST_STEP][PASSED] - setText: Text '500' is set on object 'Object Repository/Schedule 10/Page_KDMC - CMS/input_txttreat'

2018-05-04 18:11:28 - [MESSAGE][PASSED] - Text '500' is set on object 'Object Repository/Schedule 10/Page_KDMC - CMS/input_txttreat'

2018-05-04 18:11:28 - [TEST_STEP][PASSED] - click: Object: 'Object Repository/Schedule 10/Page_KDMC - CMS/button_Add' is clicked on

2018-05-04 18:11:28 - [MESSAGE][PASSED] - Object: 'Object Repository/Schedule 10/Page_KDMC - CMS/button_Add' is clicked on

2018-05-04 18:11:28 - [TEST_STEP][PASSED] - selectOptionByIndex: All options with index in [10] are selected on object 'Object Repository/Schedule 10/Page_KDMC - CMS/select_--Select--Schedule 1Inj'

2018-05-04 18:11:28 - [MESSAGE][PASSED] - All options with index in [10] are selected on object 'Object Repository/Schedule 10/Page_KDMC - CMS/select_--Select--Schedule 1Inj'

2018-05-04 18:11:28 - [TEST_STEP][PASSED] - selectOptionByIndex: All options with index in [11] are selected on object 'Object Repository/Schedule 10/Page_KDMC - CMS/select_--Select--Adjustable Mi'

2018-05-04 18:11:29 - [MESSAGE][PASSED] - All options with index in [11] are selected on object 'Object Repository/Schedule 10/Page_KDMC - CMS/select_--Select--Adjustable Mi'

2018-05-04 18:11:29 - [TEST_STEP][PASSED] - setText: Text '500' is set on object 'Object Repository/Schedule 10/Page_KDMC - CMS/input_txttreat'

2018-05-04 18:11:29 - [MESSAGE][PASSED] - Text '500' is set on object 'Object Repository/Schedule 10/Page_KDMC - CMS/input_txttreat'

2018-05-04 18:11:29 - [TEST_STEP][PASSED] - click: Object: 'Object Repository/Schedule 10/Page_KDMC - CMS/button_Add' is clicked on

2018-05-04 18:11:29 - [MESSAGE][PASSED] - Object: 'Object Repository/Schedule 10/Page_KDMC - CMS/button_Add' is clicked on

2018-05-04 18:11:29 - [TEST_STEP][PASSED] - selectOptionByIndex: All options with index in [10] are selected on object 'Object Repository/Schedule 10/Page_KDMC - CMS/select_--Select--Schedule 1Inj'

2018-05-04 18:11:29 - [MESSAGE][PASSED] - All options with index in [10] are selected on object 'Object Repository/Schedule 10/Page_KDMC - CMS/select_--Select--Schedule 1Inj'

2018-05-04 18:11:29 - [TEST_STEP][PASSED] - selectOptionByIndex: All options with index in [12] are selected on object 'Object Repository/Schedule 10/Page_KDMC - CMS/select_--Select--Adjustable Mi'

2018-05-04 18:11:30 - [MESSAGE][PASSED] - All options with index in [12] are selected on object 'Object Repository/Schedule 10/Page_KDMC - CMS/select_--Select--Adjustable Mi'

2018-05-04 18:11:30 - [TEST_STEP][PASSED] - setText: Text '500' is set on object 'Object Repository/Schedule 10/Page_KDMC - CMS/input_txttreat'

2018-05-04 18:11:30 - [MESSAGE][PASSED] - Text '500' is set on object 'Object Repository/Schedule 10/Page_KDMC - CMS/input_txttreat'

2018-05-04 18:11:30 - [TEST_STEP][PASSED] - click: Object: 'Object Repository/Schedule 10/Page_KDMC - CMS/button_Add' is clicked on

2018-05-04 18:11:30 - [MESSAGE][PASSED] - Object: 'Object Repository/Schedule 10/Page_KDMC - CMS/button_Add' is clicked on

2018-05-04 18:11:30 - [TEST_STEP][PASSED] - selectOptionByIndex: All options with index in [10] are selected on object 'Object Repository/Schedule 10/Page_KDMC - CMS/select_--Select--Schedule 1Inj'

2018-05-04 18:11:30 - [MESSAGE][PASSED] - All options with index in [10] are selected on object 'Object Repository/Schedule 10/Page_KDMC - CMS/select_--Select--Schedule 1Inj'

2018-05-04 18:11:30 - [TEST_STEP][PASSED] - selectOptionByIndex: All options with index in [13] are selected on object 'Object Repository/Schedule 10/Page_KDMC - CMS/select_--Select--Adjustable Mi'

2018-05-04 18:11:30 - [MESSAGE][PASSED] - All options with index in [13] are selected on object 'Object Repository/Schedule 10/Page_KDMC - CMS/select_--Select--Adjustable Mi'

2018-05-04 18:11:30 - [TEST_STEP][PASSED] - setText: Text '500' is set on object 'Object Repository/Schedule 10/Page_KDMC - CMS/input_txttreat'

2018-05-04 18:11:30 - [MESSAGE][PASSED] - Text '500' is set on object 'Object Repository/Schedule 10/Page_KDMC - CMS/input_txttreat'

2018-05-04 18:11:30 - [TEST_STEP][PASSED] - click: Object: 'Object Repository/Schedule 10/Page_KDMC - CMS/button_Add' is clicked on

2018-05-04 18:11:30 - [MESSAGE][PASSED] - Object: 'Object Repository/Schedule 10/Page_KDMC - CMS/button_Add' is clicked on

2018-05-04 18:11:30 - [TEST_STEP][PASSED] - selectOptionByIndex: All options with index in [10] are selected on object 'Object Repository/Schedule 10/Page_KDMC - CMS/select_--Select--Schedule 1Inj'

2018-05-04 18:11:31 - [MESSAGE][PASSED] - All options with index in [10] are selected on object 'Object Repository/Schedule 10/Page_KDMC - CMS/select_--Select--Schedule 1Inj'

2018-05-04 18:11:31 - [TEST_STEP][PASSED] - selectOptionByIndex: All options with index in [14] are selected on object 'Object Repository/Schedule 10/Page_KDMC - CMS/select_--Select--Adjustable Mi'

2018-05-04 18:11:31 - [MESSAGE][PASSED] - All options with index in [14] are selected on object 'Object Repository/Schedule 10/Page_KDMC - CMS/select_--Select--Adjustable Mi'

2018-05-04 18:11:31 - [TEST_STEP][PASSED] - setText: Text '500' is set on object 'Object Repository/Schedule 10/Page_KDMC - CMS/input_txttreat'

2018-05-04 18:11:31 - [MESSAGE][PASSED] - Text '500' is set on object 'Object Repository/Schedule 10/Page_KDMC - CMS/input_txttreat'

2018-05-04 18:11:31 - [TEST_STEP][PASSED] - click: Object: 'Object Repository/Schedule 10/Page_KDMC - CMS/button_Add' is clicked on

2018-05-04 18:11:31 - [MESSAGE][PASSED] - Object: 'Object Repository/Schedule 10/Page_KDMC - CMS/button_Add' is clicked on

2018-05-04 18:11:31 - [TEST_STEP][PASSED] - selectOptionByIndex: All options with index in [10] are selected on object 'Object Repository/Schedule 10/Page_KDMC - CMS/select_--Select--Schedule 1Inj'

2018-05-04 18:11:31 - [MESSAGE][PASSED] - All options with index in [10] are selected on object 'Object Repository/Schedule 10/Page_KDMC - CMS/select_--Select--Schedule 1Inj'

2018-05-04 18:11:31 - [TEST_STEP][PASSED] - selectOptionByIndex: All options with index in [15] are selected on object 'Object Repository/Schedule 10/Page_KDMC - CMS/select_--Select--Adjustable Mi'

2018-05-04 18:11:32 - [MESSAGE][PASSED] - All options with index in [15] are selected on object 'Object Repository/Schedule 10/Page_KDMC - CMS/select_--Select--Adjustable Mi'

2018-05-04 18:11:32 - [TEST_STEP][PASSED] - setText: Text '500' is set on object 'Object Repository/Schedule 10/Page_KDMC - CMS/input_txttreat'

2018-05-04 18:11:32 - [MESSAGE][PASSED] - Text '500' is set on object 'Object Repository/Schedule 10/Page_KDMC - CMS/input_txttreat'

2018-05-04 18:11:32 - [TEST_STEP][PASSED] - click: Object: 'Object Repository/Schedule 10/Page_KDMC - CMS/button_Add' is clicked on

2018-05-04 18:11:32 - [MESSAGE][PASSED] - Object: 'Object Repository/Schedule 10/Page_KDMC - CMS/button_Add' is clicked on

2018-05-04 18:11:32 - [TEST_STEP][PASSED] - selectOptionByIndex: All options with index in [10] are selected on object 'Object Repository/Schedule 10/Page_KDMC - CMS/select_--Select--Schedule 1Inj'

2018-05-04 18:11:32 - [MESSAGE][PASSED] - All options with index in [10] are selected on object 'Object Repository/Schedule 10/Page_KDMC - CMS/select_--Select--Schedule 1Inj'

2018-05-04 18:11:32 - [TEST_STEP][PASSED] - selectOptionByIndex: All options with index in [16] are selected on object 'Object Repository/Schedule 10/Page_KDMC - CMS/select_--Select--Adjustable Mi'

2018-05-04 18:11:33 - [MESSAGE][PASSED] - All options with index in [16] are selected on object 'Object Repository/Schedule 10/Page_KDMC - CMS/select_--Select--Adjustable Mi'

2018-05-04 18:11:33 - [TEST_STEP][PASSED] - setText: Text '500' is set on object 'Object Repository/Schedule 10/Page_KDMC - CMS/input_txttreat'

2018-05-04 18:11:33 - [MESSAGE][PASSED] - Text '500' is set on object 'Object Repository/Schedule 10/Page_KDMC - CMS/input_txttreat'

2018-05-04 18:11:33 - [TEST_STEP][PASSED] - click: Object: 'Object Repository/Schedule 10/Page_KDMC - CMS/button_Add' is clicked on

2018-05-04 18:11:33 - [MESSAGE][PASSED] - Object: 'Object Repository/Schedule 10/Page_KDMC - CMS/button_Add' is clicked on

2018-05-04 18:11:33 - [TEST_STEP][PASSED] - selectOptionByIndex: All options with index in [10] are selected on object 'Object Repository/Schedule 10/Page_KDMC - CMS/select_--Select--Schedule 1Inj'

2018-05-04 18:11:33 - [MESSAGE][PASSED] - All options with index in [10] are selected on object 'Object Repository/Schedule 10/Page_KDMC - CMS/select_--Select--Schedule 1Inj'

2018-05-04 18:11:33 - [TEST_STEP][PASSED] - selectOptionByIndex: All options with index in [17] are selected on object 'Object Repository/Schedule 10/Page_KDMC - CMS/select_--Select--Adjustable Mi'

2018-05-04 18:11:34 - [MESSAGE][PASSED] - All options with index in [17] are selected on object 'Object Repository/Schedule 10/Page_KDMC - CMS/select_--Select--Adjustable Mi'

2018-05-04 18:11:34 - [TEST_STEP][PASSED] - setText: Text '500' is set on object 'Object Repository/Schedule 10/Page_KDMC - CMS/input_txttreat'

2018-05-04 18:11:34 - [MESSAGE][PASSED] - Text '500' is set on object 'Object Repository/Schedule 10/Page_KDMC - CMS/input_txttreat'

2018-05-04 18:11:34 - [TEST_STEP][PASSED] - click: Object: 'Object Repository/Schedule 10/Page_KDMC - CMS/button_Add' is clicked on

2018-05-04 18:11:34 - [MESSAGE][PASSED] - Object: 'Object Repository/Schedule 10/Page_KDMC - CMS/button_Add' is clicked on

2018-05-04 18:11:34 - [TEST_STEP][PASSED] - selectOptionByIndex: All options with index in [10] are selected on object 'Object Repository/Schedule 10/Page_KDMC - CMS/select_--Select--Schedule 1Inj'

2018-05-04 18:11:34 - [MESSAGE][PASSED] - All options with index in [10] are selected on object 'Object Repository/Schedule 10/Page_KDMC - CMS/select_--Select--Schedule 1Inj'

2018-05-04 18:11:34 - [TEST_STEP][PASSED] - selectOptionByIndex: All options with index in [18] are selected on object 'Object Repository/Schedule 10/Page_KDMC - CMS/select_--Select--Adjustable Mi'

2018-05-04 18:11:34 - [MESSAGE][PASSED] - All options with index in [18] are selected on object 'Object Repository/Schedule 10/Page_KDMC - CMS/select_--Select--Adjustable Mi'

2018-05-04 18:11:34 - [TEST_STEP][PASSED] - setText: Text '500' is set on object 'Object Repository/Schedule 10/Page_KDMC - CMS/input_txttreat'

2018-05-04 18:11:34 - [MESSAGE][PASSED] - Text '500' is set on object 'Object Repository/Schedule 10/Page_KDMC - CMS/input_txttreat'

2018-05-04 18:11:34 - [TEST_STEP][PASSED] - click: Object: 'Object Repository/Schedule 10/Page_KDMC - CMS/button_Add' is clicked on

2018-05-04 18:11:34 - [MESSAGE][PASSED] - Object: 'Object Repository/Schedule 10/Page_KDMC - CMS/button_Add' is clicked on

2018-05-04 18:11:34 - [TEST_STEP][PASSED] - scrollToElement: Scroll to object 'Object Repository/Schedule 10/Page_KDMC - CMS/input_btnsave' successfully

2018-05-04 18:11:34 - [MESSAGE][PASSED] - Scroll to object 'Object Repository/Schedule 10/Page_KDMC - CMS/input_btnsave' successfully

2018-05-04 18:11:34 - [TEST_STEP][PASSED] - click: Object: 'Object Repository/Schedule 10/Page_KDMC - CMS/input_btnsave' is clicked on

2018-05-04 18:11:35 - [MESSAGE][PASSED] - Object: 'Object Repository/Schedule 10/Page_KDMC - CMS/input_btnsave' is clicked on

2018-05-04 18:11:35 - [TEST_STEP][PASSED] - delay: Delayed 3 second(s)

2018-05-04 18:11:38 - [MESSAGE][PASSED] - Delayed 3 second(s)

2018-05-04 18:11:38 - [TEST_STEP][PASSED] - click: Object: 'Object Repository/Schedule 10/Page_KDMC - CMS/button_OK' is clicked on

2018-05-04 18:11:38 - [MESSAGE][PASSED] - Object: 'Object Repository/Schedule 10/Page_KDMC - CMS/button_OK' is clicked on

2018-05-04 18:11:38 - [TEST_STEP][PASSED] - delay: Delayed 3 second(s)

2018-05-04 18:11:41 - [MESSAGE][PASSED] - Delayed 3 second(s)

2018-05-04 18:11:41 - [TEST_STEP][PASSED] - click: Object: 'Object Repository/Schedule 10/Page_KDMC - CMS/a_dropdown-toggle' is clicked on

2018-05-04 18:11:41 - [MESSAGE][PASSED] - Object: 'Object Repository/Schedule 10/Page_KDMC - CMS/a_dropdown-toggle' is clicked on

2018-05-04 18:11:41 - [TEST_STEP][PASSED] - click: Object: 'Object Repository/Schedule 10/Page_KDMC - CMS/a_Sign out' is clicked on

2018-05-04 18:11:41 - [MESSAGE][PASSED] - Object: 'Object Repository/Schedule 10/Page_KDMC - CMS/a_Sign out' is clicked on

2018-05-04 18:11:41 - [TEST_STEP][PASSED] - closeBrowser: Browser is closed

2018-05-04 18:11:42 - [MESSAGE][PASSED] - Browser is closed]]></system-out>
         <system-err><![CDATA[]]></system-err>
      </testcase>
      <testcase name="Test Cases/MOHTOCMSREQUEST/MohRequestSchedule11" classname="Test Cases/MOHTOCMSREQUEST/MohRequestSchedule11" status="PASSED">
         <system-out><![CDATA[2018-05-04 18:11:42 - [TEST_CASE][PASSED] - Test Cases/MOHTOCMSREQUEST/MohRequestSchedule11: Test Cases/MOHTOCMSREQUEST/MohRequestSchedule11

2018-05-04 18:11:42 - [TEST_STEP][PASSED] - openBrowser: Browser is opened with url: ''

2018-05-04 18:11:44 - [MESSAGE][PASSED] - Browser is opened with url: ''

2018-05-04 18:11:44 - [TEST_STEP][PASSED] - navigateToUrl: Navigate to 'http://192.168.137.1/multihospital_new/' successfully

2018-05-04 18:11:46 - [MESSAGE][PASSED] - Navigate to 'http://192.168.137.1/multihospital_new/' successfully

2018-05-04 18:11:46 - [TEST_STEP][PASSED] - maximizeWindow: Current window maximized

2018-05-04 18:11:47 - [MESSAGE][PASSED] - Current window maximized

2018-05-04 18:11:47 - [TEST_STEP][PASSED] - click: Object: 'Object Repository/Schedule 11/Page_KDMC/a_CMS' is clicked on

2018-05-04 18:11:48 - [MESSAGE][PASSED] - Object: 'Object Repository/Schedule 11/Page_KDMC/a_CMS' is clicked on

2018-05-04 18:11:48 - [TEST_STEP][PASSED] - setText: Text 'bala' is set on object 'Object Repository/Schedule 11/Page_CMS login/input_txtusername'

2018-05-04 18:11:48 - [MESSAGE][PASSED] - Text 'bala' is set on object 'Object Repository/Schedule 11/Page_CMS login/input_txtusername'

2018-05-04 18:11:48 - [TEST_STEP][PASSED] - setText: Text '123' is set on object 'Object Repository/Schedule 11/Page_CMS login/input_txtpassword'

2018-05-04 18:11:48 - [MESSAGE][PASSED] - Text '123' is set on object 'Object Repository/Schedule 11/Page_CMS login/input_txtpassword'

2018-05-04 18:11:48 - [TEST_STEP][PASSED] - delay: Delayed 3 second(s)

2018-05-04 18:11:51 - [MESSAGE][PASSED] - Delayed 3 second(s)

2018-05-04 18:11:51 - [TEST_STEP][PASSED] - click: Object: 'Object Repository/Schedule 11/Page_CMS login/button_Sign in' is clicked on

2018-05-04 18:11:52 - [MESSAGE][PASSED] - Object: 'Object Repository/Schedule 11/Page_CMS login/button_Sign in' is clicked on

2018-05-04 18:11:52 - [TEST_STEP][PASSED] - click: Object: 'Object Repository/Schedule 11/Page_KDMC - CMS/a_Request to MOH' is clicked on

2018-05-04 18:11:52 - [MESSAGE][PASSED] - Object: 'Object Repository/Schedule 11/Page_KDMC - CMS/a_Request to MOH' is clicked on

2018-05-04 18:11:52 - [TEST_STEP][PASSED] - selectOptionByIndex: All options with index in [2] are selected on object 'Object Repository/Schedule 11/Page_KDMC - CMS/select_--Select--'

2018-05-04 18:11:52 - [MESSAGE][PASSED] - All options with index in [2] are selected on object 'Object Repository/Schedule 11/Page_KDMC - CMS/select_--Select--'

2018-05-04 18:11:52 - [TEST_STEP][PASSED] - selectOptionByIndex: All options with index in [11] are selected on object 'Object Repository/Schedule 11/Page_KDMC - CMS/select_--Select--Schedule 1Inj'

2018-05-04 18:11:52 - [MESSAGE][PASSED] - All options with index in [11] are selected on object 'Object Repository/Schedule 11/Page_KDMC - CMS/select_--Select--Schedule 1Inj'

2018-05-04 18:11:52 - [TEST_STEP][PASSED] - Statement - Selectedoptions = com.kms.katalon.core.webui.keyword.WebUiBuiltInKeywords.getNumberOfTotalOption(com.kms.katalon.core.testobject.ObjectRepository.findTestObject(Schedule 11/Page_KDMC - CMS/select_--Select--Advance E.C.G)): 81 options of object 'Object Repository/Schedule 11/Page_KDMC - CMS/select_--Select--Advance E.C.G' counted

2018-05-04 18:11:52 - [MESSAGE][PASSED] - 81 options of object 'Object Repository/Schedule 11/Page_KDMC - CMS/select_--Select--Advance E.C.G' counted

2018-05-04 18:11:52 - [TEST_STEP][PASSED] - Statement - For ([f = 1, f < Selectedoptions, (f++)]): Object: 'Object Repository/Schedule 11/Page_KDMC - CMS/button_Add' is clicked on

2018-05-04 18:11:52 - [TEST_STEP][PASSED] - selectOptionByIndex: All options with index in [11] are selected on object 'Object Repository/Schedule 11/Page_KDMC - CMS/select_--Select--Schedule 1Inj'

2018-05-04 18:11:53 - [MESSAGE][PASSED] - All options with index in [11] are selected on object 'Object Repository/Schedule 11/Page_KDMC - CMS/select_--Select--Schedule 1Inj'

2018-05-04 18:11:53 - [TEST_STEP][PASSED] - selectOptionByIndex: All options with index in [1] are selected on object 'Object Repository/Schedule 11/Page_KDMC - CMS/select_--Select--Advance E.C.G'

2018-05-04 18:11:53 - [MESSAGE][PASSED] - All options with index in [1] are selected on object 'Object Repository/Schedule 11/Page_KDMC - CMS/select_--Select--Advance E.C.G'

2018-05-04 18:11:53 - [TEST_STEP][PASSED] - setText: Text '200' is set on object 'Object Repository/Schedule 11/Page_KDMC - CMS/input_txttreat'

2018-05-04 18:11:53 - [MESSAGE][PASSED] - Text '200' is set on object 'Object Repository/Schedule 11/Page_KDMC - CMS/input_txttreat'

2018-05-04 18:11:53 - [TEST_STEP][PASSED] - click: Object: 'Object Repository/Schedule 11/Page_KDMC - CMS/button_Add' is clicked on

2018-05-04 18:11:53 - [MESSAGE][PASSED] - Object: 'Object Repository/Schedule 11/Page_KDMC - CMS/button_Add' is clicked on

2018-05-04 18:11:53 - [TEST_STEP][PASSED] - selectOptionByIndex: All options with index in [11] are selected on object 'Object Repository/Schedule 11/Page_KDMC - CMS/select_--Select--Schedule 1Inj'

2018-05-04 18:11:53 - [MESSAGE][PASSED] - All options with index in [11] are selected on object 'Object Repository/Schedule 11/Page_KDMC - CMS/select_--Select--Schedule 1Inj'

2018-05-04 18:11:53 - [TEST_STEP][PASSED] - selectOptionByIndex: All options with index in [2] are selected on object 'Object Repository/Schedule 11/Page_KDMC - CMS/select_--Select--Advance E.C.G'

2018-05-04 18:11:54 - [MESSAGE][PASSED] - All options with index in [2] are selected on object 'Object Repository/Schedule 11/Page_KDMC - CMS/select_--Select--Advance E.C.G'

2018-05-04 18:11:54 - [TEST_STEP][PASSED] - setText: Text '200' is set on object 'Object Repository/Schedule 11/Page_KDMC - CMS/input_txttreat'

2018-05-04 18:11:54 - [MESSAGE][PASSED] - Text '200' is set on object 'Object Repository/Schedule 11/Page_KDMC - CMS/input_txttreat'

2018-05-04 18:11:54 - [TEST_STEP][PASSED] - click: Object: 'Object Repository/Schedule 11/Page_KDMC - CMS/button_Add' is clicked on

2018-05-04 18:11:54 - [MESSAGE][PASSED] - Object: 'Object Repository/Schedule 11/Page_KDMC - CMS/button_Add' is clicked on

2018-05-04 18:11:54 - [TEST_STEP][PASSED] - selectOptionByIndex: All options with index in [11] are selected on object 'Object Repository/Schedule 11/Page_KDMC - CMS/select_--Select--Schedule 1Inj'

2018-05-04 18:11:54 - [MESSAGE][PASSED] - All options with index in [11] are selected on object 'Object Repository/Schedule 11/Page_KDMC - CMS/select_--Select--Schedule 1Inj'

2018-05-04 18:11:54 - [TEST_STEP][PASSED] - selectOptionByIndex: All options with index in [3] are selected on object 'Object Repository/Schedule 11/Page_KDMC - CMS/select_--Select--Advance E.C.G'

2018-05-04 18:11:54 - [MESSAGE][PASSED] - All options with index in [3] are selected on object 'Object Repository/Schedule 11/Page_KDMC - CMS/select_--Select--Advance E.C.G'

2018-05-04 18:11:54 - [TEST_STEP][PASSED] - setText: Text '200' is set on object 'Object Repository/Schedule 11/Page_KDMC - CMS/input_txttreat'

2018-05-04 18:11:54 - [MESSAGE][PASSED] - Text '200' is set on object 'Object Repository/Schedule 11/Page_KDMC - CMS/input_txttreat'

2018-05-04 18:11:54 - [TEST_STEP][PASSED] - click: Object: 'Object Repository/Schedule 11/Page_KDMC - CMS/button_Add' is clicked on

2018-05-04 18:11:54 - [MESSAGE][PASSED] - Object: 'Object Repository/Schedule 11/Page_KDMC - CMS/button_Add' is clicked on

2018-05-04 18:11:54 - [TEST_STEP][PASSED] - selectOptionByIndex: All options with index in [11] are selected on object 'Object Repository/Schedule 11/Page_KDMC - CMS/select_--Select--Schedule 1Inj'

2018-05-04 18:11:55 - [MESSAGE][PASSED] - All options with index in [11] are selected on object 'Object Repository/Schedule 11/Page_KDMC - CMS/select_--Select--Schedule 1Inj'

2018-05-04 18:11:55 - [TEST_STEP][PASSED] - selectOptionByIndex: All options with index in [4] are selected on object 'Object Repository/Schedule 11/Page_KDMC - CMS/select_--Select--Advance E.C.G'

2018-05-04 18:11:55 - [MESSAGE][PASSED] - All options with index in [4] are selected on object 'Object Repository/Schedule 11/Page_KDMC - CMS/select_--Select--Advance E.C.G'

2018-05-04 18:11:55 - [TEST_STEP][PASSED] - setText: Text '200' is set on object 'Object Repository/Schedule 11/Page_KDMC - CMS/input_txttreat'

2018-05-04 18:11:55 - [MESSAGE][PASSED] - Text '200' is set on object 'Object Repository/Schedule 11/Page_KDMC - CMS/input_txttreat'

2018-05-04 18:11:55 - [TEST_STEP][PASSED] - click: Object: 'Object Repository/Schedule 11/Page_KDMC - CMS/button_Add' is clicked on

2018-05-04 18:11:55 - [MESSAGE][PASSED] - Object: 'Object Repository/Schedule 11/Page_KDMC - CMS/button_Add' is clicked on

2018-05-04 18:11:55 - [TEST_STEP][PASSED] - selectOptionByIndex: All options with index in [11] are selected on object 'Object Repository/Schedule 11/Page_KDMC - CMS/select_--Select--Schedule 1Inj'

2018-05-04 18:11:56 - [MESSAGE][PASSED] - All options with index in [11] are selected on object 'Object Repository/Schedule 11/Page_KDMC - CMS/select_--Select--Schedule 1Inj'

2018-05-04 18:11:56 - [TEST_STEP][PASSED] - selectOptionByIndex: All options with index in [5] are selected on object 'Object Repository/Schedule 11/Page_KDMC - CMS/select_--Select--Advance E.C.G'

2018-05-04 18:11:56 - [MESSAGE][PASSED] - All options with index in [5] are selected on object 'Object Repository/Schedule 11/Page_KDMC - CMS/select_--Select--Advance E.C.G'

2018-05-04 18:11:56 - [TEST_STEP][PASSED] - setText: Text '200' is set on object 'Object Repository/Schedule 11/Page_KDMC - CMS/input_txttreat'

2018-05-04 18:11:56 - [MESSAGE][PASSED] - Text '200' is set on object 'Object Repository/Schedule 11/Page_KDMC - CMS/input_txttreat'

2018-05-04 18:11:56 - [TEST_STEP][PASSED] - click: Object: 'Object Repository/Schedule 11/Page_KDMC - CMS/button_Add' is clicked on

2018-05-04 18:11:56 - [MESSAGE][PASSED] - Object: 'Object Repository/Schedule 11/Page_KDMC - CMS/button_Add' is clicked on

2018-05-04 18:11:56 - [TEST_STEP][PASSED] - selectOptionByIndex: All options with index in [11] are selected on object 'Object Repository/Schedule 11/Page_KDMC - CMS/select_--Select--Schedule 1Inj'

2018-05-04 18:11:57 - [MESSAGE][PASSED] - All options with index in [11] are selected on object 'Object Repository/Schedule 11/Page_KDMC - CMS/select_--Select--Schedule 1Inj'

2018-05-04 18:11:57 - [TEST_STEP][PASSED] - selectOptionByIndex: All options with index in [6] are selected on object 'Object Repository/Schedule 11/Page_KDMC - CMS/select_--Select--Advance E.C.G'

2018-05-04 18:11:57 - [MESSAGE][PASSED] - All options with index in [6] are selected on object 'Object Repository/Schedule 11/Page_KDMC - CMS/select_--Select--Advance E.C.G'

2018-05-04 18:11:57 - [TEST_STEP][PASSED] - setText: Text '200' is set on object 'Object Repository/Schedule 11/Page_KDMC - CMS/input_txttreat'

2018-05-04 18:11:57 - [MESSAGE][PASSED] - Text '200' is set on object 'Object Repository/Schedule 11/Page_KDMC - CMS/input_txttreat'

2018-05-04 18:11:57 - [TEST_STEP][PASSED] - click: Object: 'Object Repository/Schedule 11/Page_KDMC - CMS/button_Add' is clicked on

2018-05-04 18:11:57 - [MESSAGE][PASSED] - Object: 'Object Repository/Schedule 11/Page_KDMC - CMS/button_Add' is clicked on

2018-05-04 18:11:57 - [TEST_STEP][PASSED] - selectOptionByIndex: All options with index in [11] are selected on object 'Object Repository/Schedule 11/Page_KDMC - CMS/select_--Select--Schedule 1Inj'

2018-05-04 18:11:58 - [MESSAGE][PASSED] - All options with index in [11] are selected on object 'Object Repository/Schedule 11/Page_KDMC - CMS/select_--Select--Schedule 1Inj'

2018-05-04 18:11:58 - [TEST_STEP][PASSED] - selectOptionByIndex: All options with index in [7] are selected on object 'Object Repository/Schedule 11/Page_KDMC - CMS/select_--Select--Advance E.C.G'

2018-05-04 18:11:58 - [MESSAGE][PASSED] - All options with index in [7] are selected on object 'Object Repository/Schedule 11/Page_KDMC - CMS/select_--Select--Advance E.C.G'

2018-05-04 18:11:58 - [TEST_STEP][PASSED] - setText: Text '200' is set on object 'Object Repository/Schedule 11/Page_KDMC - CMS/input_txttreat'

2018-05-04 18:11:58 - [MESSAGE][PASSED] - Text '200' is set on object 'Object Repository/Schedule 11/Page_KDMC - CMS/input_txttreat'

2018-05-04 18:11:58 - [TEST_STEP][PASSED] - click: Object: 'Object Repository/Schedule 11/Page_KDMC - CMS/button_Add' is clicked on

2018-05-04 18:11:58 - [MESSAGE][PASSED] - Object: 'Object Repository/Schedule 11/Page_KDMC - CMS/button_Add' is clicked on

2018-05-04 18:11:58 - [TEST_STEP][PASSED] - selectOptionByIndex: All options with index in [11] are selected on object 'Object Repository/Schedule 11/Page_KDMC - CMS/select_--Select--Schedule 1Inj'

2018-05-04 18:11:59 - [MESSAGE][PASSED] - All options with index in [11] are selected on object 'Object Repository/Schedule 11/Page_KDMC - CMS/select_--Select--Schedule 1Inj'

2018-05-04 18:11:59 - [TEST_STEP][PASSED] - selectOptionByIndex: All options with index in [8] are selected on object 'Object Repository/Schedule 11/Page_KDMC - CMS/select_--Select--Advance E.C.G'

2018-05-04 18:11:59 - [MESSAGE][PASSED] - All options with index in [8] are selected on object 'Object Repository/Schedule 11/Page_KDMC - CMS/select_--Select--Advance E.C.G'

2018-05-04 18:11:59 - [TEST_STEP][PASSED] - setText: Text '200' is set on object 'Object Repository/Schedule 11/Page_KDMC - CMS/input_txttreat'

2018-05-04 18:11:59 - [MESSAGE][PASSED] - Text '200' is set on object 'Object Repository/Schedule 11/Page_KDMC - CMS/input_txttreat'

2018-05-04 18:11:59 - [TEST_STEP][PASSED] - click: Object: 'Object Repository/Schedule 11/Page_KDMC - CMS/button_Add' is clicked on

2018-05-04 18:12:00 - [MESSAGE][PASSED] - Object: 'Object Repository/Schedule 11/Page_KDMC - CMS/button_Add' is clicked on

2018-05-04 18:12:00 - [TEST_STEP][PASSED] - selectOptionByIndex: All options with index in [11] are selected on object 'Object Repository/Schedule 11/Page_KDMC - CMS/select_--Select--Schedule 1Inj'

2018-05-04 18:12:00 - [MESSAGE][PASSED] - All options with index in [11] are selected on object 'Object Repository/Schedule 11/Page_KDMC - CMS/select_--Select--Schedule 1Inj'

2018-05-04 18:12:00 - [TEST_STEP][PASSED] - selectOptionByIndex: All options with index in [9] are selected on object 'Object Repository/Schedule 11/Page_KDMC - CMS/select_--Select--Advance E.C.G'

2018-05-04 18:12:00 - [MESSAGE][PASSED] - All options with index in [9] are selected on object 'Object Repository/Schedule 11/Page_KDMC - CMS/select_--Select--Advance E.C.G'

2018-05-04 18:12:00 - [TEST_STEP][PASSED] - setText: Text '200' is set on object 'Object Repository/Schedule 11/Page_KDMC - CMS/input_txttreat'

2018-05-04 18:12:00 - [MESSAGE][PASSED] - Text '200' is set on object 'Object Repository/Schedule 11/Page_KDMC - CMS/input_txttreat'

2018-05-04 18:12:00 - [TEST_STEP][PASSED] - click: Object: 'Object Repository/Schedule 11/Page_KDMC - CMS/button_Add' is clicked on

2018-05-04 18:12:01 - [MESSAGE][PASSED] - Object: 'Object Repository/Schedule 11/Page_KDMC - CMS/button_Add' is clicked on

2018-05-04 18:12:01 - [TEST_STEP][PASSED] - selectOptionByIndex: All options with index in [11] are selected on object 'Object Repository/Schedule 11/Page_KDMC - CMS/select_--Select--Schedule 1Inj'

2018-05-04 18:12:01 - [MESSAGE][PASSED] - All options with index in [11] are selected on object 'Object Repository/Schedule 11/Page_KDMC - CMS/select_--Select--Schedule 1Inj'

2018-05-04 18:12:01 - [TEST_STEP][PASSED] - selectOptionByIndex: All options with index in [10] are selected on object 'Object Repository/Schedule 11/Page_KDMC - CMS/select_--Select--Advance E.C.G'

2018-05-04 18:12:01 - [MESSAGE][PASSED] - All options with index in [10] are selected on object 'Object Repository/Schedule 11/Page_KDMC - CMS/select_--Select--Advance E.C.G'

2018-05-04 18:12:01 - [TEST_STEP][PASSED] - setText: Text '200' is set on object 'Object Repository/Schedule 11/Page_KDMC - CMS/input_txttreat'

2018-05-04 18:12:02 - [MESSAGE][PASSED] - Text '200' is set on object 'Object Repository/Schedule 11/Page_KDMC - CMS/input_txttreat'

2018-05-04 18:12:02 - [TEST_STEP][PASSED] - click: Object: 'Object Repository/Schedule 11/Page_KDMC - CMS/button_Add' is clicked on

2018-05-04 18:12:02 - [MESSAGE][PASSED] - Object: 'Object Repository/Schedule 11/Page_KDMC - CMS/button_Add' is clicked on

2018-05-04 18:12:02 - [TEST_STEP][PASSED] - selectOptionByIndex: All options with index in [11] are selected on object 'Object Repository/Schedule 11/Page_KDMC - CMS/select_--Select--Schedule 1Inj'

2018-05-04 18:12:02 - [MESSAGE][PASSED] - All options with index in [11] are selected on object 'Object Repository/Schedule 11/Page_KDMC - CMS/select_--Select--Schedule 1Inj'

2018-05-04 18:12:02 - [TEST_STEP][PASSED] - selectOptionByIndex: All options with index in [11] are selected on object 'Object Repository/Schedule 11/Page_KDMC - CMS/select_--Select--Advance E.C.G'

2018-05-04 18:12:03 - [MESSAGE][PASSED] - All options with index in [11] are selected on object 'Object Repository/Schedule 11/Page_KDMC - CMS/select_--Select--Advance E.C.G'

2018-05-04 18:12:03 - [TEST_STEP][PASSED] - setText: Text '200' is set on object 'Object Repository/Schedule 11/Page_KDMC - CMS/input_txttreat'

2018-05-04 18:12:03 - [MESSAGE][PASSED] - Text '200' is set on object 'Object Repository/Schedule 11/Page_KDMC - CMS/input_txttreat'

2018-05-04 18:12:03 - [TEST_STEP][PASSED] - click: Object: 'Object Repository/Schedule 11/Page_KDMC - CMS/button_Add' is clicked on

2018-05-04 18:12:03 - [MESSAGE][PASSED] - Object: 'Object Repository/Schedule 11/Page_KDMC - CMS/button_Add' is clicked on

2018-05-04 18:12:03 - [TEST_STEP][PASSED] - selectOptionByIndex: All options with index in [11] are selected on object 'Object Repository/Schedule 11/Page_KDMC - CMS/select_--Select--Schedule 1Inj'

2018-05-04 18:12:03 - [MESSAGE][PASSED] - All options with index in [11] are selected on object 'Object Repository/Schedule 11/Page_KDMC - CMS/select_--Select--Schedule 1Inj'

2018-05-04 18:12:03 - [TEST_STEP][PASSED] - selectOptionByIndex: All options with index in [12] are selected on object 'Object Repository/Schedule 11/Page_KDMC - CMS/select_--Select--Advance E.C.G'

2018-05-04 18:12:04 - [MESSAGE][PASSED] - All options with index in [12] are selected on object 'Object Repository/Schedule 11/Page_KDMC - CMS/select_--Select--Advance E.C.G'

2018-05-04 18:12:04 - [TEST_STEP][PASSED] - setText: Text '200' is set on object 'Object Repository/Schedule 11/Page_KDMC - CMS/input_txttreat'

2018-05-04 18:12:04 - [MESSAGE][PASSED] - Text '200' is set on object 'Object Repository/Schedule 11/Page_KDMC - CMS/input_txttreat'

2018-05-04 18:12:04 - [TEST_STEP][PASSED] - click: Object: 'Object Repository/Schedule 11/Page_KDMC - CMS/button_Add' is clicked on

2018-05-04 18:12:04 - [MESSAGE][PASSED] - Object: 'Object Repository/Schedule 11/Page_KDMC - CMS/button_Add' is clicked on

2018-05-04 18:12:04 - [TEST_STEP][PASSED] - selectOptionByIndex: All options with index in [11] are selected on object 'Object Repository/Schedule 11/Page_KDMC - CMS/select_--Select--Schedule 1Inj'

2018-05-04 18:12:04 - [MESSAGE][PASSED] - All options with index in [11] are selected on object 'Object Repository/Schedule 11/Page_KDMC - CMS/select_--Select--Schedule 1Inj'

2018-05-04 18:12:04 - [TEST_STEP][PASSED] - selectOptionByIndex: All options with index in [13] are selected on object 'Object Repository/Schedule 11/Page_KDMC - CMS/select_--Select--Advance E.C.G'

2018-05-04 18:12:05 - [MESSAGE][PASSED] - All options with index in [13] are selected on object 'Object Repository/Schedule 11/Page_KDMC - CMS/select_--Select--Advance E.C.G'

2018-05-04 18:12:05 - [TEST_STEP][PASSED] - setText: Text '200' is set on object 'Object Repository/Schedule 11/Page_KDMC - CMS/input_txttreat'

2018-05-04 18:12:05 - [MESSAGE][PASSED] - Text '200' is set on object 'Object Repository/Schedule 11/Page_KDMC - CMS/input_txttreat'

2018-05-04 18:12:05 - [TEST_STEP][PASSED] - click: Object: 'Object Repository/Schedule 11/Page_KDMC - CMS/button_Add' is clicked on

2018-05-04 18:12:05 - [MESSAGE][PASSED] - Object: 'Object Repository/Schedule 11/Page_KDMC - CMS/button_Add' is clicked on

2018-05-04 18:12:05 - [TEST_STEP][PASSED] - selectOptionByIndex: All options with index in [11] are selected on object 'Object Repository/Schedule 11/Page_KDMC - CMS/select_--Select--Schedule 1Inj'

2018-05-04 18:12:05 - [MESSAGE][PASSED] - All options with index in [11] are selected on object 'Object Repository/Schedule 11/Page_KDMC - CMS/select_--Select--Schedule 1Inj'

2018-05-04 18:12:05 - [TEST_STEP][PASSED] - selectOptionByIndex: All options with index in [14] are selected on object 'Object Repository/Schedule 11/Page_KDMC - CMS/select_--Select--Advance E.C.G'

2018-05-04 18:12:06 - [MESSAGE][PASSED] - All options with index in [14] are selected on object 'Object Repository/Schedule 11/Page_KDMC - CMS/select_--Select--Advance E.C.G'

2018-05-04 18:12:06 - [TEST_STEP][PASSED] - setText: Text '200' is set on object 'Object Repository/Schedule 11/Page_KDMC - CMS/input_txttreat'

2018-05-04 18:12:06 - [MESSAGE][PASSED] - Text '200' is set on object 'Object Repository/Schedule 11/Page_KDMC - CMS/input_txttreat'

2018-05-04 18:12:06 - [TEST_STEP][PASSED] - click: Object: 'Object Repository/Schedule 11/Page_KDMC - CMS/button_Add' is clicked on

2018-05-04 18:12:06 - [MESSAGE][PASSED] - Object: 'Object Repository/Schedule 11/Page_KDMC - CMS/button_Add' is clicked on

2018-05-04 18:12:06 - [TEST_STEP][PASSED] - selectOptionByIndex: All options with index in [11] are selected on object 'Object Repository/Schedule 11/Page_KDMC - CMS/select_--Select--Schedule 1Inj'

2018-05-04 18:12:06 - [MESSAGE][PASSED] - All options with index in [11] are selected on object 'Object Repository/Schedule 11/Page_KDMC - CMS/select_--Select--Schedule 1Inj'

2018-05-04 18:12:06 - [TEST_STEP][PASSED] - selectOptionByIndex: All options with index in [15] are selected on object 'Object Repository/Schedule 11/Page_KDMC - CMS/select_--Select--Advance E.C.G'

2018-05-04 18:12:07 - [MESSAGE][PASSED] - All options with index in [15] are selected on object 'Object Repository/Schedule 11/Page_KDMC - CMS/select_--Select--Advance E.C.G'

2018-05-04 18:12:07 - [TEST_STEP][PASSED] - setText: Text '200' is set on object 'Object Repository/Schedule 11/Page_KDMC - CMS/input_txttreat'

2018-05-04 18:12:07 - [MESSAGE][PASSED] - Text '200' is set on object 'Object Repository/Schedule 11/Page_KDMC - CMS/input_txttreat'

2018-05-04 18:12:07 - [TEST_STEP][PASSED] - click: Object: 'Object Repository/Schedule 11/Page_KDMC - CMS/button_Add' is clicked on

2018-05-04 18:12:07 - [MESSAGE][PASSED] - Object: 'Object Repository/Schedule 11/Page_KDMC - CMS/button_Add' is clicked on

2018-05-04 18:12:07 - [TEST_STEP][PASSED] - selectOptionByIndex: All options with index in [11] are selected on object 'Object Repository/Schedule 11/Page_KDMC - CMS/select_--Select--Schedule 1Inj'

2018-05-04 18:12:07 - [MESSAGE][PASSED] - All options with index in [11] are selected on object 'Object Repository/Schedule 11/Page_KDMC - CMS/select_--Select--Schedule 1Inj'

2018-05-04 18:12:07 - [TEST_STEP][PASSED] - selectOptionByIndex: All options with index in [16] are selected on object 'Object Repository/Schedule 11/Page_KDMC - CMS/select_--Select--Advance E.C.G'

2018-05-04 18:12:08 - [MESSAGE][PASSED] - All options with index in [16] are selected on object 'Object Repository/Schedule 11/Page_KDMC - CMS/select_--Select--Advance E.C.G'

2018-05-04 18:12:08 - [TEST_STEP][PASSED] - setText: Text '200' is set on object 'Object Repository/Schedule 11/Page_KDMC - CMS/input_txttreat'

2018-05-04 18:12:08 - [MESSAGE][PASSED] - Text '200' is set on object 'Object Repository/Schedule 11/Page_KDMC - CMS/input_txttreat'

2018-05-04 18:12:08 - [TEST_STEP][PASSED] - click: Object: 'Object Repository/Schedule 11/Page_KDMC - CMS/button_Add' is clicked on

2018-05-04 18:12:08 - [MESSAGE][PASSED] - Object: 'Object Repository/Schedule 11/Page_KDMC - CMS/button_Add' is clicked on

2018-05-04 18:12:08 - [TEST_STEP][PASSED] - selectOptionByIndex: All options with index in [11] are selected on object 'Object Repository/Schedule 11/Page_KDMC - CMS/select_--Select--Schedule 1Inj'

2018-05-04 18:12:08 - [MESSAGE][PASSED] - All options with index in [11] are selected on object 'Object Repository/Schedule 11/Page_KDMC - CMS/select_--Select--Schedule 1Inj'

2018-05-04 18:12:08 - [TEST_STEP][PASSED] - selectOptionByIndex: All options with index in [17] are selected on object 'Object Repository/Schedule 11/Page_KDMC - CMS/select_--Select--Advance E.C.G'

2018-05-04 18:12:09 - [MESSAGE][PASSED] - All options with index in [17] are selected on object 'Object Repository/Schedule 11/Page_KDMC - CMS/select_--Select--Advance E.C.G'

2018-05-04 18:12:09 - [TEST_STEP][PASSED] - setText: Text '200' is set on object 'Object Repository/Schedule 11/Page_KDMC - CMS/input_txttreat'

2018-05-04 18:12:09 - [MESSAGE][PASSED] - Text '200' is set on object 'Object Repository/Schedule 11/Page_KDMC - CMS/input_txttreat'

2018-05-04 18:12:09 - [TEST_STEP][PASSED] - click: Object: 'Object Repository/Schedule 11/Page_KDMC - CMS/button_Add' is clicked on

2018-05-04 18:12:09 - [MESSAGE][PASSED] - Object: 'Object Repository/Schedule 11/Page_KDMC - CMS/button_Add' is clicked on

2018-05-04 18:12:09 - [TEST_STEP][PASSED] - selectOptionByIndex: All options with index in [11] are selected on object 'Object Repository/Schedule 11/Page_KDMC - CMS/select_--Select--Schedule 1Inj'

2018-05-04 18:12:09 - [MESSAGE][PASSED] - All options with index in [11] are selected on object 'Object Repository/Schedule 11/Page_KDMC - CMS/select_--Select--Schedule 1Inj'

2018-05-04 18:12:09 - [TEST_STEP][PASSED] - selectOptionByIndex: All options with index in [18] are selected on object 'Object Repository/Schedule 11/Page_KDMC - CMS/select_--Select--Advance E.C.G'

2018-05-04 18:12:10 - [MESSAGE][PASSED] - All options with index in [18] are selected on object 'Object Repository/Schedule 11/Page_KDMC - CMS/select_--Select--Advance E.C.G'

2018-05-04 18:12:10 - [TEST_STEP][PASSED] - setText: Text '200' is set on object 'Object Repository/Schedule 11/Page_KDMC - CMS/input_txttreat'

2018-05-04 18:12:10 - [MESSAGE][PASSED] - Text '200' is set on object 'Object Repository/Schedule 11/Page_KDMC - CMS/input_txttreat'

2018-05-04 18:12:10 - [TEST_STEP][PASSED] - click: Object: 'Object Repository/Schedule 11/Page_KDMC - CMS/button_Add' is clicked on

2018-05-04 18:12:10 - [MESSAGE][PASSED] - Object: 'Object Repository/Schedule 11/Page_KDMC - CMS/button_Add' is clicked on

2018-05-04 18:12:10 - [TEST_STEP][PASSED] - selectOptionByIndex: All options with index in [11] are selected on object 'Object Repository/Schedule 11/Page_KDMC - CMS/select_--Select--Schedule 1Inj'

2018-05-04 18:12:11 - [MESSAGE][PASSED] - All options with index in [11] are selected on object 'Object Repository/Schedule 11/Page_KDMC - CMS/select_--Select--Schedule 1Inj'

2018-05-04 18:12:11 - [TEST_STEP][PASSED] - selectOptionByIndex: All options with index in [19] are selected on object 'Object Repository/Schedule 11/Page_KDMC - CMS/select_--Select--Advance E.C.G'

2018-05-04 18:12:11 - [MESSAGE][PASSED] - All options with index in [19] are selected on object 'Object Repository/Schedule 11/Page_KDMC - CMS/select_--Select--Advance E.C.G'

2018-05-04 18:12:11 - [TEST_STEP][PASSED] - setText: Text '200' is set on object 'Object Repository/Schedule 11/Page_KDMC - CMS/input_txttreat'

2018-05-04 18:12:11 - [MESSAGE][PASSED] - Text '200' is set on object 'Object Repository/Schedule 11/Page_KDMC - CMS/input_txttreat'

2018-05-04 18:12:11 - [TEST_STEP][PASSED] - click: Object: 'Object Repository/Schedule 11/Page_KDMC - CMS/button_Add' is clicked on

2018-05-04 18:12:11 - [MESSAGE][PASSED] - Object: 'Object Repository/Schedule 11/Page_KDMC - CMS/button_Add' is clicked on

2018-05-04 18:12:11 - [TEST_STEP][PASSED] - selectOptionByIndex: All options with index in [11] are selected on object 'Object Repository/Schedule 11/Page_KDMC - CMS/select_--Select--Schedule 1Inj'

2018-05-04 18:12:12 - [MESSAGE][PASSED] - All options with index in [11] are selected on object 'Object Repository/Schedule 11/Page_KDMC - CMS/select_--Select--Schedule 1Inj'

2018-05-04 18:12:12 - [TEST_STEP][PASSED] - selectOptionByIndex: All options with index in [20] are selected on object 'Object Repository/Schedule 11/Page_KDMC - CMS/select_--Select--Advance E.C.G'

2018-05-04 18:12:12 - [MESSAGE][PASSED] - All options with index in [20] are selected on object 'Object Repository/Schedule 11/Page_KDMC - CMS/select_--Select--Advance E.C.G'

2018-05-04 18:12:12 - [TEST_STEP][PASSED] - setText: Text '200' is set on object 'Object Repository/Schedule 11/Page_KDMC - CMS/input_txttreat'

2018-05-04 18:12:13 - [MESSAGE][PASSED] - Text '200' is set on object 'Object Repository/Schedule 11/Page_KDMC - CMS/input_txttreat'

2018-05-04 18:12:13 - [TEST_STEP][PASSED] - click: Object: 'Object Repository/Schedule 11/Page_KDMC - CMS/button_Add' is clicked on

2018-05-04 18:12:13 - [MESSAGE][PASSED] - Object: 'Object Repository/Schedule 11/Page_KDMC - CMS/button_Add' is clicked on

2018-05-04 18:12:13 - [TEST_STEP][PASSED] - selectOptionByIndex: All options with index in [11] are selected on object 'Object Repository/Schedule 11/Page_KDMC - CMS/select_--Select--Schedule 1Inj'

2018-05-04 18:12:13 - [MESSAGE][PASSED] - All options with index in [11] are selected on object 'Object Repository/Schedule 11/Page_KDMC - CMS/select_--Select--Schedule 1Inj'

2018-05-04 18:12:13 - [TEST_STEP][PASSED] - selectOptionByIndex: All options with index in [21] are selected on object 'Object Repository/Schedule 11/Page_KDMC - CMS/select_--Select--Advance E.C.G'

2018-05-04 18:12:14 - [MESSAGE][PASSED] - All options with index in [21] are selected on object 'Object Repository/Schedule 11/Page_KDMC - CMS/select_--Select--Advance E.C.G'

2018-05-04 18:12:14 - [TEST_STEP][PASSED] - setText: Text '200' is set on object 'Object Repository/Schedule 11/Page_KDMC - CMS/input_txttreat'

2018-05-04 18:12:14 - [MESSAGE][PASSED] - Text '200' is set on object 'Object Repository/Schedule 11/Page_KDMC - CMS/input_txttreat'

2018-05-04 18:12:14 - [TEST_STEP][PASSED] - click: Object: 'Object Repository/Schedule 11/Page_KDMC - CMS/button_Add' is clicked on

2018-05-04 18:12:14 - [MESSAGE][PASSED] - Object: 'Object Repository/Schedule 11/Page_KDMC - CMS/button_Add' is clicked on

2018-05-04 18:12:14 - [TEST_STEP][PASSED] - selectOptionByIndex: All options with index in [11] are selected on object 'Object Repository/Schedule 11/Page_KDMC - CMS/select_--Select--Schedule 1Inj'

2018-05-04 18:12:14 - [MESSAGE][PASSED] - All options with index in [11] are selected on object 'Object Repository/Schedule 11/Page_KDMC - CMS/select_--Select--Schedule 1Inj'

2018-05-04 18:12:14 - [TEST_STEP][PASSED] - selectOptionByIndex: All options with index in [22] are selected on object 'Object Repository/Schedule 11/Page_KDMC - CMS/select_--Select--Advance E.C.G'

2018-05-04 18:12:15 - [MESSAGE][PASSED] - All options with index in [22] are selected on object 'Object Repository/Schedule 11/Page_KDMC - CMS/select_--Select--Advance E.C.G'

2018-05-04 18:12:15 - [TEST_STEP][PASSED] - setText: Text '200' is set on object 'Object Repository/Schedule 11/Page_KDMC - CMS/input_txttreat'

2018-05-04 18:12:15 - [MESSAGE][PASSED] - Text '200' is set on object 'Object Repository/Schedule 11/Page_KDMC - CMS/input_txttreat'

2018-05-04 18:12:15 - [TEST_STEP][PASSED] - click: Object: 'Object Repository/Schedule 11/Page_KDMC - CMS/button_Add' is clicked on

2018-05-04 18:12:15 - [MESSAGE][PASSED] - Object: 'Object Repository/Schedule 11/Page_KDMC - CMS/button_Add' is clicked on

2018-05-04 18:12:15 - [TEST_STEP][PASSED] - selectOptionByIndex: All options with index in [11] are selected on object 'Object Repository/Schedule 11/Page_KDMC - CMS/select_--Select--Schedule 1Inj'

2018-05-04 18:12:15 - [MESSAGE][PASSED] - All options with index in [11] are selected on object 'Object Repository/Schedule 11/Page_KDMC - CMS/select_--Select--Schedule 1Inj'

2018-05-04 18:12:15 - [TEST_STEP][PASSED] - selectOptionByIndex: All options with index in [23] are selected on object 'Object Repository/Schedule 11/Page_KDMC - CMS/select_--Select--Advance E.C.G'

2018-05-04 18:12:16 - [MESSAGE][PASSED] - All options with index in [23] are selected on object 'Object Repository/Schedule 11/Page_KDMC - CMS/select_--Select--Advance E.C.G'

2018-05-04 18:12:16 - [TEST_STEP][PASSED] - setText: Text '200' is set on object 'Object Repository/Schedule 11/Page_KDMC - CMS/input_txttreat'

2018-05-04 18:12:16 - [MESSAGE][PASSED] - Text '200' is set on object 'Object Repository/Schedule 11/Page_KDMC - CMS/input_txttreat'

2018-05-04 18:12:16 - [TEST_STEP][PASSED] - click: Object: 'Object Repository/Schedule 11/Page_KDMC - CMS/button_Add' is clicked on

2018-05-04 18:12:16 - [MESSAGE][PASSED] - Object: 'Object Repository/Schedule 11/Page_KDMC - CMS/button_Add' is clicked on

2018-05-04 18:12:16 - [TEST_STEP][PASSED] - selectOptionByIndex: All options with index in [11] are selected on object 'Object Repository/Schedule 11/Page_KDMC - CMS/select_--Select--Schedule 1Inj'

2018-05-04 18:12:16 - [MESSAGE][PASSED] - All options with index in [11] are selected on object 'Object Repository/Schedule 11/Page_KDMC - CMS/select_--Select--Schedule 1Inj'

2018-05-04 18:12:16 - [TEST_STEP][PASSED] - selectOptionByIndex: All options with index in [24] are selected on object 'Object Repository/Schedule 11/Page_KDMC - CMS/select_--Select--Advance E.C.G'

2018-05-04 18:12:17 - [MESSAGE][PASSED] - All options with index in [24] are selected on object 'Object Repository/Schedule 11/Page_KDMC - CMS/select_--Select--Advance E.C.G'

2018-05-04 18:12:17 - [TEST_STEP][PASSED] - setText: Text '200' is set on object 'Object Repository/Schedule 11/Page_KDMC - CMS/input_txttreat'

2018-05-04 18:12:17 - [MESSAGE][PASSED] - Text '200' is set on object 'Object Repository/Schedule 11/Page_KDMC - CMS/input_txttreat'

2018-05-04 18:12:17 - [TEST_STEP][PASSED] - click: Object: 'Object Repository/Schedule 11/Page_KDMC - CMS/button_Add' is clicked on

2018-05-04 18:12:17 - [MESSAGE][PASSED] - Object: 'Object Repository/Schedule 11/Page_KDMC - CMS/button_Add' is clicked on

2018-05-04 18:12:17 - [TEST_STEP][PASSED] - selectOptionByIndex: All options with index in [11] are selected on object 'Object Repository/Schedule 11/Page_KDMC - CMS/select_--Select--Schedule 1Inj'

2018-05-04 18:12:17 - [MESSAGE][PASSED] - All options with index in [11] are selected on object 'Object Repository/Schedule 11/Page_KDMC - CMS/select_--Select--Schedule 1Inj'

2018-05-04 18:12:17 - [TEST_STEP][PASSED] - selectOptionByIndex: All options with index in [25] are selected on object 'Object Repository/Schedule 11/Page_KDMC - CMS/select_--Select--Advance E.C.G'

2018-05-04 18:12:18 - [MESSAGE][PASSED] - All options with index in [25] are selected on object 'Object Repository/Schedule 11/Page_KDMC - CMS/select_--Select--Advance E.C.G'

2018-05-04 18:12:18 - [TEST_STEP][PASSED] - setText: Text '200' is set on object 'Object Repository/Schedule 11/Page_KDMC - CMS/input_txttreat'

2018-05-04 18:12:18 - [MESSAGE][PASSED] - Text '200' is set on object 'Object Repository/Schedule 11/Page_KDMC - CMS/input_txttreat'

2018-05-04 18:12:18 - [TEST_STEP][PASSED] - click: Object: 'Object Repository/Schedule 11/Page_KDMC - CMS/button_Add' is clicked on

2018-05-04 18:12:18 - [MESSAGE][PASSED] - Object: 'Object Repository/Schedule 11/Page_KDMC - CMS/button_Add' is clicked on

2018-05-04 18:12:18 - [TEST_STEP][PASSED] - selectOptionByIndex: All options with index in [11] are selected on object 'Object Repository/Schedule 11/Page_KDMC - CMS/select_--Select--Schedule 1Inj'

2018-05-04 18:12:18 - [MESSAGE][PASSED] - All options with index in [11] are selected on object 'Object Repository/Schedule 11/Page_KDMC - CMS/select_--Select--Schedule 1Inj'

2018-05-04 18:12:18 - [TEST_STEP][PASSED] - selectOptionByIndex: All options with index in [26] are selected on object 'Object Repository/Schedule 11/Page_KDMC - CMS/select_--Select--Advance E.C.G'

2018-05-04 18:12:19 - [MESSAGE][PASSED] - All options with index in [26] are selected on object 'Object Repository/Schedule 11/Page_KDMC - CMS/select_--Select--Advance E.C.G'

2018-05-04 18:12:19 - [TEST_STEP][PASSED] - setText: Text '200' is set on object 'Object Repository/Schedule 11/Page_KDMC - CMS/input_txttreat'

2018-05-04 18:12:19 - [MESSAGE][PASSED] - Text '200' is set on object 'Object Repository/Schedule 11/Page_KDMC - CMS/input_txttreat'

2018-05-04 18:12:19 - [TEST_STEP][PASSED] - click: Object: 'Object Repository/Schedule 11/Page_KDMC - CMS/button_Add' is clicked on

2018-05-04 18:12:19 - [MESSAGE][PASSED] - Object: 'Object Repository/Schedule 11/Page_KDMC - CMS/button_Add' is clicked on

2018-05-04 18:12:19 - [TEST_STEP][PASSED] - selectOptionByIndex: All options with index in [11] are selected on object 'Object Repository/Schedule 11/Page_KDMC - CMS/select_--Select--Schedule 1Inj'

2018-05-04 18:12:19 - [MESSAGE][PASSED] - All options with index in [11] are selected on object 'Object Repository/Schedule 11/Page_KDMC - CMS/select_--Select--Schedule 1Inj'

2018-05-04 18:12:19 - [TEST_STEP][PASSED] - selectOptionByIndex: All options with index in [27] are selected on object 'Object Repository/Schedule 11/Page_KDMC - CMS/select_--Select--Advance E.C.G'

2018-05-04 18:12:20 - [MESSAGE][PASSED] - All options with index in [27] are selected on object 'Object Repository/Schedule 11/Page_KDMC - CMS/select_--Select--Advance E.C.G'

2018-05-04 18:12:20 - [TEST_STEP][PASSED] - setText: Text '200' is set on object 'Object Repository/Schedule 11/Page_KDMC - CMS/input_txttreat'

2018-05-04 18:12:20 - [MESSAGE][PASSED] - Text '200' is set on object 'Object Repository/Schedule 11/Page_KDMC - CMS/input_txttreat'

2018-05-04 18:12:20 - [TEST_STEP][PASSED] - click: Object: 'Object Repository/Schedule 11/Page_KDMC - CMS/button_Add' is clicked on

2018-05-04 18:12:20 - [MESSAGE][PASSED] - Object: 'Object Repository/Schedule 11/Page_KDMC - CMS/button_Add' is clicked on

2018-05-04 18:12:20 - [TEST_STEP][PASSED] - selectOptionByIndex: All options with index in [11] are selected on object 'Object Repository/Schedule 11/Page_KDMC - CMS/select_--Select--Schedule 1Inj'

2018-05-04 18:12:20 - [MESSAGE][PASSED] - All options with index in [11] are selected on object 'Object Repository/Schedule 11/Page_KDMC - CMS/select_--Select--Schedule 1Inj'

2018-05-04 18:12:20 - [TEST_STEP][PASSED] - selectOptionByIndex: All options with index in [28] are selected on object 'Object Repository/Schedule 11/Page_KDMC - CMS/select_--Select--Advance E.C.G'

2018-05-04 18:12:21 - [MESSAGE][PASSED] - All options with index in [28] are selected on object 'Object Repository/Schedule 11/Page_KDMC - CMS/select_--Select--Advance E.C.G'

2018-05-04 18:12:21 - [TEST_STEP][PASSED] - setText: Text '200' is set on object 'Object Repository/Schedule 11/Page_KDMC - CMS/input_txttreat'

2018-05-04 18:12:21 - [MESSAGE][PASSED] - Text '200' is set on object 'Object Repository/Schedule 11/Page_KDMC - CMS/input_txttreat'

2018-05-04 18:12:21 - [TEST_STEP][PASSED] - click: Object: 'Object Repository/Schedule 11/Page_KDMC - CMS/button_Add' is clicked on

2018-05-04 18:12:21 - [MESSAGE][PASSED] - Object: 'Object Repository/Schedule 11/Page_KDMC - CMS/button_Add' is clicked on

2018-05-04 18:12:21 - [TEST_STEP][PASSED] - selectOptionByIndex: All options with index in [11] are selected on object 'Object Repository/Schedule 11/Page_KDMC - CMS/select_--Select--Schedule 1Inj'

2018-05-04 18:12:21 - [MESSAGE][PASSED] - All options with index in [11] are selected on object 'Object Repository/Schedule 11/Page_KDMC - CMS/select_--Select--Schedule 1Inj'

2018-05-04 18:12:21 - [TEST_STEP][PASSED] - selectOptionByIndex: All options with index in [29] are selected on object 'Object Repository/Schedule 11/Page_KDMC - CMS/select_--Select--Advance E.C.G'

2018-05-04 18:12:22 - [MESSAGE][PASSED] - All options with index in [29] are selected on object 'Object Repository/Schedule 11/Page_KDMC - CMS/select_--Select--Advance E.C.G'

2018-05-04 18:12:22 - [TEST_STEP][PASSED] - setText: Text '200' is set on object 'Object Repository/Schedule 11/Page_KDMC - CMS/input_txttreat'

2018-05-04 18:12:22 - [MESSAGE][PASSED] - Text '200' is set on object 'Object Repository/Schedule 11/Page_KDMC - CMS/input_txttreat'

2018-05-04 18:12:22 - [TEST_STEP][PASSED] - click: Object: 'Object Repository/Schedule 11/Page_KDMC - CMS/button_Add' is clicked on

2018-05-04 18:12:22 - [MESSAGE][PASSED] - Object: 'Object Repository/Schedule 11/Page_KDMC - CMS/button_Add' is clicked on

2018-05-04 18:12:22 - [TEST_STEP][PASSED] - selectOptionByIndex: All options with index in [11] are selected on object 'Object Repository/Schedule 11/Page_KDMC - CMS/select_--Select--Schedule 1Inj'

2018-05-04 18:12:23 - [MESSAGE][PASSED] - All options with index in [11] are selected on object 'Object Repository/Schedule 11/Page_KDMC - CMS/select_--Select--Schedule 1Inj'

2018-05-04 18:12:23 - [TEST_STEP][PASSED] - selectOptionByIndex: All options with index in [30] are selected on object 'Object Repository/Schedule 11/Page_KDMC - CMS/select_--Select--Advance E.C.G'

2018-05-04 18:12:24 - [MESSAGE][PASSED] - All options with index in [30] are selected on object 'Object Repository/Schedule 11/Page_KDMC - CMS/select_--Select--Advance E.C.G'

2018-05-04 18:12:24 - [TEST_STEP][PASSED] - setText: Text '200' is set on object 'Object Repository/Schedule 11/Page_KDMC - CMS/input_txttreat'

2018-05-04 18:12:24 - [MESSAGE][PASSED] - Text '200' is set on object 'Object Repository/Schedule 11/Page_KDMC - CMS/input_txttreat'

2018-05-04 18:12:24 - [TEST_STEP][PASSED] - click: Object: 'Object Repository/Schedule 11/Page_KDMC - CMS/button_Add' is clicked on

2018-05-04 18:12:24 - [MESSAGE][PASSED] - Object: 'Object Repository/Schedule 11/Page_KDMC - CMS/button_Add' is clicked on

2018-05-04 18:12:24 - [TEST_STEP][PASSED] - selectOptionByIndex: All options with index in [11] are selected on object 'Object Repository/Schedule 11/Page_KDMC - CMS/select_--Select--Schedule 1Inj'

2018-05-04 18:12:24 - [MESSAGE][PASSED] - All options with index in [11] are selected on object 'Object Repository/Schedule 11/Page_KDMC - CMS/select_--Select--Schedule 1Inj'

2018-05-04 18:12:24 - [TEST_STEP][PASSED] - selectOptionByIndex: All options with index in [31] are selected on object 'Object Repository/Schedule 11/Page_KDMC - CMS/select_--Select--Advance E.C.G'

2018-05-04 18:12:25 - [MESSAGE][PASSED] - All options with index in [31] are selected on object 'Object Repository/Schedule 11/Page_KDMC - CMS/select_--Select--Advance E.C.G'

2018-05-04 18:12:25 - [TEST_STEP][PASSED] - setText: Text '200' is set on object 'Object Repository/Schedule 11/Page_KDMC - CMS/input_txttreat'

2018-05-04 18:12:25 - [MESSAGE][PASSED] - Text '200' is set on object 'Object Repository/Schedule 11/Page_KDMC - CMS/input_txttreat'

2018-05-04 18:12:25 - [TEST_STEP][PASSED] - click: Object: 'Object Repository/Schedule 11/Page_KDMC - CMS/button_Add' is clicked on

2018-05-04 18:12:25 - [MESSAGE][PASSED] - Object: 'Object Repository/Schedule 11/Page_KDMC - CMS/button_Add' is clicked on

2018-05-04 18:12:25 - [TEST_STEP][PASSED] - selectOptionByIndex: All options with index in [11] are selected on object 'Object Repository/Schedule 11/Page_KDMC - CMS/select_--Select--Schedule 1Inj'

2018-05-04 18:12:25 - [MESSAGE][PASSED] - All options with index in [11] are selected on object 'Object Repository/Schedule 11/Page_KDMC - CMS/select_--Select--Schedule 1Inj'

2018-05-04 18:12:25 - [TEST_STEP][PASSED] - selectOptionByIndex: All options with index in [32] are selected on object 'Object Repository/Schedule 11/Page_KDMC - CMS/select_--Select--Advance E.C.G'

2018-05-04 18:12:26 - [MESSAGE][PASSED] - All options with index in [32] are selected on object 'Object Repository/Schedule 11/Page_KDMC - CMS/select_--Select--Advance E.C.G'

2018-05-04 18:12:26 - [TEST_STEP][PASSED] - setText: Text '200' is set on object 'Object Repository/Schedule 11/Page_KDMC - CMS/input_txttreat'

2018-05-04 18:12:26 - [MESSAGE][PASSED] - Text '200' is set on object 'Object Repository/Schedule 11/Page_KDMC - CMS/input_txttreat'

2018-05-04 18:12:26 - [TEST_STEP][PASSED] - click: Object: 'Object Repository/Schedule 11/Page_KDMC - CMS/button_Add' is clicked on

2018-05-04 18:12:26 - [MESSAGE][PASSED] - Object: 'Object Repository/Schedule 11/Page_KDMC - CMS/button_Add' is clicked on

2018-05-04 18:12:26 - [TEST_STEP][PASSED] - selectOptionByIndex: All options with index in [11] are selected on object 'Object Repository/Schedule 11/Page_KDMC - CMS/select_--Select--Schedule 1Inj'

2018-05-04 18:12:26 - [MESSAGE][PASSED] - All options with index in [11] are selected on object 'Object Repository/Schedule 11/Page_KDMC - CMS/select_--Select--Schedule 1Inj'

2018-05-04 18:12:26 - [TEST_STEP][PASSED] - selectOptionByIndex: All options with index in [33] are selected on object 'Object Repository/Schedule 11/Page_KDMC - CMS/select_--Select--Advance E.C.G'

2018-05-04 18:12:27 - [MESSAGE][PASSED] - All options with index in [33] are selected on object 'Object Repository/Schedule 11/Page_KDMC - CMS/select_--Select--Advance E.C.G'

2018-05-04 18:12:27 - [TEST_STEP][PASSED] - setText: Text '200' is set on object 'Object Repository/Schedule 11/Page_KDMC - CMS/input_txttreat'

2018-05-04 18:12:27 - [MESSAGE][PASSED] - Text '200' is set on object 'Object Repository/Schedule 11/Page_KDMC - CMS/input_txttreat'

2018-05-04 18:12:27 - [TEST_STEP][PASSED] - click: Object: 'Object Repository/Schedule 11/Page_KDMC - CMS/button_Add' is clicked on

2018-05-04 18:12:27 - [MESSAGE][PASSED] - Object: 'Object Repository/Schedule 11/Page_KDMC - CMS/button_Add' is clicked on

2018-05-04 18:12:27 - [TEST_STEP][PASSED] - selectOptionByIndex: All options with index in [11] are selected on object 'Object Repository/Schedule 11/Page_KDMC - CMS/select_--Select--Schedule 1Inj'

2018-05-04 18:12:28 - [MESSAGE][PASSED] - All options with index in [11] are selected on object 'Object Repository/Schedule 11/Page_KDMC - CMS/select_--Select--Schedule 1Inj'

2018-05-04 18:12:28 - [TEST_STEP][PASSED] - selectOptionByIndex: All options with index in [34] are selected on object 'Object Repository/Schedule 11/Page_KDMC - CMS/select_--Select--Advance E.C.G'

2018-05-04 18:12:29 - [MESSAGE][PASSED] - All options with index in [34] are selected on object 'Object Repository/Schedule 11/Page_KDMC - CMS/select_--Select--Advance E.C.G'

2018-05-04 18:12:29 - [TEST_STEP][PASSED] - setText: Text '200' is set on object 'Object Repository/Schedule 11/Page_KDMC - CMS/input_txttreat'

2018-05-04 18:12:29 - [MESSAGE][PASSED] - Text '200' is set on object 'Object Repository/Schedule 11/Page_KDMC - CMS/input_txttreat'

2018-05-04 18:12:29 - [TEST_STEP][PASSED] - click: Object: 'Object Repository/Schedule 11/Page_KDMC - CMS/button_Add' is clicked on

2018-05-04 18:12:29 - [MESSAGE][PASSED] - Object: 'Object Repository/Schedule 11/Page_KDMC - CMS/button_Add' is clicked on

2018-05-04 18:12:29 - [TEST_STEP][PASSED] - selectOptionByIndex: All options with index in [11] are selected on object 'Object Repository/Schedule 11/Page_KDMC - CMS/select_--Select--Schedule 1Inj'

2018-05-04 18:12:29 - [MESSAGE][PASSED] - All options with index in [11] are selected on object 'Object Repository/Schedule 11/Page_KDMC - CMS/select_--Select--Schedule 1Inj'

2018-05-04 18:12:29 - [TEST_STEP][PASSED] - selectOptionByIndex: All options with index in [35] are selected on object 'Object Repository/Schedule 11/Page_KDMC - CMS/select_--Select--Advance E.C.G'

2018-05-04 18:12:30 - [MESSAGE][PASSED] - All options with index in [35] are selected on object 'Object Repository/Schedule 11/Page_KDMC - CMS/select_--Select--Advance E.C.G'

2018-05-04 18:12:30 - [TEST_STEP][PASSED] - setText: Text '200' is set on object 'Object Repository/Schedule 11/Page_KDMC - CMS/input_txttreat'

2018-05-04 18:12:30 - [MESSAGE][PASSED] - Text '200' is set on object 'Object Repository/Schedule 11/Page_KDMC - CMS/input_txttreat'

2018-05-04 18:12:30 - [TEST_STEP][PASSED] - click: Object: 'Object Repository/Schedule 11/Page_KDMC - CMS/button_Add' is clicked on

2018-05-04 18:12:30 - [MESSAGE][PASSED] - Object: 'Object Repository/Schedule 11/Page_KDMC - CMS/button_Add' is clicked on

2018-05-04 18:12:30 - [TEST_STEP][PASSED] - selectOptionByIndex: All options with index in [11] are selected on object 'Object Repository/Schedule 11/Page_KDMC - CMS/select_--Select--Schedule 1Inj'

2018-05-04 18:12:30 - [MESSAGE][PASSED] - All options with index in [11] are selected on object 'Object Repository/Schedule 11/Page_KDMC - CMS/select_--Select--Schedule 1Inj'

2018-05-04 18:12:30 - [TEST_STEP][PASSED] - selectOptionByIndex: All options with index in [36] are selected on object 'Object Repository/Schedule 11/Page_KDMC - CMS/select_--Select--Advance E.C.G'

2018-05-04 18:12:31 - [MESSAGE][PASSED] - All options with index in [36] are selected on object 'Object Repository/Schedule 11/Page_KDMC - CMS/select_--Select--Advance E.C.G'

2018-05-04 18:12:31 - [TEST_STEP][PASSED] - setText: Text '200' is set on object 'Object Repository/Schedule 11/Page_KDMC - CMS/input_txttreat'

2018-05-04 18:12:31 - [MESSAGE][PASSED] - Text '200' is set on object 'Object Repository/Schedule 11/Page_KDMC - CMS/input_txttreat'

2018-05-04 18:12:31 - [TEST_STEP][PASSED] - click: Object: 'Object Repository/Schedule 11/Page_KDMC - CMS/button_Add' is clicked on

2018-05-04 18:12:31 - [MESSAGE][PASSED] - Object: 'Object Repository/Schedule 11/Page_KDMC - CMS/button_Add' is clicked on

2018-05-04 18:12:31 - [TEST_STEP][PASSED] - selectOptionByIndex: All options with index in [11] are selected on object 'Object Repository/Schedule 11/Page_KDMC - CMS/select_--Select--Schedule 1Inj'

2018-05-04 18:12:31 - [MESSAGE][PASSED] - All options with index in [11] are selected on object 'Object Repository/Schedule 11/Page_KDMC - CMS/select_--Select--Schedule 1Inj'

2018-05-04 18:12:31 - [TEST_STEP][PASSED] - selectOptionByIndex: All options with index in [37] are selected on object 'Object Repository/Schedule 11/Page_KDMC - CMS/select_--Select--Advance E.C.G'

2018-05-04 18:12:32 - [MESSAGE][PASSED] - All options with index in [37] are selected on object 'Object Repository/Schedule 11/Page_KDMC - CMS/select_--Select--Advance E.C.G'

2018-05-04 18:12:32 - [TEST_STEP][PASSED] - setText: Text '200' is set on object 'Object Repository/Schedule 11/Page_KDMC - CMS/input_txttreat'

2018-05-04 18:12:32 - [MESSAGE][PASSED] - Text '200' is set on object 'Object Repository/Schedule 11/Page_KDMC - CMS/input_txttreat'

2018-05-04 18:12:32 - [TEST_STEP][PASSED] - click: Object: 'Object Repository/Schedule 11/Page_KDMC - CMS/button_Add' is clicked on

2018-05-04 18:12:32 - [MESSAGE][PASSED] - Object: 'Object Repository/Schedule 11/Page_KDMC - CMS/button_Add' is clicked on

2018-05-04 18:12:32 - [TEST_STEP][PASSED] - selectOptionByIndex: All options with index in [11] are selected on object 'Object Repository/Schedule 11/Page_KDMC - CMS/select_--Select--Schedule 1Inj'

2018-05-04 18:12:32 - [MESSAGE][PASSED] - All options with index in [11] are selected on object 'Object Repository/Schedule 11/Page_KDMC - CMS/select_--Select--Schedule 1Inj'

2018-05-04 18:12:32 - [TEST_STEP][PASSED] - selectOptionByIndex: All options with index in [38] are selected on object 'Object Repository/Schedule 11/Page_KDMC - CMS/select_--Select--Advance E.C.G'

2018-05-04 18:12:33 - [MESSAGE][PASSED] - All options with index in [38] are selected on object 'Object Repository/Schedule 11/Page_KDMC - CMS/select_--Select--Advance E.C.G'

2018-05-04 18:12:33 - [TEST_STEP][PASSED] - setText: Text '200' is set on object 'Object Repository/Schedule 11/Page_KDMC - CMS/input_txttreat'

2018-05-04 18:12:33 - [MESSAGE][PASSED] - Text '200' is set on object 'Object Repository/Schedule 11/Page_KDMC - CMS/input_txttreat'

2018-05-04 18:12:33 - [TEST_STEP][PASSED] - click: Object: 'Object Repository/Schedule 11/Page_KDMC - CMS/button_Add' is clicked on

2018-05-04 18:12:33 - [MESSAGE][PASSED] - Object: 'Object Repository/Schedule 11/Page_KDMC - CMS/button_Add' is clicked on

2018-05-04 18:12:33 - [TEST_STEP][PASSED] - selectOptionByIndex: All options with index in [11] are selected on object 'Object Repository/Schedule 11/Page_KDMC - CMS/select_--Select--Schedule 1Inj'

2018-05-04 18:12:33 - [MESSAGE][PASSED] - All options with index in [11] are selected on object 'Object Repository/Schedule 11/Page_KDMC - CMS/select_--Select--Schedule 1Inj'

2018-05-04 18:12:33 - [TEST_STEP][PASSED] - selectOptionByIndex: All options with index in [39] are selected on object 'Object Repository/Schedule 11/Page_KDMC - CMS/select_--Select--Advance E.C.G'

2018-05-04 18:12:34 - [MESSAGE][PASSED] - All options with index in [39] are selected on object 'Object Repository/Schedule 11/Page_KDMC - CMS/select_--Select--Advance E.C.G'

2018-05-04 18:12:34 - [TEST_STEP][PASSED] - setText: Text '200' is set on object 'Object Repository/Schedule 11/Page_KDMC - CMS/input_txttreat'

2018-05-04 18:12:34 - [MESSAGE][PASSED] - Text '200' is set on object 'Object Repository/Schedule 11/Page_KDMC - CMS/input_txttreat'

2018-05-04 18:12:34 - [TEST_STEP][PASSED] - click: Object: 'Object Repository/Schedule 11/Page_KDMC - CMS/button_Add' is clicked on

2018-05-04 18:12:34 - [MESSAGE][PASSED] - Object: 'Object Repository/Schedule 11/Page_KDMC - CMS/button_Add' is clicked on

2018-05-04 18:12:34 - [TEST_STEP][PASSED] - selectOptionByIndex: All options with index in [11] are selected on object 'Object Repository/Schedule 11/Page_KDMC - CMS/select_--Select--Schedule 1Inj'

2018-05-04 18:12:34 - [MESSAGE][PASSED] - All options with index in [11] are selected on object 'Object Repository/Schedule 11/Page_KDMC - CMS/select_--Select--Schedule 1Inj'

2018-05-04 18:12:34 - [TEST_STEP][PASSED] - selectOptionByIndex: All options with index in [40] are selected on object 'Object Repository/Schedule 11/Page_KDMC - CMS/select_--Select--Advance E.C.G'

2018-05-04 18:12:34 - [MESSAGE][PASSED] - All options with index in [40] are selected on object 'Object Repository/Schedule 11/Page_KDMC - CMS/select_--Select--Advance E.C.G'

2018-05-04 18:12:34 - [TEST_STEP][PASSED] - setText: Text '200' is set on object 'Object Repository/Schedule 11/Page_KDMC - CMS/input_txttreat'

2018-05-04 18:12:34 - [MESSAGE][PASSED] - Text '200' is set on object 'Object Repository/Schedule 11/Page_KDMC - CMS/input_txttreat'

2018-05-04 18:12:34 - [TEST_STEP][PASSED] - click: Object: 'Object Repository/Schedule 11/Page_KDMC - CMS/button_Add' is clicked on

2018-05-04 18:12:35 - [MESSAGE][PASSED] - Object: 'Object Repository/Schedule 11/Page_KDMC - CMS/button_Add' is clicked on

2018-05-04 18:12:35 - [TEST_STEP][PASSED] - selectOptionByIndex: All options with index in [11] are selected on object 'Object Repository/Schedule 11/Page_KDMC - CMS/select_--Select--Schedule 1Inj'

2018-05-04 18:12:35 - [MESSAGE][PASSED] - All options with index in [11] are selected on object 'Object Repository/Schedule 11/Page_KDMC - CMS/select_--Select--Schedule 1Inj'

2018-05-04 18:12:35 - [TEST_STEP][PASSED] - selectOptionByIndex: All options with index in [41] are selected on object 'Object Repository/Schedule 11/Page_KDMC - CMS/select_--Select--Advance E.C.G'

2018-05-04 18:12:36 - [MESSAGE][PASSED] - All options with index in [41] are selected on object 'Object Repository/Schedule 11/Page_KDMC - CMS/select_--Select--Advance E.C.G'

2018-05-04 18:12:36 - [TEST_STEP][PASSED] - setText: Text '200' is set on object 'Object Repository/Schedule 11/Page_KDMC - CMS/input_txttreat'

2018-05-04 18:12:36 - [MESSAGE][PASSED] - Text '200' is set on object 'Object Repository/Schedule 11/Page_KDMC - CMS/input_txttreat'

2018-05-04 18:12:36 - [TEST_STEP][PASSED] - click: Object: 'Object Repository/Schedule 11/Page_KDMC - CMS/button_Add' is clicked on

2018-05-04 18:12:36 - [MESSAGE][PASSED] - Object: 'Object Repository/Schedule 11/Page_KDMC - CMS/button_Add' is clicked on

2018-05-04 18:12:36 - [TEST_STEP][PASSED] - selectOptionByIndex: All options with index in [11] are selected on object 'Object Repository/Schedule 11/Page_KDMC - CMS/select_--Select--Schedule 1Inj'

2018-05-04 18:12:36 - [MESSAGE][PASSED] - All options with index in [11] are selected on object 'Object Repository/Schedule 11/Page_KDMC - CMS/select_--Select--Schedule 1Inj'

2018-05-04 18:12:36 - [TEST_STEP][PASSED] - selectOptionByIndex: All options with index in [42] are selected on object 'Object Repository/Schedule 11/Page_KDMC - CMS/select_--Select--Advance E.C.G'

2018-05-04 18:12:37 - [MESSAGE][PASSED] - All options with index in [42] are selected on object 'Object Repository/Schedule 11/Page_KDMC - CMS/select_--Select--Advance E.C.G'

2018-05-04 18:12:37 - [TEST_STEP][PASSED] - setText: Text '200' is set on object 'Object Repository/Schedule 11/Page_KDMC - CMS/input_txttreat'

2018-05-04 18:12:37 - [MESSAGE][PASSED] - Text '200' is set on object 'Object Repository/Schedule 11/Page_KDMC - CMS/input_txttreat'

2018-05-04 18:12:37 - [TEST_STEP][PASSED] - click: Object: 'Object Repository/Schedule 11/Page_KDMC - CMS/button_Add' is clicked on

2018-05-04 18:12:37 - [MESSAGE][PASSED] - Object: 'Object Repository/Schedule 11/Page_KDMC - CMS/button_Add' is clicked on

2018-05-04 18:12:37 - [TEST_STEP][PASSED] - selectOptionByIndex: All options with index in [11] are selected on object 'Object Repository/Schedule 11/Page_KDMC - CMS/select_--Select--Schedule 1Inj'

2018-05-04 18:12:37 - [MESSAGE][PASSED] - All options with index in [11] are selected on object 'Object Repository/Schedule 11/Page_KDMC - CMS/select_--Select--Schedule 1Inj'

2018-05-04 18:12:37 - [TEST_STEP][PASSED] - selectOptionByIndex: All options with index in [43] are selected on object 'Object Repository/Schedule 11/Page_KDMC - CMS/select_--Select--Advance E.C.G'

2018-05-04 18:12:38 - [MESSAGE][PASSED] - All options with index in [43] are selected on object 'Object Repository/Schedule 11/Page_KDMC - CMS/select_--Select--Advance E.C.G'

2018-05-04 18:12:38 - [TEST_STEP][PASSED] - setText: Text '200' is set on object 'Object Repository/Schedule 11/Page_KDMC - CMS/input_txttreat'

2018-05-04 18:12:39 - [MESSAGE][PASSED] - Text '200' is set on object 'Object Repository/Schedule 11/Page_KDMC - CMS/input_txttreat'

2018-05-04 18:12:39 - [TEST_STEP][PASSED] - click: Object: 'Object Repository/Schedule 11/Page_KDMC - CMS/button_Add' is clicked on

2018-05-04 18:12:39 - [MESSAGE][PASSED] - Object: 'Object Repository/Schedule 11/Page_KDMC - CMS/button_Add' is clicked on

2018-05-04 18:12:39 - [TEST_STEP][PASSED] - selectOptionByIndex: All options with index in [11] are selected on object 'Object Repository/Schedule 11/Page_KDMC - CMS/select_--Select--Schedule 1Inj'

2018-05-04 18:12:39 - [MESSAGE][PASSED] - All options with index in [11] are selected on object 'Object Repository/Schedule 11/Page_KDMC - CMS/select_--Select--Schedule 1Inj'

2018-05-04 18:12:39 - [TEST_STEP][PASSED] - selectOptionByIndex: All options with index in [44] are selected on object 'Object Repository/Schedule 11/Page_KDMC - CMS/select_--Select--Advance E.C.G'

2018-05-04 18:12:40 - [MESSAGE][PASSED] - All options with index in [44] are selected on object 'Object Repository/Schedule 11/Page_KDMC - CMS/select_--Select--Advance E.C.G'

2018-05-04 18:12:40 - [TEST_STEP][PASSED] - setText: Text '200' is set on object 'Object Repository/Schedule 11/Page_KDMC - CMS/input_txttreat'

2018-05-04 18:12:40 - [MESSAGE][PASSED] - Text '200' is set on object 'Object Repository/Schedule 11/Page_KDMC - CMS/input_txttreat'

2018-05-04 18:12:40 - [TEST_STEP][PASSED] - click: Object: 'Object Repository/Schedule 11/Page_KDMC - CMS/button_Add' is clicked on

2018-05-04 18:12:40 - [MESSAGE][PASSED] - Object: 'Object Repository/Schedule 11/Page_KDMC - CMS/button_Add' is clicked on

2018-05-04 18:12:40 - [TEST_STEP][PASSED] - selectOptionByIndex: All options with index in [11] are selected on object 'Object Repository/Schedule 11/Page_KDMC - CMS/select_--Select--Schedule 1Inj'

2018-05-04 18:12:40 - [MESSAGE][PASSED] - All options with index in [11] are selected on object 'Object Repository/Schedule 11/Page_KDMC - CMS/select_--Select--Schedule 1Inj'

2018-05-04 18:12:40 - [TEST_STEP][PASSED] - selectOptionByIndex: All options with index in [45] are selected on object 'Object Repository/Schedule 11/Page_KDMC - CMS/select_--Select--Advance E.C.G'

2018-05-04 18:12:41 - [MESSAGE][PASSED] - All options with index in [45] are selected on object 'Object Repository/Schedule 11/Page_KDMC - CMS/select_--Select--Advance E.C.G'

2018-05-04 18:12:41 - [TEST_STEP][PASSED] - setText: Text '200' is set on object 'Object Repository/Schedule 11/Page_KDMC - CMS/input_txttreat'

2018-05-04 18:12:41 - [MESSAGE][PASSED] - Text '200' is set on object 'Object Repository/Schedule 11/Page_KDMC - CMS/input_txttreat'

2018-05-04 18:12:41 - [TEST_STEP][PASSED] - click: Object: 'Object Repository/Schedule 11/Page_KDMC - CMS/button_Add' is clicked on

2018-05-04 18:12:41 - [MESSAGE][PASSED] - Object: 'Object Repository/Schedule 11/Page_KDMC - CMS/button_Add' is clicked on

2018-05-04 18:12:41 - [TEST_STEP][PASSED] - selectOptionByIndex: All options with index in [11] are selected on object 'Object Repository/Schedule 11/Page_KDMC - CMS/select_--Select--Schedule 1Inj'

2018-05-04 18:12:41 - [MESSAGE][PASSED] - All options with index in [11] are selected on object 'Object Repository/Schedule 11/Page_KDMC - CMS/select_--Select--Schedule 1Inj'

2018-05-04 18:12:41 - [TEST_STEP][PASSED] - selectOptionByIndex: All options with index in [46] are selected on object 'Object Repository/Schedule 11/Page_KDMC - CMS/select_--Select--Advance E.C.G'

2018-05-04 18:12:42 - [MESSAGE][PASSED] - All options with index in [46] are selected on object 'Object Repository/Schedule 11/Page_KDMC - CMS/select_--Select--Advance E.C.G'

2018-05-04 18:12:42 - [TEST_STEP][PASSED] - setText: Text '200' is set on object 'Object Repository/Schedule 11/Page_KDMC - CMS/input_txttreat'

2018-05-04 18:12:42 - [MESSAGE][PASSED] - Text '200' is set on object 'Object Repository/Schedule 11/Page_KDMC - CMS/input_txttreat'

2018-05-04 18:12:42 - [TEST_STEP][PASSED] - click: Object: 'Object Repository/Schedule 11/Page_KDMC - CMS/button_Add' is clicked on

2018-05-04 18:12:42 - [MESSAGE][PASSED] - Object: 'Object Repository/Schedule 11/Page_KDMC - CMS/button_Add' is clicked on

2018-05-04 18:12:42 - [TEST_STEP][PASSED] - selectOptionByIndex: All options with index in [11] are selected on object 'Object Repository/Schedule 11/Page_KDMC - CMS/select_--Select--Schedule 1Inj'

2018-05-04 18:12:42 - [MESSAGE][PASSED] - All options with index in [11] are selected on object 'Object Repository/Schedule 11/Page_KDMC - CMS/select_--Select--Schedule 1Inj'

2018-05-04 18:12:42 - [TEST_STEP][PASSED] - selectOptionByIndex: All options with index in [47] are selected on object 'Object Repository/Schedule 11/Page_KDMC - CMS/select_--Select--Advance E.C.G'

2018-05-04 18:12:43 - [MESSAGE][PASSED] - All options with index in [47] are selected on object 'Object Repository/Schedule 11/Page_KDMC - CMS/select_--Select--Advance E.C.G'

2018-05-04 18:12:43 - [TEST_STEP][PASSED] - setText: Text '200' is set on object 'Object Repository/Schedule 11/Page_KDMC - CMS/input_txttreat'

2018-05-04 18:12:44 - [MESSAGE][PASSED] - Text '200' is set on object 'Object Repository/Schedule 11/Page_KDMC - CMS/input_txttreat'

2018-05-04 18:12:44 - [TEST_STEP][PASSED] - click: Object: 'Object Repository/Schedule 11/Page_KDMC - CMS/button_Add' is clicked on

2018-05-04 18:12:44 - [MESSAGE][PASSED] - Object: 'Object Repository/Schedule 11/Page_KDMC - CMS/button_Add' is clicked on

2018-05-04 18:12:44 - [TEST_STEP][PASSED] - selectOptionByIndex: All options with index in [11] are selected on object 'Object Repository/Schedule 11/Page_KDMC - CMS/select_--Select--Schedule 1Inj'

2018-05-04 18:12:44 - [MESSAGE][PASSED] - All options with index in [11] are selected on object 'Object Repository/Schedule 11/Page_KDMC - CMS/select_--Select--Schedule 1Inj'

2018-05-04 18:12:44 - [TEST_STEP][PASSED] - selectOptionByIndex: All options with index in [48] are selected on object 'Object Repository/Schedule 11/Page_KDMC - CMS/select_--Select--Advance E.C.G'

2018-05-04 18:12:45 - [MESSAGE][PASSED] - All options with index in [48] are selected on object 'Object Repository/Schedule 11/Page_KDMC - CMS/select_--Select--Advance E.C.G'

2018-05-04 18:12:45 - [TEST_STEP][PASSED] - setText: Text '200' is set on object 'Object Repository/Schedule 11/Page_KDMC - CMS/input_txttreat'

2018-05-04 18:12:45 - [MESSAGE][PASSED] - Text '200' is set on object 'Object Repository/Schedule 11/Page_KDMC - CMS/input_txttreat'

2018-05-04 18:12:45 - [TEST_STEP][PASSED] - click: Object: 'Object Repository/Schedule 11/Page_KDMC - CMS/button_Add' is clicked on

2018-05-04 18:12:45 - [MESSAGE][PASSED] - Object: 'Object Repository/Schedule 11/Page_KDMC - CMS/button_Add' is clicked on

2018-05-04 18:12:45 - [TEST_STEP][PASSED] - selectOptionByIndex: All options with index in [11] are selected on object 'Object Repository/Schedule 11/Page_KDMC - CMS/select_--Select--Schedule 1Inj'

2018-05-04 18:12:45 - [MESSAGE][PASSED] - All options with index in [11] are selected on object 'Object Repository/Schedule 11/Page_KDMC - CMS/select_--Select--Schedule 1Inj'

2018-05-04 18:12:45 - [TEST_STEP][PASSED] - selectOptionByIndex: All options with index in [49] are selected on object 'Object Repository/Schedule 11/Page_KDMC - CMS/select_--Select--Advance E.C.G'

2018-05-04 18:12:46 - [MESSAGE][PASSED] - All options with index in [49] are selected on object 'Object Repository/Schedule 11/Page_KDMC - CMS/select_--Select--Advance E.C.G'

2018-05-04 18:12:46 - [TEST_STEP][PASSED] - setText: Text '200' is set on object 'Object Repository/Schedule 11/Page_KDMC - CMS/input_txttreat'

2018-05-04 18:12:46 - [MESSAGE][PASSED] - Text '200' is set on object 'Object Repository/Schedule 11/Page_KDMC - CMS/input_txttreat'

2018-05-04 18:12:46 - [TEST_STEP][PASSED] - click: Object: 'Object Repository/Schedule 11/Page_KDMC - CMS/button_Add' is clicked on

2018-05-04 18:12:46 - [MESSAGE][PASSED] - Object: 'Object Repository/Schedule 11/Page_KDMC - CMS/button_Add' is clicked on

2018-05-04 18:12:46 - [TEST_STEP][PASSED] - selectOptionByIndex: All options with index in [11] are selected on object 'Object Repository/Schedule 11/Page_KDMC - CMS/select_--Select--Schedule 1Inj'

2018-05-04 18:12:47 - [MESSAGE][PASSED] - All options with index in [11] are selected on object 'Object Repository/Schedule 11/Page_KDMC - CMS/select_--Select--Schedule 1Inj'

2018-05-04 18:12:47 - [TEST_STEP][PASSED] - selectOptionByIndex: All options with index in [50] are selected on object 'Object Repository/Schedule 11/Page_KDMC - CMS/select_--Select--Advance E.C.G'

2018-05-04 18:12:48 - [MESSAGE][PASSED] - All options with index in [50] are selected on object 'Object Repository/Schedule 11/Page_KDMC - CMS/select_--Select--Advance E.C.G'

2018-05-04 18:12:48 - [TEST_STEP][PASSED] - setText: Text '200' is set on object 'Object Repository/Schedule 11/Page_KDMC - CMS/input_txttreat'

2018-05-04 18:12:48 - [MESSAGE][PASSED] - Text '200' is set on object 'Object Repository/Schedule 11/Page_KDMC - CMS/input_txttreat'

2018-05-04 18:12:48 - [TEST_STEP][PASSED] - click: Object: 'Object Repository/Schedule 11/Page_KDMC - CMS/button_Add' is clicked on

2018-05-04 18:12:48 - [MESSAGE][PASSED] - Object: 'Object Repository/Schedule 11/Page_KDMC - CMS/button_Add' is clicked on

2018-05-04 18:12:48 - [TEST_STEP][PASSED] - selectOptionByIndex: All options with index in [11] are selected on object 'Object Repository/Schedule 11/Page_KDMC - CMS/select_--Select--Schedule 1Inj'

2018-05-04 18:12:48 - [MESSAGE][PASSED] - All options with index in [11] are selected on object 'Object Repository/Schedule 11/Page_KDMC - CMS/select_--Select--Schedule 1Inj'

2018-05-04 18:12:48 - [TEST_STEP][PASSED] - selectOptionByIndex: All options with index in [51] are selected on object 'Object Repository/Schedule 11/Page_KDMC - CMS/select_--Select--Advance E.C.G'

2018-05-04 18:12:49 - [MESSAGE][PASSED] - All options with index in [51] are selected on object 'Object Repository/Schedule 11/Page_KDMC - CMS/select_--Select--Advance E.C.G'

2018-05-04 18:12:49 - [TEST_STEP][PASSED] - setText: Text '200' is set on object 'Object Repository/Schedule 11/Page_KDMC - CMS/input_txttreat'

2018-05-04 18:12:49 - [MESSAGE][PASSED] - Text '200' is set on object 'Object Repository/Schedule 11/Page_KDMC - CMS/input_txttreat'

2018-05-04 18:12:49 - [TEST_STEP][PASSED] - click: Object: 'Object Repository/Schedule 11/Page_KDMC - CMS/button_Add' is clicked on

2018-05-04 18:12:49 - [MESSAGE][PASSED] - Object: 'Object Repository/Schedule 11/Page_KDMC - CMS/button_Add' is clicked on

2018-05-04 18:12:49 - [TEST_STEP][PASSED] - selectOptionByIndex: All options with index in [11] are selected on object 'Object Repository/Schedule 11/Page_KDMC - CMS/select_--Select--Schedule 1Inj'

2018-05-04 18:12:50 - [MESSAGE][PASSED] - All options with index in [11] are selected on object 'Object Repository/Schedule 11/Page_KDMC - CMS/select_--Select--Schedule 1Inj'

2018-05-04 18:12:50 - [TEST_STEP][PASSED] - selectOptionByIndex: All options with index in [52] are selected on object 'Object Repository/Schedule 11/Page_KDMC - CMS/select_--Select--Advance E.C.G'

2018-05-04 18:12:51 - [MESSAGE][PASSED] - All options with index in [52] are selected on object 'Object Repository/Schedule 11/Page_KDMC - CMS/select_--Select--Advance E.C.G'

2018-05-04 18:12:51 - [TEST_STEP][PASSED] - setText: Text '200' is set on object 'Object Repository/Schedule 11/Page_KDMC - CMS/input_txttreat'

2018-05-04 18:12:51 - [MESSAGE][PASSED] - Text '200' is set on object 'Object Repository/Schedule 11/Page_KDMC - CMS/input_txttreat'

2018-05-04 18:12:51 - [TEST_STEP][PASSED] - click: Object: 'Object Repository/Schedule 11/Page_KDMC - CMS/button_Add' is clicked on

2018-05-04 18:12:51 - [MESSAGE][PASSED] - Object: 'Object Repository/Schedule 11/Page_KDMC - CMS/button_Add' is clicked on

2018-05-04 18:12:51 - [TEST_STEP][PASSED] - selectOptionByIndex: All options with index in [11] are selected on object 'Object Repository/Schedule 11/Page_KDMC - CMS/select_--Select--Schedule 1Inj'

2018-05-04 18:12:51 - [MESSAGE][PASSED] - All options with index in [11] are selected on object 'Object Repository/Schedule 11/Page_KDMC - CMS/select_--Select--Schedule 1Inj'

2018-05-04 18:12:51 - [TEST_STEP][PASSED] - selectOptionByIndex: All options with index in [53] are selected on object 'Object Repository/Schedule 11/Page_KDMC - CMS/select_--Select--Advance E.C.G'

2018-05-04 18:12:52 - [MESSAGE][PASSED] - All options with index in [53] are selected on object 'Object Repository/Schedule 11/Page_KDMC - CMS/select_--Select--Advance E.C.G'

2018-05-04 18:12:52 - [TEST_STEP][PASSED] - setText: Text '200' is set on object 'Object Repository/Schedule 11/Page_KDMC - CMS/input_txttreat'

2018-05-04 18:12:52 - [MESSAGE][PASSED] - Text '200' is set on object 'Object Repository/Schedule 11/Page_KDMC - CMS/input_txttreat'

2018-05-04 18:12:52 - [TEST_STEP][PASSED] - click: Object: 'Object Repository/Schedule 11/Page_KDMC - CMS/button_Add' is clicked on

2018-05-04 18:12:52 - [MESSAGE][PASSED] - Object: 'Object Repository/Schedule 11/Page_KDMC - CMS/button_Add' is clicked on

2018-05-04 18:12:52 - [TEST_STEP][PASSED] - selectOptionByIndex: All options with index in [11] are selected on object 'Object Repository/Schedule 11/Page_KDMC - CMS/select_--Select--Schedule 1Inj'

2018-05-04 18:12:52 - [MESSAGE][PASSED] - All options with index in [11] are selected on object 'Object Repository/Schedule 11/Page_KDMC - CMS/select_--Select--Schedule 1Inj'

2018-05-04 18:12:52 - [TEST_STEP][PASSED] - selectOptionByIndex: All options with index in [54] are selected on object 'Object Repository/Schedule 11/Page_KDMC - CMS/select_--Select--Advance E.C.G'

2018-05-04 18:12:54 - [MESSAGE][PASSED] - All options with index in [54] are selected on object 'Object Repository/Schedule 11/Page_KDMC - CMS/select_--Select--Advance E.C.G'

2018-05-04 18:12:54 - [TEST_STEP][PASSED] - setText: Text '200' is set on object 'Object Repository/Schedule 11/Page_KDMC - CMS/input_txttreat'

2018-05-04 18:12:54 - [MESSAGE][PASSED] - Text '200' is set on object 'Object Repository/Schedule 11/Page_KDMC - CMS/input_txttreat'

2018-05-04 18:12:54 - [TEST_STEP][PASSED] - click: Object: 'Object Repository/Schedule 11/Page_KDMC - CMS/button_Add' is clicked on

2018-05-04 18:12:54 - [MESSAGE][PASSED] - Object: 'Object Repository/Schedule 11/Page_KDMC - CMS/button_Add' is clicked on

2018-05-04 18:12:54 - [TEST_STEP][PASSED] - selectOptionByIndex: All options with index in [11] are selected on object 'Object Repository/Schedule 11/Page_KDMC - CMS/select_--Select--Schedule 1Inj'

2018-05-04 18:12:54 - [MESSAGE][PASSED] - All options with index in [11] are selected on object 'Object Repository/Schedule 11/Page_KDMC - CMS/select_--Select--Schedule 1Inj'

2018-05-04 18:12:54 - [TEST_STEP][PASSED] - selectOptionByIndex: All options with index in [55] are selected on object 'Object Repository/Schedule 11/Page_KDMC - CMS/select_--Select--Advance E.C.G'

2018-05-04 18:12:55 - [MESSAGE][PASSED] - All options with index in [55] are selected on object 'Object Repository/Schedule 11/Page_KDMC - CMS/select_--Select--Advance E.C.G'

2018-05-04 18:12:55 - [TEST_STEP][PASSED] - setText: Text '200' is set on object 'Object Repository/Schedule 11/Page_KDMC - CMS/input_txttreat'

2018-05-04 18:12:55 - [MESSAGE][PASSED] - Text '200' is set on object 'Object Repository/Schedule 11/Page_KDMC - CMS/input_txttreat'

2018-05-04 18:12:55 - [TEST_STEP][PASSED] - click: Object: 'Object Repository/Schedule 11/Page_KDMC - CMS/button_Add' is clicked on

2018-05-04 18:12:55 - [MESSAGE][PASSED] - Object: 'Object Repository/Schedule 11/Page_KDMC - CMS/button_Add' is clicked on

2018-05-04 18:12:55 - [TEST_STEP][PASSED] - selectOptionByIndex: All options with index in [11] are selected on object 'Object Repository/Schedule 11/Page_KDMC - CMS/select_--Select--Schedule 1Inj'

2018-05-04 18:12:55 - [MESSAGE][PASSED] - All options with index in [11] are selected on object 'Object Repository/Schedule 11/Page_KDMC - CMS/select_--Select--Schedule 1Inj'

2018-05-04 18:12:55 - [TEST_STEP][PASSED] - selectOptionByIndex: All options with index in [56] are selected on object 'Object Repository/Schedule 11/Page_KDMC - CMS/select_--Select--Advance E.C.G'

2018-05-04 18:12:57 - [MESSAGE][PASSED] - All options with index in [56] are selected on object 'Object Repository/Schedule 11/Page_KDMC - CMS/select_--Select--Advance E.C.G'

2018-05-04 18:12:57 - [TEST_STEP][PASSED] - setText: Text '200' is set on object 'Object Repository/Schedule 11/Page_KDMC - CMS/input_txttreat'

2018-05-04 18:12:57 - [MESSAGE][PASSED] - Text '200' is set on object 'Object Repository/Schedule 11/Page_KDMC - CMS/input_txttreat'

2018-05-04 18:12:57 - [TEST_STEP][PASSED] - click: Object: 'Object Repository/Schedule 11/Page_KDMC - CMS/button_Add' is clicked on

2018-05-04 18:12:57 - [MESSAGE][PASSED] - Object: 'Object Repository/Schedule 11/Page_KDMC - CMS/button_Add' is clicked on

2018-05-04 18:12:57 - [TEST_STEP][PASSED] - selectOptionByIndex: All options with index in [11] are selected on object 'Object Repository/Schedule 11/Page_KDMC - CMS/select_--Select--Schedule 1Inj'

2018-05-04 18:12:57 - [MESSAGE][PASSED] - All options with index in [11] are selected on object 'Object Repository/Schedule 11/Page_KDMC - CMS/select_--Select--Schedule 1Inj'

2018-05-04 18:12:57 - [TEST_STEP][PASSED] - selectOptionByIndex: All options with index in [57] are selected on object 'Object Repository/Schedule 11/Page_KDMC - CMS/select_--Select--Advance E.C.G'

2018-05-04 18:12:58 - [MESSAGE][PASSED] - All options with index in [57] are selected on object 'Object Repository/Schedule 11/Page_KDMC - CMS/select_--Select--Advance E.C.G'

2018-05-04 18:12:58 - [TEST_STEP][PASSED] - setText: Text '200' is set on object 'Object Repository/Schedule 11/Page_KDMC - CMS/input_txttreat'

2018-05-04 18:12:58 - [MESSAGE][PASSED] - Text '200' is set on object 'Object Repository/Schedule 11/Page_KDMC - CMS/input_txttreat'

2018-05-04 18:12:58 - [TEST_STEP][PASSED] - click: Object: 'Object Repository/Schedule 11/Page_KDMC - CMS/button_Add' is clicked on

2018-05-04 18:12:58 - [MESSAGE][PASSED] - Object: 'Object Repository/Schedule 11/Page_KDMC - CMS/button_Add' is clicked on

2018-05-04 18:12:58 - [TEST_STEP][PASSED] - selectOptionByIndex: All options with index in [11] are selected on object 'Object Repository/Schedule 11/Page_KDMC - CMS/select_--Select--Schedule 1Inj'

2018-05-04 18:12:58 - [MESSAGE][PASSED] - All options with index in [11] are selected on object 'Object Repository/Schedule 11/Page_KDMC - CMS/select_--Select--Schedule 1Inj'

2018-05-04 18:12:58 - [TEST_STEP][PASSED] - selectOptionByIndex: All options with index in [58] are selected on object 'Object Repository/Schedule 11/Page_KDMC - CMS/select_--Select--Advance E.C.G'

2018-05-04 18:12:59 - [MESSAGE][PASSED] - All options with index in [58] are selected on object 'Object Repository/Schedule 11/Page_KDMC - CMS/select_--Select--Advance E.C.G'

2018-05-04 18:12:59 - [TEST_STEP][PASSED] - setText: Text '200' is set on object 'Object Repository/Schedule 11/Page_KDMC - CMS/input_txttreat'

2018-05-04 18:12:59 - [MESSAGE][PASSED] - Text '200' is set on object 'Object Repository/Schedule 11/Page_KDMC - CMS/input_txttreat'

2018-05-04 18:12:59 - [TEST_STEP][PASSED] - click: Object: 'Object Repository/Schedule 11/Page_KDMC - CMS/button_Add' is clicked on

2018-05-04 18:12:59 - [MESSAGE][PASSED] - Object: 'Object Repository/Schedule 11/Page_KDMC - CMS/button_Add' is clicked on

2018-05-04 18:12:59 - [TEST_STEP][PASSED] - selectOptionByIndex: All options with index in [11] are selected on object 'Object Repository/Schedule 11/Page_KDMC - CMS/select_--Select--Schedule 1Inj'

2018-05-04 18:12:59 - [MESSAGE][PASSED] - All options with index in [11] are selected on object 'Object Repository/Schedule 11/Page_KDMC - CMS/select_--Select--Schedule 1Inj'

2018-05-04 18:12:59 - [TEST_STEP][PASSED] - selectOptionByIndex: All options with index in [59] are selected on object 'Object Repository/Schedule 11/Page_KDMC - CMS/select_--Select--Advance E.C.G'

2018-05-04 18:13:00 - [MESSAGE][PASSED] - All options with index in [59] are selected on object 'Object Repository/Schedule 11/Page_KDMC - CMS/select_--Select--Advance E.C.G'

2018-05-04 18:13:00 - [TEST_STEP][PASSED] - setText: Text '200' is set on object 'Object Repository/Schedule 11/Page_KDMC - CMS/input_txttreat'

2018-05-04 18:13:00 - [MESSAGE][PASSED] - Text '200' is set on object 'Object Repository/Schedule 11/Page_KDMC - CMS/input_txttreat'

2018-05-04 18:13:00 - [TEST_STEP][PASSED] - click: Object: 'Object Repository/Schedule 11/Page_KDMC - CMS/button_Add' is clicked on

2018-05-04 18:13:00 - [MESSAGE][PASSED] - Object: 'Object Repository/Schedule 11/Page_KDMC - CMS/button_Add' is clicked on

2018-05-04 18:13:00 - [TEST_STEP][PASSED] - selectOptionByIndex: All options with index in [11] are selected on object 'Object Repository/Schedule 11/Page_KDMC - CMS/select_--Select--Schedule 1Inj'

2018-05-04 18:13:00 - [MESSAGE][PASSED] - All options with index in [11] are selected on object 'Object Repository/Schedule 11/Page_KDMC - CMS/select_--Select--Schedule 1Inj'

2018-05-04 18:13:00 - [TEST_STEP][PASSED] - selectOptionByIndex: All options with index in [60] are selected on object 'Object Repository/Schedule 11/Page_KDMC - CMS/select_--Select--Advance E.C.G'

2018-05-04 18:13:02 - [MESSAGE][PASSED] - All options with index in [60] are selected on object 'Object Repository/Schedule 11/Page_KDMC - CMS/select_--Select--Advance E.C.G'

2018-05-04 18:13:02 - [TEST_STEP][PASSED] - setText: Text '200' is set on object 'Object Repository/Schedule 11/Page_KDMC - CMS/input_txttreat'

2018-05-04 18:13:02 - [MESSAGE][PASSED] - Text '200' is set on object 'Object Repository/Schedule 11/Page_KDMC - CMS/input_txttreat'

2018-05-04 18:13:02 - [TEST_STEP][PASSED] - click: Object: 'Object Repository/Schedule 11/Page_KDMC - CMS/button_Add' is clicked on

2018-05-04 18:13:02 - [MESSAGE][PASSED] - Object: 'Object Repository/Schedule 11/Page_KDMC - CMS/button_Add' is clicked on

2018-05-04 18:13:02 - [TEST_STEP][PASSED] - selectOptionByIndex: All options with index in [11] are selected on object 'Object Repository/Schedule 11/Page_KDMC - CMS/select_--Select--Schedule 1Inj'

2018-05-04 18:13:02 - [MESSAGE][PASSED] - All options with index in [11] are selected on object 'Object Repository/Schedule 11/Page_KDMC - CMS/select_--Select--Schedule 1Inj'

2018-05-04 18:13:02 - [TEST_STEP][PASSED] - selectOptionByIndex: All options with index in [61] are selected on object 'Object Repository/Schedule 11/Page_KDMC - CMS/select_--Select--Advance E.C.G'

2018-05-04 18:13:03 - [MESSAGE][PASSED] - All options with index in [61] are selected on object 'Object Repository/Schedule 11/Page_KDMC - CMS/select_--Select--Advance E.C.G'

2018-05-04 18:13:03 - [TEST_STEP][PASSED] - setText: Text '200' is set on object 'Object Repository/Schedule 11/Page_KDMC - CMS/input_txttreat'

2018-05-04 18:13:03 - [MESSAGE][PASSED] - Text '200' is set on object 'Object Repository/Schedule 11/Page_KDMC - CMS/input_txttreat'

2018-05-04 18:13:03 - [TEST_STEP][PASSED] - click: Object: 'Object Repository/Schedule 11/Page_KDMC - CMS/button_Add' is clicked on

2018-05-04 18:13:03 - [MESSAGE][PASSED] - Object: 'Object Repository/Schedule 11/Page_KDMC - CMS/button_Add' is clicked on

2018-05-04 18:13:03 - [TEST_STEP][PASSED] - selectOptionByIndex: All options with index in [11] are selected on object 'Object Repository/Schedule 11/Page_KDMC - CMS/select_--Select--Schedule 1Inj'

2018-05-04 18:13:03 - [MESSAGE][PASSED] - All options with index in [11] are selected on object 'Object Repository/Schedule 11/Page_KDMC - CMS/select_--Select--Schedule 1Inj'

2018-05-04 18:13:03 - [TEST_STEP][PASSED] - selectOptionByIndex: All options with index in [62] are selected on object 'Object Repository/Schedule 11/Page_KDMC - CMS/select_--Select--Advance E.C.G'

2018-05-04 18:13:05 - [MESSAGE][PASSED] - All options with index in [62] are selected on object 'Object Repository/Schedule 11/Page_KDMC - CMS/select_--Select--Advance E.C.G'

2018-05-04 18:13:05 - [TEST_STEP][PASSED] - setText: Text '200' is set on object 'Object Repository/Schedule 11/Page_KDMC - CMS/input_txttreat'

2018-05-04 18:13:05 - [MESSAGE][PASSED] - Text '200' is set on object 'Object Repository/Schedule 11/Page_KDMC - CMS/input_txttreat'

2018-05-04 18:13:05 - [TEST_STEP][PASSED] - click: Object: 'Object Repository/Schedule 11/Page_KDMC - CMS/button_Add' is clicked on

2018-05-04 18:13:05 - [MESSAGE][PASSED] - Object: 'Object Repository/Schedule 11/Page_KDMC - CMS/button_Add' is clicked on

2018-05-04 18:13:05 - [TEST_STEP][PASSED] - selectOptionByIndex: All options with index in [11] are selected on object 'Object Repository/Schedule 11/Page_KDMC - CMS/select_--Select--Schedule 1Inj'

2018-05-04 18:13:05 - [MESSAGE][PASSED] - All options with index in [11] are selected on object 'Object Repository/Schedule 11/Page_KDMC - CMS/select_--Select--Schedule 1Inj'

2018-05-04 18:13:05 - [TEST_STEP][PASSED] - selectOptionByIndex: All options with index in [63] are selected on object 'Object Repository/Schedule 11/Page_KDMC - CMS/select_--Select--Advance E.C.G'

2018-05-04 18:13:06 - [MESSAGE][PASSED] - All options with index in [63] are selected on object 'Object Repository/Schedule 11/Page_KDMC - CMS/select_--Select--Advance E.C.G'

2018-05-04 18:13:06 - [TEST_STEP][PASSED] - setText: Text '200' is set on object 'Object Repository/Schedule 11/Page_KDMC - CMS/input_txttreat'

2018-05-04 18:13:06 - [MESSAGE][PASSED] - Text '200' is set on object 'Object Repository/Schedule 11/Page_KDMC - CMS/input_txttreat'

2018-05-04 18:13:06 - [TEST_STEP][PASSED] - click: Object: 'Object Repository/Schedule 11/Page_KDMC - CMS/button_Add' is clicked on

2018-05-04 18:13:06 - [MESSAGE][PASSED] - Object: 'Object Repository/Schedule 11/Page_KDMC - CMS/button_Add' is clicked on

2018-05-04 18:13:06 - [TEST_STEP][PASSED] - selectOptionByIndex: All options with index in [11] are selected on object 'Object Repository/Schedule 11/Page_KDMC - CMS/select_--Select--Schedule 1Inj'

2018-05-04 18:13:07 - [MESSAGE][PASSED] - All options with index in [11] are selected on object 'Object Repository/Schedule 11/Page_KDMC - CMS/select_--Select--Schedule 1Inj'

2018-05-04 18:13:07 - [TEST_STEP][PASSED] - selectOptionByIndex: All options with index in [64] are selected on object 'Object Repository/Schedule 11/Page_KDMC - CMS/select_--Select--Advance E.C.G'

2018-05-04 18:13:08 - [MESSAGE][PASSED] - All options with index in [64] are selected on object 'Object Repository/Schedule 11/Page_KDMC - CMS/select_--Select--Advance E.C.G'

2018-05-04 18:13:08 - [TEST_STEP][PASSED] - setText: Text '200' is set on object 'Object Repository/Schedule 11/Page_KDMC - CMS/input_txttreat'

2018-05-04 18:13:08 - [MESSAGE][PASSED] - Text '200' is set on object 'Object Repository/Schedule 11/Page_KDMC - CMS/input_txttreat'

2018-05-04 18:13:08 - [TEST_STEP][PASSED] - click: Object: 'Object Repository/Schedule 11/Page_KDMC - CMS/button_Add' is clicked on

2018-05-04 18:13:08 - [MESSAGE][PASSED] - Object: 'Object Repository/Schedule 11/Page_KDMC - CMS/button_Add' is clicked on

2018-05-04 18:13:08 - [TEST_STEP][PASSED] - selectOptionByIndex: All options with index in [11] are selected on object 'Object Repository/Schedule 11/Page_KDMC - CMS/select_--Select--Schedule 1Inj'

2018-05-04 18:13:08 - [MESSAGE][PASSED] - All options with index in [11] are selected on object 'Object Repository/Schedule 11/Page_KDMC - CMS/select_--Select--Schedule 1Inj'

2018-05-04 18:13:08 - [TEST_STEP][PASSED] - selectOptionByIndex: All options with index in [65] are selected on object 'Object Repository/Schedule 11/Page_KDMC - CMS/select_--Select--Advance E.C.G'

2018-05-04 18:13:09 - [MESSAGE][PASSED] - All options with index in [65] are selected on object 'Object Repository/Schedule 11/Page_KDMC - CMS/select_--Select--Advance E.C.G'

2018-05-04 18:13:09 - [TEST_STEP][PASSED] - setText: Text '200' is set on object 'Object Repository/Schedule 11/Page_KDMC - CMS/input_txttreat'

2018-05-04 18:13:09 - [MESSAGE][PASSED] - Text '200' is set on object 'Object Repository/Schedule 11/Page_KDMC - CMS/input_txttreat'

2018-05-04 18:13:09 - [TEST_STEP][PASSED] - click: Object: 'Object Repository/Schedule 11/Page_KDMC - CMS/button_Add' is clicked on

2018-05-04 18:13:09 - [MESSAGE][PASSED] - Object: 'Object Repository/Schedule 11/Page_KDMC - CMS/button_Add' is clicked on

2018-05-04 18:13:09 - [TEST_STEP][PASSED] - selectOptionByIndex: All options with index in [11] are selected on object 'Object Repository/Schedule 11/Page_KDMC - CMS/select_--Select--Schedule 1Inj'

2018-05-04 18:13:10 - [MESSAGE][PASSED] - All options with index in [11] are selected on object 'Object Repository/Schedule 11/Page_KDMC - CMS/select_--Select--Schedule 1Inj'

2018-05-04 18:13:10 - [TEST_STEP][PASSED] - selectOptionByIndex: All options with index in [66] are selected on object 'Object Repository/Schedule 11/Page_KDMC - CMS/select_--Select--Advance E.C.G'

2018-05-04 18:13:11 - [MESSAGE][PASSED] - All options with index in [66] are selected on object 'Object Repository/Schedule 11/Page_KDMC - CMS/select_--Select--Advance E.C.G'

2018-05-04 18:13:11 - [TEST_STEP][PASSED] - setText: Text '200' is set on object 'Object Repository/Schedule 11/Page_KDMC - CMS/input_txttreat'

2018-05-04 18:13:11 - [MESSAGE][PASSED] - Text '200' is set on object 'Object Repository/Schedule 11/Page_KDMC - CMS/input_txttreat'

2018-05-04 18:13:11 - [TEST_STEP][PASSED] - click: Object: 'Object Repository/Schedule 11/Page_KDMC - CMS/button_Add' is clicked on

2018-05-04 18:13:11 - [MESSAGE][PASSED] - Object: 'Object Repository/Schedule 11/Page_KDMC - CMS/button_Add' is clicked on

2018-05-04 18:13:11 - [TEST_STEP][PASSED] - selectOptionByIndex: All options with index in [11] are selected on object 'Object Repository/Schedule 11/Page_KDMC - CMS/select_--Select--Schedule 1Inj'

2018-05-04 18:13:11 - [MESSAGE][PASSED] - All options with index in [11] are selected on object 'Object Repository/Schedule 11/Page_KDMC - CMS/select_--Select--Schedule 1Inj'

2018-05-04 18:13:11 - [TEST_STEP][PASSED] - selectOptionByIndex: All options with index in [67] are selected on object 'Object Repository/Schedule 11/Page_KDMC - CMS/select_--Select--Advance E.C.G'

2018-05-04 18:13:12 - [MESSAGE][PASSED] - All options with index in [67] are selected on object 'Object Repository/Schedule 11/Page_KDMC - CMS/select_--Select--Advance E.C.G'

2018-05-04 18:13:12 - [TEST_STEP][PASSED] - setText: Text '200' is set on object 'Object Repository/Schedule 11/Page_KDMC - CMS/input_txttreat'

2018-05-04 18:13:13 - [MESSAGE][PASSED] - Text '200' is set on object 'Object Repository/Schedule 11/Page_KDMC - CMS/input_txttreat'

2018-05-04 18:13:13 - [TEST_STEP][PASSED] - click: Object: 'Object Repository/Schedule 11/Page_KDMC - CMS/button_Add' is clicked on

2018-05-04 18:13:13 - [MESSAGE][PASSED] - Object: 'Object Repository/Schedule 11/Page_KDMC - CMS/button_Add' is clicked on

2018-05-04 18:13:13 - [TEST_STEP][PASSED] - selectOptionByIndex: All options with index in [11] are selected on object 'Object Repository/Schedule 11/Page_KDMC - CMS/select_--Select--Schedule 1Inj'

2018-05-04 18:13:13 - [MESSAGE][PASSED] - All options with index in [11] are selected on object 'Object Repository/Schedule 11/Page_KDMC - CMS/select_--Select--Schedule 1Inj'

2018-05-04 18:13:13 - [TEST_STEP][PASSED] - selectOptionByIndex: All options with index in [68] are selected on object 'Object Repository/Schedule 11/Page_KDMC - CMS/select_--Select--Advance E.C.G'

2018-05-04 18:13:14 - [MESSAGE][PASSED] - All options with index in [68] are selected on object 'Object Repository/Schedule 11/Page_KDMC - CMS/select_--Select--Advance E.C.G'

2018-05-04 18:13:14 - [TEST_STEP][PASSED] - setText: Text '200' is set on object 'Object Repository/Schedule 11/Page_KDMC - CMS/input_txttreat'

2018-05-04 18:13:14 - [MESSAGE][PASSED] - Text '200' is set on object 'Object Repository/Schedule 11/Page_KDMC - CMS/input_txttreat'

2018-05-04 18:13:14 - [TEST_STEP][PASSED] - click: Object: 'Object Repository/Schedule 11/Page_KDMC - CMS/button_Add' is clicked on

2018-05-04 18:13:14 - [MESSAGE][PASSED] - Object: 'Object Repository/Schedule 11/Page_KDMC - CMS/button_Add' is clicked on

2018-05-04 18:13:14 - [TEST_STEP][PASSED] - selectOptionByIndex: All options with index in [11] are selected on object 'Object Repository/Schedule 11/Page_KDMC - CMS/select_--Select--Schedule 1Inj'

2018-05-04 18:13:14 - [MESSAGE][PASSED] - All options with index in [11] are selected on object 'Object Repository/Schedule 11/Page_KDMC - CMS/select_--Select--Schedule 1Inj'

2018-05-04 18:13:14 - [TEST_STEP][PASSED] - selectOptionByIndex: All options with index in [69] are selected on object 'Object Repository/Schedule 11/Page_KDMC - CMS/select_--Select--Advance E.C.G'

2018-05-04 18:13:16 - [MESSAGE][PASSED] - All options with index in [69] are selected on object 'Object Repository/Schedule 11/Page_KDMC - CMS/select_--Select--Advance E.C.G'

2018-05-04 18:13:16 - [TEST_STEP][PASSED] - setText: Text '200' is set on object 'Object Repository/Schedule 11/Page_KDMC - CMS/input_txttreat'

2018-05-04 18:13:16 - [MESSAGE][PASSED] - Text '200' is set on object 'Object Repository/Schedule 11/Page_KDMC - CMS/input_txttreat'

2018-05-04 18:13:16 - [TEST_STEP][PASSED] - click: Object: 'Object Repository/Schedule 11/Page_KDMC - CMS/button_Add' is clicked on

2018-05-04 18:13:16 - [MESSAGE][PASSED] - Object: 'Object Repository/Schedule 11/Page_KDMC - CMS/button_Add' is clicked on

2018-05-04 18:13:16 - [TEST_STEP][PASSED] - selectOptionByIndex: All options with index in [11] are selected on object 'Object Repository/Schedule 11/Page_KDMC - CMS/select_--Select--Schedule 1Inj'

2018-05-04 18:13:16 - [MESSAGE][PASSED] - All options with index in [11] are selected on object 'Object Repository/Schedule 11/Page_KDMC - CMS/select_--Select--Schedule 1Inj'

2018-05-04 18:13:16 - [TEST_STEP][PASSED] - selectOptionByIndex: All options with index in [70] are selected on object 'Object Repository/Schedule 11/Page_KDMC - CMS/select_--Select--Advance E.C.G'

2018-05-04 18:13:17 - [MESSAGE][PASSED] - All options with index in [70] are selected on object 'Object Repository/Schedule 11/Page_KDMC - CMS/select_--Select--Advance E.C.G'

2018-05-04 18:13:17 - [TEST_STEP][PASSED] - setText: Text '200' is set on object 'Object Repository/Schedule 11/Page_KDMC - CMS/input_txttreat'

2018-05-04 18:13:17 - [MESSAGE][PASSED] - Text '200' is set on object 'Object Repository/Schedule 11/Page_KDMC - CMS/input_txttreat'

2018-05-04 18:13:17 - [TEST_STEP][PASSED] - click: Object: 'Object Repository/Schedule 11/Page_KDMC - CMS/button_Add' is clicked on

2018-05-04 18:13:17 - [MESSAGE][PASSED] - Object: 'Object Repository/Schedule 11/Page_KDMC - CMS/button_Add' is clicked on

2018-05-04 18:13:17 - [TEST_STEP][PASSED] - selectOptionByIndex: All options with index in [11] are selected on object 'Object Repository/Schedule 11/Page_KDMC - CMS/select_--Select--Schedule 1Inj'

2018-05-04 18:13:18 - [MESSAGE][PASSED] - All options with index in [11] are selected on object 'Object Repository/Schedule 11/Page_KDMC - CMS/select_--Select--Schedule 1Inj'

2018-05-04 18:13:18 - [TEST_STEP][PASSED] - selectOptionByIndex: All options with index in [71] are selected on object 'Object Repository/Schedule 11/Page_KDMC - CMS/select_--Select--Advance E.C.G'

2018-05-04 18:13:19 - [MESSAGE][PASSED] - All options with index in [71] are selected on object 'Object Repository/Schedule 11/Page_KDMC - CMS/select_--Select--Advance E.C.G'

2018-05-04 18:13:19 - [TEST_STEP][PASSED] - setText: Text '200' is set on object 'Object Repository/Schedule 11/Page_KDMC - CMS/input_txttreat'

2018-05-04 18:13:19 - [MESSAGE][PASSED] - Text '200' is set on object 'Object Repository/Schedule 11/Page_KDMC - CMS/input_txttreat'

2018-05-04 18:13:19 - [TEST_STEP][PASSED] - click: Object: 'Object Repository/Schedule 11/Page_KDMC - CMS/button_Add' is clicked on

2018-05-04 18:13:19 - [MESSAGE][PASSED] - Object: 'Object Repository/Schedule 11/Page_KDMC - CMS/button_Add' is clicked on

2018-05-04 18:13:19 - [TEST_STEP][PASSED] - selectOptionByIndex: All options with index in [11] are selected on object 'Object Repository/Schedule 11/Page_KDMC - CMS/select_--Select--Schedule 1Inj'

2018-05-04 18:13:19 - [MESSAGE][PASSED] - All options with index in [11] are selected on object 'Object Repository/Schedule 11/Page_KDMC - CMS/select_--Select--Schedule 1Inj'

2018-05-04 18:13:19 - [TEST_STEP][PASSED] - selectOptionByIndex: All options with index in [72] are selected on object 'Object Repository/Schedule 11/Page_KDMC - CMS/select_--Select--Advance E.C.G'

2018-05-04 18:13:20 - [MESSAGE][PASSED] - All options with index in [72] are selected on object 'Object Repository/Schedule 11/Page_KDMC - CMS/select_--Select--Advance E.C.G'

2018-05-04 18:13:20 - [TEST_STEP][PASSED] - setText: Text '200' is set on object 'Object Repository/Schedule 11/Page_KDMC - CMS/input_txttreat'

2018-05-04 18:13:21 - [MESSAGE][PASSED] - Text '200' is set on object 'Object Repository/Schedule 11/Page_KDMC - CMS/input_txttreat'

2018-05-04 18:13:21 - [TEST_STEP][PASSED] - click: Object: 'Object Repository/Schedule 11/Page_KDMC - CMS/button_Add' is clicked on

2018-05-04 18:13:21 - [MESSAGE][PASSED] - Object: 'Object Repository/Schedule 11/Page_KDMC - CMS/button_Add' is clicked on

2018-05-04 18:13:21 - [TEST_STEP][PASSED] - selectOptionByIndex: All options with index in [11] are selected on object 'Object Repository/Schedule 11/Page_KDMC - CMS/select_--Select--Schedule 1Inj'

2018-05-04 18:13:21 - [MESSAGE][PASSED] - All options with index in [11] are selected on object 'Object Repository/Schedule 11/Page_KDMC - CMS/select_--Select--Schedule 1Inj'

2018-05-04 18:13:21 - [TEST_STEP][PASSED] - selectOptionByIndex: All options with index in [73] are selected on object 'Object Repository/Schedule 11/Page_KDMC - CMS/select_--Select--Advance E.C.G'

2018-05-04 18:13:22 - [MESSAGE][PASSED] - All options with index in [73] are selected on object 'Object Repository/Schedule 11/Page_KDMC - CMS/select_--Select--Advance E.C.G'

2018-05-04 18:13:22 - [TEST_STEP][PASSED] - setText: Text '200' is set on object 'Object Repository/Schedule 11/Page_KDMC - CMS/input_txttreat'

2018-05-04 18:13:22 - [MESSAGE][PASSED] - Text '200' is set on object 'Object Repository/Schedule 11/Page_KDMC - CMS/input_txttreat'

2018-05-04 18:13:22 - [TEST_STEP][PASSED] - click: Object: 'Object Repository/Schedule 11/Page_KDMC - CMS/button_Add' is clicked on

2018-05-04 18:13:22 - [MESSAGE][PASSED] - Object: 'Object Repository/Schedule 11/Page_KDMC - CMS/button_Add' is clicked on

2018-05-04 18:13:22 - [TEST_STEP][PASSED] - selectOptionByIndex: All options with index in [11] are selected on object 'Object Repository/Schedule 11/Page_KDMC - CMS/select_--Select--Schedule 1Inj'

2018-05-04 18:13:22 - [MESSAGE][PASSED] - All options with index in [11] are selected on object 'Object Repository/Schedule 11/Page_KDMC - CMS/select_--Select--Schedule 1Inj'

2018-05-04 18:13:22 - [TEST_STEP][PASSED] - selectOptionByIndex: All options with index in [74] are selected on object 'Object Repository/Schedule 11/Page_KDMC - CMS/select_--Select--Advance E.C.G'

2018-05-04 18:13:24 - [MESSAGE][PASSED] - All options with index in [74] are selected on object 'Object Repository/Schedule 11/Page_KDMC - CMS/select_--Select--Advance E.C.G'

2018-05-04 18:13:24 - [TEST_STEP][PASSED] - setText: Text '200' is set on object 'Object Repository/Schedule 11/Page_KDMC - CMS/input_txttreat'

2018-05-04 18:13:24 - [MESSAGE][PASSED] - Text '200' is set on object 'Object Repository/Schedule 11/Page_KDMC - CMS/input_txttreat'

2018-05-04 18:13:24 - [TEST_STEP][PASSED] - click: Object: 'Object Repository/Schedule 11/Page_KDMC - CMS/button_Add' is clicked on

2018-05-04 18:13:24 - [MESSAGE][PASSED] - Object: 'Object Repository/Schedule 11/Page_KDMC - CMS/button_Add' is clicked on

2018-05-04 18:13:24 - [TEST_STEP][PASSED] - selectOptionByIndex: All options with index in [11] are selected on object 'Object Repository/Schedule 11/Page_KDMC - CMS/select_--Select--Schedule 1Inj'

2018-05-04 18:13:24 - [MESSAGE][PASSED] - All options with index in [11] are selected on object 'Object Repository/Schedule 11/Page_KDMC - CMS/select_--Select--Schedule 1Inj'

2018-05-04 18:13:24 - [TEST_STEP][PASSED] - selectOptionByIndex: All options with index in [75] are selected on object 'Object Repository/Schedule 11/Page_KDMC - CMS/select_--Select--Advance E.C.G'

2018-05-04 18:13:25 - [MESSAGE][PASSED] - All options with index in [75] are selected on object 'Object Repository/Schedule 11/Page_KDMC - CMS/select_--Select--Advance E.C.G'

2018-05-04 18:13:25 - [TEST_STEP][PASSED] - setText: Text '200' is set on object 'Object Repository/Schedule 11/Page_KDMC - CMS/input_txttreat'

2018-05-04 18:13:25 - [MESSAGE][PASSED] - Text '200' is set on object 'Object Repository/Schedule 11/Page_KDMC - CMS/input_txttreat'

2018-05-04 18:13:25 - [TEST_STEP][PASSED] - click: Object: 'Object Repository/Schedule 11/Page_KDMC - CMS/button_Add' is clicked on

2018-05-04 18:13:26 - [MESSAGE][PASSED] - Object: 'Object Repository/Schedule 11/Page_KDMC - CMS/button_Add' is clicked on

2018-05-04 18:13:26 - [TEST_STEP][PASSED] - selectOptionByIndex: All options with index in [11] are selected on object 'Object Repository/Schedule 11/Page_KDMC - CMS/select_--Select--Schedule 1Inj'

2018-05-04 18:13:26 - [MESSAGE][PASSED] - All options with index in [11] are selected on object 'Object Repository/Schedule 11/Page_KDMC - CMS/select_--Select--Schedule 1Inj'

2018-05-04 18:13:26 - [TEST_STEP][PASSED] - selectOptionByIndex: All options with index in [76] are selected on object 'Object Repository/Schedule 11/Page_KDMC - CMS/select_--Select--Advance E.C.G'

2018-05-04 18:13:27 - [MESSAGE][PASSED] - All options with index in [76] are selected on object 'Object Repository/Schedule 11/Page_KDMC - CMS/select_--Select--Advance E.C.G'

2018-05-04 18:13:27 - [TEST_STEP][PASSED] - setText: Text '200' is set on object 'Object Repository/Schedule 11/Page_KDMC - CMS/input_txttreat'

2018-05-04 18:13:27 - [MESSAGE][PASSED] - Text '200' is set on object 'Object Repository/Schedule 11/Page_KDMC - CMS/input_txttreat'

2018-05-04 18:13:27 - [TEST_STEP][PASSED] - click: Object: 'Object Repository/Schedule 11/Page_KDMC - CMS/button_Add' is clicked on

2018-05-04 18:13:27 - [MESSAGE][PASSED] - Object: 'Object Repository/Schedule 11/Page_KDMC - CMS/button_Add' is clicked on

2018-05-04 18:13:27 - [TEST_STEP][PASSED] - selectOptionByIndex: All options with index in [11] are selected on object 'Object Repository/Schedule 11/Page_KDMC - CMS/select_--Select--Schedule 1Inj'

2018-05-04 18:13:27 - [MESSAGE][PASSED] - All options with index in [11] are selected on object 'Object Repository/Schedule 11/Page_KDMC - CMS/select_--Select--Schedule 1Inj'

2018-05-04 18:13:27 - [TEST_STEP][PASSED] - selectOptionByIndex: All options with index in [77] are selected on object 'Object Repository/Schedule 11/Page_KDMC - CMS/select_--Select--Advance E.C.G'

2018-05-04 18:13:29 - [MESSAGE][PASSED] - All options with index in [77] are selected on object 'Object Repository/Schedule 11/Page_KDMC - CMS/select_--Select--Advance E.C.G'

2018-05-04 18:13:29 - [TEST_STEP][PASSED] - setText: Text '200' is set on object 'Object Repository/Schedule 11/Page_KDMC - CMS/input_txttreat'

2018-05-04 18:13:29 - [MESSAGE][PASSED] - Text '200' is set on object 'Object Repository/Schedule 11/Page_KDMC - CMS/input_txttreat'

2018-05-04 18:13:29 - [TEST_STEP][PASSED] - click: Object: 'Object Repository/Schedule 11/Page_KDMC - CMS/button_Add' is clicked on

2018-05-04 18:13:29 - [MESSAGE][PASSED] - Object: 'Object Repository/Schedule 11/Page_KDMC - CMS/button_Add' is clicked on

2018-05-04 18:13:29 - [TEST_STEP][PASSED] - selectOptionByIndex: All options with index in [11] are selected on object 'Object Repository/Schedule 11/Page_KDMC - CMS/select_--Select--Schedule 1Inj'

2018-05-04 18:13:29 - [MESSAGE][PASSED] - All options with index in [11] are selected on object 'Object Repository/Schedule 11/Page_KDMC - CMS/select_--Select--Schedule 1Inj'

2018-05-04 18:13:29 - [TEST_STEP][PASSED] - selectOptionByIndex: All options with index in [78] are selected on object 'Object Repository/Schedule 11/Page_KDMC - CMS/select_--Select--Advance E.C.G'

2018-05-04 18:13:30 - [MESSAGE][PASSED] - All options with index in [78] are selected on object 'Object Repository/Schedule 11/Page_KDMC - CMS/select_--Select--Advance E.C.G'

2018-05-04 18:13:30 - [TEST_STEP][PASSED] - setText: Text '200' is set on object 'Object Repository/Schedule 11/Page_KDMC - CMS/input_txttreat'

2018-05-04 18:13:30 - [MESSAGE][PASSED] - Text '200' is set on object 'Object Repository/Schedule 11/Page_KDMC - CMS/input_txttreat'

2018-05-04 18:13:30 - [TEST_STEP][PASSED] - click: Object: 'Object Repository/Schedule 11/Page_KDMC - CMS/button_Add' is clicked on

2018-05-04 18:13:31 - [MESSAGE][PASSED] - Object: 'Object Repository/Schedule 11/Page_KDMC - CMS/button_Add' is clicked on

2018-05-04 18:13:31 - [TEST_STEP][PASSED] - selectOptionByIndex: All options with index in [11] are selected on object 'Object Repository/Schedule 11/Page_KDMC - CMS/select_--Select--Schedule 1Inj'

2018-05-04 18:13:31 - [MESSAGE][PASSED] - All options with index in [11] are selected on object 'Object Repository/Schedule 11/Page_KDMC - CMS/select_--Select--Schedule 1Inj'

2018-05-04 18:13:31 - [TEST_STEP][PASSED] - selectOptionByIndex: All options with index in [79] are selected on object 'Object Repository/Schedule 11/Page_KDMC - CMS/select_--Select--Advance E.C.G'

2018-05-04 18:13:32 - [MESSAGE][PASSED] - All options with index in [79] are selected on object 'Object Repository/Schedule 11/Page_KDMC - CMS/select_--Select--Advance E.C.G'

2018-05-04 18:13:32 - [TEST_STEP][PASSED] - setText: Text '200' is set on object 'Object Repository/Schedule 11/Page_KDMC - CMS/input_txttreat'

2018-05-04 18:13:32 - [MESSAGE][PASSED] - Text '200' is set on object 'Object Repository/Schedule 11/Page_KDMC - CMS/input_txttreat'

2018-05-04 18:13:32 - [TEST_STEP][PASSED] - click: Object: 'Object Repository/Schedule 11/Page_KDMC - CMS/button_Add' is clicked on

2018-05-04 18:13:32 - [MESSAGE][PASSED] - Object: 'Object Repository/Schedule 11/Page_KDMC - CMS/button_Add' is clicked on

2018-05-04 18:13:32 - [TEST_STEP][PASSED] - selectOptionByIndex: All options with index in [11] are selected on object 'Object Repository/Schedule 11/Page_KDMC - CMS/select_--Select--Schedule 1Inj'

2018-05-04 18:13:32 - [MESSAGE][PASSED] - All options with index in [11] are selected on object 'Object Repository/Schedule 11/Page_KDMC - CMS/select_--Select--Schedule 1Inj'

2018-05-04 18:13:32 - [TEST_STEP][PASSED] - selectOptionByIndex: All options with index in [80] are selected on object 'Object Repository/Schedule 11/Page_KDMC - CMS/select_--Select--Advance E.C.G'

2018-05-04 18:13:34 - [MESSAGE][PASSED] - All options with index in [80] are selected on object 'Object Repository/Schedule 11/Page_KDMC - CMS/select_--Select--Advance E.C.G'

2018-05-04 18:13:34 - [TEST_STEP][PASSED] - setText: Text '200' is set on object 'Object Repository/Schedule 11/Page_KDMC - CMS/input_txttreat'

2018-05-04 18:13:34 - [MESSAGE][PASSED] - Text '200' is set on object 'Object Repository/Schedule 11/Page_KDMC - CMS/input_txttreat'

2018-05-04 18:13:34 - [TEST_STEP][PASSED] - click: Object: 'Object Repository/Schedule 11/Page_KDMC - CMS/button_Add' is clicked on

2018-05-04 18:13:34 - [MESSAGE][PASSED] - Object: 'Object Repository/Schedule 11/Page_KDMC - CMS/button_Add' is clicked on

2018-05-04 18:13:34 - [TEST_STEP][PASSED] - scrollToElement: Scroll to object 'Object Repository/Schedule 11/Page_KDMC - CMS/input_btnsave' successfully

2018-05-04 18:13:34 - [MESSAGE][PASSED] - Scroll to object 'Object Repository/Schedule 11/Page_KDMC - CMS/input_btnsave' successfully

2018-05-04 18:13:34 - [TEST_STEP][PASSED] - click: Object: 'Object Repository/Schedule 11/Page_KDMC - CMS/input_btnsave' is clicked on

2018-05-04 18:13:34 - [MESSAGE][PASSED] - Object: 'Object Repository/Schedule 11/Page_KDMC - CMS/input_btnsave' is clicked on

2018-05-04 18:13:34 - [TEST_STEP][PASSED] - delay: Delayed 3 second(s)

2018-05-04 18:13:37 - [MESSAGE][PASSED] - Delayed 3 second(s)

2018-05-04 18:13:37 - [TEST_STEP][PASSED] - click: Object: 'Object Repository/Schedule 11/Page_KDMC - CMS/button_OK' is clicked on

2018-05-04 18:13:38 - [MESSAGE][PASSED] - Object: 'Object Repository/Schedule 11/Page_KDMC - CMS/button_OK' is clicked on

2018-05-04 18:13:38 - [TEST_STEP][PASSED] - delay: Delayed 3 second(s)

2018-05-04 18:13:41 - [MESSAGE][PASSED] - Delayed 3 second(s)

2018-05-04 18:13:41 - [TEST_STEP][PASSED] - click: Object: 'Object Repository/Schedule 11/Page_KDMC - CMS/a_dropdown-toggle' is clicked on

2018-05-04 18:13:41 - [MESSAGE][PASSED] - Object: 'Object Repository/Schedule 11/Page_KDMC - CMS/a_dropdown-toggle' is clicked on

2018-05-04 18:13:41 - [TEST_STEP][PASSED] - click: Object: 'Object Repository/Schedule 11/Page_KDMC - CMS/a_Sign out' is clicked on

2018-05-04 18:13:41 - [MESSAGE][PASSED] - Object: 'Object Repository/Schedule 11/Page_KDMC - CMS/a_Sign out' is clicked on

2018-05-04 18:13:41 - [TEST_STEP][PASSED] - closeBrowser: Browser is closed

2018-05-04 18:13:42 - [MESSAGE][PASSED] - Browser is closed]]></system-out>
         <system-err><![CDATA[]]></system-err>
      </testcase>
      <testcase name="Test Cases/MOHTOCMSREQUEST/MohRequestSchedule12" classname="Test Cases/MOHTOCMSREQUEST/MohRequestSchedule12" status="PASSED">
         <system-out><![CDATA[2018-05-04 18:13:42 - [TEST_CASE][PASSED] - Test Cases/MOHTOCMSREQUEST/MohRequestSchedule12: Test Cases/MOHTOCMSREQUEST/MohRequestSchedule12

2018-05-04 18:13:42 - [TEST_STEP][PASSED] - openBrowser: Browser is opened with url: ''

2018-05-04 18:13:44 - [MESSAGE][PASSED] - Browser is opened with url: ''

2018-05-04 18:13:44 - [TEST_STEP][PASSED] - navigateToUrl: Navigate to 'http://192.168.137.1/multihospital_new/' successfully

2018-05-04 18:13:45 - [MESSAGE][PASSED] - Navigate to 'http://192.168.137.1/multihospital_new/' successfully

2018-05-04 18:13:45 - [TEST_STEP][PASSED] - maximizeWindow: Current window maximized

2018-05-04 18:13:46 - [MESSAGE][PASSED] - Current window maximized

2018-05-04 18:13:46 - [TEST_STEP][PASSED] - click: Object: 'Object Repository/Schedule 12/Page_KDMC/a_CMS' is clicked on

2018-05-04 18:13:48 - [MESSAGE][PASSED] - Object: 'Object Repository/Schedule 12/Page_KDMC/a_CMS' is clicked on

2018-05-04 18:13:48 - [TEST_STEP][PASSED] - setText: Text 'bala' is set on object 'Object Repository/Schedule 12/Page_CMS login/input_txtusername'

2018-05-04 18:13:48 - [MESSAGE][PASSED] - Text 'bala' is set on object 'Object Repository/Schedule 12/Page_CMS login/input_txtusername'

2018-05-04 18:13:48 - [TEST_STEP][PASSED] - setText: Text '123' is set on object 'Object Repository/Schedule 12/Page_CMS login/input_txtpassword'

2018-05-04 18:13:48 - [MESSAGE][PASSED] - Text '123' is set on object 'Object Repository/Schedule 12/Page_CMS login/input_txtpassword'

2018-05-04 18:13:48 - [TEST_STEP][PASSED] - delay: Delayed 3 second(s)

2018-05-04 18:13:51 - [MESSAGE][PASSED] - Delayed 3 second(s)

2018-05-04 18:13:51 - [TEST_STEP][PASSED] - click: Object: 'Object Repository/Schedule 12/Page_CMS login/button_Sign in' is clicked on

2018-05-04 18:13:52 - [MESSAGE][PASSED] - Object: 'Object Repository/Schedule 12/Page_CMS login/button_Sign in' is clicked on

2018-05-04 18:13:52 - [TEST_STEP][PASSED] - click: Object: 'Object Repository/Schedule 12/Page_KDMC - CMS/a_Request to MOH' is clicked on

2018-05-04 18:13:52 - [MESSAGE][PASSED] - Object: 'Object Repository/Schedule 12/Page_KDMC - CMS/a_Request to MOH' is clicked on

2018-05-04 18:13:52 - [TEST_STEP][PASSED] - selectOptionByIndex: All options with index in [2] are selected on object 'Object Repository/Schedule 12/Page_KDMC - CMS/select_--Select--'

2018-05-04 18:13:52 - [MESSAGE][PASSED] - All options with index in [2] are selected on object 'Object Repository/Schedule 12/Page_KDMC - CMS/select_--Select--'

2018-05-04 18:13:52 - [TEST_STEP][PASSED] - selectOptionByIndex: All options with index in [12] are selected on object 'Object Repository/Schedule 12/Page_KDMC - CMS/select_--Select--Schedule 1Inj'

2018-05-04 18:13:53 - [MESSAGE][PASSED] - All options with index in [12] are selected on object 'Object Repository/Schedule 12/Page_KDMC - CMS/select_--Select--Schedule 1Inj'

2018-05-04 18:13:53 - [TEST_STEP][PASSED] - Statement - Selectedoptions = com.kms.katalon.core.webui.keyword.WebUiBuiltInKeywords.getNumberOfTotalOption(com.kms.katalon.core.testobject.ObjectRepository.findTestObject(Schedule 12/Page_KDMC - CMS/select_--Select--Baby sheet (R)): 20 options of object 'Object Repository/Schedule 12/Page_KDMC - CMS/select_--Select--Baby sheet (R' counted

2018-05-04 18:13:53 - [MESSAGE][PASSED] - 20 options of object 'Object Repository/Schedule 12/Page_KDMC - CMS/select_--Select--Baby sheet (R' counted

2018-05-04 18:13:53 - [TEST_STEP][PASSED] - Statement - For ([f = 1, f < Selectedoptions, (f++)]): Object: 'Object Repository/Schedule 12/Page_KDMC - CMS/button_Add' is clicked on

2018-05-04 18:13:53 - [TEST_STEP][PASSED] - selectOptionByIndex: All options with index in [12] are selected on object 'Object Repository/Schedule 12/Page_KDMC - CMS/select_--Select--Schedule 1Inj'

2018-05-04 18:13:53 - [MESSAGE][PASSED] - All options with index in [12] are selected on object 'Object Repository/Schedule 12/Page_KDMC - CMS/select_--Select--Schedule 1Inj'

2018-05-04 18:13:53 - [TEST_STEP][PASSED] - selectOptionByIndex: All options with index in [1] are selected on object 'Object Repository/Schedule 12/Page_KDMC - CMS/select_--Select--Baby sheet (R'

2018-05-04 18:13:53 - [MESSAGE][PASSED] - All options with index in [1] are selected on object 'Object Repository/Schedule 12/Page_KDMC - CMS/select_--Select--Baby sheet (R'

2018-05-04 18:13:53 - [TEST_STEP][PASSED] - setText: Text '50000' is set on object 'Object Repository/Schedule 12/Page_KDMC - CMS/input_txttreat'

2018-05-04 18:13:53 - [MESSAGE][PASSED] - Text '50000' is set on object 'Object Repository/Schedule 12/Page_KDMC - CMS/input_txttreat'

2018-05-04 18:13:53 - [TEST_STEP][PASSED] - click: Object: 'Object Repository/Schedule 12/Page_KDMC - CMS/button_Add' is clicked on

2018-05-04 18:13:53 - [MESSAGE][PASSED] - Object: 'Object Repository/Schedule 12/Page_KDMC - CMS/button_Add' is clicked on

2018-05-04 18:13:53 - [TEST_STEP][PASSED] - selectOptionByIndex: All options with index in [12] are selected on object 'Object Repository/Schedule 12/Page_KDMC - CMS/select_--Select--Schedule 1Inj'

2018-05-04 18:13:53 - [MESSAGE][PASSED] - All options with index in [12] are selected on object 'Object Repository/Schedule 12/Page_KDMC - CMS/select_--Select--Schedule 1Inj'

2018-05-04 18:13:53 - [TEST_STEP][PASSED] - selectOptionByIndex: All options with index in [2] are selected on object 'Object Repository/Schedule 12/Page_KDMC - CMS/select_--Select--Baby sheet (R'

2018-05-04 18:13:54 - [MESSAGE][PASSED] - All options with index in [2] are selected on object 'Object Repository/Schedule 12/Page_KDMC - CMS/select_--Select--Baby sheet (R'

2018-05-04 18:13:54 - [TEST_STEP][PASSED] - setText: Text '50000' is set on object 'Object Repository/Schedule 12/Page_KDMC - CMS/input_txttreat'

2018-05-04 18:13:54 - [MESSAGE][PASSED] - Text '50000' is set on object 'Object Repository/Schedule 12/Page_KDMC - CMS/input_txttreat'

2018-05-04 18:13:54 - [TEST_STEP][PASSED] - click: Object: 'Object Repository/Schedule 12/Page_KDMC - CMS/button_Add' is clicked on

2018-05-04 18:13:54 - [MESSAGE][PASSED] - Object: 'Object Repository/Schedule 12/Page_KDMC - CMS/button_Add' is clicked on

2018-05-04 18:13:54 - [TEST_STEP][PASSED] - selectOptionByIndex: All options with index in [12] are selected on object 'Object Repository/Schedule 12/Page_KDMC - CMS/select_--Select--Schedule 1Inj'

2018-05-04 18:13:54 - [MESSAGE][PASSED] - All options with index in [12] are selected on object 'Object Repository/Schedule 12/Page_KDMC - CMS/select_--Select--Schedule 1Inj'

2018-05-04 18:13:54 - [TEST_STEP][PASSED] - selectOptionByIndex: All options with index in [3] are selected on object 'Object Repository/Schedule 12/Page_KDMC - CMS/select_--Select--Baby sheet (R'

2018-05-04 18:13:55 - [MESSAGE][PASSED] - All options with index in [3] are selected on object 'Object Repository/Schedule 12/Page_KDMC - CMS/select_--Select--Baby sheet (R'

2018-05-04 18:13:55 - [TEST_STEP][PASSED] - setText: Text '50000' is set on object 'Object Repository/Schedule 12/Page_KDMC - CMS/input_txttreat'

2018-05-04 18:13:55 - [MESSAGE][PASSED] - Text '50000' is set on object 'Object Repository/Schedule 12/Page_KDMC - CMS/input_txttreat'

2018-05-04 18:13:55 - [TEST_STEP][PASSED] - click: Object: 'Object Repository/Schedule 12/Page_KDMC - CMS/button_Add' is clicked on

2018-05-04 18:13:55 - [MESSAGE][PASSED] - Object: 'Object Repository/Schedule 12/Page_KDMC - CMS/button_Add' is clicked on

2018-05-04 18:13:55 - [TEST_STEP][PASSED] - selectOptionByIndex: All options with index in [12] are selected on object 'Object Repository/Schedule 12/Page_KDMC - CMS/select_--Select--Schedule 1Inj'

2018-05-04 18:13:55 - [MESSAGE][PASSED] - All options with index in [12] are selected on object 'Object Repository/Schedule 12/Page_KDMC - CMS/select_--Select--Schedule 1Inj'

2018-05-04 18:13:55 - [TEST_STEP][PASSED] - selectOptionByIndex: All options with index in [4] are selected on object 'Object Repository/Schedule 12/Page_KDMC - CMS/select_--Select--Baby sheet (R'

2018-05-04 18:13:56 - [MESSAGE][PASSED] - All options with index in [4] are selected on object 'Object Repository/Schedule 12/Page_KDMC - CMS/select_--Select--Baby sheet (R'

2018-05-04 18:13:56 - [TEST_STEP][PASSED] - setText: Text '50000' is set on object 'Object Repository/Schedule 12/Page_KDMC - CMS/input_txttreat'

2018-05-04 18:13:56 - [MESSAGE][PASSED] - Text '50000' is set on object 'Object Repository/Schedule 12/Page_KDMC - CMS/input_txttreat'

2018-05-04 18:13:56 - [TEST_STEP][PASSED] - click: Object: 'Object Repository/Schedule 12/Page_KDMC - CMS/button_Add' is clicked on

2018-05-04 18:13:56 - [MESSAGE][PASSED] - Object: 'Object Repository/Schedule 12/Page_KDMC - CMS/button_Add' is clicked on

2018-05-04 18:13:56 - [TEST_STEP][PASSED] - selectOptionByIndex: All options with index in [12] are selected on object 'Object Repository/Schedule 12/Page_KDMC - CMS/select_--Select--Schedule 1Inj'

2018-05-04 18:13:56 - [MESSAGE][PASSED] - All options with index in [12] are selected on object 'Object Repository/Schedule 12/Page_KDMC - CMS/select_--Select--Schedule 1Inj'

2018-05-04 18:13:56 - [TEST_STEP][PASSED] - selectOptionByIndex: All options with index in [5] are selected on object 'Object Repository/Schedule 12/Page_KDMC - CMS/select_--Select--Baby sheet (R'

2018-05-04 18:13:56 - [MESSAGE][PASSED] - All options with index in [5] are selected on object 'Object Repository/Schedule 12/Page_KDMC - CMS/select_--Select--Baby sheet (R'

2018-05-04 18:13:56 - [TEST_STEP][PASSED] - setText: Text '50000' is set on object 'Object Repository/Schedule 12/Page_KDMC - CMS/input_txttreat'

2018-05-04 18:13:56 - [MESSAGE][PASSED] - Text '50000' is set on object 'Object Repository/Schedule 12/Page_KDMC - CMS/input_txttreat'

2018-05-04 18:13:56 - [TEST_STEP][PASSED] - click: Object: 'Object Repository/Schedule 12/Page_KDMC - CMS/button_Add' is clicked on

2018-05-04 18:13:56 - [MESSAGE][PASSED] - Object: 'Object Repository/Schedule 12/Page_KDMC - CMS/button_Add' is clicked on

2018-05-04 18:13:56 - [TEST_STEP][PASSED] - selectOptionByIndex: All options with index in [12] are selected on object 'Object Repository/Schedule 12/Page_KDMC - CMS/select_--Select--Schedule 1Inj'

2018-05-04 18:13:56 - [MESSAGE][PASSED] - All options with index in [12] are selected on object 'Object Repository/Schedule 12/Page_KDMC - CMS/select_--Select--Schedule 1Inj'

2018-05-04 18:13:56 - [TEST_STEP][PASSED] - selectOptionByIndex: All options with index in [6] are selected on object 'Object Repository/Schedule 12/Page_KDMC - CMS/select_--Select--Baby sheet (R'

2018-05-04 18:13:57 - [MESSAGE][PASSED] - All options with index in [6] are selected on object 'Object Repository/Schedule 12/Page_KDMC - CMS/select_--Select--Baby sheet (R'

2018-05-04 18:13:57 - [TEST_STEP][PASSED] - setText: Text '50000' is set on object 'Object Repository/Schedule 12/Page_KDMC - CMS/input_txttreat'

2018-05-04 18:13:57 - [MESSAGE][PASSED] - Text '50000' is set on object 'Object Repository/Schedule 12/Page_KDMC - CMS/input_txttreat'

2018-05-04 18:13:57 - [TEST_STEP][PASSED] - click: Object: 'Object Repository/Schedule 12/Page_KDMC - CMS/button_Add' is clicked on

2018-05-04 18:13:57 - [MESSAGE][PASSED] - Object: 'Object Repository/Schedule 12/Page_KDMC - CMS/button_Add' is clicked on

2018-05-04 18:13:57 - [TEST_STEP][PASSED] - selectOptionByIndex: All options with index in [12] are selected on object 'Object Repository/Schedule 12/Page_KDMC - CMS/select_--Select--Schedule 1Inj'

2018-05-04 18:13:57 - [MESSAGE][PASSED] - All options with index in [12] are selected on object 'Object Repository/Schedule 12/Page_KDMC - CMS/select_--Select--Schedule 1Inj'

2018-05-04 18:13:57 - [TEST_STEP][PASSED] - selectOptionByIndex: All options with index in [7] are selected on object 'Object Repository/Schedule 12/Page_KDMC - CMS/select_--Select--Baby sheet (R'

2018-05-04 18:13:57 - [MESSAGE][PASSED] - All options with index in [7] are selected on object 'Object Repository/Schedule 12/Page_KDMC - CMS/select_--Select--Baby sheet (R'

2018-05-04 18:13:57 - [TEST_STEP][PASSED] - setText: Text '50000' is set on object 'Object Repository/Schedule 12/Page_KDMC - CMS/input_txttreat'

2018-05-04 18:13:57 - [MESSAGE][PASSED] - Text '50000' is set on object 'Object Repository/Schedule 12/Page_KDMC - CMS/input_txttreat'

2018-05-04 18:13:57 - [TEST_STEP][PASSED] - click: Object: 'Object Repository/Schedule 12/Page_KDMC - CMS/button_Add' is clicked on

2018-05-04 18:13:57 - [MESSAGE][PASSED] - Object: 'Object Repository/Schedule 12/Page_KDMC - CMS/button_Add' is clicked on

2018-05-04 18:13:57 - [TEST_STEP][PASSED] - selectOptionByIndex: All options with index in [12] are selected on object 'Object Repository/Schedule 12/Page_KDMC - CMS/select_--Select--Schedule 1Inj'

2018-05-04 18:13:57 - [MESSAGE][PASSED] - All options with index in [12] are selected on object 'Object Repository/Schedule 12/Page_KDMC - CMS/select_--Select--Schedule 1Inj'

2018-05-04 18:13:57 - [TEST_STEP][PASSED] - selectOptionByIndex: All options with index in [8] are selected on object 'Object Repository/Schedule 12/Page_KDMC - CMS/select_--Select--Baby sheet (R'

2018-05-04 18:13:58 - [MESSAGE][PASSED] - All options with index in [8] are selected on object 'Object Repository/Schedule 12/Page_KDMC - CMS/select_--Select--Baby sheet (R'

2018-05-04 18:13:58 - [TEST_STEP][PASSED] - setText: Text '50000' is set on object 'Object Repository/Schedule 12/Page_KDMC - CMS/input_txttreat'

2018-05-04 18:13:58 - [MESSAGE][PASSED] - Text '50000' is set on object 'Object Repository/Schedule 12/Page_KDMC - CMS/input_txttreat'

2018-05-04 18:13:58 - [TEST_STEP][PASSED] - click: Object: 'Object Repository/Schedule 12/Page_KDMC - CMS/button_Add' is clicked on

2018-05-04 18:13:58 - [MESSAGE][PASSED] - Object: 'Object Repository/Schedule 12/Page_KDMC - CMS/button_Add' is clicked on

2018-05-04 18:13:58 - [TEST_STEP][PASSED] - selectOptionByIndex: All options with index in [12] are selected on object 'Object Repository/Schedule 12/Page_KDMC - CMS/select_--Select--Schedule 1Inj'

2018-05-04 18:13:58 - [MESSAGE][PASSED] - All options with index in [12] are selected on object 'Object Repository/Schedule 12/Page_KDMC - CMS/select_--Select--Schedule 1Inj'

2018-05-04 18:13:58 - [TEST_STEP][PASSED] - selectOptionByIndex: All options with index in [9] are selected on object 'Object Repository/Schedule 12/Page_KDMC - CMS/select_--Select--Baby sheet (R'

2018-05-04 18:13:59 - [MESSAGE][PASSED] - All options with index in [9] are selected on object 'Object Repository/Schedule 12/Page_KDMC - CMS/select_--Select--Baby sheet (R'

2018-05-04 18:13:59 - [TEST_STEP][PASSED] - setText: Text '50000' is set on object 'Object Repository/Schedule 12/Page_KDMC - CMS/input_txttreat'

2018-05-04 18:13:59 - [MESSAGE][PASSED] - Text '50000' is set on object 'Object Repository/Schedule 12/Page_KDMC - CMS/input_txttreat'

2018-05-04 18:13:59 - [TEST_STEP][PASSED] - click: Object: 'Object Repository/Schedule 12/Page_KDMC - CMS/button_Add' is clicked on

2018-05-04 18:13:59 - [MESSAGE][PASSED] - Object: 'Object Repository/Schedule 12/Page_KDMC - CMS/button_Add' is clicked on

2018-05-04 18:13:59 - [TEST_STEP][PASSED] - selectOptionByIndex: All options with index in [12] are selected on object 'Object Repository/Schedule 12/Page_KDMC - CMS/select_--Select--Schedule 1Inj'

2018-05-04 18:13:59 - [MESSAGE][PASSED] - All options with index in [12] are selected on object 'Object Repository/Schedule 12/Page_KDMC - CMS/select_--Select--Schedule 1Inj'

2018-05-04 18:13:59 - [TEST_STEP][PASSED] - selectOptionByIndex: All options with index in [10] are selected on object 'Object Repository/Schedule 12/Page_KDMC - CMS/select_--Select--Baby sheet (R'

2018-05-04 18:14:00 - [MESSAGE][PASSED] - All options with index in [10] are selected on object 'Object Repository/Schedule 12/Page_KDMC - CMS/select_--Select--Baby sheet (R'

2018-05-04 18:14:00 - [TEST_STEP][PASSED] - setText: Text '50000' is set on object 'Object Repository/Schedule 12/Page_KDMC - CMS/input_txttreat'

2018-05-04 18:14:00 - [MESSAGE][PASSED] - Text '50000' is set on object 'Object Repository/Schedule 12/Page_KDMC - CMS/input_txttreat'

2018-05-04 18:14:00 - [TEST_STEP][PASSED] - click: Object: 'Object Repository/Schedule 12/Page_KDMC - CMS/button_Add' is clicked on

2018-05-04 18:14:00 - [MESSAGE][PASSED] - Object: 'Object Repository/Schedule 12/Page_KDMC - CMS/button_Add' is clicked on

2018-05-04 18:14:00 - [TEST_STEP][PASSED] - selectOptionByIndex: All options with index in [12] are selected on object 'Object Repository/Schedule 12/Page_KDMC - CMS/select_--Select--Schedule 1Inj'

2018-05-04 18:14:00 - [MESSAGE][PASSED] - All options with index in [12] are selected on object 'Object Repository/Schedule 12/Page_KDMC - CMS/select_--Select--Schedule 1Inj'

2018-05-04 18:14:00 - [TEST_STEP][PASSED] - selectOptionByIndex: All options with index in [11] are selected on object 'Object Repository/Schedule 12/Page_KDMC - CMS/select_--Select--Baby sheet (R'

2018-05-04 18:14:01 - [MESSAGE][PASSED] - All options with index in [11] are selected on object 'Object Repository/Schedule 12/Page_KDMC - CMS/select_--Select--Baby sheet (R'

2018-05-04 18:14:01 - [TEST_STEP][PASSED] - setText: Text '50000' is set on object 'Object Repository/Schedule 12/Page_KDMC - CMS/input_txttreat'

2018-05-04 18:14:01 - [MESSAGE][PASSED] - Text '50000' is set on object 'Object Repository/Schedule 12/Page_KDMC - CMS/input_txttreat'

2018-05-04 18:14:01 - [TEST_STEP][PASSED] - click: Object: 'Object Repository/Schedule 12/Page_KDMC - CMS/button_Add' is clicked on

2018-05-04 18:14:01 - [MESSAGE][PASSED] - Object: 'Object Repository/Schedule 12/Page_KDMC - CMS/button_Add' is clicked on

2018-05-04 18:14:01 - [TEST_STEP][PASSED] - selectOptionByIndex: All options with index in [12] are selected on object 'Object Repository/Schedule 12/Page_KDMC - CMS/select_--Select--Schedule 1Inj'

2018-05-04 18:14:01 - [MESSAGE][PASSED] - All options with index in [12] are selected on object 'Object Repository/Schedule 12/Page_KDMC - CMS/select_--Select--Schedule 1Inj'

2018-05-04 18:14:01 - [TEST_STEP][PASSED] - selectOptionByIndex: All options with index in [12] are selected on object 'Object Repository/Schedule 12/Page_KDMC - CMS/select_--Select--Baby sheet (R'

2018-05-04 18:14:01 - [MESSAGE][PASSED] - All options with index in [12] are selected on object 'Object Repository/Schedule 12/Page_KDMC - CMS/select_--Select--Baby sheet (R'

2018-05-04 18:14:01 - [TEST_STEP][PASSED] - setText: Text '50000' is set on object 'Object Repository/Schedule 12/Page_KDMC - CMS/input_txttreat'

2018-05-04 18:14:01 - [MESSAGE][PASSED] - Text '50000' is set on object 'Object Repository/Schedule 12/Page_KDMC - CMS/input_txttreat'

2018-05-04 18:14:01 - [TEST_STEP][PASSED] - click: Object: 'Object Repository/Schedule 12/Page_KDMC - CMS/button_Add' is clicked on

2018-05-04 18:14:01 - [MESSAGE][PASSED] - Object: 'Object Repository/Schedule 12/Page_KDMC - CMS/button_Add' is clicked on

2018-05-04 18:14:01 - [TEST_STEP][PASSED] - selectOptionByIndex: All options with index in [12] are selected on object 'Object Repository/Schedule 12/Page_KDMC - CMS/select_--Select--Schedule 1Inj'

2018-05-04 18:14:02 - [MESSAGE][PASSED] - All options with index in [12] are selected on object 'Object Repository/Schedule 12/Page_KDMC - CMS/select_--Select--Schedule 1Inj'

2018-05-04 18:14:02 - [TEST_STEP][PASSED] - selectOptionByIndex: All options with index in [13] are selected on object 'Object Repository/Schedule 12/Page_KDMC - CMS/select_--Select--Baby sheet (R'

2018-05-04 18:14:02 - [MESSAGE][PASSED] - All options with index in [13] are selected on object 'Object Repository/Schedule 12/Page_KDMC - CMS/select_--Select--Baby sheet (R'

2018-05-04 18:14:02 - [TEST_STEP][PASSED] - setText: Text '50000' is set on object 'Object Repository/Schedule 12/Page_KDMC - CMS/input_txttreat'

2018-05-04 18:14:02 - [MESSAGE][PASSED] - Text '50000' is set on object 'Object Repository/Schedule 12/Page_KDMC - CMS/input_txttreat'

2018-05-04 18:14:02 - [TEST_STEP][PASSED] - click: Object: 'Object Repository/Schedule 12/Page_KDMC - CMS/button_Add' is clicked on

2018-05-04 18:14:02 - [MESSAGE][PASSED] - Object: 'Object Repository/Schedule 12/Page_KDMC - CMS/button_Add' is clicked on

2018-05-04 18:14:02 - [TEST_STEP][PASSED] - selectOptionByIndex: All options with index in [12] are selected on object 'Object Repository/Schedule 12/Page_KDMC - CMS/select_--Select--Schedule 1Inj'

2018-05-04 18:14:03 - [MESSAGE][PASSED] - All options with index in [12] are selected on object 'Object Repository/Schedule 12/Page_KDMC - CMS/select_--Select--Schedule 1Inj'

2018-05-04 18:14:03 - [TEST_STEP][PASSED] - selectOptionByIndex: All options with index in [14] are selected on object 'Object Repository/Schedule 12/Page_KDMC - CMS/select_--Select--Baby sheet (R'

2018-05-04 18:14:03 - [MESSAGE][PASSED] - All options with index in [14] are selected on object 'Object Repository/Schedule 12/Page_KDMC - CMS/select_--Select--Baby sheet (R'

2018-05-04 18:14:03 - [TEST_STEP][PASSED] - setText: Text '50000' is set on object 'Object Repository/Schedule 12/Page_KDMC - CMS/input_txttreat'

2018-05-04 18:14:03 - [MESSAGE][PASSED] - Text '50000' is set on object 'Object Repository/Schedule 12/Page_KDMC - CMS/input_txttreat'

2018-05-04 18:14:03 - [TEST_STEP][PASSED] - click: Object: 'Object Repository/Schedule 12/Page_KDMC - CMS/button_Add' is clicked on

2018-05-04 18:14:04 - [MESSAGE][PASSED] - Object: 'Object Repository/Schedule 12/Page_KDMC - CMS/button_Add' is clicked on

2018-05-04 18:14:04 - [TEST_STEP][PASSED] - selectOptionByIndex: All options with index in [12] are selected on object 'Object Repository/Schedule 12/Page_KDMC - CMS/select_--Select--Schedule 1Inj'

2018-05-04 18:14:04 - [MESSAGE][PASSED] - All options with index in [12] are selected on object 'Object Repository/Schedule 12/Page_KDMC - CMS/select_--Select--Schedule 1Inj'

2018-05-04 18:14:04 - [TEST_STEP][PASSED] - selectOptionByIndex: All options with index in [15] are selected on object 'Object Repository/Schedule 12/Page_KDMC - CMS/select_--Select--Baby sheet (R'

2018-05-04 18:14:04 - [MESSAGE][PASSED] - All options with index in [15] are selected on object 'Object Repository/Schedule 12/Page_KDMC - CMS/select_--Select--Baby sheet (R'

2018-05-04 18:14:04 - [TEST_STEP][PASSED] - setText: Text '50000' is set on object 'Object Repository/Schedule 12/Page_KDMC - CMS/input_txttreat'

2018-05-04 18:14:05 - [MESSAGE][PASSED] - Text '50000' is set on object 'Object Repository/Schedule 12/Page_KDMC - CMS/input_txttreat'

2018-05-04 18:14:05 - [TEST_STEP][PASSED] - click: Object: 'Object Repository/Schedule 12/Page_KDMC - CMS/button_Add' is clicked on

2018-05-04 18:14:05 - [MESSAGE][PASSED] - Object: 'Object Repository/Schedule 12/Page_KDMC - CMS/button_Add' is clicked on

2018-05-04 18:14:05 - [TEST_STEP][PASSED] - selectOptionByIndex: All options with index in [12] are selected on object 'Object Repository/Schedule 12/Page_KDMC - CMS/select_--Select--Schedule 1Inj'

2018-05-04 18:14:05 - [MESSAGE][PASSED] - All options with index in [12] are selected on object 'Object Repository/Schedule 12/Page_KDMC - CMS/select_--Select--Schedule 1Inj'

2018-05-04 18:14:05 - [TEST_STEP][PASSED] - selectOptionByIndex: All options with index in [16] are selected on object 'Object Repository/Schedule 12/Page_KDMC - CMS/select_--Select--Baby sheet (R'

2018-05-04 18:14:06 - [MESSAGE][PASSED] - All options with index in [16] are selected on object 'Object Repository/Schedule 12/Page_KDMC - CMS/select_--Select--Baby sheet (R'

2018-05-04 18:14:06 - [TEST_STEP][PASSED] - setText: Text '50000' is set on object 'Object Repository/Schedule 12/Page_KDMC - CMS/input_txttreat'

2018-05-04 18:14:06 - [MESSAGE][PASSED] - Text '50000' is set on object 'Object Repository/Schedule 12/Page_KDMC - CMS/input_txttreat'

2018-05-04 18:14:06 - [TEST_STEP][PASSED] - click: Object: 'Object Repository/Schedule 12/Page_KDMC - CMS/button_Add' is clicked on

2018-05-04 18:14:06 - [MESSAGE][PASSED] - Object: 'Object Repository/Schedule 12/Page_KDMC - CMS/button_Add' is clicked on

2018-05-04 18:14:06 - [TEST_STEP][PASSED] - selectOptionByIndex: All options with index in [12] are selected on object 'Object Repository/Schedule 12/Page_KDMC - CMS/select_--Select--Schedule 1Inj'

2018-05-04 18:14:06 - [MESSAGE][PASSED] - All options with index in [12] are selected on object 'Object Repository/Schedule 12/Page_KDMC - CMS/select_--Select--Schedule 1Inj'

2018-05-04 18:14:06 - [TEST_STEP][PASSED] - selectOptionByIndex: All options with index in [17] are selected on object 'Object Repository/Schedule 12/Page_KDMC - CMS/select_--Select--Baby sheet (R'

2018-05-04 18:14:06 - [MESSAGE][PASSED] - All options with index in [17] are selected on object 'Object Repository/Schedule 12/Page_KDMC - CMS/select_--Select--Baby sheet (R'

2018-05-04 18:14:06 - [TEST_STEP][PASSED] - setText: Text '50000' is set on object 'Object Repository/Schedule 12/Page_KDMC - CMS/input_txttreat'

2018-05-04 18:14:06 - [MESSAGE][PASSED] - Text '50000' is set on object 'Object Repository/Schedule 12/Page_KDMC - CMS/input_txttreat'

2018-05-04 18:14:06 - [TEST_STEP][PASSED] - click: Object: 'Object Repository/Schedule 12/Page_KDMC - CMS/button_Add' is clicked on

2018-05-04 18:14:06 - [MESSAGE][PASSED] - Object: 'Object Repository/Schedule 12/Page_KDMC - CMS/button_Add' is clicked on

2018-05-04 18:14:06 - [TEST_STEP][PASSED] - selectOptionByIndex: All options with index in [12] are selected on object 'Object Repository/Schedule 12/Page_KDMC - CMS/select_--Select--Schedule 1Inj'

2018-05-04 18:14:06 - [MESSAGE][PASSED] - All options with index in [12] are selected on object 'Object Repository/Schedule 12/Page_KDMC - CMS/select_--Select--Schedule 1Inj'

2018-05-04 18:14:06 - [TEST_STEP][PASSED] - selectOptionByIndex: All options with index in [18] are selected on object 'Object Repository/Schedule 12/Page_KDMC - CMS/select_--Select--Baby sheet (R'

2018-05-04 18:14:07 - [MESSAGE][PASSED] - All options with index in [18] are selected on object 'Object Repository/Schedule 12/Page_KDMC - CMS/select_--Select--Baby sheet (R'

2018-05-04 18:14:07 - [TEST_STEP][PASSED] - setText: Text '50000' is set on object 'Object Repository/Schedule 12/Page_KDMC - CMS/input_txttreat'

2018-05-04 18:14:07 - [MESSAGE][PASSED] - Text '50000' is set on object 'Object Repository/Schedule 12/Page_KDMC - CMS/input_txttreat'

2018-05-04 18:14:07 - [TEST_STEP][PASSED] - click: Object: 'Object Repository/Schedule 12/Page_KDMC - CMS/button_Add' is clicked on

2018-05-04 18:14:07 - [MESSAGE][PASSED] - Object: 'Object Repository/Schedule 12/Page_KDMC - CMS/button_Add' is clicked on

2018-05-04 18:14:07 - [TEST_STEP][PASSED] - selectOptionByIndex: All options with index in [12] are selected on object 'Object Repository/Schedule 12/Page_KDMC - CMS/select_--Select--Schedule 1Inj'

2018-05-04 18:14:07 - [MESSAGE][PASSED] - All options with index in [12] are selected on object 'Object Repository/Schedule 12/Page_KDMC - CMS/select_--Select--Schedule 1Inj'

2018-05-04 18:14:07 - [TEST_STEP][PASSED] - selectOptionByIndex: All options with index in [19] are selected on object 'Object Repository/Schedule 12/Page_KDMC - CMS/select_--Select--Baby sheet (R'

2018-05-04 18:14:08 - [MESSAGE][PASSED] - All options with index in [19] are selected on object 'Object Repository/Schedule 12/Page_KDMC - CMS/select_--Select--Baby sheet (R'

2018-05-04 18:14:08 - [TEST_STEP][PASSED] - setText: Text '50000' is set on object 'Object Repository/Schedule 12/Page_KDMC - CMS/input_txttreat'

2018-05-04 18:14:08 - [MESSAGE][PASSED] - Text '50000' is set on object 'Object Repository/Schedule 12/Page_KDMC - CMS/input_txttreat'

2018-05-04 18:14:08 - [TEST_STEP][PASSED] - click: Object: 'Object Repository/Schedule 12/Page_KDMC - CMS/button_Add' is clicked on

2018-05-04 18:14:08 - [MESSAGE][PASSED] - Object: 'Object Repository/Schedule 12/Page_KDMC - CMS/button_Add' is clicked on

2018-05-04 18:14:08 - [TEST_STEP][PASSED] - scrollToElement: Scroll to object 'Object Repository/Schedule 12/Page_KDMC - CMS/input_btnsave' successfully

2018-05-04 18:14:08 - [MESSAGE][PASSED] - Scroll to object 'Object Repository/Schedule 12/Page_KDMC - CMS/input_btnsave' successfully

2018-05-04 18:14:08 - [TEST_STEP][PASSED] - click: Object: 'Object Repository/Schedule 12/Page_KDMC - CMS/input_btnsave' is clicked on

2018-05-04 18:14:08 - [MESSAGE][PASSED] - Object: 'Object Repository/Schedule 12/Page_KDMC - CMS/input_btnsave' is clicked on

2018-05-04 18:14:08 - [TEST_STEP][PASSED] - delay: Delayed 3 second(s)

2018-05-04 18:14:11 - [MESSAGE][PASSED] - Delayed 3 second(s)

2018-05-04 18:14:11 - [TEST_STEP][PASSED] - click: Object: 'Object Repository/Schedule 12/Page_KDMC - CMS/button_OK' is clicked on

2018-05-04 18:14:12 - [MESSAGE][PASSED] - Object: 'Object Repository/Schedule 12/Page_KDMC - CMS/button_OK' is clicked on

2018-05-04 18:14:12 - [TEST_STEP][PASSED] - click: Object: 'Object Repository/Schedule 12/Page_KDMC - CMS/a_dropdown-toggle' is clicked on

2018-05-04 18:14:12 - [MESSAGE][PASSED] - Object: 'Object Repository/Schedule 12/Page_KDMC - CMS/a_dropdown-toggle' is clicked on

2018-05-04 18:14:12 - [TEST_STEP][PASSED] - click: Object: 'Object Repository/Schedule 12/Page_KDMC - CMS/a_Sign out' is clicked on

2018-05-04 18:14:12 - [MESSAGE][PASSED] - Object: 'Object Repository/Schedule 12/Page_KDMC - CMS/a_Sign out' is clicked on

2018-05-04 18:14:12 - [TEST_STEP][PASSED] - closeBrowser: Browser is closed

2018-05-04 18:14:13 - [MESSAGE][PASSED] - Browser is closed]]></system-out>
         <system-err><![CDATA[]]></system-err>
      </testcase>
      <system-out><![CDATA[2018-05-04 18:05:21 - [TEST_SUITE][FAILED] - Moh_Request: Test Cases/MOHTOCMSREQUEST/MohRequestSchedule2 FAILED because (of) Unable to click on object 'Object Repository/Schedule2/Page_KDMC - CMS/a_Sign out' (Root cause: org.openqa.selenium.ElementNotVisibleException: element not visible
  (Session info: chrome=66.0.3359.139)
  (Driver info: chromedriver=2.35.528161 (5b82f2d2aae0ca24b877009200ced9065a772e73),platform=Windows NT 10.0.16299 x86_64) (WARNING: The server did not provide any stacktrace information)
Command duration or timeout: 0 milliseconds
Build info: version: '3.7.1', revision: '8a0099a', time: '2017-11-06T21:07:36.161Z'
System info: host: 'DESKTOP-BLFTK83', ip: '192.168.71.2', os.name: 'Windows 10', os.arch: 'amd64', os.version: '10.0', java.version: '1.8.0_102'
Driver info: com.kms.katalon.selenium.driver.CChromeDriver
Capabilities {acceptInsecureCerts: false, acceptSslCerts: false, applicationCacheEnabled: false, browserConnectionEnabled: false, browserName: chrome, chrome: {chromedriverVersion: 2.35.528161 (5b82f2d2aae0ca..., userDataDir: C:\Users\QUALIT~1\AppData\L...}, cssSelectorsEnabled: true, databaseEnabled: false, handlesAlerts: true, hasTouchScreen: false, javascriptEnabled: true, locationContextEnabled: true, mobileEmulationEnabled: false, nativeEvents: true, networkConnectionEnabled: false, pageLoadStrategy: normal, platform: XP, platformName: XP, rotatable: false, setWindowRect: true, takesHeapSnapshot: true, takesScreenshot: true, unexpectedAlertBehaviour: , unhandledPromptBehavior: , version: 66.0.3359.139, webStorageEnabled: true}
Session ID: 46647c8a81aa12f1269d640defbee805)]]></system-out>
      <system-err><![CDATA[2018-05-04 18:05:21 - [TEST_SUITE][FAILED] - Moh_Request: Test Cases/MOHTOCMSREQUEST/MohRequestSchedule2 FAILED because (of) Unable to click on object 'Object Repository/Schedule2/Page_KDMC - CMS/a_Sign out' (Root cause: org.openqa.selenium.ElementNotVisibleException: element not visible
  (Session info: chrome=66.0.3359.139)
  (Driver info: chromedriver=2.35.528161 (5b82f2d2aae0ca24b877009200ced9065a772e73),platform=Windows NT 10.0.16299 x86_64) (WARNING: The server did not provide any stacktrace information)
Command duration or timeout: 0 milliseconds
Build info: version: '3.7.1', revision: '8a0099a', time: '2017-11-06T21:07:36.161Z'
System info: host: 'DESKTOP-BLFTK83', ip: '192.168.71.2', os.name: 'Windows 10', os.arch: 'amd64', os.version: '10.0', java.version: '1.8.0_102'
Driver info: com.kms.katalon.selenium.driver.CChromeDriver
Capabilities {acceptInsecureCerts: false, acceptSslCerts: false, applicationCacheEnabled: false, browserConnectionEnabled: false, browserName: chrome, chrome: {chromedriverVersion: 2.35.528161 (5b82f2d2aae0ca..., userDataDir: C:\Users\QUALIT~1\AppData\L...}, cssSelectorsEnabled: true, databaseEnabled: false, handlesAlerts: true, hasTouchScreen: false, javascriptEnabled: true, locationContextEnabled: true, mobileEmulationEnabled: false, nativeEvents: true, networkConnectionEnabled: false, pageLoadStrategy: normal, platform: XP, platformName: XP, rotatable: false, setWindowRect: true, takesHeapSnapshot: true, takesScreenshot: true, unexpectedAlertBehaviour: , unhandledPromptBehavior: , version: 66.0.3359.139, webStorageEnabled: true}
Session ID: 46647c8a81aa12f1269d640defbee805)]]></system-err>
   </testsuite>
</testsuites>
