<?xml version="1.0" encoding="UTF-8"?>
<testsuites name="Inpatient_Suite" time="552" tests="3" failures="0" errors="0">
   <testsuite name="Inpatient_Suite" tests="3" failures="0" errors="0" time="552" timestamp="2018-06-09 21:18:28" hostname="Quality Analyst - DESKTOP-BLFTK83" id="Test Suites/Inpatient_Suite">
      <properties>
         <property name="deviceName" value=""/>
         <property name="devicePlatform" value=""/>
         <property name="logFolder" value="C:\\Users\\Quality Analyst\\Katalon Studio\\ds\\Reports\\Inpatient_Suite\\20180609_181624"/>
         <property name="logFiles" value="C:\\Users\\Quality Analyst\\Katalon Studio\\ds\\Reports\\Inpatient_Suite\\20180609_181624\\execution0.log"/>
         <property name="attachments" value=""/>
         <property name="hostName" value="Quality Analyst - DESKTOP-BLFTK83"/>
         <property name="os" value="Windows 10 64bit"/>
         <property name="katalonVersion" value="5.4.2.1"/>
         <property name="browser" value="Chrome 66.0.3359.181"/>
         <property name="hostAddress" value="169.254.189.85"/>
         <property name="sessionId" value="84eeb53073b3b15ba418f3be67c12a97"/>
         <property name="seleniumVersion" value="3.7.1"/>
         <property name="proxyInformation" value="ProxyInformation{proxyOption=NO_PROXY, proxyServerType=HTTP, password=, proxyServerAddress=, proxyServerPort=0}"/>
         <property name="platform" value="Windows 10"/>
      </properties>
      <testcase name="Test Cases/INPATIENT TEST CASES/TC_INR_001 Verify Schedule 5 Inpatient Request Are Working Successfully Or Not" classname="Test Cases/INPATIENT TEST CASES/TC_INR_001 Verify Schedule 5 Inpatient Request Are Working Successfully Or Not" status="PASSED">
         <system-out><![CDATA[2018-06-09 21:18:28 - [TEST_CASE][PASSED] - Test Cases/INPATIENT TEST CASES/TC_INR_001 Verify Schedule 5 Inpatient Request Are Working Successfully Or Not: Test Cases/INPATIENT TEST CASES/TC_INR_001 Verify Schedule 5 Inpatient Request Are Working Successfully Or Not

2018-06-09 21:18:29 - [TEST_STEP][PASSED] - openBrowser: Browser is opened with url: ''

2018-06-09 21:18:32 - [MESSAGE][PASSED] - Browser is opened with url: ''

2018-06-09 21:18:32 - [TEST_STEP][PASSED] - Statement - out.println("Verify Schedule 5 Inpatient Request Are Working Successfully Or Not"): null

2018-06-09 21:18:32 - [TEST_STEP][PASSED] - navigateToUrl: Navigate to 'http://192.168.137.1/multihospital_new/' successfully

2018-06-09 21:18:34 - [MESSAGE][PASSED] - Navigate to 'http://192.168.137.1/multihospital_new/' successfully

2018-06-09 21:18:34 - [TEST_STEP][PASSED] - maximizeWindow: Current window maximized

2018-06-09 21:18:35 - [MESSAGE][PASSED] - Current window maximized

2018-06-09 21:18:35 - [TEST_STEP][PASSED] - delay: Delayed 2 second(s)

2018-06-09 21:18:37 - [MESSAGE][PASSED] - Delayed 2 second(s)

2018-06-09 21:18:37 - [TEST_STEP][PASSED] - click: Object: 'Object Repository/Inpatient Request/Page_KDMC/a_In Patient' is clicked on

2018-06-09 21:18:38 - [MESSAGE][PASSED] - Object: 'Object Repository/Inpatient Request/Page_KDMC/a_In Patient' is clicked on

2018-06-09 21:18:38 - [TEST_STEP][PASSED] - setText: Text 'brintha' is set on object 'Object Repository/Inpatient Request/Page_INPATIENT LOGIN/input_txtusername'

2018-06-09 21:18:38 - [MESSAGE][PASSED] - Text 'brintha' is set on object 'Object Repository/Inpatient Request/Page_INPATIENT LOGIN/input_txtusername'

2018-06-09 21:18:38 - [TEST_STEP][PASSED] - setText: Text '123' is set on object 'Object Repository/Inpatient Request/Page_INPATIENT LOGIN/input_txtpassword'

2018-06-09 21:18:38 - [MESSAGE][PASSED] - Text '123' is set on object 'Object Repository/Inpatient Request/Page_INPATIENT LOGIN/input_txtpassword'

2018-06-09 21:18:38 - [TEST_STEP][PASSED] - delay: Delayed 3 second(s)

2018-06-09 21:18:41 - [MESSAGE][PASSED] - Delayed 3 second(s)

2018-06-09 21:18:41 - [TEST_STEP][PASSED] - click: Object: 'Object Repository/Inpatient Request/Page_INPATIENT LOGIN/button_Sign in' is clicked on

2018-06-09 21:18:42 - [MESSAGE][PASSED] - Object: 'Object Repository/Inpatient Request/Page_INPATIENT LOGIN/button_Sign in' is clicked on

2018-06-09 21:18:42 - [TEST_STEP][PASSED] - delay: Delayed 3 second(s)

2018-06-09 21:18:45 - [MESSAGE][PASSED] - Delayed 3 second(s)

2018-06-09 21:18:45 - [TEST_STEP][PASSED] - scrollToPosition: Browser is scrolled to position x = 300, y = 300

2018-06-09 21:18:45 - [MESSAGE][PASSED] - Browser is scrolled to position x = 300, y = 300

2018-06-09 21:18:45 - [TEST_STEP][PASSED] - delay: Delayed 2 second(s)

2018-06-09 21:18:47 - [MESSAGE][PASSED] - Delayed 2 second(s)

2018-06-09 21:18:47 - [TEST_STEP][PASSED] - navigateToUrl: Navigate to 'http://192.168.137.1/Multihospital_New/StoresRequest.aspx' successfully

2018-06-09 21:18:48 - [MESSAGE][PASSED] - Navigate to 'http://192.168.137.1/Multihospital_New/StoresRequest.aspx' successfully

2018-06-09 21:18:48 - [TEST_STEP][PASSED] - delay: Delayed 3 second(s)

2018-06-09 21:18:51 - [MESSAGE][PASSED] - Delayed 3 second(s)

2018-06-09 21:18:51 - [TEST_STEP][PASSED] - refresh: Refresh successfully

2018-06-09 21:18:52 - [MESSAGE][PASSED] - Refresh successfully

2018-06-09 21:18:52 - [TEST_STEP][PASSED] - delay: Delayed 3 second(s)

2018-06-09 21:18:55 - [MESSAGE][PASSED] - Delayed 3 second(s)

2018-06-09 21:18:55 - [TEST_STEP][PASSED] - selectOptionByIndex: All options with index in [1] are selected on object 'Object Repository/Inpatient Request/Page_KDMC/select_--Select--ChildrensGene'

2018-06-09 21:18:55 - [MESSAGE][PASSED] - All options with index in [1] are selected on object 'Object Repository/Inpatient Request/Page_KDMC/select_--Select--ChildrensGene'

2018-06-09 21:18:55 - [TEST_STEP][PASSED] - Statement - Inpatient_RequestNumber = com.kms.katalon.core.webui.keyword.WebUiBuiltInKeywords.getAttribute(com.kms.katalon.core.testobject.ObjectRepository.findTestObject(Inpatient Request/Page_KDMC/input_txtno), "value"): Attribute 'value' of object 'Object Repository/Inpatient Request/Page_KDMC/input_txtno' is: 'RNO/09062018/546'

2018-06-09 21:18:55 - [MESSAGE][PASSED] - Attribute 'value' of object 'Object Repository/Inpatient Request/Page_KDMC/input_txtno' is: 'RNO/09062018/546'

2018-06-09 21:18:55 - [TEST_STEP][PASSED] - Statement - RequestNo = Inpatient_RequestNumber.split("/")[2]: null

2018-06-09 21:18:55 - [TEST_STEP][PASSED] - Statement - out.println("RqID : " + RequestNo): null

2018-06-09 21:18:55 - [TEST_STEP][PASSED] - selectOptionByIndex: All options with index in [1] are selected on object 'Object Repository/Inpatient Request/Page_KDMC/select_--Select--Schedule 5Dru'

2018-06-09 21:18:55 - [MESSAGE][PASSED] - All options with index in [1] are selected on object 'Object Repository/Inpatient Request/Page_KDMC/select_--Select--Schedule 5Dru'

2018-06-09 21:18:55 - [TEST_STEP][PASSED] - Statement - selectedoptions = com.kms.katalon.core.webui.keyword.WebUiBuiltInKeywords.getNumberOfTotalOption(com.kms.katalon.core.testobject.ObjectRepository.findTestObject(Inpatient Request/Page_KDMC/select_--Select--Alcohol Rub i)): 17 options of object 'Object Repository/Inpatient Request/Page_KDMC/select_--Select--Alcohol Rub i' counted

2018-06-09 21:18:56 - [MESSAGE][PASSED] - 17 options of object 'Object Repository/Inpatient Request/Page_KDMC/select_--Select--Alcohol Rub i' counted

2018-06-09 21:18:56 - [TEST_STEP][PASSED] - Statement - For ([i = 1, i < selectedoptions, (i++)]): Object: 'Object Repository/Inpatient Request/Page_KDMC/button_Add' is clicked on

2018-06-09 21:18:56 - [TEST_STEP][PASSED] - selectOptionByIndex: All options with index in [1] are selected on object 'Object Repository/Inpatient Request/Page_KDMC/select_--Select--Schedule 5Dru'

2018-06-09 21:18:56 - [MESSAGE][PASSED] - All options with index in [1] are selected on object 'Object Repository/Inpatient Request/Page_KDMC/select_--Select--Schedule 5Dru'

2018-06-09 21:18:56 - [TEST_STEP][PASSED] - selectOptionByIndex: All options with index in [1] are selected on object 'Object Repository/Inpatient Request/Page_KDMC/select_--Select--Alcohol Rub i'

2018-06-09 21:18:56 - [MESSAGE][PASSED] - All options with index in [1] are selected on object 'Object Repository/Inpatient Request/Page_KDMC/select_--Select--Alcohol Rub i'

2018-06-09 21:18:56 - [TEST_STEP][PASSED] - setText: Text '5' is set on object 'Object Repository/Inpatient Request/Page_KDMC/input_txttreat'

2018-06-09 21:18:56 - [MESSAGE][PASSED] - Text '5' is set on object 'Object Repository/Inpatient Request/Page_KDMC/input_txttreat'

2018-06-09 21:18:56 - [TEST_STEP][PASSED] - click: Object: 'Object Repository/Inpatient Request/Page_KDMC/button_Add' is clicked on

2018-06-09 21:18:56 - [MESSAGE][PASSED] - Object: 'Object Repository/Inpatient Request/Page_KDMC/button_Add' is clicked on

2018-06-09 21:18:56 - [TEST_STEP][PASSED] - selectOptionByIndex: All options with index in [1] are selected on object 'Object Repository/Inpatient Request/Page_KDMC/select_--Select--Schedule 5Dru'

2018-06-09 21:18:56 - [MESSAGE][PASSED] - All options with index in [1] are selected on object 'Object Repository/Inpatient Request/Page_KDMC/select_--Select--Schedule 5Dru'

2018-06-09 21:18:56 - [TEST_STEP][PASSED] - selectOptionByIndex: All options with index in [2] are selected on object 'Object Repository/Inpatient Request/Page_KDMC/select_--Select--Alcohol Rub i'

2018-06-09 21:18:56 - [MESSAGE][PASSED] - All options with index in [2] are selected on object 'Object Repository/Inpatient Request/Page_KDMC/select_--Select--Alcohol Rub i'

2018-06-09 21:18:56 - [TEST_STEP][PASSED] - setText: Text '5' is set on object 'Object Repository/Inpatient Request/Page_KDMC/input_txttreat'

2018-06-09 21:18:56 - [MESSAGE][PASSED] - Text '5' is set on object 'Object Repository/Inpatient Request/Page_KDMC/input_txttreat'

2018-06-09 21:18:56 - [TEST_STEP][PASSED] - click: Object: 'Object Repository/Inpatient Request/Page_KDMC/button_Add' is clicked on

2018-06-09 21:18:57 - [MESSAGE][PASSED] - Object: 'Object Repository/Inpatient Request/Page_KDMC/button_Add' is clicked on

2018-06-09 21:18:57 - [TEST_STEP][PASSED] - selectOptionByIndex: All options with index in [1] are selected on object 'Object Repository/Inpatient Request/Page_KDMC/select_--Select--Schedule 5Dru'

2018-06-09 21:18:57 - [MESSAGE][PASSED] - All options with index in [1] are selected on object 'Object Repository/Inpatient Request/Page_KDMC/select_--Select--Schedule 5Dru'

2018-06-09 21:18:57 - [TEST_STEP][PASSED] - selectOptionByIndex: All options with index in [3] are selected on object 'Object Repository/Inpatient Request/Page_KDMC/select_--Select--Alcohol Rub i'

2018-06-09 21:18:57 - [MESSAGE][PASSED] - All options with index in [3] are selected on object 'Object Repository/Inpatient Request/Page_KDMC/select_--Select--Alcohol Rub i'

2018-06-09 21:18:57 - [TEST_STEP][PASSED] - setText: Text '5' is set on object 'Object Repository/Inpatient Request/Page_KDMC/input_txttreat'

2018-06-09 21:18:57 - [MESSAGE][PASSED] - Text '5' is set on object 'Object Repository/Inpatient Request/Page_KDMC/input_txttreat'

2018-06-09 21:18:57 - [TEST_STEP][PASSED] - click: Object: 'Object Repository/Inpatient Request/Page_KDMC/button_Add' is clicked on

2018-06-09 21:18:57 - [MESSAGE][PASSED] - Object: 'Object Repository/Inpatient Request/Page_KDMC/button_Add' is clicked on

2018-06-09 21:18:57 - [TEST_STEP][PASSED] - selectOptionByIndex: All options with index in [1] are selected on object 'Object Repository/Inpatient Request/Page_KDMC/select_--Select--Schedule 5Dru'

2018-06-09 21:18:57 - [MESSAGE][PASSED] - All options with index in [1] are selected on object 'Object Repository/Inpatient Request/Page_KDMC/select_--Select--Schedule 5Dru'

2018-06-09 21:18:57 - [TEST_STEP][PASSED] - selectOptionByIndex: All options with index in [4] are selected on object 'Object Repository/Inpatient Request/Page_KDMC/select_--Select--Alcohol Rub i'

2018-06-09 21:18:57 - [MESSAGE][PASSED] - All options with index in [4] are selected on object 'Object Repository/Inpatient Request/Page_KDMC/select_--Select--Alcohol Rub i'

2018-06-09 21:18:57 - [TEST_STEP][PASSED] - setText: Text '5' is set on object 'Object Repository/Inpatient Request/Page_KDMC/input_txttreat'

2018-06-09 21:18:57 - [MESSAGE][PASSED] - Text '5' is set on object 'Object Repository/Inpatient Request/Page_KDMC/input_txttreat'

2018-06-09 21:18:57 - [TEST_STEP][PASSED] - click: Object: 'Object Repository/Inpatient Request/Page_KDMC/button_Add' is clicked on

2018-06-09 21:18:57 - [MESSAGE][PASSED] - Object: 'Object Repository/Inpatient Request/Page_KDMC/button_Add' is clicked on

2018-06-09 21:18:57 - [TEST_STEP][PASSED] - selectOptionByIndex: All options with index in [1] are selected on object 'Object Repository/Inpatient Request/Page_KDMC/select_--Select--Schedule 5Dru'

2018-06-09 21:18:58 - [MESSAGE][PASSED] - All options with index in [1] are selected on object 'Object Repository/Inpatient Request/Page_KDMC/select_--Select--Schedule 5Dru'

2018-06-09 21:18:58 - [TEST_STEP][PASSED] - selectOptionByIndex: All options with index in [5] are selected on object 'Object Repository/Inpatient Request/Page_KDMC/select_--Select--Alcohol Rub i'

2018-06-09 21:18:58 - [MESSAGE][PASSED] - All options with index in [5] are selected on object 'Object Repository/Inpatient Request/Page_KDMC/select_--Select--Alcohol Rub i'

2018-06-09 21:18:58 - [TEST_STEP][PASSED] - setText: Text '5' is set on object 'Object Repository/Inpatient Request/Page_KDMC/input_txttreat'

2018-06-09 21:18:58 - [MESSAGE][PASSED] - Text '5' is set on object 'Object Repository/Inpatient Request/Page_KDMC/input_txttreat'

2018-06-09 21:18:58 - [TEST_STEP][PASSED] - click: Object: 'Object Repository/Inpatient Request/Page_KDMC/button_Add' is clicked on

2018-06-09 21:18:58 - [MESSAGE][PASSED] - Object: 'Object Repository/Inpatient Request/Page_KDMC/button_Add' is clicked on

2018-06-09 21:18:58 - [TEST_STEP][PASSED] - selectOptionByIndex: All options with index in [1] are selected on object 'Object Repository/Inpatient Request/Page_KDMC/select_--Select--Schedule 5Dru'

2018-06-09 21:18:58 - [MESSAGE][PASSED] - All options with index in [1] are selected on object 'Object Repository/Inpatient Request/Page_KDMC/select_--Select--Schedule 5Dru'

2018-06-09 21:18:58 - [TEST_STEP][PASSED] - selectOptionByIndex: All options with index in [6] are selected on object 'Object Repository/Inpatient Request/Page_KDMC/select_--Select--Alcohol Rub i'

2018-06-09 21:18:58 - [MESSAGE][PASSED] - All options with index in [6] are selected on object 'Object Repository/Inpatient Request/Page_KDMC/select_--Select--Alcohol Rub i'

2018-06-09 21:18:58 - [TEST_STEP][PASSED] - setText: Text '5' is set on object 'Object Repository/Inpatient Request/Page_KDMC/input_txttreat'

2018-06-09 21:18:58 - [MESSAGE][PASSED] - Text '5' is set on object 'Object Repository/Inpatient Request/Page_KDMC/input_txttreat'

2018-06-09 21:18:58 - [TEST_STEP][PASSED] - click: Object: 'Object Repository/Inpatient Request/Page_KDMC/button_Add' is clicked on

2018-06-09 21:18:58 - [MESSAGE][PASSED] - Object: 'Object Repository/Inpatient Request/Page_KDMC/button_Add' is clicked on

2018-06-09 21:18:58 - [TEST_STEP][PASSED] - selectOptionByIndex: All options with index in [1] are selected on object 'Object Repository/Inpatient Request/Page_KDMC/select_--Select--Schedule 5Dru'

2018-06-09 21:18:58 - [MESSAGE][PASSED] - All options with index in [1] are selected on object 'Object Repository/Inpatient Request/Page_KDMC/select_--Select--Schedule 5Dru'

2018-06-09 21:18:58 - [TEST_STEP][PASSED] - selectOptionByIndex: All options with index in [7] are selected on object 'Object Repository/Inpatient Request/Page_KDMC/select_--Select--Alcohol Rub i'

2018-06-09 21:18:59 - [MESSAGE][PASSED] - All options with index in [7] are selected on object 'Object Repository/Inpatient Request/Page_KDMC/select_--Select--Alcohol Rub i'

2018-06-09 21:18:59 - [TEST_STEP][PASSED] - setText: Text '5' is set on object 'Object Repository/Inpatient Request/Page_KDMC/input_txttreat'

2018-06-09 21:18:59 - [MESSAGE][PASSED] - Text '5' is set on object 'Object Repository/Inpatient Request/Page_KDMC/input_txttreat'

2018-06-09 21:18:59 - [TEST_STEP][PASSED] - click: Object: 'Object Repository/Inpatient Request/Page_KDMC/button_Add' is clicked on

2018-06-09 21:18:59 - [MESSAGE][PASSED] - Object: 'Object Repository/Inpatient Request/Page_KDMC/button_Add' is clicked on

2018-06-09 21:18:59 - [TEST_STEP][PASSED] - selectOptionByIndex: All options with index in [1] are selected on object 'Object Repository/Inpatient Request/Page_KDMC/select_--Select--Schedule 5Dru'

2018-06-09 21:18:59 - [MESSAGE][PASSED] - All options with index in [1] are selected on object 'Object Repository/Inpatient Request/Page_KDMC/select_--Select--Schedule 5Dru'

2018-06-09 21:18:59 - [TEST_STEP][PASSED] - selectOptionByIndex: All options with index in [8] are selected on object 'Object Repository/Inpatient Request/Page_KDMC/select_--Select--Alcohol Rub i'

2018-06-09 21:18:59 - [MESSAGE][PASSED] - All options with index in [8] are selected on object 'Object Repository/Inpatient Request/Page_KDMC/select_--Select--Alcohol Rub i'

2018-06-09 21:18:59 - [TEST_STEP][PASSED] - setText: Text '5' is set on object 'Object Repository/Inpatient Request/Page_KDMC/input_txttreat'

2018-06-09 21:18:59 - [MESSAGE][PASSED] - Text '5' is set on object 'Object Repository/Inpatient Request/Page_KDMC/input_txttreat'

2018-06-09 21:18:59 - [TEST_STEP][PASSED] - click: Object: 'Object Repository/Inpatient Request/Page_KDMC/button_Add' is clicked on

2018-06-09 21:18:59 - [MESSAGE][PASSED] - Object: 'Object Repository/Inpatient Request/Page_KDMC/button_Add' is clicked on

2018-06-09 21:18:59 - [TEST_STEP][PASSED] - selectOptionByIndex: All options with index in [1] are selected on object 'Object Repository/Inpatient Request/Page_KDMC/select_--Select--Schedule 5Dru'

2018-06-09 21:18:59 - [MESSAGE][PASSED] - All options with index in [1] are selected on object 'Object Repository/Inpatient Request/Page_KDMC/select_--Select--Schedule 5Dru'

2018-06-09 21:18:59 - [TEST_STEP][PASSED] - selectOptionByIndex: All options with index in [9] are selected on object 'Object Repository/Inpatient Request/Page_KDMC/select_--Select--Alcohol Rub i'

2018-06-09 21:19:00 - [MESSAGE][PASSED] - All options with index in [9] are selected on object 'Object Repository/Inpatient Request/Page_KDMC/select_--Select--Alcohol Rub i'

2018-06-09 21:19:00 - [TEST_STEP][PASSED] - setText: Text '5' is set on object 'Object Repository/Inpatient Request/Page_KDMC/input_txttreat'

2018-06-09 21:19:00 - [MESSAGE][PASSED] - Text '5' is set on object 'Object Repository/Inpatient Request/Page_KDMC/input_txttreat'

2018-06-09 21:19:00 - [TEST_STEP][PASSED] - click: Object: 'Object Repository/Inpatient Request/Page_KDMC/button_Add' is clicked on

2018-06-09 21:19:00 - [MESSAGE][PASSED] - Object: 'Object Repository/Inpatient Request/Page_KDMC/button_Add' is clicked on

2018-06-09 21:19:00 - [TEST_STEP][PASSED] - selectOptionByIndex: All options with index in [1] are selected on object 'Object Repository/Inpatient Request/Page_KDMC/select_--Select--Schedule 5Dru'

2018-06-09 21:19:00 - [MESSAGE][PASSED] - All options with index in [1] are selected on object 'Object Repository/Inpatient Request/Page_KDMC/select_--Select--Schedule 5Dru'

2018-06-09 21:19:00 - [TEST_STEP][PASSED] - selectOptionByIndex: All options with index in [10] are selected on object 'Object Repository/Inpatient Request/Page_KDMC/select_--Select--Alcohol Rub i'

2018-06-09 21:19:00 - [MESSAGE][PASSED] - All options with index in [10] are selected on object 'Object Repository/Inpatient Request/Page_KDMC/select_--Select--Alcohol Rub i'

2018-06-09 21:19:00 - [TEST_STEP][PASSED] - setText: Text '5' is set on object 'Object Repository/Inpatient Request/Page_KDMC/input_txttreat'

2018-06-09 21:19:00 - [MESSAGE][PASSED] - Text '5' is set on object 'Object Repository/Inpatient Request/Page_KDMC/input_txttreat'

2018-06-09 21:19:00 - [TEST_STEP][PASSED] - click: Object: 'Object Repository/Inpatient Request/Page_KDMC/button_Add' is clicked on

2018-06-09 21:19:00 - [MESSAGE][PASSED] - Object: 'Object Repository/Inpatient Request/Page_KDMC/button_Add' is clicked on

2018-06-09 21:19:00 - [TEST_STEP][PASSED] - selectOptionByIndex: All options with index in [1] are selected on object 'Object Repository/Inpatient Request/Page_KDMC/select_--Select--Schedule 5Dru'

2018-06-09 21:19:00 - [MESSAGE][PASSED] - All options with index in [1] are selected on object 'Object Repository/Inpatient Request/Page_KDMC/select_--Select--Schedule 5Dru'

2018-06-09 21:19:00 - [TEST_STEP][PASSED] - selectOptionByIndex: All options with index in [11] are selected on object 'Object Repository/Inpatient Request/Page_KDMC/select_--Select--Alcohol Rub i'

2018-06-09 21:19:01 - [MESSAGE][PASSED] - All options with index in [11] are selected on object 'Object Repository/Inpatient Request/Page_KDMC/select_--Select--Alcohol Rub i'

2018-06-09 21:19:01 - [TEST_STEP][PASSED] - setText: Text '5' is set on object 'Object Repository/Inpatient Request/Page_KDMC/input_txttreat'

2018-06-09 21:19:01 - [MESSAGE][PASSED] - Text '5' is set on object 'Object Repository/Inpatient Request/Page_KDMC/input_txttreat'

2018-06-09 21:19:01 - [TEST_STEP][PASSED] - click: Object: 'Object Repository/Inpatient Request/Page_KDMC/button_Add' is clicked on

2018-06-09 21:19:01 - [MESSAGE][PASSED] - Object: 'Object Repository/Inpatient Request/Page_KDMC/button_Add' is clicked on

2018-06-09 21:19:01 - [TEST_STEP][PASSED] - selectOptionByIndex: All options with index in [1] are selected on object 'Object Repository/Inpatient Request/Page_KDMC/select_--Select--Schedule 5Dru'

2018-06-09 21:19:01 - [MESSAGE][PASSED] - All options with index in [1] are selected on object 'Object Repository/Inpatient Request/Page_KDMC/select_--Select--Schedule 5Dru'

2018-06-09 21:19:01 - [TEST_STEP][PASSED] - selectOptionByIndex: All options with index in [12] are selected on object 'Object Repository/Inpatient Request/Page_KDMC/select_--Select--Alcohol Rub i'

2018-06-09 21:19:01 - [MESSAGE][PASSED] - All options with index in [12] are selected on object 'Object Repository/Inpatient Request/Page_KDMC/select_--Select--Alcohol Rub i'

2018-06-09 21:19:01 - [TEST_STEP][PASSED] - setText: Text '5' is set on object 'Object Repository/Inpatient Request/Page_KDMC/input_txttreat'

2018-06-09 21:19:01 - [MESSAGE][PASSED] - Text '5' is set on object 'Object Repository/Inpatient Request/Page_KDMC/input_txttreat'

2018-06-09 21:19:01 - [TEST_STEP][PASSED] - click: Object: 'Object Repository/Inpatient Request/Page_KDMC/button_Add' is clicked on

2018-06-09 21:19:01 - [MESSAGE][PASSED] - Object: 'Object Repository/Inpatient Request/Page_KDMC/button_Add' is clicked on

2018-06-09 21:19:01 - [TEST_STEP][PASSED] - selectOptionByIndex: All options with index in [1] are selected on object 'Object Repository/Inpatient Request/Page_KDMC/select_--Select--Schedule 5Dru'

2018-06-09 21:19:02 - [MESSAGE][PASSED] - All options with index in [1] are selected on object 'Object Repository/Inpatient Request/Page_KDMC/select_--Select--Schedule 5Dru'

2018-06-09 21:19:02 - [TEST_STEP][PASSED] - selectOptionByIndex: All options with index in [13] are selected on object 'Object Repository/Inpatient Request/Page_KDMC/select_--Select--Alcohol Rub i'

2018-06-09 21:19:02 - [MESSAGE][PASSED] - All options with index in [13] are selected on object 'Object Repository/Inpatient Request/Page_KDMC/select_--Select--Alcohol Rub i'

2018-06-09 21:19:02 - [TEST_STEP][PASSED] - setText: Text '5' is set on object 'Object Repository/Inpatient Request/Page_KDMC/input_txttreat'

2018-06-09 21:19:02 - [MESSAGE][PASSED] - Text '5' is set on object 'Object Repository/Inpatient Request/Page_KDMC/input_txttreat'

2018-06-09 21:19:02 - [TEST_STEP][PASSED] - click: Object: 'Object Repository/Inpatient Request/Page_KDMC/button_Add' is clicked on

2018-06-09 21:19:02 - [MESSAGE][PASSED] - Object: 'Object Repository/Inpatient Request/Page_KDMC/button_Add' is clicked on

2018-06-09 21:19:02 - [TEST_STEP][PASSED] - selectOptionByIndex: All options with index in [1] are selected on object 'Object Repository/Inpatient Request/Page_KDMC/select_--Select--Schedule 5Dru'

2018-06-09 21:19:02 - [MESSAGE][PASSED] - All options with index in [1] are selected on object 'Object Repository/Inpatient Request/Page_KDMC/select_--Select--Schedule 5Dru'

2018-06-09 21:19:02 - [TEST_STEP][PASSED] - selectOptionByIndex: All options with index in [14] are selected on object 'Object Repository/Inpatient Request/Page_KDMC/select_--Select--Alcohol Rub i'

2018-06-09 21:19:02 - [MESSAGE][PASSED] - All options with index in [14] are selected on object 'Object Repository/Inpatient Request/Page_KDMC/select_--Select--Alcohol Rub i'

2018-06-09 21:19:02 - [TEST_STEP][PASSED] - setText: Text '5' is set on object 'Object Repository/Inpatient Request/Page_KDMC/input_txttreat'

2018-06-09 21:19:02 - [MESSAGE][PASSED] - Text '5' is set on object 'Object Repository/Inpatient Request/Page_KDMC/input_txttreat'

2018-06-09 21:19:02 - [TEST_STEP][PASSED] - click: Object: 'Object Repository/Inpatient Request/Page_KDMC/button_Add' is clicked on

2018-06-09 21:19:03 - [MESSAGE][PASSED] - Object: 'Object Repository/Inpatient Request/Page_KDMC/button_Add' is clicked on

2018-06-09 21:19:03 - [TEST_STEP][PASSED] - selectOptionByIndex: All options with index in [1] are selected on object 'Object Repository/Inpatient Request/Page_KDMC/select_--Select--Schedule 5Dru'

2018-06-09 21:19:03 - [MESSAGE][PASSED] - All options with index in [1] are selected on object 'Object Repository/Inpatient Request/Page_KDMC/select_--Select--Schedule 5Dru'

2018-06-09 21:19:03 - [TEST_STEP][PASSED] - selectOptionByIndex: All options with index in [15] are selected on object 'Object Repository/Inpatient Request/Page_KDMC/select_--Select--Alcohol Rub i'

2018-06-09 21:19:03 - [MESSAGE][PASSED] - All options with index in [15] are selected on object 'Object Repository/Inpatient Request/Page_KDMC/select_--Select--Alcohol Rub i'

2018-06-09 21:19:03 - [TEST_STEP][PASSED] - setText: Text '5' is set on object 'Object Repository/Inpatient Request/Page_KDMC/input_txttreat'

2018-06-09 21:19:03 - [MESSAGE][PASSED] - Text '5' is set on object 'Object Repository/Inpatient Request/Page_KDMC/input_txttreat'

2018-06-09 21:19:03 - [TEST_STEP][PASSED] - click: Object: 'Object Repository/Inpatient Request/Page_KDMC/button_Add' is clicked on

2018-06-09 21:19:03 - [MESSAGE][PASSED] - Object: 'Object Repository/Inpatient Request/Page_KDMC/button_Add' is clicked on

2018-06-09 21:19:03 - [TEST_STEP][PASSED] - selectOptionByIndex: All options with index in [1] are selected on object 'Object Repository/Inpatient Request/Page_KDMC/select_--Select--Schedule 5Dru'

2018-06-09 21:19:03 - [MESSAGE][PASSED] - All options with index in [1] are selected on object 'Object Repository/Inpatient Request/Page_KDMC/select_--Select--Schedule 5Dru'

2018-06-09 21:19:03 - [TEST_STEP][PASSED] - selectOptionByIndex: All options with index in [16] are selected on object 'Object Repository/Inpatient Request/Page_KDMC/select_--Select--Alcohol Rub i'

2018-06-09 21:19:04 - [MESSAGE][PASSED] - All options with index in [16] are selected on object 'Object Repository/Inpatient Request/Page_KDMC/select_--Select--Alcohol Rub i'

2018-06-09 21:19:04 - [TEST_STEP][PASSED] - setText: Text '5' is set on object 'Object Repository/Inpatient Request/Page_KDMC/input_txttreat'

2018-06-09 21:19:04 - [MESSAGE][PASSED] - Text '5' is set on object 'Object Repository/Inpatient Request/Page_KDMC/input_txttreat'

2018-06-09 21:19:04 - [TEST_STEP][PASSED] - click: Object: 'Object Repository/Inpatient Request/Page_KDMC/button_Add' is clicked on

2018-06-09 21:19:04 - [MESSAGE][PASSED] - Object: 'Object Repository/Inpatient Request/Page_KDMC/button_Add' is clicked on

2018-06-09 21:19:04 - [TEST_STEP][PASSED] - scrollToElement: Scroll to object 'Object Repository/Inpatient Request/Page_KDMC/input_btnsave' successfully

2018-06-09 21:19:04 - [MESSAGE][PASSED] - Scroll to object 'Object Repository/Inpatient Request/Page_KDMC/input_btnsave' successfully

2018-06-09 21:19:04 - [TEST_STEP][PASSED] - click: Object: 'Object Repository/Inpatient Request/Page_KDMC/input_btnsave' is clicked on

2018-06-09 21:19:04 - [MESSAGE][PASSED] - Object: 'Object Repository/Inpatient Request/Page_KDMC/input_btnsave' is clicked on

2018-06-09 21:19:04 - [TEST_STEP][PASSED] - delay: Delayed 3 second(s)

2018-06-09 21:19:07 - [MESSAGE][PASSED] - Delayed 3 second(s)

2018-06-09 21:19:07 - [TEST_STEP][PASSED] - click: Object: 'Object Repository/Inpatient Request/Page_KDMC/button_OK' is clicked on

2018-06-09 21:19:07 - [MESSAGE][PASSED] - Object: 'Object Repository/Inpatient Request/Page_KDMC/button_OK' is clicked on

2018-06-09 21:19:07 - [TEST_STEP][PASSED] - delay: Delayed 3 second(s)

2018-06-09 21:19:10 - [MESSAGE][PASSED] - Delayed 3 second(s)

2018-06-09 21:19:10 - [TEST_STEP][PASSED] - click: Object: 'Object Repository/Inpatient Request/Page_KDMC/a_dropdown-toggle' is clicked on

2018-06-09 21:19:11 - [MESSAGE][PASSED] - Object: 'Object Repository/Inpatient Request/Page_KDMC/a_dropdown-toggle' is clicked on

2018-06-09 21:19:11 - [TEST_STEP][PASSED] - click: Object: 'Object Repository/Inpatient Request/Page_KDMC/a_Sign out' is clicked on

2018-06-09 21:19:11 - [MESSAGE][PASSED] - Object: 'Object Repository/Inpatient Request/Page_KDMC/a_Sign out' is clicked on

2018-06-09 21:19:11 - [TEST_STEP][PASSED] - delay: Delayed 3 second(s)

2018-06-09 21:19:14 - [MESSAGE][PASSED] - Delayed 3 second(s)

2018-06-09 21:19:14 - [TEST_STEP][PASSED] - click: Object: 'Object Repository/Inpatient Request/Page_KDMC/a_CMO' is clicked on

2018-06-09 21:19:15 - [MESSAGE][PASSED] - Object: 'Object Repository/Inpatient Request/Page_KDMC/a_CMO' is clicked on

2018-06-09 21:19:15 - [TEST_STEP][PASSED] - setText: Text 'guru' is set on object 'Object Repository/Inpatient Request/Page_CMO login/input_txtusername'

2018-06-09 21:19:15 - [MESSAGE][PASSED] - Text 'guru' is set on object 'Object Repository/Inpatient Request/Page_CMO login/input_txtusername'

2018-06-09 21:19:15 - [TEST_STEP][PASSED] - setText: Text '123' is set on object 'Object Repository/Inpatient Request/Page_CMO login/input_txtpassword'

2018-06-09 21:19:15 - [MESSAGE][PASSED] - Text '123' is set on object 'Object Repository/Inpatient Request/Page_CMO login/input_txtpassword'

2018-06-09 21:19:15 - [TEST_STEP][PASSED] - delay: Delayed 3 second(s)

2018-06-09 21:19:18 - [MESSAGE][PASSED] - Delayed 3 second(s)

2018-06-09 21:19:18 - [TEST_STEP][PASSED] - click: Object: 'Object Repository/Inpatient Request/Page_CMO login/button_Sign in' is clicked on

2018-06-09 21:19:18 - [MESSAGE][PASSED] - Object: 'Object Repository/Inpatient Request/Page_CMO login/button_Sign in' is clicked on

2018-06-09 21:19:18 - [TEST_STEP][PASSED] - delay: Delayed 3 second(s)

2018-06-09 21:19:21 - [MESSAGE][PASSED] - Delayed 3 second(s)

2018-06-09 21:19:21 - [TEST_STEP][PASSED] - click: Object: 'Object Repository/Inpatient Request/Page_KDMC - CMO/a_Department Wise Request' is clicked on

2018-06-09 21:19:22 - [MESSAGE][PASSED] - Object: 'Object Repository/Inpatient Request/Page_KDMC - CMO/a_Department Wise Request' is clicked on

2018-06-09 21:19:22 - [TEST_STEP][PASSED] - delay: Delayed 2 second(s)

2018-06-09 21:19:24 - [MESSAGE][PASSED] - Delayed 2 second(s)

2018-06-09 21:19:24 - [TEST_STEP][PASSED] - selectOptionByIndex: All options with index in [1] are selected on object 'Object Repository/Inpatient Request/Page_KDMC - CMO/select_--ALL--'

2018-06-09 21:19:24 - [MESSAGE][PASSED] - All options with index in [1] are selected on object 'Object Repository/Inpatient Request/Page_KDMC - CMO/select_--ALL--'

2018-06-09 21:19:24 - [TEST_STEP][PASSED] - selectOptionByIndex: All options with index in [1] are selected on object 'Object Repository/Inpatient Request/Page_KDMC - CMO/select_--ALL--                _1'

2018-06-09 21:19:24 - [MESSAGE][PASSED] - All options with index in [1] are selected on object 'Object Repository/Inpatient Request/Page_KDMC - CMO/select_--ALL--                _1'

2018-06-09 21:19:24 - [TEST_STEP][PASSED] - click: Object: 'Object Repository/Inpatient Request/Page_KDMC - CMO/input_btnsearch' is clicked on

2018-06-09 21:19:24 - [MESSAGE][PASSED] - Object: 'Object Repository/Inpatient Request/Page_KDMC - CMO/input_btnsearch' is clicked on

2018-06-09 21:19:24 - [TEST_STEP][PASSED] - delay: Delayed 2 second(s)

2018-06-09 21:19:26 - [MESSAGE][PASSED] - Delayed 2 second(s)

2018-06-09 21:19:26 - [TEST_STEP][PASSED] - Statement - ID = com.kms.katalon.core.webui.keyword.WebUiBuiltInKeywords.modifyObjectProperty(com.kms.katalon.core.testobject.ObjectRepository.findTestObject(Inpatient Request/Page_KDMC - CMO/input_1), "xpath", "equals", "//*[@id=" + RequestNo + "]", true): Modify property of object successfully

2018-06-09 21:19:26 - [MESSAGE][PASSED] - Modify property of object successfully

2018-06-09 21:19:26 - [TEST_STEP][PASSED] - click: Object: 'Object Repository/Inpatient Request/Page_KDMC - CMO/input_1' is clicked on

2018-06-09 21:19:27 - [MESSAGE][PASSED] - Object: 'Object Repository/Inpatient Request/Page_KDMC - CMO/input_1' is clicked on

2018-06-09 21:19:27 - [TEST_STEP][PASSED] - delay: Delayed 2 second(s)

2018-06-09 21:19:29 - [MESSAGE][PASSED] - Delayed 2 second(s)

2018-06-09 21:19:29 - [TEST_STEP][PASSED] - selectOptionByIndex: All options with index in [1] are selected on object 'Object Repository/Inpatient Request/Page_KDMC - CMO/select_--Select--'

2018-06-09 21:19:29 - [MESSAGE][PASSED] - All options with index in [1] are selected on object 'Object Repository/Inpatient Request/Page_KDMC - CMO/select_--Select--'

2018-06-09 21:19:29 - [TEST_STEP][PASSED] - delay: Delayed 2 second(s)

2018-06-09 21:19:31 - [MESSAGE][PASSED] - Delayed 2 second(s)

2018-06-09 21:19:31 - [TEST_STEP][PASSED] - click: Object: 'Object Repository/Inpatient Request/Page_KDMC - CMO/input_btnupdate' is clicked on

2018-06-09 21:19:31 - [MESSAGE][PASSED] - Object: 'Object Repository/Inpatient Request/Page_KDMC - CMO/input_btnupdate' is clicked on

2018-06-09 21:19:31 - [TEST_STEP][PASSED] - delay: Delayed 2 second(s)

2018-06-09 21:19:33 - [MESSAGE][PASSED] - Delayed 2 second(s)

2018-06-09 21:19:33 - [TEST_STEP][PASSED] - click: Object: 'Object Repository/Inpatient Request/Page_KDMC - CMO/button_OK' is clicked on

2018-06-09 21:19:33 - [MESSAGE][PASSED] - Object: 'Object Repository/Inpatient Request/Page_KDMC - CMO/button_OK' is clicked on

2018-06-09 21:19:33 - [TEST_STEP][PASSED] - delay: Delayed 3 second(s)

2018-06-09 21:19:36 - [MESSAGE][PASSED] - Delayed 3 second(s)

2018-06-09 21:19:36 - [TEST_STEP][PASSED] - click: Object: 'Object Repository/Inpatient Request/Page_KDMC - CMO/a_dropdown-toggle' is clicked on

2018-06-09 21:19:36 - [MESSAGE][PASSED] - Object: 'Object Repository/Inpatient Request/Page_KDMC - CMO/a_dropdown-toggle' is clicked on

2018-06-09 21:19:36 - [TEST_STEP][PASSED] - click: Object: 'Object Repository/Inpatient Request/Page_KDMC - CMO/a_Sign out' is clicked on

2018-06-09 21:19:37 - [MESSAGE][PASSED] - Object: 'Object Repository/Inpatient Request/Page_KDMC - CMO/a_Sign out' is clicked on

2018-06-09 21:19:37 - [TEST_STEP][PASSED] - delay: Delayed 3 second(s)

2018-06-09 21:19:40 - [MESSAGE][PASSED] - Delayed 3 second(s)

2018-06-09 21:19:40 - [TEST_STEP][PASSED] - click: Object: 'Object Repository/Inpatient Request/Page_KDMC/a_Divisional Store' is clicked on

2018-06-09 21:19:41 - [MESSAGE][PASSED] - Object: 'Object Repository/Inpatient Request/Page_KDMC/a_Divisional Store' is clicked on

2018-06-09 21:19:41 - [TEST_STEP][PASSED] - setText: Text 'ragu' is set on object 'Object Repository/Inpatient Request/Page_Divisonal Store Login/input_txtusername'

2018-06-09 21:19:41 - [MESSAGE][PASSED] - Text 'ragu' is set on object 'Object Repository/Inpatient Request/Page_Divisonal Store Login/input_txtusername'

2018-06-09 21:19:41 - [TEST_STEP][PASSED] - setText: Text '123' is set on object 'Object Repository/Inpatient Request/Page_Divisonal Store Login/input_txtpassword'

2018-06-09 21:19:41 - [MESSAGE][PASSED] - Text '123' is set on object 'Object Repository/Inpatient Request/Page_Divisonal Store Login/input_txtpassword'

2018-06-09 21:19:41 - [TEST_STEP][PASSED] - delay: Delayed 3 second(s)

2018-06-09 21:19:44 - [MESSAGE][PASSED] - Delayed 3 second(s)

2018-06-09 21:19:44 - [TEST_STEP][PASSED] - click: Object: 'Object Repository/Inpatient Request/Page_Divisonal Store Login/button_Sign in' is clicked on

2018-06-09 21:19:46 - [MESSAGE][PASSED] - Object: 'Object Repository/Inpatient Request/Page_Divisonal Store Login/button_Sign in' is clicked on

2018-06-09 21:19:46 - [TEST_STEP][PASSED] - delay: Delayed 3 second(s)

2018-06-09 21:19:49 - [MESSAGE][PASSED] - Delayed 3 second(s)

2018-06-09 21:19:49 - [TEST_STEP][PASSED] - click: Object: 'Object Repository/Inpatient Request/Page_Store/a_Inpatient Request' is clicked on

2018-06-09 21:19:49 - [MESSAGE][PASSED] - Object: 'Object Repository/Inpatient Request/Page_Store/a_Inpatient Request' is clicked on

2018-06-09 21:19:49 - [TEST_STEP][PASSED] - click: Object: 'Object Repository/Inpatient Request/Page_Store/a_Request Item Inpatient' is clicked on

2018-06-09 21:19:50 - [MESSAGE][PASSED] - Object: 'Object Repository/Inpatient Request/Page_Store/a_Request Item Inpatient' is clicked on

2018-06-09 21:19:50 - [TEST_STEP][PASSED] - setText: Text 'RNO/09062018/546' is set on object 'Object Repository/Inpatient Request/Page_Store/input'

2018-06-09 21:19:50 - [MESSAGE][PASSED] - Text 'RNO/09062018/546' is set on object 'Object Repository/Inpatient Request/Page_Store/input'

2018-06-09 21:19:50 - [TEST_STEP][PASSED] - Statement - InpID = com.kms.katalon.core.webui.keyword.WebUiBuiltInKeywords.modifyObjectProperty(com.kms.katalon.core.testobject.ObjectRepository.findTestObject(Inpatient Request/Page_Store/input_1), "xpath", "equals", "//*[@id=" + RequestNo + "]", true): Modify property of object successfully

2018-06-09 21:19:50 - [MESSAGE][PASSED] - Modify property of object successfully

2018-06-09 21:19:50 - [TEST_STEP][PASSED] - click: Object: 'Object Repository/Inpatient Request/Page_Store/input_1' is clicked on

2018-06-09 21:19:51 - [MESSAGE][PASSED] - Object: 'Object Repository/Inpatient Request/Page_Store/input_1' is clicked on

2018-06-09 21:19:51 - [TEST_STEP][PASSED] - Statement - medicine = com.kms.katalon.core.webui.keyword.WebUiBuiltInKeywords.getNumberOfTotalOption(com.kms.katalon.core.testobject.ObjectRepository.findTestObject(Inpatient Request/Page_Store/select_--Select--Alcohol Rub i)): 17 options of object 'Object Repository/Inpatient Request/Page_Store/select_--Select--Alcohol Rub i' counted

2018-06-09 21:19:51 - [MESSAGE][PASSED] - 17 options of object 'Object Repository/Inpatient Request/Page_Store/select_--Select--Alcohol Rub i' counted

2018-06-09 21:19:51 - [TEST_STEP][PASSED] - Statement - For ([j = 1, j <= medicine - 1, (j++)]): null

2018-06-09 21:19:51 - [TEST_STEP][PASSED] - selectOptionByIndex: All options with index in [1] are selected on object 'Object Repository/Inpatient Request/Page_Store/select_--Select--Alcohol Rub i'

2018-06-09 21:19:51 - [MESSAGE][PASSED] - All options with index in [1] are selected on object 'Object Repository/Inpatient Request/Page_Store/select_--Select--Alcohol Rub i'

2018-06-09 21:19:51 - [TEST_STEP][PASSED] - delay: Delayed 2 second(s)

2018-06-09 21:19:53 - [MESSAGE][PASSED] - Delayed 2 second(s)

2018-06-09 21:19:53 - [TEST_STEP][PASSED] - Statement - RequestedQty = com.kms.katalon.core.webui.keyword.WebUiBuiltInKeywords.getAttribute(com.kms.katalon.core.testobject.ObjectRepository.findTestObject(Inpatient Request/Page_Store/input_txttotal), "value"): Attribute 'value' of object 'Object Repository/Inpatient Request/Page_Store/input_txttotal' is: '5'

2018-06-09 21:19:54 - [MESSAGE][PASSED] - Attribute 'value' of object 'Object Repository/Inpatient Request/Page_Store/input_txttotal' is: '5'

2018-06-09 21:19:54 - [TEST_STEP][PASSED] - Statement - out.println("RequestedQty IS : " + RequestedQty): null

2018-06-09 21:19:54 - [TEST_STEP][PASSED] - Statement - BatchNo = com.kms.katalon.core.webui.keyword.WebUiBuiltInKeywords.getNumberOfTotalOption(com.kms.katalon.core.testobject.ObjectRepository.findTestObject(Inpatient Request/Page_Store/select_--Select--BA2910)): 4 options of object 'Object Repository/Inpatient Request/Page_Store/select_--Select--BA2910' counted

2018-06-09 21:19:54 - [MESSAGE][PASSED] - 4 options of object 'Object Repository/Inpatient Request/Page_Store/select_--Select--BA2910' counted

2018-06-09 21:19:54 - [TEST_STEP][PASSED] - Statement - For ([k = 1, k <= BatchNo - 1, (k++)]): null

2018-06-09 21:19:54 - [TEST_STEP][PASSED] - selectOptionByIndex: All options with index in [1] are selected on object 'Object Repository/Inpatient Request/Page_Store/select_--Select--BA2910'

2018-06-09 21:19:54 - [MESSAGE][PASSED] - All options with index in [1] are selected on object 'Object Repository/Inpatient Request/Page_Store/select_--Select--BA2910'

2018-06-09 21:19:54 - [TEST_STEP][PASSED] - delay: Delayed 2 second(s)

2018-06-09 21:19:56 - [MESSAGE][PASSED] - Delayed 2 second(s)

2018-06-09 21:19:56 - [TEST_STEP][PASSED] - Statement - StockQty = com.kms.katalon.core.webui.keyword.WebUiBuiltInKeywords.getAttribute(com.kms.katalon.core.testobject.ObjectRepository.findTestObject(Inpatient Request/Page_Store/input_txtprice), "value"): Attribute 'value' of object 'Object Repository/Inpatient Request/Page_Store/input_txtprice' is: '1675'

2018-06-09 21:19:56 - [MESSAGE][PASSED] - Attribute 'value' of object 'Object Repository/Inpatient Request/Page_Store/input_txtprice' is: '1675'

2018-06-09 21:19:56 - [TEST_STEP][PASSED] - Statement - out.println("StockQty IS : " + StockQty): null

2018-06-09 21:19:56 - [TEST_STEP][PASSED] - Statement - If (java.lang.Integer.valueOf(StockQty) > java.lang.Integer.valueOf(RequestedQty)): null

2018-06-09 21:19:56 - [TEST_STEP][PASSED] - delay: Delayed 1 second(s)

2018-06-09 21:19:57 - [MESSAGE][PASSED] - Delayed 1 second(s)

2018-06-09 21:19:57 - [TEST_STEP][PASSED] - setText: Text '5' is set on object 'Object Repository/Inpatient Request/Page_Store/input_txtqty'

2018-06-09 21:19:57 - [MESSAGE][PASSED] - Text '5' is set on object 'Object Repository/Inpatient Request/Page_Store/input_txtqty'

2018-06-09 21:19:57 - [TEST_STEP][PASSED] - click: Object: 'Object Repository/Inpatient Request/Page_Store/button_Add' is clicked on

2018-06-09 21:19:57 - [MESSAGE][PASSED] - Object: 'Object Repository/Inpatient Request/Page_Store/button_Add' is clicked on

2018-06-09 21:19:57 - [TEST_STEP][PASSED] - Statement - Break: null

2018-06-09 21:19:57 - [TEST_STEP][PASSED] - selectOptionByIndex: All options with index in [2] are selected on object 'Object Repository/Inpatient Request/Page_Store/select_--Select--Alcohol Rub i'

2018-06-09 21:19:57 - [MESSAGE][PASSED] - All options with index in [2] are selected on object 'Object Repository/Inpatient Request/Page_Store/select_--Select--Alcohol Rub i'

2018-06-09 21:19:57 - [TEST_STEP][PASSED] - delay: Delayed 2 second(s)

2018-06-09 21:19:59 - [MESSAGE][PASSED] - Delayed 2 second(s)

2018-06-09 21:19:59 - [TEST_STEP][PASSED] - Statement - RequestedQty = com.kms.katalon.core.webui.keyword.WebUiBuiltInKeywords.getAttribute(com.kms.katalon.core.testobject.ObjectRepository.findTestObject(Inpatient Request/Page_Store/input_txttotal), "value"): Attribute 'value' of object 'Object Repository/Inpatient Request/Page_Store/input_txttotal' is: '5'

2018-06-09 21:19:59 - [MESSAGE][PASSED] - Attribute 'value' of object 'Object Repository/Inpatient Request/Page_Store/input_txttotal' is: '5'

2018-06-09 21:19:59 - [TEST_STEP][PASSED] - Statement - out.println("RequestedQty IS : " + RequestedQty): null

2018-06-09 21:19:59 - [TEST_STEP][PASSED] - Statement - BatchNo = com.kms.katalon.core.webui.keyword.WebUiBuiltInKeywords.getNumberOfTotalOption(com.kms.katalon.core.testobject.ObjectRepository.findTestObject(Inpatient Request/Page_Store/select_--Select--BA2910)): 4 options of object 'Object Repository/Inpatient Request/Page_Store/select_--Select--BA2910' counted

2018-06-09 21:19:59 - [MESSAGE][PASSED] - 4 options of object 'Object Repository/Inpatient Request/Page_Store/select_--Select--BA2910' counted

2018-06-09 21:19:59 - [TEST_STEP][PASSED] - Statement - For ([k = 1, k <= BatchNo - 1, (k++)]): null

2018-06-09 21:19:59 - [TEST_STEP][PASSED] - selectOptionByIndex: All options with index in [1] are selected on object 'Object Repository/Inpatient Request/Page_Store/select_--Select--BA2910'

2018-06-09 21:19:59 - [MESSAGE][PASSED] - All options with index in [1] are selected on object 'Object Repository/Inpatient Request/Page_Store/select_--Select--BA2910'

2018-06-09 21:19:59 - [TEST_STEP][PASSED] - delay: Delayed 2 second(s)

2018-06-09 21:20:01 - [MESSAGE][PASSED] - Delayed 2 second(s)

2018-06-09 21:20:01 - [TEST_STEP][PASSED] - Statement - StockQty = com.kms.katalon.core.webui.keyword.WebUiBuiltInKeywords.getAttribute(com.kms.katalon.core.testobject.ObjectRepository.findTestObject(Inpatient Request/Page_Store/input_txtprice), "value"): Attribute 'value' of object 'Object Repository/Inpatient Request/Page_Store/input_txtprice' is: '44'

2018-06-09 21:20:01 - [MESSAGE][PASSED] - Attribute 'value' of object 'Object Repository/Inpatient Request/Page_Store/input_txtprice' is: '44'

2018-06-09 21:20:01 - [TEST_STEP][PASSED] - Statement - out.println("StockQty IS : " + StockQty): null

2018-06-09 21:20:01 - [TEST_STEP][PASSED] - Statement - If (java.lang.Integer.valueOf(StockQty) > java.lang.Integer.valueOf(RequestedQty)): null

2018-06-09 21:20:01 - [TEST_STEP][PASSED] - delay: Delayed 1 second(s)

2018-06-09 21:20:02 - [MESSAGE][PASSED] - Delayed 1 second(s)

2018-06-09 21:20:02 - [TEST_STEP][PASSED] - setText: Text '5' is set on object 'Object Repository/Inpatient Request/Page_Store/input_txtqty'

2018-06-09 21:20:02 - [MESSAGE][PASSED] - Text '5' is set on object 'Object Repository/Inpatient Request/Page_Store/input_txtqty'

2018-06-09 21:20:02 - [TEST_STEP][PASSED] - click: Object: 'Object Repository/Inpatient Request/Page_Store/button_Add' is clicked on

2018-06-09 21:20:03 - [MESSAGE][PASSED] - Object: 'Object Repository/Inpatient Request/Page_Store/button_Add' is clicked on

2018-06-09 21:20:03 - [TEST_STEP][PASSED] - Statement - Break: null

2018-06-09 21:20:03 - [TEST_STEP][PASSED] - selectOptionByIndex: All options with index in [3] are selected on object 'Object Repository/Inpatient Request/Page_Store/select_--Select--Alcohol Rub i'

2018-06-09 21:20:03 - [MESSAGE][PASSED] - All options with index in [3] are selected on object 'Object Repository/Inpatient Request/Page_Store/select_--Select--Alcohol Rub i'

2018-06-09 21:20:03 - [TEST_STEP][PASSED] - delay: Delayed 2 second(s)

2018-06-09 21:20:05 - [MESSAGE][PASSED] - Delayed 2 second(s)

2018-06-09 21:20:05 - [TEST_STEP][PASSED] - Statement - RequestedQty = com.kms.katalon.core.webui.keyword.WebUiBuiltInKeywords.getAttribute(com.kms.katalon.core.testobject.ObjectRepository.findTestObject(Inpatient Request/Page_Store/input_txttotal), "value"): Attribute 'value' of object 'Object Repository/Inpatient Request/Page_Store/input_txttotal' is: '5'

2018-06-09 21:20:05 - [MESSAGE][PASSED] - Attribute 'value' of object 'Object Repository/Inpatient Request/Page_Store/input_txttotal' is: '5'

2018-06-09 21:20:05 - [TEST_STEP][PASSED] - Statement - out.println("RequestedQty IS : " + RequestedQty): null

2018-06-09 21:20:05 - [TEST_STEP][PASSED] - Statement - BatchNo = com.kms.katalon.core.webui.keyword.WebUiBuiltInKeywords.getNumberOfTotalOption(com.kms.katalon.core.testobject.ObjectRepository.findTestObject(Inpatient Request/Page_Store/select_--Select--BA2910)): 3 options of object 'Object Repository/Inpatient Request/Page_Store/select_--Select--BA2910' counted

2018-06-09 21:20:05 - [MESSAGE][PASSED] - 3 options of object 'Object Repository/Inpatient Request/Page_Store/select_--Select--BA2910' counted

2018-06-09 21:20:05 - [TEST_STEP][PASSED] - Statement - For ([k = 1, k <= BatchNo - 1, (k++)]): null

2018-06-09 21:20:05 - [TEST_STEP][PASSED] - selectOptionByIndex: All options with index in [1] are selected on object 'Object Repository/Inpatient Request/Page_Store/select_--Select--BA2910'

2018-06-09 21:20:05 - [MESSAGE][PASSED] - All options with index in [1] are selected on object 'Object Repository/Inpatient Request/Page_Store/select_--Select--BA2910'

2018-06-09 21:20:05 - [TEST_STEP][PASSED] - delay: Delayed 2 second(s)

2018-06-09 21:20:07 - [MESSAGE][PASSED] - Delayed 2 second(s)

2018-06-09 21:20:07 - [TEST_STEP][PASSED] - Statement - StockQty = com.kms.katalon.core.webui.keyword.WebUiBuiltInKeywords.getAttribute(com.kms.katalon.core.testobject.ObjectRepository.findTestObject(Inpatient Request/Page_Store/input_txtprice), "value"): Attribute 'value' of object 'Object Repository/Inpatient Request/Page_Store/input_txtprice' is: '1590'

2018-06-09 21:20:07 - [MESSAGE][PASSED] - Attribute 'value' of object 'Object Repository/Inpatient Request/Page_Store/input_txtprice' is: '1590'

2018-06-09 21:20:07 - [TEST_STEP][PASSED] - Statement - out.println("StockQty IS : " + StockQty): null

2018-06-09 21:20:07 - [TEST_STEP][PASSED] - Statement - If (java.lang.Integer.valueOf(StockQty) > java.lang.Integer.valueOf(RequestedQty)): null

2018-06-09 21:20:07 - [TEST_STEP][PASSED] - delay: Delayed 1 second(s)

2018-06-09 21:20:08 - [MESSAGE][PASSED] - Delayed 1 second(s)

2018-06-09 21:20:08 - [TEST_STEP][PASSED] - setText: Text '5' is set on object 'Object Repository/Inpatient Request/Page_Store/input_txtqty'

2018-06-09 21:20:08 - [MESSAGE][PASSED] - Text '5' is set on object 'Object Repository/Inpatient Request/Page_Store/input_txtqty'

2018-06-09 21:20:08 - [TEST_STEP][PASSED] - click: Object: 'Object Repository/Inpatient Request/Page_Store/button_Add' is clicked on

2018-06-09 21:20:08 - [MESSAGE][PASSED] - Object: 'Object Repository/Inpatient Request/Page_Store/button_Add' is clicked on

2018-06-09 21:20:08 - [TEST_STEP][PASSED] - Statement - Break: null

2018-06-09 21:20:08 - [TEST_STEP][PASSED] - selectOptionByIndex: All options with index in [4] are selected on object 'Object Repository/Inpatient Request/Page_Store/select_--Select--Alcohol Rub i'

2018-06-09 21:20:08 - [MESSAGE][PASSED] - All options with index in [4] are selected on object 'Object Repository/Inpatient Request/Page_Store/select_--Select--Alcohol Rub i'

2018-06-09 21:20:08 - [TEST_STEP][PASSED] - delay: Delayed 2 second(s)

2018-06-09 21:20:10 - [MESSAGE][PASSED] - Delayed 2 second(s)

2018-06-09 21:20:10 - [TEST_STEP][PASSED] - Statement - RequestedQty = com.kms.katalon.core.webui.keyword.WebUiBuiltInKeywords.getAttribute(com.kms.katalon.core.testobject.ObjectRepository.findTestObject(Inpatient Request/Page_Store/input_txttotal), "value"): Attribute 'value' of object 'Object Repository/Inpatient Request/Page_Store/input_txttotal' is: '5'

2018-06-09 21:20:10 - [MESSAGE][PASSED] - Attribute 'value' of object 'Object Repository/Inpatient Request/Page_Store/input_txttotal' is: '5'

2018-06-09 21:20:10 - [TEST_STEP][PASSED] - Statement - out.println("RequestedQty IS : " + RequestedQty): null

2018-06-09 21:20:10 - [TEST_STEP][PASSED] - Statement - BatchNo = com.kms.katalon.core.webui.keyword.WebUiBuiltInKeywords.getNumberOfTotalOption(com.kms.katalon.core.testobject.ObjectRepository.findTestObject(Inpatient Request/Page_Store/select_--Select--BA2910)): 3 options of object 'Object Repository/Inpatient Request/Page_Store/select_--Select--BA2910' counted

2018-06-09 21:20:10 - [MESSAGE][PASSED] - 3 options of object 'Object Repository/Inpatient Request/Page_Store/select_--Select--BA2910' counted

2018-06-09 21:20:10 - [TEST_STEP][PASSED] - Statement - For ([k = 1, k <= BatchNo - 1, (k++)]): null

2018-06-09 21:20:10 - [TEST_STEP][PASSED] - selectOptionByIndex: All options with index in [1] are selected on object 'Object Repository/Inpatient Request/Page_Store/select_--Select--BA2910'

2018-06-09 21:20:11 - [MESSAGE][PASSED] - All options with index in [1] are selected on object 'Object Repository/Inpatient Request/Page_Store/select_--Select--BA2910'

2018-06-09 21:20:11 - [TEST_STEP][PASSED] - delay: Delayed 2 second(s)

2018-06-09 21:20:13 - [MESSAGE][PASSED] - Delayed 2 second(s)

2018-06-09 21:20:13 - [TEST_STEP][PASSED] - Statement - StockQty = com.kms.katalon.core.webui.keyword.WebUiBuiltInKeywords.getAttribute(com.kms.katalon.core.testobject.ObjectRepository.findTestObject(Inpatient Request/Page_Store/input_txtprice), "value"): Attribute 'value' of object 'Object Repository/Inpatient Request/Page_Store/input_txtprice' is: '1590'

2018-06-09 21:20:13 - [MESSAGE][PASSED] - Attribute 'value' of object 'Object Repository/Inpatient Request/Page_Store/input_txtprice' is: '1590'

2018-06-09 21:20:13 - [TEST_STEP][PASSED] - Statement - out.println("StockQty IS : " + StockQty): null

2018-06-09 21:20:13 - [TEST_STEP][PASSED] - Statement - If (java.lang.Integer.valueOf(StockQty) > java.lang.Integer.valueOf(RequestedQty)): null

2018-06-09 21:20:13 - [TEST_STEP][PASSED] - delay: Delayed 1 second(s)

2018-06-09 21:20:14 - [MESSAGE][PASSED] - Delayed 1 second(s)

2018-06-09 21:20:14 - [TEST_STEP][PASSED] - setText: Text '5' is set on object 'Object Repository/Inpatient Request/Page_Store/input_txtqty'

2018-06-09 21:20:14 - [MESSAGE][PASSED] - Text '5' is set on object 'Object Repository/Inpatient Request/Page_Store/input_txtqty'

2018-06-09 21:20:14 - [TEST_STEP][PASSED] - click: Object: 'Object Repository/Inpatient Request/Page_Store/button_Add' is clicked on

2018-06-09 21:20:14 - [MESSAGE][PASSED] - Object: 'Object Repository/Inpatient Request/Page_Store/button_Add' is clicked on

2018-06-09 21:20:14 - [TEST_STEP][PASSED] - Statement - Break: null

2018-06-09 21:20:14 - [TEST_STEP][PASSED] - selectOptionByIndex: All options with index in [5] are selected on object 'Object Repository/Inpatient Request/Page_Store/select_--Select--Alcohol Rub i'

2018-06-09 21:20:14 - [MESSAGE][PASSED] - All options with index in [5] are selected on object 'Object Repository/Inpatient Request/Page_Store/select_--Select--Alcohol Rub i'

2018-06-09 21:20:14 - [TEST_STEP][PASSED] - delay: Delayed 2 second(s)

2018-06-09 21:20:16 - [MESSAGE][PASSED] - Delayed 2 second(s)

2018-06-09 21:20:16 - [TEST_STEP][PASSED] - Statement - RequestedQty = com.kms.katalon.core.webui.keyword.WebUiBuiltInKeywords.getAttribute(com.kms.katalon.core.testobject.ObjectRepository.findTestObject(Inpatient Request/Page_Store/input_txttotal), "value"): Attribute 'value' of object 'Object Repository/Inpatient Request/Page_Store/input_txttotal' is: '5'

2018-06-09 21:20:16 - [MESSAGE][PASSED] - Attribute 'value' of object 'Object Repository/Inpatient Request/Page_Store/input_txttotal' is: '5'

2018-06-09 21:20:16 - [TEST_STEP][PASSED] - Statement - out.println("RequestedQty IS : " + RequestedQty): null

2018-06-09 21:20:16 - [TEST_STEP][PASSED] - Statement - BatchNo = com.kms.katalon.core.webui.keyword.WebUiBuiltInKeywords.getNumberOfTotalOption(com.kms.katalon.core.testobject.ObjectRepository.findTestObject(Inpatient Request/Page_Store/select_--Select--BA2910)): 3 options of object 'Object Repository/Inpatient Request/Page_Store/select_--Select--BA2910' counted

2018-06-09 21:20:16 - [MESSAGE][PASSED] - 3 options of object 'Object Repository/Inpatient Request/Page_Store/select_--Select--BA2910' counted

2018-06-09 21:20:16 - [TEST_STEP][PASSED] - Statement - For ([k = 1, k <= BatchNo - 1, (k++)]): null

2018-06-09 21:20:16 - [TEST_STEP][PASSED] - selectOptionByIndex: All options with index in [1] are selected on object 'Object Repository/Inpatient Request/Page_Store/select_--Select--BA2910'

2018-06-09 21:20:16 - [MESSAGE][PASSED] - All options with index in [1] are selected on object 'Object Repository/Inpatient Request/Page_Store/select_--Select--BA2910'

2018-06-09 21:20:16 - [TEST_STEP][PASSED] - delay: Delayed 2 second(s)

2018-06-09 21:20:18 - [MESSAGE][PASSED] - Delayed 2 second(s)

2018-06-09 21:20:18 - [TEST_STEP][PASSED] - Statement - StockQty = com.kms.katalon.core.webui.keyword.WebUiBuiltInKeywords.getAttribute(com.kms.katalon.core.testobject.ObjectRepository.findTestObject(Inpatient Request/Page_Store/input_txtprice), "value"): Attribute 'value' of object 'Object Repository/Inpatient Request/Page_Store/input_txtprice' is: '1610'

2018-06-09 21:20:18 - [MESSAGE][PASSED] - Attribute 'value' of object 'Object Repository/Inpatient Request/Page_Store/input_txtprice' is: '1610'

2018-06-09 21:20:18 - [TEST_STEP][PASSED] - Statement - out.println("StockQty IS : " + StockQty): null

2018-06-09 21:20:18 - [TEST_STEP][PASSED] - Statement - If (java.lang.Integer.valueOf(StockQty) > java.lang.Integer.valueOf(RequestedQty)): null

2018-06-09 21:20:18 - [TEST_STEP][PASSED] - delay: Delayed 1 second(s)

2018-06-09 21:20:19 - [MESSAGE][PASSED] - Delayed 1 second(s)

2018-06-09 21:20:19 - [TEST_STEP][PASSED] - setText: Text '5' is set on object 'Object Repository/Inpatient Request/Page_Store/input_txtqty'

2018-06-09 21:20:19 - [MESSAGE][PASSED] - Text '5' is set on object 'Object Repository/Inpatient Request/Page_Store/input_txtqty'

2018-06-09 21:20:19 - [TEST_STEP][PASSED] - click: Object: 'Object Repository/Inpatient Request/Page_Store/button_Add' is clicked on

2018-06-09 21:20:19 - [MESSAGE][PASSED] - Object: 'Object Repository/Inpatient Request/Page_Store/button_Add' is clicked on

2018-06-09 21:20:19 - [TEST_STEP][PASSED] - Statement - Break: null

2018-06-09 21:20:19 - [TEST_STEP][PASSED] - selectOptionByIndex: All options with index in [6] are selected on object 'Object Repository/Inpatient Request/Page_Store/select_--Select--Alcohol Rub i'

2018-06-09 21:20:19 - [MESSAGE][PASSED] - All options with index in [6] are selected on object 'Object Repository/Inpatient Request/Page_Store/select_--Select--Alcohol Rub i'

2018-06-09 21:20:19 - [TEST_STEP][PASSED] - delay: Delayed 2 second(s)

2018-06-09 21:20:21 - [MESSAGE][PASSED] - Delayed 2 second(s)

2018-06-09 21:20:21 - [TEST_STEP][PASSED] - Statement - RequestedQty = com.kms.katalon.core.webui.keyword.WebUiBuiltInKeywords.getAttribute(com.kms.katalon.core.testobject.ObjectRepository.findTestObject(Inpatient Request/Page_Store/input_txttotal), "value"): Attribute 'value' of object 'Object Repository/Inpatient Request/Page_Store/input_txttotal' is: '5'

2018-06-09 21:20:21 - [MESSAGE][PASSED] - Attribute 'value' of object 'Object Repository/Inpatient Request/Page_Store/input_txttotal' is: '5'

2018-06-09 21:20:22 - [TEST_STEP][PASSED] - Statement - out.println("RequestedQty IS : " + RequestedQty): null

2018-06-09 21:20:22 - [TEST_STEP][PASSED] - Statement - BatchNo = com.kms.katalon.core.webui.keyword.WebUiBuiltInKeywords.getNumberOfTotalOption(com.kms.katalon.core.testobject.ObjectRepository.findTestObject(Inpatient Request/Page_Store/select_--Select--BA2910)): 3 options of object 'Object Repository/Inpatient Request/Page_Store/select_--Select--BA2910' counted

2018-06-09 21:20:22 - [MESSAGE][PASSED] - 3 options of object 'Object Repository/Inpatient Request/Page_Store/select_--Select--BA2910' counted

2018-06-09 21:20:22 - [TEST_STEP][PASSED] - Statement - For ([k = 1, k <= BatchNo - 1, (k++)]): null

2018-06-09 21:20:22 - [TEST_STEP][PASSED] - selectOptionByIndex: All options with index in [1] are selected on object 'Object Repository/Inpatient Request/Page_Store/select_--Select--BA2910'

2018-06-09 21:20:22 - [MESSAGE][PASSED] - All options with index in [1] are selected on object 'Object Repository/Inpatient Request/Page_Store/select_--Select--BA2910'

2018-06-09 21:20:22 - [TEST_STEP][PASSED] - delay: Delayed 2 second(s)

2018-06-09 21:20:24 - [MESSAGE][PASSED] - Delayed 2 second(s)

2018-06-09 21:20:24 - [TEST_STEP][PASSED] - Statement - StockQty = com.kms.katalon.core.webui.keyword.WebUiBuiltInKeywords.getAttribute(com.kms.katalon.core.testobject.ObjectRepository.findTestObject(Inpatient Request/Page_Store/input_txtprice), "value"): Attribute 'value' of object 'Object Repository/Inpatient Request/Page_Store/input_txtprice' is: '1265'

2018-06-09 21:20:24 - [MESSAGE][PASSED] - Attribute 'value' of object 'Object Repository/Inpatient Request/Page_Store/input_txtprice' is: '1265'

2018-06-09 21:20:24 - [TEST_STEP][PASSED] - Statement - out.println("StockQty IS : " + StockQty): null

2018-06-09 21:20:24 - [TEST_STEP][PASSED] - Statement - If (java.lang.Integer.valueOf(StockQty) > java.lang.Integer.valueOf(RequestedQty)): null

2018-06-09 21:20:24 - [TEST_STEP][PASSED] - delay: Delayed 1 second(s)

2018-06-09 21:20:25 - [MESSAGE][PASSED] - Delayed 1 second(s)

2018-06-09 21:20:25 - [TEST_STEP][PASSED] - setText: Text '5' is set on object 'Object Repository/Inpatient Request/Page_Store/input_txtqty'

2018-06-09 21:20:25 - [MESSAGE][PASSED] - Text '5' is set on object 'Object Repository/Inpatient Request/Page_Store/input_txtqty'

2018-06-09 21:20:25 - [TEST_STEP][PASSED] - click: Object: 'Object Repository/Inpatient Request/Page_Store/button_Add' is clicked on

2018-06-09 21:20:25 - [MESSAGE][PASSED] - Object: 'Object Repository/Inpatient Request/Page_Store/button_Add' is clicked on

2018-06-09 21:20:25 - [TEST_STEP][PASSED] - Statement - Break: null

2018-06-09 21:20:25 - [TEST_STEP][PASSED] - selectOptionByIndex: All options with index in [7] are selected on object 'Object Repository/Inpatient Request/Page_Store/select_--Select--Alcohol Rub i'

2018-06-09 21:20:25 - [MESSAGE][PASSED] - All options with index in [7] are selected on object 'Object Repository/Inpatient Request/Page_Store/select_--Select--Alcohol Rub i'

2018-06-09 21:20:25 - [TEST_STEP][PASSED] - delay: Delayed 2 second(s)

2018-06-09 21:20:27 - [MESSAGE][PASSED] - Delayed 2 second(s)

2018-06-09 21:20:27 - [TEST_STEP][PASSED] - Statement - RequestedQty = com.kms.katalon.core.webui.keyword.WebUiBuiltInKeywords.getAttribute(com.kms.katalon.core.testobject.ObjectRepository.findTestObject(Inpatient Request/Page_Store/input_txttotal), "value"): Attribute 'value' of object 'Object Repository/Inpatient Request/Page_Store/input_txttotal' is: '5'

2018-06-09 21:20:27 - [MESSAGE][PASSED] - Attribute 'value' of object 'Object Repository/Inpatient Request/Page_Store/input_txttotal' is: '5'

2018-06-09 21:20:27 - [TEST_STEP][PASSED] - Statement - out.println("RequestedQty IS : " + RequestedQty): null

2018-06-09 21:20:27 - [TEST_STEP][PASSED] - Statement - BatchNo = com.kms.katalon.core.webui.keyword.WebUiBuiltInKeywords.getNumberOfTotalOption(com.kms.katalon.core.testobject.ObjectRepository.findTestObject(Inpatient Request/Page_Store/select_--Select--BA2910)): 5 options of object 'Object Repository/Inpatient Request/Page_Store/select_--Select--BA2910' counted

2018-06-09 21:20:27 - [MESSAGE][PASSED] - 5 options of object 'Object Repository/Inpatient Request/Page_Store/select_--Select--BA2910' counted

2018-06-09 21:20:27 - [TEST_STEP][PASSED] - Statement - For ([k = 1, k <= BatchNo - 1, (k++)]): null

2018-06-09 21:20:27 - [TEST_STEP][PASSED] - selectOptionByIndex: All options with index in [1] are selected on object 'Object Repository/Inpatient Request/Page_Store/select_--Select--BA2910'

2018-06-09 21:20:27 - [MESSAGE][PASSED] - All options with index in [1] are selected on object 'Object Repository/Inpatient Request/Page_Store/select_--Select--BA2910'

2018-06-09 21:20:27 - [TEST_STEP][PASSED] - delay: Delayed 2 second(s)

2018-06-09 21:20:29 - [MESSAGE][PASSED] - Delayed 2 second(s)

2018-06-09 21:20:29 - [TEST_STEP][PASSED] - Statement - StockQty = com.kms.katalon.core.webui.keyword.WebUiBuiltInKeywords.getAttribute(com.kms.katalon.core.testobject.ObjectRepository.findTestObject(Inpatient Request/Page_Store/input_txtprice), "value"): Attribute 'value' of object 'Object Repository/Inpatient Request/Page_Store/input_txtprice' is: '4'

2018-06-09 21:20:29 - [MESSAGE][PASSED] - Attribute 'value' of object 'Object Repository/Inpatient Request/Page_Store/input_txtprice' is: '4'

2018-06-09 21:20:29 - [TEST_STEP][PASSED] - Statement - out.println("StockQty IS : " + StockQty): null

2018-06-09 21:20:29 - [TEST_STEP][PASSED] - Statement - If (java.lang.Integer.valueOf(StockQty) > java.lang.Integer.valueOf(RequestedQty)): null

2018-06-09 21:20:29 - [TEST_STEP][PASSED] - Statement - Else: null

2018-06-09 21:20:29 - [TEST_STEP][PASSED] - Statement - out.println("Stock Is Less Than Requested Qty"): null

2018-06-09 21:20:29 - [TEST_STEP][PASSED] - selectOptionByIndex: All options with index in [2] are selected on object 'Object Repository/Inpatient Request/Page_Store/select_--Select--BA2910'

2018-06-09 21:20:29 - [MESSAGE][PASSED] - All options with index in [2] are selected on object 'Object Repository/Inpatient Request/Page_Store/select_--Select--BA2910'

2018-06-09 21:20:29 - [TEST_STEP][PASSED] - delay: Delayed 2 second(s)

2018-06-09 21:20:31 - [MESSAGE][PASSED] - Delayed 2 second(s)

2018-06-09 21:20:31 - [TEST_STEP][PASSED] - Statement - StockQty = com.kms.katalon.core.webui.keyword.WebUiBuiltInKeywords.getAttribute(com.kms.katalon.core.testobject.ObjectRepository.findTestObject(Inpatient Request/Page_Store/input_txtprice), "value"): Attribute 'value' of object 'Object Repository/Inpatient Request/Page_Store/input_txtprice' is: '1250'

2018-06-09 21:20:31 - [MESSAGE][PASSED] - Attribute 'value' of object 'Object Repository/Inpatient Request/Page_Store/input_txtprice' is: '1250'

2018-06-09 21:20:31 - [TEST_STEP][PASSED] - Statement - out.println("StockQty IS : " + StockQty): null

2018-06-09 21:20:31 - [TEST_STEP][PASSED] - Statement - If (java.lang.Integer.valueOf(StockQty) > java.lang.Integer.valueOf(RequestedQty)): null

2018-06-09 21:20:31 - [TEST_STEP][PASSED] - delay: Delayed 1 second(s)

2018-06-09 21:20:32 - [MESSAGE][PASSED] - Delayed 1 second(s)

2018-06-09 21:20:32 - [TEST_STEP][PASSED] - setText: Text '5' is set on object 'Object Repository/Inpatient Request/Page_Store/input_txtqty'

2018-06-09 21:20:33 - [MESSAGE][PASSED] - Text '5' is set on object 'Object Repository/Inpatient Request/Page_Store/input_txtqty'

2018-06-09 21:20:33 - [TEST_STEP][PASSED] - click: Object: 'Object Repository/Inpatient Request/Page_Store/button_Add' is clicked on

2018-06-09 21:20:33 - [MESSAGE][PASSED] - Object: 'Object Repository/Inpatient Request/Page_Store/button_Add' is clicked on

2018-06-09 21:20:33 - [TEST_STEP][PASSED] - Statement - Break: null

2018-06-09 21:20:33 - [TEST_STEP][PASSED] - selectOptionByIndex: All options with index in [8] are selected on object 'Object Repository/Inpatient Request/Page_Store/select_--Select--Alcohol Rub i'

2018-06-09 21:20:33 - [MESSAGE][PASSED] - All options with index in [8] are selected on object 'Object Repository/Inpatient Request/Page_Store/select_--Select--Alcohol Rub i'

2018-06-09 21:20:33 - [TEST_STEP][PASSED] - delay: Delayed 2 second(s)

2018-06-09 21:20:35 - [MESSAGE][PASSED] - Delayed 2 second(s)

2018-06-09 21:20:35 - [TEST_STEP][PASSED] - Statement - RequestedQty = com.kms.katalon.core.webui.keyword.WebUiBuiltInKeywords.getAttribute(com.kms.katalon.core.testobject.ObjectRepository.findTestObject(Inpatient Request/Page_Store/input_txttotal), "value"): Attribute 'value' of object 'Object Repository/Inpatient Request/Page_Store/input_txttotal' is: '5'

2018-06-09 21:20:35 - [MESSAGE][PASSED] - Attribute 'value' of object 'Object Repository/Inpatient Request/Page_Store/input_txttotal' is: '5'

2018-06-09 21:20:35 - [TEST_STEP][PASSED] - Statement - out.println("RequestedQty IS : " + RequestedQty): null

2018-06-09 21:20:35 - [TEST_STEP][PASSED] - Statement - BatchNo = com.kms.katalon.core.webui.keyword.WebUiBuiltInKeywords.getNumberOfTotalOption(com.kms.katalon.core.testobject.ObjectRepository.findTestObject(Inpatient Request/Page_Store/select_--Select--BA2910)): 3 options of object 'Object Repository/Inpatient Request/Page_Store/select_--Select--BA2910' counted

2018-06-09 21:20:35 - [MESSAGE][PASSED] - 3 options of object 'Object Repository/Inpatient Request/Page_Store/select_--Select--BA2910' counted

2018-06-09 21:20:35 - [TEST_STEP][PASSED] - Statement - For ([k = 1, k <= BatchNo - 1, (k++)]): null

2018-06-09 21:20:35 - [TEST_STEP][PASSED] - selectOptionByIndex: All options with index in [1] are selected on object 'Object Repository/Inpatient Request/Page_Store/select_--Select--BA2910'

2018-06-09 21:20:35 - [MESSAGE][PASSED] - All options with index in [1] are selected on object 'Object Repository/Inpatient Request/Page_Store/select_--Select--BA2910'

2018-06-09 21:20:35 - [TEST_STEP][PASSED] - delay: Delayed 2 second(s)

2018-06-09 21:20:37 - [MESSAGE][PASSED] - Delayed 2 second(s)

2018-06-09 21:20:37 - [TEST_STEP][PASSED] - Statement - StockQty = com.kms.katalon.core.webui.keyword.WebUiBuiltInKeywords.getAttribute(com.kms.katalon.core.testobject.ObjectRepository.findTestObject(Inpatient Request/Page_Store/input_txtprice), "value"): Attribute 'value' of object 'Object Repository/Inpatient Request/Page_Store/input_txtprice' is: '1379'

2018-06-09 21:20:37 - [MESSAGE][PASSED] - Attribute 'value' of object 'Object Repository/Inpatient Request/Page_Store/input_txtprice' is: '1379'

2018-06-09 21:20:37 - [TEST_STEP][PASSED] - Statement - out.println("StockQty IS : " + StockQty): null

2018-06-09 21:20:37 - [TEST_STEP][PASSED] - Statement - If (java.lang.Integer.valueOf(StockQty) > java.lang.Integer.valueOf(RequestedQty)): null

2018-06-09 21:20:37 - [TEST_STEP][PASSED] - delay: Delayed 1 second(s)

2018-06-09 21:20:38 - [MESSAGE][PASSED] - Delayed 1 second(s)

2018-06-09 21:20:38 - [TEST_STEP][PASSED] - setText: Text '5' is set on object 'Object Repository/Inpatient Request/Page_Store/input_txtqty'

2018-06-09 21:20:38 - [MESSAGE][PASSED] - Text '5' is set on object 'Object Repository/Inpatient Request/Page_Store/input_txtqty'

2018-06-09 21:20:38 - [TEST_STEP][PASSED] - click: Object: 'Object Repository/Inpatient Request/Page_Store/button_Add' is clicked on

2018-06-09 21:20:38 - [MESSAGE][PASSED] - Object: 'Object Repository/Inpatient Request/Page_Store/button_Add' is clicked on

2018-06-09 21:20:38 - [TEST_STEP][PASSED] - Statement - Break: null

2018-06-09 21:20:38 - [TEST_STEP][PASSED] - selectOptionByIndex: All options with index in [9] are selected on object 'Object Repository/Inpatient Request/Page_Store/select_--Select--Alcohol Rub i'

2018-06-09 21:20:38 - [MESSAGE][PASSED] - All options with index in [9] are selected on object 'Object Repository/Inpatient Request/Page_Store/select_--Select--Alcohol Rub i'

2018-06-09 21:20:38 - [TEST_STEP][PASSED] - delay: Delayed 2 second(s)

2018-06-09 21:20:40 - [MESSAGE][PASSED] - Delayed 2 second(s)

2018-06-09 21:20:40 - [TEST_STEP][PASSED] - Statement - RequestedQty = com.kms.katalon.core.webui.keyword.WebUiBuiltInKeywords.getAttribute(com.kms.katalon.core.testobject.ObjectRepository.findTestObject(Inpatient Request/Page_Store/input_txttotal), "value"): Attribute 'value' of object 'Object Repository/Inpatient Request/Page_Store/input_txttotal' is: '5'

2018-06-09 21:20:40 - [MESSAGE][PASSED] - Attribute 'value' of object 'Object Repository/Inpatient Request/Page_Store/input_txttotal' is: '5'

2018-06-09 21:20:40 - [TEST_STEP][PASSED] - Statement - out.println("RequestedQty IS : " + RequestedQty): null

2018-06-09 21:20:40 - [TEST_STEP][PASSED] - Statement - BatchNo = com.kms.katalon.core.webui.keyword.WebUiBuiltInKeywords.getNumberOfTotalOption(com.kms.katalon.core.testobject.ObjectRepository.findTestObject(Inpatient Request/Page_Store/select_--Select--BA2910)): 3 options of object 'Object Repository/Inpatient Request/Page_Store/select_--Select--BA2910' counted

2018-06-09 21:20:41 - [MESSAGE][PASSED] - 3 options of object 'Object Repository/Inpatient Request/Page_Store/select_--Select--BA2910' counted

2018-06-09 21:20:41 - [TEST_STEP][PASSED] - Statement - For ([k = 1, k <= BatchNo - 1, (k++)]): null

2018-06-09 21:20:41 - [TEST_STEP][PASSED] - selectOptionByIndex: All options with index in [1] are selected on object 'Object Repository/Inpatient Request/Page_Store/select_--Select--BA2910'

2018-06-09 21:20:41 - [MESSAGE][PASSED] - All options with index in [1] are selected on object 'Object Repository/Inpatient Request/Page_Store/select_--Select--BA2910'

2018-06-09 21:20:41 - [TEST_STEP][PASSED] - delay: Delayed 2 second(s)

2018-06-09 21:20:43 - [MESSAGE][PASSED] - Delayed 2 second(s)

2018-06-09 21:20:43 - [TEST_STEP][PASSED] - Statement - StockQty = com.kms.katalon.core.webui.keyword.WebUiBuiltInKeywords.getAttribute(com.kms.katalon.core.testobject.ObjectRepository.findTestObject(Inpatient Request/Page_Store/input_txtprice), "value"): Attribute 'value' of object 'Object Repository/Inpatient Request/Page_Store/input_txtprice' is: '924'

2018-06-09 21:20:43 - [MESSAGE][PASSED] - Attribute 'value' of object 'Object Repository/Inpatient Request/Page_Store/input_txtprice' is: '924'

2018-06-09 21:20:43 - [TEST_STEP][PASSED] - Statement - out.println("StockQty IS : " + StockQty): null

2018-06-09 21:20:43 - [TEST_STEP][PASSED] - Statement - If (java.lang.Integer.valueOf(StockQty) > java.lang.Integer.valueOf(RequestedQty)): null

2018-06-09 21:20:43 - [TEST_STEP][PASSED] - delay: Delayed 1 second(s)

2018-06-09 21:20:44 - [MESSAGE][PASSED] - Delayed 1 second(s)

2018-06-09 21:20:44 - [TEST_STEP][PASSED] - setText: Text '5' is set on object 'Object Repository/Inpatient Request/Page_Store/input_txtqty'

2018-06-09 21:20:44 - [MESSAGE][PASSED] - Text '5' is set on object 'Object Repository/Inpatient Request/Page_Store/input_txtqty'

2018-06-09 21:20:44 - [TEST_STEP][PASSED] - click: Object: 'Object Repository/Inpatient Request/Page_Store/button_Add' is clicked on

2018-06-09 21:20:44 - [MESSAGE][PASSED] - Object: 'Object Repository/Inpatient Request/Page_Store/button_Add' is clicked on

2018-06-09 21:20:44 - [TEST_STEP][PASSED] - Statement - Break: null

2018-06-09 21:20:44 - [TEST_STEP][PASSED] - selectOptionByIndex: All options with index in [10] are selected on object 'Object Repository/Inpatient Request/Page_Store/select_--Select--Alcohol Rub i'

2018-06-09 21:20:44 - [MESSAGE][PASSED] - All options with index in [10] are selected on object 'Object Repository/Inpatient Request/Page_Store/select_--Select--Alcohol Rub i'

2018-06-09 21:20:44 - [TEST_STEP][PASSED] - delay: Delayed 2 second(s)

2018-06-09 21:20:46 - [MESSAGE][PASSED] - Delayed 2 second(s)

2018-06-09 21:20:46 - [TEST_STEP][PASSED] - Statement - RequestedQty = com.kms.katalon.core.webui.keyword.WebUiBuiltInKeywords.getAttribute(com.kms.katalon.core.testobject.ObjectRepository.findTestObject(Inpatient Request/Page_Store/input_txttotal), "value"): Attribute 'value' of object 'Object Repository/Inpatient Request/Page_Store/input_txttotal' is: '5'

2018-06-09 21:20:46 - [MESSAGE][PASSED] - Attribute 'value' of object 'Object Repository/Inpatient Request/Page_Store/input_txttotal' is: '5'

2018-06-09 21:20:46 - [TEST_STEP][PASSED] - Statement - out.println("RequestedQty IS : " + RequestedQty): null

2018-06-09 21:20:46 - [TEST_STEP][PASSED] - Statement - BatchNo = com.kms.katalon.core.webui.keyword.WebUiBuiltInKeywords.getNumberOfTotalOption(com.kms.katalon.core.testobject.ObjectRepository.findTestObject(Inpatient Request/Page_Store/select_--Select--BA2910)): 3 options of object 'Object Repository/Inpatient Request/Page_Store/select_--Select--BA2910' counted

2018-06-09 21:20:46 - [MESSAGE][PASSED] - 3 options of object 'Object Repository/Inpatient Request/Page_Store/select_--Select--BA2910' counted

2018-06-09 21:20:46 - [TEST_STEP][PASSED] - Statement - For ([k = 1, k <= BatchNo - 1, (k++)]): null

2018-06-09 21:20:46 - [TEST_STEP][PASSED] - selectOptionByIndex: All options with index in [1] are selected on object 'Object Repository/Inpatient Request/Page_Store/select_--Select--BA2910'

2018-06-09 21:20:46 - [MESSAGE][PASSED] - All options with index in [1] are selected on object 'Object Repository/Inpatient Request/Page_Store/select_--Select--BA2910'

2018-06-09 21:20:46 - [TEST_STEP][PASSED] - delay: Delayed 2 second(s)

2018-06-09 21:20:48 - [MESSAGE][PASSED] - Delayed 2 second(s)

2018-06-09 21:20:48 - [TEST_STEP][PASSED] - Statement - StockQty = com.kms.katalon.core.webui.keyword.WebUiBuiltInKeywords.getAttribute(com.kms.katalon.core.testobject.ObjectRepository.findTestObject(Inpatient Request/Page_Store/input_txtprice), "value"): Attribute 'value' of object 'Object Repository/Inpatient Request/Page_Store/input_txtprice' is: '1590'

2018-06-09 21:20:48 - [MESSAGE][PASSED] - Attribute 'value' of object 'Object Repository/Inpatient Request/Page_Store/input_txtprice' is: '1590'

2018-06-09 21:20:48 - [TEST_STEP][PASSED] - Statement - out.println("StockQty IS : " + StockQty): null

2018-06-09 21:20:48 - [TEST_STEP][PASSED] - Statement - If (java.lang.Integer.valueOf(StockQty) > java.lang.Integer.valueOf(RequestedQty)): null

2018-06-09 21:20:48 - [TEST_STEP][PASSED] - delay: Delayed 1 second(s)

2018-06-09 21:20:49 - [MESSAGE][PASSED] - Delayed 1 second(s)

2018-06-09 21:20:49 - [TEST_STEP][PASSED] - setText: Text '5' is set on object 'Object Repository/Inpatient Request/Page_Store/input_txtqty'

2018-06-09 21:20:49 - [MESSAGE][PASSED] - Text '5' is set on object 'Object Repository/Inpatient Request/Page_Store/input_txtqty'

2018-06-09 21:20:49 - [TEST_STEP][PASSED] - click: Object: 'Object Repository/Inpatient Request/Page_Store/button_Add' is clicked on

2018-06-09 21:20:49 - [MESSAGE][PASSED] - Object: 'Object Repository/Inpatient Request/Page_Store/button_Add' is clicked on

2018-06-09 21:20:49 - [TEST_STEP][PASSED] - Statement - Break: null

2018-06-09 21:20:49 - [TEST_STEP][PASSED] - selectOptionByIndex: All options with index in [11] are selected on object 'Object Repository/Inpatient Request/Page_Store/select_--Select--Alcohol Rub i'

2018-06-09 21:20:50 - [MESSAGE][PASSED] - All options with index in [11] are selected on object 'Object Repository/Inpatient Request/Page_Store/select_--Select--Alcohol Rub i'

2018-06-09 21:20:50 - [TEST_STEP][PASSED] - delay: Delayed 2 second(s)

2018-06-09 21:20:52 - [MESSAGE][PASSED] - Delayed 2 second(s)

2018-06-09 21:20:52 - [TEST_STEP][PASSED] - Statement - RequestedQty = com.kms.katalon.core.webui.keyword.WebUiBuiltInKeywords.getAttribute(com.kms.katalon.core.testobject.ObjectRepository.findTestObject(Inpatient Request/Page_Store/input_txttotal), "value"): Attribute 'value' of object 'Object Repository/Inpatient Request/Page_Store/input_txttotal' is: '5'

2018-06-09 21:20:52 - [MESSAGE][PASSED] - Attribute 'value' of object 'Object Repository/Inpatient Request/Page_Store/input_txttotal' is: '5'

2018-06-09 21:20:52 - [TEST_STEP][PASSED] - Statement - out.println("RequestedQty IS : " + RequestedQty): null

2018-06-09 21:20:52 - [TEST_STEP][PASSED] - Statement - BatchNo = com.kms.katalon.core.webui.keyword.WebUiBuiltInKeywords.getNumberOfTotalOption(com.kms.katalon.core.testobject.ObjectRepository.findTestObject(Inpatient Request/Page_Store/select_--Select--BA2910)): 3 options of object 'Object Repository/Inpatient Request/Page_Store/select_--Select--BA2910' counted

2018-06-09 21:20:52 - [MESSAGE][PASSED] - 3 options of object 'Object Repository/Inpatient Request/Page_Store/select_--Select--BA2910' counted

2018-06-09 21:20:52 - [TEST_STEP][PASSED] - Statement - For ([k = 1, k <= BatchNo - 1, (k++)]): null

2018-06-09 21:20:52 - [TEST_STEP][PASSED] - selectOptionByIndex: All options with index in [1] are selected on object 'Object Repository/Inpatient Request/Page_Store/select_--Select--BA2910'

2018-06-09 21:20:52 - [MESSAGE][PASSED] - All options with index in [1] are selected on object 'Object Repository/Inpatient Request/Page_Store/select_--Select--BA2910'

2018-06-09 21:20:52 - [TEST_STEP][PASSED] - delay: Delayed 2 second(s)

2018-06-09 21:20:54 - [MESSAGE][PASSED] - Delayed 2 second(s)

2018-06-09 21:20:54 - [TEST_STEP][PASSED] - Statement - StockQty = com.kms.katalon.core.webui.keyword.WebUiBuiltInKeywords.getAttribute(com.kms.katalon.core.testobject.ObjectRepository.findTestObject(Inpatient Request/Page_Store/input_txtprice), "value"): Attribute 'value' of object 'Object Repository/Inpatient Request/Page_Store/input_txtprice' is: '1406'

2018-06-09 21:20:54 - [MESSAGE][PASSED] - Attribute 'value' of object 'Object Repository/Inpatient Request/Page_Store/input_txtprice' is: '1406'

2018-06-09 21:20:54 - [TEST_STEP][PASSED] - Statement - out.println("StockQty IS : " + StockQty): null

2018-06-09 21:20:54 - [TEST_STEP][PASSED] - Statement - If (java.lang.Integer.valueOf(StockQty) > java.lang.Integer.valueOf(RequestedQty)): null

2018-06-09 21:20:54 - [TEST_STEP][PASSED] - delay: Delayed 1 second(s)

2018-06-09 21:20:55 - [MESSAGE][PASSED] - Delayed 1 second(s)

2018-06-09 21:20:55 - [TEST_STEP][PASSED] - setText: Text '5' is set on object 'Object Repository/Inpatient Request/Page_Store/input_txtqty'

2018-06-09 21:20:55 - [MESSAGE][PASSED] - Text '5' is set on object 'Object Repository/Inpatient Request/Page_Store/input_txtqty'

2018-06-09 21:20:55 - [TEST_STEP][PASSED] - click: Object: 'Object Repository/Inpatient Request/Page_Store/button_Add' is clicked on

2018-06-09 21:20:55 - [MESSAGE][PASSED] - Object: 'Object Repository/Inpatient Request/Page_Store/button_Add' is clicked on

2018-06-09 21:20:55 - [TEST_STEP][PASSED] - Statement - Break: null

2018-06-09 21:20:55 - [TEST_STEP][PASSED] - selectOptionByIndex: All options with index in [12] are selected on object 'Object Repository/Inpatient Request/Page_Store/select_--Select--Alcohol Rub i'

2018-06-09 21:20:55 - [MESSAGE][PASSED] - All options with index in [12] are selected on object 'Object Repository/Inpatient Request/Page_Store/select_--Select--Alcohol Rub i'

2018-06-09 21:20:55 - [TEST_STEP][PASSED] - delay: Delayed 2 second(s)

2018-06-09 21:20:57 - [MESSAGE][PASSED] - Delayed 2 second(s)

2018-06-09 21:20:57 - [TEST_STEP][PASSED] - Statement - RequestedQty = com.kms.katalon.core.webui.keyword.WebUiBuiltInKeywords.getAttribute(com.kms.katalon.core.testobject.ObjectRepository.findTestObject(Inpatient Request/Page_Store/input_txttotal), "value"): Attribute 'value' of object 'Object Repository/Inpatient Request/Page_Store/input_txttotal' is: '5'

2018-06-09 21:20:57 - [MESSAGE][PASSED] - Attribute 'value' of object 'Object Repository/Inpatient Request/Page_Store/input_txttotal' is: '5'

2018-06-09 21:20:57 - [TEST_STEP][PASSED] - Statement - out.println("RequestedQty IS : " + RequestedQty): null

2018-06-09 21:20:57 - [TEST_STEP][PASSED] - Statement - BatchNo = com.kms.katalon.core.webui.keyword.WebUiBuiltInKeywords.getNumberOfTotalOption(com.kms.katalon.core.testobject.ObjectRepository.findTestObject(Inpatient Request/Page_Store/select_--Select--BA2910)): 3 options of object 'Object Repository/Inpatient Request/Page_Store/select_--Select--BA2910' counted

2018-06-09 21:20:57 - [MESSAGE][PASSED] - 3 options of object 'Object Repository/Inpatient Request/Page_Store/select_--Select--BA2910' counted

2018-06-09 21:20:57 - [TEST_STEP][PASSED] - Statement - For ([k = 1, k <= BatchNo - 1, (k++)]): null

2018-06-09 21:20:57 - [TEST_STEP][PASSED] - selectOptionByIndex: All options with index in [1] are selected on object 'Object Repository/Inpatient Request/Page_Store/select_--Select--BA2910'

2018-06-09 21:20:58 - [MESSAGE][PASSED] - All options with index in [1] are selected on object 'Object Repository/Inpatient Request/Page_Store/select_--Select--BA2910'

2018-06-09 21:20:58 - [TEST_STEP][PASSED] - delay: Delayed 2 second(s)

2018-06-09 21:21:00 - [MESSAGE][PASSED] - Delayed 2 second(s)

2018-06-09 21:21:00 - [TEST_STEP][PASSED] - Statement - StockQty = com.kms.katalon.core.webui.keyword.WebUiBuiltInKeywords.getAttribute(com.kms.katalon.core.testobject.ObjectRepository.findTestObject(Inpatient Request/Page_Store/input_txtprice), "value"): Attribute 'value' of object 'Object Repository/Inpatient Request/Page_Store/input_txtprice' is: '1565'

2018-06-09 21:21:00 - [MESSAGE][PASSED] - Attribute 'value' of object 'Object Repository/Inpatient Request/Page_Store/input_txtprice' is: '1565'

2018-06-09 21:21:00 - [TEST_STEP][PASSED] - Statement - out.println("StockQty IS : " + StockQty): null

2018-06-09 21:21:00 - [TEST_STEP][PASSED] - Statement - If (java.lang.Integer.valueOf(StockQty) > java.lang.Integer.valueOf(RequestedQty)): null

2018-06-09 21:21:00 - [TEST_STEP][PASSED] - delay: Delayed 1 second(s)

2018-06-09 21:21:01 - [MESSAGE][PASSED] - Delayed 1 second(s)

2018-06-09 21:21:01 - [TEST_STEP][PASSED] - setText: Text '5' is set on object 'Object Repository/Inpatient Request/Page_Store/input_txtqty'

2018-06-09 21:21:01 - [MESSAGE][PASSED] - Text '5' is set on object 'Object Repository/Inpatient Request/Page_Store/input_txtqty'

2018-06-09 21:21:01 - [TEST_STEP][PASSED] - click: Object: 'Object Repository/Inpatient Request/Page_Store/button_Add' is clicked on

2018-06-09 21:21:01 - [MESSAGE][PASSED] - Object: 'Object Repository/Inpatient Request/Page_Store/button_Add' is clicked on

2018-06-09 21:21:01 - [TEST_STEP][PASSED] - Statement - Break: null

2018-06-09 21:21:01 - [TEST_STEP][PASSED] - selectOptionByIndex: All options with index in [13] are selected on object 'Object Repository/Inpatient Request/Page_Store/select_--Select--Alcohol Rub i'

2018-06-09 21:21:01 - [MESSAGE][PASSED] - All options with index in [13] are selected on object 'Object Repository/Inpatient Request/Page_Store/select_--Select--Alcohol Rub i'

2018-06-09 21:21:01 - [TEST_STEP][PASSED] - delay: Delayed 2 second(s)

2018-06-09 21:21:03 - [MESSAGE][PASSED] - Delayed 2 second(s)

2018-06-09 21:21:03 - [TEST_STEP][PASSED] - Statement - RequestedQty = com.kms.katalon.core.webui.keyword.WebUiBuiltInKeywords.getAttribute(com.kms.katalon.core.testobject.ObjectRepository.findTestObject(Inpatient Request/Page_Store/input_txttotal), "value"): Attribute 'value' of object 'Object Repository/Inpatient Request/Page_Store/input_txttotal' is: '5'

2018-06-09 21:21:03 - [MESSAGE][PASSED] - Attribute 'value' of object 'Object Repository/Inpatient Request/Page_Store/input_txttotal' is: '5'

2018-06-09 21:21:03 - [TEST_STEP][PASSED] - Statement - out.println("RequestedQty IS : " + RequestedQty): null

2018-06-09 21:21:03 - [TEST_STEP][PASSED] - Statement - BatchNo = com.kms.katalon.core.webui.keyword.WebUiBuiltInKeywords.getNumberOfTotalOption(com.kms.katalon.core.testobject.ObjectRepository.findTestObject(Inpatient Request/Page_Store/select_--Select--BA2910)): 3 options of object 'Object Repository/Inpatient Request/Page_Store/select_--Select--BA2910' counted

2018-06-09 21:21:03 - [MESSAGE][PASSED] - 3 options of object 'Object Repository/Inpatient Request/Page_Store/select_--Select--BA2910' counted

2018-06-09 21:21:03 - [TEST_STEP][PASSED] - Statement - For ([k = 1, k <= BatchNo - 1, (k++)]): null

2018-06-09 21:21:03 - [TEST_STEP][PASSED] - selectOptionByIndex: All options with index in [1] are selected on object 'Object Repository/Inpatient Request/Page_Store/select_--Select--BA2910'

2018-06-09 21:21:03 - [MESSAGE][PASSED] - All options with index in [1] are selected on object 'Object Repository/Inpatient Request/Page_Store/select_--Select--BA2910'

2018-06-09 21:21:03 - [TEST_STEP][PASSED] - delay: Delayed 2 second(s)

2018-06-09 21:21:05 - [MESSAGE][PASSED] - Delayed 2 second(s)

2018-06-09 21:21:05 - [TEST_STEP][PASSED] - Statement - StockQty = com.kms.katalon.core.webui.keyword.WebUiBuiltInKeywords.getAttribute(com.kms.katalon.core.testobject.ObjectRepository.findTestObject(Inpatient Request/Page_Store/input_txtprice), "value"): Attribute 'value' of object 'Object Repository/Inpatient Request/Page_Store/input_txtprice' is: '625'

2018-06-09 21:21:05 - [MESSAGE][PASSED] - Attribute 'value' of object 'Object Repository/Inpatient Request/Page_Store/input_txtprice' is: '625'

2018-06-09 21:21:05 - [TEST_STEP][PASSED] - Statement - out.println("StockQty IS : " + StockQty): null

2018-06-09 21:21:05 - [TEST_STEP][PASSED] - Statement - If (java.lang.Integer.valueOf(StockQty) > java.lang.Integer.valueOf(RequestedQty)): null

2018-06-09 21:21:05 - [TEST_STEP][PASSED] - delay: Delayed 1 second(s)

2018-06-09 21:21:06 - [MESSAGE][PASSED] - Delayed 1 second(s)

2018-06-09 21:21:06 - [TEST_STEP][PASSED] - setText: Text '5' is set on object 'Object Repository/Inpatient Request/Page_Store/input_txtqty'

2018-06-09 21:21:06 - [MESSAGE][PASSED] - Text '5' is set on object 'Object Repository/Inpatient Request/Page_Store/input_txtqty'

2018-06-09 21:21:06 - [TEST_STEP][PASSED] - click: Object: 'Object Repository/Inpatient Request/Page_Store/button_Add' is clicked on

2018-06-09 21:21:06 - [MESSAGE][PASSED] - Object: 'Object Repository/Inpatient Request/Page_Store/button_Add' is clicked on

2018-06-09 21:21:06 - [TEST_STEP][PASSED] - Statement - Break: null

2018-06-09 21:21:06 - [TEST_STEP][PASSED] - selectOptionByIndex: All options with index in [14] are selected on object 'Object Repository/Inpatient Request/Page_Store/select_--Select--Alcohol Rub i'

2018-06-09 21:21:07 - [MESSAGE][PASSED] - All options with index in [14] are selected on object 'Object Repository/Inpatient Request/Page_Store/select_--Select--Alcohol Rub i'

2018-06-09 21:21:07 - [TEST_STEP][PASSED] - delay: Delayed 2 second(s)

2018-06-09 21:21:09 - [MESSAGE][PASSED] - Delayed 2 second(s)

2018-06-09 21:21:09 - [TEST_STEP][PASSED] - Statement - RequestedQty = com.kms.katalon.core.webui.keyword.WebUiBuiltInKeywords.getAttribute(com.kms.katalon.core.testobject.ObjectRepository.findTestObject(Inpatient Request/Page_Store/input_txttotal), "value"): Attribute 'value' of object 'Object Repository/Inpatient Request/Page_Store/input_txttotal' is: '5'

2018-06-09 21:21:09 - [MESSAGE][PASSED] - Attribute 'value' of object 'Object Repository/Inpatient Request/Page_Store/input_txttotal' is: '5'

2018-06-09 21:21:09 - [TEST_STEP][PASSED] - Statement - out.println("RequestedQty IS : " + RequestedQty): null

2018-06-09 21:21:09 - [TEST_STEP][PASSED] - Statement - BatchNo = com.kms.katalon.core.webui.keyword.WebUiBuiltInKeywords.getNumberOfTotalOption(com.kms.katalon.core.testobject.ObjectRepository.findTestObject(Inpatient Request/Page_Store/select_--Select--BA2910)): 3 options of object 'Object Repository/Inpatient Request/Page_Store/select_--Select--BA2910' counted

2018-06-09 21:21:09 - [MESSAGE][PASSED] - 3 options of object 'Object Repository/Inpatient Request/Page_Store/select_--Select--BA2910' counted

2018-06-09 21:21:09 - [TEST_STEP][PASSED] - Statement - For ([k = 1, k <= BatchNo - 1, (k++)]): null

2018-06-09 21:21:09 - [TEST_STEP][PASSED] - selectOptionByIndex: All options with index in [1] are selected on object 'Object Repository/Inpatient Request/Page_Store/select_--Select--BA2910'

2018-06-09 21:21:09 - [MESSAGE][PASSED] - All options with index in [1] are selected on object 'Object Repository/Inpatient Request/Page_Store/select_--Select--BA2910'

2018-06-09 21:21:09 - [TEST_STEP][PASSED] - delay: Delayed 2 second(s)

2018-06-09 21:21:11 - [MESSAGE][PASSED] - Delayed 2 second(s)

2018-06-09 21:21:11 - [TEST_STEP][PASSED] - Statement - StockQty = com.kms.katalon.core.webui.keyword.WebUiBuiltInKeywords.getAttribute(com.kms.katalon.core.testobject.ObjectRepository.findTestObject(Inpatient Request/Page_Store/input_txtprice), "value"): Attribute 'value' of object 'Object Repository/Inpatient Request/Page_Store/input_txtprice' is: '1590'

2018-06-09 21:21:11 - [MESSAGE][PASSED] - Attribute 'value' of object 'Object Repository/Inpatient Request/Page_Store/input_txtprice' is: '1590'

2018-06-09 21:21:11 - [TEST_STEP][PASSED] - Statement - out.println("StockQty IS : " + StockQty): null

2018-06-09 21:21:11 - [TEST_STEP][PASSED] - Statement - If (java.lang.Integer.valueOf(StockQty) > java.lang.Integer.valueOf(RequestedQty)): null

2018-06-09 21:21:11 - [TEST_STEP][PASSED] - delay: Delayed 1 second(s)

2018-06-09 21:21:12 - [MESSAGE][PASSED] - Delayed 1 second(s)

2018-06-09 21:21:12 - [TEST_STEP][PASSED] - setText: Text '5' is set on object 'Object Repository/Inpatient Request/Page_Store/input_txtqty'

2018-06-09 21:21:12 - [MESSAGE][PASSED] - Text '5' is set on object 'Object Repository/Inpatient Request/Page_Store/input_txtqty'

2018-06-09 21:21:12 - [TEST_STEP][PASSED] - click: Object: 'Object Repository/Inpatient Request/Page_Store/button_Add' is clicked on

2018-06-09 21:21:12 - [MESSAGE][PASSED] - Object: 'Object Repository/Inpatient Request/Page_Store/button_Add' is clicked on

2018-06-09 21:21:12 - [TEST_STEP][PASSED] - Statement - Break: null

2018-06-09 21:21:12 - [TEST_STEP][PASSED] - selectOptionByIndex: All options with index in [15] are selected on object 'Object Repository/Inpatient Request/Page_Store/select_--Select--Alcohol Rub i'

2018-06-09 21:21:12 - [MESSAGE][PASSED] - All options with index in [15] are selected on object 'Object Repository/Inpatient Request/Page_Store/select_--Select--Alcohol Rub i'

2018-06-09 21:21:12 - [TEST_STEP][PASSED] - delay: Delayed 2 second(s)

2018-06-09 21:21:14 - [MESSAGE][PASSED] - Delayed 2 second(s)

2018-06-09 21:21:14 - [TEST_STEP][PASSED] - Statement - RequestedQty = com.kms.katalon.core.webui.keyword.WebUiBuiltInKeywords.getAttribute(com.kms.katalon.core.testobject.ObjectRepository.findTestObject(Inpatient Request/Page_Store/input_txttotal), "value"): Attribute 'value' of object 'Object Repository/Inpatient Request/Page_Store/input_txttotal' is: '5'

2018-06-09 21:21:14 - [MESSAGE][PASSED] - Attribute 'value' of object 'Object Repository/Inpatient Request/Page_Store/input_txttotal' is: '5'

2018-06-09 21:21:14 - [TEST_STEP][PASSED] - Statement - out.println("RequestedQty IS : " + RequestedQty): null

2018-06-09 21:21:14 - [TEST_STEP][PASSED] - Statement - BatchNo = com.kms.katalon.core.webui.keyword.WebUiBuiltInKeywords.getNumberOfTotalOption(com.kms.katalon.core.testobject.ObjectRepository.findTestObject(Inpatient Request/Page_Store/select_--Select--BA2910)): 3 options of object 'Object Repository/Inpatient Request/Page_Store/select_--Select--BA2910' counted

2018-06-09 21:21:14 - [MESSAGE][PASSED] - 3 options of object 'Object Repository/Inpatient Request/Page_Store/select_--Select--BA2910' counted

2018-06-09 21:21:14 - [TEST_STEP][PASSED] - Statement - For ([k = 1, k <= BatchNo - 1, (k++)]): null

2018-06-09 21:21:14 - [TEST_STEP][PASSED] - selectOptionByIndex: All options with index in [1] are selected on object 'Object Repository/Inpatient Request/Page_Store/select_--Select--BA2910'

2018-06-09 21:21:15 - [MESSAGE][PASSED] - All options with index in [1] are selected on object 'Object Repository/Inpatient Request/Page_Store/select_--Select--BA2910'

2018-06-09 21:21:15 - [TEST_STEP][PASSED] - delay: Delayed 2 second(s)

2018-06-09 21:21:17 - [MESSAGE][PASSED] - Delayed 2 second(s)

2018-06-09 21:21:17 - [TEST_STEP][PASSED] - Statement - StockQty = com.kms.katalon.core.webui.keyword.WebUiBuiltInKeywords.getAttribute(com.kms.katalon.core.testobject.ObjectRepository.findTestObject(Inpatient Request/Page_Store/input_txtprice), "value"): Attribute 'value' of object 'Object Repository/Inpatient Request/Page_Store/input_txtprice' is: '1580'

2018-06-09 21:21:17 - [MESSAGE][PASSED] - Attribute 'value' of object 'Object Repository/Inpatient Request/Page_Store/input_txtprice' is: '1580'

2018-06-09 21:21:17 - [TEST_STEP][PASSED] - Statement - out.println("StockQty IS : " + StockQty): null

2018-06-09 21:21:17 - [TEST_STEP][PASSED] - Statement - If (java.lang.Integer.valueOf(StockQty) > java.lang.Integer.valueOf(RequestedQty)): null

2018-06-09 21:21:17 - [TEST_STEP][PASSED] - delay: Delayed 1 second(s)

2018-06-09 21:21:18 - [MESSAGE][PASSED] - Delayed 1 second(s)

2018-06-09 21:21:18 - [TEST_STEP][PASSED] - setText: Text '5' is set on object 'Object Repository/Inpatient Request/Page_Store/input_txtqty'

2018-06-09 21:21:18 - [MESSAGE][PASSED] - Text '5' is set on object 'Object Repository/Inpatient Request/Page_Store/input_txtqty'

2018-06-09 21:21:18 - [TEST_STEP][PASSED] - click: Object: 'Object Repository/Inpatient Request/Page_Store/button_Add' is clicked on

2018-06-09 21:21:18 - [MESSAGE][PASSED] - Object: 'Object Repository/Inpatient Request/Page_Store/button_Add' is clicked on

2018-06-09 21:21:18 - [TEST_STEP][PASSED] - Statement - Break: null

2018-06-09 21:21:18 - [TEST_STEP][PASSED] - selectOptionByIndex: All options with index in [16] are selected on object 'Object Repository/Inpatient Request/Page_Store/select_--Select--Alcohol Rub i'

2018-06-09 21:21:18 - [MESSAGE][PASSED] - All options with index in [16] are selected on object 'Object Repository/Inpatient Request/Page_Store/select_--Select--Alcohol Rub i'

2018-06-09 21:21:18 - [TEST_STEP][PASSED] - delay: Delayed 2 second(s)

2018-06-09 21:21:20 - [MESSAGE][PASSED] - Delayed 2 second(s)

2018-06-09 21:21:20 - [TEST_STEP][PASSED] - Statement - RequestedQty = com.kms.katalon.core.webui.keyword.WebUiBuiltInKeywords.getAttribute(com.kms.katalon.core.testobject.ObjectRepository.findTestObject(Inpatient Request/Page_Store/input_txttotal), "value"): Attribute 'value' of object 'Object Repository/Inpatient Request/Page_Store/input_txttotal' is: '5'

2018-06-09 21:21:20 - [MESSAGE][PASSED] - Attribute 'value' of object 'Object Repository/Inpatient Request/Page_Store/input_txttotal' is: '5'

2018-06-09 21:21:20 - [TEST_STEP][PASSED] - Statement - out.println("RequestedQty IS : " + RequestedQty): null

2018-06-09 21:21:20 - [TEST_STEP][PASSED] - Statement - BatchNo = com.kms.katalon.core.webui.keyword.WebUiBuiltInKeywords.getNumberOfTotalOption(com.kms.katalon.core.testobject.ObjectRepository.findTestObject(Inpatient Request/Page_Store/select_--Select--BA2910)): 2 options of object 'Object Repository/Inpatient Request/Page_Store/select_--Select--BA2910' counted

2018-06-09 21:21:20 - [MESSAGE][PASSED] - 2 options of object 'Object Repository/Inpatient Request/Page_Store/select_--Select--BA2910' counted

2018-06-09 21:21:20 - [TEST_STEP][PASSED] - Statement - For ([k = 1, k <= BatchNo - 1, (k++)]): null

2018-06-09 21:21:20 - [TEST_STEP][PASSED] - selectOptionByIndex: All options with index in [1] are selected on object 'Object Repository/Inpatient Request/Page_Store/select_--Select--BA2910'

2018-06-09 21:21:20 - [MESSAGE][PASSED] - All options with index in [1] are selected on object 'Object Repository/Inpatient Request/Page_Store/select_--Select--BA2910'

2018-06-09 21:21:20 - [TEST_STEP][PASSED] - delay: Delayed 2 second(s)

2018-06-09 21:21:22 - [MESSAGE][PASSED] - Delayed 2 second(s)

2018-06-09 21:21:22 - [TEST_STEP][PASSED] - Statement - StockQty = com.kms.katalon.core.webui.keyword.WebUiBuiltInKeywords.getAttribute(com.kms.katalon.core.testobject.ObjectRepository.findTestObject(Inpatient Request/Page_Store/input_txtprice), "value"): Attribute 'value' of object 'Object Repository/Inpatient Request/Page_Store/input_txtprice' is: '625'

2018-06-09 21:21:22 - [MESSAGE][PASSED] - Attribute 'value' of object 'Object Repository/Inpatient Request/Page_Store/input_txtprice' is: '625'

2018-06-09 21:21:22 - [TEST_STEP][PASSED] - Statement - out.println("StockQty IS : " + StockQty): null

2018-06-09 21:21:22 - [TEST_STEP][PASSED] - Statement - If (java.lang.Integer.valueOf(StockQty) > java.lang.Integer.valueOf(RequestedQty)): null

2018-06-09 21:21:22 - [TEST_STEP][PASSED] - delay: Delayed 1 second(s)

2018-06-09 21:21:23 - [MESSAGE][PASSED] - Delayed 1 second(s)

2018-06-09 21:21:23 - [TEST_STEP][PASSED] - setText: Text '5' is set on object 'Object Repository/Inpatient Request/Page_Store/input_txtqty'

2018-06-09 21:21:23 - [MESSAGE][PASSED] - Text '5' is set on object 'Object Repository/Inpatient Request/Page_Store/input_txtqty'

2018-06-09 21:21:23 - [TEST_STEP][PASSED] - click: Object: 'Object Repository/Inpatient Request/Page_Store/button_Add' is clicked on

2018-06-09 21:21:24 - [MESSAGE][PASSED] - Object: 'Object Repository/Inpatient Request/Page_Store/button_Add' is clicked on

2018-06-09 21:21:24 - [TEST_STEP][PASSED] - Statement - Break: null

2018-06-09 21:21:24 - [TEST_STEP][PASSED] - scrollToElement: Scroll to object 'Object Repository/Inpatient Request/Page_Store/input_btnSubmit' successfully

2018-06-09 21:21:24 - [MESSAGE][PASSED] - Scroll to object 'Object Repository/Inpatient Request/Page_Store/input_btnSubmit' successfully

2018-06-09 21:21:24 - [TEST_STEP][PASSED] - click: Object: 'Object Repository/Inpatient Request/Page_Store/input_btnSubmit' is clicked on

2018-06-09 21:21:24 - [MESSAGE][PASSED] - Object: 'Object Repository/Inpatient Request/Page_Store/input_btnSubmit' is clicked on

2018-06-09 21:21:24 - [TEST_STEP][PASSED] - delay: Delayed 3 second(s)

2018-06-09 21:21:27 - [MESSAGE][PASSED] - Delayed 3 second(s)

2018-06-09 21:21:27 - [TEST_STEP][PASSED] - click: Object: 'Object Repository/Inpatient Request/Page_Store/button_OK' is clicked on

2018-06-09 21:21:27 - [MESSAGE][PASSED] - Object: 'Object Repository/Inpatient Request/Page_Store/button_OK' is clicked on

2018-06-09 21:21:27 - [TEST_STEP][PASSED] - delay: Delayed 3 second(s)

2018-06-09 21:21:30 - [MESSAGE][PASSED] - Delayed 3 second(s)

2018-06-09 21:21:30 - [TEST_STEP][PASSED] - click: Object: 'Object Repository/Inpatient Request/Page_Store/a_dropdown-toggle' is clicked on

2018-06-09 21:21:31 - [MESSAGE][PASSED] - Object: 'Object Repository/Inpatient Request/Page_Store/a_dropdown-toggle' is clicked on

2018-06-09 21:21:31 - [TEST_STEP][PASSED] - click: Object: 'Object Repository/Inpatient Request/Page_Store/a_Sign out' is clicked on

2018-06-09 21:21:31 - [MESSAGE][PASSED] - Object: 'Object Repository/Inpatient Request/Page_Store/a_Sign out' is clicked on

2018-06-09 21:21:31 - [TEST_STEP][PASSED] - closeBrowser: Browser is closed

2018-06-09 21:21:32 - [MESSAGE][PASSED] - Browser is closed

2018-06-09 21:21:32 - [TEST_STEP][PASSED] - Statement - out.println("Schedule 5 Inpatient Request Are Working Successfully"): null]]></system-out>
         <system-err><![CDATA[]]></system-err>
      </testcase>
      <testcase name="Test Cases/INPATIENT TEST CASES/TC_INR_002 Verify Schedule 8 Inpatient Request Are Working Successfully Or Not" classname="Test Cases/INPATIENT TEST CASES/TC_INR_002 Verify Schedule 8 Inpatient Request Are Working Successfully Or Not" status="PASSED">
         <system-out><![CDATA[2018-06-09 21:21:32 - [TEST_CASE][PASSED] - Test Cases/INPATIENT TEST CASES/TC_INR_002 Verify Schedule 8 Inpatient Request Are Working Successfully Or Not: Test Cases/INPATIENT TEST CASES/TC_INR_002 Verify Schedule 8 Inpatient Request Are Working Successfully Or Not

2018-06-09 21:21:32 - [TEST_STEP][PASSED] - openBrowser: Browser is opened with url: ''

2018-06-09 21:21:34 - [MESSAGE][PASSED] - Browser is opened with url: ''

2018-06-09 21:21:34 - [TEST_STEP][PASSED] - Statement - out.println("Verify Schedule 8 Inpatient Request Are Working Successfully Or Not"): null

2018-06-09 21:21:34 - [TEST_STEP][PASSED] - navigateToUrl: Navigate to 'http://192.168.137.1/multihospital_new/' successfully

2018-06-09 21:21:36 - [MESSAGE][PASSED] - Navigate to 'http://192.168.137.1/multihospital_new/' successfully

2018-06-09 21:21:36 - [TEST_STEP][PASSED] - maximizeWindow: Current window maximized

2018-06-09 21:21:37 - [MESSAGE][PASSED] - Current window maximized

2018-06-09 21:21:37 - [TEST_STEP][PASSED] - click: Object: 'Object Repository/Inpatient Request/Page_KDMC/a_In Patient' is clicked on

2018-06-09 21:21:37 - [MESSAGE][PASSED] - Object: 'Object Repository/Inpatient Request/Page_KDMC/a_In Patient' is clicked on

2018-06-09 21:21:37 - [TEST_STEP][PASSED] - setText: Text 'brintha' is set on object 'Object Repository/Inpatient Request/Page_INPATIENT LOGIN/input_txtusername'

2018-06-09 21:21:38 - [MESSAGE][PASSED] - Text 'brintha' is set on object 'Object Repository/Inpatient Request/Page_INPATIENT LOGIN/input_txtusername'

2018-06-09 21:21:38 - [TEST_STEP][PASSED] - setText: Text '123' is set on object 'Object Repository/Inpatient Request/Page_INPATIENT LOGIN/input_txtpassword'

2018-06-09 21:21:38 - [MESSAGE][PASSED] - Text '123' is set on object 'Object Repository/Inpatient Request/Page_INPATIENT LOGIN/input_txtpassword'

2018-06-09 21:21:38 - [TEST_STEP][PASSED] - delay: Delayed 3 second(s)

2018-06-09 21:21:41 - [MESSAGE][PASSED] - Delayed 3 second(s)

2018-06-09 21:21:41 - [TEST_STEP][PASSED] - click: Object: 'Object Repository/Inpatient Request/Page_INPATIENT LOGIN/button_Sign in' is clicked on

2018-06-09 21:21:41 - [MESSAGE][PASSED] - Object: 'Object Repository/Inpatient Request/Page_INPATIENT LOGIN/button_Sign in' is clicked on

2018-06-09 21:21:41 - [TEST_STEP][PASSED] - delay: Delayed 3 second(s)

2018-06-09 21:21:44 - [MESSAGE][PASSED] - Delayed 3 second(s)

2018-06-09 21:21:44 - [TEST_STEP][PASSED] - scrollToPosition: Browser is scrolled to position x = 300, y = 300

2018-06-09 21:21:44 - [MESSAGE][PASSED] - Browser is scrolled to position x = 300, y = 300

2018-06-09 21:21:44 - [TEST_STEP][PASSED] - delay: Delayed 2 second(s)

2018-06-09 21:21:46 - [MESSAGE][PASSED] - Delayed 2 second(s)

2018-06-09 21:21:46 - [TEST_STEP][PASSED] - navigateToUrl: Navigate to 'http://192.168.137.1/Multihospital_New/StoresRequest.aspx' successfully

2018-06-09 21:21:47 - [MESSAGE][PASSED] - Navigate to 'http://192.168.137.1/Multihospital_New/StoresRequest.aspx' successfully

2018-06-09 21:21:47 - [TEST_STEP][PASSED] - delay: Delayed 3 second(s)

2018-06-09 21:21:50 - [MESSAGE][PASSED] - Delayed 3 second(s)

2018-06-09 21:21:50 - [TEST_STEP][PASSED] - refresh: Refresh successfully

2018-06-09 21:21:51 - [MESSAGE][PASSED] - Refresh successfully

2018-06-09 21:21:51 - [TEST_STEP][PASSED] - delay: Delayed 3 second(s)

2018-06-09 21:21:54 - [MESSAGE][PASSED] - Delayed 3 second(s)

2018-06-09 21:21:54 - [TEST_STEP][PASSED] - selectOptionByIndex: All options with index in [2] are selected on object 'Object Repository/Inpatient Request/Page_KDMC/select_--Select--ChildrensGene'

2018-06-09 21:21:54 - [MESSAGE][PASSED] - All options with index in [2] are selected on object 'Object Repository/Inpatient Request/Page_KDMC/select_--Select--ChildrensGene'

2018-06-09 21:21:54 - [TEST_STEP][PASSED] - Statement - Inpatient_RequestNumber = com.kms.katalon.core.webui.keyword.WebUiBuiltInKeywords.getAttribute(com.kms.katalon.core.testobject.ObjectRepository.findTestObject(Inpatient Request/Page_KDMC/input_txtno), "value"): Attribute 'value' of object 'Object Repository/Inpatient Request/Page_KDMC/input_txtno' is: 'RNO/09062018/547'

2018-06-09 21:21:54 - [MESSAGE][PASSED] - Attribute 'value' of object 'Object Repository/Inpatient Request/Page_KDMC/input_txtno' is: 'RNO/09062018/547'

2018-06-09 21:21:54 - [TEST_STEP][PASSED] - Statement - RequestNo = Inpatient_RequestNumber.split("/")[2]: null

2018-06-09 21:21:54 - [TEST_STEP][PASSED] - Statement - out.println("RqID : " + RequestNo): null

2018-06-09 21:21:54 - [TEST_STEP][PASSED] - selectOptionByIndex: All options with index in [2] are selected on object 'Object Repository/Inpatient Request/Page_KDMC/select_--Select--Schedule 5Dru'

2018-06-09 21:21:54 - [MESSAGE][PASSED] - All options with index in [2] are selected on object 'Object Repository/Inpatient Request/Page_KDMC/select_--Select--Schedule 5Dru'

2018-06-09 21:21:54 - [TEST_STEP][PASSED] - Statement - selectedoptions = com.kms.katalon.core.webui.keyword.WebUiBuiltInKeywords.getNumberOfTotalOption(com.kms.katalon.core.testobject.ObjectRepository.findTestObject(Inpatient Request/Page_KDMC/select_--Select--Alcohol Rub i)): 18 options of object 'Object Repository/Inpatient Request/Page_KDMC/select_--Select--Alcohol Rub i' counted

2018-06-09 21:21:54 - [MESSAGE][PASSED] - 18 options of object 'Object Repository/Inpatient Request/Page_KDMC/select_--Select--Alcohol Rub i' counted

2018-06-09 21:21:54 - [TEST_STEP][PASSED] - Statement - For ([i = 1, i < selectedoptions, (i++)]): Object: 'Object Repository/Inpatient Request/Page_KDMC/button_Add' is clicked on

2018-06-09 21:21:54 - [TEST_STEP][PASSED] - selectOptionByIndex: All options with index in [2] are selected on object 'Object Repository/Inpatient Request/Page_KDMC/select_--Select--Schedule 5Dru'

2018-06-09 21:21:55 - [MESSAGE][PASSED] - All options with index in [2] are selected on object 'Object Repository/Inpatient Request/Page_KDMC/select_--Select--Schedule 5Dru'

2018-06-09 21:21:55 - [TEST_STEP][PASSED] - selectOptionByIndex: All options with index in [1] are selected on object 'Object Repository/Inpatient Request/Page_KDMC/select_--Select--Alcohol Rub i'

2018-06-09 21:21:55 - [MESSAGE][PASSED] - All options with index in [1] are selected on object 'Object Repository/Inpatient Request/Page_KDMC/select_--Select--Alcohol Rub i'

2018-06-09 21:21:55 - [TEST_STEP][PASSED] - setText: Text '5' is set on object 'Object Repository/Inpatient Request/Page_KDMC/input_txttreat'

2018-06-09 21:21:55 - [MESSAGE][PASSED] - Text '5' is set on object 'Object Repository/Inpatient Request/Page_KDMC/input_txttreat'

2018-06-09 21:21:55 - [TEST_STEP][PASSED] - click: Object: 'Object Repository/Inpatient Request/Page_KDMC/button_Add' is clicked on

2018-06-09 21:21:55 - [MESSAGE][PASSED] - Object: 'Object Repository/Inpatient Request/Page_KDMC/button_Add' is clicked on

2018-06-09 21:21:55 - [TEST_STEP][PASSED] - selectOptionByIndex: All options with index in [2] are selected on object 'Object Repository/Inpatient Request/Page_KDMC/select_--Select--Schedule 5Dru'

2018-06-09 21:21:55 - [MESSAGE][PASSED] - All options with index in [2] are selected on object 'Object Repository/Inpatient Request/Page_KDMC/select_--Select--Schedule 5Dru'

2018-06-09 21:21:55 - [TEST_STEP][PASSED] - selectOptionByIndex: All options with index in [2] are selected on object 'Object Repository/Inpatient Request/Page_KDMC/select_--Select--Alcohol Rub i'

2018-06-09 21:21:55 - [MESSAGE][PASSED] - All options with index in [2] are selected on object 'Object Repository/Inpatient Request/Page_KDMC/select_--Select--Alcohol Rub i'

2018-06-09 21:21:55 - [TEST_STEP][PASSED] - setText: Text '5' is set on object 'Object Repository/Inpatient Request/Page_KDMC/input_txttreat'

2018-06-09 21:21:55 - [MESSAGE][PASSED] - Text '5' is set on object 'Object Repository/Inpatient Request/Page_KDMC/input_txttreat'

2018-06-09 21:21:55 - [TEST_STEP][PASSED] - click: Object: 'Object Repository/Inpatient Request/Page_KDMC/button_Add' is clicked on

2018-06-09 21:21:55 - [MESSAGE][PASSED] - Object: 'Object Repository/Inpatient Request/Page_KDMC/button_Add' is clicked on

2018-06-09 21:21:55 - [TEST_STEP][PASSED] - selectOptionByIndex: All options with index in [2] are selected on object 'Object Repository/Inpatient Request/Page_KDMC/select_--Select--Schedule 5Dru'

2018-06-09 21:21:56 - [MESSAGE][PASSED] - All options with index in [2] are selected on object 'Object Repository/Inpatient Request/Page_KDMC/select_--Select--Schedule 5Dru'

2018-06-09 21:21:56 - [TEST_STEP][PASSED] - selectOptionByIndex: All options with index in [3] are selected on object 'Object Repository/Inpatient Request/Page_KDMC/select_--Select--Alcohol Rub i'

2018-06-09 21:21:56 - [MESSAGE][PASSED] - All options with index in [3] are selected on object 'Object Repository/Inpatient Request/Page_KDMC/select_--Select--Alcohol Rub i'

2018-06-09 21:21:56 - [TEST_STEP][PASSED] - setText: Text '5' is set on object 'Object Repository/Inpatient Request/Page_KDMC/input_txttreat'

2018-06-09 21:21:56 - [MESSAGE][PASSED] - Text '5' is set on object 'Object Repository/Inpatient Request/Page_KDMC/input_txttreat'

2018-06-09 21:21:56 - [TEST_STEP][PASSED] - click: Object: 'Object Repository/Inpatient Request/Page_KDMC/button_Add' is clicked on

2018-06-09 21:21:56 - [MESSAGE][PASSED] - Object: 'Object Repository/Inpatient Request/Page_KDMC/button_Add' is clicked on

2018-06-09 21:21:56 - [TEST_STEP][PASSED] - selectOptionByIndex: All options with index in [2] are selected on object 'Object Repository/Inpatient Request/Page_KDMC/select_--Select--Schedule 5Dru'

2018-06-09 21:21:56 - [MESSAGE][PASSED] - All options with index in [2] are selected on object 'Object Repository/Inpatient Request/Page_KDMC/select_--Select--Schedule 5Dru'

2018-06-09 21:21:56 - [TEST_STEP][PASSED] - selectOptionByIndex: All options with index in [4] are selected on object 'Object Repository/Inpatient Request/Page_KDMC/select_--Select--Alcohol Rub i'

2018-06-09 21:21:56 - [MESSAGE][PASSED] - All options with index in [4] are selected on object 'Object Repository/Inpatient Request/Page_KDMC/select_--Select--Alcohol Rub i'

2018-06-09 21:21:56 - [TEST_STEP][PASSED] - setText: Text '5' is set on object 'Object Repository/Inpatient Request/Page_KDMC/input_txttreat'

2018-06-09 21:21:56 - [MESSAGE][PASSED] - Text '5' is set on object 'Object Repository/Inpatient Request/Page_KDMC/input_txttreat'

2018-06-09 21:21:56 - [TEST_STEP][PASSED] - click: Object: 'Object Repository/Inpatient Request/Page_KDMC/button_Add' is clicked on

2018-06-09 21:21:56 - [MESSAGE][PASSED] - Object: 'Object Repository/Inpatient Request/Page_KDMC/button_Add' is clicked on

2018-06-09 21:21:56 - [TEST_STEP][PASSED] - selectOptionByIndex: All options with index in [2] are selected on object 'Object Repository/Inpatient Request/Page_KDMC/select_--Select--Schedule 5Dru'

2018-06-09 21:21:56 - [MESSAGE][PASSED] - All options with index in [2] are selected on object 'Object Repository/Inpatient Request/Page_KDMC/select_--Select--Schedule 5Dru'

2018-06-09 21:21:56 - [TEST_STEP][PASSED] - selectOptionByIndex: All options with index in [5] are selected on object 'Object Repository/Inpatient Request/Page_KDMC/select_--Select--Alcohol Rub i'

2018-06-09 21:21:57 - [MESSAGE][PASSED] - All options with index in [5] are selected on object 'Object Repository/Inpatient Request/Page_KDMC/select_--Select--Alcohol Rub i'

2018-06-09 21:21:57 - [TEST_STEP][PASSED] - setText: Text '5' is set on object 'Object Repository/Inpatient Request/Page_KDMC/input_txttreat'

2018-06-09 21:21:57 - [MESSAGE][PASSED] - Text '5' is set on object 'Object Repository/Inpatient Request/Page_KDMC/input_txttreat'

2018-06-09 21:21:57 - [TEST_STEP][PASSED] - click: Object: 'Object Repository/Inpatient Request/Page_KDMC/button_Add' is clicked on

2018-06-09 21:21:57 - [MESSAGE][PASSED] - Object: 'Object Repository/Inpatient Request/Page_KDMC/button_Add' is clicked on

2018-06-09 21:21:57 - [TEST_STEP][PASSED] - selectOptionByIndex: All options with index in [2] are selected on object 'Object Repository/Inpatient Request/Page_KDMC/select_--Select--Schedule 5Dru'

2018-06-09 21:21:57 - [MESSAGE][PASSED] - All options with index in [2] are selected on object 'Object Repository/Inpatient Request/Page_KDMC/select_--Select--Schedule 5Dru'

2018-06-09 21:21:57 - [TEST_STEP][PASSED] - selectOptionByIndex: All options with index in [6] are selected on object 'Object Repository/Inpatient Request/Page_KDMC/select_--Select--Alcohol Rub i'

2018-06-09 21:21:57 - [MESSAGE][PASSED] - All options with index in [6] are selected on object 'Object Repository/Inpatient Request/Page_KDMC/select_--Select--Alcohol Rub i'

2018-06-09 21:21:57 - [TEST_STEP][PASSED] - setText: Text '5' is set on object 'Object Repository/Inpatient Request/Page_KDMC/input_txttreat'

2018-06-09 21:21:57 - [MESSAGE][PASSED] - Text '5' is set on object 'Object Repository/Inpatient Request/Page_KDMC/input_txttreat'

2018-06-09 21:21:57 - [TEST_STEP][PASSED] - click: Object: 'Object Repository/Inpatient Request/Page_KDMC/button_Add' is clicked on

2018-06-09 21:21:57 - [MESSAGE][PASSED] - Object: 'Object Repository/Inpatient Request/Page_KDMC/button_Add' is clicked on

2018-06-09 21:21:57 - [TEST_STEP][PASSED] - selectOptionByIndex: All options with index in [2] are selected on object 'Object Repository/Inpatient Request/Page_KDMC/select_--Select--Schedule 5Dru'

2018-06-09 21:21:57 - [MESSAGE][PASSED] - All options with index in [2] are selected on object 'Object Repository/Inpatient Request/Page_KDMC/select_--Select--Schedule 5Dru'

2018-06-09 21:21:57 - [TEST_STEP][PASSED] - selectOptionByIndex: All options with index in [7] are selected on object 'Object Repository/Inpatient Request/Page_KDMC/select_--Select--Alcohol Rub i'

2018-06-09 21:21:57 - [MESSAGE][PASSED] - All options with index in [7] are selected on object 'Object Repository/Inpatient Request/Page_KDMC/select_--Select--Alcohol Rub i'

2018-06-09 21:21:57 - [TEST_STEP][PASSED] - setText: Text '5' is set on object 'Object Repository/Inpatient Request/Page_KDMC/input_txttreat'

2018-06-09 21:21:58 - [MESSAGE][PASSED] - Text '5' is set on object 'Object Repository/Inpatient Request/Page_KDMC/input_txttreat'

2018-06-09 21:21:58 - [TEST_STEP][PASSED] - click: Object: 'Object Repository/Inpatient Request/Page_KDMC/button_Add' is clicked on

2018-06-09 21:21:58 - [MESSAGE][PASSED] - Object: 'Object Repository/Inpatient Request/Page_KDMC/button_Add' is clicked on

2018-06-09 21:21:58 - [TEST_STEP][PASSED] - selectOptionByIndex: All options with index in [2] are selected on object 'Object Repository/Inpatient Request/Page_KDMC/select_--Select--Schedule 5Dru'

2018-06-09 21:21:58 - [MESSAGE][PASSED] - All options with index in [2] are selected on object 'Object Repository/Inpatient Request/Page_KDMC/select_--Select--Schedule 5Dru'

2018-06-09 21:21:58 - [TEST_STEP][PASSED] - selectOptionByIndex: All options with index in [8] are selected on object 'Object Repository/Inpatient Request/Page_KDMC/select_--Select--Alcohol Rub i'

2018-06-09 21:21:58 - [MESSAGE][PASSED] - All options with index in [8] are selected on object 'Object Repository/Inpatient Request/Page_KDMC/select_--Select--Alcohol Rub i'

2018-06-09 21:21:58 - [TEST_STEP][PASSED] - setText: Text '5' is set on object 'Object Repository/Inpatient Request/Page_KDMC/input_txttreat'

2018-06-09 21:21:58 - [MESSAGE][PASSED] - Text '5' is set on object 'Object Repository/Inpatient Request/Page_KDMC/input_txttreat'

2018-06-09 21:21:58 - [TEST_STEP][PASSED] - click: Object: 'Object Repository/Inpatient Request/Page_KDMC/button_Add' is clicked on

2018-06-09 21:21:58 - [MESSAGE][PASSED] - Object: 'Object Repository/Inpatient Request/Page_KDMC/button_Add' is clicked on

2018-06-09 21:21:58 - [TEST_STEP][PASSED] - selectOptionByIndex: All options with index in [2] are selected on object 'Object Repository/Inpatient Request/Page_KDMC/select_--Select--Schedule 5Dru'

2018-06-09 21:21:58 - [MESSAGE][PASSED] - All options with index in [2] are selected on object 'Object Repository/Inpatient Request/Page_KDMC/select_--Select--Schedule 5Dru'

2018-06-09 21:21:58 - [TEST_STEP][PASSED] - selectOptionByIndex: All options with index in [9] are selected on object 'Object Repository/Inpatient Request/Page_KDMC/select_--Select--Alcohol Rub i'

2018-06-09 21:21:58 - [MESSAGE][PASSED] - All options with index in [9] are selected on object 'Object Repository/Inpatient Request/Page_KDMC/select_--Select--Alcohol Rub i'

2018-06-09 21:21:58 - [TEST_STEP][PASSED] - setText: Text '5' is set on object 'Object Repository/Inpatient Request/Page_KDMC/input_txttreat'

2018-06-09 21:21:59 - [MESSAGE][PASSED] - Text '5' is set on object 'Object Repository/Inpatient Request/Page_KDMC/input_txttreat'

2018-06-09 21:21:59 - [TEST_STEP][PASSED] - click: Object: 'Object Repository/Inpatient Request/Page_KDMC/button_Add' is clicked on

2018-06-09 21:21:59 - [MESSAGE][PASSED] - Object: 'Object Repository/Inpatient Request/Page_KDMC/button_Add' is clicked on

2018-06-09 21:21:59 - [TEST_STEP][PASSED] - selectOptionByIndex: All options with index in [2] are selected on object 'Object Repository/Inpatient Request/Page_KDMC/select_--Select--Schedule 5Dru'

2018-06-09 21:21:59 - [MESSAGE][PASSED] - All options with index in [2] are selected on object 'Object Repository/Inpatient Request/Page_KDMC/select_--Select--Schedule 5Dru'

2018-06-09 21:21:59 - [TEST_STEP][PASSED] - selectOptionByIndex: All options with index in [10] are selected on object 'Object Repository/Inpatient Request/Page_KDMC/select_--Select--Alcohol Rub i'

2018-06-09 21:21:59 - [MESSAGE][PASSED] - All options with index in [10] are selected on object 'Object Repository/Inpatient Request/Page_KDMC/select_--Select--Alcohol Rub i'

2018-06-09 21:21:59 - [TEST_STEP][PASSED] - setText: Text '5' is set on object 'Object Repository/Inpatient Request/Page_KDMC/input_txttreat'

2018-06-09 21:21:59 - [MESSAGE][PASSED] - Text '5' is set on object 'Object Repository/Inpatient Request/Page_KDMC/input_txttreat'

2018-06-09 21:21:59 - [TEST_STEP][PASSED] - click: Object: 'Object Repository/Inpatient Request/Page_KDMC/button_Add' is clicked on

2018-06-09 21:21:59 - [MESSAGE][PASSED] - Object: 'Object Repository/Inpatient Request/Page_KDMC/button_Add' is clicked on

2018-06-09 21:21:59 - [TEST_STEP][PASSED] - selectOptionByIndex: All options with index in [2] are selected on object 'Object Repository/Inpatient Request/Page_KDMC/select_--Select--Schedule 5Dru'

2018-06-09 21:21:59 - [MESSAGE][PASSED] - All options with index in [2] are selected on object 'Object Repository/Inpatient Request/Page_KDMC/select_--Select--Schedule 5Dru'

2018-06-09 21:21:59 - [TEST_STEP][PASSED] - selectOptionByIndex: All options with index in [11] are selected on object 'Object Repository/Inpatient Request/Page_KDMC/select_--Select--Alcohol Rub i'

2018-06-09 21:21:59 - [MESSAGE][PASSED] - All options with index in [11] are selected on object 'Object Repository/Inpatient Request/Page_KDMC/select_--Select--Alcohol Rub i'

2018-06-09 21:21:59 - [TEST_STEP][PASSED] - setText: Text '5' is set on object 'Object Repository/Inpatient Request/Page_KDMC/input_txttreat'

2018-06-09 21:22:00 - [MESSAGE][PASSED] - Text '5' is set on object 'Object Repository/Inpatient Request/Page_KDMC/input_txttreat'

2018-06-09 21:22:00 - [TEST_STEP][PASSED] - click: Object: 'Object Repository/Inpatient Request/Page_KDMC/button_Add' is clicked on

2018-06-09 21:22:00 - [MESSAGE][PASSED] - Object: 'Object Repository/Inpatient Request/Page_KDMC/button_Add' is clicked on

2018-06-09 21:22:00 - [TEST_STEP][PASSED] - selectOptionByIndex: All options with index in [2] are selected on object 'Object Repository/Inpatient Request/Page_KDMC/select_--Select--Schedule 5Dru'

2018-06-09 21:22:00 - [MESSAGE][PASSED] - All options with index in [2] are selected on object 'Object Repository/Inpatient Request/Page_KDMC/select_--Select--Schedule 5Dru'

2018-06-09 21:22:00 - [TEST_STEP][PASSED] - selectOptionByIndex: All options with index in [12] are selected on object 'Object Repository/Inpatient Request/Page_KDMC/select_--Select--Alcohol Rub i'

2018-06-09 21:22:00 - [MESSAGE][PASSED] - All options with index in [12] are selected on object 'Object Repository/Inpatient Request/Page_KDMC/select_--Select--Alcohol Rub i'

2018-06-09 21:22:00 - [TEST_STEP][PASSED] - setText: Text '5' is set on object 'Object Repository/Inpatient Request/Page_KDMC/input_txttreat'

2018-06-09 21:22:00 - [MESSAGE][PASSED] - Text '5' is set on object 'Object Repository/Inpatient Request/Page_KDMC/input_txttreat'

2018-06-09 21:22:00 - [TEST_STEP][PASSED] - click: Object: 'Object Repository/Inpatient Request/Page_KDMC/button_Add' is clicked on

2018-06-09 21:22:00 - [MESSAGE][PASSED] - Object: 'Object Repository/Inpatient Request/Page_KDMC/button_Add' is clicked on

2018-06-09 21:22:00 - [TEST_STEP][PASSED] - selectOptionByIndex: All options with index in [2] are selected on object 'Object Repository/Inpatient Request/Page_KDMC/select_--Select--Schedule 5Dru'

2018-06-09 21:22:00 - [MESSAGE][PASSED] - All options with index in [2] are selected on object 'Object Repository/Inpatient Request/Page_KDMC/select_--Select--Schedule 5Dru'

2018-06-09 21:22:00 - [TEST_STEP][PASSED] - selectOptionByIndex: All options with index in [13] are selected on object 'Object Repository/Inpatient Request/Page_KDMC/select_--Select--Alcohol Rub i'

2018-06-09 21:22:01 - [MESSAGE][PASSED] - All options with index in [13] are selected on object 'Object Repository/Inpatient Request/Page_KDMC/select_--Select--Alcohol Rub i'

2018-06-09 21:22:01 - [TEST_STEP][PASSED] - setText: Text '5' is set on object 'Object Repository/Inpatient Request/Page_KDMC/input_txttreat'

2018-06-09 21:22:01 - [MESSAGE][PASSED] - Text '5' is set on object 'Object Repository/Inpatient Request/Page_KDMC/input_txttreat'

2018-06-09 21:22:01 - [TEST_STEP][PASSED] - click: Object: 'Object Repository/Inpatient Request/Page_KDMC/button_Add' is clicked on

2018-06-09 21:22:01 - [MESSAGE][PASSED] - Object: 'Object Repository/Inpatient Request/Page_KDMC/button_Add' is clicked on

2018-06-09 21:22:01 - [TEST_STEP][PASSED] - selectOptionByIndex: All options with index in [2] are selected on object 'Object Repository/Inpatient Request/Page_KDMC/select_--Select--Schedule 5Dru'

2018-06-09 21:22:01 - [MESSAGE][PASSED] - All options with index in [2] are selected on object 'Object Repository/Inpatient Request/Page_KDMC/select_--Select--Schedule 5Dru'

2018-06-09 21:22:01 - [TEST_STEP][PASSED] - selectOptionByIndex: All options with index in [14] are selected on object 'Object Repository/Inpatient Request/Page_KDMC/select_--Select--Alcohol Rub i'

2018-06-09 21:22:01 - [MESSAGE][PASSED] - All options with index in [14] are selected on object 'Object Repository/Inpatient Request/Page_KDMC/select_--Select--Alcohol Rub i'

2018-06-09 21:22:01 - [TEST_STEP][PASSED] - setText: Text '5' is set on object 'Object Repository/Inpatient Request/Page_KDMC/input_txttreat'

2018-06-09 21:22:01 - [MESSAGE][PASSED] - Text '5' is set on object 'Object Repository/Inpatient Request/Page_KDMC/input_txttreat'

2018-06-09 21:22:01 - [TEST_STEP][PASSED] - click: Object: 'Object Repository/Inpatient Request/Page_KDMC/button_Add' is clicked on

2018-06-09 21:22:01 - [MESSAGE][PASSED] - Object: 'Object Repository/Inpatient Request/Page_KDMC/button_Add' is clicked on

2018-06-09 21:22:01 - [TEST_STEP][PASSED] - selectOptionByIndex: All options with index in [2] are selected on object 'Object Repository/Inpatient Request/Page_KDMC/select_--Select--Schedule 5Dru'

2018-06-09 21:22:01 - [MESSAGE][PASSED] - All options with index in [2] are selected on object 'Object Repository/Inpatient Request/Page_KDMC/select_--Select--Schedule 5Dru'

2018-06-09 21:22:01 - [TEST_STEP][PASSED] - selectOptionByIndex: All options with index in [15] are selected on object 'Object Repository/Inpatient Request/Page_KDMC/select_--Select--Alcohol Rub i'

2018-06-09 21:22:02 - [MESSAGE][PASSED] - All options with index in [15] are selected on object 'Object Repository/Inpatient Request/Page_KDMC/select_--Select--Alcohol Rub i'

2018-06-09 21:22:02 - [TEST_STEP][PASSED] - setText: Text '5' is set on object 'Object Repository/Inpatient Request/Page_KDMC/input_txttreat'

2018-06-09 21:22:02 - [MESSAGE][PASSED] - Text '5' is set on object 'Object Repository/Inpatient Request/Page_KDMC/input_txttreat'

2018-06-09 21:22:02 - [TEST_STEP][PASSED] - click: Object: 'Object Repository/Inpatient Request/Page_KDMC/button_Add' is clicked on

2018-06-09 21:22:02 - [MESSAGE][PASSED] - Object: 'Object Repository/Inpatient Request/Page_KDMC/button_Add' is clicked on

2018-06-09 21:22:02 - [TEST_STEP][PASSED] - selectOptionByIndex: All options with index in [2] are selected on object 'Object Repository/Inpatient Request/Page_KDMC/select_--Select--Schedule 5Dru'

2018-06-09 21:22:02 - [MESSAGE][PASSED] - All options with index in [2] are selected on object 'Object Repository/Inpatient Request/Page_KDMC/select_--Select--Schedule 5Dru'

2018-06-09 21:22:02 - [TEST_STEP][PASSED] - selectOptionByIndex: All options with index in [16] are selected on object 'Object Repository/Inpatient Request/Page_KDMC/select_--Select--Alcohol Rub i'

2018-06-09 21:22:02 - [MESSAGE][PASSED] - All options with index in [16] are selected on object 'Object Repository/Inpatient Request/Page_KDMC/select_--Select--Alcohol Rub i'

2018-06-09 21:22:02 - [TEST_STEP][PASSED] - setText: Text '5' is set on object 'Object Repository/Inpatient Request/Page_KDMC/input_txttreat'

2018-06-09 21:22:02 - [MESSAGE][PASSED] - Text '5' is set on object 'Object Repository/Inpatient Request/Page_KDMC/input_txttreat'

2018-06-09 21:22:02 - [TEST_STEP][PASSED] - click: Object: 'Object Repository/Inpatient Request/Page_KDMC/button_Add' is clicked on

2018-06-09 21:22:02 - [MESSAGE][PASSED] - Object: 'Object Repository/Inpatient Request/Page_KDMC/button_Add' is clicked on

2018-06-09 21:22:02 - [TEST_STEP][PASSED] - selectOptionByIndex: All options with index in [2] are selected on object 'Object Repository/Inpatient Request/Page_KDMC/select_--Select--Schedule 5Dru'

2018-06-09 21:22:02 - [MESSAGE][PASSED] - All options with index in [2] are selected on object 'Object Repository/Inpatient Request/Page_KDMC/select_--Select--Schedule 5Dru'

2018-06-09 21:22:02 - [TEST_STEP][PASSED] - selectOptionByIndex: All options with index in [17] are selected on object 'Object Repository/Inpatient Request/Page_KDMC/select_--Select--Alcohol Rub i'

2018-06-09 21:22:03 - [MESSAGE][PASSED] - All options with index in [17] are selected on object 'Object Repository/Inpatient Request/Page_KDMC/select_--Select--Alcohol Rub i'

2018-06-09 21:22:03 - [TEST_STEP][PASSED] - setText: Text '5' is set on object 'Object Repository/Inpatient Request/Page_KDMC/input_txttreat'

2018-06-09 21:22:03 - [MESSAGE][PASSED] - Text '5' is set on object 'Object Repository/Inpatient Request/Page_KDMC/input_txttreat'

2018-06-09 21:22:03 - [TEST_STEP][PASSED] - click: Object: 'Object Repository/Inpatient Request/Page_KDMC/button_Add' is clicked on

2018-06-09 21:22:03 - [MESSAGE][PASSED] - Object: 'Object Repository/Inpatient Request/Page_KDMC/button_Add' is clicked on

2018-06-09 21:22:03 - [TEST_STEP][PASSED] - scrollToElement: Scroll to object 'Object Repository/Inpatient Request/Page_KDMC/input_btnsave' successfully

2018-06-09 21:22:03 - [MESSAGE][PASSED] - Scroll to object 'Object Repository/Inpatient Request/Page_KDMC/input_btnsave' successfully

2018-06-09 21:22:03 - [TEST_STEP][PASSED] - click: Object: 'Object Repository/Inpatient Request/Page_KDMC/input_btnsave' is clicked on

2018-06-09 21:22:03 - [MESSAGE][PASSED] - Object: 'Object Repository/Inpatient Request/Page_KDMC/input_btnsave' is clicked on

2018-06-09 21:22:03 - [TEST_STEP][PASSED] - delay: Delayed 3 second(s)

2018-06-09 21:22:06 - [MESSAGE][PASSED] - Delayed 3 second(s)

2018-06-09 21:22:06 - [TEST_STEP][PASSED] - click: Object: 'Object Repository/Inpatient Request/Page_KDMC/button_OK' is clicked on

2018-06-09 21:22:07 - [MESSAGE][PASSED] - Object: 'Object Repository/Inpatient Request/Page_KDMC/button_OK' is clicked on

2018-06-09 21:22:07 - [TEST_STEP][PASSED] - delay: Delayed 3 second(s)

2018-06-09 21:22:10 - [MESSAGE][PASSED] - Delayed 3 second(s)

2018-06-09 21:22:10 - [TEST_STEP][PASSED] - click: Object: 'Object Repository/Inpatient Request/Page_KDMC/a_dropdown-toggle' is clicked on

2018-06-09 21:22:10 - [MESSAGE][PASSED] - Object: 'Object Repository/Inpatient Request/Page_KDMC/a_dropdown-toggle' is clicked on

2018-06-09 21:22:10 - [TEST_STEP][PASSED] - click: Object: 'Object Repository/Inpatient Request/Page_KDMC/a_Sign out' is clicked on

2018-06-09 21:22:10 - [MESSAGE][PASSED] - Object: 'Object Repository/Inpatient Request/Page_KDMC/a_Sign out' is clicked on

2018-06-09 21:22:10 - [TEST_STEP][PASSED] - delay: Delayed 3 second(s)

2018-06-09 21:22:13 - [MESSAGE][PASSED] - Delayed 3 second(s)

2018-06-09 21:22:13 - [TEST_STEP][PASSED] - click: Object: 'Object Repository/Inpatient Request/Page_KDMC/a_CMO' is clicked on

2018-06-09 21:22:14 - [MESSAGE][PASSED] - Object: 'Object Repository/Inpatient Request/Page_KDMC/a_CMO' is clicked on

2018-06-09 21:22:14 - [TEST_STEP][PASSED] - setText: Text 'guru' is set on object 'Object Repository/Inpatient Request/Page_CMO login/input_txtusername'

2018-06-09 21:22:14 - [MESSAGE][PASSED] - Text 'guru' is set on object 'Object Repository/Inpatient Request/Page_CMO login/input_txtusername'

2018-06-09 21:22:14 - [TEST_STEP][PASSED] - setText: Text '123' is set on object 'Object Repository/Inpatient Request/Page_CMO login/input_txtpassword'

2018-06-09 21:22:14 - [MESSAGE][PASSED] - Text '123' is set on object 'Object Repository/Inpatient Request/Page_CMO login/input_txtpassword'

2018-06-09 21:22:14 - [TEST_STEP][PASSED] - delay: Delayed 3 second(s)

2018-06-09 21:22:17 - [MESSAGE][PASSED] - Delayed 3 second(s)

2018-06-09 21:22:17 - [TEST_STEP][PASSED] - click: Object: 'Object Repository/Inpatient Request/Page_CMO login/button_Sign in' is clicked on

2018-06-09 21:22:17 - [MESSAGE][PASSED] - Object: 'Object Repository/Inpatient Request/Page_CMO login/button_Sign in' is clicked on

2018-06-09 21:22:17 - [TEST_STEP][PASSED] - delay: Delayed 3 second(s)

2018-06-09 21:22:20 - [MESSAGE][PASSED] - Delayed 3 second(s)

2018-06-09 21:22:20 - [TEST_STEP][PASSED] - click: Object: 'Object Repository/Inpatient Request/Page_KDMC - CMO/a_Department Wise Request' is clicked on

2018-06-09 21:22:21 - [MESSAGE][PASSED] - Object: 'Object Repository/Inpatient Request/Page_KDMC - CMO/a_Department Wise Request' is clicked on

2018-06-09 21:22:21 - [TEST_STEP][PASSED] - delay: Delayed 2 second(s)

2018-06-09 21:22:23 - [MESSAGE][PASSED] - Delayed 2 second(s)

2018-06-09 21:22:23 - [TEST_STEP][PASSED] - selectOptionByIndex: All options with index in [1] are selected on object 'Object Repository/Inpatient Request/Page_KDMC - CMO/select_--ALL--'

2018-06-09 21:22:23 - [MESSAGE][PASSED] - All options with index in [1] are selected on object 'Object Repository/Inpatient Request/Page_KDMC - CMO/select_--ALL--'

2018-06-09 21:22:23 - [TEST_STEP][PASSED] - selectOptionByIndex: All options with index in [1] are selected on object 'Object Repository/Inpatient Request/Page_KDMC - CMO/select_--ALL--                _1'

2018-06-09 21:22:23 - [MESSAGE][PASSED] - All options with index in [1] are selected on object 'Object Repository/Inpatient Request/Page_KDMC - CMO/select_--ALL--                _1'

2018-06-09 21:22:23 - [TEST_STEP][PASSED] - click: Object: 'Object Repository/Inpatient Request/Page_KDMC - CMO/input_btnsearch' is clicked on

2018-06-09 21:22:23 - [MESSAGE][PASSED] - Object: 'Object Repository/Inpatient Request/Page_KDMC - CMO/input_btnsearch' is clicked on

2018-06-09 21:22:23 - [TEST_STEP][PASSED] - delay: Delayed 2 second(s)

2018-06-09 21:22:25 - [MESSAGE][PASSED] - Delayed 2 second(s)

2018-06-09 21:22:25 - [TEST_STEP][PASSED] - Statement - ID = com.kms.katalon.core.webui.keyword.WebUiBuiltInKeywords.modifyObjectProperty(com.kms.katalon.core.testobject.ObjectRepository.findTestObject(Inpatient Request/Page_KDMC - CMO/input_1), "xpath", "equals", "//*[@id=" + RequestNo + "]", true): Modify property of object successfully

2018-06-09 21:22:25 - [MESSAGE][PASSED] - Modify property of object successfully

2018-06-09 21:22:25 - [TEST_STEP][PASSED] - click: Object: 'Object Repository/Inpatient Request/Page_KDMC - CMO/input_1' is clicked on

2018-06-09 21:22:26 - [MESSAGE][PASSED] - Object: 'Object Repository/Inpatient Request/Page_KDMC - CMO/input_1' is clicked on

2018-06-09 21:22:26 - [TEST_STEP][PASSED] - delay: Delayed 2 second(s)

2018-06-09 21:22:28 - [MESSAGE][PASSED] - Delayed 2 second(s)

2018-06-09 21:22:28 - [TEST_STEP][PASSED] - selectOptionByIndex: All options with index in [1] are selected on object 'Object Repository/Inpatient Request/Page_KDMC - CMO/select_--Select--'

2018-06-09 21:22:28 - [MESSAGE][PASSED] - All options with index in [1] are selected on object 'Object Repository/Inpatient Request/Page_KDMC - CMO/select_--Select--'

2018-06-09 21:22:28 - [TEST_STEP][PASSED] - delay: Delayed 2 second(s)

2018-06-09 21:22:30 - [MESSAGE][PASSED] - Delayed 2 second(s)

2018-06-09 21:22:30 - [TEST_STEP][PASSED] - click: Object: 'Object Repository/Inpatient Request/Page_KDMC - CMO/input_btnupdate' is clicked on

2018-06-09 21:22:30 - [MESSAGE][PASSED] - Object: 'Object Repository/Inpatient Request/Page_KDMC - CMO/input_btnupdate' is clicked on

2018-06-09 21:22:30 - [TEST_STEP][PASSED] - delay: Delayed 2 second(s)

2018-06-09 21:22:32 - [MESSAGE][PASSED] - Delayed 2 second(s)

2018-06-09 21:22:32 - [TEST_STEP][PASSED] - click: Object: 'Object Repository/Inpatient Request/Page_KDMC - CMO/button_OK' is clicked on

2018-06-09 21:22:32 - [MESSAGE][PASSED] - Object: 'Object Repository/Inpatient Request/Page_KDMC - CMO/button_OK' is clicked on

2018-06-09 21:22:32 - [TEST_STEP][PASSED] - delay: Delayed 3 second(s)

2018-06-09 21:22:35 - [MESSAGE][PASSED] - Delayed 3 second(s)

2018-06-09 21:22:35 - [TEST_STEP][PASSED] - click: Object: 'Object Repository/Inpatient Request/Page_KDMC - CMO/a_dropdown-toggle' is clicked on

2018-06-09 21:22:35 - [MESSAGE][PASSED] - Object: 'Object Repository/Inpatient Request/Page_KDMC - CMO/a_dropdown-toggle' is clicked on

2018-06-09 21:22:35 - [TEST_STEP][PASSED] - click: Object: 'Object Repository/Inpatient Request/Page_KDMC - CMO/a_Sign out' is clicked on

2018-06-09 21:22:36 - [MESSAGE][PASSED] - Object: 'Object Repository/Inpatient Request/Page_KDMC - CMO/a_Sign out' is clicked on

2018-06-09 21:22:36 - [TEST_STEP][PASSED] - delay: Delayed 3 second(s)

2018-06-09 21:22:39 - [MESSAGE][PASSED] - Delayed 3 second(s)

2018-06-09 21:22:39 - [TEST_STEP][PASSED] - click: Object: 'Object Repository/Inpatient Request/Page_KDMC/a_Divisional Store' is clicked on

2018-06-09 21:22:40 - [MESSAGE][PASSED] - Object: 'Object Repository/Inpatient Request/Page_KDMC/a_Divisional Store' is clicked on

2018-06-09 21:22:40 - [TEST_STEP][PASSED] - setText: Text 'ragu' is set on object 'Object Repository/Inpatient Request/Page_Divisonal Store Login/input_txtusername'

2018-06-09 21:22:40 - [MESSAGE][PASSED] - Text 'ragu' is set on object 'Object Repository/Inpatient Request/Page_Divisonal Store Login/input_txtusername'

2018-06-09 21:22:40 - [TEST_STEP][PASSED] - setText: Text '123' is set on object 'Object Repository/Inpatient Request/Page_Divisonal Store Login/input_txtpassword'

2018-06-09 21:22:40 - [MESSAGE][PASSED] - Text '123' is set on object 'Object Repository/Inpatient Request/Page_Divisonal Store Login/input_txtpassword'

2018-06-09 21:22:40 - [TEST_STEP][PASSED] - delay: Delayed 3 second(s)

2018-06-09 21:22:43 - [MESSAGE][PASSED] - Delayed 3 second(s)

2018-06-09 21:22:43 - [TEST_STEP][PASSED] - click: Object: 'Object Repository/Inpatient Request/Page_Divisonal Store Login/button_Sign in' is clicked on

2018-06-09 21:22:45 - [MESSAGE][PASSED] - Object: 'Object Repository/Inpatient Request/Page_Divisonal Store Login/button_Sign in' is clicked on

2018-06-09 21:22:45 - [TEST_STEP][PASSED] - delay: Delayed 3 second(s)

2018-06-09 21:22:48 - [MESSAGE][PASSED] - Delayed 3 second(s)

2018-06-09 21:22:48 - [TEST_STEP][PASSED] - click: Object: 'Object Repository/Inpatient Request/Page_Store/a_Inpatient Request' is clicked on

2018-06-09 21:22:48 - [MESSAGE][PASSED] - Object: 'Object Repository/Inpatient Request/Page_Store/a_Inpatient Request' is clicked on

2018-06-09 21:22:48 - [TEST_STEP][PASSED] - click: Object: 'Object Repository/Inpatient Request/Page_Store/a_Request Item Inpatient' is clicked on

2018-06-09 21:22:49 - [MESSAGE][PASSED] - Object: 'Object Repository/Inpatient Request/Page_Store/a_Request Item Inpatient' is clicked on

2018-06-09 21:22:49 - [TEST_STEP][PASSED] - setText: Text 'RNO/09062018/547' is set on object 'Object Repository/Inpatient Request/Page_Store/input'

2018-06-09 21:22:49 - [MESSAGE][PASSED] - Text 'RNO/09062018/547' is set on object 'Object Repository/Inpatient Request/Page_Store/input'

2018-06-09 21:22:49 - [TEST_STEP][PASSED] - Statement - InpID = com.kms.katalon.core.webui.keyword.WebUiBuiltInKeywords.modifyObjectProperty(com.kms.katalon.core.testobject.ObjectRepository.findTestObject(Inpatient Request/Page_Store/input_1), "xpath", "equals", "//*[@id=" + RequestNo + "]", true): Modify property of object successfully

2018-06-09 21:22:49 - [MESSAGE][PASSED] - Modify property of object successfully

2018-06-09 21:22:49 - [TEST_STEP][PASSED] - click: Object: 'Object Repository/Inpatient Request/Page_Store/input_1' is clicked on

2018-06-09 21:22:50 - [MESSAGE][PASSED] - Object: 'Object Repository/Inpatient Request/Page_Store/input_1' is clicked on

2018-06-09 21:22:50 - [TEST_STEP][PASSED] - Statement - medicine = com.kms.katalon.core.webui.keyword.WebUiBuiltInKeywords.getNumberOfTotalOption(com.kms.katalon.core.testobject.ObjectRepository.findTestObject(Inpatient Request/Page_Store/select_--Select--Alcohol Rub i)): 18 options of object 'Object Repository/Inpatient Request/Page_Store/select_--Select--Alcohol Rub i' counted

2018-06-09 21:22:50 - [MESSAGE][PASSED] - 18 options of object 'Object Repository/Inpatient Request/Page_Store/select_--Select--Alcohol Rub i' counted

2018-06-09 21:22:50 - [TEST_STEP][PASSED] - Statement - For ([j = 1, j <= medicine - 1, (j++)]): null

2018-06-09 21:22:50 - [TEST_STEP][PASSED] - selectOptionByIndex: All options with index in [1] are selected on object 'Object Repository/Inpatient Request/Page_Store/select_--Select--Alcohol Rub i'

2018-06-09 21:22:50 - [MESSAGE][PASSED] - All options with index in [1] are selected on object 'Object Repository/Inpatient Request/Page_Store/select_--Select--Alcohol Rub i'

2018-06-09 21:22:50 - [TEST_STEP][PASSED] - delay: Delayed 2 second(s)

2018-06-09 21:22:52 - [MESSAGE][PASSED] - Delayed 2 second(s)

2018-06-09 21:22:52 - [TEST_STEP][PASSED] - Statement - RequestedQty = com.kms.katalon.core.webui.keyword.WebUiBuiltInKeywords.getAttribute(com.kms.katalon.core.testobject.ObjectRepository.findTestObject(Inpatient Request/Page_Store/input_txttotal), "value"): Attribute 'value' of object 'Object Repository/Inpatient Request/Page_Store/input_txttotal' is: '5'

2018-06-09 21:22:52 - [MESSAGE][PASSED] - Attribute 'value' of object 'Object Repository/Inpatient Request/Page_Store/input_txttotal' is: '5'

2018-06-09 21:22:52 - [TEST_STEP][PASSED] - Statement - out.println("RequestedQty IS : " + RequestedQty): null

2018-06-09 21:22:52 - [TEST_STEP][PASSED] - Statement - BatchNo = com.kms.katalon.core.webui.keyword.WebUiBuiltInKeywords.getNumberOfTotalOption(com.kms.katalon.core.testobject.ObjectRepository.findTestObject(Inpatient Request/Page_Store/select_--Select--BA2910)): 2 options of object 'Object Repository/Inpatient Request/Page_Store/select_--Select--BA2910' counted

2018-06-09 21:22:52 - [MESSAGE][PASSED] - 2 options of object 'Object Repository/Inpatient Request/Page_Store/select_--Select--BA2910' counted

2018-06-09 21:22:52 - [TEST_STEP][PASSED] - Statement - For ([k = 1, k <= BatchNo - 1, (k++)]): null

2018-06-09 21:22:52 - [TEST_STEP][PASSED] - selectOptionByIndex: All options with index in [1] are selected on object 'Object Repository/Inpatient Request/Page_Store/select_--Select--BA2910'

2018-06-09 21:22:53 - [MESSAGE][PASSED] - All options with index in [1] are selected on object 'Object Repository/Inpatient Request/Page_Store/select_--Select--BA2910'

2018-06-09 21:22:53 - [TEST_STEP][PASSED] - delay: Delayed 2 second(s)

2018-06-09 21:22:55 - [MESSAGE][PASSED] - Delayed 2 second(s)

2018-06-09 21:22:55 - [TEST_STEP][PASSED] - Statement - StockQty = com.kms.katalon.core.webui.keyword.WebUiBuiltInKeywords.getAttribute(com.kms.katalon.core.testobject.ObjectRepository.findTestObject(Inpatient Request/Page_Store/input_txtprice), "value"): Attribute 'value' of object 'Object Repository/Inpatient Request/Page_Store/input_txtprice' is: '1780'

2018-06-09 21:22:55 - [MESSAGE][PASSED] - Attribute 'value' of object 'Object Repository/Inpatient Request/Page_Store/input_txtprice' is: '1780'

2018-06-09 21:22:55 - [TEST_STEP][PASSED] - Statement - out.println("StockQty IS : " + StockQty): null

2018-06-09 21:22:55 - [TEST_STEP][PASSED] - Statement - If (java.lang.Integer.valueOf(StockQty) > java.lang.Integer.valueOf(RequestedQty)): null

2018-06-09 21:22:55 - [TEST_STEP][PASSED] - delay: Delayed 1 second(s)

2018-06-09 21:22:56 - [MESSAGE][PASSED] - Delayed 1 second(s)

2018-06-09 21:22:56 - [TEST_STEP][PASSED] - setText: Text '5' is set on object 'Object Repository/Inpatient Request/Page_Store/input_txtqty'

2018-06-09 21:22:56 - [MESSAGE][PASSED] - Text '5' is set on object 'Object Repository/Inpatient Request/Page_Store/input_txtqty'

2018-06-09 21:22:56 - [TEST_STEP][PASSED] - click: Object: 'Object Repository/Inpatient Request/Page_Store/button_Add' is clicked on

2018-06-09 21:22:56 - [MESSAGE][PASSED] - Object: 'Object Repository/Inpatient Request/Page_Store/button_Add' is clicked on

2018-06-09 21:22:56 - [TEST_STEP][PASSED] - Statement - Break: null

2018-06-09 21:22:56 - [TEST_STEP][PASSED] - selectOptionByIndex: All options with index in [2] are selected on object 'Object Repository/Inpatient Request/Page_Store/select_--Select--Alcohol Rub i'

2018-06-09 21:22:56 - [MESSAGE][PASSED] - All options with index in [2] are selected on object 'Object Repository/Inpatient Request/Page_Store/select_--Select--Alcohol Rub i'

2018-06-09 21:22:56 - [TEST_STEP][PASSED] - delay: Delayed 2 second(s)

2018-06-09 21:22:58 - [MESSAGE][PASSED] - Delayed 2 second(s)

2018-06-09 21:22:58 - [TEST_STEP][PASSED] - Statement - RequestedQty = com.kms.katalon.core.webui.keyword.WebUiBuiltInKeywords.getAttribute(com.kms.katalon.core.testobject.ObjectRepository.findTestObject(Inpatient Request/Page_Store/input_txttotal), "value"): Attribute 'value' of object 'Object Repository/Inpatient Request/Page_Store/input_txttotal' is: '5'

2018-06-09 21:22:58 - [MESSAGE][PASSED] - Attribute 'value' of object 'Object Repository/Inpatient Request/Page_Store/input_txttotal' is: '5'

2018-06-09 21:22:58 - [TEST_STEP][PASSED] - Statement - out.println("RequestedQty IS : " + RequestedQty): null

2018-06-09 21:22:58 - [TEST_STEP][PASSED] - Statement - BatchNo = com.kms.katalon.core.webui.keyword.WebUiBuiltInKeywords.getNumberOfTotalOption(com.kms.katalon.core.testobject.ObjectRepository.findTestObject(Inpatient Request/Page_Store/select_--Select--BA2910)): 3 options of object 'Object Repository/Inpatient Request/Page_Store/select_--Select--BA2910' counted

2018-06-09 21:22:58 - [MESSAGE][PASSED] - 3 options of object 'Object Repository/Inpatient Request/Page_Store/select_--Select--BA2910' counted

2018-06-09 21:22:58 - [TEST_STEP][PASSED] - Statement - For ([k = 1, k <= BatchNo - 1, (k++)]): null

2018-06-09 21:22:58 - [TEST_STEP][PASSED] - selectOptionByIndex: All options with index in [1] are selected on object 'Object Repository/Inpatient Request/Page_Store/select_--Select--BA2910'

2018-06-09 21:22:58 - [MESSAGE][PASSED] - All options with index in [1] are selected on object 'Object Repository/Inpatient Request/Page_Store/select_--Select--BA2910'

2018-06-09 21:22:58 - [TEST_STEP][PASSED] - delay: Delayed 2 second(s)

2018-06-09 21:23:00 - [MESSAGE][PASSED] - Delayed 2 second(s)

2018-06-09 21:23:00 - [TEST_STEP][PASSED] - Statement - StockQty = com.kms.katalon.core.webui.keyword.WebUiBuiltInKeywords.getAttribute(com.kms.katalon.core.testobject.ObjectRepository.findTestObject(Inpatient Request/Page_Store/input_txtprice), "value"): Attribute 'value' of object 'Object Repository/Inpatient Request/Page_Store/input_txtprice' is: '632'

2018-06-09 21:23:00 - [MESSAGE][PASSED] - Attribute 'value' of object 'Object Repository/Inpatient Request/Page_Store/input_txtprice' is: '632'

2018-06-09 21:23:00 - [TEST_STEP][PASSED] - Statement - out.println("StockQty IS : " + StockQty): null

2018-06-09 21:23:00 - [TEST_STEP][PASSED] - Statement - If (java.lang.Integer.valueOf(StockQty) > java.lang.Integer.valueOf(RequestedQty)): null

2018-06-09 21:23:00 - [TEST_STEP][PASSED] - delay: Delayed 1 second(s)

2018-06-09 21:23:01 - [MESSAGE][PASSED] - Delayed 1 second(s)

2018-06-09 21:23:01 - [TEST_STEP][PASSED] - setText: Text '5' is set on object 'Object Repository/Inpatient Request/Page_Store/input_txtqty'

2018-06-09 21:23:01 - [MESSAGE][PASSED] - Text '5' is set on object 'Object Repository/Inpatient Request/Page_Store/input_txtqty'

2018-06-09 21:23:01 - [TEST_STEP][PASSED] - click: Object: 'Object Repository/Inpatient Request/Page_Store/button_Add' is clicked on

2018-06-09 21:23:01 - [MESSAGE][PASSED] - Object: 'Object Repository/Inpatient Request/Page_Store/button_Add' is clicked on

2018-06-09 21:23:01 - [TEST_STEP][PASSED] - Statement - Break: null

2018-06-09 21:23:01 - [TEST_STEP][PASSED] - selectOptionByIndex: All options with index in [3] are selected on object 'Object Repository/Inpatient Request/Page_Store/select_--Select--Alcohol Rub i'

2018-06-09 21:23:02 - [MESSAGE][PASSED] - All options with index in [3] are selected on object 'Object Repository/Inpatient Request/Page_Store/select_--Select--Alcohol Rub i'

2018-06-09 21:23:02 - [TEST_STEP][PASSED] - delay: Delayed 2 second(s)

2018-06-09 21:23:04 - [MESSAGE][PASSED] - Delayed 2 second(s)

2018-06-09 21:23:04 - [TEST_STEP][PASSED] - Statement - RequestedQty = com.kms.katalon.core.webui.keyword.WebUiBuiltInKeywords.getAttribute(com.kms.katalon.core.testobject.ObjectRepository.findTestObject(Inpatient Request/Page_Store/input_txttotal), "value"): Attribute 'value' of object 'Object Repository/Inpatient Request/Page_Store/input_txttotal' is: '5'

2018-06-09 21:23:04 - [MESSAGE][PASSED] - Attribute 'value' of object 'Object Repository/Inpatient Request/Page_Store/input_txttotal' is: '5'

2018-06-09 21:23:04 - [TEST_STEP][PASSED] - Statement - out.println("RequestedQty IS : " + RequestedQty): null

2018-06-09 21:23:04 - [TEST_STEP][PASSED] - Statement - BatchNo = com.kms.katalon.core.webui.keyword.WebUiBuiltInKeywords.getNumberOfTotalOption(com.kms.katalon.core.testobject.ObjectRepository.findTestObject(Inpatient Request/Page_Store/select_--Select--BA2910)): 3 options of object 'Object Repository/Inpatient Request/Page_Store/select_--Select--BA2910' counted

2018-06-09 21:23:04 - [MESSAGE][PASSED] - 3 options of object 'Object Repository/Inpatient Request/Page_Store/select_--Select--BA2910' counted

2018-06-09 21:23:04 - [TEST_STEP][PASSED] - Statement - For ([k = 1, k <= BatchNo - 1, (k++)]): null

2018-06-09 21:23:04 - [TEST_STEP][PASSED] - selectOptionByIndex: All options with index in [1] are selected on object 'Object Repository/Inpatient Request/Page_Store/select_--Select--BA2910'

2018-06-09 21:23:04 - [MESSAGE][PASSED] - All options with index in [1] are selected on object 'Object Repository/Inpatient Request/Page_Store/select_--Select--BA2910'

2018-06-09 21:23:04 - [TEST_STEP][PASSED] - delay: Delayed 2 second(s)

2018-06-09 21:23:06 - [MESSAGE][PASSED] - Delayed 2 second(s)

2018-06-09 21:23:06 - [TEST_STEP][PASSED] - Statement - StockQty = com.kms.katalon.core.webui.keyword.WebUiBuiltInKeywords.getAttribute(com.kms.katalon.core.testobject.ObjectRepository.findTestObject(Inpatient Request/Page_Store/input_txtprice), "value"): Attribute 'value' of object 'Object Repository/Inpatient Request/Page_Store/input_txtprice' is: '1680'

2018-06-09 21:23:06 - [MESSAGE][PASSED] - Attribute 'value' of object 'Object Repository/Inpatient Request/Page_Store/input_txtprice' is: '1680'

2018-06-09 21:23:06 - [TEST_STEP][PASSED] - Statement - out.println("StockQty IS : " + StockQty): null

2018-06-09 21:23:06 - [TEST_STEP][PASSED] - Statement - If (java.lang.Integer.valueOf(StockQty) > java.lang.Integer.valueOf(RequestedQty)): null

2018-06-09 21:23:06 - [TEST_STEP][PASSED] - delay: Delayed 1 second(s)

2018-06-09 21:23:07 - [MESSAGE][PASSED] - Delayed 1 second(s)

2018-06-09 21:23:07 - [TEST_STEP][PASSED] - setText: Text '5' is set on object 'Object Repository/Inpatient Request/Page_Store/input_txtqty'

2018-06-09 21:23:07 - [MESSAGE][PASSED] - Text '5' is set on object 'Object Repository/Inpatient Request/Page_Store/input_txtqty'

2018-06-09 21:23:07 - [TEST_STEP][PASSED] - click: Object: 'Object Repository/Inpatient Request/Page_Store/button_Add' is clicked on

2018-06-09 21:23:07 - [MESSAGE][PASSED] - Object: 'Object Repository/Inpatient Request/Page_Store/button_Add' is clicked on

2018-06-09 21:23:07 - [TEST_STEP][PASSED] - Statement - Break: null

2018-06-09 21:23:07 - [TEST_STEP][PASSED] - selectOptionByIndex: All options with index in [4] are selected on object 'Object Repository/Inpatient Request/Page_Store/select_--Select--Alcohol Rub i'

2018-06-09 21:23:07 - [MESSAGE][PASSED] - All options with index in [4] are selected on object 'Object Repository/Inpatient Request/Page_Store/select_--Select--Alcohol Rub i'

2018-06-09 21:23:07 - [TEST_STEP][PASSED] - delay: Delayed 2 second(s)

2018-06-09 21:23:09 - [MESSAGE][PASSED] - Delayed 2 second(s)

2018-06-09 21:23:09 - [TEST_STEP][PASSED] - Statement - RequestedQty = com.kms.katalon.core.webui.keyword.WebUiBuiltInKeywords.getAttribute(com.kms.katalon.core.testobject.ObjectRepository.findTestObject(Inpatient Request/Page_Store/input_txttotal), "value"): Attribute 'value' of object 'Object Repository/Inpatient Request/Page_Store/input_txttotal' is: '5'

2018-06-09 21:23:09 - [MESSAGE][PASSED] - Attribute 'value' of object 'Object Repository/Inpatient Request/Page_Store/input_txttotal' is: '5'

2018-06-09 21:23:09 - [TEST_STEP][PASSED] - Statement - out.println("RequestedQty IS : " + RequestedQty): null

2018-06-09 21:23:09 - [TEST_STEP][PASSED] - Statement - BatchNo = com.kms.katalon.core.webui.keyword.WebUiBuiltInKeywords.getNumberOfTotalOption(com.kms.katalon.core.testobject.ObjectRepository.findTestObject(Inpatient Request/Page_Store/select_--Select--BA2910)): 3 options of object 'Object Repository/Inpatient Request/Page_Store/select_--Select--BA2910' counted

2018-06-09 21:23:09 - [MESSAGE][PASSED] - 3 options of object 'Object Repository/Inpatient Request/Page_Store/select_--Select--BA2910' counted

2018-06-09 21:23:09 - [TEST_STEP][PASSED] - Statement - For ([k = 1, k <= BatchNo - 1, (k++)]): null

2018-06-09 21:23:09 - [TEST_STEP][PASSED] - selectOptionByIndex: All options with index in [1] are selected on object 'Object Repository/Inpatient Request/Page_Store/select_--Select--BA2910'

2018-06-09 21:23:09 - [MESSAGE][PASSED] - All options with index in [1] are selected on object 'Object Repository/Inpatient Request/Page_Store/select_--Select--BA2910'

2018-06-09 21:23:09 - [TEST_STEP][PASSED] - delay: Delayed 2 second(s)

2018-06-09 21:23:11 - [MESSAGE][PASSED] - Delayed 2 second(s)

2018-06-09 21:23:11 - [TEST_STEP][PASSED] - Statement - StockQty = com.kms.katalon.core.webui.keyword.WebUiBuiltInKeywords.getAttribute(com.kms.katalon.core.testobject.ObjectRepository.findTestObject(Inpatient Request/Page_Store/input_txtprice), "value"): Attribute 'value' of object 'Object Repository/Inpatient Request/Page_Store/input_txtprice' is: '780'

2018-06-09 21:23:11 - [MESSAGE][PASSED] - Attribute 'value' of object 'Object Repository/Inpatient Request/Page_Store/input_txtprice' is: '780'

2018-06-09 21:23:11 - [TEST_STEP][PASSED] - Statement - out.println("StockQty IS : " + StockQty): null

2018-06-09 21:23:11 - [TEST_STEP][PASSED] - Statement - If (java.lang.Integer.valueOf(StockQty) > java.lang.Integer.valueOf(RequestedQty)): null

2018-06-09 21:23:11 - [TEST_STEP][PASSED] - delay: Delayed 1 second(s)

2018-06-09 21:23:12 - [MESSAGE][PASSED] - Delayed 1 second(s)

2018-06-09 21:23:12 - [TEST_STEP][PASSED] - setText: Text '5' is set on object 'Object Repository/Inpatient Request/Page_Store/input_txtqty'

2018-06-09 21:23:12 - [MESSAGE][PASSED] - Text '5' is set on object 'Object Repository/Inpatient Request/Page_Store/input_txtqty'

2018-06-09 21:23:12 - [TEST_STEP][PASSED] - click: Object: 'Object Repository/Inpatient Request/Page_Store/button_Add' is clicked on

2018-06-09 21:23:12 - [MESSAGE][PASSED] - Object: 'Object Repository/Inpatient Request/Page_Store/button_Add' is clicked on

2018-06-09 21:23:12 - [TEST_STEP][PASSED] - Statement - Break: null

2018-06-09 21:23:12 - [TEST_STEP][PASSED] - selectOptionByIndex: All options with index in [5] are selected on object 'Object Repository/Inpatient Request/Page_Store/select_--Select--Alcohol Rub i'

2018-06-09 21:23:13 - [MESSAGE][PASSED] - All options with index in [5] are selected on object 'Object Repository/Inpatient Request/Page_Store/select_--Select--Alcohol Rub i'

2018-06-09 21:23:13 - [TEST_STEP][PASSED] - delay: Delayed 2 second(s)

2018-06-09 21:23:15 - [MESSAGE][PASSED] - Delayed 2 second(s)

2018-06-09 21:23:15 - [TEST_STEP][PASSED] - Statement - RequestedQty = com.kms.katalon.core.webui.keyword.WebUiBuiltInKeywords.getAttribute(com.kms.katalon.core.testobject.ObjectRepository.findTestObject(Inpatient Request/Page_Store/input_txttotal), "value"): Attribute 'value' of object 'Object Repository/Inpatient Request/Page_Store/input_txttotal' is: '5'

2018-06-09 21:23:15 - [MESSAGE][PASSED] - Attribute 'value' of object 'Object Repository/Inpatient Request/Page_Store/input_txttotal' is: '5'

2018-06-09 21:23:15 - [TEST_STEP][PASSED] - Statement - out.println("RequestedQty IS : " + RequestedQty): null

2018-06-09 21:23:15 - [TEST_STEP][PASSED] - Statement - BatchNo = com.kms.katalon.core.webui.keyword.WebUiBuiltInKeywords.getNumberOfTotalOption(com.kms.katalon.core.testobject.ObjectRepository.findTestObject(Inpatient Request/Page_Store/select_--Select--BA2910)): 3 options of object 'Object Repository/Inpatient Request/Page_Store/select_--Select--BA2910' counted

2018-06-09 21:23:15 - [MESSAGE][PASSED] - 3 options of object 'Object Repository/Inpatient Request/Page_Store/select_--Select--BA2910' counted

2018-06-09 21:23:15 - [TEST_STEP][PASSED] - Statement - For ([k = 1, k <= BatchNo - 1, (k++)]): null

2018-06-09 21:23:15 - [TEST_STEP][PASSED] - selectOptionByIndex: All options with index in [1] are selected on object 'Object Repository/Inpatient Request/Page_Store/select_--Select--BA2910'

2018-06-09 21:23:15 - [MESSAGE][PASSED] - All options with index in [1] are selected on object 'Object Repository/Inpatient Request/Page_Store/select_--Select--BA2910'

2018-06-09 21:23:15 - [TEST_STEP][PASSED] - delay: Delayed 2 second(s)

2018-06-09 21:23:17 - [MESSAGE][PASSED] - Delayed 2 second(s)

2018-06-09 21:23:17 - [TEST_STEP][PASSED] - Statement - StockQty = com.kms.katalon.core.webui.keyword.WebUiBuiltInKeywords.getAttribute(com.kms.katalon.core.testobject.ObjectRepository.findTestObject(Inpatient Request/Page_Store/input_txtprice), "value"): Attribute 'value' of object 'Object Repository/Inpatient Request/Page_Store/input_txtprice' is: '770'

2018-06-09 21:23:17 - [MESSAGE][PASSED] - Attribute 'value' of object 'Object Repository/Inpatient Request/Page_Store/input_txtprice' is: '770'

2018-06-09 21:23:17 - [TEST_STEP][PASSED] - Statement - out.println("StockQty IS : " + StockQty): null

2018-06-09 21:23:17 - [TEST_STEP][PASSED] - Statement - If (java.lang.Integer.valueOf(StockQty) > java.lang.Integer.valueOf(RequestedQty)): null

2018-06-09 21:23:17 - [TEST_STEP][PASSED] - delay: Delayed 1 second(s)

2018-06-09 21:23:18 - [MESSAGE][PASSED] - Delayed 1 second(s)

2018-06-09 21:23:18 - [TEST_STEP][PASSED] - setText: Text '5' is set on object 'Object Repository/Inpatient Request/Page_Store/input_txtqty'

2018-06-09 21:23:18 - [MESSAGE][PASSED] - Text '5' is set on object 'Object Repository/Inpatient Request/Page_Store/input_txtqty'

2018-06-09 21:23:18 - [TEST_STEP][PASSED] - click: Object: 'Object Repository/Inpatient Request/Page_Store/button_Add' is clicked on

2018-06-09 21:23:18 - [MESSAGE][PASSED] - Object: 'Object Repository/Inpatient Request/Page_Store/button_Add' is clicked on

2018-06-09 21:23:18 - [TEST_STEP][PASSED] - Statement - Break: null

2018-06-09 21:23:18 - [TEST_STEP][PASSED] - selectOptionByIndex: All options with index in [6] are selected on object 'Object Repository/Inpatient Request/Page_Store/select_--Select--Alcohol Rub i'

2018-06-09 21:23:18 - [MESSAGE][PASSED] - All options with index in [6] are selected on object 'Object Repository/Inpatient Request/Page_Store/select_--Select--Alcohol Rub i'

2018-06-09 21:23:18 - [TEST_STEP][PASSED] - delay: Delayed 2 second(s)

2018-06-09 21:23:20 - [MESSAGE][PASSED] - Delayed 2 second(s)

2018-06-09 21:23:20 - [TEST_STEP][PASSED] - Statement - RequestedQty = com.kms.katalon.core.webui.keyword.WebUiBuiltInKeywords.getAttribute(com.kms.katalon.core.testobject.ObjectRepository.findTestObject(Inpatient Request/Page_Store/input_txttotal), "value"): Attribute 'value' of object 'Object Repository/Inpatient Request/Page_Store/input_txttotal' is: '5'

2018-06-09 21:23:20 - [MESSAGE][PASSED] - Attribute 'value' of object 'Object Repository/Inpatient Request/Page_Store/input_txttotal' is: '5'

2018-06-09 21:23:20 - [TEST_STEP][PASSED] - Statement - out.println("RequestedQty IS : " + RequestedQty): null

2018-06-09 21:23:20 - [TEST_STEP][PASSED] - Statement - BatchNo = com.kms.katalon.core.webui.keyword.WebUiBuiltInKeywords.getNumberOfTotalOption(com.kms.katalon.core.testobject.ObjectRepository.findTestObject(Inpatient Request/Page_Store/select_--Select--BA2910)): 3 options of object 'Object Repository/Inpatient Request/Page_Store/select_--Select--BA2910' counted

2018-06-09 21:23:20 - [MESSAGE][PASSED] - 3 options of object 'Object Repository/Inpatient Request/Page_Store/select_--Select--BA2910' counted

2018-06-09 21:23:20 - [TEST_STEP][PASSED] - Statement - For ([k = 1, k <= BatchNo - 1, (k++)]): null

2018-06-09 21:23:20 - [TEST_STEP][PASSED] - selectOptionByIndex: All options with index in [1] are selected on object 'Object Repository/Inpatient Request/Page_Store/select_--Select--BA2910'

2018-06-09 21:23:20 - [MESSAGE][PASSED] - All options with index in [1] are selected on object 'Object Repository/Inpatient Request/Page_Store/select_--Select--BA2910'

2018-06-09 21:23:20 - [TEST_STEP][PASSED] - delay: Delayed 2 second(s)

2018-06-09 21:23:22 - [MESSAGE][PASSED] - Delayed 2 second(s)

2018-06-09 21:23:22 - [TEST_STEP][PASSED] - Statement - StockQty = com.kms.katalon.core.webui.keyword.WebUiBuiltInKeywords.getAttribute(com.kms.katalon.core.testobject.ObjectRepository.findTestObject(Inpatient Request/Page_Store/input_txtprice), "value"): Attribute 'value' of object 'Object Repository/Inpatient Request/Page_Store/input_txtprice' is: '770'

2018-06-09 21:23:22 - [MESSAGE][PASSED] - Attribute 'value' of object 'Object Repository/Inpatient Request/Page_Store/input_txtprice' is: '770'

2018-06-09 21:23:22 - [TEST_STEP][PASSED] - Statement - out.println("StockQty IS : " + StockQty): null

2018-06-09 21:23:22 - [TEST_STEP][PASSED] - Statement - If (java.lang.Integer.valueOf(StockQty) > java.lang.Integer.valueOf(RequestedQty)): null

2018-06-09 21:23:22 - [TEST_STEP][PASSED] - delay: Delayed 1 second(s)

2018-06-09 21:23:23 - [MESSAGE][PASSED] - Delayed 1 second(s)

2018-06-09 21:23:23 - [TEST_STEP][PASSED] - setText: Text '5' is set on object 'Object Repository/Inpatient Request/Page_Store/input_txtqty'

2018-06-09 21:23:23 - [MESSAGE][PASSED] - Text '5' is set on object 'Object Repository/Inpatient Request/Page_Store/input_txtqty'

2018-06-09 21:23:23 - [TEST_STEP][PASSED] - click: Object: 'Object Repository/Inpatient Request/Page_Store/button_Add' is clicked on

2018-06-09 21:23:24 - [MESSAGE][PASSED] - Object: 'Object Repository/Inpatient Request/Page_Store/button_Add' is clicked on

2018-06-09 21:23:24 - [TEST_STEP][PASSED] - Statement - Break: null

2018-06-09 21:23:24 - [TEST_STEP][PASSED] - selectOptionByIndex: All options with index in [7] are selected on object 'Object Repository/Inpatient Request/Page_Store/select_--Select--Alcohol Rub i'

2018-06-09 21:23:24 - [MESSAGE][PASSED] - All options with index in [7] are selected on object 'Object Repository/Inpatient Request/Page_Store/select_--Select--Alcohol Rub i'

2018-06-09 21:23:24 - [TEST_STEP][PASSED] - delay: Delayed 2 second(s)

2018-06-09 21:23:26 - [MESSAGE][PASSED] - Delayed 2 second(s)

2018-06-09 21:23:26 - [TEST_STEP][PASSED] - Statement - RequestedQty = com.kms.katalon.core.webui.keyword.WebUiBuiltInKeywords.getAttribute(com.kms.katalon.core.testobject.ObjectRepository.findTestObject(Inpatient Request/Page_Store/input_txttotal), "value"): Attribute 'value' of object 'Object Repository/Inpatient Request/Page_Store/input_txttotal' is: '5'

2018-06-09 21:23:26 - [MESSAGE][PASSED] - Attribute 'value' of object 'Object Repository/Inpatient Request/Page_Store/input_txttotal' is: '5'

2018-06-09 21:23:26 - [TEST_STEP][PASSED] - Statement - out.println("RequestedQty IS : " + RequestedQty): null

2018-06-09 21:23:26 - [TEST_STEP][PASSED] - Statement - BatchNo = com.kms.katalon.core.webui.keyword.WebUiBuiltInKeywords.getNumberOfTotalOption(com.kms.katalon.core.testobject.ObjectRepository.findTestObject(Inpatient Request/Page_Store/select_--Select--BA2910)): 2 options of object 'Object Repository/Inpatient Request/Page_Store/select_--Select--BA2910' counted

2018-06-09 21:23:26 - [MESSAGE][PASSED] - 2 options of object 'Object Repository/Inpatient Request/Page_Store/select_--Select--BA2910' counted

2018-06-09 21:23:26 - [TEST_STEP][PASSED] - Statement - For ([k = 1, k <= BatchNo - 1, (k++)]): null

2018-06-09 21:23:26 - [TEST_STEP][PASSED] - selectOptionByIndex: All options with index in [1] are selected on object 'Object Repository/Inpatient Request/Page_Store/select_--Select--BA2910'

2018-06-09 21:23:26 - [MESSAGE][PASSED] - All options with index in [1] are selected on object 'Object Repository/Inpatient Request/Page_Store/select_--Select--BA2910'

2018-06-09 21:23:26 - [TEST_STEP][PASSED] - delay: Delayed 2 second(s)

2018-06-09 21:23:28 - [MESSAGE][PASSED] - Delayed 2 second(s)

2018-06-09 21:23:28 - [TEST_STEP][PASSED] - Statement - StockQty = com.kms.katalon.core.webui.keyword.WebUiBuiltInKeywords.getAttribute(com.kms.katalon.core.testobject.ObjectRepository.findTestObject(Inpatient Request/Page_Store/input_txtprice), "value"): Attribute 'value' of object 'Object Repository/Inpatient Request/Page_Store/input_txtprice' is: '1780'

2018-06-09 21:23:28 - [MESSAGE][PASSED] - Attribute 'value' of object 'Object Repository/Inpatient Request/Page_Store/input_txtprice' is: '1780'

2018-06-09 21:23:28 - [TEST_STEP][PASSED] - Statement - out.println("StockQty IS : " + StockQty): null

2018-06-09 21:23:28 - [TEST_STEP][PASSED] - Statement - If (java.lang.Integer.valueOf(StockQty) > java.lang.Integer.valueOf(RequestedQty)): null

2018-06-09 21:23:28 - [TEST_STEP][PASSED] - delay: Delayed 1 second(s)

2018-06-09 21:23:29 - [MESSAGE][PASSED] - Delayed 1 second(s)

2018-06-09 21:23:29 - [TEST_STEP][PASSED] - setText: Text '5' is set on object 'Object Repository/Inpatient Request/Page_Store/input_txtqty'

2018-06-09 21:23:29 - [MESSAGE][PASSED] - Text '5' is set on object 'Object Repository/Inpatient Request/Page_Store/input_txtqty'

2018-06-09 21:23:29 - [TEST_STEP][PASSED] - click: Object: 'Object Repository/Inpatient Request/Page_Store/button_Add' is clicked on

2018-06-09 21:23:29 - [MESSAGE][PASSED] - Object: 'Object Repository/Inpatient Request/Page_Store/button_Add' is clicked on

2018-06-09 21:23:29 - [TEST_STEP][PASSED] - Statement - Break: null

2018-06-09 21:23:29 - [TEST_STEP][PASSED] - selectOptionByIndex: All options with index in [8] are selected on object 'Object Repository/Inpatient Request/Page_Store/select_--Select--Alcohol Rub i'

2018-06-09 21:23:29 - [MESSAGE][PASSED] - All options with index in [8] are selected on object 'Object Repository/Inpatient Request/Page_Store/select_--Select--Alcohol Rub i'

2018-06-09 21:23:29 - [TEST_STEP][PASSED] - delay: Delayed 2 second(s)

2018-06-09 21:23:31 - [MESSAGE][PASSED] - Delayed 2 second(s)

2018-06-09 21:23:31 - [TEST_STEP][PASSED] - Statement - RequestedQty = com.kms.katalon.core.webui.keyword.WebUiBuiltInKeywords.getAttribute(com.kms.katalon.core.testobject.ObjectRepository.findTestObject(Inpatient Request/Page_Store/input_txttotal), "value"): Attribute 'value' of object 'Object Repository/Inpatient Request/Page_Store/input_txttotal' is: '5'

2018-06-09 21:23:31 - [MESSAGE][PASSED] - Attribute 'value' of object 'Object Repository/Inpatient Request/Page_Store/input_txttotal' is: '5'

2018-06-09 21:23:31 - [TEST_STEP][PASSED] - Statement - out.println("RequestedQty IS : " + RequestedQty): null

2018-06-09 21:23:31 - [TEST_STEP][PASSED] - Statement - BatchNo = com.kms.katalon.core.webui.keyword.WebUiBuiltInKeywords.getNumberOfTotalOption(com.kms.katalon.core.testobject.ObjectRepository.findTestObject(Inpatient Request/Page_Store/select_--Select--BA2910)): 3 options of object 'Object Repository/Inpatient Request/Page_Store/select_--Select--BA2910' counted

2018-06-09 21:23:31 - [MESSAGE][PASSED] - 3 options of object 'Object Repository/Inpatient Request/Page_Store/select_--Select--BA2910' counted

2018-06-09 21:23:31 - [TEST_STEP][PASSED] - Statement - For ([k = 1, k <= BatchNo - 1, (k++)]): null

2018-06-09 21:23:31 - [TEST_STEP][PASSED] - selectOptionByIndex: All options with index in [1] are selected on object 'Object Repository/Inpatient Request/Page_Store/select_--Select--BA2910'

2018-06-09 21:23:32 - [MESSAGE][PASSED] - All options with index in [1] are selected on object 'Object Repository/Inpatient Request/Page_Store/select_--Select--BA2910'

2018-06-09 21:23:32 - [TEST_STEP][PASSED] - delay: Delayed 2 second(s)

2018-06-09 21:23:34 - [MESSAGE][PASSED] - Delayed 2 second(s)

2018-06-09 21:23:34 - [TEST_STEP][PASSED] - Statement - StockQty = com.kms.katalon.core.webui.keyword.WebUiBuiltInKeywords.getAttribute(com.kms.katalon.core.testobject.ObjectRepository.findTestObject(Inpatient Request/Page_Store/input_txtprice), "value"): Attribute 'value' of object 'Object Repository/Inpatient Request/Page_Store/input_txtprice' is: '1680'

2018-06-09 21:23:34 - [MESSAGE][PASSED] - Attribute 'value' of object 'Object Repository/Inpatient Request/Page_Store/input_txtprice' is: '1680'

2018-06-09 21:23:34 - [TEST_STEP][PASSED] - Statement - out.println("StockQty IS : " + StockQty): null

2018-06-09 21:23:34 - [TEST_STEP][PASSED] - Statement - If (java.lang.Integer.valueOf(StockQty) > java.lang.Integer.valueOf(RequestedQty)): null

2018-06-09 21:23:34 - [TEST_STEP][PASSED] - delay: Delayed 1 second(s)

2018-06-09 21:23:35 - [MESSAGE][PASSED] - Delayed 1 second(s)

2018-06-09 21:23:35 - [TEST_STEP][PASSED] - setText: Text '5' is set on object 'Object Repository/Inpatient Request/Page_Store/input_txtqty'

2018-06-09 21:23:35 - [MESSAGE][PASSED] - Text '5' is set on object 'Object Repository/Inpatient Request/Page_Store/input_txtqty'

2018-06-09 21:23:35 - [TEST_STEP][PASSED] - click: Object: 'Object Repository/Inpatient Request/Page_Store/button_Add' is clicked on

2018-06-09 21:23:35 - [MESSAGE][PASSED] - Object: 'Object Repository/Inpatient Request/Page_Store/button_Add' is clicked on

2018-06-09 21:23:35 - [TEST_STEP][PASSED] - Statement - Break: null

2018-06-09 21:23:35 - [TEST_STEP][PASSED] - selectOptionByIndex: All options with index in [9] are selected on object 'Object Repository/Inpatient Request/Page_Store/select_--Select--Alcohol Rub i'

2018-06-09 21:23:35 - [MESSAGE][PASSED] - All options with index in [9] are selected on object 'Object Repository/Inpatient Request/Page_Store/select_--Select--Alcohol Rub i'

2018-06-09 21:23:35 - [TEST_STEP][PASSED] - delay: Delayed 2 second(s)

2018-06-09 21:23:37 - [MESSAGE][PASSED] - Delayed 2 second(s)

2018-06-09 21:23:37 - [TEST_STEP][PASSED] - Statement - RequestedQty = com.kms.katalon.core.webui.keyword.WebUiBuiltInKeywords.getAttribute(com.kms.katalon.core.testobject.ObjectRepository.findTestObject(Inpatient Request/Page_Store/input_txttotal), "value"): Attribute 'value' of object 'Object Repository/Inpatient Request/Page_Store/input_txttotal' is: '5'

2018-06-09 21:23:37 - [MESSAGE][PASSED] - Attribute 'value' of object 'Object Repository/Inpatient Request/Page_Store/input_txttotal' is: '5'

2018-06-09 21:23:37 - [TEST_STEP][PASSED] - Statement - out.println("RequestedQty IS : " + RequestedQty): null

2018-06-09 21:23:37 - [TEST_STEP][PASSED] - Statement - BatchNo = com.kms.katalon.core.webui.keyword.WebUiBuiltInKeywords.getNumberOfTotalOption(com.kms.katalon.core.testobject.ObjectRepository.findTestObject(Inpatient Request/Page_Store/select_--Select--BA2910)): 3 options of object 'Object Repository/Inpatient Request/Page_Store/select_--Select--BA2910' counted

2018-06-09 21:23:37 - [MESSAGE][PASSED] - 3 options of object 'Object Repository/Inpatient Request/Page_Store/select_--Select--BA2910' counted

2018-06-09 21:23:37 - [TEST_STEP][PASSED] - Statement - For ([k = 1, k <= BatchNo - 1, (k++)]): null

2018-06-09 21:23:37 - [TEST_STEP][PASSED] - selectOptionByIndex: All options with index in [1] are selected on object 'Object Repository/Inpatient Request/Page_Store/select_--Select--BA2910'

2018-06-09 21:23:37 - [MESSAGE][PASSED] - All options with index in [1] are selected on object 'Object Repository/Inpatient Request/Page_Store/select_--Select--BA2910'

2018-06-09 21:23:37 - [TEST_STEP][PASSED] - delay: Delayed 2 second(s)

2018-06-09 21:23:39 - [MESSAGE][PASSED] - Delayed 2 second(s)

2018-06-09 21:23:39 - [TEST_STEP][PASSED] - Statement - StockQty = com.kms.katalon.core.webui.keyword.WebUiBuiltInKeywords.getAttribute(com.kms.katalon.core.testobject.ObjectRepository.findTestObject(Inpatient Request/Page_Store/input_txtprice), "value"): Attribute 'value' of object 'Object Repository/Inpatient Request/Page_Store/input_txtprice' is: '770'

2018-06-09 21:23:39 - [MESSAGE][PASSED] - Attribute 'value' of object 'Object Repository/Inpatient Request/Page_Store/input_txtprice' is: '770'

2018-06-09 21:23:39 - [TEST_STEP][PASSED] - Statement - out.println("StockQty IS : " + StockQty): null

2018-06-09 21:23:39 - [TEST_STEP][PASSED] - Statement - If (java.lang.Integer.valueOf(StockQty) > java.lang.Integer.valueOf(RequestedQty)): null

2018-06-09 21:23:39 - [TEST_STEP][PASSED] - delay: Delayed 1 second(s)

2018-06-09 21:23:40 - [MESSAGE][PASSED] - Delayed 1 second(s)

2018-06-09 21:23:40 - [TEST_STEP][PASSED] - setText: Text '5' is set on object 'Object Repository/Inpatient Request/Page_Store/input_txtqty'

2018-06-09 21:23:40 - [MESSAGE][PASSED] - Text '5' is set on object 'Object Repository/Inpatient Request/Page_Store/input_txtqty'

2018-06-09 21:23:40 - [TEST_STEP][PASSED] - click: Object: 'Object Repository/Inpatient Request/Page_Store/button_Add' is clicked on

2018-06-09 21:23:40 - [MESSAGE][PASSED] - Object: 'Object Repository/Inpatient Request/Page_Store/button_Add' is clicked on

2018-06-09 21:23:40 - [TEST_STEP][PASSED] - Statement - Break: null

2018-06-09 21:23:40 - [TEST_STEP][PASSED] - selectOptionByIndex: All options with index in [10] are selected on object 'Object Repository/Inpatient Request/Page_Store/select_--Select--Alcohol Rub i'

2018-06-09 21:23:41 - [MESSAGE][PASSED] - All options with index in [10] are selected on object 'Object Repository/Inpatient Request/Page_Store/select_--Select--Alcohol Rub i'

2018-06-09 21:23:41 - [TEST_STEP][PASSED] - delay: Delayed 2 second(s)

2018-06-09 21:23:43 - [MESSAGE][PASSED] - Delayed 2 second(s)

2018-06-09 21:23:43 - [TEST_STEP][PASSED] - Statement - RequestedQty = com.kms.katalon.core.webui.keyword.WebUiBuiltInKeywords.getAttribute(com.kms.katalon.core.testobject.ObjectRepository.findTestObject(Inpatient Request/Page_Store/input_txttotal), "value"): Attribute 'value' of object 'Object Repository/Inpatient Request/Page_Store/input_txttotal' is: '5'

2018-06-09 21:23:43 - [MESSAGE][PASSED] - Attribute 'value' of object 'Object Repository/Inpatient Request/Page_Store/input_txttotal' is: '5'

2018-06-09 21:23:43 - [TEST_STEP][PASSED] - Statement - out.println("RequestedQty IS : " + RequestedQty): null

2018-06-09 21:23:43 - [TEST_STEP][PASSED] - Statement - BatchNo = com.kms.katalon.core.webui.keyword.WebUiBuiltInKeywords.getNumberOfTotalOption(com.kms.katalon.core.testobject.ObjectRepository.findTestObject(Inpatient Request/Page_Store/select_--Select--BA2910)): 3 options of object 'Object Repository/Inpatient Request/Page_Store/select_--Select--BA2910' counted

2018-06-09 21:23:43 - [MESSAGE][PASSED] - 3 options of object 'Object Repository/Inpatient Request/Page_Store/select_--Select--BA2910' counted

2018-06-09 21:23:43 - [TEST_STEP][PASSED] - Statement - For ([k = 1, k <= BatchNo - 1, (k++)]): null

2018-06-09 21:23:43 - [TEST_STEP][PASSED] - selectOptionByIndex: All options with index in [1] are selected on object 'Object Repository/Inpatient Request/Page_Store/select_--Select--BA2910'

2018-06-09 21:23:43 - [MESSAGE][PASSED] - All options with index in [1] are selected on object 'Object Repository/Inpatient Request/Page_Store/select_--Select--BA2910'

2018-06-09 21:23:43 - [TEST_STEP][PASSED] - delay: Delayed 2 second(s)

2018-06-09 21:23:45 - [MESSAGE][PASSED] - Delayed 2 second(s)

2018-06-09 21:23:45 - [TEST_STEP][PASSED] - Statement - StockQty = com.kms.katalon.core.webui.keyword.WebUiBuiltInKeywords.getAttribute(com.kms.katalon.core.testobject.ObjectRepository.findTestObject(Inpatient Request/Page_Store/input_txtprice), "value"): Attribute 'value' of object 'Object Repository/Inpatient Request/Page_Store/input_txtprice' is: '345'

2018-06-09 21:23:45 - [MESSAGE][PASSED] - Attribute 'value' of object 'Object Repository/Inpatient Request/Page_Store/input_txtprice' is: '345'

2018-06-09 21:23:45 - [TEST_STEP][PASSED] - Statement - out.println("StockQty IS : " + StockQty): null

2018-06-09 21:23:45 - [TEST_STEP][PASSED] - Statement - If (java.lang.Integer.valueOf(StockQty) > java.lang.Integer.valueOf(RequestedQty)): null

2018-06-09 21:23:45 - [TEST_STEP][PASSED] - delay: Delayed 1 second(s)

2018-06-09 21:23:46 - [MESSAGE][PASSED] - Delayed 1 second(s)

2018-06-09 21:23:46 - [TEST_STEP][PASSED] - setText: Text '5' is set on object 'Object Repository/Inpatient Request/Page_Store/input_txtqty'

2018-06-09 21:23:46 - [MESSAGE][PASSED] - Text '5' is set on object 'Object Repository/Inpatient Request/Page_Store/input_txtqty'

2018-06-09 21:23:46 - [TEST_STEP][PASSED] - click: Object: 'Object Repository/Inpatient Request/Page_Store/button_Add' is clicked on

2018-06-09 21:23:46 - [MESSAGE][PASSED] - Object: 'Object Repository/Inpatient Request/Page_Store/button_Add' is clicked on

2018-06-09 21:23:46 - [TEST_STEP][PASSED] - Statement - Break: null

2018-06-09 21:23:46 - [TEST_STEP][PASSED] - selectOptionByIndex: All options with index in [11] are selected on object 'Object Repository/Inpatient Request/Page_Store/select_--Select--Alcohol Rub i'

2018-06-09 21:23:46 - [MESSAGE][PASSED] - All options with index in [11] are selected on object 'Object Repository/Inpatient Request/Page_Store/select_--Select--Alcohol Rub i'

2018-06-09 21:23:46 - [TEST_STEP][PASSED] - delay: Delayed 2 second(s)

2018-06-09 21:23:48 - [MESSAGE][PASSED] - Delayed 2 second(s)

2018-06-09 21:23:48 - [TEST_STEP][PASSED] - Statement - RequestedQty = com.kms.katalon.core.webui.keyword.WebUiBuiltInKeywords.getAttribute(com.kms.katalon.core.testobject.ObjectRepository.findTestObject(Inpatient Request/Page_Store/input_txttotal), "value"): Attribute 'value' of object 'Object Repository/Inpatient Request/Page_Store/input_txttotal' is: '5'

2018-06-09 21:23:48 - [MESSAGE][PASSED] - Attribute 'value' of object 'Object Repository/Inpatient Request/Page_Store/input_txttotal' is: '5'

2018-06-09 21:23:48 - [TEST_STEP][PASSED] - Statement - out.println("RequestedQty IS : " + RequestedQty): null

2018-06-09 21:23:48 - [TEST_STEP][PASSED] - Statement - BatchNo = com.kms.katalon.core.webui.keyword.WebUiBuiltInKeywords.getNumberOfTotalOption(com.kms.katalon.core.testobject.ObjectRepository.findTestObject(Inpatient Request/Page_Store/select_--Select--BA2910)): 4 options of object 'Object Repository/Inpatient Request/Page_Store/select_--Select--BA2910' counted

2018-06-09 21:23:48 - [MESSAGE][PASSED] - 4 options of object 'Object Repository/Inpatient Request/Page_Store/select_--Select--BA2910' counted

2018-06-09 21:23:48 - [TEST_STEP][PASSED] - Statement - For ([k = 1, k <= BatchNo - 1, (k++)]): null

2018-06-09 21:23:48 - [TEST_STEP][PASSED] - selectOptionByIndex: All options with index in [1] are selected on object 'Object Repository/Inpatient Request/Page_Store/select_--Select--BA2910'

2018-06-09 21:23:48 - [MESSAGE][PASSED] - All options with index in [1] are selected on object 'Object Repository/Inpatient Request/Page_Store/select_--Select--BA2910'

2018-06-09 21:23:48 - [TEST_STEP][PASSED] - delay: Delayed 2 second(s)

2018-06-09 21:23:50 - [MESSAGE][PASSED] - Delayed 2 second(s)

2018-06-09 21:23:50 - [TEST_STEP][PASSED] - Statement - StockQty = com.kms.katalon.core.webui.keyword.WebUiBuiltInKeywords.getAttribute(com.kms.katalon.core.testobject.ObjectRepository.findTestObject(Inpatient Request/Page_Store/input_txtprice), "value"): Attribute 'value' of object 'Object Repository/Inpatient Request/Page_Store/input_txtprice' is: '770'

2018-06-09 21:23:50 - [MESSAGE][PASSED] - Attribute 'value' of object 'Object Repository/Inpatient Request/Page_Store/input_txtprice' is: '770'

2018-06-09 21:23:50 - [TEST_STEP][PASSED] - Statement - out.println("StockQty IS : " + StockQty): null

2018-06-09 21:23:50 - [TEST_STEP][PASSED] - Statement - If (java.lang.Integer.valueOf(StockQty) > java.lang.Integer.valueOf(RequestedQty)): null

2018-06-09 21:23:50 - [TEST_STEP][PASSED] - delay: Delayed 1 second(s)

2018-06-09 21:23:51 - [MESSAGE][PASSED] - Delayed 1 second(s)

2018-06-09 21:23:51 - [TEST_STEP][PASSED] - setText: Text '5' is set on object 'Object Repository/Inpatient Request/Page_Store/input_txtqty'

2018-06-09 21:23:51 - [MESSAGE][PASSED] - Text '5' is set on object 'Object Repository/Inpatient Request/Page_Store/input_txtqty'

2018-06-09 21:23:51 - [TEST_STEP][PASSED] - click: Object: 'Object Repository/Inpatient Request/Page_Store/button_Add' is clicked on

2018-06-09 21:23:52 - [MESSAGE][PASSED] - Object: 'Object Repository/Inpatient Request/Page_Store/button_Add' is clicked on

2018-06-09 21:23:52 - [TEST_STEP][PASSED] - Statement - Break: null

2018-06-09 21:23:52 - [TEST_STEP][PASSED] - selectOptionByIndex: All options with index in [12] are selected on object 'Object Repository/Inpatient Request/Page_Store/select_--Select--Alcohol Rub i'

2018-06-09 21:23:52 - [MESSAGE][PASSED] - All options with index in [12] are selected on object 'Object Repository/Inpatient Request/Page_Store/select_--Select--Alcohol Rub i'

2018-06-09 21:23:52 - [TEST_STEP][PASSED] - delay: Delayed 2 second(s)

2018-06-09 21:23:54 - [MESSAGE][PASSED] - Delayed 2 second(s)

2018-06-09 21:23:54 - [TEST_STEP][PASSED] - Statement - RequestedQty = com.kms.katalon.core.webui.keyword.WebUiBuiltInKeywords.getAttribute(com.kms.katalon.core.testobject.ObjectRepository.findTestObject(Inpatient Request/Page_Store/input_txttotal), "value"): Attribute 'value' of object 'Object Repository/Inpatient Request/Page_Store/input_txttotal' is: '5'

2018-06-09 21:23:54 - [MESSAGE][PASSED] - Attribute 'value' of object 'Object Repository/Inpatient Request/Page_Store/input_txttotal' is: '5'

2018-06-09 21:23:54 - [TEST_STEP][PASSED] - Statement - out.println("RequestedQty IS : " + RequestedQty): null

2018-06-09 21:23:54 - [TEST_STEP][PASSED] - Statement - BatchNo = com.kms.katalon.core.webui.keyword.WebUiBuiltInKeywords.getNumberOfTotalOption(com.kms.katalon.core.testobject.ObjectRepository.findTestObject(Inpatient Request/Page_Store/select_--Select--BA2910)): 2 options of object 'Object Repository/Inpatient Request/Page_Store/select_--Select--BA2910' counted

2018-06-09 21:23:54 - [MESSAGE][PASSED] - 2 options of object 'Object Repository/Inpatient Request/Page_Store/select_--Select--BA2910' counted

2018-06-09 21:23:54 - [TEST_STEP][PASSED] - Statement - For ([k = 1, k <= BatchNo - 1, (k++)]): null

2018-06-09 21:23:54 - [TEST_STEP][PASSED] - selectOptionByIndex: All options with index in [1] are selected on object 'Object Repository/Inpatient Request/Page_Store/select_--Select--BA2910'

2018-06-09 21:23:54 - [MESSAGE][PASSED] - All options with index in [1] are selected on object 'Object Repository/Inpatient Request/Page_Store/select_--Select--BA2910'

2018-06-09 21:23:54 - [TEST_STEP][PASSED] - delay: Delayed 2 second(s)

2018-06-09 21:23:56 - [MESSAGE][PASSED] - Delayed 2 second(s)

2018-06-09 21:23:56 - [TEST_STEP][PASSED] - Statement - StockQty = com.kms.katalon.core.webui.keyword.WebUiBuiltInKeywords.getAttribute(com.kms.katalon.core.testobject.ObjectRepository.findTestObject(Inpatient Request/Page_Store/input_txtprice), "value"): Attribute 'value' of object 'Object Repository/Inpatient Request/Page_Store/input_txtprice' is: '1780'

2018-06-09 21:23:56 - [MESSAGE][PASSED] - Attribute 'value' of object 'Object Repository/Inpatient Request/Page_Store/input_txtprice' is: '1780'

2018-06-09 21:23:56 - [TEST_STEP][PASSED] - Statement - out.println("StockQty IS : " + StockQty): null

2018-06-09 21:23:56 - [TEST_STEP][PASSED] - Statement - If (java.lang.Integer.valueOf(StockQty) > java.lang.Integer.valueOf(RequestedQty)): null

2018-06-09 21:23:56 - [TEST_STEP][PASSED] - delay: Delayed 1 second(s)

2018-06-09 21:23:57 - [MESSAGE][PASSED] - Delayed 1 second(s)

2018-06-09 21:23:57 - [TEST_STEP][PASSED] - setText: Text '5' is set on object 'Object Repository/Inpatient Request/Page_Store/input_txtqty'

2018-06-09 21:23:57 - [MESSAGE][PASSED] - Text '5' is set on object 'Object Repository/Inpatient Request/Page_Store/input_txtqty'

2018-06-09 21:23:57 - [TEST_STEP][PASSED] - click: Object: 'Object Repository/Inpatient Request/Page_Store/button_Add' is clicked on

2018-06-09 21:23:57 - [MESSAGE][PASSED] - Object: 'Object Repository/Inpatient Request/Page_Store/button_Add' is clicked on

2018-06-09 21:23:57 - [TEST_STEP][PASSED] - Statement - Break: null

2018-06-09 21:23:57 - [TEST_STEP][PASSED] - selectOptionByIndex: All options with index in [13] are selected on object 'Object Repository/Inpatient Request/Page_Store/select_--Select--Alcohol Rub i'

2018-06-09 21:23:57 - [MESSAGE][PASSED] - All options with index in [13] are selected on object 'Object Repository/Inpatient Request/Page_Store/select_--Select--Alcohol Rub i'

2018-06-09 21:23:57 - [TEST_STEP][PASSED] - delay: Delayed 2 second(s)

2018-06-09 21:23:59 - [MESSAGE][PASSED] - Delayed 2 second(s)

2018-06-09 21:23:59 - [TEST_STEP][PASSED] - Statement - RequestedQty = com.kms.katalon.core.webui.keyword.WebUiBuiltInKeywords.getAttribute(com.kms.katalon.core.testobject.ObjectRepository.findTestObject(Inpatient Request/Page_Store/input_txttotal), "value"): Attribute 'value' of object 'Object Repository/Inpatient Request/Page_Store/input_txttotal' is: '5'

2018-06-09 21:23:59 - [MESSAGE][PASSED] - Attribute 'value' of object 'Object Repository/Inpatient Request/Page_Store/input_txttotal' is: '5'

2018-06-09 21:23:59 - [TEST_STEP][PASSED] - Statement - out.println("RequestedQty IS : " + RequestedQty): null

2018-06-09 21:23:59 - [TEST_STEP][PASSED] - Statement - BatchNo = com.kms.katalon.core.webui.keyword.WebUiBuiltInKeywords.getNumberOfTotalOption(com.kms.katalon.core.testobject.ObjectRepository.findTestObject(Inpatient Request/Page_Store/select_--Select--BA2910)): 3 options of object 'Object Repository/Inpatient Request/Page_Store/select_--Select--BA2910' counted

2018-06-09 21:23:59 - [MESSAGE][PASSED] - 3 options of object 'Object Repository/Inpatient Request/Page_Store/select_--Select--BA2910' counted

2018-06-09 21:23:59 - [TEST_STEP][PASSED] - Statement - For ([k = 1, k <= BatchNo - 1, (k++)]): null

2018-06-09 21:23:59 - [TEST_STEP][PASSED] - selectOptionByIndex: All options with index in [1] are selected on object 'Object Repository/Inpatient Request/Page_Store/select_--Select--BA2910'

2018-06-09 21:24:00 - [MESSAGE][PASSED] - All options with index in [1] are selected on object 'Object Repository/Inpatient Request/Page_Store/select_--Select--BA2910'

2018-06-09 21:24:00 - [TEST_STEP][PASSED] - delay: Delayed 2 second(s)

2018-06-09 21:24:02 - [MESSAGE][PASSED] - Delayed 2 second(s)

2018-06-09 21:24:02 - [TEST_STEP][PASSED] - Statement - StockQty = com.kms.katalon.core.webui.keyword.WebUiBuiltInKeywords.getAttribute(com.kms.katalon.core.testobject.ObjectRepository.findTestObject(Inpatient Request/Page_Store/input_txtprice), "value"): Attribute 'value' of object 'Object Repository/Inpatient Request/Page_Store/input_txtprice' is: '770'

2018-06-09 21:24:02 - [MESSAGE][PASSED] - Attribute 'value' of object 'Object Repository/Inpatient Request/Page_Store/input_txtprice' is: '770'

2018-06-09 21:24:02 - [TEST_STEP][PASSED] - Statement - out.println("StockQty IS : " + StockQty): null

2018-06-09 21:24:02 - [TEST_STEP][PASSED] - Statement - If (java.lang.Integer.valueOf(StockQty) > java.lang.Integer.valueOf(RequestedQty)): null

2018-06-09 21:24:02 - [TEST_STEP][PASSED] - delay: Delayed 1 second(s)

2018-06-09 21:24:03 - [MESSAGE][PASSED] - Delayed 1 second(s)

2018-06-09 21:24:03 - [TEST_STEP][PASSED] - setText: Text '5' is set on object 'Object Repository/Inpatient Request/Page_Store/input_txtqty'

2018-06-09 21:24:03 - [MESSAGE][PASSED] - Text '5' is set on object 'Object Repository/Inpatient Request/Page_Store/input_txtqty'

2018-06-09 21:24:03 - [TEST_STEP][PASSED] - click: Object: 'Object Repository/Inpatient Request/Page_Store/button_Add' is clicked on

2018-06-09 21:24:03 - [MESSAGE][PASSED] - Object: 'Object Repository/Inpatient Request/Page_Store/button_Add' is clicked on

2018-06-09 21:24:03 - [TEST_STEP][PASSED] - Statement - Break: null

2018-06-09 21:24:03 - [TEST_STEP][PASSED] - selectOptionByIndex: All options with index in [14] are selected on object 'Object Repository/Inpatient Request/Page_Store/select_--Select--Alcohol Rub i'

2018-06-09 21:24:03 - [MESSAGE][PASSED] - All options with index in [14] are selected on object 'Object Repository/Inpatient Request/Page_Store/select_--Select--Alcohol Rub i'

2018-06-09 21:24:03 - [TEST_STEP][PASSED] - delay: Delayed 2 second(s)

2018-06-09 21:24:05 - [MESSAGE][PASSED] - Delayed 2 second(s)

2018-06-09 21:24:05 - [TEST_STEP][PASSED] - Statement - RequestedQty = com.kms.katalon.core.webui.keyword.WebUiBuiltInKeywords.getAttribute(com.kms.katalon.core.testobject.ObjectRepository.findTestObject(Inpatient Request/Page_Store/input_txttotal), "value"): Attribute 'value' of object 'Object Repository/Inpatient Request/Page_Store/input_txttotal' is: '5'

2018-06-09 21:24:05 - [MESSAGE][PASSED] - Attribute 'value' of object 'Object Repository/Inpatient Request/Page_Store/input_txttotal' is: '5'

2018-06-09 21:24:05 - [TEST_STEP][PASSED] - Statement - out.println("RequestedQty IS : " + RequestedQty): null

2018-06-09 21:24:05 - [TEST_STEP][PASSED] - Statement - BatchNo = com.kms.katalon.core.webui.keyword.WebUiBuiltInKeywords.getNumberOfTotalOption(com.kms.katalon.core.testobject.ObjectRepository.findTestObject(Inpatient Request/Page_Store/select_--Select--BA2910)): 3 options of object 'Object Repository/Inpatient Request/Page_Store/select_--Select--BA2910' counted

2018-06-09 21:24:05 - [MESSAGE][PASSED] - 3 options of object 'Object Repository/Inpatient Request/Page_Store/select_--Select--BA2910' counted

2018-06-09 21:24:05 - [TEST_STEP][PASSED] - Statement - For ([k = 1, k <= BatchNo - 1, (k++)]): null

2018-06-09 21:24:05 - [TEST_STEP][PASSED] - selectOptionByIndex: All options with index in [1] are selected on object 'Object Repository/Inpatient Request/Page_Store/select_--Select--BA2910'

2018-06-09 21:24:05 - [MESSAGE][PASSED] - All options with index in [1] are selected on object 'Object Repository/Inpatient Request/Page_Store/select_--Select--BA2910'

2018-06-09 21:24:05 - [TEST_STEP][PASSED] - delay: Delayed 2 second(s)

2018-06-09 21:24:07 - [MESSAGE][PASSED] - Delayed 2 second(s)

2018-06-09 21:24:07 - [TEST_STEP][PASSED] - Statement - StockQty = com.kms.katalon.core.webui.keyword.WebUiBuiltInKeywords.getAttribute(com.kms.katalon.core.testobject.ObjectRepository.findTestObject(Inpatient Request/Page_Store/input_txtprice), "value"): Attribute 'value' of object 'Object Repository/Inpatient Request/Page_Store/input_txtprice' is: '3780'

2018-06-09 21:24:07 - [MESSAGE][PASSED] - Attribute 'value' of object 'Object Repository/Inpatient Request/Page_Store/input_txtprice' is: '3780'

2018-06-09 21:24:07 - [TEST_STEP][PASSED] - Statement - out.println("StockQty IS : " + StockQty): null

2018-06-09 21:24:07 - [TEST_STEP][PASSED] - Statement - If (java.lang.Integer.valueOf(StockQty) > java.lang.Integer.valueOf(RequestedQty)): null

2018-06-09 21:24:07 - [TEST_STEP][PASSED] - delay: Delayed 1 second(s)

2018-06-09 21:24:08 - [MESSAGE][PASSED] - Delayed 1 second(s)

2018-06-09 21:24:08 - [TEST_STEP][PASSED] - setText: Text '5' is set on object 'Object Repository/Inpatient Request/Page_Store/input_txtqty'

2018-06-09 21:24:08 - [MESSAGE][PASSED] - Text '5' is set on object 'Object Repository/Inpatient Request/Page_Store/input_txtqty'

2018-06-09 21:24:08 - [TEST_STEP][PASSED] - click: Object: 'Object Repository/Inpatient Request/Page_Store/button_Add' is clicked on

2018-06-09 21:24:08 - [MESSAGE][PASSED] - Object: 'Object Repository/Inpatient Request/Page_Store/button_Add' is clicked on

2018-06-09 21:24:08 - [TEST_STEP][PASSED] - Statement - Break: null

2018-06-09 21:24:08 - [TEST_STEP][PASSED] - selectOptionByIndex: All options with index in [15] are selected on object 'Object Repository/Inpatient Request/Page_Store/select_--Select--Alcohol Rub i'

2018-06-09 21:24:09 - [MESSAGE][PASSED] - All options with index in [15] are selected on object 'Object Repository/Inpatient Request/Page_Store/select_--Select--Alcohol Rub i'

2018-06-09 21:24:09 - [TEST_STEP][PASSED] - delay: Delayed 2 second(s)

2018-06-09 21:24:11 - [MESSAGE][PASSED] - Delayed 2 second(s)

2018-06-09 21:24:11 - [TEST_STEP][PASSED] - Statement - RequestedQty = com.kms.katalon.core.webui.keyword.WebUiBuiltInKeywords.getAttribute(com.kms.katalon.core.testobject.ObjectRepository.findTestObject(Inpatient Request/Page_Store/input_txttotal), "value"): Attribute 'value' of object 'Object Repository/Inpatient Request/Page_Store/input_txttotal' is: '5'

2018-06-09 21:24:11 - [MESSAGE][PASSED] - Attribute 'value' of object 'Object Repository/Inpatient Request/Page_Store/input_txttotal' is: '5'

2018-06-09 21:24:11 - [TEST_STEP][PASSED] - Statement - out.println("RequestedQty IS : " + RequestedQty): null

2018-06-09 21:24:11 - [TEST_STEP][PASSED] - Statement - BatchNo = com.kms.katalon.core.webui.keyword.WebUiBuiltInKeywords.getNumberOfTotalOption(com.kms.katalon.core.testobject.ObjectRepository.findTestObject(Inpatient Request/Page_Store/select_--Select--BA2910)): 3 options of object 'Object Repository/Inpatient Request/Page_Store/select_--Select--BA2910' counted

2018-06-09 21:24:11 - [MESSAGE][PASSED] - 3 options of object 'Object Repository/Inpatient Request/Page_Store/select_--Select--BA2910' counted

2018-06-09 21:24:11 - [TEST_STEP][PASSED] - Statement - For ([k = 1, k <= BatchNo - 1, (k++)]): null

2018-06-09 21:24:11 - [TEST_STEP][PASSED] - selectOptionByIndex: All options with index in [1] are selected on object 'Object Repository/Inpatient Request/Page_Store/select_--Select--BA2910'

2018-06-09 21:24:11 - [MESSAGE][PASSED] - All options with index in [1] are selected on object 'Object Repository/Inpatient Request/Page_Store/select_--Select--BA2910'

2018-06-09 21:24:11 - [TEST_STEP][PASSED] - delay: Delayed 2 second(s)

2018-06-09 21:24:13 - [MESSAGE][PASSED] - Delayed 2 second(s)

2018-06-09 21:24:13 - [TEST_STEP][PASSED] - Statement - StockQty = com.kms.katalon.core.webui.keyword.WebUiBuiltInKeywords.getAttribute(com.kms.katalon.core.testobject.ObjectRepository.findTestObject(Inpatient Request/Page_Store/input_txtprice), "value"): Attribute 'value' of object 'Object Repository/Inpatient Request/Page_Store/input_txtprice' is: '3790'

2018-06-09 21:24:13 - [MESSAGE][PASSED] - Attribute 'value' of object 'Object Repository/Inpatient Request/Page_Store/input_txtprice' is: '3790'

2018-06-09 21:24:13 - [TEST_STEP][PASSED] - Statement - out.println("StockQty IS : " + StockQty): null

2018-06-09 21:24:13 - [TEST_STEP][PASSED] - Statement - If (java.lang.Integer.valueOf(StockQty) > java.lang.Integer.valueOf(RequestedQty)): null

2018-06-09 21:24:13 - [TEST_STEP][PASSED] - delay: Delayed 1 second(s)

2018-06-09 21:24:14 - [MESSAGE][PASSED] - Delayed 1 second(s)

2018-06-09 21:24:14 - [TEST_STEP][PASSED] - setText: Text '5' is set on object 'Object Repository/Inpatient Request/Page_Store/input_txtqty'

2018-06-09 21:24:14 - [MESSAGE][PASSED] - Text '5' is set on object 'Object Repository/Inpatient Request/Page_Store/input_txtqty'

2018-06-09 21:24:14 - [TEST_STEP][PASSED] - click: Object: 'Object Repository/Inpatient Request/Page_Store/button_Add' is clicked on

2018-06-09 21:24:14 - [MESSAGE][PASSED] - Object: 'Object Repository/Inpatient Request/Page_Store/button_Add' is clicked on

2018-06-09 21:24:14 - [TEST_STEP][PASSED] - Statement - Break: null

2018-06-09 21:24:14 - [TEST_STEP][PASSED] - selectOptionByIndex: All options with index in [16] are selected on object 'Object Repository/Inpatient Request/Page_Store/select_--Select--Alcohol Rub i'

2018-06-09 21:24:14 - [MESSAGE][PASSED] - All options with index in [16] are selected on object 'Object Repository/Inpatient Request/Page_Store/select_--Select--Alcohol Rub i'

2018-06-09 21:24:14 - [TEST_STEP][PASSED] - delay: Delayed 2 second(s)

2018-06-09 21:24:16 - [MESSAGE][PASSED] - Delayed 2 second(s)

2018-06-09 21:24:16 - [TEST_STEP][PASSED] - Statement - RequestedQty = com.kms.katalon.core.webui.keyword.WebUiBuiltInKeywords.getAttribute(com.kms.katalon.core.testobject.ObjectRepository.findTestObject(Inpatient Request/Page_Store/input_txttotal), "value"): Attribute 'value' of object 'Object Repository/Inpatient Request/Page_Store/input_txttotal' is: '5'

2018-06-09 21:24:16 - [MESSAGE][PASSED] - Attribute 'value' of object 'Object Repository/Inpatient Request/Page_Store/input_txttotal' is: '5'

2018-06-09 21:24:16 - [TEST_STEP][PASSED] - Statement - out.println("RequestedQty IS : " + RequestedQty): null

2018-06-09 21:24:16 - [TEST_STEP][PASSED] - Statement - BatchNo = com.kms.katalon.core.webui.keyword.WebUiBuiltInKeywords.getNumberOfTotalOption(com.kms.katalon.core.testobject.ObjectRepository.findTestObject(Inpatient Request/Page_Store/select_--Select--BA2910)): 3 options of object 'Object Repository/Inpatient Request/Page_Store/select_--Select--BA2910' counted

2018-06-09 21:24:16 - [MESSAGE][PASSED] - 3 options of object 'Object Repository/Inpatient Request/Page_Store/select_--Select--BA2910' counted

2018-06-09 21:24:16 - [TEST_STEP][PASSED] - Statement - For ([k = 1, k <= BatchNo - 1, (k++)]): null

2018-06-09 21:24:16 - [TEST_STEP][PASSED] - selectOptionByIndex: All options with index in [1] are selected on object 'Object Repository/Inpatient Request/Page_Store/select_--Select--BA2910'

2018-06-09 21:24:17 - [MESSAGE][PASSED] - All options with index in [1] are selected on object 'Object Repository/Inpatient Request/Page_Store/select_--Select--BA2910'

2018-06-09 21:24:17 - [TEST_STEP][PASSED] - delay: Delayed 2 second(s)

2018-06-09 21:24:19 - [MESSAGE][PASSED] - Delayed 2 second(s)

2018-06-09 21:24:19 - [TEST_STEP][PASSED] - Statement - StockQty = com.kms.katalon.core.webui.keyword.WebUiBuiltInKeywords.getAttribute(com.kms.katalon.core.testobject.ObjectRepository.findTestObject(Inpatient Request/Page_Store/input_txtprice), "value"): Attribute 'value' of object 'Object Repository/Inpatient Request/Page_Store/input_txtprice' is: '780'

2018-06-09 21:24:19 - [MESSAGE][PASSED] - Attribute 'value' of object 'Object Repository/Inpatient Request/Page_Store/input_txtprice' is: '780'

2018-06-09 21:24:19 - [TEST_STEP][PASSED] - Statement - out.println("StockQty IS : " + StockQty): null

2018-06-09 21:24:19 - [TEST_STEP][PASSED] - Statement - If (java.lang.Integer.valueOf(StockQty) > java.lang.Integer.valueOf(RequestedQty)): null

2018-06-09 21:24:19 - [TEST_STEP][PASSED] - delay: Delayed 1 second(s)

2018-06-09 21:24:20 - [MESSAGE][PASSED] - Delayed 1 second(s)

2018-06-09 21:24:20 - [TEST_STEP][PASSED] - setText: Text '5' is set on object 'Object Repository/Inpatient Request/Page_Store/input_txtqty'

2018-06-09 21:24:20 - [MESSAGE][PASSED] - Text '5' is set on object 'Object Repository/Inpatient Request/Page_Store/input_txtqty'

2018-06-09 21:24:20 - [TEST_STEP][PASSED] - click: Object: 'Object Repository/Inpatient Request/Page_Store/button_Add' is clicked on

2018-06-09 21:24:20 - [MESSAGE][PASSED] - Object: 'Object Repository/Inpatient Request/Page_Store/button_Add' is clicked on

2018-06-09 21:24:20 - [TEST_STEP][PASSED] - Statement - Break: null

2018-06-09 21:24:20 - [TEST_STEP][PASSED] - selectOptionByIndex: All options with index in [17] are selected on object 'Object Repository/Inpatient Request/Page_Store/select_--Select--Alcohol Rub i'

2018-06-09 21:24:20 - [MESSAGE][PASSED] - All options with index in [17] are selected on object 'Object Repository/Inpatient Request/Page_Store/select_--Select--Alcohol Rub i'

2018-06-09 21:24:20 - [TEST_STEP][PASSED] - delay: Delayed 2 second(s)

2018-06-09 21:24:22 - [MESSAGE][PASSED] - Delayed 2 second(s)

2018-06-09 21:24:22 - [TEST_STEP][PASSED] - Statement - RequestedQty = com.kms.katalon.core.webui.keyword.WebUiBuiltInKeywords.getAttribute(com.kms.katalon.core.testobject.ObjectRepository.findTestObject(Inpatient Request/Page_Store/input_txttotal), "value"): Attribute 'value' of object 'Object Repository/Inpatient Request/Page_Store/input_txttotal' is: '5'

2018-06-09 21:24:22 - [MESSAGE][PASSED] - Attribute 'value' of object 'Object Repository/Inpatient Request/Page_Store/input_txttotal' is: '5'

2018-06-09 21:24:22 - [TEST_STEP][PASSED] - Statement - out.println("RequestedQty IS : " + RequestedQty): null

2018-06-09 21:24:22 - [TEST_STEP][PASSED] - Statement - BatchNo = com.kms.katalon.core.webui.keyword.WebUiBuiltInKeywords.getNumberOfTotalOption(com.kms.katalon.core.testobject.ObjectRepository.findTestObject(Inpatient Request/Page_Store/select_--Select--BA2910)): 2 options of object 'Object Repository/Inpatient Request/Page_Store/select_--Select--BA2910' counted

2018-06-09 21:24:22 - [MESSAGE][PASSED] - 2 options of object 'Object Repository/Inpatient Request/Page_Store/select_--Select--BA2910' counted

2018-06-09 21:24:22 - [TEST_STEP][PASSED] - Statement - For ([k = 1, k <= BatchNo - 1, (k++)]): null

2018-06-09 21:24:22 - [TEST_STEP][PASSED] - selectOptionByIndex: All options with index in [1] are selected on object 'Object Repository/Inpatient Request/Page_Store/select_--Select--BA2910'

2018-06-09 21:24:22 - [MESSAGE][PASSED] - All options with index in [1] are selected on object 'Object Repository/Inpatient Request/Page_Store/select_--Select--BA2910'

2018-06-09 21:24:22 - [TEST_STEP][PASSED] - delay: Delayed 2 second(s)

2018-06-09 21:24:24 - [MESSAGE][PASSED] - Delayed 2 second(s)

2018-06-09 21:24:24 - [TEST_STEP][PASSED] - Statement - StockQty = com.kms.katalon.core.webui.keyword.WebUiBuiltInKeywords.getAttribute(com.kms.katalon.core.testobject.ObjectRepository.findTestObject(Inpatient Request/Page_Store/input_txtprice), "value"): Attribute 'value' of object 'Object Repository/Inpatient Request/Page_Store/input_txtprice' is: '1820'

2018-06-09 21:24:24 - [MESSAGE][PASSED] - Attribute 'value' of object 'Object Repository/Inpatient Request/Page_Store/input_txtprice' is: '1820'

2018-06-09 21:24:24 - [TEST_STEP][PASSED] - Statement - out.println("StockQty IS : " + StockQty): null

2018-06-09 21:24:24 - [TEST_STEP][PASSED] - Statement - If (java.lang.Integer.valueOf(StockQty) > java.lang.Integer.valueOf(RequestedQty)): null

2018-06-09 21:24:24 - [TEST_STEP][PASSED] - delay: Delayed 1 second(s)

2018-06-09 21:24:25 - [MESSAGE][PASSED] - Delayed 1 second(s)

2018-06-09 21:24:25 - [TEST_STEP][PASSED] - setText: Text '5' is set on object 'Object Repository/Inpatient Request/Page_Store/input_txtqty'

2018-06-09 21:24:25 - [MESSAGE][PASSED] - Text '5' is set on object 'Object Repository/Inpatient Request/Page_Store/input_txtqty'

2018-06-09 21:24:25 - [TEST_STEP][PASSED] - click: Object: 'Object Repository/Inpatient Request/Page_Store/button_Add' is clicked on

2018-06-09 21:24:25 - [MESSAGE][PASSED] - Object: 'Object Repository/Inpatient Request/Page_Store/button_Add' is clicked on

2018-06-09 21:24:25 - [TEST_STEP][PASSED] - Statement - Break: null

2018-06-09 21:24:25 - [TEST_STEP][PASSED] - scrollToElement: Scroll to object 'Object Repository/Inpatient Request/Page_Store/input_btnSubmit' successfully

2018-06-09 21:24:25 - [MESSAGE][PASSED] - Scroll to object 'Object Repository/Inpatient Request/Page_Store/input_btnSubmit' successfully

2018-06-09 21:24:25 - [TEST_STEP][PASSED] - click: Object: 'Object Repository/Inpatient Request/Page_Store/input_btnSubmit' is clicked on

2018-06-09 21:24:26 - [MESSAGE][PASSED] - Object: 'Object Repository/Inpatient Request/Page_Store/input_btnSubmit' is clicked on

2018-06-09 21:24:26 - [TEST_STEP][PASSED] - delay: Delayed 3 second(s)

2018-06-09 21:24:29 - [MESSAGE][PASSED] - Delayed 3 second(s)

2018-06-09 21:24:29 - [TEST_STEP][PASSED] - click: Object: 'Object Repository/Inpatient Request/Page_Store/button_OK' is clicked on

2018-06-09 21:24:29 - [MESSAGE][PASSED] - Object: 'Object Repository/Inpatient Request/Page_Store/button_OK' is clicked on

2018-06-09 21:24:29 - [TEST_STEP][PASSED] - delay: Delayed 3 second(s)

2018-06-09 21:24:32 - [MESSAGE][PASSED] - Delayed 3 second(s)

2018-06-09 21:24:32 - [TEST_STEP][PASSED] - click: Object: 'Object Repository/Inpatient Request/Page_Store/a_dropdown-toggle' is clicked on

2018-06-09 21:24:32 - [MESSAGE][PASSED] - Object: 'Object Repository/Inpatient Request/Page_Store/a_dropdown-toggle' is clicked on

2018-06-09 21:24:32 - [TEST_STEP][PASSED] - click: Object: 'Object Repository/Inpatient Request/Page_Store/a_Sign out' is clicked on

2018-06-09 21:24:33 - [MESSAGE][PASSED] - Object: 'Object Repository/Inpatient Request/Page_Store/a_Sign out' is clicked on

2018-06-09 21:24:33 - [TEST_STEP][PASSED] - closeBrowser: Browser is closed

2018-06-09 21:24:34 - [MESSAGE][PASSED] - Browser is closed

2018-06-09 21:24:34 - [TEST_STEP][PASSED] - Statement - out.println("Schedule 8 Inpatient Request Are Working Successfully"): null]]></system-out>
         <system-err><![CDATA[]]></system-err>
      </testcase>
      <testcase name="Test Cases/INPATIENT TEST CASES/TC_INR_003 Verify Schedule 12 Inpatient Request Are Working Successfully Or Not" classname="Test Cases/INPATIENT TEST CASES/TC_INR_003 Verify Schedule 12 Inpatient Request Are Working Successfully Or Not" status="PASSED">
         <system-out><![CDATA[2018-06-09 21:24:34 - [TEST_CASE][PASSED] - Test Cases/INPATIENT TEST CASES/TC_INR_003 Verify Schedule 12 Inpatient Request Are Working Successfully Or Not: Test Cases/INPATIENT TEST CASES/TC_INR_003 Verify Schedule 12 Inpatient Request Are Working Successfully Or Not

2018-06-09 21:24:34 - [TEST_STEP][PASSED] - openBrowser: Browser is opened with url: ''

2018-06-09 21:24:36 - [MESSAGE][PASSED] - Browser is opened with url: ''

2018-06-09 21:24:36 - [TEST_STEP][PASSED] - Statement - out.println("Verify Schedule 12 Inpatient Request Are Working Successfully Or Not"): null

2018-06-09 21:24:36 - [TEST_STEP][PASSED] - navigateToUrl: Navigate to 'http://192.168.137.1/multihospital_new/' successfully

2018-06-09 21:24:37 - [MESSAGE][PASSED] - Navigate to 'http://192.168.137.1/multihospital_new/' successfully

2018-06-09 21:24:37 - [TEST_STEP][PASSED] - maximizeWindow: Current window maximized

2018-06-09 21:24:39 - [MESSAGE][PASSED] - Current window maximized

2018-06-09 21:24:39 - [TEST_STEP][PASSED] - click: Object: 'Object Repository/Inpatient Request/Page_KDMC/a_In Patient' is clicked on

2018-06-09 21:24:39 - [MESSAGE][PASSED] - Object: 'Object Repository/Inpatient Request/Page_KDMC/a_In Patient' is clicked on

2018-06-09 21:24:39 - [TEST_STEP][PASSED] - setText: Text 'brintha' is set on object 'Object Repository/Inpatient Request/Page_INPATIENT LOGIN/input_txtusername'

2018-06-09 21:24:39 - [MESSAGE][PASSED] - Text 'brintha' is set on object 'Object Repository/Inpatient Request/Page_INPATIENT LOGIN/input_txtusername'

2018-06-09 21:24:39 - [TEST_STEP][PASSED] - setText: Text '123' is set on object 'Object Repository/Inpatient Request/Page_INPATIENT LOGIN/input_txtpassword'

2018-06-09 21:24:39 - [MESSAGE][PASSED] - Text '123' is set on object 'Object Repository/Inpatient Request/Page_INPATIENT LOGIN/input_txtpassword'

2018-06-09 21:24:39 - [TEST_STEP][PASSED] - delay: Delayed 3 second(s)

2018-06-09 21:24:42 - [MESSAGE][PASSED] - Delayed 3 second(s)

2018-06-09 21:24:42 - [TEST_STEP][PASSED] - click: Object: 'Object Repository/Inpatient Request/Page_INPATIENT LOGIN/button_Sign in' is clicked on

2018-06-09 21:24:43 - [MESSAGE][PASSED] - Object: 'Object Repository/Inpatient Request/Page_INPATIENT LOGIN/button_Sign in' is clicked on

2018-06-09 21:24:43 - [TEST_STEP][PASSED] - delay: Delayed 3 second(s)

2018-06-09 21:24:46 - [MESSAGE][PASSED] - Delayed 3 second(s)

2018-06-09 21:24:46 - [TEST_STEP][PASSED] - scrollToPosition: Browser is scrolled to position x = 300, y = 300

2018-06-09 21:24:46 - [MESSAGE][PASSED] - Browser is scrolled to position x = 300, y = 300

2018-06-09 21:24:46 - [TEST_STEP][PASSED] - delay: Delayed 2 second(s)

2018-06-09 21:24:48 - [MESSAGE][PASSED] - Delayed 2 second(s)

2018-06-09 21:24:48 - [TEST_STEP][PASSED] - navigateToUrl: Navigate to 'http://192.168.137.1/Multihospital_New/StoresRequest.aspx' successfully

2018-06-09 21:24:49 - [MESSAGE][PASSED] - Navigate to 'http://192.168.137.1/Multihospital_New/StoresRequest.aspx' successfully

2018-06-09 21:24:49 - [TEST_STEP][PASSED] - delay: Delayed 3 second(s)

2018-06-09 21:24:52 - [MESSAGE][PASSED] - Delayed 3 second(s)

2018-06-09 21:24:52 - [TEST_STEP][PASSED] - refresh: Refresh successfully

2018-06-09 21:24:52 - [MESSAGE][PASSED] - Refresh successfully

2018-06-09 21:24:52 - [TEST_STEP][PASSED] - delay: Delayed 3 second(s)

2018-06-09 21:24:55 - [MESSAGE][PASSED] - Delayed 3 second(s)

2018-06-09 21:24:55 - [TEST_STEP][PASSED] - selectOptionByIndex: All options with index in [3] are selected on object 'Object Repository/Inpatient Request/Page_KDMC/select_--Select--ChildrensGene'

2018-06-09 21:24:56 - [MESSAGE][PASSED] - All options with index in [3] are selected on object 'Object Repository/Inpatient Request/Page_KDMC/select_--Select--ChildrensGene'

2018-06-09 21:24:56 - [TEST_STEP][PASSED] - Statement - Inpatient_RequestNumber = com.kms.katalon.core.webui.keyword.WebUiBuiltInKeywords.getAttribute(com.kms.katalon.core.testobject.ObjectRepository.findTestObject(Inpatient Request/Page_KDMC/input_txtno), "value"): Attribute 'value' of object 'Object Repository/Inpatient Request/Page_KDMC/input_txtno' is: 'RNO/09062018/548'

2018-06-09 21:24:56 - [MESSAGE][PASSED] - Attribute 'value' of object 'Object Repository/Inpatient Request/Page_KDMC/input_txtno' is: 'RNO/09062018/548'

2018-06-09 21:24:56 - [TEST_STEP][PASSED] - Statement - RequestNo = Inpatient_RequestNumber.split("/")[2]: null

2018-06-09 21:24:56 - [TEST_STEP][PASSED] - Statement - out.println("RqID : " + RequestNo): null

2018-06-09 21:24:56 - [TEST_STEP][PASSED] - selectOptionByIndex: All options with index in [3] are selected on object 'Object Repository/Inpatient Request/Page_KDMC/select_--Select--Schedule 5Dru'

2018-06-09 21:24:56 - [MESSAGE][PASSED] - All options with index in [3] are selected on object 'Object Repository/Inpatient Request/Page_KDMC/select_--Select--Schedule 5Dru'

2018-06-09 21:24:56 - [TEST_STEP][PASSED] - Statement - selectedoptions = com.kms.katalon.core.webui.keyword.WebUiBuiltInKeywords.getNumberOfTotalOption(com.kms.katalon.core.testobject.ObjectRepository.findTestObject(Inpatient Request/Page_KDMC/select_--Select--Alcohol Rub i)): 19 options of object 'Object Repository/Inpatient Request/Page_KDMC/select_--Select--Alcohol Rub i' counted

2018-06-09 21:24:56 - [MESSAGE][PASSED] - 19 options of object 'Object Repository/Inpatient Request/Page_KDMC/select_--Select--Alcohol Rub i' counted

2018-06-09 21:24:56 - [TEST_STEP][PASSED] - Statement - For ([i = 1, i < selectedoptions, (i++)]): Object: 'Object Repository/Inpatient Request/Page_KDMC/button_Add' is clicked on

2018-06-09 21:24:56 - [TEST_STEP][PASSED] - selectOptionByIndex: All options with index in [3] are selected on object 'Object Repository/Inpatient Request/Page_KDMC/select_--Select--Schedule 5Dru'

2018-06-09 21:24:56 - [MESSAGE][PASSED] - All options with index in [3] are selected on object 'Object Repository/Inpatient Request/Page_KDMC/select_--Select--Schedule 5Dru'

2018-06-09 21:24:56 - [TEST_STEP][PASSED] - selectOptionByIndex: All options with index in [1] are selected on object 'Object Repository/Inpatient Request/Page_KDMC/select_--Select--Alcohol Rub i'

2018-06-09 21:24:56 - [MESSAGE][PASSED] - All options with index in [1] are selected on object 'Object Repository/Inpatient Request/Page_KDMC/select_--Select--Alcohol Rub i'

2018-06-09 21:24:56 - [TEST_STEP][PASSED] - setText: Text '5' is set on object 'Object Repository/Inpatient Request/Page_KDMC/input_txttreat'

2018-06-09 21:24:56 - [MESSAGE][PASSED] - Text '5' is set on object 'Object Repository/Inpatient Request/Page_KDMC/input_txttreat'

2018-06-09 21:24:56 - [TEST_STEP][PASSED] - click: Object: 'Object Repository/Inpatient Request/Page_KDMC/button_Add' is clicked on

2018-06-09 21:24:56 - [MESSAGE][PASSED] - Object: 'Object Repository/Inpatient Request/Page_KDMC/button_Add' is clicked on

2018-06-09 21:24:56 - [TEST_STEP][PASSED] - selectOptionByIndex: All options with index in [3] are selected on object 'Object Repository/Inpatient Request/Page_KDMC/select_--Select--Schedule 5Dru'

2018-06-09 21:24:57 - [MESSAGE][PASSED] - All options with index in [3] are selected on object 'Object Repository/Inpatient Request/Page_KDMC/select_--Select--Schedule 5Dru'

2018-06-09 21:24:57 - [TEST_STEP][PASSED] - selectOptionByIndex: All options with index in [2] are selected on object 'Object Repository/Inpatient Request/Page_KDMC/select_--Select--Alcohol Rub i'

2018-06-09 21:24:57 - [MESSAGE][PASSED] - All options with index in [2] are selected on object 'Object Repository/Inpatient Request/Page_KDMC/select_--Select--Alcohol Rub i'

2018-06-09 21:24:57 - [TEST_STEP][PASSED] - setText: Text '5' is set on object 'Object Repository/Inpatient Request/Page_KDMC/input_txttreat'

2018-06-09 21:24:57 - [MESSAGE][PASSED] - Text '5' is set on object 'Object Repository/Inpatient Request/Page_KDMC/input_txttreat'

2018-06-09 21:24:57 - [TEST_STEP][PASSED] - click: Object: 'Object Repository/Inpatient Request/Page_KDMC/button_Add' is clicked on

2018-06-09 21:24:57 - [MESSAGE][PASSED] - Object: 'Object Repository/Inpatient Request/Page_KDMC/button_Add' is clicked on

2018-06-09 21:24:57 - [TEST_STEP][PASSED] - selectOptionByIndex: All options with index in [3] are selected on object 'Object Repository/Inpatient Request/Page_KDMC/select_--Select--Schedule 5Dru'

2018-06-09 21:24:57 - [MESSAGE][PASSED] - All options with index in [3] are selected on object 'Object Repository/Inpatient Request/Page_KDMC/select_--Select--Schedule 5Dru'

2018-06-09 21:24:57 - [TEST_STEP][PASSED] - selectOptionByIndex: All options with index in [3] are selected on object 'Object Repository/Inpatient Request/Page_KDMC/select_--Select--Alcohol Rub i'

2018-06-09 21:24:57 - [MESSAGE][PASSED] - All options with index in [3] are selected on object 'Object Repository/Inpatient Request/Page_KDMC/select_--Select--Alcohol Rub i'

2018-06-09 21:24:57 - [TEST_STEP][PASSED] - setText: Text '5' is set on object 'Object Repository/Inpatient Request/Page_KDMC/input_txttreat'

2018-06-09 21:24:57 - [MESSAGE][PASSED] - Text '5' is set on object 'Object Repository/Inpatient Request/Page_KDMC/input_txttreat'

2018-06-09 21:24:57 - [TEST_STEP][PASSED] - click: Object: 'Object Repository/Inpatient Request/Page_KDMC/button_Add' is clicked on

2018-06-09 21:24:57 - [MESSAGE][PASSED] - Object: 'Object Repository/Inpatient Request/Page_KDMC/button_Add' is clicked on

2018-06-09 21:24:57 - [TEST_STEP][PASSED] - selectOptionByIndex: All options with index in [3] are selected on object 'Object Repository/Inpatient Request/Page_KDMC/select_--Select--Schedule 5Dru'

2018-06-09 21:24:57 - [MESSAGE][PASSED] - All options with index in [3] are selected on object 'Object Repository/Inpatient Request/Page_KDMC/select_--Select--Schedule 5Dru'

2018-06-09 21:24:57 - [TEST_STEP][PASSED] - selectOptionByIndex: All options with index in [4] are selected on object 'Object Repository/Inpatient Request/Page_KDMC/select_--Select--Alcohol Rub i'

2018-06-09 21:24:58 - [MESSAGE][PASSED] - All options with index in [4] are selected on object 'Object Repository/Inpatient Request/Page_KDMC/select_--Select--Alcohol Rub i'

2018-06-09 21:24:58 - [TEST_STEP][PASSED] - setText: Text '5' is set on object 'Object Repository/Inpatient Request/Page_KDMC/input_txttreat'

2018-06-09 21:24:58 - [MESSAGE][PASSED] - Text '5' is set on object 'Object Repository/Inpatient Request/Page_KDMC/input_txttreat'

2018-06-09 21:24:58 - [TEST_STEP][PASSED] - click: Object: 'Object Repository/Inpatient Request/Page_KDMC/button_Add' is clicked on

2018-06-09 21:24:58 - [MESSAGE][PASSED] - Object: 'Object Repository/Inpatient Request/Page_KDMC/button_Add' is clicked on

2018-06-09 21:24:58 - [TEST_STEP][PASSED] - selectOptionByIndex: All options with index in [3] are selected on object 'Object Repository/Inpatient Request/Page_KDMC/select_--Select--Schedule 5Dru'

2018-06-09 21:24:58 - [MESSAGE][PASSED] - All options with index in [3] are selected on object 'Object Repository/Inpatient Request/Page_KDMC/select_--Select--Schedule 5Dru'

2018-06-09 21:24:58 - [TEST_STEP][PASSED] - selectOptionByIndex: All options with index in [5] are selected on object 'Object Repository/Inpatient Request/Page_KDMC/select_--Select--Alcohol Rub i'

2018-06-09 21:24:58 - [MESSAGE][PASSED] - All options with index in [5] are selected on object 'Object Repository/Inpatient Request/Page_KDMC/select_--Select--Alcohol Rub i'

2018-06-09 21:24:58 - [TEST_STEP][PASSED] - setText: Text '5' is set on object 'Object Repository/Inpatient Request/Page_KDMC/input_txttreat'

2018-06-09 21:24:58 - [MESSAGE][PASSED] - Text '5' is set on object 'Object Repository/Inpatient Request/Page_KDMC/input_txttreat'

2018-06-09 21:24:58 - [TEST_STEP][PASSED] - click: Object: 'Object Repository/Inpatient Request/Page_KDMC/button_Add' is clicked on

2018-06-09 21:24:58 - [MESSAGE][PASSED] - Object: 'Object Repository/Inpatient Request/Page_KDMC/button_Add' is clicked on

2018-06-09 21:24:58 - [TEST_STEP][PASSED] - selectOptionByIndex: All options with index in [3] are selected on object 'Object Repository/Inpatient Request/Page_KDMC/select_--Select--Schedule 5Dru'

2018-06-09 21:24:58 - [MESSAGE][PASSED] - All options with index in [3] are selected on object 'Object Repository/Inpatient Request/Page_KDMC/select_--Select--Schedule 5Dru'

2018-06-09 21:24:58 - [TEST_STEP][PASSED] - selectOptionByIndex: All options with index in [6] are selected on object 'Object Repository/Inpatient Request/Page_KDMC/select_--Select--Alcohol Rub i'

2018-06-09 21:24:58 - [MESSAGE][PASSED] - All options with index in [6] are selected on object 'Object Repository/Inpatient Request/Page_KDMC/select_--Select--Alcohol Rub i'

2018-06-09 21:24:58 - [TEST_STEP][PASSED] - setText: Text '5' is set on object 'Object Repository/Inpatient Request/Page_KDMC/input_txttreat'

2018-06-09 21:24:59 - [MESSAGE][PASSED] - Text '5' is set on object 'Object Repository/Inpatient Request/Page_KDMC/input_txttreat'

2018-06-09 21:24:59 - [TEST_STEP][PASSED] - click: Object: 'Object Repository/Inpatient Request/Page_KDMC/button_Add' is clicked on

2018-06-09 21:24:59 - [MESSAGE][PASSED] - Object: 'Object Repository/Inpatient Request/Page_KDMC/button_Add' is clicked on

2018-06-09 21:24:59 - [TEST_STEP][PASSED] - selectOptionByIndex: All options with index in [3] are selected on object 'Object Repository/Inpatient Request/Page_KDMC/select_--Select--Schedule 5Dru'

2018-06-09 21:24:59 - [MESSAGE][PASSED] - All options with index in [3] are selected on object 'Object Repository/Inpatient Request/Page_KDMC/select_--Select--Schedule 5Dru'

2018-06-09 21:24:59 - [TEST_STEP][PASSED] - selectOptionByIndex: All options with index in [7] are selected on object 'Object Repository/Inpatient Request/Page_KDMC/select_--Select--Alcohol Rub i'

2018-06-09 21:24:59 - [MESSAGE][PASSED] - All options with index in [7] are selected on object 'Object Repository/Inpatient Request/Page_KDMC/select_--Select--Alcohol Rub i'

2018-06-09 21:24:59 - [TEST_STEP][PASSED] - setText: Text '5' is set on object 'Object Repository/Inpatient Request/Page_KDMC/input_txttreat'

2018-06-09 21:24:59 - [MESSAGE][PASSED] - Text '5' is set on object 'Object Repository/Inpatient Request/Page_KDMC/input_txttreat'

2018-06-09 21:24:59 - [TEST_STEP][PASSED] - click: Object: 'Object Repository/Inpatient Request/Page_KDMC/button_Add' is clicked on

2018-06-09 21:24:59 - [MESSAGE][PASSED] - Object: 'Object Repository/Inpatient Request/Page_KDMC/button_Add' is clicked on

2018-06-09 21:24:59 - [TEST_STEP][PASSED] - selectOptionByIndex: All options with index in [3] are selected on object 'Object Repository/Inpatient Request/Page_KDMC/select_--Select--Schedule 5Dru'

2018-06-09 21:24:59 - [MESSAGE][PASSED] - All options with index in [3] are selected on object 'Object Repository/Inpatient Request/Page_KDMC/select_--Select--Schedule 5Dru'

2018-06-09 21:24:59 - [TEST_STEP][PASSED] - selectOptionByIndex: All options with index in [8] are selected on object 'Object Repository/Inpatient Request/Page_KDMC/select_--Select--Alcohol Rub i'

2018-06-09 21:24:59 - [MESSAGE][PASSED] - All options with index in [8] are selected on object 'Object Repository/Inpatient Request/Page_KDMC/select_--Select--Alcohol Rub i'

2018-06-09 21:24:59 - [TEST_STEP][PASSED] - setText: Text '5' is set on object 'Object Repository/Inpatient Request/Page_KDMC/input_txttreat'

2018-06-09 21:25:00 - [MESSAGE][PASSED] - Text '5' is set on object 'Object Repository/Inpatient Request/Page_KDMC/input_txttreat'

2018-06-09 21:25:00 - [TEST_STEP][PASSED] - click: Object: 'Object Repository/Inpatient Request/Page_KDMC/button_Add' is clicked on

2018-06-09 21:25:00 - [MESSAGE][PASSED] - Object: 'Object Repository/Inpatient Request/Page_KDMC/button_Add' is clicked on

2018-06-09 21:25:00 - [TEST_STEP][PASSED] - selectOptionByIndex: All options with index in [3] are selected on object 'Object Repository/Inpatient Request/Page_KDMC/select_--Select--Schedule 5Dru'

2018-06-09 21:25:00 - [MESSAGE][PASSED] - All options with index in [3] are selected on object 'Object Repository/Inpatient Request/Page_KDMC/select_--Select--Schedule 5Dru'

2018-06-09 21:25:00 - [TEST_STEP][PASSED] - selectOptionByIndex: All options with index in [9] are selected on object 'Object Repository/Inpatient Request/Page_KDMC/select_--Select--Alcohol Rub i'

2018-06-09 21:25:00 - [MESSAGE][PASSED] - All options with index in [9] are selected on object 'Object Repository/Inpatient Request/Page_KDMC/select_--Select--Alcohol Rub i'

2018-06-09 21:25:00 - [TEST_STEP][PASSED] - setText: Text '5' is set on object 'Object Repository/Inpatient Request/Page_KDMC/input_txttreat'

2018-06-09 21:25:00 - [MESSAGE][PASSED] - Text '5' is set on object 'Object Repository/Inpatient Request/Page_KDMC/input_txttreat'

2018-06-09 21:25:00 - [TEST_STEP][PASSED] - click: Object: 'Object Repository/Inpatient Request/Page_KDMC/button_Add' is clicked on

2018-06-09 21:25:00 - [MESSAGE][PASSED] - Object: 'Object Repository/Inpatient Request/Page_KDMC/button_Add' is clicked on

2018-06-09 21:25:00 - [TEST_STEP][PASSED] - selectOptionByIndex: All options with index in [3] are selected on object 'Object Repository/Inpatient Request/Page_KDMC/select_--Select--Schedule 5Dru'

2018-06-09 21:25:00 - [MESSAGE][PASSED] - All options with index in [3] are selected on object 'Object Repository/Inpatient Request/Page_KDMC/select_--Select--Schedule 5Dru'

2018-06-09 21:25:00 - [TEST_STEP][PASSED] - selectOptionByIndex: All options with index in [10] are selected on object 'Object Repository/Inpatient Request/Page_KDMC/select_--Select--Alcohol Rub i'

2018-06-09 21:25:00 - [MESSAGE][PASSED] - All options with index in [10] are selected on object 'Object Repository/Inpatient Request/Page_KDMC/select_--Select--Alcohol Rub i'

2018-06-09 21:25:00 - [TEST_STEP][PASSED] - setText: Text '5' is set on object 'Object Repository/Inpatient Request/Page_KDMC/input_txttreat'

2018-06-09 21:25:01 - [MESSAGE][PASSED] - Text '5' is set on object 'Object Repository/Inpatient Request/Page_KDMC/input_txttreat'

2018-06-09 21:25:01 - [TEST_STEP][PASSED] - click: Object: 'Object Repository/Inpatient Request/Page_KDMC/button_Add' is clicked on

2018-06-09 21:25:01 - [MESSAGE][PASSED] - Object: 'Object Repository/Inpatient Request/Page_KDMC/button_Add' is clicked on

2018-06-09 21:25:01 - [TEST_STEP][PASSED] - selectOptionByIndex: All options with index in [3] are selected on object 'Object Repository/Inpatient Request/Page_KDMC/select_--Select--Schedule 5Dru'

2018-06-09 21:25:01 - [MESSAGE][PASSED] - All options with index in [3] are selected on object 'Object Repository/Inpatient Request/Page_KDMC/select_--Select--Schedule 5Dru'

2018-06-09 21:25:01 - [TEST_STEP][PASSED] - selectOptionByIndex: All options with index in [11] are selected on object 'Object Repository/Inpatient Request/Page_KDMC/select_--Select--Alcohol Rub i'

2018-06-09 21:25:01 - [MESSAGE][PASSED] - All options with index in [11] are selected on object 'Object Repository/Inpatient Request/Page_KDMC/select_--Select--Alcohol Rub i'

2018-06-09 21:25:01 - [TEST_STEP][PASSED] - setText: Text '5' is set on object 'Object Repository/Inpatient Request/Page_KDMC/input_txttreat'

2018-06-09 21:25:01 - [MESSAGE][PASSED] - Text '5' is set on object 'Object Repository/Inpatient Request/Page_KDMC/input_txttreat'

2018-06-09 21:25:01 - [TEST_STEP][PASSED] - click: Object: 'Object Repository/Inpatient Request/Page_KDMC/button_Add' is clicked on

2018-06-09 21:25:01 - [MESSAGE][PASSED] - Object: 'Object Repository/Inpatient Request/Page_KDMC/button_Add' is clicked on

2018-06-09 21:25:01 - [TEST_STEP][PASSED] - selectOptionByIndex: All options with index in [3] are selected on object 'Object Repository/Inpatient Request/Page_KDMC/select_--Select--Schedule 5Dru'

2018-06-09 21:25:01 - [MESSAGE][PASSED] - All options with index in [3] are selected on object 'Object Repository/Inpatient Request/Page_KDMC/select_--Select--Schedule 5Dru'

2018-06-09 21:25:01 - [TEST_STEP][PASSED] - selectOptionByIndex: All options with index in [12] are selected on object 'Object Repository/Inpatient Request/Page_KDMC/select_--Select--Alcohol Rub i'

2018-06-09 21:25:02 - [MESSAGE][PASSED] - All options with index in [12] are selected on object 'Object Repository/Inpatient Request/Page_KDMC/select_--Select--Alcohol Rub i'

2018-06-09 21:25:02 - [TEST_STEP][PASSED] - setText: Text '5' is set on object 'Object Repository/Inpatient Request/Page_KDMC/input_txttreat'

2018-06-09 21:25:02 - [MESSAGE][PASSED] - Text '5' is set on object 'Object Repository/Inpatient Request/Page_KDMC/input_txttreat'

2018-06-09 21:25:02 - [TEST_STEP][PASSED] - click: Object: 'Object Repository/Inpatient Request/Page_KDMC/button_Add' is clicked on

2018-06-09 21:25:02 - [MESSAGE][PASSED] - Object: 'Object Repository/Inpatient Request/Page_KDMC/button_Add' is clicked on

2018-06-09 21:25:02 - [TEST_STEP][PASSED] - selectOptionByIndex: All options with index in [3] are selected on object 'Object Repository/Inpatient Request/Page_KDMC/select_--Select--Schedule 5Dru'

2018-06-09 21:25:02 - [MESSAGE][PASSED] - All options with index in [3] are selected on object 'Object Repository/Inpatient Request/Page_KDMC/select_--Select--Schedule 5Dru'

2018-06-09 21:25:02 - [TEST_STEP][PASSED] - selectOptionByIndex: All options with index in [13] are selected on object 'Object Repository/Inpatient Request/Page_KDMC/select_--Select--Alcohol Rub i'

2018-06-09 21:25:02 - [MESSAGE][PASSED] - All options with index in [13] are selected on object 'Object Repository/Inpatient Request/Page_KDMC/select_--Select--Alcohol Rub i'

2018-06-09 21:25:02 - [TEST_STEP][PASSED] - setText: Text '5' is set on object 'Object Repository/Inpatient Request/Page_KDMC/input_txttreat'

2018-06-09 21:25:02 - [MESSAGE][PASSED] - Text '5' is set on object 'Object Repository/Inpatient Request/Page_KDMC/input_txttreat'

2018-06-09 21:25:02 - [TEST_STEP][PASSED] - click: Object: 'Object Repository/Inpatient Request/Page_KDMC/button_Add' is clicked on

2018-06-09 21:25:02 - [MESSAGE][PASSED] - Object: 'Object Repository/Inpatient Request/Page_KDMC/button_Add' is clicked on

2018-06-09 21:25:02 - [TEST_STEP][PASSED] - selectOptionByIndex: All options with index in [3] are selected on object 'Object Repository/Inpatient Request/Page_KDMC/select_--Select--Schedule 5Dru'

2018-06-09 21:25:02 - [MESSAGE][PASSED] - All options with index in [3] are selected on object 'Object Repository/Inpatient Request/Page_KDMC/select_--Select--Schedule 5Dru'

2018-06-09 21:25:02 - [TEST_STEP][PASSED] - selectOptionByIndex: All options with index in [14] are selected on object 'Object Repository/Inpatient Request/Page_KDMC/select_--Select--Alcohol Rub i'

2018-06-09 21:25:03 - [MESSAGE][PASSED] - All options with index in [14] are selected on object 'Object Repository/Inpatient Request/Page_KDMC/select_--Select--Alcohol Rub i'

2018-06-09 21:25:03 - [TEST_STEP][PASSED] - setText: Text '5' is set on object 'Object Repository/Inpatient Request/Page_KDMC/input_txttreat'

2018-06-09 21:25:03 - [MESSAGE][PASSED] - Text '5' is set on object 'Object Repository/Inpatient Request/Page_KDMC/input_txttreat'

2018-06-09 21:25:03 - [TEST_STEP][PASSED] - click: Object: 'Object Repository/Inpatient Request/Page_KDMC/button_Add' is clicked on

2018-06-09 21:25:03 - [MESSAGE][PASSED] - Object: 'Object Repository/Inpatient Request/Page_KDMC/button_Add' is clicked on

2018-06-09 21:25:03 - [TEST_STEP][PASSED] - selectOptionByIndex: All options with index in [3] are selected on object 'Object Repository/Inpatient Request/Page_KDMC/select_--Select--Schedule 5Dru'

2018-06-09 21:25:03 - [MESSAGE][PASSED] - All options with index in [3] are selected on object 'Object Repository/Inpatient Request/Page_KDMC/select_--Select--Schedule 5Dru'

2018-06-09 21:25:03 - [TEST_STEP][PASSED] - selectOptionByIndex: All options with index in [15] are selected on object 'Object Repository/Inpatient Request/Page_KDMC/select_--Select--Alcohol Rub i'

2018-06-09 21:25:03 - [MESSAGE][PASSED] - All options with index in [15] are selected on object 'Object Repository/Inpatient Request/Page_KDMC/select_--Select--Alcohol Rub i'

2018-06-09 21:25:03 - [TEST_STEP][PASSED] - setText: Text '5' is set on object 'Object Repository/Inpatient Request/Page_KDMC/input_txttreat'

2018-06-09 21:25:03 - [MESSAGE][PASSED] - Text '5' is set on object 'Object Repository/Inpatient Request/Page_KDMC/input_txttreat'

2018-06-09 21:25:03 - [TEST_STEP][PASSED] - click: Object: 'Object Repository/Inpatient Request/Page_KDMC/button_Add' is clicked on

2018-06-09 21:25:03 - [MESSAGE][PASSED] - Object: 'Object Repository/Inpatient Request/Page_KDMC/button_Add' is clicked on

2018-06-09 21:25:03 - [TEST_STEP][PASSED] - selectOptionByIndex: All options with index in [3] are selected on object 'Object Repository/Inpatient Request/Page_KDMC/select_--Select--Schedule 5Dru'

2018-06-09 21:25:03 - [MESSAGE][PASSED] - All options with index in [3] are selected on object 'Object Repository/Inpatient Request/Page_KDMC/select_--Select--Schedule 5Dru'

2018-06-09 21:25:03 - [TEST_STEP][PASSED] - selectOptionByIndex: All options with index in [16] are selected on object 'Object Repository/Inpatient Request/Page_KDMC/select_--Select--Alcohol Rub i'

2018-06-09 21:25:04 - [MESSAGE][PASSED] - All options with index in [16] are selected on object 'Object Repository/Inpatient Request/Page_KDMC/select_--Select--Alcohol Rub i'

2018-06-09 21:25:04 - [TEST_STEP][PASSED] - setText: Text '5' is set on object 'Object Repository/Inpatient Request/Page_KDMC/input_txttreat'

2018-06-09 21:25:04 - [MESSAGE][PASSED] - Text '5' is set on object 'Object Repository/Inpatient Request/Page_KDMC/input_txttreat'

2018-06-09 21:25:04 - [TEST_STEP][PASSED] - click: Object: 'Object Repository/Inpatient Request/Page_KDMC/button_Add' is clicked on

2018-06-09 21:25:04 - [MESSAGE][PASSED] - Object: 'Object Repository/Inpatient Request/Page_KDMC/button_Add' is clicked on

2018-06-09 21:25:04 - [TEST_STEP][PASSED] - selectOptionByIndex: All options with index in [3] are selected on object 'Object Repository/Inpatient Request/Page_KDMC/select_--Select--Schedule 5Dru'

2018-06-09 21:25:04 - [MESSAGE][PASSED] - All options with index in [3] are selected on object 'Object Repository/Inpatient Request/Page_KDMC/select_--Select--Schedule 5Dru'

2018-06-09 21:25:04 - [TEST_STEP][PASSED] - selectOptionByIndex: All options with index in [17] are selected on object 'Object Repository/Inpatient Request/Page_KDMC/select_--Select--Alcohol Rub i'

2018-06-09 21:25:04 - [MESSAGE][PASSED] - All options with index in [17] are selected on object 'Object Repository/Inpatient Request/Page_KDMC/select_--Select--Alcohol Rub i'

2018-06-09 21:25:04 - [TEST_STEP][PASSED] - setText: Text '5' is set on object 'Object Repository/Inpatient Request/Page_KDMC/input_txttreat'

2018-06-09 21:25:04 - [MESSAGE][PASSED] - Text '5' is set on object 'Object Repository/Inpatient Request/Page_KDMC/input_txttreat'

2018-06-09 21:25:04 - [TEST_STEP][PASSED] - click: Object: 'Object Repository/Inpatient Request/Page_KDMC/button_Add' is clicked on

2018-06-09 21:25:04 - [MESSAGE][PASSED] - Object: 'Object Repository/Inpatient Request/Page_KDMC/button_Add' is clicked on

2018-06-09 21:25:04 - [TEST_STEP][PASSED] - selectOptionByIndex: All options with index in [3] are selected on object 'Object Repository/Inpatient Request/Page_KDMC/select_--Select--Schedule 5Dru'

2018-06-09 21:25:05 - [MESSAGE][PASSED] - All options with index in [3] are selected on object 'Object Repository/Inpatient Request/Page_KDMC/select_--Select--Schedule 5Dru'

2018-06-09 21:25:05 - [TEST_STEP][PASSED] - selectOptionByIndex: All options with index in [18] are selected on object 'Object Repository/Inpatient Request/Page_KDMC/select_--Select--Alcohol Rub i'

2018-06-09 21:25:05 - [MESSAGE][PASSED] - All options with index in [18] are selected on object 'Object Repository/Inpatient Request/Page_KDMC/select_--Select--Alcohol Rub i'

2018-06-09 21:25:05 - [TEST_STEP][PASSED] - setText: Text '5' is set on object 'Object Repository/Inpatient Request/Page_KDMC/input_txttreat'

2018-06-09 21:25:05 - [MESSAGE][PASSED] - Text '5' is set on object 'Object Repository/Inpatient Request/Page_KDMC/input_txttreat'

2018-06-09 21:25:05 - [TEST_STEP][PASSED] - click: Object: 'Object Repository/Inpatient Request/Page_KDMC/button_Add' is clicked on

2018-06-09 21:25:05 - [MESSAGE][PASSED] - Object: 'Object Repository/Inpatient Request/Page_KDMC/button_Add' is clicked on

2018-06-09 21:25:05 - [TEST_STEP][PASSED] - scrollToElement: Scroll to object 'Object Repository/Inpatient Request/Page_KDMC/input_btnsave' successfully

2018-06-09 21:25:05 - [MESSAGE][PASSED] - Scroll to object 'Object Repository/Inpatient Request/Page_KDMC/input_btnsave' successfully

2018-06-09 21:25:05 - [TEST_STEP][PASSED] - click: Object: 'Object Repository/Inpatient Request/Page_KDMC/input_btnsave' is clicked on

2018-06-09 21:25:05 - [MESSAGE][PASSED] - Object: 'Object Repository/Inpatient Request/Page_KDMC/input_btnsave' is clicked on

2018-06-09 21:25:05 - [TEST_STEP][PASSED] - delay: Delayed 3 second(s)

2018-06-09 21:25:08 - [MESSAGE][PASSED] - Delayed 3 second(s)

2018-06-09 21:25:08 - [TEST_STEP][PASSED] - click: Object: 'Object Repository/Inpatient Request/Page_KDMC/button_OK' is clicked on

2018-06-09 21:25:09 - [MESSAGE][PASSED] - Object: 'Object Repository/Inpatient Request/Page_KDMC/button_OK' is clicked on

2018-06-09 21:25:09 - [TEST_STEP][PASSED] - delay: Delayed 3 second(s)

2018-06-09 21:25:12 - [MESSAGE][PASSED] - Delayed 3 second(s)

2018-06-09 21:25:12 - [TEST_STEP][PASSED] - click: Object: 'Object Repository/Inpatient Request/Page_KDMC/a_dropdown-toggle' is clicked on

2018-06-09 21:25:12 - [MESSAGE][PASSED] - Object: 'Object Repository/Inpatient Request/Page_KDMC/a_dropdown-toggle' is clicked on

2018-06-09 21:25:12 - [TEST_STEP][PASSED] - click: Object: 'Object Repository/Inpatient Request/Page_KDMC/a_Sign out' is clicked on

2018-06-09 21:25:12 - [MESSAGE][PASSED] - Object: 'Object Repository/Inpatient Request/Page_KDMC/a_Sign out' is clicked on

2018-06-09 21:25:12 - [TEST_STEP][PASSED] - delay: Delayed 3 second(s)

2018-06-09 21:25:15 - [MESSAGE][PASSED] - Delayed 3 second(s)

2018-06-09 21:25:15 - [TEST_STEP][PASSED] - click: Object: 'Object Repository/Inpatient Request/Page_KDMC/a_CMO' is clicked on

2018-06-09 21:25:16 - [MESSAGE][PASSED] - Object: 'Object Repository/Inpatient Request/Page_KDMC/a_CMO' is clicked on

2018-06-09 21:25:16 - [TEST_STEP][PASSED] - setText: Text 'guru' is set on object 'Object Repository/Inpatient Request/Page_CMO login/input_txtusername'

2018-06-09 21:25:16 - [MESSAGE][PASSED] - Text 'guru' is set on object 'Object Repository/Inpatient Request/Page_CMO login/input_txtusername'

2018-06-09 21:25:16 - [TEST_STEP][PASSED] - setText: Text '123' is set on object 'Object Repository/Inpatient Request/Page_CMO login/input_txtpassword'

2018-06-09 21:25:16 - [MESSAGE][PASSED] - Text '123' is set on object 'Object Repository/Inpatient Request/Page_CMO login/input_txtpassword'

2018-06-09 21:25:16 - [TEST_STEP][PASSED] - delay: Delayed 3 second(s)

2018-06-09 21:25:19 - [MESSAGE][PASSED] - Delayed 3 second(s)

2018-06-09 21:25:19 - [TEST_STEP][PASSED] - click: Object: 'Object Repository/Inpatient Request/Page_CMO login/button_Sign in' is clicked on

2018-06-09 21:25:19 - [MESSAGE][PASSED] - Object: 'Object Repository/Inpatient Request/Page_CMO login/button_Sign in' is clicked on

2018-06-09 21:25:19 - [TEST_STEP][PASSED] - delay: Delayed 3 second(s)

2018-06-09 21:25:22 - [MESSAGE][PASSED] - Delayed 3 second(s)

2018-06-09 21:25:22 - [TEST_STEP][PASSED] - click: Object: 'Object Repository/Inpatient Request/Page_KDMC - CMO/a_Department Wise Request' is clicked on

2018-06-09 21:25:23 - [MESSAGE][PASSED] - Object: 'Object Repository/Inpatient Request/Page_KDMC - CMO/a_Department Wise Request' is clicked on

2018-06-09 21:25:23 - [TEST_STEP][PASSED] - delay: Delayed 2 second(s)

2018-06-09 21:25:25 - [MESSAGE][PASSED] - Delayed 2 second(s)

2018-06-09 21:25:25 - [TEST_STEP][PASSED] - selectOptionByIndex: All options with index in [1] are selected on object 'Object Repository/Inpatient Request/Page_KDMC - CMO/select_--ALL--'

2018-06-09 21:25:25 - [MESSAGE][PASSED] - All options with index in [1] are selected on object 'Object Repository/Inpatient Request/Page_KDMC - CMO/select_--ALL--'

2018-06-09 21:25:25 - [TEST_STEP][PASSED] - selectOptionByIndex: All options with index in [1] are selected on object 'Object Repository/Inpatient Request/Page_KDMC - CMO/select_--ALL--                _1'

2018-06-09 21:25:25 - [MESSAGE][PASSED] - All options with index in [1] are selected on object 'Object Repository/Inpatient Request/Page_KDMC - CMO/select_--ALL--                _1'

2018-06-09 21:25:25 - [TEST_STEP][PASSED] - click: Object: 'Object Repository/Inpatient Request/Page_KDMC - CMO/input_btnsearch' is clicked on

2018-06-09 21:25:25 - [MESSAGE][PASSED] - Object: 'Object Repository/Inpatient Request/Page_KDMC - CMO/input_btnsearch' is clicked on

2018-06-09 21:25:25 - [TEST_STEP][PASSED] - delay: Delayed 2 second(s)

2018-06-09 21:25:27 - [MESSAGE][PASSED] - Delayed 2 second(s)

2018-06-09 21:25:27 - [TEST_STEP][PASSED] - Statement - ID = com.kms.katalon.core.webui.keyword.WebUiBuiltInKeywords.modifyObjectProperty(com.kms.katalon.core.testobject.ObjectRepository.findTestObject(Inpatient Request/Page_KDMC - CMO/input_1), "xpath", "equals", "//*[@id=" + RequestNo + "]", true): Modify property of object successfully

2018-06-09 21:25:27 - [MESSAGE][PASSED] - Modify property of object successfully

2018-06-09 21:25:27 - [TEST_STEP][PASSED] - click: Object: 'Object Repository/Inpatient Request/Page_KDMC - CMO/input_1' is clicked on

2018-06-09 21:25:27 - [MESSAGE][PASSED] - Object: 'Object Repository/Inpatient Request/Page_KDMC - CMO/input_1' is clicked on

2018-06-09 21:25:27 - [TEST_STEP][PASSED] - delay: Delayed 2 second(s)

2018-06-09 21:25:29 - [MESSAGE][PASSED] - Delayed 2 second(s)

2018-06-09 21:25:29 - [TEST_STEP][PASSED] - selectOptionByIndex: All options with index in [1] are selected on object 'Object Repository/Inpatient Request/Page_KDMC - CMO/select_--Select--'

2018-06-09 21:25:30 - [MESSAGE][PASSED] - All options with index in [1] are selected on object 'Object Repository/Inpatient Request/Page_KDMC - CMO/select_--Select--'

2018-06-09 21:25:30 - [TEST_STEP][PASSED] - delay: Delayed 2 second(s)

2018-06-09 21:25:32 - [MESSAGE][PASSED] - Delayed 2 second(s)

2018-06-09 21:25:32 - [TEST_STEP][PASSED] - click: Object: 'Object Repository/Inpatient Request/Page_KDMC - CMO/input_btnupdate' is clicked on

2018-06-09 21:25:32 - [MESSAGE][PASSED] - Object: 'Object Repository/Inpatient Request/Page_KDMC - CMO/input_btnupdate' is clicked on

2018-06-09 21:25:32 - [TEST_STEP][PASSED] - delay: Delayed 2 second(s)

2018-06-09 21:25:34 - [MESSAGE][PASSED] - Delayed 2 second(s)

2018-06-09 21:25:34 - [TEST_STEP][PASSED] - click: Object: 'Object Repository/Inpatient Request/Page_KDMC - CMO/button_OK' is clicked on

2018-06-09 21:25:34 - [MESSAGE][PASSED] - Object: 'Object Repository/Inpatient Request/Page_KDMC - CMO/button_OK' is clicked on

2018-06-09 21:25:34 - [TEST_STEP][PASSED] - delay: Delayed 3 second(s)

2018-06-09 21:25:37 - [MESSAGE][PASSED] - Delayed 3 second(s)

2018-06-09 21:25:37 - [TEST_STEP][PASSED] - click: Object: 'Object Repository/Inpatient Request/Page_KDMC - CMO/a_dropdown-toggle' is clicked on

2018-06-09 21:25:37 - [MESSAGE][PASSED] - Object: 'Object Repository/Inpatient Request/Page_KDMC - CMO/a_dropdown-toggle' is clicked on

2018-06-09 21:25:37 - [TEST_STEP][PASSED] - click: Object: 'Object Repository/Inpatient Request/Page_KDMC - CMO/a_Sign out' is clicked on

2018-06-09 21:25:38 - [MESSAGE][PASSED] - Object: 'Object Repository/Inpatient Request/Page_KDMC - CMO/a_Sign out' is clicked on

2018-06-09 21:25:38 - [TEST_STEP][PASSED] - delay: Delayed 3 second(s)

2018-06-09 21:25:41 - [MESSAGE][PASSED] - Delayed 3 second(s)

2018-06-09 21:25:41 - [TEST_STEP][PASSED] - click: Object: 'Object Repository/Inpatient Request/Page_KDMC/a_Divisional Store' is clicked on

2018-06-09 21:25:41 - [MESSAGE][PASSED] - Object: 'Object Repository/Inpatient Request/Page_KDMC/a_Divisional Store' is clicked on

2018-06-09 21:25:41 - [TEST_STEP][PASSED] - setText: Text 'ragu' is set on object 'Object Repository/Inpatient Request/Page_Divisonal Store Login/input_txtusername'

2018-06-09 21:25:42 - [MESSAGE][PASSED] - Text 'ragu' is set on object 'Object Repository/Inpatient Request/Page_Divisonal Store Login/input_txtusername'

2018-06-09 21:25:42 - [TEST_STEP][PASSED] - setText: Text '123' is set on object 'Object Repository/Inpatient Request/Page_Divisonal Store Login/input_txtpassword'

2018-06-09 21:25:42 - [MESSAGE][PASSED] - Text '123' is set on object 'Object Repository/Inpatient Request/Page_Divisonal Store Login/input_txtpassword'

2018-06-09 21:25:42 - [TEST_STEP][PASSED] - delay: Delayed 3 second(s)

2018-06-09 21:25:45 - [MESSAGE][PASSED] - Delayed 3 second(s)

2018-06-09 21:25:45 - [TEST_STEP][PASSED] - click: Object: 'Object Repository/Inpatient Request/Page_Divisonal Store Login/button_Sign in' is clicked on

2018-06-09 21:25:46 - [MESSAGE][PASSED] - Object: 'Object Repository/Inpatient Request/Page_Divisonal Store Login/button_Sign in' is clicked on

2018-06-09 21:25:46 - [TEST_STEP][PASSED] - delay: Delayed 3 second(s)

2018-06-09 21:25:49 - [MESSAGE][PASSED] - Delayed 3 second(s)

2018-06-09 21:25:49 - [TEST_STEP][PASSED] - click: Object: 'Object Repository/Inpatient Request/Page_Store/a_Inpatient Request' is clicked on

2018-06-09 21:25:49 - [MESSAGE][PASSED] - Object: 'Object Repository/Inpatient Request/Page_Store/a_Inpatient Request' is clicked on

2018-06-09 21:25:49 - [TEST_STEP][PASSED] - click: Object: 'Object Repository/Inpatient Request/Page_Store/a_Request Item Inpatient' is clicked on

2018-06-09 21:25:50 - [MESSAGE][PASSED] - Object: 'Object Repository/Inpatient Request/Page_Store/a_Request Item Inpatient' is clicked on

2018-06-09 21:25:50 - [TEST_STEP][PASSED] - setText: Text 'RNO/09062018/548' is set on object 'Object Repository/Inpatient Request/Page_Store/input'

2018-06-09 21:25:51 - [MESSAGE][PASSED] - Text 'RNO/09062018/548' is set on object 'Object Repository/Inpatient Request/Page_Store/input'

2018-06-09 21:25:51 - [TEST_STEP][PASSED] - Statement - InpID = com.kms.katalon.core.webui.keyword.WebUiBuiltInKeywords.modifyObjectProperty(com.kms.katalon.core.testobject.ObjectRepository.findTestObject(Inpatient Request/Page_Store/input_1), "xpath", "equals", "//*[@id=" + RequestNo + "]", true): Modify property of object successfully

2018-06-09 21:25:51 - [MESSAGE][PASSED] - Modify property of object successfully

2018-06-09 21:25:51 - [TEST_STEP][PASSED] - click: Object: 'Object Repository/Inpatient Request/Page_Store/input_1' is clicked on

2018-06-09 21:25:51 - [MESSAGE][PASSED] - Object: 'Object Repository/Inpatient Request/Page_Store/input_1' is clicked on

2018-06-09 21:25:51 - [TEST_STEP][PASSED] - Statement - medicine = com.kms.katalon.core.webui.keyword.WebUiBuiltInKeywords.getNumberOfTotalOption(com.kms.katalon.core.testobject.ObjectRepository.findTestObject(Inpatient Request/Page_Store/select_--Select--Alcohol Rub i)): 19 options of object 'Object Repository/Inpatient Request/Page_Store/select_--Select--Alcohol Rub i' counted

2018-06-09 21:25:51 - [MESSAGE][PASSED] - 19 options of object 'Object Repository/Inpatient Request/Page_Store/select_--Select--Alcohol Rub i' counted

2018-06-09 21:25:51 - [TEST_STEP][PASSED] - Statement - For ([j = 1, j <= medicine - 1, (j++)]): null

2018-06-09 21:25:51 - [TEST_STEP][PASSED] - selectOptionByIndex: All options with index in [1] are selected on object 'Object Repository/Inpatient Request/Page_Store/select_--Select--Alcohol Rub i'

2018-06-09 21:25:52 - [MESSAGE][PASSED] - All options with index in [1] are selected on object 'Object Repository/Inpatient Request/Page_Store/select_--Select--Alcohol Rub i'

2018-06-09 21:25:52 - [TEST_STEP][PASSED] - delay: Delayed 2 second(s)

2018-06-09 21:25:54 - [MESSAGE][PASSED] - Delayed 2 second(s)

2018-06-09 21:25:54 - [TEST_STEP][PASSED] - Statement - RequestedQty = com.kms.katalon.core.webui.keyword.WebUiBuiltInKeywords.getAttribute(com.kms.katalon.core.testobject.ObjectRepository.findTestObject(Inpatient Request/Page_Store/input_txttotal), "value"): Attribute 'value' of object 'Object Repository/Inpatient Request/Page_Store/input_txttotal' is: '5'

2018-06-09 21:25:54 - [MESSAGE][PASSED] - Attribute 'value' of object 'Object Repository/Inpatient Request/Page_Store/input_txttotal' is: '5'

2018-06-09 21:25:54 - [TEST_STEP][PASSED] - Statement - out.println("RequestedQty IS : " + RequestedQty): null

2018-06-09 21:25:54 - [TEST_STEP][PASSED] - Statement - BatchNo = com.kms.katalon.core.webui.keyword.WebUiBuiltInKeywords.getNumberOfTotalOption(com.kms.katalon.core.testobject.ObjectRepository.findTestObject(Inpatient Request/Page_Store/select_--Select--BA2910)): 3 options of object 'Object Repository/Inpatient Request/Page_Store/select_--Select--BA2910' counted

2018-06-09 21:25:54 - [MESSAGE][PASSED] - 3 options of object 'Object Repository/Inpatient Request/Page_Store/select_--Select--BA2910' counted

2018-06-09 21:25:54 - [TEST_STEP][PASSED] - Statement - For ([k = 1, k <= BatchNo - 1, (k++)]): null

2018-06-09 21:25:54 - [TEST_STEP][PASSED] - selectOptionByIndex: All options with index in [1] are selected on object 'Object Repository/Inpatient Request/Page_Store/select_--Select--BA2910'

2018-06-09 21:25:54 - [MESSAGE][PASSED] - All options with index in [1] are selected on object 'Object Repository/Inpatient Request/Page_Store/select_--Select--BA2910'

2018-06-09 21:25:54 - [TEST_STEP][PASSED] - delay: Delayed 2 second(s)

2018-06-09 21:25:56 - [MESSAGE][PASSED] - Delayed 2 second(s)

2018-06-09 21:25:56 - [TEST_STEP][PASSED] - Statement - StockQty = com.kms.katalon.core.webui.keyword.WebUiBuiltInKeywords.getAttribute(com.kms.katalon.core.testobject.ObjectRepository.findTestObject(Inpatient Request/Page_Store/input_txtprice), "value"): Attribute 'value' of object 'Object Repository/Inpatient Request/Page_Store/input_txtprice' is: '430'

2018-06-09 21:25:56 - [MESSAGE][PASSED] - Attribute 'value' of object 'Object Repository/Inpatient Request/Page_Store/input_txtprice' is: '430'

2018-06-09 21:25:56 - [TEST_STEP][PASSED] - Statement - out.println("StockQty IS : " + StockQty): null

2018-06-09 21:25:56 - [TEST_STEP][PASSED] - Statement - If (java.lang.Integer.valueOf(StockQty) > java.lang.Integer.valueOf(RequestedQty)): null

2018-06-09 21:25:56 - [TEST_STEP][PASSED] - delay: Delayed 1 second(s)

2018-06-09 21:25:57 - [MESSAGE][PASSED] - Delayed 1 second(s)

2018-06-09 21:25:57 - [TEST_STEP][PASSED] - setText: Text '5' is set on object 'Object Repository/Inpatient Request/Page_Store/input_txtqty'

2018-06-09 21:25:57 - [MESSAGE][PASSED] - Text '5' is set on object 'Object Repository/Inpatient Request/Page_Store/input_txtqty'

2018-06-09 21:25:57 - [TEST_STEP][PASSED] - click: Object: 'Object Repository/Inpatient Request/Page_Store/button_Add' is clicked on

2018-06-09 21:25:57 - [MESSAGE][PASSED] - Object: 'Object Repository/Inpatient Request/Page_Store/button_Add' is clicked on

2018-06-09 21:25:57 - [TEST_STEP][PASSED] - Statement - Break: null

2018-06-09 21:25:57 - [TEST_STEP][PASSED] - selectOptionByIndex: All options with index in [2] are selected on object 'Object Repository/Inpatient Request/Page_Store/select_--Select--Alcohol Rub i'

2018-06-09 21:25:57 - [MESSAGE][PASSED] - All options with index in [2] are selected on object 'Object Repository/Inpatient Request/Page_Store/select_--Select--Alcohol Rub i'

2018-06-09 21:25:57 - [TEST_STEP][PASSED] - delay: Delayed 2 second(s)

2018-06-09 21:25:59 - [MESSAGE][PASSED] - Delayed 2 second(s)

2018-06-09 21:25:59 - [TEST_STEP][PASSED] - Statement - RequestedQty = com.kms.katalon.core.webui.keyword.WebUiBuiltInKeywords.getAttribute(com.kms.katalon.core.testobject.ObjectRepository.findTestObject(Inpatient Request/Page_Store/input_txttotal), "value"): Attribute 'value' of object 'Object Repository/Inpatient Request/Page_Store/input_txttotal' is: '5'

2018-06-09 21:25:59 - [MESSAGE][PASSED] - Attribute 'value' of object 'Object Repository/Inpatient Request/Page_Store/input_txttotal' is: '5'

2018-06-09 21:25:59 - [TEST_STEP][PASSED] - Statement - out.println("RequestedQty IS : " + RequestedQty): null

2018-06-09 21:25:59 - [TEST_STEP][PASSED] - Statement - BatchNo = com.kms.katalon.core.webui.keyword.WebUiBuiltInKeywords.getNumberOfTotalOption(com.kms.katalon.core.testobject.ObjectRepository.findTestObject(Inpatient Request/Page_Store/select_--Select--BA2910)): 2 options of object 'Object Repository/Inpatient Request/Page_Store/select_--Select--BA2910' counted

2018-06-09 21:25:59 - [MESSAGE][PASSED] - 2 options of object 'Object Repository/Inpatient Request/Page_Store/select_--Select--BA2910' counted

2018-06-09 21:25:59 - [TEST_STEP][PASSED] - Statement - For ([k = 1, k <= BatchNo - 1, (k++)]): null

2018-06-09 21:25:59 - [TEST_STEP][PASSED] - selectOptionByIndex: All options with index in [1] are selected on object 'Object Repository/Inpatient Request/Page_Store/select_--Select--BA2910'

2018-06-09 21:25:59 - [MESSAGE][PASSED] - All options with index in [1] are selected on object 'Object Repository/Inpatient Request/Page_Store/select_--Select--BA2910'

2018-06-09 21:25:59 - [TEST_STEP][PASSED] - delay: Delayed 2 second(s)

2018-06-09 21:26:01 - [MESSAGE][PASSED] - Delayed 2 second(s)

2018-06-09 21:26:01 - [TEST_STEP][PASSED] - Statement - StockQty = com.kms.katalon.core.webui.keyword.WebUiBuiltInKeywords.getAttribute(com.kms.katalon.core.testobject.ObjectRepository.findTestObject(Inpatient Request/Page_Store/input_txtprice), "value"): Attribute 'value' of object 'Object Repository/Inpatient Request/Page_Store/input_txtprice' is: '953'

2018-06-09 21:26:02 - [MESSAGE][PASSED] - Attribute 'value' of object 'Object Repository/Inpatient Request/Page_Store/input_txtprice' is: '953'

2018-06-09 21:26:02 - [TEST_STEP][PASSED] - Statement - out.println("StockQty IS : " + StockQty): null

2018-06-09 21:26:02 - [TEST_STEP][PASSED] - Statement - If (java.lang.Integer.valueOf(StockQty) > java.lang.Integer.valueOf(RequestedQty)): null

2018-06-09 21:26:02 - [TEST_STEP][PASSED] - delay: Delayed 1 second(s)

2018-06-09 21:26:03 - [MESSAGE][PASSED] - Delayed 1 second(s)

2018-06-09 21:26:03 - [TEST_STEP][PASSED] - setText: Text '5' is set on object 'Object Repository/Inpatient Request/Page_Store/input_txtqty'

2018-06-09 21:26:03 - [MESSAGE][PASSED] - Text '5' is set on object 'Object Repository/Inpatient Request/Page_Store/input_txtqty'

2018-06-09 21:26:03 - [TEST_STEP][PASSED] - click: Object: 'Object Repository/Inpatient Request/Page_Store/button_Add' is clicked on

2018-06-09 21:26:03 - [MESSAGE][PASSED] - Object: 'Object Repository/Inpatient Request/Page_Store/button_Add' is clicked on

2018-06-09 21:26:03 - [TEST_STEP][PASSED] - Statement - Break: null

2018-06-09 21:26:03 - [TEST_STEP][PASSED] - selectOptionByIndex: All options with index in [3] are selected on object 'Object Repository/Inpatient Request/Page_Store/select_--Select--Alcohol Rub i'

2018-06-09 21:26:03 - [MESSAGE][PASSED] - All options with index in [3] are selected on object 'Object Repository/Inpatient Request/Page_Store/select_--Select--Alcohol Rub i'

2018-06-09 21:26:03 - [TEST_STEP][PASSED] - delay: Delayed 2 second(s)

2018-06-09 21:26:05 - [MESSAGE][PASSED] - Delayed 2 second(s)

2018-06-09 21:26:05 - [TEST_STEP][PASSED] - Statement - RequestedQty = com.kms.katalon.core.webui.keyword.WebUiBuiltInKeywords.getAttribute(com.kms.katalon.core.testobject.ObjectRepository.findTestObject(Inpatient Request/Page_Store/input_txttotal), "value"): Attribute 'value' of object 'Object Repository/Inpatient Request/Page_Store/input_txttotal' is: '5'

2018-06-09 21:26:05 - [MESSAGE][PASSED] - Attribute 'value' of object 'Object Repository/Inpatient Request/Page_Store/input_txttotal' is: '5'

2018-06-09 21:26:05 - [TEST_STEP][PASSED] - Statement - out.println("RequestedQty IS : " + RequestedQty): null

2018-06-09 21:26:05 - [TEST_STEP][PASSED] - Statement - BatchNo = com.kms.katalon.core.webui.keyword.WebUiBuiltInKeywords.getNumberOfTotalOption(com.kms.katalon.core.testobject.ObjectRepository.findTestObject(Inpatient Request/Page_Store/select_--Select--BA2910)): 3 options of object 'Object Repository/Inpatient Request/Page_Store/select_--Select--BA2910' counted

2018-06-09 21:26:05 - [MESSAGE][PASSED] - 3 options of object 'Object Repository/Inpatient Request/Page_Store/select_--Select--BA2910' counted

2018-06-09 21:26:05 - [TEST_STEP][PASSED] - Statement - For ([k = 1, k <= BatchNo - 1, (k++)]): null

2018-06-09 21:26:05 - [TEST_STEP][PASSED] - selectOptionByIndex: All options with index in [1] are selected on object 'Object Repository/Inpatient Request/Page_Store/select_--Select--BA2910'

2018-06-09 21:26:05 - [MESSAGE][PASSED] - All options with index in [1] are selected on object 'Object Repository/Inpatient Request/Page_Store/select_--Select--BA2910'

2018-06-09 21:26:05 - [TEST_STEP][PASSED] - delay: Delayed 2 second(s)

2018-06-09 21:26:07 - [MESSAGE][PASSED] - Delayed 2 second(s)

2018-06-09 21:26:07 - [TEST_STEP][PASSED] - Statement - StockQty = com.kms.katalon.core.webui.keyword.WebUiBuiltInKeywords.getAttribute(com.kms.katalon.core.testobject.ObjectRepository.findTestObject(Inpatient Request/Page_Store/input_txtprice), "value"): Attribute 'value' of object 'Object Repository/Inpatient Request/Page_Store/input_txtprice' is: '430'

2018-06-09 21:26:07 - [MESSAGE][PASSED] - Attribute 'value' of object 'Object Repository/Inpatient Request/Page_Store/input_txtprice' is: '430'

2018-06-09 21:26:07 - [TEST_STEP][PASSED] - Statement - out.println("StockQty IS : " + StockQty): null

2018-06-09 21:26:07 - [TEST_STEP][PASSED] - Statement - If (java.lang.Integer.valueOf(StockQty) > java.lang.Integer.valueOf(RequestedQty)): null

2018-06-09 21:26:07 - [TEST_STEP][PASSED] - delay: Delayed 1 second(s)

2018-06-09 21:26:08 - [MESSAGE][PASSED] - Delayed 1 second(s)

2018-06-09 21:26:08 - [TEST_STEP][PASSED] - setText: Text '5' is set on object 'Object Repository/Inpatient Request/Page_Store/input_txtqty'

2018-06-09 21:26:08 - [MESSAGE][PASSED] - Text '5' is set on object 'Object Repository/Inpatient Request/Page_Store/input_txtqty'

2018-06-09 21:26:08 - [TEST_STEP][PASSED] - click: Object: 'Object Repository/Inpatient Request/Page_Store/button_Add' is clicked on

2018-06-09 21:26:08 - [MESSAGE][PASSED] - Object: 'Object Repository/Inpatient Request/Page_Store/button_Add' is clicked on

2018-06-09 21:26:08 - [TEST_STEP][PASSED] - Statement - Break: null

2018-06-09 21:26:08 - [TEST_STEP][PASSED] - selectOptionByIndex: All options with index in [4] are selected on object 'Object Repository/Inpatient Request/Page_Store/select_--Select--Alcohol Rub i'

2018-06-09 21:26:08 - [MESSAGE][PASSED] - All options with index in [4] are selected on object 'Object Repository/Inpatient Request/Page_Store/select_--Select--Alcohol Rub i'

2018-06-09 21:26:08 - [TEST_STEP][PASSED] - delay: Delayed 2 second(s)

2018-06-09 21:26:10 - [MESSAGE][PASSED] - Delayed 2 second(s)

2018-06-09 21:26:10 - [TEST_STEP][PASSED] - Statement - RequestedQty = com.kms.katalon.core.webui.keyword.WebUiBuiltInKeywords.getAttribute(com.kms.katalon.core.testobject.ObjectRepository.findTestObject(Inpatient Request/Page_Store/input_txttotal), "value"): Attribute 'value' of object 'Object Repository/Inpatient Request/Page_Store/input_txttotal' is: '5'

2018-06-09 21:26:10 - [MESSAGE][PASSED] - Attribute 'value' of object 'Object Repository/Inpatient Request/Page_Store/input_txttotal' is: '5'

2018-06-09 21:26:10 - [TEST_STEP][PASSED] - Statement - out.println("RequestedQty IS : " + RequestedQty): null

2018-06-09 21:26:10 - [TEST_STEP][PASSED] - Statement - BatchNo = com.kms.katalon.core.webui.keyword.WebUiBuiltInKeywords.getNumberOfTotalOption(com.kms.katalon.core.testobject.ObjectRepository.findTestObject(Inpatient Request/Page_Store/select_--Select--BA2910)): 3 options of object 'Object Repository/Inpatient Request/Page_Store/select_--Select--BA2910' counted

2018-06-09 21:26:10 - [MESSAGE][PASSED] - 3 options of object 'Object Repository/Inpatient Request/Page_Store/select_--Select--BA2910' counted

2018-06-09 21:26:10 - [TEST_STEP][PASSED] - Statement - For ([k = 1, k <= BatchNo - 1, (k++)]): null

2018-06-09 21:26:10 - [TEST_STEP][PASSED] - selectOptionByIndex: All options with index in [1] are selected on object 'Object Repository/Inpatient Request/Page_Store/select_--Select--BA2910'

2018-06-09 21:26:11 - [MESSAGE][PASSED] - All options with index in [1] are selected on object 'Object Repository/Inpatient Request/Page_Store/select_--Select--BA2910'

2018-06-09 21:26:11 - [TEST_STEP][PASSED] - delay: Delayed 2 second(s)

2018-06-09 21:26:13 - [MESSAGE][PASSED] - Delayed 2 second(s)

2018-06-09 21:26:13 - [TEST_STEP][PASSED] - Statement - StockQty = com.kms.katalon.core.webui.keyword.WebUiBuiltInKeywords.getAttribute(com.kms.katalon.core.testobject.ObjectRepository.findTestObject(Inpatient Request/Page_Store/input_txtprice), "value"): Attribute 'value' of object 'Object Repository/Inpatient Request/Page_Store/input_txtprice' is: '430'

2018-06-09 21:26:13 - [MESSAGE][PASSED] - Attribute 'value' of object 'Object Repository/Inpatient Request/Page_Store/input_txtprice' is: '430'

2018-06-09 21:26:13 - [TEST_STEP][PASSED] - Statement - out.println("StockQty IS : " + StockQty): null

2018-06-09 21:26:13 - [TEST_STEP][PASSED] - Statement - If (java.lang.Integer.valueOf(StockQty) > java.lang.Integer.valueOf(RequestedQty)): null

2018-06-09 21:26:13 - [TEST_STEP][PASSED] - delay: Delayed 1 second(s)

2018-06-09 21:26:14 - [MESSAGE][PASSED] - Delayed 1 second(s)

2018-06-09 21:26:14 - [TEST_STEP][PASSED] - setText: Text '5' is set on object 'Object Repository/Inpatient Request/Page_Store/input_txtqty'

2018-06-09 21:26:14 - [MESSAGE][PASSED] - Text '5' is set on object 'Object Repository/Inpatient Request/Page_Store/input_txtqty'

2018-06-09 21:26:14 - [TEST_STEP][PASSED] - click: Object: 'Object Repository/Inpatient Request/Page_Store/button_Add' is clicked on

2018-06-09 21:26:14 - [MESSAGE][PASSED] - Object: 'Object Repository/Inpatient Request/Page_Store/button_Add' is clicked on

2018-06-09 21:26:14 - [TEST_STEP][PASSED] - Statement - Break: null

2018-06-09 21:26:14 - [TEST_STEP][PASSED] - selectOptionByIndex: All options with index in [5] are selected on object 'Object Repository/Inpatient Request/Page_Store/select_--Select--Alcohol Rub i'

2018-06-09 21:26:14 - [MESSAGE][PASSED] - All options with index in [5] are selected on object 'Object Repository/Inpatient Request/Page_Store/select_--Select--Alcohol Rub i'

2018-06-09 21:26:14 - [TEST_STEP][PASSED] - delay: Delayed 2 second(s)

2018-06-09 21:26:16 - [MESSAGE][PASSED] - Delayed 2 second(s)

2018-06-09 21:26:16 - [TEST_STEP][PASSED] - Statement - RequestedQty = com.kms.katalon.core.webui.keyword.WebUiBuiltInKeywords.getAttribute(com.kms.katalon.core.testobject.ObjectRepository.findTestObject(Inpatient Request/Page_Store/input_txttotal), "value"): Attribute 'value' of object 'Object Repository/Inpatient Request/Page_Store/input_txttotal' is: '5'

2018-06-09 21:26:16 - [MESSAGE][PASSED] - Attribute 'value' of object 'Object Repository/Inpatient Request/Page_Store/input_txttotal' is: '5'

2018-06-09 21:26:16 - [TEST_STEP][PASSED] - Statement - out.println("RequestedQty IS : " + RequestedQty): null

2018-06-09 21:26:16 - [TEST_STEP][PASSED] - Statement - BatchNo = com.kms.katalon.core.webui.keyword.WebUiBuiltInKeywords.getNumberOfTotalOption(com.kms.katalon.core.testobject.ObjectRepository.findTestObject(Inpatient Request/Page_Store/select_--Select--BA2910)): 4 options of object 'Object Repository/Inpatient Request/Page_Store/select_--Select--BA2910' counted

2018-06-09 21:26:16 - [MESSAGE][PASSED] - 4 options of object 'Object Repository/Inpatient Request/Page_Store/select_--Select--BA2910' counted

2018-06-09 21:26:16 - [TEST_STEP][PASSED] - Statement - For ([k = 1, k <= BatchNo - 1, (k++)]): null

2018-06-09 21:26:16 - [TEST_STEP][PASSED] - selectOptionByIndex: All options with index in [1] are selected on object 'Object Repository/Inpatient Request/Page_Store/select_--Select--BA2910'

2018-06-09 21:26:16 - [MESSAGE][PASSED] - All options with index in [1] are selected on object 'Object Repository/Inpatient Request/Page_Store/select_--Select--BA2910'

2018-06-09 21:26:16 - [TEST_STEP][PASSED] - delay: Delayed 2 second(s)

2018-06-09 21:26:18 - [MESSAGE][PASSED] - Delayed 2 second(s)

2018-06-09 21:26:18 - [TEST_STEP][PASSED] - Statement - StockQty = com.kms.katalon.core.webui.keyword.WebUiBuiltInKeywords.getAttribute(com.kms.katalon.core.testobject.ObjectRepository.findTestObject(Inpatient Request/Page_Store/input_txtprice), "value"): Attribute 'value' of object 'Object Repository/Inpatient Request/Page_Store/input_txtprice' is: '195'

2018-06-09 21:26:18 - [MESSAGE][PASSED] - Attribute 'value' of object 'Object Repository/Inpatient Request/Page_Store/input_txtprice' is: '195'

2018-06-09 21:26:18 - [TEST_STEP][PASSED] - Statement - out.println("StockQty IS : " + StockQty): null

2018-06-09 21:26:18 - [TEST_STEP][PASSED] - Statement - If (java.lang.Integer.valueOf(StockQty) > java.lang.Integer.valueOf(RequestedQty)): null

2018-06-09 21:26:18 - [TEST_STEP][PASSED] - delay: Delayed 1 second(s)

2018-06-09 21:26:19 - [MESSAGE][PASSED] - Delayed 1 second(s)

2018-06-09 21:26:19 - [TEST_STEP][PASSED] - setText: Text '5' is set on object 'Object Repository/Inpatient Request/Page_Store/input_txtqty'

2018-06-09 21:26:19 - [MESSAGE][PASSED] - Text '5' is set on object 'Object Repository/Inpatient Request/Page_Store/input_txtqty'

2018-06-09 21:26:19 - [TEST_STEP][PASSED] - click: Object: 'Object Repository/Inpatient Request/Page_Store/button_Add' is clicked on

2018-06-09 21:26:19 - [MESSAGE][PASSED] - Object: 'Object Repository/Inpatient Request/Page_Store/button_Add' is clicked on

2018-06-09 21:26:19 - [TEST_STEP][PASSED] - Statement - Break: null

2018-06-09 21:26:19 - [TEST_STEP][PASSED] - selectOptionByIndex: All options with index in [6] are selected on object 'Object Repository/Inpatient Request/Page_Store/select_--Select--Alcohol Rub i'

2018-06-09 21:26:19 - [MESSAGE][PASSED] - All options with index in [6] are selected on object 'Object Repository/Inpatient Request/Page_Store/select_--Select--Alcohol Rub i'

2018-06-09 21:26:19 - [TEST_STEP][PASSED] - delay: Delayed 2 second(s)

2018-06-09 21:26:21 - [MESSAGE][PASSED] - Delayed 2 second(s)

2018-06-09 21:26:21 - [TEST_STEP][PASSED] - Statement - RequestedQty = com.kms.katalon.core.webui.keyword.WebUiBuiltInKeywords.getAttribute(com.kms.katalon.core.testobject.ObjectRepository.findTestObject(Inpatient Request/Page_Store/input_txttotal), "value"): Attribute 'value' of object 'Object Repository/Inpatient Request/Page_Store/input_txttotal' is: '5'

2018-06-09 21:26:21 - [MESSAGE][PASSED] - Attribute 'value' of object 'Object Repository/Inpatient Request/Page_Store/input_txttotal' is: '5'

2018-06-09 21:26:21 - [TEST_STEP][PASSED] - Statement - out.println("RequestedQty IS : " + RequestedQty): null

2018-06-09 21:26:21 - [TEST_STEP][PASSED] - Statement - BatchNo = com.kms.katalon.core.webui.keyword.WebUiBuiltInKeywords.getNumberOfTotalOption(com.kms.katalon.core.testobject.ObjectRepository.findTestObject(Inpatient Request/Page_Store/select_--Select--BA2910)): 3 options of object 'Object Repository/Inpatient Request/Page_Store/select_--Select--BA2910' counted

2018-06-09 21:26:22 - [MESSAGE][PASSED] - 3 options of object 'Object Repository/Inpatient Request/Page_Store/select_--Select--BA2910' counted

2018-06-09 21:26:22 - [TEST_STEP][PASSED] - Statement - For ([k = 1, k <= BatchNo - 1, (k++)]): null

2018-06-09 21:26:22 - [TEST_STEP][PASSED] - selectOptionByIndex: All options with index in [1] are selected on object 'Object Repository/Inpatient Request/Page_Store/select_--Select--BA2910'

2018-06-09 21:26:22 - [MESSAGE][PASSED] - All options with index in [1] are selected on object 'Object Repository/Inpatient Request/Page_Store/select_--Select--BA2910'

2018-06-09 21:26:22 - [TEST_STEP][PASSED] - delay: Delayed 2 second(s)

2018-06-09 21:26:24 - [MESSAGE][PASSED] - Delayed 2 second(s)

2018-06-09 21:26:24 - [TEST_STEP][PASSED] - Statement - StockQty = com.kms.katalon.core.webui.keyword.WebUiBuiltInKeywords.getAttribute(com.kms.katalon.core.testobject.ObjectRepository.findTestObject(Inpatient Request/Page_Store/input_txtprice), "value"): Attribute 'value' of object 'Object Repository/Inpatient Request/Page_Store/input_txtprice' is: '440'

2018-06-09 21:26:24 - [MESSAGE][PASSED] - Attribute 'value' of object 'Object Repository/Inpatient Request/Page_Store/input_txtprice' is: '440'

2018-06-09 21:26:24 - [TEST_STEP][PASSED] - Statement - out.println("StockQty IS : " + StockQty): null

2018-06-09 21:26:24 - [TEST_STEP][PASSED] - Statement - If (java.lang.Integer.valueOf(StockQty) > java.lang.Integer.valueOf(RequestedQty)): null

2018-06-09 21:26:24 - [TEST_STEP][PASSED] - delay: Delayed 1 second(s)

2018-06-09 21:26:25 - [MESSAGE][PASSED] - Delayed 1 second(s)

2018-06-09 21:26:25 - [TEST_STEP][PASSED] - setText: Text '5' is set on object 'Object Repository/Inpatient Request/Page_Store/input_txtqty'

2018-06-09 21:26:25 - [MESSAGE][PASSED] - Text '5' is set on object 'Object Repository/Inpatient Request/Page_Store/input_txtqty'

2018-06-09 21:26:25 - [TEST_STEP][PASSED] - click: Object: 'Object Repository/Inpatient Request/Page_Store/button_Add' is clicked on

2018-06-09 21:26:25 - [MESSAGE][PASSED] - Object: 'Object Repository/Inpatient Request/Page_Store/button_Add' is clicked on

2018-06-09 21:26:25 - [TEST_STEP][PASSED] - Statement - Break: null

2018-06-09 21:26:25 - [TEST_STEP][PASSED] - selectOptionByIndex: All options with index in [7] are selected on object 'Object Repository/Inpatient Request/Page_Store/select_--Select--Alcohol Rub i'

2018-06-09 21:26:25 - [MESSAGE][PASSED] - All options with index in [7] are selected on object 'Object Repository/Inpatient Request/Page_Store/select_--Select--Alcohol Rub i'

2018-06-09 21:26:25 - [TEST_STEP][PASSED] - delay: Delayed 2 second(s)

2018-06-09 21:26:27 - [MESSAGE][PASSED] - Delayed 2 second(s)

2018-06-09 21:26:27 - [TEST_STEP][PASSED] - Statement - RequestedQty = com.kms.katalon.core.webui.keyword.WebUiBuiltInKeywords.getAttribute(com.kms.katalon.core.testobject.ObjectRepository.findTestObject(Inpatient Request/Page_Store/input_txttotal), "value"): Attribute 'value' of object 'Object Repository/Inpatient Request/Page_Store/input_txttotal' is: '5'

2018-06-09 21:26:27 - [MESSAGE][PASSED] - Attribute 'value' of object 'Object Repository/Inpatient Request/Page_Store/input_txttotal' is: '5'

2018-06-09 21:26:27 - [TEST_STEP][PASSED] - Statement - out.println("RequestedQty IS : " + RequestedQty): null

2018-06-09 21:26:27 - [TEST_STEP][PASSED] - Statement - BatchNo = com.kms.katalon.core.webui.keyword.WebUiBuiltInKeywords.getNumberOfTotalOption(com.kms.katalon.core.testobject.ObjectRepository.findTestObject(Inpatient Request/Page_Store/select_--Select--BA2910)): 4 options of object 'Object Repository/Inpatient Request/Page_Store/select_--Select--BA2910' counted

2018-06-09 21:26:27 - [MESSAGE][PASSED] - 4 options of object 'Object Repository/Inpatient Request/Page_Store/select_--Select--BA2910' counted

2018-06-09 21:26:27 - [TEST_STEP][PASSED] - Statement - For ([k = 1, k <= BatchNo - 1, (k++)]): null

2018-06-09 21:26:27 - [TEST_STEP][PASSED] - selectOptionByIndex: All options with index in [1] are selected on object 'Object Repository/Inpatient Request/Page_Store/select_--Select--BA2910'

2018-06-09 21:26:27 - [MESSAGE][PASSED] - All options with index in [1] are selected on object 'Object Repository/Inpatient Request/Page_Store/select_--Select--BA2910'

2018-06-09 21:26:27 - [TEST_STEP][PASSED] - delay: Delayed 2 second(s)

2018-06-09 21:26:29 - [MESSAGE][PASSED] - Delayed 2 second(s)

2018-06-09 21:26:29 - [TEST_STEP][PASSED] - Statement - StockQty = com.kms.katalon.core.webui.keyword.WebUiBuiltInKeywords.getAttribute(com.kms.katalon.core.testobject.ObjectRepository.findTestObject(Inpatient Request/Page_Store/input_txtprice), "value"): Attribute 'value' of object 'Object Repository/Inpatient Request/Page_Store/input_txtprice' is: '260'

2018-06-09 21:26:29 - [MESSAGE][PASSED] - Attribute 'value' of object 'Object Repository/Inpatient Request/Page_Store/input_txtprice' is: '260'

2018-06-09 21:26:29 - [TEST_STEP][PASSED] - Statement - out.println("StockQty IS : " + StockQty): null

2018-06-09 21:26:29 - [TEST_STEP][PASSED] - Statement - If (java.lang.Integer.valueOf(StockQty) > java.lang.Integer.valueOf(RequestedQty)): null

2018-06-09 21:26:29 - [TEST_STEP][PASSED] - delay: Delayed 1 second(s)

2018-06-09 21:26:30 - [MESSAGE][PASSED] - Delayed 1 second(s)

2018-06-09 21:26:30 - [TEST_STEP][PASSED] - setText: Text '5' is set on object 'Object Repository/Inpatient Request/Page_Store/input_txtqty'

2018-06-09 21:26:30 - [MESSAGE][PASSED] - Text '5' is set on object 'Object Repository/Inpatient Request/Page_Store/input_txtqty'

2018-06-09 21:26:30 - [TEST_STEP][PASSED] - click: Object: 'Object Repository/Inpatient Request/Page_Store/button_Add' is clicked on

2018-06-09 21:26:30 - [MESSAGE][PASSED] - Object: 'Object Repository/Inpatient Request/Page_Store/button_Add' is clicked on

2018-06-09 21:26:30 - [TEST_STEP][PASSED] - Statement - Break: null

2018-06-09 21:26:30 - [TEST_STEP][PASSED] - selectOptionByIndex: All options with index in [8] are selected on object 'Object Repository/Inpatient Request/Page_Store/select_--Select--Alcohol Rub i'

2018-06-09 21:26:31 - [MESSAGE][PASSED] - All options with index in [8] are selected on object 'Object Repository/Inpatient Request/Page_Store/select_--Select--Alcohol Rub i'

2018-06-09 21:26:31 - [TEST_STEP][PASSED] - delay: Delayed 2 second(s)

2018-06-09 21:26:33 - [MESSAGE][PASSED] - Delayed 2 second(s)

2018-06-09 21:26:33 - [TEST_STEP][PASSED] - Statement - RequestedQty = com.kms.katalon.core.webui.keyword.WebUiBuiltInKeywords.getAttribute(com.kms.katalon.core.testobject.ObjectRepository.findTestObject(Inpatient Request/Page_Store/input_txttotal), "value"): Attribute 'value' of object 'Object Repository/Inpatient Request/Page_Store/input_txttotal' is: '5'

2018-06-09 21:26:33 - [MESSAGE][PASSED] - Attribute 'value' of object 'Object Repository/Inpatient Request/Page_Store/input_txttotal' is: '5'

2018-06-09 21:26:33 - [TEST_STEP][PASSED] - Statement - out.println("RequestedQty IS : " + RequestedQty): null

2018-06-09 21:26:33 - [TEST_STEP][PASSED] - Statement - BatchNo = com.kms.katalon.core.webui.keyword.WebUiBuiltInKeywords.getNumberOfTotalOption(com.kms.katalon.core.testobject.ObjectRepository.findTestObject(Inpatient Request/Page_Store/select_--Select--BA2910)): 2 options of object 'Object Repository/Inpatient Request/Page_Store/select_--Select--BA2910' counted

2018-06-09 21:26:33 - [MESSAGE][PASSED] - 2 options of object 'Object Repository/Inpatient Request/Page_Store/select_--Select--BA2910' counted

2018-06-09 21:26:33 - [TEST_STEP][PASSED] - Statement - For ([k = 1, k <= BatchNo - 1, (k++)]): null

2018-06-09 21:26:33 - [TEST_STEP][PASSED] - selectOptionByIndex: All options with index in [1] are selected on object 'Object Repository/Inpatient Request/Page_Store/select_--Select--BA2910'

2018-06-09 21:26:33 - [MESSAGE][PASSED] - All options with index in [1] are selected on object 'Object Repository/Inpatient Request/Page_Store/select_--Select--BA2910'

2018-06-09 21:26:33 - [TEST_STEP][PASSED] - delay: Delayed 2 second(s)

2018-06-09 21:26:35 - [MESSAGE][PASSED] - Delayed 2 second(s)

2018-06-09 21:26:35 - [TEST_STEP][PASSED] - Statement - StockQty = com.kms.katalon.core.webui.keyword.WebUiBuiltInKeywords.getAttribute(com.kms.katalon.core.testobject.ObjectRepository.findTestObject(Inpatient Request/Page_Store/input_txtprice), "value"): Attribute 'value' of object 'Object Repository/Inpatient Request/Page_Store/input_txtprice' is: '1395'

2018-06-09 21:26:35 - [MESSAGE][PASSED] - Attribute 'value' of object 'Object Repository/Inpatient Request/Page_Store/input_txtprice' is: '1395'

2018-06-09 21:26:35 - [TEST_STEP][PASSED] - Statement - out.println("StockQty IS : " + StockQty): null

2018-06-09 21:26:35 - [TEST_STEP][PASSED] - Statement - If (java.lang.Integer.valueOf(StockQty) > java.lang.Integer.valueOf(RequestedQty)): null

2018-06-09 21:26:35 - [TEST_STEP][PASSED] - delay: Delayed 1 second(s)

2018-06-09 21:26:36 - [MESSAGE][PASSED] - Delayed 1 second(s)

2018-06-09 21:26:36 - [TEST_STEP][PASSED] - setText: Text '5' is set on object 'Object Repository/Inpatient Request/Page_Store/input_txtqty'

2018-06-09 21:26:36 - [MESSAGE][PASSED] - Text '5' is set on object 'Object Repository/Inpatient Request/Page_Store/input_txtqty'

2018-06-09 21:26:36 - [TEST_STEP][PASSED] - click: Object: 'Object Repository/Inpatient Request/Page_Store/button_Add' is clicked on

2018-06-09 21:26:36 - [MESSAGE][PASSED] - Object: 'Object Repository/Inpatient Request/Page_Store/button_Add' is clicked on

2018-06-09 21:26:36 - [TEST_STEP][PASSED] - Statement - Break: null

2018-06-09 21:26:36 - [TEST_STEP][PASSED] - selectOptionByIndex: All options with index in [9] are selected on object 'Object Repository/Inpatient Request/Page_Store/select_--Select--Alcohol Rub i'

2018-06-09 21:26:36 - [MESSAGE][PASSED] - All options with index in [9] are selected on object 'Object Repository/Inpatient Request/Page_Store/select_--Select--Alcohol Rub i'

2018-06-09 21:26:36 - [TEST_STEP][PASSED] - delay: Delayed 2 second(s)

2018-06-09 21:26:38 - [MESSAGE][PASSED] - Delayed 2 second(s)

2018-06-09 21:26:38 - [TEST_STEP][PASSED] - Statement - RequestedQty = com.kms.katalon.core.webui.keyword.WebUiBuiltInKeywords.getAttribute(com.kms.katalon.core.testobject.ObjectRepository.findTestObject(Inpatient Request/Page_Store/input_txttotal), "value"): Attribute 'value' of object 'Object Repository/Inpatient Request/Page_Store/input_txttotal' is: '5'

2018-06-09 21:26:38 - [MESSAGE][PASSED] - Attribute 'value' of object 'Object Repository/Inpatient Request/Page_Store/input_txttotal' is: '5'

2018-06-09 21:26:38 - [TEST_STEP][PASSED] - Statement - out.println("RequestedQty IS : " + RequestedQty): null

2018-06-09 21:26:38 - [TEST_STEP][PASSED] - Statement - BatchNo = com.kms.katalon.core.webui.keyword.WebUiBuiltInKeywords.getNumberOfTotalOption(com.kms.katalon.core.testobject.ObjectRepository.findTestObject(Inpatient Request/Page_Store/select_--Select--BA2910)): 4 options of object 'Object Repository/Inpatient Request/Page_Store/select_--Select--BA2910' counted

2018-06-09 21:26:38 - [MESSAGE][PASSED] - 4 options of object 'Object Repository/Inpatient Request/Page_Store/select_--Select--BA2910' counted

2018-06-09 21:26:38 - [TEST_STEP][PASSED] - Statement - For ([k = 1, k <= BatchNo - 1, (k++)]): null

2018-06-09 21:26:38 - [TEST_STEP][PASSED] - selectOptionByIndex: All options with index in [1] are selected on object 'Object Repository/Inpatient Request/Page_Store/select_--Select--BA2910'

2018-06-09 21:26:38 - [MESSAGE][PASSED] - All options with index in [1] are selected on object 'Object Repository/Inpatient Request/Page_Store/select_--Select--BA2910'

2018-06-09 21:26:38 - [TEST_STEP][PASSED] - delay: Delayed 2 second(s)

2018-06-09 21:26:40 - [MESSAGE][PASSED] - Delayed 2 second(s)

2018-06-09 21:26:40 - [TEST_STEP][PASSED] - Statement - StockQty = com.kms.katalon.core.webui.keyword.WebUiBuiltInKeywords.getAttribute(com.kms.katalon.core.testobject.ObjectRepository.findTestObject(Inpatient Request/Page_Store/input_txtprice), "value"): Attribute 'value' of object 'Object Repository/Inpatient Request/Page_Store/input_txtprice' is: '260'

2018-06-09 21:26:40 - [MESSAGE][PASSED] - Attribute 'value' of object 'Object Repository/Inpatient Request/Page_Store/input_txtprice' is: '260'

2018-06-09 21:26:40 - [TEST_STEP][PASSED] - Statement - out.println("StockQty IS : " + StockQty): null

2018-06-09 21:26:40 - [TEST_STEP][PASSED] - Statement - If (java.lang.Integer.valueOf(StockQty) > java.lang.Integer.valueOf(RequestedQty)): null

2018-06-09 21:26:40 - [TEST_STEP][PASSED] - delay: Delayed 1 second(s)

2018-06-09 21:26:41 - [MESSAGE][PASSED] - Delayed 1 second(s)

2018-06-09 21:26:41 - [TEST_STEP][PASSED] - setText: Text '5' is set on object 'Object Repository/Inpatient Request/Page_Store/input_txtqty'

2018-06-09 21:26:42 - [MESSAGE][PASSED] - Text '5' is set on object 'Object Repository/Inpatient Request/Page_Store/input_txtqty'

2018-06-09 21:26:42 - [TEST_STEP][PASSED] - click: Object: 'Object Repository/Inpatient Request/Page_Store/button_Add' is clicked on

2018-06-09 21:26:42 - [MESSAGE][PASSED] - Object: 'Object Repository/Inpatient Request/Page_Store/button_Add' is clicked on

2018-06-09 21:26:42 - [TEST_STEP][PASSED] - Statement - Break: null

2018-06-09 21:26:42 - [TEST_STEP][PASSED] - selectOptionByIndex: All options with index in [10] are selected on object 'Object Repository/Inpatient Request/Page_Store/select_--Select--Alcohol Rub i'

2018-06-09 21:26:42 - [MESSAGE][PASSED] - All options with index in [10] are selected on object 'Object Repository/Inpatient Request/Page_Store/select_--Select--Alcohol Rub i'

2018-06-09 21:26:42 - [TEST_STEP][PASSED] - delay: Delayed 2 second(s)

2018-06-09 21:26:44 - [MESSAGE][PASSED] - Delayed 2 second(s)

2018-06-09 21:26:44 - [TEST_STEP][PASSED] - Statement - RequestedQty = com.kms.katalon.core.webui.keyword.WebUiBuiltInKeywords.getAttribute(com.kms.katalon.core.testobject.ObjectRepository.findTestObject(Inpatient Request/Page_Store/input_txttotal), "value"): Attribute 'value' of object 'Object Repository/Inpatient Request/Page_Store/input_txttotal' is: '5'

2018-06-09 21:26:44 - [MESSAGE][PASSED] - Attribute 'value' of object 'Object Repository/Inpatient Request/Page_Store/input_txttotal' is: '5'

2018-06-09 21:26:44 - [TEST_STEP][PASSED] - Statement - out.println("RequestedQty IS : " + RequestedQty): null

2018-06-09 21:26:44 - [TEST_STEP][PASSED] - Statement - BatchNo = com.kms.katalon.core.webui.keyword.WebUiBuiltInKeywords.getNumberOfTotalOption(com.kms.katalon.core.testobject.ObjectRepository.findTestObject(Inpatient Request/Page_Store/select_--Select--BA2910)): 2 options of object 'Object Repository/Inpatient Request/Page_Store/select_--Select--BA2910' counted

2018-06-09 21:26:44 - [MESSAGE][PASSED] - 2 options of object 'Object Repository/Inpatient Request/Page_Store/select_--Select--BA2910' counted

2018-06-09 21:26:44 - [TEST_STEP][PASSED] - Statement - For ([k = 1, k <= BatchNo - 1, (k++)]): null

2018-06-09 21:26:44 - [TEST_STEP][PASSED] - selectOptionByIndex: All options with index in [1] are selected on object 'Object Repository/Inpatient Request/Page_Store/select_--Select--BA2910'

2018-06-09 21:26:44 - [MESSAGE][PASSED] - All options with index in [1] are selected on object 'Object Repository/Inpatient Request/Page_Store/select_--Select--BA2910'

2018-06-09 21:26:44 - [TEST_STEP][PASSED] - delay: Delayed 2 second(s)

2018-06-09 21:26:46 - [MESSAGE][PASSED] - Delayed 2 second(s)

2018-06-09 21:26:46 - [TEST_STEP][PASSED] - Statement - StockQty = com.kms.katalon.core.webui.keyword.WebUiBuiltInKeywords.getAttribute(com.kms.katalon.core.testobject.ObjectRepository.findTestObject(Inpatient Request/Page_Store/input_txtprice), "value"): Attribute 'value' of object 'Object Repository/Inpatient Request/Page_Store/input_txtprice' is: '965'

2018-06-09 21:26:46 - [MESSAGE][PASSED] - Attribute 'value' of object 'Object Repository/Inpatient Request/Page_Store/input_txtprice' is: '965'

2018-06-09 21:26:46 - [TEST_STEP][PASSED] - Statement - out.println("StockQty IS : " + StockQty): null

2018-06-09 21:26:46 - [TEST_STEP][PASSED] - Statement - If (java.lang.Integer.valueOf(StockQty) > java.lang.Integer.valueOf(RequestedQty)): null

2018-06-09 21:26:46 - [TEST_STEP][PASSED] - delay: Delayed 1 second(s)

2018-06-09 21:26:47 - [MESSAGE][PASSED] - Delayed 1 second(s)

2018-06-09 21:26:47 - [TEST_STEP][PASSED] - setText: Text '5' is set on object 'Object Repository/Inpatient Request/Page_Store/input_txtqty'

2018-06-09 21:26:47 - [MESSAGE][PASSED] - Text '5' is set on object 'Object Repository/Inpatient Request/Page_Store/input_txtqty'

2018-06-09 21:26:47 - [TEST_STEP][PASSED] - click: Object: 'Object Repository/Inpatient Request/Page_Store/button_Add' is clicked on

2018-06-09 21:26:47 - [MESSAGE][PASSED] - Object: 'Object Repository/Inpatient Request/Page_Store/button_Add' is clicked on

2018-06-09 21:26:47 - [TEST_STEP][PASSED] - Statement - Break: null

2018-06-09 21:26:47 - [TEST_STEP][PASSED] - selectOptionByIndex: All options with index in [11] are selected on object 'Object Repository/Inpatient Request/Page_Store/select_--Select--Alcohol Rub i'

2018-06-09 21:26:47 - [MESSAGE][PASSED] - All options with index in [11] are selected on object 'Object Repository/Inpatient Request/Page_Store/select_--Select--Alcohol Rub i'

2018-06-09 21:26:47 - [TEST_STEP][PASSED] - delay: Delayed 2 second(s)

2018-06-09 21:26:49 - [MESSAGE][PASSED] - Delayed 2 second(s)

2018-06-09 21:26:49 - [TEST_STEP][PASSED] - Statement - RequestedQty = com.kms.katalon.core.webui.keyword.WebUiBuiltInKeywords.getAttribute(com.kms.katalon.core.testobject.ObjectRepository.findTestObject(Inpatient Request/Page_Store/input_txttotal), "value"): Attribute 'value' of object 'Object Repository/Inpatient Request/Page_Store/input_txttotal' is: '5'

2018-06-09 21:26:49 - [MESSAGE][PASSED] - Attribute 'value' of object 'Object Repository/Inpatient Request/Page_Store/input_txttotal' is: '5'

2018-06-09 21:26:49 - [TEST_STEP][PASSED] - Statement - out.println("RequestedQty IS : " + RequestedQty): null

2018-06-09 21:26:49 - [TEST_STEP][PASSED] - Statement - BatchNo = com.kms.katalon.core.webui.keyword.WebUiBuiltInKeywords.getNumberOfTotalOption(com.kms.katalon.core.testobject.ObjectRepository.findTestObject(Inpatient Request/Page_Store/select_--Select--BA2910)): 3 options of object 'Object Repository/Inpatient Request/Page_Store/select_--Select--BA2910' counted

2018-06-09 21:26:50 - [MESSAGE][PASSED] - 3 options of object 'Object Repository/Inpatient Request/Page_Store/select_--Select--BA2910' counted

2018-06-09 21:26:50 - [TEST_STEP][PASSED] - Statement - For ([k = 1, k <= BatchNo - 1, (k++)]): null

2018-06-09 21:26:50 - [TEST_STEP][PASSED] - selectOptionByIndex: All options with index in [1] are selected on object 'Object Repository/Inpatient Request/Page_Store/select_--Select--BA2910'

2018-06-09 21:26:50 - [MESSAGE][PASSED] - All options with index in [1] are selected on object 'Object Repository/Inpatient Request/Page_Store/select_--Select--BA2910'

2018-06-09 21:26:50 - [TEST_STEP][PASSED] - delay: Delayed 2 second(s)

2018-06-09 21:26:52 - [MESSAGE][PASSED] - Delayed 2 second(s)

2018-06-09 21:26:52 - [TEST_STEP][PASSED] - Statement - StockQty = com.kms.katalon.core.webui.keyword.WebUiBuiltInKeywords.getAttribute(com.kms.katalon.core.testobject.ObjectRepository.findTestObject(Inpatient Request/Page_Store/input_txtprice), "value"): Attribute 'value' of object 'Object Repository/Inpatient Request/Page_Store/input_txtprice' is: '440'

2018-06-09 21:26:52 - [MESSAGE][PASSED] - Attribute 'value' of object 'Object Repository/Inpatient Request/Page_Store/input_txtprice' is: '440'

2018-06-09 21:26:52 - [TEST_STEP][PASSED] - Statement - out.println("StockQty IS : " + StockQty): null

2018-06-09 21:26:52 - [TEST_STEP][PASSED] - Statement - If (java.lang.Integer.valueOf(StockQty) > java.lang.Integer.valueOf(RequestedQty)): null

2018-06-09 21:26:52 - [TEST_STEP][PASSED] - delay: Delayed 1 second(s)

2018-06-09 21:26:53 - [MESSAGE][PASSED] - Delayed 1 second(s)

2018-06-09 21:26:53 - [TEST_STEP][PASSED] - setText: Text '5' is set on object 'Object Repository/Inpatient Request/Page_Store/input_txtqty'

2018-06-09 21:26:53 - [MESSAGE][PASSED] - Text '5' is set on object 'Object Repository/Inpatient Request/Page_Store/input_txtqty'

2018-06-09 21:26:53 - [TEST_STEP][PASSED] - click: Object: 'Object Repository/Inpatient Request/Page_Store/button_Add' is clicked on

2018-06-09 21:26:53 - [MESSAGE][PASSED] - Object: 'Object Repository/Inpatient Request/Page_Store/button_Add' is clicked on

2018-06-09 21:26:53 - [TEST_STEP][PASSED] - Statement - Break: null

2018-06-09 21:26:53 - [TEST_STEP][PASSED] - selectOptionByIndex: All options with index in [12] are selected on object 'Object Repository/Inpatient Request/Page_Store/select_--Select--Alcohol Rub i'

2018-06-09 21:26:53 - [MESSAGE][PASSED] - All options with index in [12] are selected on object 'Object Repository/Inpatient Request/Page_Store/select_--Select--Alcohol Rub i'

2018-06-09 21:26:53 - [TEST_STEP][PASSED] - delay: Delayed 2 second(s)

2018-06-09 21:26:55 - [MESSAGE][PASSED] - Delayed 2 second(s)

2018-06-09 21:26:55 - [TEST_STEP][PASSED] - Statement - RequestedQty = com.kms.katalon.core.webui.keyword.WebUiBuiltInKeywords.getAttribute(com.kms.katalon.core.testobject.ObjectRepository.findTestObject(Inpatient Request/Page_Store/input_txttotal), "value"): Attribute 'value' of object 'Object Repository/Inpatient Request/Page_Store/input_txttotal' is: '5'

2018-06-09 21:26:55 - [MESSAGE][PASSED] - Attribute 'value' of object 'Object Repository/Inpatient Request/Page_Store/input_txttotal' is: '5'

2018-06-09 21:26:55 - [TEST_STEP][PASSED] - Statement - out.println("RequestedQty IS : " + RequestedQty): null

2018-06-09 21:26:55 - [TEST_STEP][PASSED] - Statement - BatchNo = com.kms.katalon.core.webui.keyword.WebUiBuiltInKeywords.getNumberOfTotalOption(com.kms.katalon.core.testobject.ObjectRepository.findTestObject(Inpatient Request/Page_Store/select_--Select--BA2910)): 3 options of object 'Object Repository/Inpatient Request/Page_Store/select_--Select--BA2910' counted

2018-06-09 21:26:55 - [MESSAGE][PASSED] - 3 options of object 'Object Repository/Inpatient Request/Page_Store/select_--Select--BA2910' counted

2018-06-09 21:26:55 - [TEST_STEP][PASSED] - Statement - For ([k = 1, k <= BatchNo - 1, (k++)]): null

2018-06-09 21:26:55 - [TEST_STEP][PASSED] - selectOptionByIndex: All options with index in [1] are selected on object 'Object Repository/Inpatient Request/Page_Store/select_--Select--BA2910'

2018-06-09 21:26:55 - [MESSAGE][PASSED] - All options with index in [1] are selected on object 'Object Repository/Inpatient Request/Page_Store/select_--Select--BA2910'

2018-06-09 21:26:55 - [TEST_STEP][PASSED] - delay: Delayed 2 second(s)

2018-06-09 21:26:57 - [MESSAGE][PASSED] - Delayed 2 second(s)

2018-06-09 21:26:57 - [TEST_STEP][PASSED] - Statement - StockQty = com.kms.katalon.core.webui.keyword.WebUiBuiltInKeywords.getAttribute(com.kms.katalon.core.testobject.ObjectRepository.findTestObject(Inpatient Request/Page_Store/input_txtprice), "value"): Attribute 'value' of object 'Object Repository/Inpatient Request/Page_Store/input_txtprice' is: '440'

2018-06-09 21:26:57 - [MESSAGE][PASSED] - Attribute 'value' of object 'Object Repository/Inpatient Request/Page_Store/input_txtprice' is: '440'

2018-06-09 21:26:57 - [TEST_STEP][PASSED] - Statement - out.println("StockQty IS : " + StockQty): null

2018-06-09 21:26:57 - [TEST_STEP][PASSED] - Statement - If (java.lang.Integer.valueOf(StockQty) > java.lang.Integer.valueOf(RequestedQty)): null

2018-06-09 21:26:57 - [TEST_STEP][PASSED] - delay: Delayed 1 second(s)

2018-06-09 21:26:58 - [MESSAGE][PASSED] - Delayed 1 second(s)

2018-06-09 21:26:58 - [TEST_STEP][PASSED] - setText: Text '5' is set on object 'Object Repository/Inpatient Request/Page_Store/input_txtqty'

2018-06-09 21:26:58 - [MESSAGE][PASSED] - Text '5' is set on object 'Object Repository/Inpatient Request/Page_Store/input_txtqty'

2018-06-09 21:26:58 - [TEST_STEP][PASSED] - click: Object: 'Object Repository/Inpatient Request/Page_Store/button_Add' is clicked on

2018-06-09 21:26:58 - [MESSAGE][PASSED] - Object: 'Object Repository/Inpatient Request/Page_Store/button_Add' is clicked on

2018-06-09 21:26:58 - [TEST_STEP][PASSED] - Statement - Break: null

2018-06-09 21:26:58 - [TEST_STEP][PASSED] - selectOptionByIndex: All options with index in [13] are selected on object 'Object Repository/Inpatient Request/Page_Store/select_--Select--Alcohol Rub i'

2018-06-09 21:26:59 - [MESSAGE][PASSED] - All options with index in [13] are selected on object 'Object Repository/Inpatient Request/Page_Store/select_--Select--Alcohol Rub i'

2018-06-09 21:26:59 - [TEST_STEP][PASSED] - delay: Delayed 2 second(s)

2018-06-09 21:27:01 - [MESSAGE][PASSED] - Delayed 2 second(s)

2018-06-09 21:27:01 - [TEST_STEP][PASSED] - Statement - RequestedQty = com.kms.katalon.core.webui.keyword.WebUiBuiltInKeywords.getAttribute(com.kms.katalon.core.testobject.ObjectRepository.findTestObject(Inpatient Request/Page_Store/input_txttotal), "value"): Attribute 'value' of object 'Object Repository/Inpatient Request/Page_Store/input_txttotal' is: '5'

2018-06-09 21:27:01 - [MESSAGE][PASSED] - Attribute 'value' of object 'Object Repository/Inpatient Request/Page_Store/input_txttotal' is: '5'

2018-06-09 21:27:01 - [TEST_STEP][PASSED] - Statement - out.println("RequestedQty IS : " + RequestedQty): null

2018-06-09 21:27:01 - [TEST_STEP][PASSED] - Statement - BatchNo = com.kms.katalon.core.webui.keyword.WebUiBuiltInKeywords.getNumberOfTotalOption(com.kms.katalon.core.testobject.ObjectRepository.findTestObject(Inpatient Request/Page_Store/select_--Select--BA2910)): 4 options of object 'Object Repository/Inpatient Request/Page_Store/select_--Select--BA2910' counted

2018-06-09 21:27:01 - [MESSAGE][PASSED] - 4 options of object 'Object Repository/Inpatient Request/Page_Store/select_--Select--BA2910' counted

2018-06-09 21:27:01 - [TEST_STEP][PASSED] - Statement - For ([k = 1, k <= BatchNo - 1, (k++)]): null

2018-06-09 21:27:01 - [TEST_STEP][PASSED] - selectOptionByIndex: All options with index in [1] are selected on object 'Object Repository/Inpatient Request/Page_Store/select_--Select--BA2910'

2018-06-09 21:27:01 - [MESSAGE][PASSED] - All options with index in [1] are selected on object 'Object Repository/Inpatient Request/Page_Store/select_--Select--BA2910'

2018-06-09 21:27:01 - [TEST_STEP][PASSED] - delay: Delayed 2 second(s)

2018-06-09 21:27:03 - [MESSAGE][PASSED] - Delayed 2 second(s)

2018-06-09 21:27:03 - [TEST_STEP][PASSED] - Statement - StockQty = com.kms.katalon.core.webui.keyword.WebUiBuiltInKeywords.getAttribute(com.kms.katalon.core.testobject.ObjectRepository.findTestObject(Inpatient Request/Page_Store/input_txtprice), "value"): Attribute 'value' of object 'Object Repository/Inpatient Request/Page_Store/input_txtprice' is: '195'

2018-06-09 21:27:03 - [MESSAGE][PASSED] - Attribute 'value' of object 'Object Repository/Inpatient Request/Page_Store/input_txtprice' is: '195'

2018-06-09 21:27:03 - [TEST_STEP][PASSED] - Statement - out.println("StockQty IS : " + StockQty): null

2018-06-09 21:27:03 - [TEST_STEP][PASSED] - Statement - If (java.lang.Integer.valueOf(StockQty) > java.lang.Integer.valueOf(RequestedQty)): null

2018-06-09 21:27:03 - [TEST_STEP][PASSED] - delay: Delayed 1 second(s)

2018-06-09 21:27:04 - [MESSAGE][PASSED] - Delayed 1 second(s)

2018-06-09 21:27:04 - [TEST_STEP][PASSED] - setText: Text '5' is set on object 'Object Repository/Inpatient Request/Page_Store/input_txtqty'

2018-06-09 21:27:04 - [MESSAGE][PASSED] - Text '5' is set on object 'Object Repository/Inpatient Request/Page_Store/input_txtqty'

2018-06-09 21:27:04 - [TEST_STEP][PASSED] - click: Object: 'Object Repository/Inpatient Request/Page_Store/button_Add' is clicked on

2018-06-09 21:27:04 - [MESSAGE][PASSED] - Object: 'Object Repository/Inpatient Request/Page_Store/button_Add' is clicked on

2018-06-09 21:27:04 - [TEST_STEP][PASSED] - Statement - Break: null

2018-06-09 21:27:04 - [TEST_STEP][PASSED] - selectOptionByIndex: All options with index in [14] are selected on object 'Object Repository/Inpatient Request/Page_Store/select_--Select--Alcohol Rub i'

2018-06-09 21:27:04 - [MESSAGE][PASSED] - All options with index in [14] are selected on object 'Object Repository/Inpatient Request/Page_Store/select_--Select--Alcohol Rub i'

2018-06-09 21:27:04 - [TEST_STEP][PASSED] - delay: Delayed 2 second(s)

2018-06-09 21:27:06 - [MESSAGE][PASSED] - Delayed 2 second(s)

2018-06-09 21:27:06 - [TEST_STEP][PASSED] - Statement - RequestedQty = com.kms.katalon.core.webui.keyword.WebUiBuiltInKeywords.getAttribute(com.kms.katalon.core.testobject.ObjectRepository.findTestObject(Inpatient Request/Page_Store/input_txttotal), "value"): Attribute 'value' of object 'Object Repository/Inpatient Request/Page_Store/input_txttotal' is: '5'

2018-06-09 21:27:06 - [MESSAGE][PASSED] - Attribute 'value' of object 'Object Repository/Inpatient Request/Page_Store/input_txttotal' is: '5'

2018-06-09 21:27:06 - [TEST_STEP][PASSED] - Statement - out.println("RequestedQty IS : " + RequestedQty): null

2018-06-09 21:27:06 - [TEST_STEP][PASSED] - Statement - BatchNo = com.kms.katalon.core.webui.keyword.WebUiBuiltInKeywords.getNumberOfTotalOption(com.kms.katalon.core.testobject.ObjectRepository.findTestObject(Inpatient Request/Page_Store/select_--Select--BA2910)): 3 options of object 'Object Repository/Inpatient Request/Page_Store/select_--Select--BA2910' counted

2018-06-09 21:27:06 - [MESSAGE][PASSED] - 3 options of object 'Object Repository/Inpatient Request/Page_Store/select_--Select--BA2910' counted

2018-06-09 21:27:06 - [TEST_STEP][PASSED] - Statement - For ([k = 1, k <= BatchNo - 1, (k++)]): null

2018-06-09 21:27:06 - [TEST_STEP][PASSED] - selectOptionByIndex: All options with index in [1] are selected on object 'Object Repository/Inpatient Request/Page_Store/select_--Select--BA2910'

2018-06-09 21:27:06 - [MESSAGE][PASSED] - All options with index in [1] are selected on object 'Object Repository/Inpatient Request/Page_Store/select_--Select--BA2910'

2018-06-09 21:27:06 - [TEST_STEP][PASSED] - delay: Delayed 2 second(s)

2018-06-09 21:27:08 - [MESSAGE][PASSED] - Delayed 2 second(s)

2018-06-09 21:27:08 - [TEST_STEP][PASSED] - Statement - StockQty = com.kms.katalon.core.webui.keyword.WebUiBuiltInKeywords.getAttribute(com.kms.katalon.core.testobject.ObjectRepository.findTestObject(Inpatient Request/Page_Store/input_txtprice), "value"): Attribute 'value' of object 'Object Repository/Inpatient Request/Page_Store/input_txtprice' is: '440'

2018-06-09 21:27:09 - [MESSAGE][PASSED] - Attribute 'value' of object 'Object Repository/Inpatient Request/Page_Store/input_txtprice' is: '440'

2018-06-09 21:27:09 - [TEST_STEP][PASSED] - Statement - out.println("StockQty IS : " + StockQty): null

2018-06-09 21:27:09 - [TEST_STEP][PASSED] - Statement - If (java.lang.Integer.valueOf(StockQty) > java.lang.Integer.valueOf(RequestedQty)): null

2018-06-09 21:27:09 - [TEST_STEP][PASSED] - delay: Delayed 1 second(s)

2018-06-09 21:27:10 - [MESSAGE][PASSED] - Delayed 1 second(s)

2018-06-09 21:27:10 - [TEST_STEP][PASSED] - setText: Text '5' is set on object 'Object Repository/Inpatient Request/Page_Store/input_txtqty'

2018-06-09 21:27:10 - [MESSAGE][PASSED] - Text '5' is set on object 'Object Repository/Inpatient Request/Page_Store/input_txtqty'

2018-06-09 21:27:10 - [TEST_STEP][PASSED] - click: Object: 'Object Repository/Inpatient Request/Page_Store/button_Add' is clicked on

2018-06-09 21:27:10 - [MESSAGE][PASSED] - Object: 'Object Repository/Inpatient Request/Page_Store/button_Add' is clicked on

2018-06-09 21:27:10 - [TEST_STEP][PASSED] - Statement - Break: null

2018-06-09 21:27:10 - [TEST_STEP][PASSED] - selectOptionByIndex: All options with index in [15] are selected on object 'Object Repository/Inpatient Request/Page_Store/select_--Select--Alcohol Rub i'

2018-06-09 21:27:10 - [MESSAGE][PASSED] - All options with index in [15] are selected on object 'Object Repository/Inpatient Request/Page_Store/select_--Select--Alcohol Rub i'

2018-06-09 21:27:10 - [TEST_STEP][PASSED] - delay: Delayed 2 second(s)

2018-06-09 21:27:12 - [MESSAGE][PASSED] - Delayed 2 second(s)

2018-06-09 21:27:12 - [TEST_STEP][PASSED] - Statement - RequestedQty = com.kms.katalon.core.webui.keyword.WebUiBuiltInKeywords.getAttribute(com.kms.katalon.core.testobject.ObjectRepository.findTestObject(Inpatient Request/Page_Store/input_txttotal), "value"): Attribute 'value' of object 'Object Repository/Inpatient Request/Page_Store/input_txttotal' is: '5'

2018-06-09 21:27:12 - [MESSAGE][PASSED] - Attribute 'value' of object 'Object Repository/Inpatient Request/Page_Store/input_txttotal' is: '5'

2018-06-09 21:27:12 - [TEST_STEP][PASSED] - Statement - out.println("RequestedQty IS : " + RequestedQty): null

2018-06-09 21:27:12 - [TEST_STEP][PASSED] - Statement - BatchNo = com.kms.katalon.core.webui.keyword.WebUiBuiltInKeywords.getNumberOfTotalOption(com.kms.katalon.core.testobject.ObjectRepository.findTestObject(Inpatient Request/Page_Store/select_--Select--BA2910)): 2 options of object 'Object Repository/Inpatient Request/Page_Store/select_--Select--BA2910' counted

2018-06-09 21:27:12 - [MESSAGE][PASSED] - 2 options of object 'Object Repository/Inpatient Request/Page_Store/select_--Select--BA2910' counted

2018-06-09 21:27:12 - [TEST_STEP][PASSED] - Statement - For ([k = 1, k <= BatchNo - 1, (k++)]): null

2018-06-09 21:27:12 - [TEST_STEP][PASSED] - selectOptionByIndex: All options with index in [1] are selected on object 'Object Repository/Inpatient Request/Page_Store/select_--Select--BA2910'

2018-06-09 21:27:12 - [MESSAGE][PASSED] - All options with index in [1] are selected on object 'Object Repository/Inpatient Request/Page_Store/select_--Select--BA2910'

2018-06-09 21:27:12 - [TEST_STEP][PASSED] - delay: Delayed 2 second(s)

2018-06-09 21:27:14 - [MESSAGE][PASSED] - Delayed 2 second(s)

2018-06-09 21:27:14 - [TEST_STEP][PASSED] - Statement - StockQty = com.kms.katalon.core.webui.keyword.WebUiBuiltInKeywords.getAttribute(com.kms.katalon.core.testobject.ObjectRepository.findTestObject(Inpatient Request/Page_Store/input_txtprice), "value"): Attribute 'value' of object 'Object Repository/Inpatient Request/Page_Store/input_txtprice' is: '2395'

2018-06-09 21:27:14 - [MESSAGE][PASSED] - Attribute 'value' of object 'Object Repository/Inpatient Request/Page_Store/input_txtprice' is: '2395'

2018-06-09 21:27:14 - [TEST_STEP][PASSED] - Statement - out.println("StockQty IS : " + StockQty): null

2018-06-09 21:27:14 - [TEST_STEP][PASSED] - Statement - If (java.lang.Integer.valueOf(StockQty) > java.lang.Integer.valueOf(RequestedQty)): null

2018-06-09 21:27:14 - [TEST_STEP][PASSED] - delay: Delayed 1 second(s)

2018-06-09 21:27:15 - [MESSAGE][PASSED] - Delayed 1 second(s)

2018-06-09 21:27:15 - [TEST_STEP][PASSED] - setText: Text '5' is set on object 'Object Repository/Inpatient Request/Page_Store/input_txtqty'

2018-06-09 21:27:15 - [MESSAGE][PASSED] - Text '5' is set on object 'Object Repository/Inpatient Request/Page_Store/input_txtqty'

2018-06-09 21:27:15 - [TEST_STEP][PASSED] - click: Object: 'Object Repository/Inpatient Request/Page_Store/button_Add' is clicked on

2018-06-09 21:27:15 - [MESSAGE][PASSED] - Object: 'Object Repository/Inpatient Request/Page_Store/button_Add' is clicked on

2018-06-09 21:27:15 - [TEST_STEP][PASSED] - Statement - Break: null

2018-06-09 21:27:15 - [TEST_STEP][PASSED] - selectOptionByIndex: All options with index in [16] are selected on object 'Object Repository/Inpatient Request/Page_Store/select_--Select--Alcohol Rub i'

2018-06-09 21:27:16 - [MESSAGE][PASSED] - All options with index in [16] are selected on object 'Object Repository/Inpatient Request/Page_Store/select_--Select--Alcohol Rub i'

2018-06-09 21:27:16 - [TEST_STEP][PASSED] - delay: Delayed 2 second(s)

2018-06-09 21:27:18 - [MESSAGE][PASSED] - Delayed 2 second(s)

2018-06-09 21:27:18 - [TEST_STEP][PASSED] - Statement - RequestedQty = com.kms.katalon.core.webui.keyword.WebUiBuiltInKeywords.getAttribute(com.kms.katalon.core.testobject.ObjectRepository.findTestObject(Inpatient Request/Page_Store/input_txttotal), "value"): Attribute 'value' of object 'Object Repository/Inpatient Request/Page_Store/input_txttotal' is: '5'

2018-06-09 21:27:18 - [MESSAGE][PASSED] - Attribute 'value' of object 'Object Repository/Inpatient Request/Page_Store/input_txttotal' is: '5'

2018-06-09 21:27:18 - [TEST_STEP][PASSED] - Statement - out.println("RequestedQty IS : " + RequestedQty): null

2018-06-09 21:27:18 - [TEST_STEP][PASSED] - Statement - BatchNo = com.kms.katalon.core.webui.keyword.WebUiBuiltInKeywords.getNumberOfTotalOption(com.kms.katalon.core.testobject.ObjectRepository.findTestObject(Inpatient Request/Page_Store/select_--Select--BA2910)): 3 options of object 'Object Repository/Inpatient Request/Page_Store/select_--Select--BA2910' counted

2018-06-09 21:27:18 - [MESSAGE][PASSED] - 3 options of object 'Object Repository/Inpatient Request/Page_Store/select_--Select--BA2910' counted

2018-06-09 21:27:18 - [TEST_STEP][PASSED] - Statement - For ([k = 1, k <= BatchNo - 1, (k++)]): null

2018-06-09 21:27:18 - [TEST_STEP][PASSED] - selectOptionByIndex: All options with index in [1] are selected on object 'Object Repository/Inpatient Request/Page_Store/select_--Select--BA2910'

2018-06-09 21:27:18 - [MESSAGE][PASSED] - All options with index in [1] are selected on object 'Object Repository/Inpatient Request/Page_Store/select_--Select--BA2910'

2018-06-09 21:27:18 - [TEST_STEP][PASSED] - delay: Delayed 2 second(s)

2018-06-09 21:27:20 - [MESSAGE][PASSED] - Delayed 2 second(s)

2018-06-09 21:27:20 - [TEST_STEP][PASSED] - Statement - StockQty = com.kms.katalon.core.webui.keyword.WebUiBuiltInKeywords.getAttribute(com.kms.katalon.core.testobject.ObjectRepository.findTestObject(Inpatient Request/Page_Store/input_txtprice), "value"): Attribute 'value' of object 'Object Repository/Inpatient Request/Page_Store/input_txtprice' is: '440'

2018-06-09 21:27:20 - [MESSAGE][PASSED] - Attribute 'value' of object 'Object Repository/Inpatient Request/Page_Store/input_txtprice' is: '440'

2018-06-09 21:27:20 - [TEST_STEP][PASSED] - Statement - out.println("StockQty IS : " + StockQty): null

2018-06-09 21:27:20 - [TEST_STEP][PASSED] - Statement - If (java.lang.Integer.valueOf(StockQty) > java.lang.Integer.valueOf(RequestedQty)): null

2018-06-09 21:27:20 - [TEST_STEP][PASSED] - delay: Delayed 1 second(s)

2018-06-09 21:27:21 - [MESSAGE][PASSED] - Delayed 1 second(s)

2018-06-09 21:27:21 - [TEST_STEP][PASSED] - setText: Text '5' is set on object 'Object Repository/Inpatient Request/Page_Store/input_txtqty'

2018-06-09 21:27:21 - [MESSAGE][PASSED] - Text '5' is set on object 'Object Repository/Inpatient Request/Page_Store/input_txtqty'

2018-06-09 21:27:21 - [TEST_STEP][PASSED] - click: Object: 'Object Repository/Inpatient Request/Page_Store/button_Add' is clicked on

2018-06-09 21:27:21 - [MESSAGE][PASSED] - Object: 'Object Repository/Inpatient Request/Page_Store/button_Add' is clicked on

2018-06-09 21:27:21 - [TEST_STEP][PASSED] - Statement - Break: null

2018-06-09 21:27:21 - [TEST_STEP][PASSED] - selectOptionByIndex: All options with index in [17] are selected on object 'Object Repository/Inpatient Request/Page_Store/select_--Select--Alcohol Rub i'

2018-06-09 21:27:21 - [MESSAGE][PASSED] - All options with index in [17] are selected on object 'Object Repository/Inpatient Request/Page_Store/select_--Select--Alcohol Rub i'

2018-06-09 21:27:21 - [TEST_STEP][PASSED] - delay: Delayed 2 second(s)

2018-06-09 21:27:23 - [MESSAGE][PASSED] - Delayed 2 second(s)

2018-06-09 21:27:23 - [TEST_STEP][PASSED] - Statement - RequestedQty = com.kms.katalon.core.webui.keyword.WebUiBuiltInKeywords.getAttribute(com.kms.katalon.core.testobject.ObjectRepository.findTestObject(Inpatient Request/Page_Store/input_txttotal), "value"): Attribute 'value' of object 'Object Repository/Inpatient Request/Page_Store/input_txttotal' is: '5'

2018-06-09 21:27:23 - [MESSAGE][PASSED] - Attribute 'value' of object 'Object Repository/Inpatient Request/Page_Store/input_txttotal' is: '5'

2018-06-09 21:27:23 - [TEST_STEP][PASSED] - Statement - out.println("RequestedQty IS : " + RequestedQty): null

2018-06-09 21:27:23 - [TEST_STEP][PASSED] - Statement - BatchNo = com.kms.katalon.core.webui.keyword.WebUiBuiltInKeywords.getNumberOfTotalOption(com.kms.katalon.core.testobject.ObjectRepository.findTestObject(Inpatient Request/Page_Store/select_--Select--BA2910)): 3 options of object 'Object Repository/Inpatient Request/Page_Store/select_--Select--BA2910' counted

2018-06-09 21:27:23 - [MESSAGE][PASSED] - 3 options of object 'Object Repository/Inpatient Request/Page_Store/select_--Select--BA2910' counted

2018-06-09 21:27:23 - [TEST_STEP][PASSED] - Statement - For ([k = 1, k <= BatchNo - 1, (k++)]): null

2018-06-09 21:27:23 - [TEST_STEP][PASSED] - selectOptionByIndex: All options with index in [1] are selected on object 'Object Repository/Inpatient Request/Page_Store/select_--Select--BA2910'

2018-06-09 21:27:23 - [MESSAGE][PASSED] - All options with index in [1] are selected on object 'Object Repository/Inpatient Request/Page_Store/select_--Select--BA2910'

2018-06-09 21:27:23 - [TEST_STEP][PASSED] - delay: Delayed 2 second(s)

2018-06-09 21:27:25 - [MESSAGE][PASSED] - Delayed 2 second(s)

2018-06-09 21:27:25 - [TEST_STEP][PASSED] - Statement - StockQty = com.kms.katalon.core.webui.keyword.WebUiBuiltInKeywords.getAttribute(com.kms.katalon.core.testobject.ObjectRepository.findTestObject(Inpatient Request/Page_Store/input_txtprice), "value"): Attribute 'value' of object 'Object Repository/Inpatient Request/Page_Store/input_txtprice' is: '260'

2018-06-09 21:27:26 - [MESSAGE][PASSED] - Attribute 'value' of object 'Object Repository/Inpatient Request/Page_Store/input_txtprice' is: '260'

2018-06-09 21:27:26 - [TEST_STEP][PASSED] - Statement - out.println("StockQty IS : " + StockQty): null

2018-06-09 21:27:26 - [TEST_STEP][PASSED] - Statement - If (java.lang.Integer.valueOf(StockQty) > java.lang.Integer.valueOf(RequestedQty)): null

2018-06-09 21:27:26 - [TEST_STEP][PASSED] - delay: Delayed 1 second(s)

2018-06-09 21:27:27 - [MESSAGE][PASSED] - Delayed 1 second(s)

2018-06-09 21:27:27 - [TEST_STEP][PASSED] - setText: Text '5' is set on object 'Object Repository/Inpatient Request/Page_Store/input_txtqty'

2018-06-09 21:27:27 - [MESSAGE][PASSED] - Text '5' is set on object 'Object Repository/Inpatient Request/Page_Store/input_txtqty'

2018-06-09 21:27:27 - [TEST_STEP][PASSED] - click: Object: 'Object Repository/Inpatient Request/Page_Store/button_Add' is clicked on

2018-06-09 21:27:27 - [MESSAGE][PASSED] - Object: 'Object Repository/Inpatient Request/Page_Store/button_Add' is clicked on

2018-06-09 21:27:27 - [TEST_STEP][PASSED] - Statement - Break: null

2018-06-09 21:27:27 - [TEST_STEP][PASSED] - selectOptionByIndex: All options with index in [18] are selected on object 'Object Repository/Inpatient Request/Page_Store/select_--Select--Alcohol Rub i'

2018-06-09 21:27:27 - [MESSAGE][PASSED] - All options with index in [18] are selected on object 'Object Repository/Inpatient Request/Page_Store/select_--Select--Alcohol Rub i'

2018-06-09 21:27:27 - [TEST_STEP][PASSED] - delay: Delayed 2 second(s)

2018-06-09 21:27:29 - [MESSAGE][PASSED] - Delayed 2 second(s)

2018-06-09 21:27:29 - [TEST_STEP][PASSED] - Statement - RequestedQty = com.kms.katalon.core.webui.keyword.WebUiBuiltInKeywords.getAttribute(com.kms.katalon.core.testobject.ObjectRepository.findTestObject(Inpatient Request/Page_Store/input_txttotal), "value"): Attribute 'value' of object 'Object Repository/Inpatient Request/Page_Store/input_txttotal' is: '5'

2018-06-09 21:27:29 - [MESSAGE][PASSED] - Attribute 'value' of object 'Object Repository/Inpatient Request/Page_Store/input_txttotal' is: '5'

2018-06-09 21:27:29 - [TEST_STEP][PASSED] - Statement - out.println("RequestedQty IS : " + RequestedQty): null

2018-06-09 21:27:29 - [TEST_STEP][PASSED] - Statement - BatchNo = com.kms.katalon.core.webui.keyword.WebUiBuiltInKeywords.getNumberOfTotalOption(com.kms.katalon.core.testobject.ObjectRepository.findTestObject(Inpatient Request/Page_Store/select_--Select--BA2910)): 3 options of object 'Object Repository/Inpatient Request/Page_Store/select_--Select--BA2910' counted

2018-06-09 21:27:29 - [MESSAGE][PASSED] - 3 options of object 'Object Repository/Inpatient Request/Page_Store/select_--Select--BA2910' counted

2018-06-09 21:27:29 - [TEST_STEP][PASSED] - Statement - For ([k = 1, k <= BatchNo - 1, (k++)]): null

2018-06-09 21:27:29 - [TEST_STEP][PASSED] - selectOptionByIndex: All options with index in [1] are selected on object 'Object Repository/Inpatient Request/Page_Store/select_--Select--BA2910'

2018-06-09 21:27:29 - [MESSAGE][PASSED] - All options with index in [1] are selected on object 'Object Repository/Inpatient Request/Page_Store/select_--Select--BA2910'

2018-06-09 21:27:29 - [TEST_STEP][PASSED] - delay: Delayed 2 second(s)

2018-06-09 21:27:31 - [MESSAGE][PASSED] - Delayed 2 second(s)

2018-06-09 21:27:31 - [TEST_STEP][PASSED] - Statement - StockQty = com.kms.katalon.core.webui.keyword.WebUiBuiltInKeywords.getAttribute(com.kms.katalon.core.testobject.ObjectRepository.findTestObject(Inpatient Request/Page_Store/input_txtprice), "value"): Attribute 'value' of object 'Object Repository/Inpatient Request/Page_Store/input_txtprice' is: '440'

2018-06-09 21:27:31 - [MESSAGE][PASSED] - Attribute 'value' of object 'Object Repository/Inpatient Request/Page_Store/input_txtprice' is: '440'

2018-06-09 21:27:31 - [TEST_STEP][PASSED] - Statement - out.println("StockQty IS : " + StockQty): null

2018-06-09 21:27:31 - [TEST_STEP][PASSED] - Statement - If (java.lang.Integer.valueOf(StockQty) > java.lang.Integer.valueOf(RequestedQty)): null

2018-06-09 21:27:31 - [TEST_STEP][PASSED] - delay: Delayed 1 second(s)

2018-06-09 21:27:32 - [MESSAGE][PASSED] - Delayed 1 second(s)

2018-06-09 21:27:32 - [TEST_STEP][PASSED] - setText: Text '5' is set on object 'Object Repository/Inpatient Request/Page_Store/input_txtqty'

2018-06-09 21:27:32 - [MESSAGE][PASSED] - Text '5' is set on object 'Object Repository/Inpatient Request/Page_Store/input_txtqty'

2018-06-09 21:27:32 - [TEST_STEP][PASSED] - click: Object: 'Object Repository/Inpatient Request/Page_Store/button_Add' is clicked on

2018-06-09 21:27:32 - [MESSAGE][PASSED] - Object: 'Object Repository/Inpatient Request/Page_Store/button_Add' is clicked on

2018-06-09 21:27:32 - [TEST_STEP][PASSED] - Statement - Break: null

2018-06-09 21:27:32 - [TEST_STEP][PASSED] - scrollToElement: Scroll to object 'Object Repository/Inpatient Request/Page_Store/input_btnSubmit' successfully

2018-06-09 21:27:32 - [MESSAGE][PASSED] - Scroll to object 'Object Repository/Inpatient Request/Page_Store/input_btnSubmit' successfully

2018-06-09 21:27:32 - [TEST_STEP][PASSED] - click: Object: 'Object Repository/Inpatient Request/Page_Store/input_btnSubmit' is clicked on

2018-06-09 21:27:32 - [MESSAGE][PASSED] - Object: 'Object Repository/Inpatient Request/Page_Store/input_btnSubmit' is clicked on

2018-06-09 21:27:32 - [TEST_STEP][PASSED] - delay: Delayed 3 second(s)

2018-06-09 21:27:35 - [MESSAGE][PASSED] - Delayed 3 second(s)

2018-06-09 21:27:35 - [TEST_STEP][PASSED] - click: Object: 'Object Repository/Inpatient Request/Page_Store/button_OK' is clicked on

2018-06-09 21:27:36 - [MESSAGE][PASSED] - Object: 'Object Repository/Inpatient Request/Page_Store/button_OK' is clicked on

2018-06-09 21:27:36 - [TEST_STEP][PASSED] - delay: Delayed 3 second(s)

2018-06-09 21:27:39 - [MESSAGE][PASSED] - Delayed 3 second(s)

2018-06-09 21:27:39 - [TEST_STEP][PASSED] - click: Object: 'Object Repository/Inpatient Request/Page_Store/a_dropdown-toggle' is clicked on

2018-06-09 21:27:39 - [MESSAGE][PASSED] - Object: 'Object Repository/Inpatient Request/Page_Store/a_dropdown-toggle' is clicked on

2018-06-09 21:27:39 - [TEST_STEP][PASSED] - click: Object: 'Object Repository/Inpatient Request/Page_Store/a_Sign out' is clicked on

2018-06-09 21:27:40 - [MESSAGE][PASSED] - Object: 'Object Repository/Inpatient Request/Page_Store/a_Sign out' is clicked on

2018-06-09 21:27:40 - [TEST_STEP][PASSED] - closeBrowser: Browser is closed

2018-06-09 21:27:40 - [MESSAGE][PASSED] - Browser is closed

2018-06-09 21:27:40 - [TEST_STEP][PASSED] - Statement - out.println("Schedule 12 Inpatient Request Are Working Successfully"): null]]></system-out>
         <system-err><![CDATA[]]></system-err>
      </testcase>
      <system-out><![CDATA[2018-06-09 21:18:28 - [TEST_SUITE][PASSED] - Inpatient_Suite: Test Cases/INPATIENT TEST CASES/TC_INR_003 Verify Schedule 12 Inpatient Request Are Working Successfully Or Not]]></system-out>
      <system-err><![CDATA[]]></system-err>
   </testsuite>
</testsuites>
