<?xml version="1.0" encoding="UTF-8"?>
<testsuites name="Investigation_Suite" time="961" tests="5" failures="1" errors="0">
   <testsuite name="Investigation_Suite" tests="5" failures="1" errors="0" time="961" timestamp="2018-06-09 20:59:32" hostname="Quality Analyst - DESKTOP-BLFTK83" id="Test Suites/Investigation_Suite">
      <properties>
         <property name="deviceName" value=""/>
         <property name="devicePlatform" value=""/>
         <property name="logFolder" value="C:\\Users\\Quality Analyst\\Katalon Studio\\ds\\Reports\\Investigation_Suite\\20180609_181615"/>
         <property name="logFiles" value="C:\\Users\\Quality Analyst\\Katalon Studio\\ds\\Reports\\Investigation_Suite\\20180609_181615\\execution0.log"/>
         <property name="attachments" value="C:\\Users\\Quality Analyst\\Katalon Studio\\ds\\Reports\\Investigation_Suite\\20180609_181615\\1528559133322.png"/>
         <property name="hostName" value="Quality Analyst - DESKTOP-BLFTK83"/>
         <property name="os" value="Windows 10 64bit"/>
         <property name="katalonVersion" value="5.4.2.1"/>
         <property name="browser" value="Chrome 66.0.3359.181"/>
         <property name="hostAddress" value="169.254.189.85"/>
         <property name="sessionId" value="2130b36ad93201f8e752735ab59e20a2"/>
         <property name="seleniumVersion" value="3.7.1"/>
         <property name="proxyInformation" value="ProxyInformation{proxyOption=NO_PROXY, proxyServerType=HTTP, password=, proxyServerAddress=, proxyServerPort=0}"/>
         <property name="platform" value="Windows 10"/>
      </properties>
      <testcase name="Test Cases/INVESTIGATION TEST CASES/TC_INV_001 Verify Schedule 4 Investigation Request Are Working Successfully Or Not" classname="Test Cases/INVESTIGATION TEST CASES/TC_INV_001 Verify Schedule 4 Investigation Request Are Working Successfully Or Not" status="PASSED">
         <system-out><![CDATA[2018-06-09 20:59:32 - [TEST_CASE][PASSED] - Test Cases/INVESTIGATION TEST CASES/TC_INV_001 Verify Schedule 4 Investigation Request Are Working Successfully Or Not: Test Cases/INVESTIGATION TEST CASES/TC_INV_001 Verify Schedule 4 Investigation Request Are Working Successfully Or Not

2018-06-09 20:59:33 - [TEST_STEP][PASSED] - openBrowser: Browser is opened with url: ''

2018-06-09 20:59:36 - [MESSAGE][PASSED] - Browser is opened with url: ''

2018-06-09 20:59:36 - [TEST_STEP][PASSED] - navigateToUrl: Navigate to 'http://192.168.137.1/multihospital_new/' successfully

2018-06-09 20:59:38 - [MESSAGE][PASSED] - Navigate to 'http://192.168.137.1/multihospital_new/' successfully

2018-06-09 20:59:38 - [TEST_STEP][PASSED] - Statement - out.println(" Verify Schedule 4 Investigation Request Are Working Successfully Or Not"): null

2018-06-09 20:59:38 - [TEST_STEP][PASSED] - maximizeWindow: Current window maximized

2018-06-09 20:59:39 - [MESSAGE][PASSED] - Current window maximized

2018-06-09 20:59:39 - [TEST_STEP][PASSED] - click: Object: 'Object Repository/lab/Page_KDMC/a_Investigation' is clicked on

2018-06-09 20:59:40 - [MESSAGE][PASSED] - Object: 'Object Repository/lab/Page_KDMC/a_Investigation' is clicked on

2018-06-09 20:59:40 - [TEST_STEP][PASSED] - setText: Text 'manoj' is set on object 'Object Repository/lab/Page_Investigation login/input_txtusername'

2018-06-09 20:59:40 - [MESSAGE][PASSED] - Text 'manoj' is set on object 'Object Repository/lab/Page_Investigation login/input_txtusername'

2018-06-09 20:59:40 - [TEST_STEP][PASSED] - setText: Text '123' is set on object 'Object Repository/lab/Page_Investigation login/input_txtpassword'

2018-06-09 20:59:40 - [MESSAGE][PASSED] - Text '123' is set on object 'Object Repository/lab/Page_Investigation login/input_txtpassword'

2018-06-09 20:59:40 - [TEST_STEP][PASSED] - delay: Delayed 3 second(s)

2018-06-09 20:59:43 - [MESSAGE][PASSED] - Delayed 3 second(s)

2018-06-09 20:59:43 - [TEST_STEP][PASSED] - click: Object: 'Object Repository/lab/Page_Investigation login/button_Sign in' is clicked on

2018-06-09 20:59:44 - [MESSAGE][PASSED] - Object: 'Object Repository/lab/Page_Investigation login/button_Sign in' is clicked on

2018-06-09 20:59:44 - [TEST_STEP][PASSED] - click: Object: 'Object Repository/lab/Page_KDMC/a_Store Request' is clicked on

2018-06-09 20:59:45 - [MESSAGE][PASSED] - Object: 'Object Repository/lab/Page_KDMC/a_Store Request' is clicked on

2018-06-09 20:59:45 - [TEST_STEP][PASSED] - delay: Delayed 2 second(s)

2018-06-09 20:59:47 - [MESSAGE][PASSED] - Delayed 2 second(s)

2018-06-09 20:59:47 - [TEST_STEP][PASSED] - click: Object: 'Object Repository/lab/Page_KDMC/a_Medicine Request' is clicked on

2018-06-09 20:59:48 - [MESSAGE][PASSED] - Object: 'Object Repository/lab/Page_KDMC/a_Medicine Request' is clicked on

2018-06-09 20:59:48 - [TEST_STEP][PASSED] - selectOptionByIndex: All options with index in [1] are selected on object 'Object Repository/lab/Page_KDMC/select_--Select--Schedule 4X-r'

2018-06-09 20:59:48 - [MESSAGE][PASSED] - All options with index in [1] are selected on object 'Object Repository/lab/Page_KDMC/select_--Select--Schedule 4X-r'

2018-06-09 20:59:48 - [TEST_STEP][PASSED] - Statement - medicineslength = com.kms.katalon.core.webui.keyword.WebUiBuiltInKeywords.getNumberOfTotalOption(com.kms.katalon.core.testobject.ObjectRepository.findTestObject(lab/Page_KDMC/select_--Select--Automatic x-r)): 16 options of object 'Object Repository/lab/Page_KDMC/select_--Select--Automatic x-r' counted

2018-06-09 20:59:48 - [MESSAGE][PASSED] - 16 options of object 'Object Repository/lab/Page_KDMC/select_--Select--Automatic x-r' counted

2018-06-09 20:59:48 - [TEST_STEP][PASSED] - Statement - For ([e = 1, e < medicineslength, (e++)]): Object: 'Object Repository/lab/Page_KDMC/button_Add' is clicked on

2018-06-09 20:59:48 - [TEST_STEP][PASSED] - selectOptionByIndex: All options with index in [1] are selected on object 'Object Repository/lab/Page_KDMC/select_--Select--Schedule 4X-r'

2018-06-09 20:59:49 - [MESSAGE][PASSED] - All options with index in [1] are selected on object 'Object Repository/lab/Page_KDMC/select_--Select--Schedule 4X-r'

2018-06-09 20:59:49 - [TEST_STEP][PASSED] - selectOptionByIndex: All options with index in [1] are selected on object 'Object Repository/lab/Page_KDMC/select_--Select--Automatic x-r'

2018-06-09 20:59:49 - [MESSAGE][PASSED] - All options with index in [1] are selected on object 'Object Repository/lab/Page_KDMC/select_--Select--Automatic x-r'

2018-06-09 20:59:49 - [TEST_STEP][PASSED] - setText: Text '10' is set on object 'Object Repository/lab/Page_KDMC/input_txttreat'

2018-06-09 20:59:49 - [MESSAGE][PASSED] - Text '10' is set on object 'Object Repository/lab/Page_KDMC/input_txttreat'

2018-06-09 20:59:49 - [TEST_STEP][PASSED] - click: Object: 'Object Repository/lab/Page_KDMC/button_Add' is clicked on

2018-06-09 20:59:49 - [MESSAGE][PASSED] - Object: 'Object Repository/lab/Page_KDMC/button_Add' is clicked on

2018-06-09 20:59:49 - [TEST_STEP][PASSED] - selectOptionByIndex: All options with index in [1] are selected on object 'Object Repository/lab/Page_KDMC/select_--Select--Schedule 4X-r'

2018-06-09 20:59:49 - [MESSAGE][PASSED] - All options with index in [1] are selected on object 'Object Repository/lab/Page_KDMC/select_--Select--Schedule 4X-r'

2018-06-09 20:59:49 - [TEST_STEP][PASSED] - selectOptionByIndex: All options with index in [2] are selected on object 'Object Repository/lab/Page_KDMC/select_--Select--Automatic x-r'

2018-06-09 20:59:49 - [MESSAGE][PASSED] - All options with index in [2] are selected on object 'Object Repository/lab/Page_KDMC/select_--Select--Automatic x-r'

2018-06-09 20:59:49 - [TEST_STEP][PASSED] - setText: Text '10' is set on object 'Object Repository/lab/Page_KDMC/input_txttreat'

2018-06-09 20:59:49 - [MESSAGE][PASSED] - Text '10' is set on object 'Object Repository/lab/Page_KDMC/input_txttreat'

2018-06-09 20:59:49 - [TEST_STEP][PASSED] - click: Object: 'Object Repository/lab/Page_KDMC/button_Add' is clicked on

2018-06-09 20:59:49 - [MESSAGE][PASSED] - Object: 'Object Repository/lab/Page_KDMC/button_Add' is clicked on

2018-06-09 20:59:49 - [TEST_STEP][PASSED] - selectOptionByIndex: All options with index in [1] are selected on object 'Object Repository/lab/Page_KDMC/select_--Select--Schedule 4X-r'

2018-06-09 20:59:49 - [MESSAGE][PASSED] - All options with index in [1] are selected on object 'Object Repository/lab/Page_KDMC/select_--Select--Schedule 4X-r'

2018-06-09 20:59:49 - [TEST_STEP][PASSED] - selectOptionByIndex: All options with index in [3] are selected on object 'Object Repository/lab/Page_KDMC/select_--Select--Automatic x-r'

2018-06-09 20:59:50 - [MESSAGE][PASSED] - All options with index in [3] are selected on object 'Object Repository/lab/Page_KDMC/select_--Select--Automatic x-r'

2018-06-09 20:59:50 - [TEST_STEP][PASSED] - setText: Text '10' is set on object 'Object Repository/lab/Page_KDMC/input_txttreat'

2018-06-09 20:59:50 - [MESSAGE][PASSED] - Text '10' is set on object 'Object Repository/lab/Page_KDMC/input_txttreat'

2018-06-09 20:59:50 - [TEST_STEP][PASSED] - click: Object: 'Object Repository/lab/Page_KDMC/button_Add' is clicked on

2018-06-09 20:59:50 - [MESSAGE][PASSED] - Object: 'Object Repository/lab/Page_KDMC/button_Add' is clicked on

2018-06-09 20:59:50 - [TEST_STEP][PASSED] - selectOptionByIndex: All options with index in [1] are selected on object 'Object Repository/lab/Page_KDMC/select_--Select--Schedule 4X-r'

2018-06-09 20:59:50 - [MESSAGE][PASSED] - All options with index in [1] are selected on object 'Object Repository/lab/Page_KDMC/select_--Select--Schedule 4X-r'

2018-06-09 20:59:50 - [TEST_STEP][PASSED] - selectOptionByIndex: All options with index in [4] are selected on object 'Object Repository/lab/Page_KDMC/select_--Select--Automatic x-r'

2018-06-09 20:59:50 - [MESSAGE][PASSED] - All options with index in [4] are selected on object 'Object Repository/lab/Page_KDMC/select_--Select--Automatic x-r'

2018-06-09 20:59:50 - [TEST_STEP][PASSED] - setText: Text '10' is set on object 'Object Repository/lab/Page_KDMC/input_txttreat'

2018-06-09 20:59:50 - [MESSAGE][PASSED] - Text '10' is set on object 'Object Repository/lab/Page_KDMC/input_txttreat'

2018-06-09 20:59:50 - [TEST_STEP][PASSED] - click: Object: 'Object Repository/lab/Page_KDMC/button_Add' is clicked on

2018-06-09 20:59:50 - [MESSAGE][PASSED] - Object: 'Object Repository/lab/Page_KDMC/button_Add' is clicked on

2018-06-09 20:59:50 - [TEST_STEP][PASSED] - selectOptionByIndex: All options with index in [1] are selected on object 'Object Repository/lab/Page_KDMC/select_--Select--Schedule 4X-r'

2018-06-09 20:59:50 - [MESSAGE][PASSED] - All options with index in [1] are selected on object 'Object Repository/lab/Page_KDMC/select_--Select--Schedule 4X-r'

2018-06-09 20:59:50 - [TEST_STEP][PASSED] - selectOptionByIndex: All options with index in [5] are selected on object 'Object Repository/lab/Page_KDMC/select_--Select--Automatic x-r'

2018-06-09 20:59:51 - [MESSAGE][PASSED] - All options with index in [5] are selected on object 'Object Repository/lab/Page_KDMC/select_--Select--Automatic x-r'

2018-06-09 20:59:51 - [TEST_STEP][PASSED] - setText: Text '10' is set on object 'Object Repository/lab/Page_KDMC/input_txttreat'

2018-06-09 20:59:51 - [MESSAGE][PASSED] - Text '10' is set on object 'Object Repository/lab/Page_KDMC/input_txttreat'

2018-06-09 20:59:51 - [TEST_STEP][PASSED] - click: Object: 'Object Repository/lab/Page_KDMC/button_Add' is clicked on

2018-06-09 20:59:51 - [MESSAGE][PASSED] - Object: 'Object Repository/lab/Page_KDMC/button_Add' is clicked on

2018-06-09 20:59:51 - [TEST_STEP][PASSED] - selectOptionByIndex: All options with index in [1] are selected on object 'Object Repository/lab/Page_KDMC/select_--Select--Schedule 4X-r'

2018-06-09 20:59:51 - [MESSAGE][PASSED] - All options with index in [1] are selected on object 'Object Repository/lab/Page_KDMC/select_--Select--Schedule 4X-r'

2018-06-09 20:59:51 - [TEST_STEP][PASSED] - selectOptionByIndex: All options with index in [6] are selected on object 'Object Repository/lab/Page_KDMC/select_--Select--Automatic x-r'

2018-06-09 20:59:51 - [MESSAGE][PASSED] - All options with index in [6] are selected on object 'Object Repository/lab/Page_KDMC/select_--Select--Automatic x-r'

2018-06-09 20:59:51 - [TEST_STEP][PASSED] - setText: Text '10' is set on object 'Object Repository/lab/Page_KDMC/input_txttreat'

2018-06-09 20:59:51 - [MESSAGE][PASSED] - Text '10' is set on object 'Object Repository/lab/Page_KDMC/input_txttreat'

2018-06-09 20:59:51 - [TEST_STEP][PASSED] - click: Object: 'Object Repository/lab/Page_KDMC/button_Add' is clicked on

2018-06-09 20:59:51 - [MESSAGE][PASSED] - Object: 'Object Repository/lab/Page_KDMC/button_Add' is clicked on

2018-06-09 20:59:51 - [TEST_STEP][PASSED] - selectOptionByIndex: All options with index in [1] are selected on object 'Object Repository/lab/Page_KDMC/select_--Select--Schedule 4X-r'

2018-06-09 20:59:51 - [MESSAGE][PASSED] - All options with index in [1] are selected on object 'Object Repository/lab/Page_KDMC/select_--Select--Schedule 4X-r'

2018-06-09 20:59:51 - [TEST_STEP][PASSED] - selectOptionByIndex: All options with index in [7] are selected on object 'Object Repository/lab/Page_KDMC/select_--Select--Automatic x-r'

2018-06-09 20:59:52 - [MESSAGE][PASSED] - All options with index in [7] are selected on object 'Object Repository/lab/Page_KDMC/select_--Select--Automatic x-r'

2018-06-09 20:59:52 - [TEST_STEP][PASSED] - setText: Text '10' is set on object 'Object Repository/lab/Page_KDMC/input_txttreat'

2018-06-09 20:59:52 - [MESSAGE][PASSED] - Text '10' is set on object 'Object Repository/lab/Page_KDMC/input_txttreat'

2018-06-09 20:59:52 - [TEST_STEP][PASSED] - click: Object: 'Object Repository/lab/Page_KDMC/button_Add' is clicked on

2018-06-09 20:59:52 - [MESSAGE][PASSED] - Object: 'Object Repository/lab/Page_KDMC/button_Add' is clicked on

2018-06-09 20:59:52 - [TEST_STEP][PASSED] - selectOptionByIndex: All options with index in [1] are selected on object 'Object Repository/lab/Page_KDMC/select_--Select--Schedule 4X-r'

2018-06-09 20:59:52 - [MESSAGE][PASSED] - All options with index in [1] are selected on object 'Object Repository/lab/Page_KDMC/select_--Select--Schedule 4X-r'

2018-06-09 20:59:52 - [TEST_STEP][PASSED] - selectOptionByIndex: All options with index in [8] are selected on object 'Object Repository/lab/Page_KDMC/select_--Select--Automatic x-r'

2018-06-09 20:59:52 - [MESSAGE][PASSED] - All options with index in [8] are selected on object 'Object Repository/lab/Page_KDMC/select_--Select--Automatic x-r'

2018-06-09 20:59:52 - [TEST_STEP][PASSED] - setText: Text '10' is set on object 'Object Repository/lab/Page_KDMC/input_txttreat'

2018-06-09 20:59:52 - [MESSAGE][PASSED] - Text '10' is set on object 'Object Repository/lab/Page_KDMC/input_txttreat'

2018-06-09 20:59:52 - [TEST_STEP][PASSED] - click: Object: 'Object Repository/lab/Page_KDMC/button_Add' is clicked on

2018-06-09 20:59:52 - [MESSAGE][PASSED] - Object: 'Object Repository/lab/Page_KDMC/button_Add' is clicked on

2018-06-09 20:59:52 - [TEST_STEP][PASSED] - selectOptionByIndex: All options with index in [1] are selected on object 'Object Repository/lab/Page_KDMC/select_--Select--Schedule 4X-r'

2018-06-09 20:59:52 - [MESSAGE][PASSED] - All options with index in [1] are selected on object 'Object Repository/lab/Page_KDMC/select_--Select--Schedule 4X-r'

2018-06-09 20:59:52 - [TEST_STEP][PASSED] - selectOptionByIndex: All options with index in [9] are selected on object 'Object Repository/lab/Page_KDMC/select_--Select--Automatic x-r'

2018-06-09 20:59:53 - [MESSAGE][PASSED] - All options with index in [9] are selected on object 'Object Repository/lab/Page_KDMC/select_--Select--Automatic x-r'

2018-06-09 20:59:53 - [TEST_STEP][PASSED] - setText: Text '10' is set on object 'Object Repository/lab/Page_KDMC/input_txttreat'

2018-06-09 20:59:53 - [MESSAGE][PASSED] - Text '10' is set on object 'Object Repository/lab/Page_KDMC/input_txttreat'

2018-06-09 20:59:53 - [TEST_STEP][PASSED] - click: Object: 'Object Repository/lab/Page_KDMC/button_Add' is clicked on

2018-06-09 20:59:53 - [MESSAGE][PASSED] - Object: 'Object Repository/lab/Page_KDMC/button_Add' is clicked on

2018-06-09 20:59:53 - [TEST_STEP][PASSED] - selectOptionByIndex: All options with index in [1] are selected on object 'Object Repository/lab/Page_KDMC/select_--Select--Schedule 4X-r'

2018-06-09 20:59:53 - [MESSAGE][PASSED] - All options with index in [1] are selected on object 'Object Repository/lab/Page_KDMC/select_--Select--Schedule 4X-r'

2018-06-09 20:59:53 - [TEST_STEP][PASSED] - selectOptionByIndex: All options with index in [10] are selected on object 'Object Repository/lab/Page_KDMC/select_--Select--Automatic x-r'

2018-06-09 20:59:53 - [MESSAGE][PASSED] - All options with index in [10] are selected on object 'Object Repository/lab/Page_KDMC/select_--Select--Automatic x-r'

2018-06-09 20:59:53 - [TEST_STEP][PASSED] - setText: Text '10' is set on object 'Object Repository/lab/Page_KDMC/input_txttreat'

2018-06-09 20:59:53 - [MESSAGE][PASSED] - Text '10' is set on object 'Object Repository/lab/Page_KDMC/input_txttreat'

2018-06-09 20:59:53 - [TEST_STEP][PASSED] - click: Object: 'Object Repository/lab/Page_KDMC/button_Add' is clicked on

2018-06-09 20:59:53 - [MESSAGE][PASSED] - Object: 'Object Repository/lab/Page_KDMC/button_Add' is clicked on

2018-06-09 20:59:53 - [TEST_STEP][PASSED] - selectOptionByIndex: All options with index in [1] are selected on object 'Object Repository/lab/Page_KDMC/select_--Select--Schedule 4X-r'

2018-06-09 20:59:53 - [MESSAGE][PASSED] - All options with index in [1] are selected on object 'Object Repository/lab/Page_KDMC/select_--Select--Schedule 4X-r'

2018-06-09 20:59:53 - [TEST_STEP][PASSED] - selectOptionByIndex: All options with index in [11] are selected on object 'Object Repository/lab/Page_KDMC/select_--Select--Automatic x-r'

2018-06-09 20:59:54 - [MESSAGE][PASSED] - All options with index in [11] are selected on object 'Object Repository/lab/Page_KDMC/select_--Select--Automatic x-r'

2018-06-09 20:59:54 - [TEST_STEP][PASSED] - setText: Text '10' is set on object 'Object Repository/lab/Page_KDMC/input_txttreat'

2018-06-09 20:59:54 - [MESSAGE][PASSED] - Text '10' is set on object 'Object Repository/lab/Page_KDMC/input_txttreat'

2018-06-09 20:59:54 - [TEST_STEP][PASSED] - click: Object: 'Object Repository/lab/Page_KDMC/button_Add' is clicked on

2018-06-09 20:59:54 - [MESSAGE][PASSED] - Object: 'Object Repository/lab/Page_KDMC/button_Add' is clicked on

2018-06-09 20:59:54 - [TEST_STEP][PASSED] - selectOptionByIndex: All options with index in [1] are selected on object 'Object Repository/lab/Page_KDMC/select_--Select--Schedule 4X-r'

2018-06-09 20:59:54 - [MESSAGE][PASSED] - All options with index in [1] are selected on object 'Object Repository/lab/Page_KDMC/select_--Select--Schedule 4X-r'

2018-06-09 20:59:54 - [TEST_STEP][PASSED] - selectOptionByIndex: All options with index in [12] are selected on object 'Object Repository/lab/Page_KDMC/select_--Select--Automatic x-r'

2018-06-09 20:59:54 - [MESSAGE][PASSED] - All options with index in [12] are selected on object 'Object Repository/lab/Page_KDMC/select_--Select--Automatic x-r'

2018-06-09 20:59:54 - [TEST_STEP][PASSED] - setText: Text '10' is set on object 'Object Repository/lab/Page_KDMC/input_txttreat'

2018-06-09 20:59:54 - [MESSAGE][PASSED] - Text '10' is set on object 'Object Repository/lab/Page_KDMC/input_txttreat'

2018-06-09 20:59:54 - [TEST_STEP][PASSED] - click: Object: 'Object Repository/lab/Page_KDMC/button_Add' is clicked on

2018-06-09 20:59:54 - [MESSAGE][PASSED] - Object: 'Object Repository/lab/Page_KDMC/button_Add' is clicked on

2018-06-09 20:59:54 - [TEST_STEP][PASSED] - selectOptionByIndex: All options with index in [1] are selected on object 'Object Repository/lab/Page_KDMC/select_--Select--Schedule 4X-r'

2018-06-09 20:59:54 - [MESSAGE][PASSED] - All options with index in [1] are selected on object 'Object Repository/lab/Page_KDMC/select_--Select--Schedule 4X-r'

2018-06-09 20:59:54 - [TEST_STEP][PASSED] - selectOptionByIndex: All options with index in [13] are selected on object 'Object Repository/lab/Page_KDMC/select_--Select--Automatic x-r'

2018-06-09 20:59:55 - [MESSAGE][PASSED] - All options with index in [13] are selected on object 'Object Repository/lab/Page_KDMC/select_--Select--Automatic x-r'

2018-06-09 20:59:55 - [TEST_STEP][PASSED] - setText: Text '10' is set on object 'Object Repository/lab/Page_KDMC/input_txttreat'

2018-06-09 20:59:55 - [MESSAGE][PASSED] - Text '10' is set on object 'Object Repository/lab/Page_KDMC/input_txttreat'

2018-06-09 20:59:55 - [TEST_STEP][PASSED] - click: Object: 'Object Repository/lab/Page_KDMC/button_Add' is clicked on

2018-06-09 20:59:55 - [MESSAGE][PASSED] - Object: 'Object Repository/lab/Page_KDMC/button_Add' is clicked on

2018-06-09 20:59:55 - [TEST_STEP][PASSED] - selectOptionByIndex: All options with index in [1] are selected on object 'Object Repository/lab/Page_KDMC/select_--Select--Schedule 4X-r'

2018-06-09 20:59:55 - [MESSAGE][PASSED] - All options with index in [1] are selected on object 'Object Repository/lab/Page_KDMC/select_--Select--Schedule 4X-r'

2018-06-09 20:59:55 - [TEST_STEP][PASSED] - selectOptionByIndex: All options with index in [14] are selected on object 'Object Repository/lab/Page_KDMC/select_--Select--Automatic x-r'

2018-06-09 20:59:55 - [MESSAGE][PASSED] - All options with index in [14] are selected on object 'Object Repository/lab/Page_KDMC/select_--Select--Automatic x-r'

2018-06-09 20:59:55 - [TEST_STEP][PASSED] - setText: Text '10' is set on object 'Object Repository/lab/Page_KDMC/input_txttreat'

2018-06-09 20:59:55 - [MESSAGE][PASSED] - Text '10' is set on object 'Object Repository/lab/Page_KDMC/input_txttreat'

2018-06-09 20:59:55 - [TEST_STEP][PASSED] - click: Object: 'Object Repository/lab/Page_KDMC/button_Add' is clicked on

2018-06-09 20:59:55 - [MESSAGE][PASSED] - Object: 'Object Repository/lab/Page_KDMC/button_Add' is clicked on

2018-06-09 20:59:55 - [TEST_STEP][PASSED] - selectOptionByIndex: All options with index in [1] are selected on object 'Object Repository/lab/Page_KDMC/select_--Select--Schedule 4X-r'

2018-06-09 20:59:56 - [MESSAGE][PASSED] - All options with index in [1] are selected on object 'Object Repository/lab/Page_KDMC/select_--Select--Schedule 4X-r'

2018-06-09 20:59:56 - [TEST_STEP][PASSED] - selectOptionByIndex: All options with index in [15] are selected on object 'Object Repository/lab/Page_KDMC/select_--Select--Automatic x-r'

2018-06-09 20:59:56 - [MESSAGE][PASSED] - All options with index in [15] are selected on object 'Object Repository/lab/Page_KDMC/select_--Select--Automatic x-r'

2018-06-09 20:59:56 - [TEST_STEP][PASSED] - setText: Text '10' is set on object 'Object Repository/lab/Page_KDMC/input_txttreat'

2018-06-09 20:59:56 - [MESSAGE][PASSED] - Text '10' is set on object 'Object Repository/lab/Page_KDMC/input_txttreat'

2018-06-09 20:59:56 - [TEST_STEP][PASSED] - click: Object: 'Object Repository/lab/Page_KDMC/button_Add' is clicked on

2018-06-09 20:59:56 - [MESSAGE][PASSED] - Object: 'Object Repository/lab/Page_KDMC/button_Add' is clicked on

2018-06-09 20:59:56 - [TEST_STEP][PASSED] - Statement - RN1 = com.kms.katalon.core.webui.keyword.WebUiBuiltInKeywords.getAttribute(com.kms.katalon.core.testobject.ObjectRepository.findTestObject(lab/Page_KDMC/input_txtno), "value"): Attribute 'value' of object 'Object Repository/lab/Page_KDMC/input_txtno' is: 'LRNO/09062018/419'

2018-06-09 20:59:56 - [MESSAGE][PASSED] - Attribute 'value' of object 'Object Repository/lab/Page_KDMC/input_txtno' is: 'LRNO/09062018/419'

2018-06-09 20:59:56 - [TEST_STEP][PASSED] - Statement - out.println(RN1): null

2018-06-09 20:59:56 - [TEST_STEP][PASSED] - Statement - RID = RN1.split("/")[2]: null

2018-06-09 20:59:56 - [TEST_STEP][PASSED] - scrollToElement: Scroll to object 'Object Repository/lab/Page_KDMC/input_btnsave' successfully

2018-06-09 20:59:56 - [MESSAGE][PASSED] - Scroll to object 'Object Repository/lab/Page_KDMC/input_btnsave' successfully

2018-06-09 20:59:56 - [TEST_STEP][PASSED] - click: Object: 'Object Repository/lab/Page_KDMC/input_btnsave' is clicked on

2018-06-09 20:59:56 - [MESSAGE][PASSED] - Object: 'Object Repository/lab/Page_KDMC/input_btnsave' is clicked on

2018-06-09 20:59:56 - [TEST_STEP][PASSED] - delay: Delayed 3 second(s)

2018-06-09 20:59:59 - [MESSAGE][PASSED] - Delayed 3 second(s)

2018-06-09 20:59:59 - [TEST_STEP][PASSED] - click: Object: 'Object Repository/lab/Page_KDMC/button_OK' is clicked on

2018-06-09 21:00:00 - [MESSAGE][PASSED] - Object: 'Object Repository/lab/Page_KDMC/button_OK' is clicked on

2018-06-09 21:00:00 - [TEST_STEP][PASSED] - delay: Delayed 3 second(s)

2018-06-09 21:00:03 - [MESSAGE][PASSED] - Delayed 3 second(s)

2018-06-09 21:00:03 - [TEST_STEP][PASSED] - click: Object: 'Object Repository/lab/Page_KDMC/a_dropdown-toggle' is clicked on

2018-06-09 21:00:03 - [MESSAGE][PASSED] - Object: 'Object Repository/lab/Page_KDMC/a_dropdown-toggle' is clicked on

2018-06-09 21:00:03 - [TEST_STEP][PASSED] - click: Object: 'Object Repository/lab/Page_KDMC/a_Sign out' is clicked on

2018-06-09 21:00:03 - [MESSAGE][PASSED] - Object: 'Object Repository/lab/Page_KDMC/a_Sign out' is clicked on

2018-06-09 21:00:03 - [TEST_STEP][PASSED] - delay: Delayed 3 second(s)

2018-06-09 21:00:06 - [MESSAGE][PASSED] - Delayed 3 second(s)

2018-06-09 21:00:06 - [TEST_STEP][PASSED] - click: Object: 'Object Repository/lab/Page_KDMC/a_CMO' is clicked on

2018-06-09 21:00:07 - [MESSAGE][PASSED] - Object: 'Object Repository/lab/Page_KDMC/a_CMO' is clicked on

2018-06-09 21:00:07 - [TEST_STEP][PASSED] - setText: Text 'guru' is set on object 'Object Repository/lab/Page_CMO login/input_txtusername'

2018-06-09 21:00:07 - [MESSAGE][PASSED] - Text 'guru' is set on object 'Object Repository/lab/Page_CMO login/input_txtusername'

2018-06-09 21:00:07 - [TEST_STEP][PASSED] - setText: Text '123' is set on object 'Object Repository/lab/Page_CMO login/input_txtpassword'

2018-06-09 21:00:07 - [MESSAGE][PASSED] - Text '123' is set on object 'Object Repository/lab/Page_CMO login/input_txtpassword'

2018-06-09 21:00:07 - [TEST_STEP][PASSED] - delay: Delayed 3 second(s)

2018-06-09 21:00:10 - [MESSAGE][PASSED] - Delayed 3 second(s)

2018-06-09 21:00:10 - [TEST_STEP][PASSED] - click: Object: 'Object Repository/lab/Page_CMO login/button_Sign in' is clicked on

2018-06-09 21:00:11 - [MESSAGE][PASSED] - Object: 'Object Repository/lab/Page_CMO login/button_Sign in' is clicked on

2018-06-09 21:00:11 - [TEST_STEP][PASSED] - click: Object: 'Object Repository/lab/Page_KDMC - CMO/span_Department Wise Request' is clicked on

2018-06-09 21:00:13 - [MESSAGE][PASSED] - Object: 'Object Repository/lab/Page_KDMC - CMO/span_Department Wise Request' is clicked on

2018-06-09 21:00:13 - [TEST_STEP][PASSED] - selectOptionByIndex: All options with index in [4] are selected on object 'Object Repository/lab/Page_KDMC - CMO/select_--ALL--'

2018-06-09 21:00:13 - [MESSAGE][PASSED] - All options with index in [4] are selected on object 'Object Repository/lab/Page_KDMC - CMO/select_--ALL--'

2018-06-09 21:00:13 - [TEST_STEP][PASSED] - selectOptionByIndex: All options with index in [1] are selected on object 'Object Repository/lab/Page_KDMC - CMO/select_--ALL--                _1'

2018-06-09 21:00:14 - [MESSAGE][PASSED] - All options with index in [1] are selected on object 'Object Repository/lab/Page_KDMC - CMO/select_--ALL--                _1'

2018-06-09 21:00:14 - [TEST_STEP][PASSED] - click: Object: 'Object Repository/lab/Page_KDMC - CMO/input_btnsearch' is clicked on

2018-06-09 21:00:14 - [MESSAGE][PASSED] - Object: 'Object Repository/lab/Page_KDMC - CMO/input_btnsearch' is clicked on

2018-06-09 21:00:14 - [TEST_STEP][PASSED] - Statement - ID = com.kms.katalon.core.webui.keyword.WebUiBuiltInKeywords.modifyObjectProperty(com.kms.katalon.core.testobject.ObjectRepository.findTestObject(lab/Page_KDMC - CMO/input_1), "xpath", "equals", "//*[@id=" + RID + "]", true): Modify property of object successfully

2018-06-09 21:00:14 - [MESSAGE][PASSED] - Modify property of object successfully

2018-06-09 21:00:14 - [TEST_STEP][PASSED] - click: Object: 'Object Repository/lab/Page_KDMC - CMO/input_1' is clicked on

2018-06-09 21:00:14 - [MESSAGE][PASSED] - Object: 'Object Repository/lab/Page_KDMC - CMO/input_1' is clicked on

2018-06-09 21:00:14 - [TEST_STEP][PASSED] - delay: Delayed 2 second(s)

2018-06-09 21:00:16 - [MESSAGE][PASSED] - Delayed 2 second(s)

2018-06-09 21:00:16 - [TEST_STEP][PASSED] - selectOptionByIndex: All options with index in [1] are selected on object 'Object Repository/lab/Page_KDMC - CMO/select_--Select--'

2018-06-09 21:00:17 - [MESSAGE][PASSED] - All options with index in [1] are selected on object 'Object Repository/lab/Page_KDMC - CMO/select_--Select--'

2018-06-09 21:00:17 - [TEST_STEP][PASSED] - click: Object: 'Object Repository/lab/Page_KDMC - CMO/input_btnupdate' is clicked on

2018-06-09 21:00:17 - [MESSAGE][PASSED] - Object: 'Object Repository/lab/Page_KDMC - CMO/input_btnupdate' is clicked on

2018-06-09 21:00:17 - [TEST_STEP][PASSED] - delay: Delayed 2 second(s)

2018-06-09 21:00:19 - [MESSAGE][PASSED] - Delayed 2 second(s)

2018-06-09 21:00:19 - [TEST_STEP][PASSED] - click: Object: 'Object Repository/lab/Page_KDMC - CMO/button_OK' is clicked on

2018-06-09 21:00:19 - [MESSAGE][PASSED] - Object: 'Object Repository/lab/Page_KDMC - CMO/button_OK' is clicked on

2018-06-09 21:00:19 - [TEST_STEP][PASSED] - delay: Delayed 3 second(s)

2018-06-09 21:00:22 - [MESSAGE][PASSED] - Delayed 3 second(s)

2018-06-09 21:00:22 - [TEST_STEP][PASSED] - click: Object: 'Object Repository/lab/Page_KDMC - CMO/a_dropdown-toggle' is clicked on

2018-06-09 21:00:22 - [MESSAGE][PASSED] - Object: 'Object Repository/lab/Page_KDMC - CMO/a_dropdown-toggle' is clicked on

2018-06-09 21:00:22 - [TEST_STEP][PASSED] - click: Object: 'Object Repository/lab/Page_KDMC - CMO/a_Sign out' is clicked on

2018-06-09 21:00:23 - [MESSAGE][PASSED] - Object: 'Object Repository/lab/Page_KDMC - CMO/a_Sign out' is clicked on

2018-06-09 21:00:23 - [TEST_STEP][PASSED] - delay: Delayed 3 second(s)

2018-06-09 21:00:26 - [MESSAGE][PASSED] - Delayed 3 second(s)

2018-06-09 21:00:26 - [TEST_STEP][PASSED] - click: Object: 'Object Repository/lab/Page_KDMC/a_Divisional Store' is clicked on

2018-06-09 21:00:27 - [MESSAGE][PASSED] - Object: 'Object Repository/lab/Page_KDMC/a_Divisional Store' is clicked on

2018-06-09 21:00:27 - [TEST_STEP][PASSED] - setText: Text 'ragu' is set on object 'Object Repository/lab/Page_Divisonal Store Login/input_txtusername'

2018-06-09 21:00:27 - [MESSAGE][PASSED] - Text 'ragu' is set on object 'Object Repository/lab/Page_Divisonal Store Login/input_txtusername'

2018-06-09 21:00:27 - [TEST_STEP][PASSED] - setText: Text '123' is set on object 'Object Repository/lab/Page_Divisonal Store Login/input_txtpassword'

2018-06-09 21:00:27 - [MESSAGE][PASSED] - Text '123' is set on object 'Object Repository/lab/Page_Divisonal Store Login/input_txtpassword'

2018-06-09 21:00:27 - [TEST_STEP][PASSED] - delay: Delayed 3 second(s)

2018-06-09 21:00:30 - [MESSAGE][PASSED] - Delayed 3 second(s)

2018-06-09 21:00:30 - [TEST_STEP][PASSED] - click: Object: 'Object Repository/lab/Page_Divisonal Store Login/button_Sign in' is clicked on

2018-06-09 21:00:32 - [MESSAGE][PASSED] - Object: 'Object Repository/lab/Page_Divisonal Store Login/button_Sign in' is clicked on

2018-06-09 21:00:32 - [TEST_STEP][PASSED] - delay: Delayed 3 second(s)

2018-06-09 21:00:35 - [MESSAGE][PASSED] - Delayed 3 second(s)

2018-06-09 21:00:35 - [TEST_STEP][PASSED] - click: Object: 'Object Repository/lab/Page_Store/a_Lab Request' is clicked on

2018-06-09 21:00:35 - [MESSAGE][PASSED] - Object: 'Object Repository/lab/Page_Store/a_Lab Request' is clicked on

2018-06-09 21:00:35 - [TEST_STEP][PASSED] - click: Object: 'Object Repository/lab/Page_Store/a_Request Item Lab' is clicked on

2018-06-09 21:00:36 - [MESSAGE][PASSED] - Object: 'Object Repository/lab/Page_Store/a_Request Item Lab' is clicked on

2018-06-09 21:00:36 - [TEST_STEP][PASSED] - Statement - ChooseRequest = com.kms.katalon.core.webui.keyword.WebUiBuiltInKeywords.modifyObjectProperty(com.kms.katalon.core.testobject.ObjectRepository.findTestObject(lab/Page_Store/input_1), "xpath", "equals", "//*[@id=" + RID + "]", true): Modify property of object successfully

2018-06-09 21:00:36 - [MESSAGE][PASSED] - Modify property of object successfully

2018-06-09 21:00:36 - [TEST_STEP][PASSED] - click: Object: 'Object Repository/lab/Page_Store/input_1' is clicked on

2018-06-09 21:00:37 - [MESSAGE][PASSED] - Object: 'Object Repository/lab/Page_Store/input_1' is clicked on

2018-06-09 21:00:37 - [TEST_STEP][PASSED] - delay: Delayed 2 second(s)

2018-06-09 21:00:39 - [MESSAGE][PASSED] - Delayed 2 second(s)

2018-06-09 21:00:39 - [TEST_STEP][PASSED] - Statement - selectedoptions = com.kms.katalon.core.webui.keyword.WebUiBuiltInKeywords.getNumberOfTotalOption(com.kms.katalon.core.testobject.ObjectRepository.findTestObject(lab/Page_Store/select_--Select--E.C.G. Jelly)): 16 options of object 'Object Repository/lab/Page_Store/select_--Select--E.C.G. Jelly' counted

2018-06-09 21:00:39 - [MESSAGE][PASSED] - 16 options of object 'Object Repository/lab/Page_Store/select_--Select--E.C.G. Jelly' counted

2018-06-09 21:00:39 - [TEST_STEP][PASSED] - Statement - For ([a = 1, a < selectedoptions, (a++)]): null

2018-06-09 21:00:39 - [TEST_STEP][PASSED] - selectOptionByIndex: All options with index in [1] are selected on object 'Object Repository/lab/Page_Store/select_--Select--E.C.G. Jelly'

2018-06-09 21:00:39 - [MESSAGE][PASSED] - All options with index in [1] are selected on object 'Object Repository/lab/Page_Store/select_--Select--E.C.G. Jelly'

2018-06-09 21:00:39 - [TEST_STEP][PASSED] - delay: Delayed 2 second(s)

2018-06-09 21:00:41 - [MESSAGE][PASSED] - Delayed 2 second(s)

2018-06-09 21:00:41 - [TEST_STEP][PASSED] - Statement - RequestedQty = com.kms.katalon.core.webui.keyword.WebUiBuiltInKeywords.getAttribute(com.kms.katalon.core.testobject.ObjectRepository.findTestObject(lab/Page_Store/input_txttotal), "value"): Attribute 'value' of object 'Object Repository/lab/Page_Store/input_txttotal' is: '10'

2018-06-09 21:00:41 - [MESSAGE][PASSED] - Attribute 'value' of object 'Object Repository/lab/Page_Store/input_txttotal' is: '10'

2018-06-09 21:00:41 - [TEST_STEP][PASSED] - Statement - out.println("Requested QTY : " + RequestedQty): null

2018-06-09 21:00:41 - [TEST_STEP][PASSED] - Statement - BatchNumber = com.kms.katalon.core.webui.keyword.WebUiBuiltInKeywords.getNumberOfTotalOption(com.kms.katalon.core.testobject.ObjectRepository.findTestObject(lab/Page_Store/select_--Select--BA50)): 6 options of object 'Object Repository/lab/Page_Store/select_--Select--BA50' counted

2018-06-09 21:00:41 - [MESSAGE][PASSED] - 6 options of object 'Object Repository/lab/Page_Store/select_--Select--BA50' counted

2018-06-09 21:00:41 - [TEST_STEP][PASSED] - Statement - For ([g = 1, g < BatchNumber, (g++)]): null

2018-06-09 21:00:41 - [TEST_STEP][PASSED] - selectOptionByIndex: All options with index in [1] are selected on object 'Object Repository/lab/Page_Store/select_--Select--BA50'

2018-06-09 21:00:41 - [MESSAGE][PASSED] - All options with index in [1] are selected on object 'Object Repository/lab/Page_Store/select_--Select--BA50'

2018-06-09 21:00:41 - [TEST_STEP][PASSED] - delay: Delayed 2 second(s)

2018-06-09 21:00:43 - [MESSAGE][PASSED] - Delayed 2 second(s)

2018-06-09 21:00:43 - [TEST_STEP][PASSED] - Statement - StockQty = com.kms.katalon.core.webui.keyword.WebUiBuiltInKeywords.getAttribute(com.kms.katalon.core.testobject.ObjectRepository.findTestObject(lab/Page_Store/input_txtprice), "value"): Attribute 'value' of object 'Object Repository/lab/Page_Store/input_txtprice' is: '580'

2018-06-09 21:00:43 - [MESSAGE][PASSED] - Attribute 'value' of object 'Object Repository/lab/Page_Store/input_txtprice' is: '580'

2018-06-09 21:00:43 - [TEST_STEP][PASSED] - Statement - out.println("Stock QTY : " + StockQty): null

2018-06-09 21:00:43 - [TEST_STEP][PASSED] - delay: Delayed 1 second(s)

2018-06-09 21:00:44 - [MESSAGE][PASSED] - Delayed 1 second(s)

2018-06-09 21:00:44 - [TEST_STEP][PASSED] - Statement - If (java.lang.Integer.valueOf(StockQty) >= java.lang.Integer.valueOf(RequestedQty)): null

2018-06-09 21:00:44 - [TEST_STEP][PASSED] - setText: Text '10' is set on object 'Object Repository/lab/Page_Store/input_txtqty'

2018-06-09 21:00:44 - [MESSAGE][PASSED] - Text '10' is set on object 'Object Repository/lab/Page_Store/input_txtqty'

2018-06-09 21:00:44 - [TEST_STEP][PASSED] - click: Object: 'Object Repository/lab/Page_Store/button_Add' is clicked on

2018-06-09 21:00:45 - [MESSAGE][PASSED] - Object: 'Object Repository/lab/Page_Store/button_Add' is clicked on

2018-06-09 21:00:45 - [TEST_STEP][PASSED] - Statement - Break: null

2018-06-09 21:00:45 - [TEST_STEP][PASSED] - selectOptionByIndex: All options with index in [2] are selected on object 'Object Repository/lab/Page_Store/select_--Select--E.C.G. Jelly'

2018-06-09 21:00:45 - [MESSAGE][PASSED] - All options with index in [2] are selected on object 'Object Repository/lab/Page_Store/select_--Select--E.C.G. Jelly'

2018-06-09 21:00:45 - [TEST_STEP][PASSED] - delay: Delayed 2 second(s)

2018-06-09 21:00:47 - [MESSAGE][PASSED] - Delayed 2 second(s)

2018-06-09 21:00:47 - [TEST_STEP][PASSED] - Statement - RequestedQty = com.kms.katalon.core.webui.keyword.WebUiBuiltInKeywords.getAttribute(com.kms.katalon.core.testobject.ObjectRepository.findTestObject(lab/Page_Store/input_txttotal), "value"): Attribute 'value' of object 'Object Repository/lab/Page_Store/input_txttotal' is: '10'

2018-06-09 21:00:47 - [MESSAGE][PASSED] - Attribute 'value' of object 'Object Repository/lab/Page_Store/input_txttotal' is: '10'

2018-06-09 21:00:47 - [TEST_STEP][PASSED] - Statement - out.println("Requested QTY : " + RequestedQty): null

2018-06-09 21:00:47 - [TEST_STEP][PASSED] - Statement - BatchNumber = com.kms.katalon.core.webui.keyword.WebUiBuiltInKeywords.getNumberOfTotalOption(com.kms.katalon.core.testobject.ObjectRepository.findTestObject(lab/Page_Store/select_--Select--BA50)): 5 options of object 'Object Repository/lab/Page_Store/select_--Select--BA50' counted

2018-06-09 21:00:47 - [MESSAGE][PASSED] - 5 options of object 'Object Repository/lab/Page_Store/select_--Select--BA50' counted

2018-06-09 21:00:47 - [TEST_STEP][PASSED] - Statement - For ([g = 1, g < BatchNumber, (g++)]): null

2018-06-09 21:00:47 - [TEST_STEP][PASSED] - selectOptionByIndex: All options with index in [1] are selected on object 'Object Repository/lab/Page_Store/select_--Select--BA50'

2018-06-09 21:00:47 - [MESSAGE][PASSED] - All options with index in [1] are selected on object 'Object Repository/lab/Page_Store/select_--Select--BA50'

2018-06-09 21:00:47 - [TEST_STEP][PASSED] - delay: Delayed 2 second(s)

2018-06-09 21:00:49 - [MESSAGE][PASSED] - Delayed 2 second(s)

2018-06-09 21:00:49 - [TEST_STEP][PASSED] - Statement - StockQty = com.kms.katalon.core.webui.keyword.WebUiBuiltInKeywords.getAttribute(com.kms.katalon.core.testobject.ObjectRepository.findTestObject(lab/Page_Store/input_txtprice), "value"): Attribute 'value' of object 'Object Repository/lab/Page_Store/input_txtprice' is: '230'

2018-06-09 21:00:49 - [MESSAGE][PASSED] - Attribute 'value' of object 'Object Repository/lab/Page_Store/input_txtprice' is: '230'

2018-06-09 21:00:49 - [TEST_STEP][PASSED] - Statement - out.println("Stock QTY : " + StockQty): null

2018-06-09 21:00:49 - [TEST_STEP][PASSED] - delay: Delayed 1 second(s)

2018-06-09 21:00:50 - [MESSAGE][PASSED] - Delayed 1 second(s)

2018-06-09 21:00:50 - [TEST_STEP][PASSED] - Statement - If (java.lang.Integer.valueOf(StockQty) >= java.lang.Integer.valueOf(RequestedQty)): null

2018-06-09 21:00:50 - [TEST_STEP][PASSED] - setText: Text '10' is set on object 'Object Repository/lab/Page_Store/input_txtqty'

2018-06-09 21:00:50 - [MESSAGE][PASSED] - Text '10' is set on object 'Object Repository/lab/Page_Store/input_txtqty'

2018-06-09 21:00:50 - [TEST_STEP][PASSED] - click: Object: 'Object Repository/lab/Page_Store/button_Add' is clicked on

2018-06-09 21:00:50 - [MESSAGE][PASSED] - Object: 'Object Repository/lab/Page_Store/button_Add' is clicked on

2018-06-09 21:00:50 - [TEST_STEP][PASSED] - Statement - Break: null

2018-06-09 21:00:50 - [TEST_STEP][PASSED] - selectOptionByIndex: All options with index in [3] are selected on object 'Object Repository/lab/Page_Store/select_--Select--E.C.G. Jelly'

2018-06-09 21:00:50 - [MESSAGE][PASSED] - All options with index in [3] are selected on object 'Object Repository/lab/Page_Store/select_--Select--E.C.G. Jelly'

2018-06-09 21:00:50 - [TEST_STEP][PASSED] - delay: Delayed 2 second(s)

2018-06-09 21:00:52 - [MESSAGE][PASSED] - Delayed 2 second(s)

2018-06-09 21:00:52 - [TEST_STEP][PASSED] - Statement - RequestedQty = com.kms.katalon.core.webui.keyword.WebUiBuiltInKeywords.getAttribute(com.kms.katalon.core.testobject.ObjectRepository.findTestObject(lab/Page_Store/input_txttotal), "value"): Attribute 'value' of object 'Object Repository/lab/Page_Store/input_txttotal' is: '10'

2018-06-09 21:00:52 - [MESSAGE][PASSED] - Attribute 'value' of object 'Object Repository/lab/Page_Store/input_txttotal' is: '10'

2018-06-09 21:00:52 - [TEST_STEP][PASSED] - Statement - out.println("Requested QTY : " + RequestedQty): null

2018-06-09 21:00:52 - [TEST_STEP][PASSED] - Statement - BatchNumber = com.kms.katalon.core.webui.keyword.WebUiBuiltInKeywords.getNumberOfTotalOption(com.kms.katalon.core.testobject.ObjectRepository.findTestObject(lab/Page_Store/select_--Select--BA50)): 5 options of object 'Object Repository/lab/Page_Store/select_--Select--BA50' counted

2018-06-09 21:00:52 - [MESSAGE][PASSED] - 5 options of object 'Object Repository/lab/Page_Store/select_--Select--BA50' counted

2018-06-09 21:00:52 - [TEST_STEP][PASSED] - Statement - For ([g = 1, g < BatchNumber, (g++)]): null

2018-06-09 21:00:52 - [TEST_STEP][PASSED] - selectOptionByIndex: All options with index in [1] are selected on object 'Object Repository/lab/Page_Store/select_--Select--BA50'

2018-06-09 21:00:53 - [MESSAGE][PASSED] - All options with index in [1] are selected on object 'Object Repository/lab/Page_Store/select_--Select--BA50'

2018-06-09 21:00:53 - [TEST_STEP][PASSED] - delay: Delayed 2 second(s)

2018-06-09 21:00:55 - [MESSAGE][PASSED] - Delayed 2 second(s)

2018-06-09 21:00:55 - [TEST_STEP][PASSED] - Statement - StockQty = com.kms.katalon.core.webui.keyword.WebUiBuiltInKeywords.getAttribute(com.kms.katalon.core.testobject.ObjectRepository.findTestObject(lab/Page_Store/input_txtprice), "value"): Attribute 'value' of object 'Object Repository/lab/Page_Store/input_txtprice' is: '580'

2018-06-09 21:00:55 - [MESSAGE][PASSED] - Attribute 'value' of object 'Object Repository/lab/Page_Store/input_txtprice' is: '580'

2018-06-09 21:00:55 - [TEST_STEP][PASSED] - Statement - out.println("Stock QTY : " + StockQty): null

2018-06-09 21:00:55 - [TEST_STEP][PASSED] - delay: Delayed 1 second(s)

2018-06-09 21:00:56 - [MESSAGE][PASSED] - Delayed 1 second(s)

2018-06-09 21:00:56 - [TEST_STEP][PASSED] - Statement - If (java.lang.Integer.valueOf(StockQty) >= java.lang.Integer.valueOf(RequestedQty)): null

2018-06-09 21:00:56 - [TEST_STEP][PASSED] - setText: Text '10' is set on object 'Object Repository/lab/Page_Store/input_txtqty'

2018-06-09 21:00:56 - [MESSAGE][PASSED] - Text '10' is set on object 'Object Repository/lab/Page_Store/input_txtqty'

2018-06-09 21:00:56 - [TEST_STEP][PASSED] - click: Object: 'Object Repository/lab/Page_Store/button_Add' is clicked on

2018-06-09 21:00:56 - [MESSAGE][PASSED] - Object: 'Object Repository/lab/Page_Store/button_Add' is clicked on

2018-06-09 21:00:56 - [TEST_STEP][PASSED] - Statement - Break: null

2018-06-09 21:00:56 - [TEST_STEP][PASSED] - selectOptionByIndex: All options with index in [4] are selected on object 'Object Repository/lab/Page_Store/select_--Select--E.C.G. Jelly'

2018-06-09 21:00:56 - [MESSAGE][PASSED] - All options with index in [4] are selected on object 'Object Repository/lab/Page_Store/select_--Select--E.C.G. Jelly'

2018-06-09 21:00:56 - [TEST_STEP][PASSED] - delay: Delayed 2 second(s)

2018-06-09 21:00:58 - [MESSAGE][PASSED] - Delayed 2 second(s)

2018-06-09 21:00:58 - [TEST_STEP][PASSED] - Statement - RequestedQty = com.kms.katalon.core.webui.keyword.WebUiBuiltInKeywords.getAttribute(com.kms.katalon.core.testobject.ObjectRepository.findTestObject(lab/Page_Store/input_txttotal), "value"): Attribute 'value' of object 'Object Repository/lab/Page_Store/input_txttotal' is: '10'

2018-06-09 21:00:58 - [MESSAGE][PASSED] - Attribute 'value' of object 'Object Repository/lab/Page_Store/input_txttotal' is: '10'

2018-06-09 21:00:58 - [TEST_STEP][PASSED] - Statement - out.println("Requested QTY : " + RequestedQty): null

2018-06-09 21:00:58 - [TEST_STEP][PASSED] - Statement - BatchNumber = com.kms.katalon.core.webui.keyword.WebUiBuiltInKeywords.getNumberOfTotalOption(com.kms.katalon.core.testobject.ObjectRepository.findTestObject(lab/Page_Store/select_--Select--BA50)): 5 options of object 'Object Repository/lab/Page_Store/select_--Select--BA50' counted

2018-06-09 21:00:58 - [MESSAGE][PASSED] - 5 options of object 'Object Repository/lab/Page_Store/select_--Select--BA50' counted

2018-06-09 21:00:58 - [TEST_STEP][PASSED] - Statement - For ([g = 1, g < BatchNumber, (g++)]): null

2018-06-09 21:00:58 - [TEST_STEP][PASSED] - selectOptionByIndex: All options with index in [1] are selected on object 'Object Repository/lab/Page_Store/select_--Select--BA50'

2018-06-09 21:00:58 - [MESSAGE][PASSED] - All options with index in [1] are selected on object 'Object Repository/lab/Page_Store/select_--Select--BA50'

2018-06-09 21:00:58 - [TEST_STEP][PASSED] - delay: Delayed 2 second(s)

2018-06-09 21:01:00 - [MESSAGE][PASSED] - Delayed 2 second(s)

2018-06-09 21:01:00 - [TEST_STEP][PASSED] - Statement - StockQty = com.kms.katalon.core.webui.keyword.WebUiBuiltInKeywords.getAttribute(com.kms.katalon.core.testobject.ObjectRepository.findTestObject(lab/Page_Store/input_txtprice), "value"): Attribute 'value' of object 'Object Repository/lab/Page_Store/input_txtprice' is: '220'

2018-06-09 21:01:00 - [MESSAGE][PASSED] - Attribute 'value' of object 'Object Repository/lab/Page_Store/input_txtprice' is: '220'

2018-06-09 21:01:00 - [TEST_STEP][PASSED] - Statement - out.println("Stock QTY : " + StockQty): null

2018-06-09 21:01:00 - [TEST_STEP][PASSED] - delay: Delayed 1 second(s)

2018-06-09 21:01:01 - [MESSAGE][PASSED] - Delayed 1 second(s)

2018-06-09 21:01:01 - [TEST_STEP][PASSED] - Statement - If (java.lang.Integer.valueOf(StockQty) >= java.lang.Integer.valueOf(RequestedQty)): null

2018-06-09 21:01:01 - [TEST_STEP][PASSED] - setText: Text '10' is set on object 'Object Repository/lab/Page_Store/input_txtqty'

2018-06-09 21:01:01 - [MESSAGE][PASSED] - Text '10' is set on object 'Object Repository/lab/Page_Store/input_txtqty'

2018-06-09 21:01:01 - [TEST_STEP][PASSED] - click: Object: 'Object Repository/lab/Page_Store/button_Add' is clicked on

2018-06-09 21:01:01 - [MESSAGE][PASSED] - Object: 'Object Repository/lab/Page_Store/button_Add' is clicked on

2018-06-09 21:01:01 - [TEST_STEP][PASSED] - Statement - Break: null

2018-06-09 21:01:01 - [TEST_STEP][PASSED] - selectOptionByIndex: All options with index in [5] are selected on object 'Object Repository/lab/Page_Store/select_--Select--E.C.G. Jelly'

2018-06-09 21:01:01 - [MESSAGE][PASSED] - All options with index in [5] are selected on object 'Object Repository/lab/Page_Store/select_--Select--E.C.G. Jelly'

2018-06-09 21:01:01 - [TEST_STEP][PASSED] - delay: Delayed 2 second(s)

2018-06-09 21:01:03 - [MESSAGE][PASSED] - Delayed 2 second(s)

2018-06-09 21:01:03 - [TEST_STEP][PASSED] - Statement - RequestedQty = com.kms.katalon.core.webui.keyword.WebUiBuiltInKeywords.getAttribute(com.kms.katalon.core.testobject.ObjectRepository.findTestObject(lab/Page_Store/input_txttotal), "value"): Attribute 'value' of object 'Object Repository/lab/Page_Store/input_txttotal' is: '10'

2018-06-09 21:01:03 - [MESSAGE][PASSED] - Attribute 'value' of object 'Object Repository/lab/Page_Store/input_txttotal' is: '10'

2018-06-09 21:01:03 - [TEST_STEP][PASSED] - Statement - out.println("Requested QTY : " + RequestedQty): null

2018-06-09 21:01:03 - [TEST_STEP][PASSED] - Statement - BatchNumber = com.kms.katalon.core.webui.keyword.WebUiBuiltInKeywords.getNumberOfTotalOption(com.kms.katalon.core.testobject.ObjectRepository.findTestObject(lab/Page_Store/select_--Select--BA50)): 2 options of object 'Object Repository/lab/Page_Store/select_--Select--BA50' counted

2018-06-09 21:01:04 - [MESSAGE][PASSED] - 2 options of object 'Object Repository/lab/Page_Store/select_--Select--BA50' counted

2018-06-09 21:01:04 - [TEST_STEP][PASSED] - Statement - For ([g = 1, g < BatchNumber, (g++)]): null

2018-06-09 21:01:04 - [TEST_STEP][PASSED] - selectOptionByIndex: All options with index in [1] are selected on object 'Object Repository/lab/Page_Store/select_--Select--BA50'

2018-06-09 21:01:04 - [MESSAGE][PASSED] - All options with index in [1] are selected on object 'Object Repository/lab/Page_Store/select_--Select--BA50'

2018-06-09 21:01:04 - [TEST_STEP][PASSED] - delay: Delayed 2 second(s)

2018-06-09 21:01:06 - [MESSAGE][PASSED] - Delayed 2 second(s)

2018-06-09 21:01:06 - [TEST_STEP][PASSED] - Statement - StockQty = com.kms.katalon.core.webui.keyword.WebUiBuiltInKeywords.getAttribute(com.kms.katalon.core.testobject.ObjectRepository.findTestObject(lab/Page_Store/input_txtprice), "value"): Attribute 'value' of object 'Object Repository/lab/Page_Store/input_txtprice' is: '1800'

2018-06-09 21:01:06 - [MESSAGE][PASSED] - Attribute 'value' of object 'Object Repository/lab/Page_Store/input_txtprice' is: '1800'

2018-06-09 21:01:06 - [TEST_STEP][PASSED] - Statement - out.println("Stock QTY : " + StockQty): null

2018-06-09 21:01:06 - [TEST_STEP][PASSED] - delay: Delayed 1 second(s)

2018-06-09 21:01:07 - [MESSAGE][PASSED] - Delayed 1 second(s)

2018-06-09 21:01:07 - [TEST_STEP][PASSED] - Statement - If (java.lang.Integer.valueOf(StockQty) >= java.lang.Integer.valueOf(RequestedQty)): null

2018-06-09 21:01:07 - [TEST_STEP][PASSED] - setText: Text '10' is set on object 'Object Repository/lab/Page_Store/input_txtqty'

2018-06-09 21:01:07 - [MESSAGE][PASSED] - Text '10' is set on object 'Object Repository/lab/Page_Store/input_txtqty'

2018-06-09 21:01:07 - [TEST_STEP][PASSED] - click: Object: 'Object Repository/lab/Page_Store/button_Add' is clicked on

2018-06-09 21:01:07 - [MESSAGE][PASSED] - Object: 'Object Repository/lab/Page_Store/button_Add' is clicked on

2018-06-09 21:01:07 - [TEST_STEP][PASSED] - Statement - Break: null

2018-06-09 21:01:07 - [TEST_STEP][PASSED] - selectOptionByIndex: All options with index in [6] are selected on object 'Object Repository/lab/Page_Store/select_--Select--E.C.G. Jelly'

2018-06-09 21:01:07 - [MESSAGE][PASSED] - All options with index in [6] are selected on object 'Object Repository/lab/Page_Store/select_--Select--E.C.G. Jelly'

2018-06-09 21:01:07 - [TEST_STEP][PASSED] - delay: Delayed 2 second(s)

2018-06-09 21:01:09 - [MESSAGE][PASSED] - Delayed 2 second(s)

2018-06-09 21:01:09 - [TEST_STEP][PASSED] - Statement - RequestedQty = com.kms.katalon.core.webui.keyword.WebUiBuiltInKeywords.getAttribute(com.kms.katalon.core.testobject.ObjectRepository.findTestObject(lab/Page_Store/input_txttotal), "value"): Attribute 'value' of object 'Object Repository/lab/Page_Store/input_txttotal' is: '10'

2018-06-09 21:01:09 - [MESSAGE][PASSED] - Attribute 'value' of object 'Object Repository/lab/Page_Store/input_txttotal' is: '10'

2018-06-09 21:01:09 - [TEST_STEP][PASSED] - Statement - out.println("Requested QTY : " + RequestedQty): null

2018-06-09 21:01:09 - [TEST_STEP][PASSED] - Statement - BatchNumber = com.kms.katalon.core.webui.keyword.WebUiBuiltInKeywords.getNumberOfTotalOption(com.kms.katalon.core.testobject.ObjectRepository.findTestObject(lab/Page_Store/select_--Select--BA50)): 3 options of object 'Object Repository/lab/Page_Store/select_--Select--BA50' counted

2018-06-09 21:01:09 - [MESSAGE][PASSED] - 3 options of object 'Object Repository/lab/Page_Store/select_--Select--BA50' counted

2018-06-09 21:01:09 - [TEST_STEP][PASSED] - Statement - For ([g = 1, g < BatchNumber, (g++)]): null

2018-06-09 21:01:09 - [TEST_STEP][PASSED] - selectOptionByIndex: All options with index in [1] are selected on object 'Object Repository/lab/Page_Store/select_--Select--BA50'

2018-06-09 21:01:09 - [MESSAGE][PASSED] - All options with index in [1] are selected on object 'Object Repository/lab/Page_Store/select_--Select--BA50'

2018-06-09 21:01:09 - [TEST_STEP][PASSED] - delay: Delayed 2 second(s)

2018-06-09 21:01:11 - [MESSAGE][PASSED] - Delayed 2 second(s)

2018-06-09 21:01:11 - [TEST_STEP][PASSED] - Statement - StockQty = com.kms.katalon.core.webui.keyword.WebUiBuiltInKeywords.getAttribute(com.kms.katalon.core.testobject.ObjectRepository.findTestObject(lab/Page_Store/input_txtprice), "value"): Attribute 'value' of object 'Object Repository/lab/Page_Store/input_txtprice' is: '1620'

2018-06-09 21:01:11 - [MESSAGE][PASSED] - Attribute 'value' of object 'Object Repository/lab/Page_Store/input_txtprice' is: '1620'

2018-06-09 21:01:11 - [TEST_STEP][PASSED] - Statement - out.println("Stock QTY : " + StockQty): null

2018-06-09 21:01:11 - [TEST_STEP][PASSED] - delay: Delayed 1 second(s)

2018-06-09 21:01:12 - [MESSAGE][PASSED] - Delayed 1 second(s)

2018-06-09 21:01:12 - [TEST_STEP][PASSED] - Statement - If (java.lang.Integer.valueOf(StockQty) >= java.lang.Integer.valueOf(RequestedQty)): null

2018-06-09 21:01:12 - [TEST_STEP][PASSED] - setText: Text '10' is set on object 'Object Repository/lab/Page_Store/input_txtqty'

2018-06-09 21:01:12 - [MESSAGE][PASSED] - Text '10' is set on object 'Object Repository/lab/Page_Store/input_txtqty'

2018-06-09 21:01:12 - [TEST_STEP][PASSED] - click: Object: 'Object Repository/lab/Page_Store/button_Add' is clicked on

2018-06-09 21:01:12 - [MESSAGE][PASSED] - Object: 'Object Repository/lab/Page_Store/button_Add' is clicked on

2018-06-09 21:01:12 - [TEST_STEP][PASSED] - Statement - Break: null

2018-06-09 21:01:12 - [TEST_STEP][PASSED] - selectOptionByIndex: All options with index in [7] are selected on object 'Object Repository/lab/Page_Store/select_--Select--E.C.G. Jelly'

2018-06-09 21:01:13 - [MESSAGE][PASSED] - All options with index in [7] are selected on object 'Object Repository/lab/Page_Store/select_--Select--E.C.G. Jelly'

2018-06-09 21:01:13 - [TEST_STEP][PASSED] - delay: Delayed 2 second(s)

2018-06-09 21:01:15 - [MESSAGE][PASSED] - Delayed 2 second(s)

2018-06-09 21:01:15 - [TEST_STEP][PASSED] - Statement - RequestedQty = com.kms.katalon.core.webui.keyword.WebUiBuiltInKeywords.getAttribute(com.kms.katalon.core.testobject.ObjectRepository.findTestObject(lab/Page_Store/input_txttotal), "value"): Attribute 'value' of object 'Object Repository/lab/Page_Store/input_txttotal' is: '10'

2018-06-09 21:01:15 - [MESSAGE][PASSED] - Attribute 'value' of object 'Object Repository/lab/Page_Store/input_txttotal' is: '10'

2018-06-09 21:01:15 - [TEST_STEP][PASSED] - Statement - out.println("Requested QTY : " + RequestedQty): null

2018-06-09 21:01:15 - [TEST_STEP][PASSED] - Statement - BatchNumber = com.kms.katalon.core.webui.keyword.WebUiBuiltInKeywords.getNumberOfTotalOption(com.kms.katalon.core.testobject.ObjectRepository.findTestObject(lab/Page_Store/select_--Select--BA50)): 3 options of object 'Object Repository/lab/Page_Store/select_--Select--BA50' counted

2018-06-09 21:01:15 - [MESSAGE][PASSED] - 3 options of object 'Object Repository/lab/Page_Store/select_--Select--BA50' counted

2018-06-09 21:01:15 - [TEST_STEP][PASSED] - Statement - For ([g = 1, g < BatchNumber, (g++)]): null

2018-06-09 21:01:15 - [TEST_STEP][PASSED] - selectOptionByIndex: All options with index in [1] are selected on object 'Object Repository/lab/Page_Store/select_--Select--BA50'

2018-06-09 21:01:15 - [MESSAGE][PASSED] - All options with index in [1] are selected on object 'Object Repository/lab/Page_Store/select_--Select--BA50'

2018-06-09 21:01:15 - [TEST_STEP][PASSED] - delay: Delayed 2 second(s)

2018-06-09 21:01:17 - [MESSAGE][PASSED] - Delayed 2 second(s)

2018-06-09 21:01:17 - [TEST_STEP][PASSED] - Statement - StockQty = com.kms.katalon.core.webui.keyword.WebUiBuiltInKeywords.getAttribute(com.kms.katalon.core.testobject.ObjectRepository.findTestObject(lab/Page_Store/input_txtprice), "value"): Attribute 'value' of object 'Object Repository/lab/Page_Store/input_txtprice' is: '1510'

2018-06-09 21:01:17 - [MESSAGE][PASSED] - Attribute 'value' of object 'Object Repository/lab/Page_Store/input_txtprice' is: '1510'

2018-06-09 21:01:17 - [TEST_STEP][PASSED] - Statement - out.println("Stock QTY : " + StockQty): null

2018-06-09 21:01:17 - [TEST_STEP][PASSED] - delay: Delayed 1 second(s)

2018-06-09 21:01:18 - [MESSAGE][PASSED] - Delayed 1 second(s)

2018-06-09 21:01:18 - [TEST_STEP][PASSED] - Statement - If (java.lang.Integer.valueOf(StockQty) >= java.lang.Integer.valueOf(RequestedQty)): null

2018-06-09 21:01:18 - [TEST_STEP][PASSED] - setText: Text '10' is set on object 'Object Repository/lab/Page_Store/input_txtqty'

2018-06-09 21:01:18 - [MESSAGE][PASSED] - Text '10' is set on object 'Object Repository/lab/Page_Store/input_txtqty'

2018-06-09 21:01:18 - [TEST_STEP][PASSED] - click: Object: 'Object Repository/lab/Page_Store/button_Add' is clicked on

2018-06-09 21:01:18 - [MESSAGE][PASSED] - Object: 'Object Repository/lab/Page_Store/button_Add' is clicked on

2018-06-09 21:01:18 - [TEST_STEP][PASSED] - Statement - Break: null

2018-06-09 21:01:18 - [TEST_STEP][PASSED] - selectOptionByIndex: All options with index in [8] are selected on object 'Object Repository/lab/Page_Store/select_--Select--E.C.G. Jelly'

2018-06-09 21:01:18 - [MESSAGE][PASSED] - All options with index in [8] are selected on object 'Object Repository/lab/Page_Store/select_--Select--E.C.G. Jelly'

2018-06-09 21:01:18 - [TEST_STEP][PASSED] - delay: Delayed 2 second(s)

2018-06-09 21:01:20 - [MESSAGE][PASSED] - Delayed 2 second(s)

2018-06-09 21:01:20 - [TEST_STEP][PASSED] - Statement - RequestedQty = com.kms.katalon.core.webui.keyword.WebUiBuiltInKeywords.getAttribute(com.kms.katalon.core.testobject.ObjectRepository.findTestObject(lab/Page_Store/input_txttotal), "value"): Attribute 'value' of object 'Object Repository/lab/Page_Store/input_txttotal' is: '10'

2018-06-09 21:01:20 - [MESSAGE][PASSED] - Attribute 'value' of object 'Object Repository/lab/Page_Store/input_txttotal' is: '10'

2018-06-09 21:01:20 - [TEST_STEP][PASSED] - Statement - out.println("Requested QTY : " + RequestedQty): null

2018-06-09 21:01:20 - [TEST_STEP][PASSED] - Statement - BatchNumber = com.kms.katalon.core.webui.keyword.WebUiBuiltInKeywords.getNumberOfTotalOption(com.kms.katalon.core.testobject.ObjectRepository.findTestObject(lab/Page_Store/select_--Select--BA50)): 2 options of object 'Object Repository/lab/Page_Store/select_--Select--BA50' counted

2018-06-09 21:01:20 - [MESSAGE][PASSED] - 2 options of object 'Object Repository/lab/Page_Store/select_--Select--BA50' counted

2018-06-09 21:01:20 - [TEST_STEP][PASSED] - Statement - For ([g = 1, g < BatchNumber, (g++)]): null

2018-06-09 21:01:20 - [TEST_STEP][PASSED] - selectOptionByIndex: All options with index in [1] are selected on object 'Object Repository/lab/Page_Store/select_--Select--BA50'

2018-06-09 21:01:21 - [MESSAGE][PASSED] - All options with index in [1] are selected on object 'Object Repository/lab/Page_Store/select_--Select--BA50'

2018-06-09 21:01:21 - [TEST_STEP][PASSED] - delay: Delayed 2 second(s)

2018-06-09 21:01:23 - [MESSAGE][PASSED] - Delayed 2 second(s)

2018-06-09 21:01:23 - [TEST_STEP][PASSED] - Statement - StockQty = com.kms.katalon.core.webui.keyword.WebUiBuiltInKeywords.getAttribute(com.kms.katalon.core.testobject.ObjectRepository.findTestObject(lab/Page_Store/input_txtprice), "value"): Attribute 'value' of object 'Object Repository/lab/Page_Store/input_txtprice' is: '1610'

2018-06-09 21:01:23 - [MESSAGE][PASSED] - Attribute 'value' of object 'Object Repository/lab/Page_Store/input_txtprice' is: '1610'

2018-06-09 21:01:23 - [TEST_STEP][PASSED] - Statement - out.println("Stock QTY : " + StockQty): null

2018-06-09 21:01:23 - [TEST_STEP][PASSED] - delay: Delayed 1 second(s)

2018-06-09 21:01:24 - [MESSAGE][PASSED] - Delayed 1 second(s)

2018-06-09 21:01:24 - [TEST_STEP][PASSED] - Statement - If (java.lang.Integer.valueOf(StockQty) >= java.lang.Integer.valueOf(RequestedQty)): null

2018-06-09 21:01:24 - [TEST_STEP][PASSED] - setText: Text '10' is set on object 'Object Repository/lab/Page_Store/input_txtqty'

2018-06-09 21:01:24 - [MESSAGE][PASSED] - Text '10' is set on object 'Object Repository/lab/Page_Store/input_txtqty'

2018-06-09 21:01:24 - [TEST_STEP][PASSED] - click: Object: 'Object Repository/lab/Page_Store/button_Add' is clicked on

2018-06-09 21:01:24 - [MESSAGE][PASSED] - Object: 'Object Repository/lab/Page_Store/button_Add' is clicked on

2018-06-09 21:01:24 - [TEST_STEP][PASSED] - Statement - Break: null

2018-06-09 21:01:24 - [TEST_STEP][PASSED] - selectOptionByIndex: All options with index in [9] are selected on object 'Object Repository/lab/Page_Store/select_--Select--E.C.G. Jelly'

2018-06-09 21:01:24 - [MESSAGE][PASSED] - All options with index in [9] are selected on object 'Object Repository/lab/Page_Store/select_--Select--E.C.G. Jelly'

2018-06-09 21:01:24 - [TEST_STEP][PASSED] - delay: Delayed 2 second(s)

2018-06-09 21:01:26 - [MESSAGE][PASSED] - Delayed 2 second(s)

2018-06-09 21:01:26 - [TEST_STEP][PASSED] - Statement - RequestedQty = com.kms.katalon.core.webui.keyword.WebUiBuiltInKeywords.getAttribute(com.kms.katalon.core.testobject.ObjectRepository.findTestObject(lab/Page_Store/input_txttotal), "value"): Attribute 'value' of object 'Object Repository/lab/Page_Store/input_txttotal' is: '10'

2018-06-09 21:01:26 - [MESSAGE][PASSED] - Attribute 'value' of object 'Object Repository/lab/Page_Store/input_txttotal' is: '10'

2018-06-09 21:01:26 - [TEST_STEP][PASSED] - Statement - out.println("Requested QTY : " + RequestedQty): null

2018-06-09 21:01:26 - [TEST_STEP][PASSED] - Statement - BatchNumber = com.kms.katalon.core.webui.keyword.WebUiBuiltInKeywords.getNumberOfTotalOption(com.kms.katalon.core.testobject.ObjectRepository.findTestObject(lab/Page_Store/select_--Select--BA50)): 5 options of object 'Object Repository/lab/Page_Store/select_--Select--BA50' counted

2018-06-09 21:01:26 - [MESSAGE][PASSED] - 5 options of object 'Object Repository/lab/Page_Store/select_--Select--BA50' counted

2018-06-09 21:01:26 - [TEST_STEP][PASSED] - Statement - For ([g = 1, g < BatchNumber, (g++)]): null

2018-06-09 21:01:26 - [TEST_STEP][PASSED] - selectOptionByIndex: All options with index in [1] are selected on object 'Object Repository/lab/Page_Store/select_--Select--BA50'

2018-06-09 21:01:26 - [MESSAGE][PASSED] - All options with index in [1] are selected on object 'Object Repository/lab/Page_Store/select_--Select--BA50'

2018-06-09 21:01:26 - [TEST_STEP][PASSED] - delay: Delayed 2 second(s)

2018-06-09 21:01:28 - [MESSAGE][PASSED] - Delayed 2 second(s)

2018-06-09 21:01:28 - [TEST_STEP][PASSED] - Statement - StockQty = com.kms.katalon.core.webui.keyword.WebUiBuiltInKeywords.getAttribute(com.kms.katalon.core.testobject.ObjectRepository.findTestObject(lab/Page_Store/input_txtprice), "value"): Attribute 'value' of object 'Object Repository/lab/Page_Store/input_txtprice' is: '230'

2018-06-09 21:01:28 - [MESSAGE][PASSED] - Attribute 'value' of object 'Object Repository/lab/Page_Store/input_txtprice' is: '230'

2018-06-09 21:01:28 - [TEST_STEP][PASSED] - Statement - out.println("Stock QTY : " + StockQty): null

2018-06-09 21:01:28 - [TEST_STEP][PASSED] - delay: Delayed 1 second(s)

2018-06-09 21:01:29 - [MESSAGE][PASSED] - Delayed 1 second(s)

2018-06-09 21:01:29 - [TEST_STEP][PASSED] - Statement - If (java.lang.Integer.valueOf(StockQty) >= java.lang.Integer.valueOf(RequestedQty)): null

2018-06-09 21:01:29 - [TEST_STEP][PASSED] - setText: Text '10' is set on object 'Object Repository/lab/Page_Store/input_txtqty'

2018-06-09 21:01:29 - [MESSAGE][PASSED] - Text '10' is set on object 'Object Repository/lab/Page_Store/input_txtqty'

2018-06-09 21:01:29 - [TEST_STEP][PASSED] - click: Object: 'Object Repository/lab/Page_Store/button_Add' is clicked on

2018-06-09 21:01:29 - [MESSAGE][PASSED] - Object: 'Object Repository/lab/Page_Store/button_Add' is clicked on

2018-06-09 21:01:29 - [TEST_STEP][PASSED] - Statement - Break: null

2018-06-09 21:01:29 - [TEST_STEP][PASSED] - selectOptionByIndex: All options with index in [10] are selected on object 'Object Repository/lab/Page_Store/select_--Select--E.C.G. Jelly'

2018-06-09 21:01:30 - [MESSAGE][PASSED] - All options with index in [10] are selected on object 'Object Repository/lab/Page_Store/select_--Select--E.C.G. Jelly'

2018-06-09 21:01:30 - [TEST_STEP][PASSED] - delay: Delayed 2 second(s)

2018-06-09 21:01:32 - [MESSAGE][PASSED] - Delayed 2 second(s)

2018-06-09 21:01:32 - [TEST_STEP][PASSED] - Statement - RequestedQty = com.kms.katalon.core.webui.keyword.WebUiBuiltInKeywords.getAttribute(com.kms.katalon.core.testobject.ObjectRepository.findTestObject(lab/Page_Store/input_txttotal), "value"): Attribute 'value' of object 'Object Repository/lab/Page_Store/input_txttotal' is: '10'

2018-06-09 21:01:32 - [MESSAGE][PASSED] - Attribute 'value' of object 'Object Repository/lab/Page_Store/input_txttotal' is: '10'

2018-06-09 21:01:32 - [TEST_STEP][PASSED] - Statement - out.println("Requested QTY : " + RequestedQty): null

2018-06-09 21:01:32 - [TEST_STEP][PASSED] - Statement - BatchNumber = com.kms.katalon.core.webui.keyword.WebUiBuiltInKeywords.getNumberOfTotalOption(com.kms.katalon.core.testobject.ObjectRepository.findTestObject(lab/Page_Store/select_--Select--BA50)): 4 options of object 'Object Repository/lab/Page_Store/select_--Select--BA50' counted

2018-06-09 21:01:32 - [MESSAGE][PASSED] - 4 options of object 'Object Repository/lab/Page_Store/select_--Select--BA50' counted

2018-06-09 21:01:32 - [TEST_STEP][PASSED] - Statement - For ([g = 1, g < BatchNumber, (g++)]): null

2018-06-09 21:01:32 - [TEST_STEP][PASSED] - selectOptionByIndex: All options with index in [1] are selected on object 'Object Repository/lab/Page_Store/select_--Select--BA50'

2018-06-09 21:01:32 - [MESSAGE][PASSED] - All options with index in [1] are selected on object 'Object Repository/lab/Page_Store/select_--Select--BA50'

2018-06-09 21:01:32 - [TEST_STEP][PASSED] - delay: Delayed 2 second(s)

2018-06-09 21:01:34 - [MESSAGE][PASSED] - Delayed 2 second(s)

2018-06-09 21:01:34 - [TEST_STEP][PASSED] - Statement - StockQty = com.kms.katalon.core.webui.keyword.WebUiBuiltInKeywords.getAttribute(com.kms.katalon.core.testobject.ObjectRepository.findTestObject(lab/Page_Store/input_txtprice), "value"): Attribute 'value' of object 'Object Repository/lab/Page_Store/input_txtprice' is: '230'

2018-06-09 21:01:34 - [MESSAGE][PASSED] - Attribute 'value' of object 'Object Repository/lab/Page_Store/input_txtprice' is: '230'

2018-06-09 21:01:34 - [TEST_STEP][PASSED] - Statement - out.println("Stock QTY : " + StockQty): null

2018-06-09 21:01:34 - [TEST_STEP][PASSED] - delay: Delayed 1 second(s)

2018-06-09 21:01:35 - [MESSAGE][PASSED] - Delayed 1 second(s)

2018-06-09 21:01:35 - [TEST_STEP][PASSED] - Statement - If (java.lang.Integer.valueOf(StockQty) >= java.lang.Integer.valueOf(RequestedQty)): null

2018-06-09 21:01:35 - [TEST_STEP][PASSED] - setText: Text '10' is set on object 'Object Repository/lab/Page_Store/input_txtqty'

2018-06-09 21:01:35 - [MESSAGE][PASSED] - Text '10' is set on object 'Object Repository/lab/Page_Store/input_txtqty'

2018-06-09 21:01:35 - [TEST_STEP][PASSED] - click: Object: 'Object Repository/lab/Page_Store/button_Add' is clicked on

2018-06-09 21:01:35 - [MESSAGE][PASSED] - Object: 'Object Repository/lab/Page_Store/button_Add' is clicked on

2018-06-09 21:01:35 - [TEST_STEP][PASSED] - Statement - Break: null

2018-06-09 21:01:35 - [TEST_STEP][PASSED] - selectOptionByIndex: All options with index in [11] are selected on object 'Object Repository/lab/Page_Store/select_--Select--E.C.G. Jelly'

2018-06-09 21:01:35 - [MESSAGE][PASSED] - All options with index in [11] are selected on object 'Object Repository/lab/Page_Store/select_--Select--E.C.G. Jelly'

2018-06-09 21:01:35 - [TEST_STEP][PASSED] - delay: Delayed 2 second(s)

2018-06-09 21:01:37 - [MESSAGE][PASSED] - Delayed 2 second(s)

2018-06-09 21:01:37 - [TEST_STEP][PASSED] - Statement - RequestedQty = com.kms.katalon.core.webui.keyword.WebUiBuiltInKeywords.getAttribute(com.kms.katalon.core.testobject.ObjectRepository.findTestObject(lab/Page_Store/input_txttotal), "value"): Attribute 'value' of object 'Object Repository/lab/Page_Store/input_txttotal' is: '10'

2018-06-09 21:01:37 - [MESSAGE][PASSED] - Attribute 'value' of object 'Object Repository/lab/Page_Store/input_txttotal' is: '10'

2018-06-09 21:01:37 - [TEST_STEP][PASSED] - Statement - out.println("Requested QTY : " + RequestedQty): null

2018-06-09 21:01:37 - [TEST_STEP][PASSED] - Statement - BatchNumber = com.kms.katalon.core.webui.keyword.WebUiBuiltInKeywords.getNumberOfTotalOption(com.kms.katalon.core.testobject.ObjectRepository.findTestObject(lab/Page_Store/select_--Select--BA50)): 3 options of object 'Object Repository/lab/Page_Store/select_--Select--BA50' counted

2018-06-09 21:01:37 - [MESSAGE][PASSED] - 3 options of object 'Object Repository/lab/Page_Store/select_--Select--BA50' counted

2018-06-09 21:01:37 - [TEST_STEP][PASSED] - Statement - For ([g = 1, g < BatchNumber, (g++)]): null

2018-06-09 21:01:37 - [TEST_STEP][PASSED] - selectOptionByIndex: All options with index in [1] are selected on object 'Object Repository/lab/Page_Store/select_--Select--BA50'

2018-06-09 21:01:37 - [MESSAGE][PASSED] - All options with index in [1] are selected on object 'Object Repository/lab/Page_Store/select_--Select--BA50'

2018-06-09 21:01:37 - [TEST_STEP][PASSED] - delay: Delayed 2 second(s)

2018-06-09 21:01:39 - [MESSAGE][PASSED] - Delayed 2 second(s)

2018-06-09 21:01:39 - [TEST_STEP][PASSED] - Statement - StockQty = com.kms.katalon.core.webui.keyword.WebUiBuiltInKeywords.getAttribute(com.kms.katalon.core.testobject.ObjectRepository.findTestObject(lab/Page_Store/input_txtprice), "value"): Attribute 'value' of object 'Object Repository/lab/Page_Store/input_txtprice' is: '620'

2018-06-09 21:01:39 - [MESSAGE][PASSED] - Attribute 'value' of object 'Object Repository/lab/Page_Store/input_txtprice' is: '620'

2018-06-09 21:01:39 - [TEST_STEP][PASSED] - Statement - out.println("Stock QTY : " + StockQty): null

2018-06-09 21:01:39 - [TEST_STEP][PASSED] - delay: Delayed 1 second(s)

2018-06-09 21:01:40 - [MESSAGE][PASSED] - Delayed 1 second(s)

2018-06-09 21:01:40 - [TEST_STEP][PASSED] - Statement - If (java.lang.Integer.valueOf(StockQty) >= java.lang.Integer.valueOf(RequestedQty)): null

2018-06-09 21:01:40 - [TEST_STEP][PASSED] - setText: Text '10' is set on object 'Object Repository/lab/Page_Store/input_txtqty'

2018-06-09 21:01:41 - [MESSAGE][PASSED] - Text '10' is set on object 'Object Repository/lab/Page_Store/input_txtqty'

2018-06-09 21:01:41 - [TEST_STEP][PASSED] - click: Object: 'Object Repository/lab/Page_Store/button_Add' is clicked on

2018-06-09 21:01:41 - [MESSAGE][PASSED] - Object: 'Object Repository/lab/Page_Store/button_Add' is clicked on

2018-06-09 21:01:41 - [TEST_STEP][PASSED] - Statement - Break: null

2018-06-09 21:01:41 - [TEST_STEP][PASSED] - selectOptionByIndex: All options with index in [12] are selected on object 'Object Repository/lab/Page_Store/select_--Select--E.C.G. Jelly'

2018-06-09 21:01:41 - [MESSAGE][PASSED] - All options with index in [12] are selected on object 'Object Repository/lab/Page_Store/select_--Select--E.C.G. Jelly'

2018-06-09 21:01:41 - [TEST_STEP][PASSED] - delay: Delayed 2 second(s)

2018-06-09 21:01:43 - [MESSAGE][PASSED] - Delayed 2 second(s)

2018-06-09 21:01:43 - [TEST_STEP][PASSED] - Statement - RequestedQty = com.kms.katalon.core.webui.keyword.WebUiBuiltInKeywords.getAttribute(com.kms.katalon.core.testobject.ObjectRepository.findTestObject(lab/Page_Store/input_txttotal), "value"): Attribute 'value' of object 'Object Repository/lab/Page_Store/input_txttotal' is: '10'

2018-06-09 21:01:43 - [MESSAGE][PASSED] - Attribute 'value' of object 'Object Repository/lab/Page_Store/input_txttotal' is: '10'

2018-06-09 21:01:43 - [TEST_STEP][PASSED] - Statement - out.println("Requested QTY : " + RequestedQty): null

2018-06-09 21:01:43 - [TEST_STEP][PASSED] - Statement - BatchNumber = com.kms.katalon.core.webui.keyword.WebUiBuiltInKeywords.getNumberOfTotalOption(com.kms.katalon.core.testobject.ObjectRepository.findTestObject(lab/Page_Store/select_--Select--BA50)): 3 options of object 'Object Repository/lab/Page_Store/select_--Select--BA50' counted

2018-06-09 21:01:43 - [MESSAGE][PASSED] - 3 options of object 'Object Repository/lab/Page_Store/select_--Select--BA50' counted

2018-06-09 21:01:43 - [TEST_STEP][PASSED] - Statement - For ([g = 1, g < BatchNumber, (g++)]): null

2018-06-09 21:01:43 - [TEST_STEP][PASSED] - selectOptionByIndex: All options with index in [1] are selected on object 'Object Repository/lab/Page_Store/select_--Select--BA50'

2018-06-09 21:01:43 - [MESSAGE][PASSED] - All options with index in [1] are selected on object 'Object Repository/lab/Page_Store/select_--Select--BA50'

2018-06-09 21:01:43 - [TEST_STEP][PASSED] - delay: Delayed 2 second(s)

2018-06-09 21:01:45 - [MESSAGE][PASSED] - Delayed 2 second(s)

2018-06-09 21:01:45 - [TEST_STEP][PASSED] - Statement - StockQty = com.kms.katalon.core.webui.keyword.WebUiBuiltInKeywords.getAttribute(com.kms.katalon.core.testobject.ObjectRepository.findTestObject(lab/Page_Store/input_txtprice), "value"): Attribute 'value' of object 'Object Repository/lab/Page_Store/input_txtprice' is: '220'

2018-06-09 21:01:45 - [MESSAGE][PASSED] - Attribute 'value' of object 'Object Repository/lab/Page_Store/input_txtprice' is: '220'

2018-06-09 21:01:45 - [TEST_STEP][PASSED] - Statement - out.println("Stock QTY : " + StockQty): null

2018-06-09 21:01:45 - [TEST_STEP][PASSED] - delay: Delayed 1 second(s)

2018-06-09 21:01:46 - [MESSAGE][PASSED] - Delayed 1 second(s)

2018-06-09 21:01:46 - [TEST_STEP][PASSED] - Statement - If (java.lang.Integer.valueOf(StockQty) >= java.lang.Integer.valueOf(RequestedQty)): null

2018-06-09 21:01:46 - [TEST_STEP][PASSED] - setText: Text '10' is set on object 'Object Repository/lab/Page_Store/input_txtqty'

2018-06-09 21:01:46 - [MESSAGE][PASSED] - Text '10' is set on object 'Object Repository/lab/Page_Store/input_txtqty'

2018-06-09 21:01:46 - [TEST_STEP][PASSED] - click: Object: 'Object Repository/lab/Page_Store/button_Add' is clicked on

2018-06-09 21:01:46 - [MESSAGE][PASSED] - Object: 'Object Repository/lab/Page_Store/button_Add' is clicked on

2018-06-09 21:01:46 - [TEST_STEP][PASSED] - Statement - Break: null

2018-06-09 21:01:46 - [TEST_STEP][PASSED] - selectOptionByIndex: All options with index in [13] are selected on object 'Object Repository/lab/Page_Store/select_--Select--E.C.G. Jelly'

2018-06-09 21:01:46 - [MESSAGE][PASSED] - All options with index in [13] are selected on object 'Object Repository/lab/Page_Store/select_--Select--E.C.G. Jelly'

2018-06-09 21:01:46 - [TEST_STEP][PASSED] - delay: Delayed 2 second(s)

2018-06-09 21:01:48 - [MESSAGE][PASSED] - Delayed 2 second(s)

2018-06-09 21:01:48 - [TEST_STEP][PASSED] - Statement - RequestedQty = com.kms.katalon.core.webui.keyword.WebUiBuiltInKeywords.getAttribute(com.kms.katalon.core.testobject.ObjectRepository.findTestObject(lab/Page_Store/input_txttotal), "value"): Attribute 'value' of object 'Object Repository/lab/Page_Store/input_txttotal' is: '10'

2018-06-09 21:01:48 - [MESSAGE][PASSED] - Attribute 'value' of object 'Object Repository/lab/Page_Store/input_txttotal' is: '10'

2018-06-09 21:01:48 - [TEST_STEP][PASSED] - Statement - out.println("Requested QTY : " + RequestedQty): null

2018-06-09 21:01:48 - [TEST_STEP][PASSED] - Statement - BatchNumber = com.kms.katalon.core.webui.keyword.WebUiBuiltInKeywords.getNumberOfTotalOption(com.kms.katalon.core.testobject.ObjectRepository.findTestObject(lab/Page_Store/select_--Select--BA50)): 3 options of object 'Object Repository/lab/Page_Store/select_--Select--BA50' counted

2018-06-09 21:01:49 - [MESSAGE][PASSED] - 3 options of object 'Object Repository/lab/Page_Store/select_--Select--BA50' counted

2018-06-09 21:01:49 - [TEST_STEP][PASSED] - Statement - For ([g = 1, g < BatchNumber, (g++)]): null

2018-06-09 21:01:49 - [TEST_STEP][PASSED] - selectOptionByIndex: All options with index in [1] are selected on object 'Object Repository/lab/Page_Store/select_--Select--BA50'

2018-06-09 21:01:49 - [MESSAGE][PASSED] - All options with index in [1] are selected on object 'Object Repository/lab/Page_Store/select_--Select--BA50'

2018-06-09 21:01:49 - [TEST_STEP][PASSED] - delay: Delayed 2 second(s)

2018-06-09 21:01:51 - [MESSAGE][PASSED] - Delayed 2 second(s)

2018-06-09 21:01:51 - [TEST_STEP][PASSED] - Statement - StockQty = com.kms.katalon.core.webui.keyword.WebUiBuiltInKeywords.getAttribute(com.kms.katalon.core.testobject.ObjectRepository.findTestObject(lab/Page_Store/input_txtprice), "value"): Attribute 'value' of object 'Object Repository/lab/Page_Store/input_txtprice' is: '1510'

2018-06-09 21:01:51 - [MESSAGE][PASSED] - Attribute 'value' of object 'Object Repository/lab/Page_Store/input_txtprice' is: '1510'

2018-06-09 21:01:51 - [TEST_STEP][PASSED] - Statement - out.println("Stock QTY : " + StockQty): null

2018-06-09 21:01:51 - [TEST_STEP][PASSED] - delay: Delayed 1 second(s)

2018-06-09 21:01:52 - [MESSAGE][PASSED] - Delayed 1 second(s)

2018-06-09 21:01:52 - [TEST_STEP][PASSED] - Statement - If (java.lang.Integer.valueOf(StockQty) >= java.lang.Integer.valueOf(RequestedQty)): null

2018-06-09 21:01:52 - [TEST_STEP][PASSED] - setText: Text '10' is set on object 'Object Repository/lab/Page_Store/input_txtqty'

2018-06-09 21:01:52 - [MESSAGE][PASSED] - Text '10' is set on object 'Object Repository/lab/Page_Store/input_txtqty'

2018-06-09 21:01:52 - [TEST_STEP][PASSED] - click: Object: 'Object Repository/lab/Page_Store/button_Add' is clicked on

2018-06-09 21:01:52 - [MESSAGE][PASSED] - Object: 'Object Repository/lab/Page_Store/button_Add' is clicked on

2018-06-09 21:01:52 - [TEST_STEP][PASSED] - Statement - Break: null

2018-06-09 21:01:52 - [TEST_STEP][PASSED] - selectOptionByIndex: All options with index in [14] are selected on object 'Object Repository/lab/Page_Store/select_--Select--E.C.G. Jelly'

2018-06-09 21:01:52 - [MESSAGE][PASSED] - All options with index in [14] are selected on object 'Object Repository/lab/Page_Store/select_--Select--E.C.G. Jelly'

2018-06-09 21:01:52 - [TEST_STEP][PASSED] - delay: Delayed 2 second(s)

2018-06-09 21:01:54 - [MESSAGE][PASSED] - Delayed 2 second(s)

2018-06-09 21:01:54 - [TEST_STEP][PASSED] - Statement - RequestedQty = com.kms.katalon.core.webui.keyword.WebUiBuiltInKeywords.getAttribute(com.kms.katalon.core.testobject.ObjectRepository.findTestObject(lab/Page_Store/input_txttotal), "value"): Attribute 'value' of object 'Object Repository/lab/Page_Store/input_txttotal' is: '10'

2018-06-09 21:01:54 - [MESSAGE][PASSED] - Attribute 'value' of object 'Object Repository/lab/Page_Store/input_txttotal' is: '10'

2018-06-09 21:01:54 - [TEST_STEP][PASSED] - Statement - out.println("Requested QTY : " + RequestedQty): null

2018-06-09 21:01:54 - [TEST_STEP][PASSED] - Statement - BatchNumber = com.kms.katalon.core.webui.keyword.WebUiBuiltInKeywords.getNumberOfTotalOption(com.kms.katalon.core.testobject.ObjectRepository.findTestObject(lab/Page_Store/select_--Select--BA50)): 4 options of object 'Object Repository/lab/Page_Store/select_--Select--BA50' counted

2018-06-09 21:01:54 - [MESSAGE][PASSED] - 4 options of object 'Object Repository/lab/Page_Store/select_--Select--BA50' counted

2018-06-09 21:01:54 - [TEST_STEP][PASSED] - Statement - For ([g = 1, g < BatchNumber, (g++)]): null

2018-06-09 21:01:54 - [TEST_STEP][PASSED] - selectOptionByIndex: All options with index in [1] are selected on object 'Object Repository/lab/Page_Store/select_--Select--BA50'

2018-06-09 21:01:54 - [MESSAGE][PASSED] - All options with index in [1] are selected on object 'Object Repository/lab/Page_Store/select_--Select--BA50'

2018-06-09 21:01:54 - [TEST_STEP][PASSED] - delay: Delayed 2 second(s)

2018-06-09 21:01:56 - [MESSAGE][PASSED] - Delayed 2 second(s)

2018-06-09 21:01:56 - [TEST_STEP][PASSED] - Statement - StockQty = com.kms.katalon.core.webui.keyword.WebUiBuiltInKeywords.getAttribute(com.kms.katalon.core.testobject.ObjectRepository.findTestObject(lab/Page_Store/input_txtprice), "value"): Attribute 'value' of object 'Object Repository/lab/Page_Store/input_txtprice' is: '270'

2018-06-09 21:01:56 - [MESSAGE][PASSED] - Attribute 'value' of object 'Object Repository/lab/Page_Store/input_txtprice' is: '270'

2018-06-09 21:01:56 - [TEST_STEP][PASSED] - Statement - out.println("Stock QTY : " + StockQty): null

2018-06-09 21:01:56 - [TEST_STEP][PASSED] - delay: Delayed 1 second(s)

2018-06-09 21:01:57 - [MESSAGE][PASSED] - Delayed 1 second(s)

2018-06-09 21:01:57 - [TEST_STEP][PASSED] - Statement - If (java.lang.Integer.valueOf(StockQty) >= java.lang.Integer.valueOf(RequestedQty)): null

2018-06-09 21:01:57 - [TEST_STEP][PASSED] - setText: Text '10' is set on object 'Object Repository/lab/Page_Store/input_txtqty'

2018-06-09 21:01:58 - [MESSAGE][PASSED] - Text '10' is set on object 'Object Repository/lab/Page_Store/input_txtqty'

2018-06-09 21:01:58 - [TEST_STEP][PASSED] - click: Object: 'Object Repository/lab/Page_Store/button_Add' is clicked on

2018-06-09 21:01:58 - [MESSAGE][PASSED] - Object: 'Object Repository/lab/Page_Store/button_Add' is clicked on

2018-06-09 21:01:58 - [TEST_STEP][PASSED] - Statement - Break: null

2018-06-09 21:01:58 - [TEST_STEP][PASSED] - selectOptionByIndex: All options with index in [15] are selected on object 'Object Repository/lab/Page_Store/select_--Select--E.C.G. Jelly'

2018-06-09 21:01:58 - [MESSAGE][PASSED] - All options with index in [15] are selected on object 'Object Repository/lab/Page_Store/select_--Select--E.C.G. Jelly'

2018-06-09 21:01:58 - [TEST_STEP][PASSED] - delay: Delayed 2 second(s)

2018-06-09 21:02:00 - [MESSAGE][PASSED] - Delayed 2 second(s)

2018-06-09 21:02:00 - [TEST_STEP][PASSED] - Statement - RequestedQty = com.kms.katalon.core.webui.keyword.WebUiBuiltInKeywords.getAttribute(com.kms.katalon.core.testobject.ObjectRepository.findTestObject(lab/Page_Store/input_txttotal), "value"): Attribute 'value' of object 'Object Repository/lab/Page_Store/input_txttotal' is: '10'

2018-06-09 21:02:00 - [MESSAGE][PASSED] - Attribute 'value' of object 'Object Repository/lab/Page_Store/input_txttotal' is: '10'

2018-06-09 21:02:00 - [TEST_STEP][PASSED] - Statement - out.println("Requested QTY : " + RequestedQty): null

2018-06-09 21:02:00 - [TEST_STEP][PASSED] - Statement - BatchNumber = com.kms.katalon.core.webui.keyword.WebUiBuiltInKeywords.getNumberOfTotalOption(com.kms.katalon.core.testobject.ObjectRepository.findTestObject(lab/Page_Store/select_--Select--BA50)): 5 options of object 'Object Repository/lab/Page_Store/select_--Select--BA50' counted

2018-06-09 21:02:00 - [MESSAGE][PASSED] - 5 options of object 'Object Repository/lab/Page_Store/select_--Select--BA50' counted

2018-06-09 21:02:00 - [TEST_STEP][PASSED] - Statement - For ([g = 1, g < BatchNumber, (g++)]): null

2018-06-09 21:02:00 - [TEST_STEP][PASSED] - selectOptionByIndex: All options with index in [1] are selected on object 'Object Repository/lab/Page_Store/select_--Select--BA50'

2018-06-09 21:02:00 - [MESSAGE][PASSED] - All options with index in [1] are selected on object 'Object Repository/lab/Page_Store/select_--Select--BA50'

2018-06-09 21:02:00 - [TEST_STEP][PASSED] - delay: Delayed 2 second(s)

2018-06-09 21:02:02 - [MESSAGE][PASSED] - Delayed 2 second(s)

2018-06-09 21:02:02 - [TEST_STEP][PASSED] - Statement - StockQty = com.kms.katalon.core.webui.keyword.WebUiBuiltInKeywords.getAttribute(com.kms.katalon.core.testobject.ObjectRepository.findTestObject(lab/Page_Store/input_txtprice), "value"): Attribute 'value' of object 'Object Repository/lab/Page_Store/input_txtprice' is: '590'

2018-06-09 21:02:02 - [MESSAGE][PASSED] - Attribute 'value' of object 'Object Repository/lab/Page_Store/input_txtprice' is: '590'

2018-06-09 21:02:02 - [TEST_STEP][PASSED] - Statement - out.println("Stock QTY : " + StockQty): null

2018-06-09 21:02:02 - [TEST_STEP][PASSED] - delay: Delayed 1 second(s)

2018-06-09 21:02:03 - [MESSAGE][PASSED] - Delayed 1 second(s)

2018-06-09 21:02:03 - [TEST_STEP][PASSED] - Statement - If (java.lang.Integer.valueOf(StockQty) >= java.lang.Integer.valueOf(RequestedQty)): null

2018-06-09 21:02:03 - [TEST_STEP][PASSED] - setText: Text '10' is set on object 'Object Repository/lab/Page_Store/input_txtqty'

2018-06-09 21:02:03 - [MESSAGE][PASSED] - Text '10' is set on object 'Object Repository/lab/Page_Store/input_txtqty'

2018-06-09 21:02:03 - [TEST_STEP][PASSED] - click: Object: 'Object Repository/lab/Page_Store/button_Add' is clicked on

2018-06-09 21:02:03 - [MESSAGE][PASSED] - Object: 'Object Repository/lab/Page_Store/button_Add' is clicked on

2018-06-09 21:02:03 - [TEST_STEP][PASSED] - Statement - Break: null

2018-06-09 21:02:03 - [TEST_STEP][PASSED] - scrollToElement: Scroll to object 'Object Repository/lab/Page_Store/input_btnSubmit' successfully

2018-06-09 21:02:03 - [MESSAGE][PASSED] - Scroll to object 'Object Repository/lab/Page_Store/input_btnSubmit' successfully

2018-06-09 21:02:03 - [TEST_STEP][PASSED] - Statement - Try: Object: 'Object Repository/lab/Page_Store/button_OK' is clicked on

2018-06-09 21:02:03 - [TEST_STEP][PASSED] - click: Object: 'Object Repository/lab/Page_Store/input_btnSubmit' is clicked on

2018-06-09 21:02:03 - [MESSAGE][PASSED] - Object: 'Object Repository/lab/Page_Store/input_btnSubmit' is clicked on

2018-06-09 21:02:03 - [TEST_STEP][PASSED] - delay: Delayed 3 second(s)

2018-06-09 21:02:06 - [MESSAGE][PASSED] - Delayed 3 second(s)

2018-06-09 21:02:06 - [TEST_STEP][PASSED] - click: Object: 'Object Repository/lab/Page_Store/button_OK' is clicked on

2018-06-09 21:02:08 - [MESSAGE][PASSED] - Object: 'Object Repository/lab/Page_Store/button_OK' is clicked on

2018-06-09 21:02:08 - [TEST_STEP][PASSED] - delay: Delayed 3 second(s)

2018-06-09 21:02:11 - [MESSAGE][PASSED] - Delayed 3 second(s)

2018-06-09 21:02:11 - [TEST_STEP][PASSED] - click: Object: 'Object Repository/lab/Page_Store/a_dropdown-toggle' is clicked on

2018-06-09 21:02:11 - [MESSAGE][PASSED] - Object: 'Object Repository/lab/Page_Store/a_dropdown-toggle' is clicked on

2018-06-09 21:02:11 - [TEST_STEP][PASSED] - click: Object: 'Object Repository/lab/Page_Store/a_Sign out' is clicked on

2018-06-09 21:02:11 - [MESSAGE][PASSED] - Object: 'Object Repository/lab/Page_Store/a_Sign out' is clicked on

2018-06-09 21:02:11 - [TEST_STEP][PASSED] - closeBrowser: Browser is closed

2018-06-09 21:02:12 - [MESSAGE][PASSED] - Browser is closed

2018-06-09 21:02:12 - [TEST_STEP][PASSED] - Statement - out.println("Schedule 4 Investigation Request Are Working Successfully"): null]]></system-out>
         <system-err><![CDATA[]]></system-err>
      </testcase>
      <testcase name="Test Cases/INVESTIGATION TEST CASES/TC_INV_002 Verify Schedule 5 Investigation Request Are Working Successfully Or No" classname="Test Cases/INVESTIGATION TEST CASES/TC_INV_002 Verify Schedule 5 Investigation Request Are Working Successfully Or No" status="PASSED">
         <system-out><![CDATA[2018-06-09 21:02:12 - [TEST_CASE][PASSED] - Test Cases/INVESTIGATION TEST CASES/TC_INV_002 Verify Schedule 5 Investigation Request Are Working Successfully Or No: Test Cases/INVESTIGATION TEST CASES/TC_INV_002 Verify Schedule 5 Investigation Request Are Working Successfully Or No

2018-06-09 21:02:12 - [TEST_STEP][PASSED] - openBrowser: Browser is opened with url: ''

2018-06-09 21:02:14 - [MESSAGE][PASSED] - Browser is opened with url: ''

2018-06-09 21:02:14 - [TEST_STEP][PASSED] - navigateToUrl: Navigate to 'http://192.168.137.1/multihospital_new/' successfully

2018-06-09 21:02:16 - [MESSAGE][PASSED] - Navigate to 'http://192.168.137.1/multihospital_new/' successfully

2018-06-09 21:02:16 - [TEST_STEP][PASSED] - Statement - out.println(" Verify Schedule 5 Investigation Request Are Working Successfully Or Not"): null

2018-06-09 21:02:16 - [TEST_STEP][PASSED] - maximizeWindow: Current window maximized

2018-06-09 21:02:17 - [MESSAGE][PASSED] - Current window maximized

2018-06-09 21:02:17 - [TEST_STEP][PASSED] - click: Object: 'Object Repository/lab/Page_KDMC/a_Investigation' is clicked on

2018-06-09 21:02:18 - [MESSAGE][PASSED] - Object: 'Object Repository/lab/Page_KDMC/a_Investigation' is clicked on

2018-06-09 21:02:18 - [TEST_STEP][PASSED] - setText: Text 'manoj' is set on object 'Object Repository/lab/Page_Investigation login/input_txtusername'

2018-06-09 21:02:18 - [MESSAGE][PASSED] - Text 'manoj' is set on object 'Object Repository/lab/Page_Investigation login/input_txtusername'

2018-06-09 21:02:18 - [TEST_STEP][PASSED] - setText: Text '123' is set on object 'Object Repository/lab/Page_Investigation login/input_txtpassword'

2018-06-09 21:02:18 - [MESSAGE][PASSED] - Text '123' is set on object 'Object Repository/lab/Page_Investigation login/input_txtpassword'

2018-06-09 21:02:18 - [TEST_STEP][PASSED] - delay: Delayed 3 second(s)

2018-06-09 21:02:21 - [MESSAGE][PASSED] - Delayed 3 second(s)

2018-06-09 21:02:21 - [TEST_STEP][PASSED] - click: Object: 'Object Repository/lab/Page_Investigation login/button_Sign in' is clicked on

2018-06-09 21:02:22 - [MESSAGE][PASSED] - Object: 'Object Repository/lab/Page_Investigation login/button_Sign in' is clicked on

2018-06-09 21:02:22 - [TEST_STEP][PASSED] - click: Object: 'Object Repository/lab/Page_KDMC/a_Store Request' is clicked on

2018-06-09 21:02:24 - [MESSAGE][PASSED] - Object: 'Object Repository/lab/Page_KDMC/a_Store Request' is clicked on

2018-06-09 21:02:24 - [TEST_STEP][PASSED] - delay: Delayed 2 second(s)

2018-06-09 21:02:26 - [MESSAGE][PASSED] - Delayed 2 second(s)

2018-06-09 21:02:26 - [TEST_STEP][PASSED] - click: Object: 'Object Repository/lab/Page_KDMC/a_Medicine Request' is clicked on

2018-06-09 21:02:26 - [MESSAGE][PASSED] - Object: 'Object Repository/lab/Page_KDMC/a_Medicine Request' is clicked on

2018-06-09 21:02:26 - [TEST_STEP][PASSED] - selectOptionByIndex: All options with index in [2] are selected on object 'Object Repository/lab/Page_KDMC/select_--Select--Schedule 4X-r'

2018-06-09 21:02:26 - [MESSAGE][PASSED] - All options with index in [2] are selected on object 'Object Repository/lab/Page_KDMC/select_--Select--Schedule 4X-r'

2018-06-09 21:02:26 - [TEST_STEP][PASSED] - Statement - medicineslength = com.kms.katalon.core.webui.keyword.WebUiBuiltInKeywords.getNumberOfTotalOption(com.kms.katalon.core.testobject.ObjectRepository.findTestObject(lab/Page_KDMC/select_--Select--Automatic x-r)): 17 options of object 'Object Repository/lab/Page_KDMC/select_--Select--Automatic x-r' counted

2018-06-09 21:02:27 - [MESSAGE][PASSED] - 17 options of object 'Object Repository/lab/Page_KDMC/select_--Select--Automatic x-r' counted

2018-06-09 21:02:27 - [TEST_STEP][PASSED] - Statement - For ([e = 1, e < medicineslength, (e++)]): Object: 'Object Repository/lab/Page_KDMC/button_Add' is clicked on

2018-06-09 21:02:27 - [TEST_STEP][PASSED] - selectOptionByIndex: All options with index in [2] are selected on object 'Object Repository/lab/Page_KDMC/select_--Select--Schedule 4X-r'

2018-06-09 21:02:27 - [MESSAGE][PASSED] - All options with index in [2] are selected on object 'Object Repository/lab/Page_KDMC/select_--Select--Schedule 4X-r'

2018-06-09 21:02:27 - [TEST_STEP][PASSED] - selectOptionByIndex: All options with index in [1] are selected on object 'Object Repository/lab/Page_KDMC/select_--Select--Automatic x-r'

2018-06-09 21:02:27 - [MESSAGE][PASSED] - All options with index in [1] are selected on object 'Object Repository/lab/Page_KDMC/select_--Select--Automatic x-r'

2018-06-09 21:02:27 - [TEST_STEP][PASSED] - setText: Text '10' is set on object 'Object Repository/lab/Page_KDMC/input_txttreat'

2018-06-09 21:02:27 - [MESSAGE][PASSED] - Text '10' is set on object 'Object Repository/lab/Page_KDMC/input_txttreat'

2018-06-09 21:02:27 - [TEST_STEP][PASSED] - click: Object: 'Object Repository/lab/Page_KDMC/button_Add' is clicked on

2018-06-09 21:02:27 - [MESSAGE][PASSED] - Object: 'Object Repository/lab/Page_KDMC/button_Add' is clicked on

2018-06-09 21:02:27 - [TEST_STEP][PASSED] - selectOptionByIndex: All options with index in [2] are selected on object 'Object Repository/lab/Page_KDMC/select_--Select--Schedule 4X-r'

2018-06-09 21:02:27 - [MESSAGE][PASSED] - All options with index in [2] are selected on object 'Object Repository/lab/Page_KDMC/select_--Select--Schedule 4X-r'

2018-06-09 21:02:27 - [TEST_STEP][PASSED] - selectOptionByIndex: All options with index in [2] are selected on object 'Object Repository/lab/Page_KDMC/select_--Select--Automatic x-r'

2018-06-09 21:02:27 - [MESSAGE][PASSED] - All options with index in [2] are selected on object 'Object Repository/lab/Page_KDMC/select_--Select--Automatic x-r'

2018-06-09 21:02:27 - [TEST_STEP][PASSED] - setText: Text '10' is set on object 'Object Repository/lab/Page_KDMC/input_txttreat'

2018-06-09 21:02:28 - [MESSAGE][PASSED] - Text '10' is set on object 'Object Repository/lab/Page_KDMC/input_txttreat'

2018-06-09 21:02:28 - [TEST_STEP][PASSED] - click: Object: 'Object Repository/lab/Page_KDMC/button_Add' is clicked on

2018-06-09 21:02:28 - [MESSAGE][PASSED] - Object: 'Object Repository/lab/Page_KDMC/button_Add' is clicked on

2018-06-09 21:02:28 - [TEST_STEP][PASSED] - selectOptionByIndex: All options with index in [2] are selected on object 'Object Repository/lab/Page_KDMC/select_--Select--Schedule 4X-r'

2018-06-09 21:02:28 - [MESSAGE][PASSED] - All options with index in [2] are selected on object 'Object Repository/lab/Page_KDMC/select_--Select--Schedule 4X-r'

2018-06-09 21:02:28 - [TEST_STEP][PASSED] - selectOptionByIndex: All options with index in [3] are selected on object 'Object Repository/lab/Page_KDMC/select_--Select--Automatic x-r'

2018-06-09 21:02:28 - [MESSAGE][PASSED] - All options with index in [3] are selected on object 'Object Repository/lab/Page_KDMC/select_--Select--Automatic x-r'

2018-06-09 21:02:28 - [TEST_STEP][PASSED] - setText: Text '10' is set on object 'Object Repository/lab/Page_KDMC/input_txttreat'

2018-06-09 21:02:28 - [MESSAGE][PASSED] - Text '10' is set on object 'Object Repository/lab/Page_KDMC/input_txttreat'

2018-06-09 21:02:28 - [TEST_STEP][PASSED] - click: Object: 'Object Repository/lab/Page_KDMC/button_Add' is clicked on

2018-06-09 21:02:28 - [MESSAGE][PASSED] - Object: 'Object Repository/lab/Page_KDMC/button_Add' is clicked on

2018-06-09 21:02:28 - [TEST_STEP][PASSED] - selectOptionByIndex: All options with index in [2] are selected on object 'Object Repository/lab/Page_KDMC/select_--Select--Schedule 4X-r'

2018-06-09 21:02:28 - [MESSAGE][PASSED] - All options with index in [2] are selected on object 'Object Repository/lab/Page_KDMC/select_--Select--Schedule 4X-r'

2018-06-09 21:02:28 - [TEST_STEP][PASSED] - selectOptionByIndex: All options with index in [4] are selected on object 'Object Repository/lab/Page_KDMC/select_--Select--Automatic x-r'

2018-06-09 21:02:28 - [MESSAGE][PASSED] - All options with index in [4] are selected on object 'Object Repository/lab/Page_KDMC/select_--Select--Automatic x-r'

2018-06-09 21:02:28 - [TEST_STEP][PASSED] - setText: Text '10' is set on object 'Object Repository/lab/Page_KDMC/input_txttreat'

2018-06-09 21:02:28 - [MESSAGE][PASSED] - Text '10' is set on object 'Object Repository/lab/Page_KDMC/input_txttreat'

2018-06-09 21:02:28 - [TEST_STEP][PASSED] - click: Object: 'Object Repository/lab/Page_KDMC/button_Add' is clicked on

2018-06-09 21:02:29 - [MESSAGE][PASSED] - Object: 'Object Repository/lab/Page_KDMC/button_Add' is clicked on

2018-06-09 21:02:29 - [TEST_STEP][PASSED] - selectOptionByIndex: All options with index in [2] are selected on object 'Object Repository/lab/Page_KDMC/select_--Select--Schedule 4X-r'

2018-06-09 21:02:29 - [MESSAGE][PASSED] - All options with index in [2] are selected on object 'Object Repository/lab/Page_KDMC/select_--Select--Schedule 4X-r'

2018-06-09 21:02:29 - [TEST_STEP][PASSED] - selectOptionByIndex: All options with index in [5] are selected on object 'Object Repository/lab/Page_KDMC/select_--Select--Automatic x-r'

2018-06-09 21:02:29 - [MESSAGE][PASSED] - All options with index in [5] are selected on object 'Object Repository/lab/Page_KDMC/select_--Select--Automatic x-r'

2018-06-09 21:02:29 - [TEST_STEP][PASSED] - setText: Text '10' is set on object 'Object Repository/lab/Page_KDMC/input_txttreat'

2018-06-09 21:02:29 - [MESSAGE][PASSED] - Text '10' is set on object 'Object Repository/lab/Page_KDMC/input_txttreat'

2018-06-09 21:02:29 - [TEST_STEP][PASSED] - click: Object: 'Object Repository/lab/Page_KDMC/button_Add' is clicked on

2018-06-09 21:02:29 - [MESSAGE][PASSED] - Object: 'Object Repository/lab/Page_KDMC/button_Add' is clicked on

2018-06-09 21:02:29 - [TEST_STEP][PASSED] - selectOptionByIndex: All options with index in [2] are selected on object 'Object Repository/lab/Page_KDMC/select_--Select--Schedule 4X-r'

2018-06-09 21:02:29 - [MESSAGE][PASSED] - All options with index in [2] are selected on object 'Object Repository/lab/Page_KDMC/select_--Select--Schedule 4X-r'

2018-06-09 21:02:29 - [TEST_STEP][PASSED] - selectOptionByIndex: All options with index in [6] are selected on object 'Object Repository/lab/Page_KDMC/select_--Select--Automatic x-r'

2018-06-09 21:02:29 - [MESSAGE][PASSED] - All options with index in [6] are selected on object 'Object Repository/lab/Page_KDMC/select_--Select--Automatic x-r'

2018-06-09 21:02:29 - [TEST_STEP][PASSED] - setText: Text '10' is set on object 'Object Repository/lab/Page_KDMC/input_txttreat'

2018-06-09 21:02:29 - [MESSAGE][PASSED] - Text '10' is set on object 'Object Repository/lab/Page_KDMC/input_txttreat'

2018-06-09 21:02:29 - [TEST_STEP][PASSED] - click: Object: 'Object Repository/lab/Page_KDMC/button_Add' is clicked on

2018-06-09 21:02:29 - [MESSAGE][PASSED] - Object: 'Object Repository/lab/Page_KDMC/button_Add' is clicked on

2018-06-09 21:02:29 - [TEST_STEP][PASSED] - selectOptionByIndex: All options with index in [2] are selected on object 'Object Repository/lab/Page_KDMC/select_--Select--Schedule 4X-r'

2018-06-09 21:02:30 - [MESSAGE][PASSED] - All options with index in [2] are selected on object 'Object Repository/lab/Page_KDMC/select_--Select--Schedule 4X-r'

2018-06-09 21:02:30 - [TEST_STEP][PASSED] - selectOptionByIndex: All options with index in [7] are selected on object 'Object Repository/lab/Page_KDMC/select_--Select--Automatic x-r'

2018-06-09 21:02:30 - [MESSAGE][PASSED] - All options with index in [7] are selected on object 'Object Repository/lab/Page_KDMC/select_--Select--Automatic x-r'

2018-06-09 21:02:30 - [TEST_STEP][PASSED] - setText: Text '10' is set on object 'Object Repository/lab/Page_KDMC/input_txttreat'

2018-06-09 21:02:30 - [MESSAGE][PASSED] - Text '10' is set on object 'Object Repository/lab/Page_KDMC/input_txttreat'

2018-06-09 21:02:30 - [TEST_STEP][PASSED] - click: Object: 'Object Repository/lab/Page_KDMC/button_Add' is clicked on

2018-06-09 21:02:30 - [MESSAGE][PASSED] - Object: 'Object Repository/lab/Page_KDMC/button_Add' is clicked on

2018-06-09 21:02:30 - [TEST_STEP][PASSED] - selectOptionByIndex: All options with index in [2] are selected on object 'Object Repository/lab/Page_KDMC/select_--Select--Schedule 4X-r'

2018-06-09 21:02:30 - [MESSAGE][PASSED] - All options with index in [2] are selected on object 'Object Repository/lab/Page_KDMC/select_--Select--Schedule 4X-r'

2018-06-09 21:02:30 - [TEST_STEP][PASSED] - selectOptionByIndex: All options with index in [8] are selected on object 'Object Repository/lab/Page_KDMC/select_--Select--Automatic x-r'

2018-06-09 21:02:30 - [MESSAGE][PASSED] - All options with index in [8] are selected on object 'Object Repository/lab/Page_KDMC/select_--Select--Automatic x-r'

2018-06-09 21:02:30 - [TEST_STEP][PASSED] - setText: Text '10' is set on object 'Object Repository/lab/Page_KDMC/input_txttreat'

2018-06-09 21:02:30 - [MESSAGE][PASSED] - Text '10' is set on object 'Object Repository/lab/Page_KDMC/input_txttreat'

2018-06-09 21:02:30 - [TEST_STEP][PASSED] - click: Object: 'Object Repository/lab/Page_KDMC/button_Add' is clicked on

2018-06-09 21:02:30 - [MESSAGE][PASSED] - Object: 'Object Repository/lab/Page_KDMC/button_Add' is clicked on

2018-06-09 21:02:30 - [TEST_STEP][PASSED] - selectOptionByIndex: All options with index in [2] are selected on object 'Object Repository/lab/Page_KDMC/select_--Select--Schedule 4X-r'

2018-06-09 21:02:31 - [MESSAGE][PASSED] - All options with index in [2] are selected on object 'Object Repository/lab/Page_KDMC/select_--Select--Schedule 4X-r'

2018-06-09 21:02:31 - [TEST_STEP][PASSED] - selectOptionByIndex: All options with index in [9] are selected on object 'Object Repository/lab/Page_KDMC/select_--Select--Automatic x-r'

2018-06-09 21:02:31 - [MESSAGE][PASSED] - All options with index in [9] are selected on object 'Object Repository/lab/Page_KDMC/select_--Select--Automatic x-r'

2018-06-09 21:02:31 - [TEST_STEP][PASSED] - setText: Text '10' is set on object 'Object Repository/lab/Page_KDMC/input_txttreat'

2018-06-09 21:02:31 - [MESSAGE][PASSED] - Text '10' is set on object 'Object Repository/lab/Page_KDMC/input_txttreat'

2018-06-09 21:02:31 - [TEST_STEP][PASSED] - click: Object: 'Object Repository/lab/Page_KDMC/button_Add' is clicked on

2018-06-09 21:02:31 - [MESSAGE][PASSED] - Object: 'Object Repository/lab/Page_KDMC/button_Add' is clicked on

2018-06-09 21:02:31 - [TEST_STEP][PASSED] - selectOptionByIndex: All options with index in [2] are selected on object 'Object Repository/lab/Page_KDMC/select_--Select--Schedule 4X-r'

2018-06-09 21:02:31 - [MESSAGE][PASSED] - All options with index in [2] are selected on object 'Object Repository/lab/Page_KDMC/select_--Select--Schedule 4X-r'

2018-06-09 21:02:31 - [TEST_STEP][PASSED] - selectOptionByIndex: All options with index in [10] are selected on object 'Object Repository/lab/Page_KDMC/select_--Select--Automatic x-r'

2018-06-09 21:02:31 - [MESSAGE][PASSED] - All options with index in [10] are selected on object 'Object Repository/lab/Page_KDMC/select_--Select--Automatic x-r'

2018-06-09 21:02:31 - [TEST_STEP][PASSED] - setText: Text '10' is set on object 'Object Repository/lab/Page_KDMC/input_txttreat'

2018-06-09 21:02:31 - [MESSAGE][PASSED] - Text '10' is set on object 'Object Repository/lab/Page_KDMC/input_txttreat'

2018-06-09 21:02:31 - [TEST_STEP][PASSED] - click: Object: 'Object Repository/lab/Page_KDMC/button_Add' is clicked on

2018-06-09 21:02:31 - [MESSAGE][PASSED] - Object: 'Object Repository/lab/Page_KDMC/button_Add' is clicked on

2018-06-09 21:02:31 - [TEST_STEP][PASSED] - selectOptionByIndex: All options with index in [2] are selected on object 'Object Repository/lab/Page_KDMC/select_--Select--Schedule 4X-r'

2018-06-09 21:02:32 - [MESSAGE][PASSED] - All options with index in [2] are selected on object 'Object Repository/lab/Page_KDMC/select_--Select--Schedule 4X-r'

2018-06-09 21:02:32 - [TEST_STEP][PASSED] - selectOptionByIndex: All options with index in [11] are selected on object 'Object Repository/lab/Page_KDMC/select_--Select--Automatic x-r'

2018-06-09 21:02:32 - [MESSAGE][PASSED] - All options with index in [11] are selected on object 'Object Repository/lab/Page_KDMC/select_--Select--Automatic x-r'

2018-06-09 21:02:32 - [TEST_STEP][PASSED] - setText: Text '10' is set on object 'Object Repository/lab/Page_KDMC/input_txttreat'

2018-06-09 21:02:32 - [MESSAGE][PASSED] - Text '10' is set on object 'Object Repository/lab/Page_KDMC/input_txttreat'

2018-06-09 21:02:32 - [TEST_STEP][PASSED] - click: Object: 'Object Repository/lab/Page_KDMC/button_Add' is clicked on

2018-06-09 21:02:32 - [MESSAGE][PASSED] - Object: 'Object Repository/lab/Page_KDMC/button_Add' is clicked on

2018-06-09 21:02:32 - [TEST_STEP][PASSED] - selectOptionByIndex: All options with index in [2] are selected on object 'Object Repository/lab/Page_KDMC/select_--Select--Schedule 4X-r'

2018-06-09 21:02:32 - [MESSAGE][PASSED] - All options with index in [2] are selected on object 'Object Repository/lab/Page_KDMC/select_--Select--Schedule 4X-r'

2018-06-09 21:02:32 - [TEST_STEP][PASSED] - selectOptionByIndex: All options with index in [12] are selected on object 'Object Repository/lab/Page_KDMC/select_--Select--Automatic x-r'

2018-06-09 21:02:32 - [MESSAGE][PASSED] - All options with index in [12] are selected on object 'Object Repository/lab/Page_KDMC/select_--Select--Automatic x-r'

2018-06-09 21:02:32 - [TEST_STEP][PASSED] - setText: Text '10' is set on object 'Object Repository/lab/Page_KDMC/input_txttreat'

2018-06-09 21:02:32 - [MESSAGE][PASSED] - Text '10' is set on object 'Object Repository/lab/Page_KDMC/input_txttreat'

2018-06-09 21:02:32 - [TEST_STEP][PASSED] - click: Object: 'Object Repository/lab/Page_KDMC/button_Add' is clicked on

2018-06-09 21:02:33 - [MESSAGE][PASSED] - Object: 'Object Repository/lab/Page_KDMC/button_Add' is clicked on

2018-06-09 21:02:33 - [TEST_STEP][PASSED] - selectOptionByIndex: All options with index in [2] are selected on object 'Object Repository/lab/Page_KDMC/select_--Select--Schedule 4X-r'

2018-06-09 21:02:33 - [MESSAGE][PASSED] - All options with index in [2] are selected on object 'Object Repository/lab/Page_KDMC/select_--Select--Schedule 4X-r'

2018-06-09 21:02:33 - [TEST_STEP][PASSED] - selectOptionByIndex: All options with index in [13] are selected on object 'Object Repository/lab/Page_KDMC/select_--Select--Automatic x-r'

2018-06-09 21:02:33 - [MESSAGE][PASSED] - All options with index in [13] are selected on object 'Object Repository/lab/Page_KDMC/select_--Select--Automatic x-r'

2018-06-09 21:02:33 - [TEST_STEP][PASSED] - setText: Text '10' is set on object 'Object Repository/lab/Page_KDMC/input_txttreat'

2018-06-09 21:02:33 - [MESSAGE][PASSED] - Text '10' is set on object 'Object Repository/lab/Page_KDMC/input_txttreat'

2018-06-09 21:02:33 - [TEST_STEP][PASSED] - click: Object: 'Object Repository/lab/Page_KDMC/button_Add' is clicked on

2018-06-09 21:02:33 - [MESSAGE][PASSED] - Object: 'Object Repository/lab/Page_KDMC/button_Add' is clicked on

2018-06-09 21:02:33 - [TEST_STEP][PASSED] - selectOptionByIndex: All options with index in [2] are selected on object 'Object Repository/lab/Page_KDMC/select_--Select--Schedule 4X-r'

2018-06-09 21:02:33 - [MESSAGE][PASSED] - All options with index in [2] are selected on object 'Object Repository/lab/Page_KDMC/select_--Select--Schedule 4X-r'

2018-06-09 21:02:33 - [TEST_STEP][PASSED] - selectOptionByIndex: All options with index in [14] are selected on object 'Object Repository/lab/Page_KDMC/select_--Select--Automatic x-r'

2018-06-09 21:02:33 - [MESSAGE][PASSED] - All options with index in [14] are selected on object 'Object Repository/lab/Page_KDMC/select_--Select--Automatic x-r'

2018-06-09 21:02:33 - [TEST_STEP][PASSED] - setText: Text '10' is set on object 'Object Repository/lab/Page_KDMC/input_txttreat'

2018-06-09 21:02:34 - [MESSAGE][PASSED] - Text '10' is set on object 'Object Repository/lab/Page_KDMC/input_txttreat'

2018-06-09 21:02:34 - [TEST_STEP][PASSED] - click: Object: 'Object Repository/lab/Page_KDMC/button_Add' is clicked on

2018-06-09 21:02:34 - [MESSAGE][PASSED] - Object: 'Object Repository/lab/Page_KDMC/button_Add' is clicked on

2018-06-09 21:02:34 - [TEST_STEP][PASSED] - selectOptionByIndex: All options with index in [2] are selected on object 'Object Repository/lab/Page_KDMC/select_--Select--Schedule 4X-r'

2018-06-09 21:02:34 - [MESSAGE][PASSED] - All options with index in [2] are selected on object 'Object Repository/lab/Page_KDMC/select_--Select--Schedule 4X-r'

2018-06-09 21:02:34 - [TEST_STEP][PASSED] - selectOptionByIndex: All options with index in [15] are selected on object 'Object Repository/lab/Page_KDMC/select_--Select--Automatic x-r'

2018-06-09 21:02:34 - [MESSAGE][PASSED] - All options with index in [15] are selected on object 'Object Repository/lab/Page_KDMC/select_--Select--Automatic x-r'

2018-06-09 21:02:34 - [TEST_STEP][PASSED] - setText: Text '10' is set on object 'Object Repository/lab/Page_KDMC/input_txttreat'

2018-06-09 21:02:34 - [MESSAGE][PASSED] - Text '10' is set on object 'Object Repository/lab/Page_KDMC/input_txttreat'

2018-06-09 21:02:34 - [TEST_STEP][PASSED] - click: Object: 'Object Repository/lab/Page_KDMC/button_Add' is clicked on

2018-06-09 21:02:34 - [MESSAGE][PASSED] - Object: 'Object Repository/lab/Page_KDMC/button_Add' is clicked on

2018-06-09 21:02:34 - [TEST_STEP][PASSED] - selectOptionByIndex: All options with index in [2] are selected on object 'Object Repository/lab/Page_KDMC/select_--Select--Schedule 4X-r'

2018-06-09 21:02:34 - [MESSAGE][PASSED] - All options with index in [2] are selected on object 'Object Repository/lab/Page_KDMC/select_--Select--Schedule 4X-r'

2018-06-09 21:02:34 - [TEST_STEP][PASSED] - selectOptionByIndex: All options with index in [16] are selected on object 'Object Repository/lab/Page_KDMC/select_--Select--Automatic x-r'

2018-06-09 21:02:35 - [MESSAGE][PASSED] - All options with index in [16] are selected on object 'Object Repository/lab/Page_KDMC/select_--Select--Automatic x-r'

2018-06-09 21:02:35 - [TEST_STEP][PASSED] - setText: Text '10' is set on object 'Object Repository/lab/Page_KDMC/input_txttreat'

2018-06-09 21:02:35 - [MESSAGE][PASSED] - Text '10' is set on object 'Object Repository/lab/Page_KDMC/input_txttreat'

2018-06-09 21:02:35 - [TEST_STEP][PASSED] - click: Object: 'Object Repository/lab/Page_KDMC/button_Add' is clicked on

2018-06-09 21:02:35 - [MESSAGE][PASSED] - Object: 'Object Repository/lab/Page_KDMC/button_Add' is clicked on

2018-06-09 21:02:35 - [TEST_STEP][PASSED] - Statement - RN1 = com.kms.katalon.core.webui.keyword.WebUiBuiltInKeywords.getAttribute(com.kms.katalon.core.testobject.ObjectRepository.findTestObject(lab/Page_KDMC/input_txtno), "value"): Attribute 'value' of object 'Object Repository/lab/Page_KDMC/input_txtno' is: 'LRNO/09062018/420'

2018-06-09 21:02:35 - [MESSAGE][PASSED] - Attribute 'value' of object 'Object Repository/lab/Page_KDMC/input_txtno' is: 'LRNO/09062018/420'

2018-06-09 21:02:35 - [TEST_STEP][PASSED] - Statement - out.println(RN1): null

2018-06-09 21:02:35 - [TEST_STEP][PASSED] - Statement - RID = RN1.split("/")[2]: null

2018-06-09 21:02:35 - [TEST_STEP][PASSED] - scrollToElement: Scroll to object 'Object Repository/lab/Page_KDMC/input_btnsave' successfully

2018-06-09 21:02:35 - [MESSAGE][PASSED] - Scroll to object 'Object Repository/lab/Page_KDMC/input_btnsave' successfully

2018-06-09 21:02:35 - [TEST_STEP][PASSED] - click: Object: 'Object Repository/lab/Page_KDMC/input_btnsave' is clicked on

2018-06-09 21:02:35 - [MESSAGE][PASSED] - Object: 'Object Repository/lab/Page_KDMC/input_btnsave' is clicked on

2018-06-09 21:02:35 - [TEST_STEP][PASSED] - delay: Delayed 3 second(s)

2018-06-09 21:02:38 - [MESSAGE][PASSED] - Delayed 3 second(s)

2018-06-09 21:02:38 - [TEST_STEP][PASSED] - click: Object: 'Object Repository/lab/Page_KDMC/button_OK' is clicked on

2018-06-09 21:02:38 - [MESSAGE][PASSED] - Object: 'Object Repository/lab/Page_KDMC/button_OK' is clicked on

2018-06-09 21:02:38 - [TEST_STEP][PASSED] - delay: Delayed 3 second(s)

2018-06-09 21:02:41 - [MESSAGE][PASSED] - Delayed 3 second(s)

2018-06-09 21:02:41 - [TEST_STEP][PASSED] - click: Object: 'Object Repository/lab/Page_KDMC/a_dropdown-toggle' is clicked on

2018-06-09 21:02:41 - [MESSAGE][PASSED] - Object: 'Object Repository/lab/Page_KDMC/a_dropdown-toggle' is clicked on

2018-06-09 21:02:41 - [TEST_STEP][PASSED] - click: Object: 'Object Repository/lab/Page_KDMC/a_Sign out' is clicked on

2018-06-09 21:02:42 - [MESSAGE][PASSED] - Object: 'Object Repository/lab/Page_KDMC/a_Sign out' is clicked on

2018-06-09 21:02:42 - [TEST_STEP][PASSED] - delay: Delayed 3 second(s)

2018-06-09 21:02:45 - [MESSAGE][PASSED] - Delayed 3 second(s)

2018-06-09 21:02:45 - [TEST_STEP][PASSED] - click: Object: 'Object Repository/lab/Page_KDMC/a_CMO' is clicked on

2018-06-09 21:02:46 - [MESSAGE][PASSED] - Object: 'Object Repository/lab/Page_KDMC/a_CMO' is clicked on

2018-06-09 21:02:46 - [TEST_STEP][PASSED] - setText: Text 'guru' is set on object 'Object Repository/lab/Page_CMO login/input_txtusername'

2018-06-09 21:02:46 - [MESSAGE][PASSED] - Text 'guru' is set on object 'Object Repository/lab/Page_CMO login/input_txtusername'

2018-06-09 21:02:46 - [TEST_STEP][PASSED] - setText: Text '123' is set on object 'Object Repository/lab/Page_CMO login/input_txtpassword'

2018-06-09 21:02:46 - [MESSAGE][PASSED] - Text '123' is set on object 'Object Repository/lab/Page_CMO login/input_txtpassword'

2018-06-09 21:02:46 - [TEST_STEP][PASSED] - delay: Delayed 3 second(s)

2018-06-09 21:02:49 - [MESSAGE][PASSED] - Delayed 3 second(s)

2018-06-09 21:02:49 - [TEST_STEP][PASSED] - click: Object: 'Object Repository/lab/Page_CMO login/button_Sign in' is clicked on

2018-06-09 21:02:50 - [MESSAGE][PASSED] - Object: 'Object Repository/lab/Page_CMO login/button_Sign in' is clicked on

2018-06-09 21:02:50 - [TEST_STEP][PASSED] - click: Object: 'Object Repository/lab/Page_KDMC - CMO/span_Department Wise Request' is clicked on

2018-06-09 21:02:52 - [MESSAGE][PASSED] - Object: 'Object Repository/lab/Page_KDMC - CMO/span_Department Wise Request' is clicked on

2018-06-09 21:02:52 - [TEST_STEP][PASSED] - selectOptionByIndex: All options with index in [4] are selected on object 'Object Repository/lab/Page_KDMC - CMO/select_--ALL--'

2018-06-09 21:02:52 - [MESSAGE][PASSED] - All options with index in [4] are selected on object 'Object Repository/lab/Page_KDMC - CMO/select_--ALL--'

2018-06-09 21:02:52 - [TEST_STEP][PASSED] - selectOptionByIndex: All options with index in [1] are selected on object 'Object Repository/lab/Page_KDMC - CMO/select_--ALL--                _1'

2018-06-09 21:02:52 - [MESSAGE][PASSED] - All options with index in [1] are selected on object 'Object Repository/lab/Page_KDMC - CMO/select_--ALL--                _1'

2018-06-09 21:02:52 - [TEST_STEP][PASSED] - click: Object: 'Object Repository/lab/Page_KDMC - CMO/input_btnsearch' is clicked on

2018-06-09 21:02:53 - [MESSAGE][PASSED] - Object: 'Object Repository/lab/Page_KDMC - CMO/input_btnsearch' is clicked on

2018-06-09 21:02:53 - [TEST_STEP][PASSED] - Statement - ID = com.kms.katalon.core.webui.keyword.WebUiBuiltInKeywords.modifyObjectProperty(com.kms.katalon.core.testobject.ObjectRepository.findTestObject(lab/Page_KDMC - CMO/input_1), "xpath", "equals", "//*[@id=" + RID + "]", true): Modify property of object successfully

2018-06-09 21:02:53 - [MESSAGE][PASSED] - Modify property of object successfully

2018-06-09 21:02:53 - [TEST_STEP][PASSED] - click: Object: 'Object Repository/lab/Page_KDMC - CMO/input_1' is clicked on

2018-06-09 21:02:53 - [MESSAGE][PASSED] - Object: 'Object Repository/lab/Page_KDMC - CMO/input_1' is clicked on

2018-06-09 21:02:53 - [TEST_STEP][PASSED] - delay: Delayed 2 second(s)

2018-06-09 21:02:55 - [MESSAGE][PASSED] - Delayed 2 second(s)

2018-06-09 21:02:55 - [TEST_STEP][PASSED] - selectOptionByIndex: All options with index in [1] are selected on object 'Object Repository/lab/Page_KDMC - CMO/select_--Select--'

2018-06-09 21:02:55 - [MESSAGE][PASSED] - All options with index in [1] are selected on object 'Object Repository/lab/Page_KDMC - CMO/select_--Select--'

2018-06-09 21:02:55 - [TEST_STEP][PASSED] - click: Object: 'Object Repository/lab/Page_KDMC - CMO/input_btnupdate' is clicked on

2018-06-09 21:02:55 - [MESSAGE][PASSED] - Object: 'Object Repository/lab/Page_KDMC - CMO/input_btnupdate' is clicked on

2018-06-09 21:02:55 - [TEST_STEP][PASSED] - delay: Delayed 2 second(s)

2018-06-09 21:02:57 - [MESSAGE][PASSED] - Delayed 2 second(s)

2018-06-09 21:02:57 - [TEST_STEP][PASSED] - click: Object: 'Object Repository/lab/Page_KDMC - CMO/button_OK' is clicked on

2018-06-09 21:02:58 - [MESSAGE][PASSED] - Object: 'Object Repository/lab/Page_KDMC - CMO/button_OK' is clicked on

2018-06-09 21:02:58 - [TEST_STEP][PASSED] - delay: Delayed 3 second(s)

2018-06-09 21:03:01 - [MESSAGE][PASSED] - Delayed 3 second(s)

2018-06-09 21:03:01 - [TEST_STEP][PASSED] - click: Object: 'Object Repository/lab/Page_KDMC - CMO/a_dropdown-toggle' is clicked on

2018-06-09 21:03:01 - [MESSAGE][PASSED] - Object: 'Object Repository/lab/Page_KDMC - CMO/a_dropdown-toggle' is clicked on

2018-06-09 21:03:01 - [TEST_STEP][PASSED] - click: Object: 'Object Repository/lab/Page_KDMC - CMO/a_Sign out' is clicked on

2018-06-09 21:03:01 - [MESSAGE][PASSED] - Object: 'Object Repository/lab/Page_KDMC - CMO/a_Sign out' is clicked on

2018-06-09 21:03:01 - [TEST_STEP][PASSED] - delay: Delayed 3 second(s)

2018-06-09 21:03:04 - [MESSAGE][PASSED] - Delayed 3 second(s)

2018-06-09 21:03:04 - [TEST_STEP][PASSED] - click: Object: 'Object Repository/lab/Page_KDMC/a_Divisional Store' is clicked on

2018-06-09 21:03:05 - [MESSAGE][PASSED] - Object: 'Object Repository/lab/Page_KDMC/a_Divisional Store' is clicked on

2018-06-09 21:03:05 - [TEST_STEP][PASSED] - setText: Text 'ragu' is set on object 'Object Repository/lab/Page_Divisonal Store Login/input_txtusername'

2018-06-09 21:03:05 - [MESSAGE][PASSED] - Text 'ragu' is set on object 'Object Repository/lab/Page_Divisonal Store Login/input_txtusername'

2018-06-09 21:03:05 - [TEST_STEP][PASSED] - setText: Text '123' is set on object 'Object Repository/lab/Page_Divisonal Store Login/input_txtpassword'

2018-06-09 21:03:05 - [MESSAGE][PASSED] - Text '123' is set on object 'Object Repository/lab/Page_Divisonal Store Login/input_txtpassword'

2018-06-09 21:03:05 - [TEST_STEP][PASSED] - delay: Delayed 3 second(s)

2018-06-09 21:03:08 - [MESSAGE][PASSED] - Delayed 3 second(s)

2018-06-09 21:03:08 - [TEST_STEP][PASSED] - click: Object: 'Object Repository/lab/Page_Divisonal Store Login/button_Sign in' is clicked on

2018-06-09 21:03:10 - [MESSAGE][PASSED] - Object: 'Object Repository/lab/Page_Divisonal Store Login/button_Sign in' is clicked on

2018-06-09 21:03:10 - [TEST_STEP][PASSED] - delay: Delayed 3 second(s)

2018-06-09 21:03:13 - [MESSAGE][PASSED] - Delayed 3 second(s)

2018-06-09 21:03:13 - [TEST_STEP][PASSED] - click: Object: 'Object Repository/lab/Page_Store/a_Lab Request' is clicked on

2018-06-09 21:03:13 - [MESSAGE][PASSED] - Object: 'Object Repository/lab/Page_Store/a_Lab Request' is clicked on

2018-06-09 21:03:13 - [TEST_STEP][PASSED] - click: Object: 'Object Repository/lab/Page_Store/a_Request Item Lab' is clicked on

2018-06-09 21:03:14 - [MESSAGE][PASSED] - Object: 'Object Repository/lab/Page_Store/a_Request Item Lab' is clicked on

2018-06-09 21:03:14 - [TEST_STEP][PASSED] - Statement - ChooseRequest = com.kms.katalon.core.webui.keyword.WebUiBuiltInKeywords.modifyObjectProperty(com.kms.katalon.core.testobject.ObjectRepository.findTestObject(lab/Page_Store/input_1), "xpath", "equals", "//*[@id=" + RID + "]", true): Modify property of object successfully

2018-06-09 21:03:14 - [MESSAGE][PASSED] - Modify property of object successfully

2018-06-09 21:03:14 - [TEST_STEP][PASSED] - click: Object: 'Object Repository/lab/Page_Store/input_1' is clicked on

2018-06-09 21:03:15 - [MESSAGE][PASSED] - Object: 'Object Repository/lab/Page_Store/input_1' is clicked on

2018-06-09 21:03:15 - [TEST_STEP][PASSED] - delay: Delayed 2 second(s)

2018-06-09 21:03:17 - [MESSAGE][PASSED] - Delayed 2 second(s)

2018-06-09 21:03:17 - [TEST_STEP][PASSED] - Statement - selectedoptions = com.kms.katalon.core.webui.keyword.WebUiBuiltInKeywords.getNumberOfTotalOption(com.kms.katalon.core.testobject.ObjectRepository.findTestObject(lab/Page_Store/select_--Select--E.C.G. Jelly)): 17 options of object 'Object Repository/lab/Page_Store/select_--Select--E.C.G. Jelly' counted

2018-06-09 21:03:17 - [MESSAGE][PASSED] - 17 options of object 'Object Repository/lab/Page_Store/select_--Select--E.C.G. Jelly' counted

2018-06-09 21:03:17 - [TEST_STEP][PASSED] - Statement - For ([a = 1, a <= selectedoptions - 1, (a++)]): null

2018-06-09 21:03:17 - [TEST_STEP][PASSED] - selectOptionByIndex: All options with index in [1] are selected on object 'Object Repository/lab/Page_Store/select_--Select--E.C.G. Jelly'

2018-06-09 21:03:17 - [MESSAGE][PASSED] - All options with index in [1] are selected on object 'Object Repository/lab/Page_Store/select_--Select--E.C.G. Jelly'

2018-06-09 21:03:17 - [TEST_STEP][PASSED] - delay: Delayed 2 second(s)

2018-06-09 21:03:19 - [MESSAGE][PASSED] - Delayed 2 second(s)

2018-06-09 21:03:19 - [TEST_STEP][PASSED] - Statement - RequestedQty = com.kms.katalon.core.webui.keyword.WebUiBuiltInKeywords.getAttribute(com.kms.katalon.core.testobject.ObjectRepository.findTestObject(lab/Page_Store/input_txttotal), "value"): Attribute 'value' of object 'Object Repository/lab/Page_Store/input_txttotal' is: '10'

2018-06-09 21:03:19 - [MESSAGE][PASSED] - Attribute 'value' of object 'Object Repository/lab/Page_Store/input_txttotal' is: '10'

2018-06-09 21:03:19 - [TEST_STEP][PASSED] - Statement - out.println("Requested QTY : " + RequestedQty): null

2018-06-09 21:03:19 - [TEST_STEP][PASSED] - Statement - BatchNumber = com.kms.katalon.core.webui.keyword.WebUiBuiltInKeywords.getNumberOfTotalOption(com.kms.katalon.core.testobject.ObjectRepository.findTestObject(lab/Page_Store/select_--Select--BA50)): 4 options of object 'Object Repository/lab/Page_Store/select_--Select--BA50' counted

2018-06-09 21:03:19 - [MESSAGE][PASSED] - 4 options of object 'Object Repository/lab/Page_Store/select_--Select--BA50' counted

2018-06-09 21:03:19 - [TEST_STEP][PASSED] - Statement - For ([g = 1, g <= BatchNumber - 1, (g++)]): null

2018-06-09 21:03:19 - [TEST_STEP][PASSED] - selectOptionByIndex: All options with index in [1] are selected on object 'Object Repository/lab/Page_Store/select_--Select--BA50'

2018-06-09 21:03:20 - [MESSAGE][PASSED] - All options with index in [1] are selected on object 'Object Repository/lab/Page_Store/select_--Select--BA50'

2018-06-09 21:03:20 - [TEST_STEP][PASSED] - delay: Delayed 2 second(s)

2018-06-09 21:03:22 - [MESSAGE][PASSED] - Delayed 2 second(s)

2018-06-09 21:03:22 - [TEST_STEP][PASSED] - Statement - StockQty = com.kms.katalon.core.webui.keyword.WebUiBuiltInKeywords.getAttribute(com.kms.katalon.core.testobject.ObjectRepository.findTestObject(lab/Page_Store/input_txtprice), "value"): Attribute 'value' of object 'Object Repository/lab/Page_Store/input_txtprice' is: '1685'

2018-06-09 21:03:22 - [MESSAGE][PASSED] - Attribute 'value' of object 'Object Repository/lab/Page_Store/input_txtprice' is: '1685'

2018-06-09 21:03:22 - [TEST_STEP][PASSED] - Statement - out.println("Stock QTY : " + StockQty): null

2018-06-09 21:03:22 - [TEST_STEP][PASSED] - delay: Delayed 1 second(s)

2018-06-09 21:03:23 - [MESSAGE][PASSED] - Delayed 1 second(s)

2018-06-09 21:03:23 - [TEST_STEP][PASSED] - Statement - If (java.lang.Integer.valueOf(StockQty) >= java.lang.Integer.valueOf(RequestedQty)): null

2018-06-09 21:03:23 - [TEST_STEP][PASSED] - Statement - out.println(" " + StockQty + " >= " + RequestedQty): null

2018-06-09 21:03:23 - [TEST_STEP][PASSED] - Statement - Try: null

2018-06-09 21:03:23 - [TEST_STEP][PASSED] - setText: Text '10' is set on object 'Object Repository/lab/Page_Store/input_txtqty'

2018-06-09 21:03:23 - [MESSAGE][PASSED] - Text '10' is set on object 'Object Repository/lab/Page_Store/input_txtqty'

2018-06-09 21:03:23 - [TEST_STEP][PASSED] - click: Object: 'Object Repository/lab/Page_Store/button_Add' is clicked on

2018-06-09 21:03:23 - [MESSAGE][PASSED] - Object: 'Object Repository/lab/Page_Store/button_Add' is clicked on

2018-06-09 21:03:23 - [TEST_STEP][PASSED] - Statement - Break: null

2018-06-09 21:03:23 - [TEST_STEP][PASSED] - selectOptionByIndex: All options with index in [2] are selected on object 'Object Repository/lab/Page_Store/select_--Select--E.C.G. Jelly'

2018-06-09 21:03:23 - [MESSAGE][PASSED] - All options with index in [2] are selected on object 'Object Repository/lab/Page_Store/select_--Select--E.C.G. Jelly'

2018-06-09 21:03:23 - [TEST_STEP][PASSED] - delay: Delayed 2 second(s)

2018-06-09 21:03:25 - [MESSAGE][PASSED] - Delayed 2 second(s)

2018-06-09 21:03:25 - [TEST_STEP][PASSED] - Statement - RequestedQty = com.kms.katalon.core.webui.keyword.WebUiBuiltInKeywords.getAttribute(com.kms.katalon.core.testobject.ObjectRepository.findTestObject(lab/Page_Store/input_txttotal), "value"): Attribute 'value' of object 'Object Repository/lab/Page_Store/input_txttotal' is: '10'

2018-06-09 21:03:25 - [MESSAGE][PASSED] - Attribute 'value' of object 'Object Repository/lab/Page_Store/input_txttotal' is: '10'

2018-06-09 21:03:25 - [TEST_STEP][PASSED] - Statement - out.println("Requested QTY : " + RequestedQty): null

2018-06-09 21:03:25 - [TEST_STEP][PASSED] - Statement - BatchNumber = com.kms.katalon.core.webui.keyword.WebUiBuiltInKeywords.getNumberOfTotalOption(com.kms.katalon.core.testobject.ObjectRepository.findTestObject(lab/Page_Store/select_--Select--BA50)): 4 options of object 'Object Repository/lab/Page_Store/select_--Select--BA50' counted

2018-06-09 21:03:25 - [MESSAGE][PASSED] - 4 options of object 'Object Repository/lab/Page_Store/select_--Select--BA50' counted

2018-06-09 21:03:25 - [TEST_STEP][PASSED] - Statement - For ([g = 1, g <= BatchNumber - 1, (g++)]): null

2018-06-09 21:03:25 - [TEST_STEP][PASSED] - selectOptionByIndex: All options with index in [1] are selected on object 'Object Repository/lab/Page_Store/select_--Select--BA50'

2018-06-09 21:03:25 - [MESSAGE][PASSED] - All options with index in [1] are selected on object 'Object Repository/lab/Page_Store/select_--Select--BA50'

2018-06-09 21:03:25 - [TEST_STEP][PASSED] - delay: Delayed 2 second(s)

2018-06-09 21:03:27 - [MESSAGE][PASSED] - Delayed 2 second(s)

2018-06-09 21:03:27 - [TEST_STEP][PASSED] - Statement - StockQty = com.kms.katalon.core.webui.keyword.WebUiBuiltInKeywords.getAttribute(com.kms.katalon.core.testobject.ObjectRepository.findTestObject(lab/Page_Store/input_txtprice), "value"): Attribute 'value' of object 'Object Repository/lab/Page_Store/input_txtprice' is: '54'

2018-06-09 21:03:27 - [MESSAGE][PASSED] - Attribute 'value' of object 'Object Repository/lab/Page_Store/input_txtprice' is: '54'

2018-06-09 21:03:27 - [TEST_STEP][PASSED] - Statement - out.println("Stock QTY : " + StockQty): null

2018-06-09 21:03:27 - [TEST_STEP][PASSED] - delay: Delayed 1 second(s)

2018-06-09 21:03:28 - [MESSAGE][PASSED] - Delayed 1 second(s)

2018-06-09 21:03:28 - [TEST_STEP][PASSED] - Statement - If (java.lang.Integer.valueOf(StockQty) >= java.lang.Integer.valueOf(RequestedQty)): null

2018-06-09 21:03:28 - [TEST_STEP][PASSED] - Statement - out.println(" " + StockQty + " >= " + RequestedQty): null

2018-06-09 21:03:28 - [TEST_STEP][PASSED] - Statement - Try: null

2018-06-09 21:03:28 - [TEST_STEP][PASSED] - setText: Text '10' is set on object 'Object Repository/lab/Page_Store/input_txtqty'

2018-06-09 21:03:28 - [MESSAGE][PASSED] - Text '10' is set on object 'Object Repository/lab/Page_Store/input_txtqty'

2018-06-09 21:03:28 - [TEST_STEP][PASSED] - click: Object: 'Object Repository/lab/Page_Store/button_Add' is clicked on

2018-06-09 21:03:28 - [MESSAGE][PASSED] - Object: 'Object Repository/lab/Page_Store/button_Add' is clicked on

2018-06-09 21:03:28 - [TEST_STEP][PASSED] - Statement - Break: null

2018-06-09 21:03:28 - [TEST_STEP][PASSED] - selectOptionByIndex: All options with index in [3] are selected on object 'Object Repository/lab/Page_Store/select_--Select--E.C.G. Jelly'

2018-06-09 21:03:29 - [MESSAGE][PASSED] - All options with index in [3] are selected on object 'Object Repository/lab/Page_Store/select_--Select--E.C.G. Jelly'

2018-06-09 21:03:29 - [TEST_STEP][PASSED] - delay: Delayed 2 second(s)

2018-06-09 21:03:31 - [MESSAGE][PASSED] - Delayed 2 second(s)

2018-06-09 21:03:31 - [TEST_STEP][PASSED] - Statement - RequestedQty = com.kms.katalon.core.webui.keyword.WebUiBuiltInKeywords.getAttribute(com.kms.katalon.core.testobject.ObjectRepository.findTestObject(lab/Page_Store/input_txttotal), "value"): Attribute 'value' of object 'Object Repository/lab/Page_Store/input_txttotal' is: '10'

2018-06-09 21:03:31 - [MESSAGE][PASSED] - Attribute 'value' of object 'Object Repository/lab/Page_Store/input_txttotal' is: '10'

2018-06-09 21:03:31 - [TEST_STEP][PASSED] - Statement - out.println("Requested QTY : " + RequestedQty): null

2018-06-09 21:03:31 - [TEST_STEP][PASSED] - Statement - BatchNumber = com.kms.katalon.core.webui.keyword.WebUiBuiltInKeywords.getNumberOfTotalOption(com.kms.katalon.core.testobject.ObjectRepository.findTestObject(lab/Page_Store/select_--Select--BA50)): 3 options of object 'Object Repository/lab/Page_Store/select_--Select--BA50' counted

2018-06-09 21:03:31 - [MESSAGE][PASSED] - 3 options of object 'Object Repository/lab/Page_Store/select_--Select--BA50' counted

2018-06-09 21:03:31 - [TEST_STEP][PASSED] - Statement - For ([g = 1, g <= BatchNumber - 1, (g++)]): null

2018-06-09 21:03:31 - [TEST_STEP][PASSED] - selectOptionByIndex: All options with index in [1] are selected on object 'Object Repository/lab/Page_Store/select_--Select--BA50'

2018-06-09 21:03:31 - [MESSAGE][PASSED] - All options with index in [1] are selected on object 'Object Repository/lab/Page_Store/select_--Select--BA50'

2018-06-09 21:03:31 - [TEST_STEP][PASSED] - delay: Delayed 2 second(s)

2018-06-09 21:03:33 - [MESSAGE][PASSED] - Delayed 2 second(s)

2018-06-09 21:03:33 - [TEST_STEP][PASSED] - Statement - StockQty = com.kms.katalon.core.webui.keyword.WebUiBuiltInKeywords.getAttribute(com.kms.katalon.core.testobject.ObjectRepository.findTestObject(lab/Page_Store/input_txtprice), "value"): Attribute 'value' of object 'Object Repository/lab/Page_Store/input_txtprice' is: '1600'

2018-06-09 21:03:33 - [MESSAGE][PASSED] - Attribute 'value' of object 'Object Repository/lab/Page_Store/input_txtprice' is: '1600'

2018-06-09 21:03:33 - [TEST_STEP][PASSED] - Statement - out.println("Stock QTY : " + StockQty): null

2018-06-09 21:03:33 - [TEST_STEP][PASSED] - delay: Delayed 1 second(s)

2018-06-09 21:03:34 - [MESSAGE][PASSED] - Delayed 1 second(s)

2018-06-09 21:03:34 - [TEST_STEP][PASSED] - Statement - If (java.lang.Integer.valueOf(StockQty) >= java.lang.Integer.valueOf(RequestedQty)): null

2018-06-09 21:03:34 - [TEST_STEP][PASSED] - Statement - out.println(" " + StockQty + " >= " + RequestedQty): null

2018-06-09 21:03:34 - [TEST_STEP][PASSED] - Statement - Try: null

2018-06-09 21:03:34 - [TEST_STEP][PASSED] - setText: Text '10' is set on object 'Object Repository/lab/Page_Store/input_txtqty'

2018-06-09 21:03:34 - [MESSAGE][PASSED] - Text '10' is set on object 'Object Repository/lab/Page_Store/input_txtqty'

2018-06-09 21:03:34 - [TEST_STEP][PASSED] - click: Object: 'Object Repository/lab/Page_Store/button_Add' is clicked on

2018-06-09 21:03:34 - [MESSAGE][PASSED] - Object: 'Object Repository/lab/Page_Store/button_Add' is clicked on

2018-06-09 21:03:34 - [TEST_STEP][PASSED] - Statement - Break: null

2018-06-09 21:03:34 - [TEST_STEP][PASSED] - selectOptionByIndex: All options with index in [4] are selected on object 'Object Repository/lab/Page_Store/select_--Select--E.C.G. Jelly'

2018-06-09 21:03:34 - [MESSAGE][PASSED] - All options with index in [4] are selected on object 'Object Repository/lab/Page_Store/select_--Select--E.C.G. Jelly'

2018-06-09 21:03:34 - [TEST_STEP][PASSED] - delay: Delayed 2 second(s)

2018-06-09 21:03:36 - [MESSAGE][PASSED] - Delayed 2 second(s)

2018-06-09 21:03:36 - [TEST_STEP][PASSED] - Statement - RequestedQty = com.kms.katalon.core.webui.keyword.WebUiBuiltInKeywords.getAttribute(com.kms.katalon.core.testobject.ObjectRepository.findTestObject(lab/Page_Store/input_txttotal), "value"): Attribute 'value' of object 'Object Repository/lab/Page_Store/input_txttotal' is: '10'

2018-06-09 21:03:36 - [MESSAGE][PASSED] - Attribute 'value' of object 'Object Repository/lab/Page_Store/input_txttotal' is: '10'

2018-06-09 21:03:36 - [TEST_STEP][PASSED] - Statement - out.println("Requested QTY : " + RequestedQty): null

2018-06-09 21:03:36 - [TEST_STEP][PASSED] - Statement - BatchNumber = com.kms.katalon.core.webui.keyword.WebUiBuiltInKeywords.getNumberOfTotalOption(com.kms.katalon.core.testobject.ObjectRepository.findTestObject(lab/Page_Store/select_--Select--BA50)): 3 options of object 'Object Repository/lab/Page_Store/select_--Select--BA50' counted

2018-06-09 21:03:36 - [MESSAGE][PASSED] - 3 options of object 'Object Repository/lab/Page_Store/select_--Select--BA50' counted

2018-06-09 21:03:36 - [TEST_STEP][PASSED] - Statement - For ([g = 1, g <= BatchNumber - 1, (g++)]): null

2018-06-09 21:03:36 - [TEST_STEP][PASSED] - selectOptionByIndex: All options with index in [1] are selected on object 'Object Repository/lab/Page_Store/select_--Select--BA50'

2018-06-09 21:03:36 - [MESSAGE][PASSED] - All options with index in [1] are selected on object 'Object Repository/lab/Page_Store/select_--Select--BA50'

2018-06-09 21:03:36 - [TEST_STEP][PASSED] - delay: Delayed 2 second(s)

2018-06-09 21:03:38 - [MESSAGE][PASSED] - Delayed 2 second(s)

2018-06-09 21:03:38 - [TEST_STEP][PASSED] - Statement - StockQty = com.kms.katalon.core.webui.keyword.WebUiBuiltInKeywords.getAttribute(com.kms.katalon.core.testobject.ObjectRepository.findTestObject(lab/Page_Store/input_txtprice), "value"): Attribute 'value' of object 'Object Repository/lab/Page_Store/input_txtprice' is: '1600'

2018-06-09 21:03:38 - [MESSAGE][PASSED] - Attribute 'value' of object 'Object Repository/lab/Page_Store/input_txtprice' is: '1600'

2018-06-09 21:03:38 - [TEST_STEP][PASSED] - Statement - out.println("Stock QTY : " + StockQty): null

2018-06-09 21:03:38 - [TEST_STEP][PASSED] - delay: Delayed 1 second(s)

2018-06-09 21:03:39 - [MESSAGE][PASSED] - Delayed 1 second(s)

2018-06-09 21:03:39 - [TEST_STEP][PASSED] - Statement - If (java.lang.Integer.valueOf(StockQty) >= java.lang.Integer.valueOf(RequestedQty)): null

2018-06-09 21:03:39 - [TEST_STEP][PASSED] - Statement - out.println(" " + StockQty + " >= " + RequestedQty): null

2018-06-09 21:03:39 - [TEST_STEP][PASSED] - Statement - Try: null

2018-06-09 21:03:39 - [TEST_STEP][PASSED] - setText: Text '10' is set on object 'Object Repository/lab/Page_Store/input_txtqty'

2018-06-09 21:03:39 - [MESSAGE][PASSED] - Text '10' is set on object 'Object Repository/lab/Page_Store/input_txtqty'

2018-06-09 21:03:39 - [TEST_STEP][PASSED] - click: Object: 'Object Repository/lab/Page_Store/button_Add' is clicked on

2018-06-09 21:03:39 - [MESSAGE][PASSED] - Object: 'Object Repository/lab/Page_Store/button_Add' is clicked on

2018-06-09 21:03:39 - [TEST_STEP][PASSED] - Statement - Break: null

2018-06-09 21:03:39 - [TEST_STEP][PASSED] - selectOptionByIndex: All options with index in [5] are selected on object 'Object Repository/lab/Page_Store/select_--Select--E.C.G. Jelly'

2018-06-09 21:03:40 - [MESSAGE][PASSED] - All options with index in [5] are selected on object 'Object Repository/lab/Page_Store/select_--Select--E.C.G. Jelly'

2018-06-09 21:03:40 - [TEST_STEP][PASSED] - delay: Delayed 2 second(s)

2018-06-09 21:03:42 - [MESSAGE][PASSED] - Delayed 2 second(s)

2018-06-09 21:03:42 - [TEST_STEP][PASSED] - Statement - RequestedQty = com.kms.katalon.core.webui.keyword.WebUiBuiltInKeywords.getAttribute(com.kms.katalon.core.testobject.ObjectRepository.findTestObject(lab/Page_Store/input_txttotal), "value"): Attribute 'value' of object 'Object Repository/lab/Page_Store/input_txttotal' is: '10'

2018-06-09 21:03:42 - [MESSAGE][PASSED] - Attribute 'value' of object 'Object Repository/lab/Page_Store/input_txttotal' is: '10'

2018-06-09 21:03:42 - [TEST_STEP][PASSED] - Statement - out.println("Requested QTY : " + RequestedQty): null

2018-06-09 21:03:42 - [TEST_STEP][PASSED] - Statement - BatchNumber = com.kms.katalon.core.webui.keyword.WebUiBuiltInKeywords.getNumberOfTotalOption(com.kms.katalon.core.testobject.ObjectRepository.findTestObject(lab/Page_Store/select_--Select--BA50)): 3 options of object 'Object Repository/lab/Page_Store/select_--Select--BA50' counted

2018-06-09 21:03:42 - [MESSAGE][PASSED] - 3 options of object 'Object Repository/lab/Page_Store/select_--Select--BA50' counted

2018-06-09 21:03:42 - [TEST_STEP][PASSED] - Statement - For ([g = 1, g <= BatchNumber - 1, (g++)]): null

2018-06-09 21:03:42 - [TEST_STEP][PASSED] - selectOptionByIndex: All options with index in [1] are selected on object 'Object Repository/lab/Page_Store/select_--Select--BA50'

2018-06-09 21:03:42 - [MESSAGE][PASSED] - All options with index in [1] are selected on object 'Object Repository/lab/Page_Store/select_--Select--BA50'

2018-06-09 21:03:42 - [TEST_STEP][PASSED] - delay: Delayed 2 second(s)

2018-06-09 21:03:44 - [MESSAGE][PASSED] - Delayed 2 second(s)

2018-06-09 21:03:44 - [TEST_STEP][PASSED] - Statement - StockQty = com.kms.katalon.core.webui.keyword.WebUiBuiltInKeywords.getAttribute(com.kms.katalon.core.testobject.ObjectRepository.findTestObject(lab/Page_Store/input_txtprice), "value"): Attribute 'value' of object 'Object Repository/lab/Page_Store/input_txtprice' is: '1620'

2018-06-09 21:03:44 - [MESSAGE][PASSED] - Attribute 'value' of object 'Object Repository/lab/Page_Store/input_txtprice' is: '1620'

2018-06-09 21:03:44 - [TEST_STEP][PASSED] - Statement - out.println("Stock QTY : " + StockQty): null

2018-06-09 21:03:44 - [TEST_STEP][PASSED] - delay: Delayed 1 second(s)

2018-06-09 21:03:45 - [MESSAGE][PASSED] - Delayed 1 second(s)

2018-06-09 21:03:45 - [TEST_STEP][PASSED] - Statement - If (java.lang.Integer.valueOf(StockQty) >= java.lang.Integer.valueOf(RequestedQty)): null

2018-06-09 21:03:45 - [TEST_STEP][PASSED] - Statement - out.println(" " + StockQty + " >= " + RequestedQty): null

2018-06-09 21:03:45 - [TEST_STEP][PASSED] - Statement - Try: null

2018-06-09 21:03:45 - [TEST_STEP][PASSED] - setText: Text '10' is set on object 'Object Repository/lab/Page_Store/input_txtqty'

2018-06-09 21:03:45 - [MESSAGE][PASSED] - Text '10' is set on object 'Object Repository/lab/Page_Store/input_txtqty'

2018-06-09 21:03:45 - [TEST_STEP][PASSED] - click: Object: 'Object Repository/lab/Page_Store/button_Add' is clicked on

2018-06-09 21:03:45 - [MESSAGE][PASSED] - Object: 'Object Repository/lab/Page_Store/button_Add' is clicked on

2018-06-09 21:03:45 - [TEST_STEP][PASSED] - Statement - Break: null

2018-06-09 21:03:45 - [TEST_STEP][PASSED] - selectOptionByIndex: All options with index in [6] are selected on object 'Object Repository/lab/Page_Store/select_--Select--E.C.G. Jelly'

2018-06-09 21:03:45 - [MESSAGE][PASSED] - All options with index in [6] are selected on object 'Object Repository/lab/Page_Store/select_--Select--E.C.G. Jelly'

2018-06-09 21:03:45 - [TEST_STEP][PASSED] - delay: Delayed 2 second(s)

2018-06-09 21:03:47 - [MESSAGE][PASSED] - Delayed 2 second(s)

2018-06-09 21:03:47 - [TEST_STEP][PASSED] - Statement - RequestedQty = com.kms.katalon.core.webui.keyword.WebUiBuiltInKeywords.getAttribute(com.kms.katalon.core.testobject.ObjectRepository.findTestObject(lab/Page_Store/input_txttotal), "value"): Attribute 'value' of object 'Object Repository/lab/Page_Store/input_txttotal' is: '10'

2018-06-09 21:03:47 - [MESSAGE][PASSED] - Attribute 'value' of object 'Object Repository/lab/Page_Store/input_txttotal' is: '10'

2018-06-09 21:03:47 - [TEST_STEP][PASSED] - Statement - out.println("Requested QTY : " + RequestedQty): null

2018-06-09 21:03:47 - [TEST_STEP][PASSED] - Statement - BatchNumber = com.kms.katalon.core.webui.keyword.WebUiBuiltInKeywords.getNumberOfTotalOption(com.kms.katalon.core.testobject.ObjectRepository.findTestObject(lab/Page_Store/select_--Select--BA50)): 3 options of object 'Object Repository/lab/Page_Store/select_--Select--BA50' counted

2018-06-09 21:03:47 - [MESSAGE][PASSED] - 3 options of object 'Object Repository/lab/Page_Store/select_--Select--BA50' counted

2018-06-09 21:03:47 - [TEST_STEP][PASSED] - Statement - For ([g = 1, g <= BatchNumber - 1, (g++)]): null

2018-06-09 21:03:47 - [TEST_STEP][PASSED] - selectOptionByIndex: All options with index in [1] are selected on object 'Object Repository/lab/Page_Store/select_--Select--BA50'

2018-06-09 21:03:47 - [MESSAGE][PASSED] - All options with index in [1] are selected on object 'Object Repository/lab/Page_Store/select_--Select--BA50'

2018-06-09 21:03:47 - [TEST_STEP][PASSED] - delay: Delayed 2 second(s)

2018-06-09 21:03:49 - [MESSAGE][PASSED] - Delayed 2 second(s)

2018-06-09 21:03:49 - [TEST_STEP][PASSED] - Statement - StockQty = com.kms.katalon.core.webui.keyword.WebUiBuiltInKeywords.getAttribute(com.kms.katalon.core.testobject.ObjectRepository.findTestObject(lab/Page_Store/input_txtprice), "value"): Attribute 'value' of object 'Object Repository/lab/Page_Store/input_txtprice' is: '1275'

2018-06-09 21:03:49 - [MESSAGE][PASSED] - Attribute 'value' of object 'Object Repository/lab/Page_Store/input_txtprice' is: '1275'

2018-06-09 21:03:49 - [TEST_STEP][PASSED] - Statement - out.println("Stock QTY : " + StockQty): null

2018-06-09 21:03:49 - [TEST_STEP][PASSED] - delay: Delayed 1 second(s)

2018-06-09 21:03:50 - [MESSAGE][PASSED] - Delayed 1 second(s)

2018-06-09 21:03:50 - [TEST_STEP][PASSED] - Statement - If (java.lang.Integer.valueOf(StockQty) >= java.lang.Integer.valueOf(RequestedQty)): null

2018-06-09 21:03:50 - [TEST_STEP][PASSED] - Statement - out.println(" " + StockQty + " >= " + RequestedQty): null

2018-06-09 21:03:50 - [TEST_STEP][PASSED] - Statement - Try: null

2018-06-09 21:03:50 - [TEST_STEP][PASSED] - setText: Text '10' is set on object 'Object Repository/lab/Page_Store/input_txtqty'

2018-06-09 21:03:51 - [MESSAGE][PASSED] - Text '10' is set on object 'Object Repository/lab/Page_Store/input_txtqty'

2018-06-09 21:03:51 - [TEST_STEP][PASSED] - click: Object: 'Object Repository/lab/Page_Store/button_Add' is clicked on

2018-06-09 21:03:51 - [MESSAGE][PASSED] - Object: 'Object Repository/lab/Page_Store/button_Add' is clicked on

2018-06-09 21:03:51 - [TEST_STEP][PASSED] - Statement - Break: null

2018-06-09 21:03:51 - [TEST_STEP][PASSED] - selectOptionByIndex: All options with index in [7] are selected on object 'Object Repository/lab/Page_Store/select_--Select--E.C.G. Jelly'

2018-06-09 21:03:51 - [MESSAGE][PASSED] - All options with index in [7] are selected on object 'Object Repository/lab/Page_Store/select_--Select--E.C.G. Jelly'

2018-06-09 21:03:51 - [TEST_STEP][PASSED] - delay: Delayed 2 second(s)

2018-06-09 21:03:53 - [MESSAGE][PASSED] - Delayed 2 second(s)

2018-06-09 21:03:53 - [TEST_STEP][PASSED] - Statement - RequestedQty = com.kms.katalon.core.webui.keyword.WebUiBuiltInKeywords.getAttribute(com.kms.katalon.core.testobject.ObjectRepository.findTestObject(lab/Page_Store/input_txttotal), "value"): Attribute 'value' of object 'Object Repository/lab/Page_Store/input_txttotal' is: '10'

2018-06-09 21:03:53 - [MESSAGE][PASSED] - Attribute 'value' of object 'Object Repository/lab/Page_Store/input_txttotal' is: '10'

2018-06-09 21:03:53 - [TEST_STEP][PASSED] - Statement - out.println("Requested QTY : " + RequestedQty): null

2018-06-09 21:03:53 - [TEST_STEP][PASSED] - Statement - BatchNumber = com.kms.katalon.core.webui.keyword.WebUiBuiltInKeywords.getNumberOfTotalOption(com.kms.katalon.core.testobject.ObjectRepository.findTestObject(lab/Page_Store/select_--Select--BA50)): 5 options of object 'Object Repository/lab/Page_Store/select_--Select--BA50' counted

2018-06-09 21:03:53 - [MESSAGE][PASSED] - 5 options of object 'Object Repository/lab/Page_Store/select_--Select--BA50' counted

2018-06-09 21:03:53 - [TEST_STEP][PASSED] - Statement - For ([g = 1, g <= BatchNumber - 1, (g++)]): null

2018-06-09 21:03:53 - [TEST_STEP][PASSED] - selectOptionByIndex: All options with index in [1] are selected on object 'Object Repository/lab/Page_Store/select_--Select--BA50'

2018-06-09 21:03:53 - [MESSAGE][PASSED] - All options with index in [1] are selected on object 'Object Repository/lab/Page_Store/select_--Select--BA50'

2018-06-09 21:03:53 - [TEST_STEP][PASSED] - delay: Delayed 2 second(s)

2018-06-09 21:03:55 - [MESSAGE][PASSED] - Delayed 2 second(s)

2018-06-09 21:03:55 - [TEST_STEP][PASSED] - Statement - StockQty = com.kms.katalon.core.webui.keyword.WebUiBuiltInKeywords.getAttribute(com.kms.katalon.core.testobject.ObjectRepository.findTestObject(lab/Page_Store/input_txtprice), "value"): Attribute 'value' of object 'Object Repository/lab/Page_Store/input_txtprice' is: '4'

2018-06-09 21:03:55 - [MESSAGE][PASSED] - Attribute 'value' of object 'Object Repository/lab/Page_Store/input_txtprice' is: '4'

2018-06-09 21:03:55 - [TEST_STEP][PASSED] - Statement - out.println("Stock QTY : " + StockQty): null

2018-06-09 21:03:55 - [TEST_STEP][PASSED] - delay: Delayed 1 second(s)

2018-06-09 21:03:56 - [MESSAGE][PASSED] - Delayed 1 second(s)

2018-06-09 21:03:56 - [TEST_STEP][PASSED] - Statement - If (java.lang.Integer.valueOf(StockQty) >= java.lang.Integer.valueOf(RequestedQty)): null

2018-06-09 21:03:56 - [TEST_STEP][PASSED] - Statement - Else: null

2018-06-09 21:03:56 - [TEST_STEP][PASSED] - Statement - out.println("Stock Is Less Than Requested Qty"): null

2018-06-09 21:03:56 - [TEST_STEP][PASSED] - selectOptionByIndex: All options with index in [2] are selected on object 'Object Repository/lab/Page_Store/select_--Select--BA50'

2018-06-09 21:03:56 - [MESSAGE][PASSED] - All options with index in [2] are selected on object 'Object Repository/lab/Page_Store/select_--Select--BA50'

2018-06-09 21:03:56 - [TEST_STEP][PASSED] - delay: Delayed 2 second(s)

2018-06-09 21:03:58 - [MESSAGE][PASSED] - Delayed 2 second(s)

2018-06-09 21:03:58 - [TEST_STEP][PASSED] - Statement - StockQty = com.kms.katalon.core.webui.keyword.WebUiBuiltInKeywords.getAttribute(com.kms.katalon.core.testobject.ObjectRepository.findTestObject(lab/Page_Store/input_txtprice), "value"): Attribute 'value' of object 'Object Repository/lab/Page_Store/input_txtprice' is: '1260'

2018-06-09 21:03:58 - [MESSAGE][PASSED] - Attribute 'value' of object 'Object Repository/lab/Page_Store/input_txtprice' is: '1260'

2018-06-09 21:03:58 - [TEST_STEP][PASSED] - Statement - out.println("Stock QTY : " + StockQty): null

2018-06-09 21:03:58 - [TEST_STEP][PASSED] - delay: Delayed 1 second(s)

2018-06-09 21:03:59 - [MESSAGE][PASSED] - Delayed 1 second(s)

2018-06-09 21:03:59 - [TEST_STEP][PASSED] - Statement - If (java.lang.Integer.valueOf(StockQty) >= java.lang.Integer.valueOf(RequestedQty)): null

2018-06-09 21:03:59 - [TEST_STEP][PASSED] - Statement - out.println(" " + StockQty + " >= " + RequestedQty): null

2018-06-09 21:03:59 - [TEST_STEP][PASSED] - Statement - Try: null

2018-06-09 21:03:59 - [TEST_STEP][PASSED] - setText: Text '10' is set on object 'Object Repository/lab/Page_Store/input_txtqty'

2018-06-09 21:03:59 - [MESSAGE][PASSED] - Text '10' is set on object 'Object Repository/lab/Page_Store/input_txtqty'

2018-06-09 21:03:59 - [TEST_STEP][PASSED] - click: Object: 'Object Repository/lab/Page_Store/button_Add' is clicked on

2018-06-09 21:03:59 - [MESSAGE][PASSED] - Object: 'Object Repository/lab/Page_Store/button_Add' is clicked on

2018-06-09 21:03:59 - [TEST_STEP][PASSED] - Statement - Break: null

2018-06-09 21:03:59 - [TEST_STEP][PASSED] - selectOptionByIndex: All options with index in [8] are selected on object 'Object Repository/lab/Page_Store/select_--Select--E.C.G. Jelly'

2018-06-09 21:04:00 - [MESSAGE][PASSED] - All options with index in [8] are selected on object 'Object Repository/lab/Page_Store/select_--Select--E.C.G. Jelly'

2018-06-09 21:04:00 - [TEST_STEP][PASSED] - delay: Delayed 2 second(s)

2018-06-09 21:04:02 - [MESSAGE][PASSED] - Delayed 2 second(s)

2018-06-09 21:04:02 - [TEST_STEP][PASSED] - Statement - RequestedQty = com.kms.katalon.core.webui.keyword.WebUiBuiltInKeywords.getAttribute(com.kms.katalon.core.testobject.ObjectRepository.findTestObject(lab/Page_Store/input_txttotal), "value"): Attribute 'value' of object 'Object Repository/lab/Page_Store/input_txttotal' is: '10'

2018-06-09 21:04:02 - [MESSAGE][PASSED] - Attribute 'value' of object 'Object Repository/lab/Page_Store/input_txttotal' is: '10'

2018-06-09 21:04:02 - [TEST_STEP][PASSED] - Statement - out.println("Requested QTY : " + RequestedQty): null

2018-06-09 21:04:02 - [TEST_STEP][PASSED] - Statement - BatchNumber = com.kms.katalon.core.webui.keyword.WebUiBuiltInKeywords.getNumberOfTotalOption(com.kms.katalon.core.testobject.ObjectRepository.findTestObject(lab/Page_Store/select_--Select--BA50)): 3 options of object 'Object Repository/lab/Page_Store/select_--Select--BA50' counted

2018-06-09 21:04:02 - [MESSAGE][PASSED] - 3 options of object 'Object Repository/lab/Page_Store/select_--Select--BA50' counted

2018-06-09 21:04:02 - [TEST_STEP][PASSED] - Statement - For ([g = 1, g <= BatchNumber - 1, (g++)]): null

2018-06-09 21:04:02 - [TEST_STEP][PASSED] - selectOptionByIndex: All options with index in [1] are selected on object 'Object Repository/lab/Page_Store/select_--Select--BA50'

2018-06-09 21:04:02 - [MESSAGE][PASSED] - All options with index in [1] are selected on object 'Object Repository/lab/Page_Store/select_--Select--BA50'

2018-06-09 21:04:02 - [TEST_STEP][PASSED] - delay: Delayed 2 second(s)

2018-06-09 21:04:04 - [MESSAGE][PASSED] - Delayed 2 second(s)

2018-06-09 21:04:04 - [TEST_STEP][PASSED] - Statement - StockQty = com.kms.katalon.core.webui.keyword.WebUiBuiltInKeywords.getAttribute(com.kms.katalon.core.testobject.ObjectRepository.findTestObject(lab/Page_Store/input_txtprice), "value"): Attribute 'value' of object 'Object Repository/lab/Page_Store/input_txtprice' is: '1389'

2018-06-09 21:04:04 - [MESSAGE][PASSED] - Attribute 'value' of object 'Object Repository/lab/Page_Store/input_txtprice' is: '1389'

2018-06-09 21:04:04 - [TEST_STEP][PASSED] - Statement - out.println("Stock QTY : " + StockQty): null

2018-06-09 21:04:04 - [TEST_STEP][PASSED] - delay: Delayed 1 second(s)

2018-06-09 21:04:05 - [MESSAGE][PASSED] - Delayed 1 second(s)

2018-06-09 21:04:05 - [TEST_STEP][PASSED] - Statement - If (java.lang.Integer.valueOf(StockQty) >= java.lang.Integer.valueOf(RequestedQty)): null

2018-06-09 21:04:05 - [TEST_STEP][PASSED] - Statement - out.println(" " + StockQty + " >= " + RequestedQty): null

2018-06-09 21:04:05 - [TEST_STEP][PASSED] - Statement - Try: null

2018-06-09 21:04:05 - [TEST_STEP][PASSED] - setText: Text '10' is set on object 'Object Repository/lab/Page_Store/input_txtqty'

2018-06-09 21:04:05 - [MESSAGE][PASSED] - Text '10' is set on object 'Object Repository/lab/Page_Store/input_txtqty'

2018-06-09 21:04:05 - [TEST_STEP][PASSED] - click: Object: 'Object Repository/lab/Page_Store/button_Add' is clicked on

2018-06-09 21:04:05 - [MESSAGE][PASSED] - Object: 'Object Repository/lab/Page_Store/button_Add' is clicked on

2018-06-09 21:04:05 - [TEST_STEP][PASSED] - Statement - Break: null

2018-06-09 21:04:05 - [TEST_STEP][PASSED] - selectOptionByIndex: All options with index in [9] are selected on object 'Object Repository/lab/Page_Store/select_--Select--E.C.G. Jelly'

2018-06-09 21:04:05 - [MESSAGE][PASSED] - All options with index in [9] are selected on object 'Object Repository/lab/Page_Store/select_--Select--E.C.G. Jelly'

2018-06-09 21:04:05 - [TEST_STEP][PASSED] - delay: Delayed 2 second(s)

2018-06-09 21:04:07 - [MESSAGE][PASSED] - Delayed 2 second(s)

2018-06-09 21:04:07 - [TEST_STEP][PASSED] - Statement - RequestedQty = com.kms.katalon.core.webui.keyword.WebUiBuiltInKeywords.getAttribute(com.kms.katalon.core.testobject.ObjectRepository.findTestObject(lab/Page_Store/input_txttotal), "value"): Attribute 'value' of object 'Object Repository/lab/Page_Store/input_txttotal' is: '10'

2018-06-09 21:04:07 - [MESSAGE][PASSED] - Attribute 'value' of object 'Object Repository/lab/Page_Store/input_txttotal' is: '10'

2018-06-09 21:04:07 - [TEST_STEP][PASSED] - Statement - out.println("Requested QTY : " + RequestedQty): null

2018-06-09 21:04:07 - [TEST_STEP][PASSED] - Statement - BatchNumber = com.kms.katalon.core.webui.keyword.WebUiBuiltInKeywords.getNumberOfTotalOption(com.kms.katalon.core.testobject.ObjectRepository.findTestObject(lab/Page_Store/select_--Select--BA50)): 3 options of object 'Object Repository/lab/Page_Store/select_--Select--BA50' counted

2018-06-09 21:04:07 - [MESSAGE][PASSED] - 3 options of object 'Object Repository/lab/Page_Store/select_--Select--BA50' counted

2018-06-09 21:04:07 - [TEST_STEP][PASSED] - Statement - For ([g = 1, g <= BatchNumber - 1, (g++)]): null

2018-06-09 21:04:07 - [TEST_STEP][PASSED] - selectOptionByIndex: All options with index in [1] are selected on object 'Object Repository/lab/Page_Store/select_--Select--BA50'

2018-06-09 21:04:07 - [MESSAGE][PASSED] - All options with index in [1] are selected on object 'Object Repository/lab/Page_Store/select_--Select--BA50'

2018-06-09 21:04:07 - [TEST_STEP][PASSED] - delay: Delayed 2 second(s)

2018-06-09 21:04:09 - [MESSAGE][PASSED] - Delayed 2 second(s)

2018-06-09 21:04:09 - [TEST_STEP][PASSED] - Statement - StockQty = com.kms.katalon.core.webui.keyword.WebUiBuiltInKeywords.getAttribute(com.kms.katalon.core.testobject.ObjectRepository.findTestObject(lab/Page_Store/input_txtprice), "value"): Attribute 'value' of object 'Object Repository/lab/Page_Store/input_txtprice' is: '934'

2018-06-09 21:04:09 - [MESSAGE][PASSED] - Attribute 'value' of object 'Object Repository/lab/Page_Store/input_txtprice' is: '934'

2018-06-09 21:04:09 - [TEST_STEP][PASSED] - Statement - out.println("Stock QTY : " + StockQty): null

2018-06-09 21:04:09 - [TEST_STEP][PASSED] - delay: Delayed 1 second(s)

2018-06-09 21:04:10 - [MESSAGE][PASSED] - Delayed 1 second(s)

2018-06-09 21:04:10 - [TEST_STEP][PASSED] - Statement - If (java.lang.Integer.valueOf(StockQty) >= java.lang.Integer.valueOf(RequestedQty)): null

2018-06-09 21:04:10 - [TEST_STEP][PASSED] - Statement - out.println(" " + StockQty + " >= " + RequestedQty): null

2018-06-09 21:04:10 - [TEST_STEP][PASSED] - Statement - Try: null

2018-06-09 21:04:10 - [TEST_STEP][PASSED] - setText: Text '10' is set on object 'Object Repository/lab/Page_Store/input_txtqty'

2018-06-09 21:04:11 - [MESSAGE][PASSED] - Text '10' is set on object 'Object Repository/lab/Page_Store/input_txtqty'

2018-06-09 21:04:11 - [TEST_STEP][PASSED] - click: Object: 'Object Repository/lab/Page_Store/button_Add' is clicked on

2018-06-09 21:04:11 - [MESSAGE][PASSED] - Object: 'Object Repository/lab/Page_Store/button_Add' is clicked on

2018-06-09 21:04:11 - [TEST_STEP][PASSED] - Statement - Break: null

2018-06-09 21:04:11 - [TEST_STEP][PASSED] - selectOptionByIndex: All options with index in [10] are selected on object 'Object Repository/lab/Page_Store/select_--Select--E.C.G. Jelly'

2018-06-09 21:04:11 - [MESSAGE][PASSED] - All options with index in [10] are selected on object 'Object Repository/lab/Page_Store/select_--Select--E.C.G. Jelly'

2018-06-09 21:04:11 - [TEST_STEP][PASSED] - delay: Delayed 2 second(s)

2018-06-09 21:04:13 - [MESSAGE][PASSED] - Delayed 2 second(s)

2018-06-09 21:04:13 - [TEST_STEP][PASSED] - Statement - RequestedQty = com.kms.katalon.core.webui.keyword.WebUiBuiltInKeywords.getAttribute(com.kms.katalon.core.testobject.ObjectRepository.findTestObject(lab/Page_Store/input_txttotal), "value"): Attribute 'value' of object 'Object Repository/lab/Page_Store/input_txttotal' is: '10'

2018-06-09 21:04:13 - [MESSAGE][PASSED] - Attribute 'value' of object 'Object Repository/lab/Page_Store/input_txttotal' is: '10'

2018-06-09 21:04:13 - [TEST_STEP][PASSED] - Statement - out.println("Requested QTY : " + RequestedQty): null

2018-06-09 21:04:13 - [TEST_STEP][PASSED] - Statement - BatchNumber = com.kms.katalon.core.webui.keyword.WebUiBuiltInKeywords.getNumberOfTotalOption(com.kms.katalon.core.testobject.ObjectRepository.findTestObject(lab/Page_Store/select_--Select--BA50)): 3 options of object 'Object Repository/lab/Page_Store/select_--Select--BA50' counted

2018-06-09 21:04:13 - [MESSAGE][PASSED] - 3 options of object 'Object Repository/lab/Page_Store/select_--Select--BA50' counted

2018-06-09 21:04:13 - [TEST_STEP][PASSED] - Statement - For ([g = 1, g <= BatchNumber - 1, (g++)]): null

2018-06-09 21:04:13 - [TEST_STEP][PASSED] - selectOptionByIndex: All options with index in [1] are selected on object 'Object Repository/lab/Page_Store/select_--Select--BA50'

2018-06-09 21:04:13 - [MESSAGE][PASSED] - All options with index in [1] are selected on object 'Object Repository/lab/Page_Store/select_--Select--BA50'

2018-06-09 21:04:13 - [TEST_STEP][PASSED] - delay: Delayed 2 second(s)

2018-06-09 21:04:15 - [MESSAGE][PASSED] - Delayed 2 second(s)

2018-06-09 21:04:15 - [TEST_STEP][PASSED] - Statement - StockQty = com.kms.katalon.core.webui.keyword.WebUiBuiltInKeywords.getAttribute(com.kms.katalon.core.testobject.ObjectRepository.findTestObject(lab/Page_Store/input_txtprice), "value"): Attribute 'value' of object 'Object Repository/lab/Page_Store/input_txtprice' is: '1600'

2018-06-09 21:04:15 - [MESSAGE][PASSED] - Attribute 'value' of object 'Object Repository/lab/Page_Store/input_txtprice' is: '1600'

2018-06-09 21:04:15 - [TEST_STEP][PASSED] - Statement - out.println("Stock QTY : " + StockQty): null

2018-06-09 21:04:15 - [TEST_STEP][PASSED] - delay: Delayed 1 second(s)

2018-06-09 21:04:16 - [MESSAGE][PASSED] - Delayed 1 second(s)

2018-06-09 21:04:16 - [TEST_STEP][PASSED] - Statement - If (java.lang.Integer.valueOf(StockQty) >= java.lang.Integer.valueOf(RequestedQty)): null

2018-06-09 21:04:16 - [TEST_STEP][PASSED] - Statement - out.println(" " + StockQty + " >= " + RequestedQty): null

2018-06-09 21:04:16 - [TEST_STEP][PASSED] - Statement - Try: null

2018-06-09 21:04:16 - [TEST_STEP][PASSED] - setText: Text '10' is set on object 'Object Repository/lab/Page_Store/input_txtqty'

2018-06-09 21:04:16 - [MESSAGE][PASSED] - Text '10' is set on object 'Object Repository/lab/Page_Store/input_txtqty'

2018-06-09 21:04:16 - [TEST_STEP][PASSED] - click: Object: 'Object Repository/lab/Page_Store/button_Add' is clicked on

2018-06-09 21:04:16 - [MESSAGE][PASSED] - Object: 'Object Repository/lab/Page_Store/button_Add' is clicked on

2018-06-09 21:04:16 - [TEST_STEP][PASSED] - Statement - Break: null

2018-06-09 21:04:16 - [TEST_STEP][PASSED] - selectOptionByIndex: All options with index in [11] are selected on object 'Object Repository/lab/Page_Store/select_--Select--E.C.G. Jelly'

2018-06-09 21:04:17 - [MESSAGE][PASSED] - All options with index in [11] are selected on object 'Object Repository/lab/Page_Store/select_--Select--E.C.G. Jelly'

2018-06-09 21:04:17 - [TEST_STEP][PASSED] - delay: Delayed 2 second(s)

2018-06-09 21:04:19 - [MESSAGE][PASSED] - Delayed 2 second(s)

2018-06-09 21:04:19 - [TEST_STEP][PASSED] - Statement - RequestedQty = com.kms.katalon.core.webui.keyword.WebUiBuiltInKeywords.getAttribute(com.kms.katalon.core.testobject.ObjectRepository.findTestObject(lab/Page_Store/input_txttotal), "value"): Attribute 'value' of object 'Object Repository/lab/Page_Store/input_txttotal' is: '10'

2018-06-09 21:04:19 - [MESSAGE][PASSED] - Attribute 'value' of object 'Object Repository/lab/Page_Store/input_txttotal' is: '10'

2018-06-09 21:04:19 - [TEST_STEP][PASSED] - Statement - out.println("Requested QTY : " + RequestedQty): null

2018-06-09 21:04:19 - [TEST_STEP][PASSED] - Statement - BatchNumber = com.kms.katalon.core.webui.keyword.WebUiBuiltInKeywords.getNumberOfTotalOption(com.kms.katalon.core.testobject.ObjectRepository.findTestObject(lab/Page_Store/select_--Select--BA50)): 3 options of object 'Object Repository/lab/Page_Store/select_--Select--BA50' counted

2018-06-09 21:04:19 - [MESSAGE][PASSED] - 3 options of object 'Object Repository/lab/Page_Store/select_--Select--BA50' counted

2018-06-09 21:04:19 - [TEST_STEP][PASSED] - Statement - For ([g = 1, g <= BatchNumber - 1, (g++)]): null

2018-06-09 21:04:19 - [TEST_STEP][PASSED] - selectOptionByIndex: All options with index in [1] are selected on object 'Object Repository/lab/Page_Store/select_--Select--BA50'

2018-06-09 21:04:19 - [MESSAGE][PASSED] - All options with index in [1] are selected on object 'Object Repository/lab/Page_Store/select_--Select--BA50'

2018-06-09 21:04:19 - [TEST_STEP][PASSED] - delay: Delayed 2 second(s)

2018-06-09 21:04:21 - [MESSAGE][PASSED] - Delayed 2 second(s)

2018-06-09 21:04:21 - [TEST_STEP][PASSED] - Statement - StockQty = com.kms.katalon.core.webui.keyword.WebUiBuiltInKeywords.getAttribute(com.kms.katalon.core.testobject.ObjectRepository.findTestObject(lab/Page_Store/input_txtprice), "value"): Attribute 'value' of object 'Object Repository/lab/Page_Store/input_txtprice' is: '1416'

2018-06-09 21:04:21 - [MESSAGE][PASSED] - Attribute 'value' of object 'Object Repository/lab/Page_Store/input_txtprice' is: '1416'

2018-06-09 21:04:21 - [TEST_STEP][PASSED] - Statement - out.println("Stock QTY : " + StockQty): null

2018-06-09 21:04:21 - [TEST_STEP][PASSED] - delay: Delayed 1 second(s)

2018-06-09 21:04:22 - [MESSAGE][PASSED] - Delayed 1 second(s)

2018-06-09 21:04:22 - [TEST_STEP][PASSED] - Statement - If (java.lang.Integer.valueOf(StockQty) >= java.lang.Integer.valueOf(RequestedQty)): null

2018-06-09 21:04:22 - [TEST_STEP][PASSED] - Statement - out.println(" " + StockQty + " >= " + RequestedQty): null

2018-06-09 21:04:22 - [TEST_STEP][PASSED] - Statement - Try: null

2018-06-09 21:04:22 - [TEST_STEP][PASSED] - setText: Text '10' is set on object 'Object Repository/lab/Page_Store/input_txtqty'

2018-06-09 21:04:22 - [MESSAGE][PASSED] - Text '10' is set on object 'Object Repository/lab/Page_Store/input_txtqty'

2018-06-09 21:04:22 - [TEST_STEP][PASSED] - click: Object: 'Object Repository/lab/Page_Store/button_Add' is clicked on

2018-06-09 21:04:22 - [MESSAGE][PASSED] - Object: 'Object Repository/lab/Page_Store/button_Add' is clicked on

2018-06-09 21:04:22 - [TEST_STEP][PASSED] - Statement - Break: null

2018-06-09 21:04:22 - [TEST_STEP][PASSED] - selectOptionByIndex: All options with index in [12] are selected on object 'Object Repository/lab/Page_Store/select_--Select--E.C.G. Jelly'

2018-06-09 21:04:22 - [MESSAGE][PASSED] - All options with index in [12] are selected on object 'Object Repository/lab/Page_Store/select_--Select--E.C.G. Jelly'

2018-06-09 21:04:22 - [TEST_STEP][PASSED] - delay: Delayed 2 second(s)

2018-06-09 21:04:24 - [MESSAGE][PASSED] - Delayed 2 second(s)

2018-06-09 21:04:24 - [TEST_STEP][PASSED] - Statement - RequestedQty = com.kms.katalon.core.webui.keyword.WebUiBuiltInKeywords.getAttribute(com.kms.katalon.core.testobject.ObjectRepository.findTestObject(lab/Page_Store/input_txttotal), "value"): Attribute 'value' of object 'Object Repository/lab/Page_Store/input_txttotal' is: '10'

2018-06-09 21:04:24 - [MESSAGE][PASSED] - Attribute 'value' of object 'Object Repository/lab/Page_Store/input_txttotal' is: '10'

2018-06-09 21:04:24 - [TEST_STEP][PASSED] - Statement - out.println("Requested QTY : " + RequestedQty): null

2018-06-09 21:04:24 - [TEST_STEP][PASSED] - Statement - BatchNumber = com.kms.katalon.core.webui.keyword.WebUiBuiltInKeywords.getNumberOfTotalOption(com.kms.katalon.core.testobject.ObjectRepository.findTestObject(lab/Page_Store/select_--Select--BA50)): 3 options of object 'Object Repository/lab/Page_Store/select_--Select--BA50' counted

2018-06-09 21:04:24 - [MESSAGE][PASSED] - 3 options of object 'Object Repository/lab/Page_Store/select_--Select--BA50' counted

2018-06-09 21:04:24 - [TEST_STEP][PASSED] - Statement - For ([g = 1, g <= BatchNumber - 1, (g++)]): null

2018-06-09 21:04:24 - [TEST_STEP][PASSED] - selectOptionByIndex: All options with index in [1] are selected on object 'Object Repository/lab/Page_Store/select_--Select--BA50'

2018-06-09 21:04:24 - [MESSAGE][PASSED] - All options with index in [1] are selected on object 'Object Repository/lab/Page_Store/select_--Select--BA50'

2018-06-09 21:04:24 - [TEST_STEP][PASSED] - delay: Delayed 2 second(s)

2018-06-09 21:04:26 - [MESSAGE][PASSED] - Delayed 2 second(s)

2018-06-09 21:04:26 - [TEST_STEP][PASSED] - Statement - StockQty = com.kms.katalon.core.webui.keyword.WebUiBuiltInKeywords.getAttribute(com.kms.katalon.core.testobject.ObjectRepository.findTestObject(lab/Page_Store/input_txtprice), "value"): Attribute 'value' of object 'Object Repository/lab/Page_Store/input_txtprice' is: '1575'

2018-06-09 21:04:26 - [MESSAGE][PASSED] - Attribute 'value' of object 'Object Repository/lab/Page_Store/input_txtprice' is: '1575'

2018-06-09 21:04:26 - [TEST_STEP][PASSED] - Statement - out.println("Stock QTY : " + StockQty): null

2018-06-09 21:04:26 - [TEST_STEP][PASSED] - delay: Delayed 1 second(s)

2018-06-09 21:04:27 - [MESSAGE][PASSED] - Delayed 1 second(s)

2018-06-09 21:04:27 - [TEST_STEP][PASSED] - Statement - If (java.lang.Integer.valueOf(StockQty) >= java.lang.Integer.valueOf(RequestedQty)): null

2018-06-09 21:04:27 - [TEST_STEP][PASSED] - Statement - out.println(" " + StockQty + " >= " + RequestedQty): null

2018-06-09 21:04:27 - [TEST_STEP][PASSED] - Statement - Try: null

2018-06-09 21:04:27 - [TEST_STEP][PASSED] - setText: Text '10' is set on object 'Object Repository/lab/Page_Store/input_txtqty'

2018-06-09 21:04:27 - [MESSAGE][PASSED] - Text '10' is set on object 'Object Repository/lab/Page_Store/input_txtqty'

2018-06-09 21:04:27 - [TEST_STEP][PASSED] - click: Object: 'Object Repository/lab/Page_Store/button_Add' is clicked on

2018-06-09 21:04:28 - [MESSAGE][PASSED] - Object: 'Object Repository/lab/Page_Store/button_Add' is clicked on

2018-06-09 21:04:28 - [TEST_STEP][PASSED] - Statement - Break: null

2018-06-09 21:04:28 - [TEST_STEP][PASSED] - selectOptionByIndex: All options with index in [13] are selected on object 'Object Repository/lab/Page_Store/select_--Select--E.C.G. Jelly'

2018-06-09 21:04:28 - [MESSAGE][PASSED] - All options with index in [13] are selected on object 'Object Repository/lab/Page_Store/select_--Select--E.C.G. Jelly'

2018-06-09 21:04:28 - [TEST_STEP][PASSED] - delay: Delayed 2 second(s)

2018-06-09 21:04:30 - [MESSAGE][PASSED] - Delayed 2 second(s)

2018-06-09 21:04:30 - [TEST_STEP][PASSED] - Statement - RequestedQty = com.kms.katalon.core.webui.keyword.WebUiBuiltInKeywords.getAttribute(com.kms.katalon.core.testobject.ObjectRepository.findTestObject(lab/Page_Store/input_txttotal), "value"): Attribute 'value' of object 'Object Repository/lab/Page_Store/input_txttotal' is: '10'

2018-06-09 21:04:30 - [MESSAGE][PASSED] - Attribute 'value' of object 'Object Repository/lab/Page_Store/input_txttotal' is: '10'

2018-06-09 21:04:30 - [TEST_STEP][PASSED] - Statement - out.println("Requested QTY : " + RequestedQty): null

2018-06-09 21:04:30 - [TEST_STEP][PASSED] - Statement - BatchNumber = com.kms.katalon.core.webui.keyword.WebUiBuiltInKeywords.getNumberOfTotalOption(com.kms.katalon.core.testobject.ObjectRepository.findTestObject(lab/Page_Store/select_--Select--BA50)): 3 options of object 'Object Repository/lab/Page_Store/select_--Select--BA50' counted

2018-06-09 21:04:30 - [MESSAGE][PASSED] - 3 options of object 'Object Repository/lab/Page_Store/select_--Select--BA50' counted

2018-06-09 21:04:30 - [TEST_STEP][PASSED] - Statement - For ([g = 1, g <= BatchNumber - 1, (g++)]): null

2018-06-09 21:04:30 - [TEST_STEP][PASSED] - selectOptionByIndex: All options with index in [1] are selected on object 'Object Repository/lab/Page_Store/select_--Select--BA50'

2018-06-09 21:04:30 - [MESSAGE][PASSED] - All options with index in [1] are selected on object 'Object Repository/lab/Page_Store/select_--Select--BA50'

2018-06-09 21:04:30 - [TEST_STEP][PASSED] - delay: Delayed 2 second(s)

2018-06-09 21:04:32 - [MESSAGE][PASSED] - Delayed 2 second(s)

2018-06-09 21:04:32 - [TEST_STEP][PASSED] - Statement - StockQty = com.kms.katalon.core.webui.keyword.WebUiBuiltInKeywords.getAttribute(com.kms.katalon.core.testobject.ObjectRepository.findTestObject(lab/Page_Store/input_txtprice), "value"): Attribute 'value' of object 'Object Repository/lab/Page_Store/input_txtprice' is: '635'

2018-06-09 21:04:32 - [MESSAGE][PASSED] - Attribute 'value' of object 'Object Repository/lab/Page_Store/input_txtprice' is: '635'

2018-06-09 21:04:32 - [TEST_STEP][PASSED] - Statement - out.println("Stock QTY : " + StockQty): null

2018-06-09 21:04:32 - [TEST_STEP][PASSED] - delay: Delayed 1 second(s)

2018-06-09 21:04:33 - [MESSAGE][PASSED] - Delayed 1 second(s)

2018-06-09 21:04:33 - [TEST_STEP][PASSED] - Statement - If (java.lang.Integer.valueOf(StockQty) >= java.lang.Integer.valueOf(RequestedQty)): null

2018-06-09 21:04:33 - [TEST_STEP][PASSED] - Statement - out.println(" " + StockQty + " >= " + RequestedQty): null

2018-06-09 21:04:33 - [TEST_STEP][PASSED] - Statement - Try: null

2018-06-09 21:04:33 - [TEST_STEP][PASSED] - setText: Text '10' is set on object 'Object Repository/lab/Page_Store/input_txtqty'

2018-06-09 21:04:33 - [MESSAGE][PASSED] - Text '10' is set on object 'Object Repository/lab/Page_Store/input_txtqty'

2018-06-09 21:04:33 - [TEST_STEP][PASSED] - click: Object: 'Object Repository/lab/Page_Store/button_Add' is clicked on

2018-06-09 21:04:33 - [MESSAGE][PASSED] - Object: 'Object Repository/lab/Page_Store/button_Add' is clicked on

2018-06-09 21:04:33 - [TEST_STEP][PASSED] - Statement - Break: null

2018-06-09 21:04:33 - [TEST_STEP][PASSED] - selectOptionByIndex: All options with index in [14] are selected on object 'Object Repository/lab/Page_Store/select_--Select--E.C.G. Jelly'

2018-06-09 21:04:33 - [MESSAGE][PASSED] - All options with index in [14] are selected on object 'Object Repository/lab/Page_Store/select_--Select--E.C.G. Jelly'

2018-06-09 21:04:33 - [TEST_STEP][PASSED] - delay: Delayed 2 second(s)

2018-06-09 21:04:35 - [MESSAGE][PASSED] - Delayed 2 second(s)

2018-06-09 21:04:35 - [TEST_STEP][PASSED] - Statement - RequestedQty = com.kms.katalon.core.webui.keyword.WebUiBuiltInKeywords.getAttribute(com.kms.katalon.core.testobject.ObjectRepository.findTestObject(lab/Page_Store/input_txttotal), "value"): Attribute 'value' of object 'Object Repository/lab/Page_Store/input_txttotal' is: '10'

2018-06-09 21:04:35 - [MESSAGE][PASSED] - Attribute 'value' of object 'Object Repository/lab/Page_Store/input_txttotal' is: '10'

2018-06-09 21:04:35 - [TEST_STEP][PASSED] - Statement - out.println("Requested QTY : " + RequestedQty): null

2018-06-09 21:04:35 - [TEST_STEP][PASSED] - Statement - BatchNumber = com.kms.katalon.core.webui.keyword.WebUiBuiltInKeywords.getNumberOfTotalOption(com.kms.katalon.core.testobject.ObjectRepository.findTestObject(lab/Page_Store/select_--Select--BA50)): 3 options of object 'Object Repository/lab/Page_Store/select_--Select--BA50' counted

2018-06-09 21:04:35 - [MESSAGE][PASSED] - 3 options of object 'Object Repository/lab/Page_Store/select_--Select--BA50' counted

2018-06-09 21:04:35 - [TEST_STEP][PASSED] - Statement - For ([g = 1, g <= BatchNumber - 1, (g++)]): null

2018-06-09 21:04:35 - [TEST_STEP][PASSED] - selectOptionByIndex: All options with index in [1] are selected on object 'Object Repository/lab/Page_Store/select_--Select--BA50'

2018-06-09 21:04:36 - [MESSAGE][PASSED] - All options with index in [1] are selected on object 'Object Repository/lab/Page_Store/select_--Select--BA50'

2018-06-09 21:04:36 - [TEST_STEP][PASSED] - delay: Delayed 2 second(s)

2018-06-09 21:04:38 - [MESSAGE][PASSED] - Delayed 2 second(s)

2018-06-09 21:04:38 - [TEST_STEP][PASSED] - Statement - StockQty = com.kms.katalon.core.webui.keyword.WebUiBuiltInKeywords.getAttribute(com.kms.katalon.core.testobject.ObjectRepository.findTestObject(lab/Page_Store/input_txtprice), "value"): Attribute 'value' of object 'Object Repository/lab/Page_Store/input_txtprice' is: '1600'

2018-06-09 21:04:38 - [MESSAGE][PASSED] - Attribute 'value' of object 'Object Repository/lab/Page_Store/input_txtprice' is: '1600'

2018-06-09 21:04:38 - [TEST_STEP][PASSED] - Statement - out.println("Stock QTY : " + StockQty): null

2018-06-09 21:04:38 - [TEST_STEP][PASSED] - delay: Delayed 1 second(s)

2018-06-09 21:04:39 - [MESSAGE][PASSED] - Delayed 1 second(s)

2018-06-09 21:04:39 - [TEST_STEP][PASSED] - Statement - If (java.lang.Integer.valueOf(StockQty) >= java.lang.Integer.valueOf(RequestedQty)): null

2018-06-09 21:04:39 - [TEST_STEP][PASSED] - Statement - out.println(" " + StockQty + " >= " + RequestedQty): null

2018-06-09 21:04:39 - [TEST_STEP][PASSED] - Statement - Try: null

2018-06-09 21:04:39 - [TEST_STEP][PASSED] - setText: Text '10' is set on object 'Object Repository/lab/Page_Store/input_txtqty'

2018-06-09 21:04:39 - [MESSAGE][PASSED] - Text '10' is set on object 'Object Repository/lab/Page_Store/input_txtqty'

2018-06-09 21:04:39 - [TEST_STEP][PASSED] - click: Object: 'Object Repository/lab/Page_Store/button_Add' is clicked on

2018-06-09 21:04:39 - [MESSAGE][PASSED] - Object: 'Object Repository/lab/Page_Store/button_Add' is clicked on

2018-06-09 21:04:39 - [TEST_STEP][PASSED] - Statement - Break: null

2018-06-09 21:04:39 - [TEST_STEP][PASSED] - selectOptionByIndex: All options with index in [15] are selected on object 'Object Repository/lab/Page_Store/select_--Select--E.C.G. Jelly'

2018-06-09 21:04:39 - [MESSAGE][PASSED] - All options with index in [15] are selected on object 'Object Repository/lab/Page_Store/select_--Select--E.C.G. Jelly'

2018-06-09 21:04:39 - [TEST_STEP][PASSED] - delay: Delayed 2 second(s)

2018-06-09 21:04:41 - [MESSAGE][PASSED] - Delayed 2 second(s)

2018-06-09 21:04:41 - [TEST_STEP][PASSED] - Statement - RequestedQty = com.kms.katalon.core.webui.keyword.WebUiBuiltInKeywords.getAttribute(com.kms.katalon.core.testobject.ObjectRepository.findTestObject(lab/Page_Store/input_txttotal), "value"): Attribute 'value' of object 'Object Repository/lab/Page_Store/input_txttotal' is: '10'

2018-06-09 21:04:41 - [MESSAGE][PASSED] - Attribute 'value' of object 'Object Repository/lab/Page_Store/input_txttotal' is: '10'

2018-06-09 21:04:41 - [TEST_STEP][PASSED] - Statement - out.println("Requested QTY : " + RequestedQty): null

2018-06-09 21:04:41 - [TEST_STEP][PASSED] - Statement - BatchNumber = com.kms.katalon.core.webui.keyword.WebUiBuiltInKeywords.getNumberOfTotalOption(com.kms.katalon.core.testobject.ObjectRepository.findTestObject(lab/Page_Store/select_--Select--BA50)): 3 options of object 'Object Repository/lab/Page_Store/select_--Select--BA50' counted

2018-06-09 21:04:41 - [MESSAGE][PASSED] - 3 options of object 'Object Repository/lab/Page_Store/select_--Select--BA50' counted

2018-06-09 21:04:41 - [TEST_STEP][PASSED] - Statement - For ([g = 1, g <= BatchNumber - 1, (g++)]): null

2018-06-09 21:04:41 - [TEST_STEP][PASSED] - selectOptionByIndex: All options with index in [1] are selected on object 'Object Repository/lab/Page_Store/select_--Select--BA50'

2018-06-09 21:04:41 - [MESSAGE][PASSED] - All options with index in [1] are selected on object 'Object Repository/lab/Page_Store/select_--Select--BA50'

2018-06-09 21:04:41 - [TEST_STEP][PASSED] - delay: Delayed 2 second(s)

2018-06-09 21:04:43 - [MESSAGE][PASSED] - Delayed 2 second(s)

2018-06-09 21:04:43 - [TEST_STEP][PASSED] - Statement - StockQty = com.kms.katalon.core.webui.keyword.WebUiBuiltInKeywords.getAttribute(com.kms.katalon.core.testobject.ObjectRepository.findTestObject(lab/Page_Store/input_txtprice), "value"): Attribute 'value' of object 'Object Repository/lab/Page_Store/input_txtprice' is: '1590'

2018-06-09 21:04:43 - [MESSAGE][PASSED] - Attribute 'value' of object 'Object Repository/lab/Page_Store/input_txtprice' is: '1590'

2018-06-09 21:04:43 - [TEST_STEP][PASSED] - Statement - out.println("Stock QTY : " + StockQty): null

2018-06-09 21:04:43 - [TEST_STEP][PASSED] - delay: Delayed 1 second(s)

2018-06-09 21:04:44 - [MESSAGE][PASSED] - Delayed 1 second(s)

2018-06-09 21:04:44 - [TEST_STEP][PASSED] - Statement - If (java.lang.Integer.valueOf(StockQty) >= java.lang.Integer.valueOf(RequestedQty)): null

2018-06-09 21:04:44 - [TEST_STEP][PASSED] - Statement - out.println(" " + StockQty + " >= " + RequestedQty): null

2018-06-09 21:04:44 - [TEST_STEP][PASSED] - Statement - Try: null

2018-06-09 21:04:44 - [TEST_STEP][PASSED] - setText: Text '10' is set on object 'Object Repository/lab/Page_Store/input_txtqty'

2018-06-09 21:04:44 - [MESSAGE][PASSED] - Text '10' is set on object 'Object Repository/lab/Page_Store/input_txtqty'

2018-06-09 21:04:44 - [TEST_STEP][PASSED] - click: Object: 'Object Repository/lab/Page_Store/button_Add' is clicked on

2018-06-09 21:04:44 - [MESSAGE][PASSED] - Object: 'Object Repository/lab/Page_Store/button_Add' is clicked on

2018-06-09 21:04:44 - [TEST_STEP][PASSED] - Statement - Break: null

2018-06-09 21:04:44 - [TEST_STEP][PASSED] - selectOptionByIndex: All options with index in [16] are selected on object 'Object Repository/lab/Page_Store/select_--Select--E.C.G. Jelly'

2018-06-09 21:04:45 - [MESSAGE][PASSED] - All options with index in [16] are selected on object 'Object Repository/lab/Page_Store/select_--Select--E.C.G. Jelly'

2018-06-09 21:04:45 - [TEST_STEP][PASSED] - delay: Delayed 2 second(s)

2018-06-09 21:04:47 - [MESSAGE][PASSED] - Delayed 2 second(s)

2018-06-09 21:04:47 - [TEST_STEP][PASSED] - Statement - RequestedQty = com.kms.katalon.core.webui.keyword.WebUiBuiltInKeywords.getAttribute(com.kms.katalon.core.testobject.ObjectRepository.findTestObject(lab/Page_Store/input_txttotal), "value"): Attribute 'value' of object 'Object Repository/lab/Page_Store/input_txttotal' is: '10'

2018-06-09 21:04:47 - [MESSAGE][PASSED] - Attribute 'value' of object 'Object Repository/lab/Page_Store/input_txttotal' is: '10'

2018-06-09 21:04:47 - [TEST_STEP][PASSED] - Statement - out.println("Requested QTY : " + RequestedQty): null

2018-06-09 21:04:47 - [TEST_STEP][PASSED] - Statement - BatchNumber = com.kms.katalon.core.webui.keyword.WebUiBuiltInKeywords.getNumberOfTotalOption(com.kms.katalon.core.testobject.ObjectRepository.findTestObject(lab/Page_Store/select_--Select--BA50)): 2 options of object 'Object Repository/lab/Page_Store/select_--Select--BA50' counted

2018-06-09 21:04:47 - [MESSAGE][PASSED] - 2 options of object 'Object Repository/lab/Page_Store/select_--Select--BA50' counted

2018-06-09 21:04:47 - [TEST_STEP][PASSED] - Statement - For ([g = 1, g <= BatchNumber - 1, (g++)]): null

2018-06-09 21:04:47 - [TEST_STEP][PASSED] - selectOptionByIndex: All options with index in [1] are selected on object 'Object Repository/lab/Page_Store/select_--Select--BA50'

2018-06-09 21:04:47 - [MESSAGE][PASSED] - All options with index in [1] are selected on object 'Object Repository/lab/Page_Store/select_--Select--BA50'

2018-06-09 21:04:47 - [TEST_STEP][PASSED] - delay: Delayed 2 second(s)

2018-06-09 21:04:49 - [MESSAGE][PASSED] - Delayed 2 second(s)

2018-06-09 21:04:49 - [TEST_STEP][PASSED] - Statement - StockQty = com.kms.katalon.core.webui.keyword.WebUiBuiltInKeywords.getAttribute(com.kms.katalon.core.testobject.ObjectRepository.findTestObject(lab/Page_Store/input_txtprice), "value"): Attribute 'value' of object 'Object Repository/lab/Page_Store/input_txtprice' is: '635'

2018-06-09 21:04:49 - [MESSAGE][PASSED] - Attribute 'value' of object 'Object Repository/lab/Page_Store/input_txtprice' is: '635'

2018-06-09 21:04:49 - [TEST_STEP][PASSED] - Statement - out.println("Stock QTY : " + StockQty): null

2018-06-09 21:04:49 - [TEST_STEP][PASSED] - delay: Delayed 1 second(s)

2018-06-09 21:04:50 - [MESSAGE][PASSED] - Delayed 1 second(s)

2018-06-09 21:04:50 - [TEST_STEP][PASSED] - Statement - If (java.lang.Integer.valueOf(StockQty) >= java.lang.Integer.valueOf(RequestedQty)): null

2018-06-09 21:04:50 - [TEST_STEP][PASSED] - Statement - out.println(" " + StockQty + " >= " + RequestedQty): null

2018-06-09 21:04:50 - [TEST_STEP][PASSED] - Statement - Try: null

2018-06-09 21:04:50 - [TEST_STEP][PASSED] - setText: Text '10' is set on object 'Object Repository/lab/Page_Store/input_txtqty'

2018-06-09 21:04:50 - [MESSAGE][PASSED] - Text '10' is set on object 'Object Repository/lab/Page_Store/input_txtqty'

2018-06-09 21:04:50 - [TEST_STEP][PASSED] - click: Object: 'Object Repository/lab/Page_Store/button_Add' is clicked on

2018-06-09 21:04:50 - [MESSAGE][PASSED] - Object: 'Object Repository/lab/Page_Store/button_Add' is clicked on

2018-06-09 21:04:50 - [TEST_STEP][PASSED] - Statement - Break: null

2018-06-09 21:04:50 - [TEST_STEP][PASSED] - scrollToElement: Scroll to object 'Object Repository/lab/Page_Store/input_btnSubmit' successfully

2018-06-09 21:04:50 - [MESSAGE][PASSED] - Scroll to object 'Object Repository/lab/Page_Store/input_btnSubmit' successfully

2018-06-09 21:04:50 - [TEST_STEP][PASSED] - Statement - Try: Object: 'Object Repository/lab/Page_Store/button_OK' is clicked on

2018-06-09 21:04:50 - [TEST_STEP][PASSED] - click: Object: 'Object Repository/lab/Page_Store/input_btnSubmit' is clicked on

2018-06-09 21:04:50 - [MESSAGE][PASSED] - Object: 'Object Repository/lab/Page_Store/input_btnSubmit' is clicked on

2018-06-09 21:04:50 - [TEST_STEP][PASSED] - delay: Delayed 3 second(s)

2018-06-09 21:04:53 - [MESSAGE][PASSED] - Delayed 3 second(s)

2018-06-09 21:04:53 - [TEST_STEP][PASSED] - click: Object: 'Object Repository/lab/Page_Store/button_OK' is clicked on

2018-06-09 21:04:54 - [MESSAGE][PASSED] - Object: 'Object Repository/lab/Page_Store/button_OK' is clicked on

2018-06-09 21:04:54 - [TEST_STEP][PASSED] - delay: Delayed 3 second(s)

2018-06-09 21:04:57 - [MESSAGE][PASSED] - Delayed 3 second(s)

2018-06-09 21:04:57 - [TEST_STEP][PASSED] - click: Object: 'Object Repository/lab/Page_Store/a_dropdown-toggle' is clicked on

2018-06-09 21:04:58 - [MESSAGE][PASSED] - Object: 'Object Repository/lab/Page_Store/a_dropdown-toggle' is clicked on

2018-06-09 21:04:58 - [TEST_STEP][PASSED] - click: Object: 'Object Repository/lab/Page_Store/a_Sign out' is clicked on

2018-06-09 21:04:58 - [MESSAGE][PASSED] - Object: 'Object Repository/lab/Page_Store/a_Sign out' is clicked on

2018-06-09 21:04:58 - [TEST_STEP][PASSED] - closeBrowser: Browser is closed

2018-06-09 21:04:59 - [MESSAGE][PASSED] - Browser is closed

2018-06-09 21:04:59 - [TEST_STEP][PASSED] - Statement - out.println("Schedule 5 Investigation Request Are Working Successfully"): null]]></system-out>
         <system-err><![CDATA[]]></system-err>
      </testcase>
      <testcase name="Test Cases/INVESTIGATION TEST CASES/TC_INV_003 Verify Schedule 6 Investigation Request Are Working Successfully Or Not" classname="Test Cases/INVESTIGATION TEST CASES/TC_INV_003 Verify Schedule 6 Investigation Request Are Working Successfully Or Not" status="PASSED">
         <system-out><![CDATA[2018-06-09 21:04:59 - [TEST_CASE][PASSED] - Test Cases/INVESTIGATION TEST CASES/TC_INV_003 Verify Schedule 6 Investigation Request Are Working Successfully Or Not: Test Cases/INVESTIGATION TEST CASES/TC_INV_003 Verify Schedule 6 Investigation Request Are Working Successfully Or Not

2018-06-09 21:04:59 - [TEST_STEP][PASSED] - openBrowser: Browser is opened with url: ''

2018-06-09 21:05:01 - [MESSAGE][PASSED] - Browser is opened with url: ''

2018-06-09 21:05:01 - [TEST_STEP][PASSED] - navigateToUrl: Navigate to 'http://192.168.137.1/multihospital_new/' successfully

2018-06-09 21:05:03 - [MESSAGE][PASSED] - Navigate to 'http://192.168.137.1/multihospital_new/' successfully

2018-06-09 21:05:03 - [TEST_STEP][PASSED] - Statement - out.println(" Verify Schedule 6 Investigation Request Are Working Successfully Or Not"): null

2018-06-09 21:05:03 - [TEST_STEP][PASSED] - maximizeWindow: Current window maximized

2018-06-09 21:05:04 - [MESSAGE][PASSED] - Current window maximized

2018-06-09 21:05:04 - [TEST_STEP][PASSED] - click: Object: 'Object Repository/lab/Page_KDMC/a_Investigation' is clicked on

2018-06-09 21:05:04 - [MESSAGE][PASSED] - Object: 'Object Repository/lab/Page_KDMC/a_Investigation' is clicked on

2018-06-09 21:05:04 - [TEST_STEP][PASSED] - setText: Text 'manoj' is set on object 'Object Repository/lab/Page_Investigation login/input_txtusername'

2018-06-09 21:05:04 - [MESSAGE][PASSED] - Text 'manoj' is set on object 'Object Repository/lab/Page_Investigation login/input_txtusername'

2018-06-09 21:05:04 - [TEST_STEP][PASSED] - setText: Text '123' is set on object 'Object Repository/lab/Page_Investigation login/input_txtpassword'

2018-06-09 21:05:05 - [MESSAGE][PASSED] - Text '123' is set on object 'Object Repository/lab/Page_Investigation login/input_txtpassword'

2018-06-09 21:05:05 - [TEST_STEP][PASSED] - delay: Delayed 3 second(s)

2018-06-09 21:05:08 - [MESSAGE][PASSED] - Delayed 3 second(s)

2018-06-09 21:05:08 - [TEST_STEP][PASSED] - click: Object: 'Object Repository/lab/Page_Investigation login/button_Sign in' is clicked on

2018-06-09 21:05:08 - [MESSAGE][PASSED] - Object: 'Object Repository/lab/Page_Investigation login/button_Sign in' is clicked on

2018-06-09 21:05:08 - [TEST_STEP][PASSED] - click: Object: 'Object Repository/lab/Page_KDMC/a_Store Request' is clicked on

2018-06-09 21:05:10 - [MESSAGE][PASSED] - Object: 'Object Repository/lab/Page_KDMC/a_Store Request' is clicked on

2018-06-09 21:05:10 - [TEST_STEP][PASSED] - delay: Delayed 2 second(s)

2018-06-09 21:05:12 - [MESSAGE][PASSED] - Delayed 2 second(s)

2018-06-09 21:05:12 - [TEST_STEP][PASSED] - click: Object: 'Object Repository/lab/Page_KDMC/a_Medicine Request' is clicked on

2018-06-09 21:05:12 - [MESSAGE][PASSED] - Object: 'Object Repository/lab/Page_KDMC/a_Medicine Request' is clicked on

2018-06-09 21:05:12 - [TEST_STEP][PASSED] - selectOptionByIndex: All options with index in [3] are selected on object 'Object Repository/lab/Page_KDMC/select_--Select--Schedule 4X-r'

2018-06-09 21:05:13 - [MESSAGE][PASSED] - All options with index in [3] are selected on object 'Object Repository/lab/Page_KDMC/select_--Select--Schedule 4X-r'

2018-06-09 21:05:13 - [TEST_STEP][PASSED] - Statement - medicineslength = com.kms.katalon.core.webui.keyword.WebUiBuiltInKeywords.getNumberOfTotalOption(com.kms.katalon.core.testobject.ObjectRepository.findTestObject(lab/Page_KDMC/select_--Select--Automatic x-r)): 14 options of object 'Object Repository/lab/Page_KDMC/select_--Select--Automatic x-r' counted

2018-06-09 21:05:13 - [MESSAGE][PASSED] - 14 options of object 'Object Repository/lab/Page_KDMC/select_--Select--Automatic x-r' counted

2018-06-09 21:05:13 - [TEST_STEP][PASSED] - Statement - For ([e = 1, e < medicineslength, (e++)]): Object: 'Object Repository/lab/Page_KDMC/button_Add' is clicked on

2018-06-09 21:05:13 - [TEST_STEP][PASSED] - selectOptionByIndex: All options with index in [3] are selected on object 'Object Repository/lab/Page_KDMC/select_--Select--Schedule 4X-r'

2018-06-09 21:05:13 - [MESSAGE][PASSED] - All options with index in [3] are selected on object 'Object Repository/lab/Page_KDMC/select_--Select--Schedule 4X-r'

2018-06-09 21:05:13 - [TEST_STEP][PASSED] - selectOptionByIndex: All options with index in [1] are selected on object 'Object Repository/lab/Page_KDMC/select_--Select--Automatic x-r'

2018-06-09 21:05:13 - [MESSAGE][PASSED] - All options with index in [1] are selected on object 'Object Repository/lab/Page_KDMC/select_--Select--Automatic x-r'

2018-06-09 21:05:13 - [TEST_STEP][PASSED] - setText: Text '10' is set on object 'Object Repository/lab/Page_KDMC/input_txttreat'

2018-06-09 21:05:13 - [MESSAGE][PASSED] - Text '10' is set on object 'Object Repository/lab/Page_KDMC/input_txttreat'

2018-06-09 21:05:13 - [TEST_STEP][PASSED] - click: Object: 'Object Repository/lab/Page_KDMC/button_Add' is clicked on

2018-06-09 21:05:13 - [MESSAGE][PASSED] - Object: 'Object Repository/lab/Page_KDMC/button_Add' is clicked on

2018-06-09 21:05:13 - [TEST_STEP][PASSED] - selectOptionByIndex: All options with index in [3] are selected on object 'Object Repository/lab/Page_KDMC/select_--Select--Schedule 4X-r'

2018-06-09 21:05:13 - [MESSAGE][PASSED] - All options with index in [3] are selected on object 'Object Repository/lab/Page_KDMC/select_--Select--Schedule 4X-r'

2018-06-09 21:05:13 - [TEST_STEP][PASSED] - selectOptionByIndex: All options with index in [2] are selected on object 'Object Repository/lab/Page_KDMC/select_--Select--Automatic x-r'

2018-06-09 21:05:14 - [MESSAGE][PASSED] - All options with index in [2] are selected on object 'Object Repository/lab/Page_KDMC/select_--Select--Automatic x-r'

2018-06-09 21:05:14 - [TEST_STEP][PASSED] - setText: Text '10' is set on object 'Object Repository/lab/Page_KDMC/input_txttreat'

2018-06-09 21:05:14 - [MESSAGE][PASSED] - Text '10' is set on object 'Object Repository/lab/Page_KDMC/input_txttreat'

2018-06-09 21:05:14 - [TEST_STEP][PASSED] - click: Object: 'Object Repository/lab/Page_KDMC/button_Add' is clicked on

2018-06-09 21:05:14 - [MESSAGE][PASSED] - Object: 'Object Repository/lab/Page_KDMC/button_Add' is clicked on

2018-06-09 21:05:14 - [TEST_STEP][PASSED] - selectOptionByIndex: All options with index in [3] are selected on object 'Object Repository/lab/Page_KDMC/select_--Select--Schedule 4X-r'

2018-06-09 21:05:14 - [MESSAGE][PASSED] - All options with index in [3] are selected on object 'Object Repository/lab/Page_KDMC/select_--Select--Schedule 4X-r'

2018-06-09 21:05:14 - [TEST_STEP][PASSED] - selectOptionByIndex: All options with index in [3] are selected on object 'Object Repository/lab/Page_KDMC/select_--Select--Automatic x-r'

2018-06-09 21:05:14 - [MESSAGE][PASSED] - All options with index in [3] are selected on object 'Object Repository/lab/Page_KDMC/select_--Select--Automatic x-r'

2018-06-09 21:05:14 - [TEST_STEP][PASSED] - setText: Text '10' is set on object 'Object Repository/lab/Page_KDMC/input_txttreat'

2018-06-09 21:05:14 - [MESSAGE][PASSED] - Text '10' is set on object 'Object Repository/lab/Page_KDMC/input_txttreat'

2018-06-09 21:05:14 - [TEST_STEP][PASSED] - click: Object: 'Object Repository/lab/Page_KDMC/button_Add' is clicked on

2018-06-09 21:05:14 - [MESSAGE][PASSED] - Object: 'Object Repository/lab/Page_KDMC/button_Add' is clicked on

2018-06-09 21:05:14 - [TEST_STEP][PASSED] - selectOptionByIndex: All options with index in [3] are selected on object 'Object Repository/lab/Page_KDMC/select_--Select--Schedule 4X-r'

2018-06-09 21:05:14 - [MESSAGE][PASSED] - All options with index in [3] are selected on object 'Object Repository/lab/Page_KDMC/select_--Select--Schedule 4X-r'

2018-06-09 21:05:14 - [TEST_STEP][PASSED] - selectOptionByIndex: All options with index in [4] are selected on object 'Object Repository/lab/Page_KDMC/select_--Select--Automatic x-r'

2018-06-09 21:05:15 - [MESSAGE][PASSED] - All options with index in [4] are selected on object 'Object Repository/lab/Page_KDMC/select_--Select--Automatic x-r'

2018-06-09 21:05:15 - [TEST_STEP][PASSED] - setText: Text '10' is set on object 'Object Repository/lab/Page_KDMC/input_txttreat'

2018-06-09 21:05:15 - [MESSAGE][PASSED] - Text '10' is set on object 'Object Repository/lab/Page_KDMC/input_txttreat'

2018-06-09 21:05:15 - [TEST_STEP][PASSED] - click: Object: 'Object Repository/lab/Page_KDMC/button_Add' is clicked on

2018-06-09 21:05:15 - [MESSAGE][PASSED] - Object: 'Object Repository/lab/Page_KDMC/button_Add' is clicked on

2018-06-09 21:05:15 - [TEST_STEP][PASSED] - selectOptionByIndex: All options with index in [3] are selected on object 'Object Repository/lab/Page_KDMC/select_--Select--Schedule 4X-r'

2018-06-09 21:05:15 - [MESSAGE][PASSED] - All options with index in [3] are selected on object 'Object Repository/lab/Page_KDMC/select_--Select--Schedule 4X-r'

2018-06-09 21:05:15 - [TEST_STEP][PASSED] - selectOptionByIndex: All options with index in [5] are selected on object 'Object Repository/lab/Page_KDMC/select_--Select--Automatic x-r'

2018-06-09 21:05:15 - [MESSAGE][PASSED] - All options with index in [5] are selected on object 'Object Repository/lab/Page_KDMC/select_--Select--Automatic x-r'

2018-06-09 21:05:15 - [TEST_STEP][PASSED] - setText: Text '10' is set on object 'Object Repository/lab/Page_KDMC/input_txttreat'

2018-06-09 21:05:15 - [MESSAGE][PASSED] - Text '10' is set on object 'Object Repository/lab/Page_KDMC/input_txttreat'

2018-06-09 21:05:15 - [TEST_STEP][PASSED] - click: Object: 'Object Repository/lab/Page_KDMC/button_Add' is clicked on

2018-06-09 21:05:15 - [MESSAGE][PASSED] - Object: 'Object Repository/lab/Page_KDMC/button_Add' is clicked on

2018-06-09 21:05:15 - [TEST_STEP][PASSED] - selectOptionByIndex: All options with index in [3] are selected on object 'Object Repository/lab/Page_KDMC/select_--Select--Schedule 4X-r'

2018-06-09 21:05:15 - [MESSAGE][PASSED] - All options with index in [3] are selected on object 'Object Repository/lab/Page_KDMC/select_--Select--Schedule 4X-r'

2018-06-09 21:05:15 - [TEST_STEP][PASSED] - selectOptionByIndex: All options with index in [6] are selected on object 'Object Repository/lab/Page_KDMC/select_--Select--Automatic x-r'

2018-06-09 21:05:15 - [MESSAGE][PASSED] - All options with index in [6] are selected on object 'Object Repository/lab/Page_KDMC/select_--Select--Automatic x-r'

2018-06-09 21:05:15 - [TEST_STEP][PASSED] - setText: Text '10' is set on object 'Object Repository/lab/Page_KDMC/input_txttreat'

2018-06-09 21:05:16 - [MESSAGE][PASSED] - Text '10' is set on object 'Object Repository/lab/Page_KDMC/input_txttreat'

2018-06-09 21:05:16 - [TEST_STEP][PASSED] - click: Object: 'Object Repository/lab/Page_KDMC/button_Add' is clicked on

2018-06-09 21:05:16 - [MESSAGE][PASSED] - Object: 'Object Repository/lab/Page_KDMC/button_Add' is clicked on

2018-06-09 21:05:16 - [TEST_STEP][PASSED] - selectOptionByIndex: All options with index in [3] are selected on object 'Object Repository/lab/Page_KDMC/select_--Select--Schedule 4X-r'

2018-06-09 21:05:16 - [MESSAGE][PASSED] - All options with index in [3] are selected on object 'Object Repository/lab/Page_KDMC/select_--Select--Schedule 4X-r'

2018-06-09 21:05:16 - [TEST_STEP][PASSED] - selectOptionByIndex: All options with index in [7] are selected on object 'Object Repository/lab/Page_KDMC/select_--Select--Automatic x-r'

2018-06-09 21:05:16 - [MESSAGE][PASSED] - All options with index in [7] are selected on object 'Object Repository/lab/Page_KDMC/select_--Select--Automatic x-r'

2018-06-09 21:05:16 - [TEST_STEP][PASSED] - setText: Text '10' is set on object 'Object Repository/lab/Page_KDMC/input_txttreat'

2018-06-09 21:05:16 - [MESSAGE][PASSED] - Text '10' is set on object 'Object Repository/lab/Page_KDMC/input_txttreat'

2018-06-09 21:05:16 - [TEST_STEP][PASSED] - click: Object: 'Object Repository/lab/Page_KDMC/button_Add' is clicked on

2018-06-09 21:05:16 - [MESSAGE][PASSED] - Object: 'Object Repository/lab/Page_KDMC/button_Add' is clicked on

2018-06-09 21:05:16 - [TEST_STEP][PASSED] - selectOptionByIndex: All options with index in [3] are selected on object 'Object Repository/lab/Page_KDMC/select_--Select--Schedule 4X-r'

2018-06-09 21:05:16 - [MESSAGE][PASSED] - All options with index in [3] are selected on object 'Object Repository/lab/Page_KDMC/select_--Select--Schedule 4X-r'

2018-06-09 21:05:16 - [TEST_STEP][PASSED] - selectOptionByIndex: All options with index in [8] are selected on object 'Object Repository/lab/Page_KDMC/select_--Select--Automatic x-r'

2018-06-09 21:05:16 - [MESSAGE][PASSED] - All options with index in [8] are selected on object 'Object Repository/lab/Page_KDMC/select_--Select--Automatic x-r'

2018-06-09 21:05:16 - [TEST_STEP][PASSED] - setText: Text '10' is set on object 'Object Repository/lab/Page_KDMC/input_txttreat'

2018-06-09 21:05:16 - [MESSAGE][PASSED] - Text '10' is set on object 'Object Repository/lab/Page_KDMC/input_txttreat'

2018-06-09 21:05:16 - [TEST_STEP][PASSED] - click: Object: 'Object Repository/lab/Page_KDMC/button_Add' is clicked on

2018-06-09 21:05:17 - [MESSAGE][PASSED] - Object: 'Object Repository/lab/Page_KDMC/button_Add' is clicked on

2018-06-09 21:05:17 - [TEST_STEP][PASSED] - selectOptionByIndex: All options with index in [3] are selected on object 'Object Repository/lab/Page_KDMC/select_--Select--Schedule 4X-r'

2018-06-09 21:05:17 - [MESSAGE][PASSED] - All options with index in [3] are selected on object 'Object Repository/lab/Page_KDMC/select_--Select--Schedule 4X-r'

2018-06-09 21:05:17 - [TEST_STEP][PASSED] - selectOptionByIndex: All options with index in [9] are selected on object 'Object Repository/lab/Page_KDMC/select_--Select--Automatic x-r'

2018-06-09 21:05:17 - [MESSAGE][PASSED] - All options with index in [9] are selected on object 'Object Repository/lab/Page_KDMC/select_--Select--Automatic x-r'

2018-06-09 21:05:17 - [TEST_STEP][PASSED] - setText: Text '10' is set on object 'Object Repository/lab/Page_KDMC/input_txttreat'

2018-06-09 21:05:17 - [MESSAGE][PASSED] - Text '10' is set on object 'Object Repository/lab/Page_KDMC/input_txttreat'

2018-06-09 21:05:17 - [TEST_STEP][PASSED] - click: Object: 'Object Repository/lab/Page_KDMC/button_Add' is clicked on

2018-06-09 21:05:17 - [MESSAGE][PASSED] - Object: 'Object Repository/lab/Page_KDMC/button_Add' is clicked on

2018-06-09 21:05:17 - [TEST_STEP][PASSED] - selectOptionByIndex: All options with index in [3] are selected on object 'Object Repository/lab/Page_KDMC/select_--Select--Schedule 4X-r'

2018-06-09 21:05:17 - [MESSAGE][PASSED] - All options with index in [3] are selected on object 'Object Repository/lab/Page_KDMC/select_--Select--Schedule 4X-r'

2018-06-09 21:05:17 - [TEST_STEP][PASSED] - selectOptionByIndex: All options with index in [10] are selected on object 'Object Repository/lab/Page_KDMC/select_--Select--Automatic x-r'

2018-06-09 21:05:17 - [MESSAGE][PASSED] - All options with index in [10] are selected on object 'Object Repository/lab/Page_KDMC/select_--Select--Automatic x-r'

2018-06-09 21:05:17 - [TEST_STEP][PASSED] - setText: Text '10' is set on object 'Object Repository/lab/Page_KDMC/input_txttreat'

2018-06-09 21:05:18 - [MESSAGE][PASSED] - Text '10' is set on object 'Object Repository/lab/Page_KDMC/input_txttreat'

2018-06-09 21:05:18 - [TEST_STEP][PASSED] - click: Object: 'Object Repository/lab/Page_KDMC/button_Add' is clicked on

2018-06-09 21:05:18 - [MESSAGE][PASSED] - Object: 'Object Repository/lab/Page_KDMC/button_Add' is clicked on

2018-06-09 21:05:18 - [TEST_STEP][PASSED] - selectOptionByIndex: All options with index in [3] are selected on object 'Object Repository/lab/Page_KDMC/select_--Select--Schedule 4X-r'

2018-06-09 21:05:18 - [MESSAGE][PASSED] - All options with index in [3] are selected on object 'Object Repository/lab/Page_KDMC/select_--Select--Schedule 4X-r'

2018-06-09 21:05:18 - [TEST_STEP][PASSED] - selectOptionByIndex: All options with index in [11] are selected on object 'Object Repository/lab/Page_KDMC/select_--Select--Automatic x-r'

2018-06-09 21:05:18 - [MESSAGE][PASSED] - All options with index in [11] are selected on object 'Object Repository/lab/Page_KDMC/select_--Select--Automatic x-r'

2018-06-09 21:05:18 - [TEST_STEP][PASSED] - setText: Text '10' is set on object 'Object Repository/lab/Page_KDMC/input_txttreat'

2018-06-09 21:05:18 - [MESSAGE][PASSED] - Text '10' is set on object 'Object Repository/lab/Page_KDMC/input_txttreat'

2018-06-09 21:05:18 - [TEST_STEP][PASSED] - click: Object: 'Object Repository/lab/Page_KDMC/button_Add' is clicked on

2018-06-09 21:05:18 - [MESSAGE][PASSED] - Object: 'Object Repository/lab/Page_KDMC/button_Add' is clicked on

2018-06-09 21:05:18 - [TEST_STEP][PASSED] - selectOptionByIndex: All options with index in [3] are selected on object 'Object Repository/lab/Page_KDMC/select_--Select--Schedule 4X-r'

2018-06-09 21:05:18 - [MESSAGE][PASSED] - All options with index in [3] are selected on object 'Object Repository/lab/Page_KDMC/select_--Select--Schedule 4X-r'

2018-06-09 21:05:18 - [TEST_STEP][PASSED] - selectOptionByIndex: All options with index in [12] are selected on object 'Object Repository/lab/Page_KDMC/select_--Select--Automatic x-r'

2018-06-09 21:05:18 - [MESSAGE][PASSED] - All options with index in [12] are selected on object 'Object Repository/lab/Page_KDMC/select_--Select--Automatic x-r'

2018-06-09 21:05:18 - [TEST_STEP][PASSED] - setText: Text '10' is set on object 'Object Repository/lab/Page_KDMC/input_txttreat'

2018-06-09 21:05:19 - [MESSAGE][PASSED] - Text '10' is set on object 'Object Repository/lab/Page_KDMC/input_txttreat'

2018-06-09 21:05:19 - [TEST_STEP][PASSED] - click: Object: 'Object Repository/lab/Page_KDMC/button_Add' is clicked on

2018-06-09 21:05:19 - [MESSAGE][PASSED] - Object: 'Object Repository/lab/Page_KDMC/button_Add' is clicked on

2018-06-09 21:05:19 - [TEST_STEP][PASSED] - selectOptionByIndex: All options with index in [3] are selected on object 'Object Repository/lab/Page_KDMC/select_--Select--Schedule 4X-r'

2018-06-09 21:05:19 - [MESSAGE][PASSED] - All options with index in [3] are selected on object 'Object Repository/lab/Page_KDMC/select_--Select--Schedule 4X-r'

2018-06-09 21:05:19 - [TEST_STEP][PASSED] - selectOptionByIndex: All options with index in [13] are selected on object 'Object Repository/lab/Page_KDMC/select_--Select--Automatic x-r'

2018-06-09 21:05:19 - [MESSAGE][PASSED] - All options with index in [13] are selected on object 'Object Repository/lab/Page_KDMC/select_--Select--Automatic x-r'

2018-06-09 21:05:19 - [TEST_STEP][PASSED] - setText: Text '10' is set on object 'Object Repository/lab/Page_KDMC/input_txttreat'

2018-06-09 21:05:19 - [MESSAGE][PASSED] - Text '10' is set on object 'Object Repository/lab/Page_KDMC/input_txttreat'

2018-06-09 21:05:19 - [TEST_STEP][PASSED] - click: Object: 'Object Repository/lab/Page_KDMC/button_Add' is clicked on

2018-06-09 21:05:19 - [MESSAGE][PASSED] - Object: 'Object Repository/lab/Page_KDMC/button_Add' is clicked on

2018-06-09 21:05:19 - [TEST_STEP][PASSED] - Statement - RN1 = com.kms.katalon.core.webui.keyword.WebUiBuiltInKeywords.getAttribute(com.kms.katalon.core.testobject.ObjectRepository.findTestObject(lab/Page_KDMC/input_txtno), "value"): Attribute 'value' of object 'Object Repository/lab/Page_KDMC/input_txtno' is: 'LRNO/09062018/421'

2018-06-09 21:05:19 - [MESSAGE][PASSED] - Attribute 'value' of object 'Object Repository/lab/Page_KDMC/input_txtno' is: 'LRNO/09062018/421'

2018-06-09 21:05:19 - [TEST_STEP][PASSED] - Statement - out.println(RN1): null

2018-06-09 21:05:19 - [TEST_STEP][PASSED] - Statement - RID = RN1.split("/")[2]: null

2018-06-09 21:05:19 - [TEST_STEP][PASSED] - scrollToElement: Scroll to object 'Object Repository/lab/Page_KDMC/input_btnsave' successfully

2018-06-09 21:05:19 - [MESSAGE][PASSED] - Scroll to object 'Object Repository/lab/Page_KDMC/input_btnsave' successfully

2018-06-09 21:05:19 - [TEST_STEP][PASSED] - click: Object: 'Object Repository/lab/Page_KDMC/input_btnsave' is clicked on

2018-06-09 21:05:19 - [MESSAGE][PASSED] - Object: 'Object Repository/lab/Page_KDMC/input_btnsave' is clicked on

2018-06-09 21:05:19 - [TEST_STEP][PASSED] - delay: Delayed 3 second(s)

2018-06-09 21:05:22 - [MESSAGE][PASSED] - Delayed 3 second(s)

2018-06-09 21:05:22 - [TEST_STEP][PASSED] - click: Object: 'Object Repository/lab/Page_KDMC/button_OK' is clicked on

2018-06-09 21:05:23 - [MESSAGE][PASSED] - Object: 'Object Repository/lab/Page_KDMC/button_OK' is clicked on

2018-06-09 21:05:23 - [TEST_STEP][PASSED] - delay: Delayed 3 second(s)

2018-06-09 21:05:26 - [MESSAGE][PASSED] - Delayed 3 second(s)

2018-06-09 21:05:26 - [TEST_STEP][PASSED] - click: Object: 'Object Repository/lab/Page_KDMC/a_dropdown-toggle' is clicked on

2018-06-09 21:05:26 - [MESSAGE][PASSED] - Object: 'Object Repository/lab/Page_KDMC/a_dropdown-toggle' is clicked on

2018-06-09 21:05:26 - [TEST_STEP][PASSED] - click: Object: 'Object Repository/lab/Page_KDMC/a_Sign out' is clicked on

2018-06-09 21:05:26 - [MESSAGE][PASSED] - Object: 'Object Repository/lab/Page_KDMC/a_Sign out' is clicked on

2018-06-09 21:05:26 - [TEST_STEP][PASSED] - delay: Delayed 3 second(s)

2018-06-09 21:05:29 - [MESSAGE][PASSED] - Delayed 3 second(s)

2018-06-09 21:05:29 - [TEST_STEP][PASSED] - click: Object: 'Object Repository/lab/Page_KDMC/a_CMO' is clicked on

2018-06-09 21:05:30 - [MESSAGE][PASSED] - Object: 'Object Repository/lab/Page_KDMC/a_CMO' is clicked on

2018-06-09 21:05:30 - [TEST_STEP][PASSED] - setText: Text 'guru' is set on object 'Object Repository/lab/Page_CMO login/input_txtusername'

2018-06-09 21:05:30 - [MESSAGE][PASSED] - Text 'guru' is set on object 'Object Repository/lab/Page_CMO login/input_txtusername'

2018-06-09 21:05:30 - [TEST_STEP][PASSED] - setText: Text '123' is set on object 'Object Repository/lab/Page_CMO login/input_txtpassword'

2018-06-09 21:05:30 - [MESSAGE][PASSED] - Text '123' is set on object 'Object Repository/lab/Page_CMO login/input_txtpassword'

2018-06-09 21:05:30 - [TEST_STEP][PASSED] - delay: Delayed 3 second(s)

2018-06-09 21:05:33 - [MESSAGE][PASSED] - Delayed 3 second(s)

2018-06-09 21:05:33 - [TEST_STEP][PASSED] - click: Object: 'Object Repository/lab/Page_CMO login/button_Sign in' is clicked on

2018-06-09 21:05:34 - [MESSAGE][PASSED] - Object: 'Object Repository/lab/Page_CMO login/button_Sign in' is clicked on

2018-06-09 21:05:34 - [TEST_STEP][PASSED] - click: Object: 'Object Repository/lab/Page_KDMC - CMO/span_Department Wise Request' is clicked on

2018-06-09 21:05:36 - [MESSAGE][PASSED] - Object: 'Object Repository/lab/Page_KDMC - CMO/span_Department Wise Request' is clicked on

2018-06-09 21:05:36 - [TEST_STEP][PASSED] - selectOptionByIndex: All options with index in [4] are selected on object 'Object Repository/lab/Page_KDMC - CMO/select_--ALL--'

2018-06-09 21:05:36 - [MESSAGE][PASSED] - All options with index in [4] are selected on object 'Object Repository/lab/Page_KDMC - CMO/select_--ALL--'

2018-06-09 21:05:36 - [TEST_STEP][PASSED] - selectOptionByIndex: All options with index in [1] are selected on object 'Object Repository/lab/Page_KDMC - CMO/select_--ALL--                _1'

2018-06-09 21:05:37 - [MESSAGE][PASSED] - All options with index in [1] are selected on object 'Object Repository/lab/Page_KDMC - CMO/select_--ALL--                _1'

2018-06-09 21:05:37 - [TEST_STEP][PASSED] - click: Object: 'Object Repository/lab/Page_KDMC - CMO/input_btnsearch' is clicked on

2018-06-09 21:05:37 - [MESSAGE][PASSED] - Object: 'Object Repository/lab/Page_KDMC - CMO/input_btnsearch' is clicked on

2018-06-09 21:05:37 - [TEST_STEP][PASSED] - Statement - ID = com.kms.katalon.core.webui.keyword.WebUiBuiltInKeywords.modifyObjectProperty(com.kms.katalon.core.testobject.ObjectRepository.findTestObject(lab/Page_KDMC - CMO/input_1), "xpath", "equals", "//*[@id=" + RID + "]", true): Modify property of object successfully

2018-06-09 21:05:37 - [MESSAGE][PASSED] - Modify property of object successfully

2018-06-09 21:05:37 - [TEST_STEP][PASSED] - click: Object: 'Object Repository/lab/Page_KDMC - CMO/input_1' is clicked on

2018-06-09 21:05:38 - [MESSAGE][PASSED] - Object: 'Object Repository/lab/Page_KDMC - CMO/input_1' is clicked on

2018-06-09 21:05:38 - [TEST_STEP][PASSED] - delay: Delayed 2 second(s)

2018-06-09 21:05:40 - [MESSAGE][PASSED] - Delayed 2 second(s)

2018-06-09 21:05:40 - [TEST_STEP][PASSED] - selectOptionByIndex: All options with index in [1] are selected on object 'Object Repository/lab/Page_KDMC - CMO/select_--Select--'

2018-06-09 21:05:40 - [MESSAGE][PASSED] - All options with index in [1] are selected on object 'Object Repository/lab/Page_KDMC - CMO/select_--Select--'

2018-06-09 21:05:40 - [TEST_STEP][PASSED] - click: Object: 'Object Repository/lab/Page_KDMC - CMO/input_btnupdate' is clicked on

2018-06-09 21:05:40 - [MESSAGE][PASSED] - Object: 'Object Repository/lab/Page_KDMC - CMO/input_btnupdate' is clicked on

2018-06-09 21:05:40 - [TEST_STEP][PASSED] - delay: Delayed 2 second(s)

2018-06-09 21:05:42 - [MESSAGE][PASSED] - Delayed 2 second(s)

2018-06-09 21:05:42 - [TEST_STEP][PASSED] - click: Object: 'Object Repository/lab/Page_KDMC - CMO/button_OK' is clicked on

2018-06-09 21:05:42 - [MESSAGE][PASSED] - Object: 'Object Repository/lab/Page_KDMC - CMO/button_OK' is clicked on

2018-06-09 21:05:42 - [TEST_STEP][PASSED] - delay: Delayed 3 second(s)

2018-06-09 21:05:45 - [MESSAGE][PASSED] - Delayed 3 second(s)

2018-06-09 21:05:45 - [TEST_STEP][PASSED] - click: Object: 'Object Repository/lab/Page_KDMC - CMO/a_dropdown-toggle' is clicked on

2018-06-09 21:05:45 - [MESSAGE][PASSED] - Object: 'Object Repository/lab/Page_KDMC - CMO/a_dropdown-toggle' is clicked on

2018-06-09 21:05:45 - [TEST_STEP][PASSED] - click: Object: 'Object Repository/lab/Page_KDMC - CMO/a_Sign out' is clicked on

2018-06-09 21:05:46 - [MESSAGE][PASSED] - Object: 'Object Repository/lab/Page_KDMC - CMO/a_Sign out' is clicked on

2018-06-09 21:05:46 - [TEST_STEP][PASSED] - delay: Delayed 3 second(s)

2018-06-09 21:05:49 - [MESSAGE][PASSED] - Delayed 3 second(s)

2018-06-09 21:05:49 - [TEST_STEP][PASSED] - click: Object: 'Object Repository/lab/Page_KDMC/a_Divisional Store' is clicked on

2018-06-09 21:05:50 - [MESSAGE][PASSED] - Object: 'Object Repository/lab/Page_KDMC/a_Divisional Store' is clicked on

2018-06-09 21:05:50 - [TEST_STEP][PASSED] - setText: Text 'ragu' is set on object 'Object Repository/lab/Page_Divisonal Store Login/input_txtusername'

2018-06-09 21:05:50 - [MESSAGE][PASSED] - Text 'ragu' is set on object 'Object Repository/lab/Page_Divisonal Store Login/input_txtusername'

2018-06-09 21:05:50 - [TEST_STEP][PASSED] - setText: Text '123' is set on object 'Object Repository/lab/Page_Divisonal Store Login/input_txtpassword'

2018-06-09 21:05:50 - [MESSAGE][PASSED] - Text '123' is set on object 'Object Repository/lab/Page_Divisonal Store Login/input_txtpassword'

2018-06-09 21:05:50 - [TEST_STEP][PASSED] - delay: Delayed 3 second(s)

2018-06-09 21:05:53 - [MESSAGE][PASSED] - Delayed 3 second(s)

2018-06-09 21:05:53 - [TEST_STEP][PASSED] - click: Object: 'Object Repository/lab/Page_Divisonal Store Login/button_Sign in' is clicked on

2018-06-09 21:05:54 - [MESSAGE][PASSED] - Object: 'Object Repository/lab/Page_Divisonal Store Login/button_Sign in' is clicked on

2018-06-09 21:05:54 - [TEST_STEP][PASSED] - delay: Delayed 3 second(s)

2018-06-09 21:05:57 - [MESSAGE][PASSED] - Delayed 3 second(s)

2018-06-09 21:05:57 - [TEST_STEP][PASSED] - click: Object: 'Object Repository/lab/Page_Store/a_Lab Request' is clicked on

2018-06-09 21:05:57 - [MESSAGE][PASSED] - Object: 'Object Repository/lab/Page_Store/a_Lab Request' is clicked on

2018-06-09 21:05:57 - [TEST_STEP][PASSED] - click: Object: 'Object Repository/lab/Page_Store/a_Request Item Lab' is clicked on

2018-06-09 21:05:58 - [MESSAGE][PASSED] - Object: 'Object Repository/lab/Page_Store/a_Request Item Lab' is clicked on

2018-06-09 21:05:58 - [TEST_STEP][PASSED] - Statement - ChooseRequest = com.kms.katalon.core.webui.keyword.WebUiBuiltInKeywords.modifyObjectProperty(com.kms.katalon.core.testobject.ObjectRepository.findTestObject(lab/Page_Store/input_1), "xpath", "equals", "//*[@id=" + RID + "]", true): Modify property of object successfully

2018-06-09 21:05:58 - [MESSAGE][PASSED] - Modify property of object successfully

2018-06-09 21:05:58 - [TEST_STEP][PASSED] - click: Object: 'Object Repository/lab/Page_Store/input_1' is clicked on

2018-06-09 21:05:59 - [MESSAGE][PASSED] - Object: 'Object Repository/lab/Page_Store/input_1' is clicked on

2018-06-09 21:05:59 - [TEST_STEP][PASSED] - delay: Delayed 2 second(s)

2018-06-09 21:06:01 - [MESSAGE][PASSED] - Delayed 2 second(s)

2018-06-09 21:06:01 - [TEST_STEP][PASSED] - Statement - selectedoptions = com.kms.katalon.core.webui.keyword.WebUiBuiltInKeywords.getNumberOfTotalOption(com.kms.katalon.core.testobject.ObjectRepository.findTestObject(lab/Page_Store/select_--Select--E.C.G. Jelly)): 14 options of object 'Object Repository/lab/Page_Store/select_--Select--E.C.G. Jelly' counted

2018-06-09 21:06:01 - [MESSAGE][PASSED] - 14 options of object 'Object Repository/lab/Page_Store/select_--Select--E.C.G. Jelly' counted

2018-06-09 21:06:01 - [TEST_STEP][PASSED] - Statement - For ([a = 1, a <= selectedoptions - 1, (a++)]): null

2018-06-09 21:06:01 - [TEST_STEP][PASSED] - selectOptionByIndex: All options with index in [1] are selected on object 'Object Repository/lab/Page_Store/select_--Select--E.C.G. Jelly'

2018-06-09 21:06:01 - [MESSAGE][PASSED] - All options with index in [1] are selected on object 'Object Repository/lab/Page_Store/select_--Select--E.C.G. Jelly'

2018-06-09 21:06:01 - [TEST_STEP][PASSED] - delay: Delayed 2 second(s)

2018-06-09 21:06:03 - [MESSAGE][PASSED] - Delayed 2 second(s)

2018-06-09 21:06:03 - [TEST_STEP][PASSED] - Statement - RequestedQty = com.kms.katalon.core.webui.keyword.WebUiBuiltInKeywords.getAttribute(com.kms.katalon.core.testobject.ObjectRepository.findTestObject(lab/Page_Store/input_txttotal), "value"): Attribute 'value' of object 'Object Repository/lab/Page_Store/input_txttotal' is: '10'

2018-06-09 21:06:03 - [MESSAGE][PASSED] - Attribute 'value' of object 'Object Repository/lab/Page_Store/input_txttotal' is: '10'

2018-06-09 21:06:03 - [TEST_STEP][PASSED] - Statement - out.println("Requested QTY : " + RequestedQty): null

2018-06-09 21:06:03 - [TEST_STEP][PASSED] - Statement - BatchNumber = com.kms.katalon.core.webui.keyword.WebUiBuiltInKeywords.getNumberOfTotalOption(com.kms.katalon.core.testobject.ObjectRepository.findTestObject(lab/Page_Store/select_--Select--BA50)): 3 options of object 'Object Repository/lab/Page_Store/select_--Select--BA50' counted

2018-06-09 21:06:03 - [MESSAGE][PASSED] - 3 options of object 'Object Repository/lab/Page_Store/select_--Select--BA50' counted

2018-06-09 21:06:03 - [TEST_STEP][PASSED] - Statement - For ([g = 1, g <= BatchNumber - 1, (g++)]): null

2018-06-09 21:06:03 - [TEST_STEP][PASSED] - selectOptionByIndex: All options with index in [1] are selected on object 'Object Repository/lab/Page_Store/select_--Select--BA50'

2018-06-09 21:06:04 - [MESSAGE][PASSED] - All options with index in [1] are selected on object 'Object Repository/lab/Page_Store/select_--Select--BA50'

2018-06-09 21:06:04 - [TEST_STEP][PASSED] - delay: Delayed 2 second(s)

2018-06-09 21:06:06 - [MESSAGE][PASSED] - Delayed 2 second(s)

2018-06-09 21:06:06 - [TEST_STEP][PASSED] - Statement - Try: null

2018-06-09 21:06:06 - [TEST_STEP][PASSED] - Statement - StockQty = com.kms.katalon.core.webui.keyword.WebUiBuiltInKeywords.getAttribute(com.kms.katalon.core.testobject.ObjectRepository.findTestObject(lab/Page_Store/input_txtprice), "value"): Attribute 'value' of object 'Object Repository/lab/Page_Store/input_txtprice' is: '910'

2018-06-09 21:06:06 - [MESSAGE][PASSED] - Attribute 'value' of object 'Object Repository/lab/Page_Store/input_txtprice' is: '910'

2018-06-09 21:06:06 - [TEST_STEP][PASSED] - Statement - out.println("Stock QTY : " + StockQty): null

2018-06-09 21:06:06 - [TEST_STEP][PASSED] - delay: Delayed 1 second(s)

2018-06-09 21:06:07 - [MESSAGE][PASSED] - Delayed 1 second(s)

2018-06-09 21:06:07 - [TEST_STEP][PASSED] - Statement - If (java.lang.Integer.valueOf(StockQty) >= java.lang.Integer.valueOf(RequestedQty)): null

2018-06-09 21:06:07 - [TEST_STEP][PASSED] - setText: Text '10' is set on object 'Object Repository/lab/Page_Store/input_txtqty'

2018-06-09 21:06:07 - [MESSAGE][PASSED] - Text '10' is set on object 'Object Repository/lab/Page_Store/input_txtqty'

2018-06-09 21:06:07 - [TEST_STEP][PASSED] - click: Object: 'Object Repository/lab/Page_Store/button_Add' is clicked on

2018-06-09 21:06:07 - [MESSAGE][PASSED] - Object: 'Object Repository/lab/Page_Store/button_Add' is clicked on

2018-06-09 21:06:07 - [TEST_STEP][PASSED] - Statement - Break: null

2018-06-09 21:06:07 - [TEST_STEP][PASSED] - selectOptionByIndex: All options with index in [2] are selected on object 'Object Repository/lab/Page_Store/select_--Select--E.C.G. Jelly'

2018-06-09 21:06:07 - [MESSAGE][PASSED] - All options with index in [2] are selected on object 'Object Repository/lab/Page_Store/select_--Select--E.C.G. Jelly'

2018-06-09 21:06:07 - [TEST_STEP][PASSED] - delay: Delayed 2 second(s)

2018-06-09 21:06:09 - [MESSAGE][PASSED] - Delayed 2 second(s)

2018-06-09 21:06:09 - [TEST_STEP][PASSED] - Statement - RequestedQty = com.kms.katalon.core.webui.keyword.WebUiBuiltInKeywords.getAttribute(com.kms.katalon.core.testobject.ObjectRepository.findTestObject(lab/Page_Store/input_txttotal), "value"): Attribute 'value' of object 'Object Repository/lab/Page_Store/input_txttotal' is: '10'

2018-06-09 21:06:09 - [MESSAGE][PASSED] - Attribute 'value' of object 'Object Repository/lab/Page_Store/input_txttotal' is: '10'

2018-06-09 21:06:09 - [TEST_STEP][PASSED] - Statement - out.println("Requested QTY : " + RequestedQty): null

2018-06-09 21:06:09 - [TEST_STEP][PASSED] - Statement - BatchNumber = com.kms.katalon.core.webui.keyword.WebUiBuiltInKeywords.getNumberOfTotalOption(com.kms.katalon.core.testobject.ObjectRepository.findTestObject(lab/Page_Store/select_--Select--BA50)): 6 options of object 'Object Repository/lab/Page_Store/select_--Select--BA50' counted

2018-06-09 21:06:09 - [MESSAGE][PASSED] - 6 options of object 'Object Repository/lab/Page_Store/select_--Select--BA50' counted

2018-06-09 21:06:09 - [TEST_STEP][PASSED] - Statement - For ([g = 1, g <= BatchNumber - 1, (g++)]): null

2018-06-09 21:06:09 - [TEST_STEP][PASSED] - selectOptionByIndex: All options with index in [1] are selected on object 'Object Repository/lab/Page_Store/select_--Select--BA50'

2018-06-09 21:06:09 - [MESSAGE][PASSED] - All options with index in [1] are selected on object 'Object Repository/lab/Page_Store/select_--Select--BA50'

2018-06-09 21:06:09 - [TEST_STEP][PASSED] - delay: Delayed 2 second(s)

2018-06-09 21:06:11 - [MESSAGE][PASSED] - Delayed 2 second(s)

2018-06-09 21:06:11 - [TEST_STEP][PASSED] - Statement - Try: null

2018-06-09 21:06:11 - [TEST_STEP][PASSED] - Statement - StockQty = com.kms.katalon.core.webui.keyword.WebUiBuiltInKeywords.getAttribute(com.kms.katalon.core.testobject.ObjectRepository.findTestObject(lab/Page_Store/input_txtprice), "value"): Attribute 'value' of object 'Object Repository/lab/Page_Store/input_txtprice' is: '90'

2018-06-09 21:06:11 - [MESSAGE][PASSED] - Attribute 'value' of object 'Object Repository/lab/Page_Store/input_txtprice' is: '90'

2018-06-09 21:06:11 - [TEST_STEP][PASSED] - Statement - out.println("Stock QTY : " + StockQty): null

2018-06-09 21:06:11 - [TEST_STEP][PASSED] - delay: Delayed 1 second(s)

2018-06-09 21:06:12 - [MESSAGE][PASSED] - Delayed 1 second(s)

2018-06-09 21:06:12 - [TEST_STEP][PASSED] - Statement - If (java.lang.Integer.valueOf(StockQty) >= java.lang.Integer.valueOf(RequestedQty)): null

2018-06-09 21:06:12 - [TEST_STEP][PASSED] - setText: Text '10' is set on object 'Object Repository/lab/Page_Store/input_txtqty'

2018-06-09 21:06:12 - [MESSAGE][PASSED] - Text '10' is set on object 'Object Repository/lab/Page_Store/input_txtqty'

2018-06-09 21:06:12 - [TEST_STEP][PASSED] - click: Object: 'Object Repository/lab/Page_Store/button_Add' is clicked on

2018-06-09 21:06:12 - [MESSAGE][PASSED] - Object: 'Object Repository/lab/Page_Store/button_Add' is clicked on

2018-06-09 21:06:12 - [TEST_STEP][PASSED] - Statement - Break: null

2018-06-09 21:06:12 - [TEST_STEP][PASSED] - selectOptionByIndex: All options with index in [3] are selected on object 'Object Repository/lab/Page_Store/select_--Select--E.C.G. Jelly'

2018-06-09 21:06:13 - [MESSAGE][PASSED] - All options with index in [3] are selected on object 'Object Repository/lab/Page_Store/select_--Select--E.C.G. Jelly'

2018-06-09 21:06:13 - [TEST_STEP][PASSED] - delay: Delayed 2 second(s)

2018-06-09 21:06:15 - [MESSAGE][PASSED] - Delayed 2 second(s)

2018-06-09 21:06:15 - [TEST_STEP][PASSED] - Statement - RequestedQty = com.kms.katalon.core.webui.keyword.WebUiBuiltInKeywords.getAttribute(com.kms.katalon.core.testobject.ObjectRepository.findTestObject(lab/Page_Store/input_txttotal), "value"): Attribute 'value' of object 'Object Repository/lab/Page_Store/input_txttotal' is: '10'

2018-06-09 21:06:15 - [MESSAGE][PASSED] - Attribute 'value' of object 'Object Repository/lab/Page_Store/input_txttotal' is: '10'

2018-06-09 21:06:15 - [TEST_STEP][PASSED] - Statement - out.println("Requested QTY : " + RequestedQty): null

2018-06-09 21:06:15 - [TEST_STEP][PASSED] - Statement - BatchNumber = com.kms.katalon.core.webui.keyword.WebUiBuiltInKeywords.getNumberOfTotalOption(com.kms.katalon.core.testobject.ObjectRepository.findTestObject(lab/Page_Store/select_--Select--BA50)): 2 options of object 'Object Repository/lab/Page_Store/select_--Select--BA50' counted

2018-06-09 21:06:15 - [MESSAGE][PASSED] - 2 options of object 'Object Repository/lab/Page_Store/select_--Select--BA50' counted

2018-06-09 21:06:15 - [TEST_STEP][PASSED] - Statement - For ([g = 1, g <= BatchNumber - 1, (g++)]): null

2018-06-09 21:06:15 - [TEST_STEP][PASSED] - selectOptionByIndex: All options with index in [1] are selected on object 'Object Repository/lab/Page_Store/select_--Select--BA50'

2018-06-09 21:06:15 - [MESSAGE][PASSED] - All options with index in [1] are selected on object 'Object Repository/lab/Page_Store/select_--Select--BA50'

2018-06-09 21:06:15 - [TEST_STEP][PASSED] - delay: Delayed 2 second(s)

2018-06-09 21:06:17 - [MESSAGE][PASSED] - Delayed 2 second(s)

2018-06-09 21:06:17 - [TEST_STEP][PASSED] - Statement - Try: null

2018-06-09 21:06:17 - [TEST_STEP][PASSED] - Statement - StockQty = com.kms.katalon.core.webui.keyword.WebUiBuiltInKeywords.getAttribute(com.kms.katalon.core.testobject.ObjectRepository.findTestObject(lab/Page_Store/input_txtprice), "value"): Attribute 'value' of object 'Object Repository/lab/Page_Store/input_txtprice' is: '950'

2018-06-09 21:06:17 - [MESSAGE][PASSED] - Attribute 'value' of object 'Object Repository/lab/Page_Store/input_txtprice' is: '950'

2018-06-09 21:06:17 - [TEST_STEP][PASSED] - Statement - out.println("Stock QTY : " + StockQty): null

2018-06-09 21:06:17 - [TEST_STEP][PASSED] - delay: Delayed 1 second(s)

2018-06-09 21:06:18 - [MESSAGE][PASSED] - Delayed 1 second(s)

2018-06-09 21:06:18 - [TEST_STEP][PASSED] - Statement - If (java.lang.Integer.valueOf(StockQty) >= java.lang.Integer.valueOf(RequestedQty)): null

2018-06-09 21:06:18 - [TEST_STEP][PASSED] - setText: Text '10' is set on object 'Object Repository/lab/Page_Store/input_txtqty'

2018-06-09 21:06:18 - [MESSAGE][PASSED] - Text '10' is set on object 'Object Repository/lab/Page_Store/input_txtqty'

2018-06-09 21:06:18 - [TEST_STEP][PASSED] - click: Object: 'Object Repository/lab/Page_Store/button_Add' is clicked on

2018-06-09 21:06:18 - [MESSAGE][PASSED] - Object: 'Object Repository/lab/Page_Store/button_Add' is clicked on

2018-06-09 21:06:18 - [TEST_STEP][PASSED] - Statement - Break: null

2018-06-09 21:06:18 - [TEST_STEP][PASSED] - selectOptionByIndex: All options with index in [4] are selected on object 'Object Repository/lab/Page_Store/select_--Select--E.C.G. Jelly'

2018-06-09 21:06:18 - [MESSAGE][PASSED] - All options with index in [4] are selected on object 'Object Repository/lab/Page_Store/select_--Select--E.C.G. Jelly'

2018-06-09 21:06:18 - [TEST_STEP][PASSED] - delay: Delayed 2 second(s)

2018-06-09 21:06:20 - [MESSAGE][PASSED] - Delayed 2 second(s)

2018-06-09 21:06:20 - [TEST_STEP][PASSED] - Statement - RequestedQty = com.kms.katalon.core.webui.keyword.WebUiBuiltInKeywords.getAttribute(com.kms.katalon.core.testobject.ObjectRepository.findTestObject(lab/Page_Store/input_txttotal), "value"): Attribute 'value' of object 'Object Repository/lab/Page_Store/input_txttotal' is: '10'

2018-06-09 21:06:20 - [MESSAGE][PASSED] - Attribute 'value' of object 'Object Repository/lab/Page_Store/input_txttotal' is: '10'

2018-06-09 21:06:20 - [TEST_STEP][PASSED] - Statement - out.println("Requested QTY : " + RequestedQty): null

2018-06-09 21:06:20 - [TEST_STEP][PASSED] - Statement - BatchNumber = com.kms.katalon.core.webui.keyword.WebUiBuiltInKeywords.getNumberOfTotalOption(com.kms.katalon.core.testobject.ObjectRepository.findTestObject(lab/Page_Store/select_--Select--BA50)): 3 options of object 'Object Repository/lab/Page_Store/select_--Select--BA50' counted

2018-06-09 21:06:20 - [MESSAGE][PASSED] - 3 options of object 'Object Repository/lab/Page_Store/select_--Select--BA50' counted

2018-06-09 21:06:20 - [TEST_STEP][PASSED] - Statement - For ([g = 1, g <= BatchNumber - 1, (g++)]): null

2018-06-09 21:06:20 - [TEST_STEP][PASSED] - selectOptionByIndex: All options with index in [1] are selected on object 'Object Repository/lab/Page_Store/select_--Select--BA50'

2018-06-09 21:06:20 - [MESSAGE][PASSED] - All options with index in [1] are selected on object 'Object Repository/lab/Page_Store/select_--Select--BA50'

2018-06-09 21:06:20 - [TEST_STEP][PASSED] - delay: Delayed 2 second(s)

2018-06-09 21:06:22 - [MESSAGE][PASSED] - Delayed 2 second(s)

2018-06-09 21:06:22 - [TEST_STEP][PASSED] - Statement - Try: null

2018-06-09 21:06:22 - [TEST_STEP][PASSED] - Statement - StockQty = com.kms.katalon.core.webui.keyword.WebUiBuiltInKeywords.getAttribute(com.kms.katalon.core.testobject.ObjectRepository.findTestObject(lab/Page_Store/input_txtprice), "value"): Attribute 'value' of object 'Object Repository/lab/Page_Store/input_txtprice' is: '910'

2018-06-09 21:06:22 - [MESSAGE][PASSED] - Attribute 'value' of object 'Object Repository/lab/Page_Store/input_txtprice' is: '910'

2018-06-09 21:06:22 - [TEST_STEP][PASSED] - Statement - out.println("Stock QTY : " + StockQty): null

2018-06-09 21:06:22 - [TEST_STEP][PASSED] - delay: Delayed 1 second(s)

2018-06-09 21:06:23 - [MESSAGE][PASSED] - Delayed 1 second(s)

2018-06-09 21:06:23 - [TEST_STEP][PASSED] - Statement - If (java.lang.Integer.valueOf(StockQty) >= java.lang.Integer.valueOf(RequestedQty)): null

2018-06-09 21:06:23 - [TEST_STEP][PASSED] - setText: Text '10' is set on object 'Object Repository/lab/Page_Store/input_txtqty'

2018-06-09 21:06:23 - [MESSAGE][PASSED] - Text '10' is set on object 'Object Repository/lab/Page_Store/input_txtqty'

2018-06-09 21:06:23 - [TEST_STEP][PASSED] - click: Object: 'Object Repository/lab/Page_Store/button_Add' is clicked on

2018-06-09 21:06:23 - [MESSAGE][PASSED] - Object: 'Object Repository/lab/Page_Store/button_Add' is clicked on

2018-06-09 21:06:23 - [TEST_STEP][PASSED] - Statement - Break: null

2018-06-09 21:06:23 - [TEST_STEP][PASSED] - selectOptionByIndex: All options with index in [5] are selected on object 'Object Repository/lab/Page_Store/select_--Select--E.C.G. Jelly'

2018-06-09 21:06:24 - [MESSAGE][PASSED] - All options with index in [5] are selected on object 'Object Repository/lab/Page_Store/select_--Select--E.C.G. Jelly'

2018-06-09 21:06:24 - [TEST_STEP][PASSED] - delay: Delayed 2 second(s)

2018-06-09 21:06:26 - [MESSAGE][PASSED] - Delayed 2 second(s)

2018-06-09 21:06:26 - [TEST_STEP][PASSED] - Statement - RequestedQty = com.kms.katalon.core.webui.keyword.WebUiBuiltInKeywords.getAttribute(com.kms.katalon.core.testobject.ObjectRepository.findTestObject(lab/Page_Store/input_txttotal), "value"): Attribute 'value' of object 'Object Repository/lab/Page_Store/input_txttotal' is: '10'

2018-06-09 21:06:26 - [MESSAGE][PASSED] - Attribute 'value' of object 'Object Repository/lab/Page_Store/input_txttotal' is: '10'

2018-06-09 21:06:26 - [TEST_STEP][PASSED] - Statement - out.println("Requested QTY : " + RequestedQty): null

2018-06-09 21:06:26 - [TEST_STEP][PASSED] - Statement - BatchNumber = com.kms.katalon.core.webui.keyword.WebUiBuiltInKeywords.getNumberOfTotalOption(com.kms.katalon.core.testobject.ObjectRepository.findTestObject(lab/Page_Store/select_--Select--BA50)): 3 options of object 'Object Repository/lab/Page_Store/select_--Select--BA50' counted

2018-06-09 21:06:26 - [MESSAGE][PASSED] - 3 options of object 'Object Repository/lab/Page_Store/select_--Select--BA50' counted

2018-06-09 21:06:26 - [TEST_STEP][PASSED] - Statement - For ([g = 1, g <= BatchNumber - 1, (g++)]): null

2018-06-09 21:06:26 - [TEST_STEP][PASSED] - selectOptionByIndex: All options with index in [1] are selected on object 'Object Repository/lab/Page_Store/select_--Select--BA50'

2018-06-09 21:06:26 - [MESSAGE][PASSED] - All options with index in [1] are selected on object 'Object Repository/lab/Page_Store/select_--Select--BA50'

2018-06-09 21:06:26 - [TEST_STEP][PASSED] - delay: Delayed 2 second(s)

2018-06-09 21:06:28 - [MESSAGE][PASSED] - Delayed 2 second(s)

2018-06-09 21:06:28 - [TEST_STEP][PASSED] - Statement - Try: null

2018-06-09 21:06:28 - [TEST_STEP][PASSED] - Statement - StockQty = com.kms.katalon.core.webui.keyword.WebUiBuiltInKeywords.getAttribute(com.kms.katalon.core.testobject.ObjectRepository.findTestObject(lab/Page_Store/input_txtprice), "value"): Attribute 'value' of object 'Object Repository/lab/Page_Store/input_txtprice' is: '90'

2018-06-09 21:06:28 - [MESSAGE][PASSED] - Attribute 'value' of object 'Object Repository/lab/Page_Store/input_txtprice' is: '90'

2018-06-09 21:06:28 - [TEST_STEP][PASSED] - Statement - out.println("Stock QTY : " + StockQty): null

2018-06-09 21:06:28 - [TEST_STEP][PASSED] - delay: Delayed 1 second(s)

2018-06-09 21:06:29 - [MESSAGE][PASSED] - Delayed 1 second(s)

2018-06-09 21:06:29 - [TEST_STEP][PASSED] - Statement - If (java.lang.Integer.valueOf(StockQty) >= java.lang.Integer.valueOf(RequestedQty)): null

2018-06-09 21:06:29 - [TEST_STEP][PASSED] - setText: Text '10' is set on object 'Object Repository/lab/Page_Store/input_txtqty'

2018-06-09 21:06:29 - [MESSAGE][PASSED] - Text '10' is set on object 'Object Repository/lab/Page_Store/input_txtqty'

2018-06-09 21:06:29 - [TEST_STEP][PASSED] - click: Object: 'Object Repository/lab/Page_Store/button_Add' is clicked on

2018-06-09 21:06:29 - [MESSAGE][PASSED] - Object: 'Object Repository/lab/Page_Store/button_Add' is clicked on

2018-06-09 21:06:29 - [TEST_STEP][PASSED] - Statement - Break: null

2018-06-09 21:06:29 - [TEST_STEP][PASSED] - selectOptionByIndex: All options with index in [6] are selected on object 'Object Repository/lab/Page_Store/select_--Select--E.C.G. Jelly'

2018-06-09 21:06:29 - [MESSAGE][PASSED] - All options with index in [6] are selected on object 'Object Repository/lab/Page_Store/select_--Select--E.C.G. Jelly'

2018-06-09 21:06:29 - [TEST_STEP][PASSED] - delay: Delayed 2 second(s)

2018-06-09 21:06:31 - [MESSAGE][PASSED] - Delayed 2 second(s)

2018-06-09 21:06:31 - [TEST_STEP][PASSED] - Statement - RequestedQty = com.kms.katalon.core.webui.keyword.WebUiBuiltInKeywords.getAttribute(com.kms.katalon.core.testobject.ObjectRepository.findTestObject(lab/Page_Store/input_txttotal), "value"): Attribute 'value' of object 'Object Repository/lab/Page_Store/input_txttotal' is: '10'

2018-06-09 21:06:31 - [MESSAGE][PASSED] - Attribute 'value' of object 'Object Repository/lab/Page_Store/input_txttotal' is: '10'

2018-06-09 21:06:31 - [TEST_STEP][PASSED] - Statement - out.println("Requested QTY : " + RequestedQty): null

2018-06-09 21:06:31 - [TEST_STEP][PASSED] - Statement - BatchNumber = com.kms.katalon.core.webui.keyword.WebUiBuiltInKeywords.getNumberOfTotalOption(com.kms.katalon.core.testobject.ObjectRepository.findTestObject(lab/Page_Store/select_--Select--BA50)): 3 options of object 'Object Repository/lab/Page_Store/select_--Select--BA50' counted

2018-06-09 21:06:31 - [MESSAGE][PASSED] - 3 options of object 'Object Repository/lab/Page_Store/select_--Select--BA50' counted

2018-06-09 21:06:31 - [TEST_STEP][PASSED] - Statement - For ([g = 1, g <= BatchNumber - 1, (g++)]): null

2018-06-09 21:06:31 - [TEST_STEP][PASSED] - selectOptionByIndex: All options with index in [1] are selected on object 'Object Repository/lab/Page_Store/select_--Select--BA50'

2018-06-09 21:06:31 - [MESSAGE][PASSED] - All options with index in [1] are selected on object 'Object Repository/lab/Page_Store/select_--Select--BA50'

2018-06-09 21:06:31 - [TEST_STEP][PASSED] - delay: Delayed 2 second(s)

2018-06-09 21:06:33 - [MESSAGE][PASSED] - Delayed 2 second(s)

2018-06-09 21:06:33 - [TEST_STEP][PASSED] - Statement - Try: null

2018-06-09 21:06:33 - [TEST_STEP][PASSED] - Statement - StockQty = com.kms.katalon.core.webui.keyword.WebUiBuiltInKeywords.getAttribute(com.kms.katalon.core.testobject.ObjectRepository.findTestObject(lab/Page_Store/input_txtprice), "value"): Attribute 'value' of object 'Object Repository/lab/Page_Store/input_txtprice' is: '930'

2018-06-09 21:06:33 - [MESSAGE][PASSED] - Attribute 'value' of object 'Object Repository/lab/Page_Store/input_txtprice' is: '930'

2018-06-09 21:06:33 - [TEST_STEP][PASSED] - Statement - out.println("Stock QTY : " + StockQty): null

2018-06-09 21:06:33 - [TEST_STEP][PASSED] - delay: Delayed 1 second(s)

2018-06-09 21:06:34 - [MESSAGE][PASSED] - Delayed 1 second(s)

2018-06-09 21:06:34 - [TEST_STEP][PASSED] - Statement - If (java.lang.Integer.valueOf(StockQty) >= java.lang.Integer.valueOf(RequestedQty)): null

2018-06-09 21:06:34 - [TEST_STEP][PASSED] - setText: Text '10' is set on object 'Object Repository/lab/Page_Store/input_txtqty'

2018-06-09 21:06:35 - [MESSAGE][PASSED] - Text '10' is set on object 'Object Repository/lab/Page_Store/input_txtqty'

2018-06-09 21:06:35 - [TEST_STEP][PASSED] - click: Object: 'Object Repository/lab/Page_Store/button_Add' is clicked on

2018-06-09 21:06:35 - [MESSAGE][PASSED] - Object: 'Object Repository/lab/Page_Store/button_Add' is clicked on

2018-06-09 21:06:35 - [TEST_STEP][PASSED] - Statement - Break: null

2018-06-09 21:06:35 - [TEST_STEP][PASSED] - selectOptionByIndex: All options with index in [7] are selected on object 'Object Repository/lab/Page_Store/select_--Select--E.C.G. Jelly'

2018-06-09 21:06:35 - [MESSAGE][PASSED] - All options with index in [7] are selected on object 'Object Repository/lab/Page_Store/select_--Select--E.C.G. Jelly'

2018-06-09 21:06:35 - [TEST_STEP][PASSED] - delay: Delayed 2 second(s)

2018-06-09 21:06:37 - [MESSAGE][PASSED] - Delayed 2 second(s)

2018-06-09 21:06:37 - [TEST_STEP][PASSED] - Statement - RequestedQty = com.kms.katalon.core.webui.keyword.WebUiBuiltInKeywords.getAttribute(com.kms.katalon.core.testobject.ObjectRepository.findTestObject(lab/Page_Store/input_txttotal), "value"): Attribute 'value' of object 'Object Repository/lab/Page_Store/input_txttotal' is: '10'

2018-06-09 21:06:37 - [MESSAGE][PASSED] - Attribute 'value' of object 'Object Repository/lab/Page_Store/input_txttotal' is: '10'

2018-06-09 21:06:37 - [TEST_STEP][PASSED] - Statement - out.println("Requested QTY : " + RequestedQty): null

2018-06-09 21:06:37 - [TEST_STEP][PASSED] - Statement - BatchNumber = com.kms.katalon.core.webui.keyword.WebUiBuiltInKeywords.getNumberOfTotalOption(com.kms.katalon.core.testobject.ObjectRepository.findTestObject(lab/Page_Store/select_--Select--BA50)): 5 options of object 'Object Repository/lab/Page_Store/select_--Select--BA50' counted

2018-06-09 21:06:37 - [MESSAGE][PASSED] - 5 options of object 'Object Repository/lab/Page_Store/select_--Select--BA50' counted

2018-06-09 21:06:37 - [TEST_STEP][PASSED] - Statement - For ([g = 1, g <= BatchNumber - 1, (g++)]): null

2018-06-09 21:06:37 - [TEST_STEP][PASSED] - selectOptionByIndex: All options with index in [1] are selected on object 'Object Repository/lab/Page_Store/select_--Select--BA50'

2018-06-09 21:06:37 - [MESSAGE][PASSED] - All options with index in [1] are selected on object 'Object Repository/lab/Page_Store/select_--Select--BA50'

2018-06-09 21:06:37 - [TEST_STEP][PASSED] - delay: Delayed 2 second(s)

2018-06-09 21:06:39 - [MESSAGE][PASSED] - Delayed 2 second(s)

2018-06-09 21:06:39 - [TEST_STEP][PASSED] - Statement - Try: null

2018-06-09 21:06:39 - [TEST_STEP][PASSED] - Statement - StockQty = com.kms.katalon.core.webui.keyword.WebUiBuiltInKeywords.getAttribute(com.kms.katalon.core.testobject.ObjectRepository.findTestObject(lab/Page_Store/input_txtprice), "value"): Attribute 'value' of object 'Object Repository/lab/Page_Store/input_txtprice' is: '90'

2018-06-09 21:06:39 - [MESSAGE][PASSED] - Attribute 'value' of object 'Object Repository/lab/Page_Store/input_txtprice' is: '90'

2018-06-09 21:06:39 - [TEST_STEP][PASSED] - Statement - out.println("Stock QTY : " + StockQty): null

2018-06-09 21:06:39 - [TEST_STEP][PASSED] - delay: Delayed 1 second(s)

2018-06-09 21:06:40 - [MESSAGE][PASSED] - Delayed 1 second(s)

2018-06-09 21:06:40 - [TEST_STEP][PASSED] - Statement - If (java.lang.Integer.valueOf(StockQty) >= java.lang.Integer.valueOf(RequestedQty)): null

2018-06-09 21:06:40 - [TEST_STEP][PASSED] - setText: Text '10' is set on object 'Object Repository/lab/Page_Store/input_txtqty'

2018-06-09 21:06:40 - [MESSAGE][PASSED] - Text '10' is set on object 'Object Repository/lab/Page_Store/input_txtqty'

2018-06-09 21:06:40 - [TEST_STEP][PASSED] - click: Object: 'Object Repository/lab/Page_Store/button_Add' is clicked on

2018-06-09 21:06:40 - [MESSAGE][PASSED] - Object: 'Object Repository/lab/Page_Store/button_Add' is clicked on

2018-06-09 21:06:40 - [TEST_STEP][PASSED] - Statement - Break: null

2018-06-09 21:06:40 - [TEST_STEP][PASSED] - selectOptionByIndex: All options with index in [8] are selected on object 'Object Repository/lab/Page_Store/select_--Select--E.C.G. Jelly'

2018-06-09 21:06:40 - [MESSAGE][PASSED] - All options with index in [8] are selected on object 'Object Repository/lab/Page_Store/select_--Select--E.C.G. Jelly'

2018-06-09 21:06:40 - [TEST_STEP][PASSED] - delay: Delayed 2 second(s)

2018-06-09 21:06:42 - [MESSAGE][PASSED] - Delayed 2 second(s)

2018-06-09 21:06:42 - [TEST_STEP][PASSED] - Statement - RequestedQty = com.kms.katalon.core.webui.keyword.WebUiBuiltInKeywords.getAttribute(com.kms.katalon.core.testobject.ObjectRepository.findTestObject(lab/Page_Store/input_txttotal), "value"): Attribute 'value' of object 'Object Repository/lab/Page_Store/input_txttotal' is: '10'

2018-06-09 21:06:42 - [MESSAGE][PASSED] - Attribute 'value' of object 'Object Repository/lab/Page_Store/input_txttotal' is: '10'

2018-06-09 21:06:42 - [TEST_STEP][PASSED] - Statement - out.println("Requested QTY : " + RequestedQty): null

2018-06-09 21:06:42 - [TEST_STEP][PASSED] - Statement - BatchNumber = com.kms.katalon.core.webui.keyword.WebUiBuiltInKeywords.getNumberOfTotalOption(com.kms.katalon.core.testobject.ObjectRepository.findTestObject(lab/Page_Store/select_--Select--BA50)): 4 options of object 'Object Repository/lab/Page_Store/select_--Select--BA50' counted

2018-06-09 21:06:42 - [MESSAGE][PASSED] - 4 options of object 'Object Repository/lab/Page_Store/select_--Select--BA50' counted

2018-06-09 21:06:42 - [TEST_STEP][PASSED] - Statement - For ([g = 1, g <= BatchNumber - 1, (g++)]): null

2018-06-09 21:06:42 - [TEST_STEP][PASSED] - selectOptionByIndex: All options with index in [1] are selected on object 'Object Repository/lab/Page_Store/select_--Select--BA50'

2018-06-09 21:06:43 - [MESSAGE][PASSED] - All options with index in [1] are selected on object 'Object Repository/lab/Page_Store/select_--Select--BA50'

2018-06-09 21:06:43 - [TEST_STEP][PASSED] - delay: Delayed 2 second(s)

2018-06-09 21:06:45 - [MESSAGE][PASSED] - Delayed 2 second(s)

2018-06-09 21:06:45 - [TEST_STEP][PASSED] - Statement - Try: null

2018-06-09 21:06:45 - [TEST_STEP][PASSED] - Statement - StockQty = com.kms.katalon.core.webui.keyword.WebUiBuiltInKeywords.getAttribute(com.kms.katalon.core.testobject.ObjectRepository.findTestObject(lab/Page_Store/input_txtprice), "value"): Attribute 'value' of object 'Object Repository/lab/Page_Store/input_txtprice' is: '360'

2018-06-09 21:06:45 - [MESSAGE][PASSED] - Attribute 'value' of object 'Object Repository/lab/Page_Store/input_txtprice' is: '360'

2018-06-09 21:06:45 - [TEST_STEP][PASSED] - Statement - out.println("Stock QTY : " + StockQty): null

2018-06-09 21:06:45 - [TEST_STEP][PASSED] - delay: Delayed 1 second(s)

2018-06-09 21:06:46 - [MESSAGE][PASSED] - Delayed 1 second(s)

2018-06-09 21:06:46 - [TEST_STEP][PASSED] - Statement - If (java.lang.Integer.valueOf(StockQty) >= java.lang.Integer.valueOf(RequestedQty)): null

2018-06-09 21:06:46 - [TEST_STEP][PASSED] - setText: Text '10' is set on object 'Object Repository/lab/Page_Store/input_txtqty'

2018-06-09 21:06:46 - [MESSAGE][PASSED] - Text '10' is set on object 'Object Repository/lab/Page_Store/input_txtqty'

2018-06-09 21:06:46 - [TEST_STEP][PASSED] - click: Object: 'Object Repository/lab/Page_Store/button_Add' is clicked on

2018-06-09 21:06:46 - [MESSAGE][PASSED] - Object: 'Object Repository/lab/Page_Store/button_Add' is clicked on

2018-06-09 21:06:46 - [TEST_STEP][PASSED] - Statement - Break: null

2018-06-09 21:06:46 - [TEST_STEP][PASSED] - selectOptionByIndex: All options with index in [9] are selected on object 'Object Repository/lab/Page_Store/select_--Select--E.C.G. Jelly'

2018-06-09 21:06:46 - [MESSAGE][PASSED] - All options with index in [9] are selected on object 'Object Repository/lab/Page_Store/select_--Select--E.C.G. Jelly'

2018-06-09 21:06:46 - [TEST_STEP][PASSED] - delay: Delayed 2 second(s)

2018-06-09 21:06:48 - [MESSAGE][PASSED] - Delayed 2 second(s)

2018-06-09 21:06:48 - [TEST_STEP][PASSED] - Statement - RequestedQty = com.kms.katalon.core.webui.keyword.WebUiBuiltInKeywords.getAttribute(com.kms.katalon.core.testobject.ObjectRepository.findTestObject(lab/Page_Store/input_txttotal), "value"): Attribute 'value' of object 'Object Repository/lab/Page_Store/input_txttotal' is: '10'

2018-06-09 21:06:48 - [MESSAGE][PASSED] - Attribute 'value' of object 'Object Repository/lab/Page_Store/input_txttotal' is: '10'

2018-06-09 21:06:48 - [TEST_STEP][PASSED] - Statement - out.println("Requested QTY : " + RequestedQty): null

2018-06-09 21:06:48 - [TEST_STEP][PASSED] - Statement - BatchNumber = com.kms.katalon.core.webui.keyword.WebUiBuiltInKeywords.getNumberOfTotalOption(com.kms.katalon.core.testobject.ObjectRepository.findTestObject(lab/Page_Store/select_--Select--BA50)): 4 options of object 'Object Repository/lab/Page_Store/select_--Select--BA50' counted

2018-06-09 21:06:48 - [MESSAGE][PASSED] - 4 options of object 'Object Repository/lab/Page_Store/select_--Select--BA50' counted

2018-06-09 21:06:48 - [TEST_STEP][PASSED] - Statement - For ([g = 1, g <= BatchNumber - 1, (g++)]): null

2018-06-09 21:06:48 - [TEST_STEP][PASSED] - selectOptionByIndex: All options with index in [1] are selected on object 'Object Repository/lab/Page_Store/select_--Select--BA50'

2018-06-09 21:06:48 - [MESSAGE][PASSED] - All options with index in [1] are selected on object 'Object Repository/lab/Page_Store/select_--Select--BA50'

2018-06-09 21:06:48 - [TEST_STEP][PASSED] - delay: Delayed 2 second(s)

2018-06-09 21:06:50 - [MESSAGE][PASSED] - Delayed 2 second(s)

2018-06-09 21:06:50 - [TEST_STEP][PASSED] - Statement - Try: null

2018-06-09 21:06:50 - [TEST_STEP][PASSED] - Statement - StockQty = com.kms.katalon.core.webui.keyword.WebUiBuiltInKeywords.getAttribute(com.kms.katalon.core.testobject.ObjectRepository.findTestObject(lab/Page_Store/input_txtprice), "value"): Attribute 'value' of object 'Object Repository/lab/Page_Store/input_txtprice' is: '360'

2018-06-09 21:06:50 - [MESSAGE][PASSED] - Attribute 'value' of object 'Object Repository/lab/Page_Store/input_txtprice' is: '360'

2018-06-09 21:06:50 - [TEST_STEP][PASSED] - Statement - out.println("Stock QTY : " + StockQty): null

2018-06-09 21:06:50 - [TEST_STEP][PASSED] - delay: Delayed 1 second(s)

2018-06-09 21:06:51 - [MESSAGE][PASSED] - Delayed 1 second(s)

2018-06-09 21:06:51 - [TEST_STEP][PASSED] - Statement - If (java.lang.Integer.valueOf(StockQty) >= java.lang.Integer.valueOf(RequestedQty)): null

2018-06-09 21:06:51 - [TEST_STEP][PASSED] - setText: Text '10' is set on object 'Object Repository/lab/Page_Store/input_txtqty'

2018-06-09 21:06:51 - [MESSAGE][PASSED] - Text '10' is set on object 'Object Repository/lab/Page_Store/input_txtqty'

2018-06-09 21:06:51 - [TEST_STEP][PASSED] - click: Object: 'Object Repository/lab/Page_Store/button_Add' is clicked on

2018-06-09 21:06:51 - [MESSAGE][PASSED] - Object: 'Object Repository/lab/Page_Store/button_Add' is clicked on

2018-06-09 21:06:51 - [TEST_STEP][PASSED] - Statement - Break: null

2018-06-09 21:06:51 - [TEST_STEP][PASSED] - selectOptionByIndex: All options with index in [10] are selected on object 'Object Repository/lab/Page_Store/select_--Select--E.C.G. Jelly'

2018-06-09 21:06:52 - [MESSAGE][PASSED] - All options with index in [10] are selected on object 'Object Repository/lab/Page_Store/select_--Select--E.C.G. Jelly'

2018-06-09 21:06:52 - [TEST_STEP][PASSED] - delay: Delayed 2 second(s)

2018-06-09 21:06:54 - [MESSAGE][PASSED] - Delayed 2 second(s)

2018-06-09 21:06:54 - [TEST_STEP][PASSED] - Statement - RequestedQty = com.kms.katalon.core.webui.keyword.WebUiBuiltInKeywords.getAttribute(com.kms.katalon.core.testobject.ObjectRepository.findTestObject(lab/Page_Store/input_txttotal), "value"): Attribute 'value' of object 'Object Repository/lab/Page_Store/input_txttotal' is: '10'

2018-06-09 21:06:54 - [MESSAGE][PASSED] - Attribute 'value' of object 'Object Repository/lab/Page_Store/input_txttotal' is: '10'

2018-06-09 21:06:54 - [TEST_STEP][PASSED] - Statement - out.println("Requested QTY : " + RequestedQty): null

2018-06-09 21:06:54 - [TEST_STEP][PASSED] - Statement - BatchNumber = com.kms.katalon.core.webui.keyword.WebUiBuiltInKeywords.getNumberOfTotalOption(com.kms.katalon.core.testobject.ObjectRepository.findTestObject(lab/Page_Store/select_--Select--BA50)): 3 options of object 'Object Repository/lab/Page_Store/select_--Select--BA50' counted

2018-06-09 21:06:54 - [MESSAGE][PASSED] - 3 options of object 'Object Repository/lab/Page_Store/select_--Select--BA50' counted

2018-06-09 21:06:54 - [TEST_STEP][PASSED] - Statement - For ([g = 1, g <= BatchNumber - 1, (g++)]): null

2018-06-09 21:06:54 - [TEST_STEP][PASSED] - selectOptionByIndex: All options with index in [1] are selected on object 'Object Repository/lab/Page_Store/select_--Select--BA50'

2018-06-09 21:06:54 - [MESSAGE][PASSED] - All options with index in [1] are selected on object 'Object Repository/lab/Page_Store/select_--Select--BA50'

2018-06-09 21:06:54 - [TEST_STEP][PASSED] - delay: Delayed 2 second(s)

2018-06-09 21:06:56 - [MESSAGE][PASSED] - Delayed 2 second(s)

2018-06-09 21:06:56 - [TEST_STEP][PASSED] - Statement - Try: null

2018-06-09 21:06:56 - [TEST_STEP][PASSED] - Statement - StockQty = com.kms.katalon.core.webui.keyword.WebUiBuiltInKeywords.getAttribute(com.kms.katalon.core.testobject.ObjectRepository.findTestObject(lab/Page_Store/input_txtprice), "value"): Attribute 'value' of object 'Object Repository/lab/Page_Store/input_txtprice' is: '930'

2018-06-09 21:06:56 - [MESSAGE][PASSED] - Attribute 'value' of object 'Object Repository/lab/Page_Store/input_txtprice' is: '930'

2018-06-09 21:06:56 - [TEST_STEP][PASSED] - Statement - out.println("Stock QTY : " + StockQty): null

2018-06-09 21:06:56 - [TEST_STEP][PASSED] - delay: Delayed 1 second(s)

2018-06-09 21:06:57 - [MESSAGE][PASSED] - Delayed 1 second(s)

2018-06-09 21:06:57 - [TEST_STEP][PASSED] - Statement - If (java.lang.Integer.valueOf(StockQty) >= java.lang.Integer.valueOf(RequestedQty)): null

2018-06-09 21:06:57 - [TEST_STEP][PASSED] - setText: Text '10' is set on object 'Object Repository/lab/Page_Store/input_txtqty'

2018-06-09 21:06:57 - [MESSAGE][PASSED] - Text '10' is set on object 'Object Repository/lab/Page_Store/input_txtqty'

2018-06-09 21:06:57 - [TEST_STEP][PASSED] - click: Object: 'Object Repository/lab/Page_Store/button_Add' is clicked on

2018-06-09 21:06:57 - [MESSAGE][PASSED] - Object: 'Object Repository/lab/Page_Store/button_Add' is clicked on

2018-06-09 21:06:57 - [TEST_STEP][PASSED] - Statement - Break: null

2018-06-09 21:06:57 - [TEST_STEP][PASSED] - selectOptionByIndex: All options with index in [11] are selected on object 'Object Repository/lab/Page_Store/select_--Select--E.C.G. Jelly'

2018-06-09 21:06:57 - [MESSAGE][PASSED] - All options with index in [11] are selected on object 'Object Repository/lab/Page_Store/select_--Select--E.C.G. Jelly'

2018-06-09 21:06:57 - [TEST_STEP][PASSED] - delay: Delayed 2 second(s)

2018-06-09 21:06:59 - [MESSAGE][PASSED] - Delayed 2 second(s)

2018-06-09 21:06:59 - [TEST_STEP][PASSED] - Statement - RequestedQty = com.kms.katalon.core.webui.keyword.WebUiBuiltInKeywords.getAttribute(com.kms.katalon.core.testobject.ObjectRepository.findTestObject(lab/Page_Store/input_txttotal), "value"): Attribute 'value' of object 'Object Repository/lab/Page_Store/input_txttotal' is: '10'

2018-06-09 21:06:59 - [MESSAGE][PASSED] - Attribute 'value' of object 'Object Repository/lab/Page_Store/input_txttotal' is: '10'

2018-06-09 21:06:59 - [TEST_STEP][PASSED] - Statement - out.println("Requested QTY : " + RequestedQty): null

2018-06-09 21:06:59 - [TEST_STEP][PASSED] - Statement - BatchNumber = com.kms.katalon.core.webui.keyword.WebUiBuiltInKeywords.getNumberOfTotalOption(com.kms.katalon.core.testobject.ObjectRepository.findTestObject(lab/Page_Store/select_--Select--BA50)): 2 options of object 'Object Repository/lab/Page_Store/select_--Select--BA50' counted

2018-06-09 21:06:59 - [MESSAGE][PASSED] - 2 options of object 'Object Repository/lab/Page_Store/select_--Select--BA50' counted

2018-06-09 21:06:59 - [TEST_STEP][PASSED] - Statement - For ([g = 1, g <= BatchNumber - 1, (g++)]): null

2018-06-09 21:06:59 - [TEST_STEP][PASSED] - selectOptionByIndex: All options with index in [1] are selected on object 'Object Repository/lab/Page_Store/select_--Select--BA50'

2018-06-09 21:06:59 - [MESSAGE][PASSED] - All options with index in [1] are selected on object 'Object Repository/lab/Page_Store/select_--Select--BA50'

2018-06-09 21:06:59 - [TEST_STEP][PASSED] - delay: Delayed 2 second(s)

2018-06-09 21:07:01 - [MESSAGE][PASSED] - Delayed 2 second(s)

2018-06-09 21:07:01 - [TEST_STEP][PASSED] - Statement - Try: null

2018-06-09 21:07:01 - [TEST_STEP][PASSED] - Statement - StockQty = com.kms.katalon.core.webui.keyword.WebUiBuiltInKeywords.getAttribute(com.kms.katalon.core.testobject.ObjectRepository.findTestObject(lab/Page_Store/input_txtprice), "value"): Attribute 'value' of object 'Object Repository/lab/Page_Store/input_txtprice' is: '980'

2018-06-09 21:07:01 - [MESSAGE][PASSED] - Attribute 'value' of object 'Object Repository/lab/Page_Store/input_txtprice' is: '980'

2018-06-09 21:07:01 - [TEST_STEP][PASSED] - Statement - out.println("Stock QTY : " + StockQty): null

2018-06-09 21:07:01 - [TEST_STEP][PASSED] - delay: Delayed 1 second(s)

2018-06-09 21:07:02 - [MESSAGE][PASSED] - Delayed 1 second(s)

2018-06-09 21:07:02 - [TEST_STEP][PASSED] - Statement - If (java.lang.Integer.valueOf(StockQty) >= java.lang.Integer.valueOf(RequestedQty)): null

2018-06-09 21:07:02 - [TEST_STEP][PASSED] - setText: Text '10' is set on object 'Object Repository/lab/Page_Store/input_txtqty'

2018-06-09 21:07:03 - [MESSAGE][PASSED] - Text '10' is set on object 'Object Repository/lab/Page_Store/input_txtqty'

2018-06-09 21:07:03 - [TEST_STEP][PASSED] - click: Object: 'Object Repository/lab/Page_Store/button_Add' is clicked on

2018-06-09 21:07:03 - [MESSAGE][PASSED] - Object: 'Object Repository/lab/Page_Store/button_Add' is clicked on

2018-06-09 21:07:03 - [TEST_STEP][PASSED] - Statement - Break: null

2018-06-09 21:07:03 - [TEST_STEP][PASSED] - selectOptionByIndex: All options with index in [12] are selected on object 'Object Repository/lab/Page_Store/select_--Select--E.C.G. Jelly'

2018-06-09 21:07:03 - [MESSAGE][PASSED] - All options with index in [12] are selected on object 'Object Repository/lab/Page_Store/select_--Select--E.C.G. Jelly'

2018-06-09 21:07:03 - [TEST_STEP][PASSED] - delay: Delayed 2 second(s)

2018-06-09 21:07:05 - [MESSAGE][PASSED] - Delayed 2 second(s)

2018-06-09 21:07:05 - [TEST_STEP][PASSED] - Statement - RequestedQty = com.kms.katalon.core.webui.keyword.WebUiBuiltInKeywords.getAttribute(com.kms.katalon.core.testobject.ObjectRepository.findTestObject(lab/Page_Store/input_txttotal), "value"): Attribute 'value' of object 'Object Repository/lab/Page_Store/input_txttotal' is: '10'

2018-06-09 21:07:05 - [MESSAGE][PASSED] - Attribute 'value' of object 'Object Repository/lab/Page_Store/input_txttotal' is: '10'

2018-06-09 21:07:05 - [TEST_STEP][PASSED] - Statement - out.println("Requested QTY : " + RequestedQty): null

2018-06-09 21:07:05 - [TEST_STEP][PASSED] - Statement - BatchNumber = com.kms.katalon.core.webui.keyword.WebUiBuiltInKeywords.getNumberOfTotalOption(com.kms.katalon.core.testobject.ObjectRepository.findTestObject(lab/Page_Store/select_--Select--BA50)): 3 options of object 'Object Repository/lab/Page_Store/select_--Select--BA50' counted

2018-06-09 21:07:05 - [MESSAGE][PASSED] - 3 options of object 'Object Repository/lab/Page_Store/select_--Select--BA50' counted

2018-06-09 21:07:05 - [TEST_STEP][PASSED] - Statement - For ([g = 1, g <= BatchNumber - 1, (g++)]): null

2018-06-09 21:07:05 - [TEST_STEP][PASSED] - selectOptionByIndex: All options with index in [1] are selected on object 'Object Repository/lab/Page_Store/select_--Select--BA50'

2018-06-09 21:07:05 - [MESSAGE][PASSED] - All options with index in [1] are selected on object 'Object Repository/lab/Page_Store/select_--Select--BA50'

2018-06-09 21:07:05 - [TEST_STEP][PASSED] - delay: Delayed 2 second(s)

2018-06-09 21:07:07 - [MESSAGE][PASSED] - Delayed 2 second(s)

2018-06-09 21:07:07 - [TEST_STEP][PASSED] - Statement - Try: null

2018-06-09 21:07:07 - [TEST_STEP][PASSED] - Statement - StockQty = com.kms.katalon.core.webui.keyword.WebUiBuiltInKeywords.getAttribute(com.kms.katalon.core.testobject.ObjectRepository.findTestObject(lab/Page_Store/input_txtprice), "value"): Attribute 'value' of object 'Object Repository/lab/Page_Store/input_txtprice' is: '930'

2018-06-09 21:07:07 - [MESSAGE][PASSED] - Attribute 'value' of object 'Object Repository/lab/Page_Store/input_txtprice' is: '930'

2018-06-09 21:07:07 - [TEST_STEP][PASSED] - Statement - out.println("Stock QTY : " + StockQty): null

2018-06-09 21:07:07 - [TEST_STEP][PASSED] - delay: Delayed 1 second(s)

2018-06-09 21:07:08 - [MESSAGE][PASSED] - Delayed 1 second(s)

2018-06-09 21:07:08 - [TEST_STEP][PASSED] - Statement - If (java.lang.Integer.valueOf(StockQty) >= java.lang.Integer.valueOf(RequestedQty)): null

2018-06-09 21:07:08 - [TEST_STEP][PASSED] - setText: Text '10' is set on object 'Object Repository/lab/Page_Store/input_txtqty'

2018-06-09 21:07:08 - [MESSAGE][PASSED] - Text '10' is set on object 'Object Repository/lab/Page_Store/input_txtqty'

2018-06-09 21:07:08 - [TEST_STEP][PASSED] - click: Object: 'Object Repository/lab/Page_Store/button_Add' is clicked on

2018-06-09 21:07:08 - [MESSAGE][PASSED] - Object: 'Object Repository/lab/Page_Store/button_Add' is clicked on

2018-06-09 21:07:08 - [TEST_STEP][PASSED] - Statement - Break: null

2018-06-09 21:07:08 - [TEST_STEP][PASSED] - selectOptionByIndex: All options with index in [13] are selected on object 'Object Repository/lab/Page_Store/select_--Select--E.C.G. Jelly'

2018-06-09 21:07:08 - [MESSAGE][PASSED] - All options with index in [13] are selected on object 'Object Repository/lab/Page_Store/select_--Select--E.C.G. Jelly'

2018-06-09 21:07:08 - [TEST_STEP][PASSED] - delay: Delayed 2 second(s)

2018-06-09 21:07:10 - [MESSAGE][PASSED] - Delayed 2 second(s)

2018-06-09 21:07:10 - [TEST_STEP][PASSED] - Statement - RequestedQty = com.kms.katalon.core.webui.keyword.WebUiBuiltInKeywords.getAttribute(com.kms.katalon.core.testobject.ObjectRepository.findTestObject(lab/Page_Store/input_txttotal), "value"): Attribute 'value' of object 'Object Repository/lab/Page_Store/input_txttotal' is: '10'

2018-06-09 21:07:10 - [MESSAGE][PASSED] - Attribute 'value' of object 'Object Repository/lab/Page_Store/input_txttotal' is: '10'

2018-06-09 21:07:10 - [TEST_STEP][PASSED] - Statement - out.println("Requested QTY : " + RequestedQty): null

2018-06-09 21:07:10 - [TEST_STEP][PASSED] - Statement - BatchNumber = com.kms.katalon.core.webui.keyword.WebUiBuiltInKeywords.getNumberOfTotalOption(com.kms.katalon.core.testobject.ObjectRepository.findTestObject(lab/Page_Store/select_--Select--BA50)): 5 options of object 'Object Repository/lab/Page_Store/select_--Select--BA50' counted

2018-06-09 21:07:11 - [MESSAGE][PASSED] - 5 options of object 'Object Repository/lab/Page_Store/select_--Select--BA50' counted

2018-06-09 21:07:11 - [TEST_STEP][PASSED] - Statement - For ([g = 1, g <= BatchNumber - 1, (g++)]): null

2018-06-09 21:07:11 - [TEST_STEP][PASSED] - selectOptionByIndex: All options with index in [1] are selected on object 'Object Repository/lab/Page_Store/select_--Select--BA50'

2018-06-09 21:07:11 - [MESSAGE][PASSED] - All options with index in [1] are selected on object 'Object Repository/lab/Page_Store/select_--Select--BA50'

2018-06-09 21:07:11 - [TEST_STEP][PASSED] - delay: Delayed 2 second(s)

2018-06-09 21:07:13 - [MESSAGE][PASSED] - Delayed 2 second(s)

2018-06-09 21:07:13 - [TEST_STEP][PASSED] - Statement - Try: null

2018-06-09 21:07:13 - [TEST_STEP][PASSED] - Statement - StockQty = com.kms.katalon.core.webui.keyword.WebUiBuiltInKeywords.getAttribute(com.kms.katalon.core.testobject.ObjectRepository.findTestObject(lab/Page_Store/input_txtprice), "value"): Attribute 'value' of object 'Object Repository/lab/Page_Store/input_txtprice' is: '90'

2018-06-09 21:07:13 - [MESSAGE][PASSED] - Attribute 'value' of object 'Object Repository/lab/Page_Store/input_txtprice' is: '90'

2018-06-09 21:07:13 - [TEST_STEP][PASSED] - Statement - out.println("Stock QTY : " + StockQty): null

2018-06-09 21:07:13 - [TEST_STEP][PASSED] - delay: Delayed 1 second(s)

2018-06-09 21:07:14 - [MESSAGE][PASSED] - Delayed 1 second(s)

2018-06-09 21:07:14 - [TEST_STEP][PASSED] - Statement - If (java.lang.Integer.valueOf(StockQty) >= java.lang.Integer.valueOf(RequestedQty)): null

2018-06-09 21:07:14 - [TEST_STEP][PASSED] - setText: Text '10' is set on object 'Object Repository/lab/Page_Store/input_txtqty'

2018-06-09 21:07:14 - [MESSAGE][PASSED] - Text '10' is set on object 'Object Repository/lab/Page_Store/input_txtqty'

2018-06-09 21:07:14 - [TEST_STEP][PASSED] - click: Object: 'Object Repository/lab/Page_Store/button_Add' is clicked on

2018-06-09 21:07:14 - [MESSAGE][PASSED] - Object: 'Object Repository/lab/Page_Store/button_Add' is clicked on

2018-06-09 21:07:14 - [TEST_STEP][PASSED] - Statement - Break: null

2018-06-09 21:07:14 - [TEST_STEP][PASSED] - scrollToElement: Scroll to object 'Object Repository/lab/Page_Store/input_btnSubmit' successfully

2018-06-09 21:07:14 - [MESSAGE][PASSED] - Scroll to object 'Object Repository/lab/Page_Store/input_btnSubmit' successfully

2018-06-09 21:07:14 - [TEST_STEP][PASSED] - click: Object: 'Object Repository/lab/Page_Store/input_btnSubmit' is clicked on

2018-06-09 21:07:14 - [MESSAGE][PASSED] - Object: 'Object Repository/lab/Page_Store/input_btnSubmit' is clicked on

2018-06-09 21:07:14 - [TEST_STEP][PASSED] - delay: Delayed 3 second(s)

2018-06-09 21:07:17 - [MESSAGE][PASSED] - Delayed 3 second(s)

2018-06-09 21:07:17 - [TEST_STEP][PASSED] - click: Object: 'Object Repository/lab/Page_Store/button_OK' is clicked on

2018-06-09 21:07:18 - [MESSAGE][PASSED] - Object: 'Object Repository/lab/Page_Store/button_OK' is clicked on

2018-06-09 21:07:18 - [TEST_STEP][PASSED] - delay: Delayed 3 second(s)

2018-06-09 21:07:21 - [MESSAGE][PASSED] - Delayed 3 second(s)

2018-06-09 21:07:21 - [TEST_STEP][PASSED] - click: Object: 'Object Repository/lab/Page_Store/a_dropdown-toggle' is clicked on

2018-06-09 21:07:21 - [MESSAGE][PASSED] - Object: 'Object Repository/lab/Page_Store/a_dropdown-toggle' is clicked on

2018-06-09 21:07:21 - [TEST_STEP][PASSED] - click: Object: 'Object Repository/lab/Page_Store/a_Sign out' is clicked on

2018-06-09 21:07:22 - [MESSAGE][PASSED] - Object: 'Object Repository/lab/Page_Store/a_Sign out' is clicked on

2018-06-09 21:07:22 - [TEST_STEP][PASSED] - closeBrowser: Browser is closed

2018-06-09 21:07:22 - [MESSAGE][PASSED] - Browser is closed

2018-06-09 21:07:22 - [TEST_STEP][PASSED] - Statement - out.println("Schedule 6 Investigation Request Are Working Successfully"): null]]></system-out>
         <system-err><![CDATA[]]></system-err>
      </testcase>
      <testcase name="Test Cases/INVESTIGATION TEST CASES/TC_INV_004 Verify Schedule 8 Investigation Request Are Working Successfully Or Not" classname="Test Cases/INVESTIGATION TEST CASES/TC_INV_004 Verify Schedule 8 Investigation Request Are Working Successfully Or Not" status="PASSED">
         <system-out><![CDATA[2018-06-09 21:07:22 - [TEST_CASE][PASSED] - Test Cases/INVESTIGATION TEST CASES/TC_INV_004 Verify Schedule 8 Investigation Request Are Working Successfully Or Not: Test Cases/INVESTIGATION TEST CASES/TC_INV_004 Verify Schedule 8 Investigation Request Are Working Successfully Or Not

2018-06-09 21:07:22 - [TEST_STEP][PASSED] - openBrowser: Browser is opened with url: ''

2018-06-09 21:07:24 - [MESSAGE][PASSED] - Browser is opened with url: ''

2018-06-09 21:07:24 - [TEST_STEP][PASSED] - navigateToUrl: Navigate to 'http://192.168.137.1/multihospital_new/' successfully

2018-06-09 21:07:26 - [MESSAGE][PASSED] - Navigate to 'http://192.168.137.1/multihospital_new/' successfully

2018-06-09 21:07:26 - [TEST_STEP][PASSED] - Statement - out.println(" Verify Schedule 8 Investigation Request Are Working Successfully Or Not"): null

2018-06-09 21:07:26 - [TEST_STEP][PASSED] - maximizeWindow: Current window maximized

2018-06-09 21:07:27 - [MESSAGE][PASSED] - Current window maximized

2018-06-09 21:07:27 - [TEST_STEP][PASSED] - click: Object: 'Object Repository/lab/Page_KDMC/a_Investigation' is clicked on

2018-06-09 21:07:28 - [MESSAGE][PASSED] - Object: 'Object Repository/lab/Page_KDMC/a_Investigation' is clicked on

2018-06-09 21:07:28 - [TEST_STEP][PASSED] - setText: Text 'manoj' is set on object 'Object Repository/lab/Page_Investigation login/input_txtusername'

2018-06-09 21:07:28 - [MESSAGE][PASSED] - Text 'manoj' is set on object 'Object Repository/lab/Page_Investigation login/input_txtusername'

2018-06-09 21:07:28 - [TEST_STEP][PASSED] - setText: Text '123' is set on object 'Object Repository/lab/Page_Investigation login/input_txtpassword'

2018-06-09 21:07:28 - [MESSAGE][PASSED] - Text '123' is set on object 'Object Repository/lab/Page_Investigation login/input_txtpassword'

2018-06-09 21:07:28 - [TEST_STEP][PASSED] - delay: Delayed 3 second(s)

2018-06-09 21:07:31 - [MESSAGE][PASSED] - Delayed 3 second(s)

2018-06-09 21:07:31 - [TEST_STEP][PASSED] - click: Object: 'Object Repository/lab/Page_Investigation login/button_Sign in' is clicked on

2018-06-09 21:07:32 - [MESSAGE][PASSED] - Object: 'Object Repository/lab/Page_Investigation login/button_Sign in' is clicked on

2018-06-09 21:07:32 - [TEST_STEP][PASSED] - click: Object: 'Object Repository/lab/Page_KDMC/a_Store Request' is clicked on

2018-06-09 21:07:34 - [MESSAGE][PASSED] - Object: 'Object Repository/lab/Page_KDMC/a_Store Request' is clicked on

2018-06-09 21:07:34 - [TEST_STEP][PASSED] - delay: Delayed 2 second(s)

2018-06-09 21:07:36 - [MESSAGE][PASSED] - Delayed 2 second(s)

2018-06-09 21:07:36 - [TEST_STEP][PASSED] - click: Object: 'Object Repository/lab/Page_KDMC/a_Medicine Request' is clicked on

2018-06-09 21:07:36 - [MESSAGE][PASSED] - Object: 'Object Repository/lab/Page_KDMC/a_Medicine Request' is clicked on

2018-06-09 21:07:36 - [TEST_STEP][PASSED] - selectOptionByIndex: All options with index in [4] are selected on object 'Object Repository/lab/Page_KDMC/select_--Select--Schedule 4X-r'

2018-06-09 21:07:36 - [MESSAGE][PASSED] - All options with index in [4] are selected on object 'Object Repository/lab/Page_KDMC/select_--Select--Schedule 4X-r'

2018-06-09 21:07:36 - [TEST_STEP][PASSED] - Statement - medicineslength = com.kms.katalon.core.webui.keyword.WebUiBuiltInKeywords.getNumberOfTotalOption(com.kms.katalon.core.testobject.ObjectRepository.findTestObject(lab/Page_KDMC/select_--Select--Automatic x-r)): 18 options of object 'Object Repository/lab/Page_KDMC/select_--Select--Automatic x-r' counted

2018-06-09 21:07:36 - [MESSAGE][PASSED] - 18 options of object 'Object Repository/lab/Page_KDMC/select_--Select--Automatic x-r' counted

2018-06-09 21:07:36 - [TEST_STEP][PASSED] - Statement - For ([e = 1, e < medicineslength, (e++)]): Object: 'Object Repository/lab/Page_KDMC/button_Add' is clicked on

2018-06-09 21:07:36 - [TEST_STEP][PASSED] - selectOptionByIndex: All options with index in [4] are selected on object 'Object Repository/lab/Page_KDMC/select_--Select--Schedule 4X-r'

2018-06-09 21:07:37 - [MESSAGE][PASSED] - All options with index in [4] are selected on object 'Object Repository/lab/Page_KDMC/select_--Select--Schedule 4X-r'

2018-06-09 21:07:37 - [TEST_STEP][PASSED] - selectOptionByIndex: All options with index in [1] are selected on object 'Object Repository/lab/Page_KDMC/select_--Select--Automatic x-r'

2018-06-09 21:07:37 - [MESSAGE][PASSED] - All options with index in [1] are selected on object 'Object Repository/lab/Page_KDMC/select_--Select--Automatic x-r'

2018-06-09 21:07:37 - [TEST_STEP][PASSED] - setText: Text '10' is set on object 'Object Repository/lab/Page_KDMC/input_txttreat'

2018-06-09 21:07:37 - [MESSAGE][PASSED] - Text '10' is set on object 'Object Repository/lab/Page_KDMC/input_txttreat'

2018-06-09 21:07:37 - [TEST_STEP][PASSED] - click: Object: 'Object Repository/lab/Page_KDMC/button_Add' is clicked on

2018-06-09 21:07:37 - [MESSAGE][PASSED] - Object: 'Object Repository/lab/Page_KDMC/button_Add' is clicked on

2018-06-09 21:07:37 - [TEST_STEP][PASSED] - selectOptionByIndex: All options with index in [4] are selected on object 'Object Repository/lab/Page_KDMC/select_--Select--Schedule 4X-r'

2018-06-09 21:07:37 - [MESSAGE][PASSED] - All options with index in [4] are selected on object 'Object Repository/lab/Page_KDMC/select_--Select--Schedule 4X-r'

2018-06-09 21:07:37 - [TEST_STEP][PASSED] - selectOptionByIndex: All options with index in [2] are selected on object 'Object Repository/lab/Page_KDMC/select_--Select--Automatic x-r'

2018-06-09 21:07:37 - [MESSAGE][PASSED] - All options with index in [2] are selected on object 'Object Repository/lab/Page_KDMC/select_--Select--Automatic x-r'

2018-06-09 21:07:37 - [TEST_STEP][PASSED] - setText: Text '10' is set on object 'Object Repository/lab/Page_KDMC/input_txttreat'

2018-06-09 21:07:38 - [MESSAGE][PASSED] - Text '10' is set on object 'Object Repository/lab/Page_KDMC/input_txttreat'

2018-06-09 21:07:38 - [TEST_STEP][PASSED] - click: Object: 'Object Repository/lab/Page_KDMC/button_Add' is clicked on

2018-06-09 21:07:38 - [MESSAGE][PASSED] - Object: 'Object Repository/lab/Page_KDMC/button_Add' is clicked on

2018-06-09 21:07:38 - [TEST_STEP][PASSED] - selectOptionByIndex: All options with index in [4] are selected on object 'Object Repository/lab/Page_KDMC/select_--Select--Schedule 4X-r'

2018-06-09 21:07:38 - [MESSAGE][PASSED] - All options with index in [4] are selected on object 'Object Repository/lab/Page_KDMC/select_--Select--Schedule 4X-r'

2018-06-09 21:07:38 - [TEST_STEP][PASSED] - selectOptionByIndex: All options with index in [3] are selected on object 'Object Repository/lab/Page_KDMC/select_--Select--Automatic x-r'

2018-06-09 21:07:38 - [MESSAGE][PASSED] - All options with index in [3] are selected on object 'Object Repository/lab/Page_KDMC/select_--Select--Automatic x-r'

2018-06-09 21:07:38 - [TEST_STEP][PASSED] - setText: Text '10' is set on object 'Object Repository/lab/Page_KDMC/input_txttreat'

2018-06-09 21:07:38 - [MESSAGE][PASSED] - Text '10' is set on object 'Object Repository/lab/Page_KDMC/input_txttreat'

2018-06-09 21:07:38 - [TEST_STEP][PASSED] - click: Object: 'Object Repository/lab/Page_KDMC/button_Add' is clicked on

2018-06-09 21:07:38 - [MESSAGE][PASSED] - Object: 'Object Repository/lab/Page_KDMC/button_Add' is clicked on

2018-06-09 21:07:38 - [TEST_STEP][PASSED] - selectOptionByIndex: All options with index in [4] are selected on object 'Object Repository/lab/Page_KDMC/select_--Select--Schedule 4X-r'

2018-06-09 21:07:38 - [MESSAGE][PASSED] - All options with index in [4] are selected on object 'Object Repository/lab/Page_KDMC/select_--Select--Schedule 4X-r'

2018-06-09 21:07:38 - [TEST_STEP][PASSED] - selectOptionByIndex: All options with index in [4] are selected on object 'Object Repository/lab/Page_KDMC/select_--Select--Automatic x-r'

2018-06-09 21:07:38 - [MESSAGE][PASSED] - All options with index in [4] are selected on object 'Object Repository/lab/Page_KDMC/select_--Select--Automatic x-r'

2018-06-09 21:07:38 - [TEST_STEP][PASSED] - setText: Text '10' is set on object 'Object Repository/lab/Page_KDMC/input_txttreat'

2018-06-09 21:07:38 - [MESSAGE][PASSED] - Text '10' is set on object 'Object Repository/lab/Page_KDMC/input_txttreat'

2018-06-09 21:07:38 - [TEST_STEP][PASSED] - click: Object: 'Object Repository/lab/Page_KDMC/button_Add' is clicked on

2018-06-09 21:07:39 - [MESSAGE][PASSED] - Object: 'Object Repository/lab/Page_KDMC/button_Add' is clicked on

2018-06-09 21:07:39 - [TEST_STEP][PASSED] - selectOptionByIndex: All options with index in [4] are selected on object 'Object Repository/lab/Page_KDMC/select_--Select--Schedule 4X-r'

2018-06-09 21:07:39 - [MESSAGE][PASSED] - All options with index in [4] are selected on object 'Object Repository/lab/Page_KDMC/select_--Select--Schedule 4X-r'

2018-06-09 21:07:39 - [TEST_STEP][PASSED] - selectOptionByIndex: All options with index in [5] are selected on object 'Object Repository/lab/Page_KDMC/select_--Select--Automatic x-r'

2018-06-09 21:07:39 - [MESSAGE][PASSED] - All options with index in [5] are selected on object 'Object Repository/lab/Page_KDMC/select_--Select--Automatic x-r'

2018-06-09 21:07:39 - [TEST_STEP][PASSED] - setText: Text '10' is set on object 'Object Repository/lab/Page_KDMC/input_txttreat'

2018-06-09 21:07:39 - [MESSAGE][PASSED] - Text '10' is set on object 'Object Repository/lab/Page_KDMC/input_txttreat'

2018-06-09 21:07:39 - [TEST_STEP][PASSED] - click: Object: 'Object Repository/lab/Page_KDMC/button_Add' is clicked on

2018-06-09 21:07:39 - [MESSAGE][PASSED] - Object: 'Object Repository/lab/Page_KDMC/button_Add' is clicked on

2018-06-09 21:07:39 - [TEST_STEP][PASSED] - selectOptionByIndex: All options with index in [4] are selected on object 'Object Repository/lab/Page_KDMC/select_--Select--Schedule 4X-r'

2018-06-09 21:07:39 - [MESSAGE][PASSED] - All options with index in [4] are selected on object 'Object Repository/lab/Page_KDMC/select_--Select--Schedule 4X-r'

2018-06-09 21:07:39 - [TEST_STEP][PASSED] - selectOptionByIndex: All options with index in [6] are selected on object 'Object Repository/lab/Page_KDMC/select_--Select--Automatic x-r'

2018-06-09 21:07:39 - [MESSAGE][PASSED] - All options with index in [6] are selected on object 'Object Repository/lab/Page_KDMC/select_--Select--Automatic x-r'

2018-06-09 21:07:39 - [TEST_STEP][PASSED] - setText: Text '10' is set on object 'Object Repository/lab/Page_KDMC/input_txttreat'

2018-06-09 21:07:39 - [MESSAGE][PASSED] - Text '10' is set on object 'Object Repository/lab/Page_KDMC/input_txttreat'

2018-06-09 21:07:39 - [TEST_STEP][PASSED] - click: Object: 'Object Repository/lab/Page_KDMC/button_Add' is clicked on

2018-06-09 21:07:39 - [MESSAGE][PASSED] - Object: 'Object Repository/lab/Page_KDMC/button_Add' is clicked on

2018-06-09 21:07:39 - [TEST_STEP][PASSED] - selectOptionByIndex: All options with index in [4] are selected on object 'Object Repository/lab/Page_KDMC/select_--Select--Schedule 4X-r'

2018-06-09 21:07:40 - [MESSAGE][PASSED] - All options with index in [4] are selected on object 'Object Repository/lab/Page_KDMC/select_--Select--Schedule 4X-r'

2018-06-09 21:07:40 - [TEST_STEP][PASSED] - selectOptionByIndex: All options with index in [7] are selected on object 'Object Repository/lab/Page_KDMC/select_--Select--Automatic x-r'

2018-06-09 21:07:40 - [MESSAGE][PASSED] - All options with index in [7] are selected on object 'Object Repository/lab/Page_KDMC/select_--Select--Automatic x-r'

2018-06-09 21:07:40 - [TEST_STEP][PASSED] - setText: Text '10' is set on object 'Object Repository/lab/Page_KDMC/input_txttreat'

2018-06-09 21:07:40 - [MESSAGE][PASSED] - Text '10' is set on object 'Object Repository/lab/Page_KDMC/input_txttreat'

2018-06-09 21:07:40 - [TEST_STEP][PASSED] - click: Object: 'Object Repository/lab/Page_KDMC/button_Add' is clicked on

2018-06-09 21:07:40 - [MESSAGE][PASSED] - Object: 'Object Repository/lab/Page_KDMC/button_Add' is clicked on

2018-06-09 21:07:40 - [TEST_STEP][PASSED] - selectOptionByIndex: All options with index in [4] are selected on object 'Object Repository/lab/Page_KDMC/select_--Select--Schedule 4X-r'

2018-06-09 21:07:40 - [MESSAGE][PASSED] - All options with index in [4] are selected on object 'Object Repository/lab/Page_KDMC/select_--Select--Schedule 4X-r'

2018-06-09 21:07:40 - [TEST_STEP][PASSED] - selectOptionByIndex: All options with index in [8] are selected on object 'Object Repository/lab/Page_KDMC/select_--Select--Automatic x-r'

2018-06-09 21:07:40 - [MESSAGE][PASSED] - All options with index in [8] are selected on object 'Object Repository/lab/Page_KDMC/select_--Select--Automatic x-r'

2018-06-09 21:07:40 - [TEST_STEP][PASSED] - setText: Text '10' is set on object 'Object Repository/lab/Page_KDMC/input_txttreat'

2018-06-09 21:07:40 - [MESSAGE][PASSED] - Text '10' is set on object 'Object Repository/lab/Page_KDMC/input_txttreat'

2018-06-09 21:07:40 - [TEST_STEP][PASSED] - click: Object: 'Object Repository/lab/Page_KDMC/button_Add' is clicked on

2018-06-09 21:07:40 - [MESSAGE][PASSED] - Object: 'Object Repository/lab/Page_KDMC/button_Add' is clicked on

2018-06-09 21:07:40 - [TEST_STEP][PASSED] - selectOptionByIndex: All options with index in [4] are selected on object 'Object Repository/lab/Page_KDMC/select_--Select--Schedule 4X-r'

2018-06-09 21:07:41 - [MESSAGE][PASSED] - All options with index in [4] are selected on object 'Object Repository/lab/Page_KDMC/select_--Select--Schedule 4X-r'

2018-06-09 21:07:41 - [TEST_STEP][PASSED] - selectOptionByIndex: All options with index in [9] are selected on object 'Object Repository/lab/Page_KDMC/select_--Select--Automatic x-r'

2018-06-09 21:07:41 - [MESSAGE][PASSED] - All options with index in [9] are selected on object 'Object Repository/lab/Page_KDMC/select_--Select--Automatic x-r'

2018-06-09 21:07:41 - [TEST_STEP][PASSED] - setText: Text '10' is set on object 'Object Repository/lab/Page_KDMC/input_txttreat'

2018-06-09 21:07:41 - [MESSAGE][PASSED] - Text '10' is set on object 'Object Repository/lab/Page_KDMC/input_txttreat'

2018-06-09 21:07:41 - [TEST_STEP][PASSED] - click: Object: 'Object Repository/lab/Page_KDMC/button_Add' is clicked on

2018-06-09 21:07:41 - [MESSAGE][PASSED] - Object: 'Object Repository/lab/Page_KDMC/button_Add' is clicked on

2018-06-09 21:07:41 - [TEST_STEP][PASSED] - selectOptionByIndex: All options with index in [4] are selected on object 'Object Repository/lab/Page_KDMC/select_--Select--Schedule 4X-r'

2018-06-09 21:07:41 - [MESSAGE][PASSED] - All options with index in [4] are selected on object 'Object Repository/lab/Page_KDMC/select_--Select--Schedule 4X-r'

2018-06-09 21:07:41 - [TEST_STEP][PASSED] - selectOptionByIndex: All options with index in [10] are selected on object 'Object Repository/lab/Page_KDMC/select_--Select--Automatic x-r'

2018-06-09 21:07:41 - [MESSAGE][PASSED] - All options with index in [10] are selected on object 'Object Repository/lab/Page_KDMC/select_--Select--Automatic x-r'

2018-06-09 21:07:41 - [TEST_STEP][PASSED] - setText: Text '10' is set on object 'Object Repository/lab/Page_KDMC/input_txttreat'

2018-06-09 21:07:41 - [MESSAGE][PASSED] - Text '10' is set on object 'Object Repository/lab/Page_KDMC/input_txttreat'

2018-06-09 21:07:41 - [TEST_STEP][PASSED] - click: Object: 'Object Repository/lab/Page_KDMC/button_Add' is clicked on

2018-06-09 21:07:41 - [MESSAGE][PASSED] - Object: 'Object Repository/lab/Page_KDMC/button_Add' is clicked on

2018-06-09 21:07:41 - [TEST_STEP][PASSED] - selectOptionByIndex: All options with index in [4] are selected on object 'Object Repository/lab/Page_KDMC/select_--Select--Schedule 4X-r'

2018-06-09 21:07:42 - [MESSAGE][PASSED] - All options with index in [4] are selected on object 'Object Repository/lab/Page_KDMC/select_--Select--Schedule 4X-r'

2018-06-09 21:07:42 - [TEST_STEP][PASSED] - selectOptionByIndex: All options with index in [11] are selected on object 'Object Repository/lab/Page_KDMC/select_--Select--Automatic x-r'

2018-06-09 21:07:42 - [MESSAGE][PASSED] - All options with index in [11] are selected on object 'Object Repository/lab/Page_KDMC/select_--Select--Automatic x-r'

2018-06-09 21:07:42 - [TEST_STEP][PASSED] - setText: Text '10' is set on object 'Object Repository/lab/Page_KDMC/input_txttreat'

2018-06-09 21:07:42 - [MESSAGE][PASSED] - Text '10' is set on object 'Object Repository/lab/Page_KDMC/input_txttreat'

2018-06-09 21:07:42 - [TEST_STEP][PASSED] - click: Object: 'Object Repository/lab/Page_KDMC/button_Add' is clicked on

2018-06-09 21:07:42 - [MESSAGE][PASSED] - Object: 'Object Repository/lab/Page_KDMC/button_Add' is clicked on

2018-06-09 21:07:42 - [TEST_STEP][PASSED] - selectOptionByIndex: All options with index in [4] are selected on object 'Object Repository/lab/Page_KDMC/select_--Select--Schedule 4X-r'

2018-06-09 21:07:42 - [MESSAGE][PASSED] - All options with index in [4] are selected on object 'Object Repository/lab/Page_KDMC/select_--Select--Schedule 4X-r'

2018-06-09 21:07:42 - [TEST_STEP][PASSED] - selectOptionByIndex: All options with index in [12] are selected on object 'Object Repository/lab/Page_KDMC/select_--Select--Automatic x-r'

2018-06-09 21:07:42 - [MESSAGE][PASSED] - All options with index in [12] are selected on object 'Object Repository/lab/Page_KDMC/select_--Select--Automatic x-r'

2018-06-09 21:07:42 - [TEST_STEP][PASSED] - setText: Text '10' is set on object 'Object Repository/lab/Page_KDMC/input_txttreat'

2018-06-09 21:07:42 - [MESSAGE][PASSED] - Text '10' is set on object 'Object Repository/lab/Page_KDMC/input_txttreat'

2018-06-09 21:07:42 - [TEST_STEP][PASSED] - click: Object: 'Object Repository/lab/Page_KDMC/button_Add' is clicked on

2018-06-09 21:07:42 - [MESSAGE][PASSED] - Object: 'Object Repository/lab/Page_KDMC/button_Add' is clicked on

2018-06-09 21:07:42 - [TEST_STEP][PASSED] - selectOptionByIndex: All options with index in [4] are selected on object 'Object Repository/lab/Page_KDMC/select_--Select--Schedule 4X-r'

2018-06-09 21:07:43 - [MESSAGE][PASSED] - All options with index in [4] are selected on object 'Object Repository/lab/Page_KDMC/select_--Select--Schedule 4X-r'

2018-06-09 21:07:43 - [TEST_STEP][PASSED] - selectOptionByIndex: All options with index in [13] are selected on object 'Object Repository/lab/Page_KDMC/select_--Select--Automatic x-r'

2018-06-09 21:07:43 - [MESSAGE][PASSED] - All options with index in [13] are selected on object 'Object Repository/lab/Page_KDMC/select_--Select--Automatic x-r'

2018-06-09 21:07:43 - [TEST_STEP][PASSED] - setText: Text '10' is set on object 'Object Repository/lab/Page_KDMC/input_txttreat'

2018-06-09 21:07:43 - [MESSAGE][PASSED] - Text '10' is set on object 'Object Repository/lab/Page_KDMC/input_txttreat'

2018-06-09 21:07:43 - [TEST_STEP][PASSED] - click: Object: 'Object Repository/lab/Page_KDMC/button_Add' is clicked on

2018-06-09 21:07:43 - [MESSAGE][PASSED] - Object: 'Object Repository/lab/Page_KDMC/button_Add' is clicked on

2018-06-09 21:07:43 - [TEST_STEP][PASSED] - selectOptionByIndex: All options with index in [4] are selected on object 'Object Repository/lab/Page_KDMC/select_--Select--Schedule 4X-r'

2018-06-09 21:07:43 - [MESSAGE][PASSED] - All options with index in [4] are selected on object 'Object Repository/lab/Page_KDMC/select_--Select--Schedule 4X-r'

2018-06-09 21:07:43 - [TEST_STEP][PASSED] - selectOptionByIndex: All options with index in [14] are selected on object 'Object Repository/lab/Page_KDMC/select_--Select--Automatic x-r'

2018-06-09 21:07:43 - [MESSAGE][PASSED] - All options with index in [14] are selected on object 'Object Repository/lab/Page_KDMC/select_--Select--Automatic x-r'

2018-06-09 21:07:43 - [TEST_STEP][PASSED] - setText: Text '10' is set on object 'Object Repository/lab/Page_KDMC/input_txttreat'

2018-06-09 21:07:43 - [MESSAGE][PASSED] - Text '10' is set on object 'Object Repository/lab/Page_KDMC/input_txttreat'

2018-06-09 21:07:43 - [TEST_STEP][PASSED] - click: Object: 'Object Repository/lab/Page_KDMC/button_Add' is clicked on

2018-06-09 21:07:44 - [MESSAGE][PASSED] - Object: 'Object Repository/lab/Page_KDMC/button_Add' is clicked on

2018-06-09 21:07:44 - [TEST_STEP][PASSED] - selectOptionByIndex: All options with index in [4] are selected on object 'Object Repository/lab/Page_KDMC/select_--Select--Schedule 4X-r'

2018-06-09 21:07:44 - [MESSAGE][PASSED] - All options with index in [4] are selected on object 'Object Repository/lab/Page_KDMC/select_--Select--Schedule 4X-r'

2018-06-09 21:07:44 - [TEST_STEP][PASSED] - selectOptionByIndex: All options with index in [15] are selected on object 'Object Repository/lab/Page_KDMC/select_--Select--Automatic x-r'

2018-06-09 21:07:44 - [MESSAGE][PASSED] - All options with index in [15] are selected on object 'Object Repository/lab/Page_KDMC/select_--Select--Automatic x-r'

2018-06-09 21:07:44 - [TEST_STEP][PASSED] - setText: Text '10' is set on object 'Object Repository/lab/Page_KDMC/input_txttreat'

2018-06-09 21:07:44 - [MESSAGE][PASSED] - Text '10' is set on object 'Object Repository/lab/Page_KDMC/input_txttreat'

2018-06-09 21:07:44 - [TEST_STEP][PASSED] - click: Object: 'Object Repository/lab/Page_KDMC/button_Add' is clicked on

2018-06-09 21:07:44 - [MESSAGE][PASSED] - Object: 'Object Repository/lab/Page_KDMC/button_Add' is clicked on

2018-06-09 21:07:44 - [TEST_STEP][PASSED] - selectOptionByIndex: All options with index in [4] are selected on object 'Object Repository/lab/Page_KDMC/select_--Select--Schedule 4X-r'

2018-06-09 21:07:44 - [MESSAGE][PASSED] - All options with index in [4] are selected on object 'Object Repository/lab/Page_KDMC/select_--Select--Schedule 4X-r'

2018-06-09 21:07:44 - [TEST_STEP][PASSED] - selectOptionByIndex: All options with index in [16] are selected on object 'Object Repository/lab/Page_KDMC/select_--Select--Automatic x-r'

2018-06-09 21:07:45 - [MESSAGE][PASSED] - All options with index in [16] are selected on object 'Object Repository/lab/Page_KDMC/select_--Select--Automatic x-r'

2018-06-09 21:07:45 - [TEST_STEP][PASSED] - setText: Text '10' is set on object 'Object Repository/lab/Page_KDMC/input_txttreat'

2018-06-09 21:07:45 - [MESSAGE][PASSED] - Text '10' is set on object 'Object Repository/lab/Page_KDMC/input_txttreat'

2018-06-09 21:07:45 - [TEST_STEP][PASSED] - click: Object: 'Object Repository/lab/Page_KDMC/button_Add' is clicked on

2018-06-09 21:07:45 - [MESSAGE][PASSED] - Object: 'Object Repository/lab/Page_KDMC/button_Add' is clicked on

2018-06-09 21:07:45 - [TEST_STEP][PASSED] - selectOptionByIndex: All options with index in [4] are selected on object 'Object Repository/lab/Page_KDMC/select_--Select--Schedule 4X-r'

2018-06-09 21:07:45 - [MESSAGE][PASSED] - All options with index in [4] are selected on object 'Object Repository/lab/Page_KDMC/select_--Select--Schedule 4X-r'

2018-06-09 21:07:45 - [TEST_STEP][PASSED] - selectOptionByIndex: All options with index in [17] are selected on object 'Object Repository/lab/Page_KDMC/select_--Select--Automatic x-r'

2018-06-09 21:07:45 - [MESSAGE][PASSED] - All options with index in [17] are selected on object 'Object Repository/lab/Page_KDMC/select_--Select--Automatic x-r'

2018-06-09 21:07:45 - [TEST_STEP][PASSED] - setText: Text '10' is set on object 'Object Repository/lab/Page_KDMC/input_txttreat'

2018-06-09 21:07:45 - [MESSAGE][PASSED] - Text '10' is set on object 'Object Repository/lab/Page_KDMC/input_txttreat'

2018-06-09 21:07:45 - [TEST_STEP][PASSED] - click: Object: 'Object Repository/lab/Page_KDMC/button_Add' is clicked on

2018-06-09 21:07:45 - [MESSAGE][PASSED] - Object: 'Object Repository/lab/Page_KDMC/button_Add' is clicked on

2018-06-09 21:07:45 - [TEST_STEP][PASSED] - Statement - RN1 = com.kms.katalon.core.webui.keyword.WebUiBuiltInKeywords.getAttribute(com.kms.katalon.core.testobject.ObjectRepository.findTestObject(lab/Page_KDMC/input_txtno), "value"): Attribute 'value' of object 'Object Repository/lab/Page_KDMC/input_txtno' is: 'LRNO/09062018/422'

2018-06-09 21:07:45 - [MESSAGE][PASSED] - Attribute 'value' of object 'Object Repository/lab/Page_KDMC/input_txtno' is: 'LRNO/09062018/422'

2018-06-09 21:07:45 - [TEST_STEP][PASSED] - Statement - out.println(RN1): null

2018-06-09 21:07:45 - [TEST_STEP][PASSED] - Statement - RID = RN1.split("/")[2]: null

2018-06-09 21:07:45 - [TEST_STEP][PASSED] - scrollToElement: Scroll to object 'Object Repository/lab/Page_KDMC/input_btnsave' successfully

2018-06-09 21:07:45 - [MESSAGE][PASSED] - Scroll to object 'Object Repository/lab/Page_KDMC/input_btnsave' successfully

2018-06-09 21:07:45 - [TEST_STEP][PASSED] - click: Object: 'Object Repository/lab/Page_KDMC/input_btnsave' is clicked on

2018-06-09 21:07:45 - [MESSAGE][PASSED] - Object: 'Object Repository/lab/Page_KDMC/input_btnsave' is clicked on

2018-06-09 21:07:45 - [TEST_STEP][PASSED] - delay: Delayed 3 second(s)

2018-06-09 21:07:48 - [MESSAGE][PASSED] - Delayed 3 second(s)

2018-06-09 21:07:48 - [TEST_STEP][PASSED] - click: Object: 'Object Repository/lab/Page_KDMC/button_OK' is clicked on

2018-06-09 21:07:49 - [MESSAGE][PASSED] - Object: 'Object Repository/lab/Page_KDMC/button_OK' is clicked on

2018-06-09 21:07:49 - [TEST_STEP][PASSED] - delay: Delayed 3 second(s)

2018-06-09 21:07:52 - [MESSAGE][PASSED] - Delayed 3 second(s)

2018-06-09 21:07:52 - [TEST_STEP][PASSED] - click: Object: 'Object Repository/lab/Page_KDMC/a_dropdown-toggle' is clicked on

2018-06-09 21:07:52 - [MESSAGE][PASSED] - Object: 'Object Repository/lab/Page_KDMC/a_dropdown-toggle' is clicked on

2018-06-09 21:07:52 - [TEST_STEP][PASSED] - click: Object: 'Object Repository/lab/Page_KDMC/a_Sign out' is clicked on

2018-06-09 21:07:52 - [MESSAGE][PASSED] - Object: 'Object Repository/lab/Page_KDMC/a_Sign out' is clicked on

2018-06-09 21:07:52 - [TEST_STEP][PASSED] - delay: Delayed 3 second(s)

2018-06-09 21:07:55 - [MESSAGE][PASSED] - Delayed 3 second(s)

2018-06-09 21:07:55 - [TEST_STEP][PASSED] - click: Object: 'Object Repository/lab/Page_KDMC/a_CMO' is clicked on

2018-06-09 21:07:56 - [MESSAGE][PASSED] - Object: 'Object Repository/lab/Page_KDMC/a_CMO' is clicked on

2018-06-09 21:07:56 - [TEST_STEP][PASSED] - setText: Text 'guru' is set on object 'Object Repository/lab/Page_CMO login/input_txtusername'

2018-06-09 21:07:56 - [MESSAGE][PASSED] - Text 'guru' is set on object 'Object Repository/lab/Page_CMO login/input_txtusername'

2018-06-09 21:07:56 - [TEST_STEP][PASSED] - setText: Text '123' is set on object 'Object Repository/lab/Page_CMO login/input_txtpassword'

2018-06-09 21:07:56 - [MESSAGE][PASSED] - Text '123' is set on object 'Object Repository/lab/Page_CMO login/input_txtpassword'

2018-06-09 21:07:56 - [TEST_STEP][PASSED] - delay: Delayed 3 second(s)

2018-06-09 21:07:59 - [MESSAGE][PASSED] - Delayed 3 second(s)

2018-06-09 21:07:59 - [TEST_STEP][PASSED] - click: Object: 'Object Repository/lab/Page_CMO login/button_Sign in' is clicked on

2018-06-09 21:08:00 - [MESSAGE][PASSED] - Object: 'Object Repository/lab/Page_CMO login/button_Sign in' is clicked on

2018-06-09 21:08:00 - [TEST_STEP][PASSED] - click: Object: 'Object Repository/lab/Page_KDMC - CMO/span_Department Wise Request' is clicked on

2018-06-09 21:08:02 - [MESSAGE][PASSED] - Object: 'Object Repository/lab/Page_KDMC - CMO/span_Department Wise Request' is clicked on

2018-06-09 21:08:02 - [TEST_STEP][PASSED] - selectOptionByIndex: All options with index in [4] are selected on object 'Object Repository/lab/Page_KDMC - CMO/select_--ALL--'

2018-06-09 21:08:02 - [MESSAGE][PASSED] - All options with index in [4] are selected on object 'Object Repository/lab/Page_KDMC - CMO/select_--ALL--'

2018-06-09 21:08:02 - [TEST_STEP][PASSED] - selectOptionByIndex: All options with index in [1] are selected on object 'Object Repository/lab/Page_KDMC - CMO/select_--ALL--                _1'

2018-06-09 21:08:03 - [MESSAGE][PASSED] - All options with index in [1] are selected on object 'Object Repository/lab/Page_KDMC - CMO/select_--ALL--                _1'

2018-06-09 21:08:03 - [TEST_STEP][PASSED] - click: Object: 'Object Repository/lab/Page_KDMC - CMO/input_btnsearch' is clicked on

2018-06-09 21:08:03 - [MESSAGE][PASSED] - Object: 'Object Repository/lab/Page_KDMC - CMO/input_btnsearch' is clicked on

2018-06-09 21:08:03 - [TEST_STEP][PASSED] - Statement - ID = com.kms.katalon.core.webui.keyword.WebUiBuiltInKeywords.modifyObjectProperty(com.kms.katalon.core.testobject.ObjectRepository.findTestObject(lab/Page_KDMC - CMO/input_1), "xpath", "equals", "//*[@id=" + RID + "]", true): Modify property of object successfully

2018-06-09 21:08:03 - [MESSAGE][PASSED] - Modify property of object successfully

2018-06-09 21:08:03 - [TEST_STEP][PASSED] - click: Object: 'Object Repository/lab/Page_KDMC - CMO/input_1' is clicked on

2018-06-09 21:08:03 - [MESSAGE][PASSED] - Object: 'Object Repository/lab/Page_KDMC - CMO/input_1' is clicked on

2018-06-09 21:08:03 - [TEST_STEP][PASSED] - delay: Delayed 2 second(s)

2018-06-09 21:08:05 - [MESSAGE][PASSED] - Delayed 2 second(s)

2018-06-09 21:08:05 - [TEST_STEP][PASSED] - selectOptionByIndex: All options with index in [1] are selected on object 'Object Repository/lab/Page_KDMC - CMO/select_--Select--'

2018-06-09 21:08:05 - [MESSAGE][PASSED] - All options with index in [1] are selected on object 'Object Repository/lab/Page_KDMC - CMO/select_--Select--'

2018-06-09 21:08:05 - [TEST_STEP][PASSED] - click: Object: 'Object Repository/lab/Page_KDMC - CMO/input_btnupdate' is clicked on

2018-06-09 21:08:05 - [MESSAGE][PASSED] - Object: 'Object Repository/lab/Page_KDMC - CMO/input_btnupdate' is clicked on

2018-06-09 21:08:05 - [TEST_STEP][PASSED] - delay: Delayed 2 second(s)

2018-06-09 21:08:07 - [MESSAGE][PASSED] - Delayed 2 second(s)

2018-06-09 21:08:07 - [TEST_STEP][PASSED] - click: Object: 'Object Repository/lab/Page_KDMC - CMO/button_OK' is clicked on

2018-06-09 21:08:08 - [MESSAGE][PASSED] - Object: 'Object Repository/lab/Page_KDMC - CMO/button_OK' is clicked on

2018-06-09 21:08:08 - [TEST_STEP][PASSED] - delay: Delayed 3 second(s)

2018-06-09 21:08:11 - [MESSAGE][PASSED] - Delayed 3 second(s)

2018-06-09 21:08:11 - [TEST_STEP][PASSED] - click: Object: 'Object Repository/lab/Page_KDMC - CMO/a_dropdown-toggle' is clicked on

2018-06-09 21:08:11 - [MESSAGE][PASSED] - Object: 'Object Repository/lab/Page_KDMC - CMO/a_dropdown-toggle' is clicked on

2018-06-09 21:08:11 - [TEST_STEP][PASSED] - click: Object: 'Object Repository/lab/Page_KDMC - CMO/a_Sign out' is clicked on

2018-06-09 21:08:12 - [MESSAGE][PASSED] - Object: 'Object Repository/lab/Page_KDMC - CMO/a_Sign out' is clicked on

2018-06-09 21:08:12 - [TEST_STEP][PASSED] - delay: Delayed 3 second(s)

2018-06-09 21:08:15 - [MESSAGE][PASSED] - Delayed 3 second(s)

2018-06-09 21:08:15 - [TEST_STEP][PASSED] - click: Object: 'Object Repository/lab/Page_KDMC/a_Divisional Store' is clicked on

2018-06-09 21:08:15 - [MESSAGE][PASSED] - Object: 'Object Repository/lab/Page_KDMC/a_Divisional Store' is clicked on

2018-06-09 21:08:15 - [TEST_STEP][PASSED] - setText: Text 'ragu' is set on object 'Object Repository/lab/Page_Divisonal Store Login/input_txtusername'

2018-06-09 21:08:15 - [MESSAGE][PASSED] - Text 'ragu' is set on object 'Object Repository/lab/Page_Divisonal Store Login/input_txtusername'

2018-06-09 21:08:15 - [TEST_STEP][PASSED] - setText: Text '123' is set on object 'Object Repository/lab/Page_Divisonal Store Login/input_txtpassword'

2018-06-09 21:08:16 - [MESSAGE][PASSED] - Text '123' is set on object 'Object Repository/lab/Page_Divisonal Store Login/input_txtpassword'

2018-06-09 21:08:16 - [TEST_STEP][PASSED] - delay: Delayed 3 second(s)

2018-06-09 21:08:19 - [MESSAGE][PASSED] - Delayed 3 second(s)

2018-06-09 21:08:19 - [TEST_STEP][PASSED] - click: Object: 'Object Repository/lab/Page_Divisonal Store Login/button_Sign in' is clicked on

2018-06-09 21:08:20 - [MESSAGE][PASSED] - Object: 'Object Repository/lab/Page_Divisonal Store Login/button_Sign in' is clicked on

2018-06-09 21:08:20 - [TEST_STEP][PASSED] - delay: Delayed 3 second(s)

2018-06-09 21:08:23 - [MESSAGE][PASSED] - Delayed 3 second(s)

2018-06-09 21:08:23 - [TEST_STEP][PASSED] - click: Object: 'Object Repository/lab/Page_Store/a_Lab Request' is clicked on

2018-06-09 21:08:24 - [MESSAGE][PASSED] - Object: 'Object Repository/lab/Page_Store/a_Lab Request' is clicked on

2018-06-09 21:08:24 - [TEST_STEP][PASSED] - click: Object: 'Object Repository/lab/Page_Store/a_Request Item Lab' is clicked on

2018-06-09 21:08:24 - [MESSAGE][PASSED] - Object: 'Object Repository/lab/Page_Store/a_Request Item Lab' is clicked on

2018-06-09 21:08:24 - [TEST_STEP][PASSED] - Statement - ChooseRequest = com.kms.katalon.core.webui.keyword.WebUiBuiltInKeywords.modifyObjectProperty(com.kms.katalon.core.testobject.ObjectRepository.findTestObject(lab/Page_Store/input_1), "xpath", "equals", "//*[@id=" + RID + "]", true): Modify property of object successfully

2018-06-09 21:08:24 - [MESSAGE][PASSED] - Modify property of object successfully

2018-06-09 21:08:24 - [TEST_STEP][PASSED] - click: Object: 'Object Repository/lab/Page_Store/input_1' is clicked on

2018-06-09 21:08:25 - [MESSAGE][PASSED] - Object: 'Object Repository/lab/Page_Store/input_1' is clicked on

2018-06-09 21:08:25 - [TEST_STEP][PASSED] - delay: Delayed 2 second(s)

2018-06-09 21:08:27 - [MESSAGE][PASSED] - Delayed 2 second(s)

2018-06-09 21:08:27 - [TEST_STEP][PASSED] - Statement - selectedoptions = com.kms.katalon.core.webui.keyword.WebUiBuiltInKeywords.getNumberOfTotalOption(com.kms.katalon.core.testobject.ObjectRepository.findTestObject(lab/Page_Store/select_--Select--E.C.G. Jelly)): 18 options of object 'Object Repository/lab/Page_Store/select_--Select--E.C.G. Jelly' counted

2018-06-09 21:08:27 - [MESSAGE][PASSED] - 18 options of object 'Object Repository/lab/Page_Store/select_--Select--E.C.G. Jelly' counted

2018-06-09 21:08:27 - [TEST_STEP][PASSED] - Statement - For ([a = 1, a <= selectedoptions - 1, (a++)]): null

2018-06-09 21:08:27 - [TEST_STEP][PASSED] - selectOptionByIndex: All options with index in [1] are selected on object 'Object Repository/lab/Page_Store/select_--Select--E.C.G. Jelly'

2018-06-09 21:08:27 - [MESSAGE][PASSED] - All options with index in [1] are selected on object 'Object Repository/lab/Page_Store/select_--Select--E.C.G. Jelly'

2018-06-09 21:08:27 - [TEST_STEP][PASSED] - delay: Delayed 2 second(s)

2018-06-09 21:08:29 - [MESSAGE][PASSED] - Delayed 2 second(s)

2018-06-09 21:08:29 - [TEST_STEP][PASSED] - Statement - RequestedQty = com.kms.katalon.core.webui.keyword.WebUiBuiltInKeywords.getAttribute(com.kms.katalon.core.testobject.ObjectRepository.findTestObject(lab/Page_Store/input_txttotal), "value"): Attribute 'value' of object 'Object Repository/lab/Page_Store/input_txttotal' is: '10'

2018-06-09 21:08:30 - [MESSAGE][PASSED] - Attribute 'value' of object 'Object Repository/lab/Page_Store/input_txttotal' is: '10'

2018-06-09 21:08:30 - [TEST_STEP][PASSED] - Statement - out.println("Requested QTY : " + RequestedQty): null

2018-06-09 21:08:30 - [TEST_STEP][PASSED] - Statement - BatchNumber = com.kms.katalon.core.webui.keyword.WebUiBuiltInKeywords.getNumberOfTotalOption(com.kms.katalon.core.testobject.ObjectRepository.findTestObject(lab/Page_Store/select_--Select--BA50)): 2 options of object 'Object Repository/lab/Page_Store/select_--Select--BA50' counted

2018-06-09 21:08:30 - [MESSAGE][PASSED] - 2 options of object 'Object Repository/lab/Page_Store/select_--Select--BA50' counted

2018-06-09 21:08:30 - [TEST_STEP][PASSED] - Statement - For ([g = 1, g <= BatchNumber - 1, (g++)]): null

2018-06-09 21:08:30 - [TEST_STEP][PASSED] - selectOptionByIndex: All options with index in [1] are selected on object 'Object Repository/lab/Page_Store/select_--Select--BA50'

2018-06-09 21:08:30 - [MESSAGE][PASSED] - All options with index in [1] are selected on object 'Object Repository/lab/Page_Store/select_--Select--BA50'

2018-06-09 21:08:30 - [TEST_STEP][PASSED] - delay: Delayed 2 second(s)

2018-06-09 21:08:32 - [MESSAGE][PASSED] - Delayed 2 second(s)

2018-06-09 21:08:32 - [TEST_STEP][PASSED] - Statement - Try: null

2018-06-09 21:08:32 - [TEST_STEP][PASSED] - Statement - StockQty = com.kms.katalon.core.webui.keyword.WebUiBuiltInKeywords.getAttribute(com.kms.katalon.core.testobject.ObjectRepository.findTestObject(lab/Page_Store/input_txtprice), "value"): Attribute 'value' of object 'Object Repository/lab/Page_Store/input_txtprice' is: '1790'

2018-06-09 21:08:32 - [MESSAGE][PASSED] - Attribute 'value' of object 'Object Repository/lab/Page_Store/input_txtprice' is: '1790'

2018-06-09 21:08:32 - [TEST_STEP][PASSED] - Statement - out.println("Stock QTY : " + StockQty): null

2018-06-09 21:08:32 - [TEST_STEP][PASSED] - delay: Delayed 1 second(s)

2018-06-09 21:08:33 - [MESSAGE][PASSED] - Delayed 1 second(s)

2018-06-09 21:08:33 - [TEST_STEP][PASSED] - Statement - If (java.lang.Integer.valueOf(StockQty) >= java.lang.Integer.valueOf(RequestedQty)): null

2018-06-09 21:08:33 - [TEST_STEP][PASSED] - setText: Text '10' is set on object 'Object Repository/lab/Page_Store/input_txtqty'

2018-06-09 21:08:33 - [MESSAGE][PASSED] - Text '10' is set on object 'Object Repository/lab/Page_Store/input_txtqty'

2018-06-09 21:08:33 - [TEST_STEP][PASSED] - click: Object: 'Object Repository/lab/Page_Store/button_Add' is clicked on

2018-06-09 21:08:33 - [MESSAGE][PASSED] - Object: 'Object Repository/lab/Page_Store/button_Add' is clicked on

2018-06-09 21:08:33 - [TEST_STEP][PASSED] - Statement - Break: null

2018-06-09 21:08:33 - [TEST_STEP][PASSED] - selectOptionByIndex: All options with index in [2] are selected on object 'Object Repository/lab/Page_Store/select_--Select--E.C.G. Jelly'

2018-06-09 21:08:33 - [MESSAGE][PASSED] - All options with index in [2] are selected on object 'Object Repository/lab/Page_Store/select_--Select--E.C.G. Jelly'

2018-06-09 21:08:33 - [TEST_STEP][PASSED] - delay: Delayed 2 second(s)

2018-06-09 21:08:35 - [MESSAGE][PASSED] - Delayed 2 second(s)

2018-06-09 21:08:35 - [TEST_STEP][PASSED] - Statement - RequestedQty = com.kms.katalon.core.webui.keyword.WebUiBuiltInKeywords.getAttribute(com.kms.katalon.core.testobject.ObjectRepository.findTestObject(lab/Page_Store/input_txttotal), "value"): Attribute 'value' of object 'Object Repository/lab/Page_Store/input_txttotal' is: '10'

2018-06-09 21:08:35 - [MESSAGE][PASSED] - Attribute 'value' of object 'Object Repository/lab/Page_Store/input_txttotal' is: '10'

2018-06-09 21:08:35 - [TEST_STEP][PASSED] - Statement - out.println("Requested QTY : " + RequestedQty): null

2018-06-09 21:08:35 - [TEST_STEP][PASSED] - Statement - BatchNumber = com.kms.katalon.core.webui.keyword.WebUiBuiltInKeywords.getNumberOfTotalOption(com.kms.katalon.core.testobject.ObjectRepository.findTestObject(lab/Page_Store/select_--Select--BA50)): 3 options of object 'Object Repository/lab/Page_Store/select_--Select--BA50' counted

2018-06-09 21:08:35 - [MESSAGE][PASSED] - 3 options of object 'Object Repository/lab/Page_Store/select_--Select--BA50' counted

2018-06-09 21:08:35 - [TEST_STEP][PASSED] - Statement - For ([g = 1, g <= BatchNumber - 1, (g++)]): null

2018-06-09 21:08:35 - [TEST_STEP][PASSED] - selectOptionByIndex: All options with index in [1] are selected on object 'Object Repository/lab/Page_Store/select_--Select--BA50'

2018-06-09 21:08:35 - [MESSAGE][PASSED] - All options with index in [1] are selected on object 'Object Repository/lab/Page_Store/select_--Select--BA50'

2018-06-09 21:08:35 - [TEST_STEP][PASSED] - delay: Delayed 2 second(s)

2018-06-09 21:08:37 - [MESSAGE][PASSED] - Delayed 2 second(s)

2018-06-09 21:08:37 - [TEST_STEP][PASSED] - Statement - Try: null

2018-06-09 21:08:37 - [TEST_STEP][PASSED] - Statement - StockQty = com.kms.katalon.core.webui.keyword.WebUiBuiltInKeywords.getAttribute(com.kms.katalon.core.testobject.ObjectRepository.findTestObject(lab/Page_Store/input_txtprice), "value"): Attribute 'value' of object 'Object Repository/lab/Page_Store/input_txtprice' is: '642'

2018-06-09 21:08:37 - [MESSAGE][PASSED] - Attribute 'value' of object 'Object Repository/lab/Page_Store/input_txtprice' is: '642'

2018-06-09 21:08:37 - [TEST_STEP][PASSED] - Statement - out.println("Stock QTY : " + StockQty): null

2018-06-09 21:08:37 - [TEST_STEP][PASSED] - delay: Delayed 1 second(s)

2018-06-09 21:08:38 - [MESSAGE][PASSED] - Delayed 1 second(s)

2018-06-09 21:08:38 - [TEST_STEP][PASSED] - Statement - If (java.lang.Integer.valueOf(StockQty) >= java.lang.Integer.valueOf(RequestedQty)): null

2018-06-09 21:08:38 - [TEST_STEP][PASSED] - setText: Text '10' is set on object 'Object Repository/lab/Page_Store/input_txtqty'

2018-06-09 21:08:38 - [MESSAGE][PASSED] - Text '10' is set on object 'Object Repository/lab/Page_Store/input_txtqty'

2018-06-09 21:08:38 - [TEST_STEP][PASSED] - click: Object: 'Object Repository/lab/Page_Store/button_Add' is clicked on

2018-06-09 21:08:39 - [MESSAGE][PASSED] - Object: 'Object Repository/lab/Page_Store/button_Add' is clicked on

2018-06-09 21:08:39 - [TEST_STEP][PASSED] - Statement - Break: null

2018-06-09 21:08:39 - [TEST_STEP][PASSED] - selectOptionByIndex: All options with index in [3] are selected on object 'Object Repository/lab/Page_Store/select_--Select--E.C.G. Jelly'

2018-06-09 21:08:39 - [MESSAGE][PASSED] - All options with index in [3] are selected on object 'Object Repository/lab/Page_Store/select_--Select--E.C.G. Jelly'

2018-06-09 21:08:39 - [TEST_STEP][PASSED] - delay: Delayed 2 second(s)

2018-06-09 21:08:41 - [MESSAGE][PASSED] - Delayed 2 second(s)

2018-06-09 21:08:41 - [TEST_STEP][PASSED] - Statement - RequestedQty = com.kms.katalon.core.webui.keyword.WebUiBuiltInKeywords.getAttribute(com.kms.katalon.core.testobject.ObjectRepository.findTestObject(lab/Page_Store/input_txttotal), "value"): Attribute 'value' of object 'Object Repository/lab/Page_Store/input_txttotal' is: '10'

2018-06-09 21:08:41 - [MESSAGE][PASSED] - Attribute 'value' of object 'Object Repository/lab/Page_Store/input_txttotal' is: '10'

2018-06-09 21:08:41 - [TEST_STEP][PASSED] - Statement - out.println("Requested QTY : " + RequestedQty): null

2018-06-09 21:08:41 - [TEST_STEP][PASSED] - Statement - BatchNumber = com.kms.katalon.core.webui.keyword.WebUiBuiltInKeywords.getNumberOfTotalOption(com.kms.katalon.core.testobject.ObjectRepository.findTestObject(lab/Page_Store/select_--Select--BA50)): 3 options of object 'Object Repository/lab/Page_Store/select_--Select--BA50' counted

2018-06-09 21:08:41 - [MESSAGE][PASSED] - 3 options of object 'Object Repository/lab/Page_Store/select_--Select--BA50' counted

2018-06-09 21:08:41 - [TEST_STEP][PASSED] - Statement - For ([g = 1, g <= BatchNumber - 1, (g++)]): null

2018-06-09 21:08:41 - [TEST_STEP][PASSED] - selectOptionByIndex: All options with index in [1] are selected on object 'Object Repository/lab/Page_Store/select_--Select--BA50'

2018-06-09 21:08:41 - [MESSAGE][PASSED] - All options with index in [1] are selected on object 'Object Repository/lab/Page_Store/select_--Select--BA50'

2018-06-09 21:08:41 - [TEST_STEP][PASSED] - delay: Delayed 2 second(s)

2018-06-09 21:08:43 - [MESSAGE][PASSED] - Delayed 2 second(s)

2018-06-09 21:08:43 - [TEST_STEP][PASSED] - Statement - Try: null

2018-06-09 21:08:43 - [TEST_STEP][PASSED] - Statement - StockQty = com.kms.katalon.core.webui.keyword.WebUiBuiltInKeywords.getAttribute(com.kms.katalon.core.testobject.ObjectRepository.findTestObject(lab/Page_Store/input_txtprice), "value"): Attribute 'value' of object 'Object Repository/lab/Page_Store/input_txtprice' is: '1690'

2018-06-09 21:08:43 - [MESSAGE][PASSED] - Attribute 'value' of object 'Object Repository/lab/Page_Store/input_txtprice' is: '1690'

2018-06-09 21:08:43 - [TEST_STEP][PASSED] - Statement - out.println("Stock QTY : " + StockQty): null

2018-06-09 21:08:43 - [TEST_STEP][PASSED] - delay: Delayed 1 second(s)

2018-06-09 21:08:44 - [MESSAGE][PASSED] - Delayed 1 second(s)

2018-06-09 21:08:44 - [TEST_STEP][PASSED] - Statement - If (java.lang.Integer.valueOf(StockQty) >= java.lang.Integer.valueOf(RequestedQty)): null

2018-06-09 21:08:44 - [TEST_STEP][PASSED] - setText: Text '10' is set on object 'Object Repository/lab/Page_Store/input_txtqty'

2018-06-09 21:08:44 - [MESSAGE][PASSED] - Text '10' is set on object 'Object Repository/lab/Page_Store/input_txtqty'

2018-06-09 21:08:44 - [TEST_STEP][PASSED] - click: Object: 'Object Repository/lab/Page_Store/button_Add' is clicked on

2018-06-09 21:08:44 - [MESSAGE][PASSED] - Object: 'Object Repository/lab/Page_Store/button_Add' is clicked on

2018-06-09 21:08:44 - [TEST_STEP][PASSED] - Statement - Break: null

2018-06-09 21:08:44 - [TEST_STEP][PASSED] - selectOptionByIndex: All options with index in [4] are selected on object 'Object Repository/lab/Page_Store/select_--Select--E.C.G. Jelly'

2018-06-09 21:08:44 - [MESSAGE][PASSED] - All options with index in [4] are selected on object 'Object Repository/lab/Page_Store/select_--Select--E.C.G. Jelly'

2018-06-09 21:08:44 - [TEST_STEP][PASSED] - delay: Delayed 2 second(s)

2018-06-09 21:08:46 - [MESSAGE][PASSED] - Delayed 2 second(s)

2018-06-09 21:08:46 - [TEST_STEP][PASSED] - Statement - RequestedQty = com.kms.katalon.core.webui.keyword.WebUiBuiltInKeywords.getAttribute(com.kms.katalon.core.testobject.ObjectRepository.findTestObject(lab/Page_Store/input_txttotal), "value"): Attribute 'value' of object 'Object Repository/lab/Page_Store/input_txttotal' is: '10'

2018-06-09 21:08:46 - [MESSAGE][PASSED] - Attribute 'value' of object 'Object Repository/lab/Page_Store/input_txttotal' is: '10'

2018-06-09 21:08:46 - [TEST_STEP][PASSED] - Statement - out.println("Requested QTY : " + RequestedQty): null

2018-06-09 21:08:46 - [TEST_STEP][PASSED] - Statement - BatchNumber = com.kms.katalon.core.webui.keyword.WebUiBuiltInKeywords.getNumberOfTotalOption(com.kms.katalon.core.testobject.ObjectRepository.findTestObject(lab/Page_Store/select_--Select--BA50)): 3 options of object 'Object Repository/lab/Page_Store/select_--Select--BA50' counted

2018-06-09 21:08:46 - [MESSAGE][PASSED] - 3 options of object 'Object Repository/lab/Page_Store/select_--Select--BA50' counted

2018-06-09 21:08:46 - [TEST_STEP][PASSED] - Statement - For ([g = 1, g <= BatchNumber - 1, (g++)]): null

2018-06-09 21:08:46 - [TEST_STEP][PASSED] - selectOptionByIndex: All options with index in [1] are selected on object 'Object Repository/lab/Page_Store/select_--Select--BA50'

2018-06-09 21:08:46 - [MESSAGE][PASSED] - All options with index in [1] are selected on object 'Object Repository/lab/Page_Store/select_--Select--BA50'

2018-06-09 21:08:46 - [TEST_STEP][PASSED] - delay: Delayed 2 second(s)

2018-06-09 21:08:48 - [MESSAGE][PASSED] - Delayed 2 second(s)

2018-06-09 21:08:48 - [TEST_STEP][PASSED] - Statement - Try: null

2018-06-09 21:08:48 - [TEST_STEP][PASSED] - Statement - StockQty = com.kms.katalon.core.webui.keyword.WebUiBuiltInKeywords.getAttribute(com.kms.katalon.core.testobject.ObjectRepository.findTestObject(lab/Page_Store/input_txtprice), "value"): Attribute 'value' of object 'Object Repository/lab/Page_Store/input_txtprice' is: '790'

2018-06-09 21:08:48 - [MESSAGE][PASSED] - Attribute 'value' of object 'Object Repository/lab/Page_Store/input_txtprice' is: '790'

2018-06-09 21:08:48 - [TEST_STEP][PASSED] - Statement - out.println("Stock QTY : " + StockQty): null

2018-06-09 21:08:48 - [TEST_STEP][PASSED] - delay: Delayed 1 second(s)

2018-06-09 21:08:49 - [MESSAGE][PASSED] - Delayed 1 second(s)

2018-06-09 21:08:49 - [TEST_STEP][PASSED] - Statement - If (java.lang.Integer.valueOf(StockQty) >= java.lang.Integer.valueOf(RequestedQty)): null

2018-06-09 21:08:49 - [TEST_STEP][PASSED] - setText: Text '10' is set on object 'Object Repository/lab/Page_Store/input_txtqty'

2018-06-09 21:08:50 - [MESSAGE][PASSED] - Text '10' is set on object 'Object Repository/lab/Page_Store/input_txtqty'

2018-06-09 21:08:50 - [TEST_STEP][PASSED] - click: Object: 'Object Repository/lab/Page_Store/button_Add' is clicked on

2018-06-09 21:08:50 - [MESSAGE][PASSED] - Object: 'Object Repository/lab/Page_Store/button_Add' is clicked on

2018-06-09 21:08:50 - [TEST_STEP][PASSED] - Statement - Break: null

2018-06-09 21:08:50 - [TEST_STEP][PASSED] - selectOptionByIndex: All options with index in [5] are selected on object 'Object Repository/lab/Page_Store/select_--Select--E.C.G. Jelly'

2018-06-09 21:08:50 - [MESSAGE][PASSED] - All options with index in [5] are selected on object 'Object Repository/lab/Page_Store/select_--Select--E.C.G. Jelly'

2018-06-09 21:08:50 - [TEST_STEP][PASSED] - delay: Delayed 2 second(s)

2018-06-09 21:08:52 - [MESSAGE][PASSED] - Delayed 2 second(s)

2018-06-09 21:08:52 - [TEST_STEP][PASSED] - Statement - RequestedQty = com.kms.katalon.core.webui.keyword.WebUiBuiltInKeywords.getAttribute(com.kms.katalon.core.testobject.ObjectRepository.findTestObject(lab/Page_Store/input_txttotal), "value"): Attribute 'value' of object 'Object Repository/lab/Page_Store/input_txttotal' is: '10'

2018-06-09 21:08:52 - [MESSAGE][PASSED] - Attribute 'value' of object 'Object Repository/lab/Page_Store/input_txttotal' is: '10'

2018-06-09 21:08:52 - [TEST_STEP][PASSED] - Statement - out.println("Requested QTY : " + RequestedQty): null

2018-06-09 21:08:52 - [TEST_STEP][PASSED] - Statement - BatchNumber = com.kms.katalon.core.webui.keyword.WebUiBuiltInKeywords.getNumberOfTotalOption(com.kms.katalon.core.testobject.ObjectRepository.findTestObject(lab/Page_Store/select_--Select--BA50)): 3 options of object 'Object Repository/lab/Page_Store/select_--Select--BA50' counted

2018-06-09 21:08:52 - [MESSAGE][PASSED] - 3 options of object 'Object Repository/lab/Page_Store/select_--Select--BA50' counted

2018-06-09 21:08:52 - [TEST_STEP][PASSED] - Statement - For ([g = 1, g <= BatchNumber - 1, (g++)]): null

2018-06-09 21:08:52 - [TEST_STEP][PASSED] - selectOptionByIndex: All options with index in [1] are selected on object 'Object Repository/lab/Page_Store/select_--Select--BA50'

2018-06-09 21:08:52 - [MESSAGE][PASSED] - All options with index in [1] are selected on object 'Object Repository/lab/Page_Store/select_--Select--BA50'

2018-06-09 21:08:52 - [TEST_STEP][PASSED] - delay: Delayed 2 second(s)

2018-06-09 21:08:54 - [MESSAGE][PASSED] - Delayed 2 second(s)

2018-06-09 21:08:54 - [TEST_STEP][PASSED] - Statement - Try: null

2018-06-09 21:08:54 - [TEST_STEP][PASSED] - Statement - StockQty = com.kms.katalon.core.webui.keyword.WebUiBuiltInKeywords.getAttribute(com.kms.katalon.core.testobject.ObjectRepository.findTestObject(lab/Page_Store/input_txtprice), "value"): Attribute 'value' of object 'Object Repository/lab/Page_Store/input_txtprice' is: '780'

2018-06-09 21:08:54 - [MESSAGE][PASSED] - Attribute 'value' of object 'Object Repository/lab/Page_Store/input_txtprice' is: '780'

2018-06-09 21:08:54 - [TEST_STEP][PASSED] - Statement - out.println("Stock QTY : " + StockQty): null

2018-06-09 21:08:54 - [TEST_STEP][PASSED] - delay: Delayed 1 second(s)

2018-06-09 21:08:55 - [MESSAGE][PASSED] - Delayed 1 second(s)

2018-06-09 21:08:55 - [TEST_STEP][PASSED] - Statement - If (java.lang.Integer.valueOf(StockQty) >= java.lang.Integer.valueOf(RequestedQty)): null

2018-06-09 21:08:55 - [TEST_STEP][PASSED] - setText: Text '10' is set on object 'Object Repository/lab/Page_Store/input_txtqty'

2018-06-09 21:08:55 - [MESSAGE][PASSED] - Text '10' is set on object 'Object Repository/lab/Page_Store/input_txtqty'

2018-06-09 21:08:55 - [TEST_STEP][PASSED] - click: Object: 'Object Repository/lab/Page_Store/button_Add' is clicked on

2018-06-09 21:08:55 - [MESSAGE][PASSED] - Object: 'Object Repository/lab/Page_Store/button_Add' is clicked on

2018-06-09 21:08:55 - [TEST_STEP][PASSED] - Statement - Break: null

2018-06-09 21:08:55 - [TEST_STEP][PASSED] - selectOptionByIndex: All options with index in [6] are selected on object 'Object Repository/lab/Page_Store/select_--Select--E.C.G. Jelly'

2018-06-09 21:08:55 - [MESSAGE][PASSED] - All options with index in [6] are selected on object 'Object Repository/lab/Page_Store/select_--Select--E.C.G. Jelly'

2018-06-09 21:08:55 - [TEST_STEP][PASSED] - delay: Delayed 2 second(s)

2018-06-09 21:08:57 - [MESSAGE][PASSED] - Delayed 2 second(s)

2018-06-09 21:08:57 - [TEST_STEP][PASSED] - Statement - RequestedQty = com.kms.katalon.core.webui.keyword.WebUiBuiltInKeywords.getAttribute(com.kms.katalon.core.testobject.ObjectRepository.findTestObject(lab/Page_Store/input_txttotal), "value"): Attribute 'value' of object 'Object Repository/lab/Page_Store/input_txttotal' is: '10'

2018-06-09 21:08:57 - [MESSAGE][PASSED] - Attribute 'value' of object 'Object Repository/lab/Page_Store/input_txttotal' is: '10'

2018-06-09 21:08:57 - [TEST_STEP][PASSED] - Statement - out.println("Requested QTY : " + RequestedQty): null

2018-06-09 21:08:57 - [TEST_STEP][PASSED] - Statement - BatchNumber = com.kms.katalon.core.webui.keyword.WebUiBuiltInKeywords.getNumberOfTotalOption(com.kms.katalon.core.testobject.ObjectRepository.findTestObject(lab/Page_Store/select_--Select--BA50)): 3 options of object 'Object Repository/lab/Page_Store/select_--Select--BA50' counted

2018-06-09 21:08:57 - [MESSAGE][PASSED] - 3 options of object 'Object Repository/lab/Page_Store/select_--Select--BA50' counted

2018-06-09 21:08:57 - [TEST_STEP][PASSED] - Statement - For ([g = 1, g <= BatchNumber - 1, (g++)]): null

2018-06-09 21:08:57 - [TEST_STEP][PASSED] - selectOptionByIndex: All options with index in [1] are selected on object 'Object Repository/lab/Page_Store/select_--Select--BA50'

2018-06-09 21:08:58 - [MESSAGE][PASSED] - All options with index in [1] are selected on object 'Object Repository/lab/Page_Store/select_--Select--BA50'

2018-06-09 21:08:58 - [TEST_STEP][PASSED] - delay: Delayed 2 second(s)

2018-06-09 21:09:00 - [MESSAGE][PASSED] - Delayed 2 second(s)

2018-06-09 21:09:00 - [TEST_STEP][PASSED] - Statement - Try: null

2018-06-09 21:09:00 - [TEST_STEP][PASSED] - Statement - StockQty = com.kms.katalon.core.webui.keyword.WebUiBuiltInKeywords.getAttribute(com.kms.katalon.core.testobject.ObjectRepository.findTestObject(lab/Page_Store/input_txtprice), "value"): Attribute 'value' of object 'Object Repository/lab/Page_Store/input_txtprice' is: '780'

2018-06-09 21:09:00 - [MESSAGE][PASSED] - Attribute 'value' of object 'Object Repository/lab/Page_Store/input_txtprice' is: '780'

2018-06-09 21:09:00 - [TEST_STEP][PASSED] - Statement - out.println("Stock QTY : " + StockQty): null

2018-06-09 21:09:00 - [TEST_STEP][PASSED] - delay: Delayed 1 second(s)

2018-06-09 21:09:01 - [MESSAGE][PASSED] - Delayed 1 second(s)

2018-06-09 21:09:01 - [TEST_STEP][PASSED] - Statement - If (java.lang.Integer.valueOf(StockQty) >= java.lang.Integer.valueOf(RequestedQty)): null

2018-06-09 21:09:01 - [TEST_STEP][PASSED] - setText: Text '10' is set on object 'Object Repository/lab/Page_Store/input_txtqty'

2018-06-09 21:09:01 - [MESSAGE][PASSED] - Text '10' is set on object 'Object Repository/lab/Page_Store/input_txtqty'

2018-06-09 21:09:01 - [TEST_STEP][PASSED] - click: Object: 'Object Repository/lab/Page_Store/button_Add' is clicked on

2018-06-09 21:09:01 - [MESSAGE][PASSED] - Object: 'Object Repository/lab/Page_Store/button_Add' is clicked on

2018-06-09 21:09:01 - [TEST_STEP][PASSED] - Statement - Break: null

2018-06-09 21:09:01 - [TEST_STEP][PASSED] - selectOptionByIndex: All options with index in [7] are selected on object 'Object Repository/lab/Page_Store/select_--Select--E.C.G. Jelly'

2018-06-09 21:09:01 - [MESSAGE][PASSED] - All options with index in [7] are selected on object 'Object Repository/lab/Page_Store/select_--Select--E.C.G. Jelly'

2018-06-09 21:09:01 - [TEST_STEP][PASSED] - delay: Delayed 2 second(s)

2018-06-09 21:09:03 - [MESSAGE][PASSED] - Delayed 2 second(s)

2018-06-09 21:09:03 - [TEST_STEP][PASSED] - Statement - RequestedQty = com.kms.katalon.core.webui.keyword.WebUiBuiltInKeywords.getAttribute(com.kms.katalon.core.testobject.ObjectRepository.findTestObject(lab/Page_Store/input_txttotal), "value"): Attribute 'value' of object 'Object Repository/lab/Page_Store/input_txttotal' is: '10'

2018-06-09 21:09:03 - [MESSAGE][PASSED] - Attribute 'value' of object 'Object Repository/lab/Page_Store/input_txttotal' is: '10'

2018-06-09 21:09:03 - [TEST_STEP][PASSED] - Statement - out.println("Requested QTY : " + RequestedQty): null

2018-06-09 21:09:03 - [TEST_STEP][PASSED] - Statement - BatchNumber = com.kms.katalon.core.webui.keyword.WebUiBuiltInKeywords.getNumberOfTotalOption(com.kms.katalon.core.testobject.ObjectRepository.findTestObject(lab/Page_Store/select_--Select--BA50)): 2 options of object 'Object Repository/lab/Page_Store/select_--Select--BA50' counted

2018-06-09 21:09:03 - [MESSAGE][PASSED] - 2 options of object 'Object Repository/lab/Page_Store/select_--Select--BA50' counted

2018-06-09 21:09:03 - [TEST_STEP][PASSED] - Statement - For ([g = 1, g <= BatchNumber - 1, (g++)]): null

2018-06-09 21:09:03 - [TEST_STEP][PASSED] - selectOptionByIndex: All options with index in [1] are selected on object 'Object Repository/lab/Page_Store/select_--Select--BA50'

2018-06-09 21:09:03 - [MESSAGE][PASSED] - All options with index in [1] are selected on object 'Object Repository/lab/Page_Store/select_--Select--BA50'

2018-06-09 21:09:03 - [TEST_STEP][PASSED] - delay: Delayed 2 second(s)

2018-06-09 21:09:05 - [MESSAGE][PASSED] - Delayed 2 second(s)

2018-06-09 21:09:05 - [TEST_STEP][PASSED] - Statement - Try: null

2018-06-09 21:09:05 - [TEST_STEP][PASSED] - Statement - StockQty = com.kms.katalon.core.webui.keyword.WebUiBuiltInKeywords.getAttribute(com.kms.katalon.core.testobject.ObjectRepository.findTestObject(lab/Page_Store/input_txtprice), "value"): Attribute 'value' of object 'Object Repository/lab/Page_Store/input_txtprice' is: '1790'

2018-06-09 21:09:05 - [MESSAGE][PASSED] - Attribute 'value' of object 'Object Repository/lab/Page_Store/input_txtprice' is: '1790'

2018-06-09 21:09:05 - [TEST_STEP][PASSED] - Statement - out.println("Stock QTY : " + StockQty): null

2018-06-09 21:09:05 - [TEST_STEP][PASSED] - delay: Delayed 1 second(s)

2018-06-09 21:09:06 - [MESSAGE][PASSED] - Delayed 1 second(s)

2018-06-09 21:09:06 - [TEST_STEP][PASSED] - Statement - If (java.lang.Integer.valueOf(StockQty) >= java.lang.Integer.valueOf(RequestedQty)): null

2018-06-09 21:09:06 - [TEST_STEP][PASSED] - setText: Text '10' is set on object 'Object Repository/lab/Page_Store/input_txtqty'

2018-06-09 21:09:06 - [MESSAGE][PASSED] - Text '10' is set on object 'Object Repository/lab/Page_Store/input_txtqty'

2018-06-09 21:09:06 - [TEST_STEP][PASSED] - click: Object: 'Object Repository/lab/Page_Store/button_Add' is clicked on

2018-06-09 21:09:06 - [MESSAGE][PASSED] - Object: 'Object Repository/lab/Page_Store/button_Add' is clicked on

2018-06-09 21:09:06 - [TEST_STEP][PASSED] - Statement - Break: null

2018-06-09 21:09:06 - [TEST_STEP][PASSED] - selectOptionByIndex: All options with index in [8] are selected on object 'Object Repository/lab/Page_Store/select_--Select--E.C.G. Jelly'

2018-06-09 21:09:07 - [MESSAGE][PASSED] - All options with index in [8] are selected on object 'Object Repository/lab/Page_Store/select_--Select--E.C.G. Jelly'

2018-06-09 21:09:07 - [TEST_STEP][PASSED] - delay: Delayed 2 second(s)

2018-06-09 21:09:09 - [MESSAGE][PASSED] - Delayed 2 second(s)

2018-06-09 21:09:09 - [TEST_STEP][PASSED] - Statement - RequestedQty = com.kms.katalon.core.webui.keyword.WebUiBuiltInKeywords.getAttribute(com.kms.katalon.core.testobject.ObjectRepository.findTestObject(lab/Page_Store/input_txttotal), "value"): Attribute 'value' of object 'Object Repository/lab/Page_Store/input_txttotal' is: '10'

2018-06-09 21:09:09 - [MESSAGE][PASSED] - Attribute 'value' of object 'Object Repository/lab/Page_Store/input_txttotal' is: '10'

2018-06-09 21:09:09 - [TEST_STEP][PASSED] - Statement - out.println("Requested QTY : " + RequestedQty): null

2018-06-09 21:09:09 - [TEST_STEP][PASSED] - Statement - BatchNumber = com.kms.katalon.core.webui.keyword.WebUiBuiltInKeywords.getNumberOfTotalOption(com.kms.katalon.core.testobject.ObjectRepository.findTestObject(lab/Page_Store/select_--Select--BA50)): 3 options of object 'Object Repository/lab/Page_Store/select_--Select--BA50' counted

2018-06-09 21:09:09 - [MESSAGE][PASSED] - 3 options of object 'Object Repository/lab/Page_Store/select_--Select--BA50' counted

2018-06-09 21:09:09 - [TEST_STEP][PASSED] - Statement - For ([g = 1, g <= BatchNumber - 1, (g++)]): null

2018-06-09 21:09:09 - [TEST_STEP][PASSED] - selectOptionByIndex: All options with index in [1] are selected on object 'Object Repository/lab/Page_Store/select_--Select--BA50'

2018-06-09 21:09:09 - [MESSAGE][PASSED] - All options with index in [1] are selected on object 'Object Repository/lab/Page_Store/select_--Select--BA50'

2018-06-09 21:09:09 - [TEST_STEP][PASSED] - delay: Delayed 2 second(s)

2018-06-09 21:09:11 - [MESSAGE][PASSED] - Delayed 2 second(s)

2018-06-09 21:09:11 - [TEST_STEP][PASSED] - Statement - Try: null

2018-06-09 21:09:11 - [TEST_STEP][PASSED] - Statement - StockQty = com.kms.katalon.core.webui.keyword.WebUiBuiltInKeywords.getAttribute(com.kms.katalon.core.testobject.ObjectRepository.findTestObject(lab/Page_Store/input_txtprice), "value"): Attribute 'value' of object 'Object Repository/lab/Page_Store/input_txtprice' is: '1690'

2018-06-09 21:09:11 - [MESSAGE][PASSED] - Attribute 'value' of object 'Object Repository/lab/Page_Store/input_txtprice' is: '1690'

2018-06-09 21:09:11 - [TEST_STEP][PASSED] - Statement - out.println("Stock QTY : " + StockQty): null

2018-06-09 21:09:11 - [TEST_STEP][PASSED] - delay: Delayed 1 second(s)

2018-06-09 21:09:12 - [MESSAGE][PASSED] - Delayed 1 second(s)

2018-06-09 21:09:12 - [TEST_STEP][PASSED] - Statement - If (java.lang.Integer.valueOf(StockQty) >= java.lang.Integer.valueOf(RequestedQty)): null

2018-06-09 21:09:12 - [TEST_STEP][PASSED] - setText: Text '10' is set on object 'Object Repository/lab/Page_Store/input_txtqty'

2018-06-09 21:09:12 - [MESSAGE][PASSED] - Text '10' is set on object 'Object Repository/lab/Page_Store/input_txtqty'

2018-06-09 21:09:12 - [TEST_STEP][PASSED] - click: Object: 'Object Repository/lab/Page_Store/button_Add' is clicked on

2018-06-09 21:09:12 - [MESSAGE][PASSED] - Object: 'Object Repository/lab/Page_Store/button_Add' is clicked on

2018-06-09 21:09:12 - [TEST_STEP][PASSED] - Statement - Break: null

2018-06-09 21:09:12 - [TEST_STEP][PASSED] - selectOptionByIndex: All options with index in [9] are selected on object 'Object Repository/lab/Page_Store/select_--Select--E.C.G. Jelly'

2018-06-09 21:09:12 - [MESSAGE][PASSED] - All options with index in [9] are selected on object 'Object Repository/lab/Page_Store/select_--Select--E.C.G. Jelly'

2018-06-09 21:09:12 - [TEST_STEP][PASSED] - delay: Delayed 2 second(s)

2018-06-09 21:09:14 - [MESSAGE][PASSED] - Delayed 2 second(s)

2018-06-09 21:09:14 - [TEST_STEP][PASSED] - Statement - RequestedQty = com.kms.katalon.core.webui.keyword.WebUiBuiltInKeywords.getAttribute(com.kms.katalon.core.testobject.ObjectRepository.findTestObject(lab/Page_Store/input_txttotal), "value"): Attribute 'value' of object 'Object Repository/lab/Page_Store/input_txttotal' is: '10'

2018-06-09 21:09:14 - [MESSAGE][PASSED] - Attribute 'value' of object 'Object Repository/lab/Page_Store/input_txttotal' is: '10'

2018-06-09 21:09:14 - [TEST_STEP][PASSED] - Statement - out.println("Requested QTY : " + RequestedQty): null

2018-06-09 21:09:14 - [TEST_STEP][PASSED] - Statement - BatchNumber = com.kms.katalon.core.webui.keyword.WebUiBuiltInKeywords.getNumberOfTotalOption(com.kms.katalon.core.testobject.ObjectRepository.findTestObject(lab/Page_Store/select_--Select--BA50)): 3 options of object 'Object Repository/lab/Page_Store/select_--Select--BA50' counted

2018-06-09 21:09:14 - [MESSAGE][PASSED] - 3 options of object 'Object Repository/lab/Page_Store/select_--Select--BA50' counted

2018-06-09 21:09:14 - [TEST_STEP][PASSED] - Statement - For ([g = 1, g <= BatchNumber - 1, (g++)]): null

2018-06-09 21:09:14 - [TEST_STEP][PASSED] - selectOptionByIndex: All options with index in [1] are selected on object 'Object Repository/lab/Page_Store/select_--Select--BA50'

2018-06-09 21:09:14 - [MESSAGE][PASSED] - All options with index in [1] are selected on object 'Object Repository/lab/Page_Store/select_--Select--BA50'

2018-06-09 21:09:14 - [TEST_STEP][PASSED] - delay: Delayed 2 second(s)

2018-06-09 21:09:16 - [MESSAGE][PASSED] - Delayed 2 second(s)

2018-06-09 21:09:16 - [TEST_STEP][PASSED] - Statement - Try: null

2018-06-09 21:09:16 - [TEST_STEP][PASSED] - Statement - StockQty = com.kms.katalon.core.webui.keyword.WebUiBuiltInKeywords.getAttribute(com.kms.katalon.core.testobject.ObjectRepository.findTestObject(lab/Page_Store/input_txtprice), "value"): Attribute 'value' of object 'Object Repository/lab/Page_Store/input_txtprice' is: '780'

2018-06-09 21:09:16 - [MESSAGE][PASSED] - Attribute 'value' of object 'Object Repository/lab/Page_Store/input_txtprice' is: '780'

2018-06-09 21:09:16 - [TEST_STEP][PASSED] - Statement - out.println("Stock QTY : " + StockQty): null

2018-06-09 21:09:16 - [TEST_STEP][PASSED] - delay: Delayed 1 second(s)

2018-06-09 21:09:17 - [MESSAGE][PASSED] - Delayed 1 second(s)

2018-06-09 21:09:17 - [TEST_STEP][PASSED] - Statement - If (java.lang.Integer.valueOf(StockQty) >= java.lang.Integer.valueOf(RequestedQty)): null

2018-06-09 21:09:17 - [TEST_STEP][PASSED] - setText: Text '10' is set on object 'Object Repository/lab/Page_Store/input_txtqty'

2018-06-09 21:09:17 - [MESSAGE][PASSED] - Text '10' is set on object 'Object Repository/lab/Page_Store/input_txtqty'

2018-06-09 21:09:17 - [TEST_STEP][PASSED] - click: Object: 'Object Repository/lab/Page_Store/button_Add' is clicked on

2018-06-09 21:09:18 - [MESSAGE][PASSED] - Object: 'Object Repository/lab/Page_Store/button_Add' is clicked on

2018-06-09 21:09:18 - [TEST_STEP][PASSED] - Statement - Break: null

2018-06-09 21:09:18 - [TEST_STEP][PASSED] - selectOptionByIndex: All options with index in [10] are selected on object 'Object Repository/lab/Page_Store/select_--Select--E.C.G. Jelly'

2018-06-09 21:09:18 - [MESSAGE][PASSED] - All options with index in [10] are selected on object 'Object Repository/lab/Page_Store/select_--Select--E.C.G. Jelly'

2018-06-09 21:09:18 - [TEST_STEP][PASSED] - delay: Delayed 2 second(s)

2018-06-09 21:09:20 - [MESSAGE][PASSED] - Delayed 2 second(s)

2018-06-09 21:09:20 - [TEST_STEP][PASSED] - Statement - RequestedQty = com.kms.katalon.core.webui.keyword.WebUiBuiltInKeywords.getAttribute(com.kms.katalon.core.testobject.ObjectRepository.findTestObject(lab/Page_Store/input_txttotal), "value"): Attribute 'value' of object 'Object Repository/lab/Page_Store/input_txttotal' is: '10'

2018-06-09 21:09:20 - [MESSAGE][PASSED] - Attribute 'value' of object 'Object Repository/lab/Page_Store/input_txttotal' is: '10'

2018-06-09 21:09:20 - [TEST_STEP][PASSED] - Statement - out.println("Requested QTY : " + RequestedQty): null

2018-06-09 21:09:20 - [TEST_STEP][PASSED] - Statement - BatchNumber = com.kms.katalon.core.webui.keyword.WebUiBuiltInKeywords.getNumberOfTotalOption(com.kms.katalon.core.testobject.ObjectRepository.findTestObject(lab/Page_Store/select_--Select--BA50)): 3 options of object 'Object Repository/lab/Page_Store/select_--Select--BA50' counted

2018-06-09 21:09:20 - [MESSAGE][PASSED] - 3 options of object 'Object Repository/lab/Page_Store/select_--Select--BA50' counted

2018-06-09 21:09:20 - [TEST_STEP][PASSED] - Statement - For ([g = 1, g <= BatchNumber - 1, (g++)]): null

2018-06-09 21:09:20 - [TEST_STEP][PASSED] - selectOptionByIndex: All options with index in [1] are selected on object 'Object Repository/lab/Page_Store/select_--Select--BA50'

2018-06-09 21:09:20 - [MESSAGE][PASSED] - All options with index in [1] are selected on object 'Object Repository/lab/Page_Store/select_--Select--BA50'

2018-06-09 21:09:20 - [TEST_STEP][PASSED] - delay: Delayed 2 second(s)

2018-06-09 21:09:22 - [MESSAGE][PASSED] - Delayed 2 second(s)

2018-06-09 21:09:22 - [TEST_STEP][PASSED] - Statement - Try: null

2018-06-09 21:09:22 - [TEST_STEP][PASSED] - Statement - StockQty = com.kms.katalon.core.webui.keyword.WebUiBuiltInKeywords.getAttribute(com.kms.katalon.core.testobject.ObjectRepository.findTestObject(lab/Page_Store/input_txtprice), "value"): Attribute 'value' of object 'Object Repository/lab/Page_Store/input_txtprice' is: '355'

2018-06-09 21:09:22 - [MESSAGE][PASSED] - Attribute 'value' of object 'Object Repository/lab/Page_Store/input_txtprice' is: '355'

2018-06-09 21:09:22 - [TEST_STEP][PASSED] - Statement - out.println("Stock QTY : " + StockQty): null

2018-06-09 21:09:22 - [TEST_STEP][PASSED] - delay: Delayed 1 second(s)

2018-06-09 21:09:23 - [MESSAGE][PASSED] - Delayed 1 second(s)

2018-06-09 21:09:23 - [TEST_STEP][PASSED] - Statement - If (java.lang.Integer.valueOf(StockQty) >= java.lang.Integer.valueOf(RequestedQty)): null

2018-06-09 21:09:23 - [TEST_STEP][PASSED] - setText: Text '10' is set on object 'Object Repository/lab/Page_Store/input_txtqty'

2018-06-09 21:09:23 - [MESSAGE][PASSED] - Text '10' is set on object 'Object Repository/lab/Page_Store/input_txtqty'

2018-06-09 21:09:23 - [TEST_STEP][PASSED] - click: Object: 'Object Repository/lab/Page_Store/button_Add' is clicked on

2018-06-09 21:09:23 - [MESSAGE][PASSED] - Object: 'Object Repository/lab/Page_Store/button_Add' is clicked on

2018-06-09 21:09:23 - [TEST_STEP][PASSED] - Statement - Break: null

2018-06-09 21:09:23 - [TEST_STEP][PASSED] - selectOptionByIndex: All options with index in [11] are selected on object 'Object Repository/lab/Page_Store/select_--Select--E.C.G. Jelly'

2018-06-09 21:09:23 - [MESSAGE][PASSED] - All options with index in [11] are selected on object 'Object Repository/lab/Page_Store/select_--Select--E.C.G. Jelly'

2018-06-09 21:09:23 - [TEST_STEP][PASSED] - delay: Delayed 2 second(s)

2018-06-09 21:09:25 - [MESSAGE][PASSED] - Delayed 2 second(s)

2018-06-09 21:09:25 - [TEST_STEP][PASSED] - Statement - RequestedQty = com.kms.katalon.core.webui.keyword.WebUiBuiltInKeywords.getAttribute(com.kms.katalon.core.testobject.ObjectRepository.findTestObject(lab/Page_Store/input_txttotal), "value"): Attribute 'value' of object 'Object Repository/lab/Page_Store/input_txttotal' is: '10'

2018-06-09 21:09:25 - [MESSAGE][PASSED] - Attribute 'value' of object 'Object Repository/lab/Page_Store/input_txttotal' is: '10'

2018-06-09 21:09:25 - [TEST_STEP][PASSED] - Statement - out.println("Requested QTY : " + RequestedQty): null

2018-06-09 21:09:25 - [TEST_STEP][PASSED] - Statement - BatchNumber = com.kms.katalon.core.webui.keyword.WebUiBuiltInKeywords.getNumberOfTotalOption(com.kms.katalon.core.testobject.ObjectRepository.findTestObject(lab/Page_Store/select_--Select--BA50)): 4 options of object 'Object Repository/lab/Page_Store/select_--Select--BA50' counted

2018-06-09 21:09:25 - [MESSAGE][PASSED] - 4 options of object 'Object Repository/lab/Page_Store/select_--Select--BA50' counted

2018-06-09 21:09:25 - [TEST_STEP][PASSED] - Statement - For ([g = 1, g <= BatchNumber - 1, (g++)]): null

2018-06-09 21:09:25 - [TEST_STEP][PASSED] - selectOptionByIndex: All options with index in [1] are selected on object 'Object Repository/lab/Page_Store/select_--Select--BA50'

2018-06-09 21:09:26 - [MESSAGE][PASSED] - All options with index in [1] are selected on object 'Object Repository/lab/Page_Store/select_--Select--BA50'

2018-06-09 21:09:26 - [TEST_STEP][PASSED] - delay: Delayed 2 second(s)

2018-06-09 21:09:28 - [MESSAGE][PASSED] - Delayed 2 second(s)

2018-06-09 21:09:28 - [TEST_STEP][PASSED] - Statement - Try: null

2018-06-09 21:09:28 - [TEST_STEP][PASSED] - Statement - StockQty = com.kms.katalon.core.webui.keyword.WebUiBuiltInKeywords.getAttribute(com.kms.katalon.core.testobject.ObjectRepository.findTestObject(lab/Page_Store/input_txtprice), "value"): Attribute 'value' of object 'Object Repository/lab/Page_Store/input_txtprice' is: '780'

2018-06-09 21:09:28 - [MESSAGE][PASSED] - Attribute 'value' of object 'Object Repository/lab/Page_Store/input_txtprice' is: '780'

2018-06-09 21:09:28 - [TEST_STEP][PASSED] - Statement - out.println("Stock QTY : " + StockQty): null

2018-06-09 21:09:28 - [TEST_STEP][PASSED] - delay: Delayed 1 second(s)

2018-06-09 21:09:29 - [MESSAGE][PASSED] - Delayed 1 second(s)

2018-06-09 21:09:29 - [TEST_STEP][PASSED] - Statement - If (java.lang.Integer.valueOf(StockQty) >= java.lang.Integer.valueOf(RequestedQty)): null

2018-06-09 21:09:29 - [TEST_STEP][PASSED] - setText: Text '10' is set on object 'Object Repository/lab/Page_Store/input_txtqty'

2018-06-09 21:09:29 - [MESSAGE][PASSED] - Text '10' is set on object 'Object Repository/lab/Page_Store/input_txtqty'

2018-06-09 21:09:29 - [TEST_STEP][PASSED] - click: Object: 'Object Repository/lab/Page_Store/button_Add' is clicked on

2018-06-09 21:09:29 - [MESSAGE][PASSED] - Object: 'Object Repository/lab/Page_Store/button_Add' is clicked on

2018-06-09 21:09:29 - [TEST_STEP][PASSED] - Statement - Break: null

2018-06-09 21:09:29 - [TEST_STEP][PASSED] - selectOptionByIndex: All options with index in [12] are selected on object 'Object Repository/lab/Page_Store/select_--Select--E.C.G. Jelly'

2018-06-09 21:09:29 - [MESSAGE][PASSED] - All options with index in [12] are selected on object 'Object Repository/lab/Page_Store/select_--Select--E.C.G. Jelly'

2018-06-09 21:09:29 - [TEST_STEP][PASSED] - delay: Delayed 2 second(s)

2018-06-09 21:09:31 - [MESSAGE][PASSED] - Delayed 2 second(s)

2018-06-09 21:09:31 - [TEST_STEP][PASSED] - Statement - RequestedQty = com.kms.katalon.core.webui.keyword.WebUiBuiltInKeywords.getAttribute(com.kms.katalon.core.testobject.ObjectRepository.findTestObject(lab/Page_Store/input_txttotal), "value"): Attribute 'value' of object 'Object Repository/lab/Page_Store/input_txttotal' is: '10'

2018-06-09 21:09:31 - [MESSAGE][PASSED] - Attribute 'value' of object 'Object Repository/lab/Page_Store/input_txttotal' is: '10'

2018-06-09 21:09:31 - [TEST_STEP][PASSED] - Statement - out.println("Requested QTY : " + RequestedQty): null

2018-06-09 21:09:31 - [TEST_STEP][PASSED] - Statement - BatchNumber = com.kms.katalon.core.webui.keyword.WebUiBuiltInKeywords.getNumberOfTotalOption(com.kms.katalon.core.testobject.ObjectRepository.findTestObject(lab/Page_Store/select_--Select--BA50)): 2 options of object 'Object Repository/lab/Page_Store/select_--Select--BA50' counted

2018-06-09 21:09:31 - [MESSAGE][PASSED] - 2 options of object 'Object Repository/lab/Page_Store/select_--Select--BA50' counted

2018-06-09 21:09:31 - [TEST_STEP][PASSED] - Statement - For ([g = 1, g <= BatchNumber - 1, (g++)]): null

2018-06-09 21:09:31 - [TEST_STEP][PASSED] - selectOptionByIndex: All options with index in [1] are selected on object 'Object Repository/lab/Page_Store/select_--Select--BA50'

2018-06-09 21:09:31 - [MESSAGE][PASSED] - All options with index in [1] are selected on object 'Object Repository/lab/Page_Store/select_--Select--BA50'

2018-06-09 21:09:31 - [TEST_STEP][PASSED] - delay: Delayed 2 second(s)

2018-06-09 21:09:33 - [MESSAGE][PASSED] - Delayed 2 second(s)

2018-06-09 21:09:33 - [TEST_STEP][PASSED] - Statement - Try: null

2018-06-09 21:09:33 - [TEST_STEP][PASSED] - Statement - StockQty = com.kms.katalon.core.webui.keyword.WebUiBuiltInKeywords.getAttribute(com.kms.katalon.core.testobject.ObjectRepository.findTestObject(lab/Page_Store/input_txtprice), "value"): Attribute 'value' of object 'Object Repository/lab/Page_Store/input_txtprice' is: '1790'

2018-06-09 21:09:33 - [MESSAGE][PASSED] - Attribute 'value' of object 'Object Repository/lab/Page_Store/input_txtprice' is: '1790'

2018-06-09 21:09:33 - [TEST_STEP][PASSED] - Statement - out.println("Stock QTY : " + StockQty): null

2018-06-09 21:09:33 - [TEST_STEP][PASSED] - delay: Delayed 1 second(s)

2018-06-09 21:09:34 - [MESSAGE][PASSED] - Delayed 1 second(s)

2018-06-09 21:09:34 - [TEST_STEP][PASSED] - Statement - If (java.lang.Integer.valueOf(StockQty) >= java.lang.Integer.valueOf(RequestedQty)): null

2018-06-09 21:09:34 - [TEST_STEP][PASSED] - setText: Text '10' is set on object 'Object Repository/lab/Page_Store/input_txtqty'

2018-06-09 21:09:34 - [MESSAGE][PASSED] - Text '10' is set on object 'Object Repository/lab/Page_Store/input_txtqty'

2018-06-09 21:09:34 - [TEST_STEP][PASSED] - click: Object: 'Object Repository/lab/Page_Store/button_Add' is clicked on

2018-06-09 21:09:34 - [MESSAGE][PASSED] - Object: 'Object Repository/lab/Page_Store/button_Add' is clicked on

2018-06-09 21:09:34 - [TEST_STEP][PASSED] - Statement - Break: null

2018-06-09 21:09:34 - [TEST_STEP][PASSED] - selectOptionByIndex: All options with index in [13] are selected on object 'Object Repository/lab/Page_Store/select_--Select--E.C.G. Jelly'

2018-06-09 21:09:35 - [MESSAGE][PASSED] - All options with index in [13] are selected on object 'Object Repository/lab/Page_Store/select_--Select--E.C.G. Jelly'

2018-06-09 21:09:35 - [TEST_STEP][PASSED] - delay: Delayed 2 second(s)

2018-06-09 21:09:37 - [MESSAGE][PASSED] - Delayed 2 second(s)

2018-06-09 21:09:37 - [TEST_STEP][PASSED] - Statement - RequestedQty = com.kms.katalon.core.webui.keyword.WebUiBuiltInKeywords.getAttribute(com.kms.katalon.core.testobject.ObjectRepository.findTestObject(lab/Page_Store/input_txttotal), "value"): Attribute 'value' of object 'Object Repository/lab/Page_Store/input_txttotal' is: '10'

2018-06-09 21:09:37 - [MESSAGE][PASSED] - Attribute 'value' of object 'Object Repository/lab/Page_Store/input_txttotal' is: '10'

2018-06-09 21:09:37 - [TEST_STEP][PASSED] - Statement - out.println("Requested QTY : " + RequestedQty): null

2018-06-09 21:09:37 - [TEST_STEP][PASSED] - Statement - BatchNumber = com.kms.katalon.core.webui.keyword.WebUiBuiltInKeywords.getNumberOfTotalOption(com.kms.katalon.core.testobject.ObjectRepository.findTestObject(lab/Page_Store/select_--Select--BA50)): 3 options of object 'Object Repository/lab/Page_Store/select_--Select--BA50' counted

2018-06-09 21:09:37 - [MESSAGE][PASSED] - 3 options of object 'Object Repository/lab/Page_Store/select_--Select--BA50' counted

2018-06-09 21:09:37 - [TEST_STEP][PASSED] - Statement - For ([g = 1, g <= BatchNumber - 1, (g++)]): null

2018-06-09 21:09:37 - [TEST_STEP][PASSED] - selectOptionByIndex: All options with index in [1] are selected on object 'Object Repository/lab/Page_Store/select_--Select--BA50'

2018-06-09 21:09:37 - [MESSAGE][PASSED] - All options with index in [1] are selected on object 'Object Repository/lab/Page_Store/select_--Select--BA50'

2018-06-09 21:09:37 - [TEST_STEP][PASSED] - delay: Delayed 2 second(s)

2018-06-09 21:09:39 - [MESSAGE][PASSED] - Delayed 2 second(s)

2018-06-09 21:09:39 - [TEST_STEP][PASSED] - Statement - Try: null

2018-06-09 21:09:39 - [TEST_STEP][PASSED] - Statement - StockQty = com.kms.katalon.core.webui.keyword.WebUiBuiltInKeywords.getAttribute(com.kms.katalon.core.testobject.ObjectRepository.findTestObject(lab/Page_Store/input_txtprice), "value"): Attribute 'value' of object 'Object Repository/lab/Page_Store/input_txtprice' is: '780'

2018-06-09 21:09:39 - [MESSAGE][PASSED] - Attribute 'value' of object 'Object Repository/lab/Page_Store/input_txtprice' is: '780'

2018-06-09 21:09:39 - [TEST_STEP][PASSED] - Statement - out.println("Stock QTY : " + StockQty): null

2018-06-09 21:09:39 - [TEST_STEP][PASSED] - delay: Delayed 1 second(s)

2018-06-09 21:09:40 - [MESSAGE][PASSED] - Delayed 1 second(s)

2018-06-09 21:09:40 - [TEST_STEP][PASSED] - Statement - If (java.lang.Integer.valueOf(StockQty) >= java.lang.Integer.valueOf(RequestedQty)): null

2018-06-09 21:09:40 - [TEST_STEP][PASSED] - setText: Text '10' is set on object 'Object Repository/lab/Page_Store/input_txtqty'

2018-06-09 21:09:40 - [MESSAGE][PASSED] - Text '10' is set on object 'Object Repository/lab/Page_Store/input_txtqty'

2018-06-09 21:09:40 - [TEST_STEP][PASSED] - click: Object: 'Object Repository/lab/Page_Store/button_Add' is clicked on

2018-06-09 21:09:40 - [MESSAGE][PASSED] - Object: 'Object Repository/lab/Page_Store/button_Add' is clicked on

2018-06-09 21:09:40 - [TEST_STEP][PASSED] - Statement - Break: null

2018-06-09 21:09:40 - [TEST_STEP][PASSED] - selectOptionByIndex: All options with index in [14] are selected on object 'Object Repository/lab/Page_Store/select_--Select--E.C.G. Jelly'

2018-06-09 21:09:40 - [MESSAGE][PASSED] - All options with index in [14] are selected on object 'Object Repository/lab/Page_Store/select_--Select--E.C.G. Jelly'

2018-06-09 21:09:40 - [TEST_STEP][PASSED] - delay: Delayed 2 second(s)

2018-06-09 21:09:42 - [MESSAGE][PASSED] - Delayed 2 second(s)

2018-06-09 21:09:42 - [TEST_STEP][PASSED] - Statement - RequestedQty = com.kms.katalon.core.webui.keyword.WebUiBuiltInKeywords.getAttribute(com.kms.katalon.core.testobject.ObjectRepository.findTestObject(lab/Page_Store/input_txttotal), "value"): Attribute 'value' of object 'Object Repository/lab/Page_Store/input_txttotal' is: '10'

2018-06-09 21:09:42 - [MESSAGE][PASSED] - Attribute 'value' of object 'Object Repository/lab/Page_Store/input_txttotal' is: '10'

2018-06-09 21:09:42 - [TEST_STEP][PASSED] - Statement - out.println("Requested QTY : " + RequestedQty): null

2018-06-09 21:09:42 - [TEST_STEP][PASSED] - Statement - BatchNumber = com.kms.katalon.core.webui.keyword.WebUiBuiltInKeywords.getNumberOfTotalOption(com.kms.katalon.core.testobject.ObjectRepository.findTestObject(lab/Page_Store/select_--Select--BA50)): 3 options of object 'Object Repository/lab/Page_Store/select_--Select--BA50' counted

2018-06-09 21:09:42 - [MESSAGE][PASSED] - 3 options of object 'Object Repository/lab/Page_Store/select_--Select--BA50' counted

2018-06-09 21:09:42 - [TEST_STEP][PASSED] - Statement - For ([g = 1, g <= BatchNumber - 1, (g++)]): null

2018-06-09 21:09:42 - [TEST_STEP][PASSED] - selectOptionByIndex: All options with index in [1] are selected on object 'Object Repository/lab/Page_Store/select_--Select--BA50'

2018-06-09 21:09:43 - [MESSAGE][PASSED] - All options with index in [1] are selected on object 'Object Repository/lab/Page_Store/select_--Select--BA50'

2018-06-09 21:09:43 - [TEST_STEP][PASSED] - delay: Delayed 2 second(s)

2018-06-09 21:09:45 - [MESSAGE][PASSED] - Delayed 2 second(s)

2018-06-09 21:09:45 - [TEST_STEP][PASSED] - Statement - Try: null

2018-06-09 21:09:45 - [TEST_STEP][PASSED] - Statement - StockQty = com.kms.katalon.core.webui.keyword.WebUiBuiltInKeywords.getAttribute(com.kms.katalon.core.testobject.ObjectRepository.findTestObject(lab/Page_Store/input_txtprice), "value"): Attribute 'value' of object 'Object Repository/lab/Page_Store/input_txtprice' is: '3790'

2018-06-09 21:09:45 - [MESSAGE][PASSED] - Attribute 'value' of object 'Object Repository/lab/Page_Store/input_txtprice' is: '3790'

2018-06-09 21:09:45 - [TEST_STEP][PASSED] - Statement - out.println("Stock QTY : " + StockQty): null

2018-06-09 21:09:45 - [TEST_STEP][PASSED] - delay: Delayed 1 second(s)

2018-06-09 21:09:46 - [MESSAGE][PASSED] - Delayed 1 second(s)

2018-06-09 21:09:46 - [TEST_STEP][PASSED] - Statement - If (java.lang.Integer.valueOf(StockQty) >= java.lang.Integer.valueOf(RequestedQty)): null

2018-06-09 21:09:46 - [TEST_STEP][PASSED] - setText: Text '10' is set on object 'Object Repository/lab/Page_Store/input_txtqty'

2018-06-09 21:09:46 - [MESSAGE][PASSED] - Text '10' is set on object 'Object Repository/lab/Page_Store/input_txtqty'

2018-06-09 21:09:46 - [TEST_STEP][PASSED] - click: Object: 'Object Repository/lab/Page_Store/button_Add' is clicked on

2018-06-09 21:09:46 - [MESSAGE][PASSED] - Object: 'Object Repository/lab/Page_Store/button_Add' is clicked on

2018-06-09 21:09:46 - [TEST_STEP][PASSED] - Statement - Break: null

2018-06-09 21:09:46 - [TEST_STEP][PASSED] - selectOptionByIndex: All options with index in [15] are selected on object 'Object Repository/lab/Page_Store/select_--Select--E.C.G. Jelly'

2018-06-09 21:09:46 - [MESSAGE][PASSED] - All options with index in [15] are selected on object 'Object Repository/lab/Page_Store/select_--Select--E.C.G. Jelly'

2018-06-09 21:09:46 - [TEST_STEP][PASSED] - delay: Delayed 2 second(s)

2018-06-09 21:09:48 - [MESSAGE][PASSED] - Delayed 2 second(s)

2018-06-09 21:09:48 - [TEST_STEP][PASSED] - Statement - RequestedQty = com.kms.katalon.core.webui.keyword.WebUiBuiltInKeywords.getAttribute(com.kms.katalon.core.testobject.ObjectRepository.findTestObject(lab/Page_Store/input_txttotal), "value"): Attribute 'value' of object 'Object Repository/lab/Page_Store/input_txttotal' is: '10'

2018-06-09 21:09:48 - [MESSAGE][PASSED] - Attribute 'value' of object 'Object Repository/lab/Page_Store/input_txttotal' is: '10'

2018-06-09 21:09:48 - [TEST_STEP][PASSED] - Statement - out.println("Requested QTY : " + RequestedQty): null

2018-06-09 21:09:48 - [TEST_STEP][PASSED] - Statement - BatchNumber = com.kms.katalon.core.webui.keyword.WebUiBuiltInKeywords.getNumberOfTotalOption(com.kms.katalon.core.testobject.ObjectRepository.findTestObject(lab/Page_Store/select_--Select--BA50)): 3 options of object 'Object Repository/lab/Page_Store/select_--Select--BA50' counted

2018-06-09 21:09:48 - [MESSAGE][PASSED] - 3 options of object 'Object Repository/lab/Page_Store/select_--Select--BA50' counted

2018-06-09 21:09:48 - [TEST_STEP][PASSED] - Statement - For ([g = 1, g <= BatchNumber - 1, (g++)]): null

2018-06-09 21:09:48 - [TEST_STEP][PASSED] - selectOptionByIndex: All options with index in [1] are selected on object 'Object Repository/lab/Page_Store/select_--Select--BA50'

2018-06-09 21:09:48 - [MESSAGE][PASSED] - All options with index in [1] are selected on object 'Object Repository/lab/Page_Store/select_--Select--BA50'

2018-06-09 21:09:48 - [TEST_STEP][PASSED] - delay: Delayed 2 second(s)

2018-06-09 21:09:50 - [MESSAGE][PASSED] - Delayed 2 second(s)

2018-06-09 21:09:50 - [TEST_STEP][PASSED] - Statement - Try: null

2018-06-09 21:09:50 - [TEST_STEP][PASSED] - Statement - StockQty = com.kms.katalon.core.webui.keyword.WebUiBuiltInKeywords.getAttribute(com.kms.katalon.core.testobject.ObjectRepository.findTestObject(lab/Page_Store/input_txtprice), "value"): Attribute 'value' of object 'Object Repository/lab/Page_Store/input_txtprice' is: '3800'

2018-06-09 21:09:50 - [MESSAGE][PASSED] - Attribute 'value' of object 'Object Repository/lab/Page_Store/input_txtprice' is: '3800'

2018-06-09 21:09:50 - [TEST_STEP][PASSED] - Statement - out.println("Stock QTY : " + StockQty): null

2018-06-09 21:09:50 - [TEST_STEP][PASSED] - delay: Delayed 1 second(s)

2018-06-09 21:09:51 - [MESSAGE][PASSED] - Delayed 1 second(s)

2018-06-09 21:09:51 - [TEST_STEP][PASSED] - Statement - If (java.lang.Integer.valueOf(StockQty) >= java.lang.Integer.valueOf(RequestedQty)): null

2018-06-09 21:09:51 - [TEST_STEP][PASSED] - setText: Text '10' is set on object 'Object Repository/lab/Page_Store/input_txtqty'

2018-06-09 21:09:51 - [MESSAGE][PASSED] - Text '10' is set on object 'Object Repository/lab/Page_Store/input_txtqty'

2018-06-09 21:09:51 - [TEST_STEP][PASSED] - click: Object: 'Object Repository/lab/Page_Store/button_Add' is clicked on

2018-06-09 21:09:51 - [MESSAGE][PASSED] - Object: 'Object Repository/lab/Page_Store/button_Add' is clicked on

2018-06-09 21:09:51 - [TEST_STEP][PASSED] - Statement - Break: null

2018-06-09 21:09:51 - [TEST_STEP][PASSED] - selectOptionByIndex: All options with index in [16] are selected on object 'Object Repository/lab/Page_Store/select_--Select--E.C.G. Jelly'

2018-06-09 21:09:52 - [MESSAGE][PASSED] - All options with index in [16] are selected on object 'Object Repository/lab/Page_Store/select_--Select--E.C.G. Jelly'

2018-06-09 21:09:52 - [TEST_STEP][PASSED] - delay: Delayed 2 second(s)

2018-06-09 21:09:54 - [MESSAGE][PASSED] - Delayed 2 second(s)

2018-06-09 21:09:54 - [TEST_STEP][PASSED] - Statement - RequestedQty = com.kms.katalon.core.webui.keyword.WebUiBuiltInKeywords.getAttribute(com.kms.katalon.core.testobject.ObjectRepository.findTestObject(lab/Page_Store/input_txttotal), "value"): Attribute 'value' of object 'Object Repository/lab/Page_Store/input_txttotal' is: '10'

2018-06-09 21:09:54 - [MESSAGE][PASSED] - Attribute 'value' of object 'Object Repository/lab/Page_Store/input_txttotal' is: '10'

2018-06-09 21:09:54 - [TEST_STEP][PASSED] - Statement - out.println("Requested QTY : " + RequestedQty): null

2018-06-09 21:09:54 - [TEST_STEP][PASSED] - Statement - BatchNumber = com.kms.katalon.core.webui.keyword.WebUiBuiltInKeywords.getNumberOfTotalOption(com.kms.katalon.core.testobject.ObjectRepository.findTestObject(lab/Page_Store/select_--Select--BA50)): 3 options of object 'Object Repository/lab/Page_Store/select_--Select--BA50' counted

2018-06-09 21:09:54 - [MESSAGE][PASSED] - 3 options of object 'Object Repository/lab/Page_Store/select_--Select--BA50' counted

2018-06-09 21:09:54 - [TEST_STEP][PASSED] - Statement - For ([g = 1, g <= BatchNumber - 1, (g++)]): null

2018-06-09 21:09:54 - [TEST_STEP][PASSED] - selectOptionByIndex: All options with index in [1] are selected on object 'Object Repository/lab/Page_Store/select_--Select--BA50'

2018-06-09 21:09:54 - [MESSAGE][PASSED] - All options with index in [1] are selected on object 'Object Repository/lab/Page_Store/select_--Select--BA50'

2018-06-09 21:09:54 - [TEST_STEP][PASSED] - delay: Delayed 2 second(s)

2018-06-09 21:09:56 - [MESSAGE][PASSED] - Delayed 2 second(s)

2018-06-09 21:09:56 - [TEST_STEP][PASSED] - Statement - Try: null

2018-06-09 21:09:56 - [TEST_STEP][PASSED] - Statement - StockQty = com.kms.katalon.core.webui.keyword.WebUiBuiltInKeywords.getAttribute(com.kms.katalon.core.testobject.ObjectRepository.findTestObject(lab/Page_Store/input_txtprice), "value"): Attribute 'value' of object 'Object Repository/lab/Page_Store/input_txtprice' is: '790'

2018-06-09 21:09:56 - [MESSAGE][PASSED] - Attribute 'value' of object 'Object Repository/lab/Page_Store/input_txtprice' is: '790'

2018-06-09 21:09:56 - [TEST_STEP][PASSED] - Statement - out.println("Stock QTY : " + StockQty): null

2018-06-09 21:09:56 - [TEST_STEP][PASSED] - delay: Delayed 1 second(s)

2018-06-09 21:09:57 - [MESSAGE][PASSED] - Delayed 1 second(s)

2018-06-09 21:09:57 - [TEST_STEP][PASSED] - Statement - If (java.lang.Integer.valueOf(StockQty) >= java.lang.Integer.valueOf(RequestedQty)): null

2018-06-09 21:09:57 - [TEST_STEP][PASSED] - setText: Text '10' is set on object 'Object Repository/lab/Page_Store/input_txtqty'

2018-06-09 21:09:57 - [MESSAGE][PASSED] - Text '10' is set on object 'Object Repository/lab/Page_Store/input_txtqty'

2018-06-09 21:09:57 - [TEST_STEP][PASSED] - click: Object: 'Object Repository/lab/Page_Store/button_Add' is clicked on

2018-06-09 21:09:57 - [MESSAGE][PASSED] - Object: 'Object Repository/lab/Page_Store/button_Add' is clicked on

2018-06-09 21:09:57 - [TEST_STEP][PASSED] - Statement - Break: null

2018-06-09 21:09:57 - [TEST_STEP][PASSED] - selectOptionByIndex: All options with index in [17] are selected on object 'Object Repository/lab/Page_Store/select_--Select--E.C.G. Jelly'

2018-06-09 21:09:57 - [MESSAGE][PASSED] - All options with index in [17] are selected on object 'Object Repository/lab/Page_Store/select_--Select--E.C.G. Jelly'

2018-06-09 21:09:57 - [TEST_STEP][PASSED] - delay: Delayed 2 second(s)

2018-06-09 21:09:59 - [MESSAGE][PASSED] - Delayed 2 second(s)

2018-06-09 21:09:59 - [TEST_STEP][PASSED] - Statement - RequestedQty = com.kms.katalon.core.webui.keyword.WebUiBuiltInKeywords.getAttribute(com.kms.katalon.core.testobject.ObjectRepository.findTestObject(lab/Page_Store/input_txttotal), "value"): Attribute 'value' of object 'Object Repository/lab/Page_Store/input_txttotal' is: '10'

2018-06-09 21:09:59 - [MESSAGE][PASSED] - Attribute 'value' of object 'Object Repository/lab/Page_Store/input_txttotal' is: '10'

2018-06-09 21:09:59 - [TEST_STEP][PASSED] - Statement - out.println("Requested QTY : " + RequestedQty): null

2018-06-09 21:09:59 - [TEST_STEP][PASSED] - Statement - BatchNumber = com.kms.katalon.core.webui.keyword.WebUiBuiltInKeywords.getNumberOfTotalOption(com.kms.katalon.core.testobject.ObjectRepository.findTestObject(lab/Page_Store/select_--Select--BA50)): 2 options of object 'Object Repository/lab/Page_Store/select_--Select--BA50' counted

2018-06-09 21:09:59 - [MESSAGE][PASSED] - 2 options of object 'Object Repository/lab/Page_Store/select_--Select--BA50' counted

2018-06-09 21:09:59 - [TEST_STEP][PASSED] - Statement - For ([g = 1, g <= BatchNumber - 1, (g++)]): null

2018-06-09 21:09:59 - [TEST_STEP][PASSED] - selectOptionByIndex: All options with index in [1] are selected on object 'Object Repository/lab/Page_Store/select_--Select--BA50'

2018-06-09 21:09:59 - [MESSAGE][PASSED] - All options with index in [1] are selected on object 'Object Repository/lab/Page_Store/select_--Select--BA50'

2018-06-09 21:09:59 - [TEST_STEP][PASSED] - delay: Delayed 2 second(s)

2018-06-09 21:10:01 - [MESSAGE][PASSED] - Delayed 2 second(s)

2018-06-09 21:10:01 - [TEST_STEP][PASSED] - Statement - Try: null

2018-06-09 21:10:01 - [TEST_STEP][PASSED] - Statement - StockQty = com.kms.katalon.core.webui.keyword.WebUiBuiltInKeywords.getAttribute(com.kms.katalon.core.testobject.ObjectRepository.findTestObject(lab/Page_Store/input_txtprice), "value"): Attribute 'value' of object 'Object Repository/lab/Page_Store/input_txtprice' is: '1830'

2018-06-09 21:10:01 - [MESSAGE][PASSED] - Attribute 'value' of object 'Object Repository/lab/Page_Store/input_txtprice' is: '1830'

2018-06-09 21:10:01 - [TEST_STEP][PASSED] - Statement - out.println("Stock QTY : " + StockQty): null

2018-06-09 21:10:01 - [TEST_STEP][PASSED] - delay: Delayed 1 second(s)

2018-06-09 21:10:02 - [MESSAGE][PASSED] - Delayed 1 second(s)

2018-06-09 21:10:02 - [TEST_STEP][PASSED] - Statement - If (java.lang.Integer.valueOf(StockQty) >= java.lang.Integer.valueOf(RequestedQty)): null

2018-06-09 21:10:02 - [TEST_STEP][PASSED] - setText: Text '10' is set on object 'Object Repository/lab/Page_Store/input_txtqty'

2018-06-09 21:10:03 - [MESSAGE][PASSED] - Text '10' is set on object 'Object Repository/lab/Page_Store/input_txtqty'

2018-06-09 21:10:03 - [TEST_STEP][PASSED] - click: Object: 'Object Repository/lab/Page_Store/button_Add' is clicked on

2018-06-09 21:10:03 - [MESSAGE][PASSED] - Object: 'Object Repository/lab/Page_Store/button_Add' is clicked on

2018-06-09 21:10:03 - [TEST_STEP][PASSED] - Statement - Break: null

2018-06-09 21:10:03 - [TEST_STEP][PASSED] - scrollToElement: Scroll to object 'Object Repository/lab/Page_Store/input_btnSubmit' successfully

2018-06-09 21:10:03 - [MESSAGE][PASSED] - Scroll to object 'Object Repository/lab/Page_Store/input_btnSubmit' successfully

2018-06-09 21:10:03 - [TEST_STEP][PASSED] - click: Object: 'Object Repository/lab/Page_Store/input_btnSubmit' is clicked on

2018-06-09 21:10:03 - [MESSAGE][PASSED] - Object: 'Object Repository/lab/Page_Store/input_btnSubmit' is clicked on

2018-06-09 21:10:03 - [TEST_STEP][PASSED] - delay: Delayed 3 second(s)

2018-06-09 21:10:06 - [MESSAGE][PASSED] - Delayed 3 second(s)

2018-06-09 21:10:06 - [TEST_STEP][PASSED] - click: Object: 'Object Repository/lab/Page_Store/button_OK' is clicked on

2018-06-09 21:10:07 - [MESSAGE][PASSED] - Object: 'Object Repository/lab/Page_Store/button_OK' is clicked on

2018-06-09 21:10:07 - [TEST_STEP][PASSED] - delay: Delayed 3 second(s)

2018-06-09 21:10:10 - [MESSAGE][PASSED] - Delayed 3 second(s)

2018-06-09 21:10:10 - [TEST_STEP][PASSED] - click: Object: 'Object Repository/lab/Page_Store/a_dropdown-toggle' is clicked on

2018-06-09 21:10:10 - [MESSAGE][PASSED] - Object: 'Object Repository/lab/Page_Store/a_dropdown-toggle' is clicked on

2018-06-09 21:10:10 - [TEST_STEP][PASSED] - click: Object: 'Object Repository/lab/Page_Store/a_Sign out' is clicked on

2018-06-09 21:10:10 - [MESSAGE][PASSED] - Object: 'Object Repository/lab/Page_Store/a_Sign out' is clicked on

2018-06-09 21:10:10 - [TEST_STEP][PASSED] - closeBrowser: Browser is closed

2018-06-09 21:10:11 - [MESSAGE][PASSED] - Browser is closed

2018-06-09 21:10:11 - [TEST_STEP][PASSED] - Statement - out.println("Schedule 8 Investigation Request Are Working Successfully"): null]]></system-out>
         <system-err><![CDATA[]]></system-err>
      </testcase>
      <testcase name="Test Cases/INVESTIGATION TEST CASES/TC_INV_005 Verify Schedule 10 Investigation Request Are Working Successfully Or No" classname="Test Cases/INVESTIGATION TEST CASES/TC_INV_005 Verify Schedule 10 Investigation Request Are Working Successfully Or No" status="PASSED">
         <system-out><![CDATA[2018-06-09 21:10:11 - [TEST_CASE][PASSED] - Test Cases/INVESTIGATION TEST CASES/TC_INV_005 Verify Schedule 10 Investigation Request Are Working Successfully Or No: Test Cases/INVESTIGATION TEST CASES/TC_INV_005 Verify Schedule 10 Investigation Request Are Working Successfully Or No

2018-06-09 21:10:11 - [TEST_STEP][PASSED] - openBrowser: Browser is opened with url: ''

2018-06-09 21:10:13 - [MESSAGE][PASSED] - Browser is opened with url: ''

2018-06-09 21:10:13 - [TEST_STEP][PASSED] - navigateToUrl: Navigate to 'http://192.168.137.1/multihospital_new/' successfully

2018-06-09 21:10:15 - [MESSAGE][PASSED] - Navigate to 'http://192.168.137.1/multihospital_new/' successfully

2018-06-09 21:10:15 - [TEST_STEP][PASSED] - Statement - out.println(" Verify Schedule 10 Investigation Request Are Working Successfully Or Not"): null

2018-06-09 21:10:15 - [TEST_STEP][PASSED] - maximizeWindow: Current window maximized

2018-06-09 21:10:16 - [MESSAGE][PASSED] - Current window maximized

2018-06-09 21:10:16 - [TEST_STEP][PASSED] - click: Object: 'Object Repository/lab/Page_KDMC/a_Investigation' is clicked on

2018-06-09 21:10:17 - [MESSAGE][PASSED] - Object: 'Object Repository/lab/Page_KDMC/a_Investigation' is clicked on

2018-06-09 21:10:17 - [TEST_STEP][PASSED] - setText: Text 'manoj' is set on object 'Object Repository/lab/Page_Investigation login/input_txtusername'

2018-06-09 21:10:17 - [MESSAGE][PASSED] - Text 'manoj' is set on object 'Object Repository/lab/Page_Investigation login/input_txtusername'

2018-06-09 21:10:17 - [TEST_STEP][PASSED] - setText: Text '123' is set on object 'Object Repository/lab/Page_Investigation login/input_txtpassword'

2018-06-09 21:10:17 - [MESSAGE][PASSED] - Text '123' is set on object 'Object Repository/lab/Page_Investigation login/input_txtpassword'

2018-06-09 21:10:17 - [TEST_STEP][PASSED] - delay: Delayed 3 second(s)

2018-06-09 21:10:20 - [MESSAGE][PASSED] - Delayed 3 second(s)

2018-06-09 21:10:20 - [TEST_STEP][PASSED] - click: Object: 'Object Repository/lab/Page_Investigation login/button_Sign in' is clicked on

2018-06-09 21:10:21 - [MESSAGE][PASSED] - Object: 'Object Repository/lab/Page_Investigation login/button_Sign in' is clicked on

2018-06-09 21:10:21 - [TEST_STEP][PASSED] - click: Object: 'Object Repository/lab/Page_KDMC/a_Store Request' is clicked on

2018-06-09 21:10:22 - [MESSAGE][PASSED] - Object: 'Object Repository/lab/Page_KDMC/a_Store Request' is clicked on

2018-06-09 21:10:22 - [TEST_STEP][PASSED] - delay: Delayed 2 second(s)

2018-06-09 21:10:24 - [MESSAGE][PASSED] - Delayed 2 second(s)

2018-06-09 21:10:24 - [TEST_STEP][PASSED] - click: Object: 'Object Repository/lab/Page_KDMC/a_Medicine Request' is clicked on

2018-06-09 21:10:25 - [MESSAGE][PASSED] - Object: 'Object Repository/lab/Page_KDMC/a_Medicine Request' is clicked on

2018-06-09 21:10:25 - [TEST_STEP][PASSED] - selectOptionByIndex: All options with index in [5] are selected on object 'Object Repository/lab/Page_KDMC/select_--Select--Schedule 4X-r'

2018-06-09 21:10:25 - [MESSAGE][PASSED] - All options with index in [5] are selected on object 'Object Repository/lab/Page_KDMC/select_--Select--Schedule 4X-r'

2018-06-09 21:10:25 - [TEST_STEP][PASSED] - Statement - medicineslength = com.kms.katalon.core.webui.keyword.WebUiBuiltInKeywords.getNumberOfTotalOption(com.kms.katalon.core.testobject.ObjectRepository.findTestObject(lab/Page_KDMC/select_--Select--Automatic x-r)): 19 options of object 'Object Repository/lab/Page_KDMC/select_--Select--Automatic x-r' counted

2018-06-09 21:10:25 - [MESSAGE][PASSED] - 19 options of object 'Object Repository/lab/Page_KDMC/select_--Select--Automatic x-r' counted

2018-06-09 21:10:25 - [TEST_STEP][PASSED] - Statement - For ([e = 1, e < medicineslength, (e++)]): Object: 'Object Repository/lab/Page_KDMC/button_Add' is clicked on

2018-06-09 21:10:25 - [TEST_STEP][PASSED] - selectOptionByIndex: All options with index in [5] are selected on object 'Object Repository/lab/Page_KDMC/select_--Select--Schedule 4X-r'

2018-06-09 21:10:26 - [MESSAGE][PASSED] - All options with index in [5] are selected on object 'Object Repository/lab/Page_KDMC/select_--Select--Schedule 4X-r'

2018-06-09 21:10:26 - [TEST_STEP][PASSED] - selectOptionByIndex: All options with index in [1] are selected on object 'Object Repository/lab/Page_KDMC/select_--Select--Automatic x-r'

2018-06-09 21:10:26 - [MESSAGE][PASSED] - All options with index in [1] are selected on object 'Object Repository/lab/Page_KDMC/select_--Select--Automatic x-r'

2018-06-09 21:10:26 - [TEST_STEP][PASSED] - setText: Text '10' is set on object 'Object Repository/lab/Page_KDMC/input_txttreat'

2018-06-09 21:10:26 - [MESSAGE][PASSED] - Text '10' is set on object 'Object Repository/lab/Page_KDMC/input_txttreat'

2018-06-09 21:10:26 - [TEST_STEP][PASSED] - click: Object: 'Object Repository/lab/Page_KDMC/button_Add' is clicked on

2018-06-09 21:10:26 - [MESSAGE][PASSED] - Object: 'Object Repository/lab/Page_KDMC/button_Add' is clicked on

2018-06-09 21:10:26 - [TEST_STEP][PASSED] - selectOptionByIndex: All options with index in [5] are selected on object 'Object Repository/lab/Page_KDMC/select_--Select--Schedule 4X-r'

2018-06-09 21:10:26 - [MESSAGE][PASSED] - All options with index in [5] are selected on object 'Object Repository/lab/Page_KDMC/select_--Select--Schedule 4X-r'

2018-06-09 21:10:26 - [TEST_STEP][PASSED] - selectOptionByIndex: All options with index in [2] are selected on object 'Object Repository/lab/Page_KDMC/select_--Select--Automatic x-r'

2018-06-09 21:10:26 - [MESSAGE][PASSED] - All options with index in [2] are selected on object 'Object Repository/lab/Page_KDMC/select_--Select--Automatic x-r'

2018-06-09 21:10:26 - [TEST_STEP][PASSED] - setText: Text '10' is set on object 'Object Repository/lab/Page_KDMC/input_txttreat'

2018-06-09 21:10:26 - [MESSAGE][PASSED] - Text '10' is set on object 'Object Repository/lab/Page_KDMC/input_txttreat'

2018-06-09 21:10:26 - [TEST_STEP][PASSED] - click: Object: 'Object Repository/lab/Page_KDMC/button_Add' is clicked on

2018-06-09 21:10:26 - [MESSAGE][PASSED] - Object: 'Object Repository/lab/Page_KDMC/button_Add' is clicked on

2018-06-09 21:10:26 - [TEST_STEP][PASSED] - selectOptionByIndex: All options with index in [5] are selected on object 'Object Repository/lab/Page_KDMC/select_--Select--Schedule 4X-r'

2018-06-09 21:10:27 - [MESSAGE][PASSED] - All options with index in [5] are selected on object 'Object Repository/lab/Page_KDMC/select_--Select--Schedule 4X-r'

2018-06-09 21:10:27 - [TEST_STEP][PASSED] - selectOptionByIndex: All options with index in [3] are selected on object 'Object Repository/lab/Page_KDMC/select_--Select--Automatic x-r'

2018-06-09 21:10:27 - [MESSAGE][PASSED] - All options with index in [3] are selected on object 'Object Repository/lab/Page_KDMC/select_--Select--Automatic x-r'

2018-06-09 21:10:27 - [TEST_STEP][PASSED] - setText: Text '10' is set on object 'Object Repository/lab/Page_KDMC/input_txttreat'

2018-06-09 21:10:27 - [MESSAGE][PASSED] - Text '10' is set on object 'Object Repository/lab/Page_KDMC/input_txttreat'

2018-06-09 21:10:27 - [TEST_STEP][PASSED] - click: Object: 'Object Repository/lab/Page_KDMC/button_Add' is clicked on

2018-06-09 21:10:27 - [MESSAGE][PASSED] - Object: 'Object Repository/lab/Page_KDMC/button_Add' is clicked on

2018-06-09 21:10:27 - [TEST_STEP][PASSED] - selectOptionByIndex: All options with index in [5] are selected on object 'Object Repository/lab/Page_KDMC/select_--Select--Schedule 4X-r'

2018-06-09 21:10:27 - [MESSAGE][PASSED] - All options with index in [5] are selected on object 'Object Repository/lab/Page_KDMC/select_--Select--Schedule 4X-r'

2018-06-09 21:10:27 - [TEST_STEP][PASSED] - selectOptionByIndex: All options with index in [4] are selected on object 'Object Repository/lab/Page_KDMC/select_--Select--Automatic x-r'

2018-06-09 21:10:27 - [MESSAGE][PASSED] - All options with index in [4] are selected on object 'Object Repository/lab/Page_KDMC/select_--Select--Automatic x-r'

2018-06-09 21:10:27 - [TEST_STEP][PASSED] - setText: Text '10' is set on object 'Object Repository/lab/Page_KDMC/input_txttreat'

2018-06-09 21:10:27 - [MESSAGE][PASSED] - Text '10' is set on object 'Object Repository/lab/Page_KDMC/input_txttreat'

2018-06-09 21:10:27 - [TEST_STEP][PASSED] - click: Object: 'Object Repository/lab/Page_KDMC/button_Add' is clicked on

2018-06-09 21:10:27 - [MESSAGE][PASSED] - Object: 'Object Repository/lab/Page_KDMC/button_Add' is clicked on

2018-06-09 21:10:27 - [TEST_STEP][PASSED] - selectOptionByIndex: All options with index in [5] are selected on object 'Object Repository/lab/Page_KDMC/select_--Select--Schedule 4X-r'

2018-06-09 21:10:27 - [MESSAGE][PASSED] - All options with index in [5] are selected on object 'Object Repository/lab/Page_KDMC/select_--Select--Schedule 4X-r'

2018-06-09 21:10:27 - [TEST_STEP][PASSED] - selectOptionByIndex: All options with index in [5] are selected on object 'Object Repository/lab/Page_KDMC/select_--Select--Automatic x-r'

2018-06-09 21:10:28 - [MESSAGE][PASSED] - All options with index in [5] are selected on object 'Object Repository/lab/Page_KDMC/select_--Select--Automatic x-r'

2018-06-09 21:10:28 - [TEST_STEP][PASSED] - setText: Text '10' is set on object 'Object Repository/lab/Page_KDMC/input_txttreat'

2018-06-09 21:10:28 - [MESSAGE][PASSED] - Text '10' is set on object 'Object Repository/lab/Page_KDMC/input_txttreat'

2018-06-09 21:10:28 - [TEST_STEP][PASSED] - click: Object: 'Object Repository/lab/Page_KDMC/button_Add' is clicked on

2018-06-09 21:10:28 - [MESSAGE][PASSED] - Object: 'Object Repository/lab/Page_KDMC/button_Add' is clicked on

2018-06-09 21:10:28 - [TEST_STEP][PASSED] - selectOptionByIndex: All options with index in [5] are selected on object 'Object Repository/lab/Page_KDMC/select_--Select--Schedule 4X-r'

2018-06-09 21:10:28 - [MESSAGE][PASSED] - All options with index in [5] are selected on object 'Object Repository/lab/Page_KDMC/select_--Select--Schedule 4X-r'

2018-06-09 21:10:28 - [TEST_STEP][PASSED] - selectOptionByIndex: All options with index in [6] are selected on object 'Object Repository/lab/Page_KDMC/select_--Select--Automatic x-r'

2018-06-09 21:10:28 - [MESSAGE][PASSED] - All options with index in [6] are selected on object 'Object Repository/lab/Page_KDMC/select_--Select--Automatic x-r'

2018-06-09 21:10:28 - [TEST_STEP][PASSED] - setText: Text '10' is set on object 'Object Repository/lab/Page_KDMC/input_txttreat'

2018-06-09 21:10:28 - [MESSAGE][PASSED] - Text '10' is set on object 'Object Repository/lab/Page_KDMC/input_txttreat'

2018-06-09 21:10:28 - [TEST_STEP][PASSED] - click: Object: 'Object Repository/lab/Page_KDMC/button_Add' is clicked on

2018-06-09 21:10:28 - [MESSAGE][PASSED] - Object: 'Object Repository/lab/Page_KDMC/button_Add' is clicked on

2018-06-09 21:10:28 - [TEST_STEP][PASSED] - selectOptionByIndex: All options with index in [5] are selected on object 'Object Repository/lab/Page_KDMC/select_--Select--Schedule 4X-r'

2018-06-09 21:10:28 - [MESSAGE][PASSED] - All options with index in [5] are selected on object 'Object Repository/lab/Page_KDMC/select_--Select--Schedule 4X-r'

2018-06-09 21:10:28 - [TEST_STEP][PASSED] - selectOptionByIndex: All options with index in [7] are selected on object 'Object Repository/lab/Page_KDMC/select_--Select--Automatic x-r'

2018-06-09 21:10:29 - [MESSAGE][PASSED] - All options with index in [7] are selected on object 'Object Repository/lab/Page_KDMC/select_--Select--Automatic x-r'

2018-06-09 21:10:29 - [TEST_STEP][PASSED] - setText: Text '10' is set on object 'Object Repository/lab/Page_KDMC/input_txttreat'

2018-06-09 21:10:29 - [MESSAGE][PASSED] - Text '10' is set on object 'Object Repository/lab/Page_KDMC/input_txttreat'

2018-06-09 21:10:29 - [TEST_STEP][PASSED] - click: Object: 'Object Repository/lab/Page_KDMC/button_Add' is clicked on

2018-06-09 21:10:29 - [MESSAGE][PASSED] - Object: 'Object Repository/lab/Page_KDMC/button_Add' is clicked on

2018-06-09 21:10:29 - [TEST_STEP][PASSED] - selectOptionByIndex: All options with index in [5] are selected on object 'Object Repository/lab/Page_KDMC/select_--Select--Schedule 4X-r'

2018-06-09 21:10:29 - [MESSAGE][PASSED] - All options with index in [5] are selected on object 'Object Repository/lab/Page_KDMC/select_--Select--Schedule 4X-r'

2018-06-09 21:10:29 - [TEST_STEP][PASSED] - selectOptionByIndex: All options with index in [8] are selected on object 'Object Repository/lab/Page_KDMC/select_--Select--Automatic x-r'

2018-06-09 21:10:29 - [MESSAGE][PASSED] - All options with index in [8] are selected on object 'Object Repository/lab/Page_KDMC/select_--Select--Automatic x-r'

2018-06-09 21:10:29 - [TEST_STEP][PASSED] - setText: Text '10' is set on object 'Object Repository/lab/Page_KDMC/input_txttreat'

2018-06-09 21:10:29 - [MESSAGE][PASSED] - Text '10' is set on object 'Object Repository/lab/Page_KDMC/input_txttreat'

2018-06-09 21:10:29 - [TEST_STEP][PASSED] - click: Object: 'Object Repository/lab/Page_KDMC/button_Add' is clicked on

2018-06-09 21:10:29 - [MESSAGE][PASSED] - Object: 'Object Repository/lab/Page_KDMC/button_Add' is clicked on

2018-06-09 21:10:29 - [TEST_STEP][PASSED] - selectOptionByIndex: All options with index in [5] are selected on object 'Object Repository/lab/Page_KDMC/select_--Select--Schedule 4X-r'

2018-06-09 21:10:29 - [MESSAGE][PASSED] - All options with index in [5] are selected on object 'Object Repository/lab/Page_KDMC/select_--Select--Schedule 4X-r'

2018-06-09 21:10:29 - [TEST_STEP][PASSED] - selectOptionByIndex: All options with index in [9] are selected on object 'Object Repository/lab/Page_KDMC/select_--Select--Automatic x-r'

2018-06-09 21:10:30 - [MESSAGE][PASSED] - All options with index in [9] are selected on object 'Object Repository/lab/Page_KDMC/select_--Select--Automatic x-r'

2018-06-09 21:10:30 - [TEST_STEP][PASSED] - setText: Text '10' is set on object 'Object Repository/lab/Page_KDMC/input_txttreat'

2018-06-09 21:10:30 - [MESSAGE][PASSED] - Text '10' is set on object 'Object Repository/lab/Page_KDMC/input_txttreat'

2018-06-09 21:10:30 - [TEST_STEP][PASSED] - click: Object: 'Object Repository/lab/Page_KDMC/button_Add' is clicked on

2018-06-09 21:10:30 - [MESSAGE][PASSED] - Object: 'Object Repository/lab/Page_KDMC/button_Add' is clicked on

2018-06-09 21:10:30 - [TEST_STEP][PASSED] - selectOptionByIndex: All options with index in [5] are selected on object 'Object Repository/lab/Page_KDMC/select_--Select--Schedule 4X-r'

2018-06-09 21:10:30 - [MESSAGE][PASSED] - All options with index in [5] are selected on object 'Object Repository/lab/Page_KDMC/select_--Select--Schedule 4X-r'

2018-06-09 21:10:30 - [TEST_STEP][PASSED] - selectOptionByIndex: All options with index in [10] are selected on object 'Object Repository/lab/Page_KDMC/select_--Select--Automatic x-r'

2018-06-09 21:10:30 - [MESSAGE][PASSED] - All options with index in [10] are selected on object 'Object Repository/lab/Page_KDMC/select_--Select--Automatic x-r'

2018-06-09 21:10:30 - [TEST_STEP][PASSED] - setText: Text '10' is set on object 'Object Repository/lab/Page_KDMC/input_txttreat'

2018-06-09 21:10:30 - [MESSAGE][PASSED] - Text '10' is set on object 'Object Repository/lab/Page_KDMC/input_txttreat'

2018-06-09 21:10:30 - [TEST_STEP][PASSED] - click: Object: 'Object Repository/lab/Page_KDMC/button_Add' is clicked on

2018-06-09 21:10:30 - [MESSAGE][PASSED] - Object: 'Object Repository/lab/Page_KDMC/button_Add' is clicked on

2018-06-09 21:10:30 - [TEST_STEP][PASSED] - selectOptionByIndex: All options with index in [5] are selected on object 'Object Repository/lab/Page_KDMC/select_--Select--Schedule 4X-r'

2018-06-09 21:10:30 - [MESSAGE][PASSED] - All options with index in [5] are selected on object 'Object Repository/lab/Page_KDMC/select_--Select--Schedule 4X-r'

2018-06-09 21:10:30 - [TEST_STEP][PASSED] - selectOptionByIndex: All options with index in [11] are selected on object 'Object Repository/lab/Page_KDMC/select_--Select--Automatic x-r'

2018-06-09 21:10:31 - [MESSAGE][PASSED] - All options with index in [11] are selected on object 'Object Repository/lab/Page_KDMC/select_--Select--Automatic x-r'

2018-06-09 21:10:31 - [TEST_STEP][PASSED] - setText: Text '10' is set on object 'Object Repository/lab/Page_KDMC/input_txttreat'

2018-06-09 21:10:31 - [MESSAGE][PASSED] - Text '10' is set on object 'Object Repository/lab/Page_KDMC/input_txttreat'

2018-06-09 21:10:31 - [TEST_STEP][PASSED] - click: Object: 'Object Repository/lab/Page_KDMC/button_Add' is clicked on

2018-06-09 21:10:31 - [MESSAGE][PASSED] - Object: 'Object Repository/lab/Page_KDMC/button_Add' is clicked on

2018-06-09 21:10:31 - [TEST_STEP][PASSED] - selectOptionByIndex: All options with index in [5] are selected on object 'Object Repository/lab/Page_KDMC/select_--Select--Schedule 4X-r'

2018-06-09 21:10:31 - [MESSAGE][PASSED] - All options with index in [5] are selected on object 'Object Repository/lab/Page_KDMC/select_--Select--Schedule 4X-r'

2018-06-09 21:10:31 - [TEST_STEP][PASSED] - selectOptionByIndex: All options with index in [12] are selected on object 'Object Repository/lab/Page_KDMC/select_--Select--Automatic x-r'

2018-06-09 21:10:31 - [MESSAGE][PASSED] - All options with index in [12] are selected on object 'Object Repository/lab/Page_KDMC/select_--Select--Automatic x-r'

2018-06-09 21:10:31 - [TEST_STEP][PASSED] - setText: Text '10' is set on object 'Object Repository/lab/Page_KDMC/input_txttreat'

2018-06-09 21:10:31 - [MESSAGE][PASSED] - Text '10' is set on object 'Object Repository/lab/Page_KDMC/input_txttreat'

2018-06-09 21:10:31 - [TEST_STEP][PASSED] - click: Object: 'Object Repository/lab/Page_KDMC/button_Add' is clicked on

2018-06-09 21:10:32 - [MESSAGE][PASSED] - Object: 'Object Repository/lab/Page_KDMC/button_Add' is clicked on

2018-06-09 21:10:32 - [TEST_STEP][PASSED] - selectOptionByIndex: All options with index in [5] are selected on object 'Object Repository/lab/Page_KDMC/select_--Select--Schedule 4X-r'

2018-06-09 21:10:32 - [MESSAGE][PASSED] - All options with index in [5] are selected on object 'Object Repository/lab/Page_KDMC/select_--Select--Schedule 4X-r'

2018-06-09 21:10:32 - [TEST_STEP][PASSED] - selectOptionByIndex: All options with index in [13] are selected on object 'Object Repository/lab/Page_KDMC/select_--Select--Automatic x-r'

2018-06-09 21:10:32 - [MESSAGE][PASSED] - All options with index in [13] are selected on object 'Object Repository/lab/Page_KDMC/select_--Select--Automatic x-r'

2018-06-09 21:10:32 - [TEST_STEP][PASSED] - setText: Text '10' is set on object 'Object Repository/lab/Page_KDMC/input_txttreat'

2018-06-09 21:10:32 - [MESSAGE][PASSED] - Text '10' is set on object 'Object Repository/lab/Page_KDMC/input_txttreat'

2018-06-09 21:10:32 - [TEST_STEP][PASSED] - click: Object: 'Object Repository/lab/Page_KDMC/button_Add' is clicked on

2018-06-09 21:10:32 - [MESSAGE][PASSED] - Object: 'Object Repository/lab/Page_KDMC/button_Add' is clicked on

2018-06-09 21:10:32 - [TEST_STEP][PASSED] - selectOptionByIndex: All options with index in [5] are selected on object 'Object Repository/lab/Page_KDMC/select_--Select--Schedule 4X-r'

2018-06-09 21:10:32 - [MESSAGE][PASSED] - All options with index in [5] are selected on object 'Object Repository/lab/Page_KDMC/select_--Select--Schedule 4X-r'

2018-06-09 21:10:32 - [TEST_STEP][PASSED] - selectOptionByIndex: All options with index in [14] are selected on object 'Object Repository/lab/Page_KDMC/select_--Select--Automatic x-r'

2018-06-09 21:10:32 - [MESSAGE][PASSED] - All options with index in [14] are selected on object 'Object Repository/lab/Page_KDMC/select_--Select--Automatic x-r'

2018-06-09 21:10:32 - [TEST_STEP][PASSED] - setText: Text '10' is set on object 'Object Repository/lab/Page_KDMC/input_txttreat'

2018-06-09 21:10:33 - [MESSAGE][PASSED] - Text '10' is set on object 'Object Repository/lab/Page_KDMC/input_txttreat'

2018-06-09 21:10:33 - [TEST_STEP][PASSED] - click: Object: 'Object Repository/lab/Page_KDMC/button_Add' is clicked on

2018-06-09 21:10:33 - [MESSAGE][PASSED] - Object: 'Object Repository/lab/Page_KDMC/button_Add' is clicked on

2018-06-09 21:10:33 - [TEST_STEP][PASSED] - selectOptionByIndex: All options with index in [5] are selected on object 'Object Repository/lab/Page_KDMC/select_--Select--Schedule 4X-r'

2018-06-09 21:10:33 - [MESSAGE][PASSED] - All options with index in [5] are selected on object 'Object Repository/lab/Page_KDMC/select_--Select--Schedule 4X-r'

2018-06-09 21:10:33 - [TEST_STEP][PASSED] - selectOptionByIndex: All options with index in [15] are selected on object 'Object Repository/lab/Page_KDMC/select_--Select--Automatic x-r'

2018-06-09 21:10:33 - [MESSAGE][PASSED] - All options with index in [15] are selected on object 'Object Repository/lab/Page_KDMC/select_--Select--Automatic x-r'

2018-06-09 21:10:33 - [TEST_STEP][PASSED] - setText: Text '10' is set on object 'Object Repository/lab/Page_KDMC/input_txttreat'

2018-06-09 21:10:33 - [MESSAGE][PASSED] - Text '10' is set on object 'Object Repository/lab/Page_KDMC/input_txttreat'

2018-06-09 21:10:33 - [TEST_STEP][PASSED] - click: Object: 'Object Repository/lab/Page_KDMC/button_Add' is clicked on

2018-06-09 21:10:33 - [MESSAGE][PASSED] - Object: 'Object Repository/lab/Page_KDMC/button_Add' is clicked on

2018-06-09 21:10:33 - [TEST_STEP][PASSED] - selectOptionByIndex: All options with index in [5] are selected on object 'Object Repository/lab/Page_KDMC/select_--Select--Schedule 4X-r'

2018-06-09 21:10:33 - [MESSAGE][PASSED] - All options with index in [5] are selected on object 'Object Repository/lab/Page_KDMC/select_--Select--Schedule 4X-r'

2018-06-09 21:10:33 - [TEST_STEP][PASSED] - selectOptionByIndex: All options with index in [16] are selected on object 'Object Repository/lab/Page_KDMC/select_--Select--Automatic x-r'

2018-06-09 21:10:34 - [MESSAGE][PASSED] - All options with index in [16] are selected on object 'Object Repository/lab/Page_KDMC/select_--Select--Automatic x-r'

2018-06-09 21:10:34 - [TEST_STEP][PASSED] - setText: Text '10' is set on object 'Object Repository/lab/Page_KDMC/input_txttreat'

2018-06-09 21:10:34 - [MESSAGE][PASSED] - Text '10' is set on object 'Object Repository/lab/Page_KDMC/input_txttreat'

2018-06-09 21:10:34 - [TEST_STEP][PASSED] - click: Object: 'Object Repository/lab/Page_KDMC/button_Add' is clicked on

2018-06-09 21:10:34 - [MESSAGE][PASSED] - Object: 'Object Repository/lab/Page_KDMC/button_Add' is clicked on

2018-06-09 21:10:34 - [TEST_STEP][PASSED] - selectOptionByIndex: All options with index in [5] are selected on object 'Object Repository/lab/Page_KDMC/select_--Select--Schedule 4X-r'

2018-06-09 21:10:34 - [MESSAGE][PASSED] - All options with index in [5] are selected on object 'Object Repository/lab/Page_KDMC/select_--Select--Schedule 4X-r'

2018-06-09 21:10:34 - [TEST_STEP][PASSED] - selectOptionByIndex: All options with index in [17] are selected on object 'Object Repository/lab/Page_KDMC/select_--Select--Automatic x-r'

2018-06-09 21:10:34 - [MESSAGE][PASSED] - All options with index in [17] are selected on object 'Object Repository/lab/Page_KDMC/select_--Select--Automatic x-r'

2018-06-09 21:10:34 - [TEST_STEP][PASSED] - setText: Text '10' is set on object 'Object Repository/lab/Page_KDMC/input_txttreat'

2018-06-09 21:10:34 - [MESSAGE][PASSED] - Text '10' is set on object 'Object Repository/lab/Page_KDMC/input_txttreat'

2018-06-09 21:10:34 - [TEST_STEP][PASSED] - click: Object: 'Object Repository/lab/Page_KDMC/button_Add' is clicked on

2018-06-09 21:10:34 - [MESSAGE][PASSED] - Object: 'Object Repository/lab/Page_KDMC/button_Add' is clicked on

2018-06-09 21:10:34 - [TEST_STEP][PASSED] - selectOptionByIndex: All options with index in [5] are selected on object 'Object Repository/lab/Page_KDMC/select_--Select--Schedule 4X-r'

2018-06-09 21:10:35 - [MESSAGE][PASSED] - All options with index in [5] are selected on object 'Object Repository/lab/Page_KDMC/select_--Select--Schedule 4X-r'

2018-06-09 21:10:35 - [TEST_STEP][PASSED] - selectOptionByIndex: All options with index in [18] are selected on object 'Object Repository/lab/Page_KDMC/select_--Select--Automatic x-r'

2018-06-09 21:10:35 - [MESSAGE][PASSED] - All options with index in [18] are selected on object 'Object Repository/lab/Page_KDMC/select_--Select--Automatic x-r'

2018-06-09 21:10:35 - [TEST_STEP][PASSED] - setText: Text '10' is set on object 'Object Repository/lab/Page_KDMC/input_txttreat'

2018-06-09 21:10:35 - [MESSAGE][PASSED] - Text '10' is set on object 'Object Repository/lab/Page_KDMC/input_txttreat'

2018-06-09 21:10:35 - [TEST_STEP][PASSED] - click: Object: 'Object Repository/lab/Page_KDMC/button_Add' is clicked on

2018-06-09 21:10:35 - [MESSAGE][PASSED] - Object: 'Object Repository/lab/Page_KDMC/button_Add' is clicked on

2018-06-09 21:10:35 - [TEST_STEP][PASSED] - Statement - RN1 = com.kms.katalon.core.webui.keyword.WebUiBuiltInKeywords.getAttribute(com.kms.katalon.core.testobject.ObjectRepository.findTestObject(lab/Page_KDMC/input_txtno), "value"): Attribute 'value' of object 'Object Repository/lab/Page_KDMC/input_txtno' is: 'LRNO/09062018/423'

2018-06-09 21:10:35 - [MESSAGE][PASSED] - Attribute 'value' of object 'Object Repository/lab/Page_KDMC/input_txtno' is: 'LRNO/09062018/423'

2018-06-09 21:10:35 - [TEST_STEP][PASSED] - Statement - out.println(RN1): null

2018-06-09 21:10:35 - [TEST_STEP][PASSED] - Statement - RID = RN1.split("/")[2]: null

2018-06-09 21:10:35 - [TEST_STEP][PASSED] - scrollToElement: Scroll to object 'Object Repository/lab/Page_KDMC/input_btnsave' successfully

2018-06-09 21:10:35 - [MESSAGE][PASSED] - Scroll to object 'Object Repository/lab/Page_KDMC/input_btnsave' successfully

2018-06-09 21:10:35 - [TEST_STEP][PASSED] - click: Object: 'Object Repository/lab/Page_KDMC/input_btnsave' is clicked on

2018-06-09 21:10:35 - [MESSAGE][PASSED] - Object: 'Object Repository/lab/Page_KDMC/input_btnsave' is clicked on

2018-06-09 21:10:35 - [TEST_STEP][PASSED] - delay: Delayed 3 second(s)

2018-06-09 21:10:38 - [MESSAGE][PASSED] - Delayed 3 second(s)

2018-06-09 21:10:38 - [TEST_STEP][PASSED] - click: Object: 'Object Repository/lab/Page_KDMC/button_OK' is clicked on

2018-06-09 21:10:39 - [MESSAGE][PASSED] - Object: 'Object Repository/lab/Page_KDMC/button_OK' is clicked on

2018-06-09 21:10:39 - [TEST_STEP][PASSED] - delay: Delayed 3 second(s)

2018-06-09 21:10:42 - [MESSAGE][PASSED] - Delayed 3 second(s)

2018-06-09 21:10:42 - [TEST_STEP][PASSED] - click: Object: 'Object Repository/lab/Page_KDMC/a_dropdown-toggle' is clicked on

2018-06-09 21:10:42 - [MESSAGE][PASSED] - Object: 'Object Repository/lab/Page_KDMC/a_dropdown-toggle' is clicked on

2018-06-09 21:10:42 - [TEST_STEP][PASSED] - click: Object: 'Object Repository/lab/Page_KDMC/a_Sign out' is clicked on

2018-06-09 21:10:42 - [MESSAGE][PASSED] - Object: 'Object Repository/lab/Page_KDMC/a_Sign out' is clicked on

2018-06-09 21:10:42 - [TEST_STEP][PASSED] - delay: Delayed 3 second(s)

2018-06-09 21:10:45 - [MESSAGE][PASSED] - Delayed 3 second(s)

2018-06-09 21:10:45 - [TEST_STEP][PASSED] - click: Object: 'Object Repository/lab/Page_KDMC/a_CMO' is clicked on

2018-06-09 21:10:46 - [MESSAGE][PASSED] - Object: 'Object Repository/lab/Page_KDMC/a_CMO' is clicked on

2018-06-09 21:10:46 - [TEST_STEP][PASSED] - setText: Text 'guru' is set on object 'Object Repository/lab/Page_CMO login/input_txtusername'

2018-06-09 21:10:46 - [MESSAGE][PASSED] - Text 'guru' is set on object 'Object Repository/lab/Page_CMO login/input_txtusername'

2018-06-09 21:10:46 - [TEST_STEP][PASSED] - setText: Text '123' is set on object 'Object Repository/lab/Page_CMO login/input_txtpassword'

2018-06-09 21:10:46 - [MESSAGE][PASSED] - Text '123' is set on object 'Object Repository/lab/Page_CMO login/input_txtpassword'

2018-06-09 21:10:46 - [TEST_STEP][PASSED] - delay: Delayed 3 second(s)

2018-06-09 21:10:49 - [MESSAGE][PASSED] - Delayed 3 second(s)

2018-06-09 21:10:49 - [TEST_STEP][PASSED] - click: Object: 'Object Repository/lab/Page_CMO login/button_Sign in' is clicked on

2018-06-09 21:10:50 - [MESSAGE][PASSED] - Object: 'Object Repository/lab/Page_CMO login/button_Sign in' is clicked on

2018-06-09 21:10:50 - [TEST_STEP][PASSED] - click: Object: 'Object Repository/lab/Page_KDMC - CMO/span_Department Wise Request' is clicked on

2018-06-09 21:10:52 - [MESSAGE][PASSED] - Object: 'Object Repository/lab/Page_KDMC - CMO/span_Department Wise Request' is clicked on

2018-06-09 21:10:52 - [TEST_STEP][PASSED] - selectOptionByIndex: All options with index in [4] are selected on object 'Object Repository/lab/Page_KDMC - CMO/select_--ALL--'

2018-06-09 21:10:52 - [MESSAGE][PASSED] - All options with index in [4] are selected on object 'Object Repository/lab/Page_KDMC - CMO/select_--ALL--'

2018-06-09 21:10:52 - [TEST_STEP][PASSED] - selectOptionByIndex: All options with index in [1] are selected on object 'Object Repository/lab/Page_KDMC - CMO/select_--ALL--                _1'

2018-06-09 21:10:53 - [MESSAGE][PASSED] - All options with index in [1] are selected on object 'Object Repository/lab/Page_KDMC - CMO/select_--ALL--                _1'

2018-06-09 21:10:53 - [TEST_STEP][PASSED] - click: Object: 'Object Repository/lab/Page_KDMC - CMO/input_btnsearch' is clicked on

2018-06-09 21:10:53 - [MESSAGE][PASSED] - Object: 'Object Repository/lab/Page_KDMC - CMO/input_btnsearch' is clicked on

2018-06-09 21:10:53 - [TEST_STEP][PASSED] - Statement - ID = com.kms.katalon.core.webui.keyword.WebUiBuiltInKeywords.modifyObjectProperty(com.kms.katalon.core.testobject.ObjectRepository.findTestObject(lab/Page_KDMC - CMO/input_1), "xpath", "equals", "//*[@id=" + RID + "]", true): Modify property of object successfully

2018-06-09 21:10:53 - [MESSAGE][PASSED] - Modify property of object successfully

2018-06-09 21:10:53 - [TEST_STEP][PASSED] - click: Object: 'Object Repository/lab/Page_KDMC - CMO/input_1' is clicked on

2018-06-09 21:10:53 - [MESSAGE][PASSED] - Object: 'Object Repository/lab/Page_KDMC - CMO/input_1' is clicked on

2018-06-09 21:10:53 - [TEST_STEP][PASSED] - delay: Delayed 2 second(s)

2018-06-09 21:10:55 - [MESSAGE][PASSED] - Delayed 2 second(s)

2018-06-09 21:10:55 - [TEST_STEP][PASSED] - selectOptionByIndex: All options with index in [1] are selected on object 'Object Repository/lab/Page_KDMC - CMO/select_--Select--'

2018-06-09 21:10:55 - [MESSAGE][PASSED] - All options with index in [1] are selected on object 'Object Repository/lab/Page_KDMC - CMO/select_--Select--'

2018-06-09 21:10:55 - [TEST_STEP][PASSED] - click: Object: 'Object Repository/lab/Page_KDMC - CMO/input_btnupdate' is clicked on

2018-06-09 21:10:56 - [MESSAGE][PASSED] - Object: 'Object Repository/lab/Page_KDMC - CMO/input_btnupdate' is clicked on

2018-06-09 21:10:56 - [TEST_STEP][PASSED] - delay: Delayed 2 second(s)

2018-06-09 21:10:58 - [MESSAGE][PASSED] - Delayed 2 second(s)

2018-06-09 21:10:58 - [TEST_STEP][PASSED] - click: Object: 'Object Repository/lab/Page_KDMC - CMO/button_OK' is clicked on

2018-06-09 21:10:58 - [MESSAGE][PASSED] - Object: 'Object Repository/lab/Page_KDMC - CMO/button_OK' is clicked on

2018-06-09 21:10:58 - [TEST_STEP][PASSED] - delay: Delayed 3 second(s)

2018-06-09 21:11:01 - [MESSAGE][PASSED] - Delayed 3 second(s)

2018-06-09 21:11:01 - [TEST_STEP][PASSED] - click: Object: 'Object Repository/lab/Page_KDMC - CMO/a_dropdown-toggle' is clicked on

2018-06-09 21:11:01 - [MESSAGE][PASSED] - Object: 'Object Repository/lab/Page_KDMC - CMO/a_dropdown-toggle' is clicked on

2018-06-09 21:11:01 - [TEST_STEP][PASSED] - click: Object: 'Object Repository/lab/Page_KDMC - CMO/a_Sign out' is clicked on

2018-06-09 21:11:02 - [MESSAGE][PASSED] - Object: 'Object Repository/lab/Page_KDMC - CMO/a_Sign out' is clicked on

2018-06-09 21:11:02 - [TEST_STEP][PASSED] - delay: Delayed 3 second(s)

2018-06-09 21:11:05 - [MESSAGE][PASSED] - Delayed 3 second(s)

2018-06-09 21:11:05 - [TEST_STEP][PASSED] - click: Object: 'Object Repository/lab/Page_KDMC/a_Divisional Store' is clicked on

2018-06-09 21:11:05 - [MESSAGE][PASSED] - Object: 'Object Repository/lab/Page_KDMC/a_Divisional Store' is clicked on

2018-06-09 21:11:05 - [TEST_STEP][PASSED] - setText: Text 'ragu' is set on object 'Object Repository/lab/Page_Divisonal Store Login/input_txtusername'

2018-06-09 21:11:06 - [MESSAGE][PASSED] - Text 'ragu' is set on object 'Object Repository/lab/Page_Divisonal Store Login/input_txtusername'

2018-06-09 21:11:06 - [TEST_STEP][PASSED] - setText: Text '123' is set on object 'Object Repository/lab/Page_Divisonal Store Login/input_txtpassword'

2018-06-09 21:11:06 - [MESSAGE][PASSED] - Text '123' is set on object 'Object Repository/lab/Page_Divisonal Store Login/input_txtpassword'

2018-06-09 21:11:06 - [TEST_STEP][PASSED] - delay: Delayed 3 second(s)

2018-06-09 21:11:09 - [MESSAGE][PASSED] - Delayed 3 second(s)

2018-06-09 21:11:09 - [TEST_STEP][PASSED] - click: Object: 'Object Repository/lab/Page_Divisonal Store Login/button_Sign in' is clicked on

2018-06-09 21:11:10 - [MESSAGE][PASSED] - Object: 'Object Repository/lab/Page_Divisonal Store Login/button_Sign in' is clicked on

2018-06-09 21:11:10 - [TEST_STEP][PASSED] - delay: Delayed 3 second(s)

2018-06-09 21:11:13 - [MESSAGE][PASSED] - Delayed 3 second(s)

2018-06-09 21:11:13 - [TEST_STEP][PASSED] - click: Object: 'Object Repository/lab/Page_Store/a_Lab Request' is clicked on

2018-06-09 21:11:14 - [MESSAGE][PASSED] - Object: 'Object Repository/lab/Page_Store/a_Lab Request' is clicked on

2018-06-09 21:11:14 - [TEST_STEP][PASSED] - click: Object: 'Object Repository/lab/Page_Store/a_Request Item Lab' is clicked on

2018-06-09 21:11:15 - [MESSAGE][PASSED] - Object: 'Object Repository/lab/Page_Store/a_Request Item Lab' is clicked on

2018-06-09 21:11:15 - [TEST_STEP][PASSED] - Statement - ChooseRequest = com.kms.katalon.core.webui.keyword.WebUiBuiltInKeywords.modifyObjectProperty(com.kms.katalon.core.testobject.ObjectRepository.findTestObject(lab/Page_Store/input_1), "xpath", "equals", "//*[@id=" + RID + "]", true): Modify property of object successfully

2018-06-09 21:11:15 - [MESSAGE][PASSED] - Modify property of object successfully

2018-06-09 21:11:15 - [TEST_STEP][PASSED] - click: Object: 'Object Repository/lab/Page_Store/input_1' is clicked on

2018-06-09 21:11:15 - [MESSAGE][PASSED] - Object: 'Object Repository/lab/Page_Store/input_1' is clicked on

2018-06-09 21:11:15 - [TEST_STEP][PASSED] - delay: Delayed 2 second(s)

2018-06-09 21:11:17 - [MESSAGE][PASSED] - Delayed 2 second(s)

2018-06-09 21:11:17 - [TEST_STEP][PASSED] - Statement - selectedoptions = com.kms.katalon.core.webui.keyword.WebUiBuiltInKeywords.getNumberOfTotalOption(com.kms.katalon.core.testobject.ObjectRepository.findTestObject(lab/Page_Store/select_--Select--E.C.G. Jelly)): 19 options of object 'Object Repository/lab/Page_Store/select_--Select--E.C.G. Jelly' counted

2018-06-09 21:11:17 - [MESSAGE][PASSED] - 19 options of object 'Object Repository/lab/Page_Store/select_--Select--E.C.G. Jelly' counted

2018-06-09 21:11:17 - [TEST_STEP][PASSED] - Statement - For ([a = 1, a <= selectedoptions - 1, (a++)]): null

2018-06-09 21:11:17 - [TEST_STEP][PASSED] - selectOptionByIndex: All options with index in [1] are selected on object 'Object Repository/lab/Page_Store/select_--Select--E.C.G. Jelly'

2018-06-09 21:11:18 - [MESSAGE][PASSED] - All options with index in [1] are selected on object 'Object Repository/lab/Page_Store/select_--Select--E.C.G. Jelly'

2018-06-09 21:11:18 - [TEST_STEP][PASSED] - delay: Delayed 2 second(s)

2018-06-09 21:11:20 - [MESSAGE][PASSED] - Delayed 2 second(s)

2018-06-09 21:11:20 - [TEST_STEP][PASSED] - Statement - RequestedQty = com.kms.katalon.core.webui.keyword.WebUiBuiltInKeywords.getAttribute(com.kms.katalon.core.testobject.ObjectRepository.findTestObject(lab/Page_Store/input_txttotal), "value"): Attribute 'value' of object 'Object Repository/lab/Page_Store/input_txttotal' is: '10'

2018-06-09 21:11:20 - [MESSAGE][PASSED] - Attribute 'value' of object 'Object Repository/lab/Page_Store/input_txttotal' is: '10'

2018-06-09 21:11:20 - [TEST_STEP][PASSED] - Statement - out.println("Requested QTY : " + RequestedQty): null

2018-06-09 21:11:20 - [TEST_STEP][PASSED] - Statement - BatchNumber = com.kms.katalon.core.webui.keyword.WebUiBuiltInKeywords.getNumberOfTotalOption(com.kms.katalon.core.testobject.ObjectRepository.findTestObject(lab/Page_Store/select_--Select--BA50)): 3 options of object 'Object Repository/lab/Page_Store/select_--Select--BA50' counted

2018-06-09 21:11:20 - [MESSAGE][PASSED] - 3 options of object 'Object Repository/lab/Page_Store/select_--Select--BA50' counted

2018-06-09 21:11:20 - [TEST_STEP][PASSED] - Statement - For ([g = 1, g <= BatchNumber - 1, (g++)]): null

2018-06-09 21:11:20 - [TEST_STEP][PASSED] - selectOptionByIndex: All options with index in [1] are selected on object 'Object Repository/lab/Page_Store/select_--Select--BA50'

2018-06-09 21:11:20 - [MESSAGE][PASSED] - All options with index in [1] are selected on object 'Object Repository/lab/Page_Store/select_--Select--BA50'

2018-06-09 21:11:20 - [TEST_STEP][PASSED] - delay: Delayed 2 second(s)

2018-06-09 21:11:22 - [MESSAGE][PASSED] - Delayed 2 second(s)

2018-06-09 21:11:22 - [TEST_STEP][PASSED] - Statement - Try: null

2018-06-09 21:11:22 - [TEST_STEP][PASSED] - Statement - StockQty = com.kms.katalon.core.webui.keyword.WebUiBuiltInKeywords.getAttribute(com.kms.katalon.core.testobject.ObjectRepository.findTestObject(lab/Page_Store/input_txtprice), "value"): Attribute 'value' of object 'Object Repository/lab/Page_Store/input_txtprice' is: '480'

2018-06-09 21:11:22 - [MESSAGE][PASSED] - Attribute 'value' of object 'Object Repository/lab/Page_Store/input_txtprice' is: '480'

2018-06-09 21:11:22 - [TEST_STEP][PASSED] - Statement - out.println("Stock QTY : " + StockQty): null

2018-06-09 21:11:22 - [TEST_STEP][PASSED] - delay: Delayed 1 second(s)

2018-06-09 21:11:23 - [MESSAGE][PASSED] - Delayed 1 second(s)

2018-06-09 21:11:23 - [TEST_STEP][PASSED] - Statement - If (java.lang.Integer.valueOf(StockQty) >= java.lang.Integer.valueOf(RequestedQty)): null

2018-06-09 21:11:23 - [TEST_STEP][PASSED] - setText: Text '10' is set on object 'Object Repository/lab/Page_Store/input_txtqty'

2018-06-09 21:11:23 - [MESSAGE][PASSED] - Text '10' is set on object 'Object Repository/lab/Page_Store/input_txtqty'

2018-06-09 21:11:23 - [TEST_STEP][PASSED] - click: Object: 'Object Repository/lab/Page_Store/button_Add' is clicked on

2018-06-09 21:11:23 - [MESSAGE][PASSED] - Object: 'Object Repository/lab/Page_Store/button_Add' is clicked on

2018-06-09 21:11:23 - [TEST_STEP][PASSED] - Statement - Break: null

2018-06-09 21:11:23 - [TEST_STEP][PASSED] - selectOptionByIndex: All options with index in [2] are selected on object 'Object Repository/lab/Page_Store/select_--Select--E.C.G. Jelly'

2018-06-09 21:11:23 - [MESSAGE][PASSED] - All options with index in [2] are selected on object 'Object Repository/lab/Page_Store/select_--Select--E.C.G. Jelly'

2018-06-09 21:11:23 - [TEST_STEP][PASSED] - delay: Delayed 2 second(s)

2018-06-09 21:11:25 - [MESSAGE][PASSED] - Delayed 2 second(s)

2018-06-09 21:11:25 - [TEST_STEP][PASSED] - Statement - RequestedQty = com.kms.katalon.core.webui.keyword.WebUiBuiltInKeywords.getAttribute(com.kms.katalon.core.testobject.ObjectRepository.findTestObject(lab/Page_Store/input_txttotal), "value"): Attribute 'value' of object 'Object Repository/lab/Page_Store/input_txttotal' is: '10'

2018-06-09 21:11:25 - [MESSAGE][PASSED] - Attribute 'value' of object 'Object Repository/lab/Page_Store/input_txttotal' is: '10'

2018-06-09 21:11:25 - [TEST_STEP][PASSED] - Statement - out.println("Requested QTY : " + RequestedQty): null

2018-06-09 21:11:25 - [TEST_STEP][PASSED] - Statement - BatchNumber = com.kms.katalon.core.webui.keyword.WebUiBuiltInKeywords.getNumberOfTotalOption(com.kms.katalon.core.testobject.ObjectRepository.findTestObject(lab/Page_Store/select_--Select--BA50)): 4 options of object 'Object Repository/lab/Page_Store/select_--Select--BA50' counted

2018-06-09 21:11:25 - [MESSAGE][PASSED] - 4 options of object 'Object Repository/lab/Page_Store/select_--Select--BA50' counted

2018-06-09 21:11:25 - [TEST_STEP][PASSED] - Statement - For ([g = 1, g <= BatchNumber - 1, (g++)]): null

2018-06-09 21:11:25 - [TEST_STEP][PASSED] - selectOptionByIndex: All options with index in [1] are selected on object 'Object Repository/lab/Page_Store/select_--Select--BA50'

2018-06-09 21:11:25 - [MESSAGE][PASSED] - All options with index in [1] are selected on object 'Object Repository/lab/Page_Store/select_--Select--BA50'

2018-06-09 21:11:25 - [TEST_STEP][PASSED] - delay: Delayed 2 second(s)

2018-06-09 21:11:27 - [MESSAGE][PASSED] - Delayed 2 second(s)

2018-06-09 21:11:27 - [TEST_STEP][PASSED] - Statement - Try: null

2018-06-09 21:11:27 - [TEST_STEP][PASSED] - Statement - StockQty = com.kms.katalon.core.webui.keyword.WebUiBuiltInKeywords.getAttribute(com.kms.katalon.core.testobject.ObjectRepository.findTestObject(lab/Page_Store/input_txtprice), "value"): Attribute 'value' of object 'Object Repository/lab/Page_Store/input_txtprice' is: '380'

2018-06-09 21:11:27 - [MESSAGE][PASSED] - Attribute 'value' of object 'Object Repository/lab/Page_Store/input_txtprice' is: '380'

2018-06-09 21:11:27 - [TEST_STEP][PASSED] - Statement - out.println("Stock QTY : " + StockQty): null

2018-06-09 21:11:27 - [TEST_STEP][PASSED] - delay: Delayed 1 second(s)

2018-06-09 21:11:28 - [MESSAGE][PASSED] - Delayed 1 second(s)

2018-06-09 21:11:28 - [TEST_STEP][PASSED] - Statement - If (java.lang.Integer.valueOf(StockQty) >= java.lang.Integer.valueOf(RequestedQty)): null

2018-06-09 21:11:28 - [TEST_STEP][PASSED] - setText: Text '10' is set on object 'Object Repository/lab/Page_Store/input_txtqty'

2018-06-09 21:11:29 - [MESSAGE][PASSED] - Text '10' is set on object 'Object Repository/lab/Page_Store/input_txtqty'

2018-06-09 21:11:29 - [TEST_STEP][PASSED] - click: Object: 'Object Repository/lab/Page_Store/button_Add' is clicked on

2018-06-09 21:11:29 - [MESSAGE][PASSED] - Object: 'Object Repository/lab/Page_Store/button_Add' is clicked on

2018-06-09 21:11:29 - [TEST_STEP][PASSED] - Statement - Break: null

2018-06-09 21:11:29 - [TEST_STEP][PASSED] - selectOptionByIndex: All options with index in [3] are selected on object 'Object Repository/lab/Page_Store/select_--Select--E.C.G. Jelly'

2018-06-09 21:11:29 - [MESSAGE][PASSED] - All options with index in [3] are selected on object 'Object Repository/lab/Page_Store/select_--Select--E.C.G. Jelly'

2018-06-09 21:11:29 - [TEST_STEP][PASSED] - delay: Delayed 2 second(s)

2018-06-09 21:11:31 - [MESSAGE][PASSED] - Delayed 2 second(s)

2018-06-09 21:11:31 - [TEST_STEP][PASSED] - Statement - RequestedQty = com.kms.katalon.core.webui.keyword.WebUiBuiltInKeywords.getAttribute(com.kms.katalon.core.testobject.ObjectRepository.findTestObject(lab/Page_Store/input_txttotal), "value"): Attribute 'value' of object 'Object Repository/lab/Page_Store/input_txttotal' is: '10'

2018-06-09 21:11:31 - [MESSAGE][PASSED] - Attribute 'value' of object 'Object Repository/lab/Page_Store/input_txttotal' is: '10'

2018-06-09 21:11:31 - [TEST_STEP][PASSED] - Statement - out.println("Requested QTY : " + RequestedQty): null

2018-06-09 21:11:31 - [TEST_STEP][PASSED] - Statement - BatchNumber = com.kms.katalon.core.webui.keyword.WebUiBuiltInKeywords.getNumberOfTotalOption(com.kms.katalon.core.testobject.ObjectRepository.findTestObject(lab/Page_Store/select_--Select--BA50)): 5 options of object 'Object Repository/lab/Page_Store/select_--Select--BA50' counted

2018-06-09 21:11:31 - [MESSAGE][PASSED] - 5 options of object 'Object Repository/lab/Page_Store/select_--Select--BA50' counted

2018-06-09 21:11:31 - [TEST_STEP][PASSED] - Statement - For ([g = 1, g <= BatchNumber - 1, (g++)]): null

2018-06-09 21:11:31 - [TEST_STEP][PASSED] - selectOptionByIndex: All options with index in [1] are selected on object 'Object Repository/lab/Page_Store/select_--Select--BA50'

2018-06-09 21:11:31 - [MESSAGE][PASSED] - All options with index in [1] are selected on object 'Object Repository/lab/Page_Store/select_--Select--BA50'

2018-06-09 21:11:31 - [TEST_STEP][PASSED] - delay: Delayed 2 second(s)

2018-06-09 21:11:33 - [MESSAGE][PASSED] - Delayed 2 second(s)

2018-06-09 21:11:33 - [TEST_STEP][PASSED] - Statement - Try: null

2018-06-09 21:11:33 - [TEST_STEP][PASSED] - Statement - StockQty = com.kms.katalon.core.webui.keyword.WebUiBuiltInKeywords.getAttribute(com.kms.katalon.core.testobject.ObjectRepository.findTestObject(lab/Page_Store/input_txtprice), "value"): Attribute 'value' of object 'Object Repository/lab/Page_Store/input_txtprice' is: '290'

2018-06-09 21:11:33 - [MESSAGE][PASSED] - Attribute 'value' of object 'Object Repository/lab/Page_Store/input_txtprice' is: '290'

2018-06-09 21:11:33 - [TEST_STEP][PASSED] - Statement - out.println("Stock QTY : " + StockQty): null

2018-06-09 21:11:33 - [TEST_STEP][PASSED] - delay: Delayed 1 second(s)

2018-06-09 21:11:34 - [MESSAGE][PASSED] - Delayed 1 second(s)

2018-06-09 21:11:34 - [TEST_STEP][PASSED] - Statement - If (java.lang.Integer.valueOf(StockQty) >= java.lang.Integer.valueOf(RequestedQty)): null

2018-06-09 21:11:34 - [TEST_STEP][PASSED] - setText: Text '10' is set on object 'Object Repository/lab/Page_Store/input_txtqty'

2018-06-09 21:11:34 - [MESSAGE][PASSED] - Text '10' is set on object 'Object Repository/lab/Page_Store/input_txtqty'

2018-06-09 21:11:34 - [TEST_STEP][PASSED] - click: Object: 'Object Repository/lab/Page_Store/button_Add' is clicked on

2018-06-09 21:11:34 - [MESSAGE][PASSED] - Object: 'Object Repository/lab/Page_Store/button_Add' is clicked on

2018-06-09 21:11:34 - [TEST_STEP][PASSED] - Statement - Break: null

2018-06-09 21:11:34 - [TEST_STEP][PASSED] - selectOptionByIndex: All options with index in [4] are selected on object 'Object Repository/lab/Page_Store/select_--Select--E.C.G. Jelly'

2018-06-09 21:11:34 - [MESSAGE][PASSED] - All options with index in [4] are selected on object 'Object Repository/lab/Page_Store/select_--Select--E.C.G. Jelly'

2018-06-09 21:11:34 - [TEST_STEP][PASSED] - delay: Delayed 2 second(s)

2018-06-09 21:11:36 - [MESSAGE][PASSED] - Delayed 2 second(s)

2018-06-09 21:11:36 - [TEST_STEP][PASSED] - Statement - RequestedQty = com.kms.katalon.core.webui.keyword.WebUiBuiltInKeywords.getAttribute(com.kms.katalon.core.testobject.ObjectRepository.findTestObject(lab/Page_Store/input_txttotal), "value"): Attribute 'value' of object 'Object Repository/lab/Page_Store/input_txttotal' is: '10'

2018-06-09 21:11:36 - [MESSAGE][PASSED] - Attribute 'value' of object 'Object Repository/lab/Page_Store/input_txttotal' is: '10'

2018-06-09 21:11:36 - [TEST_STEP][PASSED] - Statement - out.println("Requested QTY : " + RequestedQty): null

2018-06-09 21:11:36 - [TEST_STEP][PASSED] - Statement - BatchNumber = com.kms.katalon.core.webui.keyword.WebUiBuiltInKeywords.getNumberOfTotalOption(com.kms.katalon.core.testobject.ObjectRepository.findTestObject(lab/Page_Store/select_--Select--BA50)): 3 options of object 'Object Repository/lab/Page_Store/select_--Select--BA50' counted

2018-06-09 21:11:36 - [MESSAGE][PASSED] - 3 options of object 'Object Repository/lab/Page_Store/select_--Select--BA50' counted

2018-06-09 21:11:36 - [TEST_STEP][PASSED] - Statement - For ([g = 1, g <= BatchNumber - 1, (g++)]): null

2018-06-09 21:11:36 - [TEST_STEP][PASSED] - selectOptionByIndex: All options with index in [1] are selected on object 'Object Repository/lab/Page_Store/select_--Select--BA50'

2018-06-09 21:11:37 - [MESSAGE][PASSED] - All options with index in [1] are selected on object 'Object Repository/lab/Page_Store/select_--Select--BA50'

2018-06-09 21:11:37 - [TEST_STEP][PASSED] - delay: Delayed 2 second(s)

2018-06-09 21:11:39 - [MESSAGE][PASSED] - Delayed 2 second(s)

2018-06-09 21:11:39 - [TEST_STEP][PASSED] - Statement - Try: null

2018-06-09 21:11:39 - [TEST_STEP][PASSED] - Statement - StockQty = com.kms.katalon.core.webui.keyword.WebUiBuiltInKeywords.getAttribute(com.kms.katalon.core.testobject.ObjectRepository.findTestObject(lab/Page_Store/input_txtprice), "value"): Attribute 'value' of object 'Object Repository/lab/Page_Store/input_txtprice' is: '480'

2018-06-09 21:11:39 - [MESSAGE][PASSED] - Attribute 'value' of object 'Object Repository/lab/Page_Store/input_txtprice' is: '480'

2018-06-09 21:11:39 - [TEST_STEP][PASSED] - Statement - out.println("Stock QTY : " + StockQty): null

2018-06-09 21:11:39 - [TEST_STEP][PASSED] - delay: Delayed 1 second(s)

2018-06-09 21:11:40 - [MESSAGE][PASSED] - Delayed 1 second(s)

2018-06-09 21:11:40 - [TEST_STEP][PASSED] - Statement - If (java.lang.Integer.valueOf(StockQty) >= java.lang.Integer.valueOf(RequestedQty)): null

2018-06-09 21:11:40 - [TEST_STEP][PASSED] - setText: Text '10' is set on object 'Object Repository/lab/Page_Store/input_txtqty'

2018-06-09 21:11:40 - [MESSAGE][PASSED] - Text '10' is set on object 'Object Repository/lab/Page_Store/input_txtqty'

2018-06-09 21:11:40 - [TEST_STEP][PASSED] - click: Object: 'Object Repository/lab/Page_Store/button_Add' is clicked on

2018-06-09 21:11:40 - [MESSAGE][PASSED] - Object: 'Object Repository/lab/Page_Store/button_Add' is clicked on

2018-06-09 21:11:40 - [TEST_STEP][PASSED] - Statement - Break: null

2018-06-09 21:11:40 - [TEST_STEP][PASSED] - selectOptionByIndex: All options with index in [5] are selected on object 'Object Repository/lab/Page_Store/select_--Select--E.C.G. Jelly'

2018-06-09 21:11:40 - [MESSAGE][PASSED] - All options with index in [5] are selected on object 'Object Repository/lab/Page_Store/select_--Select--E.C.G. Jelly'

2018-06-09 21:11:40 - [TEST_STEP][PASSED] - delay: Delayed 2 second(s)

2018-06-09 21:11:42 - [MESSAGE][PASSED] - Delayed 2 second(s)

2018-06-09 21:11:42 - [TEST_STEP][PASSED] - Statement - RequestedQty = com.kms.katalon.core.webui.keyword.WebUiBuiltInKeywords.getAttribute(com.kms.katalon.core.testobject.ObjectRepository.findTestObject(lab/Page_Store/input_txttotal), "value"): Attribute 'value' of object 'Object Repository/lab/Page_Store/input_txttotal' is: '10'

2018-06-09 21:11:42 - [MESSAGE][PASSED] - Attribute 'value' of object 'Object Repository/lab/Page_Store/input_txttotal' is: '10'

2018-06-09 21:11:42 - [TEST_STEP][PASSED] - Statement - out.println("Requested QTY : " + RequestedQty): null

2018-06-09 21:11:42 - [TEST_STEP][PASSED] - Statement - BatchNumber = com.kms.katalon.core.webui.keyword.WebUiBuiltInKeywords.getNumberOfTotalOption(com.kms.katalon.core.testobject.ObjectRepository.findTestObject(lab/Page_Store/select_--Select--BA50)): 4 options of object 'Object Repository/lab/Page_Store/select_--Select--BA50' counted

2018-06-09 21:11:42 - [MESSAGE][PASSED] - 4 options of object 'Object Repository/lab/Page_Store/select_--Select--BA50' counted

2018-06-09 21:11:42 - [TEST_STEP][PASSED] - Statement - For ([g = 1, g <= BatchNumber - 1, (g++)]): null

2018-06-09 21:11:42 - [TEST_STEP][PASSED] - selectOptionByIndex: All options with index in [1] are selected on object 'Object Repository/lab/Page_Store/select_--Select--BA50'

2018-06-09 21:11:42 - [MESSAGE][PASSED] - All options with index in [1] are selected on object 'Object Repository/lab/Page_Store/select_--Select--BA50'

2018-06-09 21:11:42 - [TEST_STEP][PASSED] - delay: Delayed 2 second(s)

2018-06-09 21:11:44 - [MESSAGE][PASSED] - Delayed 2 second(s)

2018-06-09 21:11:44 - [TEST_STEP][PASSED] - Statement - Try: null

2018-06-09 21:11:44 - [TEST_STEP][PASSED] - Statement - StockQty = com.kms.katalon.core.webui.keyword.WebUiBuiltInKeywords.getAttribute(com.kms.katalon.core.testobject.ObjectRepository.findTestObject(lab/Page_Store/input_txtprice), "value"): Attribute 'value' of object 'Object Repository/lab/Page_Store/input_txtprice' is: '290'

2018-06-09 21:11:44 - [MESSAGE][PASSED] - Attribute 'value' of object 'Object Repository/lab/Page_Store/input_txtprice' is: '290'

2018-06-09 21:11:44 - [TEST_STEP][PASSED] - Statement - out.println("Stock QTY : " + StockQty): null

2018-06-09 21:11:44 - [TEST_STEP][PASSED] - delay: Delayed 1 second(s)

2018-06-09 21:11:45 - [MESSAGE][PASSED] - Delayed 1 second(s)

2018-06-09 21:11:45 - [TEST_STEP][PASSED] - Statement - If (java.lang.Integer.valueOf(StockQty) >= java.lang.Integer.valueOf(RequestedQty)): null

2018-06-09 21:11:45 - [TEST_STEP][PASSED] - setText: Text '10' is set on object 'Object Repository/lab/Page_Store/input_txtqty'

2018-06-09 21:11:45 - [MESSAGE][PASSED] - Text '10' is set on object 'Object Repository/lab/Page_Store/input_txtqty'

2018-06-09 21:11:45 - [TEST_STEP][PASSED] - click: Object: 'Object Repository/lab/Page_Store/button_Add' is clicked on

2018-06-09 21:11:45 - [MESSAGE][PASSED] - Object: 'Object Repository/lab/Page_Store/button_Add' is clicked on

2018-06-09 21:11:45 - [TEST_STEP][PASSED] - Statement - Break: null

2018-06-09 21:11:45 - [TEST_STEP][PASSED] - selectOptionByIndex: All options with index in [6] are selected on object 'Object Repository/lab/Page_Store/select_--Select--E.C.G. Jelly'

2018-06-09 21:11:45 - [MESSAGE][PASSED] - All options with index in [6] are selected on object 'Object Repository/lab/Page_Store/select_--Select--E.C.G. Jelly'

2018-06-09 21:11:45 - [TEST_STEP][PASSED] - delay: Delayed 2 second(s)

2018-06-09 21:11:47 - [MESSAGE][PASSED] - Delayed 2 second(s)

2018-06-09 21:11:47 - [TEST_STEP][PASSED] - Statement - RequestedQty = com.kms.katalon.core.webui.keyword.WebUiBuiltInKeywords.getAttribute(com.kms.katalon.core.testobject.ObjectRepository.findTestObject(lab/Page_Store/input_txttotal), "value"): Attribute 'value' of object 'Object Repository/lab/Page_Store/input_txttotal' is: '10'

2018-06-09 21:11:48 - [MESSAGE][PASSED] - Attribute 'value' of object 'Object Repository/lab/Page_Store/input_txttotal' is: '10'

2018-06-09 21:11:48 - [TEST_STEP][PASSED] - Statement - out.println("Requested QTY : " + RequestedQty): null

2018-06-09 21:11:48 - [TEST_STEP][PASSED] - Statement - BatchNumber = com.kms.katalon.core.webui.keyword.WebUiBuiltInKeywords.getNumberOfTotalOption(com.kms.katalon.core.testobject.ObjectRepository.findTestObject(lab/Page_Store/select_--Select--BA50)): 3 options of object 'Object Repository/lab/Page_Store/select_--Select--BA50' counted

2018-06-09 21:11:48 - [MESSAGE][PASSED] - 3 options of object 'Object Repository/lab/Page_Store/select_--Select--BA50' counted

2018-06-09 21:11:48 - [TEST_STEP][PASSED] - Statement - For ([g = 1, g <= BatchNumber - 1, (g++)]): null

2018-06-09 21:11:48 - [TEST_STEP][PASSED] - selectOptionByIndex: All options with index in [1] are selected on object 'Object Repository/lab/Page_Store/select_--Select--BA50'

2018-06-09 21:11:48 - [MESSAGE][PASSED] - All options with index in [1] are selected on object 'Object Repository/lab/Page_Store/select_--Select--BA50'

2018-06-09 21:11:48 - [TEST_STEP][PASSED] - delay: Delayed 2 second(s)

2018-06-09 21:11:50 - [MESSAGE][PASSED] - Delayed 2 second(s)

2018-06-09 21:11:50 - [TEST_STEP][PASSED] - Statement - Try: null

2018-06-09 21:11:50 - [TEST_STEP][PASSED] - Statement - StockQty = com.kms.katalon.core.webui.keyword.WebUiBuiltInKeywords.getAttribute(com.kms.katalon.core.testobject.ObjectRepository.findTestObject(lab/Page_Store/input_txtprice), "value"): Attribute 'value' of object 'Object Repository/lab/Page_Store/input_txtprice' is: '1255'

2018-06-09 21:11:50 - [MESSAGE][PASSED] - Attribute 'value' of object 'Object Repository/lab/Page_Store/input_txtprice' is: '1255'

2018-06-09 21:11:50 - [TEST_STEP][PASSED] - Statement - out.println("Stock QTY : " + StockQty): null

2018-06-09 21:11:50 - [TEST_STEP][PASSED] - delay: Delayed 1 second(s)

2018-06-09 21:11:51 - [MESSAGE][PASSED] - Delayed 1 second(s)

2018-06-09 21:11:51 - [TEST_STEP][PASSED] - Statement - If (java.lang.Integer.valueOf(StockQty) >= java.lang.Integer.valueOf(RequestedQty)): null

2018-06-09 21:11:51 - [TEST_STEP][PASSED] - setText: Text '10' is set on object 'Object Repository/lab/Page_Store/input_txtqty'

2018-06-09 21:11:51 - [MESSAGE][PASSED] - Text '10' is set on object 'Object Repository/lab/Page_Store/input_txtqty'

2018-06-09 21:11:51 - [TEST_STEP][PASSED] - click: Object: 'Object Repository/lab/Page_Store/button_Add' is clicked on

2018-06-09 21:11:51 - [MESSAGE][PASSED] - Object: 'Object Repository/lab/Page_Store/button_Add' is clicked on

2018-06-09 21:11:51 - [TEST_STEP][PASSED] - Statement - Break: null

2018-06-09 21:11:51 - [TEST_STEP][PASSED] - selectOptionByIndex: All options with index in [7] are selected on object 'Object Repository/lab/Page_Store/select_--Select--E.C.G. Jelly'

2018-06-09 21:11:51 - [MESSAGE][PASSED] - All options with index in [7] are selected on object 'Object Repository/lab/Page_Store/select_--Select--E.C.G. Jelly'

2018-06-09 21:11:51 - [TEST_STEP][PASSED] - delay: Delayed 2 second(s)

2018-06-09 21:11:53 - [MESSAGE][PASSED] - Delayed 2 second(s)

2018-06-09 21:11:53 - [TEST_STEP][PASSED] - Statement - RequestedQty = com.kms.katalon.core.webui.keyword.WebUiBuiltInKeywords.getAttribute(com.kms.katalon.core.testobject.ObjectRepository.findTestObject(lab/Page_Store/input_txttotal), "value"): Attribute 'value' of object 'Object Repository/lab/Page_Store/input_txttotal' is: '10'

2018-06-09 21:11:53 - [MESSAGE][PASSED] - Attribute 'value' of object 'Object Repository/lab/Page_Store/input_txttotal' is: '10'

2018-06-09 21:11:53 - [TEST_STEP][PASSED] - Statement - out.println("Requested QTY : " + RequestedQty): null

2018-06-09 21:11:53 - [TEST_STEP][PASSED] - Statement - BatchNumber = com.kms.katalon.core.webui.keyword.WebUiBuiltInKeywords.getNumberOfTotalOption(com.kms.katalon.core.testobject.ObjectRepository.findTestObject(lab/Page_Store/select_--Select--BA50)): 3 options of object 'Object Repository/lab/Page_Store/select_--Select--BA50' counted

2018-06-09 21:11:53 - [MESSAGE][PASSED] - 3 options of object 'Object Repository/lab/Page_Store/select_--Select--BA50' counted

2018-06-09 21:11:53 - [TEST_STEP][PASSED] - Statement - For ([g = 1, g <= BatchNumber - 1, (g++)]): null

2018-06-09 21:11:53 - [TEST_STEP][PASSED] - selectOptionByIndex: All options with index in [1] are selected on object 'Object Repository/lab/Page_Store/select_--Select--BA50'

2018-06-09 21:11:53 - [MESSAGE][PASSED] - All options with index in [1] are selected on object 'Object Repository/lab/Page_Store/select_--Select--BA50'

2018-06-09 21:11:53 - [TEST_STEP][PASSED] - delay: Delayed 2 second(s)

2018-06-09 21:11:55 - [MESSAGE][PASSED] - Delayed 2 second(s)

2018-06-09 21:11:55 - [TEST_STEP][PASSED] - Statement - Try: null

2018-06-09 21:11:55 - [TEST_STEP][PASSED] - Statement - StockQty = com.kms.katalon.core.webui.keyword.WebUiBuiltInKeywords.getAttribute(com.kms.katalon.core.testobject.ObjectRepository.findTestObject(lab/Page_Store/input_txtprice), "value"): Attribute 'value' of object 'Object Repository/lab/Page_Store/input_txtprice' is: '386'

2018-06-09 21:11:55 - [MESSAGE][PASSED] - Attribute 'value' of object 'Object Repository/lab/Page_Store/input_txtprice' is: '386'

2018-06-09 21:11:55 - [TEST_STEP][PASSED] - Statement - out.println("Stock QTY : " + StockQty): null

2018-06-09 21:11:55 - [TEST_STEP][PASSED] - delay: Delayed 1 second(s)

2018-06-09 21:11:56 - [MESSAGE][PASSED] - Delayed 1 second(s)

2018-06-09 21:11:56 - [TEST_STEP][PASSED] - Statement - If (java.lang.Integer.valueOf(StockQty) >= java.lang.Integer.valueOf(RequestedQty)): null

2018-06-09 21:11:56 - [TEST_STEP][PASSED] - setText: Text '10' is set on object 'Object Repository/lab/Page_Store/input_txtqty'

2018-06-09 21:11:56 - [MESSAGE][PASSED] - Text '10' is set on object 'Object Repository/lab/Page_Store/input_txtqty'

2018-06-09 21:11:56 - [TEST_STEP][PASSED] - click: Object: 'Object Repository/lab/Page_Store/button_Add' is clicked on

2018-06-09 21:11:56 - [MESSAGE][PASSED] - Object: 'Object Repository/lab/Page_Store/button_Add' is clicked on

2018-06-09 21:11:56 - [TEST_STEP][PASSED] - Statement - Break: null

2018-06-09 21:11:56 - [TEST_STEP][PASSED] - selectOptionByIndex: All options with index in [8] are selected on object 'Object Repository/lab/Page_Store/select_--Select--E.C.G. Jelly'

2018-06-09 21:11:57 - [MESSAGE][PASSED] - All options with index in [8] are selected on object 'Object Repository/lab/Page_Store/select_--Select--E.C.G. Jelly'

2018-06-09 21:11:57 - [TEST_STEP][PASSED] - delay: Delayed 2 second(s)

2018-06-09 21:11:59 - [MESSAGE][PASSED] - Delayed 2 second(s)

2018-06-09 21:11:59 - [TEST_STEP][PASSED] - Statement - RequestedQty = com.kms.katalon.core.webui.keyword.WebUiBuiltInKeywords.getAttribute(com.kms.katalon.core.testobject.ObjectRepository.findTestObject(lab/Page_Store/input_txttotal), "value"): Attribute 'value' of object 'Object Repository/lab/Page_Store/input_txttotal' is: '10'

2018-06-09 21:11:59 - [MESSAGE][PASSED] - Attribute 'value' of object 'Object Repository/lab/Page_Store/input_txttotal' is: '10'

2018-06-09 21:11:59 - [TEST_STEP][PASSED] - Statement - out.println("Requested QTY : " + RequestedQty): null

2018-06-09 21:11:59 - [TEST_STEP][PASSED] - Statement - BatchNumber = com.kms.katalon.core.webui.keyword.WebUiBuiltInKeywords.getNumberOfTotalOption(com.kms.katalon.core.testobject.ObjectRepository.findTestObject(lab/Page_Store/select_--Select--BA50)): 3 options of object 'Object Repository/lab/Page_Store/select_--Select--BA50' counted

2018-06-09 21:11:59 - [MESSAGE][PASSED] - 3 options of object 'Object Repository/lab/Page_Store/select_--Select--BA50' counted

2018-06-09 21:11:59 - [TEST_STEP][PASSED] - Statement - For ([g = 1, g <= BatchNumber - 1, (g++)]): null

2018-06-09 21:11:59 - [TEST_STEP][PASSED] - selectOptionByIndex: All options with index in [1] are selected on object 'Object Repository/lab/Page_Store/select_--Select--BA50'

2018-06-09 21:11:59 - [MESSAGE][PASSED] - All options with index in [1] are selected on object 'Object Repository/lab/Page_Store/select_--Select--BA50'

2018-06-09 21:11:59 - [TEST_STEP][PASSED] - delay: Delayed 2 second(s)

2018-06-09 21:12:01 - [MESSAGE][PASSED] - Delayed 2 second(s)

2018-06-09 21:12:01 - [TEST_STEP][PASSED] - Statement - Try: null

2018-06-09 21:12:01 - [TEST_STEP][PASSED] - Statement - StockQty = com.kms.katalon.core.webui.keyword.WebUiBuiltInKeywords.getAttribute(com.kms.katalon.core.testobject.ObjectRepository.findTestObject(lab/Page_Store/input_txtprice), "value"): Attribute 'value' of object 'Object Repository/lab/Page_Store/input_txtprice' is: '500'

2018-06-09 21:12:01 - [MESSAGE][PASSED] - Attribute 'value' of object 'Object Repository/lab/Page_Store/input_txtprice' is: '500'

2018-06-09 21:12:01 - [TEST_STEP][PASSED] - Statement - out.println("Stock QTY : " + StockQty): null

2018-06-09 21:12:01 - [TEST_STEP][PASSED] - delay: Delayed 1 second(s)

2018-06-09 21:12:02 - [MESSAGE][PASSED] - Delayed 1 second(s)

2018-06-09 21:12:02 - [TEST_STEP][PASSED] - Statement - If (java.lang.Integer.valueOf(StockQty) >= java.lang.Integer.valueOf(RequestedQty)): null

2018-06-09 21:12:02 - [TEST_STEP][PASSED] - setText: Text '10' is set on object 'Object Repository/lab/Page_Store/input_txtqty'

2018-06-09 21:12:02 - [MESSAGE][PASSED] - Text '10' is set on object 'Object Repository/lab/Page_Store/input_txtqty'

2018-06-09 21:12:02 - [TEST_STEP][PASSED] - click: Object: 'Object Repository/lab/Page_Store/button_Add' is clicked on

2018-06-09 21:12:02 - [MESSAGE][PASSED] - Object: 'Object Repository/lab/Page_Store/button_Add' is clicked on

2018-06-09 21:12:02 - [TEST_STEP][PASSED] - Statement - Break: null

2018-06-09 21:12:02 - [TEST_STEP][PASSED] - selectOptionByIndex: All options with index in [9] are selected on object 'Object Repository/lab/Page_Store/select_--Select--E.C.G. Jelly'

2018-06-09 21:12:02 - [MESSAGE][PASSED] - All options with index in [9] are selected on object 'Object Repository/lab/Page_Store/select_--Select--E.C.G. Jelly'

2018-06-09 21:12:02 - [TEST_STEP][PASSED] - delay: Delayed 2 second(s)

2018-06-09 21:12:04 - [MESSAGE][PASSED] - Delayed 2 second(s)

2018-06-09 21:12:04 - [TEST_STEP][PASSED] - Statement - RequestedQty = com.kms.katalon.core.webui.keyword.WebUiBuiltInKeywords.getAttribute(com.kms.katalon.core.testobject.ObjectRepository.findTestObject(lab/Page_Store/input_txttotal), "value"): Attribute 'value' of object 'Object Repository/lab/Page_Store/input_txttotal' is: '10'

2018-06-09 21:12:04 - [MESSAGE][PASSED] - Attribute 'value' of object 'Object Repository/lab/Page_Store/input_txttotal' is: '10'

2018-06-09 21:12:04 - [TEST_STEP][PASSED] - Statement - out.println("Requested QTY : " + RequestedQty): null

2018-06-09 21:12:04 - [TEST_STEP][PASSED] - Statement - BatchNumber = com.kms.katalon.core.webui.keyword.WebUiBuiltInKeywords.getNumberOfTotalOption(com.kms.katalon.core.testobject.ObjectRepository.findTestObject(lab/Page_Store/select_--Select--BA50)): 4 options of object 'Object Repository/lab/Page_Store/select_--Select--BA50' counted

2018-06-09 21:12:04 - [MESSAGE][PASSED] - 4 options of object 'Object Repository/lab/Page_Store/select_--Select--BA50' counted

2018-06-09 21:12:04 - [TEST_STEP][PASSED] - Statement - For ([g = 1, g <= BatchNumber - 1, (g++)]): null

2018-06-09 21:12:04 - [TEST_STEP][PASSED] - selectOptionByIndex: All options with index in [1] are selected on object 'Object Repository/lab/Page_Store/select_--Select--BA50'

2018-06-09 21:12:04 - [MESSAGE][PASSED] - All options with index in [1] are selected on object 'Object Repository/lab/Page_Store/select_--Select--BA50'

2018-06-09 21:12:04 - [TEST_STEP][PASSED] - delay: Delayed 2 second(s)

2018-06-09 21:12:06 - [MESSAGE][PASSED] - Delayed 2 second(s)

2018-06-09 21:12:06 - [TEST_STEP][PASSED] - Statement - Try: null

2018-06-09 21:12:06 - [TEST_STEP][PASSED] - Statement - StockQty = com.kms.katalon.core.webui.keyword.WebUiBuiltInKeywords.getAttribute(com.kms.katalon.core.testobject.ObjectRepository.findTestObject(lab/Page_Store/input_txtprice), "value"): Attribute 'value' of object 'Object Repository/lab/Page_Store/input_txtprice' is: '306'

2018-06-09 21:12:06 - [MESSAGE][PASSED] - Attribute 'value' of object 'Object Repository/lab/Page_Store/input_txtprice' is: '306'

2018-06-09 21:12:06 - [TEST_STEP][PASSED] - Statement - out.println("Stock QTY : " + StockQty): null

2018-06-09 21:12:06 - [TEST_STEP][PASSED] - delay: Delayed 1 second(s)

2018-06-09 21:12:07 - [MESSAGE][PASSED] - Delayed 1 second(s)

2018-06-09 21:12:07 - [TEST_STEP][PASSED] - Statement - If (java.lang.Integer.valueOf(StockQty) >= java.lang.Integer.valueOf(RequestedQty)): null

2018-06-09 21:12:07 - [TEST_STEP][PASSED] - setText: Text '10' is set on object 'Object Repository/lab/Page_Store/input_txtqty'

2018-06-09 21:12:08 - [MESSAGE][PASSED] - Text '10' is set on object 'Object Repository/lab/Page_Store/input_txtqty'

2018-06-09 21:12:08 - [TEST_STEP][PASSED] - click: Object: 'Object Repository/lab/Page_Store/button_Add' is clicked on

2018-06-09 21:12:08 - [MESSAGE][PASSED] - Object: 'Object Repository/lab/Page_Store/button_Add' is clicked on

2018-06-09 21:12:08 - [TEST_STEP][PASSED] - Statement - Break: null

2018-06-09 21:12:08 - [TEST_STEP][PASSED] - selectOptionByIndex: All options with index in [10] are selected on object 'Object Repository/lab/Page_Store/select_--Select--E.C.G. Jelly'

2018-06-09 21:12:08 - [MESSAGE][PASSED] - All options with index in [10] are selected on object 'Object Repository/lab/Page_Store/select_--Select--E.C.G. Jelly'

2018-06-09 21:12:08 - [TEST_STEP][PASSED] - delay: Delayed 2 second(s)

2018-06-09 21:12:10 - [MESSAGE][PASSED] - Delayed 2 second(s)

2018-06-09 21:12:10 - [TEST_STEP][PASSED] - Statement - RequestedQty = com.kms.katalon.core.webui.keyword.WebUiBuiltInKeywords.getAttribute(com.kms.katalon.core.testobject.ObjectRepository.findTestObject(lab/Page_Store/input_txttotal), "value"): Attribute 'value' of object 'Object Repository/lab/Page_Store/input_txttotal' is: '10'

2018-06-09 21:12:10 - [MESSAGE][PASSED] - Attribute 'value' of object 'Object Repository/lab/Page_Store/input_txttotal' is: '10'

2018-06-09 21:12:10 - [TEST_STEP][PASSED] - Statement - out.println("Requested QTY : " + RequestedQty): null

2018-06-09 21:12:10 - [TEST_STEP][PASSED] - Statement - BatchNumber = com.kms.katalon.core.webui.keyword.WebUiBuiltInKeywords.getNumberOfTotalOption(com.kms.katalon.core.testobject.ObjectRepository.findTestObject(lab/Page_Store/select_--Select--BA50)): 4 options of object 'Object Repository/lab/Page_Store/select_--Select--BA50' counted

2018-06-09 21:12:10 - [MESSAGE][PASSED] - 4 options of object 'Object Repository/lab/Page_Store/select_--Select--BA50' counted

2018-06-09 21:12:10 - [TEST_STEP][PASSED] - Statement - For ([g = 1, g <= BatchNumber - 1, (g++)]): null

2018-06-09 21:12:10 - [TEST_STEP][PASSED] - selectOptionByIndex: All options with index in [1] are selected on object 'Object Repository/lab/Page_Store/select_--Select--BA50'

2018-06-09 21:12:10 - [MESSAGE][PASSED] - All options with index in [1] are selected on object 'Object Repository/lab/Page_Store/select_--Select--BA50'

2018-06-09 21:12:10 - [TEST_STEP][PASSED] - delay: Delayed 2 second(s)

2018-06-09 21:12:12 - [MESSAGE][PASSED] - Delayed 2 second(s)

2018-06-09 21:12:12 - [TEST_STEP][PASSED] - Statement - Try: null

2018-06-09 21:12:12 - [TEST_STEP][PASSED] - Statement - StockQty = com.kms.katalon.core.webui.keyword.WebUiBuiltInKeywords.getAttribute(com.kms.katalon.core.testobject.ObjectRepository.findTestObject(lab/Page_Store/input_txtprice), "value"): Attribute 'value' of object 'Object Repository/lab/Page_Store/input_txtprice' is: '200'

2018-06-09 21:12:12 - [MESSAGE][PASSED] - Attribute 'value' of object 'Object Repository/lab/Page_Store/input_txtprice' is: '200'

2018-06-09 21:12:12 - [TEST_STEP][PASSED] - Statement - out.println("Stock QTY : " + StockQty): null

2018-06-09 21:12:12 - [TEST_STEP][PASSED] - delay: Delayed 1 second(s)

2018-06-09 21:12:13 - [MESSAGE][PASSED] - Delayed 1 second(s)

2018-06-09 21:12:13 - [TEST_STEP][PASSED] - Statement - If (java.lang.Integer.valueOf(StockQty) >= java.lang.Integer.valueOf(RequestedQty)): null

2018-06-09 21:12:13 - [TEST_STEP][PASSED] - setText: Text '10' is set on object 'Object Repository/lab/Page_Store/input_txtqty'

2018-06-09 21:12:13 - [MESSAGE][PASSED] - Text '10' is set on object 'Object Repository/lab/Page_Store/input_txtqty'

2018-06-09 21:12:13 - [TEST_STEP][PASSED] - click: Object: 'Object Repository/lab/Page_Store/button_Add' is clicked on

2018-06-09 21:12:13 - [MESSAGE][PASSED] - Object: 'Object Repository/lab/Page_Store/button_Add' is clicked on

2018-06-09 21:12:13 - [TEST_STEP][PASSED] - Statement - Break: null

2018-06-09 21:12:13 - [TEST_STEP][PASSED] - selectOptionByIndex: All options with index in [11] are selected on object 'Object Repository/lab/Page_Store/select_--Select--E.C.G. Jelly'

2018-06-09 21:12:13 - [MESSAGE][PASSED] - All options with index in [11] are selected on object 'Object Repository/lab/Page_Store/select_--Select--E.C.G. Jelly'

2018-06-09 21:12:13 - [TEST_STEP][PASSED] - delay: Delayed 2 second(s)

2018-06-09 21:12:15 - [MESSAGE][PASSED] - Delayed 2 second(s)

2018-06-09 21:12:15 - [TEST_STEP][PASSED] - Statement - RequestedQty = com.kms.katalon.core.webui.keyword.WebUiBuiltInKeywords.getAttribute(com.kms.katalon.core.testobject.ObjectRepository.findTestObject(lab/Page_Store/input_txttotal), "value"): Attribute 'value' of object 'Object Repository/lab/Page_Store/input_txttotal' is: '10'

2018-06-09 21:12:15 - [MESSAGE][PASSED] - Attribute 'value' of object 'Object Repository/lab/Page_Store/input_txttotal' is: '10'

2018-06-09 21:12:15 - [TEST_STEP][PASSED] - Statement - out.println("Requested QTY : " + RequestedQty): null

2018-06-09 21:12:15 - [TEST_STEP][PASSED] - Statement - BatchNumber = com.kms.katalon.core.webui.keyword.WebUiBuiltInKeywords.getNumberOfTotalOption(com.kms.katalon.core.testobject.ObjectRepository.findTestObject(lab/Page_Store/select_--Select--BA50)): 4 options of object 'Object Repository/lab/Page_Store/select_--Select--BA50' counted

2018-06-09 21:12:16 - [MESSAGE][PASSED] - 4 options of object 'Object Repository/lab/Page_Store/select_--Select--BA50' counted

2018-06-09 21:12:16 - [TEST_STEP][PASSED] - Statement - For ([g = 1, g <= BatchNumber - 1, (g++)]): null

2018-06-09 21:12:16 - [TEST_STEP][PASSED] - selectOptionByIndex: All options with index in [1] are selected on object 'Object Repository/lab/Page_Store/select_--Select--BA50'

2018-06-09 21:12:16 - [MESSAGE][PASSED] - All options with index in [1] are selected on object 'Object Repository/lab/Page_Store/select_--Select--BA50'

2018-06-09 21:12:16 - [TEST_STEP][PASSED] - delay: Delayed 2 second(s)

2018-06-09 21:12:18 - [MESSAGE][PASSED] - Delayed 2 second(s)

2018-06-09 21:12:18 - [TEST_STEP][PASSED] - Statement - Try: null

2018-06-09 21:12:18 - [TEST_STEP][PASSED] - Statement - StockQty = com.kms.katalon.core.webui.keyword.WebUiBuiltInKeywords.getAttribute(com.kms.katalon.core.testobject.ObjectRepository.findTestObject(lab/Page_Store/input_txtprice), "value"): Attribute 'value' of object 'Object Repository/lab/Page_Store/input_txtprice' is: '294'

2018-06-09 21:12:18 - [MESSAGE][PASSED] - Attribute 'value' of object 'Object Repository/lab/Page_Store/input_txtprice' is: '294'

2018-06-09 21:12:18 - [TEST_STEP][PASSED] - Statement - out.println("Stock QTY : " + StockQty): null

2018-06-09 21:12:18 - [TEST_STEP][PASSED] - delay: Delayed 1 second(s)

2018-06-09 21:12:19 - [MESSAGE][PASSED] - Delayed 1 second(s)

2018-06-09 21:12:19 - [TEST_STEP][PASSED] - Statement - If (java.lang.Integer.valueOf(StockQty) >= java.lang.Integer.valueOf(RequestedQty)): null

2018-06-09 21:12:19 - [TEST_STEP][PASSED] - setText: Text '10' is set on object 'Object Repository/lab/Page_Store/input_txtqty'

2018-06-09 21:12:19 - [MESSAGE][PASSED] - Text '10' is set on object 'Object Repository/lab/Page_Store/input_txtqty'

2018-06-09 21:12:19 - [TEST_STEP][PASSED] - click: Object: 'Object Repository/lab/Page_Store/button_Add' is clicked on

2018-06-09 21:12:19 - [MESSAGE][PASSED] - Object: 'Object Repository/lab/Page_Store/button_Add' is clicked on

2018-06-09 21:12:19 - [TEST_STEP][PASSED] - Statement - Break: null

2018-06-09 21:12:19 - [TEST_STEP][PASSED] - selectOptionByIndex: All options with index in [12] are selected on object 'Object Repository/lab/Page_Store/select_--Select--E.C.G. Jelly'

2018-06-09 21:12:19 - [MESSAGE][PASSED] - All options with index in [12] are selected on object 'Object Repository/lab/Page_Store/select_--Select--E.C.G. Jelly'

2018-06-09 21:12:19 - [TEST_STEP][PASSED] - delay: Delayed 2 second(s)

2018-06-09 21:12:21 - [MESSAGE][PASSED] - Delayed 2 second(s)

2018-06-09 21:12:21 - [TEST_STEP][PASSED] - Statement - RequestedQty = com.kms.katalon.core.webui.keyword.WebUiBuiltInKeywords.getAttribute(com.kms.katalon.core.testobject.ObjectRepository.findTestObject(lab/Page_Store/input_txttotal), "value"): Attribute 'value' of object 'Object Repository/lab/Page_Store/input_txttotal' is: '10'

2018-06-09 21:12:21 - [MESSAGE][PASSED] - Attribute 'value' of object 'Object Repository/lab/Page_Store/input_txttotal' is: '10'

2018-06-09 21:12:21 - [TEST_STEP][PASSED] - Statement - out.println("Requested QTY : " + RequestedQty): null

2018-06-09 21:12:21 - [TEST_STEP][PASSED] - Statement - BatchNumber = com.kms.katalon.core.webui.keyword.WebUiBuiltInKeywords.getNumberOfTotalOption(com.kms.katalon.core.testobject.ObjectRepository.findTestObject(lab/Page_Store/select_--Select--BA50)): 5 options of object 'Object Repository/lab/Page_Store/select_--Select--BA50' counted

2018-06-09 21:12:21 - [MESSAGE][PASSED] - 5 options of object 'Object Repository/lab/Page_Store/select_--Select--BA50' counted

2018-06-09 21:12:21 - [TEST_STEP][PASSED] - Statement - For ([g = 1, g <= BatchNumber - 1, (g++)]): null

2018-06-09 21:12:21 - [TEST_STEP][PASSED] - selectOptionByIndex: All options with index in [1] are selected on object 'Object Repository/lab/Page_Store/select_--Select--BA50'

2018-06-09 21:12:21 - [MESSAGE][PASSED] - All options with index in [1] are selected on object 'Object Repository/lab/Page_Store/select_--Select--BA50'

2018-06-09 21:12:21 - [TEST_STEP][PASSED] - delay: Delayed 2 second(s)

2018-06-09 21:12:23 - [MESSAGE][PASSED] - Delayed 2 second(s)

2018-06-09 21:12:23 - [TEST_STEP][PASSED] - Statement - Try: null

2018-06-09 21:12:23 - [TEST_STEP][PASSED] - Statement - StockQty = com.kms.katalon.core.webui.keyword.WebUiBuiltInKeywords.getAttribute(com.kms.katalon.core.testobject.ObjectRepository.findTestObject(lab/Page_Store/input_txtprice), "value"): Attribute 'value' of object 'Object Repository/lab/Page_Store/input_txtprice' is: '290'

2018-06-09 21:12:23 - [MESSAGE][PASSED] - Attribute 'value' of object 'Object Repository/lab/Page_Store/input_txtprice' is: '290'

2018-06-09 21:12:23 - [TEST_STEP][PASSED] - Statement - out.println("Stock QTY : " + StockQty): null

2018-06-09 21:12:23 - [TEST_STEP][PASSED] - delay: Delayed 1 second(s)

2018-06-09 21:12:24 - [MESSAGE][PASSED] - Delayed 1 second(s)

2018-06-09 21:12:24 - [TEST_STEP][PASSED] - Statement - If (java.lang.Integer.valueOf(StockQty) >= java.lang.Integer.valueOf(RequestedQty)): null

2018-06-09 21:12:24 - [TEST_STEP][PASSED] - setText: Text '10' is set on object 'Object Repository/lab/Page_Store/input_txtqty'

2018-06-09 21:12:24 - [MESSAGE][PASSED] - Text '10' is set on object 'Object Repository/lab/Page_Store/input_txtqty'

2018-06-09 21:12:24 - [TEST_STEP][PASSED] - click: Object: 'Object Repository/lab/Page_Store/button_Add' is clicked on

2018-06-09 21:12:25 - [MESSAGE][PASSED] - Object: 'Object Repository/lab/Page_Store/button_Add' is clicked on

2018-06-09 21:12:25 - [TEST_STEP][PASSED] - Statement - Break: null

2018-06-09 21:12:25 - [TEST_STEP][PASSED] - selectOptionByIndex: All options with index in [13] are selected on object 'Object Repository/lab/Page_Store/select_--Select--E.C.G. Jelly'

2018-06-09 21:12:25 - [MESSAGE][PASSED] - All options with index in [13] are selected on object 'Object Repository/lab/Page_Store/select_--Select--E.C.G. Jelly'

2018-06-09 21:12:25 - [TEST_STEP][PASSED] - delay: Delayed 2 second(s)

2018-06-09 21:12:27 - [MESSAGE][PASSED] - Delayed 2 second(s)

2018-06-09 21:12:27 - [TEST_STEP][PASSED] - Statement - RequestedQty = com.kms.katalon.core.webui.keyword.WebUiBuiltInKeywords.getAttribute(com.kms.katalon.core.testobject.ObjectRepository.findTestObject(lab/Page_Store/input_txttotal), "value"): Attribute 'value' of object 'Object Repository/lab/Page_Store/input_txttotal' is: '10'

2018-06-09 21:12:27 - [MESSAGE][PASSED] - Attribute 'value' of object 'Object Repository/lab/Page_Store/input_txttotal' is: '10'

2018-06-09 21:12:27 - [TEST_STEP][PASSED] - Statement - out.println("Requested QTY : " + RequestedQty): null

2018-06-09 21:12:27 - [TEST_STEP][PASSED] - Statement - BatchNumber = com.kms.katalon.core.webui.keyword.WebUiBuiltInKeywords.getNumberOfTotalOption(com.kms.katalon.core.testobject.ObjectRepository.findTestObject(lab/Page_Store/select_--Select--BA50)): 3 options of object 'Object Repository/lab/Page_Store/select_--Select--BA50' counted

2018-06-09 21:12:27 - [MESSAGE][PASSED] - 3 options of object 'Object Repository/lab/Page_Store/select_--Select--BA50' counted

2018-06-09 21:12:27 - [TEST_STEP][PASSED] - Statement - For ([g = 1, g <= BatchNumber - 1, (g++)]): null

2018-06-09 21:12:27 - [TEST_STEP][PASSED] - selectOptionByIndex: All options with index in [1] are selected on object 'Object Repository/lab/Page_Store/select_--Select--BA50'

2018-06-09 21:12:27 - [MESSAGE][PASSED] - All options with index in [1] are selected on object 'Object Repository/lab/Page_Store/select_--Select--BA50'

2018-06-09 21:12:27 - [TEST_STEP][PASSED] - delay: Delayed 2 second(s)

2018-06-09 21:12:29 - [MESSAGE][PASSED] - Delayed 2 second(s)

2018-06-09 21:12:29 - [TEST_STEP][PASSED] - Statement - Try: null

2018-06-09 21:12:29 - [TEST_STEP][PASSED] - Statement - StockQty = com.kms.katalon.core.webui.keyword.WebUiBuiltInKeywords.getAttribute(com.kms.katalon.core.testobject.ObjectRepository.findTestObject(lab/Page_Store/input_txtprice), "value"): Attribute 'value' of object 'Object Repository/lab/Page_Store/input_txtprice' is: '1350'

2018-06-09 21:12:29 - [MESSAGE][PASSED] - Attribute 'value' of object 'Object Repository/lab/Page_Store/input_txtprice' is: '1350'

2018-06-09 21:12:29 - [TEST_STEP][PASSED] - Statement - out.println("Stock QTY : " + StockQty): null

2018-06-09 21:12:29 - [TEST_STEP][PASSED] - delay: Delayed 1 second(s)

2018-06-09 21:12:30 - [MESSAGE][PASSED] - Delayed 1 second(s)

2018-06-09 21:12:30 - [TEST_STEP][PASSED] - Statement - If (java.lang.Integer.valueOf(StockQty) >= java.lang.Integer.valueOf(RequestedQty)): null

2018-06-09 21:12:30 - [TEST_STEP][PASSED] - setText: Text '10' is set on object 'Object Repository/lab/Page_Store/input_txtqty'

2018-06-09 21:12:30 - [MESSAGE][PASSED] - Text '10' is set on object 'Object Repository/lab/Page_Store/input_txtqty'

2018-06-09 21:12:30 - [TEST_STEP][PASSED] - click: Object: 'Object Repository/lab/Page_Store/button_Add' is clicked on

2018-06-09 21:12:30 - [MESSAGE][PASSED] - Object: 'Object Repository/lab/Page_Store/button_Add' is clicked on

2018-06-09 21:12:30 - [TEST_STEP][PASSED] - Statement - Break: null

2018-06-09 21:12:30 - [TEST_STEP][PASSED] - selectOptionByIndex: All options with index in [14] are selected on object 'Object Repository/lab/Page_Store/select_--Select--E.C.G. Jelly'

2018-06-09 21:12:30 - [MESSAGE][PASSED] - All options with index in [14] are selected on object 'Object Repository/lab/Page_Store/select_--Select--E.C.G. Jelly'

2018-06-09 21:12:30 - [TEST_STEP][PASSED] - delay: Delayed 2 second(s)

2018-06-09 21:12:32 - [MESSAGE][PASSED] - Delayed 2 second(s)

2018-06-09 21:12:32 - [TEST_STEP][PASSED] - Statement - RequestedQty = com.kms.katalon.core.webui.keyword.WebUiBuiltInKeywords.getAttribute(com.kms.katalon.core.testobject.ObjectRepository.findTestObject(lab/Page_Store/input_txttotal), "value"): Attribute 'value' of object 'Object Repository/lab/Page_Store/input_txttotal' is: '10'

2018-06-09 21:12:32 - [MESSAGE][PASSED] - Attribute 'value' of object 'Object Repository/lab/Page_Store/input_txttotal' is: '10'

2018-06-09 21:12:32 - [TEST_STEP][PASSED] - Statement - out.println("Requested QTY : " + RequestedQty): null

2018-06-09 21:12:32 - [TEST_STEP][PASSED] - Statement - BatchNumber = com.kms.katalon.core.webui.keyword.WebUiBuiltInKeywords.getNumberOfTotalOption(com.kms.katalon.core.testobject.ObjectRepository.findTestObject(lab/Page_Store/select_--Select--BA50)): 5 options of object 'Object Repository/lab/Page_Store/select_--Select--BA50' counted

2018-06-09 21:12:33 - [MESSAGE][PASSED] - 5 options of object 'Object Repository/lab/Page_Store/select_--Select--BA50' counted

2018-06-09 21:12:33 - [TEST_STEP][PASSED] - Statement - For ([g = 1, g <= BatchNumber - 1, (g++)]): null

2018-06-09 21:12:33 - [TEST_STEP][PASSED] - selectOptionByIndex: All options with index in [1] are selected on object 'Object Repository/lab/Page_Store/select_--Select--BA50'

2018-06-09 21:12:33 - [MESSAGE][PASSED] - All options with index in [1] are selected on object 'Object Repository/lab/Page_Store/select_--Select--BA50'

2018-06-09 21:12:33 - [TEST_STEP][PASSED] - delay: Delayed 2 second(s)

2018-06-09 21:12:35 - [MESSAGE][PASSED] - Delayed 2 second(s)

2018-06-09 21:12:35 - [TEST_STEP][PASSED] - Statement - Try: null

2018-06-09 21:12:35 - [TEST_STEP][PASSED] - Statement - StockQty = com.kms.katalon.core.webui.keyword.WebUiBuiltInKeywords.getAttribute(com.kms.katalon.core.testobject.ObjectRepository.findTestObject(lab/Page_Store/input_txtprice), "value"): Attribute 'value' of object 'Object Repository/lab/Page_Store/input_txtprice' is: '290'

2018-06-09 21:12:35 - [MESSAGE][PASSED] - Attribute 'value' of object 'Object Repository/lab/Page_Store/input_txtprice' is: '290'

2018-06-09 21:12:35 - [TEST_STEP][PASSED] - Statement - out.println("Stock QTY : " + StockQty): null

2018-06-09 21:12:35 - [TEST_STEP][PASSED] - delay: Delayed 1 second(s)

2018-06-09 21:12:36 - [MESSAGE][PASSED] - Delayed 1 second(s)

2018-06-09 21:12:36 - [TEST_STEP][PASSED] - Statement - If (java.lang.Integer.valueOf(StockQty) >= java.lang.Integer.valueOf(RequestedQty)): null

2018-06-09 21:12:36 - [TEST_STEP][PASSED] - setText: Text '10' is set on object 'Object Repository/lab/Page_Store/input_txtqty'

2018-06-09 21:12:36 - [MESSAGE][PASSED] - Text '10' is set on object 'Object Repository/lab/Page_Store/input_txtqty'

2018-06-09 21:12:36 - [TEST_STEP][PASSED] - click: Object: 'Object Repository/lab/Page_Store/button_Add' is clicked on

2018-06-09 21:12:36 - [MESSAGE][PASSED] - Object: 'Object Repository/lab/Page_Store/button_Add' is clicked on

2018-06-09 21:12:36 - [TEST_STEP][PASSED] - Statement - Break: null

2018-06-09 21:12:36 - [TEST_STEP][PASSED] - selectOptionByIndex: All options with index in [15] are selected on object 'Object Repository/lab/Page_Store/select_--Select--E.C.G. Jelly'

2018-06-09 21:12:36 - [MESSAGE][PASSED] - All options with index in [15] are selected on object 'Object Repository/lab/Page_Store/select_--Select--E.C.G. Jelly'

2018-06-09 21:12:36 - [TEST_STEP][PASSED] - delay: Delayed 2 second(s)

2018-06-09 21:12:38 - [MESSAGE][PASSED] - Delayed 2 second(s)

2018-06-09 21:12:38 - [TEST_STEP][PASSED] - Statement - RequestedQty = com.kms.katalon.core.webui.keyword.WebUiBuiltInKeywords.getAttribute(com.kms.katalon.core.testobject.ObjectRepository.findTestObject(lab/Page_Store/input_txttotal), "value"): Attribute 'value' of object 'Object Repository/lab/Page_Store/input_txttotal' is: '10'

2018-06-09 21:12:38 - [MESSAGE][PASSED] - Attribute 'value' of object 'Object Repository/lab/Page_Store/input_txttotal' is: '10'

2018-06-09 21:12:38 - [TEST_STEP][PASSED] - Statement - out.println("Requested QTY : " + RequestedQty): null

2018-06-09 21:12:38 - [TEST_STEP][PASSED] - Statement - BatchNumber = com.kms.katalon.core.webui.keyword.WebUiBuiltInKeywords.getNumberOfTotalOption(com.kms.katalon.core.testobject.ObjectRepository.findTestObject(lab/Page_Store/select_--Select--BA50)): 5 options of object 'Object Repository/lab/Page_Store/select_--Select--BA50' counted

2018-06-09 21:12:38 - [MESSAGE][PASSED] - 5 options of object 'Object Repository/lab/Page_Store/select_--Select--BA50' counted

2018-06-09 21:12:38 - [TEST_STEP][PASSED] - Statement - For ([g = 1, g <= BatchNumber - 1, (g++)]): null

2018-06-09 21:12:38 - [TEST_STEP][PASSED] - selectOptionByIndex: All options with index in [1] are selected on object 'Object Repository/lab/Page_Store/select_--Select--BA50'

2018-06-09 21:12:38 - [MESSAGE][PASSED] - All options with index in [1] are selected on object 'Object Repository/lab/Page_Store/select_--Select--BA50'

2018-06-09 21:12:38 - [TEST_STEP][PASSED] - delay: Delayed 2 second(s)

2018-06-09 21:12:40 - [MESSAGE][PASSED] - Delayed 2 second(s)

2018-06-09 21:12:40 - [TEST_STEP][PASSED] - Statement - Try: null

2018-06-09 21:12:40 - [TEST_STEP][PASSED] - Statement - StockQty = com.kms.katalon.core.webui.keyword.WebUiBuiltInKeywords.getAttribute(com.kms.katalon.core.testobject.ObjectRepository.findTestObject(lab/Page_Store/input_txtprice), "value"): Attribute 'value' of object 'Object Repository/lab/Page_Store/input_txtprice' is: '290'

2018-06-09 21:12:40 - [MESSAGE][PASSED] - Attribute 'value' of object 'Object Repository/lab/Page_Store/input_txtprice' is: '290'

2018-06-09 21:12:40 - [TEST_STEP][PASSED] - Statement - out.println("Stock QTY : " + StockQty): null

2018-06-09 21:12:40 - [TEST_STEP][PASSED] - delay: Delayed 1 second(s)

2018-06-09 21:12:41 - [MESSAGE][PASSED] - Delayed 1 second(s)

2018-06-09 21:12:41 - [TEST_STEP][PASSED] - Statement - If (java.lang.Integer.valueOf(StockQty) >= java.lang.Integer.valueOf(RequestedQty)): null

2018-06-09 21:12:41 - [TEST_STEP][PASSED] - setText: Text '10' is set on object 'Object Repository/lab/Page_Store/input_txtqty'

2018-06-09 21:12:41 - [MESSAGE][PASSED] - Text '10' is set on object 'Object Repository/lab/Page_Store/input_txtqty'

2018-06-09 21:12:41 - [TEST_STEP][PASSED] - click: Object: 'Object Repository/lab/Page_Store/button_Add' is clicked on

2018-06-09 21:12:41 - [MESSAGE][PASSED] - Object: 'Object Repository/lab/Page_Store/button_Add' is clicked on

2018-06-09 21:12:41 - [TEST_STEP][PASSED] - Statement - Break: null

2018-06-09 21:12:41 - [TEST_STEP][PASSED] - selectOptionByIndex: All options with index in [16] are selected on object 'Object Repository/lab/Page_Store/select_--Select--E.C.G. Jelly'

2018-06-09 21:12:42 - [MESSAGE][PASSED] - All options with index in [16] are selected on object 'Object Repository/lab/Page_Store/select_--Select--E.C.G. Jelly'

2018-06-09 21:12:42 - [TEST_STEP][PASSED] - delay: Delayed 2 second(s)

2018-06-09 21:12:44 - [MESSAGE][PASSED] - Delayed 2 second(s)

2018-06-09 21:12:44 - [TEST_STEP][PASSED] - Statement - RequestedQty = com.kms.katalon.core.webui.keyword.WebUiBuiltInKeywords.getAttribute(com.kms.katalon.core.testobject.ObjectRepository.findTestObject(lab/Page_Store/input_txttotal), "value"): Attribute 'value' of object 'Object Repository/lab/Page_Store/input_txttotal' is: '10'

2018-06-09 21:12:44 - [MESSAGE][PASSED] - Attribute 'value' of object 'Object Repository/lab/Page_Store/input_txttotal' is: '10'

2018-06-09 21:12:44 - [TEST_STEP][PASSED] - Statement - out.println("Requested QTY : " + RequestedQty): null

2018-06-09 21:12:44 - [TEST_STEP][PASSED] - Statement - BatchNumber = com.kms.katalon.core.webui.keyword.WebUiBuiltInKeywords.getNumberOfTotalOption(com.kms.katalon.core.testobject.ObjectRepository.findTestObject(lab/Page_Store/select_--Select--BA50)): 3 options of object 'Object Repository/lab/Page_Store/select_--Select--BA50' counted

2018-06-09 21:12:44 - [MESSAGE][PASSED] - 3 options of object 'Object Repository/lab/Page_Store/select_--Select--BA50' counted

2018-06-09 21:12:44 - [TEST_STEP][PASSED] - Statement - For ([g = 1, g <= BatchNumber - 1, (g++)]): null

2018-06-09 21:12:44 - [TEST_STEP][PASSED] - selectOptionByIndex: All options with index in [1] are selected on object 'Object Repository/lab/Page_Store/select_--Select--BA50'

2018-06-09 21:12:44 - [MESSAGE][PASSED] - All options with index in [1] are selected on object 'Object Repository/lab/Page_Store/select_--Select--BA50'

2018-06-09 21:12:44 - [TEST_STEP][PASSED] - delay: Delayed 2 second(s)

2018-06-09 21:12:46 - [MESSAGE][PASSED] - Delayed 2 second(s)

2018-06-09 21:12:46 - [TEST_STEP][PASSED] - Statement - Try: null

2018-06-09 21:12:46 - [TEST_STEP][PASSED] - Statement - StockQty = com.kms.katalon.core.webui.keyword.WebUiBuiltInKeywords.getAttribute(com.kms.katalon.core.testobject.ObjectRepository.findTestObject(lab/Page_Store/input_txtprice), "value"): Attribute 'value' of object 'Object Repository/lab/Page_Store/input_txtprice' is: '490'

2018-06-09 21:12:46 - [MESSAGE][PASSED] - Attribute 'value' of object 'Object Repository/lab/Page_Store/input_txtprice' is: '490'

2018-06-09 21:12:46 - [TEST_STEP][PASSED] - Statement - out.println("Stock QTY : " + StockQty): null

2018-06-09 21:12:46 - [TEST_STEP][PASSED] - delay: Delayed 1 second(s)

2018-06-09 21:12:47 - [MESSAGE][PASSED] - Delayed 1 second(s)

2018-06-09 21:12:47 - [TEST_STEP][PASSED] - Statement - If (java.lang.Integer.valueOf(StockQty) >= java.lang.Integer.valueOf(RequestedQty)): null

2018-06-09 21:12:47 - [TEST_STEP][PASSED] - setText: Text '10' is set on object 'Object Repository/lab/Page_Store/input_txtqty'

2018-06-09 21:12:47 - [MESSAGE][PASSED] - Text '10' is set on object 'Object Repository/lab/Page_Store/input_txtqty'

2018-06-09 21:12:47 - [TEST_STEP][PASSED] - click: Object: 'Object Repository/lab/Page_Store/button_Add' is clicked on

2018-06-09 21:12:47 - [MESSAGE][PASSED] - Object: 'Object Repository/lab/Page_Store/button_Add' is clicked on

2018-06-09 21:12:47 - [TEST_STEP][PASSED] - Statement - Break: null

2018-06-09 21:12:47 - [TEST_STEP][PASSED] - selectOptionByIndex: All options with index in [17] are selected on object 'Object Repository/lab/Page_Store/select_--Select--E.C.G. Jelly'

2018-06-09 21:12:47 - [MESSAGE][PASSED] - All options with index in [17] are selected on object 'Object Repository/lab/Page_Store/select_--Select--E.C.G. Jelly'

2018-06-09 21:12:47 - [TEST_STEP][PASSED] - delay: Delayed 2 second(s)

2018-06-09 21:12:49 - [MESSAGE][PASSED] - Delayed 2 second(s)

2018-06-09 21:12:49 - [TEST_STEP][PASSED] - Statement - RequestedQty = com.kms.katalon.core.webui.keyword.WebUiBuiltInKeywords.getAttribute(com.kms.katalon.core.testobject.ObjectRepository.findTestObject(lab/Page_Store/input_txttotal), "value"): Attribute 'value' of object 'Object Repository/lab/Page_Store/input_txttotal' is: '10'

2018-06-09 21:12:49 - [MESSAGE][PASSED] - Attribute 'value' of object 'Object Repository/lab/Page_Store/input_txttotal' is: '10'

2018-06-09 21:12:49 - [TEST_STEP][PASSED] - Statement - out.println("Requested QTY : " + RequestedQty): null

2018-06-09 21:12:49 - [TEST_STEP][PASSED] - Statement - BatchNumber = com.kms.katalon.core.webui.keyword.WebUiBuiltInKeywords.getNumberOfTotalOption(com.kms.katalon.core.testobject.ObjectRepository.findTestObject(lab/Page_Store/select_--Select--BA50)): 3 options of object 'Object Repository/lab/Page_Store/select_--Select--BA50' counted

2018-06-09 21:12:49 - [MESSAGE][PASSED] - 3 options of object 'Object Repository/lab/Page_Store/select_--Select--BA50' counted

2018-06-09 21:12:49 - [TEST_STEP][PASSED] - Statement - For ([g = 1, g <= BatchNumber - 1, (g++)]): null

2018-06-09 21:12:49 - [TEST_STEP][PASSED] - selectOptionByIndex: All options with index in [1] are selected on object 'Object Repository/lab/Page_Store/select_--Select--BA50'

2018-06-09 21:12:50 - [MESSAGE][PASSED] - All options with index in [1] are selected on object 'Object Repository/lab/Page_Store/select_--Select--BA50'

2018-06-09 21:12:50 - [TEST_STEP][PASSED] - delay: Delayed 2 second(s)

2018-06-09 21:12:52 - [MESSAGE][PASSED] - Delayed 2 second(s)

2018-06-09 21:12:52 - [TEST_STEP][PASSED] - Statement - Try: null

2018-06-09 21:12:52 - [TEST_STEP][PASSED] - Statement - StockQty = com.kms.katalon.core.webui.keyword.WebUiBuiltInKeywords.getAttribute(com.kms.katalon.core.testobject.ObjectRepository.findTestObject(lab/Page_Store/input_txtprice), "value"): Attribute 'value' of object 'Object Repository/lab/Page_Store/input_txtprice' is: '1350'

2018-06-09 21:12:52 - [MESSAGE][PASSED] - Attribute 'value' of object 'Object Repository/lab/Page_Store/input_txtprice' is: '1350'

2018-06-09 21:12:52 - [TEST_STEP][PASSED] - Statement - out.println("Stock QTY : " + StockQty): null

2018-06-09 21:12:52 - [TEST_STEP][PASSED] - delay: Delayed 1 second(s)

2018-06-09 21:12:53 - [MESSAGE][PASSED] - Delayed 1 second(s)

2018-06-09 21:12:53 - [TEST_STEP][PASSED] - Statement - If (java.lang.Integer.valueOf(StockQty) >= java.lang.Integer.valueOf(RequestedQty)): null

2018-06-09 21:12:53 - [TEST_STEP][PASSED] - setText: Text '10' is set on object 'Object Repository/lab/Page_Store/input_txtqty'

2018-06-09 21:12:53 - [MESSAGE][PASSED] - Text '10' is set on object 'Object Repository/lab/Page_Store/input_txtqty'

2018-06-09 21:12:53 - [TEST_STEP][PASSED] - click: Object: 'Object Repository/lab/Page_Store/button_Add' is clicked on

2018-06-09 21:12:53 - [MESSAGE][PASSED] - Object: 'Object Repository/lab/Page_Store/button_Add' is clicked on

2018-06-09 21:12:53 - [TEST_STEP][PASSED] - Statement - Break: null

2018-06-09 21:12:53 - [TEST_STEP][PASSED] - selectOptionByIndex: All options with index in [18] are selected on object 'Object Repository/lab/Page_Store/select_--Select--E.C.G. Jelly'

2018-06-09 21:12:53 - [MESSAGE][PASSED] - All options with index in [18] are selected on object 'Object Repository/lab/Page_Store/select_--Select--E.C.G. Jelly'

2018-06-09 21:12:53 - [TEST_STEP][PASSED] - delay: Delayed 2 second(s)

2018-06-09 21:12:55 - [MESSAGE][PASSED] - Delayed 2 second(s)

2018-06-09 21:12:55 - [TEST_STEP][PASSED] - Statement - RequestedQty = com.kms.katalon.core.webui.keyword.WebUiBuiltInKeywords.getAttribute(com.kms.katalon.core.testobject.ObjectRepository.findTestObject(lab/Page_Store/input_txttotal), "value"): Attribute 'value' of object 'Object Repository/lab/Page_Store/input_txttotal' is: '10'

2018-06-09 21:12:55 - [MESSAGE][PASSED] - Attribute 'value' of object 'Object Repository/lab/Page_Store/input_txttotal' is: '10'

2018-06-09 21:12:55 - [TEST_STEP][PASSED] - Statement - out.println("Requested QTY : " + RequestedQty): null

2018-06-09 21:12:55 - [TEST_STEP][PASSED] - Statement - BatchNumber = com.kms.katalon.core.webui.keyword.WebUiBuiltInKeywords.getNumberOfTotalOption(com.kms.katalon.core.testobject.ObjectRepository.findTestObject(lab/Page_Store/select_--Select--BA50)): 4 options of object 'Object Repository/lab/Page_Store/select_--Select--BA50' counted

2018-06-09 21:12:55 - [MESSAGE][PASSED] - 4 options of object 'Object Repository/lab/Page_Store/select_--Select--BA50' counted

2018-06-09 21:12:55 - [TEST_STEP][PASSED] - Statement - For ([g = 1, g <= BatchNumber - 1, (g++)]): null

2018-06-09 21:12:55 - [TEST_STEP][PASSED] - selectOptionByIndex: All options with index in [1] are selected on object 'Object Repository/lab/Page_Store/select_--Select--BA50'

2018-06-09 21:12:55 - [MESSAGE][PASSED] - All options with index in [1] are selected on object 'Object Repository/lab/Page_Store/select_--Select--BA50'

2018-06-09 21:12:55 - [TEST_STEP][PASSED] - delay: Delayed 2 second(s)

2018-06-09 21:12:57 - [MESSAGE][PASSED] - Delayed 2 second(s)

2018-06-09 21:12:57 - [TEST_STEP][PASSED] - Statement - Try: null

2018-06-09 21:12:57 - [TEST_STEP][PASSED] - Statement - StockQty = com.kms.katalon.core.webui.keyword.WebUiBuiltInKeywords.getAttribute(com.kms.katalon.core.testobject.ObjectRepository.findTestObject(lab/Page_Store/input_txtprice), "value"): Attribute 'value' of object 'Object Repository/lab/Page_Store/input_txtprice' is: '390'

2018-06-09 21:12:57 - [MESSAGE][PASSED] - Attribute 'value' of object 'Object Repository/lab/Page_Store/input_txtprice' is: '390'

2018-06-09 21:12:57 - [TEST_STEP][PASSED] - Statement - out.println("Stock QTY : " + StockQty): null

2018-06-09 21:12:57 - [TEST_STEP][PASSED] - delay: Delayed 1 second(s)

2018-06-09 21:12:58 - [MESSAGE][PASSED] - Delayed 1 second(s)

2018-06-09 21:12:58 - [TEST_STEP][PASSED] - Statement - If (java.lang.Integer.valueOf(StockQty) >= java.lang.Integer.valueOf(RequestedQty)): null

2018-06-09 21:12:58 - [TEST_STEP][PASSED] - setText: Text '10' is set on object 'Object Repository/lab/Page_Store/input_txtqty'

2018-06-09 21:12:58 - [MESSAGE][PASSED] - Text '10' is set on object 'Object Repository/lab/Page_Store/input_txtqty'

2018-06-09 21:12:58 - [TEST_STEP][PASSED] - click: Object: 'Object Repository/lab/Page_Store/button_Add' is clicked on

2018-06-09 21:12:58 - [MESSAGE][PASSED] - Object: 'Object Repository/lab/Page_Store/button_Add' is clicked on

2018-06-09 21:12:58 - [TEST_STEP][PASSED] - Statement - Break: null

2018-06-09 21:12:58 - [TEST_STEP][PASSED] - scrollToElement: Scroll to object 'Object Repository/lab/Page_Store/input_btnSubmit' successfully

2018-06-09 21:12:58 - [MESSAGE][PASSED] - Scroll to object 'Object Repository/lab/Page_Store/input_btnSubmit' successfully

2018-06-09 21:12:58 - [TEST_STEP][PASSED] - click: Object: 'Object Repository/lab/Page_Store/input_btnSubmit' is clicked on

2018-06-09 21:12:59 - [MESSAGE][PASSED] - Object: 'Object Repository/lab/Page_Store/input_btnSubmit' is clicked on

2018-06-09 21:12:59 - [TEST_STEP][PASSED] - delay: Delayed 3 second(s)

2018-06-09 21:13:02 - [MESSAGE][PASSED] - Delayed 3 second(s)

2018-06-09 21:13:02 - [TEST_STEP][PASSED] - click: Object: 'Object Repository/lab/Page_Store/button_OK' is clicked on

2018-06-09 21:13:03 - [MESSAGE][PASSED] - Object: 'Object Repository/lab/Page_Store/button_OK' is clicked on

2018-06-09 21:13:03 - [TEST_STEP][PASSED] - delay: Delayed 3 second(s)

2018-06-09 21:13:06 - [MESSAGE][PASSED] - Delayed 3 second(s)

2018-06-09 21:13:06 - [TEST_STEP][PASSED] - click: Object: 'Object Repository/lab/Page_Store/a_dropdown-toggle' is clicked on

2018-06-09 21:13:06 - [MESSAGE][PASSED] - Object: 'Object Repository/lab/Page_Store/a_dropdown-toggle' is clicked on

2018-06-09 21:13:06 - [TEST_STEP][PASSED] - click: Object: 'Object Repository/lab/Page_Store/a_Sign out' is clicked on

2018-06-09 21:13:06 - [MESSAGE][PASSED] - Object: 'Object Repository/lab/Page_Store/a_Sign out' is clicked on

2018-06-09 21:13:06 - [TEST_STEP][PASSED] - closeBrowser: Browser is closed

2018-06-09 21:13:07 - [MESSAGE][PASSED] - Browser is closed

2018-06-09 21:13:07 - [TEST_STEP][PASSED] - Statement - out.println("Schedule 10 Investigation Request Are Working Successfully"): null]]></system-out>
         <system-err><![CDATA[]]></system-err>
      </testcase>
      <testcase name="Test Cases/INVESTIGATION TEST CASES/TC_INV_006 Verify Schedule 11 Investigation Request Are Working Successfully Or No" classname="Test Cases/INVESTIGATION TEST CASES/TC_INV_006 Verify Schedule 11 Investigation Request Are Working Successfully Or No" status="FAILED">
         <failure type="FAILED" message="Unable to set text '10' of object 'Object Repository/lab/Page_KDMC/input_txttreat' (Root cause: org.openqa.selenium.WebDriverException: unknown error: cannot focus element
  (Session info: chrome=66.0.3359.181)
  (Driver info: chromedriver=2.35.528161 (5b82f2d2aae0ca24b877009200ced9065a772e73),platform=Windows NT 10.0.17134 x86_64) (WARNING: The server did not provide any stacktrace information)
Command duration or timeout: 0 milliseconds
Build info: version: '3.7.1', revision: '8a0099a', time: '2017-11-06T21:07:36.161Z'
System info: host: 'DESKTOP-BLFTK83', ip: '169.254.189.85', os.name: 'Windows 10', os.arch: 'amd64', os.version: '10.0', java.version: '1.8.0_102'
Driver info: com.kms.katalon.selenium.driver.CChromeDriver
Capabilities {acceptInsecureCerts: false, acceptSslCerts: false, applicationCacheEnabled: false, browserConnectionEnabled: false, browserName: chrome, chrome: {chromedriverVersion: 2.35.528161 (5b82f2d2aae0ca..., userDataDir: C:\Users\QUALIT~1\AppData\L...}, cssSelectorsEnabled: true, databaseEnabled: false, handlesAlerts: true, hasTouchScreen: false, javascriptEnabled: true, locationContextEnabled: true, mobileEmulationEnabled: false, nativeEvents: true, networkConnectionEnabled: false, pageLoadStrategy: normal, platform: XP, platformName: XP, rotatable: false, setWindowRect: true, takesHeapSnapshot: true, takesScreenshot: true, unexpectedAlertBehaviour: , unhandledPromptBehavior: , version: 66.0.3359.181, webStorageEnabled: true}
Session ID: 2130b36ad93201f8e752735ab59e20a2)"/>
         <system-out><![CDATA[2018-06-09 21:13:07 - [TEST_CASE][FAILED] - Test Cases/INVESTIGATION TEST CASES/TC_INV_006 Verify Schedule 11 Investigation Request Are Working Successfully Or No: Test Cases/INVESTIGATION TEST CASES/TC_INV_006 Verify Schedule 11 Investigation Request Are Working Successfully Or No FAILED because (of) Unable to set text '10' of object 'Object Repository/lab/Page_KDMC/input_txttreat' (Root cause: org.openqa.selenium.WebDriverException: unknown error: cannot focus element
  (Session info: chrome=66.0.3359.181)
  (Driver info: chromedriver=2.35.528161 (5b82f2d2aae0ca24b877009200ced9065a772e73),platform=Windows NT 10.0.17134 x86_64) (WARNING: The server did not provide any stacktrace information)
Command duration or timeout: 0 milliseconds
Build info: version: '3.7.1', revision: '8a0099a', time: '2017-11-06T21:07:36.161Z'
System info: host: 'DESKTOP-BLFTK83', ip: '169.254.189.85', os.name: 'Windows 10', os.arch: 'amd64', os.version: '10.0', java.version: '1.8.0_102'
Driver info: com.kms.katalon.selenium.driver.CChromeDriver
Capabilities {acceptInsecureCerts: false, acceptSslCerts: false, applicationCacheEnabled: false, browserConnectionEnabled: false, browserName: chrome, chrome: {chromedriverVersion: 2.35.528161 (5b82f2d2aae0ca..., userDataDir: C:\Users\QUALIT~1\AppData\L...}, cssSelectorsEnabled: true, databaseEnabled: false, handlesAlerts: true, hasTouchScreen: false, javascriptEnabled: true, locationContextEnabled: true, mobileEmulationEnabled: false, nativeEvents: true, networkConnectionEnabled: false, pageLoadStrategy: normal, platform: XP, platformName: XP, rotatable: false, setWindowRect: true, takesHeapSnapshot: true, takesScreenshot: true, unexpectedAlertBehaviour: , unhandledPromptBehavior: , version: 66.0.3359.181, webStorageEnabled: true}
Session ID: 2130b36ad93201f8e752735ab59e20a2)

2018-06-09 21:13:07 - [TEST_STEP][PASSED] - openBrowser: Browser is opened with url: ''

2018-06-09 21:13:09 - [MESSAGE][PASSED] - Browser is opened with url: ''

2018-06-09 21:13:09 - [TEST_STEP][PASSED] - navigateToUrl: Navigate to 'http://192.168.137.1/multihospital_new/' successfully

2018-06-09 21:13:11 - [MESSAGE][PASSED] - Navigate to 'http://192.168.137.1/multihospital_new/' successfully

2018-06-09 21:13:11 - [TEST_STEP][PASSED] - Statement - out.println(" Verify Schedule 11 Investigation Request Are Working Successfully Or Not"): null

2018-06-09 21:13:11 - [TEST_STEP][PASSED] - maximizeWindow: Current window maximized

2018-06-09 21:13:12 - [MESSAGE][PASSED] - Current window maximized

2018-06-09 21:13:12 - [TEST_STEP][PASSED] - click: Object: 'Object Repository/lab/Page_KDMC/a_Investigation' is clicked on

2018-06-09 21:13:12 - [MESSAGE][PASSED] - Object: 'Object Repository/lab/Page_KDMC/a_Investigation' is clicked on

2018-06-09 21:13:12 - [TEST_STEP][PASSED] - setText: Text 'manoj' is set on object 'Object Repository/lab/Page_Investigation login/input_txtusername'

2018-06-09 21:13:13 - [MESSAGE][PASSED] - Text 'manoj' is set on object 'Object Repository/lab/Page_Investigation login/input_txtusername'

2018-06-09 21:13:13 - [TEST_STEP][PASSED] - setText: Text '123' is set on object 'Object Repository/lab/Page_Investigation login/input_txtpassword'

2018-06-09 21:13:13 - [MESSAGE][PASSED] - Text '123' is set on object 'Object Repository/lab/Page_Investigation login/input_txtpassword'

2018-06-09 21:13:13 - [TEST_STEP][PASSED] - delay: Delayed 3 second(s)

2018-06-09 21:13:16 - [MESSAGE][PASSED] - Delayed 3 second(s)

2018-06-09 21:13:16 - [TEST_STEP][PASSED] - click: Object: 'Object Repository/lab/Page_Investigation login/button_Sign in' is clicked on

2018-06-09 21:13:16 - [MESSAGE][PASSED] - Object: 'Object Repository/lab/Page_Investigation login/button_Sign in' is clicked on

2018-06-09 21:13:16 - [TEST_STEP][PASSED] - click: Object: 'Object Repository/lab/Page_KDMC/a_Store Request' is clicked on

2018-06-09 21:13:18 - [MESSAGE][PASSED] - Object: 'Object Repository/lab/Page_KDMC/a_Store Request' is clicked on

2018-06-09 21:13:18 - [TEST_STEP][PASSED] - delay: Delayed 2 second(s)

2018-06-09 21:13:20 - [MESSAGE][PASSED] - Delayed 2 second(s)

2018-06-09 21:13:20 - [TEST_STEP][PASSED] - click: Object: 'Object Repository/lab/Page_KDMC/a_Medicine Request' is clicked on

2018-06-09 21:13:21 - [MESSAGE][PASSED] - Object: 'Object Repository/lab/Page_KDMC/a_Medicine Request' is clicked on

2018-06-09 21:13:21 - [TEST_STEP][PASSED] - selectOptionByIndex: All options with index in [6] are selected on object 'Object Repository/lab/Page_KDMC/select_--Select--Schedule 4X-r'

2018-06-09 21:13:21 - [MESSAGE][PASSED] - All options with index in [6] are selected on object 'Object Repository/lab/Page_KDMC/select_--Select--Schedule 4X-r'

2018-06-09 21:13:21 - [TEST_STEP][PASSED] - Statement - medicineslength = com.kms.katalon.core.webui.keyword.WebUiBuiltInKeywords.getNumberOfTotalOption(com.kms.katalon.core.testobject.ObjectRepository.findTestObject(lab/Page_KDMC/select_--Select--Automatic x-r)): 81 options of object 'Object Repository/lab/Page_KDMC/select_--Select--Automatic x-r' counted

2018-06-09 21:13:21 - [MESSAGE][PASSED] - 81 options of object 'Object Repository/lab/Page_KDMC/select_--Select--Automatic x-r' counted

2018-06-09 21:13:21 - [TEST_STEP][FAILED] - Statement - For ([e = 1, e < medicineslength, (e++)]): Unable to set text '10' of object 'Object Repository/lab/Page_KDMC/input_txttreat' (Root cause: org.openqa.selenium.WebDriverException: unknown error: cannot focus element
  (Session info: chrome=66.0.3359.181)
  (Driver info: chromedriver=2.35.528161 (5b82f2d2aae0ca24b877009200ced9065a772e73),platform=Windows NT 10.0.17134 x86_64) (WARNING: The server did not provide any stacktrace information)
Command duration or timeout: 0 milliseconds
Build info: version: '3.7.1', revision: '8a0099a', time: '2017-11-06T21:07:36.161Z'
System info: host: 'DESKTOP-BLFTK83', ip: '169.254.189.85', os.name: 'Windows 10', os.arch: 'amd64', os.version: '10.0', java.version: '1.8.0_102'
Driver info: com.kms.katalon.selenium.driver.CChromeDriver
Capabilities {acceptInsecureCerts: false, acceptSslCerts: false, applicationCacheEnabled: false, browserConnectionEnabled: false, browserName: chrome, chrome: {chromedriverVersion: 2.35.528161 (5b82f2d2aae0ca..., userDataDir: C:\Users\QUALIT~1\AppData\L...}, cssSelectorsEnabled: true, databaseEnabled: false, handlesAlerts: true, hasTouchScreen: false, javascriptEnabled: true, locationContextEnabled: true, mobileEmulationEnabled: false, nativeEvents: true, networkConnectionEnabled: false, pageLoadStrategy: normal, platform: XP, platformName: XP, rotatable: false, setWindowRect: true, takesHeapSnapshot: true, takesScreenshot: true, unexpectedAlertBehaviour: , unhandledPromptBehavior: , version: 66.0.3359.181, webStorageEnabled: true}
Session ID: 2130b36ad93201f8e752735ab59e20a2)

2018-06-09 21:13:21 - [TEST_STEP][PASSED] - selectOptionByIndex: All options with index in [6] are selected on object 'Object Repository/lab/Page_KDMC/select_--Select--Schedule 4X-r'

2018-06-09 21:13:21 - [MESSAGE][PASSED] - All options with index in [6] are selected on object 'Object Repository/lab/Page_KDMC/select_--Select--Schedule 4X-r'

2018-06-09 21:13:21 - [TEST_STEP][PASSED] - delay: Delayed 1 second(s)

2018-06-09 21:13:22 - [MESSAGE][PASSED] - Delayed 1 second(s)

2018-06-09 21:13:22 - [TEST_STEP][PASSED] - selectOptionByIndex: All options with index in [1] are selected on object 'Object Repository/lab/Page_KDMC/select_--Select--Automatic x-r'

2018-06-09 21:13:22 - [MESSAGE][PASSED] - All options with index in [1] are selected on object 'Object Repository/lab/Page_KDMC/select_--Select--Automatic x-r'

2018-06-09 21:13:22 - [TEST_STEP][PASSED] - delay: Delayed 1 second(s)

2018-06-09 21:13:23 - [MESSAGE][PASSED] - Delayed 1 second(s)

2018-06-09 21:13:23 - [TEST_STEP][PASSED] - setText: Text '10' is set on object 'Object Repository/lab/Page_KDMC/input_txttreat'

2018-06-09 21:13:23 - [MESSAGE][PASSED] - Text '10' is set on object 'Object Repository/lab/Page_KDMC/input_txttreat'

2018-06-09 21:13:23 - [TEST_STEP][PASSED] - click: Object: 'Object Repository/lab/Page_KDMC/button_Add' is clicked on

2018-06-09 21:13:24 - [MESSAGE][PASSED] - Object: 'Object Repository/lab/Page_KDMC/button_Add' is clicked on

2018-06-09 21:13:24 - [TEST_STEP][PASSED] - selectOptionByIndex: All options with index in [6] are selected on object 'Object Repository/lab/Page_KDMC/select_--Select--Schedule 4X-r'

2018-06-09 21:13:24 - [MESSAGE][PASSED] - All options with index in [6] are selected on object 'Object Repository/lab/Page_KDMC/select_--Select--Schedule 4X-r'

2018-06-09 21:13:24 - [TEST_STEP][PASSED] - delay: Delayed 1 second(s)

2018-06-09 21:13:25 - [MESSAGE][PASSED] - Delayed 1 second(s)

2018-06-09 21:13:25 - [TEST_STEP][PASSED] - selectOptionByIndex: All options with index in [2] are selected on object 'Object Repository/lab/Page_KDMC/select_--Select--Automatic x-r'

2018-06-09 21:13:25 - [MESSAGE][PASSED] - All options with index in [2] are selected on object 'Object Repository/lab/Page_KDMC/select_--Select--Automatic x-r'

2018-06-09 21:13:25 - [TEST_STEP][PASSED] - delay: Delayed 1 second(s)

2018-06-09 21:13:26 - [MESSAGE][PASSED] - Delayed 1 second(s)

2018-06-09 21:13:26 - [TEST_STEP][PASSED] - setText: Text '10' is set on object 'Object Repository/lab/Page_KDMC/input_txttreat'

2018-06-09 21:13:26 - [MESSAGE][PASSED] - Text '10' is set on object 'Object Repository/lab/Page_KDMC/input_txttreat'

2018-06-09 21:13:26 - [TEST_STEP][PASSED] - click: Object: 'Object Repository/lab/Page_KDMC/button_Add' is clicked on

2018-06-09 21:13:26 - [MESSAGE][PASSED] - Object: 'Object Repository/lab/Page_KDMC/button_Add' is clicked on

2018-06-09 21:13:26 - [TEST_STEP][PASSED] - selectOptionByIndex: All options with index in [6] are selected on object 'Object Repository/lab/Page_KDMC/select_--Select--Schedule 4X-r'

2018-06-09 21:13:26 - [MESSAGE][PASSED] - All options with index in [6] are selected on object 'Object Repository/lab/Page_KDMC/select_--Select--Schedule 4X-r'

2018-06-09 21:13:26 - [TEST_STEP][PASSED] - delay: Delayed 1 second(s)

2018-06-09 21:13:27 - [MESSAGE][PASSED] - Delayed 1 second(s)

2018-06-09 21:13:27 - [TEST_STEP][PASSED] - selectOptionByIndex: All options with index in [3] are selected on object 'Object Repository/lab/Page_KDMC/select_--Select--Automatic x-r'

2018-06-09 21:13:27 - [MESSAGE][PASSED] - All options with index in [3] are selected on object 'Object Repository/lab/Page_KDMC/select_--Select--Automatic x-r'

2018-06-09 21:13:27 - [TEST_STEP][PASSED] - delay: Delayed 1 second(s)

2018-06-09 21:13:28 - [MESSAGE][PASSED] - Delayed 1 second(s)

2018-06-09 21:13:28 - [TEST_STEP][PASSED] - setText: Text '10' is set on object 'Object Repository/lab/Page_KDMC/input_txttreat'

2018-06-09 21:13:28 - [MESSAGE][PASSED] - Text '10' is set on object 'Object Repository/lab/Page_KDMC/input_txttreat'

2018-06-09 21:13:28 - [TEST_STEP][PASSED] - click: Object: 'Object Repository/lab/Page_KDMC/button_Add' is clicked on

2018-06-09 21:13:28 - [MESSAGE][PASSED] - Object: 'Object Repository/lab/Page_KDMC/button_Add' is clicked on

2018-06-09 21:13:28 - [TEST_STEP][PASSED] - selectOptionByIndex: All options with index in [6] are selected on object 'Object Repository/lab/Page_KDMC/select_--Select--Schedule 4X-r'

2018-06-09 21:13:29 - [MESSAGE][PASSED] - All options with index in [6] are selected on object 'Object Repository/lab/Page_KDMC/select_--Select--Schedule 4X-r'

2018-06-09 21:13:29 - [TEST_STEP][PASSED] - delay: Delayed 1 second(s)

2018-06-09 21:13:30 - [MESSAGE][PASSED] - Delayed 1 second(s)

2018-06-09 21:13:30 - [TEST_STEP][PASSED] - selectOptionByIndex: All options with index in [4] are selected on object 'Object Repository/lab/Page_KDMC/select_--Select--Automatic x-r'

2018-06-09 21:13:30 - [MESSAGE][PASSED] - All options with index in [4] are selected on object 'Object Repository/lab/Page_KDMC/select_--Select--Automatic x-r'

2018-06-09 21:13:30 - [TEST_STEP][PASSED] - delay: Delayed 1 second(s)

2018-06-09 21:13:31 - [MESSAGE][PASSED] - Delayed 1 second(s)

2018-06-09 21:13:31 - [TEST_STEP][PASSED] - setText: Text '10' is set on object 'Object Repository/lab/Page_KDMC/input_txttreat'

2018-06-09 21:13:31 - [MESSAGE][PASSED] - Text '10' is set on object 'Object Repository/lab/Page_KDMC/input_txttreat'

2018-06-09 21:13:31 - [TEST_STEP][PASSED] - click: Object: 'Object Repository/lab/Page_KDMC/button_Add' is clicked on

2018-06-09 21:13:31 - [MESSAGE][PASSED] - Object: 'Object Repository/lab/Page_KDMC/button_Add' is clicked on

2018-06-09 21:13:31 - [TEST_STEP][PASSED] - selectOptionByIndex: All options with index in [6] are selected on object 'Object Repository/lab/Page_KDMC/select_--Select--Schedule 4X-r'

2018-06-09 21:13:31 - [MESSAGE][PASSED] - All options with index in [6] are selected on object 'Object Repository/lab/Page_KDMC/select_--Select--Schedule 4X-r'

2018-06-09 21:13:31 - [TEST_STEP][PASSED] - delay: Delayed 1 second(s)

2018-06-09 21:13:32 - [MESSAGE][PASSED] - Delayed 1 second(s)

2018-06-09 21:13:32 - [TEST_STEP][PASSED] - selectOptionByIndex: All options with index in [5] are selected on object 'Object Repository/lab/Page_KDMC/select_--Select--Automatic x-r'

2018-06-09 21:13:32 - [MESSAGE][PASSED] - All options with index in [5] are selected on object 'Object Repository/lab/Page_KDMC/select_--Select--Automatic x-r'

2018-06-09 21:13:32 - [TEST_STEP][PASSED] - delay: Delayed 1 second(s)

2018-06-09 21:13:33 - [MESSAGE][PASSED] - Delayed 1 second(s)

2018-06-09 21:13:33 - [TEST_STEP][PASSED] - setText: Text '10' is set on object 'Object Repository/lab/Page_KDMC/input_txttreat'

2018-06-09 21:13:33 - [MESSAGE][PASSED] - Text '10' is set on object 'Object Repository/lab/Page_KDMC/input_txttreat'

2018-06-09 21:13:33 - [TEST_STEP][PASSED] - click: Object: 'Object Repository/lab/Page_KDMC/button_Add' is clicked on

2018-06-09 21:13:33 - [MESSAGE][PASSED] - Object: 'Object Repository/lab/Page_KDMC/button_Add' is clicked on

2018-06-09 21:13:33 - [TEST_STEP][PASSED] - selectOptionByIndex: All options with index in [6] are selected on object 'Object Repository/lab/Page_KDMC/select_--Select--Schedule 4X-r'

2018-06-09 21:13:34 - [MESSAGE][PASSED] - All options with index in [6] are selected on object 'Object Repository/lab/Page_KDMC/select_--Select--Schedule 4X-r'

2018-06-09 21:13:34 - [TEST_STEP][PASSED] - delay: Delayed 1 second(s)

2018-06-09 21:13:35 - [MESSAGE][PASSED] - Delayed 1 second(s)

2018-06-09 21:13:35 - [TEST_STEP][PASSED] - selectOptionByIndex: All options with index in [6] are selected on object 'Object Repository/lab/Page_KDMC/select_--Select--Automatic x-r'

2018-06-09 21:13:35 - [MESSAGE][PASSED] - All options with index in [6] are selected on object 'Object Repository/lab/Page_KDMC/select_--Select--Automatic x-r'

2018-06-09 21:13:35 - [TEST_STEP][PASSED] - delay: Delayed 1 second(s)

2018-06-09 21:13:36 - [MESSAGE][PASSED] - Delayed 1 second(s)

2018-06-09 21:13:36 - [TEST_STEP][PASSED] - setText: Text '10' is set on object 'Object Repository/lab/Page_KDMC/input_txttreat'

2018-06-09 21:13:36 - [MESSAGE][PASSED] - Text '10' is set on object 'Object Repository/lab/Page_KDMC/input_txttreat'

2018-06-09 21:13:36 - [TEST_STEP][PASSED] - click: Object: 'Object Repository/lab/Page_KDMC/button_Add' is clicked on

2018-06-09 21:13:36 - [MESSAGE][PASSED] - Object: 'Object Repository/lab/Page_KDMC/button_Add' is clicked on

2018-06-09 21:13:36 - [TEST_STEP][PASSED] - selectOptionByIndex: All options with index in [6] are selected on object 'Object Repository/lab/Page_KDMC/select_--Select--Schedule 4X-r'

2018-06-09 21:13:36 - [MESSAGE][PASSED] - All options with index in [6] are selected on object 'Object Repository/lab/Page_KDMC/select_--Select--Schedule 4X-r'

2018-06-09 21:13:36 - [TEST_STEP][PASSED] - delay: Delayed 1 second(s)

2018-06-09 21:13:37 - [MESSAGE][PASSED] - Delayed 1 second(s)

2018-06-09 21:13:37 - [TEST_STEP][PASSED] - selectOptionByIndex: All options with index in [7] are selected on object 'Object Repository/lab/Page_KDMC/select_--Select--Automatic x-r'

2018-06-09 21:13:37 - [MESSAGE][PASSED] - All options with index in [7] are selected on object 'Object Repository/lab/Page_KDMC/select_--Select--Automatic x-r'

2018-06-09 21:13:37 - [TEST_STEP][PASSED] - delay: Delayed 1 second(s)

2018-06-09 21:13:38 - [MESSAGE][PASSED] - Delayed 1 second(s)

2018-06-09 21:13:38 - [TEST_STEP][PASSED] - setText: Text '10' is set on object 'Object Repository/lab/Page_KDMC/input_txttreat'

2018-06-09 21:13:38 - [MESSAGE][PASSED] - Text '10' is set on object 'Object Repository/lab/Page_KDMC/input_txttreat'

2018-06-09 21:13:38 - [TEST_STEP][PASSED] - click: Object: 'Object Repository/lab/Page_KDMC/button_Add' is clicked on

2018-06-09 21:13:38 - [MESSAGE][PASSED] - Object: 'Object Repository/lab/Page_KDMC/button_Add' is clicked on

2018-06-09 21:13:38 - [TEST_STEP][PASSED] - selectOptionByIndex: All options with index in [6] are selected on object 'Object Repository/lab/Page_KDMC/select_--Select--Schedule 4X-r'

2018-06-09 21:13:39 - [MESSAGE][PASSED] - All options with index in [6] are selected on object 'Object Repository/lab/Page_KDMC/select_--Select--Schedule 4X-r'

2018-06-09 21:13:39 - [TEST_STEP][PASSED] - delay: Delayed 1 second(s)

2018-06-09 21:13:40 - [MESSAGE][PASSED] - Delayed 1 second(s)

2018-06-09 21:13:40 - [TEST_STEP][PASSED] - selectOptionByIndex: All options with index in [8] are selected on object 'Object Repository/lab/Page_KDMC/select_--Select--Automatic x-r'

2018-06-09 21:13:40 - [MESSAGE][PASSED] - All options with index in [8] are selected on object 'Object Repository/lab/Page_KDMC/select_--Select--Automatic x-r'

2018-06-09 21:13:40 - [TEST_STEP][PASSED] - delay: Delayed 1 second(s)

2018-06-09 21:13:41 - [MESSAGE][PASSED] - Delayed 1 second(s)

2018-06-09 21:13:41 - [TEST_STEP][PASSED] - setText: Text '10' is set on object 'Object Repository/lab/Page_KDMC/input_txttreat'

2018-06-09 21:13:41 - [MESSAGE][PASSED] - Text '10' is set on object 'Object Repository/lab/Page_KDMC/input_txttreat'

2018-06-09 21:13:41 - [TEST_STEP][PASSED] - click: Object: 'Object Repository/lab/Page_KDMC/button_Add' is clicked on

2018-06-09 21:13:41 - [MESSAGE][PASSED] - Object: 'Object Repository/lab/Page_KDMC/button_Add' is clicked on

2018-06-09 21:13:41 - [TEST_STEP][PASSED] - selectOptionByIndex: All options with index in [6] are selected on object 'Object Repository/lab/Page_KDMC/select_--Select--Schedule 4X-r'

2018-06-09 21:13:41 - [MESSAGE][PASSED] - All options with index in [6] are selected on object 'Object Repository/lab/Page_KDMC/select_--Select--Schedule 4X-r'

2018-06-09 21:13:41 - [TEST_STEP][PASSED] - delay: Delayed 1 second(s)

2018-06-09 21:13:42 - [MESSAGE][PASSED] - Delayed 1 second(s)

2018-06-09 21:13:42 - [TEST_STEP][PASSED] - selectOptionByIndex: All options with index in [9] are selected on object 'Object Repository/lab/Page_KDMC/select_--Select--Automatic x-r'

2018-06-09 21:13:42 - [MESSAGE][PASSED] - All options with index in [9] are selected on object 'Object Repository/lab/Page_KDMC/select_--Select--Automatic x-r'

2018-06-09 21:13:42 - [TEST_STEP][PASSED] - delay: Delayed 1 second(s)

2018-06-09 21:13:43 - [MESSAGE][PASSED] - Delayed 1 second(s)

2018-06-09 21:13:43 - [TEST_STEP][PASSED] - setText: Text '10' is set on object 'Object Repository/lab/Page_KDMC/input_txttreat'

2018-06-09 21:13:43 - [MESSAGE][PASSED] - Text '10' is set on object 'Object Repository/lab/Page_KDMC/input_txttreat'

2018-06-09 21:13:43 - [TEST_STEP][PASSED] - click: Object: 'Object Repository/lab/Page_KDMC/button_Add' is clicked on

2018-06-09 21:13:43 - [MESSAGE][PASSED] - Object: 'Object Repository/lab/Page_KDMC/button_Add' is clicked on

2018-06-09 21:13:43 - [TEST_STEP][PASSED] - selectOptionByIndex: All options with index in [6] are selected on object 'Object Repository/lab/Page_KDMC/select_--Select--Schedule 4X-r'

2018-06-09 21:13:44 - [MESSAGE][PASSED] - All options with index in [6] are selected on object 'Object Repository/lab/Page_KDMC/select_--Select--Schedule 4X-r'

2018-06-09 21:13:44 - [TEST_STEP][PASSED] - delay: Delayed 1 second(s)

2018-06-09 21:13:45 - [MESSAGE][PASSED] - Delayed 1 second(s)

2018-06-09 21:13:45 - [TEST_STEP][PASSED] - selectOptionByIndex: All options with index in [10] are selected on object 'Object Repository/lab/Page_KDMC/select_--Select--Automatic x-r'

2018-06-09 21:13:45 - [MESSAGE][PASSED] - All options with index in [10] are selected on object 'Object Repository/lab/Page_KDMC/select_--Select--Automatic x-r'

2018-06-09 21:13:45 - [TEST_STEP][PASSED] - delay: Delayed 1 second(s)

2018-06-09 21:13:46 - [MESSAGE][PASSED] - Delayed 1 second(s)

2018-06-09 21:13:46 - [TEST_STEP][PASSED] - setText: Text '10' is set on object 'Object Repository/lab/Page_KDMC/input_txttreat'

2018-06-09 21:13:46 - [MESSAGE][PASSED] - Text '10' is set on object 'Object Repository/lab/Page_KDMC/input_txttreat'

2018-06-09 21:13:46 - [TEST_STEP][PASSED] - click: Object: 'Object Repository/lab/Page_KDMC/button_Add' is clicked on

2018-06-09 21:13:46 - [MESSAGE][PASSED] - Object: 'Object Repository/lab/Page_KDMC/button_Add' is clicked on

2018-06-09 21:13:46 - [TEST_STEP][PASSED] - selectOptionByIndex: All options with index in [6] are selected on object 'Object Repository/lab/Page_KDMC/select_--Select--Schedule 4X-r'

2018-06-09 21:13:46 - [MESSAGE][PASSED] - All options with index in [6] are selected on object 'Object Repository/lab/Page_KDMC/select_--Select--Schedule 4X-r'

2018-06-09 21:13:46 - [TEST_STEP][PASSED] - delay: Delayed 1 second(s)

2018-06-09 21:13:47 - [MESSAGE][PASSED] - Delayed 1 second(s)

2018-06-09 21:13:47 - [TEST_STEP][PASSED] - selectOptionByIndex: All options with index in [11] are selected on object 'Object Repository/lab/Page_KDMC/select_--Select--Automatic x-r'

2018-06-09 21:13:47 - [MESSAGE][PASSED] - All options with index in [11] are selected on object 'Object Repository/lab/Page_KDMC/select_--Select--Automatic x-r'

2018-06-09 21:13:47 - [TEST_STEP][PASSED] - delay: Delayed 1 second(s)

2018-06-09 21:13:48 - [MESSAGE][PASSED] - Delayed 1 second(s)

2018-06-09 21:13:48 - [TEST_STEP][PASSED] - setText: Text '10' is set on object 'Object Repository/lab/Page_KDMC/input_txttreat'

2018-06-09 21:13:48 - [MESSAGE][PASSED] - Text '10' is set on object 'Object Repository/lab/Page_KDMC/input_txttreat'

2018-06-09 21:13:48 - [TEST_STEP][PASSED] - click: Object: 'Object Repository/lab/Page_KDMC/button_Add' is clicked on

2018-06-09 21:13:49 - [MESSAGE][PASSED] - Object: 'Object Repository/lab/Page_KDMC/button_Add' is clicked on

2018-06-09 21:13:49 - [TEST_STEP][PASSED] - selectOptionByIndex: All options with index in [6] are selected on object 'Object Repository/lab/Page_KDMC/select_--Select--Schedule 4X-r'

2018-06-09 21:13:49 - [MESSAGE][PASSED] - All options with index in [6] are selected on object 'Object Repository/lab/Page_KDMC/select_--Select--Schedule 4X-r'

2018-06-09 21:13:49 - [TEST_STEP][PASSED] - delay: Delayed 1 second(s)

2018-06-09 21:13:50 - [MESSAGE][PASSED] - Delayed 1 second(s)

2018-06-09 21:13:50 - [TEST_STEP][PASSED] - selectOptionByIndex: All options with index in [12] are selected on object 'Object Repository/lab/Page_KDMC/select_--Select--Automatic x-r'

2018-06-09 21:13:50 - [MESSAGE][PASSED] - All options with index in [12] are selected on object 'Object Repository/lab/Page_KDMC/select_--Select--Automatic x-r'

2018-06-09 21:13:50 - [TEST_STEP][PASSED] - delay: Delayed 1 second(s)

2018-06-09 21:13:51 - [MESSAGE][PASSED] - Delayed 1 second(s)

2018-06-09 21:13:51 - [TEST_STEP][PASSED] - setText: Text '10' is set on object 'Object Repository/lab/Page_KDMC/input_txttreat'

2018-06-09 21:13:51 - [MESSAGE][PASSED] - Text '10' is set on object 'Object Repository/lab/Page_KDMC/input_txttreat'

2018-06-09 21:13:51 - [TEST_STEP][PASSED] - click: Object: 'Object Repository/lab/Page_KDMC/button_Add' is clicked on

2018-06-09 21:13:51 - [MESSAGE][PASSED] - Object: 'Object Repository/lab/Page_KDMC/button_Add' is clicked on

2018-06-09 21:13:51 - [TEST_STEP][PASSED] - selectOptionByIndex: All options with index in [6] are selected on object 'Object Repository/lab/Page_KDMC/select_--Select--Schedule 4X-r'

2018-06-09 21:13:51 - [MESSAGE][PASSED] - All options with index in [6] are selected on object 'Object Repository/lab/Page_KDMC/select_--Select--Schedule 4X-r'

2018-06-09 21:13:51 - [TEST_STEP][PASSED] - delay: Delayed 1 second(s)

2018-06-09 21:13:52 - [MESSAGE][PASSED] - Delayed 1 second(s)

2018-06-09 21:13:52 - [TEST_STEP][PASSED] - selectOptionByIndex: All options with index in [13] are selected on object 'Object Repository/lab/Page_KDMC/select_--Select--Automatic x-r'

2018-06-09 21:13:53 - [MESSAGE][PASSED] - All options with index in [13] are selected on object 'Object Repository/lab/Page_KDMC/select_--Select--Automatic x-r'

2018-06-09 21:13:53 - [TEST_STEP][PASSED] - delay: Delayed 1 second(s)

2018-06-09 21:13:54 - [MESSAGE][PASSED] - Delayed 1 second(s)

2018-06-09 21:13:54 - [TEST_STEP][PASSED] - setText: Text '10' is set on object 'Object Repository/lab/Page_KDMC/input_txttreat'

2018-06-09 21:13:54 - [MESSAGE][PASSED] - Text '10' is set on object 'Object Repository/lab/Page_KDMC/input_txttreat'

2018-06-09 21:13:54 - [TEST_STEP][PASSED] - click: Object: 'Object Repository/lab/Page_KDMC/button_Add' is clicked on

2018-06-09 21:13:54 - [MESSAGE][PASSED] - Object: 'Object Repository/lab/Page_KDMC/button_Add' is clicked on

2018-06-09 21:13:54 - [TEST_STEP][PASSED] - selectOptionByIndex: All options with index in [6] are selected on object 'Object Repository/lab/Page_KDMC/select_--Select--Schedule 4X-r'

2018-06-09 21:13:54 - [MESSAGE][PASSED] - All options with index in [6] are selected on object 'Object Repository/lab/Page_KDMC/select_--Select--Schedule 4X-r'

2018-06-09 21:13:54 - [TEST_STEP][PASSED] - delay: Delayed 1 second(s)

2018-06-09 21:13:55 - [MESSAGE][PASSED] - Delayed 1 second(s)

2018-06-09 21:13:55 - [TEST_STEP][PASSED] - selectOptionByIndex: All options with index in [14] are selected on object 'Object Repository/lab/Page_KDMC/select_--Select--Automatic x-r'

2018-06-09 21:13:55 - [MESSAGE][PASSED] - All options with index in [14] are selected on object 'Object Repository/lab/Page_KDMC/select_--Select--Automatic x-r'

2018-06-09 21:13:55 - [TEST_STEP][PASSED] - delay: Delayed 1 second(s)

2018-06-09 21:13:56 - [MESSAGE][PASSED] - Delayed 1 second(s)

2018-06-09 21:13:56 - [TEST_STEP][PASSED] - setText: Text '10' is set on object 'Object Repository/lab/Page_KDMC/input_txttreat'

2018-06-09 21:13:56 - [MESSAGE][PASSED] - Text '10' is set on object 'Object Repository/lab/Page_KDMC/input_txttreat'

2018-06-09 21:13:56 - [TEST_STEP][PASSED] - click: Object: 'Object Repository/lab/Page_KDMC/button_Add' is clicked on

2018-06-09 21:13:56 - [MESSAGE][PASSED] - Object: 'Object Repository/lab/Page_KDMC/button_Add' is clicked on

2018-06-09 21:13:56 - [TEST_STEP][PASSED] - selectOptionByIndex: All options with index in [6] are selected on object 'Object Repository/lab/Page_KDMC/select_--Select--Schedule 4X-r'

2018-06-09 21:13:56 - [MESSAGE][PASSED] - All options with index in [6] are selected on object 'Object Repository/lab/Page_KDMC/select_--Select--Schedule 4X-r'

2018-06-09 21:13:56 - [TEST_STEP][PASSED] - delay: Delayed 1 second(s)

2018-06-09 21:13:57 - [MESSAGE][PASSED] - Delayed 1 second(s)

2018-06-09 21:13:57 - [TEST_STEP][PASSED] - selectOptionByIndex: All options with index in [15] are selected on object 'Object Repository/lab/Page_KDMC/select_--Select--Automatic x-r'

2018-06-09 21:13:58 - [MESSAGE][PASSED] - All options with index in [15] are selected on object 'Object Repository/lab/Page_KDMC/select_--Select--Automatic x-r'

2018-06-09 21:13:58 - [TEST_STEP][PASSED] - delay: Delayed 1 second(s)

2018-06-09 21:13:59 - [MESSAGE][PASSED] - Delayed 1 second(s)

2018-06-09 21:13:59 - [TEST_STEP][PASSED] - setText: Text '10' is set on object 'Object Repository/lab/Page_KDMC/input_txttreat'

2018-06-09 21:13:59 - [MESSAGE][PASSED] - Text '10' is set on object 'Object Repository/lab/Page_KDMC/input_txttreat'

2018-06-09 21:13:59 - [TEST_STEP][PASSED] - click: Object: 'Object Repository/lab/Page_KDMC/button_Add' is clicked on

2018-06-09 21:13:59 - [MESSAGE][PASSED] - Object: 'Object Repository/lab/Page_KDMC/button_Add' is clicked on

2018-06-09 21:13:59 - [TEST_STEP][PASSED] - selectOptionByIndex: All options with index in [6] are selected on object 'Object Repository/lab/Page_KDMC/select_--Select--Schedule 4X-r'

2018-06-09 21:13:59 - [MESSAGE][PASSED] - All options with index in [6] are selected on object 'Object Repository/lab/Page_KDMC/select_--Select--Schedule 4X-r'

2018-06-09 21:13:59 - [TEST_STEP][PASSED] - delay: Delayed 1 second(s)

2018-06-09 21:14:00 - [MESSAGE][PASSED] - Delayed 1 second(s)

2018-06-09 21:14:00 - [TEST_STEP][PASSED] - selectOptionByIndex: All options with index in [16] are selected on object 'Object Repository/lab/Page_KDMC/select_--Select--Automatic x-r'

2018-06-09 21:14:00 - [MESSAGE][PASSED] - All options with index in [16] are selected on object 'Object Repository/lab/Page_KDMC/select_--Select--Automatic x-r'

2018-06-09 21:14:00 - [TEST_STEP][PASSED] - delay: Delayed 1 second(s)

2018-06-09 21:14:01 - [MESSAGE][PASSED] - Delayed 1 second(s)

2018-06-09 21:14:01 - [TEST_STEP][PASSED] - setText: Text '10' is set on object 'Object Repository/lab/Page_KDMC/input_txttreat'

2018-06-09 21:14:01 - [MESSAGE][PASSED] - Text '10' is set on object 'Object Repository/lab/Page_KDMC/input_txttreat'

2018-06-09 21:14:01 - [TEST_STEP][PASSED] - click: Object: 'Object Repository/lab/Page_KDMC/button_Add' is clicked on

2018-06-09 21:14:01 - [MESSAGE][PASSED] - Object: 'Object Repository/lab/Page_KDMC/button_Add' is clicked on

2018-06-09 21:14:01 - [TEST_STEP][PASSED] - selectOptionByIndex: All options with index in [6] are selected on object 'Object Repository/lab/Page_KDMC/select_--Select--Schedule 4X-r'

2018-06-09 21:14:02 - [MESSAGE][PASSED] - All options with index in [6] are selected on object 'Object Repository/lab/Page_KDMC/select_--Select--Schedule 4X-r'

2018-06-09 21:14:02 - [TEST_STEP][PASSED] - delay: Delayed 1 second(s)

2018-06-09 21:14:03 - [MESSAGE][PASSED] - Delayed 1 second(s)

2018-06-09 21:14:03 - [TEST_STEP][PASSED] - selectOptionByIndex: All options with index in [17] are selected on object 'Object Repository/lab/Page_KDMC/select_--Select--Automatic x-r'

2018-06-09 21:14:03 - [MESSAGE][PASSED] - All options with index in [17] are selected on object 'Object Repository/lab/Page_KDMC/select_--Select--Automatic x-r'

2018-06-09 21:14:03 - [TEST_STEP][PASSED] - delay: Delayed 1 second(s)

2018-06-09 21:14:04 - [MESSAGE][PASSED] - Delayed 1 second(s)

2018-06-09 21:14:04 - [TEST_STEP][PASSED] - setText: Text '10' is set on object 'Object Repository/lab/Page_KDMC/input_txttreat'

2018-06-09 21:14:04 - [MESSAGE][PASSED] - Text '10' is set on object 'Object Repository/lab/Page_KDMC/input_txttreat'

2018-06-09 21:14:04 - [TEST_STEP][PASSED] - click: Object: 'Object Repository/lab/Page_KDMC/button_Add' is clicked on

2018-06-09 21:14:04 - [MESSAGE][PASSED] - Object: 'Object Repository/lab/Page_KDMC/button_Add' is clicked on

2018-06-09 21:14:04 - [TEST_STEP][PASSED] - selectOptionByIndex: All options with index in [6] are selected on object 'Object Repository/lab/Page_KDMC/select_--Select--Schedule 4X-r'

2018-06-09 21:14:04 - [MESSAGE][PASSED] - All options with index in [6] are selected on object 'Object Repository/lab/Page_KDMC/select_--Select--Schedule 4X-r'

2018-06-09 21:14:04 - [TEST_STEP][PASSED] - delay: Delayed 1 second(s)

2018-06-09 21:14:05 - [MESSAGE][PASSED] - Delayed 1 second(s)

2018-06-09 21:14:05 - [TEST_STEP][PASSED] - selectOptionByIndex: All options with index in [18] are selected on object 'Object Repository/lab/Page_KDMC/select_--Select--Automatic x-r'

2018-06-09 21:14:05 - [MESSAGE][PASSED] - All options with index in [18] are selected on object 'Object Repository/lab/Page_KDMC/select_--Select--Automatic x-r'

2018-06-09 21:14:05 - [TEST_STEP][PASSED] - delay: Delayed 1 second(s)

2018-06-09 21:14:06 - [MESSAGE][PASSED] - Delayed 1 second(s)

2018-06-09 21:14:06 - [TEST_STEP][PASSED] - setText: Text '10' is set on object 'Object Repository/lab/Page_KDMC/input_txttreat'

2018-06-09 21:14:07 - [MESSAGE][PASSED] - Text '10' is set on object 'Object Repository/lab/Page_KDMC/input_txttreat'

2018-06-09 21:14:07 - [TEST_STEP][PASSED] - click: Object: 'Object Repository/lab/Page_KDMC/button_Add' is clicked on

2018-06-09 21:14:07 - [MESSAGE][PASSED] - Object: 'Object Repository/lab/Page_KDMC/button_Add' is clicked on

2018-06-09 21:14:07 - [TEST_STEP][PASSED] - selectOptionByIndex: All options with index in [6] are selected on object 'Object Repository/lab/Page_KDMC/select_--Select--Schedule 4X-r'

2018-06-09 21:14:07 - [MESSAGE][PASSED] - All options with index in [6] are selected on object 'Object Repository/lab/Page_KDMC/select_--Select--Schedule 4X-r'

2018-06-09 21:14:07 - [TEST_STEP][PASSED] - delay: Delayed 1 second(s)

2018-06-09 21:14:08 - [MESSAGE][PASSED] - Delayed 1 second(s)

2018-06-09 21:14:08 - [TEST_STEP][PASSED] - selectOptionByIndex: All options with index in [19] are selected on object 'Object Repository/lab/Page_KDMC/select_--Select--Automatic x-r'

2018-06-09 21:14:08 - [MESSAGE][PASSED] - All options with index in [19] are selected on object 'Object Repository/lab/Page_KDMC/select_--Select--Automatic x-r'

2018-06-09 21:14:08 - [TEST_STEP][PASSED] - delay: Delayed 1 second(s)

2018-06-09 21:14:09 - [MESSAGE][PASSED] - Delayed 1 second(s)

2018-06-09 21:14:09 - [TEST_STEP][PASSED] - setText: Text '10' is set on object 'Object Repository/lab/Page_KDMC/input_txttreat'

2018-06-09 21:14:09 - [MESSAGE][PASSED] - Text '10' is set on object 'Object Repository/lab/Page_KDMC/input_txttreat'

2018-06-09 21:14:09 - [TEST_STEP][PASSED] - click: Object: 'Object Repository/lab/Page_KDMC/button_Add' is clicked on

2018-06-09 21:14:09 - [MESSAGE][PASSED] - Object: 'Object Repository/lab/Page_KDMC/button_Add' is clicked on

2018-06-09 21:14:09 - [TEST_STEP][PASSED] - selectOptionByIndex: All options with index in [6] are selected on object 'Object Repository/lab/Page_KDMC/select_--Select--Schedule 4X-r'

2018-06-09 21:14:09 - [MESSAGE][PASSED] - All options with index in [6] are selected on object 'Object Repository/lab/Page_KDMC/select_--Select--Schedule 4X-r'

2018-06-09 21:14:09 - [TEST_STEP][PASSED] - delay: Delayed 1 second(s)

2018-06-09 21:14:10 - [MESSAGE][PASSED] - Delayed 1 second(s)

2018-06-09 21:14:10 - [TEST_STEP][PASSED] - selectOptionByIndex: All options with index in [20] are selected on object 'Object Repository/lab/Page_KDMC/select_--Select--Automatic x-r'

2018-06-09 21:14:11 - [MESSAGE][PASSED] - All options with index in [20] are selected on object 'Object Repository/lab/Page_KDMC/select_--Select--Automatic x-r'

2018-06-09 21:14:11 - [TEST_STEP][PASSED] - delay: Delayed 1 second(s)

2018-06-09 21:14:12 - [MESSAGE][PASSED] - Delayed 1 second(s)

2018-06-09 21:14:12 - [TEST_STEP][PASSED] - setText: Text '10' is set on object 'Object Repository/lab/Page_KDMC/input_txttreat'

2018-06-09 21:14:12 - [MESSAGE][PASSED] - Text '10' is set on object 'Object Repository/lab/Page_KDMC/input_txttreat'

2018-06-09 21:14:12 - [TEST_STEP][PASSED] - click: Object: 'Object Repository/lab/Page_KDMC/button_Add' is clicked on

2018-06-09 21:14:12 - [MESSAGE][PASSED] - Object: 'Object Repository/lab/Page_KDMC/button_Add' is clicked on

2018-06-09 21:14:12 - [TEST_STEP][PASSED] - selectOptionByIndex: All options with index in [6] are selected on object 'Object Repository/lab/Page_KDMC/select_--Select--Schedule 4X-r'

2018-06-09 21:14:12 - [MESSAGE][PASSED] - All options with index in [6] are selected on object 'Object Repository/lab/Page_KDMC/select_--Select--Schedule 4X-r'

2018-06-09 21:14:12 - [TEST_STEP][PASSED] - delay: Delayed 1 second(s)

2018-06-09 21:14:13 - [MESSAGE][PASSED] - Delayed 1 second(s)

2018-06-09 21:14:13 - [TEST_STEP][PASSED] - selectOptionByIndex: All options with index in [21] are selected on object 'Object Repository/lab/Page_KDMC/select_--Select--Automatic x-r'

2018-06-09 21:14:13 - [MESSAGE][PASSED] - All options with index in [21] are selected on object 'Object Repository/lab/Page_KDMC/select_--Select--Automatic x-r'

2018-06-09 21:14:13 - [TEST_STEP][PASSED] - delay: Delayed 1 second(s)

2018-06-09 21:14:14 - [MESSAGE][PASSED] - Delayed 1 second(s)

2018-06-09 21:14:14 - [TEST_STEP][PASSED] - setText: Text '10' is set on object 'Object Repository/lab/Page_KDMC/input_txttreat'

2018-06-09 21:14:14 - [MESSAGE][PASSED] - Text '10' is set on object 'Object Repository/lab/Page_KDMC/input_txttreat'

2018-06-09 21:14:14 - [TEST_STEP][PASSED] - click: Object: 'Object Repository/lab/Page_KDMC/button_Add' is clicked on

2018-06-09 21:14:14 - [MESSAGE][PASSED] - Object: 'Object Repository/lab/Page_KDMC/button_Add' is clicked on

2018-06-09 21:14:14 - [TEST_STEP][PASSED] - selectOptionByIndex: All options with index in [6] are selected on object 'Object Repository/lab/Page_KDMC/select_--Select--Schedule 4X-r'

2018-06-09 21:14:15 - [MESSAGE][PASSED] - All options with index in [6] are selected on object 'Object Repository/lab/Page_KDMC/select_--Select--Schedule 4X-r'

2018-06-09 21:14:15 - [TEST_STEP][PASSED] - delay: Delayed 1 second(s)

2018-06-09 21:14:16 - [MESSAGE][PASSED] - Delayed 1 second(s)

2018-06-09 21:14:16 - [TEST_STEP][PASSED] - selectOptionByIndex: All options with index in [22] are selected on object 'Object Repository/lab/Page_KDMC/select_--Select--Automatic x-r'

2018-06-09 21:14:16 - [MESSAGE][PASSED] - All options with index in [22] are selected on object 'Object Repository/lab/Page_KDMC/select_--Select--Automatic x-r'

2018-06-09 21:14:16 - [TEST_STEP][PASSED] - delay: Delayed 1 second(s)

2018-06-09 21:14:17 - [MESSAGE][PASSED] - Delayed 1 second(s)

2018-06-09 21:14:17 - [TEST_STEP][PASSED] - setText: Text '10' is set on object 'Object Repository/lab/Page_KDMC/input_txttreat'

2018-06-09 21:14:17 - [MESSAGE][PASSED] - Text '10' is set on object 'Object Repository/lab/Page_KDMC/input_txttreat'

2018-06-09 21:14:17 - [TEST_STEP][PASSED] - click: Object: 'Object Repository/lab/Page_KDMC/button_Add' is clicked on

2018-06-09 21:14:17 - [MESSAGE][PASSED] - Object: 'Object Repository/lab/Page_KDMC/button_Add' is clicked on

2018-06-09 21:14:17 - [TEST_STEP][PASSED] - selectOptionByIndex: All options with index in [6] are selected on object 'Object Repository/lab/Page_KDMC/select_--Select--Schedule 4X-r'

2018-06-09 21:14:17 - [MESSAGE][PASSED] - All options with index in [6] are selected on object 'Object Repository/lab/Page_KDMC/select_--Select--Schedule 4X-r'

2018-06-09 21:14:17 - [TEST_STEP][PASSED] - delay: Delayed 1 second(s)

2018-06-09 21:14:18 - [MESSAGE][PASSED] - Delayed 1 second(s)

2018-06-09 21:14:18 - [TEST_STEP][PASSED] - selectOptionByIndex: All options with index in [23] are selected on object 'Object Repository/lab/Page_KDMC/select_--Select--Automatic x-r'

2018-06-09 21:14:19 - [MESSAGE][PASSED] - All options with index in [23] are selected on object 'Object Repository/lab/Page_KDMC/select_--Select--Automatic x-r'

2018-06-09 21:14:19 - [TEST_STEP][PASSED] - delay: Delayed 1 second(s)

2018-06-09 21:14:20 - [MESSAGE][PASSED] - Delayed 1 second(s)

2018-06-09 21:14:20 - [TEST_STEP][PASSED] - setText: Text '10' is set on object 'Object Repository/lab/Page_KDMC/input_txttreat'

2018-06-09 21:14:20 - [MESSAGE][PASSED] - Text '10' is set on object 'Object Repository/lab/Page_KDMC/input_txttreat'

2018-06-09 21:14:20 - [TEST_STEP][PASSED] - click: Object: 'Object Repository/lab/Page_KDMC/button_Add' is clicked on

2018-06-09 21:14:20 - [MESSAGE][PASSED] - Object: 'Object Repository/lab/Page_KDMC/button_Add' is clicked on

2018-06-09 21:14:20 - [TEST_STEP][PASSED] - selectOptionByIndex: All options with index in [6] are selected on object 'Object Repository/lab/Page_KDMC/select_--Select--Schedule 4X-r'

2018-06-09 21:14:20 - [MESSAGE][PASSED] - All options with index in [6] are selected on object 'Object Repository/lab/Page_KDMC/select_--Select--Schedule 4X-r'

2018-06-09 21:14:20 - [TEST_STEP][PASSED] - delay: Delayed 1 second(s)

2018-06-09 21:14:21 - [MESSAGE][PASSED] - Delayed 1 second(s)

2018-06-09 21:14:21 - [TEST_STEP][PASSED] - selectOptionByIndex: All options with index in [24] are selected on object 'Object Repository/lab/Page_KDMC/select_--Select--Automatic x-r'

2018-06-09 21:14:21 - [MESSAGE][PASSED] - All options with index in [24] are selected on object 'Object Repository/lab/Page_KDMC/select_--Select--Automatic x-r'

2018-06-09 21:14:21 - [TEST_STEP][PASSED] - delay: Delayed 1 second(s)

2018-06-09 21:14:22 - [MESSAGE][PASSED] - Delayed 1 second(s)

2018-06-09 21:14:22 - [TEST_STEP][PASSED] - setText: Text '10' is set on object 'Object Repository/lab/Page_KDMC/input_txttreat'

2018-06-09 21:14:23 - [MESSAGE][PASSED] - Text '10' is set on object 'Object Repository/lab/Page_KDMC/input_txttreat'

2018-06-09 21:14:23 - [TEST_STEP][PASSED] - click: Object: 'Object Repository/lab/Page_KDMC/button_Add' is clicked on

2018-06-09 21:14:23 - [MESSAGE][PASSED] - Object: 'Object Repository/lab/Page_KDMC/button_Add' is clicked on

2018-06-09 21:14:23 - [TEST_STEP][PASSED] - selectOptionByIndex: All options with index in [6] are selected on object 'Object Repository/lab/Page_KDMC/select_--Select--Schedule 4X-r'

2018-06-09 21:14:23 - [MESSAGE][PASSED] - All options with index in [6] are selected on object 'Object Repository/lab/Page_KDMC/select_--Select--Schedule 4X-r'

2018-06-09 21:14:23 - [TEST_STEP][PASSED] - delay: Delayed 1 second(s)

2018-06-09 21:14:24 - [MESSAGE][PASSED] - Delayed 1 second(s)

2018-06-09 21:14:24 - [TEST_STEP][PASSED] - selectOptionByIndex: All options with index in [25] are selected on object 'Object Repository/lab/Page_KDMC/select_--Select--Automatic x-r'

2018-06-09 21:14:24 - [MESSAGE][PASSED] - All options with index in [25] are selected on object 'Object Repository/lab/Page_KDMC/select_--Select--Automatic x-r'

2018-06-09 21:14:24 - [TEST_STEP][PASSED] - delay: Delayed 1 second(s)

2018-06-09 21:14:25 - [MESSAGE][PASSED] - Delayed 1 second(s)

2018-06-09 21:14:25 - [TEST_STEP][PASSED] - setText: Text '10' is set on object 'Object Repository/lab/Page_KDMC/input_txttreat'

2018-06-09 21:14:25 - [MESSAGE][PASSED] - Text '10' is set on object 'Object Repository/lab/Page_KDMC/input_txttreat'

2018-06-09 21:14:25 - [TEST_STEP][PASSED] - click: Object: 'Object Repository/lab/Page_KDMC/button_Add' is clicked on

2018-06-09 21:14:25 - [MESSAGE][PASSED] - Object: 'Object Repository/lab/Page_KDMC/button_Add' is clicked on

2018-06-09 21:14:25 - [TEST_STEP][PASSED] - selectOptionByIndex: All options with index in [6] are selected on object 'Object Repository/lab/Page_KDMC/select_--Select--Schedule 4X-r'

2018-06-09 21:14:26 - [MESSAGE][PASSED] - All options with index in [6] are selected on object 'Object Repository/lab/Page_KDMC/select_--Select--Schedule 4X-r'

2018-06-09 21:14:26 - [TEST_STEP][PASSED] - delay: Delayed 1 second(s)

2018-06-09 21:14:27 - [MESSAGE][PASSED] - Delayed 1 second(s)

2018-06-09 21:14:27 - [TEST_STEP][PASSED] - selectOptionByIndex: All options with index in [26] are selected on object 'Object Repository/lab/Page_KDMC/select_--Select--Automatic x-r'

2018-06-09 21:14:27 - [MESSAGE][PASSED] - All options with index in [26] are selected on object 'Object Repository/lab/Page_KDMC/select_--Select--Automatic x-r'

2018-06-09 21:14:27 - [TEST_STEP][PASSED] - delay: Delayed 1 second(s)

2018-06-09 21:14:28 - [MESSAGE][PASSED] - Delayed 1 second(s)

2018-06-09 21:14:28 - [TEST_STEP][PASSED] - setText: Text '10' is set on object 'Object Repository/lab/Page_KDMC/input_txttreat'

2018-06-09 21:14:28 - [MESSAGE][PASSED] - Text '10' is set on object 'Object Repository/lab/Page_KDMC/input_txttreat'

2018-06-09 21:14:28 - [TEST_STEP][PASSED] - click: Object: 'Object Repository/lab/Page_KDMC/button_Add' is clicked on

2018-06-09 21:14:28 - [MESSAGE][PASSED] - Object: 'Object Repository/lab/Page_KDMC/button_Add' is clicked on

2018-06-09 21:14:28 - [TEST_STEP][PASSED] - selectOptionByIndex: All options with index in [6] are selected on object 'Object Repository/lab/Page_KDMC/select_--Select--Schedule 4X-r'

2018-06-09 21:14:28 - [MESSAGE][PASSED] - All options with index in [6] are selected on object 'Object Repository/lab/Page_KDMC/select_--Select--Schedule 4X-r'

2018-06-09 21:14:28 - [TEST_STEP][PASSED] - delay: Delayed 1 second(s)

2018-06-09 21:14:29 - [MESSAGE][PASSED] - Delayed 1 second(s)

2018-06-09 21:14:29 - [TEST_STEP][PASSED] - selectOptionByIndex: All options with index in [27] are selected on object 'Object Repository/lab/Page_KDMC/select_--Select--Automatic x-r'

2018-06-09 21:14:30 - [MESSAGE][PASSED] - All options with index in [27] are selected on object 'Object Repository/lab/Page_KDMC/select_--Select--Automatic x-r'

2018-06-09 21:14:30 - [TEST_STEP][PASSED] - delay: Delayed 1 second(s)

2018-06-09 21:14:31 - [MESSAGE][PASSED] - Delayed 1 second(s)

2018-06-09 21:14:31 - [TEST_STEP][PASSED] - setText: Text '10' is set on object 'Object Repository/lab/Page_KDMC/input_txttreat'

2018-06-09 21:14:31 - [MESSAGE][PASSED] - Text '10' is set on object 'Object Repository/lab/Page_KDMC/input_txttreat'

2018-06-09 21:14:31 - [TEST_STEP][PASSED] - click: Object: 'Object Repository/lab/Page_KDMC/button_Add' is clicked on

2018-06-09 21:14:31 - [MESSAGE][PASSED] - Object: 'Object Repository/lab/Page_KDMC/button_Add' is clicked on

2018-06-09 21:14:31 - [TEST_STEP][PASSED] - selectOptionByIndex: All options with index in [6] are selected on object 'Object Repository/lab/Page_KDMC/select_--Select--Schedule 4X-r'

2018-06-09 21:14:31 - [MESSAGE][PASSED] - All options with index in [6] are selected on object 'Object Repository/lab/Page_KDMC/select_--Select--Schedule 4X-r'

2018-06-09 21:14:31 - [TEST_STEP][PASSED] - delay: Delayed 1 second(s)

2018-06-09 21:14:32 - [MESSAGE][PASSED] - Delayed 1 second(s)

2018-06-09 21:14:32 - [TEST_STEP][PASSED] - selectOptionByIndex: All options with index in [28] are selected on object 'Object Repository/lab/Page_KDMC/select_--Select--Automatic x-r'

2018-06-09 21:14:32 - [MESSAGE][PASSED] - All options with index in [28] are selected on object 'Object Repository/lab/Page_KDMC/select_--Select--Automatic x-r'

2018-06-09 21:14:32 - [TEST_STEP][PASSED] - delay: Delayed 1 second(s)

2018-06-09 21:14:33 - [MESSAGE][PASSED] - Delayed 1 second(s)

2018-06-09 21:14:33 - [TEST_STEP][PASSED] - setText: Text '10' is set on object 'Object Repository/lab/Page_KDMC/input_txttreat'

2018-06-09 21:14:33 - [MESSAGE][PASSED] - Text '10' is set on object 'Object Repository/lab/Page_KDMC/input_txttreat'

2018-06-09 21:14:33 - [TEST_STEP][PASSED] - click: Object: 'Object Repository/lab/Page_KDMC/button_Add' is clicked on

2018-06-09 21:14:33 - [MESSAGE][PASSED] - Object: 'Object Repository/lab/Page_KDMC/button_Add' is clicked on

2018-06-09 21:14:33 - [TEST_STEP][PASSED] - selectOptionByIndex: All options with index in [6] are selected on object 'Object Repository/lab/Page_KDMC/select_--Select--Schedule 4X-r'

2018-06-09 21:14:34 - [MESSAGE][PASSED] - All options with index in [6] are selected on object 'Object Repository/lab/Page_KDMC/select_--Select--Schedule 4X-r'

2018-06-09 21:14:34 - [TEST_STEP][PASSED] - delay: Delayed 1 second(s)

2018-06-09 21:14:35 - [MESSAGE][PASSED] - Delayed 1 second(s)

2018-06-09 21:14:35 - [TEST_STEP][PASSED] - selectOptionByIndex: All options with index in [29] are selected on object 'Object Repository/lab/Page_KDMC/select_--Select--Automatic x-r'

2018-06-09 21:14:35 - [MESSAGE][PASSED] - All options with index in [29] are selected on object 'Object Repository/lab/Page_KDMC/select_--Select--Automatic x-r'

2018-06-09 21:14:35 - [TEST_STEP][PASSED] - delay: Delayed 1 second(s)

2018-06-09 21:14:36 - [MESSAGE][PASSED] - Delayed 1 second(s)

2018-06-09 21:14:36 - [TEST_STEP][PASSED] - setText: Text '10' is set on object 'Object Repository/lab/Page_KDMC/input_txttreat'

2018-06-09 21:14:36 - [MESSAGE][PASSED] - Text '10' is set on object 'Object Repository/lab/Page_KDMC/input_txttreat'

2018-06-09 21:14:36 - [TEST_STEP][PASSED] - click: Object: 'Object Repository/lab/Page_KDMC/button_Add' is clicked on

2018-06-09 21:14:36 - [MESSAGE][PASSED] - Object: 'Object Repository/lab/Page_KDMC/button_Add' is clicked on

2018-06-09 21:14:36 - [TEST_STEP][PASSED] - selectOptionByIndex: All options with index in [6] are selected on object 'Object Repository/lab/Page_KDMC/select_--Select--Schedule 4X-r'

2018-06-09 21:14:36 - [MESSAGE][PASSED] - All options with index in [6] are selected on object 'Object Repository/lab/Page_KDMC/select_--Select--Schedule 4X-r'

2018-06-09 21:14:36 - [TEST_STEP][PASSED] - delay: Delayed 1 second(s)

2018-06-09 21:14:37 - [MESSAGE][PASSED] - Delayed 1 second(s)

2018-06-09 21:14:37 - [TEST_STEP][PASSED] - selectOptionByIndex: All options with index in [30] are selected on object 'Object Repository/lab/Page_KDMC/select_--Select--Automatic x-r'

2018-06-09 21:14:38 - [MESSAGE][PASSED] - All options with index in [30] are selected on object 'Object Repository/lab/Page_KDMC/select_--Select--Automatic x-r'

2018-06-09 21:14:38 - [TEST_STEP][PASSED] - delay: Delayed 1 second(s)

2018-06-09 21:14:39 - [MESSAGE][PASSED] - Delayed 1 second(s)

2018-06-09 21:14:39 - [TEST_STEP][PASSED] - setText: Text '10' is set on object 'Object Repository/lab/Page_KDMC/input_txttreat'

2018-06-09 21:14:39 - [MESSAGE][PASSED] - Text '10' is set on object 'Object Repository/lab/Page_KDMC/input_txttreat'

2018-06-09 21:14:39 - [TEST_STEP][PASSED] - click: Object: 'Object Repository/lab/Page_KDMC/button_Add' is clicked on

2018-06-09 21:14:39 - [MESSAGE][PASSED] - Object: 'Object Repository/lab/Page_KDMC/button_Add' is clicked on

2018-06-09 21:14:39 - [TEST_STEP][PASSED] - selectOptionByIndex: All options with index in [6] are selected on object 'Object Repository/lab/Page_KDMC/select_--Select--Schedule 4X-r'

2018-06-09 21:14:39 - [MESSAGE][PASSED] - All options with index in [6] are selected on object 'Object Repository/lab/Page_KDMC/select_--Select--Schedule 4X-r'

2018-06-09 21:14:39 - [TEST_STEP][PASSED] - delay: Delayed 1 second(s)

2018-06-09 21:14:40 - [MESSAGE][PASSED] - Delayed 1 second(s)

2018-06-09 21:14:40 - [TEST_STEP][PASSED] - selectOptionByIndex: All options with index in [31] are selected on object 'Object Repository/lab/Page_KDMC/select_--Select--Automatic x-r'

2018-06-09 21:14:41 - [MESSAGE][PASSED] - All options with index in [31] are selected on object 'Object Repository/lab/Page_KDMC/select_--Select--Automatic x-r'

2018-06-09 21:14:41 - [TEST_STEP][PASSED] - delay: Delayed 1 second(s)

2018-06-09 21:14:42 - [MESSAGE][PASSED] - Delayed 1 second(s)

2018-06-09 21:14:42 - [TEST_STEP][PASSED] - setText: Text '10' is set on object 'Object Repository/lab/Page_KDMC/input_txttreat'

2018-06-09 21:14:42 - [MESSAGE][PASSED] - Text '10' is set on object 'Object Repository/lab/Page_KDMC/input_txttreat'

2018-06-09 21:14:42 - [TEST_STEP][PASSED] - click: Object: 'Object Repository/lab/Page_KDMC/button_Add' is clicked on

2018-06-09 21:14:42 - [MESSAGE][PASSED] - Object: 'Object Repository/lab/Page_KDMC/button_Add' is clicked on

2018-06-09 21:14:42 - [TEST_STEP][PASSED] - selectOptionByIndex: All options with index in [6] are selected on object 'Object Repository/lab/Page_KDMC/select_--Select--Schedule 4X-r'

2018-06-09 21:14:42 - [MESSAGE][PASSED] - All options with index in [6] are selected on object 'Object Repository/lab/Page_KDMC/select_--Select--Schedule 4X-r'

2018-06-09 21:14:42 - [TEST_STEP][PASSED] - delay: Delayed 1 second(s)

2018-06-09 21:14:43 - [MESSAGE][PASSED] - Delayed 1 second(s)

2018-06-09 21:14:43 - [TEST_STEP][PASSED] - selectOptionByIndex: All options with index in [32] are selected on object 'Object Repository/lab/Page_KDMC/select_--Select--Automatic x-r'

2018-06-09 21:14:43 - [MESSAGE][PASSED] - All options with index in [32] are selected on object 'Object Repository/lab/Page_KDMC/select_--Select--Automatic x-r'

2018-06-09 21:14:43 - [TEST_STEP][PASSED] - delay: Delayed 1 second(s)

2018-06-09 21:14:44 - [MESSAGE][PASSED] - Delayed 1 second(s)

2018-06-09 21:14:44 - [TEST_STEP][PASSED] - setText: Text '10' is set on object 'Object Repository/lab/Page_KDMC/input_txttreat'

2018-06-09 21:14:44 - [MESSAGE][PASSED] - Text '10' is set on object 'Object Repository/lab/Page_KDMC/input_txttreat'

2018-06-09 21:14:44 - [TEST_STEP][PASSED] - click: Object: 'Object Repository/lab/Page_KDMC/button_Add' is clicked on

2018-06-09 21:14:44 - [MESSAGE][PASSED] - Object: 'Object Repository/lab/Page_KDMC/button_Add' is clicked on

2018-06-09 21:14:44 - [TEST_STEP][PASSED] - selectOptionByIndex: All options with index in [6] are selected on object 'Object Repository/lab/Page_KDMC/select_--Select--Schedule 4X-r'

2018-06-09 21:14:45 - [MESSAGE][PASSED] - All options with index in [6] are selected on object 'Object Repository/lab/Page_KDMC/select_--Select--Schedule 4X-r'

2018-06-09 21:14:45 - [TEST_STEP][PASSED] - delay: Delayed 1 second(s)

2018-06-09 21:14:46 - [MESSAGE][PASSED] - Delayed 1 second(s)

2018-06-09 21:14:46 - [TEST_STEP][PASSED] - selectOptionByIndex: All options with index in [33] are selected on object 'Object Repository/lab/Page_KDMC/select_--Select--Automatic x-r'

2018-06-09 21:14:46 - [MESSAGE][PASSED] - All options with index in [33] are selected on object 'Object Repository/lab/Page_KDMC/select_--Select--Automatic x-r'

2018-06-09 21:14:46 - [TEST_STEP][PASSED] - delay: Delayed 1 second(s)

2018-06-09 21:14:47 - [MESSAGE][PASSED] - Delayed 1 second(s)

2018-06-09 21:14:47 - [TEST_STEP][PASSED] - setText: Text '10' is set on object 'Object Repository/lab/Page_KDMC/input_txttreat'

2018-06-09 21:14:47 - [MESSAGE][PASSED] - Text '10' is set on object 'Object Repository/lab/Page_KDMC/input_txttreat'

2018-06-09 21:14:47 - [TEST_STEP][PASSED] - click: Object: 'Object Repository/lab/Page_KDMC/button_Add' is clicked on

2018-06-09 21:14:47 - [MESSAGE][PASSED] - Object: 'Object Repository/lab/Page_KDMC/button_Add' is clicked on

2018-06-09 21:14:47 - [TEST_STEP][PASSED] - selectOptionByIndex: All options with index in [6] are selected on object 'Object Repository/lab/Page_KDMC/select_--Select--Schedule 4X-r'

2018-06-09 21:14:47 - [MESSAGE][PASSED] - All options with index in [6] are selected on object 'Object Repository/lab/Page_KDMC/select_--Select--Schedule 4X-r'

2018-06-09 21:14:47 - [TEST_STEP][PASSED] - delay: Delayed 1 second(s)

2018-06-09 21:14:48 - [MESSAGE][PASSED] - Delayed 1 second(s)

2018-06-09 21:14:48 - [TEST_STEP][PASSED] - selectOptionByIndex: All options with index in [34] are selected on object 'Object Repository/lab/Page_KDMC/select_--Select--Automatic x-r'

2018-06-09 21:14:49 - [MESSAGE][PASSED] - All options with index in [34] are selected on object 'Object Repository/lab/Page_KDMC/select_--Select--Automatic x-r'

2018-06-09 21:14:49 - [TEST_STEP][PASSED] - delay: Delayed 1 second(s)

2018-06-09 21:14:50 - [MESSAGE][PASSED] - Delayed 1 second(s)

2018-06-09 21:14:50 - [TEST_STEP][PASSED] - setText: Text '10' is set on object 'Object Repository/lab/Page_KDMC/input_txttreat'

2018-06-09 21:14:50 - [MESSAGE][PASSED] - Text '10' is set on object 'Object Repository/lab/Page_KDMC/input_txttreat'

2018-06-09 21:14:50 - [TEST_STEP][PASSED] - click: Object: 'Object Repository/lab/Page_KDMC/button_Add' is clicked on

2018-06-09 21:14:50 - [MESSAGE][PASSED] - Object: 'Object Repository/lab/Page_KDMC/button_Add' is clicked on

2018-06-09 21:14:50 - [TEST_STEP][PASSED] - selectOptionByIndex: All options with index in [6] are selected on object 'Object Repository/lab/Page_KDMC/select_--Select--Schedule 4X-r'

2018-06-09 21:14:50 - [MESSAGE][PASSED] - All options with index in [6] are selected on object 'Object Repository/lab/Page_KDMC/select_--Select--Schedule 4X-r'

2018-06-09 21:14:50 - [TEST_STEP][PASSED] - delay: Delayed 1 second(s)

2018-06-09 21:14:51 - [MESSAGE][PASSED] - Delayed 1 second(s)

2018-06-09 21:14:51 - [TEST_STEP][PASSED] - selectOptionByIndex: All options with index in [35] are selected on object 'Object Repository/lab/Page_KDMC/select_--Select--Automatic x-r'

2018-06-09 21:14:52 - [MESSAGE][PASSED] - All options with index in [35] are selected on object 'Object Repository/lab/Page_KDMC/select_--Select--Automatic x-r'

2018-06-09 21:14:52 - [TEST_STEP][PASSED] - delay: Delayed 1 second(s)

2018-06-09 21:14:53 - [MESSAGE][PASSED] - Delayed 1 second(s)

2018-06-09 21:14:53 - [TEST_STEP][PASSED] - setText: Text '10' is set on object 'Object Repository/lab/Page_KDMC/input_txttreat'

2018-06-09 21:14:53 - [MESSAGE][PASSED] - Text '10' is set on object 'Object Repository/lab/Page_KDMC/input_txttreat'

2018-06-09 21:14:53 - [TEST_STEP][PASSED] - click: Object: 'Object Repository/lab/Page_KDMC/button_Add' is clicked on

2018-06-09 21:14:53 - [MESSAGE][PASSED] - Object: 'Object Repository/lab/Page_KDMC/button_Add' is clicked on

2018-06-09 21:14:53 - [TEST_STEP][PASSED] - selectOptionByIndex: All options with index in [6] are selected on object 'Object Repository/lab/Page_KDMC/select_--Select--Schedule 4X-r'

2018-06-09 21:14:53 - [MESSAGE][PASSED] - All options with index in [6] are selected on object 'Object Repository/lab/Page_KDMC/select_--Select--Schedule 4X-r'

2018-06-09 21:14:53 - [TEST_STEP][PASSED] - delay: Delayed 1 second(s)

2018-06-09 21:14:54 - [MESSAGE][PASSED] - Delayed 1 second(s)

2018-06-09 21:14:54 - [TEST_STEP][PASSED] - selectOptionByIndex: All options with index in [36] are selected on object 'Object Repository/lab/Page_KDMC/select_--Select--Automatic x-r'

2018-06-09 21:14:54 - [MESSAGE][PASSED] - All options with index in [36] are selected on object 'Object Repository/lab/Page_KDMC/select_--Select--Automatic x-r'

2018-06-09 21:14:54 - [TEST_STEP][PASSED] - delay: Delayed 1 second(s)

2018-06-09 21:14:55 - [MESSAGE][PASSED] - Delayed 1 second(s)

2018-06-09 21:14:55 - [TEST_STEP][PASSED] - setText: Text '10' is set on object 'Object Repository/lab/Page_KDMC/input_txttreat'

2018-06-09 21:14:56 - [MESSAGE][PASSED] - Text '10' is set on object 'Object Repository/lab/Page_KDMC/input_txttreat'

2018-06-09 21:14:56 - [TEST_STEP][PASSED] - click: Object: 'Object Repository/lab/Page_KDMC/button_Add' is clicked on

2018-06-09 21:14:56 - [MESSAGE][PASSED] - Object: 'Object Repository/lab/Page_KDMC/button_Add' is clicked on

2018-06-09 21:14:56 - [TEST_STEP][PASSED] - selectOptionByIndex: All options with index in [6] are selected on object 'Object Repository/lab/Page_KDMC/select_--Select--Schedule 4X-r'

2018-06-09 21:14:56 - [MESSAGE][PASSED] - All options with index in [6] are selected on object 'Object Repository/lab/Page_KDMC/select_--Select--Schedule 4X-r'

2018-06-09 21:14:56 - [TEST_STEP][PASSED] - delay: Delayed 1 second(s)

2018-06-09 21:14:57 - [MESSAGE][PASSED] - Delayed 1 second(s)

2018-06-09 21:14:57 - [TEST_STEP][PASSED] - selectOptionByIndex: All options with index in [37] are selected on object 'Object Repository/lab/Page_KDMC/select_--Select--Automatic x-r'

2018-06-09 21:14:57 - [MESSAGE][PASSED] - All options with index in [37] are selected on object 'Object Repository/lab/Page_KDMC/select_--Select--Automatic x-r'

2018-06-09 21:14:57 - [TEST_STEP][PASSED] - delay: Delayed 1 second(s)

2018-06-09 21:14:58 - [MESSAGE][PASSED] - Delayed 1 second(s)

2018-06-09 21:14:58 - [TEST_STEP][PASSED] - setText: Text '10' is set on object 'Object Repository/lab/Page_KDMC/input_txttreat'

2018-06-09 21:14:58 - [MESSAGE][PASSED] - Text '10' is set on object 'Object Repository/lab/Page_KDMC/input_txttreat'

2018-06-09 21:14:58 - [TEST_STEP][PASSED] - click: Object: 'Object Repository/lab/Page_KDMC/button_Add' is clicked on

2018-06-09 21:14:58 - [MESSAGE][PASSED] - Object: 'Object Repository/lab/Page_KDMC/button_Add' is clicked on

2018-06-09 21:14:58 - [TEST_STEP][PASSED] - selectOptionByIndex: All options with index in [6] are selected on object 'Object Repository/lab/Page_KDMC/select_--Select--Schedule 4X-r'

2018-06-09 21:14:59 - [MESSAGE][PASSED] - All options with index in [6] are selected on object 'Object Repository/lab/Page_KDMC/select_--Select--Schedule 4X-r'

2018-06-09 21:14:59 - [TEST_STEP][PASSED] - delay: Delayed 1 second(s)

2018-06-09 21:15:00 - [MESSAGE][PASSED] - Delayed 1 second(s)

2018-06-09 21:15:00 - [TEST_STEP][PASSED] - selectOptionByIndex: All options with index in [38] are selected on object 'Object Repository/lab/Page_KDMC/select_--Select--Automatic x-r'

2018-06-09 21:15:00 - [MESSAGE][PASSED] - All options with index in [38] are selected on object 'Object Repository/lab/Page_KDMC/select_--Select--Automatic x-r'

2018-06-09 21:15:00 - [TEST_STEP][PASSED] - delay: Delayed 1 second(s)

2018-06-09 21:15:01 - [MESSAGE][PASSED] - Delayed 1 second(s)

2018-06-09 21:15:01 - [TEST_STEP][PASSED] - setText: Text '10' is set on object 'Object Repository/lab/Page_KDMC/input_txttreat'

2018-06-09 21:15:01 - [MESSAGE][PASSED] - Text '10' is set on object 'Object Repository/lab/Page_KDMC/input_txttreat'

2018-06-09 21:15:01 - [TEST_STEP][PASSED] - click: Object: 'Object Repository/lab/Page_KDMC/button_Add' is clicked on

2018-06-09 21:15:01 - [MESSAGE][PASSED] - Object: 'Object Repository/lab/Page_KDMC/button_Add' is clicked on

2018-06-09 21:15:01 - [TEST_STEP][PASSED] - selectOptionByIndex: All options with index in [6] are selected on object 'Object Repository/lab/Page_KDMC/select_--Select--Schedule 4X-r'

2018-06-09 21:15:01 - [MESSAGE][PASSED] - All options with index in [6] are selected on object 'Object Repository/lab/Page_KDMC/select_--Select--Schedule 4X-r'

2018-06-09 21:15:01 - [TEST_STEP][PASSED] - delay: Delayed 1 second(s)

2018-06-09 21:15:02 - [MESSAGE][PASSED] - Delayed 1 second(s)

2018-06-09 21:15:02 - [TEST_STEP][PASSED] - selectOptionByIndex: All options with index in [39] are selected on object 'Object Repository/lab/Page_KDMC/select_--Select--Automatic x-r'

2018-06-09 21:15:03 - [MESSAGE][PASSED] - All options with index in [39] are selected on object 'Object Repository/lab/Page_KDMC/select_--Select--Automatic x-r'

2018-06-09 21:15:03 - [TEST_STEP][PASSED] - delay: Delayed 1 second(s)

2018-06-09 21:15:04 - [MESSAGE][PASSED] - Delayed 1 second(s)

2018-06-09 21:15:04 - [TEST_STEP][PASSED] - setText: Text '10' is set on object 'Object Repository/lab/Page_KDMC/input_txttreat'

2018-06-09 21:15:04 - [MESSAGE][PASSED] - Text '10' is set on object 'Object Repository/lab/Page_KDMC/input_txttreat'

2018-06-09 21:15:04 - [TEST_STEP][PASSED] - click: Object: 'Object Repository/lab/Page_KDMC/button_Add' is clicked on

2018-06-09 21:15:04 - [MESSAGE][PASSED] - Object: 'Object Repository/lab/Page_KDMC/button_Add' is clicked on

2018-06-09 21:15:04 - [TEST_STEP][PASSED] - selectOptionByIndex: All options with index in [6] are selected on object 'Object Repository/lab/Page_KDMC/select_--Select--Schedule 4X-r'

2018-06-09 21:15:04 - [MESSAGE][PASSED] - All options with index in [6] are selected on object 'Object Repository/lab/Page_KDMC/select_--Select--Schedule 4X-r'

2018-06-09 21:15:04 - [TEST_STEP][PASSED] - delay: Delayed 1 second(s)

2018-06-09 21:15:05 - [MESSAGE][PASSED] - Delayed 1 second(s)

2018-06-09 21:15:05 - [TEST_STEP][PASSED] - selectOptionByIndex: All options with index in [40] are selected on object 'Object Repository/lab/Page_KDMC/select_--Select--Automatic x-r'

2018-06-09 21:15:06 - [MESSAGE][PASSED] - All options with index in [40] are selected on object 'Object Repository/lab/Page_KDMC/select_--Select--Automatic x-r'

2018-06-09 21:15:06 - [TEST_STEP][PASSED] - delay: Delayed 1 second(s)

2018-06-09 21:15:07 - [MESSAGE][PASSED] - Delayed 1 second(s)

2018-06-09 21:15:07 - [TEST_STEP][PASSED] - setText: Text '10' is set on object 'Object Repository/lab/Page_KDMC/input_txttreat'

2018-06-09 21:15:07 - [MESSAGE][PASSED] - Text '10' is set on object 'Object Repository/lab/Page_KDMC/input_txttreat'

2018-06-09 21:15:07 - [TEST_STEP][PASSED] - click: Object: 'Object Repository/lab/Page_KDMC/button_Add' is clicked on

2018-06-09 21:15:07 - [MESSAGE][PASSED] - Object: 'Object Repository/lab/Page_KDMC/button_Add' is clicked on

2018-06-09 21:15:07 - [TEST_STEP][PASSED] - selectOptionByIndex: All options with index in [6] are selected on object 'Object Repository/lab/Page_KDMC/select_--Select--Schedule 4X-r'

2018-06-09 21:15:07 - [MESSAGE][PASSED] - All options with index in [6] are selected on object 'Object Repository/lab/Page_KDMC/select_--Select--Schedule 4X-r'

2018-06-09 21:15:07 - [TEST_STEP][PASSED] - delay: Delayed 1 second(s)

2018-06-09 21:15:08 - [MESSAGE][PASSED] - Delayed 1 second(s)

2018-06-09 21:15:08 - [TEST_STEP][PASSED] - selectOptionByIndex: All options with index in [41] are selected on object 'Object Repository/lab/Page_KDMC/select_--Select--Automatic x-r'

2018-06-09 21:15:09 - [MESSAGE][PASSED] - All options with index in [41] are selected on object 'Object Repository/lab/Page_KDMC/select_--Select--Automatic x-r'

2018-06-09 21:15:09 - [TEST_STEP][PASSED] - delay: Delayed 1 second(s)

2018-06-09 21:15:10 - [MESSAGE][PASSED] - Delayed 1 second(s)

2018-06-09 21:15:10 - [TEST_STEP][PASSED] - setText: Text '10' is set on object 'Object Repository/lab/Page_KDMC/input_txttreat'

2018-06-09 21:15:10 - [MESSAGE][PASSED] - Text '10' is set on object 'Object Repository/lab/Page_KDMC/input_txttreat'

2018-06-09 21:15:10 - [TEST_STEP][PASSED] - click: Object: 'Object Repository/lab/Page_KDMC/button_Add' is clicked on

2018-06-09 21:15:10 - [MESSAGE][PASSED] - Object: 'Object Repository/lab/Page_KDMC/button_Add' is clicked on

2018-06-09 21:15:10 - [TEST_STEP][PASSED] - selectOptionByIndex: All options with index in [6] are selected on object 'Object Repository/lab/Page_KDMC/select_--Select--Schedule 4X-r'

2018-06-09 21:15:10 - [MESSAGE][PASSED] - All options with index in [6] are selected on object 'Object Repository/lab/Page_KDMC/select_--Select--Schedule 4X-r'

2018-06-09 21:15:10 - [TEST_STEP][PASSED] - delay: Delayed 1 second(s)

2018-06-09 21:15:11 - [MESSAGE][PASSED] - Delayed 1 second(s)

2018-06-09 21:15:11 - [TEST_STEP][PASSED] - selectOptionByIndex: All options with index in [42] are selected on object 'Object Repository/lab/Page_KDMC/select_--Select--Automatic x-r'

2018-06-09 21:15:11 - [MESSAGE][PASSED] - All options with index in [42] are selected on object 'Object Repository/lab/Page_KDMC/select_--Select--Automatic x-r'

2018-06-09 21:15:11 - [TEST_STEP][PASSED] - delay: Delayed 1 second(s)

2018-06-09 21:15:12 - [MESSAGE][PASSED] - Delayed 1 second(s)

2018-06-09 21:15:12 - [TEST_STEP][PASSED] - setText: Text '10' is set on object 'Object Repository/lab/Page_KDMC/input_txttreat'

2018-06-09 21:15:13 - [MESSAGE][PASSED] - Text '10' is set on object 'Object Repository/lab/Page_KDMC/input_txttreat'

2018-06-09 21:15:13 - [TEST_STEP][PASSED] - click: Object: 'Object Repository/lab/Page_KDMC/button_Add' is clicked on

2018-06-09 21:15:13 - [MESSAGE][PASSED] - Object: 'Object Repository/lab/Page_KDMC/button_Add' is clicked on

2018-06-09 21:15:13 - [TEST_STEP][PASSED] - selectOptionByIndex: All options with index in [6] are selected on object 'Object Repository/lab/Page_KDMC/select_--Select--Schedule 4X-r'

2018-06-09 21:15:13 - [MESSAGE][PASSED] - All options with index in [6] are selected on object 'Object Repository/lab/Page_KDMC/select_--Select--Schedule 4X-r'

2018-06-09 21:15:13 - [TEST_STEP][PASSED] - delay: Delayed 1 second(s)

2018-06-09 21:15:14 - [MESSAGE][PASSED] - Delayed 1 second(s)

2018-06-09 21:15:14 - [TEST_STEP][PASSED] - selectOptionByIndex: All options with index in [43] are selected on object 'Object Repository/lab/Page_KDMC/select_--Select--Automatic x-r'

2018-06-09 21:15:14 - [MESSAGE][PASSED] - All options with index in [43] are selected on object 'Object Repository/lab/Page_KDMC/select_--Select--Automatic x-r'

2018-06-09 21:15:14 - [TEST_STEP][PASSED] - delay: Delayed 1 second(s)

2018-06-09 21:15:15 - [MESSAGE][PASSED] - Delayed 1 second(s)

2018-06-09 21:15:15 - [TEST_STEP][PASSED] - setText: Text '10' is set on object 'Object Repository/lab/Page_KDMC/input_txttreat'

2018-06-09 21:15:15 - [MESSAGE][PASSED] - Text '10' is set on object 'Object Repository/lab/Page_KDMC/input_txttreat'

2018-06-09 21:15:15 - [TEST_STEP][PASSED] - click: Object: 'Object Repository/lab/Page_KDMC/button_Add' is clicked on

2018-06-09 21:15:15 - [MESSAGE][PASSED] - Object: 'Object Repository/lab/Page_KDMC/button_Add' is clicked on

2018-06-09 21:15:15 - [TEST_STEP][PASSED] - selectOptionByIndex: All options with index in [6] are selected on object 'Object Repository/lab/Page_KDMC/select_--Select--Schedule 4X-r'

2018-06-09 21:15:16 - [MESSAGE][PASSED] - All options with index in [6] are selected on object 'Object Repository/lab/Page_KDMC/select_--Select--Schedule 4X-r'

2018-06-09 21:15:16 - [TEST_STEP][PASSED] - delay: Delayed 1 second(s)

2018-06-09 21:15:17 - [MESSAGE][PASSED] - Delayed 1 second(s)

2018-06-09 21:15:17 - [TEST_STEP][PASSED] - selectOptionByIndex: All options with index in [44] are selected on object 'Object Repository/lab/Page_KDMC/select_--Select--Automatic x-r'

2018-06-09 21:15:17 - [MESSAGE][PASSED] - All options with index in [44] are selected on object 'Object Repository/lab/Page_KDMC/select_--Select--Automatic x-r'

2018-06-09 21:15:17 - [TEST_STEP][PASSED] - delay: Delayed 1 second(s)

2018-06-09 21:15:18 - [MESSAGE][PASSED] - Delayed 1 second(s)

2018-06-09 21:15:18 - [TEST_STEP][PASSED] - setText: Text '10' is set on object 'Object Repository/lab/Page_KDMC/input_txttreat'

2018-06-09 21:15:18 - [MESSAGE][PASSED] - Text '10' is set on object 'Object Repository/lab/Page_KDMC/input_txttreat'

2018-06-09 21:15:18 - [TEST_STEP][PASSED] - click: Object: 'Object Repository/lab/Page_KDMC/button_Add' is clicked on

2018-06-09 21:15:18 - [MESSAGE][PASSED] - Object: 'Object Repository/lab/Page_KDMC/button_Add' is clicked on

2018-06-09 21:15:18 - [TEST_STEP][PASSED] - selectOptionByIndex: All options with index in [6] are selected on object 'Object Repository/lab/Page_KDMC/select_--Select--Schedule 4X-r'

2018-06-09 21:15:18 - [MESSAGE][PASSED] - All options with index in [6] are selected on object 'Object Repository/lab/Page_KDMC/select_--Select--Schedule 4X-r'

2018-06-09 21:15:18 - [TEST_STEP][PASSED] - delay: Delayed 1 second(s)

2018-06-09 21:15:19 - [MESSAGE][PASSED] - Delayed 1 second(s)

2018-06-09 21:15:19 - [TEST_STEP][PASSED] - selectOptionByIndex: All options with index in [45] are selected on object 'Object Repository/lab/Page_KDMC/select_--Select--Automatic x-r'

2018-06-09 21:15:20 - [MESSAGE][PASSED] - All options with index in [45] are selected on object 'Object Repository/lab/Page_KDMC/select_--Select--Automatic x-r'

2018-06-09 21:15:20 - [TEST_STEP][PASSED] - delay: Delayed 1 second(s)

2018-06-09 21:15:21 - [MESSAGE][PASSED] - Delayed 1 second(s)

2018-06-09 21:15:21 - [TEST_STEP][PASSED] - setText: Text '10' is set on object 'Object Repository/lab/Page_KDMC/input_txttreat'

2018-06-09 21:15:21 - [MESSAGE][PASSED] - Text '10' is set on object 'Object Repository/lab/Page_KDMC/input_txttreat'

2018-06-09 21:15:21 - [TEST_STEP][PASSED] - click: Object: 'Object Repository/lab/Page_KDMC/button_Add' is clicked on

2018-06-09 21:15:21 - [MESSAGE][PASSED] - Object: 'Object Repository/lab/Page_KDMC/button_Add' is clicked on

2018-06-09 21:15:21 - [TEST_STEP][PASSED] - selectOptionByIndex: All options with index in [6] are selected on object 'Object Repository/lab/Page_KDMC/select_--Select--Schedule 4X-r'

2018-06-09 21:15:21 - [MESSAGE][PASSED] - All options with index in [6] are selected on object 'Object Repository/lab/Page_KDMC/select_--Select--Schedule 4X-r'

2018-06-09 21:15:21 - [TEST_STEP][PASSED] - delay: Delayed 1 second(s)

2018-06-09 21:15:22 - [MESSAGE][PASSED] - Delayed 1 second(s)

2018-06-09 21:15:22 - [TEST_STEP][PASSED] - selectOptionByIndex: All options with index in [46] are selected on object 'Object Repository/lab/Page_KDMC/select_--Select--Automatic x-r'

2018-06-09 21:15:23 - [MESSAGE][PASSED] - All options with index in [46] are selected on object 'Object Repository/lab/Page_KDMC/select_--Select--Automatic x-r'

2018-06-09 21:15:23 - [TEST_STEP][PASSED] - delay: Delayed 1 second(s)

2018-06-09 21:15:24 - [MESSAGE][PASSED] - Delayed 1 second(s)

2018-06-09 21:15:24 - [TEST_STEP][PASSED] - setText: Text '10' is set on object 'Object Repository/lab/Page_KDMC/input_txttreat'

2018-06-09 21:15:24 - [MESSAGE][PASSED] - Text '10' is set on object 'Object Repository/lab/Page_KDMC/input_txttreat'

2018-06-09 21:15:24 - [TEST_STEP][PASSED] - click: Object: 'Object Repository/lab/Page_KDMC/button_Add' is clicked on

2018-06-09 21:15:24 - [MESSAGE][PASSED] - Object: 'Object Repository/lab/Page_KDMC/button_Add' is clicked on

2018-06-09 21:15:24 - [TEST_STEP][PASSED] - selectOptionByIndex: All options with index in [6] are selected on object 'Object Repository/lab/Page_KDMC/select_--Select--Schedule 4X-r'

2018-06-09 21:15:24 - [MESSAGE][PASSED] - All options with index in [6] are selected on object 'Object Repository/lab/Page_KDMC/select_--Select--Schedule 4X-r'

2018-06-09 21:15:24 - [TEST_STEP][PASSED] - delay: Delayed 1 second(s)

2018-06-09 21:15:25 - [MESSAGE][PASSED] - Delayed 1 second(s)

2018-06-09 21:15:25 - [TEST_STEP][PASSED] - selectOptionByIndex: All options with index in [47] are selected on object 'Object Repository/lab/Page_KDMC/select_--Select--Automatic x-r'

2018-06-09 21:15:26 - [MESSAGE][PASSED] - All options with index in [47] are selected on object 'Object Repository/lab/Page_KDMC/select_--Select--Automatic x-r'

2018-06-09 21:15:26 - [TEST_STEP][PASSED] - delay: Delayed 1 second(s)

2018-06-09 21:15:27 - [MESSAGE][PASSED] - Delayed 1 second(s)

2018-06-09 21:15:27 - [TEST_STEP][PASSED] - setText: Text '10' is set on object 'Object Repository/lab/Page_KDMC/input_txttreat'

2018-06-09 21:15:27 - [MESSAGE][PASSED] - Text '10' is set on object 'Object Repository/lab/Page_KDMC/input_txttreat'

2018-06-09 21:15:27 - [TEST_STEP][PASSED] - click: Object: 'Object Repository/lab/Page_KDMC/button_Add' is clicked on

2018-06-09 21:15:27 - [MESSAGE][PASSED] - Object: 'Object Repository/lab/Page_KDMC/button_Add' is clicked on

2018-06-09 21:15:27 - [TEST_STEP][PASSED] - selectOptionByIndex: All options with index in [6] are selected on object 'Object Repository/lab/Page_KDMC/select_--Select--Schedule 4X-r'

2018-06-09 21:15:27 - [MESSAGE][PASSED] - All options with index in [6] are selected on object 'Object Repository/lab/Page_KDMC/select_--Select--Schedule 4X-r'

2018-06-09 21:15:27 - [TEST_STEP][PASSED] - delay: Delayed 1 second(s)

2018-06-09 21:15:28 - [MESSAGE][PASSED] - Delayed 1 second(s)

2018-06-09 21:15:28 - [TEST_STEP][PASSED] - selectOptionByIndex: All options with index in [48] are selected on object 'Object Repository/lab/Page_KDMC/select_--Select--Automatic x-r'

2018-06-09 21:15:29 - [MESSAGE][PASSED] - All options with index in [48] are selected on object 'Object Repository/lab/Page_KDMC/select_--Select--Automatic x-r'

2018-06-09 21:15:29 - [TEST_STEP][PASSED] - delay: Delayed 1 second(s)

2018-06-09 21:15:30 - [MESSAGE][PASSED] - Delayed 1 second(s)

2018-06-09 21:15:30 - [TEST_STEP][PASSED] - setText: Text '10' is set on object 'Object Repository/lab/Page_KDMC/input_txttreat'

2018-06-09 21:15:30 - [MESSAGE][PASSED] - Text '10' is set on object 'Object Repository/lab/Page_KDMC/input_txttreat'

2018-06-09 21:15:30 - [TEST_STEP][PASSED] - click: Object: 'Object Repository/lab/Page_KDMC/button_Add' is clicked on

2018-06-09 21:15:30 - [MESSAGE][PASSED] - Object: 'Object Repository/lab/Page_KDMC/button_Add' is clicked on

2018-06-09 21:15:30 - [TEST_STEP][PASSED] - selectOptionByIndex: All options with index in [6] are selected on object 'Object Repository/lab/Page_KDMC/select_--Select--Schedule 4X-r'

2018-06-09 21:15:30 - [MESSAGE][PASSED] - All options with index in [6] are selected on object 'Object Repository/lab/Page_KDMC/select_--Select--Schedule 4X-r'

2018-06-09 21:15:30 - [TEST_STEP][PASSED] - delay: Delayed 1 second(s)

2018-06-09 21:15:31 - [MESSAGE][PASSED] - Delayed 1 second(s)

2018-06-09 21:15:31 - [TEST_STEP][PASSED] - selectOptionByIndex: All options with index in [49] are selected on object 'Object Repository/lab/Page_KDMC/select_--Select--Automatic x-r'

2018-06-09 21:15:32 - [MESSAGE][PASSED] - All options with index in [49] are selected on object 'Object Repository/lab/Page_KDMC/select_--Select--Automatic x-r'

2018-06-09 21:15:32 - [TEST_STEP][PASSED] - delay: Delayed 1 second(s)

2018-06-09 21:15:33 - [MESSAGE][PASSED] - Delayed 1 second(s)

2018-06-09 21:15:33 - [TEST_STEP][FAILED] - setText: Unable to set text '10' of object 'Object Repository/lab/Page_KDMC/input_txttreat' (Root cause: org.openqa.selenium.WebDriverException: unknown error: cannot focus element
  (Session info: chrome=66.0.3359.181)
  (Driver info: chromedriver=2.35.528161 (5b82f2d2aae0ca24b877009200ced9065a772e73),platform=Windows NT 10.0.17134 x86_64) (WARNING: The server did not provide any stacktrace information)
Command duration or timeout: 0 milliseconds
Build info: version: '3.7.1', revision: '8a0099a', time: '2017-11-06T21:07:36.161Z'
System info: host: 'DESKTOP-BLFTK83', ip: '169.254.189.85', os.name: 'Windows 10', os.arch: 'amd64', os.version: '10.0', java.version: '1.8.0_102'
Driver info: com.kms.katalon.selenium.driver.CChromeDriver
Capabilities {acceptInsecureCerts: false, acceptSslCerts: false, applicationCacheEnabled: false, browserConnectionEnabled: false, browserName: chrome, chrome: {chromedriverVersion: 2.35.528161 (5b82f2d2aae0ca..., userDataDir: C:\Users\QUALIT~1\AppData\L...}, cssSelectorsEnabled: true, databaseEnabled: false, handlesAlerts: true, hasTouchScreen: false, javascriptEnabled: true, locationContextEnabled: true, mobileEmulationEnabled: false, nativeEvents: true, networkConnectionEnabled: false, pageLoadStrategy: normal, platform: XP, platformName: XP, rotatable: false, setWindowRect: true, takesHeapSnapshot: true, takesScreenshot: true, unexpectedAlertBehaviour: , unhandledPromptBehavior: , version: 66.0.3359.181, webStorageEnabled: true}
Session ID: 2130b36ad93201f8e752735ab59e20a2)

2018-06-09 21:15:33 - [MESSAGE][FAILED] - Unable to set text '10' of object 'Object Repository/lab/Page_KDMC/input_txttreat' (Root cause: org.openqa.selenium.WebDriverException: unknown error: cannot focus element
  (Session info: chrome=66.0.3359.181)
  (Driver info: chromedriver=2.35.528161 (5b82f2d2aae0ca24b877009200ced9065a772e73),platform=Windows NT 10.0.17134 x86_64) (WARNING: The server did not provide any stacktrace information)
Command duration or timeout: 0 milliseconds
Build info: version: '3.7.1', revision: '8a0099a', time: '2017-11-06T21:07:36.161Z'
System info: host: 'DESKTOP-BLFTK83', ip: '169.254.189.85', os.name: 'Windows 10', os.arch: 'amd64', os.version: '10.0', java.version: '1.8.0_102'
Driver info: com.kms.katalon.selenium.driver.CChromeDriver
Capabilities {acceptInsecureCerts: false, acceptSslCerts: false, applicationCacheEnabled: false, browserConnectionEnabled: false, browserName: chrome, chrome: {chromedriverVersion: 2.35.528161 (5b82f2d2aae0ca..., userDataDir: C:\Users\QUALIT~1\AppData\L...}, cssSelectorsEnabled: true, databaseEnabled: false, handlesAlerts: true, hasTouchScreen: false, javascriptEnabled: true, locationContextEnabled: true, mobileEmulationEnabled: false, nativeEvents: true, networkConnectionEnabled: false, pageLoadStrategy: normal, platform: XP, platformName: XP, rotatable: false, setWindowRect: true, takesHeapSnapshot: true, takesScreenshot: true, unexpectedAlertBehaviour: , unhandledPromptBehavior: , version: 66.0.3359.181, webStorageEnabled: true}
Session ID: 2130b36ad93201f8e752735ab59e20a2)
[[ATTACHMENT|C:\\Users\\Quality Analyst\\Katalon Studio\\ds\\Reports\\Investigation_Suite\\20180609_181615\\1528559133322.png]]]]></system-out>
         <system-err><![CDATA[2018-06-09 21:13:07 - [TEST_CASE][FAILED] - Test Cases/INVESTIGATION TEST CASES/TC_INV_006 Verify Schedule 11 Investigation Request Are Working Successfully Or No: Test Cases/INVESTIGATION TEST CASES/TC_INV_006 Verify Schedule 11 Investigation Request Are Working Successfully Or No FAILED because (of) Unable to set text '10' of object 'Object Repository/lab/Page_KDMC/input_txttreat' (Root cause: org.openqa.selenium.WebDriverException: unknown error: cannot focus element
  (Session info: chrome=66.0.3359.181)
  (Driver info: chromedriver=2.35.528161 (5b82f2d2aae0ca24b877009200ced9065a772e73),platform=Windows NT 10.0.17134 x86_64) (WARNING: The server did not provide any stacktrace information)
Command duration or timeout: 0 milliseconds
Build info: version: '3.7.1', revision: '8a0099a', time: '2017-11-06T21:07:36.161Z'
System info: host: 'DESKTOP-BLFTK83', ip: '169.254.189.85', os.name: 'Windows 10', os.arch: 'amd64', os.version: '10.0', java.version: '1.8.0_102'
Driver info: com.kms.katalon.selenium.driver.CChromeDriver
Capabilities {acceptInsecureCerts: false, acceptSslCerts: false, applicationCacheEnabled: false, browserConnectionEnabled: false, browserName: chrome, chrome: {chromedriverVersion: 2.35.528161 (5b82f2d2aae0ca..., userDataDir: C:\Users\QUALIT~1\AppData\L...}, cssSelectorsEnabled: true, databaseEnabled: false, handlesAlerts: true, hasTouchScreen: false, javascriptEnabled: true, locationContextEnabled: true, mobileEmulationEnabled: false, nativeEvents: true, networkConnectionEnabled: false, pageLoadStrategy: normal, platform: XP, platformName: XP, rotatable: false, setWindowRect: true, takesHeapSnapshot: true, takesScreenshot: true, unexpectedAlertBehaviour: , unhandledPromptBehavior: , version: 66.0.3359.181, webStorageEnabled: true}
Session ID: 2130b36ad93201f8e752735ab59e20a2)]]></system-err>
      </testcase>
      <system-out><![CDATA[2018-06-09 20:59:32 - [TEST_SUITE][FAILED] - Investigation_Suite: Test Cases/INVESTIGATION TEST CASES/TC_INV_006 Verify Schedule 11 Investigation Request Are Working Successfully Or No FAILED because (of) Unable to set text '10' of object 'Object Repository/lab/Page_KDMC/input_txttreat' (Root cause: org.openqa.selenium.WebDriverException: unknown error: cannot focus element
  (Session info: chrome=66.0.3359.181)
  (Driver info: chromedriver=2.35.528161 (5b82f2d2aae0ca24b877009200ced9065a772e73),platform=Windows NT 10.0.17134 x86_64) (WARNING: The server did not provide any stacktrace information)
Command duration or timeout: 0 milliseconds
Build info: version: '3.7.1', revision: '8a0099a', time: '2017-11-06T21:07:36.161Z'
System info: host: 'DESKTOP-BLFTK83', ip: '169.254.189.85', os.name: 'Windows 10', os.arch: 'amd64', os.version: '10.0', java.version: '1.8.0_102'
Driver info: com.kms.katalon.selenium.driver.CChromeDriver
Capabilities {acceptInsecureCerts: false, acceptSslCerts: false, applicationCacheEnabled: false, browserConnectionEnabled: false, browserName: chrome, chrome: {chromedriverVersion: 2.35.528161 (5b82f2d2aae0ca..., userDataDir: C:\Users\QUALIT~1\AppData\L...}, cssSelectorsEnabled: true, databaseEnabled: false, handlesAlerts: true, hasTouchScreen: false, javascriptEnabled: true, locationContextEnabled: true, mobileEmulationEnabled: false, nativeEvents: true, networkConnectionEnabled: false, pageLoadStrategy: normal, platform: XP, platformName: XP, rotatable: false, setWindowRect: true, takesHeapSnapshot: true, takesScreenshot: true, unexpectedAlertBehaviour: , unhandledPromptBehavior: , version: 66.0.3359.181, webStorageEnabled: true}
Session ID: 2130b36ad93201f8e752735ab59e20a2)]]></system-out>
      <system-err><![CDATA[2018-06-09 20:59:32 - [TEST_SUITE][FAILED] - Investigation_Suite: Test Cases/INVESTIGATION TEST CASES/TC_INV_006 Verify Schedule 11 Investigation Request Are Working Successfully Or No FAILED because (of) Unable to set text '10' of object 'Object Repository/lab/Page_KDMC/input_txttreat' (Root cause: org.openqa.selenium.WebDriverException: unknown error: cannot focus element
  (Session info: chrome=66.0.3359.181)
  (Driver info: chromedriver=2.35.528161 (5b82f2d2aae0ca24b877009200ced9065a772e73),platform=Windows NT 10.0.17134 x86_64) (WARNING: The server did not provide any stacktrace information)
Command duration or timeout: 0 milliseconds
Build info: version: '3.7.1', revision: '8a0099a', time: '2017-11-06T21:07:36.161Z'
System info: host: 'DESKTOP-BLFTK83', ip: '169.254.189.85', os.name: 'Windows 10', os.arch: 'amd64', os.version: '10.0', java.version: '1.8.0_102'
Driver info: com.kms.katalon.selenium.driver.CChromeDriver
Capabilities {acceptInsecureCerts: false, acceptSslCerts: false, applicationCacheEnabled: false, browserConnectionEnabled: false, browserName: chrome, chrome: {chromedriverVersion: 2.35.528161 (5b82f2d2aae0ca..., userDataDir: C:\Users\QUALIT~1\AppData\L...}, cssSelectorsEnabled: true, databaseEnabled: false, handlesAlerts: true, hasTouchScreen: false, javascriptEnabled: true, locationContextEnabled: true, mobileEmulationEnabled: false, nativeEvents: true, networkConnectionEnabled: false, pageLoadStrategy: normal, platform: XP, platformName: XP, rotatable: false, setWindowRect: true, takesHeapSnapshot: true, takesScreenshot: true, unexpectedAlertBehaviour: , unhandledPromptBehavior: , version: 66.0.3359.181, webStorageEnabled: true}
Session ID: 2130b36ad93201f8e752735ab59e20a2)]]></system-err>
   </testsuite>
</testsuites>
