<?xml version="1.0" encoding="UTF-8"?>
<testsuites name="HealthPost_CMS_Suite" time="628" tests="0" failures="0" errors="2">
   <testsuite name="HealthPost_CMS_Suite" tests="0" failures="0" errors="2" time="628" timestamp="2018-06-10 02:21:32" hostname="Quality Analyst - DESKTOP-BLFTK83" id="Test Suites/HealthPost_CMS_Suite">
      <properties>
         <property name="deviceName" value=""/>
         <property name="devicePlatform" value=""/>
         <property name="logFolder" value="C:\\Users\\Quality Analyst\\Katalon Studio\\ds\\Reports\\HealthPost_CMS_Suite\\20180610_021545"/>
         <property name="logFiles" value="C:\\Users\\Quality Analyst\\Katalon Studio\\ds\\Reports\\HealthPost_CMS_Suite\\20180610_021545\\execution0.log"/>
         <property name="attachments" value=""/>
         <property name="hostName" value="Quality Analyst - DESKTOP-BLFTK83"/>
         <property name="os" value="Windows 10 64bit"/>
         <property name="katalonVersion" value="5.4.2.1"/>
         <property name="browser" value="Chrome 66.0.3359.181"/>
         <property name="hostAddress" value="169.254.189.85"/>
         <property name="sessionId" value="513bf88421dc1ae557f612bb31ebefcb"/>
         <property name="seleniumVersion" value="3.7.1"/>
         <property name="proxyInformation" value="ProxyInformation{proxyOption=NO_PROXY, proxyServerType=HTTP, password=, proxyServerAddress=, proxyServerPort=0}"/>
         <property name="platform" value="Windows 10"/>
      </properties>
      <testcase name="Test Cases/HEALTHPOST TEST CASES/TC_HP_013 Verify Schedule 1 Healthpost To CMS Request Are Working Successfully Or Not" classname="Test Cases/HEALTHPOST TEST CASES/TC_HP_013 Verify Schedule 1 Healthpost To CMS Request Are Working Successfully Or Not" status="ERROR">
         <error type="ERROR" message="Test Cases/HEALTHPOST TEST CASES/TC_HP_013 Verify Schedule 1 Healthpost To CMS Request Are Working Successfully Or Not FAILED because (of) java.lang.NumberFormatException: For input string: &quot;&quot;"/>
         <system-out><![CDATA[2018-06-10 02:21:33 - [TEST_CASE][ERROR] - Test Cases/HEALTHPOST TEST CASES/TC_HP_013 Verify Schedule 1 Healthpost To CMS Request Are Working Successfully Or Not: Test Cases/HEALTHPOST TEST CASES/TC_HP_013 Verify Schedule 1 Healthpost To CMS Request Are Working Successfully Or Not FAILED because (of) java.lang.NumberFormatException: For input string: ""

2018-06-10 02:21:33 - [TEST_STEP][PASSED] - openBrowser: Browser is opened with url: ''

2018-06-10 02:21:36 - [MESSAGE][PASSED] - Browser is opened with url: ''

2018-06-10 02:21:36 - [TEST_STEP][PASSED] - navigateToUrl: Navigate to 'http://192.168.137.1/multihospital_new/HDSplashscreen.aspx' successfully

2018-06-10 02:21:38 - [MESSAGE][PASSED] - Navigate to 'http://192.168.137.1/multihospital_new/HDSplashscreen.aspx' successfully

2018-06-10 02:21:38 - [TEST_STEP][PASSED] - maximizeWindow: Current window maximized

2018-06-10 02:21:39 - [MESSAGE][PASSED] - Current window maximized

2018-06-10 02:21:39 - [TEST_STEP][PASSED] - click: Object: 'Object Repository/HealthpostToCms/Page_KDMC/a_Healthpost Store' is clicked on

2018-06-10 02:21:40 - [MESSAGE][PASSED] - Object: 'Object Repository/HealthpostToCms/Page_KDMC/a_Healthpost Store' is clicked on

2018-06-10 02:21:40 - [TEST_STEP][PASSED] - setText: Text 'raguram' is set on object 'Object Repository/HealthpostToCms/Page_HealthPost Store Login/input_txtusername'

2018-06-10 02:21:40 - [MESSAGE][PASSED] - Text 'raguram' is set on object 'Object Repository/HealthpostToCms/Page_HealthPost Store Login/input_txtusername'

2018-06-10 02:21:40 - [TEST_STEP][PASSED] - setText: Text '123' is set on object 'Object Repository/HealthpostToCms/Page_HealthPost Store Login/input_txtpassword'

2018-06-10 02:21:40 - [MESSAGE][PASSED] - Text '123' is set on object 'Object Repository/HealthpostToCms/Page_HealthPost Store Login/input_txtpassword'

2018-06-10 02:21:40 - [TEST_STEP][PASSED] - delay: Delayed 3 second(s)

2018-06-10 02:21:43 - [MESSAGE][PASSED] - Delayed 3 second(s)

2018-06-10 02:21:43 - [TEST_STEP][PASSED] - click: Object: 'Object Repository/HealthpostToCms/Page_HealthPost Store Login/button_Sign in' is clicked on

2018-06-10 02:21:44 - [MESSAGE][PASSED] - Object: 'Object Repository/HealthpostToCms/Page_HealthPost Store Login/button_Sign in' is clicked on

2018-06-10 02:21:44 - [TEST_STEP][PASSED] - delay: Delayed 3 second(s)

2018-06-10 02:21:47 - [MESSAGE][PASSED] - Delayed 3 second(s)

2018-06-10 02:21:47 - [TEST_STEP][PASSED] - click: Object: 'Object Repository/HealthpostToCms/Page_HealthPost Store/a_CMS' is clicked on

2018-06-10 02:21:47 - [MESSAGE][PASSED] - Object: 'Object Repository/HealthpostToCms/Page_HealthPost Store/a_CMS' is clicked on

2018-06-10 02:21:47 - [TEST_STEP][PASSED] - click: Object: 'Object Repository/HealthpostToCms/Page_HealthPost Store/a_Request Send' is clicked on

2018-06-10 02:21:48 - [MESSAGE][PASSED] - Object: 'Object Repository/HealthpostToCms/Page_HealthPost Store/a_Request Send' is clicked on

2018-06-10 02:21:48 - [TEST_STEP][PASSED] - delay: Delayed 2 second(s)

2018-06-10 02:21:50 - [MESSAGE][PASSED] - Delayed 2 second(s)

2018-06-10 02:21:50 - [TEST_STEP][PASSED] - selectOptionByIndex: All options with index in [2] are selected on object 'Object Repository/HealthpostToCms/Page_HealthPost Store/select_--Select--'

2018-06-10 02:21:50 - [MESSAGE][PASSED] - All options with index in [2] are selected on object 'Object Repository/HealthpostToCms/Page_HealthPost Store/select_--Select--'

2018-06-10 02:21:50 - [TEST_STEP][PASSED] - selectOptionByIndex: All options with index in [1] are selected on object 'Object Repository/HealthpostToCms/Page_HealthPost Store/select_--Select--Schedule 1Inj'

2018-06-10 02:21:50 - [MESSAGE][PASSED] - All options with index in [1] are selected on object 'Object Repository/HealthpostToCms/Page_HealthPost Store/select_--Select--Schedule 1Inj'

2018-06-10 02:21:50 - [TEST_STEP][PASSED] - Statement - medicineslength = com.kms.katalon.core.webui.keyword.WebUiBuiltInKeywords.getNumberOfTotalOption(com.kms.katalon.core.testobject.ObjectRepository.findTestObject(HealthpostToCms/Page_HealthPost Store/select_--Select--Adernaline 0.)): 63 options of object 'Object Repository/HealthpostToCms/Page_HealthPost Store/select_--Select--Adernaline 0.' counted

2018-06-10 02:21:50 - [MESSAGE][PASSED] - 63 options of object 'Object Repository/HealthpostToCms/Page_HealthPost Store/select_--Select--Adernaline 0.' counted

2018-06-10 02:21:50 - [TEST_STEP][PASSED] - Statement - For ([e = 1, e <= medicineslength - 1, (e++)]): Delayed 1 second(s)

2018-06-10 02:21:50 - [TEST_STEP][PASSED] - selectOptionByIndex: All options with index in [1] are selected on object 'Object Repository/HealthpostToCms/Page_HealthPost Store/select_--Select--Schedule 1Inj'

2018-06-10 02:21:50 - [MESSAGE][PASSED] - All options with index in [1] are selected on object 'Object Repository/HealthpostToCms/Page_HealthPost Store/select_--Select--Schedule 1Inj'

2018-06-10 02:21:50 - [TEST_STEP][PASSED] - delay: Delayed 1 second(s)

2018-06-10 02:21:51 - [MESSAGE][PASSED] - Delayed 1 second(s)

2018-06-10 02:21:51 - [TEST_STEP][PASSED] - selectOptionByIndex: All options with index in [1] are selected on object 'Object Repository/HealthpostToCms/Page_HealthPost Store/select_--Select--Adernaline 0.'

2018-06-10 02:21:51 - [MESSAGE][PASSED] - All options with index in [1] are selected on object 'Object Repository/HealthpostToCms/Page_HealthPost Store/select_--Select--Adernaline 0.'

2018-06-10 02:21:51 - [TEST_STEP][PASSED] - setText: Text '100' is set on object 'Object Repository/HealthpostToCms/Page_HealthPost Store/input_txttreat'

2018-06-10 02:21:51 - [MESSAGE][PASSED] - Text '100' is set on object 'Object Repository/HealthpostToCms/Page_HealthPost Store/input_txttreat'

2018-06-10 02:21:51 - [TEST_STEP][PASSED] - click: Object: 'Object Repository/HealthpostToCms/Page_HealthPost Store/button_Add' is clicked on

2018-06-10 02:21:51 - [MESSAGE][PASSED] - Object: 'Object Repository/HealthpostToCms/Page_HealthPost Store/button_Add' is clicked on

2018-06-10 02:21:51 - [TEST_STEP][PASSED] - delay: Delayed 1 second(s)

2018-06-10 02:21:52 - [MESSAGE][PASSED] - Delayed 1 second(s)

2018-06-10 02:21:52 - [TEST_STEP][PASSED] - selectOptionByIndex: All options with index in [1] are selected on object 'Object Repository/HealthpostToCms/Page_HealthPost Store/select_--Select--Schedule 1Inj'

2018-06-10 02:21:53 - [MESSAGE][PASSED] - All options with index in [1] are selected on object 'Object Repository/HealthpostToCms/Page_HealthPost Store/select_--Select--Schedule 1Inj'

2018-06-10 02:21:53 - [TEST_STEP][PASSED] - delay: Delayed 1 second(s)

2018-06-10 02:21:54 - [MESSAGE][PASSED] - Delayed 1 second(s)

2018-06-10 02:21:54 - [TEST_STEP][PASSED] - selectOptionByIndex: All options with index in [2] are selected on object 'Object Repository/HealthpostToCms/Page_HealthPost Store/select_--Select--Adernaline 0.'

2018-06-10 02:21:54 - [MESSAGE][PASSED] - All options with index in [2] are selected on object 'Object Repository/HealthpostToCms/Page_HealthPost Store/select_--Select--Adernaline 0.'

2018-06-10 02:21:54 - [TEST_STEP][PASSED] - setText: Text '100' is set on object 'Object Repository/HealthpostToCms/Page_HealthPost Store/input_txttreat'

2018-06-10 02:21:54 - [MESSAGE][PASSED] - Text '100' is set on object 'Object Repository/HealthpostToCms/Page_HealthPost Store/input_txttreat'

2018-06-10 02:21:54 - [TEST_STEP][PASSED] - click: Object: 'Object Repository/HealthpostToCms/Page_HealthPost Store/button_Add' is clicked on

2018-06-10 02:21:54 - [MESSAGE][PASSED] - Object: 'Object Repository/HealthpostToCms/Page_HealthPost Store/button_Add' is clicked on

2018-06-10 02:21:54 - [TEST_STEP][PASSED] - delay: Delayed 1 second(s)

2018-06-10 02:21:55 - [MESSAGE][PASSED] - Delayed 1 second(s)

2018-06-10 02:21:55 - [TEST_STEP][PASSED] - selectOptionByIndex: All options with index in [1] are selected on object 'Object Repository/HealthpostToCms/Page_HealthPost Store/select_--Select--Schedule 1Inj'

2018-06-10 02:21:55 - [MESSAGE][PASSED] - All options with index in [1] are selected on object 'Object Repository/HealthpostToCms/Page_HealthPost Store/select_--Select--Schedule 1Inj'

2018-06-10 02:21:55 - [TEST_STEP][PASSED] - delay: Delayed 1 second(s)

2018-06-10 02:21:56 - [MESSAGE][PASSED] - Delayed 1 second(s)

2018-06-10 02:21:56 - [TEST_STEP][PASSED] - selectOptionByIndex: All options with index in [3] are selected on object 'Object Repository/HealthpostToCms/Page_HealthPost Store/select_--Select--Adernaline 0.'

2018-06-10 02:21:56 - [MESSAGE][PASSED] - All options with index in [3] are selected on object 'Object Repository/HealthpostToCms/Page_HealthPost Store/select_--Select--Adernaline 0.'

2018-06-10 02:21:56 - [TEST_STEP][PASSED] - setText: Text '100' is set on object 'Object Repository/HealthpostToCms/Page_HealthPost Store/input_txttreat'

2018-06-10 02:21:56 - [MESSAGE][PASSED] - Text '100' is set on object 'Object Repository/HealthpostToCms/Page_HealthPost Store/input_txttreat'

2018-06-10 02:21:56 - [TEST_STEP][PASSED] - click: Object: 'Object Repository/HealthpostToCms/Page_HealthPost Store/button_Add' is clicked on

2018-06-10 02:21:56 - [MESSAGE][PASSED] - Object: 'Object Repository/HealthpostToCms/Page_HealthPost Store/button_Add' is clicked on

2018-06-10 02:21:56 - [TEST_STEP][PASSED] - delay: Delayed 1 second(s)

2018-06-10 02:21:57 - [MESSAGE][PASSED] - Delayed 1 second(s)

2018-06-10 02:21:57 - [TEST_STEP][PASSED] - selectOptionByIndex: All options with index in [1] are selected on object 'Object Repository/HealthpostToCms/Page_HealthPost Store/select_--Select--Schedule 1Inj'

2018-06-10 02:21:58 - [MESSAGE][PASSED] - All options with index in [1] are selected on object 'Object Repository/HealthpostToCms/Page_HealthPost Store/select_--Select--Schedule 1Inj'

2018-06-10 02:21:58 - [TEST_STEP][PASSED] - delay: Delayed 1 second(s)

2018-06-10 02:21:59 - [MESSAGE][PASSED] - Delayed 1 second(s)

2018-06-10 02:21:59 - [TEST_STEP][PASSED] - selectOptionByIndex: All options with index in [4] are selected on object 'Object Repository/HealthpostToCms/Page_HealthPost Store/select_--Select--Adernaline 0.'

2018-06-10 02:21:59 - [MESSAGE][PASSED] - All options with index in [4] are selected on object 'Object Repository/HealthpostToCms/Page_HealthPost Store/select_--Select--Adernaline 0.'

2018-06-10 02:21:59 - [TEST_STEP][PASSED] - setText: Text '100' is set on object 'Object Repository/HealthpostToCms/Page_HealthPost Store/input_txttreat'

2018-06-10 02:21:59 - [MESSAGE][PASSED] - Text '100' is set on object 'Object Repository/HealthpostToCms/Page_HealthPost Store/input_txttreat'

2018-06-10 02:21:59 - [TEST_STEP][PASSED] - click: Object: 'Object Repository/HealthpostToCms/Page_HealthPost Store/button_Add' is clicked on

2018-06-10 02:21:59 - [MESSAGE][PASSED] - Object: 'Object Repository/HealthpostToCms/Page_HealthPost Store/button_Add' is clicked on

2018-06-10 02:21:59 - [TEST_STEP][PASSED] - delay: Delayed 1 second(s)

2018-06-10 02:22:00 - [MESSAGE][PASSED] - Delayed 1 second(s)

2018-06-10 02:22:00 - [TEST_STEP][PASSED] - selectOptionByIndex: All options with index in [1] are selected on object 'Object Repository/HealthpostToCms/Page_HealthPost Store/select_--Select--Schedule 1Inj'

2018-06-10 02:22:00 - [MESSAGE][PASSED] - All options with index in [1] are selected on object 'Object Repository/HealthpostToCms/Page_HealthPost Store/select_--Select--Schedule 1Inj'

2018-06-10 02:22:00 - [TEST_STEP][PASSED] - delay: Delayed 1 second(s)

2018-06-10 02:22:01 - [MESSAGE][PASSED] - Delayed 1 second(s)

2018-06-10 02:22:01 - [TEST_STEP][PASSED] - selectOptionByIndex: All options with index in [5] are selected on object 'Object Repository/HealthpostToCms/Page_HealthPost Store/select_--Select--Adernaline 0.'

2018-06-10 02:22:01 - [MESSAGE][PASSED] - All options with index in [5] are selected on object 'Object Repository/HealthpostToCms/Page_HealthPost Store/select_--Select--Adernaline 0.'

2018-06-10 02:22:01 - [TEST_STEP][PASSED] - setText: Text '100' is set on object 'Object Repository/HealthpostToCms/Page_HealthPost Store/input_txttreat'

2018-06-10 02:22:01 - [MESSAGE][PASSED] - Text '100' is set on object 'Object Repository/HealthpostToCms/Page_HealthPost Store/input_txttreat'

2018-06-10 02:22:01 - [TEST_STEP][PASSED] - click: Object: 'Object Repository/HealthpostToCms/Page_HealthPost Store/button_Add' is clicked on

2018-06-10 02:22:01 - [MESSAGE][PASSED] - Object: 'Object Repository/HealthpostToCms/Page_HealthPost Store/button_Add' is clicked on

2018-06-10 02:22:01 - [TEST_STEP][PASSED] - delay: Delayed 1 second(s)

2018-06-10 02:22:02 - [MESSAGE][PASSED] - Delayed 1 second(s)

2018-06-10 02:22:02 - [TEST_STEP][PASSED] - selectOptionByIndex: All options with index in [1] are selected on object 'Object Repository/HealthpostToCms/Page_HealthPost Store/select_--Select--Schedule 1Inj'

2018-06-10 02:22:03 - [MESSAGE][PASSED] - All options with index in [1] are selected on object 'Object Repository/HealthpostToCms/Page_HealthPost Store/select_--Select--Schedule 1Inj'

2018-06-10 02:22:03 - [TEST_STEP][PASSED] - delay: Delayed 1 second(s)

2018-06-10 02:22:04 - [MESSAGE][PASSED] - Delayed 1 second(s)

2018-06-10 02:22:04 - [TEST_STEP][PASSED] - selectOptionByIndex: All options with index in [6] are selected on object 'Object Repository/HealthpostToCms/Page_HealthPost Store/select_--Select--Adernaline 0.'

2018-06-10 02:22:04 - [MESSAGE][PASSED] - All options with index in [6] are selected on object 'Object Repository/HealthpostToCms/Page_HealthPost Store/select_--Select--Adernaline 0.'

2018-06-10 02:22:04 - [TEST_STEP][PASSED] - setText: Text '100' is set on object 'Object Repository/HealthpostToCms/Page_HealthPost Store/input_txttreat'

2018-06-10 02:22:04 - [MESSAGE][PASSED] - Text '100' is set on object 'Object Repository/HealthpostToCms/Page_HealthPost Store/input_txttreat'

2018-06-10 02:22:04 - [TEST_STEP][PASSED] - click: Object: 'Object Repository/HealthpostToCms/Page_HealthPost Store/button_Add' is clicked on

2018-06-10 02:22:04 - [MESSAGE][PASSED] - Object: 'Object Repository/HealthpostToCms/Page_HealthPost Store/button_Add' is clicked on

2018-06-10 02:22:04 - [TEST_STEP][PASSED] - delay: Delayed 1 second(s)

2018-06-10 02:22:05 - [MESSAGE][PASSED] - Delayed 1 second(s)

2018-06-10 02:22:05 - [TEST_STEP][PASSED] - selectOptionByIndex: All options with index in [1] are selected on object 'Object Repository/HealthpostToCms/Page_HealthPost Store/select_--Select--Schedule 1Inj'

2018-06-10 02:22:05 - [MESSAGE][PASSED] - All options with index in [1] are selected on object 'Object Repository/HealthpostToCms/Page_HealthPost Store/select_--Select--Schedule 1Inj'

2018-06-10 02:22:05 - [TEST_STEP][PASSED] - delay: Delayed 1 second(s)

2018-06-10 02:22:06 - [MESSAGE][PASSED] - Delayed 1 second(s)

2018-06-10 02:22:06 - [TEST_STEP][PASSED] - selectOptionByIndex: All options with index in [7] are selected on object 'Object Repository/HealthpostToCms/Page_HealthPost Store/select_--Select--Adernaline 0.'

2018-06-10 02:22:06 - [MESSAGE][PASSED] - All options with index in [7] are selected on object 'Object Repository/HealthpostToCms/Page_HealthPost Store/select_--Select--Adernaline 0.'

2018-06-10 02:22:06 - [TEST_STEP][PASSED] - setText: Text '100' is set on object 'Object Repository/HealthpostToCms/Page_HealthPost Store/input_txttreat'

2018-06-10 02:22:07 - [MESSAGE][PASSED] - Text '100' is set on object 'Object Repository/HealthpostToCms/Page_HealthPost Store/input_txttreat'

2018-06-10 02:22:07 - [TEST_STEP][PASSED] - click: Object: 'Object Repository/HealthpostToCms/Page_HealthPost Store/button_Add' is clicked on

2018-06-10 02:22:07 - [MESSAGE][PASSED] - Object: 'Object Repository/HealthpostToCms/Page_HealthPost Store/button_Add' is clicked on

2018-06-10 02:22:07 - [TEST_STEP][PASSED] - delay: Delayed 1 second(s)

2018-06-10 02:22:08 - [MESSAGE][PASSED] - Delayed 1 second(s)

2018-06-10 02:22:08 - [TEST_STEP][PASSED] - selectOptionByIndex: All options with index in [1] are selected on object 'Object Repository/HealthpostToCms/Page_HealthPost Store/select_--Select--Schedule 1Inj'

2018-06-10 02:22:08 - [MESSAGE][PASSED] - All options with index in [1] are selected on object 'Object Repository/HealthpostToCms/Page_HealthPost Store/select_--Select--Schedule 1Inj'

2018-06-10 02:22:08 - [TEST_STEP][PASSED] - delay: Delayed 1 second(s)

2018-06-10 02:22:09 - [MESSAGE][PASSED] - Delayed 1 second(s)

2018-06-10 02:22:09 - [TEST_STEP][PASSED] - selectOptionByIndex: All options with index in [8] are selected on object 'Object Repository/HealthpostToCms/Page_HealthPost Store/select_--Select--Adernaline 0.'

2018-06-10 02:22:09 - [MESSAGE][PASSED] - All options with index in [8] are selected on object 'Object Repository/HealthpostToCms/Page_HealthPost Store/select_--Select--Adernaline 0.'

2018-06-10 02:22:09 - [TEST_STEP][PASSED] - setText: Text '100' is set on object 'Object Repository/HealthpostToCms/Page_HealthPost Store/input_txttreat'

2018-06-10 02:22:09 - [MESSAGE][PASSED] - Text '100' is set on object 'Object Repository/HealthpostToCms/Page_HealthPost Store/input_txttreat'

2018-06-10 02:22:09 - [TEST_STEP][PASSED] - click: Object: 'Object Repository/HealthpostToCms/Page_HealthPost Store/button_Add' is clicked on

2018-06-10 02:22:09 - [MESSAGE][PASSED] - Object: 'Object Repository/HealthpostToCms/Page_HealthPost Store/button_Add' is clicked on

2018-06-10 02:22:09 - [TEST_STEP][PASSED] - delay: Delayed 1 second(s)

2018-06-10 02:22:10 - [MESSAGE][PASSED] - Delayed 1 second(s)

2018-06-10 02:22:10 - [TEST_STEP][PASSED] - selectOptionByIndex: All options with index in [1] are selected on object 'Object Repository/HealthpostToCms/Page_HealthPost Store/select_--Select--Schedule 1Inj'

2018-06-10 02:22:10 - [MESSAGE][PASSED] - All options with index in [1] are selected on object 'Object Repository/HealthpostToCms/Page_HealthPost Store/select_--Select--Schedule 1Inj'

2018-06-10 02:22:10 - [TEST_STEP][PASSED] - delay: Delayed 1 second(s)

2018-06-10 02:22:11 - [MESSAGE][PASSED] - Delayed 1 second(s)

2018-06-10 02:22:11 - [TEST_STEP][PASSED] - selectOptionByIndex: All options with index in [9] are selected on object 'Object Repository/HealthpostToCms/Page_HealthPost Store/select_--Select--Adernaline 0.'

2018-06-10 02:22:12 - [MESSAGE][PASSED] - All options with index in [9] are selected on object 'Object Repository/HealthpostToCms/Page_HealthPost Store/select_--Select--Adernaline 0.'

2018-06-10 02:22:12 - [TEST_STEP][PASSED] - setText: Text '100' is set on object 'Object Repository/HealthpostToCms/Page_HealthPost Store/input_txttreat'

2018-06-10 02:22:12 - [MESSAGE][PASSED] - Text '100' is set on object 'Object Repository/HealthpostToCms/Page_HealthPost Store/input_txttreat'

2018-06-10 02:22:12 - [TEST_STEP][PASSED] - click: Object: 'Object Repository/HealthpostToCms/Page_HealthPost Store/button_Add' is clicked on

2018-06-10 02:22:12 - [MESSAGE][PASSED] - Object: 'Object Repository/HealthpostToCms/Page_HealthPost Store/button_Add' is clicked on

2018-06-10 02:22:12 - [TEST_STEP][PASSED] - delay: Delayed 1 second(s)

2018-06-10 02:22:13 - [MESSAGE][PASSED] - Delayed 1 second(s)

2018-06-10 02:22:13 - [TEST_STEP][PASSED] - selectOptionByIndex: All options with index in [1] are selected on object 'Object Repository/HealthpostToCms/Page_HealthPost Store/select_--Select--Schedule 1Inj'

2018-06-10 02:22:13 - [MESSAGE][PASSED] - All options with index in [1] are selected on object 'Object Repository/HealthpostToCms/Page_HealthPost Store/select_--Select--Schedule 1Inj'

2018-06-10 02:22:13 - [TEST_STEP][PASSED] - delay: Delayed 1 second(s)

2018-06-10 02:22:14 - [MESSAGE][PASSED] - Delayed 1 second(s)

2018-06-10 02:22:14 - [TEST_STEP][PASSED] - selectOptionByIndex: All options with index in [10] are selected on object 'Object Repository/HealthpostToCms/Page_HealthPost Store/select_--Select--Adernaline 0.'

2018-06-10 02:22:14 - [MESSAGE][PASSED] - All options with index in [10] are selected on object 'Object Repository/HealthpostToCms/Page_HealthPost Store/select_--Select--Adernaline 0.'

2018-06-10 02:22:14 - [TEST_STEP][PASSED] - setText: Text '100' is set on object 'Object Repository/HealthpostToCms/Page_HealthPost Store/input_txttreat'

2018-06-10 02:22:14 - [MESSAGE][PASSED] - Text '100' is set on object 'Object Repository/HealthpostToCms/Page_HealthPost Store/input_txttreat'

2018-06-10 02:22:14 - [TEST_STEP][PASSED] - click: Object: 'Object Repository/HealthpostToCms/Page_HealthPost Store/button_Add' is clicked on

2018-06-10 02:22:14 - [MESSAGE][PASSED] - Object: 'Object Repository/HealthpostToCms/Page_HealthPost Store/button_Add' is clicked on

2018-06-10 02:22:14 - [TEST_STEP][PASSED] - delay: Delayed 1 second(s)

2018-06-10 02:22:15 - [MESSAGE][PASSED] - Delayed 1 second(s)

2018-06-10 02:22:15 - [TEST_STEP][PASSED] - selectOptionByIndex: All options with index in [1] are selected on object 'Object Repository/HealthpostToCms/Page_HealthPost Store/select_--Select--Schedule 1Inj'

2018-06-10 02:22:15 - [MESSAGE][PASSED] - All options with index in [1] are selected on object 'Object Repository/HealthpostToCms/Page_HealthPost Store/select_--Select--Schedule 1Inj'

2018-06-10 02:22:15 - [TEST_STEP][PASSED] - delay: Delayed 1 second(s)

2018-06-10 02:22:16 - [MESSAGE][PASSED] - Delayed 1 second(s)

2018-06-10 02:22:16 - [TEST_STEP][PASSED] - selectOptionByIndex: All options with index in [11] are selected on object 'Object Repository/HealthpostToCms/Page_HealthPost Store/select_--Select--Adernaline 0.'

2018-06-10 02:22:17 - [MESSAGE][PASSED] - All options with index in [11] are selected on object 'Object Repository/HealthpostToCms/Page_HealthPost Store/select_--Select--Adernaline 0.'

2018-06-10 02:22:17 - [TEST_STEP][PASSED] - setText: Text '100' is set on object 'Object Repository/HealthpostToCms/Page_HealthPost Store/input_txttreat'

2018-06-10 02:22:17 - [MESSAGE][PASSED] - Text '100' is set on object 'Object Repository/HealthpostToCms/Page_HealthPost Store/input_txttreat'

2018-06-10 02:22:17 - [TEST_STEP][PASSED] - click: Object: 'Object Repository/HealthpostToCms/Page_HealthPost Store/button_Add' is clicked on

2018-06-10 02:22:17 - [MESSAGE][PASSED] - Object: 'Object Repository/HealthpostToCms/Page_HealthPost Store/button_Add' is clicked on

2018-06-10 02:22:17 - [TEST_STEP][PASSED] - delay: Delayed 1 second(s)

2018-06-10 02:22:18 - [MESSAGE][PASSED] - Delayed 1 second(s)

2018-06-10 02:22:18 - [TEST_STEP][PASSED] - selectOptionByIndex: All options with index in [1] are selected on object 'Object Repository/HealthpostToCms/Page_HealthPost Store/select_--Select--Schedule 1Inj'

2018-06-10 02:22:18 - [MESSAGE][PASSED] - All options with index in [1] are selected on object 'Object Repository/HealthpostToCms/Page_HealthPost Store/select_--Select--Schedule 1Inj'

2018-06-10 02:22:18 - [TEST_STEP][PASSED] - delay: Delayed 1 second(s)

2018-06-10 02:22:19 - [MESSAGE][PASSED] - Delayed 1 second(s)

2018-06-10 02:22:19 - [TEST_STEP][PASSED] - selectOptionByIndex: All options with index in [12] are selected on object 'Object Repository/HealthpostToCms/Page_HealthPost Store/select_--Select--Adernaline 0.'

2018-06-10 02:22:19 - [MESSAGE][PASSED] - All options with index in [12] are selected on object 'Object Repository/HealthpostToCms/Page_HealthPost Store/select_--Select--Adernaline 0.'

2018-06-10 02:22:19 - [TEST_STEP][PASSED] - setText: Text '100' is set on object 'Object Repository/HealthpostToCms/Page_HealthPost Store/input_txttreat'

2018-06-10 02:22:19 - [MESSAGE][PASSED] - Text '100' is set on object 'Object Repository/HealthpostToCms/Page_HealthPost Store/input_txttreat'

2018-06-10 02:22:19 - [TEST_STEP][PASSED] - click: Object: 'Object Repository/HealthpostToCms/Page_HealthPost Store/button_Add' is clicked on

2018-06-10 02:22:19 - [MESSAGE][PASSED] - Object: 'Object Repository/HealthpostToCms/Page_HealthPost Store/button_Add' is clicked on

2018-06-10 02:22:19 - [TEST_STEP][PASSED] - delay: Delayed 1 second(s)

2018-06-10 02:22:20 - [MESSAGE][PASSED] - Delayed 1 second(s)

2018-06-10 02:22:20 - [TEST_STEP][PASSED] - selectOptionByIndex: All options with index in [1] are selected on object 'Object Repository/HealthpostToCms/Page_HealthPost Store/select_--Select--Schedule 1Inj'

2018-06-10 02:22:21 - [MESSAGE][PASSED] - All options with index in [1] are selected on object 'Object Repository/HealthpostToCms/Page_HealthPost Store/select_--Select--Schedule 1Inj'

2018-06-10 02:22:21 - [TEST_STEP][PASSED] - delay: Delayed 1 second(s)

2018-06-10 02:22:22 - [MESSAGE][PASSED] - Delayed 1 second(s)

2018-06-10 02:22:22 - [TEST_STEP][PASSED] - selectOptionByIndex: All options with index in [13] are selected on object 'Object Repository/HealthpostToCms/Page_HealthPost Store/select_--Select--Adernaline 0.'

2018-06-10 02:22:22 - [MESSAGE][PASSED] - All options with index in [13] are selected on object 'Object Repository/HealthpostToCms/Page_HealthPost Store/select_--Select--Adernaline 0.'

2018-06-10 02:22:22 - [TEST_STEP][PASSED] - setText: Text '100' is set on object 'Object Repository/HealthpostToCms/Page_HealthPost Store/input_txttreat'

2018-06-10 02:22:22 - [MESSAGE][PASSED] - Text '100' is set on object 'Object Repository/HealthpostToCms/Page_HealthPost Store/input_txttreat'

2018-06-10 02:22:22 - [TEST_STEP][PASSED] - click: Object: 'Object Repository/HealthpostToCms/Page_HealthPost Store/button_Add' is clicked on

2018-06-10 02:22:22 - [MESSAGE][PASSED] - Object: 'Object Repository/HealthpostToCms/Page_HealthPost Store/button_Add' is clicked on

2018-06-10 02:22:22 - [TEST_STEP][PASSED] - delay: Delayed 1 second(s)

2018-06-10 02:22:23 - [MESSAGE][PASSED] - Delayed 1 second(s)

2018-06-10 02:22:23 - [TEST_STEP][PASSED] - selectOptionByIndex: All options with index in [1] are selected on object 'Object Repository/HealthpostToCms/Page_HealthPost Store/select_--Select--Schedule 1Inj'

2018-06-10 02:22:23 - [MESSAGE][PASSED] - All options with index in [1] are selected on object 'Object Repository/HealthpostToCms/Page_HealthPost Store/select_--Select--Schedule 1Inj'

2018-06-10 02:22:23 - [TEST_STEP][PASSED] - delay: Delayed 1 second(s)

2018-06-10 02:22:24 - [MESSAGE][PASSED] - Delayed 1 second(s)

2018-06-10 02:22:24 - [TEST_STEP][PASSED] - selectOptionByIndex: All options with index in [14] are selected on object 'Object Repository/HealthpostToCms/Page_HealthPost Store/select_--Select--Adernaline 0.'

2018-06-10 02:22:24 - [MESSAGE][PASSED] - All options with index in [14] are selected on object 'Object Repository/HealthpostToCms/Page_HealthPost Store/select_--Select--Adernaline 0.'

2018-06-10 02:22:24 - [TEST_STEP][PASSED] - setText: Text '100' is set on object 'Object Repository/HealthpostToCms/Page_HealthPost Store/input_txttreat'

2018-06-10 02:22:25 - [MESSAGE][PASSED] - Text '100' is set on object 'Object Repository/HealthpostToCms/Page_HealthPost Store/input_txttreat'

2018-06-10 02:22:25 - [TEST_STEP][PASSED] - click: Object: 'Object Repository/HealthpostToCms/Page_HealthPost Store/button_Add' is clicked on

2018-06-10 02:22:25 - [MESSAGE][PASSED] - Object: 'Object Repository/HealthpostToCms/Page_HealthPost Store/button_Add' is clicked on

2018-06-10 02:22:25 - [TEST_STEP][PASSED] - delay: Delayed 1 second(s)

2018-06-10 02:22:26 - [MESSAGE][PASSED] - Delayed 1 second(s)

2018-06-10 02:22:26 - [TEST_STEP][PASSED] - selectOptionByIndex: All options with index in [1] are selected on object 'Object Repository/HealthpostToCms/Page_HealthPost Store/select_--Select--Schedule 1Inj'

2018-06-10 02:22:26 - [MESSAGE][PASSED] - All options with index in [1] are selected on object 'Object Repository/HealthpostToCms/Page_HealthPost Store/select_--Select--Schedule 1Inj'

2018-06-10 02:22:26 - [TEST_STEP][PASSED] - delay: Delayed 1 second(s)

2018-06-10 02:22:27 - [MESSAGE][PASSED] - Delayed 1 second(s)

2018-06-10 02:22:27 - [TEST_STEP][PASSED] - selectOptionByIndex: All options with index in [15] are selected on object 'Object Repository/HealthpostToCms/Page_HealthPost Store/select_--Select--Adernaline 0.'

2018-06-10 02:22:27 - [MESSAGE][PASSED] - All options with index in [15] are selected on object 'Object Repository/HealthpostToCms/Page_HealthPost Store/select_--Select--Adernaline 0.'

2018-06-10 02:22:27 - [TEST_STEP][PASSED] - setText: Text '100' is set on object 'Object Repository/HealthpostToCms/Page_HealthPost Store/input_txttreat'

2018-06-10 02:22:27 - [MESSAGE][PASSED] - Text '100' is set on object 'Object Repository/HealthpostToCms/Page_HealthPost Store/input_txttreat'

2018-06-10 02:22:27 - [TEST_STEP][PASSED] - click: Object: 'Object Repository/HealthpostToCms/Page_HealthPost Store/button_Add' is clicked on

2018-06-10 02:22:27 - [MESSAGE][PASSED] - Object: 'Object Repository/HealthpostToCms/Page_HealthPost Store/button_Add' is clicked on

2018-06-10 02:22:27 - [TEST_STEP][PASSED] - delay: Delayed 1 second(s)

2018-06-10 02:22:28 - [MESSAGE][PASSED] - Delayed 1 second(s)

2018-06-10 02:22:28 - [TEST_STEP][PASSED] - selectOptionByIndex: All options with index in [1] are selected on object 'Object Repository/HealthpostToCms/Page_HealthPost Store/select_--Select--Schedule 1Inj'

2018-06-10 02:22:28 - [MESSAGE][PASSED] - All options with index in [1] are selected on object 'Object Repository/HealthpostToCms/Page_HealthPost Store/select_--Select--Schedule 1Inj'

2018-06-10 02:22:28 - [TEST_STEP][PASSED] - delay: Delayed 1 second(s)

2018-06-10 02:22:29 - [MESSAGE][PASSED] - Delayed 1 second(s)

2018-06-10 02:22:29 - [TEST_STEP][PASSED] - selectOptionByIndex: All options with index in [16] are selected on object 'Object Repository/HealthpostToCms/Page_HealthPost Store/select_--Select--Adernaline 0.'

2018-06-10 02:22:30 - [MESSAGE][PASSED] - All options with index in [16] are selected on object 'Object Repository/HealthpostToCms/Page_HealthPost Store/select_--Select--Adernaline 0.'

2018-06-10 02:22:30 - [TEST_STEP][PASSED] - setText: Text '100' is set on object 'Object Repository/HealthpostToCms/Page_HealthPost Store/input_txttreat'

2018-06-10 02:22:30 - [MESSAGE][PASSED] - Text '100' is set on object 'Object Repository/HealthpostToCms/Page_HealthPost Store/input_txttreat'

2018-06-10 02:22:30 - [TEST_STEP][PASSED] - click: Object: 'Object Repository/HealthpostToCms/Page_HealthPost Store/button_Add' is clicked on

2018-06-10 02:22:30 - [MESSAGE][PASSED] - Object: 'Object Repository/HealthpostToCms/Page_HealthPost Store/button_Add' is clicked on

2018-06-10 02:22:30 - [TEST_STEP][PASSED] - delay: Delayed 1 second(s)

2018-06-10 02:22:31 - [MESSAGE][PASSED] - Delayed 1 second(s)

2018-06-10 02:22:31 - [TEST_STEP][PASSED] - selectOptionByIndex: All options with index in [1] are selected on object 'Object Repository/HealthpostToCms/Page_HealthPost Store/select_--Select--Schedule 1Inj'

2018-06-10 02:22:31 - [MESSAGE][PASSED] - All options with index in [1] are selected on object 'Object Repository/HealthpostToCms/Page_HealthPost Store/select_--Select--Schedule 1Inj'

2018-06-10 02:22:31 - [TEST_STEP][PASSED] - delay: Delayed 1 second(s)

2018-06-10 02:22:32 - [MESSAGE][PASSED] - Delayed 1 second(s)

2018-06-10 02:22:32 - [TEST_STEP][PASSED] - selectOptionByIndex: All options with index in [17] are selected on object 'Object Repository/HealthpostToCms/Page_HealthPost Store/select_--Select--Adernaline 0.'

2018-06-10 02:22:32 - [MESSAGE][PASSED] - All options with index in [17] are selected on object 'Object Repository/HealthpostToCms/Page_HealthPost Store/select_--Select--Adernaline 0.'

2018-06-10 02:22:32 - [TEST_STEP][PASSED] - setText: Text '100' is set on object 'Object Repository/HealthpostToCms/Page_HealthPost Store/input_txttreat'

2018-06-10 02:22:32 - [MESSAGE][PASSED] - Text '100' is set on object 'Object Repository/HealthpostToCms/Page_HealthPost Store/input_txttreat'

2018-06-10 02:22:32 - [TEST_STEP][PASSED] - click: Object: 'Object Repository/HealthpostToCms/Page_HealthPost Store/button_Add' is clicked on

2018-06-10 02:22:32 - [MESSAGE][PASSED] - Object: 'Object Repository/HealthpostToCms/Page_HealthPost Store/button_Add' is clicked on

2018-06-10 02:22:32 - [TEST_STEP][PASSED] - delay: Delayed 1 second(s)

2018-06-10 02:22:33 - [MESSAGE][PASSED] - Delayed 1 second(s)

2018-06-10 02:22:33 - [TEST_STEP][PASSED] - selectOptionByIndex: All options with index in [1] are selected on object 'Object Repository/HealthpostToCms/Page_HealthPost Store/select_--Select--Schedule 1Inj'

2018-06-10 02:22:34 - [MESSAGE][PASSED] - All options with index in [1] are selected on object 'Object Repository/HealthpostToCms/Page_HealthPost Store/select_--Select--Schedule 1Inj'

2018-06-10 02:22:34 - [TEST_STEP][PASSED] - delay: Delayed 1 second(s)

2018-06-10 02:22:35 - [MESSAGE][PASSED] - Delayed 1 second(s)

2018-06-10 02:22:35 - [TEST_STEP][PASSED] - selectOptionByIndex: All options with index in [18] are selected on object 'Object Repository/HealthpostToCms/Page_HealthPost Store/select_--Select--Adernaline 0.'

2018-06-10 02:22:35 - [MESSAGE][PASSED] - All options with index in [18] are selected on object 'Object Repository/HealthpostToCms/Page_HealthPost Store/select_--Select--Adernaline 0.'

2018-06-10 02:22:35 - [TEST_STEP][PASSED] - setText: Text '100' is set on object 'Object Repository/HealthpostToCms/Page_HealthPost Store/input_txttreat'

2018-06-10 02:22:35 - [MESSAGE][PASSED] - Text '100' is set on object 'Object Repository/HealthpostToCms/Page_HealthPost Store/input_txttreat'

2018-06-10 02:22:35 - [TEST_STEP][PASSED] - click: Object: 'Object Repository/HealthpostToCms/Page_HealthPost Store/button_Add' is clicked on

2018-06-10 02:22:35 - [MESSAGE][PASSED] - Object: 'Object Repository/HealthpostToCms/Page_HealthPost Store/button_Add' is clicked on

2018-06-10 02:22:35 - [TEST_STEP][PASSED] - delay: Delayed 1 second(s)

2018-06-10 02:22:36 - [MESSAGE][PASSED] - Delayed 1 second(s)

2018-06-10 02:22:36 - [TEST_STEP][PASSED] - selectOptionByIndex: All options with index in [1] are selected on object 'Object Repository/HealthpostToCms/Page_HealthPost Store/select_--Select--Schedule 1Inj'

2018-06-10 02:22:36 - [MESSAGE][PASSED] - All options with index in [1] are selected on object 'Object Repository/HealthpostToCms/Page_HealthPost Store/select_--Select--Schedule 1Inj'

2018-06-10 02:22:36 - [TEST_STEP][PASSED] - delay: Delayed 1 second(s)

2018-06-10 02:22:37 - [MESSAGE][PASSED] - Delayed 1 second(s)

2018-06-10 02:22:37 - [TEST_STEP][PASSED] - selectOptionByIndex: All options with index in [19] are selected on object 'Object Repository/HealthpostToCms/Page_HealthPost Store/select_--Select--Adernaline 0.'

2018-06-10 02:22:38 - [MESSAGE][PASSED] - All options with index in [19] are selected on object 'Object Repository/HealthpostToCms/Page_HealthPost Store/select_--Select--Adernaline 0.'

2018-06-10 02:22:38 - [TEST_STEP][PASSED] - setText: Text '100' is set on object 'Object Repository/HealthpostToCms/Page_HealthPost Store/input_txttreat'

2018-06-10 02:22:38 - [MESSAGE][PASSED] - Text '100' is set on object 'Object Repository/HealthpostToCms/Page_HealthPost Store/input_txttreat'

2018-06-10 02:22:38 - [TEST_STEP][PASSED] - click: Object: 'Object Repository/HealthpostToCms/Page_HealthPost Store/button_Add' is clicked on

2018-06-10 02:22:38 - [MESSAGE][PASSED] - Object: 'Object Repository/HealthpostToCms/Page_HealthPost Store/button_Add' is clicked on

2018-06-10 02:22:38 - [TEST_STEP][PASSED] - delay: Delayed 1 second(s)

2018-06-10 02:22:39 - [MESSAGE][PASSED] - Delayed 1 second(s)

2018-06-10 02:22:39 - [TEST_STEP][PASSED] - selectOptionByIndex: All options with index in [1] are selected on object 'Object Repository/HealthpostToCms/Page_HealthPost Store/select_--Select--Schedule 1Inj'

2018-06-10 02:22:39 - [MESSAGE][PASSED] - All options with index in [1] are selected on object 'Object Repository/HealthpostToCms/Page_HealthPost Store/select_--Select--Schedule 1Inj'

2018-06-10 02:22:39 - [TEST_STEP][PASSED] - delay: Delayed 1 second(s)

2018-06-10 02:22:40 - [MESSAGE][PASSED] - Delayed 1 second(s)

2018-06-10 02:22:40 - [TEST_STEP][PASSED] - selectOptionByIndex: All options with index in [20] are selected on object 'Object Repository/HealthpostToCms/Page_HealthPost Store/select_--Select--Adernaline 0.'

2018-06-10 02:22:40 - [MESSAGE][PASSED] - All options with index in [20] are selected on object 'Object Repository/HealthpostToCms/Page_HealthPost Store/select_--Select--Adernaline 0.'

2018-06-10 02:22:40 - [TEST_STEP][PASSED] - setText: Text '100' is set on object 'Object Repository/HealthpostToCms/Page_HealthPost Store/input_txttreat'

2018-06-10 02:22:40 - [MESSAGE][PASSED] - Text '100' is set on object 'Object Repository/HealthpostToCms/Page_HealthPost Store/input_txttreat'

2018-06-10 02:22:40 - [TEST_STEP][PASSED] - click: Object: 'Object Repository/HealthpostToCms/Page_HealthPost Store/button_Add' is clicked on

2018-06-10 02:22:40 - [MESSAGE][PASSED] - Object: 'Object Repository/HealthpostToCms/Page_HealthPost Store/button_Add' is clicked on

2018-06-10 02:22:40 - [TEST_STEP][PASSED] - delay: Delayed 1 second(s)

2018-06-10 02:22:41 - [MESSAGE][PASSED] - Delayed 1 second(s)

2018-06-10 02:22:41 - [TEST_STEP][PASSED] - selectOptionByIndex: All options with index in [1] are selected on object 'Object Repository/HealthpostToCms/Page_HealthPost Store/select_--Select--Schedule 1Inj'

2018-06-10 02:22:41 - [MESSAGE][PASSED] - All options with index in [1] are selected on object 'Object Repository/HealthpostToCms/Page_HealthPost Store/select_--Select--Schedule 1Inj'

2018-06-10 02:22:41 - [TEST_STEP][PASSED] - delay: Delayed 1 second(s)

2018-06-10 02:22:42 - [MESSAGE][PASSED] - Delayed 1 second(s)

2018-06-10 02:22:42 - [TEST_STEP][PASSED] - selectOptionByIndex: All options with index in [21] are selected on object 'Object Repository/HealthpostToCms/Page_HealthPost Store/select_--Select--Adernaline 0.'

2018-06-10 02:22:43 - [MESSAGE][PASSED] - All options with index in [21] are selected on object 'Object Repository/HealthpostToCms/Page_HealthPost Store/select_--Select--Adernaline 0.'

2018-06-10 02:22:43 - [TEST_STEP][PASSED] - setText: Text '100' is set on object 'Object Repository/HealthpostToCms/Page_HealthPost Store/input_txttreat'

2018-06-10 02:22:43 - [MESSAGE][PASSED] - Text '100' is set on object 'Object Repository/HealthpostToCms/Page_HealthPost Store/input_txttreat'

2018-06-10 02:22:43 - [TEST_STEP][PASSED] - click: Object: 'Object Repository/HealthpostToCms/Page_HealthPost Store/button_Add' is clicked on

2018-06-10 02:22:43 - [MESSAGE][PASSED] - Object: 'Object Repository/HealthpostToCms/Page_HealthPost Store/button_Add' is clicked on

2018-06-10 02:22:43 - [TEST_STEP][PASSED] - delay: Delayed 1 second(s)

2018-06-10 02:22:44 - [MESSAGE][PASSED] - Delayed 1 second(s)

2018-06-10 02:22:44 - [TEST_STEP][PASSED] - selectOptionByIndex: All options with index in [1] are selected on object 'Object Repository/HealthpostToCms/Page_HealthPost Store/select_--Select--Schedule 1Inj'

2018-06-10 02:22:44 - [MESSAGE][PASSED] - All options with index in [1] are selected on object 'Object Repository/HealthpostToCms/Page_HealthPost Store/select_--Select--Schedule 1Inj'

2018-06-10 02:22:44 - [TEST_STEP][PASSED] - delay: Delayed 1 second(s)

2018-06-10 02:22:45 - [MESSAGE][PASSED] - Delayed 1 second(s)

2018-06-10 02:22:45 - [TEST_STEP][PASSED] - selectOptionByIndex: All options with index in [22] are selected on object 'Object Repository/HealthpostToCms/Page_HealthPost Store/select_--Select--Adernaline 0.'

2018-06-10 02:22:46 - [MESSAGE][PASSED] - All options with index in [22] are selected on object 'Object Repository/HealthpostToCms/Page_HealthPost Store/select_--Select--Adernaline 0.'

2018-06-10 02:22:46 - [TEST_STEP][PASSED] - setText: Text '100' is set on object 'Object Repository/HealthpostToCms/Page_HealthPost Store/input_txttreat'

2018-06-10 02:22:46 - [MESSAGE][PASSED] - Text '100' is set on object 'Object Repository/HealthpostToCms/Page_HealthPost Store/input_txttreat'

2018-06-10 02:22:46 - [TEST_STEP][PASSED] - click: Object: 'Object Repository/HealthpostToCms/Page_HealthPost Store/button_Add' is clicked on

2018-06-10 02:22:46 - [MESSAGE][PASSED] - Object: 'Object Repository/HealthpostToCms/Page_HealthPost Store/button_Add' is clicked on

2018-06-10 02:22:46 - [TEST_STEP][PASSED] - delay: Delayed 1 second(s)

2018-06-10 02:22:47 - [MESSAGE][PASSED] - Delayed 1 second(s)

2018-06-10 02:22:47 - [TEST_STEP][PASSED] - selectOptionByIndex: All options with index in [1] are selected on object 'Object Repository/HealthpostToCms/Page_HealthPost Store/select_--Select--Schedule 1Inj'

2018-06-10 02:22:47 - [MESSAGE][PASSED] - All options with index in [1] are selected on object 'Object Repository/HealthpostToCms/Page_HealthPost Store/select_--Select--Schedule 1Inj'

2018-06-10 02:22:47 - [TEST_STEP][PASSED] - delay: Delayed 1 second(s)

2018-06-10 02:22:48 - [MESSAGE][PASSED] - Delayed 1 second(s)

2018-06-10 02:22:48 - [TEST_STEP][PASSED] - selectOptionByIndex: All options with index in [23] are selected on object 'Object Repository/HealthpostToCms/Page_HealthPost Store/select_--Select--Adernaline 0.'

2018-06-10 02:22:48 - [MESSAGE][PASSED] - All options with index in [23] are selected on object 'Object Repository/HealthpostToCms/Page_HealthPost Store/select_--Select--Adernaline 0.'

2018-06-10 02:22:48 - [TEST_STEP][PASSED] - setText: Text '100' is set on object 'Object Repository/HealthpostToCms/Page_HealthPost Store/input_txttreat'

2018-06-10 02:22:48 - [MESSAGE][PASSED] - Text '100' is set on object 'Object Repository/HealthpostToCms/Page_HealthPost Store/input_txttreat'

2018-06-10 02:22:48 - [TEST_STEP][PASSED] - click: Object: 'Object Repository/HealthpostToCms/Page_HealthPost Store/button_Add' is clicked on

2018-06-10 02:22:48 - [MESSAGE][PASSED] - Object: 'Object Repository/HealthpostToCms/Page_HealthPost Store/button_Add' is clicked on

2018-06-10 02:22:48 - [TEST_STEP][PASSED] - delay: Delayed 1 second(s)

2018-06-10 02:22:49 - [MESSAGE][PASSED] - Delayed 1 second(s)

2018-06-10 02:22:49 - [TEST_STEP][PASSED] - selectOptionByIndex: All options with index in [1] are selected on object 'Object Repository/HealthpostToCms/Page_HealthPost Store/select_--Select--Schedule 1Inj'

2018-06-10 02:22:49 - [MESSAGE][PASSED] - All options with index in [1] are selected on object 'Object Repository/HealthpostToCms/Page_HealthPost Store/select_--Select--Schedule 1Inj'

2018-06-10 02:22:49 - [TEST_STEP][PASSED] - delay: Delayed 1 second(s)

2018-06-10 02:22:50 - [MESSAGE][PASSED] - Delayed 1 second(s)

2018-06-10 02:22:50 - [TEST_STEP][PASSED] - selectOptionByIndex: All options with index in [24] are selected on object 'Object Repository/HealthpostToCms/Page_HealthPost Store/select_--Select--Adernaline 0.'

2018-06-10 02:22:51 - [MESSAGE][PASSED] - All options with index in [24] are selected on object 'Object Repository/HealthpostToCms/Page_HealthPost Store/select_--Select--Adernaline 0.'

2018-06-10 02:22:51 - [TEST_STEP][PASSED] - setText: Text '100' is set on object 'Object Repository/HealthpostToCms/Page_HealthPost Store/input_txttreat'

2018-06-10 02:22:51 - [MESSAGE][PASSED] - Text '100' is set on object 'Object Repository/HealthpostToCms/Page_HealthPost Store/input_txttreat'

2018-06-10 02:22:51 - [TEST_STEP][PASSED] - click: Object: 'Object Repository/HealthpostToCms/Page_HealthPost Store/button_Add' is clicked on

2018-06-10 02:22:51 - [MESSAGE][PASSED] - Object: 'Object Repository/HealthpostToCms/Page_HealthPost Store/button_Add' is clicked on

2018-06-10 02:22:51 - [TEST_STEP][PASSED] - delay: Delayed 1 second(s)

2018-06-10 02:22:52 - [MESSAGE][PASSED] - Delayed 1 second(s)

2018-06-10 02:22:52 - [TEST_STEP][PASSED] - selectOptionByIndex: All options with index in [1] are selected on object 'Object Repository/HealthpostToCms/Page_HealthPost Store/select_--Select--Schedule 1Inj'

2018-06-10 02:22:52 - [MESSAGE][PASSED] - All options with index in [1] are selected on object 'Object Repository/HealthpostToCms/Page_HealthPost Store/select_--Select--Schedule 1Inj'

2018-06-10 02:22:52 - [TEST_STEP][PASSED] - delay: Delayed 1 second(s)

2018-06-10 02:22:53 - [MESSAGE][PASSED] - Delayed 1 second(s)

2018-06-10 02:22:53 - [TEST_STEP][PASSED] - selectOptionByIndex: All options with index in [25] are selected on object 'Object Repository/HealthpostToCms/Page_HealthPost Store/select_--Select--Adernaline 0.'

2018-06-10 02:22:54 - [MESSAGE][PASSED] - All options with index in [25] are selected on object 'Object Repository/HealthpostToCms/Page_HealthPost Store/select_--Select--Adernaline 0.'

2018-06-10 02:22:54 - [TEST_STEP][PASSED] - setText: Text '100' is set on object 'Object Repository/HealthpostToCms/Page_HealthPost Store/input_txttreat'

2018-06-10 02:22:54 - [MESSAGE][PASSED] - Text '100' is set on object 'Object Repository/HealthpostToCms/Page_HealthPost Store/input_txttreat'

2018-06-10 02:22:54 - [TEST_STEP][PASSED] - click: Object: 'Object Repository/HealthpostToCms/Page_HealthPost Store/button_Add' is clicked on

2018-06-10 02:22:54 - [MESSAGE][PASSED] - Object: 'Object Repository/HealthpostToCms/Page_HealthPost Store/button_Add' is clicked on

2018-06-10 02:22:54 - [TEST_STEP][PASSED] - delay: Delayed 1 second(s)

2018-06-10 02:22:55 - [MESSAGE][PASSED] - Delayed 1 second(s)

2018-06-10 02:22:55 - [TEST_STEP][PASSED] - selectOptionByIndex: All options with index in [1] are selected on object 'Object Repository/HealthpostToCms/Page_HealthPost Store/select_--Select--Schedule 1Inj'

2018-06-10 02:22:55 - [MESSAGE][PASSED] - All options with index in [1] are selected on object 'Object Repository/HealthpostToCms/Page_HealthPost Store/select_--Select--Schedule 1Inj'

2018-06-10 02:22:55 - [TEST_STEP][PASSED] - delay: Delayed 1 second(s)

2018-06-10 02:22:56 - [MESSAGE][PASSED] - Delayed 1 second(s)

2018-06-10 02:22:56 - [TEST_STEP][PASSED] - selectOptionByIndex: All options with index in [26] are selected on object 'Object Repository/HealthpostToCms/Page_HealthPost Store/select_--Select--Adernaline 0.'

2018-06-10 02:22:56 - [MESSAGE][PASSED] - All options with index in [26] are selected on object 'Object Repository/HealthpostToCms/Page_HealthPost Store/select_--Select--Adernaline 0.'

2018-06-10 02:22:56 - [TEST_STEP][PASSED] - setText: Text '100' is set on object 'Object Repository/HealthpostToCms/Page_HealthPost Store/input_txttreat'

2018-06-10 02:22:56 - [MESSAGE][PASSED] - Text '100' is set on object 'Object Repository/HealthpostToCms/Page_HealthPost Store/input_txttreat'

2018-06-10 02:22:56 - [TEST_STEP][PASSED] - click: Object: 'Object Repository/HealthpostToCms/Page_HealthPost Store/button_Add' is clicked on

2018-06-10 02:22:57 - [MESSAGE][PASSED] - Object: 'Object Repository/HealthpostToCms/Page_HealthPost Store/button_Add' is clicked on

2018-06-10 02:22:57 - [TEST_STEP][PASSED] - delay: Delayed 1 second(s)

2018-06-10 02:22:58 - [MESSAGE][PASSED] - Delayed 1 second(s)

2018-06-10 02:22:58 - [TEST_STEP][PASSED] - selectOptionByIndex: All options with index in [1] are selected on object 'Object Repository/HealthpostToCms/Page_HealthPost Store/select_--Select--Schedule 1Inj'

2018-06-10 02:22:58 - [MESSAGE][PASSED] - All options with index in [1] are selected on object 'Object Repository/HealthpostToCms/Page_HealthPost Store/select_--Select--Schedule 1Inj'

2018-06-10 02:22:58 - [TEST_STEP][PASSED] - delay: Delayed 1 second(s)

2018-06-10 02:22:59 - [MESSAGE][PASSED] - Delayed 1 second(s)

2018-06-10 02:22:59 - [TEST_STEP][PASSED] - selectOptionByIndex: All options with index in [27] are selected on object 'Object Repository/HealthpostToCms/Page_HealthPost Store/select_--Select--Adernaline 0.'

2018-06-10 02:22:59 - [MESSAGE][PASSED] - All options with index in [27] are selected on object 'Object Repository/HealthpostToCms/Page_HealthPost Store/select_--Select--Adernaline 0.'

2018-06-10 02:22:59 - [TEST_STEP][PASSED] - setText: Text '100' is set on object 'Object Repository/HealthpostToCms/Page_HealthPost Store/input_txttreat'

2018-06-10 02:22:59 - [MESSAGE][PASSED] - Text '100' is set on object 'Object Repository/HealthpostToCms/Page_HealthPost Store/input_txttreat'

2018-06-10 02:22:59 - [TEST_STEP][PASSED] - click: Object: 'Object Repository/HealthpostToCms/Page_HealthPost Store/button_Add' is clicked on

2018-06-10 02:22:59 - [MESSAGE][PASSED] - Object: 'Object Repository/HealthpostToCms/Page_HealthPost Store/button_Add' is clicked on

2018-06-10 02:22:59 - [TEST_STEP][PASSED] - delay: Delayed 1 second(s)

2018-06-10 02:23:00 - [MESSAGE][PASSED] - Delayed 1 second(s)

2018-06-10 02:23:00 - [TEST_STEP][PASSED] - selectOptionByIndex: All options with index in [1] are selected on object 'Object Repository/HealthpostToCms/Page_HealthPost Store/select_--Select--Schedule 1Inj'

2018-06-10 02:23:00 - [MESSAGE][PASSED] - All options with index in [1] are selected on object 'Object Repository/HealthpostToCms/Page_HealthPost Store/select_--Select--Schedule 1Inj'

2018-06-10 02:23:00 - [TEST_STEP][PASSED] - delay: Delayed 1 second(s)

2018-06-10 02:23:01 - [MESSAGE][PASSED] - Delayed 1 second(s)

2018-06-10 02:23:01 - [TEST_STEP][PASSED] - selectOptionByIndex: All options with index in [28] are selected on object 'Object Repository/HealthpostToCms/Page_HealthPost Store/select_--Select--Adernaline 0.'

2018-06-10 02:23:02 - [MESSAGE][PASSED] - All options with index in [28] are selected on object 'Object Repository/HealthpostToCms/Page_HealthPost Store/select_--Select--Adernaline 0.'

2018-06-10 02:23:02 - [TEST_STEP][PASSED] - setText: Text '100' is set on object 'Object Repository/HealthpostToCms/Page_HealthPost Store/input_txttreat'

2018-06-10 02:23:02 - [MESSAGE][PASSED] - Text '100' is set on object 'Object Repository/HealthpostToCms/Page_HealthPost Store/input_txttreat'

2018-06-10 02:23:02 - [TEST_STEP][PASSED] - click: Object: 'Object Repository/HealthpostToCms/Page_HealthPost Store/button_Add' is clicked on

2018-06-10 02:23:02 - [MESSAGE][PASSED] - Object: 'Object Repository/HealthpostToCms/Page_HealthPost Store/button_Add' is clicked on

2018-06-10 02:23:02 - [TEST_STEP][PASSED] - delay: Delayed 1 second(s)

2018-06-10 02:23:03 - [MESSAGE][PASSED] - Delayed 1 second(s)

2018-06-10 02:23:03 - [TEST_STEP][PASSED] - selectOptionByIndex: All options with index in [1] are selected on object 'Object Repository/HealthpostToCms/Page_HealthPost Store/select_--Select--Schedule 1Inj'

2018-06-10 02:23:03 - [MESSAGE][PASSED] - All options with index in [1] are selected on object 'Object Repository/HealthpostToCms/Page_HealthPost Store/select_--Select--Schedule 1Inj'

2018-06-10 02:23:03 - [TEST_STEP][PASSED] - delay: Delayed 1 second(s)

2018-06-10 02:23:04 - [MESSAGE][PASSED] - Delayed 1 second(s)

2018-06-10 02:23:04 - [TEST_STEP][PASSED] - selectOptionByIndex: All options with index in [29] are selected on object 'Object Repository/HealthpostToCms/Page_HealthPost Store/select_--Select--Adernaline 0.'

2018-06-10 02:23:05 - [MESSAGE][PASSED] - All options with index in [29] are selected on object 'Object Repository/HealthpostToCms/Page_HealthPost Store/select_--Select--Adernaline 0.'

2018-06-10 02:23:05 - [TEST_STEP][PASSED] - setText: Text '100' is set on object 'Object Repository/HealthpostToCms/Page_HealthPost Store/input_txttreat'

2018-06-10 02:23:05 - [MESSAGE][PASSED] - Text '100' is set on object 'Object Repository/HealthpostToCms/Page_HealthPost Store/input_txttreat'

2018-06-10 02:23:05 - [TEST_STEP][PASSED] - click: Object: 'Object Repository/HealthpostToCms/Page_HealthPost Store/button_Add' is clicked on

2018-06-10 02:23:05 - [MESSAGE][PASSED] - Object: 'Object Repository/HealthpostToCms/Page_HealthPost Store/button_Add' is clicked on

2018-06-10 02:23:05 - [TEST_STEP][PASSED] - delay: Delayed 1 second(s)

2018-06-10 02:23:06 - [MESSAGE][PASSED] - Delayed 1 second(s)

2018-06-10 02:23:06 - [TEST_STEP][PASSED] - selectOptionByIndex: All options with index in [1] are selected on object 'Object Repository/HealthpostToCms/Page_HealthPost Store/select_--Select--Schedule 1Inj'

2018-06-10 02:23:06 - [MESSAGE][PASSED] - All options with index in [1] are selected on object 'Object Repository/HealthpostToCms/Page_HealthPost Store/select_--Select--Schedule 1Inj'

2018-06-10 02:23:06 - [TEST_STEP][PASSED] - delay: Delayed 1 second(s)

2018-06-10 02:23:07 - [MESSAGE][PASSED] - Delayed 1 second(s)

2018-06-10 02:23:07 - [TEST_STEP][PASSED] - selectOptionByIndex: All options with index in [30] are selected on object 'Object Repository/HealthpostToCms/Page_HealthPost Store/select_--Select--Adernaline 0.'

2018-06-10 02:23:07 - [MESSAGE][PASSED] - All options with index in [30] are selected on object 'Object Repository/HealthpostToCms/Page_HealthPost Store/select_--Select--Adernaline 0.'

2018-06-10 02:23:07 - [TEST_STEP][PASSED] - setText: Text '100' is set on object 'Object Repository/HealthpostToCms/Page_HealthPost Store/input_txttreat'

2018-06-10 02:23:08 - [MESSAGE][PASSED] - Text '100' is set on object 'Object Repository/HealthpostToCms/Page_HealthPost Store/input_txttreat'

2018-06-10 02:23:08 - [TEST_STEP][PASSED] - click: Object: 'Object Repository/HealthpostToCms/Page_HealthPost Store/button_Add' is clicked on

2018-06-10 02:23:08 - [MESSAGE][PASSED] - Object: 'Object Repository/HealthpostToCms/Page_HealthPost Store/button_Add' is clicked on

2018-06-10 02:23:08 - [TEST_STEP][PASSED] - delay: Delayed 1 second(s)

2018-06-10 02:23:09 - [MESSAGE][PASSED] - Delayed 1 second(s)

2018-06-10 02:23:09 - [TEST_STEP][PASSED] - selectOptionByIndex: All options with index in [1] are selected on object 'Object Repository/HealthpostToCms/Page_HealthPost Store/select_--Select--Schedule 1Inj'

2018-06-10 02:23:09 - [MESSAGE][PASSED] - All options with index in [1] are selected on object 'Object Repository/HealthpostToCms/Page_HealthPost Store/select_--Select--Schedule 1Inj'

2018-06-10 02:23:09 - [TEST_STEP][PASSED] - delay: Delayed 1 second(s)

2018-06-10 02:23:10 - [MESSAGE][PASSED] - Delayed 1 second(s)

2018-06-10 02:23:10 - [TEST_STEP][PASSED] - selectOptionByIndex: All options with index in [31] are selected on object 'Object Repository/HealthpostToCms/Page_HealthPost Store/select_--Select--Adernaline 0.'

2018-06-10 02:23:10 - [MESSAGE][PASSED] - All options with index in [31] are selected on object 'Object Repository/HealthpostToCms/Page_HealthPost Store/select_--Select--Adernaline 0.'

2018-06-10 02:23:10 - [TEST_STEP][PASSED] - setText: Text '100' is set on object 'Object Repository/HealthpostToCms/Page_HealthPost Store/input_txttreat'

2018-06-10 02:23:10 - [MESSAGE][PASSED] - Text '100' is set on object 'Object Repository/HealthpostToCms/Page_HealthPost Store/input_txttreat'

2018-06-10 02:23:10 - [TEST_STEP][PASSED] - click: Object: 'Object Repository/HealthpostToCms/Page_HealthPost Store/button_Add' is clicked on

2018-06-10 02:23:10 - [MESSAGE][PASSED] - Object: 'Object Repository/HealthpostToCms/Page_HealthPost Store/button_Add' is clicked on

2018-06-10 02:23:10 - [TEST_STEP][PASSED] - delay: Delayed 1 second(s)

2018-06-10 02:23:11 - [MESSAGE][PASSED] - Delayed 1 second(s)

2018-06-10 02:23:11 - [TEST_STEP][PASSED] - selectOptionByIndex: All options with index in [1] are selected on object 'Object Repository/HealthpostToCms/Page_HealthPost Store/select_--Select--Schedule 1Inj'

2018-06-10 02:23:11 - [MESSAGE][PASSED] - All options with index in [1] are selected on object 'Object Repository/HealthpostToCms/Page_HealthPost Store/select_--Select--Schedule 1Inj'

2018-06-10 02:23:11 - [TEST_STEP][PASSED] - delay: Delayed 1 second(s)

2018-06-10 02:23:12 - [MESSAGE][PASSED] - Delayed 1 second(s)

2018-06-10 02:23:12 - [TEST_STEP][PASSED] - selectOptionByIndex: All options with index in [32] are selected on object 'Object Repository/HealthpostToCms/Page_HealthPost Store/select_--Select--Adernaline 0.'

2018-06-10 02:23:13 - [MESSAGE][PASSED] - All options with index in [32] are selected on object 'Object Repository/HealthpostToCms/Page_HealthPost Store/select_--Select--Adernaline 0.'

2018-06-10 02:23:13 - [TEST_STEP][PASSED] - setText: Text '100' is set on object 'Object Repository/HealthpostToCms/Page_HealthPost Store/input_txttreat'

2018-06-10 02:23:13 - [MESSAGE][PASSED] - Text '100' is set on object 'Object Repository/HealthpostToCms/Page_HealthPost Store/input_txttreat'

2018-06-10 02:23:13 - [TEST_STEP][PASSED] - click: Object: 'Object Repository/HealthpostToCms/Page_HealthPost Store/button_Add' is clicked on

2018-06-10 02:23:13 - [MESSAGE][PASSED] - Object: 'Object Repository/HealthpostToCms/Page_HealthPost Store/button_Add' is clicked on

2018-06-10 02:23:13 - [TEST_STEP][PASSED] - delay: Delayed 1 second(s)

2018-06-10 02:23:14 - [MESSAGE][PASSED] - Delayed 1 second(s)

2018-06-10 02:23:14 - [TEST_STEP][PASSED] - selectOptionByIndex: All options with index in [1] are selected on object 'Object Repository/HealthpostToCms/Page_HealthPost Store/select_--Select--Schedule 1Inj'

2018-06-10 02:23:14 - [MESSAGE][PASSED] - All options with index in [1] are selected on object 'Object Repository/HealthpostToCms/Page_HealthPost Store/select_--Select--Schedule 1Inj'

2018-06-10 02:23:14 - [TEST_STEP][PASSED] - delay: Delayed 1 second(s)

2018-06-10 02:23:15 - [MESSAGE][PASSED] - Delayed 1 second(s)

2018-06-10 02:23:15 - [TEST_STEP][PASSED] - selectOptionByIndex: All options with index in [33] are selected on object 'Object Repository/HealthpostToCms/Page_HealthPost Store/select_--Select--Adernaline 0.'

2018-06-10 02:23:16 - [MESSAGE][PASSED] - All options with index in [33] are selected on object 'Object Repository/HealthpostToCms/Page_HealthPost Store/select_--Select--Adernaline 0.'

2018-06-10 02:23:16 - [TEST_STEP][PASSED] - setText: Text '100' is set on object 'Object Repository/HealthpostToCms/Page_HealthPost Store/input_txttreat'

2018-06-10 02:23:16 - [MESSAGE][PASSED] - Text '100' is set on object 'Object Repository/HealthpostToCms/Page_HealthPost Store/input_txttreat'

2018-06-10 02:23:16 - [TEST_STEP][PASSED] - click: Object: 'Object Repository/HealthpostToCms/Page_HealthPost Store/button_Add' is clicked on

2018-06-10 02:23:16 - [MESSAGE][PASSED] - Object: 'Object Repository/HealthpostToCms/Page_HealthPost Store/button_Add' is clicked on

2018-06-10 02:23:16 - [TEST_STEP][PASSED] - delay: Delayed 1 second(s)

2018-06-10 02:23:17 - [MESSAGE][PASSED] - Delayed 1 second(s)

2018-06-10 02:23:17 - [TEST_STEP][PASSED] - selectOptionByIndex: All options with index in [1] are selected on object 'Object Repository/HealthpostToCms/Page_HealthPost Store/select_--Select--Schedule 1Inj'

2018-06-10 02:23:17 - [MESSAGE][PASSED] - All options with index in [1] are selected on object 'Object Repository/HealthpostToCms/Page_HealthPost Store/select_--Select--Schedule 1Inj'

2018-06-10 02:23:17 - [TEST_STEP][PASSED] - delay: Delayed 1 second(s)

2018-06-10 02:23:18 - [MESSAGE][PASSED] - Delayed 1 second(s)

2018-06-10 02:23:18 - [TEST_STEP][PASSED] - selectOptionByIndex: All options with index in [34] are selected on object 'Object Repository/HealthpostToCms/Page_HealthPost Store/select_--Select--Adernaline 0.'

2018-06-10 02:23:19 - [MESSAGE][PASSED] - All options with index in [34] are selected on object 'Object Repository/HealthpostToCms/Page_HealthPost Store/select_--Select--Adernaline 0.'

2018-06-10 02:23:19 - [TEST_STEP][PASSED] - setText: Text '100' is set on object 'Object Repository/HealthpostToCms/Page_HealthPost Store/input_txttreat'

2018-06-10 02:23:19 - [MESSAGE][PASSED] - Text '100' is set on object 'Object Repository/HealthpostToCms/Page_HealthPost Store/input_txttreat'

2018-06-10 02:23:19 - [TEST_STEP][PASSED] - click: Object: 'Object Repository/HealthpostToCms/Page_HealthPost Store/button_Add' is clicked on

2018-06-10 02:23:19 - [MESSAGE][PASSED] - Object: 'Object Repository/HealthpostToCms/Page_HealthPost Store/button_Add' is clicked on

2018-06-10 02:23:19 - [TEST_STEP][PASSED] - delay: Delayed 1 second(s)

2018-06-10 02:23:20 - [MESSAGE][PASSED] - Delayed 1 second(s)

2018-06-10 02:23:20 - [TEST_STEP][PASSED] - selectOptionByIndex: All options with index in [1] are selected on object 'Object Repository/HealthpostToCms/Page_HealthPost Store/select_--Select--Schedule 1Inj'

2018-06-10 02:23:20 - [MESSAGE][PASSED] - All options with index in [1] are selected on object 'Object Repository/HealthpostToCms/Page_HealthPost Store/select_--Select--Schedule 1Inj'

2018-06-10 02:23:20 - [TEST_STEP][PASSED] - delay: Delayed 1 second(s)

2018-06-10 02:23:21 - [MESSAGE][PASSED] - Delayed 1 second(s)

2018-06-10 02:23:21 - [TEST_STEP][PASSED] - selectOptionByIndex: All options with index in [35] are selected on object 'Object Repository/HealthpostToCms/Page_HealthPost Store/select_--Select--Adernaline 0.'

2018-06-10 02:23:21 - [MESSAGE][PASSED] - All options with index in [35] are selected on object 'Object Repository/HealthpostToCms/Page_HealthPost Store/select_--Select--Adernaline 0.'

2018-06-10 02:23:21 - [TEST_STEP][PASSED] - setText: Text '100' is set on object 'Object Repository/HealthpostToCms/Page_HealthPost Store/input_txttreat'

2018-06-10 02:23:21 - [MESSAGE][PASSED] - Text '100' is set on object 'Object Repository/HealthpostToCms/Page_HealthPost Store/input_txttreat'

2018-06-10 02:23:21 - [TEST_STEP][PASSED] - click: Object: 'Object Repository/HealthpostToCms/Page_HealthPost Store/button_Add' is clicked on

2018-06-10 02:23:21 - [MESSAGE][PASSED] - Object: 'Object Repository/HealthpostToCms/Page_HealthPost Store/button_Add' is clicked on

2018-06-10 02:23:21 - [TEST_STEP][PASSED] - delay: Delayed 1 second(s)

2018-06-10 02:23:22 - [MESSAGE][PASSED] - Delayed 1 second(s)

2018-06-10 02:23:22 - [TEST_STEP][PASSED] - selectOptionByIndex: All options with index in [1] are selected on object 'Object Repository/HealthpostToCms/Page_HealthPost Store/select_--Select--Schedule 1Inj'

2018-06-10 02:23:23 - [MESSAGE][PASSED] - All options with index in [1] are selected on object 'Object Repository/HealthpostToCms/Page_HealthPost Store/select_--Select--Schedule 1Inj'

2018-06-10 02:23:23 - [TEST_STEP][PASSED] - delay: Delayed 1 second(s)

2018-06-10 02:23:24 - [MESSAGE][PASSED] - Delayed 1 second(s)

2018-06-10 02:23:24 - [TEST_STEP][PASSED] - selectOptionByIndex: All options with index in [36] are selected on object 'Object Repository/HealthpostToCms/Page_HealthPost Store/select_--Select--Adernaline 0.'

2018-06-10 02:23:24 - [MESSAGE][PASSED] - All options with index in [36] are selected on object 'Object Repository/HealthpostToCms/Page_HealthPost Store/select_--Select--Adernaline 0.'

2018-06-10 02:23:24 - [TEST_STEP][PASSED] - setText: Text '100' is set on object 'Object Repository/HealthpostToCms/Page_HealthPost Store/input_txttreat'

2018-06-10 02:23:24 - [MESSAGE][PASSED] - Text '100' is set on object 'Object Repository/HealthpostToCms/Page_HealthPost Store/input_txttreat'

2018-06-10 02:23:24 - [TEST_STEP][PASSED] - click: Object: 'Object Repository/HealthpostToCms/Page_HealthPost Store/button_Add' is clicked on

2018-06-10 02:23:24 - [MESSAGE][PASSED] - Object: 'Object Repository/HealthpostToCms/Page_HealthPost Store/button_Add' is clicked on

2018-06-10 02:23:24 - [TEST_STEP][PASSED] - delay: Delayed 1 second(s)

2018-06-10 02:23:25 - [MESSAGE][PASSED] - Delayed 1 second(s)

2018-06-10 02:23:25 - [TEST_STEP][PASSED] - selectOptionByIndex: All options with index in [1] are selected on object 'Object Repository/HealthpostToCms/Page_HealthPost Store/select_--Select--Schedule 1Inj'

2018-06-10 02:23:25 - [MESSAGE][PASSED] - All options with index in [1] are selected on object 'Object Repository/HealthpostToCms/Page_HealthPost Store/select_--Select--Schedule 1Inj'

2018-06-10 02:23:25 - [TEST_STEP][PASSED] - delay: Delayed 1 second(s)

2018-06-10 02:23:26 - [MESSAGE][PASSED] - Delayed 1 second(s)

2018-06-10 02:23:26 - [TEST_STEP][PASSED] - selectOptionByIndex: All options with index in [37] are selected on object 'Object Repository/HealthpostToCms/Page_HealthPost Store/select_--Select--Adernaline 0.'

2018-06-10 02:23:27 - [MESSAGE][PASSED] - All options with index in [37] are selected on object 'Object Repository/HealthpostToCms/Page_HealthPost Store/select_--Select--Adernaline 0.'

2018-06-10 02:23:27 - [TEST_STEP][PASSED] - setText: Text '100' is set on object 'Object Repository/HealthpostToCms/Page_HealthPost Store/input_txttreat'

2018-06-10 02:23:27 - [MESSAGE][PASSED] - Text '100' is set on object 'Object Repository/HealthpostToCms/Page_HealthPost Store/input_txttreat'

2018-06-10 02:23:27 - [TEST_STEP][PASSED] - click: Object: 'Object Repository/HealthpostToCms/Page_HealthPost Store/button_Add' is clicked on

2018-06-10 02:23:27 - [MESSAGE][PASSED] - Object: 'Object Repository/HealthpostToCms/Page_HealthPost Store/button_Add' is clicked on

2018-06-10 02:23:27 - [TEST_STEP][PASSED] - delay: Delayed 1 second(s)

2018-06-10 02:23:28 - [MESSAGE][PASSED] - Delayed 1 second(s)

2018-06-10 02:23:28 - [TEST_STEP][PASSED] - selectOptionByIndex: All options with index in [1] are selected on object 'Object Repository/HealthpostToCms/Page_HealthPost Store/select_--Select--Schedule 1Inj'

2018-06-10 02:23:28 - [MESSAGE][PASSED] - All options with index in [1] are selected on object 'Object Repository/HealthpostToCms/Page_HealthPost Store/select_--Select--Schedule 1Inj'

2018-06-10 02:23:28 - [TEST_STEP][PASSED] - delay: Delayed 1 second(s)

2018-06-10 02:23:29 - [MESSAGE][PASSED] - Delayed 1 second(s)

2018-06-10 02:23:29 - [TEST_STEP][PASSED] - selectOptionByIndex: All options with index in [38] are selected on object 'Object Repository/HealthpostToCms/Page_HealthPost Store/select_--Select--Adernaline 0.'

2018-06-10 02:23:30 - [MESSAGE][PASSED] - All options with index in [38] are selected on object 'Object Repository/HealthpostToCms/Page_HealthPost Store/select_--Select--Adernaline 0.'

2018-06-10 02:23:30 - [TEST_STEP][PASSED] - setText: Text '100' is set on object 'Object Repository/HealthpostToCms/Page_HealthPost Store/input_txttreat'

2018-06-10 02:23:30 - [MESSAGE][PASSED] - Text '100' is set on object 'Object Repository/HealthpostToCms/Page_HealthPost Store/input_txttreat'

2018-06-10 02:23:30 - [TEST_STEP][PASSED] - click: Object: 'Object Repository/HealthpostToCms/Page_HealthPost Store/button_Add' is clicked on

2018-06-10 02:23:30 - [MESSAGE][PASSED] - Object: 'Object Repository/HealthpostToCms/Page_HealthPost Store/button_Add' is clicked on

2018-06-10 02:23:30 - [TEST_STEP][PASSED] - delay: Delayed 1 second(s)

2018-06-10 02:23:31 - [MESSAGE][PASSED] - Delayed 1 second(s)

2018-06-10 02:23:31 - [TEST_STEP][PASSED] - selectOptionByIndex: All options with index in [1] are selected on object 'Object Repository/HealthpostToCms/Page_HealthPost Store/select_--Select--Schedule 1Inj'

2018-06-10 02:23:31 - [MESSAGE][PASSED] - All options with index in [1] are selected on object 'Object Repository/HealthpostToCms/Page_HealthPost Store/select_--Select--Schedule 1Inj'

2018-06-10 02:23:31 - [TEST_STEP][PASSED] - delay: Delayed 1 second(s)

2018-06-10 02:23:32 - [MESSAGE][PASSED] - Delayed 1 second(s)

2018-06-10 02:23:32 - [TEST_STEP][PASSED] - selectOptionByIndex: All options with index in [39] are selected on object 'Object Repository/HealthpostToCms/Page_HealthPost Store/select_--Select--Adernaline 0.'

2018-06-10 02:23:33 - [MESSAGE][PASSED] - All options with index in [39] are selected on object 'Object Repository/HealthpostToCms/Page_HealthPost Store/select_--Select--Adernaline 0.'

2018-06-10 02:23:33 - [TEST_STEP][PASSED] - setText: Text '100' is set on object 'Object Repository/HealthpostToCms/Page_HealthPost Store/input_txttreat'

2018-06-10 02:23:33 - [MESSAGE][PASSED] - Text '100' is set on object 'Object Repository/HealthpostToCms/Page_HealthPost Store/input_txttreat'

2018-06-10 02:23:33 - [TEST_STEP][PASSED] - click: Object: 'Object Repository/HealthpostToCms/Page_HealthPost Store/button_Add' is clicked on

2018-06-10 02:23:33 - [MESSAGE][PASSED] - Object: 'Object Repository/HealthpostToCms/Page_HealthPost Store/button_Add' is clicked on

2018-06-10 02:23:33 - [TEST_STEP][PASSED] - delay: Delayed 1 second(s)

2018-06-10 02:23:34 - [MESSAGE][PASSED] - Delayed 1 second(s)

2018-06-10 02:23:34 - [TEST_STEP][PASSED] - selectOptionByIndex: All options with index in [1] are selected on object 'Object Repository/HealthpostToCms/Page_HealthPost Store/select_--Select--Schedule 1Inj'

2018-06-10 02:23:34 - [MESSAGE][PASSED] - All options with index in [1] are selected on object 'Object Repository/HealthpostToCms/Page_HealthPost Store/select_--Select--Schedule 1Inj'

2018-06-10 02:23:34 - [TEST_STEP][PASSED] - delay: Delayed 1 second(s)

2018-06-10 02:23:35 - [MESSAGE][PASSED] - Delayed 1 second(s)

2018-06-10 02:23:35 - [TEST_STEP][PASSED] - selectOptionByIndex: All options with index in [40] are selected on object 'Object Repository/HealthpostToCms/Page_HealthPost Store/select_--Select--Adernaline 0.'

2018-06-10 02:23:35 - [MESSAGE][PASSED] - All options with index in [40] are selected on object 'Object Repository/HealthpostToCms/Page_HealthPost Store/select_--Select--Adernaline 0.'

2018-06-10 02:23:35 - [TEST_STEP][PASSED] - setText: Text '100' is set on object 'Object Repository/HealthpostToCms/Page_HealthPost Store/input_txttreat'

2018-06-10 02:23:36 - [MESSAGE][PASSED] - Text '100' is set on object 'Object Repository/HealthpostToCms/Page_HealthPost Store/input_txttreat'

2018-06-10 02:23:36 - [TEST_STEP][PASSED] - click: Object: 'Object Repository/HealthpostToCms/Page_HealthPost Store/button_Add' is clicked on

2018-06-10 02:23:36 - [MESSAGE][PASSED] - Object: 'Object Repository/HealthpostToCms/Page_HealthPost Store/button_Add' is clicked on

2018-06-10 02:23:36 - [TEST_STEP][PASSED] - delay: Delayed 1 second(s)

2018-06-10 02:23:37 - [MESSAGE][PASSED] - Delayed 1 second(s)

2018-06-10 02:23:37 - [TEST_STEP][PASSED] - selectOptionByIndex: All options with index in [1] are selected on object 'Object Repository/HealthpostToCms/Page_HealthPost Store/select_--Select--Schedule 1Inj'

2018-06-10 02:23:37 - [MESSAGE][PASSED] - All options with index in [1] are selected on object 'Object Repository/HealthpostToCms/Page_HealthPost Store/select_--Select--Schedule 1Inj'

2018-06-10 02:23:37 - [TEST_STEP][PASSED] - delay: Delayed 1 second(s)

2018-06-10 02:23:38 - [MESSAGE][PASSED] - Delayed 1 second(s)

2018-06-10 02:23:38 - [TEST_STEP][PASSED] - selectOptionByIndex: All options with index in [41] are selected on object 'Object Repository/HealthpostToCms/Page_HealthPost Store/select_--Select--Adernaline 0.'

2018-06-10 02:23:38 - [MESSAGE][PASSED] - All options with index in [41] are selected on object 'Object Repository/HealthpostToCms/Page_HealthPost Store/select_--Select--Adernaline 0.'

2018-06-10 02:23:38 - [TEST_STEP][PASSED] - setText: Text '100' is set on object 'Object Repository/HealthpostToCms/Page_HealthPost Store/input_txttreat'

2018-06-10 02:23:38 - [MESSAGE][PASSED] - Text '100' is set on object 'Object Repository/HealthpostToCms/Page_HealthPost Store/input_txttreat'

2018-06-10 02:23:38 - [TEST_STEP][PASSED] - click: Object: 'Object Repository/HealthpostToCms/Page_HealthPost Store/button_Add' is clicked on

2018-06-10 02:23:39 - [MESSAGE][PASSED] - Object: 'Object Repository/HealthpostToCms/Page_HealthPost Store/button_Add' is clicked on

2018-06-10 02:23:39 - [TEST_STEP][PASSED] - delay: Delayed 1 second(s)

2018-06-10 02:23:40 - [MESSAGE][PASSED] - Delayed 1 second(s)

2018-06-10 02:23:40 - [TEST_STEP][PASSED] - selectOptionByIndex: All options with index in [1] are selected on object 'Object Repository/HealthpostToCms/Page_HealthPost Store/select_--Select--Schedule 1Inj'

2018-06-10 02:23:40 - [MESSAGE][PASSED] - All options with index in [1] are selected on object 'Object Repository/HealthpostToCms/Page_HealthPost Store/select_--Select--Schedule 1Inj'

2018-06-10 02:23:40 - [TEST_STEP][PASSED] - delay: Delayed 1 second(s)

2018-06-10 02:23:41 - [MESSAGE][PASSED] - Delayed 1 second(s)

2018-06-10 02:23:41 - [TEST_STEP][PASSED] - selectOptionByIndex: All options with index in [42] are selected on object 'Object Repository/HealthpostToCms/Page_HealthPost Store/select_--Select--Adernaline 0.'

2018-06-10 02:23:41 - [MESSAGE][PASSED] - All options with index in [42] are selected on object 'Object Repository/HealthpostToCms/Page_HealthPost Store/select_--Select--Adernaline 0.'

2018-06-10 02:23:41 - [TEST_STEP][PASSED] - setText: Text '100' is set on object 'Object Repository/HealthpostToCms/Page_HealthPost Store/input_txttreat'

2018-06-10 02:23:41 - [MESSAGE][PASSED] - Text '100' is set on object 'Object Repository/HealthpostToCms/Page_HealthPost Store/input_txttreat'

2018-06-10 02:23:41 - [TEST_STEP][PASSED] - click: Object: 'Object Repository/HealthpostToCms/Page_HealthPost Store/button_Add' is clicked on

2018-06-10 02:23:41 - [MESSAGE][PASSED] - Object: 'Object Repository/HealthpostToCms/Page_HealthPost Store/button_Add' is clicked on

2018-06-10 02:23:41 - [TEST_STEP][PASSED] - delay: Delayed 1 second(s)

2018-06-10 02:23:42 - [MESSAGE][PASSED] - Delayed 1 second(s)

2018-06-10 02:23:42 - [TEST_STEP][PASSED] - selectOptionByIndex: All options with index in [1] are selected on object 'Object Repository/HealthpostToCms/Page_HealthPost Store/select_--Select--Schedule 1Inj'

2018-06-10 02:23:43 - [MESSAGE][PASSED] - All options with index in [1] are selected on object 'Object Repository/HealthpostToCms/Page_HealthPost Store/select_--Select--Schedule 1Inj'

2018-06-10 02:23:43 - [TEST_STEP][PASSED] - delay: Delayed 1 second(s)

2018-06-10 02:23:44 - [MESSAGE][PASSED] - Delayed 1 second(s)

2018-06-10 02:23:44 - [TEST_STEP][PASSED] - selectOptionByIndex: All options with index in [43] are selected on object 'Object Repository/HealthpostToCms/Page_HealthPost Store/select_--Select--Adernaline 0.'

2018-06-10 02:23:44 - [MESSAGE][PASSED] - All options with index in [43] are selected on object 'Object Repository/HealthpostToCms/Page_HealthPost Store/select_--Select--Adernaline 0.'

2018-06-10 02:23:44 - [TEST_STEP][PASSED] - setText: Text '100' is set on object 'Object Repository/HealthpostToCms/Page_HealthPost Store/input_txttreat'

2018-06-10 02:23:44 - [MESSAGE][PASSED] - Text '100' is set on object 'Object Repository/HealthpostToCms/Page_HealthPost Store/input_txttreat'

2018-06-10 02:23:44 - [TEST_STEP][PASSED] - click: Object: 'Object Repository/HealthpostToCms/Page_HealthPost Store/button_Add' is clicked on

2018-06-10 02:23:44 - [MESSAGE][PASSED] - Object: 'Object Repository/HealthpostToCms/Page_HealthPost Store/button_Add' is clicked on

2018-06-10 02:23:44 - [TEST_STEP][PASSED] - delay: Delayed 1 second(s)

2018-06-10 02:23:45 - [MESSAGE][PASSED] - Delayed 1 second(s)

2018-06-10 02:23:45 - [TEST_STEP][PASSED] - selectOptionByIndex: All options with index in [1] are selected on object 'Object Repository/HealthpostToCms/Page_HealthPost Store/select_--Select--Schedule 1Inj'

2018-06-10 02:23:45 - [MESSAGE][PASSED] - All options with index in [1] are selected on object 'Object Repository/HealthpostToCms/Page_HealthPost Store/select_--Select--Schedule 1Inj'

2018-06-10 02:23:45 - [TEST_STEP][PASSED] - delay: Delayed 1 second(s)

2018-06-10 02:23:46 - [MESSAGE][PASSED] - Delayed 1 second(s)

2018-06-10 02:23:46 - [TEST_STEP][PASSED] - selectOptionByIndex: All options with index in [44] are selected on object 'Object Repository/HealthpostToCms/Page_HealthPost Store/select_--Select--Adernaline 0.'

2018-06-10 02:23:47 - [MESSAGE][PASSED] - All options with index in [44] are selected on object 'Object Repository/HealthpostToCms/Page_HealthPost Store/select_--Select--Adernaline 0.'

2018-06-10 02:23:47 - [TEST_STEP][PASSED] - setText: Text '100' is set on object 'Object Repository/HealthpostToCms/Page_HealthPost Store/input_txttreat'

2018-06-10 02:23:47 - [MESSAGE][PASSED] - Text '100' is set on object 'Object Repository/HealthpostToCms/Page_HealthPost Store/input_txttreat'

2018-06-10 02:23:47 - [TEST_STEP][PASSED] - click: Object: 'Object Repository/HealthpostToCms/Page_HealthPost Store/button_Add' is clicked on

2018-06-10 02:23:47 - [MESSAGE][PASSED] - Object: 'Object Repository/HealthpostToCms/Page_HealthPost Store/button_Add' is clicked on

2018-06-10 02:23:47 - [TEST_STEP][PASSED] - delay: Delayed 1 second(s)

2018-06-10 02:23:48 - [MESSAGE][PASSED] - Delayed 1 second(s)

2018-06-10 02:23:48 - [TEST_STEP][PASSED] - selectOptionByIndex: All options with index in [1] are selected on object 'Object Repository/HealthpostToCms/Page_HealthPost Store/select_--Select--Schedule 1Inj'

2018-06-10 02:23:48 - [MESSAGE][PASSED] - All options with index in [1] are selected on object 'Object Repository/HealthpostToCms/Page_HealthPost Store/select_--Select--Schedule 1Inj'

2018-06-10 02:23:48 - [TEST_STEP][PASSED] - delay: Delayed 1 second(s)

2018-06-10 02:23:49 - [MESSAGE][PASSED] - Delayed 1 second(s)

2018-06-10 02:23:49 - [TEST_STEP][PASSED] - selectOptionByIndex: All options with index in [45] are selected on object 'Object Repository/HealthpostToCms/Page_HealthPost Store/select_--Select--Adernaline 0.'

2018-06-10 02:23:50 - [MESSAGE][PASSED] - All options with index in [45] are selected on object 'Object Repository/HealthpostToCms/Page_HealthPost Store/select_--Select--Adernaline 0.'

2018-06-10 02:23:50 - [TEST_STEP][PASSED] - setText: Text '100' is set on object 'Object Repository/HealthpostToCms/Page_HealthPost Store/input_txttreat'

2018-06-10 02:23:50 - [MESSAGE][PASSED] - Text '100' is set on object 'Object Repository/HealthpostToCms/Page_HealthPost Store/input_txttreat'

2018-06-10 02:23:50 - [TEST_STEP][PASSED] - click: Object: 'Object Repository/HealthpostToCms/Page_HealthPost Store/button_Add' is clicked on

2018-06-10 02:23:50 - [MESSAGE][PASSED] - Object: 'Object Repository/HealthpostToCms/Page_HealthPost Store/button_Add' is clicked on

2018-06-10 02:23:50 - [TEST_STEP][PASSED] - delay: Delayed 1 second(s)

2018-06-10 02:23:51 - [MESSAGE][PASSED] - Delayed 1 second(s)

2018-06-10 02:23:51 - [TEST_STEP][PASSED] - selectOptionByIndex: All options with index in [1] are selected on object 'Object Repository/HealthpostToCms/Page_HealthPost Store/select_--Select--Schedule 1Inj'

2018-06-10 02:23:51 - [MESSAGE][PASSED] - All options with index in [1] are selected on object 'Object Repository/HealthpostToCms/Page_HealthPost Store/select_--Select--Schedule 1Inj'

2018-06-10 02:23:51 - [TEST_STEP][PASSED] - delay: Delayed 1 second(s)

2018-06-10 02:23:52 - [MESSAGE][PASSED] - Delayed 1 second(s)

2018-06-10 02:23:52 - [TEST_STEP][PASSED] - selectOptionByIndex: All options with index in [46] are selected on object 'Object Repository/HealthpostToCms/Page_HealthPost Store/select_--Select--Adernaline 0.'

2018-06-10 02:23:53 - [MESSAGE][PASSED] - All options with index in [46] are selected on object 'Object Repository/HealthpostToCms/Page_HealthPost Store/select_--Select--Adernaline 0.'

2018-06-10 02:23:53 - [TEST_STEP][PASSED] - setText: Text '100' is set on object 'Object Repository/HealthpostToCms/Page_HealthPost Store/input_txttreat'

2018-06-10 02:23:53 - [MESSAGE][PASSED] - Text '100' is set on object 'Object Repository/HealthpostToCms/Page_HealthPost Store/input_txttreat'

2018-06-10 02:23:53 - [TEST_STEP][PASSED] - click: Object: 'Object Repository/HealthpostToCms/Page_HealthPost Store/button_Add' is clicked on

2018-06-10 02:23:53 - [MESSAGE][PASSED] - Object: 'Object Repository/HealthpostToCms/Page_HealthPost Store/button_Add' is clicked on

2018-06-10 02:23:53 - [TEST_STEP][PASSED] - delay: Delayed 1 second(s)

2018-06-10 02:23:54 - [MESSAGE][PASSED] - Delayed 1 second(s)

2018-06-10 02:23:54 - [TEST_STEP][PASSED] - selectOptionByIndex: All options with index in [1] are selected on object 'Object Repository/HealthpostToCms/Page_HealthPost Store/select_--Select--Schedule 1Inj'

2018-06-10 02:23:54 - [MESSAGE][PASSED] - All options with index in [1] are selected on object 'Object Repository/HealthpostToCms/Page_HealthPost Store/select_--Select--Schedule 1Inj'

2018-06-10 02:23:54 - [TEST_STEP][PASSED] - delay: Delayed 1 second(s)

2018-06-10 02:23:55 - [MESSAGE][PASSED] - Delayed 1 second(s)

2018-06-10 02:23:55 - [TEST_STEP][PASSED] - selectOptionByIndex: All options with index in [47] are selected on object 'Object Repository/HealthpostToCms/Page_HealthPost Store/select_--Select--Adernaline 0.'

2018-06-10 02:23:56 - [MESSAGE][PASSED] - All options with index in [47] are selected on object 'Object Repository/HealthpostToCms/Page_HealthPost Store/select_--Select--Adernaline 0.'

2018-06-10 02:23:56 - [TEST_STEP][PASSED] - setText: Text '100' is set on object 'Object Repository/HealthpostToCms/Page_HealthPost Store/input_txttreat'

2018-06-10 02:23:56 - [MESSAGE][PASSED] - Text '100' is set on object 'Object Repository/HealthpostToCms/Page_HealthPost Store/input_txttreat'

2018-06-10 02:23:56 - [TEST_STEP][PASSED] - click: Object: 'Object Repository/HealthpostToCms/Page_HealthPost Store/button_Add' is clicked on

2018-06-10 02:23:56 - [MESSAGE][PASSED] - Object: 'Object Repository/HealthpostToCms/Page_HealthPost Store/button_Add' is clicked on

2018-06-10 02:23:56 - [TEST_STEP][PASSED] - delay: Delayed 1 second(s)

2018-06-10 02:23:57 - [MESSAGE][PASSED] - Delayed 1 second(s)

2018-06-10 02:23:57 - [TEST_STEP][PASSED] - selectOptionByIndex: All options with index in [1] are selected on object 'Object Repository/HealthpostToCms/Page_HealthPost Store/select_--Select--Schedule 1Inj'

2018-06-10 02:23:57 - [MESSAGE][PASSED] - All options with index in [1] are selected on object 'Object Repository/HealthpostToCms/Page_HealthPost Store/select_--Select--Schedule 1Inj'

2018-06-10 02:23:57 - [TEST_STEP][PASSED] - delay: Delayed 1 second(s)

2018-06-10 02:23:58 - [MESSAGE][PASSED] - Delayed 1 second(s)

2018-06-10 02:23:58 - [TEST_STEP][PASSED] - selectOptionByIndex: All options with index in [48] are selected on object 'Object Repository/HealthpostToCms/Page_HealthPost Store/select_--Select--Adernaline 0.'

2018-06-10 02:23:59 - [MESSAGE][PASSED] - All options with index in [48] are selected on object 'Object Repository/HealthpostToCms/Page_HealthPost Store/select_--Select--Adernaline 0.'

2018-06-10 02:23:59 - [TEST_STEP][PASSED] - setText: Text '100' is set on object 'Object Repository/HealthpostToCms/Page_HealthPost Store/input_txttreat'

2018-06-10 02:23:59 - [MESSAGE][PASSED] - Text '100' is set on object 'Object Repository/HealthpostToCms/Page_HealthPost Store/input_txttreat'

2018-06-10 02:23:59 - [TEST_STEP][PASSED] - click: Object: 'Object Repository/HealthpostToCms/Page_HealthPost Store/button_Add' is clicked on

2018-06-10 02:23:59 - [MESSAGE][PASSED] - Object: 'Object Repository/HealthpostToCms/Page_HealthPost Store/button_Add' is clicked on

2018-06-10 02:23:59 - [TEST_STEP][PASSED] - delay: Delayed 1 second(s)

2018-06-10 02:24:00 - [MESSAGE][PASSED] - Delayed 1 second(s)

2018-06-10 02:24:00 - [TEST_STEP][PASSED] - selectOptionByIndex: All options with index in [1] are selected on object 'Object Repository/HealthpostToCms/Page_HealthPost Store/select_--Select--Schedule 1Inj'

2018-06-10 02:24:00 - [MESSAGE][PASSED] - All options with index in [1] are selected on object 'Object Repository/HealthpostToCms/Page_HealthPost Store/select_--Select--Schedule 1Inj'

2018-06-10 02:24:00 - [TEST_STEP][PASSED] - delay: Delayed 1 second(s)

2018-06-10 02:24:01 - [MESSAGE][PASSED] - Delayed 1 second(s)

2018-06-10 02:24:01 - [TEST_STEP][PASSED] - selectOptionByIndex: All options with index in [49] are selected on object 'Object Repository/HealthpostToCms/Page_HealthPost Store/select_--Select--Adernaline 0.'

2018-06-10 02:24:02 - [MESSAGE][PASSED] - All options with index in [49] are selected on object 'Object Repository/HealthpostToCms/Page_HealthPost Store/select_--Select--Adernaline 0.'

2018-06-10 02:24:02 - [TEST_STEP][PASSED] - setText: Text '100' is set on object 'Object Repository/HealthpostToCms/Page_HealthPost Store/input_txttreat'

2018-06-10 02:24:02 - [MESSAGE][PASSED] - Text '100' is set on object 'Object Repository/HealthpostToCms/Page_HealthPost Store/input_txttreat'

2018-06-10 02:24:02 - [TEST_STEP][PASSED] - click: Object: 'Object Repository/HealthpostToCms/Page_HealthPost Store/button_Add' is clicked on

2018-06-10 02:24:02 - [MESSAGE][PASSED] - Object: 'Object Repository/HealthpostToCms/Page_HealthPost Store/button_Add' is clicked on

2018-06-10 02:24:02 - [TEST_STEP][PASSED] - delay: Delayed 1 second(s)

2018-06-10 02:24:03 - [MESSAGE][PASSED] - Delayed 1 second(s)

2018-06-10 02:24:03 - [TEST_STEP][PASSED] - selectOptionByIndex: All options with index in [1] are selected on object 'Object Repository/HealthpostToCms/Page_HealthPost Store/select_--Select--Schedule 1Inj'

2018-06-10 02:24:03 - [MESSAGE][PASSED] - All options with index in [1] are selected on object 'Object Repository/HealthpostToCms/Page_HealthPost Store/select_--Select--Schedule 1Inj'

2018-06-10 02:24:03 - [TEST_STEP][PASSED] - delay: Delayed 1 second(s)

2018-06-10 02:24:04 - [MESSAGE][PASSED] - Delayed 1 second(s)

2018-06-10 02:24:04 - [TEST_STEP][PASSED] - selectOptionByIndex: All options with index in [50] are selected on object 'Object Repository/HealthpostToCms/Page_HealthPost Store/select_--Select--Adernaline 0.'

2018-06-10 02:24:04 - [MESSAGE][PASSED] - All options with index in [50] are selected on object 'Object Repository/HealthpostToCms/Page_HealthPost Store/select_--Select--Adernaline 0.'

2018-06-10 02:24:04 - [TEST_STEP][PASSED] - setText: Text '100' is set on object 'Object Repository/HealthpostToCms/Page_HealthPost Store/input_txttreat'

2018-06-10 02:24:05 - [MESSAGE][PASSED] - Text '100' is set on object 'Object Repository/HealthpostToCms/Page_HealthPost Store/input_txttreat'

2018-06-10 02:24:05 - [TEST_STEP][PASSED] - click: Object: 'Object Repository/HealthpostToCms/Page_HealthPost Store/button_Add' is clicked on

2018-06-10 02:24:05 - [MESSAGE][PASSED] - Object: 'Object Repository/HealthpostToCms/Page_HealthPost Store/button_Add' is clicked on

2018-06-10 02:24:05 - [TEST_STEP][PASSED] - delay: Delayed 1 second(s)

2018-06-10 02:24:06 - [MESSAGE][PASSED] - Delayed 1 second(s)

2018-06-10 02:24:06 - [TEST_STEP][PASSED] - selectOptionByIndex: All options with index in [1] are selected on object 'Object Repository/HealthpostToCms/Page_HealthPost Store/select_--Select--Schedule 1Inj'

2018-06-10 02:24:06 - [MESSAGE][PASSED] - All options with index in [1] are selected on object 'Object Repository/HealthpostToCms/Page_HealthPost Store/select_--Select--Schedule 1Inj'

2018-06-10 02:24:06 - [TEST_STEP][PASSED] - delay: Delayed 1 second(s)

2018-06-10 02:24:07 - [MESSAGE][PASSED] - Delayed 1 second(s)

2018-06-10 02:24:07 - [TEST_STEP][PASSED] - selectOptionByIndex: All options with index in [51] are selected on object 'Object Repository/HealthpostToCms/Page_HealthPost Store/select_--Select--Adernaline 0.'

2018-06-10 02:24:07 - [MESSAGE][PASSED] - All options with index in [51] are selected on object 'Object Repository/HealthpostToCms/Page_HealthPost Store/select_--Select--Adernaline 0.'

2018-06-10 02:24:07 - [TEST_STEP][PASSED] - setText: Text '100' is set on object 'Object Repository/HealthpostToCms/Page_HealthPost Store/input_txttreat'

2018-06-10 02:24:08 - [MESSAGE][PASSED] - Text '100' is set on object 'Object Repository/HealthpostToCms/Page_HealthPost Store/input_txttreat'

2018-06-10 02:24:08 - [TEST_STEP][PASSED] - click: Object: 'Object Repository/HealthpostToCms/Page_HealthPost Store/button_Add' is clicked on

2018-06-10 02:24:08 - [MESSAGE][PASSED] - Object: 'Object Repository/HealthpostToCms/Page_HealthPost Store/button_Add' is clicked on

2018-06-10 02:24:08 - [TEST_STEP][PASSED] - delay: Delayed 1 second(s)

2018-06-10 02:24:09 - [MESSAGE][PASSED] - Delayed 1 second(s)

2018-06-10 02:24:09 - [TEST_STEP][PASSED] - selectOptionByIndex: All options with index in [1] are selected on object 'Object Repository/HealthpostToCms/Page_HealthPost Store/select_--Select--Schedule 1Inj'

2018-06-10 02:24:09 - [MESSAGE][PASSED] - All options with index in [1] are selected on object 'Object Repository/HealthpostToCms/Page_HealthPost Store/select_--Select--Schedule 1Inj'

2018-06-10 02:24:09 - [TEST_STEP][PASSED] - delay: Delayed 1 second(s)

2018-06-10 02:24:10 - [MESSAGE][PASSED] - Delayed 1 second(s)

2018-06-10 02:24:10 - [TEST_STEP][PASSED] - selectOptionByIndex: All options with index in [52] are selected on object 'Object Repository/HealthpostToCms/Page_HealthPost Store/select_--Select--Adernaline 0.'

2018-06-10 02:24:11 - [MESSAGE][PASSED] - All options with index in [52] are selected on object 'Object Repository/HealthpostToCms/Page_HealthPost Store/select_--Select--Adernaline 0.'

2018-06-10 02:24:11 - [TEST_STEP][PASSED] - setText: Text '100' is set on object 'Object Repository/HealthpostToCms/Page_HealthPost Store/input_txttreat'

2018-06-10 02:24:11 - [MESSAGE][PASSED] - Text '100' is set on object 'Object Repository/HealthpostToCms/Page_HealthPost Store/input_txttreat'

2018-06-10 02:24:11 - [TEST_STEP][PASSED] - click: Object: 'Object Repository/HealthpostToCms/Page_HealthPost Store/button_Add' is clicked on

2018-06-10 02:24:11 - [MESSAGE][PASSED] - Object: 'Object Repository/HealthpostToCms/Page_HealthPost Store/button_Add' is clicked on

2018-06-10 02:24:11 - [TEST_STEP][PASSED] - delay: Delayed 1 second(s)

2018-06-10 02:24:12 - [MESSAGE][PASSED] - Delayed 1 second(s)

2018-06-10 02:24:12 - [TEST_STEP][PASSED] - selectOptionByIndex: All options with index in [1] are selected on object 'Object Repository/HealthpostToCms/Page_HealthPost Store/select_--Select--Schedule 1Inj'

2018-06-10 02:24:12 - [MESSAGE][PASSED] - All options with index in [1] are selected on object 'Object Repository/HealthpostToCms/Page_HealthPost Store/select_--Select--Schedule 1Inj'

2018-06-10 02:24:12 - [TEST_STEP][PASSED] - delay: Delayed 1 second(s)

2018-06-10 02:24:13 - [MESSAGE][PASSED] - Delayed 1 second(s)

2018-06-10 02:24:13 - [TEST_STEP][PASSED] - selectOptionByIndex: All options with index in [53] are selected on object 'Object Repository/HealthpostToCms/Page_HealthPost Store/select_--Select--Adernaline 0.'

2018-06-10 02:24:14 - [MESSAGE][PASSED] - All options with index in [53] are selected on object 'Object Repository/HealthpostToCms/Page_HealthPost Store/select_--Select--Adernaline 0.'

2018-06-10 02:24:14 - [TEST_STEP][PASSED] - setText: Text '100' is set on object 'Object Repository/HealthpostToCms/Page_HealthPost Store/input_txttreat'

2018-06-10 02:24:14 - [MESSAGE][PASSED] - Text '100' is set on object 'Object Repository/HealthpostToCms/Page_HealthPost Store/input_txttreat'

2018-06-10 02:24:14 - [TEST_STEP][PASSED] - click: Object: 'Object Repository/HealthpostToCms/Page_HealthPost Store/button_Add' is clicked on

2018-06-10 02:24:14 - [MESSAGE][PASSED] - Object: 'Object Repository/HealthpostToCms/Page_HealthPost Store/button_Add' is clicked on

2018-06-10 02:24:14 - [TEST_STEP][PASSED] - delay: Delayed 1 second(s)

2018-06-10 02:24:15 - [MESSAGE][PASSED] - Delayed 1 second(s)

2018-06-10 02:24:15 - [TEST_STEP][PASSED] - selectOptionByIndex: All options with index in [1] are selected on object 'Object Repository/HealthpostToCms/Page_HealthPost Store/select_--Select--Schedule 1Inj'

2018-06-10 02:24:15 - [MESSAGE][PASSED] - All options with index in [1] are selected on object 'Object Repository/HealthpostToCms/Page_HealthPost Store/select_--Select--Schedule 1Inj'

2018-06-10 02:24:15 - [TEST_STEP][PASSED] - delay: Delayed 1 second(s)

2018-06-10 02:24:16 - [MESSAGE][PASSED] - Delayed 1 second(s)

2018-06-10 02:24:16 - [TEST_STEP][PASSED] - selectOptionByIndex: All options with index in [54] are selected on object 'Object Repository/HealthpostToCms/Page_HealthPost Store/select_--Select--Adernaline 0.'

2018-06-10 02:24:17 - [MESSAGE][PASSED] - All options with index in [54] are selected on object 'Object Repository/HealthpostToCms/Page_HealthPost Store/select_--Select--Adernaline 0.'

2018-06-10 02:24:17 - [TEST_STEP][PASSED] - setText: Text '100' is set on object 'Object Repository/HealthpostToCms/Page_HealthPost Store/input_txttreat'

2018-06-10 02:24:17 - [MESSAGE][PASSED] - Text '100' is set on object 'Object Repository/HealthpostToCms/Page_HealthPost Store/input_txttreat'

2018-06-10 02:24:17 - [TEST_STEP][PASSED] - click: Object: 'Object Repository/HealthpostToCms/Page_HealthPost Store/button_Add' is clicked on

2018-06-10 02:24:17 - [MESSAGE][PASSED] - Object: 'Object Repository/HealthpostToCms/Page_HealthPost Store/button_Add' is clicked on

2018-06-10 02:24:17 - [TEST_STEP][PASSED] - delay: Delayed 1 second(s)

2018-06-10 02:24:18 - [MESSAGE][PASSED] - Delayed 1 second(s)

2018-06-10 02:24:18 - [TEST_STEP][PASSED] - selectOptionByIndex: All options with index in [1] are selected on object 'Object Repository/HealthpostToCms/Page_HealthPost Store/select_--Select--Schedule 1Inj'

2018-06-10 02:24:18 - [MESSAGE][PASSED] - All options with index in [1] are selected on object 'Object Repository/HealthpostToCms/Page_HealthPost Store/select_--Select--Schedule 1Inj'

2018-06-10 02:24:18 - [TEST_STEP][PASSED] - delay: Delayed 1 second(s)

2018-06-10 02:24:19 - [MESSAGE][PASSED] - Delayed 1 second(s)

2018-06-10 02:24:19 - [TEST_STEP][PASSED] - selectOptionByIndex: All options with index in [55] are selected on object 'Object Repository/HealthpostToCms/Page_HealthPost Store/select_--Select--Adernaline 0.'

2018-06-10 02:24:20 - [MESSAGE][PASSED] - All options with index in [55] are selected on object 'Object Repository/HealthpostToCms/Page_HealthPost Store/select_--Select--Adernaline 0.'

2018-06-10 02:24:20 - [TEST_STEP][PASSED] - setText: Text '100' is set on object 'Object Repository/HealthpostToCms/Page_HealthPost Store/input_txttreat'

2018-06-10 02:24:20 - [MESSAGE][PASSED] - Text '100' is set on object 'Object Repository/HealthpostToCms/Page_HealthPost Store/input_txttreat'

2018-06-10 02:24:20 - [TEST_STEP][PASSED] - click: Object: 'Object Repository/HealthpostToCms/Page_HealthPost Store/button_Add' is clicked on

2018-06-10 02:24:20 - [MESSAGE][PASSED] - Object: 'Object Repository/HealthpostToCms/Page_HealthPost Store/button_Add' is clicked on

2018-06-10 02:24:20 - [TEST_STEP][PASSED] - delay: Delayed 1 second(s)

2018-06-10 02:24:21 - [MESSAGE][PASSED] - Delayed 1 second(s)

2018-06-10 02:24:21 - [TEST_STEP][PASSED] - selectOptionByIndex: All options with index in [1] are selected on object 'Object Repository/HealthpostToCms/Page_HealthPost Store/select_--Select--Schedule 1Inj'

2018-06-10 02:24:21 - [MESSAGE][PASSED] - All options with index in [1] are selected on object 'Object Repository/HealthpostToCms/Page_HealthPost Store/select_--Select--Schedule 1Inj'

2018-06-10 02:24:21 - [TEST_STEP][PASSED] - delay: Delayed 1 second(s)

2018-06-10 02:24:22 - [MESSAGE][PASSED] - Delayed 1 second(s)

2018-06-10 02:24:22 - [TEST_STEP][PASSED] - selectOptionByIndex: All options with index in [56] are selected on object 'Object Repository/HealthpostToCms/Page_HealthPost Store/select_--Select--Adernaline 0.'

2018-06-10 02:24:23 - [MESSAGE][PASSED] - All options with index in [56] are selected on object 'Object Repository/HealthpostToCms/Page_HealthPost Store/select_--Select--Adernaline 0.'

2018-06-10 02:24:23 - [TEST_STEP][PASSED] - setText: Text '100' is set on object 'Object Repository/HealthpostToCms/Page_HealthPost Store/input_txttreat'

2018-06-10 02:24:23 - [MESSAGE][PASSED] - Text '100' is set on object 'Object Repository/HealthpostToCms/Page_HealthPost Store/input_txttreat'

2018-06-10 02:24:23 - [TEST_STEP][PASSED] - click: Object: 'Object Repository/HealthpostToCms/Page_HealthPost Store/button_Add' is clicked on

2018-06-10 02:24:23 - [MESSAGE][PASSED] - Object: 'Object Repository/HealthpostToCms/Page_HealthPost Store/button_Add' is clicked on

2018-06-10 02:24:23 - [TEST_STEP][PASSED] - delay: Delayed 1 second(s)

2018-06-10 02:24:24 - [MESSAGE][PASSED] - Delayed 1 second(s)

2018-06-10 02:24:24 - [TEST_STEP][PASSED] - selectOptionByIndex: All options with index in [1] are selected on object 'Object Repository/HealthpostToCms/Page_HealthPost Store/select_--Select--Schedule 1Inj'

2018-06-10 02:24:24 - [MESSAGE][PASSED] - All options with index in [1] are selected on object 'Object Repository/HealthpostToCms/Page_HealthPost Store/select_--Select--Schedule 1Inj'

2018-06-10 02:24:24 - [TEST_STEP][PASSED] - delay: Delayed 1 second(s)

2018-06-10 02:24:25 - [MESSAGE][PASSED] - Delayed 1 second(s)

2018-06-10 02:24:25 - [TEST_STEP][PASSED] - selectOptionByIndex: All options with index in [57] are selected on object 'Object Repository/HealthpostToCms/Page_HealthPost Store/select_--Select--Adernaline 0.'

2018-06-10 02:24:26 - [MESSAGE][PASSED] - All options with index in [57] are selected on object 'Object Repository/HealthpostToCms/Page_HealthPost Store/select_--Select--Adernaline 0.'

2018-06-10 02:24:26 - [TEST_STEP][PASSED] - setText: Text '100' is set on object 'Object Repository/HealthpostToCms/Page_HealthPost Store/input_txttreat'

2018-06-10 02:24:26 - [MESSAGE][PASSED] - Text '100' is set on object 'Object Repository/HealthpostToCms/Page_HealthPost Store/input_txttreat'

2018-06-10 02:24:26 - [TEST_STEP][PASSED] - click: Object: 'Object Repository/HealthpostToCms/Page_HealthPost Store/button_Add' is clicked on

2018-06-10 02:24:26 - [MESSAGE][PASSED] - Object: 'Object Repository/HealthpostToCms/Page_HealthPost Store/button_Add' is clicked on

2018-06-10 02:24:26 - [TEST_STEP][PASSED] - delay: Delayed 1 second(s)

2018-06-10 02:24:27 - [MESSAGE][PASSED] - Delayed 1 second(s)

2018-06-10 02:24:27 - [TEST_STEP][PASSED] - selectOptionByIndex: All options with index in [1] are selected on object 'Object Repository/HealthpostToCms/Page_HealthPost Store/select_--Select--Schedule 1Inj'

2018-06-10 02:24:27 - [MESSAGE][PASSED] - All options with index in [1] are selected on object 'Object Repository/HealthpostToCms/Page_HealthPost Store/select_--Select--Schedule 1Inj'

2018-06-10 02:24:27 - [TEST_STEP][PASSED] - delay: Delayed 1 second(s)

2018-06-10 02:24:28 - [MESSAGE][PASSED] - Delayed 1 second(s)

2018-06-10 02:24:28 - [TEST_STEP][PASSED] - selectOptionByIndex: All options with index in [58] are selected on object 'Object Repository/HealthpostToCms/Page_HealthPost Store/select_--Select--Adernaline 0.'

2018-06-10 02:24:29 - [MESSAGE][PASSED] - All options with index in [58] are selected on object 'Object Repository/HealthpostToCms/Page_HealthPost Store/select_--Select--Adernaline 0.'

2018-06-10 02:24:29 - [TEST_STEP][PASSED] - setText: Text '100' is set on object 'Object Repository/HealthpostToCms/Page_HealthPost Store/input_txttreat'

2018-06-10 02:24:29 - [MESSAGE][PASSED] - Text '100' is set on object 'Object Repository/HealthpostToCms/Page_HealthPost Store/input_txttreat'

2018-06-10 02:24:29 - [TEST_STEP][PASSED] - click: Object: 'Object Repository/HealthpostToCms/Page_HealthPost Store/button_Add' is clicked on

2018-06-10 02:24:29 - [MESSAGE][PASSED] - Object: 'Object Repository/HealthpostToCms/Page_HealthPost Store/button_Add' is clicked on

2018-06-10 02:24:29 - [TEST_STEP][PASSED] - delay: Delayed 1 second(s)

2018-06-10 02:24:30 - [MESSAGE][PASSED] - Delayed 1 second(s)

2018-06-10 02:24:30 - [TEST_STEP][PASSED] - selectOptionByIndex: All options with index in [1] are selected on object 'Object Repository/HealthpostToCms/Page_HealthPost Store/select_--Select--Schedule 1Inj'

2018-06-10 02:24:30 - [MESSAGE][PASSED] - All options with index in [1] are selected on object 'Object Repository/HealthpostToCms/Page_HealthPost Store/select_--Select--Schedule 1Inj'

2018-06-10 02:24:30 - [TEST_STEP][PASSED] - delay: Delayed 1 second(s)

2018-06-10 02:24:31 - [MESSAGE][PASSED] - Delayed 1 second(s)

2018-06-10 02:24:31 - [TEST_STEP][PASSED] - selectOptionByIndex: All options with index in [59] are selected on object 'Object Repository/HealthpostToCms/Page_HealthPost Store/select_--Select--Adernaline 0.'

2018-06-10 02:24:32 - [MESSAGE][PASSED] - All options with index in [59] are selected on object 'Object Repository/HealthpostToCms/Page_HealthPost Store/select_--Select--Adernaline 0.'

2018-06-10 02:24:32 - [TEST_STEP][PASSED] - setText: Text '100' is set on object 'Object Repository/HealthpostToCms/Page_HealthPost Store/input_txttreat'

2018-06-10 02:24:32 - [MESSAGE][PASSED] - Text '100' is set on object 'Object Repository/HealthpostToCms/Page_HealthPost Store/input_txttreat'

2018-06-10 02:24:32 - [TEST_STEP][PASSED] - click: Object: 'Object Repository/HealthpostToCms/Page_HealthPost Store/button_Add' is clicked on

2018-06-10 02:24:32 - [MESSAGE][PASSED] - Object: 'Object Repository/HealthpostToCms/Page_HealthPost Store/button_Add' is clicked on

2018-06-10 02:24:32 - [TEST_STEP][PASSED] - delay: Delayed 1 second(s)

2018-06-10 02:24:33 - [MESSAGE][PASSED] - Delayed 1 second(s)

2018-06-10 02:24:33 - [TEST_STEP][PASSED] - selectOptionByIndex: All options with index in [1] are selected on object 'Object Repository/HealthpostToCms/Page_HealthPost Store/select_--Select--Schedule 1Inj'

2018-06-10 02:24:33 - [MESSAGE][PASSED] - All options with index in [1] are selected on object 'Object Repository/HealthpostToCms/Page_HealthPost Store/select_--Select--Schedule 1Inj'

2018-06-10 02:24:33 - [TEST_STEP][PASSED] - delay: Delayed 1 second(s)

2018-06-10 02:24:34 - [MESSAGE][PASSED] - Delayed 1 second(s)

2018-06-10 02:24:34 - [TEST_STEP][PASSED] - selectOptionByIndex: All options with index in [60] are selected on object 'Object Repository/HealthpostToCms/Page_HealthPost Store/select_--Select--Adernaline 0.'

2018-06-10 02:24:35 - [MESSAGE][PASSED] - All options with index in [60] are selected on object 'Object Repository/HealthpostToCms/Page_HealthPost Store/select_--Select--Adernaline 0.'

2018-06-10 02:24:35 - [TEST_STEP][PASSED] - setText: Text '100' is set on object 'Object Repository/HealthpostToCms/Page_HealthPost Store/input_txttreat'

2018-06-10 02:24:35 - [MESSAGE][PASSED] - Text '100' is set on object 'Object Repository/HealthpostToCms/Page_HealthPost Store/input_txttreat'

2018-06-10 02:24:35 - [TEST_STEP][PASSED] - click: Object: 'Object Repository/HealthpostToCms/Page_HealthPost Store/button_Add' is clicked on

2018-06-10 02:24:35 - [MESSAGE][PASSED] - Object: 'Object Repository/HealthpostToCms/Page_HealthPost Store/button_Add' is clicked on

2018-06-10 02:24:35 - [TEST_STEP][PASSED] - delay: Delayed 1 second(s)

2018-06-10 02:24:36 - [MESSAGE][PASSED] - Delayed 1 second(s)

2018-06-10 02:24:36 - [TEST_STEP][PASSED] - selectOptionByIndex: All options with index in [1] are selected on object 'Object Repository/HealthpostToCms/Page_HealthPost Store/select_--Select--Schedule 1Inj'

2018-06-10 02:24:36 - [MESSAGE][PASSED] - All options with index in [1] are selected on object 'Object Repository/HealthpostToCms/Page_HealthPost Store/select_--Select--Schedule 1Inj'

2018-06-10 02:24:36 - [TEST_STEP][PASSED] - delay: Delayed 1 second(s)

2018-06-10 02:24:37 - [MESSAGE][PASSED] - Delayed 1 second(s)

2018-06-10 02:24:37 - [TEST_STEP][PASSED] - selectOptionByIndex: All options with index in [61] are selected on object 'Object Repository/HealthpostToCms/Page_HealthPost Store/select_--Select--Adernaline 0.'

2018-06-10 02:24:38 - [MESSAGE][PASSED] - All options with index in [61] are selected on object 'Object Repository/HealthpostToCms/Page_HealthPost Store/select_--Select--Adernaline 0.'

2018-06-10 02:24:38 - [TEST_STEP][PASSED] - setText: Text '100' is set on object 'Object Repository/HealthpostToCms/Page_HealthPost Store/input_txttreat'

2018-06-10 02:24:38 - [MESSAGE][PASSED] - Text '100' is set on object 'Object Repository/HealthpostToCms/Page_HealthPost Store/input_txttreat'

2018-06-10 02:24:38 - [TEST_STEP][PASSED] - click: Object: 'Object Repository/HealthpostToCms/Page_HealthPost Store/button_Add' is clicked on

2018-06-10 02:24:38 - [MESSAGE][PASSED] - Object: 'Object Repository/HealthpostToCms/Page_HealthPost Store/button_Add' is clicked on

2018-06-10 02:24:38 - [TEST_STEP][PASSED] - delay: Delayed 1 second(s)

2018-06-10 02:24:39 - [MESSAGE][PASSED] - Delayed 1 second(s)

2018-06-10 02:24:39 - [TEST_STEP][PASSED] - selectOptionByIndex: All options with index in [1] are selected on object 'Object Repository/HealthpostToCms/Page_HealthPost Store/select_--Select--Schedule 1Inj'

2018-06-10 02:24:39 - [MESSAGE][PASSED] - All options with index in [1] are selected on object 'Object Repository/HealthpostToCms/Page_HealthPost Store/select_--Select--Schedule 1Inj'

2018-06-10 02:24:39 - [TEST_STEP][PASSED] - delay: Delayed 1 second(s)

2018-06-10 02:24:40 - [MESSAGE][PASSED] - Delayed 1 second(s)

2018-06-10 02:24:40 - [TEST_STEP][PASSED] - selectOptionByIndex: All options with index in [62] are selected on object 'Object Repository/HealthpostToCms/Page_HealthPost Store/select_--Select--Adernaline 0.'

2018-06-10 02:24:41 - [MESSAGE][PASSED] - All options with index in [62] are selected on object 'Object Repository/HealthpostToCms/Page_HealthPost Store/select_--Select--Adernaline 0.'

2018-06-10 02:24:41 - [TEST_STEP][PASSED] - setText: Text '100' is set on object 'Object Repository/HealthpostToCms/Page_HealthPost Store/input_txttreat'

2018-06-10 02:24:41 - [MESSAGE][PASSED] - Text '100' is set on object 'Object Repository/HealthpostToCms/Page_HealthPost Store/input_txttreat'

2018-06-10 02:24:41 - [TEST_STEP][PASSED] - click: Object: 'Object Repository/HealthpostToCms/Page_HealthPost Store/button_Add' is clicked on

2018-06-10 02:24:41 - [MESSAGE][PASSED] - Object: 'Object Repository/HealthpostToCms/Page_HealthPost Store/button_Add' is clicked on

2018-06-10 02:24:41 - [TEST_STEP][PASSED] - delay: Delayed 1 second(s)

2018-06-10 02:24:42 - [MESSAGE][PASSED] - Delayed 1 second(s)

2018-06-10 02:24:42 - [TEST_STEP][PASSED] - scrollToElement: Scroll to object 'Object Repository/HealthpostToCms/Page_HealthPost Store/input_btnsave' successfully

2018-06-10 02:24:42 - [MESSAGE][PASSED] - Scroll to object 'Object Repository/HealthpostToCms/Page_HealthPost Store/input_btnsave' successfully

2018-06-10 02:24:42 - [TEST_STEP][PASSED] - click: Object: 'Object Repository/HealthpostToCms/Page_HealthPost Store/input_btnsave' is clicked on

2018-06-10 02:24:42 - [MESSAGE][PASSED] - Object: 'Object Repository/HealthpostToCms/Page_HealthPost Store/input_btnsave' is clicked on

2018-06-10 02:24:42 - [TEST_STEP][PASSED] - delay: Delayed 3 second(s)

2018-06-10 02:24:45 - [MESSAGE][PASSED] - Delayed 3 second(s)

2018-06-10 02:24:45 - [TEST_STEP][PASSED] - Statement - RN1 = com.kms.katalon.core.webui.keyword.WebUiBuiltInKeywords.getText(com.kms.katalon.core.testobject.ObjectRepository.findTestObject(HealthpostToCms/Page_HealthPost Store/font_PRNO18052018174)): Text of object 'Object Repository/HealthpostToCms/Page_HealthPost Store/font_PRNO18052018174' is: 'PRNO/10062018/764'

2018-06-10 02:24:45 - [MESSAGE][PASSED] - Text of object 'Object Repository/HealthpostToCms/Page_HealthPost Store/font_PRNO18052018174' is: 'PRNO/10062018/764'

2018-06-10 02:24:45 - [TEST_STEP][PASSED] - Statement - out.println(RN1): null

2018-06-10 02:24:45 - [TEST_STEP][PASSED] - Statement - RID = RN1.split("/")[2]: null

2018-06-10 02:24:45 - [TEST_STEP][PASSED] - click: Object: 'Object Repository/HealthpostToCms/Page_HealthPost Store/button_OK' is clicked on

2018-06-10 02:24:46 - [MESSAGE][PASSED] - Object: 'Object Repository/HealthpostToCms/Page_HealthPost Store/button_OK' is clicked on

2018-06-10 02:24:46 - [TEST_STEP][PASSED] - delay: Delayed 3 second(s)

2018-06-10 02:24:49 - [MESSAGE][PASSED] - Delayed 3 second(s)

2018-06-10 02:24:49 - [TEST_STEP][PASSED] - click: Object: 'Object Repository/HealthpostToCms/Page_HealthPost Store/a_dropdown-toggle' is clicked on

2018-06-10 02:24:49 - [MESSAGE][PASSED] - Object: 'Object Repository/HealthpostToCms/Page_HealthPost Store/a_dropdown-toggle' is clicked on

2018-06-10 02:24:49 - [TEST_STEP][PASSED] - click: Object: 'Object Repository/HealthpostToCms/Page_HealthPost Store/a_Sign out' is clicked on

2018-06-10 02:24:49 - [MESSAGE][PASSED] - Object: 'Object Repository/HealthpostToCms/Page_HealthPost Store/a_Sign out' is clicked on

2018-06-10 02:24:49 - [TEST_STEP][PASSED] - delay: Delayed 3 second(s)

2018-06-10 02:24:52 - [MESSAGE][PASSED] - Delayed 3 second(s)

2018-06-10 02:24:52 - [TEST_STEP][PASSED] - navigateToUrl: Navigate to 'http://192.168.137.1/multihospital_new/' successfully

2018-06-10 02:24:53 - [MESSAGE][PASSED] - Navigate to 'http://192.168.137.1/multihospital_new/' successfully

2018-06-10 02:24:53 - [TEST_STEP][PASSED] - click: Object: 'Object Repository/HealthpostToCms/Page_KDMC/a_CMO' is clicked on

2018-06-10 02:24:53 - [MESSAGE][PASSED] - Object: 'Object Repository/HealthpostToCms/Page_KDMC/a_CMO' is clicked on

2018-06-10 02:24:53 - [TEST_STEP][PASSED] - setText: Text 'guru' is set on object 'Object Repository/HealthpostToCms/Page_CMO login/input_txtusername'

2018-06-10 02:24:53 - [MESSAGE][PASSED] - Text 'guru' is set on object 'Object Repository/HealthpostToCms/Page_CMO login/input_txtusername'

2018-06-10 02:24:53 - [TEST_STEP][PASSED] - setText: Text '123' is set on object 'Object Repository/HealthpostToCms/Page_CMO login/input_txtpassword'

2018-06-10 02:24:54 - [MESSAGE][PASSED] - Text '123' is set on object 'Object Repository/HealthpostToCms/Page_CMO login/input_txtpassword'

2018-06-10 02:24:54 - [TEST_STEP][PASSED] - delay: Delayed 3 second(s)

2018-06-10 02:24:57 - [MESSAGE][PASSED] - Delayed 3 second(s)

2018-06-10 02:24:57 - [TEST_STEP][PASSED] - click: Object: 'Object Repository/HealthpostToCms/Page_CMO login/button_Sign in' is clicked on

2018-06-10 02:24:57 - [MESSAGE][PASSED] - Object: 'Object Repository/HealthpostToCms/Page_CMO login/button_Sign in' is clicked on

2018-06-10 02:24:57 - [TEST_STEP][PASSED] - delay: Delayed 3 second(s)

2018-06-10 02:25:00 - [MESSAGE][PASSED] - Delayed 3 second(s)

2018-06-10 02:25:00 - [TEST_STEP][PASSED] - click: Object: 'Object Repository/HealthpostToCms/Page_KDMC - CMO/a_CMS Request' is clicked on

2018-06-10 02:25:01 - [MESSAGE][PASSED] - Object: 'Object Repository/HealthpostToCms/Page_KDMC - CMO/a_CMS Request' is clicked on

2018-06-10 02:25:01 - [TEST_STEP][PASSED] - delay: Delayed 2 second(s)

2018-06-10 02:25:03 - [MESSAGE][PASSED] - Delayed 2 second(s)

2018-06-10 02:25:03 - [TEST_STEP][PASSED] - click: Object: 'Object Repository/HealthpostToCms/Page_KDMC - CMO/a_Healthpost Store Request' is clicked on

2018-06-10 02:25:03 - [MESSAGE][PASSED] - Object: 'Object Repository/HealthpostToCms/Page_KDMC - CMO/a_Healthpost Store Request' is clicked on

2018-06-10 02:25:03 - [TEST_STEP][PASSED] - selectOptionByIndex: All options with index in [1] are selected on object 'Object Repository/HealthpostToCms/Page_KDMC - CMO/select_--ALL--'

2018-06-10 02:25:03 - [MESSAGE][PASSED] - All options with index in [1] are selected on object 'Object Repository/HealthpostToCms/Page_KDMC - CMO/select_--ALL--'

2018-06-10 02:25:03 - [TEST_STEP][PASSED] - click: Object: 'Object Repository/HealthpostToCms/Page_KDMC - CMO/input_btnsearch' is clicked on

2018-06-10 02:25:03 - [MESSAGE][PASSED] - Object: 'Object Repository/HealthpostToCms/Page_KDMC - CMO/input_btnsearch' is clicked on

2018-06-10 02:25:03 - [TEST_STEP][PASSED] - Statement - ID = com.kms.katalon.core.webui.keyword.WebUiBuiltInKeywords.modifyObjectProperty(com.kms.katalon.core.testobject.ObjectRepository.findTestObject(lab/Page_KDMC - CMO/input_1), "xpath", "equals", "//*[@id=" + RID + "]", true): Modify property of object successfully

2018-06-10 02:25:03 - [MESSAGE][PASSED] - Modify property of object successfully

2018-06-10 02:25:03 - [TEST_STEP][PASSED] - click: Object: 'Object Repository/lab/Page_KDMC - CMO/input_1' is clicked on

2018-06-10 02:25:04 - [MESSAGE][PASSED] - Object: 'Object Repository/lab/Page_KDMC - CMO/input_1' is clicked on

2018-06-10 02:25:04 - [TEST_STEP][PASSED] - delay: Delayed 2 second(s)

2018-06-10 02:25:06 - [MESSAGE][PASSED] - Delayed 2 second(s)

2018-06-10 02:25:06 - [TEST_STEP][PASSED] - selectOptionByIndex: All options with index in [1] are selected on object 'Object Repository/HealthpostToCms/Page_KDMC - CMO/select_--Select--'

2018-06-10 02:25:06 - [MESSAGE][PASSED] - All options with index in [1] are selected on object 'Object Repository/HealthpostToCms/Page_KDMC - CMO/select_--Select--'

2018-06-10 02:25:06 - [TEST_STEP][PASSED] - click: Object: 'Object Repository/HealthpostToCms/Page_KDMC - CMO/input_btnupdate' is clicked on

2018-06-10 02:25:07 - [MESSAGE][PASSED] - Object: 'Object Repository/HealthpostToCms/Page_KDMC - CMO/input_btnupdate' is clicked on

2018-06-10 02:25:07 - [TEST_STEP][PASSED] - delay: Delayed 2 second(s)

2018-06-10 02:25:09 - [MESSAGE][PASSED] - Delayed 2 second(s)

2018-06-10 02:25:09 - [TEST_STEP][PASSED] - click: Object: 'Object Repository/HealthpostToCms/Page_KDMC - CMO/button_OK' is clicked on

2018-06-10 02:25:09 - [MESSAGE][PASSED] - Object: 'Object Repository/HealthpostToCms/Page_KDMC - CMO/button_OK' is clicked on

2018-06-10 02:25:09 - [TEST_STEP][PASSED] - delay: Delayed 3 second(s)

2018-06-10 02:25:12 - [MESSAGE][PASSED] - Delayed 3 second(s)

2018-06-10 02:25:12 - [TEST_STEP][PASSED] - click: Object: 'Object Repository/HealthpostToCms/Page_KDMC - CMO/a_dropdown-toggle' is clicked on

2018-06-10 02:25:12 - [MESSAGE][PASSED] - Object: 'Object Repository/HealthpostToCms/Page_KDMC - CMO/a_dropdown-toggle' is clicked on

2018-06-10 02:25:12 - [TEST_STEP][PASSED] - click: Object: 'Object Repository/HealthpostToCms/Page_KDMC - CMO/a_Sign out' is clicked on

2018-06-10 02:25:13 - [MESSAGE][PASSED] - Object: 'Object Repository/HealthpostToCms/Page_KDMC - CMO/a_Sign out' is clicked on

2018-06-10 02:25:13 - [TEST_STEP][PASSED] - delay: Delayed 3 second(s)

2018-06-10 02:25:16 - [MESSAGE][PASSED] - Delayed 3 second(s)

2018-06-10 02:25:16 - [TEST_STEP][PASSED] - click: Object: 'Object Repository/HealthpostToCms/Page_KDMC/a_CMS' is clicked on

2018-06-10 02:25:16 - [MESSAGE][PASSED] - Object: 'Object Repository/HealthpostToCms/Page_KDMC/a_CMS' is clicked on

2018-06-10 02:25:16 - [TEST_STEP][PASSED] - setText: Text 'bala' is set on object 'Object Repository/HealthpostToCms/Page_CMS login/input_txtusername'

2018-06-10 02:25:16 - [MESSAGE][PASSED] - Text 'bala' is set on object 'Object Repository/HealthpostToCms/Page_CMS login/input_txtusername'

2018-06-10 02:25:16 - [TEST_STEP][PASSED] - setText: Text '123' is set on object 'Object Repository/HealthpostToCms/Page_CMS login/input_txtpassword'

2018-06-10 02:25:16 - [MESSAGE][PASSED] - Text '123' is set on object 'Object Repository/HealthpostToCms/Page_CMS login/input_txtpassword'

2018-06-10 02:25:16 - [TEST_STEP][PASSED] - delay: Delayed 3 second(s)

2018-06-10 02:25:19 - [MESSAGE][PASSED] - Delayed 3 second(s)

2018-06-10 02:25:19 - [TEST_STEP][PASSED] - click: Object: 'Object Repository/HealthpostToCms/Page_CMS login/button_Sign in' is clicked on

2018-06-10 02:25:20 - [MESSAGE][PASSED] - Object: 'Object Repository/HealthpostToCms/Page_CMS login/button_Sign in' is clicked on

2018-06-10 02:25:20 - [TEST_STEP][PASSED] - delay: Delayed 3 second(s)

2018-06-10 02:25:23 - [MESSAGE][PASSED] - Delayed 3 second(s)

2018-06-10 02:25:23 - [TEST_STEP][PASSED] - click: Object: 'Object Repository/HealthpostToCms/Page_KDMC - CMS/a_Divisional Store' is clicked on

2018-06-10 02:25:23 - [MESSAGE][PASSED] - Object: 'Object Repository/HealthpostToCms/Page_KDMC - CMS/a_Divisional Store' is clicked on

2018-06-10 02:25:23 - [TEST_STEP][PASSED] - delay: Delayed 2 second(s)

2018-06-10 02:25:25 - [MESSAGE][PASSED] - Delayed 2 second(s)

2018-06-10 02:25:25 - [TEST_STEP][PASSED] - click: Object: 'Object Repository/HealthpostToCms/Page_KDMC - CMS/a_Dispatch Items' is clicked on

2018-06-10 02:25:25 - [MESSAGE][PASSED] - Object: 'Object Repository/HealthpostToCms/Page_KDMC - CMS/a_Dispatch Items' is clicked on

2018-06-10 02:25:25 - [TEST_STEP][PASSED] - delay: Delayed 2 second(s)

2018-06-10 02:25:27 - [MESSAGE][PASSED] - Delayed 2 second(s)

2018-06-10 02:25:27 - [TEST_STEP][PASSED] - setText: Text 'PRNO/10062018/764' is set on object 'Object Repository/HealthpostToCms/Page_KDMC - CMS/input'

2018-06-10 02:25:28 - [MESSAGE][PASSED] - Text 'PRNO/10062018/764' is set on object 'Object Repository/HealthpostToCms/Page_KDMC - CMS/input'

2018-06-10 02:25:28 - [TEST_STEP][PASSED] - click: Object: 'Object Repository/HealthpostToCms/Page_KDMC - CMS/input_PRNO18052018174' is clicked on

2018-06-10 02:25:28 - [MESSAGE][PASSED] - Object: 'Object Repository/HealthpostToCms/Page_KDMC - CMS/input_PRNO18052018174' is clicked on

2018-06-10 02:25:28 - [TEST_STEP][PASSED] - delay: Delayed 3 second(s)

2018-06-10 02:25:31 - [MESSAGE][PASSED] - Delayed 3 second(s)

2018-06-10 02:25:31 - [TEST_STEP][PASSED] - Statement - out.println("Length : " + medicineslength): null

2018-06-10 02:25:31 - [TEST_STEP][PASSED] - Statement - For ([row = 0, row < medicineslength - 1, (row++)]): null

2018-06-10 02:25:31 - [TEST_STEP][PASSED] - Statement - batchlength = new com.kms.katalon.core.testobject.TestObject(): null

2018-06-10 02:25:31 - [TEST_STEP][PASSED] - Statement - batchlength = com.kms.katalon.core.webui.keyword.WebUiBuiltInKeywords.modifyObjectProperty(batchlength, "xpath", "equals", "//*[@id = "fldvendor" + row + ""]", true): Modify property of object successfully

2018-06-10 02:25:31 - [MESSAGE][PASSED] - Modify property of object successfully

2018-06-10 02:25:31 - [TEST_STEP][PASSED] - Statement - batchsize = com.kms.katalon.core.webui.keyword.WebUiBuiltInKeywords.getNumberOfTotalOption(batchlength): 16 options of object '' counted

2018-06-10 02:25:32 - [MESSAGE][PASSED] - 16 options of object '' counted

2018-06-10 02:25:32 - [TEST_STEP][PASSED] - Statement - out.println("BatchSize : " + batchsize): null

2018-06-10 02:25:32 - [TEST_STEP][PASSED] - Statement - For ([n = 1, n <= batchsize - 1, (n++)]): null

2018-06-10 02:25:32 - [TEST_STEP][PASSED] - Statement - product = new com.kms.katalon.core.testobject.TestObject(): null

2018-06-10 02:25:32 - [TEST_STEP][PASSED] - Statement - product = com.kms.katalon.core.webui.keyword.WebUiBuiltInKeywords.modifyObjectProperty(product, "xpath", "equals", "//*[@id = "fldvendor" + row + ""]", true): Modify property of object successfully

2018-06-10 02:25:32 - [MESSAGE][PASSED] - Modify property of object successfully

2018-06-10 02:25:32 - [TEST_STEP][PASSED] - selectOptionByIndex: All options with index in [1] are selected on object ''

2018-06-10 02:25:32 - [MESSAGE][PASSED] - All options with index in [1] are selected on object ''

2018-06-10 02:25:32 - [TEST_STEP][PASSED] - Statement - batch = new com.kms.katalon.core.testobject.TestObject(): null

2018-06-10 02:25:32 - [TEST_STEP][PASSED] - Statement - batch = com.kms.katalon.core.webui.keyword.WebUiBuiltInKeywords.modifyObjectProperty(batch, "xpath", "equals", "//*[@id = "txtbthqty" + row + ""]", true): Modify property of object successfully

2018-06-10 02:25:32 - [MESSAGE][PASSED] - Modify property of object successfully

2018-06-10 02:25:32 - [TEST_STEP][PASSED] - Statement - batchqty = com.kms.katalon.core.webui.keyword.WebUiBuiltInKeywords.getAttribute(batch, "value").trim(): Attribute 'value' of object '' is: ''

2018-06-10 02:25:32 - [MESSAGE][PASSED] - Attribute 'value' of object '' is: ''

2018-06-10 02:25:32 - [TEST_STEP][PASSED] - Statement - Rqty = 100: null

2018-06-10 02:25:32 - [TEST_STEP][PASSED] - delay: Delayed 2 second(s)

2018-06-10 02:25:34 - [MESSAGE][PASSED] - Delayed 2 second(s)

2018-06-10 02:25:34 - [TEST_STEP][PASSED] - Statement - out.println("BatchQty : " + batchqty): null

2018-06-10 02:25:34 - [TEST_STEP][PASSED] - Statement - out.println("RQty : " + Rqty): null

2018-06-10 02:25:34 - [TEST_STEP][PASSED] - Statement - If (java.lang.Integer.valueOf(batchqty) >= java.lang.Integer.valueOf(Rqty)): null]]></system-out>
         <system-err><![CDATA[2018-06-10 02:21:33 - [TEST_CASE][ERROR] - Test Cases/HEALTHPOST TEST CASES/TC_HP_013 Verify Schedule 1 Healthpost To CMS Request Are Working Successfully Or Not: Test Cases/HEALTHPOST TEST CASES/TC_HP_013 Verify Schedule 1 Healthpost To CMS Request Are Working Successfully Or Not FAILED because (of) java.lang.NumberFormatException: For input string: ""]]></system-err>
      </testcase>
      <testcase name="Test Cases/HEALTHPOST TEST CASES/TC_HP_023 Verify Schedule 11 Healthpost To CMS Request Are Working Successfully Or Not" classname="Test Cases/HEALTHPOST TEST CASES/TC_HP_023 Verify Schedule 11 Healthpost To CMS Request Are Working Successfully Or Not" status="ERROR">
         <error type="ERROR" message="Test Cases/HEALTHPOST TEST CASES/TC_HP_023 Verify Schedule 11 Healthpost To CMS Request Are Working Successfully Or Not FAILED because (of) java.lang.NumberFormatException: For input string: &quot;&quot;"/>
         <system-out><![CDATA[2018-06-10 02:25:34 - [TEST_CASE][ERROR] - Test Cases/HEALTHPOST TEST CASES/TC_HP_023 Verify Schedule 11 Healthpost To CMS Request Are Working Successfully Or Not: Test Cases/HEALTHPOST TEST CASES/TC_HP_023 Verify Schedule 11 Healthpost To CMS Request Are Working Successfully Or Not FAILED because (of) java.lang.NumberFormatException: For input string: ""

2018-06-10 02:25:34 - [TEST_STEP][PASSED] - openBrowser: Browser is opened with url: ''

2018-06-10 02:25:34 - [MESSAGE][WARNING] - A browser is already opened. Closing browser and opening a new one

2018-06-10 02:25:37 - [MESSAGE][PASSED] - Browser is opened with url: ''

2018-06-10 02:25:37 - [TEST_STEP][PASSED] - navigateToUrl: Navigate to 'http://192.168.137.1/multihospital_new/HDSplashscreen.aspx' successfully

2018-06-10 02:25:39 - [MESSAGE][PASSED] - Navigate to 'http://192.168.137.1/multihospital_new/HDSplashscreen.aspx' successfully

2018-06-10 02:25:39 - [TEST_STEP][PASSED] - maximizeWindow: Current window maximized

2018-06-10 02:25:40 - [MESSAGE][PASSED] - Current window maximized

2018-06-10 02:25:40 - [TEST_STEP][PASSED] - click: Object: 'Object Repository/HealthpostToCms/Page_KDMC/a_Healthpost Store' is clicked on

2018-06-10 02:25:40 - [MESSAGE][PASSED] - Object: 'Object Repository/HealthpostToCms/Page_KDMC/a_Healthpost Store' is clicked on

2018-06-10 02:25:40 - [TEST_STEP][PASSED] - setText: Text 'raguram' is set on object 'Object Repository/HealthpostToCms/Page_HealthPost Store Login/input_txtusername'

2018-06-10 02:25:41 - [MESSAGE][PASSED] - Text 'raguram' is set on object 'Object Repository/HealthpostToCms/Page_HealthPost Store Login/input_txtusername'

2018-06-10 02:25:41 - [TEST_STEP][PASSED] - setText: Text '123' is set on object 'Object Repository/HealthpostToCms/Page_HealthPost Store Login/input_txtpassword'

2018-06-10 02:25:41 - [MESSAGE][PASSED] - Text '123' is set on object 'Object Repository/HealthpostToCms/Page_HealthPost Store Login/input_txtpassword'

2018-06-10 02:25:41 - [TEST_STEP][PASSED] - delay: Delayed 3 second(s)

2018-06-10 02:25:44 - [MESSAGE][PASSED] - Delayed 3 second(s)

2018-06-10 02:25:44 - [TEST_STEP][PASSED] - click: Object: 'Object Repository/HealthpostToCms/Page_HealthPost Store Login/button_Sign in' is clicked on

2018-06-10 02:25:44 - [MESSAGE][PASSED] - Object: 'Object Repository/HealthpostToCms/Page_HealthPost Store Login/button_Sign in' is clicked on

2018-06-10 02:25:44 - [TEST_STEP][PASSED] - delay: Delayed 3 second(s)

2018-06-10 02:25:47 - [MESSAGE][PASSED] - Delayed 3 second(s)

2018-06-10 02:25:47 - [TEST_STEP][PASSED] - waitForElementPresent: Object 'Object Repository/HealthpostToCms/Page_HealthPost Store/a_CMS' is present

2018-06-10 02:25:47 - [MESSAGE][PASSED] - Object 'Object Repository/HealthpostToCms/Page_HealthPost Store/a_CMS' is present

2018-06-10 02:25:47 - [TEST_STEP][PASSED] - click: Object: 'Object Repository/HealthpostToCms/Page_HealthPost Store/a_CMS' is clicked on

2018-06-10 02:25:48 - [MESSAGE][PASSED] - Object: 'Object Repository/HealthpostToCms/Page_HealthPost Store/a_CMS' is clicked on

2018-06-10 02:25:48 - [TEST_STEP][PASSED] - click: Object: 'Object Repository/HealthpostToCms/Page_HealthPost Store/a_Request Send' is clicked on

2018-06-10 02:25:48 - [MESSAGE][PASSED] - Object: 'Object Repository/HealthpostToCms/Page_HealthPost Store/a_Request Send' is clicked on

2018-06-10 02:25:48 - [TEST_STEP][PASSED] - delay: Delayed 2 second(s)

2018-06-10 02:25:50 - [MESSAGE][PASSED] - Delayed 2 second(s)

2018-06-10 02:25:50 - [TEST_STEP][PASSED] - selectOptionByIndex: All options with index in [2] are selected on object 'Object Repository/HealthpostToCms/Page_HealthPost Store/select_--Select--'

2018-06-10 02:25:50 - [MESSAGE][PASSED] - All options with index in [2] are selected on object 'Object Repository/HealthpostToCms/Page_HealthPost Store/select_--Select--'

2018-06-10 02:25:50 - [TEST_STEP][PASSED] - selectOptionByIndex: All options with index in [11] are selected on object 'Object Repository/HealthpostToCms/Page_HealthPost Store/select_--Select--Schedule 1Inj'

2018-06-10 02:25:51 - [MESSAGE][PASSED] - All options with index in [11] are selected on object 'Object Repository/HealthpostToCms/Page_HealthPost Store/select_--Select--Schedule 1Inj'

2018-06-10 02:25:51 - [TEST_STEP][PASSED] - Statement - medicineslength = com.kms.katalon.core.webui.keyword.WebUiBuiltInKeywords.getNumberOfTotalOption(com.kms.katalon.core.testobject.ObjectRepository.findTestObject(HealthpostToCms/Page_HealthPost Store/select_--Select--Adernaline 0.)): 81 options of object 'Object Repository/HealthpostToCms/Page_HealthPost Store/select_--Select--Adernaline 0.' counted

2018-06-10 02:25:51 - [MESSAGE][PASSED] - 81 options of object 'Object Repository/HealthpostToCms/Page_HealthPost Store/select_--Select--Adernaline 0.' counted

2018-06-10 02:25:51 - [TEST_STEP][PASSED] - Statement - For ([e = 1, e <= medicineslength - 1, (e++)]): Delayed 2 second(s)

2018-06-10 02:25:51 - [TEST_STEP][PASSED] - selectOptionByIndex: All options with index in [11] are selected on object 'Object Repository/HealthpostToCms/Page_HealthPost Store/select_--Select--Schedule 1Inj'

2018-06-10 02:25:51 - [MESSAGE][PASSED] - All options with index in [11] are selected on object 'Object Repository/HealthpostToCms/Page_HealthPost Store/select_--Select--Schedule 1Inj'

2018-06-10 02:25:51 - [TEST_STEP][PASSED] - delay: Delayed 1 second(s)

2018-06-10 02:25:52 - [MESSAGE][PASSED] - Delayed 1 second(s)

2018-06-10 02:25:52 - [TEST_STEP][PASSED] - selectOptionByIndex: All options with index in [1] are selected on object 'Object Repository/HealthpostToCms/Page_HealthPost Store/select_--Select--Adernaline 0.'

2018-06-10 02:25:52 - [MESSAGE][PASSED] - All options with index in [1] are selected on object 'Object Repository/HealthpostToCms/Page_HealthPost Store/select_--Select--Adernaline 0.'

2018-06-10 02:25:52 - [TEST_STEP][PASSED] - setText: Text '100' is set on object 'Object Repository/HealthpostToCms/Page_HealthPost Store/input_txttreat'

2018-06-10 02:25:52 - [MESSAGE][PASSED] - Text '100' is set on object 'Object Repository/HealthpostToCms/Page_HealthPost Store/input_txttreat'

2018-06-10 02:25:52 - [TEST_STEP][PASSED] - click: Object: 'Object Repository/HealthpostToCms/Page_HealthPost Store/button_Add' is clicked on

2018-06-10 02:25:52 - [MESSAGE][PASSED] - Object: 'Object Repository/HealthpostToCms/Page_HealthPost Store/button_Add' is clicked on

2018-06-10 02:25:52 - [TEST_STEP][PASSED] - delay: Delayed 2 second(s)

2018-06-10 02:25:54 - [MESSAGE][PASSED] - Delayed 2 second(s)

2018-06-10 02:25:54 - [TEST_STEP][PASSED] - selectOptionByIndex: All options with index in [11] are selected on object 'Object Repository/HealthpostToCms/Page_HealthPost Store/select_--Select--Schedule 1Inj'

2018-06-10 02:25:55 - [MESSAGE][PASSED] - All options with index in [11] are selected on object 'Object Repository/HealthpostToCms/Page_HealthPost Store/select_--Select--Schedule 1Inj'

2018-06-10 02:25:55 - [TEST_STEP][PASSED] - delay: Delayed 1 second(s)

2018-06-10 02:25:56 - [MESSAGE][PASSED] - Delayed 1 second(s)

2018-06-10 02:25:56 - [TEST_STEP][PASSED] - selectOptionByIndex: All options with index in [2] are selected on object 'Object Repository/HealthpostToCms/Page_HealthPost Store/select_--Select--Adernaline 0.'

2018-06-10 02:25:56 - [MESSAGE][PASSED] - All options with index in [2] are selected on object 'Object Repository/HealthpostToCms/Page_HealthPost Store/select_--Select--Adernaline 0.'

2018-06-10 02:25:56 - [TEST_STEP][PASSED] - setText: Text '100' is set on object 'Object Repository/HealthpostToCms/Page_HealthPost Store/input_txttreat'

2018-06-10 02:25:56 - [MESSAGE][PASSED] - Text '100' is set on object 'Object Repository/HealthpostToCms/Page_HealthPost Store/input_txttreat'

2018-06-10 02:25:56 - [TEST_STEP][PASSED] - click: Object: 'Object Repository/HealthpostToCms/Page_HealthPost Store/button_Add' is clicked on

2018-06-10 02:25:56 - [MESSAGE][PASSED] - Object: 'Object Repository/HealthpostToCms/Page_HealthPost Store/button_Add' is clicked on

2018-06-10 02:25:56 - [TEST_STEP][PASSED] - delay: Delayed 2 second(s)

2018-06-10 02:25:58 - [MESSAGE][PASSED] - Delayed 2 second(s)

2018-06-10 02:25:58 - [TEST_STEP][PASSED] - selectOptionByIndex: All options with index in [11] are selected on object 'Object Repository/HealthpostToCms/Page_HealthPost Store/select_--Select--Schedule 1Inj'

2018-06-10 02:25:58 - [MESSAGE][PASSED] - All options with index in [11] are selected on object 'Object Repository/HealthpostToCms/Page_HealthPost Store/select_--Select--Schedule 1Inj'

2018-06-10 02:25:58 - [TEST_STEP][PASSED] - delay: Delayed 1 second(s)

2018-06-10 02:25:59 - [MESSAGE][PASSED] - Delayed 1 second(s)

2018-06-10 02:25:59 - [TEST_STEP][PASSED] - selectOptionByIndex: All options with index in [3] are selected on object 'Object Repository/HealthpostToCms/Page_HealthPost Store/select_--Select--Adernaline 0.'

2018-06-10 02:25:59 - [MESSAGE][PASSED] - All options with index in [3] are selected on object 'Object Repository/HealthpostToCms/Page_HealthPost Store/select_--Select--Adernaline 0.'

2018-06-10 02:25:59 - [TEST_STEP][PASSED] - setText: Text '100' is set on object 'Object Repository/HealthpostToCms/Page_HealthPost Store/input_txttreat'

2018-06-10 02:25:59 - [MESSAGE][PASSED] - Text '100' is set on object 'Object Repository/HealthpostToCms/Page_HealthPost Store/input_txttreat'

2018-06-10 02:25:59 - [TEST_STEP][PASSED] - click: Object: 'Object Repository/HealthpostToCms/Page_HealthPost Store/button_Add' is clicked on

2018-06-10 02:26:00 - [MESSAGE][PASSED] - Object: 'Object Repository/HealthpostToCms/Page_HealthPost Store/button_Add' is clicked on

2018-06-10 02:26:00 - [TEST_STEP][PASSED] - delay: Delayed 2 second(s)

2018-06-10 02:26:02 - [MESSAGE][PASSED] - Delayed 2 second(s)

2018-06-10 02:26:02 - [TEST_STEP][PASSED] - selectOptionByIndex: All options with index in [11] are selected on object 'Object Repository/HealthpostToCms/Page_HealthPost Store/select_--Select--Schedule 1Inj'

2018-06-10 02:26:02 - [MESSAGE][PASSED] - All options with index in [11] are selected on object 'Object Repository/HealthpostToCms/Page_HealthPost Store/select_--Select--Schedule 1Inj'

2018-06-10 02:26:02 - [TEST_STEP][PASSED] - delay: Delayed 1 second(s)

2018-06-10 02:26:03 - [MESSAGE][PASSED] - Delayed 1 second(s)

2018-06-10 02:26:03 - [TEST_STEP][PASSED] - selectOptionByIndex: All options with index in [4] are selected on object 'Object Repository/HealthpostToCms/Page_HealthPost Store/select_--Select--Adernaline 0.'

2018-06-10 02:26:03 - [MESSAGE][PASSED] - All options with index in [4] are selected on object 'Object Repository/HealthpostToCms/Page_HealthPost Store/select_--Select--Adernaline 0.'

2018-06-10 02:26:03 - [TEST_STEP][PASSED] - setText: Text '100' is set on object 'Object Repository/HealthpostToCms/Page_HealthPost Store/input_txttreat'

2018-06-10 02:26:03 - [MESSAGE][PASSED] - Text '100' is set on object 'Object Repository/HealthpostToCms/Page_HealthPost Store/input_txttreat'

2018-06-10 02:26:03 - [TEST_STEP][PASSED] - click: Object: 'Object Repository/HealthpostToCms/Page_HealthPost Store/button_Add' is clicked on

2018-06-10 02:26:03 - [MESSAGE][PASSED] - Object: 'Object Repository/HealthpostToCms/Page_HealthPost Store/button_Add' is clicked on

2018-06-10 02:26:03 - [TEST_STEP][PASSED] - delay: Delayed 2 second(s)

2018-06-10 02:26:05 - [MESSAGE][PASSED] - Delayed 2 second(s)

2018-06-10 02:26:05 - [TEST_STEP][PASSED] - selectOptionByIndex: All options with index in [11] are selected on object 'Object Repository/HealthpostToCms/Page_HealthPost Store/select_--Select--Schedule 1Inj'

2018-06-10 02:26:05 - [MESSAGE][PASSED] - All options with index in [11] are selected on object 'Object Repository/HealthpostToCms/Page_HealthPost Store/select_--Select--Schedule 1Inj'

2018-06-10 02:26:05 - [TEST_STEP][PASSED] - delay: Delayed 1 second(s)

2018-06-10 02:26:06 - [MESSAGE][PASSED] - Delayed 1 second(s)

2018-06-10 02:26:06 - [TEST_STEP][PASSED] - selectOptionByIndex: All options with index in [5] are selected on object 'Object Repository/HealthpostToCms/Page_HealthPost Store/select_--Select--Adernaline 0.'

2018-06-10 02:26:07 - [MESSAGE][PASSED] - All options with index in [5] are selected on object 'Object Repository/HealthpostToCms/Page_HealthPost Store/select_--Select--Adernaline 0.'

2018-06-10 02:26:07 - [TEST_STEP][PASSED] - setText: Text '100' is set on object 'Object Repository/HealthpostToCms/Page_HealthPost Store/input_txttreat'

2018-06-10 02:26:07 - [MESSAGE][PASSED] - Text '100' is set on object 'Object Repository/HealthpostToCms/Page_HealthPost Store/input_txttreat'

2018-06-10 02:26:07 - [TEST_STEP][PASSED] - click: Object: 'Object Repository/HealthpostToCms/Page_HealthPost Store/button_Add' is clicked on

2018-06-10 02:26:07 - [MESSAGE][PASSED] - Object: 'Object Repository/HealthpostToCms/Page_HealthPost Store/button_Add' is clicked on

2018-06-10 02:26:07 - [TEST_STEP][PASSED] - delay: Delayed 2 second(s)

2018-06-10 02:26:09 - [MESSAGE][PASSED] - Delayed 2 second(s)

2018-06-10 02:26:09 - [TEST_STEP][PASSED] - selectOptionByIndex: All options with index in [11] are selected on object 'Object Repository/HealthpostToCms/Page_HealthPost Store/select_--Select--Schedule 1Inj'

2018-06-10 02:26:09 - [MESSAGE][PASSED] - All options with index in [11] are selected on object 'Object Repository/HealthpostToCms/Page_HealthPost Store/select_--Select--Schedule 1Inj'

2018-06-10 02:26:09 - [TEST_STEP][PASSED] - delay: Delayed 1 second(s)

2018-06-10 02:26:10 - [MESSAGE][PASSED] - Delayed 1 second(s)

2018-06-10 02:26:10 - [TEST_STEP][PASSED] - selectOptionByIndex: All options with index in [6] are selected on object 'Object Repository/HealthpostToCms/Page_HealthPost Store/select_--Select--Adernaline 0.'

2018-06-10 02:26:10 - [MESSAGE][PASSED] - All options with index in [6] are selected on object 'Object Repository/HealthpostToCms/Page_HealthPost Store/select_--Select--Adernaline 0.'

2018-06-10 02:26:10 - [TEST_STEP][PASSED] - setText: Text '100' is set on object 'Object Repository/HealthpostToCms/Page_HealthPost Store/input_txttreat'

2018-06-10 02:26:10 - [MESSAGE][PASSED] - Text '100' is set on object 'Object Repository/HealthpostToCms/Page_HealthPost Store/input_txttreat'

2018-06-10 02:26:10 - [TEST_STEP][PASSED] - click: Object: 'Object Repository/HealthpostToCms/Page_HealthPost Store/button_Add' is clicked on

2018-06-10 02:26:10 - [MESSAGE][PASSED] - Object: 'Object Repository/HealthpostToCms/Page_HealthPost Store/button_Add' is clicked on

2018-06-10 02:26:10 - [TEST_STEP][PASSED] - delay: Delayed 2 second(s)

2018-06-10 02:26:12 - [MESSAGE][PASSED] - Delayed 2 second(s)

2018-06-10 02:26:12 - [TEST_STEP][PASSED] - selectOptionByIndex: All options with index in [11] are selected on object 'Object Repository/HealthpostToCms/Page_HealthPost Store/select_--Select--Schedule 1Inj'

2018-06-10 02:26:13 - [MESSAGE][PASSED] - All options with index in [11] are selected on object 'Object Repository/HealthpostToCms/Page_HealthPost Store/select_--Select--Schedule 1Inj'

2018-06-10 02:26:13 - [TEST_STEP][PASSED] - delay: Delayed 1 second(s)

2018-06-10 02:26:14 - [MESSAGE][PASSED] - Delayed 1 second(s)

2018-06-10 02:26:14 - [TEST_STEP][PASSED] - selectOptionByIndex: All options with index in [7] are selected on object 'Object Repository/HealthpostToCms/Page_HealthPost Store/select_--Select--Adernaline 0.'

2018-06-10 02:26:14 - [MESSAGE][PASSED] - All options with index in [7] are selected on object 'Object Repository/HealthpostToCms/Page_HealthPost Store/select_--Select--Adernaline 0.'

2018-06-10 02:26:14 - [TEST_STEP][PASSED] - setText: Text '100' is set on object 'Object Repository/HealthpostToCms/Page_HealthPost Store/input_txttreat'

2018-06-10 02:26:14 - [MESSAGE][PASSED] - Text '100' is set on object 'Object Repository/HealthpostToCms/Page_HealthPost Store/input_txttreat'

2018-06-10 02:26:14 - [TEST_STEP][PASSED] - click: Object: 'Object Repository/HealthpostToCms/Page_HealthPost Store/button_Add' is clicked on

2018-06-10 02:26:14 - [MESSAGE][PASSED] - Object: 'Object Repository/HealthpostToCms/Page_HealthPost Store/button_Add' is clicked on

2018-06-10 02:26:14 - [TEST_STEP][PASSED] - delay: Delayed 2 second(s)

2018-06-10 02:26:16 - [MESSAGE][PASSED] - Delayed 2 second(s)

2018-06-10 02:26:16 - [TEST_STEP][PASSED] - selectOptionByIndex: All options with index in [11] are selected on object 'Object Repository/HealthpostToCms/Page_HealthPost Store/select_--Select--Schedule 1Inj'

2018-06-10 02:26:16 - [MESSAGE][PASSED] - All options with index in [11] are selected on object 'Object Repository/HealthpostToCms/Page_HealthPost Store/select_--Select--Schedule 1Inj'

2018-06-10 02:26:16 - [TEST_STEP][PASSED] - delay: Delayed 1 second(s)

2018-06-10 02:26:17 - [MESSAGE][PASSED] - Delayed 1 second(s)

2018-06-10 02:26:17 - [TEST_STEP][PASSED] - selectOptionByIndex: All options with index in [8] are selected on object 'Object Repository/HealthpostToCms/Page_HealthPost Store/select_--Select--Adernaline 0.'

2018-06-10 02:26:17 - [MESSAGE][PASSED] - All options with index in [8] are selected on object 'Object Repository/HealthpostToCms/Page_HealthPost Store/select_--Select--Adernaline 0.'

2018-06-10 02:26:17 - [TEST_STEP][PASSED] - setText: Text '100' is set on object 'Object Repository/HealthpostToCms/Page_HealthPost Store/input_txttreat'

2018-06-10 02:26:18 - [MESSAGE][PASSED] - Text '100' is set on object 'Object Repository/HealthpostToCms/Page_HealthPost Store/input_txttreat'

2018-06-10 02:26:18 - [TEST_STEP][PASSED] - click: Object: 'Object Repository/HealthpostToCms/Page_HealthPost Store/button_Add' is clicked on

2018-06-10 02:26:18 - [MESSAGE][PASSED] - Object: 'Object Repository/HealthpostToCms/Page_HealthPost Store/button_Add' is clicked on

2018-06-10 02:26:18 - [TEST_STEP][PASSED] - delay: Delayed 2 second(s)

2018-06-10 02:26:20 - [MESSAGE][PASSED] - Delayed 2 second(s)

2018-06-10 02:26:20 - [TEST_STEP][PASSED] - selectOptionByIndex: All options with index in [11] are selected on object 'Object Repository/HealthpostToCms/Page_HealthPost Store/select_--Select--Schedule 1Inj'

2018-06-10 02:26:20 - [MESSAGE][PASSED] - All options with index in [11] are selected on object 'Object Repository/HealthpostToCms/Page_HealthPost Store/select_--Select--Schedule 1Inj'

2018-06-10 02:26:20 - [TEST_STEP][PASSED] - delay: Delayed 1 second(s)

2018-06-10 02:26:21 - [MESSAGE][PASSED] - Delayed 1 second(s)

2018-06-10 02:26:21 - [TEST_STEP][PASSED] - selectOptionByIndex: All options with index in [9] are selected on object 'Object Repository/HealthpostToCms/Page_HealthPost Store/select_--Select--Adernaline 0.'

2018-06-10 02:26:21 - [MESSAGE][PASSED] - All options with index in [9] are selected on object 'Object Repository/HealthpostToCms/Page_HealthPost Store/select_--Select--Adernaline 0.'

2018-06-10 02:26:21 - [TEST_STEP][PASSED] - setText: Text '100' is set on object 'Object Repository/HealthpostToCms/Page_HealthPost Store/input_txttreat'

2018-06-10 02:26:21 - [MESSAGE][PASSED] - Text '100' is set on object 'Object Repository/HealthpostToCms/Page_HealthPost Store/input_txttreat'

2018-06-10 02:26:21 - [TEST_STEP][PASSED] - click: Object: 'Object Repository/HealthpostToCms/Page_HealthPost Store/button_Add' is clicked on

2018-06-10 02:26:21 - [MESSAGE][PASSED] - Object: 'Object Repository/HealthpostToCms/Page_HealthPost Store/button_Add' is clicked on

2018-06-10 02:26:21 - [TEST_STEP][PASSED] - delay: Delayed 2 second(s)

2018-06-10 02:26:23 - [MESSAGE][PASSED] - Delayed 2 second(s)

2018-06-10 02:26:23 - [TEST_STEP][PASSED] - selectOptionByIndex: All options with index in [11] are selected on object 'Object Repository/HealthpostToCms/Page_HealthPost Store/select_--Select--Schedule 1Inj'

2018-06-10 02:26:23 - [MESSAGE][PASSED] - All options with index in [11] are selected on object 'Object Repository/HealthpostToCms/Page_HealthPost Store/select_--Select--Schedule 1Inj'

2018-06-10 02:26:23 - [TEST_STEP][PASSED] - delay: Delayed 1 second(s)

2018-06-10 02:26:24 - [MESSAGE][PASSED] - Delayed 1 second(s)

2018-06-10 02:26:24 - [TEST_STEP][PASSED] - selectOptionByIndex: All options with index in [10] are selected on object 'Object Repository/HealthpostToCms/Page_HealthPost Store/select_--Select--Adernaline 0.'

2018-06-10 02:26:25 - [MESSAGE][PASSED] - All options with index in [10] are selected on object 'Object Repository/HealthpostToCms/Page_HealthPost Store/select_--Select--Adernaline 0.'

2018-06-10 02:26:25 - [TEST_STEP][PASSED] - setText: Text '100' is set on object 'Object Repository/HealthpostToCms/Page_HealthPost Store/input_txttreat'

2018-06-10 02:26:25 - [MESSAGE][PASSED] - Text '100' is set on object 'Object Repository/HealthpostToCms/Page_HealthPost Store/input_txttreat'

2018-06-10 02:26:25 - [TEST_STEP][PASSED] - click: Object: 'Object Repository/HealthpostToCms/Page_HealthPost Store/button_Add' is clicked on

2018-06-10 02:26:25 - [MESSAGE][PASSED] - Object: 'Object Repository/HealthpostToCms/Page_HealthPost Store/button_Add' is clicked on

2018-06-10 02:26:25 - [TEST_STEP][PASSED] - delay: Delayed 2 second(s)

2018-06-10 02:26:27 - [MESSAGE][PASSED] - Delayed 2 second(s)

2018-06-10 02:26:27 - [TEST_STEP][PASSED] - selectOptionByIndex: All options with index in [11] are selected on object 'Object Repository/HealthpostToCms/Page_HealthPost Store/select_--Select--Schedule 1Inj'

2018-06-10 02:26:27 - [MESSAGE][PASSED] - All options with index in [11] are selected on object 'Object Repository/HealthpostToCms/Page_HealthPost Store/select_--Select--Schedule 1Inj'

2018-06-10 02:26:27 - [TEST_STEP][PASSED] - delay: Delayed 1 second(s)

2018-06-10 02:26:28 - [MESSAGE][PASSED] - Delayed 1 second(s)

2018-06-10 02:26:28 - [TEST_STEP][PASSED] - selectOptionByIndex: All options with index in [11] are selected on object 'Object Repository/HealthpostToCms/Page_HealthPost Store/select_--Select--Adernaline 0.'

2018-06-10 02:26:28 - [MESSAGE][PASSED] - All options with index in [11] are selected on object 'Object Repository/HealthpostToCms/Page_HealthPost Store/select_--Select--Adernaline 0.'

2018-06-10 02:26:28 - [TEST_STEP][PASSED] - setText: Text '100' is set on object 'Object Repository/HealthpostToCms/Page_HealthPost Store/input_txttreat'

2018-06-10 02:26:28 - [MESSAGE][PASSED] - Text '100' is set on object 'Object Repository/HealthpostToCms/Page_HealthPost Store/input_txttreat'

2018-06-10 02:26:28 - [TEST_STEP][PASSED] - click: Object: 'Object Repository/HealthpostToCms/Page_HealthPost Store/button_Add' is clicked on

2018-06-10 02:26:29 - [MESSAGE][PASSED] - Object: 'Object Repository/HealthpostToCms/Page_HealthPost Store/button_Add' is clicked on

2018-06-10 02:26:29 - [TEST_STEP][PASSED] - delay: Delayed 2 second(s)

2018-06-10 02:26:31 - [MESSAGE][PASSED] - Delayed 2 second(s)

2018-06-10 02:26:31 - [TEST_STEP][PASSED] - selectOptionByIndex: All options with index in [11] are selected on object 'Object Repository/HealthpostToCms/Page_HealthPost Store/select_--Select--Schedule 1Inj'

2018-06-10 02:26:31 - [MESSAGE][PASSED] - All options with index in [11] are selected on object 'Object Repository/HealthpostToCms/Page_HealthPost Store/select_--Select--Schedule 1Inj'

2018-06-10 02:26:31 - [TEST_STEP][PASSED] - delay: Delayed 1 second(s)

2018-06-10 02:26:32 - [MESSAGE][PASSED] - Delayed 1 second(s)

2018-06-10 02:26:32 - [TEST_STEP][PASSED] - selectOptionByIndex: All options with index in [12] are selected on object 'Object Repository/HealthpostToCms/Page_HealthPost Store/select_--Select--Adernaline 0.'

2018-06-10 02:26:32 - [MESSAGE][PASSED] - All options with index in [12] are selected on object 'Object Repository/HealthpostToCms/Page_HealthPost Store/select_--Select--Adernaline 0.'

2018-06-10 02:26:32 - [TEST_STEP][PASSED] - setText: Text '100' is set on object 'Object Repository/HealthpostToCms/Page_HealthPost Store/input_txttreat'

2018-06-10 02:26:32 - [MESSAGE][PASSED] - Text '100' is set on object 'Object Repository/HealthpostToCms/Page_HealthPost Store/input_txttreat'

2018-06-10 02:26:32 - [TEST_STEP][PASSED] - click: Object: 'Object Repository/HealthpostToCms/Page_HealthPost Store/button_Add' is clicked on

2018-06-10 02:26:32 - [MESSAGE][PASSED] - Object: 'Object Repository/HealthpostToCms/Page_HealthPost Store/button_Add' is clicked on

2018-06-10 02:26:32 - [TEST_STEP][PASSED] - delay: Delayed 2 second(s)

2018-06-10 02:26:34 - [MESSAGE][PASSED] - Delayed 2 second(s)

2018-06-10 02:26:34 - [TEST_STEP][PASSED] - selectOptionByIndex: All options with index in [11] are selected on object 'Object Repository/HealthpostToCms/Page_HealthPost Store/select_--Select--Schedule 1Inj'

2018-06-10 02:26:34 - [MESSAGE][PASSED] - All options with index in [11] are selected on object 'Object Repository/HealthpostToCms/Page_HealthPost Store/select_--Select--Schedule 1Inj'

2018-06-10 02:26:34 - [TEST_STEP][PASSED] - delay: Delayed 1 second(s)

2018-06-10 02:26:35 - [MESSAGE][PASSED] - Delayed 1 second(s)

2018-06-10 02:26:35 - [TEST_STEP][PASSED] - selectOptionByIndex: All options with index in [13] are selected on object 'Object Repository/HealthpostToCms/Page_HealthPost Store/select_--Select--Adernaline 0.'

2018-06-10 02:26:36 - [MESSAGE][PASSED] - All options with index in [13] are selected on object 'Object Repository/HealthpostToCms/Page_HealthPost Store/select_--Select--Adernaline 0.'

2018-06-10 02:26:36 - [TEST_STEP][PASSED] - setText: Text '100' is set on object 'Object Repository/HealthpostToCms/Page_HealthPost Store/input_txttreat'

2018-06-10 02:26:36 - [MESSAGE][PASSED] - Text '100' is set on object 'Object Repository/HealthpostToCms/Page_HealthPost Store/input_txttreat'

2018-06-10 02:26:36 - [TEST_STEP][PASSED] - click: Object: 'Object Repository/HealthpostToCms/Page_HealthPost Store/button_Add' is clicked on

2018-06-10 02:26:36 - [MESSAGE][PASSED] - Object: 'Object Repository/HealthpostToCms/Page_HealthPost Store/button_Add' is clicked on

2018-06-10 02:26:36 - [TEST_STEP][PASSED] - delay: Delayed 2 second(s)

2018-06-10 02:26:38 - [MESSAGE][PASSED] - Delayed 2 second(s)

2018-06-10 02:26:38 - [TEST_STEP][PASSED] - selectOptionByIndex: All options with index in [11] are selected on object 'Object Repository/HealthpostToCms/Page_HealthPost Store/select_--Select--Schedule 1Inj'

2018-06-10 02:26:38 - [MESSAGE][PASSED] - All options with index in [11] are selected on object 'Object Repository/HealthpostToCms/Page_HealthPost Store/select_--Select--Schedule 1Inj'

2018-06-10 02:26:38 - [TEST_STEP][PASSED] - delay: Delayed 1 second(s)

2018-06-10 02:26:39 - [MESSAGE][PASSED] - Delayed 1 second(s)

2018-06-10 02:26:39 - [TEST_STEP][PASSED] - selectOptionByIndex: All options with index in [14] are selected on object 'Object Repository/HealthpostToCms/Page_HealthPost Store/select_--Select--Adernaline 0.'

2018-06-10 02:26:40 - [MESSAGE][PASSED] - All options with index in [14] are selected on object 'Object Repository/HealthpostToCms/Page_HealthPost Store/select_--Select--Adernaline 0.'

2018-06-10 02:26:40 - [TEST_STEP][PASSED] - setText: Text '100' is set on object 'Object Repository/HealthpostToCms/Page_HealthPost Store/input_txttreat'

2018-06-10 02:26:40 - [MESSAGE][PASSED] - Text '100' is set on object 'Object Repository/HealthpostToCms/Page_HealthPost Store/input_txttreat'

2018-06-10 02:26:40 - [TEST_STEP][PASSED] - click: Object: 'Object Repository/HealthpostToCms/Page_HealthPost Store/button_Add' is clicked on

2018-06-10 02:26:40 - [MESSAGE][PASSED] - Object: 'Object Repository/HealthpostToCms/Page_HealthPost Store/button_Add' is clicked on

2018-06-10 02:26:40 - [TEST_STEP][PASSED] - delay: Delayed 2 second(s)

2018-06-10 02:26:42 - [MESSAGE][PASSED] - Delayed 2 second(s)

2018-06-10 02:26:42 - [TEST_STEP][PASSED] - selectOptionByIndex: All options with index in [11] are selected on object 'Object Repository/HealthpostToCms/Page_HealthPost Store/select_--Select--Schedule 1Inj'

2018-06-10 02:26:42 - [MESSAGE][PASSED] - All options with index in [11] are selected on object 'Object Repository/HealthpostToCms/Page_HealthPost Store/select_--Select--Schedule 1Inj'

2018-06-10 02:26:42 - [TEST_STEP][PASSED] - delay: Delayed 1 second(s)

2018-06-10 02:26:43 - [MESSAGE][PASSED] - Delayed 1 second(s)

2018-06-10 02:26:43 - [TEST_STEP][PASSED] - selectOptionByIndex: All options with index in [15] are selected on object 'Object Repository/HealthpostToCms/Page_HealthPost Store/select_--Select--Adernaline 0.'

2018-06-10 02:26:43 - [MESSAGE][PASSED] - All options with index in [15] are selected on object 'Object Repository/HealthpostToCms/Page_HealthPost Store/select_--Select--Adernaline 0.'

2018-06-10 02:26:43 - [TEST_STEP][PASSED] - setText: Text '100' is set on object 'Object Repository/HealthpostToCms/Page_HealthPost Store/input_txttreat'

2018-06-10 02:26:43 - [MESSAGE][PASSED] - Text '100' is set on object 'Object Repository/HealthpostToCms/Page_HealthPost Store/input_txttreat'

2018-06-10 02:26:43 - [TEST_STEP][PASSED] - click: Object: 'Object Repository/HealthpostToCms/Page_HealthPost Store/button_Add' is clicked on

2018-06-10 02:26:43 - [MESSAGE][PASSED] - Object: 'Object Repository/HealthpostToCms/Page_HealthPost Store/button_Add' is clicked on

2018-06-10 02:26:43 - [TEST_STEP][PASSED] - delay: Delayed 2 second(s)

2018-06-10 02:26:45 - [MESSAGE][PASSED] - Delayed 2 second(s)

2018-06-10 02:26:45 - [TEST_STEP][PASSED] - selectOptionByIndex: All options with index in [11] are selected on object 'Object Repository/HealthpostToCms/Page_HealthPost Store/select_--Select--Schedule 1Inj'

2018-06-10 02:26:46 - [MESSAGE][PASSED] - All options with index in [11] are selected on object 'Object Repository/HealthpostToCms/Page_HealthPost Store/select_--Select--Schedule 1Inj'

2018-06-10 02:26:46 - [TEST_STEP][PASSED] - delay: Delayed 1 second(s)

2018-06-10 02:26:47 - [MESSAGE][PASSED] - Delayed 1 second(s)

2018-06-10 02:26:47 - [TEST_STEP][PASSED] - selectOptionByIndex: All options with index in [16] are selected on object 'Object Repository/HealthpostToCms/Page_HealthPost Store/select_--Select--Adernaline 0.'

2018-06-10 02:26:47 - [MESSAGE][PASSED] - All options with index in [16] are selected on object 'Object Repository/HealthpostToCms/Page_HealthPost Store/select_--Select--Adernaline 0.'

2018-06-10 02:26:47 - [TEST_STEP][PASSED] - setText: Text '100' is set on object 'Object Repository/HealthpostToCms/Page_HealthPost Store/input_txttreat'

2018-06-10 02:26:47 - [MESSAGE][PASSED] - Text '100' is set on object 'Object Repository/HealthpostToCms/Page_HealthPost Store/input_txttreat'

2018-06-10 02:26:47 - [TEST_STEP][PASSED] - click: Object: 'Object Repository/HealthpostToCms/Page_HealthPost Store/button_Add' is clicked on

2018-06-10 02:26:47 - [MESSAGE][PASSED] - Object: 'Object Repository/HealthpostToCms/Page_HealthPost Store/button_Add' is clicked on

2018-06-10 02:26:47 - [TEST_STEP][PASSED] - delay: Delayed 2 second(s)

2018-06-10 02:26:49 - [MESSAGE][PASSED] - Delayed 2 second(s)

2018-06-10 02:26:49 - [TEST_STEP][PASSED] - selectOptionByIndex: All options with index in [11] are selected on object 'Object Repository/HealthpostToCms/Page_HealthPost Store/select_--Select--Schedule 1Inj'

2018-06-10 02:26:49 - [MESSAGE][PASSED] - All options with index in [11] are selected on object 'Object Repository/HealthpostToCms/Page_HealthPost Store/select_--Select--Schedule 1Inj'

2018-06-10 02:26:49 - [TEST_STEP][PASSED] - delay: Delayed 1 second(s)

2018-06-10 02:26:50 - [MESSAGE][PASSED] - Delayed 1 second(s)

2018-06-10 02:26:50 - [TEST_STEP][PASSED] - selectOptionByIndex: All options with index in [17] are selected on object 'Object Repository/HealthpostToCms/Page_HealthPost Store/select_--Select--Adernaline 0.'

2018-06-10 02:26:51 - [MESSAGE][PASSED] - All options with index in [17] are selected on object 'Object Repository/HealthpostToCms/Page_HealthPost Store/select_--Select--Adernaline 0.'

2018-06-10 02:26:51 - [TEST_STEP][PASSED] - setText: Text '100' is set on object 'Object Repository/HealthpostToCms/Page_HealthPost Store/input_txttreat'

2018-06-10 02:26:51 - [MESSAGE][PASSED] - Text '100' is set on object 'Object Repository/HealthpostToCms/Page_HealthPost Store/input_txttreat'

2018-06-10 02:26:51 - [TEST_STEP][PASSED] - click: Object: 'Object Repository/HealthpostToCms/Page_HealthPost Store/button_Add' is clicked on

2018-06-10 02:26:51 - [MESSAGE][PASSED] - Object: 'Object Repository/HealthpostToCms/Page_HealthPost Store/button_Add' is clicked on

2018-06-10 02:26:51 - [TEST_STEP][PASSED] - delay: Delayed 2 second(s)

2018-06-10 02:26:53 - [MESSAGE][PASSED] - Delayed 2 second(s)

2018-06-10 02:26:53 - [TEST_STEP][PASSED] - selectOptionByIndex: All options with index in [11] are selected on object 'Object Repository/HealthpostToCms/Page_HealthPost Store/select_--Select--Schedule 1Inj'

2018-06-10 02:26:53 - [MESSAGE][PASSED] - All options with index in [11] are selected on object 'Object Repository/HealthpostToCms/Page_HealthPost Store/select_--Select--Schedule 1Inj'

2018-06-10 02:26:53 - [TEST_STEP][PASSED] - delay: Delayed 1 second(s)

2018-06-10 02:26:54 - [MESSAGE][PASSED] - Delayed 1 second(s)

2018-06-10 02:26:54 - [TEST_STEP][PASSED] - selectOptionByIndex: All options with index in [18] are selected on object 'Object Repository/HealthpostToCms/Page_HealthPost Store/select_--Select--Adernaline 0.'

2018-06-10 02:26:54 - [MESSAGE][PASSED] - All options with index in [18] are selected on object 'Object Repository/HealthpostToCms/Page_HealthPost Store/select_--Select--Adernaline 0.'

2018-06-10 02:26:54 - [TEST_STEP][PASSED] - setText: Text '100' is set on object 'Object Repository/HealthpostToCms/Page_HealthPost Store/input_txttreat'

2018-06-10 02:26:54 - [MESSAGE][PASSED] - Text '100' is set on object 'Object Repository/HealthpostToCms/Page_HealthPost Store/input_txttreat'

2018-06-10 02:26:54 - [TEST_STEP][PASSED] - click: Object: 'Object Repository/HealthpostToCms/Page_HealthPost Store/button_Add' is clicked on

2018-06-10 02:26:55 - [MESSAGE][PASSED] - Object: 'Object Repository/HealthpostToCms/Page_HealthPost Store/button_Add' is clicked on

2018-06-10 02:26:55 - [TEST_STEP][PASSED] - delay: Delayed 2 second(s)

2018-06-10 02:26:57 - [MESSAGE][PASSED] - Delayed 2 second(s)

2018-06-10 02:26:57 - [TEST_STEP][PASSED] - selectOptionByIndex: All options with index in [11] are selected on object 'Object Repository/HealthpostToCms/Page_HealthPost Store/select_--Select--Schedule 1Inj'

2018-06-10 02:26:57 - [MESSAGE][PASSED] - All options with index in [11] are selected on object 'Object Repository/HealthpostToCms/Page_HealthPost Store/select_--Select--Schedule 1Inj'

2018-06-10 02:26:57 - [TEST_STEP][PASSED] - delay: Delayed 1 second(s)

2018-06-10 02:26:58 - [MESSAGE][PASSED] - Delayed 1 second(s)

2018-06-10 02:26:58 - [TEST_STEP][PASSED] - selectOptionByIndex: All options with index in [19] are selected on object 'Object Repository/HealthpostToCms/Page_HealthPost Store/select_--Select--Adernaline 0.'

2018-06-10 02:26:58 - [MESSAGE][PASSED] - All options with index in [19] are selected on object 'Object Repository/HealthpostToCms/Page_HealthPost Store/select_--Select--Adernaline 0.'

2018-06-10 02:26:58 - [TEST_STEP][PASSED] - setText: Text '100' is set on object 'Object Repository/HealthpostToCms/Page_HealthPost Store/input_txttreat'

2018-06-10 02:26:58 - [MESSAGE][PASSED] - Text '100' is set on object 'Object Repository/HealthpostToCms/Page_HealthPost Store/input_txttreat'

2018-06-10 02:26:58 - [TEST_STEP][PASSED] - click: Object: 'Object Repository/HealthpostToCms/Page_HealthPost Store/button_Add' is clicked on

2018-06-10 02:26:58 - [MESSAGE][PASSED] - Object: 'Object Repository/HealthpostToCms/Page_HealthPost Store/button_Add' is clicked on

2018-06-10 02:26:58 - [TEST_STEP][PASSED] - delay: Delayed 2 second(s)

2018-06-10 02:27:00 - [MESSAGE][PASSED] - Delayed 2 second(s)

2018-06-10 02:27:00 - [TEST_STEP][PASSED] - selectOptionByIndex: All options with index in [11] are selected on object 'Object Repository/HealthpostToCms/Page_HealthPost Store/select_--Select--Schedule 1Inj'

2018-06-10 02:27:00 - [MESSAGE][PASSED] - All options with index in [11] are selected on object 'Object Repository/HealthpostToCms/Page_HealthPost Store/select_--Select--Schedule 1Inj'

2018-06-10 02:27:00 - [TEST_STEP][PASSED] - delay: Delayed 1 second(s)

2018-06-10 02:27:01 - [MESSAGE][PASSED] - Delayed 1 second(s)

2018-06-10 02:27:01 - [TEST_STEP][PASSED] - selectOptionByIndex: All options with index in [20] are selected on object 'Object Repository/HealthpostToCms/Page_HealthPost Store/select_--Select--Adernaline 0.'

2018-06-10 02:27:02 - [MESSAGE][PASSED] - All options with index in [20] are selected on object 'Object Repository/HealthpostToCms/Page_HealthPost Store/select_--Select--Adernaline 0.'

2018-06-10 02:27:02 - [TEST_STEP][PASSED] - setText: Text '100' is set on object 'Object Repository/HealthpostToCms/Page_HealthPost Store/input_txttreat'

2018-06-10 02:27:02 - [MESSAGE][PASSED] - Text '100' is set on object 'Object Repository/HealthpostToCms/Page_HealthPost Store/input_txttreat'

2018-06-10 02:27:02 - [TEST_STEP][PASSED] - click: Object: 'Object Repository/HealthpostToCms/Page_HealthPost Store/button_Add' is clicked on

2018-06-10 02:27:02 - [MESSAGE][PASSED] - Object: 'Object Repository/HealthpostToCms/Page_HealthPost Store/button_Add' is clicked on

2018-06-10 02:27:02 - [TEST_STEP][PASSED] - delay: Delayed 2 second(s)

2018-06-10 02:27:04 - [MESSAGE][PASSED] - Delayed 2 second(s)

2018-06-10 02:27:04 - [TEST_STEP][PASSED] - selectOptionByIndex: All options with index in [11] are selected on object 'Object Repository/HealthpostToCms/Page_HealthPost Store/select_--Select--Schedule 1Inj'

2018-06-10 02:27:04 - [MESSAGE][PASSED] - All options with index in [11] are selected on object 'Object Repository/HealthpostToCms/Page_HealthPost Store/select_--Select--Schedule 1Inj'

2018-06-10 02:27:04 - [TEST_STEP][PASSED] - delay: Delayed 1 second(s)

2018-06-10 02:27:05 - [MESSAGE][PASSED] - Delayed 1 second(s)

2018-06-10 02:27:05 - [TEST_STEP][PASSED] - selectOptionByIndex: All options with index in [21] are selected on object 'Object Repository/HealthpostToCms/Page_HealthPost Store/select_--Select--Adernaline 0.'

2018-06-10 02:27:06 - [MESSAGE][PASSED] - All options with index in [21] are selected on object 'Object Repository/HealthpostToCms/Page_HealthPost Store/select_--Select--Adernaline 0.'

2018-06-10 02:27:06 - [TEST_STEP][PASSED] - setText: Text '100' is set on object 'Object Repository/HealthpostToCms/Page_HealthPost Store/input_txttreat'

2018-06-10 02:27:06 - [MESSAGE][PASSED] - Text '100' is set on object 'Object Repository/HealthpostToCms/Page_HealthPost Store/input_txttreat'

2018-06-10 02:27:06 - [TEST_STEP][PASSED] - click: Object: 'Object Repository/HealthpostToCms/Page_HealthPost Store/button_Add' is clicked on

2018-06-10 02:27:06 - [MESSAGE][PASSED] - Object: 'Object Repository/HealthpostToCms/Page_HealthPost Store/button_Add' is clicked on

2018-06-10 02:27:06 - [TEST_STEP][PASSED] - delay: Delayed 2 second(s)

2018-06-10 02:27:08 - [MESSAGE][PASSED] - Delayed 2 second(s)

2018-06-10 02:27:08 - [TEST_STEP][PASSED] - selectOptionByIndex: All options with index in [11] are selected on object 'Object Repository/HealthpostToCms/Page_HealthPost Store/select_--Select--Schedule 1Inj'

2018-06-10 02:27:08 - [MESSAGE][PASSED] - All options with index in [11] are selected on object 'Object Repository/HealthpostToCms/Page_HealthPost Store/select_--Select--Schedule 1Inj'

2018-06-10 02:27:08 - [TEST_STEP][PASSED] - delay: Delayed 1 second(s)

2018-06-10 02:27:09 - [MESSAGE][PASSED] - Delayed 1 second(s)

2018-06-10 02:27:09 - [TEST_STEP][PASSED] - selectOptionByIndex: All options with index in [22] are selected on object 'Object Repository/HealthpostToCms/Page_HealthPost Store/select_--Select--Adernaline 0.'

2018-06-10 02:27:09 - [MESSAGE][PASSED] - All options with index in [22] are selected on object 'Object Repository/HealthpostToCms/Page_HealthPost Store/select_--Select--Adernaline 0.'

2018-06-10 02:27:09 - [TEST_STEP][PASSED] - setText: Text '100' is set on object 'Object Repository/HealthpostToCms/Page_HealthPost Store/input_txttreat'

2018-06-10 02:27:09 - [MESSAGE][PASSED] - Text '100' is set on object 'Object Repository/HealthpostToCms/Page_HealthPost Store/input_txttreat'

2018-06-10 02:27:09 - [TEST_STEP][PASSED] - click: Object: 'Object Repository/HealthpostToCms/Page_HealthPost Store/button_Add' is clicked on

2018-06-10 02:27:09 - [MESSAGE][PASSED] - Object: 'Object Repository/HealthpostToCms/Page_HealthPost Store/button_Add' is clicked on

2018-06-10 02:27:09 - [TEST_STEP][PASSED] - delay: Delayed 2 second(s)

2018-06-10 02:27:11 - [MESSAGE][PASSED] - Delayed 2 second(s)

2018-06-10 02:27:11 - [TEST_STEP][PASSED] - selectOptionByIndex: All options with index in [11] are selected on object 'Object Repository/HealthpostToCms/Page_HealthPost Store/select_--Select--Schedule 1Inj'

2018-06-10 02:27:12 - [MESSAGE][PASSED] - All options with index in [11] are selected on object 'Object Repository/HealthpostToCms/Page_HealthPost Store/select_--Select--Schedule 1Inj'

2018-06-10 02:27:12 - [TEST_STEP][PASSED] - delay: Delayed 1 second(s)

2018-06-10 02:27:13 - [MESSAGE][PASSED] - Delayed 1 second(s)

2018-06-10 02:27:13 - [TEST_STEP][PASSED] - selectOptionByIndex: All options with index in [23] are selected on object 'Object Repository/HealthpostToCms/Page_HealthPost Store/select_--Select--Adernaline 0.'

2018-06-10 02:27:13 - [MESSAGE][PASSED] - All options with index in [23] are selected on object 'Object Repository/HealthpostToCms/Page_HealthPost Store/select_--Select--Adernaline 0.'

2018-06-10 02:27:13 - [TEST_STEP][PASSED] - setText: Text '100' is set on object 'Object Repository/HealthpostToCms/Page_HealthPost Store/input_txttreat'

2018-06-10 02:27:13 - [MESSAGE][PASSED] - Text '100' is set on object 'Object Repository/HealthpostToCms/Page_HealthPost Store/input_txttreat'

2018-06-10 02:27:13 - [TEST_STEP][PASSED] - click: Object: 'Object Repository/HealthpostToCms/Page_HealthPost Store/button_Add' is clicked on

2018-06-10 02:27:13 - [MESSAGE][PASSED] - Object: 'Object Repository/HealthpostToCms/Page_HealthPost Store/button_Add' is clicked on

2018-06-10 02:27:13 - [TEST_STEP][PASSED] - delay: Delayed 2 second(s)

2018-06-10 02:27:15 - [MESSAGE][PASSED] - Delayed 2 second(s)

2018-06-10 02:27:15 - [TEST_STEP][PASSED] - selectOptionByIndex: All options with index in [11] are selected on object 'Object Repository/HealthpostToCms/Page_HealthPost Store/select_--Select--Schedule 1Inj'

2018-06-10 02:27:16 - [MESSAGE][PASSED] - All options with index in [11] are selected on object 'Object Repository/HealthpostToCms/Page_HealthPost Store/select_--Select--Schedule 1Inj'

2018-06-10 02:27:16 - [TEST_STEP][PASSED] - delay: Delayed 1 second(s)

2018-06-10 02:27:17 - [MESSAGE][PASSED] - Delayed 1 second(s)

2018-06-10 02:27:17 - [TEST_STEP][PASSED] - selectOptionByIndex: All options with index in [24] are selected on object 'Object Repository/HealthpostToCms/Page_HealthPost Store/select_--Select--Adernaline 0.'

2018-06-10 02:27:17 - [MESSAGE][PASSED] - All options with index in [24] are selected on object 'Object Repository/HealthpostToCms/Page_HealthPost Store/select_--Select--Adernaline 0.'

2018-06-10 02:27:17 - [TEST_STEP][PASSED] - setText: Text '100' is set on object 'Object Repository/HealthpostToCms/Page_HealthPost Store/input_txttreat'

2018-06-10 02:27:17 - [MESSAGE][PASSED] - Text '100' is set on object 'Object Repository/HealthpostToCms/Page_HealthPost Store/input_txttreat'

2018-06-10 02:27:17 - [TEST_STEP][PASSED] - click: Object: 'Object Repository/HealthpostToCms/Page_HealthPost Store/button_Add' is clicked on

2018-06-10 02:27:17 - [MESSAGE][PASSED] - Object: 'Object Repository/HealthpostToCms/Page_HealthPost Store/button_Add' is clicked on

2018-06-10 02:27:17 - [TEST_STEP][PASSED] - delay: Delayed 2 second(s)

2018-06-10 02:27:19 - [MESSAGE][PASSED] - Delayed 2 second(s)

2018-06-10 02:27:19 - [TEST_STEP][PASSED] - selectOptionByIndex: All options with index in [11] are selected on object 'Object Repository/HealthpostToCms/Page_HealthPost Store/select_--Select--Schedule 1Inj'

2018-06-10 02:27:19 - [MESSAGE][PASSED] - All options with index in [11] are selected on object 'Object Repository/HealthpostToCms/Page_HealthPost Store/select_--Select--Schedule 1Inj'

2018-06-10 02:27:19 - [TEST_STEP][PASSED] - delay: Delayed 1 second(s)

2018-06-10 02:27:20 - [MESSAGE][PASSED] - Delayed 1 second(s)

2018-06-10 02:27:20 - [TEST_STEP][PASSED] - selectOptionByIndex: All options with index in [25] are selected on object 'Object Repository/HealthpostToCms/Page_HealthPost Store/select_--Select--Adernaline 0.'

2018-06-10 02:27:21 - [MESSAGE][PASSED] - All options with index in [25] are selected on object 'Object Repository/HealthpostToCms/Page_HealthPost Store/select_--Select--Adernaline 0.'

2018-06-10 02:27:21 - [TEST_STEP][PASSED] - setText: Text '100' is set on object 'Object Repository/HealthpostToCms/Page_HealthPost Store/input_txttreat'

2018-06-10 02:27:21 - [MESSAGE][PASSED] - Text '100' is set on object 'Object Repository/HealthpostToCms/Page_HealthPost Store/input_txttreat'

2018-06-10 02:27:21 - [TEST_STEP][PASSED] - click: Object: 'Object Repository/HealthpostToCms/Page_HealthPost Store/button_Add' is clicked on

2018-06-10 02:27:21 - [MESSAGE][PASSED] - Object: 'Object Repository/HealthpostToCms/Page_HealthPost Store/button_Add' is clicked on

2018-06-10 02:27:21 - [TEST_STEP][PASSED] - delay: Delayed 2 second(s)

2018-06-10 02:27:23 - [MESSAGE][PASSED] - Delayed 2 second(s)

2018-06-10 02:27:23 - [TEST_STEP][PASSED] - selectOptionByIndex: All options with index in [11] are selected on object 'Object Repository/HealthpostToCms/Page_HealthPost Store/select_--Select--Schedule 1Inj'

2018-06-10 02:27:23 - [MESSAGE][PASSED] - All options with index in [11] are selected on object 'Object Repository/HealthpostToCms/Page_HealthPost Store/select_--Select--Schedule 1Inj'

2018-06-10 02:27:23 - [TEST_STEP][PASSED] - delay: Delayed 1 second(s)

2018-06-10 02:27:24 - [MESSAGE][PASSED] - Delayed 1 second(s)

2018-06-10 02:27:24 - [TEST_STEP][PASSED] - selectOptionByIndex: All options with index in [26] are selected on object 'Object Repository/HealthpostToCms/Page_HealthPost Store/select_--Select--Adernaline 0.'

2018-06-10 02:27:25 - [MESSAGE][PASSED] - All options with index in [26] are selected on object 'Object Repository/HealthpostToCms/Page_HealthPost Store/select_--Select--Adernaline 0.'

2018-06-10 02:27:25 - [TEST_STEP][PASSED] - setText: Text '100' is set on object 'Object Repository/HealthpostToCms/Page_HealthPost Store/input_txttreat'

2018-06-10 02:27:25 - [MESSAGE][PASSED] - Text '100' is set on object 'Object Repository/HealthpostToCms/Page_HealthPost Store/input_txttreat'

2018-06-10 02:27:25 - [TEST_STEP][PASSED] - click: Object: 'Object Repository/HealthpostToCms/Page_HealthPost Store/button_Add' is clicked on

2018-06-10 02:27:25 - [MESSAGE][PASSED] - Object: 'Object Repository/HealthpostToCms/Page_HealthPost Store/button_Add' is clicked on

2018-06-10 02:27:25 - [TEST_STEP][PASSED] - delay: Delayed 2 second(s)

2018-06-10 02:27:27 - [MESSAGE][PASSED] - Delayed 2 second(s)

2018-06-10 02:27:27 - [TEST_STEP][PASSED] - selectOptionByIndex: All options with index in [11] are selected on object 'Object Repository/HealthpostToCms/Page_HealthPost Store/select_--Select--Schedule 1Inj'

2018-06-10 02:27:27 - [MESSAGE][PASSED] - All options with index in [11] are selected on object 'Object Repository/HealthpostToCms/Page_HealthPost Store/select_--Select--Schedule 1Inj'

2018-06-10 02:27:27 - [TEST_STEP][PASSED] - delay: Delayed 1 second(s)

2018-06-10 02:27:28 - [MESSAGE][PASSED] - Delayed 1 second(s)

2018-06-10 02:27:28 - [TEST_STEP][PASSED] - selectOptionByIndex: All options with index in [27] are selected on object 'Object Repository/HealthpostToCms/Page_HealthPost Store/select_--Select--Adernaline 0.'

2018-06-10 02:27:28 - [MESSAGE][PASSED] - All options with index in [27] are selected on object 'Object Repository/HealthpostToCms/Page_HealthPost Store/select_--Select--Adernaline 0.'

2018-06-10 02:27:28 - [TEST_STEP][PASSED] - setText: Text '100' is set on object 'Object Repository/HealthpostToCms/Page_HealthPost Store/input_txttreat'

2018-06-10 02:27:28 - [MESSAGE][PASSED] - Text '100' is set on object 'Object Repository/HealthpostToCms/Page_HealthPost Store/input_txttreat'

2018-06-10 02:27:28 - [TEST_STEP][PASSED] - click: Object: 'Object Repository/HealthpostToCms/Page_HealthPost Store/button_Add' is clicked on

2018-06-10 02:27:29 - [MESSAGE][PASSED] - Object: 'Object Repository/HealthpostToCms/Page_HealthPost Store/button_Add' is clicked on

2018-06-10 02:27:29 - [TEST_STEP][PASSED] - delay: Delayed 2 second(s)

2018-06-10 02:27:31 - [MESSAGE][PASSED] - Delayed 2 second(s)

2018-06-10 02:27:31 - [TEST_STEP][PASSED] - selectOptionByIndex: All options with index in [11] are selected on object 'Object Repository/HealthpostToCms/Page_HealthPost Store/select_--Select--Schedule 1Inj'

2018-06-10 02:27:31 - [MESSAGE][PASSED] - All options with index in [11] are selected on object 'Object Repository/HealthpostToCms/Page_HealthPost Store/select_--Select--Schedule 1Inj'

2018-06-10 02:27:31 - [TEST_STEP][PASSED] - delay: Delayed 1 second(s)

2018-06-10 02:27:32 - [MESSAGE][PASSED] - Delayed 1 second(s)

2018-06-10 02:27:32 - [TEST_STEP][PASSED] - selectOptionByIndex: All options with index in [28] are selected on object 'Object Repository/HealthpostToCms/Page_HealthPost Store/select_--Select--Adernaline 0.'

2018-06-10 02:27:32 - [MESSAGE][PASSED] - All options with index in [28] are selected on object 'Object Repository/HealthpostToCms/Page_HealthPost Store/select_--Select--Adernaline 0.'

2018-06-10 02:27:32 - [TEST_STEP][PASSED] - setText: Text '100' is set on object 'Object Repository/HealthpostToCms/Page_HealthPost Store/input_txttreat'

2018-06-10 02:27:32 - [MESSAGE][PASSED] - Text '100' is set on object 'Object Repository/HealthpostToCms/Page_HealthPost Store/input_txttreat'

2018-06-10 02:27:32 - [TEST_STEP][PASSED] - click: Object: 'Object Repository/HealthpostToCms/Page_HealthPost Store/button_Add' is clicked on

2018-06-10 02:27:32 - [MESSAGE][PASSED] - Object: 'Object Repository/HealthpostToCms/Page_HealthPost Store/button_Add' is clicked on

2018-06-10 02:27:32 - [TEST_STEP][PASSED] - delay: Delayed 2 second(s)

2018-06-10 02:27:34 - [MESSAGE][PASSED] - Delayed 2 second(s)

2018-06-10 02:27:34 - [TEST_STEP][PASSED] - selectOptionByIndex: All options with index in [11] are selected on object 'Object Repository/HealthpostToCms/Page_HealthPost Store/select_--Select--Schedule 1Inj'

2018-06-10 02:27:35 - [MESSAGE][PASSED] - All options with index in [11] are selected on object 'Object Repository/HealthpostToCms/Page_HealthPost Store/select_--Select--Schedule 1Inj'

2018-06-10 02:27:35 - [TEST_STEP][PASSED] - delay: Delayed 1 second(s)

2018-06-10 02:27:36 - [MESSAGE][PASSED] - Delayed 1 second(s)

2018-06-10 02:27:36 - [TEST_STEP][PASSED] - selectOptionByIndex: All options with index in [29] are selected on object 'Object Repository/HealthpostToCms/Page_HealthPost Store/select_--Select--Adernaline 0.'

2018-06-10 02:27:36 - [MESSAGE][PASSED] - All options with index in [29] are selected on object 'Object Repository/HealthpostToCms/Page_HealthPost Store/select_--Select--Adernaline 0.'

2018-06-10 02:27:36 - [TEST_STEP][PASSED] - setText: Text '100' is set on object 'Object Repository/HealthpostToCms/Page_HealthPost Store/input_txttreat'

2018-06-10 02:27:36 - [MESSAGE][PASSED] - Text '100' is set on object 'Object Repository/HealthpostToCms/Page_HealthPost Store/input_txttreat'

2018-06-10 02:27:36 - [TEST_STEP][PASSED] - click: Object: 'Object Repository/HealthpostToCms/Page_HealthPost Store/button_Add' is clicked on

2018-06-10 02:27:36 - [MESSAGE][PASSED] - Object: 'Object Repository/HealthpostToCms/Page_HealthPost Store/button_Add' is clicked on

2018-06-10 02:27:36 - [TEST_STEP][PASSED] - delay: Delayed 2 second(s)

2018-06-10 02:27:38 - [MESSAGE][PASSED] - Delayed 2 second(s)

2018-06-10 02:27:38 - [TEST_STEP][PASSED] - selectOptionByIndex: All options with index in [11] are selected on object 'Object Repository/HealthpostToCms/Page_HealthPost Store/select_--Select--Schedule 1Inj'

2018-06-10 02:27:38 - [MESSAGE][PASSED] - All options with index in [11] are selected on object 'Object Repository/HealthpostToCms/Page_HealthPost Store/select_--Select--Schedule 1Inj'

2018-06-10 02:27:38 - [TEST_STEP][PASSED] - delay: Delayed 1 second(s)

2018-06-10 02:27:39 - [MESSAGE][PASSED] - Delayed 1 second(s)

2018-06-10 02:27:39 - [TEST_STEP][PASSED] - selectOptionByIndex: All options with index in [30] are selected on object 'Object Repository/HealthpostToCms/Page_HealthPost Store/select_--Select--Adernaline 0.'

2018-06-10 02:27:40 - [MESSAGE][PASSED] - All options with index in [30] are selected on object 'Object Repository/HealthpostToCms/Page_HealthPost Store/select_--Select--Adernaline 0.'

2018-06-10 02:27:40 - [TEST_STEP][PASSED] - setText: Text '100' is set on object 'Object Repository/HealthpostToCms/Page_HealthPost Store/input_txttreat'

2018-06-10 02:27:40 - [MESSAGE][PASSED] - Text '100' is set on object 'Object Repository/HealthpostToCms/Page_HealthPost Store/input_txttreat'

2018-06-10 02:27:40 - [TEST_STEP][PASSED] - click: Object: 'Object Repository/HealthpostToCms/Page_HealthPost Store/button_Add' is clicked on

2018-06-10 02:27:40 - [MESSAGE][PASSED] - Object: 'Object Repository/HealthpostToCms/Page_HealthPost Store/button_Add' is clicked on

2018-06-10 02:27:40 - [TEST_STEP][PASSED] - delay: Delayed 2 second(s)

2018-06-10 02:27:42 - [MESSAGE][PASSED] - Delayed 2 second(s)

2018-06-10 02:27:42 - [TEST_STEP][PASSED] - selectOptionByIndex: All options with index in [11] are selected on object 'Object Repository/HealthpostToCms/Page_HealthPost Store/select_--Select--Schedule 1Inj'

2018-06-10 02:27:42 - [MESSAGE][PASSED] - All options with index in [11] are selected on object 'Object Repository/HealthpostToCms/Page_HealthPost Store/select_--Select--Schedule 1Inj'

2018-06-10 02:27:42 - [TEST_STEP][PASSED] - delay: Delayed 1 second(s)

2018-06-10 02:27:43 - [MESSAGE][PASSED] - Delayed 1 second(s)

2018-06-10 02:27:43 - [TEST_STEP][PASSED] - selectOptionByIndex: All options with index in [31] are selected on object 'Object Repository/HealthpostToCms/Page_HealthPost Store/select_--Select--Adernaline 0.'

2018-06-10 02:27:44 - [MESSAGE][PASSED] - All options with index in [31] are selected on object 'Object Repository/HealthpostToCms/Page_HealthPost Store/select_--Select--Adernaline 0.'

2018-06-10 02:27:44 - [TEST_STEP][PASSED] - setText: Text '100' is set on object 'Object Repository/HealthpostToCms/Page_HealthPost Store/input_txttreat'

2018-06-10 02:27:44 - [MESSAGE][PASSED] - Text '100' is set on object 'Object Repository/HealthpostToCms/Page_HealthPost Store/input_txttreat'

2018-06-10 02:27:44 - [TEST_STEP][PASSED] - click: Object: 'Object Repository/HealthpostToCms/Page_HealthPost Store/button_Add' is clicked on

2018-06-10 02:27:44 - [MESSAGE][PASSED] - Object: 'Object Repository/HealthpostToCms/Page_HealthPost Store/button_Add' is clicked on

2018-06-10 02:27:44 - [TEST_STEP][PASSED] - delay: Delayed 2 second(s)

2018-06-10 02:27:46 - [MESSAGE][PASSED] - Delayed 2 second(s)

2018-06-10 02:27:46 - [TEST_STEP][PASSED] - selectOptionByIndex: All options with index in [11] are selected on object 'Object Repository/HealthpostToCms/Page_HealthPost Store/select_--Select--Schedule 1Inj'

2018-06-10 02:27:46 - [MESSAGE][PASSED] - All options with index in [11] are selected on object 'Object Repository/HealthpostToCms/Page_HealthPost Store/select_--Select--Schedule 1Inj'

2018-06-10 02:27:46 - [TEST_STEP][PASSED] - delay: Delayed 1 second(s)

2018-06-10 02:27:47 - [MESSAGE][PASSED] - Delayed 1 second(s)

2018-06-10 02:27:47 - [TEST_STEP][PASSED] - selectOptionByIndex: All options with index in [32] are selected on object 'Object Repository/HealthpostToCms/Page_HealthPost Store/select_--Select--Adernaline 0.'

2018-06-10 02:27:48 - [MESSAGE][PASSED] - All options with index in [32] are selected on object 'Object Repository/HealthpostToCms/Page_HealthPost Store/select_--Select--Adernaline 0.'

2018-06-10 02:27:48 - [TEST_STEP][PASSED] - setText: Text '100' is set on object 'Object Repository/HealthpostToCms/Page_HealthPost Store/input_txttreat'

2018-06-10 02:27:48 - [MESSAGE][PASSED] - Text '100' is set on object 'Object Repository/HealthpostToCms/Page_HealthPost Store/input_txttreat'

2018-06-10 02:27:48 - [TEST_STEP][PASSED] - click: Object: 'Object Repository/HealthpostToCms/Page_HealthPost Store/button_Add' is clicked on

2018-06-10 02:27:48 - [MESSAGE][PASSED] - Object: 'Object Repository/HealthpostToCms/Page_HealthPost Store/button_Add' is clicked on

2018-06-10 02:27:48 - [TEST_STEP][PASSED] - delay: Delayed 2 second(s)

2018-06-10 02:27:50 - [MESSAGE][PASSED] - Delayed 2 second(s)

2018-06-10 02:27:50 - [TEST_STEP][PASSED] - selectOptionByIndex: All options with index in [11] are selected on object 'Object Repository/HealthpostToCms/Page_HealthPost Store/select_--Select--Schedule 1Inj'

2018-06-10 02:27:50 - [MESSAGE][PASSED] - All options with index in [11] are selected on object 'Object Repository/HealthpostToCms/Page_HealthPost Store/select_--Select--Schedule 1Inj'

2018-06-10 02:27:50 - [TEST_STEP][PASSED] - delay: Delayed 1 second(s)

2018-06-10 02:27:51 - [MESSAGE][PASSED] - Delayed 1 second(s)

2018-06-10 02:27:51 - [TEST_STEP][PASSED] - selectOptionByIndex: All options with index in [33] are selected on object 'Object Repository/HealthpostToCms/Page_HealthPost Store/select_--Select--Adernaline 0.'

2018-06-10 02:27:51 - [MESSAGE][PASSED] - All options with index in [33] are selected on object 'Object Repository/HealthpostToCms/Page_HealthPost Store/select_--Select--Adernaline 0.'

2018-06-10 02:27:51 - [TEST_STEP][PASSED] - setText: Text '100' is set on object 'Object Repository/HealthpostToCms/Page_HealthPost Store/input_txttreat'

2018-06-10 02:27:52 - [MESSAGE][PASSED] - Text '100' is set on object 'Object Repository/HealthpostToCms/Page_HealthPost Store/input_txttreat'

2018-06-10 02:27:52 - [TEST_STEP][PASSED] - click: Object: 'Object Repository/HealthpostToCms/Page_HealthPost Store/button_Add' is clicked on

2018-06-10 02:27:52 - [MESSAGE][PASSED] - Object: 'Object Repository/HealthpostToCms/Page_HealthPost Store/button_Add' is clicked on

2018-06-10 02:27:52 - [TEST_STEP][PASSED] - delay: Delayed 2 second(s)

2018-06-10 02:27:54 - [MESSAGE][PASSED] - Delayed 2 second(s)

2018-06-10 02:27:54 - [TEST_STEP][PASSED] - selectOptionByIndex: All options with index in [11] are selected on object 'Object Repository/HealthpostToCms/Page_HealthPost Store/select_--Select--Schedule 1Inj'

2018-06-10 02:27:54 - [MESSAGE][PASSED] - All options with index in [11] are selected on object 'Object Repository/HealthpostToCms/Page_HealthPost Store/select_--Select--Schedule 1Inj'

2018-06-10 02:27:54 - [TEST_STEP][PASSED] - delay: Delayed 1 second(s)

2018-06-10 02:27:55 - [MESSAGE][PASSED] - Delayed 1 second(s)

2018-06-10 02:27:55 - [TEST_STEP][PASSED] - selectOptionByIndex: All options with index in [34] are selected on object 'Object Repository/HealthpostToCms/Page_HealthPost Store/select_--Select--Adernaline 0.'

2018-06-10 02:27:55 - [MESSAGE][PASSED] - All options with index in [34] are selected on object 'Object Repository/HealthpostToCms/Page_HealthPost Store/select_--Select--Adernaline 0.'

2018-06-10 02:27:55 - [TEST_STEP][PASSED] - setText: Text '100' is set on object 'Object Repository/HealthpostToCms/Page_HealthPost Store/input_txttreat'

2018-06-10 02:27:55 - [MESSAGE][PASSED] - Text '100' is set on object 'Object Repository/HealthpostToCms/Page_HealthPost Store/input_txttreat'

2018-06-10 02:27:55 - [TEST_STEP][PASSED] - click: Object: 'Object Repository/HealthpostToCms/Page_HealthPost Store/button_Add' is clicked on

2018-06-10 02:27:56 - [MESSAGE][PASSED] - Object: 'Object Repository/HealthpostToCms/Page_HealthPost Store/button_Add' is clicked on

2018-06-10 02:27:56 - [TEST_STEP][PASSED] - delay: Delayed 2 second(s)

2018-06-10 02:27:58 - [MESSAGE][PASSED] - Delayed 2 second(s)

2018-06-10 02:27:58 - [TEST_STEP][PASSED] - selectOptionByIndex: All options with index in [11] are selected on object 'Object Repository/HealthpostToCms/Page_HealthPost Store/select_--Select--Schedule 1Inj'

2018-06-10 02:27:58 - [MESSAGE][PASSED] - All options with index in [11] are selected on object 'Object Repository/HealthpostToCms/Page_HealthPost Store/select_--Select--Schedule 1Inj'

2018-06-10 02:27:58 - [TEST_STEP][PASSED] - delay: Delayed 1 second(s)

2018-06-10 02:27:59 - [MESSAGE][PASSED] - Delayed 1 second(s)

2018-06-10 02:27:59 - [TEST_STEP][PASSED] - selectOptionByIndex: All options with index in [35] are selected on object 'Object Repository/HealthpostToCms/Page_HealthPost Store/select_--Select--Adernaline 0.'

2018-06-10 02:27:59 - [MESSAGE][PASSED] - All options with index in [35] are selected on object 'Object Repository/HealthpostToCms/Page_HealthPost Store/select_--Select--Adernaline 0.'

2018-06-10 02:27:59 - [TEST_STEP][PASSED] - setText: Text '100' is set on object 'Object Repository/HealthpostToCms/Page_HealthPost Store/input_txttreat'

2018-06-10 02:27:59 - [MESSAGE][PASSED] - Text '100' is set on object 'Object Repository/HealthpostToCms/Page_HealthPost Store/input_txttreat'

2018-06-10 02:27:59 - [TEST_STEP][PASSED] - click: Object: 'Object Repository/HealthpostToCms/Page_HealthPost Store/button_Add' is clicked on

2018-06-10 02:27:59 - [MESSAGE][PASSED] - Object: 'Object Repository/HealthpostToCms/Page_HealthPost Store/button_Add' is clicked on

2018-06-10 02:27:59 - [TEST_STEP][PASSED] - delay: Delayed 2 second(s)

2018-06-10 02:28:01 - [MESSAGE][PASSED] - Delayed 2 second(s)

2018-06-10 02:28:01 - [TEST_STEP][PASSED] - selectOptionByIndex: All options with index in [11] are selected on object 'Object Repository/HealthpostToCms/Page_HealthPost Store/select_--Select--Schedule 1Inj'

2018-06-10 02:28:02 - [MESSAGE][PASSED] - All options with index in [11] are selected on object 'Object Repository/HealthpostToCms/Page_HealthPost Store/select_--Select--Schedule 1Inj'

2018-06-10 02:28:02 - [TEST_STEP][PASSED] - delay: Delayed 1 second(s)

2018-06-10 02:28:03 - [MESSAGE][PASSED] - Delayed 1 second(s)

2018-06-10 02:28:03 - [TEST_STEP][PASSED] - selectOptionByIndex: All options with index in [36] are selected on object 'Object Repository/HealthpostToCms/Page_HealthPost Store/select_--Select--Adernaline 0.'

2018-06-10 02:28:03 - [MESSAGE][PASSED] - All options with index in [36] are selected on object 'Object Repository/HealthpostToCms/Page_HealthPost Store/select_--Select--Adernaline 0.'

2018-06-10 02:28:03 - [TEST_STEP][PASSED] - setText: Text '100' is set on object 'Object Repository/HealthpostToCms/Page_HealthPost Store/input_txttreat'

2018-06-10 02:28:03 - [MESSAGE][PASSED] - Text '100' is set on object 'Object Repository/HealthpostToCms/Page_HealthPost Store/input_txttreat'

2018-06-10 02:28:03 - [TEST_STEP][PASSED] - click: Object: 'Object Repository/HealthpostToCms/Page_HealthPost Store/button_Add' is clicked on

2018-06-10 02:28:03 - [MESSAGE][PASSED] - Object: 'Object Repository/HealthpostToCms/Page_HealthPost Store/button_Add' is clicked on

2018-06-10 02:28:03 - [TEST_STEP][PASSED] - delay: Delayed 2 second(s)

2018-06-10 02:28:05 - [MESSAGE][PASSED] - Delayed 2 second(s)

2018-06-10 02:28:05 - [TEST_STEP][PASSED] - selectOptionByIndex: All options with index in [11] are selected on object 'Object Repository/HealthpostToCms/Page_HealthPost Store/select_--Select--Schedule 1Inj'

2018-06-10 02:28:06 - [MESSAGE][PASSED] - All options with index in [11] are selected on object 'Object Repository/HealthpostToCms/Page_HealthPost Store/select_--Select--Schedule 1Inj'

2018-06-10 02:28:06 - [TEST_STEP][PASSED] - delay: Delayed 1 second(s)

2018-06-10 02:28:07 - [MESSAGE][PASSED] - Delayed 1 second(s)

2018-06-10 02:28:07 - [TEST_STEP][PASSED] - selectOptionByIndex: All options with index in [37] are selected on object 'Object Repository/HealthpostToCms/Page_HealthPost Store/select_--Select--Adernaline 0.'

2018-06-10 02:28:07 - [MESSAGE][PASSED] - All options with index in [37] are selected on object 'Object Repository/HealthpostToCms/Page_HealthPost Store/select_--Select--Adernaline 0.'

2018-06-10 02:28:07 - [TEST_STEP][PASSED] - setText: Text '100' is set on object 'Object Repository/HealthpostToCms/Page_HealthPost Store/input_txttreat'

2018-06-10 02:28:07 - [MESSAGE][PASSED] - Text '100' is set on object 'Object Repository/HealthpostToCms/Page_HealthPost Store/input_txttreat'

2018-06-10 02:28:07 - [TEST_STEP][PASSED] - click: Object: 'Object Repository/HealthpostToCms/Page_HealthPost Store/button_Add' is clicked on

2018-06-10 02:28:07 - [MESSAGE][PASSED] - Object: 'Object Repository/HealthpostToCms/Page_HealthPost Store/button_Add' is clicked on

2018-06-10 02:28:07 - [TEST_STEP][PASSED] - delay: Delayed 2 second(s)

2018-06-10 02:28:09 - [MESSAGE][PASSED] - Delayed 2 second(s)

2018-06-10 02:28:09 - [TEST_STEP][PASSED] - selectOptionByIndex: All options with index in [11] are selected on object 'Object Repository/HealthpostToCms/Page_HealthPost Store/select_--Select--Schedule 1Inj'

2018-06-10 02:28:10 - [MESSAGE][PASSED] - All options with index in [11] are selected on object 'Object Repository/HealthpostToCms/Page_HealthPost Store/select_--Select--Schedule 1Inj'

2018-06-10 02:28:10 - [TEST_STEP][PASSED] - delay: Delayed 1 second(s)

2018-06-10 02:28:11 - [MESSAGE][PASSED] - Delayed 1 second(s)

2018-06-10 02:28:11 - [TEST_STEP][PASSED] - selectOptionByIndex: All options with index in [38] are selected on object 'Object Repository/HealthpostToCms/Page_HealthPost Store/select_--Select--Adernaline 0.'

2018-06-10 02:28:11 - [MESSAGE][PASSED] - All options with index in [38] are selected on object 'Object Repository/HealthpostToCms/Page_HealthPost Store/select_--Select--Adernaline 0.'

2018-06-10 02:28:11 - [TEST_STEP][PASSED] - setText: Text '100' is set on object 'Object Repository/HealthpostToCms/Page_HealthPost Store/input_txttreat'

2018-06-10 02:28:11 - [MESSAGE][PASSED] - Text '100' is set on object 'Object Repository/HealthpostToCms/Page_HealthPost Store/input_txttreat'

2018-06-10 02:28:11 - [TEST_STEP][PASSED] - click: Object: 'Object Repository/HealthpostToCms/Page_HealthPost Store/button_Add' is clicked on

2018-06-10 02:28:11 - [MESSAGE][PASSED] - Object: 'Object Repository/HealthpostToCms/Page_HealthPost Store/button_Add' is clicked on

2018-06-10 02:28:11 - [TEST_STEP][PASSED] - delay: Delayed 2 second(s)

2018-06-10 02:28:13 - [MESSAGE][PASSED] - Delayed 2 second(s)

2018-06-10 02:28:13 - [TEST_STEP][PASSED] - selectOptionByIndex: All options with index in [11] are selected on object 'Object Repository/HealthpostToCms/Page_HealthPost Store/select_--Select--Schedule 1Inj'

2018-06-10 02:28:13 - [MESSAGE][PASSED] - All options with index in [11] are selected on object 'Object Repository/HealthpostToCms/Page_HealthPost Store/select_--Select--Schedule 1Inj'

2018-06-10 02:28:13 - [TEST_STEP][PASSED] - delay: Delayed 1 second(s)

2018-06-10 02:28:14 - [MESSAGE][PASSED] - Delayed 1 second(s)

2018-06-10 02:28:14 - [TEST_STEP][PASSED] - selectOptionByIndex: All options with index in [39] are selected on object 'Object Repository/HealthpostToCms/Page_HealthPost Store/select_--Select--Adernaline 0.'

2018-06-10 02:28:15 - [MESSAGE][PASSED] - All options with index in [39] are selected on object 'Object Repository/HealthpostToCms/Page_HealthPost Store/select_--Select--Adernaline 0.'

2018-06-10 02:28:15 - [TEST_STEP][PASSED] - setText: Text '100' is set on object 'Object Repository/HealthpostToCms/Page_HealthPost Store/input_txttreat'

2018-06-10 02:28:15 - [MESSAGE][PASSED] - Text '100' is set on object 'Object Repository/HealthpostToCms/Page_HealthPost Store/input_txttreat'

2018-06-10 02:28:15 - [TEST_STEP][PASSED] - click: Object: 'Object Repository/HealthpostToCms/Page_HealthPost Store/button_Add' is clicked on

2018-06-10 02:28:15 - [MESSAGE][PASSED] - Object: 'Object Repository/HealthpostToCms/Page_HealthPost Store/button_Add' is clicked on

2018-06-10 02:28:15 - [TEST_STEP][PASSED] - delay: Delayed 2 second(s)

2018-06-10 02:28:17 - [MESSAGE][PASSED] - Delayed 2 second(s)

2018-06-10 02:28:17 - [TEST_STEP][PASSED] - selectOptionByIndex: All options with index in [11] are selected on object 'Object Repository/HealthpostToCms/Page_HealthPost Store/select_--Select--Schedule 1Inj'

2018-06-10 02:28:17 - [MESSAGE][PASSED] - All options with index in [11] are selected on object 'Object Repository/HealthpostToCms/Page_HealthPost Store/select_--Select--Schedule 1Inj'

2018-06-10 02:28:17 - [TEST_STEP][PASSED] - delay: Delayed 1 second(s)

2018-06-10 02:28:18 - [MESSAGE][PASSED] - Delayed 1 second(s)

2018-06-10 02:28:18 - [TEST_STEP][PASSED] - selectOptionByIndex: All options with index in [40] are selected on object 'Object Repository/HealthpostToCms/Page_HealthPost Store/select_--Select--Adernaline 0.'

2018-06-10 02:28:19 - [MESSAGE][PASSED] - All options with index in [40] are selected on object 'Object Repository/HealthpostToCms/Page_HealthPost Store/select_--Select--Adernaline 0.'

2018-06-10 02:28:19 - [TEST_STEP][PASSED] - setText: Text '100' is set on object 'Object Repository/HealthpostToCms/Page_HealthPost Store/input_txttreat'

2018-06-10 02:28:19 - [MESSAGE][PASSED] - Text '100' is set on object 'Object Repository/HealthpostToCms/Page_HealthPost Store/input_txttreat'

2018-06-10 02:28:19 - [TEST_STEP][PASSED] - click: Object: 'Object Repository/HealthpostToCms/Page_HealthPost Store/button_Add' is clicked on

2018-06-10 02:28:19 - [MESSAGE][PASSED] - Object: 'Object Repository/HealthpostToCms/Page_HealthPost Store/button_Add' is clicked on

2018-06-10 02:28:19 - [TEST_STEP][PASSED] - delay: Delayed 2 second(s)

2018-06-10 02:28:21 - [MESSAGE][PASSED] - Delayed 2 second(s)

2018-06-10 02:28:21 - [TEST_STEP][PASSED] - selectOptionByIndex: All options with index in [11] are selected on object 'Object Repository/HealthpostToCms/Page_HealthPost Store/select_--Select--Schedule 1Inj'

2018-06-10 02:28:21 - [MESSAGE][PASSED] - All options with index in [11] are selected on object 'Object Repository/HealthpostToCms/Page_HealthPost Store/select_--Select--Schedule 1Inj'

2018-06-10 02:28:21 - [TEST_STEP][PASSED] - delay: Delayed 1 second(s)

2018-06-10 02:28:22 - [MESSAGE][PASSED] - Delayed 1 second(s)

2018-06-10 02:28:22 - [TEST_STEP][PASSED] - selectOptionByIndex: All options with index in [41] are selected on object 'Object Repository/HealthpostToCms/Page_HealthPost Store/select_--Select--Adernaline 0.'

2018-06-10 02:28:23 - [MESSAGE][PASSED] - All options with index in [41] are selected on object 'Object Repository/HealthpostToCms/Page_HealthPost Store/select_--Select--Adernaline 0.'

2018-06-10 02:28:23 - [TEST_STEP][PASSED] - setText: Text '100' is set on object 'Object Repository/HealthpostToCms/Page_HealthPost Store/input_txttreat'

2018-06-10 02:28:23 - [MESSAGE][PASSED] - Text '100' is set on object 'Object Repository/HealthpostToCms/Page_HealthPost Store/input_txttreat'

2018-06-10 02:28:23 - [TEST_STEP][PASSED] - click: Object: 'Object Repository/HealthpostToCms/Page_HealthPost Store/button_Add' is clicked on

2018-06-10 02:28:23 - [MESSAGE][PASSED] - Object: 'Object Repository/HealthpostToCms/Page_HealthPost Store/button_Add' is clicked on

2018-06-10 02:28:23 - [TEST_STEP][PASSED] - delay: Delayed 2 second(s)

2018-06-10 02:28:25 - [MESSAGE][PASSED] - Delayed 2 second(s)

2018-06-10 02:28:25 - [TEST_STEP][PASSED] - selectOptionByIndex: All options with index in [11] are selected on object 'Object Repository/HealthpostToCms/Page_HealthPost Store/select_--Select--Schedule 1Inj'

2018-06-10 02:28:25 - [MESSAGE][PASSED] - All options with index in [11] are selected on object 'Object Repository/HealthpostToCms/Page_HealthPost Store/select_--Select--Schedule 1Inj'

2018-06-10 02:28:25 - [TEST_STEP][PASSED] - delay: Delayed 1 second(s)

2018-06-10 02:28:26 - [MESSAGE][PASSED] - Delayed 1 second(s)

2018-06-10 02:28:26 - [TEST_STEP][PASSED] - selectOptionByIndex: All options with index in [42] are selected on object 'Object Repository/HealthpostToCms/Page_HealthPost Store/select_--Select--Adernaline 0.'

2018-06-10 02:28:27 - [MESSAGE][PASSED] - All options with index in [42] are selected on object 'Object Repository/HealthpostToCms/Page_HealthPost Store/select_--Select--Adernaline 0.'

2018-06-10 02:28:27 - [TEST_STEP][PASSED] - setText: Text '100' is set on object 'Object Repository/HealthpostToCms/Page_HealthPost Store/input_txttreat'

2018-06-10 02:28:27 - [MESSAGE][PASSED] - Text '100' is set on object 'Object Repository/HealthpostToCms/Page_HealthPost Store/input_txttreat'

2018-06-10 02:28:27 - [TEST_STEP][PASSED] - click: Object: 'Object Repository/HealthpostToCms/Page_HealthPost Store/button_Add' is clicked on

2018-06-10 02:28:27 - [MESSAGE][PASSED] - Object: 'Object Repository/HealthpostToCms/Page_HealthPost Store/button_Add' is clicked on

2018-06-10 02:28:27 - [TEST_STEP][PASSED] - delay: Delayed 2 second(s)

2018-06-10 02:28:29 - [MESSAGE][PASSED] - Delayed 2 second(s)

2018-06-10 02:28:29 - [TEST_STEP][PASSED] - selectOptionByIndex: All options with index in [11] are selected on object 'Object Repository/HealthpostToCms/Page_HealthPost Store/select_--Select--Schedule 1Inj'

2018-06-10 02:28:29 - [MESSAGE][PASSED] - All options with index in [11] are selected on object 'Object Repository/HealthpostToCms/Page_HealthPost Store/select_--Select--Schedule 1Inj'

2018-06-10 02:28:29 - [TEST_STEP][PASSED] - delay: Delayed 1 second(s)

2018-06-10 02:28:30 - [MESSAGE][PASSED] - Delayed 1 second(s)

2018-06-10 02:28:30 - [TEST_STEP][PASSED] - selectOptionByIndex: All options with index in [43] are selected on object 'Object Repository/HealthpostToCms/Page_HealthPost Store/select_--Select--Adernaline 0.'

2018-06-10 02:28:31 - [MESSAGE][PASSED] - All options with index in [43] are selected on object 'Object Repository/HealthpostToCms/Page_HealthPost Store/select_--Select--Adernaline 0.'

2018-06-10 02:28:31 - [TEST_STEP][PASSED] - setText: Text '100' is set on object 'Object Repository/HealthpostToCms/Page_HealthPost Store/input_txttreat'

2018-06-10 02:28:31 - [MESSAGE][PASSED] - Text '100' is set on object 'Object Repository/HealthpostToCms/Page_HealthPost Store/input_txttreat'

2018-06-10 02:28:31 - [TEST_STEP][PASSED] - click: Object: 'Object Repository/HealthpostToCms/Page_HealthPost Store/button_Add' is clicked on

2018-06-10 02:28:31 - [MESSAGE][PASSED] - Object: 'Object Repository/HealthpostToCms/Page_HealthPost Store/button_Add' is clicked on

2018-06-10 02:28:31 - [TEST_STEP][PASSED] - delay: Delayed 2 second(s)

2018-06-10 02:28:33 - [MESSAGE][PASSED] - Delayed 2 second(s)

2018-06-10 02:28:33 - [TEST_STEP][PASSED] - selectOptionByIndex: All options with index in [11] are selected on object 'Object Repository/HealthpostToCms/Page_HealthPost Store/select_--Select--Schedule 1Inj'

2018-06-10 02:28:33 - [MESSAGE][PASSED] - All options with index in [11] are selected on object 'Object Repository/HealthpostToCms/Page_HealthPost Store/select_--Select--Schedule 1Inj'

2018-06-10 02:28:33 - [TEST_STEP][PASSED] - delay: Delayed 1 second(s)

2018-06-10 02:28:34 - [MESSAGE][PASSED] - Delayed 1 second(s)

2018-06-10 02:28:34 - [TEST_STEP][PASSED] - selectOptionByIndex: All options with index in [44] are selected on object 'Object Repository/HealthpostToCms/Page_HealthPost Store/select_--Select--Adernaline 0.'

2018-06-10 02:28:35 - [MESSAGE][PASSED] - All options with index in [44] are selected on object 'Object Repository/HealthpostToCms/Page_HealthPost Store/select_--Select--Adernaline 0.'

2018-06-10 02:28:35 - [TEST_STEP][PASSED] - setText: Text '100' is set on object 'Object Repository/HealthpostToCms/Page_HealthPost Store/input_txttreat'

2018-06-10 02:28:35 - [MESSAGE][PASSED] - Text '100' is set on object 'Object Repository/HealthpostToCms/Page_HealthPost Store/input_txttreat'

2018-06-10 02:28:35 - [TEST_STEP][PASSED] - click: Object: 'Object Repository/HealthpostToCms/Page_HealthPost Store/button_Add' is clicked on

2018-06-10 02:28:35 - [MESSAGE][PASSED] - Object: 'Object Repository/HealthpostToCms/Page_HealthPost Store/button_Add' is clicked on

2018-06-10 02:28:35 - [TEST_STEP][PASSED] - delay: Delayed 2 second(s)

2018-06-10 02:28:37 - [MESSAGE][PASSED] - Delayed 2 second(s)

2018-06-10 02:28:37 - [TEST_STEP][PASSED] - selectOptionByIndex: All options with index in [11] are selected on object 'Object Repository/HealthpostToCms/Page_HealthPost Store/select_--Select--Schedule 1Inj'

2018-06-10 02:28:37 - [MESSAGE][PASSED] - All options with index in [11] are selected on object 'Object Repository/HealthpostToCms/Page_HealthPost Store/select_--Select--Schedule 1Inj'

2018-06-10 02:28:37 - [TEST_STEP][PASSED] - delay: Delayed 1 second(s)

2018-06-10 02:28:38 - [MESSAGE][PASSED] - Delayed 1 second(s)

2018-06-10 02:28:38 - [TEST_STEP][PASSED] - selectOptionByIndex: All options with index in [45] are selected on object 'Object Repository/HealthpostToCms/Page_HealthPost Store/select_--Select--Adernaline 0.'

2018-06-10 02:28:39 - [MESSAGE][PASSED] - All options with index in [45] are selected on object 'Object Repository/HealthpostToCms/Page_HealthPost Store/select_--Select--Adernaline 0.'

2018-06-10 02:28:39 - [TEST_STEP][PASSED] - setText: Text '100' is set on object 'Object Repository/HealthpostToCms/Page_HealthPost Store/input_txttreat'

2018-06-10 02:28:39 - [MESSAGE][PASSED] - Text '100' is set on object 'Object Repository/HealthpostToCms/Page_HealthPost Store/input_txttreat'

2018-06-10 02:28:39 - [TEST_STEP][PASSED] - click: Object: 'Object Repository/HealthpostToCms/Page_HealthPost Store/button_Add' is clicked on

2018-06-10 02:28:39 - [MESSAGE][PASSED] - Object: 'Object Repository/HealthpostToCms/Page_HealthPost Store/button_Add' is clicked on

2018-06-10 02:28:39 - [TEST_STEP][PASSED] - delay: Delayed 2 second(s)

2018-06-10 02:28:41 - [MESSAGE][PASSED] - Delayed 2 second(s)

2018-06-10 02:28:41 - [TEST_STEP][PASSED] - selectOptionByIndex: All options with index in [11] are selected on object 'Object Repository/HealthpostToCms/Page_HealthPost Store/select_--Select--Schedule 1Inj'

2018-06-10 02:28:41 - [MESSAGE][PASSED] - All options with index in [11] are selected on object 'Object Repository/HealthpostToCms/Page_HealthPost Store/select_--Select--Schedule 1Inj'

2018-06-10 02:28:41 - [TEST_STEP][PASSED] - delay: Delayed 1 second(s)

2018-06-10 02:28:42 - [MESSAGE][PASSED] - Delayed 1 second(s)

2018-06-10 02:28:42 - [TEST_STEP][PASSED] - selectOptionByIndex: All options with index in [46] are selected on object 'Object Repository/HealthpostToCms/Page_HealthPost Store/select_--Select--Adernaline 0.'

2018-06-10 02:28:43 - [MESSAGE][PASSED] - All options with index in [46] are selected on object 'Object Repository/HealthpostToCms/Page_HealthPost Store/select_--Select--Adernaline 0.'

2018-06-10 02:28:43 - [TEST_STEP][PASSED] - setText: Text '100' is set on object 'Object Repository/HealthpostToCms/Page_HealthPost Store/input_txttreat'

2018-06-10 02:28:43 - [MESSAGE][PASSED] - Text '100' is set on object 'Object Repository/HealthpostToCms/Page_HealthPost Store/input_txttreat'

2018-06-10 02:28:43 - [TEST_STEP][PASSED] - click: Object: 'Object Repository/HealthpostToCms/Page_HealthPost Store/button_Add' is clicked on

2018-06-10 02:28:43 - [MESSAGE][PASSED] - Object: 'Object Repository/HealthpostToCms/Page_HealthPost Store/button_Add' is clicked on

2018-06-10 02:28:43 - [TEST_STEP][PASSED] - delay: Delayed 2 second(s)

2018-06-10 02:28:45 - [MESSAGE][PASSED] - Delayed 2 second(s)

2018-06-10 02:28:45 - [TEST_STEP][PASSED] - selectOptionByIndex: All options with index in [11] are selected on object 'Object Repository/HealthpostToCms/Page_HealthPost Store/select_--Select--Schedule 1Inj'

2018-06-10 02:28:45 - [MESSAGE][PASSED] - All options with index in [11] are selected on object 'Object Repository/HealthpostToCms/Page_HealthPost Store/select_--Select--Schedule 1Inj'

2018-06-10 02:28:45 - [TEST_STEP][PASSED] - delay: Delayed 1 second(s)

2018-06-10 02:28:46 - [MESSAGE][PASSED] - Delayed 1 second(s)

2018-06-10 02:28:46 - [TEST_STEP][PASSED] - selectOptionByIndex: All options with index in [47] are selected on object 'Object Repository/HealthpostToCms/Page_HealthPost Store/select_--Select--Adernaline 0.'

2018-06-10 02:28:47 - [MESSAGE][PASSED] - All options with index in [47] are selected on object 'Object Repository/HealthpostToCms/Page_HealthPost Store/select_--Select--Adernaline 0.'

2018-06-10 02:28:47 - [TEST_STEP][PASSED] - setText: Text '100' is set on object 'Object Repository/HealthpostToCms/Page_HealthPost Store/input_txttreat'

2018-06-10 02:28:47 - [MESSAGE][PASSED] - Text '100' is set on object 'Object Repository/HealthpostToCms/Page_HealthPost Store/input_txttreat'

2018-06-10 02:28:47 - [TEST_STEP][PASSED] - click: Object: 'Object Repository/HealthpostToCms/Page_HealthPost Store/button_Add' is clicked on

2018-06-10 02:28:47 - [MESSAGE][PASSED] - Object: 'Object Repository/HealthpostToCms/Page_HealthPost Store/button_Add' is clicked on

2018-06-10 02:28:47 - [TEST_STEP][PASSED] - delay: Delayed 2 second(s)

2018-06-10 02:28:49 - [MESSAGE][PASSED] - Delayed 2 second(s)

2018-06-10 02:28:49 - [TEST_STEP][PASSED] - selectOptionByIndex: All options with index in [11] are selected on object 'Object Repository/HealthpostToCms/Page_HealthPost Store/select_--Select--Schedule 1Inj'

2018-06-10 02:28:49 - [MESSAGE][PASSED] - All options with index in [11] are selected on object 'Object Repository/HealthpostToCms/Page_HealthPost Store/select_--Select--Schedule 1Inj'

2018-06-10 02:28:49 - [TEST_STEP][PASSED] - delay: Delayed 1 second(s)

2018-06-10 02:28:50 - [MESSAGE][PASSED] - Delayed 1 second(s)

2018-06-10 02:28:50 - [TEST_STEP][PASSED] - selectOptionByIndex: All options with index in [48] are selected on object 'Object Repository/HealthpostToCms/Page_HealthPost Store/select_--Select--Adernaline 0.'

2018-06-10 02:28:51 - [MESSAGE][PASSED] - All options with index in [48] are selected on object 'Object Repository/HealthpostToCms/Page_HealthPost Store/select_--Select--Adernaline 0.'

2018-06-10 02:28:51 - [TEST_STEP][PASSED] - setText: Text '100' is set on object 'Object Repository/HealthpostToCms/Page_HealthPost Store/input_txttreat'

2018-06-10 02:28:51 - [MESSAGE][PASSED] - Text '100' is set on object 'Object Repository/HealthpostToCms/Page_HealthPost Store/input_txttreat'

2018-06-10 02:28:51 - [TEST_STEP][PASSED] - click: Object: 'Object Repository/HealthpostToCms/Page_HealthPost Store/button_Add' is clicked on

2018-06-10 02:28:51 - [MESSAGE][PASSED] - Object: 'Object Repository/HealthpostToCms/Page_HealthPost Store/button_Add' is clicked on

2018-06-10 02:28:51 - [TEST_STEP][PASSED] - delay: Delayed 2 second(s)

2018-06-10 02:28:53 - [MESSAGE][PASSED] - Delayed 2 second(s)

2018-06-10 02:28:53 - [TEST_STEP][PASSED] - selectOptionByIndex: All options with index in [11] are selected on object 'Object Repository/HealthpostToCms/Page_HealthPost Store/select_--Select--Schedule 1Inj'

2018-06-10 02:28:53 - [MESSAGE][PASSED] - All options with index in [11] are selected on object 'Object Repository/HealthpostToCms/Page_HealthPost Store/select_--Select--Schedule 1Inj'

2018-06-10 02:28:53 - [TEST_STEP][PASSED] - delay: Delayed 1 second(s)

2018-06-10 02:28:54 - [MESSAGE][PASSED] - Delayed 1 second(s)

2018-06-10 02:28:54 - [TEST_STEP][PASSED] - selectOptionByIndex: All options with index in [49] are selected on object 'Object Repository/HealthpostToCms/Page_HealthPost Store/select_--Select--Adernaline 0.'

2018-06-10 02:28:55 - [MESSAGE][PASSED] - All options with index in [49] are selected on object 'Object Repository/HealthpostToCms/Page_HealthPost Store/select_--Select--Adernaline 0.'

2018-06-10 02:28:55 - [TEST_STEP][PASSED] - setText: Text '100' is set on object 'Object Repository/HealthpostToCms/Page_HealthPost Store/input_txttreat'

2018-06-10 02:28:55 - [MESSAGE][PASSED] - Text '100' is set on object 'Object Repository/HealthpostToCms/Page_HealthPost Store/input_txttreat'

2018-06-10 02:28:55 - [TEST_STEP][PASSED] - click: Object: 'Object Repository/HealthpostToCms/Page_HealthPost Store/button_Add' is clicked on

2018-06-10 02:28:55 - [MESSAGE][PASSED] - Object: 'Object Repository/HealthpostToCms/Page_HealthPost Store/button_Add' is clicked on

2018-06-10 02:28:55 - [TEST_STEP][PASSED] - delay: Delayed 2 second(s)

2018-06-10 02:28:57 - [MESSAGE][PASSED] - Delayed 2 second(s)

2018-06-10 02:28:57 - [TEST_STEP][PASSED] - selectOptionByIndex: All options with index in [11] are selected on object 'Object Repository/HealthpostToCms/Page_HealthPost Store/select_--Select--Schedule 1Inj'

2018-06-10 02:28:57 - [MESSAGE][PASSED] - All options with index in [11] are selected on object 'Object Repository/HealthpostToCms/Page_HealthPost Store/select_--Select--Schedule 1Inj'

2018-06-10 02:28:57 - [TEST_STEP][PASSED] - delay: Delayed 1 second(s)

2018-06-10 02:28:58 - [MESSAGE][PASSED] - Delayed 1 second(s)

2018-06-10 02:28:58 - [TEST_STEP][PASSED] - selectOptionByIndex: All options with index in [50] are selected on object 'Object Repository/HealthpostToCms/Page_HealthPost Store/select_--Select--Adernaline 0.'

2018-06-10 02:28:59 - [MESSAGE][PASSED] - All options with index in [50] are selected on object 'Object Repository/HealthpostToCms/Page_HealthPost Store/select_--Select--Adernaline 0.'

2018-06-10 02:28:59 - [TEST_STEP][PASSED] - setText: Text '100' is set on object 'Object Repository/HealthpostToCms/Page_HealthPost Store/input_txttreat'

2018-06-10 02:28:59 - [MESSAGE][PASSED] - Text '100' is set on object 'Object Repository/HealthpostToCms/Page_HealthPost Store/input_txttreat'

2018-06-10 02:28:59 - [TEST_STEP][PASSED] - click: Object: 'Object Repository/HealthpostToCms/Page_HealthPost Store/button_Add' is clicked on

2018-06-10 02:28:59 - [MESSAGE][PASSED] - Object: 'Object Repository/HealthpostToCms/Page_HealthPost Store/button_Add' is clicked on

2018-06-10 02:28:59 - [TEST_STEP][PASSED] - delay: Delayed 2 second(s)

2018-06-10 02:29:01 - [MESSAGE][PASSED] - Delayed 2 second(s)

2018-06-10 02:29:01 - [TEST_STEP][PASSED] - selectOptionByIndex: All options with index in [11] are selected on object 'Object Repository/HealthpostToCms/Page_HealthPost Store/select_--Select--Schedule 1Inj'

2018-06-10 02:29:01 - [MESSAGE][PASSED] - All options with index in [11] are selected on object 'Object Repository/HealthpostToCms/Page_HealthPost Store/select_--Select--Schedule 1Inj'

2018-06-10 02:29:01 - [TEST_STEP][PASSED] - delay: Delayed 1 second(s)

2018-06-10 02:29:02 - [MESSAGE][PASSED] - Delayed 1 second(s)

2018-06-10 02:29:02 - [TEST_STEP][PASSED] - selectOptionByIndex: All options with index in [51] are selected on object 'Object Repository/HealthpostToCms/Page_HealthPost Store/select_--Select--Adernaline 0.'

2018-06-10 02:29:03 - [MESSAGE][PASSED] - All options with index in [51] are selected on object 'Object Repository/HealthpostToCms/Page_HealthPost Store/select_--Select--Adernaline 0.'

2018-06-10 02:29:03 - [TEST_STEP][PASSED] - setText: Text '100' is set on object 'Object Repository/HealthpostToCms/Page_HealthPost Store/input_txttreat'

2018-06-10 02:29:03 - [MESSAGE][PASSED] - Text '100' is set on object 'Object Repository/HealthpostToCms/Page_HealthPost Store/input_txttreat'

2018-06-10 02:29:03 - [TEST_STEP][PASSED] - click: Object: 'Object Repository/HealthpostToCms/Page_HealthPost Store/button_Add' is clicked on

2018-06-10 02:29:03 - [MESSAGE][PASSED] - Object: 'Object Repository/HealthpostToCms/Page_HealthPost Store/button_Add' is clicked on

2018-06-10 02:29:03 - [TEST_STEP][PASSED] - delay: Delayed 2 second(s)

2018-06-10 02:29:05 - [MESSAGE][PASSED] - Delayed 2 second(s)

2018-06-10 02:29:05 - [TEST_STEP][PASSED] - selectOptionByIndex: All options with index in [11] are selected on object 'Object Repository/HealthpostToCms/Page_HealthPost Store/select_--Select--Schedule 1Inj'

2018-06-10 02:29:06 - [MESSAGE][PASSED] - All options with index in [11] are selected on object 'Object Repository/HealthpostToCms/Page_HealthPost Store/select_--Select--Schedule 1Inj'

2018-06-10 02:29:06 - [TEST_STEP][PASSED] - delay: Delayed 1 second(s)

2018-06-10 02:29:07 - [MESSAGE][PASSED] - Delayed 1 second(s)

2018-06-10 02:29:07 - [TEST_STEP][PASSED] - selectOptionByIndex: All options with index in [52] are selected on object 'Object Repository/HealthpostToCms/Page_HealthPost Store/select_--Select--Adernaline 0.'

2018-06-10 02:29:07 - [MESSAGE][PASSED] - All options with index in [52] are selected on object 'Object Repository/HealthpostToCms/Page_HealthPost Store/select_--Select--Adernaline 0.'

2018-06-10 02:29:07 - [TEST_STEP][PASSED] - setText: Text '100' is set on object 'Object Repository/HealthpostToCms/Page_HealthPost Store/input_txttreat'

2018-06-10 02:29:07 - [MESSAGE][PASSED] - Text '100' is set on object 'Object Repository/HealthpostToCms/Page_HealthPost Store/input_txttreat'

2018-06-10 02:29:07 - [TEST_STEP][PASSED] - click: Object: 'Object Repository/HealthpostToCms/Page_HealthPost Store/button_Add' is clicked on

2018-06-10 02:29:07 - [MESSAGE][PASSED] - Object: 'Object Repository/HealthpostToCms/Page_HealthPost Store/button_Add' is clicked on

2018-06-10 02:29:07 - [TEST_STEP][PASSED] - delay: Delayed 2 second(s)

2018-06-10 02:29:09 - [MESSAGE][PASSED] - Delayed 2 second(s)

2018-06-10 02:29:09 - [TEST_STEP][PASSED] - selectOptionByIndex: All options with index in [11] are selected on object 'Object Repository/HealthpostToCms/Page_HealthPost Store/select_--Select--Schedule 1Inj'

2018-06-10 02:29:10 - [MESSAGE][PASSED] - All options with index in [11] are selected on object 'Object Repository/HealthpostToCms/Page_HealthPost Store/select_--Select--Schedule 1Inj'

2018-06-10 02:29:10 - [TEST_STEP][PASSED] - delay: Delayed 1 second(s)

2018-06-10 02:29:11 - [MESSAGE][PASSED] - Delayed 1 second(s)

2018-06-10 02:29:11 - [TEST_STEP][PASSED] - selectOptionByIndex: All options with index in [53] are selected on object 'Object Repository/HealthpostToCms/Page_HealthPost Store/select_--Select--Adernaline 0.'

2018-06-10 02:29:11 - [MESSAGE][PASSED] - All options with index in [53] are selected on object 'Object Repository/HealthpostToCms/Page_HealthPost Store/select_--Select--Adernaline 0.'

2018-06-10 02:29:11 - [TEST_STEP][PASSED] - setText: Text '100' is set on object 'Object Repository/HealthpostToCms/Page_HealthPost Store/input_txttreat'

2018-06-10 02:29:11 - [MESSAGE][PASSED] - Text '100' is set on object 'Object Repository/HealthpostToCms/Page_HealthPost Store/input_txttreat'

2018-06-10 02:29:11 - [TEST_STEP][PASSED] - click: Object: 'Object Repository/HealthpostToCms/Page_HealthPost Store/button_Add' is clicked on

2018-06-10 02:29:12 - [MESSAGE][PASSED] - Object: 'Object Repository/HealthpostToCms/Page_HealthPost Store/button_Add' is clicked on

2018-06-10 02:29:12 - [TEST_STEP][PASSED] - delay: Delayed 2 second(s)

2018-06-10 02:29:14 - [MESSAGE][PASSED] - Delayed 2 second(s)

2018-06-10 02:29:14 - [TEST_STEP][PASSED] - selectOptionByIndex: All options with index in [11] are selected on object 'Object Repository/HealthpostToCms/Page_HealthPost Store/select_--Select--Schedule 1Inj'

2018-06-10 02:29:14 - [MESSAGE][PASSED] - All options with index in [11] are selected on object 'Object Repository/HealthpostToCms/Page_HealthPost Store/select_--Select--Schedule 1Inj'

2018-06-10 02:29:14 - [TEST_STEP][PASSED] - delay: Delayed 1 second(s)

2018-06-10 02:29:15 - [MESSAGE][PASSED] - Delayed 1 second(s)

2018-06-10 02:29:15 - [TEST_STEP][PASSED] - selectOptionByIndex: All options with index in [54] are selected on object 'Object Repository/HealthpostToCms/Page_HealthPost Store/select_--Select--Adernaline 0.'

2018-06-10 02:29:15 - [MESSAGE][PASSED] - All options with index in [54] are selected on object 'Object Repository/HealthpostToCms/Page_HealthPost Store/select_--Select--Adernaline 0.'

2018-06-10 02:29:15 - [TEST_STEP][PASSED] - setText: Text '100' is set on object 'Object Repository/HealthpostToCms/Page_HealthPost Store/input_txttreat'

2018-06-10 02:29:15 - [MESSAGE][PASSED] - Text '100' is set on object 'Object Repository/HealthpostToCms/Page_HealthPost Store/input_txttreat'

2018-06-10 02:29:15 - [TEST_STEP][PASSED] - click: Object: 'Object Repository/HealthpostToCms/Page_HealthPost Store/button_Add' is clicked on

2018-06-10 02:29:16 - [MESSAGE][PASSED] - Object: 'Object Repository/HealthpostToCms/Page_HealthPost Store/button_Add' is clicked on

2018-06-10 02:29:16 - [TEST_STEP][PASSED] - delay: Delayed 2 second(s)

2018-06-10 02:29:18 - [MESSAGE][PASSED] - Delayed 2 second(s)

2018-06-10 02:29:18 - [TEST_STEP][PASSED] - selectOptionByIndex: All options with index in [11] are selected on object 'Object Repository/HealthpostToCms/Page_HealthPost Store/select_--Select--Schedule 1Inj'

2018-06-10 02:29:18 - [MESSAGE][PASSED] - All options with index in [11] are selected on object 'Object Repository/HealthpostToCms/Page_HealthPost Store/select_--Select--Schedule 1Inj'

2018-06-10 02:29:18 - [TEST_STEP][PASSED] - delay: Delayed 1 second(s)

2018-06-10 02:29:19 - [MESSAGE][PASSED] - Delayed 1 second(s)

2018-06-10 02:29:19 - [TEST_STEP][PASSED] - selectOptionByIndex: All options with index in [55] are selected on object 'Object Repository/HealthpostToCms/Page_HealthPost Store/select_--Select--Adernaline 0.'

2018-06-10 02:29:19 - [MESSAGE][PASSED] - All options with index in [55] are selected on object 'Object Repository/HealthpostToCms/Page_HealthPost Store/select_--Select--Adernaline 0.'

2018-06-10 02:29:19 - [TEST_STEP][PASSED] - setText: Text '100' is set on object 'Object Repository/HealthpostToCms/Page_HealthPost Store/input_txttreat'

2018-06-10 02:29:20 - [MESSAGE][PASSED] - Text '100' is set on object 'Object Repository/HealthpostToCms/Page_HealthPost Store/input_txttreat'

2018-06-10 02:29:20 - [TEST_STEP][PASSED] - click: Object: 'Object Repository/HealthpostToCms/Page_HealthPost Store/button_Add' is clicked on

2018-06-10 02:29:20 - [MESSAGE][PASSED] - Object: 'Object Repository/HealthpostToCms/Page_HealthPost Store/button_Add' is clicked on

2018-06-10 02:29:20 - [TEST_STEP][PASSED] - delay: Delayed 2 second(s)

2018-06-10 02:29:22 - [MESSAGE][PASSED] - Delayed 2 second(s)

2018-06-10 02:29:22 - [TEST_STEP][PASSED] - selectOptionByIndex: All options with index in [11] are selected on object 'Object Repository/HealthpostToCms/Page_HealthPost Store/select_--Select--Schedule 1Inj'

2018-06-10 02:29:22 - [MESSAGE][PASSED] - All options with index in [11] are selected on object 'Object Repository/HealthpostToCms/Page_HealthPost Store/select_--Select--Schedule 1Inj'

2018-06-10 02:29:22 - [TEST_STEP][PASSED] - delay: Delayed 1 second(s)

2018-06-10 02:29:23 - [MESSAGE][PASSED] - Delayed 1 second(s)

2018-06-10 02:29:23 - [TEST_STEP][PASSED] - selectOptionByIndex: All options with index in [56] are selected on object 'Object Repository/HealthpostToCms/Page_HealthPost Store/select_--Select--Adernaline 0.'

2018-06-10 02:29:24 - [MESSAGE][PASSED] - All options with index in [56] are selected on object 'Object Repository/HealthpostToCms/Page_HealthPost Store/select_--Select--Adernaline 0.'

2018-06-10 02:29:24 - [TEST_STEP][PASSED] - setText: Text '100' is set on object 'Object Repository/HealthpostToCms/Page_HealthPost Store/input_txttreat'

2018-06-10 02:29:24 - [MESSAGE][PASSED] - Text '100' is set on object 'Object Repository/HealthpostToCms/Page_HealthPost Store/input_txttreat'

2018-06-10 02:29:24 - [TEST_STEP][PASSED] - click: Object: 'Object Repository/HealthpostToCms/Page_HealthPost Store/button_Add' is clicked on

2018-06-10 02:29:24 - [MESSAGE][PASSED] - Object: 'Object Repository/HealthpostToCms/Page_HealthPost Store/button_Add' is clicked on

2018-06-10 02:29:24 - [TEST_STEP][PASSED] - delay: Delayed 2 second(s)

2018-06-10 02:29:26 - [MESSAGE][PASSED] - Delayed 2 second(s)

2018-06-10 02:29:26 - [TEST_STEP][PASSED] - selectOptionByIndex: All options with index in [11] are selected on object 'Object Repository/HealthpostToCms/Page_HealthPost Store/select_--Select--Schedule 1Inj'

2018-06-10 02:29:26 - [MESSAGE][PASSED] - All options with index in [11] are selected on object 'Object Repository/HealthpostToCms/Page_HealthPost Store/select_--Select--Schedule 1Inj'

2018-06-10 02:29:26 - [TEST_STEP][PASSED] - delay: Delayed 1 second(s)

2018-06-10 02:29:27 - [MESSAGE][PASSED] - Delayed 1 second(s)

2018-06-10 02:29:27 - [TEST_STEP][PASSED] - selectOptionByIndex: All options with index in [57] are selected on object 'Object Repository/HealthpostToCms/Page_HealthPost Store/select_--Select--Adernaline 0.'

2018-06-10 02:29:28 - [MESSAGE][PASSED] - All options with index in [57] are selected on object 'Object Repository/HealthpostToCms/Page_HealthPost Store/select_--Select--Adernaline 0.'

2018-06-10 02:29:28 - [TEST_STEP][PASSED] - setText: Text '100' is set on object 'Object Repository/HealthpostToCms/Page_HealthPost Store/input_txttreat'

2018-06-10 02:29:28 - [MESSAGE][PASSED] - Text '100' is set on object 'Object Repository/HealthpostToCms/Page_HealthPost Store/input_txttreat'

2018-06-10 02:29:28 - [TEST_STEP][PASSED] - click: Object: 'Object Repository/HealthpostToCms/Page_HealthPost Store/button_Add' is clicked on

2018-06-10 02:29:28 - [MESSAGE][PASSED] - Object: 'Object Repository/HealthpostToCms/Page_HealthPost Store/button_Add' is clicked on

2018-06-10 02:29:28 - [TEST_STEP][PASSED] - delay: Delayed 2 second(s)

2018-06-10 02:29:30 - [MESSAGE][PASSED] - Delayed 2 second(s)

2018-06-10 02:29:30 - [TEST_STEP][PASSED] - selectOptionByIndex: All options with index in [11] are selected on object 'Object Repository/HealthpostToCms/Page_HealthPost Store/select_--Select--Schedule 1Inj'

2018-06-10 02:29:30 - [MESSAGE][PASSED] - All options with index in [11] are selected on object 'Object Repository/HealthpostToCms/Page_HealthPost Store/select_--Select--Schedule 1Inj'

2018-06-10 02:29:30 - [TEST_STEP][PASSED] - delay: Delayed 1 second(s)

2018-06-10 02:29:31 - [MESSAGE][PASSED] - Delayed 1 second(s)

2018-06-10 02:29:31 - [TEST_STEP][PASSED] - selectOptionByIndex: All options with index in [58] are selected on object 'Object Repository/HealthpostToCms/Page_HealthPost Store/select_--Select--Adernaline 0.'

2018-06-10 02:29:32 - [MESSAGE][PASSED] - All options with index in [58] are selected on object 'Object Repository/HealthpostToCms/Page_HealthPost Store/select_--Select--Adernaline 0.'

2018-06-10 02:29:32 - [TEST_STEP][PASSED] - setText: Text '100' is set on object 'Object Repository/HealthpostToCms/Page_HealthPost Store/input_txttreat'

2018-06-10 02:29:32 - [MESSAGE][PASSED] - Text '100' is set on object 'Object Repository/HealthpostToCms/Page_HealthPost Store/input_txttreat'

2018-06-10 02:29:32 - [TEST_STEP][PASSED] - click: Object: 'Object Repository/HealthpostToCms/Page_HealthPost Store/button_Add' is clicked on

2018-06-10 02:29:32 - [MESSAGE][PASSED] - Object: 'Object Repository/HealthpostToCms/Page_HealthPost Store/button_Add' is clicked on

2018-06-10 02:29:32 - [TEST_STEP][PASSED] - delay: Delayed 2 second(s)

2018-06-10 02:29:34 - [MESSAGE][PASSED] - Delayed 2 second(s)

2018-06-10 02:29:34 - [TEST_STEP][PASSED] - selectOptionByIndex: All options with index in [11] are selected on object 'Object Repository/HealthpostToCms/Page_HealthPost Store/select_--Select--Schedule 1Inj'

2018-06-10 02:29:34 - [MESSAGE][PASSED] - All options with index in [11] are selected on object 'Object Repository/HealthpostToCms/Page_HealthPost Store/select_--Select--Schedule 1Inj'

2018-06-10 02:29:34 - [TEST_STEP][PASSED] - delay: Delayed 1 second(s)

2018-06-10 02:29:35 - [MESSAGE][PASSED] - Delayed 1 second(s)

2018-06-10 02:29:35 - [TEST_STEP][PASSED] - selectOptionByIndex: All options with index in [59] are selected on object 'Object Repository/HealthpostToCms/Page_HealthPost Store/select_--Select--Adernaline 0.'

2018-06-10 02:29:36 - [MESSAGE][PASSED] - All options with index in [59] are selected on object 'Object Repository/HealthpostToCms/Page_HealthPost Store/select_--Select--Adernaline 0.'

2018-06-10 02:29:36 - [TEST_STEP][PASSED] - setText: Text '100' is set on object 'Object Repository/HealthpostToCms/Page_HealthPost Store/input_txttreat'

2018-06-10 02:29:36 - [MESSAGE][PASSED] - Text '100' is set on object 'Object Repository/HealthpostToCms/Page_HealthPost Store/input_txttreat'

2018-06-10 02:29:36 - [TEST_STEP][PASSED] - click: Object: 'Object Repository/HealthpostToCms/Page_HealthPost Store/button_Add' is clicked on

2018-06-10 02:29:36 - [MESSAGE][PASSED] - Object: 'Object Repository/HealthpostToCms/Page_HealthPost Store/button_Add' is clicked on

2018-06-10 02:29:36 - [TEST_STEP][PASSED] - delay: Delayed 2 second(s)

2018-06-10 02:29:38 - [MESSAGE][PASSED] - Delayed 2 second(s)

2018-06-10 02:29:38 - [TEST_STEP][PASSED] - selectOptionByIndex: All options with index in [11] are selected on object 'Object Repository/HealthpostToCms/Page_HealthPost Store/select_--Select--Schedule 1Inj'

2018-06-10 02:29:38 - [MESSAGE][PASSED] - All options with index in [11] are selected on object 'Object Repository/HealthpostToCms/Page_HealthPost Store/select_--Select--Schedule 1Inj'

2018-06-10 02:29:38 - [TEST_STEP][PASSED] - delay: Delayed 1 second(s)

2018-06-10 02:29:39 - [MESSAGE][PASSED] - Delayed 1 second(s)

2018-06-10 02:29:39 - [TEST_STEP][PASSED] - selectOptionByIndex: All options with index in [60] are selected on object 'Object Repository/HealthpostToCms/Page_HealthPost Store/select_--Select--Adernaline 0.'

2018-06-10 02:29:40 - [MESSAGE][PASSED] - All options with index in [60] are selected on object 'Object Repository/HealthpostToCms/Page_HealthPost Store/select_--Select--Adernaline 0.'

2018-06-10 02:29:40 - [TEST_STEP][PASSED] - setText: Text '100' is set on object 'Object Repository/HealthpostToCms/Page_HealthPost Store/input_txttreat'

2018-06-10 02:29:40 - [MESSAGE][PASSED] - Text '100' is set on object 'Object Repository/HealthpostToCms/Page_HealthPost Store/input_txttreat'

2018-06-10 02:29:40 - [TEST_STEP][PASSED] - click: Object: 'Object Repository/HealthpostToCms/Page_HealthPost Store/button_Add' is clicked on

2018-06-10 02:29:40 - [MESSAGE][PASSED] - Object: 'Object Repository/HealthpostToCms/Page_HealthPost Store/button_Add' is clicked on

2018-06-10 02:29:40 - [TEST_STEP][PASSED] - delay: Delayed 2 second(s)

2018-06-10 02:29:42 - [MESSAGE][PASSED] - Delayed 2 second(s)

2018-06-10 02:29:42 - [TEST_STEP][PASSED] - selectOptionByIndex: All options with index in [11] are selected on object 'Object Repository/HealthpostToCms/Page_HealthPost Store/select_--Select--Schedule 1Inj'

2018-06-10 02:29:42 - [MESSAGE][PASSED] - All options with index in [11] are selected on object 'Object Repository/HealthpostToCms/Page_HealthPost Store/select_--Select--Schedule 1Inj'

2018-06-10 02:29:42 - [TEST_STEP][PASSED] - delay: Delayed 1 second(s)

2018-06-10 02:29:43 - [MESSAGE][PASSED] - Delayed 1 second(s)

2018-06-10 02:29:43 - [TEST_STEP][PASSED] - selectOptionByIndex: All options with index in [61] are selected on object 'Object Repository/HealthpostToCms/Page_HealthPost Store/select_--Select--Adernaline 0.'

2018-06-10 02:29:44 - [MESSAGE][PASSED] - All options with index in [61] are selected on object 'Object Repository/HealthpostToCms/Page_HealthPost Store/select_--Select--Adernaline 0.'

2018-06-10 02:29:44 - [TEST_STEP][PASSED] - setText: Text '100' is set on object 'Object Repository/HealthpostToCms/Page_HealthPost Store/input_txttreat'

2018-06-10 02:29:44 - [MESSAGE][PASSED] - Text '100' is set on object 'Object Repository/HealthpostToCms/Page_HealthPost Store/input_txttreat'

2018-06-10 02:29:44 - [TEST_STEP][PASSED] - click: Object: 'Object Repository/HealthpostToCms/Page_HealthPost Store/button_Add' is clicked on

2018-06-10 02:29:44 - [MESSAGE][PASSED] - Object: 'Object Repository/HealthpostToCms/Page_HealthPost Store/button_Add' is clicked on

2018-06-10 02:29:44 - [TEST_STEP][PASSED] - delay: Delayed 2 second(s)

2018-06-10 02:29:46 - [MESSAGE][PASSED] - Delayed 2 second(s)

2018-06-10 02:29:46 - [TEST_STEP][PASSED] - selectOptionByIndex: All options with index in [11] are selected on object 'Object Repository/HealthpostToCms/Page_HealthPost Store/select_--Select--Schedule 1Inj'

2018-06-10 02:29:47 - [MESSAGE][PASSED] - All options with index in [11] are selected on object 'Object Repository/HealthpostToCms/Page_HealthPost Store/select_--Select--Schedule 1Inj'

2018-06-10 02:29:47 - [TEST_STEP][PASSED] - delay: Delayed 1 second(s)

2018-06-10 02:29:48 - [MESSAGE][PASSED] - Delayed 1 second(s)

2018-06-10 02:29:48 - [TEST_STEP][PASSED] - selectOptionByIndex: All options with index in [62] are selected on object 'Object Repository/HealthpostToCms/Page_HealthPost Store/select_--Select--Adernaline 0.'

2018-06-10 02:29:48 - [MESSAGE][PASSED] - All options with index in [62] are selected on object 'Object Repository/HealthpostToCms/Page_HealthPost Store/select_--Select--Adernaline 0.'

2018-06-10 02:29:48 - [TEST_STEP][PASSED] - setText: Text '100' is set on object 'Object Repository/HealthpostToCms/Page_HealthPost Store/input_txttreat'

2018-06-10 02:29:48 - [MESSAGE][PASSED] - Text '100' is set on object 'Object Repository/HealthpostToCms/Page_HealthPost Store/input_txttreat'

2018-06-10 02:29:48 - [TEST_STEP][PASSED] - click: Object: 'Object Repository/HealthpostToCms/Page_HealthPost Store/button_Add' is clicked on

2018-06-10 02:29:49 - [MESSAGE][PASSED] - Object: 'Object Repository/HealthpostToCms/Page_HealthPost Store/button_Add' is clicked on

2018-06-10 02:29:49 - [TEST_STEP][PASSED] - delay: Delayed 2 second(s)

2018-06-10 02:29:51 - [MESSAGE][PASSED] - Delayed 2 second(s)

2018-06-10 02:29:51 - [TEST_STEP][PASSED] - selectOptionByIndex: All options with index in [11] are selected on object 'Object Repository/HealthpostToCms/Page_HealthPost Store/select_--Select--Schedule 1Inj'

2018-06-10 02:29:51 - [MESSAGE][PASSED] - All options with index in [11] are selected on object 'Object Repository/HealthpostToCms/Page_HealthPost Store/select_--Select--Schedule 1Inj'

2018-06-10 02:29:51 - [TEST_STEP][PASSED] - delay: Delayed 1 second(s)

2018-06-10 02:29:52 - [MESSAGE][PASSED] - Delayed 1 second(s)

2018-06-10 02:29:52 - [TEST_STEP][PASSED] - selectOptionByIndex: All options with index in [63] are selected on object 'Object Repository/HealthpostToCms/Page_HealthPost Store/select_--Select--Adernaline 0.'

2018-06-10 02:29:53 - [MESSAGE][PASSED] - All options with index in [63] are selected on object 'Object Repository/HealthpostToCms/Page_HealthPost Store/select_--Select--Adernaline 0.'

2018-06-10 02:29:53 - [TEST_STEP][PASSED] - setText: Text '100' is set on object 'Object Repository/HealthpostToCms/Page_HealthPost Store/input_txttreat'

2018-06-10 02:29:53 - [MESSAGE][PASSED] - Text '100' is set on object 'Object Repository/HealthpostToCms/Page_HealthPost Store/input_txttreat'

2018-06-10 02:29:53 - [TEST_STEP][PASSED] - click: Object: 'Object Repository/HealthpostToCms/Page_HealthPost Store/button_Add' is clicked on

2018-06-10 02:29:53 - [MESSAGE][PASSED] - Object: 'Object Repository/HealthpostToCms/Page_HealthPost Store/button_Add' is clicked on

2018-06-10 02:29:53 - [TEST_STEP][PASSED] - delay: Delayed 2 second(s)

2018-06-10 02:29:55 - [MESSAGE][PASSED] - Delayed 2 second(s)

2018-06-10 02:29:55 - [TEST_STEP][PASSED] - selectOptionByIndex: All options with index in [11] are selected on object 'Object Repository/HealthpostToCms/Page_HealthPost Store/select_--Select--Schedule 1Inj'

2018-06-10 02:29:55 - [MESSAGE][PASSED] - All options with index in [11] are selected on object 'Object Repository/HealthpostToCms/Page_HealthPost Store/select_--Select--Schedule 1Inj'

2018-06-10 02:29:55 - [TEST_STEP][PASSED] - delay: Delayed 1 second(s)

2018-06-10 02:29:56 - [MESSAGE][PASSED] - Delayed 1 second(s)

2018-06-10 02:29:56 - [TEST_STEP][PASSED] - selectOptionByIndex: All options with index in [64] are selected on object 'Object Repository/HealthpostToCms/Page_HealthPost Store/select_--Select--Adernaline 0.'

2018-06-10 02:29:57 - [MESSAGE][PASSED] - All options with index in [64] are selected on object 'Object Repository/HealthpostToCms/Page_HealthPost Store/select_--Select--Adernaline 0.'

2018-06-10 02:29:57 - [TEST_STEP][PASSED] - setText: Text '100' is set on object 'Object Repository/HealthpostToCms/Page_HealthPost Store/input_txttreat'

2018-06-10 02:29:57 - [MESSAGE][PASSED] - Text '100' is set on object 'Object Repository/HealthpostToCms/Page_HealthPost Store/input_txttreat'

2018-06-10 02:29:57 - [TEST_STEP][PASSED] - click: Object: 'Object Repository/HealthpostToCms/Page_HealthPost Store/button_Add' is clicked on

2018-06-10 02:29:57 - [MESSAGE][PASSED] - Object: 'Object Repository/HealthpostToCms/Page_HealthPost Store/button_Add' is clicked on

2018-06-10 02:29:57 - [TEST_STEP][PASSED] - delay: Delayed 2 second(s)

2018-06-10 02:29:59 - [MESSAGE][PASSED] - Delayed 2 second(s)

2018-06-10 02:29:59 - [TEST_STEP][PASSED] - selectOptionByIndex: All options with index in [11] are selected on object 'Object Repository/HealthpostToCms/Page_HealthPost Store/select_--Select--Schedule 1Inj'

2018-06-10 02:29:59 - [MESSAGE][PASSED] - All options with index in [11] are selected on object 'Object Repository/HealthpostToCms/Page_HealthPost Store/select_--Select--Schedule 1Inj'

2018-06-10 02:29:59 - [TEST_STEP][PASSED] - delay: Delayed 1 second(s)

2018-06-10 02:30:00 - [MESSAGE][PASSED] - Delayed 1 second(s)

2018-06-10 02:30:00 - [TEST_STEP][PASSED] - selectOptionByIndex: All options with index in [65] are selected on object 'Object Repository/HealthpostToCms/Page_HealthPost Store/select_--Select--Adernaline 0.'

2018-06-10 02:30:01 - [MESSAGE][PASSED] - All options with index in [65] are selected on object 'Object Repository/HealthpostToCms/Page_HealthPost Store/select_--Select--Adernaline 0.'

2018-06-10 02:30:01 - [TEST_STEP][PASSED] - setText: Text '100' is set on object 'Object Repository/HealthpostToCms/Page_HealthPost Store/input_txttreat'

2018-06-10 02:30:01 - [MESSAGE][PASSED] - Text '100' is set on object 'Object Repository/HealthpostToCms/Page_HealthPost Store/input_txttreat'

2018-06-10 02:30:01 - [TEST_STEP][PASSED] - click: Object: 'Object Repository/HealthpostToCms/Page_HealthPost Store/button_Add' is clicked on

2018-06-10 02:30:01 - [MESSAGE][PASSED] - Object: 'Object Repository/HealthpostToCms/Page_HealthPost Store/button_Add' is clicked on

2018-06-10 02:30:01 - [TEST_STEP][PASSED] - delay: Delayed 2 second(s)

2018-06-10 02:30:03 - [MESSAGE][PASSED] - Delayed 2 second(s)

2018-06-10 02:30:03 - [TEST_STEP][PASSED] - selectOptionByIndex: All options with index in [11] are selected on object 'Object Repository/HealthpostToCms/Page_HealthPost Store/select_--Select--Schedule 1Inj'

2018-06-10 02:30:03 - [MESSAGE][PASSED] - All options with index in [11] are selected on object 'Object Repository/HealthpostToCms/Page_HealthPost Store/select_--Select--Schedule 1Inj'

2018-06-10 02:30:03 - [TEST_STEP][PASSED] - delay: Delayed 1 second(s)

2018-06-10 02:30:04 - [MESSAGE][PASSED] - Delayed 1 second(s)

2018-06-10 02:30:04 - [TEST_STEP][PASSED] - selectOptionByIndex: All options with index in [66] are selected on object 'Object Repository/HealthpostToCms/Page_HealthPost Store/select_--Select--Adernaline 0.'

2018-06-10 02:30:05 - [MESSAGE][PASSED] - All options with index in [66] are selected on object 'Object Repository/HealthpostToCms/Page_HealthPost Store/select_--Select--Adernaline 0.'

2018-06-10 02:30:05 - [TEST_STEP][PASSED] - setText: Text '100' is set on object 'Object Repository/HealthpostToCms/Page_HealthPost Store/input_txttreat'

2018-06-10 02:30:05 - [MESSAGE][PASSED] - Text '100' is set on object 'Object Repository/HealthpostToCms/Page_HealthPost Store/input_txttreat'

2018-06-10 02:30:05 - [TEST_STEP][PASSED] - click: Object: 'Object Repository/HealthpostToCms/Page_HealthPost Store/button_Add' is clicked on

2018-06-10 02:30:05 - [MESSAGE][PASSED] - Object: 'Object Repository/HealthpostToCms/Page_HealthPost Store/button_Add' is clicked on

2018-06-10 02:30:05 - [TEST_STEP][PASSED] - delay: Delayed 2 second(s)

2018-06-10 02:30:07 - [MESSAGE][PASSED] - Delayed 2 second(s)

2018-06-10 02:30:07 - [TEST_STEP][PASSED] - selectOptionByIndex: All options with index in [11] are selected on object 'Object Repository/HealthpostToCms/Page_HealthPost Store/select_--Select--Schedule 1Inj'

2018-06-10 02:30:08 - [MESSAGE][PASSED] - All options with index in [11] are selected on object 'Object Repository/HealthpostToCms/Page_HealthPost Store/select_--Select--Schedule 1Inj'

2018-06-10 02:30:08 - [TEST_STEP][PASSED] - delay: Delayed 1 second(s)

2018-06-10 02:30:09 - [MESSAGE][PASSED] - Delayed 1 second(s)

2018-06-10 02:30:09 - [TEST_STEP][PASSED] - selectOptionByIndex: All options with index in [67] are selected on object 'Object Repository/HealthpostToCms/Page_HealthPost Store/select_--Select--Adernaline 0.'

2018-06-10 02:30:09 - [MESSAGE][PASSED] - All options with index in [67] are selected on object 'Object Repository/HealthpostToCms/Page_HealthPost Store/select_--Select--Adernaline 0.'

2018-06-10 02:30:09 - [TEST_STEP][PASSED] - setText: Text '100' is set on object 'Object Repository/HealthpostToCms/Page_HealthPost Store/input_txttreat'

2018-06-10 02:30:09 - [MESSAGE][PASSED] - Text '100' is set on object 'Object Repository/HealthpostToCms/Page_HealthPost Store/input_txttreat'

2018-06-10 02:30:09 - [TEST_STEP][PASSED] - click: Object: 'Object Repository/HealthpostToCms/Page_HealthPost Store/button_Add' is clicked on

2018-06-10 02:30:10 - [MESSAGE][PASSED] - Object: 'Object Repository/HealthpostToCms/Page_HealthPost Store/button_Add' is clicked on

2018-06-10 02:30:10 - [TEST_STEP][PASSED] - delay: Delayed 2 second(s)

2018-06-10 02:30:12 - [MESSAGE][PASSED] - Delayed 2 second(s)

2018-06-10 02:30:12 - [TEST_STEP][PASSED] - selectOptionByIndex: All options with index in [11] are selected on object 'Object Repository/HealthpostToCms/Page_HealthPost Store/select_--Select--Schedule 1Inj'

2018-06-10 02:30:12 - [MESSAGE][PASSED] - All options with index in [11] are selected on object 'Object Repository/HealthpostToCms/Page_HealthPost Store/select_--Select--Schedule 1Inj'

2018-06-10 02:30:12 - [TEST_STEP][PASSED] - delay: Delayed 1 second(s)

2018-06-10 02:30:13 - [MESSAGE][PASSED] - Delayed 1 second(s)

2018-06-10 02:30:13 - [TEST_STEP][PASSED] - selectOptionByIndex: All options with index in [68] are selected on object 'Object Repository/HealthpostToCms/Page_HealthPost Store/select_--Select--Adernaline 0.'

2018-06-10 02:30:14 - [MESSAGE][PASSED] - All options with index in [68] are selected on object 'Object Repository/HealthpostToCms/Page_HealthPost Store/select_--Select--Adernaline 0.'

2018-06-10 02:30:14 - [TEST_STEP][PASSED] - setText: Text '100' is set on object 'Object Repository/HealthpostToCms/Page_HealthPost Store/input_txttreat'

2018-06-10 02:30:14 - [MESSAGE][PASSED] - Text '100' is set on object 'Object Repository/HealthpostToCms/Page_HealthPost Store/input_txttreat'

2018-06-10 02:30:14 - [TEST_STEP][PASSED] - click: Object: 'Object Repository/HealthpostToCms/Page_HealthPost Store/button_Add' is clicked on

2018-06-10 02:30:14 - [MESSAGE][PASSED] - Object: 'Object Repository/HealthpostToCms/Page_HealthPost Store/button_Add' is clicked on

2018-06-10 02:30:14 - [TEST_STEP][PASSED] - delay: Delayed 2 second(s)

2018-06-10 02:30:16 - [MESSAGE][PASSED] - Delayed 2 second(s)

2018-06-10 02:30:16 - [TEST_STEP][PASSED] - selectOptionByIndex: All options with index in [11] are selected on object 'Object Repository/HealthpostToCms/Page_HealthPost Store/select_--Select--Schedule 1Inj'

2018-06-10 02:30:16 - [MESSAGE][PASSED] - All options with index in [11] are selected on object 'Object Repository/HealthpostToCms/Page_HealthPost Store/select_--Select--Schedule 1Inj'

2018-06-10 02:30:16 - [TEST_STEP][PASSED] - delay: Delayed 1 second(s)

2018-06-10 02:30:17 - [MESSAGE][PASSED] - Delayed 1 second(s)

2018-06-10 02:30:17 - [TEST_STEP][PASSED] - selectOptionByIndex: All options with index in [69] are selected on object 'Object Repository/HealthpostToCms/Page_HealthPost Store/select_--Select--Adernaline 0.'

2018-06-10 02:30:18 - [MESSAGE][PASSED] - All options with index in [69] are selected on object 'Object Repository/HealthpostToCms/Page_HealthPost Store/select_--Select--Adernaline 0.'

2018-06-10 02:30:18 - [TEST_STEP][PASSED] - setText: Text '100' is set on object 'Object Repository/HealthpostToCms/Page_HealthPost Store/input_txttreat'

2018-06-10 02:30:18 - [MESSAGE][PASSED] - Text '100' is set on object 'Object Repository/HealthpostToCms/Page_HealthPost Store/input_txttreat'

2018-06-10 02:30:18 - [TEST_STEP][PASSED] - click: Object: 'Object Repository/HealthpostToCms/Page_HealthPost Store/button_Add' is clicked on

2018-06-10 02:30:18 - [MESSAGE][PASSED] - Object: 'Object Repository/HealthpostToCms/Page_HealthPost Store/button_Add' is clicked on

2018-06-10 02:30:18 - [TEST_STEP][PASSED] - delay: Delayed 2 second(s)

2018-06-10 02:30:20 - [MESSAGE][PASSED] - Delayed 2 second(s)

2018-06-10 02:30:20 - [TEST_STEP][PASSED] - selectOptionByIndex: All options with index in [11] are selected on object 'Object Repository/HealthpostToCms/Page_HealthPost Store/select_--Select--Schedule 1Inj'

2018-06-10 02:30:20 - [MESSAGE][PASSED] - All options with index in [11] are selected on object 'Object Repository/HealthpostToCms/Page_HealthPost Store/select_--Select--Schedule 1Inj'

2018-06-10 02:30:20 - [TEST_STEP][PASSED] - delay: Delayed 1 second(s)

2018-06-10 02:30:21 - [MESSAGE][PASSED] - Delayed 1 second(s)

2018-06-10 02:30:21 - [TEST_STEP][PASSED] - selectOptionByIndex: All options with index in [70] are selected on object 'Object Repository/HealthpostToCms/Page_HealthPost Store/select_--Select--Adernaline 0.'

2018-06-10 02:30:22 - [MESSAGE][PASSED] - All options with index in [70] are selected on object 'Object Repository/HealthpostToCms/Page_HealthPost Store/select_--Select--Adernaline 0.'

2018-06-10 02:30:22 - [TEST_STEP][PASSED] - setText: Text '100' is set on object 'Object Repository/HealthpostToCms/Page_HealthPost Store/input_txttreat'

2018-06-10 02:30:22 - [MESSAGE][PASSED] - Text '100' is set on object 'Object Repository/HealthpostToCms/Page_HealthPost Store/input_txttreat'

2018-06-10 02:30:22 - [TEST_STEP][PASSED] - click: Object: 'Object Repository/HealthpostToCms/Page_HealthPost Store/button_Add' is clicked on

2018-06-10 02:30:22 - [MESSAGE][PASSED] - Object: 'Object Repository/HealthpostToCms/Page_HealthPost Store/button_Add' is clicked on

2018-06-10 02:30:22 - [TEST_STEP][PASSED] - delay: Delayed 2 second(s)

2018-06-10 02:30:24 - [MESSAGE][PASSED] - Delayed 2 second(s)

2018-06-10 02:30:24 - [TEST_STEP][PASSED] - selectOptionByIndex: All options with index in [11] are selected on object 'Object Repository/HealthpostToCms/Page_HealthPost Store/select_--Select--Schedule 1Inj'

2018-06-10 02:30:25 - [MESSAGE][PASSED] - All options with index in [11] are selected on object 'Object Repository/HealthpostToCms/Page_HealthPost Store/select_--Select--Schedule 1Inj'

2018-06-10 02:30:25 - [TEST_STEP][PASSED] - delay: Delayed 1 second(s)

2018-06-10 02:30:26 - [MESSAGE][PASSED] - Delayed 1 second(s)

2018-06-10 02:30:26 - [TEST_STEP][PASSED] - selectOptionByIndex: All options with index in [71] are selected on object 'Object Repository/HealthpostToCms/Page_HealthPost Store/select_--Select--Adernaline 0.'

2018-06-10 02:30:26 - [MESSAGE][PASSED] - All options with index in [71] are selected on object 'Object Repository/HealthpostToCms/Page_HealthPost Store/select_--Select--Adernaline 0.'

2018-06-10 02:30:26 - [TEST_STEP][PASSED] - setText: Text '100' is set on object 'Object Repository/HealthpostToCms/Page_HealthPost Store/input_txttreat'

2018-06-10 02:30:26 - [MESSAGE][PASSED] - Text '100' is set on object 'Object Repository/HealthpostToCms/Page_HealthPost Store/input_txttreat'

2018-06-10 02:30:26 - [TEST_STEP][PASSED] - click: Object: 'Object Repository/HealthpostToCms/Page_HealthPost Store/button_Add' is clicked on

2018-06-10 02:30:27 - [MESSAGE][PASSED] - Object: 'Object Repository/HealthpostToCms/Page_HealthPost Store/button_Add' is clicked on

2018-06-10 02:30:27 - [TEST_STEP][PASSED] - delay: Delayed 2 second(s)

2018-06-10 02:30:29 - [MESSAGE][PASSED] - Delayed 2 second(s)

2018-06-10 02:30:29 - [TEST_STEP][PASSED] - selectOptionByIndex: All options with index in [11] are selected on object 'Object Repository/HealthpostToCms/Page_HealthPost Store/select_--Select--Schedule 1Inj'

2018-06-10 02:30:29 - [MESSAGE][PASSED] - All options with index in [11] are selected on object 'Object Repository/HealthpostToCms/Page_HealthPost Store/select_--Select--Schedule 1Inj'

2018-06-10 02:30:29 - [TEST_STEP][PASSED] - delay: Delayed 1 second(s)

2018-06-10 02:30:30 - [MESSAGE][PASSED] - Delayed 1 second(s)

2018-06-10 02:30:30 - [TEST_STEP][PASSED] - selectOptionByIndex: All options with index in [72] are selected on object 'Object Repository/HealthpostToCms/Page_HealthPost Store/select_--Select--Adernaline 0.'

2018-06-10 02:30:31 - [MESSAGE][PASSED] - All options with index in [72] are selected on object 'Object Repository/HealthpostToCms/Page_HealthPost Store/select_--Select--Adernaline 0.'

2018-06-10 02:30:31 - [TEST_STEP][PASSED] - setText: Text '100' is set on object 'Object Repository/HealthpostToCms/Page_HealthPost Store/input_txttreat'

2018-06-10 02:30:31 - [MESSAGE][PASSED] - Text '100' is set on object 'Object Repository/HealthpostToCms/Page_HealthPost Store/input_txttreat'

2018-06-10 02:30:31 - [TEST_STEP][PASSED] - click: Object: 'Object Repository/HealthpostToCms/Page_HealthPost Store/button_Add' is clicked on

2018-06-10 02:30:31 - [MESSAGE][PASSED] - Object: 'Object Repository/HealthpostToCms/Page_HealthPost Store/button_Add' is clicked on

2018-06-10 02:30:31 - [TEST_STEP][PASSED] - delay: Delayed 2 second(s)

2018-06-10 02:30:33 - [MESSAGE][PASSED] - Delayed 2 second(s)

2018-06-10 02:30:33 - [TEST_STEP][PASSED] - selectOptionByIndex: All options with index in [11] are selected on object 'Object Repository/HealthpostToCms/Page_HealthPost Store/select_--Select--Schedule 1Inj'

2018-06-10 02:30:33 - [MESSAGE][PASSED] - All options with index in [11] are selected on object 'Object Repository/HealthpostToCms/Page_HealthPost Store/select_--Select--Schedule 1Inj'

2018-06-10 02:30:33 - [TEST_STEP][PASSED] - delay: Delayed 1 second(s)

2018-06-10 02:30:34 - [MESSAGE][PASSED] - Delayed 1 second(s)

2018-06-10 02:30:34 - [TEST_STEP][PASSED] - selectOptionByIndex: All options with index in [73] are selected on object 'Object Repository/HealthpostToCms/Page_HealthPost Store/select_--Select--Adernaline 0.'

2018-06-10 02:30:35 - [MESSAGE][PASSED] - All options with index in [73] are selected on object 'Object Repository/HealthpostToCms/Page_HealthPost Store/select_--Select--Adernaline 0.'

2018-06-10 02:30:35 - [TEST_STEP][PASSED] - setText: Text '100' is set on object 'Object Repository/HealthpostToCms/Page_HealthPost Store/input_txttreat'

2018-06-10 02:30:35 - [MESSAGE][PASSED] - Text '100' is set on object 'Object Repository/HealthpostToCms/Page_HealthPost Store/input_txttreat'

2018-06-10 02:30:35 - [TEST_STEP][PASSED] - click: Object: 'Object Repository/HealthpostToCms/Page_HealthPost Store/button_Add' is clicked on

2018-06-10 02:30:35 - [MESSAGE][PASSED] - Object: 'Object Repository/HealthpostToCms/Page_HealthPost Store/button_Add' is clicked on

2018-06-10 02:30:35 - [TEST_STEP][PASSED] - delay: Delayed 2 second(s)

2018-06-10 02:30:37 - [MESSAGE][PASSED] - Delayed 2 second(s)

2018-06-10 02:30:37 - [TEST_STEP][PASSED] - selectOptionByIndex: All options with index in [11] are selected on object 'Object Repository/HealthpostToCms/Page_HealthPost Store/select_--Select--Schedule 1Inj'

2018-06-10 02:30:37 - [MESSAGE][PASSED] - All options with index in [11] are selected on object 'Object Repository/HealthpostToCms/Page_HealthPost Store/select_--Select--Schedule 1Inj'

2018-06-10 02:30:37 - [TEST_STEP][PASSED] - delay: Delayed 1 second(s)

2018-06-10 02:30:38 - [MESSAGE][PASSED] - Delayed 1 second(s)

2018-06-10 02:30:38 - [TEST_STEP][PASSED] - selectOptionByIndex: All options with index in [74] are selected on object 'Object Repository/HealthpostToCms/Page_HealthPost Store/select_--Select--Adernaline 0.'

2018-06-10 02:30:39 - [MESSAGE][PASSED] - All options with index in [74] are selected on object 'Object Repository/HealthpostToCms/Page_HealthPost Store/select_--Select--Adernaline 0.'

2018-06-10 02:30:39 - [TEST_STEP][PASSED] - setText: Text '100' is set on object 'Object Repository/HealthpostToCms/Page_HealthPost Store/input_txttreat'

2018-06-10 02:30:39 - [MESSAGE][PASSED] - Text '100' is set on object 'Object Repository/HealthpostToCms/Page_HealthPost Store/input_txttreat'

2018-06-10 02:30:39 - [TEST_STEP][PASSED] - click: Object: 'Object Repository/HealthpostToCms/Page_HealthPost Store/button_Add' is clicked on

2018-06-10 02:30:39 - [MESSAGE][PASSED] - Object: 'Object Repository/HealthpostToCms/Page_HealthPost Store/button_Add' is clicked on

2018-06-10 02:30:39 - [TEST_STEP][PASSED] - delay: Delayed 2 second(s)

2018-06-10 02:30:41 - [MESSAGE][PASSED] - Delayed 2 second(s)

2018-06-10 02:30:41 - [TEST_STEP][PASSED] - selectOptionByIndex: All options with index in [11] are selected on object 'Object Repository/HealthpostToCms/Page_HealthPost Store/select_--Select--Schedule 1Inj'

2018-06-10 02:30:42 - [MESSAGE][PASSED] - All options with index in [11] are selected on object 'Object Repository/HealthpostToCms/Page_HealthPost Store/select_--Select--Schedule 1Inj'

2018-06-10 02:30:42 - [TEST_STEP][PASSED] - delay: Delayed 1 second(s)

2018-06-10 02:30:43 - [MESSAGE][PASSED] - Delayed 1 second(s)

2018-06-10 02:30:43 - [TEST_STEP][PASSED] - selectOptionByIndex: All options with index in [75] are selected on object 'Object Repository/HealthpostToCms/Page_HealthPost Store/select_--Select--Adernaline 0.'

2018-06-10 02:30:44 - [MESSAGE][PASSED] - All options with index in [75] are selected on object 'Object Repository/HealthpostToCms/Page_HealthPost Store/select_--Select--Adernaline 0.'

2018-06-10 02:30:44 - [TEST_STEP][PASSED] - setText: Text '100' is set on object 'Object Repository/HealthpostToCms/Page_HealthPost Store/input_txttreat'

2018-06-10 02:30:44 - [MESSAGE][PASSED] - Text '100' is set on object 'Object Repository/HealthpostToCms/Page_HealthPost Store/input_txttreat'

2018-06-10 02:30:44 - [TEST_STEP][PASSED] - click: Object: 'Object Repository/HealthpostToCms/Page_HealthPost Store/button_Add' is clicked on

2018-06-10 02:30:44 - [MESSAGE][PASSED] - Object: 'Object Repository/HealthpostToCms/Page_HealthPost Store/button_Add' is clicked on

2018-06-10 02:30:44 - [TEST_STEP][PASSED] - delay: Delayed 2 second(s)

2018-06-10 02:30:46 - [MESSAGE][PASSED] - Delayed 2 second(s)

2018-06-10 02:30:46 - [TEST_STEP][PASSED] - selectOptionByIndex: All options with index in [11] are selected on object 'Object Repository/HealthpostToCms/Page_HealthPost Store/select_--Select--Schedule 1Inj'

2018-06-10 02:30:46 - [MESSAGE][PASSED] - All options with index in [11] are selected on object 'Object Repository/HealthpostToCms/Page_HealthPost Store/select_--Select--Schedule 1Inj'

2018-06-10 02:30:46 - [TEST_STEP][PASSED] - delay: Delayed 1 second(s)

2018-06-10 02:30:47 - [MESSAGE][PASSED] - Delayed 1 second(s)

2018-06-10 02:30:47 - [TEST_STEP][PASSED] - selectOptionByIndex: All options with index in [76] are selected on object 'Object Repository/HealthpostToCms/Page_HealthPost Store/select_--Select--Adernaline 0.'

2018-06-10 02:30:48 - [MESSAGE][PASSED] - All options with index in [76] are selected on object 'Object Repository/HealthpostToCms/Page_HealthPost Store/select_--Select--Adernaline 0.'

2018-06-10 02:30:48 - [TEST_STEP][PASSED] - setText: Text '100' is set on object 'Object Repository/HealthpostToCms/Page_HealthPost Store/input_txttreat'

2018-06-10 02:30:48 - [MESSAGE][PASSED] - Text '100' is set on object 'Object Repository/HealthpostToCms/Page_HealthPost Store/input_txttreat'

2018-06-10 02:30:48 - [TEST_STEP][PASSED] - click: Object: 'Object Repository/HealthpostToCms/Page_HealthPost Store/button_Add' is clicked on

2018-06-10 02:30:48 - [MESSAGE][PASSED] - Object: 'Object Repository/HealthpostToCms/Page_HealthPost Store/button_Add' is clicked on

2018-06-10 02:30:48 - [TEST_STEP][PASSED] - delay: Delayed 2 second(s)

2018-06-10 02:30:50 - [MESSAGE][PASSED] - Delayed 2 second(s)

2018-06-10 02:30:50 - [TEST_STEP][PASSED] - selectOptionByIndex: All options with index in [11] are selected on object 'Object Repository/HealthpostToCms/Page_HealthPost Store/select_--Select--Schedule 1Inj'

2018-06-10 02:30:50 - [MESSAGE][PASSED] - All options with index in [11] are selected on object 'Object Repository/HealthpostToCms/Page_HealthPost Store/select_--Select--Schedule 1Inj'

2018-06-10 02:30:50 - [TEST_STEP][PASSED] - delay: Delayed 1 second(s)

2018-06-10 02:30:51 - [MESSAGE][PASSED] - Delayed 1 second(s)

2018-06-10 02:30:51 - [TEST_STEP][PASSED] - selectOptionByIndex: All options with index in [77] are selected on object 'Object Repository/HealthpostToCms/Page_HealthPost Store/select_--Select--Adernaline 0.'

2018-06-10 02:30:52 - [MESSAGE][PASSED] - All options with index in [77] are selected on object 'Object Repository/HealthpostToCms/Page_HealthPost Store/select_--Select--Adernaline 0.'

2018-06-10 02:30:52 - [TEST_STEP][PASSED] - setText: Text '100' is set on object 'Object Repository/HealthpostToCms/Page_HealthPost Store/input_txttreat'

2018-06-10 02:30:52 - [MESSAGE][PASSED] - Text '100' is set on object 'Object Repository/HealthpostToCms/Page_HealthPost Store/input_txttreat'

2018-06-10 02:30:52 - [TEST_STEP][PASSED] - click: Object: 'Object Repository/HealthpostToCms/Page_HealthPost Store/button_Add' is clicked on

2018-06-10 02:30:52 - [MESSAGE][PASSED] - Object: 'Object Repository/HealthpostToCms/Page_HealthPost Store/button_Add' is clicked on

2018-06-10 02:30:52 - [TEST_STEP][PASSED] - delay: Delayed 2 second(s)

2018-06-10 02:30:54 - [MESSAGE][PASSED] - Delayed 2 second(s)

2018-06-10 02:30:54 - [TEST_STEP][PASSED] - selectOptionByIndex: All options with index in [11] are selected on object 'Object Repository/HealthpostToCms/Page_HealthPost Store/select_--Select--Schedule 1Inj'

2018-06-10 02:30:55 - [MESSAGE][PASSED] - All options with index in [11] are selected on object 'Object Repository/HealthpostToCms/Page_HealthPost Store/select_--Select--Schedule 1Inj'

2018-06-10 02:30:55 - [TEST_STEP][PASSED] - delay: Delayed 1 second(s)

2018-06-10 02:30:56 - [MESSAGE][PASSED] - Delayed 1 second(s)

2018-06-10 02:30:56 - [TEST_STEP][PASSED] - selectOptionByIndex: All options with index in [78] are selected on object 'Object Repository/HealthpostToCms/Page_HealthPost Store/select_--Select--Adernaline 0.'

2018-06-10 02:30:56 - [MESSAGE][PASSED] - All options with index in [78] are selected on object 'Object Repository/HealthpostToCms/Page_HealthPost Store/select_--Select--Adernaline 0.'

2018-06-10 02:30:56 - [TEST_STEP][PASSED] - setText: Text '100' is set on object 'Object Repository/HealthpostToCms/Page_HealthPost Store/input_txttreat'

2018-06-10 02:30:57 - [MESSAGE][PASSED] - Text '100' is set on object 'Object Repository/HealthpostToCms/Page_HealthPost Store/input_txttreat'

2018-06-10 02:30:57 - [TEST_STEP][PASSED] - click: Object: 'Object Repository/HealthpostToCms/Page_HealthPost Store/button_Add' is clicked on

2018-06-10 02:30:57 - [MESSAGE][PASSED] - Object: 'Object Repository/HealthpostToCms/Page_HealthPost Store/button_Add' is clicked on

2018-06-10 02:30:57 - [TEST_STEP][PASSED] - delay: Delayed 2 second(s)

2018-06-10 02:30:59 - [MESSAGE][PASSED] - Delayed 2 second(s)

2018-06-10 02:30:59 - [TEST_STEP][PASSED] - selectOptionByIndex: All options with index in [11] are selected on object 'Object Repository/HealthpostToCms/Page_HealthPost Store/select_--Select--Schedule 1Inj'

2018-06-10 02:30:59 - [MESSAGE][PASSED] - All options with index in [11] are selected on object 'Object Repository/HealthpostToCms/Page_HealthPost Store/select_--Select--Schedule 1Inj'

2018-06-10 02:30:59 - [TEST_STEP][PASSED] - delay: Delayed 1 second(s)

2018-06-10 02:31:00 - [MESSAGE][PASSED] - Delayed 1 second(s)

2018-06-10 02:31:00 - [TEST_STEP][PASSED] - selectOptionByIndex: All options with index in [79] are selected on object 'Object Repository/HealthpostToCms/Page_HealthPost Store/select_--Select--Adernaline 0.'

2018-06-10 02:31:01 - [MESSAGE][PASSED] - All options with index in [79] are selected on object 'Object Repository/HealthpostToCms/Page_HealthPost Store/select_--Select--Adernaline 0.'

2018-06-10 02:31:01 - [TEST_STEP][PASSED] - setText: Text '100' is set on object 'Object Repository/HealthpostToCms/Page_HealthPost Store/input_txttreat'

2018-06-10 02:31:01 - [MESSAGE][PASSED] - Text '100' is set on object 'Object Repository/HealthpostToCms/Page_HealthPost Store/input_txttreat'

2018-06-10 02:31:01 - [TEST_STEP][PASSED] - click: Object: 'Object Repository/HealthpostToCms/Page_HealthPost Store/button_Add' is clicked on

2018-06-10 02:31:01 - [MESSAGE][PASSED] - Object: 'Object Repository/HealthpostToCms/Page_HealthPost Store/button_Add' is clicked on

2018-06-10 02:31:01 - [TEST_STEP][PASSED] - delay: Delayed 2 second(s)

2018-06-10 02:31:03 - [MESSAGE][PASSED] - Delayed 2 second(s)

2018-06-10 02:31:03 - [TEST_STEP][PASSED] - selectOptionByIndex: All options with index in [11] are selected on object 'Object Repository/HealthpostToCms/Page_HealthPost Store/select_--Select--Schedule 1Inj'

2018-06-10 02:31:03 - [MESSAGE][PASSED] - All options with index in [11] are selected on object 'Object Repository/HealthpostToCms/Page_HealthPost Store/select_--Select--Schedule 1Inj'

2018-06-10 02:31:03 - [TEST_STEP][PASSED] - delay: Delayed 1 second(s)

2018-06-10 02:31:04 - [MESSAGE][PASSED] - Delayed 1 second(s)

2018-06-10 02:31:04 - [TEST_STEP][PASSED] - selectOptionByIndex: All options with index in [80] are selected on object 'Object Repository/HealthpostToCms/Page_HealthPost Store/select_--Select--Adernaline 0.'

2018-06-10 02:31:05 - [MESSAGE][PASSED] - All options with index in [80] are selected on object 'Object Repository/HealthpostToCms/Page_HealthPost Store/select_--Select--Adernaline 0.'

2018-06-10 02:31:05 - [TEST_STEP][PASSED] - setText: Text '100' is set on object 'Object Repository/HealthpostToCms/Page_HealthPost Store/input_txttreat'

2018-06-10 02:31:05 - [MESSAGE][PASSED] - Text '100' is set on object 'Object Repository/HealthpostToCms/Page_HealthPost Store/input_txttreat'

2018-06-10 02:31:05 - [TEST_STEP][PASSED] - click: Object: 'Object Repository/HealthpostToCms/Page_HealthPost Store/button_Add' is clicked on

2018-06-10 02:31:05 - [MESSAGE][PASSED] - Object: 'Object Repository/HealthpostToCms/Page_HealthPost Store/button_Add' is clicked on

2018-06-10 02:31:05 - [TEST_STEP][PASSED] - delay: Delayed 2 second(s)

2018-06-10 02:31:07 - [MESSAGE][PASSED] - Delayed 2 second(s)

2018-06-10 02:31:07 - [TEST_STEP][PASSED] - scrollToElement: Scroll to object 'Object Repository/HealthpostToCms/Page_HealthPost Store/input_btnsave' successfully

2018-06-10 02:31:07 - [MESSAGE][PASSED] - Scroll to object 'Object Repository/HealthpostToCms/Page_HealthPost Store/input_btnsave' successfully

2018-06-10 02:31:07 - [TEST_STEP][PASSED] - click: Object: 'Object Repository/HealthpostToCms/Page_HealthPost Store/input_btnsave' is clicked on

2018-06-10 02:31:08 - [MESSAGE][PASSED] - Object: 'Object Repository/HealthpostToCms/Page_HealthPost Store/input_btnsave' is clicked on

2018-06-10 02:31:08 - [TEST_STEP][PASSED] - delay: Delayed 3 second(s)

2018-06-10 02:31:11 - [MESSAGE][PASSED] - Delayed 3 second(s)

2018-06-10 02:31:11 - [TEST_STEP][PASSED] - Statement - RN1 = com.kms.katalon.core.webui.keyword.WebUiBuiltInKeywords.getText(com.kms.katalon.core.testobject.ObjectRepository.findTestObject(HealthpostToCms/Page_HealthPost Store/font_PRNO18052018174)): Text of object 'Object Repository/HealthpostToCms/Page_HealthPost Store/font_PRNO18052018174' is: 'PRNO/10062018/765'

2018-06-10 02:31:11 - [MESSAGE][PASSED] - Text of object 'Object Repository/HealthpostToCms/Page_HealthPost Store/font_PRNO18052018174' is: 'PRNO/10062018/765'

2018-06-10 02:31:11 - [TEST_STEP][PASSED] - Statement - out.println(RN1): null

2018-06-10 02:31:11 - [TEST_STEP][PASSED] - Statement - RID = RN1.split("/")[2]: null

2018-06-10 02:31:11 - [TEST_STEP][PASSED] - click: Object: 'Object Repository/HealthpostToCms/Page_HealthPost Store/button_OK' is clicked on

2018-06-10 02:31:11 - [MESSAGE][PASSED] - Object: 'Object Repository/HealthpostToCms/Page_HealthPost Store/button_OK' is clicked on

2018-06-10 02:31:11 - [TEST_STEP][PASSED] - delay: Delayed 3 second(s)

2018-06-10 02:31:14 - [MESSAGE][PASSED] - Delayed 3 second(s)

2018-06-10 02:31:14 - [TEST_STEP][PASSED] - waitForElementPresent: Object 'Object Repository/HealthpostToCms/Page_HealthPost Store/a_dropdown-toggle' is present

2018-06-10 02:31:14 - [MESSAGE][PASSED] - Object 'Object Repository/HealthpostToCms/Page_HealthPost Store/a_dropdown-toggle' is present

2018-06-10 02:31:14 - [TEST_STEP][PASSED] - click: Object: 'Object Repository/HealthpostToCms/Page_HealthPost Store/a_dropdown-toggle' is clicked on

2018-06-10 02:31:14 - [MESSAGE][PASSED] - Object: 'Object Repository/HealthpostToCms/Page_HealthPost Store/a_dropdown-toggle' is clicked on

2018-06-10 02:31:14 - [TEST_STEP][PASSED] - click: Object: 'Object Repository/HealthpostToCms/Page_HealthPost Store/a_Sign out' is clicked on

2018-06-10 02:31:15 - [MESSAGE][PASSED] - Object: 'Object Repository/HealthpostToCms/Page_HealthPost Store/a_Sign out' is clicked on

2018-06-10 02:31:15 - [TEST_STEP][PASSED] - delay: Delayed 3 second(s)

2018-06-10 02:31:18 - [MESSAGE][PASSED] - Delayed 3 second(s)

2018-06-10 02:31:18 - [TEST_STEP][PASSED] - navigateToUrl: Navigate to 'http://192.168.137.1/multihospital_new/' successfully

2018-06-10 02:31:18 - [MESSAGE][PASSED] - Navigate to 'http://192.168.137.1/multihospital_new/' successfully

2018-06-10 02:31:18 - [TEST_STEP][PASSED] - click: Object: 'Object Repository/HealthpostToCms/Page_KDMC/a_CMO' is clicked on

2018-06-10 02:31:19 - [MESSAGE][PASSED] - Object: 'Object Repository/HealthpostToCms/Page_KDMC/a_CMO' is clicked on

2018-06-10 02:31:19 - [TEST_STEP][PASSED] - setText: Text 'guru' is set on object 'Object Repository/HealthpostToCms/Page_CMO login/input_txtusername'

2018-06-10 02:31:19 - [MESSAGE][PASSED] - Text 'guru' is set on object 'Object Repository/HealthpostToCms/Page_CMO login/input_txtusername'

2018-06-10 02:31:19 - [TEST_STEP][PASSED] - setText: Text '123' is set on object 'Object Repository/HealthpostToCms/Page_CMO login/input_txtpassword'

2018-06-10 02:31:19 - [MESSAGE][PASSED] - Text '123' is set on object 'Object Repository/HealthpostToCms/Page_CMO login/input_txtpassword'

2018-06-10 02:31:19 - [TEST_STEP][PASSED] - delay: Delayed 3 second(s)

2018-06-10 02:31:22 - [MESSAGE][PASSED] - Delayed 3 second(s)

2018-06-10 02:31:22 - [TEST_STEP][PASSED] - click: Object: 'Object Repository/HealthpostToCms/Page_CMO login/button_Sign in' is clicked on

2018-06-10 02:31:23 - [MESSAGE][PASSED] - Object: 'Object Repository/HealthpostToCms/Page_CMO login/button_Sign in' is clicked on

2018-06-10 02:31:23 - [TEST_STEP][PASSED] - delay: Delayed 3 second(s)

2018-06-10 02:31:26 - [MESSAGE][PASSED] - Delayed 3 second(s)

2018-06-10 02:31:26 - [TEST_STEP][PASSED] - click: Object: 'Object Repository/HealthpostToCms/Page_KDMC - CMO/a_CMS Request' is clicked on

2018-06-10 02:31:26 - [MESSAGE][PASSED] - Object: 'Object Repository/HealthpostToCms/Page_KDMC - CMO/a_CMS Request' is clicked on

2018-06-10 02:31:26 - [TEST_STEP][PASSED] - delay: Delayed 2 second(s)

2018-06-10 02:31:28 - [MESSAGE][PASSED] - Delayed 2 second(s)

2018-06-10 02:31:28 - [TEST_STEP][PASSED] - click: Object: 'Object Repository/HealthpostToCms/Page_KDMC - CMO/a_Healthpost Store Request' is clicked on

2018-06-10 02:31:29 - [MESSAGE][PASSED] - Object: 'Object Repository/HealthpostToCms/Page_KDMC - CMO/a_Healthpost Store Request' is clicked on

2018-06-10 02:31:29 - [TEST_STEP][PASSED] - selectOptionByIndex: All options with index in [1] are selected on object 'Object Repository/HealthpostToCms/Page_KDMC - CMO/select_--ALL--'

2018-06-10 02:31:29 - [MESSAGE][PASSED] - All options with index in [1] are selected on object 'Object Repository/HealthpostToCms/Page_KDMC - CMO/select_--ALL--'

2018-06-10 02:31:29 - [TEST_STEP][PASSED] - click: Object: 'Object Repository/HealthpostToCms/Page_KDMC - CMO/input_btnsearch' is clicked on

2018-06-10 02:31:29 - [MESSAGE][PASSED] - Object: 'Object Repository/HealthpostToCms/Page_KDMC - CMO/input_btnsearch' is clicked on

2018-06-10 02:31:29 - [TEST_STEP][PASSED] - Statement - ID = com.kms.katalon.core.webui.keyword.WebUiBuiltInKeywords.modifyObjectProperty(com.kms.katalon.core.testobject.ObjectRepository.findTestObject(lab/Page_KDMC - CMO/input_1), "xpath", "equals", "//*[@id=" + RID + "]", true): Modify property of object successfully

2018-06-10 02:31:29 - [MESSAGE][PASSED] - Modify property of object successfully

2018-06-10 02:31:29 - [TEST_STEP][PASSED] - click: Object: 'Object Repository/lab/Page_KDMC - CMO/input_1' is clicked on

2018-06-10 02:31:30 - [MESSAGE][PASSED] - Object: 'Object Repository/lab/Page_KDMC - CMO/input_1' is clicked on

2018-06-10 02:31:30 - [TEST_STEP][PASSED] - delay: Delayed 2 second(s)

2018-06-10 02:31:32 - [MESSAGE][PASSED] - Delayed 2 second(s)

2018-06-10 02:31:32 - [TEST_STEP][PASSED] - selectOptionByIndex: All options with index in [1] are selected on object 'Object Repository/HealthpostToCms/Page_KDMC - CMO/select_--Select--'

2018-06-10 02:31:32 - [MESSAGE][PASSED] - All options with index in [1] are selected on object 'Object Repository/HealthpostToCms/Page_KDMC - CMO/select_--Select--'

2018-06-10 02:31:32 - [TEST_STEP][PASSED] - click: Object: 'Object Repository/HealthpostToCms/Page_KDMC - CMO/input_btnupdate' is clicked on

2018-06-10 02:31:32 - [MESSAGE][PASSED] - Object: 'Object Repository/HealthpostToCms/Page_KDMC - CMO/input_btnupdate' is clicked on

2018-06-10 02:31:32 - [TEST_STEP][PASSED] - delay: Delayed 2 second(s)

2018-06-10 02:31:34 - [MESSAGE][PASSED] - Delayed 2 second(s)

2018-06-10 02:31:34 - [TEST_STEP][PASSED] - click: Object: 'Object Repository/HealthpostToCms/Page_KDMC - CMO/button_OK' is clicked on

2018-06-10 02:31:34 - [MESSAGE][PASSED] - Object: 'Object Repository/HealthpostToCms/Page_KDMC - CMO/button_OK' is clicked on

2018-06-10 02:31:34 - [TEST_STEP][PASSED] - delay: Delayed 3 second(s)

2018-06-10 02:31:37 - [MESSAGE][PASSED] - Delayed 3 second(s)

2018-06-10 02:31:37 - [TEST_STEP][PASSED] - waitForElementPresent: Object 'Object Repository/HealthpostToCms/Page_KDMC - CMO/a_dropdown-toggle' is present

2018-06-10 02:31:37 - [MESSAGE][PASSED] - Object 'Object Repository/HealthpostToCms/Page_KDMC - CMO/a_dropdown-toggle' is present

2018-06-10 02:31:37 - [TEST_STEP][PASSED] - click: Object: 'Object Repository/HealthpostToCms/Page_KDMC - CMO/a_dropdown-toggle' is clicked on

2018-06-10 02:31:38 - [MESSAGE][PASSED] - Object: 'Object Repository/HealthpostToCms/Page_KDMC - CMO/a_dropdown-toggle' is clicked on

2018-06-10 02:31:38 - [TEST_STEP][PASSED] - click: Object: 'Object Repository/HealthpostToCms/Page_KDMC - CMO/a_Sign out' is clicked on

2018-06-10 02:31:38 - [MESSAGE][PASSED] - Object: 'Object Repository/HealthpostToCms/Page_KDMC - CMO/a_Sign out' is clicked on

2018-06-10 02:31:38 - [TEST_STEP][PASSED] - delay: Delayed 3 second(s)

2018-06-10 02:31:41 - [MESSAGE][PASSED] - Delayed 3 second(s)

2018-06-10 02:31:41 - [TEST_STEP][PASSED] - click: Object: 'Object Repository/HealthpostToCms/Page_KDMC/a_CMS' is clicked on

2018-06-10 02:31:41 - [MESSAGE][PASSED] - Object: 'Object Repository/HealthpostToCms/Page_KDMC/a_CMS' is clicked on

2018-06-10 02:31:41 - [TEST_STEP][PASSED] - setText: Text 'bala' is set on object 'Object Repository/HealthpostToCms/Page_CMS login/input_txtusername'

2018-06-10 02:31:42 - [MESSAGE][PASSED] - Text 'bala' is set on object 'Object Repository/HealthpostToCms/Page_CMS login/input_txtusername'

2018-06-10 02:31:42 - [TEST_STEP][PASSED] - setText: Text '123' is set on object 'Object Repository/HealthpostToCms/Page_CMS login/input_txtpassword'

2018-06-10 02:31:42 - [MESSAGE][PASSED] - Text '123' is set on object 'Object Repository/HealthpostToCms/Page_CMS login/input_txtpassword'

2018-06-10 02:31:42 - [TEST_STEP][PASSED] - delay: Delayed 3 second(s)

2018-06-10 02:31:45 - [MESSAGE][PASSED] - Delayed 3 second(s)

2018-06-10 02:31:45 - [TEST_STEP][PASSED] - click: Object: 'Object Repository/HealthpostToCms/Page_CMS login/button_Sign in' is clicked on

2018-06-10 02:31:45 - [MESSAGE][PASSED] - Object: 'Object Repository/HealthpostToCms/Page_CMS login/button_Sign in' is clicked on

2018-06-10 02:31:45 - [TEST_STEP][PASSED] - delay: Delayed 3 second(s)

2018-06-10 02:31:48 - [MESSAGE][PASSED] - Delayed 3 second(s)

2018-06-10 02:31:48 - [TEST_STEP][PASSED] - click: Object: 'Object Repository/HealthpostToCms/Page_KDMC - CMS/a_Divisional Store' is clicked on

2018-06-10 02:31:48 - [MESSAGE][PASSED] - Object: 'Object Repository/HealthpostToCms/Page_KDMC - CMS/a_Divisional Store' is clicked on

2018-06-10 02:31:48 - [TEST_STEP][PASSED] - delay: Delayed 2 second(s)

2018-06-10 02:31:50 - [MESSAGE][PASSED] - Delayed 2 second(s)

2018-06-10 02:31:50 - [TEST_STEP][PASSED] - click: Object: 'Object Repository/HealthpostToCms/Page_KDMC - CMS/a_Dispatch Items' is clicked on

2018-06-10 02:31:51 - [MESSAGE][PASSED] - Object: 'Object Repository/HealthpostToCms/Page_KDMC - CMS/a_Dispatch Items' is clicked on

2018-06-10 02:31:51 - [TEST_STEP][PASSED] - delay: Delayed 2 second(s)

2018-06-10 02:31:53 - [MESSAGE][PASSED] - Delayed 2 second(s)

2018-06-10 02:31:53 - [TEST_STEP][PASSED] - setText: Text 'PRNO/10062018/765' is set on object 'Object Repository/HealthpostToCms/Page_KDMC - CMS/input'

2018-06-10 02:31:53 - [MESSAGE][PASSED] - Text 'PRNO/10062018/765' is set on object 'Object Repository/HealthpostToCms/Page_KDMC - CMS/input'

2018-06-10 02:31:53 - [TEST_STEP][PASSED] - click: Object: 'Object Repository/HealthpostToCms/Page_KDMC - CMS/input_PRNO18052018174' is clicked on

2018-06-10 02:31:53 - [MESSAGE][PASSED] - Object: 'Object Repository/HealthpostToCms/Page_KDMC - CMS/input_PRNO18052018174' is clicked on

2018-06-10 02:31:53 - [TEST_STEP][PASSED] - delay: Delayed 3 second(s)

2018-06-10 02:31:56 - [MESSAGE][PASSED] - Delayed 3 second(s)

2018-06-10 02:31:56 - [TEST_STEP][PASSED] - Statement - out.println("Length : " + medicineslength): null

2018-06-10 02:31:56 - [TEST_STEP][PASSED] - Statement - For ([row = 0, row < medicineslength - 1, (row++)]): null

2018-06-10 02:31:56 - [TEST_STEP][PASSED] - Statement - batchlength = new com.kms.katalon.core.testobject.TestObject(): null

2018-06-10 02:31:56 - [TEST_STEP][PASSED] - Statement - batchlength = com.kms.katalon.core.webui.keyword.WebUiBuiltInKeywords.modifyObjectProperty(batchlength, "xpath", "equals", "//*[@id = "fldvendor" + row + ""]", true): Modify property of object successfully

2018-06-10 02:31:56 - [MESSAGE][PASSED] - Modify property of object successfully

2018-06-10 02:31:56 - [TEST_STEP][PASSED] - Statement - batchsize = com.kms.katalon.core.webui.keyword.WebUiBuiltInKeywords.getNumberOfTotalOption(batchlength): 9 options of object '' counted

2018-06-10 02:31:58 - [MESSAGE][PASSED] - 9 options of object '' counted

2018-06-10 02:31:58 - [TEST_STEP][PASSED] - Statement - out.println("BatchSize : " + batchsize): null

2018-06-10 02:31:58 - [TEST_STEP][PASSED] - Statement - For ([n = 1, n <= batchsize - 1, (n++)]): null

2018-06-10 02:31:58 - [TEST_STEP][PASSED] - Statement - product = new com.kms.katalon.core.testobject.TestObject(): null

2018-06-10 02:31:58 - [TEST_STEP][PASSED] - Statement - product = com.kms.katalon.core.webui.keyword.WebUiBuiltInKeywords.modifyObjectProperty(product, "xpath", "equals", "//*[@id = "fldvendor" + row + ""]", true): Modify property of object successfully

2018-06-10 02:31:58 - [MESSAGE][PASSED] - Modify property of object successfully

2018-06-10 02:31:58 - [TEST_STEP][PASSED] - selectOptionByIndex: All options with index in [1] are selected on object ''

2018-06-10 02:31:58 - [MESSAGE][PASSED] - All options with index in [1] are selected on object ''

2018-06-10 02:31:58 - [TEST_STEP][PASSED] - Statement - batch = new com.kms.katalon.core.testobject.TestObject(): null

2018-06-10 02:31:58 - [TEST_STEP][PASSED] - Statement - batch = com.kms.katalon.core.webui.keyword.WebUiBuiltInKeywords.modifyObjectProperty(batch, "xpath", "equals", "//*[@id = "txtbthqty" + row + ""]", true): Modify property of object successfully

2018-06-10 02:31:58 - [MESSAGE][PASSED] - Modify property of object successfully

2018-06-10 02:31:58 - [TEST_STEP][PASSED] - Statement - batchqty = com.kms.katalon.core.webui.keyword.WebUiBuiltInKeywords.getAttribute(batch, "value").trim(): Attribute 'value' of object '' is: ''

2018-06-10 02:31:58 - [MESSAGE][PASSED] - Attribute 'value' of object '' is: ''

2018-06-10 02:31:58 - [TEST_STEP][PASSED] - Statement - Rqty = 100: null

2018-06-10 02:31:58 - [TEST_STEP][PASSED] - delay: Delayed 2 second(s)

2018-06-10 02:32:00 - [MESSAGE][PASSED] - Delayed 2 second(s)

2018-06-10 02:32:00 - [TEST_STEP][PASSED] - Statement - out.println("BatchQty : " + batchqty): null

2018-06-10 02:32:00 - [TEST_STEP][PASSED] - Statement - out.println("RQty : " + Rqty): null

2018-06-10 02:32:00 - [TEST_STEP][PASSED] - Statement - If (java.lang.Integer.valueOf(batchqty) >= java.lang.Integer.valueOf(Rqty)): null]]></system-out>
         <system-err><![CDATA[2018-06-10 02:25:34 - [TEST_CASE][ERROR] - Test Cases/HEALTHPOST TEST CASES/TC_HP_023 Verify Schedule 11 Healthpost To CMS Request Are Working Successfully Or Not: Test Cases/HEALTHPOST TEST CASES/TC_HP_023 Verify Schedule 11 Healthpost To CMS Request Are Working Successfully Or Not FAILED because (of) java.lang.NumberFormatException: For input string: ""]]></system-err>
      </testcase>
      <system-out><![CDATA[2018-06-10 02:21:32 - [TEST_SUITE][ERROR] - HealthPost_CMS_Suite: Test Cases/HEALTHPOST TEST CASES/TC_HP_013 Verify Schedule 1 Healthpost To CMS Request Are Working Successfully Or Not FAILED because (of) java.lang.NumberFormatException: For input string: ""]]></system-out>
      <system-err><![CDATA[2018-06-10 02:21:32 - [TEST_SUITE][ERROR] - HealthPost_CMS_Suite: Test Cases/HEALTHPOST TEST CASES/TC_HP_013 Verify Schedule 1 Healthpost To CMS Request Are Working Successfully Or Not FAILED because (of) java.lang.NumberFormatException: For input string: ""]]></system-err>
   </testsuite>
</testsuites>
