<?xml version="1.0" encoding="UTF-8"?>
<testsuites name="TEST" time="46" tests="0" failures="0" errors="4">
   <testsuite name="TEST" tests="0" failures="0" errors="4" time="46" timestamp="2018-05-31 15:10:06" hostname="Quality Analyst - DESKTOP-BLFTK83" id="Test Suites/TEST">
      <properties>
         <property name="deviceName" value=""/>
         <property name="devicePlatform" value=""/>
         <property name="logFolder" value="C:\\Users\\Quality Analyst\\Katalon Studio\\ds\\Reports\\TEST\\20180531_150955"/>
         <property name="logFiles" value="C:\\Users\\Quality Analyst\\Katalon Studio\\ds\\Reports\\TEST\\20180531_150955\\execution0.log"/>
         <property name="attachments" value=""/>
         <property name="hostName" value="Quality Analyst - DESKTOP-BLFTK83"/>
         <property name="os" value="Windows 10 64bit"/>
         <property name="katalonVersion" value="5.4.2.1"/>
         <property name="browser" value="Chrome 66.0.3359.181"/>
         <property name="hostAddress" value="169.254.189.85"/>
         <property name="sessionId" value="fab7e0df2a19651aae7b67d7b8acb7a4"/>
         <property name="seleniumVersion" value="3.7.1"/>
         <property name="proxyInformation" value="ProxyInformation{proxyOption=NO_PROXY, proxyServerType=HTTP, password=, proxyServerAddress=, proxyServerPort=0}"/>
         <property name="platform" value="Windows 10"/>
      </properties>
      <testcase name="Test Cases/TEST/GRN RECEIVE IN CMS/dp" classname="Test Cases/TEST/GRN RECEIVE IN CMS/dp" status="ERROR">
         <error type="ERROR" message="Test Cases/TEST/GRN RECEIVE IN CMS/dp FAILED because (of) org.codehaus.groovy.runtime.typehandling.GroovyCastException: Cannot cast object 'com.kms.katalon.core.testdata.reader.SheetPOI@1763992e' with class 'com.kms.katalon.core.testdata.reader.SheetPOI' to class 'com.kms.katalon.core.testdata.InternalData'"/>
         <system-out><![CDATA[2018-05-31 15:10:06 - [TEST_CASE][ERROR] - Test Cases/TEST/GRN RECEIVE IN CMS/dp: Test Cases/TEST/GRN RECEIVE IN CMS/dp FAILED because (of) org.codehaus.groovy.runtime.typehandling.GroovyCastException: Cannot cast object 'com.kms.katalon.core.testdata.reader.SheetPOI@1763992e' with class 'com.kms.katalon.core.testdata.reader.SheetPOI' to class 'com.kms.katalon.core.testdata.InternalData'

2018-05-31 15:10:06 - [TEST_STEP][PASSED] - openBrowser: Browser is opened with url: ''

2018-05-31 15:10:09 - [MESSAGE][PASSED] - Browser is opened with url: ''

2018-05-31 15:10:09 - [TEST_STEP][PASSED] - navigateToUrl: Navigate to 'http://192.168.137.1/multihospital_new/' successfully

2018-05-31 15:10:13 - [MESSAGE][PASSED] - Navigate to 'http://192.168.137.1/multihospital_new/' successfully

2018-05-31 15:10:13 - [TEST_STEP][PASSED] - click: Object: 'Object Repository/CM/Page_KDMC/a_CMO' is clicked on

2018-05-31 15:10:13 - [MESSAGE][PASSED] - Object: 'Object Repository/CM/Page_KDMC/a_CMO' is clicked on

2018-05-31 15:10:13 - [TEST_STEP][PASSED] - maximizeWindow: Current window maximized

2018-05-31 15:10:15 - [MESSAGE][PASSED] - Current window maximized

2018-05-31 15:10:15 - [TEST_STEP][PASSED] - delay: Delayed 3 second(s)

2018-05-31 15:10:18 - [MESSAGE][PASSED] - Delayed 3 second(s)

2018-05-31 15:10:18 - [TEST_STEP][PASSED] - Statement - data = com.kms.katalon.core.testdata.TestDataFactory.findTestData(DemoTestData): Reading excel file with source file 'C:\Users\Quality Analyst\Desktop\data.xlsx' and sheet name 'Sheet1']]></system-out>
         <system-err><![CDATA[2018-05-31 15:10:06 - [TEST_CASE][ERROR] - Test Cases/TEST/GRN RECEIVE IN CMS/dp: Test Cases/TEST/GRN RECEIVE IN CMS/dp FAILED because (of) org.codehaus.groovy.runtime.typehandling.GroovyCastException: Cannot cast object 'com.kms.katalon.core.testdata.reader.SheetPOI@1763992e' with class 'com.kms.katalon.core.testdata.reader.SheetPOI' to class 'com.kms.katalon.core.testdata.InternalData']]></system-err>
      </testcase>
      <testcase name="Test Cases/TEST/GRN RECEIVE IN CMS/dp" classname="Test Cases/TEST/GRN RECEIVE IN CMS/dp" status="ERROR">
         <error type="ERROR" message="Test Cases/TEST/GRN RECEIVE IN CMS/dp FAILED because (of) org.codehaus.groovy.runtime.typehandling.GroovyCastException: Cannot cast object 'com.kms.katalon.core.testdata.reader.SheetPOI@ccd1bc3' with class 'com.kms.katalon.core.testdata.reader.SheetPOI' to class 'com.kms.katalon.core.testdata.InternalData'"/>
         <system-out><![CDATA[2018-05-31 15:10:18 - [TEST_CASE][ERROR] - Test Cases/TEST/GRN RECEIVE IN CMS/dp: Test Cases/TEST/GRN RECEIVE IN CMS/dp FAILED because (of) org.codehaus.groovy.runtime.typehandling.GroovyCastException: Cannot cast object 'com.kms.katalon.core.testdata.reader.SheetPOI@ccd1bc3' with class 'com.kms.katalon.core.testdata.reader.SheetPOI' to class 'com.kms.katalon.core.testdata.InternalData'

2018-05-31 15:10:18 - [TEST_STEP][PASSED] - openBrowser: Browser is opened with url: ''

2018-05-31 15:10:18 - [MESSAGE][WARNING] - A browser is already opened. Closing browser and opening a new one

2018-05-31 15:10:21 - [MESSAGE][PASSED] - Browser is opened with url: ''

2018-05-31 15:10:21 - [TEST_STEP][PASSED] - navigateToUrl: Navigate to 'http://192.168.137.1/multihospital_new/' successfully

2018-05-31 15:10:23 - [MESSAGE][PASSED] - Navigate to 'http://192.168.137.1/multihospital_new/' successfully

2018-05-31 15:10:23 - [TEST_STEP][PASSED] - click: Object: 'Object Repository/CM/Page_KDMC/a_CMO' is clicked on

2018-05-31 15:10:24 - [MESSAGE][PASSED] - Object: 'Object Repository/CM/Page_KDMC/a_CMO' is clicked on

2018-05-31 15:10:24 - [TEST_STEP][PASSED] - maximizeWindow: Current window maximized

2018-05-31 15:10:25 - [MESSAGE][PASSED] - Current window maximized

2018-05-31 15:10:25 - [TEST_STEP][PASSED] - delay: Delayed 3 second(s)

2018-05-31 15:10:28 - [MESSAGE][PASSED] - Delayed 3 second(s)

2018-05-31 15:10:28 - [TEST_STEP][PASSED] - Statement - data = com.kms.katalon.core.testdata.TestDataFactory.findTestData(DemoTestData): Reading excel file with source file 'C:\Users\Quality Analyst\Desktop\data.xlsx' and sheet name 'Sheet1']]></system-out>
         <system-err><![CDATA[2018-05-31 15:10:18 - [TEST_CASE][ERROR] - Test Cases/TEST/GRN RECEIVE IN CMS/dp: Test Cases/TEST/GRN RECEIVE IN CMS/dp FAILED because (of) org.codehaus.groovy.runtime.typehandling.GroovyCastException: Cannot cast object 'com.kms.katalon.core.testdata.reader.SheetPOI@ccd1bc3' with class 'com.kms.katalon.core.testdata.reader.SheetPOI' to class 'com.kms.katalon.core.testdata.InternalData']]></system-err>
      </testcase>
      <testcase name="Test Cases/TEST/GRN RECEIVE IN CMS/dp" classname="Test Cases/TEST/GRN RECEIVE IN CMS/dp" status="ERROR">
         <error type="ERROR" message="Test Cases/TEST/GRN RECEIVE IN CMS/dp FAILED because (of) org.codehaus.groovy.runtime.typehandling.GroovyCastException: Cannot cast object 'com.kms.katalon.core.testdata.reader.SheetPOI@4d23015c' with class 'com.kms.katalon.core.testdata.reader.SheetPOI' to class 'com.kms.katalon.core.testdata.InternalData'"/>
         <system-out><![CDATA[2018-05-31 15:10:28 - [TEST_CASE][ERROR] - Test Cases/TEST/GRN RECEIVE IN CMS/dp: Test Cases/TEST/GRN RECEIVE IN CMS/dp FAILED because (of) org.codehaus.groovy.runtime.typehandling.GroovyCastException: Cannot cast object 'com.kms.katalon.core.testdata.reader.SheetPOI@4d23015c' with class 'com.kms.katalon.core.testdata.reader.SheetPOI' to class 'com.kms.katalon.core.testdata.InternalData'

2018-05-31 15:10:28 - [TEST_STEP][PASSED] - openBrowser: Browser is opened with url: ''

2018-05-31 15:10:28 - [MESSAGE][WARNING] - A browser is already opened. Closing browser and opening a new one

2018-05-31 15:10:31 - [MESSAGE][PASSED] - Browser is opened with url: ''

2018-05-31 15:10:31 - [TEST_STEP][PASSED] - navigateToUrl: Navigate to 'http://192.168.137.1/multihospital_new/' successfully

2018-05-31 15:10:34 - [MESSAGE][PASSED] - Navigate to 'http://192.168.137.1/multihospital_new/' successfully

2018-05-31 15:10:34 - [TEST_STEP][PASSED] - click: Object: 'Object Repository/CM/Page_KDMC/a_CMO' is clicked on

2018-05-31 15:10:34 - [MESSAGE][PASSED] - Object: 'Object Repository/CM/Page_KDMC/a_CMO' is clicked on

2018-05-31 15:10:34 - [TEST_STEP][PASSED] - maximizeWindow: Current window maximized

2018-05-31 15:10:36 - [MESSAGE][PASSED] - Current window maximized

2018-05-31 15:10:36 - [TEST_STEP][PASSED] - delay: Delayed 3 second(s)

2018-05-31 15:10:39 - [MESSAGE][PASSED] - Delayed 3 second(s)

2018-05-31 15:10:39 - [TEST_STEP][PASSED] - Statement - data = com.kms.katalon.core.testdata.TestDataFactory.findTestData(DemoTestData): Reading excel file with source file 'C:\Users\Quality Analyst\Desktop\data.xlsx' and sheet name 'Sheet1']]></system-out>
         <system-err><![CDATA[2018-05-31 15:10:28 - [TEST_CASE][ERROR] - Test Cases/TEST/GRN RECEIVE IN CMS/dp: Test Cases/TEST/GRN RECEIVE IN CMS/dp FAILED because (of) org.codehaus.groovy.runtime.typehandling.GroovyCastException: Cannot cast object 'com.kms.katalon.core.testdata.reader.SheetPOI@4d23015c' with class 'com.kms.katalon.core.testdata.reader.SheetPOI' to class 'com.kms.katalon.core.testdata.InternalData']]></system-err>
      </testcase>
      <testcase name="Test Cases/TEST/GRN RECEIVE IN CMS/dp" classname="Test Cases/TEST/GRN RECEIVE IN CMS/dp" status="ERROR">
         <error type="ERROR" message="Test Cases/TEST/GRN RECEIVE IN CMS/dp FAILED because (of) org.codehaus.groovy.runtime.typehandling.GroovyCastException: Cannot cast object 'com.kms.katalon.core.testdata.reader.SheetPOI@55cff952' with class 'com.kms.katalon.core.testdata.reader.SheetPOI' to class 'com.kms.katalon.core.testdata.InternalData'"/>
         <system-out><![CDATA[2018-05-31 15:10:39 - [TEST_CASE][ERROR] - Test Cases/TEST/GRN RECEIVE IN CMS/dp: Test Cases/TEST/GRN RECEIVE IN CMS/dp FAILED because (of) org.codehaus.groovy.runtime.typehandling.GroovyCastException: Cannot cast object 'com.kms.katalon.core.testdata.reader.SheetPOI@55cff952' with class 'com.kms.katalon.core.testdata.reader.SheetPOI' to class 'com.kms.katalon.core.testdata.InternalData'

2018-05-31 15:10:39 - [TEST_STEP][PASSED] - openBrowser: Browser is opened with url: ''

2018-05-31 15:10:39 - [MESSAGE][WARNING] - A browser is already opened. Closing browser and opening a new one

2018-05-31 15:10:41 - [MESSAGE][PASSED] - Browser is opened with url: ''

2018-05-31 15:10:41 - [TEST_STEP][PASSED] - navigateToUrl: Navigate to 'http://192.168.137.1/multihospital_new/' successfully

2018-05-31 15:10:47 - [MESSAGE][PASSED] - Navigate to 'http://192.168.137.1/multihospital_new/' successfully

2018-05-31 15:10:47 - [TEST_STEP][PASSED] - click: Object: 'Object Repository/CM/Page_KDMC/a_CMO' is clicked on

2018-05-31 15:10:47 - [MESSAGE][PASSED] - Object: 'Object Repository/CM/Page_KDMC/a_CMO' is clicked on

2018-05-31 15:10:47 - [TEST_STEP][PASSED] - maximizeWindow: Current window maximized

2018-05-31 15:10:48 - [MESSAGE][PASSED] - Current window maximized

2018-05-31 15:10:48 - [TEST_STEP][PASSED] - delay: Delayed 3 second(s)

2018-05-31 15:10:51 - [MESSAGE][PASSED] - Delayed 3 second(s)

2018-05-31 15:10:51 - [TEST_STEP][PASSED] - Statement - data = com.kms.katalon.core.testdata.TestDataFactory.findTestData(DemoTestData): Reading excel file with source file 'C:\Users\Quality Analyst\Desktop\data.xlsx' and sheet name 'Sheet1']]></system-out>
         <system-err><![CDATA[2018-05-31 15:10:39 - [TEST_CASE][ERROR] - Test Cases/TEST/GRN RECEIVE IN CMS/dp: Test Cases/TEST/GRN RECEIVE IN CMS/dp FAILED because (of) org.codehaus.groovy.runtime.typehandling.GroovyCastException: Cannot cast object 'com.kms.katalon.core.testdata.reader.SheetPOI@55cff952' with class 'com.kms.katalon.core.testdata.reader.SheetPOI' to class 'com.kms.katalon.core.testdata.InternalData']]></system-err>
      </testcase>
      <system-out><![CDATA[2018-05-31 15:10:06 - [TEST_SUITE][ERROR] - TEST: Test Cases/TEST/GRN RECEIVE IN CMS/dp FAILED because (of) org.codehaus.groovy.runtime.typehandling.GroovyCastException: Cannot cast object 'com.kms.katalon.core.testdata.reader.SheetPOI@1763992e' with class 'com.kms.katalon.core.testdata.reader.SheetPOI' to class 'com.kms.katalon.core.testdata.InternalData']]></system-out>
      <system-err><![CDATA[2018-05-31 15:10:06 - [TEST_SUITE][ERROR] - TEST: Test Cases/TEST/GRN RECEIVE IN CMS/dp FAILED because (of) org.codehaus.groovy.runtime.typehandling.GroovyCastException: Cannot cast object 'com.kms.katalon.core.testdata.reader.SheetPOI@1763992e' with class 'com.kms.katalon.core.testdata.reader.SheetPOI' to class 'com.kms.katalon.core.testdata.InternalData']]></system-err>
   </testsuite>
</testsuites>
