<?xml version="1.0" encoding="UTF-8"?>
<testsuites name="Investigation_Suite" time="963" tests="5" failures="1" errors="0">
   <testsuite name="Investigation_Suite" tests="5" failures="1" errors="0" time="963" timestamp="2018-06-10 17:26:58" hostname="Quality Analyst - DESKTOP-BLFTK83" id="Test Suites/Investigation_Suite">
      <properties>
         <property name="deviceName" value=""/>
         <property name="devicePlatform" value=""/>
         <property name="logFolder" value="C:\\Users\\Quality Analyst\\Katalon Studio\\ds\\Reports\\Investigation_Suite\\20180610_144650"/>
         <property name="logFiles" value="C:\\Users\\Quality Analyst\\Katalon Studio\\ds\\Reports\\Investigation_Suite\\20180610_144650\\execution0.log"/>
         <property name="attachments" value="C:\\Users\\Quality Analyst\\Katalon Studio\\ds\\Reports\\Investigation_Suite\\20180610_144650\\1528632781531.png"/>
         <property name="hostName" value="Quality Analyst - DESKTOP-BLFTK83"/>
         <property name="os" value="Windows 10 64bit"/>
         <property name="katalonVersion" value="5.4.2.1"/>
         <property name="browser" value="Chrome 66.0.3359.181"/>
         <property name="hostAddress" value="169.254.189.85"/>
         <property name="sessionId" value="e73b38d5d4a3d5894b11a589656376a0"/>
         <property name="seleniumVersion" value="3.7.1"/>
         <property name="proxyInformation" value="ProxyInformation{proxyOption=NO_PROXY, proxyServerType=HTTP, password=, proxyServerAddress=, proxyServerPort=0}"/>
         <property name="platform" value="Windows 10"/>
      </properties>
      <testcase name="Test Cases/INVESTIGATION TEST CASES/TC_INV_001 Verify Schedule 4 Investigation Request Are Working Successfully Or Not" classname="Test Cases/INVESTIGATION TEST CASES/TC_INV_001 Verify Schedule 4 Investigation Request Are Working Successfully Or Not" status="PASSED">
         <system-out><![CDATA[2018-06-10 17:26:59 - [TEST_CASE][PASSED] - Test Cases/INVESTIGATION TEST CASES/TC_INV_001 Verify Schedule 4 Investigation Request Are Working Successfully Or Not: Test Cases/INVESTIGATION TEST CASES/TC_INV_001 Verify Schedule 4 Investigation Request Are Working Successfully Or Not

2018-06-10 17:26:59 - [TEST_STEP][PASSED] - openBrowser: Browser is opened with url: ''

2018-06-10 17:27:02 - [MESSAGE][PASSED] - Browser is opened with url: ''

2018-06-10 17:27:02 - [TEST_STEP][PASSED] - navigateToUrl: Navigate to 'http://192.168.137.1/multihospital_new/' successfully

2018-06-10 17:27:04 - [MESSAGE][PASSED] - Navigate to 'http://192.168.137.1/multihospital_new/' successfully

2018-06-10 17:27:04 - [TEST_STEP][PASSED] - Statement - out.println(" Verify Schedule 4 Investigation Request Are Working Successfully Or Not"): null

2018-06-10 17:27:04 - [TEST_STEP][PASSED] - maximizeWindow: Current window maximized

2018-06-10 17:27:05 - [MESSAGE][PASSED] - Current window maximized

2018-06-10 17:27:05 - [TEST_STEP][PASSED] - click: Object: 'Object Repository/lab/Page_KDMC/a_Investigation' is clicked on

2018-06-10 17:27:06 - [MESSAGE][PASSED] - Object: 'Object Repository/lab/Page_KDMC/a_Investigation' is clicked on

2018-06-10 17:27:06 - [TEST_STEP][PASSED] - setText: Text 'manoj' is set on object 'Object Repository/lab/Page_Investigation login/input_txtusername'

2018-06-10 17:27:06 - [MESSAGE][PASSED] - Text 'manoj' is set on object 'Object Repository/lab/Page_Investigation login/input_txtusername'

2018-06-10 17:27:06 - [TEST_STEP][PASSED] - setText: Text '123' is set on object 'Object Repository/lab/Page_Investigation login/input_txtpassword'

2018-06-10 17:27:06 - [MESSAGE][PASSED] - Text '123' is set on object 'Object Repository/lab/Page_Investigation login/input_txtpassword'

2018-06-10 17:27:06 - [TEST_STEP][PASSED] - delay: Delayed 3 second(s)

2018-06-10 17:27:09 - [MESSAGE][PASSED] - Delayed 3 second(s)

2018-06-10 17:27:09 - [TEST_STEP][PASSED] - click: Object: 'Object Repository/lab/Page_Investigation login/button_Sign in' is clicked on

2018-06-10 17:27:11 - [MESSAGE][PASSED] - Object: 'Object Repository/lab/Page_Investigation login/button_Sign in' is clicked on

2018-06-10 17:27:11 - [TEST_STEP][PASSED] - click: Object: 'Object Repository/lab/Page_KDMC/a_Store Request' is clicked on

2018-06-10 17:27:12 - [MESSAGE][PASSED] - Object: 'Object Repository/lab/Page_KDMC/a_Store Request' is clicked on

2018-06-10 17:27:12 - [TEST_STEP][PASSED] - delay: Delayed 2 second(s)

2018-06-10 17:27:14 - [MESSAGE][PASSED] - Delayed 2 second(s)

2018-06-10 17:27:14 - [TEST_STEP][PASSED] - click: Object: 'Object Repository/lab/Page_KDMC/a_Medicine Request' is clicked on

2018-06-10 17:27:15 - [MESSAGE][PASSED] - Object: 'Object Repository/lab/Page_KDMC/a_Medicine Request' is clicked on

2018-06-10 17:27:15 - [TEST_STEP][PASSED] - selectOptionByIndex: All options with index in [1] are selected on object 'Object Repository/lab/Page_KDMC/select_--Select--Schedule 4X-r'

2018-06-10 17:27:15 - [MESSAGE][PASSED] - All options with index in [1] are selected on object 'Object Repository/lab/Page_KDMC/select_--Select--Schedule 4X-r'

2018-06-10 17:27:15 - [TEST_STEP][PASSED] - Statement - medicineslength = com.kms.katalon.core.webui.keyword.WebUiBuiltInKeywords.getNumberOfTotalOption(com.kms.katalon.core.testobject.ObjectRepository.findTestObject(lab/Page_KDMC/select_--Select--Automatic x-r)): 16 options of object 'Object Repository/lab/Page_KDMC/select_--Select--Automatic x-r' counted

2018-06-10 17:27:15 - [MESSAGE][PASSED] - 16 options of object 'Object Repository/lab/Page_KDMC/select_--Select--Automatic x-r' counted

2018-06-10 17:27:15 - [TEST_STEP][PASSED] - Statement - For ([e = 1, e < medicineslength, (e++)]): Object: 'Object Repository/lab/Page_KDMC/button_Add' is clicked on

2018-06-10 17:27:15 - [TEST_STEP][PASSED] - selectOptionByIndex: All options with index in [1] are selected on object 'Object Repository/lab/Page_KDMC/select_--Select--Schedule 4X-r'

2018-06-10 17:27:16 - [MESSAGE][PASSED] - All options with index in [1] are selected on object 'Object Repository/lab/Page_KDMC/select_--Select--Schedule 4X-r'

2018-06-10 17:27:16 - [TEST_STEP][PASSED] - selectOptionByIndex: All options with index in [1] are selected on object 'Object Repository/lab/Page_KDMC/select_--Select--Automatic x-r'

2018-06-10 17:27:16 - [MESSAGE][PASSED] - All options with index in [1] are selected on object 'Object Repository/lab/Page_KDMC/select_--Select--Automatic x-r'

2018-06-10 17:27:16 - [TEST_STEP][PASSED] - setText: Text '10' is set on object 'Object Repository/lab/Page_KDMC/input_txttreat'

2018-06-10 17:27:16 - [MESSAGE][PASSED] - Text '10' is set on object 'Object Repository/lab/Page_KDMC/input_txttreat'

2018-06-10 17:27:16 - [TEST_STEP][PASSED] - click: Object: 'Object Repository/lab/Page_KDMC/button_Add' is clicked on

2018-06-10 17:27:16 - [MESSAGE][PASSED] - Object: 'Object Repository/lab/Page_KDMC/button_Add' is clicked on

2018-06-10 17:27:16 - [TEST_STEP][PASSED] - selectOptionByIndex: All options with index in [1] are selected on object 'Object Repository/lab/Page_KDMC/select_--Select--Schedule 4X-r'

2018-06-10 17:27:16 - [MESSAGE][PASSED] - All options with index in [1] are selected on object 'Object Repository/lab/Page_KDMC/select_--Select--Schedule 4X-r'

2018-06-10 17:27:16 - [TEST_STEP][PASSED] - selectOptionByIndex: All options with index in [2] are selected on object 'Object Repository/lab/Page_KDMC/select_--Select--Automatic x-r'

2018-06-10 17:27:16 - [MESSAGE][PASSED] - All options with index in [2] are selected on object 'Object Repository/lab/Page_KDMC/select_--Select--Automatic x-r'

2018-06-10 17:27:16 - [TEST_STEP][PASSED] - setText: Text '10' is set on object 'Object Repository/lab/Page_KDMC/input_txttreat'

2018-06-10 17:27:16 - [MESSAGE][PASSED] - Text '10' is set on object 'Object Repository/lab/Page_KDMC/input_txttreat'

2018-06-10 17:27:16 - [TEST_STEP][PASSED] - click: Object: 'Object Repository/lab/Page_KDMC/button_Add' is clicked on

2018-06-10 17:27:16 - [MESSAGE][PASSED] - Object: 'Object Repository/lab/Page_KDMC/button_Add' is clicked on

2018-06-10 17:27:16 - [TEST_STEP][PASSED] - selectOptionByIndex: All options with index in [1] are selected on object 'Object Repository/lab/Page_KDMC/select_--Select--Schedule 4X-r'

2018-06-10 17:27:17 - [MESSAGE][PASSED] - All options with index in [1] are selected on object 'Object Repository/lab/Page_KDMC/select_--Select--Schedule 4X-r'

2018-06-10 17:27:17 - [TEST_STEP][PASSED] - selectOptionByIndex: All options with index in [3] are selected on object 'Object Repository/lab/Page_KDMC/select_--Select--Automatic x-r'

2018-06-10 17:27:17 - [MESSAGE][PASSED] - All options with index in [3] are selected on object 'Object Repository/lab/Page_KDMC/select_--Select--Automatic x-r'

2018-06-10 17:27:17 - [TEST_STEP][PASSED] - setText: Text '10' is set on object 'Object Repository/lab/Page_KDMC/input_txttreat'

2018-06-10 17:27:17 - [MESSAGE][PASSED] - Text '10' is set on object 'Object Repository/lab/Page_KDMC/input_txttreat'

2018-06-10 17:27:17 - [TEST_STEP][PASSED] - click: Object: 'Object Repository/lab/Page_KDMC/button_Add' is clicked on

2018-06-10 17:27:17 - [MESSAGE][PASSED] - Object: 'Object Repository/lab/Page_KDMC/button_Add' is clicked on

2018-06-10 17:27:17 - [TEST_STEP][PASSED] - selectOptionByIndex: All options with index in [1] are selected on object 'Object Repository/lab/Page_KDMC/select_--Select--Schedule 4X-r'

2018-06-10 17:27:17 - [MESSAGE][PASSED] - All options with index in [1] are selected on object 'Object Repository/lab/Page_KDMC/select_--Select--Schedule 4X-r'

2018-06-10 17:27:17 - [TEST_STEP][PASSED] - selectOptionByIndex: All options with index in [4] are selected on object 'Object Repository/lab/Page_KDMC/select_--Select--Automatic x-r'

2018-06-10 17:27:17 - [MESSAGE][PASSED] - All options with index in [4] are selected on object 'Object Repository/lab/Page_KDMC/select_--Select--Automatic x-r'

2018-06-10 17:27:17 - [TEST_STEP][PASSED] - setText: Text '10' is set on object 'Object Repository/lab/Page_KDMC/input_txttreat'

2018-06-10 17:27:17 - [MESSAGE][PASSED] - Text '10' is set on object 'Object Repository/lab/Page_KDMC/input_txttreat'

2018-06-10 17:27:17 - [TEST_STEP][PASSED] - click: Object: 'Object Repository/lab/Page_KDMC/button_Add' is clicked on

2018-06-10 17:27:17 - [MESSAGE][PASSED] - Object: 'Object Repository/lab/Page_KDMC/button_Add' is clicked on

2018-06-10 17:27:17 - [TEST_STEP][PASSED] - selectOptionByIndex: All options with index in [1] are selected on object 'Object Repository/lab/Page_KDMC/select_--Select--Schedule 4X-r'

2018-06-10 17:27:17 - [MESSAGE][PASSED] - All options with index in [1] are selected on object 'Object Repository/lab/Page_KDMC/select_--Select--Schedule 4X-r'

2018-06-10 17:27:17 - [TEST_STEP][PASSED] - selectOptionByIndex: All options with index in [5] are selected on object 'Object Repository/lab/Page_KDMC/select_--Select--Automatic x-r'

2018-06-10 17:27:18 - [MESSAGE][PASSED] - All options with index in [5] are selected on object 'Object Repository/lab/Page_KDMC/select_--Select--Automatic x-r'

2018-06-10 17:27:18 - [TEST_STEP][PASSED] - setText: Text '10' is set on object 'Object Repository/lab/Page_KDMC/input_txttreat'

2018-06-10 17:27:18 - [MESSAGE][PASSED] - Text '10' is set on object 'Object Repository/lab/Page_KDMC/input_txttreat'

2018-06-10 17:27:18 - [TEST_STEP][PASSED] - click: Object: 'Object Repository/lab/Page_KDMC/button_Add' is clicked on

2018-06-10 17:27:18 - [MESSAGE][PASSED] - Object: 'Object Repository/lab/Page_KDMC/button_Add' is clicked on

2018-06-10 17:27:18 - [TEST_STEP][PASSED] - selectOptionByIndex: All options with index in [1] are selected on object 'Object Repository/lab/Page_KDMC/select_--Select--Schedule 4X-r'

2018-06-10 17:27:18 - [MESSAGE][PASSED] - All options with index in [1] are selected on object 'Object Repository/lab/Page_KDMC/select_--Select--Schedule 4X-r'

2018-06-10 17:27:18 - [TEST_STEP][PASSED] - selectOptionByIndex: All options with index in [6] are selected on object 'Object Repository/lab/Page_KDMC/select_--Select--Automatic x-r'

2018-06-10 17:27:18 - [MESSAGE][PASSED] - All options with index in [6] are selected on object 'Object Repository/lab/Page_KDMC/select_--Select--Automatic x-r'

2018-06-10 17:27:18 - [TEST_STEP][PASSED] - setText: Text '10' is set on object 'Object Repository/lab/Page_KDMC/input_txttreat'

2018-06-10 17:27:18 - [MESSAGE][PASSED] - Text '10' is set on object 'Object Repository/lab/Page_KDMC/input_txttreat'

2018-06-10 17:27:18 - [TEST_STEP][PASSED] - click: Object: 'Object Repository/lab/Page_KDMC/button_Add' is clicked on

2018-06-10 17:27:18 - [MESSAGE][PASSED] - Object: 'Object Repository/lab/Page_KDMC/button_Add' is clicked on

2018-06-10 17:27:18 - [TEST_STEP][PASSED] - selectOptionByIndex: All options with index in [1] are selected on object 'Object Repository/lab/Page_KDMC/select_--Select--Schedule 4X-r'

2018-06-10 17:27:18 - [MESSAGE][PASSED] - All options with index in [1] are selected on object 'Object Repository/lab/Page_KDMC/select_--Select--Schedule 4X-r'

2018-06-10 17:27:18 - [TEST_STEP][PASSED] - selectOptionByIndex: All options with index in [7] are selected on object 'Object Repository/lab/Page_KDMC/select_--Select--Automatic x-r'

2018-06-10 17:27:19 - [MESSAGE][PASSED] - All options with index in [7] are selected on object 'Object Repository/lab/Page_KDMC/select_--Select--Automatic x-r'

2018-06-10 17:27:19 - [TEST_STEP][PASSED] - setText: Text '10' is set on object 'Object Repository/lab/Page_KDMC/input_txttreat'

2018-06-10 17:27:19 - [MESSAGE][PASSED] - Text '10' is set on object 'Object Repository/lab/Page_KDMC/input_txttreat'

2018-06-10 17:27:19 - [TEST_STEP][PASSED] - click: Object: 'Object Repository/lab/Page_KDMC/button_Add' is clicked on

2018-06-10 17:27:19 - [MESSAGE][PASSED] - Object: 'Object Repository/lab/Page_KDMC/button_Add' is clicked on

2018-06-10 17:27:19 - [TEST_STEP][PASSED] - selectOptionByIndex: All options with index in [1] are selected on object 'Object Repository/lab/Page_KDMC/select_--Select--Schedule 4X-r'

2018-06-10 17:27:19 - [MESSAGE][PASSED] - All options with index in [1] are selected on object 'Object Repository/lab/Page_KDMC/select_--Select--Schedule 4X-r'

2018-06-10 17:27:19 - [TEST_STEP][PASSED] - selectOptionByIndex: All options with index in [8] are selected on object 'Object Repository/lab/Page_KDMC/select_--Select--Automatic x-r'

2018-06-10 17:27:19 - [MESSAGE][PASSED] - All options with index in [8] are selected on object 'Object Repository/lab/Page_KDMC/select_--Select--Automatic x-r'

2018-06-10 17:27:19 - [TEST_STEP][PASSED] - setText: Text '10' is set on object 'Object Repository/lab/Page_KDMC/input_txttreat'

2018-06-10 17:27:19 - [MESSAGE][PASSED] - Text '10' is set on object 'Object Repository/lab/Page_KDMC/input_txttreat'

2018-06-10 17:27:19 - [TEST_STEP][PASSED] - click: Object: 'Object Repository/lab/Page_KDMC/button_Add' is clicked on

2018-06-10 17:27:19 - [MESSAGE][PASSED] - Object: 'Object Repository/lab/Page_KDMC/button_Add' is clicked on

2018-06-10 17:27:19 - [TEST_STEP][PASSED] - selectOptionByIndex: All options with index in [1] are selected on object 'Object Repository/lab/Page_KDMC/select_--Select--Schedule 4X-r'

2018-06-10 17:27:19 - [MESSAGE][PASSED] - All options with index in [1] are selected on object 'Object Repository/lab/Page_KDMC/select_--Select--Schedule 4X-r'

2018-06-10 17:27:19 - [TEST_STEP][PASSED] - selectOptionByIndex: All options with index in [9] are selected on object 'Object Repository/lab/Page_KDMC/select_--Select--Automatic x-r'

2018-06-10 17:27:20 - [MESSAGE][PASSED] - All options with index in [9] are selected on object 'Object Repository/lab/Page_KDMC/select_--Select--Automatic x-r'

2018-06-10 17:27:20 - [TEST_STEP][PASSED] - setText: Text '10' is set on object 'Object Repository/lab/Page_KDMC/input_txttreat'

2018-06-10 17:27:20 - [MESSAGE][PASSED] - Text '10' is set on object 'Object Repository/lab/Page_KDMC/input_txttreat'

2018-06-10 17:27:20 - [TEST_STEP][PASSED] - click: Object: 'Object Repository/lab/Page_KDMC/button_Add' is clicked on

2018-06-10 17:27:20 - [MESSAGE][PASSED] - Object: 'Object Repository/lab/Page_KDMC/button_Add' is clicked on

2018-06-10 17:27:20 - [TEST_STEP][PASSED] - selectOptionByIndex: All options with index in [1] are selected on object 'Object Repository/lab/Page_KDMC/select_--Select--Schedule 4X-r'

2018-06-10 17:27:20 - [MESSAGE][PASSED] - All options with index in [1] are selected on object 'Object Repository/lab/Page_KDMC/select_--Select--Schedule 4X-r'

2018-06-10 17:27:20 - [TEST_STEP][PASSED] - selectOptionByIndex: All options with index in [10] are selected on object 'Object Repository/lab/Page_KDMC/select_--Select--Automatic x-r'

2018-06-10 17:27:20 - [MESSAGE][PASSED] - All options with index in [10] are selected on object 'Object Repository/lab/Page_KDMC/select_--Select--Automatic x-r'

2018-06-10 17:27:20 - [TEST_STEP][PASSED] - setText: Text '10' is set on object 'Object Repository/lab/Page_KDMC/input_txttreat'

2018-06-10 17:27:20 - [MESSAGE][PASSED] - Text '10' is set on object 'Object Repository/lab/Page_KDMC/input_txttreat'

2018-06-10 17:27:20 - [TEST_STEP][PASSED] - click: Object: 'Object Repository/lab/Page_KDMC/button_Add' is clicked on

2018-06-10 17:27:20 - [MESSAGE][PASSED] - Object: 'Object Repository/lab/Page_KDMC/button_Add' is clicked on

2018-06-10 17:27:20 - [TEST_STEP][PASSED] - selectOptionByIndex: All options with index in [1] are selected on object 'Object Repository/lab/Page_KDMC/select_--Select--Schedule 4X-r'

2018-06-10 17:27:20 - [MESSAGE][PASSED] - All options with index in [1] are selected on object 'Object Repository/lab/Page_KDMC/select_--Select--Schedule 4X-r'

2018-06-10 17:27:20 - [TEST_STEP][PASSED] - selectOptionByIndex: All options with index in [11] are selected on object 'Object Repository/lab/Page_KDMC/select_--Select--Automatic x-r'

2018-06-10 17:27:21 - [MESSAGE][PASSED] - All options with index in [11] are selected on object 'Object Repository/lab/Page_KDMC/select_--Select--Automatic x-r'

2018-06-10 17:27:21 - [TEST_STEP][PASSED] - setText: Text '10' is set on object 'Object Repository/lab/Page_KDMC/input_txttreat'

2018-06-10 17:27:21 - [MESSAGE][PASSED] - Text '10' is set on object 'Object Repository/lab/Page_KDMC/input_txttreat'

2018-06-10 17:27:21 - [TEST_STEP][PASSED] - click: Object: 'Object Repository/lab/Page_KDMC/button_Add' is clicked on

2018-06-10 17:27:21 - [MESSAGE][PASSED] - Object: 'Object Repository/lab/Page_KDMC/button_Add' is clicked on

2018-06-10 17:27:21 - [TEST_STEP][PASSED] - selectOptionByIndex: All options with index in [1] are selected on object 'Object Repository/lab/Page_KDMC/select_--Select--Schedule 4X-r'

2018-06-10 17:27:21 - [MESSAGE][PASSED] - All options with index in [1] are selected on object 'Object Repository/lab/Page_KDMC/select_--Select--Schedule 4X-r'

2018-06-10 17:27:21 - [TEST_STEP][PASSED] - selectOptionByIndex: All options with index in [12] are selected on object 'Object Repository/lab/Page_KDMC/select_--Select--Automatic x-r'

2018-06-10 17:27:21 - [MESSAGE][PASSED] - All options with index in [12] are selected on object 'Object Repository/lab/Page_KDMC/select_--Select--Automatic x-r'

2018-06-10 17:27:21 - [TEST_STEP][PASSED] - setText: Text '10' is set on object 'Object Repository/lab/Page_KDMC/input_txttreat'

2018-06-10 17:27:21 - [MESSAGE][PASSED] - Text '10' is set on object 'Object Repository/lab/Page_KDMC/input_txttreat'

2018-06-10 17:27:21 - [TEST_STEP][PASSED] - click: Object: 'Object Repository/lab/Page_KDMC/button_Add' is clicked on

2018-06-10 17:27:21 - [MESSAGE][PASSED] - Object: 'Object Repository/lab/Page_KDMC/button_Add' is clicked on

2018-06-10 17:27:21 - [TEST_STEP][PASSED] - selectOptionByIndex: All options with index in [1] are selected on object 'Object Repository/lab/Page_KDMC/select_--Select--Schedule 4X-r'

2018-06-10 17:27:21 - [MESSAGE][PASSED] - All options with index in [1] are selected on object 'Object Repository/lab/Page_KDMC/select_--Select--Schedule 4X-r'

2018-06-10 17:27:21 - [TEST_STEP][PASSED] - selectOptionByIndex: All options with index in [13] are selected on object 'Object Repository/lab/Page_KDMC/select_--Select--Automatic x-r'

2018-06-10 17:27:22 - [MESSAGE][PASSED] - All options with index in [13] are selected on object 'Object Repository/lab/Page_KDMC/select_--Select--Automatic x-r'

2018-06-10 17:27:22 - [TEST_STEP][PASSED] - setText: Text '10' is set on object 'Object Repository/lab/Page_KDMC/input_txttreat'

2018-06-10 17:27:22 - [MESSAGE][PASSED] - Text '10' is set on object 'Object Repository/lab/Page_KDMC/input_txttreat'

2018-06-10 17:27:22 - [TEST_STEP][PASSED] - click: Object: 'Object Repository/lab/Page_KDMC/button_Add' is clicked on

2018-06-10 17:27:22 - [MESSAGE][PASSED] - Object: 'Object Repository/lab/Page_KDMC/button_Add' is clicked on

2018-06-10 17:27:22 - [TEST_STEP][PASSED] - selectOptionByIndex: All options with index in [1] are selected on object 'Object Repository/lab/Page_KDMC/select_--Select--Schedule 4X-r'

2018-06-10 17:27:22 - [MESSAGE][PASSED] - All options with index in [1] are selected on object 'Object Repository/lab/Page_KDMC/select_--Select--Schedule 4X-r'

2018-06-10 17:27:22 - [TEST_STEP][PASSED] - selectOptionByIndex: All options with index in [14] are selected on object 'Object Repository/lab/Page_KDMC/select_--Select--Automatic x-r'

2018-06-10 17:27:22 - [MESSAGE][PASSED] - All options with index in [14] are selected on object 'Object Repository/lab/Page_KDMC/select_--Select--Automatic x-r'

2018-06-10 17:27:22 - [TEST_STEP][PASSED] - setText: Text '10' is set on object 'Object Repository/lab/Page_KDMC/input_txttreat'

2018-06-10 17:27:22 - [MESSAGE][PASSED] - Text '10' is set on object 'Object Repository/lab/Page_KDMC/input_txttreat'

2018-06-10 17:27:22 - [TEST_STEP][PASSED] - click: Object: 'Object Repository/lab/Page_KDMC/button_Add' is clicked on

2018-06-10 17:27:22 - [MESSAGE][PASSED] - Object: 'Object Repository/lab/Page_KDMC/button_Add' is clicked on

2018-06-10 17:27:22 - [TEST_STEP][PASSED] - selectOptionByIndex: All options with index in [1] are selected on object 'Object Repository/lab/Page_KDMC/select_--Select--Schedule 4X-r'

2018-06-10 17:27:23 - [MESSAGE][PASSED] - All options with index in [1] are selected on object 'Object Repository/lab/Page_KDMC/select_--Select--Schedule 4X-r'

2018-06-10 17:27:23 - [TEST_STEP][PASSED] - selectOptionByIndex: All options with index in [15] are selected on object 'Object Repository/lab/Page_KDMC/select_--Select--Automatic x-r'

2018-06-10 17:27:23 - [MESSAGE][PASSED] - All options with index in [15] are selected on object 'Object Repository/lab/Page_KDMC/select_--Select--Automatic x-r'

2018-06-10 17:27:23 - [TEST_STEP][PASSED] - setText: Text '10' is set on object 'Object Repository/lab/Page_KDMC/input_txttreat'

2018-06-10 17:27:23 - [MESSAGE][PASSED] - Text '10' is set on object 'Object Repository/lab/Page_KDMC/input_txttreat'

2018-06-10 17:27:23 - [TEST_STEP][PASSED] - click: Object: 'Object Repository/lab/Page_KDMC/button_Add' is clicked on

2018-06-10 17:27:23 - [MESSAGE][PASSED] - Object: 'Object Repository/lab/Page_KDMC/button_Add' is clicked on

2018-06-10 17:27:23 - [TEST_STEP][PASSED] - Statement - RN1 = com.kms.katalon.core.webui.keyword.WebUiBuiltInKeywords.getAttribute(com.kms.katalon.core.testobject.ObjectRepository.findTestObject(lab/Page_KDMC/input_txtno), "value"): Attribute 'value' of object 'Object Repository/lab/Page_KDMC/input_txtno' is: 'LRNO/10062018/429'

2018-06-10 17:27:23 - [MESSAGE][PASSED] - Attribute 'value' of object 'Object Repository/lab/Page_KDMC/input_txtno' is: 'LRNO/10062018/429'

2018-06-10 17:27:23 - [TEST_STEP][PASSED] - Statement - out.println(RN1): null

2018-06-10 17:27:23 - [TEST_STEP][PASSED] - Statement - RID = RN1.split("/")[2]: null

2018-06-10 17:27:23 - [TEST_STEP][PASSED] - scrollToElement: Scroll to object 'Object Repository/lab/Page_KDMC/input_btnsave' successfully

2018-06-10 17:27:23 - [MESSAGE][PASSED] - Scroll to object 'Object Repository/lab/Page_KDMC/input_btnsave' successfully

2018-06-10 17:27:23 - [TEST_STEP][PASSED] - click: Object: 'Object Repository/lab/Page_KDMC/input_btnsave' is clicked on

2018-06-10 17:27:23 - [MESSAGE][PASSED] - Object: 'Object Repository/lab/Page_KDMC/input_btnsave' is clicked on

2018-06-10 17:27:23 - [TEST_STEP][PASSED] - delay: Delayed 3 second(s)

2018-06-10 17:27:26 - [MESSAGE][PASSED] - Delayed 3 second(s)

2018-06-10 17:27:26 - [TEST_STEP][PASSED] - click: Object: 'Object Repository/lab/Page_KDMC/button_OK' is clicked on

2018-06-10 17:27:27 - [MESSAGE][PASSED] - Object: 'Object Repository/lab/Page_KDMC/button_OK' is clicked on

2018-06-10 17:27:27 - [TEST_STEP][PASSED] - delay: Delayed 3 second(s)

2018-06-10 17:27:30 - [MESSAGE][PASSED] - Delayed 3 second(s)

2018-06-10 17:27:30 - [TEST_STEP][PASSED] - click: Object: 'Object Repository/lab/Page_KDMC/a_dropdown-toggle' is clicked on

2018-06-10 17:27:30 - [MESSAGE][PASSED] - Object: 'Object Repository/lab/Page_KDMC/a_dropdown-toggle' is clicked on

2018-06-10 17:27:30 - [TEST_STEP][PASSED] - click: Object: 'Object Repository/lab/Page_KDMC/a_Sign out' is clicked on

2018-06-10 17:27:30 - [MESSAGE][PASSED] - Object: 'Object Repository/lab/Page_KDMC/a_Sign out' is clicked on

2018-06-10 17:27:30 - [TEST_STEP][PASSED] - delay: Delayed 3 second(s)

2018-06-10 17:27:33 - [MESSAGE][PASSED] - Delayed 3 second(s)

2018-06-10 17:27:33 - [TEST_STEP][PASSED] - click: Object: 'Object Repository/lab/Page_KDMC/a_CMO' is clicked on

2018-06-10 17:27:34 - [MESSAGE][PASSED] - Object: 'Object Repository/lab/Page_KDMC/a_CMO' is clicked on

2018-06-10 17:27:34 - [TEST_STEP][PASSED] - setText: Text 'guru' is set on object 'Object Repository/lab/Page_CMO login/input_txtusername'

2018-06-10 17:27:34 - [MESSAGE][PASSED] - Text 'guru' is set on object 'Object Repository/lab/Page_CMO login/input_txtusername'

2018-06-10 17:27:34 - [TEST_STEP][PASSED] - setText: Text '123' is set on object 'Object Repository/lab/Page_CMO login/input_txtpassword'

2018-06-10 17:27:34 - [MESSAGE][PASSED] - Text '123' is set on object 'Object Repository/lab/Page_CMO login/input_txtpassword'

2018-06-10 17:27:34 - [TEST_STEP][PASSED] - delay: Delayed 3 second(s)

2018-06-10 17:27:37 - [MESSAGE][PASSED] - Delayed 3 second(s)

2018-06-10 17:27:37 - [TEST_STEP][PASSED] - click: Object: 'Object Repository/lab/Page_CMO login/button_Sign in' is clicked on

2018-06-10 17:27:38 - [MESSAGE][PASSED] - Object: 'Object Repository/lab/Page_CMO login/button_Sign in' is clicked on

2018-06-10 17:27:38 - [TEST_STEP][PASSED] - click: Object: 'Object Repository/lab/Page_KDMC - CMO/span_Department Wise Request' is clicked on

2018-06-10 17:27:40 - [MESSAGE][PASSED] - Object: 'Object Repository/lab/Page_KDMC - CMO/span_Department Wise Request' is clicked on

2018-06-10 17:27:40 - [TEST_STEP][PASSED] - selectOptionByIndex: All options with index in [4] are selected on object 'Object Repository/lab/Page_KDMC - CMO/select_--ALL--'

2018-06-10 17:27:40 - [MESSAGE][PASSED] - All options with index in [4] are selected on object 'Object Repository/lab/Page_KDMC - CMO/select_--ALL--'

2018-06-10 17:27:40 - [TEST_STEP][PASSED] - selectOptionByIndex: All options with index in [1] are selected on object 'Object Repository/lab/Page_KDMC - CMO/select_--ALL--                _1'

2018-06-10 17:27:41 - [MESSAGE][PASSED] - All options with index in [1] are selected on object 'Object Repository/lab/Page_KDMC - CMO/select_--ALL--                _1'

2018-06-10 17:27:41 - [TEST_STEP][PASSED] - click: Object: 'Object Repository/lab/Page_KDMC - CMO/input_btnsearch' is clicked on

2018-06-10 17:27:41 - [MESSAGE][PASSED] - Object: 'Object Repository/lab/Page_KDMC - CMO/input_btnsearch' is clicked on

2018-06-10 17:27:41 - [TEST_STEP][PASSED] - Statement - ID = com.kms.katalon.core.webui.keyword.WebUiBuiltInKeywords.modifyObjectProperty(com.kms.katalon.core.testobject.ObjectRepository.findTestObject(lab/Page_KDMC - CMO/input_1), "xpath", "equals", "//*[@id=" + RID + "]", true): Modify property of object successfully

2018-06-10 17:27:41 - [MESSAGE][PASSED] - Modify property of object successfully

2018-06-10 17:27:41 - [TEST_STEP][PASSED] - click: Object: 'Object Repository/lab/Page_KDMC - CMO/input_1' is clicked on

2018-06-10 17:27:42 - [MESSAGE][PASSED] - Object: 'Object Repository/lab/Page_KDMC - CMO/input_1' is clicked on

2018-06-10 17:27:42 - [TEST_STEP][PASSED] - delay: Delayed 2 second(s)

2018-06-10 17:27:44 - [MESSAGE][PASSED] - Delayed 2 second(s)

2018-06-10 17:27:44 - [TEST_STEP][PASSED] - selectOptionByIndex: All options with index in [1] are selected on object 'Object Repository/lab/Page_KDMC - CMO/select_--Select--'

2018-06-10 17:27:44 - [MESSAGE][PASSED] - All options with index in [1] are selected on object 'Object Repository/lab/Page_KDMC - CMO/select_--Select--'

2018-06-10 17:27:44 - [TEST_STEP][PASSED] - click: Object: 'Object Repository/lab/Page_KDMC - CMO/input_btnupdate' is clicked on

2018-06-10 17:27:44 - [MESSAGE][PASSED] - Object: 'Object Repository/lab/Page_KDMC - CMO/input_btnupdate' is clicked on

2018-06-10 17:27:44 - [TEST_STEP][PASSED] - delay: Delayed 2 second(s)

2018-06-10 17:27:46 - [MESSAGE][PASSED] - Delayed 2 second(s)

2018-06-10 17:27:46 - [TEST_STEP][PASSED] - click: Object: 'Object Repository/lab/Page_KDMC - CMO/button_OK' is clicked on

2018-06-10 17:27:46 - [MESSAGE][PASSED] - Object: 'Object Repository/lab/Page_KDMC - CMO/button_OK' is clicked on

2018-06-10 17:27:46 - [TEST_STEP][PASSED] - delay: Delayed 3 second(s)

2018-06-10 17:27:49 - [MESSAGE][PASSED] - Delayed 3 second(s)

2018-06-10 17:27:49 - [TEST_STEP][PASSED] - click: Object: 'Object Repository/lab/Page_KDMC - CMO/a_dropdown-toggle' is clicked on

2018-06-10 17:27:49 - [MESSAGE][PASSED] - Object: 'Object Repository/lab/Page_KDMC - CMO/a_dropdown-toggle' is clicked on

2018-06-10 17:27:49 - [TEST_STEP][PASSED] - click: Object: 'Object Repository/lab/Page_KDMC - CMO/a_Sign out' is clicked on

2018-06-10 17:27:50 - [MESSAGE][PASSED] - Object: 'Object Repository/lab/Page_KDMC - CMO/a_Sign out' is clicked on

2018-06-10 17:27:50 - [TEST_STEP][PASSED] - delay: Delayed 3 second(s)

2018-06-10 17:27:53 - [MESSAGE][PASSED] - Delayed 3 second(s)

2018-06-10 17:27:53 - [TEST_STEP][PASSED] - click: Object: 'Object Repository/lab/Page_KDMC/a_Divisional Store' is clicked on

2018-06-10 17:27:54 - [MESSAGE][PASSED] - Object: 'Object Repository/lab/Page_KDMC/a_Divisional Store' is clicked on

2018-06-10 17:27:54 - [TEST_STEP][PASSED] - setText: Text 'ragu' is set on object 'Object Repository/lab/Page_Divisonal Store Login/input_txtusername'

2018-06-10 17:27:54 - [MESSAGE][PASSED] - Text 'ragu' is set on object 'Object Repository/lab/Page_Divisonal Store Login/input_txtusername'

2018-06-10 17:27:54 - [TEST_STEP][PASSED] - setText: Text '123' is set on object 'Object Repository/lab/Page_Divisonal Store Login/input_txtpassword'

2018-06-10 17:27:54 - [MESSAGE][PASSED] - Text '123' is set on object 'Object Repository/lab/Page_Divisonal Store Login/input_txtpassword'

2018-06-10 17:27:54 - [TEST_STEP][PASSED] - delay: Delayed 3 second(s)

2018-06-10 17:27:57 - [MESSAGE][PASSED] - Delayed 3 second(s)

2018-06-10 17:27:57 - [TEST_STEP][PASSED] - click: Object: 'Object Repository/lab/Page_Divisonal Store Login/button_Sign in' is clicked on

2018-06-10 17:27:59 - [MESSAGE][PASSED] - Object: 'Object Repository/lab/Page_Divisonal Store Login/button_Sign in' is clicked on

2018-06-10 17:27:59 - [TEST_STEP][PASSED] - delay: Delayed 3 second(s)

2018-06-10 17:28:02 - [MESSAGE][PASSED] - Delayed 3 second(s)

2018-06-10 17:28:02 - [TEST_STEP][PASSED] - click: Object: 'Object Repository/lab/Page_Store/a_Lab Request' is clicked on

2018-06-10 17:28:02 - [MESSAGE][PASSED] - Object: 'Object Repository/lab/Page_Store/a_Lab Request' is clicked on

2018-06-10 17:28:02 - [TEST_STEP][PASSED] - click: Object: 'Object Repository/lab/Page_Store/a_Request Item Lab' is clicked on

2018-06-10 17:28:03 - [MESSAGE][PASSED] - Object: 'Object Repository/lab/Page_Store/a_Request Item Lab' is clicked on

2018-06-10 17:28:03 - [TEST_STEP][PASSED] - Statement - ChooseRequest = com.kms.katalon.core.webui.keyword.WebUiBuiltInKeywords.modifyObjectProperty(com.kms.katalon.core.testobject.ObjectRepository.findTestObject(lab/Page_Store/input_1), "xpath", "equals", "//*[@id=" + RID + "]", true): Modify property of object successfully

2018-06-10 17:28:03 - [MESSAGE][PASSED] - Modify property of object successfully

2018-06-10 17:28:03 - [TEST_STEP][PASSED] - click: Object: 'Object Repository/lab/Page_Store/input_1' is clicked on

2018-06-10 17:28:04 - [MESSAGE][PASSED] - Object: 'Object Repository/lab/Page_Store/input_1' is clicked on

2018-06-10 17:28:04 - [TEST_STEP][PASSED] - delay: Delayed 2 second(s)

2018-06-10 17:28:06 - [MESSAGE][PASSED] - Delayed 2 second(s)

2018-06-10 17:28:06 - [TEST_STEP][PASSED] - Statement - selectedoptions = com.kms.katalon.core.webui.keyword.WebUiBuiltInKeywords.getNumberOfTotalOption(com.kms.katalon.core.testobject.ObjectRepository.findTestObject(lab/Page_Store/select_--Select--E.C.G. Jelly)): 16 options of object 'Object Repository/lab/Page_Store/select_--Select--E.C.G. Jelly' counted

2018-06-10 17:28:06 - [MESSAGE][PASSED] - 16 options of object 'Object Repository/lab/Page_Store/select_--Select--E.C.G. Jelly' counted

2018-06-10 17:28:06 - [TEST_STEP][PASSED] - Statement - For ([a = 1, a < selectedoptions, (a++)]): null

2018-06-10 17:28:06 - [TEST_STEP][PASSED] - selectOptionByIndex: All options with index in [1] are selected on object 'Object Repository/lab/Page_Store/select_--Select--E.C.G. Jelly'

2018-06-10 17:28:06 - [MESSAGE][PASSED] - All options with index in [1] are selected on object 'Object Repository/lab/Page_Store/select_--Select--E.C.G. Jelly'

2018-06-10 17:28:06 - [TEST_STEP][PASSED] - delay: Delayed 2 second(s)

2018-06-10 17:28:08 - [MESSAGE][PASSED] - Delayed 2 second(s)

2018-06-10 17:28:08 - [TEST_STEP][PASSED] - Statement - RequestedQty = com.kms.katalon.core.webui.keyword.WebUiBuiltInKeywords.getAttribute(com.kms.katalon.core.testobject.ObjectRepository.findTestObject(lab/Page_Store/input_txttotal), "value"): Attribute 'value' of object 'Object Repository/lab/Page_Store/input_txttotal' is: '10'

2018-06-10 17:28:08 - [MESSAGE][PASSED] - Attribute 'value' of object 'Object Repository/lab/Page_Store/input_txttotal' is: '10'

2018-06-10 17:28:08 - [TEST_STEP][PASSED] - Statement - out.println("Requested QTY : " + RequestedQty): null

2018-06-10 17:28:08 - [TEST_STEP][PASSED] - Statement - BatchNumber = com.kms.katalon.core.webui.keyword.WebUiBuiltInKeywords.getNumberOfTotalOption(com.kms.katalon.core.testobject.ObjectRepository.findTestObject(lab/Page_Store/select_--Select--BA50)): 6 options of object 'Object Repository/lab/Page_Store/select_--Select--BA50' counted

2018-06-10 17:28:08 - [MESSAGE][PASSED] - 6 options of object 'Object Repository/lab/Page_Store/select_--Select--BA50' counted

2018-06-10 17:28:08 - [TEST_STEP][PASSED] - Statement - For ([g = 1, g < BatchNumber, (g++)]): null

2018-06-10 17:28:08 - [TEST_STEP][PASSED] - selectOptionByIndex: All options with index in [1] are selected on object 'Object Repository/lab/Page_Store/select_--Select--BA50'

2018-06-10 17:28:08 - [MESSAGE][PASSED] - All options with index in [1] are selected on object 'Object Repository/lab/Page_Store/select_--Select--BA50'

2018-06-10 17:28:08 - [TEST_STEP][PASSED] - delay: Delayed 2 second(s)

2018-06-10 17:28:10 - [MESSAGE][PASSED] - Delayed 2 second(s)

2018-06-10 17:28:10 - [TEST_STEP][PASSED] - Statement - StockQty = com.kms.katalon.core.webui.keyword.WebUiBuiltInKeywords.getAttribute(com.kms.katalon.core.testobject.ObjectRepository.findTestObject(lab/Page_Store/input_txtprice), "value"): Attribute 'value' of object 'Object Repository/lab/Page_Store/input_txtprice' is: '720'

2018-06-10 17:28:10 - [MESSAGE][PASSED] - Attribute 'value' of object 'Object Repository/lab/Page_Store/input_txtprice' is: '720'

2018-06-10 17:28:10 - [TEST_STEP][PASSED] - Statement - out.println("Stock QTY : " + StockQty): null

2018-06-10 17:28:10 - [TEST_STEP][PASSED] - delay: Delayed 1 second(s)

2018-06-10 17:28:11 - [MESSAGE][PASSED] - Delayed 1 second(s)

2018-06-10 17:28:11 - [TEST_STEP][PASSED] - Statement - If (java.lang.Integer.valueOf(StockQty) >= java.lang.Integer.valueOf(RequestedQty)): null

2018-06-10 17:28:11 - [TEST_STEP][PASSED] - setText: Text '10' is set on object 'Object Repository/lab/Page_Store/input_txtqty'

2018-06-10 17:28:11 - [MESSAGE][PASSED] - Text '10' is set on object 'Object Repository/lab/Page_Store/input_txtqty'

2018-06-10 17:28:11 - [TEST_STEP][PASSED] - click: Object: 'Object Repository/lab/Page_Store/button_Add' is clicked on

2018-06-10 17:28:11 - [MESSAGE][PASSED] - Object: 'Object Repository/lab/Page_Store/button_Add' is clicked on

2018-06-10 17:28:11 - [TEST_STEP][PASSED] - Statement - Break: null

2018-06-10 17:28:11 - [TEST_STEP][PASSED] - selectOptionByIndex: All options with index in [2] are selected on object 'Object Repository/lab/Page_Store/select_--Select--E.C.G. Jelly'

2018-06-10 17:28:12 - [MESSAGE][PASSED] - All options with index in [2] are selected on object 'Object Repository/lab/Page_Store/select_--Select--E.C.G. Jelly'

2018-06-10 17:28:12 - [TEST_STEP][PASSED] - delay: Delayed 2 second(s)

2018-06-10 17:28:14 - [MESSAGE][PASSED] - Delayed 2 second(s)

2018-06-10 17:28:14 - [TEST_STEP][PASSED] - Statement - RequestedQty = com.kms.katalon.core.webui.keyword.WebUiBuiltInKeywords.getAttribute(com.kms.katalon.core.testobject.ObjectRepository.findTestObject(lab/Page_Store/input_txttotal), "value"): Attribute 'value' of object 'Object Repository/lab/Page_Store/input_txttotal' is: '10'

2018-06-10 17:28:14 - [MESSAGE][PASSED] - Attribute 'value' of object 'Object Repository/lab/Page_Store/input_txttotal' is: '10'

2018-06-10 17:28:14 - [TEST_STEP][PASSED] - Statement - out.println("Requested QTY : " + RequestedQty): null

2018-06-10 17:28:14 - [TEST_STEP][PASSED] - Statement - BatchNumber = com.kms.katalon.core.webui.keyword.WebUiBuiltInKeywords.getNumberOfTotalOption(com.kms.katalon.core.testobject.ObjectRepository.findTestObject(lab/Page_Store/select_--Select--BA50)): 5 options of object 'Object Repository/lab/Page_Store/select_--Select--BA50' counted

2018-06-10 17:28:14 - [MESSAGE][PASSED] - 5 options of object 'Object Repository/lab/Page_Store/select_--Select--BA50' counted

2018-06-10 17:28:14 - [TEST_STEP][PASSED] - Statement - For ([g = 1, g < BatchNumber, (g++)]): null

2018-06-10 17:28:14 - [TEST_STEP][PASSED] - selectOptionByIndex: All options with index in [1] are selected on object 'Object Repository/lab/Page_Store/select_--Select--BA50'

2018-06-10 17:28:14 - [MESSAGE][PASSED] - All options with index in [1] are selected on object 'Object Repository/lab/Page_Store/select_--Select--BA50'

2018-06-10 17:28:14 - [TEST_STEP][PASSED] - delay: Delayed 2 second(s)

2018-06-10 17:28:16 - [MESSAGE][PASSED] - Delayed 2 second(s)

2018-06-10 17:28:16 - [TEST_STEP][PASSED] - Statement - StockQty = com.kms.katalon.core.webui.keyword.WebUiBuiltInKeywords.getAttribute(com.kms.katalon.core.testobject.ObjectRepository.findTestObject(lab/Page_Store/input_txtprice), "value"): Attribute 'value' of object 'Object Repository/lab/Page_Store/input_txtprice' is: '370'

2018-06-10 17:28:16 - [MESSAGE][PASSED] - Attribute 'value' of object 'Object Repository/lab/Page_Store/input_txtprice' is: '370'

2018-06-10 17:28:16 - [TEST_STEP][PASSED] - Statement - out.println("Stock QTY : " + StockQty): null

2018-06-10 17:28:16 - [TEST_STEP][PASSED] - delay: Delayed 1 second(s)

2018-06-10 17:28:17 - [MESSAGE][PASSED] - Delayed 1 second(s)

2018-06-10 17:28:17 - [TEST_STEP][PASSED] - Statement - If (java.lang.Integer.valueOf(StockQty) >= java.lang.Integer.valueOf(RequestedQty)): null

2018-06-10 17:28:17 - [TEST_STEP][PASSED] - setText: Text '10' is set on object 'Object Repository/lab/Page_Store/input_txtqty'

2018-06-10 17:28:17 - [MESSAGE][PASSED] - Text '10' is set on object 'Object Repository/lab/Page_Store/input_txtqty'

2018-06-10 17:28:17 - [TEST_STEP][PASSED] - click: Object: 'Object Repository/lab/Page_Store/button_Add' is clicked on

2018-06-10 17:28:17 - [MESSAGE][PASSED] - Object: 'Object Repository/lab/Page_Store/button_Add' is clicked on

2018-06-10 17:28:17 - [TEST_STEP][PASSED] - Statement - Break: null

2018-06-10 17:28:17 - [TEST_STEP][PASSED] - selectOptionByIndex: All options with index in [3] are selected on object 'Object Repository/lab/Page_Store/select_--Select--E.C.G. Jelly'

2018-06-10 17:28:17 - [MESSAGE][PASSED] - All options with index in [3] are selected on object 'Object Repository/lab/Page_Store/select_--Select--E.C.G. Jelly'

2018-06-10 17:28:17 - [TEST_STEP][PASSED] - delay: Delayed 2 second(s)

2018-06-10 17:28:19 - [MESSAGE][PASSED] - Delayed 2 second(s)

2018-06-10 17:28:19 - [TEST_STEP][PASSED] - Statement - RequestedQty = com.kms.katalon.core.webui.keyword.WebUiBuiltInKeywords.getAttribute(com.kms.katalon.core.testobject.ObjectRepository.findTestObject(lab/Page_Store/input_txttotal), "value"): Attribute 'value' of object 'Object Repository/lab/Page_Store/input_txttotal' is: '10'

2018-06-10 17:28:19 - [MESSAGE][PASSED] - Attribute 'value' of object 'Object Repository/lab/Page_Store/input_txttotal' is: '10'

2018-06-10 17:28:19 - [TEST_STEP][PASSED] - Statement - out.println("Requested QTY : " + RequestedQty): null

2018-06-10 17:28:19 - [TEST_STEP][PASSED] - Statement - BatchNumber = com.kms.katalon.core.webui.keyword.WebUiBuiltInKeywords.getNumberOfTotalOption(com.kms.katalon.core.testobject.ObjectRepository.findTestObject(lab/Page_Store/select_--Select--BA50)): 5 options of object 'Object Repository/lab/Page_Store/select_--Select--BA50' counted

2018-06-10 17:28:19 - [MESSAGE][PASSED] - 5 options of object 'Object Repository/lab/Page_Store/select_--Select--BA50' counted

2018-06-10 17:28:19 - [TEST_STEP][PASSED] - Statement - For ([g = 1, g < BatchNumber, (g++)]): null

2018-06-10 17:28:19 - [TEST_STEP][PASSED] - selectOptionByIndex: All options with index in [1] are selected on object 'Object Repository/lab/Page_Store/select_--Select--BA50'

2018-06-10 17:28:19 - [MESSAGE][PASSED] - All options with index in [1] are selected on object 'Object Repository/lab/Page_Store/select_--Select--BA50'

2018-06-10 17:28:19 - [TEST_STEP][PASSED] - delay: Delayed 2 second(s)

2018-06-10 17:28:21 - [MESSAGE][PASSED] - Delayed 2 second(s)

2018-06-10 17:28:21 - [TEST_STEP][PASSED] - Statement - StockQty = com.kms.katalon.core.webui.keyword.WebUiBuiltInKeywords.getAttribute(com.kms.katalon.core.testobject.ObjectRepository.findTestObject(lab/Page_Store/input_txtprice), "value"): Attribute 'value' of object 'Object Repository/lab/Page_Store/input_txtprice' is: '720'

2018-06-10 17:28:22 - [MESSAGE][PASSED] - Attribute 'value' of object 'Object Repository/lab/Page_Store/input_txtprice' is: '720'

2018-06-10 17:28:22 - [TEST_STEP][PASSED] - Statement - out.println("Stock QTY : " + StockQty): null

2018-06-10 17:28:22 - [TEST_STEP][PASSED] - delay: Delayed 1 second(s)

2018-06-10 17:28:23 - [MESSAGE][PASSED] - Delayed 1 second(s)

2018-06-10 17:28:23 - [TEST_STEP][PASSED] - Statement - If (java.lang.Integer.valueOf(StockQty) >= java.lang.Integer.valueOf(RequestedQty)): null

2018-06-10 17:28:23 - [TEST_STEP][PASSED] - setText: Text '10' is set on object 'Object Repository/lab/Page_Store/input_txtqty'

2018-06-10 17:28:23 - [MESSAGE][PASSED] - Text '10' is set on object 'Object Repository/lab/Page_Store/input_txtqty'

2018-06-10 17:28:23 - [TEST_STEP][PASSED] - click: Object: 'Object Repository/lab/Page_Store/button_Add' is clicked on

2018-06-10 17:28:23 - [MESSAGE][PASSED] - Object: 'Object Repository/lab/Page_Store/button_Add' is clicked on

2018-06-10 17:28:23 - [TEST_STEP][PASSED] - Statement - Break: null

2018-06-10 17:28:23 - [TEST_STEP][PASSED] - selectOptionByIndex: All options with index in [4] are selected on object 'Object Repository/lab/Page_Store/select_--Select--E.C.G. Jelly'

2018-06-10 17:28:23 - [MESSAGE][PASSED] - All options with index in [4] are selected on object 'Object Repository/lab/Page_Store/select_--Select--E.C.G. Jelly'

2018-06-10 17:28:23 - [TEST_STEP][PASSED] - delay: Delayed 2 second(s)

2018-06-10 17:28:25 - [MESSAGE][PASSED] - Delayed 2 second(s)

2018-06-10 17:28:25 - [TEST_STEP][PASSED] - Statement - RequestedQty = com.kms.katalon.core.webui.keyword.WebUiBuiltInKeywords.getAttribute(com.kms.katalon.core.testobject.ObjectRepository.findTestObject(lab/Page_Store/input_txttotal), "value"): Attribute 'value' of object 'Object Repository/lab/Page_Store/input_txttotal' is: '10'

2018-06-10 17:28:25 - [MESSAGE][PASSED] - Attribute 'value' of object 'Object Repository/lab/Page_Store/input_txttotal' is: '10'

2018-06-10 17:28:25 - [TEST_STEP][PASSED] - Statement - out.println("Requested QTY : " + RequestedQty): null

2018-06-10 17:28:25 - [TEST_STEP][PASSED] - Statement - BatchNumber = com.kms.katalon.core.webui.keyword.WebUiBuiltInKeywords.getNumberOfTotalOption(com.kms.katalon.core.testobject.ObjectRepository.findTestObject(lab/Page_Store/select_--Select--BA50)): 6 options of object 'Object Repository/lab/Page_Store/select_--Select--BA50' counted

2018-06-10 17:28:25 - [MESSAGE][PASSED] - 6 options of object 'Object Repository/lab/Page_Store/select_--Select--BA50' counted

2018-06-10 17:28:25 - [TEST_STEP][PASSED] - Statement - For ([g = 1, g < BatchNumber, (g++)]): null

2018-06-10 17:28:25 - [TEST_STEP][PASSED] - selectOptionByIndex: All options with index in [1] are selected on object 'Object Repository/lab/Page_Store/select_--Select--BA50'

2018-06-10 17:28:25 - [MESSAGE][PASSED] - All options with index in [1] are selected on object 'Object Repository/lab/Page_Store/select_--Select--BA50'

2018-06-10 17:28:25 - [TEST_STEP][PASSED] - delay: Delayed 2 second(s)

2018-06-10 17:28:27 - [MESSAGE][PASSED] - Delayed 2 second(s)

2018-06-10 17:28:27 - [TEST_STEP][PASSED] - Statement - StockQty = com.kms.katalon.core.webui.keyword.WebUiBuiltInKeywords.getAttribute(com.kms.katalon.core.testobject.ObjectRepository.findTestObject(lab/Page_Store/input_txtprice), "value"): Attribute 'value' of object 'Object Repository/lab/Page_Store/input_txtprice' is: '90'

2018-06-10 17:28:27 - [MESSAGE][PASSED] - Attribute 'value' of object 'Object Repository/lab/Page_Store/input_txtprice' is: '90'

2018-06-10 17:28:27 - [TEST_STEP][PASSED] - Statement - out.println("Stock QTY : " + StockQty): null

2018-06-10 17:28:27 - [TEST_STEP][PASSED] - delay: Delayed 1 second(s)

2018-06-10 17:28:28 - [MESSAGE][PASSED] - Delayed 1 second(s)

2018-06-10 17:28:28 - [TEST_STEP][PASSED] - Statement - If (java.lang.Integer.valueOf(StockQty) >= java.lang.Integer.valueOf(RequestedQty)): null

2018-06-10 17:28:28 - [TEST_STEP][PASSED] - setText: Text '10' is set on object 'Object Repository/lab/Page_Store/input_txtqty'

2018-06-10 17:28:28 - [MESSAGE][PASSED] - Text '10' is set on object 'Object Repository/lab/Page_Store/input_txtqty'

2018-06-10 17:28:28 - [TEST_STEP][PASSED] - click: Object: 'Object Repository/lab/Page_Store/button_Add' is clicked on

2018-06-10 17:28:28 - [MESSAGE][PASSED] - Object: 'Object Repository/lab/Page_Store/button_Add' is clicked on

2018-06-10 17:28:28 - [TEST_STEP][PASSED] - Statement - Break: null

2018-06-10 17:28:28 - [TEST_STEP][PASSED] - selectOptionByIndex: All options with index in [5] are selected on object 'Object Repository/lab/Page_Store/select_--Select--E.C.G. Jelly'

2018-06-10 17:28:28 - [MESSAGE][PASSED] - All options with index in [5] are selected on object 'Object Repository/lab/Page_Store/select_--Select--E.C.G. Jelly'

2018-06-10 17:28:28 - [TEST_STEP][PASSED] - delay: Delayed 2 second(s)

2018-06-10 17:28:30 - [MESSAGE][PASSED] - Delayed 2 second(s)

2018-06-10 17:28:30 - [TEST_STEP][PASSED] - Statement - RequestedQty = com.kms.katalon.core.webui.keyword.WebUiBuiltInKeywords.getAttribute(com.kms.katalon.core.testobject.ObjectRepository.findTestObject(lab/Page_Store/input_txttotal), "value"): Attribute 'value' of object 'Object Repository/lab/Page_Store/input_txttotal' is: '10'

2018-06-10 17:28:30 - [MESSAGE][PASSED] - Attribute 'value' of object 'Object Repository/lab/Page_Store/input_txttotal' is: '10'

2018-06-10 17:28:30 - [TEST_STEP][PASSED] - Statement - out.println("Requested QTY : " + RequestedQty): null

2018-06-10 17:28:30 - [TEST_STEP][PASSED] - Statement - BatchNumber = com.kms.katalon.core.webui.keyword.WebUiBuiltInKeywords.getNumberOfTotalOption(com.kms.katalon.core.testobject.ObjectRepository.findTestObject(lab/Page_Store/select_--Select--BA50)): 2 options of object 'Object Repository/lab/Page_Store/select_--Select--BA50' counted

2018-06-10 17:28:31 - [MESSAGE][PASSED] - 2 options of object 'Object Repository/lab/Page_Store/select_--Select--BA50' counted

2018-06-10 17:28:31 - [TEST_STEP][PASSED] - Statement - For ([g = 1, g < BatchNumber, (g++)]): null

2018-06-10 17:28:31 - [TEST_STEP][PASSED] - selectOptionByIndex: All options with index in [1] are selected on object 'Object Repository/lab/Page_Store/select_--Select--BA50'

2018-06-10 17:28:31 - [MESSAGE][PASSED] - All options with index in [1] are selected on object 'Object Repository/lab/Page_Store/select_--Select--BA50'

2018-06-10 17:28:31 - [TEST_STEP][PASSED] - delay: Delayed 2 second(s)

2018-06-10 17:28:33 - [MESSAGE][PASSED] - Delayed 2 second(s)

2018-06-10 17:28:33 - [TEST_STEP][PASSED] - Statement - StockQty = com.kms.katalon.core.webui.keyword.WebUiBuiltInKeywords.getAttribute(com.kms.katalon.core.testobject.ObjectRepository.findTestObject(lab/Page_Store/input_txtprice), "value"): Attribute 'value' of object 'Object Repository/lab/Page_Store/input_txtprice' is: '2000'

2018-06-10 17:28:33 - [MESSAGE][PASSED] - Attribute 'value' of object 'Object Repository/lab/Page_Store/input_txtprice' is: '2000'

2018-06-10 17:28:33 - [TEST_STEP][PASSED] - Statement - out.println("Stock QTY : " + StockQty): null

2018-06-10 17:28:33 - [TEST_STEP][PASSED] - delay: Delayed 1 second(s)

2018-06-10 17:28:34 - [MESSAGE][PASSED] - Delayed 1 second(s)

2018-06-10 17:28:34 - [TEST_STEP][PASSED] - Statement - If (java.lang.Integer.valueOf(StockQty) >= java.lang.Integer.valueOf(RequestedQty)): null

2018-06-10 17:28:34 - [TEST_STEP][PASSED] - setText: Text '10' is set on object 'Object Repository/lab/Page_Store/input_txtqty'

2018-06-10 17:28:34 - [MESSAGE][PASSED] - Text '10' is set on object 'Object Repository/lab/Page_Store/input_txtqty'

2018-06-10 17:28:34 - [TEST_STEP][PASSED] - click: Object: 'Object Repository/lab/Page_Store/button_Add' is clicked on

2018-06-10 17:28:34 - [MESSAGE][PASSED] - Object: 'Object Repository/lab/Page_Store/button_Add' is clicked on

2018-06-10 17:28:34 - [TEST_STEP][PASSED] - Statement - Break: null

2018-06-10 17:28:34 - [TEST_STEP][PASSED] - selectOptionByIndex: All options with index in [6] are selected on object 'Object Repository/lab/Page_Store/select_--Select--E.C.G. Jelly'

2018-06-10 17:28:34 - [MESSAGE][PASSED] - All options with index in [6] are selected on object 'Object Repository/lab/Page_Store/select_--Select--E.C.G. Jelly'

2018-06-10 17:28:34 - [TEST_STEP][PASSED] - delay: Delayed 2 second(s)

2018-06-10 17:28:36 - [MESSAGE][PASSED] - Delayed 2 second(s)

2018-06-10 17:28:36 - [TEST_STEP][PASSED] - Statement - RequestedQty = com.kms.katalon.core.webui.keyword.WebUiBuiltInKeywords.getAttribute(com.kms.katalon.core.testobject.ObjectRepository.findTestObject(lab/Page_Store/input_txttotal), "value"): Attribute 'value' of object 'Object Repository/lab/Page_Store/input_txttotal' is: '10'

2018-06-10 17:28:36 - [MESSAGE][PASSED] - Attribute 'value' of object 'Object Repository/lab/Page_Store/input_txttotal' is: '10'

2018-06-10 17:28:36 - [TEST_STEP][PASSED] - Statement - out.println("Requested QTY : " + RequestedQty): null

2018-06-10 17:28:36 - [TEST_STEP][PASSED] - Statement - BatchNumber = com.kms.katalon.core.webui.keyword.WebUiBuiltInKeywords.getNumberOfTotalOption(com.kms.katalon.core.testobject.ObjectRepository.findTestObject(lab/Page_Store/select_--Select--BA50)): 3 options of object 'Object Repository/lab/Page_Store/select_--Select--BA50' counted

2018-06-10 17:28:36 - [MESSAGE][PASSED] - 3 options of object 'Object Repository/lab/Page_Store/select_--Select--BA50' counted

2018-06-10 17:28:36 - [TEST_STEP][PASSED] - Statement - For ([g = 1, g < BatchNumber, (g++)]): null

2018-06-10 17:28:36 - [TEST_STEP][PASSED] - selectOptionByIndex: All options with index in [1] are selected on object 'Object Repository/lab/Page_Store/select_--Select--BA50'

2018-06-10 17:28:36 - [MESSAGE][PASSED] - All options with index in [1] are selected on object 'Object Repository/lab/Page_Store/select_--Select--BA50'

2018-06-10 17:28:36 - [TEST_STEP][PASSED] - delay: Delayed 2 second(s)

2018-06-10 17:28:38 - [MESSAGE][PASSED] - Delayed 2 second(s)

2018-06-10 17:28:38 - [TEST_STEP][PASSED] - Statement - StockQty = com.kms.katalon.core.webui.keyword.WebUiBuiltInKeywords.getAttribute(com.kms.katalon.core.testobject.ObjectRepository.findTestObject(lab/Page_Store/input_txtprice), "value"): Attribute 'value' of object 'Object Repository/lab/Page_Store/input_txtprice' is: '1760'

2018-06-10 17:28:38 - [MESSAGE][PASSED] - Attribute 'value' of object 'Object Repository/lab/Page_Store/input_txtprice' is: '1760'

2018-06-10 17:28:38 - [TEST_STEP][PASSED] - Statement - out.println("Stock QTY : " + StockQty): null

2018-06-10 17:28:38 - [TEST_STEP][PASSED] - delay: Delayed 1 second(s)

2018-06-10 17:28:39 - [MESSAGE][PASSED] - Delayed 1 second(s)

2018-06-10 17:28:39 - [TEST_STEP][PASSED] - Statement - If (java.lang.Integer.valueOf(StockQty) >= java.lang.Integer.valueOf(RequestedQty)): null

2018-06-10 17:28:39 - [TEST_STEP][PASSED] - setText: Text '10' is set on object 'Object Repository/lab/Page_Store/input_txtqty'

2018-06-10 17:28:39 - [MESSAGE][PASSED] - Text '10' is set on object 'Object Repository/lab/Page_Store/input_txtqty'

2018-06-10 17:28:39 - [TEST_STEP][PASSED] - click: Object: 'Object Repository/lab/Page_Store/button_Add' is clicked on

2018-06-10 17:28:39 - [MESSAGE][PASSED] - Object: 'Object Repository/lab/Page_Store/button_Add' is clicked on

2018-06-10 17:28:39 - [TEST_STEP][PASSED] - Statement - Break: null

2018-06-10 17:28:39 - [TEST_STEP][PASSED] - selectOptionByIndex: All options with index in [7] are selected on object 'Object Repository/lab/Page_Store/select_--Select--E.C.G. Jelly'

2018-06-10 17:28:40 - [MESSAGE][PASSED] - All options with index in [7] are selected on object 'Object Repository/lab/Page_Store/select_--Select--E.C.G. Jelly'

2018-06-10 17:28:40 - [TEST_STEP][PASSED] - delay: Delayed 2 second(s)

2018-06-10 17:28:42 - [MESSAGE][PASSED] - Delayed 2 second(s)

2018-06-10 17:28:42 - [TEST_STEP][PASSED] - Statement - RequestedQty = com.kms.katalon.core.webui.keyword.WebUiBuiltInKeywords.getAttribute(com.kms.katalon.core.testobject.ObjectRepository.findTestObject(lab/Page_Store/input_txttotal), "value"): Attribute 'value' of object 'Object Repository/lab/Page_Store/input_txttotal' is: '10'

2018-06-10 17:28:42 - [MESSAGE][PASSED] - Attribute 'value' of object 'Object Repository/lab/Page_Store/input_txttotal' is: '10'

2018-06-10 17:28:42 - [TEST_STEP][PASSED] - Statement - out.println("Requested QTY : " + RequestedQty): null

2018-06-10 17:28:42 - [TEST_STEP][PASSED] - Statement - BatchNumber = com.kms.katalon.core.webui.keyword.WebUiBuiltInKeywords.getNumberOfTotalOption(com.kms.katalon.core.testobject.ObjectRepository.findTestObject(lab/Page_Store/select_--Select--BA50)): 3 options of object 'Object Repository/lab/Page_Store/select_--Select--BA50' counted

2018-06-10 17:28:42 - [MESSAGE][PASSED] - 3 options of object 'Object Repository/lab/Page_Store/select_--Select--BA50' counted

2018-06-10 17:28:42 - [TEST_STEP][PASSED] - Statement - For ([g = 1, g < BatchNumber, (g++)]): null

2018-06-10 17:28:42 - [TEST_STEP][PASSED] - selectOptionByIndex: All options with index in [1] are selected on object 'Object Repository/lab/Page_Store/select_--Select--BA50'

2018-06-10 17:28:42 - [MESSAGE][PASSED] - All options with index in [1] are selected on object 'Object Repository/lab/Page_Store/select_--Select--BA50'

2018-06-10 17:28:42 - [TEST_STEP][PASSED] - delay: Delayed 2 second(s)

2018-06-10 17:28:44 - [MESSAGE][PASSED] - Delayed 2 second(s)

2018-06-10 17:28:44 - [TEST_STEP][PASSED] - Statement - StockQty = com.kms.katalon.core.webui.keyword.WebUiBuiltInKeywords.getAttribute(com.kms.katalon.core.testobject.ObjectRepository.findTestObject(lab/Page_Store/input_txtprice), "value"): Attribute 'value' of object 'Object Repository/lab/Page_Store/input_txtprice' is: '1650'

2018-06-10 17:28:44 - [MESSAGE][PASSED] - Attribute 'value' of object 'Object Repository/lab/Page_Store/input_txtprice' is: '1650'

2018-06-10 17:28:44 - [TEST_STEP][PASSED] - Statement - out.println("Stock QTY : " + StockQty): null

2018-06-10 17:28:44 - [TEST_STEP][PASSED] - delay: Delayed 1 second(s)

2018-06-10 17:28:45 - [MESSAGE][PASSED] - Delayed 1 second(s)

2018-06-10 17:28:45 - [TEST_STEP][PASSED] - Statement - If (java.lang.Integer.valueOf(StockQty) >= java.lang.Integer.valueOf(RequestedQty)): null

2018-06-10 17:28:45 - [TEST_STEP][PASSED] - setText: Text '10' is set on object 'Object Repository/lab/Page_Store/input_txtqty'

2018-06-10 17:28:45 - [MESSAGE][PASSED] - Text '10' is set on object 'Object Repository/lab/Page_Store/input_txtqty'

2018-06-10 17:28:45 - [TEST_STEP][PASSED] - click: Object: 'Object Repository/lab/Page_Store/button_Add' is clicked on

2018-06-10 17:28:45 - [MESSAGE][PASSED] - Object: 'Object Repository/lab/Page_Store/button_Add' is clicked on

2018-06-10 17:28:45 - [TEST_STEP][PASSED] - Statement - Break: null

2018-06-10 17:28:45 - [TEST_STEP][PASSED] - selectOptionByIndex: All options with index in [8] are selected on object 'Object Repository/lab/Page_Store/select_--Select--E.C.G. Jelly'

2018-06-10 17:28:45 - [MESSAGE][PASSED] - All options with index in [8] are selected on object 'Object Repository/lab/Page_Store/select_--Select--E.C.G. Jelly'

2018-06-10 17:28:45 - [TEST_STEP][PASSED] - delay: Delayed 2 second(s)

2018-06-10 17:28:47 - [MESSAGE][PASSED] - Delayed 2 second(s)

2018-06-10 17:28:47 - [TEST_STEP][PASSED] - Statement - RequestedQty = com.kms.katalon.core.webui.keyword.WebUiBuiltInKeywords.getAttribute(com.kms.katalon.core.testobject.ObjectRepository.findTestObject(lab/Page_Store/input_txttotal), "value"): Attribute 'value' of object 'Object Repository/lab/Page_Store/input_txttotal' is: '10'

2018-06-10 17:28:47 - [MESSAGE][PASSED] - Attribute 'value' of object 'Object Repository/lab/Page_Store/input_txttotal' is: '10'

2018-06-10 17:28:47 - [TEST_STEP][PASSED] - Statement - out.println("Requested QTY : " + RequestedQty): null

2018-06-10 17:28:47 - [TEST_STEP][PASSED] - Statement - BatchNumber = com.kms.katalon.core.webui.keyword.WebUiBuiltInKeywords.getNumberOfTotalOption(com.kms.katalon.core.testobject.ObjectRepository.findTestObject(lab/Page_Store/select_--Select--BA50)): 3 options of object 'Object Repository/lab/Page_Store/select_--Select--BA50' counted

2018-06-10 17:28:47 - [MESSAGE][PASSED] - 3 options of object 'Object Repository/lab/Page_Store/select_--Select--BA50' counted

2018-06-10 17:28:47 - [TEST_STEP][PASSED] - Statement - For ([g = 1, g < BatchNumber, (g++)]): null

2018-06-10 17:28:47 - [TEST_STEP][PASSED] - selectOptionByIndex: All options with index in [1] are selected on object 'Object Repository/lab/Page_Store/select_--Select--BA50'

2018-06-10 17:28:47 - [MESSAGE][PASSED] - All options with index in [1] are selected on object 'Object Repository/lab/Page_Store/select_--Select--BA50'

2018-06-10 17:28:47 - [TEST_STEP][PASSED] - delay: Delayed 2 second(s)

2018-06-10 17:28:49 - [MESSAGE][PASSED] - Delayed 2 second(s)

2018-06-10 17:28:49 - [TEST_STEP][PASSED] - Statement - StockQty = com.kms.katalon.core.webui.keyword.WebUiBuiltInKeywords.getAttribute(com.kms.katalon.core.testobject.ObjectRepository.findTestObject(lab/Page_Store/input_txtprice), "value"): Attribute 'value' of object 'Object Repository/lab/Page_Store/input_txtprice' is: '90'

2018-06-10 17:28:49 - [MESSAGE][PASSED] - Attribute 'value' of object 'Object Repository/lab/Page_Store/input_txtprice' is: '90'

2018-06-10 17:28:49 - [TEST_STEP][PASSED] - Statement - out.println("Stock QTY : " + StockQty): null

2018-06-10 17:28:49 - [TEST_STEP][PASSED] - delay: Delayed 1 second(s)

2018-06-10 17:28:50 - [MESSAGE][PASSED] - Delayed 1 second(s)

2018-06-10 17:28:50 - [TEST_STEP][PASSED] - Statement - If (java.lang.Integer.valueOf(StockQty) >= java.lang.Integer.valueOf(RequestedQty)): null

2018-06-10 17:28:50 - [TEST_STEP][PASSED] - setText: Text '10' is set on object 'Object Repository/lab/Page_Store/input_txtqty'

2018-06-10 17:28:51 - [MESSAGE][PASSED] - Text '10' is set on object 'Object Repository/lab/Page_Store/input_txtqty'

2018-06-10 17:28:51 - [TEST_STEP][PASSED] - click: Object: 'Object Repository/lab/Page_Store/button_Add' is clicked on

2018-06-10 17:28:51 - [MESSAGE][PASSED] - Object: 'Object Repository/lab/Page_Store/button_Add' is clicked on

2018-06-10 17:28:51 - [TEST_STEP][PASSED] - Statement - Break: null

2018-06-10 17:28:51 - [TEST_STEP][PASSED] - selectOptionByIndex: All options with index in [9] are selected on object 'Object Repository/lab/Page_Store/select_--Select--E.C.G. Jelly'

2018-06-10 17:28:51 - [MESSAGE][PASSED] - All options with index in [9] are selected on object 'Object Repository/lab/Page_Store/select_--Select--E.C.G. Jelly'

2018-06-10 17:28:51 - [TEST_STEP][PASSED] - delay: Delayed 2 second(s)

2018-06-10 17:28:53 - [MESSAGE][PASSED] - Delayed 2 second(s)

2018-06-10 17:28:53 - [TEST_STEP][PASSED] - Statement - RequestedQty = com.kms.katalon.core.webui.keyword.WebUiBuiltInKeywords.getAttribute(com.kms.katalon.core.testobject.ObjectRepository.findTestObject(lab/Page_Store/input_txttotal), "value"): Attribute 'value' of object 'Object Repository/lab/Page_Store/input_txttotal' is: '10'

2018-06-10 17:28:53 - [MESSAGE][PASSED] - Attribute 'value' of object 'Object Repository/lab/Page_Store/input_txttotal' is: '10'

2018-06-10 17:28:53 - [TEST_STEP][PASSED] - Statement - out.println("Requested QTY : " + RequestedQty): null

2018-06-10 17:28:53 - [TEST_STEP][PASSED] - Statement - BatchNumber = com.kms.katalon.core.webui.keyword.WebUiBuiltInKeywords.getNumberOfTotalOption(com.kms.katalon.core.testobject.ObjectRepository.findTestObject(lab/Page_Store/select_--Select--BA50)): 5 options of object 'Object Repository/lab/Page_Store/select_--Select--BA50' counted

2018-06-10 17:28:53 - [MESSAGE][PASSED] - 5 options of object 'Object Repository/lab/Page_Store/select_--Select--BA50' counted

2018-06-10 17:28:53 - [TEST_STEP][PASSED] - Statement - For ([g = 1, g < BatchNumber, (g++)]): null

2018-06-10 17:28:53 - [TEST_STEP][PASSED] - selectOptionByIndex: All options with index in [1] are selected on object 'Object Repository/lab/Page_Store/select_--Select--BA50'

2018-06-10 17:28:53 - [MESSAGE][PASSED] - All options with index in [1] are selected on object 'Object Repository/lab/Page_Store/select_--Select--BA50'

2018-06-10 17:28:53 - [TEST_STEP][PASSED] - delay: Delayed 2 second(s)

2018-06-10 17:28:55 - [MESSAGE][PASSED] - Delayed 2 second(s)

2018-06-10 17:28:55 - [TEST_STEP][PASSED] - Statement - StockQty = com.kms.katalon.core.webui.keyword.WebUiBuiltInKeywords.getAttribute(com.kms.katalon.core.testobject.ObjectRepository.findTestObject(lab/Page_Store/input_txtprice), "value"): Attribute 'value' of object 'Object Repository/lab/Page_Store/input_txtprice' is: '370'

2018-06-10 17:28:55 - [MESSAGE][PASSED] - Attribute 'value' of object 'Object Repository/lab/Page_Store/input_txtprice' is: '370'

2018-06-10 17:28:55 - [TEST_STEP][PASSED] - Statement - out.println("Stock QTY : " + StockQty): null

2018-06-10 17:28:55 - [TEST_STEP][PASSED] - delay: Delayed 1 second(s)

2018-06-10 17:28:56 - [MESSAGE][PASSED] - Delayed 1 second(s)

2018-06-10 17:28:56 - [TEST_STEP][PASSED] - Statement - If (java.lang.Integer.valueOf(StockQty) >= java.lang.Integer.valueOf(RequestedQty)): null

2018-06-10 17:28:56 - [TEST_STEP][PASSED] - setText: Text '10' is set on object 'Object Repository/lab/Page_Store/input_txtqty'

2018-06-10 17:28:56 - [MESSAGE][PASSED] - Text '10' is set on object 'Object Repository/lab/Page_Store/input_txtqty'

2018-06-10 17:28:56 - [TEST_STEP][PASSED] - click: Object: 'Object Repository/lab/Page_Store/button_Add' is clicked on

2018-06-10 17:28:56 - [MESSAGE][PASSED] - Object: 'Object Repository/lab/Page_Store/button_Add' is clicked on

2018-06-10 17:28:56 - [TEST_STEP][PASSED] - Statement - Break: null

2018-06-10 17:28:56 - [TEST_STEP][PASSED] - selectOptionByIndex: All options with index in [10] are selected on object 'Object Repository/lab/Page_Store/select_--Select--E.C.G. Jelly'

2018-06-10 17:28:57 - [MESSAGE][PASSED] - All options with index in [10] are selected on object 'Object Repository/lab/Page_Store/select_--Select--E.C.G. Jelly'

2018-06-10 17:28:57 - [TEST_STEP][PASSED] - delay: Delayed 2 second(s)

2018-06-10 17:28:59 - [MESSAGE][PASSED] - Delayed 2 second(s)

2018-06-10 17:28:59 - [TEST_STEP][PASSED] - Statement - RequestedQty = com.kms.katalon.core.webui.keyword.WebUiBuiltInKeywords.getAttribute(com.kms.katalon.core.testobject.ObjectRepository.findTestObject(lab/Page_Store/input_txttotal), "value"): Attribute 'value' of object 'Object Repository/lab/Page_Store/input_txttotal' is: '10'

2018-06-10 17:28:59 - [MESSAGE][PASSED] - Attribute 'value' of object 'Object Repository/lab/Page_Store/input_txttotal' is: '10'

2018-06-10 17:28:59 - [TEST_STEP][PASSED] - Statement - out.println("Requested QTY : " + RequestedQty): null

2018-06-10 17:28:59 - [TEST_STEP][PASSED] - Statement - BatchNumber = com.kms.katalon.core.webui.keyword.WebUiBuiltInKeywords.getNumberOfTotalOption(com.kms.katalon.core.testobject.ObjectRepository.findTestObject(lab/Page_Store/select_--Select--BA50)): 4 options of object 'Object Repository/lab/Page_Store/select_--Select--BA50' counted

2018-06-10 17:28:59 - [MESSAGE][PASSED] - 4 options of object 'Object Repository/lab/Page_Store/select_--Select--BA50' counted

2018-06-10 17:28:59 - [TEST_STEP][PASSED] - Statement - For ([g = 1, g < BatchNumber, (g++)]): null

2018-06-10 17:28:59 - [TEST_STEP][PASSED] - selectOptionByIndex: All options with index in [1] are selected on object 'Object Repository/lab/Page_Store/select_--Select--BA50'

2018-06-10 17:28:59 - [MESSAGE][PASSED] - All options with index in [1] are selected on object 'Object Repository/lab/Page_Store/select_--Select--BA50'

2018-06-10 17:28:59 - [TEST_STEP][PASSED] - delay: Delayed 2 second(s)

2018-06-10 17:29:01 - [MESSAGE][PASSED] - Delayed 2 second(s)

2018-06-10 17:29:01 - [TEST_STEP][PASSED] - Statement - StockQty = com.kms.katalon.core.webui.keyword.WebUiBuiltInKeywords.getAttribute(com.kms.katalon.core.testobject.ObjectRepository.findTestObject(lab/Page_Store/input_txtprice), "value"): Attribute 'value' of object 'Object Repository/lab/Page_Store/input_txtprice' is: '370'

2018-06-10 17:29:01 - [MESSAGE][PASSED] - Attribute 'value' of object 'Object Repository/lab/Page_Store/input_txtprice' is: '370'

2018-06-10 17:29:01 - [TEST_STEP][PASSED] - Statement - out.println("Stock QTY : " + StockQty): null

2018-06-10 17:29:01 - [TEST_STEP][PASSED] - delay: Delayed 1 second(s)

2018-06-10 17:29:02 - [MESSAGE][PASSED] - Delayed 1 second(s)

2018-06-10 17:29:02 - [TEST_STEP][PASSED] - Statement - If (java.lang.Integer.valueOf(StockQty) >= java.lang.Integer.valueOf(RequestedQty)): null

2018-06-10 17:29:02 - [TEST_STEP][PASSED] - setText: Text '10' is set on object 'Object Repository/lab/Page_Store/input_txtqty'

2018-06-10 17:29:02 - [MESSAGE][PASSED] - Text '10' is set on object 'Object Repository/lab/Page_Store/input_txtqty'

2018-06-10 17:29:02 - [TEST_STEP][PASSED] - click: Object: 'Object Repository/lab/Page_Store/button_Add' is clicked on

2018-06-10 17:29:02 - [MESSAGE][PASSED] - Object: 'Object Repository/lab/Page_Store/button_Add' is clicked on

2018-06-10 17:29:02 - [TEST_STEP][PASSED] - Statement - Break: null

2018-06-10 17:29:02 - [TEST_STEP][PASSED] - selectOptionByIndex: All options with index in [11] are selected on object 'Object Repository/lab/Page_Store/select_--Select--E.C.G. Jelly'

2018-06-10 17:29:02 - [MESSAGE][PASSED] - All options with index in [11] are selected on object 'Object Repository/lab/Page_Store/select_--Select--E.C.G. Jelly'

2018-06-10 17:29:02 - [TEST_STEP][PASSED] - delay: Delayed 2 second(s)

2018-06-10 17:29:04 - [MESSAGE][PASSED] - Delayed 2 second(s)

2018-06-10 17:29:04 - [TEST_STEP][PASSED] - Statement - RequestedQty = com.kms.katalon.core.webui.keyword.WebUiBuiltInKeywords.getAttribute(com.kms.katalon.core.testobject.ObjectRepository.findTestObject(lab/Page_Store/input_txttotal), "value"): Attribute 'value' of object 'Object Repository/lab/Page_Store/input_txttotal' is: '10'

2018-06-10 17:29:04 - [MESSAGE][PASSED] - Attribute 'value' of object 'Object Repository/lab/Page_Store/input_txttotal' is: '10'

2018-06-10 17:29:04 - [TEST_STEP][PASSED] - Statement - out.println("Requested QTY : " + RequestedQty): null

2018-06-10 17:29:04 - [TEST_STEP][PASSED] - Statement - BatchNumber = com.kms.katalon.core.webui.keyword.WebUiBuiltInKeywords.getNumberOfTotalOption(com.kms.katalon.core.testobject.ObjectRepository.findTestObject(lab/Page_Store/select_--Select--BA50)): 3 options of object 'Object Repository/lab/Page_Store/select_--Select--BA50' counted

2018-06-10 17:29:04 - [MESSAGE][PASSED] - 3 options of object 'Object Repository/lab/Page_Store/select_--Select--BA50' counted

2018-06-10 17:29:04 - [TEST_STEP][PASSED] - Statement - For ([g = 1, g < BatchNumber, (g++)]): null

2018-06-10 17:29:04 - [TEST_STEP][PASSED] - selectOptionByIndex: All options with index in [1] are selected on object 'Object Repository/lab/Page_Store/select_--Select--BA50'

2018-06-10 17:29:04 - [MESSAGE][PASSED] - All options with index in [1] are selected on object 'Object Repository/lab/Page_Store/select_--Select--BA50'

2018-06-10 17:29:04 - [TEST_STEP][PASSED] - delay: Delayed 2 second(s)

2018-06-10 17:29:06 - [MESSAGE][PASSED] - Delayed 2 second(s)

2018-06-10 17:29:06 - [TEST_STEP][PASSED] - Statement - StockQty = com.kms.katalon.core.webui.keyword.WebUiBuiltInKeywords.getAttribute(com.kms.katalon.core.testobject.ObjectRepository.findTestObject(lab/Page_Store/input_txtprice), "value"): Attribute 'value' of object 'Object Repository/lab/Page_Store/input_txtprice' is: '770'

2018-06-10 17:29:06 - [MESSAGE][PASSED] - Attribute 'value' of object 'Object Repository/lab/Page_Store/input_txtprice' is: '770'

2018-06-10 17:29:06 - [TEST_STEP][PASSED] - Statement - out.println("Stock QTY : " + StockQty): null

2018-06-10 17:29:06 - [TEST_STEP][PASSED] - delay: Delayed 1 second(s)

2018-06-10 17:29:07 - [MESSAGE][PASSED] - Delayed 1 second(s)

2018-06-10 17:29:07 - [TEST_STEP][PASSED] - Statement - If (java.lang.Integer.valueOf(StockQty) >= java.lang.Integer.valueOf(RequestedQty)): null

2018-06-10 17:29:07 - [TEST_STEP][PASSED] - setText: Text '10' is set on object 'Object Repository/lab/Page_Store/input_txtqty'

2018-06-10 17:29:08 - [MESSAGE][PASSED] - Text '10' is set on object 'Object Repository/lab/Page_Store/input_txtqty'

2018-06-10 17:29:08 - [TEST_STEP][PASSED] - click: Object: 'Object Repository/lab/Page_Store/button_Add' is clicked on

2018-06-10 17:29:08 - [MESSAGE][PASSED] - Object: 'Object Repository/lab/Page_Store/button_Add' is clicked on

2018-06-10 17:29:08 - [TEST_STEP][PASSED] - Statement - Break: null

2018-06-10 17:29:08 - [TEST_STEP][PASSED] - selectOptionByIndex: All options with index in [12] are selected on object 'Object Repository/lab/Page_Store/select_--Select--E.C.G. Jelly'

2018-06-10 17:29:08 - [MESSAGE][PASSED] - All options with index in [12] are selected on object 'Object Repository/lab/Page_Store/select_--Select--E.C.G. Jelly'

2018-06-10 17:29:08 - [TEST_STEP][PASSED] - delay: Delayed 2 second(s)

2018-06-10 17:29:10 - [MESSAGE][PASSED] - Delayed 2 second(s)

2018-06-10 17:29:10 - [TEST_STEP][PASSED] - Statement - RequestedQty = com.kms.katalon.core.webui.keyword.WebUiBuiltInKeywords.getAttribute(com.kms.katalon.core.testobject.ObjectRepository.findTestObject(lab/Page_Store/input_txttotal), "value"): Attribute 'value' of object 'Object Repository/lab/Page_Store/input_txttotal' is: '10'

2018-06-10 17:29:10 - [MESSAGE][PASSED] - Attribute 'value' of object 'Object Repository/lab/Page_Store/input_txttotal' is: '10'

2018-06-10 17:29:10 - [TEST_STEP][PASSED] - Statement - out.println("Requested QTY : " + RequestedQty): null

2018-06-10 17:29:10 - [TEST_STEP][PASSED] - Statement - BatchNumber = com.kms.katalon.core.webui.keyword.WebUiBuiltInKeywords.getNumberOfTotalOption(com.kms.katalon.core.testobject.ObjectRepository.findTestObject(lab/Page_Store/select_--Select--BA50)): 4 options of object 'Object Repository/lab/Page_Store/select_--Select--BA50' counted

2018-06-10 17:29:10 - [MESSAGE][PASSED] - 4 options of object 'Object Repository/lab/Page_Store/select_--Select--BA50' counted

2018-06-10 17:29:10 - [TEST_STEP][PASSED] - Statement - For ([g = 1, g < BatchNumber, (g++)]): null

2018-06-10 17:29:10 - [TEST_STEP][PASSED] - selectOptionByIndex: All options with index in [1] are selected on object 'Object Repository/lab/Page_Store/select_--Select--BA50'

2018-06-10 17:29:10 - [MESSAGE][PASSED] - All options with index in [1] are selected on object 'Object Repository/lab/Page_Store/select_--Select--BA50'

2018-06-10 17:29:10 - [TEST_STEP][PASSED] - delay: Delayed 2 second(s)

2018-06-10 17:29:12 - [MESSAGE][PASSED] - Delayed 2 second(s)

2018-06-10 17:29:12 - [TEST_STEP][PASSED] - Statement - StockQty = com.kms.katalon.core.webui.keyword.WebUiBuiltInKeywords.getAttribute(com.kms.katalon.core.testobject.ObjectRepository.findTestObject(lab/Page_Store/input_txtprice), "value"): Attribute 'value' of object 'Object Repository/lab/Page_Store/input_txtprice' is: '90'

2018-06-10 17:29:12 - [MESSAGE][PASSED] - Attribute 'value' of object 'Object Repository/lab/Page_Store/input_txtprice' is: '90'

2018-06-10 17:29:12 - [TEST_STEP][PASSED] - Statement - out.println("Stock QTY : " + StockQty): null

2018-06-10 17:29:12 - [TEST_STEP][PASSED] - delay: Delayed 1 second(s)

2018-06-10 17:29:13 - [MESSAGE][PASSED] - Delayed 1 second(s)

2018-06-10 17:29:13 - [TEST_STEP][PASSED] - Statement - If (java.lang.Integer.valueOf(StockQty) >= java.lang.Integer.valueOf(RequestedQty)): null

2018-06-10 17:29:13 - [TEST_STEP][PASSED] - setText: Text '10' is set on object 'Object Repository/lab/Page_Store/input_txtqty'

2018-06-10 17:29:13 - [MESSAGE][PASSED] - Text '10' is set on object 'Object Repository/lab/Page_Store/input_txtqty'

2018-06-10 17:29:13 - [TEST_STEP][PASSED] - click: Object: 'Object Repository/lab/Page_Store/button_Add' is clicked on

2018-06-10 17:29:13 - [MESSAGE][PASSED] - Object: 'Object Repository/lab/Page_Store/button_Add' is clicked on

2018-06-10 17:29:13 - [TEST_STEP][PASSED] - Statement - Break: null

2018-06-10 17:29:13 - [TEST_STEP][PASSED] - selectOptionByIndex: All options with index in [13] are selected on object 'Object Repository/lab/Page_Store/select_--Select--E.C.G. Jelly'

2018-06-10 17:29:14 - [MESSAGE][PASSED] - All options with index in [13] are selected on object 'Object Repository/lab/Page_Store/select_--Select--E.C.G. Jelly'

2018-06-10 17:29:14 - [TEST_STEP][PASSED] - delay: Delayed 2 second(s)

2018-06-10 17:29:16 - [MESSAGE][PASSED] - Delayed 2 second(s)

2018-06-10 17:29:16 - [TEST_STEP][PASSED] - Statement - RequestedQty = com.kms.katalon.core.webui.keyword.WebUiBuiltInKeywords.getAttribute(com.kms.katalon.core.testobject.ObjectRepository.findTestObject(lab/Page_Store/input_txttotal), "value"): Attribute 'value' of object 'Object Repository/lab/Page_Store/input_txttotal' is: '10'

2018-06-10 17:29:16 - [MESSAGE][PASSED] - Attribute 'value' of object 'Object Repository/lab/Page_Store/input_txttotal' is: '10'

2018-06-10 17:29:16 - [TEST_STEP][PASSED] - Statement - out.println("Requested QTY : " + RequestedQty): null

2018-06-10 17:29:16 - [TEST_STEP][PASSED] - Statement - BatchNumber = com.kms.katalon.core.webui.keyword.WebUiBuiltInKeywords.getNumberOfTotalOption(com.kms.katalon.core.testobject.ObjectRepository.findTestObject(lab/Page_Store/select_--Select--BA50)): 3 options of object 'Object Repository/lab/Page_Store/select_--Select--BA50' counted

2018-06-10 17:29:16 - [MESSAGE][PASSED] - 3 options of object 'Object Repository/lab/Page_Store/select_--Select--BA50' counted

2018-06-10 17:29:16 - [TEST_STEP][PASSED] - Statement - For ([g = 1, g < BatchNumber, (g++)]): null

2018-06-10 17:29:16 - [TEST_STEP][PASSED] - selectOptionByIndex: All options with index in [1] are selected on object 'Object Repository/lab/Page_Store/select_--Select--BA50'

2018-06-10 17:29:16 - [MESSAGE][PASSED] - All options with index in [1] are selected on object 'Object Repository/lab/Page_Store/select_--Select--BA50'

2018-06-10 17:29:16 - [TEST_STEP][PASSED] - delay: Delayed 2 second(s)

2018-06-10 17:29:18 - [MESSAGE][PASSED] - Delayed 2 second(s)

2018-06-10 17:29:18 - [TEST_STEP][PASSED] - Statement - StockQty = com.kms.katalon.core.webui.keyword.WebUiBuiltInKeywords.getAttribute(com.kms.katalon.core.testobject.ObjectRepository.findTestObject(lab/Page_Store/input_txtprice), "value"): Attribute 'value' of object 'Object Repository/lab/Page_Store/input_txtprice' is: '1650'

2018-06-10 17:29:18 - [MESSAGE][PASSED] - Attribute 'value' of object 'Object Repository/lab/Page_Store/input_txtprice' is: '1650'

2018-06-10 17:29:18 - [TEST_STEP][PASSED] - Statement - out.println("Stock QTY : " + StockQty): null

2018-06-10 17:29:18 - [TEST_STEP][PASSED] - delay: Delayed 1 second(s)

2018-06-10 17:29:19 - [MESSAGE][PASSED] - Delayed 1 second(s)

2018-06-10 17:29:19 - [TEST_STEP][PASSED] - Statement - If (java.lang.Integer.valueOf(StockQty) >= java.lang.Integer.valueOf(RequestedQty)): null

2018-06-10 17:29:19 - [TEST_STEP][PASSED] - setText: Text '10' is set on object 'Object Repository/lab/Page_Store/input_txtqty'

2018-06-10 17:29:19 - [MESSAGE][PASSED] - Text '10' is set on object 'Object Repository/lab/Page_Store/input_txtqty'

2018-06-10 17:29:19 - [TEST_STEP][PASSED] - click: Object: 'Object Repository/lab/Page_Store/button_Add' is clicked on

2018-06-10 17:29:19 - [MESSAGE][PASSED] - Object: 'Object Repository/lab/Page_Store/button_Add' is clicked on

2018-06-10 17:29:19 - [TEST_STEP][PASSED] - Statement - Break: null

2018-06-10 17:29:19 - [TEST_STEP][PASSED] - selectOptionByIndex: All options with index in [14] are selected on object 'Object Repository/lab/Page_Store/select_--Select--E.C.G. Jelly'

2018-06-10 17:29:19 - [MESSAGE][PASSED] - All options with index in [14] are selected on object 'Object Repository/lab/Page_Store/select_--Select--E.C.G. Jelly'

2018-06-10 17:29:19 - [TEST_STEP][PASSED] - delay: Delayed 2 second(s)

2018-06-10 17:29:21 - [MESSAGE][PASSED] - Delayed 2 second(s)

2018-06-10 17:29:21 - [TEST_STEP][PASSED] - Statement - RequestedQty = com.kms.katalon.core.webui.keyword.WebUiBuiltInKeywords.getAttribute(com.kms.katalon.core.testobject.ObjectRepository.findTestObject(lab/Page_Store/input_txttotal), "value"): Attribute 'value' of object 'Object Repository/lab/Page_Store/input_txttotal' is: '10'

2018-06-10 17:29:21 - [MESSAGE][PASSED] - Attribute 'value' of object 'Object Repository/lab/Page_Store/input_txttotal' is: '10'

2018-06-10 17:29:21 - [TEST_STEP][PASSED] - Statement - out.println("Requested QTY : " + RequestedQty): null

2018-06-10 17:29:21 - [TEST_STEP][PASSED] - Statement - BatchNumber = com.kms.katalon.core.webui.keyword.WebUiBuiltInKeywords.getNumberOfTotalOption(com.kms.katalon.core.testobject.ObjectRepository.findTestObject(lab/Page_Store/select_--Select--BA50)): 4 options of object 'Object Repository/lab/Page_Store/select_--Select--BA50' counted

2018-06-10 17:29:21 - [MESSAGE][PASSED] - 4 options of object 'Object Repository/lab/Page_Store/select_--Select--BA50' counted

2018-06-10 17:29:21 - [TEST_STEP][PASSED] - Statement - For ([g = 1, g < BatchNumber, (g++)]): null

2018-06-10 17:29:21 - [TEST_STEP][PASSED] - selectOptionByIndex: All options with index in [1] are selected on object 'Object Repository/lab/Page_Store/select_--Select--BA50'

2018-06-10 17:29:22 - [MESSAGE][PASSED] - All options with index in [1] are selected on object 'Object Repository/lab/Page_Store/select_--Select--BA50'

2018-06-10 17:29:22 - [TEST_STEP][PASSED] - delay: Delayed 2 second(s)

2018-06-10 17:29:24 - [MESSAGE][PASSED] - Delayed 2 second(s)

2018-06-10 17:29:24 - [TEST_STEP][PASSED] - Statement - StockQty = com.kms.katalon.core.webui.keyword.WebUiBuiltInKeywords.getAttribute(com.kms.katalon.core.testobject.ObjectRepository.findTestObject(lab/Page_Store/input_txtprice), "value"): Attribute 'value' of object 'Object Repository/lab/Page_Store/input_txtprice' is: '410'

2018-06-10 17:29:24 - [MESSAGE][PASSED] - Attribute 'value' of object 'Object Repository/lab/Page_Store/input_txtprice' is: '410'

2018-06-10 17:29:24 - [TEST_STEP][PASSED] - Statement - out.println("Stock QTY : " + StockQty): null

2018-06-10 17:29:24 - [TEST_STEP][PASSED] - delay: Delayed 1 second(s)

2018-06-10 17:29:25 - [MESSAGE][PASSED] - Delayed 1 second(s)

2018-06-10 17:29:25 - [TEST_STEP][PASSED] - Statement - If (java.lang.Integer.valueOf(StockQty) >= java.lang.Integer.valueOf(RequestedQty)): null

2018-06-10 17:29:25 - [TEST_STEP][PASSED] - setText: Text '10' is set on object 'Object Repository/lab/Page_Store/input_txtqty'

2018-06-10 17:29:25 - [MESSAGE][PASSED] - Text '10' is set on object 'Object Repository/lab/Page_Store/input_txtqty'

2018-06-10 17:29:25 - [TEST_STEP][PASSED] - click: Object: 'Object Repository/lab/Page_Store/button_Add' is clicked on

2018-06-10 17:29:25 - [MESSAGE][PASSED] - Object: 'Object Repository/lab/Page_Store/button_Add' is clicked on

2018-06-10 17:29:25 - [TEST_STEP][PASSED] - Statement - Break: null

2018-06-10 17:29:25 - [TEST_STEP][PASSED] - selectOptionByIndex: All options with index in [15] are selected on object 'Object Repository/lab/Page_Store/select_--Select--E.C.G. Jelly'

2018-06-10 17:29:25 - [MESSAGE][PASSED] - All options with index in [15] are selected on object 'Object Repository/lab/Page_Store/select_--Select--E.C.G. Jelly'

2018-06-10 17:29:25 - [TEST_STEP][PASSED] - delay: Delayed 2 second(s)

2018-06-10 17:29:27 - [MESSAGE][PASSED] - Delayed 2 second(s)

2018-06-10 17:29:27 - [TEST_STEP][PASSED] - Statement - RequestedQty = com.kms.katalon.core.webui.keyword.WebUiBuiltInKeywords.getAttribute(com.kms.katalon.core.testobject.ObjectRepository.findTestObject(lab/Page_Store/input_txttotal), "value"): Attribute 'value' of object 'Object Repository/lab/Page_Store/input_txttotal' is: '10'

2018-06-10 17:29:27 - [MESSAGE][PASSED] - Attribute 'value' of object 'Object Repository/lab/Page_Store/input_txttotal' is: '10'

2018-06-10 17:29:27 - [TEST_STEP][PASSED] - Statement - out.println("Requested QTY : " + RequestedQty): null

2018-06-10 17:29:27 - [TEST_STEP][PASSED] - Statement - BatchNumber = com.kms.katalon.core.webui.keyword.WebUiBuiltInKeywords.getNumberOfTotalOption(com.kms.katalon.core.testobject.ObjectRepository.findTestObject(lab/Page_Store/select_--Select--BA50)): 5 options of object 'Object Repository/lab/Page_Store/select_--Select--BA50' counted

2018-06-10 17:29:27 - [MESSAGE][PASSED] - 5 options of object 'Object Repository/lab/Page_Store/select_--Select--BA50' counted

2018-06-10 17:29:27 - [TEST_STEP][PASSED] - Statement - For ([g = 1, g < BatchNumber, (g++)]): null

2018-06-10 17:29:27 - [TEST_STEP][PASSED] - selectOptionByIndex: All options with index in [1] are selected on object 'Object Repository/lab/Page_Store/select_--Select--BA50'

2018-06-10 17:29:27 - [MESSAGE][PASSED] - All options with index in [1] are selected on object 'Object Repository/lab/Page_Store/select_--Select--BA50'

2018-06-10 17:29:27 - [TEST_STEP][PASSED] - delay: Delayed 2 second(s)

2018-06-10 17:29:29 - [MESSAGE][PASSED] - Delayed 2 second(s)

2018-06-10 17:29:29 - [TEST_STEP][PASSED] - Statement - StockQty = com.kms.katalon.core.webui.keyword.WebUiBuiltInKeywords.getAttribute(com.kms.katalon.core.testobject.ObjectRepository.findTestObject(lab/Page_Store/input_txtprice), "value"): Attribute 'value' of object 'Object Repository/lab/Page_Store/input_txtprice' is: '730'

2018-06-10 17:29:29 - [MESSAGE][PASSED] - Attribute 'value' of object 'Object Repository/lab/Page_Store/input_txtprice' is: '730'

2018-06-10 17:29:29 - [TEST_STEP][PASSED] - Statement - out.println("Stock QTY : " + StockQty): null

2018-06-10 17:29:29 - [TEST_STEP][PASSED] - delay: Delayed 1 second(s)

2018-06-10 17:29:30 - [MESSAGE][PASSED] - Delayed 1 second(s)

2018-06-10 17:29:30 - [TEST_STEP][PASSED] - Statement - If (java.lang.Integer.valueOf(StockQty) >= java.lang.Integer.valueOf(RequestedQty)): null

2018-06-10 17:29:30 - [TEST_STEP][PASSED] - setText: Text '10' is set on object 'Object Repository/lab/Page_Store/input_txtqty'

2018-06-10 17:29:30 - [MESSAGE][PASSED] - Text '10' is set on object 'Object Repository/lab/Page_Store/input_txtqty'

2018-06-10 17:29:30 - [TEST_STEP][PASSED] - click: Object: 'Object Repository/lab/Page_Store/button_Add' is clicked on

2018-06-10 17:29:30 - [MESSAGE][PASSED] - Object: 'Object Repository/lab/Page_Store/button_Add' is clicked on

2018-06-10 17:29:30 - [TEST_STEP][PASSED] - Statement - Break: null

2018-06-10 17:29:30 - [TEST_STEP][PASSED] - scrollToElement: Scroll to object 'Object Repository/lab/Page_Store/input_btnSubmit' successfully

2018-06-10 17:29:30 - [MESSAGE][PASSED] - Scroll to object 'Object Repository/lab/Page_Store/input_btnSubmit' successfully

2018-06-10 17:29:30 - [TEST_STEP][PASSED] - Statement - Try: Object: 'Object Repository/lab/Page_Store/button_OK' is clicked on

2018-06-10 17:29:30 - [TEST_STEP][PASSED] - click: Object: 'Object Repository/lab/Page_Store/input_btnSubmit' is clicked on

2018-06-10 17:29:31 - [MESSAGE][PASSED] - Object: 'Object Repository/lab/Page_Store/input_btnSubmit' is clicked on

2018-06-10 17:29:31 - [TEST_STEP][PASSED] - delay: Delayed 3 second(s)

2018-06-10 17:29:34 - [MESSAGE][PASSED] - Delayed 3 second(s)

2018-06-10 17:29:34 - [TEST_STEP][PASSED] - click: Object: 'Object Repository/lab/Page_Store/button_OK' is clicked on

2018-06-10 17:29:35 - [MESSAGE][PASSED] - Object: 'Object Repository/lab/Page_Store/button_OK' is clicked on

2018-06-10 17:29:35 - [TEST_STEP][PASSED] - delay: Delayed 3 second(s)

2018-06-10 17:29:38 - [MESSAGE][PASSED] - Delayed 3 second(s)

2018-06-10 17:29:38 - [TEST_STEP][PASSED] - click: Object: 'Object Repository/lab/Page_Store/a_dropdown-toggle' is clicked on

2018-06-10 17:29:38 - [MESSAGE][PASSED] - Object: 'Object Repository/lab/Page_Store/a_dropdown-toggle' is clicked on

2018-06-10 17:29:38 - [TEST_STEP][PASSED] - click: Object: 'Object Repository/lab/Page_Store/a_Sign out' is clicked on

2018-06-10 17:29:39 - [MESSAGE][PASSED] - Object: 'Object Repository/lab/Page_Store/a_Sign out' is clicked on

2018-06-10 17:29:39 - [TEST_STEP][PASSED] - closeBrowser: Browser is closed

2018-06-10 17:29:39 - [MESSAGE][PASSED] - Browser is closed

2018-06-10 17:29:39 - [TEST_STEP][PASSED] - Statement - out.println("Schedule 4 Investigation Request Are Working Successfully"): null]]></system-out>
         <system-err><![CDATA[]]></system-err>
      </testcase>
      <testcase name="Test Cases/INVESTIGATION TEST CASES/TC_INV_002 Verify Schedule 5 Investigation Request Are Working Successfully Or No" classname="Test Cases/INVESTIGATION TEST CASES/TC_INV_002 Verify Schedule 5 Investigation Request Are Working Successfully Or No" status="PASSED">
         <system-out><![CDATA[2018-06-10 17:29:39 - [TEST_CASE][PASSED] - Test Cases/INVESTIGATION TEST CASES/TC_INV_002 Verify Schedule 5 Investigation Request Are Working Successfully Or No: Test Cases/INVESTIGATION TEST CASES/TC_INV_002 Verify Schedule 5 Investigation Request Are Working Successfully Or No

2018-06-10 17:29:39 - [TEST_STEP][PASSED] - openBrowser: Browser is opened with url: ''

2018-06-10 17:29:41 - [MESSAGE][PASSED] - Browser is opened with url: ''

2018-06-10 17:29:41 - [TEST_STEP][PASSED] - navigateToUrl: Navigate to 'http://192.168.137.1/multihospital_new/' successfully

2018-06-10 17:29:43 - [MESSAGE][PASSED] - Navigate to 'http://192.168.137.1/multihospital_new/' successfully

2018-06-10 17:29:43 - [TEST_STEP][PASSED] - Statement - out.println(" Verify Schedule 5 Investigation Request Are Working Successfully Or Not"): null

2018-06-10 17:29:43 - [TEST_STEP][PASSED] - maximizeWindow: Current window maximized

2018-06-10 17:29:44 - [MESSAGE][PASSED] - Current window maximized

2018-06-10 17:29:44 - [TEST_STEP][PASSED] - click: Object: 'Object Repository/lab/Page_KDMC/a_Investigation' is clicked on

2018-06-10 17:29:45 - [MESSAGE][PASSED] - Object: 'Object Repository/lab/Page_KDMC/a_Investigation' is clicked on

2018-06-10 17:29:45 - [TEST_STEP][PASSED] - setText: Text 'manoj' is set on object 'Object Repository/lab/Page_Investigation login/input_txtusername'

2018-06-10 17:29:45 - [MESSAGE][PASSED] - Text 'manoj' is set on object 'Object Repository/lab/Page_Investigation login/input_txtusername'

2018-06-10 17:29:45 - [TEST_STEP][PASSED] - setText: Text '123' is set on object 'Object Repository/lab/Page_Investigation login/input_txtpassword'

2018-06-10 17:29:45 - [MESSAGE][PASSED] - Text '123' is set on object 'Object Repository/lab/Page_Investigation login/input_txtpassword'

2018-06-10 17:29:45 - [TEST_STEP][PASSED] - delay: Delayed 3 second(s)

2018-06-10 17:29:48 - [MESSAGE][PASSED] - Delayed 3 second(s)

2018-06-10 17:29:48 - [TEST_STEP][PASSED] - click: Object: 'Object Repository/lab/Page_Investigation login/button_Sign in' is clicked on

2018-06-10 17:29:49 - [MESSAGE][PASSED] - Object: 'Object Repository/lab/Page_Investigation login/button_Sign in' is clicked on

2018-06-10 17:29:49 - [TEST_STEP][PASSED] - click: Object: 'Object Repository/lab/Page_KDMC/a_Store Request' is clicked on

2018-06-10 17:29:51 - [MESSAGE][PASSED] - Object: 'Object Repository/lab/Page_KDMC/a_Store Request' is clicked on

2018-06-10 17:29:51 - [TEST_STEP][PASSED] - delay: Delayed 2 second(s)

2018-06-10 17:29:53 - [MESSAGE][PASSED] - Delayed 2 second(s)

2018-06-10 17:29:53 - [TEST_STEP][PASSED] - click: Object: 'Object Repository/lab/Page_KDMC/a_Medicine Request' is clicked on

2018-06-10 17:29:53 - [MESSAGE][PASSED] - Object: 'Object Repository/lab/Page_KDMC/a_Medicine Request' is clicked on

2018-06-10 17:29:53 - [TEST_STEP][PASSED] - selectOptionByIndex: All options with index in [2] are selected on object 'Object Repository/lab/Page_KDMC/select_--Select--Schedule 4X-r'

2018-06-10 17:29:54 - [MESSAGE][PASSED] - All options with index in [2] are selected on object 'Object Repository/lab/Page_KDMC/select_--Select--Schedule 4X-r'

2018-06-10 17:29:54 - [TEST_STEP][PASSED] - Statement - medicineslength = com.kms.katalon.core.webui.keyword.WebUiBuiltInKeywords.getNumberOfTotalOption(com.kms.katalon.core.testobject.ObjectRepository.findTestObject(lab/Page_KDMC/select_--Select--Automatic x-r)): 17 options of object 'Object Repository/lab/Page_KDMC/select_--Select--Automatic x-r' counted

2018-06-10 17:29:54 - [MESSAGE][PASSED] - 17 options of object 'Object Repository/lab/Page_KDMC/select_--Select--Automatic x-r' counted

2018-06-10 17:29:54 - [TEST_STEP][PASSED] - Statement - For ([e = 1, e < medicineslength, (e++)]): Object: 'Object Repository/lab/Page_KDMC/button_Add' is clicked on

2018-06-10 17:29:54 - [TEST_STEP][PASSED] - selectOptionByIndex: All options with index in [2] are selected on object 'Object Repository/lab/Page_KDMC/select_--Select--Schedule 4X-r'

2018-06-10 17:29:54 - [MESSAGE][PASSED] - All options with index in [2] are selected on object 'Object Repository/lab/Page_KDMC/select_--Select--Schedule 4X-r'

2018-06-10 17:29:54 - [TEST_STEP][PASSED] - selectOptionByIndex: All options with index in [1] are selected on object 'Object Repository/lab/Page_KDMC/select_--Select--Automatic x-r'

2018-06-10 17:29:54 - [MESSAGE][PASSED] - All options with index in [1] are selected on object 'Object Repository/lab/Page_KDMC/select_--Select--Automatic x-r'

2018-06-10 17:29:54 - [TEST_STEP][PASSED] - setText: Text '10' is set on object 'Object Repository/lab/Page_KDMC/input_txttreat'

2018-06-10 17:29:54 - [MESSAGE][PASSED] - Text '10' is set on object 'Object Repository/lab/Page_KDMC/input_txttreat'

2018-06-10 17:29:54 - [TEST_STEP][PASSED] - click: Object: 'Object Repository/lab/Page_KDMC/button_Add' is clicked on

2018-06-10 17:29:54 - [MESSAGE][PASSED] - Object: 'Object Repository/lab/Page_KDMC/button_Add' is clicked on

2018-06-10 17:29:54 - [TEST_STEP][PASSED] - selectOptionByIndex: All options with index in [2] are selected on object 'Object Repository/lab/Page_KDMC/select_--Select--Schedule 4X-r'

2018-06-10 17:29:54 - [MESSAGE][PASSED] - All options with index in [2] are selected on object 'Object Repository/lab/Page_KDMC/select_--Select--Schedule 4X-r'

2018-06-10 17:29:54 - [TEST_STEP][PASSED] - selectOptionByIndex: All options with index in [2] are selected on object 'Object Repository/lab/Page_KDMC/select_--Select--Automatic x-r'

2018-06-10 17:29:55 - [MESSAGE][PASSED] - All options with index in [2] are selected on object 'Object Repository/lab/Page_KDMC/select_--Select--Automatic x-r'

2018-06-10 17:29:55 - [TEST_STEP][PASSED] - setText: Text '10' is set on object 'Object Repository/lab/Page_KDMC/input_txttreat'

2018-06-10 17:29:55 - [MESSAGE][PASSED] - Text '10' is set on object 'Object Repository/lab/Page_KDMC/input_txttreat'

2018-06-10 17:29:55 - [TEST_STEP][PASSED] - click: Object: 'Object Repository/lab/Page_KDMC/button_Add' is clicked on

2018-06-10 17:29:55 - [MESSAGE][PASSED] - Object: 'Object Repository/lab/Page_KDMC/button_Add' is clicked on

2018-06-10 17:29:55 - [TEST_STEP][PASSED] - selectOptionByIndex: All options with index in [2] are selected on object 'Object Repository/lab/Page_KDMC/select_--Select--Schedule 4X-r'

2018-06-10 17:29:55 - [MESSAGE][PASSED] - All options with index in [2] are selected on object 'Object Repository/lab/Page_KDMC/select_--Select--Schedule 4X-r'

2018-06-10 17:29:55 - [TEST_STEP][PASSED] - selectOptionByIndex: All options with index in [3] are selected on object 'Object Repository/lab/Page_KDMC/select_--Select--Automatic x-r'

2018-06-10 17:29:55 - [MESSAGE][PASSED] - All options with index in [3] are selected on object 'Object Repository/lab/Page_KDMC/select_--Select--Automatic x-r'

2018-06-10 17:29:55 - [TEST_STEP][PASSED] - setText: Text '10' is set on object 'Object Repository/lab/Page_KDMC/input_txttreat'

2018-06-10 17:29:55 - [MESSAGE][PASSED] - Text '10' is set on object 'Object Repository/lab/Page_KDMC/input_txttreat'

2018-06-10 17:29:55 - [TEST_STEP][PASSED] - click: Object: 'Object Repository/lab/Page_KDMC/button_Add' is clicked on

2018-06-10 17:29:55 - [MESSAGE][PASSED] - Object: 'Object Repository/lab/Page_KDMC/button_Add' is clicked on

2018-06-10 17:29:55 - [TEST_STEP][PASSED] - selectOptionByIndex: All options with index in [2] are selected on object 'Object Repository/lab/Page_KDMC/select_--Select--Schedule 4X-r'

2018-06-10 17:29:55 - [MESSAGE][PASSED] - All options with index in [2] are selected on object 'Object Repository/lab/Page_KDMC/select_--Select--Schedule 4X-r'

2018-06-10 17:29:55 - [TEST_STEP][PASSED] - selectOptionByIndex: All options with index in [4] are selected on object 'Object Repository/lab/Page_KDMC/select_--Select--Automatic x-r'

2018-06-10 17:29:55 - [MESSAGE][PASSED] - All options with index in [4] are selected on object 'Object Repository/lab/Page_KDMC/select_--Select--Automatic x-r'

2018-06-10 17:29:55 - [TEST_STEP][PASSED] - setText: Text '10' is set on object 'Object Repository/lab/Page_KDMC/input_txttreat'

2018-06-10 17:29:56 - [MESSAGE][PASSED] - Text '10' is set on object 'Object Repository/lab/Page_KDMC/input_txttreat'

2018-06-10 17:29:56 - [TEST_STEP][PASSED] - click: Object: 'Object Repository/lab/Page_KDMC/button_Add' is clicked on

2018-06-10 17:29:56 - [MESSAGE][PASSED] - Object: 'Object Repository/lab/Page_KDMC/button_Add' is clicked on

2018-06-10 17:29:56 - [TEST_STEP][PASSED] - selectOptionByIndex: All options with index in [2] are selected on object 'Object Repository/lab/Page_KDMC/select_--Select--Schedule 4X-r'

2018-06-10 17:29:56 - [MESSAGE][PASSED] - All options with index in [2] are selected on object 'Object Repository/lab/Page_KDMC/select_--Select--Schedule 4X-r'

2018-06-10 17:29:56 - [TEST_STEP][PASSED] - selectOptionByIndex: All options with index in [5] are selected on object 'Object Repository/lab/Page_KDMC/select_--Select--Automatic x-r'

2018-06-10 17:29:56 - [MESSAGE][PASSED] - All options with index in [5] are selected on object 'Object Repository/lab/Page_KDMC/select_--Select--Automatic x-r'

2018-06-10 17:29:56 - [TEST_STEP][PASSED] - setText: Text '10' is set on object 'Object Repository/lab/Page_KDMC/input_txttreat'

2018-06-10 17:29:56 - [MESSAGE][PASSED] - Text '10' is set on object 'Object Repository/lab/Page_KDMC/input_txttreat'

2018-06-10 17:29:56 - [TEST_STEP][PASSED] - click: Object: 'Object Repository/lab/Page_KDMC/button_Add' is clicked on

2018-06-10 17:29:56 - [MESSAGE][PASSED] - Object: 'Object Repository/lab/Page_KDMC/button_Add' is clicked on

2018-06-10 17:29:56 - [TEST_STEP][PASSED] - selectOptionByIndex: All options with index in [2] are selected on object 'Object Repository/lab/Page_KDMC/select_--Select--Schedule 4X-r'

2018-06-10 17:29:56 - [MESSAGE][PASSED] - All options with index in [2] are selected on object 'Object Repository/lab/Page_KDMC/select_--Select--Schedule 4X-r'

2018-06-10 17:29:56 - [TEST_STEP][PASSED] - selectOptionByIndex: All options with index in [6] are selected on object 'Object Repository/lab/Page_KDMC/select_--Select--Automatic x-r'

2018-06-10 17:29:56 - [MESSAGE][PASSED] - All options with index in [6] are selected on object 'Object Repository/lab/Page_KDMC/select_--Select--Automatic x-r'

2018-06-10 17:29:56 - [TEST_STEP][PASSED] - setText: Text '10' is set on object 'Object Repository/lab/Page_KDMC/input_txttreat'

2018-06-10 17:29:56 - [MESSAGE][PASSED] - Text '10' is set on object 'Object Repository/lab/Page_KDMC/input_txttreat'

2018-06-10 17:29:56 - [TEST_STEP][PASSED] - click: Object: 'Object Repository/lab/Page_KDMC/button_Add' is clicked on

2018-06-10 17:29:57 - [MESSAGE][PASSED] - Object: 'Object Repository/lab/Page_KDMC/button_Add' is clicked on

2018-06-10 17:29:57 - [TEST_STEP][PASSED] - selectOptionByIndex: All options with index in [2] are selected on object 'Object Repository/lab/Page_KDMC/select_--Select--Schedule 4X-r'

2018-06-10 17:29:57 - [MESSAGE][PASSED] - All options with index in [2] are selected on object 'Object Repository/lab/Page_KDMC/select_--Select--Schedule 4X-r'

2018-06-10 17:29:57 - [TEST_STEP][PASSED] - selectOptionByIndex: All options with index in [7] are selected on object 'Object Repository/lab/Page_KDMC/select_--Select--Automatic x-r'

2018-06-10 17:29:57 - [MESSAGE][PASSED] - All options with index in [7] are selected on object 'Object Repository/lab/Page_KDMC/select_--Select--Automatic x-r'

2018-06-10 17:29:57 - [TEST_STEP][PASSED] - setText: Text '10' is set on object 'Object Repository/lab/Page_KDMC/input_txttreat'

2018-06-10 17:29:57 - [MESSAGE][PASSED] - Text '10' is set on object 'Object Repository/lab/Page_KDMC/input_txttreat'

2018-06-10 17:29:57 - [TEST_STEP][PASSED] - click: Object: 'Object Repository/lab/Page_KDMC/button_Add' is clicked on

2018-06-10 17:29:57 - [MESSAGE][PASSED] - Object: 'Object Repository/lab/Page_KDMC/button_Add' is clicked on

2018-06-10 17:29:57 - [TEST_STEP][PASSED] - selectOptionByIndex: All options with index in [2] are selected on object 'Object Repository/lab/Page_KDMC/select_--Select--Schedule 4X-r'

2018-06-10 17:29:57 - [MESSAGE][PASSED] - All options with index in [2] are selected on object 'Object Repository/lab/Page_KDMC/select_--Select--Schedule 4X-r'

2018-06-10 17:29:57 - [TEST_STEP][PASSED] - selectOptionByIndex: All options with index in [8] are selected on object 'Object Repository/lab/Page_KDMC/select_--Select--Automatic x-r'

2018-06-10 17:29:57 - [MESSAGE][PASSED] - All options with index in [8] are selected on object 'Object Repository/lab/Page_KDMC/select_--Select--Automatic x-r'

2018-06-10 17:29:57 - [TEST_STEP][PASSED] - setText: Text '10' is set on object 'Object Repository/lab/Page_KDMC/input_txttreat'

2018-06-10 17:29:57 - [MESSAGE][PASSED] - Text '10' is set on object 'Object Repository/lab/Page_KDMC/input_txttreat'

2018-06-10 17:29:57 - [TEST_STEP][PASSED] - click: Object: 'Object Repository/lab/Page_KDMC/button_Add' is clicked on

2018-06-10 17:29:58 - [MESSAGE][PASSED] - Object: 'Object Repository/lab/Page_KDMC/button_Add' is clicked on

2018-06-10 17:29:58 - [TEST_STEP][PASSED] - selectOptionByIndex: All options with index in [2] are selected on object 'Object Repository/lab/Page_KDMC/select_--Select--Schedule 4X-r'

2018-06-10 17:29:58 - [MESSAGE][PASSED] - All options with index in [2] are selected on object 'Object Repository/lab/Page_KDMC/select_--Select--Schedule 4X-r'

2018-06-10 17:29:58 - [TEST_STEP][PASSED] - selectOptionByIndex: All options with index in [9] are selected on object 'Object Repository/lab/Page_KDMC/select_--Select--Automatic x-r'

2018-06-10 17:29:58 - [MESSAGE][PASSED] - All options with index in [9] are selected on object 'Object Repository/lab/Page_KDMC/select_--Select--Automatic x-r'

2018-06-10 17:29:58 - [TEST_STEP][PASSED] - setText: Text '10' is set on object 'Object Repository/lab/Page_KDMC/input_txttreat'

2018-06-10 17:29:58 - [MESSAGE][PASSED] - Text '10' is set on object 'Object Repository/lab/Page_KDMC/input_txttreat'

2018-06-10 17:29:58 - [TEST_STEP][PASSED] - click: Object: 'Object Repository/lab/Page_KDMC/button_Add' is clicked on

2018-06-10 17:29:58 - [MESSAGE][PASSED] - Object: 'Object Repository/lab/Page_KDMC/button_Add' is clicked on

2018-06-10 17:29:58 - [TEST_STEP][PASSED] - selectOptionByIndex: All options with index in [2] are selected on object 'Object Repository/lab/Page_KDMC/select_--Select--Schedule 4X-r'

2018-06-10 17:29:58 - [MESSAGE][PASSED] - All options with index in [2] are selected on object 'Object Repository/lab/Page_KDMC/select_--Select--Schedule 4X-r'

2018-06-10 17:29:58 - [TEST_STEP][PASSED] - selectOptionByIndex: All options with index in [10] are selected on object 'Object Repository/lab/Page_KDMC/select_--Select--Automatic x-r'

2018-06-10 17:29:58 - [MESSAGE][PASSED] - All options with index in [10] are selected on object 'Object Repository/lab/Page_KDMC/select_--Select--Automatic x-r'

2018-06-10 17:29:58 - [TEST_STEP][PASSED] - setText: Text '10' is set on object 'Object Repository/lab/Page_KDMC/input_txttreat'

2018-06-10 17:29:58 - [MESSAGE][PASSED] - Text '10' is set on object 'Object Repository/lab/Page_KDMC/input_txttreat'

2018-06-10 17:29:58 - [TEST_STEP][PASSED] - click: Object: 'Object Repository/lab/Page_KDMC/button_Add' is clicked on

2018-06-10 17:29:59 - [MESSAGE][PASSED] - Object: 'Object Repository/lab/Page_KDMC/button_Add' is clicked on

2018-06-10 17:29:59 - [TEST_STEP][PASSED] - selectOptionByIndex: All options with index in [2] are selected on object 'Object Repository/lab/Page_KDMC/select_--Select--Schedule 4X-r'

2018-06-10 17:29:59 - [MESSAGE][PASSED] - All options with index in [2] are selected on object 'Object Repository/lab/Page_KDMC/select_--Select--Schedule 4X-r'

2018-06-10 17:29:59 - [TEST_STEP][PASSED] - selectOptionByIndex: All options with index in [11] are selected on object 'Object Repository/lab/Page_KDMC/select_--Select--Automatic x-r'

2018-06-10 17:29:59 - [MESSAGE][PASSED] - All options with index in [11] are selected on object 'Object Repository/lab/Page_KDMC/select_--Select--Automatic x-r'

2018-06-10 17:29:59 - [TEST_STEP][PASSED] - setText: Text '10' is set on object 'Object Repository/lab/Page_KDMC/input_txttreat'

2018-06-10 17:29:59 - [MESSAGE][PASSED] - Text '10' is set on object 'Object Repository/lab/Page_KDMC/input_txttreat'

2018-06-10 17:29:59 - [TEST_STEP][PASSED] - click: Object: 'Object Repository/lab/Page_KDMC/button_Add' is clicked on

2018-06-10 17:29:59 - [MESSAGE][PASSED] - Object: 'Object Repository/lab/Page_KDMC/button_Add' is clicked on

2018-06-10 17:29:59 - [TEST_STEP][PASSED] - selectOptionByIndex: All options with index in [2] are selected on object 'Object Repository/lab/Page_KDMC/select_--Select--Schedule 4X-r'

2018-06-10 17:29:59 - [MESSAGE][PASSED] - All options with index in [2] are selected on object 'Object Repository/lab/Page_KDMC/select_--Select--Schedule 4X-r'

2018-06-10 17:29:59 - [TEST_STEP][PASSED] - selectOptionByIndex: All options with index in [12] are selected on object 'Object Repository/lab/Page_KDMC/select_--Select--Automatic x-r'

2018-06-10 17:29:59 - [MESSAGE][PASSED] - All options with index in [12] are selected on object 'Object Repository/lab/Page_KDMC/select_--Select--Automatic x-r'

2018-06-10 17:29:59 - [TEST_STEP][PASSED] - setText: Text '10' is set on object 'Object Repository/lab/Page_KDMC/input_txttreat'

2018-06-10 17:30:00 - [MESSAGE][PASSED] - Text '10' is set on object 'Object Repository/lab/Page_KDMC/input_txttreat'

2018-06-10 17:30:00 - [TEST_STEP][PASSED] - click: Object: 'Object Repository/lab/Page_KDMC/button_Add' is clicked on

2018-06-10 17:30:00 - [MESSAGE][PASSED] - Object: 'Object Repository/lab/Page_KDMC/button_Add' is clicked on

2018-06-10 17:30:00 - [TEST_STEP][PASSED] - selectOptionByIndex: All options with index in [2] are selected on object 'Object Repository/lab/Page_KDMC/select_--Select--Schedule 4X-r'

2018-06-10 17:30:00 - [MESSAGE][PASSED] - All options with index in [2] are selected on object 'Object Repository/lab/Page_KDMC/select_--Select--Schedule 4X-r'

2018-06-10 17:30:00 - [TEST_STEP][PASSED] - selectOptionByIndex: All options with index in [13] are selected on object 'Object Repository/lab/Page_KDMC/select_--Select--Automatic x-r'

2018-06-10 17:30:00 - [MESSAGE][PASSED] - All options with index in [13] are selected on object 'Object Repository/lab/Page_KDMC/select_--Select--Automatic x-r'

2018-06-10 17:30:00 - [TEST_STEP][PASSED] - setText: Text '10' is set on object 'Object Repository/lab/Page_KDMC/input_txttreat'

2018-06-10 17:30:00 - [MESSAGE][PASSED] - Text '10' is set on object 'Object Repository/lab/Page_KDMC/input_txttreat'

2018-06-10 17:30:00 - [TEST_STEP][PASSED] - click: Object: 'Object Repository/lab/Page_KDMC/button_Add' is clicked on

2018-06-10 17:30:00 - [MESSAGE][PASSED] - Object: 'Object Repository/lab/Page_KDMC/button_Add' is clicked on

2018-06-10 17:30:00 - [TEST_STEP][PASSED] - selectOptionByIndex: All options with index in [2] are selected on object 'Object Repository/lab/Page_KDMC/select_--Select--Schedule 4X-r'

2018-06-10 17:30:00 - [MESSAGE][PASSED] - All options with index in [2] are selected on object 'Object Repository/lab/Page_KDMC/select_--Select--Schedule 4X-r'

2018-06-10 17:30:00 - [TEST_STEP][PASSED] - selectOptionByIndex: All options with index in [14] are selected on object 'Object Repository/lab/Page_KDMC/select_--Select--Automatic x-r'

2018-06-10 17:30:01 - [MESSAGE][PASSED] - All options with index in [14] are selected on object 'Object Repository/lab/Page_KDMC/select_--Select--Automatic x-r'

2018-06-10 17:30:01 - [TEST_STEP][PASSED] - setText: Text '10' is set on object 'Object Repository/lab/Page_KDMC/input_txttreat'

2018-06-10 17:30:01 - [MESSAGE][PASSED] - Text '10' is set on object 'Object Repository/lab/Page_KDMC/input_txttreat'

2018-06-10 17:30:01 - [TEST_STEP][PASSED] - click: Object: 'Object Repository/lab/Page_KDMC/button_Add' is clicked on

2018-06-10 17:30:01 - [MESSAGE][PASSED] - Object: 'Object Repository/lab/Page_KDMC/button_Add' is clicked on

2018-06-10 17:30:01 - [TEST_STEP][PASSED] - selectOptionByIndex: All options with index in [2] are selected on object 'Object Repository/lab/Page_KDMC/select_--Select--Schedule 4X-r'

2018-06-10 17:30:01 - [MESSAGE][PASSED] - All options with index in [2] are selected on object 'Object Repository/lab/Page_KDMC/select_--Select--Schedule 4X-r'

2018-06-10 17:30:01 - [TEST_STEP][PASSED] - selectOptionByIndex: All options with index in [15] are selected on object 'Object Repository/lab/Page_KDMC/select_--Select--Automatic x-r'

2018-06-10 17:30:01 - [MESSAGE][PASSED] - All options with index in [15] are selected on object 'Object Repository/lab/Page_KDMC/select_--Select--Automatic x-r'

2018-06-10 17:30:01 - [TEST_STEP][PASSED] - setText: Text '10' is set on object 'Object Repository/lab/Page_KDMC/input_txttreat'

2018-06-10 17:30:01 - [MESSAGE][PASSED] - Text '10' is set on object 'Object Repository/lab/Page_KDMC/input_txttreat'

2018-06-10 17:30:01 - [TEST_STEP][PASSED] - click: Object: 'Object Repository/lab/Page_KDMC/button_Add' is clicked on

2018-06-10 17:30:01 - [MESSAGE][PASSED] - Object: 'Object Repository/lab/Page_KDMC/button_Add' is clicked on

2018-06-10 17:30:01 - [TEST_STEP][PASSED] - selectOptionByIndex: All options with index in [2] are selected on object 'Object Repository/lab/Page_KDMC/select_--Select--Schedule 4X-r'

2018-06-10 17:30:01 - [MESSAGE][PASSED] - All options with index in [2] are selected on object 'Object Repository/lab/Page_KDMC/select_--Select--Schedule 4X-r'

2018-06-10 17:30:01 - [TEST_STEP][PASSED] - selectOptionByIndex: All options with index in [16] are selected on object 'Object Repository/lab/Page_KDMC/select_--Select--Automatic x-r'

2018-06-10 17:30:02 - [MESSAGE][PASSED] - All options with index in [16] are selected on object 'Object Repository/lab/Page_KDMC/select_--Select--Automatic x-r'

2018-06-10 17:30:02 - [TEST_STEP][PASSED] - setText: Text '10' is set on object 'Object Repository/lab/Page_KDMC/input_txttreat'

2018-06-10 17:30:02 - [MESSAGE][PASSED] - Text '10' is set on object 'Object Repository/lab/Page_KDMC/input_txttreat'

2018-06-10 17:30:02 - [TEST_STEP][PASSED] - click: Object: 'Object Repository/lab/Page_KDMC/button_Add' is clicked on

2018-06-10 17:30:02 - [MESSAGE][PASSED] - Object: 'Object Repository/lab/Page_KDMC/button_Add' is clicked on

2018-06-10 17:30:02 - [TEST_STEP][PASSED] - Statement - RN1 = com.kms.katalon.core.webui.keyword.WebUiBuiltInKeywords.getAttribute(com.kms.katalon.core.testobject.ObjectRepository.findTestObject(lab/Page_KDMC/input_txtno), "value"): Attribute 'value' of object 'Object Repository/lab/Page_KDMC/input_txtno' is: 'LRNO/10062018/430'

2018-06-10 17:30:02 - [MESSAGE][PASSED] - Attribute 'value' of object 'Object Repository/lab/Page_KDMC/input_txtno' is: 'LRNO/10062018/430'

2018-06-10 17:30:02 - [TEST_STEP][PASSED] - Statement - out.println(RN1): null

2018-06-10 17:30:02 - [TEST_STEP][PASSED] - Statement - RID = RN1.split("/")[2]: null

2018-06-10 17:30:02 - [TEST_STEP][PASSED] - scrollToElement: Scroll to object 'Object Repository/lab/Page_KDMC/input_btnsave' successfully

2018-06-10 17:30:02 - [MESSAGE][PASSED] - Scroll to object 'Object Repository/lab/Page_KDMC/input_btnsave' successfully

2018-06-10 17:30:02 - [TEST_STEP][PASSED] - click: Object: 'Object Repository/lab/Page_KDMC/input_btnsave' is clicked on

2018-06-10 17:30:02 - [MESSAGE][PASSED] - Object: 'Object Repository/lab/Page_KDMC/input_btnsave' is clicked on

2018-06-10 17:30:02 - [TEST_STEP][PASSED] - delay: Delayed 3 second(s)

2018-06-10 17:30:05 - [MESSAGE][PASSED] - Delayed 3 second(s)

2018-06-10 17:30:05 - [TEST_STEP][PASSED] - click: Object: 'Object Repository/lab/Page_KDMC/button_OK' is clicked on

2018-06-10 17:30:06 - [MESSAGE][PASSED] - Object: 'Object Repository/lab/Page_KDMC/button_OK' is clicked on

2018-06-10 17:30:06 - [TEST_STEP][PASSED] - delay: Delayed 3 second(s)

2018-06-10 17:30:09 - [MESSAGE][PASSED] - Delayed 3 second(s)

2018-06-10 17:30:09 - [TEST_STEP][PASSED] - click: Object: 'Object Repository/lab/Page_KDMC/a_dropdown-toggle' is clicked on

2018-06-10 17:30:09 - [MESSAGE][PASSED] - Object: 'Object Repository/lab/Page_KDMC/a_dropdown-toggle' is clicked on

2018-06-10 17:30:09 - [TEST_STEP][PASSED] - click: Object: 'Object Repository/lab/Page_KDMC/a_Sign out' is clicked on

2018-06-10 17:30:09 - [MESSAGE][PASSED] - Object: 'Object Repository/lab/Page_KDMC/a_Sign out' is clicked on

2018-06-10 17:30:09 - [TEST_STEP][PASSED] - delay: Delayed 3 second(s)

2018-06-10 17:30:12 - [MESSAGE][PASSED] - Delayed 3 second(s)

2018-06-10 17:30:12 - [TEST_STEP][PASSED] - click: Object: 'Object Repository/lab/Page_KDMC/a_CMO' is clicked on

2018-06-10 17:30:13 - [MESSAGE][PASSED] - Object: 'Object Repository/lab/Page_KDMC/a_CMO' is clicked on

2018-06-10 17:30:13 - [TEST_STEP][PASSED] - setText: Text 'guru' is set on object 'Object Repository/lab/Page_CMO login/input_txtusername'

2018-06-10 17:30:13 - [MESSAGE][PASSED] - Text 'guru' is set on object 'Object Repository/lab/Page_CMO login/input_txtusername'

2018-06-10 17:30:13 - [TEST_STEP][PASSED] - setText: Text '123' is set on object 'Object Repository/lab/Page_CMO login/input_txtpassword'

2018-06-10 17:30:13 - [MESSAGE][PASSED] - Text '123' is set on object 'Object Repository/lab/Page_CMO login/input_txtpassword'

2018-06-10 17:30:13 - [TEST_STEP][PASSED] - delay: Delayed 3 second(s)

2018-06-10 17:30:16 - [MESSAGE][PASSED] - Delayed 3 second(s)

2018-06-10 17:30:16 - [TEST_STEP][PASSED] - click: Object: 'Object Repository/lab/Page_CMO login/button_Sign in' is clicked on

2018-06-10 17:30:17 - [MESSAGE][PASSED] - Object: 'Object Repository/lab/Page_CMO login/button_Sign in' is clicked on

2018-06-10 17:30:17 - [TEST_STEP][PASSED] - click: Object: 'Object Repository/lab/Page_KDMC - CMO/span_Department Wise Request' is clicked on

2018-06-10 17:30:19 - [MESSAGE][PASSED] - Object: 'Object Repository/lab/Page_KDMC - CMO/span_Department Wise Request' is clicked on

2018-06-10 17:30:19 - [TEST_STEP][PASSED] - selectOptionByIndex: All options with index in [4] are selected on object 'Object Repository/lab/Page_KDMC - CMO/select_--ALL--'

2018-06-10 17:30:19 - [MESSAGE][PASSED] - All options with index in [4] are selected on object 'Object Repository/lab/Page_KDMC - CMO/select_--ALL--'

2018-06-10 17:30:19 - [TEST_STEP][PASSED] - selectOptionByIndex: All options with index in [1] are selected on object 'Object Repository/lab/Page_KDMC - CMO/select_--ALL--                _1'

2018-06-10 17:30:20 - [MESSAGE][PASSED] - All options with index in [1] are selected on object 'Object Repository/lab/Page_KDMC - CMO/select_--ALL--                _1'

2018-06-10 17:30:20 - [TEST_STEP][PASSED] - click: Object: 'Object Repository/lab/Page_KDMC - CMO/input_btnsearch' is clicked on

2018-06-10 17:30:20 - [MESSAGE][PASSED] - Object: 'Object Repository/lab/Page_KDMC - CMO/input_btnsearch' is clicked on

2018-06-10 17:30:20 - [TEST_STEP][PASSED] - Statement - ID = com.kms.katalon.core.webui.keyword.WebUiBuiltInKeywords.modifyObjectProperty(com.kms.katalon.core.testobject.ObjectRepository.findTestObject(lab/Page_KDMC - CMO/input_1), "xpath", "equals", "//*[@id=" + RID + "]", true): Modify property of object successfully

2018-06-10 17:30:20 - [MESSAGE][PASSED] - Modify property of object successfully

2018-06-10 17:30:20 - [TEST_STEP][PASSED] - click: Object: 'Object Repository/lab/Page_KDMC - CMO/input_1' is clicked on

2018-06-10 17:30:20 - [MESSAGE][PASSED] - Object: 'Object Repository/lab/Page_KDMC - CMO/input_1' is clicked on

2018-06-10 17:30:20 - [TEST_STEP][PASSED] - delay: Delayed 2 second(s)

2018-06-10 17:30:22 - [MESSAGE][PASSED] - Delayed 2 second(s)

2018-06-10 17:30:22 - [TEST_STEP][PASSED] - selectOptionByIndex: All options with index in [1] are selected on object 'Object Repository/lab/Page_KDMC - CMO/select_--Select--'

2018-06-10 17:30:22 - [MESSAGE][PASSED] - All options with index in [1] are selected on object 'Object Repository/lab/Page_KDMC - CMO/select_--Select--'

2018-06-10 17:30:22 - [TEST_STEP][PASSED] - click: Object: 'Object Repository/lab/Page_KDMC - CMO/input_btnupdate' is clicked on

2018-06-10 17:30:22 - [MESSAGE][PASSED] - Object: 'Object Repository/lab/Page_KDMC - CMO/input_btnupdate' is clicked on

2018-06-10 17:30:22 - [TEST_STEP][PASSED] - delay: Delayed 2 second(s)

2018-06-10 17:30:24 - [MESSAGE][PASSED] - Delayed 2 second(s)

2018-06-10 17:30:24 - [TEST_STEP][PASSED] - click: Object: 'Object Repository/lab/Page_KDMC - CMO/button_OK' is clicked on

2018-06-10 17:30:25 - [MESSAGE][PASSED] - Object: 'Object Repository/lab/Page_KDMC - CMO/button_OK' is clicked on

2018-06-10 17:30:25 - [TEST_STEP][PASSED] - delay: Delayed 3 second(s)

2018-06-10 17:30:28 - [MESSAGE][PASSED] - Delayed 3 second(s)

2018-06-10 17:30:28 - [TEST_STEP][PASSED] - click: Object: 'Object Repository/lab/Page_KDMC - CMO/a_dropdown-toggle' is clicked on

2018-06-10 17:30:28 - [MESSAGE][PASSED] - Object: 'Object Repository/lab/Page_KDMC - CMO/a_dropdown-toggle' is clicked on

2018-06-10 17:30:28 - [TEST_STEP][PASSED] - click: Object: 'Object Repository/lab/Page_KDMC - CMO/a_Sign out' is clicked on

2018-06-10 17:30:29 - [MESSAGE][PASSED] - Object: 'Object Repository/lab/Page_KDMC - CMO/a_Sign out' is clicked on

2018-06-10 17:30:29 - [TEST_STEP][PASSED] - delay: Delayed 3 second(s)

2018-06-10 17:30:32 - [MESSAGE][PASSED] - Delayed 3 second(s)

2018-06-10 17:30:32 - [TEST_STEP][PASSED] - click: Object: 'Object Repository/lab/Page_KDMC/a_Divisional Store' is clicked on

2018-06-10 17:30:32 - [MESSAGE][PASSED] - Object: 'Object Repository/lab/Page_KDMC/a_Divisional Store' is clicked on

2018-06-10 17:30:32 - [TEST_STEP][PASSED] - setText: Text 'ragu' is set on object 'Object Repository/lab/Page_Divisonal Store Login/input_txtusername'

2018-06-10 17:30:32 - [MESSAGE][PASSED] - Text 'ragu' is set on object 'Object Repository/lab/Page_Divisonal Store Login/input_txtusername'

2018-06-10 17:30:32 - [TEST_STEP][PASSED] - setText: Text '123' is set on object 'Object Repository/lab/Page_Divisonal Store Login/input_txtpassword'

2018-06-10 17:30:32 - [MESSAGE][PASSED] - Text '123' is set on object 'Object Repository/lab/Page_Divisonal Store Login/input_txtpassword'

2018-06-10 17:30:32 - [TEST_STEP][PASSED] - delay: Delayed 3 second(s)

2018-06-10 17:30:35 - [MESSAGE][PASSED] - Delayed 3 second(s)

2018-06-10 17:30:35 - [TEST_STEP][PASSED] - click: Object: 'Object Repository/lab/Page_Divisonal Store Login/button_Sign in' is clicked on

2018-06-10 17:30:37 - [MESSAGE][PASSED] - Object: 'Object Repository/lab/Page_Divisonal Store Login/button_Sign in' is clicked on

2018-06-10 17:30:37 - [TEST_STEP][PASSED] - delay: Delayed 3 second(s)

2018-06-10 17:30:40 - [MESSAGE][PASSED] - Delayed 3 second(s)

2018-06-10 17:30:40 - [TEST_STEP][PASSED] - click: Object: 'Object Repository/lab/Page_Store/a_Lab Request' is clicked on

2018-06-10 17:30:40 - [MESSAGE][PASSED] - Object: 'Object Repository/lab/Page_Store/a_Lab Request' is clicked on

2018-06-10 17:30:40 - [TEST_STEP][PASSED] - click: Object: 'Object Repository/lab/Page_Store/a_Request Item Lab' is clicked on

2018-06-10 17:30:41 - [MESSAGE][PASSED] - Object: 'Object Repository/lab/Page_Store/a_Request Item Lab' is clicked on

2018-06-10 17:30:41 - [TEST_STEP][PASSED] - Statement - ChooseRequest = com.kms.katalon.core.webui.keyword.WebUiBuiltInKeywords.modifyObjectProperty(com.kms.katalon.core.testobject.ObjectRepository.findTestObject(lab/Page_Store/input_1), "xpath", "equals", "//*[@id=" + RID + "]", true): Modify property of object successfully

2018-06-10 17:30:41 - [MESSAGE][PASSED] - Modify property of object successfully

2018-06-10 17:30:41 - [TEST_STEP][PASSED] - click: Object: 'Object Repository/lab/Page_Store/input_1' is clicked on

2018-06-10 17:30:42 - [MESSAGE][PASSED] - Object: 'Object Repository/lab/Page_Store/input_1' is clicked on

2018-06-10 17:30:42 - [TEST_STEP][PASSED] - delay: Delayed 2 second(s)

2018-06-10 17:30:44 - [MESSAGE][PASSED] - Delayed 2 second(s)

2018-06-10 17:30:44 - [TEST_STEP][PASSED] - Statement - selectedoptions = com.kms.katalon.core.webui.keyword.WebUiBuiltInKeywords.getNumberOfTotalOption(com.kms.katalon.core.testobject.ObjectRepository.findTestObject(lab/Page_Store/select_--Select--E.C.G. Jelly)): 17 options of object 'Object Repository/lab/Page_Store/select_--Select--E.C.G. Jelly' counted

2018-06-10 17:30:44 - [MESSAGE][PASSED] - 17 options of object 'Object Repository/lab/Page_Store/select_--Select--E.C.G. Jelly' counted

2018-06-10 17:30:44 - [TEST_STEP][PASSED] - Statement - For ([a = 1, a <= selectedoptions - 1, (a++)]): null

2018-06-10 17:30:44 - [TEST_STEP][PASSED] - selectOptionByIndex: All options with index in [1] are selected on object 'Object Repository/lab/Page_Store/select_--Select--E.C.G. Jelly'

2018-06-10 17:30:44 - [MESSAGE][PASSED] - All options with index in [1] are selected on object 'Object Repository/lab/Page_Store/select_--Select--E.C.G. Jelly'

2018-06-10 17:30:44 - [TEST_STEP][PASSED] - delay: Delayed 2 second(s)

2018-06-10 17:30:46 - [MESSAGE][PASSED] - Delayed 2 second(s)

2018-06-10 17:30:46 - [TEST_STEP][PASSED] - Statement - RequestedQty = com.kms.katalon.core.webui.keyword.WebUiBuiltInKeywords.getAttribute(com.kms.katalon.core.testobject.ObjectRepository.findTestObject(lab/Page_Store/input_txttotal), "value"): Attribute 'value' of object 'Object Repository/lab/Page_Store/input_txttotal' is: '10'

2018-06-10 17:30:46 - [MESSAGE][PASSED] - Attribute 'value' of object 'Object Repository/lab/Page_Store/input_txttotal' is: '10'

2018-06-10 17:30:46 - [TEST_STEP][PASSED] - Statement - out.println("Requested QTY : " + RequestedQty): null

2018-06-10 17:30:46 - [TEST_STEP][PASSED] - Statement - BatchNumber = com.kms.katalon.core.webui.keyword.WebUiBuiltInKeywords.getNumberOfTotalOption(com.kms.katalon.core.testobject.ObjectRepository.findTestObject(lab/Page_Store/select_--Select--BA50)): 4 options of object 'Object Repository/lab/Page_Store/select_--Select--BA50' counted

2018-06-10 17:30:46 - [MESSAGE][PASSED] - 4 options of object 'Object Repository/lab/Page_Store/select_--Select--BA50' counted

2018-06-10 17:30:46 - [TEST_STEP][PASSED] - Statement - For ([g = 1, g <= BatchNumber - 1, (g++)]): null

2018-06-10 17:30:46 - [TEST_STEP][PASSED] - selectOptionByIndex: All options with index in [1] are selected on object 'Object Repository/lab/Page_Store/select_--Select--BA50'

2018-06-10 17:30:47 - [MESSAGE][PASSED] - All options with index in [1] are selected on object 'Object Repository/lab/Page_Store/select_--Select--BA50'

2018-06-10 17:30:47 - [TEST_STEP][PASSED] - delay: Delayed 2 second(s)

2018-06-10 17:30:49 - [MESSAGE][PASSED] - Delayed 2 second(s)

2018-06-10 17:30:49 - [TEST_STEP][PASSED] - Statement - StockQty = com.kms.katalon.core.webui.keyword.WebUiBuiltInKeywords.getAttribute(com.kms.katalon.core.testobject.ObjectRepository.findTestObject(lab/Page_Store/input_txtprice), "value"): Attribute 'value' of object 'Object Repository/lab/Page_Store/input_txtprice' is: '1605'

2018-06-10 17:30:49 - [MESSAGE][PASSED] - Attribute 'value' of object 'Object Repository/lab/Page_Store/input_txtprice' is: '1605'

2018-06-10 17:30:49 - [TEST_STEP][PASSED] - Statement - out.println("Stock QTY : " + StockQty): null

2018-06-10 17:30:49 - [TEST_STEP][PASSED] - delay: Delayed 1 second(s)

2018-06-10 17:30:50 - [MESSAGE][PASSED] - Delayed 1 second(s)

2018-06-10 17:30:50 - [TEST_STEP][PASSED] - Statement - If (java.lang.Integer.valueOf(StockQty) >= java.lang.Integer.valueOf(RequestedQty)): null

2018-06-10 17:30:50 - [TEST_STEP][PASSED] - Statement - out.println(" " + StockQty + " >= " + RequestedQty): null

2018-06-10 17:30:50 - [TEST_STEP][PASSED] - Statement - Try: null

2018-06-10 17:30:50 - [TEST_STEP][PASSED] - setText: Text '10' is set on object 'Object Repository/lab/Page_Store/input_txtqty'

2018-06-10 17:30:50 - [MESSAGE][PASSED] - Text '10' is set on object 'Object Repository/lab/Page_Store/input_txtqty'

2018-06-10 17:30:50 - [TEST_STEP][PASSED] - click: Object: 'Object Repository/lab/Page_Store/button_Add' is clicked on

2018-06-10 17:30:50 - [MESSAGE][PASSED] - Object: 'Object Repository/lab/Page_Store/button_Add' is clicked on

2018-06-10 17:30:50 - [TEST_STEP][PASSED] - Statement - Break: null

2018-06-10 17:30:50 - [TEST_STEP][PASSED] - selectOptionByIndex: All options with index in [2] are selected on object 'Object Repository/lab/Page_Store/select_--Select--E.C.G. Jelly'

2018-06-10 17:30:50 - [MESSAGE][PASSED] - All options with index in [2] are selected on object 'Object Repository/lab/Page_Store/select_--Select--E.C.G. Jelly'

2018-06-10 17:30:50 - [TEST_STEP][PASSED] - delay: Delayed 2 second(s)

2018-06-10 17:30:52 - [MESSAGE][PASSED] - Delayed 2 second(s)

2018-06-10 17:30:52 - [TEST_STEP][PASSED] - Statement - RequestedQty = com.kms.katalon.core.webui.keyword.WebUiBuiltInKeywords.getAttribute(com.kms.katalon.core.testobject.ObjectRepository.findTestObject(lab/Page_Store/input_txttotal), "value"): Attribute 'value' of object 'Object Repository/lab/Page_Store/input_txttotal' is: '10'

2018-06-10 17:30:52 - [MESSAGE][PASSED] - Attribute 'value' of object 'Object Repository/lab/Page_Store/input_txttotal' is: '10'

2018-06-10 17:30:52 - [TEST_STEP][PASSED] - Statement - out.println("Requested QTY : " + RequestedQty): null

2018-06-10 17:30:52 - [TEST_STEP][PASSED] - Statement - BatchNumber = com.kms.katalon.core.webui.keyword.WebUiBuiltInKeywords.getNumberOfTotalOption(com.kms.katalon.core.testobject.ObjectRepository.findTestObject(lab/Page_Store/select_--Select--BA50)): 4 options of object 'Object Repository/lab/Page_Store/select_--Select--BA50' counted

2018-06-10 17:30:52 - [MESSAGE][PASSED] - 4 options of object 'Object Repository/lab/Page_Store/select_--Select--BA50' counted

2018-06-10 17:30:52 - [TEST_STEP][PASSED] - Statement - For ([g = 1, g <= BatchNumber - 1, (g++)]): null

2018-06-10 17:30:52 - [TEST_STEP][PASSED] - selectOptionByIndex: All options with index in [1] are selected on object 'Object Repository/lab/Page_Store/select_--Select--BA50'

2018-06-10 17:30:52 - [MESSAGE][PASSED] - All options with index in [1] are selected on object 'Object Repository/lab/Page_Store/select_--Select--BA50'

2018-06-10 17:30:52 - [TEST_STEP][PASSED] - delay: Delayed 2 second(s)

2018-06-10 17:30:54 - [MESSAGE][PASSED] - Delayed 2 second(s)

2018-06-10 17:30:54 - [TEST_STEP][PASSED] - Statement - StockQty = com.kms.katalon.core.webui.keyword.WebUiBuiltInKeywords.getAttribute(com.kms.katalon.core.testobject.ObjectRepository.findTestObject(lab/Page_Store/input_txtprice), "value"): Attribute 'value' of object 'Object Repository/lab/Page_Store/input_txtprice' is: '194'

2018-06-10 17:30:54 - [MESSAGE][PASSED] - Attribute 'value' of object 'Object Repository/lab/Page_Store/input_txtprice' is: '194'

2018-06-10 17:30:54 - [TEST_STEP][PASSED] - Statement - out.println("Stock QTY : " + StockQty): null

2018-06-10 17:30:54 - [TEST_STEP][PASSED] - delay: Delayed 1 second(s)

2018-06-10 17:30:55 - [MESSAGE][PASSED] - Delayed 1 second(s)

2018-06-10 17:30:55 - [TEST_STEP][PASSED] - Statement - If (java.lang.Integer.valueOf(StockQty) >= java.lang.Integer.valueOf(RequestedQty)): null

2018-06-10 17:30:55 - [TEST_STEP][PASSED] - Statement - out.println(" " + StockQty + " >= " + RequestedQty): null

2018-06-10 17:30:55 - [TEST_STEP][PASSED] - Statement - Try: null

2018-06-10 17:30:55 - [TEST_STEP][PASSED] - setText: Text '10' is set on object 'Object Repository/lab/Page_Store/input_txtqty'

2018-06-10 17:30:55 - [MESSAGE][PASSED] - Text '10' is set on object 'Object Repository/lab/Page_Store/input_txtqty'

2018-06-10 17:30:55 - [TEST_STEP][PASSED] - click: Object: 'Object Repository/lab/Page_Store/button_Add' is clicked on

2018-06-10 17:30:55 - [MESSAGE][PASSED] - Object: 'Object Repository/lab/Page_Store/button_Add' is clicked on

2018-06-10 17:30:55 - [TEST_STEP][PASSED] - Statement - Break: null

2018-06-10 17:30:55 - [TEST_STEP][PASSED] - selectOptionByIndex: All options with index in [3] are selected on object 'Object Repository/lab/Page_Store/select_--Select--E.C.G. Jelly'

2018-06-10 17:30:56 - [MESSAGE][PASSED] - All options with index in [3] are selected on object 'Object Repository/lab/Page_Store/select_--Select--E.C.G. Jelly'

2018-06-10 17:30:56 - [TEST_STEP][PASSED] - delay: Delayed 2 second(s)

2018-06-10 17:30:58 - [MESSAGE][PASSED] - Delayed 2 second(s)

2018-06-10 17:30:58 - [TEST_STEP][PASSED] - Statement - RequestedQty = com.kms.katalon.core.webui.keyword.WebUiBuiltInKeywords.getAttribute(com.kms.katalon.core.testobject.ObjectRepository.findTestObject(lab/Page_Store/input_txttotal), "value"): Attribute 'value' of object 'Object Repository/lab/Page_Store/input_txttotal' is: '10'

2018-06-10 17:30:58 - [MESSAGE][PASSED] - Attribute 'value' of object 'Object Repository/lab/Page_Store/input_txttotal' is: '10'

2018-06-10 17:30:58 - [TEST_STEP][PASSED] - Statement - out.println("Requested QTY : " + RequestedQty): null

2018-06-10 17:30:58 - [TEST_STEP][PASSED] - Statement - BatchNumber = com.kms.katalon.core.webui.keyword.WebUiBuiltInKeywords.getNumberOfTotalOption(com.kms.katalon.core.testobject.ObjectRepository.findTestObject(lab/Page_Store/select_--Select--BA50)): 3 options of object 'Object Repository/lab/Page_Store/select_--Select--BA50' counted

2018-06-10 17:30:58 - [MESSAGE][PASSED] - 3 options of object 'Object Repository/lab/Page_Store/select_--Select--BA50' counted

2018-06-10 17:30:58 - [TEST_STEP][PASSED] - Statement - For ([g = 1, g <= BatchNumber - 1, (g++)]): null

2018-06-10 17:30:58 - [TEST_STEP][PASSED] - selectOptionByIndex: All options with index in [1] are selected on object 'Object Repository/lab/Page_Store/select_--Select--BA50'

2018-06-10 17:30:58 - [MESSAGE][PASSED] - All options with index in [1] are selected on object 'Object Repository/lab/Page_Store/select_--Select--BA50'

2018-06-10 17:30:58 - [TEST_STEP][PASSED] - delay: Delayed 2 second(s)

2018-06-10 17:31:00 - [MESSAGE][PASSED] - Delayed 2 second(s)

2018-06-10 17:31:00 - [TEST_STEP][PASSED] - Statement - StockQty = com.kms.katalon.core.webui.keyword.WebUiBuiltInKeywords.getAttribute(com.kms.katalon.core.testobject.ObjectRepository.findTestObject(lab/Page_Store/input_txtprice), "value"): Attribute 'value' of object 'Object Repository/lab/Page_Store/input_txtprice' is: '1520'

2018-06-10 17:31:00 - [MESSAGE][PASSED] - Attribute 'value' of object 'Object Repository/lab/Page_Store/input_txtprice' is: '1520'

2018-06-10 17:31:00 - [TEST_STEP][PASSED] - Statement - out.println("Stock QTY : " + StockQty): null

2018-06-10 17:31:00 - [TEST_STEP][PASSED] - delay: Delayed 1 second(s)

2018-06-10 17:31:01 - [MESSAGE][PASSED] - Delayed 1 second(s)

2018-06-10 17:31:01 - [TEST_STEP][PASSED] - Statement - If (java.lang.Integer.valueOf(StockQty) >= java.lang.Integer.valueOf(RequestedQty)): null

2018-06-10 17:31:01 - [TEST_STEP][PASSED] - Statement - out.println(" " + StockQty + " >= " + RequestedQty): null

2018-06-10 17:31:01 - [TEST_STEP][PASSED] - Statement - Try: null

2018-06-10 17:31:01 - [TEST_STEP][PASSED] - setText: Text '10' is set on object 'Object Repository/lab/Page_Store/input_txtqty'

2018-06-10 17:31:01 - [MESSAGE][PASSED] - Text '10' is set on object 'Object Repository/lab/Page_Store/input_txtqty'

2018-06-10 17:31:01 - [TEST_STEP][PASSED] - click: Object: 'Object Repository/lab/Page_Store/button_Add' is clicked on

2018-06-10 17:31:01 - [MESSAGE][PASSED] - Object: 'Object Repository/lab/Page_Store/button_Add' is clicked on

2018-06-10 17:31:01 - [TEST_STEP][PASSED] - Statement - Break: null

2018-06-10 17:31:01 - [TEST_STEP][PASSED] - selectOptionByIndex: All options with index in [4] are selected on object 'Object Repository/lab/Page_Store/select_--Select--E.C.G. Jelly'

2018-06-10 17:31:01 - [MESSAGE][PASSED] - All options with index in [4] are selected on object 'Object Repository/lab/Page_Store/select_--Select--E.C.G. Jelly'

2018-06-10 17:31:01 - [TEST_STEP][PASSED] - delay: Delayed 2 second(s)

2018-06-10 17:31:03 - [MESSAGE][PASSED] - Delayed 2 second(s)

2018-06-10 17:31:03 - [TEST_STEP][PASSED] - Statement - RequestedQty = com.kms.katalon.core.webui.keyword.WebUiBuiltInKeywords.getAttribute(com.kms.katalon.core.testobject.ObjectRepository.findTestObject(lab/Page_Store/input_txttotal), "value"): Attribute 'value' of object 'Object Repository/lab/Page_Store/input_txttotal' is: '10'

2018-06-10 17:31:03 - [MESSAGE][PASSED] - Attribute 'value' of object 'Object Repository/lab/Page_Store/input_txttotal' is: '10'

2018-06-10 17:31:03 - [TEST_STEP][PASSED] - Statement - out.println("Requested QTY : " + RequestedQty): null

2018-06-10 17:31:03 - [TEST_STEP][PASSED] - Statement - BatchNumber = com.kms.katalon.core.webui.keyword.WebUiBuiltInKeywords.getNumberOfTotalOption(com.kms.katalon.core.testobject.ObjectRepository.findTestObject(lab/Page_Store/select_--Select--BA50)): 3 options of object 'Object Repository/lab/Page_Store/select_--Select--BA50' counted

2018-06-10 17:31:03 - [MESSAGE][PASSED] - 3 options of object 'Object Repository/lab/Page_Store/select_--Select--BA50' counted

2018-06-10 17:31:03 - [TEST_STEP][PASSED] - Statement - For ([g = 1, g <= BatchNumber - 1, (g++)]): null

2018-06-10 17:31:03 - [TEST_STEP][PASSED] - selectOptionByIndex: All options with index in [1] are selected on object 'Object Repository/lab/Page_Store/select_--Select--BA50'

2018-06-10 17:31:03 - [MESSAGE][PASSED] - All options with index in [1] are selected on object 'Object Repository/lab/Page_Store/select_--Select--BA50'

2018-06-10 17:31:03 - [TEST_STEP][PASSED] - delay: Delayed 2 second(s)

2018-06-10 17:31:05 - [MESSAGE][PASSED] - Delayed 2 second(s)

2018-06-10 17:31:05 - [TEST_STEP][PASSED] - Statement - StockQty = com.kms.katalon.core.webui.keyword.WebUiBuiltInKeywords.getAttribute(com.kms.katalon.core.testobject.ObjectRepository.findTestObject(lab/Page_Store/input_txtprice), "value"): Attribute 'value' of object 'Object Repository/lab/Page_Store/input_txtprice' is: '1520'

2018-06-10 17:31:05 - [MESSAGE][PASSED] - Attribute 'value' of object 'Object Repository/lab/Page_Store/input_txtprice' is: '1520'

2018-06-10 17:31:05 - [TEST_STEP][PASSED] - Statement - out.println("Stock QTY : " + StockQty): null

2018-06-10 17:31:05 - [TEST_STEP][PASSED] - delay: Delayed 1 second(s)

2018-06-10 17:31:06 - [MESSAGE][PASSED] - Delayed 1 second(s)

2018-06-10 17:31:06 - [TEST_STEP][PASSED] - Statement - If (java.lang.Integer.valueOf(StockQty) >= java.lang.Integer.valueOf(RequestedQty)): null

2018-06-10 17:31:06 - [TEST_STEP][PASSED] - Statement - out.println(" " + StockQty + " >= " + RequestedQty): null

2018-06-10 17:31:06 - [TEST_STEP][PASSED] - Statement - Try: null

2018-06-10 17:31:06 - [TEST_STEP][PASSED] - setText: Text '10' is set on object 'Object Repository/lab/Page_Store/input_txtqty'

2018-06-10 17:31:06 - [MESSAGE][PASSED] - Text '10' is set on object 'Object Repository/lab/Page_Store/input_txtqty'

2018-06-10 17:31:06 - [TEST_STEP][PASSED] - click: Object: 'Object Repository/lab/Page_Store/button_Add' is clicked on

2018-06-10 17:31:07 - [MESSAGE][PASSED] - Object: 'Object Repository/lab/Page_Store/button_Add' is clicked on

2018-06-10 17:31:07 - [TEST_STEP][PASSED] - Statement - Break: null

2018-06-10 17:31:07 - [TEST_STEP][PASSED] - selectOptionByIndex: All options with index in [5] are selected on object 'Object Repository/lab/Page_Store/select_--Select--E.C.G. Jelly'

2018-06-10 17:31:07 - [MESSAGE][PASSED] - All options with index in [5] are selected on object 'Object Repository/lab/Page_Store/select_--Select--E.C.G. Jelly'

2018-06-10 17:31:07 - [TEST_STEP][PASSED] - delay: Delayed 2 second(s)

2018-06-10 17:31:09 - [MESSAGE][PASSED] - Delayed 2 second(s)

2018-06-10 17:31:09 - [TEST_STEP][PASSED] - Statement - RequestedQty = com.kms.katalon.core.webui.keyword.WebUiBuiltInKeywords.getAttribute(com.kms.katalon.core.testobject.ObjectRepository.findTestObject(lab/Page_Store/input_txttotal), "value"): Attribute 'value' of object 'Object Repository/lab/Page_Store/input_txttotal' is: '10'

2018-06-10 17:31:09 - [MESSAGE][PASSED] - Attribute 'value' of object 'Object Repository/lab/Page_Store/input_txttotal' is: '10'

2018-06-10 17:31:09 - [TEST_STEP][PASSED] - Statement - out.println("Requested QTY : " + RequestedQty): null

2018-06-10 17:31:09 - [TEST_STEP][PASSED] - Statement - BatchNumber = com.kms.katalon.core.webui.keyword.WebUiBuiltInKeywords.getNumberOfTotalOption(com.kms.katalon.core.testobject.ObjectRepository.findTestObject(lab/Page_Store/select_--Select--BA50)): 3 options of object 'Object Repository/lab/Page_Store/select_--Select--BA50' counted

2018-06-10 17:31:09 - [MESSAGE][PASSED] - 3 options of object 'Object Repository/lab/Page_Store/select_--Select--BA50' counted

2018-06-10 17:31:09 - [TEST_STEP][PASSED] - Statement - For ([g = 1, g <= BatchNumber - 1, (g++)]): null

2018-06-10 17:31:09 - [TEST_STEP][PASSED] - selectOptionByIndex: All options with index in [1] are selected on object 'Object Repository/lab/Page_Store/select_--Select--BA50'

2018-06-10 17:31:09 - [MESSAGE][PASSED] - All options with index in [1] are selected on object 'Object Repository/lab/Page_Store/select_--Select--BA50'

2018-06-10 17:31:09 - [TEST_STEP][PASSED] - delay: Delayed 2 second(s)

2018-06-10 17:31:11 - [MESSAGE][PASSED] - Delayed 2 second(s)

2018-06-10 17:31:11 - [TEST_STEP][PASSED] - Statement - StockQty = com.kms.katalon.core.webui.keyword.WebUiBuiltInKeywords.getAttribute(com.kms.katalon.core.testobject.ObjectRepository.findTestObject(lab/Page_Store/input_txtprice), "value"): Attribute 'value' of object 'Object Repository/lab/Page_Store/input_txtprice' is: '1540'

2018-06-10 17:31:11 - [MESSAGE][PASSED] - Attribute 'value' of object 'Object Repository/lab/Page_Store/input_txtprice' is: '1540'

2018-06-10 17:31:11 - [TEST_STEP][PASSED] - Statement - out.println("Stock QTY : " + StockQty): null

2018-06-10 17:31:11 - [TEST_STEP][PASSED] - delay: Delayed 1 second(s)

2018-06-10 17:31:12 - [MESSAGE][PASSED] - Delayed 1 second(s)

2018-06-10 17:31:12 - [TEST_STEP][PASSED] - Statement - If (java.lang.Integer.valueOf(StockQty) >= java.lang.Integer.valueOf(RequestedQty)): null

2018-06-10 17:31:12 - [TEST_STEP][PASSED] - Statement - out.println(" " + StockQty + " >= " + RequestedQty): null

2018-06-10 17:31:12 - [TEST_STEP][PASSED] - Statement - Try: null

2018-06-10 17:31:12 - [TEST_STEP][PASSED] - setText: Text '10' is set on object 'Object Repository/lab/Page_Store/input_txtqty'

2018-06-10 17:31:12 - [MESSAGE][PASSED] - Text '10' is set on object 'Object Repository/lab/Page_Store/input_txtqty'

2018-06-10 17:31:12 - [TEST_STEP][PASSED] - click: Object: 'Object Repository/lab/Page_Store/button_Add' is clicked on

2018-06-10 17:31:12 - [MESSAGE][PASSED] - Object: 'Object Repository/lab/Page_Store/button_Add' is clicked on

2018-06-10 17:31:12 - [TEST_STEP][PASSED] - Statement - Break: null

2018-06-10 17:31:12 - [TEST_STEP][PASSED] - selectOptionByIndex: All options with index in [6] are selected on object 'Object Repository/lab/Page_Store/select_--Select--E.C.G. Jelly'

2018-06-10 17:31:12 - [MESSAGE][PASSED] - All options with index in [6] are selected on object 'Object Repository/lab/Page_Store/select_--Select--E.C.G. Jelly'

2018-06-10 17:31:12 - [TEST_STEP][PASSED] - delay: Delayed 2 second(s)

2018-06-10 17:31:14 - [MESSAGE][PASSED] - Delayed 2 second(s)

2018-06-10 17:31:14 - [TEST_STEP][PASSED] - Statement - RequestedQty = com.kms.katalon.core.webui.keyword.WebUiBuiltInKeywords.getAttribute(com.kms.katalon.core.testobject.ObjectRepository.findTestObject(lab/Page_Store/input_txttotal), "value"): Attribute 'value' of object 'Object Repository/lab/Page_Store/input_txttotal' is: '10'

2018-06-10 17:31:14 - [MESSAGE][PASSED] - Attribute 'value' of object 'Object Repository/lab/Page_Store/input_txttotal' is: '10'

2018-06-10 17:31:14 - [TEST_STEP][PASSED] - Statement - out.println("Requested QTY : " + RequestedQty): null

2018-06-10 17:31:14 - [TEST_STEP][PASSED] - Statement - BatchNumber = com.kms.katalon.core.webui.keyword.WebUiBuiltInKeywords.getNumberOfTotalOption(com.kms.katalon.core.testobject.ObjectRepository.findTestObject(lab/Page_Store/select_--Select--BA50)): 3 options of object 'Object Repository/lab/Page_Store/select_--Select--BA50' counted

2018-06-10 17:31:14 - [MESSAGE][PASSED] - 3 options of object 'Object Repository/lab/Page_Store/select_--Select--BA50' counted

2018-06-10 17:31:14 - [TEST_STEP][PASSED] - Statement - For ([g = 1, g <= BatchNumber - 1, (g++)]): null

2018-06-10 17:31:14 - [TEST_STEP][PASSED] - selectOptionByIndex: All options with index in [1] are selected on object 'Object Repository/lab/Page_Store/select_--Select--BA50'

2018-06-10 17:31:14 - [MESSAGE][PASSED] - All options with index in [1] are selected on object 'Object Repository/lab/Page_Store/select_--Select--BA50'

2018-06-10 17:31:14 - [TEST_STEP][PASSED] - delay: Delayed 2 second(s)

2018-06-10 17:31:16 - [MESSAGE][PASSED] - Delayed 2 second(s)

2018-06-10 17:31:16 - [TEST_STEP][PASSED] - Statement - StockQty = com.kms.katalon.core.webui.keyword.WebUiBuiltInKeywords.getAttribute(com.kms.katalon.core.testobject.ObjectRepository.findTestObject(lab/Page_Store/input_txtprice), "value"): Attribute 'value' of object 'Object Repository/lab/Page_Store/input_txtprice' is: '1195'

2018-06-10 17:31:17 - [MESSAGE][PASSED] - Attribute 'value' of object 'Object Repository/lab/Page_Store/input_txtprice' is: '1195'

2018-06-10 17:31:17 - [TEST_STEP][PASSED] - Statement - out.println("Stock QTY : " + StockQty): null

2018-06-10 17:31:17 - [TEST_STEP][PASSED] - delay: Delayed 1 second(s)

2018-06-10 17:31:18 - [MESSAGE][PASSED] - Delayed 1 second(s)

2018-06-10 17:31:18 - [TEST_STEP][PASSED] - Statement - If (java.lang.Integer.valueOf(StockQty) >= java.lang.Integer.valueOf(RequestedQty)): null

2018-06-10 17:31:18 - [TEST_STEP][PASSED] - Statement - out.println(" " + StockQty + " >= " + RequestedQty): null

2018-06-10 17:31:18 - [TEST_STEP][PASSED] - Statement - Try: null

2018-06-10 17:31:18 - [TEST_STEP][PASSED] - setText: Text '10' is set on object 'Object Repository/lab/Page_Store/input_txtqty'

2018-06-10 17:31:18 - [MESSAGE][PASSED] - Text '10' is set on object 'Object Repository/lab/Page_Store/input_txtqty'

2018-06-10 17:31:18 - [TEST_STEP][PASSED] - click: Object: 'Object Repository/lab/Page_Store/button_Add' is clicked on

2018-06-10 17:31:18 - [MESSAGE][PASSED] - Object: 'Object Repository/lab/Page_Store/button_Add' is clicked on

2018-06-10 17:31:18 - [TEST_STEP][PASSED] - Statement - Break: null

2018-06-10 17:31:18 - [TEST_STEP][PASSED] - selectOptionByIndex: All options with index in [7] are selected on object 'Object Repository/lab/Page_Store/select_--Select--E.C.G. Jelly'

2018-06-10 17:31:18 - [MESSAGE][PASSED] - All options with index in [7] are selected on object 'Object Repository/lab/Page_Store/select_--Select--E.C.G. Jelly'

2018-06-10 17:31:18 - [TEST_STEP][PASSED] - delay: Delayed 2 second(s)

2018-06-10 17:31:20 - [MESSAGE][PASSED] - Delayed 2 second(s)

2018-06-10 17:31:20 - [TEST_STEP][PASSED] - Statement - RequestedQty = com.kms.katalon.core.webui.keyword.WebUiBuiltInKeywords.getAttribute(com.kms.katalon.core.testobject.ObjectRepository.findTestObject(lab/Page_Store/input_txttotal), "value"): Attribute 'value' of object 'Object Repository/lab/Page_Store/input_txttotal' is: '10'

2018-06-10 17:31:20 - [MESSAGE][PASSED] - Attribute 'value' of object 'Object Repository/lab/Page_Store/input_txttotal' is: '10'

2018-06-10 17:31:20 - [TEST_STEP][PASSED] - Statement - out.println("Requested QTY : " + RequestedQty): null

2018-06-10 17:31:20 - [TEST_STEP][PASSED] - Statement - BatchNumber = com.kms.katalon.core.webui.keyword.WebUiBuiltInKeywords.getNumberOfTotalOption(com.kms.katalon.core.testobject.ObjectRepository.findTestObject(lab/Page_Store/select_--Select--BA50)): 5 options of object 'Object Repository/lab/Page_Store/select_--Select--BA50' counted

2018-06-10 17:31:20 - [MESSAGE][PASSED] - 5 options of object 'Object Repository/lab/Page_Store/select_--Select--BA50' counted

2018-06-10 17:31:20 - [TEST_STEP][PASSED] - Statement - For ([g = 1, g <= BatchNumber - 1, (g++)]): null

2018-06-10 17:31:20 - [TEST_STEP][PASSED] - selectOptionByIndex: All options with index in [1] are selected on object 'Object Repository/lab/Page_Store/select_--Select--BA50'

2018-06-10 17:31:20 - [MESSAGE][PASSED] - All options with index in [1] are selected on object 'Object Repository/lab/Page_Store/select_--Select--BA50'

2018-06-10 17:31:20 - [TEST_STEP][PASSED] - delay: Delayed 2 second(s)

2018-06-10 17:31:22 - [MESSAGE][PASSED] - Delayed 2 second(s)

2018-06-10 17:31:22 - [TEST_STEP][PASSED] - Statement - StockQty = com.kms.katalon.core.webui.keyword.WebUiBuiltInKeywords.getAttribute(com.kms.katalon.core.testobject.ObjectRepository.findTestObject(lab/Page_Store/input_txtprice), "value"): Attribute 'value' of object 'Object Repository/lab/Page_Store/input_txtprice' is: '4'

2018-06-10 17:31:22 - [MESSAGE][PASSED] - Attribute 'value' of object 'Object Repository/lab/Page_Store/input_txtprice' is: '4'

2018-06-10 17:31:22 - [TEST_STEP][PASSED] - Statement - out.println("Stock QTY : " + StockQty): null

2018-06-10 17:31:22 - [TEST_STEP][PASSED] - delay: Delayed 1 second(s)

2018-06-10 17:31:23 - [MESSAGE][PASSED] - Delayed 1 second(s)

2018-06-10 17:31:23 - [TEST_STEP][PASSED] - Statement - If (java.lang.Integer.valueOf(StockQty) >= java.lang.Integer.valueOf(RequestedQty)): null

2018-06-10 17:31:23 - [TEST_STEP][PASSED] - Statement - Else: null

2018-06-10 17:31:23 - [TEST_STEP][PASSED] - Statement - out.println("Stock Is Less Than Requested Qty"): null

2018-06-10 17:31:23 - [TEST_STEP][PASSED] - selectOptionByIndex: All options with index in [2] are selected on object 'Object Repository/lab/Page_Store/select_--Select--BA50'

2018-06-10 17:31:23 - [MESSAGE][PASSED] - All options with index in [2] are selected on object 'Object Repository/lab/Page_Store/select_--Select--BA50'

2018-06-10 17:31:23 - [TEST_STEP][PASSED] - delay: Delayed 2 second(s)

2018-06-10 17:31:25 - [MESSAGE][PASSED] - Delayed 2 second(s)

2018-06-10 17:31:25 - [TEST_STEP][PASSED] - Statement - StockQty = com.kms.katalon.core.webui.keyword.WebUiBuiltInKeywords.getAttribute(com.kms.katalon.core.testobject.ObjectRepository.findTestObject(lab/Page_Store/input_txtprice), "value"): Attribute 'value' of object 'Object Repository/lab/Page_Store/input_txtprice' is: '1210'

2018-06-10 17:31:25 - [MESSAGE][PASSED] - Attribute 'value' of object 'Object Repository/lab/Page_Store/input_txtprice' is: '1210'

2018-06-10 17:31:25 - [TEST_STEP][PASSED] - Statement - out.println("Stock QTY : " + StockQty): null

2018-06-10 17:31:25 - [TEST_STEP][PASSED] - delay: Delayed 1 second(s)

2018-06-10 17:31:26 - [MESSAGE][PASSED] - Delayed 1 second(s)

2018-06-10 17:31:26 - [TEST_STEP][PASSED] - Statement - If (java.lang.Integer.valueOf(StockQty) >= java.lang.Integer.valueOf(RequestedQty)): null

2018-06-10 17:31:26 - [TEST_STEP][PASSED] - Statement - out.println(" " + StockQty + " >= " + RequestedQty): null

2018-06-10 17:31:26 - [TEST_STEP][PASSED] - Statement - Try: null

2018-06-10 17:31:26 - [TEST_STEP][PASSED] - setText: Text '10' is set on object 'Object Repository/lab/Page_Store/input_txtqty'

2018-06-10 17:31:26 - [MESSAGE][PASSED] - Text '10' is set on object 'Object Repository/lab/Page_Store/input_txtqty'

2018-06-10 17:31:26 - [TEST_STEP][PASSED] - click: Object: 'Object Repository/lab/Page_Store/button_Add' is clicked on

2018-06-10 17:31:26 - [MESSAGE][PASSED] - Object: 'Object Repository/lab/Page_Store/button_Add' is clicked on

2018-06-10 17:31:26 - [TEST_STEP][PASSED] - Statement - Break: null

2018-06-10 17:31:26 - [TEST_STEP][PASSED] - selectOptionByIndex: All options with index in [8] are selected on object 'Object Repository/lab/Page_Store/select_--Select--E.C.G. Jelly'

2018-06-10 17:31:27 - [MESSAGE][PASSED] - All options with index in [8] are selected on object 'Object Repository/lab/Page_Store/select_--Select--E.C.G. Jelly'

2018-06-10 17:31:27 - [TEST_STEP][PASSED] - delay: Delayed 2 second(s)

2018-06-10 17:31:29 - [MESSAGE][PASSED] - Delayed 2 second(s)

2018-06-10 17:31:29 - [TEST_STEP][PASSED] - Statement - RequestedQty = com.kms.katalon.core.webui.keyword.WebUiBuiltInKeywords.getAttribute(com.kms.katalon.core.testobject.ObjectRepository.findTestObject(lab/Page_Store/input_txttotal), "value"): Attribute 'value' of object 'Object Repository/lab/Page_Store/input_txttotal' is: '10'

2018-06-10 17:31:29 - [MESSAGE][PASSED] - Attribute 'value' of object 'Object Repository/lab/Page_Store/input_txttotal' is: '10'

2018-06-10 17:31:29 - [TEST_STEP][PASSED] - Statement - out.println("Requested QTY : " + RequestedQty): null

2018-06-10 17:31:29 - [TEST_STEP][PASSED] - Statement - BatchNumber = com.kms.katalon.core.webui.keyword.WebUiBuiltInKeywords.getNumberOfTotalOption(com.kms.katalon.core.testobject.ObjectRepository.findTestObject(lab/Page_Store/select_--Select--BA50)): 3 options of object 'Object Repository/lab/Page_Store/select_--Select--BA50' counted

2018-06-10 17:31:29 - [MESSAGE][PASSED] - 3 options of object 'Object Repository/lab/Page_Store/select_--Select--BA50' counted

2018-06-10 17:31:29 - [TEST_STEP][PASSED] - Statement - For ([g = 1, g <= BatchNumber - 1, (g++)]): null

2018-06-10 17:31:29 - [TEST_STEP][PASSED] - selectOptionByIndex: All options with index in [1] are selected on object 'Object Repository/lab/Page_Store/select_--Select--BA50'

2018-06-10 17:31:29 - [MESSAGE][PASSED] - All options with index in [1] are selected on object 'Object Repository/lab/Page_Store/select_--Select--BA50'

2018-06-10 17:31:29 - [TEST_STEP][PASSED] - delay: Delayed 2 second(s)

2018-06-10 17:31:31 - [MESSAGE][PASSED] - Delayed 2 second(s)

2018-06-10 17:31:31 - [TEST_STEP][PASSED] - Statement - StockQty = com.kms.katalon.core.webui.keyword.WebUiBuiltInKeywords.getAttribute(com.kms.katalon.core.testobject.ObjectRepository.findTestObject(lab/Page_Store/input_txtprice), "value"): Attribute 'value' of object 'Object Repository/lab/Page_Store/input_txtprice' is: '1339'

2018-06-10 17:31:31 - [MESSAGE][PASSED] - Attribute 'value' of object 'Object Repository/lab/Page_Store/input_txtprice' is: '1339'

2018-06-10 17:31:31 - [TEST_STEP][PASSED] - Statement - out.println("Stock QTY : " + StockQty): null

2018-06-10 17:31:31 - [TEST_STEP][PASSED] - delay: Delayed 1 second(s)

2018-06-10 17:31:32 - [MESSAGE][PASSED] - Delayed 1 second(s)

2018-06-10 17:31:32 - [TEST_STEP][PASSED] - Statement - If (java.lang.Integer.valueOf(StockQty) >= java.lang.Integer.valueOf(RequestedQty)): null

2018-06-10 17:31:32 - [TEST_STEP][PASSED] - Statement - out.println(" " + StockQty + " >= " + RequestedQty): null

2018-06-10 17:31:32 - [TEST_STEP][PASSED] - Statement - Try: null

2018-06-10 17:31:32 - [TEST_STEP][PASSED] - setText: Text '10' is set on object 'Object Repository/lab/Page_Store/input_txtqty'

2018-06-10 17:31:32 - [MESSAGE][PASSED] - Text '10' is set on object 'Object Repository/lab/Page_Store/input_txtqty'

2018-06-10 17:31:32 - [TEST_STEP][PASSED] - click: Object: 'Object Repository/lab/Page_Store/button_Add' is clicked on

2018-06-10 17:31:32 - [MESSAGE][PASSED] - Object: 'Object Repository/lab/Page_Store/button_Add' is clicked on

2018-06-10 17:31:32 - [TEST_STEP][PASSED] - Statement - Break: null

2018-06-10 17:31:32 - [TEST_STEP][PASSED] - selectOptionByIndex: All options with index in [9] are selected on object 'Object Repository/lab/Page_Store/select_--Select--E.C.G. Jelly'

2018-06-10 17:31:32 - [MESSAGE][PASSED] - All options with index in [9] are selected on object 'Object Repository/lab/Page_Store/select_--Select--E.C.G. Jelly'

2018-06-10 17:31:32 - [TEST_STEP][PASSED] - delay: Delayed 2 second(s)

2018-06-10 17:31:34 - [MESSAGE][PASSED] - Delayed 2 second(s)

2018-06-10 17:31:34 - [TEST_STEP][PASSED] - Statement - RequestedQty = com.kms.katalon.core.webui.keyword.WebUiBuiltInKeywords.getAttribute(com.kms.katalon.core.testobject.ObjectRepository.findTestObject(lab/Page_Store/input_txttotal), "value"): Attribute 'value' of object 'Object Repository/lab/Page_Store/input_txttotal' is: '10'

2018-06-10 17:31:34 - [MESSAGE][PASSED] - Attribute 'value' of object 'Object Repository/lab/Page_Store/input_txttotal' is: '10'

2018-06-10 17:31:34 - [TEST_STEP][PASSED] - Statement - out.println("Requested QTY : " + RequestedQty): null

2018-06-10 17:31:34 - [TEST_STEP][PASSED] - Statement - BatchNumber = com.kms.katalon.core.webui.keyword.WebUiBuiltInKeywords.getNumberOfTotalOption(com.kms.katalon.core.testobject.ObjectRepository.findTestObject(lab/Page_Store/select_--Select--BA50)): 3 options of object 'Object Repository/lab/Page_Store/select_--Select--BA50' counted

2018-06-10 17:31:34 - [MESSAGE][PASSED] - 3 options of object 'Object Repository/lab/Page_Store/select_--Select--BA50' counted

2018-06-10 17:31:34 - [TEST_STEP][PASSED] - Statement - For ([g = 1, g <= BatchNumber - 1, (g++)]): null

2018-06-10 17:31:34 - [TEST_STEP][PASSED] - selectOptionByIndex: All options with index in [1] are selected on object 'Object Repository/lab/Page_Store/select_--Select--BA50'

2018-06-10 17:31:34 - [MESSAGE][PASSED] - All options with index in [1] are selected on object 'Object Repository/lab/Page_Store/select_--Select--BA50'

2018-06-10 17:31:34 - [TEST_STEP][PASSED] - delay: Delayed 2 second(s)

2018-06-10 17:31:36 - [MESSAGE][PASSED] - Delayed 2 second(s)

2018-06-10 17:31:36 - [TEST_STEP][PASSED] - Statement - StockQty = com.kms.katalon.core.webui.keyword.WebUiBuiltInKeywords.getAttribute(com.kms.katalon.core.testobject.ObjectRepository.findTestObject(lab/Page_Store/input_txtprice), "value"): Attribute 'value' of object 'Object Repository/lab/Page_Store/input_txtprice' is: '854'

2018-06-10 17:31:36 - [MESSAGE][PASSED] - Attribute 'value' of object 'Object Repository/lab/Page_Store/input_txtprice' is: '854'

2018-06-10 17:31:36 - [TEST_STEP][PASSED] - Statement - out.println("Stock QTY : " + StockQty): null

2018-06-10 17:31:36 - [TEST_STEP][PASSED] - delay: Delayed 1 second(s)

2018-06-10 17:31:37 - [MESSAGE][PASSED] - Delayed 1 second(s)

2018-06-10 17:31:37 - [TEST_STEP][PASSED] - Statement - If (java.lang.Integer.valueOf(StockQty) >= java.lang.Integer.valueOf(RequestedQty)): null

2018-06-10 17:31:37 - [TEST_STEP][PASSED] - Statement - out.println(" " + StockQty + " >= " + RequestedQty): null

2018-06-10 17:31:37 - [TEST_STEP][PASSED] - Statement - Try: null

2018-06-10 17:31:37 - [TEST_STEP][PASSED] - setText: Text '10' is set on object 'Object Repository/lab/Page_Store/input_txtqty'

2018-06-10 17:31:38 - [MESSAGE][PASSED] - Text '10' is set on object 'Object Repository/lab/Page_Store/input_txtqty'

2018-06-10 17:31:38 - [TEST_STEP][PASSED] - click: Object: 'Object Repository/lab/Page_Store/button_Add' is clicked on

2018-06-10 17:31:38 - [MESSAGE][PASSED] - Object: 'Object Repository/lab/Page_Store/button_Add' is clicked on

2018-06-10 17:31:38 - [TEST_STEP][PASSED] - Statement - Break: null

2018-06-10 17:31:38 - [TEST_STEP][PASSED] - selectOptionByIndex: All options with index in [10] are selected on object 'Object Repository/lab/Page_Store/select_--Select--E.C.G. Jelly'

2018-06-10 17:31:38 - [MESSAGE][PASSED] - All options with index in [10] are selected on object 'Object Repository/lab/Page_Store/select_--Select--E.C.G. Jelly'

2018-06-10 17:31:38 - [TEST_STEP][PASSED] - delay: Delayed 2 second(s)

2018-06-10 17:31:40 - [MESSAGE][PASSED] - Delayed 2 second(s)

2018-06-10 17:31:40 - [TEST_STEP][PASSED] - Statement - RequestedQty = com.kms.katalon.core.webui.keyword.WebUiBuiltInKeywords.getAttribute(com.kms.katalon.core.testobject.ObjectRepository.findTestObject(lab/Page_Store/input_txttotal), "value"): Attribute 'value' of object 'Object Repository/lab/Page_Store/input_txttotal' is: '10'

2018-06-10 17:31:40 - [MESSAGE][PASSED] - Attribute 'value' of object 'Object Repository/lab/Page_Store/input_txttotal' is: '10'

2018-06-10 17:31:40 - [TEST_STEP][PASSED] - Statement - out.println("Requested QTY : " + RequestedQty): null

2018-06-10 17:31:40 - [TEST_STEP][PASSED] - Statement - BatchNumber = com.kms.katalon.core.webui.keyword.WebUiBuiltInKeywords.getNumberOfTotalOption(com.kms.katalon.core.testobject.ObjectRepository.findTestObject(lab/Page_Store/select_--Select--BA50)): 3 options of object 'Object Repository/lab/Page_Store/select_--Select--BA50' counted

2018-06-10 17:31:40 - [MESSAGE][PASSED] - 3 options of object 'Object Repository/lab/Page_Store/select_--Select--BA50' counted

2018-06-10 17:31:40 - [TEST_STEP][PASSED] - Statement - For ([g = 1, g <= BatchNumber - 1, (g++)]): null

2018-06-10 17:31:40 - [TEST_STEP][PASSED] - selectOptionByIndex: All options with index in [1] are selected on object 'Object Repository/lab/Page_Store/select_--Select--BA50'

2018-06-10 17:31:40 - [MESSAGE][PASSED] - All options with index in [1] are selected on object 'Object Repository/lab/Page_Store/select_--Select--BA50'

2018-06-10 17:31:40 - [TEST_STEP][PASSED] - delay: Delayed 2 second(s)

2018-06-10 17:31:42 - [MESSAGE][PASSED] - Delayed 2 second(s)

2018-06-10 17:31:42 - [TEST_STEP][PASSED] - Statement - StockQty = com.kms.katalon.core.webui.keyword.WebUiBuiltInKeywords.getAttribute(com.kms.katalon.core.testobject.ObjectRepository.findTestObject(lab/Page_Store/input_txtprice), "value"): Attribute 'value' of object 'Object Repository/lab/Page_Store/input_txtprice' is: '1530'

2018-06-10 17:31:42 - [MESSAGE][PASSED] - Attribute 'value' of object 'Object Repository/lab/Page_Store/input_txtprice' is: '1530'

2018-06-10 17:31:42 - [TEST_STEP][PASSED] - Statement - out.println("Stock QTY : " + StockQty): null

2018-06-10 17:31:42 - [TEST_STEP][PASSED] - delay: Delayed 1 second(s)

2018-06-10 17:31:43 - [MESSAGE][PASSED] - Delayed 1 second(s)

2018-06-10 17:31:43 - [TEST_STEP][PASSED] - Statement - If (java.lang.Integer.valueOf(StockQty) >= java.lang.Integer.valueOf(RequestedQty)): null

2018-06-10 17:31:43 - [TEST_STEP][PASSED] - Statement - out.println(" " + StockQty + " >= " + RequestedQty): null

2018-06-10 17:31:43 - [TEST_STEP][PASSED] - Statement - Try: null

2018-06-10 17:31:43 - [TEST_STEP][PASSED] - setText: Text '10' is set on object 'Object Repository/lab/Page_Store/input_txtqty'

2018-06-10 17:31:43 - [MESSAGE][PASSED] - Text '10' is set on object 'Object Repository/lab/Page_Store/input_txtqty'

2018-06-10 17:31:43 - [TEST_STEP][PASSED] - click: Object: 'Object Repository/lab/Page_Store/button_Add' is clicked on

2018-06-10 17:31:43 - [MESSAGE][PASSED] - Object: 'Object Repository/lab/Page_Store/button_Add' is clicked on

2018-06-10 17:31:43 - [TEST_STEP][PASSED] - Statement - Break: null

2018-06-10 17:31:43 - [TEST_STEP][PASSED] - selectOptionByIndex: All options with index in [11] are selected on object 'Object Repository/lab/Page_Store/select_--Select--E.C.G. Jelly'

2018-06-10 17:31:44 - [MESSAGE][PASSED] - All options with index in [11] are selected on object 'Object Repository/lab/Page_Store/select_--Select--E.C.G. Jelly'

2018-06-10 17:31:44 - [TEST_STEP][PASSED] - delay: Delayed 2 second(s)

2018-06-10 17:31:46 - [MESSAGE][PASSED] - Delayed 2 second(s)

2018-06-10 17:31:46 - [TEST_STEP][PASSED] - Statement - RequestedQty = com.kms.katalon.core.webui.keyword.WebUiBuiltInKeywords.getAttribute(com.kms.katalon.core.testobject.ObjectRepository.findTestObject(lab/Page_Store/input_txttotal), "value"): Attribute 'value' of object 'Object Repository/lab/Page_Store/input_txttotal' is: '10'

2018-06-10 17:31:46 - [MESSAGE][PASSED] - Attribute 'value' of object 'Object Repository/lab/Page_Store/input_txttotal' is: '10'

2018-06-10 17:31:46 - [TEST_STEP][PASSED] - Statement - out.println("Requested QTY : " + RequestedQty): null

2018-06-10 17:31:46 - [TEST_STEP][PASSED] - Statement - BatchNumber = com.kms.katalon.core.webui.keyword.WebUiBuiltInKeywords.getNumberOfTotalOption(com.kms.katalon.core.testobject.ObjectRepository.findTestObject(lab/Page_Store/select_--Select--BA50)): 3 options of object 'Object Repository/lab/Page_Store/select_--Select--BA50' counted

2018-06-10 17:31:46 - [MESSAGE][PASSED] - 3 options of object 'Object Repository/lab/Page_Store/select_--Select--BA50' counted

2018-06-10 17:31:46 - [TEST_STEP][PASSED] - Statement - For ([g = 1, g <= BatchNumber - 1, (g++)]): null

2018-06-10 17:31:46 - [TEST_STEP][PASSED] - selectOptionByIndex: All options with index in [1] are selected on object 'Object Repository/lab/Page_Store/select_--Select--BA50'

2018-06-10 17:31:46 - [MESSAGE][PASSED] - All options with index in [1] are selected on object 'Object Repository/lab/Page_Store/select_--Select--BA50'

2018-06-10 17:31:46 - [TEST_STEP][PASSED] - delay: Delayed 2 second(s)

2018-06-10 17:31:48 - [MESSAGE][PASSED] - Delayed 2 second(s)

2018-06-10 17:31:48 - [TEST_STEP][PASSED] - Statement - StockQty = com.kms.katalon.core.webui.keyword.WebUiBuiltInKeywords.getAttribute(com.kms.katalon.core.testobject.ObjectRepository.findTestObject(lab/Page_Store/input_txtprice), "value"): Attribute 'value' of object 'Object Repository/lab/Page_Store/input_txtprice' is: '1336'

2018-06-10 17:31:48 - [MESSAGE][PASSED] - Attribute 'value' of object 'Object Repository/lab/Page_Store/input_txtprice' is: '1336'

2018-06-10 17:31:48 - [TEST_STEP][PASSED] - Statement - out.println("Stock QTY : " + StockQty): null

2018-06-10 17:31:48 - [TEST_STEP][PASSED] - delay: Delayed 1 second(s)

2018-06-10 17:31:49 - [MESSAGE][PASSED] - Delayed 1 second(s)

2018-06-10 17:31:49 - [TEST_STEP][PASSED] - Statement - If (java.lang.Integer.valueOf(StockQty) >= java.lang.Integer.valueOf(RequestedQty)): null

2018-06-10 17:31:49 - [TEST_STEP][PASSED] - Statement - out.println(" " + StockQty + " >= " + RequestedQty): null

2018-06-10 17:31:49 - [TEST_STEP][PASSED] - Statement - Try: null

2018-06-10 17:31:49 - [TEST_STEP][PASSED] - setText: Text '10' is set on object 'Object Repository/lab/Page_Store/input_txtqty'

2018-06-10 17:31:49 - [MESSAGE][PASSED] - Text '10' is set on object 'Object Repository/lab/Page_Store/input_txtqty'

2018-06-10 17:31:49 - [TEST_STEP][PASSED] - click: Object: 'Object Repository/lab/Page_Store/button_Add' is clicked on

2018-06-10 17:31:49 - [MESSAGE][PASSED] - Object: 'Object Repository/lab/Page_Store/button_Add' is clicked on

2018-06-10 17:31:49 - [TEST_STEP][PASSED] - Statement - Break: null

2018-06-10 17:31:49 - [TEST_STEP][PASSED] - selectOptionByIndex: All options with index in [12] are selected on object 'Object Repository/lab/Page_Store/select_--Select--E.C.G. Jelly'

2018-06-10 17:31:49 - [MESSAGE][PASSED] - All options with index in [12] are selected on object 'Object Repository/lab/Page_Store/select_--Select--E.C.G. Jelly'

2018-06-10 17:31:49 - [TEST_STEP][PASSED] - delay: Delayed 2 second(s)

2018-06-10 17:31:51 - [MESSAGE][PASSED] - Delayed 2 second(s)

2018-06-10 17:31:51 - [TEST_STEP][PASSED] - Statement - RequestedQty = com.kms.katalon.core.webui.keyword.WebUiBuiltInKeywords.getAttribute(com.kms.katalon.core.testobject.ObjectRepository.findTestObject(lab/Page_Store/input_txttotal), "value"): Attribute 'value' of object 'Object Repository/lab/Page_Store/input_txttotal' is: '10'

2018-06-10 17:31:51 - [MESSAGE][PASSED] - Attribute 'value' of object 'Object Repository/lab/Page_Store/input_txttotal' is: '10'

2018-06-10 17:31:51 - [TEST_STEP][PASSED] - Statement - out.println("Requested QTY : " + RequestedQty): null

2018-06-10 17:31:51 - [TEST_STEP][PASSED] - Statement - BatchNumber = com.kms.katalon.core.webui.keyword.WebUiBuiltInKeywords.getNumberOfTotalOption(com.kms.katalon.core.testobject.ObjectRepository.findTestObject(lab/Page_Store/select_--Select--BA50)): 3 options of object 'Object Repository/lab/Page_Store/select_--Select--BA50' counted

2018-06-10 17:31:51 - [MESSAGE][PASSED] - 3 options of object 'Object Repository/lab/Page_Store/select_--Select--BA50' counted

2018-06-10 17:31:51 - [TEST_STEP][PASSED] - Statement - For ([g = 1, g <= BatchNumber - 1, (g++)]): null

2018-06-10 17:31:51 - [TEST_STEP][PASSED] - selectOptionByIndex: All options with index in [1] are selected on object 'Object Repository/lab/Page_Store/select_--Select--BA50'

2018-06-10 17:31:51 - [MESSAGE][PASSED] - All options with index in [1] are selected on object 'Object Repository/lab/Page_Store/select_--Select--BA50'

2018-06-10 17:31:51 - [TEST_STEP][PASSED] - delay: Delayed 2 second(s)

2018-06-10 17:31:53 - [MESSAGE][PASSED] - Delayed 2 second(s)

2018-06-10 17:31:53 - [TEST_STEP][PASSED] - Statement - StockQty = com.kms.katalon.core.webui.keyword.WebUiBuiltInKeywords.getAttribute(com.kms.katalon.core.testobject.ObjectRepository.findTestObject(lab/Page_Store/input_txtprice), "value"): Attribute 'value' of object 'Object Repository/lab/Page_Store/input_txtprice' is: '1495'

2018-06-10 17:31:53 - [MESSAGE][PASSED] - Attribute 'value' of object 'Object Repository/lab/Page_Store/input_txtprice' is: '1495'

2018-06-10 17:31:53 - [TEST_STEP][PASSED] - Statement - out.println("Stock QTY : " + StockQty): null

2018-06-10 17:31:53 - [TEST_STEP][PASSED] - delay: Delayed 1 second(s)

2018-06-10 17:31:54 - [MESSAGE][PASSED] - Delayed 1 second(s)

2018-06-10 17:31:54 - [TEST_STEP][PASSED] - Statement - If (java.lang.Integer.valueOf(StockQty) >= java.lang.Integer.valueOf(RequestedQty)): null

2018-06-10 17:31:54 - [TEST_STEP][PASSED] - Statement - out.println(" " + StockQty + " >= " + RequestedQty): null

2018-06-10 17:31:54 - [TEST_STEP][PASSED] - Statement - Try: null

2018-06-10 17:31:54 - [TEST_STEP][PASSED] - setText: Text '10' is set on object 'Object Repository/lab/Page_Store/input_txtqty'

2018-06-10 17:31:55 - [MESSAGE][PASSED] - Text '10' is set on object 'Object Repository/lab/Page_Store/input_txtqty'

2018-06-10 17:31:55 - [TEST_STEP][PASSED] - click: Object: 'Object Repository/lab/Page_Store/button_Add' is clicked on

2018-06-10 17:31:55 - [MESSAGE][PASSED] - Object: 'Object Repository/lab/Page_Store/button_Add' is clicked on

2018-06-10 17:31:55 - [TEST_STEP][PASSED] - Statement - Break: null

2018-06-10 17:31:55 - [TEST_STEP][PASSED] - selectOptionByIndex: All options with index in [13] are selected on object 'Object Repository/lab/Page_Store/select_--Select--E.C.G. Jelly'

2018-06-10 17:31:55 - [MESSAGE][PASSED] - All options with index in [13] are selected on object 'Object Repository/lab/Page_Store/select_--Select--E.C.G. Jelly'

2018-06-10 17:31:55 - [TEST_STEP][PASSED] - delay: Delayed 2 second(s)

2018-06-10 17:31:57 - [MESSAGE][PASSED] - Delayed 2 second(s)

2018-06-10 17:31:57 - [TEST_STEP][PASSED] - Statement - RequestedQty = com.kms.katalon.core.webui.keyword.WebUiBuiltInKeywords.getAttribute(com.kms.katalon.core.testobject.ObjectRepository.findTestObject(lab/Page_Store/input_txttotal), "value"): Attribute 'value' of object 'Object Repository/lab/Page_Store/input_txttotal' is: '10'

2018-06-10 17:31:57 - [MESSAGE][PASSED] - Attribute 'value' of object 'Object Repository/lab/Page_Store/input_txttotal' is: '10'

2018-06-10 17:31:57 - [TEST_STEP][PASSED] - Statement - out.println("Requested QTY : " + RequestedQty): null

2018-06-10 17:31:57 - [TEST_STEP][PASSED] - Statement - BatchNumber = com.kms.katalon.core.webui.keyword.WebUiBuiltInKeywords.getNumberOfTotalOption(com.kms.katalon.core.testobject.ObjectRepository.findTestObject(lab/Page_Store/select_--Select--BA50)): 3 options of object 'Object Repository/lab/Page_Store/select_--Select--BA50' counted

2018-06-10 17:31:57 - [MESSAGE][PASSED] - 3 options of object 'Object Repository/lab/Page_Store/select_--Select--BA50' counted

2018-06-10 17:31:57 - [TEST_STEP][PASSED] - Statement - For ([g = 1, g <= BatchNumber - 1, (g++)]): null

2018-06-10 17:31:57 - [TEST_STEP][PASSED] - selectOptionByIndex: All options with index in [1] are selected on object 'Object Repository/lab/Page_Store/select_--Select--BA50'

2018-06-10 17:31:57 - [MESSAGE][PASSED] - All options with index in [1] are selected on object 'Object Repository/lab/Page_Store/select_--Select--BA50'

2018-06-10 17:31:57 - [TEST_STEP][PASSED] - delay: Delayed 2 second(s)

2018-06-10 17:31:59 - [MESSAGE][PASSED] - Delayed 2 second(s)

2018-06-10 17:31:59 - [TEST_STEP][PASSED] - Statement - StockQty = com.kms.katalon.core.webui.keyword.WebUiBuiltInKeywords.getAttribute(com.kms.katalon.core.testobject.ObjectRepository.findTestObject(lab/Page_Store/input_txtprice), "value"): Attribute 'value' of object 'Object Repository/lab/Page_Store/input_txtprice' is: '755'

2018-06-10 17:31:59 - [MESSAGE][PASSED] - Attribute 'value' of object 'Object Repository/lab/Page_Store/input_txtprice' is: '755'

2018-06-10 17:31:59 - [TEST_STEP][PASSED] - Statement - out.println("Stock QTY : " + StockQty): null

2018-06-10 17:31:59 - [TEST_STEP][PASSED] - delay: Delayed 1 second(s)

2018-06-10 17:32:00 - [MESSAGE][PASSED] - Delayed 1 second(s)

2018-06-10 17:32:00 - [TEST_STEP][PASSED] - Statement - If (java.lang.Integer.valueOf(StockQty) >= java.lang.Integer.valueOf(RequestedQty)): null

2018-06-10 17:32:00 - [TEST_STEP][PASSED] - Statement - out.println(" " + StockQty + " >= " + RequestedQty): null

2018-06-10 17:32:00 - [TEST_STEP][PASSED] - Statement - Try: null

2018-06-10 17:32:00 - [TEST_STEP][PASSED] - setText: Text '10' is set on object 'Object Repository/lab/Page_Store/input_txtqty'

2018-06-10 17:32:00 - [MESSAGE][PASSED] - Text '10' is set on object 'Object Repository/lab/Page_Store/input_txtqty'

2018-06-10 17:32:00 - [TEST_STEP][PASSED] - click: Object: 'Object Repository/lab/Page_Store/button_Add' is clicked on

2018-06-10 17:32:00 - [MESSAGE][PASSED] - Object: 'Object Repository/lab/Page_Store/button_Add' is clicked on

2018-06-10 17:32:00 - [TEST_STEP][PASSED] - Statement - Break: null

2018-06-10 17:32:00 - [TEST_STEP][PASSED] - selectOptionByIndex: All options with index in [14] are selected on object 'Object Repository/lab/Page_Store/select_--Select--E.C.G. Jelly'

2018-06-10 17:32:01 - [MESSAGE][PASSED] - All options with index in [14] are selected on object 'Object Repository/lab/Page_Store/select_--Select--E.C.G. Jelly'

2018-06-10 17:32:01 - [TEST_STEP][PASSED] - delay: Delayed 2 second(s)

2018-06-10 17:32:03 - [MESSAGE][PASSED] - Delayed 2 second(s)

2018-06-10 17:32:03 - [TEST_STEP][PASSED] - Statement - RequestedQty = com.kms.katalon.core.webui.keyword.WebUiBuiltInKeywords.getAttribute(com.kms.katalon.core.testobject.ObjectRepository.findTestObject(lab/Page_Store/input_txttotal), "value"): Attribute 'value' of object 'Object Repository/lab/Page_Store/input_txttotal' is: '10'

2018-06-10 17:32:03 - [MESSAGE][PASSED] - Attribute 'value' of object 'Object Repository/lab/Page_Store/input_txttotal' is: '10'

2018-06-10 17:32:03 - [TEST_STEP][PASSED] - Statement - out.println("Requested QTY : " + RequestedQty): null

2018-06-10 17:32:03 - [TEST_STEP][PASSED] - Statement - BatchNumber = com.kms.katalon.core.webui.keyword.WebUiBuiltInKeywords.getNumberOfTotalOption(com.kms.katalon.core.testobject.ObjectRepository.findTestObject(lab/Page_Store/select_--Select--BA50)): 3 options of object 'Object Repository/lab/Page_Store/select_--Select--BA50' counted

2018-06-10 17:32:03 - [MESSAGE][PASSED] - 3 options of object 'Object Repository/lab/Page_Store/select_--Select--BA50' counted

2018-06-10 17:32:03 - [TEST_STEP][PASSED] - Statement - For ([g = 1, g <= BatchNumber - 1, (g++)]): null

2018-06-10 17:32:03 - [TEST_STEP][PASSED] - selectOptionByIndex: All options with index in [1] are selected on object 'Object Repository/lab/Page_Store/select_--Select--BA50'

2018-06-10 17:32:03 - [MESSAGE][PASSED] - All options with index in [1] are selected on object 'Object Repository/lab/Page_Store/select_--Select--BA50'

2018-06-10 17:32:03 - [TEST_STEP][PASSED] - delay: Delayed 2 second(s)

2018-06-10 17:32:05 - [MESSAGE][PASSED] - Delayed 2 second(s)

2018-06-10 17:32:05 - [TEST_STEP][PASSED] - Statement - StockQty = com.kms.katalon.core.webui.keyword.WebUiBuiltInKeywords.getAttribute(com.kms.katalon.core.testobject.ObjectRepository.findTestObject(lab/Page_Store/input_txtprice), "value"): Attribute 'value' of object 'Object Repository/lab/Page_Store/input_txtprice' is: '1520'

2018-06-10 17:32:05 - [MESSAGE][PASSED] - Attribute 'value' of object 'Object Repository/lab/Page_Store/input_txtprice' is: '1520'

2018-06-10 17:32:05 - [TEST_STEP][PASSED] - Statement - out.println("Stock QTY : " + StockQty): null

2018-06-10 17:32:05 - [TEST_STEP][PASSED] - delay: Delayed 1 second(s)

2018-06-10 17:32:06 - [MESSAGE][PASSED] - Delayed 1 second(s)

2018-06-10 17:32:06 - [TEST_STEP][PASSED] - Statement - If (java.lang.Integer.valueOf(StockQty) >= java.lang.Integer.valueOf(RequestedQty)): null

2018-06-10 17:32:06 - [TEST_STEP][PASSED] - Statement - out.println(" " + StockQty + " >= " + RequestedQty): null

2018-06-10 17:32:06 - [TEST_STEP][PASSED] - Statement - Try: null

2018-06-10 17:32:06 - [TEST_STEP][PASSED] - setText: Text '10' is set on object 'Object Repository/lab/Page_Store/input_txtqty'

2018-06-10 17:32:06 - [MESSAGE][PASSED] - Text '10' is set on object 'Object Repository/lab/Page_Store/input_txtqty'

2018-06-10 17:32:06 - [TEST_STEP][PASSED] - click: Object: 'Object Repository/lab/Page_Store/button_Add' is clicked on

2018-06-10 17:32:06 - [MESSAGE][PASSED] - Object: 'Object Repository/lab/Page_Store/button_Add' is clicked on

2018-06-10 17:32:06 - [TEST_STEP][PASSED] - Statement - Break: null

2018-06-10 17:32:06 - [TEST_STEP][PASSED] - selectOptionByIndex: All options with index in [15] are selected on object 'Object Repository/lab/Page_Store/select_--Select--E.C.G. Jelly'

2018-06-10 17:32:06 - [MESSAGE][PASSED] - All options with index in [15] are selected on object 'Object Repository/lab/Page_Store/select_--Select--E.C.G. Jelly'

2018-06-10 17:32:06 - [TEST_STEP][PASSED] - delay: Delayed 2 second(s)

2018-06-10 17:32:08 - [MESSAGE][PASSED] - Delayed 2 second(s)

2018-06-10 17:32:08 - [TEST_STEP][PASSED] - Statement - RequestedQty = com.kms.katalon.core.webui.keyword.WebUiBuiltInKeywords.getAttribute(com.kms.katalon.core.testobject.ObjectRepository.findTestObject(lab/Page_Store/input_txttotal), "value"): Attribute 'value' of object 'Object Repository/lab/Page_Store/input_txttotal' is: '10'

2018-06-10 17:32:08 - [MESSAGE][PASSED] - Attribute 'value' of object 'Object Repository/lab/Page_Store/input_txttotal' is: '10'

2018-06-10 17:32:08 - [TEST_STEP][PASSED] - Statement - out.println("Requested QTY : " + RequestedQty): null

2018-06-10 17:32:08 - [TEST_STEP][PASSED] - Statement - BatchNumber = com.kms.katalon.core.webui.keyword.WebUiBuiltInKeywords.getNumberOfTotalOption(com.kms.katalon.core.testobject.ObjectRepository.findTestObject(lab/Page_Store/select_--Select--BA50)): 3 options of object 'Object Repository/lab/Page_Store/select_--Select--BA50' counted

2018-06-10 17:32:08 - [MESSAGE][PASSED] - 3 options of object 'Object Repository/lab/Page_Store/select_--Select--BA50' counted

2018-06-10 17:32:08 - [TEST_STEP][PASSED] - Statement - For ([g = 1, g <= BatchNumber - 1, (g++)]): null

2018-06-10 17:32:08 - [TEST_STEP][PASSED] - selectOptionByIndex: All options with index in [1] are selected on object 'Object Repository/lab/Page_Store/select_--Select--BA50'

2018-06-10 17:32:08 - [MESSAGE][PASSED] - All options with index in [1] are selected on object 'Object Repository/lab/Page_Store/select_--Select--BA50'

2018-06-10 17:32:08 - [TEST_STEP][PASSED] - delay: Delayed 2 second(s)

2018-06-10 17:32:10 - [MESSAGE][PASSED] - Delayed 2 second(s)

2018-06-10 17:32:10 - [TEST_STEP][PASSED] - Statement - StockQty = com.kms.katalon.core.webui.keyword.WebUiBuiltInKeywords.getAttribute(com.kms.katalon.core.testobject.ObjectRepository.findTestObject(lab/Page_Store/input_txtprice), "value"): Attribute 'value' of object 'Object Repository/lab/Page_Store/input_txtprice' is: '1520'

2018-06-10 17:32:10 - [MESSAGE][PASSED] - Attribute 'value' of object 'Object Repository/lab/Page_Store/input_txtprice' is: '1520'

2018-06-10 17:32:10 - [TEST_STEP][PASSED] - Statement - out.println("Stock QTY : " + StockQty): null

2018-06-10 17:32:10 - [TEST_STEP][PASSED] - delay: Delayed 1 second(s)

2018-06-10 17:32:11 - [MESSAGE][PASSED] - Delayed 1 second(s)

2018-06-10 17:32:11 - [TEST_STEP][PASSED] - Statement - If (java.lang.Integer.valueOf(StockQty) >= java.lang.Integer.valueOf(RequestedQty)): null

2018-06-10 17:32:11 - [TEST_STEP][PASSED] - Statement - out.println(" " + StockQty + " >= " + RequestedQty): null

2018-06-10 17:32:11 - [TEST_STEP][PASSED] - Statement - Try: null

2018-06-10 17:32:11 - [TEST_STEP][PASSED] - setText: Text '10' is set on object 'Object Repository/lab/Page_Store/input_txtqty'

2018-06-10 17:32:12 - [MESSAGE][PASSED] - Text '10' is set on object 'Object Repository/lab/Page_Store/input_txtqty'

2018-06-10 17:32:12 - [TEST_STEP][PASSED] - click: Object: 'Object Repository/lab/Page_Store/button_Add' is clicked on

2018-06-10 17:32:12 - [MESSAGE][PASSED] - Object: 'Object Repository/lab/Page_Store/button_Add' is clicked on

2018-06-10 17:32:12 - [TEST_STEP][PASSED] - Statement - Break: null

2018-06-10 17:32:12 - [TEST_STEP][PASSED] - selectOptionByIndex: All options with index in [16] are selected on object 'Object Repository/lab/Page_Store/select_--Select--E.C.G. Jelly'

2018-06-10 17:32:12 - [MESSAGE][PASSED] - All options with index in [16] are selected on object 'Object Repository/lab/Page_Store/select_--Select--E.C.G. Jelly'

2018-06-10 17:32:12 - [TEST_STEP][PASSED] - delay: Delayed 2 second(s)

2018-06-10 17:32:14 - [MESSAGE][PASSED] - Delayed 2 second(s)

2018-06-10 17:32:14 - [TEST_STEP][PASSED] - Statement - RequestedQty = com.kms.katalon.core.webui.keyword.WebUiBuiltInKeywords.getAttribute(com.kms.katalon.core.testobject.ObjectRepository.findTestObject(lab/Page_Store/input_txttotal), "value"): Attribute 'value' of object 'Object Repository/lab/Page_Store/input_txttotal' is: '10'

2018-06-10 17:32:14 - [MESSAGE][PASSED] - Attribute 'value' of object 'Object Repository/lab/Page_Store/input_txttotal' is: '10'

2018-06-10 17:32:14 - [TEST_STEP][PASSED] - Statement - out.println("Requested QTY : " + RequestedQty): null

2018-06-10 17:32:14 - [TEST_STEP][PASSED] - Statement - BatchNumber = com.kms.katalon.core.webui.keyword.WebUiBuiltInKeywords.getNumberOfTotalOption(com.kms.katalon.core.testobject.ObjectRepository.findTestObject(lab/Page_Store/select_--Select--BA50)): 2 options of object 'Object Repository/lab/Page_Store/select_--Select--BA50' counted

2018-06-10 17:32:14 - [MESSAGE][PASSED] - 2 options of object 'Object Repository/lab/Page_Store/select_--Select--BA50' counted

2018-06-10 17:32:14 - [TEST_STEP][PASSED] - Statement - For ([g = 1, g <= BatchNumber - 1, (g++)]): null

2018-06-10 17:32:14 - [TEST_STEP][PASSED] - selectOptionByIndex: All options with index in [1] are selected on object 'Object Repository/lab/Page_Store/select_--Select--BA50'

2018-06-10 17:32:14 - [MESSAGE][PASSED] - All options with index in [1] are selected on object 'Object Repository/lab/Page_Store/select_--Select--BA50'

2018-06-10 17:32:14 - [TEST_STEP][PASSED] - delay: Delayed 2 second(s)

2018-06-10 17:32:16 - [MESSAGE][PASSED] - Delayed 2 second(s)

2018-06-10 17:32:16 - [TEST_STEP][PASSED] - Statement - StockQty = com.kms.katalon.core.webui.keyword.WebUiBuiltInKeywords.getAttribute(com.kms.katalon.core.testobject.ObjectRepository.findTestObject(lab/Page_Store/input_txtprice), "value"): Attribute 'value' of object 'Object Repository/lab/Page_Store/input_txtprice' is: '755'

2018-06-10 17:32:16 - [MESSAGE][PASSED] - Attribute 'value' of object 'Object Repository/lab/Page_Store/input_txtprice' is: '755'

2018-06-10 17:32:16 - [TEST_STEP][PASSED] - Statement - out.println("Stock QTY : " + StockQty): null

2018-06-10 17:32:16 - [TEST_STEP][PASSED] - delay: Delayed 1 second(s)

2018-06-10 17:32:17 - [MESSAGE][PASSED] - Delayed 1 second(s)

2018-06-10 17:32:17 - [TEST_STEP][PASSED] - Statement - If (java.lang.Integer.valueOf(StockQty) >= java.lang.Integer.valueOf(RequestedQty)): null

2018-06-10 17:32:17 - [TEST_STEP][PASSED] - Statement - out.println(" " + StockQty + " >= " + RequestedQty): null

2018-06-10 17:32:17 - [TEST_STEP][PASSED] - Statement - Try: null

2018-06-10 17:32:17 - [TEST_STEP][PASSED] - setText: Text '10' is set on object 'Object Repository/lab/Page_Store/input_txtqty'

2018-06-10 17:32:17 - [MESSAGE][PASSED] - Text '10' is set on object 'Object Repository/lab/Page_Store/input_txtqty'

2018-06-10 17:32:17 - [TEST_STEP][PASSED] - click: Object: 'Object Repository/lab/Page_Store/button_Add' is clicked on

2018-06-10 17:32:17 - [MESSAGE][PASSED] - Object: 'Object Repository/lab/Page_Store/button_Add' is clicked on

2018-06-10 17:32:17 - [TEST_STEP][PASSED] - Statement - Break: null

2018-06-10 17:32:17 - [TEST_STEP][PASSED] - scrollToElement: Scroll to object 'Object Repository/lab/Page_Store/input_btnSubmit' successfully

2018-06-10 17:32:17 - [MESSAGE][PASSED] - Scroll to object 'Object Repository/lab/Page_Store/input_btnSubmit' successfully

2018-06-10 17:32:17 - [TEST_STEP][PASSED] - Statement - Try: Object: 'Object Repository/lab/Page_Store/button_OK' is clicked on

2018-06-10 17:32:17 - [TEST_STEP][PASSED] - click: Object: 'Object Repository/lab/Page_Store/input_btnSubmit' is clicked on

2018-06-10 17:32:17 - [MESSAGE][PASSED] - Object: 'Object Repository/lab/Page_Store/input_btnSubmit' is clicked on

2018-06-10 17:32:17 - [TEST_STEP][PASSED] - delay: Delayed 3 second(s)

2018-06-10 17:32:20 - [MESSAGE][PASSED] - Delayed 3 second(s)

2018-06-10 17:32:20 - [TEST_STEP][PASSED] - click: Object: 'Object Repository/lab/Page_Store/button_OK' is clicked on

2018-06-10 17:32:21 - [MESSAGE][PASSED] - Object: 'Object Repository/lab/Page_Store/button_OK' is clicked on

2018-06-10 17:32:21 - [TEST_STEP][PASSED] - delay: Delayed 3 second(s)

2018-06-10 17:32:24 - [MESSAGE][PASSED] - Delayed 3 second(s)

2018-06-10 17:32:24 - [TEST_STEP][PASSED] - click: Object: 'Object Repository/lab/Page_Store/a_dropdown-toggle' is clicked on

2018-06-10 17:32:24 - [MESSAGE][PASSED] - Object: 'Object Repository/lab/Page_Store/a_dropdown-toggle' is clicked on

2018-06-10 17:32:24 - [TEST_STEP][PASSED] - click: Object: 'Object Repository/lab/Page_Store/a_Sign out' is clicked on

2018-06-10 17:32:25 - [MESSAGE][PASSED] - Object: 'Object Repository/lab/Page_Store/a_Sign out' is clicked on

2018-06-10 17:32:25 - [TEST_STEP][PASSED] - closeBrowser: Browser is closed

2018-06-10 17:32:26 - [MESSAGE][PASSED] - Browser is closed

2018-06-10 17:32:26 - [TEST_STEP][PASSED] - Statement - out.println("Schedule 5 Investigation Request Are Working Successfully"): null]]></system-out>
         <system-err><![CDATA[]]></system-err>
      </testcase>
      <testcase name="Test Cases/INVESTIGATION TEST CASES/TC_INV_003 Verify Schedule 6 Investigation Request Are Working Successfully Or Not" classname="Test Cases/INVESTIGATION TEST CASES/TC_INV_003 Verify Schedule 6 Investigation Request Are Working Successfully Or Not" status="PASSED">
         <system-out><![CDATA[2018-06-10 17:32:26 - [TEST_CASE][PASSED] - Test Cases/INVESTIGATION TEST CASES/TC_INV_003 Verify Schedule 6 Investigation Request Are Working Successfully Or Not: Test Cases/INVESTIGATION TEST CASES/TC_INV_003 Verify Schedule 6 Investigation Request Are Working Successfully Or Not

2018-06-10 17:32:26 - [TEST_STEP][PASSED] - openBrowser: Browser is opened with url: ''

2018-06-10 17:32:28 - [MESSAGE][PASSED] - Browser is opened with url: ''

2018-06-10 17:32:28 - [TEST_STEP][PASSED] - navigateToUrl: Navigate to 'http://192.168.137.1/multihospital_new/' successfully

2018-06-10 17:32:29 - [MESSAGE][PASSED] - Navigate to 'http://192.168.137.1/multihospital_new/' successfully

2018-06-10 17:32:29 - [TEST_STEP][PASSED] - Statement - out.println(" Verify Schedule 6 Investigation Request Are Working Successfully Or Not"): null

2018-06-10 17:32:29 - [TEST_STEP][PASSED] - maximizeWindow: Current window maximized

2018-06-10 17:32:31 - [MESSAGE][PASSED] - Current window maximized

2018-06-10 17:32:31 - [TEST_STEP][PASSED] - click: Object: 'Object Repository/lab/Page_KDMC/a_Investigation' is clicked on

2018-06-10 17:32:31 - [MESSAGE][PASSED] - Object: 'Object Repository/lab/Page_KDMC/a_Investigation' is clicked on

2018-06-10 17:32:31 - [TEST_STEP][PASSED] - setText: Text 'manoj' is set on object 'Object Repository/lab/Page_Investigation login/input_txtusername'

2018-06-10 17:32:31 - [MESSAGE][PASSED] - Text 'manoj' is set on object 'Object Repository/lab/Page_Investigation login/input_txtusername'

2018-06-10 17:32:31 - [TEST_STEP][PASSED] - setText: Text '123' is set on object 'Object Repository/lab/Page_Investigation login/input_txtpassword'

2018-06-10 17:32:31 - [MESSAGE][PASSED] - Text '123' is set on object 'Object Repository/lab/Page_Investigation login/input_txtpassword'

2018-06-10 17:32:31 - [TEST_STEP][PASSED] - delay: Delayed 3 second(s)

2018-06-10 17:32:34 - [MESSAGE][PASSED] - Delayed 3 second(s)

2018-06-10 17:32:34 - [TEST_STEP][PASSED] - click: Object: 'Object Repository/lab/Page_Investigation login/button_Sign in' is clicked on

2018-06-10 17:32:35 - [MESSAGE][PASSED] - Object: 'Object Repository/lab/Page_Investigation login/button_Sign in' is clicked on

2018-06-10 17:32:35 - [TEST_STEP][PASSED] - click: Object: 'Object Repository/lab/Page_KDMC/a_Store Request' is clicked on

2018-06-10 17:32:37 - [MESSAGE][PASSED] - Object: 'Object Repository/lab/Page_KDMC/a_Store Request' is clicked on

2018-06-10 17:32:37 - [TEST_STEP][PASSED] - delay: Delayed 2 second(s)

2018-06-10 17:32:39 - [MESSAGE][PASSED] - Delayed 2 second(s)

2018-06-10 17:32:39 - [TEST_STEP][PASSED] - click: Object: 'Object Repository/lab/Page_KDMC/a_Medicine Request' is clicked on

2018-06-10 17:32:39 - [MESSAGE][PASSED] - Object: 'Object Repository/lab/Page_KDMC/a_Medicine Request' is clicked on

2018-06-10 17:32:39 - [TEST_STEP][PASSED] - selectOptionByIndex: All options with index in [3] are selected on object 'Object Repository/lab/Page_KDMC/select_--Select--Schedule 4X-r'

2018-06-10 17:32:40 - [MESSAGE][PASSED] - All options with index in [3] are selected on object 'Object Repository/lab/Page_KDMC/select_--Select--Schedule 4X-r'

2018-06-10 17:32:40 - [TEST_STEP][PASSED] - Statement - medicineslength = com.kms.katalon.core.webui.keyword.WebUiBuiltInKeywords.getNumberOfTotalOption(com.kms.katalon.core.testobject.ObjectRepository.findTestObject(lab/Page_KDMC/select_--Select--Automatic x-r)): 14 options of object 'Object Repository/lab/Page_KDMC/select_--Select--Automatic x-r' counted

2018-06-10 17:32:40 - [MESSAGE][PASSED] - 14 options of object 'Object Repository/lab/Page_KDMC/select_--Select--Automatic x-r' counted

2018-06-10 17:32:40 - [TEST_STEP][PASSED] - Statement - For ([e = 1, e < medicineslength, (e++)]): Object: 'Object Repository/lab/Page_KDMC/button_Add' is clicked on

2018-06-10 17:32:40 - [TEST_STEP][PASSED] - selectOptionByIndex: All options with index in [3] are selected on object 'Object Repository/lab/Page_KDMC/select_--Select--Schedule 4X-r'

2018-06-10 17:32:40 - [MESSAGE][PASSED] - All options with index in [3] are selected on object 'Object Repository/lab/Page_KDMC/select_--Select--Schedule 4X-r'

2018-06-10 17:32:40 - [TEST_STEP][PASSED] - selectOptionByIndex: All options with index in [1] are selected on object 'Object Repository/lab/Page_KDMC/select_--Select--Automatic x-r'

2018-06-10 17:32:40 - [MESSAGE][PASSED] - All options with index in [1] are selected on object 'Object Repository/lab/Page_KDMC/select_--Select--Automatic x-r'

2018-06-10 17:32:40 - [TEST_STEP][PASSED] - setText: Text '10' is set on object 'Object Repository/lab/Page_KDMC/input_txttreat'

2018-06-10 17:32:40 - [MESSAGE][PASSED] - Text '10' is set on object 'Object Repository/lab/Page_KDMC/input_txttreat'

2018-06-10 17:32:40 - [TEST_STEP][PASSED] - click: Object: 'Object Repository/lab/Page_KDMC/button_Add' is clicked on

2018-06-10 17:32:40 - [MESSAGE][PASSED] - Object: 'Object Repository/lab/Page_KDMC/button_Add' is clicked on

2018-06-10 17:32:40 - [TEST_STEP][PASSED] - selectOptionByIndex: All options with index in [3] are selected on object 'Object Repository/lab/Page_KDMC/select_--Select--Schedule 4X-r'

2018-06-10 17:32:40 - [MESSAGE][PASSED] - All options with index in [3] are selected on object 'Object Repository/lab/Page_KDMC/select_--Select--Schedule 4X-r'

2018-06-10 17:32:40 - [TEST_STEP][PASSED] - selectOptionByIndex: All options with index in [2] are selected on object 'Object Repository/lab/Page_KDMC/select_--Select--Automatic x-r'

2018-06-10 17:32:41 - [MESSAGE][PASSED] - All options with index in [2] are selected on object 'Object Repository/lab/Page_KDMC/select_--Select--Automatic x-r'

2018-06-10 17:32:41 - [TEST_STEP][PASSED] - setText: Text '10' is set on object 'Object Repository/lab/Page_KDMC/input_txttreat'

2018-06-10 17:32:41 - [MESSAGE][PASSED] - Text '10' is set on object 'Object Repository/lab/Page_KDMC/input_txttreat'

2018-06-10 17:32:41 - [TEST_STEP][PASSED] - click: Object: 'Object Repository/lab/Page_KDMC/button_Add' is clicked on

2018-06-10 17:32:41 - [MESSAGE][PASSED] - Object: 'Object Repository/lab/Page_KDMC/button_Add' is clicked on

2018-06-10 17:32:41 - [TEST_STEP][PASSED] - selectOptionByIndex: All options with index in [3] are selected on object 'Object Repository/lab/Page_KDMC/select_--Select--Schedule 4X-r'

2018-06-10 17:32:41 - [MESSAGE][PASSED] - All options with index in [3] are selected on object 'Object Repository/lab/Page_KDMC/select_--Select--Schedule 4X-r'

2018-06-10 17:32:41 - [TEST_STEP][PASSED] - selectOptionByIndex: All options with index in [3] are selected on object 'Object Repository/lab/Page_KDMC/select_--Select--Automatic x-r'

2018-06-10 17:32:41 - [MESSAGE][PASSED] - All options with index in [3] are selected on object 'Object Repository/lab/Page_KDMC/select_--Select--Automatic x-r'

2018-06-10 17:32:41 - [TEST_STEP][PASSED] - setText: Text '10' is set on object 'Object Repository/lab/Page_KDMC/input_txttreat'

2018-06-10 17:32:41 - [MESSAGE][PASSED] - Text '10' is set on object 'Object Repository/lab/Page_KDMC/input_txttreat'

2018-06-10 17:32:41 - [TEST_STEP][PASSED] - click: Object: 'Object Repository/lab/Page_KDMC/button_Add' is clicked on

2018-06-10 17:32:41 - [MESSAGE][PASSED] - Object: 'Object Repository/lab/Page_KDMC/button_Add' is clicked on

2018-06-10 17:32:41 - [TEST_STEP][PASSED] - selectOptionByIndex: All options with index in [3] are selected on object 'Object Repository/lab/Page_KDMC/select_--Select--Schedule 4X-r'

2018-06-10 17:32:41 - [MESSAGE][PASSED] - All options with index in [3] are selected on object 'Object Repository/lab/Page_KDMC/select_--Select--Schedule 4X-r'

2018-06-10 17:32:41 - [TEST_STEP][PASSED] - selectOptionByIndex: All options with index in [4] are selected on object 'Object Repository/lab/Page_KDMC/select_--Select--Automatic x-r'

2018-06-10 17:32:41 - [MESSAGE][PASSED] - All options with index in [4] are selected on object 'Object Repository/lab/Page_KDMC/select_--Select--Automatic x-r'

2018-06-10 17:32:41 - [TEST_STEP][PASSED] - setText: Text '10' is set on object 'Object Repository/lab/Page_KDMC/input_txttreat'

2018-06-10 17:32:42 - [MESSAGE][PASSED] - Text '10' is set on object 'Object Repository/lab/Page_KDMC/input_txttreat'

2018-06-10 17:32:42 - [TEST_STEP][PASSED] - click: Object: 'Object Repository/lab/Page_KDMC/button_Add' is clicked on

2018-06-10 17:32:42 - [MESSAGE][PASSED] - Object: 'Object Repository/lab/Page_KDMC/button_Add' is clicked on

2018-06-10 17:32:42 - [TEST_STEP][PASSED] - selectOptionByIndex: All options with index in [3] are selected on object 'Object Repository/lab/Page_KDMC/select_--Select--Schedule 4X-r'

2018-06-10 17:32:42 - [MESSAGE][PASSED] - All options with index in [3] are selected on object 'Object Repository/lab/Page_KDMC/select_--Select--Schedule 4X-r'

2018-06-10 17:32:42 - [TEST_STEP][PASSED] - selectOptionByIndex: All options with index in [5] are selected on object 'Object Repository/lab/Page_KDMC/select_--Select--Automatic x-r'

2018-06-10 17:32:42 - [MESSAGE][PASSED] - All options with index in [5] are selected on object 'Object Repository/lab/Page_KDMC/select_--Select--Automatic x-r'

2018-06-10 17:32:42 - [TEST_STEP][PASSED] - setText: Text '10' is set on object 'Object Repository/lab/Page_KDMC/input_txttreat'

2018-06-10 17:32:42 - [MESSAGE][PASSED] - Text '10' is set on object 'Object Repository/lab/Page_KDMC/input_txttreat'

2018-06-10 17:32:42 - [TEST_STEP][PASSED] - click: Object: 'Object Repository/lab/Page_KDMC/button_Add' is clicked on

2018-06-10 17:32:42 - [MESSAGE][PASSED] - Object: 'Object Repository/lab/Page_KDMC/button_Add' is clicked on

2018-06-10 17:32:42 - [TEST_STEP][PASSED] - selectOptionByIndex: All options with index in [3] are selected on object 'Object Repository/lab/Page_KDMC/select_--Select--Schedule 4X-r'

2018-06-10 17:32:42 - [MESSAGE][PASSED] - All options with index in [3] are selected on object 'Object Repository/lab/Page_KDMC/select_--Select--Schedule 4X-r'

2018-06-10 17:32:42 - [TEST_STEP][PASSED] - selectOptionByIndex: All options with index in [6] are selected on object 'Object Repository/lab/Page_KDMC/select_--Select--Automatic x-r'

2018-06-10 17:32:42 - [MESSAGE][PASSED] - All options with index in [6] are selected on object 'Object Repository/lab/Page_KDMC/select_--Select--Automatic x-r'

2018-06-10 17:32:42 - [TEST_STEP][PASSED] - setText: Text '10' is set on object 'Object Repository/lab/Page_KDMC/input_txttreat'

2018-06-10 17:32:43 - [MESSAGE][PASSED] - Text '10' is set on object 'Object Repository/lab/Page_KDMC/input_txttreat'

2018-06-10 17:32:43 - [TEST_STEP][PASSED] - click: Object: 'Object Repository/lab/Page_KDMC/button_Add' is clicked on

2018-06-10 17:32:43 - [MESSAGE][PASSED] - Object: 'Object Repository/lab/Page_KDMC/button_Add' is clicked on

2018-06-10 17:32:43 - [TEST_STEP][PASSED] - selectOptionByIndex: All options with index in [3] are selected on object 'Object Repository/lab/Page_KDMC/select_--Select--Schedule 4X-r'

2018-06-10 17:32:43 - [MESSAGE][PASSED] - All options with index in [3] are selected on object 'Object Repository/lab/Page_KDMC/select_--Select--Schedule 4X-r'

2018-06-10 17:32:43 - [TEST_STEP][PASSED] - selectOptionByIndex: All options with index in [7] are selected on object 'Object Repository/lab/Page_KDMC/select_--Select--Automatic x-r'

2018-06-10 17:32:43 - [MESSAGE][PASSED] - All options with index in [7] are selected on object 'Object Repository/lab/Page_KDMC/select_--Select--Automatic x-r'

2018-06-10 17:32:43 - [TEST_STEP][PASSED] - setText: Text '10' is set on object 'Object Repository/lab/Page_KDMC/input_txttreat'

2018-06-10 17:32:43 - [MESSAGE][PASSED] - Text '10' is set on object 'Object Repository/lab/Page_KDMC/input_txttreat'

2018-06-10 17:32:43 - [TEST_STEP][PASSED] - click: Object: 'Object Repository/lab/Page_KDMC/button_Add' is clicked on

2018-06-10 17:32:43 - [MESSAGE][PASSED] - Object: 'Object Repository/lab/Page_KDMC/button_Add' is clicked on

2018-06-10 17:32:43 - [TEST_STEP][PASSED] - selectOptionByIndex: All options with index in [3] are selected on object 'Object Repository/lab/Page_KDMC/select_--Select--Schedule 4X-r'

2018-06-10 17:32:43 - [MESSAGE][PASSED] - All options with index in [3] are selected on object 'Object Repository/lab/Page_KDMC/select_--Select--Schedule 4X-r'

2018-06-10 17:32:43 - [TEST_STEP][PASSED] - selectOptionByIndex: All options with index in [8] are selected on object 'Object Repository/lab/Page_KDMC/select_--Select--Automatic x-r'

2018-06-10 17:32:43 - [MESSAGE][PASSED] - All options with index in [8] are selected on object 'Object Repository/lab/Page_KDMC/select_--Select--Automatic x-r'

2018-06-10 17:32:43 - [TEST_STEP][PASSED] - setText: Text '10' is set on object 'Object Repository/lab/Page_KDMC/input_txttreat'

2018-06-10 17:32:43 - [MESSAGE][PASSED] - Text '10' is set on object 'Object Repository/lab/Page_KDMC/input_txttreat'

2018-06-10 17:32:43 - [TEST_STEP][PASSED] - click: Object: 'Object Repository/lab/Page_KDMC/button_Add' is clicked on

2018-06-10 17:32:44 - [MESSAGE][PASSED] - Object: 'Object Repository/lab/Page_KDMC/button_Add' is clicked on

2018-06-10 17:32:44 - [TEST_STEP][PASSED] - selectOptionByIndex: All options with index in [3] are selected on object 'Object Repository/lab/Page_KDMC/select_--Select--Schedule 4X-r'

2018-06-10 17:32:44 - [MESSAGE][PASSED] - All options with index in [3] are selected on object 'Object Repository/lab/Page_KDMC/select_--Select--Schedule 4X-r'

2018-06-10 17:32:44 - [TEST_STEP][PASSED] - selectOptionByIndex: All options with index in [9] are selected on object 'Object Repository/lab/Page_KDMC/select_--Select--Automatic x-r'

2018-06-10 17:32:44 - [MESSAGE][PASSED] - All options with index in [9] are selected on object 'Object Repository/lab/Page_KDMC/select_--Select--Automatic x-r'

2018-06-10 17:32:44 - [TEST_STEP][PASSED] - setText: Text '10' is set on object 'Object Repository/lab/Page_KDMC/input_txttreat'

2018-06-10 17:32:44 - [MESSAGE][PASSED] - Text '10' is set on object 'Object Repository/lab/Page_KDMC/input_txttreat'

2018-06-10 17:32:44 - [TEST_STEP][PASSED] - click: Object: 'Object Repository/lab/Page_KDMC/button_Add' is clicked on

2018-06-10 17:32:44 - [MESSAGE][PASSED] - Object: 'Object Repository/lab/Page_KDMC/button_Add' is clicked on

2018-06-10 17:32:44 - [TEST_STEP][PASSED] - selectOptionByIndex: All options with index in [3] are selected on object 'Object Repository/lab/Page_KDMC/select_--Select--Schedule 4X-r'

2018-06-10 17:32:44 - [MESSAGE][PASSED] - All options with index in [3] are selected on object 'Object Repository/lab/Page_KDMC/select_--Select--Schedule 4X-r'

2018-06-10 17:32:44 - [TEST_STEP][PASSED] - selectOptionByIndex: All options with index in [10] are selected on object 'Object Repository/lab/Page_KDMC/select_--Select--Automatic x-r'

2018-06-10 17:32:44 - [MESSAGE][PASSED] - All options with index in [10] are selected on object 'Object Repository/lab/Page_KDMC/select_--Select--Automatic x-r'

2018-06-10 17:32:44 - [TEST_STEP][PASSED] - setText: Text '10' is set on object 'Object Repository/lab/Page_KDMC/input_txttreat'

2018-06-10 17:32:44 - [MESSAGE][PASSED] - Text '10' is set on object 'Object Repository/lab/Page_KDMC/input_txttreat'

2018-06-10 17:32:44 - [TEST_STEP][PASSED] - click: Object: 'Object Repository/lab/Page_KDMC/button_Add' is clicked on

2018-06-10 17:32:45 - [MESSAGE][PASSED] - Object: 'Object Repository/lab/Page_KDMC/button_Add' is clicked on

2018-06-10 17:32:45 - [TEST_STEP][PASSED] - selectOptionByIndex: All options with index in [3] are selected on object 'Object Repository/lab/Page_KDMC/select_--Select--Schedule 4X-r'

2018-06-10 17:32:45 - [MESSAGE][PASSED] - All options with index in [3] are selected on object 'Object Repository/lab/Page_KDMC/select_--Select--Schedule 4X-r'

2018-06-10 17:32:45 - [TEST_STEP][PASSED] - selectOptionByIndex: All options with index in [11] are selected on object 'Object Repository/lab/Page_KDMC/select_--Select--Automatic x-r'

2018-06-10 17:32:45 - [MESSAGE][PASSED] - All options with index in [11] are selected on object 'Object Repository/lab/Page_KDMC/select_--Select--Automatic x-r'

2018-06-10 17:32:45 - [TEST_STEP][PASSED] - setText: Text '10' is set on object 'Object Repository/lab/Page_KDMC/input_txttreat'

2018-06-10 17:32:45 - [MESSAGE][PASSED] - Text '10' is set on object 'Object Repository/lab/Page_KDMC/input_txttreat'

2018-06-10 17:32:45 - [TEST_STEP][PASSED] - click: Object: 'Object Repository/lab/Page_KDMC/button_Add' is clicked on

2018-06-10 17:32:45 - [MESSAGE][PASSED] - Object: 'Object Repository/lab/Page_KDMC/button_Add' is clicked on

2018-06-10 17:32:45 - [TEST_STEP][PASSED] - selectOptionByIndex: All options with index in [3] are selected on object 'Object Repository/lab/Page_KDMC/select_--Select--Schedule 4X-r'

2018-06-10 17:32:45 - [MESSAGE][PASSED] - All options with index in [3] are selected on object 'Object Repository/lab/Page_KDMC/select_--Select--Schedule 4X-r'

2018-06-10 17:32:45 - [TEST_STEP][PASSED] - selectOptionByIndex: All options with index in [12] are selected on object 'Object Repository/lab/Page_KDMC/select_--Select--Automatic x-r'

2018-06-10 17:32:45 - [MESSAGE][PASSED] - All options with index in [12] are selected on object 'Object Repository/lab/Page_KDMC/select_--Select--Automatic x-r'

2018-06-10 17:32:45 - [TEST_STEP][PASSED] - setText: Text '10' is set on object 'Object Repository/lab/Page_KDMC/input_txttreat'

2018-06-10 17:32:46 - [MESSAGE][PASSED] - Text '10' is set on object 'Object Repository/lab/Page_KDMC/input_txttreat'

2018-06-10 17:32:46 - [TEST_STEP][PASSED] - click: Object: 'Object Repository/lab/Page_KDMC/button_Add' is clicked on

2018-06-10 17:32:46 - [MESSAGE][PASSED] - Object: 'Object Repository/lab/Page_KDMC/button_Add' is clicked on

2018-06-10 17:32:46 - [TEST_STEP][PASSED] - selectOptionByIndex: All options with index in [3] are selected on object 'Object Repository/lab/Page_KDMC/select_--Select--Schedule 4X-r'

2018-06-10 17:32:46 - [MESSAGE][PASSED] - All options with index in [3] are selected on object 'Object Repository/lab/Page_KDMC/select_--Select--Schedule 4X-r'

2018-06-10 17:32:46 - [TEST_STEP][PASSED] - selectOptionByIndex: All options with index in [13] are selected on object 'Object Repository/lab/Page_KDMC/select_--Select--Automatic x-r'

2018-06-10 17:32:46 - [MESSAGE][PASSED] - All options with index in [13] are selected on object 'Object Repository/lab/Page_KDMC/select_--Select--Automatic x-r'

2018-06-10 17:32:46 - [TEST_STEP][PASSED] - setText: Text '10' is set on object 'Object Repository/lab/Page_KDMC/input_txttreat'

2018-06-10 17:32:46 - [MESSAGE][PASSED] - Text '10' is set on object 'Object Repository/lab/Page_KDMC/input_txttreat'

2018-06-10 17:32:46 - [TEST_STEP][PASSED] - click: Object: 'Object Repository/lab/Page_KDMC/button_Add' is clicked on

2018-06-10 17:32:46 - [MESSAGE][PASSED] - Object: 'Object Repository/lab/Page_KDMC/button_Add' is clicked on

2018-06-10 17:32:46 - [TEST_STEP][PASSED] - Statement - RN1 = com.kms.katalon.core.webui.keyword.WebUiBuiltInKeywords.getAttribute(com.kms.katalon.core.testobject.ObjectRepository.findTestObject(lab/Page_KDMC/input_txtno), "value"): Attribute 'value' of object 'Object Repository/lab/Page_KDMC/input_txtno' is: 'LRNO/10062018/431'

2018-06-10 17:32:46 - [MESSAGE][PASSED] - Attribute 'value' of object 'Object Repository/lab/Page_KDMC/input_txtno' is: 'LRNO/10062018/431'

2018-06-10 17:32:46 - [TEST_STEP][PASSED] - Statement - out.println(RN1): null

2018-06-10 17:32:46 - [TEST_STEP][PASSED] - Statement - RID = RN1.split("/")[2]: null

2018-06-10 17:32:46 - [TEST_STEP][PASSED] - scrollToElement: Scroll to object 'Object Repository/lab/Page_KDMC/input_btnsave' successfully

2018-06-10 17:32:46 - [MESSAGE][PASSED] - Scroll to object 'Object Repository/lab/Page_KDMC/input_btnsave' successfully

2018-06-10 17:32:46 - [TEST_STEP][PASSED] - click: Object: 'Object Repository/lab/Page_KDMC/input_btnsave' is clicked on

2018-06-10 17:32:46 - [MESSAGE][PASSED] - Object: 'Object Repository/lab/Page_KDMC/input_btnsave' is clicked on

2018-06-10 17:32:46 - [TEST_STEP][PASSED] - delay: Delayed 3 second(s)

2018-06-10 17:32:49 - [MESSAGE][PASSED] - Delayed 3 second(s)

2018-06-10 17:32:49 - [TEST_STEP][PASSED] - click: Object: 'Object Repository/lab/Page_KDMC/button_OK' is clicked on

2018-06-10 17:32:50 - [MESSAGE][PASSED] - Object: 'Object Repository/lab/Page_KDMC/button_OK' is clicked on

2018-06-10 17:32:50 - [TEST_STEP][PASSED] - delay: Delayed 3 second(s)

2018-06-10 17:32:53 - [MESSAGE][PASSED] - Delayed 3 second(s)

2018-06-10 17:32:53 - [TEST_STEP][PASSED] - click: Object: 'Object Repository/lab/Page_KDMC/a_dropdown-toggle' is clicked on

2018-06-10 17:32:53 - [MESSAGE][PASSED] - Object: 'Object Repository/lab/Page_KDMC/a_dropdown-toggle' is clicked on

2018-06-10 17:32:53 - [TEST_STEP][PASSED] - click: Object: 'Object Repository/lab/Page_KDMC/a_Sign out' is clicked on

2018-06-10 17:32:53 - [MESSAGE][PASSED] - Object: 'Object Repository/lab/Page_KDMC/a_Sign out' is clicked on

2018-06-10 17:32:53 - [TEST_STEP][PASSED] - delay: Delayed 3 second(s)

2018-06-10 17:32:56 - [MESSAGE][PASSED] - Delayed 3 second(s)

2018-06-10 17:32:56 - [TEST_STEP][PASSED] - click: Object: 'Object Repository/lab/Page_KDMC/a_CMO' is clicked on

2018-06-10 17:32:57 - [MESSAGE][PASSED] - Object: 'Object Repository/lab/Page_KDMC/a_CMO' is clicked on

2018-06-10 17:32:57 - [TEST_STEP][PASSED] - setText: Text 'guru' is set on object 'Object Repository/lab/Page_CMO login/input_txtusername'

2018-06-10 17:32:57 - [MESSAGE][PASSED] - Text 'guru' is set on object 'Object Repository/lab/Page_CMO login/input_txtusername'

2018-06-10 17:32:57 - [TEST_STEP][PASSED] - setText: Text '123' is set on object 'Object Repository/lab/Page_CMO login/input_txtpassword'

2018-06-10 17:32:57 - [MESSAGE][PASSED] - Text '123' is set on object 'Object Repository/lab/Page_CMO login/input_txtpassword'

2018-06-10 17:32:57 - [TEST_STEP][PASSED] - delay: Delayed 3 second(s)

2018-06-10 17:33:00 - [MESSAGE][PASSED] - Delayed 3 second(s)

2018-06-10 17:33:00 - [TEST_STEP][PASSED] - click: Object: 'Object Repository/lab/Page_CMO login/button_Sign in' is clicked on

2018-06-10 17:33:01 - [MESSAGE][PASSED] - Object: 'Object Repository/lab/Page_CMO login/button_Sign in' is clicked on

2018-06-10 17:33:01 - [TEST_STEP][PASSED] - click: Object: 'Object Repository/lab/Page_KDMC - CMO/span_Department Wise Request' is clicked on

2018-06-10 17:33:03 - [MESSAGE][PASSED] - Object: 'Object Repository/lab/Page_KDMC - CMO/span_Department Wise Request' is clicked on

2018-06-10 17:33:03 - [TEST_STEP][PASSED] - selectOptionByIndex: All options with index in [4] are selected on object 'Object Repository/lab/Page_KDMC - CMO/select_--ALL--'

2018-06-10 17:33:03 - [MESSAGE][PASSED] - All options with index in [4] are selected on object 'Object Repository/lab/Page_KDMC - CMO/select_--ALL--'

2018-06-10 17:33:03 - [TEST_STEP][PASSED] - selectOptionByIndex: All options with index in [1] are selected on object 'Object Repository/lab/Page_KDMC - CMO/select_--ALL--                _1'

2018-06-10 17:33:03 - [MESSAGE][PASSED] - All options with index in [1] are selected on object 'Object Repository/lab/Page_KDMC - CMO/select_--ALL--                _1'

2018-06-10 17:33:03 - [TEST_STEP][PASSED] - click: Object: 'Object Repository/lab/Page_KDMC - CMO/input_btnsearch' is clicked on

2018-06-10 17:33:04 - [MESSAGE][PASSED] - Object: 'Object Repository/lab/Page_KDMC - CMO/input_btnsearch' is clicked on

2018-06-10 17:33:04 - [TEST_STEP][PASSED] - Statement - ID = com.kms.katalon.core.webui.keyword.WebUiBuiltInKeywords.modifyObjectProperty(com.kms.katalon.core.testobject.ObjectRepository.findTestObject(lab/Page_KDMC - CMO/input_1), "xpath", "equals", "//*[@id=" + RID + "]", true): Modify property of object successfully

2018-06-10 17:33:04 - [MESSAGE][PASSED] - Modify property of object successfully

2018-06-10 17:33:04 - [TEST_STEP][PASSED] - click: Object: 'Object Repository/lab/Page_KDMC - CMO/input_1' is clicked on

2018-06-10 17:33:04 - [MESSAGE][PASSED] - Object: 'Object Repository/lab/Page_KDMC - CMO/input_1' is clicked on

2018-06-10 17:33:04 - [TEST_STEP][PASSED] - delay: Delayed 2 second(s)

2018-06-10 17:33:06 - [MESSAGE][PASSED] - Delayed 2 second(s)

2018-06-10 17:33:06 - [TEST_STEP][PASSED] - selectOptionByIndex: All options with index in [1] are selected on object 'Object Repository/lab/Page_KDMC - CMO/select_--Select--'

2018-06-10 17:33:06 - [MESSAGE][PASSED] - All options with index in [1] are selected on object 'Object Repository/lab/Page_KDMC - CMO/select_--Select--'

2018-06-10 17:33:06 - [TEST_STEP][PASSED] - click: Object: 'Object Repository/lab/Page_KDMC - CMO/input_btnupdate' is clicked on

2018-06-10 17:33:06 - [MESSAGE][PASSED] - Object: 'Object Repository/lab/Page_KDMC - CMO/input_btnupdate' is clicked on

2018-06-10 17:33:06 - [TEST_STEP][PASSED] - delay: Delayed 2 second(s)

2018-06-10 17:33:08 - [MESSAGE][PASSED] - Delayed 2 second(s)

2018-06-10 17:33:08 - [TEST_STEP][PASSED] - click: Object: 'Object Repository/lab/Page_KDMC - CMO/button_OK' is clicked on

2018-06-10 17:33:09 - [MESSAGE][PASSED] - Object: 'Object Repository/lab/Page_KDMC - CMO/button_OK' is clicked on

2018-06-10 17:33:09 - [TEST_STEP][PASSED] - delay: Delayed 3 second(s)

2018-06-10 17:33:12 - [MESSAGE][PASSED] - Delayed 3 second(s)

2018-06-10 17:33:12 - [TEST_STEP][PASSED] - click: Object: 'Object Repository/lab/Page_KDMC - CMO/a_dropdown-toggle' is clicked on

2018-06-10 17:33:12 - [MESSAGE][PASSED] - Object: 'Object Repository/lab/Page_KDMC - CMO/a_dropdown-toggle' is clicked on

2018-06-10 17:33:12 - [TEST_STEP][PASSED] - click: Object: 'Object Repository/lab/Page_KDMC - CMO/a_Sign out' is clicked on

2018-06-10 17:33:13 - [MESSAGE][PASSED] - Object: 'Object Repository/lab/Page_KDMC - CMO/a_Sign out' is clicked on

2018-06-10 17:33:13 - [TEST_STEP][PASSED] - delay: Delayed 3 second(s)

2018-06-10 17:33:16 - [MESSAGE][PASSED] - Delayed 3 second(s)

2018-06-10 17:33:16 - [TEST_STEP][PASSED] - click: Object: 'Object Repository/lab/Page_KDMC/a_Divisional Store' is clicked on

2018-06-10 17:33:16 - [MESSAGE][PASSED] - Object: 'Object Repository/lab/Page_KDMC/a_Divisional Store' is clicked on

2018-06-10 17:33:16 - [TEST_STEP][PASSED] - setText: Text 'ragu' is set on object 'Object Repository/lab/Page_Divisonal Store Login/input_txtusername'

2018-06-10 17:33:16 - [MESSAGE][PASSED] - Text 'ragu' is set on object 'Object Repository/lab/Page_Divisonal Store Login/input_txtusername'

2018-06-10 17:33:16 - [TEST_STEP][PASSED] - setText: Text '123' is set on object 'Object Repository/lab/Page_Divisonal Store Login/input_txtpassword'

2018-06-10 17:33:17 - [MESSAGE][PASSED] - Text '123' is set on object 'Object Repository/lab/Page_Divisonal Store Login/input_txtpassword'

2018-06-10 17:33:17 - [TEST_STEP][PASSED] - delay: Delayed 3 second(s)

2018-06-10 17:33:20 - [MESSAGE][PASSED] - Delayed 3 second(s)

2018-06-10 17:33:20 - [TEST_STEP][PASSED] - click: Object: 'Object Repository/lab/Page_Divisonal Store Login/button_Sign in' is clicked on

2018-06-10 17:33:21 - [MESSAGE][PASSED] - Object: 'Object Repository/lab/Page_Divisonal Store Login/button_Sign in' is clicked on

2018-06-10 17:33:21 - [TEST_STEP][PASSED] - delay: Delayed 3 second(s)

2018-06-10 17:33:24 - [MESSAGE][PASSED] - Delayed 3 second(s)

2018-06-10 17:33:24 - [TEST_STEP][PASSED] - click: Object: 'Object Repository/lab/Page_Store/a_Lab Request' is clicked on

2018-06-10 17:33:24 - [MESSAGE][PASSED] - Object: 'Object Repository/lab/Page_Store/a_Lab Request' is clicked on

2018-06-10 17:33:24 - [TEST_STEP][PASSED] - click: Object: 'Object Repository/lab/Page_Store/a_Request Item Lab' is clicked on

2018-06-10 17:33:25 - [MESSAGE][PASSED] - Object: 'Object Repository/lab/Page_Store/a_Request Item Lab' is clicked on

2018-06-10 17:33:25 - [TEST_STEP][PASSED] - Statement - ChooseRequest = com.kms.katalon.core.webui.keyword.WebUiBuiltInKeywords.modifyObjectProperty(com.kms.katalon.core.testobject.ObjectRepository.findTestObject(lab/Page_Store/input_1), "xpath", "equals", "//*[@id=" + RID + "]", true): Modify property of object successfully

2018-06-10 17:33:25 - [MESSAGE][PASSED] - Modify property of object successfully

2018-06-10 17:33:25 - [TEST_STEP][PASSED] - click: Object: 'Object Repository/lab/Page_Store/input_1' is clicked on

2018-06-10 17:33:26 - [MESSAGE][PASSED] - Object: 'Object Repository/lab/Page_Store/input_1' is clicked on

2018-06-10 17:33:26 - [TEST_STEP][PASSED] - delay: Delayed 2 second(s)

2018-06-10 17:33:28 - [MESSAGE][PASSED] - Delayed 2 second(s)

2018-06-10 17:33:28 - [TEST_STEP][PASSED] - Statement - selectedoptions = com.kms.katalon.core.webui.keyword.WebUiBuiltInKeywords.getNumberOfTotalOption(com.kms.katalon.core.testobject.ObjectRepository.findTestObject(lab/Page_Store/select_--Select--E.C.G. Jelly)): 14 options of object 'Object Repository/lab/Page_Store/select_--Select--E.C.G. Jelly' counted

2018-06-10 17:33:28 - [MESSAGE][PASSED] - 14 options of object 'Object Repository/lab/Page_Store/select_--Select--E.C.G. Jelly' counted

2018-06-10 17:33:28 - [TEST_STEP][PASSED] - Statement - For ([a = 1, a <= selectedoptions - 1, (a++)]): null

2018-06-10 17:33:28 - [TEST_STEP][PASSED] - selectOptionByIndex: All options with index in [1] are selected on object 'Object Repository/lab/Page_Store/select_--Select--E.C.G. Jelly'

2018-06-10 17:33:28 - [MESSAGE][PASSED] - All options with index in [1] are selected on object 'Object Repository/lab/Page_Store/select_--Select--E.C.G. Jelly'

2018-06-10 17:33:28 - [TEST_STEP][PASSED] - delay: Delayed 2 second(s)

2018-06-10 17:33:30 - [MESSAGE][PASSED] - Delayed 2 second(s)

2018-06-10 17:33:30 - [TEST_STEP][PASSED] - Statement - RequestedQty = com.kms.katalon.core.webui.keyword.WebUiBuiltInKeywords.getAttribute(com.kms.katalon.core.testobject.ObjectRepository.findTestObject(lab/Page_Store/input_txttotal), "value"): Attribute 'value' of object 'Object Repository/lab/Page_Store/input_txttotal' is: '10'

2018-06-10 17:33:30 - [MESSAGE][PASSED] - Attribute 'value' of object 'Object Repository/lab/Page_Store/input_txttotal' is: '10'

2018-06-10 17:33:30 - [TEST_STEP][PASSED] - Statement - out.println("Requested QTY : " + RequestedQty): null

2018-06-10 17:33:30 - [TEST_STEP][PASSED] - Statement - BatchNumber = com.kms.katalon.core.webui.keyword.WebUiBuiltInKeywords.getNumberOfTotalOption(com.kms.katalon.core.testobject.ObjectRepository.findTestObject(lab/Page_Store/select_--Select--BA50)): 3 options of object 'Object Repository/lab/Page_Store/select_--Select--BA50' counted

2018-06-10 17:33:31 - [MESSAGE][PASSED] - 3 options of object 'Object Repository/lab/Page_Store/select_--Select--BA50' counted

2018-06-10 17:33:31 - [TEST_STEP][PASSED] - Statement - For ([g = 1, g <= BatchNumber - 1, (g++)]): null

2018-06-10 17:33:31 - [TEST_STEP][PASSED] - selectOptionByIndex: All options with index in [1] are selected on object 'Object Repository/lab/Page_Store/select_--Select--BA50'

2018-06-10 17:33:31 - [MESSAGE][PASSED] - All options with index in [1] are selected on object 'Object Repository/lab/Page_Store/select_--Select--BA50'

2018-06-10 17:33:31 - [TEST_STEP][PASSED] - delay: Delayed 2 second(s)

2018-06-10 17:33:33 - [MESSAGE][PASSED] - Delayed 2 second(s)

2018-06-10 17:33:33 - [TEST_STEP][PASSED] - Statement - Try: null

2018-06-10 17:33:33 - [TEST_STEP][PASSED] - Statement - StockQty = com.kms.katalon.core.webui.keyword.WebUiBuiltInKeywords.getAttribute(com.kms.katalon.core.testobject.ObjectRepository.findTestObject(lab/Page_Store/input_txtprice), "value"): Attribute 'value' of object 'Object Repository/lab/Page_Store/input_txtprice' is: '1050'

2018-06-10 17:33:33 - [MESSAGE][PASSED] - Attribute 'value' of object 'Object Repository/lab/Page_Store/input_txtprice' is: '1050'

2018-06-10 17:33:33 - [TEST_STEP][PASSED] - Statement - out.println("Stock QTY : " + StockQty): null

2018-06-10 17:33:33 - [TEST_STEP][PASSED] - delay: Delayed 1 second(s)

2018-06-10 17:33:34 - [MESSAGE][PASSED] - Delayed 1 second(s)

2018-06-10 17:33:34 - [TEST_STEP][PASSED] - Statement - If (java.lang.Integer.valueOf(StockQty) >= java.lang.Integer.valueOf(RequestedQty)): null

2018-06-10 17:33:34 - [TEST_STEP][PASSED] - setText: Text '10' is set on object 'Object Repository/lab/Page_Store/input_txtqty'

2018-06-10 17:33:34 - [MESSAGE][PASSED] - Text '10' is set on object 'Object Repository/lab/Page_Store/input_txtqty'

2018-06-10 17:33:34 - [TEST_STEP][PASSED] - click: Object: 'Object Repository/lab/Page_Store/button_Add' is clicked on

2018-06-10 17:33:34 - [MESSAGE][PASSED] - Object: 'Object Repository/lab/Page_Store/button_Add' is clicked on

2018-06-10 17:33:34 - [TEST_STEP][PASSED] - Statement - Break: null

2018-06-10 17:33:34 - [TEST_STEP][PASSED] - selectOptionByIndex: All options with index in [2] are selected on object 'Object Repository/lab/Page_Store/select_--Select--E.C.G. Jelly'

2018-06-10 17:33:34 - [MESSAGE][PASSED] - All options with index in [2] are selected on object 'Object Repository/lab/Page_Store/select_--Select--E.C.G. Jelly'

2018-06-10 17:33:34 - [TEST_STEP][PASSED] - delay: Delayed 2 second(s)

2018-06-10 17:33:36 - [MESSAGE][PASSED] - Delayed 2 second(s)

2018-06-10 17:33:36 - [TEST_STEP][PASSED] - Statement - RequestedQty = com.kms.katalon.core.webui.keyword.WebUiBuiltInKeywords.getAttribute(com.kms.katalon.core.testobject.ObjectRepository.findTestObject(lab/Page_Store/input_txttotal), "value"): Attribute 'value' of object 'Object Repository/lab/Page_Store/input_txttotal' is: '10'

2018-06-10 17:33:36 - [MESSAGE][PASSED] - Attribute 'value' of object 'Object Repository/lab/Page_Store/input_txttotal' is: '10'

2018-06-10 17:33:36 - [TEST_STEP][PASSED] - Statement - out.println("Requested QTY : " + RequestedQty): null

2018-06-10 17:33:36 - [TEST_STEP][PASSED] - Statement - BatchNumber = com.kms.katalon.core.webui.keyword.WebUiBuiltInKeywords.getNumberOfTotalOption(com.kms.katalon.core.testobject.ObjectRepository.findTestObject(lab/Page_Store/select_--Select--BA50)): 6 options of object 'Object Repository/lab/Page_Store/select_--Select--BA50' counted

2018-06-10 17:33:36 - [MESSAGE][PASSED] - 6 options of object 'Object Repository/lab/Page_Store/select_--Select--BA50' counted

2018-06-10 17:33:36 - [TEST_STEP][PASSED] - Statement - For ([g = 1, g <= BatchNumber - 1, (g++)]): null

2018-06-10 17:33:36 - [TEST_STEP][PASSED] - selectOptionByIndex: All options with index in [1] are selected on object 'Object Repository/lab/Page_Store/select_--Select--BA50'

2018-06-10 17:33:36 - [MESSAGE][PASSED] - All options with index in [1] are selected on object 'Object Repository/lab/Page_Store/select_--Select--BA50'

2018-06-10 17:33:36 - [TEST_STEP][PASSED] - delay: Delayed 2 second(s)

2018-06-10 17:33:38 - [MESSAGE][PASSED] - Delayed 2 second(s)

2018-06-10 17:33:38 - [TEST_STEP][PASSED] - Statement - Try: null

2018-06-10 17:33:38 - [TEST_STEP][PASSED] - Statement - StockQty = com.kms.katalon.core.webui.keyword.WebUiBuiltInKeywords.getAttribute(com.kms.katalon.core.testobject.ObjectRepository.findTestObject(lab/Page_Store/input_txtprice), "value"): Attribute 'value' of object 'Object Repository/lab/Page_Store/input_txtprice' is: '230'

2018-06-10 17:33:38 - [MESSAGE][PASSED] - Attribute 'value' of object 'Object Repository/lab/Page_Store/input_txtprice' is: '230'

2018-06-10 17:33:38 - [TEST_STEP][PASSED] - Statement - out.println("Stock QTY : " + StockQty): null

2018-06-10 17:33:38 - [TEST_STEP][PASSED] - delay: Delayed 1 second(s)

2018-06-10 17:33:39 - [MESSAGE][PASSED] - Delayed 1 second(s)

2018-06-10 17:33:39 - [TEST_STEP][PASSED] - Statement - If (java.lang.Integer.valueOf(StockQty) >= java.lang.Integer.valueOf(RequestedQty)): null

2018-06-10 17:33:39 - [TEST_STEP][PASSED] - setText: Text '10' is set on object 'Object Repository/lab/Page_Store/input_txtqty'

2018-06-10 17:33:39 - [MESSAGE][PASSED] - Text '10' is set on object 'Object Repository/lab/Page_Store/input_txtqty'

2018-06-10 17:33:39 - [TEST_STEP][PASSED] - click: Object: 'Object Repository/lab/Page_Store/button_Add' is clicked on

2018-06-10 17:33:39 - [MESSAGE][PASSED] - Object: 'Object Repository/lab/Page_Store/button_Add' is clicked on

2018-06-10 17:33:39 - [TEST_STEP][PASSED] - Statement - Break: null

2018-06-10 17:33:39 - [TEST_STEP][PASSED] - selectOptionByIndex: All options with index in [3] are selected on object 'Object Repository/lab/Page_Store/select_--Select--E.C.G. Jelly'

2018-06-10 17:33:40 - [MESSAGE][PASSED] - All options with index in [3] are selected on object 'Object Repository/lab/Page_Store/select_--Select--E.C.G. Jelly'

2018-06-10 17:33:40 - [TEST_STEP][PASSED] - delay: Delayed 2 second(s)

2018-06-10 17:33:42 - [MESSAGE][PASSED] - Delayed 2 second(s)

2018-06-10 17:33:42 - [TEST_STEP][PASSED] - Statement - RequestedQty = com.kms.katalon.core.webui.keyword.WebUiBuiltInKeywords.getAttribute(com.kms.katalon.core.testobject.ObjectRepository.findTestObject(lab/Page_Store/input_txttotal), "value"): Attribute 'value' of object 'Object Repository/lab/Page_Store/input_txttotal' is: '10'

2018-06-10 17:33:42 - [MESSAGE][PASSED] - Attribute 'value' of object 'Object Repository/lab/Page_Store/input_txttotal' is: '10'

2018-06-10 17:33:42 - [TEST_STEP][PASSED] - Statement - out.println("Requested QTY : " + RequestedQty): null

2018-06-10 17:33:42 - [TEST_STEP][PASSED] - Statement - BatchNumber = com.kms.katalon.core.webui.keyword.WebUiBuiltInKeywords.getNumberOfTotalOption(com.kms.katalon.core.testobject.ObjectRepository.findTestObject(lab/Page_Store/select_--Select--BA50)): 2 options of object 'Object Repository/lab/Page_Store/select_--Select--BA50' counted

2018-06-10 17:33:42 - [MESSAGE][PASSED] - 2 options of object 'Object Repository/lab/Page_Store/select_--Select--BA50' counted

2018-06-10 17:33:42 - [TEST_STEP][PASSED] - Statement - For ([g = 1, g <= BatchNumber - 1, (g++)]): null

2018-06-10 17:33:42 - [TEST_STEP][PASSED] - selectOptionByIndex: All options with index in [1] are selected on object 'Object Repository/lab/Page_Store/select_--Select--BA50'

2018-06-10 17:33:42 - [MESSAGE][PASSED] - All options with index in [1] are selected on object 'Object Repository/lab/Page_Store/select_--Select--BA50'

2018-06-10 17:33:42 - [TEST_STEP][PASSED] - delay: Delayed 2 second(s)

2018-06-10 17:33:44 - [MESSAGE][PASSED] - Delayed 2 second(s)

2018-06-10 17:33:44 - [TEST_STEP][PASSED] - Statement - Try: null

2018-06-10 17:33:44 - [TEST_STEP][PASSED] - Statement - StockQty = com.kms.katalon.core.webui.keyword.WebUiBuiltInKeywords.getAttribute(com.kms.katalon.core.testobject.ObjectRepository.findTestObject(lab/Page_Store/input_txtprice), "value"): Attribute 'value' of object 'Object Repository/lab/Page_Store/input_txtprice' is: '1100'

2018-06-10 17:33:44 - [MESSAGE][PASSED] - Attribute 'value' of object 'Object Repository/lab/Page_Store/input_txtprice' is: '1100'

2018-06-10 17:33:44 - [TEST_STEP][PASSED] - Statement - out.println("Stock QTY : " + StockQty): null

2018-06-10 17:33:44 - [TEST_STEP][PASSED] - delay: Delayed 1 second(s)

2018-06-10 17:33:45 - [MESSAGE][PASSED] - Delayed 1 second(s)

2018-06-10 17:33:45 - [TEST_STEP][PASSED] - Statement - If (java.lang.Integer.valueOf(StockQty) >= java.lang.Integer.valueOf(RequestedQty)): null

2018-06-10 17:33:45 - [TEST_STEP][PASSED] - setText: Text '10' is set on object 'Object Repository/lab/Page_Store/input_txtqty'

2018-06-10 17:33:45 - [MESSAGE][PASSED] - Text '10' is set on object 'Object Repository/lab/Page_Store/input_txtqty'

2018-06-10 17:33:45 - [TEST_STEP][PASSED] - click: Object: 'Object Repository/lab/Page_Store/button_Add' is clicked on

2018-06-10 17:33:45 - [MESSAGE][PASSED] - Object: 'Object Repository/lab/Page_Store/button_Add' is clicked on

2018-06-10 17:33:45 - [TEST_STEP][PASSED] - Statement - Break: null

2018-06-10 17:33:45 - [TEST_STEP][PASSED] - selectOptionByIndex: All options with index in [4] are selected on object 'Object Repository/lab/Page_Store/select_--Select--E.C.G. Jelly'

2018-06-10 17:33:45 - [MESSAGE][PASSED] - All options with index in [4] are selected on object 'Object Repository/lab/Page_Store/select_--Select--E.C.G. Jelly'

2018-06-10 17:33:45 - [TEST_STEP][PASSED] - delay: Delayed 2 second(s)

2018-06-10 17:33:47 - [MESSAGE][PASSED] - Delayed 2 second(s)

2018-06-10 17:33:47 - [TEST_STEP][PASSED] - Statement - RequestedQty = com.kms.katalon.core.webui.keyword.WebUiBuiltInKeywords.getAttribute(com.kms.katalon.core.testobject.ObjectRepository.findTestObject(lab/Page_Store/input_txttotal), "value"): Attribute 'value' of object 'Object Repository/lab/Page_Store/input_txttotal' is: '10'

2018-06-10 17:33:47 - [MESSAGE][PASSED] - Attribute 'value' of object 'Object Repository/lab/Page_Store/input_txttotal' is: '10'

2018-06-10 17:33:47 - [TEST_STEP][PASSED] - Statement - out.println("Requested QTY : " + RequestedQty): null

2018-06-10 17:33:47 - [TEST_STEP][PASSED] - Statement - BatchNumber = com.kms.katalon.core.webui.keyword.WebUiBuiltInKeywords.getNumberOfTotalOption(com.kms.katalon.core.testobject.ObjectRepository.findTestObject(lab/Page_Store/select_--Select--BA50)): 3 options of object 'Object Repository/lab/Page_Store/select_--Select--BA50' counted

2018-06-10 17:33:47 - [MESSAGE][PASSED] - 3 options of object 'Object Repository/lab/Page_Store/select_--Select--BA50' counted

2018-06-10 17:33:47 - [TEST_STEP][PASSED] - Statement - For ([g = 1, g <= BatchNumber - 1, (g++)]): null

2018-06-10 17:33:47 - [TEST_STEP][PASSED] - selectOptionByIndex: All options with index in [1] are selected on object 'Object Repository/lab/Page_Store/select_--Select--BA50'

2018-06-10 17:33:47 - [MESSAGE][PASSED] - All options with index in [1] are selected on object 'Object Repository/lab/Page_Store/select_--Select--BA50'

2018-06-10 17:33:47 - [TEST_STEP][PASSED] - delay: Delayed 2 second(s)

2018-06-10 17:33:49 - [MESSAGE][PASSED] - Delayed 2 second(s)

2018-06-10 17:33:49 - [TEST_STEP][PASSED] - Statement - Try: null

2018-06-10 17:33:49 - [TEST_STEP][PASSED] - Statement - StockQty = com.kms.katalon.core.webui.keyword.WebUiBuiltInKeywords.getAttribute(com.kms.katalon.core.testobject.ObjectRepository.findTestObject(lab/Page_Store/input_txtprice), "value"): Attribute 'value' of object 'Object Repository/lab/Page_Store/input_txtprice' is: '1050'

2018-06-10 17:33:49 - [MESSAGE][PASSED] - Attribute 'value' of object 'Object Repository/lab/Page_Store/input_txtprice' is: '1050'

2018-06-10 17:33:49 - [TEST_STEP][PASSED] - Statement - out.println("Stock QTY : " + StockQty): null

2018-06-10 17:33:49 - [TEST_STEP][PASSED] - delay: Delayed 1 second(s)

2018-06-10 17:33:50 - [MESSAGE][PASSED] - Delayed 1 second(s)

2018-06-10 17:33:50 - [TEST_STEP][PASSED] - Statement - If (java.lang.Integer.valueOf(StockQty) >= java.lang.Integer.valueOf(RequestedQty)): null

2018-06-10 17:33:50 - [TEST_STEP][PASSED] - setText: Text '10' is set on object 'Object Repository/lab/Page_Store/input_txtqty'

2018-06-10 17:33:50 - [MESSAGE][PASSED] - Text '10' is set on object 'Object Repository/lab/Page_Store/input_txtqty'

2018-06-10 17:33:50 - [TEST_STEP][PASSED] - click: Object: 'Object Repository/lab/Page_Store/button_Add' is clicked on

2018-06-10 17:33:51 - [MESSAGE][PASSED] - Object: 'Object Repository/lab/Page_Store/button_Add' is clicked on

2018-06-10 17:33:51 - [TEST_STEP][PASSED] - Statement - Break: null

2018-06-10 17:33:51 - [TEST_STEP][PASSED] - selectOptionByIndex: All options with index in [5] are selected on object 'Object Repository/lab/Page_Store/select_--Select--E.C.G. Jelly'

2018-06-10 17:33:51 - [MESSAGE][PASSED] - All options with index in [5] are selected on object 'Object Repository/lab/Page_Store/select_--Select--E.C.G. Jelly'

2018-06-10 17:33:51 - [TEST_STEP][PASSED] - delay: Delayed 2 second(s)

2018-06-10 17:33:53 - [MESSAGE][PASSED] - Delayed 2 second(s)

2018-06-10 17:33:53 - [TEST_STEP][PASSED] - Statement - RequestedQty = com.kms.katalon.core.webui.keyword.WebUiBuiltInKeywords.getAttribute(com.kms.katalon.core.testobject.ObjectRepository.findTestObject(lab/Page_Store/input_txttotal), "value"): Attribute 'value' of object 'Object Repository/lab/Page_Store/input_txttotal' is: '10'

2018-06-10 17:33:53 - [MESSAGE][PASSED] - Attribute 'value' of object 'Object Repository/lab/Page_Store/input_txttotal' is: '10'

2018-06-10 17:33:53 - [TEST_STEP][PASSED] - Statement - out.println("Requested QTY : " + RequestedQty): null

2018-06-10 17:33:53 - [TEST_STEP][PASSED] - Statement - BatchNumber = com.kms.katalon.core.webui.keyword.WebUiBuiltInKeywords.getNumberOfTotalOption(com.kms.katalon.core.testobject.ObjectRepository.findTestObject(lab/Page_Store/select_--Select--BA50)): 3 options of object 'Object Repository/lab/Page_Store/select_--Select--BA50' counted

2018-06-10 17:33:53 - [MESSAGE][PASSED] - 3 options of object 'Object Repository/lab/Page_Store/select_--Select--BA50' counted

2018-06-10 17:33:53 - [TEST_STEP][PASSED] - Statement - For ([g = 1, g <= BatchNumber - 1, (g++)]): null

2018-06-10 17:33:53 - [TEST_STEP][PASSED] - selectOptionByIndex: All options with index in [1] are selected on object 'Object Repository/lab/Page_Store/select_--Select--BA50'

2018-06-10 17:33:53 - [MESSAGE][PASSED] - All options with index in [1] are selected on object 'Object Repository/lab/Page_Store/select_--Select--BA50'

2018-06-10 17:33:53 - [TEST_STEP][PASSED] - delay: Delayed 2 second(s)

2018-06-10 17:33:55 - [MESSAGE][PASSED] - Delayed 2 second(s)

2018-06-10 17:33:55 - [TEST_STEP][PASSED] - Statement - Try: null

2018-06-10 17:33:55 - [TEST_STEP][PASSED] - Statement - StockQty = com.kms.katalon.core.webui.keyword.WebUiBuiltInKeywords.getAttribute(com.kms.katalon.core.testobject.ObjectRepository.findTestObject(lab/Page_Store/input_txtprice), "value"): Attribute 'value' of object 'Object Repository/lab/Page_Store/input_txtprice' is: '230'

2018-06-10 17:33:55 - [MESSAGE][PASSED] - Attribute 'value' of object 'Object Repository/lab/Page_Store/input_txtprice' is: '230'

2018-06-10 17:33:55 - [TEST_STEP][PASSED] - Statement - out.println("Stock QTY : " + StockQty): null

2018-06-10 17:33:55 - [TEST_STEP][PASSED] - delay: Delayed 1 second(s)

2018-06-10 17:33:56 - [MESSAGE][PASSED] - Delayed 1 second(s)

2018-06-10 17:33:56 - [TEST_STEP][PASSED] - Statement - If (java.lang.Integer.valueOf(StockQty) >= java.lang.Integer.valueOf(RequestedQty)): null

2018-06-10 17:33:56 - [TEST_STEP][PASSED] - setText: Text '10' is set on object 'Object Repository/lab/Page_Store/input_txtqty'

2018-06-10 17:33:56 - [MESSAGE][PASSED] - Text '10' is set on object 'Object Repository/lab/Page_Store/input_txtqty'

2018-06-10 17:33:56 - [TEST_STEP][PASSED] - click: Object: 'Object Repository/lab/Page_Store/button_Add' is clicked on

2018-06-10 17:33:56 - [MESSAGE][PASSED] - Object: 'Object Repository/lab/Page_Store/button_Add' is clicked on

2018-06-10 17:33:56 - [TEST_STEP][PASSED] - Statement - Break: null

2018-06-10 17:33:56 - [TEST_STEP][PASSED] - selectOptionByIndex: All options with index in [6] are selected on object 'Object Repository/lab/Page_Store/select_--Select--E.C.G. Jelly'

2018-06-10 17:33:56 - [MESSAGE][PASSED] - All options with index in [6] are selected on object 'Object Repository/lab/Page_Store/select_--Select--E.C.G. Jelly'

2018-06-10 17:33:56 - [TEST_STEP][PASSED] - delay: Delayed 2 second(s)

2018-06-10 17:33:58 - [MESSAGE][PASSED] - Delayed 2 second(s)

2018-06-10 17:33:58 - [TEST_STEP][PASSED] - Statement - RequestedQty = com.kms.katalon.core.webui.keyword.WebUiBuiltInKeywords.getAttribute(com.kms.katalon.core.testobject.ObjectRepository.findTestObject(lab/Page_Store/input_txttotal), "value"): Attribute 'value' of object 'Object Repository/lab/Page_Store/input_txttotal' is: '10'

2018-06-10 17:33:58 - [MESSAGE][PASSED] - Attribute 'value' of object 'Object Repository/lab/Page_Store/input_txttotal' is: '10'

2018-06-10 17:33:58 - [TEST_STEP][PASSED] - Statement - out.println("Requested QTY : " + RequestedQty): null

2018-06-10 17:33:58 - [TEST_STEP][PASSED] - Statement - BatchNumber = com.kms.katalon.core.webui.keyword.WebUiBuiltInKeywords.getNumberOfTotalOption(com.kms.katalon.core.testobject.ObjectRepository.findTestObject(lab/Page_Store/select_--Select--BA50)): 3 options of object 'Object Repository/lab/Page_Store/select_--Select--BA50' counted

2018-06-10 17:33:58 - [MESSAGE][PASSED] - 3 options of object 'Object Repository/lab/Page_Store/select_--Select--BA50' counted

2018-06-10 17:33:58 - [TEST_STEP][PASSED] - Statement - For ([g = 1, g <= BatchNumber - 1, (g++)]): null

2018-06-10 17:33:58 - [TEST_STEP][PASSED] - selectOptionByIndex: All options with index in [1] are selected on object 'Object Repository/lab/Page_Store/select_--Select--BA50'

2018-06-10 17:33:58 - [MESSAGE][PASSED] - All options with index in [1] are selected on object 'Object Repository/lab/Page_Store/select_--Select--BA50'

2018-06-10 17:33:58 - [TEST_STEP][PASSED] - delay: Delayed 2 second(s)

2018-06-10 17:34:00 - [MESSAGE][PASSED] - Delayed 2 second(s)

2018-06-10 17:34:00 - [TEST_STEP][PASSED] - Statement - Try: null

2018-06-10 17:34:00 - [TEST_STEP][PASSED] - Statement - StockQty = com.kms.katalon.core.webui.keyword.WebUiBuiltInKeywords.getAttribute(com.kms.katalon.core.testobject.ObjectRepository.findTestObject(lab/Page_Store/input_txtprice), "value"): Attribute 'value' of object 'Object Repository/lab/Page_Store/input_txtprice' is: '1070'

2018-06-10 17:34:01 - [MESSAGE][PASSED] - Attribute 'value' of object 'Object Repository/lab/Page_Store/input_txtprice' is: '1070'

2018-06-10 17:34:01 - [TEST_STEP][PASSED] - Statement - out.println("Stock QTY : " + StockQty): null

2018-06-10 17:34:01 - [TEST_STEP][PASSED] - delay: Delayed 1 second(s)

2018-06-10 17:34:02 - [MESSAGE][PASSED] - Delayed 1 second(s)

2018-06-10 17:34:02 - [TEST_STEP][PASSED] - Statement - If (java.lang.Integer.valueOf(StockQty) >= java.lang.Integer.valueOf(RequestedQty)): null

2018-06-10 17:34:02 - [TEST_STEP][PASSED] - setText: Text '10' is set on object 'Object Repository/lab/Page_Store/input_txtqty'

2018-06-10 17:34:02 - [MESSAGE][PASSED] - Text '10' is set on object 'Object Repository/lab/Page_Store/input_txtqty'

2018-06-10 17:34:02 - [TEST_STEP][PASSED] - click: Object: 'Object Repository/lab/Page_Store/button_Add' is clicked on

2018-06-10 17:34:02 - [MESSAGE][PASSED] - Object: 'Object Repository/lab/Page_Store/button_Add' is clicked on

2018-06-10 17:34:02 - [TEST_STEP][PASSED] - Statement - Break: null

2018-06-10 17:34:02 - [TEST_STEP][PASSED] - selectOptionByIndex: All options with index in [7] are selected on object 'Object Repository/lab/Page_Store/select_--Select--E.C.G. Jelly'

2018-06-10 17:34:02 - [MESSAGE][PASSED] - All options with index in [7] are selected on object 'Object Repository/lab/Page_Store/select_--Select--E.C.G. Jelly'

2018-06-10 17:34:02 - [TEST_STEP][PASSED] - delay: Delayed 2 second(s)

2018-06-10 17:34:04 - [MESSAGE][PASSED] - Delayed 2 second(s)

2018-06-10 17:34:04 - [TEST_STEP][PASSED] - Statement - RequestedQty = com.kms.katalon.core.webui.keyword.WebUiBuiltInKeywords.getAttribute(com.kms.katalon.core.testobject.ObjectRepository.findTestObject(lab/Page_Store/input_txttotal), "value"): Attribute 'value' of object 'Object Repository/lab/Page_Store/input_txttotal' is: '10'

2018-06-10 17:34:04 - [MESSAGE][PASSED] - Attribute 'value' of object 'Object Repository/lab/Page_Store/input_txttotal' is: '10'

2018-06-10 17:34:04 - [TEST_STEP][PASSED] - Statement - out.println("Requested QTY : " + RequestedQty): null

2018-06-10 17:34:04 - [TEST_STEP][PASSED] - Statement - BatchNumber = com.kms.katalon.core.webui.keyword.WebUiBuiltInKeywords.getNumberOfTotalOption(com.kms.katalon.core.testobject.ObjectRepository.findTestObject(lab/Page_Store/select_--Select--BA50)): 5 options of object 'Object Repository/lab/Page_Store/select_--Select--BA50' counted

2018-06-10 17:34:04 - [MESSAGE][PASSED] - 5 options of object 'Object Repository/lab/Page_Store/select_--Select--BA50' counted

2018-06-10 17:34:04 - [TEST_STEP][PASSED] - Statement - For ([g = 1, g <= BatchNumber - 1, (g++)]): null

2018-06-10 17:34:04 - [TEST_STEP][PASSED] - selectOptionByIndex: All options with index in [1] are selected on object 'Object Repository/lab/Page_Store/select_--Select--BA50'

2018-06-10 17:34:04 - [MESSAGE][PASSED] - All options with index in [1] are selected on object 'Object Repository/lab/Page_Store/select_--Select--BA50'

2018-06-10 17:34:04 - [TEST_STEP][PASSED] - delay: Delayed 2 second(s)

2018-06-10 17:34:06 - [MESSAGE][PASSED] - Delayed 2 second(s)

2018-06-10 17:34:06 - [TEST_STEP][PASSED] - Statement - Try: null

2018-06-10 17:34:06 - [TEST_STEP][PASSED] - Statement - StockQty = com.kms.katalon.core.webui.keyword.WebUiBuiltInKeywords.getAttribute(com.kms.katalon.core.testobject.ObjectRepository.findTestObject(lab/Page_Store/input_txtprice), "value"): Attribute 'value' of object 'Object Repository/lab/Page_Store/input_txtprice' is: '230'

2018-06-10 17:34:06 - [MESSAGE][PASSED] - Attribute 'value' of object 'Object Repository/lab/Page_Store/input_txtprice' is: '230'

2018-06-10 17:34:06 - [TEST_STEP][PASSED] - Statement - out.println("Stock QTY : " + StockQty): null

2018-06-10 17:34:06 - [TEST_STEP][PASSED] - delay: Delayed 1 second(s)

2018-06-10 17:34:07 - [MESSAGE][PASSED] - Delayed 1 second(s)

2018-06-10 17:34:07 - [TEST_STEP][PASSED] - Statement - If (java.lang.Integer.valueOf(StockQty) >= java.lang.Integer.valueOf(RequestedQty)): null

2018-06-10 17:34:07 - [TEST_STEP][PASSED] - setText: Text '10' is set on object 'Object Repository/lab/Page_Store/input_txtqty'

2018-06-10 17:34:07 - [MESSAGE][PASSED] - Text '10' is set on object 'Object Repository/lab/Page_Store/input_txtqty'

2018-06-10 17:34:07 - [TEST_STEP][PASSED] - click: Object: 'Object Repository/lab/Page_Store/button_Add' is clicked on

2018-06-10 17:34:07 - [MESSAGE][PASSED] - Object: 'Object Repository/lab/Page_Store/button_Add' is clicked on

2018-06-10 17:34:07 - [TEST_STEP][PASSED] - Statement - Break: null

2018-06-10 17:34:07 - [TEST_STEP][PASSED] - selectOptionByIndex: All options with index in [8] are selected on object 'Object Repository/lab/Page_Store/select_--Select--E.C.G. Jelly'

2018-06-10 17:34:07 - [MESSAGE][PASSED] - All options with index in [8] are selected on object 'Object Repository/lab/Page_Store/select_--Select--E.C.G. Jelly'

2018-06-10 17:34:07 - [TEST_STEP][PASSED] - delay: Delayed 2 second(s)

2018-06-10 17:34:09 - [MESSAGE][PASSED] - Delayed 2 second(s)

2018-06-10 17:34:09 - [TEST_STEP][PASSED] - Statement - RequestedQty = com.kms.katalon.core.webui.keyword.WebUiBuiltInKeywords.getAttribute(com.kms.katalon.core.testobject.ObjectRepository.findTestObject(lab/Page_Store/input_txttotal), "value"): Attribute 'value' of object 'Object Repository/lab/Page_Store/input_txttotal' is: '10'

2018-06-10 17:34:09 - [MESSAGE][PASSED] - Attribute 'value' of object 'Object Repository/lab/Page_Store/input_txttotal' is: '10'

2018-06-10 17:34:09 - [TEST_STEP][PASSED] - Statement - out.println("Requested QTY : " + RequestedQty): null

2018-06-10 17:34:09 - [TEST_STEP][PASSED] - Statement - BatchNumber = com.kms.katalon.core.webui.keyword.WebUiBuiltInKeywords.getNumberOfTotalOption(com.kms.katalon.core.testobject.ObjectRepository.findTestObject(lab/Page_Store/select_--Select--BA50)): 4 options of object 'Object Repository/lab/Page_Store/select_--Select--BA50' counted

2018-06-10 17:34:10 - [MESSAGE][PASSED] - 4 options of object 'Object Repository/lab/Page_Store/select_--Select--BA50' counted

2018-06-10 17:34:10 - [TEST_STEP][PASSED] - Statement - For ([g = 1, g <= BatchNumber - 1, (g++)]): null

2018-06-10 17:34:10 - [TEST_STEP][PASSED] - selectOptionByIndex: All options with index in [1] are selected on object 'Object Repository/lab/Page_Store/select_--Select--BA50'

2018-06-10 17:34:10 - [MESSAGE][PASSED] - All options with index in [1] are selected on object 'Object Repository/lab/Page_Store/select_--Select--BA50'

2018-06-10 17:34:10 - [TEST_STEP][PASSED] - delay: Delayed 2 second(s)

2018-06-10 17:34:12 - [MESSAGE][PASSED] - Delayed 2 second(s)

2018-06-10 17:34:12 - [TEST_STEP][PASSED] - Statement - Try: null

2018-06-10 17:34:12 - [TEST_STEP][PASSED] - Statement - StockQty = com.kms.katalon.core.webui.keyword.WebUiBuiltInKeywords.getAttribute(com.kms.katalon.core.testobject.ObjectRepository.findTestObject(lab/Page_Store/input_txtprice), "value"): Attribute 'value' of object 'Object Repository/lab/Page_Store/input_txtprice' is: '500'

2018-06-10 17:34:12 - [MESSAGE][PASSED] - Attribute 'value' of object 'Object Repository/lab/Page_Store/input_txtprice' is: '500'

2018-06-10 17:34:12 - [TEST_STEP][PASSED] - Statement - out.println("Stock QTY : " + StockQty): null

2018-06-10 17:34:12 - [TEST_STEP][PASSED] - delay: Delayed 1 second(s)

2018-06-10 17:34:13 - [MESSAGE][PASSED] - Delayed 1 second(s)

2018-06-10 17:34:13 - [TEST_STEP][PASSED] - Statement - If (java.lang.Integer.valueOf(StockQty) >= java.lang.Integer.valueOf(RequestedQty)): null

2018-06-10 17:34:13 - [TEST_STEP][PASSED] - setText: Text '10' is set on object 'Object Repository/lab/Page_Store/input_txtqty'

2018-06-10 17:34:13 - [MESSAGE][PASSED] - Text '10' is set on object 'Object Repository/lab/Page_Store/input_txtqty'

2018-06-10 17:34:13 - [TEST_STEP][PASSED] - click: Object: 'Object Repository/lab/Page_Store/button_Add' is clicked on

2018-06-10 17:34:13 - [MESSAGE][PASSED] - Object: 'Object Repository/lab/Page_Store/button_Add' is clicked on

2018-06-10 17:34:13 - [TEST_STEP][PASSED] - Statement - Break: null

2018-06-10 17:34:13 - [TEST_STEP][PASSED] - selectOptionByIndex: All options with index in [9] are selected on object 'Object Repository/lab/Page_Store/select_--Select--E.C.G. Jelly'

2018-06-10 17:34:13 - [MESSAGE][PASSED] - All options with index in [9] are selected on object 'Object Repository/lab/Page_Store/select_--Select--E.C.G. Jelly'

2018-06-10 17:34:13 - [TEST_STEP][PASSED] - delay: Delayed 2 second(s)

2018-06-10 17:34:15 - [MESSAGE][PASSED] - Delayed 2 second(s)

2018-06-10 17:34:15 - [TEST_STEP][PASSED] - Statement - RequestedQty = com.kms.katalon.core.webui.keyword.WebUiBuiltInKeywords.getAttribute(com.kms.katalon.core.testobject.ObjectRepository.findTestObject(lab/Page_Store/input_txttotal), "value"): Attribute 'value' of object 'Object Repository/lab/Page_Store/input_txttotal' is: '10'

2018-06-10 17:34:15 - [MESSAGE][PASSED] - Attribute 'value' of object 'Object Repository/lab/Page_Store/input_txttotal' is: '10'

2018-06-10 17:34:15 - [TEST_STEP][PASSED] - Statement - out.println("Requested QTY : " + RequestedQty): null

2018-06-10 17:34:15 - [TEST_STEP][PASSED] - Statement - BatchNumber = com.kms.katalon.core.webui.keyword.WebUiBuiltInKeywords.getNumberOfTotalOption(com.kms.katalon.core.testobject.ObjectRepository.findTestObject(lab/Page_Store/select_--Select--BA50)): 4 options of object 'Object Repository/lab/Page_Store/select_--Select--BA50' counted

2018-06-10 17:34:15 - [MESSAGE][PASSED] - 4 options of object 'Object Repository/lab/Page_Store/select_--Select--BA50' counted

2018-06-10 17:34:15 - [TEST_STEP][PASSED] - Statement - For ([g = 1, g <= BatchNumber - 1, (g++)]): null

2018-06-10 17:34:15 - [TEST_STEP][PASSED] - selectOptionByIndex: All options with index in [1] are selected on object 'Object Repository/lab/Page_Store/select_--Select--BA50'

2018-06-10 17:34:15 - [MESSAGE][PASSED] - All options with index in [1] are selected on object 'Object Repository/lab/Page_Store/select_--Select--BA50'

2018-06-10 17:34:15 - [TEST_STEP][PASSED] - delay: Delayed 2 second(s)

2018-06-10 17:34:17 - [MESSAGE][PASSED] - Delayed 2 second(s)

2018-06-10 17:34:17 - [TEST_STEP][PASSED] - Statement - Try: null

2018-06-10 17:34:17 - [TEST_STEP][PASSED] - Statement - StockQty = com.kms.katalon.core.webui.keyword.WebUiBuiltInKeywords.getAttribute(com.kms.katalon.core.testobject.ObjectRepository.findTestObject(lab/Page_Store/input_txtprice), "value"): Attribute 'value' of object 'Object Repository/lab/Page_Store/input_txtprice' is: '500'

2018-06-10 17:34:17 - [MESSAGE][PASSED] - Attribute 'value' of object 'Object Repository/lab/Page_Store/input_txtprice' is: '500'

2018-06-10 17:34:17 - [TEST_STEP][PASSED] - Statement - out.println("Stock QTY : " + StockQty): null

2018-06-10 17:34:17 - [TEST_STEP][PASSED] - delay: Delayed 1 second(s)

2018-06-10 17:34:18 - [MESSAGE][PASSED] - Delayed 1 second(s)

2018-06-10 17:34:18 - [TEST_STEP][PASSED] - Statement - If (java.lang.Integer.valueOf(StockQty) >= java.lang.Integer.valueOf(RequestedQty)): null

2018-06-10 17:34:18 - [TEST_STEP][PASSED] - setText: Text '10' is set on object 'Object Repository/lab/Page_Store/input_txtqty'

2018-06-10 17:34:18 - [MESSAGE][PASSED] - Text '10' is set on object 'Object Repository/lab/Page_Store/input_txtqty'

2018-06-10 17:34:18 - [TEST_STEP][PASSED] - click: Object: 'Object Repository/lab/Page_Store/button_Add' is clicked on

2018-06-10 17:34:18 - [MESSAGE][PASSED] - Object: 'Object Repository/lab/Page_Store/button_Add' is clicked on

2018-06-10 17:34:18 - [TEST_STEP][PASSED] - Statement - Break: null

2018-06-10 17:34:18 - [TEST_STEP][PASSED] - selectOptionByIndex: All options with index in [10] are selected on object 'Object Repository/lab/Page_Store/select_--Select--E.C.G. Jelly'

2018-06-10 17:34:19 - [MESSAGE][PASSED] - All options with index in [10] are selected on object 'Object Repository/lab/Page_Store/select_--Select--E.C.G. Jelly'

2018-06-10 17:34:19 - [TEST_STEP][PASSED] - delay: Delayed 2 second(s)

2018-06-10 17:34:21 - [MESSAGE][PASSED] - Delayed 2 second(s)

2018-06-10 17:34:21 - [TEST_STEP][PASSED] - Statement - RequestedQty = com.kms.katalon.core.webui.keyword.WebUiBuiltInKeywords.getAttribute(com.kms.katalon.core.testobject.ObjectRepository.findTestObject(lab/Page_Store/input_txttotal), "value"): Attribute 'value' of object 'Object Repository/lab/Page_Store/input_txttotal' is: '10'

2018-06-10 17:34:21 - [MESSAGE][PASSED] - Attribute 'value' of object 'Object Repository/lab/Page_Store/input_txttotal' is: '10'

2018-06-10 17:34:21 - [TEST_STEP][PASSED] - Statement - out.println("Requested QTY : " + RequestedQty): null

2018-06-10 17:34:21 - [TEST_STEP][PASSED] - Statement - BatchNumber = com.kms.katalon.core.webui.keyword.WebUiBuiltInKeywords.getNumberOfTotalOption(com.kms.katalon.core.testobject.ObjectRepository.findTestObject(lab/Page_Store/select_--Select--BA50)): 3 options of object 'Object Repository/lab/Page_Store/select_--Select--BA50' counted

2018-06-10 17:34:21 - [MESSAGE][PASSED] - 3 options of object 'Object Repository/lab/Page_Store/select_--Select--BA50' counted

2018-06-10 17:34:21 - [TEST_STEP][PASSED] - Statement - For ([g = 1, g <= BatchNumber - 1, (g++)]): null

2018-06-10 17:34:21 - [TEST_STEP][PASSED] - selectOptionByIndex: All options with index in [1] are selected on object 'Object Repository/lab/Page_Store/select_--Select--BA50'

2018-06-10 17:34:21 - [MESSAGE][PASSED] - All options with index in [1] are selected on object 'Object Repository/lab/Page_Store/select_--Select--BA50'

2018-06-10 17:34:21 - [TEST_STEP][PASSED] - delay: Delayed 2 second(s)

2018-06-10 17:34:23 - [MESSAGE][PASSED] - Delayed 2 second(s)

2018-06-10 17:34:23 - [TEST_STEP][PASSED] - Statement - Try: null

2018-06-10 17:34:23 - [TEST_STEP][PASSED] - Statement - StockQty = com.kms.katalon.core.webui.keyword.WebUiBuiltInKeywords.getAttribute(com.kms.katalon.core.testobject.ObjectRepository.findTestObject(lab/Page_Store/input_txtprice), "value"): Attribute 'value' of object 'Object Repository/lab/Page_Store/input_txtprice' is: '1070'

2018-06-10 17:34:23 - [MESSAGE][PASSED] - Attribute 'value' of object 'Object Repository/lab/Page_Store/input_txtprice' is: '1070'

2018-06-10 17:34:23 - [TEST_STEP][PASSED] - Statement - out.println("Stock QTY : " + StockQty): null

2018-06-10 17:34:23 - [TEST_STEP][PASSED] - delay: Delayed 1 second(s)

2018-06-10 17:34:24 - [MESSAGE][PASSED] - Delayed 1 second(s)

2018-06-10 17:34:24 - [TEST_STEP][PASSED] - Statement - If (java.lang.Integer.valueOf(StockQty) >= java.lang.Integer.valueOf(RequestedQty)): null

2018-06-10 17:34:24 - [TEST_STEP][PASSED] - setText: Text '10' is set on object 'Object Repository/lab/Page_Store/input_txtqty'

2018-06-10 17:34:24 - [MESSAGE][PASSED] - Text '10' is set on object 'Object Repository/lab/Page_Store/input_txtqty'

2018-06-10 17:34:24 - [TEST_STEP][PASSED] - click: Object: 'Object Repository/lab/Page_Store/button_Add' is clicked on

2018-06-10 17:34:24 - [MESSAGE][PASSED] - Object: 'Object Repository/lab/Page_Store/button_Add' is clicked on

2018-06-10 17:34:24 - [TEST_STEP][PASSED] - Statement - Break: null

2018-06-10 17:34:24 - [TEST_STEP][PASSED] - selectOptionByIndex: All options with index in [11] are selected on object 'Object Repository/lab/Page_Store/select_--Select--E.C.G. Jelly'

2018-06-10 17:34:24 - [MESSAGE][PASSED] - All options with index in [11] are selected on object 'Object Repository/lab/Page_Store/select_--Select--E.C.G. Jelly'

2018-06-10 17:34:24 - [TEST_STEP][PASSED] - delay: Delayed 2 second(s)

2018-06-10 17:34:26 - [MESSAGE][PASSED] - Delayed 2 second(s)

2018-06-10 17:34:26 - [TEST_STEP][PASSED] - Statement - RequestedQty = com.kms.katalon.core.webui.keyword.WebUiBuiltInKeywords.getAttribute(com.kms.katalon.core.testobject.ObjectRepository.findTestObject(lab/Page_Store/input_txttotal), "value"): Attribute 'value' of object 'Object Repository/lab/Page_Store/input_txttotal' is: '10'

2018-06-10 17:34:26 - [MESSAGE][PASSED] - Attribute 'value' of object 'Object Repository/lab/Page_Store/input_txttotal' is: '10'

2018-06-10 17:34:26 - [TEST_STEP][PASSED] - Statement - out.println("Requested QTY : " + RequestedQty): null

2018-06-10 17:34:26 - [TEST_STEP][PASSED] - Statement - BatchNumber = com.kms.katalon.core.webui.keyword.WebUiBuiltInKeywords.getNumberOfTotalOption(com.kms.katalon.core.testobject.ObjectRepository.findTestObject(lab/Page_Store/select_--Select--BA50)): 2 options of object 'Object Repository/lab/Page_Store/select_--Select--BA50' counted

2018-06-10 17:34:26 - [MESSAGE][PASSED] - 2 options of object 'Object Repository/lab/Page_Store/select_--Select--BA50' counted

2018-06-10 17:34:26 - [TEST_STEP][PASSED] - Statement - For ([g = 1, g <= BatchNumber - 1, (g++)]): null

2018-06-10 17:34:26 - [TEST_STEP][PASSED] - selectOptionByIndex: All options with index in [1] are selected on object 'Object Repository/lab/Page_Store/select_--Select--BA50'

2018-06-10 17:34:26 - [MESSAGE][PASSED] - All options with index in [1] are selected on object 'Object Repository/lab/Page_Store/select_--Select--BA50'

2018-06-10 17:34:26 - [TEST_STEP][PASSED] - delay: Delayed 2 second(s)

2018-06-10 17:34:28 - [MESSAGE][PASSED] - Delayed 2 second(s)

2018-06-10 17:34:28 - [TEST_STEP][PASSED] - Statement - Try: null

2018-06-10 17:34:28 - [TEST_STEP][PASSED] - Statement - StockQty = com.kms.katalon.core.webui.keyword.WebUiBuiltInKeywords.getAttribute(com.kms.katalon.core.testobject.ObjectRepository.findTestObject(lab/Page_Store/input_txtprice), "value"): Attribute 'value' of object 'Object Repository/lab/Page_Store/input_txtprice' is: '1120'

2018-06-10 17:34:29 - [MESSAGE][PASSED] - Attribute 'value' of object 'Object Repository/lab/Page_Store/input_txtprice' is: '1120'

2018-06-10 17:34:29 - [TEST_STEP][PASSED] - Statement - out.println("Stock QTY : " + StockQty): null

2018-06-10 17:34:29 - [TEST_STEP][PASSED] - delay: Delayed 1 second(s)

2018-06-10 17:34:30 - [MESSAGE][PASSED] - Delayed 1 second(s)

2018-06-10 17:34:30 - [TEST_STEP][PASSED] - Statement - If (java.lang.Integer.valueOf(StockQty) >= java.lang.Integer.valueOf(RequestedQty)): null

2018-06-10 17:34:30 - [TEST_STEP][PASSED] - setText: Text '10' is set on object 'Object Repository/lab/Page_Store/input_txtqty'

2018-06-10 17:34:30 - [MESSAGE][PASSED] - Text '10' is set on object 'Object Repository/lab/Page_Store/input_txtqty'

2018-06-10 17:34:30 - [TEST_STEP][PASSED] - click: Object: 'Object Repository/lab/Page_Store/button_Add' is clicked on

2018-06-10 17:34:30 - [MESSAGE][PASSED] - Object: 'Object Repository/lab/Page_Store/button_Add' is clicked on

2018-06-10 17:34:30 - [TEST_STEP][PASSED] - Statement - Break: null

2018-06-10 17:34:30 - [TEST_STEP][PASSED] - selectOptionByIndex: All options with index in [12] are selected on object 'Object Repository/lab/Page_Store/select_--Select--E.C.G. Jelly'

2018-06-10 17:34:30 - [MESSAGE][PASSED] - All options with index in [12] are selected on object 'Object Repository/lab/Page_Store/select_--Select--E.C.G. Jelly'

2018-06-10 17:34:30 - [TEST_STEP][PASSED] - delay: Delayed 2 second(s)

2018-06-10 17:34:32 - [MESSAGE][PASSED] - Delayed 2 second(s)

2018-06-10 17:34:32 - [TEST_STEP][PASSED] - Statement - RequestedQty = com.kms.katalon.core.webui.keyword.WebUiBuiltInKeywords.getAttribute(com.kms.katalon.core.testobject.ObjectRepository.findTestObject(lab/Page_Store/input_txttotal), "value"): Attribute 'value' of object 'Object Repository/lab/Page_Store/input_txttotal' is: '10'

2018-06-10 17:34:32 - [MESSAGE][PASSED] - Attribute 'value' of object 'Object Repository/lab/Page_Store/input_txttotal' is: '10'

2018-06-10 17:34:32 - [TEST_STEP][PASSED] - Statement - out.println("Requested QTY : " + RequestedQty): null

2018-06-10 17:34:32 - [TEST_STEP][PASSED] - Statement - BatchNumber = com.kms.katalon.core.webui.keyword.WebUiBuiltInKeywords.getNumberOfTotalOption(com.kms.katalon.core.testobject.ObjectRepository.findTestObject(lab/Page_Store/select_--Select--BA50)): 3 options of object 'Object Repository/lab/Page_Store/select_--Select--BA50' counted

2018-06-10 17:34:32 - [MESSAGE][PASSED] - 3 options of object 'Object Repository/lab/Page_Store/select_--Select--BA50' counted

2018-06-10 17:34:32 - [TEST_STEP][PASSED] - Statement - For ([g = 1, g <= BatchNumber - 1, (g++)]): null

2018-06-10 17:34:32 - [TEST_STEP][PASSED] - selectOptionByIndex: All options with index in [1] are selected on object 'Object Repository/lab/Page_Store/select_--Select--BA50'

2018-06-10 17:34:32 - [MESSAGE][PASSED] - All options with index in [1] are selected on object 'Object Repository/lab/Page_Store/select_--Select--BA50'

2018-06-10 17:34:32 - [TEST_STEP][PASSED] - delay: Delayed 2 second(s)

2018-06-10 17:34:34 - [MESSAGE][PASSED] - Delayed 2 second(s)

2018-06-10 17:34:34 - [TEST_STEP][PASSED] - Statement - Try: null

2018-06-10 17:34:34 - [TEST_STEP][PASSED] - Statement - StockQty = com.kms.katalon.core.webui.keyword.WebUiBuiltInKeywords.getAttribute(com.kms.katalon.core.testobject.ObjectRepository.findTestObject(lab/Page_Store/input_txtprice), "value"): Attribute 'value' of object 'Object Repository/lab/Page_Store/input_txtprice' is: '1070'

2018-06-10 17:34:34 - [MESSAGE][PASSED] - Attribute 'value' of object 'Object Repository/lab/Page_Store/input_txtprice' is: '1070'

2018-06-10 17:34:34 - [TEST_STEP][PASSED] - Statement - out.println("Stock QTY : " + StockQty): null

2018-06-10 17:34:34 - [TEST_STEP][PASSED] - delay: Delayed 1 second(s)

2018-06-10 17:34:35 - [MESSAGE][PASSED] - Delayed 1 second(s)

2018-06-10 17:34:35 - [TEST_STEP][PASSED] - Statement - If (java.lang.Integer.valueOf(StockQty) >= java.lang.Integer.valueOf(RequestedQty)): null

2018-06-10 17:34:35 - [TEST_STEP][PASSED] - setText: Text '10' is set on object 'Object Repository/lab/Page_Store/input_txtqty'

2018-06-10 17:34:35 - [MESSAGE][PASSED] - Text '10' is set on object 'Object Repository/lab/Page_Store/input_txtqty'

2018-06-10 17:34:35 - [TEST_STEP][PASSED] - click: Object: 'Object Repository/lab/Page_Store/button_Add' is clicked on

2018-06-10 17:34:35 - [MESSAGE][PASSED] - Object: 'Object Repository/lab/Page_Store/button_Add' is clicked on

2018-06-10 17:34:35 - [TEST_STEP][PASSED] - Statement - Break: null

2018-06-10 17:34:35 - [TEST_STEP][PASSED] - selectOptionByIndex: All options with index in [13] are selected on object 'Object Repository/lab/Page_Store/select_--Select--E.C.G. Jelly'

2018-06-10 17:34:36 - [MESSAGE][PASSED] - All options with index in [13] are selected on object 'Object Repository/lab/Page_Store/select_--Select--E.C.G. Jelly'

2018-06-10 17:34:36 - [TEST_STEP][PASSED] - delay: Delayed 2 second(s)

2018-06-10 17:34:38 - [MESSAGE][PASSED] - Delayed 2 second(s)

2018-06-10 17:34:38 - [TEST_STEP][PASSED] - Statement - RequestedQty = com.kms.katalon.core.webui.keyword.WebUiBuiltInKeywords.getAttribute(com.kms.katalon.core.testobject.ObjectRepository.findTestObject(lab/Page_Store/input_txttotal), "value"): Attribute 'value' of object 'Object Repository/lab/Page_Store/input_txttotal' is: '10'

2018-06-10 17:34:38 - [MESSAGE][PASSED] - Attribute 'value' of object 'Object Repository/lab/Page_Store/input_txttotal' is: '10'

2018-06-10 17:34:38 - [TEST_STEP][PASSED] - Statement - out.println("Requested QTY : " + RequestedQty): null

2018-06-10 17:34:38 - [TEST_STEP][PASSED] - Statement - BatchNumber = com.kms.katalon.core.webui.keyword.WebUiBuiltInKeywords.getNumberOfTotalOption(com.kms.katalon.core.testobject.ObjectRepository.findTestObject(lab/Page_Store/select_--Select--BA50)): 6 options of object 'Object Repository/lab/Page_Store/select_--Select--BA50' counted

2018-06-10 17:34:38 - [MESSAGE][PASSED] - 6 options of object 'Object Repository/lab/Page_Store/select_--Select--BA50' counted

2018-06-10 17:34:38 - [TEST_STEP][PASSED] - Statement - For ([g = 1, g <= BatchNumber - 1, (g++)]): null

2018-06-10 17:34:38 - [TEST_STEP][PASSED] - selectOptionByIndex: All options with index in [1] are selected on object 'Object Repository/lab/Page_Store/select_--Select--BA50'

2018-06-10 17:34:38 - [MESSAGE][PASSED] - All options with index in [1] are selected on object 'Object Repository/lab/Page_Store/select_--Select--BA50'

2018-06-10 17:34:38 - [TEST_STEP][PASSED] - delay: Delayed 2 second(s)

2018-06-10 17:34:40 - [MESSAGE][PASSED] - Delayed 2 second(s)

2018-06-10 17:34:40 - [TEST_STEP][PASSED] - Statement - Try: null

2018-06-10 17:34:40 - [TEST_STEP][PASSED] - Statement - StockQty = com.kms.katalon.core.webui.keyword.WebUiBuiltInKeywords.getAttribute(com.kms.katalon.core.testobject.ObjectRepository.findTestObject(lab/Page_Store/input_txtprice), "value"): Attribute 'value' of object 'Object Repository/lab/Page_Store/input_txtprice' is: '90'

2018-06-10 17:34:40 - [MESSAGE][PASSED] - Attribute 'value' of object 'Object Repository/lab/Page_Store/input_txtprice' is: '90'

2018-06-10 17:34:40 - [TEST_STEP][PASSED] - Statement - out.println("Stock QTY : " + StockQty): null

2018-06-10 17:34:40 - [TEST_STEP][PASSED] - delay: Delayed 1 second(s)

2018-06-10 17:34:41 - [MESSAGE][PASSED] - Delayed 1 second(s)

2018-06-10 17:34:41 - [TEST_STEP][PASSED] - Statement - If (java.lang.Integer.valueOf(StockQty) >= java.lang.Integer.valueOf(RequestedQty)): null

2018-06-10 17:34:41 - [TEST_STEP][PASSED] - setText: Text '10' is set on object 'Object Repository/lab/Page_Store/input_txtqty'

2018-06-10 17:34:41 - [MESSAGE][PASSED] - Text '10' is set on object 'Object Repository/lab/Page_Store/input_txtqty'

2018-06-10 17:34:41 - [TEST_STEP][PASSED] - click: Object: 'Object Repository/lab/Page_Store/button_Add' is clicked on

2018-06-10 17:34:41 - [MESSAGE][PASSED] - Object: 'Object Repository/lab/Page_Store/button_Add' is clicked on

2018-06-10 17:34:41 - [TEST_STEP][PASSED] - Statement - Break: null

2018-06-10 17:34:41 - [TEST_STEP][PASSED] - scrollToElement: Scroll to object 'Object Repository/lab/Page_Store/input_btnSubmit' successfully

2018-06-10 17:34:41 - [MESSAGE][PASSED] - Scroll to object 'Object Repository/lab/Page_Store/input_btnSubmit' successfully

2018-06-10 17:34:41 - [TEST_STEP][PASSED] - click: Object: 'Object Repository/lab/Page_Store/input_btnSubmit' is clicked on

2018-06-10 17:34:41 - [MESSAGE][PASSED] - Object: 'Object Repository/lab/Page_Store/input_btnSubmit' is clicked on

2018-06-10 17:34:41 - [TEST_STEP][PASSED] - delay: Delayed 3 second(s)

2018-06-10 17:34:44 - [MESSAGE][PASSED] - Delayed 3 second(s)

2018-06-10 17:34:44 - [TEST_STEP][PASSED] - click: Object: 'Object Repository/lab/Page_Store/button_OK' is clicked on

2018-06-10 17:34:45 - [MESSAGE][PASSED] - Object: 'Object Repository/lab/Page_Store/button_OK' is clicked on

2018-06-10 17:34:45 - [TEST_STEP][PASSED] - delay: Delayed 3 second(s)

2018-06-10 17:34:48 - [MESSAGE][PASSED] - Delayed 3 second(s)

2018-06-10 17:34:48 - [TEST_STEP][PASSED] - click: Object: 'Object Repository/lab/Page_Store/a_dropdown-toggle' is clicked on

2018-06-10 17:34:48 - [MESSAGE][PASSED] - Object: 'Object Repository/lab/Page_Store/a_dropdown-toggle' is clicked on

2018-06-10 17:34:48 - [TEST_STEP][PASSED] - click: Object: 'Object Repository/lab/Page_Store/a_Sign out' is clicked on

2018-06-10 17:34:49 - [MESSAGE][PASSED] - Object: 'Object Repository/lab/Page_Store/a_Sign out' is clicked on

2018-06-10 17:34:49 - [TEST_STEP][PASSED] - closeBrowser: Browser is closed

2018-06-10 17:34:49 - [MESSAGE][PASSED] - Browser is closed

2018-06-10 17:34:49 - [TEST_STEP][PASSED] - Statement - out.println("Schedule 6 Investigation Request Are Working Successfully"): null]]></system-out>
         <system-err><![CDATA[]]></system-err>
      </testcase>
      <testcase name="Test Cases/INVESTIGATION TEST CASES/TC_INV_004 Verify Schedule 8 Investigation Request Are Working Successfully Or Not" classname="Test Cases/INVESTIGATION TEST CASES/TC_INV_004 Verify Schedule 8 Investigation Request Are Working Successfully Or Not" status="PASSED">
         <system-out><![CDATA[2018-06-10 17:34:49 - [TEST_CASE][PASSED] - Test Cases/INVESTIGATION TEST CASES/TC_INV_004 Verify Schedule 8 Investigation Request Are Working Successfully Or Not: Test Cases/INVESTIGATION TEST CASES/TC_INV_004 Verify Schedule 8 Investigation Request Are Working Successfully Or Not

2018-06-10 17:34:50 - [TEST_STEP][PASSED] - openBrowser: Browser is opened with url: ''

2018-06-10 17:34:52 - [MESSAGE][PASSED] - Browser is opened with url: ''

2018-06-10 17:34:52 - [TEST_STEP][PASSED] - navigateToUrl: Navigate to 'http://192.168.137.1/multihospital_new/' successfully

2018-06-10 17:34:53 - [MESSAGE][PASSED] - Navigate to 'http://192.168.137.1/multihospital_new/' successfully

2018-06-10 17:34:53 - [TEST_STEP][PASSED] - Statement - out.println(" Verify Schedule 8 Investigation Request Are Working Successfully Or Not"): null

2018-06-10 17:34:53 - [TEST_STEP][PASSED] - maximizeWindow: Current window maximized

2018-06-10 17:34:54 - [MESSAGE][PASSED] - Current window maximized

2018-06-10 17:34:54 - [TEST_STEP][PASSED] - click: Object: 'Object Repository/lab/Page_KDMC/a_Investigation' is clicked on

2018-06-10 17:34:55 - [MESSAGE][PASSED] - Object: 'Object Repository/lab/Page_KDMC/a_Investigation' is clicked on

2018-06-10 17:34:55 - [TEST_STEP][PASSED] - setText: Text 'manoj' is set on object 'Object Repository/lab/Page_Investigation login/input_txtusername'

2018-06-10 17:34:55 - [MESSAGE][PASSED] - Text 'manoj' is set on object 'Object Repository/lab/Page_Investigation login/input_txtusername'

2018-06-10 17:34:55 - [TEST_STEP][PASSED] - setText: Text '123' is set on object 'Object Repository/lab/Page_Investigation login/input_txtpassword'

2018-06-10 17:34:55 - [MESSAGE][PASSED] - Text '123' is set on object 'Object Repository/lab/Page_Investigation login/input_txtpassword'

2018-06-10 17:34:55 - [TEST_STEP][PASSED] - delay: Delayed 3 second(s)

2018-06-10 17:34:58 - [MESSAGE][PASSED] - Delayed 3 second(s)

2018-06-10 17:34:58 - [TEST_STEP][PASSED] - click: Object: 'Object Repository/lab/Page_Investigation login/button_Sign in' is clicked on

2018-06-10 17:34:59 - [MESSAGE][PASSED] - Object: 'Object Repository/lab/Page_Investigation login/button_Sign in' is clicked on

2018-06-10 17:34:59 - [TEST_STEP][PASSED] - click: Object: 'Object Repository/lab/Page_KDMC/a_Store Request' is clicked on

2018-06-10 17:35:01 - [MESSAGE][PASSED] - Object: 'Object Repository/lab/Page_KDMC/a_Store Request' is clicked on

2018-06-10 17:35:01 - [TEST_STEP][PASSED] - delay: Delayed 2 second(s)

2018-06-10 17:35:03 - [MESSAGE][PASSED] - Delayed 2 second(s)

2018-06-10 17:35:03 - [TEST_STEP][PASSED] - click: Object: 'Object Repository/lab/Page_KDMC/a_Medicine Request' is clicked on

2018-06-10 17:35:03 - [MESSAGE][PASSED] - Object: 'Object Repository/lab/Page_KDMC/a_Medicine Request' is clicked on

2018-06-10 17:35:03 - [TEST_STEP][PASSED] - selectOptionByIndex: All options with index in [4] are selected on object 'Object Repository/lab/Page_KDMC/select_--Select--Schedule 4X-r'

2018-06-10 17:35:03 - [MESSAGE][PASSED] - All options with index in [4] are selected on object 'Object Repository/lab/Page_KDMC/select_--Select--Schedule 4X-r'

2018-06-10 17:35:03 - [TEST_STEP][PASSED] - Statement - medicineslength = com.kms.katalon.core.webui.keyword.WebUiBuiltInKeywords.getNumberOfTotalOption(com.kms.katalon.core.testobject.ObjectRepository.findTestObject(lab/Page_KDMC/select_--Select--Automatic x-r)): 18 options of object 'Object Repository/lab/Page_KDMC/select_--Select--Automatic x-r' counted

2018-06-10 17:35:03 - [MESSAGE][PASSED] - 18 options of object 'Object Repository/lab/Page_KDMC/select_--Select--Automatic x-r' counted

2018-06-10 17:35:03 - [TEST_STEP][PASSED] - Statement - For ([e = 1, e < medicineslength, (e++)]): Object: 'Object Repository/lab/Page_KDMC/button_Add' is clicked on

2018-06-10 17:35:03 - [TEST_STEP][PASSED] - selectOptionByIndex: All options with index in [4] are selected on object 'Object Repository/lab/Page_KDMC/select_--Select--Schedule 4X-r'

2018-06-10 17:35:04 - [MESSAGE][PASSED] - All options with index in [4] are selected on object 'Object Repository/lab/Page_KDMC/select_--Select--Schedule 4X-r'

2018-06-10 17:35:04 - [TEST_STEP][PASSED] - selectOptionByIndex: All options with index in [1] are selected on object 'Object Repository/lab/Page_KDMC/select_--Select--Automatic x-r'

2018-06-10 17:35:04 - [MESSAGE][PASSED] - All options with index in [1] are selected on object 'Object Repository/lab/Page_KDMC/select_--Select--Automatic x-r'

2018-06-10 17:35:04 - [TEST_STEP][PASSED] - setText: Text '10' is set on object 'Object Repository/lab/Page_KDMC/input_txttreat'

2018-06-10 17:35:04 - [MESSAGE][PASSED] - Text '10' is set on object 'Object Repository/lab/Page_KDMC/input_txttreat'

2018-06-10 17:35:04 - [TEST_STEP][PASSED] - click: Object: 'Object Repository/lab/Page_KDMC/button_Add' is clicked on

2018-06-10 17:35:04 - [MESSAGE][PASSED] - Object: 'Object Repository/lab/Page_KDMC/button_Add' is clicked on

2018-06-10 17:35:04 - [TEST_STEP][PASSED] - selectOptionByIndex: All options with index in [4] are selected on object 'Object Repository/lab/Page_KDMC/select_--Select--Schedule 4X-r'

2018-06-10 17:35:04 - [MESSAGE][PASSED] - All options with index in [4] are selected on object 'Object Repository/lab/Page_KDMC/select_--Select--Schedule 4X-r'

2018-06-10 17:35:04 - [TEST_STEP][PASSED] - selectOptionByIndex: All options with index in [2] are selected on object 'Object Repository/lab/Page_KDMC/select_--Select--Automatic x-r'

2018-06-10 17:35:04 - [MESSAGE][PASSED] - All options with index in [2] are selected on object 'Object Repository/lab/Page_KDMC/select_--Select--Automatic x-r'

2018-06-10 17:35:04 - [TEST_STEP][PASSED] - setText: Text '10' is set on object 'Object Repository/lab/Page_KDMC/input_txttreat'

2018-06-10 17:35:05 - [MESSAGE][PASSED] - Text '10' is set on object 'Object Repository/lab/Page_KDMC/input_txttreat'

2018-06-10 17:35:05 - [TEST_STEP][PASSED] - click: Object: 'Object Repository/lab/Page_KDMC/button_Add' is clicked on

2018-06-10 17:35:05 - [MESSAGE][PASSED] - Object: 'Object Repository/lab/Page_KDMC/button_Add' is clicked on

2018-06-10 17:35:05 - [TEST_STEP][PASSED] - selectOptionByIndex: All options with index in [4] are selected on object 'Object Repository/lab/Page_KDMC/select_--Select--Schedule 4X-r'

2018-06-10 17:35:05 - [MESSAGE][PASSED] - All options with index in [4] are selected on object 'Object Repository/lab/Page_KDMC/select_--Select--Schedule 4X-r'

2018-06-10 17:35:05 - [TEST_STEP][PASSED] - selectOptionByIndex: All options with index in [3] are selected on object 'Object Repository/lab/Page_KDMC/select_--Select--Automatic x-r'

2018-06-10 17:35:05 - [MESSAGE][PASSED] - All options with index in [3] are selected on object 'Object Repository/lab/Page_KDMC/select_--Select--Automatic x-r'

2018-06-10 17:35:05 - [TEST_STEP][PASSED] - setText: Text '10' is set on object 'Object Repository/lab/Page_KDMC/input_txttreat'

2018-06-10 17:35:05 - [MESSAGE][PASSED] - Text '10' is set on object 'Object Repository/lab/Page_KDMC/input_txttreat'

2018-06-10 17:35:05 - [TEST_STEP][PASSED] - click: Object: 'Object Repository/lab/Page_KDMC/button_Add' is clicked on

2018-06-10 17:35:05 - [MESSAGE][PASSED] - Object: 'Object Repository/lab/Page_KDMC/button_Add' is clicked on

2018-06-10 17:35:05 - [TEST_STEP][PASSED] - selectOptionByIndex: All options with index in [4] are selected on object 'Object Repository/lab/Page_KDMC/select_--Select--Schedule 4X-r'

2018-06-10 17:35:05 - [MESSAGE][PASSED] - All options with index in [4] are selected on object 'Object Repository/lab/Page_KDMC/select_--Select--Schedule 4X-r'

2018-06-10 17:35:05 - [TEST_STEP][PASSED] - selectOptionByIndex: All options with index in [4] are selected on object 'Object Repository/lab/Page_KDMC/select_--Select--Automatic x-r'

2018-06-10 17:35:05 - [MESSAGE][PASSED] - All options with index in [4] are selected on object 'Object Repository/lab/Page_KDMC/select_--Select--Automatic x-r'

2018-06-10 17:35:05 - [TEST_STEP][PASSED] - setText: Text '10' is set on object 'Object Repository/lab/Page_KDMC/input_txttreat'

2018-06-10 17:35:05 - [MESSAGE][PASSED] - Text '10' is set on object 'Object Repository/lab/Page_KDMC/input_txttreat'

2018-06-10 17:35:05 - [TEST_STEP][PASSED] - click: Object: 'Object Repository/lab/Page_KDMC/button_Add' is clicked on

2018-06-10 17:35:05 - [MESSAGE][PASSED] - Object: 'Object Repository/lab/Page_KDMC/button_Add' is clicked on

2018-06-10 17:35:05 - [TEST_STEP][PASSED] - selectOptionByIndex: All options with index in [4] are selected on object 'Object Repository/lab/Page_KDMC/select_--Select--Schedule 4X-r'

2018-06-10 17:35:06 - [MESSAGE][PASSED] - All options with index in [4] are selected on object 'Object Repository/lab/Page_KDMC/select_--Select--Schedule 4X-r'

2018-06-10 17:35:06 - [TEST_STEP][PASSED] - selectOptionByIndex: All options with index in [5] are selected on object 'Object Repository/lab/Page_KDMC/select_--Select--Automatic x-r'

2018-06-10 17:35:06 - [MESSAGE][PASSED] - All options with index in [5] are selected on object 'Object Repository/lab/Page_KDMC/select_--Select--Automatic x-r'

2018-06-10 17:35:06 - [TEST_STEP][PASSED] - setText: Text '10' is set on object 'Object Repository/lab/Page_KDMC/input_txttreat'

2018-06-10 17:35:06 - [MESSAGE][PASSED] - Text '10' is set on object 'Object Repository/lab/Page_KDMC/input_txttreat'

2018-06-10 17:35:06 - [TEST_STEP][PASSED] - click: Object: 'Object Repository/lab/Page_KDMC/button_Add' is clicked on

2018-06-10 17:35:06 - [MESSAGE][PASSED] - Object: 'Object Repository/lab/Page_KDMC/button_Add' is clicked on

2018-06-10 17:35:06 - [TEST_STEP][PASSED] - selectOptionByIndex: All options with index in [4] are selected on object 'Object Repository/lab/Page_KDMC/select_--Select--Schedule 4X-r'

2018-06-10 17:35:06 - [MESSAGE][PASSED] - All options with index in [4] are selected on object 'Object Repository/lab/Page_KDMC/select_--Select--Schedule 4X-r'

2018-06-10 17:35:06 - [TEST_STEP][PASSED] - selectOptionByIndex: All options with index in [6] are selected on object 'Object Repository/lab/Page_KDMC/select_--Select--Automatic x-r'

2018-06-10 17:35:06 - [MESSAGE][PASSED] - All options with index in [6] are selected on object 'Object Repository/lab/Page_KDMC/select_--Select--Automatic x-r'

2018-06-10 17:35:06 - [TEST_STEP][PASSED] - setText: Text '10' is set on object 'Object Repository/lab/Page_KDMC/input_txttreat'

2018-06-10 17:35:06 - [MESSAGE][PASSED] - Text '10' is set on object 'Object Repository/lab/Page_KDMC/input_txttreat'

2018-06-10 17:35:06 - [TEST_STEP][PASSED] - click: Object: 'Object Repository/lab/Page_KDMC/button_Add' is clicked on

2018-06-10 17:35:06 - [MESSAGE][PASSED] - Object: 'Object Repository/lab/Page_KDMC/button_Add' is clicked on

2018-06-10 17:35:06 - [TEST_STEP][PASSED] - selectOptionByIndex: All options with index in [4] are selected on object 'Object Repository/lab/Page_KDMC/select_--Select--Schedule 4X-r'

2018-06-10 17:35:07 - [MESSAGE][PASSED] - All options with index in [4] are selected on object 'Object Repository/lab/Page_KDMC/select_--Select--Schedule 4X-r'

2018-06-10 17:35:07 - [TEST_STEP][PASSED] - selectOptionByIndex: All options with index in [7] are selected on object 'Object Repository/lab/Page_KDMC/select_--Select--Automatic x-r'

2018-06-10 17:35:07 - [MESSAGE][PASSED] - All options with index in [7] are selected on object 'Object Repository/lab/Page_KDMC/select_--Select--Automatic x-r'

2018-06-10 17:35:07 - [TEST_STEP][PASSED] - setText: Text '10' is set on object 'Object Repository/lab/Page_KDMC/input_txttreat'

2018-06-10 17:35:07 - [MESSAGE][PASSED] - Text '10' is set on object 'Object Repository/lab/Page_KDMC/input_txttreat'

2018-06-10 17:35:07 - [TEST_STEP][PASSED] - click: Object: 'Object Repository/lab/Page_KDMC/button_Add' is clicked on

2018-06-10 17:35:07 - [MESSAGE][PASSED] - Object: 'Object Repository/lab/Page_KDMC/button_Add' is clicked on

2018-06-10 17:35:07 - [TEST_STEP][PASSED] - selectOptionByIndex: All options with index in [4] are selected on object 'Object Repository/lab/Page_KDMC/select_--Select--Schedule 4X-r'

2018-06-10 17:35:07 - [MESSAGE][PASSED] - All options with index in [4] are selected on object 'Object Repository/lab/Page_KDMC/select_--Select--Schedule 4X-r'

2018-06-10 17:35:07 - [TEST_STEP][PASSED] - selectOptionByIndex: All options with index in [8] are selected on object 'Object Repository/lab/Page_KDMC/select_--Select--Automatic x-r'

2018-06-10 17:35:07 - [MESSAGE][PASSED] - All options with index in [8] are selected on object 'Object Repository/lab/Page_KDMC/select_--Select--Automatic x-r'

2018-06-10 17:35:07 - [TEST_STEP][PASSED] - setText: Text '10' is set on object 'Object Repository/lab/Page_KDMC/input_txttreat'

2018-06-10 17:35:07 - [MESSAGE][PASSED] - Text '10' is set on object 'Object Repository/lab/Page_KDMC/input_txttreat'

2018-06-10 17:35:07 - [TEST_STEP][PASSED] - click: Object: 'Object Repository/lab/Page_KDMC/button_Add' is clicked on

2018-06-10 17:35:07 - [MESSAGE][PASSED] - Object: 'Object Repository/lab/Page_KDMC/button_Add' is clicked on

2018-06-10 17:35:07 - [TEST_STEP][PASSED] - selectOptionByIndex: All options with index in [4] are selected on object 'Object Repository/lab/Page_KDMC/select_--Select--Schedule 4X-r'

2018-06-10 17:35:08 - [MESSAGE][PASSED] - All options with index in [4] are selected on object 'Object Repository/lab/Page_KDMC/select_--Select--Schedule 4X-r'

2018-06-10 17:35:08 - [TEST_STEP][PASSED] - selectOptionByIndex: All options with index in [9] are selected on object 'Object Repository/lab/Page_KDMC/select_--Select--Automatic x-r'

2018-06-10 17:35:08 - [MESSAGE][PASSED] - All options with index in [9] are selected on object 'Object Repository/lab/Page_KDMC/select_--Select--Automatic x-r'

2018-06-10 17:35:08 - [TEST_STEP][PASSED] - setText: Text '10' is set on object 'Object Repository/lab/Page_KDMC/input_txttreat'

2018-06-10 17:35:08 - [MESSAGE][PASSED] - Text '10' is set on object 'Object Repository/lab/Page_KDMC/input_txttreat'

2018-06-10 17:35:08 - [TEST_STEP][PASSED] - click: Object: 'Object Repository/lab/Page_KDMC/button_Add' is clicked on

2018-06-10 17:35:08 - [MESSAGE][PASSED] - Object: 'Object Repository/lab/Page_KDMC/button_Add' is clicked on

2018-06-10 17:35:08 - [TEST_STEP][PASSED] - selectOptionByIndex: All options with index in [4] are selected on object 'Object Repository/lab/Page_KDMC/select_--Select--Schedule 4X-r'

2018-06-10 17:35:08 - [MESSAGE][PASSED] - All options with index in [4] are selected on object 'Object Repository/lab/Page_KDMC/select_--Select--Schedule 4X-r'

2018-06-10 17:35:08 - [TEST_STEP][PASSED] - selectOptionByIndex: All options with index in [10] are selected on object 'Object Repository/lab/Page_KDMC/select_--Select--Automatic x-r'

2018-06-10 17:35:08 - [MESSAGE][PASSED] - All options with index in [10] are selected on object 'Object Repository/lab/Page_KDMC/select_--Select--Automatic x-r'

2018-06-10 17:35:08 - [TEST_STEP][PASSED] - setText: Text '10' is set on object 'Object Repository/lab/Page_KDMC/input_txttreat'

2018-06-10 17:35:08 - [MESSAGE][PASSED] - Text '10' is set on object 'Object Repository/lab/Page_KDMC/input_txttreat'

2018-06-10 17:35:08 - [TEST_STEP][PASSED] - click: Object: 'Object Repository/lab/Page_KDMC/button_Add' is clicked on

2018-06-10 17:35:08 - [MESSAGE][PASSED] - Object: 'Object Repository/lab/Page_KDMC/button_Add' is clicked on

2018-06-10 17:35:08 - [TEST_STEP][PASSED] - selectOptionByIndex: All options with index in [4] are selected on object 'Object Repository/lab/Page_KDMC/select_--Select--Schedule 4X-r'

2018-06-10 17:35:09 - [MESSAGE][PASSED] - All options with index in [4] are selected on object 'Object Repository/lab/Page_KDMC/select_--Select--Schedule 4X-r'

2018-06-10 17:35:09 - [TEST_STEP][PASSED] - selectOptionByIndex: All options with index in [11] are selected on object 'Object Repository/lab/Page_KDMC/select_--Select--Automatic x-r'

2018-06-10 17:35:09 - [MESSAGE][PASSED] - All options with index in [11] are selected on object 'Object Repository/lab/Page_KDMC/select_--Select--Automatic x-r'

2018-06-10 17:35:09 - [TEST_STEP][PASSED] - setText: Text '10' is set on object 'Object Repository/lab/Page_KDMC/input_txttreat'

2018-06-10 17:35:09 - [MESSAGE][PASSED] - Text '10' is set on object 'Object Repository/lab/Page_KDMC/input_txttreat'

2018-06-10 17:35:09 - [TEST_STEP][PASSED] - click: Object: 'Object Repository/lab/Page_KDMC/button_Add' is clicked on

2018-06-10 17:35:09 - [MESSAGE][PASSED] - Object: 'Object Repository/lab/Page_KDMC/button_Add' is clicked on

2018-06-10 17:35:09 - [TEST_STEP][PASSED] - selectOptionByIndex: All options with index in [4] are selected on object 'Object Repository/lab/Page_KDMC/select_--Select--Schedule 4X-r'

2018-06-10 17:35:09 - [MESSAGE][PASSED] - All options with index in [4] are selected on object 'Object Repository/lab/Page_KDMC/select_--Select--Schedule 4X-r'

2018-06-10 17:35:09 - [TEST_STEP][PASSED] - selectOptionByIndex: All options with index in [12] are selected on object 'Object Repository/lab/Page_KDMC/select_--Select--Automatic x-r'

2018-06-10 17:35:09 - [MESSAGE][PASSED] - All options with index in [12] are selected on object 'Object Repository/lab/Page_KDMC/select_--Select--Automatic x-r'

2018-06-10 17:35:09 - [TEST_STEP][PASSED] - setText: Text '10' is set on object 'Object Repository/lab/Page_KDMC/input_txttreat'

2018-06-10 17:35:09 - [MESSAGE][PASSED] - Text '10' is set on object 'Object Repository/lab/Page_KDMC/input_txttreat'

2018-06-10 17:35:09 - [TEST_STEP][PASSED] - click: Object: 'Object Repository/lab/Page_KDMC/button_Add' is clicked on

2018-06-10 17:35:09 - [MESSAGE][PASSED] - Object: 'Object Repository/lab/Page_KDMC/button_Add' is clicked on

2018-06-10 17:35:09 - [TEST_STEP][PASSED] - selectOptionByIndex: All options with index in [4] are selected on object 'Object Repository/lab/Page_KDMC/select_--Select--Schedule 4X-r'

2018-06-10 17:35:10 - [MESSAGE][PASSED] - All options with index in [4] are selected on object 'Object Repository/lab/Page_KDMC/select_--Select--Schedule 4X-r'

2018-06-10 17:35:10 - [TEST_STEP][PASSED] - selectOptionByIndex: All options with index in [13] are selected on object 'Object Repository/lab/Page_KDMC/select_--Select--Automatic x-r'

2018-06-10 17:35:10 - [MESSAGE][PASSED] - All options with index in [13] are selected on object 'Object Repository/lab/Page_KDMC/select_--Select--Automatic x-r'

2018-06-10 17:35:10 - [TEST_STEP][PASSED] - setText: Text '10' is set on object 'Object Repository/lab/Page_KDMC/input_txttreat'

2018-06-10 17:35:10 - [MESSAGE][PASSED] - Text '10' is set on object 'Object Repository/lab/Page_KDMC/input_txttreat'

2018-06-10 17:35:10 - [TEST_STEP][PASSED] - click: Object: 'Object Repository/lab/Page_KDMC/button_Add' is clicked on

2018-06-10 17:35:10 - [MESSAGE][PASSED] - Object: 'Object Repository/lab/Page_KDMC/button_Add' is clicked on

2018-06-10 17:35:10 - [TEST_STEP][PASSED] - selectOptionByIndex: All options with index in [4] are selected on object 'Object Repository/lab/Page_KDMC/select_--Select--Schedule 4X-r'

2018-06-10 17:35:10 - [MESSAGE][PASSED] - All options with index in [4] are selected on object 'Object Repository/lab/Page_KDMC/select_--Select--Schedule 4X-r'

2018-06-10 17:35:10 - [TEST_STEP][PASSED] - selectOptionByIndex: All options with index in [14] are selected on object 'Object Repository/lab/Page_KDMC/select_--Select--Automatic x-r'

2018-06-10 17:35:10 - [MESSAGE][PASSED] - All options with index in [14] are selected on object 'Object Repository/lab/Page_KDMC/select_--Select--Automatic x-r'

2018-06-10 17:35:10 - [TEST_STEP][PASSED] - setText: Text '10' is set on object 'Object Repository/lab/Page_KDMC/input_txttreat'

2018-06-10 17:35:11 - [MESSAGE][PASSED] - Text '10' is set on object 'Object Repository/lab/Page_KDMC/input_txttreat'

2018-06-10 17:35:11 - [TEST_STEP][PASSED] - click: Object: 'Object Repository/lab/Page_KDMC/button_Add' is clicked on

2018-06-10 17:35:11 - [MESSAGE][PASSED] - Object: 'Object Repository/lab/Page_KDMC/button_Add' is clicked on

2018-06-10 17:35:11 - [TEST_STEP][PASSED] - selectOptionByIndex: All options with index in [4] are selected on object 'Object Repository/lab/Page_KDMC/select_--Select--Schedule 4X-r'

2018-06-10 17:35:11 - [MESSAGE][PASSED] - All options with index in [4] are selected on object 'Object Repository/lab/Page_KDMC/select_--Select--Schedule 4X-r'

2018-06-10 17:35:11 - [TEST_STEP][PASSED] - selectOptionByIndex: All options with index in [15] are selected on object 'Object Repository/lab/Page_KDMC/select_--Select--Automatic x-r'

2018-06-10 17:35:11 - [MESSAGE][PASSED] - All options with index in [15] are selected on object 'Object Repository/lab/Page_KDMC/select_--Select--Automatic x-r'

2018-06-10 17:35:11 - [TEST_STEP][PASSED] - setText: Text '10' is set on object 'Object Repository/lab/Page_KDMC/input_txttreat'

2018-06-10 17:35:11 - [MESSAGE][PASSED] - Text '10' is set on object 'Object Repository/lab/Page_KDMC/input_txttreat'

2018-06-10 17:35:11 - [TEST_STEP][PASSED] - click: Object: 'Object Repository/lab/Page_KDMC/button_Add' is clicked on

2018-06-10 17:35:11 - [MESSAGE][PASSED] - Object: 'Object Repository/lab/Page_KDMC/button_Add' is clicked on

2018-06-10 17:35:11 - [TEST_STEP][PASSED] - selectOptionByIndex: All options with index in [4] are selected on object 'Object Repository/lab/Page_KDMC/select_--Select--Schedule 4X-r'

2018-06-10 17:35:11 - [MESSAGE][PASSED] - All options with index in [4] are selected on object 'Object Repository/lab/Page_KDMC/select_--Select--Schedule 4X-r'

2018-06-10 17:35:11 - [TEST_STEP][PASSED] - selectOptionByIndex: All options with index in [16] are selected on object 'Object Repository/lab/Page_KDMC/select_--Select--Automatic x-r'

2018-06-10 17:35:12 - [MESSAGE][PASSED] - All options with index in [16] are selected on object 'Object Repository/lab/Page_KDMC/select_--Select--Automatic x-r'

2018-06-10 17:35:12 - [TEST_STEP][PASSED] - setText: Text '10' is set on object 'Object Repository/lab/Page_KDMC/input_txttreat'

2018-06-10 17:35:12 - [MESSAGE][PASSED] - Text '10' is set on object 'Object Repository/lab/Page_KDMC/input_txttreat'

2018-06-10 17:35:12 - [TEST_STEP][PASSED] - click: Object: 'Object Repository/lab/Page_KDMC/button_Add' is clicked on

2018-06-10 17:35:12 - [MESSAGE][PASSED] - Object: 'Object Repository/lab/Page_KDMC/button_Add' is clicked on

2018-06-10 17:35:12 - [TEST_STEP][PASSED] - selectOptionByIndex: All options with index in [4] are selected on object 'Object Repository/lab/Page_KDMC/select_--Select--Schedule 4X-r'

2018-06-10 17:35:12 - [MESSAGE][PASSED] - All options with index in [4] are selected on object 'Object Repository/lab/Page_KDMC/select_--Select--Schedule 4X-r'

2018-06-10 17:35:12 - [TEST_STEP][PASSED] - selectOptionByIndex: All options with index in [17] are selected on object 'Object Repository/lab/Page_KDMC/select_--Select--Automatic x-r'

2018-06-10 17:35:12 - [MESSAGE][PASSED] - All options with index in [17] are selected on object 'Object Repository/lab/Page_KDMC/select_--Select--Automatic x-r'

2018-06-10 17:35:12 - [TEST_STEP][PASSED] - setText: Text '10' is set on object 'Object Repository/lab/Page_KDMC/input_txttreat'

2018-06-10 17:35:12 - [MESSAGE][PASSED] - Text '10' is set on object 'Object Repository/lab/Page_KDMC/input_txttreat'

2018-06-10 17:35:12 - [TEST_STEP][PASSED] - click: Object: 'Object Repository/lab/Page_KDMC/button_Add' is clicked on

2018-06-10 17:35:12 - [MESSAGE][PASSED] - Object: 'Object Repository/lab/Page_KDMC/button_Add' is clicked on

2018-06-10 17:35:12 - [TEST_STEP][PASSED] - Statement - RN1 = com.kms.katalon.core.webui.keyword.WebUiBuiltInKeywords.getAttribute(com.kms.katalon.core.testobject.ObjectRepository.findTestObject(lab/Page_KDMC/input_txtno), "value"): Attribute 'value' of object 'Object Repository/lab/Page_KDMC/input_txtno' is: 'LRNO/10062018/432'

2018-06-10 17:35:12 - [MESSAGE][PASSED] - Attribute 'value' of object 'Object Repository/lab/Page_KDMC/input_txtno' is: 'LRNO/10062018/432'

2018-06-10 17:35:12 - [TEST_STEP][PASSED] - Statement - out.println(RN1): null

2018-06-10 17:35:12 - [TEST_STEP][PASSED] - Statement - RID = RN1.split("/")[2]: null

2018-06-10 17:35:12 - [TEST_STEP][PASSED] - scrollToElement: Scroll to object 'Object Repository/lab/Page_KDMC/input_btnsave' successfully

2018-06-10 17:35:12 - [MESSAGE][PASSED] - Scroll to object 'Object Repository/lab/Page_KDMC/input_btnsave' successfully

2018-06-10 17:35:12 - [TEST_STEP][PASSED] - click: Object: 'Object Repository/lab/Page_KDMC/input_btnsave' is clicked on

2018-06-10 17:35:13 - [MESSAGE][PASSED] - Object: 'Object Repository/lab/Page_KDMC/input_btnsave' is clicked on

2018-06-10 17:35:13 - [TEST_STEP][PASSED] - delay: Delayed 3 second(s)

2018-06-10 17:35:16 - [MESSAGE][PASSED] - Delayed 3 second(s)

2018-06-10 17:35:16 - [TEST_STEP][PASSED] - click: Object: 'Object Repository/lab/Page_KDMC/button_OK' is clicked on

2018-06-10 17:35:16 - [MESSAGE][PASSED] - Object: 'Object Repository/lab/Page_KDMC/button_OK' is clicked on

2018-06-10 17:35:16 - [TEST_STEP][PASSED] - delay: Delayed 3 second(s)

2018-06-10 17:35:19 - [MESSAGE][PASSED] - Delayed 3 second(s)

2018-06-10 17:35:19 - [TEST_STEP][PASSED] - click: Object: 'Object Repository/lab/Page_KDMC/a_dropdown-toggle' is clicked on

2018-06-10 17:35:19 - [MESSAGE][PASSED] - Object: 'Object Repository/lab/Page_KDMC/a_dropdown-toggle' is clicked on

2018-06-10 17:35:19 - [TEST_STEP][PASSED] - click: Object: 'Object Repository/lab/Page_KDMC/a_Sign out' is clicked on

2018-06-10 17:35:20 - [MESSAGE][PASSED] - Object: 'Object Repository/lab/Page_KDMC/a_Sign out' is clicked on

2018-06-10 17:35:20 - [TEST_STEP][PASSED] - delay: Delayed 3 second(s)

2018-06-10 17:35:23 - [MESSAGE][PASSED] - Delayed 3 second(s)

2018-06-10 17:35:23 - [TEST_STEP][PASSED] - click: Object: 'Object Repository/lab/Page_KDMC/a_CMO' is clicked on

2018-06-10 17:35:23 - [MESSAGE][PASSED] - Object: 'Object Repository/lab/Page_KDMC/a_CMO' is clicked on

2018-06-10 17:35:23 - [TEST_STEP][PASSED] - setText: Text 'guru' is set on object 'Object Repository/lab/Page_CMO login/input_txtusername'

2018-06-10 17:35:23 - [MESSAGE][PASSED] - Text 'guru' is set on object 'Object Repository/lab/Page_CMO login/input_txtusername'

2018-06-10 17:35:23 - [TEST_STEP][PASSED] - setText: Text '123' is set on object 'Object Repository/lab/Page_CMO login/input_txtpassword'

2018-06-10 17:35:23 - [MESSAGE][PASSED] - Text '123' is set on object 'Object Repository/lab/Page_CMO login/input_txtpassword'

2018-06-10 17:35:23 - [TEST_STEP][PASSED] - delay: Delayed 3 second(s)

2018-06-10 17:35:26 - [MESSAGE][PASSED] - Delayed 3 second(s)

2018-06-10 17:35:26 - [TEST_STEP][PASSED] - click: Object: 'Object Repository/lab/Page_CMO login/button_Sign in' is clicked on

2018-06-10 17:35:27 - [MESSAGE][PASSED] - Object: 'Object Repository/lab/Page_CMO login/button_Sign in' is clicked on

2018-06-10 17:35:27 - [TEST_STEP][PASSED] - click: Object: 'Object Repository/lab/Page_KDMC - CMO/span_Department Wise Request' is clicked on

2018-06-10 17:35:29 - [MESSAGE][PASSED] - Object: 'Object Repository/lab/Page_KDMC - CMO/span_Department Wise Request' is clicked on

2018-06-10 17:35:29 - [TEST_STEP][PASSED] - selectOptionByIndex: All options with index in [4] are selected on object 'Object Repository/lab/Page_KDMC - CMO/select_--ALL--'

2018-06-10 17:35:29 - [MESSAGE][PASSED] - All options with index in [4] are selected on object 'Object Repository/lab/Page_KDMC - CMO/select_--ALL--'

2018-06-10 17:35:29 - [TEST_STEP][PASSED] - selectOptionByIndex: All options with index in [1] are selected on object 'Object Repository/lab/Page_KDMC - CMO/select_--ALL--                _1'

2018-06-10 17:35:30 - [MESSAGE][PASSED] - All options with index in [1] are selected on object 'Object Repository/lab/Page_KDMC - CMO/select_--ALL--                _1'

2018-06-10 17:35:30 - [TEST_STEP][PASSED] - click: Object: 'Object Repository/lab/Page_KDMC - CMO/input_btnsearch' is clicked on

2018-06-10 17:35:30 - [MESSAGE][PASSED] - Object: 'Object Repository/lab/Page_KDMC - CMO/input_btnsearch' is clicked on

2018-06-10 17:35:30 - [TEST_STEP][PASSED] - Statement - ID = com.kms.katalon.core.webui.keyword.WebUiBuiltInKeywords.modifyObjectProperty(com.kms.katalon.core.testobject.ObjectRepository.findTestObject(lab/Page_KDMC - CMO/input_1), "xpath", "equals", "//*[@id=" + RID + "]", true): Modify property of object successfully

2018-06-10 17:35:30 - [MESSAGE][PASSED] - Modify property of object successfully

2018-06-10 17:35:30 - [TEST_STEP][PASSED] - click: Object: 'Object Repository/lab/Page_KDMC - CMO/input_1' is clicked on

2018-06-10 17:35:30 - [MESSAGE][PASSED] - Object: 'Object Repository/lab/Page_KDMC - CMO/input_1' is clicked on

2018-06-10 17:35:30 - [TEST_STEP][PASSED] - delay: Delayed 2 second(s)

2018-06-10 17:35:32 - [MESSAGE][PASSED] - Delayed 2 second(s)

2018-06-10 17:35:32 - [TEST_STEP][PASSED] - selectOptionByIndex: All options with index in [1] are selected on object 'Object Repository/lab/Page_KDMC - CMO/select_--Select--'

2018-06-10 17:35:33 - [MESSAGE][PASSED] - All options with index in [1] are selected on object 'Object Repository/lab/Page_KDMC - CMO/select_--Select--'

2018-06-10 17:35:33 - [TEST_STEP][PASSED] - click: Object: 'Object Repository/lab/Page_KDMC - CMO/input_btnupdate' is clicked on

2018-06-10 17:35:33 - [MESSAGE][PASSED] - Object: 'Object Repository/lab/Page_KDMC - CMO/input_btnupdate' is clicked on

2018-06-10 17:35:33 - [TEST_STEP][PASSED] - delay: Delayed 2 second(s)

2018-06-10 17:35:35 - [MESSAGE][PASSED] - Delayed 2 second(s)

2018-06-10 17:35:35 - [TEST_STEP][PASSED] - click: Object: 'Object Repository/lab/Page_KDMC - CMO/button_OK' is clicked on

2018-06-10 17:35:35 - [MESSAGE][PASSED] - Object: 'Object Repository/lab/Page_KDMC - CMO/button_OK' is clicked on

2018-06-10 17:35:35 - [TEST_STEP][PASSED] - delay: Delayed 3 second(s)

2018-06-10 17:35:38 - [MESSAGE][PASSED] - Delayed 3 second(s)

2018-06-10 17:35:38 - [TEST_STEP][PASSED] - click: Object: 'Object Repository/lab/Page_KDMC - CMO/a_dropdown-toggle' is clicked on

2018-06-10 17:35:38 - [MESSAGE][PASSED] - Object: 'Object Repository/lab/Page_KDMC - CMO/a_dropdown-toggle' is clicked on

2018-06-10 17:35:38 - [TEST_STEP][PASSED] - click: Object: 'Object Repository/lab/Page_KDMC - CMO/a_Sign out' is clicked on

2018-06-10 17:35:39 - [MESSAGE][PASSED] - Object: 'Object Repository/lab/Page_KDMC - CMO/a_Sign out' is clicked on

2018-06-10 17:35:39 - [TEST_STEP][PASSED] - delay: Delayed 3 second(s)

2018-06-10 17:35:42 - [MESSAGE][PASSED] - Delayed 3 second(s)

2018-06-10 17:35:42 - [TEST_STEP][PASSED] - click: Object: 'Object Repository/lab/Page_KDMC/a_Divisional Store' is clicked on

2018-06-10 17:35:43 - [MESSAGE][PASSED] - Object: 'Object Repository/lab/Page_KDMC/a_Divisional Store' is clicked on

2018-06-10 17:35:43 - [TEST_STEP][PASSED] - setText: Text 'ragu' is set on object 'Object Repository/lab/Page_Divisonal Store Login/input_txtusername'

2018-06-10 17:35:43 - [MESSAGE][PASSED] - Text 'ragu' is set on object 'Object Repository/lab/Page_Divisonal Store Login/input_txtusername'

2018-06-10 17:35:43 - [TEST_STEP][PASSED] - setText: Text '123' is set on object 'Object Repository/lab/Page_Divisonal Store Login/input_txtpassword'

2018-06-10 17:35:43 - [MESSAGE][PASSED] - Text '123' is set on object 'Object Repository/lab/Page_Divisonal Store Login/input_txtpassword'

2018-06-10 17:35:43 - [TEST_STEP][PASSED] - delay: Delayed 3 second(s)

2018-06-10 17:35:46 - [MESSAGE][PASSED] - Delayed 3 second(s)

2018-06-10 17:35:46 - [TEST_STEP][PASSED] - click: Object: 'Object Repository/lab/Page_Divisonal Store Login/button_Sign in' is clicked on

2018-06-10 17:35:48 - [MESSAGE][PASSED] - Object: 'Object Repository/lab/Page_Divisonal Store Login/button_Sign in' is clicked on

2018-06-10 17:35:48 - [TEST_STEP][PASSED] - delay: Delayed 3 second(s)

2018-06-10 17:35:51 - [MESSAGE][PASSED] - Delayed 3 second(s)

2018-06-10 17:35:51 - [TEST_STEP][PASSED] - click: Object: 'Object Repository/lab/Page_Store/a_Lab Request' is clicked on

2018-06-10 17:35:51 - [MESSAGE][PASSED] - Object: 'Object Repository/lab/Page_Store/a_Lab Request' is clicked on

2018-06-10 17:35:51 - [TEST_STEP][PASSED] - click: Object: 'Object Repository/lab/Page_Store/a_Request Item Lab' is clicked on

2018-06-10 17:35:52 - [MESSAGE][PASSED] - Object: 'Object Repository/lab/Page_Store/a_Request Item Lab' is clicked on

2018-06-10 17:35:52 - [TEST_STEP][PASSED] - Statement - ChooseRequest = com.kms.katalon.core.webui.keyword.WebUiBuiltInKeywords.modifyObjectProperty(com.kms.katalon.core.testobject.ObjectRepository.findTestObject(lab/Page_Store/input_1), "xpath", "equals", "//*[@id=" + RID + "]", true): Modify property of object successfully

2018-06-10 17:35:52 - [MESSAGE][PASSED] - Modify property of object successfully

2018-06-10 17:35:52 - [TEST_STEP][PASSED] - click: Object: 'Object Repository/lab/Page_Store/input_1' is clicked on

2018-06-10 17:35:53 - [MESSAGE][PASSED] - Object: 'Object Repository/lab/Page_Store/input_1' is clicked on

2018-06-10 17:35:53 - [TEST_STEP][PASSED] - delay: Delayed 2 second(s)

2018-06-10 17:35:55 - [MESSAGE][PASSED] - Delayed 2 second(s)

2018-06-10 17:35:55 - [TEST_STEP][PASSED] - Statement - selectedoptions = com.kms.katalon.core.webui.keyword.WebUiBuiltInKeywords.getNumberOfTotalOption(com.kms.katalon.core.testobject.ObjectRepository.findTestObject(lab/Page_Store/select_--Select--E.C.G. Jelly)): 18 options of object 'Object Repository/lab/Page_Store/select_--Select--E.C.G. Jelly' counted

2018-06-10 17:35:55 - [MESSAGE][PASSED] - 18 options of object 'Object Repository/lab/Page_Store/select_--Select--E.C.G. Jelly' counted

2018-06-10 17:35:55 - [TEST_STEP][PASSED] - Statement - For ([a = 1, a <= selectedoptions - 1, (a++)]): null

2018-06-10 17:35:55 - [TEST_STEP][PASSED] - selectOptionByIndex: All options with index in [1] are selected on object 'Object Repository/lab/Page_Store/select_--Select--E.C.G. Jelly'

2018-06-10 17:35:55 - [MESSAGE][PASSED] - All options with index in [1] are selected on object 'Object Repository/lab/Page_Store/select_--Select--E.C.G. Jelly'

2018-06-10 17:35:55 - [TEST_STEP][PASSED] - delay: Delayed 2 second(s)

2018-06-10 17:35:57 - [MESSAGE][PASSED] - Delayed 2 second(s)

2018-06-10 17:35:57 - [TEST_STEP][PASSED] - Statement - RequestedQty = com.kms.katalon.core.webui.keyword.WebUiBuiltInKeywords.getAttribute(com.kms.katalon.core.testobject.ObjectRepository.findTestObject(lab/Page_Store/input_txttotal), "value"): Attribute 'value' of object 'Object Repository/lab/Page_Store/input_txttotal' is: '10'

2018-06-10 17:35:57 - [MESSAGE][PASSED] - Attribute 'value' of object 'Object Repository/lab/Page_Store/input_txttotal' is: '10'

2018-06-10 17:35:57 - [TEST_STEP][PASSED] - Statement - out.println("Requested QTY : " + RequestedQty): null

2018-06-10 17:35:57 - [TEST_STEP][PASSED] - Statement - BatchNumber = com.kms.katalon.core.webui.keyword.WebUiBuiltInKeywords.getNumberOfTotalOption(com.kms.katalon.core.testobject.ObjectRepository.findTestObject(lab/Page_Store/select_--Select--BA50)): 2 options of object 'Object Repository/lab/Page_Store/select_--Select--BA50' counted

2018-06-10 17:35:57 - [MESSAGE][PASSED] - 2 options of object 'Object Repository/lab/Page_Store/select_--Select--BA50' counted

2018-06-10 17:35:57 - [TEST_STEP][PASSED] - Statement - For ([g = 1, g <= BatchNumber - 1, (g++)]): null

2018-06-10 17:35:57 - [TEST_STEP][PASSED] - selectOptionByIndex: All options with index in [1] are selected on object 'Object Repository/lab/Page_Store/select_--Select--BA50'

2018-06-10 17:35:57 - [MESSAGE][PASSED] - All options with index in [1] are selected on object 'Object Repository/lab/Page_Store/select_--Select--BA50'

2018-06-10 17:35:57 - [TEST_STEP][PASSED] - delay: Delayed 2 second(s)

2018-06-10 17:35:59 - [MESSAGE][PASSED] - Delayed 2 second(s)

2018-06-10 17:35:59 - [TEST_STEP][PASSED] - Statement - Try: null

2018-06-10 17:35:59 - [TEST_STEP][PASSED] - Statement - StockQty = com.kms.katalon.core.webui.keyword.WebUiBuiltInKeywords.getAttribute(com.kms.katalon.core.testobject.ObjectRepository.findTestObject(lab/Page_Store/input_txtprice), "value"): Attribute 'value' of object 'Object Repository/lab/Page_Store/input_txtprice' is: '1910'

2018-06-10 17:35:59 - [MESSAGE][PASSED] - Attribute 'value' of object 'Object Repository/lab/Page_Store/input_txtprice' is: '1910'

2018-06-10 17:35:59 - [TEST_STEP][PASSED] - Statement - out.println("Stock QTY : " + StockQty): null

2018-06-10 17:35:59 - [TEST_STEP][PASSED] - delay: Delayed 1 second(s)

2018-06-10 17:36:00 - [MESSAGE][PASSED] - Delayed 1 second(s)

2018-06-10 17:36:00 - [TEST_STEP][PASSED] - Statement - If (java.lang.Integer.valueOf(StockQty) >= java.lang.Integer.valueOf(RequestedQty)): null

2018-06-10 17:36:00 - [TEST_STEP][PASSED] - setText: Text '10' is set on object 'Object Repository/lab/Page_Store/input_txtqty'

2018-06-10 17:36:00 - [MESSAGE][PASSED] - Text '10' is set on object 'Object Repository/lab/Page_Store/input_txtqty'

2018-06-10 17:36:00 - [TEST_STEP][PASSED] - click: Object: 'Object Repository/lab/Page_Store/button_Add' is clicked on

2018-06-10 17:36:01 - [MESSAGE][PASSED] - Object: 'Object Repository/lab/Page_Store/button_Add' is clicked on

2018-06-10 17:36:01 - [TEST_STEP][PASSED] - Statement - Break: null

2018-06-10 17:36:01 - [TEST_STEP][PASSED] - selectOptionByIndex: All options with index in [2] are selected on object 'Object Repository/lab/Page_Store/select_--Select--E.C.G. Jelly'

2018-06-10 17:36:01 - [MESSAGE][PASSED] - All options with index in [2] are selected on object 'Object Repository/lab/Page_Store/select_--Select--E.C.G. Jelly'

2018-06-10 17:36:01 - [TEST_STEP][PASSED] - delay: Delayed 2 second(s)

2018-06-10 17:36:03 - [MESSAGE][PASSED] - Delayed 2 second(s)

2018-06-10 17:36:03 - [TEST_STEP][PASSED] - Statement - RequestedQty = com.kms.katalon.core.webui.keyword.WebUiBuiltInKeywords.getAttribute(com.kms.katalon.core.testobject.ObjectRepository.findTestObject(lab/Page_Store/input_txttotal), "value"): Attribute 'value' of object 'Object Repository/lab/Page_Store/input_txttotal' is: '10'

2018-06-10 17:36:03 - [MESSAGE][PASSED] - Attribute 'value' of object 'Object Repository/lab/Page_Store/input_txttotal' is: '10'

2018-06-10 17:36:03 - [TEST_STEP][PASSED] - Statement - out.println("Requested QTY : " + RequestedQty): null

2018-06-10 17:36:03 - [TEST_STEP][PASSED] - Statement - BatchNumber = com.kms.katalon.core.webui.keyword.WebUiBuiltInKeywords.getNumberOfTotalOption(com.kms.katalon.core.testobject.ObjectRepository.findTestObject(lab/Page_Store/select_--Select--BA50)): 3 options of object 'Object Repository/lab/Page_Store/select_--Select--BA50' counted

2018-06-10 17:36:03 - [MESSAGE][PASSED] - 3 options of object 'Object Repository/lab/Page_Store/select_--Select--BA50' counted

2018-06-10 17:36:03 - [TEST_STEP][PASSED] - Statement - For ([g = 1, g <= BatchNumber - 1, (g++)]): null

2018-06-10 17:36:03 - [TEST_STEP][PASSED] - selectOptionByIndex: All options with index in [1] are selected on object 'Object Repository/lab/Page_Store/select_--Select--BA50'

2018-06-10 17:36:03 - [MESSAGE][PASSED] - All options with index in [1] are selected on object 'Object Repository/lab/Page_Store/select_--Select--BA50'

2018-06-10 17:36:03 - [TEST_STEP][PASSED] - delay: Delayed 2 second(s)

2018-06-10 17:36:05 - [MESSAGE][PASSED] - Delayed 2 second(s)

2018-06-10 17:36:05 - [TEST_STEP][PASSED] - Statement - Try: null

2018-06-10 17:36:05 - [TEST_STEP][PASSED] - Statement - StockQty = com.kms.katalon.core.webui.keyword.WebUiBuiltInKeywords.getAttribute(com.kms.katalon.core.testobject.ObjectRepository.findTestObject(lab/Page_Store/input_txtprice), "value"): Attribute 'value' of object 'Object Repository/lab/Page_Store/input_txtprice' is: '762'

2018-06-10 17:36:05 - [MESSAGE][PASSED] - Attribute 'value' of object 'Object Repository/lab/Page_Store/input_txtprice' is: '762'

2018-06-10 17:36:05 - [TEST_STEP][PASSED] - Statement - out.println("Stock QTY : " + StockQty): null

2018-06-10 17:36:05 - [TEST_STEP][PASSED] - delay: Delayed 1 second(s)

2018-06-10 17:36:06 - [MESSAGE][PASSED] - Delayed 1 second(s)

2018-06-10 17:36:06 - [TEST_STEP][PASSED] - Statement - If (java.lang.Integer.valueOf(StockQty) >= java.lang.Integer.valueOf(RequestedQty)): null

2018-06-10 17:36:06 - [TEST_STEP][PASSED] - setText: Text '10' is set on object 'Object Repository/lab/Page_Store/input_txtqty'

2018-06-10 17:36:06 - [MESSAGE][PASSED] - Text '10' is set on object 'Object Repository/lab/Page_Store/input_txtqty'

2018-06-10 17:36:06 - [TEST_STEP][PASSED] - click: Object: 'Object Repository/lab/Page_Store/button_Add' is clicked on

2018-06-10 17:36:06 - [MESSAGE][PASSED] - Object: 'Object Repository/lab/Page_Store/button_Add' is clicked on

2018-06-10 17:36:06 - [TEST_STEP][PASSED] - Statement - Break: null

2018-06-10 17:36:06 - [TEST_STEP][PASSED] - selectOptionByIndex: All options with index in [3] are selected on object 'Object Repository/lab/Page_Store/select_--Select--E.C.G. Jelly'

2018-06-10 17:36:06 - [MESSAGE][PASSED] - All options with index in [3] are selected on object 'Object Repository/lab/Page_Store/select_--Select--E.C.G. Jelly'

2018-06-10 17:36:06 - [TEST_STEP][PASSED] - delay: Delayed 2 second(s)

2018-06-10 17:36:08 - [MESSAGE][PASSED] - Delayed 2 second(s)

2018-06-10 17:36:08 - [TEST_STEP][PASSED] - Statement - RequestedQty = com.kms.katalon.core.webui.keyword.WebUiBuiltInKeywords.getAttribute(com.kms.katalon.core.testobject.ObjectRepository.findTestObject(lab/Page_Store/input_txttotal), "value"): Attribute 'value' of object 'Object Repository/lab/Page_Store/input_txttotal' is: '10'

2018-06-10 17:36:08 - [MESSAGE][PASSED] - Attribute 'value' of object 'Object Repository/lab/Page_Store/input_txttotal' is: '10'

2018-06-10 17:36:08 - [TEST_STEP][PASSED] - Statement - out.println("Requested QTY : " + RequestedQty): null

2018-06-10 17:36:08 - [TEST_STEP][PASSED] - Statement - BatchNumber = com.kms.katalon.core.webui.keyword.WebUiBuiltInKeywords.getNumberOfTotalOption(com.kms.katalon.core.testobject.ObjectRepository.findTestObject(lab/Page_Store/select_--Select--BA50)): 4 options of object 'Object Repository/lab/Page_Store/select_--Select--BA50' counted

2018-06-10 17:36:08 - [MESSAGE][PASSED] - 4 options of object 'Object Repository/lab/Page_Store/select_--Select--BA50' counted

2018-06-10 17:36:08 - [TEST_STEP][PASSED] - Statement - For ([g = 1, g <= BatchNumber - 1, (g++)]): null

2018-06-10 17:36:08 - [TEST_STEP][PASSED] - selectOptionByIndex: All options with index in [1] are selected on object 'Object Repository/lab/Page_Store/select_--Select--BA50'

2018-06-10 17:36:09 - [MESSAGE][PASSED] - All options with index in [1] are selected on object 'Object Repository/lab/Page_Store/select_--Select--BA50'

2018-06-10 17:36:09 - [TEST_STEP][PASSED] - delay: Delayed 2 second(s)

2018-06-10 17:36:11 - [MESSAGE][PASSED] - Delayed 2 second(s)

2018-06-10 17:36:11 - [TEST_STEP][PASSED] - Statement - Try: null

2018-06-10 17:36:11 - [TEST_STEP][PASSED] - Statement - StockQty = com.kms.katalon.core.webui.keyword.WebUiBuiltInKeywords.getAttribute(com.kms.katalon.core.testobject.ObjectRepository.findTestObject(lab/Page_Store/input_txtprice), "value"): Attribute 'value' of object 'Object Repository/lab/Page_Store/input_txtprice' is: '1710'

2018-06-10 17:36:11 - [MESSAGE][PASSED] - Attribute 'value' of object 'Object Repository/lab/Page_Store/input_txtprice' is: '1710'

2018-06-10 17:36:11 - [TEST_STEP][PASSED] - Statement - out.println("Stock QTY : " + StockQty): null

2018-06-10 17:36:11 - [TEST_STEP][PASSED] - delay: Delayed 1 second(s)

2018-06-10 17:36:12 - [MESSAGE][PASSED] - Delayed 1 second(s)

2018-06-10 17:36:12 - [TEST_STEP][PASSED] - Statement - If (java.lang.Integer.valueOf(StockQty) >= java.lang.Integer.valueOf(RequestedQty)): null

2018-06-10 17:36:12 - [TEST_STEP][PASSED] - setText: Text '10' is set on object 'Object Repository/lab/Page_Store/input_txtqty'

2018-06-10 17:36:12 - [MESSAGE][PASSED] - Text '10' is set on object 'Object Repository/lab/Page_Store/input_txtqty'

2018-06-10 17:36:12 - [TEST_STEP][PASSED] - click: Object: 'Object Repository/lab/Page_Store/button_Add' is clicked on

2018-06-10 17:36:12 - [MESSAGE][PASSED] - Object: 'Object Repository/lab/Page_Store/button_Add' is clicked on

2018-06-10 17:36:12 - [TEST_STEP][PASSED] - Statement - Break: null

2018-06-10 17:36:12 - [TEST_STEP][PASSED] - selectOptionByIndex: All options with index in [4] are selected on object 'Object Repository/lab/Page_Store/select_--Select--E.C.G. Jelly'

2018-06-10 17:36:12 - [MESSAGE][PASSED] - All options with index in [4] are selected on object 'Object Repository/lab/Page_Store/select_--Select--E.C.G. Jelly'

2018-06-10 17:36:12 - [TEST_STEP][PASSED] - delay: Delayed 2 second(s)

2018-06-10 17:36:14 - [MESSAGE][PASSED] - Delayed 2 second(s)

2018-06-10 17:36:14 - [TEST_STEP][PASSED] - Statement - RequestedQty = com.kms.katalon.core.webui.keyword.WebUiBuiltInKeywords.getAttribute(com.kms.katalon.core.testobject.ObjectRepository.findTestObject(lab/Page_Store/input_txttotal), "value"): Attribute 'value' of object 'Object Repository/lab/Page_Store/input_txttotal' is: '10'

2018-06-10 17:36:14 - [MESSAGE][PASSED] - Attribute 'value' of object 'Object Repository/lab/Page_Store/input_txttotal' is: '10'

2018-06-10 17:36:14 - [TEST_STEP][PASSED] - Statement - out.println("Requested QTY : " + RequestedQty): null

2018-06-10 17:36:14 - [TEST_STEP][PASSED] - Statement - BatchNumber = com.kms.katalon.core.webui.keyword.WebUiBuiltInKeywords.getNumberOfTotalOption(com.kms.katalon.core.testobject.ObjectRepository.findTestObject(lab/Page_Store/select_--Select--BA50)): 3 options of object 'Object Repository/lab/Page_Store/select_--Select--BA50' counted

2018-06-10 17:36:14 - [MESSAGE][PASSED] - 3 options of object 'Object Repository/lab/Page_Store/select_--Select--BA50' counted

2018-06-10 17:36:14 - [TEST_STEP][PASSED] - Statement - For ([g = 1, g <= BatchNumber - 1, (g++)]): null

2018-06-10 17:36:14 - [TEST_STEP][PASSED] - selectOptionByIndex: All options with index in [1] are selected on object 'Object Repository/lab/Page_Store/select_--Select--BA50'

2018-06-10 17:36:14 - [MESSAGE][PASSED] - All options with index in [1] are selected on object 'Object Repository/lab/Page_Store/select_--Select--BA50'

2018-06-10 17:36:14 - [TEST_STEP][PASSED] - delay: Delayed 2 second(s)

2018-06-10 17:36:16 - [MESSAGE][PASSED] - Delayed 2 second(s)

2018-06-10 17:36:16 - [TEST_STEP][PASSED] - Statement - Try: null

2018-06-10 17:36:16 - [TEST_STEP][PASSED] - Statement - StockQty = com.kms.katalon.core.webui.keyword.WebUiBuiltInKeywords.getAttribute(com.kms.katalon.core.testobject.ObjectRepository.findTestObject(lab/Page_Store/input_txtprice), "value"): Attribute 'value' of object 'Object Repository/lab/Page_Store/input_txtprice' is: '910'

2018-06-10 17:36:16 - [MESSAGE][PASSED] - Attribute 'value' of object 'Object Repository/lab/Page_Store/input_txtprice' is: '910'

2018-06-10 17:36:16 - [TEST_STEP][PASSED] - Statement - out.println("Stock QTY : " + StockQty): null

2018-06-10 17:36:16 - [TEST_STEP][PASSED] - delay: Delayed 1 second(s)

2018-06-10 17:36:17 - [MESSAGE][PASSED] - Delayed 1 second(s)

2018-06-10 17:36:17 - [TEST_STEP][PASSED] - Statement - If (java.lang.Integer.valueOf(StockQty) >= java.lang.Integer.valueOf(RequestedQty)): null

2018-06-10 17:36:17 - [TEST_STEP][PASSED] - setText: Text '10' is set on object 'Object Repository/lab/Page_Store/input_txtqty'

2018-06-10 17:36:17 - [MESSAGE][PASSED] - Text '10' is set on object 'Object Repository/lab/Page_Store/input_txtqty'

2018-06-10 17:36:17 - [TEST_STEP][PASSED] - click: Object: 'Object Repository/lab/Page_Store/button_Add' is clicked on

2018-06-10 17:36:17 - [MESSAGE][PASSED] - Object: 'Object Repository/lab/Page_Store/button_Add' is clicked on

2018-06-10 17:36:17 - [TEST_STEP][PASSED] - Statement - Break: null

2018-06-10 17:36:17 - [TEST_STEP][PASSED] - selectOptionByIndex: All options with index in [5] are selected on object 'Object Repository/lab/Page_Store/select_--Select--E.C.G. Jelly'

2018-06-10 17:36:17 - [MESSAGE][PASSED] - All options with index in [5] are selected on object 'Object Repository/lab/Page_Store/select_--Select--E.C.G. Jelly'

2018-06-10 17:36:17 - [TEST_STEP][PASSED] - delay: Delayed 2 second(s)

2018-06-10 17:36:19 - [MESSAGE][PASSED] - Delayed 2 second(s)

2018-06-10 17:36:19 - [TEST_STEP][PASSED] - Statement - RequestedQty = com.kms.katalon.core.webui.keyword.WebUiBuiltInKeywords.getAttribute(com.kms.katalon.core.testobject.ObjectRepository.findTestObject(lab/Page_Store/input_txttotal), "value"): Attribute 'value' of object 'Object Repository/lab/Page_Store/input_txttotal' is: '10'

2018-06-10 17:36:19 - [MESSAGE][PASSED] - Attribute 'value' of object 'Object Repository/lab/Page_Store/input_txttotal' is: '10'

2018-06-10 17:36:19 - [TEST_STEP][PASSED] - Statement - out.println("Requested QTY : " + RequestedQty): null

2018-06-10 17:36:19 - [TEST_STEP][PASSED] - Statement - BatchNumber = com.kms.katalon.core.webui.keyword.WebUiBuiltInKeywords.getNumberOfTotalOption(com.kms.katalon.core.testobject.ObjectRepository.findTestObject(lab/Page_Store/select_--Select--BA50)): 3 options of object 'Object Repository/lab/Page_Store/select_--Select--BA50' counted

2018-06-10 17:36:20 - [MESSAGE][PASSED] - 3 options of object 'Object Repository/lab/Page_Store/select_--Select--BA50' counted

2018-06-10 17:36:20 - [TEST_STEP][PASSED] - Statement - For ([g = 1, g <= BatchNumber - 1, (g++)]): null

2018-06-10 17:36:20 - [TEST_STEP][PASSED] - selectOptionByIndex: All options with index in [1] are selected on object 'Object Repository/lab/Page_Store/select_--Select--BA50'

2018-06-10 17:36:20 - [MESSAGE][PASSED] - All options with index in [1] are selected on object 'Object Repository/lab/Page_Store/select_--Select--BA50'

2018-06-10 17:36:20 - [TEST_STEP][PASSED] - delay: Delayed 2 second(s)

2018-06-10 17:36:22 - [MESSAGE][PASSED] - Delayed 2 second(s)

2018-06-10 17:36:22 - [TEST_STEP][PASSED] - Statement - Try: null

2018-06-10 17:36:22 - [TEST_STEP][PASSED] - Statement - StockQty = com.kms.katalon.core.webui.keyword.WebUiBuiltInKeywords.getAttribute(com.kms.katalon.core.testobject.ObjectRepository.findTestObject(lab/Page_Store/input_txtprice), "value"): Attribute 'value' of object 'Object Repository/lab/Page_Store/input_txtprice' is: '900'

2018-06-10 17:36:22 - [MESSAGE][PASSED] - Attribute 'value' of object 'Object Repository/lab/Page_Store/input_txtprice' is: '900'

2018-06-10 17:36:22 - [TEST_STEP][PASSED] - Statement - out.println("Stock QTY : " + StockQty): null

2018-06-10 17:36:22 - [TEST_STEP][PASSED] - delay: Delayed 1 second(s)

2018-06-10 17:36:23 - [MESSAGE][PASSED] - Delayed 1 second(s)

2018-06-10 17:36:23 - [TEST_STEP][PASSED] - Statement - If (java.lang.Integer.valueOf(StockQty) >= java.lang.Integer.valueOf(RequestedQty)): null

2018-06-10 17:36:23 - [TEST_STEP][PASSED] - setText: Text '10' is set on object 'Object Repository/lab/Page_Store/input_txtqty'

2018-06-10 17:36:23 - [MESSAGE][PASSED] - Text '10' is set on object 'Object Repository/lab/Page_Store/input_txtqty'

2018-06-10 17:36:23 - [TEST_STEP][PASSED] - click: Object: 'Object Repository/lab/Page_Store/button_Add' is clicked on

2018-06-10 17:36:23 - [MESSAGE][PASSED] - Object: 'Object Repository/lab/Page_Store/button_Add' is clicked on

2018-06-10 17:36:23 - [TEST_STEP][PASSED] - Statement - Break: null

2018-06-10 17:36:23 - [TEST_STEP][PASSED] - selectOptionByIndex: All options with index in [6] are selected on object 'Object Repository/lab/Page_Store/select_--Select--E.C.G. Jelly'

2018-06-10 17:36:23 - [MESSAGE][PASSED] - All options with index in [6] are selected on object 'Object Repository/lab/Page_Store/select_--Select--E.C.G. Jelly'

2018-06-10 17:36:23 - [TEST_STEP][PASSED] - delay: Delayed 2 second(s)

2018-06-10 17:36:25 - [MESSAGE][PASSED] - Delayed 2 second(s)

2018-06-10 17:36:25 - [TEST_STEP][PASSED] - Statement - RequestedQty = com.kms.katalon.core.webui.keyword.WebUiBuiltInKeywords.getAttribute(com.kms.katalon.core.testobject.ObjectRepository.findTestObject(lab/Page_Store/input_txttotal), "value"): Attribute 'value' of object 'Object Repository/lab/Page_Store/input_txttotal' is: '10'

2018-06-10 17:36:25 - [MESSAGE][PASSED] - Attribute 'value' of object 'Object Repository/lab/Page_Store/input_txttotal' is: '10'

2018-06-10 17:36:25 - [TEST_STEP][PASSED] - Statement - out.println("Requested QTY : " + RequestedQty): null

2018-06-10 17:36:25 - [TEST_STEP][PASSED] - Statement - BatchNumber = com.kms.katalon.core.webui.keyword.WebUiBuiltInKeywords.getNumberOfTotalOption(com.kms.katalon.core.testobject.ObjectRepository.findTestObject(lab/Page_Store/select_--Select--BA50)): 3 options of object 'Object Repository/lab/Page_Store/select_--Select--BA50' counted

2018-06-10 17:36:25 - [MESSAGE][PASSED] - 3 options of object 'Object Repository/lab/Page_Store/select_--Select--BA50' counted

2018-06-10 17:36:25 - [TEST_STEP][PASSED] - Statement - For ([g = 1, g <= BatchNumber - 1, (g++)]): null

2018-06-10 17:36:25 - [TEST_STEP][PASSED] - selectOptionByIndex: All options with index in [1] are selected on object 'Object Repository/lab/Page_Store/select_--Select--BA50'

2018-06-10 17:36:25 - [MESSAGE][PASSED] - All options with index in [1] are selected on object 'Object Repository/lab/Page_Store/select_--Select--BA50'

2018-06-10 17:36:25 - [TEST_STEP][PASSED] - delay: Delayed 2 second(s)

2018-06-10 17:36:27 - [MESSAGE][PASSED] - Delayed 2 second(s)

2018-06-10 17:36:27 - [TEST_STEP][PASSED] - Statement - Try: null

2018-06-10 17:36:27 - [TEST_STEP][PASSED] - Statement - StockQty = com.kms.katalon.core.webui.keyword.WebUiBuiltInKeywords.getAttribute(com.kms.katalon.core.testobject.ObjectRepository.findTestObject(lab/Page_Store/input_txtprice), "value"): Attribute 'value' of object 'Object Repository/lab/Page_Store/input_txtprice' is: '900'

2018-06-10 17:36:27 - [MESSAGE][PASSED] - Attribute 'value' of object 'Object Repository/lab/Page_Store/input_txtprice' is: '900'

2018-06-10 17:36:27 - [TEST_STEP][PASSED] - Statement - out.println("Stock QTY : " + StockQty): null

2018-06-10 17:36:27 - [TEST_STEP][PASSED] - delay: Delayed 1 second(s)

2018-06-10 17:36:28 - [MESSAGE][PASSED] - Delayed 1 second(s)

2018-06-10 17:36:28 - [TEST_STEP][PASSED] - Statement - If (java.lang.Integer.valueOf(StockQty) >= java.lang.Integer.valueOf(RequestedQty)): null

2018-06-10 17:36:28 - [TEST_STEP][PASSED] - setText: Text '10' is set on object 'Object Repository/lab/Page_Store/input_txtqty'

2018-06-10 17:36:28 - [MESSAGE][PASSED] - Text '10' is set on object 'Object Repository/lab/Page_Store/input_txtqty'

2018-06-10 17:36:28 - [TEST_STEP][PASSED] - click: Object: 'Object Repository/lab/Page_Store/button_Add' is clicked on

2018-06-10 17:36:28 - [MESSAGE][PASSED] - Object: 'Object Repository/lab/Page_Store/button_Add' is clicked on

2018-06-10 17:36:28 - [TEST_STEP][PASSED] - Statement - Break: null

2018-06-10 17:36:28 - [TEST_STEP][PASSED] - selectOptionByIndex: All options with index in [7] are selected on object 'Object Repository/lab/Page_Store/select_--Select--E.C.G. Jelly'

2018-06-10 17:36:29 - [MESSAGE][PASSED] - All options with index in [7] are selected on object 'Object Repository/lab/Page_Store/select_--Select--E.C.G. Jelly'

2018-06-10 17:36:29 - [TEST_STEP][PASSED] - delay: Delayed 2 second(s)

2018-06-10 17:36:31 - [MESSAGE][PASSED] - Delayed 2 second(s)

2018-06-10 17:36:31 - [TEST_STEP][PASSED] - Statement - RequestedQty = com.kms.katalon.core.webui.keyword.WebUiBuiltInKeywords.getAttribute(com.kms.katalon.core.testobject.ObjectRepository.findTestObject(lab/Page_Store/input_txttotal), "value"): Attribute 'value' of object 'Object Repository/lab/Page_Store/input_txttotal' is: '10'

2018-06-10 17:36:31 - [MESSAGE][PASSED] - Attribute 'value' of object 'Object Repository/lab/Page_Store/input_txttotal' is: '10'

2018-06-10 17:36:31 - [TEST_STEP][PASSED] - Statement - out.println("Requested QTY : " + RequestedQty): null

2018-06-10 17:36:31 - [TEST_STEP][PASSED] - Statement - BatchNumber = com.kms.katalon.core.webui.keyword.WebUiBuiltInKeywords.getNumberOfTotalOption(com.kms.katalon.core.testobject.ObjectRepository.findTestObject(lab/Page_Store/select_--Select--BA50)): 2 options of object 'Object Repository/lab/Page_Store/select_--Select--BA50' counted

2018-06-10 17:36:31 - [MESSAGE][PASSED] - 2 options of object 'Object Repository/lab/Page_Store/select_--Select--BA50' counted

2018-06-10 17:36:31 - [TEST_STEP][PASSED] - Statement - For ([g = 1, g <= BatchNumber - 1, (g++)]): null

2018-06-10 17:36:31 - [TEST_STEP][PASSED] - selectOptionByIndex: All options with index in [1] are selected on object 'Object Repository/lab/Page_Store/select_--Select--BA50'

2018-06-10 17:36:31 - [MESSAGE][PASSED] - All options with index in [1] are selected on object 'Object Repository/lab/Page_Store/select_--Select--BA50'

2018-06-10 17:36:31 - [TEST_STEP][PASSED] - delay: Delayed 2 second(s)

2018-06-10 17:36:33 - [MESSAGE][PASSED] - Delayed 2 second(s)

2018-06-10 17:36:33 - [TEST_STEP][PASSED] - Statement - Try: null

2018-06-10 17:36:33 - [TEST_STEP][PASSED] - Statement - StockQty = com.kms.katalon.core.webui.keyword.WebUiBuiltInKeywords.getAttribute(com.kms.katalon.core.testobject.ObjectRepository.findTestObject(lab/Page_Store/input_txtprice), "value"): Attribute 'value' of object 'Object Repository/lab/Page_Store/input_txtprice' is: '1920'

2018-06-10 17:36:33 - [MESSAGE][PASSED] - Attribute 'value' of object 'Object Repository/lab/Page_Store/input_txtprice' is: '1920'

2018-06-10 17:36:33 - [TEST_STEP][PASSED] - Statement - out.println("Stock QTY : " + StockQty): null

2018-06-10 17:36:33 - [TEST_STEP][PASSED] - delay: Delayed 1 second(s)

2018-06-10 17:36:34 - [MESSAGE][PASSED] - Delayed 1 second(s)

2018-06-10 17:36:34 - [TEST_STEP][PASSED] - Statement - If (java.lang.Integer.valueOf(StockQty) >= java.lang.Integer.valueOf(RequestedQty)): null

2018-06-10 17:36:34 - [TEST_STEP][PASSED] - setText: Text '10' is set on object 'Object Repository/lab/Page_Store/input_txtqty'

2018-06-10 17:36:34 - [MESSAGE][PASSED] - Text '10' is set on object 'Object Repository/lab/Page_Store/input_txtqty'

2018-06-10 17:36:34 - [TEST_STEP][PASSED] - click: Object: 'Object Repository/lab/Page_Store/button_Add' is clicked on

2018-06-10 17:36:34 - [MESSAGE][PASSED] - Object: 'Object Repository/lab/Page_Store/button_Add' is clicked on

2018-06-10 17:36:34 - [TEST_STEP][PASSED] - Statement - Break: null

2018-06-10 17:36:34 - [TEST_STEP][PASSED] - selectOptionByIndex: All options with index in [8] are selected on object 'Object Repository/lab/Page_Store/select_--Select--E.C.G. Jelly'

2018-06-10 17:36:34 - [MESSAGE][PASSED] - All options with index in [8] are selected on object 'Object Repository/lab/Page_Store/select_--Select--E.C.G. Jelly'

2018-06-10 17:36:34 - [TEST_STEP][PASSED] - delay: Delayed 2 second(s)

2018-06-10 17:36:36 - [MESSAGE][PASSED] - Delayed 2 second(s)

2018-06-10 17:36:36 - [TEST_STEP][PASSED] - Statement - RequestedQty = com.kms.katalon.core.webui.keyword.WebUiBuiltInKeywords.getAttribute(com.kms.katalon.core.testobject.ObjectRepository.findTestObject(lab/Page_Store/input_txttotal), "value"): Attribute 'value' of object 'Object Repository/lab/Page_Store/input_txttotal' is: '10'

2018-06-10 17:36:36 - [MESSAGE][PASSED] - Attribute 'value' of object 'Object Repository/lab/Page_Store/input_txttotal' is: '10'

2018-06-10 17:36:36 - [TEST_STEP][PASSED] - Statement - out.println("Requested QTY : " + RequestedQty): null

2018-06-10 17:36:36 - [TEST_STEP][PASSED] - Statement - BatchNumber = com.kms.katalon.core.webui.keyword.WebUiBuiltInKeywords.getNumberOfTotalOption(com.kms.katalon.core.testobject.ObjectRepository.findTestObject(lab/Page_Store/select_--Select--BA50)): 4 options of object 'Object Repository/lab/Page_Store/select_--Select--BA50' counted

2018-06-10 17:36:36 - [MESSAGE][PASSED] - 4 options of object 'Object Repository/lab/Page_Store/select_--Select--BA50' counted

2018-06-10 17:36:36 - [TEST_STEP][PASSED] - Statement - For ([g = 1, g <= BatchNumber - 1, (g++)]): null

2018-06-10 17:36:36 - [TEST_STEP][PASSED] - selectOptionByIndex: All options with index in [1] are selected on object 'Object Repository/lab/Page_Store/select_--Select--BA50'

2018-06-10 17:36:36 - [MESSAGE][PASSED] - All options with index in [1] are selected on object 'Object Repository/lab/Page_Store/select_--Select--BA50'

2018-06-10 17:36:36 - [TEST_STEP][PASSED] - delay: Delayed 2 second(s)

2018-06-10 17:36:38 - [MESSAGE][PASSED] - Delayed 2 second(s)

2018-06-10 17:36:38 - [TEST_STEP][PASSED] - Statement - Try: null

2018-06-10 17:36:38 - [TEST_STEP][PASSED] - Statement - StockQty = com.kms.katalon.core.webui.keyword.WebUiBuiltInKeywords.getAttribute(com.kms.katalon.core.testobject.ObjectRepository.findTestObject(lab/Page_Store/input_txtprice), "value"): Attribute 'value' of object 'Object Repository/lab/Page_Store/input_txtprice' is: '1710'

2018-06-10 17:36:38 - [MESSAGE][PASSED] - Attribute 'value' of object 'Object Repository/lab/Page_Store/input_txtprice' is: '1710'

2018-06-10 17:36:38 - [TEST_STEP][PASSED] - Statement - out.println("Stock QTY : " + StockQty): null

2018-06-10 17:36:38 - [TEST_STEP][PASSED] - delay: Delayed 1 second(s)

2018-06-10 17:36:39 - [MESSAGE][PASSED] - Delayed 1 second(s)

2018-06-10 17:36:39 - [TEST_STEP][PASSED] - Statement - If (java.lang.Integer.valueOf(StockQty) >= java.lang.Integer.valueOf(RequestedQty)): null

2018-06-10 17:36:39 - [TEST_STEP][PASSED] - setText: Text '10' is set on object 'Object Repository/lab/Page_Store/input_txtqty'

2018-06-10 17:36:39 - [MESSAGE][PASSED] - Text '10' is set on object 'Object Repository/lab/Page_Store/input_txtqty'

2018-06-10 17:36:39 - [TEST_STEP][PASSED] - click: Object: 'Object Repository/lab/Page_Store/button_Add' is clicked on

2018-06-10 17:36:40 - [MESSAGE][PASSED] - Object: 'Object Repository/lab/Page_Store/button_Add' is clicked on

2018-06-10 17:36:40 - [TEST_STEP][PASSED] - Statement - Break: null

2018-06-10 17:36:40 - [TEST_STEP][PASSED] - selectOptionByIndex: All options with index in [9] are selected on object 'Object Repository/lab/Page_Store/select_--Select--E.C.G. Jelly'

2018-06-10 17:36:40 - [MESSAGE][PASSED] - All options with index in [9] are selected on object 'Object Repository/lab/Page_Store/select_--Select--E.C.G. Jelly'

2018-06-10 17:36:40 - [TEST_STEP][PASSED] - delay: Delayed 2 second(s)

2018-06-10 17:36:42 - [MESSAGE][PASSED] - Delayed 2 second(s)

2018-06-10 17:36:42 - [TEST_STEP][PASSED] - Statement - RequestedQty = com.kms.katalon.core.webui.keyword.WebUiBuiltInKeywords.getAttribute(com.kms.katalon.core.testobject.ObjectRepository.findTestObject(lab/Page_Store/input_txttotal), "value"): Attribute 'value' of object 'Object Repository/lab/Page_Store/input_txttotal' is: '10'

2018-06-10 17:36:42 - [MESSAGE][PASSED] - Attribute 'value' of object 'Object Repository/lab/Page_Store/input_txttotal' is: '10'

2018-06-10 17:36:42 - [TEST_STEP][PASSED] - Statement - out.println("Requested QTY : " + RequestedQty): null

2018-06-10 17:36:42 - [TEST_STEP][PASSED] - Statement - BatchNumber = com.kms.katalon.core.webui.keyword.WebUiBuiltInKeywords.getNumberOfTotalOption(com.kms.katalon.core.testobject.ObjectRepository.findTestObject(lab/Page_Store/select_--Select--BA50)): 3 options of object 'Object Repository/lab/Page_Store/select_--Select--BA50' counted

2018-06-10 17:36:42 - [MESSAGE][PASSED] - 3 options of object 'Object Repository/lab/Page_Store/select_--Select--BA50' counted

2018-06-10 17:36:42 - [TEST_STEP][PASSED] - Statement - For ([g = 1, g <= BatchNumber - 1, (g++)]): null

2018-06-10 17:36:42 - [TEST_STEP][PASSED] - selectOptionByIndex: All options with index in [1] are selected on object 'Object Repository/lab/Page_Store/select_--Select--BA50'

2018-06-10 17:36:42 - [MESSAGE][PASSED] - All options with index in [1] are selected on object 'Object Repository/lab/Page_Store/select_--Select--BA50'

2018-06-10 17:36:42 - [TEST_STEP][PASSED] - delay: Delayed 2 second(s)

2018-06-10 17:36:44 - [MESSAGE][PASSED] - Delayed 2 second(s)

2018-06-10 17:36:44 - [TEST_STEP][PASSED] - Statement - Try: null

2018-06-10 17:36:44 - [TEST_STEP][PASSED] - Statement - StockQty = com.kms.katalon.core.webui.keyword.WebUiBuiltInKeywords.getAttribute(com.kms.katalon.core.testobject.ObjectRepository.findTestObject(lab/Page_Store/input_txtprice), "value"): Attribute 'value' of object 'Object Repository/lab/Page_Store/input_txtprice' is: '910'

2018-06-10 17:36:44 - [MESSAGE][PASSED] - Attribute 'value' of object 'Object Repository/lab/Page_Store/input_txtprice' is: '910'

2018-06-10 17:36:44 - [TEST_STEP][PASSED] - Statement - out.println("Stock QTY : " + StockQty): null

2018-06-10 17:36:44 - [TEST_STEP][PASSED] - delay: Delayed 1 second(s)

2018-06-10 17:36:45 - [MESSAGE][PASSED] - Delayed 1 second(s)

2018-06-10 17:36:45 - [TEST_STEP][PASSED] - Statement - If (java.lang.Integer.valueOf(StockQty) >= java.lang.Integer.valueOf(RequestedQty)): null

2018-06-10 17:36:45 - [TEST_STEP][PASSED] - setText: Text '10' is set on object 'Object Repository/lab/Page_Store/input_txtqty'

2018-06-10 17:36:45 - [MESSAGE][PASSED] - Text '10' is set on object 'Object Repository/lab/Page_Store/input_txtqty'

2018-06-10 17:36:45 - [TEST_STEP][PASSED] - click: Object: 'Object Repository/lab/Page_Store/button_Add' is clicked on

2018-06-10 17:36:45 - [MESSAGE][PASSED] - Object: 'Object Repository/lab/Page_Store/button_Add' is clicked on

2018-06-10 17:36:45 - [TEST_STEP][PASSED] - Statement - Break: null

2018-06-10 17:36:45 - [TEST_STEP][PASSED] - selectOptionByIndex: All options with index in [10] are selected on object 'Object Repository/lab/Page_Store/select_--Select--E.C.G. Jelly'

2018-06-10 17:36:45 - [MESSAGE][PASSED] - All options with index in [10] are selected on object 'Object Repository/lab/Page_Store/select_--Select--E.C.G. Jelly'

2018-06-10 17:36:45 - [TEST_STEP][PASSED] - delay: Delayed 2 second(s)

2018-06-10 17:36:47 - [MESSAGE][PASSED] - Delayed 2 second(s)

2018-06-10 17:36:47 - [TEST_STEP][PASSED] - Statement - RequestedQty = com.kms.katalon.core.webui.keyword.WebUiBuiltInKeywords.getAttribute(com.kms.katalon.core.testobject.ObjectRepository.findTestObject(lab/Page_Store/input_txttotal), "value"): Attribute 'value' of object 'Object Repository/lab/Page_Store/input_txttotal' is: '10'

2018-06-10 17:36:47 - [MESSAGE][PASSED] - Attribute 'value' of object 'Object Repository/lab/Page_Store/input_txttotal' is: '10'

2018-06-10 17:36:47 - [TEST_STEP][PASSED] - Statement - out.println("Requested QTY : " + RequestedQty): null

2018-06-10 17:36:47 - [TEST_STEP][PASSED] - Statement - BatchNumber = com.kms.katalon.core.webui.keyword.WebUiBuiltInKeywords.getNumberOfTotalOption(com.kms.katalon.core.testobject.ObjectRepository.findTestObject(lab/Page_Store/select_--Select--BA50)): 3 options of object 'Object Repository/lab/Page_Store/select_--Select--BA50' counted

2018-06-10 17:36:47 - [MESSAGE][PASSED] - 3 options of object 'Object Repository/lab/Page_Store/select_--Select--BA50' counted

2018-06-10 17:36:47 - [TEST_STEP][PASSED] - Statement - For ([g = 1, g <= BatchNumber - 1, (g++)]): null

2018-06-10 17:36:47 - [TEST_STEP][PASSED] - selectOptionByIndex: All options with index in [1] are selected on object 'Object Repository/lab/Page_Store/select_--Select--BA50'

2018-06-10 17:36:48 - [MESSAGE][PASSED] - All options with index in [1] are selected on object 'Object Repository/lab/Page_Store/select_--Select--BA50'

2018-06-10 17:36:48 - [TEST_STEP][PASSED] - delay: Delayed 2 second(s)

2018-06-10 17:36:50 - [MESSAGE][PASSED] - Delayed 2 second(s)

2018-06-10 17:36:50 - [TEST_STEP][PASSED] - Statement - Try: null

2018-06-10 17:36:50 - [TEST_STEP][PASSED] - Statement - StockQty = com.kms.katalon.core.webui.keyword.WebUiBuiltInKeywords.getAttribute(com.kms.katalon.core.testobject.ObjectRepository.findTestObject(lab/Page_Store/input_txtprice), "value"): Attribute 'value' of object 'Object Repository/lab/Page_Store/input_txtprice' is: '475'

2018-06-10 17:36:50 - [MESSAGE][PASSED] - Attribute 'value' of object 'Object Repository/lab/Page_Store/input_txtprice' is: '475'

2018-06-10 17:36:50 - [TEST_STEP][PASSED] - Statement - out.println("Stock QTY : " + StockQty): null

2018-06-10 17:36:50 - [TEST_STEP][PASSED] - delay: Delayed 1 second(s)

2018-06-10 17:36:51 - [MESSAGE][PASSED] - Delayed 1 second(s)

2018-06-10 17:36:51 - [TEST_STEP][PASSED] - Statement - If (java.lang.Integer.valueOf(StockQty) >= java.lang.Integer.valueOf(RequestedQty)): null

2018-06-10 17:36:51 - [TEST_STEP][PASSED] - setText: Text '10' is set on object 'Object Repository/lab/Page_Store/input_txtqty'

2018-06-10 17:36:51 - [MESSAGE][PASSED] - Text '10' is set on object 'Object Repository/lab/Page_Store/input_txtqty'

2018-06-10 17:36:51 - [TEST_STEP][PASSED] - click: Object: 'Object Repository/lab/Page_Store/button_Add' is clicked on

2018-06-10 17:36:51 - [MESSAGE][PASSED] - Object: 'Object Repository/lab/Page_Store/button_Add' is clicked on

2018-06-10 17:36:51 - [TEST_STEP][PASSED] - Statement - Break: null

2018-06-10 17:36:51 - [TEST_STEP][PASSED] - selectOptionByIndex: All options with index in [11] are selected on object 'Object Repository/lab/Page_Store/select_--Select--E.C.G. Jelly'

2018-06-10 17:36:51 - [MESSAGE][PASSED] - All options with index in [11] are selected on object 'Object Repository/lab/Page_Store/select_--Select--E.C.G. Jelly'

2018-06-10 17:36:51 - [TEST_STEP][PASSED] - delay: Delayed 2 second(s)

2018-06-10 17:36:53 - [MESSAGE][PASSED] - Delayed 2 second(s)

2018-06-10 17:36:53 - [TEST_STEP][PASSED] - Statement - RequestedQty = com.kms.katalon.core.webui.keyword.WebUiBuiltInKeywords.getAttribute(com.kms.katalon.core.testobject.ObjectRepository.findTestObject(lab/Page_Store/input_txttotal), "value"): Attribute 'value' of object 'Object Repository/lab/Page_Store/input_txttotal' is: '10'

2018-06-10 17:36:53 - [MESSAGE][PASSED] - Attribute 'value' of object 'Object Repository/lab/Page_Store/input_txttotal' is: '10'

2018-06-10 17:36:53 - [TEST_STEP][PASSED] - Statement - out.println("Requested QTY : " + RequestedQty): null

2018-06-10 17:36:53 - [TEST_STEP][PASSED] - Statement - BatchNumber = com.kms.katalon.core.webui.keyword.WebUiBuiltInKeywords.getNumberOfTotalOption(com.kms.katalon.core.testobject.ObjectRepository.findTestObject(lab/Page_Store/select_--Select--BA50)): 4 options of object 'Object Repository/lab/Page_Store/select_--Select--BA50' counted

2018-06-10 17:36:53 - [MESSAGE][PASSED] - 4 options of object 'Object Repository/lab/Page_Store/select_--Select--BA50' counted

2018-06-10 17:36:53 - [TEST_STEP][PASSED] - Statement - For ([g = 1, g <= BatchNumber - 1, (g++)]): null

2018-06-10 17:36:53 - [TEST_STEP][PASSED] - selectOptionByIndex: All options with index in [1] are selected on object 'Object Repository/lab/Page_Store/select_--Select--BA50'

2018-06-10 17:36:53 - [MESSAGE][PASSED] - All options with index in [1] are selected on object 'Object Repository/lab/Page_Store/select_--Select--BA50'

2018-06-10 17:36:53 - [TEST_STEP][PASSED] - delay: Delayed 2 second(s)

2018-06-10 17:36:55 - [MESSAGE][PASSED] - Delayed 2 second(s)

2018-06-10 17:36:55 - [TEST_STEP][PASSED] - Statement - Try: null

2018-06-10 17:36:55 - [TEST_STEP][PASSED] - Statement - StockQty = com.kms.katalon.core.webui.keyword.WebUiBuiltInKeywords.getAttribute(com.kms.katalon.core.testobject.ObjectRepository.findTestObject(lab/Page_Store/input_txtprice), "value"): Attribute 'value' of object 'Object Repository/lab/Page_Store/input_txtprice' is: '900'

2018-06-10 17:36:55 - [MESSAGE][PASSED] - Attribute 'value' of object 'Object Repository/lab/Page_Store/input_txtprice' is: '900'

2018-06-10 17:36:55 - [TEST_STEP][PASSED] - Statement - out.println("Stock QTY : " + StockQty): null

2018-06-10 17:36:55 - [TEST_STEP][PASSED] - delay: Delayed 1 second(s)

2018-06-10 17:36:56 - [MESSAGE][PASSED] - Delayed 1 second(s)

2018-06-10 17:36:56 - [TEST_STEP][PASSED] - Statement - If (java.lang.Integer.valueOf(StockQty) >= java.lang.Integer.valueOf(RequestedQty)): null

2018-06-10 17:36:56 - [TEST_STEP][PASSED] - setText: Text '10' is set on object 'Object Repository/lab/Page_Store/input_txtqty'

2018-06-10 17:36:56 - [MESSAGE][PASSED] - Text '10' is set on object 'Object Repository/lab/Page_Store/input_txtqty'

2018-06-10 17:36:56 - [TEST_STEP][PASSED] - click: Object: 'Object Repository/lab/Page_Store/button_Add' is clicked on

2018-06-10 17:36:56 - [MESSAGE][PASSED] - Object: 'Object Repository/lab/Page_Store/button_Add' is clicked on

2018-06-10 17:36:56 - [TEST_STEP][PASSED] - Statement - Break: null

2018-06-10 17:36:56 - [TEST_STEP][PASSED] - selectOptionByIndex: All options with index in [12] are selected on object 'Object Repository/lab/Page_Store/select_--Select--E.C.G. Jelly'

2018-06-10 17:36:57 - [MESSAGE][PASSED] - All options with index in [12] are selected on object 'Object Repository/lab/Page_Store/select_--Select--E.C.G. Jelly'

2018-06-10 17:36:57 - [TEST_STEP][PASSED] - delay: Delayed 2 second(s)

2018-06-10 17:36:59 - [MESSAGE][PASSED] - Delayed 2 second(s)

2018-06-10 17:36:59 - [TEST_STEP][PASSED] - Statement - RequestedQty = com.kms.katalon.core.webui.keyword.WebUiBuiltInKeywords.getAttribute(com.kms.katalon.core.testobject.ObjectRepository.findTestObject(lab/Page_Store/input_txttotal), "value"): Attribute 'value' of object 'Object Repository/lab/Page_Store/input_txttotal' is: '10'

2018-06-10 17:36:59 - [MESSAGE][PASSED] - Attribute 'value' of object 'Object Repository/lab/Page_Store/input_txttotal' is: '10'

2018-06-10 17:36:59 - [TEST_STEP][PASSED] - Statement - out.println("Requested QTY : " + RequestedQty): null

2018-06-10 17:36:59 - [TEST_STEP][PASSED] - Statement - BatchNumber = com.kms.katalon.core.webui.keyword.WebUiBuiltInKeywords.getNumberOfTotalOption(com.kms.katalon.core.testobject.ObjectRepository.findTestObject(lab/Page_Store/select_--Select--BA50)): 2 options of object 'Object Repository/lab/Page_Store/select_--Select--BA50' counted

2018-06-10 17:36:59 - [MESSAGE][PASSED] - 2 options of object 'Object Repository/lab/Page_Store/select_--Select--BA50' counted

2018-06-10 17:36:59 - [TEST_STEP][PASSED] - Statement - For ([g = 1, g <= BatchNumber - 1, (g++)]): null

2018-06-10 17:36:59 - [TEST_STEP][PASSED] - selectOptionByIndex: All options with index in [1] are selected on object 'Object Repository/lab/Page_Store/select_--Select--BA50'

2018-06-10 17:36:59 - [MESSAGE][PASSED] - All options with index in [1] are selected on object 'Object Repository/lab/Page_Store/select_--Select--BA50'

2018-06-10 17:36:59 - [TEST_STEP][PASSED] - delay: Delayed 2 second(s)

2018-06-10 17:37:01 - [MESSAGE][PASSED] - Delayed 2 second(s)

2018-06-10 17:37:01 - [TEST_STEP][PASSED] - Statement - Try: null

2018-06-10 17:37:01 - [TEST_STEP][PASSED] - Statement - StockQty = com.kms.katalon.core.webui.keyword.WebUiBuiltInKeywords.getAttribute(com.kms.katalon.core.testobject.ObjectRepository.findTestObject(lab/Page_Store/input_txtprice), "value"): Attribute 'value' of object 'Object Repository/lab/Page_Store/input_txtprice' is: '1910'

2018-06-10 17:37:01 - [MESSAGE][PASSED] - Attribute 'value' of object 'Object Repository/lab/Page_Store/input_txtprice' is: '1910'

2018-06-10 17:37:01 - [TEST_STEP][PASSED] - Statement - out.println("Stock QTY : " + StockQty): null

2018-06-10 17:37:01 - [TEST_STEP][PASSED] - delay: Delayed 1 second(s)

2018-06-10 17:37:02 - [MESSAGE][PASSED] - Delayed 1 second(s)

2018-06-10 17:37:02 - [TEST_STEP][PASSED] - Statement - If (java.lang.Integer.valueOf(StockQty) >= java.lang.Integer.valueOf(RequestedQty)): null

2018-06-10 17:37:02 - [TEST_STEP][PASSED] - setText: Text '10' is set on object 'Object Repository/lab/Page_Store/input_txtqty'

2018-06-10 17:37:02 - [MESSAGE][PASSED] - Text '10' is set on object 'Object Repository/lab/Page_Store/input_txtqty'

2018-06-10 17:37:02 - [TEST_STEP][PASSED] - click: Object: 'Object Repository/lab/Page_Store/button_Add' is clicked on

2018-06-10 17:37:02 - [MESSAGE][PASSED] - Object: 'Object Repository/lab/Page_Store/button_Add' is clicked on

2018-06-10 17:37:02 - [TEST_STEP][PASSED] - Statement - Break: null

2018-06-10 17:37:02 - [TEST_STEP][PASSED] - selectOptionByIndex: All options with index in [13] are selected on object 'Object Repository/lab/Page_Store/select_--Select--E.C.G. Jelly'

2018-06-10 17:37:02 - [MESSAGE][PASSED] - All options with index in [13] are selected on object 'Object Repository/lab/Page_Store/select_--Select--E.C.G. Jelly'

2018-06-10 17:37:02 - [TEST_STEP][PASSED] - delay: Delayed 2 second(s)

2018-06-10 17:37:04 - [MESSAGE][PASSED] - Delayed 2 second(s)

2018-06-10 17:37:04 - [TEST_STEP][PASSED] - Statement - RequestedQty = com.kms.katalon.core.webui.keyword.WebUiBuiltInKeywords.getAttribute(com.kms.katalon.core.testobject.ObjectRepository.findTestObject(lab/Page_Store/input_txttotal), "value"): Attribute 'value' of object 'Object Repository/lab/Page_Store/input_txttotal' is: '10'

2018-06-10 17:37:04 - [MESSAGE][PASSED] - Attribute 'value' of object 'Object Repository/lab/Page_Store/input_txttotal' is: '10'

2018-06-10 17:37:04 - [TEST_STEP][PASSED] - Statement - out.println("Requested QTY : " + RequestedQty): null

2018-06-10 17:37:04 - [TEST_STEP][PASSED] - Statement - BatchNumber = com.kms.katalon.core.webui.keyword.WebUiBuiltInKeywords.getNumberOfTotalOption(com.kms.katalon.core.testobject.ObjectRepository.findTestObject(lab/Page_Store/select_--Select--BA50)): 3 options of object 'Object Repository/lab/Page_Store/select_--Select--BA50' counted

2018-06-10 17:37:04 - [MESSAGE][PASSED] - 3 options of object 'Object Repository/lab/Page_Store/select_--Select--BA50' counted

2018-06-10 17:37:04 - [TEST_STEP][PASSED] - Statement - For ([g = 1, g <= BatchNumber - 1, (g++)]): null

2018-06-10 17:37:04 - [TEST_STEP][PASSED] - selectOptionByIndex: All options with index in [1] are selected on object 'Object Repository/lab/Page_Store/select_--Select--BA50'

2018-06-10 17:37:04 - [MESSAGE][PASSED] - All options with index in [1] are selected on object 'Object Repository/lab/Page_Store/select_--Select--BA50'

2018-06-10 17:37:04 - [TEST_STEP][PASSED] - delay: Delayed 2 second(s)

2018-06-10 17:37:06 - [MESSAGE][PASSED] - Delayed 2 second(s)

2018-06-10 17:37:06 - [TEST_STEP][PASSED] - Statement - Try: null

2018-06-10 17:37:06 - [TEST_STEP][PASSED] - Statement - StockQty = com.kms.katalon.core.webui.keyword.WebUiBuiltInKeywords.getAttribute(com.kms.katalon.core.testobject.ObjectRepository.findTestObject(lab/Page_Store/input_txtprice), "value"): Attribute 'value' of object 'Object Repository/lab/Page_Store/input_txtprice' is: '910'

2018-06-10 17:37:06 - [MESSAGE][PASSED] - Attribute 'value' of object 'Object Repository/lab/Page_Store/input_txtprice' is: '910'

2018-06-10 17:37:06 - [TEST_STEP][PASSED] - Statement - out.println("Stock QTY : " + StockQty): null

2018-06-10 17:37:06 - [TEST_STEP][PASSED] - delay: Delayed 1 second(s)

2018-06-10 17:37:07 - [MESSAGE][PASSED] - Delayed 1 second(s)

2018-06-10 17:37:07 - [TEST_STEP][PASSED] - Statement - If (java.lang.Integer.valueOf(StockQty) >= java.lang.Integer.valueOf(RequestedQty)): null

2018-06-10 17:37:07 - [TEST_STEP][PASSED] - setText: Text '10' is set on object 'Object Repository/lab/Page_Store/input_txtqty'

2018-06-10 17:37:08 - [MESSAGE][PASSED] - Text '10' is set on object 'Object Repository/lab/Page_Store/input_txtqty'

2018-06-10 17:37:08 - [TEST_STEP][PASSED] - click: Object: 'Object Repository/lab/Page_Store/button_Add' is clicked on

2018-06-10 17:37:08 - [MESSAGE][PASSED] - Object: 'Object Repository/lab/Page_Store/button_Add' is clicked on

2018-06-10 17:37:08 - [TEST_STEP][PASSED] - Statement - Break: null

2018-06-10 17:37:08 - [TEST_STEP][PASSED] - selectOptionByIndex: All options with index in [14] are selected on object 'Object Repository/lab/Page_Store/select_--Select--E.C.G. Jelly'

2018-06-10 17:37:08 - [MESSAGE][PASSED] - All options with index in [14] are selected on object 'Object Repository/lab/Page_Store/select_--Select--E.C.G. Jelly'

2018-06-10 17:37:08 - [TEST_STEP][PASSED] - delay: Delayed 2 second(s)

2018-06-10 17:37:10 - [MESSAGE][PASSED] - Delayed 2 second(s)

2018-06-10 17:37:10 - [TEST_STEP][PASSED] - Statement - RequestedQty = com.kms.katalon.core.webui.keyword.WebUiBuiltInKeywords.getAttribute(com.kms.katalon.core.testobject.ObjectRepository.findTestObject(lab/Page_Store/input_txttotal), "value"): Attribute 'value' of object 'Object Repository/lab/Page_Store/input_txttotal' is: '10'

2018-06-10 17:37:10 - [MESSAGE][PASSED] - Attribute 'value' of object 'Object Repository/lab/Page_Store/input_txttotal' is: '10'

2018-06-10 17:37:10 - [TEST_STEP][PASSED] - Statement - out.println("Requested QTY : " + RequestedQty): null

2018-06-10 17:37:10 - [TEST_STEP][PASSED] - Statement - BatchNumber = com.kms.katalon.core.webui.keyword.WebUiBuiltInKeywords.getNumberOfTotalOption(com.kms.katalon.core.testobject.ObjectRepository.findTestObject(lab/Page_Store/select_--Select--BA50)): 4 options of object 'Object Repository/lab/Page_Store/select_--Select--BA50' counted

2018-06-10 17:37:10 - [MESSAGE][PASSED] - 4 options of object 'Object Repository/lab/Page_Store/select_--Select--BA50' counted

2018-06-10 17:37:10 - [TEST_STEP][PASSED] - Statement - For ([g = 1, g <= BatchNumber - 1, (g++)]): null

2018-06-10 17:37:10 - [TEST_STEP][PASSED] - selectOptionByIndex: All options with index in [1] are selected on object 'Object Repository/lab/Page_Store/select_--Select--BA50'

2018-06-10 17:37:10 - [MESSAGE][PASSED] - All options with index in [1] are selected on object 'Object Repository/lab/Page_Store/select_--Select--BA50'

2018-06-10 17:37:10 - [TEST_STEP][PASSED] - delay: Delayed 2 second(s)

2018-06-10 17:37:12 - [MESSAGE][PASSED] - Delayed 2 second(s)

2018-06-10 17:37:12 - [TEST_STEP][PASSED] - Statement - Try: null

2018-06-10 17:37:12 - [TEST_STEP][PASSED] - Statement - StockQty = com.kms.katalon.core.webui.keyword.WebUiBuiltInKeywords.getAttribute(com.kms.katalon.core.testobject.ObjectRepository.findTestObject(lab/Page_Store/input_txtprice), "value"): Attribute 'value' of object 'Object Repository/lab/Page_Store/input_txtprice' is: '3920'

2018-06-10 17:37:12 - [MESSAGE][PASSED] - Attribute 'value' of object 'Object Repository/lab/Page_Store/input_txtprice' is: '3920'

2018-06-10 17:37:12 - [TEST_STEP][PASSED] - Statement - out.println("Stock QTY : " + StockQty): null

2018-06-10 17:37:12 - [TEST_STEP][PASSED] - delay: Delayed 1 second(s)

2018-06-10 17:37:13 - [MESSAGE][PASSED] - Delayed 1 second(s)

2018-06-10 17:37:13 - [TEST_STEP][PASSED] - Statement - If (java.lang.Integer.valueOf(StockQty) >= java.lang.Integer.valueOf(RequestedQty)): null

2018-06-10 17:37:13 - [TEST_STEP][PASSED] - setText: Text '10' is set on object 'Object Repository/lab/Page_Store/input_txtqty'

2018-06-10 17:37:13 - [MESSAGE][PASSED] - Text '10' is set on object 'Object Repository/lab/Page_Store/input_txtqty'

2018-06-10 17:37:13 - [TEST_STEP][PASSED] - click: Object: 'Object Repository/lab/Page_Store/button_Add' is clicked on

2018-06-10 17:37:13 - [MESSAGE][PASSED] - Object: 'Object Repository/lab/Page_Store/button_Add' is clicked on

2018-06-10 17:37:13 - [TEST_STEP][PASSED] - Statement - Break: null

2018-06-10 17:37:13 - [TEST_STEP][PASSED] - selectOptionByIndex: All options with index in [15] are selected on object 'Object Repository/lab/Page_Store/select_--Select--E.C.G. Jelly'

2018-06-10 17:37:13 - [MESSAGE][PASSED] - All options with index in [15] are selected on object 'Object Repository/lab/Page_Store/select_--Select--E.C.G. Jelly'

2018-06-10 17:37:13 - [TEST_STEP][PASSED] - delay: Delayed 2 second(s)

2018-06-10 17:37:15 - [MESSAGE][PASSED] - Delayed 2 second(s)

2018-06-10 17:37:15 - [TEST_STEP][PASSED] - Statement - RequestedQty = com.kms.katalon.core.webui.keyword.WebUiBuiltInKeywords.getAttribute(com.kms.katalon.core.testobject.ObjectRepository.findTestObject(lab/Page_Store/input_txttotal), "value"): Attribute 'value' of object 'Object Repository/lab/Page_Store/input_txttotal' is: '10'

2018-06-10 17:37:16 - [MESSAGE][PASSED] - Attribute 'value' of object 'Object Repository/lab/Page_Store/input_txttotal' is: '10'

2018-06-10 17:37:16 - [TEST_STEP][PASSED] - Statement - out.println("Requested QTY : " + RequestedQty): null

2018-06-10 17:37:16 - [TEST_STEP][PASSED] - Statement - BatchNumber = com.kms.katalon.core.webui.keyword.WebUiBuiltInKeywords.getNumberOfTotalOption(com.kms.katalon.core.testobject.ObjectRepository.findTestObject(lab/Page_Store/select_--Select--BA50)): 4 options of object 'Object Repository/lab/Page_Store/select_--Select--BA50' counted

2018-06-10 17:37:16 - [MESSAGE][PASSED] - 4 options of object 'Object Repository/lab/Page_Store/select_--Select--BA50' counted

2018-06-10 17:37:16 - [TEST_STEP][PASSED] - Statement - For ([g = 1, g <= BatchNumber - 1, (g++)]): null

2018-06-10 17:37:16 - [TEST_STEP][PASSED] - selectOptionByIndex: All options with index in [1] are selected on object 'Object Repository/lab/Page_Store/select_--Select--BA50'

2018-06-10 17:37:16 - [MESSAGE][PASSED] - All options with index in [1] are selected on object 'Object Repository/lab/Page_Store/select_--Select--BA50'

2018-06-10 17:37:16 - [TEST_STEP][PASSED] - delay: Delayed 2 second(s)

2018-06-10 17:37:18 - [MESSAGE][PASSED] - Delayed 2 second(s)

2018-06-10 17:37:18 - [TEST_STEP][PASSED] - Statement - Try: null

2018-06-10 17:37:18 - [TEST_STEP][PASSED] - Statement - StockQty = com.kms.katalon.core.webui.keyword.WebUiBuiltInKeywords.getAttribute(com.kms.katalon.core.testobject.ObjectRepository.findTestObject(lab/Page_Store/input_txtprice), "value"): Attribute 'value' of object 'Object Repository/lab/Page_Store/input_txtprice' is: '3920'

2018-06-10 17:37:18 - [MESSAGE][PASSED] - Attribute 'value' of object 'Object Repository/lab/Page_Store/input_txtprice' is: '3920'

2018-06-10 17:37:18 - [TEST_STEP][PASSED] - Statement - out.println("Stock QTY : " + StockQty): null

2018-06-10 17:37:18 - [TEST_STEP][PASSED] - delay: Delayed 1 second(s)

2018-06-10 17:37:19 - [MESSAGE][PASSED] - Delayed 1 second(s)

2018-06-10 17:37:19 - [TEST_STEP][PASSED] - Statement - If (java.lang.Integer.valueOf(StockQty) >= java.lang.Integer.valueOf(RequestedQty)): null

2018-06-10 17:37:19 - [TEST_STEP][PASSED] - setText: Text '10' is set on object 'Object Repository/lab/Page_Store/input_txtqty'

2018-06-10 17:37:19 - [MESSAGE][PASSED] - Text '10' is set on object 'Object Repository/lab/Page_Store/input_txtqty'

2018-06-10 17:37:19 - [TEST_STEP][PASSED] - click: Object: 'Object Repository/lab/Page_Store/button_Add' is clicked on

2018-06-10 17:37:19 - [MESSAGE][PASSED] - Object: 'Object Repository/lab/Page_Store/button_Add' is clicked on

2018-06-10 17:37:19 - [TEST_STEP][PASSED] - Statement - Break: null

2018-06-10 17:37:19 - [TEST_STEP][PASSED] - selectOptionByIndex: All options with index in [16] are selected on object 'Object Repository/lab/Page_Store/select_--Select--E.C.G. Jelly'

2018-06-10 17:37:19 - [MESSAGE][PASSED] - All options with index in [16] are selected on object 'Object Repository/lab/Page_Store/select_--Select--E.C.G. Jelly'

2018-06-10 17:37:19 - [TEST_STEP][PASSED] - delay: Delayed 2 second(s)

2018-06-10 17:37:21 - [MESSAGE][PASSED] - Delayed 2 second(s)

2018-06-10 17:37:21 - [TEST_STEP][PASSED] - Statement - RequestedQty = com.kms.katalon.core.webui.keyword.WebUiBuiltInKeywords.getAttribute(com.kms.katalon.core.testobject.ObjectRepository.findTestObject(lab/Page_Store/input_txttotal), "value"): Attribute 'value' of object 'Object Repository/lab/Page_Store/input_txttotal' is: '10'

2018-06-10 17:37:21 - [MESSAGE][PASSED] - Attribute 'value' of object 'Object Repository/lab/Page_Store/input_txttotal' is: '10'

2018-06-10 17:37:21 - [TEST_STEP][PASSED] - Statement - out.println("Requested QTY : " + RequestedQty): null

2018-06-10 17:37:21 - [TEST_STEP][PASSED] - Statement - BatchNumber = com.kms.katalon.core.webui.keyword.WebUiBuiltInKeywords.getNumberOfTotalOption(com.kms.katalon.core.testobject.ObjectRepository.findTestObject(lab/Page_Store/select_--Select--BA50)): 3 options of object 'Object Repository/lab/Page_Store/select_--Select--BA50' counted

2018-06-10 17:37:21 - [MESSAGE][PASSED] - 3 options of object 'Object Repository/lab/Page_Store/select_--Select--BA50' counted

2018-06-10 17:37:21 - [TEST_STEP][PASSED] - Statement - For ([g = 1, g <= BatchNumber - 1, (g++)]): null

2018-06-10 17:37:21 - [TEST_STEP][PASSED] - selectOptionByIndex: All options with index in [1] are selected on object 'Object Repository/lab/Page_Store/select_--Select--BA50'

2018-06-10 17:37:21 - [MESSAGE][PASSED] - All options with index in [1] are selected on object 'Object Repository/lab/Page_Store/select_--Select--BA50'

2018-06-10 17:37:21 - [TEST_STEP][PASSED] - delay: Delayed 2 second(s)

2018-06-10 17:37:23 - [MESSAGE][PASSED] - Delayed 2 second(s)

2018-06-10 17:37:23 - [TEST_STEP][PASSED] - Statement - Try: null

2018-06-10 17:37:23 - [TEST_STEP][PASSED] - Statement - StockQty = com.kms.katalon.core.webui.keyword.WebUiBuiltInKeywords.getAttribute(com.kms.katalon.core.testobject.ObjectRepository.findTestObject(lab/Page_Store/input_txtprice), "value"): Attribute 'value' of object 'Object Repository/lab/Page_Store/input_txtprice' is: '910'

2018-06-10 17:37:23 - [MESSAGE][PASSED] - Attribute 'value' of object 'Object Repository/lab/Page_Store/input_txtprice' is: '910'

2018-06-10 17:37:23 - [TEST_STEP][PASSED] - Statement - out.println("Stock QTY : " + StockQty): null

2018-06-10 17:37:23 - [TEST_STEP][PASSED] - delay: Delayed 1 second(s)

2018-06-10 17:37:24 - [MESSAGE][PASSED] - Delayed 1 second(s)

2018-06-10 17:37:24 - [TEST_STEP][PASSED] - Statement - If (java.lang.Integer.valueOf(StockQty) >= java.lang.Integer.valueOf(RequestedQty)): null

2018-06-10 17:37:24 - [TEST_STEP][PASSED] - setText: Text '10' is set on object 'Object Repository/lab/Page_Store/input_txtqty'

2018-06-10 17:37:24 - [MESSAGE][PASSED] - Text '10' is set on object 'Object Repository/lab/Page_Store/input_txtqty'

2018-06-10 17:37:24 - [TEST_STEP][PASSED] - click: Object: 'Object Repository/lab/Page_Store/button_Add' is clicked on

2018-06-10 17:37:25 - [MESSAGE][PASSED] - Object: 'Object Repository/lab/Page_Store/button_Add' is clicked on

2018-06-10 17:37:25 - [TEST_STEP][PASSED] - Statement - Break: null

2018-06-10 17:37:25 - [TEST_STEP][PASSED] - selectOptionByIndex: All options with index in [17] are selected on object 'Object Repository/lab/Page_Store/select_--Select--E.C.G. Jelly'

2018-06-10 17:37:25 - [MESSAGE][PASSED] - All options with index in [17] are selected on object 'Object Repository/lab/Page_Store/select_--Select--E.C.G. Jelly'

2018-06-10 17:37:25 - [TEST_STEP][PASSED] - delay: Delayed 2 second(s)

2018-06-10 17:37:27 - [MESSAGE][PASSED] - Delayed 2 second(s)

2018-06-10 17:37:27 - [TEST_STEP][PASSED] - Statement - RequestedQty = com.kms.katalon.core.webui.keyword.WebUiBuiltInKeywords.getAttribute(com.kms.katalon.core.testobject.ObjectRepository.findTestObject(lab/Page_Store/input_txttotal), "value"): Attribute 'value' of object 'Object Repository/lab/Page_Store/input_txttotal' is: '10'

2018-06-10 17:37:27 - [MESSAGE][PASSED] - Attribute 'value' of object 'Object Repository/lab/Page_Store/input_txttotal' is: '10'

2018-06-10 17:37:27 - [TEST_STEP][PASSED] - Statement - out.println("Requested QTY : " + RequestedQty): null

2018-06-10 17:37:27 - [TEST_STEP][PASSED] - Statement - BatchNumber = com.kms.katalon.core.webui.keyword.WebUiBuiltInKeywords.getNumberOfTotalOption(com.kms.katalon.core.testobject.ObjectRepository.findTestObject(lab/Page_Store/select_--Select--BA50)): 2 options of object 'Object Repository/lab/Page_Store/select_--Select--BA50' counted

2018-06-10 17:37:27 - [MESSAGE][PASSED] - 2 options of object 'Object Repository/lab/Page_Store/select_--Select--BA50' counted

2018-06-10 17:37:27 - [TEST_STEP][PASSED] - Statement - For ([g = 1, g <= BatchNumber - 1, (g++)]): null

2018-06-10 17:37:27 - [TEST_STEP][PASSED] - selectOptionByIndex: All options with index in [1] are selected on object 'Object Repository/lab/Page_Store/select_--Select--BA50'

2018-06-10 17:37:27 - [MESSAGE][PASSED] - All options with index in [1] are selected on object 'Object Repository/lab/Page_Store/select_--Select--BA50'

2018-06-10 17:37:27 - [TEST_STEP][PASSED] - delay: Delayed 2 second(s)

2018-06-10 17:37:29 - [MESSAGE][PASSED] - Delayed 2 second(s)

2018-06-10 17:37:29 - [TEST_STEP][PASSED] - Statement - Try: null

2018-06-10 17:37:29 - [TEST_STEP][PASSED] - Statement - StockQty = com.kms.katalon.core.webui.keyword.WebUiBuiltInKeywords.getAttribute(com.kms.katalon.core.testobject.ObjectRepository.findTestObject(lab/Page_Store/input_txtprice), "value"): Attribute 'value' of object 'Object Repository/lab/Page_Store/input_txtprice' is: '1950'

2018-06-10 17:37:29 - [MESSAGE][PASSED] - Attribute 'value' of object 'Object Repository/lab/Page_Store/input_txtprice' is: '1950'

2018-06-10 17:37:29 - [TEST_STEP][PASSED] - Statement - out.println("Stock QTY : " + StockQty): null

2018-06-10 17:37:29 - [TEST_STEP][PASSED] - delay: Delayed 1 second(s)

2018-06-10 17:37:30 - [MESSAGE][PASSED] - Delayed 1 second(s)

2018-06-10 17:37:30 - [TEST_STEP][PASSED] - Statement - If (java.lang.Integer.valueOf(StockQty) >= java.lang.Integer.valueOf(RequestedQty)): null

2018-06-10 17:37:30 - [TEST_STEP][PASSED] - setText: Text '10' is set on object 'Object Repository/lab/Page_Store/input_txtqty'

2018-06-10 17:37:30 - [MESSAGE][PASSED] - Text '10' is set on object 'Object Repository/lab/Page_Store/input_txtqty'

2018-06-10 17:37:30 - [TEST_STEP][PASSED] - click: Object: 'Object Repository/lab/Page_Store/button_Add' is clicked on

2018-06-10 17:37:30 - [MESSAGE][PASSED] - Object: 'Object Repository/lab/Page_Store/button_Add' is clicked on

2018-06-10 17:37:30 - [TEST_STEP][PASSED] - Statement - Break: null

2018-06-10 17:37:30 - [TEST_STEP][PASSED] - scrollToElement: Scroll to object 'Object Repository/lab/Page_Store/input_btnSubmit' successfully

2018-06-10 17:37:30 - [MESSAGE][PASSED] - Scroll to object 'Object Repository/lab/Page_Store/input_btnSubmit' successfully

2018-06-10 17:37:30 - [TEST_STEP][PASSED] - click: Object: 'Object Repository/lab/Page_Store/input_btnSubmit' is clicked on

2018-06-10 17:37:30 - [MESSAGE][PASSED] - Object: 'Object Repository/lab/Page_Store/input_btnSubmit' is clicked on

2018-06-10 17:37:30 - [TEST_STEP][PASSED] - delay: Delayed 3 second(s)

2018-06-10 17:37:33 - [MESSAGE][PASSED] - Delayed 3 second(s)

2018-06-10 17:37:33 - [TEST_STEP][PASSED] - click: Object: 'Object Repository/lab/Page_Store/button_OK' is clicked on

2018-06-10 17:37:34 - [MESSAGE][PASSED] - Object: 'Object Repository/lab/Page_Store/button_OK' is clicked on

2018-06-10 17:37:34 - [TEST_STEP][PASSED] - delay: Delayed 3 second(s)

2018-06-10 17:37:37 - [MESSAGE][PASSED] - Delayed 3 second(s)

2018-06-10 17:37:37 - [TEST_STEP][PASSED] - click: Object: 'Object Repository/lab/Page_Store/a_dropdown-toggle' is clicked on

2018-06-10 17:37:38 - [MESSAGE][PASSED] - Object: 'Object Repository/lab/Page_Store/a_dropdown-toggle' is clicked on

2018-06-10 17:37:38 - [TEST_STEP][PASSED] - click: Object: 'Object Repository/lab/Page_Store/a_Sign out' is clicked on

2018-06-10 17:37:38 - [MESSAGE][PASSED] - Object: 'Object Repository/lab/Page_Store/a_Sign out' is clicked on

2018-06-10 17:37:38 - [TEST_STEP][PASSED] - closeBrowser: Browser is closed

2018-06-10 17:37:39 - [MESSAGE][PASSED] - Browser is closed

2018-06-10 17:37:39 - [TEST_STEP][PASSED] - Statement - out.println("Schedule 8 Investigation Request Are Working Successfully"): null]]></system-out>
         <system-err><![CDATA[]]></system-err>
      </testcase>
      <testcase name="Test Cases/INVESTIGATION TEST CASES/TC_INV_005 Verify Schedule 10 Investigation Request Are Working Successfully Or No" classname="Test Cases/INVESTIGATION TEST CASES/TC_INV_005 Verify Schedule 10 Investigation Request Are Working Successfully Or No" status="PASSED">
         <system-out><![CDATA[2018-06-10 17:37:39 - [TEST_CASE][PASSED] - Test Cases/INVESTIGATION TEST CASES/TC_INV_005 Verify Schedule 10 Investigation Request Are Working Successfully Or No: Test Cases/INVESTIGATION TEST CASES/TC_INV_005 Verify Schedule 10 Investigation Request Are Working Successfully Or No

2018-06-10 17:37:39 - [TEST_STEP][PASSED] - openBrowser: Browser is opened with url: ''

2018-06-10 17:37:41 - [MESSAGE][PASSED] - Browser is opened with url: ''

2018-06-10 17:37:41 - [TEST_STEP][PASSED] - navigateToUrl: Navigate to 'http://192.168.137.1/multihospital_new/' successfully

2018-06-10 17:37:43 - [MESSAGE][PASSED] - Navigate to 'http://192.168.137.1/multihospital_new/' successfully

2018-06-10 17:37:43 - [TEST_STEP][PASSED] - Statement - out.println(" Verify Schedule 10 Investigation Request Are Working Successfully Or Not"): null

2018-06-10 17:37:43 - [TEST_STEP][PASSED] - maximizeWindow: Current window maximized

2018-06-10 17:37:44 - [MESSAGE][PASSED] - Current window maximized

2018-06-10 17:37:44 - [TEST_STEP][PASSED] - click: Object: 'Object Repository/lab/Page_KDMC/a_Investigation' is clicked on

2018-06-10 17:37:45 - [MESSAGE][PASSED] - Object: 'Object Repository/lab/Page_KDMC/a_Investigation' is clicked on

2018-06-10 17:37:45 - [TEST_STEP][PASSED] - setText: Text 'manoj' is set on object 'Object Repository/lab/Page_Investigation login/input_txtusername'

2018-06-10 17:37:45 - [MESSAGE][PASSED] - Text 'manoj' is set on object 'Object Repository/lab/Page_Investigation login/input_txtusername'

2018-06-10 17:37:45 - [TEST_STEP][PASSED] - setText: Text '123' is set on object 'Object Repository/lab/Page_Investigation login/input_txtpassword'

2018-06-10 17:37:45 - [MESSAGE][PASSED] - Text '123' is set on object 'Object Repository/lab/Page_Investigation login/input_txtpassword'

2018-06-10 17:37:45 - [TEST_STEP][PASSED] - delay: Delayed 3 second(s)

2018-06-10 17:37:48 - [MESSAGE][PASSED] - Delayed 3 second(s)

2018-06-10 17:37:48 - [TEST_STEP][PASSED] - click: Object: 'Object Repository/lab/Page_Investigation login/button_Sign in' is clicked on

2018-06-10 17:37:49 - [MESSAGE][PASSED] - Object: 'Object Repository/lab/Page_Investigation login/button_Sign in' is clicked on

2018-06-10 17:37:49 - [TEST_STEP][PASSED] - click: Object: 'Object Repository/lab/Page_KDMC/a_Store Request' is clicked on

2018-06-10 17:37:51 - [MESSAGE][PASSED] - Object: 'Object Repository/lab/Page_KDMC/a_Store Request' is clicked on

2018-06-10 17:37:51 - [TEST_STEP][PASSED] - delay: Delayed 2 second(s)

2018-06-10 17:37:53 - [MESSAGE][PASSED] - Delayed 2 second(s)

2018-06-10 17:37:53 - [TEST_STEP][PASSED] - click: Object: 'Object Repository/lab/Page_KDMC/a_Medicine Request' is clicked on

2018-06-10 17:37:53 - [MESSAGE][PASSED] - Object: 'Object Repository/lab/Page_KDMC/a_Medicine Request' is clicked on

2018-06-10 17:37:53 - [TEST_STEP][PASSED] - selectOptionByIndex: All options with index in [5] are selected on object 'Object Repository/lab/Page_KDMC/select_--Select--Schedule 4X-r'

2018-06-10 17:37:53 - [MESSAGE][PASSED] - All options with index in [5] are selected on object 'Object Repository/lab/Page_KDMC/select_--Select--Schedule 4X-r'

2018-06-10 17:37:53 - [TEST_STEP][PASSED] - Statement - medicineslength = com.kms.katalon.core.webui.keyword.WebUiBuiltInKeywords.getNumberOfTotalOption(com.kms.katalon.core.testobject.ObjectRepository.findTestObject(lab/Page_KDMC/select_--Select--Automatic x-r)): 19 options of object 'Object Repository/lab/Page_KDMC/select_--Select--Automatic x-r' counted

2018-06-10 17:37:53 - [MESSAGE][PASSED] - 19 options of object 'Object Repository/lab/Page_KDMC/select_--Select--Automatic x-r' counted

2018-06-10 17:37:53 - [TEST_STEP][PASSED] - Statement - For ([e = 1, e < medicineslength, (e++)]): Object: 'Object Repository/lab/Page_KDMC/button_Add' is clicked on

2018-06-10 17:37:53 - [TEST_STEP][PASSED] - selectOptionByIndex: All options with index in [5] are selected on object 'Object Repository/lab/Page_KDMC/select_--Select--Schedule 4X-r'

2018-06-10 17:37:54 - [MESSAGE][PASSED] - All options with index in [5] are selected on object 'Object Repository/lab/Page_KDMC/select_--Select--Schedule 4X-r'

2018-06-10 17:37:54 - [TEST_STEP][PASSED] - selectOptionByIndex: All options with index in [1] are selected on object 'Object Repository/lab/Page_KDMC/select_--Select--Automatic x-r'

2018-06-10 17:37:54 - [MESSAGE][PASSED] - All options with index in [1] are selected on object 'Object Repository/lab/Page_KDMC/select_--Select--Automatic x-r'

2018-06-10 17:37:54 - [TEST_STEP][PASSED] - setText: Text '10' is set on object 'Object Repository/lab/Page_KDMC/input_txttreat'

2018-06-10 17:37:54 - [MESSAGE][PASSED] - Text '10' is set on object 'Object Repository/lab/Page_KDMC/input_txttreat'

2018-06-10 17:37:54 - [TEST_STEP][PASSED] - click: Object: 'Object Repository/lab/Page_KDMC/button_Add' is clicked on

2018-06-10 17:37:54 - [MESSAGE][PASSED] - Object: 'Object Repository/lab/Page_KDMC/button_Add' is clicked on

2018-06-10 17:37:54 - [TEST_STEP][PASSED] - selectOptionByIndex: All options with index in [5] are selected on object 'Object Repository/lab/Page_KDMC/select_--Select--Schedule 4X-r'

2018-06-10 17:37:54 - [MESSAGE][PASSED] - All options with index in [5] are selected on object 'Object Repository/lab/Page_KDMC/select_--Select--Schedule 4X-r'

2018-06-10 17:37:54 - [TEST_STEP][PASSED] - selectOptionByIndex: All options with index in [2] are selected on object 'Object Repository/lab/Page_KDMC/select_--Select--Automatic x-r'

2018-06-10 17:37:54 - [MESSAGE][PASSED] - All options with index in [2] are selected on object 'Object Repository/lab/Page_KDMC/select_--Select--Automatic x-r'

2018-06-10 17:37:54 - [TEST_STEP][PASSED] - setText: Text '10' is set on object 'Object Repository/lab/Page_KDMC/input_txttreat'

2018-06-10 17:37:54 - [MESSAGE][PASSED] - Text '10' is set on object 'Object Repository/lab/Page_KDMC/input_txttreat'

2018-06-10 17:37:54 - [TEST_STEP][PASSED] - click: Object: 'Object Repository/lab/Page_KDMC/button_Add' is clicked on

2018-06-10 17:37:55 - [MESSAGE][PASSED] - Object: 'Object Repository/lab/Page_KDMC/button_Add' is clicked on

2018-06-10 17:37:55 - [TEST_STEP][PASSED] - selectOptionByIndex: All options with index in [5] are selected on object 'Object Repository/lab/Page_KDMC/select_--Select--Schedule 4X-r'

2018-06-10 17:37:55 - [MESSAGE][PASSED] - All options with index in [5] are selected on object 'Object Repository/lab/Page_KDMC/select_--Select--Schedule 4X-r'

2018-06-10 17:37:55 - [TEST_STEP][PASSED] - selectOptionByIndex: All options with index in [3] are selected on object 'Object Repository/lab/Page_KDMC/select_--Select--Automatic x-r'

2018-06-10 17:37:55 - [MESSAGE][PASSED] - All options with index in [3] are selected on object 'Object Repository/lab/Page_KDMC/select_--Select--Automatic x-r'

2018-06-10 17:37:55 - [TEST_STEP][PASSED] - setText: Text '10' is set on object 'Object Repository/lab/Page_KDMC/input_txttreat'

2018-06-10 17:37:55 - [MESSAGE][PASSED] - Text '10' is set on object 'Object Repository/lab/Page_KDMC/input_txttreat'

2018-06-10 17:37:55 - [TEST_STEP][PASSED] - click: Object: 'Object Repository/lab/Page_KDMC/button_Add' is clicked on

2018-06-10 17:37:55 - [MESSAGE][PASSED] - Object: 'Object Repository/lab/Page_KDMC/button_Add' is clicked on

2018-06-10 17:37:55 - [TEST_STEP][PASSED] - selectOptionByIndex: All options with index in [5] are selected on object 'Object Repository/lab/Page_KDMC/select_--Select--Schedule 4X-r'

2018-06-10 17:37:55 - [MESSAGE][PASSED] - All options with index in [5] are selected on object 'Object Repository/lab/Page_KDMC/select_--Select--Schedule 4X-r'

2018-06-10 17:37:55 - [TEST_STEP][PASSED] - selectOptionByIndex: All options with index in [4] are selected on object 'Object Repository/lab/Page_KDMC/select_--Select--Automatic x-r'

2018-06-10 17:37:55 - [MESSAGE][PASSED] - All options with index in [4] are selected on object 'Object Repository/lab/Page_KDMC/select_--Select--Automatic x-r'

2018-06-10 17:37:55 - [TEST_STEP][PASSED] - setText: Text '10' is set on object 'Object Repository/lab/Page_KDMC/input_txttreat'

2018-06-10 17:37:56 - [MESSAGE][PASSED] - Text '10' is set on object 'Object Repository/lab/Page_KDMC/input_txttreat'

2018-06-10 17:37:56 - [TEST_STEP][PASSED] - click: Object: 'Object Repository/lab/Page_KDMC/button_Add' is clicked on

2018-06-10 17:37:56 - [MESSAGE][PASSED] - Object: 'Object Repository/lab/Page_KDMC/button_Add' is clicked on

2018-06-10 17:37:56 - [TEST_STEP][PASSED] - selectOptionByIndex: All options with index in [5] are selected on object 'Object Repository/lab/Page_KDMC/select_--Select--Schedule 4X-r'

2018-06-10 17:37:56 - [MESSAGE][PASSED] - All options with index in [5] are selected on object 'Object Repository/lab/Page_KDMC/select_--Select--Schedule 4X-r'

2018-06-10 17:37:56 - [TEST_STEP][PASSED] - selectOptionByIndex: All options with index in [5] are selected on object 'Object Repository/lab/Page_KDMC/select_--Select--Automatic x-r'

2018-06-10 17:37:56 - [MESSAGE][PASSED] - All options with index in [5] are selected on object 'Object Repository/lab/Page_KDMC/select_--Select--Automatic x-r'

2018-06-10 17:37:56 - [TEST_STEP][PASSED] - setText: Text '10' is set on object 'Object Repository/lab/Page_KDMC/input_txttreat'

2018-06-10 17:37:56 - [MESSAGE][PASSED] - Text '10' is set on object 'Object Repository/lab/Page_KDMC/input_txttreat'

2018-06-10 17:37:56 - [TEST_STEP][PASSED] - click: Object: 'Object Repository/lab/Page_KDMC/button_Add' is clicked on

2018-06-10 17:37:56 - [MESSAGE][PASSED] - Object: 'Object Repository/lab/Page_KDMC/button_Add' is clicked on

2018-06-10 17:37:56 - [TEST_STEP][PASSED] - selectOptionByIndex: All options with index in [5] are selected on object 'Object Repository/lab/Page_KDMC/select_--Select--Schedule 4X-r'

2018-06-10 17:37:56 - [MESSAGE][PASSED] - All options with index in [5] are selected on object 'Object Repository/lab/Page_KDMC/select_--Select--Schedule 4X-r'

2018-06-10 17:37:56 - [TEST_STEP][PASSED] - selectOptionByIndex: All options with index in [6] are selected on object 'Object Repository/lab/Page_KDMC/select_--Select--Automatic x-r'

2018-06-10 17:37:57 - [MESSAGE][PASSED] - All options with index in [6] are selected on object 'Object Repository/lab/Page_KDMC/select_--Select--Automatic x-r'

2018-06-10 17:37:57 - [TEST_STEP][PASSED] - setText: Text '10' is set on object 'Object Repository/lab/Page_KDMC/input_txttreat'

2018-06-10 17:37:57 - [MESSAGE][PASSED] - Text '10' is set on object 'Object Repository/lab/Page_KDMC/input_txttreat'

2018-06-10 17:37:57 - [TEST_STEP][PASSED] - click: Object: 'Object Repository/lab/Page_KDMC/button_Add' is clicked on

2018-06-10 17:37:57 - [MESSAGE][PASSED] - Object: 'Object Repository/lab/Page_KDMC/button_Add' is clicked on

2018-06-10 17:37:57 - [TEST_STEP][PASSED] - selectOptionByIndex: All options with index in [5] are selected on object 'Object Repository/lab/Page_KDMC/select_--Select--Schedule 4X-r'

2018-06-10 17:37:57 - [MESSAGE][PASSED] - All options with index in [5] are selected on object 'Object Repository/lab/Page_KDMC/select_--Select--Schedule 4X-r'

2018-06-10 17:37:57 - [TEST_STEP][PASSED] - selectOptionByIndex: All options with index in [7] are selected on object 'Object Repository/lab/Page_KDMC/select_--Select--Automatic x-r'

2018-06-10 17:37:57 - [MESSAGE][PASSED] - All options with index in [7] are selected on object 'Object Repository/lab/Page_KDMC/select_--Select--Automatic x-r'

2018-06-10 17:37:57 - [TEST_STEP][PASSED] - setText: Text '10' is set on object 'Object Repository/lab/Page_KDMC/input_txttreat'

2018-06-10 17:37:57 - [MESSAGE][PASSED] - Text '10' is set on object 'Object Repository/lab/Page_KDMC/input_txttreat'

2018-06-10 17:37:57 - [TEST_STEP][PASSED] - click: Object: 'Object Repository/lab/Page_KDMC/button_Add' is clicked on

2018-06-10 17:37:57 - [MESSAGE][PASSED] - Object: 'Object Repository/lab/Page_KDMC/button_Add' is clicked on

2018-06-10 17:37:57 - [TEST_STEP][PASSED] - selectOptionByIndex: All options with index in [5] are selected on object 'Object Repository/lab/Page_KDMC/select_--Select--Schedule 4X-r'

2018-06-10 17:37:57 - [MESSAGE][PASSED] - All options with index in [5] are selected on object 'Object Repository/lab/Page_KDMC/select_--Select--Schedule 4X-r'

2018-06-10 17:37:57 - [TEST_STEP][PASSED] - selectOptionByIndex: All options with index in [8] are selected on object 'Object Repository/lab/Page_KDMC/select_--Select--Automatic x-r'

2018-06-10 17:37:58 - [MESSAGE][PASSED] - All options with index in [8] are selected on object 'Object Repository/lab/Page_KDMC/select_--Select--Automatic x-r'

2018-06-10 17:37:58 - [TEST_STEP][PASSED] - setText: Text '10' is set on object 'Object Repository/lab/Page_KDMC/input_txttreat'

2018-06-10 17:37:58 - [MESSAGE][PASSED] - Text '10' is set on object 'Object Repository/lab/Page_KDMC/input_txttreat'

2018-06-10 17:37:58 - [TEST_STEP][PASSED] - click: Object: 'Object Repository/lab/Page_KDMC/button_Add' is clicked on

2018-06-10 17:37:58 - [MESSAGE][PASSED] - Object: 'Object Repository/lab/Page_KDMC/button_Add' is clicked on

2018-06-10 17:37:58 - [TEST_STEP][PASSED] - selectOptionByIndex: All options with index in [5] are selected on object 'Object Repository/lab/Page_KDMC/select_--Select--Schedule 4X-r'

2018-06-10 17:37:58 - [MESSAGE][PASSED] - All options with index in [5] are selected on object 'Object Repository/lab/Page_KDMC/select_--Select--Schedule 4X-r'

2018-06-10 17:37:58 - [TEST_STEP][PASSED] - selectOptionByIndex: All options with index in [9] are selected on object 'Object Repository/lab/Page_KDMC/select_--Select--Automatic x-r'

2018-06-10 17:37:58 - [MESSAGE][PASSED] - All options with index in [9] are selected on object 'Object Repository/lab/Page_KDMC/select_--Select--Automatic x-r'

2018-06-10 17:37:58 - [TEST_STEP][PASSED] - setText: Text '10' is set on object 'Object Repository/lab/Page_KDMC/input_txttreat'

2018-06-10 17:37:58 - [MESSAGE][PASSED] - Text '10' is set on object 'Object Repository/lab/Page_KDMC/input_txttreat'

2018-06-10 17:37:58 - [TEST_STEP][PASSED] - click: Object: 'Object Repository/lab/Page_KDMC/button_Add' is clicked on

2018-06-10 17:37:58 - [MESSAGE][PASSED] - Object: 'Object Repository/lab/Page_KDMC/button_Add' is clicked on

2018-06-10 17:37:58 - [TEST_STEP][PASSED] - selectOptionByIndex: All options with index in [5] are selected on object 'Object Repository/lab/Page_KDMC/select_--Select--Schedule 4X-r'

2018-06-10 17:37:58 - [MESSAGE][PASSED] - All options with index in [5] are selected on object 'Object Repository/lab/Page_KDMC/select_--Select--Schedule 4X-r'

2018-06-10 17:37:58 - [TEST_STEP][PASSED] - selectOptionByIndex: All options with index in [10] are selected on object 'Object Repository/lab/Page_KDMC/select_--Select--Automatic x-r'

2018-06-10 17:37:59 - [MESSAGE][PASSED] - All options with index in [10] are selected on object 'Object Repository/lab/Page_KDMC/select_--Select--Automatic x-r'

2018-06-10 17:37:59 - [TEST_STEP][PASSED] - setText: Text '10' is set on object 'Object Repository/lab/Page_KDMC/input_txttreat'

2018-06-10 17:37:59 - [MESSAGE][PASSED] - Text '10' is set on object 'Object Repository/lab/Page_KDMC/input_txttreat'

2018-06-10 17:37:59 - [TEST_STEP][PASSED] - click: Object: 'Object Repository/lab/Page_KDMC/button_Add' is clicked on

2018-06-10 17:37:59 - [MESSAGE][PASSED] - Object: 'Object Repository/lab/Page_KDMC/button_Add' is clicked on

2018-06-10 17:37:59 - [TEST_STEP][PASSED] - selectOptionByIndex: All options with index in [5] are selected on object 'Object Repository/lab/Page_KDMC/select_--Select--Schedule 4X-r'

2018-06-10 17:37:59 - [MESSAGE][PASSED] - All options with index in [5] are selected on object 'Object Repository/lab/Page_KDMC/select_--Select--Schedule 4X-r'

2018-06-10 17:37:59 - [TEST_STEP][PASSED] - selectOptionByIndex: All options with index in [11] are selected on object 'Object Repository/lab/Page_KDMC/select_--Select--Automatic x-r'

2018-06-10 17:37:59 - [MESSAGE][PASSED] - All options with index in [11] are selected on object 'Object Repository/lab/Page_KDMC/select_--Select--Automatic x-r'

2018-06-10 17:37:59 - [TEST_STEP][PASSED] - setText: Text '10' is set on object 'Object Repository/lab/Page_KDMC/input_txttreat'

2018-06-10 17:37:59 - [MESSAGE][PASSED] - Text '10' is set on object 'Object Repository/lab/Page_KDMC/input_txttreat'

2018-06-10 17:37:59 - [TEST_STEP][PASSED] - click: Object: 'Object Repository/lab/Page_KDMC/button_Add' is clicked on

2018-06-10 17:37:59 - [MESSAGE][PASSED] - Object: 'Object Repository/lab/Page_KDMC/button_Add' is clicked on

2018-06-10 17:37:59 - [TEST_STEP][PASSED] - selectOptionByIndex: All options with index in [5] are selected on object 'Object Repository/lab/Page_KDMC/select_--Select--Schedule 4X-r'

2018-06-10 17:37:59 - [MESSAGE][PASSED] - All options with index in [5] are selected on object 'Object Repository/lab/Page_KDMC/select_--Select--Schedule 4X-r'

2018-06-10 17:37:59 - [TEST_STEP][PASSED] - selectOptionByIndex: All options with index in [12] are selected on object 'Object Repository/lab/Page_KDMC/select_--Select--Automatic x-r'

2018-06-10 17:38:00 - [MESSAGE][PASSED] - All options with index in [12] are selected on object 'Object Repository/lab/Page_KDMC/select_--Select--Automatic x-r'

2018-06-10 17:38:00 - [TEST_STEP][PASSED] - setText: Text '10' is set on object 'Object Repository/lab/Page_KDMC/input_txttreat'

2018-06-10 17:38:00 - [MESSAGE][PASSED] - Text '10' is set on object 'Object Repository/lab/Page_KDMC/input_txttreat'

2018-06-10 17:38:00 - [TEST_STEP][PASSED] - click: Object: 'Object Repository/lab/Page_KDMC/button_Add' is clicked on

2018-06-10 17:38:00 - [MESSAGE][PASSED] - Object: 'Object Repository/lab/Page_KDMC/button_Add' is clicked on

2018-06-10 17:38:00 - [TEST_STEP][PASSED] - selectOptionByIndex: All options with index in [5] are selected on object 'Object Repository/lab/Page_KDMC/select_--Select--Schedule 4X-r'

2018-06-10 17:38:00 - [MESSAGE][PASSED] - All options with index in [5] are selected on object 'Object Repository/lab/Page_KDMC/select_--Select--Schedule 4X-r'

2018-06-10 17:38:00 - [TEST_STEP][PASSED] - selectOptionByIndex: All options with index in [13] are selected on object 'Object Repository/lab/Page_KDMC/select_--Select--Automatic x-r'

2018-06-10 17:38:00 - [MESSAGE][PASSED] - All options with index in [13] are selected on object 'Object Repository/lab/Page_KDMC/select_--Select--Automatic x-r'

2018-06-10 17:38:00 - [TEST_STEP][PASSED] - setText: Text '10' is set on object 'Object Repository/lab/Page_KDMC/input_txttreat'

2018-06-10 17:38:00 - [MESSAGE][PASSED] - Text '10' is set on object 'Object Repository/lab/Page_KDMC/input_txttreat'

2018-06-10 17:38:00 - [TEST_STEP][PASSED] - click: Object: 'Object Repository/lab/Page_KDMC/button_Add' is clicked on

2018-06-10 17:38:00 - [MESSAGE][PASSED] - Object: 'Object Repository/lab/Page_KDMC/button_Add' is clicked on

2018-06-10 17:38:00 - [TEST_STEP][PASSED] - selectOptionByIndex: All options with index in [5] are selected on object 'Object Repository/lab/Page_KDMC/select_--Select--Schedule 4X-r'

2018-06-10 17:38:01 - [MESSAGE][PASSED] - All options with index in [5] are selected on object 'Object Repository/lab/Page_KDMC/select_--Select--Schedule 4X-r'

2018-06-10 17:38:01 - [TEST_STEP][PASSED] - selectOptionByIndex: All options with index in [14] are selected on object 'Object Repository/lab/Page_KDMC/select_--Select--Automatic x-r'

2018-06-10 17:38:01 - [MESSAGE][PASSED] - All options with index in [14] are selected on object 'Object Repository/lab/Page_KDMC/select_--Select--Automatic x-r'

2018-06-10 17:38:01 - [TEST_STEP][PASSED] - setText: Text '10' is set on object 'Object Repository/lab/Page_KDMC/input_txttreat'

2018-06-10 17:38:01 - [MESSAGE][PASSED] - Text '10' is set on object 'Object Repository/lab/Page_KDMC/input_txttreat'

2018-06-10 17:38:01 - [TEST_STEP][PASSED] - click: Object: 'Object Repository/lab/Page_KDMC/button_Add' is clicked on

2018-06-10 17:38:01 - [MESSAGE][PASSED] - Object: 'Object Repository/lab/Page_KDMC/button_Add' is clicked on

2018-06-10 17:38:01 - [TEST_STEP][PASSED] - selectOptionByIndex: All options with index in [5] are selected on object 'Object Repository/lab/Page_KDMC/select_--Select--Schedule 4X-r'

2018-06-10 17:38:01 - [MESSAGE][PASSED] - All options with index in [5] are selected on object 'Object Repository/lab/Page_KDMC/select_--Select--Schedule 4X-r'

2018-06-10 17:38:01 - [TEST_STEP][PASSED] - selectOptionByIndex: All options with index in [15] are selected on object 'Object Repository/lab/Page_KDMC/select_--Select--Automatic x-r'

2018-06-10 17:38:01 - [MESSAGE][PASSED] - All options with index in [15] are selected on object 'Object Repository/lab/Page_KDMC/select_--Select--Automatic x-r'

2018-06-10 17:38:01 - [TEST_STEP][PASSED] - setText: Text '10' is set on object 'Object Repository/lab/Page_KDMC/input_txttreat'

2018-06-10 17:38:02 - [MESSAGE][PASSED] - Text '10' is set on object 'Object Repository/lab/Page_KDMC/input_txttreat'

2018-06-10 17:38:02 - [TEST_STEP][PASSED] - click: Object: 'Object Repository/lab/Page_KDMC/button_Add' is clicked on

2018-06-10 17:38:02 - [MESSAGE][PASSED] - Object: 'Object Repository/lab/Page_KDMC/button_Add' is clicked on

2018-06-10 17:38:02 - [TEST_STEP][PASSED] - selectOptionByIndex: All options with index in [5] are selected on object 'Object Repository/lab/Page_KDMC/select_--Select--Schedule 4X-r'

2018-06-10 17:38:02 - [MESSAGE][PASSED] - All options with index in [5] are selected on object 'Object Repository/lab/Page_KDMC/select_--Select--Schedule 4X-r'

2018-06-10 17:38:02 - [TEST_STEP][PASSED] - selectOptionByIndex: All options with index in [16] are selected on object 'Object Repository/lab/Page_KDMC/select_--Select--Automatic x-r'

2018-06-10 17:38:02 - [MESSAGE][PASSED] - All options with index in [16] are selected on object 'Object Repository/lab/Page_KDMC/select_--Select--Automatic x-r'

2018-06-10 17:38:02 - [TEST_STEP][PASSED] - setText: Text '10' is set on object 'Object Repository/lab/Page_KDMC/input_txttreat'

2018-06-10 17:38:02 - [MESSAGE][PASSED] - Text '10' is set on object 'Object Repository/lab/Page_KDMC/input_txttreat'

2018-06-10 17:38:02 - [TEST_STEP][PASSED] - click: Object: 'Object Repository/lab/Page_KDMC/button_Add' is clicked on

2018-06-10 17:38:02 - [MESSAGE][PASSED] - Object: 'Object Repository/lab/Page_KDMC/button_Add' is clicked on

2018-06-10 17:38:02 - [TEST_STEP][PASSED] - selectOptionByIndex: All options with index in [5] are selected on object 'Object Repository/lab/Page_KDMC/select_--Select--Schedule 4X-r'

2018-06-10 17:38:02 - [MESSAGE][PASSED] - All options with index in [5] are selected on object 'Object Repository/lab/Page_KDMC/select_--Select--Schedule 4X-r'

2018-06-10 17:38:02 - [TEST_STEP][PASSED] - selectOptionByIndex: All options with index in [17] are selected on object 'Object Repository/lab/Page_KDMC/select_--Select--Automatic x-r'

2018-06-10 17:38:03 - [MESSAGE][PASSED] - All options with index in [17] are selected on object 'Object Repository/lab/Page_KDMC/select_--Select--Automatic x-r'

2018-06-10 17:38:03 - [TEST_STEP][PASSED] - setText: Text '10' is set on object 'Object Repository/lab/Page_KDMC/input_txttreat'

2018-06-10 17:38:03 - [MESSAGE][PASSED] - Text '10' is set on object 'Object Repository/lab/Page_KDMC/input_txttreat'

2018-06-10 17:38:03 - [TEST_STEP][PASSED] - click: Object: 'Object Repository/lab/Page_KDMC/button_Add' is clicked on

2018-06-10 17:38:03 - [MESSAGE][PASSED] - Object: 'Object Repository/lab/Page_KDMC/button_Add' is clicked on

2018-06-10 17:38:03 - [TEST_STEP][PASSED] - selectOptionByIndex: All options with index in [5] are selected on object 'Object Repository/lab/Page_KDMC/select_--Select--Schedule 4X-r'

2018-06-10 17:38:03 - [MESSAGE][PASSED] - All options with index in [5] are selected on object 'Object Repository/lab/Page_KDMC/select_--Select--Schedule 4X-r'

2018-06-10 17:38:03 - [TEST_STEP][PASSED] - selectOptionByIndex: All options with index in [18] are selected on object 'Object Repository/lab/Page_KDMC/select_--Select--Automatic x-r'

2018-06-10 17:38:03 - [MESSAGE][PASSED] - All options with index in [18] are selected on object 'Object Repository/lab/Page_KDMC/select_--Select--Automatic x-r'

2018-06-10 17:38:03 - [TEST_STEP][PASSED] - setText: Text '10' is set on object 'Object Repository/lab/Page_KDMC/input_txttreat'

2018-06-10 17:38:03 - [MESSAGE][PASSED] - Text '10' is set on object 'Object Repository/lab/Page_KDMC/input_txttreat'

2018-06-10 17:38:03 - [TEST_STEP][PASSED] - click: Object: 'Object Repository/lab/Page_KDMC/button_Add' is clicked on

2018-06-10 17:38:03 - [MESSAGE][PASSED] - Object: 'Object Repository/lab/Page_KDMC/button_Add' is clicked on

2018-06-10 17:38:03 - [TEST_STEP][PASSED] - Statement - RN1 = com.kms.katalon.core.webui.keyword.WebUiBuiltInKeywords.getAttribute(com.kms.katalon.core.testobject.ObjectRepository.findTestObject(lab/Page_KDMC/input_txtno), "value"): Attribute 'value' of object 'Object Repository/lab/Page_KDMC/input_txtno' is: 'LRNO/10062018/433'

2018-06-10 17:38:03 - [MESSAGE][PASSED] - Attribute 'value' of object 'Object Repository/lab/Page_KDMC/input_txtno' is: 'LRNO/10062018/433'

2018-06-10 17:38:03 - [TEST_STEP][PASSED] - Statement - out.println(RN1): null

2018-06-10 17:38:03 - [TEST_STEP][PASSED] - Statement - RID = RN1.split("/")[2]: null

2018-06-10 17:38:03 - [TEST_STEP][PASSED] - scrollToElement: Scroll to object 'Object Repository/lab/Page_KDMC/input_btnsave' successfully

2018-06-10 17:38:04 - [MESSAGE][PASSED] - Scroll to object 'Object Repository/lab/Page_KDMC/input_btnsave' successfully

2018-06-10 17:38:04 - [TEST_STEP][PASSED] - click: Object: 'Object Repository/lab/Page_KDMC/input_btnsave' is clicked on

2018-06-10 17:38:04 - [MESSAGE][PASSED] - Object: 'Object Repository/lab/Page_KDMC/input_btnsave' is clicked on

2018-06-10 17:38:04 - [TEST_STEP][PASSED] - delay: Delayed 3 second(s)

2018-06-10 17:38:07 - [MESSAGE][PASSED] - Delayed 3 second(s)

2018-06-10 17:38:07 - [TEST_STEP][PASSED] - click: Object: 'Object Repository/lab/Page_KDMC/button_OK' is clicked on

2018-06-10 17:38:07 - [MESSAGE][PASSED] - Object: 'Object Repository/lab/Page_KDMC/button_OK' is clicked on

2018-06-10 17:38:07 - [TEST_STEP][PASSED] - delay: Delayed 3 second(s)

2018-06-10 17:38:10 - [MESSAGE][PASSED] - Delayed 3 second(s)

2018-06-10 17:38:10 - [TEST_STEP][PASSED] - click: Object: 'Object Repository/lab/Page_KDMC/a_dropdown-toggle' is clicked on

2018-06-10 17:38:10 - [MESSAGE][PASSED] - Object: 'Object Repository/lab/Page_KDMC/a_dropdown-toggle' is clicked on

2018-06-10 17:38:10 - [TEST_STEP][PASSED] - click: Object: 'Object Repository/lab/Page_KDMC/a_Sign out' is clicked on

2018-06-10 17:38:11 - [MESSAGE][PASSED] - Object: 'Object Repository/lab/Page_KDMC/a_Sign out' is clicked on

2018-06-10 17:38:11 - [TEST_STEP][PASSED] - delay: Delayed 3 second(s)

2018-06-10 17:38:14 - [MESSAGE][PASSED] - Delayed 3 second(s)

2018-06-10 17:38:14 - [TEST_STEP][PASSED] - click: Object: 'Object Repository/lab/Page_KDMC/a_CMO' is clicked on

2018-06-10 17:38:14 - [MESSAGE][PASSED] - Object: 'Object Repository/lab/Page_KDMC/a_CMO' is clicked on

2018-06-10 17:38:14 - [TEST_STEP][PASSED] - setText: Text 'guru' is set on object 'Object Repository/lab/Page_CMO login/input_txtusername'

2018-06-10 17:38:14 - [MESSAGE][PASSED] - Text 'guru' is set on object 'Object Repository/lab/Page_CMO login/input_txtusername'

2018-06-10 17:38:14 - [TEST_STEP][PASSED] - setText: Text '123' is set on object 'Object Repository/lab/Page_CMO login/input_txtpassword'

2018-06-10 17:38:14 - [MESSAGE][PASSED] - Text '123' is set on object 'Object Repository/lab/Page_CMO login/input_txtpassword'

2018-06-10 17:38:14 - [TEST_STEP][PASSED] - delay: Delayed 3 second(s)

2018-06-10 17:38:17 - [MESSAGE][PASSED] - Delayed 3 second(s)

2018-06-10 17:38:17 - [TEST_STEP][PASSED] - click: Object: 'Object Repository/lab/Page_CMO login/button_Sign in' is clicked on

2018-06-10 17:38:18 - [MESSAGE][PASSED] - Object: 'Object Repository/lab/Page_CMO login/button_Sign in' is clicked on

2018-06-10 17:38:18 - [TEST_STEP][PASSED] - click: Object: 'Object Repository/lab/Page_KDMC - CMO/span_Department Wise Request' is clicked on

2018-06-10 17:38:20 - [MESSAGE][PASSED] - Object: 'Object Repository/lab/Page_KDMC - CMO/span_Department Wise Request' is clicked on

2018-06-10 17:38:20 - [TEST_STEP][PASSED] - selectOptionByIndex: All options with index in [4] are selected on object 'Object Repository/lab/Page_KDMC - CMO/select_--ALL--'

2018-06-10 17:38:20 - [MESSAGE][PASSED] - All options with index in [4] are selected on object 'Object Repository/lab/Page_KDMC - CMO/select_--ALL--'

2018-06-10 17:38:20 - [TEST_STEP][PASSED] - selectOptionByIndex: All options with index in [1] are selected on object 'Object Repository/lab/Page_KDMC - CMO/select_--ALL--                _1'

2018-06-10 17:38:21 - [MESSAGE][PASSED] - All options with index in [1] are selected on object 'Object Repository/lab/Page_KDMC - CMO/select_--ALL--                _1'

2018-06-10 17:38:21 - [TEST_STEP][PASSED] - click: Object: 'Object Repository/lab/Page_KDMC - CMO/input_btnsearch' is clicked on

2018-06-10 17:38:21 - [MESSAGE][PASSED] - Object: 'Object Repository/lab/Page_KDMC - CMO/input_btnsearch' is clicked on

2018-06-10 17:38:21 - [TEST_STEP][PASSED] - Statement - ID = com.kms.katalon.core.webui.keyword.WebUiBuiltInKeywords.modifyObjectProperty(com.kms.katalon.core.testobject.ObjectRepository.findTestObject(lab/Page_KDMC - CMO/input_1), "xpath", "equals", "//*[@id=" + RID + "]", true): Modify property of object successfully

2018-06-10 17:38:21 - [MESSAGE][PASSED] - Modify property of object successfully

2018-06-10 17:38:21 - [TEST_STEP][PASSED] - click: Object: 'Object Repository/lab/Page_KDMC - CMO/input_1' is clicked on

2018-06-10 17:38:22 - [MESSAGE][PASSED] - Object: 'Object Repository/lab/Page_KDMC - CMO/input_1' is clicked on

2018-06-10 17:38:22 - [TEST_STEP][PASSED] - delay: Delayed 2 second(s)

2018-06-10 17:38:24 - [MESSAGE][PASSED] - Delayed 2 second(s)

2018-06-10 17:38:24 - [TEST_STEP][PASSED] - selectOptionByIndex: All options with index in [1] are selected on object 'Object Repository/lab/Page_KDMC - CMO/select_--Select--'

2018-06-10 17:38:24 - [MESSAGE][PASSED] - All options with index in [1] are selected on object 'Object Repository/lab/Page_KDMC - CMO/select_--Select--'

2018-06-10 17:38:24 - [TEST_STEP][PASSED] - click: Object: 'Object Repository/lab/Page_KDMC - CMO/input_btnupdate' is clicked on

2018-06-10 17:38:24 - [MESSAGE][PASSED] - Object: 'Object Repository/lab/Page_KDMC - CMO/input_btnupdate' is clicked on

2018-06-10 17:38:24 - [TEST_STEP][PASSED] - delay: Delayed 2 second(s)

2018-06-10 17:38:26 - [MESSAGE][PASSED] - Delayed 2 second(s)

2018-06-10 17:38:26 - [TEST_STEP][PASSED] - click: Object: 'Object Repository/lab/Page_KDMC - CMO/button_OK' is clicked on

2018-06-10 17:38:26 - [MESSAGE][PASSED] - Object: 'Object Repository/lab/Page_KDMC - CMO/button_OK' is clicked on

2018-06-10 17:38:26 - [TEST_STEP][PASSED] - delay: Delayed 3 second(s)

2018-06-10 17:38:29 - [MESSAGE][PASSED] - Delayed 3 second(s)

2018-06-10 17:38:29 - [TEST_STEP][PASSED] - click: Object: 'Object Repository/lab/Page_KDMC - CMO/a_dropdown-toggle' is clicked on

2018-06-10 17:38:30 - [MESSAGE][PASSED] - Object: 'Object Repository/lab/Page_KDMC - CMO/a_dropdown-toggle' is clicked on

2018-06-10 17:38:30 - [TEST_STEP][PASSED] - click: Object: 'Object Repository/lab/Page_KDMC - CMO/a_Sign out' is clicked on

2018-06-10 17:38:30 - [MESSAGE][PASSED] - Object: 'Object Repository/lab/Page_KDMC - CMO/a_Sign out' is clicked on

2018-06-10 17:38:30 - [TEST_STEP][PASSED] - delay: Delayed 3 second(s)

2018-06-10 17:38:33 - [MESSAGE][PASSED] - Delayed 3 second(s)

2018-06-10 17:38:33 - [TEST_STEP][PASSED] - click: Object: 'Object Repository/lab/Page_KDMC/a_Divisional Store' is clicked on

2018-06-10 17:38:34 - [MESSAGE][PASSED] - Object: 'Object Repository/lab/Page_KDMC/a_Divisional Store' is clicked on

2018-06-10 17:38:34 - [TEST_STEP][PASSED] - setText: Text 'ragu' is set on object 'Object Repository/lab/Page_Divisonal Store Login/input_txtusername'

2018-06-10 17:38:34 - [MESSAGE][PASSED] - Text 'ragu' is set on object 'Object Repository/lab/Page_Divisonal Store Login/input_txtusername'

2018-06-10 17:38:34 - [TEST_STEP][PASSED] - setText: Text '123' is set on object 'Object Repository/lab/Page_Divisonal Store Login/input_txtpassword'

2018-06-10 17:38:34 - [MESSAGE][PASSED] - Text '123' is set on object 'Object Repository/lab/Page_Divisonal Store Login/input_txtpassword'

2018-06-10 17:38:34 - [TEST_STEP][PASSED] - delay: Delayed 3 second(s)

2018-06-10 17:38:37 - [MESSAGE][PASSED] - Delayed 3 second(s)

2018-06-10 17:38:37 - [TEST_STEP][PASSED] - click: Object: 'Object Repository/lab/Page_Divisonal Store Login/button_Sign in' is clicked on

2018-06-10 17:38:39 - [MESSAGE][PASSED] - Object: 'Object Repository/lab/Page_Divisonal Store Login/button_Sign in' is clicked on

2018-06-10 17:38:39 - [TEST_STEP][PASSED] - delay: Delayed 3 second(s)

2018-06-10 17:38:42 - [MESSAGE][PASSED] - Delayed 3 second(s)

2018-06-10 17:38:42 - [TEST_STEP][PASSED] - click: Object: 'Object Repository/lab/Page_Store/a_Lab Request' is clicked on

2018-06-10 17:38:42 - [MESSAGE][PASSED] - Object: 'Object Repository/lab/Page_Store/a_Lab Request' is clicked on

2018-06-10 17:38:42 - [TEST_STEP][PASSED] - click: Object: 'Object Repository/lab/Page_Store/a_Request Item Lab' is clicked on

2018-06-10 17:38:43 - [MESSAGE][PASSED] - Object: 'Object Repository/lab/Page_Store/a_Request Item Lab' is clicked on

2018-06-10 17:38:43 - [TEST_STEP][PASSED] - Statement - ChooseRequest = com.kms.katalon.core.webui.keyword.WebUiBuiltInKeywords.modifyObjectProperty(com.kms.katalon.core.testobject.ObjectRepository.findTestObject(lab/Page_Store/input_1), "xpath", "equals", "//*[@id=" + RID + "]", true): Modify property of object successfully

2018-06-10 17:38:43 - [MESSAGE][PASSED] - Modify property of object successfully

2018-06-10 17:38:43 - [TEST_STEP][PASSED] - click: Object: 'Object Repository/lab/Page_Store/input_1' is clicked on

2018-06-10 17:38:44 - [MESSAGE][PASSED] - Object: 'Object Repository/lab/Page_Store/input_1' is clicked on

2018-06-10 17:38:44 - [TEST_STEP][PASSED] - delay: Delayed 2 second(s)

2018-06-10 17:38:46 - [MESSAGE][PASSED] - Delayed 2 second(s)

2018-06-10 17:38:46 - [TEST_STEP][PASSED] - Statement - selectedoptions = com.kms.katalon.core.webui.keyword.WebUiBuiltInKeywords.getNumberOfTotalOption(com.kms.katalon.core.testobject.ObjectRepository.findTestObject(lab/Page_Store/select_--Select--E.C.G. Jelly)): 19 options of object 'Object Repository/lab/Page_Store/select_--Select--E.C.G. Jelly' counted

2018-06-10 17:38:46 - [MESSAGE][PASSED] - 19 options of object 'Object Repository/lab/Page_Store/select_--Select--E.C.G. Jelly' counted

2018-06-10 17:38:46 - [TEST_STEP][PASSED] - Statement - For ([a = 1, a <= selectedoptions - 1, (a++)]): null

2018-06-10 17:38:46 - [TEST_STEP][PASSED] - selectOptionByIndex: All options with index in [1] are selected on object 'Object Repository/lab/Page_Store/select_--Select--E.C.G. Jelly'

2018-06-10 17:38:46 - [MESSAGE][PASSED] - All options with index in [1] are selected on object 'Object Repository/lab/Page_Store/select_--Select--E.C.G. Jelly'

2018-06-10 17:38:46 - [TEST_STEP][PASSED] - delay: Delayed 2 second(s)

2018-06-10 17:38:48 - [MESSAGE][PASSED] - Delayed 2 second(s)

2018-06-10 17:38:48 - [TEST_STEP][PASSED] - Statement - RequestedQty = com.kms.katalon.core.webui.keyword.WebUiBuiltInKeywords.getAttribute(com.kms.katalon.core.testobject.ObjectRepository.findTestObject(lab/Page_Store/input_txttotal), "value"): Attribute 'value' of object 'Object Repository/lab/Page_Store/input_txttotal' is: '10'

2018-06-10 17:38:48 - [MESSAGE][PASSED] - Attribute 'value' of object 'Object Repository/lab/Page_Store/input_txttotal' is: '10'

2018-06-10 17:38:48 - [TEST_STEP][PASSED] - Statement - out.println("Requested QTY : " + RequestedQty): null

2018-06-10 17:38:48 - [TEST_STEP][PASSED] - Statement - BatchNumber = com.kms.katalon.core.webui.keyword.WebUiBuiltInKeywords.getNumberOfTotalOption(com.kms.katalon.core.testobject.ObjectRepository.findTestObject(lab/Page_Store/select_--Select--BA50)): 3 options of object 'Object Repository/lab/Page_Store/select_--Select--BA50' counted

2018-06-10 17:38:48 - [MESSAGE][PASSED] - 3 options of object 'Object Repository/lab/Page_Store/select_--Select--BA50' counted

2018-06-10 17:38:48 - [TEST_STEP][PASSED] - Statement - For ([g = 1, g <= BatchNumber - 1, (g++)]): null

2018-06-10 17:38:48 - [TEST_STEP][PASSED] - selectOptionByIndex: All options with index in [1] are selected on object 'Object Repository/lab/Page_Store/select_--Select--BA50'

2018-06-10 17:38:48 - [MESSAGE][PASSED] - All options with index in [1] are selected on object 'Object Repository/lab/Page_Store/select_--Select--BA50'

2018-06-10 17:38:48 - [TEST_STEP][PASSED] - delay: Delayed 2 second(s)

2018-06-10 17:38:50 - [MESSAGE][PASSED] - Delayed 2 second(s)

2018-06-10 17:38:50 - [TEST_STEP][PASSED] - Statement - Try: null

2018-06-10 17:38:50 - [TEST_STEP][PASSED] - Statement - StockQty = com.kms.katalon.core.webui.keyword.WebUiBuiltInKeywords.getAttribute(com.kms.katalon.core.testobject.ObjectRepository.findTestObject(lab/Page_Store/input_txtprice), "value"): Attribute 'value' of object 'Object Repository/lab/Page_Store/input_txtprice' is: '620'

2018-06-10 17:38:50 - [MESSAGE][PASSED] - Attribute 'value' of object 'Object Repository/lab/Page_Store/input_txtprice' is: '620'

2018-06-10 17:38:50 - [TEST_STEP][PASSED] - Statement - out.println("Stock QTY : " + StockQty): null

2018-06-10 17:38:50 - [TEST_STEP][PASSED] - delay: Delayed 1 second(s)

2018-06-10 17:38:51 - [MESSAGE][PASSED] - Delayed 1 second(s)

2018-06-10 17:38:51 - [TEST_STEP][PASSED] - Statement - If (java.lang.Integer.valueOf(StockQty) >= java.lang.Integer.valueOf(RequestedQty)): null

2018-06-10 17:38:51 - [TEST_STEP][PASSED] - setText: Text '10' is set on object 'Object Repository/lab/Page_Store/input_txtqty'

2018-06-10 17:38:51 - [MESSAGE][PASSED] - Text '10' is set on object 'Object Repository/lab/Page_Store/input_txtqty'

2018-06-10 17:38:51 - [TEST_STEP][PASSED] - click: Object: 'Object Repository/lab/Page_Store/button_Add' is clicked on

2018-06-10 17:38:51 - [MESSAGE][PASSED] - Object: 'Object Repository/lab/Page_Store/button_Add' is clicked on

2018-06-10 17:38:51 - [TEST_STEP][PASSED] - Statement - Break: null

2018-06-10 17:38:51 - [TEST_STEP][PASSED] - selectOptionByIndex: All options with index in [2] are selected on object 'Object Repository/lab/Page_Store/select_--Select--E.C.G. Jelly'

2018-06-10 17:38:51 - [MESSAGE][PASSED] - All options with index in [2] are selected on object 'Object Repository/lab/Page_Store/select_--Select--E.C.G. Jelly'

2018-06-10 17:38:51 - [TEST_STEP][PASSED] - delay: Delayed 2 second(s)

2018-06-10 17:38:53 - [MESSAGE][PASSED] - Delayed 2 second(s)

2018-06-10 17:38:53 - [TEST_STEP][PASSED] - Statement - RequestedQty = com.kms.katalon.core.webui.keyword.WebUiBuiltInKeywords.getAttribute(com.kms.katalon.core.testobject.ObjectRepository.findTestObject(lab/Page_Store/input_txttotal), "value"): Attribute 'value' of object 'Object Repository/lab/Page_Store/input_txttotal' is: '10'

2018-06-10 17:38:53 - [MESSAGE][PASSED] - Attribute 'value' of object 'Object Repository/lab/Page_Store/input_txttotal' is: '10'

2018-06-10 17:38:53 - [TEST_STEP][PASSED] - Statement - out.println("Requested QTY : " + RequestedQty): null

2018-06-10 17:38:53 - [TEST_STEP][PASSED] - Statement - BatchNumber = com.kms.katalon.core.webui.keyword.WebUiBuiltInKeywords.getNumberOfTotalOption(com.kms.katalon.core.testobject.ObjectRepository.findTestObject(lab/Page_Store/select_--Select--BA50)): 4 options of object 'Object Repository/lab/Page_Store/select_--Select--BA50' counted

2018-06-10 17:38:54 - [MESSAGE][PASSED] - 4 options of object 'Object Repository/lab/Page_Store/select_--Select--BA50' counted

2018-06-10 17:38:54 - [TEST_STEP][PASSED] - Statement - For ([g = 1, g <= BatchNumber - 1, (g++)]): null

2018-06-10 17:38:54 - [TEST_STEP][PASSED] - selectOptionByIndex: All options with index in [1] are selected on object 'Object Repository/lab/Page_Store/select_--Select--BA50'

2018-06-10 17:38:54 - [MESSAGE][PASSED] - All options with index in [1] are selected on object 'Object Repository/lab/Page_Store/select_--Select--BA50'

2018-06-10 17:38:54 - [TEST_STEP][PASSED] - delay: Delayed 2 second(s)

2018-06-10 17:38:56 - [MESSAGE][PASSED] - Delayed 2 second(s)

2018-06-10 17:38:56 - [TEST_STEP][PASSED] - Statement - Try: null

2018-06-10 17:38:56 - [TEST_STEP][PASSED] - Statement - StockQty = com.kms.katalon.core.webui.keyword.WebUiBuiltInKeywords.getAttribute(com.kms.katalon.core.testobject.ObjectRepository.findTestObject(lab/Page_Store/input_txtprice), "value"): Attribute 'value' of object 'Object Repository/lab/Page_Store/input_txtprice' is: '520'

2018-06-10 17:38:56 - [MESSAGE][PASSED] - Attribute 'value' of object 'Object Repository/lab/Page_Store/input_txtprice' is: '520'

2018-06-10 17:38:56 - [TEST_STEP][PASSED] - Statement - out.println("Stock QTY : " + StockQty): null

2018-06-10 17:38:56 - [TEST_STEP][PASSED] - delay: Delayed 1 second(s)

2018-06-10 17:38:57 - [MESSAGE][PASSED] - Delayed 1 second(s)

2018-06-10 17:38:57 - [TEST_STEP][PASSED] - Statement - If (java.lang.Integer.valueOf(StockQty) >= java.lang.Integer.valueOf(RequestedQty)): null

2018-06-10 17:38:57 - [TEST_STEP][PASSED] - setText: Text '10' is set on object 'Object Repository/lab/Page_Store/input_txtqty'

2018-06-10 17:38:57 - [MESSAGE][PASSED] - Text '10' is set on object 'Object Repository/lab/Page_Store/input_txtqty'

2018-06-10 17:38:57 - [TEST_STEP][PASSED] - click: Object: 'Object Repository/lab/Page_Store/button_Add' is clicked on

2018-06-10 17:38:57 - [MESSAGE][PASSED] - Object: 'Object Repository/lab/Page_Store/button_Add' is clicked on

2018-06-10 17:38:57 - [TEST_STEP][PASSED] - Statement - Break: null

2018-06-10 17:38:57 - [TEST_STEP][PASSED] - selectOptionByIndex: All options with index in [3] are selected on object 'Object Repository/lab/Page_Store/select_--Select--E.C.G. Jelly'

2018-06-10 17:38:57 - [MESSAGE][PASSED] - All options with index in [3] are selected on object 'Object Repository/lab/Page_Store/select_--Select--E.C.G. Jelly'

2018-06-10 17:38:57 - [TEST_STEP][PASSED] - delay: Delayed 2 second(s)

2018-06-10 17:38:59 - [MESSAGE][PASSED] - Delayed 2 second(s)

2018-06-10 17:38:59 - [TEST_STEP][PASSED] - Statement - RequestedQty = com.kms.katalon.core.webui.keyword.WebUiBuiltInKeywords.getAttribute(com.kms.katalon.core.testobject.ObjectRepository.findTestObject(lab/Page_Store/input_txttotal), "value"): Attribute 'value' of object 'Object Repository/lab/Page_Store/input_txttotal' is: '10'

2018-06-10 17:38:59 - [MESSAGE][PASSED] - Attribute 'value' of object 'Object Repository/lab/Page_Store/input_txttotal' is: '10'

2018-06-10 17:38:59 - [TEST_STEP][PASSED] - Statement - out.println("Requested QTY : " + RequestedQty): null

2018-06-10 17:38:59 - [TEST_STEP][PASSED] - Statement - BatchNumber = com.kms.katalon.core.webui.keyword.WebUiBuiltInKeywords.getNumberOfTotalOption(com.kms.katalon.core.testobject.ObjectRepository.findTestObject(lab/Page_Store/select_--Select--BA50)): 5 options of object 'Object Repository/lab/Page_Store/select_--Select--BA50' counted

2018-06-10 17:38:59 - [MESSAGE][PASSED] - 5 options of object 'Object Repository/lab/Page_Store/select_--Select--BA50' counted

2018-06-10 17:38:59 - [TEST_STEP][PASSED] - Statement - For ([g = 1, g <= BatchNumber - 1, (g++)]): null

2018-06-10 17:38:59 - [TEST_STEP][PASSED] - selectOptionByIndex: All options with index in [1] are selected on object 'Object Repository/lab/Page_Store/select_--Select--BA50'

2018-06-10 17:38:59 - [MESSAGE][PASSED] - All options with index in [1] are selected on object 'Object Repository/lab/Page_Store/select_--Select--BA50'

2018-06-10 17:38:59 - [TEST_STEP][PASSED] - delay: Delayed 2 second(s)

2018-06-10 17:39:01 - [MESSAGE][PASSED] - Delayed 2 second(s)

2018-06-10 17:39:01 - [TEST_STEP][PASSED] - Statement - Try: null

2018-06-10 17:39:01 - [TEST_STEP][PASSED] - Statement - StockQty = com.kms.katalon.core.webui.keyword.WebUiBuiltInKeywords.getAttribute(com.kms.katalon.core.testobject.ObjectRepository.findTestObject(lab/Page_Store/input_txtprice), "value"): Attribute 'value' of object 'Object Repository/lab/Page_Store/input_txtprice' is: '430'

2018-06-10 17:39:01 - [MESSAGE][PASSED] - Attribute 'value' of object 'Object Repository/lab/Page_Store/input_txtprice' is: '430'

2018-06-10 17:39:01 - [TEST_STEP][PASSED] - Statement - out.println("Stock QTY : " + StockQty): null

2018-06-10 17:39:01 - [TEST_STEP][PASSED] - delay: Delayed 1 second(s)

2018-06-10 17:39:02 - [MESSAGE][PASSED] - Delayed 1 second(s)

2018-06-10 17:39:02 - [TEST_STEP][PASSED] - Statement - If (java.lang.Integer.valueOf(StockQty) >= java.lang.Integer.valueOf(RequestedQty)): null

2018-06-10 17:39:02 - [TEST_STEP][PASSED] - setText: Text '10' is set on object 'Object Repository/lab/Page_Store/input_txtqty'

2018-06-10 17:39:02 - [MESSAGE][PASSED] - Text '10' is set on object 'Object Repository/lab/Page_Store/input_txtqty'

2018-06-10 17:39:02 - [TEST_STEP][PASSED] - click: Object: 'Object Repository/lab/Page_Store/button_Add' is clicked on

2018-06-10 17:39:02 - [MESSAGE][PASSED] - Object: 'Object Repository/lab/Page_Store/button_Add' is clicked on

2018-06-10 17:39:02 - [TEST_STEP][PASSED] - Statement - Break: null

2018-06-10 17:39:02 - [TEST_STEP][PASSED] - selectOptionByIndex: All options with index in [4] are selected on object 'Object Repository/lab/Page_Store/select_--Select--E.C.G. Jelly'

2018-06-10 17:39:02 - [MESSAGE][PASSED] - All options with index in [4] are selected on object 'Object Repository/lab/Page_Store/select_--Select--E.C.G. Jelly'

2018-06-10 17:39:02 - [TEST_STEP][PASSED] - delay: Delayed 2 second(s)

2018-06-10 17:39:05 - [MESSAGE][PASSED] - Delayed 2 second(s)

2018-06-10 17:39:05 - [TEST_STEP][PASSED] - Statement - RequestedQty = com.kms.katalon.core.webui.keyword.WebUiBuiltInKeywords.getAttribute(com.kms.katalon.core.testobject.ObjectRepository.findTestObject(lab/Page_Store/input_txttotal), "value"): Attribute 'value' of object 'Object Repository/lab/Page_Store/input_txttotal' is: '10'

2018-06-10 17:39:05 - [MESSAGE][PASSED] - Attribute 'value' of object 'Object Repository/lab/Page_Store/input_txttotal' is: '10'

2018-06-10 17:39:05 - [TEST_STEP][PASSED] - Statement - out.println("Requested QTY : " + RequestedQty): null

2018-06-10 17:39:05 - [TEST_STEP][PASSED] - Statement - BatchNumber = com.kms.katalon.core.webui.keyword.WebUiBuiltInKeywords.getNumberOfTotalOption(com.kms.katalon.core.testobject.ObjectRepository.findTestObject(lab/Page_Store/select_--Select--BA50)): 3 options of object 'Object Repository/lab/Page_Store/select_--Select--BA50' counted

2018-06-10 17:39:05 - [MESSAGE][PASSED] - 3 options of object 'Object Repository/lab/Page_Store/select_--Select--BA50' counted

2018-06-10 17:39:05 - [TEST_STEP][PASSED] - Statement - For ([g = 1, g <= BatchNumber - 1, (g++)]): null

2018-06-10 17:39:05 - [TEST_STEP][PASSED] - selectOptionByIndex: All options with index in [1] are selected on object 'Object Repository/lab/Page_Store/select_--Select--BA50'

2018-06-10 17:39:05 - [MESSAGE][PASSED] - All options with index in [1] are selected on object 'Object Repository/lab/Page_Store/select_--Select--BA50'

2018-06-10 17:39:05 - [TEST_STEP][PASSED] - delay: Delayed 2 second(s)

2018-06-10 17:39:07 - [MESSAGE][PASSED] - Delayed 2 second(s)

2018-06-10 17:39:07 - [TEST_STEP][PASSED] - Statement - Try: null

2018-06-10 17:39:07 - [TEST_STEP][PASSED] - Statement - StockQty = com.kms.katalon.core.webui.keyword.WebUiBuiltInKeywords.getAttribute(com.kms.katalon.core.testobject.ObjectRepository.findTestObject(lab/Page_Store/input_txtprice), "value"): Attribute 'value' of object 'Object Repository/lab/Page_Store/input_txtprice' is: '630'

2018-06-10 17:39:07 - [MESSAGE][PASSED] - Attribute 'value' of object 'Object Repository/lab/Page_Store/input_txtprice' is: '630'

2018-06-10 17:39:07 - [TEST_STEP][PASSED] - Statement - out.println("Stock QTY : " + StockQty): null

2018-06-10 17:39:07 - [TEST_STEP][PASSED] - delay: Delayed 1 second(s)

2018-06-10 17:39:08 - [MESSAGE][PASSED] - Delayed 1 second(s)

2018-06-10 17:39:08 - [TEST_STEP][PASSED] - Statement - If (java.lang.Integer.valueOf(StockQty) >= java.lang.Integer.valueOf(RequestedQty)): null

2018-06-10 17:39:08 - [TEST_STEP][PASSED] - setText: Text '10' is set on object 'Object Repository/lab/Page_Store/input_txtqty'

2018-06-10 17:39:08 - [MESSAGE][PASSED] - Text '10' is set on object 'Object Repository/lab/Page_Store/input_txtqty'

2018-06-10 17:39:08 - [TEST_STEP][PASSED] - click: Object: 'Object Repository/lab/Page_Store/button_Add' is clicked on

2018-06-10 17:39:08 - [MESSAGE][PASSED] - Object: 'Object Repository/lab/Page_Store/button_Add' is clicked on

2018-06-10 17:39:08 - [TEST_STEP][PASSED] - Statement - Break: null

2018-06-10 17:39:08 - [TEST_STEP][PASSED] - selectOptionByIndex: All options with index in [5] are selected on object 'Object Repository/lab/Page_Store/select_--Select--E.C.G. Jelly'

2018-06-10 17:39:08 - [MESSAGE][PASSED] - All options with index in [5] are selected on object 'Object Repository/lab/Page_Store/select_--Select--E.C.G. Jelly'

2018-06-10 17:39:08 - [TEST_STEP][PASSED] - delay: Delayed 2 second(s)

2018-06-10 17:39:10 - [MESSAGE][PASSED] - Delayed 2 second(s)

2018-06-10 17:39:10 - [TEST_STEP][PASSED] - Statement - RequestedQty = com.kms.katalon.core.webui.keyword.WebUiBuiltInKeywords.getAttribute(com.kms.katalon.core.testobject.ObjectRepository.findTestObject(lab/Page_Store/input_txttotal), "value"): Attribute 'value' of object 'Object Repository/lab/Page_Store/input_txttotal' is: '10'

2018-06-10 17:39:10 - [MESSAGE][PASSED] - Attribute 'value' of object 'Object Repository/lab/Page_Store/input_txttotal' is: '10'

2018-06-10 17:39:10 - [TEST_STEP][PASSED] - Statement - out.println("Requested QTY : " + RequestedQty): null

2018-06-10 17:39:10 - [TEST_STEP][PASSED] - Statement - BatchNumber = com.kms.katalon.core.webui.keyword.WebUiBuiltInKeywords.getNumberOfTotalOption(com.kms.katalon.core.testobject.ObjectRepository.findTestObject(lab/Page_Store/select_--Select--BA50)): 4 options of object 'Object Repository/lab/Page_Store/select_--Select--BA50' counted

2018-06-10 17:39:10 - [MESSAGE][PASSED] - 4 options of object 'Object Repository/lab/Page_Store/select_--Select--BA50' counted

2018-06-10 17:39:10 - [TEST_STEP][PASSED] - Statement - For ([g = 1, g <= BatchNumber - 1, (g++)]): null

2018-06-10 17:39:10 - [TEST_STEP][PASSED] - selectOptionByIndex: All options with index in [1] are selected on object 'Object Repository/lab/Page_Store/select_--Select--BA50'

2018-06-10 17:39:10 - [MESSAGE][PASSED] - All options with index in [1] are selected on object 'Object Repository/lab/Page_Store/select_--Select--BA50'

2018-06-10 17:39:10 - [TEST_STEP][PASSED] - delay: Delayed 2 second(s)

2018-06-10 17:39:12 - [MESSAGE][PASSED] - Delayed 2 second(s)

2018-06-10 17:39:12 - [TEST_STEP][PASSED] - Statement - Try: null

2018-06-10 17:39:12 - [TEST_STEP][PASSED] - Statement - StockQty = com.kms.katalon.core.webui.keyword.WebUiBuiltInKeywords.getAttribute(com.kms.katalon.core.testobject.ObjectRepository.findTestObject(lab/Page_Store/input_txtprice), "value"): Attribute 'value' of object 'Object Repository/lab/Page_Store/input_txtprice' is: '430'

2018-06-10 17:39:12 - [MESSAGE][PASSED] - Attribute 'value' of object 'Object Repository/lab/Page_Store/input_txtprice' is: '430'

2018-06-10 17:39:12 - [TEST_STEP][PASSED] - Statement - out.println("Stock QTY : " + StockQty): null

2018-06-10 17:39:12 - [TEST_STEP][PASSED] - delay: Delayed 1 second(s)

2018-06-10 17:39:13 - [MESSAGE][PASSED] - Delayed 1 second(s)

2018-06-10 17:39:13 - [TEST_STEP][PASSED] - Statement - If (java.lang.Integer.valueOf(StockQty) >= java.lang.Integer.valueOf(RequestedQty)): null

2018-06-10 17:39:13 - [TEST_STEP][PASSED] - setText: Text '10' is set on object 'Object Repository/lab/Page_Store/input_txtqty'

2018-06-10 17:39:13 - [MESSAGE][PASSED] - Text '10' is set on object 'Object Repository/lab/Page_Store/input_txtqty'

2018-06-10 17:39:13 - [TEST_STEP][PASSED] - click: Object: 'Object Repository/lab/Page_Store/button_Add' is clicked on

2018-06-10 17:39:13 - [MESSAGE][PASSED] - Object: 'Object Repository/lab/Page_Store/button_Add' is clicked on

2018-06-10 17:39:13 - [TEST_STEP][PASSED] - Statement - Break: null

2018-06-10 17:39:13 - [TEST_STEP][PASSED] - selectOptionByIndex: All options with index in [6] are selected on object 'Object Repository/lab/Page_Store/select_--Select--E.C.G. Jelly'

2018-06-10 17:39:14 - [MESSAGE][PASSED] - All options with index in [6] are selected on object 'Object Repository/lab/Page_Store/select_--Select--E.C.G. Jelly'

2018-06-10 17:39:14 - [TEST_STEP][PASSED] - delay: Delayed 2 second(s)

2018-06-10 17:39:16 - [MESSAGE][PASSED] - Delayed 2 second(s)

2018-06-10 17:39:16 - [TEST_STEP][PASSED] - Statement - RequestedQty = com.kms.katalon.core.webui.keyword.WebUiBuiltInKeywords.getAttribute(com.kms.katalon.core.testobject.ObjectRepository.findTestObject(lab/Page_Store/input_txttotal), "value"): Attribute 'value' of object 'Object Repository/lab/Page_Store/input_txttotal' is: '10'

2018-06-10 17:39:16 - [MESSAGE][PASSED] - Attribute 'value' of object 'Object Repository/lab/Page_Store/input_txttotal' is: '10'

2018-06-10 17:39:16 - [TEST_STEP][PASSED] - Statement - out.println("Requested QTY : " + RequestedQty): null

2018-06-10 17:39:16 - [TEST_STEP][PASSED] - Statement - BatchNumber = com.kms.katalon.core.webui.keyword.WebUiBuiltInKeywords.getNumberOfTotalOption(com.kms.katalon.core.testobject.ObjectRepository.findTestObject(lab/Page_Store/select_--Select--BA50)): 3 options of object 'Object Repository/lab/Page_Store/select_--Select--BA50' counted

2018-06-10 17:39:16 - [MESSAGE][PASSED] - 3 options of object 'Object Repository/lab/Page_Store/select_--Select--BA50' counted

2018-06-10 17:39:16 - [TEST_STEP][PASSED] - Statement - For ([g = 1, g <= BatchNumber - 1, (g++)]): null

2018-06-10 17:39:16 - [TEST_STEP][PASSED] - selectOptionByIndex: All options with index in [1] are selected on object 'Object Repository/lab/Page_Store/select_--Select--BA50'

2018-06-10 17:39:16 - [MESSAGE][PASSED] - All options with index in [1] are selected on object 'Object Repository/lab/Page_Store/select_--Select--BA50'

2018-06-10 17:39:16 - [TEST_STEP][PASSED] - delay: Delayed 2 second(s)

2018-06-10 17:39:18 - [MESSAGE][PASSED] - Delayed 2 second(s)

2018-06-10 17:39:18 - [TEST_STEP][PASSED] - Statement - Try: null

2018-06-10 17:39:18 - [TEST_STEP][PASSED] - Statement - StockQty = com.kms.katalon.core.webui.keyword.WebUiBuiltInKeywords.getAttribute(com.kms.katalon.core.testobject.ObjectRepository.findTestObject(lab/Page_Store/input_txtprice), "value"): Attribute 'value' of object 'Object Repository/lab/Page_Store/input_txtprice' is: '1415'

2018-06-10 17:39:18 - [MESSAGE][PASSED] - Attribute 'value' of object 'Object Repository/lab/Page_Store/input_txtprice' is: '1415'

2018-06-10 17:39:18 - [TEST_STEP][PASSED] - Statement - out.println("Stock QTY : " + StockQty): null

2018-06-10 17:39:18 - [TEST_STEP][PASSED] - delay: Delayed 1 second(s)

2018-06-10 17:39:19 - [MESSAGE][PASSED] - Delayed 1 second(s)

2018-06-10 17:39:19 - [TEST_STEP][PASSED] - Statement - If (java.lang.Integer.valueOf(StockQty) >= java.lang.Integer.valueOf(RequestedQty)): null

2018-06-10 17:39:19 - [TEST_STEP][PASSED] - setText: Text '10' is set on object 'Object Repository/lab/Page_Store/input_txtqty'

2018-06-10 17:39:19 - [MESSAGE][PASSED] - Text '10' is set on object 'Object Repository/lab/Page_Store/input_txtqty'

2018-06-10 17:39:19 - [TEST_STEP][PASSED] - click: Object: 'Object Repository/lab/Page_Store/button_Add' is clicked on

2018-06-10 17:39:19 - [MESSAGE][PASSED] - Object: 'Object Repository/lab/Page_Store/button_Add' is clicked on

2018-06-10 17:39:19 - [TEST_STEP][PASSED] - Statement - Break: null

2018-06-10 17:39:19 - [TEST_STEP][PASSED] - selectOptionByIndex: All options with index in [7] are selected on object 'Object Repository/lab/Page_Store/select_--Select--E.C.G. Jelly'

2018-06-10 17:39:19 - [MESSAGE][PASSED] - All options with index in [7] are selected on object 'Object Repository/lab/Page_Store/select_--Select--E.C.G. Jelly'

2018-06-10 17:39:19 - [TEST_STEP][PASSED] - delay: Delayed 2 second(s)

2018-06-10 17:39:21 - [MESSAGE][PASSED] - Delayed 2 second(s)

2018-06-10 17:39:21 - [TEST_STEP][PASSED] - Statement - RequestedQty = com.kms.katalon.core.webui.keyword.WebUiBuiltInKeywords.getAttribute(com.kms.katalon.core.testobject.ObjectRepository.findTestObject(lab/Page_Store/input_txttotal), "value"): Attribute 'value' of object 'Object Repository/lab/Page_Store/input_txttotal' is: '10'

2018-06-10 17:39:21 - [MESSAGE][PASSED] - Attribute 'value' of object 'Object Repository/lab/Page_Store/input_txttotal' is: '10'

2018-06-10 17:39:21 - [TEST_STEP][PASSED] - Statement - out.println("Requested QTY : " + RequestedQty): null

2018-06-10 17:39:21 - [TEST_STEP][PASSED] - Statement - BatchNumber = com.kms.katalon.core.webui.keyword.WebUiBuiltInKeywords.getNumberOfTotalOption(com.kms.katalon.core.testobject.ObjectRepository.findTestObject(lab/Page_Store/select_--Select--BA50)): 3 options of object 'Object Repository/lab/Page_Store/select_--Select--BA50' counted

2018-06-10 17:39:21 - [MESSAGE][PASSED] - 3 options of object 'Object Repository/lab/Page_Store/select_--Select--BA50' counted

2018-06-10 17:39:21 - [TEST_STEP][PASSED] - Statement - For ([g = 1, g <= BatchNumber - 1, (g++)]): null

2018-06-10 17:39:21 - [TEST_STEP][PASSED] - selectOptionByIndex: All options with index in [1] are selected on object 'Object Repository/lab/Page_Store/select_--Select--BA50'

2018-06-10 17:39:21 - [MESSAGE][PASSED] - All options with index in [1] are selected on object 'Object Repository/lab/Page_Store/select_--Select--BA50'

2018-06-10 17:39:21 - [TEST_STEP][PASSED] - delay: Delayed 2 second(s)

2018-06-10 17:39:23 - [MESSAGE][PASSED] - Delayed 2 second(s)

2018-06-10 17:39:23 - [TEST_STEP][PASSED] - Statement - Try: null

2018-06-10 17:39:23 - [TEST_STEP][PASSED] - Statement - StockQty = com.kms.katalon.core.webui.keyword.WebUiBuiltInKeywords.getAttribute(com.kms.katalon.core.testobject.ObjectRepository.findTestObject(lab/Page_Store/input_txtprice), "value"): Attribute 'value' of object 'Object Repository/lab/Page_Store/input_txtprice' is: '526'

2018-06-10 17:39:23 - [MESSAGE][PASSED] - Attribute 'value' of object 'Object Repository/lab/Page_Store/input_txtprice' is: '526'

2018-06-10 17:39:23 - [TEST_STEP][PASSED] - Statement - out.println("Stock QTY : " + StockQty): null

2018-06-10 17:39:23 - [TEST_STEP][PASSED] - delay: Delayed 1 second(s)

2018-06-10 17:39:24 - [MESSAGE][PASSED] - Delayed 1 second(s)

2018-06-10 17:39:24 - [TEST_STEP][PASSED] - Statement - If (java.lang.Integer.valueOf(StockQty) >= java.lang.Integer.valueOf(RequestedQty)): null

2018-06-10 17:39:24 - [TEST_STEP][PASSED] - setText: Text '10' is set on object 'Object Repository/lab/Page_Store/input_txtqty'

2018-06-10 17:39:25 - [MESSAGE][PASSED] - Text '10' is set on object 'Object Repository/lab/Page_Store/input_txtqty'

2018-06-10 17:39:25 - [TEST_STEP][PASSED] - click: Object: 'Object Repository/lab/Page_Store/button_Add' is clicked on

2018-06-10 17:39:25 - [MESSAGE][PASSED] - Object: 'Object Repository/lab/Page_Store/button_Add' is clicked on

2018-06-10 17:39:25 - [TEST_STEP][PASSED] - Statement - Break: null

2018-06-10 17:39:25 - [TEST_STEP][PASSED] - selectOptionByIndex: All options with index in [8] are selected on object 'Object Repository/lab/Page_Store/select_--Select--E.C.G. Jelly'

2018-06-10 17:39:25 - [MESSAGE][PASSED] - All options with index in [8] are selected on object 'Object Repository/lab/Page_Store/select_--Select--E.C.G. Jelly'

2018-06-10 17:39:25 - [TEST_STEP][PASSED] - delay: Delayed 2 second(s)

2018-06-10 17:39:27 - [MESSAGE][PASSED] - Delayed 2 second(s)

2018-06-10 17:39:27 - [TEST_STEP][PASSED] - Statement - RequestedQty = com.kms.katalon.core.webui.keyword.WebUiBuiltInKeywords.getAttribute(com.kms.katalon.core.testobject.ObjectRepository.findTestObject(lab/Page_Store/input_txttotal), "value"): Attribute 'value' of object 'Object Repository/lab/Page_Store/input_txttotal' is: '10'

2018-06-10 17:39:27 - [MESSAGE][PASSED] - Attribute 'value' of object 'Object Repository/lab/Page_Store/input_txttotal' is: '10'

2018-06-10 17:39:27 - [TEST_STEP][PASSED] - Statement - out.println("Requested QTY : " + RequestedQty): null

2018-06-10 17:39:27 - [TEST_STEP][PASSED] - Statement - BatchNumber = com.kms.katalon.core.webui.keyword.WebUiBuiltInKeywords.getNumberOfTotalOption(com.kms.katalon.core.testobject.ObjectRepository.findTestObject(lab/Page_Store/select_--Select--BA50)): 3 options of object 'Object Repository/lab/Page_Store/select_--Select--BA50' counted

2018-06-10 17:39:27 - [MESSAGE][PASSED] - 3 options of object 'Object Repository/lab/Page_Store/select_--Select--BA50' counted

2018-06-10 17:39:27 - [TEST_STEP][PASSED] - Statement - For ([g = 1, g <= BatchNumber - 1, (g++)]): null

2018-06-10 17:39:27 - [TEST_STEP][PASSED] - selectOptionByIndex: All options with index in [1] are selected on object 'Object Repository/lab/Page_Store/select_--Select--BA50'

2018-06-10 17:39:27 - [MESSAGE][PASSED] - All options with index in [1] are selected on object 'Object Repository/lab/Page_Store/select_--Select--BA50'

2018-06-10 17:39:27 - [TEST_STEP][PASSED] - delay: Delayed 2 second(s)

2018-06-10 17:39:29 - [MESSAGE][PASSED] - Delayed 2 second(s)

2018-06-10 17:39:29 - [TEST_STEP][PASSED] - Statement - Try: null

2018-06-10 17:39:29 - [TEST_STEP][PASSED] - Statement - StockQty = com.kms.katalon.core.webui.keyword.WebUiBuiltInKeywords.getAttribute(com.kms.katalon.core.testobject.ObjectRepository.findTestObject(lab/Page_Store/input_txtprice), "value"): Attribute 'value' of object 'Object Repository/lab/Page_Store/input_txtprice' is: '640'

2018-06-10 17:39:29 - [MESSAGE][PASSED] - Attribute 'value' of object 'Object Repository/lab/Page_Store/input_txtprice' is: '640'

2018-06-10 17:39:29 - [TEST_STEP][PASSED] - Statement - out.println("Stock QTY : " + StockQty): null

2018-06-10 17:39:29 - [TEST_STEP][PASSED] - delay: Delayed 1 second(s)

2018-06-10 17:39:30 - [MESSAGE][PASSED] - Delayed 1 second(s)

2018-06-10 17:39:30 - [TEST_STEP][PASSED] - Statement - If (java.lang.Integer.valueOf(StockQty) >= java.lang.Integer.valueOf(RequestedQty)): null

2018-06-10 17:39:30 - [TEST_STEP][PASSED] - setText: Text '10' is set on object 'Object Repository/lab/Page_Store/input_txtqty'

2018-06-10 17:39:30 - [MESSAGE][PASSED] - Text '10' is set on object 'Object Repository/lab/Page_Store/input_txtqty'

2018-06-10 17:39:30 - [TEST_STEP][PASSED] - click: Object: 'Object Repository/lab/Page_Store/button_Add' is clicked on

2018-06-10 17:39:30 - [MESSAGE][PASSED] - Object: 'Object Repository/lab/Page_Store/button_Add' is clicked on

2018-06-10 17:39:30 - [TEST_STEP][PASSED] - Statement - Break: null

2018-06-10 17:39:30 - [TEST_STEP][PASSED] - selectOptionByIndex: All options with index in [9] are selected on object 'Object Repository/lab/Page_Store/select_--Select--E.C.G. Jelly'

2018-06-10 17:39:30 - [MESSAGE][PASSED] - All options with index in [9] are selected on object 'Object Repository/lab/Page_Store/select_--Select--E.C.G. Jelly'

2018-06-10 17:39:30 - [TEST_STEP][PASSED] - delay: Delayed 2 second(s)

2018-06-10 17:39:32 - [MESSAGE][PASSED] - Delayed 2 second(s)

2018-06-10 17:39:32 - [TEST_STEP][PASSED] - Statement - RequestedQty = com.kms.katalon.core.webui.keyword.WebUiBuiltInKeywords.getAttribute(com.kms.katalon.core.testobject.ObjectRepository.findTestObject(lab/Page_Store/input_txttotal), "value"): Attribute 'value' of object 'Object Repository/lab/Page_Store/input_txttotal' is: '10'

2018-06-10 17:39:32 - [MESSAGE][PASSED] - Attribute 'value' of object 'Object Repository/lab/Page_Store/input_txttotal' is: '10'

2018-06-10 17:39:32 - [TEST_STEP][PASSED] - Statement - out.println("Requested QTY : " + RequestedQty): null

2018-06-10 17:39:32 - [TEST_STEP][PASSED] - Statement - BatchNumber = com.kms.katalon.core.webui.keyword.WebUiBuiltInKeywords.getNumberOfTotalOption(com.kms.katalon.core.testobject.ObjectRepository.findTestObject(lab/Page_Store/select_--Select--BA50)): 4 options of object 'Object Repository/lab/Page_Store/select_--Select--BA50' counted

2018-06-10 17:39:32 - [MESSAGE][PASSED] - 4 options of object 'Object Repository/lab/Page_Store/select_--Select--BA50' counted

2018-06-10 17:39:32 - [TEST_STEP][PASSED] - Statement - For ([g = 1, g <= BatchNumber - 1, (g++)]): null

2018-06-10 17:39:32 - [TEST_STEP][PASSED] - selectOptionByIndex: All options with index in [1] are selected on object 'Object Repository/lab/Page_Store/select_--Select--BA50'

2018-06-10 17:39:33 - [MESSAGE][PASSED] - All options with index in [1] are selected on object 'Object Repository/lab/Page_Store/select_--Select--BA50'

2018-06-10 17:39:33 - [TEST_STEP][PASSED] - delay: Delayed 2 second(s)

2018-06-10 17:39:35 - [MESSAGE][PASSED] - Delayed 2 second(s)

2018-06-10 17:39:35 - [TEST_STEP][PASSED] - Statement - Try: null

2018-06-10 17:39:35 - [TEST_STEP][PASSED] - Statement - StockQty = com.kms.katalon.core.webui.keyword.WebUiBuiltInKeywords.getAttribute(com.kms.katalon.core.testobject.ObjectRepository.findTestObject(lab/Page_Store/input_txtprice), "value"): Attribute 'value' of object 'Object Repository/lab/Page_Store/input_txtprice' is: '446'

2018-06-10 17:39:35 - [MESSAGE][PASSED] - Attribute 'value' of object 'Object Repository/lab/Page_Store/input_txtprice' is: '446'

2018-06-10 17:39:35 - [TEST_STEP][PASSED] - Statement - out.println("Stock QTY : " + StockQty): null

2018-06-10 17:39:35 - [TEST_STEP][PASSED] - delay: Delayed 1 second(s)

2018-06-10 17:39:36 - [MESSAGE][PASSED] - Delayed 1 second(s)

2018-06-10 17:39:36 - [TEST_STEP][PASSED] - Statement - If (java.lang.Integer.valueOf(StockQty) >= java.lang.Integer.valueOf(RequestedQty)): null

2018-06-10 17:39:36 - [TEST_STEP][PASSED] - setText: Text '10' is set on object 'Object Repository/lab/Page_Store/input_txtqty'

2018-06-10 17:39:36 - [MESSAGE][PASSED] - Text '10' is set on object 'Object Repository/lab/Page_Store/input_txtqty'

2018-06-10 17:39:36 - [TEST_STEP][PASSED] - click: Object: 'Object Repository/lab/Page_Store/button_Add' is clicked on

2018-06-10 17:39:36 - [MESSAGE][PASSED] - Object: 'Object Repository/lab/Page_Store/button_Add' is clicked on

2018-06-10 17:39:36 - [TEST_STEP][PASSED] - Statement - Break: null

2018-06-10 17:39:36 - [TEST_STEP][PASSED] - selectOptionByIndex: All options with index in [10] are selected on object 'Object Repository/lab/Page_Store/select_--Select--E.C.G. Jelly'

2018-06-10 17:39:36 - [MESSAGE][PASSED] - All options with index in [10] are selected on object 'Object Repository/lab/Page_Store/select_--Select--E.C.G. Jelly'

2018-06-10 17:39:36 - [TEST_STEP][PASSED] - delay: Delayed 2 second(s)

2018-06-10 17:39:38 - [MESSAGE][PASSED] - Delayed 2 second(s)

2018-06-10 17:39:38 - [TEST_STEP][PASSED] - Statement - RequestedQty = com.kms.katalon.core.webui.keyword.WebUiBuiltInKeywords.getAttribute(com.kms.katalon.core.testobject.ObjectRepository.findTestObject(lab/Page_Store/input_txttotal), "value"): Attribute 'value' of object 'Object Repository/lab/Page_Store/input_txttotal' is: '10'

2018-06-10 17:39:38 - [MESSAGE][PASSED] - Attribute 'value' of object 'Object Repository/lab/Page_Store/input_txttotal' is: '10'

2018-06-10 17:39:38 - [TEST_STEP][PASSED] - Statement - out.println("Requested QTY : " + RequestedQty): null

2018-06-10 17:39:38 - [TEST_STEP][PASSED] - Statement - BatchNumber = com.kms.katalon.core.webui.keyword.WebUiBuiltInKeywords.getNumberOfTotalOption(com.kms.katalon.core.testobject.ObjectRepository.findTestObject(lab/Page_Store/select_--Select--BA50)): 4 options of object 'Object Repository/lab/Page_Store/select_--Select--BA50' counted

2018-06-10 17:39:38 - [MESSAGE][PASSED] - 4 options of object 'Object Repository/lab/Page_Store/select_--Select--BA50' counted

2018-06-10 17:39:38 - [TEST_STEP][PASSED] - Statement - For ([g = 1, g <= BatchNumber - 1, (g++)]): null

2018-06-10 17:39:38 - [TEST_STEP][PASSED] - selectOptionByIndex: All options with index in [1] are selected on object 'Object Repository/lab/Page_Store/select_--Select--BA50'

2018-06-10 17:39:38 - [MESSAGE][PASSED] - All options with index in [1] are selected on object 'Object Repository/lab/Page_Store/select_--Select--BA50'

2018-06-10 17:39:38 - [TEST_STEP][PASSED] - delay: Delayed 2 second(s)

2018-06-10 17:39:40 - [MESSAGE][PASSED] - Delayed 2 second(s)

2018-06-10 17:39:40 - [TEST_STEP][PASSED] - Statement - Try: null

2018-06-10 17:39:40 - [TEST_STEP][PASSED] - Statement - StockQty = com.kms.katalon.core.webui.keyword.WebUiBuiltInKeywords.getAttribute(com.kms.katalon.core.testobject.ObjectRepository.findTestObject(lab/Page_Store/input_txtprice), "value"): Attribute 'value' of object 'Object Repository/lab/Page_Store/input_txtprice' is: '340'

2018-06-10 17:39:40 - [MESSAGE][PASSED] - Attribute 'value' of object 'Object Repository/lab/Page_Store/input_txtprice' is: '340'

2018-06-10 17:39:40 - [TEST_STEP][PASSED] - Statement - out.println("Stock QTY : " + StockQty): null

2018-06-10 17:39:40 - [TEST_STEP][PASSED] - delay: Delayed 1 second(s)

2018-06-10 17:39:41 - [MESSAGE][PASSED] - Delayed 1 second(s)

2018-06-10 17:39:41 - [TEST_STEP][PASSED] - Statement - If (java.lang.Integer.valueOf(StockQty) >= java.lang.Integer.valueOf(RequestedQty)): null

2018-06-10 17:39:41 - [TEST_STEP][PASSED] - setText: Text '10' is set on object 'Object Repository/lab/Page_Store/input_txtqty'

2018-06-10 17:39:41 - [MESSAGE][PASSED] - Text '10' is set on object 'Object Repository/lab/Page_Store/input_txtqty'

2018-06-10 17:39:41 - [TEST_STEP][PASSED] - click: Object: 'Object Repository/lab/Page_Store/button_Add' is clicked on

2018-06-10 17:39:41 - [MESSAGE][PASSED] - Object: 'Object Repository/lab/Page_Store/button_Add' is clicked on

2018-06-10 17:39:41 - [TEST_STEP][PASSED] - Statement - Break: null

2018-06-10 17:39:41 - [TEST_STEP][PASSED] - selectOptionByIndex: All options with index in [11] are selected on object 'Object Repository/lab/Page_Store/select_--Select--E.C.G. Jelly'

2018-06-10 17:39:42 - [MESSAGE][PASSED] - All options with index in [11] are selected on object 'Object Repository/lab/Page_Store/select_--Select--E.C.G. Jelly'

2018-06-10 17:39:42 - [TEST_STEP][PASSED] - delay: Delayed 2 second(s)

2018-06-10 17:39:44 - [MESSAGE][PASSED] - Delayed 2 second(s)

2018-06-10 17:39:44 - [TEST_STEP][PASSED] - Statement - RequestedQty = com.kms.katalon.core.webui.keyword.WebUiBuiltInKeywords.getAttribute(com.kms.katalon.core.testobject.ObjectRepository.findTestObject(lab/Page_Store/input_txttotal), "value"): Attribute 'value' of object 'Object Repository/lab/Page_Store/input_txttotal' is: '10'

2018-06-10 17:39:44 - [MESSAGE][PASSED] - Attribute 'value' of object 'Object Repository/lab/Page_Store/input_txttotal' is: '10'

2018-06-10 17:39:44 - [TEST_STEP][PASSED] - Statement - out.println("Requested QTY : " + RequestedQty): null

2018-06-10 17:39:44 - [TEST_STEP][PASSED] - Statement - BatchNumber = com.kms.katalon.core.webui.keyword.WebUiBuiltInKeywords.getNumberOfTotalOption(com.kms.katalon.core.testobject.ObjectRepository.findTestObject(lab/Page_Store/select_--Select--BA50)): 4 options of object 'Object Repository/lab/Page_Store/select_--Select--BA50' counted

2018-06-10 17:39:44 - [MESSAGE][PASSED] - 4 options of object 'Object Repository/lab/Page_Store/select_--Select--BA50' counted

2018-06-10 17:39:44 - [TEST_STEP][PASSED] - Statement - For ([g = 1, g <= BatchNumber - 1, (g++)]): null

2018-06-10 17:39:44 - [TEST_STEP][PASSED] - selectOptionByIndex: All options with index in [1] are selected on object 'Object Repository/lab/Page_Store/select_--Select--BA50'

2018-06-10 17:39:44 - [MESSAGE][PASSED] - All options with index in [1] are selected on object 'Object Repository/lab/Page_Store/select_--Select--BA50'

2018-06-10 17:39:44 - [TEST_STEP][PASSED] - delay: Delayed 2 second(s)

2018-06-10 17:39:46 - [MESSAGE][PASSED] - Delayed 2 second(s)

2018-06-10 17:39:46 - [TEST_STEP][PASSED] - Statement - Try: null

2018-06-10 17:39:46 - [TEST_STEP][PASSED] - Statement - StockQty = com.kms.katalon.core.webui.keyword.WebUiBuiltInKeywords.getAttribute(com.kms.katalon.core.testobject.ObjectRepository.findTestObject(lab/Page_Store/input_txtprice), "value"): Attribute 'value' of object 'Object Repository/lab/Page_Store/input_txtprice' is: '434'

2018-06-10 17:39:46 - [MESSAGE][PASSED] - Attribute 'value' of object 'Object Repository/lab/Page_Store/input_txtprice' is: '434'

2018-06-10 17:39:46 - [TEST_STEP][PASSED] - Statement - out.println("Stock QTY : " + StockQty): null

2018-06-10 17:39:46 - [TEST_STEP][PASSED] - delay: Delayed 1 second(s)

2018-06-10 17:39:47 - [MESSAGE][PASSED] - Delayed 1 second(s)

2018-06-10 17:39:47 - [TEST_STEP][PASSED] - Statement - If (java.lang.Integer.valueOf(StockQty) >= java.lang.Integer.valueOf(RequestedQty)): null

2018-06-10 17:39:47 - [TEST_STEP][PASSED] - setText: Text '10' is set on object 'Object Repository/lab/Page_Store/input_txtqty'

2018-06-10 17:39:47 - [MESSAGE][PASSED] - Text '10' is set on object 'Object Repository/lab/Page_Store/input_txtqty'

2018-06-10 17:39:47 - [TEST_STEP][PASSED] - click: Object: 'Object Repository/lab/Page_Store/button_Add' is clicked on

2018-06-10 17:39:47 - [MESSAGE][PASSED] - Object: 'Object Repository/lab/Page_Store/button_Add' is clicked on

2018-06-10 17:39:47 - [TEST_STEP][PASSED] - Statement - Break: null

2018-06-10 17:39:47 - [TEST_STEP][PASSED] - selectOptionByIndex: All options with index in [12] are selected on object 'Object Repository/lab/Page_Store/select_--Select--E.C.G. Jelly'

2018-06-10 17:39:47 - [MESSAGE][PASSED] - All options with index in [12] are selected on object 'Object Repository/lab/Page_Store/select_--Select--E.C.G. Jelly'

2018-06-10 17:39:47 - [TEST_STEP][PASSED] - delay: Delayed 2 second(s)

2018-06-10 17:39:49 - [MESSAGE][PASSED] - Delayed 2 second(s)

2018-06-10 17:39:49 - [TEST_STEP][PASSED] - Statement - RequestedQty = com.kms.katalon.core.webui.keyword.WebUiBuiltInKeywords.getAttribute(com.kms.katalon.core.testobject.ObjectRepository.findTestObject(lab/Page_Store/input_txttotal), "value"): Attribute 'value' of object 'Object Repository/lab/Page_Store/input_txttotal' is: '10'

2018-06-10 17:39:49 - [MESSAGE][PASSED] - Attribute 'value' of object 'Object Repository/lab/Page_Store/input_txttotal' is: '10'

2018-06-10 17:39:49 - [TEST_STEP][PASSED] - Statement - out.println("Requested QTY : " + RequestedQty): null

2018-06-10 17:39:49 - [TEST_STEP][PASSED] - Statement - BatchNumber = com.kms.katalon.core.webui.keyword.WebUiBuiltInKeywords.getNumberOfTotalOption(com.kms.katalon.core.testobject.ObjectRepository.findTestObject(lab/Page_Store/select_--Select--BA50)): 5 options of object 'Object Repository/lab/Page_Store/select_--Select--BA50' counted

2018-06-10 17:39:49 - [MESSAGE][PASSED] - 5 options of object 'Object Repository/lab/Page_Store/select_--Select--BA50' counted

2018-06-10 17:39:49 - [TEST_STEP][PASSED] - Statement - For ([g = 1, g <= BatchNumber - 1, (g++)]): null

2018-06-10 17:39:49 - [TEST_STEP][PASSED] - selectOptionByIndex: All options with index in [1] are selected on object 'Object Repository/lab/Page_Store/select_--Select--BA50'

2018-06-10 17:39:49 - [MESSAGE][PASSED] - All options with index in [1] are selected on object 'Object Repository/lab/Page_Store/select_--Select--BA50'

2018-06-10 17:39:49 - [TEST_STEP][PASSED] - delay: Delayed 2 second(s)

2018-06-10 17:39:51 - [MESSAGE][PASSED] - Delayed 2 second(s)

2018-06-10 17:39:51 - [TEST_STEP][PASSED] - Statement - Try: null

2018-06-10 17:39:51 - [TEST_STEP][PASSED] - Statement - StockQty = com.kms.katalon.core.webui.keyword.WebUiBuiltInKeywords.getAttribute(com.kms.katalon.core.testobject.ObjectRepository.findTestObject(lab/Page_Store/input_txtprice), "value"): Attribute 'value' of object 'Object Repository/lab/Page_Store/input_txtprice' is: '430'

2018-06-10 17:39:51 - [MESSAGE][PASSED] - Attribute 'value' of object 'Object Repository/lab/Page_Store/input_txtprice' is: '430'

2018-06-10 17:39:51 - [TEST_STEP][PASSED] - Statement - out.println("Stock QTY : " + StockQty): null

2018-06-10 17:39:51 - [TEST_STEP][PASSED] - delay: Delayed 1 second(s)

2018-06-10 17:39:52 - [MESSAGE][PASSED] - Delayed 1 second(s)

2018-06-10 17:39:52 - [TEST_STEP][PASSED] - Statement - If (java.lang.Integer.valueOf(StockQty) >= java.lang.Integer.valueOf(RequestedQty)): null

2018-06-10 17:39:52 - [TEST_STEP][PASSED] - setText: Text '10' is set on object 'Object Repository/lab/Page_Store/input_txtqty'

2018-06-10 17:39:53 - [MESSAGE][PASSED] - Text '10' is set on object 'Object Repository/lab/Page_Store/input_txtqty'

2018-06-10 17:39:53 - [TEST_STEP][PASSED] - click: Object: 'Object Repository/lab/Page_Store/button_Add' is clicked on

2018-06-10 17:39:53 - [MESSAGE][PASSED] - Object: 'Object Repository/lab/Page_Store/button_Add' is clicked on

2018-06-10 17:39:53 - [TEST_STEP][PASSED] - Statement - Break: null

2018-06-10 17:39:53 - [TEST_STEP][PASSED] - selectOptionByIndex: All options with index in [13] are selected on object 'Object Repository/lab/Page_Store/select_--Select--E.C.G. Jelly'

2018-06-10 17:39:53 - [MESSAGE][PASSED] - All options with index in [13] are selected on object 'Object Repository/lab/Page_Store/select_--Select--E.C.G. Jelly'

2018-06-10 17:39:53 - [TEST_STEP][PASSED] - delay: Delayed 2 second(s)

2018-06-10 17:39:55 - [MESSAGE][PASSED] - Delayed 2 second(s)

2018-06-10 17:39:55 - [TEST_STEP][PASSED] - Statement - RequestedQty = com.kms.katalon.core.webui.keyword.WebUiBuiltInKeywords.getAttribute(com.kms.katalon.core.testobject.ObjectRepository.findTestObject(lab/Page_Store/input_txttotal), "value"): Attribute 'value' of object 'Object Repository/lab/Page_Store/input_txttotal' is: '10'

2018-06-10 17:39:55 - [MESSAGE][PASSED] - Attribute 'value' of object 'Object Repository/lab/Page_Store/input_txttotal' is: '10'

2018-06-10 17:39:55 - [TEST_STEP][PASSED] - Statement - out.println("Requested QTY : " + RequestedQty): null

2018-06-10 17:39:55 - [TEST_STEP][PASSED] - Statement - BatchNumber = com.kms.katalon.core.webui.keyword.WebUiBuiltInKeywords.getNumberOfTotalOption(com.kms.katalon.core.testobject.ObjectRepository.findTestObject(lab/Page_Store/select_--Select--BA50)): 3 options of object 'Object Repository/lab/Page_Store/select_--Select--BA50' counted

2018-06-10 17:39:55 - [MESSAGE][PASSED] - 3 options of object 'Object Repository/lab/Page_Store/select_--Select--BA50' counted

2018-06-10 17:39:55 - [TEST_STEP][PASSED] - Statement - For ([g = 1, g <= BatchNumber - 1, (g++)]): null

2018-06-10 17:39:55 - [TEST_STEP][PASSED] - selectOptionByIndex: All options with index in [1] are selected on object 'Object Repository/lab/Page_Store/select_--Select--BA50'

2018-06-10 17:39:55 - [MESSAGE][PASSED] - All options with index in [1] are selected on object 'Object Repository/lab/Page_Store/select_--Select--BA50'

2018-06-10 17:39:55 - [TEST_STEP][PASSED] - delay: Delayed 2 second(s)

2018-06-10 17:39:57 - [MESSAGE][PASSED] - Delayed 2 second(s)

2018-06-10 17:39:57 - [TEST_STEP][PASSED] - Statement - Try: null

2018-06-10 17:39:57 - [TEST_STEP][PASSED] - Statement - StockQty = com.kms.katalon.core.webui.keyword.WebUiBuiltInKeywords.getAttribute(com.kms.katalon.core.testobject.ObjectRepository.findTestObject(lab/Page_Store/input_txtprice), "value"): Attribute 'value' of object 'Object Repository/lab/Page_Store/input_txtprice' is: '1490'

2018-06-10 17:39:57 - [MESSAGE][PASSED] - Attribute 'value' of object 'Object Repository/lab/Page_Store/input_txtprice' is: '1490'

2018-06-10 17:39:57 - [TEST_STEP][PASSED] - Statement - out.println("Stock QTY : " + StockQty): null

2018-06-10 17:39:57 - [TEST_STEP][PASSED] - delay: Delayed 1 second(s)

2018-06-10 17:39:58 - [MESSAGE][PASSED] - Delayed 1 second(s)

2018-06-10 17:39:58 - [TEST_STEP][PASSED] - Statement - If (java.lang.Integer.valueOf(StockQty) >= java.lang.Integer.valueOf(RequestedQty)): null

2018-06-10 17:39:58 - [TEST_STEP][PASSED] - setText: Text '10' is set on object 'Object Repository/lab/Page_Store/input_txtqty'

2018-06-10 17:39:58 - [MESSAGE][PASSED] - Text '10' is set on object 'Object Repository/lab/Page_Store/input_txtqty'

2018-06-10 17:39:58 - [TEST_STEP][PASSED] - click: Object: 'Object Repository/lab/Page_Store/button_Add' is clicked on

2018-06-10 17:39:58 - [MESSAGE][PASSED] - Object: 'Object Repository/lab/Page_Store/button_Add' is clicked on

2018-06-10 17:39:58 - [TEST_STEP][PASSED] - Statement - Break: null

2018-06-10 17:39:58 - [TEST_STEP][PASSED] - selectOptionByIndex: All options with index in [14] are selected on object 'Object Repository/lab/Page_Store/select_--Select--E.C.G. Jelly'

2018-06-10 17:39:59 - [MESSAGE][PASSED] - All options with index in [14] are selected on object 'Object Repository/lab/Page_Store/select_--Select--E.C.G. Jelly'

2018-06-10 17:39:59 - [TEST_STEP][PASSED] - delay: Delayed 2 second(s)

2018-06-10 17:40:01 - [MESSAGE][PASSED] - Delayed 2 second(s)

2018-06-10 17:40:01 - [TEST_STEP][PASSED] - Statement - RequestedQty = com.kms.katalon.core.webui.keyword.WebUiBuiltInKeywords.getAttribute(com.kms.katalon.core.testobject.ObjectRepository.findTestObject(lab/Page_Store/input_txttotal), "value"): Attribute 'value' of object 'Object Repository/lab/Page_Store/input_txttotal' is: '10'

2018-06-10 17:40:01 - [MESSAGE][PASSED] - Attribute 'value' of object 'Object Repository/lab/Page_Store/input_txttotal' is: '10'

2018-06-10 17:40:01 - [TEST_STEP][PASSED] - Statement - out.println("Requested QTY : " + RequestedQty): null

2018-06-10 17:40:01 - [TEST_STEP][PASSED] - Statement - BatchNumber = com.kms.katalon.core.webui.keyword.WebUiBuiltInKeywords.getNumberOfTotalOption(com.kms.katalon.core.testobject.ObjectRepository.findTestObject(lab/Page_Store/select_--Select--BA50)): 5 options of object 'Object Repository/lab/Page_Store/select_--Select--BA50' counted

2018-06-10 17:40:01 - [MESSAGE][PASSED] - 5 options of object 'Object Repository/lab/Page_Store/select_--Select--BA50' counted

2018-06-10 17:40:01 - [TEST_STEP][PASSED] - Statement - For ([g = 1, g <= BatchNumber - 1, (g++)]): null

2018-06-10 17:40:01 - [TEST_STEP][PASSED] - selectOptionByIndex: All options with index in [1] are selected on object 'Object Repository/lab/Page_Store/select_--Select--BA50'

2018-06-10 17:40:01 - [MESSAGE][PASSED] - All options with index in [1] are selected on object 'Object Repository/lab/Page_Store/select_--Select--BA50'

2018-06-10 17:40:01 - [TEST_STEP][PASSED] - delay: Delayed 2 second(s)

2018-06-10 17:40:03 - [MESSAGE][PASSED] - Delayed 2 second(s)

2018-06-10 17:40:03 - [TEST_STEP][PASSED] - Statement - Try: null

2018-06-10 17:40:03 - [TEST_STEP][PASSED] - Statement - StockQty = com.kms.katalon.core.webui.keyword.WebUiBuiltInKeywords.getAttribute(com.kms.katalon.core.testobject.ObjectRepository.findTestObject(lab/Page_Store/input_txtprice), "value"): Attribute 'value' of object 'Object Repository/lab/Page_Store/input_txtprice' is: '430'

2018-06-10 17:40:03 - [MESSAGE][PASSED] - Attribute 'value' of object 'Object Repository/lab/Page_Store/input_txtprice' is: '430'

2018-06-10 17:40:03 - [TEST_STEP][PASSED] - Statement - out.println("Stock QTY : " + StockQty): null

2018-06-10 17:40:03 - [TEST_STEP][PASSED] - delay: Delayed 1 second(s)

2018-06-10 17:40:04 - [MESSAGE][PASSED] - Delayed 1 second(s)

2018-06-10 17:40:04 - [TEST_STEP][PASSED] - Statement - If (java.lang.Integer.valueOf(StockQty) >= java.lang.Integer.valueOf(RequestedQty)): null

2018-06-10 17:40:04 - [TEST_STEP][PASSED] - setText: Text '10' is set on object 'Object Repository/lab/Page_Store/input_txtqty'

2018-06-10 17:40:04 - [MESSAGE][PASSED] - Text '10' is set on object 'Object Repository/lab/Page_Store/input_txtqty'

2018-06-10 17:40:04 - [TEST_STEP][PASSED] - click: Object: 'Object Repository/lab/Page_Store/button_Add' is clicked on

2018-06-10 17:40:04 - [MESSAGE][PASSED] - Object: 'Object Repository/lab/Page_Store/button_Add' is clicked on

2018-06-10 17:40:04 - [TEST_STEP][PASSED] - Statement - Break: null

2018-06-10 17:40:04 - [TEST_STEP][PASSED] - selectOptionByIndex: All options with index in [15] are selected on object 'Object Repository/lab/Page_Store/select_--Select--E.C.G. Jelly'

2018-06-10 17:40:04 - [MESSAGE][PASSED] - All options with index in [15] are selected on object 'Object Repository/lab/Page_Store/select_--Select--E.C.G. Jelly'

2018-06-10 17:40:04 - [TEST_STEP][PASSED] - delay: Delayed 2 second(s)

2018-06-10 17:40:06 - [MESSAGE][PASSED] - Delayed 2 second(s)

2018-06-10 17:40:06 - [TEST_STEP][PASSED] - Statement - RequestedQty = com.kms.katalon.core.webui.keyword.WebUiBuiltInKeywords.getAttribute(com.kms.katalon.core.testobject.ObjectRepository.findTestObject(lab/Page_Store/input_txttotal), "value"): Attribute 'value' of object 'Object Repository/lab/Page_Store/input_txttotal' is: '10'

2018-06-10 17:40:06 - [MESSAGE][PASSED] - Attribute 'value' of object 'Object Repository/lab/Page_Store/input_txttotal' is: '10'

2018-06-10 17:40:06 - [TEST_STEP][PASSED] - Statement - out.println("Requested QTY : " + RequestedQty): null

2018-06-10 17:40:06 - [TEST_STEP][PASSED] - Statement - BatchNumber = com.kms.katalon.core.webui.keyword.WebUiBuiltInKeywords.getNumberOfTotalOption(com.kms.katalon.core.testobject.ObjectRepository.findTestObject(lab/Page_Store/select_--Select--BA50)): 5 options of object 'Object Repository/lab/Page_Store/select_--Select--BA50' counted

2018-06-10 17:40:06 - [MESSAGE][PASSED] - 5 options of object 'Object Repository/lab/Page_Store/select_--Select--BA50' counted

2018-06-10 17:40:06 - [TEST_STEP][PASSED] - Statement - For ([g = 1, g <= BatchNumber - 1, (g++)]): null

2018-06-10 17:40:06 - [TEST_STEP][PASSED] - selectOptionByIndex: All options with index in [1] are selected on object 'Object Repository/lab/Page_Store/select_--Select--BA50'

2018-06-10 17:40:06 - [MESSAGE][PASSED] - All options with index in [1] are selected on object 'Object Repository/lab/Page_Store/select_--Select--BA50'

2018-06-10 17:40:06 - [TEST_STEP][PASSED] - delay: Delayed 2 second(s)

2018-06-10 17:40:08 - [MESSAGE][PASSED] - Delayed 2 second(s)

2018-06-10 17:40:08 - [TEST_STEP][PASSED] - Statement - Try: null

2018-06-10 17:40:08 - [TEST_STEP][PASSED] - Statement - StockQty = com.kms.katalon.core.webui.keyword.WebUiBuiltInKeywords.getAttribute(com.kms.katalon.core.testobject.ObjectRepository.findTestObject(lab/Page_Store/input_txtprice), "value"): Attribute 'value' of object 'Object Repository/lab/Page_Store/input_txtprice' is: '430'

2018-06-10 17:40:09 - [MESSAGE][PASSED] - Attribute 'value' of object 'Object Repository/lab/Page_Store/input_txtprice' is: '430'

2018-06-10 17:40:09 - [TEST_STEP][PASSED] - Statement - out.println("Stock QTY : " + StockQty): null

2018-06-10 17:40:09 - [TEST_STEP][PASSED] - delay: Delayed 1 second(s)

2018-06-10 17:40:10 - [MESSAGE][PASSED] - Delayed 1 second(s)

2018-06-10 17:40:10 - [TEST_STEP][PASSED] - Statement - If (java.lang.Integer.valueOf(StockQty) >= java.lang.Integer.valueOf(RequestedQty)): null

2018-06-10 17:40:10 - [TEST_STEP][PASSED] - setText: Text '10' is set on object 'Object Repository/lab/Page_Store/input_txtqty'

2018-06-10 17:40:10 - [MESSAGE][PASSED] - Text '10' is set on object 'Object Repository/lab/Page_Store/input_txtqty'

2018-06-10 17:40:10 - [TEST_STEP][PASSED] - click: Object: 'Object Repository/lab/Page_Store/button_Add' is clicked on

2018-06-10 17:40:10 - [MESSAGE][PASSED] - Object: 'Object Repository/lab/Page_Store/button_Add' is clicked on

2018-06-10 17:40:10 - [TEST_STEP][PASSED] - Statement - Break: null

2018-06-10 17:40:10 - [TEST_STEP][PASSED] - selectOptionByIndex: All options with index in [16] are selected on object 'Object Repository/lab/Page_Store/select_--Select--E.C.G. Jelly'

2018-06-10 17:40:10 - [MESSAGE][PASSED] - All options with index in [16] are selected on object 'Object Repository/lab/Page_Store/select_--Select--E.C.G. Jelly'

2018-06-10 17:40:10 - [TEST_STEP][PASSED] - delay: Delayed 2 second(s)

2018-06-10 17:40:12 - [MESSAGE][PASSED] - Delayed 2 second(s)

2018-06-10 17:40:12 - [TEST_STEP][PASSED] - Statement - RequestedQty = com.kms.katalon.core.webui.keyword.WebUiBuiltInKeywords.getAttribute(com.kms.katalon.core.testobject.ObjectRepository.findTestObject(lab/Page_Store/input_txttotal), "value"): Attribute 'value' of object 'Object Repository/lab/Page_Store/input_txttotal' is: '10'

2018-06-10 17:40:12 - [MESSAGE][PASSED] - Attribute 'value' of object 'Object Repository/lab/Page_Store/input_txttotal' is: '10'

2018-06-10 17:40:12 - [TEST_STEP][PASSED] - Statement - out.println("Requested QTY : " + RequestedQty): null

2018-06-10 17:40:12 - [TEST_STEP][PASSED] - Statement - BatchNumber = com.kms.katalon.core.webui.keyword.WebUiBuiltInKeywords.getNumberOfTotalOption(com.kms.katalon.core.testobject.ObjectRepository.findTestObject(lab/Page_Store/select_--Select--BA50)): 3 options of object 'Object Repository/lab/Page_Store/select_--Select--BA50' counted

2018-06-10 17:40:12 - [MESSAGE][PASSED] - 3 options of object 'Object Repository/lab/Page_Store/select_--Select--BA50' counted

2018-06-10 17:40:12 - [TEST_STEP][PASSED] - Statement - For ([g = 1, g <= BatchNumber - 1, (g++)]): null

2018-06-10 17:40:12 - [TEST_STEP][PASSED] - selectOptionByIndex: All options with index in [1] are selected on object 'Object Repository/lab/Page_Store/select_--Select--BA50'

2018-06-10 17:40:12 - [MESSAGE][PASSED] - All options with index in [1] are selected on object 'Object Repository/lab/Page_Store/select_--Select--BA50'

2018-06-10 17:40:12 - [TEST_STEP][PASSED] - delay: Delayed 2 second(s)

2018-06-10 17:40:14 - [MESSAGE][PASSED] - Delayed 2 second(s)

2018-06-10 17:40:14 - [TEST_STEP][PASSED] - Statement - Try: null

2018-06-10 17:40:14 - [TEST_STEP][PASSED] - Statement - StockQty = com.kms.katalon.core.webui.keyword.WebUiBuiltInKeywords.getAttribute(com.kms.katalon.core.testobject.ObjectRepository.findTestObject(lab/Page_Store/input_txtprice), "value"): Attribute 'value' of object 'Object Repository/lab/Page_Store/input_txtprice' is: '630'

2018-06-10 17:40:14 - [MESSAGE][PASSED] - Attribute 'value' of object 'Object Repository/lab/Page_Store/input_txtprice' is: '630'

2018-06-10 17:40:14 - [TEST_STEP][PASSED] - Statement - out.println("Stock QTY : " + StockQty): null

2018-06-10 17:40:14 - [TEST_STEP][PASSED] - delay: Delayed 1 second(s)

2018-06-10 17:40:15 - [MESSAGE][PASSED] - Delayed 1 second(s)

2018-06-10 17:40:15 - [TEST_STEP][PASSED] - Statement - If (java.lang.Integer.valueOf(StockQty) >= java.lang.Integer.valueOf(RequestedQty)): null

2018-06-10 17:40:15 - [TEST_STEP][PASSED] - setText: Text '10' is set on object 'Object Repository/lab/Page_Store/input_txtqty'

2018-06-10 17:40:15 - [MESSAGE][PASSED] - Text '10' is set on object 'Object Repository/lab/Page_Store/input_txtqty'

2018-06-10 17:40:15 - [TEST_STEP][PASSED] - click: Object: 'Object Repository/lab/Page_Store/button_Add' is clicked on

2018-06-10 17:40:15 - [MESSAGE][PASSED] - Object: 'Object Repository/lab/Page_Store/button_Add' is clicked on

2018-06-10 17:40:15 - [TEST_STEP][PASSED] - Statement - Break: null

2018-06-10 17:40:15 - [TEST_STEP][PASSED] - selectOptionByIndex: All options with index in [17] are selected on object 'Object Repository/lab/Page_Store/select_--Select--E.C.G. Jelly'

2018-06-10 17:40:16 - [MESSAGE][PASSED] - All options with index in [17] are selected on object 'Object Repository/lab/Page_Store/select_--Select--E.C.G. Jelly'

2018-06-10 17:40:16 - [TEST_STEP][PASSED] - delay: Delayed 2 second(s)

2018-06-10 17:40:18 - [MESSAGE][PASSED] - Delayed 2 second(s)

2018-06-10 17:40:18 - [TEST_STEP][PASSED] - Statement - RequestedQty = com.kms.katalon.core.webui.keyword.WebUiBuiltInKeywords.getAttribute(com.kms.katalon.core.testobject.ObjectRepository.findTestObject(lab/Page_Store/input_txttotal), "value"): Attribute 'value' of object 'Object Repository/lab/Page_Store/input_txttotal' is: '10'

2018-06-10 17:40:18 - [MESSAGE][PASSED] - Attribute 'value' of object 'Object Repository/lab/Page_Store/input_txttotal' is: '10'

2018-06-10 17:40:18 - [TEST_STEP][PASSED] - Statement - out.println("Requested QTY : " + RequestedQty): null

2018-06-10 17:40:18 - [TEST_STEP][PASSED] - Statement - BatchNumber = com.kms.katalon.core.webui.keyword.WebUiBuiltInKeywords.getNumberOfTotalOption(com.kms.katalon.core.testobject.ObjectRepository.findTestObject(lab/Page_Store/select_--Select--BA50)): 3 options of object 'Object Repository/lab/Page_Store/select_--Select--BA50' counted

2018-06-10 17:40:18 - [MESSAGE][PASSED] - 3 options of object 'Object Repository/lab/Page_Store/select_--Select--BA50' counted

2018-06-10 17:40:18 - [TEST_STEP][PASSED] - Statement - For ([g = 1, g <= BatchNumber - 1, (g++)]): null

2018-06-10 17:40:18 - [TEST_STEP][PASSED] - selectOptionByIndex: All options with index in [1] are selected on object 'Object Repository/lab/Page_Store/select_--Select--BA50'

2018-06-10 17:40:18 - [MESSAGE][PASSED] - All options with index in [1] are selected on object 'Object Repository/lab/Page_Store/select_--Select--BA50'

2018-06-10 17:40:18 - [TEST_STEP][PASSED] - delay: Delayed 2 second(s)

2018-06-10 17:40:20 - [MESSAGE][PASSED] - Delayed 2 second(s)

2018-06-10 17:40:20 - [TEST_STEP][PASSED] - Statement - Try: null

2018-06-10 17:40:20 - [TEST_STEP][PASSED] - Statement - StockQty = com.kms.katalon.core.webui.keyword.WebUiBuiltInKeywords.getAttribute(com.kms.katalon.core.testobject.ObjectRepository.findTestObject(lab/Page_Store/input_txtprice), "value"): Attribute 'value' of object 'Object Repository/lab/Page_Store/input_txtprice' is: '1500'

2018-06-10 17:40:20 - [MESSAGE][PASSED] - Attribute 'value' of object 'Object Repository/lab/Page_Store/input_txtprice' is: '1500'

2018-06-10 17:40:20 - [TEST_STEP][PASSED] - Statement - out.println("Stock QTY : " + StockQty): null

2018-06-10 17:40:20 - [TEST_STEP][PASSED] - delay: Delayed 1 second(s)

2018-06-10 17:40:21 - [MESSAGE][PASSED] - Delayed 1 second(s)

2018-06-10 17:40:21 - [TEST_STEP][PASSED] - Statement - If (java.lang.Integer.valueOf(StockQty) >= java.lang.Integer.valueOf(RequestedQty)): null

2018-06-10 17:40:21 - [TEST_STEP][PASSED] - setText: Text '10' is set on object 'Object Repository/lab/Page_Store/input_txtqty'

2018-06-10 17:40:21 - [MESSAGE][PASSED] - Text '10' is set on object 'Object Repository/lab/Page_Store/input_txtqty'

2018-06-10 17:40:21 - [TEST_STEP][PASSED] - click: Object: 'Object Repository/lab/Page_Store/button_Add' is clicked on

2018-06-10 17:40:21 - [MESSAGE][PASSED] - Object: 'Object Repository/lab/Page_Store/button_Add' is clicked on

2018-06-10 17:40:21 - [TEST_STEP][PASSED] - Statement - Break: null

2018-06-10 17:40:21 - [TEST_STEP][PASSED] - selectOptionByIndex: All options with index in [18] are selected on object 'Object Repository/lab/Page_Store/select_--Select--E.C.G. Jelly'

2018-06-10 17:40:21 - [MESSAGE][PASSED] - All options with index in [18] are selected on object 'Object Repository/lab/Page_Store/select_--Select--E.C.G. Jelly'

2018-06-10 17:40:21 - [TEST_STEP][PASSED] - delay: Delayed 2 second(s)

2018-06-10 17:40:23 - [MESSAGE][PASSED] - Delayed 2 second(s)

2018-06-10 17:40:23 - [TEST_STEP][PASSED] - Statement - RequestedQty = com.kms.katalon.core.webui.keyword.WebUiBuiltInKeywords.getAttribute(com.kms.katalon.core.testobject.ObjectRepository.findTestObject(lab/Page_Store/input_txttotal), "value"): Attribute 'value' of object 'Object Repository/lab/Page_Store/input_txttotal' is: '10'

2018-06-10 17:40:23 - [MESSAGE][PASSED] - Attribute 'value' of object 'Object Repository/lab/Page_Store/input_txttotal' is: '10'

2018-06-10 17:40:23 - [TEST_STEP][PASSED] - Statement - out.println("Requested QTY : " + RequestedQty): null

2018-06-10 17:40:23 - [TEST_STEP][PASSED] - Statement - BatchNumber = com.kms.katalon.core.webui.keyword.WebUiBuiltInKeywords.getNumberOfTotalOption(com.kms.katalon.core.testobject.ObjectRepository.findTestObject(lab/Page_Store/select_--Select--BA50)): 4 options of object 'Object Repository/lab/Page_Store/select_--Select--BA50' counted

2018-06-10 17:40:23 - [MESSAGE][PASSED] - 4 options of object 'Object Repository/lab/Page_Store/select_--Select--BA50' counted

2018-06-10 17:40:23 - [TEST_STEP][PASSED] - Statement - For ([g = 1, g <= BatchNumber - 1, (g++)]): null

2018-06-10 17:40:23 - [TEST_STEP][PASSED] - selectOptionByIndex: All options with index in [1] are selected on object 'Object Repository/lab/Page_Store/select_--Select--BA50'

2018-06-10 17:40:23 - [MESSAGE][PASSED] - All options with index in [1] are selected on object 'Object Repository/lab/Page_Store/select_--Select--BA50'

2018-06-10 17:40:23 - [TEST_STEP][PASSED] - delay: Delayed 2 second(s)

2018-06-10 17:40:25 - [MESSAGE][PASSED] - Delayed 2 second(s)

2018-06-10 17:40:25 - [TEST_STEP][PASSED] - Statement - Try: null

2018-06-10 17:40:25 - [TEST_STEP][PASSED] - Statement - StockQty = com.kms.katalon.core.webui.keyword.WebUiBuiltInKeywords.getAttribute(com.kms.katalon.core.testobject.ObjectRepository.findTestObject(lab/Page_Store/input_txtprice), "value"): Attribute 'value' of object 'Object Repository/lab/Page_Store/input_txtprice' is: '530'

2018-06-10 17:40:25 - [MESSAGE][PASSED] - Attribute 'value' of object 'Object Repository/lab/Page_Store/input_txtprice' is: '530'

2018-06-10 17:40:25 - [TEST_STEP][PASSED] - Statement - out.println("Stock QTY : " + StockQty): null

2018-06-10 17:40:25 - [TEST_STEP][PASSED] - delay: Delayed 1 second(s)

2018-06-10 17:40:26 - [MESSAGE][PASSED] - Delayed 1 second(s)

2018-06-10 17:40:26 - [TEST_STEP][PASSED] - Statement - If (java.lang.Integer.valueOf(StockQty) >= java.lang.Integer.valueOf(RequestedQty)): null

2018-06-10 17:40:26 - [TEST_STEP][PASSED] - setText: Text '10' is set on object 'Object Repository/lab/Page_Store/input_txtqty'

2018-06-10 17:40:27 - [MESSAGE][PASSED] - Text '10' is set on object 'Object Repository/lab/Page_Store/input_txtqty'

2018-06-10 17:40:27 - [TEST_STEP][PASSED] - click: Object: 'Object Repository/lab/Page_Store/button_Add' is clicked on

2018-06-10 17:40:27 - [MESSAGE][PASSED] - Object: 'Object Repository/lab/Page_Store/button_Add' is clicked on

2018-06-10 17:40:27 - [TEST_STEP][PASSED] - Statement - Break: null

2018-06-10 17:40:27 - [TEST_STEP][PASSED] - scrollToElement: Scroll to object 'Object Repository/lab/Page_Store/input_btnSubmit' successfully

2018-06-10 17:40:27 - [MESSAGE][PASSED] - Scroll to object 'Object Repository/lab/Page_Store/input_btnSubmit' successfully

2018-06-10 17:40:27 - [TEST_STEP][PASSED] - click: Object: 'Object Repository/lab/Page_Store/input_btnSubmit' is clicked on

2018-06-10 17:40:27 - [MESSAGE][PASSED] - Object: 'Object Repository/lab/Page_Store/input_btnSubmit' is clicked on

2018-06-10 17:40:27 - [TEST_STEP][PASSED] - delay: Delayed 3 second(s)

2018-06-10 17:40:30 - [MESSAGE][PASSED] - Delayed 3 second(s)

2018-06-10 17:40:30 - [TEST_STEP][PASSED] - click: Object: 'Object Repository/lab/Page_Store/button_OK' is clicked on

2018-06-10 17:40:31 - [MESSAGE][PASSED] - Object: 'Object Repository/lab/Page_Store/button_OK' is clicked on

2018-06-10 17:40:31 - [TEST_STEP][PASSED] - delay: Delayed 3 second(s)

2018-06-10 17:40:34 - [MESSAGE][PASSED] - Delayed 3 second(s)

2018-06-10 17:40:34 - [TEST_STEP][PASSED] - click: Object: 'Object Repository/lab/Page_Store/a_dropdown-toggle' is clicked on

2018-06-10 17:40:34 - [MESSAGE][PASSED] - Object: 'Object Repository/lab/Page_Store/a_dropdown-toggle' is clicked on

2018-06-10 17:40:34 - [TEST_STEP][PASSED] - click: Object: 'Object Repository/lab/Page_Store/a_Sign out' is clicked on

2018-06-10 17:40:34 - [MESSAGE][PASSED] - Object: 'Object Repository/lab/Page_Store/a_Sign out' is clicked on

2018-06-10 17:40:34 - [TEST_STEP][PASSED] - closeBrowser: Browser is closed

2018-06-10 17:40:35 - [MESSAGE][PASSED] - Browser is closed

2018-06-10 17:40:35 - [TEST_STEP][PASSED] - Statement - out.println("Schedule 10 Investigation Request Are Working Successfully"): null]]></system-out>
         <system-err><![CDATA[]]></system-err>
      </testcase>
      <testcase name="Test Cases/INVESTIGATION TEST CASES/TC_INV_006 Verify Schedule 11 Investigation Request Are Working Successfully Or No" classname="Test Cases/INVESTIGATION TEST CASES/TC_INV_006 Verify Schedule 11 Investigation Request Are Working Successfully Or No" status="FAILED">
         <failure type="FAILED" message="Unable to set text '10' of object 'Object Repository/lab/Page_KDMC/input_txttreat' (Root cause: org.openqa.selenium.WebDriverException: unknown error: cannot focus element
  (Session info: chrome=66.0.3359.181)
  (Driver info: chromedriver=2.35.528161 (5b82f2d2aae0ca24b877009200ced9065a772e73),platform=Windows NT 10.0.17134 x86_64) (WARNING: The server did not provide any stacktrace information)
Command duration or timeout: 0 milliseconds
Build info: version: '3.7.1', revision: '8a0099a', time: '2017-11-06T21:07:36.161Z'
System info: host: 'DESKTOP-BLFTK83', ip: '169.254.189.85', os.name: 'Windows 10', os.arch: 'amd64', os.version: '10.0', java.version: '1.8.0_102'
Driver info: com.kms.katalon.selenium.driver.CChromeDriver
Capabilities {acceptInsecureCerts: false, acceptSslCerts: false, applicationCacheEnabled: false, browserConnectionEnabled: false, browserName: chrome, chrome: {chromedriverVersion: 2.35.528161 (5b82f2d2aae0ca..., userDataDir: C:\Users\QUALIT~1\AppData\L...}, cssSelectorsEnabled: true, databaseEnabled: false, handlesAlerts: true, hasTouchScreen: false, javascriptEnabled: true, locationContextEnabled: true, mobileEmulationEnabled: false, nativeEvents: true, networkConnectionEnabled: false, pageLoadStrategy: normal, platform: XP, platformName: XP, rotatable: false, setWindowRect: true, takesHeapSnapshot: true, takesScreenshot: true, unexpectedAlertBehaviour: , unhandledPromptBehavior: , version: 66.0.3359.181, webStorageEnabled: true}
Session ID: e73b38d5d4a3d5894b11a589656376a0)"/>
         <system-out><![CDATA[2018-06-10 17:40:35 - [TEST_CASE][FAILED] - Test Cases/INVESTIGATION TEST CASES/TC_INV_006 Verify Schedule 11 Investigation Request Are Working Successfully Or No: Test Cases/INVESTIGATION TEST CASES/TC_INV_006 Verify Schedule 11 Investigation Request Are Working Successfully Or No FAILED because (of) Unable to set text '10' of object 'Object Repository/lab/Page_KDMC/input_txttreat' (Root cause: org.openqa.selenium.WebDriverException: unknown error: cannot focus element
  (Session info: chrome=66.0.3359.181)
  (Driver info: chromedriver=2.35.528161 (5b82f2d2aae0ca24b877009200ced9065a772e73),platform=Windows NT 10.0.17134 x86_64) (WARNING: The server did not provide any stacktrace information)
Command duration or timeout: 0 milliseconds
Build info: version: '3.7.1', revision: '8a0099a', time: '2017-11-06T21:07:36.161Z'
System info: host: 'DESKTOP-BLFTK83', ip: '169.254.189.85', os.name: 'Windows 10', os.arch: 'amd64', os.version: '10.0', java.version: '1.8.0_102'
Driver info: com.kms.katalon.selenium.driver.CChromeDriver
Capabilities {acceptInsecureCerts: false, acceptSslCerts: false, applicationCacheEnabled: false, browserConnectionEnabled: false, browserName: chrome, chrome: {chromedriverVersion: 2.35.528161 (5b82f2d2aae0ca..., userDataDir: C:\Users\QUALIT~1\AppData\L...}, cssSelectorsEnabled: true, databaseEnabled: false, handlesAlerts: true, hasTouchScreen: false, javascriptEnabled: true, locationContextEnabled: true, mobileEmulationEnabled: false, nativeEvents: true, networkConnectionEnabled: false, pageLoadStrategy: normal, platform: XP, platformName: XP, rotatable: false, setWindowRect: true, takesHeapSnapshot: true, takesScreenshot: true, unexpectedAlertBehaviour: , unhandledPromptBehavior: , version: 66.0.3359.181, webStorageEnabled: true}
Session ID: e73b38d5d4a3d5894b11a589656376a0)

2018-06-10 17:40:35 - [TEST_STEP][PASSED] - openBrowser: Browser is opened with url: ''

2018-06-10 17:40:37 - [MESSAGE][PASSED] - Browser is opened with url: ''

2018-06-10 17:40:37 - [TEST_STEP][PASSED] - navigateToUrl: Navigate to 'http://192.168.137.1/multihospital_new/' successfully

2018-06-10 17:40:39 - [MESSAGE][PASSED] - Navigate to 'http://192.168.137.1/multihospital_new/' successfully

2018-06-10 17:40:39 - [TEST_STEP][PASSED] - Statement - out.println(" Verify Schedule 11 Investigation Request Are Working Successfully Or Not"): null

2018-06-10 17:40:39 - [TEST_STEP][PASSED] - maximizeWindow: Current window maximized

2018-06-10 17:40:40 - [MESSAGE][PASSED] - Current window maximized

2018-06-10 17:40:40 - [TEST_STEP][PASSED] - click: Object: 'Object Repository/lab/Page_KDMC/a_Investigation' is clicked on

2018-06-10 17:40:41 - [MESSAGE][PASSED] - Object: 'Object Repository/lab/Page_KDMC/a_Investigation' is clicked on

2018-06-10 17:40:41 - [TEST_STEP][PASSED] - setText: Text 'manoj' is set on object 'Object Repository/lab/Page_Investigation login/input_txtusername'

2018-06-10 17:40:41 - [MESSAGE][PASSED] - Text 'manoj' is set on object 'Object Repository/lab/Page_Investigation login/input_txtusername'

2018-06-10 17:40:41 - [TEST_STEP][PASSED] - setText: Text '123' is set on object 'Object Repository/lab/Page_Investigation login/input_txtpassword'

2018-06-10 17:40:41 - [MESSAGE][PASSED] - Text '123' is set on object 'Object Repository/lab/Page_Investigation login/input_txtpassword'

2018-06-10 17:40:41 - [TEST_STEP][PASSED] - delay: Delayed 3 second(s)

2018-06-10 17:40:44 - [MESSAGE][PASSED] - Delayed 3 second(s)

2018-06-10 17:40:44 - [TEST_STEP][PASSED] - click: Object: 'Object Repository/lab/Page_Investigation login/button_Sign in' is clicked on

2018-06-10 17:40:45 - [MESSAGE][PASSED] - Object: 'Object Repository/lab/Page_Investigation login/button_Sign in' is clicked on

2018-06-10 17:40:45 - [TEST_STEP][PASSED] - click: Object: 'Object Repository/lab/Page_KDMC/a_Store Request' is clicked on

2018-06-10 17:40:46 - [MESSAGE][PASSED] - Object: 'Object Repository/lab/Page_KDMC/a_Store Request' is clicked on

2018-06-10 17:40:46 - [TEST_STEP][PASSED] - delay: Delayed 2 second(s)

2018-06-10 17:40:48 - [MESSAGE][PASSED] - Delayed 2 second(s)

2018-06-10 17:40:48 - [TEST_STEP][PASSED] - click: Object: 'Object Repository/lab/Page_KDMC/a_Medicine Request' is clicked on

2018-06-10 17:40:49 - [MESSAGE][PASSED] - Object: 'Object Repository/lab/Page_KDMC/a_Medicine Request' is clicked on

2018-06-10 17:40:49 - [TEST_STEP][PASSED] - selectOptionByIndex: All options with index in [6] are selected on object 'Object Repository/lab/Page_KDMC/select_--Select--Schedule 4X-r'

2018-06-10 17:40:49 - [MESSAGE][PASSED] - All options with index in [6] are selected on object 'Object Repository/lab/Page_KDMC/select_--Select--Schedule 4X-r'

2018-06-10 17:40:49 - [TEST_STEP][PASSED] - Statement - medicineslength = com.kms.katalon.core.webui.keyword.WebUiBuiltInKeywords.getNumberOfTotalOption(com.kms.katalon.core.testobject.ObjectRepository.findTestObject(lab/Page_KDMC/select_--Select--Automatic x-r)): 81 options of object 'Object Repository/lab/Page_KDMC/select_--Select--Automatic x-r' counted

2018-06-10 17:40:49 - [MESSAGE][PASSED] - 81 options of object 'Object Repository/lab/Page_KDMC/select_--Select--Automatic x-r' counted

2018-06-10 17:40:49 - [TEST_STEP][FAILED] - Statement - For ([e = 1, e < medicineslength, (e++)]): Unable to set text '10' of object 'Object Repository/lab/Page_KDMC/input_txttreat' (Root cause: org.openqa.selenium.WebDriverException: unknown error: cannot focus element
  (Session info: chrome=66.0.3359.181)
  (Driver info: chromedriver=2.35.528161 (5b82f2d2aae0ca24b877009200ced9065a772e73),platform=Windows NT 10.0.17134 x86_64) (WARNING: The server did not provide any stacktrace information)
Command duration or timeout: 0 milliseconds
Build info: version: '3.7.1', revision: '8a0099a', time: '2017-11-06T21:07:36.161Z'
System info: host: 'DESKTOP-BLFTK83', ip: '169.254.189.85', os.name: 'Windows 10', os.arch: 'amd64', os.version: '10.0', java.version: '1.8.0_102'
Driver info: com.kms.katalon.selenium.driver.CChromeDriver
Capabilities {acceptInsecureCerts: false, acceptSslCerts: false, applicationCacheEnabled: false, browserConnectionEnabled: false, browserName: chrome, chrome: {chromedriverVersion: 2.35.528161 (5b82f2d2aae0ca..., userDataDir: C:\Users\QUALIT~1\AppData\L...}, cssSelectorsEnabled: true, databaseEnabled: false, handlesAlerts: true, hasTouchScreen: false, javascriptEnabled: true, locationContextEnabled: true, mobileEmulationEnabled: false, nativeEvents: true, networkConnectionEnabled: false, pageLoadStrategy: normal, platform: XP, platformName: XP, rotatable: false, setWindowRect: true, takesHeapSnapshot: true, takesScreenshot: true, unexpectedAlertBehaviour: , unhandledPromptBehavior: , version: 66.0.3359.181, webStorageEnabled: true}
Session ID: e73b38d5d4a3d5894b11a589656376a0)

2018-06-10 17:40:49 - [TEST_STEP][PASSED] - selectOptionByIndex: All options with index in [6] are selected on object 'Object Repository/lab/Page_KDMC/select_--Select--Schedule 4X-r'

2018-06-10 17:40:49 - [MESSAGE][PASSED] - All options with index in [6] are selected on object 'Object Repository/lab/Page_KDMC/select_--Select--Schedule 4X-r'

2018-06-10 17:40:49 - [TEST_STEP][PASSED] - delay: Delayed 1 second(s)

2018-06-10 17:40:50 - [MESSAGE][PASSED] - Delayed 1 second(s)

2018-06-10 17:40:50 - [TEST_STEP][PASSED] - selectOptionByIndex: All options with index in [1] are selected on object 'Object Repository/lab/Page_KDMC/select_--Select--Automatic x-r'

2018-06-10 17:40:51 - [MESSAGE][PASSED] - All options with index in [1] are selected on object 'Object Repository/lab/Page_KDMC/select_--Select--Automatic x-r'

2018-06-10 17:40:51 - [TEST_STEP][PASSED] - delay: Delayed 1 second(s)

2018-06-10 17:40:52 - [MESSAGE][PASSED] - Delayed 1 second(s)

2018-06-10 17:40:52 - [TEST_STEP][PASSED] - setText: Text '10' is set on object 'Object Repository/lab/Page_KDMC/input_txttreat'

2018-06-10 17:40:52 - [MESSAGE][PASSED] - Text '10' is set on object 'Object Repository/lab/Page_KDMC/input_txttreat'

2018-06-10 17:40:52 - [TEST_STEP][PASSED] - click: Object: 'Object Repository/lab/Page_KDMC/button_Add' is clicked on

2018-06-10 17:40:52 - [MESSAGE][PASSED] - Object: 'Object Repository/lab/Page_KDMC/button_Add' is clicked on

2018-06-10 17:40:52 - [TEST_STEP][PASSED] - selectOptionByIndex: All options with index in [6] are selected on object 'Object Repository/lab/Page_KDMC/select_--Select--Schedule 4X-r'

2018-06-10 17:40:52 - [MESSAGE][PASSED] - All options with index in [6] are selected on object 'Object Repository/lab/Page_KDMC/select_--Select--Schedule 4X-r'

2018-06-10 17:40:52 - [TEST_STEP][PASSED] - delay: Delayed 1 second(s)

2018-06-10 17:40:53 - [MESSAGE][PASSED] - Delayed 1 second(s)

2018-06-10 17:40:53 - [TEST_STEP][PASSED] - selectOptionByIndex: All options with index in [2] are selected on object 'Object Repository/lab/Page_KDMC/select_--Select--Automatic x-r'

2018-06-10 17:40:53 - [MESSAGE][PASSED] - All options with index in [2] are selected on object 'Object Repository/lab/Page_KDMC/select_--Select--Automatic x-r'

2018-06-10 17:40:53 - [TEST_STEP][PASSED] - delay: Delayed 1 second(s)

2018-06-10 17:40:54 - [MESSAGE][PASSED] - Delayed 1 second(s)

2018-06-10 17:40:54 - [TEST_STEP][PASSED] - setText: Text '10' is set on object 'Object Repository/lab/Page_KDMC/input_txttreat'

2018-06-10 17:40:54 - [MESSAGE][PASSED] - Text '10' is set on object 'Object Repository/lab/Page_KDMC/input_txttreat'

2018-06-10 17:40:54 - [TEST_STEP][PASSED] - click: Object: 'Object Repository/lab/Page_KDMC/button_Add' is clicked on

2018-06-10 17:40:54 - [MESSAGE][PASSED] - Object: 'Object Repository/lab/Page_KDMC/button_Add' is clicked on

2018-06-10 17:40:54 - [TEST_STEP][PASSED] - selectOptionByIndex: All options with index in [6] are selected on object 'Object Repository/lab/Page_KDMC/select_--Select--Schedule 4X-r'

2018-06-10 17:40:54 - [MESSAGE][PASSED] - All options with index in [6] are selected on object 'Object Repository/lab/Page_KDMC/select_--Select--Schedule 4X-r'

2018-06-10 17:40:54 - [TEST_STEP][PASSED] - delay: Delayed 1 second(s)

2018-06-10 17:40:55 - [MESSAGE][PASSED] - Delayed 1 second(s)

2018-06-10 17:40:55 - [TEST_STEP][PASSED] - selectOptionByIndex: All options with index in [3] are selected on object 'Object Repository/lab/Page_KDMC/select_--Select--Automatic x-r'

2018-06-10 17:40:56 - [MESSAGE][PASSED] - All options with index in [3] are selected on object 'Object Repository/lab/Page_KDMC/select_--Select--Automatic x-r'

2018-06-10 17:40:56 - [TEST_STEP][PASSED] - delay: Delayed 1 second(s)

2018-06-10 17:40:57 - [MESSAGE][PASSED] - Delayed 1 second(s)

2018-06-10 17:40:57 - [TEST_STEP][PASSED] - setText: Text '10' is set on object 'Object Repository/lab/Page_KDMC/input_txttreat'

2018-06-10 17:40:57 - [MESSAGE][PASSED] - Text '10' is set on object 'Object Repository/lab/Page_KDMC/input_txttreat'

2018-06-10 17:40:57 - [TEST_STEP][PASSED] - click: Object: 'Object Repository/lab/Page_KDMC/button_Add' is clicked on

2018-06-10 17:40:57 - [MESSAGE][PASSED] - Object: 'Object Repository/lab/Page_KDMC/button_Add' is clicked on

2018-06-10 17:40:57 - [TEST_STEP][PASSED] - selectOptionByIndex: All options with index in [6] are selected on object 'Object Repository/lab/Page_KDMC/select_--Select--Schedule 4X-r'

2018-06-10 17:40:57 - [MESSAGE][PASSED] - All options with index in [6] are selected on object 'Object Repository/lab/Page_KDMC/select_--Select--Schedule 4X-r'

2018-06-10 17:40:57 - [TEST_STEP][PASSED] - delay: Delayed 1 second(s)

2018-06-10 17:40:58 - [MESSAGE][PASSED] - Delayed 1 second(s)

2018-06-10 17:40:58 - [TEST_STEP][PASSED] - selectOptionByIndex: All options with index in [4] are selected on object 'Object Repository/lab/Page_KDMC/select_--Select--Automatic x-r'

2018-06-10 17:40:58 - [MESSAGE][PASSED] - All options with index in [4] are selected on object 'Object Repository/lab/Page_KDMC/select_--Select--Automatic x-r'

2018-06-10 17:40:58 - [TEST_STEP][PASSED] - delay: Delayed 1 second(s)

2018-06-10 17:40:59 - [MESSAGE][PASSED] - Delayed 1 second(s)

2018-06-10 17:40:59 - [TEST_STEP][PASSED] - setText: Text '10' is set on object 'Object Repository/lab/Page_KDMC/input_txttreat'

2018-06-10 17:40:59 - [MESSAGE][PASSED] - Text '10' is set on object 'Object Repository/lab/Page_KDMC/input_txttreat'

2018-06-10 17:40:59 - [TEST_STEP][PASSED] - click: Object: 'Object Repository/lab/Page_KDMC/button_Add' is clicked on

2018-06-10 17:40:59 - [MESSAGE][PASSED] - Object: 'Object Repository/lab/Page_KDMC/button_Add' is clicked on

2018-06-10 17:40:59 - [TEST_STEP][PASSED] - selectOptionByIndex: All options with index in [6] are selected on object 'Object Repository/lab/Page_KDMC/select_--Select--Schedule 4X-r'

2018-06-10 17:40:59 - [MESSAGE][PASSED] - All options with index in [6] are selected on object 'Object Repository/lab/Page_KDMC/select_--Select--Schedule 4X-r'

2018-06-10 17:40:59 - [TEST_STEP][PASSED] - delay: Delayed 1 second(s)

2018-06-10 17:41:00 - [MESSAGE][PASSED] - Delayed 1 second(s)

2018-06-10 17:41:00 - [TEST_STEP][PASSED] - selectOptionByIndex: All options with index in [5] are selected on object 'Object Repository/lab/Page_KDMC/select_--Select--Automatic x-r'

2018-06-10 17:41:00 - [MESSAGE][PASSED] - All options with index in [5] are selected on object 'Object Repository/lab/Page_KDMC/select_--Select--Automatic x-r'

2018-06-10 17:41:00 - [TEST_STEP][PASSED] - delay: Delayed 1 second(s)

2018-06-10 17:41:01 - [MESSAGE][PASSED] - Delayed 1 second(s)

2018-06-10 17:41:01 - [TEST_STEP][PASSED] - setText: Text '10' is set on object 'Object Repository/lab/Page_KDMC/input_txttreat'

2018-06-10 17:41:02 - [MESSAGE][PASSED] - Text '10' is set on object 'Object Repository/lab/Page_KDMC/input_txttreat'

2018-06-10 17:41:02 - [TEST_STEP][PASSED] - click: Object: 'Object Repository/lab/Page_KDMC/button_Add' is clicked on

2018-06-10 17:41:02 - [MESSAGE][PASSED] - Object: 'Object Repository/lab/Page_KDMC/button_Add' is clicked on

2018-06-10 17:41:02 - [TEST_STEP][PASSED] - selectOptionByIndex: All options with index in [6] are selected on object 'Object Repository/lab/Page_KDMC/select_--Select--Schedule 4X-r'

2018-06-10 17:41:02 - [MESSAGE][PASSED] - All options with index in [6] are selected on object 'Object Repository/lab/Page_KDMC/select_--Select--Schedule 4X-r'

2018-06-10 17:41:02 - [TEST_STEP][PASSED] - delay: Delayed 1 second(s)

2018-06-10 17:41:03 - [MESSAGE][PASSED] - Delayed 1 second(s)

2018-06-10 17:41:03 - [TEST_STEP][PASSED] - selectOptionByIndex: All options with index in [6] are selected on object 'Object Repository/lab/Page_KDMC/select_--Select--Automatic x-r'

2018-06-10 17:41:03 - [MESSAGE][PASSED] - All options with index in [6] are selected on object 'Object Repository/lab/Page_KDMC/select_--Select--Automatic x-r'

2018-06-10 17:41:03 - [TEST_STEP][PASSED] - delay: Delayed 1 second(s)

2018-06-10 17:41:04 - [MESSAGE][PASSED] - Delayed 1 second(s)

2018-06-10 17:41:04 - [TEST_STEP][PASSED] - setText: Text '10' is set on object 'Object Repository/lab/Page_KDMC/input_txttreat'

2018-06-10 17:41:04 - [MESSAGE][PASSED] - Text '10' is set on object 'Object Repository/lab/Page_KDMC/input_txttreat'

2018-06-10 17:41:04 - [TEST_STEP][PASSED] - click: Object: 'Object Repository/lab/Page_KDMC/button_Add' is clicked on

2018-06-10 17:41:04 - [MESSAGE][PASSED] - Object: 'Object Repository/lab/Page_KDMC/button_Add' is clicked on

2018-06-10 17:41:04 - [TEST_STEP][PASSED] - selectOptionByIndex: All options with index in [6] are selected on object 'Object Repository/lab/Page_KDMC/select_--Select--Schedule 4X-r'

2018-06-10 17:41:04 - [MESSAGE][PASSED] - All options with index in [6] are selected on object 'Object Repository/lab/Page_KDMC/select_--Select--Schedule 4X-r'

2018-06-10 17:41:04 - [TEST_STEP][PASSED] - delay: Delayed 1 second(s)

2018-06-10 17:41:05 - [MESSAGE][PASSED] - Delayed 1 second(s)

2018-06-10 17:41:05 - [TEST_STEP][PASSED] - selectOptionByIndex: All options with index in [7] are selected on object 'Object Repository/lab/Page_KDMC/select_--Select--Automatic x-r'

2018-06-10 17:41:06 - [MESSAGE][PASSED] - All options with index in [7] are selected on object 'Object Repository/lab/Page_KDMC/select_--Select--Automatic x-r'

2018-06-10 17:41:06 - [TEST_STEP][PASSED] - delay: Delayed 1 second(s)

2018-06-10 17:41:07 - [MESSAGE][PASSED] - Delayed 1 second(s)

2018-06-10 17:41:07 - [TEST_STEP][PASSED] - setText: Text '10' is set on object 'Object Repository/lab/Page_KDMC/input_txttreat'

2018-06-10 17:41:07 - [MESSAGE][PASSED] - Text '10' is set on object 'Object Repository/lab/Page_KDMC/input_txttreat'

2018-06-10 17:41:07 - [TEST_STEP][PASSED] - click: Object: 'Object Repository/lab/Page_KDMC/button_Add' is clicked on

2018-06-10 17:41:07 - [MESSAGE][PASSED] - Object: 'Object Repository/lab/Page_KDMC/button_Add' is clicked on

2018-06-10 17:41:07 - [TEST_STEP][PASSED] - selectOptionByIndex: All options with index in [6] are selected on object 'Object Repository/lab/Page_KDMC/select_--Select--Schedule 4X-r'

2018-06-10 17:41:07 - [MESSAGE][PASSED] - All options with index in [6] are selected on object 'Object Repository/lab/Page_KDMC/select_--Select--Schedule 4X-r'

2018-06-10 17:41:07 - [TEST_STEP][PASSED] - delay: Delayed 1 second(s)

2018-06-10 17:41:08 - [MESSAGE][PASSED] - Delayed 1 second(s)

2018-06-10 17:41:08 - [TEST_STEP][PASSED] - selectOptionByIndex: All options with index in [8] are selected on object 'Object Repository/lab/Page_KDMC/select_--Select--Automatic x-r'

2018-06-10 17:41:08 - [MESSAGE][PASSED] - All options with index in [8] are selected on object 'Object Repository/lab/Page_KDMC/select_--Select--Automatic x-r'

2018-06-10 17:41:08 - [TEST_STEP][PASSED] - delay: Delayed 1 second(s)

2018-06-10 17:41:09 - [MESSAGE][PASSED] - Delayed 1 second(s)

2018-06-10 17:41:09 - [TEST_STEP][PASSED] - setText: Text '10' is set on object 'Object Repository/lab/Page_KDMC/input_txttreat'

2018-06-10 17:41:09 - [MESSAGE][PASSED] - Text '10' is set on object 'Object Repository/lab/Page_KDMC/input_txttreat'

2018-06-10 17:41:09 - [TEST_STEP][PASSED] - click: Object: 'Object Repository/lab/Page_KDMC/button_Add' is clicked on

2018-06-10 17:41:09 - [MESSAGE][PASSED] - Object: 'Object Repository/lab/Page_KDMC/button_Add' is clicked on

2018-06-10 17:41:09 - [TEST_STEP][PASSED] - selectOptionByIndex: All options with index in [6] are selected on object 'Object Repository/lab/Page_KDMC/select_--Select--Schedule 4X-r'

2018-06-10 17:41:09 - [MESSAGE][PASSED] - All options with index in [6] are selected on object 'Object Repository/lab/Page_KDMC/select_--Select--Schedule 4X-r'

2018-06-10 17:41:09 - [TEST_STEP][PASSED] - delay: Delayed 1 second(s)

2018-06-10 17:41:10 - [MESSAGE][PASSED] - Delayed 1 second(s)

2018-06-10 17:41:10 - [TEST_STEP][PASSED] - selectOptionByIndex: All options with index in [9] are selected on object 'Object Repository/lab/Page_KDMC/select_--Select--Automatic x-r'

2018-06-10 17:41:11 - [MESSAGE][PASSED] - All options with index in [9] are selected on object 'Object Repository/lab/Page_KDMC/select_--Select--Automatic x-r'

2018-06-10 17:41:11 - [TEST_STEP][PASSED] - delay: Delayed 1 second(s)

2018-06-10 17:41:12 - [MESSAGE][PASSED] - Delayed 1 second(s)

2018-06-10 17:41:12 - [TEST_STEP][PASSED] - setText: Text '10' is set on object 'Object Repository/lab/Page_KDMC/input_txttreat'

2018-06-10 17:41:12 - [MESSAGE][PASSED] - Text '10' is set on object 'Object Repository/lab/Page_KDMC/input_txttreat'

2018-06-10 17:41:12 - [TEST_STEP][PASSED] - click: Object: 'Object Repository/lab/Page_KDMC/button_Add' is clicked on

2018-06-10 17:41:12 - [MESSAGE][PASSED] - Object: 'Object Repository/lab/Page_KDMC/button_Add' is clicked on

2018-06-10 17:41:12 - [TEST_STEP][PASSED] - selectOptionByIndex: All options with index in [6] are selected on object 'Object Repository/lab/Page_KDMC/select_--Select--Schedule 4X-r'

2018-06-10 17:41:12 - [MESSAGE][PASSED] - All options with index in [6] are selected on object 'Object Repository/lab/Page_KDMC/select_--Select--Schedule 4X-r'

2018-06-10 17:41:12 - [TEST_STEP][PASSED] - delay: Delayed 1 second(s)

2018-06-10 17:41:13 - [MESSAGE][PASSED] - Delayed 1 second(s)

2018-06-10 17:41:13 - [TEST_STEP][PASSED] - selectOptionByIndex: All options with index in [10] are selected on object 'Object Repository/lab/Page_KDMC/select_--Select--Automatic x-r'

2018-06-10 17:41:13 - [MESSAGE][PASSED] - All options with index in [10] are selected on object 'Object Repository/lab/Page_KDMC/select_--Select--Automatic x-r'

2018-06-10 17:41:13 - [TEST_STEP][PASSED] - delay: Delayed 1 second(s)

2018-06-10 17:41:14 - [MESSAGE][PASSED] - Delayed 1 second(s)

2018-06-10 17:41:14 - [TEST_STEP][PASSED] - setText: Text '10' is set on object 'Object Repository/lab/Page_KDMC/input_txttreat'

2018-06-10 17:41:14 - [MESSAGE][PASSED] - Text '10' is set on object 'Object Repository/lab/Page_KDMC/input_txttreat'

2018-06-10 17:41:14 - [TEST_STEP][PASSED] - click: Object: 'Object Repository/lab/Page_KDMC/button_Add' is clicked on

2018-06-10 17:41:14 - [MESSAGE][PASSED] - Object: 'Object Repository/lab/Page_KDMC/button_Add' is clicked on

2018-06-10 17:41:14 - [TEST_STEP][PASSED] - selectOptionByIndex: All options with index in [6] are selected on object 'Object Repository/lab/Page_KDMC/select_--Select--Schedule 4X-r'

2018-06-10 17:41:14 - [MESSAGE][PASSED] - All options with index in [6] are selected on object 'Object Repository/lab/Page_KDMC/select_--Select--Schedule 4X-r'

2018-06-10 17:41:14 - [TEST_STEP][PASSED] - delay: Delayed 1 second(s)

2018-06-10 17:41:15 - [MESSAGE][PASSED] - Delayed 1 second(s)

2018-06-10 17:41:15 - [TEST_STEP][PASSED] - selectOptionByIndex: All options with index in [11] are selected on object 'Object Repository/lab/Page_KDMC/select_--Select--Automatic x-r'

2018-06-10 17:41:16 - [MESSAGE][PASSED] - All options with index in [11] are selected on object 'Object Repository/lab/Page_KDMC/select_--Select--Automatic x-r'

2018-06-10 17:41:16 - [TEST_STEP][PASSED] - delay: Delayed 1 second(s)

2018-06-10 17:41:17 - [MESSAGE][PASSED] - Delayed 1 second(s)

2018-06-10 17:41:17 - [TEST_STEP][PASSED] - setText: Text '10' is set on object 'Object Repository/lab/Page_KDMC/input_txttreat'

2018-06-10 17:41:17 - [MESSAGE][PASSED] - Text '10' is set on object 'Object Repository/lab/Page_KDMC/input_txttreat'

2018-06-10 17:41:17 - [TEST_STEP][PASSED] - click: Object: 'Object Repository/lab/Page_KDMC/button_Add' is clicked on

2018-06-10 17:41:17 - [MESSAGE][PASSED] - Object: 'Object Repository/lab/Page_KDMC/button_Add' is clicked on

2018-06-10 17:41:17 - [TEST_STEP][PASSED] - selectOptionByIndex: All options with index in [6] are selected on object 'Object Repository/lab/Page_KDMC/select_--Select--Schedule 4X-r'

2018-06-10 17:41:17 - [MESSAGE][PASSED] - All options with index in [6] are selected on object 'Object Repository/lab/Page_KDMC/select_--Select--Schedule 4X-r'

2018-06-10 17:41:17 - [TEST_STEP][PASSED] - delay: Delayed 1 second(s)

2018-06-10 17:41:18 - [MESSAGE][PASSED] - Delayed 1 second(s)

2018-06-10 17:41:18 - [TEST_STEP][PASSED] - selectOptionByIndex: All options with index in [12] are selected on object 'Object Repository/lab/Page_KDMC/select_--Select--Automatic x-r'

2018-06-10 17:41:18 - [MESSAGE][PASSED] - All options with index in [12] are selected on object 'Object Repository/lab/Page_KDMC/select_--Select--Automatic x-r'

2018-06-10 17:41:18 - [TEST_STEP][PASSED] - delay: Delayed 1 second(s)

2018-06-10 17:41:19 - [MESSAGE][PASSED] - Delayed 1 second(s)

2018-06-10 17:41:19 - [TEST_STEP][PASSED] - setText: Text '10' is set on object 'Object Repository/lab/Page_KDMC/input_txttreat'

2018-06-10 17:41:19 - [MESSAGE][PASSED] - Text '10' is set on object 'Object Repository/lab/Page_KDMC/input_txttreat'

2018-06-10 17:41:19 - [TEST_STEP][PASSED] - click: Object: 'Object Repository/lab/Page_KDMC/button_Add' is clicked on

2018-06-10 17:41:19 - [MESSAGE][PASSED] - Object: 'Object Repository/lab/Page_KDMC/button_Add' is clicked on

2018-06-10 17:41:19 - [TEST_STEP][PASSED] - selectOptionByIndex: All options with index in [6] are selected on object 'Object Repository/lab/Page_KDMC/select_--Select--Schedule 4X-r'

2018-06-10 17:41:20 - [MESSAGE][PASSED] - All options with index in [6] are selected on object 'Object Repository/lab/Page_KDMC/select_--Select--Schedule 4X-r'

2018-06-10 17:41:20 - [TEST_STEP][PASSED] - delay: Delayed 1 second(s)

2018-06-10 17:41:21 - [MESSAGE][PASSED] - Delayed 1 second(s)

2018-06-10 17:41:21 - [TEST_STEP][PASSED] - selectOptionByIndex: All options with index in [13] are selected on object 'Object Repository/lab/Page_KDMC/select_--Select--Automatic x-r'

2018-06-10 17:41:21 - [MESSAGE][PASSED] - All options with index in [13] are selected on object 'Object Repository/lab/Page_KDMC/select_--Select--Automatic x-r'

2018-06-10 17:41:21 - [TEST_STEP][PASSED] - delay: Delayed 1 second(s)

2018-06-10 17:41:22 - [MESSAGE][PASSED] - Delayed 1 second(s)

2018-06-10 17:41:22 - [TEST_STEP][PASSED] - setText: Text '10' is set on object 'Object Repository/lab/Page_KDMC/input_txttreat'

2018-06-10 17:41:22 - [MESSAGE][PASSED] - Text '10' is set on object 'Object Repository/lab/Page_KDMC/input_txttreat'

2018-06-10 17:41:22 - [TEST_STEP][PASSED] - click: Object: 'Object Repository/lab/Page_KDMC/button_Add' is clicked on

2018-06-10 17:41:22 - [MESSAGE][PASSED] - Object: 'Object Repository/lab/Page_KDMC/button_Add' is clicked on

2018-06-10 17:41:22 - [TEST_STEP][PASSED] - selectOptionByIndex: All options with index in [6] are selected on object 'Object Repository/lab/Page_KDMC/select_--Select--Schedule 4X-r'

2018-06-10 17:41:22 - [MESSAGE][PASSED] - All options with index in [6] are selected on object 'Object Repository/lab/Page_KDMC/select_--Select--Schedule 4X-r'

2018-06-10 17:41:22 - [TEST_STEP][PASSED] - delay: Delayed 1 second(s)

2018-06-10 17:41:23 - [MESSAGE][PASSED] - Delayed 1 second(s)

2018-06-10 17:41:23 - [TEST_STEP][PASSED] - selectOptionByIndex: All options with index in [14] are selected on object 'Object Repository/lab/Page_KDMC/select_--Select--Automatic x-r'

2018-06-10 17:41:23 - [MESSAGE][PASSED] - All options with index in [14] are selected on object 'Object Repository/lab/Page_KDMC/select_--Select--Automatic x-r'

2018-06-10 17:41:23 - [TEST_STEP][PASSED] - delay: Delayed 1 second(s)

2018-06-10 17:41:24 - [MESSAGE][PASSED] - Delayed 1 second(s)

2018-06-10 17:41:24 - [TEST_STEP][PASSED] - setText: Text '10' is set on object 'Object Repository/lab/Page_KDMC/input_txttreat'

2018-06-10 17:41:24 - [MESSAGE][PASSED] - Text '10' is set on object 'Object Repository/lab/Page_KDMC/input_txttreat'

2018-06-10 17:41:24 - [TEST_STEP][PASSED] - click: Object: 'Object Repository/lab/Page_KDMC/button_Add' is clicked on

2018-06-10 17:41:25 - [MESSAGE][PASSED] - Object: 'Object Repository/lab/Page_KDMC/button_Add' is clicked on

2018-06-10 17:41:25 - [TEST_STEP][PASSED] - selectOptionByIndex: All options with index in [6] are selected on object 'Object Repository/lab/Page_KDMC/select_--Select--Schedule 4X-r'

2018-06-10 17:41:25 - [MESSAGE][PASSED] - All options with index in [6] are selected on object 'Object Repository/lab/Page_KDMC/select_--Select--Schedule 4X-r'

2018-06-10 17:41:25 - [TEST_STEP][PASSED] - delay: Delayed 1 second(s)

2018-06-10 17:41:26 - [MESSAGE][PASSED] - Delayed 1 second(s)

2018-06-10 17:41:26 - [TEST_STEP][PASSED] - selectOptionByIndex: All options with index in [15] are selected on object 'Object Repository/lab/Page_KDMC/select_--Select--Automatic x-r'

2018-06-10 17:41:26 - [MESSAGE][PASSED] - All options with index in [15] are selected on object 'Object Repository/lab/Page_KDMC/select_--Select--Automatic x-r'

2018-06-10 17:41:26 - [TEST_STEP][PASSED] - delay: Delayed 1 second(s)

2018-06-10 17:41:27 - [MESSAGE][PASSED] - Delayed 1 second(s)

2018-06-10 17:41:27 - [TEST_STEP][PASSED] - setText: Text '10' is set on object 'Object Repository/lab/Page_KDMC/input_txttreat'

2018-06-10 17:41:27 - [MESSAGE][PASSED] - Text '10' is set on object 'Object Repository/lab/Page_KDMC/input_txttreat'

2018-06-10 17:41:27 - [TEST_STEP][PASSED] - click: Object: 'Object Repository/lab/Page_KDMC/button_Add' is clicked on

2018-06-10 17:41:27 - [MESSAGE][PASSED] - Object: 'Object Repository/lab/Page_KDMC/button_Add' is clicked on

2018-06-10 17:41:27 - [TEST_STEP][PASSED] - selectOptionByIndex: All options with index in [6] are selected on object 'Object Repository/lab/Page_KDMC/select_--Select--Schedule 4X-r'

2018-06-10 17:41:27 - [MESSAGE][PASSED] - All options with index in [6] are selected on object 'Object Repository/lab/Page_KDMC/select_--Select--Schedule 4X-r'

2018-06-10 17:41:27 - [TEST_STEP][PASSED] - delay: Delayed 1 second(s)

2018-06-10 17:41:28 - [MESSAGE][PASSED] - Delayed 1 second(s)

2018-06-10 17:41:28 - [TEST_STEP][PASSED] - selectOptionByIndex: All options with index in [16] are selected on object 'Object Repository/lab/Page_KDMC/select_--Select--Automatic x-r'

2018-06-10 17:41:29 - [MESSAGE][PASSED] - All options with index in [16] are selected on object 'Object Repository/lab/Page_KDMC/select_--Select--Automatic x-r'

2018-06-10 17:41:29 - [TEST_STEP][PASSED] - delay: Delayed 1 second(s)

2018-06-10 17:41:30 - [MESSAGE][PASSED] - Delayed 1 second(s)

2018-06-10 17:41:30 - [TEST_STEP][PASSED] - setText: Text '10' is set on object 'Object Repository/lab/Page_KDMC/input_txttreat'

2018-06-10 17:41:30 - [MESSAGE][PASSED] - Text '10' is set on object 'Object Repository/lab/Page_KDMC/input_txttreat'

2018-06-10 17:41:30 - [TEST_STEP][PASSED] - click: Object: 'Object Repository/lab/Page_KDMC/button_Add' is clicked on

2018-06-10 17:41:30 - [MESSAGE][PASSED] - Object: 'Object Repository/lab/Page_KDMC/button_Add' is clicked on

2018-06-10 17:41:30 - [TEST_STEP][PASSED] - selectOptionByIndex: All options with index in [6] are selected on object 'Object Repository/lab/Page_KDMC/select_--Select--Schedule 4X-r'

2018-06-10 17:41:30 - [MESSAGE][PASSED] - All options with index in [6] are selected on object 'Object Repository/lab/Page_KDMC/select_--Select--Schedule 4X-r'

2018-06-10 17:41:30 - [TEST_STEP][PASSED] - delay: Delayed 1 second(s)

2018-06-10 17:41:31 - [MESSAGE][PASSED] - Delayed 1 second(s)

2018-06-10 17:41:31 - [TEST_STEP][PASSED] - selectOptionByIndex: All options with index in [17] are selected on object 'Object Repository/lab/Page_KDMC/select_--Select--Automatic x-r'

2018-06-10 17:41:31 - [MESSAGE][PASSED] - All options with index in [17] are selected on object 'Object Repository/lab/Page_KDMC/select_--Select--Automatic x-r'

2018-06-10 17:41:31 - [TEST_STEP][PASSED] - delay: Delayed 1 second(s)

2018-06-10 17:41:32 - [MESSAGE][PASSED] - Delayed 1 second(s)

2018-06-10 17:41:32 - [TEST_STEP][PASSED] - setText: Text '10' is set on object 'Object Repository/lab/Page_KDMC/input_txttreat'

2018-06-10 17:41:32 - [MESSAGE][PASSED] - Text '10' is set on object 'Object Repository/lab/Page_KDMC/input_txttreat'

2018-06-10 17:41:32 - [TEST_STEP][PASSED] - click: Object: 'Object Repository/lab/Page_KDMC/button_Add' is clicked on

2018-06-10 17:41:32 - [MESSAGE][PASSED] - Object: 'Object Repository/lab/Page_KDMC/button_Add' is clicked on

2018-06-10 17:41:32 - [TEST_STEP][PASSED] - selectOptionByIndex: All options with index in [6] are selected on object 'Object Repository/lab/Page_KDMC/select_--Select--Schedule 4X-r'

2018-06-10 17:41:32 - [MESSAGE][PASSED] - All options with index in [6] are selected on object 'Object Repository/lab/Page_KDMC/select_--Select--Schedule 4X-r'

2018-06-10 17:41:32 - [TEST_STEP][PASSED] - delay: Delayed 1 second(s)

2018-06-10 17:41:33 - [MESSAGE][PASSED] - Delayed 1 second(s)

2018-06-10 17:41:33 - [TEST_STEP][PASSED] - selectOptionByIndex: All options with index in [18] are selected on object 'Object Repository/lab/Page_KDMC/select_--Select--Automatic x-r'

2018-06-10 17:41:34 - [MESSAGE][PASSED] - All options with index in [18] are selected on object 'Object Repository/lab/Page_KDMC/select_--Select--Automatic x-r'

2018-06-10 17:41:34 - [TEST_STEP][PASSED] - delay: Delayed 1 second(s)

2018-06-10 17:41:35 - [MESSAGE][PASSED] - Delayed 1 second(s)

2018-06-10 17:41:35 - [TEST_STEP][PASSED] - setText: Text '10' is set on object 'Object Repository/lab/Page_KDMC/input_txttreat'

2018-06-10 17:41:35 - [MESSAGE][PASSED] - Text '10' is set on object 'Object Repository/lab/Page_KDMC/input_txttreat'

2018-06-10 17:41:35 - [TEST_STEP][PASSED] - click: Object: 'Object Repository/lab/Page_KDMC/button_Add' is clicked on

2018-06-10 17:41:35 - [MESSAGE][PASSED] - Object: 'Object Repository/lab/Page_KDMC/button_Add' is clicked on

2018-06-10 17:41:35 - [TEST_STEP][PASSED] - selectOptionByIndex: All options with index in [6] are selected on object 'Object Repository/lab/Page_KDMC/select_--Select--Schedule 4X-r'

2018-06-10 17:41:35 - [MESSAGE][PASSED] - All options with index in [6] are selected on object 'Object Repository/lab/Page_KDMC/select_--Select--Schedule 4X-r'

2018-06-10 17:41:35 - [TEST_STEP][PASSED] - delay: Delayed 1 second(s)

2018-06-10 17:41:36 - [MESSAGE][PASSED] - Delayed 1 second(s)

2018-06-10 17:41:36 - [TEST_STEP][PASSED] - selectOptionByIndex: All options with index in [19] are selected on object 'Object Repository/lab/Page_KDMC/select_--Select--Automatic x-r'

2018-06-10 17:41:36 - [MESSAGE][PASSED] - All options with index in [19] are selected on object 'Object Repository/lab/Page_KDMC/select_--Select--Automatic x-r'

2018-06-10 17:41:36 - [TEST_STEP][PASSED] - delay: Delayed 1 second(s)

2018-06-10 17:41:37 - [MESSAGE][PASSED] - Delayed 1 second(s)

2018-06-10 17:41:37 - [TEST_STEP][PASSED] - setText: Text '10' is set on object 'Object Repository/lab/Page_KDMC/input_txttreat'

2018-06-10 17:41:37 - [MESSAGE][PASSED] - Text '10' is set on object 'Object Repository/lab/Page_KDMC/input_txttreat'

2018-06-10 17:41:37 - [TEST_STEP][PASSED] - click: Object: 'Object Repository/lab/Page_KDMC/button_Add' is clicked on

2018-06-10 17:41:38 - [MESSAGE][PASSED] - Object: 'Object Repository/lab/Page_KDMC/button_Add' is clicked on

2018-06-10 17:41:38 - [TEST_STEP][PASSED] - selectOptionByIndex: All options with index in [6] are selected on object 'Object Repository/lab/Page_KDMC/select_--Select--Schedule 4X-r'

2018-06-10 17:41:38 - [MESSAGE][PASSED] - All options with index in [6] are selected on object 'Object Repository/lab/Page_KDMC/select_--Select--Schedule 4X-r'

2018-06-10 17:41:38 - [TEST_STEP][PASSED] - delay: Delayed 1 second(s)

2018-06-10 17:41:39 - [MESSAGE][PASSED] - Delayed 1 second(s)

2018-06-10 17:41:39 - [TEST_STEP][PASSED] - selectOptionByIndex: All options with index in [20] are selected on object 'Object Repository/lab/Page_KDMC/select_--Select--Automatic x-r'

2018-06-10 17:41:39 - [MESSAGE][PASSED] - All options with index in [20] are selected on object 'Object Repository/lab/Page_KDMC/select_--Select--Automatic x-r'

2018-06-10 17:41:39 - [TEST_STEP][PASSED] - delay: Delayed 1 second(s)

2018-06-10 17:41:40 - [MESSAGE][PASSED] - Delayed 1 second(s)

2018-06-10 17:41:40 - [TEST_STEP][PASSED] - setText: Text '10' is set on object 'Object Repository/lab/Page_KDMC/input_txttreat'

2018-06-10 17:41:40 - [MESSAGE][PASSED] - Text '10' is set on object 'Object Repository/lab/Page_KDMC/input_txttreat'

2018-06-10 17:41:40 - [TEST_STEP][PASSED] - click: Object: 'Object Repository/lab/Page_KDMC/button_Add' is clicked on

2018-06-10 17:41:40 - [MESSAGE][PASSED] - Object: 'Object Repository/lab/Page_KDMC/button_Add' is clicked on

2018-06-10 17:41:40 - [TEST_STEP][PASSED] - selectOptionByIndex: All options with index in [6] are selected on object 'Object Repository/lab/Page_KDMC/select_--Select--Schedule 4X-r'

2018-06-10 17:41:40 - [MESSAGE][PASSED] - All options with index in [6] are selected on object 'Object Repository/lab/Page_KDMC/select_--Select--Schedule 4X-r'

2018-06-10 17:41:40 - [TEST_STEP][PASSED] - delay: Delayed 1 second(s)

2018-06-10 17:41:41 - [MESSAGE][PASSED] - Delayed 1 second(s)

2018-06-10 17:41:41 - [TEST_STEP][PASSED] - selectOptionByIndex: All options with index in [21] are selected on object 'Object Repository/lab/Page_KDMC/select_--Select--Automatic x-r'

2018-06-10 17:41:42 - [MESSAGE][PASSED] - All options with index in [21] are selected on object 'Object Repository/lab/Page_KDMC/select_--Select--Automatic x-r'

2018-06-10 17:41:42 - [TEST_STEP][PASSED] - delay: Delayed 1 second(s)

2018-06-10 17:41:43 - [MESSAGE][PASSED] - Delayed 1 second(s)

2018-06-10 17:41:43 - [TEST_STEP][PASSED] - setText: Text '10' is set on object 'Object Repository/lab/Page_KDMC/input_txttreat'

2018-06-10 17:41:43 - [MESSAGE][PASSED] - Text '10' is set on object 'Object Repository/lab/Page_KDMC/input_txttreat'

2018-06-10 17:41:43 - [TEST_STEP][PASSED] - click: Object: 'Object Repository/lab/Page_KDMC/button_Add' is clicked on

2018-06-10 17:41:43 - [MESSAGE][PASSED] - Object: 'Object Repository/lab/Page_KDMC/button_Add' is clicked on

2018-06-10 17:41:43 - [TEST_STEP][PASSED] - selectOptionByIndex: All options with index in [6] are selected on object 'Object Repository/lab/Page_KDMC/select_--Select--Schedule 4X-r'

2018-06-10 17:41:43 - [MESSAGE][PASSED] - All options with index in [6] are selected on object 'Object Repository/lab/Page_KDMC/select_--Select--Schedule 4X-r'

2018-06-10 17:41:43 - [TEST_STEP][PASSED] - delay: Delayed 1 second(s)

2018-06-10 17:41:44 - [MESSAGE][PASSED] - Delayed 1 second(s)

2018-06-10 17:41:44 - [TEST_STEP][PASSED] - selectOptionByIndex: All options with index in [22] are selected on object 'Object Repository/lab/Page_KDMC/select_--Select--Automatic x-r'

2018-06-10 17:41:44 - [MESSAGE][PASSED] - All options with index in [22] are selected on object 'Object Repository/lab/Page_KDMC/select_--Select--Automatic x-r'

2018-06-10 17:41:44 - [TEST_STEP][PASSED] - delay: Delayed 1 second(s)

2018-06-10 17:41:45 - [MESSAGE][PASSED] - Delayed 1 second(s)

2018-06-10 17:41:45 - [TEST_STEP][PASSED] - setText: Text '10' is set on object 'Object Repository/lab/Page_KDMC/input_txttreat'

2018-06-10 17:41:45 - [MESSAGE][PASSED] - Text '10' is set on object 'Object Repository/lab/Page_KDMC/input_txttreat'

2018-06-10 17:41:45 - [TEST_STEP][PASSED] - click: Object: 'Object Repository/lab/Page_KDMC/button_Add' is clicked on

2018-06-10 17:41:46 - [MESSAGE][PASSED] - Object: 'Object Repository/lab/Page_KDMC/button_Add' is clicked on

2018-06-10 17:41:46 - [TEST_STEP][PASSED] - selectOptionByIndex: All options with index in [6] are selected on object 'Object Repository/lab/Page_KDMC/select_--Select--Schedule 4X-r'

2018-06-10 17:41:46 - [MESSAGE][PASSED] - All options with index in [6] are selected on object 'Object Repository/lab/Page_KDMC/select_--Select--Schedule 4X-r'

2018-06-10 17:41:46 - [TEST_STEP][PASSED] - delay: Delayed 1 second(s)

2018-06-10 17:41:47 - [MESSAGE][PASSED] - Delayed 1 second(s)

2018-06-10 17:41:47 - [TEST_STEP][PASSED] - selectOptionByIndex: All options with index in [23] are selected on object 'Object Repository/lab/Page_KDMC/select_--Select--Automatic x-r'

2018-06-10 17:41:47 - [MESSAGE][PASSED] - All options with index in [23] are selected on object 'Object Repository/lab/Page_KDMC/select_--Select--Automatic x-r'

2018-06-10 17:41:47 - [TEST_STEP][PASSED] - delay: Delayed 1 second(s)

2018-06-10 17:41:48 - [MESSAGE][PASSED] - Delayed 1 second(s)

2018-06-10 17:41:48 - [TEST_STEP][PASSED] - setText: Text '10' is set on object 'Object Repository/lab/Page_KDMC/input_txttreat'

2018-06-10 17:41:48 - [MESSAGE][PASSED] - Text '10' is set on object 'Object Repository/lab/Page_KDMC/input_txttreat'

2018-06-10 17:41:48 - [TEST_STEP][PASSED] - click: Object: 'Object Repository/lab/Page_KDMC/button_Add' is clicked on

2018-06-10 17:41:48 - [MESSAGE][PASSED] - Object: 'Object Repository/lab/Page_KDMC/button_Add' is clicked on

2018-06-10 17:41:48 - [TEST_STEP][PASSED] - selectOptionByIndex: All options with index in [6] are selected on object 'Object Repository/lab/Page_KDMC/select_--Select--Schedule 4X-r'

2018-06-10 17:41:48 - [MESSAGE][PASSED] - All options with index in [6] are selected on object 'Object Repository/lab/Page_KDMC/select_--Select--Schedule 4X-r'

2018-06-10 17:41:48 - [TEST_STEP][PASSED] - delay: Delayed 1 second(s)

2018-06-10 17:41:49 - [MESSAGE][PASSED] - Delayed 1 second(s)

2018-06-10 17:41:49 - [TEST_STEP][PASSED] - selectOptionByIndex: All options with index in [24] are selected on object 'Object Repository/lab/Page_KDMC/select_--Select--Automatic x-r'

2018-06-10 17:41:50 - [MESSAGE][PASSED] - All options with index in [24] are selected on object 'Object Repository/lab/Page_KDMC/select_--Select--Automatic x-r'

2018-06-10 17:41:50 - [TEST_STEP][PASSED] - delay: Delayed 1 second(s)

2018-06-10 17:41:51 - [MESSAGE][PASSED] - Delayed 1 second(s)

2018-06-10 17:41:51 - [TEST_STEP][PASSED] - setText: Text '10' is set on object 'Object Repository/lab/Page_KDMC/input_txttreat'

2018-06-10 17:41:51 - [MESSAGE][PASSED] - Text '10' is set on object 'Object Repository/lab/Page_KDMC/input_txttreat'

2018-06-10 17:41:51 - [TEST_STEP][PASSED] - click: Object: 'Object Repository/lab/Page_KDMC/button_Add' is clicked on

2018-06-10 17:41:51 - [MESSAGE][PASSED] - Object: 'Object Repository/lab/Page_KDMC/button_Add' is clicked on

2018-06-10 17:41:51 - [TEST_STEP][PASSED] - selectOptionByIndex: All options with index in [6] are selected on object 'Object Repository/lab/Page_KDMC/select_--Select--Schedule 4X-r'

2018-06-10 17:41:51 - [MESSAGE][PASSED] - All options with index in [6] are selected on object 'Object Repository/lab/Page_KDMC/select_--Select--Schedule 4X-r'

2018-06-10 17:41:51 - [TEST_STEP][PASSED] - delay: Delayed 1 second(s)

2018-06-10 17:41:52 - [MESSAGE][PASSED] - Delayed 1 second(s)

2018-06-10 17:41:52 - [TEST_STEP][PASSED] - selectOptionByIndex: All options with index in [25] are selected on object 'Object Repository/lab/Page_KDMC/select_--Select--Automatic x-r'

2018-06-10 17:41:52 - [MESSAGE][PASSED] - All options with index in [25] are selected on object 'Object Repository/lab/Page_KDMC/select_--Select--Automatic x-r'

2018-06-10 17:41:52 - [TEST_STEP][PASSED] - delay: Delayed 1 second(s)

2018-06-10 17:41:53 - [MESSAGE][PASSED] - Delayed 1 second(s)

2018-06-10 17:41:53 - [TEST_STEP][PASSED] - setText: Text '10' is set on object 'Object Repository/lab/Page_KDMC/input_txttreat'

2018-06-10 17:41:53 - [MESSAGE][PASSED] - Text '10' is set on object 'Object Repository/lab/Page_KDMC/input_txttreat'

2018-06-10 17:41:53 - [TEST_STEP][PASSED] - click: Object: 'Object Repository/lab/Page_KDMC/button_Add' is clicked on

2018-06-10 17:41:54 - [MESSAGE][PASSED] - Object: 'Object Repository/lab/Page_KDMC/button_Add' is clicked on

2018-06-10 17:41:54 - [TEST_STEP][PASSED] - selectOptionByIndex: All options with index in [6] are selected on object 'Object Repository/lab/Page_KDMC/select_--Select--Schedule 4X-r'

2018-06-10 17:41:54 - [MESSAGE][PASSED] - All options with index in [6] are selected on object 'Object Repository/lab/Page_KDMC/select_--Select--Schedule 4X-r'

2018-06-10 17:41:54 - [TEST_STEP][PASSED] - delay: Delayed 1 second(s)

2018-06-10 17:41:55 - [MESSAGE][PASSED] - Delayed 1 second(s)

2018-06-10 17:41:55 - [TEST_STEP][PASSED] - selectOptionByIndex: All options with index in [26] are selected on object 'Object Repository/lab/Page_KDMC/select_--Select--Automatic x-r'

2018-06-10 17:41:55 - [MESSAGE][PASSED] - All options with index in [26] are selected on object 'Object Repository/lab/Page_KDMC/select_--Select--Automatic x-r'

2018-06-10 17:41:55 - [TEST_STEP][PASSED] - delay: Delayed 1 second(s)

2018-06-10 17:41:56 - [MESSAGE][PASSED] - Delayed 1 second(s)

2018-06-10 17:41:56 - [TEST_STEP][PASSED] - setText: Text '10' is set on object 'Object Repository/lab/Page_KDMC/input_txttreat'

2018-06-10 17:41:56 - [MESSAGE][PASSED] - Text '10' is set on object 'Object Repository/lab/Page_KDMC/input_txttreat'

2018-06-10 17:41:56 - [TEST_STEP][PASSED] - click: Object: 'Object Repository/lab/Page_KDMC/button_Add' is clicked on

2018-06-10 17:41:56 - [MESSAGE][PASSED] - Object: 'Object Repository/lab/Page_KDMC/button_Add' is clicked on

2018-06-10 17:41:56 - [TEST_STEP][PASSED] - selectOptionByIndex: All options with index in [6] are selected on object 'Object Repository/lab/Page_KDMC/select_--Select--Schedule 4X-r'

2018-06-10 17:41:56 - [MESSAGE][PASSED] - All options with index in [6] are selected on object 'Object Repository/lab/Page_KDMC/select_--Select--Schedule 4X-r'

2018-06-10 17:41:56 - [TEST_STEP][PASSED] - delay: Delayed 1 second(s)

2018-06-10 17:41:57 - [MESSAGE][PASSED] - Delayed 1 second(s)

2018-06-10 17:41:57 - [TEST_STEP][PASSED] - selectOptionByIndex: All options with index in [27] are selected on object 'Object Repository/lab/Page_KDMC/select_--Select--Automatic x-r'

2018-06-10 17:41:58 - [MESSAGE][PASSED] - All options with index in [27] are selected on object 'Object Repository/lab/Page_KDMC/select_--Select--Automatic x-r'

2018-06-10 17:41:58 - [TEST_STEP][PASSED] - delay: Delayed 1 second(s)

2018-06-10 17:41:59 - [MESSAGE][PASSED] - Delayed 1 second(s)

2018-06-10 17:41:59 - [TEST_STEP][PASSED] - setText: Text '10' is set on object 'Object Repository/lab/Page_KDMC/input_txttreat'

2018-06-10 17:41:59 - [MESSAGE][PASSED] - Text '10' is set on object 'Object Repository/lab/Page_KDMC/input_txttreat'

2018-06-10 17:41:59 - [TEST_STEP][PASSED] - click: Object: 'Object Repository/lab/Page_KDMC/button_Add' is clicked on

2018-06-10 17:41:59 - [MESSAGE][PASSED] - Object: 'Object Repository/lab/Page_KDMC/button_Add' is clicked on

2018-06-10 17:41:59 - [TEST_STEP][PASSED] - selectOptionByIndex: All options with index in [6] are selected on object 'Object Repository/lab/Page_KDMC/select_--Select--Schedule 4X-r'

2018-06-10 17:41:59 - [MESSAGE][PASSED] - All options with index in [6] are selected on object 'Object Repository/lab/Page_KDMC/select_--Select--Schedule 4X-r'

2018-06-10 17:41:59 - [TEST_STEP][PASSED] - delay: Delayed 1 second(s)

2018-06-10 17:42:00 - [MESSAGE][PASSED] - Delayed 1 second(s)

2018-06-10 17:42:00 - [TEST_STEP][PASSED] - selectOptionByIndex: All options with index in [28] are selected on object 'Object Repository/lab/Page_KDMC/select_--Select--Automatic x-r'

2018-06-10 17:42:01 - [MESSAGE][PASSED] - All options with index in [28] are selected on object 'Object Repository/lab/Page_KDMC/select_--Select--Automatic x-r'

2018-06-10 17:42:01 - [TEST_STEP][PASSED] - delay: Delayed 1 second(s)

2018-06-10 17:42:02 - [MESSAGE][PASSED] - Delayed 1 second(s)

2018-06-10 17:42:02 - [TEST_STEP][PASSED] - setText: Text '10' is set on object 'Object Repository/lab/Page_KDMC/input_txttreat'

2018-06-10 17:42:02 - [MESSAGE][PASSED] - Text '10' is set on object 'Object Repository/lab/Page_KDMC/input_txttreat'

2018-06-10 17:42:02 - [TEST_STEP][PASSED] - click: Object: 'Object Repository/lab/Page_KDMC/button_Add' is clicked on

2018-06-10 17:42:02 - [MESSAGE][PASSED] - Object: 'Object Repository/lab/Page_KDMC/button_Add' is clicked on

2018-06-10 17:42:02 - [TEST_STEP][PASSED] - selectOptionByIndex: All options with index in [6] are selected on object 'Object Repository/lab/Page_KDMC/select_--Select--Schedule 4X-r'

2018-06-10 17:42:02 - [MESSAGE][PASSED] - All options with index in [6] are selected on object 'Object Repository/lab/Page_KDMC/select_--Select--Schedule 4X-r'

2018-06-10 17:42:02 - [TEST_STEP][PASSED] - delay: Delayed 1 second(s)

2018-06-10 17:42:03 - [MESSAGE][PASSED] - Delayed 1 second(s)

2018-06-10 17:42:03 - [TEST_STEP][PASSED] - selectOptionByIndex: All options with index in [29] are selected on object 'Object Repository/lab/Page_KDMC/select_--Select--Automatic x-r'

2018-06-10 17:42:03 - [MESSAGE][PASSED] - All options with index in [29] are selected on object 'Object Repository/lab/Page_KDMC/select_--Select--Automatic x-r'

2018-06-10 17:42:03 - [TEST_STEP][PASSED] - delay: Delayed 1 second(s)

2018-06-10 17:42:04 - [MESSAGE][PASSED] - Delayed 1 second(s)

2018-06-10 17:42:04 - [TEST_STEP][PASSED] - setText: Text '10' is set on object 'Object Repository/lab/Page_KDMC/input_txttreat'

2018-06-10 17:42:04 - [MESSAGE][PASSED] - Text '10' is set on object 'Object Repository/lab/Page_KDMC/input_txttreat'

2018-06-10 17:42:04 - [TEST_STEP][PASSED] - click: Object: 'Object Repository/lab/Page_KDMC/button_Add' is clicked on

2018-06-10 17:42:04 - [MESSAGE][PASSED] - Object: 'Object Repository/lab/Page_KDMC/button_Add' is clicked on

2018-06-10 17:42:04 - [TEST_STEP][PASSED] - selectOptionByIndex: All options with index in [6] are selected on object 'Object Repository/lab/Page_KDMC/select_--Select--Schedule 4X-r'

2018-06-10 17:42:05 - [MESSAGE][PASSED] - All options with index in [6] are selected on object 'Object Repository/lab/Page_KDMC/select_--Select--Schedule 4X-r'

2018-06-10 17:42:05 - [TEST_STEP][PASSED] - delay: Delayed 1 second(s)

2018-06-10 17:42:06 - [MESSAGE][PASSED] - Delayed 1 second(s)

2018-06-10 17:42:06 - [TEST_STEP][PASSED] - selectOptionByIndex: All options with index in [30] are selected on object 'Object Repository/lab/Page_KDMC/select_--Select--Automatic x-r'

2018-06-10 17:42:06 - [MESSAGE][PASSED] - All options with index in [30] are selected on object 'Object Repository/lab/Page_KDMC/select_--Select--Automatic x-r'

2018-06-10 17:42:06 - [TEST_STEP][PASSED] - delay: Delayed 1 second(s)

2018-06-10 17:42:07 - [MESSAGE][PASSED] - Delayed 1 second(s)

2018-06-10 17:42:07 - [TEST_STEP][PASSED] - setText: Text '10' is set on object 'Object Repository/lab/Page_KDMC/input_txttreat'

2018-06-10 17:42:07 - [MESSAGE][PASSED] - Text '10' is set on object 'Object Repository/lab/Page_KDMC/input_txttreat'

2018-06-10 17:42:07 - [TEST_STEP][PASSED] - click: Object: 'Object Repository/lab/Page_KDMC/button_Add' is clicked on

2018-06-10 17:42:07 - [MESSAGE][PASSED] - Object: 'Object Repository/lab/Page_KDMC/button_Add' is clicked on

2018-06-10 17:42:07 - [TEST_STEP][PASSED] - selectOptionByIndex: All options with index in [6] are selected on object 'Object Repository/lab/Page_KDMC/select_--Select--Schedule 4X-r'

2018-06-10 17:42:07 - [MESSAGE][PASSED] - All options with index in [6] are selected on object 'Object Repository/lab/Page_KDMC/select_--Select--Schedule 4X-r'

2018-06-10 17:42:07 - [TEST_STEP][PASSED] - delay: Delayed 1 second(s)

2018-06-10 17:42:08 - [MESSAGE][PASSED] - Delayed 1 second(s)

2018-06-10 17:42:08 - [TEST_STEP][PASSED] - selectOptionByIndex: All options with index in [31] are selected on object 'Object Repository/lab/Page_KDMC/select_--Select--Automatic x-r'

2018-06-10 17:42:09 - [MESSAGE][PASSED] - All options with index in [31] are selected on object 'Object Repository/lab/Page_KDMC/select_--Select--Automatic x-r'

2018-06-10 17:42:09 - [TEST_STEP][PASSED] - delay: Delayed 1 second(s)

2018-06-10 17:42:10 - [MESSAGE][PASSED] - Delayed 1 second(s)

2018-06-10 17:42:10 - [TEST_STEP][PASSED] - setText: Text '10' is set on object 'Object Repository/lab/Page_KDMC/input_txttreat'

2018-06-10 17:42:10 - [MESSAGE][PASSED] - Text '10' is set on object 'Object Repository/lab/Page_KDMC/input_txttreat'

2018-06-10 17:42:10 - [TEST_STEP][PASSED] - click: Object: 'Object Repository/lab/Page_KDMC/button_Add' is clicked on

2018-06-10 17:42:10 - [MESSAGE][PASSED] - Object: 'Object Repository/lab/Page_KDMC/button_Add' is clicked on

2018-06-10 17:42:10 - [TEST_STEP][PASSED] - selectOptionByIndex: All options with index in [6] are selected on object 'Object Repository/lab/Page_KDMC/select_--Select--Schedule 4X-r'

2018-06-10 17:42:10 - [MESSAGE][PASSED] - All options with index in [6] are selected on object 'Object Repository/lab/Page_KDMC/select_--Select--Schedule 4X-r'

2018-06-10 17:42:10 - [TEST_STEP][PASSED] - delay: Delayed 1 second(s)

2018-06-10 17:42:11 - [MESSAGE][PASSED] - Delayed 1 second(s)

2018-06-10 17:42:11 - [TEST_STEP][PASSED] - selectOptionByIndex: All options with index in [32] are selected on object 'Object Repository/lab/Page_KDMC/select_--Select--Automatic x-r'

2018-06-10 17:42:12 - [MESSAGE][PASSED] - All options with index in [32] are selected on object 'Object Repository/lab/Page_KDMC/select_--Select--Automatic x-r'

2018-06-10 17:42:12 - [TEST_STEP][PASSED] - delay: Delayed 1 second(s)

2018-06-10 17:42:13 - [MESSAGE][PASSED] - Delayed 1 second(s)

2018-06-10 17:42:13 - [TEST_STEP][PASSED] - setText: Text '10' is set on object 'Object Repository/lab/Page_KDMC/input_txttreat'

2018-06-10 17:42:13 - [MESSAGE][PASSED] - Text '10' is set on object 'Object Repository/lab/Page_KDMC/input_txttreat'

2018-06-10 17:42:13 - [TEST_STEP][PASSED] - click: Object: 'Object Repository/lab/Page_KDMC/button_Add' is clicked on

2018-06-10 17:42:13 - [MESSAGE][PASSED] - Object: 'Object Repository/lab/Page_KDMC/button_Add' is clicked on

2018-06-10 17:42:13 - [TEST_STEP][PASSED] - selectOptionByIndex: All options with index in [6] are selected on object 'Object Repository/lab/Page_KDMC/select_--Select--Schedule 4X-r'

2018-06-10 17:42:13 - [MESSAGE][PASSED] - All options with index in [6] are selected on object 'Object Repository/lab/Page_KDMC/select_--Select--Schedule 4X-r'

2018-06-10 17:42:13 - [TEST_STEP][PASSED] - delay: Delayed 1 second(s)

2018-06-10 17:42:14 - [MESSAGE][PASSED] - Delayed 1 second(s)

2018-06-10 17:42:14 - [TEST_STEP][PASSED] - selectOptionByIndex: All options with index in [33] are selected on object 'Object Repository/lab/Page_KDMC/select_--Select--Automatic x-r'

2018-06-10 17:42:14 - [MESSAGE][PASSED] - All options with index in [33] are selected on object 'Object Repository/lab/Page_KDMC/select_--Select--Automatic x-r'

2018-06-10 17:42:14 - [TEST_STEP][PASSED] - delay: Delayed 1 second(s)

2018-06-10 17:42:15 - [MESSAGE][PASSED] - Delayed 1 second(s)

2018-06-10 17:42:15 - [TEST_STEP][PASSED] - setText: Text '10' is set on object 'Object Repository/lab/Page_KDMC/input_txttreat'

2018-06-10 17:42:15 - [MESSAGE][PASSED] - Text '10' is set on object 'Object Repository/lab/Page_KDMC/input_txttreat'

2018-06-10 17:42:15 - [TEST_STEP][PASSED] - click: Object: 'Object Repository/lab/Page_KDMC/button_Add' is clicked on

2018-06-10 17:42:15 - [MESSAGE][PASSED] - Object: 'Object Repository/lab/Page_KDMC/button_Add' is clicked on

2018-06-10 17:42:15 - [TEST_STEP][PASSED] - selectOptionByIndex: All options with index in [6] are selected on object 'Object Repository/lab/Page_KDMC/select_--Select--Schedule 4X-r'

2018-06-10 17:42:16 - [MESSAGE][PASSED] - All options with index in [6] are selected on object 'Object Repository/lab/Page_KDMC/select_--Select--Schedule 4X-r'

2018-06-10 17:42:16 - [TEST_STEP][PASSED] - delay: Delayed 1 second(s)

2018-06-10 17:42:17 - [MESSAGE][PASSED] - Delayed 1 second(s)

2018-06-10 17:42:17 - [TEST_STEP][PASSED] - selectOptionByIndex: All options with index in [34] are selected on object 'Object Repository/lab/Page_KDMC/select_--Select--Automatic x-r'

2018-06-10 17:42:17 - [MESSAGE][PASSED] - All options with index in [34] are selected on object 'Object Repository/lab/Page_KDMC/select_--Select--Automatic x-r'

2018-06-10 17:42:17 - [TEST_STEP][PASSED] - delay: Delayed 1 second(s)

2018-06-10 17:42:18 - [MESSAGE][PASSED] - Delayed 1 second(s)

2018-06-10 17:42:18 - [TEST_STEP][PASSED] - setText: Text '10' is set on object 'Object Repository/lab/Page_KDMC/input_txttreat'

2018-06-10 17:42:18 - [MESSAGE][PASSED] - Text '10' is set on object 'Object Repository/lab/Page_KDMC/input_txttreat'

2018-06-10 17:42:18 - [TEST_STEP][PASSED] - click: Object: 'Object Repository/lab/Page_KDMC/button_Add' is clicked on

2018-06-10 17:42:18 - [MESSAGE][PASSED] - Object: 'Object Repository/lab/Page_KDMC/button_Add' is clicked on

2018-06-10 17:42:18 - [TEST_STEP][PASSED] - selectOptionByIndex: All options with index in [6] are selected on object 'Object Repository/lab/Page_KDMC/select_--Select--Schedule 4X-r'

2018-06-10 17:42:18 - [MESSAGE][PASSED] - All options with index in [6] are selected on object 'Object Repository/lab/Page_KDMC/select_--Select--Schedule 4X-r'

2018-06-10 17:42:18 - [TEST_STEP][PASSED] - delay: Delayed 1 second(s)

2018-06-10 17:42:19 - [MESSAGE][PASSED] - Delayed 1 second(s)

2018-06-10 17:42:19 - [TEST_STEP][PASSED] - selectOptionByIndex: All options with index in [35] are selected on object 'Object Repository/lab/Page_KDMC/select_--Select--Automatic x-r'

2018-06-10 17:42:20 - [MESSAGE][PASSED] - All options with index in [35] are selected on object 'Object Repository/lab/Page_KDMC/select_--Select--Automatic x-r'

2018-06-10 17:42:20 - [TEST_STEP][PASSED] - delay: Delayed 1 second(s)

2018-06-10 17:42:21 - [MESSAGE][PASSED] - Delayed 1 second(s)

2018-06-10 17:42:21 - [TEST_STEP][PASSED] - setText: Text '10' is set on object 'Object Repository/lab/Page_KDMC/input_txttreat'

2018-06-10 17:42:21 - [MESSAGE][PASSED] - Text '10' is set on object 'Object Repository/lab/Page_KDMC/input_txttreat'

2018-06-10 17:42:21 - [TEST_STEP][PASSED] - click: Object: 'Object Repository/lab/Page_KDMC/button_Add' is clicked on

2018-06-10 17:42:21 - [MESSAGE][PASSED] - Object: 'Object Repository/lab/Page_KDMC/button_Add' is clicked on

2018-06-10 17:42:21 - [TEST_STEP][PASSED] - selectOptionByIndex: All options with index in [6] are selected on object 'Object Repository/lab/Page_KDMC/select_--Select--Schedule 4X-r'

2018-06-10 17:42:21 - [MESSAGE][PASSED] - All options with index in [6] are selected on object 'Object Repository/lab/Page_KDMC/select_--Select--Schedule 4X-r'

2018-06-10 17:42:21 - [TEST_STEP][PASSED] - delay: Delayed 1 second(s)

2018-06-10 17:42:22 - [MESSAGE][PASSED] - Delayed 1 second(s)

2018-06-10 17:42:22 - [TEST_STEP][PASSED] - selectOptionByIndex: All options with index in [36] are selected on object 'Object Repository/lab/Page_KDMC/select_--Select--Automatic x-r'

2018-06-10 17:42:23 - [MESSAGE][PASSED] - All options with index in [36] are selected on object 'Object Repository/lab/Page_KDMC/select_--Select--Automatic x-r'

2018-06-10 17:42:23 - [TEST_STEP][PASSED] - delay: Delayed 1 second(s)

2018-06-10 17:42:24 - [MESSAGE][PASSED] - Delayed 1 second(s)

2018-06-10 17:42:24 - [TEST_STEP][PASSED] - setText: Text '10' is set on object 'Object Repository/lab/Page_KDMC/input_txttreat'

2018-06-10 17:42:24 - [MESSAGE][PASSED] - Text '10' is set on object 'Object Repository/lab/Page_KDMC/input_txttreat'

2018-06-10 17:42:24 - [TEST_STEP][PASSED] - click: Object: 'Object Repository/lab/Page_KDMC/button_Add' is clicked on

2018-06-10 17:42:24 - [MESSAGE][PASSED] - Object: 'Object Repository/lab/Page_KDMC/button_Add' is clicked on

2018-06-10 17:42:24 - [TEST_STEP][PASSED] - selectOptionByIndex: All options with index in [6] are selected on object 'Object Repository/lab/Page_KDMC/select_--Select--Schedule 4X-r'

2018-06-10 17:42:24 - [MESSAGE][PASSED] - All options with index in [6] are selected on object 'Object Repository/lab/Page_KDMC/select_--Select--Schedule 4X-r'

2018-06-10 17:42:24 - [TEST_STEP][PASSED] - delay: Delayed 1 second(s)

2018-06-10 17:42:25 - [MESSAGE][PASSED] - Delayed 1 second(s)

2018-06-10 17:42:25 - [TEST_STEP][PASSED] - selectOptionByIndex: All options with index in [37] are selected on object 'Object Repository/lab/Page_KDMC/select_--Select--Automatic x-r'

2018-06-10 17:42:25 - [MESSAGE][PASSED] - All options with index in [37] are selected on object 'Object Repository/lab/Page_KDMC/select_--Select--Automatic x-r'

2018-06-10 17:42:25 - [TEST_STEP][PASSED] - delay: Delayed 1 second(s)

2018-06-10 17:42:26 - [MESSAGE][PASSED] - Delayed 1 second(s)

2018-06-10 17:42:26 - [TEST_STEP][PASSED] - setText: Text '10' is set on object 'Object Repository/lab/Page_KDMC/input_txttreat'

2018-06-10 17:42:27 - [MESSAGE][PASSED] - Text '10' is set on object 'Object Repository/lab/Page_KDMC/input_txttreat'

2018-06-10 17:42:27 - [TEST_STEP][PASSED] - click: Object: 'Object Repository/lab/Page_KDMC/button_Add' is clicked on

2018-06-10 17:42:27 - [MESSAGE][PASSED] - Object: 'Object Repository/lab/Page_KDMC/button_Add' is clicked on

2018-06-10 17:42:27 - [TEST_STEP][PASSED] - selectOptionByIndex: All options with index in [6] are selected on object 'Object Repository/lab/Page_KDMC/select_--Select--Schedule 4X-r'

2018-06-10 17:42:27 - [MESSAGE][PASSED] - All options with index in [6] are selected on object 'Object Repository/lab/Page_KDMC/select_--Select--Schedule 4X-r'

2018-06-10 17:42:27 - [TEST_STEP][PASSED] - delay: Delayed 1 second(s)

2018-06-10 17:42:28 - [MESSAGE][PASSED] - Delayed 1 second(s)

2018-06-10 17:42:28 - [TEST_STEP][PASSED] - selectOptionByIndex: All options with index in [38] are selected on object 'Object Repository/lab/Page_KDMC/select_--Select--Automatic x-r'

2018-06-10 17:42:28 - [MESSAGE][PASSED] - All options with index in [38] are selected on object 'Object Repository/lab/Page_KDMC/select_--Select--Automatic x-r'

2018-06-10 17:42:28 - [TEST_STEP][PASSED] - delay: Delayed 1 second(s)

2018-06-10 17:42:29 - [MESSAGE][PASSED] - Delayed 1 second(s)

2018-06-10 17:42:29 - [TEST_STEP][PASSED] - setText: Text '10' is set on object 'Object Repository/lab/Page_KDMC/input_txttreat'

2018-06-10 17:42:29 - [MESSAGE][PASSED] - Text '10' is set on object 'Object Repository/lab/Page_KDMC/input_txttreat'

2018-06-10 17:42:29 - [TEST_STEP][PASSED] - click: Object: 'Object Repository/lab/Page_KDMC/button_Add' is clicked on

2018-06-10 17:42:29 - [MESSAGE][PASSED] - Object: 'Object Repository/lab/Page_KDMC/button_Add' is clicked on

2018-06-10 17:42:29 - [TEST_STEP][PASSED] - selectOptionByIndex: All options with index in [6] are selected on object 'Object Repository/lab/Page_KDMC/select_--Select--Schedule 4X-r'

2018-06-10 17:42:30 - [MESSAGE][PASSED] - All options with index in [6] are selected on object 'Object Repository/lab/Page_KDMC/select_--Select--Schedule 4X-r'

2018-06-10 17:42:30 - [TEST_STEP][PASSED] - delay: Delayed 1 second(s)

2018-06-10 17:42:31 - [MESSAGE][PASSED] - Delayed 1 second(s)

2018-06-10 17:42:31 - [TEST_STEP][PASSED] - selectOptionByIndex: All options with index in [39] are selected on object 'Object Repository/lab/Page_KDMC/select_--Select--Automatic x-r'

2018-06-10 17:42:31 - [MESSAGE][PASSED] - All options with index in [39] are selected on object 'Object Repository/lab/Page_KDMC/select_--Select--Automatic x-r'

2018-06-10 17:42:31 - [TEST_STEP][PASSED] - delay: Delayed 1 second(s)

2018-06-10 17:42:32 - [MESSAGE][PASSED] - Delayed 1 second(s)

2018-06-10 17:42:32 - [TEST_STEP][PASSED] - setText: Text '10' is set on object 'Object Repository/lab/Page_KDMC/input_txttreat'

2018-06-10 17:42:32 - [MESSAGE][PASSED] - Text '10' is set on object 'Object Repository/lab/Page_KDMC/input_txttreat'

2018-06-10 17:42:32 - [TEST_STEP][PASSED] - click: Object: 'Object Repository/lab/Page_KDMC/button_Add' is clicked on

2018-06-10 17:42:32 - [MESSAGE][PASSED] - Object: 'Object Repository/lab/Page_KDMC/button_Add' is clicked on

2018-06-10 17:42:32 - [TEST_STEP][PASSED] - selectOptionByIndex: All options with index in [6] are selected on object 'Object Repository/lab/Page_KDMC/select_--Select--Schedule 4X-r'

2018-06-10 17:42:32 - [MESSAGE][PASSED] - All options with index in [6] are selected on object 'Object Repository/lab/Page_KDMC/select_--Select--Schedule 4X-r'

2018-06-10 17:42:32 - [TEST_STEP][PASSED] - delay: Delayed 1 second(s)

2018-06-10 17:42:33 - [MESSAGE][PASSED] - Delayed 1 second(s)

2018-06-10 17:42:33 - [TEST_STEP][PASSED] - selectOptionByIndex: All options with index in [40] are selected on object 'Object Repository/lab/Page_KDMC/select_--Select--Automatic x-r'

2018-06-10 17:42:34 - [MESSAGE][PASSED] - All options with index in [40] are selected on object 'Object Repository/lab/Page_KDMC/select_--Select--Automatic x-r'

2018-06-10 17:42:34 - [TEST_STEP][PASSED] - delay: Delayed 1 second(s)

2018-06-10 17:42:35 - [MESSAGE][PASSED] - Delayed 1 second(s)

2018-06-10 17:42:35 - [TEST_STEP][PASSED] - setText: Text '10' is set on object 'Object Repository/lab/Page_KDMC/input_txttreat'

2018-06-10 17:42:35 - [MESSAGE][PASSED] - Text '10' is set on object 'Object Repository/lab/Page_KDMC/input_txttreat'

2018-06-10 17:42:35 - [TEST_STEP][PASSED] - click: Object: 'Object Repository/lab/Page_KDMC/button_Add' is clicked on

2018-06-10 17:42:35 - [MESSAGE][PASSED] - Object: 'Object Repository/lab/Page_KDMC/button_Add' is clicked on

2018-06-10 17:42:35 - [TEST_STEP][PASSED] - selectOptionByIndex: All options with index in [6] are selected on object 'Object Repository/lab/Page_KDMC/select_--Select--Schedule 4X-r'

2018-06-10 17:42:35 - [MESSAGE][PASSED] - All options with index in [6] are selected on object 'Object Repository/lab/Page_KDMC/select_--Select--Schedule 4X-r'

2018-06-10 17:42:35 - [TEST_STEP][PASSED] - delay: Delayed 1 second(s)

2018-06-10 17:42:36 - [MESSAGE][PASSED] - Delayed 1 second(s)

2018-06-10 17:42:36 - [TEST_STEP][PASSED] - selectOptionByIndex: All options with index in [41] are selected on object 'Object Repository/lab/Page_KDMC/select_--Select--Automatic x-r'

2018-06-10 17:42:37 - [MESSAGE][PASSED] - All options with index in [41] are selected on object 'Object Repository/lab/Page_KDMC/select_--Select--Automatic x-r'

2018-06-10 17:42:37 - [TEST_STEP][PASSED] - delay: Delayed 1 second(s)

2018-06-10 17:42:38 - [MESSAGE][PASSED] - Delayed 1 second(s)

2018-06-10 17:42:38 - [TEST_STEP][PASSED] - setText: Text '10' is set on object 'Object Repository/lab/Page_KDMC/input_txttreat'

2018-06-10 17:42:38 - [MESSAGE][PASSED] - Text '10' is set on object 'Object Repository/lab/Page_KDMC/input_txttreat'

2018-06-10 17:42:38 - [TEST_STEP][PASSED] - click: Object: 'Object Repository/lab/Page_KDMC/button_Add' is clicked on

2018-06-10 17:42:38 - [MESSAGE][PASSED] - Object: 'Object Repository/lab/Page_KDMC/button_Add' is clicked on

2018-06-10 17:42:38 - [TEST_STEP][PASSED] - selectOptionByIndex: All options with index in [6] are selected on object 'Object Repository/lab/Page_KDMC/select_--Select--Schedule 4X-r'

2018-06-10 17:42:38 - [MESSAGE][PASSED] - All options with index in [6] are selected on object 'Object Repository/lab/Page_KDMC/select_--Select--Schedule 4X-r'

2018-06-10 17:42:38 - [TEST_STEP][PASSED] - delay: Delayed 1 second(s)

2018-06-10 17:42:39 - [MESSAGE][PASSED] - Delayed 1 second(s)

2018-06-10 17:42:39 - [TEST_STEP][PASSED] - selectOptionByIndex: All options with index in [42] are selected on object 'Object Repository/lab/Page_KDMC/select_--Select--Automatic x-r'

2018-06-10 17:42:40 - [MESSAGE][PASSED] - All options with index in [42] are selected on object 'Object Repository/lab/Page_KDMC/select_--Select--Automatic x-r'

2018-06-10 17:42:40 - [TEST_STEP][PASSED] - delay: Delayed 1 second(s)

2018-06-10 17:42:41 - [MESSAGE][PASSED] - Delayed 1 second(s)

2018-06-10 17:42:41 - [TEST_STEP][PASSED] - setText: Text '10' is set on object 'Object Repository/lab/Page_KDMC/input_txttreat'

2018-06-10 17:42:41 - [MESSAGE][PASSED] - Text '10' is set on object 'Object Repository/lab/Page_KDMC/input_txttreat'

2018-06-10 17:42:41 - [TEST_STEP][PASSED] - click: Object: 'Object Repository/lab/Page_KDMC/button_Add' is clicked on

2018-06-10 17:42:41 - [MESSAGE][PASSED] - Object: 'Object Repository/lab/Page_KDMC/button_Add' is clicked on

2018-06-10 17:42:41 - [TEST_STEP][PASSED] - selectOptionByIndex: All options with index in [6] are selected on object 'Object Repository/lab/Page_KDMC/select_--Select--Schedule 4X-r'

2018-06-10 17:42:41 - [MESSAGE][PASSED] - All options with index in [6] are selected on object 'Object Repository/lab/Page_KDMC/select_--Select--Schedule 4X-r'

2018-06-10 17:42:41 - [TEST_STEP][PASSED] - delay: Delayed 1 second(s)

2018-06-10 17:42:42 - [MESSAGE][PASSED] - Delayed 1 second(s)

2018-06-10 17:42:42 - [TEST_STEP][PASSED] - selectOptionByIndex: All options with index in [43] are selected on object 'Object Repository/lab/Page_KDMC/select_--Select--Automatic x-r'

2018-06-10 17:42:43 - [MESSAGE][PASSED] - All options with index in [43] are selected on object 'Object Repository/lab/Page_KDMC/select_--Select--Automatic x-r'

2018-06-10 17:42:43 - [TEST_STEP][PASSED] - delay: Delayed 1 second(s)

2018-06-10 17:42:44 - [MESSAGE][PASSED] - Delayed 1 second(s)

2018-06-10 17:42:44 - [TEST_STEP][PASSED] - setText: Text '10' is set on object 'Object Repository/lab/Page_KDMC/input_txttreat'

2018-06-10 17:42:44 - [MESSAGE][PASSED] - Text '10' is set on object 'Object Repository/lab/Page_KDMC/input_txttreat'

2018-06-10 17:42:44 - [TEST_STEP][PASSED] - click: Object: 'Object Repository/lab/Page_KDMC/button_Add' is clicked on

2018-06-10 17:42:44 - [MESSAGE][PASSED] - Object: 'Object Repository/lab/Page_KDMC/button_Add' is clicked on

2018-06-10 17:42:44 - [TEST_STEP][PASSED] - selectOptionByIndex: All options with index in [6] are selected on object 'Object Repository/lab/Page_KDMC/select_--Select--Schedule 4X-r'

2018-06-10 17:42:44 - [MESSAGE][PASSED] - All options with index in [6] are selected on object 'Object Repository/lab/Page_KDMC/select_--Select--Schedule 4X-r'

2018-06-10 17:42:44 - [TEST_STEP][PASSED] - delay: Delayed 1 second(s)

2018-06-10 17:42:45 - [MESSAGE][PASSED] - Delayed 1 second(s)

2018-06-10 17:42:45 - [TEST_STEP][PASSED] - selectOptionByIndex: All options with index in [44] are selected on object 'Object Repository/lab/Page_KDMC/select_--Select--Automatic x-r'

2018-06-10 17:42:45 - [MESSAGE][PASSED] - All options with index in [44] are selected on object 'Object Repository/lab/Page_KDMC/select_--Select--Automatic x-r'

2018-06-10 17:42:45 - [TEST_STEP][PASSED] - delay: Delayed 1 second(s)

2018-06-10 17:42:46 - [MESSAGE][PASSED] - Delayed 1 second(s)

2018-06-10 17:42:46 - [TEST_STEP][PASSED] - setText: Text '10' is set on object 'Object Repository/lab/Page_KDMC/input_txttreat'

2018-06-10 17:42:46 - [MESSAGE][PASSED] - Text '10' is set on object 'Object Repository/lab/Page_KDMC/input_txttreat'

2018-06-10 17:42:46 - [TEST_STEP][PASSED] - click: Object: 'Object Repository/lab/Page_KDMC/button_Add' is clicked on

2018-06-10 17:42:47 - [MESSAGE][PASSED] - Object: 'Object Repository/lab/Page_KDMC/button_Add' is clicked on

2018-06-10 17:42:47 - [TEST_STEP][PASSED] - selectOptionByIndex: All options with index in [6] are selected on object 'Object Repository/lab/Page_KDMC/select_--Select--Schedule 4X-r'

2018-06-10 17:42:47 - [MESSAGE][PASSED] - All options with index in [6] are selected on object 'Object Repository/lab/Page_KDMC/select_--Select--Schedule 4X-r'

2018-06-10 17:42:47 - [TEST_STEP][PASSED] - delay: Delayed 1 second(s)

2018-06-10 17:42:48 - [MESSAGE][PASSED] - Delayed 1 second(s)

2018-06-10 17:42:48 - [TEST_STEP][PASSED] - selectOptionByIndex: All options with index in [45] are selected on object 'Object Repository/lab/Page_KDMC/select_--Select--Automatic x-r'

2018-06-10 17:42:48 - [MESSAGE][PASSED] - All options with index in [45] are selected on object 'Object Repository/lab/Page_KDMC/select_--Select--Automatic x-r'

2018-06-10 17:42:48 - [TEST_STEP][PASSED] - delay: Delayed 1 second(s)

2018-06-10 17:42:49 - [MESSAGE][PASSED] - Delayed 1 second(s)

2018-06-10 17:42:49 - [TEST_STEP][PASSED] - setText: Text '10' is set on object 'Object Repository/lab/Page_KDMC/input_txttreat'

2018-06-10 17:42:49 - [MESSAGE][PASSED] - Text '10' is set on object 'Object Repository/lab/Page_KDMC/input_txttreat'

2018-06-10 17:42:49 - [TEST_STEP][PASSED] - click: Object: 'Object Repository/lab/Page_KDMC/button_Add' is clicked on

2018-06-10 17:42:49 - [MESSAGE][PASSED] - Object: 'Object Repository/lab/Page_KDMC/button_Add' is clicked on

2018-06-10 17:42:49 - [TEST_STEP][PASSED] - selectOptionByIndex: All options with index in [6] are selected on object 'Object Repository/lab/Page_KDMC/select_--Select--Schedule 4X-r'

2018-06-10 17:42:50 - [MESSAGE][PASSED] - All options with index in [6] are selected on object 'Object Repository/lab/Page_KDMC/select_--Select--Schedule 4X-r'

2018-06-10 17:42:50 - [TEST_STEP][PASSED] - delay: Delayed 1 second(s)

2018-06-10 17:42:51 - [MESSAGE][PASSED] - Delayed 1 second(s)

2018-06-10 17:42:51 - [TEST_STEP][PASSED] - selectOptionByIndex: All options with index in [46] are selected on object 'Object Repository/lab/Page_KDMC/select_--Select--Automatic x-r'

2018-06-10 17:42:51 - [MESSAGE][PASSED] - All options with index in [46] are selected on object 'Object Repository/lab/Page_KDMC/select_--Select--Automatic x-r'

2018-06-10 17:42:51 - [TEST_STEP][PASSED] - delay: Delayed 1 second(s)

2018-06-10 17:42:52 - [MESSAGE][PASSED] - Delayed 1 second(s)

2018-06-10 17:42:52 - [TEST_STEP][PASSED] - setText: Text '10' is set on object 'Object Repository/lab/Page_KDMC/input_txttreat'

2018-06-10 17:42:52 - [MESSAGE][PASSED] - Text '10' is set on object 'Object Repository/lab/Page_KDMC/input_txttreat'

2018-06-10 17:42:52 - [TEST_STEP][PASSED] - click: Object: 'Object Repository/lab/Page_KDMC/button_Add' is clicked on

2018-06-10 17:42:52 - [MESSAGE][PASSED] - Object: 'Object Repository/lab/Page_KDMC/button_Add' is clicked on

2018-06-10 17:42:52 - [TEST_STEP][PASSED] - selectOptionByIndex: All options with index in [6] are selected on object 'Object Repository/lab/Page_KDMC/select_--Select--Schedule 4X-r'

2018-06-10 17:42:53 - [MESSAGE][PASSED] - All options with index in [6] are selected on object 'Object Repository/lab/Page_KDMC/select_--Select--Schedule 4X-r'

2018-06-10 17:42:53 - [TEST_STEP][PASSED] - delay: Delayed 1 second(s)

2018-06-10 17:42:54 - [MESSAGE][PASSED] - Delayed 1 second(s)

2018-06-10 17:42:54 - [TEST_STEP][PASSED] - selectOptionByIndex: All options with index in [47] are selected on object 'Object Repository/lab/Page_KDMC/select_--Select--Automatic x-r'

2018-06-10 17:42:54 - [MESSAGE][PASSED] - All options with index in [47] are selected on object 'Object Repository/lab/Page_KDMC/select_--Select--Automatic x-r'

2018-06-10 17:42:54 - [TEST_STEP][PASSED] - delay: Delayed 1 second(s)

2018-06-10 17:42:55 - [MESSAGE][PASSED] - Delayed 1 second(s)

2018-06-10 17:42:55 - [TEST_STEP][PASSED] - setText: Text '10' is set on object 'Object Repository/lab/Page_KDMC/input_txttreat'

2018-06-10 17:42:55 - [MESSAGE][PASSED] - Text '10' is set on object 'Object Repository/lab/Page_KDMC/input_txttreat'

2018-06-10 17:42:55 - [TEST_STEP][PASSED] - click: Object: 'Object Repository/lab/Page_KDMC/button_Add' is clicked on

2018-06-10 17:42:55 - [MESSAGE][PASSED] - Object: 'Object Repository/lab/Page_KDMC/button_Add' is clicked on

2018-06-10 17:42:55 - [TEST_STEP][PASSED] - selectOptionByIndex: All options with index in [6] are selected on object 'Object Repository/lab/Page_KDMC/select_--Select--Schedule 4X-r'

2018-06-10 17:42:55 - [MESSAGE][PASSED] - All options with index in [6] are selected on object 'Object Repository/lab/Page_KDMC/select_--Select--Schedule 4X-r'

2018-06-10 17:42:55 - [TEST_STEP][PASSED] - delay: Delayed 1 second(s)

2018-06-10 17:42:56 - [MESSAGE][PASSED] - Delayed 1 second(s)

2018-06-10 17:42:56 - [TEST_STEP][PASSED] - selectOptionByIndex: All options with index in [48] are selected on object 'Object Repository/lab/Page_KDMC/select_--Select--Automatic x-r'

2018-06-10 17:42:57 - [MESSAGE][PASSED] - All options with index in [48] are selected on object 'Object Repository/lab/Page_KDMC/select_--Select--Automatic x-r'

2018-06-10 17:42:57 - [TEST_STEP][PASSED] - delay: Delayed 1 second(s)

2018-06-10 17:42:58 - [MESSAGE][PASSED] - Delayed 1 second(s)

2018-06-10 17:42:58 - [TEST_STEP][PASSED] - setText: Text '10' is set on object 'Object Repository/lab/Page_KDMC/input_txttreat'

2018-06-10 17:42:58 - [MESSAGE][PASSED] - Text '10' is set on object 'Object Repository/lab/Page_KDMC/input_txttreat'

2018-06-10 17:42:58 - [TEST_STEP][PASSED] - click: Object: 'Object Repository/lab/Page_KDMC/button_Add' is clicked on

2018-06-10 17:42:58 - [MESSAGE][PASSED] - Object: 'Object Repository/lab/Page_KDMC/button_Add' is clicked on

2018-06-10 17:42:58 - [TEST_STEP][PASSED] - selectOptionByIndex: All options with index in [6] are selected on object 'Object Repository/lab/Page_KDMC/select_--Select--Schedule 4X-r'

2018-06-10 17:42:58 - [MESSAGE][PASSED] - All options with index in [6] are selected on object 'Object Repository/lab/Page_KDMC/select_--Select--Schedule 4X-r'

2018-06-10 17:42:58 - [TEST_STEP][PASSED] - delay: Delayed 1 second(s)

2018-06-10 17:42:59 - [MESSAGE][PASSED] - Delayed 1 second(s)

2018-06-10 17:42:59 - [TEST_STEP][PASSED] - selectOptionByIndex: All options with index in [49] are selected on object 'Object Repository/lab/Page_KDMC/select_--Select--Automatic x-r'

2018-06-10 17:43:00 - [MESSAGE][PASSED] - All options with index in [49] are selected on object 'Object Repository/lab/Page_KDMC/select_--Select--Automatic x-r'

2018-06-10 17:43:00 - [TEST_STEP][PASSED] - delay: Delayed 1 second(s)

2018-06-10 17:43:01 - [MESSAGE][PASSED] - Delayed 1 second(s)

2018-06-10 17:43:01 - [TEST_STEP][FAILED] - setText: Unable to set text '10' of object 'Object Repository/lab/Page_KDMC/input_txttreat' (Root cause: org.openqa.selenium.WebDriverException: unknown error: cannot focus element
  (Session info: chrome=66.0.3359.181)
  (Driver info: chromedriver=2.35.528161 (5b82f2d2aae0ca24b877009200ced9065a772e73),platform=Windows NT 10.0.17134 x86_64) (WARNING: The server did not provide any stacktrace information)
Command duration or timeout: 0 milliseconds
Build info: version: '3.7.1', revision: '8a0099a', time: '2017-11-06T21:07:36.161Z'
System info: host: 'DESKTOP-BLFTK83', ip: '169.254.189.85', os.name: 'Windows 10', os.arch: 'amd64', os.version: '10.0', java.version: '1.8.0_102'
Driver info: com.kms.katalon.selenium.driver.CChromeDriver
Capabilities {acceptInsecureCerts: false, acceptSslCerts: false, applicationCacheEnabled: false, browserConnectionEnabled: false, browserName: chrome, chrome: {chromedriverVersion: 2.35.528161 (5b82f2d2aae0ca..., userDataDir: C:\Users\QUALIT~1\AppData\L...}, cssSelectorsEnabled: true, databaseEnabled: false, handlesAlerts: true, hasTouchScreen: false, javascriptEnabled: true, locationContextEnabled: true, mobileEmulationEnabled: false, nativeEvents: true, networkConnectionEnabled: false, pageLoadStrategy: normal, platform: XP, platformName: XP, rotatable: false, setWindowRect: true, takesHeapSnapshot: true, takesScreenshot: true, unexpectedAlertBehaviour: , unhandledPromptBehavior: , version: 66.0.3359.181, webStorageEnabled: true}
Session ID: e73b38d5d4a3d5894b11a589656376a0)

2018-06-10 17:43:01 - [MESSAGE][FAILED] - Unable to set text '10' of object 'Object Repository/lab/Page_KDMC/input_txttreat' (Root cause: org.openqa.selenium.WebDriverException: unknown error: cannot focus element
  (Session info: chrome=66.0.3359.181)
  (Driver info: chromedriver=2.35.528161 (5b82f2d2aae0ca24b877009200ced9065a772e73),platform=Windows NT 10.0.17134 x86_64) (WARNING: The server did not provide any stacktrace information)
Command duration or timeout: 0 milliseconds
Build info: version: '3.7.1', revision: '8a0099a', time: '2017-11-06T21:07:36.161Z'
System info: host: 'DESKTOP-BLFTK83', ip: '169.254.189.85', os.name: 'Windows 10', os.arch: 'amd64', os.version: '10.0', java.version: '1.8.0_102'
Driver info: com.kms.katalon.selenium.driver.CChromeDriver
Capabilities {acceptInsecureCerts: false, acceptSslCerts: false, applicationCacheEnabled: false, browserConnectionEnabled: false, browserName: chrome, chrome: {chromedriverVersion: 2.35.528161 (5b82f2d2aae0ca..., userDataDir: C:\Users\QUALIT~1\AppData\L...}, cssSelectorsEnabled: true, databaseEnabled: false, handlesAlerts: true, hasTouchScreen: false, javascriptEnabled: true, locationContextEnabled: true, mobileEmulationEnabled: false, nativeEvents: true, networkConnectionEnabled: false, pageLoadStrategy: normal, platform: XP, platformName: XP, rotatable: false, setWindowRect: true, takesHeapSnapshot: true, takesScreenshot: true, unexpectedAlertBehaviour: , unhandledPromptBehavior: , version: 66.0.3359.181, webStorageEnabled: true}
Session ID: e73b38d5d4a3d5894b11a589656376a0)
[[ATTACHMENT|C:\\Users\\Quality Analyst\\Katalon Studio\\ds\\Reports\\Investigation_Suite\\20180610_144650\\1528632781531.png]]]]></system-out>
         <system-err><![CDATA[2018-06-10 17:40:35 - [TEST_CASE][FAILED] - Test Cases/INVESTIGATION TEST CASES/TC_INV_006 Verify Schedule 11 Investigation Request Are Working Successfully Or No: Test Cases/INVESTIGATION TEST CASES/TC_INV_006 Verify Schedule 11 Investigation Request Are Working Successfully Or No FAILED because (of) Unable to set text '10' of object 'Object Repository/lab/Page_KDMC/input_txttreat' (Root cause: org.openqa.selenium.WebDriverException: unknown error: cannot focus element
  (Session info: chrome=66.0.3359.181)
  (Driver info: chromedriver=2.35.528161 (5b82f2d2aae0ca24b877009200ced9065a772e73),platform=Windows NT 10.0.17134 x86_64) (WARNING: The server did not provide any stacktrace information)
Command duration or timeout: 0 milliseconds
Build info: version: '3.7.1', revision: '8a0099a', time: '2017-11-06T21:07:36.161Z'
System info: host: 'DESKTOP-BLFTK83', ip: '169.254.189.85', os.name: 'Windows 10', os.arch: 'amd64', os.version: '10.0', java.version: '1.8.0_102'
Driver info: com.kms.katalon.selenium.driver.CChromeDriver
Capabilities {acceptInsecureCerts: false, acceptSslCerts: false, applicationCacheEnabled: false, browserConnectionEnabled: false, browserName: chrome, chrome: {chromedriverVersion: 2.35.528161 (5b82f2d2aae0ca..., userDataDir: C:\Users\QUALIT~1\AppData\L...}, cssSelectorsEnabled: true, databaseEnabled: false, handlesAlerts: true, hasTouchScreen: false, javascriptEnabled: true, locationContextEnabled: true, mobileEmulationEnabled: false, nativeEvents: true, networkConnectionEnabled: false, pageLoadStrategy: normal, platform: XP, platformName: XP, rotatable: false, setWindowRect: true, takesHeapSnapshot: true, takesScreenshot: true, unexpectedAlertBehaviour: , unhandledPromptBehavior: , version: 66.0.3359.181, webStorageEnabled: true}
Session ID: e73b38d5d4a3d5894b11a589656376a0)]]></system-err>
      </testcase>
      <system-out><![CDATA[2018-06-10 17:26:58 - [TEST_SUITE][FAILED] - Investigation_Suite: Test Cases/INVESTIGATION TEST CASES/TC_INV_006 Verify Schedule 11 Investigation Request Are Working Successfully Or No FAILED because (of) Unable to set text '10' of object 'Object Repository/lab/Page_KDMC/input_txttreat' (Root cause: org.openqa.selenium.WebDriverException: unknown error: cannot focus element
  (Session info: chrome=66.0.3359.181)
  (Driver info: chromedriver=2.35.528161 (5b82f2d2aae0ca24b877009200ced9065a772e73),platform=Windows NT 10.0.17134 x86_64) (WARNING: The server did not provide any stacktrace information)
Command duration or timeout: 0 milliseconds
Build info: version: '3.7.1', revision: '8a0099a', time: '2017-11-06T21:07:36.161Z'
System info: host: 'DESKTOP-BLFTK83', ip: '169.254.189.85', os.name: 'Windows 10', os.arch: 'amd64', os.version: '10.0', java.version: '1.8.0_102'
Driver info: com.kms.katalon.selenium.driver.CChromeDriver
Capabilities {acceptInsecureCerts: false, acceptSslCerts: false, applicationCacheEnabled: false, browserConnectionEnabled: false, browserName: chrome, chrome: {chromedriverVersion: 2.35.528161 (5b82f2d2aae0ca..., userDataDir: C:\Users\QUALIT~1\AppData\L...}, cssSelectorsEnabled: true, databaseEnabled: false, handlesAlerts: true, hasTouchScreen: false, javascriptEnabled: true, locationContextEnabled: true, mobileEmulationEnabled: false, nativeEvents: true, networkConnectionEnabled: false, pageLoadStrategy: normal, platform: XP, platformName: XP, rotatable: false, setWindowRect: true, takesHeapSnapshot: true, takesScreenshot: true, unexpectedAlertBehaviour: , unhandledPromptBehavior: , version: 66.0.3359.181, webStorageEnabled: true}
Session ID: e73b38d5d4a3d5894b11a589656376a0)]]></system-out>
      <system-err><![CDATA[2018-06-10 17:26:58 - [TEST_SUITE][FAILED] - Investigation_Suite: Test Cases/INVESTIGATION TEST CASES/TC_INV_006 Verify Schedule 11 Investigation Request Are Working Successfully Or No FAILED because (of) Unable to set text '10' of object 'Object Repository/lab/Page_KDMC/input_txttreat' (Root cause: org.openqa.selenium.WebDriverException: unknown error: cannot focus element
  (Session info: chrome=66.0.3359.181)
  (Driver info: chromedriver=2.35.528161 (5b82f2d2aae0ca24b877009200ced9065a772e73),platform=Windows NT 10.0.17134 x86_64) (WARNING: The server did not provide any stacktrace information)
Command duration or timeout: 0 milliseconds
Build info: version: '3.7.1', revision: '8a0099a', time: '2017-11-06T21:07:36.161Z'
System info: host: 'DESKTOP-BLFTK83', ip: '169.254.189.85', os.name: 'Windows 10', os.arch: 'amd64', os.version: '10.0', java.version: '1.8.0_102'
Driver info: com.kms.katalon.selenium.driver.CChromeDriver
Capabilities {acceptInsecureCerts: false, acceptSslCerts: false, applicationCacheEnabled: false, browserConnectionEnabled: false, browserName: chrome, chrome: {chromedriverVersion: 2.35.528161 (5b82f2d2aae0ca..., userDataDir: C:\Users\QUALIT~1\AppData\L...}, cssSelectorsEnabled: true, databaseEnabled: false, handlesAlerts: true, hasTouchScreen: false, javascriptEnabled: true, locationContextEnabled: true, mobileEmulationEnabled: false, nativeEvents: true, networkConnectionEnabled: false, pageLoadStrategy: normal, platform: XP, platformName: XP, rotatable: false, setWindowRect: true, takesHeapSnapshot: true, takesScreenshot: true, unexpectedAlertBehaviour: , unhandledPromptBehavior: , version: 66.0.3359.181, webStorageEnabled: true}
Session ID: e73b38d5d4a3d5894b11a589656376a0)]]></system-err>
   </testsuite>
</testsuites>
